<?xml version="1.0" encoding="utf-8"?><testsuite errors="0" failures="0" name="pytest" skips="6415" tests="12830" time="1146.241"><testcase classname="src.pymortests.affine_grid" file="src/pymortests/affine_grid.py" line="24" name="test_reference_element_wrong_arguments[&lt;lambda&gt;0]" time="0.0009405612945556641"><skipped message="Suite splitting in effect" type="pytest.skip">src/pymortests/affine_grid.py:24: Suite splitting in effect</skipped></testcase><testcase classname="src.pymortests.affine_grid" file="src/pymortests/affine_grid.py" line="24" name="test_reference_element_wrong_arguments[&lt;lambda&gt;1]" time="0.00047397613525390625"><skipped message="Suite splitting in effect" type="pytest.skip">src/pymortests/affine_grid.py:24: Suite splitting in effect</skipped></testcase><testcase classname="src.pymortests.affine_grid" file="src/pymortests/affine_grid.py" line="24" name="test_reference_element_wrong_arguments[&lt;lambda&gt;2]" time="0.0004558563232421875"><skipped message="Suite splitting in effect" type="pytest.skip">src/pymortests/affine_grid.py:24: Suite splitting in effect</skipped></testcase><testcase classname="src.pymortests.affine_grid" file="src/pymortests/affine_grid.py" line="24" name="test_reference_element_wrong_arguments[&lt;lambda&gt;3]" time="0.0004343986511230469"><skipped message="Suite splitting in effect" type="pytest.skip">src/pymortests/affine_grid.py:24: Suite splitting in effect</skipped></testcase><testcase classname="src.pymortests.affine_grid" file="src/pymortests/affine_grid.py" line="24" name="test_reference_element_wrong_arguments[&lt;lambda&gt;4]" time="0.00043487548828125"><skipped message="Suite splitting in effect" type="pytest.skip">src/pymortests/affine_grid.py:24: Suite splitting in effect</skipped></testcase><testcase classname="src.pymortests.affine_grid" file="src/pymortests/affine_grid.py" line="24" name="test_reference_element_wrong_arguments[&lt;lambda&gt;5]" time="0.0004143714904785156"><skipped message="Suite splitting in effect" type="pytest.skip">src/pymortests/affine_grid.py:24: Suite splitting in effect</skipped></testcase><testcase classname="src.pymortests.affine_grid" file="src/pymortests/affine_grid.py" line="24" name="test_reference_element_wrong_arguments[&lt;lambda&gt;6]" time="0.0004515647888183594"><skipped message="Suite splitting in effect" type="pytest.skip">src/pymortests/affine_grid.py:24: Suite splitting in effect</skipped></testcase><testcase classname="src.pymortests.affine_grid" file="src/pymortests/affine_grid.py" line="24" name="test_reference_element_wrong_arguments[&lt;lambda&gt;7]" time="0.0004169940948486328"><skipped message="Suite splitting in effect" type="pytest.skip">src/pymortests/affine_grid.py:24: Suite splitting in effect</skipped></testcase><testcase classname="src.pymortests.affine_grid" file="src/pymortests/affine_grid.py" line="24" name="test_reference_element_wrong_arguments[&lt;lambda&gt;8]" time="0.00040984153747558594"><skipped message="Suite splitting in effect" type="pytest.skip">src/pymortests/affine_grid.py:24: Suite splitting in effect</skipped></testcase><testcase classname="src.pymortests.affine_grid" file="src/pymortests/affine_grid.py" line="24" name="test_reference_element_wrong_arguments[&lt;lambda&gt;9]" time="0.0004150867462158203"><skipped message="Suite splitting in effect" type="pytest.skip">src/pymortests/affine_grid.py:24: Suite splitting in effect</skipped></testcase><testcase classname="src.pymortests.affine_grid" file="src/pymortests/affine_grid.py" line="24" name="test_reference_element_wrong_arguments[&lt;lambda&gt;10]" time="0.0005068778991699219"><skipped message="Suite splitting in effect" type="pytest.skip">src/pymortests/affine_grid.py:24: Suite splitting in effect</skipped></testcase><testcase classname="src.pymortests.affine_grid" file="src/pymortests/affine_grid.py" line="24" name="test_reference_element_wrong_arguments[&lt;lambda&gt;11]" time="0.0006279945373535156"><skipped message="Suite splitting in effect" type="pytest.skip">src/pymortests/affine_grid.py:24: Suite splitting in effect</skipped></testcase><testcase classname="src.pymortests.affine_grid" file="src/pymortests/affine_grid.py" line="24" name="test_reference_element_wrong_arguments[&lt;lambda&gt;12]" time="0.00042819976806640625"><skipped message="Suite splitting in effect" type="pytest.skip">src/pymortests/affine_grid.py:24: Suite splitting in effect</skipped></testcase><testcase classname="src.pymortests.affine_grid" file="src/pymortests/affine_grid.py" line="24" name="test_reference_element_wrong_arguments[&lt;lambda&gt;13]" time="0.00042319297790527344"><skipped message="Suite splitting in effect" type="pytest.skip">src/pymortests/affine_grid.py:24: Suite splitting in effect</skipped></testcase><testcase classname="src.pymortests.affine_grid" file="src/pymortests/affine_grid.py" line="24" name="test_reference_element_wrong_arguments[&lt;lambda&gt;14]" time="0.00040984153747558594"><skipped message="Suite splitting in effect" type="pytest.skip">src/pymortests/affine_grid.py:24: Suite splitting in effect</skipped></testcase><testcase classname="src.pymortests.affine_grid" file="src/pymortests/affine_grid.py" line="24" name="test_reference_element_wrong_arguments[&lt;lambda&gt;15]" time="0.0004177093505859375"><skipped message="Suite splitting in effect" type="pytest.skip">src/pymortests/affine_grid.py:24: Suite splitting in effect</skipped></testcase><testcase classname="src.pymortests.affine_grid" file="src/pymortests/affine_grid.py" line="24" name="test_reference_element_wrong_arguments[&lt;lambda&gt;16]" time="0.00042366981506347656"><skipped message="Suite splitting in effect" type="pytest.skip">src/pymortests/affine_grid.py:24: Suite splitting in effect</skipped></testcase><testcase classname="src.pymortests.affine_grid" file="src/pymortests/affine_grid.py" line="24" name="test_reference_element_wrong_arguments[&lt;lambda&gt;17]" time="0.0004432201385498047"><skipped message="Suite splitting in effect" type="pytest.skip">src/pymortests/affine_grid.py:24: Suite splitting in effect</skipped></testcase><testcase classname="src.pymortests.affine_grid" file="src/pymortests/affine_grid.py" line="24" name="test_reference_element_wrong_arguments[&lt;lambda&gt;18]" time="0.0004360675811767578"><skipped message="Suite splitting in effect" type="pytest.skip">src/pymortests/affine_grid.py:24: Suite splitting in effect</skipped></testcase><testcase classname="src.pymortests.affine_grid" file="src/pymortests/affine_grid.py" line="24" name="test_reference_element_wrong_arguments[&lt;lambda&gt;19]" time="0.0005049705505371094"><skipped message="Suite splitting in effect" type="pytest.skip">src/pymortests/affine_grid.py:24: Suite splitting in effect</skipped></testcase><testcase classname="src.pymortests.affine_grid" file="src/pymortests/affine_grid.py" line="24" name="test_reference_element_wrong_arguments[&lt;lambda&gt;20]" time="0.00040149688720703125"><skipped message="Suite splitting in effect" type="pytest.skip">src/pymortests/affine_grid.py:24: Suite splitting in effect</skipped></testcase><testcase classname="src.pymortests.affine_grid" file="src/pymortests/affine_grid.py" line="24" name="test_reference_element_wrong_arguments[&lt;lambda&gt;21]" time="0.0004246234893798828"><skipped message="Suite splitting in effect" type="pytest.skip">src/pymortests/affine_grid.py:24: Suite splitting in effect</skipped></testcase><testcase classname="src.pymortests.affine_grid" file="src/pymortests/affine_grid.py" line="24" name="test_reference_element_wrong_arguments[&lt;lambda&gt;22]" time="0.00040602684020996094"><skipped message="Suite splitting in effect" type="pytest.skip">src/pymortests/affine_grid.py:24: Suite splitting in effect</skipped></testcase><testcase classname="src.pymortests.affine_grid" file="src/pymortests/affine_grid.py" line="24" name="test_reference_element_wrong_arguments[&lt;lambda&gt;23]" time="0.0004267692565917969"><skipped message="Suite splitting in effect" type="pytest.skip">src/pymortests/affine_grid.py:24: Suite splitting in effect</skipped></testcase><testcase classname="src.pymortests.affine_grid" file="src/pymortests/affine_grid.py" line="24" name="test_reference_element_wrong_arguments[&lt;lambda&gt;24]" time="0.00040841102600097656"><skipped message="Suite splitting in effect" type="pytest.skip">src/pymortests/affine_grid.py:24: Suite splitting in effect</skipped></testcase><testcase classname="src.pymortests.affine_grid" file="src/pymortests/affine_grid.py" line="24" name="test_reference_element_wrong_arguments[&lt;lambda&gt;25]" time="0.0004603862762451172"><skipped message="Suite splitting in effect" type="pytest.skip">src/pymortests/affine_grid.py:24: Suite splitting in effect</skipped></testcase><testcase classname="src.pymortests.affine_grid" file="src/pymortests/affine_grid.py" line="24" name="test_reference_element_wrong_arguments[&lt;lambda&gt;26]" time="0.0004265308380126953"><skipped message="Suite splitting in effect" type="pytest.skip">src/pymortests/affine_grid.py:24: Suite splitting in effect</skipped></testcase><testcase classname="src.pymortests.affine_grid" file="src/pymortests/affine_grid.py" line="24" name="test_reference_element_wrong_arguments[&lt;lambda&gt;27]" time="0.0004394054412841797"><skipped message="Suite splitting in effect" type="pytest.skip">src/pymortests/affine_grid.py:24: Suite splitting in effect</skipped></testcase><testcase classname="src.pymortests.affine_grid" file="src/pymortests/affine_grid.py" line="24" name="test_reference_element_wrong_arguments[&lt;lambda&gt;28]" time="0.0004208087921142578"><skipped message="Suite splitting in effect" type="pytest.skip">src/pymortests/affine_grid.py:24: Suite splitting in effect</skipped></testcase><testcase classname="src.pymortests.affine_grid" file="src/pymortests/affine_grid.py" line="24" name="test_reference_element_wrong_arguments[&lt;lambda&gt;29]" time="0.0004458427429199219"><skipped message="Suite splitting in effect" type="pytest.skip">src/pymortests/affine_grid.py:24: Suite splitting in effect</skipped></testcase><testcase classname="src.pymortests.affine_grid" file="src/pymortests/affine_grid.py" line="24" name="test_reference_element_wrong_arguments[&lt;lambda&gt;30]" time="0.0004112720489501953"><skipped message="Suite splitting in effect" type="pytest.skip">src/pymortests/affine_grid.py:24: Suite splitting in effect</skipped></testcase><testcase classname="src.pymortests.affine_grid" file="src/pymortests/affine_grid.py" line="24" name="test_reference_element_wrong_arguments[&lt;lambda&gt;31]" time="0.0004210472106933594"><skipped message="Suite splitting in effect" type="pytest.skip">src/pymortests/affine_grid.py:24: Suite splitting in effect</skipped></testcase><testcase classname="src.pymortests.affine_grid" file="src/pymortests/affine_grid.py" line="24" name="test_reference_element_wrong_arguments[&lt;lambda&gt;32]" time="0.0006072521209716797"><skipped message="Suite splitting in effect" type="pytest.skip">src/pymortests/affine_grid.py:24: Suite splitting in effect</skipped></testcase><testcase classname="src.pymortests.affine_grid" file="src/pymortests/affine_grid.py" line="24" name="test_reference_element_wrong_arguments[&lt;lambda&gt;33]" time="0.0004203319549560547"><skipped message="Suite splitting in effect" type="pytest.skip">src/pymortests/affine_grid.py:24: Suite splitting in effect</skipped></testcase><testcase classname="src.pymortests.affine_grid" file="src/pymortests/affine_grid.py" line="24" name="test_reference_element_wrong_arguments[&lt;lambda&gt;34]" time="0.0004172325134277344"><skipped message="Suite splitting in effect" type="pytest.skip">src/pymortests/affine_grid.py:24: Suite splitting in effect</skipped></testcase><testcase classname="src.pymortests.affine_grid" file="src/pymortests/affine_grid.py" line="24" name="test_reference_element_wrong_arguments[&lt;lambda&gt;35]" time="0.00042700767517089844"><skipped message="Suite splitting in effect" type="pytest.skip">src/pymortests/affine_grid.py:24: Suite splitting in effect</skipped></testcase><testcase classname="src.pymortests.affine_grid" file="src/pymortests/affine_grid.py" line="24" name="test_reference_element_wrong_arguments[&lt;lambda&gt;36]" time="0.00043392181396484375"><skipped message="Suite splitting in effect" type="pytest.skip">src/pymortests/affine_grid.py:24: Suite splitting in effect</skipped></testcase><testcase classname="src.pymortests.affine_grid" file="src/pymortests/affine_grid.py" line="24" name="test_reference_element_wrong_arguments[&lt;lambda&gt;37]" time="0.0004076957702636719"><skipped message="Suite splitting in effect" type="pytest.skip">src/pymortests/affine_grid.py:24: Suite splitting in effect</skipped></testcase><testcase classname="src.pymortests.affine_grid" file="src/pymortests/affine_grid.py" line="24" name="test_reference_element_wrong_arguments[&lt;lambda&gt;38]" time="0.0004189014434814453"><skipped message="Suite splitting in effect" type="pytest.skip">src/pymortests/affine_grid.py:24: Suite splitting in effect</skipped></testcase><testcase classname="src.pymortests.affine_grid" file="src/pymortests/affine_grid.py" line="24" name="test_reference_element_wrong_arguments[&lt;lambda&gt;39]" time="0.00044083595275878906"><skipped message="Suite splitting in effect" type="pytest.skip">src/pymortests/affine_grid.py:24: Suite splitting in effect</skipped></testcase><testcase classname="src.pymortests.affine_grid" file="src/pymortests/affine_grid.py" line="24" name="test_reference_element_wrong_arguments[&lt;lambda&gt;40]" time="0.00042247772216796875"><skipped message="Suite splitting in effect" type="pytest.skip">src/pymortests/affine_grid.py:24: Suite splitting in effect</skipped></testcase><testcase classname="src.pymortests.affine_grid" file="src/pymortests/affine_grid.py" line="24" name="test_reference_element_wrong_arguments[&lt;lambda&gt;41]" time="0.00042128562927246094"><skipped message="Suite splitting in effect" type="pytest.skip">src/pymortests/affine_grid.py:24: Suite splitting in effect</skipped></testcase><testcase classname="src.pymortests.affine_grid" file="src/pymortests/affine_grid.py" line="24" name="test_reference_element_wrong_arguments[&lt;lambda&gt;42]" time="0.0004279613494873047"><skipped message="Suite splitting in effect" type="pytest.skip">src/pymortests/affine_grid.py:24: Suite splitting in effect</skipped></testcase><testcase classname="src.pymortests.affine_grid" file="src/pymortests/affine_grid.py" line="32" name="test_reference_element_type[&lt;lambda&gt;0]" time="0.000408172607421875"><skipped message="Suite splitting in effect" type="pytest.skip">src/pymortests/affine_grid.py:32: Suite splitting in effect</skipped></testcase><testcase classname="src.pymortests.affine_grid" file="src/pymortests/affine_grid.py" line="32" name="test_reference_element_type[&lt;lambda&gt;1]" time="0.0004413127899169922"><skipped message="Suite splitting in effect" type="pytest.skip">src/pymortests/affine_grid.py:32: Suite splitting in effect</skipped></testcase><testcase classname="src.pymortests.affine_grid" file="src/pymortests/affine_grid.py" line="32" name="test_reference_element_type[&lt;lambda&gt;2]" time="0.00042748451232910156"><skipped message="Suite splitting in effect" type="pytest.skip">src/pymortests/affine_grid.py:32: Suite splitting in effect</skipped></testcase><testcase classname="src.pymortests.affine_grid" file="src/pymortests/affine_grid.py" line="32" name="test_reference_element_type[&lt;lambda&gt;3]" time="0.0004138946533203125"><skipped message="Suite splitting in effect" type="pytest.skip">src/pymortests/affine_grid.py:32: Suite splitting in effect</skipped></testcase><testcase classname="src.pymortests.affine_grid" file="src/pymortests/affine_grid.py" line="32" name="test_reference_element_type[&lt;lambda&gt;4]" time="0.0004601478576660156"><skipped message="Suite splitting in effect" type="pytest.skip">src/pymortests/affine_grid.py:32: Suite splitting in effect</skipped></testcase><testcase classname="src.pymortests.affine_grid" file="src/pymortests/affine_grid.py" line="32" name="test_reference_element_type[&lt;lambda&gt;5]" time="0.00046944618225097656"><skipped message="Suite splitting in effect" type="pytest.skip">src/pymortests/affine_grid.py:32: Suite splitting in effect</skipped></testcase><testcase classname="src.pymortests.affine_grid" file="src/pymortests/affine_grid.py" line="32" name="test_reference_element_type[&lt;lambda&gt;6]" time="0.00041985511779785156"><skipped message="Suite splitting in effect" type="pytest.skip">src/pymortests/affine_grid.py:32: Suite splitting in effect</skipped></testcase><testcase classname="src.pymortests.affine_grid" file="src/pymortests/affine_grid.py" line="32" name="test_reference_element_type[&lt;lambda&gt;7]" time="0.00042176246643066406"><skipped message="Suite splitting in effect" type="pytest.skip">src/pymortests/affine_grid.py:32: Suite splitting in effect</skipped></testcase><testcase classname="src.pymortests.affine_grid" file="src/pymortests/affine_grid.py" line="32" name="test_reference_element_type[&lt;lambda&gt;8]" time="0.00040340423583984375"><skipped message="Suite splitting in effect" type="pytest.skip">src/pymortests/affine_grid.py:32: Suite splitting in effect</skipped></testcase><testcase classname="src.pymortests.affine_grid" file="src/pymortests/affine_grid.py" line="32" name="test_reference_element_type[&lt;lambda&gt;9]" time="0.0004367828369140625"><skipped message="Suite splitting in effect" type="pytest.skip">src/pymortests/affine_grid.py:32: Suite splitting in effect</skipped></testcase><testcase classname="src.pymortests.affine_grid" file="src/pymortests/affine_grid.py" line="32" name="test_reference_element_type[&lt;lambda&gt;10]" time="0.0003993511199951172"><skipped message="Suite splitting in effect" type="pytest.skip">src/pymortests/affine_grid.py:32: Suite splitting in effect</skipped></testcase><testcase classname="src.pymortests.affine_grid" file="src/pymortests/affine_grid.py" line="32" name="test_reference_element_type[&lt;lambda&gt;11]" time="0.0004265308380126953"><skipped message="Suite splitting in effect" type="pytest.skip">src/pymortests/affine_grid.py:32: Suite splitting in effect</skipped></testcase><testcase classname="src.pymortests.affine_grid" file="src/pymortests/affine_grid.py" line="32" name="test_reference_element_type[&lt;lambda&gt;12]" time="0.00041413307189941406"><skipped message="Suite splitting in effect" type="pytest.skip">src/pymortests/affine_grid.py:32: Suite splitting in effect</skipped></testcase><testcase classname="src.pymortests.affine_grid" file="src/pymortests/affine_grid.py" line="32" name="test_reference_element_type[&lt;lambda&gt;13]" time="0.0004394054412841797"><skipped message="Suite splitting in effect" type="pytest.skip">src/pymortests/affine_grid.py:32: Suite splitting in effect</skipped></testcase><testcase classname="src.pymortests.affine_grid" file="src/pymortests/affine_grid.py" line="32" name="test_reference_element_type[&lt;lambda&gt;14]" time="0.0005753040313720703"><skipped message="Suite splitting in effect" type="pytest.skip">src/pymortests/affine_grid.py:32: Suite splitting in effect</skipped></testcase><testcase classname="src.pymortests.affine_grid" file="src/pymortests/affine_grid.py" line="32" name="test_reference_element_type[&lt;lambda&gt;15]" time="0.0004680156707763672"><skipped message="Suite splitting in effect" type="pytest.skip">src/pymortests/affine_grid.py:32: Suite splitting in effect</skipped></testcase><testcase classname="src.pymortests.affine_grid" file="src/pymortests/affine_grid.py" line="32" name="test_reference_element_type[&lt;lambda&gt;16]" time="0.0004410743713378906"><skipped message="Suite splitting in effect" type="pytest.skip">src/pymortests/affine_grid.py:32: Suite splitting in effect</skipped></testcase><testcase classname="src.pymortests.affine_grid" file="src/pymortests/affine_grid.py" line="32" name="test_reference_element_type[&lt;lambda&gt;17]" time="0.00041365623474121094"><skipped message="Suite splitting in effect" type="pytest.skip">src/pymortests/affine_grid.py:32: Suite splitting in effect</skipped></testcase><testcase classname="src.pymortests.affine_grid" file="src/pymortests/affine_grid.py" line="32" name="test_reference_element_type[&lt;lambda&gt;18]" time="0.0004229545593261719"><skipped message="Suite splitting in effect" type="pytest.skip">src/pymortests/affine_grid.py:32: Suite splitting in effect</skipped></testcase><testcase classname="src.pymortests.affine_grid" file="src/pymortests/affine_grid.py" line="32" name="test_reference_element_type[&lt;lambda&gt;19]" time="0.00046944618225097656"><skipped message="Suite splitting in effect" type="pytest.skip">src/pymortests/affine_grid.py:32: Suite splitting in effect</skipped></testcase><testcase classname="src.pymortests.affine_grid" file="src/pymortests/affine_grid.py" line="32" name="test_reference_element_type[&lt;lambda&gt;20]" time="0.00041103363037109375"><skipped message="Suite splitting in effect" type="pytest.skip">src/pymortests/affine_grid.py:32: Suite splitting in effect</skipped></testcase><testcase classname="src.pymortests.affine_grid" file="src/pymortests/affine_grid.py" line="32" name="test_reference_element_type[&lt;lambda&gt;21]" time="0.00041961669921875"><skipped message="Suite splitting in effect" type="pytest.skip">src/pymortests/affine_grid.py:32: Suite splitting in effect</skipped></testcase><testcase classname="src.pymortests.affine_grid" file="src/pymortests/affine_grid.py" line="32" name="test_reference_element_type[&lt;lambda&gt;22]" time="0.00041961669921875"><skipped message="Suite splitting in effect" type="pytest.skip">src/pymortests/affine_grid.py:32: Suite splitting in effect</skipped></testcase><testcase classname="src.pymortests.affine_grid" file="src/pymortests/affine_grid.py" line="32" name="test_reference_element_type[&lt;lambda&gt;23]" time="0.0004603862762451172"><skipped message="Suite splitting in effect" type="pytest.skip">src/pymortests/affine_grid.py:32: Suite splitting in effect</skipped></testcase><testcase classname="src.pymortests.affine_grid" file="src/pymortests/affine_grid.py" line="32" name="test_reference_element_type[&lt;lambda&gt;24]" time="0.00043845176696777344"><skipped message="Suite splitting in effect" type="pytest.skip">src/pymortests/affine_grid.py:32: Suite splitting in effect</skipped></testcase><testcase classname="src.pymortests.affine_grid" file="src/pymortests/affine_grid.py" line="32" name="test_reference_element_type[&lt;lambda&gt;25]" time="0.00042366981506347656"><skipped message="Suite splitting in effect" type="pytest.skip">src/pymortests/affine_grid.py:32: Suite splitting in effect</skipped></testcase><testcase classname="src.pymortests.affine_grid" file="src/pymortests/affine_grid.py" line="32" name="test_reference_element_type[&lt;lambda&gt;26]" time="0.00041985511779785156"><skipped message="Suite splitting in effect" type="pytest.skip">src/pymortests/affine_grid.py:32: Suite splitting in effect</skipped></testcase><testcase classname="src.pymortests.affine_grid" file="src/pymortests/affine_grid.py" line="32" name="test_reference_element_type[&lt;lambda&gt;27]" time="0.0004448890686035156"><skipped message="Suite splitting in effect" type="pytest.skip">src/pymortests/affine_grid.py:32: Suite splitting in effect</skipped></testcase><testcase classname="src.pymortests.affine_grid" file="src/pymortests/affine_grid.py" line="32" name="test_reference_element_type[&lt;lambda&gt;28]" time="0.0004627704620361328"><skipped message="Suite splitting in effect" type="pytest.skip">src/pymortests/affine_grid.py:32: Suite splitting in effect</skipped></testcase><testcase classname="src.pymortests.affine_grid" file="src/pymortests/affine_grid.py" line="32" name="test_reference_element_type[&lt;lambda&gt;29]" time="0.0004267692565917969"><skipped message="Suite splitting in effect" type="pytest.skip">src/pymortests/affine_grid.py:32: Suite splitting in effect</skipped></testcase><testcase classname="src.pymortests.affine_grid" file="src/pymortests/affine_grid.py" line="32" name="test_reference_element_type[&lt;lambda&gt;30]" time="0.0004513263702392578"><skipped message="Suite splitting in effect" type="pytest.skip">src/pymortests/affine_grid.py:32: Suite splitting in effect</skipped></testcase><testcase classname="src.pymortests.affine_grid" file="src/pymortests/affine_grid.py" line="32" name="test_reference_element_type[&lt;lambda&gt;31]" time="0.0004372596740722656"><skipped message="Suite splitting in effect" type="pytest.skip">src/pymortests/affine_grid.py:32: Suite splitting in effect</skipped></testcase><testcase classname="src.pymortests.affine_grid" file="src/pymortests/affine_grid.py" line="32" name="test_reference_element_type[&lt;lambda&gt;32]" time="0.0006763935089111328"><skipped message="Suite splitting in effect" type="pytest.skip">src/pymortests/affine_grid.py:32: Suite splitting in effect</skipped></testcase><testcase classname="src.pymortests.affine_grid" file="src/pymortests/affine_grid.py" line="32" name="test_reference_element_type[&lt;lambda&gt;33]" time="0.0004184246063232422"><skipped message="Suite splitting in effect" type="pytest.skip">src/pymortests/affine_grid.py:32: Suite splitting in effect</skipped></testcase><testcase classname="src.pymortests.affine_grid" file="src/pymortests/affine_grid.py" line="32" name="test_reference_element_type[&lt;lambda&gt;34]" time="0.00042700767517089844"><skipped message="Suite splitting in effect" type="pytest.skip">src/pymortests/affine_grid.py:32: Suite splitting in effect</skipped></testcase><testcase classname="src.pymortests.affine_grid" file="src/pymortests/affine_grid.py" line="32" name="test_reference_element_type[&lt;lambda&gt;35]" time="0.00041937828063964844"><skipped message="Suite splitting in effect" type="pytest.skip">src/pymortests/affine_grid.py:32: Suite splitting in effect</skipped></testcase><testcase classname="src.pymortests.affine_grid" file="src/pymortests/affine_grid.py" line="32" name="test_reference_element_type[&lt;lambda&gt;36]" time="0.0004096031188964844"><skipped message="Suite splitting in effect" type="pytest.skip">src/pymortests/affine_grid.py:32: Suite splitting in effect</skipped></testcase><testcase classname="src.pymortests.affine_grid" file="src/pymortests/affine_grid.py" line="32" name="test_reference_element_type[&lt;lambda&gt;37]" time="0.0004432201385498047"><skipped message="Suite splitting in effect" type="pytest.skip">src/pymortests/affine_grid.py:32: Suite splitting in effect</skipped></testcase><testcase classname="src.pymortests.affine_grid" file="src/pymortests/affine_grid.py" line="32" name="test_reference_element_type[&lt;lambda&gt;38]" time="0.00040793418884277344"><skipped message="Suite splitting in effect" type="pytest.skip">src/pymortests/affine_grid.py:32: Suite splitting in effect</skipped></testcase><testcase classname="src.pymortests.affine_grid" file="src/pymortests/affine_grid.py" line="32" name="test_reference_element_type[&lt;lambda&gt;39]" time="0.00043487548828125"><skipped message="Suite splitting in effect" type="pytest.skip">src/pymortests/affine_grid.py:32: Suite splitting in effect</skipped></testcase><testcase classname="src.pymortests.affine_grid" file="src/pymortests/affine_grid.py" line="32" name="test_reference_element_type[&lt;lambda&gt;40]" time="0.0005166530609130859"><skipped message="Suite splitting in effect" type="pytest.skip">src/pymortests/affine_grid.py:32: Suite splitting in effect</skipped></testcase><testcase classname="src.pymortests.affine_grid" file="src/pymortests/affine_grid.py" line="32" name="test_reference_element_type[&lt;lambda&gt;41]" time="0.00040650367736816406"><skipped message="Suite splitting in effect" type="pytest.skip">src/pymortests/affine_grid.py:32: Suite splitting in effect</skipped></testcase><testcase classname="src.pymortests.affine_grid" file="src/pymortests/affine_grid.py" line="32" name="test_reference_element_type[&lt;lambda&gt;42]" time="0.0004336833953857422"><skipped message="Suite splitting in effect" type="pytest.skip">src/pymortests/affine_grid.py:32: Suite splitting in effect</skipped></testcase><testcase classname="src.pymortests.affine_grid" file="src/pymortests/affine_grid.py" line="38" name="test_reference_element_transitivity[&lt;lambda&gt;0]" time="0.00041365623474121094"><skipped message="Suite splitting in effect" type="pytest.skip">src/pymortests/affine_grid.py:38: Suite splitting in effect</skipped></testcase><testcase classname="src.pymortests.affine_grid" file="src/pymortests/affine_grid.py" line="38" name="test_reference_element_transitivity[&lt;lambda&gt;1]" time="0.0004258155822753906"><skipped message="Suite splitting in effect" type="pytest.skip">src/pymortests/affine_grid.py:38: Suite splitting in effect</skipped></testcase><testcase classname="src.pymortests.affine_grid" file="src/pymortests/affine_grid.py" line="38" name="test_reference_element_transitivity[&lt;lambda&gt;2]" time="0.0004048347473144531"><skipped message="Suite splitting in effect" type="pytest.skip">src/pymortests/affine_grid.py:38: Suite splitting in effect</skipped></testcase><testcase classname="src.pymortests.affine_grid" file="src/pymortests/affine_grid.py" line="38" name="test_reference_element_transitivity[&lt;lambda&gt;3]" time="0.0004210472106933594"><skipped message="Suite splitting in effect" type="pytest.skip">src/pymortests/affine_grid.py:38: Suite splitting in effect</skipped></testcase><testcase classname="src.pymortests.affine_grid" file="src/pymortests/affine_grid.py" line="38" name="test_reference_element_transitivity[&lt;lambda&gt;4]" time="0.0006999969482421875"><skipped message="Suite splitting in effect" type="pytest.skip">src/pymortests/affine_grid.py:38: Suite splitting in effect</skipped></testcase><testcase classname="src.pymortests.affine_grid" file="src/pymortests/affine_grid.py" line="38" name="test_reference_element_transitivity[&lt;lambda&gt;5]" time="0.00041413307189941406"><skipped message="Suite splitting in effect" type="pytest.skip">src/pymortests/affine_grid.py:38: Suite splitting in effect</skipped></testcase><testcase classname="src.pymortests.affine_grid" file="src/pymortests/affine_grid.py" line="38" name="test_reference_element_transitivity[&lt;lambda&gt;6]" time="0.00042438507080078125"><skipped message="Suite splitting in effect" type="pytest.skip">src/pymortests/affine_grid.py:38: Suite splitting in effect</skipped></testcase><testcase classname="src.pymortests.affine_grid" file="src/pymortests/affine_grid.py" line="38" name="test_reference_element_transitivity[&lt;lambda&gt;7]" time="0.0004439353942871094"><skipped message="Suite splitting in effect" type="pytest.skip">src/pymortests/affine_grid.py:38: Suite splitting in effect</skipped></testcase><testcase classname="src.pymortests.affine_grid" file="src/pymortests/affine_grid.py" line="38" name="test_reference_element_transitivity[&lt;lambda&gt;8]" time="0.00041937828063964844"><skipped message="Suite splitting in effect" type="pytest.skip">src/pymortests/affine_grid.py:38: Suite splitting in effect</skipped></testcase><testcase classname="src.pymortests.affine_grid" file="src/pymortests/affine_grid.py" line="38" name="test_reference_element_transitivity[&lt;lambda&gt;9]" time="0.00044727325439453125"><skipped message="Suite splitting in effect" type="pytest.skip">src/pymortests/affine_grid.py:38: Suite splitting in effect</skipped></testcase><testcase classname="src.pymortests.affine_grid" file="src/pymortests/affine_grid.py" line="38" name="test_reference_element_transitivity[&lt;lambda&gt;10]" time="0.0005104541778564453"><skipped message="Suite splitting in effect" type="pytest.skip">src/pymortests/affine_grid.py:38: Suite splitting in effect</skipped></testcase><testcase classname="src.pymortests.affine_grid" file="src/pymortests/affine_grid.py" line="38" name="test_reference_element_transitivity[&lt;lambda&gt;11]" time="0.0004508495330810547"><skipped message="Suite splitting in effect" type="pytest.skip">src/pymortests/affine_grid.py:38: Suite splitting in effect</skipped></testcase><testcase classname="src.pymortests.affine_grid" file="src/pymortests/affine_grid.py" line="38" name="test_reference_element_transitivity[&lt;lambda&gt;12]" time="0.0004417896270751953"><skipped message="Suite splitting in effect" type="pytest.skip">src/pymortests/affine_grid.py:38: Suite splitting in effect</skipped></testcase><testcase classname="src.pymortests.affine_grid" file="src/pymortests/affine_grid.py" line="38" name="test_reference_element_transitivity[&lt;lambda&gt;13]" time="0.00044035911560058594"><skipped message="Suite splitting in effect" type="pytest.skip">src/pymortests/affine_grid.py:38: Suite splitting in effect</skipped></testcase><testcase classname="src.pymortests.affine_grid" file="src/pymortests/affine_grid.py" line="38" name="test_reference_element_transitivity[&lt;lambda&gt;14]" time="0.00042438507080078125"><skipped message="Suite splitting in effect" type="pytest.skip">src/pymortests/affine_grid.py:38: Suite splitting in effect</skipped></testcase><testcase classname="src.pymortests.affine_grid" file="src/pymortests/affine_grid.py" line="38" name="test_reference_element_transitivity[&lt;lambda&gt;15]" time="0.00042700767517089844"><skipped message="Suite splitting in effect" type="pytest.skip">src/pymortests/affine_grid.py:38: Suite splitting in effect</skipped></testcase><testcase classname="src.pymortests.affine_grid" file="src/pymortests/affine_grid.py" line="38" name="test_reference_element_transitivity[&lt;lambda&gt;16]" time="0.00041961669921875"><skipped message="Suite splitting in effect" type="pytest.skip">src/pymortests/affine_grid.py:38: Suite splitting in effect</skipped></testcase><testcase classname="src.pymortests.affine_grid" file="src/pymortests/affine_grid.py" line="38" name="test_reference_element_transitivity[&lt;lambda&gt;17]" time="0.0004382133483886719"><skipped message="Suite splitting in effect" type="pytest.skip">src/pymortests/affine_grid.py:38: Suite splitting in effect</skipped></testcase><testcase classname="src.pymortests.affine_grid" file="src/pymortests/affine_grid.py" line="38" name="test_reference_element_transitivity[&lt;lambda&gt;18]" time="0.00040340423583984375"><skipped message="Suite splitting in effect" type="pytest.skip">src/pymortests/affine_grid.py:38: Suite splitting in effect</skipped></testcase><testcase classname="src.pymortests.affine_grid" file="src/pymortests/affine_grid.py" line="38" name="test_reference_element_transitivity[&lt;lambda&gt;19]" time="0.0004191398620605469"><skipped message="Suite splitting in effect" type="pytest.skip">src/pymortests/affine_grid.py:38: Suite splitting in effect</skipped></testcase><testcase classname="src.pymortests.affine_grid" file="src/pymortests/affine_grid.py" line="38" name="test_reference_element_transitivity[&lt;lambda&gt;20]" time="0.0004203319549560547"><skipped message="Suite splitting in effect" type="pytest.skip">src/pymortests/affine_grid.py:38: Suite splitting in effect</skipped></testcase><testcase classname="src.pymortests.affine_grid" file="src/pymortests/affine_grid.py" line="38" name="test_reference_element_transitivity[&lt;lambda&gt;21]" time="0.0004134178161621094"><skipped message="Suite splitting in effect" type="pytest.skip">src/pymortests/affine_grid.py:38: Suite splitting in effect</skipped></testcase><testcase classname="src.pymortests.affine_grid" file="src/pymortests/affine_grid.py" line="38" name="test_reference_element_transitivity[&lt;lambda&gt;22]" time="0.00041747093200683594"><skipped message="Suite splitting in effect" type="pytest.skip">src/pymortests/affine_grid.py:38: Suite splitting in effect</skipped></testcase><testcase classname="src.pymortests.affine_grid" file="src/pymortests/affine_grid.py" line="38" name="test_reference_element_transitivity[&lt;lambda&gt;23]" time="0.0004169940948486328"><skipped message="Suite splitting in effect" type="pytest.skip">src/pymortests/affine_grid.py:38: Suite splitting in effect</skipped></testcase><testcase classname="src.pymortests.affine_grid" file="src/pymortests/affine_grid.py" line="38" name="test_reference_element_transitivity[&lt;lambda&gt;24]" time="0.0004620552062988281"><skipped message="Suite splitting in effect" type="pytest.skip">src/pymortests/affine_grid.py:38: Suite splitting in effect</skipped></testcase><testcase classname="src.pymortests.affine_grid" file="src/pymortests/affine_grid.py" line="38" name="test_reference_element_transitivity[&lt;lambda&gt;25]" time="0.00043487548828125"><skipped message="Suite splitting in effect" type="pytest.skip">src/pymortests/affine_grid.py:38: Suite splitting in effect</skipped></testcase><testcase classname="src.pymortests.affine_grid" file="src/pymortests/affine_grid.py" line="38" name="test_reference_element_transitivity[&lt;lambda&gt;26]" time="0.0004260540008544922"><skipped message="Suite splitting in effect" type="pytest.skip">src/pymortests/affine_grid.py:38: Suite splitting in effect</skipped></testcase><testcase classname="src.pymortests.affine_grid" file="src/pymortests/affine_grid.py" line="38" name="test_reference_element_transitivity[&lt;lambda&gt;27]" time="0.0004322528839111328"><skipped message="Suite splitting in effect" type="pytest.skip">src/pymortests/affine_grid.py:38: Suite splitting in effect</skipped></testcase><testcase classname="src.pymortests.affine_grid" file="src/pymortests/affine_grid.py" line="38" name="test_reference_element_transitivity[&lt;lambda&gt;28]" time="0.00041556358337402344"><skipped message="Suite splitting in effect" type="pytest.skip">src/pymortests/affine_grid.py:38: Suite splitting in effect</skipped></testcase><testcase classname="src.pymortests.affine_grid" file="src/pymortests/affine_grid.py" line="38" name="test_reference_element_transitivity[&lt;lambda&gt;29]" time="0.0004143714904785156"><skipped message="Suite splitting in effect" type="pytest.skip">src/pymortests/affine_grid.py:38: Suite splitting in effect</skipped></testcase><testcase classname="src.pymortests.affine_grid" file="src/pymortests/affine_grid.py" line="38" name="test_reference_element_transitivity[&lt;lambda&gt;30]" time="0.00043511390686035156"><skipped message="Suite splitting in effect" type="pytest.skip">src/pymortests/affine_grid.py:38: Suite splitting in effect</skipped></testcase><testcase classname="src.pymortests.affine_grid" file="src/pymortests/affine_grid.py" line="38" name="test_reference_element_transitivity[&lt;lambda&gt;31]" time="0.0004241466522216797"><skipped message="Suite splitting in effect" type="pytest.skip">src/pymortests/affine_grid.py:38: Suite splitting in effect</skipped></testcase><testcase classname="src.pymortests.affine_grid" file="src/pymortests/affine_grid.py" line="38" name="test_reference_element_transitivity[&lt;lambda&gt;32]" time="0.00045108795166015625"><skipped message="Suite splitting in effect" type="pytest.skip">src/pymortests/affine_grid.py:38: Suite splitting in effect</skipped></testcase><testcase classname="src.pymortests.affine_grid" file="src/pymortests/affine_grid.py" line="38" name="test_reference_element_transitivity[&lt;lambda&gt;33]" time="0.00047326087951660156"><skipped message="Suite splitting in effect" type="pytest.skip">src/pymortests/affine_grid.py:38: Suite splitting in effect</skipped></testcase><testcase classname="src.pymortests.affine_grid" file="src/pymortests/affine_grid.py" line="38" name="test_reference_element_transitivity[&lt;lambda&gt;34]" time="0.00043964385986328125"><skipped message="Suite splitting in effect" type="pytest.skip">src/pymortests/affine_grid.py:38: Suite splitting in effect</skipped></testcase><testcase classname="src.pymortests.affine_grid" file="src/pymortests/affine_grid.py" line="38" name="test_reference_element_transitivity[&lt;lambda&gt;35]" time="0.0004258155822753906"><skipped message="Suite splitting in effect" type="pytest.skip">src/pymortests/affine_grid.py:38: Suite splitting in effect</skipped></testcase><testcase classname="src.pymortests.affine_grid" file="src/pymortests/affine_grid.py" line="38" name="test_reference_element_transitivity[&lt;lambda&gt;36]" time="0.0004703998565673828"><skipped message="Suite splitting in effect" type="pytest.skip">src/pymortests/affine_grid.py:38: Suite splitting in effect</skipped></testcase><testcase classname="src.pymortests.affine_grid" file="src/pymortests/affine_grid.py" line="38" name="test_reference_element_transitivity[&lt;lambda&gt;37]" time="0.000457763671875"><skipped message="Suite splitting in effect" type="pytest.skip">src/pymortests/affine_grid.py:38: Suite splitting in effect</skipped></testcase><testcase classname="src.pymortests.affine_grid" file="src/pymortests/affine_grid.py" line="38" name="test_reference_element_transitivity[&lt;lambda&gt;38]" time="0.0004208087921142578"><skipped message="Suite splitting in effect" type="pytest.skip">src/pymortests/affine_grid.py:38: Suite splitting in effect</skipped></testcase><testcase classname="src.pymortests.affine_grid" file="src/pymortests/affine_grid.py" line="38" name="test_reference_element_transitivity[&lt;lambda&gt;39]" time="0.0004303455352783203"><skipped message="Suite splitting in effect" type="pytest.skip">src/pymortests/affine_grid.py:38: Suite splitting in effect</skipped></testcase><testcase classname="src.pymortests.affine_grid" file="src/pymortests/affine_grid.py" line="38" name="test_reference_element_transitivity[&lt;lambda&gt;40]" time="0.0004162788391113281"><skipped message="Suite splitting in effect" type="pytest.skip">src/pymortests/affine_grid.py:38: Suite splitting in effect</skipped></testcase><testcase classname="src.pymortests.affine_grid" file="src/pymortests/affine_grid.py" line="38" name="test_reference_element_transitivity[&lt;lambda&gt;41]" time="0.000423431396484375"><skipped message="Suite splitting in effect" type="pytest.skip">src/pymortests/affine_grid.py:38: Suite splitting in effect</skipped></testcase><testcase classname="src.pymortests.affine_grid" file="src/pymortests/affine_grid.py" line="38" name="test_reference_element_transitivity[&lt;lambda&gt;42]" time="0.00042128562927246094"><skipped message="Suite splitting in effect" type="pytest.skip">src/pymortests/affine_grid.py:38: Suite splitting in effect</skipped></testcase><testcase classname="src.pymortests.affine_grid" file="src/pymortests/affine_grid.py" line="44" name="test_embeddings_wrong_arguments[&lt;lambda&gt;0]" time="0.00041484832763671875"><skipped message="Suite splitting in effect" type="pytest.skip">src/pymortests/affine_grid.py:44: Suite splitting in effect</skipped></testcase><testcase classname="src.pymortests.affine_grid" file="src/pymortests/affine_grid.py" line="44" name="test_embeddings_wrong_arguments[&lt;lambda&gt;1]" time="0.00040650367736816406"><skipped message="Suite splitting in effect" type="pytest.skip">src/pymortests/affine_grid.py:44: Suite splitting in effect</skipped></testcase><testcase classname="src.pymortests.affine_grid" file="src/pymortests/affine_grid.py" line="44" name="test_embeddings_wrong_arguments[&lt;lambda&gt;2]" time="0.0004329681396484375"><skipped message="Suite splitting in effect" type="pytest.skip">src/pymortests/affine_grid.py:44: Suite splitting in effect</skipped></testcase><testcase classname="src.pymortests.affine_grid" file="src/pymortests/affine_grid.py" line="44" name="test_embeddings_wrong_arguments[&lt;lambda&gt;3]" time="0.0004177093505859375"><skipped message="Suite splitting in effect" type="pytest.skip">src/pymortests/affine_grid.py:44: Suite splitting in effect</skipped></testcase><testcase classname="src.pymortests.affine_grid" file="src/pymortests/affine_grid.py" line="44" name="test_embeddings_wrong_arguments[&lt;lambda&gt;4]" time="0.0004222393035888672"><skipped message="Suite splitting in effect" type="pytest.skip">src/pymortests/affine_grid.py:44: Suite splitting in effect</skipped></testcase><testcase classname="src.pymortests.affine_grid" file="src/pymortests/affine_grid.py" line="44" name="test_embeddings_wrong_arguments[&lt;lambda&gt;5]" time="0.0004169940948486328"><skipped message="Suite splitting in effect" type="pytest.skip">src/pymortests/affine_grid.py:44: Suite splitting in effect</skipped></testcase><testcase classname="src.pymortests.affine_grid" file="src/pymortests/affine_grid.py" line="44" name="test_embeddings_wrong_arguments[&lt;lambda&gt;6]" time="0.0004382133483886719"><skipped message="Suite splitting in effect" type="pytest.skip">src/pymortests/affine_grid.py:44: Suite splitting in effect</skipped></testcase><testcase classname="src.pymortests.affine_grid" file="src/pymortests/affine_grid.py" line="44" name="test_embeddings_wrong_arguments[&lt;lambda&gt;7]" time="0.0004925727844238281"><skipped message="Suite splitting in effect" type="pytest.skip">src/pymortests/affine_grid.py:44: Suite splitting in effect</skipped></testcase><testcase classname="src.pymortests.affine_grid" file="src/pymortests/affine_grid.py" line="44" name="test_embeddings_wrong_arguments[&lt;lambda&gt;8]" time="0.0004267692565917969"><skipped message="Suite splitting in effect" type="pytest.skip">src/pymortests/affine_grid.py:44: Suite splitting in effect</skipped></testcase><testcase classname="src.pymortests.affine_grid" file="src/pymortests/affine_grid.py" line="44" name="test_embeddings_wrong_arguments[&lt;lambda&gt;9]" time="0.0004334449768066406"><skipped message="Suite splitting in effect" type="pytest.skip">src/pymortests/affine_grid.py:44: Suite splitting in effect</skipped></testcase><testcase classname="src.pymortests.affine_grid" file="src/pymortests/affine_grid.py" line="44" name="test_embeddings_wrong_arguments[&lt;lambda&gt;10]" time="0.000408172607421875"><skipped message="Suite splitting in effect" type="pytest.skip">src/pymortests/affine_grid.py:44: Suite splitting in effect</skipped></testcase><testcase classname="src.pymortests.affine_grid" file="src/pymortests/affine_grid.py" line="44" name="test_embeddings_wrong_arguments[&lt;lambda&gt;11]" time="0.00044083595275878906"><skipped message="Suite splitting in effect" type="pytest.skip">src/pymortests/affine_grid.py:44: Suite splitting in effect</skipped></testcase><testcase classname="src.pymortests.affine_grid" file="src/pymortests/affine_grid.py" line="44" name="test_embeddings_wrong_arguments[&lt;lambda&gt;12]" time="0.0004038810729980469"><skipped message="Suite splitting in effect" type="pytest.skip">src/pymortests/affine_grid.py:44: Suite splitting in effect</skipped></testcase><testcase classname="src.pymortests.affine_grid" file="src/pymortests/affine_grid.py" line="44" name="test_embeddings_wrong_arguments[&lt;lambda&gt;13]" time="0.00043082237243652344"><skipped message="Suite splitting in effect" type="pytest.skip">src/pymortests/affine_grid.py:44: Suite splitting in effect</skipped></testcase><testcase classname="src.pymortests.affine_grid" file="src/pymortests/affine_grid.py" line="44" name="test_embeddings_wrong_arguments[&lt;lambda&gt;14]" time="0.00040435791015625"><skipped message="Suite splitting in effect" type="pytest.skip">src/pymortests/affine_grid.py:44: Suite splitting in effect</skipped></testcase><testcase classname="src.pymortests.affine_grid" file="src/pymortests/affine_grid.py" line="44" name="test_embeddings_wrong_arguments[&lt;lambda&gt;15]" time="0.0004444122314453125"><skipped message="Suite splitting in effect" type="pytest.skip">src/pymortests/affine_grid.py:44: Suite splitting in effect</skipped></testcase><testcase classname="src.pymortests.affine_grid" file="src/pymortests/affine_grid.py" line="44" name="test_embeddings_wrong_arguments[&lt;lambda&gt;16]" time="0.0004665851593017578"><skipped message="Suite splitting in effect" type="pytest.skip">src/pymortests/affine_grid.py:44: Suite splitting in effect</skipped></testcase><testcase classname="src.pymortests.affine_grid" file="src/pymortests/affine_grid.py" line="44" name="test_embeddings_wrong_arguments[&lt;lambda&gt;17]" time="0.0004417896270751953"><skipped message="Suite splitting in effect" type="pytest.skip">src/pymortests/affine_grid.py:44: Suite splitting in effect</skipped></testcase><testcase classname="src.pymortests.affine_grid" file="src/pymortests/affine_grid.py" line="44" name="test_embeddings_wrong_arguments[&lt;lambda&gt;18]" time="0.0004177093505859375"><skipped message="Suite splitting in effect" type="pytest.skip">src/pymortests/affine_grid.py:44: Suite splitting in effect</skipped></testcase><testcase classname="src.pymortests.affine_grid" file="src/pymortests/affine_grid.py" line="44" name="test_embeddings_wrong_arguments[&lt;lambda&gt;19]" time="0.0004227161407470703"><skipped message="Suite splitting in effect" type="pytest.skip">src/pymortests/affine_grid.py:44: Suite splitting in effect</skipped></testcase><testcase classname="src.pymortests.affine_grid" file="src/pymortests/affine_grid.py" line="44" name="test_embeddings_wrong_arguments[&lt;lambda&gt;20]" time="0.0004208087921142578"><skipped message="Suite splitting in effect" type="pytest.skip">src/pymortests/affine_grid.py:44: Suite splitting in effect</skipped></testcase><testcase classname="src.pymortests.affine_grid" file="src/pymortests/affine_grid.py" line="44" name="test_embeddings_wrong_arguments[&lt;lambda&gt;21]" time="0.0004286766052246094"><skipped message="Suite splitting in effect" type="pytest.skip">src/pymortests/affine_grid.py:44: Suite splitting in effect</skipped></testcase><testcase classname="src.pymortests.affine_grid" file="src/pymortests/affine_grid.py" line="44" name="test_embeddings_wrong_arguments[&lt;lambda&gt;22]" time="0.0004203319549560547"><skipped message="Suite splitting in effect" type="pytest.skip">src/pymortests/affine_grid.py:44: Suite splitting in effect</skipped></testcase><testcase classname="src.pymortests.affine_grid" file="src/pymortests/affine_grid.py" line="44" name="test_embeddings_wrong_arguments[&lt;lambda&gt;23]" time="0.0004818439483642578"><skipped message="Suite splitting in effect" type="pytest.skip">src/pymortests/affine_grid.py:44: Suite splitting in effect</skipped></testcase><testcase classname="src.pymortests.affine_grid" file="src/pymortests/affine_grid.py" line="44" name="test_embeddings_wrong_arguments[&lt;lambda&gt;24]" time="0.0004191398620605469"><skipped message="Suite splitting in effect" type="pytest.skip">src/pymortests/affine_grid.py:44: Suite splitting in effect</skipped></testcase><testcase classname="src.pymortests.affine_grid" file="src/pymortests/affine_grid.py" line="44" name="test_embeddings_wrong_arguments[&lt;lambda&gt;25]" time="0.00042510032653808594"><skipped message="Suite splitting in effect" type="pytest.skip">src/pymortests/affine_grid.py:44: Suite splitting in effect</skipped></testcase><testcase classname="src.pymortests.affine_grid" file="src/pymortests/affine_grid.py" line="44" name="test_embeddings_wrong_arguments[&lt;lambda&gt;26]" time="0.00041961669921875"><skipped message="Suite splitting in effect" type="pytest.skip">src/pymortests/affine_grid.py:44: Suite splitting in effect</skipped></testcase><testcase classname="src.pymortests.affine_grid" file="src/pymortests/affine_grid.py" line="44" name="test_embeddings_wrong_arguments[&lt;lambda&gt;27]" time="0.0004451274871826172"><skipped message="Suite splitting in effect" type="pytest.skip">src/pymortests/affine_grid.py:44: Suite splitting in effect</skipped></testcase><testcase classname="src.pymortests.affine_grid" file="src/pymortests/affine_grid.py" line="44" name="test_embeddings_wrong_arguments[&lt;lambda&gt;28]" time="0.00045299530029296875"><skipped message="Suite splitting in effect" type="pytest.skip">src/pymortests/affine_grid.py:44: Suite splitting in effect</skipped></testcase><testcase classname="src.pymortests.affine_grid" file="src/pymortests/affine_grid.py" line="44" name="test_embeddings_wrong_arguments[&lt;lambda&gt;29]" time="0.0006215572357177734"><skipped message="Suite splitting in effect" type="pytest.skip">src/pymortests/affine_grid.py:44: Suite splitting in effect</skipped></testcase><testcase classname="src.pymortests.affine_grid" file="src/pymortests/affine_grid.py" line="44" name="test_embeddings_wrong_arguments[&lt;lambda&gt;30]" time="0.00042438507080078125"><skipped message="Suite splitting in effect" type="pytest.skip">src/pymortests/affine_grid.py:44: Suite splitting in effect</skipped></testcase><testcase classname="src.pymortests.affine_grid" file="src/pymortests/affine_grid.py" line="44" name="test_embeddings_wrong_arguments[&lt;lambda&gt;31]" time="0.00041937828063964844"><skipped message="Suite splitting in effect" type="pytest.skip">src/pymortests/affine_grid.py:44: Suite splitting in effect</skipped></testcase><testcase classname="src.pymortests.affine_grid" file="src/pymortests/affine_grid.py" line="44" name="test_embeddings_wrong_arguments[&lt;lambda&gt;32]" time="0.0004208087921142578"><skipped message="Suite splitting in effect" type="pytest.skip">src/pymortests/affine_grid.py:44: Suite splitting in effect</skipped></testcase><testcase classname="src.pymortests.affine_grid" file="src/pymortests/affine_grid.py" line="44" name="test_embeddings_wrong_arguments[&lt;lambda&gt;33]" time="0.00042366981506347656"><skipped message="Suite splitting in effect" type="pytest.skip">src/pymortests/affine_grid.py:44: Suite splitting in effect</skipped></testcase><testcase classname="src.pymortests.affine_grid" file="src/pymortests/affine_grid.py" line="44" name="test_embeddings_wrong_arguments[&lt;lambda&gt;34]" time="0.00043082237243652344"><skipped message="Suite splitting in effect" type="pytest.skip">src/pymortests/affine_grid.py:44: Suite splitting in effect</skipped></testcase><testcase classname="src.pymortests.affine_grid" file="src/pymortests/affine_grid.py" line="44" name="test_embeddings_wrong_arguments[&lt;lambda&gt;35]" time="0.00040340423583984375"><skipped message="Suite splitting in effect" type="pytest.skip">src/pymortests/affine_grid.py:44: Suite splitting in effect</skipped></testcase><testcase classname="src.pymortests.affine_grid" file="src/pymortests/affine_grid.py" line="44" name="test_embeddings_wrong_arguments[&lt;lambda&gt;36]" time="0.0004374980926513672"><skipped message="Suite splitting in effect" type="pytest.skip">src/pymortests/affine_grid.py:44: Suite splitting in effect</skipped></testcase><testcase classname="src.pymortests.affine_grid" file="src/pymortests/affine_grid.py" line="44" name="test_embeddings_wrong_arguments[&lt;lambda&gt;37]" time="0.0004162788391113281"><skipped message="Suite splitting in effect" type="pytest.skip">src/pymortests/affine_grid.py:44: Suite splitting in effect</skipped></testcase><testcase classname="src.pymortests.affine_grid" file="src/pymortests/affine_grid.py" line="44" name="test_embeddings_wrong_arguments[&lt;lambda&gt;38]" time="0.0004150867462158203"><skipped message="Suite splitting in effect" type="pytest.skip">src/pymortests/affine_grid.py:44: Suite splitting in effect</skipped></testcase><testcase classname="src.pymortests.affine_grid" file="src/pymortests/affine_grid.py" line="44" name="test_embeddings_wrong_arguments[&lt;lambda&gt;39]" time="0.0004203319549560547"><skipped message="Suite splitting in effect" type="pytest.skip">src/pymortests/affine_grid.py:44: Suite splitting in effect</skipped></testcase><testcase classname="src.pymortests.affine_grid" file="src/pymortests/affine_grid.py" line="44" name="test_embeddings_wrong_arguments[&lt;lambda&gt;40]" time="0.00044083595275878906"><skipped message="Suite splitting in effect" type="pytest.skip">src/pymortests/affine_grid.py:44: Suite splitting in effect</skipped></testcase><testcase classname="src.pymortests.affine_grid" file="src/pymortests/affine_grid.py" line="44" name="test_embeddings_wrong_arguments[&lt;lambda&gt;41]" time="0.00041413307189941406"><skipped message="Suite splitting in effect" type="pytest.skip">src/pymortests/affine_grid.py:44: Suite splitting in effect</skipped></testcase><testcase classname="src.pymortests.affine_grid" file="src/pymortests/affine_grid.py" line="44" name="test_embeddings_wrong_arguments[&lt;lambda&gt;42]" time="0.0004124641418457031"><skipped message="Suite splitting in effect" type="pytest.skip">src/pymortests/affine_grid.py:44: Suite splitting in effect</skipped></testcase><testcase classname="src.pymortests.affine_grid" file="src/pymortests/affine_grid.py" line="52" name="test_embeddings_shape[&lt;lambda&gt;0]" time="0.0004191398620605469"><skipped message="Suite splitting in effect" type="pytest.skip">src/pymortests/affine_grid.py:52: Suite splitting in effect</skipped></testcase><testcase classname="src.pymortests.affine_grid" file="src/pymortests/affine_grid.py" line="52" name="test_embeddings_shape[&lt;lambda&gt;1]" time="0.0004496574401855469"><skipped message="Suite splitting in effect" type="pytest.skip">src/pymortests/affine_grid.py:52: Suite splitting in effect</skipped></testcase><testcase classname="src.pymortests.affine_grid" file="src/pymortests/affine_grid.py" line="52" name="test_embeddings_shape[&lt;lambda&gt;2]" time="0.0004057884216308594"><skipped message="Suite splitting in effect" type="pytest.skip">src/pymortests/affine_grid.py:52: Suite splitting in effect</skipped></testcase><testcase classname="src.pymortests.affine_grid" file="src/pymortests/affine_grid.py" line="52" name="test_embeddings_shape[&lt;lambda&gt;3]" time="0.0004246234893798828"><skipped message="Suite splitting in effect" type="pytest.skip">src/pymortests/affine_grid.py:52: Suite splitting in effect</skipped></testcase><testcase classname="src.pymortests.affine_grid" file="src/pymortests/affine_grid.py" line="52" name="test_embeddings_shape[&lt;lambda&gt;4]" time="0.0004169940948486328"><skipped message="Suite splitting in effect" type="pytest.skip">src/pymortests/affine_grid.py:52: Suite splitting in effect</skipped></testcase><testcase classname="src.pymortests.affine_grid" file="src/pymortests/affine_grid.py" line="52" name="test_embeddings_shape[&lt;lambda&gt;5]" time="0.00042819976806640625"><skipped message="Suite splitting in effect" type="pytest.skip">src/pymortests/affine_grid.py:52: Suite splitting in effect</skipped></testcase><testcase classname="src.pymortests.affine_grid" file="src/pymortests/affine_grid.py" line="52" name="test_embeddings_shape[&lt;lambda&gt;6]" time="0.0004482269287109375"><skipped message="Suite splitting in effect" type="pytest.skip">src/pymortests/affine_grid.py:52: Suite splitting in effect</skipped></testcase><testcase classname="src.pymortests.affine_grid" file="src/pymortests/affine_grid.py" line="52" name="test_embeddings_shape[&lt;lambda&gt;7]" time="0.00041866302490234375"><skipped message="Suite splitting in effect" type="pytest.skip">src/pymortests/affine_grid.py:52: Suite splitting in effect</skipped></testcase><testcase classname="src.pymortests.affine_grid" file="src/pymortests/affine_grid.py" line="52" name="test_embeddings_shape[&lt;lambda&gt;8]" time="0.0004184246063232422"><skipped message="Suite splitting in effect" type="pytest.skip">src/pymortests/affine_grid.py:52: Suite splitting in effect</skipped></testcase><testcase classname="src.pymortests.affine_grid" file="src/pymortests/affine_grid.py" line="52" name="test_embeddings_shape[&lt;lambda&gt;9]" time="0.0004432201385498047"><skipped message="Suite splitting in effect" type="pytest.skip">src/pymortests/affine_grid.py:52: Suite splitting in effect</skipped></testcase><testcase classname="src.pymortests.affine_grid" file="src/pymortests/affine_grid.py" line="52" name="test_embeddings_shape[&lt;lambda&gt;10]" time="0.0004038810729980469"><skipped message="Suite splitting in effect" type="pytest.skip">src/pymortests/affine_grid.py:52: Suite splitting in effect</skipped></testcase><testcase classname="src.pymortests.affine_grid" file="src/pymortests/affine_grid.py" line="52" name="test_embeddings_shape[&lt;lambda&gt;11]" time="0.0004277229309082031"><skipped message="Suite splitting in effect" type="pytest.skip">src/pymortests/affine_grid.py:52: Suite splitting in effect</skipped></testcase><testcase classname="src.pymortests.affine_grid" file="src/pymortests/affine_grid.py" line="52" name="test_embeddings_shape[&lt;lambda&gt;12]" time="0.0004165172576904297"><skipped message="Suite splitting in effect" type="pytest.skip">src/pymortests/affine_grid.py:52: Suite splitting in effect</skipped></testcase><testcase classname="src.pymortests.affine_grid" file="src/pymortests/affine_grid.py" line="52" name="test_embeddings_shape[&lt;lambda&gt;13]" time="0.00043201446533203125"><skipped message="Suite splitting in effect" type="pytest.skip">src/pymortests/affine_grid.py:52: Suite splitting in effect</skipped></testcase><testcase classname="src.pymortests.affine_grid" file="src/pymortests/affine_grid.py" line="52" name="test_embeddings_shape[&lt;lambda&gt;14]" time="0.0004436969757080078"><skipped message="Suite splitting in effect" type="pytest.skip">src/pymortests/affine_grid.py:52: Suite splitting in effect</skipped></testcase><testcase classname="src.pymortests.affine_grid" file="src/pymortests/affine_grid.py" line="52" name="test_embeddings_shape[&lt;lambda&gt;15]" time="0.0004177093505859375"><skipped message="Suite splitting in effect" type="pytest.skip">src/pymortests/affine_grid.py:52: Suite splitting in effect</skipped></testcase><testcase classname="src.pymortests.affine_grid" file="src/pymortests/affine_grid.py" line="52" name="test_embeddings_shape[&lt;lambda&gt;16]" time="0.0004277229309082031"><skipped message="Suite splitting in effect" type="pytest.skip">src/pymortests/affine_grid.py:52: Suite splitting in effect</skipped></testcase><testcase classname="src.pymortests.affine_grid" file="src/pymortests/affine_grid.py" line="52" name="test_embeddings_shape[&lt;lambda&gt;17]" time="0.0004069805145263672"><skipped message="Suite splitting in effect" type="pytest.skip">src/pymortests/affine_grid.py:52: Suite splitting in effect</skipped></testcase><testcase classname="src.pymortests.affine_grid" file="src/pymortests/affine_grid.py" line="52" name="test_embeddings_shape[&lt;lambda&gt;18]" time="0.00046825408935546875"><skipped message="Suite splitting in effect" type="pytest.skip">src/pymortests/affine_grid.py:52: Suite splitting in effect</skipped></testcase><testcase classname="src.pymortests.affine_grid" file="src/pymortests/affine_grid.py" line="52" name="test_embeddings_shape[&lt;lambda&gt;19]" time="0.0004291534423828125"><skipped message="Suite splitting in effect" type="pytest.skip">src/pymortests/affine_grid.py:52: Suite splitting in effect</skipped></testcase><testcase classname="src.pymortests.affine_grid" file="src/pymortests/affine_grid.py" line="52" name="test_embeddings_shape[&lt;lambda&gt;20]" time="0.0004150867462158203"><skipped message="Suite splitting in effect" type="pytest.skip">src/pymortests/affine_grid.py:52: Suite splitting in effect</skipped></testcase><testcase classname="src.pymortests.affine_grid" file="src/pymortests/affine_grid.py" line="52" name="test_embeddings_shape[&lt;lambda&gt;21]" time="0.0004928112030029297"><skipped message="Suite splitting in effect" type="pytest.skip">src/pymortests/affine_grid.py:52: Suite splitting in effect</skipped></testcase><testcase classname="src.pymortests.affine_grid" file="src/pymortests/affine_grid.py" line="52" name="test_embeddings_shape[&lt;lambda&gt;22]" time="0.00069427490234375"><skipped message="Suite splitting in effect" type="pytest.skip">src/pymortests/affine_grid.py:52: Suite splitting in effect</skipped></testcase><testcase classname="src.pymortests.affine_grid" file="src/pymortests/affine_grid.py" line="52" name="test_embeddings_shape[&lt;lambda&gt;23]" time="0.0004525184631347656"><skipped message="Suite splitting in effect" type="pytest.skip">src/pymortests/affine_grid.py:52: Suite splitting in effect</skipped></testcase><testcase classname="src.pymortests.affine_grid" file="src/pymortests/affine_grid.py" line="52" name="test_embeddings_shape[&lt;lambda&gt;24]" time="0.0004184246063232422"><skipped message="Suite splitting in effect" type="pytest.skip">src/pymortests/affine_grid.py:52: Suite splitting in effect</skipped></testcase><testcase classname="src.pymortests.affine_grid" file="src/pymortests/affine_grid.py" line="52" name="test_embeddings_shape[&lt;lambda&gt;25]" time="0.0004184246063232422"><skipped message="Suite splitting in effect" type="pytest.skip">src/pymortests/affine_grid.py:52: Suite splitting in effect</skipped></testcase><testcase classname="src.pymortests.affine_grid" file="src/pymortests/affine_grid.py" line="52" name="test_embeddings_shape[&lt;lambda&gt;26]" time="0.0004169940948486328"><skipped message="Suite splitting in effect" type="pytest.skip">src/pymortests/affine_grid.py:52: Suite splitting in effect</skipped></testcase><testcase classname="src.pymortests.affine_grid" file="src/pymortests/affine_grid.py" line="52" name="test_embeddings_shape[&lt;lambda&gt;27]" time="0.0004367828369140625"><skipped message="Suite splitting in effect" type="pytest.skip">src/pymortests/affine_grid.py:52: Suite splitting in effect</skipped></testcase><testcase classname="src.pymortests.affine_grid" file="src/pymortests/affine_grid.py" line="52" name="test_embeddings_shape[&lt;lambda&gt;28]" time="0.0004177093505859375"><skipped message="Suite splitting in effect" type="pytest.skip">src/pymortests/affine_grid.py:52: Suite splitting in effect</skipped></testcase><testcase classname="src.pymortests.affine_grid" file="src/pymortests/affine_grid.py" line="52" name="test_embeddings_shape[&lt;lambda&gt;29]" time="0.0004475116729736328"><skipped message="Suite splitting in effect" type="pytest.skip">src/pymortests/affine_grid.py:52: Suite splitting in effect</skipped></testcase><testcase classname="src.pymortests.affine_grid" file="src/pymortests/affine_grid.py" line="52" name="test_embeddings_shape[&lt;lambda&gt;30]" time="0.00042319297790527344"><skipped message="Suite splitting in effect" type="pytest.skip">src/pymortests/affine_grid.py:52: Suite splitting in effect</skipped></testcase><testcase classname="src.pymortests.affine_grid" file="src/pymortests/affine_grid.py" line="52" name="test_embeddings_shape[&lt;lambda&gt;31]" time="0.0004260540008544922"><skipped message="Suite splitting in effect" type="pytest.skip">src/pymortests/affine_grid.py:52: Suite splitting in effect</skipped></testcase><testcase classname="src.pymortests.affine_grid" file="src/pymortests/affine_grid.py" line="52" name="test_embeddings_shape[&lt;lambda&gt;32]" time="0.0004475116729736328"><skipped message="Suite splitting in effect" type="pytest.skip">src/pymortests/affine_grid.py:52: Suite splitting in effect</skipped></testcase><testcase classname="src.pymortests.affine_grid" file="src/pymortests/affine_grid.py" line="52" name="test_embeddings_shape[&lt;lambda&gt;33]" time="0.0004265308380126953"><skipped message="Suite splitting in effect" type="pytest.skip">src/pymortests/affine_grid.py:52: Suite splitting in effect</skipped></testcase><testcase classname="src.pymortests.affine_grid" file="src/pymortests/affine_grid.py" line="52" name="test_embeddings_shape[&lt;lambda&gt;34]" time="0.0004191398620605469"><skipped message="Suite splitting in effect" type="pytest.skip">src/pymortests/affine_grid.py:52: Suite splitting in effect</skipped></testcase><testcase classname="src.pymortests.affine_grid" file="src/pymortests/affine_grid.py" line="52" name="test_embeddings_shape[&lt;lambda&gt;35]" time="0.0004241466522216797"><skipped message="Suite splitting in effect" type="pytest.skip">src/pymortests/affine_grid.py:52: Suite splitting in effect</skipped></testcase><testcase classname="src.pymortests.affine_grid" file="src/pymortests/affine_grid.py" line="52" name="test_embeddings_shape[&lt;lambda&gt;36]" time="0.0004100799560546875"><skipped message="Suite splitting in effect" type="pytest.skip">src/pymortests/affine_grid.py:52: Suite splitting in effect</skipped></testcase><testcase classname="src.pymortests.affine_grid" file="src/pymortests/affine_grid.py" line="52" name="test_embeddings_shape[&lt;lambda&gt;37]" time="0.0007295608520507812"><skipped message="Suite splitting in effect" type="pytest.skip">src/pymortests/affine_grid.py:52: Suite splitting in effect</skipped></testcase><testcase classname="src.pymortests.affine_grid" file="src/pymortests/affine_grid.py" line="52" name="test_embeddings_shape[&lt;lambda&gt;38]" time="0.0004203319549560547"><skipped message="Suite splitting in effect" type="pytest.skip">src/pymortests/affine_grid.py:52: Suite splitting in effect</skipped></testcase><testcase classname="src.pymortests.affine_grid" file="src/pymortests/affine_grid.py" line="52" name="test_embeddings_shape[&lt;lambda&gt;39]" time="0.00044417381286621094"><skipped message="Suite splitting in effect" type="pytest.skip">src/pymortests/affine_grid.py:52: Suite splitting in effect</skipped></testcase><testcase classname="src.pymortests.affine_grid" file="src/pymortests/affine_grid.py" line="52" name="test_embeddings_shape[&lt;lambda&gt;40]" time="0.000453948974609375"><skipped message="Suite splitting in effect" type="pytest.skip">src/pymortests/affine_grid.py:52: Suite splitting in effect</skipped></testcase><testcase classname="src.pymortests.affine_grid" file="src/pymortests/affine_grid.py" line="52" name="test_embeddings_shape[&lt;lambda&gt;41]" time="0.0004284381866455078"><skipped message="Suite splitting in effect" type="pytest.skip">src/pymortests/affine_grid.py:52: Suite splitting in effect</skipped></testcase><testcase classname="src.pymortests.affine_grid" file="src/pymortests/affine_grid.py" line="52" name="test_embeddings_shape[&lt;lambda&gt;42]" time="0.00042724609375"><skipped message="Suite splitting in effect" type="pytest.skip">src/pymortests/affine_grid.py:52: Suite splitting in effect</skipped></testcase><testcase classname="src.pymortests.affine_grid" file="src/pymortests/affine_grid.py" line="62" name="test_embeddings_transitivity[&lt;lambda&gt;0]" time="0.00045037269592285156"><skipped message="Suite splitting in effect" type="pytest.skip">src/pymortests/affine_grid.py:62: Suite splitting in effect</skipped></testcase><testcase classname="src.pymortests.affine_grid" file="src/pymortests/affine_grid.py" line="62" name="test_embeddings_transitivity[&lt;lambda&gt;1]" time="0.00046753883361816406"><skipped message="Suite splitting in effect" type="pytest.skip">src/pymortests/affine_grid.py:62: Suite splitting in effect</skipped></testcase><testcase classname="src.pymortests.affine_grid" file="src/pymortests/affine_grid.py" line="62" name="test_embeddings_transitivity[&lt;lambda&gt;2]" time="0.0004405975341796875"><skipped message="Suite splitting in effect" type="pytest.skip">src/pymortests/affine_grid.py:62: Suite splitting in effect</skipped></testcase><testcase classname="src.pymortests.affine_grid" file="src/pymortests/affine_grid.py" line="62" name="test_embeddings_transitivity[&lt;lambda&gt;3]" time="0.0004343986511230469"><skipped message="Suite splitting in effect" type="pytest.skip">src/pymortests/affine_grid.py:62: Suite splitting in effect</skipped></testcase><testcase classname="src.pymortests.affine_grid" file="src/pymortests/affine_grid.py" line="62" name="test_embeddings_transitivity[&lt;lambda&gt;4]" time="0.00044989585876464844"><skipped message="Suite splitting in effect" type="pytest.skip">src/pymortests/affine_grid.py:62: Suite splitting in effect</skipped></testcase><testcase classname="src.pymortests.affine_grid" file="src/pymortests/affine_grid.py" line="62" name="test_embeddings_transitivity[&lt;lambda&gt;5]" time="0.0004429817199707031"><skipped message="Suite splitting in effect" type="pytest.skip">src/pymortests/affine_grid.py:62: Suite splitting in effect</skipped></testcase><testcase classname="src.pymortests.affine_grid" file="src/pymortests/affine_grid.py" line="62" name="test_embeddings_transitivity[&lt;lambda&gt;6]" time="0.000423431396484375"><skipped message="Suite splitting in effect" type="pytest.skip">src/pymortests/affine_grid.py:62: Suite splitting in effect</skipped></testcase><testcase classname="src.pymortests.affine_grid" file="src/pymortests/affine_grid.py" line="62" name="test_embeddings_transitivity[&lt;lambda&gt;7]" time="0.0004253387451171875"><skipped message="Suite splitting in effect" type="pytest.skip">src/pymortests/affine_grid.py:62: Suite splitting in effect</skipped></testcase><testcase classname="src.pymortests.affine_grid" file="src/pymortests/affine_grid.py" line="62" name="test_embeddings_transitivity[&lt;lambda&gt;8]" time="0.00042247772216796875"><skipped message="Suite splitting in effect" type="pytest.skip">src/pymortests/affine_grid.py:62: Suite splitting in effect</skipped></testcase><testcase classname="src.pymortests.affine_grid" file="src/pymortests/affine_grid.py" line="62" name="test_embeddings_transitivity[&lt;lambda&gt;9]" time="0.00044798851013183594"><skipped message="Suite splitting in effect" type="pytest.skip">src/pymortests/affine_grid.py:62: Suite splitting in effect</skipped></testcase><testcase classname="src.pymortests.affine_grid" file="src/pymortests/affine_grid.py" line="62" name="test_embeddings_transitivity[&lt;lambda&gt;10]" time="0.0007157325744628906"><skipped message="Suite splitting in effect" type="pytest.skip">src/pymortests/affine_grid.py:62: Suite splitting in effect</skipped></testcase><testcase classname="src.pymortests.affine_grid" file="src/pymortests/affine_grid.py" line="62" name="test_embeddings_transitivity[&lt;lambda&gt;11]" time="0.00041604042053222656"><skipped message="Suite splitting in effect" type="pytest.skip">src/pymortests/affine_grid.py:62: Suite splitting in effect</skipped></testcase><testcase classname="src.pymortests.affine_grid" file="src/pymortests/affine_grid.py" line="62" name="test_embeddings_transitivity[&lt;lambda&gt;12]" time="0.0004398822784423828"><skipped message="Suite splitting in effect" type="pytest.skip">src/pymortests/affine_grid.py:62: Suite splitting in effect</skipped></testcase><testcase classname="src.pymortests.affine_grid" file="src/pymortests/affine_grid.py" line="62" name="test_embeddings_transitivity[&lt;lambda&gt;13]" time="0.00042057037353515625"><skipped message="Suite splitting in effect" type="pytest.skip">src/pymortests/affine_grid.py:62: Suite splitting in effect</skipped></testcase><testcase classname="src.pymortests.affine_grid" file="src/pymortests/affine_grid.py" line="62" name="test_embeddings_transitivity[&lt;lambda&gt;14]" time="0.00041222572326660156"><skipped message="Suite splitting in effect" type="pytest.skip">src/pymortests/affine_grid.py:62: Suite splitting in effect</skipped></testcase><testcase classname="src.pymortests.affine_grid" file="src/pymortests/affine_grid.py" line="62" name="test_embeddings_transitivity[&lt;lambda&gt;15]" time="0.000568389892578125"><skipped message="Suite splitting in effect" type="pytest.skip">src/pymortests/affine_grid.py:62: Suite splitting in effect</skipped></testcase><testcase classname="src.pymortests.affine_grid" file="src/pymortests/affine_grid.py" line="62" name="test_embeddings_transitivity[&lt;lambda&gt;16]" time="0.0004677772521972656"><skipped message="Suite splitting in effect" type="pytest.skip">src/pymortests/affine_grid.py:62: Suite splitting in effect</skipped></testcase><testcase classname="src.pymortests.affine_grid" file="src/pymortests/affine_grid.py" line="62" name="test_embeddings_transitivity[&lt;lambda&gt;17]" time="0.000461578369140625"><skipped message="Suite splitting in effect" type="pytest.skip">src/pymortests/affine_grid.py:62: Suite splitting in effect</skipped></testcase><testcase classname="src.pymortests.affine_grid" file="src/pymortests/affine_grid.py" line="62" name="test_embeddings_transitivity[&lt;lambda&gt;18]" time="0.0004227161407470703"><skipped message="Suite splitting in effect" type="pytest.skip">src/pymortests/affine_grid.py:62: Suite splitting in effect</skipped></testcase><testcase classname="src.pymortests.affine_grid" file="src/pymortests/affine_grid.py" line="62" name="test_embeddings_transitivity[&lt;lambda&gt;19]" time="0.00042128562927246094"><skipped message="Suite splitting in effect" type="pytest.skip">src/pymortests/affine_grid.py:62: Suite splitting in effect</skipped></testcase><testcase classname="src.pymortests.affine_grid" file="src/pymortests/affine_grid.py" line="62" name="test_embeddings_transitivity[&lt;lambda&gt;20]" time="0.00044989585876464844"><skipped message="Suite splitting in effect" type="pytest.skip">src/pymortests/affine_grid.py:62: Suite splitting in effect</skipped></testcase><testcase classname="src.pymortests.affine_grid" file="src/pymortests/affine_grid.py" line="62" name="test_embeddings_transitivity[&lt;lambda&gt;21]" time="0.00043582916259765625"><skipped message="Suite splitting in effect" type="pytest.skip">src/pymortests/affine_grid.py:62: Suite splitting in effect</skipped></testcase><testcase classname="src.pymortests.affine_grid" file="src/pymortests/affine_grid.py" line="62" name="test_embeddings_transitivity[&lt;lambda&gt;22]" time="0.0004317760467529297"><skipped message="Suite splitting in effect" type="pytest.skip">src/pymortests/affine_grid.py:62: Suite splitting in effect</skipped></testcase><testcase classname="src.pymortests.affine_grid" file="src/pymortests/affine_grid.py" line="62" name="test_embeddings_transitivity[&lt;lambda&gt;23]" time="0.00041985511779785156"><skipped message="Suite splitting in effect" type="pytest.skip">src/pymortests/affine_grid.py:62: Suite splitting in effect</skipped></testcase><testcase classname="src.pymortests.affine_grid" file="src/pymortests/affine_grid.py" line="62" name="test_embeddings_transitivity[&lt;lambda&gt;24]" time="0.0004401206970214844"><skipped message="Suite splitting in effect" type="pytest.skip">src/pymortests/affine_grid.py:62: Suite splitting in effect</skipped></testcase><testcase classname="src.pymortests.affine_grid" file="src/pymortests/affine_grid.py" line="62" name="test_embeddings_transitivity[&lt;lambda&gt;25]" time="0.00044655799865722656"><skipped message="Suite splitting in effect" type="pytest.skip">src/pymortests/affine_grid.py:62: Suite splitting in effect</skipped></testcase><testcase classname="src.pymortests.affine_grid" file="src/pymortests/affine_grid.py" line="62" name="test_embeddings_transitivity[&lt;lambda&gt;26]" time="0.0004189014434814453"><skipped message="Suite splitting in effect" type="pytest.skip">src/pymortests/affine_grid.py:62: Suite splitting in effect</skipped></testcase><testcase classname="src.pymortests.affine_grid" file="src/pymortests/affine_grid.py" line="62" name="test_embeddings_transitivity[&lt;lambda&gt;27]" time="0.0004203319549560547"><skipped message="Suite splitting in effect" type="pytest.skip">src/pymortests/affine_grid.py:62: Suite splitting in effect</skipped></testcase><testcase classname="src.pymortests.affine_grid" file="src/pymortests/affine_grid.py" line="62" name="test_embeddings_transitivity[&lt;lambda&gt;28]" time="0.0004706382751464844"><skipped message="Suite splitting in effect" type="pytest.skip">src/pymortests/affine_grid.py:62: Suite splitting in effect</skipped></testcase><testcase classname="src.pymortests.affine_grid" file="src/pymortests/affine_grid.py" line="62" name="test_embeddings_transitivity[&lt;lambda&gt;29]" time="0.0004105567932128906"><skipped message="Suite splitting in effect" type="pytest.skip">src/pymortests/affine_grid.py:62: Suite splitting in effect</skipped></testcase><testcase classname="src.pymortests.affine_grid" file="src/pymortests/affine_grid.py" line="62" name="test_embeddings_transitivity[&lt;lambda&gt;30]" time="0.0004143714904785156"><skipped message="Suite splitting in effect" type="pytest.skip">src/pymortests/affine_grid.py:62: Suite splitting in effect</skipped></testcase><testcase classname="src.pymortests.affine_grid" file="src/pymortests/affine_grid.py" line="62" name="test_embeddings_transitivity[&lt;lambda&gt;31]" time="0.00041174888610839844"><skipped message="Suite splitting in effect" type="pytest.skip">src/pymortests/affine_grid.py:62: Suite splitting in effect</skipped></testcase><testcase classname="src.pymortests.affine_grid" file="src/pymortests/affine_grid.py" line="62" name="test_embeddings_transitivity[&lt;lambda&gt;32]" time="0.00042176246643066406"><skipped message="Suite splitting in effect" type="pytest.skip">src/pymortests/affine_grid.py:62: Suite splitting in effect</skipped></testcase><testcase classname="src.pymortests.affine_grid" file="src/pymortests/affine_grid.py" line="62" name="test_embeddings_transitivity[&lt;lambda&gt;33]" time="0.0004405975341796875"><skipped message="Suite splitting in effect" type="pytest.skip">src/pymortests/affine_grid.py:62: Suite splitting in effect</skipped></testcase><testcase classname="src.pymortests.affine_grid" file="src/pymortests/affine_grid.py" line="62" name="test_embeddings_transitivity[&lt;lambda&gt;34]" time="0.0004010200500488281"><skipped message="Suite splitting in effect" type="pytest.skip">src/pymortests/affine_grid.py:62: Suite splitting in effect</skipped></testcase><testcase classname="src.pymortests.affine_grid" file="src/pymortests/affine_grid.py" line="62" name="test_embeddings_transitivity[&lt;lambda&gt;35]" time="0.00044798851013183594"><skipped message="Suite splitting in effect" type="pytest.skip">src/pymortests/affine_grid.py:62: Suite splitting in effect</skipped></testcase><testcase classname="src.pymortests.affine_grid" file="src/pymortests/affine_grid.py" line="62" name="test_embeddings_transitivity[&lt;lambda&gt;36]" time="0.00041222572326660156"><skipped message="Suite splitting in effect" type="pytest.skip">src/pymortests/affine_grid.py:62: Suite splitting in effect</skipped></testcase><testcase classname="src.pymortests.affine_grid" file="src/pymortests/affine_grid.py" line="62" name="test_embeddings_transitivity[&lt;lambda&gt;37]" time="0.0004584789276123047"><skipped message="Suite splitting in effect" type="pytest.skip">src/pymortests/affine_grid.py:62: Suite splitting in effect</skipped></testcase><testcase classname="src.pymortests.affine_grid" file="src/pymortests/affine_grid.py" line="62" name="test_embeddings_transitivity[&lt;lambda&gt;38]" time="0.0004391670227050781"><skipped message="Suite splitting in effect" type="pytest.skip">src/pymortests/affine_grid.py:62: Suite splitting in effect</skipped></testcase><testcase classname="src.pymortests.affine_grid" file="src/pymortests/affine_grid.py" line="62" name="test_embeddings_transitivity[&lt;lambda&gt;39]" time="0.0004229545593261719"><skipped message="Suite splitting in effect" type="pytest.skip">src/pymortests/affine_grid.py:62: Suite splitting in effect</skipped></testcase><testcase classname="src.pymortests.affine_grid" file="src/pymortests/affine_grid.py" line="62" name="test_embeddings_transitivity[&lt;lambda&gt;40]" time="0.00040340423583984375"><skipped message="Suite splitting in effect" type="pytest.skip">src/pymortests/affine_grid.py:62: Suite splitting in effect</skipped></testcase><testcase classname="src.pymortests.affine_grid" file="src/pymortests/affine_grid.py" line="62" name="test_embeddings_transitivity[&lt;lambda&gt;41]" time="0.00043010711669921875"><skipped message="Suite splitting in effect" type="pytest.skip">src/pymortests/affine_grid.py:62: Suite splitting in effect</skipped></testcase><testcase classname="src.pymortests.affine_grid" file="src/pymortests/affine_grid.py" line="62" name="test_embeddings_transitivity[&lt;lambda&gt;42]" time="0.0004925727844238281"><skipped message="Suite splitting in effect" type="pytest.skip">src/pymortests/affine_grid.py:62: Suite splitting in effect</skipped></testcase><testcase classname="src.pymortests.affine_grid" file="src/pymortests/affine_grid.py" line="75" name="test_jacobian_inverse_transposed_wrong_arguments[&lt;lambda&gt;0]" time="0.0004124641418457031"><skipped message="Suite splitting in effect" type="pytest.skip">src/pymortests/affine_grid.py:75: Suite splitting in effect</skipped></testcase><testcase classname="src.pymortests.affine_grid" file="src/pymortests/affine_grid.py" line="75" name="test_jacobian_inverse_transposed_wrong_arguments[&lt;lambda&gt;1]" time="0.0004210472106933594"><skipped message="Suite splitting in effect" type="pytest.skip">src/pymortests/affine_grid.py:75: Suite splitting in effect</skipped></testcase><testcase classname="src.pymortests.affine_grid" file="src/pymortests/affine_grid.py" line="75" name="test_jacobian_inverse_transposed_wrong_arguments[&lt;lambda&gt;2]" time="0.0004303455352783203"><skipped message="Suite splitting in effect" type="pytest.skip">src/pymortests/affine_grid.py:75: Suite splitting in effect</skipped></testcase><testcase classname="src.pymortests.affine_grid" file="src/pymortests/affine_grid.py" line="75" name="test_jacobian_inverse_transposed_wrong_arguments[&lt;lambda&gt;3]" time="0.00044989585876464844"><skipped message="Suite splitting in effect" type="pytest.skip">src/pymortests/affine_grid.py:75: Suite splitting in effect</skipped></testcase><testcase classname="src.pymortests.affine_grid" file="src/pymortests/affine_grid.py" line="75" name="test_jacobian_inverse_transposed_wrong_arguments[&lt;lambda&gt;4]" time="0.00046133995056152344"><skipped message="Suite splitting in effect" type="pytest.skip">src/pymortests/affine_grid.py:75: Suite splitting in effect</skipped></testcase><testcase classname="src.pymortests.affine_grid" file="src/pymortests/affine_grid.py" line="75" name="test_jacobian_inverse_transposed_wrong_arguments[&lt;lambda&gt;5]" time="0.0004322528839111328"><skipped message="Suite splitting in effect" type="pytest.skip">src/pymortests/affine_grid.py:75: Suite splitting in effect</skipped></testcase><testcase classname="src.pymortests.affine_grid" file="src/pymortests/affine_grid.py" line="75" name="test_jacobian_inverse_transposed_wrong_arguments[&lt;lambda&gt;6]" time="0.0004177093505859375"><skipped message="Suite splitting in effect" type="pytest.skip">src/pymortests/affine_grid.py:75: Suite splitting in effect</skipped></testcase><testcase classname="src.pymortests.affine_grid" file="src/pymortests/affine_grid.py" line="75" name="test_jacobian_inverse_transposed_wrong_arguments[&lt;lambda&gt;7]" time="0.0004146099090576172"><skipped message="Suite splitting in effect" type="pytest.skip">src/pymortests/affine_grid.py:75: Suite splitting in effect</skipped></testcase><testcase classname="src.pymortests.affine_grid" file="src/pymortests/affine_grid.py" line="75" name="test_jacobian_inverse_transposed_wrong_arguments[&lt;lambda&gt;8]" time="0.000415802001953125"><skipped message="Suite splitting in effect" type="pytest.skip">src/pymortests/affine_grid.py:75: Suite splitting in effect</skipped></testcase><testcase classname="src.pymortests.affine_grid" file="src/pymortests/affine_grid.py" line="75" name="test_jacobian_inverse_transposed_wrong_arguments[&lt;lambda&gt;9]" time="0.000431060791015625"><skipped message="Suite splitting in effect" type="pytest.skip">src/pymortests/affine_grid.py:75: Suite splitting in effect</skipped></testcase><testcase classname="src.pymortests.affine_grid" file="src/pymortests/affine_grid.py" line="75" name="test_jacobian_inverse_transposed_wrong_arguments[&lt;lambda&gt;10]" time="0.00041675567626953125"><skipped message="Suite splitting in effect" type="pytest.skip">src/pymortests/affine_grid.py:75: Suite splitting in effect</skipped></testcase><testcase classname="src.pymortests.affine_grid" file="src/pymortests/affine_grid.py" line="75" name="test_jacobian_inverse_transposed_wrong_arguments[&lt;lambda&gt;11]" time="0.0004477500915527344"><skipped message="Suite splitting in effect" type="pytest.skip">src/pymortests/affine_grid.py:75: Suite splitting in effect</skipped></testcase><testcase classname="src.pymortests.affine_grid" file="src/pymortests/affine_grid.py" line="75" name="test_jacobian_inverse_transposed_wrong_arguments[&lt;lambda&gt;12]" time="0.00046253204345703125"><skipped message="Suite splitting in effect" type="pytest.skip">src/pymortests/affine_grid.py:75: Suite splitting in effect</skipped></testcase><testcase classname="src.pymortests.affine_grid" file="src/pymortests/affine_grid.py" line="75" name="test_jacobian_inverse_transposed_wrong_arguments[&lt;lambda&gt;13]" time="0.0004420280456542969"><skipped message="Suite splitting in effect" type="pytest.skip">src/pymortests/affine_grid.py:75: Suite splitting in effect</skipped></testcase><testcase classname="src.pymortests.affine_grid" file="src/pymortests/affine_grid.py" line="75" name="test_jacobian_inverse_transposed_wrong_arguments[&lt;lambda&gt;14]" time="0.00041794776916503906"><skipped message="Suite splitting in effect" type="pytest.skip">src/pymortests/affine_grid.py:75: Suite splitting in effect</skipped></testcase><testcase classname="src.pymortests.affine_grid" file="src/pymortests/affine_grid.py" line="75" name="test_jacobian_inverse_transposed_wrong_arguments[&lt;lambda&gt;15]" time="0.0004100799560546875"><skipped message="Suite splitting in effect" type="pytest.skip">src/pymortests/affine_grid.py:75: Suite splitting in effect</skipped></testcase><testcase classname="src.pymortests.affine_grid" file="src/pymortests/affine_grid.py" line="75" name="test_jacobian_inverse_transposed_wrong_arguments[&lt;lambda&gt;16]" time="0.00041866302490234375"><skipped message="Suite splitting in effect" type="pytest.skip">src/pymortests/affine_grid.py:75: Suite splitting in effect</skipped></testcase><testcase classname="src.pymortests.affine_grid" file="src/pymortests/affine_grid.py" line="75" name="test_jacobian_inverse_transposed_wrong_arguments[&lt;lambda&gt;17]" time="0.0004038810729980469"><skipped message="Suite splitting in effect" type="pytest.skip">src/pymortests/affine_grid.py:75: Suite splitting in effect</skipped></testcase><testcase classname="src.pymortests.affine_grid" file="src/pymortests/affine_grid.py" line="75" name="test_jacobian_inverse_transposed_wrong_arguments[&lt;lambda&gt;18]" time="0.00046372413635253906"><skipped message="Suite splitting in effect" type="pytest.skip">src/pymortests/affine_grid.py:75: Suite splitting in effect</skipped></testcase><testcase classname="src.pymortests.affine_grid" file="src/pymortests/affine_grid.py" line="75" name="test_jacobian_inverse_transposed_wrong_arguments[&lt;lambda&gt;19]" time="0.0004241466522216797"><skipped message="Suite splitting in effect" type="pytest.skip">src/pymortests/affine_grid.py:75: Suite splitting in effect</skipped></testcase><testcase classname="src.pymortests.affine_grid" file="src/pymortests/affine_grid.py" line="75" name="test_jacobian_inverse_transposed_wrong_arguments[&lt;lambda&gt;20]" time="0.0004382133483886719"><skipped message="Suite splitting in effect" type="pytest.skip">src/pymortests/affine_grid.py:75: Suite splitting in effect</skipped></testcase><testcase classname="src.pymortests.affine_grid" file="src/pymortests/affine_grid.py" line="75" name="test_jacobian_inverse_transposed_wrong_arguments[&lt;lambda&gt;21]" time="0.00040602684020996094"><skipped message="Suite splitting in effect" type="pytest.skip">src/pymortests/affine_grid.py:75: Suite splitting in effect</skipped></testcase><testcase classname="src.pymortests.affine_grid" file="src/pymortests/affine_grid.py" line="75" name="test_jacobian_inverse_transposed_wrong_arguments[&lt;lambda&gt;22]" time="0.00041866302490234375"><skipped message="Suite splitting in effect" type="pytest.skip">src/pymortests/affine_grid.py:75: Suite splitting in effect</skipped></testcase><testcase classname="src.pymortests.affine_grid" file="src/pymortests/affine_grid.py" line="75" name="test_jacobian_inverse_transposed_wrong_arguments[&lt;lambda&gt;23]" time="0.0004074573516845703"><skipped message="Suite splitting in effect" type="pytest.skip">src/pymortests/affine_grid.py:75: Suite splitting in effect</skipped></testcase><testcase classname="src.pymortests.affine_grid" file="src/pymortests/affine_grid.py" line="75" name="test_jacobian_inverse_transposed_wrong_arguments[&lt;lambda&gt;24]" time="0.0004222393035888672"><skipped message="Suite splitting in effect" type="pytest.skip">src/pymortests/affine_grid.py:75: Suite splitting in effect</skipped></testcase><testcase classname="src.pymortests.affine_grid" file="src/pymortests/affine_grid.py" line="75" name="test_jacobian_inverse_transposed_wrong_arguments[&lt;lambda&gt;25]" time="0.0004506111145019531"><skipped message="Suite splitting in effect" type="pytest.skip">src/pymortests/affine_grid.py:75: Suite splitting in effect</skipped></testcase><testcase classname="src.pymortests.affine_grid" file="src/pymortests/affine_grid.py" line="75" name="test_jacobian_inverse_transposed_wrong_arguments[&lt;lambda&gt;26]" time="0.0004687309265136719"><skipped message="Suite splitting in effect" type="pytest.skip">src/pymortests/affine_grid.py:75: Suite splitting in effect</skipped></testcase><testcase classname="src.pymortests.affine_grid" file="src/pymortests/affine_grid.py" line="75" name="test_jacobian_inverse_transposed_wrong_arguments[&lt;lambda&gt;27]" time="0.0004291534423828125"><skipped message="Suite splitting in effect" type="pytest.skip">src/pymortests/affine_grid.py:75: Suite splitting in effect</skipped></testcase><testcase classname="src.pymortests.affine_grid" file="src/pymortests/affine_grid.py" line="75" name="test_jacobian_inverse_transposed_wrong_arguments[&lt;lambda&gt;28]" time="0.000423431396484375"><skipped message="Suite splitting in effect" type="pytest.skip">src/pymortests/affine_grid.py:75: Suite splitting in effect</skipped></testcase><testcase classname="src.pymortests.affine_grid" file="src/pymortests/affine_grid.py" line="75" name="test_jacobian_inverse_transposed_wrong_arguments[&lt;lambda&gt;29]" time="0.00044727325439453125"><skipped message="Suite splitting in effect" type="pytest.skip">src/pymortests/affine_grid.py:75: Suite splitting in effect</skipped></testcase><testcase classname="src.pymortests.affine_grid" file="src/pymortests/affine_grid.py" line="75" name="test_jacobian_inverse_transposed_wrong_arguments[&lt;lambda&gt;30]" time="0.0004279613494873047"><skipped message="Suite splitting in effect" type="pytest.skip">src/pymortests/affine_grid.py:75: Suite splitting in effect</skipped></testcase><testcase classname="src.pymortests.affine_grid" file="src/pymortests/affine_grid.py" line="75" name="test_jacobian_inverse_transposed_wrong_arguments[&lt;lambda&gt;31]" time="0.00043392181396484375"><skipped message="Suite splitting in effect" type="pytest.skip">src/pymortests/affine_grid.py:75: Suite splitting in effect</skipped></testcase><testcase classname="src.pymortests.affine_grid" file="src/pymortests/affine_grid.py" line="75" name="test_jacobian_inverse_transposed_wrong_arguments[&lt;lambda&gt;32]" time="0.0004851818084716797"><skipped message="Suite splitting in effect" type="pytest.skip">src/pymortests/affine_grid.py:75: Suite splitting in effect</skipped></testcase><testcase classname="src.pymortests.affine_grid" file="src/pymortests/affine_grid.py" line="75" name="test_jacobian_inverse_transposed_wrong_arguments[&lt;lambda&gt;33]" time="0.0004277229309082031"><skipped message="Suite splitting in effect" type="pytest.skip">src/pymortests/affine_grid.py:75: Suite splitting in effect</skipped></testcase><testcase classname="src.pymortests.affine_grid" file="src/pymortests/affine_grid.py" line="75" name="test_jacobian_inverse_transposed_wrong_arguments[&lt;lambda&gt;34]" time="0.0004172325134277344"><skipped message="Suite splitting in effect" type="pytest.skip">src/pymortests/affine_grid.py:75: Suite splitting in effect</skipped></testcase><testcase classname="src.pymortests.affine_grid" file="src/pymortests/affine_grid.py" line="75" name="test_jacobian_inverse_transposed_wrong_arguments[&lt;lambda&gt;35]" time="0.000423431396484375"><skipped message="Suite splitting in effect" type="pytest.skip">src/pymortests/affine_grid.py:75: Suite splitting in effect</skipped></testcase><testcase classname="src.pymortests.affine_grid" file="src/pymortests/affine_grid.py" line="75" name="test_jacobian_inverse_transposed_wrong_arguments[&lt;lambda&gt;36]" time="0.0004222393035888672"><skipped message="Suite splitting in effect" type="pytest.skip">src/pymortests/affine_grid.py:75: Suite splitting in effect</skipped></testcase><testcase classname="src.pymortests.affine_grid" file="src/pymortests/affine_grid.py" line="75" name="test_jacobian_inverse_transposed_wrong_arguments[&lt;lambda&gt;37]" time="0.00042557716369628906"><skipped message="Suite splitting in effect" type="pytest.skip">src/pymortests/affine_grid.py:75: Suite splitting in effect</skipped></testcase><testcase classname="src.pymortests.affine_grid" file="src/pymortests/affine_grid.py" line="75" name="test_jacobian_inverse_transposed_wrong_arguments[&lt;lambda&gt;38]" time="0.0004448890686035156"><skipped message="Suite splitting in effect" type="pytest.skip">src/pymortests/affine_grid.py:75: Suite splitting in effect</skipped></testcase><testcase classname="src.pymortests.affine_grid" file="src/pymortests/affine_grid.py" line="75" name="test_jacobian_inverse_transposed_wrong_arguments[&lt;lambda&gt;39]" time="0.0007121562957763672"><skipped message="Suite splitting in effect" type="pytest.skip">src/pymortests/affine_grid.py:75: Suite splitting in effect</skipped></testcase><testcase classname="src.pymortests.affine_grid" file="src/pymortests/affine_grid.py" line="75" name="test_jacobian_inverse_transposed_wrong_arguments[&lt;lambda&gt;40]" time="0.0004143714904785156"><skipped message="Suite splitting in effect" type="pytest.skip">src/pymortests/affine_grid.py:75: Suite splitting in effect</skipped></testcase><testcase classname="src.pymortests.affine_grid" file="src/pymortests/affine_grid.py" line="75" name="test_jacobian_inverse_transposed_wrong_arguments[&lt;lambda&gt;41]" time="0.0004150867462158203"><skipped message="Suite splitting in effect" type="pytest.skip">src/pymortests/affine_grid.py:75: Suite splitting in effect</skipped></testcase><testcase classname="src.pymortests.affine_grid" file="src/pymortests/affine_grid.py" line="75" name="test_jacobian_inverse_transposed_wrong_arguments[&lt;lambda&gt;42]" time="0.0004055500030517578"><skipped message="Suite splitting in effect" type="pytest.skip">src/pymortests/affine_grid.py:75: Suite splitting in effect</skipped></testcase><testcase classname="src.pymortests.affine_grid" file="src/pymortests/affine_grid.py" line="85" name="test_jacobian_inverse_transposed_shape[&lt;lambda&gt;0]" time="0.0004172325134277344"><skipped message="Suite splitting in effect" type="pytest.skip">src/pymortests/affine_grid.py:85: Suite splitting in effect</skipped></testcase><testcase classname="src.pymortests.affine_grid" file="src/pymortests/affine_grid.py" line="85" name="test_jacobian_inverse_transposed_shape[&lt;lambda&gt;1]" time="0.000415802001953125"><skipped message="Suite splitting in effect" type="pytest.skip">src/pymortests/affine_grid.py:85: Suite splitting in effect</skipped></testcase><testcase classname="src.pymortests.affine_grid" file="src/pymortests/affine_grid.py" line="85" name="test_jacobian_inverse_transposed_shape[&lt;lambda&gt;2]" time="0.0004203319549560547"><skipped message="Suite splitting in effect" type="pytest.skip">src/pymortests/affine_grid.py:85: Suite splitting in effect</skipped></testcase><testcase classname="src.pymortests.affine_grid" file="src/pymortests/affine_grid.py" line="85" name="test_jacobian_inverse_transposed_shape[&lt;lambda&gt;3]" time="0.0005197525024414062"><skipped message="Suite splitting in effect" type="pytest.skip">src/pymortests/affine_grid.py:85: Suite splitting in effect</skipped></testcase><testcase classname="src.pymortests.affine_grid" file="src/pymortests/affine_grid.py" line="85" name="test_jacobian_inverse_transposed_shape[&lt;lambda&gt;4]" time="0.0004341602325439453"><skipped message="Suite splitting in effect" type="pytest.skip">src/pymortests/affine_grid.py:85: Suite splitting in effect</skipped></testcase><testcase classname="src.pymortests.affine_grid" file="src/pymortests/affine_grid.py" line="85" name="test_jacobian_inverse_transposed_shape[&lt;lambda&gt;5]" time="0.00040340423583984375"><skipped message="Suite splitting in effect" type="pytest.skip">src/pymortests/affine_grid.py:85: Suite splitting in effect</skipped></testcase><testcase classname="src.pymortests.affine_grid" file="src/pymortests/affine_grid.py" line="85" name="test_jacobian_inverse_transposed_shape[&lt;lambda&gt;6]" time="0.00044608116149902344"><skipped message="Suite splitting in effect" type="pytest.skip">src/pymortests/affine_grid.py:85: Suite splitting in effect</skipped></testcase><testcase classname="src.pymortests.affine_grid" file="src/pymortests/affine_grid.py" line="85" name="test_jacobian_inverse_transposed_shape[&lt;lambda&gt;7]" time="0.00044226646423339844"><skipped message="Suite splitting in effect" type="pytest.skip">src/pymortests/affine_grid.py:85: Suite splitting in effect</skipped></testcase><testcase classname="src.pymortests.affine_grid" file="src/pymortests/affine_grid.py" line="85" name="test_jacobian_inverse_transposed_shape[&lt;lambda&gt;8]" time="0.0004324913024902344"><skipped message="Suite splitting in effect" type="pytest.skip">src/pymortests/affine_grid.py:85: Suite splitting in effect</skipped></testcase><testcase classname="src.pymortests.affine_grid" file="src/pymortests/affine_grid.py" line="85" name="test_jacobian_inverse_transposed_shape[&lt;lambda&gt;9]" time="0.0004189014434814453"><skipped message="Suite splitting in effect" type="pytest.skip">src/pymortests/affine_grid.py:85: Suite splitting in effect</skipped></testcase><testcase classname="src.pymortests.affine_grid" file="src/pymortests/affine_grid.py" line="85" name="test_jacobian_inverse_transposed_shape[&lt;lambda&gt;10]" time="0.00047469139099121094"><skipped message="Suite splitting in effect" type="pytest.skip">src/pymortests/affine_grid.py:85: Suite splitting in effect</skipped></testcase><testcase classname="src.pymortests.affine_grid" file="src/pymortests/affine_grid.py" line="85" name="test_jacobian_inverse_transposed_shape[&lt;lambda&gt;11]" time="0.0011248588562011719"><skipped message="Suite splitting in effect" type="pytest.skip">src/pymortests/affine_grid.py:85: Suite splitting in effect</skipped></testcase><testcase classname="src.pymortests.affine_grid" file="src/pymortests/affine_grid.py" line="85" name="test_jacobian_inverse_transposed_shape[&lt;lambda&gt;12]" time="0.0004379749298095703"><skipped message="Suite splitting in effect" type="pytest.skip">src/pymortests/affine_grid.py:85: Suite splitting in effect</skipped></testcase><testcase classname="src.pymortests.affine_grid" file="src/pymortests/affine_grid.py" line="85" name="test_jacobian_inverse_transposed_shape[&lt;lambda&gt;13]" time="0.00040531158447265625"><skipped message="Suite splitting in effect" type="pytest.skip">src/pymortests/affine_grid.py:85: Suite splitting in effect</skipped></testcase><testcase classname="src.pymortests.affine_grid" file="src/pymortests/affine_grid.py" line="85" name="test_jacobian_inverse_transposed_shape[&lt;lambda&gt;14]" time="0.00041985511779785156"><skipped message="Suite splitting in effect" type="pytest.skip">src/pymortests/affine_grid.py:85: Suite splitting in effect</skipped></testcase><testcase classname="src.pymortests.affine_grid" file="src/pymortests/affine_grid.py" line="85" name="test_jacobian_inverse_transposed_shape[&lt;lambda&gt;15]" time="0.0004563331604003906"><skipped message="Suite splitting in effect" type="pytest.skip">src/pymortests/affine_grid.py:85: Suite splitting in effect</skipped></testcase><testcase classname="src.pymortests.affine_grid" file="src/pymortests/affine_grid.py" line="85" name="test_jacobian_inverse_transposed_shape[&lt;lambda&gt;16]" time="0.0004191398620605469"><skipped message="Suite splitting in effect" type="pytest.skip">src/pymortests/affine_grid.py:85: Suite splitting in effect</skipped></testcase><testcase classname="src.pymortests.affine_grid" file="src/pymortests/affine_grid.py" line="85" name="test_jacobian_inverse_transposed_shape[&lt;lambda&gt;17]" time="0.00042724609375"><skipped message="Suite splitting in effect" type="pytest.skip">src/pymortests/affine_grid.py:85: Suite splitting in effect</skipped></testcase><testcase classname="src.pymortests.affine_grid" file="src/pymortests/affine_grid.py" line="85" name="test_jacobian_inverse_transposed_shape[&lt;lambda&gt;18]" time="0.000484466552734375"><skipped message="Suite splitting in effect" type="pytest.skip">src/pymortests/affine_grid.py:85: Suite splitting in effect</skipped></testcase><testcase classname="src.pymortests.affine_grid" file="src/pymortests/affine_grid.py" line="85" name="test_jacobian_inverse_transposed_shape[&lt;lambda&gt;19]" time="0.0006921291351318359"><skipped message="Suite splitting in effect" type="pytest.skip">src/pymortests/affine_grid.py:85: Suite splitting in effect</skipped></testcase><testcase classname="src.pymortests.affine_grid" file="src/pymortests/affine_grid.py" line="85" name="test_jacobian_inverse_transposed_shape[&lt;lambda&gt;20]" time="0.0004146099090576172"><skipped message="Suite splitting in effect" type="pytest.skip">src/pymortests/affine_grid.py:85: Suite splitting in effect</skipped></testcase><testcase classname="src.pymortests.affine_grid" file="src/pymortests/affine_grid.py" line="85" name="test_jacobian_inverse_transposed_shape[&lt;lambda&gt;21]" time="0.0004153251647949219"><skipped message="Suite splitting in effect" type="pytest.skip">src/pymortests/affine_grid.py:85: Suite splitting in effect</skipped></testcase><testcase classname="src.pymortests.affine_grid" file="src/pymortests/affine_grid.py" line="85" name="test_jacobian_inverse_transposed_shape[&lt;lambda&gt;22]" time="0.00041031837463378906"><skipped message="Suite splitting in effect" type="pytest.skip">src/pymortests/affine_grid.py:85: Suite splitting in effect</skipped></testcase><testcase classname="src.pymortests.affine_grid" file="src/pymortests/affine_grid.py" line="85" name="test_jacobian_inverse_transposed_shape[&lt;lambda&gt;23]" time="0.000453948974609375"><skipped message="Suite splitting in effect" type="pytest.skip">src/pymortests/affine_grid.py:85: Suite splitting in effect</skipped></testcase><testcase classname="src.pymortests.affine_grid" file="src/pymortests/affine_grid.py" line="85" name="test_jacobian_inverse_transposed_shape[&lt;lambda&gt;24]" time="0.0004189014434814453"><skipped message="Suite splitting in effect" type="pytest.skip">src/pymortests/affine_grid.py:85: Suite splitting in effect</skipped></testcase><testcase classname="src.pymortests.affine_grid" file="src/pymortests/affine_grid.py" line="85" name="test_jacobian_inverse_transposed_shape[&lt;lambda&gt;25]" time="0.0004093647003173828"><skipped message="Suite splitting in effect" type="pytest.skip">src/pymortests/affine_grid.py:85: Suite splitting in effect</skipped></testcase><testcase classname="src.pymortests.affine_grid" file="src/pymortests/affine_grid.py" line="85" name="test_jacobian_inverse_transposed_shape[&lt;lambda&gt;26]" time="0.0004322528839111328"><skipped message="Suite splitting in effect" type="pytest.skip">src/pymortests/affine_grid.py:85: Suite splitting in effect</skipped></testcase><testcase classname="src.pymortests.affine_grid" file="src/pymortests/affine_grid.py" line="85" name="test_jacobian_inverse_transposed_shape[&lt;lambda&gt;27]" time="0.0006582736968994141"><skipped message="Suite splitting in effect" type="pytest.skip">src/pymortests/affine_grid.py:85: Suite splitting in effect</skipped></testcase><testcase classname="src.pymortests.affine_grid" file="src/pymortests/affine_grid.py" line="85" name="test_jacobian_inverse_transposed_shape[&lt;lambda&gt;28]" time="0.0004165172576904297"><skipped message="Suite splitting in effect" type="pytest.skip">src/pymortests/affine_grid.py:85: Suite splitting in effect</skipped></testcase><testcase classname="src.pymortests.affine_grid" file="src/pymortests/affine_grid.py" line="85" name="test_jacobian_inverse_transposed_shape[&lt;lambda&gt;29]" time="0.0004165172576904297"><skipped message="Suite splitting in effect" type="pytest.skip">src/pymortests/affine_grid.py:85: Suite splitting in effect</skipped></testcase><testcase classname="src.pymortests.affine_grid" file="src/pymortests/affine_grid.py" line="85" name="test_jacobian_inverse_transposed_shape[&lt;lambda&gt;30]" time="0.0004277229309082031"><skipped message="Suite splitting in effect" type="pytest.skip">src/pymortests/affine_grid.py:85: Suite splitting in effect</skipped></testcase><testcase classname="src.pymortests.affine_grid" file="src/pymortests/affine_grid.py" line="85" name="test_jacobian_inverse_transposed_shape[&lt;lambda&gt;31]" time="0.0004367828369140625"><skipped message="Suite splitting in effect" type="pytest.skip">src/pymortests/affine_grid.py:85: Suite splitting in effect</skipped></testcase><testcase classname="src.pymortests.affine_grid" file="src/pymortests/affine_grid.py" line="85" name="test_jacobian_inverse_transposed_shape[&lt;lambda&gt;32]" time="0.0004215240478515625"><skipped message="Suite splitting in effect" type="pytest.skip">src/pymortests/affine_grid.py:85: Suite splitting in effect</skipped></testcase><testcase classname="src.pymortests.affine_grid" file="src/pymortests/affine_grid.py" line="85" name="test_jacobian_inverse_transposed_shape[&lt;lambda&gt;33]" time="0.0004169940948486328"><skipped message="Suite splitting in effect" type="pytest.skip">src/pymortests/affine_grid.py:85: Suite splitting in effect</skipped></testcase><testcase classname="src.pymortests.affine_grid" file="src/pymortests/affine_grid.py" line="85" name="test_jacobian_inverse_transposed_shape[&lt;lambda&gt;34]" time="0.000415802001953125"><skipped message="Suite splitting in effect" type="pytest.skip">src/pymortests/affine_grid.py:85: Suite splitting in effect</skipped></testcase><testcase classname="src.pymortests.affine_grid" file="src/pymortests/affine_grid.py" line="85" name="test_jacobian_inverse_transposed_shape[&lt;lambda&gt;35]" time="0.00041675567626953125"><skipped message="Suite splitting in effect" type="pytest.skip">src/pymortests/affine_grid.py:85: Suite splitting in effect</skipped></testcase><testcase classname="src.pymortests.affine_grid" file="src/pymortests/affine_grid.py" line="85" name="test_jacobian_inverse_transposed_shape[&lt;lambda&gt;36]" time="0.0004150867462158203"><skipped message="Suite splitting in effect" type="pytest.skip">src/pymortests/affine_grid.py:85: Suite splitting in effect</skipped></testcase><testcase classname="src.pymortests.affine_grid" file="src/pymortests/affine_grid.py" line="85" name="test_jacobian_inverse_transposed_shape[&lt;lambda&gt;37]" time="0.00041961669921875"><skipped message="Suite splitting in effect" type="pytest.skip">src/pymortests/affine_grid.py:85: Suite splitting in effect</skipped></testcase><testcase classname="src.pymortests.affine_grid" file="src/pymortests/affine_grid.py" line="85" name="test_jacobian_inverse_transposed_shape[&lt;lambda&gt;38]" time="0.0004189014434814453"><skipped message="Suite splitting in effect" type="pytest.skip">src/pymortests/affine_grid.py:85: Suite splitting in effect</skipped></testcase><testcase classname="src.pymortests.affine_grid" file="src/pymortests/affine_grid.py" line="85" name="test_jacobian_inverse_transposed_shape[&lt;lambda&gt;39]" time="0.0004227161407470703"><skipped message="Suite splitting in effect" type="pytest.skip">src/pymortests/affine_grid.py:85: Suite splitting in effect</skipped></testcase><testcase classname="src.pymortests.affine_grid" file="src/pymortests/affine_grid.py" line="85" name="test_jacobian_inverse_transposed_shape[&lt;lambda&gt;40]" time="0.00041866302490234375"><skipped message="Suite splitting in effect" type="pytest.skip">src/pymortests/affine_grid.py:85: Suite splitting in effect</skipped></testcase><testcase classname="src.pymortests.affine_grid" file="src/pymortests/affine_grid.py" line="85" name="test_jacobian_inverse_transposed_shape[&lt;lambda&gt;41]" time="0.00040793418884277344"><skipped message="Suite splitting in effect" type="pytest.skip">src/pymortests/affine_grid.py:85: Suite splitting in effect</skipped></testcase><testcase classname="src.pymortests.affine_grid" file="src/pymortests/affine_grid.py" line="85" name="test_jacobian_inverse_transposed_shape[&lt;lambda&gt;42]" time="0.0004229545593261719"><skipped message="Suite splitting in effect" type="pytest.skip">src/pymortests/affine_grid.py:85: Suite splitting in effect</skipped></testcase><testcase classname="src.pymortests.affine_grid" file="src/pymortests/affine_grid.py" line="91" name="test_jacobian_inverse_transposed_values[&lt;lambda&gt;0]" time="0.0004076957702636719"><skipped message="Suite splitting in effect" type="pytest.skip">src/pymortests/affine_grid.py:91: Suite splitting in effect</skipped></testcase><testcase classname="src.pymortests.affine_grid" file="src/pymortests/affine_grid.py" line="91" name="test_jacobian_inverse_transposed_values[&lt;lambda&gt;1]" time="0.00041937828063964844"><skipped message="Suite splitting in effect" type="pytest.skip">src/pymortests/affine_grid.py:91: Suite splitting in effect</skipped></testcase><testcase classname="src.pymortests.affine_grid" file="src/pymortests/affine_grid.py" line="91" name="test_jacobian_inverse_transposed_values[&lt;lambda&gt;2]" time="0.0004394054412841797"><skipped message="Suite splitting in effect" type="pytest.skip">src/pymortests/affine_grid.py:91: Suite splitting in effect</skipped></testcase><testcase classname="src.pymortests.affine_grid" file="src/pymortests/affine_grid.py" line="91" name="test_jacobian_inverse_transposed_values[&lt;lambda&gt;3]" time="0.0004374980926513672"><skipped message="Suite splitting in effect" type="pytest.skip">src/pymortests/affine_grid.py:91: Suite splitting in effect</skipped></testcase><testcase classname="src.pymortests.affine_grid" file="src/pymortests/affine_grid.py" line="91" name="test_jacobian_inverse_transposed_values[&lt;lambda&gt;4]" time="0.0004177093505859375"><skipped message="Suite splitting in effect" type="pytest.skip">src/pymortests/affine_grid.py:91: Suite splitting in effect</skipped></testcase><testcase classname="src.pymortests.affine_grid" file="src/pymortests/affine_grid.py" line="91" name="test_jacobian_inverse_transposed_values[&lt;lambda&gt;5]" time="0.00045180320739746094"><skipped message="Suite splitting in effect" type="pytest.skip">src/pymortests/affine_grid.py:91: Suite splitting in effect</skipped></testcase><testcase classname="src.pymortests.affine_grid" file="src/pymortests/affine_grid.py" line="91" name="test_jacobian_inverse_transposed_values[&lt;lambda&gt;6]" time="0.0004372596740722656"><skipped message="Suite splitting in effect" type="pytest.skip">src/pymortests/affine_grid.py:91: Suite splitting in effect</skipped></testcase><testcase classname="src.pymortests.affine_grid" file="src/pymortests/affine_grid.py" line="91" name="test_jacobian_inverse_transposed_values[&lt;lambda&gt;7]" time="0.0004227161407470703"><skipped message="Suite splitting in effect" type="pytest.skip">src/pymortests/affine_grid.py:91: Suite splitting in effect</skipped></testcase><testcase classname="src.pymortests.affine_grid" file="src/pymortests/affine_grid.py" line="91" name="test_jacobian_inverse_transposed_values[&lt;lambda&gt;8]" time="0.00043892860412597656"><skipped message="Suite splitting in effect" type="pytest.skip">src/pymortests/affine_grid.py:91: Suite splitting in effect</skipped></testcase><testcase classname="src.pymortests.affine_grid" file="src/pymortests/affine_grid.py" line="91" name="test_jacobian_inverse_transposed_values[&lt;lambda&gt;9]" time="0.0004239082336425781"><skipped message="Suite splitting in effect" type="pytest.skip">src/pymortests/affine_grid.py:91: Suite splitting in effect</skipped></testcase><testcase classname="src.pymortests.affine_grid" file="src/pymortests/affine_grid.py" line="91" name="test_jacobian_inverse_transposed_values[&lt;lambda&gt;10]" time="0.0004248619079589844"><skipped message="Suite splitting in effect" type="pytest.skip">src/pymortests/affine_grid.py:91: Suite splitting in effect</skipped></testcase><testcase classname="src.pymortests.affine_grid" file="src/pymortests/affine_grid.py" line="91" name="test_jacobian_inverse_transposed_values[&lt;lambda&gt;11]" time="0.00041747093200683594"><skipped message="Suite splitting in effect" type="pytest.skip">src/pymortests/affine_grid.py:91: Suite splitting in effect</skipped></testcase><testcase classname="src.pymortests.affine_grid" file="src/pymortests/affine_grid.py" line="91" name="test_jacobian_inverse_transposed_values[&lt;lambda&gt;12]" time="0.00041294097900390625"><skipped message="Suite splitting in effect" type="pytest.skip">src/pymortests/affine_grid.py:91: Suite splitting in effect</skipped></testcase><testcase classname="src.pymortests.affine_grid" file="src/pymortests/affine_grid.py" line="91" name="test_jacobian_inverse_transposed_values[&lt;lambda&gt;13]" time="0.0004489421844482422"><skipped message="Suite splitting in effect" type="pytest.skip">src/pymortests/affine_grid.py:91: Suite splitting in effect</skipped></testcase><testcase classname="src.pymortests.affine_grid" file="src/pymortests/affine_grid.py" line="91" name="test_jacobian_inverse_transposed_values[&lt;lambda&gt;14]" time="0.0004417896270751953"><skipped message="Suite splitting in effect" type="pytest.skip">src/pymortests/affine_grid.py:91: Suite splitting in effect</skipped></testcase><testcase classname="src.pymortests.affine_grid" file="src/pymortests/affine_grid.py" line="91" name="test_jacobian_inverse_transposed_values[&lt;lambda&gt;15]" time="0.0004341602325439453"><skipped message="Suite splitting in effect" type="pytest.skip">src/pymortests/affine_grid.py:91: Suite splitting in effect</skipped></testcase><testcase classname="src.pymortests.affine_grid" file="src/pymortests/affine_grid.py" line="91" name="test_jacobian_inverse_transposed_values[&lt;lambda&gt;16]" time="0.0004150867462158203"><skipped message="Suite splitting in effect" type="pytest.skip">src/pymortests/affine_grid.py:91: Suite splitting in effect</skipped></testcase><testcase classname="src.pymortests.affine_grid" file="src/pymortests/affine_grid.py" line="91" name="test_jacobian_inverse_transposed_values[&lt;lambda&gt;17]" time="0.00045680999755859375"><skipped message="Suite splitting in effect" type="pytest.skip">src/pymortests/affine_grid.py:91: Suite splitting in effect</skipped></testcase><testcase classname="src.pymortests.affine_grid" file="src/pymortests/affine_grid.py" line="91" name="test_jacobian_inverse_transposed_values[&lt;lambda&gt;18]" time="0.0004608631134033203"><skipped message="Suite splitting in effect" type="pytest.skip">src/pymortests/affine_grid.py:91: Suite splitting in effect</skipped></testcase><testcase classname="src.pymortests.affine_grid" file="src/pymortests/affine_grid.py" line="91" name="test_jacobian_inverse_transposed_values[&lt;lambda&gt;19]" time="0.0004508495330810547"><skipped message="Suite splitting in effect" type="pytest.skip">src/pymortests/affine_grid.py:91: Suite splitting in effect</skipped></testcase><testcase classname="src.pymortests.affine_grid" file="src/pymortests/affine_grid.py" line="91" name="test_jacobian_inverse_transposed_values[&lt;lambda&gt;20]" time="0.0005340576171875"><skipped message="Suite splitting in effect" type="pytest.skip">src/pymortests/affine_grid.py:91: Suite splitting in effect</skipped></testcase><testcase classname="src.pymortests.affine_grid" file="src/pymortests/affine_grid.py" line="91" name="test_jacobian_inverse_transposed_values[&lt;lambda&gt;21]" time="0.0004589557647705078"><skipped message="Suite splitting in effect" type="pytest.skip">src/pymortests/affine_grid.py:91: Suite splitting in effect</skipped></testcase><testcase classname="src.pymortests.affine_grid" file="src/pymortests/affine_grid.py" line="91" name="test_jacobian_inverse_transposed_values[&lt;lambda&gt;22]" time="0.00042819976806640625"><skipped message="Suite splitting in effect" type="pytest.skip">src/pymortests/affine_grid.py:91: Suite splitting in effect</skipped></testcase><testcase classname="src.pymortests.affine_grid" file="src/pymortests/affine_grid.py" line="91" name="test_jacobian_inverse_transposed_values[&lt;lambda&gt;23]" time="0.0004534721374511719"><skipped message="Suite splitting in effect" type="pytest.skip">src/pymortests/affine_grid.py:91: Suite splitting in effect</skipped></testcase><testcase classname="src.pymortests.affine_grid" file="src/pymortests/affine_grid.py" line="91" name="test_jacobian_inverse_transposed_values[&lt;lambda&gt;24]" time="0.0005385875701904297"><skipped message="Suite splitting in effect" type="pytest.skip">src/pymortests/affine_grid.py:91: Suite splitting in effect</skipped></testcase><testcase classname="src.pymortests.affine_grid" file="src/pymortests/affine_grid.py" line="91" name="test_jacobian_inverse_transposed_values[&lt;lambda&gt;25]" time="0.00043773651123046875"><skipped message="Suite splitting in effect" type="pytest.skip">src/pymortests/affine_grid.py:91: Suite splitting in effect</skipped></testcase><testcase classname="src.pymortests.affine_grid" file="src/pymortests/affine_grid.py" line="91" name="test_jacobian_inverse_transposed_values[&lt;lambda&gt;26]" time="0.0004601478576660156"><skipped message="Suite splitting in effect" type="pytest.skip">src/pymortests/affine_grid.py:91: Suite splitting in effect</skipped></testcase><testcase classname="src.pymortests.affine_grid" file="src/pymortests/affine_grid.py" line="91" name="test_jacobian_inverse_transposed_values[&lt;lambda&gt;27]" time="0.000484466552734375"><skipped message="Suite splitting in effect" type="pytest.skip">src/pymortests/affine_grid.py:91: Suite splitting in effect</skipped></testcase><testcase classname="src.pymortests.affine_grid" file="src/pymortests/affine_grid.py" line="91" name="test_jacobian_inverse_transposed_values[&lt;lambda&gt;28]" time="0.00045037269592285156"><skipped message="Suite splitting in effect" type="pytest.skip">src/pymortests/affine_grid.py:91: Suite splitting in effect</skipped></testcase><testcase classname="src.pymortests.affine_grid" file="src/pymortests/affine_grid.py" line="91" name="test_jacobian_inverse_transposed_values[&lt;lambda&gt;29]" time="0.0004241466522216797"><skipped message="Suite splitting in effect" type="pytest.skip">src/pymortests/affine_grid.py:91: Suite splitting in effect</skipped></testcase><testcase classname="src.pymortests.affine_grid" file="src/pymortests/affine_grid.py" line="91" name="test_jacobian_inverse_transposed_values[&lt;lambda&gt;30]" time="0.00043773651123046875"><skipped message="Suite splitting in effect" type="pytest.skip">src/pymortests/affine_grid.py:91: Suite splitting in effect</skipped></testcase><testcase classname="src.pymortests.affine_grid" file="src/pymortests/affine_grid.py" line="91" name="test_jacobian_inverse_transposed_values[&lt;lambda&gt;31]" time="0.0004572868347167969"><skipped message="Suite splitting in effect" type="pytest.skip">src/pymortests/affine_grid.py:91: Suite splitting in effect</skipped></testcase><testcase classname="src.pymortests.affine_grid" file="src/pymortests/affine_grid.py" line="91" name="test_jacobian_inverse_transposed_values[&lt;lambda&gt;32]" time="0.00045228004455566406"><skipped message="Suite splitting in effect" type="pytest.skip">src/pymortests/affine_grid.py:91: Suite splitting in effect</skipped></testcase><testcase classname="src.pymortests.affine_grid" file="src/pymortests/affine_grid.py" line="91" name="test_jacobian_inverse_transposed_values[&lt;lambda&gt;33]" time="0.00043272972106933594"><skipped message="Suite splitting in effect" type="pytest.skip">src/pymortests/affine_grid.py:91: Suite splitting in effect</skipped></testcase><testcase classname="src.pymortests.affine_grid" file="src/pymortests/affine_grid.py" line="91" name="test_jacobian_inverse_transposed_values[&lt;lambda&gt;34]" time="0.0004780292510986328"><skipped message="Suite splitting in effect" type="pytest.skip">src/pymortests/affine_grid.py:91: Suite splitting in effect</skipped></testcase><testcase classname="src.pymortests.affine_grid" file="src/pymortests/affine_grid.py" line="91" name="test_jacobian_inverse_transposed_values[&lt;lambda&gt;35]" time="0.0005750656127929688"><skipped message="Suite splitting in effect" type="pytest.skip">src/pymortests/affine_grid.py:91: Suite splitting in effect</skipped></testcase><testcase classname="src.pymortests.affine_grid" file="src/pymortests/affine_grid.py" line="91" name="test_jacobian_inverse_transposed_values[&lt;lambda&gt;36]" time="0.0004544258117675781"><skipped message="Suite splitting in effect" type="pytest.skip">src/pymortests/affine_grid.py:91: Suite splitting in effect</skipped></testcase><testcase classname="src.pymortests.affine_grid" file="src/pymortests/affine_grid.py" line="91" name="test_jacobian_inverse_transposed_values[&lt;lambda&gt;37]" time="0.0004906654357910156"><skipped message="Suite splitting in effect" type="pytest.skip">src/pymortests/affine_grid.py:91: Suite splitting in effect</skipped></testcase><testcase classname="src.pymortests.affine_grid" file="src/pymortests/affine_grid.py" line="91" name="test_jacobian_inverse_transposed_values[&lt;lambda&gt;38]" time="0.0004200935363769531"><skipped message="Suite splitting in effect" type="pytest.skip">src/pymortests/affine_grid.py:91: Suite splitting in effect</skipped></testcase><testcase classname="src.pymortests.affine_grid" file="src/pymortests/affine_grid.py" line="91" name="test_jacobian_inverse_transposed_values[&lt;lambda&gt;39]" time="0.00041484832763671875"><skipped message="Suite splitting in effect" type="pytest.skip">src/pymortests/affine_grid.py:91: Suite splitting in effect</skipped></testcase><testcase classname="src.pymortests.affine_grid" file="src/pymortests/affine_grid.py" line="91" name="test_jacobian_inverse_transposed_values[&lt;lambda&gt;40]" time="0.0004324913024902344"><skipped message="Suite splitting in effect" type="pytest.skip">src/pymortests/affine_grid.py:91: Suite splitting in effect</skipped></testcase><testcase classname="src.pymortests.affine_grid" file="src/pymortests/affine_grid.py" line="91" name="test_jacobian_inverse_transposed_values[&lt;lambda&gt;41]" time="0.00042247772216796875"><skipped message="Suite splitting in effect" type="pytest.skip">src/pymortests/affine_grid.py:91: Suite splitting in effect</skipped></testcase><testcase classname="src.pymortests.affine_grid" file="src/pymortests/affine_grid.py" line="91" name="test_jacobian_inverse_transposed_values[&lt;lambda&gt;42]" time="0.0004439353942871094"><skipped message="Suite splitting in effect" type="pytest.skip">src/pymortests/affine_grid.py:91: Suite splitting in effect</skipped></testcase><testcase classname="src.pymortests.affine_grid" file="src/pymortests/affine_grid.py" line="100" name="test_integration_elements_wrong_arguments[&lt;lambda&gt;0]" time="0.0004153251647949219"><skipped message="Suite splitting in effect" type="pytest.skip">src/pymortests/affine_grid.py:100: Suite splitting in effect</skipped></testcase><testcase classname="src.pymortests.affine_grid" file="src/pymortests/affine_grid.py" line="100" name="test_integration_elements_wrong_arguments[&lt;lambda&gt;1]" time="0.000453948974609375"><skipped message="Suite splitting in effect" type="pytest.skip">src/pymortests/affine_grid.py:100: Suite splitting in effect</skipped></testcase><testcase classname="src.pymortests.affine_grid" file="src/pymortests/affine_grid.py" line="100" name="test_integration_elements_wrong_arguments[&lt;lambda&gt;2]" time="0.0005028247833251953"><skipped message="Suite splitting in effect" type="pytest.skip">src/pymortests/affine_grid.py:100: Suite splitting in effect</skipped></testcase><testcase classname="src.pymortests.affine_grid" file="src/pymortests/affine_grid.py" line="100" name="test_integration_elements_wrong_arguments[&lt;lambda&gt;3]" time="0.0004208087921142578"><skipped message="Suite splitting in effect" type="pytest.skip">src/pymortests/affine_grid.py:100: Suite splitting in effect</skipped></testcase><testcase classname="src.pymortests.affine_grid" file="src/pymortests/affine_grid.py" line="100" name="test_integration_elements_wrong_arguments[&lt;lambda&gt;4]" time="0.00045418739318847656"><skipped message="Suite splitting in effect" type="pytest.skip">src/pymortests/affine_grid.py:100: Suite splitting in effect</skipped></testcase><testcase classname="src.pymortests.affine_grid" file="src/pymortests/affine_grid.py" line="100" name="test_integration_elements_wrong_arguments[&lt;lambda&gt;5]" time="0.00041556358337402344"><skipped message="Suite splitting in effect" type="pytest.skip">src/pymortests/affine_grid.py:100: Suite splitting in effect</skipped></testcase><testcase classname="src.pymortests.affine_grid" file="src/pymortests/affine_grid.py" line="100" name="test_integration_elements_wrong_arguments[&lt;lambda&gt;6]" time="0.00041794776916503906"><skipped message="Suite splitting in effect" type="pytest.skip">src/pymortests/affine_grid.py:100: Suite splitting in effect</skipped></testcase><testcase classname="src.pymortests.affine_grid" file="src/pymortests/affine_grid.py" line="100" name="test_integration_elements_wrong_arguments[&lt;lambda&gt;7]" time="0.00045108795166015625"><skipped message="Suite splitting in effect" type="pytest.skip">src/pymortests/affine_grid.py:100: Suite splitting in effect</skipped></testcase><testcase classname="src.pymortests.affine_grid" file="src/pymortests/affine_grid.py" line="100" name="test_integration_elements_wrong_arguments[&lt;lambda&gt;8]" time="0.0004584789276123047"><skipped message="Suite splitting in effect" type="pytest.skip">src/pymortests/affine_grid.py:100: Suite splitting in effect</skipped></testcase><testcase classname="src.pymortests.affine_grid" file="src/pymortests/affine_grid.py" line="100" name="test_integration_elements_wrong_arguments[&lt;lambda&gt;9]" time="0.00042128562927246094"><skipped message="Suite splitting in effect" type="pytest.skip">src/pymortests/affine_grid.py:100: Suite splitting in effect</skipped></testcase><testcase classname="src.pymortests.affine_grid" file="src/pymortests/affine_grid.py" line="100" name="test_integration_elements_wrong_arguments[&lt;lambda&gt;10]" time="0.00044536590576171875"><skipped message="Suite splitting in effect" type="pytest.skip">src/pymortests/affine_grid.py:100: Suite splitting in effect</skipped></testcase><testcase classname="src.pymortests.affine_grid" file="src/pymortests/affine_grid.py" line="100" name="test_integration_elements_wrong_arguments[&lt;lambda&gt;11]" time="0.0004374980926513672"><skipped message="Suite splitting in effect" type="pytest.skip">src/pymortests/affine_grid.py:100: Suite splitting in effect</skipped></testcase><testcase classname="src.pymortests.affine_grid" file="src/pymortests/affine_grid.py" line="100" name="test_integration_elements_wrong_arguments[&lt;lambda&gt;12]" time="0.00041866302490234375"><skipped message="Suite splitting in effect" type="pytest.skip">src/pymortests/affine_grid.py:100: Suite splitting in effect</skipped></testcase><testcase classname="src.pymortests.affine_grid" file="src/pymortests/affine_grid.py" line="100" name="test_integration_elements_wrong_arguments[&lt;lambda&gt;13]" time="0.0007116794586181641"><skipped message="Suite splitting in effect" type="pytest.skip">src/pymortests/affine_grid.py:100: Suite splitting in effect</skipped></testcase><testcase classname="src.pymortests.affine_grid" file="src/pymortests/affine_grid.py" line="100" name="test_integration_elements_wrong_arguments[&lt;lambda&gt;14]" time="0.0004761219024658203"><skipped message="Suite splitting in effect" type="pytest.skip">src/pymortests/affine_grid.py:100: Suite splitting in effect</skipped></testcase><testcase classname="src.pymortests.affine_grid" file="src/pymortests/affine_grid.py" line="100" name="test_integration_elements_wrong_arguments[&lt;lambda&gt;15]" time="0.00042319297790527344"><skipped message="Suite splitting in effect" type="pytest.skip">src/pymortests/affine_grid.py:100: Suite splitting in effect</skipped></testcase><testcase classname="src.pymortests.affine_grid" file="src/pymortests/affine_grid.py" line="100" name="test_integration_elements_wrong_arguments[&lt;lambda&gt;16]" time="0.00042700767517089844"><skipped message="Suite splitting in effect" type="pytest.skip">src/pymortests/affine_grid.py:100: Suite splitting in effect</skipped></testcase><testcase classname="src.pymortests.affine_grid" file="src/pymortests/affine_grid.py" line="100" name="test_integration_elements_wrong_arguments[&lt;lambda&gt;17]" time="0.0004642009735107422"><skipped message="Suite splitting in effect" type="pytest.skip">src/pymortests/affine_grid.py:100: Suite splitting in effect</skipped></testcase><testcase classname="src.pymortests.affine_grid" file="src/pymortests/affine_grid.py" line="100" name="test_integration_elements_wrong_arguments[&lt;lambda&gt;18]" time="0.0004303455352783203"><skipped message="Suite splitting in effect" type="pytest.skip">src/pymortests/affine_grid.py:100: Suite splitting in effect</skipped></testcase><testcase classname="src.pymortests.affine_grid" file="src/pymortests/affine_grid.py" line="100" name="test_integration_elements_wrong_arguments[&lt;lambda&gt;19]" time="0.0004565715789794922"><skipped message="Suite splitting in effect" type="pytest.skip">src/pymortests/affine_grid.py:100: Suite splitting in effect</skipped></testcase><testcase classname="src.pymortests.affine_grid" file="src/pymortests/affine_grid.py" line="100" name="test_integration_elements_wrong_arguments[&lt;lambda&gt;20]" time="0.0004496574401855469"><skipped message="Suite splitting in effect" type="pytest.skip">src/pymortests/affine_grid.py:100: Suite splitting in effect</skipped></testcase><testcase classname="src.pymortests.affine_grid" file="src/pymortests/affine_grid.py" line="100" name="test_integration_elements_wrong_arguments[&lt;lambda&gt;21]" time="0.00043272972106933594"><skipped message="Suite splitting in effect" type="pytest.skip">src/pymortests/affine_grid.py:100: Suite splitting in effect</skipped></testcase><testcase classname="src.pymortests.affine_grid" file="src/pymortests/affine_grid.py" line="100" name="test_integration_elements_wrong_arguments[&lt;lambda&gt;22]" time="0.0004401206970214844"><skipped message="Suite splitting in effect" type="pytest.skip">src/pymortests/affine_grid.py:100: Suite splitting in effect</skipped></testcase><testcase classname="src.pymortests.affine_grid" file="src/pymortests/affine_grid.py" line="100" name="test_integration_elements_wrong_arguments[&lt;lambda&gt;23]" time="0.00041675567626953125"><skipped message="Suite splitting in effect" type="pytest.skip">src/pymortests/affine_grid.py:100: Suite splitting in effect</skipped></testcase><testcase classname="src.pymortests.affine_grid" file="src/pymortests/affine_grid.py" line="100" name="test_integration_elements_wrong_arguments[&lt;lambda&gt;24]" time="0.0004203319549560547"><skipped message="Suite splitting in effect" type="pytest.skip">src/pymortests/affine_grid.py:100: Suite splitting in effect</skipped></testcase><testcase classname="src.pymortests.affine_grid" file="src/pymortests/affine_grid.py" line="100" name="test_integration_elements_wrong_arguments[&lt;lambda&gt;25]" time="0.0004961490631103516"><skipped message="Suite splitting in effect" type="pytest.skip">src/pymortests/affine_grid.py:100: Suite splitting in effect</skipped></testcase><testcase classname="src.pymortests.affine_grid" file="src/pymortests/affine_grid.py" line="100" name="test_integration_elements_wrong_arguments[&lt;lambda&gt;26]" time="0.0004456043243408203"><skipped message="Suite splitting in effect" type="pytest.skip">src/pymortests/affine_grid.py:100: Suite splitting in effect</skipped></testcase><testcase classname="src.pymortests.affine_grid" file="src/pymortests/affine_grid.py" line="100" name="test_integration_elements_wrong_arguments[&lt;lambda&gt;27]" time="0.0004367828369140625"><skipped message="Suite splitting in effect" type="pytest.skip">src/pymortests/affine_grid.py:100: Suite splitting in effect</skipped></testcase><testcase classname="src.pymortests.affine_grid" file="src/pymortests/affine_grid.py" line="100" name="test_integration_elements_wrong_arguments[&lt;lambda&gt;28]" time="0.0004343986511230469"><skipped message="Suite splitting in effect" type="pytest.skip">src/pymortests/affine_grid.py:100: Suite splitting in effect</skipped></testcase><testcase classname="src.pymortests.affine_grid" file="src/pymortests/affine_grid.py" line="100" name="test_integration_elements_wrong_arguments[&lt;lambda&gt;29]" time="0.0007297992706298828"><skipped message="Suite splitting in effect" type="pytest.skip">src/pymortests/affine_grid.py:100: Suite splitting in effect</skipped></testcase><testcase classname="src.pymortests.affine_grid" file="src/pymortests/affine_grid.py" line="100" name="test_integration_elements_wrong_arguments[&lt;lambda&gt;30]" time="0.00048828125"><skipped message="Suite splitting in effect" type="pytest.skip">src/pymortests/affine_grid.py:100: Suite splitting in effect</skipped></testcase><testcase classname="src.pymortests.affine_grid" file="src/pymortests/affine_grid.py" line="100" name="test_integration_elements_wrong_arguments[&lt;lambda&gt;31]" time="0.0004367828369140625"><skipped message="Suite splitting in effect" type="pytest.skip">src/pymortests/affine_grid.py:100: Suite splitting in effect</skipped></testcase><testcase classname="src.pymortests.affine_grid" file="src/pymortests/affine_grid.py" line="100" name="test_integration_elements_wrong_arguments[&lt;lambda&gt;32]" time="0.0004305839538574219"><skipped message="Suite splitting in effect" type="pytest.skip">src/pymortests/affine_grid.py:100: Suite splitting in effect</skipped></testcase><testcase classname="src.pymortests.affine_grid" file="src/pymortests/affine_grid.py" line="100" name="test_integration_elements_wrong_arguments[&lt;lambda&gt;33]" time="0.000423431396484375"><skipped message="Suite splitting in effect" type="pytest.skip">src/pymortests/affine_grid.py:100: Suite splitting in effect</skipped></testcase><testcase classname="src.pymortests.affine_grid" file="src/pymortests/affine_grid.py" line="100" name="test_integration_elements_wrong_arguments[&lt;lambda&gt;34]" time="0.0004088878631591797"><skipped message="Suite splitting in effect" type="pytest.skip">src/pymortests/affine_grid.py:100: Suite splitting in effect</skipped></testcase><testcase classname="src.pymortests.affine_grid" file="src/pymortests/affine_grid.py" line="100" name="test_integration_elements_wrong_arguments[&lt;lambda&gt;35]" time="0.0004239082336425781"><skipped message="Suite splitting in effect" type="pytest.skip">src/pymortests/affine_grid.py:100: Suite splitting in effect</skipped></testcase><testcase classname="src.pymortests.affine_grid" file="src/pymortests/affine_grid.py" line="100" name="test_integration_elements_wrong_arguments[&lt;lambda&gt;36]" time="0.00041747093200683594"><skipped message="Suite splitting in effect" type="pytest.skip">src/pymortests/affine_grid.py:100: Suite splitting in effect</skipped></testcase><testcase classname="src.pymortests.affine_grid" file="src/pymortests/affine_grid.py" line="100" name="test_integration_elements_wrong_arguments[&lt;lambda&gt;37]" time="0.0007257461547851562"><skipped message="Suite splitting in effect" type="pytest.skip">src/pymortests/affine_grid.py:100: Suite splitting in effect</skipped></testcase><testcase classname="src.pymortests.affine_grid" file="src/pymortests/affine_grid.py" line="100" name="test_integration_elements_wrong_arguments[&lt;lambda&gt;38]" time="0.0004146099090576172"><skipped message="Suite splitting in effect" type="pytest.skip">src/pymortests/affine_grid.py:100: Suite splitting in effect</skipped></testcase><testcase classname="src.pymortests.affine_grid" file="src/pymortests/affine_grid.py" line="100" name="test_integration_elements_wrong_arguments[&lt;lambda&gt;39]" time="0.0004413127899169922"><skipped message="Suite splitting in effect" type="pytest.skip">src/pymortests/affine_grid.py:100: Suite splitting in effect</skipped></testcase><testcase classname="src.pymortests.affine_grid" file="src/pymortests/affine_grid.py" line="100" name="test_integration_elements_wrong_arguments[&lt;lambda&gt;40]" time="0.0004172325134277344"><skipped message="Suite splitting in effect" type="pytest.skip">src/pymortests/affine_grid.py:100: Suite splitting in effect</skipped></testcase><testcase classname="src.pymortests.affine_grid" file="src/pymortests/affine_grid.py" line="100" name="test_integration_elements_wrong_arguments[&lt;lambda&gt;41]" time="0.0004265308380126953"><skipped message="Suite splitting in effect" type="pytest.skip">src/pymortests/affine_grid.py:100: Suite splitting in effect</skipped></testcase><testcase classname="src.pymortests.affine_grid" file="src/pymortests/affine_grid.py" line="100" name="test_integration_elements_wrong_arguments[&lt;lambda&gt;42]" time="0.00047326087951660156"><skipped message="Suite splitting in effect" type="pytest.skip">src/pymortests/affine_grid.py:100: Suite splitting in effect</skipped></testcase><testcase classname="src.pymortests.affine_grid" file="src/pymortests/affine_grid.py" line="108" name="test_integration_elements_shape[&lt;lambda&gt;0]" time="0.0004398822784423828"><skipped message="Suite splitting in effect" type="pytest.skip">src/pymortests/affine_grid.py:108: Suite splitting in effect</skipped></testcase><testcase classname="src.pymortests.affine_grid" file="src/pymortests/affine_grid.py" line="108" name="test_integration_elements_shape[&lt;lambda&gt;1]" time="0.0004451274871826172"><skipped message="Suite splitting in effect" type="pytest.skip">src/pymortests/affine_grid.py:108: Suite splitting in effect</skipped></testcase><testcase classname="src.pymortests.affine_grid" file="src/pymortests/affine_grid.py" line="108" name="test_integration_elements_shape[&lt;lambda&gt;2]" time="0.0007283687591552734"><skipped message="Suite splitting in effect" type="pytest.skip">src/pymortests/affine_grid.py:108: Suite splitting in effect</skipped></testcase><testcase classname="src.pymortests.affine_grid" file="src/pymortests/affine_grid.py" line="108" name="test_integration_elements_shape[&lt;lambda&gt;3]" time="0.0004394054412841797"><skipped message="Suite splitting in effect" type="pytest.skip">src/pymortests/affine_grid.py:108: Suite splitting in effect</skipped></testcase><testcase classname="src.pymortests.affine_grid" file="src/pymortests/affine_grid.py" line="108" name="test_integration_elements_shape[&lt;lambda&gt;4]" time="0.00042366981506347656"><skipped message="Suite splitting in effect" type="pytest.skip">src/pymortests/affine_grid.py:108: Suite splitting in effect</skipped></testcase><testcase classname="src.pymortests.affine_grid" file="src/pymortests/affine_grid.py" line="108" name="test_integration_elements_shape[&lt;lambda&gt;5]" time="0.0004291534423828125"><skipped message="Suite splitting in effect" type="pytest.skip">src/pymortests/affine_grid.py:108: Suite splitting in effect</skipped></testcase><testcase classname="src.pymortests.affine_grid" file="src/pymortests/affine_grid.py" line="108" name="test_integration_elements_shape[&lt;lambda&gt;6]" time="0.0004258155822753906"><skipped message="Suite splitting in effect" type="pytest.skip">src/pymortests/affine_grid.py:108: Suite splitting in effect</skipped></testcase><testcase classname="src.pymortests.affine_grid" file="src/pymortests/affine_grid.py" line="108" name="test_integration_elements_shape[&lt;lambda&gt;7]" time="0.0004515647888183594"><skipped message="Suite splitting in effect" type="pytest.skip">src/pymortests/affine_grid.py:108: Suite splitting in effect</skipped></testcase><testcase classname="src.pymortests.affine_grid" file="src/pymortests/affine_grid.py" line="108" name="test_integration_elements_shape[&lt;lambda&gt;8]" time="0.0004329681396484375"><skipped message="Suite splitting in effect" type="pytest.skip">src/pymortests/affine_grid.py:108: Suite splitting in effect</skipped></testcase><testcase classname="src.pymortests.affine_grid" file="src/pymortests/affine_grid.py" line="108" name="test_integration_elements_shape[&lt;lambda&gt;9]" time="0.00044918060302734375"><skipped message="Suite splitting in effect" type="pytest.skip">src/pymortests/affine_grid.py:108: Suite splitting in effect</skipped></testcase><testcase classname="src.pymortests.affine_grid" file="src/pymortests/affine_grid.py" line="108" name="test_integration_elements_shape[&lt;lambda&gt;10]" time="0.0007331371307373047"><skipped message="Suite splitting in effect" type="pytest.skip">src/pymortests/affine_grid.py:108: Suite splitting in effect</skipped></testcase><testcase classname="src.pymortests.affine_grid" file="src/pymortests/affine_grid.py" line="108" name="test_integration_elements_shape[&lt;lambda&gt;11]" time="0.0004210472106933594"><skipped message="Suite splitting in effect" type="pytest.skip">src/pymortests/affine_grid.py:108: Suite splitting in effect</skipped></testcase><testcase classname="src.pymortests.affine_grid" file="src/pymortests/affine_grid.py" line="108" name="test_integration_elements_shape[&lt;lambda&gt;12]" time="0.00045299530029296875"><skipped message="Suite splitting in effect" type="pytest.skip">src/pymortests/affine_grid.py:108: Suite splitting in effect</skipped></testcase><testcase classname="src.pymortests.affine_grid" file="src/pymortests/affine_grid.py" line="108" name="test_integration_elements_shape[&lt;lambda&gt;13]" time="0.00041413307189941406"><skipped message="Suite splitting in effect" type="pytest.skip">src/pymortests/affine_grid.py:108: Suite splitting in effect</skipped></testcase><testcase classname="src.pymortests.affine_grid" file="src/pymortests/affine_grid.py" line="108" name="test_integration_elements_shape[&lt;lambda&gt;14]" time="0.0004220008850097656"><skipped message="Suite splitting in effect" type="pytest.skip">src/pymortests/affine_grid.py:108: Suite splitting in effect</skipped></testcase><testcase classname="src.pymortests.affine_grid" file="src/pymortests/affine_grid.py" line="108" name="test_integration_elements_shape[&lt;lambda&gt;15]" time="0.0004239082336425781"><skipped message="Suite splitting in effect" type="pytest.skip">src/pymortests/affine_grid.py:108: Suite splitting in effect</skipped></testcase><testcase classname="src.pymortests.affine_grid" file="src/pymortests/affine_grid.py" line="108" name="test_integration_elements_shape[&lt;lambda&gt;16]" time="0.0004222393035888672"><skipped message="Suite splitting in effect" type="pytest.skip">src/pymortests/affine_grid.py:108: Suite splitting in effect</skipped></testcase><testcase classname="src.pymortests.affine_grid" file="src/pymortests/affine_grid.py" line="108" name="test_integration_elements_shape[&lt;lambda&gt;17]" time="0.0004191398620605469"><skipped message="Suite splitting in effect" type="pytest.skip">src/pymortests/affine_grid.py:108: Suite splitting in effect</skipped></testcase><testcase classname="src.pymortests.affine_grid" file="src/pymortests/affine_grid.py" line="108" name="test_integration_elements_shape[&lt;lambda&gt;18]" time="0.0007224082946777344"><skipped message="Suite splitting in effect" type="pytest.skip">src/pymortests/affine_grid.py:108: Suite splitting in effect</skipped></testcase><testcase classname="src.pymortests.affine_grid" file="src/pymortests/affine_grid.py" line="108" name="test_integration_elements_shape[&lt;lambda&gt;19]" time="0.00041794776916503906"><skipped message="Suite splitting in effect" type="pytest.skip">src/pymortests/affine_grid.py:108: Suite splitting in effect</skipped></testcase><testcase classname="src.pymortests.affine_grid" file="src/pymortests/affine_grid.py" line="108" name="test_integration_elements_shape[&lt;lambda&gt;20]" time="0.0004227161407470703"><skipped message="Suite splitting in effect" type="pytest.skip">src/pymortests/affine_grid.py:108: Suite splitting in effect</skipped></testcase><testcase classname="src.pymortests.affine_grid" file="src/pymortests/affine_grid.py" line="108" name="test_integration_elements_shape[&lt;lambda&gt;21]" time="0.00045871734619140625"><skipped message="Suite splitting in effect" type="pytest.skip">src/pymortests/affine_grid.py:108: Suite splitting in effect</skipped></testcase><testcase classname="src.pymortests.affine_grid" file="src/pymortests/affine_grid.py" line="108" name="test_integration_elements_shape[&lt;lambda&gt;22]" time="0.00042819976806640625"><skipped message="Suite splitting in effect" type="pytest.skip">src/pymortests/affine_grid.py:108: Suite splitting in effect</skipped></testcase><testcase classname="src.pymortests.affine_grid" file="src/pymortests/affine_grid.py" line="108" name="test_integration_elements_shape[&lt;lambda&gt;23]" time="0.0004489421844482422"><skipped message="Suite splitting in effect" type="pytest.skip">src/pymortests/affine_grid.py:108: Suite splitting in effect</skipped></testcase><testcase classname="src.pymortests.affine_grid" file="src/pymortests/affine_grid.py" line="108" name="test_integration_elements_shape[&lt;lambda&gt;24]" time="0.00044727325439453125"><skipped message="Suite splitting in effect" type="pytest.skip">src/pymortests/affine_grid.py:108: Suite splitting in effect</skipped></testcase><testcase classname="src.pymortests.affine_grid" file="src/pymortests/affine_grid.py" line="108" name="test_integration_elements_shape[&lt;lambda&gt;25]" time="0.00041174888610839844"><skipped message="Suite splitting in effect" type="pytest.skip">src/pymortests/affine_grid.py:108: Suite splitting in effect</skipped></testcase><testcase classname="src.pymortests.affine_grid" file="src/pymortests/affine_grid.py" line="108" name="test_integration_elements_shape[&lt;lambda&gt;26]" time="0.0007259845733642578"><skipped message="Suite splitting in effect" type="pytest.skip">src/pymortests/affine_grid.py:108: Suite splitting in effect</skipped></testcase><testcase classname="src.pymortests.affine_grid" file="src/pymortests/affine_grid.py" line="108" name="test_integration_elements_shape[&lt;lambda&gt;27]" time="0.0004172325134277344"><skipped message="Suite splitting in effect" type="pytest.skip">src/pymortests/affine_grid.py:108: Suite splitting in effect</skipped></testcase><testcase classname="src.pymortests.affine_grid" file="src/pymortests/affine_grid.py" line="108" name="test_integration_elements_shape[&lt;lambda&gt;28]" time="0.0004496574401855469"><skipped message="Suite splitting in effect" type="pytest.skip">src/pymortests/affine_grid.py:108: Suite splitting in effect</skipped></testcase><testcase classname="src.pymortests.affine_grid" file="src/pymortests/affine_grid.py" line="108" name="test_integration_elements_shape[&lt;lambda&gt;29]" time="0.0004475116729736328"><skipped message="Suite splitting in effect" type="pytest.skip">src/pymortests/affine_grid.py:108: Suite splitting in effect</skipped></testcase><testcase classname="src.pymortests.affine_grid" file="src/pymortests/affine_grid.py" line="108" name="test_integration_elements_shape[&lt;lambda&gt;30]" time="0.0004343986511230469"><skipped message="Suite splitting in effect" type="pytest.skip">src/pymortests/affine_grid.py:108: Suite splitting in effect</skipped></testcase><testcase classname="src.pymortests.affine_grid" file="src/pymortests/affine_grid.py" line="108" name="test_integration_elements_shape[&lt;lambda&gt;31]" time="0.0004265308380126953"><skipped message="Suite splitting in effect" type="pytest.skip">src/pymortests/affine_grid.py:108: Suite splitting in effect</skipped></testcase><testcase classname="src.pymortests.affine_grid" file="src/pymortests/affine_grid.py" line="108" name="test_integration_elements_shape[&lt;lambda&gt;32]" time="0.0004317760467529297"><skipped message="Suite splitting in effect" type="pytest.skip">src/pymortests/affine_grid.py:108: Suite splitting in effect</skipped></testcase><testcase classname="src.pymortests.affine_grid" file="src/pymortests/affine_grid.py" line="108" name="test_integration_elements_shape[&lt;lambda&gt;33]" time="0.0004336833953857422"><skipped message="Suite splitting in effect" type="pytest.skip">src/pymortests/affine_grid.py:108: Suite splitting in effect</skipped></testcase><testcase classname="src.pymortests.affine_grid" file="src/pymortests/affine_grid.py" line="108" name="test_integration_elements_shape[&lt;lambda&gt;34]" time="0.0007054805755615234"><skipped message="Suite splitting in effect" type="pytest.skip">src/pymortests/affine_grid.py:108: Suite splitting in effect</skipped></testcase><testcase classname="src.pymortests.affine_grid" file="src/pymortests/affine_grid.py" line="108" name="test_integration_elements_shape[&lt;lambda&gt;35]" time="0.0004184246063232422"><skipped message="Suite splitting in effect" type="pytest.skip">src/pymortests/affine_grid.py:108: Suite splitting in effect</skipped></testcase><testcase classname="src.pymortests.affine_grid" file="src/pymortests/affine_grid.py" line="108" name="test_integration_elements_shape[&lt;lambda&gt;36]" time="0.00045371055603027344"><skipped message="Suite splitting in effect" type="pytest.skip">src/pymortests/affine_grid.py:108: Suite splitting in effect</skipped></testcase><testcase classname="src.pymortests.affine_grid" file="src/pymortests/affine_grid.py" line="108" name="test_integration_elements_shape[&lt;lambda&gt;37]" time="0.0004329681396484375"><skipped message="Suite splitting in effect" type="pytest.skip">src/pymortests/affine_grid.py:108: Suite splitting in effect</skipped></testcase><testcase classname="src.pymortests.affine_grid" file="src/pymortests/affine_grid.py" line="108" name="test_integration_elements_shape[&lt;lambda&gt;38]" time="0.0004229545593261719"><skipped message="Suite splitting in effect" type="pytest.skip">src/pymortests/affine_grid.py:108: Suite splitting in effect</skipped></testcase><testcase classname="src.pymortests.affine_grid" file="src/pymortests/affine_grid.py" line="108" name="test_integration_elements_shape[&lt;lambda&gt;39]" time="0.0004076957702636719"><skipped message="Suite splitting in effect" type="pytest.skip">src/pymortests/affine_grid.py:108: Suite splitting in effect</skipped></testcase><testcase classname="src.pymortests.affine_grid" file="src/pymortests/affine_grid.py" line="108" name="test_integration_elements_shape[&lt;lambda&gt;40]" time="0.0004265308380126953"><skipped message="Suite splitting in effect" type="pytest.skip">src/pymortests/affine_grid.py:108: Suite splitting in effect</skipped></testcase><testcase classname="src.pymortests.affine_grid" file="src/pymortests/affine_grid.py" line="108" name="test_integration_elements_shape[&lt;lambda&gt;41]" time="0.00043964385986328125"><skipped message="Suite splitting in effect" type="pytest.skip">src/pymortests/affine_grid.py:108: Suite splitting in effect</skipped></testcase><testcase classname="src.pymortests.affine_grid" file="src/pymortests/affine_grid.py" line="108" name="test_integration_elements_shape[&lt;lambda&gt;42]" time="0.0007622241973876953"><skipped message="Suite splitting in effect" type="pytest.skip">src/pymortests/affine_grid.py:108: Suite splitting in effect</skipped></testcase><testcase classname="src.pymortests.affine_grid" file="src/pymortests/affine_grid.py" line="114" name="test_integration_elements_values[&lt;lambda&gt;0]" time="0.0004150867462158203"><skipped message="Suite splitting in effect" type="pytest.skip">src/pymortests/affine_grid.py:114: Suite splitting in effect</skipped></testcase><testcase classname="src.pymortests.affine_grid" file="src/pymortests/affine_grid.py" line="114" name="test_integration_elements_values[&lt;lambda&gt;1]" time="0.0004382133483886719"><skipped message="Suite splitting in effect" type="pytest.skip">src/pymortests/affine_grid.py:114: Suite splitting in effect</skipped></testcase><testcase classname="src.pymortests.affine_grid" file="src/pymortests/affine_grid.py" line="114" name="test_integration_elements_values[&lt;lambda&gt;2]" time="0.0004229545593261719"><skipped message="Suite splitting in effect" type="pytest.skip">src/pymortests/affine_grid.py:114: Suite splitting in effect</skipped></testcase><testcase classname="src.pymortests.affine_grid" file="src/pymortests/affine_grid.py" line="114" name="test_integration_elements_values[&lt;lambda&gt;3]" time="0.00047326087951660156"><skipped message="Suite splitting in effect" type="pytest.skip">src/pymortests/affine_grid.py:114: Suite splitting in effect</skipped></testcase><testcase classname="src.pymortests.affine_grid" file="src/pymortests/affine_grid.py" line="114" name="test_integration_elements_values[&lt;lambda&gt;4]" time="0.00041675567626953125"><skipped message="Suite splitting in effect" type="pytest.skip">src/pymortests/affine_grid.py:114: Suite splitting in effect</skipped></testcase><testcase classname="src.pymortests.affine_grid" file="src/pymortests/affine_grid.py" line="114" name="test_integration_elements_values[&lt;lambda&gt;5]" time="0.0004398822784423828"><skipped message="Suite splitting in effect" type="pytest.skip">src/pymortests/affine_grid.py:114: Suite splitting in effect</skipped></testcase><testcase classname="src.pymortests.affine_grid" file="src/pymortests/affine_grid.py" line="114" name="test_integration_elements_values[&lt;lambda&gt;6]" time="0.0004456043243408203"><skipped message="Suite splitting in effect" type="pytest.skip">src/pymortests/affine_grid.py:114: Suite splitting in effect</skipped></testcase><testcase classname="src.pymortests.affine_grid" file="src/pymortests/affine_grid.py" line="114" name="test_integration_elements_values[&lt;lambda&gt;7]" time="0.0007200241088867188"><skipped message="Suite splitting in effect" type="pytest.skip">src/pymortests/affine_grid.py:114: Suite splitting in effect</skipped></testcase><testcase classname="src.pymortests.affine_grid" file="src/pymortests/affine_grid.py" line="114" name="test_integration_elements_values[&lt;lambda&gt;8]" time="0.0004057884216308594"><skipped message="Suite splitting in effect" type="pytest.skip">src/pymortests/affine_grid.py:114: Suite splitting in effect</skipped></testcase><testcase classname="src.pymortests.affine_grid" file="src/pymortests/affine_grid.py" line="114" name="test_integration_elements_values[&lt;lambda&gt;9]" time="0.0004181861877441406"><skipped message="Suite splitting in effect" type="pytest.skip">src/pymortests/affine_grid.py:114: Suite splitting in effect</skipped></testcase><testcase classname="src.pymortests.affine_grid" file="src/pymortests/affine_grid.py" line="114" name="test_integration_elements_values[&lt;lambda&gt;10]" time="0.0004265308380126953"><skipped message="Suite splitting in effect" type="pytest.skip">src/pymortests/affine_grid.py:114: Suite splitting in effect</skipped></testcase><testcase classname="src.pymortests.affine_grid" file="src/pymortests/affine_grid.py" line="114" name="test_integration_elements_values[&lt;lambda&gt;11]" time="0.00042700767517089844"><skipped message="Suite splitting in effect" type="pytest.skip">src/pymortests/affine_grid.py:114: Suite splitting in effect</skipped></testcase><testcase classname="src.pymortests.affine_grid" file="src/pymortests/affine_grid.py" line="114" name="test_integration_elements_values[&lt;lambda&gt;12]" time="0.0005075931549072266"><skipped message="Suite splitting in effect" type="pytest.skip">src/pymortests/affine_grid.py:114: Suite splitting in effect</skipped></testcase><testcase classname="src.pymortests.affine_grid" file="src/pymortests/affine_grid.py" line="114" name="test_integration_elements_values[&lt;lambda&gt;13]" time="0.0004203319549560547"><skipped message="Suite splitting in effect" type="pytest.skip">src/pymortests/affine_grid.py:114: Suite splitting in effect</skipped></testcase><testcase classname="src.pymortests.affine_grid" file="src/pymortests/affine_grid.py" line="114" name="test_integration_elements_values[&lt;lambda&gt;14]" time="0.00041413307189941406"><skipped message="Suite splitting in effect" type="pytest.skip">src/pymortests/affine_grid.py:114: Suite splitting in effect</skipped></testcase><testcase classname="src.pymortests.affine_grid" file="src/pymortests/affine_grid.py" line="114" name="test_integration_elements_values[&lt;lambda&gt;15]" time="0.0006909370422363281"><skipped message="Suite splitting in effect" type="pytest.skip">src/pymortests/affine_grid.py:114: Suite splitting in effect</skipped></testcase><testcase classname="src.pymortests.affine_grid" file="src/pymortests/affine_grid.py" line="114" name="test_integration_elements_values[&lt;lambda&gt;16]" time="0.0004534721374511719"><skipped message="Suite splitting in effect" type="pytest.skip">src/pymortests/affine_grid.py:114: Suite splitting in effect</skipped></testcase><testcase classname="src.pymortests.affine_grid" file="src/pymortests/affine_grid.py" line="114" name="test_integration_elements_values[&lt;lambda&gt;17]" time="0.00043487548828125"><skipped message="Suite splitting in effect" type="pytest.skip">src/pymortests/affine_grid.py:114: Suite splitting in effect</skipped></testcase><testcase classname="src.pymortests.affine_grid" file="src/pymortests/affine_grid.py" line="114" name="test_integration_elements_values[&lt;lambda&gt;18]" time="0.00042128562927246094"><skipped message="Suite splitting in effect" type="pytest.skip">src/pymortests/affine_grid.py:114: Suite splitting in effect</skipped></testcase><testcase classname="src.pymortests.affine_grid" file="src/pymortests/affine_grid.py" line="114" name="test_integration_elements_values[&lt;lambda&gt;19]" time="0.00042629241943359375"><skipped message="Suite splitting in effect" type="pytest.skip">src/pymortests/affine_grid.py:114: Suite splitting in effect</skipped></testcase><testcase classname="src.pymortests.affine_grid" file="src/pymortests/affine_grid.py" line="114" name="test_integration_elements_values[&lt;lambda&gt;20]" time="0.00042629241943359375"><skipped message="Suite splitting in effect" type="pytest.skip">src/pymortests/affine_grid.py:114: Suite splitting in effect</skipped></testcase><testcase classname="src.pymortests.affine_grid" file="src/pymortests/affine_grid.py" line="114" name="test_integration_elements_values[&lt;lambda&gt;21]" time="0.0004665851593017578"><skipped message="Suite splitting in effect" type="pytest.skip">src/pymortests/affine_grid.py:114: Suite splitting in effect</skipped></testcase><testcase classname="src.pymortests.affine_grid" file="src/pymortests/affine_grid.py" line="114" name="test_integration_elements_values[&lt;lambda&gt;22]" time="0.00045013427734375"><skipped message="Suite splitting in effect" type="pytest.skip">src/pymortests/affine_grid.py:114: Suite splitting in effect</skipped></testcase><testcase classname="src.pymortests.affine_grid" file="src/pymortests/affine_grid.py" line="114" name="test_integration_elements_values[&lt;lambda&gt;23]" time="0.0007188320159912109"><skipped message="Suite splitting in effect" type="pytest.skip">src/pymortests/affine_grid.py:114: Suite splitting in effect</skipped></testcase><testcase classname="src.pymortests.affine_grid" file="src/pymortests/affine_grid.py" line="114" name="test_integration_elements_values[&lt;lambda&gt;24]" time="0.0004489421844482422"><skipped message="Suite splitting in effect" type="pytest.skip">src/pymortests/affine_grid.py:114: Suite splitting in effect</skipped></testcase><testcase classname="src.pymortests.affine_grid" file="src/pymortests/affine_grid.py" line="114" name="test_integration_elements_values[&lt;lambda&gt;25]" time="0.0004818439483642578"><skipped message="Suite splitting in effect" type="pytest.skip">src/pymortests/affine_grid.py:114: Suite splitting in effect</skipped></testcase><testcase classname="src.pymortests.affine_grid" file="src/pymortests/affine_grid.py" line="114" name="test_integration_elements_values[&lt;lambda&gt;26]" time="0.0004286766052246094"><skipped message="Suite splitting in effect" type="pytest.skip">src/pymortests/affine_grid.py:114: Suite splitting in effect</skipped></testcase><testcase classname="src.pymortests.affine_grid" file="src/pymortests/affine_grid.py" line="114" name="test_integration_elements_values[&lt;lambda&gt;27]" time="0.0004405975341796875"><skipped message="Suite splitting in effect" type="pytest.skip">src/pymortests/affine_grid.py:114: Suite splitting in effect</skipped></testcase><testcase classname="src.pymortests.affine_grid" file="src/pymortests/affine_grid.py" line="114" name="test_integration_elements_values[&lt;lambda&gt;28]" time="0.00041604042053222656"><skipped message="Suite splitting in effect" type="pytest.skip">src/pymortests/affine_grid.py:114: Suite splitting in effect</skipped></testcase><testcase classname="src.pymortests.affine_grid" file="src/pymortests/affine_grid.py" line="114" name="test_integration_elements_values[&lt;lambda&gt;29]" time="0.0005562305450439453"><skipped message="Suite splitting in effect" type="pytest.skip">src/pymortests/affine_grid.py:114: Suite splitting in effect</skipped></testcase><testcase classname="src.pymortests.affine_grid" file="src/pymortests/affine_grid.py" line="114" name="test_integration_elements_values[&lt;lambda&gt;30]" time="0.0004124641418457031"><skipped message="Suite splitting in effect" type="pytest.skip">src/pymortests/affine_grid.py:114: Suite splitting in effect</skipped></testcase><testcase classname="src.pymortests.affine_grid" file="src/pymortests/affine_grid.py" line="114" name="test_integration_elements_values[&lt;lambda&gt;31]" time="0.001287221908569336"><skipped message="Suite splitting in effect" type="pytest.skip">src/pymortests/affine_grid.py:114: Suite splitting in effect</skipped></testcase><testcase classname="src.pymortests.affine_grid" file="src/pymortests/affine_grid.py" line="114" name="test_integration_elements_values[&lt;lambda&gt;32]" time="0.00042748451232910156"><skipped message="Suite splitting in effect" type="pytest.skip">src/pymortests/affine_grid.py:114: Suite splitting in effect</skipped></testcase><testcase classname="src.pymortests.affine_grid" file="src/pymortests/affine_grid.py" line="114" name="test_integration_elements_values[&lt;lambda&gt;33]" time="0.00043511390686035156"><skipped message="Suite splitting in effect" type="pytest.skip">src/pymortests/affine_grid.py:114: Suite splitting in effect</skipped></testcase><testcase classname="src.pymortests.affine_grid" file="src/pymortests/affine_grid.py" line="114" name="test_integration_elements_values[&lt;lambda&gt;34]" time="0.0005307197570800781"><skipped message="Suite splitting in effect" type="pytest.skip">src/pymortests/affine_grid.py:114: Suite splitting in effect</skipped></testcase><testcase classname="src.pymortests.affine_grid" file="src/pymortests/affine_grid.py" line="114" name="test_integration_elements_values[&lt;lambda&gt;35]" time="0.00041866302490234375"><skipped message="Suite splitting in effect" type="pytest.skip">src/pymortests/affine_grid.py:114: Suite splitting in effect</skipped></testcase><testcase classname="src.pymortests.affine_grid" file="src/pymortests/affine_grid.py" line="114" name="test_integration_elements_values[&lt;lambda&gt;36]" time="0.0004444122314453125"><skipped message="Suite splitting in effect" type="pytest.skip">src/pymortests/affine_grid.py:114: Suite splitting in effect</skipped></testcase><testcase classname="src.pymortests.affine_grid" file="src/pymortests/affine_grid.py" line="114" name="test_integration_elements_values[&lt;lambda&gt;37]" time="0.0004153251647949219"><skipped message="Suite splitting in effect" type="pytest.skip">src/pymortests/affine_grid.py:114: Suite splitting in effect</skipped></testcase><testcase classname="src.pymortests.affine_grid" file="src/pymortests/affine_grid.py" line="114" name="test_integration_elements_values[&lt;lambda&gt;38]" time="0.0005118846893310547"><skipped message="Suite splitting in effect" type="pytest.skip">src/pymortests/affine_grid.py:114: Suite splitting in effect</skipped></testcase><testcase classname="src.pymortests.affine_grid" file="src/pymortests/affine_grid.py" line="114" name="test_integration_elements_values[&lt;lambda&gt;39]" time="0.0007593631744384766"><skipped message="Suite splitting in effect" type="pytest.skip">src/pymortests/affine_grid.py:114: Suite splitting in effect</skipped></testcase><testcase classname="src.pymortests.affine_grid" file="src/pymortests/affine_grid.py" line="114" name="test_integration_elements_values[&lt;lambda&gt;40]" time="0.0004169940948486328"><skipped message="Suite splitting in effect" type="pytest.skip">src/pymortests/affine_grid.py:114: Suite splitting in effect</skipped></testcase><testcase classname="src.pymortests.affine_grid" file="src/pymortests/affine_grid.py" line="114" name="test_integration_elements_values[&lt;lambda&gt;41]" time="0.0004401206970214844"><skipped message="Suite splitting in effect" type="pytest.skip">src/pymortests/affine_grid.py:114: Suite splitting in effect</skipped></testcase><testcase classname="src.pymortests.affine_grid" file="src/pymortests/affine_grid.py" line="114" name="test_integration_elements_values[&lt;lambda&gt;42]" time="0.0004227161407470703"><skipped message="Suite splitting in effect" type="pytest.skip">src/pymortests/affine_grid.py:114: Suite splitting in effect</skipped></testcase><testcase classname="src.pymortests.affine_grid" file="src/pymortests/affine_grid.py" line="124" name="test_volumes_wrong_arguments[&lt;lambda&gt;0]" time="0.0005209445953369141"><skipped message="Suite splitting in effect" type="pytest.skip">src/pymortests/affine_grid.py:124: Suite splitting in effect</skipped></testcase><testcase classname="src.pymortests.affine_grid" file="src/pymortests/affine_grid.py" line="124" name="test_volumes_wrong_arguments[&lt;lambda&gt;1]" time="0.00047779083251953125"><skipped message="Suite splitting in effect" type="pytest.skip">src/pymortests/affine_grid.py:124: Suite splitting in effect</skipped></testcase><testcase classname="src.pymortests.affine_grid" file="src/pymortests/affine_grid.py" line="124" name="test_volumes_wrong_arguments[&lt;lambda&gt;2]" time="0.0004229545593261719"><skipped message="Suite splitting in effect" type="pytest.skip">src/pymortests/affine_grid.py:124: Suite splitting in effect</skipped></testcase><testcase classname="src.pymortests.affine_grid" file="src/pymortests/affine_grid.py" line="124" name="test_volumes_wrong_arguments[&lt;lambda&gt;3]" time="0.0004189014434814453"><skipped message="Suite splitting in effect" type="pytest.skip">src/pymortests/affine_grid.py:124: Suite splitting in effect</skipped></testcase><testcase classname="src.pymortests.affine_grid" file="src/pymortests/affine_grid.py" line="124" name="test_volumes_wrong_arguments[&lt;lambda&gt;4]" time="0.0007231235504150391"><skipped message="Suite splitting in effect" type="pytest.skip">src/pymortests/affine_grid.py:124: Suite splitting in effect</skipped></testcase><testcase classname="src.pymortests.affine_grid" file="src/pymortests/affine_grid.py" line="124" name="test_volumes_wrong_arguments[&lt;lambda&gt;5]" time="0.0003998279571533203"><skipped message="Suite splitting in effect" type="pytest.skip">src/pymortests/affine_grid.py:124: Suite splitting in effect</skipped></testcase><testcase classname="src.pymortests.affine_grid" file="src/pymortests/affine_grid.py" line="124" name="test_volumes_wrong_arguments[&lt;lambda&gt;6]" time="0.0004458427429199219"><skipped message="Suite splitting in effect" type="pytest.skip">src/pymortests/affine_grid.py:124: Suite splitting in effect</skipped></testcase><testcase classname="src.pymortests.affine_grid" file="src/pymortests/affine_grid.py" line="124" name="test_volumes_wrong_arguments[&lt;lambda&gt;7]" time="0.00040793418884277344"><skipped message="Suite splitting in effect" type="pytest.skip">src/pymortests/affine_grid.py:124: Suite splitting in effect</skipped></testcase><testcase classname="src.pymortests.affine_grid" file="src/pymortests/affine_grid.py" line="124" name="test_volumes_wrong_arguments[&lt;lambda&gt;8]" time="0.0004572868347167969"><skipped message="Suite splitting in effect" type="pytest.skip">src/pymortests/affine_grid.py:124: Suite splitting in effect</skipped></testcase><testcase classname="src.pymortests.affine_grid" file="src/pymortests/affine_grid.py" line="124" name="test_volumes_wrong_arguments[&lt;lambda&gt;9]" time="0.00046253204345703125"><skipped message="Suite splitting in effect" type="pytest.skip">src/pymortests/affine_grid.py:124: Suite splitting in effect</skipped></testcase><testcase classname="src.pymortests.affine_grid" file="src/pymortests/affine_grid.py" line="124" name="test_volumes_wrong_arguments[&lt;lambda&gt;10]" time="0.00045609474182128906"><skipped message="Suite splitting in effect" type="pytest.skip">src/pymortests/affine_grid.py:124: Suite splitting in effect</skipped></testcase><testcase classname="src.pymortests.affine_grid" file="src/pymortests/affine_grid.py" line="124" name="test_volumes_wrong_arguments[&lt;lambda&gt;11]" time="0.0004284381866455078"><skipped message="Suite splitting in effect" type="pytest.skip">src/pymortests/affine_grid.py:124: Suite splitting in effect</skipped></testcase><testcase classname="src.pymortests.affine_grid" file="src/pymortests/affine_grid.py" line="124" name="test_volumes_wrong_arguments[&lt;lambda&gt;12]" time="0.0007371902465820312"><skipped message="Suite splitting in effect" type="pytest.skip">src/pymortests/affine_grid.py:124: Suite splitting in effect</skipped></testcase><testcase classname="src.pymortests.affine_grid" file="src/pymortests/affine_grid.py" line="124" name="test_volumes_wrong_arguments[&lt;lambda&gt;13]" time="0.0004105567932128906"><skipped message="Suite splitting in effect" type="pytest.skip">src/pymortests/affine_grid.py:124: Suite splitting in effect</skipped></testcase><testcase classname="src.pymortests.affine_grid" file="src/pymortests/affine_grid.py" line="124" name="test_volumes_wrong_arguments[&lt;lambda&gt;14]" time="0.0004889965057373047"><skipped message="Suite splitting in effect" type="pytest.skip">src/pymortests/affine_grid.py:124: Suite splitting in effect</skipped></testcase><testcase classname="src.pymortests.affine_grid" file="src/pymortests/affine_grid.py" line="124" name="test_volumes_wrong_arguments[&lt;lambda&gt;15]" time="0.00043845176696777344"><skipped message="Suite splitting in effect" type="pytest.skip">src/pymortests/affine_grid.py:124: Suite splitting in effect</skipped></testcase><testcase classname="src.pymortests.affine_grid" file="src/pymortests/affine_grid.py" line="124" name="test_volumes_wrong_arguments[&lt;lambda&gt;16]" time="0.00041294097900390625"><skipped message="Suite splitting in effect" type="pytest.skip">src/pymortests/affine_grid.py:124: Suite splitting in effect</skipped></testcase><testcase classname="src.pymortests.affine_grid" file="src/pymortests/affine_grid.py" line="124" name="test_volumes_wrong_arguments[&lt;lambda&gt;17]" time="0.00042819976806640625"><skipped message="Suite splitting in effect" type="pytest.skip">src/pymortests/affine_grid.py:124: Suite splitting in effect</skipped></testcase><testcase classname="src.pymortests.affine_grid" file="src/pymortests/affine_grid.py" line="124" name="test_volumes_wrong_arguments[&lt;lambda&gt;18]" time="0.0004203319549560547"><skipped message="Suite splitting in effect" type="pytest.skip">src/pymortests/affine_grid.py:124: Suite splitting in effect</skipped></testcase><testcase classname="src.pymortests.affine_grid" file="src/pymortests/affine_grid.py" line="124" name="test_volumes_wrong_arguments[&lt;lambda&gt;19]" time="0.00047135353088378906"><skipped message="Suite splitting in effect" type="pytest.skip">src/pymortests/affine_grid.py:124: Suite splitting in effect</skipped></testcase><testcase classname="src.pymortests.affine_grid" file="src/pymortests/affine_grid.py" line="124" name="test_volumes_wrong_arguments[&lt;lambda&gt;20]" time="0.0007312297821044922"><skipped message="Suite splitting in effect" type="pytest.skip">src/pymortests/affine_grid.py:124: Suite splitting in effect</skipped></testcase><testcase classname="src.pymortests.affine_grid" file="src/pymortests/affine_grid.py" line="124" name="test_volumes_wrong_arguments[&lt;lambda&gt;21]" time="0.000438690185546875"><skipped message="Suite splitting in effect" type="pytest.skip">src/pymortests/affine_grid.py:124: Suite splitting in effect</skipped></testcase><testcase classname="src.pymortests.affine_grid" file="src/pymortests/affine_grid.py" line="124" name="test_volumes_wrong_arguments[&lt;lambda&gt;22]" time="0.0004494190216064453"><skipped message="Suite splitting in effect" type="pytest.skip">src/pymortests/affine_grid.py:124: Suite splitting in effect</skipped></testcase><testcase classname="src.pymortests.affine_grid" file="src/pymortests/affine_grid.py" line="124" name="test_volumes_wrong_arguments[&lt;lambda&gt;23]" time="0.0004265308380126953"><skipped message="Suite splitting in effect" type="pytest.skip">src/pymortests/affine_grid.py:124: Suite splitting in effect</skipped></testcase><testcase classname="src.pymortests.affine_grid" file="src/pymortests/affine_grid.py" line="124" name="test_volumes_wrong_arguments[&lt;lambda&gt;24]" time="0.0004096031188964844"><skipped message="Suite splitting in effect" type="pytest.skip">src/pymortests/affine_grid.py:124: Suite splitting in effect</skipped></testcase><testcase classname="src.pymortests.affine_grid" file="src/pymortests/affine_grid.py" line="124" name="test_volumes_wrong_arguments[&lt;lambda&gt;25]" time="0.0004360675811767578"><skipped message="Suite splitting in effect" type="pytest.skip">src/pymortests/affine_grid.py:124: Suite splitting in effect</skipped></testcase><testcase classname="src.pymortests.affine_grid" file="src/pymortests/affine_grid.py" line="124" name="test_volumes_wrong_arguments[&lt;lambda&gt;26]" time="0.0004253387451171875"><skipped message="Suite splitting in effect" type="pytest.skip">src/pymortests/affine_grid.py:124: Suite splitting in effect</skipped></testcase><testcase classname="src.pymortests.affine_grid" file="src/pymortests/affine_grid.py" line="124" name="test_volumes_wrong_arguments[&lt;lambda&gt;27]" time="0.0004184246063232422"><skipped message="Suite splitting in effect" type="pytest.skip">src/pymortests/affine_grid.py:124: Suite splitting in effect</skipped></testcase><testcase classname="src.pymortests.affine_grid" file="src/pymortests/affine_grid.py" line="124" name="test_volumes_wrong_arguments[&lt;lambda&gt;28]" time="0.0008995532989501953"><skipped message="Suite splitting in effect" type="pytest.skip">src/pymortests/affine_grid.py:124: Suite splitting in effect</skipped></testcase><testcase classname="src.pymortests.affine_grid" file="src/pymortests/affine_grid.py" line="124" name="test_volumes_wrong_arguments[&lt;lambda&gt;29]" time="0.0004315376281738281"><skipped message="Suite splitting in effect" type="pytest.skip">src/pymortests/affine_grid.py:124: Suite splitting in effect</skipped></testcase><testcase classname="src.pymortests.affine_grid" file="src/pymortests/affine_grid.py" line="124" name="test_volumes_wrong_arguments[&lt;lambda&gt;30]" time="0.0004584789276123047"><skipped message="Suite splitting in effect" type="pytest.skip">src/pymortests/affine_grid.py:124: Suite splitting in effect</skipped></testcase><testcase classname="src.pymortests.affine_grid" file="src/pymortests/affine_grid.py" line="124" name="test_volumes_wrong_arguments[&lt;lambda&gt;31]" time="0.0004203319549560547"><skipped message="Suite splitting in effect" type="pytest.skip">src/pymortests/affine_grid.py:124: Suite splitting in effect</skipped></testcase><testcase classname="src.pymortests.affine_grid" file="src/pymortests/affine_grid.py" line="124" name="test_volumes_wrong_arguments[&lt;lambda&gt;32]" time="0.00042819976806640625"><skipped message="Suite splitting in effect" type="pytest.skip">src/pymortests/affine_grid.py:124: Suite splitting in effect</skipped></testcase><testcase classname="src.pymortests.affine_grid" file="src/pymortests/affine_grid.py" line="124" name="test_volumes_wrong_arguments[&lt;lambda&gt;33]" time="0.0004191398620605469"><skipped message="Suite splitting in effect" type="pytest.skip">src/pymortests/affine_grid.py:124: Suite splitting in effect</skipped></testcase><testcase classname="src.pymortests.affine_grid" file="src/pymortests/affine_grid.py" line="124" name="test_volumes_wrong_arguments[&lt;lambda&gt;34]" time="0.0004382133483886719"><skipped message="Suite splitting in effect" type="pytest.skip">src/pymortests/affine_grid.py:124: Suite splitting in effect</skipped></testcase><testcase classname="src.pymortests.affine_grid" file="src/pymortests/affine_grid.py" line="124" name="test_volumes_wrong_arguments[&lt;lambda&gt;35]" time="0.0004317760467529297"><skipped message="Suite splitting in effect" type="pytest.skip">src/pymortests/affine_grid.py:124: Suite splitting in effect</skipped></testcase><testcase classname="src.pymortests.affine_grid" file="src/pymortests/affine_grid.py" line="124" name="test_volumes_wrong_arguments[&lt;lambda&gt;36]" time="0.0007088184356689453"><skipped message="Suite splitting in effect" type="pytest.skip">src/pymortests/affine_grid.py:124: Suite splitting in effect</skipped></testcase><testcase classname="src.pymortests.affine_grid" file="src/pymortests/affine_grid.py" line="124" name="test_volumes_wrong_arguments[&lt;lambda&gt;37]" time="0.0004363059997558594"><skipped message="Suite splitting in effect" type="pytest.skip">src/pymortests/affine_grid.py:124: Suite splitting in effect</skipped></testcase><testcase classname="src.pymortests.affine_grid" file="src/pymortests/affine_grid.py" line="124" name="test_volumes_wrong_arguments[&lt;lambda&gt;38]" time="0.0004127025604248047"><skipped message="Suite splitting in effect" type="pytest.skip">src/pymortests/affine_grid.py:124: Suite splitting in effect</skipped></testcase><testcase classname="src.pymortests.affine_grid" file="src/pymortests/affine_grid.py" line="124" name="test_volumes_wrong_arguments[&lt;lambda&gt;39]" time="0.00042510032653808594"><skipped message="Suite splitting in effect" type="pytest.skip">src/pymortests/affine_grid.py:124: Suite splitting in effect</skipped></testcase><testcase classname="src.pymortests.affine_grid" file="src/pymortests/affine_grid.py" line="124" name="test_volumes_wrong_arguments[&lt;lambda&gt;40]" time="0.0004208087921142578"><skipped message="Suite splitting in effect" type="pytest.skip">src/pymortests/affine_grid.py:124: Suite splitting in effect</skipped></testcase><testcase classname="src.pymortests.affine_grid" file="src/pymortests/affine_grid.py" line="124" name="test_volumes_wrong_arguments[&lt;lambda&gt;41]" time="0.0004601478576660156"><skipped message="Suite splitting in effect" type="pytest.skip">src/pymortests/affine_grid.py:124: Suite splitting in effect</skipped></testcase><testcase classname="src.pymortests.affine_grid" file="src/pymortests/affine_grid.py" line="124" name="test_volumes_wrong_arguments[&lt;lambda&gt;42]" time="0.0004394054412841797"><skipped message="Suite splitting in effect" type="pytest.skip">src/pymortests/affine_grid.py:124: Suite splitting in effect</skipped></testcase><testcase classname="src.pymortests.affine_grid" file="src/pymortests/affine_grid.py" line="132" name="test_volumes_shape[&lt;lambda&gt;0]" time="0.00042057037353515625"><skipped message="Suite splitting in effect" type="pytest.skip">src/pymortests/affine_grid.py:132: Suite splitting in effect</skipped></testcase><testcase classname="src.pymortests.affine_grid" file="src/pymortests/affine_grid.py" line="132" name="test_volumes_shape[&lt;lambda&gt;1]" time="0.0006780624389648438"><skipped message="Suite splitting in effect" type="pytest.skip">src/pymortests/affine_grid.py:132: Suite splitting in effect</skipped></testcase><testcase classname="src.pymortests.affine_grid" file="src/pymortests/affine_grid.py" line="132" name="test_volumes_shape[&lt;lambda&gt;2]" time="0.00043082237243652344"><skipped message="Suite splitting in effect" type="pytest.skip">src/pymortests/affine_grid.py:132: Suite splitting in effect</skipped></testcase><testcase classname="src.pymortests.affine_grid" file="src/pymortests/affine_grid.py" line="132" name="test_volumes_shape[&lt;lambda&gt;3]" time="0.0004260540008544922"><skipped message="Suite splitting in effect" type="pytest.skip">src/pymortests/affine_grid.py:132: Suite splitting in effect</skipped></testcase><testcase classname="src.pymortests.affine_grid" file="src/pymortests/affine_grid.py" line="132" name="test_volumes_shape[&lt;lambda&gt;4]" time="0.000408172607421875"><skipped message="Suite splitting in effect" type="pytest.skip">src/pymortests/affine_grid.py:132: Suite splitting in effect</skipped></testcase><testcase classname="src.pymortests.affine_grid" file="src/pymortests/affine_grid.py" line="132" name="test_volumes_shape[&lt;lambda&gt;5]" time="0.0004227161407470703"><skipped message="Suite splitting in effect" type="pytest.skip">src/pymortests/affine_grid.py:132: Suite splitting in effect</skipped></testcase><testcase classname="src.pymortests.affine_grid" file="src/pymortests/affine_grid.py" line="132" name="test_volumes_shape[&lt;lambda&gt;6]" time="0.00043129920959472656"><skipped message="Suite splitting in effect" type="pytest.skip">src/pymortests/affine_grid.py:132: Suite splitting in effect</skipped></testcase><testcase classname="src.pymortests.affine_grid" file="src/pymortests/affine_grid.py" line="132" name="test_volumes_shape[&lt;lambda&gt;7]" time="0.0004265308380126953"><skipped message="Suite splitting in effect" type="pytest.skip">src/pymortests/affine_grid.py:132: Suite splitting in effect</skipped></testcase><testcase classname="src.pymortests.affine_grid" file="src/pymortests/affine_grid.py" line="132" name="test_volumes_shape[&lt;lambda&gt;8]" time="0.00047516822814941406"><skipped message="Suite splitting in effect" type="pytest.skip">src/pymortests/affine_grid.py:132: Suite splitting in effect</skipped></testcase><testcase classname="src.pymortests.affine_grid" file="src/pymortests/affine_grid.py" line="132" name="test_volumes_shape[&lt;lambda&gt;9]" time="0.0006990432739257812"><skipped message="Suite splitting in effect" type="pytest.skip">src/pymortests/affine_grid.py:132: Suite splitting in effect</skipped></testcase><testcase classname="src.pymortests.affine_grid" file="src/pymortests/affine_grid.py" line="132" name="test_volumes_shape[&lt;lambda&gt;10]" time="0.00043463706970214844"><skipped message="Suite splitting in effect" type="pytest.skip">src/pymortests/affine_grid.py:132: Suite splitting in effect</skipped></testcase><testcase classname="src.pymortests.affine_grid" file="src/pymortests/affine_grid.py" line="132" name="test_volumes_shape[&lt;lambda&gt;11]" time="0.0004050731658935547"><skipped message="Suite splitting in effect" type="pytest.skip">src/pymortests/affine_grid.py:132: Suite splitting in effect</skipped></testcase><testcase classname="src.pymortests.affine_grid" file="src/pymortests/affine_grid.py" line="132" name="test_volumes_shape[&lt;lambda&gt;12]" time="0.0004374980926513672"><skipped message="Suite splitting in effect" type="pytest.skip">src/pymortests/affine_grid.py:132: Suite splitting in effect</skipped></testcase><testcase classname="src.pymortests.affine_grid" file="src/pymortests/affine_grid.py" line="132" name="test_volumes_shape[&lt;lambda&gt;13]" time="0.0004372596740722656"><skipped message="Suite splitting in effect" type="pytest.skip">src/pymortests/affine_grid.py:132: Suite splitting in effect</skipped></testcase><testcase classname="src.pymortests.affine_grid" file="src/pymortests/affine_grid.py" line="132" name="test_volumes_shape[&lt;lambda&gt;14]" time="0.00043654441833496094"><skipped message="Suite splitting in effect" type="pytest.skip">src/pymortests/affine_grid.py:132: Suite splitting in effect</skipped></testcase><testcase classname="src.pymortests.affine_grid" file="src/pymortests/affine_grid.py" line="132" name="test_volumes_shape[&lt;lambda&gt;15]" time="0.0004169940948486328"><skipped message="Suite splitting in effect" type="pytest.skip">src/pymortests/affine_grid.py:132: Suite splitting in effect</skipped></testcase><testcase classname="src.pymortests.affine_grid" file="src/pymortests/affine_grid.py" line="132" name="test_volumes_shape[&lt;lambda&gt;16]" time="0.00041794776916503906"><skipped message="Suite splitting in effect" type="pytest.skip">src/pymortests/affine_grid.py:132: Suite splitting in effect</skipped></testcase><testcase classname="src.pymortests.affine_grid" file="src/pymortests/affine_grid.py" line="132" name="test_volumes_shape[&lt;lambda&gt;17]" time="0.0006878376007080078"><skipped message="Suite splitting in effect" type="pytest.skip">src/pymortests/affine_grid.py:132: Suite splitting in effect</skipped></testcase><testcase classname="src.pymortests.affine_grid" file="src/pymortests/affine_grid.py" line="132" name="test_volumes_shape[&lt;lambda&gt;18]" time="0.0004341602325439453"><skipped message="Suite splitting in effect" type="pytest.skip">src/pymortests/affine_grid.py:132: Suite splitting in effect</skipped></testcase><testcase classname="src.pymortests.affine_grid" file="src/pymortests/affine_grid.py" line="132" name="test_volumes_shape[&lt;lambda&gt;19]" time="0.0004127025604248047"><skipped message="Suite splitting in effect" type="pytest.skip">src/pymortests/affine_grid.py:132: Suite splitting in effect</skipped></testcase><testcase classname="src.pymortests.affine_grid" file="src/pymortests/affine_grid.py" line="132" name="test_volumes_shape[&lt;lambda&gt;20]" time="0.00044989585876464844"><skipped message="Suite splitting in effect" type="pytest.skip">src/pymortests/affine_grid.py:132: Suite splitting in effect</skipped></testcase><testcase classname="src.pymortests.affine_grid" file="src/pymortests/affine_grid.py" line="132" name="test_volumes_shape[&lt;lambda&gt;21]" time="0.0004241466522216797"><skipped message="Suite splitting in effect" type="pytest.skip">src/pymortests/affine_grid.py:132: Suite splitting in effect</skipped></testcase><testcase classname="src.pymortests.affine_grid" file="src/pymortests/affine_grid.py" line="132" name="test_volumes_shape[&lt;lambda&gt;22]" time="0.00043892860412597656"><skipped message="Suite splitting in effect" type="pytest.skip">src/pymortests/affine_grid.py:132: Suite splitting in effect</skipped></testcase><testcase classname="src.pymortests.affine_grid" file="src/pymortests/affine_grid.py" line="132" name="test_volumes_shape[&lt;lambda&gt;23]" time="0.0004055500030517578"><skipped message="Suite splitting in effect" type="pytest.skip">src/pymortests/affine_grid.py:132: Suite splitting in effect</skipped></testcase><testcase classname="src.pymortests.affine_grid" file="src/pymortests/affine_grid.py" line="132" name="test_volumes_shape[&lt;lambda&gt;24]" time="0.0004220008850097656"><skipped message="Suite splitting in effect" type="pytest.skip">src/pymortests/affine_grid.py:132: Suite splitting in effect</skipped></testcase><testcase classname="src.pymortests.affine_grid" file="src/pymortests/affine_grid.py" line="132" name="test_volumes_shape[&lt;lambda&gt;25]" time="0.0007228851318359375"><skipped message="Suite splitting in effect" type="pytest.skip">src/pymortests/affine_grid.py:132: Suite splitting in effect</skipped></testcase><testcase classname="src.pymortests.affine_grid" file="src/pymortests/affine_grid.py" line="132" name="test_volumes_shape[&lt;lambda&gt;26]" time="0.00044035911560058594"><skipped message="Suite splitting in effect" type="pytest.skip">src/pymortests/affine_grid.py:132: Suite splitting in effect</skipped></testcase><testcase classname="src.pymortests.affine_grid" file="src/pymortests/affine_grid.py" line="132" name="test_volumes_shape[&lt;lambda&gt;27]" time="0.00041747093200683594"><skipped message="Suite splitting in effect" type="pytest.skip">src/pymortests/affine_grid.py:132: Suite splitting in effect</skipped></testcase><testcase classname="src.pymortests.affine_grid" file="src/pymortests/affine_grid.py" line="132" name="test_volumes_shape[&lt;lambda&gt;28]" time="0.00041484832763671875"><skipped message="Suite splitting in effect" type="pytest.skip">src/pymortests/affine_grid.py:132: Suite splitting in effect</skipped></testcase><testcase classname="src.pymortests.affine_grid" file="src/pymortests/affine_grid.py" line="132" name="test_volumes_shape[&lt;lambda&gt;29]" time="0.0004181861877441406"><skipped message="Suite splitting in effect" type="pytest.skip">src/pymortests/affine_grid.py:132: Suite splitting in effect</skipped></testcase><testcase classname="src.pymortests.affine_grid" file="src/pymortests/affine_grid.py" line="132" name="test_volumes_shape[&lt;lambda&gt;30]" time="0.0004189014434814453"><skipped message="Suite splitting in effect" type="pytest.skip">src/pymortests/affine_grid.py:132: Suite splitting in effect</skipped></testcase><testcase classname="src.pymortests.affine_grid" file="src/pymortests/affine_grid.py" line="132" name="test_volumes_shape[&lt;lambda&gt;31]" time="0.0004634857177734375"><skipped message="Suite splitting in effect" type="pytest.skip">src/pymortests/affine_grid.py:132: Suite splitting in effect</skipped></testcase><testcase classname="src.pymortests.affine_grid" file="src/pymortests/affine_grid.py" line="132" name="test_volumes_shape[&lt;lambda&gt;32]" time="0.00043082237243652344"><skipped message="Suite splitting in effect" type="pytest.skip">src/pymortests/affine_grid.py:132: Suite splitting in effect</skipped></testcase><testcase classname="src.pymortests.affine_grid" file="src/pymortests/affine_grid.py" line="132" name="test_volumes_shape[&lt;lambda&gt;33]" time="0.0008318424224853516"><skipped message="Suite splitting in effect" type="pytest.skip">src/pymortests/affine_grid.py:132: Suite splitting in effect</skipped></testcase><testcase classname="src.pymortests.affine_grid" file="src/pymortests/affine_grid.py" line="132" name="test_volumes_shape[&lt;lambda&gt;34]" time="0.00041747093200683594"><skipped message="Suite splitting in effect" type="pytest.skip">src/pymortests/affine_grid.py:132: Suite splitting in effect</skipped></testcase><testcase classname="src.pymortests.affine_grid" file="src/pymortests/affine_grid.py" line="132" name="test_volumes_shape[&lt;lambda&gt;35]" time="0.0004189014434814453"><skipped message="Suite splitting in effect" type="pytest.skip">src/pymortests/affine_grid.py:132: Suite splitting in effect</skipped></testcase><testcase classname="src.pymortests.affine_grid" file="src/pymortests/affine_grid.py" line="132" name="test_volumes_shape[&lt;lambda&gt;36]" time="0.00042939186096191406"><skipped message="Suite splitting in effect" type="pytest.skip">src/pymortests/affine_grid.py:132: Suite splitting in effect</skipped></testcase><testcase classname="src.pymortests.affine_grid" file="src/pymortests/affine_grid.py" line="132" name="test_volumes_shape[&lt;lambda&gt;37]" time="0.00043320655822753906"><skipped message="Suite splitting in effect" type="pytest.skip">src/pymortests/affine_grid.py:132: Suite splitting in effect</skipped></testcase><testcase classname="src.pymortests.affine_grid" file="src/pymortests/affine_grid.py" line="132" name="test_volumes_shape[&lt;lambda&gt;38]" time="0.0004303455352783203"><skipped message="Suite splitting in effect" type="pytest.skip">src/pymortests/affine_grid.py:132: Suite splitting in effect</skipped></testcase><testcase classname="src.pymortests.affine_grid" file="src/pymortests/affine_grid.py" line="132" name="test_volumes_shape[&lt;lambda&gt;39]" time="0.0004565715789794922"><skipped message="Suite splitting in effect" type="pytest.skip">src/pymortests/affine_grid.py:132: Suite splitting in effect</skipped></testcase><testcase classname="src.pymortests.affine_grid" file="src/pymortests/affine_grid.py" line="132" name="test_volumes_shape[&lt;lambda&gt;40]" time="0.0004093647003173828"><skipped message="Suite splitting in effect" type="pytest.skip">src/pymortests/affine_grid.py:132: Suite splitting in effect</skipped></testcase><testcase classname="src.pymortests.affine_grid" file="src/pymortests/affine_grid.py" line="132" name="test_volumes_shape[&lt;lambda&gt;41]" time="0.0009613037109375"><skipped message="Suite splitting in effect" type="pytest.skip">src/pymortests/affine_grid.py:132: Suite splitting in effect</skipped></testcase><testcase classname="src.pymortests.affine_grid" file="src/pymortests/affine_grid.py" line="132" name="test_volumes_shape[&lt;lambda&gt;42]" time="0.00042891502380371094"><skipped message="Suite splitting in effect" type="pytest.skip">src/pymortests/affine_grid.py:132: Suite splitting in effect</skipped></testcase><testcase classname="src.pymortests.affine_grid" file="src/pymortests/affine_grid.py" line="138" name="test_volumes_values[&lt;lambda&gt;0]" time="0.00041985511779785156"><skipped message="Suite splitting in effect" type="pytest.skip">src/pymortests/affine_grid.py:138: Suite splitting in effect</skipped></testcase><testcase classname="src.pymortests.affine_grid" file="src/pymortests/affine_grid.py" line="138" name="test_volumes_values[&lt;lambda&gt;1]" time="0.0004360675811767578"><skipped message="Suite splitting in effect" type="pytest.skip">src/pymortests/affine_grid.py:138: Suite splitting in effect</skipped></testcase><testcase classname="src.pymortests.affine_grid" file="src/pymortests/affine_grid.py" line="138" name="test_volumes_values[&lt;lambda&gt;2]" time="0.0004048347473144531"><skipped message="Suite splitting in effect" type="pytest.skip">src/pymortests/affine_grid.py:138: Suite splitting in effect</skipped></testcase><testcase classname="src.pymortests.affine_grid" file="src/pymortests/affine_grid.py" line="138" name="test_volumes_values[&lt;lambda&gt;3]" time="0.00041747093200683594"><skipped message="Suite splitting in effect" type="pytest.skip">src/pymortests/affine_grid.py:138: Suite splitting in effect</skipped></testcase><testcase classname="src.pymortests.affine_grid" file="src/pymortests/affine_grid.py" line="138" name="test_volumes_values[&lt;lambda&gt;4]" time="0.000453948974609375"><skipped message="Suite splitting in effect" type="pytest.skip">src/pymortests/affine_grid.py:138: Suite splitting in effect</skipped></testcase><testcase classname="src.pymortests.affine_grid" file="src/pymortests/affine_grid.py" line="138" name="test_volumes_values[&lt;lambda&gt;5]" time="0.0004360675811767578"><skipped message="Suite splitting in effect" type="pytest.skip">src/pymortests/affine_grid.py:138: Suite splitting in effect</skipped></testcase><testcase classname="src.pymortests.affine_grid" file="src/pymortests/affine_grid.py" line="138" name="test_volumes_values[&lt;lambda&gt;6]" time="0.0007607936859130859"><skipped message="Suite splitting in effect" type="pytest.skip">src/pymortests/affine_grid.py:138: Suite splitting in effect</skipped></testcase><testcase classname="src.pymortests.affine_grid" file="src/pymortests/affine_grid.py" line="138" name="test_volumes_values[&lt;lambda&gt;7]" time="0.00043392181396484375"><skipped message="Suite splitting in effect" type="pytest.skip">src/pymortests/affine_grid.py:138: Suite splitting in effect</skipped></testcase><testcase classname="src.pymortests.affine_grid" file="src/pymortests/affine_grid.py" line="138" name="test_volumes_values[&lt;lambda&gt;8]" time="0.0004215240478515625"><skipped message="Suite splitting in effect" type="pytest.skip">src/pymortests/affine_grid.py:138: Suite splitting in effect</skipped></testcase><testcase classname="src.pymortests.affine_grid" file="src/pymortests/affine_grid.py" line="138" name="test_volumes_values[&lt;lambda&gt;9]" time="0.0004315376281738281"><skipped message="Suite splitting in effect" type="pytest.skip">src/pymortests/affine_grid.py:138: Suite splitting in effect</skipped></testcase><testcase classname="src.pymortests.affine_grid" file="src/pymortests/affine_grid.py" line="138" name="test_volumes_values[&lt;lambda&gt;10]" time="0.00042057037353515625"><skipped message="Suite splitting in effect" type="pytest.skip">src/pymortests/affine_grid.py:138: Suite splitting in effect</skipped></testcase><testcase classname="src.pymortests.affine_grid" file="src/pymortests/affine_grid.py" line="138" name="test_volumes_values[&lt;lambda&gt;11]" time="0.00043320655822753906"><skipped message="Suite splitting in effect" type="pytest.skip">src/pymortests/affine_grid.py:138: Suite splitting in effect</skipped></testcase><testcase classname="src.pymortests.affine_grid" file="src/pymortests/affine_grid.py" line="138" name="test_volumes_values[&lt;lambda&gt;12]" time="0.0004220008850097656"><skipped message="Suite splitting in effect" type="pytest.skip">src/pymortests/affine_grid.py:138: Suite splitting in effect</skipped></testcase><testcase classname="src.pymortests.affine_grid" file="src/pymortests/affine_grid.py" line="138" name="test_volumes_values[&lt;lambda&gt;13]" time="0.0004279613494873047"><skipped message="Suite splitting in effect" type="pytest.skip">src/pymortests/affine_grid.py:138: Suite splitting in effect</skipped></testcase><testcase classname="src.pymortests.affine_grid" file="src/pymortests/affine_grid.py" line="138" name="test_volumes_values[&lt;lambda&gt;14]" time="0.0007548332214355469"><skipped message="Suite splitting in effect" type="pytest.skip">src/pymortests/affine_grid.py:138: Suite splitting in effect</skipped></testcase><testcase classname="src.pymortests.affine_grid" file="src/pymortests/affine_grid.py" line="138" name="test_volumes_values[&lt;lambda&gt;15]" time="0.0004391670227050781"><skipped message="Suite splitting in effect" type="pytest.skip">src/pymortests/affine_grid.py:138: Suite splitting in effect</skipped></testcase><testcase classname="src.pymortests.affine_grid" file="src/pymortests/affine_grid.py" line="138" name="test_volumes_values[&lt;lambda&gt;16]" time="0.0004391670227050781"><skipped message="Suite splitting in effect" type="pytest.skip">src/pymortests/affine_grid.py:138: Suite splitting in effect</skipped></testcase><testcase classname="src.pymortests.affine_grid" file="src/pymortests/affine_grid.py" line="138" name="test_volumes_values[&lt;lambda&gt;17]" time="0.0004646778106689453"><skipped message="Suite splitting in effect" type="pytest.skip">src/pymortests/affine_grid.py:138: Suite splitting in effect</skipped></testcase><testcase classname="src.pymortests.affine_grid" file="src/pymortests/affine_grid.py" line="138" name="test_volumes_values[&lt;lambda&gt;18]" time="0.00044226646423339844"><skipped message="Suite splitting in effect" type="pytest.skip">src/pymortests/affine_grid.py:138: Suite splitting in effect</skipped></testcase><testcase classname="src.pymortests.affine_grid" file="src/pymortests/affine_grid.py" line="138" name="test_volumes_values[&lt;lambda&gt;19]" time="0.00040435791015625"><skipped message="Suite splitting in effect" type="pytest.skip">src/pymortests/affine_grid.py:138: Suite splitting in effect</skipped></testcase><testcase classname="src.pymortests.affine_grid" file="src/pymortests/affine_grid.py" line="138" name="test_volumes_values[&lt;lambda&gt;20]" time="0.0004425048828125"><skipped message="Suite splitting in effect" type="pytest.skip">src/pymortests/affine_grid.py:138: Suite splitting in effect</skipped></testcase><testcase classname="src.pymortests.affine_grid" file="src/pymortests/affine_grid.py" line="138" name="test_volumes_values[&lt;lambda&gt;21]" time="0.0004165172576904297"><skipped message="Suite splitting in effect" type="pytest.skip">src/pymortests/affine_grid.py:138: Suite splitting in effect</skipped></testcase><testcase classname="src.pymortests.affine_grid" file="src/pymortests/affine_grid.py" line="138" name="test_volumes_values[&lt;lambda&gt;22]" time="0.0007205009460449219"><skipped message="Suite splitting in effect" type="pytest.skip">src/pymortests/affine_grid.py:138: Suite splitting in effect</skipped></testcase><testcase classname="src.pymortests.affine_grid" file="src/pymortests/affine_grid.py" line="138" name="test_volumes_values[&lt;lambda&gt;23]" time="0.0004162788391113281"><skipped message="Suite splitting in effect" type="pytest.skip">src/pymortests/affine_grid.py:138: Suite splitting in effect</skipped></testcase><testcase classname="src.pymortests.affine_grid" file="src/pymortests/affine_grid.py" line="138" name="test_volumes_values[&lt;lambda&gt;24]" time="0.0004203319549560547"><skipped message="Suite splitting in effect" type="pytest.skip">src/pymortests/affine_grid.py:138: Suite splitting in effect</skipped></testcase><testcase classname="src.pymortests.affine_grid" file="src/pymortests/affine_grid.py" line="138" name="test_volumes_values[&lt;lambda&gt;25]" time="0.0004258155822753906"><skipped message="Suite splitting in effect" type="pytest.skip">src/pymortests/affine_grid.py:138: Suite splitting in effect</skipped></testcase><testcase classname="src.pymortests.affine_grid" file="src/pymortests/affine_grid.py" line="138" name="test_volumes_values[&lt;lambda&gt;26]" time="0.0004405975341796875"><skipped message="Suite splitting in effect" type="pytest.skip">src/pymortests/affine_grid.py:138: Suite splitting in effect</skipped></testcase><testcase classname="src.pymortests.affine_grid" file="src/pymortests/affine_grid.py" line="138" name="test_volumes_values[&lt;lambda&gt;27]" time="0.00040841102600097656"><skipped message="Suite splitting in effect" type="pytest.skip">src/pymortests/affine_grid.py:138: Suite splitting in effect</skipped></testcase><testcase classname="src.pymortests.affine_grid" file="src/pymortests/affine_grid.py" line="138" name="test_volumes_values[&lt;lambda&gt;28]" time="0.00042247772216796875"><skipped message="Suite splitting in effect" type="pytest.skip">src/pymortests/affine_grid.py:138: Suite splitting in effect</skipped></testcase><testcase classname="src.pymortests.affine_grid" file="src/pymortests/affine_grid.py" line="138" name="test_volumes_values[&lt;lambda&gt;29]" time="0.0004684925079345703"><skipped message="Suite splitting in effect" type="pytest.skip">src/pymortests/affine_grid.py:138: Suite splitting in effect</skipped></testcase><testcase classname="src.pymortests.affine_grid" file="src/pymortests/affine_grid.py" line="138" name="test_volumes_values[&lt;lambda&gt;30]" time="0.0007829666137695312"><skipped message="Suite splitting in effect" type="pytest.skip">src/pymortests/affine_grid.py:138: Suite splitting in effect</skipped></testcase><testcase classname="src.pymortests.affine_grid" file="src/pymortests/affine_grid.py" line="138" name="test_volumes_values[&lt;lambda&gt;31]" time="0.0004467964172363281"><skipped message="Suite splitting in effect" type="pytest.skip">src/pymortests/affine_grid.py:138: Suite splitting in effect</skipped></testcase><testcase classname="src.pymortests.affine_grid" file="src/pymortests/affine_grid.py" line="138" name="test_volumes_values[&lt;lambda&gt;32]" time="0.00045680999755859375"><skipped message="Suite splitting in effect" type="pytest.skip">src/pymortests/affine_grid.py:138: Suite splitting in effect</skipped></testcase><testcase classname="src.pymortests.affine_grid" file="src/pymortests/affine_grid.py" line="138" name="test_volumes_values[&lt;lambda&gt;33]" time="0.0004189014434814453"><skipped message="Suite splitting in effect" type="pytest.skip">src/pymortests/affine_grid.py:138: Suite splitting in effect</skipped></testcase><testcase classname="src.pymortests.affine_grid" file="src/pymortests/affine_grid.py" line="138" name="test_volumes_values[&lt;lambda&gt;34]" time="0.0004489421844482422"><skipped message="Suite splitting in effect" type="pytest.skip">src/pymortests/affine_grid.py:138: Suite splitting in effect</skipped></testcase><testcase classname="src.pymortests.affine_grid" file="src/pymortests/affine_grid.py" line="138" name="test_volumes_values[&lt;lambda&gt;35]" time="0.0004203319549560547"><skipped message="Suite splitting in effect" type="pytest.skip">src/pymortests/affine_grid.py:138: Suite splitting in effect</skipped></testcase><testcase classname="src.pymortests.affine_grid" file="src/pymortests/affine_grid.py" line="138" name="test_volumes_values[&lt;lambda&gt;36]" time="0.00040602684020996094"><skipped message="Suite splitting in effect" type="pytest.skip">src/pymortests/affine_grid.py:138: Suite splitting in effect</skipped></testcase><testcase classname="src.pymortests.affine_grid" file="src/pymortests/affine_grid.py" line="138" name="test_volumes_values[&lt;lambda&gt;37]" time="0.00042438507080078125"><skipped message="Suite splitting in effect" type="pytest.skip">src/pymortests/affine_grid.py:138: Suite splitting in effect</skipped></testcase><testcase classname="src.pymortests.affine_grid" file="src/pymortests/affine_grid.py" line="138" name="test_volumes_values[&lt;lambda&gt;38]" time="0.0007255077362060547"><skipped message="Suite splitting in effect" type="pytest.skip">src/pymortests/affine_grid.py:138: Suite splitting in effect</skipped></testcase><testcase classname="src.pymortests.affine_grid" file="src/pymortests/affine_grid.py" line="138" name="test_volumes_values[&lt;lambda&gt;39]" time="0.0004220008850097656"><skipped message="Suite splitting in effect" type="pytest.skip">src/pymortests/affine_grid.py:138: Suite splitting in effect</skipped></testcase><testcase classname="src.pymortests.affine_grid" file="src/pymortests/affine_grid.py" line="138" name="test_volumes_values[&lt;lambda&gt;40]" time="0.000438690185546875"><skipped message="Suite splitting in effect" type="pytest.skip">src/pymortests/affine_grid.py:138: Suite splitting in effect</skipped></testcase><testcase classname="src.pymortests.affine_grid" file="src/pymortests/affine_grid.py" line="138" name="test_volumes_values[&lt;lambda&gt;41]" time="0.0004305839538574219"><skipped message="Suite splitting in effect" type="pytest.skip">src/pymortests/affine_grid.py:138: Suite splitting in effect</skipped></testcase><testcase classname="src.pymortests.affine_grid" file="src/pymortests/affine_grid.py" line="138" name="test_volumes_values[&lt;lambda&gt;42]" time="0.00042176246643066406"><skipped message="Suite splitting in effect" type="pytest.skip">src/pymortests/affine_grid.py:138: Suite splitting in effect</skipped></testcase><testcase classname="src.pymortests.affine_grid" file="src/pymortests/affine_grid.py" line="146" name="test_volumes_inverse_wrong_arguments[&lt;lambda&gt;0]" time="0.00041794776916503906"><skipped message="Suite splitting in effect" type="pytest.skip">src/pymortests/affine_grid.py:146: Suite splitting in effect</skipped></testcase><testcase classname="src.pymortests.affine_grid" file="src/pymortests/affine_grid.py" line="146" name="test_volumes_inverse_wrong_arguments[&lt;lambda&gt;1]" time="0.0004334449768066406"><skipped message="Suite splitting in effect" type="pytest.skip">src/pymortests/affine_grid.py:146: Suite splitting in effect</skipped></testcase><testcase classname="src.pymortests.affine_grid" file="src/pymortests/affine_grid.py" line="146" name="test_volumes_inverse_wrong_arguments[&lt;lambda&gt;2]" time="0.0004277229309082031"><skipped message="Suite splitting in effect" type="pytest.skip">src/pymortests/affine_grid.py:146: Suite splitting in effect</skipped></testcase><testcase classname="src.pymortests.affine_grid" file="src/pymortests/affine_grid.py" line="146" name="test_volumes_inverse_wrong_arguments[&lt;lambda&gt;3]" time="0.0007436275482177734"><skipped message="Suite splitting in effect" type="pytest.skip">src/pymortests/affine_grid.py:146: Suite splitting in effect</skipped></testcase><testcase classname="src.pymortests.affine_grid" file="src/pymortests/affine_grid.py" line="146" name="test_volumes_inverse_wrong_arguments[&lt;lambda&gt;4]" time="0.0004494190216064453"><skipped message="Suite splitting in effect" type="pytest.skip">src/pymortests/affine_grid.py:146: Suite splitting in effect</skipped></testcase><testcase classname="src.pymortests.affine_grid" file="src/pymortests/affine_grid.py" line="146" name="test_volumes_inverse_wrong_arguments[&lt;lambda&gt;5]" time="0.00043201446533203125"><skipped message="Suite splitting in effect" type="pytest.skip">src/pymortests/affine_grid.py:146: Suite splitting in effect</skipped></testcase><testcase classname="src.pymortests.affine_grid" file="src/pymortests/affine_grid.py" line="146" name="test_volumes_inverse_wrong_arguments[&lt;lambda&gt;6]" time="0.0004143714904785156"><skipped message="Suite splitting in effect" type="pytest.skip">src/pymortests/affine_grid.py:146: Suite splitting in effect</skipped></testcase><testcase classname="src.pymortests.affine_grid" file="src/pymortests/affine_grid.py" line="146" name="test_volumes_inverse_wrong_arguments[&lt;lambda&gt;7]" time="0.0004470348358154297"><skipped message="Suite splitting in effect" type="pytest.skip">src/pymortests/affine_grid.py:146: Suite splitting in effect</skipped></testcase><testcase classname="src.pymortests.affine_grid" file="src/pymortests/affine_grid.py" line="146" name="test_volumes_inverse_wrong_arguments[&lt;lambda&gt;8]" time="0.00045680999755859375"><skipped message="Suite splitting in effect" type="pytest.skip">src/pymortests/affine_grid.py:146: Suite splitting in effect</skipped></testcase><testcase classname="src.pymortests.affine_grid" file="src/pymortests/affine_grid.py" line="146" name="test_volumes_inverse_wrong_arguments[&lt;lambda&gt;9]" time="0.00041794776916503906"><skipped message="Suite splitting in effect" type="pytest.skip">src/pymortests/affine_grid.py:146: Suite splitting in effect</skipped></testcase><testcase classname="src.pymortests.affine_grid" file="src/pymortests/affine_grid.py" line="146" name="test_volumes_inverse_wrong_arguments[&lt;lambda&gt;10]" time="0.0004456043243408203"><skipped message="Suite splitting in effect" type="pytest.skip">src/pymortests/affine_grid.py:146: Suite splitting in effect</skipped></testcase><testcase classname="src.pymortests.affine_grid" file="src/pymortests/affine_grid.py" line="146" name="test_volumes_inverse_wrong_arguments[&lt;lambda&gt;11]" time="0.0009152889251708984"><skipped message="Suite splitting in effect" type="pytest.skip">src/pymortests/affine_grid.py:146: Suite splitting in effect</skipped></testcase><testcase classname="src.pymortests.affine_grid" file="src/pymortests/affine_grid.py" line="146" name="test_volumes_inverse_wrong_arguments[&lt;lambda&gt;12]" time="0.0004343986511230469"><skipped message="Suite splitting in effect" type="pytest.skip">src/pymortests/affine_grid.py:146: Suite splitting in effect</skipped></testcase><testcase classname="src.pymortests.affine_grid" file="src/pymortests/affine_grid.py" line="146" name="test_volumes_inverse_wrong_arguments[&lt;lambda&gt;13]" time="0.0004515647888183594"><skipped message="Suite splitting in effect" type="pytest.skip">src/pymortests/affine_grid.py:146: Suite splitting in effect</skipped></testcase><testcase classname="src.pymortests.affine_grid" file="src/pymortests/affine_grid.py" line="146" name="test_volumes_inverse_wrong_arguments[&lt;lambda&gt;14]" time="0.0004420280456542969"><skipped message="Suite splitting in effect" type="pytest.skip">src/pymortests/affine_grid.py:146: Suite splitting in effect</skipped></testcase><testcase classname="src.pymortests.affine_grid" file="src/pymortests/affine_grid.py" line="146" name="test_volumes_inverse_wrong_arguments[&lt;lambda&gt;15]" time="0.0004184246063232422"><skipped message="Suite splitting in effect" type="pytest.skip">src/pymortests/affine_grid.py:146: Suite splitting in effect</skipped></testcase><testcase classname="src.pymortests.affine_grid" file="src/pymortests/affine_grid.py" line="146" name="test_volumes_inverse_wrong_arguments[&lt;lambda&gt;16]" time="0.0004189014434814453"><skipped message="Suite splitting in effect" type="pytest.skip">src/pymortests/affine_grid.py:146: Suite splitting in effect</skipped></testcase><testcase classname="src.pymortests.affine_grid" file="src/pymortests/affine_grid.py" line="146" name="test_volumes_inverse_wrong_arguments[&lt;lambda&gt;17]" time="0.0004363059997558594"><skipped message="Suite splitting in effect" type="pytest.skip">src/pymortests/affine_grid.py:146: Suite splitting in effect</skipped></testcase><testcase classname="src.pymortests.affine_grid" file="src/pymortests/affine_grid.py" line="146" name="test_volumes_inverse_wrong_arguments[&lt;lambda&gt;18]" time="0.0004334449768066406"><skipped message="Suite splitting in effect" type="pytest.skip">src/pymortests/affine_grid.py:146: Suite splitting in effect</skipped></testcase><testcase classname="src.pymortests.affine_grid" file="src/pymortests/affine_grid.py" line="146" name="test_volumes_inverse_wrong_arguments[&lt;lambda&gt;19]" time="0.0007159709930419922"><skipped message="Suite splitting in effect" type="pytest.skip">src/pymortests/affine_grid.py:146: Suite splitting in effect</skipped></testcase><testcase classname="src.pymortests.affine_grid" file="src/pymortests/affine_grid.py" line="146" name="test_volumes_inverse_wrong_arguments[&lt;lambda&gt;20]" time="0.0004143714904785156"><skipped message="Suite splitting in effect" type="pytest.skip">src/pymortests/affine_grid.py:146: Suite splitting in effect</skipped></testcase><testcase classname="src.pymortests.affine_grid" file="src/pymortests/affine_grid.py" line="146" name="test_volumes_inverse_wrong_arguments[&lt;lambda&gt;21]" time="0.0005276203155517578"><skipped message="Suite splitting in effect" type="pytest.skip">src/pymortests/affine_grid.py:146: Suite splitting in effect</skipped></testcase><testcase classname="src.pymortests.affine_grid" file="src/pymortests/affine_grid.py" line="146" name="test_volumes_inverse_wrong_arguments[&lt;lambda&gt;22]" time="0.0004277229309082031"><skipped message="Suite splitting in effect" type="pytest.skip">src/pymortests/affine_grid.py:146: Suite splitting in effect</skipped></testcase><testcase classname="src.pymortests.affine_grid" file="src/pymortests/affine_grid.py" line="146" name="test_volumes_inverse_wrong_arguments[&lt;lambda&gt;23]" time="0.00044083595275878906"><skipped message="Suite splitting in effect" type="pytest.skip">src/pymortests/affine_grid.py:146: Suite splitting in effect</skipped></testcase><testcase classname="src.pymortests.affine_grid" file="src/pymortests/affine_grid.py" line="146" name="test_volumes_inverse_wrong_arguments[&lt;lambda&gt;24]" time="0.0004417896270751953"><skipped message="Suite splitting in effect" type="pytest.skip">src/pymortests/affine_grid.py:146: Suite splitting in effect</skipped></testcase><testcase classname="src.pymortests.affine_grid" file="src/pymortests/affine_grid.py" line="146" name="test_volumes_inverse_wrong_arguments[&lt;lambda&gt;25]" time="0.00042510032653808594"><skipped message="Suite splitting in effect" type="pytest.skip">src/pymortests/affine_grid.py:146: Suite splitting in effect</skipped></testcase><testcase classname="src.pymortests.affine_grid" file="src/pymortests/affine_grid.py" line="146" name="test_volumes_inverse_wrong_arguments[&lt;lambda&gt;26]" time="0.00042891502380371094"><skipped message="Suite splitting in effect" type="pytest.skip">src/pymortests/affine_grid.py:146: Suite splitting in effect</skipped></testcase><testcase classname="src.pymortests.affine_grid" file="src/pymortests/affine_grid.py" line="146" name="test_volumes_inverse_wrong_arguments[&lt;lambda&gt;27]" time="0.0007345676422119141"><skipped message="Suite splitting in effect" type="pytest.skip">src/pymortests/affine_grid.py:146: Suite splitting in effect</skipped></testcase><testcase classname="src.pymortests.affine_grid" file="src/pymortests/affine_grid.py" line="146" name="test_volumes_inverse_wrong_arguments[&lt;lambda&gt;28]" time="0.0004363059997558594"><skipped message="Suite splitting in effect" type="pytest.skip">src/pymortests/affine_grid.py:146: Suite splitting in effect</skipped></testcase><testcase classname="src.pymortests.affine_grid" file="src/pymortests/affine_grid.py" line="146" name="test_volumes_inverse_wrong_arguments[&lt;lambda&gt;29]" time="0.0004322528839111328"><skipped message="Suite splitting in effect" type="pytest.skip">src/pymortests/affine_grid.py:146: Suite splitting in effect</skipped></testcase><testcase classname="src.pymortests.affine_grid" file="src/pymortests/affine_grid.py" line="146" name="test_volumes_inverse_wrong_arguments[&lt;lambda&gt;30]" time="0.0004220008850097656"><skipped message="Suite splitting in effect" type="pytest.skip">src/pymortests/affine_grid.py:146: Suite splitting in effect</skipped></testcase><testcase classname="src.pymortests.affine_grid" file="src/pymortests/affine_grid.py" line="146" name="test_volumes_inverse_wrong_arguments[&lt;lambda&gt;31]" time="0.00043487548828125"><skipped message="Suite splitting in effect" type="pytest.skip">src/pymortests/affine_grid.py:146: Suite splitting in effect</skipped></testcase><testcase classname="src.pymortests.affine_grid" file="src/pymortests/affine_grid.py" line="146" name="test_volumes_inverse_wrong_arguments[&lt;lambda&gt;32]" time="0.0004191398620605469"><skipped message="Suite splitting in effect" type="pytest.skip">src/pymortests/affine_grid.py:146: Suite splitting in effect</skipped></testcase><testcase classname="src.pymortests.affine_grid" file="src/pymortests/affine_grid.py" line="146" name="test_volumes_inverse_wrong_arguments[&lt;lambda&gt;33]" time="0.00042629241943359375"><skipped message="Suite splitting in effect" type="pytest.skip">src/pymortests/affine_grid.py:146: Suite splitting in effect</skipped></testcase><testcase classname="src.pymortests.affine_grid" file="src/pymortests/affine_grid.py" line="146" name="test_volumes_inverse_wrong_arguments[&lt;lambda&gt;34]" time="0.0004572868347167969"><skipped message="Suite splitting in effect" type="pytest.skip">src/pymortests/affine_grid.py:146: Suite splitting in effect</skipped></testcase><testcase classname="src.pymortests.affine_grid" file="src/pymortests/affine_grid.py" line="146" name="test_volumes_inverse_wrong_arguments[&lt;lambda&gt;35]" time="0.0007205009460449219"><skipped message="Suite splitting in effect" type="pytest.skip">src/pymortests/affine_grid.py:146: Suite splitting in effect</skipped></testcase><testcase classname="src.pymortests.affine_grid" file="src/pymortests/affine_grid.py" line="146" name="test_volumes_inverse_wrong_arguments[&lt;lambda&gt;36]" time="0.000446319580078125"><skipped message="Suite splitting in effect" type="pytest.skip">src/pymortests/affine_grid.py:146: Suite splitting in effect</skipped></testcase><testcase classname="src.pymortests.affine_grid" file="src/pymortests/affine_grid.py" line="146" name="test_volumes_inverse_wrong_arguments[&lt;lambda&gt;37]" time="0.00043964385986328125"><skipped message="Suite splitting in effect" type="pytest.skip">src/pymortests/affine_grid.py:146: Suite splitting in effect</skipped></testcase><testcase classname="src.pymortests.affine_grid" file="src/pymortests/affine_grid.py" line="146" name="test_volumes_inverse_wrong_arguments[&lt;lambda&gt;38]" time="0.0004119873046875"><skipped message="Suite splitting in effect" type="pytest.skip">src/pymortests/affine_grid.py:146: Suite splitting in effect</skipped></testcase><testcase classname="src.pymortests.affine_grid" file="src/pymortests/affine_grid.py" line="146" name="test_volumes_inverse_wrong_arguments[&lt;lambda&gt;39]" time="0.0004260540008544922"><skipped message="Suite splitting in effect" type="pytest.skip">src/pymortests/affine_grid.py:146: Suite splitting in effect</skipped></testcase><testcase classname="src.pymortests.affine_grid" file="src/pymortests/affine_grid.py" line="146" name="test_volumes_inverse_wrong_arguments[&lt;lambda&gt;40]" time="0.0004150867462158203"><skipped message="Suite splitting in effect" type="pytest.skip">src/pymortests/affine_grid.py:146: Suite splitting in effect</skipped></testcase><testcase classname="src.pymortests.affine_grid" file="src/pymortests/affine_grid.py" line="146" name="test_volumes_inverse_wrong_arguments[&lt;lambda&gt;41]" time="0.0004410743713378906"><skipped message="Suite splitting in effect" type="pytest.skip">src/pymortests/affine_grid.py:146: Suite splitting in effect</skipped></testcase><testcase classname="src.pymortests.affine_grid" file="src/pymortests/affine_grid.py" line="146" name="test_volumes_inverse_wrong_arguments[&lt;lambda&gt;42]" time="0.0004127025604248047"><skipped message="Suite splitting in effect" type="pytest.skip">src/pymortests/affine_grid.py:146: Suite splitting in effect</skipped></testcase><testcase classname="src.pymortests.affine_grid" file="src/pymortests/affine_grid.py" line="154" name="test_volumes_inverse_shape[&lt;lambda&gt;0]" time="0.0007328987121582031"><skipped message="Suite splitting in effect" type="pytest.skip">src/pymortests/affine_grid.py:154: Suite splitting in effect</skipped></testcase><testcase classname="src.pymortests.affine_grid" file="src/pymortests/affine_grid.py" line="154" name="test_volumes_inverse_shape[&lt;lambda&gt;1]" time="0.00046515464782714844"><skipped message="Suite splitting in effect" type="pytest.skip">src/pymortests/affine_grid.py:154: Suite splitting in effect</skipped></testcase><testcase classname="src.pymortests.affine_grid" file="src/pymortests/affine_grid.py" line="154" name="test_volumes_inverse_shape[&lt;lambda&gt;2]" time="0.00044608116149902344"><skipped message="Suite splitting in effect" type="pytest.skip">src/pymortests/affine_grid.py:154: Suite splitting in effect</skipped></testcase><testcase classname="src.pymortests.affine_grid" file="src/pymortests/affine_grid.py" line="154" name="test_volumes_inverse_shape[&lt;lambda&gt;3]" time="0.0004513263702392578"><skipped message="Suite splitting in effect" type="pytest.skip">src/pymortests/affine_grid.py:154: Suite splitting in effect</skipped></testcase><testcase classname="src.pymortests.affine_grid" file="src/pymortests/affine_grid.py" line="154" name="test_volumes_inverse_shape[&lt;lambda&gt;4]" time="0.00041413307189941406"><skipped message="Suite splitting in effect" type="pytest.skip">src/pymortests/affine_grid.py:154: Suite splitting in effect</skipped></testcase><testcase classname="src.pymortests.affine_grid" file="src/pymortests/affine_grid.py" line="154" name="test_volumes_inverse_shape[&lt;lambda&gt;5]" time="0.0004525184631347656"><skipped message="Suite splitting in effect" type="pytest.skip">src/pymortests/affine_grid.py:154: Suite splitting in effect</skipped></testcase><testcase classname="src.pymortests.affine_grid" file="src/pymortests/affine_grid.py" line="154" name="test_volumes_inverse_shape[&lt;lambda&gt;6]" time="0.0004057884216308594"><skipped message="Suite splitting in effect" type="pytest.skip">src/pymortests/affine_grid.py:154: Suite splitting in effect</skipped></testcase><testcase classname="src.pymortests.affine_grid" file="src/pymortests/affine_grid.py" line="154" name="test_volumes_inverse_shape[&lt;lambda&gt;7]" time="0.00043320655822753906"><skipped message="Suite splitting in effect" type="pytest.skip">src/pymortests/affine_grid.py:154: Suite splitting in effect</skipped></testcase><testcase classname="src.pymortests.affine_grid" file="src/pymortests/affine_grid.py" line="154" name="test_volumes_inverse_shape[&lt;lambda&gt;8]" time="0.0009768009185791016"><skipped message="Suite splitting in effect" type="pytest.skip">src/pymortests/affine_grid.py:154: Suite splitting in effect</skipped></testcase><testcase classname="src.pymortests.affine_grid" file="src/pymortests/affine_grid.py" line="154" name="test_volumes_inverse_shape[&lt;lambda&gt;9]" time="0.0004150867462158203"><skipped message="Suite splitting in effect" type="pytest.skip">src/pymortests/affine_grid.py:154: Suite splitting in effect</skipped></testcase><testcase classname="src.pymortests.affine_grid" file="src/pymortests/affine_grid.py" line="154" name="test_volumes_inverse_shape[&lt;lambda&gt;10]" time="0.00043010711669921875"><skipped message="Suite splitting in effect" type="pytest.skip">src/pymortests/affine_grid.py:154: Suite splitting in effect</skipped></testcase><testcase classname="src.pymortests.affine_grid" file="src/pymortests/affine_grid.py" line="154" name="test_volumes_inverse_shape[&lt;lambda&gt;11]" time="0.0004417896270751953"><skipped message="Suite splitting in effect" type="pytest.skip">src/pymortests/affine_grid.py:154: Suite splitting in effect</skipped></testcase><testcase classname="src.pymortests.affine_grid" file="src/pymortests/affine_grid.py" line="154" name="test_volumes_inverse_shape[&lt;lambda&gt;12]" time="0.0004191398620605469"><skipped message="Suite splitting in effect" type="pytest.skip">src/pymortests/affine_grid.py:154: Suite splitting in effect</skipped></testcase><testcase classname="src.pymortests.affine_grid" file="src/pymortests/affine_grid.py" line="154" name="test_volumes_inverse_shape[&lt;lambda&gt;13]" time="0.0004343986511230469"><skipped message="Suite splitting in effect" type="pytest.skip">src/pymortests/affine_grid.py:154: Suite splitting in effect</skipped></testcase><testcase classname="src.pymortests.affine_grid" file="src/pymortests/affine_grid.py" line="154" name="test_volumes_inverse_shape[&lt;lambda&gt;14]" time="0.0004229545593261719"><skipped message="Suite splitting in effect" type="pytest.skip">src/pymortests/affine_grid.py:154: Suite splitting in effect</skipped></testcase><testcase classname="src.pymortests.affine_grid" file="src/pymortests/affine_grid.py" line="154" name="test_volumes_inverse_shape[&lt;lambda&gt;15]" time="0.0005197525024414062"><skipped message="Suite splitting in effect" type="pytest.skip">src/pymortests/affine_grid.py:154: Suite splitting in effect</skipped></testcase><testcase classname="src.pymortests.affine_grid" file="src/pymortests/affine_grid.py" line="154" name="test_volumes_inverse_shape[&lt;lambda&gt;16]" time="0.0007925033569335938"><skipped message="Suite splitting in effect" type="pytest.skip">src/pymortests/affine_grid.py:154: Suite splitting in effect</skipped></testcase><testcase classname="src.pymortests.affine_grid" file="src/pymortests/affine_grid.py" line="154" name="test_volumes_inverse_shape[&lt;lambda&gt;17]" time="0.0004146099090576172"><skipped message="Suite splitting in effect" type="pytest.skip">src/pymortests/affine_grid.py:154: Suite splitting in effect</skipped></testcase><testcase classname="src.pymortests.affine_grid" file="src/pymortests/affine_grid.py" line="154" name="test_volumes_inverse_shape[&lt;lambda&gt;18]" time="0.00041747093200683594"><skipped message="Suite splitting in effect" type="pytest.skip">src/pymortests/affine_grid.py:154: Suite splitting in effect</skipped></testcase><testcase classname="src.pymortests.affine_grid" file="src/pymortests/affine_grid.py" line="154" name="test_volumes_inverse_shape[&lt;lambda&gt;19]" time="0.0004496574401855469"><skipped message="Suite splitting in effect" type="pytest.skip">src/pymortests/affine_grid.py:154: Suite splitting in effect</skipped></testcase><testcase classname="src.pymortests.affine_grid" file="src/pymortests/affine_grid.py" line="154" name="test_volumes_inverse_shape[&lt;lambda&gt;20]" time="0.0004451274871826172"><skipped message="Suite splitting in effect" type="pytest.skip">src/pymortests/affine_grid.py:154: Suite splitting in effect</skipped></testcase><testcase classname="src.pymortests.affine_grid" file="src/pymortests/affine_grid.py" line="154" name="test_volumes_inverse_shape[&lt;lambda&gt;21]" time="0.0005214214324951172"><skipped message="Suite splitting in effect" type="pytest.skip">src/pymortests/affine_grid.py:154: Suite splitting in effect</skipped></testcase><testcase classname="src.pymortests.affine_grid" file="src/pymortests/affine_grid.py" line="154" name="test_volumes_inverse_shape[&lt;lambda&gt;22]" time="0.0004239082336425781"><skipped message="Suite splitting in effect" type="pytest.skip">src/pymortests/affine_grid.py:154: Suite splitting in effect</skipped></testcase><testcase classname="src.pymortests.affine_grid" file="src/pymortests/affine_grid.py" line="154" name="test_volumes_inverse_shape[&lt;lambda&gt;23]" time="0.0004222393035888672"><skipped message="Suite splitting in effect" type="pytest.skip">src/pymortests/affine_grid.py:154: Suite splitting in effect</skipped></testcase><testcase classname="src.pymortests.affine_grid" file="src/pymortests/affine_grid.py" line="154" name="test_volumes_inverse_shape[&lt;lambda&gt;24]" time="0.0007331371307373047"><skipped message="Suite splitting in effect" type="pytest.skip">src/pymortests/affine_grid.py:154: Suite splitting in effect</skipped></testcase><testcase classname="src.pymortests.affine_grid" file="src/pymortests/affine_grid.py" line="154" name="test_volumes_inverse_shape[&lt;lambda&gt;25]" time="0.0004184246063232422"><skipped message="Suite splitting in effect" type="pytest.skip">src/pymortests/affine_grid.py:154: Suite splitting in effect</skipped></testcase><testcase classname="src.pymortests.affine_grid" file="src/pymortests/affine_grid.py" line="154" name="test_volumes_inverse_shape[&lt;lambda&gt;26]" time="0.0004353523254394531"><skipped message="Suite splitting in effect" type="pytest.skip">src/pymortests/affine_grid.py:154: Suite splitting in effect</skipped></testcase><testcase classname="src.pymortests.affine_grid" file="src/pymortests/affine_grid.py" line="154" name="test_volumes_inverse_shape[&lt;lambda&gt;27]" time="0.0004222393035888672"><skipped message="Suite splitting in effect" type="pytest.skip">src/pymortests/affine_grid.py:154: Suite splitting in effect</skipped></testcase><testcase classname="src.pymortests.affine_grid" file="src/pymortests/affine_grid.py" line="154" name="test_volumes_inverse_shape[&lt;lambda&gt;28]" time="0.0004329681396484375"><skipped message="Suite splitting in effect" type="pytest.skip">src/pymortests/affine_grid.py:154: Suite splitting in effect</skipped></testcase><testcase classname="src.pymortests.affine_grid" file="src/pymortests/affine_grid.py" line="154" name="test_volumes_inverse_shape[&lt;lambda&gt;29]" time="0.0004291534423828125"><skipped message="Suite splitting in effect" type="pytest.skip">src/pymortests/affine_grid.py:154: Suite splitting in effect</skipped></testcase><testcase classname="src.pymortests.affine_grid" file="src/pymortests/affine_grid.py" line="154" name="test_volumes_inverse_shape[&lt;lambda&gt;30]" time="0.00043010711669921875"><skipped message="Suite splitting in effect" type="pytest.skip">src/pymortests/affine_grid.py:154: Suite splitting in effect</skipped></testcase><testcase classname="src.pymortests.affine_grid" file="src/pymortests/affine_grid.py" line="154" name="test_volumes_inverse_shape[&lt;lambda&gt;31]" time="0.0004115104675292969"><skipped message="Suite splitting in effect" type="pytest.skip">src/pymortests/affine_grid.py:154: Suite splitting in effect</skipped></testcase><testcase classname="src.pymortests.affine_grid" file="src/pymortests/affine_grid.py" line="154" name="test_volumes_inverse_shape[&lt;lambda&gt;32]" time="0.0007395744323730469"><skipped message="Suite splitting in effect" type="pytest.skip">src/pymortests/affine_grid.py:154: Suite splitting in effect</skipped></testcase><testcase classname="src.pymortests.affine_grid" file="src/pymortests/affine_grid.py" line="154" name="test_volumes_inverse_shape[&lt;lambda&gt;33]" time="0.0004343986511230469"><skipped message="Suite splitting in effect" type="pytest.skip">src/pymortests/affine_grid.py:154: Suite splitting in effect</skipped></testcase><testcase classname="src.pymortests.affine_grid" file="src/pymortests/affine_grid.py" line="154" name="test_volumes_inverse_shape[&lt;lambda&gt;34]" time="0.00043129920959472656"><skipped message="Suite splitting in effect" type="pytest.skip">src/pymortests/affine_grid.py:154: Suite splitting in effect</skipped></testcase><testcase classname="src.pymortests.affine_grid" file="src/pymortests/affine_grid.py" line="154" name="test_volumes_inverse_shape[&lt;lambda&gt;35]" time="0.0004639625549316406"><skipped message="Suite splitting in effect" type="pytest.skip">src/pymortests/affine_grid.py:154: Suite splitting in effect</skipped></testcase><testcase classname="src.pymortests.affine_grid" file="src/pymortests/affine_grid.py" line="154" name="test_volumes_inverse_shape[&lt;lambda&gt;36]" time="0.0004181861877441406"><skipped message="Suite splitting in effect" type="pytest.skip">src/pymortests/affine_grid.py:154: Suite splitting in effect</skipped></testcase><testcase classname="src.pymortests.affine_grid" file="src/pymortests/affine_grid.py" line="154" name="test_volumes_inverse_shape[&lt;lambda&gt;37]" time="0.0004222393035888672"><skipped message="Suite splitting in effect" type="pytest.skip">src/pymortests/affine_grid.py:154: Suite splitting in effect</skipped></testcase><testcase classname="src.pymortests.affine_grid" file="src/pymortests/affine_grid.py" line="154" name="test_volumes_inverse_shape[&lt;lambda&gt;38]" time="0.0004146099090576172"><skipped message="Suite splitting in effect" type="pytest.skip">src/pymortests/affine_grid.py:154: Suite splitting in effect</skipped></testcase><testcase classname="src.pymortests.affine_grid" file="src/pymortests/affine_grid.py" line="154" name="test_volumes_inverse_shape[&lt;lambda&gt;39]" time="0.00042247772216796875"><skipped message="Suite splitting in effect" type="pytest.skip">src/pymortests/affine_grid.py:154: Suite splitting in effect</skipped></testcase><testcase classname="src.pymortests.affine_grid" file="src/pymortests/affine_grid.py" line="154" name="test_volumes_inverse_shape[&lt;lambda&gt;40]" time="0.0007543563842773438"><skipped message="Suite splitting in effect" type="pytest.skip">src/pymortests/affine_grid.py:154: Suite splitting in effect</skipped></testcase><testcase classname="src.pymortests.affine_grid" file="src/pymortests/affine_grid.py" line="154" name="test_volumes_inverse_shape[&lt;lambda&gt;41]" time="0.00044846534729003906"><skipped message="Suite splitting in effect" type="pytest.skip">src/pymortests/affine_grid.py:154: Suite splitting in effect</skipped></testcase><testcase classname="src.pymortests.affine_grid" file="src/pymortests/affine_grid.py" line="154" name="test_volumes_inverse_shape[&lt;lambda&gt;42]" time="0.000415802001953125"><skipped message="Suite splitting in effect" type="pytest.skip">src/pymortests/affine_grid.py:154: Suite splitting in effect</skipped></testcase><testcase classname="src.pymortests.affine_grid" file="src/pymortests/affine_grid.py" line="160" name="test_volumes_inverse_values[&lt;lambda&gt;0]" time="0.00041604042053222656"><skipped message="Suite splitting in effect" type="pytest.skip">src/pymortests/affine_grid.py:160: Suite splitting in effect</skipped></testcase><testcase classname="src.pymortests.affine_grid" file="src/pymortests/affine_grid.py" line="160" name="test_volumes_inverse_values[&lt;lambda&gt;1]" time="0.0004296302795410156"><skipped message="Suite splitting in effect" type="pytest.skip">src/pymortests/affine_grid.py:160: Suite splitting in effect</skipped></testcase><testcase classname="src.pymortests.affine_grid" file="src/pymortests/affine_grid.py" line="160" name="test_volumes_inverse_values[&lt;lambda&gt;2]" time="0.0004436969757080078"><skipped message="Suite splitting in effect" type="pytest.skip">src/pymortests/affine_grid.py:160: Suite splitting in effect</skipped></testcase><testcase classname="src.pymortests.affine_grid" file="src/pymortests/affine_grid.py" line="160" name="test_volumes_inverse_values[&lt;lambda&gt;3]" time="0.00045371055603027344"><skipped message="Suite splitting in effect" type="pytest.skip">src/pymortests/affine_grid.py:160: Suite splitting in effect</skipped></testcase><testcase classname="src.pymortests.affine_grid" file="src/pymortests/affine_grid.py" line="160" name="test_volumes_inverse_values[&lt;lambda&gt;4]" time="0.0004258155822753906"><skipped message="Suite splitting in effect" type="pytest.skip">src/pymortests/affine_grid.py:160: Suite splitting in effect</skipped></testcase><testcase classname="src.pymortests.affine_grid" file="src/pymortests/affine_grid.py" line="160" name="test_volumes_inverse_values[&lt;lambda&gt;5]" time="0.0007684230804443359"><skipped message="Suite splitting in effect" type="pytest.skip">src/pymortests/affine_grid.py:160: Suite splitting in effect</skipped></testcase><testcase classname="src.pymortests.affine_grid" file="src/pymortests/affine_grid.py" line="160" name="test_volumes_inverse_values[&lt;lambda&gt;6]" time="0.0004305839538574219"><skipped message="Suite splitting in effect" type="pytest.skip">src/pymortests/affine_grid.py:160: Suite splitting in effect</skipped></testcase><testcase classname="src.pymortests.affine_grid" file="src/pymortests/affine_grid.py" line="160" name="test_volumes_inverse_values[&lt;lambda&gt;7]" time="0.0004153251647949219"><skipped message="Suite splitting in effect" type="pytest.skip">src/pymortests/affine_grid.py:160: Suite splitting in effect</skipped></testcase><testcase classname="src.pymortests.affine_grid" file="src/pymortests/affine_grid.py" line="160" name="test_volumes_inverse_values[&lt;lambda&gt;8]" time="0.0004181861877441406"><skipped message="Suite splitting in effect" type="pytest.skip">src/pymortests/affine_grid.py:160: Suite splitting in effect</skipped></testcase><testcase classname="src.pymortests.affine_grid" file="src/pymortests/affine_grid.py" line="160" name="test_volumes_inverse_values[&lt;lambda&gt;9]" time="0.00041413307189941406"><skipped message="Suite splitting in effect" type="pytest.skip">src/pymortests/affine_grid.py:160: Suite splitting in effect</skipped></testcase><testcase classname="src.pymortests.affine_grid" file="src/pymortests/affine_grid.py" line="160" name="test_volumes_inverse_values[&lt;lambda&gt;10]" time="0.00045299530029296875"><skipped message="Suite splitting in effect" type="pytest.skip">src/pymortests/affine_grid.py:160: Suite splitting in effect</skipped></testcase><testcase classname="src.pymortests.affine_grid" file="src/pymortests/affine_grid.py" line="160" name="test_volumes_inverse_values[&lt;lambda&gt;11]" time="0.0004215240478515625"><skipped message="Suite splitting in effect" type="pytest.skip">src/pymortests/affine_grid.py:160: Suite splitting in effect</skipped></testcase><testcase classname="src.pymortests.affine_grid" file="src/pymortests/affine_grid.py" line="160" name="test_volumes_inverse_values[&lt;lambda&gt;12]" time="0.000469207763671875"><skipped message="Suite splitting in effect" type="pytest.skip">src/pymortests/affine_grid.py:160: Suite splitting in effect</skipped></testcase><testcase classname="src.pymortests.affine_grid" file="src/pymortests/affine_grid.py" line="160" name="test_volumes_inverse_values[&lt;lambda&gt;13]" time="0.0007226467132568359"><skipped message="Suite splitting in effect" type="pytest.skip">src/pymortests/affine_grid.py:160: Suite splitting in effect</skipped></testcase><testcase classname="src.pymortests.affine_grid" file="src/pymortests/affine_grid.py" line="160" name="test_volumes_inverse_values[&lt;lambda&gt;14]" time="0.00041413307189941406"><skipped message="Suite splitting in effect" type="pytest.skip">src/pymortests/affine_grid.py:160: Suite splitting in effect</skipped></testcase><testcase classname="src.pymortests.affine_grid" file="src/pymortests/affine_grid.py" line="160" name="test_volumes_inverse_values[&lt;lambda&gt;15]" time="0.00046372413635253906"><skipped message="Suite splitting in effect" type="pytest.skip">src/pymortests/affine_grid.py:160: Suite splitting in effect</skipped></testcase><testcase classname="src.pymortests.affine_grid" file="src/pymortests/affine_grid.py" line="160" name="test_volumes_inverse_values[&lt;lambda&gt;16]" time="0.00042438507080078125"><skipped message="Suite splitting in effect" type="pytest.skip">src/pymortests/affine_grid.py:160: Suite splitting in effect</skipped></testcase><testcase classname="src.pymortests.affine_grid" file="src/pymortests/affine_grid.py" line="160" name="test_volumes_inverse_values[&lt;lambda&gt;17]" time="0.0004134178161621094"><skipped message="Suite splitting in effect" type="pytest.skip">src/pymortests/affine_grid.py:160: Suite splitting in effect</skipped></testcase><testcase classname="src.pymortests.affine_grid" file="src/pymortests/affine_grid.py" line="160" name="test_volumes_inverse_values[&lt;lambda&gt;18]" time="0.0004394054412841797"><skipped message="Suite splitting in effect" type="pytest.skip">src/pymortests/affine_grid.py:160: Suite splitting in effect</skipped></testcase><testcase classname="src.pymortests.affine_grid" file="src/pymortests/affine_grid.py" line="160" name="test_volumes_inverse_values[&lt;lambda&gt;19]" time="0.0004222393035888672"><skipped message="Suite splitting in effect" type="pytest.skip">src/pymortests/affine_grid.py:160: Suite splitting in effect</skipped></testcase><testcase classname="src.pymortests.affine_grid" file="src/pymortests/affine_grid.py" line="160" name="test_volumes_inverse_values[&lt;lambda&gt;20]" time="0.0004181861877441406"><skipped message="Suite splitting in effect" type="pytest.skip">src/pymortests/affine_grid.py:160: Suite splitting in effect</skipped></testcase><testcase classname="src.pymortests.affine_grid" file="src/pymortests/affine_grid.py" line="160" name="test_volumes_inverse_values[&lt;lambda&gt;21]" time="0.0007336139678955078"><skipped message="Suite splitting in effect" type="pytest.skip">src/pymortests/affine_grid.py:160: Suite splitting in effect</skipped></testcase><testcase classname="src.pymortests.affine_grid" file="src/pymortests/affine_grid.py" line="160" name="test_volumes_inverse_values[&lt;lambda&gt;22]" time="0.0004165172576904297"><skipped message="Suite splitting in effect" type="pytest.skip">src/pymortests/affine_grid.py:160: Suite splitting in effect</skipped></testcase><testcase classname="src.pymortests.affine_grid" file="src/pymortests/affine_grid.py" line="160" name="test_volumes_inverse_values[&lt;lambda&gt;23]" time="0.0004260540008544922"><skipped message="Suite splitting in effect" type="pytest.skip">src/pymortests/affine_grid.py:160: Suite splitting in effect</skipped></testcase><testcase classname="src.pymortests.affine_grid" file="src/pymortests/affine_grid.py" line="160" name="test_volumes_inverse_values[&lt;lambda&gt;24]" time="0.00041484832763671875"><skipped message="Suite splitting in effect" type="pytest.skip">src/pymortests/affine_grid.py:160: Suite splitting in effect</skipped></testcase><testcase classname="src.pymortests.affine_grid" file="src/pymortests/affine_grid.py" line="160" name="test_volumes_inverse_values[&lt;lambda&gt;25]" time="0.0004203319549560547"><skipped message="Suite splitting in effect" type="pytest.skip">src/pymortests/affine_grid.py:160: Suite splitting in effect</skipped></testcase><testcase classname="src.pymortests.affine_grid" file="src/pymortests/affine_grid.py" line="160" name="test_volumes_inverse_values[&lt;lambda&gt;26]" time="0.00041961669921875"><skipped message="Suite splitting in effect" type="pytest.skip">src/pymortests/affine_grid.py:160: Suite splitting in effect</skipped></testcase><testcase classname="src.pymortests.affine_grid" file="src/pymortests/affine_grid.py" line="160" name="test_volumes_inverse_values[&lt;lambda&gt;27]" time="0.0004181861877441406"><skipped message="Suite splitting in effect" type="pytest.skip">src/pymortests/affine_grid.py:160: Suite splitting in effect</skipped></testcase><testcase classname="src.pymortests.affine_grid" file="src/pymortests/affine_grid.py" line="160" name="test_volumes_inverse_values[&lt;lambda&gt;28]" time="0.0004317760467529297"><skipped message="Suite splitting in effect" type="pytest.skip">src/pymortests/affine_grid.py:160: Suite splitting in effect</skipped></testcase><testcase classname="src.pymortests.affine_grid" file="src/pymortests/affine_grid.py" line="160" name="test_volumes_inverse_values[&lt;lambda&gt;29]" time="0.0007171630859375"><skipped message="Suite splitting in effect" type="pytest.skip">src/pymortests/affine_grid.py:160: Suite splitting in effect</skipped></testcase><testcase classname="src.pymortests.affine_grid" file="src/pymortests/affine_grid.py" line="160" name="test_volumes_inverse_values[&lt;lambda&gt;30]" time="0.00044226646423339844"><skipped message="Suite splitting in effect" type="pytest.skip">src/pymortests/affine_grid.py:160: Suite splitting in effect</skipped></testcase><testcase classname="src.pymortests.affine_grid" file="src/pymortests/affine_grid.py" line="160" name="test_volumes_inverse_values[&lt;lambda&gt;31]" time="0.0004210472106933594"><skipped message="Suite splitting in effect" type="pytest.skip">src/pymortests/affine_grid.py:160: Suite splitting in effect</skipped></testcase><testcase classname="src.pymortests.affine_grid" file="src/pymortests/affine_grid.py" line="160" name="test_volumes_inverse_values[&lt;lambda&gt;32]" time="0.0003991127014160156"><skipped message="Suite splitting in effect" type="pytest.skip">src/pymortests/affine_grid.py:160: Suite splitting in effect</skipped></testcase><testcase classname="src.pymortests.affine_grid" file="src/pymortests/affine_grid.py" line="160" name="test_volumes_inverse_values[&lt;lambda&gt;33]" time="0.00042748451232910156"><skipped message="Suite splitting in effect" type="pytest.skip">src/pymortests/affine_grid.py:160: Suite splitting in effect</skipped></testcase><testcase classname="src.pymortests.affine_grid" file="src/pymortests/affine_grid.py" line="160" name="test_volumes_inverse_values[&lt;lambda&gt;34]" time="0.00042629241943359375"><skipped message="Suite splitting in effect" type="pytest.skip">src/pymortests/affine_grid.py:160: Suite splitting in effect</skipped></testcase><testcase classname="src.pymortests.affine_grid" file="src/pymortests/affine_grid.py" line="160" name="test_volumes_inverse_values[&lt;lambda&gt;35]" time="0.0004146099090576172"><skipped message="Suite splitting in effect" type="pytest.skip">src/pymortests/affine_grid.py:160: Suite splitting in effect</skipped></testcase><testcase classname="src.pymortests.affine_grid" file="src/pymortests/affine_grid.py" line="160" name="test_volumes_inverse_values[&lt;lambda&gt;36]" time="0.00042819976806640625"><skipped message="Suite splitting in effect" type="pytest.skip">src/pymortests/affine_grid.py:160: Suite splitting in effect</skipped></testcase><testcase classname="src.pymortests.affine_grid" file="src/pymortests/affine_grid.py" line="160" name="test_volumes_inverse_values[&lt;lambda&gt;37]" time="0.0007331371307373047"><skipped message="Suite splitting in effect" type="pytest.skip">src/pymortests/affine_grid.py:160: Suite splitting in effect</skipped></testcase><testcase classname="src.pymortests.affine_grid" file="src/pymortests/affine_grid.py" line="160" name="test_volumes_inverse_values[&lt;lambda&gt;38]" time="0.0004162788391113281"><skipped message="Suite splitting in effect" type="pytest.skip">src/pymortests/affine_grid.py:160: Suite splitting in effect</skipped></testcase><testcase classname="src.pymortests.affine_grid" file="src/pymortests/affine_grid.py" line="160" name="test_volumes_inverse_values[&lt;lambda&gt;39]" time="0.0004124641418457031"><skipped message="Suite splitting in effect" type="pytest.skip">src/pymortests/affine_grid.py:160: Suite splitting in effect</skipped></testcase><testcase classname="src.pymortests.affine_grid" file="src/pymortests/affine_grid.py" line="160" name="test_volumes_inverse_values[&lt;lambda&gt;40]" time="0.00040268898010253906"><skipped message="Suite splitting in effect" type="pytest.skip">src/pymortests/affine_grid.py:160: Suite splitting in effect</skipped></testcase><testcase classname="src.pymortests.affine_grid" file="src/pymortests/affine_grid.py" line="160" name="test_volumes_inverse_values[&lt;lambda&gt;41]" time="0.00041794776916503906"><skipped message="Suite splitting in effect" type="pytest.skip">src/pymortests/affine_grid.py:160: Suite splitting in effect</skipped></testcase><testcase classname="src.pymortests.affine_grid" file="src/pymortests/affine_grid.py" line="160" name="test_volumes_inverse_values[&lt;lambda&gt;42]" time="0.00044035911560058594"><skipped message="Suite splitting in effect" type="pytest.skip">src/pymortests/affine_grid.py:160: Suite splitting in effect</skipped></testcase><testcase classname="src.pymortests.affine_grid" file="src/pymortests/affine_grid.py" line="168" name="test_unit_outer_normals_shape[&lt;lambda&gt;0]" time="0.0004184246063232422"><skipped message="Suite splitting in effect" type="pytest.skip">src/pymortests/affine_grid.py:168: Suite splitting in effect</skipped></testcase><testcase classname="src.pymortests.affine_grid" file="src/pymortests/affine_grid.py" line="168" name="test_unit_outer_normals_shape[&lt;lambda&gt;1]" time="0.00041961669921875"><skipped message="Suite splitting in effect" type="pytest.skip">src/pymortests/affine_grid.py:168: Suite splitting in effect</skipped></testcase><testcase classname="src.pymortests.affine_grid" file="src/pymortests/affine_grid.py" line="168" name="test_unit_outer_normals_shape[&lt;lambda&gt;2]" time="0.0007183551788330078"><skipped message="Suite splitting in effect" type="pytest.skip">src/pymortests/affine_grid.py:168: Suite splitting in effect</skipped></testcase><testcase classname="src.pymortests.affine_grid" file="src/pymortests/affine_grid.py" line="168" name="test_unit_outer_normals_shape[&lt;lambda&gt;3]" time="0.0004048347473144531"><skipped message="Suite splitting in effect" type="pytest.skip">src/pymortests/affine_grid.py:168: Suite splitting in effect</skipped></testcase><testcase classname="src.pymortests.affine_grid" file="src/pymortests/affine_grid.py" line="168" name="test_unit_outer_normals_shape[&lt;lambda&gt;4]" time="0.00043129920959472656"><skipped message="Suite splitting in effect" type="pytest.skip">src/pymortests/affine_grid.py:168: Suite splitting in effect</skipped></testcase><testcase classname="src.pymortests.affine_grid" file="src/pymortests/affine_grid.py" line="168" name="test_unit_outer_normals_shape[&lt;lambda&gt;5]" time="0.00042247772216796875"><skipped message="Suite splitting in effect" type="pytest.skip">src/pymortests/affine_grid.py:168: Suite splitting in effect</skipped></testcase><testcase classname="src.pymortests.affine_grid" file="src/pymortests/affine_grid.py" line="168" name="test_unit_outer_normals_shape[&lt;lambda&gt;6]" time="0.00043511390686035156"><skipped message="Suite splitting in effect" type="pytest.skip">src/pymortests/affine_grid.py:168: Suite splitting in effect</skipped></testcase><testcase classname="src.pymortests.affine_grid" file="src/pymortests/affine_grid.py" line="168" name="test_unit_outer_normals_shape[&lt;lambda&gt;7]" time="0.0004315376281738281"><skipped message="Suite splitting in effect" type="pytest.skip">src/pymortests/affine_grid.py:168: Suite splitting in effect</skipped></testcase><testcase classname="src.pymortests.affine_grid" file="src/pymortests/affine_grid.py" line="168" name="test_unit_outer_normals_shape[&lt;lambda&gt;8]" time="0.0004215240478515625"><skipped message="Suite splitting in effect" type="pytest.skip">src/pymortests/affine_grid.py:168: Suite splitting in effect</skipped></testcase><testcase classname="src.pymortests.affine_grid" file="src/pymortests/affine_grid.py" line="168" name="test_unit_outer_normals_shape[&lt;lambda&gt;9]" time="0.0004363059997558594"><skipped message="Suite splitting in effect" type="pytest.skip">src/pymortests/affine_grid.py:168: Suite splitting in effect</skipped></testcase><testcase classname="src.pymortests.affine_grid" file="src/pymortests/affine_grid.py" line="168" name="test_unit_outer_normals_shape[&lt;lambda&gt;10]" time="0.000759124755859375"><skipped message="Suite splitting in effect" type="pytest.skip">src/pymortests/affine_grid.py:168: Suite splitting in effect</skipped></testcase><testcase classname="src.pymortests.affine_grid" file="src/pymortests/affine_grid.py" line="168" name="test_unit_outer_normals_shape[&lt;lambda&gt;11]" time="0.00044798851013183594"><skipped message="Suite splitting in effect" type="pytest.skip">src/pymortests/affine_grid.py:168: Suite splitting in effect</skipped></testcase><testcase classname="src.pymortests.affine_grid" file="src/pymortests/affine_grid.py" line="168" name="test_unit_outer_normals_shape[&lt;lambda&gt;12]" time="0.00041484832763671875"><skipped message="Suite splitting in effect" type="pytest.skip">src/pymortests/affine_grid.py:168: Suite splitting in effect</skipped></testcase><testcase classname="src.pymortests.affine_grid" file="src/pymortests/affine_grid.py" line="168" name="test_unit_outer_normals_shape[&lt;lambda&gt;13]" time="0.0004074573516845703"><skipped message="Suite splitting in effect" type="pytest.skip">src/pymortests/affine_grid.py:168: Suite splitting in effect</skipped></testcase><testcase classname="src.pymortests.affine_grid" file="src/pymortests/affine_grid.py" line="168" name="test_unit_outer_normals_shape[&lt;lambda&gt;14]" time="0.0004181861877441406"><skipped message="Suite splitting in effect" type="pytest.skip">src/pymortests/affine_grid.py:168: Suite splitting in effect</skipped></testcase><testcase classname="src.pymortests.affine_grid" file="src/pymortests/affine_grid.py" line="168" name="test_unit_outer_normals_shape[&lt;lambda&gt;15]" time="0.0004048347473144531"><skipped message="Suite splitting in effect" type="pytest.skip">src/pymortests/affine_grid.py:168: Suite splitting in effect</skipped></testcase><testcase classname="src.pymortests.affine_grid" file="src/pymortests/affine_grid.py" line="168" name="test_unit_outer_normals_shape[&lt;lambda&gt;16]" time="0.00042557716369628906"><skipped message="Suite splitting in effect" type="pytest.skip">src/pymortests/affine_grid.py:168: Suite splitting in effect</skipped></testcase><testcase classname="src.pymortests.affine_grid" file="src/pymortests/affine_grid.py" line="168" name="test_unit_outer_normals_shape[&lt;lambda&gt;17]" time="0.0004100799560546875"><skipped message="Suite splitting in effect" type="pytest.skip">src/pymortests/affine_grid.py:168: Suite splitting in effect</skipped></testcase><testcase classname="src.pymortests.affine_grid" file="src/pymortests/affine_grid.py" line="168" name="test_unit_outer_normals_shape[&lt;lambda&gt;18]" time="0.0009002685546875"><skipped message="Suite splitting in effect" type="pytest.skip">src/pymortests/affine_grid.py:168: Suite splitting in effect</skipped></testcase><testcase classname="src.pymortests.affine_grid" file="src/pymortests/affine_grid.py" line="168" name="test_unit_outer_normals_shape[&lt;lambda&gt;19]" time="0.00041747093200683594"><skipped message="Suite splitting in effect" type="pytest.skip">src/pymortests/affine_grid.py:168: Suite splitting in effect</skipped></testcase><testcase classname="src.pymortests.affine_grid" file="src/pymortests/affine_grid.py" line="168" name="test_unit_outer_normals_shape[&lt;lambda&gt;20]" time="0.00045609474182128906"><skipped message="Suite splitting in effect" type="pytest.skip">src/pymortests/affine_grid.py:168: Suite splitting in effect</skipped></testcase><testcase classname="src.pymortests.affine_grid" file="src/pymortests/affine_grid.py" line="168" name="test_unit_outer_normals_shape[&lt;lambda&gt;21]" time="0.00047516822814941406"><skipped message="Suite splitting in effect" type="pytest.skip">src/pymortests/affine_grid.py:168: Suite splitting in effect</skipped></testcase><testcase classname="src.pymortests.affine_grid" file="src/pymortests/affine_grid.py" line="168" name="test_unit_outer_normals_shape[&lt;lambda&gt;22]" time="0.0004189014434814453"><skipped message="Suite splitting in effect" type="pytest.skip">src/pymortests/affine_grid.py:168: Suite splitting in effect</skipped></testcase><testcase classname="src.pymortests.affine_grid" file="src/pymortests/affine_grid.py" line="168" name="test_unit_outer_normals_shape[&lt;lambda&gt;23]" time="0.0004220008850097656"><skipped message="Suite splitting in effect" type="pytest.skip">src/pymortests/affine_grid.py:168: Suite splitting in effect</skipped></testcase><testcase classname="src.pymortests.affine_grid" file="src/pymortests/affine_grid.py" line="168" name="test_unit_outer_normals_shape[&lt;lambda&gt;24]" time="0.0004229545593261719"><skipped message="Suite splitting in effect" type="pytest.skip">src/pymortests/affine_grid.py:168: Suite splitting in effect</skipped></testcase><testcase classname="src.pymortests.affine_grid" file="src/pymortests/affine_grid.py" line="168" name="test_unit_outer_normals_shape[&lt;lambda&gt;25]" time="0.00043773651123046875"><skipped message="Suite splitting in effect" type="pytest.skip">src/pymortests/affine_grid.py:168: Suite splitting in effect</skipped></testcase><testcase classname="src.pymortests.affine_grid" file="src/pymortests/affine_grid.py" line="168" name="test_unit_outer_normals_shape[&lt;lambda&gt;26]" time="0.0006911754608154297"><skipped message="Suite splitting in effect" type="pytest.skip">src/pymortests/affine_grid.py:168: Suite splitting in effect</skipped></testcase><testcase classname="src.pymortests.affine_grid" file="src/pymortests/affine_grid.py" line="168" name="test_unit_outer_normals_shape[&lt;lambda&gt;27]" time="0.000431060791015625"><skipped message="Suite splitting in effect" type="pytest.skip">src/pymortests/affine_grid.py:168: Suite splitting in effect</skipped></testcase><testcase classname="src.pymortests.affine_grid" file="src/pymortests/affine_grid.py" line="168" name="test_unit_outer_normals_shape[&lt;lambda&gt;28]" time="0.00043487548828125"><skipped message="Suite splitting in effect" type="pytest.skip">src/pymortests/affine_grid.py:168: Suite splitting in effect</skipped></testcase><testcase classname="src.pymortests.affine_grid" file="src/pymortests/affine_grid.py" line="168" name="test_unit_outer_normals_shape[&lt;lambda&gt;29]" time="0.0004029273986816406"><skipped message="Suite splitting in effect" type="pytest.skip">src/pymortests/affine_grid.py:168: Suite splitting in effect</skipped></testcase><testcase classname="src.pymortests.affine_grid" file="src/pymortests/affine_grid.py" line="168" name="test_unit_outer_normals_shape[&lt;lambda&gt;30]" time="0.00042366981506347656"><skipped message="Suite splitting in effect" type="pytest.skip">src/pymortests/affine_grid.py:168: Suite splitting in effect</skipped></testcase><testcase classname="src.pymortests.affine_grid" file="src/pymortests/affine_grid.py" line="168" name="test_unit_outer_normals_shape[&lt;lambda&gt;31]" time="0.0004153251647949219"><skipped message="Suite splitting in effect" type="pytest.skip">src/pymortests/affine_grid.py:168: Suite splitting in effect</skipped></testcase><testcase classname="src.pymortests.affine_grid" file="src/pymortests/affine_grid.py" line="168" name="test_unit_outer_normals_shape[&lt;lambda&gt;32]" time="0.0004265308380126953"><skipped message="Suite splitting in effect" type="pytest.skip">src/pymortests/affine_grid.py:168: Suite splitting in effect</skipped></testcase><testcase classname="src.pymortests.affine_grid" file="src/pymortests/affine_grid.py" line="168" name="test_unit_outer_normals_shape[&lt;lambda&gt;33]" time="0.00041604042053222656"><skipped message="Suite splitting in effect" type="pytest.skip">src/pymortests/affine_grid.py:168: Suite splitting in effect</skipped></testcase><testcase classname="src.pymortests.affine_grid" file="src/pymortests/affine_grid.py" line="168" name="test_unit_outer_normals_shape[&lt;lambda&gt;34]" time="0.000881195068359375"><skipped message="Suite splitting in effect" type="pytest.skip">src/pymortests/affine_grid.py:168: Suite splitting in effect</skipped></testcase><testcase classname="src.pymortests.affine_grid" file="src/pymortests/affine_grid.py" line="168" name="test_unit_outer_normals_shape[&lt;lambda&gt;35]" time="0.0004177093505859375"><skipped message="Suite splitting in effect" type="pytest.skip">src/pymortests/affine_grid.py:168: Suite splitting in effect</skipped></testcase><testcase classname="src.pymortests.affine_grid" file="src/pymortests/affine_grid.py" line="168" name="test_unit_outer_normals_shape[&lt;lambda&gt;36]" time="0.00041675567626953125"><skipped message="Suite splitting in effect" type="pytest.skip">src/pymortests/affine_grid.py:168: Suite splitting in effect</skipped></testcase><testcase classname="src.pymortests.affine_grid" file="src/pymortests/affine_grid.py" line="168" name="test_unit_outer_normals_shape[&lt;lambda&gt;37]" time="0.0004153251647949219"><skipped message="Suite splitting in effect" type="pytest.skip">src/pymortests/affine_grid.py:168: Suite splitting in effect</skipped></testcase><testcase classname="src.pymortests.affine_grid" file="src/pymortests/affine_grid.py" line="168" name="test_unit_outer_normals_shape[&lt;lambda&gt;38]" time="0.00042176246643066406"><skipped message="Suite splitting in effect" type="pytest.skip">src/pymortests/affine_grid.py:168: Suite splitting in effect</skipped></testcase><testcase classname="src.pymortests.affine_grid" file="src/pymortests/affine_grid.py" line="168" name="test_unit_outer_normals_shape[&lt;lambda&gt;39]" time="0.00042939186096191406"><skipped message="Suite splitting in effect" type="pytest.skip">src/pymortests/affine_grid.py:168: Suite splitting in effect</skipped></testcase><testcase classname="src.pymortests.affine_grid" file="src/pymortests/affine_grid.py" line="168" name="test_unit_outer_normals_shape[&lt;lambda&gt;40]" time="0.00043487548828125"><skipped message="Suite splitting in effect" type="pytest.skip">src/pymortests/affine_grid.py:168: Suite splitting in effect</skipped></testcase><testcase classname="src.pymortests.affine_grid" file="src/pymortests/affine_grid.py" line="168" name="test_unit_outer_normals_shape[&lt;lambda&gt;41]" time="0.0004210472106933594"><skipped message="Suite splitting in effect" type="pytest.skip">src/pymortests/affine_grid.py:168: Suite splitting in effect</skipped></testcase><testcase classname="src.pymortests.affine_grid" file="src/pymortests/affine_grid.py" line="168" name="test_unit_outer_normals_shape[&lt;lambda&gt;42]" time="0.0007011890411376953"><skipped message="Suite splitting in effect" type="pytest.skip">src/pymortests/affine_grid.py:168: Suite splitting in effect</skipped></testcase><testcase classname="src.pymortests.affine_grid" file="src/pymortests/affine_grid.py" line="174" name="test_unit_outer_normals_normed[&lt;lambda&gt;0]" time="0.00041222572326660156"><skipped message="Suite splitting in effect" type="pytest.skip">src/pymortests/affine_grid.py:174: Suite splitting in effect</skipped></testcase><testcase classname="src.pymortests.affine_grid" file="src/pymortests/affine_grid.py" line="174" name="test_unit_outer_normals_normed[&lt;lambda&gt;1]" time="0.0004131793975830078"><skipped message="Suite splitting in effect" type="pytest.skip">src/pymortests/affine_grid.py:174: Suite splitting in effect</skipped></testcase><testcase classname="src.pymortests.affine_grid" file="src/pymortests/affine_grid.py" line="174" name="test_unit_outer_normals_normed[&lt;lambda&gt;2]" time="0.0004086494445800781"><skipped message="Suite splitting in effect" type="pytest.skip">src/pymortests/affine_grid.py:174: Suite splitting in effect</skipped></testcase><testcase classname="src.pymortests.affine_grid" file="src/pymortests/affine_grid.py" line="174" name="test_unit_outer_normals_normed[&lt;lambda&gt;3]" time="0.0005433559417724609"><skipped message="Suite splitting in effect" type="pytest.skip">src/pymortests/affine_grid.py:174: Suite splitting in effect</skipped></testcase><testcase classname="src.pymortests.affine_grid" file="src/pymortests/affine_grid.py" line="174" name="test_unit_outer_normals_normed[&lt;lambda&gt;4]" time="0.000446319580078125"><skipped message="Suite splitting in effect" type="pytest.skip">src/pymortests/affine_grid.py:174: Suite splitting in effect</skipped></testcase><testcase classname="src.pymortests.affine_grid" file="src/pymortests/affine_grid.py" line="174" name="test_unit_outer_normals_normed[&lt;lambda&gt;5]" time="0.0004856586456298828"><skipped message="Suite splitting in effect" type="pytest.skip">src/pymortests/affine_grid.py:174: Suite splitting in effect</skipped></testcase><testcase classname="src.pymortests.affine_grid" file="src/pymortests/affine_grid.py" line="174" name="test_unit_outer_normals_normed[&lt;lambda&gt;6]" time="0.00042724609375"><skipped message="Suite splitting in effect" type="pytest.skip">src/pymortests/affine_grid.py:174: Suite splitting in effect</skipped></testcase><testcase classname="src.pymortests.affine_grid" file="src/pymortests/affine_grid.py" line="174" name="test_unit_outer_normals_normed[&lt;lambda&gt;7]" time="0.0007300376892089844"><skipped message="Suite splitting in effect" type="pytest.skip">src/pymortests/affine_grid.py:174: Suite splitting in effect</skipped></testcase><testcase classname="src.pymortests.affine_grid" file="src/pymortests/affine_grid.py" line="174" name="test_unit_outer_normals_normed[&lt;lambda&gt;8]" time="0.00041747093200683594"><skipped message="Suite splitting in effect" type="pytest.skip">src/pymortests/affine_grid.py:174: Suite splitting in effect</skipped></testcase><testcase classname="src.pymortests.affine_grid" file="src/pymortests/affine_grid.py" line="174" name="test_unit_outer_normals_normed[&lt;lambda&gt;9]" time="0.0004138946533203125"><skipped message="Suite splitting in effect" type="pytest.skip">src/pymortests/affine_grid.py:174: Suite splitting in effect</skipped></testcase><testcase classname="src.pymortests.affine_grid" file="src/pymortests/affine_grid.py" line="174" name="test_unit_outer_normals_normed[&lt;lambda&gt;10]" time="0.0004291534423828125"><skipped message="Suite splitting in effect" type="pytest.skip">src/pymortests/affine_grid.py:174: Suite splitting in effect</skipped></testcase><testcase classname="src.pymortests.affine_grid" file="src/pymortests/affine_grid.py" line="174" name="test_unit_outer_normals_normed[&lt;lambda&gt;11]" time="0.00043487548828125"><skipped message="Suite splitting in effect" type="pytest.skip">src/pymortests/affine_grid.py:174: Suite splitting in effect</skipped></testcase><testcase classname="src.pymortests.affine_grid" file="src/pymortests/affine_grid.py" line="174" name="test_unit_outer_normals_normed[&lt;lambda&gt;12]" time="0.0004444122314453125"><skipped message="Suite splitting in effect" type="pytest.skip">src/pymortests/affine_grid.py:174: Suite splitting in effect</skipped></testcase><testcase classname="src.pymortests.affine_grid" file="src/pymortests/affine_grid.py" line="174" name="test_unit_outer_normals_normed[&lt;lambda&gt;13]" time="0.0004303455352783203"><skipped message="Suite splitting in effect" type="pytest.skip">src/pymortests/affine_grid.py:174: Suite splitting in effect</skipped></testcase><testcase classname="src.pymortests.affine_grid" file="src/pymortests/affine_grid.py" line="174" name="test_unit_outer_normals_normed[&lt;lambda&gt;14]" time="0.0004329681396484375"><skipped message="Suite splitting in effect" type="pytest.skip">src/pymortests/affine_grid.py:174: Suite splitting in effect</skipped></testcase><testcase classname="src.pymortests.affine_grid" file="src/pymortests/affine_grid.py" line="174" name="test_unit_outer_normals_normed[&lt;lambda&gt;15]" time="0.0007312297821044922"><skipped message="Suite splitting in effect" type="pytest.skip">src/pymortests/affine_grid.py:174: Suite splitting in effect</skipped></testcase><testcase classname="src.pymortests.affine_grid" file="src/pymortests/affine_grid.py" line="174" name="test_unit_outer_normals_normed[&lt;lambda&gt;16]" time="0.0005230903625488281"><skipped message="Suite splitting in effect" type="pytest.skip">src/pymortests/affine_grid.py:174: Suite splitting in effect</skipped></testcase><testcase classname="src.pymortests.affine_grid" file="src/pymortests/affine_grid.py" line="174" name="test_unit_outer_normals_normed[&lt;lambda&gt;17]" time="0.00043201446533203125"><skipped message="Suite splitting in effect" type="pytest.skip">src/pymortests/affine_grid.py:174: Suite splitting in effect</skipped></testcase><testcase classname="src.pymortests.affine_grid" file="src/pymortests/affine_grid.py" line="174" name="test_unit_outer_normals_normed[&lt;lambda&gt;18]" time="0.00046324729919433594"><skipped message="Suite splitting in effect" type="pytest.skip">src/pymortests/affine_grid.py:174: Suite splitting in effect</skipped></testcase><testcase classname="src.pymortests.affine_grid" file="src/pymortests/affine_grid.py" line="174" name="test_unit_outer_normals_normed[&lt;lambda&gt;19]" time="0.0004107952117919922"><skipped message="Suite splitting in effect" type="pytest.skip">src/pymortests/affine_grid.py:174: Suite splitting in effect</skipped></testcase><testcase classname="src.pymortests.affine_grid" file="src/pymortests/affine_grid.py" line="174" name="test_unit_outer_normals_normed[&lt;lambda&gt;20]" time="0.00041794776916503906"><skipped message="Suite splitting in effect" type="pytest.skip">src/pymortests/affine_grid.py:174: Suite splitting in effect</skipped></testcase><testcase classname="src.pymortests.affine_grid" file="src/pymortests/affine_grid.py" line="174" name="test_unit_outer_normals_normed[&lt;lambda&gt;21]" time="0.000408172607421875"><skipped message="Suite splitting in effect" type="pytest.skip">src/pymortests/affine_grid.py:174: Suite splitting in effect</skipped></testcase><testcase classname="src.pymortests.affine_grid" file="src/pymortests/affine_grid.py" line="174" name="test_unit_outer_normals_normed[&lt;lambda&gt;22]" time="0.0004506111145019531"><skipped message="Suite splitting in effect" type="pytest.skip">src/pymortests/affine_grid.py:174: Suite splitting in effect</skipped></testcase><testcase classname="src.pymortests.affine_grid" file="src/pymortests/affine_grid.py" line="174" name="test_unit_outer_normals_normed[&lt;lambda&gt;23]" time="0.0007300376892089844"><skipped message="Suite splitting in effect" type="pytest.skip">src/pymortests/affine_grid.py:174: Suite splitting in effect</skipped></testcase><testcase classname="src.pymortests.affine_grid" file="src/pymortests/affine_grid.py" line="174" name="test_unit_outer_normals_normed[&lt;lambda&gt;24]" time="0.00042510032653808594"><skipped message="Suite splitting in effect" type="pytest.skip">src/pymortests/affine_grid.py:174: Suite splitting in effect</skipped></testcase><testcase classname="src.pymortests.affine_grid" file="src/pymortests/affine_grid.py" line="174" name="test_unit_outer_normals_normed[&lt;lambda&gt;25]" time="0.0004153251647949219"><skipped message="Suite splitting in effect" type="pytest.skip">src/pymortests/affine_grid.py:174: Suite splitting in effect</skipped></testcase><testcase classname="src.pymortests.affine_grid" file="src/pymortests/affine_grid.py" line="174" name="test_unit_outer_normals_normed[&lt;lambda&gt;26]" time="0.0004253387451171875"><skipped message="Suite splitting in effect" type="pytest.skip">src/pymortests/affine_grid.py:174: Suite splitting in effect</skipped></testcase><testcase classname="src.pymortests.affine_grid" file="src/pymortests/affine_grid.py" line="174" name="test_unit_outer_normals_normed[&lt;lambda&gt;27]" time="0.0004200935363769531"><skipped message="Suite splitting in effect" type="pytest.skip">src/pymortests/affine_grid.py:174: Suite splitting in effect</skipped></testcase><testcase classname="src.pymortests.affine_grid" file="src/pymortests/affine_grid.py" line="174" name="test_unit_outer_normals_normed[&lt;lambda&gt;28]" time="0.00042438507080078125"><skipped message="Suite splitting in effect" type="pytest.skip">src/pymortests/affine_grid.py:174: Suite splitting in effect</skipped></testcase><testcase classname="src.pymortests.affine_grid" file="src/pymortests/affine_grid.py" line="174" name="test_unit_outer_normals_normed[&lt;lambda&gt;29]" time="0.0004181861877441406"><skipped message="Suite splitting in effect" type="pytest.skip">src/pymortests/affine_grid.py:174: Suite splitting in effect</skipped></testcase><testcase classname="src.pymortests.affine_grid" file="src/pymortests/affine_grid.py" line="174" name="test_unit_outer_normals_normed[&lt;lambda&gt;30]" time="0.0004353523254394531"><skipped message="Suite splitting in effect" type="pytest.skip">src/pymortests/affine_grid.py:174: Suite splitting in effect</skipped></testcase><testcase classname="src.pymortests.affine_grid" file="src/pymortests/affine_grid.py" line="174" name="test_unit_outer_normals_normed[&lt;lambda&gt;31]" time="0.0007107257843017578"><skipped message="Suite splitting in effect" type="pytest.skip">src/pymortests/affine_grid.py:174: Suite splitting in effect</skipped></testcase><testcase classname="src.pymortests.affine_grid" file="src/pymortests/affine_grid.py" line="174" name="test_unit_outer_normals_normed[&lt;lambda&gt;32]" time="0.00044798851013183594"><skipped message="Suite splitting in effect" type="pytest.skip">src/pymortests/affine_grid.py:174: Suite splitting in effect</skipped></testcase><testcase classname="src.pymortests.affine_grid" file="src/pymortests/affine_grid.py" line="174" name="test_unit_outer_normals_normed[&lt;lambda&gt;33]" time="0.00041675567626953125"><skipped message="Suite splitting in effect" type="pytest.skip">src/pymortests/affine_grid.py:174: Suite splitting in effect</skipped></testcase><testcase classname="src.pymortests.affine_grid" file="src/pymortests/affine_grid.py" line="174" name="test_unit_outer_normals_normed[&lt;lambda&gt;34]" time="0.0004203319549560547"><skipped message="Suite splitting in effect" type="pytest.skip">src/pymortests/affine_grid.py:174: Suite splitting in effect</skipped></testcase><testcase classname="src.pymortests.affine_grid" file="src/pymortests/affine_grid.py" line="174" name="test_unit_outer_normals_normed[&lt;lambda&gt;35]" time="0.0004189014434814453"><skipped message="Suite splitting in effect" type="pytest.skip">src/pymortests/affine_grid.py:174: Suite splitting in effect</skipped></testcase><testcase classname="src.pymortests.affine_grid" file="src/pymortests/affine_grid.py" line="174" name="test_unit_outer_normals_normed[&lt;lambda&gt;36]" time="0.00044155120849609375"><skipped message="Suite splitting in effect" type="pytest.skip">src/pymortests/affine_grid.py:174: Suite splitting in effect</skipped></testcase><testcase classname="src.pymortests.affine_grid" file="src/pymortests/affine_grid.py" line="174" name="test_unit_outer_normals_normed[&lt;lambda&gt;37]" time="0.00046372413635253906"><skipped message="Suite splitting in effect" type="pytest.skip">src/pymortests/affine_grid.py:174: Suite splitting in effect</skipped></testcase><testcase classname="src.pymortests.affine_grid" file="src/pymortests/affine_grid.py" line="174" name="test_unit_outer_normals_normed[&lt;lambda&gt;38]" time="0.0004374980926513672"><skipped message="Suite splitting in effect" type="pytest.skip">src/pymortests/affine_grid.py:174: Suite splitting in effect</skipped></testcase><testcase classname="src.pymortests.affine_grid" file="src/pymortests/affine_grid.py" line="174" name="test_unit_outer_normals_normed[&lt;lambda&gt;39]" time="0.0007522106170654297"><skipped message="Suite splitting in effect" type="pytest.skip">src/pymortests/affine_grid.py:174: Suite splitting in effect</skipped></testcase><testcase classname="src.pymortests.affine_grid" file="src/pymortests/affine_grid.py" line="174" name="test_unit_outer_normals_normed[&lt;lambda&gt;40]" time="0.0004267692565917969"><skipped message="Suite splitting in effect" type="pytest.skip">src/pymortests/affine_grid.py:174: Suite splitting in effect</skipped></testcase><testcase classname="src.pymortests.affine_grid" file="src/pymortests/affine_grid.py" line="174" name="test_unit_outer_normals_normed[&lt;lambda&gt;41]" time="0.00041794776916503906"><skipped message="Suite splitting in effect" type="pytest.skip">src/pymortests/affine_grid.py:174: Suite splitting in effect</skipped></testcase><testcase classname="src.pymortests.affine_grid" file="src/pymortests/affine_grid.py" line="174" name="test_unit_outer_normals_normed[&lt;lambda&gt;42]" time="0.00041747093200683594"><skipped message="Suite splitting in effect" type="pytest.skip">src/pymortests/affine_grid.py:174: Suite splitting in effect</skipped></testcase><testcase classname="src.pymortests.affine_grid" file="src/pymortests/affine_grid.py" line="180" name="test_unit_outer_normals_normal[&lt;lambda&gt;0]" time="0.00043010711669921875"><skipped message="Suite splitting in effect" type="pytest.skip">src/pymortests/affine_grid.py:180: Suite splitting in effect</skipped></testcase><testcase classname="src.pymortests.affine_grid" file="src/pymortests/affine_grid.py" line="180" name="test_unit_outer_normals_normal[&lt;lambda&gt;1]" time="0.0004153251647949219"><skipped message="Suite splitting in effect" type="pytest.skip">src/pymortests/affine_grid.py:180: Suite splitting in effect</skipped></testcase><testcase classname="src.pymortests.affine_grid" file="src/pymortests/affine_grid.py" line="180" name="test_unit_outer_normals_normal[&lt;lambda&gt;2]" time="0.00048232078552246094"><skipped message="Suite splitting in effect" type="pytest.skip">src/pymortests/affine_grid.py:180: Suite splitting in effect</skipped></testcase><testcase classname="src.pymortests.affine_grid" file="src/pymortests/affine_grid.py" line="180" name="test_unit_outer_normals_normal[&lt;lambda&gt;3]" time="0.0004324913024902344"><skipped message="Suite splitting in effect" type="pytest.skip">src/pymortests/affine_grid.py:180: Suite splitting in effect</skipped></testcase><testcase classname="src.pymortests.affine_grid" file="src/pymortests/affine_grid.py" line="180" name="test_unit_outer_normals_normal[&lt;lambda&gt;4]" time="0.0007381439208984375"><skipped message="Suite splitting in effect" type="pytest.skip">src/pymortests/affine_grid.py:180: Suite splitting in effect</skipped></testcase><testcase classname="src.pymortests.affine_grid" file="src/pymortests/affine_grid.py" line="180" name="test_unit_outer_normals_normal[&lt;lambda&gt;5]" time="0.0004088878631591797"><skipped message="Suite splitting in effect" type="pytest.skip">src/pymortests/affine_grid.py:180: Suite splitting in effect</skipped></testcase><testcase classname="src.pymortests.affine_grid" file="src/pymortests/affine_grid.py" line="180" name="test_unit_outer_normals_normal[&lt;lambda&gt;6]" time="0.0004131793975830078"><skipped message="Suite splitting in effect" type="pytest.skip">src/pymortests/affine_grid.py:180: Suite splitting in effect</skipped></testcase><testcase classname="src.pymortests.affine_grid" file="src/pymortests/affine_grid.py" line="180" name="test_unit_outer_normals_normal[&lt;lambda&gt;7]" time="0.0004119873046875"><skipped message="Suite splitting in effect" type="pytest.skip">src/pymortests/affine_grid.py:180: Suite splitting in effect</skipped></testcase><testcase classname="src.pymortests.affine_grid" file="src/pymortests/affine_grid.py" line="180" name="test_unit_outer_normals_normal[&lt;lambda&gt;8]" time="0.00042557716369628906"><skipped message="Suite splitting in effect" type="pytest.skip">src/pymortests/affine_grid.py:180: Suite splitting in effect</skipped></testcase><testcase classname="src.pymortests.affine_grid" file="src/pymortests/affine_grid.py" line="180" name="test_unit_outer_normals_normal[&lt;lambda&gt;9]" time="0.00046563148498535156"><skipped message="Suite splitting in effect" type="pytest.skip">src/pymortests/affine_grid.py:180: Suite splitting in effect</skipped></testcase><testcase classname="src.pymortests.affine_grid" file="src/pymortests/affine_grid.py" line="180" name="test_unit_outer_normals_normal[&lt;lambda&gt;10]" time="0.0004222393035888672"><skipped message="Suite splitting in effect" type="pytest.skip">src/pymortests/affine_grid.py:180: Suite splitting in effect</skipped></testcase><testcase classname="src.pymortests.affine_grid" file="src/pymortests/affine_grid.py" line="180" name="test_unit_outer_normals_normal[&lt;lambda&gt;11]" time="0.0004353523254394531"><skipped message="Suite splitting in effect" type="pytest.skip">src/pymortests/affine_grid.py:180: Suite splitting in effect</skipped></testcase><testcase classname="src.pymortests.affine_grid" file="src/pymortests/affine_grid.py" line="180" name="test_unit_outer_normals_normal[&lt;lambda&gt;12]" time="0.0006959438323974609"><skipped message="Suite splitting in effect" type="pytest.skip">src/pymortests/affine_grid.py:180: Suite splitting in effect</skipped></testcase><testcase classname="src.pymortests.affine_grid" file="src/pymortests/affine_grid.py" line="180" name="test_unit_outer_normals_normal[&lt;lambda&gt;13]" time="0.0004165172576904297"><skipped message="Suite splitting in effect" type="pytest.skip">src/pymortests/affine_grid.py:180: Suite splitting in effect</skipped></testcase><testcase classname="src.pymortests.affine_grid" file="src/pymortests/affine_grid.py" line="180" name="test_unit_outer_normals_normal[&lt;lambda&gt;14]" time="0.00043272972106933594"><skipped message="Suite splitting in effect" type="pytest.skip">src/pymortests/affine_grid.py:180: Suite splitting in effect</skipped></testcase><testcase classname="src.pymortests.affine_grid" file="src/pymortests/affine_grid.py" line="180" name="test_unit_outer_normals_normal[&lt;lambda&gt;15]" time="0.00044918060302734375"><skipped message="Suite splitting in effect" type="pytest.skip">src/pymortests/affine_grid.py:180: Suite splitting in effect</skipped></testcase><testcase classname="src.pymortests.affine_grid" file="src/pymortests/affine_grid.py" line="180" name="test_unit_outer_normals_normal[&lt;lambda&gt;16]" time="0.0004436969757080078"><skipped message="Suite splitting in effect" type="pytest.skip">src/pymortests/affine_grid.py:180: Suite splitting in effect</skipped></testcase><testcase classname="src.pymortests.affine_grid" file="src/pymortests/affine_grid.py" line="180" name="test_unit_outer_normals_normal[&lt;lambda&gt;17]" time="0.00040221214294433594"><skipped message="Suite splitting in effect" type="pytest.skip">src/pymortests/affine_grid.py:180: Suite splitting in effect</skipped></testcase><testcase classname="src.pymortests.affine_grid" file="src/pymortests/affine_grid.py" line="180" name="test_unit_outer_normals_normal[&lt;lambda&gt;18]" time="0.0004456043243408203"><skipped message="Suite splitting in effect" type="pytest.skip">src/pymortests/affine_grid.py:180: Suite splitting in effect</skipped></testcase><testcase classname="src.pymortests.affine_grid" file="src/pymortests/affine_grid.py" line="180" name="test_unit_outer_normals_normal[&lt;lambda&gt;19]" time="0.0004200935363769531"><skipped message="Suite splitting in effect" type="pytest.skip">src/pymortests/affine_grid.py:180: Suite splitting in effect</skipped></testcase><testcase classname="src.pymortests.affine_grid" file="src/pymortests/affine_grid.py" line="180" name="test_unit_outer_normals_normal[&lt;lambda&gt;20]" time="0.0007410049438476562"><skipped message="Suite splitting in effect" type="pytest.skip">src/pymortests/affine_grid.py:180: Suite splitting in effect</skipped></testcase><testcase classname="src.pymortests.affine_grid" file="src/pymortests/affine_grid.py" line="180" name="test_unit_outer_normals_normal[&lt;lambda&gt;21]" time="0.0004138946533203125"><skipped message="Suite splitting in effect" type="pytest.skip">src/pymortests/affine_grid.py:180: Suite splitting in effect</skipped></testcase><testcase classname="src.pymortests.affine_grid" file="src/pymortests/affine_grid.py" line="180" name="test_unit_outer_normals_normal[&lt;lambda&gt;22]" time="0.0004260540008544922"><skipped message="Suite splitting in effect" type="pytest.skip">src/pymortests/affine_grid.py:180: Suite splitting in effect</skipped></testcase><testcase classname="src.pymortests.affine_grid" file="src/pymortests/affine_grid.py" line="180" name="test_unit_outer_normals_normal[&lt;lambda&gt;23]" time="0.00043272972106933594"><skipped message="Suite splitting in effect" type="pytest.skip">src/pymortests/affine_grid.py:180: Suite splitting in effect</skipped></testcase><testcase classname="src.pymortests.affine_grid" file="src/pymortests/affine_grid.py" line="180" name="test_unit_outer_normals_normal[&lt;lambda&gt;24]" time="0.00041556358337402344"><skipped message="Suite splitting in effect" type="pytest.skip">src/pymortests/affine_grid.py:180: Suite splitting in effect</skipped></testcase><testcase classname="src.pymortests.affine_grid" file="src/pymortests/affine_grid.py" line="180" name="test_unit_outer_normals_normal[&lt;lambda&gt;25]" time="0.0004239082336425781"><skipped message="Suite splitting in effect" type="pytest.skip">src/pymortests/affine_grid.py:180: Suite splitting in effect</skipped></testcase><testcase classname="src.pymortests.affine_grid" file="src/pymortests/affine_grid.py" line="180" name="test_unit_outer_normals_normal[&lt;lambda&gt;26]" time="0.0004405975341796875"><skipped message="Suite splitting in effect" type="pytest.skip">src/pymortests/affine_grid.py:180: Suite splitting in effect</skipped></testcase><testcase classname="src.pymortests.affine_grid" file="src/pymortests/affine_grid.py" line="180" name="test_unit_outer_normals_normal[&lt;lambda&gt;27]" time="0.00041937828063964844"><skipped message="Suite splitting in effect" type="pytest.skip">src/pymortests/affine_grid.py:180: Suite splitting in effect</skipped></testcase><testcase classname="src.pymortests.affine_grid" file="src/pymortests/affine_grid.py" line="180" name="test_unit_outer_normals_normal[&lt;lambda&gt;28]" time="0.0009539127349853516"><skipped message="Suite splitting in effect" type="pytest.skip">src/pymortests/affine_grid.py:180: Suite splitting in effect</skipped></testcase><testcase classname="src.pymortests.affine_grid" file="src/pymortests/affine_grid.py" line="180" name="test_unit_outer_normals_normal[&lt;lambda&gt;29]" time="0.00046539306640625"><skipped message="Suite splitting in effect" type="pytest.skip">src/pymortests/affine_grid.py:180: Suite splitting in effect</skipped></testcase><testcase classname="src.pymortests.affine_grid" file="src/pymortests/affine_grid.py" line="180" name="test_unit_outer_normals_normal[&lt;lambda&gt;30]" time="0.00040435791015625"><skipped message="Suite splitting in effect" type="pytest.skip">src/pymortests/affine_grid.py:180: Suite splitting in effect</skipped></testcase><testcase classname="src.pymortests.affine_grid" file="src/pymortests/affine_grid.py" line="180" name="test_unit_outer_normals_normal[&lt;lambda&gt;31]" time="0.0004267692565917969"><skipped message="Suite splitting in effect" type="pytest.skip">src/pymortests/affine_grid.py:180: Suite splitting in effect</skipped></testcase><testcase classname="src.pymortests.affine_grid" file="src/pymortests/affine_grid.py" line="180" name="test_unit_outer_normals_normal[&lt;lambda&gt;32]" time="0.0004107952117919922"><skipped message="Suite splitting in effect" type="pytest.skip">src/pymortests/affine_grid.py:180: Suite splitting in effect</skipped></testcase><testcase classname="src.pymortests.affine_grid" file="src/pymortests/affine_grid.py" line="180" name="test_unit_outer_normals_normal[&lt;lambda&gt;33]" time="0.0004246234893798828"><skipped message="Suite splitting in effect" type="pytest.skip">src/pymortests/affine_grid.py:180: Suite splitting in effect</skipped></testcase><testcase classname="src.pymortests.affine_grid" file="src/pymortests/affine_grid.py" line="180" name="test_unit_outer_normals_normal[&lt;lambda&gt;34]" time="0.0004162788391113281"><skipped message="Suite splitting in effect" type="pytest.skip">src/pymortests/affine_grid.py:180: Suite splitting in effect</skipped></testcase><testcase classname="src.pymortests.affine_grid" file="src/pymortests/affine_grid.py" line="180" name="test_unit_outer_normals_normal[&lt;lambda&gt;35]" time="0.0004165172576904297"><skipped message="Suite splitting in effect" type="pytest.skip">src/pymortests/affine_grid.py:180: Suite splitting in effect</skipped></testcase><testcase classname="src.pymortests.affine_grid" file="src/pymortests/affine_grid.py" line="180" name="test_unit_outer_normals_normal[&lt;lambda&gt;36]" time="0.00072479248046875"><skipped message="Suite splitting in effect" type="pytest.skip">src/pymortests/affine_grid.py:180: Suite splitting in effect</skipped></testcase><testcase classname="src.pymortests.affine_grid" file="src/pymortests/affine_grid.py" line="180" name="test_unit_outer_normals_normal[&lt;lambda&gt;37]" time="0.0004165172576904297"><skipped message="Suite splitting in effect" type="pytest.skip">src/pymortests/affine_grid.py:180: Suite splitting in effect</skipped></testcase><testcase classname="src.pymortests.affine_grid" file="src/pymortests/affine_grid.py" line="180" name="test_unit_outer_normals_normal[&lt;lambda&gt;38]" time="0.0004088878631591797"><skipped message="Suite splitting in effect" type="pytest.skip">src/pymortests/affine_grid.py:180: Suite splitting in effect</skipped></testcase><testcase classname="src.pymortests.affine_grid" file="src/pymortests/affine_grid.py" line="180" name="test_unit_outer_normals_normal[&lt;lambda&gt;39]" time="0.0004138946533203125"><skipped message="Suite splitting in effect" type="pytest.skip">src/pymortests/affine_grid.py:180: Suite splitting in effect</skipped></testcase><testcase classname="src.pymortests.affine_grid" file="src/pymortests/affine_grid.py" line="180" name="test_unit_outer_normals_normal[&lt;lambda&gt;40]" time="0.0004405975341796875"><skipped message="Suite splitting in effect" type="pytest.skip">src/pymortests/affine_grid.py:180: Suite splitting in effect</skipped></testcase><testcase classname="src.pymortests.affine_grid" file="src/pymortests/affine_grid.py" line="180" name="test_unit_outer_normals_normal[&lt;lambda&gt;41]" time="0.0004303455352783203"><skipped message="Suite splitting in effect" type="pytest.skip">src/pymortests/affine_grid.py:180: Suite splitting in effect</skipped></testcase><testcase classname="src.pymortests.affine_grid" file="src/pymortests/affine_grid.py" line="180" name="test_unit_outer_normals_normal[&lt;lambda&gt;42]" time="0.000492095947265625"><skipped message="Suite splitting in effect" type="pytest.skip">src/pymortests/affine_grid.py:180: Suite splitting in effect</skipped></testcase><testcase classname="src.pymortests.affine_grid" file="src/pymortests/affine_grid.py" line="189" name="test_unit_outer_normals_neighbours[&lt;lambda&gt;0]" time="0.00046706199645996094"><skipped message="Suite splitting in effect" type="pytest.skip">src/pymortests/affine_grid.py:189: Suite splitting in effect</skipped></testcase><testcase classname="src.pymortests.affine_grid" file="src/pymortests/affine_grid.py" line="189" name="test_unit_outer_normals_neighbours[&lt;lambda&gt;1]" time="0.0007131099700927734"><skipped message="Suite splitting in effect" type="pytest.skip">src/pymortests/affine_grid.py:189: Suite splitting in effect</skipped></testcase><testcase classname="src.pymortests.affine_grid" file="src/pymortests/affine_grid.py" line="189" name="test_unit_outer_normals_neighbours[&lt;lambda&gt;2]" time="0.0004048347473144531"><skipped message="Suite splitting in effect" type="pytest.skip">src/pymortests/affine_grid.py:189: Suite splitting in effect</skipped></testcase><testcase classname="src.pymortests.affine_grid" file="src/pymortests/affine_grid.py" line="189" name="test_unit_outer_normals_neighbours[&lt;lambda&gt;3]" time="0.00042891502380371094"><skipped message="Suite splitting in effect" type="pytest.skip">src/pymortests/affine_grid.py:189: Suite splitting in effect</skipped></testcase><testcase classname="src.pymortests.affine_grid" file="src/pymortests/affine_grid.py" line="189" name="test_unit_outer_normals_neighbours[&lt;lambda&gt;4]" time="0.00041675567626953125"><skipped message="Suite splitting in effect" type="pytest.skip">src/pymortests/affine_grid.py:189: Suite splitting in effect</skipped></testcase><testcase classname="src.pymortests.affine_grid" file="src/pymortests/affine_grid.py" line="189" name="test_unit_outer_normals_neighbours[&lt;lambda&gt;5]" time="0.0004169940948486328"><skipped message="Suite splitting in effect" type="pytest.skip">src/pymortests/affine_grid.py:189: Suite splitting in effect</skipped></testcase><testcase classname="src.pymortests.affine_grid" file="src/pymortests/affine_grid.py" line="189" name="test_unit_outer_normals_neighbours[&lt;lambda&gt;6]" time="0.0004315376281738281"><skipped message="Suite splitting in effect" type="pytest.skip">src/pymortests/affine_grid.py:189: Suite splitting in effect</skipped></testcase><testcase classname="src.pymortests.affine_grid" file="src/pymortests/affine_grid.py" line="189" name="test_unit_outer_normals_neighbours[&lt;lambda&gt;7]" time="0.0004279613494873047"><skipped message="Suite splitting in effect" type="pytest.skip">src/pymortests/affine_grid.py:189: Suite splitting in effect</skipped></testcase><testcase classname="src.pymortests.affine_grid" file="src/pymortests/affine_grid.py" line="189" name="test_unit_outer_normals_neighbours[&lt;lambda&gt;8]" time="0.0004451274871826172"><skipped message="Suite splitting in effect" type="pytest.skip">src/pymortests/affine_grid.py:189: Suite splitting in effect</skipped></testcase><testcase classname="src.pymortests.affine_grid" file="src/pymortests/affine_grid.py" line="189" name="test_unit_outer_normals_neighbours[&lt;lambda&gt;9]" time="0.000728607177734375"><skipped message="Suite splitting in effect" type="pytest.skip">src/pymortests/affine_grid.py:189: Suite splitting in effect</skipped></testcase><testcase classname="src.pymortests.affine_grid" file="src/pymortests/affine_grid.py" line="189" name="test_unit_outer_normals_neighbours[&lt;lambda&gt;10]" time="0.0004277229309082031"><skipped message="Suite splitting in effect" type="pytest.skip">src/pymortests/affine_grid.py:189: Suite splitting in effect</skipped></testcase><testcase classname="src.pymortests.affine_grid" file="src/pymortests/affine_grid.py" line="189" name="test_unit_outer_normals_neighbours[&lt;lambda&gt;11]" time="0.00045800209045410156"><skipped message="Suite splitting in effect" type="pytest.skip">src/pymortests/affine_grid.py:189: Suite splitting in effect</skipped></testcase><testcase classname="src.pymortests.affine_grid" file="src/pymortests/affine_grid.py" line="189" name="test_unit_outer_normals_neighbours[&lt;lambda&gt;12]" time="0.00045609474182128906"><skipped message="Suite splitting in effect" type="pytest.skip">src/pymortests/affine_grid.py:189: Suite splitting in effect</skipped></testcase><testcase classname="src.pymortests.affine_grid" file="src/pymortests/affine_grid.py" line="189" name="test_unit_outer_normals_neighbours[&lt;lambda&gt;13]" time="0.00044989585876464844"><skipped message="Suite splitting in effect" type="pytest.skip">src/pymortests/affine_grid.py:189: Suite splitting in effect</skipped></testcase><testcase classname="src.pymortests.affine_grid" file="src/pymortests/affine_grid.py" line="189" name="test_unit_outer_normals_neighbours[&lt;lambda&gt;14]" time="0.00044226646423339844"><skipped message="Suite splitting in effect" type="pytest.skip">src/pymortests/affine_grid.py:189: Suite splitting in effect</skipped></testcase><testcase classname="src.pymortests.affine_grid" file="src/pymortests/affine_grid.py" line="189" name="test_unit_outer_normals_neighbours[&lt;lambda&gt;15]" time="0.0004260540008544922"><skipped message="Suite splitting in effect" type="pytest.skip">src/pymortests/affine_grid.py:189: Suite splitting in effect</skipped></testcase><testcase classname="src.pymortests.affine_grid" file="src/pymortests/affine_grid.py" line="189" name="test_unit_outer_normals_neighbours[&lt;lambda&gt;16]" time="0.000415802001953125"><skipped message="Suite splitting in effect" type="pytest.skip">src/pymortests/affine_grid.py:189: Suite splitting in effect</skipped></testcase><testcase classname="src.pymortests.affine_grid" file="src/pymortests/affine_grid.py" line="189" name="test_unit_outer_normals_neighbours[&lt;lambda&gt;17]" time="0.0007686614990234375"><skipped message="Suite splitting in effect" type="pytest.skip">src/pymortests/affine_grid.py:189: Suite splitting in effect</skipped></testcase><testcase classname="src.pymortests.affine_grid" file="src/pymortests/affine_grid.py" line="189" name="test_unit_outer_normals_neighbours[&lt;lambda&gt;18]" time="0.0004143714904785156"><skipped message="Suite splitting in effect" type="pytest.skip">src/pymortests/affine_grid.py:189: Suite splitting in effect</skipped></testcase><testcase classname="src.pymortests.affine_grid" file="src/pymortests/affine_grid.py" line="189" name="test_unit_outer_normals_neighbours[&lt;lambda&gt;19]" time="0.00042557716369628906"><skipped message="Suite splitting in effect" type="pytest.skip">src/pymortests/affine_grid.py:189: Suite splitting in effect</skipped></testcase><testcase classname="src.pymortests.affine_grid" file="src/pymortests/affine_grid.py" line="189" name="test_unit_outer_normals_neighbours[&lt;lambda&gt;20]" time="0.00041604042053222656"><skipped message="Suite splitting in effect" type="pytest.skip">src/pymortests/affine_grid.py:189: Suite splitting in effect</skipped></testcase><testcase classname="src.pymortests.affine_grid" file="src/pymortests/affine_grid.py" line="189" name="test_unit_outer_normals_neighbours[&lt;lambda&gt;21]" time="0.0004069805145263672"><skipped message="Suite splitting in effect" type="pytest.skip">src/pymortests/affine_grid.py:189: Suite splitting in effect</skipped></testcase><testcase classname="src.pymortests.affine_grid" file="src/pymortests/affine_grid.py" line="189" name="test_unit_outer_normals_neighbours[&lt;lambda&gt;22]" time="0.0004343986511230469"><skipped message="Suite splitting in effect" type="pytest.skip">src/pymortests/affine_grid.py:189: Suite splitting in effect</skipped></testcase><testcase classname="src.pymortests.affine_grid" file="src/pymortests/affine_grid.py" line="189" name="test_unit_outer_normals_neighbours[&lt;lambda&gt;23]" time="0.0004177093505859375"><skipped message="Suite splitting in effect" type="pytest.skip">src/pymortests/affine_grid.py:189: Suite splitting in effect</skipped></testcase><testcase classname="src.pymortests.affine_grid" file="src/pymortests/affine_grid.py" line="189" name="test_unit_outer_normals_neighbours[&lt;lambda&gt;24]" time="0.0012824535369873047"><skipped message="Suite splitting in effect" type="pytest.skip">src/pymortests/affine_grid.py:189: Suite splitting in effect</skipped></testcase><testcase classname="src.pymortests.affine_grid" file="src/pymortests/affine_grid.py" line="189" name="test_unit_outer_normals_neighbours[&lt;lambda&gt;25]" time="0.0007200241088867188"><skipped message="Suite splitting in effect" type="pytest.skip">src/pymortests/affine_grid.py:189: Suite splitting in effect</skipped></testcase><testcase classname="src.pymortests.affine_grid" file="src/pymortests/affine_grid.py" line="189" name="test_unit_outer_normals_neighbours[&lt;lambda&gt;26]" time="0.0004279613494873047"><skipped message="Suite splitting in effect" type="pytest.skip">src/pymortests/affine_grid.py:189: Suite splitting in effect</skipped></testcase><testcase classname="src.pymortests.affine_grid" file="src/pymortests/affine_grid.py" line="189" name="test_unit_outer_normals_neighbours[&lt;lambda&gt;27]" time="0.0004329681396484375"><skipped message="Suite splitting in effect" type="pytest.skip">src/pymortests/affine_grid.py:189: Suite splitting in effect</skipped></testcase><testcase classname="src.pymortests.affine_grid" file="src/pymortests/affine_grid.py" line="189" name="test_unit_outer_normals_neighbours[&lt;lambda&gt;28]" time="0.00042057037353515625"><skipped message="Suite splitting in effect" type="pytest.skip">src/pymortests/affine_grid.py:189: Suite splitting in effect</skipped></testcase><testcase classname="src.pymortests.affine_grid" file="src/pymortests/affine_grid.py" line="189" name="test_unit_outer_normals_neighbours[&lt;lambda&gt;29]" time="0.0004181861877441406"><skipped message="Suite splitting in effect" type="pytest.skip">src/pymortests/affine_grid.py:189: Suite splitting in effect</skipped></testcase><testcase classname="src.pymortests.affine_grid" file="src/pymortests/affine_grid.py" line="189" name="test_unit_outer_normals_neighbours[&lt;lambda&gt;30]" time="0.0004451274871826172"><skipped message="Suite splitting in effect" type="pytest.skip">src/pymortests/affine_grid.py:189: Suite splitting in effect</skipped></testcase><testcase classname="src.pymortests.affine_grid" file="src/pymortests/affine_grid.py" line="189" name="test_unit_outer_normals_neighbours[&lt;lambda&gt;31]" time="0.00043773651123046875"><skipped message="Suite splitting in effect" type="pytest.skip">src/pymortests/affine_grid.py:189: Suite splitting in effect</skipped></testcase><testcase classname="src.pymortests.affine_grid" file="src/pymortests/affine_grid.py" line="189" name="test_unit_outer_normals_neighbours[&lt;lambda&gt;32]" time="0.0004401206970214844"><skipped message="Suite splitting in effect" type="pytest.skip">src/pymortests/affine_grid.py:189: Suite splitting in effect</skipped></testcase><testcase classname="src.pymortests.affine_grid" file="src/pymortests/affine_grid.py" line="189" name="test_unit_outer_normals_neighbours[&lt;lambda&gt;33]" time="0.0007312297821044922"><skipped message="Suite splitting in effect" type="pytest.skip">src/pymortests/affine_grid.py:189: Suite splitting in effect</skipped></testcase><testcase classname="src.pymortests.affine_grid" file="src/pymortests/affine_grid.py" line="189" name="test_unit_outer_normals_neighbours[&lt;lambda&gt;34]" time="0.0004229545593261719"><skipped message="Suite splitting in effect" type="pytest.skip">src/pymortests/affine_grid.py:189: Suite splitting in effect</skipped></testcase><testcase classname="src.pymortests.affine_grid" file="src/pymortests/affine_grid.py" line="189" name="test_unit_outer_normals_neighbours[&lt;lambda&gt;35]" time="0.0004374980926513672"><skipped message="Suite splitting in effect" type="pytest.skip">src/pymortests/affine_grid.py:189: Suite splitting in effect</skipped></testcase><testcase classname="src.pymortests.affine_grid" file="src/pymortests/affine_grid.py" line="189" name="test_unit_outer_normals_neighbours[&lt;lambda&gt;36]" time="0.0004482269287109375"><skipped message="Suite splitting in effect" type="pytest.skip">src/pymortests/affine_grid.py:189: Suite splitting in effect</skipped></testcase><testcase classname="src.pymortests.affine_grid" file="src/pymortests/affine_grid.py" line="189" name="test_unit_outer_normals_neighbours[&lt;lambda&gt;37]" time="0.000423431396484375"><skipped message="Suite splitting in effect" type="pytest.skip">src/pymortests/affine_grid.py:189: Suite splitting in effect</skipped></testcase><testcase classname="src.pymortests.affine_grid" file="src/pymortests/affine_grid.py" line="189" name="test_unit_outer_normals_neighbours[&lt;lambda&gt;38]" time="0.0004191398620605469"><skipped message="Suite splitting in effect" type="pytest.skip">src/pymortests/affine_grid.py:189: Suite splitting in effect</skipped></testcase><testcase classname="src.pymortests.affine_grid" file="src/pymortests/affine_grid.py" line="189" name="test_unit_outer_normals_neighbours[&lt;lambda&gt;39]" time="0.00040602684020996094"><skipped message="Suite splitting in effect" type="pytest.skip">src/pymortests/affine_grid.py:189: Suite splitting in effect</skipped></testcase><testcase classname="src.pymortests.affine_grid" file="src/pymortests/affine_grid.py" line="189" name="test_unit_outer_normals_neighbours[&lt;lambda&gt;40]" time="0.00045990943908691406"><skipped message="Suite splitting in effect" type="pytest.skip">src/pymortests/affine_grid.py:189: Suite splitting in effect</skipped></testcase><testcase classname="src.pymortests.affine_grid" file="src/pymortests/affine_grid.py" line="189" name="test_unit_outer_normals_neighbours[&lt;lambda&gt;41]" time="0.0007429122924804688"><skipped message="Suite splitting in effect" type="pytest.skip">src/pymortests/affine_grid.py:189: Suite splitting in effect</skipped></testcase><testcase classname="src.pymortests.affine_grid" file="src/pymortests/affine_grid.py" line="189" name="test_unit_outer_normals_neighbours[&lt;lambda&gt;42]" time="0.0004215240478515625"><skipped message="Suite splitting in effect" type="pytest.skip">src/pymortests/affine_grid.py:189: Suite splitting in effect</skipped></testcase><testcase classname="src.pymortests.affine_grid" file="src/pymortests/affine_grid.py" line="202" name="test_centers_wrong_arguments[&lt;lambda&gt;0]" time="0.0004494190216064453"><skipped message="Suite splitting in effect" type="pytest.skip">src/pymortests/affine_grid.py:202: Suite splitting in effect</skipped></testcase><testcase classname="src.pymortests.affine_grid" file="src/pymortests/affine_grid.py" line="202" name="test_centers_wrong_arguments[&lt;lambda&gt;1]" time="0.0004432201385498047"><skipped message="Suite splitting in effect" type="pytest.skip">src/pymortests/affine_grid.py:202: Suite splitting in effect</skipped></testcase><testcase classname="src.pymortests.affine_grid" file="src/pymortests/affine_grid.py" line="202" name="test_centers_wrong_arguments[&lt;lambda&gt;2]" time="0.0004725456237792969"><skipped message="Suite splitting in effect" type="pytest.skip">src/pymortests/affine_grid.py:202: Suite splitting in effect</skipped></testcase><testcase classname="src.pymortests.affine_grid" file="src/pymortests/affine_grid.py" line="202" name="test_centers_wrong_arguments[&lt;lambda&gt;3]" time="0.00042510032653808594"><skipped message="Suite splitting in effect" type="pytest.skip">src/pymortests/affine_grid.py:202: Suite splitting in effect</skipped></testcase><testcase classname="src.pymortests.affine_grid" file="src/pymortests/affine_grid.py" line="202" name="test_centers_wrong_arguments[&lt;lambda&gt;4]" time="0.0004150867462158203"><skipped message="Suite splitting in effect" type="pytest.skip">src/pymortests/affine_grid.py:202: Suite splitting in effect</skipped></testcase><testcase classname="src.pymortests.affine_grid" file="src/pymortests/affine_grid.py" line="202" name="test_centers_wrong_arguments[&lt;lambda&gt;5]" time="0.000423431396484375"><skipped message="Suite splitting in effect" type="pytest.skip">src/pymortests/affine_grid.py:202: Suite splitting in effect</skipped></testcase><testcase classname="src.pymortests.affine_grid" file="src/pymortests/affine_grid.py" line="202" name="test_centers_wrong_arguments[&lt;lambda&gt;6]" time="0.0006761550903320312"><skipped message="Suite splitting in effect" type="pytest.skip">src/pymortests/affine_grid.py:202: Suite splitting in effect</skipped></testcase><testcase classname="src.pymortests.affine_grid" file="src/pymortests/affine_grid.py" line="202" name="test_centers_wrong_arguments[&lt;lambda&gt;7]" time="0.00042128562927246094"><skipped message="Suite splitting in effect" type="pytest.skip">src/pymortests/affine_grid.py:202: Suite splitting in effect</skipped></testcase><testcase classname="src.pymortests.affine_grid" file="src/pymortests/affine_grid.py" line="202" name="test_centers_wrong_arguments[&lt;lambda&gt;8]" time="0.00045037269592285156"><skipped message="Suite splitting in effect" type="pytest.skip">src/pymortests/affine_grid.py:202: Suite splitting in effect</skipped></testcase><testcase classname="src.pymortests.affine_grid" file="src/pymortests/affine_grid.py" line="202" name="test_centers_wrong_arguments[&lt;lambda&gt;9]" time="0.0004146099090576172"><skipped message="Suite splitting in effect" type="pytest.skip">src/pymortests/affine_grid.py:202: Suite splitting in effect</skipped></testcase><testcase classname="src.pymortests.affine_grid" file="src/pymortests/affine_grid.py" line="202" name="test_centers_wrong_arguments[&lt;lambda&gt;10]" time="0.0004265308380126953"><skipped message="Suite splitting in effect" type="pytest.skip">src/pymortests/affine_grid.py:202: Suite splitting in effect</skipped></testcase><testcase classname="src.pymortests.affine_grid" file="src/pymortests/affine_grid.py" line="202" name="test_centers_wrong_arguments[&lt;lambda&gt;11]" time="0.0004298686981201172"><skipped message="Suite splitting in effect" type="pytest.skip">src/pymortests/affine_grid.py:202: Suite splitting in effect</skipped></testcase><testcase classname="src.pymortests.affine_grid" file="src/pymortests/affine_grid.py" line="202" name="test_centers_wrong_arguments[&lt;lambda&gt;12]" time="0.00040984153747558594"><skipped message="Suite splitting in effect" type="pytest.skip">src/pymortests/affine_grid.py:202: Suite splitting in effect</skipped></testcase><testcase classname="src.pymortests.affine_grid" file="src/pymortests/affine_grid.py" line="202" name="test_centers_wrong_arguments[&lt;lambda&gt;13]" time="0.0004372596740722656"><skipped message="Suite splitting in effect" type="pytest.skip">src/pymortests/affine_grid.py:202: Suite splitting in effect</skipped></testcase><testcase classname="src.pymortests.affine_grid" file="src/pymortests/affine_grid.py" line="202" name="test_centers_wrong_arguments[&lt;lambda&gt;14]" time="0.0006811618804931641"><skipped message="Suite splitting in effect" type="pytest.skip">src/pymortests/affine_grid.py:202: Suite splitting in effect</skipped></testcase><testcase classname="src.pymortests.affine_grid" file="src/pymortests/affine_grid.py" line="202" name="test_centers_wrong_arguments[&lt;lambda&gt;15]" time="0.00041222572326660156"><skipped message="Suite splitting in effect" type="pytest.skip">src/pymortests/affine_grid.py:202: Suite splitting in effect</skipped></testcase><testcase classname="src.pymortests.affine_grid" file="src/pymortests/affine_grid.py" line="202" name="test_centers_wrong_arguments[&lt;lambda&gt;16]" time="0.0004119873046875"><skipped message="Suite splitting in effect" type="pytest.skip">src/pymortests/affine_grid.py:202: Suite splitting in effect</skipped></testcase><testcase classname="src.pymortests.affine_grid" file="src/pymortests/affine_grid.py" line="202" name="test_centers_wrong_arguments[&lt;lambda&gt;17]" time="0.00041604042053222656"><skipped message="Suite splitting in effect" type="pytest.skip">src/pymortests/affine_grid.py:202: Suite splitting in effect</skipped></testcase><testcase classname="src.pymortests.affine_grid" file="src/pymortests/affine_grid.py" line="202" name="test_centers_wrong_arguments[&lt;lambda&gt;18]" time="0.000431060791015625"><skipped message="Suite splitting in effect" type="pytest.skip">src/pymortests/affine_grid.py:202: Suite splitting in effect</skipped></testcase><testcase classname="src.pymortests.affine_grid" file="src/pymortests/affine_grid.py" line="202" name="test_centers_wrong_arguments[&lt;lambda&gt;19]" time="0.0004162788391113281"><skipped message="Suite splitting in effect" type="pytest.skip">src/pymortests/affine_grid.py:202: Suite splitting in effect</skipped></testcase><testcase classname="src.pymortests.affine_grid" file="src/pymortests/affine_grid.py" line="202" name="test_centers_wrong_arguments[&lt;lambda&gt;20]" time="0.00044465065002441406"><skipped message="Suite splitting in effect" type="pytest.skip">src/pymortests/affine_grid.py:202: Suite splitting in effect</skipped></testcase><testcase classname="src.pymortests.affine_grid" file="src/pymortests/affine_grid.py" line="202" name="test_centers_wrong_arguments[&lt;lambda&gt;21]" time="0.00042819976806640625"><skipped message="Suite splitting in effect" type="pytest.skip">src/pymortests/affine_grid.py:202: Suite splitting in effect</skipped></testcase><testcase classname="src.pymortests.affine_grid" file="src/pymortests/affine_grid.py" line="202" name="test_centers_wrong_arguments[&lt;lambda&gt;22]" time="0.0007076263427734375"><skipped message="Suite splitting in effect" type="pytest.skip">src/pymortests/affine_grid.py:202: Suite splitting in effect</skipped></testcase><testcase classname="src.pymortests.affine_grid" file="src/pymortests/affine_grid.py" line="202" name="test_centers_wrong_arguments[&lt;lambda&gt;23]" time="0.00041747093200683594"><skipped message="Suite splitting in effect" type="pytest.skip">src/pymortests/affine_grid.py:202: Suite splitting in effect</skipped></testcase><testcase classname="src.pymortests.affine_grid" file="src/pymortests/affine_grid.py" line="202" name="test_centers_wrong_arguments[&lt;lambda&gt;24]" time="0.00041365623474121094"><skipped message="Suite splitting in effect" type="pytest.skip">src/pymortests/affine_grid.py:202: Suite splitting in effect</skipped></testcase><testcase classname="src.pymortests.affine_grid" file="src/pymortests/affine_grid.py" line="202" name="test_centers_wrong_arguments[&lt;lambda&gt;25]" time="0.00043582916259765625"><skipped message="Suite splitting in effect" type="pytest.skip">src/pymortests/affine_grid.py:202: Suite splitting in effect</skipped></testcase><testcase classname="src.pymortests.affine_grid" file="src/pymortests/affine_grid.py" line="202" name="test_centers_wrong_arguments[&lt;lambda&gt;26]" time="0.00044035911560058594"><skipped message="Suite splitting in effect" type="pytest.skip">src/pymortests/affine_grid.py:202: Suite splitting in effect</skipped></testcase><testcase classname="src.pymortests.affine_grid" file="src/pymortests/affine_grid.py" line="202" name="test_centers_wrong_arguments[&lt;lambda&gt;27]" time="0.0004527568817138672"><skipped message="Suite splitting in effect" type="pytest.skip">src/pymortests/affine_grid.py:202: Suite splitting in effect</skipped></testcase><testcase classname="src.pymortests.affine_grid" file="src/pymortests/affine_grid.py" line="202" name="test_centers_wrong_arguments[&lt;lambda&gt;28]" time="0.0004184246063232422"><skipped message="Suite splitting in effect" type="pytest.skip">src/pymortests/affine_grid.py:202: Suite splitting in effect</skipped></testcase><testcase classname="src.pymortests.affine_grid" file="src/pymortests/affine_grid.py" line="202" name="test_centers_wrong_arguments[&lt;lambda&gt;29]" time="0.0004107952117919922"><skipped message="Suite splitting in effect" type="pytest.skip">src/pymortests/affine_grid.py:202: Suite splitting in effect</skipped></testcase><testcase classname="src.pymortests.affine_grid" file="src/pymortests/affine_grid.py" line="202" name="test_centers_wrong_arguments[&lt;lambda&gt;30]" time="0.0007178783416748047"><skipped message="Suite splitting in effect" type="pytest.skip">src/pymortests/affine_grid.py:202: Suite splitting in effect</skipped></testcase><testcase classname="src.pymortests.affine_grid" file="src/pymortests/affine_grid.py" line="202" name="test_centers_wrong_arguments[&lt;lambda&gt;31]" time="0.00048160552978515625"><skipped message="Suite splitting in effect" type="pytest.skip">src/pymortests/affine_grid.py:202: Suite splitting in effect</skipped></testcase><testcase classname="src.pymortests.affine_grid" file="src/pymortests/affine_grid.py" line="202" name="test_centers_wrong_arguments[&lt;lambda&gt;32]" time="0.00041222572326660156"><skipped message="Suite splitting in effect" type="pytest.skip">src/pymortests/affine_grid.py:202: Suite splitting in effect</skipped></testcase><testcase classname="src.pymortests.affine_grid" file="src/pymortests/affine_grid.py" line="202" name="test_centers_wrong_arguments[&lt;lambda&gt;33]" time="0.0004296302795410156"><skipped message="Suite splitting in effect" type="pytest.skip">src/pymortests/affine_grid.py:202: Suite splitting in effect</skipped></testcase><testcase classname="src.pymortests.affine_grid" file="src/pymortests/affine_grid.py" line="202" name="test_centers_wrong_arguments[&lt;lambda&gt;34]" time="0.0004363059997558594"><skipped message="Suite splitting in effect" type="pytest.skip">src/pymortests/affine_grid.py:202: Suite splitting in effect</skipped></testcase><testcase classname="src.pymortests.affine_grid" file="src/pymortests/affine_grid.py" line="202" name="test_centers_wrong_arguments[&lt;lambda&gt;35]" time="0.00040078163146972656"><skipped message="Suite splitting in effect" type="pytest.skip">src/pymortests/affine_grid.py:202: Suite splitting in effect</skipped></testcase><testcase classname="src.pymortests.affine_grid" file="src/pymortests/affine_grid.py" line="202" name="test_centers_wrong_arguments[&lt;lambda&gt;36]" time="0.0004279613494873047"><skipped message="Suite splitting in effect" type="pytest.skip">src/pymortests/affine_grid.py:202: Suite splitting in effect</skipped></testcase><testcase classname="src.pymortests.affine_grid" file="src/pymortests/affine_grid.py" line="202" name="test_centers_wrong_arguments[&lt;lambda&gt;37]" time="0.0004246234893798828"><skipped message="Suite splitting in effect" type="pytest.skip">src/pymortests/affine_grid.py:202: Suite splitting in effect</skipped></testcase><testcase classname="src.pymortests.affine_grid" file="src/pymortests/affine_grid.py" line="202" name="test_centers_wrong_arguments[&lt;lambda&gt;38]" time="0.0009322166442871094"><skipped message="Suite splitting in effect" type="pytest.skip">src/pymortests/affine_grid.py:202: Suite splitting in effect</skipped></testcase><testcase classname="src.pymortests.affine_grid" file="src/pymortests/affine_grid.py" line="202" name="test_centers_wrong_arguments[&lt;lambda&gt;39]" time="0.0004382133483886719"><skipped message="Suite splitting in effect" type="pytest.skip">src/pymortests/affine_grid.py:202: Suite splitting in effect</skipped></testcase><testcase classname="src.pymortests.affine_grid" file="src/pymortests/affine_grid.py" line="202" name="test_centers_wrong_arguments[&lt;lambda&gt;40]" time="0.00044465065002441406"><skipped message="Suite splitting in effect" type="pytest.skip">src/pymortests/affine_grid.py:202: Suite splitting in effect</skipped></testcase><testcase classname="src.pymortests.affine_grid" file="src/pymortests/affine_grid.py" line="202" name="test_centers_wrong_arguments[&lt;lambda&gt;41]" time="0.0004208087921142578"><skipped message="Suite splitting in effect" type="pytest.skip">src/pymortests/affine_grid.py:202: Suite splitting in effect</skipped></testcase><testcase classname="src.pymortests.affine_grid" file="src/pymortests/affine_grid.py" line="202" name="test_centers_wrong_arguments[&lt;lambda&gt;42]" time="0.0004222393035888672"><skipped message="Suite splitting in effect" type="pytest.skip">src/pymortests/affine_grid.py:202: Suite splitting in effect</skipped></testcase><testcase classname="src.pymortests.affine_grid" file="src/pymortests/affine_grid.py" line="210" name="test_centers_shape[&lt;lambda&gt;0]" time="0.000415802001953125"><skipped message="Suite splitting in effect" type="pytest.skip">src/pymortests/affine_grid.py:210: Suite splitting in effect</skipped></testcase><testcase classname="src.pymortests.affine_grid" file="src/pymortests/affine_grid.py" line="210" name="test_centers_shape[&lt;lambda&gt;1]" time="0.0004184246063232422"><skipped message="Suite splitting in effect" type="pytest.skip">src/pymortests/affine_grid.py:210: Suite splitting in effect</skipped></testcase><testcase classname="src.pymortests.affine_grid" file="src/pymortests/affine_grid.py" line="210" name="test_centers_shape[&lt;lambda&gt;2]" time="0.0004208087921142578"><skipped message="Suite splitting in effect" type="pytest.skip">src/pymortests/affine_grid.py:210: Suite splitting in effect</skipped></testcase><testcase classname="src.pymortests.affine_grid" file="src/pymortests/affine_grid.py" line="210" name="test_centers_shape[&lt;lambda&gt;3]" time="0.0007097721099853516"><skipped message="Suite splitting in effect" type="pytest.skip">src/pymortests/affine_grid.py:210: Suite splitting in effect</skipped></testcase><testcase classname="src.pymortests.affine_grid" file="src/pymortests/affine_grid.py" line="210" name="test_centers_shape[&lt;lambda&gt;4]" time="0.0004563331604003906"><skipped message="Suite splitting in effect" type="pytest.skip">src/pymortests/affine_grid.py:210: Suite splitting in effect</skipped></testcase><testcase classname="src.pymortests.affine_grid" file="src/pymortests/affine_grid.py" line="210" name="test_centers_shape[&lt;lambda&gt;5]" time="0.00041413307189941406"><skipped message="Suite splitting in effect" type="pytest.skip">src/pymortests/affine_grid.py:210: Suite splitting in effect</skipped></testcase><testcase classname="src.pymortests.affine_grid" file="src/pymortests/affine_grid.py" line="210" name="test_centers_shape[&lt;lambda&gt;6]" time="0.0004067420959472656"><skipped message="Suite splitting in effect" type="pytest.skip">src/pymortests/affine_grid.py:210: Suite splitting in effect</skipped></testcase><testcase classname="src.pymortests.affine_grid" file="src/pymortests/affine_grid.py" line="210" name="test_centers_shape[&lt;lambda&gt;7]" time="0.0004210472106933594"><skipped message="Suite splitting in effect" type="pytest.skip">src/pymortests/affine_grid.py:210: Suite splitting in effect</skipped></testcase><testcase classname="src.pymortests.affine_grid" file="src/pymortests/affine_grid.py" line="210" name="test_centers_shape[&lt;lambda&gt;8]" time="0.00041961669921875"><skipped message="Suite splitting in effect" type="pytest.skip">src/pymortests/affine_grid.py:210: Suite splitting in effect</skipped></testcase><testcase classname="src.pymortests.affine_grid" file="src/pymortests/affine_grid.py" line="210" name="test_centers_shape[&lt;lambda&gt;9]" time="0.00044035911560058594"><skipped message="Suite splitting in effect" type="pytest.skip">src/pymortests/affine_grid.py:210: Suite splitting in effect</skipped></testcase><testcase classname="src.pymortests.affine_grid" file="src/pymortests/affine_grid.py" line="210" name="test_centers_shape[&lt;lambda&gt;10]" time="0.00041937828063964844"><skipped message="Suite splitting in effect" type="pytest.skip">src/pymortests/affine_grid.py:210: Suite splitting in effect</skipped></testcase><testcase classname="src.pymortests.affine_grid" file="src/pymortests/affine_grid.py" line="210" name="test_centers_shape[&lt;lambda&gt;11]" time="0.0006818771362304688"><skipped message="Suite splitting in effect" type="pytest.skip">src/pymortests/affine_grid.py:210: Suite splitting in effect</skipped></testcase><testcase classname="src.pymortests.affine_grid" file="src/pymortests/affine_grid.py" line="210" name="test_centers_shape[&lt;lambda&gt;12]" time="0.0004367828369140625"><skipped message="Suite splitting in effect" type="pytest.skip">src/pymortests/affine_grid.py:210: Suite splitting in effect</skipped></testcase><testcase classname="src.pymortests.affine_grid" file="src/pymortests/affine_grid.py" line="210" name="test_centers_shape[&lt;lambda&gt;13]" time="0.00043201446533203125"><skipped message="Suite splitting in effect" type="pytest.skip">src/pymortests/affine_grid.py:210: Suite splitting in effect</skipped></testcase><testcase classname="src.pymortests.affine_grid" file="src/pymortests/affine_grid.py" line="210" name="test_centers_shape[&lt;lambda&gt;14]" time="0.0004324913024902344"><skipped message="Suite splitting in effect" type="pytest.skip">src/pymortests/affine_grid.py:210: Suite splitting in effect</skipped></testcase><testcase classname="src.pymortests.affine_grid" file="src/pymortests/affine_grid.py" line="210" name="test_centers_shape[&lt;lambda&gt;15]" time="0.0004277229309082031"><skipped message="Suite splitting in effect" type="pytest.skip">src/pymortests/affine_grid.py:210: Suite splitting in effect</skipped></testcase><testcase classname="src.pymortests.affine_grid" file="src/pymortests/affine_grid.py" line="210" name="test_centers_shape[&lt;lambda&gt;16]" time="0.00041174888610839844"><skipped message="Suite splitting in effect" type="pytest.skip">src/pymortests/affine_grid.py:210: Suite splitting in effect</skipped></testcase><testcase classname="src.pymortests.affine_grid" file="src/pymortests/affine_grid.py" line="210" name="test_centers_shape[&lt;lambda&gt;17]" time="0.0004458427429199219"><skipped message="Suite splitting in effect" type="pytest.skip">src/pymortests/affine_grid.py:210: Suite splitting in effect</skipped></testcase><testcase classname="src.pymortests.affine_grid" file="src/pymortests/affine_grid.py" line="210" name="test_centers_shape[&lt;lambda&gt;18]" time="0.00045561790466308594"><skipped message="Suite splitting in effect" type="pytest.skip">src/pymortests/affine_grid.py:210: Suite splitting in effect</skipped></testcase><testcase classname="src.pymortests.affine_grid" file="src/pymortests/affine_grid.py" line="210" name="test_centers_shape[&lt;lambda&gt;19]" time="0.0006945133209228516"><skipped message="Suite splitting in effect" type="pytest.skip">src/pymortests/affine_grid.py:210: Suite splitting in effect</skipped></testcase><testcase classname="src.pymortests.affine_grid" file="src/pymortests/affine_grid.py" line="210" name="test_centers_shape[&lt;lambda&gt;20]" time="0.00043487548828125"><skipped message="Suite splitting in effect" type="pytest.skip">src/pymortests/affine_grid.py:210: Suite splitting in effect</skipped></testcase><testcase classname="src.pymortests.affine_grid" file="src/pymortests/affine_grid.py" line="210" name="test_centers_shape[&lt;lambda&gt;21]" time="0.00041747093200683594"><skipped message="Suite splitting in effect" type="pytest.skip">src/pymortests/affine_grid.py:210: Suite splitting in effect</skipped></testcase><testcase classname="src.pymortests.affine_grid" file="src/pymortests/affine_grid.py" line="210" name="test_centers_shape[&lt;lambda&gt;22]" time="0.00041556358337402344"><skipped message="Suite splitting in effect" type="pytest.skip">src/pymortests/affine_grid.py:210: Suite splitting in effect</skipped></testcase><testcase classname="src.pymortests.affine_grid" file="src/pymortests/affine_grid.py" line="210" name="test_centers_shape[&lt;lambda&gt;23]" time="0.0004439353942871094"><skipped message="Suite splitting in effect" type="pytest.skip">src/pymortests/affine_grid.py:210: Suite splitting in effect</skipped></testcase><testcase classname="src.pymortests.affine_grid" file="src/pymortests/affine_grid.py" line="210" name="test_centers_shape[&lt;lambda&gt;24]" time="0.00045037269592285156"><skipped message="Suite splitting in effect" type="pytest.skip">src/pymortests/affine_grid.py:210: Suite splitting in effect</skipped></testcase><testcase classname="src.pymortests.affine_grid" file="src/pymortests/affine_grid.py" line="210" name="test_centers_shape[&lt;lambda&gt;25]" time="0.0004296302795410156"><skipped message="Suite splitting in effect" type="pytest.skip">src/pymortests/affine_grid.py:210: Suite splitting in effect</skipped></testcase><testcase classname="src.pymortests.affine_grid" file="src/pymortests/affine_grid.py" line="210" name="test_centers_shape[&lt;lambda&gt;26]" time="0.0004184246063232422"><skipped message="Suite splitting in effect" type="pytest.skip">src/pymortests/affine_grid.py:210: Suite splitting in effect</skipped></testcase><testcase classname="src.pymortests.affine_grid" file="src/pymortests/affine_grid.py" line="210" name="test_centers_shape[&lt;lambda&gt;27]" time="0.0006847381591796875"><skipped message="Suite splitting in effect" type="pytest.skip">src/pymortests/affine_grid.py:210: Suite splitting in effect</skipped></testcase><testcase classname="src.pymortests.affine_grid" file="src/pymortests/affine_grid.py" line="210" name="test_centers_shape[&lt;lambda&gt;28]" time="0.0004341602325439453"><skipped message="Suite splitting in effect" type="pytest.skip">src/pymortests/affine_grid.py:210: Suite splitting in effect</skipped></testcase><testcase classname="src.pymortests.affine_grid" file="src/pymortests/affine_grid.py" line="210" name="test_centers_shape[&lt;lambda&gt;29]" time="0.0004112720489501953"><skipped message="Suite splitting in effect" type="pytest.skip">src/pymortests/affine_grid.py:210: Suite splitting in effect</skipped></testcase><testcase classname="src.pymortests.affine_grid" file="src/pymortests/affine_grid.py" line="210" name="test_centers_shape[&lt;lambda&gt;30]" time="0.00041413307189941406"><skipped message="Suite splitting in effect" type="pytest.skip">src/pymortests/affine_grid.py:210: Suite splitting in effect</skipped></testcase><testcase classname="src.pymortests.affine_grid" file="src/pymortests/affine_grid.py" line="210" name="test_centers_shape[&lt;lambda&gt;31]" time="0.0004839897155761719"><skipped message="Suite splitting in effect" type="pytest.skip">src/pymortests/affine_grid.py:210: Suite splitting in effect</skipped></testcase><testcase classname="src.pymortests.affine_grid" file="src/pymortests/affine_grid.py" line="210" name="test_centers_shape[&lt;lambda&gt;32]" time="0.0004024505615234375"><skipped message="Suite splitting in effect" type="pytest.skip">src/pymortests/affine_grid.py:210: Suite splitting in effect</skipped></testcase><testcase classname="src.pymortests.affine_grid" file="src/pymortests/affine_grid.py" line="210" name="test_centers_shape[&lt;lambda&gt;33]" time="0.0004227161407470703"><skipped message="Suite splitting in effect" type="pytest.skip">src/pymortests/affine_grid.py:210: Suite splitting in effect</skipped></testcase><testcase classname="src.pymortests.affine_grid" file="src/pymortests/affine_grid.py" line="210" name="test_centers_shape[&lt;lambda&gt;34]" time="0.0004239082336425781"><skipped message="Suite splitting in effect" type="pytest.skip">src/pymortests/affine_grid.py:210: Suite splitting in effect</skipped></testcase><testcase classname="src.pymortests.affine_grid" file="src/pymortests/affine_grid.py" line="210" name="test_centers_shape[&lt;lambda&gt;35]" time="0.0007002353668212891"><skipped message="Suite splitting in effect" type="pytest.skip">src/pymortests/affine_grid.py:210: Suite splitting in effect</skipped></testcase><testcase classname="src.pymortests.affine_grid" file="src/pymortests/affine_grid.py" line="210" name="test_centers_shape[&lt;lambda&gt;36]" time="0.00043845176696777344"><skipped message="Suite splitting in effect" type="pytest.skip">src/pymortests/affine_grid.py:210: Suite splitting in effect</skipped></testcase><testcase classname="src.pymortests.affine_grid" file="src/pymortests/affine_grid.py" line="210" name="test_centers_shape[&lt;lambda&gt;37]" time="0.0004582405090332031"><skipped message="Suite splitting in effect" type="pytest.skip">src/pymortests/affine_grid.py:210: Suite splitting in effect</skipped></testcase><testcase classname="src.pymortests.affine_grid" file="src/pymortests/affine_grid.py" line="210" name="test_centers_shape[&lt;lambda&gt;38]" time="0.00044417381286621094"><skipped message="Suite splitting in effect" type="pytest.skip">src/pymortests/affine_grid.py:210: Suite splitting in effect</skipped></testcase><testcase classname="src.pymortests.affine_grid" file="src/pymortests/affine_grid.py" line="210" name="test_centers_shape[&lt;lambda&gt;39]" time="0.00045228004455566406"><skipped message="Suite splitting in effect" type="pytest.skip">src/pymortests/affine_grid.py:210: Suite splitting in effect</skipped></testcase><testcase classname="src.pymortests.affine_grid" file="src/pymortests/affine_grid.py" line="210" name="test_centers_shape[&lt;lambda&gt;40]" time="0.00042176246643066406"><skipped message="Suite splitting in effect" type="pytest.skip">src/pymortests/affine_grid.py:210: Suite splitting in effect</skipped></testcase><testcase classname="src.pymortests.affine_grid" file="src/pymortests/affine_grid.py" line="210" name="test_centers_shape[&lt;lambda&gt;41]" time="0.00042176246643066406"><skipped message="Suite splitting in effect" type="pytest.skip">src/pymortests/affine_grid.py:210: Suite splitting in effect</skipped></testcase><testcase classname="src.pymortests.affine_grid" file="src/pymortests/affine_grid.py" line="210" name="test_centers_shape[&lt;lambda&gt;42]" time="0.0004208087921142578"><skipped message="Suite splitting in effect" type="pytest.skip">src/pymortests/affine_grid.py:210: Suite splitting in effect</skipped></testcase><testcase classname="src.pymortests.affine_grid" file="src/pymortests/affine_grid.py" line="216" name="test_centers_values[&lt;lambda&gt;0]" time="0.0007085800170898438"><skipped message="Suite splitting in effect" type="pytest.skip">src/pymortests/affine_grid.py:216: Suite splitting in effect</skipped></testcase><testcase classname="src.pymortests.affine_grid" file="src/pymortests/affine_grid.py" line="216" name="test_centers_values[&lt;lambda&gt;1]" time="0.000438690185546875"><skipped message="Suite splitting in effect" type="pytest.skip">src/pymortests/affine_grid.py:216: Suite splitting in effect</skipped></testcase><testcase classname="src.pymortests.affine_grid" file="src/pymortests/affine_grid.py" line="216" name="test_centers_values[&lt;lambda&gt;2]" time="0.00042128562927246094"><skipped message="Suite splitting in effect" type="pytest.skip">src/pymortests/affine_grid.py:216: Suite splitting in effect</skipped></testcase><testcase classname="src.pymortests.affine_grid" file="src/pymortests/affine_grid.py" line="216" name="test_centers_values[&lt;lambda&gt;3]" time="0.0004298686981201172"><skipped message="Suite splitting in effect" type="pytest.skip">src/pymortests/affine_grid.py:216: Suite splitting in effect</skipped></testcase><testcase classname="src.pymortests.affine_grid" file="src/pymortests/affine_grid.py" line="216" name="test_centers_values[&lt;lambda&gt;4]" time="0.00042939186096191406"><skipped message="Suite splitting in effect" type="pytest.skip">src/pymortests/affine_grid.py:216: Suite splitting in effect</skipped></testcase><testcase classname="src.pymortests.affine_grid" file="src/pymortests/affine_grid.py" line="216" name="test_centers_values[&lt;lambda&gt;5]" time="0.0004181861877441406"><skipped message="Suite splitting in effect" type="pytest.skip">src/pymortests/affine_grid.py:216: Suite splitting in effect</skipped></testcase><testcase classname="src.pymortests.affine_grid" file="src/pymortests/affine_grid.py" line="216" name="test_centers_values[&lt;lambda&gt;6]" time="0.0004329681396484375"><skipped message="Suite splitting in effect" type="pytest.skip">src/pymortests/affine_grid.py:216: Suite splitting in effect</skipped></testcase><testcase classname="src.pymortests.affine_grid" file="src/pymortests/affine_grid.py" line="216" name="test_centers_values[&lt;lambda&gt;7]" time="0.0004324913024902344"><skipped message="Suite splitting in effect" type="pytest.skip">src/pymortests/affine_grid.py:216: Suite splitting in effect</skipped></testcase><testcase classname="src.pymortests.affine_grid" file="src/pymortests/affine_grid.py" line="216" name="test_centers_values[&lt;lambda&gt;8]" time="0.0007231235504150391"><skipped message="Suite splitting in effect" type="pytest.skip">src/pymortests/affine_grid.py:216: Suite splitting in effect</skipped></testcase><testcase classname="src.pymortests.affine_grid" file="src/pymortests/affine_grid.py" line="216" name="test_centers_values[&lt;lambda&gt;9]" time="0.000415802001953125"><skipped message="Suite splitting in effect" type="pytest.skip">src/pymortests/affine_grid.py:216: Suite splitting in effect</skipped></testcase><testcase classname="src.pymortests.affine_grid" file="src/pymortests/affine_grid.py" line="216" name="test_centers_values[&lt;lambda&gt;10]" time="0.00041866302490234375"><skipped message="Suite splitting in effect" type="pytest.skip">src/pymortests/affine_grid.py:216: Suite splitting in effect</skipped></testcase><testcase classname="src.pymortests.affine_grid" file="src/pymortests/affine_grid.py" line="216" name="test_centers_values[&lt;lambda&gt;11]" time="0.00041794776916503906"><skipped message="Suite splitting in effect" type="pytest.skip">src/pymortests/affine_grid.py:216: Suite splitting in effect</skipped></testcase><testcase classname="src.pymortests.affine_grid" file="src/pymortests/affine_grid.py" line="216" name="test_centers_values[&lt;lambda&gt;12]" time="0.0004467964172363281"><skipped message="Suite splitting in effect" type="pytest.skip">src/pymortests/affine_grid.py:216: Suite splitting in effect</skipped></testcase><testcase classname="src.pymortests.affine_grid" file="src/pymortests/affine_grid.py" line="216" name="test_centers_values[&lt;lambda&gt;13]" time="0.00043010711669921875"><skipped message="Suite splitting in effect" type="pytest.skip">src/pymortests/affine_grid.py:216: Suite splitting in effect</skipped></testcase><testcase classname="src.pymortests.affine_grid" file="src/pymortests/affine_grid.py" line="216" name="test_centers_values[&lt;lambda&gt;14]" time="0.0004241466522216797"><skipped message="Suite splitting in effect" type="pytest.skip">src/pymortests/affine_grid.py:216: Suite splitting in effect</skipped></testcase><testcase classname="src.pymortests.affine_grid" file="src/pymortests/affine_grid.py" line="216" name="test_centers_values[&lt;lambda&gt;15]" time="0.0004324913024902344"><skipped message="Suite splitting in effect" type="pytest.skip">src/pymortests/affine_grid.py:216: Suite splitting in effect</skipped></testcase><testcase classname="src.pymortests.affine_grid" file="src/pymortests/affine_grid.py" line="216" name="test_centers_values[&lt;lambda&gt;16]" time="0.0007567405700683594"><skipped message="Suite splitting in effect" type="pytest.skip">src/pymortests/affine_grid.py:216: Suite splitting in effect</skipped></testcase><testcase classname="src.pymortests.affine_grid" file="src/pymortests/affine_grid.py" line="216" name="test_centers_values[&lt;lambda&gt;17]" time="0.00048661231994628906"><skipped message="Suite splitting in effect" type="pytest.skip">src/pymortests/affine_grid.py:216: Suite splitting in effect</skipped></testcase><testcase classname="src.pymortests.affine_grid" file="src/pymortests/affine_grid.py" line="216" name="test_centers_values[&lt;lambda&gt;18]" time="0.0004260540008544922"><skipped message="Suite splitting in effect" type="pytest.skip">src/pymortests/affine_grid.py:216: Suite splitting in effect</skipped></testcase><testcase classname="src.pymortests.affine_grid" file="src/pymortests/affine_grid.py" line="216" name="test_centers_values[&lt;lambda&gt;19]" time="0.00041937828063964844"><skipped message="Suite splitting in effect" type="pytest.skip">src/pymortests/affine_grid.py:216: Suite splitting in effect</skipped></testcase><testcase classname="src.pymortests.affine_grid" file="src/pymortests/affine_grid.py" line="216" name="test_centers_values[&lt;lambda&gt;20]" time="0.0004343986511230469"><skipped message="Suite splitting in effect" type="pytest.skip">src/pymortests/affine_grid.py:216: Suite splitting in effect</skipped></testcase><testcase classname="src.pymortests.affine_grid" file="src/pymortests/affine_grid.py" line="216" name="test_centers_values[&lt;lambda&gt;21]" time="0.00044608116149902344"><skipped message="Suite splitting in effect" type="pytest.skip">src/pymortests/affine_grid.py:216: Suite splitting in effect</skipped></testcase><testcase classname="src.pymortests.affine_grid" file="src/pymortests/affine_grid.py" line="216" name="test_centers_values[&lt;lambda&gt;22]" time="0.0004420280456542969"><skipped message="Suite splitting in effect" type="pytest.skip">src/pymortests/affine_grid.py:216: Suite splitting in effect</skipped></testcase><testcase classname="src.pymortests.affine_grid" file="src/pymortests/affine_grid.py" line="216" name="test_centers_values[&lt;lambda&gt;23]" time="0.0004229545593261719"><skipped message="Suite splitting in effect" type="pytest.skip">src/pymortests/affine_grid.py:216: Suite splitting in effect</skipped></testcase><testcase classname="src.pymortests.affine_grid" file="src/pymortests/affine_grid.py" line="216" name="test_centers_values[&lt;lambda&gt;24]" time="0.0007421970367431641"><skipped message="Suite splitting in effect" type="pytest.skip">src/pymortests/affine_grid.py:216: Suite splitting in effect</skipped></testcase><testcase classname="src.pymortests.affine_grid" file="src/pymortests/affine_grid.py" line="216" name="test_centers_values[&lt;lambda&gt;25]" time="0.0004050731658935547"><skipped message="Suite splitting in effect" type="pytest.skip">src/pymortests/affine_grid.py:216: Suite splitting in effect</skipped></testcase><testcase classname="src.pymortests.affine_grid" file="src/pymortests/affine_grid.py" line="216" name="test_centers_values[&lt;lambda&gt;26]" time="0.0004253387451171875"><skipped message="Suite splitting in effect" type="pytest.skip">src/pymortests/affine_grid.py:216: Suite splitting in effect</skipped></testcase><testcase classname="src.pymortests.affine_grid" file="src/pymortests/affine_grid.py" line="216" name="test_centers_values[&lt;lambda&gt;27]" time="0.0004067420959472656"><skipped message="Suite splitting in effect" type="pytest.skip">src/pymortests/affine_grid.py:216: Suite splitting in effect</skipped></testcase><testcase classname="src.pymortests.affine_grid" file="src/pymortests/affine_grid.py" line="216" name="test_centers_values[&lt;lambda&gt;28]" time="0.0004391670227050781"><skipped message="Suite splitting in effect" type="pytest.skip">src/pymortests/affine_grid.py:216: Suite splitting in effect</skipped></testcase><testcase classname="src.pymortests.affine_grid" file="src/pymortests/affine_grid.py" line="216" name="test_centers_values[&lt;lambda&gt;29]" time="0.0004074573516845703"><skipped message="Suite splitting in effect" type="pytest.skip">src/pymortests/affine_grid.py:216: Suite splitting in effect</skipped></testcase><testcase classname="src.pymortests.affine_grid" file="src/pymortests/affine_grid.py" line="216" name="test_centers_values[&lt;lambda&gt;30]" time="0.0004322528839111328"><skipped message="Suite splitting in effect" type="pytest.skip">src/pymortests/affine_grid.py:216: Suite splitting in effect</skipped></testcase><testcase classname="src.pymortests.affine_grid" file="src/pymortests/affine_grid.py" line="216" name="test_centers_values[&lt;lambda&gt;31]" time="0.0004119873046875"><skipped message="Suite splitting in effect" type="pytest.skip">src/pymortests/affine_grid.py:216: Suite splitting in effect</skipped></testcase><testcase classname="src.pymortests.affine_grid" file="src/pymortests/affine_grid.py" line="216" name="test_centers_values[&lt;lambda&gt;32]" time="0.0007550716400146484"><skipped message="Suite splitting in effect" type="pytest.skip">src/pymortests/affine_grid.py:216: Suite splitting in effect</skipped></testcase><testcase classname="src.pymortests.affine_grid" file="src/pymortests/affine_grid.py" line="216" name="test_centers_values[&lt;lambda&gt;33]" time="0.00043892860412597656"><skipped message="Suite splitting in effect" type="pytest.skip">src/pymortests/affine_grid.py:216: Suite splitting in effect</skipped></testcase><testcase classname="src.pymortests.affine_grid" file="src/pymortests/affine_grid.py" line="216" name="test_centers_values[&lt;lambda&gt;34]" time="0.00045680999755859375"><skipped message="Suite splitting in effect" type="pytest.skip">src/pymortests/affine_grid.py:216: Suite splitting in effect</skipped></testcase><testcase classname="src.pymortests.affine_grid" file="src/pymortests/affine_grid.py" line="216" name="test_centers_values[&lt;lambda&gt;35]" time="0.00045680999755859375"><skipped message="Suite splitting in effect" type="pytest.skip">src/pymortests/affine_grid.py:216: Suite splitting in effect</skipped></testcase><testcase classname="src.pymortests.affine_grid" file="src/pymortests/affine_grid.py" line="216" name="test_centers_values[&lt;lambda&gt;36]" time="0.000415802001953125"><skipped message="Suite splitting in effect" type="pytest.skip">src/pymortests/affine_grid.py:216: Suite splitting in effect</skipped></testcase><testcase classname="src.pymortests.affine_grid" file="src/pymortests/affine_grid.py" line="216" name="test_centers_values[&lt;lambda&gt;37]" time="0.00040650367736816406"><skipped message="Suite splitting in effect" type="pytest.skip">src/pymortests/affine_grid.py:216: Suite splitting in effect</skipped></testcase><testcase classname="src.pymortests.affine_grid" file="src/pymortests/affine_grid.py" line="216" name="test_centers_values[&lt;lambda&gt;38]" time="0.0004723072052001953"><skipped message="Suite splitting in effect" type="pytest.skip">src/pymortests/affine_grid.py:216: Suite splitting in effect</skipped></testcase><testcase classname="src.pymortests.affine_grid" file="src/pymortests/affine_grid.py" line="216" name="test_centers_values[&lt;lambda&gt;39]" time="0.0004127025604248047"><skipped message="Suite splitting in effect" type="pytest.skip">src/pymortests/affine_grid.py:216: Suite splitting in effect</skipped></testcase><testcase classname="src.pymortests.affine_grid" file="src/pymortests/affine_grid.py" line="216" name="test_centers_values[&lt;lambda&gt;40]" time="0.0007269382476806641"><skipped message="Suite splitting in effect" type="pytest.skip">src/pymortests/affine_grid.py:216: Suite splitting in effect</skipped></testcase><testcase classname="src.pymortests.affine_grid" file="src/pymortests/affine_grid.py" line="216" name="test_centers_values[&lt;lambda&gt;41]" time="0.0004284381866455078"><skipped message="Suite splitting in effect" type="pytest.skip">src/pymortests/affine_grid.py:216: Suite splitting in effect</skipped></testcase><testcase classname="src.pymortests.affine_grid" file="src/pymortests/affine_grid.py" line="216" name="test_centers_values[&lt;lambda&gt;42]" time="0.00044989585876464844"><skipped message="Suite splitting in effect" type="pytest.skip">src/pymortests/affine_grid.py:216: Suite splitting in effect</skipped></testcase><testcase classname="src.pymortests.affine_grid" file="src/pymortests/affine_grid.py" line="223" name="test_diameters_wrong_arguments[&lt;lambda&gt;0]" time="0.0004410743713378906"><skipped message="Suite splitting in effect" type="pytest.skip">src/pymortests/affine_grid.py:223: Suite splitting in effect</skipped></testcase><testcase classname="src.pymortests.affine_grid" file="src/pymortests/affine_grid.py" line="223" name="test_diameters_wrong_arguments[&lt;lambda&gt;1]" time="0.00042819976806640625"><skipped message="Suite splitting in effect" type="pytest.skip">src/pymortests/affine_grid.py:223: Suite splitting in effect</skipped></testcase><testcase classname="src.pymortests.affine_grid" file="src/pymortests/affine_grid.py" line="223" name="test_diameters_wrong_arguments[&lt;lambda&gt;2]" time="0.001783609390258789"><skipped message="Suite splitting in effect" type="pytest.skip">src/pymortests/affine_grid.py:223: Suite splitting in effect</skipped></testcase><testcase classname="src.pymortests.affine_grid" file="src/pymortests/affine_grid.py" line="223" name="test_diameters_wrong_arguments[&lt;lambda&gt;3]" time="0.0004096031188964844"><skipped message="Suite splitting in effect" type="pytest.skip">src/pymortests/affine_grid.py:223: Suite splitting in effect</skipped></testcase><testcase classname="src.pymortests.affine_grid" file="src/pymortests/affine_grid.py" line="223" name="test_diameters_wrong_arguments[&lt;lambda&gt;4]" time="0.00046634674072265625"><skipped message="Suite splitting in effect" type="pytest.skip">src/pymortests/affine_grid.py:223: Suite splitting in effect</skipped></testcase><testcase classname="src.pymortests.affine_grid" file="src/pymortests/affine_grid.py" line="223" name="test_diameters_wrong_arguments[&lt;lambda&gt;5]" time="0.0009512901306152344"><skipped message="Suite splitting in effect" type="pytest.skip">src/pymortests/affine_grid.py:223: Suite splitting in effect</skipped></testcase><testcase classname="src.pymortests.affine_grid" file="src/pymortests/affine_grid.py" line="223" name="test_diameters_wrong_arguments[&lt;lambda&gt;6]" time="0.00040459632873535156"><skipped message="Suite splitting in effect" type="pytest.skip">src/pymortests/affine_grid.py:223: Suite splitting in effect</skipped></testcase><testcase classname="src.pymortests.affine_grid" file="src/pymortests/affine_grid.py" line="223" name="test_diameters_wrong_arguments[&lt;lambda&gt;7]" time="0.0004150867462158203"><skipped message="Suite splitting in effect" type="pytest.skip">src/pymortests/affine_grid.py:223: Suite splitting in effect</skipped></testcase><testcase classname="src.pymortests.affine_grid" file="src/pymortests/affine_grid.py" line="223" name="test_diameters_wrong_arguments[&lt;lambda&gt;8]" time="0.00042319297790527344"><skipped message="Suite splitting in effect" type="pytest.skip">src/pymortests/affine_grid.py:223: Suite splitting in effect</skipped></testcase><testcase classname="src.pymortests.affine_grid" file="src/pymortests/affine_grid.py" line="223" name="test_diameters_wrong_arguments[&lt;lambda&gt;9]" time="0.0005664825439453125"><skipped message="Suite splitting in effect" type="pytest.skip">src/pymortests/affine_grid.py:223: Suite splitting in effect</skipped></testcase><testcase classname="src.pymortests.affine_grid" file="src/pymortests/affine_grid.py" line="223" name="test_diameters_wrong_arguments[&lt;lambda&gt;10]" time="0.00041556358337402344"><skipped message="Suite splitting in effect" type="pytest.skip">src/pymortests/affine_grid.py:223: Suite splitting in effect</skipped></testcase><testcase classname="src.pymortests.affine_grid" file="src/pymortests/affine_grid.py" line="223" name="test_diameters_wrong_arguments[&lt;lambda&gt;11]" time="0.00041365623474121094"><skipped message="Suite splitting in effect" type="pytest.skip">src/pymortests/affine_grid.py:223: Suite splitting in effect</skipped></testcase><testcase classname="src.pymortests.affine_grid" file="src/pymortests/affine_grid.py" line="223" name="test_diameters_wrong_arguments[&lt;lambda&gt;12]" time="0.0004291534423828125"><skipped message="Suite splitting in effect" type="pytest.skip">src/pymortests/affine_grid.py:223: Suite splitting in effect</skipped></testcase><testcase classname="src.pymortests.affine_grid" file="src/pymortests/affine_grid.py" line="223" name="test_diameters_wrong_arguments[&lt;lambda&gt;13]" time="0.0008957386016845703"><skipped message="Suite splitting in effect" type="pytest.skip">src/pymortests/affine_grid.py:223: Suite splitting in effect</skipped></testcase><testcase classname="src.pymortests.affine_grid" file="src/pymortests/affine_grid.py" line="223" name="test_diameters_wrong_arguments[&lt;lambda&gt;14]" time="0.0004134178161621094"><skipped message="Suite splitting in effect" type="pytest.skip">src/pymortests/affine_grid.py:223: Suite splitting in effect</skipped></testcase><testcase classname="src.pymortests.affine_grid" file="src/pymortests/affine_grid.py" line="223" name="test_diameters_wrong_arguments[&lt;lambda&gt;15]" time="0.00040459632873535156"><skipped message="Suite splitting in effect" type="pytest.skip">src/pymortests/affine_grid.py:223: Suite splitting in effect</skipped></testcase><testcase classname="src.pymortests.affine_grid" file="src/pymortests/affine_grid.py" line="223" name="test_diameters_wrong_arguments[&lt;lambda&gt;16]" time="0.00044226646423339844"><skipped message="Suite splitting in effect" type="pytest.skip">src/pymortests/affine_grid.py:223: Suite splitting in effect</skipped></testcase><testcase classname="src.pymortests.affine_grid" file="src/pymortests/affine_grid.py" line="223" name="test_diameters_wrong_arguments[&lt;lambda&gt;17]" time="0.0004215240478515625"><skipped message="Suite splitting in effect" type="pytest.skip">src/pymortests/affine_grid.py:223: Suite splitting in effect</skipped></testcase><testcase classname="src.pymortests.affine_grid" file="src/pymortests/affine_grid.py" line="223" name="test_diameters_wrong_arguments[&lt;lambda&gt;18]" time="0.0004329681396484375"><skipped message="Suite splitting in effect" type="pytest.skip">src/pymortests/affine_grid.py:223: Suite splitting in effect</skipped></testcase><testcase classname="src.pymortests.affine_grid" file="src/pymortests/affine_grid.py" line="223" name="test_diameters_wrong_arguments[&lt;lambda&gt;19]" time="0.00040650367736816406"><skipped message="Suite splitting in effect" type="pytest.skip">src/pymortests/affine_grid.py:223: Suite splitting in effect</skipped></testcase><testcase classname="src.pymortests.affine_grid" file="src/pymortests/affine_grid.py" line="223" name="test_diameters_wrong_arguments[&lt;lambda&gt;20]" time="0.0004417896270751953"><skipped message="Suite splitting in effect" type="pytest.skip">src/pymortests/affine_grid.py:223: Suite splitting in effect</skipped></testcase><testcase classname="src.pymortests.affine_grid" file="src/pymortests/affine_grid.py" line="223" name="test_diameters_wrong_arguments[&lt;lambda&gt;21]" time="0.0007009506225585938"><skipped message="Suite splitting in effect" type="pytest.skip">src/pymortests/affine_grid.py:223: Suite splitting in effect</skipped></testcase><testcase classname="src.pymortests.affine_grid" file="src/pymortests/affine_grid.py" line="223" name="test_diameters_wrong_arguments[&lt;lambda&gt;22]" time="0.0004143714904785156"><skipped message="Suite splitting in effect" type="pytest.skip">src/pymortests/affine_grid.py:223: Suite splitting in effect</skipped></testcase><testcase classname="src.pymortests.affine_grid" file="src/pymortests/affine_grid.py" line="223" name="test_diameters_wrong_arguments[&lt;lambda&gt;23]" time="0.0004286766052246094"><skipped message="Suite splitting in effect" type="pytest.skip">src/pymortests/affine_grid.py:223: Suite splitting in effect</skipped></testcase><testcase classname="src.pymortests.affine_grid" file="src/pymortests/affine_grid.py" line="223" name="test_diameters_wrong_arguments[&lt;lambda&gt;24]" time="0.0004189014434814453"><skipped message="Suite splitting in effect" type="pytest.skip">src/pymortests/affine_grid.py:223: Suite splitting in effect</skipped></testcase><testcase classname="src.pymortests.affine_grid" file="src/pymortests/affine_grid.py" line="223" name="test_diameters_wrong_arguments[&lt;lambda&gt;25]" time="0.00042128562927246094"><skipped message="Suite splitting in effect" type="pytest.skip">src/pymortests/affine_grid.py:223: Suite splitting in effect</skipped></testcase><testcase classname="src.pymortests.affine_grid" file="src/pymortests/affine_grid.py" line="223" name="test_diameters_wrong_arguments[&lt;lambda&gt;26]" time="0.0004341602325439453"><skipped message="Suite splitting in effect" type="pytest.skip">src/pymortests/affine_grid.py:223: Suite splitting in effect</skipped></testcase><testcase classname="src.pymortests.affine_grid" file="src/pymortests/affine_grid.py" line="223" name="test_diameters_wrong_arguments[&lt;lambda&gt;27]" time="0.0004048347473144531"><skipped message="Suite splitting in effect" type="pytest.skip">src/pymortests/affine_grid.py:223: Suite splitting in effect</skipped></testcase><testcase classname="src.pymortests.affine_grid" file="src/pymortests/affine_grid.py" line="223" name="test_diameters_wrong_arguments[&lt;lambda&gt;28]" time="0.0004582405090332031"><skipped message="Suite splitting in effect" type="pytest.skip">src/pymortests/affine_grid.py:223: Suite splitting in effect</skipped></testcase><testcase classname="src.pymortests.affine_grid" file="src/pymortests/affine_grid.py" line="223" name="test_diameters_wrong_arguments[&lt;lambda&gt;29]" time="0.0007042884826660156"><skipped message="Suite splitting in effect" type="pytest.skip">src/pymortests/affine_grid.py:223: Suite splitting in effect</skipped></testcase><testcase classname="src.pymortests.affine_grid" file="src/pymortests/affine_grid.py" line="223" name="test_diameters_wrong_arguments[&lt;lambda&gt;30]" time="0.0004394054412841797"><skipped message="Suite splitting in effect" type="pytest.skip">src/pymortests/affine_grid.py:223: Suite splitting in effect</skipped></testcase><testcase classname="src.pymortests.affine_grid" file="src/pymortests/affine_grid.py" line="223" name="test_diameters_wrong_arguments[&lt;lambda&gt;31]" time="0.0004169940948486328"><skipped message="Suite splitting in effect" type="pytest.skip">src/pymortests/affine_grid.py:223: Suite splitting in effect</skipped></testcase><testcase classname="src.pymortests.affine_grid" file="src/pymortests/affine_grid.py" line="223" name="test_diameters_wrong_arguments[&lt;lambda&gt;32]" time="0.0004322528839111328"><skipped message="Suite splitting in effect" type="pytest.skip">src/pymortests/affine_grid.py:223: Suite splitting in effect</skipped></testcase><testcase classname="src.pymortests.affine_grid" file="src/pymortests/affine_grid.py" line="223" name="test_diameters_wrong_arguments[&lt;lambda&gt;33]" time="0.0005726814270019531"><skipped message="Suite splitting in effect" type="pytest.skip">src/pymortests/affine_grid.py:223: Suite splitting in effect</skipped></testcase><testcase classname="src.pymortests.affine_grid" file="src/pymortests/affine_grid.py" line="223" name="test_diameters_wrong_arguments[&lt;lambda&gt;34]" time="0.0004048347473144531"><skipped message="Suite splitting in effect" type="pytest.skip">src/pymortests/affine_grid.py:223: Suite splitting in effect</skipped></testcase><testcase classname="src.pymortests.affine_grid" file="src/pymortests/affine_grid.py" line="223" name="test_diameters_wrong_arguments[&lt;lambda&gt;35]" time="0.0004162788391113281"><skipped message="Suite splitting in effect" type="pytest.skip">src/pymortests/affine_grid.py:223: Suite splitting in effect</skipped></testcase><testcase classname="src.pymortests.affine_grid" file="src/pymortests/affine_grid.py" line="223" name="test_diameters_wrong_arguments[&lt;lambda&gt;36]" time="0.00044345855712890625"><skipped message="Suite splitting in effect" type="pytest.skip">src/pymortests/affine_grid.py:223: Suite splitting in effect</skipped></testcase><testcase classname="src.pymortests.affine_grid" file="src/pymortests/affine_grid.py" line="223" name="test_diameters_wrong_arguments[&lt;lambda&gt;37]" time="0.0007040500640869141"><skipped message="Suite splitting in effect" type="pytest.skip">src/pymortests/affine_grid.py:223: Suite splitting in effect</skipped></testcase><testcase classname="src.pymortests.affine_grid" file="src/pymortests/affine_grid.py" line="223" name="test_diameters_wrong_arguments[&lt;lambda&gt;38]" time="0.0004031658172607422"><skipped message="Suite splitting in effect" type="pytest.skip">src/pymortests/affine_grid.py:223: Suite splitting in effect</skipped></testcase><testcase classname="src.pymortests.affine_grid" file="src/pymortests/affine_grid.py" line="223" name="test_diameters_wrong_arguments[&lt;lambda&gt;39]" time="0.00041556358337402344"><skipped message="Suite splitting in effect" type="pytest.skip">src/pymortests/affine_grid.py:223: Suite splitting in effect</skipped></testcase><testcase classname="src.pymortests.affine_grid" file="src/pymortests/affine_grid.py" line="223" name="test_diameters_wrong_arguments[&lt;lambda&gt;40]" time="0.0004062652587890625"><skipped message="Suite splitting in effect" type="pytest.skip">src/pymortests/affine_grid.py:223: Suite splitting in effect</skipped></testcase><testcase classname="src.pymortests.affine_grid" file="src/pymortests/affine_grid.py" line="223" name="test_diameters_wrong_arguments[&lt;lambda&gt;41]" time="0.00041985511779785156"><skipped message="Suite splitting in effect" type="pytest.skip">src/pymortests/affine_grid.py:223: Suite splitting in effect</skipped></testcase><testcase classname="src.pymortests.affine_grid" file="src/pymortests/affine_grid.py" line="223" name="test_diameters_wrong_arguments[&lt;lambda&gt;42]" time="0.00041174888610839844"><skipped message="Suite splitting in effect" type="pytest.skip">src/pymortests/affine_grid.py:223: Suite splitting in effect</skipped></testcase><testcase classname="src.pymortests.affine_grid" file="src/pymortests/affine_grid.py" line="231" name="test_diameters_shape[&lt;lambda&gt;0]" time="0.0004267692565917969"><skipped message="Suite splitting in effect" type="pytest.skip">src/pymortests/affine_grid.py:231: Suite splitting in effect</skipped></testcase><testcase classname="src.pymortests.affine_grid" file="src/pymortests/affine_grid.py" line="231" name="test_diameters_shape[&lt;lambda&gt;1]" time="0.0004343986511230469"><skipped message="Suite splitting in effect" type="pytest.skip">src/pymortests/affine_grid.py:231: Suite splitting in effect</skipped></testcase><testcase classname="src.pymortests.affine_grid" file="src/pymortests/affine_grid.py" line="231" name="test_diameters_shape[&lt;lambda&gt;2]" time="0.0007388591766357422"><skipped message="Suite splitting in effect" type="pytest.skip">src/pymortests/affine_grid.py:231: Suite splitting in effect</skipped></testcase><testcase classname="src.pymortests.affine_grid" file="src/pymortests/affine_grid.py" line="231" name="test_diameters_shape[&lt;lambda&gt;3]" time="0.00041866302490234375"><skipped message="Suite splitting in effect" type="pytest.skip">src/pymortests/affine_grid.py:231: Suite splitting in effect</skipped></testcase><testcase classname="src.pymortests.affine_grid" file="src/pymortests/affine_grid.py" line="231" name="test_diameters_shape[&lt;lambda&gt;4]" time="0.0004215240478515625"><skipped message="Suite splitting in effect" type="pytest.skip">src/pymortests/affine_grid.py:231: Suite splitting in effect</skipped></testcase><testcase classname="src.pymortests.affine_grid" file="src/pymortests/affine_grid.py" line="231" name="test_diameters_shape[&lt;lambda&gt;5]" time="0.00040602684020996094"><skipped message="Suite splitting in effect" type="pytest.skip">src/pymortests/affine_grid.py:231: Suite splitting in effect</skipped></testcase><testcase classname="src.pymortests.affine_grid" file="src/pymortests/affine_grid.py" line="231" name="test_diameters_shape[&lt;lambda&gt;6]" time="0.0004401206970214844"><skipped message="Suite splitting in effect" type="pytest.skip">src/pymortests/affine_grid.py:231: Suite splitting in effect</skipped></testcase><testcase classname="src.pymortests.affine_grid" file="src/pymortests/affine_grid.py" line="231" name="test_diameters_shape[&lt;lambda&gt;7]" time="0.0004253387451171875"><skipped message="Suite splitting in effect" type="pytest.skip">src/pymortests/affine_grid.py:231: Suite splitting in effect</skipped></testcase><testcase classname="src.pymortests.affine_grid" file="src/pymortests/affine_grid.py" line="231" name="test_diameters_shape[&lt;lambda&gt;8]" time="0.0004143714904785156"><skipped message="Suite splitting in effect" type="pytest.skip">src/pymortests/affine_grid.py:231: Suite splitting in effect</skipped></testcase><testcase classname="src.pymortests.affine_grid" file="src/pymortests/affine_grid.py" line="231" name="test_diameters_shape[&lt;lambda&gt;9]" time="0.00044083595275878906"><skipped message="Suite splitting in effect" type="pytest.skip">src/pymortests/affine_grid.py:231: Suite splitting in effect</skipped></testcase><testcase classname="src.pymortests.affine_grid" file="src/pymortests/affine_grid.py" line="231" name="test_diameters_shape[&lt;lambda&gt;10]" time="0.0007076263427734375"><skipped message="Suite splitting in effect" type="pytest.skip">src/pymortests/affine_grid.py:231: Suite splitting in effect</skipped></testcase><testcase classname="src.pymortests.affine_grid" file="src/pymortests/affine_grid.py" line="231" name="test_diameters_shape[&lt;lambda&gt;11]" time="0.0003998279571533203"><skipped message="Suite splitting in effect" type="pytest.skip">src/pymortests/affine_grid.py:231: Suite splitting in effect</skipped></testcase><testcase classname="src.pymortests.affine_grid" file="src/pymortests/affine_grid.py" line="231" name="test_diameters_shape[&lt;lambda&gt;12]" time="0.00042629241943359375"><skipped message="Suite splitting in effect" type="pytest.skip">src/pymortests/affine_grid.py:231: Suite splitting in effect</skipped></testcase><testcase classname="src.pymortests.affine_grid" file="src/pymortests/affine_grid.py" line="231" name="test_diameters_shape[&lt;lambda&gt;13]" time="0.00041556358337402344"><skipped message="Suite splitting in effect" type="pytest.skip">src/pymortests/affine_grid.py:231: Suite splitting in effect</skipped></testcase><testcase classname="src.pymortests.affine_grid" file="src/pymortests/affine_grid.py" line="231" name="test_diameters_shape[&lt;lambda&gt;14]" time="0.0004277229309082031"><skipped message="Suite splitting in effect" type="pytest.skip">src/pymortests/affine_grid.py:231: Suite splitting in effect</skipped></testcase><testcase classname="src.pymortests.affine_grid" file="src/pymortests/affine_grid.py" line="231" name="test_diameters_shape[&lt;lambda&gt;15]" time="0.0004246234893798828"><skipped message="Suite splitting in effect" type="pytest.skip">src/pymortests/affine_grid.py:231: Suite splitting in effect</skipped></testcase><testcase classname="src.pymortests.affine_grid" file="src/pymortests/affine_grid.py" line="231" name="test_diameters_shape[&lt;lambda&gt;16]" time="0.00042510032653808594"><skipped message="Suite splitting in effect" type="pytest.skip">src/pymortests/affine_grid.py:231: Suite splitting in effect</skipped></testcase><testcase classname="src.pymortests.affine_grid" file="src/pymortests/affine_grid.py" line="231" name="test_diameters_shape[&lt;lambda&gt;17]" time="0.0004475116729736328"><skipped message="Suite splitting in effect" type="pytest.skip">src/pymortests/affine_grid.py:231: Suite splitting in effect</skipped></testcase><testcase classname="src.pymortests.affine_grid" file="src/pymortests/affine_grid.py" line="231" name="test_diameters_shape[&lt;lambda&gt;18]" time="0.00107574462890625"><skipped message="Suite splitting in effect" type="pytest.skip">src/pymortests/affine_grid.py:231: Suite splitting in effect</skipped></testcase><testcase classname="src.pymortests.affine_grid" file="src/pymortests/affine_grid.py" line="231" name="test_diameters_shape[&lt;lambda&gt;19]" time="0.0004315376281738281"><skipped message="Suite splitting in effect" type="pytest.skip">src/pymortests/affine_grid.py:231: Suite splitting in effect</skipped></testcase><testcase classname="src.pymortests.affine_grid" file="src/pymortests/affine_grid.py" line="231" name="test_diameters_shape[&lt;lambda&gt;20]" time="0.0004525184631347656"><skipped message="Suite splitting in effect" type="pytest.skip">src/pymortests/affine_grid.py:231: Suite splitting in effect</skipped></testcase><testcase classname="src.pymortests.affine_grid" file="src/pymortests/affine_grid.py" line="231" name="test_diameters_shape[&lt;lambda&gt;21]" time="0.0004436969757080078"><skipped message="Suite splitting in effect" type="pytest.skip">src/pymortests/affine_grid.py:231: Suite splitting in effect</skipped></testcase><testcase classname="src.pymortests.affine_grid" file="src/pymortests/affine_grid.py" line="231" name="test_diameters_shape[&lt;lambda&gt;22]" time="0.0004611015319824219"><skipped message="Suite splitting in effect" type="pytest.skip">src/pymortests/affine_grid.py:231: Suite splitting in effect</skipped></testcase><testcase classname="src.pymortests.affine_grid" file="src/pymortests/affine_grid.py" line="231" name="test_diameters_shape[&lt;lambda&gt;23]" time="0.00045871734619140625"><skipped message="Suite splitting in effect" type="pytest.skip">src/pymortests/affine_grid.py:231: Suite splitting in effect</skipped></testcase><testcase classname="src.pymortests.affine_grid" file="src/pymortests/affine_grid.py" line="231" name="test_diameters_shape[&lt;lambda&gt;24]" time="0.0004279613494873047"><skipped message="Suite splitting in effect" type="pytest.skip">src/pymortests/affine_grid.py:231: Suite splitting in effect</skipped></testcase><testcase classname="src.pymortests.affine_grid" file="src/pymortests/affine_grid.py" line="231" name="test_diameters_shape[&lt;lambda&gt;25]" time="0.0004429817199707031"><skipped message="Suite splitting in effect" type="pytest.skip">src/pymortests/affine_grid.py:231: Suite splitting in effect</skipped></testcase><testcase classname="src.pymortests.affine_grid" file="src/pymortests/affine_grid.py" line="231" name="test_diameters_shape[&lt;lambda&gt;26]" time="0.0007545948028564453"><skipped message="Suite splitting in effect" type="pytest.skip">src/pymortests/affine_grid.py:231: Suite splitting in effect</skipped></testcase><testcase classname="src.pymortests.affine_grid" file="src/pymortests/affine_grid.py" line="231" name="test_diameters_shape[&lt;lambda&gt;27]" time="0.0004622936248779297"><skipped message="Suite splitting in effect" type="pytest.skip">src/pymortests/affine_grid.py:231: Suite splitting in effect</skipped></testcase><testcase classname="src.pymortests.affine_grid" file="src/pymortests/affine_grid.py" line="231" name="test_diameters_shape[&lt;lambda&gt;28]" time="0.0004248619079589844"><skipped message="Suite splitting in effect" type="pytest.skip">src/pymortests/affine_grid.py:231: Suite splitting in effect</skipped></testcase><testcase classname="src.pymortests.affine_grid" file="src/pymortests/affine_grid.py" line="231" name="test_diameters_shape[&lt;lambda&gt;29]" time="0.0005137920379638672"><skipped message="Suite splitting in effect" type="pytest.skip">src/pymortests/affine_grid.py:231: Suite splitting in effect</skipped></testcase><testcase classname="src.pymortests.affine_grid" file="src/pymortests/affine_grid.py" line="231" name="test_diameters_shape[&lt;lambda&gt;30]" time="0.00046443939208984375"><skipped message="Suite splitting in effect" type="pytest.skip">src/pymortests/affine_grid.py:231: Suite splitting in effect</skipped></testcase><testcase classname="src.pymortests.affine_grid" file="src/pymortests/affine_grid.py" line="231" name="test_diameters_shape[&lt;lambda&gt;31]" time="0.00041604042053222656"><skipped message="Suite splitting in effect" type="pytest.skip">src/pymortests/affine_grid.py:231: Suite splitting in effect</skipped></testcase><testcase classname="src.pymortests.affine_grid" file="src/pymortests/affine_grid.py" line="231" name="test_diameters_shape[&lt;lambda&gt;32]" time="0.0004627704620361328"><skipped message="Suite splitting in effect" type="pytest.skip">src/pymortests/affine_grid.py:231: Suite splitting in effect</skipped></testcase><testcase classname="src.pymortests.affine_grid" file="src/pymortests/affine_grid.py" line="231" name="test_diameters_shape[&lt;lambda&gt;33]" time="0.00043201446533203125"><skipped message="Suite splitting in effect" type="pytest.skip">src/pymortests/affine_grid.py:231: Suite splitting in effect</skipped></testcase><testcase classname="src.pymortests.affine_grid" file="src/pymortests/affine_grid.py" line="231" name="test_diameters_shape[&lt;lambda&gt;34]" time="0.0007658004760742188"><skipped message="Suite splitting in effect" type="pytest.skip">src/pymortests/affine_grid.py:231: Suite splitting in effect</skipped></testcase><testcase classname="src.pymortests.affine_grid" file="src/pymortests/affine_grid.py" line="231" name="test_diameters_shape[&lt;lambda&gt;35]" time="0.0004630088806152344"><skipped message="Suite splitting in effect" type="pytest.skip">src/pymortests/affine_grid.py:231: Suite splitting in effect</skipped></testcase><testcase classname="src.pymortests.affine_grid" file="src/pymortests/affine_grid.py" line="231" name="test_diameters_shape[&lt;lambda&gt;36]" time="0.0004222393035888672"><skipped message="Suite splitting in effect" type="pytest.skip">src/pymortests/affine_grid.py:231: Suite splitting in effect</skipped></testcase><testcase classname="src.pymortests.affine_grid" file="src/pymortests/affine_grid.py" line="231" name="test_diameters_shape[&lt;lambda&gt;37]" time="0.0004413127899169922"><skipped message="Suite splitting in effect" type="pytest.skip">src/pymortests/affine_grid.py:231: Suite splitting in effect</skipped></testcase><testcase classname="src.pymortests.affine_grid" file="src/pymortests/affine_grid.py" line="231" name="test_diameters_shape[&lt;lambda&gt;38]" time="0.0004253387451171875"><skipped message="Suite splitting in effect" type="pytest.skip">src/pymortests/affine_grid.py:231: Suite splitting in effect</skipped></testcase><testcase classname="src.pymortests.affine_grid" file="src/pymortests/affine_grid.py" line="231" name="test_diameters_shape[&lt;lambda&gt;39]" time="0.0004837512969970703"><skipped message="Suite splitting in effect" type="pytest.skip">src/pymortests/affine_grid.py:231: Suite splitting in effect</skipped></testcase><testcase classname="src.pymortests.affine_grid" file="src/pymortests/affine_grid.py" line="231" name="test_diameters_shape[&lt;lambda&gt;40]" time="0.0004410743713378906"><skipped message="Suite splitting in effect" type="pytest.skip">src/pymortests/affine_grid.py:231: Suite splitting in effect</skipped></testcase><testcase classname="src.pymortests.affine_grid" file="src/pymortests/affine_grid.py" line="231" name="test_diameters_shape[&lt;lambda&gt;41]" time="0.00044417381286621094"><skipped message="Suite splitting in effect" type="pytest.skip">src/pymortests/affine_grid.py:231: Suite splitting in effect</skipped></testcase><testcase classname="src.pymortests.affine_grid" file="src/pymortests/affine_grid.py" line="231" name="test_diameters_shape[&lt;lambda&gt;42]" time="0.0007662773132324219"><skipped message="Suite splitting in effect" type="pytest.skip">src/pymortests/affine_grid.py:231: Suite splitting in effect</skipped></testcase><testcase classname="src.pymortests.affine_grid" file="src/pymortests/affine_grid.py" line="237" name="test_diameters_non_negative[&lt;lambda&gt;0]" time="0.0004303455352783203"><skipped message="Suite splitting in effect" type="pytest.skip">src/pymortests/affine_grid.py:237: Suite splitting in effect</skipped></testcase><testcase classname="src.pymortests.affine_grid" file="src/pymortests/affine_grid.py" line="237" name="test_diameters_non_negative[&lt;lambda&gt;1]" time="0.0004405975341796875"><skipped message="Suite splitting in effect" type="pytest.skip">src/pymortests/affine_grid.py:237: Suite splitting in effect</skipped></testcase><testcase classname="src.pymortests.affine_grid" file="src/pymortests/affine_grid.py" line="237" name="test_diameters_non_negative[&lt;lambda&gt;2]" time="0.0004284381866455078"><skipped message="Suite splitting in effect" type="pytest.skip">src/pymortests/affine_grid.py:237: Suite splitting in effect</skipped></testcase><testcase classname="src.pymortests.affine_grid" file="src/pymortests/affine_grid.py" line="237" name="test_diameters_non_negative[&lt;lambda&gt;3]" time="0.0004506111145019531"><skipped message="Suite splitting in effect" type="pytest.skip">src/pymortests/affine_grid.py:237: Suite splitting in effect</skipped></testcase><testcase classname="src.pymortests.affine_grid" file="src/pymortests/affine_grid.py" line="237" name="test_diameters_non_negative[&lt;lambda&gt;4]" time="0.0004401206970214844"><skipped message="Suite splitting in effect" type="pytest.skip">src/pymortests/affine_grid.py:237: Suite splitting in effect</skipped></testcase><testcase classname="src.pymortests.affine_grid" file="src/pymortests/affine_grid.py" line="237" name="test_diameters_non_negative[&lt;lambda&gt;5]" time="0.00043201446533203125"><skipped message="Suite splitting in effect" type="pytest.skip">src/pymortests/affine_grid.py:237: Suite splitting in effect</skipped></testcase><testcase classname="src.pymortests.affine_grid" file="src/pymortests/affine_grid.py" line="237" name="test_diameters_non_negative[&lt;lambda&gt;6]" time="0.0004429817199707031"><skipped message="Suite splitting in effect" type="pytest.skip">src/pymortests/affine_grid.py:237: Suite splitting in effect</skipped></testcase><testcase classname="src.pymortests.affine_grid" file="src/pymortests/affine_grid.py" line="237" name="test_diameters_non_negative[&lt;lambda&gt;7]" time="0.0007488727569580078"><skipped message="Suite splitting in effect" type="pytest.skip">src/pymortests/affine_grid.py:237: Suite splitting in effect</skipped></testcase><testcase classname="src.pymortests.affine_grid" file="src/pymortests/affine_grid.py" line="237" name="test_diameters_non_negative[&lt;lambda&gt;8]" time="0.00043392181396484375"><skipped message="Suite splitting in effect" type="pytest.skip">src/pymortests/affine_grid.py:237: Suite splitting in effect</skipped></testcase><testcase classname="src.pymortests.affine_grid" file="src/pymortests/affine_grid.py" line="237" name="test_diameters_non_negative[&lt;lambda&gt;9]" time="0.00041747093200683594"><skipped message="Suite splitting in effect" type="pytest.skip">src/pymortests/affine_grid.py:237: Suite splitting in effect</skipped></testcase><testcase classname="src.pymortests.affine_grid" file="src/pymortests/affine_grid.py" line="237" name="test_diameters_non_negative[&lt;lambda&gt;10]" time="0.00045680999755859375"><skipped message="Suite splitting in effect" type="pytest.skip">src/pymortests/affine_grid.py:237: Suite splitting in effect</skipped></testcase><testcase classname="src.pymortests.affine_grid" file="src/pymortests/affine_grid.py" line="237" name="test_diameters_non_negative[&lt;lambda&gt;11]" time="0.000431060791015625"><skipped message="Suite splitting in effect" type="pytest.skip">src/pymortests/affine_grid.py:237: Suite splitting in effect</skipped></testcase><testcase classname="src.pymortests.affine_grid" file="src/pymortests/affine_grid.py" line="237" name="test_diameters_non_negative[&lt;lambda&gt;12]" time="0.00044727325439453125"><skipped message="Suite splitting in effect" type="pytest.skip">src/pymortests/affine_grid.py:237: Suite splitting in effect</skipped></testcase><testcase classname="src.pymortests.affine_grid" file="src/pymortests/affine_grid.py" line="237" name="test_diameters_non_negative[&lt;lambda&gt;13]" time="0.0004429817199707031"><skipped message="Suite splitting in effect" type="pytest.skip">src/pymortests/affine_grid.py:237: Suite splitting in effect</skipped></testcase><testcase classname="src.pymortests.affine_grid" file="src/pymortests/affine_grid.py" line="237" name="test_diameters_non_negative[&lt;lambda&gt;14]" time="0.00043392181396484375"><skipped message="Suite splitting in effect" type="pytest.skip">src/pymortests/affine_grid.py:237: Suite splitting in effect</skipped></testcase><testcase classname="src.pymortests.affine_grid" file="src/pymortests/affine_grid.py" line="237" name="test_diameters_non_negative[&lt;lambda&gt;15]" time="0.0009672641754150391"><skipped message="Suite splitting in effect" type="pytest.skip">src/pymortests/affine_grid.py:237: Suite splitting in effect</skipped></testcase><testcase classname="src.pymortests.affine_grid" file="src/pymortests/affine_grid.py" line="237" name="test_diameters_non_negative[&lt;lambda&gt;16]" time="0.0004286766052246094"><skipped message="Suite splitting in effect" type="pytest.skip">src/pymortests/affine_grid.py:237: Suite splitting in effect</skipped></testcase><testcase classname="src.pymortests.affine_grid" file="src/pymortests/affine_grid.py" line="237" name="test_diameters_non_negative[&lt;lambda&gt;17]" time="0.00045108795166015625"><skipped message="Suite splitting in effect" type="pytest.skip">src/pymortests/affine_grid.py:237: Suite splitting in effect</skipped></testcase><testcase classname="src.pymortests.affine_grid" file="src/pymortests/affine_grid.py" line="237" name="test_diameters_non_negative[&lt;lambda&gt;18]" time="0.0004398822784423828"><skipped message="Suite splitting in effect" type="pytest.skip">src/pymortests/affine_grid.py:237: Suite splitting in effect</skipped></testcase><testcase classname="src.pymortests.affine_grid" file="src/pymortests/affine_grid.py" line="237" name="test_diameters_non_negative[&lt;lambda&gt;19]" time="0.0004284381866455078"><skipped message="Suite splitting in effect" type="pytest.skip">src/pymortests/affine_grid.py:237: Suite splitting in effect</skipped></testcase><testcase classname="src.pymortests.affine_grid" file="src/pymortests/affine_grid.py" line="237" name="test_diameters_non_negative[&lt;lambda&gt;20]" time="0.0004553794860839844"><skipped message="Suite splitting in effect" type="pytest.skip">src/pymortests/affine_grid.py:237: Suite splitting in effect</skipped></testcase><testcase classname="src.pymortests.affine_grid" file="src/pymortests/affine_grid.py" line="237" name="test_diameters_non_negative[&lt;lambda&gt;21]" time="0.0004525184631347656"><skipped message="Suite splitting in effect" type="pytest.skip">src/pymortests/affine_grid.py:237: Suite splitting in effect</skipped></testcase><testcase classname="src.pymortests.affine_grid" file="src/pymortests/affine_grid.py" line="237" name="test_diameters_non_negative[&lt;lambda&gt;22]" time="0.0004413127899169922"><skipped message="Suite splitting in effect" type="pytest.skip">src/pymortests/affine_grid.py:237: Suite splitting in effect</skipped></testcase><testcase classname="src.pymortests.affine_grid" file="src/pymortests/affine_grid.py" line="237" name="test_diameters_non_negative[&lt;lambda&gt;23]" time="0.0007948875427246094"><skipped message="Suite splitting in effect" type="pytest.skip">src/pymortests/affine_grid.py:237: Suite splitting in effect</skipped></testcase><testcase classname="src.pymortests.affine_grid" file="src/pymortests/affine_grid.py" line="237" name="test_diameters_non_negative[&lt;lambda&gt;24]" time="0.0004901885986328125"><skipped message="Suite splitting in effect" type="pytest.skip">src/pymortests/affine_grid.py:237: Suite splitting in effect</skipped></testcase><testcase classname="src.pymortests.affine_grid" file="src/pymortests/affine_grid.py" line="237" name="test_diameters_non_negative[&lt;lambda&gt;25]" time="0.0004544258117675781"><skipped message="Suite splitting in effect" type="pytest.skip">src/pymortests/affine_grid.py:237: Suite splitting in effect</skipped></testcase><testcase classname="src.pymortests.affine_grid" file="src/pymortests/affine_grid.py" line="237" name="test_diameters_non_negative[&lt;lambda&gt;26]" time="0.0004432201385498047"><skipped message="Suite splitting in effect" type="pytest.skip">src/pymortests/affine_grid.py:237: Suite splitting in effect</skipped></testcase><testcase classname="src.pymortests.affine_grid" file="src/pymortests/affine_grid.py" line="237" name="test_diameters_non_negative[&lt;lambda&gt;27]" time="0.0004315376281738281"><skipped message="Suite splitting in effect" type="pytest.skip">src/pymortests/affine_grid.py:237: Suite splitting in effect</skipped></testcase><testcase classname="src.pymortests.affine_grid" file="src/pymortests/affine_grid.py" line="237" name="test_diameters_non_negative[&lt;lambda&gt;28]" time="0.0004343986511230469"><skipped message="Suite splitting in effect" type="pytest.skip">src/pymortests/affine_grid.py:237: Suite splitting in effect</skipped></testcase><testcase classname="src.pymortests.affine_grid" file="src/pymortests/affine_grid.py" line="237" name="test_diameters_non_negative[&lt;lambda&gt;29]" time="0.00043702125549316406"><skipped message="Suite splitting in effect" type="pytest.skip">src/pymortests/affine_grid.py:237: Suite splitting in effect</skipped></testcase><testcase classname="src.pymortests.affine_grid" file="src/pymortests/affine_grid.py" line="237" name="test_diameters_non_negative[&lt;lambda&gt;30]" time="0.000469207763671875"><skipped message="Suite splitting in effect" type="pytest.skip">src/pymortests/affine_grid.py:237: Suite splitting in effect</skipped></testcase><testcase classname="src.pymortests.affine_grid" file="src/pymortests/affine_grid.py" line="237" name="test_diameters_non_negative[&lt;lambda&gt;31]" time="0.0007364749908447266"><skipped message="Suite splitting in effect" type="pytest.skip">src/pymortests/affine_grid.py:237: Suite splitting in effect</skipped></testcase><testcase classname="src.pymortests.affine_grid" file="src/pymortests/affine_grid.py" line="237" name="test_diameters_non_negative[&lt;lambda&gt;32]" time="0.0004115104675292969"><skipped message="Suite splitting in effect" type="pytest.skip">src/pymortests/affine_grid.py:237: Suite splitting in effect</skipped></testcase><testcase classname="src.pymortests.affine_grid" file="src/pymortests/affine_grid.py" line="237" name="test_diameters_non_negative[&lt;lambda&gt;33]" time="0.0004687309265136719"><skipped message="Suite splitting in effect" type="pytest.skip">src/pymortests/affine_grid.py:237: Suite splitting in effect</skipped></testcase><testcase classname="src.pymortests.affine_grid" file="src/pymortests/affine_grid.py" line="237" name="test_diameters_non_negative[&lt;lambda&gt;34]" time="0.00043082237243652344"><skipped message="Suite splitting in effect" type="pytest.skip">src/pymortests/affine_grid.py:237: Suite splitting in effect</skipped></testcase><testcase classname="src.pymortests.affine_grid" file="src/pymortests/affine_grid.py" line="237" name="test_diameters_non_negative[&lt;lambda&gt;35]" time="0.0004303455352783203"><skipped message="Suite splitting in effect" type="pytest.skip">src/pymortests/affine_grid.py:237: Suite splitting in effect</skipped></testcase><testcase classname="src.pymortests.affine_grid" file="src/pymortests/affine_grid.py" line="237" name="test_diameters_non_negative[&lt;lambda&gt;36]" time="0.0004558563232421875"><skipped message="Suite splitting in effect" type="pytest.skip">src/pymortests/affine_grid.py:237: Suite splitting in effect</skipped></testcase><testcase classname="src.pymortests.affine_grid" file="src/pymortests/affine_grid.py" line="237" name="test_diameters_non_negative[&lt;lambda&gt;37]" time="0.00042819976806640625"><skipped message="Suite splitting in effect" type="pytest.skip">src/pymortests/affine_grid.py:237: Suite splitting in effect</skipped></testcase><testcase classname="src.pymortests.affine_grid" file="src/pymortests/affine_grid.py" line="237" name="test_diameters_non_negative[&lt;lambda&gt;38]" time="0.00042057037353515625"><skipped message="Suite splitting in effect" type="pytest.skip">src/pymortests/affine_grid.py:237: Suite splitting in effect</skipped></testcase><testcase classname="src.pymortests.affine_grid" file="src/pymortests/affine_grid.py" line="237" name="test_diameters_non_negative[&lt;lambda&gt;39]" time="0.0007655620574951172"><skipped message="Suite splitting in effect" type="pytest.skip">src/pymortests/affine_grid.py:237: Suite splitting in effect</skipped></testcase><testcase classname="src.pymortests.affine_grid" file="src/pymortests/affine_grid.py" line="237" name="test_diameters_non_negative[&lt;lambda&gt;40]" time="0.000431060791015625"><skipped message="Suite splitting in effect" type="pytest.skip">src/pymortests/affine_grid.py:237: Suite splitting in effect</skipped></testcase><testcase classname="src.pymortests.affine_grid" file="src/pymortests/affine_grid.py" line="237" name="test_diameters_non_negative[&lt;lambda&gt;41]" time="0.00042819976806640625"><skipped message="Suite splitting in effect" type="pytest.skip">src/pymortests/affine_grid.py:237: Suite splitting in effect</skipped></testcase><testcase classname="src.pymortests.affine_grid" file="src/pymortests/affine_grid.py" line="237" name="test_diameters_non_negative[&lt;lambda&gt;42]" time="0.0004277229309082031"><skipped message="Suite splitting in effect" type="pytest.skip">src/pymortests/affine_grid.py:237: Suite splitting in effect</skipped></testcase><testcase classname="src.pymortests.affine_grid" file="src/pymortests/affine_grid.py" line="243" name="test_diameters_values[&lt;lambda&gt;0]" time="0.00043201446533203125"><skipped message="Suite splitting in effect" type="pytest.skip">src/pymortests/affine_grid.py:243: Suite splitting in effect</skipped></testcase><testcase classname="src.pymortests.affine_grid" file="src/pymortests/affine_grid.py" line="243" name="test_diameters_values[&lt;lambda&gt;1]" time="0.0004296302795410156"><skipped message="Suite splitting in effect" type="pytest.skip">src/pymortests/affine_grid.py:243: Suite splitting in effect</skipped></testcase><testcase classname="src.pymortests.affine_grid" file="src/pymortests/affine_grid.py" line="243" name="test_diameters_values[&lt;lambda&gt;2]" time="0.0004391670227050781"><skipped message="Suite splitting in effect" type="pytest.skip">src/pymortests/affine_grid.py:243: Suite splitting in effect</skipped></testcase><testcase classname="src.pymortests.affine_grid" file="src/pymortests/affine_grid.py" line="243" name="test_diameters_values[&lt;lambda&gt;3]" time="0.00044989585876464844"><skipped message="Suite splitting in effect" type="pytest.skip">src/pymortests/affine_grid.py:243: Suite splitting in effect</skipped></testcase><testcase classname="src.pymortests.affine_grid" file="src/pymortests/affine_grid.py" line="243" name="test_diameters_values[&lt;lambda&gt;4]" time="0.0006871223449707031"><skipped message="Suite splitting in effect" type="pytest.skip">src/pymortests/affine_grid.py:243: Suite splitting in effect</skipped></testcase><testcase classname="src.pymortests.affine_grid" file="src/pymortests/affine_grid.py" line="243" name="test_diameters_values[&lt;lambda&gt;5]" time="0.0004279613494873047"><skipped message="Suite splitting in effect" type="pytest.skip">src/pymortests/affine_grid.py:243: Suite splitting in effect</skipped></testcase><testcase classname="src.pymortests.affine_grid" file="src/pymortests/affine_grid.py" line="243" name="test_diameters_values[&lt;lambda&gt;6]" time="0.0005731582641601562"><skipped message="Suite splitting in effect" type="pytest.skip">src/pymortests/affine_grid.py:243: Suite splitting in effect</skipped></testcase><testcase classname="src.pymortests.affine_grid" file="src/pymortests/affine_grid.py" line="243" name="test_diameters_values[&lt;lambda&gt;7]" time="0.00044035911560058594"><skipped message="Suite splitting in effect" type="pytest.skip">src/pymortests/affine_grid.py:243: Suite splitting in effect</skipped></testcase><testcase classname="src.pymortests.affine_grid" file="src/pymortests/affine_grid.py" line="243" name="test_diameters_values[&lt;lambda&gt;8]" time="0.00045371055603027344"><skipped message="Suite splitting in effect" type="pytest.skip">src/pymortests/affine_grid.py:243: Suite splitting in effect</skipped></testcase><testcase classname="src.pymortests.affine_grid" file="src/pymortests/affine_grid.py" line="243" name="test_diameters_values[&lt;lambda&gt;9]" time="0.0004336833953857422"><skipped message="Suite splitting in effect" type="pytest.skip">src/pymortests/affine_grid.py:243: Suite splitting in effect</skipped></testcase><testcase classname="src.pymortests.affine_grid" file="src/pymortests/affine_grid.py" line="243" name="test_diameters_values[&lt;lambda&gt;10]" time="0.0004570484161376953"><skipped message="Suite splitting in effect" type="pytest.skip">src/pymortests/affine_grid.py:243: Suite splitting in effect</skipped></testcase><testcase classname="src.pymortests.affine_grid" file="src/pymortests/affine_grid.py" line="243" name="test_diameters_values[&lt;lambda&gt;11]" time="0.00045609474182128906"><skipped message="Suite splitting in effect" type="pytest.skip">src/pymortests/affine_grid.py:243: Suite splitting in effect</skipped></testcase><testcase classname="src.pymortests.affine_grid" file="src/pymortests/affine_grid.py" line="243" name="test_diameters_values[&lt;lambda&gt;12]" time="0.0007548332214355469"><skipped message="Suite splitting in effect" type="pytest.skip">src/pymortests/affine_grid.py:243: Suite splitting in effect</skipped></testcase><testcase classname="src.pymortests.affine_grid" file="src/pymortests/affine_grid.py" line="243" name="test_diameters_values[&lt;lambda&gt;13]" time="0.00043582916259765625"><skipped message="Suite splitting in effect" type="pytest.skip">src/pymortests/affine_grid.py:243: Suite splitting in effect</skipped></testcase><testcase classname="src.pymortests.affine_grid" file="src/pymortests/affine_grid.py" line="243" name="test_diameters_values[&lt;lambda&gt;14]" time="0.0004432201385498047"><skipped message="Suite splitting in effect" type="pytest.skip">src/pymortests/affine_grid.py:243: Suite splitting in effect</skipped></testcase><testcase classname="src.pymortests.affine_grid" file="src/pymortests/affine_grid.py" line="243" name="test_diameters_values[&lt;lambda&gt;15]" time="0.0004286766052246094"><skipped message="Suite splitting in effect" type="pytest.skip">src/pymortests/affine_grid.py:243: Suite splitting in effect</skipped></testcase><testcase classname="src.pymortests.affine_grid" file="src/pymortests/affine_grid.py" line="243" name="test_diameters_values[&lt;lambda&gt;16]" time="0.00043082237243652344"><skipped message="Suite splitting in effect" type="pytest.skip">src/pymortests/affine_grid.py:243: Suite splitting in effect</skipped></testcase><testcase classname="src.pymortests.affine_grid" file="src/pymortests/affine_grid.py" line="243" name="test_diameters_values[&lt;lambda&gt;17]" time="0.000431060791015625"><skipped message="Suite splitting in effect" type="pytest.skip">src/pymortests/affine_grid.py:243: Suite splitting in effect</skipped></testcase><testcase classname="src.pymortests.affine_grid" file="src/pymortests/affine_grid.py" line="243" name="test_diameters_values[&lt;lambda&gt;18]" time="0.0004355907440185547"><skipped message="Suite splitting in effect" type="pytest.skip">src/pymortests/affine_grid.py:243: Suite splitting in effect</skipped></testcase><testcase classname="src.pymortests.affine_grid" file="src/pymortests/affine_grid.py" line="243" name="test_diameters_values[&lt;lambda&gt;19]" time="0.00045943260192871094"><skipped message="Suite splitting in effect" type="pytest.skip">src/pymortests/affine_grid.py:243: Suite splitting in effect</skipped></testcase><testcase classname="src.pymortests.affine_grid" file="src/pymortests/affine_grid.py" line="243" name="test_diameters_values[&lt;lambda&gt;20]" time="0.0006792545318603516"><skipped message="Suite splitting in effect" type="pytest.skip">src/pymortests/affine_grid.py:243: Suite splitting in effect</skipped></testcase><testcase classname="src.pymortests.affine_grid" file="src/pymortests/affine_grid.py" line="243" name="test_diameters_values[&lt;lambda&gt;21]" time="0.0004363059997558594"><skipped message="Suite splitting in effect" type="pytest.skip">src/pymortests/affine_grid.py:243: Suite splitting in effect</skipped></testcase><testcase classname="src.pymortests.affine_grid" file="src/pymortests/affine_grid.py" line="243" name="test_diameters_values[&lt;lambda&gt;22]" time="0.0004432201385498047"><skipped message="Suite splitting in effect" type="pytest.skip">src/pymortests/affine_grid.py:243: Suite splitting in effect</skipped></testcase><testcase classname="src.pymortests.affine_grid" file="src/pymortests/affine_grid.py" line="243" name="test_diameters_values[&lt;lambda&gt;23]" time="0.00045800209045410156"><skipped message="Suite splitting in effect" type="pytest.skip">src/pymortests/affine_grid.py:243: Suite splitting in effect</skipped></testcase><testcase classname="src.pymortests.affine_grid" file="src/pymortests/affine_grid.py" line="243" name="test_diameters_values[&lt;lambda&gt;24]" time="0.0004439353942871094"><skipped message="Suite splitting in effect" type="pytest.skip">src/pymortests/affine_grid.py:243: Suite splitting in effect</skipped></testcase><testcase classname="src.pymortests.affine_grid" file="src/pymortests/affine_grid.py" line="243" name="test_diameters_values[&lt;lambda&gt;25]" time="0.0004868507385253906"><skipped message="Suite splitting in effect" type="pytest.skip">src/pymortests/affine_grid.py:243: Suite splitting in effect</skipped></testcase><testcase classname="src.pymortests.affine_grid" file="src/pymortests/affine_grid.py" line="243" name="test_diameters_values[&lt;lambda&gt;26]" time="0.00048542022705078125"><skipped message="Suite splitting in effect" type="pytest.skip">src/pymortests/affine_grid.py:243: Suite splitting in effect</skipped></testcase><testcase classname="src.pymortests.affine_grid" file="src/pymortests/affine_grid.py" line="243" name="test_diameters_values[&lt;lambda&gt;27]" time="0.0005502700805664062"><skipped message="Suite splitting in effect" type="pytest.skip">src/pymortests/affine_grid.py:243: Suite splitting in effect</skipped></testcase><testcase classname="src.pymortests.affine_grid" file="src/pymortests/affine_grid.py" line="243" name="test_diameters_values[&lt;lambda&gt;28]" time="0.0007371902465820312"><skipped message="Suite splitting in effect" type="pytest.skip">src/pymortests/affine_grid.py:243: Suite splitting in effect</skipped></testcase><testcase classname="src.pymortests.affine_grid" file="src/pymortests/affine_grid.py" line="243" name="test_diameters_values[&lt;lambda&gt;29]" time="0.0004417896270751953"><skipped message="Suite splitting in effect" type="pytest.skip">src/pymortests/affine_grid.py:243: Suite splitting in effect</skipped></testcase><testcase classname="src.pymortests.affine_grid" file="src/pymortests/affine_grid.py" line="243" name="test_diameters_values[&lt;lambda&gt;30]" time="0.00045228004455566406"><skipped message="Suite splitting in effect" type="pytest.skip">src/pymortests/affine_grid.py:243: Suite splitting in effect</skipped></testcase><testcase classname="src.pymortests.affine_grid" file="src/pymortests/affine_grid.py" line="243" name="test_diameters_values[&lt;lambda&gt;31]" time="0.0004374980926513672"><skipped message="Suite splitting in effect" type="pytest.skip">src/pymortests/affine_grid.py:243: Suite splitting in effect</skipped></testcase><testcase classname="src.pymortests.affine_grid" file="src/pymortests/affine_grid.py" line="243" name="test_diameters_values[&lt;lambda&gt;32]" time="0.0004372596740722656"><skipped message="Suite splitting in effect" type="pytest.skip">src/pymortests/affine_grid.py:243: Suite splitting in effect</skipped></testcase><testcase classname="src.pymortests.affine_grid" file="src/pymortests/affine_grid.py" line="243" name="test_diameters_values[&lt;lambda&gt;33]" time="0.0004305839538574219"><skipped message="Suite splitting in effect" type="pytest.skip">src/pymortests/affine_grid.py:243: Suite splitting in effect</skipped></testcase><testcase classname="src.pymortests.affine_grid" file="src/pymortests/affine_grid.py" line="243" name="test_diameters_values[&lt;lambda&gt;34]" time="0.0004420280456542969"><skipped message="Suite splitting in effect" type="pytest.skip">src/pymortests/affine_grid.py:243: Suite splitting in effect</skipped></testcase><testcase classname="src.pymortests.affine_grid" file="src/pymortests/affine_grid.py" line="243" name="test_diameters_values[&lt;lambda&gt;35]" time="0.0004360675811767578"><skipped message="Suite splitting in effect" type="pytest.skip">src/pymortests/affine_grid.py:243: Suite splitting in effect</skipped></testcase><testcase classname="src.pymortests.affine_grid" file="src/pymortests/affine_grid.py" line="243" name="test_diameters_values[&lt;lambda&gt;36]" time="0.00074005126953125"><skipped message="Suite splitting in effect" type="pytest.skip">src/pymortests/affine_grid.py:243: Suite splitting in effect</skipped></testcase><testcase classname="src.pymortests.affine_grid" file="src/pymortests/affine_grid.py" line="243" name="test_diameters_values[&lt;lambda&gt;37]" time="0.0004405975341796875"><skipped message="Suite splitting in effect" type="pytest.skip">src/pymortests/affine_grid.py:243: Suite splitting in effect</skipped></testcase><testcase classname="src.pymortests.affine_grid" file="src/pymortests/affine_grid.py" line="243" name="test_diameters_values[&lt;lambda&gt;38]" time="0.00041031837463378906"><skipped message="Suite splitting in effect" type="pytest.skip">src/pymortests/affine_grid.py:243: Suite splitting in effect</skipped></testcase><testcase classname="src.pymortests.affine_grid" file="src/pymortests/affine_grid.py" line="243" name="test_diameters_values[&lt;lambda&gt;39]" time="0.00046062469482421875"><skipped message="Suite splitting in effect" type="pytest.skip">src/pymortests/affine_grid.py:243: Suite splitting in effect</skipped></testcase><testcase classname="src.pymortests.affine_grid" file="src/pymortests/affine_grid.py" line="243" name="test_diameters_values[&lt;lambda&gt;40]" time="0.0004448890686035156"><skipped message="Suite splitting in effect" type="pytest.skip">src/pymortests/affine_grid.py:243: Suite splitting in effect</skipped></testcase><testcase classname="src.pymortests.affine_grid" file="src/pymortests/affine_grid.py" line="243" name="test_diameters_values[&lt;lambda&gt;41]" time="0.0004334449768066406"><skipped message="Suite splitting in effect" type="pytest.skip">src/pymortests/affine_grid.py:243: Suite splitting in effect</skipped></testcase><testcase classname="src.pymortests.affine_grid" file="src/pymortests/affine_grid.py" line="243" name="test_diameters_values[&lt;lambda&gt;42]" time="0.0004565715789794922"><skipped message="Suite splitting in effect" type="pytest.skip">src/pymortests/affine_grid.py:243: Suite splitting in effect</skipped></testcase><testcase classname="src.pymortests.affine_grid" file="src/pymortests/affine_grid.py" line="250" name="test_quadrature_points_wrong_arguments[&lt;lambda&gt;0]" time="0.0004353523254394531"><skipped message="Suite splitting in effect" type="pytest.skip">src/pymortests/affine_grid.py:250: Suite splitting in effect</skipped></testcase><testcase classname="src.pymortests.affine_grid" file="src/pymortests/affine_grid.py" line="250" name="test_quadrature_points_wrong_arguments[&lt;lambda&gt;1]" time="0.0007212162017822266"><skipped message="Suite splitting in effect" type="pytest.skip">src/pymortests/affine_grid.py:250: Suite splitting in effect</skipped></testcase><testcase classname="src.pymortests.affine_grid" file="src/pymortests/affine_grid.py" line="250" name="test_quadrature_points_wrong_arguments[&lt;lambda&gt;2]" time="0.0004315376281738281"><skipped message="Suite splitting in effect" type="pytest.skip">src/pymortests/affine_grid.py:250: Suite splitting in effect</skipped></testcase><testcase classname="src.pymortests.affine_grid" file="src/pymortests/affine_grid.py" line="250" name="test_quadrature_points_wrong_arguments[&lt;lambda&gt;3]" time="0.0004303455352783203"><skipped message="Suite splitting in effect" type="pytest.skip">src/pymortests/affine_grid.py:250: Suite splitting in effect</skipped></testcase><testcase classname="src.pymortests.affine_grid" file="src/pymortests/affine_grid.py" line="250" name="test_quadrature_points_wrong_arguments[&lt;lambda&gt;4]" time="0.0004401206970214844"><skipped message="Suite splitting in effect" type="pytest.skip">src/pymortests/affine_grid.py:250: Suite splitting in effect</skipped></testcase><testcase classname="src.pymortests.affine_grid" file="src/pymortests/affine_grid.py" line="250" name="test_quadrature_points_wrong_arguments[&lt;lambda&gt;5]" time="0.0004343986511230469"><skipped message="Suite splitting in effect" type="pytest.skip">src/pymortests/affine_grid.py:250: Suite splitting in effect</skipped></testcase><testcase classname="src.pymortests.affine_grid" file="src/pymortests/affine_grid.py" line="250" name="test_quadrature_points_wrong_arguments[&lt;lambda&gt;6]" time="0.00043272972106933594"><skipped message="Suite splitting in effect" type="pytest.skip">src/pymortests/affine_grid.py:250: Suite splitting in effect</skipped></testcase><testcase classname="src.pymortests.affine_grid" file="src/pymortests/affine_grid.py" line="250" name="test_quadrature_points_wrong_arguments[&lt;lambda&gt;7]" time="0.0004363059997558594"><skipped message="Suite splitting in effect" type="pytest.skip">src/pymortests/affine_grid.py:250: Suite splitting in effect</skipped></testcase><testcase classname="src.pymortests.affine_grid" file="src/pymortests/affine_grid.py" line="250" name="test_quadrature_points_wrong_arguments[&lt;lambda&gt;8]" time="0.00043129920959472656"><skipped message="Suite splitting in effect" type="pytest.skip">src/pymortests/affine_grid.py:250: Suite splitting in effect</skipped></testcase><testcase classname="src.pymortests.affine_grid" file="src/pymortests/affine_grid.py" line="250" name="test_quadrature_points_wrong_arguments[&lt;lambda&gt;9]" time="0.0007410049438476562"><skipped message="Suite splitting in effect" type="pytest.skip">src/pymortests/affine_grid.py:250: Suite splitting in effect</skipped></testcase><testcase classname="src.pymortests.affine_grid" file="src/pymortests/affine_grid.py" line="250" name="test_quadrature_points_wrong_arguments[&lt;lambda&gt;10]" time="0.00043892860412597656"><skipped message="Suite splitting in effect" type="pytest.skip">src/pymortests/affine_grid.py:250: Suite splitting in effect</skipped></testcase><testcase classname="src.pymortests.affine_grid" file="src/pymortests/affine_grid.py" line="250" name="test_quadrature_points_wrong_arguments[&lt;lambda&gt;11]" time="0.0004420280456542969"><skipped message="Suite splitting in effect" type="pytest.skip">src/pymortests/affine_grid.py:250: Suite splitting in effect</skipped></testcase><testcase classname="src.pymortests.affine_grid" file="src/pymortests/affine_grid.py" line="250" name="test_quadrature_points_wrong_arguments[&lt;lambda&gt;12]" time="0.00046825408935546875"><skipped message="Suite splitting in effect" type="pytest.skip">src/pymortests/affine_grid.py:250: Suite splitting in effect</skipped></testcase><testcase classname="src.pymortests.affine_grid" file="src/pymortests/affine_grid.py" line="250" name="test_quadrature_points_wrong_arguments[&lt;lambda&gt;13]" time="0.0004317760467529297"><skipped message="Suite splitting in effect" type="pytest.skip">src/pymortests/affine_grid.py:250: Suite splitting in effect</skipped></testcase><testcase classname="src.pymortests.affine_grid" file="src/pymortests/affine_grid.py" line="250" name="test_quadrature_points_wrong_arguments[&lt;lambda&gt;14]" time="0.0004317760467529297"><skipped message="Suite splitting in effect" type="pytest.skip">src/pymortests/affine_grid.py:250: Suite splitting in effect</skipped></testcase><testcase classname="src.pymortests.affine_grid" file="src/pymortests/affine_grid.py" line="250" name="test_quadrature_points_wrong_arguments[&lt;lambda&gt;15]" time="0.00042319297790527344"><skipped message="Suite splitting in effect" type="pytest.skip">src/pymortests/affine_grid.py:250: Suite splitting in effect</skipped></testcase><testcase classname="src.pymortests.affine_grid" file="src/pymortests/affine_grid.py" line="250" name="test_quadrature_points_wrong_arguments[&lt;lambda&gt;16]" time="0.0004363059997558594"><skipped message="Suite splitting in effect" type="pytest.skip">src/pymortests/affine_grid.py:250: Suite splitting in effect</skipped></testcase><testcase classname="src.pymortests.affine_grid" file="src/pymortests/affine_grid.py" line="250" name="test_quadrature_points_wrong_arguments[&lt;lambda&gt;17]" time="0.0007355213165283203"><skipped message="Suite splitting in effect" type="pytest.skip">src/pymortests/affine_grid.py:250: Suite splitting in effect</skipped></testcase><testcase classname="src.pymortests.affine_grid" file="src/pymortests/affine_grid.py" line="250" name="test_quadrature_points_wrong_arguments[&lt;lambda&gt;18]" time="0.000423431396484375"><skipped message="Suite splitting in effect" type="pytest.skip">src/pymortests/affine_grid.py:250: Suite splitting in effect</skipped></testcase><testcase classname="src.pymortests.affine_grid" file="src/pymortests/affine_grid.py" line="250" name="test_quadrature_points_wrong_arguments[&lt;lambda&gt;19]" time="0.00045943260192871094"><skipped message="Suite splitting in effect" type="pytest.skip">src/pymortests/affine_grid.py:250: Suite splitting in effect</skipped></testcase><testcase classname="src.pymortests.affine_grid" file="src/pymortests/affine_grid.py" line="250" name="test_quadrature_points_wrong_arguments[&lt;lambda&gt;20]" time="0.0004405975341796875"><skipped message="Suite splitting in effect" type="pytest.skip">src/pymortests/affine_grid.py:250: Suite splitting in effect</skipped></testcase><testcase classname="src.pymortests.affine_grid" file="src/pymortests/affine_grid.py" line="250" name="test_quadrature_points_wrong_arguments[&lt;lambda&gt;21]" time="0.00044035911560058594"><skipped message="Suite splitting in effect" type="pytest.skip">src/pymortests/affine_grid.py:250: Suite splitting in effect</skipped></testcase><testcase classname="src.pymortests.affine_grid" file="src/pymortests/affine_grid.py" line="250" name="test_quadrature_points_wrong_arguments[&lt;lambda&gt;22]" time="0.0004456043243408203"><skipped message="Suite splitting in effect" type="pytest.skip">src/pymortests/affine_grid.py:250: Suite splitting in effect</skipped></testcase><testcase classname="src.pymortests.affine_grid" file="src/pymortests/affine_grid.py" line="250" name="test_quadrature_points_wrong_arguments[&lt;lambda&gt;23]" time="0.0004360675811767578"><skipped message="Suite splitting in effect" type="pytest.skip">src/pymortests/affine_grid.py:250: Suite splitting in effect</skipped></testcase><testcase classname="src.pymortests.affine_grid" file="src/pymortests/affine_grid.py" line="250" name="test_quadrature_points_wrong_arguments[&lt;lambda&gt;24]" time="0.00043582916259765625"><skipped message="Suite splitting in effect" type="pytest.skip">src/pymortests/affine_grid.py:250: Suite splitting in effect</skipped></testcase><testcase classname="src.pymortests.affine_grid" file="src/pymortests/affine_grid.py" line="250" name="test_quadrature_points_wrong_arguments[&lt;lambda&gt;25]" time="0.0009603500366210938"><skipped message="Suite splitting in effect" type="pytest.skip">src/pymortests/affine_grid.py:250: Suite splitting in effect</skipped></testcase><testcase classname="src.pymortests.affine_grid" file="src/pymortests/affine_grid.py" line="250" name="test_quadrature_points_wrong_arguments[&lt;lambda&gt;26]" time="0.0004417896270751953"><skipped message="Suite splitting in effect" type="pytest.skip">src/pymortests/affine_grid.py:250: Suite splitting in effect</skipped></testcase><testcase classname="src.pymortests.affine_grid" file="src/pymortests/affine_grid.py" line="250" name="test_quadrature_points_wrong_arguments[&lt;lambda&gt;27]" time="0.0004343986511230469"><skipped message="Suite splitting in effect" type="pytest.skip">src/pymortests/affine_grid.py:250: Suite splitting in effect</skipped></testcase><testcase classname="src.pymortests.affine_grid" file="src/pymortests/affine_grid.py" line="250" name="test_quadrature_points_wrong_arguments[&lt;lambda&gt;28]" time="0.00043320655822753906"><skipped message="Suite splitting in effect" type="pytest.skip">src/pymortests/affine_grid.py:250: Suite splitting in effect</skipped></testcase><testcase classname="src.pymortests.affine_grid" file="src/pymortests/affine_grid.py" line="250" name="test_quadrature_points_wrong_arguments[&lt;lambda&gt;29]" time="0.0004208087921142578"><skipped message="Suite splitting in effect" type="pytest.skip">src/pymortests/affine_grid.py:250: Suite splitting in effect</skipped></testcase><testcase classname="src.pymortests.affine_grid" file="src/pymortests/affine_grid.py" line="250" name="test_quadrature_points_wrong_arguments[&lt;lambda&gt;30]" time="0.00047469139099121094"><skipped message="Suite splitting in effect" type="pytest.skip">src/pymortests/affine_grid.py:250: Suite splitting in effect</skipped></testcase><testcase classname="src.pymortests.affine_grid" file="src/pymortests/affine_grid.py" line="250" name="test_quadrature_points_wrong_arguments[&lt;lambda&gt;31]" time="0.00043654441833496094"><skipped message="Suite splitting in effect" type="pytest.skip">src/pymortests/affine_grid.py:250: Suite splitting in effect</skipped></testcase><testcase classname="src.pymortests.affine_grid" file="src/pymortests/affine_grid.py" line="250" name="test_quadrature_points_wrong_arguments[&lt;lambda&gt;32]" time="0.00043964385986328125"><skipped message="Suite splitting in effect" type="pytest.skip">src/pymortests/affine_grid.py:250: Suite splitting in effect</skipped></testcase><testcase classname="src.pymortests.affine_grid" file="src/pymortests/affine_grid.py" line="250" name="test_quadrature_points_wrong_arguments[&lt;lambda&gt;33]" time="0.0007932186126708984"><skipped message="Suite splitting in effect" type="pytest.skip">src/pymortests/affine_grid.py:250: Suite splitting in effect</skipped></testcase><testcase classname="src.pymortests.affine_grid" file="src/pymortests/affine_grid.py" line="250" name="test_quadrature_points_wrong_arguments[&lt;lambda&gt;34]" time="0.00045108795166015625"><skipped message="Suite splitting in effect" type="pytest.skip">src/pymortests/affine_grid.py:250: Suite splitting in effect</skipped></testcase><testcase classname="src.pymortests.affine_grid" file="src/pymortests/affine_grid.py" line="250" name="test_quadrature_points_wrong_arguments[&lt;lambda&gt;35]" time="0.00043892860412597656"><skipped message="Suite splitting in effect" type="pytest.skip">src/pymortests/affine_grid.py:250: Suite splitting in effect</skipped></testcase><testcase classname="src.pymortests.affine_grid" file="src/pymortests/affine_grid.py" line="250" name="test_quadrature_points_wrong_arguments[&lt;lambda&gt;36]" time="0.00042510032653808594"><skipped message="Suite splitting in effect" type="pytest.skip">src/pymortests/affine_grid.py:250: Suite splitting in effect</skipped></testcase><testcase classname="src.pymortests.affine_grid" file="src/pymortests/affine_grid.py" line="250" name="test_quadrature_points_wrong_arguments[&lt;lambda&gt;37]" time="0.0004508495330810547"><skipped message="Suite splitting in effect" type="pytest.skip">src/pymortests/affine_grid.py:250: Suite splitting in effect</skipped></testcase><testcase classname="src.pymortests.affine_grid" file="src/pymortests/affine_grid.py" line="250" name="test_quadrature_points_wrong_arguments[&lt;lambda&gt;38]" time="0.00044608116149902344"><skipped message="Suite splitting in effect" type="pytest.skip">src/pymortests/affine_grid.py:250: Suite splitting in effect</skipped></testcase><testcase classname="src.pymortests.affine_grid" file="src/pymortests/affine_grid.py" line="250" name="test_quadrature_points_wrong_arguments[&lt;lambda&gt;39]" time="0.00045037269592285156"><skipped message="Suite splitting in effect" type="pytest.skip">src/pymortests/affine_grid.py:250: Suite splitting in effect</skipped></testcase><testcase classname="src.pymortests.affine_grid" file="src/pymortests/affine_grid.py" line="250" name="test_quadrature_points_wrong_arguments[&lt;lambda&gt;40]" time="0.0004200935363769531"><skipped message="Suite splitting in effect" type="pytest.skip">src/pymortests/affine_grid.py:250: Suite splitting in effect</skipped></testcase><testcase classname="src.pymortests.affine_grid" file="src/pymortests/affine_grid.py" line="250" name="test_quadrature_points_wrong_arguments[&lt;lambda&gt;41]" time="0.0007359981536865234"><skipped message="Suite splitting in effect" type="pytest.skip">src/pymortests/affine_grid.py:250: Suite splitting in effect</skipped></testcase><testcase classname="src.pymortests.affine_grid" file="src/pymortests/affine_grid.py" line="250" name="test_quadrature_points_wrong_arguments[&lt;lambda&gt;42]" time="0.00043082237243652344"><skipped message="Suite splitting in effect" type="pytest.skip">src/pymortests/affine_grid.py:250: Suite splitting in effect</skipped></testcase><testcase classname="src.pymortests.affine_grid" file="src/pymortests/affine_grid.py" line="265" name="test_quadrature_points_shape[&lt;lambda&gt;0]" time="0.0004489421844482422"><skipped message="Suite splitting in effect" type="pytest.skip">src/pymortests/affine_grid.py:265: Suite splitting in effect</skipped></testcase><testcase classname="src.pymortests.affine_grid" file="src/pymortests/affine_grid.py" line="265" name="test_quadrature_points_shape[&lt;lambda&gt;1]" time="0.0004432201385498047"><skipped message="Suite splitting in effect" type="pytest.skip">src/pymortests/affine_grid.py:265: Suite splitting in effect</skipped></testcase><testcase classname="src.pymortests.affine_grid" file="src/pymortests/affine_grid.py" line="265" name="test_quadrature_points_shape[&lt;lambda&gt;2]" time="0.0004477500915527344"><skipped message="Suite splitting in effect" type="pytest.skip">src/pymortests/affine_grid.py:265: Suite splitting in effect</skipped></testcase><testcase classname="src.pymortests.affine_grid" file="src/pymortests/affine_grid.py" line="265" name="test_quadrature_points_shape[&lt;lambda&gt;3]" time="0.000423431396484375"><skipped message="Suite splitting in effect" type="pytest.skip">src/pymortests/affine_grid.py:265: Suite splitting in effect</skipped></testcase><testcase classname="src.pymortests.affine_grid" file="src/pymortests/affine_grid.py" line="265" name="test_quadrature_points_shape[&lt;lambda&gt;4]" time="0.0004394054412841797"><skipped message="Suite splitting in effect" type="pytest.skip">src/pymortests/affine_grid.py:265: Suite splitting in effect</skipped></testcase><testcase classname="src.pymortests.affine_grid" file="src/pymortests/affine_grid.py" line="265" name="test_quadrature_points_shape[&lt;lambda&gt;5]" time="0.0004634857177734375"><skipped message="Suite splitting in effect" type="pytest.skip">src/pymortests/affine_grid.py:265: Suite splitting in effect</skipped></testcase><testcase classname="src.pymortests.affine_grid" file="src/pymortests/affine_grid.py" line="265" name="test_quadrature_points_shape[&lt;lambda&gt;6]" time="0.000705718994140625"><skipped message="Suite splitting in effect" type="pytest.skip">src/pymortests/affine_grid.py:265: Suite splitting in effect</skipped></testcase><testcase classname="src.pymortests.affine_grid" file="src/pymortests/affine_grid.py" line="265" name="test_quadrature_points_shape[&lt;lambda&gt;7]" time="0.00044798851013183594"><skipped message="Suite splitting in effect" type="pytest.skip">src/pymortests/affine_grid.py:265: Suite splitting in effect</skipped></testcase><testcase classname="src.pymortests.affine_grid" file="src/pymortests/affine_grid.py" line="265" name="test_quadrature_points_shape[&lt;lambda&gt;8]" time="0.0004458427429199219"><skipped message="Suite splitting in effect" type="pytest.skip">src/pymortests/affine_grid.py:265: Suite splitting in effect</skipped></testcase><testcase classname="src.pymortests.affine_grid" file="src/pymortests/affine_grid.py" line="265" name="test_quadrature_points_shape[&lt;lambda&gt;9]" time="0.0004475116729736328"><skipped message="Suite splitting in effect" type="pytest.skip">src/pymortests/affine_grid.py:265: Suite splitting in effect</skipped></testcase><testcase classname="src.pymortests.affine_grid" file="src/pymortests/affine_grid.py" line="265" name="test_quadrature_points_shape[&lt;lambda&gt;10]" time="0.0004353523254394531"><skipped message="Suite splitting in effect" type="pytest.skip">src/pymortests/affine_grid.py:265: Suite splitting in effect</skipped></testcase><testcase classname="src.pymortests.affine_grid" file="src/pymortests/affine_grid.py" line="265" name="test_quadrature_points_shape[&lt;lambda&gt;11]" time="0.0004355907440185547"><skipped message="Suite splitting in effect" type="pytest.skip">src/pymortests/affine_grid.py:265: Suite splitting in effect</skipped></testcase><testcase classname="src.pymortests.affine_grid" file="src/pymortests/affine_grid.py" line="265" name="test_quadrature_points_shape[&lt;lambda&gt;12]" time="0.0004229545593261719"><skipped message="Suite splitting in effect" type="pytest.skip">src/pymortests/affine_grid.py:265: Suite splitting in effect</skipped></testcase><testcase classname="src.pymortests.affine_grid" file="src/pymortests/affine_grid.py" line="265" name="test_quadrature_points_shape[&lt;lambda&gt;13]" time="0.00045299530029296875"><skipped message="Suite splitting in effect" type="pytest.skip">src/pymortests/affine_grid.py:265: Suite splitting in effect</skipped></testcase><testcase classname="src.pymortests.affine_grid" file="src/pymortests/affine_grid.py" line="265" name="test_quadrature_points_shape[&lt;lambda&gt;14]" time="0.0007078647613525391"><skipped message="Suite splitting in effect" type="pytest.skip">src/pymortests/affine_grid.py:265: Suite splitting in effect</skipped></testcase><testcase classname="src.pymortests.affine_grid" file="src/pymortests/affine_grid.py" line="265" name="test_quadrature_points_shape[&lt;lambda&gt;15]" time="0.0004267692565917969"><skipped message="Suite splitting in effect" type="pytest.skip">src/pymortests/affine_grid.py:265: Suite splitting in effect</skipped></testcase><testcase classname="src.pymortests.affine_grid" file="src/pymortests/affine_grid.py" line="265" name="test_quadrature_points_shape[&lt;lambda&gt;16]" time="0.0004296302795410156"><skipped message="Suite splitting in effect" type="pytest.skip">src/pymortests/affine_grid.py:265: Suite splitting in effect</skipped></testcase><testcase classname="src.pymortests.affine_grid" file="src/pymortests/affine_grid.py" line="265" name="test_quadrature_points_shape[&lt;lambda&gt;17]" time="0.0004265308380126953"><skipped message="Suite splitting in effect" type="pytest.skip">src/pymortests/affine_grid.py:265: Suite splitting in effect</skipped></testcase><testcase classname="src.pymortests.affine_grid" file="src/pymortests/affine_grid.py" line="265" name="test_quadrature_points_shape[&lt;lambda&gt;18]" time="0.0004036426544189453"><skipped message="Suite splitting in effect" type="pytest.skip">src/pymortests/affine_grid.py:265: Suite splitting in effect</skipped></testcase><testcase classname="src.pymortests.affine_grid" file="src/pymortests/affine_grid.py" line="265" name="test_quadrature_points_shape[&lt;lambda&gt;19]" time="0.00043010711669921875"><skipped message="Suite splitting in effect" type="pytest.skip">src/pymortests/affine_grid.py:265: Suite splitting in effect</skipped></testcase><testcase classname="src.pymortests.affine_grid" file="src/pymortests/affine_grid.py" line="265" name="test_quadrature_points_shape[&lt;lambda&gt;20]" time="0.00042176246643066406"><skipped message="Suite splitting in effect" type="pytest.skip">src/pymortests/affine_grid.py:265: Suite splitting in effect</skipped></testcase><testcase classname="src.pymortests.affine_grid" file="src/pymortests/affine_grid.py" line="265" name="test_quadrature_points_shape[&lt;lambda&gt;21]" time="0.0004363059997558594"><skipped message="Suite splitting in effect" type="pytest.skip">src/pymortests/affine_grid.py:265: Suite splitting in effect</skipped></testcase><testcase classname="src.pymortests.affine_grid" file="src/pymortests/affine_grid.py" line="265" name="test_quadrature_points_shape[&lt;lambda&gt;22]" time="0.0006959438323974609"><skipped message="Suite splitting in effect" type="pytest.skip">src/pymortests/affine_grid.py:265: Suite splitting in effect</skipped></testcase><testcase classname="src.pymortests.affine_grid" file="src/pymortests/affine_grid.py" line="265" name="test_quadrature_points_shape[&lt;lambda&gt;23]" time="0.00043272972106933594"><skipped message="Suite splitting in effect" type="pytest.skip">src/pymortests/affine_grid.py:265: Suite splitting in effect</skipped></testcase><testcase classname="src.pymortests.affine_grid" file="src/pymortests/affine_grid.py" line="265" name="test_quadrature_points_shape[&lt;lambda&gt;24]" time="0.00041747093200683594"><skipped message="Suite splitting in effect" type="pytest.skip">src/pymortests/affine_grid.py:265: Suite splitting in effect</skipped></testcase><testcase classname="src.pymortests.affine_grid" file="src/pymortests/affine_grid.py" line="265" name="test_quadrature_points_shape[&lt;lambda&gt;25]" time="0.0004513263702392578"><skipped message="Suite splitting in effect" type="pytest.skip">src/pymortests/affine_grid.py:265: Suite splitting in effect</skipped></testcase><testcase classname="src.pymortests.affine_grid" file="src/pymortests/affine_grid.py" line="265" name="test_quadrature_points_shape[&lt;lambda&gt;26]" time="0.0004220008850097656"><skipped message="Suite splitting in effect" type="pytest.skip">src/pymortests/affine_grid.py:265: Suite splitting in effect</skipped></testcase><testcase classname="src.pymortests.affine_grid" file="src/pymortests/affine_grid.py" line="265" name="test_quadrature_points_shape[&lt;lambda&gt;27]" time="0.0004680156707763672"><skipped message="Suite splitting in effect" type="pytest.skip">src/pymortests/affine_grid.py:265: Suite splitting in effect</skipped></testcase><testcase classname="src.pymortests.affine_grid" file="src/pymortests/affine_grid.py" line="265" name="test_quadrature_points_shape[&lt;lambda&gt;28]" time="0.0004260540008544922"><skipped message="Suite splitting in effect" type="pytest.skip">src/pymortests/affine_grid.py:265: Suite splitting in effect</skipped></testcase><testcase classname="src.pymortests.affine_grid" file="src/pymortests/affine_grid.py" line="265" name="test_quadrature_points_shape[&lt;lambda&gt;29]" time="0.0004749298095703125"><skipped message="Suite splitting in effect" type="pytest.skip">src/pymortests/affine_grid.py:265: Suite splitting in effect</skipped></testcase><testcase classname="src.pymortests.affine_grid" file="src/pymortests/affine_grid.py" line="265" name="test_quadrature_points_shape[&lt;lambda&gt;30]" time="0.0007274150848388672"><skipped message="Suite splitting in effect" type="pytest.skip">src/pymortests/affine_grid.py:265: Suite splitting in effect</skipped></testcase><testcase classname="src.pymortests.affine_grid" file="src/pymortests/affine_grid.py" line="265" name="test_quadrature_points_shape[&lt;lambda&gt;31]" time="0.0004582405090332031"><skipped message="Suite splitting in effect" type="pytest.skip">src/pymortests/affine_grid.py:265: Suite splitting in effect</skipped></testcase><testcase classname="src.pymortests.affine_grid" file="src/pymortests/affine_grid.py" line="265" name="test_quadrature_points_shape[&lt;lambda&gt;32]" time="0.00043272972106933594"><skipped message="Suite splitting in effect" type="pytest.skip">src/pymortests/affine_grid.py:265: Suite splitting in effect</skipped></testcase><testcase classname="src.pymortests.affine_grid" file="src/pymortests/affine_grid.py" line="265" name="test_quadrature_points_shape[&lt;lambda&gt;33]" time="0.0004260540008544922"><skipped message="Suite splitting in effect" type="pytest.skip">src/pymortests/affine_grid.py:265: Suite splitting in effect</skipped></testcase><testcase classname="src.pymortests.affine_grid" file="src/pymortests/affine_grid.py" line="265" name="test_quadrature_points_shape[&lt;lambda&gt;34]" time="0.0004401206970214844"><skipped message="Suite splitting in effect" type="pytest.skip">src/pymortests/affine_grid.py:265: Suite splitting in effect</skipped></testcase><testcase classname="src.pymortests.affine_grid" file="src/pymortests/affine_grid.py" line="265" name="test_quadrature_points_shape[&lt;lambda&gt;35]" time="0.0004494190216064453"><skipped message="Suite splitting in effect" type="pytest.skip">src/pymortests/affine_grid.py:265: Suite splitting in effect</skipped></testcase><testcase classname="src.pymortests.affine_grid" file="src/pymortests/affine_grid.py" line="265" name="test_quadrature_points_shape[&lt;lambda&gt;36]" time="0.0004169940948486328"><skipped message="Suite splitting in effect" type="pytest.skip">src/pymortests/affine_grid.py:265: Suite splitting in effect</skipped></testcase><testcase classname="src.pymortests.affine_grid" file="src/pymortests/affine_grid.py" line="265" name="test_quadrature_points_shape[&lt;lambda&gt;37]" time="0.00041484832763671875"><skipped message="Suite splitting in effect" type="pytest.skip">src/pymortests/affine_grid.py:265: Suite splitting in effect</skipped></testcase><testcase classname="src.pymortests.affine_grid" file="src/pymortests/affine_grid.py" line="265" name="test_quadrature_points_shape[&lt;lambda&gt;38]" time="0.0007061958312988281"><skipped message="Suite splitting in effect" type="pytest.skip">src/pymortests/affine_grid.py:265: Suite splitting in effect</skipped></testcase><testcase classname="src.pymortests.affine_grid" file="src/pymortests/affine_grid.py" line="265" name="test_quadrature_points_shape[&lt;lambda&gt;39]" time="0.0004184246063232422"><skipped message="Suite splitting in effect" type="pytest.skip">src/pymortests/affine_grid.py:265: Suite splitting in effect</skipped></testcase><testcase classname="src.pymortests.affine_grid" file="src/pymortests/affine_grid.py" line="265" name="test_quadrature_points_shape[&lt;lambda&gt;40]" time="0.0004029273986816406"><skipped message="Suite splitting in effect" type="pytest.skip">src/pymortests/affine_grid.py:265: Suite splitting in effect</skipped></testcase><testcase classname="src.pymortests.affine_grid" file="src/pymortests/affine_grid.py" line="265" name="test_quadrature_points_shape[&lt;lambda&gt;41]" time="0.0004172325134277344"><skipped message="Suite splitting in effect" type="pytest.skip">src/pymortests/affine_grid.py:265: Suite splitting in effect</skipped></testcase><testcase classname="src.pymortests.affine_grid" file="src/pymortests/affine_grid.py" line="265" name="test_quadrature_points_shape[&lt;lambda&gt;42]" time="0.0004215240478515625"><skipped message="Suite splitting in effect" type="pytest.skip">src/pymortests/affine_grid.py:265: Suite splitting in effect</skipped></testcase><testcase classname="src.pymortests.affine_grid" file="src/pymortests/affine_grid.py" line="275" name="test_quadrature_points_values[&lt;lambda&gt;0]" time="0.00041747093200683594"><skipped message="Suite splitting in effect" type="pytest.skip">src/pymortests/affine_grid.py:275: Suite splitting in effect</skipped></testcase><testcase classname="src.pymortests.affine_grid" file="src/pymortests/affine_grid.py" line="275" name="test_quadrature_points_values[&lt;lambda&gt;1]" time="0.00040340423583984375"><skipped message="Suite splitting in effect" type="pytest.skip">src/pymortests/affine_grid.py:275: Suite splitting in effect</skipped></testcase><testcase classname="src.pymortests.affine_grid" file="src/pymortests/affine_grid.py" line="275" name="test_quadrature_points_values[&lt;lambda&gt;2]" time="0.0004703998565673828"><skipped message="Suite splitting in effect" type="pytest.skip">src/pymortests/affine_grid.py:275: Suite splitting in effect</skipped></testcase><testcase classname="src.pymortests.affine_grid" file="src/pymortests/affine_grid.py" line="275" name="test_quadrature_points_values[&lt;lambda&gt;3]" time="0.0006785392761230469"><skipped message="Suite splitting in effect" type="pytest.skip">src/pymortests/affine_grid.py:275: Suite splitting in effect</skipped></testcase><testcase classname="src.pymortests.affine_grid" file="src/pymortests/affine_grid.py" line="275" name="test_quadrature_points_values[&lt;lambda&gt;4]" time="0.00042366981506347656"><skipped message="Suite splitting in effect" type="pytest.skip">src/pymortests/affine_grid.py:275: Suite splitting in effect</skipped></testcase><testcase classname="src.pymortests.affine_grid" file="src/pymortests/affine_grid.py" line="275" name="test_quadrature_points_values[&lt;lambda&gt;5]" time="0.00042057037353515625"><skipped message="Suite splitting in effect" type="pytest.skip">src/pymortests/affine_grid.py:275: Suite splitting in effect</skipped></testcase><testcase classname="src.pymortests.affine_grid" file="src/pymortests/affine_grid.py" line="275" name="test_quadrature_points_values[&lt;lambda&gt;6]" time="0.00042176246643066406"><skipped message="Suite splitting in effect" type="pytest.skip">src/pymortests/affine_grid.py:275: Suite splitting in effect</skipped></testcase><testcase classname="src.pymortests.affine_grid" file="src/pymortests/affine_grid.py" line="275" name="test_quadrature_points_values[&lt;lambda&gt;7]" time="0.00045752525329589844"><skipped message="Suite splitting in effect" type="pytest.skip">src/pymortests/affine_grid.py:275: Suite splitting in effect</skipped></testcase><testcase classname="src.pymortests.affine_grid" file="src/pymortests/affine_grid.py" line="275" name="test_quadrature_points_values[&lt;lambda&gt;8]" time="0.00042176246643066406"><skipped message="Suite splitting in effect" type="pytest.skip">src/pymortests/affine_grid.py:275: Suite splitting in effect</skipped></testcase><testcase classname="src.pymortests.affine_grid" file="src/pymortests/affine_grid.py" line="275" name="test_quadrature_points_values[&lt;lambda&gt;9]" time="0.00043201446533203125"><skipped message="Suite splitting in effect" type="pytest.skip">src/pymortests/affine_grid.py:275: Suite splitting in effect</skipped></testcase><testcase classname="src.pymortests.affine_grid" file="src/pymortests/affine_grid.py" line="275" name="test_quadrature_points_values[&lt;lambda&gt;10]" time="0.0004374980926513672"><skipped message="Suite splitting in effect" type="pytest.skip">src/pymortests/affine_grid.py:275: Suite splitting in effect</skipped></testcase><testcase classname="src.pymortests.affine_grid" file="src/pymortests/affine_grid.py" line="275" name="test_quadrature_points_values[&lt;lambda&gt;11]" time="0.0007174015045166016"><skipped message="Suite splitting in effect" type="pytest.skip">src/pymortests/affine_grid.py:275: Suite splitting in effect</skipped></testcase><testcase classname="src.pymortests.affine_grid" file="src/pymortests/affine_grid.py" line="275" name="test_quadrature_points_values[&lt;lambda&gt;12]" time="0.000415802001953125"><skipped message="Suite splitting in effect" type="pytest.skip">src/pymortests/affine_grid.py:275: Suite splitting in effect</skipped></testcase><testcase classname="src.pymortests.affine_grid" file="src/pymortests/affine_grid.py" line="275" name="test_quadrature_points_values[&lt;lambda&gt;13]" time="0.0004181861877441406"><skipped message="Suite splitting in effect" type="pytest.skip">src/pymortests/affine_grid.py:275: Suite splitting in effect</skipped></testcase><testcase classname="src.pymortests.affine_grid" file="src/pymortests/affine_grid.py" line="275" name="test_quadrature_points_values[&lt;lambda&gt;14]" time="0.0004165172576904297"><skipped message="Suite splitting in effect" type="pytest.skip">src/pymortests/affine_grid.py:275: Suite splitting in effect</skipped></testcase><testcase classname="src.pymortests.affine_grid" file="src/pymortests/affine_grid.py" line="275" name="test_quadrature_points_values[&lt;lambda&gt;15]" time="0.0004394054412841797"><skipped message="Suite splitting in effect" type="pytest.skip">src/pymortests/affine_grid.py:275: Suite splitting in effect</skipped></testcase><testcase classname="src.pymortests.affine_grid" file="src/pymortests/affine_grid.py" line="275" name="test_quadrature_points_values[&lt;lambda&gt;16]" time="0.00044536590576171875"><skipped message="Suite splitting in effect" type="pytest.skip">src/pymortests/affine_grid.py:275: Suite splitting in effect</skipped></testcase><testcase classname="src.pymortests.affine_grid" file="src/pymortests/affine_grid.py" line="275" name="test_quadrature_points_values[&lt;lambda&gt;17]" time="0.00040602684020996094"><skipped message="Suite splitting in effect" type="pytest.skip">src/pymortests/affine_grid.py:275: Suite splitting in effect</skipped></testcase><testcase classname="src.pymortests.affine_grid" file="src/pymortests/affine_grid.py" line="275" name="test_quadrature_points_values[&lt;lambda&gt;18]" time="0.00041747093200683594"><skipped message="Suite splitting in effect" type="pytest.skip">src/pymortests/affine_grid.py:275: Suite splitting in effect</skipped></testcase><testcase classname="src.pymortests.affine_grid" file="src/pymortests/affine_grid.py" line="275" name="test_quadrature_points_values[&lt;lambda&gt;19]" time="0.0006880760192871094"><skipped message="Suite splitting in effect" type="pytest.skip">src/pymortests/affine_grid.py:275: Suite splitting in effect</skipped></testcase><testcase classname="src.pymortests.affine_grid" file="src/pymortests/affine_grid.py" line="275" name="test_quadrature_points_values[&lt;lambda&gt;20]" time="0.0004143714904785156"><skipped message="Suite splitting in effect" type="pytest.skip">src/pymortests/affine_grid.py:275: Suite splitting in effect</skipped></testcase><testcase classname="src.pymortests.affine_grid" file="src/pymortests/affine_grid.py" line="275" name="test_quadrature_points_values[&lt;lambda&gt;21]" time="0.0003986358642578125"><skipped message="Suite splitting in effect" type="pytest.skip">src/pymortests/affine_grid.py:275: Suite splitting in effect</skipped></testcase><testcase classname="src.pymortests.affine_grid" file="src/pymortests/affine_grid.py" line="275" name="test_quadrature_points_values[&lt;lambda&gt;22]" time="0.0004239082336425781"><skipped message="Suite splitting in effect" type="pytest.skip">src/pymortests/affine_grid.py:275: Suite splitting in effect</skipped></testcase><testcase classname="src.pymortests.affine_grid" file="src/pymortests/affine_grid.py" line="275" name="test_quadrature_points_values[&lt;lambda&gt;23]" time="0.00043320655822753906"><skipped message="Suite splitting in effect" type="pytest.skip">src/pymortests/affine_grid.py:275: Suite splitting in effect</skipped></testcase><testcase classname="src.pymortests.affine_grid" file="src/pymortests/affine_grid.py" line="275" name="test_quadrature_points_values[&lt;lambda&gt;24]" time="0.00042319297790527344"><skipped message="Suite splitting in effect" type="pytest.skip">src/pymortests/affine_grid.py:275: Suite splitting in effect</skipped></testcase><testcase classname="src.pymortests.affine_grid" file="src/pymortests/affine_grid.py" line="275" name="test_quadrature_points_values[&lt;lambda&gt;25]" time="0.00042891502380371094"><skipped message="Suite splitting in effect" type="pytest.skip">src/pymortests/affine_grid.py:275: Suite splitting in effect</skipped></testcase><testcase classname="src.pymortests.affine_grid" file="src/pymortests/affine_grid.py" line="275" name="test_quadrature_points_values[&lt;lambda&gt;26]" time="0.00042057037353515625"><skipped message="Suite splitting in effect" type="pytest.skip">src/pymortests/affine_grid.py:275: Suite splitting in effect</skipped></testcase><testcase classname="src.pymortests.affine_grid" file="src/pymortests/affine_grid.py" line="275" name="test_quadrature_points_values[&lt;lambda&gt;27]" time="0.0006840229034423828"><skipped message="Suite splitting in effect" type="pytest.skip">src/pymortests/affine_grid.py:275: Suite splitting in effect</skipped></testcase><testcase classname="src.pymortests.affine_grid" file="src/pymortests/affine_grid.py" line="275" name="test_quadrature_points_values[&lt;lambda&gt;28]" time="0.00041794776916503906"><skipped message="Suite splitting in effect" type="pytest.skip">src/pymortests/affine_grid.py:275: Suite splitting in effect</skipped></testcase><testcase classname="src.pymortests.affine_grid" file="src/pymortests/affine_grid.py" line="275" name="test_quadrature_points_values[&lt;lambda&gt;29]" time="0.00047516822814941406"><skipped message="Suite splitting in effect" type="pytest.skip">src/pymortests/affine_grid.py:275: Suite splitting in effect</skipped></testcase><testcase classname="src.pymortests.affine_grid" file="src/pymortests/affine_grid.py" line="275" name="test_quadrature_points_values[&lt;lambda&gt;30]" time="0.00042319297790527344"><skipped message="Suite splitting in effect" type="pytest.skip">src/pymortests/affine_grid.py:275: Suite splitting in effect</skipped></testcase><testcase classname="src.pymortests.affine_grid" file="src/pymortests/affine_grid.py" line="275" name="test_quadrature_points_values[&lt;lambda&gt;31]" time="0.00045228004455566406"><skipped message="Suite splitting in effect" type="pytest.skip">src/pymortests/affine_grid.py:275: Suite splitting in effect</skipped></testcase><testcase classname="src.pymortests.affine_grid" file="src/pymortests/affine_grid.py" line="275" name="test_quadrature_points_values[&lt;lambda&gt;32]" time="0.0004341602325439453"><skipped message="Suite splitting in effect" type="pytest.skip">src/pymortests/affine_grid.py:275: Suite splitting in effect</skipped></testcase><testcase classname="src.pymortests.affine_grid" file="src/pymortests/affine_grid.py" line="275" name="test_quadrature_points_values[&lt;lambda&gt;33]" time="0.000415802001953125"><skipped message="Suite splitting in effect" type="pytest.skip">src/pymortests/affine_grid.py:275: Suite splitting in effect</skipped></testcase><testcase classname="src.pymortests.affine_grid" file="src/pymortests/affine_grid.py" line="275" name="test_quadrature_points_values[&lt;lambda&gt;34]" time="0.00041484832763671875"><skipped message="Suite splitting in effect" type="pytest.skip">src/pymortests/affine_grid.py:275: Suite splitting in effect</skipped></testcase><testcase classname="src.pymortests.affine_grid" file="src/pymortests/affine_grid.py" line="275" name="test_quadrature_points_values[&lt;lambda&gt;35]" time="0.0009546279907226562"><skipped message="Suite splitting in effect" type="pytest.skip">src/pymortests/affine_grid.py:275: Suite splitting in effect</skipped></testcase><testcase classname="src.pymortests.affine_grid" file="src/pymortests/affine_grid.py" line="275" name="test_quadrature_points_values[&lt;lambda&gt;36]" time="0.0004115104675292969"><skipped message="Suite splitting in effect" type="pytest.skip">src/pymortests/affine_grid.py:275: Suite splitting in effect</skipped></testcase><testcase classname="src.pymortests.affine_grid" file="src/pymortests/affine_grid.py" line="275" name="test_quadrature_points_values[&lt;lambda&gt;37]" time="0.00041747093200683594"><skipped message="Suite splitting in effect" type="pytest.skip">src/pymortests/affine_grid.py:275: Suite splitting in effect</skipped></testcase><testcase classname="src.pymortests.affine_grid" file="src/pymortests/affine_grid.py" line="275" name="test_quadrature_points_values[&lt;lambda&gt;38]" time="0.0004229545593261719"><skipped message="Suite splitting in effect" type="pytest.skip">src/pymortests/affine_grid.py:275: Suite splitting in effect</skipped></testcase><testcase classname="src.pymortests.affine_grid" file="src/pymortests/affine_grid.py" line="275" name="test_quadrature_points_values[&lt;lambda&gt;39]" time="0.0004394054412841797"><skipped message="Suite splitting in effect" type="pytest.skip">src/pymortests/affine_grid.py:275: Suite splitting in effect</skipped></testcase><testcase classname="src.pymortests.affine_grid" file="src/pymortests/affine_grid.py" line="275" name="test_quadrature_points_values[&lt;lambda&gt;40]" time="0.0004050731658935547"><skipped message="Suite splitting in effect" type="pytest.skip">src/pymortests/affine_grid.py:275: Suite splitting in effect</skipped></testcase><testcase classname="src.pymortests.affine_grid" file="src/pymortests/affine_grid.py" line="275" name="test_quadrature_points_values[&lt;lambda&gt;41]" time="0.0004673004150390625"><skipped message="Suite splitting in effect" type="pytest.skip">src/pymortests/affine_grid.py:275: Suite splitting in effect</skipped></testcase><testcase classname="src.pymortests.affine_grid" file="src/pymortests/affine_grid.py" line="275" name="test_quadrature_points_values[&lt;lambda&gt;42]" time="0.0004267692565917969"><skipped message="Suite splitting in effect" type="pytest.skip">src/pymortests/affine_grid.py:275: Suite splitting in effect</skipped></testcase><testcase classname="src.pymortests.affine_grid" file="src/pymortests/affine_grid.py" line="288" name="test_bounding_box[&lt;lambda&gt;0]" time="0.0007083415985107422"><skipped message="Suite splitting in effect" type="pytest.skip">src/pymortests/affine_grid.py:288: Suite splitting in effect</skipped></testcase><testcase classname="src.pymortests.affine_grid" file="src/pymortests/affine_grid.py" line="288" name="test_bounding_box[&lt;lambda&gt;1]" time="0.00044035911560058594"><skipped message="Suite splitting in effect" type="pytest.skip">src/pymortests/affine_grid.py:288: Suite splitting in effect</skipped></testcase><testcase classname="src.pymortests.affine_grid" file="src/pymortests/affine_grid.py" line="288" name="test_bounding_box[&lt;lambda&gt;2]" time="0.0004227161407470703"><skipped message="Suite splitting in effect" type="pytest.skip">src/pymortests/affine_grid.py:288: Suite splitting in effect</skipped></testcase><testcase classname="src.pymortests.affine_grid" file="src/pymortests/affine_grid.py" line="288" name="test_bounding_box[&lt;lambda&gt;3]" time="0.00042057037353515625"><skipped message="Suite splitting in effect" type="pytest.skip">src/pymortests/affine_grid.py:288: Suite splitting in effect</skipped></testcase><testcase classname="src.pymortests.affine_grid" file="src/pymortests/affine_grid.py" line="288" name="test_bounding_box[&lt;lambda&gt;4]" time="0.0004162788391113281"><skipped message="Suite splitting in effect" type="pytest.skip">src/pymortests/affine_grid.py:288: Suite splitting in effect</skipped></testcase><testcase classname="src.pymortests.affine_grid" file="src/pymortests/affine_grid.py" line="288" name="test_bounding_box[&lt;lambda&gt;5]" time="0.00040078163146972656"><skipped message="Suite splitting in effect" type="pytest.skip">src/pymortests/affine_grid.py:288: Suite splitting in effect</skipped></testcase><testcase classname="src.pymortests.affine_grid" file="src/pymortests/affine_grid.py" line="288" name="test_bounding_box[&lt;lambda&gt;6]" time="0.0004558563232421875"><skipped message="Suite splitting in effect" type="pytest.skip">src/pymortests/affine_grid.py:288: Suite splitting in effect</skipped></testcase><testcase classname="src.pymortests.affine_grid" file="src/pymortests/affine_grid.py" line="288" name="test_bounding_box[&lt;lambda&gt;7]" time="0.0004246234893798828"><skipped message="Suite splitting in effect" type="pytest.skip">src/pymortests/affine_grid.py:288: Suite splitting in effect</skipped></testcase><testcase classname="src.pymortests.affine_grid" file="src/pymortests/affine_grid.py" line="288" name="test_bounding_box[&lt;lambda&gt;8]" time="0.0006754398345947266"><skipped message="Suite splitting in effect" type="pytest.skip">src/pymortests/affine_grid.py:288: Suite splitting in effect</skipped></testcase><testcase classname="src.pymortests.affine_grid" file="src/pymortests/affine_grid.py" line="288" name="test_bounding_box[&lt;lambda&gt;9]" time="0.0004012584686279297"><skipped message="Suite splitting in effect" type="pytest.skip">src/pymortests/affine_grid.py:288: Suite splitting in effect</skipped></testcase><testcase classname="src.pymortests.affine_grid" file="src/pymortests/affine_grid.py" line="288" name="test_bounding_box[&lt;lambda&gt;10]" time="0.00043511390686035156"><skipped message="Suite splitting in effect" type="pytest.skip">src/pymortests/affine_grid.py:288: Suite splitting in effect</skipped></testcase><testcase classname="src.pymortests.affine_grid" file="src/pymortests/affine_grid.py" line="288" name="test_bounding_box[&lt;lambda&gt;11]" time="0.0004050731658935547"><skipped message="Suite splitting in effect" type="pytest.skip">src/pymortests/affine_grid.py:288: Suite splitting in effect</skipped></testcase><testcase classname="src.pymortests.affine_grid" file="src/pymortests/affine_grid.py" line="288" name="test_bounding_box[&lt;lambda&gt;12]" time="0.000438690185546875"><skipped message="Suite splitting in effect" type="pytest.skip">src/pymortests/affine_grid.py:288: Suite splitting in effect</skipped></testcase><testcase classname="src.pymortests.affine_grid" file="src/pymortests/affine_grid.py" line="288" name="test_bounding_box[&lt;lambda&gt;13]" time="0.000446319580078125"><skipped message="Suite splitting in effect" type="pytest.skip">src/pymortests/affine_grid.py:288: Suite splitting in effect</skipped></testcase><testcase classname="src.pymortests.affine_grid" file="src/pymortests/affine_grid.py" line="288" name="test_bounding_box[&lt;lambda&gt;14]" time="0.0004935264587402344"><skipped message="Suite splitting in effect" type="pytest.skip">src/pymortests/affine_grid.py:288: Suite splitting in effect</skipped></testcase><testcase classname="src.pymortests.affine_grid" file="src/pymortests/affine_grid.py" line="288" name="test_bounding_box[&lt;lambda&gt;15]" time="0.0004124641418457031"><skipped message="Suite splitting in effect" type="pytest.skip">src/pymortests/affine_grid.py:288: Suite splitting in effect</skipped></testcase><testcase classname="src.pymortests.affine_grid" file="src/pymortests/affine_grid.py" line="288" name="test_bounding_box[&lt;lambda&gt;16]" time="0.0007157325744628906"><skipped message="Suite splitting in effect" type="pytest.skip">src/pymortests/affine_grid.py:288: Suite splitting in effect</skipped></testcase><testcase classname="src.pymortests.affine_grid" file="src/pymortests/affine_grid.py" line="288" name="test_bounding_box[&lt;lambda&gt;17]" time="0.0004379749298095703"><skipped message="Suite splitting in effect" type="pytest.skip">src/pymortests/affine_grid.py:288: Suite splitting in effect</skipped></testcase><testcase classname="src.pymortests.affine_grid" file="src/pymortests/affine_grid.py" line="288" name="test_bounding_box[&lt;lambda&gt;18]" time="0.00041222572326660156"><skipped message="Suite splitting in effect" type="pytest.skip">src/pymortests/affine_grid.py:288: Suite splitting in effect</skipped></testcase><testcase classname="src.pymortests.affine_grid" file="src/pymortests/affine_grid.py" line="288" name="test_bounding_box[&lt;lambda&gt;19]" time="0.0004229545593261719"><skipped message="Suite splitting in effect" type="pytest.skip">src/pymortests/affine_grid.py:288: Suite splitting in effect</skipped></testcase><testcase classname="src.pymortests.affine_grid" file="src/pymortests/affine_grid.py" line="288" name="test_bounding_box[&lt;lambda&gt;20]" time="0.00041103363037109375"><skipped message="Suite splitting in effect" type="pytest.skip">src/pymortests/affine_grid.py:288: Suite splitting in effect</skipped></testcase><testcase classname="src.pymortests.affine_grid" file="src/pymortests/affine_grid.py" line="288" name="test_bounding_box[&lt;lambda&gt;21]" time="0.0004208087921142578"><skipped message="Suite splitting in effect" type="pytest.skip">src/pymortests/affine_grid.py:288: Suite splitting in effect</skipped></testcase><testcase classname="src.pymortests.affine_grid" file="src/pymortests/affine_grid.py" line="288" name="test_bounding_box[&lt;lambda&gt;22]" time="0.00041556358337402344"><skipped message="Suite splitting in effect" type="pytest.skip">src/pymortests/affine_grid.py:288: Suite splitting in effect</skipped></testcase><testcase classname="src.pymortests.affine_grid" file="src/pymortests/affine_grid.py" line="288" name="test_bounding_box[&lt;lambda&gt;23]" time="0.0004723072052001953"><skipped message="Suite splitting in effect" type="pytest.skip">src/pymortests/affine_grid.py:288: Suite splitting in effect</skipped></testcase><testcase classname="src.pymortests.affine_grid" file="src/pymortests/affine_grid.py" line="288" name="test_bounding_box[&lt;lambda&gt;24]" time="0.0007085800170898438"><skipped message="Suite splitting in effect" type="pytest.skip">src/pymortests/affine_grid.py:288: Suite splitting in effect</skipped></testcase><testcase classname="src.pymortests.affine_grid" file="src/pymortests/affine_grid.py" line="288" name="test_bounding_box[&lt;lambda&gt;25]" time="0.00041556358337402344"><skipped message="Suite splitting in effect" type="pytest.skip">src/pymortests/affine_grid.py:288: Suite splitting in effect</skipped></testcase><testcase classname="src.pymortests.affine_grid" file="src/pymortests/affine_grid.py" line="288" name="test_bounding_box[&lt;lambda&gt;26]" time="0.00043010711669921875"><skipped message="Suite splitting in effect" type="pytest.skip">src/pymortests/affine_grid.py:288: Suite splitting in effect</skipped></testcase><testcase classname="src.pymortests.affine_grid" file="src/pymortests/affine_grid.py" line="288" name="test_bounding_box[&lt;lambda&gt;27]" time="0.00041866302490234375"><skipped message="Suite splitting in effect" type="pytest.skip">src/pymortests/affine_grid.py:288: Suite splitting in effect</skipped></testcase><testcase classname="src.pymortests.affine_grid" file="src/pymortests/affine_grid.py" line="288" name="test_bounding_box[&lt;lambda&gt;28]" time="0.0004928112030029297"><skipped message="Suite splitting in effect" type="pytest.skip">src/pymortests/affine_grid.py:288: Suite splitting in effect</skipped></testcase><testcase classname="src.pymortests.affine_grid" file="src/pymortests/affine_grid.py" line="288" name="test_bounding_box[&lt;lambda&gt;29]" time="0.0004405975341796875"><skipped message="Suite splitting in effect" type="pytest.skip">src/pymortests/affine_grid.py:288: Suite splitting in effect</skipped></testcase><testcase classname="src.pymortests.affine_grid" file="src/pymortests/affine_grid.py" line="288" name="test_bounding_box[&lt;lambda&gt;30]" time="0.00041294097900390625"><skipped message="Suite splitting in effect" type="pytest.skip">src/pymortests/affine_grid.py:288: Suite splitting in effect</skipped></testcase><testcase classname="src.pymortests.affine_grid" file="src/pymortests/affine_grid.py" line="288" name="test_bounding_box[&lt;lambda&gt;31]" time="0.0004208087921142578"><skipped message="Suite splitting in effect" type="pytest.skip">src/pymortests/affine_grid.py:288: Suite splitting in effect</skipped></testcase><testcase classname="src.pymortests.affine_grid" file="src/pymortests/affine_grid.py" line="288" name="test_bounding_box[&lt;lambda&gt;32]" time="0.0006890296936035156"><skipped message="Suite splitting in effect" type="pytest.skip">src/pymortests/affine_grid.py:288: Suite splitting in effect</skipped></testcase><testcase classname="src.pymortests.affine_grid" file="src/pymortests/affine_grid.py" line="288" name="test_bounding_box[&lt;lambda&gt;33]" time="0.00042724609375"><skipped message="Suite splitting in effect" type="pytest.skip">src/pymortests/affine_grid.py:288: Suite splitting in effect</skipped></testcase><testcase classname="src.pymortests.affine_grid" file="src/pymortests/affine_grid.py" line="288" name="test_bounding_box[&lt;lambda&gt;34]" time="0.0004093647003173828"><skipped message="Suite splitting in effect" type="pytest.skip">src/pymortests/affine_grid.py:288: Suite splitting in effect</skipped></testcase><testcase classname="src.pymortests.affine_grid" file="src/pymortests/affine_grid.py" line="288" name="test_bounding_box[&lt;lambda&gt;35]" time="0.0004229545593261719"><skipped message="Suite splitting in effect" type="pytest.skip">src/pymortests/affine_grid.py:288: Suite splitting in effect</skipped></testcase><testcase classname="src.pymortests.affine_grid" file="src/pymortests/affine_grid.py" line="288" name="test_bounding_box[&lt;lambda&gt;36]" time="0.0004169940948486328"><skipped message="Suite splitting in effect" type="pytest.skip">src/pymortests/affine_grid.py:288: Suite splitting in effect</skipped></testcase><testcase classname="src.pymortests.affine_grid" file="src/pymortests/affine_grid.py" line="288" name="test_bounding_box[&lt;lambda&gt;37]" time="0.0004138946533203125"><skipped message="Suite splitting in effect" type="pytest.skip">src/pymortests/affine_grid.py:288: Suite splitting in effect</skipped></testcase><testcase classname="src.pymortests.affine_grid" file="src/pymortests/affine_grid.py" line="288" name="test_bounding_box[&lt;lambda&gt;38]" time="0.00041556358337402344"><skipped message="Suite splitting in effect" type="pytest.skip">src/pymortests/affine_grid.py:288: Suite splitting in effect</skipped></testcase><testcase classname="src.pymortests.affine_grid" file="src/pymortests/affine_grid.py" line="288" name="test_bounding_box[&lt;lambda&gt;39]" time="0.0004162788391113281"><skipped message="Suite splitting in effect" type="pytest.skip">src/pymortests/affine_grid.py:288: Suite splitting in effect</skipped></testcase><testcase classname="src.pymortests.affine_grid" file="src/pymortests/affine_grid.py" line="288" name="test_bounding_box[&lt;lambda&gt;40]" time="0.0006928443908691406"><skipped message="Suite splitting in effect" type="pytest.skip">src/pymortests/affine_grid.py:288: Suite splitting in effect</skipped></testcase><testcase classname="src.pymortests.affine_grid" file="src/pymortests/affine_grid.py" line="288" name="test_bounding_box[&lt;lambda&gt;41]" time="0.0004596710205078125"><skipped message="Suite splitting in effect" type="pytest.skip">src/pymortests/affine_grid.py:288: Suite splitting in effect</skipped></testcase><testcase classname="src.pymortests.affine_grid" file="src/pymortests/affine_grid.py" line="288" name="test_bounding_box[&lt;lambda&gt;42]" time="0.00041866302490234375"><skipped message="Suite splitting in effect" type="pytest.skip">src/pymortests/affine_grid.py:288: Suite splitting in effect</skipped></testcase><testcase classname="src.pymortests.affine_grid" file="src/pymortests/affine_grid.py" line="297" name="test_orthogonal_centers[&lt;lambda&gt;0]" time="0.00041294097900390625"><skipped message="Suite splitting in effect" type="pytest.skip">src/pymortests/affine_grid.py:297: Suite splitting in effect</skipped></testcase><testcase classname="src.pymortests.affine_grid" file="src/pymortests/affine_grid.py" line="297" name="test_orthogonal_centers[&lt;lambda&gt;1]" time="0.0004177093505859375"><skipped message="Suite splitting in effect" type="pytest.skip">src/pymortests/affine_grid.py:297: Suite splitting in effect</skipped></testcase><testcase classname="src.pymortests.affine_grid" file="src/pymortests/affine_grid.py" line="297" name="test_orthogonal_centers[&lt;lambda&gt;2]" time="0.00041484832763671875"><skipped message="Suite splitting in effect" type="pytest.skip">src/pymortests/affine_grid.py:297: Suite splitting in effect</skipped></testcase><testcase classname="src.pymortests.affine_grid" file="src/pymortests/affine_grid.py" line="297" name="test_orthogonal_centers[&lt;lambda&gt;3]" time="0.0004248619079589844"><skipped message="Suite splitting in effect" type="pytest.skip">src/pymortests/affine_grid.py:297: Suite splitting in effect</skipped></testcase><testcase classname="src.pymortests.affine_grid" file="src/pymortests/affine_grid.py" line="297" name="test_orthogonal_centers[&lt;lambda&gt;4]" time="0.0004868507385253906"><skipped message="Suite splitting in effect" type="pytest.skip">src/pymortests/affine_grid.py:297: Suite splitting in effect</skipped></testcase><testcase classname="src.pymortests.affine_grid" file="src/pymortests/affine_grid.py" line="297" name="test_orthogonal_centers[&lt;lambda&gt;5]" time="0.0006723403930664062"><skipped message="Suite splitting in effect" type="pytest.skip">src/pymortests/affine_grid.py:297: Suite splitting in effect</skipped></testcase><testcase classname="src.pymortests.affine_grid" file="src/pymortests/affine_grid.py" line="297" name="test_orthogonal_centers[&lt;lambda&gt;6]" time="0.00041794776916503906"><skipped message="Suite splitting in effect" type="pytest.skip">src/pymortests/affine_grid.py:297: Suite splitting in effect</skipped></testcase><testcase classname="src.pymortests.affine_grid" file="src/pymortests/affine_grid.py" line="297" name="test_orthogonal_centers[&lt;lambda&gt;7]" time="0.00041413307189941406"><skipped message="Suite splitting in effect" type="pytest.skip">src/pymortests/affine_grid.py:297: Suite splitting in effect</skipped></testcase><testcase classname="src.pymortests.affine_grid" file="src/pymortests/affine_grid.py" line="297" name="test_orthogonal_centers[&lt;lambda&gt;8]" time="0.0004754066467285156"><skipped message="Suite splitting in effect" type="pytest.skip">src/pymortests/affine_grid.py:297: Suite splitting in effect</skipped></testcase><testcase classname="src.pymortests.affine_grid" file="src/pymortests/affine_grid.py" line="297" name="test_orthogonal_centers[&lt;lambda&gt;9]" time="0.0004515647888183594"><skipped message="Suite splitting in effect" type="pytest.skip">src/pymortests/affine_grid.py:297: Suite splitting in effect</skipped></testcase><testcase classname="src.pymortests.affine_grid" file="src/pymortests/affine_grid.py" line="297" name="test_orthogonal_centers[&lt;lambda&gt;10]" time="0.00042700767517089844"><skipped message="Suite splitting in effect" type="pytest.skip">src/pymortests/affine_grid.py:297: Suite splitting in effect</skipped></testcase><testcase classname="src.pymortests.affine_grid" file="src/pymortests/affine_grid.py" line="297" name="test_orthogonal_centers[&lt;lambda&gt;11]" time="0.0004100799560546875"><skipped message="Suite splitting in effect" type="pytest.skip">src/pymortests/affine_grid.py:297: Suite splitting in effect</skipped></testcase><testcase classname="src.pymortests.affine_grid" file="src/pymortests/affine_grid.py" line="297" name="test_orthogonal_centers[&lt;lambda&gt;12]" time="0.00044655799865722656"><skipped message="Suite splitting in effect" type="pytest.skip">src/pymortests/affine_grid.py:297: Suite splitting in effect</skipped></testcase><testcase classname="src.pymortests.affine_grid" file="src/pymortests/affine_grid.py" line="297" name="test_orthogonal_centers[&lt;lambda&gt;13]" time="0.0007195472717285156"><skipped message="Suite splitting in effect" type="pytest.skip">src/pymortests/affine_grid.py:297: Suite splitting in effect</skipped></testcase><testcase classname="src.pymortests.affine_grid" file="src/pymortests/affine_grid.py" line="297" name="test_orthogonal_centers[&lt;lambda&gt;14]" time="0.0004241466522216797"><skipped message="Suite splitting in effect" type="pytest.skip">src/pymortests/affine_grid.py:297: Suite splitting in effect</skipped></testcase><testcase classname="src.pymortests.affine_grid" file="src/pymortests/affine_grid.py" line="297" name="test_orthogonal_centers[&lt;lambda&gt;15]" time="0.000415802001953125"><skipped message="Suite splitting in effect" type="pytest.skip">src/pymortests/affine_grid.py:297: Suite splitting in effect</skipped></testcase><testcase classname="src.pymortests.affine_grid" file="src/pymortests/affine_grid.py" line="297" name="test_orthogonal_centers[&lt;lambda&gt;16]" time="0.0004353523254394531"><skipped message="Suite splitting in effect" type="pytest.skip">src/pymortests/affine_grid.py:297: Suite splitting in effect</skipped></testcase><testcase classname="src.pymortests.affine_grid" file="src/pymortests/affine_grid.py" line="297" name="test_orthogonal_centers[&lt;lambda&gt;17]" time="0.0004112720489501953"><skipped message="Suite splitting in effect" type="pytest.skip">src/pymortests/affine_grid.py:297: Suite splitting in effect</skipped></testcase><testcase classname="src.pymortests.analyticalproblem" file="src/pymortests/analyticalproblem.py" line="8" name="test_pickle[analytical_problem0]" time="0.0004572868347167969"><skipped message="Suite splitting in effect" type="pytest.skip">src/pymortests/analyticalproblem.py:8: Suite splitting in effect</skipped></testcase><testcase classname="src.pymortests.analyticalproblem" file="src/pymortests/analyticalproblem.py" line="8" name="test_pickle[analytical_problem1]" time="0.0004329681396484375"><skipped message="Suite splitting in effect" type="pytest.skip">src/pymortests/analyticalproblem.py:8: Suite splitting in effect</skipped></testcase><testcase classname="src.pymortests.analyticalproblem" file="src/pymortests/analyticalproblem.py" line="8" name="test_pickle[analytical_problem2]" time="0.0004038810729980469"><skipped message="Suite splitting in effect" type="pytest.skip">src/pymortests/analyticalproblem.py:8: Suite splitting in effect</skipped></testcase><testcase classname="src.pymortests.analyticalproblem" file="src/pymortests/analyticalproblem.py" line="8" name="test_pickle[analytical_problem3]" time="0.0007524490356445312"><skipped message="Suite splitting in effect" type="pytest.skip">src/pymortests/analyticalproblem.py:8: Suite splitting in effect</skipped></testcase><testcase classname="src.pymortests.analyticalproblem" file="src/pymortests/analyticalproblem.py" line="8" name="test_pickle[analytical_problem4]" time="0.0004494190216064453"><skipped message="Suite splitting in effect" type="pytest.skip">src/pymortests/analyticalproblem.py:8: Suite splitting in effect</skipped></testcase><testcase classname="src.pymortests.analyticalproblem" file="src/pymortests/analyticalproblem.py" line="8" name="test_pickle[analytical_problem5]" time="0.00043320655822753906"><skipped message="Suite splitting in effect" type="pytest.skip">src/pymortests/analyticalproblem.py:8: Suite splitting in effect</skipped></testcase><testcase classname="src.pymortests.analyticalproblem" file="src/pymortests/analyticalproblem.py" line="8" name="test_pickle[analytical_problem6]" time="0.00042128562927246094"><skipped message="Suite splitting in effect" type="pytest.skip">src/pymortests/analyticalproblem.py:8: Suite splitting in effect</skipped></testcase><testcase classname="src.pymortests.analyticalproblem" file="src/pymortests/analyticalproblem.py" line="8" name="test_pickle[analytical_problem7]" time="0.0004305839538574219"><skipped message="Suite splitting in effect" type="pytest.skip">src/pymortests/analyticalproblem.py:8: Suite splitting in effect</skipped></testcase><testcase classname="src.pymortests.analyticalproblem" file="src/pymortests/analyticalproblem.py" line="8" name="test_pickle[analytical_problem8]" time="0.00040793418884277344"><skipped message="Suite splitting in effect" type="pytest.skip">src/pymortests/analyticalproblem.py:8: Suite splitting in effect</skipped></testcase><testcase classname="src.pymortests.analyticalproblem" file="src/pymortests/analyticalproblem.py" line="8" name="test_pickle[analytical_problem9]" time="0.0004699230194091797"><skipped message="Suite splitting in effect" type="pytest.skip">src/pymortests/analyticalproblem.py:8: Suite splitting in effect</skipped></testcase><testcase classname="src.pymortests.analyticalproblem" file="src/pymortests/analyticalproblem.py" line="8" name="test_pickle[analytical_problem10]" time="0.0004222393035888672"><skipped message="Suite splitting in effect" type="pytest.skip">src/pymortests/analyticalproblem.py:8: Suite splitting in effect</skipped></testcase><testcase classname="src.pymortests.analyticalproblem" file="src/pymortests/analyticalproblem.py" line="8" name="test_pickle[analytical_problem11]" time="0.0007283687591552734"><skipped message="Suite splitting in effect" type="pytest.skip">src/pymortests/analyticalproblem.py:8: Suite splitting in effect</skipped></testcase><testcase classname="src.pymortests.analyticalproblem" file="src/pymortests/analyticalproblem.py" line="8" name="test_pickle[analytical_problem12]" time="0.00043201446533203125"><skipped message="Suite splitting in effect" type="pytest.skip">src/pymortests/analyticalproblem.py:8: Suite splitting in effect</skipped></testcase><testcase classname="src.pymortests.analyticalproblem" file="src/pymortests/analyticalproblem.py" line="8" name="test_pickle[analytical_problem13]" time="0.0004763603210449219"><skipped message="Suite splitting in effect" type="pytest.skip">src/pymortests/analyticalproblem.py:8: Suite splitting in effect</skipped></testcase><testcase classname="src.pymortests.analyticalproblem" file="src/pymortests/analyticalproblem.py" line="8" name="test_pickle[analytical_problem14]" time="0.0004227161407470703"><skipped message="Suite splitting in effect" type="pytest.skip">src/pymortests/analyticalproblem.py:8: Suite splitting in effect</skipped></testcase><testcase classname="src.pymortests.analyticalproblem" file="src/pymortests/analyticalproblem.py" line="8" name="test_pickle[analytical_problem15]" time="0.0004169940948486328"><skipped message="Suite splitting in effect" type="pytest.skip">src/pymortests/analyticalproblem.py:8: Suite splitting in effect</skipped></testcase><testcase classname="src.pymortests.analyticalproblem" file="src/pymortests/analyticalproblem.py" line="12" name="test_pickle_without_dumps_function[picklable_analytical_problem0]" time="0.0004067420959472656"><skipped message="Suite splitting in effect" type="pytest.skip">src/pymortests/analyticalproblem.py:12: Suite splitting in effect</skipped></testcase><testcase classname="src.pymortests.analyticalproblem" file="src/pymortests/analyticalproblem.py" line="12" name="test_pickle_without_dumps_function[picklable_analytical_problem1]" time="0.0004391670227050781"><skipped message="Suite splitting in effect" type="pytest.skip">src/pymortests/analyticalproblem.py:12: Suite splitting in effect</skipped></testcase><testcase classname="src.pymortests.analyticalproblem" file="src/pymortests/analyticalproblem.py" line="12" name="test_pickle_without_dumps_function[picklable_analytical_problem2]" time="0.00044655799865722656"><skipped message="Suite splitting in effect" type="pytest.skip">src/pymortests/analyticalproblem.py:12: Suite splitting in effect</skipped></testcase><testcase classname="src.pymortests.analyticalproblem" file="src/pymortests/analyticalproblem.py" line="12" name="test_pickle_without_dumps_function[picklable_analytical_problem3]" time="0.0007040500640869141"><skipped message="Suite splitting in effect" type="pytest.skip">src/pymortests/analyticalproblem.py:12: Suite splitting in effect</skipped></testcase><testcase classname="src.pymortests.analyticalproblem" file="src/pymortests/analyticalproblem.py" line="12" name="test_pickle_without_dumps_function[picklable_analytical_problem4]" time="0.0004172325134277344"><skipped message="Suite splitting in effect" type="pytest.skip">src/pymortests/analyticalproblem.py:12: Suite splitting in effect</skipped></testcase><testcase classname="src.pymortests.analyticalproblem" file="src/pymortests/analyticalproblem.py" line="12" name="test_pickle_without_dumps_function[picklable_analytical_problem5]" time="0.0004661083221435547"><skipped message="Suite splitting in effect" type="pytest.skip">src/pymortests/analyticalproblem.py:12: Suite splitting in effect</skipped></testcase><testcase classname="src.pymortests.analyticalproblem" file="src/pymortests/analyticalproblem.py" line="12" name="test_pickle_without_dumps_function[picklable_analytical_problem6]" time="0.0004057884216308594"><skipped message="Suite splitting in effect" type="pytest.skip">src/pymortests/analyticalproblem.py:12: Suite splitting in effect</skipped></testcase><testcase classname="src.pymortests.analyticalproblem" file="src/pymortests/analyticalproblem.py" line="12" name="test_pickle_without_dumps_function[picklable_analytical_problem7]" time="0.0004115104675292969"><skipped message="Suite splitting in effect" type="pytest.skip">src/pymortests/analyticalproblem.py:12: Suite splitting in effect</skipped></testcase><testcase classname="src.pymortests.analyticalproblem" file="src/pymortests/analyticalproblem.py" line="12" name="test_pickle_without_dumps_function[picklable_analytical_problem8]" time="0.0004017353057861328"><skipped message="Suite splitting in effect" type="pytest.skip">src/pymortests/analyticalproblem.py:12: Suite splitting in effect</skipped></testcase><testcase classname="src.pymortests.analyticalproblem" file="src/pymortests/analyticalproblem.py" line="12" name="test_pickle_without_dumps_function[picklable_analytical_problem9]" time="0.00043582916259765625"><skipped message="Suite splitting in effect" type="pytest.skip">src/pymortests/analyticalproblem.py:12: Suite splitting in effect</skipped></testcase><testcase classname="src.pymortests.analyticalproblem" file="src/pymortests/analyticalproblem.py" line="12" name="test_pickle_without_dumps_function[picklable_analytical_problem10]" time="0.000507354736328125"><skipped message="Suite splitting in effect" type="pytest.skip">src/pymortests/analyticalproblem.py:12: Suite splitting in effect</skipped></testcase><testcase classname="src.pymortests.analyticalproblem" file="src/pymortests/analyticalproblem.py" line="12" name="test_pickle_without_dumps_function[picklable_analytical_problem11]" time="0.0008833408355712891"><skipped message="Suite splitting in effect" type="pytest.skip">src/pymortests/analyticalproblem.py:12: Suite splitting in effect</skipped></testcase><testcase classname="src.pymortests.basic" file="src/pymortests/basic.py" line="5" name="test_importable" time="0.0004730224609375"><skipped message="Suite splitting in effect" type="pytest.skip">src/pymortests/basic.py:5: Suite splitting in effect</skipped></testcase><testcase classname="src.pymortests.block" file="src/pymortests/block.py" line="13" name="test_apply" time="0.0004787445068359375"><skipped message="Suite splitting in effect" type="pytest.skip">src/pymortests/block.py:13: Suite splitting in effect</skipped></testcase><testcase classname="src.pymortests.block" file="src/pymortests/block.py" line="39" name="test_apply_adjoint" time="0.0004296302795410156"><skipped message="Suite splitting in effect" type="pytest.skip">src/pymortests/block.py:39: Suite splitting in effect</skipped></testcase><testcase classname="src.pymortests.block" file="src/pymortests/block.py" line="65" name="test_block_diagonal" time="0.00045609474182128906"><skipped message="Suite splitting in effect" type="pytest.skip">src/pymortests/block.py:65: Suite splitting in effect</skipped></testcase><testcase classname="src.pymortests.block" file="src/pymortests/block.py" line="76" name="test_blk_diag_apply_inverse" time="0.00043201446533203125"><skipped message="Suite splitting in effect" type="pytest.skip">src/pymortests/block.py:76: Suite splitting in effect</skipped></testcase><testcase classname="src.pymortests.block" file="src/pymortests/block.py" line="98" name="test_blk_diag_apply_inverse_adjoint" time="0.00043272972106933594"><skipped message="Suite splitting in effect" type="pytest.skip">src/pymortests/block.py:98: Suite splitting in effect</skipped></testcase><testcase classname="src.pymortests.cache.TestCache" file="src/pymortests/cache.py" line="57" name="test_runtime" time="0.0005295276641845703"><skipped message="Suite splitting in effect" type="pytest.skip">src/pymortests/cache.py:57: Suite splitting in effect</skipped></testcase><testcase classname="src.pymortests.cache.TestCache" file="src/pymortests/cache.py" line="83" name="test_region_api" time="0.0006988048553466797"><skipped message="Suite splitting in effect" type="pytest.skip">src/pymortests/cache.py:83: Suite splitting in effect</skipped></testcase><testcase classname="src.pymortests.complex_values" file="src/pymortests/complex_values.py" line="10" name="test_complex" time="0.00047206878662109375"><skipped message="Suite splitting in effect" type="pytest.skip">src/pymortests/complex_values.py:10: Suite splitting in effect</skipped></testcase><testcase classname="src.pymortests.complex_values" file="src/pymortests/complex_values.py" line="64" name="test_real_imag" time="0.0004329681396484375"><skipped message="Suite splitting in effect" type="pytest.skip">src/pymortests/complex_values.py:64: Suite splitting in effect</skipped></testcase><testcase classname="src.pymortests.complex_values" file="src/pymortests/complex_values.py" line="81" name="test_scal" time="0.0004172325134277344"><skipped message="Suite splitting in effect" type="pytest.skip">src/pymortests/complex_values.py:81: Suite splitting in effect</skipped></testcase><testcase classname="src.pymortests.complex_values" file="src/pymortests/complex_values.py" line="94" name="test_axpy" time="0.0004093647003173828"><skipped message="Suite splitting in effect" type="pytest.skip">src/pymortests/complex_values.py:94: Suite splitting in effect</skipped></testcase><testcase classname="src.pymortests.complex_values" file="src/pymortests/complex_values.py" line="106" name="test_dot" time="0.00043892860412597656"><skipped message="Suite splitting in effect" type="pytest.skip">src/pymortests/complex_values.py:106: Suite splitting in effect</skipped></testcase><testcase classname="src.pymortests.complex_values" file="src/pymortests/complex_values.py" line="113" name="test_pairwise_dot" time="0.0004222393035888672"><skipped message="Suite splitting in effect" type="pytest.skip">src/pymortests/complex_values.py:113: Suite splitting in effect</skipped></testcase><testcase classname="src.pymortests.demos" file="src/pymortests/demos.py" line="175" name="test_demos[elliptic:&apos;0 0 0 0&apos;]" time="0.0005018711090087891"><skipped message="Suite splitting in effect" type="pytest.skip">src/pymortests/demos.py:175: Suite splitting in effect</skipped></testcase><testcase classname="src.pymortests.demos" file="src/pymortests/demos.py" line="175" name="test_demos[elliptic:&apos;1 2 0 3&apos;]" time="0.0006711483001708984"><skipped message="Suite splitting in effect" type="pytest.skip">src/pymortests/demos.py:175: Suite splitting in effect</skipped></testcase><testcase classname="src.pymortests.demos" file="src/pymortests/demos.py" line="175" name="test_demos[elliptic:&apos;--rect 1 2 0 3&apos;]" time="0.0004258155822753906"><skipped message="Suite splitting in effect" type="pytest.skip">src/pymortests/demos.py:175: Suite splitting in effect</skipped></testcase><testcase classname="src.pymortests.demos" file="src/pymortests/demos.py" line="175" name="test_demos[elliptic:&apos;0 0 2 1&apos;]" time="0.0004138946533203125"><skipped message="Suite splitting in effect" type="pytest.skip">src/pymortests/demos.py:175: Suite splitting in effect</skipped></testcase><testcase classname="src.pymortests.demos" file="src/pymortests/demos.py" line="175" name="test_demos[elliptic:&apos;--fv 0 0 0 0&apos;]" time="0.00042700767517089844"><skipped message="Suite splitting in effect" type="pytest.skip">src/pymortests/demos.py:175: Suite splitting in effect</skipped></testcase><testcase classname="src.pymortests.demos" file="src/pymortests/demos.py" line="175" name="test_demos[elliptic:&apos;--fv 1 2 0 3&apos;]" time="0.0004584789276123047"><skipped message="Suite splitting in effect" type="pytest.skip">src/pymortests/demos.py:175: Suite splitting in effect</skipped></testcase><testcase classname="src.pymortests.demos" file="src/pymortests/demos.py" line="175" name="test_demos[elliptic:&apos;--fv --rect 1 2 0 3&apos;]" time="0.00041604042053222656"><skipped message="Suite splitting in effect" type="pytest.skip">src/pymortests/demos.py:175: Suite splitting in effect</skipped></testcase><testcase classname="src.pymortests.demos" file="src/pymortests/demos.py" line="175" name="test_demos[elliptic:&apos;--fv 0 0 2 1&apos;]" time="0.00041604042053222656"><skipped message="Suite splitting in effect" type="pytest.skip">src/pymortests/demos.py:175: Suite splitting in effect</skipped></testcase><testcase classname="src.pymortests.demos" file="src/pymortests/demos.py" line="175" name="test_demos[elliptic2:&apos;1 20&apos;]" time="0.0004405975341796875"><skipped message="Suite splitting in effect" type="pytest.skip">src/pymortests/demos.py:175: Suite splitting in effect</skipped></testcase><testcase classname="src.pymortests.demos" file="src/pymortests/demos.py" line="175" name="test_demos[elliptic2:&apos;--fv 1 20&apos;]" time="0.0006852149963378906"><skipped message="Suite splitting in effect" type="pytest.skip">src/pymortests/demos.py:175: Suite splitting in effect</skipped></testcase><testcase classname="src.pymortests.demos" file="src/pymortests/demos.py" line="175" name="test_demos[elliptic_oned:&apos;1 20&apos;]" time="0.00040721893310546875"><skipped message="Suite splitting in effect" type="pytest.skip">src/pymortests/demos.py:175: Suite splitting in effect</skipped></testcase><testcase classname="src.pymortests.demos" file="src/pymortests/demos.py" line="175" name="test_demos[elliptic_oned:&apos;--fv 1 20&apos;]" time="0.00045990943908691406"><skipped message="Suite splitting in effect" type="pytest.skip">src/pymortests/demos.py:175: Suite splitting in effect</skipped></testcase><testcase classname="src.pymortests.demos" file="src/pymortests/demos.py" line="175" name="test_demos[burgers:&apos;--num-flux=lax_friedrichs 0.1&apos;]" time="0.0004239082336425781"><skipped message="Suite splitting in effect" type="pytest.skip">src/pymortests/demos.py:175: Suite splitting in effect</skipped></testcase><testcase classname="src.pymortests.demos" file="src/pymortests/demos.py" line="175" name="test_demos[burgers:&apos;--num-flux=engquist_osher 0.1&apos;]" time="0.0004069805145263672"><skipped message="Suite splitting in effect" type="pytest.skip">src/pymortests/demos.py:175: Suite splitting in effect</skipped></testcase><testcase classname="src.pymortests.demos" file="src/pymortests/demos.py" line="175" name="test_demos[burgers:&apos;--num-flux=simplified_engquist_osher 0.1&apos;]" time="0.00042748451232910156"><skipped message="Suite splitting in effect" type="pytest.skip">src/pymortests/demos.py:175: Suite splitting in effect</skipped></testcase><testcase classname="src.pymortests.demos" file="src/pymortests/demos.py" line="175" name="test_demos[parabolic:&apos;heat 1&apos;]" time="0.0004291534423828125"><skipped message="Suite splitting in effect" type="pytest.skip">src/pymortests/demos.py:175: Suite splitting in effect</skipped></testcase><testcase classname="src.pymortests.demos" file="src/pymortests/demos.py" line="175" name="test_demos[parabolic:&apos;heat --rect 1&apos;]" time="0.00044846534729003906"><skipped message="Suite splitting in effect" type="pytest.skip">src/pymortests/demos.py:175: Suite splitting in effect</skipped></testcase><testcase classname="src.pymortests.demos" file="src/pymortests/demos.py" line="175" name="test_demos[parabolic:&apos;heat --fv 1&apos;]" time="0.0006761550903320312"><skipped message="Suite splitting in effect" type="pytest.skip">src/pymortests/demos.py:175: Suite splitting in effect</skipped></testcase><testcase classname="src.pymortests.demos" file="src/pymortests/demos.py" line="175" name="test_demos[parabolic:&apos;heat --rect --fv 1&apos;]" time="0.00043082237243652344"><skipped message="Suite splitting in effect" type="pytest.skip">src/pymortests/demos.py:175: Suite splitting in effect</skipped></testcase><testcase classname="src.pymortests.demos" file="src/pymortests/demos.py" line="175" name="test_demos[parabolic:&apos;dar 1&apos;]" time="0.0004253387451171875"><skipped message="Suite splitting in effect" type="pytest.skip">src/pymortests/demos.py:175: Suite splitting in effect</skipped></testcase><testcase classname="src.pymortests.demos" file="src/pymortests/demos.py" line="175" name="test_demos[parabolic:&apos;dar --rect 1&apos;]" time="0.0004246234893798828"><skipped message="Suite splitting in effect" type="pytest.skip">src/pymortests/demos.py:175: Suite splitting in effect</skipped></testcase><testcase classname="src.pymortests.demos" file="src/pymortests/demos.py" line="175" name="test_demos[elliptic_unstructured:&apos;6.0 16 0.1&apos;]" time="0.0004367828369140625"><skipped message="Suite splitting in effect" type="pytest.skip">src/pymortests/demos.py:175: Suite splitting in effect</skipped></testcase><testcase classname="src.pymortests.demos" file="src/pymortests/demos.py" line="175" name="test_demos[thermalblock:&apos;--plot-solutions --plot-err --plot-error-sequence 2 2 3 5&apos;]" time="0.0004241466522216797"><skipped message="Suite splitting in effect" type="pytest.skip">src/pymortests/demos.py:175: Suite splitting in effect</skipped></testcase><testcase classname="src.pymortests.demos" file="src/pymortests/demos.py" line="175" name="test_demos[thermalblock:&apos;--fenics 2 2 3 5&apos;]" time="0.0004215240478515625"><skipped message="Suite splitting in effect" type="pytest.skip">src/pymortests/demos.py:175: Suite splitting in effect</skipped></testcase><testcase classname="src.pymortests.demos" file="src/pymortests/demos.py" line="175" name="test_demos[thermalblock:&apos;--greedy-without-estimator 3 1 2 5&apos;]" time="0.000431060791015625"><skipped message="Suite splitting in effect" type="pytest.skip">src/pymortests/demos.py:175: Suite splitting in effect</skipped></testcase><testcase classname="src.pymortests.demos" file="src/pymortests/demos.py" line="175" name="test_demos[thermalblock:&apos;--alg=pod 2 2 3 5&apos;]" time="0.0007314682006835938"><skipped message="Suite splitting in effect" type="pytest.skip">src/pymortests/demos.py:175: Suite splitting in effect</skipped></testcase><testcase classname="src.pymortests.demos" file="src/pymortests/demos.py" line="175" name="test_demos[thermalblock:&apos;--alg=adaptive_greedy 2 2 10 30&apos;]" time="0.00041747093200683594"><skipped message="Suite splitting in effect" type="pytest.skip">src/pymortests/demos.py:175: Suite splitting in effect</skipped></testcase><testcase classname="src.pymortests.demos" file="src/pymortests/demos.py" line="175" name="test_demos[thermalblock:&apos;--alg=naive --reductor=traditional 2 2 10 5&apos;]" time="0.0004324913024902344"><skipped message="Suite splitting in effect" type="pytest.skip">src/pymortests/demos.py:175: Suite splitting in effect</skipped></testcase><testcase classname="src.pymortests.demos" file="src/pymortests/demos.py" line="175" name="test_demos[thermalblock_adaptive:&apos;10&apos;]" time="0.00041866302490234375"><skipped message="Suite splitting in effect" type="pytest.skip">src/pymortests/demos.py:175: Suite splitting in effect</skipped></testcase><testcase classname="src.pymortests.demos" file="src/pymortests/demos.py" line="175" name="test_demos[thermalblock_adaptive:&apos;--no-visualize-refinement 10&apos;]" time="0.00043964385986328125"><skipped message="Suite splitting in effect" type="pytest.skip">src/pymortests/demos.py:175: Suite splitting in effect</skipped></testcase><testcase classname="src.pymortests.demos" file="src/pymortests/demos.py" line="175" name="test_demos[thermalblock_simple:&apos;pymor naive 2 10 10&apos;]" time="0.0004341602325439453"><skipped message="Suite splitting in effect" type="pytest.skip">src/pymortests/demos.py:175: Suite splitting in effect</skipped></testcase><testcase classname="src.pymortests.demos" file="src/pymortests/demos.py" line="175" name="test_demos[thermalblock_simple:&apos;fenics greedy 2 10 10&apos;]" time="0.0004215240478515625"><skipped message="Suite splitting in effect" type="pytest.skip">src/pymortests/demos.py:175: Suite splitting in effect</skipped></testcase><testcase classname="src.pymortests.demos" file="src/pymortests/demos.py" line="175" name="test_demos[thermalblock_simple:&apos;ngsolve greedy 2 10 10&apos;]" time="0.0004565715789794922"><skipped message="Suite splitting in effect" type="pytest.skip">src/pymortests/demos.py:175: Suite splitting in effect</skipped></testcase><testcase classname="src.pymortests.demos" file="src/pymortests/demos.py" line="175" name="test_demos[thermalblock_simple:&apos;pymor-text adaptive_greedy -1 3 3&apos;]" time="0.000751495361328125"><skipped message="Suite splitting in effect" type="pytest.skip">src/pymortests/demos.py:175: Suite splitting in effect</skipped></testcase><testcase classname="src.pymortests.demos" file="src/pymortests/demos.py" line="175" name="test_demos[thermalblock_gui:&apos;--testing 2 2 3 5&apos;]" time="0.0004055500030517578"><skipped message="Suite splitting in effect" type="pytest.skip">src/pymortests/demos.py:175: Suite splitting in effect</skipped></testcase><testcase classname="src.pymortests.demos" file="src/pymortests/demos.py" line="175" name="test_demos[burgers_ei:&apos;1 2 2 5 2 5 --plot-ei-err&apos;]" time="0.00042366981506347656"><skipped message="Suite splitting in effect" type="pytest.skip">src/pymortests/demos.py:175: Suite splitting in effect</skipped></testcase><testcase classname="src.pymortests.demos" file="src/pymortests/demos.py" line="175" name="test_demos[burgers_ei:&apos;1 2 2 5 2 5 --ei-alg=deim&apos;]" time="0.00043082237243652344"><skipped message="Suite splitting in effect" type="pytest.skip">src/pymortests/demos.py:175: Suite splitting in effect</skipped></testcase><testcase classname="src.pymortests.demos" file="src/pymortests/demos.py" line="175" name="test_demos[parabolic_mor:&apos;pymor greedy 2 3 1&apos;]" time="0.0004322528839111328"><skipped message="Suite splitting in effect" type="pytest.skip">src/pymortests/demos.py:175: Suite splitting in effect</skipped></testcase><testcase classname="src.pymortests.demos" file="src/pymortests/demos.py" line="175" name="test_demos[parabolic_mor:&apos;pymor pod 2 3 1&apos;]" time="0.0004134178161621094"><skipped message="Suite splitting in effect" type="pytest.skip">src/pymortests/demos.py:175: Suite splitting in effect</skipped></testcase><testcase classname="src.pymortests.demos" file="src/pymortests/demos.py" line="175" name="test_demos[parabolic_mor:&apos;fenics adaptive_greedy 2 3 1&apos;]" time="0.00042748451232910156"><skipped message="Suite splitting in effect" type="pytest.skip">src/pymortests/demos.py:175: Suite splitting in effect</skipped></testcase><testcase classname="src.pymortests.demos" file="src/pymortests/demos.py" line="175" name="test_demos[heat:&apos;&apos;]" time="0.0004558563232421875"><skipped message="Suite splitting in effect" type="pytest.skip">src/pymortests/demos.py:175: Suite splitting in effect</skipped></testcase><testcase classname="src.pymortests.demos" file="src/pymortests/demos.py" line="175" name="test_demos[delay:&apos;&apos;]" time="0.0007722377777099609"><skipped message="Suite splitting in effect" type="pytest.skip">src/pymortests/demos.py:175: Suite splitting in effect</skipped></testcase><testcase classname="src.pymortests.demos" file="src/pymortests/demos.py" line="175" name="test_demos[string_equation:&apos;&apos;]" time="0.0004391670227050781"><skipped message="Suite splitting in effect" type="pytest.skip">src/pymortests/demos.py:175: Suite splitting in effect</skipped></testcase><testcase classname="src.pymortests.demos" file="src/pymortests/demos.py" line="175" name="test_demos[hapod:&apos;--snap=3 0.01 10 100&apos;]" time="0.00044417381286621094"><skipped message="Suite splitting in effect" type="pytest.skip">src/pymortests/demos.py:175: Suite splitting in effect</skipped></testcase><testcase classname="src.pymortests.demos" file="src/pymortests/demos.py" line="175" name="test_demos[hapod:&apos;--snap=3 --threads=2 0.01 10 100&apos;]" time="0.00041604042053222656"><skipped message="Suite splitting in effect" type="pytest.skip">src/pymortests/demos.py:175: Suite splitting in effect</skipped></testcase><testcase classname="src.pymortests.demos" file="src/pymortests/demos.py" line="175" name="test_demos[hapod:&apos;--snap=3 --procs=2 0.01 10 100&apos;]" time="0.00041794776916503906"><skipped message="Suite splitting in effect" type="pytest.skip">src/pymortests/demos.py:175: Suite splitting in effect</skipped></testcase><testcase classname="src.pymortests.demos" file="src/pymortests/demos.py" line="181" name="test_analyze_pickle1" time="0.00043654441833496094"><skipped message="Suite splitting in effect" type="pytest.skip">src/pymortests/demos.py:181: Suite splitting in effect</skipped></testcase><testcase classname="src.pymortests.demos" file="src/pymortests/demos.py" line="191" name="test_analyze_pickle2" time="0.00041866302490234375"><skipped message="Suite splitting in effect" type="pytest.skip">src/pymortests/demos.py:191: Suite splitting in effect</skipped></testcase><testcase classname="src.pymortests.demos" file="src/pymortests/demos.py" line="202" name="test_analyze_pickle3" time="0.00044465065002441406"><skipped message="Suite splitting in effect" type="pytest.skip">src/pymortests/demos.py:202: Suite splitting in effect</skipped></testcase><testcase classname="src.pymortests.demos" file="src/pymortests/demos.py" line="213" name="test_analyze_pickle4" time="0.0007064342498779297"><skipped message="Suite splitting in effect" type="pytest.skip">src/pymortests/demos.py:213: Suite splitting in effect</skipped></testcase><testcase classname="src.pymortests.demos" file="src/pymortests/demos.py" line="223" name="test_thermalblock_ipython[elliptic:&apos;0 0 0 0&apos;]" time="0.0004754066467285156"><skipped message="Suite splitting in effect" type="pytest.skip">src/pymortests/demos.py:223: Suite splitting in effect</skipped></testcase><testcase classname="src.pymortests.demos" file="src/pymortests/demos.py" line="223" name="test_thermalblock_ipython[elliptic:&apos;1 2 0 3&apos;]" time="0.0004253387451171875"><skipped message="Suite splitting in effect" type="pytest.skip">src/pymortests/demos.py:223: Suite splitting in effect</skipped></testcase><testcase classname="src.pymortests.demos" file="src/pymortests/demos.py" line="223" name="test_thermalblock_ipython[elliptic:&apos;--rect 1 2 0 3&apos;]" time="0.00044035911560058594"><skipped message="Suite splitting in effect" type="pytest.skip">src/pymortests/demos.py:223: Suite splitting in effect</skipped></testcase><testcase classname="src.pymortests.demos" file="src/pymortests/demos.py" line="223" name="test_thermalblock_ipython[elliptic:&apos;0 0 2 1&apos;]" time="0.00043463706970214844"><skipped message="Suite splitting in effect" type="pytest.skip">src/pymortests/demos.py:223: Suite splitting in effect</skipped></testcase><testcase classname="src.pymortests.demos" file="src/pymortests/demos.py" line="223" name="test_thermalblock_ipython[elliptic:&apos;--fv 0 0 0 0&apos;]" time="0.00042724609375"><skipped message="Suite splitting in effect" type="pytest.skip">src/pymortests/demos.py:223: Suite splitting in effect</skipped></testcase><testcase classname="src.pymortests.demos" file="src/pymortests/demos.py" line="223" name="test_thermalblock_ipython[elliptic:&apos;--fv 1 2 0 3&apos;]" time="0.0004210472106933594"><skipped message="Suite splitting in effect" type="pytest.skip">src/pymortests/demos.py:223: Suite splitting in effect</skipped></testcase><testcase classname="src.pymortests.demos" file="src/pymortests/demos.py" line="223" name="test_thermalblock_ipython[elliptic:&apos;--fv --rect 1 2 0 3&apos;]" time="0.000545501708984375"><skipped message="Suite splitting in effect" type="pytest.skip">src/pymortests/demos.py:223: Suite splitting in effect</skipped></testcase><testcase classname="src.pymortests.demos" file="src/pymortests/demos.py" line="223" name="test_thermalblock_ipython[elliptic:&apos;--fv 0 0 2 1&apos;]" time="0.0007197856903076172"><skipped message="Suite splitting in effect" type="pytest.skip">src/pymortests/demos.py:223: Suite splitting in effect</skipped></testcase><testcase classname="src.pymortests.demos" file="src/pymortests/demos.py" line="223" name="test_thermalblock_ipython[elliptic2:&apos;1 20&apos;]" time="0.0004286766052246094"><skipped message="Suite splitting in effect" type="pytest.skip">src/pymortests/demos.py:223: Suite splitting in effect</skipped></testcase><testcase classname="src.pymortests.demos" file="src/pymortests/demos.py" line="223" name="test_thermalblock_ipython[elliptic2:&apos;--fv 1 20&apos;]" time="0.00045037269592285156"><skipped message="Suite splitting in effect" type="pytest.skip">src/pymortests/demos.py:223: Suite splitting in effect</skipped></testcase><testcase classname="src.pymortests.demos" file="src/pymortests/demos.py" line="223" name="test_thermalblock_ipython[elliptic_oned:&apos;1 20&apos;]" time="0.0004298686981201172"><skipped message="Suite splitting in effect" type="pytest.skip">src/pymortests/demos.py:223: Suite splitting in effect</skipped></testcase><testcase classname="src.pymortests.demos" file="src/pymortests/demos.py" line="223" name="test_thermalblock_ipython[elliptic_oned:&apos;--fv 1 20&apos;]" time="0.0004584789276123047"><skipped message="Suite splitting in effect" type="pytest.skip">src/pymortests/demos.py:223: Suite splitting in effect</skipped></testcase><testcase classname="src.pymortests.demos" file="src/pymortests/demos.py" line="223" name="test_thermalblock_ipython[burgers:&apos;--num-flux=lax_friedrichs 0.1&apos;]" time="0.0004467964172363281"><skipped message="Suite splitting in effect" type="pytest.skip">src/pymortests/demos.py:223: Suite splitting in effect</skipped></testcase><testcase classname="src.pymortests.demos" file="src/pymortests/demos.py" line="223" name="test_thermalblock_ipython[burgers:&apos;--num-flux=engquist_osher 0.1&apos;]" time="0.0004467964172363281"><skipped message="Suite splitting in effect" type="pytest.skip">src/pymortests/demos.py:223: Suite splitting in effect</skipped></testcase><testcase classname="src.pymortests.demos" file="src/pymortests/demos.py" line="223" name="test_thermalblock_ipython[burgers:&apos;--num-flux=simplified_engquist_osher 0.1&apos;]" time="0.0004324913024902344"><skipped message="Suite splitting in effect" type="pytest.skip">src/pymortests/demos.py:223: Suite splitting in effect</skipped></testcase><testcase classname="src.pymortests.demos" file="src/pymortests/demos.py" line="223" name="test_thermalblock_ipython[parabolic:&apos;heat 1&apos;]" time="0.0007431507110595703"><skipped message="Suite splitting in effect" type="pytest.skip">src/pymortests/demos.py:223: Suite splitting in effect</skipped></testcase><testcase classname="src.pymortests.demos" file="src/pymortests/demos.py" line="223" name="test_thermalblock_ipython[parabolic:&apos;heat --rect 1&apos;]" time="0.0004417896270751953"><skipped message="Suite splitting in effect" type="pytest.skip">src/pymortests/demos.py:223: Suite splitting in effect</skipped></testcase><testcase classname="src.pymortests.demos" file="src/pymortests/demos.py" line="223" name="test_thermalblock_ipython[parabolic:&apos;heat --fv 1&apos;]" time="0.0004229545593261719"><skipped message="Suite splitting in effect" type="pytest.skip">src/pymortests/demos.py:223: Suite splitting in effect</skipped></testcase><testcase classname="src.pymortests.demos" file="src/pymortests/demos.py" line="223" name="test_thermalblock_ipython[parabolic:&apos;heat --rect --fv 1&apos;]" time="0.00044536590576171875"><skipped message="Suite splitting in effect" type="pytest.skip">src/pymortests/demos.py:223: Suite splitting in effect</skipped></testcase><testcase classname="src.pymortests.demos" file="src/pymortests/demos.py" line="223" name="test_thermalblock_ipython[parabolic:&apos;dar 1&apos;]" time="0.00043272972106933594"><skipped message="Suite splitting in effect" type="pytest.skip">src/pymortests/demos.py:223: Suite splitting in effect</skipped></testcase><testcase classname="src.pymortests.demos" file="src/pymortests/demos.py" line="223" name="test_thermalblock_ipython[parabolic:&apos;dar --rect 1&apos;]" time="0.000423431396484375"><skipped message="Suite splitting in effect" type="pytest.skip">src/pymortests/demos.py:223: Suite splitting in effect</skipped></testcase><testcase classname="src.pymortests.demos" file="src/pymortests/demos.py" line="223" name="test_thermalblock_ipython[elliptic_unstructured:&apos;6.0 16 0.1&apos;]" time="0.00045561790466308594"><skipped message="Suite splitting in effect" type="pytest.skip">src/pymortests/demos.py:223: Suite splitting in effect</skipped></testcase><testcase classname="src.pymortests.demos" file="src/pymortests/demos.py" line="223" name="test_thermalblock_ipython[thermalblock:&apos;--plot-solutions --plot-err --plot-error-sequence 2 2 3 5&apos;]" time="0.00042748451232910156"><skipped message="Suite splitting in effect" type="pytest.skip">src/pymortests/demos.py:223: Suite splitting in effect</skipped></testcase><testcase classname="src.pymortests.demos" file="src/pymortests/demos.py" line="223" name="test_thermalblock_ipython[thermalblock:&apos;--fenics 2 2 3 5&apos;]" time="0.0007739067077636719"><skipped message="Suite splitting in effect" type="pytest.skip">src/pymortests/demos.py:223: Suite splitting in effect</skipped></testcase><testcase classname="src.pymortests.demos" file="src/pymortests/demos.py" line="223" name="test_thermalblock_ipython[thermalblock:&apos;--greedy-without-estimator 3 1 2 5&apos;]" time="0.0004279613494873047"><skipped message="Suite splitting in effect" type="pytest.skip">src/pymortests/demos.py:223: Suite splitting in effect</skipped></testcase><testcase classname="src.pymortests.demos" file="src/pymortests/demos.py" line="223" name="test_thermalblock_ipython[thermalblock:&apos;--alg=pod 2 2 3 5&apos;]" time="0.00043511390686035156"><skipped message="Suite splitting in effect" type="pytest.skip">src/pymortests/demos.py:223: Suite splitting in effect</skipped></testcase><testcase classname="src.pymortests.demos" file="src/pymortests/demos.py" line="223" name="test_thermalblock_ipython[thermalblock:&apos;--alg=adaptive_greedy 2 2 10 30&apos;]" time="0.0004119873046875"><skipped message="Suite splitting in effect" type="pytest.skip">src/pymortests/demos.py:223: Suite splitting in effect</skipped></testcase><testcase classname="src.pymortests.demos" file="src/pymortests/demos.py" line="223" name="test_thermalblock_ipython[thermalblock:&apos;--alg=naive --reductor=traditional 2 2 10 5&apos;]" time="0.0004229545593261719"><skipped message="Suite splitting in effect" type="pytest.skip">src/pymortests/demos.py:223: Suite splitting in effect</skipped></testcase><testcase classname="src.pymortests.demos" file="src/pymortests/demos.py" line="223" name="test_thermalblock_ipython[thermalblock_adaptive:&apos;10&apos;]" time="0.0004286766052246094"><skipped message="Suite splitting in effect" type="pytest.skip">src/pymortests/demos.py:223: Suite splitting in effect</skipped></testcase><testcase classname="src.pymortests.demos" file="src/pymortests/demos.py" line="223" name="test_thermalblock_ipython[thermalblock_adaptive:&apos;--no-visualize-refinement 10&apos;]" time="0.0004324913024902344"><skipped message="Suite splitting in effect" type="pytest.skip">src/pymortests/demos.py:223: Suite splitting in effect</skipped></testcase><testcase classname="src.pymortests.demos" file="src/pymortests/demos.py" line="223" name="test_thermalblock_ipython[thermalblock_simple:&apos;pymor naive 2 10 10&apos;]" time="0.0004105567932128906"><skipped message="Suite splitting in effect" type="pytest.skip">src/pymortests/demos.py:223: Suite splitting in effect</skipped></testcase><testcase classname="src.pymortests.demos" file="src/pymortests/demos.py" line="223" name="test_thermalblock_ipython[thermalblock_simple:&apos;fenics greedy 2 10 10&apos;]" time="0.001081228256225586"><skipped message="Suite splitting in effect" type="pytest.skip">src/pymortests/demos.py:223: Suite splitting in effect</skipped></testcase><testcase classname="src.pymortests.demos" file="src/pymortests/demos.py" line="223" name="test_thermalblock_ipython[thermalblock_simple:&apos;ngsolve greedy 2 10 10&apos;]" time="0.00041961669921875"><skipped message="Suite splitting in effect" type="pytest.skip">src/pymortests/demos.py:223: Suite splitting in effect</skipped></testcase><testcase classname="src.pymortests.demos" file="src/pymortests/demos.py" line="223" name="test_thermalblock_ipython[thermalblock_simple:&apos;pymor-text adaptive_greedy -1 3 3&apos;]" time="0.0004127025604248047"><skipped message="Suite splitting in effect" type="pytest.skip">src/pymortests/demos.py:223: Suite splitting in effect</skipped></testcase><testcase classname="src.pymortests.demos" file="src/pymortests/demos.py" line="223" name="test_thermalblock_ipython[thermalblock_gui:&apos;--testing 2 2 3 5&apos;]" time="0.00042510032653808594"><skipped message="Suite splitting in effect" type="pytest.skip">src/pymortests/demos.py:223: Suite splitting in effect</skipped></testcase><testcase classname="src.pymortests.demos" file="src/pymortests/demos.py" line="223" name="test_thermalblock_ipython[burgers_ei:&apos;1 2 2 5 2 5 --plot-ei-err&apos;]" time="0.0005257129669189453"><skipped message="Suite splitting in effect" type="pytest.skip">src/pymortests/demos.py:223: Suite splitting in effect</skipped></testcase><testcase classname="src.pymortests.demos" file="src/pymortests/demos.py" line="223" name="test_thermalblock_ipython[burgers_ei:&apos;1 2 2 5 2 5 --ei-alg=deim&apos;]" time="0.00046253204345703125"><skipped message="Suite splitting in effect" type="pytest.skip">src/pymortests/demos.py:223: Suite splitting in effect</skipped></testcase><testcase classname="src.pymortests.demos" file="src/pymortests/demos.py" line="223" name="test_thermalblock_ipython[parabolic_mor:&apos;pymor greedy 2 3 1&apos;]" time="0.00045013427734375"><skipped message="Suite splitting in effect" type="pytest.skip">src/pymortests/demos.py:223: Suite splitting in effect</skipped></testcase><testcase classname="src.pymortests.demos" file="src/pymortests/demos.py" line="223" name="test_thermalblock_ipython[parabolic_mor:&apos;pymor pod 2 3 1&apos;]" time="0.0004353523254394531"><skipped message="Suite splitting in effect" type="pytest.skip">src/pymortests/demos.py:223: Suite splitting in effect</skipped></testcase><testcase classname="src.pymortests.demos" file="src/pymortests/demos.py" line="223" name="test_thermalblock_ipython[parabolic_mor:&apos;fenics adaptive_greedy 2 3 1&apos;]" time="0.000720977783203125"><skipped message="Suite splitting in effect" type="pytest.skip">src/pymortests/demos.py:223: Suite splitting in effect</skipped></testcase><testcase classname="src.pymortests.demos" file="src/pymortests/demos.py" line="223" name="test_thermalblock_ipython[heat:&apos;&apos;]" time="0.0004410743713378906"><skipped message="Suite splitting in effect" type="pytest.skip">src/pymortests/demos.py:223: Suite splitting in effect</skipped></testcase><testcase classname="src.pymortests.demos" file="src/pymortests/demos.py" line="223" name="test_thermalblock_ipython[delay:&apos;&apos;]" time="0.0004475116729736328"><skipped message="Suite splitting in effect" type="pytest.skip">src/pymortests/demos.py:223: Suite splitting in effect</skipped></testcase><testcase classname="src.pymortests.demos" file="src/pymortests/demos.py" line="223" name="test_thermalblock_ipython[string_equation:&apos;&apos;]" time="0.0004687309265136719"><skipped message="Suite splitting in effect" type="pytest.skip">src/pymortests/demos.py:223: Suite splitting in effect</skipped></testcase><testcase classname="src.pymortests.demos" file="src/pymortests/demos.py" line="223" name="test_thermalblock_ipython[hapod:&apos;--snap=3 0.01 10 100&apos;]" time="0.0004220008850097656"><skipped message="Suite splitting in effect" type="pytest.skip">src/pymortests/demos.py:223: Suite splitting in effect</skipped></testcase><testcase classname="src.pymortests.demos" file="src/pymortests/demos.py" line="223" name="test_thermalblock_ipython[hapod:&apos;--snap=3 --threads=2 0.01 10 100&apos;]" time="0.0004367828369140625"><skipped message="Suite splitting in effect" type="pytest.skip">src/pymortests/demos.py:223: Suite splitting in effect</skipped></testcase><testcase classname="src.pymortests.demos" file="src/pymortests/demos.py" line="223" name="test_thermalblock_ipython[hapod:&apos;--snap=3 --procs=2 0.01 10 100&apos;]" time="0.00043487548828125"><skipped message="Suite splitting in effect" type="pytest.skip">src/pymortests/demos.py:223: Suite splitting in effect</skipped></testcase><testcase classname="src.pymortests.demos" file="src/pymortests/demos.py" line="237" name="test_thermalblock_results[thermalblock:&apos;--plot-solutions --plot-err --plot-error-sequence 2 2 3 5&apos;]" time="0.00041985511779785156"><skipped message="Suite splitting in effect" type="pytest.skip">src/pymortests/demos.py:237: Suite splitting in effect</skipped></testcase><testcase classname="src.pymortests.demos" file="src/pymortests/demos.py" line="237" name="test_thermalblock_results[thermalblock:&apos;--fenics 2 2 3 5&apos;]" time="0.0006766319274902344"><skipped message="Suite splitting in effect" type="pytest.skip">src/pymortests/demos.py:237: Suite splitting in effect</skipped></testcase><testcase classname="src.pymortests.demos" file="src/pymortests/demos.py" line="237" name="test_thermalblock_results[thermalblock:&apos;--greedy-without-estimator 3 1 2 5&apos;]" time="0.000476837158203125"><skipped message="Suite splitting in effect" type="pytest.skip">src/pymortests/demos.py:237: Suite splitting in effect</skipped></testcase><testcase classname="src.pymortests.demos" file="src/pymortests/demos.py" line="237" name="test_thermalblock_results[thermalblock:&apos;--alg=pod 2 2 3 5&apos;]" time="0.0005002021789550781"><skipped message="Suite splitting in effect" type="pytest.skip">src/pymortests/demos.py:237: Suite splitting in effect</skipped></testcase><testcase classname="src.pymortests.demos" file="src/pymortests/demos.py" line="237" name="test_thermalblock_results[thermalblock:&apos;--alg=adaptive_greedy 2 2 10 30&apos;]" time="0.0005125999450683594"><skipped message="Suite splitting in effect" type="pytest.skip">src/pymortests/demos.py:237: Suite splitting in effect</skipped></testcase><testcase classname="src.pymortests.demos" file="src/pymortests/demos.py" line="237" name="test_thermalblock_results[thermalblock:&apos;--alg=naive --reductor=traditional 2 2 10 5&apos;]" time="0.0005156993865966797"><skipped message="Suite splitting in effect" type="pytest.skip">src/pymortests/demos.py:237: Suite splitting in effect</skipped></testcase><testcase classname="src.pymortests.demos" file="src/pymortests/demos.py" line="250" name="test_burgers_ei_results" time="0.00041961669921875"><skipped message="Suite splitting in effect" type="pytest.skip">src/pymortests/demos.py:250: Suite splitting in effect</skipped></testcase><testcase classname="src.pymortests.demos" file="src/pymortests/demos.py" line="259" name="test_parabolic_mor_results" time="0.00047397613525390625"><skipped message="Suite splitting in effect" type="pytest.skip">src/pymortests/demos.py:259: Suite splitting in effect</skipped></testcase><testcase classname="src.pymortests.function" file="src/pymortests/function.py" line="26" name="test_evaluate[function0]" time="0.0004668235778808594"><skipped message="Suite splitting in effect" type="pytest.skip">src/pymortests/function.py:26: Suite splitting in effect</skipped></testcase><testcase classname="src.pymortests.function" file="src/pymortests/function.py" line="26" name="test_evaluate[function1]" time="0.0006999969482421875"><skipped message="Suite splitting in effect" type="pytest.skip">src/pymortests/function.py:26: Suite splitting in effect</skipped></testcase><testcase classname="src.pymortests.function" file="src/pymortests/function.py" line="26" name="test_evaluate[function2]" time="0.00040268898010253906"><skipped message="Suite splitting in effect" type="pytest.skip">src/pymortests/function.py:26: Suite splitting in effect</skipped></testcase><testcase classname="src.pymortests.function" file="src/pymortests/function.py" line="26" name="test_evaluate[function3]" time="0.0004220008850097656"><skipped message="Suite splitting in effect" type="pytest.skip">src/pymortests/function.py:26: Suite splitting in effect</skipped></testcase><testcase classname="src.pymortests.function" file="src/pymortests/function.py" line="26" name="test_evaluate[function4]" time="0.0004203319549560547"><skipped message="Suite splitting in effect" type="pytest.skip">src/pymortests/function.py:26: Suite splitting in effect</skipped></testcase><testcase classname="src.pymortests.function" file="src/pymortests/function.py" line="26" name="test_evaluate[function5]" time="0.0004210472106933594"><skipped message="Suite splitting in effect" type="pytest.skip">src/pymortests/function.py:26: Suite splitting in effect</skipped></testcase><testcase classname="src.pymortests.function" file="src/pymortests/function.py" line="26" name="test_evaluate[function6]" time="0.00042891502380371094"><skipped message="Suite splitting in effect" type="pytest.skip">src/pymortests/function.py:26: Suite splitting in effect</skipped></testcase><testcase classname="src.pymortests.function" file="src/pymortests/function.py" line="26" name="test_evaluate[function7]" time="0.0004334449768066406"><skipped message="Suite splitting in effect" type="pytest.skip">src/pymortests/function.py:26: Suite splitting in effect</skipped></testcase><testcase classname="src.pymortests.function" file="src/pymortests/function.py" line="26" name="test_evaluate[function8]" time="0.0004127025604248047"><skipped message="Suite splitting in effect" type="pytest.skip">src/pymortests/function.py:26: Suite splitting in effect</skipped></testcase><testcase classname="src.pymortests.function" file="src/pymortests/function.py" line="26" name="test_evaluate[function9]" time="0.0007758140563964844"><skipped message="Suite splitting in effect" type="pytest.skip">src/pymortests/function.py:26: Suite splitting in effect</skipped></testcase><testcase classname="src.pymortests.function" file="src/pymortests/function.py" line="26" name="test_evaluate[function10]" time="0.00042247772216796875"><skipped message="Suite splitting in effect" type="pytest.skip">src/pymortests/function.py:26: Suite splitting in effect</skipped></testcase><testcase classname="src.pymortests.function" file="src/pymortests/function.py" line="26" name="test_evaluate[function11]" time="0.00045108795166015625"><skipped message="Suite splitting in effect" type="pytest.skip">src/pymortests/function.py:26: Suite splitting in effect</skipped></testcase><testcase classname="src.pymortests.function" file="src/pymortests/function.py" line="35" name="test_lincomb_function" time="0.000461578369140625"><skipped message="Suite splitting in effect" type="pytest.skip">src/pymortests/function.py:35: Suite splitting in effect</skipped></testcase><testcase classname="src.pymortests.function" file="src/pymortests/function.py" line="58" name="test_pickle[function0]" time="0.0004303455352783203"><skipped message="Suite splitting in effect" type="pytest.skip">src/pymortests/function.py:58: Suite splitting in effect</skipped></testcase><testcase classname="src.pymortests.function" file="src/pymortests/function.py" line="58" name="test_pickle[function1]" time="0.0004341602325439453"><skipped message="Suite splitting in effect" type="pytest.skip">src/pymortests/function.py:58: Suite splitting in effect</skipped></testcase><testcase classname="src.pymortests.function" file="src/pymortests/function.py" line="58" name="test_pickle[function2]" time="0.0004208087921142578"><skipped message="Suite splitting in effect" type="pytest.skip">src/pymortests/function.py:58: Suite splitting in effect</skipped></testcase><testcase classname="src.pymortests.function" file="src/pymortests/function.py" line="58" name="test_pickle[function3]" time="0.0004260540008544922"><skipped message="Suite splitting in effect" type="pytest.skip">src/pymortests/function.py:58: Suite splitting in effect</skipped></testcase><testcase classname="src.pymortests.function" file="src/pymortests/function.py" line="58" name="test_pickle[function4]" time="0.0006978511810302734"><skipped message="Suite splitting in effect" type="pytest.skip">src/pymortests/function.py:58: Suite splitting in effect</skipped></testcase><testcase classname="src.pymortests.function" file="src/pymortests/function.py" line="58" name="test_pickle[function5]" time="0.0004203319549560547"><skipped message="Suite splitting in effect" type="pytest.skip">src/pymortests/function.py:58: Suite splitting in effect</skipped></testcase><testcase classname="src.pymortests.function" file="src/pymortests/function.py" line="58" name="test_pickle[function6]" time="0.0004532337188720703"><skipped message="Suite splitting in effect" type="pytest.skip">src/pymortests/function.py:58: Suite splitting in effect</skipped></testcase><testcase classname="src.pymortests.function" file="src/pymortests/function.py" line="58" name="test_pickle[function7]" time="0.0004322528839111328"><skipped message="Suite splitting in effect" type="pytest.skip">src/pymortests/function.py:58: Suite splitting in effect</skipped></testcase><testcase classname="src.pymortests.function" file="src/pymortests/function.py" line="58" name="test_pickle[function8]" time="0.0004189014434814453"><skipped message="Suite splitting in effect" type="pytest.skip">src/pymortests/function.py:58: Suite splitting in effect</skipped></testcase><testcase classname="src.pymortests.function" file="src/pymortests/function.py" line="58" name="test_pickle[function9]" time="0.00043201446533203125"><skipped message="Suite splitting in effect" type="pytest.skip">src/pymortests/function.py:58: Suite splitting in effect</skipped></testcase><testcase classname="src.pymortests.function" file="src/pymortests/function.py" line="58" name="test_pickle[function10]" time="0.00044989585876464844"><skipped message="Suite splitting in effect" type="pytest.skip">src/pymortests/function.py:58: Suite splitting in effect</skipped></testcase><testcase classname="src.pymortests.function" file="src/pymortests/function.py" line="58" name="test_pickle[function11]" time="0.0004343986511230469"><skipped message="Suite splitting in effect" type="pytest.skip">src/pymortests/function.py:58: Suite splitting in effect</skipped></testcase><testcase classname="src.pymortests.function" file="src/pymortests/function.py" line="62" name="test_pickle_without_dumps_function[picklable_function0]" time="0.0006906986236572266"><skipped message="Suite splitting in effect" type="pytest.skip">src/pymortests/function.py:62: Suite splitting in effect</skipped></testcase><testcase classname="src.pymortests.function" file="src/pymortests/function.py" line="62" name="test_pickle_without_dumps_function[picklable_function1]" time="0.00041866302490234375"><skipped message="Suite splitting in effect" type="pytest.skip">src/pymortests/function.py:62: Suite splitting in effect</skipped></testcase><testcase classname="src.pymortests.function" file="src/pymortests/function.py" line="62" name="test_pickle_without_dumps_function[picklable_function2]" time="0.0004029273986816406"><skipped message="Suite splitting in effect" type="pytest.skip">src/pymortests/function.py:62: Suite splitting in effect</skipped></testcase><testcase classname="src.pymortests.function" file="src/pymortests/function.py" line="62" name="test_pickle_without_dumps_function[picklable_function3]" time="0.0004277229309082031"><skipped message="Suite splitting in effect" type="pytest.skip">src/pymortests/function.py:62: Suite splitting in effect</skipped></testcase><testcase classname="src.pymortests.function" file="src/pymortests/function.py" line="62" name="test_pickle_without_dumps_function[picklable_function4]" time="0.0004029273986816406"><skipped message="Suite splitting in effect" type="pytest.skip">src/pymortests/function.py:62: Suite splitting in effect</skipped></testcase><testcase classname="src.pymortests.function" file="src/pymortests/function.py" line="62" name="test_pickle_without_dumps_function[picklable_function5]" time="0.00044083595275878906"><skipped message="Suite splitting in effect" type="pytest.skip">src/pymortests/function.py:62: Suite splitting in effect</skipped></testcase><testcase classname="src.pymortests.function" file="src/pymortests/function.py" line="62" name="test_pickle_without_dumps_function[picklable_function6]" time="0.0004036426544189453"><skipped message="Suite splitting in effect" type="pytest.skip">src/pymortests/function.py:62: Suite splitting in effect</skipped></testcase><testcase classname="src.pymortests.function" file="src/pymortests/function.py" line="62" name="test_pickle_without_dumps_function[picklable_function7]" time="0.0004391670227050781"><skipped message="Suite splitting in effect" type="pytest.skip">src/pymortests/function.py:62: Suite splitting in effect</skipped></testcase><testcase classname="src.pymortests.function" file="src/pymortests/function.py" line="66" name="test_pickle_by_evaluation[function0]" time="0.0007097721099853516"><skipped message="Suite splitting in effect" type="pytest.skip">src/pymortests/function.py:66: Suite splitting in effect</skipped></testcase><testcase classname="src.pymortests.function" file="src/pymortests/function.py" line="66" name="test_pickle_by_evaluation[function1]" time="0.0004172325134277344"><skipped message="Suite splitting in effect" type="pytest.skip">src/pymortests/function.py:66: Suite splitting in effect</skipped></testcase><testcase classname="src.pymortests.function" file="src/pymortests/function.py" line="66" name="test_pickle_by_evaluation[function2]" time="0.0004191398620605469"><skipped message="Suite splitting in effect" type="pytest.skip">src/pymortests/function.py:66: Suite splitting in effect</skipped></testcase><testcase classname="src.pymortests.function" file="src/pymortests/function.py" line="66" name="test_pickle_by_evaluation[function3]" time="0.0004677772521972656"><skipped message="Suite splitting in effect" type="pytest.skip">src/pymortests/function.py:66: Suite splitting in effect</skipped></testcase><testcase classname="src.pymortests.function" file="src/pymortests/function.py" line="66" name="test_pickle_by_evaluation[function4]" time="0.0004165172576904297"><skipped message="Suite splitting in effect" type="pytest.skip">src/pymortests/function.py:66: Suite splitting in effect</skipped></testcase><testcase classname="src.pymortests.function" file="src/pymortests/function.py" line="66" name="test_pickle_by_evaluation[function5]" time="0.0004265308380126953"><skipped message="Suite splitting in effect" type="pytest.skip">src/pymortests/function.py:66: Suite splitting in effect</skipped></testcase><testcase classname="src.pymortests.function" file="src/pymortests/function.py" line="66" name="test_pickle_by_evaluation[function6]" time="0.0004165172576904297"><skipped message="Suite splitting in effect" type="pytest.skip">src/pymortests/function.py:66: Suite splitting in effect</skipped></testcase><testcase classname="src.pymortests.function" file="src/pymortests/function.py" line="66" name="test_pickle_by_evaluation[function7]" time="0.0005347728729248047"><skipped message="Suite splitting in effect" type="pytest.skip">src/pymortests/function.py:66: Suite splitting in effect</skipped></testcase><testcase classname="src.pymortests.function" file="src/pymortests/function.py" line="66" name="test_pickle_by_evaluation[function8]" time="0.0009286403656005859"><skipped message="Suite splitting in effect" type="pytest.skip">src/pymortests/function.py:66: Suite splitting in effect</skipped></testcase><testcase classname="src.pymortests.function" file="src/pymortests/function.py" line="66" name="test_pickle_by_evaluation[function9]" time="0.0005915164947509766"><skipped message="Suite splitting in effect" type="pytest.skip">src/pymortests/function.py:66: Suite splitting in effect</skipped></testcase><testcase classname="src.pymortests.function" file="src/pymortests/function.py" line="66" name="test_pickle_by_evaluation[function10]" time="0.0006642341613769531"><skipped message="Suite splitting in effect" type="pytest.skip">src/pymortests/function.py:66: Suite splitting in effect</skipped></testcase><testcase classname="src.pymortests.function" file="src/pymortests/function.py" line="66" name="test_pickle_by_evaluation[function11]" time="0.0006277561187744141"><skipped message="Suite splitting in effect" type="pytest.skip">src/pymortests/function.py:66: Suite splitting in effect</skipped></testcase><testcase classname="src.pymortests.grid" file="src/pymortests/grid.py" line="28" name="test_dim[&lt;lambda&gt;0]" time="0.0006604194641113281"><skipped message="Suite splitting in effect" type="pytest.skip">src/pymortests/grid.py:28: Suite splitting in effect</skipped></testcase><testcase classname="src.pymortests.grid" file="src/pymortests/grid.py" line="28" name="test_dim[&lt;lambda&gt;1]" time="0.0006480216979980469"><skipped message="Suite splitting in effect" type="pytest.skip">src/pymortests/grid.py:28: Suite splitting in effect</skipped></testcase><testcase classname="src.pymortests.grid" file="src/pymortests/grid.py" line="28" name="test_dim[&lt;lambda&gt;2]" time="0.0006301403045654297"><skipped message="Suite splitting in effect" type="pytest.skip">src/pymortests/grid.py:28: Suite splitting in effect</skipped></testcase><testcase classname="src.pymortests.grid" file="src/pymortests/grid.py" line="28" name="test_dim[&lt;lambda&gt;3]" time="0.0006430149078369141"><skipped message="Suite splitting in effect" type="pytest.skip">src/pymortests/grid.py:28: Suite splitting in effect</skipped></testcase><testcase classname="src.pymortests.grid" file="src/pymortests/grid.py" line="28" name="test_dim[&lt;lambda&gt;4]" time="0.0010025501251220703"><skipped message="Suite splitting in effect" type="pytest.skip">src/pymortests/grid.py:28: Suite splitting in effect</skipped></testcase><testcase classname="src.pymortests.grid" file="src/pymortests/grid.py" line="28" name="test_dim[&lt;lambda&gt;5]" time="0.0006401538848876953"><skipped message="Suite splitting in effect" type="pytest.skip">src/pymortests/grid.py:28: Suite splitting in effect</skipped></testcase><testcase classname="src.pymortests.grid" file="src/pymortests/grid.py" line="28" name="test_dim[&lt;lambda&gt;6]" time="0.0005176067352294922"><skipped message="Suite splitting in effect" type="pytest.skip">src/pymortests/grid.py:28: Suite splitting in effect</skipped></testcase><testcase classname="src.pymortests.grid" file="src/pymortests/grid.py" line="28" name="test_dim[&lt;lambda&gt;7]" time="0.000537872314453125"><skipped message="Suite splitting in effect" type="pytest.skip">src/pymortests/grid.py:28: Suite splitting in effect</skipped></testcase><testcase classname="src.pymortests.grid" file="src/pymortests/grid.py" line="28" name="test_dim[&lt;lambda&gt;8]" time="0.0006015300750732422"><skipped message="Suite splitting in effect" type="pytest.skip">src/pymortests/grid.py:28: Suite splitting in effect</skipped></testcase><testcase classname="src.pymortests.grid" file="src/pymortests/grid.py" line="28" name="test_dim[&lt;lambda&gt;9]" time="0.0005152225494384766"><skipped message="Suite splitting in effect" type="pytest.skip">src/pymortests/grid.py:28: Suite splitting in effect</skipped></testcase><testcase classname="src.pymortests.grid" file="src/pymortests/grid.py" line="28" name="test_dim[&lt;lambda&gt;10]" time="0.0004227161407470703"><skipped message="Suite splitting in effect" type="pytest.skip">src/pymortests/grid.py:28: Suite splitting in effect</skipped></testcase><testcase classname="src.pymortests.grid" file="src/pymortests/grid.py" line="28" name="test_dim[&lt;lambda&gt;11]" time="0.0004909038543701172"><skipped message="Suite splitting in effect" type="pytest.skip">src/pymortests/grid.py:28: Suite splitting in effect</skipped></testcase><testcase classname="src.pymortests.grid" file="src/pymortests/grid.py" line="28" name="test_dim[&lt;lambda&gt;12]" time="0.0007059574127197266"><skipped message="Suite splitting in effect" type="pytest.skip">src/pymortests/grid.py:28: Suite splitting in effect</skipped></testcase><testcase classname="src.pymortests.grid" file="src/pymortests/grid.py" line="28" name="test_dim[&lt;lambda&gt;13]" time="0.0004210472106933594"><skipped message="Suite splitting in effect" type="pytest.skip">src/pymortests/grid.py:28: Suite splitting in effect</skipped></testcase><testcase classname="src.pymortests.grid" file="src/pymortests/grid.py" line="28" name="test_dim[&lt;lambda&gt;14]" time="0.00044727325439453125"><skipped message="Suite splitting in effect" type="pytest.skip">src/pymortests/grid.py:28: Suite splitting in effect</skipped></testcase><testcase classname="src.pymortests.grid" file="src/pymortests/grid.py" line="28" name="test_dim[&lt;lambda&gt;15]" time="0.0004336833953857422"><skipped message="Suite splitting in effect" type="pytest.skip">src/pymortests/grid.py:28: Suite splitting in effect</skipped></testcase><testcase classname="src.pymortests.grid" file="src/pymortests/grid.py" line="28" name="test_dim[&lt;lambda&gt;16]" time="0.0004265308380126953"><skipped message="Suite splitting in effect" type="pytest.skip">src/pymortests/grid.py:28: Suite splitting in effect</skipped></testcase><testcase classname="src.pymortests.grid" file="src/pymortests/grid.py" line="28" name="test_dim[&lt;lambda&gt;17]" time="0.0004239082336425781"><skipped message="Suite splitting in effect" type="pytest.skip">src/pymortests/grid.py:28: Suite splitting in effect</skipped></testcase><testcase classname="src.pymortests.grid" file="src/pymortests/grid.py" line="28" name="test_dim[&lt;lambda&gt;18]" time="0.0004315376281738281"><skipped message="Suite splitting in effect" type="pytest.skip">src/pymortests/grid.py:28: Suite splitting in effect</skipped></testcase><testcase classname="src.pymortests.grid" file="src/pymortests/grid.py" line="28" name="test_dim[&lt;lambda&gt;19]" time="0.0005207061767578125"><skipped message="Suite splitting in effect" type="pytest.skip">src/pymortests/grid.py:28: Suite splitting in effect</skipped></testcase><testcase classname="src.pymortests.grid" file="src/pymortests/grid.py" line="28" name="test_dim[&lt;lambda&gt;20]" time="0.0007231235504150391"><skipped message="Suite splitting in effect" type="pytest.skip">src/pymortests/grid.py:28: Suite splitting in effect</skipped></testcase><testcase classname="src.pymortests.grid" file="src/pymortests/grid.py" line="28" name="test_dim[&lt;lambda&gt;21]" time="0.0004181861877441406"><skipped message="Suite splitting in effect" type="pytest.skip">src/pymortests/grid.py:28: Suite splitting in effect</skipped></testcase><testcase classname="src.pymortests.grid" file="src/pymortests/grid.py" line="28" name="test_dim[&lt;lambda&gt;22]" time="0.00042128562927246094"><skipped message="Suite splitting in effect" type="pytest.skip">src/pymortests/grid.py:28: Suite splitting in effect</skipped></testcase><testcase classname="src.pymortests.grid" file="src/pymortests/grid.py" line="28" name="test_dim[&lt;lambda&gt;23]" time="0.00044655799865722656"><skipped message="Suite splitting in effect" type="pytest.skip">src/pymortests/grid.py:28: Suite splitting in effect</skipped></testcase><testcase classname="src.pymortests.grid" file="src/pymortests/grid.py" line="28" name="test_dim[&lt;lambda&gt;24]" time="0.0004420280456542969"><skipped message="Suite splitting in effect" type="pytest.skip">src/pymortests/grid.py:28: Suite splitting in effect</skipped></testcase><testcase classname="src.pymortests.grid" file="src/pymortests/grid.py" line="28" name="test_dim[&lt;lambda&gt;25]" time="0.0004334449768066406"><skipped message="Suite splitting in effect" type="pytest.skip">src/pymortests/grid.py:28: Suite splitting in effect</skipped></testcase><testcase classname="src.pymortests.grid" file="src/pymortests/grid.py" line="28" name="test_dim[&lt;lambda&gt;26]" time="0.0004458427429199219"><skipped message="Suite splitting in effect" type="pytest.skip">src/pymortests/grid.py:28: Suite splitting in effect</skipped></testcase><testcase classname="src.pymortests.grid" file="src/pymortests/grid.py" line="28" name="test_dim[&lt;lambda&gt;27]" time="0.00045013427734375"><skipped message="Suite splitting in effect" type="pytest.skip">src/pymortests/grid.py:28: Suite splitting in effect</skipped></testcase><testcase classname="src.pymortests.grid" file="src/pymortests/grid.py" line="28" name="test_dim[&lt;lambda&gt;28]" time="0.0012350082397460938"><skipped message="Suite splitting in effect" type="pytest.skip">src/pymortests/grid.py:28: Suite splitting in effect</skipped></testcase><testcase classname="src.pymortests.grid" file="src/pymortests/grid.py" line="28" name="test_dim[&lt;lambda&gt;29]" time="0.0005893707275390625"><skipped message="Suite splitting in effect" type="pytest.skip">src/pymortests/grid.py:28: Suite splitting in effect</skipped></testcase><testcase classname="src.pymortests.grid" file="src/pymortests/grid.py" line="28" name="test_dim[&lt;lambda&gt;30]" time="0.00041961669921875"><skipped message="Suite splitting in effect" type="pytest.skip">src/pymortests/grid.py:28: Suite splitting in effect</skipped></testcase><testcase classname="src.pymortests.grid" file="src/pymortests/grid.py" line="28" name="test_dim[&lt;lambda&gt;31]" time="0.0004277229309082031"><skipped message="Suite splitting in effect" type="pytest.skip">src/pymortests/grid.py:28: Suite splitting in effect</skipped></testcase><testcase classname="src.pymortests.grid" file="src/pymortests/grid.py" line="28" name="test_dim[&lt;lambda&gt;32]" time="0.0004296302795410156"><skipped message="Suite splitting in effect" type="pytest.skip">src/pymortests/grid.py:28: Suite splitting in effect</skipped></testcase><testcase classname="src.pymortests.grid" file="src/pymortests/grid.py" line="28" name="test_dim[&lt;lambda&gt;33]" time="0.0004220008850097656"><skipped message="Suite splitting in effect" type="pytest.skip">src/pymortests/grid.py:28: Suite splitting in effect</skipped></testcase><testcase classname="src.pymortests.grid" file="src/pymortests/grid.py" line="28" name="test_dim[&lt;lambda&gt;34]" time="0.0004303455352783203"><skipped message="Suite splitting in effect" type="pytest.skip">src/pymortests/grid.py:28: Suite splitting in effect</skipped></testcase><testcase classname="src.pymortests.grid" file="src/pymortests/grid.py" line="28" name="test_dim[&lt;lambda&gt;35]" time="0.00042510032653808594"><skipped message="Suite splitting in effect" type="pytest.skip">src/pymortests/grid.py:28: Suite splitting in effect</skipped></testcase><testcase classname="src.pymortests.grid" file="src/pymortests/grid.py" line="28" name="test_dim[&lt;lambda&gt;36]" time="0.0007510185241699219"><skipped message="Suite splitting in effect" type="pytest.skip">src/pymortests/grid.py:28: Suite splitting in effect</skipped></testcase><testcase classname="src.pymortests.grid" file="src/pymortests/grid.py" line="28" name="test_dim[&lt;lambda&gt;37]" time="0.00043463706970214844"><skipped message="Suite splitting in effect" type="pytest.skip">src/pymortests/grid.py:28: Suite splitting in effect</skipped></testcase><testcase classname="src.pymortests.grid" file="src/pymortests/grid.py" line="28" name="test_dim[&lt;lambda&gt;38]" time="0.0004911422729492188"><skipped message="Suite splitting in effect" type="pytest.skip">src/pymortests/grid.py:28: Suite splitting in effect</skipped></testcase><testcase classname="src.pymortests.grid" file="src/pymortests/grid.py" line="28" name="test_dim[&lt;lambda&gt;39]" time="0.00045561790466308594"><skipped message="Suite splitting in effect" type="pytest.skip">src/pymortests/grid.py:28: Suite splitting in effect</skipped></testcase><testcase classname="src.pymortests.grid" file="src/pymortests/grid.py" line="28" name="test_dim[&lt;lambda&gt;40]" time="0.00043272972106933594"><skipped message="Suite splitting in effect" type="pytest.skip">src/pymortests/grid.py:28: Suite splitting in effect</skipped></testcase><testcase classname="src.pymortests.grid" file="src/pymortests/grid.py" line="28" name="test_dim[&lt;lambda&gt;41]" time="0.00042128562927246094"><skipped message="Suite splitting in effect" type="pytest.skip">src/pymortests/grid.py:28: Suite splitting in effect</skipped></testcase><testcase classname="src.pymortests.grid" file="src/pymortests/grid.py" line="28" name="test_dim[&lt;lambda&gt;42]" time="0.0004317760467529297"><skipped message="Suite splitting in effect" type="pytest.skip">src/pymortests/grid.py:28: Suite splitting in effect</skipped></testcase><testcase classname="src.pymortests.grid" file="src/pymortests/grid.py" line="34" name="test_size[&lt;lambda&gt;0]" time="0.0004265308380126953"><skipped message="Suite splitting in effect" type="pytest.skip">src/pymortests/grid.py:34: Suite splitting in effect</skipped></testcase><testcase classname="src.pymortests.grid" file="src/pymortests/grid.py" line="34" name="test_size[&lt;lambda&gt;1]" time="0.00072479248046875"><skipped message="Suite splitting in effect" type="pytest.skip">src/pymortests/grid.py:34: Suite splitting in effect</skipped></testcase><testcase classname="src.pymortests.grid" file="src/pymortests/grid.py" line="34" name="test_size[&lt;lambda&gt;2]" time="0.00041985511779785156"><skipped message="Suite splitting in effect" type="pytest.skip">src/pymortests/grid.py:34: Suite splitting in effect</skipped></testcase><testcase classname="src.pymortests.grid" file="src/pymortests/grid.py" line="34" name="test_size[&lt;lambda&gt;3]" time="0.00043272972106933594"><skipped message="Suite splitting in effect" type="pytest.skip">src/pymortests/grid.py:34: Suite splitting in effect</skipped></testcase><testcase classname="src.pymortests.grid" file="src/pymortests/grid.py" line="34" name="test_size[&lt;lambda&gt;4]" time="0.00042128562927246094"><skipped message="Suite splitting in effect" type="pytest.skip">src/pymortests/grid.py:34: Suite splitting in effect</skipped></testcase><testcase classname="src.pymortests.grid" file="src/pymortests/grid.py" line="34" name="test_size[&lt;lambda&gt;5]" time="0.00042510032653808594"><skipped message="Suite splitting in effect" type="pytest.skip">src/pymortests/grid.py:34: Suite splitting in effect</skipped></testcase><testcase classname="src.pymortests.grid" file="src/pymortests/grid.py" line="34" name="test_size[&lt;lambda&gt;6]" time="0.0004489421844482422"><skipped message="Suite splitting in effect" type="pytest.skip">src/pymortests/grid.py:34: Suite splitting in effect</skipped></testcase><testcase classname="src.pymortests.grid" file="src/pymortests/grid.py" line="34" name="test_size[&lt;lambda&gt;7]" time="0.0004601478576660156"><skipped message="Suite splitting in effect" type="pytest.skip">src/pymortests/grid.py:34: Suite splitting in effect</skipped></testcase><testcase classname="src.pymortests.grid" file="src/pymortests/grid.py" line="34" name="test_size[&lt;lambda&gt;8]" time="0.00045108795166015625"><skipped message="Suite splitting in effect" type="pytest.skip">src/pymortests/grid.py:34: Suite splitting in effect</skipped></testcase><testcase classname="src.pymortests.grid" file="src/pymortests/grid.py" line="34" name="test_size[&lt;lambda&gt;9]" time="0.000736236572265625"><skipped message="Suite splitting in effect" type="pytest.skip">src/pymortests/grid.py:34: Suite splitting in effect</skipped></testcase><testcase classname="src.pymortests.grid" file="src/pymortests/grid.py" line="34" name="test_size[&lt;lambda&gt;10]" time="0.0005185604095458984"><skipped message="Suite splitting in effect" type="pytest.skip">src/pymortests/grid.py:34: Suite splitting in effect</skipped></testcase><testcase classname="src.pymortests.grid" file="src/pymortests/grid.py" line="34" name="test_size[&lt;lambda&gt;11]" time="0.0006268024444580078"><skipped message="Suite splitting in effect" type="pytest.skip">src/pymortests/grid.py:34: Suite splitting in effect</skipped></testcase><testcase classname="src.pymortests.grid" file="src/pymortests/grid.py" line="34" name="test_size[&lt;lambda&gt;12]" time="0.0004341602325439453"><skipped message="Suite splitting in effect" type="pytest.skip">src/pymortests/grid.py:34: Suite splitting in effect</skipped></testcase><testcase classname="src.pymortests.grid" file="src/pymortests/grid.py" line="34" name="test_size[&lt;lambda&gt;13]" time="0.0004074573516845703"><skipped message="Suite splitting in effect" type="pytest.skip">src/pymortests/grid.py:34: Suite splitting in effect</skipped></testcase><testcase classname="src.pymortests.grid" file="src/pymortests/grid.py" line="34" name="test_size[&lt;lambda&gt;14]" time="0.0004818439483642578"><skipped message="Suite splitting in effect" type="pytest.skip">src/pymortests/grid.py:34: Suite splitting in effect</skipped></testcase><testcase classname="src.pymortests.grid" file="src/pymortests/grid.py" line="34" name="test_size[&lt;lambda&gt;15]" time="0.0004246234893798828"><skipped message="Suite splitting in effect" type="pytest.skip">src/pymortests/grid.py:34: Suite splitting in effect</skipped></testcase><testcase classname="src.pymortests.grid" file="src/pymortests/grid.py" line="34" name="test_size[&lt;lambda&gt;16]" time="0.0004892349243164062"><skipped message="Suite splitting in effect" type="pytest.skip">src/pymortests/grid.py:34: Suite splitting in effect</skipped></testcase><testcase classname="src.pymortests.grid" file="src/pymortests/grid.py" line="34" name="test_size[&lt;lambda&gt;17]" time="0.0007259845733642578"><skipped message="Suite splitting in effect" type="pytest.skip">src/pymortests/grid.py:34: Suite splitting in effect</skipped></testcase><testcase classname="src.pymortests.grid" file="src/pymortests/grid.py" line="34" name="test_size[&lt;lambda&gt;18]" time="0.00042629241943359375"><skipped message="Suite splitting in effect" type="pytest.skip">src/pymortests/grid.py:34: Suite splitting in effect</skipped></testcase><testcase classname="src.pymortests.grid" file="src/pymortests/grid.py" line="34" name="test_size[&lt;lambda&gt;19]" time="0.0004169940948486328"><skipped message="Suite splitting in effect" type="pytest.skip">src/pymortests/grid.py:34: Suite splitting in effect</skipped></testcase><testcase classname="src.pymortests.grid" file="src/pymortests/grid.py" line="34" name="test_size[&lt;lambda&gt;20]" time="0.0004496574401855469"><skipped message="Suite splitting in effect" type="pytest.skip">src/pymortests/grid.py:34: Suite splitting in effect</skipped></testcase><testcase classname="src.pymortests.grid" file="src/pymortests/grid.py" line="34" name="test_size[&lt;lambda&gt;21]" time="0.00044846534729003906"><skipped message="Suite splitting in effect" type="pytest.skip">src/pymortests/grid.py:34: Suite splitting in effect</skipped></testcase><testcase classname="src.pymortests.grid" file="src/pymortests/grid.py" line="34" name="test_size[&lt;lambda&gt;22]" time="0.00042700767517089844"><skipped message="Suite splitting in effect" type="pytest.skip">src/pymortests/grid.py:34: Suite splitting in effect</skipped></testcase><testcase classname="src.pymortests.grid" file="src/pymortests/grid.py" line="34" name="test_size[&lt;lambda&gt;23]" time="0.0004291534423828125"><skipped message="Suite splitting in effect" type="pytest.skip">src/pymortests/grid.py:34: Suite splitting in effect</skipped></testcase><testcase classname="src.pymortests.grid" file="src/pymortests/grid.py" line="34" name="test_size[&lt;lambda&gt;24]" time="0.00046515464782714844"><skipped message="Suite splitting in effect" type="pytest.skip">src/pymortests/grid.py:34: Suite splitting in effect</skipped></testcase><testcase classname="src.pymortests.grid" file="src/pymortests/grid.py" line="34" name="test_size[&lt;lambda&gt;25]" time="0.000751495361328125"><skipped message="Suite splitting in effect" type="pytest.skip">src/pymortests/grid.py:34: Suite splitting in effect</skipped></testcase><testcase classname="src.pymortests.grid" file="src/pymortests/grid.py" line="34" name="test_size[&lt;lambda&gt;26]" time="0.0004220008850097656"><skipped message="Suite splitting in effect" type="pytest.skip">src/pymortests/grid.py:34: Suite splitting in effect</skipped></testcase><testcase classname="src.pymortests.grid" file="src/pymortests/grid.py" line="34" name="test_size[&lt;lambda&gt;27]" time="0.00044846534729003906"><skipped message="Suite splitting in effect" type="pytest.skip">src/pymortests/grid.py:34: Suite splitting in effect</skipped></testcase><testcase classname="src.pymortests.grid" file="src/pymortests/grid.py" line="34" name="test_size[&lt;lambda&gt;28]" time="0.0006730556488037109"><skipped message="Suite splitting in effect" type="pytest.skip">src/pymortests/grid.py:34: Suite splitting in effect</skipped></testcase><testcase classname="src.pymortests.grid" file="src/pymortests/grid.py" line="34" name="test_size[&lt;lambda&gt;29]" time="0.0006122589111328125"><skipped message="Suite splitting in effect" type="pytest.skip">src/pymortests/grid.py:34: Suite splitting in effect</skipped></testcase><testcase classname="src.pymortests.grid" file="src/pymortests/grid.py" line="34" name="test_size[&lt;lambda&gt;30]" time="0.0006399154663085938"><skipped message="Suite splitting in effect" type="pytest.skip">src/pymortests/grid.py:34: Suite splitting in effect</skipped></testcase><testcase classname="src.pymortests.grid" file="src/pymortests/grid.py" line="34" name="test_size[&lt;lambda&gt;31]" time="0.0006372928619384766"><skipped message="Suite splitting in effect" type="pytest.skip">src/pymortests/grid.py:34: Suite splitting in effect</skipped></testcase><testcase classname="src.pymortests.grid" file="src/pymortests/grid.py" line="34" name="test_size[&lt;lambda&gt;32]" time="0.0006589889526367188"><skipped message="Suite splitting in effect" type="pytest.skip">src/pymortests/grid.py:34: Suite splitting in effect</skipped></testcase><testcase classname="src.pymortests.grid" file="src/pymortests/grid.py" line="34" name="test_size[&lt;lambda&gt;33]" time="0.0009789466857910156"><skipped message="Suite splitting in effect" type="pytest.skip">src/pymortests/grid.py:34: Suite splitting in effect</skipped></testcase><testcase classname="src.pymortests.grid" file="src/pymortests/grid.py" line="34" name="test_size[&lt;lambda&gt;34]" time="0.00044655799865722656"><skipped message="Suite splitting in effect" type="pytest.skip">src/pymortests/grid.py:34: Suite splitting in effect</skipped></testcase><testcase classname="src.pymortests.grid" file="src/pymortests/grid.py" line="34" name="test_size[&lt;lambda&gt;35]" time="0.00040841102600097656"><skipped message="Suite splitting in effect" type="pytest.skip">src/pymortests/grid.py:34: Suite splitting in effect</skipped></testcase><testcase classname="src.pymortests.grid" file="src/pymortests/grid.py" line="34" name="test_size[&lt;lambda&gt;36]" time="0.00042557716369628906"><skipped message="Suite splitting in effect" type="pytest.skip">src/pymortests/grid.py:34: Suite splitting in effect</skipped></testcase><testcase classname="src.pymortests.grid" file="src/pymortests/grid.py" line="34" name="test_size[&lt;lambda&gt;37]" time="0.0004799365997314453"><skipped message="Suite splitting in effect" type="pytest.skip">src/pymortests/grid.py:34: Suite splitting in effect</skipped></testcase><testcase classname="src.pymortests.grid" file="src/pymortests/grid.py" line="34" name="test_size[&lt;lambda&gt;38]" time="0.0004260540008544922"><skipped message="Suite splitting in effect" type="pytest.skip">src/pymortests/grid.py:34: Suite splitting in effect</skipped></testcase><testcase classname="src.pymortests.grid" file="src/pymortests/grid.py" line="34" name="test_size[&lt;lambda&gt;39]" time="0.0004432201385498047"><skipped message="Suite splitting in effect" type="pytest.skip">src/pymortests/grid.py:34: Suite splitting in effect</skipped></testcase><testcase classname="src.pymortests.grid" file="src/pymortests/grid.py" line="34" name="test_size[&lt;lambda&gt;40]" time="0.000423431396484375"><skipped message="Suite splitting in effect" type="pytest.skip">src/pymortests/grid.py:34: Suite splitting in effect</skipped></testcase><testcase classname="src.pymortests.grid" file="src/pymortests/grid.py" line="34" name="test_size[&lt;lambda&gt;41]" time="0.0007610321044921875"><skipped message="Suite splitting in effect" type="pytest.skip">src/pymortests/grid.py:34: Suite splitting in effect</skipped></testcase><testcase classname="src.pymortests.grid" file="src/pymortests/grid.py" line="34" name="test_size[&lt;lambda&gt;42]" time="0.00044083595275878906"><skipped message="Suite splitting in effect" type="pytest.skip">src/pymortests/grid.py:34: Suite splitting in effect</skipped></testcase><testcase classname="src.pymortests.grid" file="src/pymortests/grid.py" line="44" name="test_subentities_wrong_arguments[&lt;lambda&gt;0]" time="0.0005266666412353516"><skipped message="Suite splitting in effect" type="pytest.skip">src/pymortests/grid.py:44: Suite splitting in effect</skipped></testcase><testcase classname="src.pymortests.grid" file="src/pymortests/grid.py" line="44" name="test_subentities_wrong_arguments[&lt;lambda&gt;1]" time="0.0005366802215576172"><skipped message="Suite splitting in effect" type="pytest.skip">src/pymortests/grid.py:44: Suite splitting in effect</skipped></testcase><testcase classname="src.pymortests.grid" file="src/pymortests/grid.py" line="44" name="test_subentities_wrong_arguments[&lt;lambda&gt;2]" time="0.0004355907440185547"><skipped message="Suite splitting in effect" type="pytest.skip">src/pymortests/grid.py:44: Suite splitting in effect</skipped></testcase><testcase classname="src.pymortests.grid" file="src/pymortests/grid.py" line="44" name="test_subentities_wrong_arguments[&lt;lambda&gt;3]" time="0.0004649162292480469"><skipped message="Suite splitting in effect" type="pytest.skip">src/pymortests/grid.py:44: Suite splitting in effect</skipped></testcase><testcase classname="src.pymortests.grid" file="src/pymortests/grid.py" line="44" name="test_subentities_wrong_arguments[&lt;lambda&gt;4]" time="0.0004494190216064453"><skipped message="Suite splitting in effect" type="pytest.skip">src/pymortests/grid.py:44: Suite splitting in effect</skipped></testcase><testcase classname="src.pymortests.grid" file="src/pymortests/grid.py" line="44" name="test_subentities_wrong_arguments[&lt;lambda&gt;5]" time="0.0004627704620361328"><skipped message="Suite splitting in effect" type="pytest.skip">src/pymortests/grid.py:44: Suite splitting in effect</skipped></testcase><testcase classname="src.pymortests.grid" file="src/pymortests/grid.py" line="44" name="test_subentities_wrong_arguments[&lt;lambda&gt;6]" time="0.0007283687591552734"><skipped message="Suite splitting in effect" type="pytest.skip">src/pymortests/grid.py:44: Suite splitting in effect</skipped></testcase><testcase classname="src.pymortests.grid" file="src/pymortests/grid.py" line="44" name="test_subentities_wrong_arguments[&lt;lambda&gt;7]" time="0.00044155120849609375"><skipped message="Suite splitting in effect" type="pytest.skip">src/pymortests/grid.py:44: Suite splitting in effect</skipped></testcase><testcase classname="src.pymortests.grid" file="src/pymortests/grid.py" line="44" name="test_subentities_wrong_arguments[&lt;lambda&gt;8]" time="0.00042366981506347656"><skipped message="Suite splitting in effect" type="pytest.skip">src/pymortests/grid.py:44: Suite splitting in effect</skipped></testcase><testcase classname="src.pymortests.grid" file="src/pymortests/grid.py" line="44" name="test_subentities_wrong_arguments[&lt;lambda&gt;9]" time="0.00045037269592285156"><skipped message="Suite splitting in effect" type="pytest.skip">src/pymortests/grid.py:44: Suite splitting in effect</skipped></testcase><testcase classname="src.pymortests.grid" file="src/pymortests/grid.py" line="44" name="test_subentities_wrong_arguments[&lt;lambda&gt;10]" time="0.0005898475646972656"><skipped message="Suite splitting in effect" type="pytest.skip">src/pymortests/grid.py:44: Suite splitting in effect</skipped></testcase><testcase classname="src.pymortests.grid" file="src/pymortests/grid.py" line="44" name="test_subentities_wrong_arguments[&lt;lambda&gt;11]" time="0.0006840229034423828"><skipped message="Suite splitting in effect" type="pytest.skip">src/pymortests/grid.py:44: Suite splitting in effect</skipped></testcase><testcase classname="src.pymortests.grid" file="src/pymortests/grid.py" line="44" name="test_subentities_wrong_arguments[&lt;lambda&gt;12]" time="0.0006396770477294922"><skipped message="Suite splitting in effect" type="pytest.skip">src/pymortests/grid.py:44: Suite splitting in effect</skipped></testcase><testcase classname="src.pymortests.grid" file="src/pymortests/grid.py" line="44" name="test_subentities_wrong_arguments[&lt;lambda&gt;13]" time="0.0006358623504638672"><skipped message="Suite splitting in effect" type="pytest.skip">src/pymortests/grid.py:44: Suite splitting in effect</skipped></testcase><testcase classname="src.pymortests.grid" file="src/pymortests/grid.py" line="44" name="test_subentities_wrong_arguments[&lt;lambda&gt;14]" time="0.0010669231414794922"><skipped message="Suite splitting in effect" type="pytest.skip">src/pymortests/grid.py:44: Suite splitting in effect</skipped></testcase><testcase classname="src.pymortests.grid" file="src/pymortests/grid.py" line="44" name="test_subentities_wrong_arguments[&lt;lambda&gt;15]" time="0.0006320476531982422"><skipped message="Suite splitting in effect" type="pytest.skip">src/pymortests/grid.py:44: Suite splitting in effect</skipped></testcase><testcase classname="src.pymortests.grid" file="src/pymortests/grid.py" line="44" name="test_subentities_wrong_arguments[&lt;lambda&gt;16]" time="0.0006585121154785156"><skipped message="Suite splitting in effect" type="pytest.skip">src/pymortests/grid.py:44: Suite splitting in effect</skipped></testcase><testcase classname="src.pymortests.grid" file="src/pymortests/grid.py" line="44" name="test_subentities_wrong_arguments[&lt;lambda&gt;17]" time="0.0006191730499267578"><skipped message="Suite splitting in effect" type="pytest.skip">src/pymortests/grid.py:44: Suite splitting in effect</skipped></testcase><testcase classname="src.pymortests.grid" file="src/pymortests/grid.py" line="44" name="test_subentities_wrong_arguments[&lt;lambda&gt;18]" time="0.0005629062652587891"><skipped message="Suite splitting in effect" type="pytest.skip">src/pymortests/grid.py:44: Suite splitting in effect</skipped></testcase><testcase classname="src.pymortests.grid" file="src/pymortests/grid.py" line="44" name="test_subentities_wrong_arguments[&lt;lambda&gt;19]" time="0.00043463706970214844"><skipped message="Suite splitting in effect" type="pytest.skip">src/pymortests/grid.py:44: Suite splitting in effect</skipped></testcase><testcase classname="src.pymortests.grid" file="src/pymortests/grid.py" line="44" name="test_subentities_wrong_arguments[&lt;lambda&gt;20]" time="0.00045371055603027344"><skipped message="Suite splitting in effect" type="pytest.skip">src/pymortests/grid.py:44: Suite splitting in effect</skipped></testcase><testcase classname="src.pymortests.grid" file="src/pymortests/grid.py" line="44" name="test_subentities_wrong_arguments[&lt;lambda&gt;21]" time="0.0004925727844238281"><skipped message="Suite splitting in effect" type="pytest.skip">src/pymortests/grid.py:44: Suite splitting in effect</skipped></testcase><testcase classname="src.pymortests.grid" file="src/pymortests/grid.py" line="44" name="test_subentities_wrong_arguments[&lt;lambda&gt;22]" time="0.00075531005859375"><skipped message="Suite splitting in effect" type="pytest.skip">src/pymortests/grid.py:44: Suite splitting in effect</skipped></testcase><testcase classname="src.pymortests.grid" file="src/pymortests/grid.py" line="44" name="test_subentities_wrong_arguments[&lt;lambda&gt;23]" time="0.0004935264587402344"><skipped message="Suite splitting in effect" type="pytest.skip">src/pymortests/grid.py:44: Suite splitting in effect</skipped></testcase><testcase classname="src.pymortests.grid" file="src/pymortests/grid.py" line="44" name="test_subentities_wrong_arguments[&lt;lambda&gt;24]" time="0.00045371055603027344"><skipped message="Suite splitting in effect" type="pytest.skip">src/pymortests/grid.py:44: Suite splitting in effect</skipped></testcase><testcase classname="src.pymortests.grid" file="src/pymortests/grid.py" line="44" name="test_subentities_wrong_arguments[&lt;lambda&gt;25]" time="0.00045108795166015625"><skipped message="Suite splitting in effect" type="pytest.skip">src/pymortests/grid.py:44: Suite splitting in effect</skipped></testcase><testcase classname="src.pymortests.grid" file="src/pymortests/grid.py" line="44" name="test_subentities_wrong_arguments[&lt;lambda&gt;26]" time="0.0004544258117675781"><skipped message="Suite splitting in effect" type="pytest.skip">src/pymortests/grid.py:44: Suite splitting in effect</skipped></testcase><testcase classname="src.pymortests.grid" file="src/pymortests/grid.py" line="44" name="test_subentities_wrong_arguments[&lt;lambda&gt;27]" time="0.00042700767517089844"><skipped message="Suite splitting in effect" type="pytest.skip">src/pymortests/grid.py:44: Suite splitting in effect</skipped></testcase><testcase classname="src.pymortests.grid" file="src/pymortests/grid.py" line="44" name="test_subentities_wrong_arguments[&lt;lambda&gt;28]" time="0.0004191398620605469"><skipped message="Suite splitting in effect" type="pytest.skip">src/pymortests/grid.py:44: Suite splitting in effect</skipped></testcase><testcase classname="src.pymortests.grid" file="src/pymortests/grid.py" line="44" name="test_subentities_wrong_arguments[&lt;lambda&gt;29]" time="0.0004456043243408203"><skipped message="Suite splitting in effect" type="pytest.skip">src/pymortests/grid.py:44: Suite splitting in effect</skipped></testcase><testcase classname="src.pymortests.grid" file="src/pymortests/grid.py" line="44" name="test_subentities_wrong_arguments[&lt;lambda&gt;30]" time="0.0007433891296386719"><skipped message="Suite splitting in effect" type="pytest.skip">src/pymortests/grid.py:44: Suite splitting in effect</skipped></testcase><testcase classname="src.pymortests.grid" file="src/pymortests/grid.py" line="44" name="test_subentities_wrong_arguments[&lt;lambda&gt;31]" time="0.0004515647888183594"><skipped message="Suite splitting in effect" type="pytest.skip">src/pymortests/grid.py:44: Suite splitting in effect</skipped></testcase><testcase classname="src.pymortests.grid" file="src/pymortests/grid.py" line="44" name="test_subentities_wrong_arguments[&lt;lambda&gt;32]" time="0.0004730224609375"><skipped message="Suite splitting in effect" type="pytest.skip">src/pymortests/grid.py:44: Suite splitting in effect</skipped></testcase><testcase classname="src.pymortests.grid" file="src/pymortests/grid.py" line="44" name="test_subentities_wrong_arguments[&lt;lambda&gt;33]" time="0.0004162788391113281"><skipped message="Suite splitting in effect" type="pytest.skip">src/pymortests/grid.py:44: Suite splitting in effect</skipped></testcase><testcase classname="src.pymortests.grid" file="src/pymortests/grid.py" line="44" name="test_subentities_wrong_arguments[&lt;lambda&gt;34]" time="0.00044226646423339844"><skipped message="Suite splitting in effect" type="pytest.skip">src/pymortests/grid.py:44: Suite splitting in effect</skipped></testcase><testcase classname="src.pymortests.grid" file="src/pymortests/grid.py" line="44" name="test_subentities_wrong_arguments[&lt;lambda&gt;35]" time="0.0004115104675292969"><skipped message="Suite splitting in effect" type="pytest.skip">src/pymortests/grid.py:44: Suite splitting in effect</skipped></testcase><testcase classname="src.pymortests.grid" file="src/pymortests/grid.py" line="44" name="test_subentities_wrong_arguments[&lt;lambda&gt;36]" time="0.0006475448608398438"><skipped message="Suite splitting in effect" type="pytest.skip">src/pymortests/grid.py:44: Suite splitting in effect</skipped></testcase><testcase classname="src.pymortests.grid" file="src/pymortests/grid.py" line="44" name="test_subentities_wrong_arguments[&lt;lambda&gt;37]" time="0.0006692409515380859"><skipped message="Suite splitting in effect" type="pytest.skip">src/pymortests/grid.py:44: Suite splitting in effect</skipped></testcase><testcase classname="src.pymortests.grid" file="src/pymortests/grid.py" line="44" name="test_subentities_wrong_arguments[&lt;lambda&gt;38]" time="0.00119781494140625"><skipped message="Suite splitting in effect" type="pytest.skip">src/pymortests/grid.py:44: Suite splitting in effect</skipped></testcase><testcase classname="src.pymortests.grid" file="src/pymortests/grid.py" line="44" name="test_subentities_wrong_arguments[&lt;lambda&gt;39]" time="0.0004563331604003906"><skipped message="Suite splitting in effect" type="pytest.skip">src/pymortests/grid.py:44: Suite splitting in effect</skipped></testcase><testcase classname="src.pymortests.grid" file="src/pymortests/grid.py" line="44" name="test_subentities_wrong_arguments[&lt;lambda&gt;40]" time="0.0004856586456298828"><skipped message="Suite splitting in effect" type="pytest.skip">src/pymortests/grid.py:44: Suite splitting in effect</skipped></testcase><testcase classname="src.pymortests.grid" file="src/pymortests/grid.py" line="44" name="test_subentities_wrong_arguments[&lt;lambda&gt;41]" time="0.0004508495330810547"><skipped message="Suite splitting in effect" type="pytest.skip">src/pymortests/grid.py:44: Suite splitting in effect</skipped></testcase><testcase classname="src.pymortests.grid" file="src/pymortests/grid.py" line="44" name="test_subentities_wrong_arguments[&lt;lambda&gt;42]" time="0.0004324913024902344"><skipped message="Suite splitting in effect" type="pytest.skip">src/pymortests/grid.py:44: Suite splitting in effect</skipped></testcase><testcase classname="src.pymortests.grid" file="src/pymortests/grid.py" line="57" name="test_subentities_shape[&lt;lambda&gt;0]" time="0.0004429817199707031"><skipped message="Suite splitting in effect" type="pytest.skip">src/pymortests/grid.py:57: Suite splitting in effect</skipped></testcase><testcase classname="src.pymortests.grid" file="src/pymortests/grid.py" line="57" name="test_subentities_shape[&lt;lambda&gt;1]" time="0.00043511390686035156"><skipped message="Suite splitting in effect" type="pytest.skip">src/pymortests/grid.py:57: Suite splitting in effect</skipped></testcase><testcase classname="src.pymortests.grid" file="src/pymortests/grid.py" line="57" name="test_subentities_shape[&lt;lambda&gt;2]" time="0.00043010711669921875"><skipped message="Suite splitting in effect" type="pytest.skip">src/pymortests/grid.py:57: Suite splitting in effect</skipped></testcase><testcase classname="src.pymortests.grid" file="src/pymortests/grid.py" line="57" name="test_subentities_shape[&lt;lambda&gt;3]" time="0.0007205009460449219"><skipped message="Suite splitting in effect" type="pytest.skip">src/pymortests/grid.py:57: Suite splitting in effect</skipped></testcase><testcase classname="src.pymortests.grid" file="src/pymortests/grid.py" line="57" name="test_subentities_shape[&lt;lambda&gt;4]" time="0.0005168914794921875"><skipped message="Suite splitting in effect" type="pytest.skip">src/pymortests/grid.py:57: Suite splitting in effect</skipped></testcase><testcase classname="src.pymortests.grid" file="src/pymortests/grid.py" line="57" name="test_subentities_shape[&lt;lambda&gt;5]" time="0.0004305839538574219"><skipped message="Suite splitting in effect" type="pytest.skip">src/pymortests/grid.py:57: Suite splitting in effect</skipped></testcase><testcase classname="src.pymortests.grid" file="src/pymortests/grid.py" line="57" name="test_subentities_shape[&lt;lambda&gt;6]" time="0.0004367828369140625"><skipped message="Suite splitting in effect" type="pytest.skip">src/pymortests/grid.py:57: Suite splitting in effect</skipped></testcase><testcase classname="src.pymortests.grid" file="src/pymortests/grid.py" line="57" name="test_subentities_shape[&lt;lambda&gt;7]" time="0.0005383491516113281"><skipped message="Suite splitting in effect" type="pytest.skip">src/pymortests/grid.py:57: Suite splitting in effect</skipped></testcase><testcase classname="src.pymortests.grid" file="src/pymortests/grid.py" line="57" name="test_subentities_shape[&lt;lambda&gt;8]" time="0.0006368160247802734"><skipped message="Suite splitting in effect" type="pytest.skip">src/pymortests/grid.py:57: Suite splitting in effect</skipped></testcase><testcase classname="src.pymortests.grid" file="src/pymortests/grid.py" line="57" name="test_subentities_shape[&lt;lambda&gt;9]" time="0.0006337165832519531"><skipped message="Suite splitting in effect" type="pytest.skip">src/pymortests/grid.py:57: Suite splitting in effect</skipped></testcase><testcase classname="src.pymortests.grid" file="src/pymortests/grid.py" line="57" name="test_subentities_shape[&lt;lambda&gt;10]" time="0.0004627704620361328"><skipped message="Suite splitting in effect" type="pytest.skip">src/pymortests/grid.py:57: Suite splitting in effect</skipped></testcase><testcase classname="src.pymortests.grid" file="src/pymortests/grid.py" line="57" name="test_subentities_shape[&lt;lambda&gt;11]" time="0.0007541179656982422"><skipped message="Suite splitting in effect" type="pytest.skip">src/pymortests/grid.py:57: Suite splitting in effect</skipped></testcase><testcase classname="src.pymortests.grid" file="src/pymortests/grid.py" line="57" name="test_subentities_shape[&lt;lambda&gt;12]" time="0.00044846534729003906"><skipped message="Suite splitting in effect" type="pytest.skip">src/pymortests/grid.py:57: Suite splitting in effect</skipped></testcase><testcase classname="src.pymortests.grid" file="src/pymortests/grid.py" line="57" name="test_subentities_shape[&lt;lambda&gt;13]" time="0.0004436969757080078"><skipped message="Suite splitting in effect" type="pytest.skip">src/pymortests/grid.py:57: Suite splitting in effect</skipped></testcase><testcase classname="src.pymortests.grid" file="src/pymortests/grid.py" line="57" name="test_subentities_shape[&lt;lambda&gt;14]" time="0.000415802001953125"><skipped message="Suite splitting in effect" type="pytest.skip">src/pymortests/grid.py:57: Suite splitting in effect</skipped></testcase><testcase classname="src.pymortests.grid" file="src/pymortests/grid.py" line="57" name="test_subentities_shape[&lt;lambda&gt;15]" time="0.00043201446533203125"><skipped message="Suite splitting in effect" type="pytest.skip">src/pymortests/grid.py:57: Suite splitting in effect</skipped></testcase><testcase classname="src.pymortests.grid" file="src/pymortests/grid.py" line="57" name="test_subentities_shape[&lt;lambda&gt;16]" time="0.0004787445068359375"><skipped message="Suite splitting in effect" type="pytest.skip">src/pymortests/grid.py:57: Suite splitting in effect</skipped></testcase><testcase classname="src.pymortests.grid" file="src/pymortests/grid.py" line="57" name="test_subentities_shape[&lt;lambda&gt;17]" time="0.0004189014434814453"><skipped message="Suite splitting in effect" type="pytest.skip">src/pymortests/grid.py:57: Suite splitting in effect</skipped></testcase><testcase classname="src.pymortests.grid" file="src/pymortests/grid.py" line="57" name="test_subentities_shape[&lt;lambda&gt;18]" time="0.0004527568817138672"><skipped message="Suite splitting in effect" type="pytest.skip">src/pymortests/grid.py:57: Suite splitting in effect</skipped></testcase><testcase classname="src.pymortests.grid" file="src/pymortests/grid.py" line="57" name="test_subentities_shape[&lt;lambda&gt;19]" time="0.0007402896881103516"><skipped message="Suite splitting in effect" type="pytest.skip">src/pymortests/grid.py:57: Suite splitting in effect</skipped></testcase><testcase classname="src.pymortests.grid" file="src/pymortests/grid.py" line="57" name="test_subentities_shape[&lt;lambda&gt;20]" time="0.0006210803985595703"><skipped message="Suite splitting in effect" type="pytest.skip">src/pymortests/grid.py:57: Suite splitting in effect</skipped></testcase><testcase classname="src.pymortests.grid" file="src/pymortests/grid.py" line="57" name="test_subentities_shape[&lt;lambda&gt;21]" time="0.0006191730499267578"><skipped message="Suite splitting in effect" type="pytest.skip">src/pymortests/grid.py:57: Suite splitting in effect</skipped></testcase><testcase classname="src.pymortests.grid" file="src/pymortests/grid.py" line="57" name="test_subentities_shape[&lt;lambda&gt;22]" time="0.0005075931549072266"><skipped message="Suite splitting in effect" type="pytest.skip">src/pymortests/grid.py:57: Suite splitting in effect</skipped></testcase><testcase classname="src.pymortests.grid" file="src/pymortests/grid.py" line="57" name="test_subentities_shape[&lt;lambda&gt;23]" time="0.00044465065002441406"><skipped message="Suite splitting in effect" type="pytest.skip">src/pymortests/grid.py:57: Suite splitting in effect</skipped></testcase><testcase classname="src.pymortests.grid" file="src/pymortests/grid.py" line="57" name="test_subentities_shape[&lt;lambda&gt;24]" time="0.0004525184631347656"><skipped message="Suite splitting in effect" type="pytest.skip">src/pymortests/grid.py:57: Suite splitting in effect</skipped></testcase><testcase classname="src.pymortests.grid" file="src/pymortests/grid.py" line="57" name="test_subentities_shape[&lt;lambda&gt;25]" time="0.0004279613494873047"><skipped message="Suite splitting in effect" type="pytest.skip">src/pymortests/grid.py:57: Suite splitting in effect</skipped></testcase><testcase classname="src.pymortests.grid" file="src/pymortests/grid.py" line="57" name="test_subentities_shape[&lt;lambda&gt;26]" time="0.0004220008850097656"><skipped message="Suite splitting in effect" type="pytest.skip">src/pymortests/grid.py:57: Suite splitting in effect</skipped></testcase><testcase classname="src.pymortests.grid" file="src/pymortests/grid.py" line="57" name="test_subentities_shape[&lt;lambda&gt;27]" time="0.0007336139678955078"><skipped message="Suite splitting in effect" type="pytest.skip">src/pymortests/grid.py:57: Suite splitting in effect</skipped></testcase><testcase classname="src.pymortests.grid" file="src/pymortests/grid.py" line="57" name="test_subentities_shape[&lt;lambda&gt;28]" time="0.0004897117614746094"><skipped message="Suite splitting in effect" type="pytest.skip">src/pymortests/grid.py:57: Suite splitting in effect</skipped></testcase><testcase classname="src.pymortests.grid" file="src/pymortests/grid.py" line="57" name="test_subentities_shape[&lt;lambda&gt;29]" time="0.0004069805145263672"><skipped message="Suite splitting in effect" type="pytest.skip">src/pymortests/grid.py:57: Suite splitting in effect</skipped></testcase><testcase classname="src.pymortests.grid" file="src/pymortests/grid.py" line="57" name="test_subentities_shape[&lt;lambda&gt;30]" time="0.0004448890686035156"><skipped message="Suite splitting in effect" type="pytest.skip">src/pymortests/grid.py:57: Suite splitting in effect</skipped></testcase><testcase classname="src.pymortests.grid" file="src/pymortests/grid.py" line="57" name="test_subentities_shape[&lt;lambda&gt;31]" time="0.0004935264587402344"><skipped message="Suite splitting in effect" type="pytest.skip">src/pymortests/grid.py:57: Suite splitting in effect</skipped></testcase><testcase classname="src.pymortests.grid" file="src/pymortests/grid.py" line="57" name="test_subentities_shape[&lt;lambda&gt;32]" time="0.0004420280456542969"><skipped message="Suite splitting in effect" type="pytest.skip">src/pymortests/grid.py:57: Suite splitting in effect</skipped></testcase><testcase classname="src.pymortests.grid" file="src/pymortests/grid.py" line="57" name="test_subentities_shape[&lt;lambda&gt;33]" time="0.00042939186096191406"><skipped message="Suite splitting in effect" type="pytest.skip">src/pymortests/grid.py:57: Suite splitting in effect</skipped></testcase><testcase classname="src.pymortests.grid" file="src/pymortests/grid.py" line="57" name="test_subentities_shape[&lt;lambda&gt;34]" time="0.0004305839538574219"><skipped message="Suite splitting in effect" type="pytest.skip">src/pymortests/grid.py:57: Suite splitting in effect</skipped></testcase><testcase classname="src.pymortests.grid" file="src/pymortests/grid.py" line="57" name="test_subentities_shape[&lt;lambda&gt;35]" time="0.0007839202880859375"><skipped message="Suite splitting in effect" type="pytest.skip">src/pymortests/grid.py:57: Suite splitting in effect</skipped></testcase><testcase classname="src.pymortests.grid" file="src/pymortests/grid.py" line="57" name="test_subentities_shape[&lt;lambda&gt;36]" time="0.0006539821624755859"><skipped message="Suite splitting in effect" type="pytest.skip">src/pymortests/grid.py:57: Suite splitting in effect</skipped></testcase><testcase classname="src.pymortests.grid" file="src/pymortests/grid.py" line="57" name="test_subentities_shape[&lt;lambda&gt;37]" time="0.000652313232421875"><skipped message="Suite splitting in effect" type="pytest.skip">src/pymortests/grid.py:57: Suite splitting in effect</skipped></testcase><testcase classname="src.pymortests.grid" file="src/pymortests/grid.py" line="57" name="test_subentities_shape[&lt;lambda&gt;38]" time="0.00044846534729003906"><skipped message="Suite splitting in effect" type="pytest.skip">src/pymortests/grid.py:57: Suite splitting in effect</skipped></testcase><testcase classname="src.pymortests.grid" file="src/pymortests/grid.py" line="57" name="test_subentities_shape[&lt;lambda&gt;39]" time="0.0004489421844482422"><skipped message="Suite splitting in effect" type="pytest.skip">src/pymortests/grid.py:57: Suite splitting in effect</skipped></testcase><testcase classname="src.pymortests.grid" file="src/pymortests/grid.py" line="57" name="test_subentities_shape[&lt;lambda&gt;40]" time="0.00041937828063964844"><skipped message="Suite splitting in effect" type="pytest.skip">src/pymortests/grid.py:57: Suite splitting in effect</skipped></testcase><testcase classname="src.pymortests.grid" file="src/pymortests/grid.py" line="57" name="test_subentities_shape[&lt;lambda&gt;41]" time="0.00043010711669921875"><skipped message="Suite splitting in effect" type="pytest.skip">src/pymortests/grid.py:57: Suite splitting in effect</skipped></testcase><testcase classname="src.pymortests.grid" file="src/pymortests/grid.py" line="57" name="test_subentities_shape[&lt;lambda&gt;42]" time="0.0005064010620117188"><skipped message="Suite splitting in effect" type="pytest.skip">src/pymortests/grid.py:57: Suite splitting in effect</skipped></testcase><testcase classname="src.pymortests.grid" file="src/pymortests/grid.py" line="65" name="test_subentities_dtype[&lt;lambda&gt;0]" time="0.0008728504180908203"><skipped message="Suite splitting in effect" type="pytest.skip">src/pymortests/grid.py:65: Suite splitting in effect</skipped></testcase><testcase classname="src.pymortests.grid" file="src/pymortests/grid.py" line="65" name="test_subentities_dtype[&lt;lambda&gt;1]" time="0.00045943260192871094"><skipped message="Suite splitting in effect" type="pytest.skip">src/pymortests/grid.py:65: Suite splitting in effect</skipped></testcase><testcase classname="src.pymortests.grid" file="src/pymortests/grid.py" line="65" name="test_subentities_dtype[&lt;lambda&gt;2]" time="0.00042366981506347656"><skipped message="Suite splitting in effect" type="pytest.skip">src/pymortests/grid.py:65: Suite splitting in effect</skipped></testcase><testcase classname="src.pymortests.grid" file="src/pymortests/grid.py" line="65" name="test_subentities_dtype[&lt;lambda&gt;3]" time="0.0004291534423828125"><skipped message="Suite splitting in effect" type="pytest.skip">src/pymortests/grid.py:65: Suite splitting in effect</skipped></testcase><testcase classname="src.pymortests.grid" file="src/pymortests/grid.py" line="65" name="test_subentities_dtype[&lt;lambda&gt;4]" time="0.0004200935363769531"><skipped message="Suite splitting in effect" type="pytest.skip">src/pymortests/grid.py:65: Suite splitting in effect</skipped></testcase><testcase classname="src.pymortests.grid" file="src/pymortests/grid.py" line="65" name="test_subentities_dtype[&lt;lambda&gt;5]" time="0.0004417896270751953"><skipped message="Suite splitting in effect" type="pytest.skip">src/pymortests/grid.py:65: Suite splitting in effect</skipped></testcase><testcase classname="src.pymortests.grid" file="src/pymortests/grid.py" line="65" name="test_subentities_dtype[&lt;lambda&gt;6]" time="0.0005679130554199219"><skipped message="Suite splitting in effect" type="pytest.skip">src/pymortests/grid.py:65: Suite splitting in effect</skipped></testcase><testcase classname="src.pymortests.grid" file="src/pymortests/grid.py" line="65" name="test_subentities_dtype[&lt;lambda&gt;7]" time="0.0006096363067626953"><skipped message="Suite splitting in effect" type="pytest.skip">src/pymortests/grid.py:65: Suite splitting in effect</skipped></testcase><testcase classname="src.pymortests.grid" file="src/pymortests/grid.py" line="65" name="test_subentities_dtype[&lt;lambda&gt;8]" time="0.0010654926300048828"><skipped message="Suite splitting in effect" type="pytest.skip">src/pymortests/grid.py:65: Suite splitting in effect</skipped></testcase><testcase classname="src.pymortests.grid" file="src/pymortests/grid.py" line="65" name="test_subentities_dtype[&lt;lambda&gt;9]" time="0.0006444454193115234"><skipped message="Suite splitting in effect" type="pytest.skip">src/pymortests/grid.py:65: Suite splitting in effect</skipped></testcase><testcase classname="src.pymortests.grid" file="src/pymortests/grid.py" line="65" name="test_subentities_dtype[&lt;lambda&gt;10]" time="0.0006015300750732422"><skipped message="Suite splitting in effect" type="pytest.skip">src/pymortests/grid.py:65: Suite splitting in effect</skipped></testcase><testcase classname="src.pymortests.grid" file="src/pymortests/grid.py" line="65" name="test_subentities_dtype[&lt;lambda&gt;11]" time="0.0004665851593017578"><skipped message="Suite splitting in effect" type="pytest.skip">src/pymortests/grid.py:65: Suite splitting in effect</skipped></testcase><testcase classname="src.pymortests.grid" file="src/pymortests/grid.py" line="65" name="test_subentities_dtype[&lt;lambda&gt;12]" time="0.0004534721374511719"><skipped message="Suite splitting in effect" type="pytest.skip">src/pymortests/grid.py:65: Suite splitting in effect</skipped></testcase><testcase classname="src.pymortests.grid" file="src/pymortests/grid.py" line="65" name="test_subentities_dtype[&lt;lambda&gt;13]" time="0.0004334449768066406"><skipped message="Suite splitting in effect" type="pytest.skip">src/pymortests/grid.py:65: Suite splitting in effect</skipped></testcase><testcase classname="src.pymortests.grid" file="src/pymortests/grid.py" line="65" name="test_subentities_dtype[&lt;lambda&gt;14]" time="0.00048661231994628906"><skipped message="Suite splitting in effect" type="pytest.skip">src/pymortests/grid.py:65: Suite splitting in effect</skipped></testcase><testcase classname="src.pymortests.grid" file="src/pymortests/grid.py" line="65" name="test_subentities_dtype[&lt;lambda&gt;15]" time="0.0004994869232177734"><skipped message="Suite splitting in effect" type="pytest.skip">src/pymortests/grid.py:65: Suite splitting in effect</skipped></testcase><testcase classname="src.pymortests.grid" file="src/pymortests/grid.py" line="65" name="test_subentities_dtype[&lt;lambda&gt;16]" time="0.0007314682006835938"><skipped message="Suite splitting in effect" type="pytest.skip">src/pymortests/grid.py:65: Suite splitting in effect</skipped></testcase><testcase classname="src.pymortests.grid" file="src/pymortests/grid.py" line="65" name="test_subentities_dtype[&lt;lambda&gt;17]" time="0.00044155120849609375"><skipped message="Suite splitting in effect" type="pytest.skip">src/pymortests/grid.py:65: Suite splitting in effect</skipped></testcase><testcase classname="src.pymortests.grid" file="src/pymortests/grid.py" line="65" name="test_subentities_dtype[&lt;lambda&gt;18]" time="0.0004260540008544922"><skipped message="Suite splitting in effect" type="pytest.skip">src/pymortests/grid.py:65: Suite splitting in effect</skipped></testcase><testcase classname="src.pymortests.grid" file="src/pymortests/grid.py" line="65" name="test_subentities_dtype[&lt;lambda&gt;19]" time="0.00045490264892578125"><skipped message="Suite splitting in effect" type="pytest.skip">src/pymortests/grid.py:65: Suite splitting in effect</skipped></testcase><testcase classname="src.pymortests.grid" file="src/pymortests/grid.py" line="65" name="test_subentities_dtype[&lt;lambda&gt;20]" time="0.0004591941833496094"><skipped message="Suite splitting in effect" type="pytest.skip">src/pymortests/grid.py:65: Suite splitting in effect</skipped></testcase><testcase classname="src.pymortests.grid" file="src/pymortests/grid.py" line="65" name="test_subentities_dtype[&lt;lambda&gt;21]" time="0.00042700767517089844"><skipped message="Suite splitting in effect" type="pytest.skip">src/pymortests/grid.py:65: Suite splitting in effect</skipped></testcase><testcase classname="src.pymortests.grid" file="src/pymortests/grid.py" line="65" name="test_subentities_dtype[&lt;lambda&gt;22]" time="0.00042438507080078125"><skipped message="Suite splitting in effect" type="pytest.skip">src/pymortests/grid.py:65: Suite splitting in effect</skipped></testcase><testcase classname="src.pymortests.grid" file="src/pymortests/grid.py" line="65" name="test_subentities_dtype[&lt;lambda&gt;23]" time="0.0005252361297607422"><skipped message="Suite splitting in effect" type="pytest.skip">src/pymortests/grid.py:65: Suite splitting in effect</skipped></testcase><testcase classname="src.pymortests.grid" file="src/pymortests/grid.py" line="65" name="test_subentities_dtype[&lt;lambda&gt;24]" time="0.0007505416870117188"><skipped message="Suite splitting in effect" type="pytest.skip">src/pymortests/grid.py:65: Suite splitting in effect</skipped></testcase><testcase classname="src.pymortests.grid" file="src/pymortests/grid.py" line="65" name="test_subentities_dtype[&lt;lambda&gt;25]" time="0.0004420280456542969"><skipped message="Suite splitting in effect" type="pytest.skip">src/pymortests/grid.py:65: Suite splitting in effect</skipped></testcase><testcase classname="src.pymortests.grid" file="src/pymortests/grid.py" line="65" name="test_subentities_dtype[&lt;lambda&gt;26]" time="0.0006573200225830078"><skipped message="Suite splitting in effect" type="pytest.skip">src/pymortests/grid.py:65: Suite splitting in effect</skipped></testcase><testcase classname="src.pymortests.grid" file="src/pymortests/grid.py" line="65" name="test_subentities_dtype[&lt;lambda&gt;27]" time="0.00048065185546875"><skipped message="Suite splitting in effect" type="pytest.skip">src/pymortests/grid.py:65: Suite splitting in effect</skipped></testcase><testcase classname="src.pymortests.grid" file="src/pymortests/grid.py" line="65" name="test_subentities_dtype[&lt;lambda&gt;28]" time="0.0004603862762451172"><skipped message="Suite splitting in effect" type="pytest.skip">src/pymortests/grid.py:65: Suite splitting in effect</skipped></testcase><testcase classname="src.pymortests.grid" file="src/pymortests/grid.py" line="65" name="test_subentities_dtype[&lt;lambda&gt;29]" time="0.0004374980926513672"><skipped message="Suite splitting in effect" type="pytest.skip">src/pymortests/grid.py:65: Suite splitting in effect</skipped></testcase><testcase classname="src.pymortests.grid" file="src/pymortests/grid.py" line="65" name="test_subentities_dtype[&lt;lambda&gt;30]" time="0.0004851818084716797"><skipped message="Suite splitting in effect" type="pytest.skip">src/pymortests/grid.py:65: Suite splitting in effect</skipped></testcase><testcase classname="src.pymortests.grid" file="src/pymortests/grid.py" line="65" name="test_subentities_dtype[&lt;lambda&gt;31]" time="0.0005006790161132812"><skipped message="Suite splitting in effect" type="pytest.skip">src/pymortests/grid.py:65: Suite splitting in effect</skipped></testcase><testcase classname="src.pymortests.grid" file="src/pymortests/grid.py" line="65" name="test_subentities_dtype[&lt;lambda&gt;32]" time="0.0007517337799072266"><skipped message="Suite splitting in effect" type="pytest.skip">src/pymortests/grid.py:65: Suite splitting in effect</skipped></testcase><testcase classname="src.pymortests.grid" file="src/pymortests/grid.py" line="65" name="test_subentities_dtype[&lt;lambda&gt;33]" time="0.000423431396484375"><skipped message="Suite splitting in effect" type="pytest.skip">src/pymortests/grid.py:65: Suite splitting in effect</skipped></testcase><testcase classname="src.pymortests.grid" file="src/pymortests/grid.py" line="65" name="test_subentities_dtype[&lt;lambda&gt;34]" time="0.0004303455352783203"><skipped message="Suite splitting in effect" type="pytest.skip">src/pymortests/grid.py:65: Suite splitting in effect</skipped></testcase><testcase classname="src.pymortests.grid" file="src/pymortests/grid.py" line="65" name="test_subentities_dtype[&lt;lambda&gt;35]" time="0.00041985511779785156"><skipped message="Suite splitting in effect" type="pytest.skip">src/pymortests/grid.py:65: Suite splitting in effect</skipped></testcase><testcase classname="src.pymortests.grid" file="src/pymortests/grid.py" line="65" name="test_subentities_dtype[&lt;lambda&gt;36]" time="0.0005207061767578125"><skipped message="Suite splitting in effect" type="pytest.skip">src/pymortests/grid.py:65: Suite splitting in effect</skipped></testcase><testcase classname="src.pymortests.grid" file="src/pymortests/grid.py" line="65" name="test_subentities_dtype[&lt;lambda&gt;37]" time="0.0004436969757080078"><skipped message="Suite splitting in effect" type="pytest.skip">src/pymortests/grid.py:65: Suite splitting in effect</skipped></testcase><testcase classname="src.pymortests.grid" file="src/pymortests/grid.py" line="65" name="test_subentities_dtype[&lt;lambda&gt;38]" time="0.0004622936248779297"><skipped message="Suite splitting in effect" type="pytest.skip">src/pymortests/grid.py:65: Suite splitting in effect</skipped></testcase><testcase classname="src.pymortests.grid" file="src/pymortests/grid.py" line="65" name="test_subentities_dtype[&lt;lambda&gt;39]" time="0.0004887580871582031"><skipped message="Suite splitting in effect" type="pytest.skip">src/pymortests/grid.py:65: Suite splitting in effect</skipped></testcase><testcase classname="src.pymortests.grid" file="src/pymortests/grid.py" line="65" name="test_subentities_dtype[&lt;lambda&gt;40]" time="0.0008382797241210938"><skipped message="Suite splitting in effect" type="pytest.skip">src/pymortests/grid.py:65: Suite splitting in effect</skipped></testcase><testcase classname="src.pymortests.grid" file="src/pymortests/grid.py" line="65" name="test_subentities_dtype[&lt;lambda&gt;41]" time="0.0004935264587402344"><skipped message="Suite splitting in effect" type="pytest.skip">src/pymortests/grid.py:65: Suite splitting in effect</skipped></testcase><testcase classname="src.pymortests.grid" file="src/pymortests/grid.py" line="65" name="test_subentities_dtype[&lt;lambda&gt;42]" time="0.00044035911560058594"><skipped message="Suite splitting in effect" type="pytest.skip">src/pymortests/grid.py:65: Suite splitting in effect</skipped></testcase><testcase classname="src.pymortests.grid" file="src/pymortests/grid.py" line="72" name="test_subentities_entry_value_range[&lt;lambda&gt;0]" time="0.00042891502380371094"><skipped message="Suite splitting in effect" type="pytest.skip">src/pymortests/grid.py:72: Suite splitting in effect</skipped></testcase><testcase classname="src.pymortests.grid" file="src/pymortests/grid.py" line="72" name="test_subentities_entry_value_range[&lt;lambda&gt;1]" time="0.0006239414215087891"><skipped message="Suite splitting in effect" type="pytest.skip">src/pymortests/grid.py:72: Suite splitting in effect</skipped></testcase><testcase classname="src.pymortests.grid" file="src/pymortests/grid.py" line="72" name="test_subentities_entry_value_range[&lt;lambda&gt;2]" time="0.0006246566772460938"><skipped message="Suite splitting in effect" type="pytest.skip">src/pymortests/grid.py:72: Suite splitting in effect</skipped></testcase><testcase classname="src.pymortests.grid" file="src/pymortests/grid.py" line="72" name="test_subentities_entry_value_range[&lt;lambda&gt;3]" time="0.0006737709045410156"><skipped message="Suite splitting in effect" type="pytest.skip">src/pymortests/grid.py:72: Suite splitting in effect</skipped></testcase><testcase classname="src.pymortests.grid" file="src/pymortests/grid.py" line="72" name="test_subentities_entry_value_range[&lt;lambda&gt;4]" time="0.0005295276641845703"><skipped message="Suite splitting in effect" type="pytest.skip">src/pymortests/grid.py:72: Suite splitting in effect</skipped></testcase><testcase classname="src.pymortests.grid" file="src/pymortests/grid.py" line="72" name="test_subentities_entry_value_range[&lt;lambda&gt;5]" time="0.0009205341339111328"><skipped message="Suite splitting in effect" type="pytest.skip">src/pymortests/grid.py:72: Suite splitting in effect</skipped></testcase><testcase classname="src.pymortests.grid" file="src/pymortests/grid.py" line="72" name="test_subentities_entry_value_range[&lt;lambda&gt;6]" time="0.0004930496215820312"><skipped message="Suite splitting in effect" type="pytest.skip">src/pymortests/grid.py:72: Suite splitting in effect</skipped></testcase><testcase classname="src.pymortests.grid" file="src/pymortests/grid.py" line="72" name="test_subentities_entry_value_range[&lt;lambda&gt;7]" time="0.00048065185546875"><skipped message="Suite splitting in effect" type="pytest.skip">src/pymortests/grid.py:72: Suite splitting in effect</skipped></testcase><testcase classname="src.pymortests.grid" file="src/pymortests/grid.py" line="72" name="test_subentities_entry_value_range[&lt;lambda&gt;8]" time="0.0004096031188964844"><skipped message="Suite splitting in effect" type="pytest.skip">src/pymortests/grid.py:72: Suite splitting in effect</skipped></testcase><testcase classname="src.pymortests.grid" file="src/pymortests/grid.py" line="72" name="test_subentities_entry_value_range[&lt;lambda&gt;9]" time="0.0004811286926269531"><skipped message="Suite splitting in effect" type="pytest.skip">src/pymortests/grid.py:72: Suite splitting in effect</skipped></testcase><testcase classname="src.pymortests.grid" file="src/pymortests/grid.py" line="72" name="test_subentities_entry_value_range[&lt;lambda&gt;10]" time="0.00043582916259765625"><skipped message="Suite splitting in effect" type="pytest.skip">src/pymortests/grid.py:72: Suite splitting in effect</skipped></testcase><testcase classname="src.pymortests.grid" file="src/pymortests/grid.py" line="72" name="test_subentities_entry_value_range[&lt;lambda&gt;11]" time="0.0004246234893798828"><skipped message="Suite splitting in effect" type="pytest.skip">src/pymortests/grid.py:72: Suite splitting in effect</skipped></testcase><testcase classname="src.pymortests.grid" file="src/pymortests/grid.py" line="72" name="test_subentities_entry_value_range[&lt;lambda&gt;12]" time="0.00047469139099121094"><skipped message="Suite splitting in effect" type="pytest.skip">src/pymortests/grid.py:72: Suite splitting in effect</skipped></testcase><testcase classname="src.pymortests.grid" file="src/pymortests/grid.py" line="72" name="test_subentities_entry_value_range[&lt;lambda&gt;13]" time="0.0007297992706298828"><skipped message="Suite splitting in effect" type="pytest.skip">src/pymortests/grid.py:72: Suite splitting in effect</skipped></testcase><testcase classname="src.pymortests.grid" file="src/pymortests/grid.py" line="72" name="test_subentities_entry_value_range[&lt;lambda&gt;14]" time="0.0004425048828125"><skipped message="Suite splitting in effect" type="pytest.skip">src/pymortests/grid.py:72: Suite splitting in effect</skipped></testcase><testcase classname="src.pymortests.grid" file="src/pymortests/grid.py" line="72" name="test_subentities_entry_value_range[&lt;lambda&gt;15]" time="0.0004565715789794922"><skipped message="Suite splitting in effect" type="pytest.skip">src/pymortests/grid.py:72: Suite splitting in effect</skipped></testcase><testcase classname="src.pymortests.grid" file="src/pymortests/grid.py" line="72" name="test_subentities_entry_value_range[&lt;lambda&gt;16]" time="0.0004401206970214844"><skipped message="Suite splitting in effect" type="pytest.skip">src/pymortests/grid.py:72: Suite splitting in effect</skipped></testcase><testcase classname="src.pymortests.grid" file="src/pymortests/grid.py" line="72" name="test_subentities_entry_value_range[&lt;lambda&gt;17]" time="0.0005295276641845703"><skipped message="Suite splitting in effect" type="pytest.skip">src/pymortests/grid.py:72: Suite splitting in effect</skipped></testcase><testcase classname="src.pymortests.grid" file="src/pymortests/grid.py" line="72" name="test_subentities_entry_value_range[&lt;lambda&gt;18]" time="0.0004372596740722656"><skipped message="Suite splitting in effect" type="pytest.skip">src/pymortests/grid.py:72: Suite splitting in effect</skipped></testcase><testcase classname="src.pymortests.grid" file="src/pymortests/grid.py" line="72" name="test_subentities_entry_value_range[&lt;lambda&gt;19]" time="0.000579833984375"><skipped message="Suite splitting in effect" type="pytest.skip">src/pymortests/grid.py:72: Suite splitting in effect</skipped></testcase><testcase classname="src.pymortests.grid" file="src/pymortests/grid.py" line="72" name="test_subentities_entry_value_range[&lt;lambda&gt;20]" time="0.0006580352783203125"><skipped message="Suite splitting in effect" type="pytest.skip">src/pymortests/grid.py:72: Suite splitting in effect</skipped></testcase><testcase classname="src.pymortests.grid" file="src/pymortests/grid.py" line="72" name="test_subentities_entry_value_range[&lt;lambda&gt;21]" time="0.0010564327239990234"><skipped message="Suite splitting in effect" type="pytest.skip">src/pymortests/grid.py:72: Suite splitting in effect</skipped></testcase><testcase classname="src.pymortests.grid" file="src/pymortests/grid.py" line="72" name="test_subentities_entry_value_range[&lt;lambda&gt;22]" time="0.0006251335144042969"><skipped message="Suite splitting in effect" type="pytest.skip">src/pymortests/grid.py:72: Suite splitting in effect</skipped></testcase><testcase classname="src.pymortests.grid" file="src/pymortests/grid.py" line="72" name="test_subentities_entry_value_range[&lt;lambda&gt;23]" time="0.0006794929504394531"><skipped message="Suite splitting in effect" type="pytest.skip">src/pymortests/grid.py:72: Suite splitting in effect</skipped></testcase><testcase classname="src.pymortests.grid" file="src/pymortests/grid.py" line="72" name="test_subentities_entry_value_range[&lt;lambda&gt;24]" time="0.00048613548278808594"><skipped message="Suite splitting in effect" type="pytest.skip">src/pymortests/grid.py:72: Suite splitting in effect</skipped></testcase><testcase classname="src.pymortests.grid" file="src/pymortests/grid.py" line="72" name="test_subentities_entry_value_range[&lt;lambda&gt;25]" time="0.0005075931549072266"><skipped message="Suite splitting in effect" type="pytest.skip">src/pymortests/grid.py:72: Suite splitting in effect</skipped></testcase><testcase classname="src.pymortests.grid" file="src/pymortests/grid.py" line="72" name="test_subentities_entry_value_range[&lt;lambda&gt;26]" time="0.000423431396484375"><skipped message="Suite splitting in effect" type="pytest.skip">src/pymortests/grid.py:72: Suite splitting in effect</skipped></testcase><testcase classname="src.pymortests.grid" file="src/pymortests/grid.py" line="72" name="test_subentities_entry_value_range[&lt;lambda&gt;27]" time="0.0004582405090332031"><skipped message="Suite splitting in effect" type="pytest.skip">src/pymortests/grid.py:72: Suite splitting in effect</skipped></testcase><testcase classname="src.pymortests.grid" file="src/pymortests/grid.py" line="72" name="test_subentities_entry_value_range[&lt;lambda&gt;28]" time="0.0004956722259521484"><skipped message="Suite splitting in effect" type="pytest.skip">src/pymortests/grid.py:72: Suite splitting in effect</skipped></testcase><testcase classname="src.pymortests.grid" file="src/pymortests/grid.py" line="72" name="test_subentities_entry_value_range[&lt;lambda&gt;29]" time="0.0007665157318115234"><skipped message="Suite splitting in effect" type="pytest.skip">src/pymortests/grid.py:72: Suite splitting in effect</skipped></testcase><testcase classname="src.pymortests.grid" file="src/pymortests/grid.py" line="72" name="test_subentities_entry_value_range[&lt;lambda&gt;30]" time="0.0005106925964355469"><skipped message="Suite splitting in effect" type="pytest.skip">src/pymortests/grid.py:72: Suite splitting in effect</skipped></testcase><testcase classname="src.pymortests.grid" file="src/pymortests/grid.py" line="72" name="test_subentities_entry_value_range[&lt;lambda&gt;31]" time="0.00040984153747558594"><skipped message="Suite splitting in effect" type="pytest.skip">src/pymortests/grid.py:72: Suite splitting in effect</skipped></testcase><testcase classname="src.pymortests.grid" file="src/pymortests/grid.py" line="72" name="test_subentities_entry_value_range[&lt;lambda&gt;32]" time="0.00046896934509277344"><skipped message="Suite splitting in effect" type="pytest.skip">src/pymortests/grid.py:72: Suite splitting in effect</skipped></testcase><testcase classname="src.pymortests.grid" file="src/pymortests/grid.py" line="72" name="test_subentities_entry_value_range[&lt;lambda&gt;33]" time="0.0005123615264892578"><skipped message="Suite splitting in effect" type="pytest.skip">src/pymortests/grid.py:72: Suite splitting in effect</skipped></testcase><testcase classname="src.pymortests.grid" file="src/pymortests/grid.py" line="72" name="test_subentities_entry_value_range[&lt;lambda&gt;34]" time="0.00045990943908691406"><skipped message="Suite splitting in effect" type="pytest.skip">src/pymortests/grid.py:72: Suite splitting in effect</skipped></testcase><testcase classname="src.pymortests.grid" file="src/pymortests/grid.py" line="72" name="test_subentities_entry_value_range[&lt;lambda&gt;35]" time="0.0004563331604003906"><skipped message="Suite splitting in effect" type="pytest.skip">src/pymortests/grid.py:72: Suite splitting in effect</skipped></testcase><testcase classname="src.pymortests.grid" file="src/pymortests/grid.py" line="72" name="test_subentities_entry_value_range[&lt;lambda&gt;36]" time="0.0004372596740722656"><skipped message="Suite splitting in effect" type="pytest.skip">src/pymortests/grid.py:72: Suite splitting in effect</skipped></testcase><testcase classname="src.pymortests.grid" file="src/pymortests/grid.py" line="72" name="test_subentities_entry_value_range[&lt;lambda&gt;37]" time="0.0008084774017333984"><skipped message="Suite splitting in effect" type="pytest.skip">src/pymortests/grid.py:72: Suite splitting in effect</skipped></testcase><testcase classname="src.pymortests.grid" file="src/pymortests/grid.py" line="72" name="test_subentities_entry_value_range[&lt;lambda&gt;38]" time="0.0004374980926513672"><skipped message="Suite splitting in effect" type="pytest.skip">src/pymortests/grid.py:72: Suite splitting in effect</skipped></testcase><testcase classname="src.pymortests.grid" file="src/pymortests/grid.py" line="72" name="test_subentities_entry_value_range[&lt;lambda&gt;39]" time="0.0004341602325439453"><skipped message="Suite splitting in effect" type="pytest.skip">src/pymortests/grid.py:72: Suite splitting in effect</skipped></testcase><testcase classname="src.pymortests.grid" file="src/pymortests/grid.py" line="72" name="test_subentities_entry_value_range[&lt;lambda&gt;40]" time="0.0004489421844482422"><skipped message="Suite splitting in effect" type="pytest.skip">src/pymortests/grid.py:72: Suite splitting in effect</skipped></testcase><testcase classname="src.pymortests.grid" file="src/pymortests/grid.py" line="72" name="test_subentities_entry_value_range[&lt;lambda&gt;41]" time="0.0004794597625732422"><skipped message="Suite splitting in effect" type="pytest.skip">src/pymortests/grid.py:72: Suite splitting in effect</skipped></testcase><testcase classname="src.pymortests.grid" file="src/pymortests/grid.py" line="72" name="test_subentities_entry_value_range[&lt;lambda&gt;42]" time="0.00044608116149902344"><skipped message="Suite splitting in effect" type="pytest.skip">src/pymortests/grid.py:72: Suite splitting in effect</skipped></testcase><testcase classname="src.pymortests.grid" file="src/pymortests/grid.py" line="80" name="test_subentities_entry_values_unique[&lt;lambda&gt;0]" time="0.00044345855712890625"><skipped message="Suite splitting in effect" type="pytest.skip">src/pymortests/grid.py:80: Suite splitting in effect</skipped></testcase><testcase classname="src.pymortests.grid" file="src/pymortests/grid.py" line="80" name="test_subentities_entry_values_unique[&lt;lambda&gt;1]" time="0.0007123947143554688"><skipped message="Suite splitting in effect" type="pytest.skip">src/pymortests/grid.py:80: Suite splitting in effect</skipped></testcase><testcase classname="src.pymortests.grid" file="src/pymortests/grid.py" line="80" name="test_subentities_entry_values_unique[&lt;lambda&gt;2]" time="0.001092672348022461"><skipped message="Suite splitting in effect" type="pytest.skip">src/pymortests/grid.py:80: Suite splitting in effect</skipped></testcase><testcase classname="src.pymortests.grid" file="src/pymortests/grid.py" line="80" name="test_subentities_entry_values_unique[&lt;lambda&gt;3]" time="0.00046539306640625"><skipped message="Suite splitting in effect" type="pytest.skip">src/pymortests/grid.py:80: Suite splitting in effect</skipped></testcase><testcase classname="src.pymortests.grid" file="src/pymortests/grid.py" line="80" name="test_subentities_entry_values_unique[&lt;lambda&gt;4]" time="0.0004661083221435547"><skipped message="Suite splitting in effect" type="pytest.skip">src/pymortests/grid.py:80: Suite splitting in effect</skipped></testcase><testcase classname="src.pymortests.grid" file="src/pymortests/grid.py" line="80" name="test_subentities_entry_values_unique[&lt;lambda&gt;5]" time="0.00042629241943359375"><skipped message="Suite splitting in effect" type="pytest.skip">src/pymortests/grid.py:80: Suite splitting in effect</skipped></testcase><testcase classname="src.pymortests.grid" file="src/pymortests/grid.py" line="80" name="test_subentities_entry_values_unique[&lt;lambda&gt;6]" time="0.0004715919494628906"><skipped message="Suite splitting in effect" type="pytest.skip">src/pymortests/grid.py:80: Suite splitting in effect</skipped></testcase><testcase classname="src.pymortests.grid" file="src/pymortests/grid.py" line="80" name="test_subentities_entry_values_unique[&lt;lambda&gt;7]" time="0.00044918060302734375"><skipped message="Suite splitting in effect" type="pytest.skip">src/pymortests/grid.py:80: Suite splitting in effect</skipped></testcase><testcase classname="src.pymortests.grid" file="src/pymortests/grid.py" line="80" name="test_subentities_entry_values_unique[&lt;lambda&gt;8]" time="0.00045609474182128906"><skipped message="Suite splitting in effect" type="pytest.skip">src/pymortests/grid.py:80: Suite splitting in effect</skipped></testcase><testcase classname="src.pymortests.grid" file="src/pymortests/grid.py" line="80" name="test_subentities_entry_values_unique[&lt;lambda&gt;9]" time="0.0005681514739990234"><skipped message="Suite splitting in effect" type="pytest.skip">src/pymortests/grid.py:80: Suite splitting in effect</skipped></testcase><testcase classname="src.pymortests.grid" file="src/pymortests/grid.py" line="80" name="test_subentities_entry_values_unique[&lt;lambda&gt;10]" time="0.0008015632629394531"><skipped message="Suite splitting in effect" type="pytest.skip">src/pymortests/grid.py:80: Suite splitting in effect</skipped></testcase><testcase classname="src.pymortests.grid" file="src/pymortests/grid.py" line="80" name="test_subentities_entry_values_unique[&lt;lambda&gt;11]" time="0.0006525516510009766"><skipped message="Suite splitting in effect" type="pytest.skip">src/pymortests/grid.py:80: Suite splitting in effect</skipped></testcase><testcase classname="src.pymortests.grid" file="src/pymortests/grid.py" line="80" name="test_subentities_entry_values_unique[&lt;lambda&gt;12]" time="0.0006208419799804688"><skipped message="Suite splitting in effect" type="pytest.skip">src/pymortests/grid.py:80: Suite splitting in effect</skipped></testcase><testcase classname="src.pymortests.grid" file="src/pymortests/grid.py" line="80" name="test_subentities_entry_values_unique[&lt;lambda&gt;13]" time="0.0009944438934326172"><skipped message="Suite splitting in effect" type="pytest.skip">src/pymortests/grid.py:80: Suite splitting in effect</skipped></testcase><testcase classname="src.pymortests.grid" file="src/pymortests/grid.py" line="80" name="test_subentities_entry_values_unique[&lt;lambda&gt;14]" time="0.0004191398620605469"><skipped message="Suite splitting in effect" type="pytest.skip">src/pymortests/grid.py:80: Suite splitting in effect</skipped></testcase><testcase classname="src.pymortests.grid" file="src/pymortests/grid.py" line="80" name="test_subentities_entry_values_unique[&lt;lambda&gt;15]" time="0.00047278404235839844"><skipped message="Suite splitting in effect" type="pytest.skip">src/pymortests/grid.py:80: Suite splitting in effect</skipped></testcase><testcase classname="src.pymortests.grid" file="src/pymortests/grid.py" line="80" name="test_subentities_entry_values_unique[&lt;lambda&gt;16]" time="0.00047087669372558594"><skipped message="Suite splitting in effect" type="pytest.skip">src/pymortests/grid.py:80: Suite splitting in effect</skipped></testcase><testcase classname="src.pymortests.grid" file="src/pymortests/grid.py" line="80" name="test_subentities_entry_values_unique[&lt;lambda&gt;17]" time="0.0004267692565917969"><skipped message="Suite splitting in effect" type="pytest.skip">src/pymortests/grid.py:80: Suite splitting in effect</skipped></testcase><testcase classname="src.pymortests.grid" file="src/pymortests/grid.py" line="80" name="test_subentities_entry_values_unique[&lt;lambda&gt;18]" time="0.0007872581481933594"><skipped message="Suite splitting in effect" type="pytest.skip">src/pymortests/grid.py:80: Suite splitting in effect</skipped></testcase><testcase classname="src.pymortests.grid" file="src/pymortests/grid.py" line="80" name="test_subentities_entry_values_unique[&lt;lambda&gt;19]" time="0.0005049705505371094"><skipped message="Suite splitting in effect" type="pytest.skip">src/pymortests/grid.py:80: Suite splitting in effect</skipped></testcase><testcase classname="src.pymortests.grid" file="src/pymortests/grid.py" line="80" name="test_subentities_entry_values_unique[&lt;lambda&gt;20]" time="0.0004298686981201172"><skipped message="Suite splitting in effect" type="pytest.skip">src/pymortests/grid.py:80: Suite splitting in effect</skipped></testcase><testcase classname="src.pymortests.grid" file="src/pymortests/grid.py" line="80" name="test_subentities_entry_values_unique[&lt;lambda&gt;21]" time="0.00045180320739746094"><skipped message="Suite splitting in effect" type="pytest.skip">src/pymortests/grid.py:80: Suite splitting in effect</skipped></testcase><testcase classname="src.pymortests.grid" file="src/pymortests/grid.py" line="80" name="test_subentities_entry_values_unique[&lt;lambda&gt;22]" time="0.00047779083251953125"><skipped message="Suite splitting in effect" type="pytest.skip">src/pymortests/grid.py:80: Suite splitting in effect</skipped></testcase><testcase classname="src.pymortests.grid" file="src/pymortests/grid.py" line="80" name="test_subentities_entry_values_unique[&lt;lambda&gt;23]" time="0.0004277229309082031"><skipped message="Suite splitting in effect" type="pytest.skip">src/pymortests/grid.py:80: Suite splitting in effect</skipped></testcase><testcase classname="src.pymortests.grid" file="src/pymortests/grid.py" line="80" name="test_subentities_entry_values_unique[&lt;lambda&gt;24]" time="0.0004620552062988281"><skipped message="Suite splitting in effect" type="pytest.skip">src/pymortests/grid.py:80: Suite splitting in effect</skipped></testcase><testcase classname="src.pymortests.grid" file="src/pymortests/grid.py" line="80" name="test_subentities_entry_values_unique[&lt;lambda&gt;25]" time="0.0006239414215087891"><skipped message="Suite splitting in effect" type="pytest.skip">src/pymortests/grid.py:80: Suite splitting in effect</skipped></testcase><testcase classname="src.pymortests.grid" file="src/pymortests/grid.py" line="80" name="test_subentities_entry_values_unique[&lt;lambda&gt;26]" time="0.001035928726196289"><skipped message="Suite splitting in effect" type="pytest.skip">src/pymortests/grid.py:80: Suite splitting in effect</skipped></testcase><testcase classname="src.pymortests.grid" file="src/pymortests/grid.py" line="80" name="test_subentities_entry_values_unique[&lt;lambda&gt;27]" time="0.00043392181396484375"><skipped message="Suite splitting in effect" type="pytest.skip">src/pymortests/grid.py:80: Suite splitting in effect</skipped></testcase><testcase classname="src.pymortests.grid" file="src/pymortests/grid.py" line="80" name="test_subentities_entry_values_unique[&lt;lambda&gt;28]" time="0.0004172325134277344"><skipped message="Suite splitting in effect" type="pytest.skip">src/pymortests/grid.py:80: Suite splitting in effect</skipped></testcase><testcase classname="src.pymortests.grid" file="src/pymortests/grid.py" line="80" name="test_subentities_entry_values_unique[&lt;lambda&gt;29]" time="0.0004601478576660156"><skipped message="Suite splitting in effect" type="pytest.skip">src/pymortests/grid.py:80: Suite splitting in effect</skipped></testcase><testcase classname="src.pymortests.grid" file="src/pymortests/grid.py" line="80" name="test_subentities_entry_values_unique[&lt;lambda&gt;30]" time="0.00043010711669921875"><skipped message="Suite splitting in effect" type="pytest.skip">src/pymortests/grid.py:80: Suite splitting in effect</skipped></testcase><testcase classname="src.pymortests.grid" file="src/pymortests/grid.py" line="80" name="test_subentities_entry_values_unique[&lt;lambda&gt;31]" time="0.0004184246063232422"><skipped message="Suite splitting in effect" type="pytest.skip">src/pymortests/grid.py:80: Suite splitting in effect</skipped></testcase><testcase classname="src.pymortests.grid" file="src/pymortests/grid.py" line="80" name="test_subentities_entry_values_unique[&lt;lambda&gt;32]" time="0.0005047321319580078"><skipped message="Suite splitting in effect" type="pytest.skip">src/pymortests/grid.py:80: Suite splitting in effect</skipped></testcase><testcase classname="src.pymortests.grid" file="src/pymortests/grid.py" line="80" name="test_subentities_entry_values_unique[&lt;lambda&gt;33]" time="0.0004100799560546875"><skipped message="Suite splitting in effect" type="pytest.skip">src/pymortests/grid.py:80: Suite splitting in effect</skipped></testcase><testcase classname="src.pymortests.grid" file="src/pymortests/grid.py" line="80" name="test_subentities_entry_values_unique[&lt;lambda&gt;34]" time="0.0007879734039306641"><skipped message="Suite splitting in effect" type="pytest.skip">src/pymortests/grid.py:80: Suite splitting in effect</skipped></testcase><testcase classname="src.pymortests.grid" file="src/pymortests/grid.py" line="80" name="test_subentities_entry_values_unique[&lt;lambda&gt;35]" time="0.00045013427734375"><skipped message="Suite splitting in effect" type="pytest.skip">src/pymortests/grid.py:80: Suite splitting in effect</skipped></testcase><testcase classname="src.pymortests.grid" file="src/pymortests/grid.py" line="80" name="test_subentities_entry_values_unique[&lt;lambda&gt;36]" time="0.0004608631134033203"><skipped message="Suite splitting in effect" type="pytest.skip">src/pymortests/grid.py:80: Suite splitting in effect</skipped></testcase><testcase classname="src.pymortests.grid" file="src/pymortests/grid.py" line="80" name="test_subentities_entry_values_unique[&lt;lambda&gt;37]" time="0.0004329681396484375"><skipped message="Suite splitting in effect" type="pytest.skip">src/pymortests/grid.py:80: Suite splitting in effect</skipped></testcase><testcase classname="src.pymortests.grid" file="src/pymortests/grid.py" line="80" name="test_subentities_entry_values_unique[&lt;lambda&gt;38]" time="0.0004100799560546875"><skipped message="Suite splitting in effect" type="pytest.skip">src/pymortests/grid.py:80: Suite splitting in effect</skipped></testcase><testcase classname="src.pymortests.grid" file="src/pymortests/grid.py" line="80" name="test_subentities_entry_values_unique[&lt;lambda&gt;39]" time="0.0004889965057373047"><skipped message="Suite splitting in effect" type="pytest.skip">src/pymortests/grid.py:80: Suite splitting in effect</skipped></testcase><testcase classname="src.pymortests.grid" file="src/pymortests/grid.py" line="80" name="test_subentities_entry_values_unique[&lt;lambda&gt;40]" time="0.0004911422729492188"><skipped message="Suite splitting in effect" type="pytest.skip">src/pymortests/grid.py:80: Suite splitting in effect</skipped></testcase><testcase classname="src.pymortests.grid" file="src/pymortests/grid.py" line="80" name="test_subentities_entry_values_unique[&lt;lambda&gt;41]" time="0.0004398822784423828"><skipped message="Suite splitting in effect" type="pytest.skip">src/pymortests/grid.py:80: Suite splitting in effect</skipped></testcase><testcase classname="src.pymortests.grid" file="src/pymortests/grid.py" line="80" name="test_subentities_entry_values_unique[&lt;lambda&gt;42]" time="0.0009236335754394531"><skipped message="Suite splitting in effect" type="pytest.skip">src/pymortests/grid.py:80: Suite splitting in effect</skipped></testcase><testcase classname="src.pymortests.grid" file="src/pymortests/grid.py" line="89" name="test_subentities_codim_d_codim_d[&lt;lambda&gt;0]" time="0.0004937648773193359"><skipped message="Suite splitting in effect" type="pytest.skip">src/pymortests/grid.py:89: Suite splitting in effect</skipped></testcase><testcase classname="src.pymortests.grid" file="src/pymortests/grid.py" line="89" name="test_subentities_codim_d_codim_d[&lt;lambda&gt;1]" time="0.00045418739318847656"><skipped message="Suite splitting in effect" type="pytest.skip">src/pymortests/grid.py:89: Suite splitting in effect</skipped></testcase><testcase classname="src.pymortests.grid" file="src/pymortests/grid.py" line="89" name="test_subentities_codim_d_codim_d[&lt;lambda&gt;2]" time="0.0004899501800537109"><skipped message="Suite splitting in effect" type="pytest.skip">src/pymortests/grid.py:89: Suite splitting in effect</skipped></testcase><testcase classname="src.pymortests.grid" file="src/pymortests/grid.py" line="89" name="test_subentities_codim_d_codim_d[&lt;lambda&gt;3]" time="0.0005035400390625"><skipped message="Suite splitting in effect" type="pytest.skip">src/pymortests/grid.py:89: Suite splitting in effect</skipped></testcase><testcase classname="src.pymortests.grid" file="src/pymortests/grid.py" line="89" name="test_subentities_codim_d_codim_d[&lt;lambda&gt;4]" time="0.0004506111145019531"><skipped message="Suite splitting in effect" type="pytest.skip">src/pymortests/grid.py:89: Suite splitting in effect</skipped></testcase><testcase classname="src.pymortests.grid" file="src/pymortests/grid.py" line="89" name="test_subentities_codim_d_codim_d[&lt;lambda&gt;5]" time="0.0004248619079589844"><skipped message="Suite splitting in effect" type="pytest.skip">src/pymortests/grid.py:89: Suite splitting in effect</skipped></testcase><testcase classname="src.pymortests.grid" file="src/pymortests/grid.py" line="89" name="test_subentities_codim_d_codim_d[&lt;lambda&gt;6]" time="0.00046825408935546875"><skipped message="Suite splitting in effect" type="pytest.skip">src/pymortests/grid.py:89: Suite splitting in effect</skipped></testcase><testcase classname="src.pymortests.grid" file="src/pymortests/grid.py" line="89" name="test_subentities_codim_d_codim_d[&lt;lambda&gt;7]" time="0.0007648468017578125"><skipped message="Suite splitting in effect" type="pytest.skip">src/pymortests/grid.py:89: Suite splitting in effect</skipped></testcase><testcase classname="src.pymortests.grid" file="src/pymortests/grid.py" line="89" name="test_subentities_codim_d_codim_d[&lt;lambda&gt;8]" time="0.0005102157592773438"><skipped message="Suite splitting in effect" type="pytest.skip">src/pymortests/grid.py:89: Suite splitting in effect</skipped></testcase><testcase classname="src.pymortests.grid" file="src/pymortests/grid.py" line="89" name="test_subentities_codim_d_codim_d[&lt;lambda&gt;9]" time="0.00046896934509277344"><skipped message="Suite splitting in effect" type="pytest.skip">src/pymortests/grid.py:89: Suite splitting in effect</skipped></testcase><testcase classname="src.pymortests.grid" file="src/pymortests/grid.py" line="89" name="test_subentities_codim_d_codim_d[&lt;lambda&gt;10]" time="0.0004177093505859375"><skipped message="Suite splitting in effect" type="pytest.skip">src/pymortests/grid.py:89: Suite splitting in effect</skipped></testcase><testcase classname="src.pymortests.grid" file="src/pymortests/grid.py" line="89" name="test_subentities_codim_d_codim_d[&lt;lambda&gt;11]" time="0.0005245208740234375"><skipped message="Suite splitting in effect" type="pytest.skip">src/pymortests/grid.py:89: Suite splitting in effect</skipped></testcase><testcase classname="src.pymortests.grid" file="src/pymortests/grid.py" line="89" name="test_subentities_codim_d_codim_d[&lt;lambda&gt;12]" time="0.00042819976806640625"><skipped message="Suite splitting in effect" type="pytest.skip">src/pymortests/grid.py:89: Suite splitting in effect</skipped></testcase><testcase classname="src.pymortests.grid" file="src/pymortests/grid.py" line="89" name="test_subentities_codim_d_codim_d[&lt;lambda&gt;13]" time="0.0004565715789794922"><skipped message="Suite splitting in effect" type="pytest.skip">src/pymortests/grid.py:89: Suite splitting in effect</skipped></testcase><testcase classname="src.pymortests.grid" file="src/pymortests/grid.py" line="89" name="test_subentities_codim_d_codim_d[&lt;lambda&gt;14]" time="0.0004394054412841797"><skipped message="Suite splitting in effect" type="pytest.skip">src/pymortests/grid.py:89: Suite splitting in effect</skipped></testcase><testcase classname="src.pymortests.grid" file="src/pymortests/grid.py" line="89" name="test_subentities_codim_d_codim_d[&lt;lambda&gt;15]" time="0.0009617805480957031"><skipped message="Suite splitting in effect" type="pytest.skip">src/pymortests/grid.py:89: Suite splitting in effect</skipped></testcase><testcase classname="src.pymortests.grid" file="src/pymortests/grid.py" line="89" name="test_subentities_codim_d_codim_d[&lt;lambda&gt;16]" time="0.0005691051483154297"><skipped message="Suite splitting in effect" type="pytest.skip">src/pymortests/grid.py:89: Suite splitting in effect</skipped></testcase><testcase classname="src.pymortests.grid" file="src/pymortests/grid.py" line="89" name="test_subentities_codim_d_codim_d[&lt;lambda&gt;17]" time="0.00042700767517089844"><skipped message="Suite splitting in effect" type="pytest.skip">src/pymortests/grid.py:89: Suite splitting in effect</skipped></testcase><testcase classname="src.pymortests.grid" file="src/pymortests/grid.py" line="89" name="test_subentities_codim_d_codim_d[&lt;lambda&gt;18]" time="0.00044798851013183594"><skipped message="Suite splitting in effect" type="pytest.skip">src/pymortests/grid.py:89: Suite splitting in effect</skipped></testcase><testcase classname="src.pymortests.grid" file="src/pymortests/grid.py" line="89" name="test_subentities_codim_d_codim_d[&lt;lambda&gt;19]" time="0.0004076957702636719"><skipped message="Suite splitting in effect" type="pytest.skip">src/pymortests/grid.py:89: Suite splitting in effect</skipped></testcase><testcase classname="src.pymortests.grid" file="src/pymortests/grid.py" line="89" name="test_subentities_codim_d_codim_d[&lt;lambda&gt;20]" time="0.00042510032653808594"><skipped message="Suite splitting in effect" type="pytest.skip">src/pymortests/grid.py:89: Suite splitting in effect</skipped></testcase><testcase classname="src.pymortests.grid" file="src/pymortests/grid.py" line="89" name="test_subentities_codim_d_codim_d[&lt;lambda&gt;21]" time="0.0004792213439941406"><skipped message="Suite splitting in effect" type="pytest.skip">src/pymortests/grid.py:89: Suite splitting in effect</skipped></testcase><testcase classname="src.pymortests.grid" file="src/pymortests/grid.py" line="89" name="test_subentities_codim_d_codim_d[&lt;lambda&gt;22]" time="0.00043201446533203125"><skipped message="Suite splitting in effect" type="pytest.skip">src/pymortests/grid.py:89: Suite splitting in effect</skipped></testcase><testcase classname="src.pymortests.grid" file="src/pymortests/grid.py" line="89" name="test_subentities_codim_d_codim_d[&lt;lambda&gt;23]" time="0.0007681846618652344"><skipped message="Suite splitting in effect" type="pytest.skip">src/pymortests/grid.py:89: Suite splitting in effect</skipped></testcase><testcase classname="src.pymortests.grid" file="src/pymortests/grid.py" line="89" name="test_subentities_codim_d_codim_d[&lt;lambda&gt;24]" time="0.0004267692565917969"><skipped message="Suite splitting in effect" type="pytest.skip">src/pymortests/grid.py:89: Suite splitting in effect</skipped></testcase><testcase classname="src.pymortests.grid" file="src/pymortests/grid.py" line="89" name="test_subentities_codim_d_codim_d[&lt;lambda&gt;25]" time="0.0004303455352783203"><skipped message="Suite splitting in effect" type="pytest.skip">src/pymortests/grid.py:89: Suite splitting in effect</skipped></testcase><testcase classname="src.pymortests.grid" file="src/pymortests/grid.py" line="89" name="test_subentities_codim_d_codim_d[&lt;lambda&gt;26]" time="0.0005981922149658203"><skipped message="Suite splitting in effect" type="pytest.skip">src/pymortests/grid.py:89: Suite splitting in effect</skipped></testcase><testcase classname="src.pymortests.grid" file="src/pymortests/grid.py" line="89" name="test_subentities_codim_d_codim_d[&lt;lambda&gt;27]" time="0.0004601478576660156"><skipped message="Suite splitting in effect" type="pytest.skip">src/pymortests/grid.py:89: Suite splitting in effect</skipped></testcase><testcase classname="src.pymortests.grid" file="src/pymortests/grid.py" line="89" name="test_subentities_codim_d_codim_d[&lt;lambda&gt;28]" time="0.00046706199645996094"><skipped message="Suite splitting in effect" type="pytest.skip">src/pymortests/grid.py:89: Suite splitting in effect</skipped></testcase><testcase classname="src.pymortests.grid" file="src/pymortests/grid.py" line="89" name="test_subentities_codim_d_codim_d[&lt;lambda&gt;29]" time="0.0005002021789550781"><skipped message="Suite splitting in effect" type="pytest.skip">src/pymortests/grid.py:89: Suite splitting in effect</skipped></testcase><testcase classname="src.pymortests.grid" file="src/pymortests/grid.py" line="89" name="test_subentities_codim_d_codim_d[&lt;lambda&gt;30]" time="0.00043487548828125"><skipped message="Suite splitting in effect" type="pytest.skip">src/pymortests/grid.py:89: Suite splitting in effect</skipped></testcase><testcase classname="src.pymortests.grid" file="src/pymortests/grid.py" line="89" name="test_subentities_codim_d_codim_d[&lt;lambda&gt;31]" time="0.0007276535034179688"><skipped message="Suite splitting in effect" type="pytest.skip">src/pymortests/grid.py:89: Suite splitting in effect</skipped></testcase><testcase classname="src.pymortests.grid" file="src/pymortests/grid.py" line="89" name="test_subentities_codim_d_codim_d[&lt;lambda&gt;32]" time="0.00045800209045410156"><skipped message="Suite splitting in effect" type="pytest.skip">src/pymortests/grid.py:89: Suite splitting in effect</skipped></testcase><testcase classname="src.pymortests.grid" file="src/pymortests/grid.py" line="89" name="test_subentities_codim_d_codim_d[&lt;lambda&gt;33]" time="0.00043964385986328125"><skipped message="Suite splitting in effect" type="pytest.skip">src/pymortests/grid.py:89: Suite splitting in effect</skipped></testcase><testcase classname="src.pymortests.grid" file="src/pymortests/grid.py" line="89" name="test_subentities_codim_d_codim_d[&lt;lambda&gt;34]" time="0.00045943260192871094"><skipped message="Suite splitting in effect" type="pytest.skip">src/pymortests/grid.py:89: Suite splitting in effect</skipped></testcase><testcase classname="src.pymortests.grid" file="src/pymortests/grid.py" line="89" name="test_subentities_codim_d_codim_d[&lt;lambda&gt;35]" time="0.00041961669921875"><skipped message="Suite splitting in effect" type="pytest.skip">src/pymortests/grid.py:89: Suite splitting in effect</skipped></testcase><testcase classname="src.pymortests.grid" file="src/pymortests/grid.py" line="89" name="test_subentities_codim_d_codim_d[&lt;lambda&gt;36]" time="0.00048542022705078125"><skipped message="Suite splitting in effect" type="pytest.skip">src/pymortests/grid.py:89: Suite splitting in effect</skipped></testcase><testcase classname="src.pymortests.grid" file="src/pymortests/grid.py" line="89" name="test_subentities_codim_d_codim_d[&lt;lambda&gt;37]" time="0.0004382133483886719"><skipped message="Suite splitting in effect" type="pytest.skip">src/pymortests/grid.py:89: Suite splitting in effect</skipped></testcase><testcase classname="src.pymortests.grid" file="src/pymortests/grid.py" line="89" name="test_subentities_codim_d_codim_d[&lt;lambda&gt;38]" time="0.00044727325439453125"><skipped message="Suite splitting in effect" type="pytest.skip">src/pymortests/grid.py:89: Suite splitting in effect</skipped></testcase><testcase classname="src.pymortests.grid" file="src/pymortests/grid.py" line="89" name="test_subentities_codim_d_codim_d[&lt;lambda&gt;39]" time="0.0007793903350830078"><skipped message="Suite splitting in effect" type="pytest.skip">src/pymortests/grid.py:89: Suite splitting in effect</skipped></testcase><testcase classname="src.pymortests.grid" file="src/pymortests/grid.py" line="89" name="test_subentities_codim_d_codim_d[&lt;lambda&gt;40]" time="0.0004169940948486328"><skipped message="Suite splitting in effect" type="pytest.skip">src/pymortests/grid.py:89: Suite splitting in effect</skipped></testcase><testcase classname="src.pymortests.grid" file="src/pymortests/grid.py" line="89" name="test_subentities_codim_d_codim_d[&lt;lambda&gt;41]" time="0.0004220008850097656"><skipped message="Suite splitting in effect" type="pytest.skip">src/pymortests/grid.py:89: Suite splitting in effect</skipped></testcase><testcase classname="src.pymortests.grid" file="src/pymortests/grid.py" line="89" name="test_subentities_codim_d_codim_d[&lt;lambda&gt;42]" time="0.0005276203155517578"><skipped message="Suite splitting in effect" type="pytest.skip">src/pymortests/grid.py:89: Suite splitting in effect</skipped></testcase><testcase classname="src.pymortests.grid" file="src/pymortests/grid.py" line="96" name="test_subentities_transitivity[&lt;lambda&gt;0]" time="0.0004775524139404297"><skipped message="Suite splitting in effect" type="pytest.skip">src/pymortests/grid.py:96: Suite splitting in effect</skipped></testcase><testcase classname="src.pymortests.grid" file="src/pymortests/grid.py" line="96" name="test_subentities_transitivity[&lt;lambda&gt;1]" time="0.0004787445068359375"><skipped message="Suite splitting in effect" type="pytest.skip">src/pymortests/grid.py:96: Suite splitting in effect</skipped></testcase><testcase classname="src.pymortests.grid" file="src/pymortests/grid.py" line="96" name="test_subentities_transitivity[&lt;lambda&gt;2]" time="0.000431060791015625"><skipped message="Suite splitting in effect" type="pytest.skip">src/pymortests/grid.py:96: Suite splitting in effect</skipped></testcase><testcase classname="src.pymortests.grid" file="src/pymortests/grid.py" line="96" name="test_subentities_transitivity[&lt;lambda&gt;3]" time="0.0005092620849609375"><skipped message="Suite splitting in effect" type="pytest.skip">src/pymortests/grid.py:96: Suite splitting in effect</skipped></testcase><testcase classname="src.pymortests.grid" file="src/pymortests/grid.py" line="96" name="test_subentities_transitivity[&lt;lambda&gt;4]" time="0.0009443759918212891"><skipped message="Suite splitting in effect" type="pytest.skip">src/pymortests/grid.py:96: Suite splitting in effect</skipped></testcase><testcase classname="src.pymortests.grid" file="src/pymortests/grid.py" line="96" name="test_subentities_transitivity[&lt;lambda&gt;5]" time="0.0004570484161376953"><skipped message="Suite splitting in effect" type="pytest.skip">src/pymortests/grid.py:96: Suite splitting in effect</skipped></testcase><testcase classname="src.pymortests.grid" file="src/pymortests/grid.py" line="96" name="test_subentities_transitivity[&lt;lambda&gt;6]" time="0.00043892860412597656"><skipped message="Suite splitting in effect" type="pytest.skip">src/pymortests/grid.py:96: Suite splitting in effect</skipped></testcase><testcase classname="src.pymortests.grid" file="src/pymortests/grid.py" line="96" name="test_subentities_transitivity[&lt;lambda&gt;7]" time="0.000431060791015625"><skipped message="Suite splitting in effect" type="pytest.skip">src/pymortests/grid.py:96: Suite splitting in effect</skipped></testcase><testcase classname="src.pymortests.grid" file="src/pymortests/grid.py" line="96" name="test_subentities_transitivity[&lt;lambda&gt;8]" time="0.0004520416259765625"><skipped message="Suite splitting in effect" type="pytest.skip">src/pymortests/grid.py:96: Suite splitting in effect</skipped></testcase><testcase classname="src.pymortests.grid" file="src/pymortests/grid.py" line="96" name="test_subentities_transitivity[&lt;lambda&gt;9]" time="0.0004315376281738281"><skipped message="Suite splitting in effect" type="pytest.skip">src/pymortests/grid.py:96: Suite splitting in effect</skipped></testcase><testcase classname="src.pymortests.grid" file="src/pymortests/grid.py" line="96" name="test_subentities_transitivity[&lt;lambda&gt;10]" time="0.0004482269287109375"><skipped message="Suite splitting in effect" type="pytest.skip">src/pymortests/grid.py:96: Suite splitting in effect</skipped></testcase><testcase classname="src.pymortests.grid" file="src/pymortests/grid.py" line="96" name="test_subentities_transitivity[&lt;lambda&gt;11]" time="0.00043082237243652344"><skipped message="Suite splitting in effect" type="pytest.skip">src/pymortests/grid.py:96: Suite splitting in effect</skipped></testcase><testcase classname="src.pymortests.grid" file="src/pymortests/grid.py" line="96" name="test_subentities_transitivity[&lt;lambda&gt;12]" time="0.000843048095703125"><skipped message="Suite splitting in effect" type="pytest.skip">src/pymortests/grid.py:96: Suite splitting in effect</skipped></testcase><testcase classname="src.pymortests.grid" file="src/pymortests/grid.py" line="96" name="test_subentities_transitivity[&lt;lambda&gt;13]" time="0.0004622936248779297"><skipped message="Suite splitting in effect" type="pytest.skip">src/pymortests/grid.py:96: Suite splitting in effect</skipped></testcase><testcase classname="src.pymortests.grid" file="src/pymortests/grid.py" line="96" name="test_subentities_transitivity[&lt;lambda&gt;14]" time="0.00045561790466308594"><skipped message="Suite splitting in effect" type="pytest.skip">src/pymortests/grid.py:96: Suite splitting in effect</skipped></testcase><testcase classname="src.pymortests.grid" file="src/pymortests/grid.py" line="96" name="test_subentities_transitivity[&lt;lambda&gt;15]" time="0.00046181678771972656"><skipped message="Suite splitting in effect" type="pytest.skip">src/pymortests/grid.py:96: Suite splitting in effect</skipped></testcase><testcase classname="src.pymortests.grid" file="src/pymortests/grid.py" line="96" name="test_subentities_transitivity[&lt;lambda&gt;16]" time="0.0004227161407470703"><skipped message="Suite splitting in effect" type="pytest.skip">src/pymortests/grid.py:96: Suite splitting in effect</skipped></testcase><testcase classname="src.pymortests.grid" file="src/pymortests/grid.py" line="96" name="test_subentities_transitivity[&lt;lambda&gt;17]" time="0.0004112720489501953"><skipped message="Suite splitting in effect" type="pytest.skip">src/pymortests/grid.py:96: Suite splitting in effect</skipped></testcase><testcase classname="src.pymortests.grid" file="src/pymortests/grid.py" line="96" name="test_subentities_transitivity[&lt;lambda&gt;18]" time="0.00042510032653808594"><skipped message="Suite splitting in effect" type="pytest.skip">src/pymortests/grid.py:96: Suite splitting in effect</skipped></testcase><testcase classname="src.pymortests.grid" file="src/pymortests/grid.py" line="96" name="test_subentities_transitivity[&lt;lambda&gt;19]" time="0.00045943260192871094"><skipped message="Suite splitting in effect" type="pytest.skip">src/pymortests/grid.py:96: Suite splitting in effect</skipped></testcase><testcase classname="src.pymortests.grid" file="src/pymortests/grid.py" line="96" name="test_subentities_transitivity[&lt;lambda&gt;20]" time="0.000766754150390625"><skipped message="Suite splitting in effect" type="pytest.skip">src/pymortests/grid.py:96: Suite splitting in effect</skipped></testcase><testcase classname="src.pymortests.grid" file="src/pymortests/grid.py" line="96" name="test_subentities_transitivity[&lt;lambda&gt;21]" time="0.0004284381866455078"><skipped message="Suite splitting in effect" type="pytest.skip">src/pymortests/grid.py:96: Suite splitting in effect</skipped></testcase><testcase classname="src.pymortests.grid" file="src/pymortests/grid.py" line="96" name="test_subentities_transitivity[&lt;lambda&gt;22]" time="0.0004200935363769531"><skipped message="Suite splitting in effect" type="pytest.skip">src/pymortests/grid.py:96: Suite splitting in effect</skipped></testcase><testcase classname="src.pymortests.grid" file="src/pymortests/grid.py" line="96" name="test_subentities_transitivity[&lt;lambda&gt;23]" time="0.00042366981506347656"><skipped message="Suite splitting in effect" type="pytest.skip">src/pymortests/grid.py:96: Suite splitting in effect</skipped></testcase><testcase classname="src.pymortests.grid" file="src/pymortests/grid.py" line="96" name="test_subentities_transitivity[&lt;lambda&gt;24]" time="0.00044798851013183594"><skipped message="Suite splitting in effect" type="pytest.skip">src/pymortests/grid.py:96: Suite splitting in effect</skipped></testcase><testcase classname="src.pymortests.grid" file="src/pymortests/grid.py" line="96" name="test_subentities_transitivity[&lt;lambda&gt;25]" time="0.0004596710205078125"><skipped message="Suite splitting in effect" type="pytest.skip">src/pymortests/grid.py:96: Suite splitting in effect</skipped></testcase><testcase classname="src.pymortests.grid" file="src/pymortests/grid.py" line="96" name="test_subentities_transitivity[&lt;lambda&gt;26]" time="0.0004687309265136719"><skipped message="Suite splitting in effect" type="pytest.skip">src/pymortests/grid.py:96: Suite splitting in effect</skipped></testcase><testcase classname="src.pymortests.grid" file="src/pymortests/grid.py" line="96" name="test_subentities_transitivity[&lt;lambda&gt;27]" time="0.00043702125549316406"><skipped message="Suite splitting in effect" type="pytest.skip">src/pymortests/grid.py:96: Suite splitting in effect</skipped></testcase><testcase classname="src.pymortests.grid" file="src/pymortests/grid.py" line="96" name="test_subentities_transitivity[&lt;lambda&gt;28]" time="0.0007431507110595703"><skipped message="Suite splitting in effect" type="pytest.skip">src/pymortests/grid.py:96: Suite splitting in effect</skipped></testcase><testcase classname="src.pymortests.grid" file="src/pymortests/grid.py" line="96" name="test_subentities_transitivity[&lt;lambda&gt;29]" time="0.00047588348388671875"><skipped message="Suite splitting in effect" type="pytest.skip">src/pymortests/grid.py:96: Suite splitting in effect</skipped></testcase><testcase classname="src.pymortests.grid" file="src/pymortests/grid.py" line="96" name="test_subentities_transitivity[&lt;lambda&gt;30]" time="0.00047326087951660156"><skipped message="Suite splitting in effect" type="pytest.skip">src/pymortests/grid.py:96: Suite splitting in effect</skipped></testcase><testcase classname="src.pymortests.grid" file="src/pymortests/grid.py" line="96" name="test_subentities_transitivity[&lt;lambda&gt;31]" time="0.00044226646423339844"><skipped message="Suite splitting in effect" type="pytest.skip">src/pymortests/grid.py:96: Suite splitting in effect</skipped></testcase><testcase classname="src.pymortests.grid" file="src/pymortests/grid.py" line="96" name="test_subentities_transitivity[&lt;lambda&gt;32]" time="0.0004100799560546875"><skipped message="Suite splitting in effect" type="pytest.skip">src/pymortests/grid.py:96: Suite splitting in effect</skipped></testcase><testcase classname="src.pymortests.grid" file="src/pymortests/grid.py" line="96" name="test_subentities_transitivity[&lt;lambda&gt;33]" time="0.0004489421844482422"><skipped message="Suite splitting in effect" type="pytest.skip">src/pymortests/grid.py:96: Suite splitting in effect</skipped></testcase><testcase classname="src.pymortests.grid" file="src/pymortests/grid.py" line="96" name="test_subentities_transitivity[&lt;lambda&gt;34]" time="0.0005533695220947266"><skipped message="Suite splitting in effect" type="pytest.skip">src/pymortests/grid.py:96: Suite splitting in effect</skipped></testcase><testcase classname="src.pymortests.grid" file="src/pymortests/grid.py" line="96" name="test_subentities_transitivity[&lt;lambda&gt;35]" time="0.0004725456237792969"><skipped message="Suite splitting in effect" type="pytest.skip">src/pymortests/grid.py:96: Suite splitting in effect</skipped></testcase><testcase classname="src.pymortests.grid" file="src/pymortests/grid.py" line="96" name="test_subentities_transitivity[&lt;lambda&gt;36]" time="0.0007474422454833984"><skipped message="Suite splitting in effect" type="pytest.skip">src/pymortests/grid.py:96: Suite splitting in effect</skipped></testcase><testcase classname="src.pymortests.grid" file="src/pymortests/grid.py" line="96" name="test_subentities_transitivity[&lt;lambda&gt;37]" time="0.0004642009735107422"><skipped message="Suite splitting in effect" type="pytest.skip">src/pymortests/grid.py:96: Suite splitting in effect</skipped></testcase><testcase classname="src.pymortests.grid" file="src/pymortests/grid.py" line="96" name="test_subentities_transitivity[&lt;lambda&gt;38]" time="0.0004763603210449219"><skipped message="Suite splitting in effect" type="pytest.skip">src/pymortests/grid.py:96: Suite splitting in effect</skipped></testcase><testcase classname="src.pymortests.grid" file="src/pymortests/grid.py" line="96" name="test_subentities_transitivity[&lt;lambda&gt;39]" time="0.0004394054412841797"><skipped message="Suite splitting in effect" type="pytest.skip">src/pymortests/grid.py:96: Suite splitting in effect</skipped></testcase><testcase classname="src.pymortests.grid" file="src/pymortests/grid.py" line="96" name="test_subentities_transitivity[&lt;lambda&gt;40]" time="0.0004203319549560547"><skipped message="Suite splitting in effect" type="pytest.skip">src/pymortests/grid.py:96: Suite splitting in effect</skipped></testcase><testcase classname="src.pymortests.grid" file="src/pymortests/grid.py" line="96" name="test_subentities_transitivity[&lt;lambda&gt;41]" time="0.000457763671875"><skipped message="Suite splitting in effect" type="pytest.skip">src/pymortests/grid.py:96: Suite splitting in effect</skipped></testcase><testcase classname="src.pymortests.grid" file="src/pymortests/grid.py" line="96" name="test_subentities_transitivity[&lt;lambda&gt;42]" time="0.00041961669921875"><skipped message="Suite splitting in effect" type="pytest.skip">src/pymortests/grid.py:96: Suite splitting in effect</skipped></testcase><testcase classname="src.pymortests.grid" file="src/pymortests/grid.py" line="110" name="test_superentities_wrong_arguments[&lt;lambda&gt;0]" time="0.0004773139953613281"><skipped message="Suite splitting in effect" type="pytest.skip">src/pymortests/grid.py:110: Suite splitting in effect</skipped></testcase><testcase classname="src.pymortests.grid" file="src/pymortests/grid.py" line="110" name="test_superentities_wrong_arguments[&lt;lambda&gt;1]" time="0.0007534027099609375"><skipped message="Suite splitting in effect" type="pytest.skip">src/pymortests/grid.py:110: Suite splitting in effect</skipped></testcase><testcase classname="src.pymortests.grid" file="src/pymortests/grid.py" line="110" name="test_superentities_wrong_arguments[&lt;lambda&gt;2]" time="0.0004856586456298828"><skipped message="Suite splitting in effect" type="pytest.skip">src/pymortests/grid.py:110: Suite splitting in effect</skipped></testcase><testcase classname="src.pymortests.grid" file="src/pymortests/grid.py" line="110" name="test_superentities_wrong_arguments[&lt;lambda&gt;3]" time="0.00044274330139160156"><skipped message="Suite splitting in effect" type="pytest.skip">src/pymortests/grid.py:110: Suite splitting in effect</skipped></testcase><testcase classname="src.pymortests.grid" file="src/pymortests/grid.py" line="110" name="test_superentities_wrong_arguments[&lt;lambda&gt;4]" time="0.00041747093200683594"><skipped message="Suite splitting in effect" type="pytest.skip">src/pymortests/grid.py:110: Suite splitting in effect</skipped></testcase><testcase classname="src.pymortests.grid" file="src/pymortests/grid.py" line="110" name="test_superentities_wrong_arguments[&lt;lambda&gt;5]" time="0.0004906654357910156"><skipped message="Suite splitting in effect" type="pytest.skip">src/pymortests/grid.py:110: Suite splitting in effect</skipped></testcase><testcase classname="src.pymortests.grid" file="src/pymortests/grid.py" line="110" name="test_superentities_wrong_arguments[&lt;lambda&gt;6]" time="0.00043582916259765625"><skipped message="Suite splitting in effect" type="pytest.skip">src/pymortests/grid.py:110: Suite splitting in effect</skipped></testcase><testcase classname="src.pymortests.grid" file="src/pymortests/grid.py" line="110" name="test_superentities_wrong_arguments[&lt;lambda&gt;7]" time="0.00044417381286621094"><skipped message="Suite splitting in effect" type="pytest.skip">src/pymortests/grid.py:110: Suite splitting in effect</skipped></testcase><testcase classname="src.pymortests.grid" file="src/pymortests/grid.py" line="110" name="test_superentities_wrong_arguments[&lt;lambda&gt;8]" time="0.0004546642303466797"><skipped message="Suite splitting in effect" type="pytest.skip">src/pymortests/grid.py:110: Suite splitting in effect</skipped></testcase><testcase classname="src.pymortests.grid" file="src/pymortests/grid.py" line="110" name="test_superentities_wrong_arguments[&lt;lambda&gt;9]" time="0.0007262229919433594"><skipped message="Suite splitting in effect" type="pytest.skip">src/pymortests/grid.py:110: Suite splitting in effect</skipped></testcase><testcase classname="src.pymortests.grid" file="src/pymortests/grid.py" line="110" name="test_superentities_wrong_arguments[&lt;lambda&gt;10]" time="0.00046539306640625"><skipped message="Suite splitting in effect" type="pytest.skip">src/pymortests/grid.py:110: Suite splitting in effect</skipped></testcase><testcase classname="src.pymortests.grid" file="src/pymortests/grid.py" line="110" name="test_superentities_wrong_arguments[&lt;lambda&gt;11]" time="0.00041031837463378906"><skipped message="Suite splitting in effect" type="pytest.skip">src/pymortests/grid.py:110: Suite splitting in effect</skipped></testcase><testcase classname="src.pymortests.grid" file="src/pymortests/grid.py" line="110" name="test_superentities_wrong_arguments[&lt;lambda&gt;12]" time="0.0004582405090332031"><skipped message="Suite splitting in effect" type="pytest.skip">src/pymortests/grid.py:110: Suite splitting in effect</skipped></testcase><testcase classname="src.pymortests.grid" file="src/pymortests/grid.py" line="110" name="test_superentities_wrong_arguments[&lt;lambda&gt;13]" time="0.00044918060302734375"><skipped message="Suite splitting in effect" type="pytest.skip">src/pymortests/grid.py:110: Suite splitting in effect</skipped></testcase><testcase classname="src.pymortests.grid" file="src/pymortests/grid.py" line="110" name="test_superentities_wrong_arguments[&lt;lambda&gt;14]" time="0.00044727325439453125"><skipped message="Suite splitting in effect" type="pytest.skip">src/pymortests/grid.py:110: Suite splitting in effect</skipped></testcase><testcase classname="src.pymortests.grid" file="src/pymortests/grid.py" line="110" name="test_superentities_wrong_arguments[&lt;lambda&gt;15]" time="0.00041961669921875"><skipped message="Suite splitting in effect" type="pytest.skip">src/pymortests/grid.py:110: Suite splitting in effect</skipped></testcase><testcase classname="src.pymortests.grid" file="src/pymortests/grid.py" line="110" name="test_superentities_wrong_arguments[&lt;lambda&gt;16]" time="0.0004527568817138672"><skipped message="Suite splitting in effect" type="pytest.skip">src/pymortests/grid.py:110: Suite splitting in effect</skipped></testcase><testcase classname="src.pymortests.grid" file="src/pymortests/grid.py" line="110" name="test_superentities_wrong_arguments[&lt;lambda&gt;17]" time="0.0007598400115966797"><skipped message="Suite splitting in effect" type="pytest.skip">src/pymortests/grid.py:110: Suite splitting in effect</skipped></testcase><testcase classname="src.pymortests.grid" file="src/pymortests/grid.py" line="110" name="test_superentities_wrong_arguments[&lt;lambda&gt;18]" time="0.0005702972412109375"><skipped message="Suite splitting in effect" type="pytest.skip">src/pymortests/grid.py:110: Suite splitting in effect</skipped></testcase><testcase classname="src.pymortests.grid" file="src/pymortests/grid.py" line="110" name="test_superentities_wrong_arguments[&lt;lambda&gt;19]" time="0.0004248619079589844"><skipped message="Suite splitting in effect" type="pytest.skip">src/pymortests/grid.py:110: Suite splitting in effect</skipped></testcase><testcase classname="src.pymortests.grid" file="src/pymortests/grid.py" line="110" name="test_superentities_wrong_arguments[&lt;lambda&gt;20]" time="0.00044417381286621094"><skipped message="Suite splitting in effect" type="pytest.skip">src/pymortests/grid.py:110: Suite splitting in effect</skipped></testcase><testcase classname="src.pymortests.grid" file="src/pymortests/grid.py" line="110" name="test_superentities_wrong_arguments[&lt;lambda&gt;21]" time="0.0004591941833496094"><skipped message="Suite splitting in effect" type="pytest.skip">src/pymortests/grid.py:110: Suite splitting in effect</skipped></testcase><testcase classname="src.pymortests.grid" file="src/pymortests/grid.py" line="110" name="test_superentities_wrong_arguments[&lt;lambda&gt;22]" time="0.0004324913024902344"><skipped message="Suite splitting in effect" type="pytest.skip">src/pymortests/grid.py:110: Suite splitting in effect</skipped></testcase><testcase classname="src.pymortests.grid" file="src/pymortests/grid.py" line="110" name="test_superentities_wrong_arguments[&lt;lambda&gt;23]" time="0.00045680999755859375"><skipped message="Suite splitting in effect" type="pytest.skip">src/pymortests/grid.py:110: Suite splitting in effect</skipped></testcase><testcase classname="src.pymortests.grid" file="src/pymortests/grid.py" line="110" name="test_superentities_wrong_arguments[&lt;lambda&gt;24]" time="0.0004291534423828125"><skipped message="Suite splitting in effect" type="pytest.skip">src/pymortests/grid.py:110: Suite splitting in effect</skipped></testcase><testcase classname="src.pymortests.grid" file="src/pymortests/grid.py" line="110" name="test_superentities_wrong_arguments[&lt;lambda&gt;25]" time="0.0011677742004394531"><skipped message="Suite splitting in effect" type="pytest.skip">src/pymortests/grid.py:110: Suite splitting in effect</skipped></testcase><testcase classname="src.pymortests.grid" file="src/pymortests/grid.py" line="110" name="test_superentities_wrong_arguments[&lt;lambda&gt;26]" time="0.00045418739318847656"><skipped message="Suite splitting in effect" type="pytest.skip">src/pymortests/grid.py:110: Suite splitting in effect</skipped></testcase><testcase classname="src.pymortests.grid" file="src/pymortests/grid.py" line="110" name="test_superentities_wrong_arguments[&lt;lambda&gt;27]" time="0.00041937828063964844"><skipped message="Suite splitting in effect" type="pytest.skip">src/pymortests/grid.py:110: Suite splitting in effect</skipped></testcase><testcase classname="src.pymortests.grid" file="src/pymortests/grid.py" line="110" name="test_superentities_wrong_arguments[&lt;lambda&gt;28]" time="0.00042438507080078125"><skipped message="Suite splitting in effect" type="pytest.skip">src/pymortests/grid.py:110: Suite splitting in effect</skipped></testcase><testcase classname="src.pymortests.grid" file="src/pymortests/grid.py" line="110" name="test_superentities_wrong_arguments[&lt;lambda&gt;29]" time="0.0004210472106933594"><skipped message="Suite splitting in effect" type="pytest.skip">src/pymortests/grid.py:110: Suite splitting in effect</skipped></testcase><testcase classname="src.pymortests.grid" file="src/pymortests/grid.py" line="110" name="test_superentities_wrong_arguments[&lt;lambda&gt;30]" time="0.00043392181396484375"><skipped message="Suite splitting in effect" type="pytest.skip">src/pymortests/grid.py:110: Suite splitting in effect</skipped></testcase><testcase classname="src.pymortests.grid" file="src/pymortests/grid.py" line="110" name="test_superentities_wrong_arguments[&lt;lambda&gt;31]" time="0.000423431396484375"><skipped message="Suite splitting in effect" type="pytest.skip">src/pymortests/grid.py:110: Suite splitting in effect</skipped></testcase><testcase classname="src.pymortests.grid" file="src/pymortests/grid.py" line="110" name="test_superentities_wrong_arguments[&lt;lambda&gt;32]" time="0.00043964385986328125"><skipped message="Suite splitting in effect" type="pytest.skip">src/pymortests/grid.py:110: Suite splitting in effect</skipped></testcase><testcase classname="src.pymortests.grid" file="src/pymortests/grid.py" line="110" name="test_superentities_wrong_arguments[&lt;lambda&gt;33]" time="0.0007421970367431641"><skipped message="Suite splitting in effect" type="pytest.skip">src/pymortests/grid.py:110: Suite splitting in effect</skipped></testcase><testcase classname="src.pymortests.grid" file="src/pymortests/grid.py" line="110" name="test_superentities_wrong_arguments[&lt;lambda&gt;34]" time="0.00045013427734375"><skipped message="Suite splitting in effect" type="pytest.skip">src/pymortests/grid.py:110: Suite splitting in effect</skipped></testcase><testcase classname="src.pymortests.grid" file="src/pymortests/grid.py" line="110" name="test_superentities_wrong_arguments[&lt;lambda&gt;35]" time="0.0004394054412841797"><skipped message="Suite splitting in effect" type="pytest.skip">src/pymortests/grid.py:110: Suite splitting in effect</skipped></testcase><testcase classname="src.pymortests.grid" file="src/pymortests/grid.py" line="110" name="test_superentities_wrong_arguments[&lt;lambda&gt;36]" time="0.0004360675811767578"><skipped message="Suite splitting in effect" type="pytest.skip">src/pymortests/grid.py:110: Suite splitting in effect</skipped></testcase><testcase classname="src.pymortests.grid" file="src/pymortests/grid.py" line="110" name="test_superentities_wrong_arguments[&lt;lambda&gt;37]" time="0.0004210472106933594"><skipped message="Suite splitting in effect" type="pytest.skip">src/pymortests/grid.py:110: Suite splitting in effect</skipped></testcase><testcase classname="src.pymortests.grid" file="src/pymortests/grid.py" line="110" name="test_superentities_wrong_arguments[&lt;lambda&gt;38]" time="0.0004947185516357422"><skipped message="Suite splitting in effect" type="pytest.skip">src/pymortests/grid.py:110: Suite splitting in effect</skipped></testcase><testcase classname="src.pymortests.grid" file="src/pymortests/grid.py" line="110" name="test_superentities_wrong_arguments[&lt;lambda&gt;39]" time="0.0004596710205078125"><skipped message="Suite splitting in effect" type="pytest.skip">src/pymortests/grid.py:110: Suite splitting in effect</skipped></testcase><testcase classname="src.pymortests.grid" file="src/pymortests/grid.py" line="110" name="test_superentities_wrong_arguments[&lt;lambda&gt;40]" time="0.0004143714904785156"><skipped message="Suite splitting in effect" type="pytest.skip">src/pymortests/grid.py:110: Suite splitting in effect</skipped></testcase><testcase classname="src.pymortests.grid" file="src/pymortests/grid.py" line="110" name="test_superentities_wrong_arguments[&lt;lambda&gt;41]" time="0.0007860660552978516"><skipped message="Suite splitting in effect" type="pytest.skip">src/pymortests/grid.py:110: Suite splitting in effect</skipped></testcase><testcase classname="src.pymortests.grid" file="src/pymortests/grid.py" line="110" name="test_superentities_wrong_arguments[&lt;lambda&gt;42]" time="0.0004839897155761719"><skipped message="Suite splitting in effect" type="pytest.skip">src/pymortests/grid.py:110: Suite splitting in effect</skipped></testcase><testcase classname="src.pymortests.grid" file="src/pymortests/grid.py" line="125" name="test_superentities_shape[&lt;lambda&gt;0]" time="0.0004303455352783203"><skipped message="Suite splitting in effect" type="pytest.skip">src/pymortests/grid.py:125: Suite splitting in effect</skipped></testcase><testcase classname="src.pymortests.grid" file="src/pymortests/grid.py" line="125" name="test_superentities_shape[&lt;lambda&gt;1]" time="0.0005362033843994141"><skipped message="Suite splitting in effect" type="pytest.skip">src/pymortests/grid.py:125: Suite splitting in effect</skipped></testcase><testcase classname="src.pymortests.grid" file="src/pymortests/grid.py" line="125" name="test_superentities_shape[&lt;lambda&gt;2]" time="0.0004935264587402344"><skipped message="Suite splitting in effect" type="pytest.skip">src/pymortests/grid.py:125: Suite splitting in effect</skipped></testcase><testcase classname="src.pymortests.grid" file="src/pymortests/grid.py" line="125" name="test_superentities_shape[&lt;lambda&gt;3]" time="0.0004088878631591797"><skipped message="Suite splitting in effect" type="pytest.skip">src/pymortests/grid.py:125: Suite splitting in effect</skipped></testcase><testcase classname="src.pymortests.grid" file="src/pymortests/grid.py" line="125" name="test_superentities_shape[&lt;lambda&gt;4]" time="0.0004520416259765625"><skipped message="Suite splitting in effect" type="pytest.skip">src/pymortests/grid.py:125: Suite splitting in effect</skipped></testcase><testcase classname="src.pymortests.grid" file="src/pymortests/grid.py" line="125" name="test_superentities_shape[&lt;lambda&gt;5]" time="0.0004470348358154297"><skipped message="Suite splitting in effect" type="pytest.skip">src/pymortests/grid.py:125: Suite splitting in effect</skipped></testcase><testcase classname="src.pymortests.grid" file="src/pymortests/grid.py" line="125" name="test_superentities_shape[&lt;lambda&gt;6]" time="0.0007214546203613281"><skipped message="Suite splitting in effect" type="pytest.skip">src/pymortests/grid.py:125: Suite splitting in effect</skipped></testcase><testcase classname="src.pymortests.grid" file="src/pymortests/grid.py" line="125" name="test_superentities_shape[&lt;lambda&gt;7]" time="0.0004482269287109375"><skipped message="Suite splitting in effect" type="pytest.skip">src/pymortests/grid.py:125: Suite splitting in effect</skipped></testcase><testcase classname="src.pymortests.grid" file="src/pymortests/grid.py" line="125" name="test_superentities_shape[&lt;lambda&gt;8]" time="0.00044536590576171875"><skipped message="Suite splitting in effect" type="pytest.skip">src/pymortests/grid.py:125: Suite splitting in effect</skipped></testcase><testcase classname="src.pymortests.grid" file="src/pymortests/grid.py" line="125" name="test_superentities_shape[&lt;lambda&gt;9]" time="0.0004410743713378906"><skipped message="Suite splitting in effect" type="pytest.skip">src/pymortests/grid.py:125: Suite splitting in effect</skipped></testcase><testcase classname="src.pymortests.grid" file="src/pymortests/grid.py" line="125" name="test_superentities_shape[&lt;lambda&gt;10]" time="0.0004475116729736328"><skipped message="Suite splitting in effect" type="pytest.skip">src/pymortests/grid.py:125: Suite splitting in effect</skipped></testcase><testcase classname="src.pymortests.grid" file="src/pymortests/grid.py" line="125" name="test_superentities_shape[&lt;lambda&gt;11]" time="0.0004603862762451172"><skipped message="Suite splitting in effect" type="pytest.skip">src/pymortests/grid.py:125: Suite splitting in effect</skipped></testcase><testcase classname="src.pymortests.grid" file="src/pymortests/grid.py" line="125" name="test_superentities_shape[&lt;lambda&gt;12]" time="0.0004665851593017578"><skipped message="Suite splitting in effect" type="pytest.skip">src/pymortests/grid.py:125: Suite splitting in effect</skipped></testcase><testcase classname="src.pymortests.grid" file="src/pymortests/grid.py" line="125" name="test_superentities_shape[&lt;lambda&gt;13]" time="0.00048661231994628906"><skipped message="Suite splitting in effect" type="pytest.skip">src/pymortests/grid.py:125: Suite splitting in effect</skipped></testcase><testcase classname="src.pymortests.grid" file="src/pymortests/grid.py" line="125" name="test_superentities_shape[&lt;lambda&gt;14]" time="0.0007576942443847656"><skipped message="Suite splitting in effect" type="pytest.skip">src/pymortests/grid.py:125: Suite splitting in effect</skipped></testcase><testcase classname="src.pymortests.grid" file="src/pymortests/grid.py" line="125" name="test_superentities_shape[&lt;lambda&gt;15]" time="0.00041365623474121094"><skipped message="Suite splitting in effect" type="pytest.skip">src/pymortests/grid.py:125: Suite splitting in effect</skipped></testcase><testcase classname="src.pymortests.grid" file="src/pymortests/grid.py" line="125" name="test_superentities_shape[&lt;lambda&gt;16]" time="0.0004191398620605469"><skipped message="Suite splitting in effect" type="pytest.skip">src/pymortests/grid.py:125: Suite splitting in effect</skipped></testcase><testcase classname="src.pymortests.grid" file="src/pymortests/grid.py" line="125" name="test_superentities_shape[&lt;lambda&gt;17]" time="0.0004322528839111328"><skipped message="Suite splitting in effect" type="pytest.skip">src/pymortests/grid.py:125: Suite splitting in effect</skipped></testcase><testcase classname="src.pymortests.grid" file="src/pymortests/grid.py" line="125" name="test_superentities_shape[&lt;lambda&gt;18]" time="0.0004448890686035156"><skipped message="Suite splitting in effect" type="pytest.skip">src/pymortests/grid.py:125: Suite splitting in effect</skipped></testcase><testcase classname="src.pymortests.grid" file="src/pymortests/grid.py" line="125" name="test_superentities_shape[&lt;lambda&gt;19]" time="0.00042724609375"><skipped message="Suite splitting in effect" type="pytest.skip">src/pymortests/grid.py:125: Suite splitting in effect</skipped></testcase><testcase classname="src.pymortests.grid" file="src/pymortests/grid.py" line="125" name="test_superentities_shape[&lt;lambda&gt;20]" time="0.00045609474182128906"><skipped message="Suite splitting in effect" type="pytest.skip">src/pymortests/grid.py:125: Suite splitting in effect</skipped></testcase><testcase classname="src.pymortests.grid" file="src/pymortests/grid.py" line="125" name="test_superentities_shape[&lt;lambda&gt;21]" time="0.0004146099090576172"><skipped message="Suite splitting in effect" type="pytest.skip">src/pymortests/grid.py:125: Suite splitting in effect</skipped></testcase><testcase classname="src.pymortests.grid" file="src/pymortests/grid.py" line="125" name="test_superentities_shape[&lt;lambda&gt;22]" time="0.0007407665252685547"><skipped message="Suite splitting in effect" type="pytest.skip">src/pymortests/grid.py:125: Suite splitting in effect</skipped></testcase><testcase classname="src.pymortests.grid" file="src/pymortests/grid.py" line="125" name="test_superentities_shape[&lt;lambda&gt;23]" time="0.0004646778106689453"><skipped message="Suite splitting in effect" type="pytest.skip">src/pymortests/grid.py:125: Suite splitting in effect</skipped></testcase><testcase classname="src.pymortests.grid" file="src/pymortests/grid.py" line="125" name="test_superentities_shape[&lt;lambda&gt;24]" time="0.0004425048828125"><skipped message="Suite splitting in effect" type="pytest.skip">src/pymortests/grid.py:125: Suite splitting in effect</skipped></testcase><testcase classname="src.pymortests.grid" file="src/pymortests/grid.py" line="125" name="test_superentities_shape[&lt;lambda&gt;25]" time="0.0004642009735107422"><skipped message="Suite splitting in effect" type="pytest.skip">src/pymortests/grid.py:125: Suite splitting in effect</skipped></testcase><testcase classname="src.pymortests.grid" file="src/pymortests/grid.py" line="125" name="test_superentities_shape[&lt;lambda&gt;26]" time="0.0004527568817138672"><skipped message="Suite splitting in effect" type="pytest.skip">src/pymortests/grid.py:125: Suite splitting in effect</skipped></testcase><testcase classname="src.pymortests.grid" file="src/pymortests/grid.py" line="125" name="test_superentities_shape[&lt;lambda&gt;27]" time="0.00042366981506347656"><skipped message="Suite splitting in effect" type="pytest.skip">src/pymortests/grid.py:125: Suite splitting in effect</skipped></testcase><testcase classname="src.pymortests.grid" file="src/pymortests/grid.py" line="125" name="test_superentities_shape[&lt;lambda&gt;28]" time="0.0004267692565917969"><skipped message="Suite splitting in effect" type="pytest.skip">src/pymortests/grid.py:125: Suite splitting in effect</skipped></testcase><testcase classname="src.pymortests.grid" file="src/pymortests/grid.py" line="125" name="test_superentities_shape[&lt;lambda&gt;29]" time="0.00043392181396484375"><skipped message="Suite splitting in effect" type="pytest.skip">src/pymortests/grid.py:125: Suite splitting in effect</skipped></testcase><testcase classname="src.pymortests.grid" file="src/pymortests/grid.py" line="125" name="test_superentities_shape[&lt;lambda&gt;30]" time="0.0007915496826171875"><skipped message="Suite splitting in effect" type="pytest.skip">src/pymortests/grid.py:125: Suite splitting in effect</skipped></testcase><testcase classname="src.pymortests.grid" file="src/pymortests/grid.py" line="125" name="test_superentities_shape[&lt;lambda&gt;31]" time="0.00043129920959472656"><skipped message="Suite splitting in effect" type="pytest.skip">src/pymortests/grid.py:125: Suite splitting in effect</skipped></testcase><testcase classname="src.pymortests.grid" file="src/pymortests/grid.py" line="125" name="test_superentities_shape[&lt;lambda&gt;32]" time="0.00043272972106933594"><skipped message="Suite splitting in effect" type="pytest.skip">src/pymortests/grid.py:125: Suite splitting in effect</skipped></testcase><testcase classname="src.pymortests.grid" file="src/pymortests/grid.py" line="125" name="test_superentities_shape[&lt;lambda&gt;33]" time="0.0004394054412841797"><skipped message="Suite splitting in effect" type="pytest.skip">src/pymortests/grid.py:125: Suite splitting in effect</skipped></testcase><testcase classname="src.pymortests.grid" file="src/pymortests/grid.py" line="125" name="test_superentities_shape[&lt;lambda&gt;34]" time="0.0004749298095703125"><skipped message="Suite splitting in effect" type="pytest.skip">src/pymortests/grid.py:125: Suite splitting in effect</skipped></testcase><testcase classname="src.pymortests.grid" file="src/pymortests/grid.py" line="125" name="test_superentities_shape[&lt;lambda&gt;35]" time="0.0004525184631347656"><skipped message="Suite splitting in effect" type="pytest.skip">src/pymortests/grid.py:125: Suite splitting in effect</skipped></testcase><testcase classname="src.pymortests.grid" file="src/pymortests/grid.py" line="125" name="test_superentities_shape[&lt;lambda&gt;36]" time="0.000606536865234375"><skipped message="Suite splitting in effect" type="pytest.skip">src/pymortests/grid.py:125: Suite splitting in effect</skipped></testcase><testcase classname="src.pymortests.grid" file="src/pymortests/grid.py" line="125" name="test_superentities_shape[&lt;lambda&gt;37]" time="0.0004820823669433594"><skipped message="Suite splitting in effect" type="pytest.skip">src/pymortests/grid.py:125: Suite splitting in effect</skipped></testcase><testcase classname="src.pymortests.grid" file="src/pymortests/grid.py" line="125" name="test_superentities_shape[&lt;lambda&gt;38]" time="0.0007922649383544922"><skipped message="Suite splitting in effect" type="pytest.skip">src/pymortests/grid.py:125: Suite splitting in effect</skipped></testcase><testcase classname="src.pymortests.grid" file="src/pymortests/grid.py" line="125" name="test_superentities_shape[&lt;lambda&gt;39]" time="0.0004734992980957031"><skipped message="Suite splitting in effect" type="pytest.skip">src/pymortests/grid.py:125: Suite splitting in effect</skipped></testcase><testcase classname="src.pymortests.grid" file="src/pymortests/grid.py" line="125" name="test_superentities_shape[&lt;lambda&gt;40]" time="0.00045990943908691406"><skipped message="Suite splitting in effect" type="pytest.skip">src/pymortests/grid.py:125: Suite splitting in effect</skipped></testcase><testcase classname="src.pymortests.grid" file="src/pymortests/grid.py" line="125" name="test_superentities_shape[&lt;lambda&gt;41]" time="0.0004315376281738281"><skipped message="Suite splitting in effect" type="pytest.skip">src/pymortests/grid.py:125: Suite splitting in effect</skipped></testcase><testcase classname="src.pymortests.grid" file="src/pymortests/grid.py" line="125" name="test_superentities_shape[&lt;lambda&gt;42]" time="0.0004425048828125"><skipped message="Suite splitting in effect" type="pytest.skip">src/pymortests/grid.py:125: Suite splitting in effect</skipped></testcase><testcase classname="src.pymortests.grid" file="src/pymortests/grid.py" line="135" name="test_superentities_dtype[&lt;lambda&gt;0]" time="0.0005006790161132812"><skipped message="Suite splitting in effect" type="pytest.skip">src/pymortests/grid.py:135: Suite splitting in effect</skipped></testcase><testcase classname="src.pymortests.grid" file="src/pymortests/grid.py" line="135" name="test_superentities_dtype[&lt;lambda&gt;1]" time="0.0004532337188720703"><skipped message="Suite splitting in effect" type="pytest.skip">src/pymortests/grid.py:135: Suite splitting in effect</skipped></testcase><testcase classname="src.pymortests.grid" file="src/pymortests/grid.py" line="135" name="test_superentities_dtype[&lt;lambda&gt;2]" time="0.00044608116149902344"><skipped message="Suite splitting in effect" type="pytest.skip">src/pymortests/grid.py:135: Suite splitting in effect</skipped></testcase><testcase classname="src.pymortests.grid" file="src/pymortests/grid.py" line="135" name="test_superentities_dtype[&lt;lambda&gt;3]" time="0.0007970333099365234"><skipped message="Suite splitting in effect" type="pytest.skip">src/pymortests/grid.py:135: Suite splitting in effect</skipped></testcase><testcase classname="src.pymortests.grid" file="src/pymortests/grid.py" line="135" name="test_superentities_dtype[&lt;lambda&gt;4]" time="0.00043463706970214844"><skipped message="Suite splitting in effect" type="pytest.skip">src/pymortests/grid.py:135: Suite splitting in effect</skipped></testcase><testcase classname="src.pymortests.grid" file="src/pymortests/grid.py" line="135" name="test_superentities_dtype[&lt;lambda&gt;5]" time="0.000457763671875"><skipped message="Suite splitting in effect" type="pytest.skip">src/pymortests/grid.py:135: Suite splitting in effect</skipped></testcase><testcase classname="src.pymortests.grid" file="src/pymortests/grid.py" line="135" name="test_superentities_dtype[&lt;lambda&gt;6]" time="0.0004227161407470703"><skipped message="Suite splitting in effect" type="pytest.skip">src/pymortests/grid.py:135: Suite splitting in effect</skipped></testcase><testcase classname="src.pymortests.grid" file="src/pymortests/grid.py" line="135" name="test_superentities_dtype[&lt;lambda&gt;7]" time="0.00043773651123046875"><skipped message="Suite splitting in effect" type="pytest.skip">src/pymortests/grid.py:135: Suite splitting in effect</skipped></testcase><testcase classname="src.pymortests.grid" file="src/pymortests/grid.py" line="135" name="test_superentities_dtype[&lt;lambda&gt;8]" time="0.00044035911560058594"><skipped message="Suite splitting in effect" type="pytest.skip">src/pymortests/grid.py:135: Suite splitting in effect</skipped></testcase><testcase classname="src.pymortests.grid" file="src/pymortests/grid.py" line="135" name="test_superentities_dtype[&lt;lambda&gt;9]" time="0.00041675567626953125"><skipped message="Suite splitting in effect" type="pytest.skip">src/pymortests/grid.py:135: Suite splitting in effect</skipped></testcase><testcase classname="src.pymortests.grid" file="src/pymortests/grid.py" line="135" name="test_superentities_dtype[&lt;lambda&gt;10]" time="0.0004374980926513672"><skipped message="Suite splitting in effect" type="pytest.skip">src/pymortests/grid.py:135: Suite splitting in effect</skipped></testcase><testcase classname="src.pymortests.grid" file="src/pymortests/grid.py" line="135" name="test_superentities_dtype[&lt;lambda&gt;11]" time="0.0007545948028564453"><skipped message="Suite splitting in effect" type="pytest.skip">src/pymortests/grid.py:135: Suite splitting in effect</skipped></testcase><testcase classname="src.pymortests.grid" file="src/pymortests/grid.py" line="135" name="test_superentities_dtype[&lt;lambda&gt;12]" time="0.0004177093505859375"><skipped message="Suite splitting in effect" type="pytest.skip">src/pymortests/grid.py:135: Suite splitting in effect</skipped></testcase><testcase classname="src.pymortests.grid" file="src/pymortests/grid.py" line="135" name="test_superentities_dtype[&lt;lambda&gt;13]" time="0.00048613548278808594"><skipped message="Suite splitting in effect" type="pytest.skip">src/pymortests/grid.py:135: Suite splitting in effect</skipped></testcase><testcase classname="src.pymortests.grid" file="src/pymortests/grid.py" line="135" name="test_superentities_dtype[&lt;lambda&gt;14]" time="0.0004267692565917969"><skipped message="Suite splitting in effect" type="pytest.skip">src/pymortests/grid.py:135: Suite splitting in effect</skipped></testcase><testcase classname="src.pymortests.grid" file="src/pymortests/grid.py" line="135" name="test_superentities_dtype[&lt;lambda&gt;15]" time="0.000438690185546875"><skipped message="Suite splitting in effect" type="pytest.skip">src/pymortests/grid.py:135: Suite splitting in effect</skipped></testcase><testcase classname="src.pymortests.grid" file="src/pymortests/grid.py" line="135" name="test_superentities_dtype[&lt;lambda&gt;16]" time="0.00042176246643066406"><skipped message="Suite splitting in effect" type="pytest.skip">src/pymortests/grid.py:135: Suite splitting in effect</skipped></testcase><testcase classname="src.pymortests.grid" file="src/pymortests/grid.py" line="135" name="test_superentities_dtype[&lt;lambda&gt;17]" time="0.00044608116149902344"><skipped message="Suite splitting in effect" type="pytest.skip">src/pymortests/grid.py:135: Suite splitting in effect</skipped></testcase><testcase classname="src.pymortests.grid" file="src/pymortests/grid.py" line="135" name="test_superentities_dtype[&lt;lambda&gt;18]" time="0.0004258155822753906"><skipped message="Suite splitting in effect" type="pytest.skip">src/pymortests/grid.py:135: Suite splitting in effect</skipped></testcase><testcase classname="src.pymortests.grid" file="src/pymortests/grid.py" line="135" name="test_superentities_dtype[&lt;lambda&gt;19]" time="0.0007281303405761719"><skipped message="Suite splitting in effect" type="pytest.skip">src/pymortests/grid.py:135: Suite splitting in effect</skipped></testcase><testcase classname="src.pymortests.grid" file="src/pymortests/grid.py" line="135" name="test_superentities_dtype[&lt;lambda&gt;20]" time="0.00043773651123046875"><skipped message="Suite splitting in effect" type="pytest.skip">src/pymortests/grid.py:135: Suite splitting in effect</skipped></testcase><testcase classname="src.pymortests.grid" file="src/pymortests/grid.py" line="135" name="test_superentities_dtype[&lt;lambda&gt;21]" time="0.00041961669921875"><skipped message="Suite splitting in effect" type="pytest.skip">src/pymortests/grid.py:135: Suite splitting in effect</skipped></testcase><testcase classname="src.pymortests.grid" file="src/pymortests/grid.py" line="135" name="test_superentities_dtype[&lt;lambda&gt;22]" time="0.0004527568817138672"><skipped message="Suite splitting in effect" type="pytest.skip">src/pymortests/grid.py:135: Suite splitting in effect</skipped></testcase><testcase classname="src.pymortests.grid" file="src/pymortests/grid.py" line="135" name="test_superentities_dtype[&lt;lambda&gt;23]" time="0.00042724609375"><skipped message="Suite splitting in effect" type="pytest.skip">src/pymortests/grid.py:135: Suite splitting in effect</skipped></testcase><testcase classname="src.pymortests.grid" file="src/pymortests/grid.py" line="135" name="test_superentities_dtype[&lt;lambda&gt;24]" time="0.0005054473876953125"><skipped message="Suite splitting in effect" type="pytest.skip">src/pymortests/grid.py:135: Suite splitting in effect</skipped></testcase><testcase classname="src.pymortests.grid" file="src/pymortests/grid.py" line="135" name="test_superentities_dtype[&lt;lambda&gt;25]" time="0.0005068778991699219"><skipped message="Suite splitting in effect" type="pytest.skip">src/pymortests/grid.py:135: Suite splitting in effect</skipped></testcase><testcase classname="src.pymortests.grid" file="src/pymortests/grid.py" line="135" name="test_superentities_dtype[&lt;lambda&gt;26]" time="0.00046324729919433594"><skipped message="Suite splitting in effect" type="pytest.skip">src/pymortests/grid.py:135: Suite splitting in effect</skipped></testcase><testcase classname="src.pymortests.grid" file="src/pymortests/grid.py" line="135" name="test_superentities_dtype[&lt;lambda&gt;27]" time="0.0007839202880859375"><skipped message="Suite splitting in effect" type="pytest.skip">src/pymortests/grid.py:135: Suite splitting in effect</skipped></testcase><testcase classname="src.pymortests.grid" file="src/pymortests/grid.py" line="135" name="test_superentities_dtype[&lt;lambda&gt;28]" time="0.0004394054412841797"><skipped message="Suite splitting in effect" type="pytest.skip">src/pymortests/grid.py:135: Suite splitting in effect</skipped></testcase><testcase classname="src.pymortests.grid" file="src/pymortests/grid.py" line="135" name="test_superentities_dtype[&lt;lambda&gt;29]" time="0.0004177093505859375"><skipped message="Suite splitting in effect" type="pytest.skip">src/pymortests/grid.py:135: Suite splitting in effect</skipped></testcase><testcase classname="src.pymortests.grid" file="src/pymortests/grid.py" line="135" name="test_superentities_dtype[&lt;lambda&gt;30]" time="0.0004363059997558594"><skipped message="Suite splitting in effect" type="pytest.skip">src/pymortests/grid.py:135: Suite splitting in effect</skipped></testcase><testcase classname="src.pymortests.grid" file="src/pymortests/grid.py" line="135" name="test_superentities_dtype[&lt;lambda&gt;31]" time="0.00040984153747558594"><skipped message="Suite splitting in effect" type="pytest.skip">src/pymortests/grid.py:135: Suite splitting in effect</skipped></testcase><testcase classname="src.pymortests.grid" file="src/pymortests/grid.py" line="135" name="test_superentities_dtype[&lt;lambda&gt;32]" time="0.0004553794860839844"><skipped message="Suite splitting in effect" type="pytest.skip">src/pymortests/grid.py:135: Suite splitting in effect</skipped></testcase><testcase classname="src.pymortests.grid" file="src/pymortests/grid.py" line="135" name="test_superentities_dtype[&lt;lambda&gt;33]" time="0.0004143714904785156"><skipped message="Suite splitting in effect" type="pytest.skip">src/pymortests/grid.py:135: Suite splitting in effect</skipped></testcase><testcase classname="src.pymortests.grid" file="src/pymortests/grid.py" line="135" name="test_superentities_dtype[&lt;lambda&gt;34]" time="0.00048661231994628906"><skipped message="Suite splitting in effect" type="pytest.skip">src/pymortests/grid.py:135: Suite splitting in effect</skipped></testcase><testcase classname="src.pymortests.grid" file="src/pymortests/grid.py" line="135" name="test_superentities_dtype[&lt;lambda&gt;35]" time="0.0009839534759521484"><skipped message="Suite splitting in effect" type="pytest.skip">src/pymortests/grid.py:135: Suite splitting in effect</skipped></testcase><testcase classname="src.pymortests.grid" file="src/pymortests/grid.py" line="135" name="test_superentities_dtype[&lt;lambda&gt;36]" time="0.0004451274871826172"><skipped message="Suite splitting in effect" type="pytest.skip">src/pymortests/grid.py:135: Suite splitting in effect</skipped></testcase><testcase classname="src.pymortests.grid" file="src/pymortests/grid.py" line="135" name="test_superentities_dtype[&lt;lambda&gt;37]" time="0.0004420280456542969"><skipped message="Suite splitting in effect" type="pytest.skip">src/pymortests/grid.py:135: Suite splitting in effect</skipped></testcase><testcase classname="src.pymortests.grid" file="src/pymortests/grid.py" line="135" name="test_superentities_dtype[&lt;lambda&gt;38]" time="0.00041484832763671875"><skipped message="Suite splitting in effect" type="pytest.skip">src/pymortests/grid.py:135: Suite splitting in effect</skipped></testcase><testcase classname="src.pymortests.grid" file="src/pymortests/grid.py" line="135" name="test_superentities_dtype[&lt;lambda&gt;39]" time="0.00048065185546875"><skipped message="Suite splitting in effect" type="pytest.skip">src/pymortests/grid.py:135: Suite splitting in effect</skipped></testcase><testcase classname="src.pymortests.grid" file="src/pymortests/grid.py" line="135" name="test_superentities_dtype[&lt;lambda&gt;40]" time="0.00040793418884277344"><skipped message="Suite splitting in effect" type="pytest.skip">src/pymortests/grid.py:135: Suite splitting in effect</skipped></testcase><testcase classname="src.pymortests.grid" file="src/pymortests/grid.py" line="135" name="test_superentities_dtype[&lt;lambda&gt;41]" time="0.0004291534423828125"><skipped message="Suite splitting in effect" type="pytest.skip">src/pymortests/grid.py:135: Suite splitting in effect</skipped></testcase><testcase classname="src.pymortests.grid" file="src/pymortests/grid.py" line="135" name="test_superentities_dtype[&lt;lambda&gt;42]" time="0.00044608116149902344"><skipped message="Suite splitting in effect" type="pytest.skip">src/pymortests/grid.py:135: Suite splitting in effect</skipped></testcase><testcase classname="src.pymortests.grid" file="src/pymortests/grid.py" line="142" name="test_superentities_entry_value_range[&lt;lambda&gt;0]" time="0.0007386207580566406"><skipped message="Suite splitting in effect" type="pytest.skip">src/pymortests/grid.py:142: Suite splitting in effect</skipped></testcase><testcase classname="src.pymortests.grid" file="src/pymortests/grid.py" line="142" name="test_superentities_entry_value_range[&lt;lambda&gt;1]" time="0.00043129920959472656"><skipped message="Suite splitting in effect" type="pytest.skip">src/pymortests/grid.py:142: Suite splitting in effect</skipped></testcase><testcase classname="src.pymortests.grid" file="src/pymortests/grid.py" line="142" name="test_superentities_entry_value_range[&lt;lambda&gt;2]" time="0.00040721893310546875"><skipped message="Suite splitting in effect" type="pytest.skip">src/pymortests/grid.py:142: Suite splitting in effect</skipped></testcase><testcase classname="src.pymortests.grid" file="src/pymortests/grid.py" line="142" name="test_superentities_entry_value_range[&lt;lambda&gt;3]" time="0.0004973411560058594"><skipped message="Suite splitting in effect" type="pytest.skip">src/pymortests/grid.py:142: Suite splitting in effect</skipped></testcase><testcase classname="src.pymortests.grid" file="src/pymortests/grid.py" line="142" name="test_superentities_entry_value_range[&lt;lambda&gt;4]" time="0.0004162788391113281"><skipped message="Suite splitting in effect" type="pytest.skip">src/pymortests/grid.py:142: Suite splitting in effect</skipped></testcase><testcase classname="src.pymortests.grid" file="src/pymortests/grid.py" line="142" name="test_superentities_entry_value_range[&lt;lambda&gt;5]" time="0.0004239082336425781"><skipped message="Suite splitting in effect" type="pytest.skip">src/pymortests/grid.py:142: Suite splitting in effect</skipped></testcase><testcase classname="src.pymortests.grid" file="src/pymortests/grid.py" line="142" name="test_superentities_entry_value_range[&lt;lambda&gt;6]" time="0.0004405975341796875"><skipped message="Suite splitting in effect" type="pytest.skip">src/pymortests/grid.py:142: Suite splitting in effect</skipped></testcase><testcase classname="src.pymortests.grid" file="src/pymortests/grid.py" line="142" name="test_superentities_entry_value_range[&lt;lambda&gt;7]" time="0.00042939186096191406"><skipped message="Suite splitting in effect" type="pytest.skip">src/pymortests/grid.py:142: Suite splitting in effect</skipped></testcase><testcase classname="src.pymortests.grid" file="src/pymortests/grid.py" line="142" name="test_superentities_entry_value_range[&lt;lambda&gt;8]" time="0.0007069110870361328"><skipped message="Suite splitting in effect" type="pytest.skip">src/pymortests/grid.py:142: Suite splitting in effect</skipped></testcase><testcase classname="src.pymortests.grid" file="src/pymortests/grid.py" line="142" name="test_superentities_entry_value_range[&lt;lambda&gt;9]" time="0.00045490264892578125"><skipped message="Suite splitting in effect" type="pytest.skip">src/pymortests/grid.py:142: Suite splitting in effect</skipped></testcase><testcase classname="src.pymortests.grid" file="src/pymortests/grid.py" line="142" name="test_superentities_entry_value_range[&lt;lambda&gt;10]" time="0.0004124641418457031"><skipped message="Suite splitting in effect" type="pytest.skip">src/pymortests/grid.py:142: Suite splitting in effect</skipped></testcase><testcase classname="src.pymortests.grid" file="src/pymortests/grid.py" line="142" name="test_superentities_entry_value_range[&lt;lambda&gt;11]" time="0.00044608116149902344"><skipped message="Suite splitting in effect" type="pytest.skip">src/pymortests/grid.py:142: Suite splitting in effect</skipped></testcase><testcase classname="src.pymortests.grid" file="src/pymortests/grid.py" line="142" name="test_superentities_entry_value_range[&lt;lambda&gt;12]" time="0.00045013427734375"><skipped message="Suite splitting in effect" type="pytest.skip">src/pymortests/grid.py:142: Suite splitting in effect</skipped></testcase><testcase classname="src.pymortests.grid" file="src/pymortests/grid.py" line="142" name="test_superentities_entry_value_range[&lt;lambda&gt;13]" time="0.00041675567626953125"><skipped message="Suite splitting in effect" type="pytest.skip">src/pymortests/grid.py:142: Suite splitting in effect</skipped></testcase><testcase classname="src.pymortests.grid" file="src/pymortests/grid.py" line="142" name="test_superentities_entry_value_range[&lt;lambda&gt;14]" time="0.0004169940948486328"><skipped message="Suite splitting in effect" type="pytest.skip">src/pymortests/grid.py:142: Suite splitting in effect</skipped></testcase><testcase classname="src.pymortests.grid" file="src/pymortests/grid.py" line="142" name="test_superentities_entry_value_range[&lt;lambda&gt;15]" time="0.0004475116729736328"><skipped message="Suite splitting in effect" type="pytest.skip">src/pymortests/grid.py:142: Suite splitting in effect</skipped></testcase><testcase classname="src.pymortests.grid" file="src/pymortests/grid.py" line="142" name="test_superentities_entry_value_range[&lt;lambda&gt;16]" time="0.0007243156433105469"><skipped message="Suite splitting in effect" type="pytest.skip">src/pymortests/grid.py:142: Suite splitting in effect</skipped></testcase><testcase classname="src.pymortests.grid" file="src/pymortests/grid.py" line="142" name="test_superentities_entry_value_range[&lt;lambda&gt;17]" time="0.0005350112915039062"><skipped message="Suite splitting in effect" type="pytest.skip">src/pymortests/grid.py:142: Suite splitting in effect</skipped></testcase><testcase classname="src.pymortests.grid" file="src/pymortests/grid.py" line="142" name="test_superentities_entry_value_range[&lt;lambda&gt;18]" time="0.0005393028259277344"><skipped message="Suite splitting in effect" type="pytest.skip">src/pymortests/grid.py:142: Suite splitting in effect</skipped></testcase><testcase classname="src.pymortests.grid" file="src/pymortests/grid.py" line="142" name="test_superentities_entry_value_range[&lt;lambda&gt;19]" time="0.0004241466522216797"><skipped message="Suite splitting in effect" type="pytest.skip">src/pymortests/grid.py:142: Suite splitting in effect</skipped></testcase><testcase classname="src.pymortests.grid" file="src/pymortests/grid.py" line="142" name="test_superentities_entry_value_range[&lt;lambda&gt;20]" time="0.0004260540008544922"><skipped message="Suite splitting in effect" type="pytest.skip">src/pymortests/grid.py:142: Suite splitting in effect</skipped></testcase><testcase classname="src.pymortests.grid" file="src/pymortests/grid.py" line="142" name="test_superentities_entry_value_range[&lt;lambda&gt;21]" time="0.0004260540008544922"><skipped message="Suite splitting in effect" type="pytest.skip">src/pymortests/grid.py:142: Suite splitting in effect</skipped></testcase><testcase classname="src.pymortests.grid" file="src/pymortests/grid.py" line="142" name="test_superentities_entry_value_range[&lt;lambda&gt;22]" time="0.000461578369140625"><skipped message="Suite splitting in effect" type="pytest.skip">src/pymortests/grid.py:142: Suite splitting in effect</skipped></testcase><testcase classname="src.pymortests.grid" file="src/pymortests/grid.py" line="142" name="test_superentities_entry_value_range[&lt;lambda&gt;23]" time="0.0004742145538330078"><skipped message="Suite splitting in effect" type="pytest.skip">src/pymortests/grid.py:142: Suite splitting in effect</skipped></testcase><testcase classname="src.pymortests.grid" file="src/pymortests/grid.py" line="142" name="test_superentities_entry_value_range[&lt;lambda&gt;24]" time="0.0007724761962890625"><skipped message="Suite splitting in effect" type="pytest.skip">src/pymortests/grid.py:142: Suite splitting in effect</skipped></testcase><testcase classname="src.pymortests.grid" file="src/pymortests/grid.py" line="142" name="test_superentities_entry_value_range[&lt;lambda&gt;25]" time="0.0004296302795410156"><skipped message="Suite splitting in effect" type="pytest.skip">src/pymortests/grid.py:142: Suite splitting in effect</skipped></testcase><testcase classname="src.pymortests.grid" file="src/pymortests/grid.py" line="142" name="test_superentities_entry_value_range[&lt;lambda&gt;26]" time="0.00043845176696777344"><skipped message="Suite splitting in effect" type="pytest.skip">src/pymortests/grid.py:142: Suite splitting in effect</skipped></testcase><testcase classname="src.pymortests.grid" file="src/pymortests/grid.py" line="142" name="test_superentities_entry_value_range[&lt;lambda&gt;27]" time="0.0004227161407470703"><skipped message="Suite splitting in effect" type="pytest.skip">src/pymortests/grid.py:142: Suite splitting in effect</skipped></testcase><testcase classname="src.pymortests.grid" file="src/pymortests/grid.py" line="142" name="test_superentities_entry_value_range[&lt;lambda&gt;28]" time="0.0004336833953857422"><skipped message="Suite splitting in effect" type="pytest.skip">src/pymortests/grid.py:142: Suite splitting in effect</skipped></testcase><testcase classname="src.pymortests.grid" file="src/pymortests/grid.py" line="142" name="test_superentities_entry_value_range[&lt;lambda&gt;29]" time="0.00043010711669921875"><skipped message="Suite splitting in effect" type="pytest.skip">src/pymortests/grid.py:142: Suite splitting in effect</skipped></testcase><testcase classname="src.pymortests.grid" file="src/pymortests/grid.py" line="142" name="test_superentities_entry_value_range[&lt;lambda&gt;30]" time="0.0004379749298095703"><skipped message="Suite splitting in effect" type="pytest.skip">src/pymortests/grid.py:142: Suite splitting in effect</skipped></testcase><testcase classname="src.pymortests.grid" file="src/pymortests/grid.py" line="142" name="test_superentities_entry_value_range[&lt;lambda&gt;31]" time="0.00043702125549316406"><skipped message="Suite splitting in effect" type="pytest.skip">src/pymortests/grid.py:142: Suite splitting in effect</skipped></testcase><testcase classname="src.pymortests.grid" file="src/pymortests/grid.py" line="142" name="test_superentities_entry_value_range[&lt;lambda&gt;32]" time="0.0007319450378417969"><skipped message="Suite splitting in effect" type="pytest.skip">src/pymortests/grid.py:142: Suite splitting in effect</skipped></testcase><testcase classname="src.pymortests.grid" file="src/pymortests/grid.py" line="142" name="test_superentities_entry_value_range[&lt;lambda&gt;33]" time="0.00042891502380371094"><skipped message="Suite splitting in effect" type="pytest.skip">src/pymortests/grid.py:142: Suite splitting in effect</skipped></testcase><testcase classname="src.pymortests.grid" file="src/pymortests/grid.py" line="142" name="test_superentities_entry_value_range[&lt;lambda&gt;34]" time="0.000453948974609375"><skipped message="Suite splitting in effect" type="pytest.skip">src/pymortests/grid.py:142: Suite splitting in effect</skipped></testcase><testcase classname="src.pymortests.grid" file="src/pymortests/grid.py" line="142" name="test_superentities_entry_value_range[&lt;lambda&gt;35]" time="0.00044226646423339844"><skipped message="Suite splitting in effect" type="pytest.skip">src/pymortests/grid.py:142: Suite splitting in effect</skipped></testcase><testcase classname="src.pymortests.grid" file="src/pymortests/grid.py" line="142" name="test_superentities_entry_value_range[&lt;lambda&gt;36]" time="0.0004286766052246094"><skipped message="Suite splitting in effect" type="pytest.skip">src/pymortests/grid.py:142: Suite splitting in effect</skipped></testcase><testcase classname="src.pymortests.grid" file="src/pymortests/grid.py" line="142" name="test_superentities_entry_value_range[&lt;lambda&gt;37]" time="0.00044155120849609375"><skipped message="Suite splitting in effect" type="pytest.skip">src/pymortests/grid.py:142: Suite splitting in effect</skipped></testcase><testcase classname="src.pymortests.grid" file="src/pymortests/grid.py" line="142" name="test_superentities_entry_value_range[&lt;lambda&gt;38]" time="0.0004184246063232422"><skipped message="Suite splitting in effect" type="pytest.skip">src/pymortests/grid.py:142: Suite splitting in effect</skipped></testcase><testcase classname="src.pymortests.grid" file="src/pymortests/grid.py" line="142" name="test_superentities_entry_value_range[&lt;lambda&gt;39]" time="0.0004317760467529297"><skipped message="Suite splitting in effect" type="pytest.skip">src/pymortests/grid.py:142: Suite splitting in effect</skipped></testcase><testcase classname="src.pymortests.grid" file="src/pymortests/grid.py" line="142" name="test_superentities_entry_value_range[&lt;lambda&gt;40]" time="0.0007436275482177734"><skipped message="Suite splitting in effect" type="pytest.skip">src/pymortests/grid.py:142: Suite splitting in effect</skipped></testcase><testcase classname="src.pymortests.grid" file="src/pymortests/grid.py" line="142" name="test_superentities_entry_value_range[&lt;lambda&gt;41]" time="0.0004227161407470703"><skipped message="Suite splitting in effect" type="pytest.skip">src/pymortests/grid.py:142: Suite splitting in effect</skipped></testcase><testcase classname="src.pymortests.grid" file="src/pymortests/grid.py" line="142" name="test_superentities_entry_value_range[&lt;lambda&gt;42]" time="0.0004391670227050781"><skipped message="Suite splitting in effect" type="pytest.skip">src/pymortests/grid.py:142: Suite splitting in effect</skipped></testcase><testcase classname="src.pymortests.grid" file="src/pymortests/grid.py" line="150" name="test_superentities_entry_values_unique[&lt;lambda&gt;0]" time="0.0004329681396484375"><skipped message="Suite splitting in effect" type="pytest.skip">src/pymortests/grid.py:150: Suite splitting in effect</skipped></testcase><testcase classname="src.pymortests.grid" file="src/pymortests/grid.py" line="150" name="test_superentities_entry_values_unique[&lt;lambda&gt;1]" time="0.0004200935363769531"><skipped message="Suite splitting in effect" type="pytest.skip">src/pymortests/grid.py:150: Suite splitting in effect</skipped></testcase><testcase classname="src.pymortests.grid" file="src/pymortests/grid.py" line="150" name="test_superentities_entry_values_unique[&lt;lambda&gt;2]" time="0.00045108795166015625"><skipped message="Suite splitting in effect" type="pytest.skip">src/pymortests/grid.py:150: Suite splitting in effect</skipped></testcase><testcase classname="src.pymortests.grid" file="src/pymortests/grid.py" line="150" name="test_superentities_entry_values_unique[&lt;lambda&gt;3]" time="0.0004246234893798828"><skipped message="Suite splitting in effect" type="pytest.skip">src/pymortests/grid.py:150: Suite splitting in effect</skipped></testcase><testcase classname="src.pymortests.grid" file="src/pymortests/grid.py" line="150" name="test_superentities_entry_values_unique[&lt;lambda&gt;4]" time="0.0004088878631591797"><skipped message="Suite splitting in effect" type="pytest.skip">src/pymortests/grid.py:150: Suite splitting in effect</skipped></testcase><testcase classname="src.pymortests.grid" file="src/pymortests/grid.py" line="150" name="test_superentities_entry_values_unique[&lt;lambda&gt;5]" time="0.0007367134094238281"><skipped message="Suite splitting in effect" type="pytest.skip">src/pymortests/grid.py:150: Suite splitting in effect</skipped></testcase><testcase classname="src.pymortests.grid" file="src/pymortests/grid.py" line="150" name="test_superentities_entry_values_unique[&lt;lambda&gt;6]" time="0.00042176246643066406"><skipped message="Suite splitting in effect" type="pytest.skip">src/pymortests/grid.py:150: Suite splitting in effect</skipped></testcase><testcase classname="src.pymortests.grid" file="src/pymortests/grid.py" line="150" name="test_superentities_entry_values_unique[&lt;lambda&gt;7]" time="0.00042748451232910156"><skipped message="Suite splitting in effect" type="pytest.skip">src/pymortests/grid.py:150: Suite splitting in effect</skipped></testcase><testcase classname="src.pymortests.grid" file="src/pymortests/grid.py" line="150" name="test_superentities_entry_values_unique[&lt;lambda&gt;8]" time="0.0005125999450683594"><skipped message="Suite splitting in effect" type="pytest.skip">src/pymortests/grid.py:150: Suite splitting in effect</skipped></testcase><testcase classname="src.pymortests.grid" file="src/pymortests/grid.py" line="150" name="test_superentities_entry_values_unique[&lt;lambda&gt;9]" time="0.0005557537078857422"><skipped message="Suite splitting in effect" type="pytest.skip">src/pymortests/grid.py:150: Suite splitting in effect</skipped></testcase><testcase classname="src.pymortests.grid" file="src/pymortests/grid.py" line="150" name="test_superentities_entry_values_unique[&lt;lambda&gt;10]" time="0.0004532337188720703"><skipped message="Suite splitting in effect" type="pytest.skip">src/pymortests/grid.py:150: Suite splitting in effect</skipped></testcase><testcase classname="src.pymortests.grid" file="src/pymortests/grid.py" line="150" name="test_superentities_entry_values_unique[&lt;lambda&gt;11]" time="0.0004444122314453125"><skipped message="Suite splitting in effect" type="pytest.skip">src/pymortests/grid.py:150: Suite splitting in effect</skipped></testcase><testcase classname="src.pymortests.grid" file="src/pymortests/grid.py" line="150" name="test_superentities_entry_values_unique[&lt;lambda&gt;12]" time="0.00041985511779785156"><skipped message="Suite splitting in effect" type="pytest.skip">src/pymortests/grid.py:150: Suite splitting in effect</skipped></testcase><testcase classname="src.pymortests.grid" file="src/pymortests/grid.py" line="150" name="test_superentities_entry_values_unique[&lt;lambda&gt;13]" time="0.0010595321655273438"><skipped message="Suite splitting in effect" type="pytest.skip">src/pymortests/grid.py:150: Suite splitting in effect</skipped></testcase><testcase classname="src.pymortests.grid" file="src/pymortests/grid.py" line="150" name="test_superentities_entry_values_unique[&lt;lambda&gt;14]" time="0.0004317760467529297"><skipped message="Suite splitting in effect" type="pytest.skip">src/pymortests/grid.py:150: Suite splitting in effect</skipped></testcase><testcase classname="src.pymortests.grid" file="src/pymortests/grid.py" line="150" name="test_superentities_entry_values_unique[&lt;lambda&gt;15]" time="0.0004239082336425781"><skipped message="Suite splitting in effect" type="pytest.skip">src/pymortests/grid.py:150: Suite splitting in effect</skipped></testcase><testcase classname="src.pymortests.grid" file="src/pymortests/grid.py" line="150" name="test_superentities_entry_values_unique[&lt;lambda&gt;16]" time="0.0004496574401855469"><skipped message="Suite splitting in effect" type="pytest.skip">src/pymortests/grid.py:150: Suite splitting in effect</skipped></testcase><testcase classname="src.pymortests.grid" file="src/pymortests/grid.py" line="150" name="test_superentities_entry_values_unique[&lt;lambda&gt;17]" time="0.0004558563232421875"><skipped message="Suite splitting in effect" type="pytest.skip">src/pymortests/grid.py:150: Suite splitting in effect</skipped></testcase><testcase classname="src.pymortests.grid" file="src/pymortests/grid.py" line="150" name="test_superentities_entry_values_unique[&lt;lambda&gt;18]" time="0.0004260540008544922"><skipped message="Suite splitting in effect" type="pytest.skip">src/pymortests/grid.py:150: Suite splitting in effect</skipped></testcase><testcase classname="src.pymortests.grid" file="src/pymortests/grid.py" line="150" name="test_superentities_entry_values_unique[&lt;lambda&gt;19]" time="0.00043845176696777344"><skipped message="Suite splitting in effect" type="pytest.skip">src/pymortests/grid.py:150: Suite splitting in effect</skipped></testcase><testcase classname="src.pymortests.grid" file="src/pymortests/grid.py" line="150" name="test_superentities_entry_values_unique[&lt;lambda&gt;20]" time="0.0004246234893798828"><skipped message="Suite splitting in effect" type="pytest.skip">src/pymortests/grid.py:150: Suite splitting in effect</skipped></testcase><testcase classname="src.pymortests.grid" file="src/pymortests/grid.py" line="150" name="test_superentities_entry_values_unique[&lt;lambda&gt;21]" time="0.0007495880126953125"><skipped message="Suite splitting in effect" type="pytest.skip">src/pymortests/grid.py:150: Suite splitting in effect</skipped></testcase><testcase classname="src.pymortests.grid" file="src/pymortests/grid.py" line="150" name="test_superentities_entry_values_unique[&lt;lambda&gt;22]" time="0.0004990100860595703"><skipped message="Suite splitting in effect" type="pytest.skip">src/pymortests/grid.py:150: Suite splitting in effect</skipped></testcase><testcase classname="src.pymortests.grid" file="src/pymortests/grid.py" line="150" name="test_superentities_entry_values_unique[&lt;lambda&gt;23]" time="0.0004420280456542969"><skipped message="Suite splitting in effect" type="pytest.skip">src/pymortests/grid.py:150: Suite splitting in effect</skipped></testcase><testcase classname="src.pymortests.grid" file="src/pymortests/grid.py" line="150" name="test_superentities_entry_values_unique[&lt;lambda&gt;24]" time="0.0004374980926513672"><skipped message="Suite splitting in effect" type="pytest.skip">src/pymortests/grid.py:150: Suite splitting in effect</skipped></testcase><testcase classname="src.pymortests.grid" file="src/pymortests/grid.py" line="150" name="test_superentities_entry_values_unique[&lt;lambda&gt;25]" time="0.00044536590576171875"><skipped message="Suite splitting in effect" type="pytest.skip">src/pymortests/grid.py:150: Suite splitting in effect</skipped></testcase><testcase classname="src.pymortests.grid" file="src/pymortests/grid.py" line="150" name="test_superentities_entry_values_unique[&lt;lambda&gt;26]" time="0.00044846534729003906"><skipped message="Suite splitting in effect" type="pytest.skip">src/pymortests/grid.py:150: Suite splitting in effect</skipped></testcase><testcase classname="src.pymortests.grid" file="src/pymortests/grid.py" line="150" name="test_superentities_entry_values_unique[&lt;lambda&gt;27]" time="0.0004534721374511719"><skipped message="Suite splitting in effect" type="pytest.skip">src/pymortests/grid.py:150: Suite splitting in effect</skipped></testcase><testcase classname="src.pymortests.grid" file="src/pymortests/grid.py" line="150" name="test_superentities_entry_values_unique[&lt;lambda&gt;28]" time="0.0004525184631347656"><skipped message="Suite splitting in effect" type="pytest.skip">src/pymortests/grid.py:150: Suite splitting in effect</skipped></testcase><testcase classname="src.pymortests.grid" file="src/pymortests/grid.py" line="150" name="test_superentities_entry_values_unique[&lt;lambda&gt;29]" time="0.0007045269012451172"><skipped message="Suite splitting in effect" type="pytest.skip">src/pymortests/grid.py:150: Suite splitting in effect</skipped></testcase><testcase classname="src.pymortests.grid" file="src/pymortests/grid.py" line="150" name="test_superentities_entry_values_unique[&lt;lambda&gt;30]" time="0.00047397613525390625"><skipped message="Suite splitting in effect" type="pytest.skip">src/pymortests/grid.py:150: Suite splitting in effect</skipped></testcase><testcase classname="src.pymortests.grid" file="src/pymortests/grid.py" line="150" name="test_superentities_entry_values_unique[&lt;lambda&gt;31]" time="0.0004863739013671875"><skipped message="Suite splitting in effect" type="pytest.skip">src/pymortests/grid.py:150: Suite splitting in effect</skipped></testcase><testcase classname="src.pymortests.grid" file="src/pymortests/grid.py" line="150" name="test_superentities_entry_values_unique[&lt;lambda&gt;32]" time="0.00043654441833496094"><skipped message="Suite splitting in effect" type="pytest.skip">src/pymortests/grid.py:150: Suite splitting in effect</skipped></testcase><testcase classname="src.pymortests.grid" file="src/pymortests/grid.py" line="150" name="test_superentities_entry_values_unique[&lt;lambda&gt;33]" time="0.00044465065002441406"><skipped message="Suite splitting in effect" type="pytest.skip">src/pymortests/grid.py:150: Suite splitting in effect</skipped></testcase><testcase classname="src.pymortests.grid" file="src/pymortests/grid.py" line="150" name="test_superentities_entry_values_unique[&lt;lambda&gt;34]" time="0.0004229545593261719"><skipped message="Suite splitting in effect" type="pytest.skip">src/pymortests/grid.py:150: Suite splitting in effect</skipped></testcase><testcase classname="src.pymortests.grid" file="src/pymortests/grid.py" line="150" name="test_superentities_entry_values_unique[&lt;lambda&gt;35]" time="0.0004291534423828125"><skipped message="Suite splitting in effect" type="pytest.skip">src/pymortests/grid.py:150: Suite splitting in effect</skipped></testcase><testcase classname="src.pymortests.grid" file="src/pymortests/grid.py" line="150" name="test_superentities_entry_values_unique[&lt;lambda&gt;36]" time="0.0004494190216064453"><skipped message="Suite splitting in effect" type="pytest.skip">src/pymortests/grid.py:150: Suite splitting in effect</skipped></testcase><testcase classname="src.pymortests.grid" file="src/pymortests/grid.py" line="150" name="test_superentities_entry_values_unique[&lt;lambda&gt;37]" time="0.0007498264312744141"><skipped message="Suite splitting in effect" type="pytest.skip">src/pymortests/grid.py:150: Suite splitting in effect</skipped></testcase><testcase classname="src.pymortests.grid" file="src/pymortests/grid.py" line="150" name="test_superentities_entry_values_unique[&lt;lambda&gt;38]" time="0.0004138946533203125"><skipped message="Suite splitting in effect" type="pytest.skip">src/pymortests/grid.py:150: Suite splitting in effect</skipped></testcase><testcase classname="src.pymortests.grid" file="src/pymortests/grid.py" line="150" name="test_superentities_entry_values_unique[&lt;lambda&gt;39]" time="0.0004432201385498047"><skipped message="Suite splitting in effect" type="pytest.skip">src/pymortests/grid.py:150: Suite splitting in effect</skipped></testcase><testcase classname="src.pymortests.grid" file="src/pymortests/grid.py" line="150" name="test_superentities_entry_values_unique[&lt;lambda&gt;40]" time="0.00043320655822753906"><skipped message="Suite splitting in effect" type="pytest.skip">src/pymortests/grid.py:150: Suite splitting in effect</skipped></testcase><testcase classname="src.pymortests.grid" file="src/pymortests/grid.py" line="150" name="test_superentities_entry_values_unique[&lt;lambda&gt;41]" time="0.0004591941833496094"><skipped message="Suite splitting in effect" type="pytest.skip">src/pymortests/grid.py:150: Suite splitting in effect</skipped></testcase><testcase classname="src.pymortests.grid" file="src/pymortests/grid.py" line="150" name="test_superentities_entry_values_unique[&lt;lambda&gt;42]" time="0.0005035400390625"><skipped message="Suite splitting in effect" type="pytest.skip">src/pymortests/grid.py:150: Suite splitting in effect</skipped></testcase><testcase classname="src.pymortests.grid" file="src/pymortests/grid.py" line="159" name="test_superentities_entries_sorted[&lt;lambda&gt;0]" time="0.00048613548278808594"><skipped message="Suite splitting in effect" type="pytest.skip">src/pymortests/grid.py:159: Suite splitting in effect</skipped></testcase><testcase classname="src.pymortests.grid" file="src/pymortests/grid.py" line="159" name="test_superentities_entries_sorted[&lt;lambda&gt;1]" time="0.0004475116729736328"><skipped message="Suite splitting in effect" type="pytest.skip">src/pymortests/grid.py:159: Suite splitting in effect</skipped></testcase><testcase classname="src.pymortests.grid" file="src/pymortests/grid.py" line="159" name="test_superentities_entries_sorted[&lt;lambda&gt;2]" time="0.0010411739349365234"><skipped message="Suite splitting in effect" type="pytest.skip">src/pymortests/grid.py:159: Suite splitting in effect</skipped></testcase><testcase classname="src.pymortests.grid" file="src/pymortests/grid.py" line="159" name="test_superentities_entries_sorted[&lt;lambda&gt;3]" time="0.000423431396484375"><skipped message="Suite splitting in effect" type="pytest.skip">src/pymortests/grid.py:159: Suite splitting in effect</skipped></testcase><testcase classname="src.pymortests.grid" file="src/pymortests/grid.py" line="159" name="test_superentities_entries_sorted[&lt;lambda&gt;4]" time="0.0004401206970214844"><skipped message="Suite splitting in effect" type="pytest.skip">src/pymortests/grid.py:159: Suite splitting in effect</skipped></testcase><testcase classname="src.pymortests.grid" file="src/pymortests/grid.py" line="159" name="test_superentities_entries_sorted[&lt;lambda&gt;5]" time="0.0004589557647705078"><skipped message="Suite splitting in effect" type="pytest.skip">src/pymortests/grid.py:159: Suite splitting in effect</skipped></testcase><testcase classname="src.pymortests.grid" file="src/pymortests/grid.py" line="159" name="test_superentities_entries_sorted[&lt;lambda&gt;6]" time="0.00042557716369628906"><skipped message="Suite splitting in effect" type="pytest.skip">src/pymortests/grid.py:159: Suite splitting in effect</skipped></testcase><testcase classname="src.pymortests.grid" file="src/pymortests/grid.py" line="159" name="test_superentities_entries_sorted[&lt;lambda&gt;7]" time="0.0004177093505859375"><skipped message="Suite splitting in effect" type="pytest.skip">src/pymortests/grid.py:159: Suite splitting in effect</skipped></testcase><testcase classname="src.pymortests.grid" file="src/pymortests/grid.py" line="159" name="test_superentities_entries_sorted[&lt;lambda&gt;8]" time="0.0004646778106689453"><skipped message="Suite splitting in effect" type="pytest.skip">src/pymortests/grid.py:159: Suite splitting in effect</skipped></testcase><testcase classname="src.pymortests.grid" file="src/pymortests/grid.py" line="159" name="test_superentities_entries_sorted[&lt;lambda&gt;9]" time="0.0004215240478515625"><skipped message="Suite splitting in effect" type="pytest.skip">src/pymortests/grid.py:159: Suite splitting in effect</skipped></testcase><testcase classname="src.pymortests.grid" file="src/pymortests/grid.py" line="159" name="test_superentities_entries_sorted[&lt;lambda&gt;10]" time="0.0007350444793701172"><skipped message="Suite splitting in effect" type="pytest.skip">src/pymortests/grid.py:159: Suite splitting in effect</skipped></testcase><testcase classname="src.pymortests.grid" file="src/pymortests/grid.py" line="159" name="test_superentities_entries_sorted[&lt;lambda&gt;11]" time="0.0004208087921142578"><skipped message="Suite splitting in effect" type="pytest.skip">src/pymortests/grid.py:159: Suite splitting in effect</skipped></testcase><testcase classname="src.pymortests.grid" file="src/pymortests/grid.py" line="159" name="test_superentities_entries_sorted[&lt;lambda&gt;12]" time="0.0004584789276123047"><skipped message="Suite splitting in effect" type="pytest.skip">src/pymortests/grid.py:159: Suite splitting in effect</skipped></testcase><testcase classname="src.pymortests.grid" file="src/pymortests/grid.py" line="159" name="test_superentities_entries_sorted[&lt;lambda&gt;13]" time="0.0004558563232421875"><skipped message="Suite splitting in effect" type="pytest.skip">src/pymortests/grid.py:159: Suite splitting in effect</skipped></testcase><testcase classname="src.pymortests.grid" file="src/pymortests/grid.py" line="159" name="test_superentities_entries_sorted[&lt;lambda&gt;14]" time="0.0004229545593261719"><skipped message="Suite splitting in effect" type="pytest.skip">src/pymortests/grid.py:159: Suite splitting in effect</skipped></testcase><testcase classname="src.pymortests.grid" file="src/pymortests/grid.py" line="159" name="test_superentities_entries_sorted[&lt;lambda&gt;15]" time="0.0005064010620117188"><skipped message="Suite splitting in effect" type="pytest.skip">src/pymortests/grid.py:159: Suite splitting in effect</skipped></testcase><testcase classname="src.pymortests.grid" file="src/pymortests/grid.py" line="159" name="test_superentities_entries_sorted[&lt;lambda&gt;16]" time="0.0004467964172363281"><skipped message="Suite splitting in effect" type="pytest.skip">src/pymortests/grid.py:159: Suite splitting in effect</skipped></testcase><testcase classname="src.pymortests.grid" file="src/pymortests/grid.py" line="159" name="test_superentities_entries_sorted[&lt;lambda&gt;17]" time="0.0004334449768066406"><skipped message="Suite splitting in effect" type="pytest.skip">src/pymortests/grid.py:159: Suite splitting in effect</skipped></testcase><testcase classname="src.pymortests.grid" file="src/pymortests/grid.py" line="159" name="test_superentities_entries_sorted[&lt;lambda&gt;18]" time="0.0006976127624511719"><skipped message="Suite splitting in effect" type="pytest.skip">src/pymortests/grid.py:159: Suite splitting in effect</skipped></testcase><testcase classname="src.pymortests.grid" file="src/pymortests/grid.py" line="159" name="test_superentities_entries_sorted[&lt;lambda&gt;19]" time="0.00040149688720703125"><skipped message="Suite splitting in effect" type="pytest.skip">src/pymortests/grid.py:159: Suite splitting in effect</skipped></testcase><testcase classname="src.pymortests.grid" file="src/pymortests/grid.py" line="159" name="test_superentities_entries_sorted[&lt;lambda&gt;20]" time="0.00042748451232910156"><skipped message="Suite splitting in effect" type="pytest.skip">src/pymortests/grid.py:159: Suite splitting in effect</skipped></testcase><testcase classname="src.pymortests.grid" file="src/pymortests/grid.py" line="159" name="test_superentities_entries_sorted[&lt;lambda&gt;21]" time="0.0004277229309082031"><skipped message="Suite splitting in effect" type="pytest.skip">src/pymortests/grid.py:159: Suite splitting in effect</skipped></testcase><testcase classname="src.pymortests.grid" file="src/pymortests/grid.py" line="159" name="test_superentities_entries_sorted[&lt;lambda&gt;22]" time="0.00042366981506347656"><skipped message="Suite splitting in effect" type="pytest.skip">src/pymortests/grid.py:159: Suite splitting in effect</skipped></testcase><testcase classname="src.pymortests.grid" file="src/pymortests/grid.py" line="159" name="test_superentities_entries_sorted[&lt;lambda&gt;23]" time="0.0004334449768066406"><skipped message="Suite splitting in effect" type="pytest.skip">src/pymortests/grid.py:159: Suite splitting in effect</skipped></testcase><testcase classname="src.pymortests.grid" file="src/pymortests/grid.py" line="159" name="test_superentities_entries_sorted[&lt;lambda&gt;24]" time="0.0004222393035888672"><skipped message="Suite splitting in effect" type="pytest.skip">src/pymortests/grid.py:159: Suite splitting in effect</skipped></testcase><testcase classname="src.pymortests.grid" file="src/pymortests/grid.py" line="159" name="test_superentities_entries_sorted[&lt;lambda&gt;25]" time="0.0004336833953857422"><skipped message="Suite splitting in effect" type="pytest.skip">src/pymortests/grid.py:159: Suite splitting in effect</skipped></testcase><testcase classname="src.pymortests.grid" file="src/pymortests/grid.py" line="159" name="test_superentities_entries_sorted[&lt;lambda&gt;26]" time="0.0006971359252929688"><skipped message="Suite splitting in effect" type="pytest.skip">src/pymortests/grid.py:159: Suite splitting in effect</skipped></testcase><testcase classname="src.pymortests.grid" file="src/pymortests/grid.py" line="159" name="test_superentities_entries_sorted[&lt;lambda&gt;27]" time="0.00042629241943359375"><skipped message="Suite splitting in effect" type="pytest.skip">src/pymortests/grid.py:159: Suite splitting in effect</skipped></testcase><testcase classname="src.pymortests.grid" file="src/pymortests/grid.py" line="159" name="test_superentities_entries_sorted[&lt;lambda&gt;28]" time="0.0004763603210449219"><skipped message="Suite splitting in effect" type="pytest.skip">src/pymortests/grid.py:159: Suite splitting in effect</skipped></testcase><testcase classname="src.pymortests.grid" file="src/pymortests/grid.py" line="159" name="test_superentities_entries_sorted[&lt;lambda&gt;29]" time="0.0004220008850097656"><skipped message="Suite splitting in effect" type="pytest.skip">src/pymortests/grid.py:159: Suite splitting in effect</skipped></testcase><testcase classname="src.pymortests.grid" file="src/pymortests/grid.py" line="159" name="test_superentities_entries_sorted[&lt;lambda&gt;30]" time="0.00040984153747558594"><skipped message="Suite splitting in effect" type="pytest.skip">src/pymortests/grid.py:159: Suite splitting in effect</skipped></testcase><testcase classname="src.pymortests.grid" file="src/pymortests/grid.py" line="159" name="test_superentities_entries_sorted[&lt;lambda&gt;31]" time="0.0005917549133300781"><skipped message="Suite splitting in effect" type="pytest.skip">src/pymortests/grid.py:159: Suite splitting in effect</skipped></testcase><testcase classname="src.pymortests.grid" file="src/pymortests/grid.py" line="159" name="test_superentities_entries_sorted[&lt;lambda&gt;32]" time="0.0006198883056640625"><skipped message="Suite splitting in effect" type="pytest.skip">src/pymortests/grid.py:159: Suite splitting in effect</skipped></testcase><testcase classname="src.pymortests.grid" file="src/pymortests/grid.py" line="159" name="test_superentities_entries_sorted[&lt;lambda&gt;33]" time="0.0005304813385009766"><skipped message="Suite splitting in effect" type="pytest.skip">src/pymortests/grid.py:159: Suite splitting in effect</skipped></testcase><testcase classname="src.pymortests.grid" file="src/pymortests/grid.py" line="159" name="test_superentities_entries_sorted[&lt;lambda&gt;34]" time="0.000782012939453125"><skipped message="Suite splitting in effect" type="pytest.skip">src/pymortests/grid.py:159: Suite splitting in effect</skipped></testcase><testcase classname="src.pymortests.grid" file="src/pymortests/grid.py" line="159" name="test_superentities_entries_sorted[&lt;lambda&gt;35]" time="0.0005404949188232422"><skipped message="Suite splitting in effect" type="pytest.skip">src/pymortests/grid.py:159: Suite splitting in effect</skipped></testcase><testcase classname="src.pymortests.grid" file="src/pymortests/grid.py" line="159" name="test_superentities_entries_sorted[&lt;lambda&gt;36]" time="0.0005261898040771484"><skipped message="Suite splitting in effect" type="pytest.skip">src/pymortests/grid.py:159: Suite splitting in effect</skipped></testcase><testcase classname="src.pymortests.grid" file="src/pymortests/grid.py" line="159" name="test_superentities_entries_sorted[&lt;lambda&gt;37]" time="0.0005376338958740234"><skipped message="Suite splitting in effect" type="pytest.skip">src/pymortests/grid.py:159: Suite splitting in effect</skipped></testcase><testcase classname="src.pymortests.grid" file="src/pymortests/grid.py" line="159" name="test_superentities_entries_sorted[&lt;lambda&gt;38]" time="0.0005583763122558594"><skipped message="Suite splitting in effect" type="pytest.skip">src/pymortests/grid.py:159: Suite splitting in effect</skipped></testcase><testcase classname="src.pymortests.grid" file="src/pymortests/grid.py" line="159" name="test_superentities_entries_sorted[&lt;lambda&gt;39]" time="0.00046539306640625"><skipped message="Suite splitting in effect" type="pytest.skip">src/pymortests/grid.py:159: Suite splitting in effect</skipped></testcase><testcase classname="src.pymortests.grid" file="src/pymortests/grid.py" line="159" name="test_superentities_entries_sorted[&lt;lambda&gt;40]" time="0.00046944618225097656"><skipped message="Suite splitting in effect" type="pytest.skip">src/pymortests/grid.py:159: Suite splitting in effect</skipped></testcase><testcase classname="src.pymortests.grid" file="src/pymortests/grid.py" line="159" name="test_superentities_entries_sorted[&lt;lambda&gt;41]" time="0.0004677772521972656"><skipped message="Suite splitting in effect" type="pytest.skip">src/pymortests/grid.py:159: Suite splitting in effect</skipped></testcase><testcase classname="src.pymortests.grid" file="src/pymortests/grid.py" line="159" name="test_superentities_entries_sorted[&lt;lambda&gt;42]" time="0.0007419586181640625"><skipped message="Suite splitting in effect" type="pytest.skip">src/pymortests/grid.py:159: Suite splitting in effect</skipped></testcase><testcase classname="src.pymortests.grid" file="src/pymortests/grid.py" line="172" name="test_superentities_codim_d_codim_d[&lt;lambda&gt;0]" time="0.00042176246643066406"><skipped message="Suite splitting in effect" type="pytest.skip">src/pymortests/grid.py:172: Suite splitting in effect</skipped></testcase><testcase classname="src.pymortests.grid" file="src/pymortests/grid.py" line="172" name="test_superentities_codim_d_codim_d[&lt;lambda&gt;1]" time="0.0004985332489013672"><skipped message="Suite splitting in effect" type="pytest.skip">src/pymortests/grid.py:172: Suite splitting in effect</skipped></testcase><testcase classname="src.pymortests.grid" file="src/pymortests/grid.py" line="172" name="test_superentities_codim_d_codim_d[&lt;lambda&gt;2]" time="0.0004851818084716797"><skipped message="Suite splitting in effect" type="pytest.skip">src/pymortests/grid.py:172: Suite splitting in effect</skipped></testcase><testcase classname="src.pymortests.grid" file="src/pymortests/grid.py" line="172" name="test_superentities_codim_d_codim_d[&lt;lambda&gt;3]" time="0.0004277229309082031"><skipped message="Suite splitting in effect" type="pytest.skip">src/pymortests/grid.py:172: Suite splitting in effect</skipped></testcase><testcase classname="src.pymortests.grid" file="src/pymortests/grid.py" line="172" name="test_superentities_codim_d_codim_d[&lt;lambda&gt;4]" time="0.0004749298095703125"><skipped message="Suite splitting in effect" type="pytest.skip">src/pymortests/grid.py:172: Suite splitting in effect</skipped></testcase><testcase classname="src.pymortests.grid" file="src/pymortests/grid.py" line="172" name="test_superentities_codim_d_codim_d[&lt;lambda&gt;5]" time="0.00042819976806640625"><skipped message="Suite splitting in effect" type="pytest.skip">src/pymortests/grid.py:172: Suite splitting in effect</skipped></testcase><testcase classname="src.pymortests.grid" file="src/pymortests/grid.py" line="172" name="test_superentities_codim_d_codim_d[&lt;lambda&gt;6]" time="0.00043320655822753906"><skipped message="Suite splitting in effect" type="pytest.skip">src/pymortests/grid.py:172: Suite splitting in effect</skipped></testcase><testcase classname="src.pymortests.grid" file="src/pymortests/grid.py" line="172" name="test_superentities_codim_d_codim_d[&lt;lambda&gt;7]" time="0.0007615089416503906"><skipped message="Suite splitting in effect" type="pytest.skip">src/pymortests/grid.py:172: Suite splitting in effect</skipped></testcase><testcase classname="src.pymortests.grid" file="src/pymortests/grid.py" line="172" name="test_superentities_codim_d_codim_d[&lt;lambda&gt;8]" time="0.00044655799865722656"><skipped message="Suite splitting in effect" type="pytest.skip">src/pymortests/grid.py:172: Suite splitting in effect</skipped></testcase><testcase classname="src.pymortests.grid" file="src/pymortests/grid.py" line="172" name="test_superentities_codim_d_codim_d[&lt;lambda&gt;9]" time="0.0004527568817138672"><skipped message="Suite splitting in effect" type="pytest.skip">src/pymortests/grid.py:172: Suite splitting in effect</skipped></testcase><testcase classname="src.pymortests.grid" file="src/pymortests/grid.py" line="172" name="test_superentities_codim_d_codim_d[&lt;lambda&gt;10]" time="0.0004558563232421875"><skipped message="Suite splitting in effect" type="pytest.skip">src/pymortests/grid.py:172: Suite splitting in effect</skipped></testcase><testcase classname="src.pymortests.grid" file="src/pymortests/grid.py" line="172" name="test_superentities_codim_d_codim_d[&lt;lambda&gt;11]" time="0.0004684925079345703"><skipped message="Suite splitting in effect" type="pytest.skip">src/pymortests/grid.py:172: Suite splitting in effect</skipped></testcase><testcase classname="src.pymortests.grid" file="src/pymortests/grid.py" line="172" name="test_superentities_codim_d_codim_d[&lt;lambda&gt;12]" time="0.0004239082336425781"><skipped message="Suite splitting in effect" type="pytest.skip">src/pymortests/grid.py:172: Suite splitting in effect</skipped></testcase><testcase classname="src.pymortests.grid" file="src/pymortests/grid.py" line="172" name="test_superentities_codim_d_codim_d[&lt;lambda&gt;13]" time="0.0004172325134277344"><skipped message="Suite splitting in effect" type="pytest.skip">src/pymortests/grid.py:172: Suite splitting in effect</skipped></testcase><testcase classname="src.pymortests.grid" file="src/pymortests/grid.py" line="172" name="test_superentities_codim_d_codim_d[&lt;lambda&gt;14]" time="0.0004398822784423828"><skipped message="Suite splitting in effect" type="pytest.skip">src/pymortests/grid.py:172: Suite splitting in effect</skipped></testcase><testcase classname="src.pymortests.grid" file="src/pymortests/grid.py" line="172" name="test_superentities_codim_d_codim_d[&lt;lambda&gt;15]" time="0.0007905960083007812"><skipped message="Suite splitting in effect" type="pytest.skip">src/pymortests/grid.py:172: Suite splitting in effect</skipped></testcase><testcase classname="src.pymortests.grid" file="src/pymortests/grid.py" line="172" name="test_superentities_codim_d_codim_d[&lt;lambda&gt;16]" time="0.00045418739318847656"><skipped message="Suite splitting in effect" type="pytest.skip">src/pymortests/grid.py:172: Suite splitting in effect</skipped></testcase><testcase classname="src.pymortests.grid" file="src/pymortests/grid.py" line="172" name="test_superentities_codim_d_codim_d[&lt;lambda&gt;17]" time="0.0004134178161621094"><skipped message="Suite splitting in effect" type="pytest.skip">src/pymortests/grid.py:172: Suite splitting in effect</skipped></testcase><testcase classname="src.pymortests.grid" file="src/pymortests/grid.py" line="172" name="test_superentities_codim_d_codim_d[&lt;lambda&gt;18]" time="0.0004229545593261719"><skipped message="Suite splitting in effect" type="pytest.skip">src/pymortests/grid.py:172: Suite splitting in effect</skipped></testcase><testcase classname="src.pymortests.grid" file="src/pymortests/grid.py" line="172" name="test_superentities_codim_d_codim_d[&lt;lambda&gt;19]" time="0.0004405975341796875"><skipped message="Suite splitting in effect" type="pytest.skip">src/pymortests/grid.py:172: Suite splitting in effect</skipped></testcase><testcase classname="src.pymortests.grid" file="src/pymortests/grid.py" line="172" name="test_superentities_codim_d_codim_d[&lt;lambda&gt;20]" time="0.0004229545593261719"><skipped message="Suite splitting in effect" type="pytest.skip">src/pymortests/grid.py:172: Suite splitting in effect</skipped></testcase><testcase classname="src.pymortests.grid" file="src/pymortests/grid.py" line="172" name="test_superentities_codim_d_codim_d[&lt;lambda&gt;21]" time="0.00043487548828125"><skipped message="Suite splitting in effect" type="pytest.skip">src/pymortests/grid.py:172: Suite splitting in effect</skipped></testcase><testcase classname="src.pymortests.grid" file="src/pymortests/grid.py" line="172" name="test_superentities_codim_d_codim_d[&lt;lambda&gt;22]" time="0.0004601478576660156"><skipped message="Suite splitting in effect" type="pytest.skip">src/pymortests/grid.py:172: Suite splitting in effect</skipped></testcase><testcase classname="src.pymortests.grid" file="src/pymortests/grid.py" line="172" name="test_superentities_codim_d_codim_d[&lt;lambda&gt;23]" time="0.0007853507995605469"><skipped message="Suite splitting in effect" type="pytest.skip">src/pymortests/grid.py:172: Suite splitting in effect</skipped></testcase><testcase classname="src.pymortests.grid" file="src/pymortests/grid.py" line="172" name="test_superentities_codim_d_codim_d[&lt;lambda&gt;24]" time="0.00047087669372558594"><skipped message="Suite splitting in effect" type="pytest.skip">src/pymortests/grid.py:172: Suite splitting in effect</skipped></testcase><testcase classname="src.pymortests.grid" file="src/pymortests/grid.py" line="172" name="test_superentities_codim_d_codim_d[&lt;lambda&gt;25]" time="0.00044918060302734375"><skipped message="Suite splitting in effect" type="pytest.skip">src/pymortests/grid.py:172: Suite splitting in effect</skipped></testcase><testcase classname="src.pymortests.grid" file="src/pymortests/grid.py" line="172" name="test_superentities_codim_d_codim_d[&lt;lambda&gt;26]" time="0.0004146099090576172"><skipped message="Suite splitting in effect" type="pytest.skip">src/pymortests/grid.py:172: Suite splitting in effect</skipped></testcase><testcase classname="src.pymortests.grid" file="src/pymortests/grid.py" line="172" name="test_superentities_codim_d_codim_d[&lt;lambda&gt;27]" time="0.00045680999755859375"><skipped message="Suite splitting in effect" type="pytest.skip">src/pymortests/grid.py:172: Suite splitting in effect</skipped></testcase><testcase classname="src.pymortests.grid" file="src/pymortests/grid.py" line="172" name="test_superentities_codim_d_codim_d[&lt;lambda&gt;28]" time="0.0004277229309082031"><skipped message="Suite splitting in effect" type="pytest.skip">src/pymortests/grid.py:172: Suite splitting in effect</skipped></testcase><testcase classname="src.pymortests.grid" file="src/pymortests/grid.py" line="172" name="test_superentities_codim_d_codim_d[&lt;lambda&gt;29]" time="0.00047779083251953125"><skipped message="Suite splitting in effect" type="pytest.skip">src/pymortests/grid.py:172: Suite splitting in effect</skipped></testcase><testcase classname="src.pymortests.grid" file="src/pymortests/grid.py" line="172" name="test_superentities_codim_d_codim_d[&lt;lambda&gt;30]" time="0.0004057884216308594"><skipped message="Suite splitting in effect" type="pytest.skip">src/pymortests/grid.py:172: Suite splitting in effect</skipped></testcase><testcase classname="src.pymortests.grid" file="src/pymortests/grid.py" line="172" name="test_superentities_codim_d_codim_d[&lt;lambda&gt;31]" time="0.0007305145263671875"><skipped message="Suite splitting in effect" type="pytest.skip">src/pymortests/grid.py:172: Suite splitting in effect</skipped></testcase><testcase classname="src.pymortests.grid" file="src/pymortests/grid.py" line="172" name="test_superentities_codim_d_codim_d[&lt;lambda&gt;32]" time="0.0004131793975830078"><skipped message="Suite splitting in effect" type="pytest.skip">src/pymortests/grid.py:172: Suite splitting in effect</skipped></testcase><testcase classname="src.pymortests.grid" file="src/pymortests/grid.py" line="172" name="test_superentities_codim_d_codim_d[&lt;lambda&gt;33]" time="0.00045228004455566406"><skipped message="Suite splitting in effect" type="pytest.skip">src/pymortests/grid.py:172: Suite splitting in effect</skipped></testcase><testcase classname="src.pymortests.grid" file="src/pymortests/grid.py" line="172" name="test_superentities_codim_d_codim_d[&lt;lambda&gt;34]" time="0.000431060791015625"><skipped message="Suite splitting in effect" type="pytest.skip">src/pymortests/grid.py:172: Suite splitting in effect</skipped></testcase><testcase classname="src.pymortests.grid" file="src/pymortests/grid.py" line="172" name="test_superentities_codim_d_codim_d[&lt;lambda&gt;35]" time="0.00045680999755859375"><skipped message="Suite splitting in effect" type="pytest.skip">src/pymortests/grid.py:172: Suite splitting in effect</skipped></testcase><testcase classname="src.pymortests.grid" file="src/pymortests/grid.py" line="172" name="test_superentities_codim_d_codim_d[&lt;lambda&gt;36]" time="0.0004334449768066406"><skipped message="Suite splitting in effect" type="pytest.skip">src/pymortests/grid.py:172: Suite splitting in effect</skipped></testcase><testcase classname="src.pymortests.grid" file="src/pymortests/grid.py" line="172" name="test_superentities_codim_d_codim_d[&lt;lambda&gt;37]" time="0.0004410743713378906"><skipped message="Suite splitting in effect" type="pytest.skip">src/pymortests/grid.py:172: Suite splitting in effect</skipped></testcase><testcase classname="src.pymortests.grid" file="src/pymortests/grid.py" line="172" name="test_superentities_codim_d_codim_d[&lt;lambda&gt;38]" time="0.0004329681396484375"><skipped message="Suite splitting in effect" type="pytest.skip">src/pymortests/grid.py:172: Suite splitting in effect</skipped></testcase><testcase classname="src.pymortests.grid" file="src/pymortests/grid.py" line="172" name="test_superentities_codim_d_codim_d[&lt;lambda&gt;39]" time="0.0006847381591796875"><skipped message="Suite splitting in effect" type="pytest.skip">src/pymortests/grid.py:172: Suite splitting in effect</skipped></testcase><testcase classname="src.pymortests.grid" file="src/pymortests/grid.py" line="172" name="test_superentities_codim_d_codim_d[&lt;lambda&gt;40]" time="0.00044417381286621094"><skipped message="Suite splitting in effect" type="pytest.skip">src/pymortests/grid.py:172: Suite splitting in effect</skipped></testcase><testcase classname="src.pymortests.grid" file="src/pymortests/grid.py" line="172" name="test_superentities_codim_d_codim_d[&lt;lambda&gt;41]" time="0.00042438507080078125"><skipped message="Suite splitting in effect" type="pytest.skip">src/pymortests/grid.py:172: Suite splitting in effect</skipped></testcase><testcase classname="src.pymortests.grid" file="src/pymortests/grid.py" line="172" name="test_superentities_codim_d_codim_d[&lt;lambda&gt;42]" time="0.000499725341796875"><skipped message="Suite splitting in effect" type="pytest.skip">src/pymortests/grid.py:172: Suite splitting in effect</skipped></testcase><testcase classname="src.pymortests.grid" file="src/pymortests/grid.py" line="179" name="test_superentities_each_entry_superentity[&lt;lambda&gt;0]" time="0.0004868507385253906"><skipped message="Suite splitting in effect" type="pytest.skip">src/pymortests/grid.py:179: Suite splitting in effect</skipped></testcase><testcase classname="src.pymortests.grid" file="src/pymortests/grid.py" line="179" name="test_superentities_each_entry_superentity[&lt;lambda&gt;1]" time="0.0004181861877441406"><skipped message="Suite splitting in effect" type="pytest.skip">src/pymortests/grid.py:179: Suite splitting in effect</skipped></testcase><testcase classname="src.pymortests.grid" file="src/pymortests/grid.py" line="179" name="test_superentities_each_entry_superentity[&lt;lambda&gt;2]" time="0.00042748451232910156"><skipped message="Suite splitting in effect" type="pytest.skip">src/pymortests/grid.py:179: Suite splitting in effect</skipped></testcase><testcase classname="src.pymortests.grid" file="src/pymortests/grid.py" line="179" name="test_superentities_each_entry_superentity[&lt;lambda&gt;3]" time="0.00043010711669921875"><skipped message="Suite splitting in effect" type="pytest.skip">src/pymortests/grid.py:179: Suite splitting in effect</skipped></testcase><testcase classname="src.pymortests.grid" file="src/pymortests/grid.py" line="179" name="test_superentities_each_entry_superentity[&lt;lambda&gt;4]" time="0.0007374286651611328"><skipped message="Suite splitting in effect" type="pytest.skip">src/pymortests/grid.py:179: Suite splitting in effect</skipped></testcase><testcase classname="src.pymortests.grid" file="src/pymortests/grid.py" line="179" name="test_superentities_each_entry_superentity[&lt;lambda&gt;5]" time="0.00045108795166015625"><skipped message="Suite splitting in effect" type="pytest.skip">src/pymortests/grid.py:179: Suite splitting in effect</skipped></testcase><testcase classname="src.pymortests.grid" file="src/pymortests/grid.py" line="179" name="test_superentities_each_entry_superentity[&lt;lambda&gt;6]" time="0.0004115104675292969"><skipped message="Suite splitting in effect" type="pytest.skip">src/pymortests/grid.py:179: Suite splitting in effect</skipped></testcase><testcase classname="src.pymortests.grid" file="src/pymortests/grid.py" line="179" name="test_superentities_each_entry_superentity[&lt;lambda&gt;7]" time="0.0004570484161376953"><skipped message="Suite splitting in effect" type="pytest.skip">src/pymortests/grid.py:179: Suite splitting in effect</skipped></testcase><testcase classname="src.pymortests.grid" file="src/pymortests/grid.py" line="179" name="test_superentities_each_entry_superentity[&lt;lambda&gt;8]" time="0.000415802001953125"><skipped message="Suite splitting in effect" type="pytest.skip">src/pymortests/grid.py:179: Suite splitting in effect</skipped></testcase><testcase classname="src.pymortests.grid" file="src/pymortests/grid.py" line="179" name="test_superentities_each_entry_superentity[&lt;lambda&gt;9]" time="0.0004277229309082031"><skipped message="Suite splitting in effect" type="pytest.skip">src/pymortests/grid.py:179: Suite splitting in effect</skipped></testcase><testcase classname="src.pymortests.grid" file="src/pymortests/grid.py" line="179" name="test_superentities_each_entry_superentity[&lt;lambda&gt;10]" time="0.00043010711669921875"><skipped message="Suite splitting in effect" type="pytest.skip">src/pymortests/grid.py:179: Suite splitting in effect</skipped></testcase><testcase classname="src.pymortests.grid" file="src/pymortests/grid.py" line="179" name="test_superentities_each_entry_superentity[&lt;lambda&gt;11]" time="0.0004086494445800781"><skipped message="Suite splitting in effect" type="pytest.skip">src/pymortests/grid.py:179: Suite splitting in effect</skipped></testcase><testcase classname="src.pymortests.grid" file="src/pymortests/grid.py" line="179" name="test_superentities_each_entry_superentity[&lt;lambda&gt;12]" time="0.0008866786956787109"><skipped message="Suite splitting in effect" type="pytest.skip">src/pymortests/grid.py:179: Suite splitting in effect</skipped></testcase><testcase classname="src.pymortests.grid" file="src/pymortests/grid.py" line="179" name="test_superentities_each_entry_superentity[&lt;lambda&gt;13]" time="0.00044274330139160156"><skipped message="Suite splitting in effect" type="pytest.skip">src/pymortests/grid.py:179: Suite splitting in effect</skipped></testcase><testcase classname="src.pymortests.grid" file="src/pymortests/grid.py" line="179" name="test_superentities_each_entry_superentity[&lt;lambda&gt;14]" time="0.00039768218994140625"><skipped message="Suite splitting in effect" type="pytest.skip">src/pymortests/grid.py:179: Suite splitting in effect</skipped></testcase><testcase classname="src.pymortests.grid" file="src/pymortests/grid.py" line="179" name="test_superentities_each_entry_superentity[&lt;lambda&gt;15]" time="0.00040411949157714844"><skipped message="Suite splitting in effect" type="pytest.skip">src/pymortests/grid.py:179: Suite splitting in effect</skipped></testcase><testcase classname="src.pymortests.grid" file="src/pymortests/grid.py" line="179" name="test_superentities_each_entry_superentity[&lt;lambda&gt;16]" time="0.0004305839538574219"><skipped message="Suite splitting in effect" type="pytest.skip">src/pymortests/grid.py:179: Suite splitting in effect</skipped></testcase><testcase classname="src.pymortests.grid" file="src/pymortests/grid.py" line="179" name="test_superentities_each_entry_superentity[&lt;lambda&gt;17]" time="0.0005893707275390625"><skipped message="Suite splitting in effect" type="pytest.skip">src/pymortests/grid.py:179: Suite splitting in effect</skipped></testcase><testcase classname="src.pymortests.grid" file="src/pymortests/grid.py" line="179" name="test_superentities_each_entry_superentity[&lt;lambda&gt;18]" time="0.0005815029144287109"><skipped message="Suite splitting in effect" type="pytest.skip">src/pymortests/grid.py:179: Suite splitting in effect</skipped></testcase><testcase classname="src.pymortests.grid" file="src/pymortests/grid.py" line="179" name="test_superentities_each_entry_superentity[&lt;lambda&gt;19]" time="0.0005898475646972656"><skipped message="Suite splitting in effect" type="pytest.skip">src/pymortests/grid.py:179: Suite splitting in effect</skipped></testcase><testcase classname="src.pymortests.grid" file="src/pymortests/grid.py" line="179" name="test_superentities_each_entry_superentity[&lt;lambda&gt;20]" time="0.0007717609405517578"><skipped message="Suite splitting in effect" type="pytest.skip">src/pymortests/grid.py:179: Suite splitting in effect</skipped></testcase><testcase classname="src.pymortests.grid" file="src/pymortests/grid.py" line="179" name="test_superentities_each_entry_superentity[&lt;lambda&gt;21]" time="0.0004425048828125"><skipped message="Suite splitting in effect" type="pytest.skip">src/pymortests/grid.py:179: Suite splitting in effect</skipped></testcase><testcase classname="src.pymortests.grid" file="src/pymortests/grid.py" line="179" name="test_superentities_each_entry_superentity[&lt;lambda&gt;22]" time="0.00048041343688964844"><skipped message="Suite splitting in effect" type="pytest.skip">src/pymortests/grid.py:179: Suite splitting in effect</skipped></testcase><testcase classname="src.pymortests.grid" file="src/pymortests/grid.py" line="179" name="test_superentities_each_entry_superentity[&lt;lambda&gt;23]" time="0.0005109310150146484"><skipped message="Suite splitting in effect" type="pytest.skip">src/pymortests/grid.py:179: Suite splitting in effect</skipped></testcase><testcase classname="src.pymortests.grid" file="src/pymortests/grid.py" line="179" name="test_superentities_each_entry_superentity[&lt;lambda&gt;24]" time="0.0005621910095214844"><skipped message="Suite splitting in effect" type="pytest.skip">src/pymortests/grid.py:179: Suite splitting in effect</skipped></testcase><testcase classname="src.pymortests.grid" file="src/pymortests/grid.py" line="179" name="test_superentities_each_entry_superentity[&lt;lambda&gt;25]" time="0.0004551410675048828"><skipped message="Suite splitting in effect" type="pytest.skip">src/pymortests/grid.py:179: Suite splitting in effect</skipped></testcase><testcase classname="src.pymortests.grid" file="src/pymortests/grid.py" line="179" name="test_superentities_each_entry_superentity[&lt;lambda&gt;26]" time="0.0004856586456298828"><skipped message="Suite splitting in effect" type="pytest.skip">src/pymortests/grid.py:179: Suite splitting in effect</skipped></testcase><testcase classname="src.pymortests.grid" file="src/pymortests/grid.py" line="179" name="test_superentities_each_entry_superentity[&lt;lambda&gt;27]" time="0.00048422813415527344"><skipped message="Suite splitting in effect" type="pytest.skip">src/pymortests/grid.py:179: Suite splitting in effect</skipped></testcase><testcase classname="src.pymortests.grid" file="src/pymortests/grid.py" line="179" name="test_superentities_each_entry_superentity[&lt;lambda&gt;28]" time="0.0007891654968261719"><skipped message="Suite splitting in effect" type="pytest.skip">src/pymortests/grid.py:179: Suite splitting in effect</skipped></testcase><testcase classname="src.pymortests.grid" file="src/pymortests/grid.py" line="179" name="test_superentities_each_entry_superentity[&lt;lambda&gt;29]" time="0.0005159378051757812"><skipped message="Suite splitting in effect" type="pytest.skip">src/pymortests/grid.py:179: Suite splitting in effect</skipped></testcase><testcase classname="src.pymortests.grid" file="src/pymortests/grid.py" line="179" name="test_superentities_each_entry_superentity[&lt;lambda&gt;30]" time="0.00045418739318847656"><skipped message="Suite splitting in effect" type="pytest.skip">src/pymortests/grid.py:179: Suite splitting in effect</skipped></testcase><testcase classname="src.pymortests.grid" file="src/pymortests/grid.py" line="179" name="test_superentities_each_entry_superentity[&lt;lambda&gt;31]" time="0.0004818439483642578"><skipped message="Suite splitting in effect" type="pytest.skip">src/pymortests/grid.py:179: Suite splitting in effect</skipped></testcase><testcase classname="src.pymortests.grid" file="src/pymortests/grid.py" line="179" name="test_superentities_each_entry_superentity[&lt;lambda&gt;32]" time="0.00046753883361816406"><skipped message="Suite splitting in effect" type="pytest.skip">src/pymortests/grid.py:179: Suite splitting in effect</skipped></testcase><testcase classname="src.pymortests.grid" file="src/pymortests/grid.py" line="179" name="test_superentities_each_entry_superentity[&lt;lambda&gt;33]" time="0.000469207763671875"><skipped message="Suite splitting in effect" type="pytest.skip">src/pymortests/grid.py:179: Suite splitting in effect</skipped></testcase><testcase classname="src.pymortests.grid" file="src/pymortests/grid.py" line="179" name="test_superentities_each_entry_superentity[&lt;lambda&gt;34]" time="0.0004673004150390625"><skipped message="Suite splitting in effect" type="pytest.skip">src/pymortests/grid.py:179: Suite splitting in effect</skipped></testcase><testcase classname="src.pymortests.grid" file="src/pymortests/grid.py" line="179" name="test_superentities_each_entry_superentity[&lt;lambda&gt;35]" time="0.0004603862762451172"><skipped message="Suite splitting in effect" type="pytest.skip">src/pymortests/grid.py:179: Suite splitting in effect</skipped></testcase><testcase classname="src.pymortests.grid" file="src/pymortests/grid.py" line="179" name="test_superentities_each_entry_superentity[&lt;lambda&gt;36]" time="0.0007753372192382812"><skipped message="Suite splitting in effect" type="pytest.skip">src/pymortests/grid.py:179: Suite splitting in effect</skipped></testcase><testcase classname="src.pymortests.grid" file="src/pymortests/grid.py" line="179" name="test_superentities_each_entry_superentity[&lt;lambda&gt;37]" time="0.0004494190216064453"><skipped message="Suite splitting in effect" type="pytest.skip">src/pymortests/grid.py:179: Suite splitting in effect</skipped></testcase><testcase classname="src.pymortests.grid" file="src/pymortests/grid.py" line="179" name="test_superentities_each_entry_superentity[&lt;lambda&gt;38]" time="0.0004711151123046875"><skipped message="Suite splitting in effect" type="pytest.skip">src/pymortests/grid.py:179: Suite splitting in effect</skipped></testcase><testcase classname="src.pymortests.grid" file="src/pymortests/grid.py" line="179" name="test_superentities_each_entry_superentity[&lt;lambda&gt;39]" time="0.0004696846008300781"><skipped message="Suite splitting in effect" type="pytest.skip">src/pymortests/grid.py:179: Suite splitting in effect</skipped></testcase><testcase classname="src.pymortests.grid" file="src/pymortests/grid.py" line="179" name="test_superentities_each_entry_superentity[&lt;lambda&gt;40]" time="0.00045228004455566406"><skipped message="Suite splitting in effect" type="pytest.skip">src/pymortests/grid.py:179: Suite splitting in effect</skipped></testcase><testcase classname="src.pymortests.grid" file="src/pymortests/grid.py" line="179" name="test_superentities_each_entry_superentity[&lt;lambda&gt;41]" time="0.0004928112030029297"><skipped message="Suite splitting in effect" type="pytest.skip">src/pymortests/grid.py:179: Suite splitting in effect</skipped></testcase><testcase classname="src.pymortests.grid" file="src/pymortests/grid.py" line="179" name="test_superentities_each_entry_superentity[&lt;lambda&gt;42]" time="0.0004565715789794922"><skipped message="Suite splitting in effect" type="pytest.skip">src/pymortests/grid.py:179: Suite splitting in effect</skipped></testcase><testcase classname="src.pymortests.grid" file="src/pymortests/grid.py" line="191" name="test_superentities_each_superentity_has_entry[&lt;lambda&gt;0]" time="0.00044727325439453125"><skipped message="Suite splitting in effect" type="pytest.skip">src/pymortests/grid.py:191: Suite splitting in effect</skipped></testcase><testcase classname="src.pymortests.grid" file="src/pymortests/grid.py" line="191" name="test_superentities_each_superentity_has_entry[&lt;lambda&gt;1]" time="0.0008399486541748047"><skipped message="Suite splitting in effect" type="pytest.skip">src/pymortests/grid.py:191: Suite splitting in effect</skipped></testcase><testcase classname="src.pymortests.grid" file="src/pymortests/grid.py" line="191" name="test_superentities_each_superentity_has_entry[&lt;lambda&gt;2]" time="0.0005235671997070312"><skipped message="Suite splitting in effect" type="pytest.skip">src/pymortests/grid.py:191: Suite splitting in effect</skipped></testcase><testcase classname="src.pymortests.grid" file="src/pymortests/grid.py" line="191" name="test_superentities_each_superentity_has_entry[&lt;lambda&gt;3]" time="0.0004665851593017578"><skipped message="Suite splitting in effect" type="pytest.skip">src/pymortests/grid.py:191: Suite splitting in effect</skipped></testcase><testcase classname="src.pymortests.grid" file="src/pymortests/grid.py" line="191" name="test_superentities_each_superentity_has_entry[&lt;lambda&gt;4]" time="0.00045490264892578125"><skipped message="Suite splitting in effect" type="pytest.skip">src/pymortests/grid.py:191: Suite splitting in effect</skipped></testcase><testcase classname="src.pymortests.grid" file="src/pymortests/grid.py" line="191" name="test_superentities_each_superentity_has_entry[&lt;lambda&gt;5]" time="0.00047087669372558594"><skipped message="Suite splitting in effect" type="pytest.skip">src/pymortests/grid.py:191: Suite splitting in effect</skipped></testcase><testcase classname="src.pymortests.grid" file="src/pymortests/grid.py" line="191" name="test_superentities_each_superentity_has_entry[&lt;lambda&gt;6]" time="0.0005037784576416016"><skipped message="Suite splitting in effect" type="pytest.skip">src/pymortests/grid.py:191: Suite splitting in effect</skipped></testcase><testcase classname="src.pymortests.grid" file="src/pymortests/grid.py" line="191" name="test_superentities_each_superentity_has_entry[&lt;lambda&gt;7]" time="0.0005049705505371094"><skipped message="Suite splitting in effect" type="pytest.skip">src/pymortests/grid.py:191: Suite splitting in effect</skipped></testcase><testcase classname="src.pymortests.grid" file="src/pymortests/grid.py" line="191" name="test_superentities_each_superentity_has_entry[&lt;lambda&gt;8]" time="0.0004918575286865234"><skipped message="Suite splitting in effect" type="pytest.skip">src/pymortests/grid.py:191: Suite splitting in effect</skipped></testcase><testcase classname="src.pymortests.grid" file="src/pymortests/grid.py" line="191" name="test_superentities_each_superentity_has_entry[&lt;lambda&gt;9]" time="0.0007555484771728516"><skipped message="Suite splitting in effect" type="pytest.skip">src/pymortests/grid.py:191: Suite splitting in effect</skipped></testcase><testcase classname="src.pymortests.grid" file="src/pymortests/grid.py" line="191" name="test_superentities_each_superentity_has_entry[&lt;lambda&gt;10]" time="0.0004401206970214844"><skipped message="Suite splitting in effect" type="pytest.skip">src/pymortests/grid.py:191: Suite splitting in effect</skipped></testcase><testcase classname="src.pymortests.grid" file="src/pymortests/grid.py" line="191" name="test_superentities_each_superentity_has_entry[&lt;lambda&gt;11]" time="0.0005285739898681641"><skipped message="Suite splitting in effect" type="pytest.skip">src/pymortests/grid.py:191: Suite splitting in effect</skipped></testcase><testcase classname="src.pymortests.grid" file="src/pymortests/grid.py" line="191" name="test_superentities_each_superentity_has_entry[&lt;lambda&gt;12]" time="0.0004982948303222656"><skipped message="Suite splitting in effect" type="pytest.skip">src/pymortests/grid.py:191: Suite splitting in effect</skipped></testcase><testcase classname="src.pymortests.grid" file="src/pymortests/grid.py" line="191" name="test_superentities_each_superentity_has_entry[&lt;lambda&gt;13]" time="0.00048613548278808594"><skipped message="Suite splitting in effect" type="pytest.skip">src/pymortests/grid.py:191: Suite splitting in effect</skipped></testcase><testcase classname="src.pymortests.grid" file="src/pymortests/grid.py" line="191" name="test_superentities_each_superentity_has_entry[&lt;lambda&gt;14]" time="0.0005035400390625"><skipped message="Suite splitting in effect" type="pytest.skip">src/pymortests/grid.py:191: Suite splitting in effect</skipped></testcase><testcase classname="src.pymortests.grid" file="src/pymortests/grid.py" line="191" name="test_superentities_each_superentity_has_entry[&lt;lambda&gt;15]" time="0.0004773139953613281"><skipped message="Suite splitting in effect" type="pytest.skip">src/pymortests/grid.py:191: Suite splitting in effect</skipped></testcase><testcase classname="src.pymortests.grid" file="src/pymortests/grid.py" line="191" name="test_superentities_each_superentity_has_entry[&lt;lambda&gt;16]" time="0.0004627704620361328"><skipped message="Suite splitting in effect" type="pytest.skip">src/pymortests/grid.py:191: Suite splitting in effect</skipped></testcase><testcase classname="src.pymortests.grid" file="src/pymortests/grid.py" line="191" name="test_superentities_each_superentity_has_entry[&lt;lambda&gt;17]" time="0.0008111000061035156"><skipped message="Suite splitting in effect" type="pytest.skip">src/pymortests/grid.py:191: Suite splitting in effect</skipped></testcase><testcase classname="src.pymortests.grid" file="src/pymortests/grid.py" line="191" name="test_superentities_each_superentity_has_entry[&lt;lambda&gt;18]" time="0.0004687309265136719"><skipped message="Suite splitting in effect" type="pytest.skip">src/pymortests/grid.py:191: Suite splitting in effect</skipped></testcase><testcase classname="src.pymortests.grid" file="src/pymortests/grid.py" line="191" name="test_superentities_each_superentity_has_entry[&lt;lambda&gt;19]" time="0.0004627704620361328"><skipped message="Suite splitting in effect" type="pytest.skip">src/pymortests/grid.py:191: Suite splitting in effect</skipped></testcase><testcase classname="src.pymortests.grid" file="src/pymortests/grid.py" line="191" name="test_superentities_each_superentity_has_entry[&lt;lambda&gt;20]" time="0.0004754066467285156"><skipped message="Suite splitting in effect" type="pytest.skip">src/pymortests/grid.py:191: Suite splitting in effect</skipped></testcase><testcase classname="src.pymortests.grid" file="src/pymortests/grid.py" line="191" name="test_superentities_each_superentity_has_entry[&lt;lambda&gt;21]" time="0.0005030632019042969"><skipped message="Suite splitting in effect" type="pytest.skip">src/pymortests/grid.py:191: Suite splitting in effect</skipped></testcase><testcase classname="src.pymortests.grid" file="src/pymortests/grid.py" line="191" name="test_superentities_each_superentity_has_entry[&lt;lambda&gt;22]" time="0.00045371055603027344"><skipped message="Suite splitting in effect" type="pytest.skip">src/pymortests/grid.py:191: Suite splitting in effect</skipped></testcase><testcase classname="src.pymortests.grid" file="src/pymortests/grid.py" line="191" name="test_superentities_each_superentity_has_entry[&lt;lambda&gt;23]" time="0.0004794597625732422"><skipped message="Suite splitting in effect" type="pytest.skip">src/pymortests/grid.py:191: Suite splitting in effect</skipped></testcase><testcase classname="src.pymortests.grid" file="src/pymortests/grid.py" line="191" name="test_superentities_each_superentity_has_entry[&lt;lambda&gt;24]" time="0.00047087669372558594"><skipped message="Suite splitting in effect" type="pytest.skip">src/pymortests/grid.py:191: Suite splitting in effect</skipped></testcase><testcase classname="src.pymortests.grid" file="src/pymortests/grid.py" line="191" name="test_superentities_each_superentity_has_entry[&lt;lambda&gt;25]" time="0.0007624626159667969"><skipped message="Suite splitting in effect" type="pytest.skip">src/pymortests/grid.py:191: Suite splitting in effect</skipped></testcase><testcase classname="src.pymortests.grid" file="src/pymortests/grid.py" line="191" name="test_superentities_each_superentity_has_entry[&lt;lambda&gt;26]" time="0.0004932880401611328"><skipped message="Suite splitting in effect" type="pytest.skip">src/pymortests/grid.py:191: Suite splitting in effect</skipped></testcase><testcase classname="src.pymortests.grid" file="src/pymortests/grid.py" line="191" name="test_superentities_each_superentity_has_entry[&lt;lambda&gt;27]" time="0.00054931640625"><skipped message="Suite splitting in effect" type="pytest.skip">src/pymortests/grid.py:191: Suite splitting in effect</skipped></testcase><testcase classname="src.pymortests.grid" file="src/pymortests/grid.py" line="191" name="test_superentities_each_superentity_has_entry[&lt;lambda&gt;28]" time="0.00045561790466308594"><skipped message="Suite splitting in effect" type="pytest.skip">src/pymortests/grid.py:191: Suite splitting in effect</skipped></testcase><testcase classname="src.pymortests.grid" file="src/pymortests/grid.py" line="191" name="test_superentities_each_superentity_has_entry[&lt;lambda&gt;29]" time="0.00047397613525390625"><skipped message="Suite splitting in effect" type="pytest.skip">src/pymortests/grid.py:191: Suite splitting in effect</skipped></testcase><testcase classname="src.pymortests.grid" file="src/pymortests/grid.py" line="191" name="test_superentities_each_superentity_has_entry[&lt;lambda&gt;30]" time="0.0004820823669433594"><skipped message="Suite splitting in effect" type="pytest.skip">src/pymortests/grid.py:191: Suite splitting in effect</skipped></testcase><testcase classname="src.pymortests.grid" file="src/pymortests/grid.py" line="191" name="test_superentities_each_superentity_has_entry[&lt;lambda&gt;31]" time="0.0004642009735107422"><skipped message="Suite splitting in effect" type="pytest.skip">src/pymortests/grid.py:191: Suite splitting in effect</skipped></testcase><testcase classname="src.pymortests.grid" file="src/pymortests/grid.py" line="191" name="test_superentities_each_superentity_has_entry[&lt;lambda&gt;32]" time="0.0004780292510986328"><skipped message="Suite splitting in effect" type="pytest.skip">src/pymortests/grid.py:191: Suite splitting in effect</skipped></testcase><testcase classname="src.pymortests.grid" file="src/pymortests/grid.py" line="191" name="test_superentities_each_superentity_has_entry[&lt;lambda&gt;33]" time="0.0007228851318359375"><skipped message="Suite splitting in effect" type="pytest.skip">src/pymortests/grid.py:191: Suite splitting in effect</skipped></testcase><testcase classname="src.pymortests.grid" file="src/pymortests/grid.py" line="191" name="test_superentities_each_superentity_has_entry[&lt;lambda&gt;34]" time="0.0004551410675048828"><skipped message="Suite splitting in effect" type="pytest.skip">src/pymortests/grid.py:191: Suite splitting in effect</skipped></testcase><testcase classname="src.pymortests.grid" file="src/pymortests/grid.py" line="191" name="test_superentities_each_superentity_has_entry[&lt;lambda&gt;35]" time="0.0004279613494873047"><skipped message="Suite splitting in effect" type="pytest.skip">src/pymortests/grid.py:191: Suite splitting in effect</skipped></testcase><testcase classname="src.pymortests.grid" file="src/pymortests/grid.py" line="191" name="test_superentities_each_superentity_has_entry[&lt;lambda&gt;36]" time="0.00045561790466308594"><skipped message="Suite splitting in effect" type="pytest.skip">src/pymortests/grid.py:191: Suite splitting in effect</skipped></testcase><testcase classname="src.pymortests.grid" file="src/pymortests/grid.py" line="191" name="test_superentities_each_superentity_has_entry[&lt;lambda&gt;37]" time="0.0004150867462158203"><skipped message="Suite splitting in effect" type="pytest.skip">src/pymortests/grid.py:191: Suite splitting in effect</skipped></testcase><testcase classname="src.pymortests.grid" file="src/pymortests/grid.py" line="191" name="test_superentities_each_superentity_has_entry[&lt;lambda&gt;38]" time="0.0004324913024902344"><skipped message="Suite splitting in effect" type="pytest.skip">src/pymortests/grid.py:191: Suite splitting in effect</skipped></testcase><testcase classname="src.pymortests.grid" file="src/pymortests/grid.py" line="191" name="test_superentities_each_superentity_has_entry[&lt;lambda&gt;39]" time="0.00043702125549316406"><skipped message="Suite splitting in effect" type="pytest.skip">src/pymortests/grid.py:191: Suite splitting in effect</skipped></testcase><testcase classname="src.pymortests.grid" file="src/pymortests/grid.py" line="191" name="test_superentities_each_superentity_has_entry[&lt;lambda&gt;40]" time="0.00046563148498535156"><skipped message="Suite splitting in effect" type="pytest.skip">src/pymortests/grid.py:191: Suite splitting in effect</skipped></testcase><testcase classname="src.pymortests.grid" file="src/pymortests/grid.py" line="191" name="test_superentities_each_superentity_has_entry[&lt;lambda&gt;41]" time="0.0007853507995605469"><skipped message="Suite splitting in effect" type="pytest.skip">src/pymortests/grid.py:191: Suite splitting in effect</skipped></testcase><testcase classname="src.pymortests.grid" file="src/pymortests/grid.py" line="191" name="test_superentities_each_superentity_has_entry[&lt;lambda&gt;42]" time="0.00041604042053222656"><skipped message="Suite splitting in effect" type="pytest.skip">src/pymortests/grid.py:191: Suite splitting in effect</skipped></testcase><testcase classname="src.pymortests.grid" file="src/pymortests/grid.py" line="203" name="test_superentity_indices_wrong_arguments[&lt;lambda&gt;0]" time="0.00046253204345703125"><skipped message="Suite splitting in effect" type="pytest.skip">src/pymortests/grid.py:203: Suite splitting in effect</skipped></testcase><testcase classname="src.pymortests.grid" file="src/pymortests/grid.py" line="203" name="test_superentity_indices_wrong_arguments[&lt;lambda&gt;1]" time="0.0004191398620605469"><skipped message="Suite splitting in effect" type="pytest.skip">src/pymortests/grid.py:203: Suite splitting in effect</skipped></testcase><testcase classname="src.pymortests.grid" file="src/pymortests/grid.py" line="203" name="test_superentity_indices_wrong_arguments[&lt;lambda&gt;2]" time="0.000453948974609375"><skipped message="Suite splitting in effect" type="pytest.skip">src/pymortests/grid.py:203: Suite splitting in effect</skipped></testcase><testcase classname="src.pymortests.grid" file="src/pymortests/grid.py" line="203" name="test_superentity_indices_wrong_arguments[&lt;lambda&gt;3]" time="0.00043082237243652344"><skipped message="Suite splitting in effect" type="pytest.skip">src/pymortests/grid.py:203: Suite splitting in effect</skipped></testcase><testcase classname="src.pymortests.grid" file="src/pymortests/grid.py" line="203" name="test_superentity_indices_wrong_arguments[&lt;lambda&gt;4]" time="0.0004222393035888672"><skipped message="Suite splitting in effect" type="pytest.skip">src/pymortests/grid.py:203: Suite splitting in effect</skipped></testcase><testcase classname="src.pymortests.grid" file="src/pymortests/grid.py" line="203" name="test_superentity_indices_wrong_arguments[&lt;lambda&gt;5]" time="0.0005156993865966797"><skipped message="Suite splitting in effect" type="pytest.skip">src/pymortests/grid.py:203: Suite splitting in effect</skipped></testcase><testcase classname="src.pymortests.grid" file="src/pymortests/grid.py" line="203" name="test_superentity_indices_wrong_arguments[&lt;lambda&gt;6]" time="0.0010366439819335938"><skipped message="Suite splitting in effect" type="pytest.skip">src/pymortests/grid.py:203: Suite splitting in effect</skipped></testcase><testcase classname="src.pymortests.grid" file="src/pymortests/grid.py" line="203" name="test_superentity_indices_wrong_arguments[&lt;lambda&gt;7]" time="0.0005905628204345703"><skipped message="Suite splitting in effect" type="pytest.skip">src/pymortests/grid.py:203: Suite splitting in effect</skipped></testcase><testcase classname="src.pymortests.grid" file="src/pymortests/grid.py" line="203" name="test_superentity_indices_wrong_arguments[&lt;lambda&gt;8]" time="0.0005648136138916016"><skipped message="Suite splitting in effect" type="pytest.skip">src/pymortests/grid.py:203: Suite splitting in effect</skipped></testcase><testcase classname="src.pymortests.grid" file="src/pymortests/grid.py" line="203" name="test_superentity_indices_wrong_arguments[&lt;lambda&gt;9]" time="0.0005369186401367188"><skipped message="Suite splitting in effect" type="pytest.skip">src/pymortests/grid.py:203: Suite splitting in effect</skipped></testcase><testcase classname="src.pymortests.grid" file="src/pymortests/grid.py" line="203" name="test_superentity_indices_wrong_arguments[&lt;lambda&gt;10]" time="0.0005245208740234375"><skipped message="Suite splitting in effect" type="pytest.skip">src/pymortests/grid.py:203: Suite splitting in effect</skipped></testcase><testcase classname="src.pymortests.grid" file="src/pymortests/grid.py" line="203" name="test_superentity_indices_wrong_arguments[&lt;lambda&gt;11]" time="0.0005276203155517578"><skipped message="Suite splitting in effect" type="pytest.skip">src/pymortests/grid.py:203: Suite splitting in effect</skipped></testcase><testcase classname="src.pymortests.grid" file="src/pymortests/grid.py" line="203" name="test_superentity_indices_wrong_arguments[&lt;lambda&gt;12]" time="0.0005776882171630859"><skipped message="Suite splitting in effect" type="pytest.skip">src/pymortests/grid.py:203: Suite splitting in effect</skipped></testcase><testcase classname="src.pymortests.grid" file="src/pymortests/grid.py" line="203" name="test_superentity_indices_wrong_arguments[&lt;lambda&gt;13]" time="0.0006144046783447266"><skipped message="Suite splitting in effect" type="pytest.skip">src/pymortests/grid.py:203: Suite splitting in effect</skipped></testcase><testcase classname="src.pymortests.grid" file="src/pymortests/grid.py" line="203" name="test_superentity_indices_wrong_arguments[&lt;lambda&gt;14]" time="0.0009589195251464844"><skipped message="Suite splitting in effect" type="pytest.skip">src/pymortests/grid.py:203: Suite splitting in effect</skipped></testcase><testcase classname="src.pymortests.grid" file="src/pymortests/grid.py" line="203" name="test_superentity_indices_wrong_arguments[&lt;lambda&gt;15]" time="0.00046896934509277344"><skipped message="Suite splitting in effect" type="pytest.skip">src/pymortests/grid.py:203: Suite splitting in effect</skipped></testcase><testcase classname="src.pymortests.grid" file="src/pymortests/grid.py" line="203" name="test_superentity_indices_wrong_arguments[&lt;lambda&gt;16]" time="0.0004246234893798828"><skipped message="Suite splitting in effect" type="pytest.skip">src/pymortests/grid.py:203: Suite splitting in effect</skipped></testcase><testcase classname="src.pymortests.grid" file="src/pymortests/grid.py" line="203" name="test_superentity_indices_wrong_arguments[&lt;lambda&gt;17]" time="0.0004360675811767578"><skipped message="Suite splitting in effect" type="pytest.skip">src/pymortests/grid.py:203: Suite splitting in effect</skipped></testcase><testcase classname="src.pymortests.grid" file="src/pymortests/grid.py" line="203" name="test_superentity_indices_wrong_arguments[&lt;lambda&gt;18]" time="0.0004451274871826172"><skipped message="Suite splitting in effect" type="pytest.skip">src/pymortests/grid.py:203: Suite splitting in effect</skipped></testcase><testcase classname="src.pymortests.grid" file="src/pymortests/grid.py" line="203" name="test_superentity_indices_wrong_arguments[&lt;lambda&gt;19]" time="0.00042724609375"><skipped message="Suite splitting in effect" type="pytest.skip">src/pymortests/grid.py:203: Suite splitting in effect</skipped></testcase><testcase classname="src.pymortests.grid" file="src/pymortests/grid.py" line="203" name="test_superentity_indices_wrong_arguments[&lt;lambda&gt;20]" time="0.00045037269592285156"><skipped message="Suite splitting in effect" type="pytest.skip">src/pymortests/grid.py:203: Suite splitting in effect</skipped></testcase><testcase classname="src.pymortests.grid" file="src/pymortests/grid.py" line="203" name="test_superentity_indices_wrong_arguments[&lt;lambda&gt;21]" time="0.00047707557678222656"><skipped message="Suite splitting in effect" type="pytest.skip">src/pymortests/grid.py:203: Suite splitting in effect</skipped></testcase><testcase classname="src.pymortests.grid" file="src/pymortests/grid.py" line="203" name="test_superentity_indices_wrong_arguments[&lt;lambda&gt;22]" time="0.0011060237884521484"><skipped message="Suite splitting in effect" type="pytest.skip">src/pymortests/grid.py:203: Suite splitting in effect</skipped></testcase><testcase classname="src.pymortests.grid" file="src/pymortests/grid.py" line="203" name="test_superentity_indices_wrong_arguments[&lt;lambda&gt;23]" time="0.0004336833953857422"><skipped message="Suite splitting in effect" type="pytest.skip">src/pymortests/grid.py:203: Suite splitting in effect</skipped></testcase><testcase classname="src.pymortests.grid" file="src/pymortests/grid.py" line="203" name="test_superentity_indices_wrong_arguments[&lt;lambda&gt;24]" time="0.0004215240478515625"><skipped message="Suite splitting in effect" type="pytest.skip">src/pymortests/grid.py:203: Suite splitting in effect</skipped></testcase><testcase classname="src.pymortests.grid" file="src/pymortests/grid.py" line="203" name="test_superentity_indices_wrong_arguments[&lt;lambda&gt;25]" time="0.00042319297790527344"><skipped message="Suite splitting in effect" type="pytest.skip">src/pymortests/grid.py:203: Suite splitting in effect</skipped></testcase><testcase classname="src.pymortests.grid" file="src/pymortests/grid.py" line="203" name="test_superentity_indices_wrong_arguments[&lt;lambda&gt;26]" time="0.0004684925079345703"><skipped message="Suite splitting in effect" type="pytest.skip">src/pymortests/grid.py:203: Suite splitting in effect</skipped></testcase><testcase classname="src.pymortests.grid" file="src/pymortests/grid.py" line="203" name="test_superentity_indices_wrong_arguments[&lt;lambda&gt;27]" time="0.0004181861877441406"><skipped message="Suite splitting in effect" type="pytest.skip">src/pymortests/grid.py:203: Suite splitting in effect</skipped></testcase><testcase classname="src.pymortests.grid" file="src/pymortests/grid.py" line="203" name="test_superentity_indices_wrong_arguments[&lt;lambda&gt;28]" time="0.0004329681396484375"><skipped message="Suite splitting in effect" type="pytest.skip">src/pymortests/grid.py:203: Suite splitting in effect</skipped></testcase><testcase classname="src.pymortests.grid" file="src/pymortests/grid.py" line="203" name="test_superentity_indices_wrong_arguments[&lt;lambda&gt;29]" time="0.00043463706970214844"><skipped message="Suite splitting in effect" type="pytest.skip">src/pymortests/grid.py:203: Suite splitting in effect</skipped></testcase><testcase classname="src.pymortests.grid" file="src/pymortests/grid.py" line="203" name="test_superentity_indices_wrong_arguments[&lt;lambda&gt;30]" time="0.0007479190826416016"><skipped message="Suite splitting in effect" type="pytest.skip">src/pymortests/grid.py:203: Suite splitting in effect</skipped></testcase><testcase classname="src.pymortests.grid" file="src/pymortests/grid.py" line="203" name="test_superentity_indices_wrong_arguments[&lt;lambda&gt;31]" time="0.00041604042053222656"><skipped message="Suite splitting in effect" type="pytest.skip">src/pymortests/grid.py:203: Suite splitting in effect</skipped></testcase><testcase classname="src.pymortests.grid" file="src/pymortests/grid.py" line="203" name="test_superentity_indices_wrong_arguments[&lt;lambda&gt;32]" time="0.0004279613494873047"><skipped message="Suite splitting in effect" type="pytest.skip">src/pymortests/grid.py:203: Suite splitting in effect</skipped></testcase><testcase classname="src.pymortests.grid" file="src/pymortests/grid.py" line="203" name="test_superentity_indices_wrong_arguments[&lt;lambda&gt;33]" time="0.00043129920959472656"><skipped message="Suite splitting in effect" type="pytest.skip">src/pymortests/grid.py:203: Suite splitting in effect</skipped></testcase><testcase classname="src.pymortests.grid" file="src/pymortests/grid.py" line="203" name="test_superentity_indices_wrong_arguments[&lt;lambda&gt;34]" time="0.00043320655822753906"><skipped message="Suite splitting in effect" type="pytest.skip">src/pymortests/grid.py:203: Suite splitting in effect</skipped></testcase><testcase classname="src.pymortests.grid" file="src/pymortests/grid.py" line="203" name="test_superentity_indices_wrong_arguments[&lt;lambda&gt;35]" time="0.00042057037353515625"><skipped message="Suite splitting in effect" type="pytest.skip">src/pymortests/grid.py:203: Suite splitting in effect</skipped></testcase><testcase classname="src.pymortests.grid" file="src/pymortests/grid.py" line="203" name="test_superentity_indices_wrong_arguments[&lt;lambda&gt;36]" time="0.00042700767517089844"><skipped message="Suite splitting in effect" type="pytest.skip">src/pymortests/grid.py:203: Suite splitting in effect</skipped></testcase><testcase classname="src.pymortests.grid" file="src/pymortests/grid.py" line="203" name="test_superentity_indices_wrong_arguments[&lt;lambda&gt;37]" time="0.000453948974609375"><skipped message="Suite splitting in effect" type="pytest.skip">src/pymortests/grid.py:203: Suite splitting in effect</skipped></testcase><testcase classname="src.pymortests.grid" file="src/pymortests/grid.py" line="203" name="test_superentity_indices_wrong_arguments[&lt;lambda&gt;38]" time="0.0007135868072509766"><skipped message="Suite splitting in effect" type="pytest.skip">src/pymortests/grid.py:203: Suite splitting in effect</skipped></testcase><testcase classname="src.pymortests.grid" file="src/pymortests/grid.py" line="203" name="test_superentity_indices_wrong_arguments[&lt;lambda&gt;39]" time="0.0005736351013183594"><skipped message="Suite splitting in effect" type="pytest.skip">src/pymortests/grid.py:203: Suite splitting in effect</skipped></testcase><testcase classname="src.pymortests.grid" file="src/pymortests/grid.py" line="203" name="test_superentity_indices_wrong_arguments[&lt;lambda&gt;40]" time="0.00047397613525390625"><skipped message="Suite splitting in effect" type="pytest.skip">src/pymortests/grid.py:203: Suite splitting in effect</skipped></testcase><testcase classname="src.pymortests.grid" file="src/pymortests/grid.py" line="203" name="test_superentity_indices_wrong_arguments[&lt;lambda&gt;41]" time="0.0004210472106933594"><skipped message="Suite splitting in effect" type="pytest.skip">src/pymortests/grid.py:203: Suite splitting in effect</skipped></testcase><testcase classname="src.pymortests.grid" file="src/pymortests/grid.py" line="203" name="test_superentity_indices_wrong_arguments[&lt;lambda&gt;42]" time="0.0004391670227050781"><skipped message="Suite splitting in effect" type="pytest.skip">src/pymortests/grid.py:203: Suite splitting in effect</skipped></testcase><testcase classname="src.pymortests.grid" file="src/pymortests/grid.py" line="218" name="test_superentity_indices_shape[&lt;lambda&gt;0]" time="0.0004706382751464844"><skipped message="Suite splitting in effect" type="pytest.skip">src/pymortests/grid.py:218: Suite splitting in effect</skipped></testcase><testcase classname="src.pymortests.grid" file="src/pymortests/grid.py" line="218" name="test_superentity_indices_shape[&lt;lambda&gt;1]" time="0.00042128562927246094"><skipped message="Suite splitting in effect" type="pytest.skip">src/pymortests/grid.py:218: Suite splitting in effect</skipped></testcase><testcase classname="src.pymortests.grid" file="src/pymortests/grid.py" line="218" name="test_superentity_indices_shape[&lt;lambda&gt;2]" time="0.0003998279571533203"><skipped message="Suite splitting in effect" type="pytest.skip">src/pymortests/grid.py:218: Suite splitting in effect</skipped></testcase><testcase classname="src.pymortests.grid" file="src/pymortests/grid.py" line="218" name="test_superentity_indices_shape[&lt;lambda&gt;3]" time="0.0006909370422363281"><skipped message="Suite splitting in effect" type="pytest.skip">src/pymortests/grid.py:218: Suite splitting in effect</skipped></testcase><testcase classname="src.pymortests.grid" file="src/pymortests/grid.py" line="218" name="test_superentity_indices_shape[&lt;lambda&gt;4]" time="0.00044846534729003906"><skipped message="Suite splitting in effect" type="pytest.skip">src/pymortests/grid.py:218: Suite splitting in effect</skipped></testcase><testcase classname="src.pymortests.grid" file="src/pymortests/grid.py" line="218" name="test_superentity_indices_shape[&lt;lambda&gt;5]" time="0.00042128562927246094"><skipped message="Suite splitting in effect" type="pytest.skip">src/pymortests/grid.py:218: Suite splitting in effect</skipped></testcase><testcase classname="src.pymortests.grid" file="src/pymortests/grid.py" line="218" name="test_superentity_indices_shape[&lt;lambda&gt;6]" time="0.0004246234893798828"><skipped message="Suite splitting in effect" type="pytest.skip">src/pymortests/grid.py:218: Suite splitting in effect</skipped></testcase><testcase classname="src.pymortests.grid" file="src/pymortests/grid.py" line="218" name="test_superentity_indices_shape[&lt;lambda&gt;7]" time="0.0004241466522216797"><skipped message="Suite splitting in effect" type="pytest.skip">src/pymortests/grid.py:218: Suite splitting in effect</skipped></testcase><testcase classname="src.pymortests.grid" file="src/pymortests/grid.py" line="218" name="test_superentity_indices_shape[&lt;lambda&gt;8]" time="0.00044155120849609375"><skipped message="Suite splitting in effect" type="pytest.skip">src/pymortests/grid.py:218: Suite splitting in effect</skipped></testcase><testcase classname="src.pymortests.grid" file="src/pymortests/grid.py" line="218" name="test_superentity_indices_shape[&lt;lambda&gt;9]" time="0.00040912628173828125"><skipped message="Suite splitting in effect" type="pytest.skip">src/pymortests/grid.py:218: Suite splitting in effect</skipped></testcase><testcase classname="src.pymortests.grid" file="src/pymortests/grid.py" line="218" name="test_superentity_indices_shape[&lt;lambda&gt;10]" time="0.00042057037353515625"><skipped message="Suite splitting in effect" type="pytest.skip">src/pymortests/grid.py:218: Suite splitting in effect</skipped></testcase><testcase classname="src.pymortests.grid" file="src/pymortests/grid.py" line="218" name="test_superentity_indices_shape[&lt;lambda&gt;11]" time="0.0007493495941162109"><skipped message="Suite splitting in effect" type="pytest.skip">src/pymortests/grid.py:218: Suite splitting in effect</skipped></testcase><testcase classname="src.pymortests.grid" file="src/pymortests/grid.py" line="218" name="test_superentity_indices_shape[&lt;lambda&gt;12]" time="0.0004563331604003906"><skipped message="Suite splitting in effect" type="pytest.skip">src/pymortests/grid.py:218: Suite splitting in effect</skipped></testcase><testcase classname="src.pymortests.grid" file="src/pymortests/grid.py" line="218" name="test_superentity_indices_shape[&lt;lambda&gt;13]" time="0.0004520416259765625"><skipped message="Suite splitting in effect" type="pytest.skip">src/pymortests/grid.py:218: Suite splitting in effect</skipped></testcase><testcase classname="src.pymortests.grid" file="src/pymortests/grid.py" line="218" name="test_superentity_indices_shape[&lt;lambda&gt;14]" time="0.0004737377166748047"><skipped message="Suite splitting in effect" type="pytest.skip">src/pymortests/grid.py:218: Suite splitting in effect</skipped></testcase><testcase classname="src.pymortests.grid" file="src/pymortests/grid.py" line="218" name="test_superentity_indices_shape[&lt;lambda&gt;15]" time="0.00043129920959472656"><skipped message="Suite splitting in effect" type="pytest.skip">src/pymortests/grid.py:218: Suite splitting in effect</skipped></testcase><testcase classname="src.pymortests.grid" file="src/pymortests/grid.py" line="218" name="test_superentity_indices_shape[&lt;lambda&gt;16]" time="0.0004093647003173828"><skipped message="Suite splitting in effect" type="pytest.skip">src/pymortests/grid.py:218: Suite splitting in effect</skipped></testcase><testcase classname="src.pymortests.grid" file="src/pymortests/grid.py" line="218" name="test_superentity_indices_shape[&lt;lambda&gt;17]" time="0.0004730224609375"><skipped message="Suite splitting in effect" type="pytest.skip">src/pymortests/grid.py:218: Suite splitting in effect</skipped></testcase><testcase classname="src.pymortests.grid" file="src/pymortests/grid.py" line="218" name="test_superentity_indices_shape[&lt;lambda&gt;18]" time="0.0004208087921142578"><skipped message="Suite splitting in effect" type="pytest.skip">src/pymortests/grid.py:218: Suite splitting in effect</skipped></testcase><testcase classname="src.pymortests.grid" file="src/pymortests/grid.py" line="218" name="test_superentity_indices_shape[&lt;lambda&gt;19]" time="0.0007498264312744141"><skipped message="Suite splitting in effect" type="pytest.skip">src/pymortests/grid.py:218: Suite splitting in effect</skipped></testcase><testcase classname="src.pymortests.grid" file="src/pymortests/grid.py" line="218" name="test_superentity_indices_shape[&lt;lambda&gt;20]" time="0.0004553794860839844"><skipped message="Suite splitting in effect" type="pytest.skip">src/pymortests/grid.py:218: Suite splitting in effect</skipped></testcase><testcase classname="src.pymortests.grid" file="src/pymortests/grid.py" line="218" name="test_superentity_indices_shape[&lt;lambda&gt;21]" time="0.00041866302490234375"><skipped message="Suite splitting in effect" type="pytest.skip">src/pymortests/grid.py:218: Suite splitting in effect</skipped></testcase><testcase classname="src.pymortests.grid" file="src/pymortests/grid.py" line="218" name="test_superentity_indices_shape[&lt;lambda&gt;22]" time="0.00047850608825683594"><skipped message="Suite splitting in effect" type="pytest.skip">src/pymortests/grid.py:218: Suite splitting in effect</skipped></testcase><testcase classname="src.pymortests.grid" file="src/pymortests/grid.py" line="218" name="test_superentity_indices_shape[&lt;lambda&gt;23]" time="0.00043654441833496094"><skipped message="Suite splitting in effect" type="pytest.skip">src/pymortests/grid.py:218: Suite splitting in effect</skipped></testcase><testcase classname="src.pymortests.grid" file="src/pymortests/grid.py" line="218" name="test_superentity_indices_shape[&lt;lambda&gt;24]" time="0.00047087669372558594"><skipped message="Suite splitting in effect" type="pytest.skip">src/pymortests/grid.py:218: Suite splitting in effect</skipped></testcase><testcase classname="src.pymortests.grid" file="src/pymortests/grid.py" line="218" name="test_superentity_indices_shape[&lt;lambda&gt;25]" time="0.00046753883361816406"><skipped message="Suite splitting in effect" type="pytest.skip">src/pymortests/grid.py:218: Suite splitting in effect</skipped></testcase><testcase classname="src.pymortests.grid" file="src/pymortests/grid.py" line="218" name="test_superentity_indices_shape[&lt;lambda&gt;26]" time="0.0005466938018798828"><skipped message="Suite splitting in effect" type="pytest.skip">src/pymortests/grid.py:218: Suite splitting in effect</skipped></testcase><testcase classname="src.pymortests.grid" file="src/pymortests/grid.py" line="218" name="test_superentity_indices_shape[&lt;lambda&gt;27]" time="0.0010516643524169922"><skipped message="Suite splitting in effect" type="pytest.skip">src/pymortests/grid.py:218: Suite splitting in effect</skipped></testcase><testcase classname="src.pymortests.grid" file="src/pymortests/grid.py" line="218" name="test_superentity_indices_shape[&lt;lambda&gt;28]" time="0.0004239082336425781"><skipped message="Suite splitting in effect" type="pytest.skip">src/pymortests/grid.py:218: Suite splitting in effect</skipped></testcase><testcase classname="src.pymortests.grid" file="src/pymortests/grid.py" line="218" name="test_superentity_indices_shape[&lt;lambda&gt;29]" time="0.0004451274871826172"><skipped message="Suite splitting in effect" type="pytest.skip">src/pymortests/grid.py:218: Suite splitting in effect</skipped></testcase><testcase classname="src.pymortests.grid" file="src/pymortests/grid.py" line="218" name="test_superentity_indices_shape[&lt;lambda&gt;30]" time="0.0004172325134277344"><skipped message="Suite splitting in effect" type="pytest.skip">src/pymortests/grid.py:218: Suite splitting in effect</skipped></testcase><testcase classname="src.pymortests.grid" file="src/pymortests/grid.py" line="218" name="test_superentity_indices_shape[&lt;lambda&gt;31]" time="0.0004372596740722656"><skipped message="Suite splitting in effect" type="pytest.skip">src/pymortests/grid.py:218: Suite splitting in effect</skipped></testcase><testcase classname="src.pymortests.grid" file="src/pymortests/grid.py" line="218" name="test_superentity_indices_shape[&lt;lambda&gt;32]" time="0.0004448890686035156"><skipped message="Suite splitting in effect" type="pytest.skip">src/pymortests/grid.py:218: Suite splitting in effect</skipped></testcase><testcase classname="src.pymortests.grid" file="src/pymortests/grid.py" line="218" name="test_superentity_indices_shape[&lt;lambda&gt;33]" time="0.00045037269592285156"><skipped message="Suite splitting in effect" type="pytest.skip">src/pymortests/grid.py:218: Suite splitting in effect</skipped></testcase><testcase classname="src.pymortests.grid" file="src/pymortests/grid.py" line="218" name="test_superentity_indices_shape[&lt;lambda&gt;34]" time="0.00040984153747558594"><skipped message="Suite splitting in effect" type="pytest.skip">src/pymortests/grid.py:218: Suite splitting in effect</skipped></testcase><testcase classname="src.pymortests.grid" file="src/pymortests/grid.py" line="218" name="test_superentity_indices_shape[&lt;lambda&gt;35]" time="0.0007266998291015625"><skipped message="Suite splitting in effect" type="pytest.skip">src/pymortests/grid.py:218: Suite splitting in effect</skipped></testcase><testcase classname="src.pymortests.grid" file="src/pymortests/grid.py" line="218" name="test_superentity_indices_shape[&lt;lambda&gt;36]" time="0.0004248619079589844"><skipped message="Suite splitting in effect" type="pytest.skip">src/pymortests/grid.py:218: Suite splitting in effect</skipped></testcase><testcase classname="src.pymortests.grid" file="src/pymortests/grid.py" line="218" name="test_superentity_indices_shape[&lt;lambda&gt;37]" time="0.0004317760467529297"><skipped message="Suite splitting in effect" type="pytest.skip">src/pymortests/grid.py:218: Suite splitting in effect</skipped></testcase><testcase classname="src.pymortests.grid" file="src/pymortests/grid.py" line="218" name="test_superentity_indices_shape[&lt;lambda&gt;38]" time="0.0004208087921142578"><skipped message="Suite splitting in effect" type="pytest.skip">src/pymortests/grid.py:218: Suite splitting in effect</skipped></testcase><testcase classname="src.pymortests.grid" file="src/pymortests/grid.py" line="218" name="test_superentity_indices_shape[&lt;lambda&gt;39]" time="0.0004374980926513672"><skipped message="Suite splitting in effect" type="pytest.skip">src/pymortests/grid.py:218: Suite splitting in effect</skipped></testcase><testcase classname="src.pymortests.grid" file="src/pymortests/grid.py" line="218" name="test_superentity_indices_shape[&lt;lambda&gt;40]" time="0.0004191398620605469"><skipped message="Suite splitting in effect" type="pytest.skip">src/pymortests/grid.py:218: Suite splitting in effect</skipped></testcase><testcase classname="src.pymortests.grid" file="src/pymortests/grid.py" line="218" name="test_superentity_indices_shape[&lt;lambda&gt;41]" time="0.0004208087921142578"><skipped message="Suite splitting in effect" type="pytest.skip">src/pymortests/grid.py:218: Suite splitting in effect</skipped></testcase><testcase classname="src.pymortests.grid" file="src/pymortests/grid.py" line="218" name="test_superentity_indices_shape[&lt;lambda&gt;42]" time="0.0004413127899169922"><skipped message="Suite splitting in effect" type="pytest.skip">src/pymortests/grid.py:218: Suite splitting in effect</skipped></testcase><testcase classname="src.pymortests.grid" file="src/pymortests/grid.py" line="225" name="test_superentity_indices_dtype[&lt;lambda&gt;0]" time="0.0007569789886474609"><skipped message="Suite splitting in effect" type="pytest.skip">src/pymortests/grid.py:225: Suite splitting in effect</skipped></testcase><testcase classname="src.pymortests.grid" file="src/pymortests/grid.py" line="225" name="test_superentity_indices_dtype[&lt;lambda&gt;1]" time="0.0004222393035888672"><skipped message="Suite splitting in effect" type="pytest.skip">src/pymortests/grid.py:225: Suite splitting in effect</skipped></testcase><testcase classname="src.pymortests.grid" file="src/pymortests/grid.py" line="225" name="test_superentity_indices_dtype[&lt;lambda&gt;2]" time="0.0004334449768066406"><skipped message="Suite splitting in effect" type="pytest.skip">src/pymortests/grid.py:225: Suite splitting in effect</skipped></testcase><testcase classname="src.pymortests.grid" file="src/pymortests/grid.py" line="225" name="test_superentity_indices_dtype[&lt;lambda&gt;3]" time="0.0004146099090576172"><skipped message="Suite splitting in effect" type="pytest.skip">src/pymortests/grid.py:225: Suite splitting in effect</skipped></testcase><testcase classname="src.pymortests.grid" file="src/pymortests/grid.py" line="225" name="test_superentity_indices_dtype[&lt;lambda&gt;4]" time="0.0004177093505859375"><skipped message="Suite splitting in effect" type="pytest.skip">src/pymortests/grid.py:225: Suite splitting in effect</skipped></testcase><testcase classname="src.pymortests.grid" file="src/pymortests/grid.py" line="225" name="test_superentity_indices_dtype[&lt;lambda&gt;5]" time="0.0004456043243408203"><skipped message="Suite splitting in effect" type="pytest.skip">src/pymortests/grid.py:225: Suite splitting in effect</skipped></testcase><testcase classname="src.pymortests.grid" file="src/pymortests/grid.py" line="225" name="test_superentity_indices_dtype[&lt;lambda&gt;6]" time="0.0004127025604248047"><skipped message="Suite splitting in effect" type="pytest.skip">src/pymortests/grid.py:225: Suite splitting in effect</skipped></testcase><testcase classname="src.pymortests.grid" file="src/pymortests/grid.py" line="225" name="test_superentity_indices_dtype[&lt;lambda&gt;7]" time="0.0004336833953857422"><skipped message="Suite splitting in effect" type="pytest.skip">src/pymortests/grid.py:225: Suite splitting in effect</skipped></testcase><testcase classname="src.pymortests.grid" file="src/pymortests/grid.py" line="225" name="test_superentity_indices_dtype[&lt;lambda&gt;8]" time="0.0007727146148681641"><skipped message="Suite splitting in effect" type="pytest.skip">src/pymortests/grid.py:225: Suite splitting in effect</skipped></testcase><testcase classname="src.pymortests.grid" file="src/pymortests/grid.py" line="225" name="test_superentity_indices_dtype[&lt;lambda&gt;9]" time="0.0004253387451171875"><skipped message="Suite splitting in effect" type="pytest.skip">src/pymortests/grid.py:225: Suite splitting in effect</skipped></testcase><testcase classname="src.pymortests.grid" file="src/pymortests/grid.py" line="225" name="test_superentity_indices_dtype[&lt;lambda&gt;10]" time="0.00041484832763671875"><skipped message="Suite splitting in effect" type="pytest.skip">src/pymortests/grid.py:225: Suite splitting in effect</skipped></testcase><testcase classname="src.pymortests.grid" file="src/pymortests/grid.py" line="225" name="test_superentity_indices_dtype[&lt;lambda&gt;11]" time="0.0004177093505859375"><skipped message="Suite splitting in effect" type="pytest.skip">src/pymortests/grid.py:225: Suite splitting in effect</skipped></testcase><testcase classname="src.pymortests.grid" file="src/pymortests/grid.py" line="225" name="test_superentity_indices_dtype[&lt;lambda&gt;12]" time="0.000461578369140625"><skipped message="Suite splitting in effect" type="pytest.skip">src/pymortests/grid.py:225: Suite splitting in effect</skipped></testcase><testcase classname="src.pymortests.grid" file="src/pymortests/grid.py" line="225" name="test_superentity_indices_dtype[&lt;lambda&gt;13]" time="0.0004203319549560547"><skipped message="Suite splitting in effect" type="pytest.skip">src/pymortests/grid.py:225: Suite splitting in effect</skipped></testcase><testcase classname="src.pymortests.grid" file="src/pymortests/grid.py" line="225" name="test_superentity_indices_dtype[&lt;lambda&gt;14]" time="0.0004608631134033203"><skipped message="Suite splitting in effect" type="pytest.skip">src/pymortests/grid.py:225: Suite splitting in effect</skipped></testcase><testcase classname="src.pymortests.grid" file="src/pymortests/grid.py" line="225" name="test_superentity_indices_dtype[&lt;lambda&gt;15]" time="0.0004210472106933594"><skipped message="Suite splitting in effect" type="pytest.skip">src/pymortests/grid.py:225: Suite splitting in effect</skipped></testcase><testcase classname="src.pymortests.grid" file="src/pymortests/grid.py" line="225" name="test_superentity_indices_dtype[&lt;lambda&gt;16]" time="0.0007426738739013672"><skipped message="Suite splitting in effect" type="pytest.skip">src/pymortests/grid.py:225: Suite splitting in effect</skipped></testcase><testcase classname="src.pymortests.grid" file="src/pymortests/grid.py" line="225" name="test_superentity_indices_dtype[&lt;lambda&gt;17]" time="0.000514984130859375"><skipped message="Suite splitting in effect" type="pytest.skip">src/pymortests/grid.py:225: Suite splitting in effect</skipped></testcase><testcase classname="src.pymortests.grid" file="src/pymortests/grid.py" line="225" name="test_superentity_indices_dtype[&lt;lambda&gt;18]" time="0.00041031837463378906"><skipped message="Suite splitting in effect" type="pytest.skip">src/pymortests/grid.py:225: Suite splitting in effect</skipped></testcase><testcase classname="src.pymortests.grid" file="src/pymortests/grid.py" line="225" name="test_superentity_indices_dtype[&lt;lambda&gt;19]" time="0.0004379749298095703"><skipped message="Suite splitting in effect" type="pytest.skip">src/pymortests/grid.py:225: Suite splitting in effect</skipped></testcase><testcase classname="src.pymortests.grid" file="src/pymortests/grid.py" line="225" name="test_superentity_indices_dtype[&lt;lambda&gt;20]" time="0.00045418739318847656"><skipped message="Suite splitting in effect" type="pytest.skip">src/pymortests/grid.py:225: Suite splitting in effect</skipped></testcase><testcase classname="src.pymortests.grid" file="src/pymortests/grid.py" line="225" name="test_superentity_indices_dtype[&lt;lambda&gt;21]" time="0.00042176246643066406"><skipped message="Suite splitting in effect" type="pytest.skip">src/pymortests/grid.py:225: Suite splitting in effect</skipped></testcase><testcase classname="src.pymortests.grid" file="src/pymortests/grid.py" line="225" name="test_superentity_indices_dtype[&lt;lambda&gt;22]" time="0.00045990943908691406"><skipped message="Suite splitting in effect" type="pytest.skip">src/pymortests/grid.py:225: Suite splitting in effect</skipped></testcase><testcase classname="src.pymortests.grid" file="src/pymortests/grid.py" line="225" name="test_superentity_indices_dtype[&lt;lambda&gt;23]" time="0.0004296302795410156"><skipped message="Suite splitting in effect" type="pytest.skip">src/pymortests/grid.py:225: Suite splitting in effect</skipped></testcase><testcase classname="src.pymortests.grid" file="src/pymortests/grid.py" line="225" name="test_superentity_indices_dtype[&lt;lambda&gt;24]" time="0.0007309913635253906"><skipped message="Suite splitting in effect" type="pytest.skip">src/pymortests/grid.py:225: Suite splitting in effect</skipped></testcase><testcase classname="src.pymortests.grid" file="src/pymortests/grid.py" line="225" name="test_superentity_indices_dtype[&lt;lambda&gt;25]" time="0.0004951953887939453"><skipped message="Suite splitting in effect" type="pytest.skip">src/pymortests/grid.py:225: Suite splitting in effect</skipped></testcase><testcase classname="src.pymortests.grid" file="src/pymortests/grid.py" line="225" name="test_superentity_indices_dtype[&lt;lambda&gt;26]" time="0.00042557716369628906"><skipped message="Suite splitting in effect" type="pytest.skip">src/pymortests/grid.py:225: Suite splitting in effect</skipped></testcase><testcase classname="src.pymortests.grid" file="src/pymortests/grid.py" line="225" name="test_superentity_indices_dtype[&lt;lambda&gt;27]" time="0.0004172325134277344"><skipped message="Suite splitting in effect" type="pytest.skip">src/pymortests/grid.py:225: Suite splitting in effect</skipped></testcase><testcase classname="src.pymortests.grid" file="src/pymortests/grid.py" line="225" name="test_superentity_indices_dtype[&lt;lambda&gt;28]" time="0.00046253204345703125"><skipped message="Suite splitting in effect" type="pytest.skip">src/pymortests/grid.py:225: Suite splitting in effect</skipped></testcase><testcase classname="src.pymortests.grid" file="src/pymortests/grid.py" line="225" name="test_superentity_indices_dtype[&lt;lambda&gt;29]" time="0.00045418739318847656"><skipped message="Suite splitting in effect" type="pytest.skip">src/pymortests/grid.py:225: Suite splitting in effect</skipped></testcase><testcase classname="src.pymortests.grid" file="src/pymortests/grid.py" line="225" name="test_superentity_indices_dtype[&lt;lambda&gt;30]" time="0.0004248619079589844"><skipped message="Suite splitting in effect" type="pytest.skip">src/pymortests/grid.py:225: Suite splitting in effect</skipped></testcase><testcase classname="src.pymortests.grid" file="src/pymortests/grid.py" line="225" name="test_superentity_indices_dtype[&lt;lambda&gt;31]" time="0.0004203319549560547"><skipped message="Suite splitting in effect" type="pytest.skip">src/pymortests/grid.py:225: Suite splitting in effect</skipped></testcase><testcase classname="src.pymortests.grid" file="src/pymortests/grid.py" line="225" name="test_superentity_indices_dtype[&lt;lambda&gt;32]" time="0.0008962154388427734"><skipped message="Suite splitting in effect" type="pytest.skip">src/pymortests/grid.py:225: Suite splitting in effect</skipped></testcase><testcase classname="src.pymortests.grid" file="src/pymortests/grid.py" line="225" name="test_superentity_indices_dtype[&lt;lambda&gt;33]" time="0.0004153251647949219"><skipped message="Suite splitting in effect" type="pytest.skip">src/pymortests/grid.py:225: Suite splitting in effect</skipped></testcase><testcase classname="src.pymortests.grid" file="src/pymortests/grid.py" line="225" name="test_superentity_indices_dtype[&lt;lambda&gt;34]" time="0.0004680156707763672"><skipped message="Suite splitting in effect" type="pytest.skip">src/pymortests/grid.py:225: Suite splitting in effect</skipped></testcase><testcase classname="src.pymortests.grid" file="src/pymortests/grid.py" line="225" name="test_superentity_indices_dtype[&lt;lambda&gt;35]" time="0.0004200935363769531"><skipped message="Suite splitting in effect" type="pytest.skip">src/pymortests/grid.py:225: Suite splitting in effect</skipped></testcase><testcase classname="src.pymortests.grid" file="src/pymortests/grid.py" line="225" name="test_superentity_indices_dtype[&lt;lambda&gt;36]" time="0.00040602684020996094"><skipped message="Suite splitting in effect" type="pytest.skip">src/pymortests/grid.py:225: Suite splitting in effect</skipped></testcase><testcase classname="src.pymortests.grid" file="src/pymortests/grid.py" line="225" name="test_superentity_indices_dtype[&lt;lambda&gt;37]" time="0.0004177093505859375"><skipped message="Suite splitting in effect" type="pytest.skip">src/pymortests/grid.py:225: Suite splitting in effect</skipped></testcase><testcase classname="src.pymortests.grid" file="src/pymortests/grid.py" line="225" name="test_superentity_indices_dtype[&lt;lambda&gt;38]" time="0.00044465065002441406"><skipped message="Suite splitting in effect" type="pytest.skip">src/pymortests/grid.py:225: Suite splitting in effect</skipped></testcase><testcase classname="src.pymortests.grid" file="src/pymortests/grid.py" line="225" name="test_superentity_indices_dtype[&lt;lambda&gt;39]" time="0.0004296302795410156"><skipped message="Suite splitting in effect" type="pytest.skip">src/pymortests/grid.py:225: Suite splitting in effect</skipped></testcase><testcase classname="src.pymortests.grid" file="src/pymortests/grid.py" line="225" name="test_superentity_indices_dtype[&lt;lambda&gt;40]" time="0.0007641315460205078"><skipped message="Suite splitting in effect" type="pytest.skip">src/pymortests/grid.py:225: Suite splitting in effect</skipped></testcase><testcase classname="src.pymortests.grid" file="src/pymortests/grid.py" line="225" name="test_superentity_indices_dtype[&lt;lambda&gt;41]" time="0.000438690185546875"><skipped message="Suite splitting in effect" type="pytest.skip">src/pymortests/grid.py:225: Suite splitting in effect</skipped></testcase><testcase classname="src.pymortests.grid" file="src/pymortests/grid.py" line="225" name="test_superentity_indices_dtype[&lt;lambda&gt;42]" time="0.0004253387451171875"><skipped message="Suite splitting in effect" type="pytest.skip">src/pymortests/grid.py:225: Suite splitting in effect</skipped></testcase><testcase classname="src.pymortests.grid" file="src/pymortests/grid.py" line="232" name="test_superentity_indices_valid_entries[&lt;lambda&gt;0]" time="0.00044918060302734375"><skipped message="Suite splitting in effect" type="pytest.skip">src/pymortests/grid.py:232: Suite splitting in effect</skipped></testcase><testcase classname="src.pymortests.grid" file="src/pymortests/grid.py" line="232" name="test_superentity_indices_valid_entries[&lt;lambda&gt;1]" time="0.00042247772216796875"><skipped message="Suite splitting in effect" type="pytest.skip">src/pymortests/grid.py:232: Suite splitting in effect</skipped></testcase><testcase classname="src.pymortests.grid" file="src/pymortests/grid.py" line="232" name="test_superentity_indices_valid_entries[&lt;lambda&gt;2]" time="0.0004162788391113281"><skipped message="Suite splitting in effect" type="pytest.skip">src/pymortests/grid.py:232: Suite splitting in effect</skipped></testcase><testcase classname="src.pymortests.grid" file="src/pymortests/grid.py" line="232" name="test_superentity_indices_valid_entries[&lt;lambda&gt;3]" time="0.0004367828369140625"><skipped message="Suite splitting in effect" type="pytest.skip">src/pymortests/grid.py:232: Suite splitting in effect</skipped></testcase><testcase classname="src.pymortests.grid" file="src/pymortests/grid.py" line="232" name="test_superentity_indices_valid_entries[&lt;lambda&gt;4]" time="0.000415802001953125"><skipped message="Suite splitting in effect" type="pytest.skip">src/pymortests/grid.py:232: Suite splitting in effect</skipped></testcase><testcase classname="src.pymortests.grid" file="src/pymortests/grid.py" line="232" name="test_superentity_indices_valid_entries[&lt;lambda&gt;5]" time="0.0007147789001464844"><skipped message="Suite splitting in effect" type="pytest.skip">src/pymortests/grid.py:232: Suite splitting in effect</skipped></testcase><testcase classname="src.pymortests.grid" file="src/pymortests/grid.py" line="232" name="test_superentity_indices_valid_entries[&lt;lambda&gt;6]" time="0.0004279613494873047"><skipped message="Suite splitting in effect" type="pytest.skip">src/pymortests/grid.py:232: Suite splitting in effect</skipped></testcase><testcase classname="src.pymortests.grid" file="src/pymortests/grid.py" line="232" name="test_superentity_indices_valid_entries[&lt;lambda&gt;7]" time="0.0004200935363769531"><skipped message="Suite splitting in effect" type="pytest.skip">src/pymortests/grid.py:232: Suite splitting in effect</skipped></testcase><testcase classname="src.pymortests.grid" file="src/pymortests/grid.py" line="232" name="test_superentity_indices_valid_entries[&lt;lambda&gt;8]" time="0.00040459632873535156"><skipped message="Suite splitting in effect" type="pytest.skip">src/pymortests/grid.py:232: Suite splitting in effect</skipped></testcase><testcase classname="src.pymortests.grid" file="src/pymortests/grid.py" line="232" name="test_superentity_indices_valid_entries[&lt;lambda&gt;9]" time="0.0005846023559570312"><skipped message="Suite splitting in effect" type="pytest.skip">src/pymortests/grid.py:232: Suite splitting in effect</skipped></testcase><testcase classname="src.pymortests.grid" file="src/pymortests/grid.py" line="232" name="test_superentity_indices_valid_entries[&lt;lambda&gt;10]" time="0.0004703998565673828"><skipped message="Suite splitting in effect" type="pytest.skip">src/pymortests/grid.py:232: Suite splitting in effect</skipped></testcase><testcase classname="src.pymortests.grid" file="src/pymortests/grid.py" line="232" name="test_superentity_indices_valid_entries[&lt;lambda&gt;11]" time="0.00041747093200683594"><skipped message="Suite splitting in effect" type="pytest.skip">src/pymortests/grid.py:232: Suite splitting in effect</skipped></testcase><testcase classname="src.pymortests.grid" file="src/pymortests/grid.py" line="232" name="test_superentity_indices_valid_entries[&lt;lambda&gt;12]" time="0.0004203319549560547"><skipped message="Suite splitting in effect" type="pytest.skip">src/pymortests/grid.py:232: Suite splitting in effect</skipped></testcase><testcase classname="src.pymortests.grid" file="src/pymortests/grid.py" line="232" name="test_superentity_indices_valid_entries[&lt;lambda&gt;13]" time="0.0007600784301757812"><skipped message="Suite splitting in effect" type="pytest.skip">src/pymortests/grid.py:232: Suite splitting in effect</skipped></testcase><testcase classname="src.pymortests.grid" file="src/pymortests/grid.py" line="232" name="test_superentity_indices_valid_entries[&lt;lambda&gt;14]" time="0.00041937828063964844"><skipped message="Suite splitting in effect" type="pytest.skip">src/pymortests/grid.py:232: Suite splitting in effect</skipped></testcase><testcase classname="src.pymortests.grid" file="src/pymortests/grid.py" line="232" name="test_superentity_indices_valid_entries[&lt;lambda&gt;15]" time="0.0004432201385498047"><skipped message="Suite splitting in effect" type="pytest.skip">src/pymortests/grid.py:232: Suite splitting in effect</skipped></testcase><testcase classname="src.pymortests.grid" file="src/pymortests/grid.py" line="232" name="test_superentity_indices_valid_entries[&lt;lambda&gt;16]" time="0.00042176246643066406"><skipped message="Suite splitting in effect" type="pytest.skip">src/pymortests/grid.py:232: Suite splitting in effect</skipped></testcase><testcase classname="src.pymortests.grid" file="src/pymortests/grid.py" line="232" name="test_superentity_indices_valid_entries[&lt;lambda&gt;17]" time="0.0004458427429199219"><skipped message="Suite splitting in effect" type="pytest.skip">src/pymortests/grid.py:232: Suite splitting in effect</skipped></testcase><testcase classname="src.pymortests.grid" file="src/pymortests/grid.py" line="232" name="test_superentity_indices_valid_entries[&lt;lambda&gt;18]" time="0.0004258155822753906"><skipped message="Suite splitting in effect" type="pytest.skip">src/pymortests/grid.py:232: Suite splitting in effect</skipped></testcase><testcase classname="src.pymortests.grid" file="src/pymortests/grid.py" line="232" name="test_superentity_indices_valid_entries[&lt;lambda&gt;19]" time="0.0004248619079589844"><skipped message="Suite splitting in effect" type="pytest.skip">src/pymortests/grid.py:232: Suite splitting in effect</skipped></testcase><testcase classname="src.pymortests.grid" file="src/pymortests/grid.py" line="232" name="test_superentity_indices_valid_entries[&lt;lambda&gt;20]" time="0.00042629241943359375"><skipped message="Suite splitting in effect" type="pytest.skip">src/pymortests/grid.py:232: Suite splitting in effect</skipped></testcase><testcase classname="src.pymortests.grid" file="src/pymortests/grid.py" line="232" name="test_superentity_indices_valid_entries[&lt;lambda&gt;21]" time="0.0007276535034179688"><skipped message="Suite splitting in effect" type="pytest.skip">src/pymortests/grid.py:232: Suite splitting in effect</skipped></testcase><testcase classname="src.pymortests.grid" file="src/pymortests/grid.py" line="232" name="test_superentity_indices_valid_entries[&lt;lambda&gt;22]" time="0.00042510032653808594"><skipped message="Suite splitting in effect" type="pytest.skip">src/pymortests/grid.py:232: Suite splitting in effect</skipped></testcase><testcase classname="src.pymortests.grid" file="src/pymortests/grid.py" line="232" name="test_superentity_indices_valid_entries[&lt;lambda&gt;23]" time="0.0004966259002685547"><skipped message="Suite splitting in effect" type="pytest.skip">src/pymortests/grid.py:232: Suite splitting in effect</skipped></testcase><testcase classname="src.pymortests.grid" file="src/pymortests/grid.py" line="232" name="test_superentity_indices_valid_entries[&lt;lambda&gt;24]" time="0.0004210472106933594"><skipped message="Suite splitting in effect" type="pytest.skip">src/pymortests/grid.py:232: Suite splitting in effect</skipped></testcase><testcase classname="src.pymortests.grid" file="src/pymortests/grid.py" line="232" name="test_superentity_indices_valid_entries[&lt;lambda&gt;25]" time="0.0005314350128173828"><skipped message="Suite splitting in effect" type="pytest.skip">src/pymortests/grid.py:232: Suite splitting in effect</skipped></testcase><testcase classname="src.pymortests.grid" file="src/pymortests/grid.py" line="232" name="test_superentity_indices_valid_entries[&lt;lambda&gt;26]" time="0.00047898292541503906"><skipped message="Suite splitting in effect" type="pytest.skip">src/pymortests/grid.py:232: Suite splitting in effect</skipped></testcase><testcase classname="src.pymortests.grid" file="src/pymortests/grid.py" line="232" name="test_superentity_indices_valid_entries[&lt;lambda&gt;27]" time="0.00042057037353515625"><skipped message="Suite splitting in effect" type="pytest.skip">src/pymortests/grid.py:232: Suite splitting in effect</skipped></testcase><testcase classname="src.pymortests.grid" file="src/pymortests/grid.py" line="232" name="test_superentity_indices_valid_entries[&lt;lambda&gt;28]" time="0.0004374980926513672"><skipped message="Suite splitting in effect" type="pytest.skip">src/pymortests/grid.py:232: Suite splitting in effect</skipped></testcase><testcase classname="src.pymortests.grid" file="src/pymortests/grid.py" line="232" name="test_superentity_indices_valid_entries[&lt;lambda&gt;29]" time="0.0007169246673583984"><skipped message="Suite splitting in effect" type="pytest.skip">src/pymortests/grid.py:232: Suite splitting in effect</skipped></testcase><testcase classname="src.pymortests.grid" file="src/pymortests/grid.py" line="232" name="test_superentity_indices_valid_entries[&lt;lambda&gt;30]" time="0.0004513263702392578"><skipped message="Suite splitting in effect" type="pytest.skip">src/pymortests/grid.py:232: Suite splitting in effect</skipped></testcase><testcase classname="src.pymortests.grid" file="src/pymortests/grid.py" line="232" name="test_superentity_indices_valid_entries[&lt;lambda&gt;31]" time="0.0004603862762451172"><skipped message="Suite splitting in effect" type="pytest.skip">src/pymortests/grid.py:232: Suite splitting in effect</skipped></testcase><testcase classname="src.pymortests.grid" file="src/pymortests/grid.py" line="232" name="test_superentity_indices_valid_entries[&lt;lambda&gt;32]" time="0.0004246234893798828"><skipped message="Suite splitting in effect" type="pytest.skip">src/pymortests/grid.py:232: Suite splitting in effect</skipped></testcase><testcase classname="src.pymortests.grid" file="src/pymortests/grid.py" line="232" name="test_superentity_indices_valid_entries[&lt;lambda&gt;33]" time="0.0004317760467529297"><skipped message="Suite splitting in effect" type="pytest.skip">src/pymortests/grid.py:232: Suite splitting in effect</skipped></testcase><testcase classname="src.pymortests.grid" file="src/pymortests/grid.py" line="232" name="test_superentity_indices_valid_entries[&lt;lambda&gt;34]" time="0.0004343986511230469"><skipped message="Suite splitting in effect" type="pytest.skip">src/pymortests/grid.py:232: Suite splitting in effect</skipped></testcase><testcase classname="src.pymortests.grid" file="src/pymortests/grid.py" line="232" name="test_superentity_indices_valid_entries[&lt;lambda&gt;35]" time="0.0004336833953857422"><skipped message="Suite splitting in effect" type="pytest.skip">src/pymortests/grid.py:232: Suite splitting in effect</skipped></testcase><testcase classname="src.pymortests.grid" file="src/pymortests/grid.py" line="232" name="test_superentity_indices_valid_entries[&lt;lambda&gt;36]" time="0.00045990943908691406"><skipped message="Suite splitting in effect" type="pytest.skip">src/pymortests/grid.py:232: Suite splitting in effect</skipped></testcase><testcase classname="src.pymortests.grid" file="src/pymortests/grid.py" line="232" name="test_superentity_indices_valid_entries[&lt;lambda&gt;37]" time="0.0008029937744140625"><skipped message="Suite splitting in effect" type="pytest.skip">src/pymortests/grid.py:232: Suite splitting in effect</skipped></testcase><testcase classname="src.pymortests.grid" file="src/pymortests/grid.py" line="232" name="test_superentity_indices_valid_entries[&lt;lambda&gt;38]" time="0.0005147457122802734"><skipped message="Suite splitting in effect" type="pytest.skip">src/pymortests/grid.py:232: Suite splitting in effect</skipped></testcase><testcase classname="src.pymortests.grid" file="src/pymortests/grid.py" line="232" name="test_superentity_indices_valid_entries[&lt;lambda&gt;39]" time="0.0005252361297607422"><skipped message="Suite splitting in effect" type="pytest.skip">src/pymortests/grid.py:232: Suite splitting in effect</skipped></testcase><testcase classname="src.pymortests.grid" file="src/pymortests/grid.py" line="232" name="test_superentity_indices_valid_entries[&lt;lambda&gt;40]" time="0.00044417381286621094"><skipped message="Suite splitting in effect" type="pytest.skip">src/pymortests/grid.py:232: Suite splitting in effect</skipped></testcase><testcase classname="src.pymortests.grid" file="src/pymortests/grid.py" line="232" name="test_superentity_indices_valid_entries[&lt;lambda&gt;41]" time="0.0004329681396484375"><skipped message="Suite splitting in effect" type="pytest.skip">src/pymortests/grid.py:232: Suite splitting in effect</skipped></testcase><testcase classname="src.pymortests.grid" file="src/pymortests/grid.py" line="232" name="test_superentity_indices_valid_entries[&lt;lambda&gt;42]" time="0.0004119873046875"><skipped message="Suite splitting in effect" type="pytest.skip">src/pymortests/grid.py:232: Suite splitting in effect</skipped></testcase><testcase classname="src.pymortests.grid" file="src/pymortests/grid.py" line="244" name="test_neighbours_wrong_arguments[&lt;lambda&gt;0]" time="0.0004436969757080078"><skipped message="Suite splitting in effect" type="pytest.skip">src/pymortests/grid.py:244: Suite splitting in effect</skipped></testcase><testcase classname="src.pymortests.grid" file="src/pymortests/grid.py" line="244" name="test_neighbours_wrong_arguments[&lt;lambda&gt;1]" time="0.0004146099090576172"><skipped message="Suite splitting in effect" type="pytest.skip">src/pymortests/grid.py:244: Suite splitting in effect</skipped></testcase><testcase classname="src.pymortests.grid" file="src/pymortests/grid.py" line="244" name="test_neighbours_wrong_arguments[&lt;lambda&gt;2]" time="0.0007309913635253906"><skipped message="Suite splitting in effect" type="pytest.skip">src/pymortests/grid.py:244: Suite splitting in effect</skipped></testcase><testcase classname="src.pymortests.grid" file="src/pymortests/grid.py" line="244" name="test_neighbours_wrong_arguments[&lt;lambda&gt;3]" time="0.0004184246063232422"><skipped message="Suite splitting in effect" type="pytest.skip">src/pymortests/grid.py:244: Suite splitting in effect</skipped></testcase><testcase classname="src.pymortests.grid" file="src/pymortests/grid.py" line="244" name="test_neighbours_wrong_arguments[&lt;lambda&gt;4]" time="0.0004439353942871094"><skipped message="Suite splitting in effect" type="pytest.skip">src/pymortests/grid.py:244: Suite splitting in effect</skipped></testcase><testcase classname="src.pymortests.grid" file="src/pymortests/grid.py" line="244" name="test_neighbours_wrong_arguments[&lt;lambda&gt;5]" time="0.0004315376281738281"><skipped message="Suite splitting in effect" type="pytest.skip">src/pymortests/grid.py:244: Suite splitting in effect</skipped></testcase><testcase classname="src.pymortests.grid" file="src/pymortests/grid.py" line="244" name="test_neighbours_wrong_arguments[&lt;lambda&gt;6]" time="0.00045037269592285156"><skipped message="Suite splitting in effect" type="pytest.skip">src/pymortests/grid.py:244: Suite splitting in effect</skipped></testcase><testcase classname="src.pymortests.grid" file="src/pymortests/grid.py" line="244" name="test_neighbours_wrong_arguments[&lt;lambda&gt;7]" time="0.00048351287841796875"><skipped message="Suite splitting in effect" type="pytest.skip">src/pymortests/grid.py:244: Suite splitting in effect</skipped></testcase><testcase classname="src.pymortests.grid" file="src/pymortests/grid.py" line="244" name="test_neighbours_wrong_arguments[&lt;lambda&gt;8]" time="0.00042748451232910156"><skipped message="Suite splitting in effect" type="pytest.skip">src/pymortests/grid.py:244: Suite splitting in effect</skipped></testcase><testcase classname="src.pymortests.grid" file="src/pymortests/grid.py" line="244" name="test_neighbours_wrong_arguments[&lt;lambda&gt;9]" time="0.0004143714904785156"><skipped message="Suite splitting in effect" type="pytest.skip">src/pymortests/grid.py:244: Suite splitting in effect</skipped></testcase><testcase classname="src.pymortests.grid" file="src/pymortests/grid.py" line="244" name="test_neighbours_wrong_arguments[&lt;lambda&gt;10]" time="0.0007548332214355469"><skipped message="Suite splitting in effect" type="pytest.skip">src/pymortests/grid.py:244: Suite splitting in effect</skipped></testcase><testcase classname="src.pymortests.grid" file="src/pymortests/grid.py" line="244" name="test_neighbours_wrong_arguments[&lt;lambda&gt;11]" time="0.00042939186096191406"><skipped message="Suite splitting in effect" type="pytest.skip">src/pymortests/grid.py:244: Suite splitting in effect</skipped></testcase><testcase classname="src.pymortests.grid" file="src/pymortests/grid.py" line="244" name="test_neighbours_wrong_arguments[&lt;lambda&gt;12]" time="0.0004363059997558594"><skipped message="Suite splitting in effect" type="pytest.skip">src/pymortests/grid.py:244: Suite splitting in effect</skipped></testcase><testcase classname="src.pymortests.grid" file="src/pymortests/grid.py" line="244" name="test_neighbours_wrong_arguments[&lt;lambda&gt;13]" time="0.0004611015319824219"><skipped message="Suite splitting in effect" type="pytest.skip">src/pymortests/grid.py:244: Suite splitting in effect</skipped></testcase><testcase classname="src.pymortests.grid" file="src/pymortests/grid.py" line="244" name="test_neighbours_wrong_arguments[&lt;lambda&gt;14]" time="0.00041937828063964844"><skipped message="Suite splitting in effect" type="pytest.skip">src/pymortests/grid.py:244: Suite splitting in effect</skipped></testcase><testcase classname="src.pymortests.grid" file="src/pymortests/grid.py" line="244" name="test_neighbours_wrong_arguments[&lt;lambda&gt;15]" time="0.0004279613494873047"><skipped message="Suite splitting in effect" type="pytest.skip">src/pymortests/grid.py:244: Suite splitting in effect</skipped></testcase><testcase classname="src.pymortests.grid" file="src/pymortests/grid.py" line="244" name="test_neighbours_wrong_arguments[&lt;lambda&gt;16]" time="0.0004379749298095703"><skipped message="Suite splitting in effect" type="pytest.skip">src/pymortests/grid.py:244: Suite splitting in effect</skipped></testcase><testcase classname="src.pymortests.grid" file="src/pymortests/grid.py" line="244" name="test_neighbours_wrong_arguments[&lt;lambda&gt;17]" time="0.00047588348388671875"><skipped message="Suite splitting in effect" type="pytest.skip">src/pymortests/grid.py:244: Suite splitting in effect</skipped></testcase><testcase classname="src.pymortests.grid" file="src/pymortests/grid.py" line="244" name="test_neighbours_wrong_arguments[&lt;lambda&gt;18]" time="0.0008022785186767578"><skipped message="Suite splitting in effect" type="pytest.skip">src/pymortests/grid.py:244: Suite splitting in effect</skipped></testcase><testcase classname="src.pymortests.grid" file="src/pymortests/grid.py" line="244" name="test_neighbours_wrong_arguments[&lt;lambda&gt;19]" time="0.00042891502380371094"><skipped message="Suite splitting in effect" type="pytest.skip">src/pymortests/grid.py:244: Suite splitting in effect</skipped></testcase><testcase classname="src.pymortests.grid" file="src/pymortests/grid.py" line="244" name="test_neighbours_wrong_arguments[&lt;lambda&gt;20]" time="0.00046634674072265625"><skipped message="Suite splitting in effect" type="pytest.skip">src/pymortests/grid.py:244: Suite splitting in effect</skipped></testcase><testcase classname="src.pymortests.grid" file="src/pymortests/grid.py" line="244" name="test_neighbours_wrong_arguments[&lt;lambda&gt;21]" time="0.0004329681396484375"><skipped message="Suite splitting in effect" type="pytest.skip">src/pymortests/grid.py:244: Suite splitting in effect</skipped></testcase><testcase classname="src.pymortests.grid" file="src/pymortests/grid.py" line="244" name="test_neighbours_wrong_arguments[&lt;lambda&gt;22]" time="0.00045299530029296875"><skipped message="Suite splitting in effect" type="pytest.skip">src/pymortests/grid.py:244: Suite splitting in effect</skipped></testcase><testcase classname="src.pymortests.grid" file="src/pymortests/grid.py" line="244" name="test_neighbours_wrong_arguments[&lt;lambda&gt;23]" time="0.0005311965942382812"><skipped message="Suite splitting in effect" type="pytest.skip">src/pymortests/grid.py:244: Suite splitting in effect</skipped></testcase><testcase classname="src.pymortests.grid" file="src/pymortests/grid.py" line="244" name="test_neighbours_wrong_arguments[&lt;lambda&gt;24]" time="0.0006356239318847656"><skipped message="Suite splitting in effect" type="pytest.skip">src/pymortests/grid.py:244: Suite splitting in effect</skipped></testcase><testcase classname="src.pymortests.grid" file="src/pymortests/grid.py" line="244" name="test_neighbours_wrong_arguments[&lt;lambda&gt;25]" time="0.0004305839538574219"><skipped message="Suite splitting in effect" type="pytest.skip">src/pymortests/grid.py:244: Suite splitting in effect</skipped></testcase><testcase classname="src.pymortests.grid" file="src/pymortests/grid.py" line="244" name="test_neighbours_wrong_arguments[&lt;lambda&gt;26]" time="0.0007219314575195312"><skipped message="Suite splitting in effect" type="pytest.skip">src/pymortests/grid.py:244: Suite splitting in effect</skipped></testcase><testcase classname="src.pymortests.grid" file="src/pymortests/grid.py" line="244" name="test_neighbours_wrong_arguments[&lt;lambda&gt;27]" time="0.0004253387451171875"><skipped message="Suite splitting in effect" type="pytest.skip">src/pymortests/grid.py:244: Suite splitting in effect</skipped></testcase><testcase classname="src.pymortests.grid" file="src/pymortests/grid.py" line="244" name="test_neighbours_wrong_arguments[&lt;lambda&gt;28]" time="0.0004203319549560547"><skipped message="Suite splitting in effect" type="pytest.skip">src/pymortests/grid.py:244: Suite splitting in effect</skipped></testcase><testcase classname="src.pymortests.grid" file="src/pymortests/grid.py" line="244" name="test_neighbours_wrong_arguments[&lt;lambda&gt;29]" time="0.00043082237243652344"><skipped message="Suite splitting in effect" type="pytest.skip">src/pymortests/grid.py:244: Suite splitting in effect</skipped></testcase><testcase classname="src.pymortests.grid" file="src/pymortests/grid.py" line="244" name="test_neighbours_wrong_arguments[&lt;lambda&gt;30]" time="0.0004253387451171875"><skipped message="Suite splitting in effect" type="pytest.skip">src/pymortests/grid.py:244: Suite splitting in effect</skipped></testcase><testcase classname="src.pymortests.grid" file="src/pymortests/grid.py" line="244" name="test_neighbours_wrong_arguments[&lt;lambda&gt;31]" time="0.00045013427734375"><skipped message="Suite splitting in effect" type="pytest.skip">src/pymortests/grid.py:244: Suite splitting in effect</skipped></testcase><testcase classname="src.pymortests.grid" file="src/pymortests/grid.py" line="244" name="test_neighbours_wrong_arguments[&lt;lambda&gt;32]" time="0.00044035911560058594"><skipped message="Suite splitting in effect" type="pytest.skip">src/pymortests/grid.py:244: Suite splitting in effect</skipped></testcase><testcase classname="src.pymortests.grid" file="src/pymortests/grid.py" line="244" name="test_neighbours_wrong_arguments[&lt;lambda&gt;33]" time="0.0004527568817138672"><skipped message="Suite splitting in effect" type="pytest.skip">src/pymortests/grid.py:244: Suite splitting in effect</skipped></testcase><testcase classname="src.pymortests.grid" file="src/pymortests/grid.py" line="244" name="test_neighbours_wrong_arguments[&lt;lambda&gt;34]" time="0.0007615089416503906"><skipped message="Suite splitting in effect" type="pytest.skip">src/pymortests/grid.py:244: Suite splitting in effect</skipped></testcase><testcase classname="src.pymortests.grid" file="src/pymortests/grid.py" line="244" name="test_neighbours_wrong_arguments[&lt;lambda&gt;35]" time="0.00046944618225097656"><skipped message="Suite splitting in effect" type="pytest.skip">src/pymortests/grid.py:244: Suite splitting in effect</skipped></testcase><testcase classname="src.pymortests.grid" file="src/pymortests/grid.py" line="244" name="test_neighbours_wrong_arguments[&lt;lambda&gt;36]" time="0.0004601478576660156"><skipped message="Suite splitting in effect" type="pytest.skip">src/pymortests/grid.py:244: Suite splitting in effect</skipped></testcase><testcase classname="src.pymortests.grid" file="src/pymortests/grid.py" line="244" name="test_neighbours_wrong_arguments[&lt;lambda&gt;37]" time="0.0004253387451171875"><skipped message="Suite splitting in effect" type="pytest.skip">src/pymortests/grid.py:244: Suite splitting in effect</skipped></testcase><testcase classname="src.pymortests.grid" file="src/pymortests/grid.py" line="244" name="test_neighbours_wrong_arguments[&lt;lambda&gt;38]" time="0.00045561790466308594"><skipped message="Suite splitting in effect" type="pytest.skip">src/pymortests/grid.py:244: Suite splitting in effect</skipped></testcase><testcase classname="src.pymortests.grid" file="src/pymortests/grid.py" line="244" name="test_neighbours_wrong_arguments[&lt;lambda&gt;39]" time="0.0004241466522216797"><skipped message="Suite splitting in effect" type="pytest.skip">src/pymortests/grid.py:244: Suite splitting in effect</skipped></testcase><testcase classname="src.pymortests.grid" file="src/pymortests/grid.py" line="244" name="test_neighbours_wrong_arguments[&lt;lambda&gt;40]" time="0.00042510032653808594"><skipped message="Suite splitting in effect" type="pytest.skip">src/pymortests/grid.py:244: Suite splitting in effect</skipped></testcase><testcase classname="src.pymortests.grid" file="src/pymortests/grid.py" line="244" name="test_neighbours_wrong_arguments[&lt;lambda&gt;41]" time="0.0004303455352783203"><skipped message="Suite splitting in effect" type="pytest.skip">src/pymortests/grid.py:244: Suite splitting in effect</skipped></testcase><testcase classname="src.pymortests.grid" file="src/pymortests/grid.py" line="244" name="test_neighbours_wrong_arguments[&lt;lambda&gt;42]" time="0.0008609294891357422"><skipped message="Suite splitting in effect" type="pytest.skip">src/pymortests/grid.py:244: Suite splitting in effect</skipped></testcase><testcase classname="src.pymortests.grid" file="src/pymortests/grid.py" line="266" name="test_neighbours_shape[&lt;lambda&gt;0]" time="0.00042748451232910156"><skipped message="Suite splitting in effect" type="pytest.skip">src/pymortests/grid.py:266: Suite splitting in effect</skipped></testcase><testcase classname="src.pymortests.grid" file="src/pymortests/grid.py" line="266" name="test_neighbours_shape[&lt;lambda&gt;1]" time="0.0004374980926513672"><skipped message="Suite splitting in effect" type="pytest.skip">src/pymortests/grid.py:266: Suite splitting in effect</skipped></testcase><testcase classname="src.pymortests.grid" file="src/pymortests/grid.py" line="266" name="test_neighbours_shape[&lt;lambda&gt;2]" time="0.0005431175231933594"><skipped message="Suite splitting in effect" type="pytest.skip">src/pymortests/grid.py:266: Suite splitting in effect</skipped></testcase><testcase classname="src.pymortests.grid" file="src/pymortests/grid.py" line="266" name="test_neighbours_shape[&lt;lambda&gt;3]" time="0.0006203651428222656"><skipped message="Suite splitting in effect" type="pytest.skip">src/pymortests/grid.py:266: Suite splitting in effect</skipped></testcase><testcase classname="src.pymortests.grid" file="src/pymortests/grid.py" line="266" name="test_neighbours_shape[&lt;lambda&gt;4]" time="0.0004277229309082031"><skipped message="Suite splitting in effect" type="pytest.skip">src/pymortests/grid.py:266: Suite splitting in effect</skipped></testcase><testcase classname="src.pymortests.grid" file="src/pymortests/grid.py" line="266" name="test_neighbours_shape[&lt;lambda&gt;5]" time="0.0004425048828125"><skipped message="Suite splitting in effect" type="pytest.skip">src/pymortests/grid.py:266: Suite splitting in effect</skipped></testcase><testcase classname="src.pymortests.grid" file="src/pymortests/grid.py" line="266" name="test_neighbours_shape[&lt;lambda&gt;6]" time="0.0005295276641845703"><skipped message="Suite splitting in effect" type="pytest.skip">src/pymortests/grid.py:266: Suite splitting in effect</skipped></testcase><testcase classname="src.pymortests.grid" file="src/pymortests/grid.py" line="266" name="test_neighbours_shape[&lt;lambda&gt;7]" time="0.0007708072662353516"><skipped message="Suite splitting in effect" type="pytest.skip">src/pymortests/grid.py:266: Suite splitting in effect</skipped></testcase><testcase classname="src.pymortests.grid" file="src/pymortests/grid.py" line="266" name="test_neighbours_shape[&lt;lambda&gt;8]" time="0.0004343986511230469"><skipped message="Suite splitting in effect" type="pytest.skip">src/pymortests/grid.py:266: Suite splitting in effect</skipped></testcase><testcase classname="src.pymortests.grid" file="src/pymortests/grid.py" line="266" name="test_neighbours_shape[&lt;lambda&gt;9]" time="0.0004334449768066406"><skipped message="Suite splitting in effect" type="pytest.skip">src/pymortests/grid.py:266: Suite splitting in effect</skipped></testcase><testcase classname="src.pymortests.grid" file="src/pymortests/grid.py" line="266" name="test_neighbours_shape[&lt;lambda&gt;10]" time="0.00042939186096191406"><skipped message="Suite splitting in effect" type="pytest.skip">src/pymortests/grid.py:266: Suite splitting in effect</skipped></testcase><testcase classname="src.pymortests.grid" file="src/pymortests/grid.py" line="266" name="test_neighbours_shape[&lt;lambda&gt;11]" time="0.00045680999755859375"><skipped message="Suite splitting in effect" type="pytest.skip">src/pymortests/grid.py:266: Suite splitting in effect</skipped></testcase><testcase classname="src.pymortests.grid" file="src/pymortests/grid.py" line="266" name="test_neighbours_shape[&lt;lambda&gt;12]" time="0.0004298686981201172"><skipped message="Suite splitting in effect" type="pytest.skip">src/pymortests/grid.py:266: Suite splitting in effect</skipped></testcase><testcase classname="src.pymortests.grid" file="src/pymortests/grid.py" line="266" name="test_neighbours_shape[&lt;lambda&gt;13]" time="0.0004611015319824219"><skipped message="Suite splitting in effect" type="pytest.skip">src/pymortests/grid.py:266: Suite splitting in effect</skipped></testcase><testcase classname="src.pymortests.grid" file="src/pymortests/grid.py" line="266" name="test_neighbours_shape[&lt;lambda&gt;14]" time="0.00044465065002441406"><skipped message="Suite splitting in effect" type="pytest.skip">src/pymortests/grid.py:266: Suite splitting in effect</skipped></testcase><testcase classname="src.pymortests.grid" file="src/pymortests/grid.py" line="266" name="test_neighbours_shape[&lt;lambda&gt;15]" time="0.0007431507110595703"><skipped message="Suite splitting in effect" type="pytest.skip">src/pymortests/grid.py:266: Suite splitting in effect</skipped></testcase><testcase classname="src.pymortests.grid" file="src/pymortests/grid.py" line="266" name="test_neighbours_shape[&lt;lambda&gt;16]" time="0.00043845176696777344"><skipped message="Suite splitting in effect" type="pytest.skip">src/pymortests/grid.py:266: Suite splitting in effect</skipped></testcase><testcase classname="src.pymortests.grid" file="src/pymortests/grid.py" line="266" name="test_neighbours_shape[&lt;lambda&gt;17]" time="0.0005283355712890625"><skipped message="Suite splitting in effect" type="pytest.skip">src/pymortests/grid.py:266: Suite splitting in effect</skipped></testcase><testcase classname="src.pymortests.grid" file="src/pymortests/grid.py" line="266" name="test_neighbours_shape[&lt;lambda&gt;18]" time="0.0006127357482910156"><skipped message="Suite splitting in effect" type="pytest.skip">src/pymortests/grid.py:266: Suite splitting in effect</skipped></testcase><testcase classname="src.pymortests.grid" file="src/pymortests/grid.py" line="266" name="test_neighbours_shape[&lt;lambda&gt;19]" time="0.00042748451232910156"><skipped message="Suite splitting in effect" type="pytest.skip">src/pymortests/grid.py:266: Suite splitting in effect</skipped></testcase><testcase classname="src.pymortests.grid" file="src/pymortests/grid.py" line="266" name="test_neighbours_shape[&lt;lambda&gt;20]" time="0.00042510032653808594"><skipped message="Suite splitting in effect" type="pytest.skip">src/pymortests/grid.py:266: Suite splitting in effect</skipped></testcase><testcase classname="src.pymortests.grid" file="src/pymortests/grid.py" line="266" name="test_neighbours_shape[&lt;lambda&gt;21]" time="0.00043201446533203125"><skipped message="Suite splitting in effect" type="pytest.skip">src/pymortests/grid.py:266: Suite splitting in effect</skipped></testcase><testcase classname="src.pymortests.grid" file="src/pymortests/grid.py" line="266" name="test_neighbours_shape[&lt;lambda&gt;22]" time="0.00042057037353515625"><skipped message="Suite splitting in effect" type="pytest.skip">src/pymortests/grid.py:266: Suite splitting in effect</skipped></testcase><testcase classname="src.pymortests.grid" file="src/pymortests/grid.py" line="266" name="test_neighbours_shape[&lt;lambda&gt;23]" time="0.0007603168487548828"><skipped message="Suite splitting in effect" type="pytest.skip">src/pymortests/grid.py:266: Suite splitting in effect</skipped></testcase><testcase classname="src.pymortests.grid" file="src/pymortests/grid.py" line="266" name="test_neighbours_shape[&lt;lambda&gt;24]" time="0.00040340423583984375"><skipped message="Suite splitting in effect" type="pytest.skip">src/pymortests/grid.py:266: Suite splitting in effect</skipped></testcase><testcase classname="src.pymortests.grid" file="src/pymortests/grid.py" line="266" name="test_neighbours_shape[&lt;lambda&gt;25]" time="0.00042700767517089844"><skipped message="Suite splitting in effect" type="pytest.skip">src/pymortests/grid.py:266: Suite splitting in effect</skipped></testcase><testcase classname="src.pymortests.grid" file="src/pymortests/grid.py" line="266" name="test_neighbours_shape[&lt;lambda&gt;26]" time="0.00040841102600097656"><skipped message="Suite splitting in effect" type="pytest.skip">src/pymortests/grid.py:266: Suite splitting in effect</skipped></testcase><testcase classname="src.pymortests.grid" file="src/pymortests/grid.py" line="266" name="test_neighbours_shape[&lt;lambda&gt;27]" time="0.00044035911560058594"><skipped message="Suite splitting in effect" type="pytest.skip">src/pymortests/grid.py:266: Suite splitting in effect</skipped></testcase><testcase classname="src.pymortests.grid" file="src/pymortests/grid.py" line="266" name="test_neighbours_shape[&lt;lambda&gt;28]" time="0.0004239082336425781"><skipped message="Suite splitting in effect" type="pytest.skip">src/pymortests/grid.py:266: Suite splitting in effect</skipped></testcase><testcase classname="src.pymortests.grid" file="src/pymortests/grid.py" line="266" name="test_neighbours_shape[&lt;lambda&gt;29]" time="0.00043082237243652344"><skipped message="Suite splitting in effect" type="pytest.skip">src/pymortests/grid.py:266: Suite splitting in effect</skipped></testcase><testcase classname="src.pymortests.grid" file="src/pymortests/grid.py" line="266" name="test_neighbours_shape[&lt;lambda&gt;30]" time="0.0005383491516113281"><skipped message="Suite splitting in effect" type="pytest.skip">src/pymortests/grid.py:266: Suite splitting in effect</skipped></testcase><testcase classname="src.pymortests.grid" file="src/pymortests/grid.py" line="266" name="test_neighbours_shape[&lt;lambda&gt;31]" time="0.0010061264038085938"><skipped message="Suite splitting in effect" type="pytest.skip">src/pymortests/grid.py:266: Suite splitting in effect</skipped></testcase><testcase classname="src.pymortests.grid" file="src/pymortests/grid.py" line="266" name="test_neighbours_shape[&lt;lambda&gt;32]" time="0.0005514621734619141"><skipped message="Suite splitting in effect" type="pytest.skip">src/pymortests/grid.py:266: Suite splitting in effect</skipped></testcase><testcase classname="src.pymortests.grid" file="src/pymortests/grid.py" line="266" name="test_neighbours_shape[&lt;lambda&gt;33]" time="0.00041675567626953125"><skipped message="Suite splitting in effect" type="pytest.skip">src/pymortests/grid.py:266: Suite splitting in effect</skipped></testcase><testcase classname="src.pymortests.grid" file="src/pymortests/grid.py" line="266" name="test_neighbours_shape[&lt;lambda&gt;34]" time="0.00042247772216796875"><skipped message="Suite splitting in effect" type="pytest.skip">src/pymortests/grid.py:266: Suite splitting in effect</skipped></testcase><testcase classname="src.pymortests.grid" file="src/pymortests/grid.py" line="266" name="test_neighbours_shape[&lt;lambda&gt;35]" time="0.00041794776916503906"><skipped message="Suite splitting in effect" type="pytest.skip">src/pymortests/grid.py:266: Suite splitting in effect</skipped></testcase><testcase classname="src.pymortests.grid" file="src/pymortests/grid.py" line="266" name="test_neighbours_shape[&lt;lambda&gt;36]" time="0.0004215240478515625"><skipped message="Suite splitting in effect" type="pytest.skip">src/pymortests/grid.py:266: Suite splitting in effect</skipped></testcase><testcase classname="src.pymortests.grid" file="src/pymortests/grid.py" line="266" name="test_neighbours_shape[&lt;lambda&gt;37]" time="0.00045609474182128906"><skipped message="Suite splitting in effect" type="pytest.skip">src/pymortests/grid.py:266: Suite splitting in effect</skipped></testcase><testcase classname="src.pymortests.grid" file="src/pymortests/grid.py" line="266" name="test_neighbours_shape[&lt;lambda&gt;38]" time="0.0004467964172363281"><skipped message="Suite splitting in effect" type="pytest.skip">src/pymortests/grid.py:266: Suite splitting in effect</skipped></testcase><testcase classname="src.pymortests.grid" file="src/pymortests/grid.py" line="266" name="test_neighbours_shape[&lt;lambda&gt;39]" time="0.0007493495941162109"><skipped message="Suite splitting in effect" type="pytest.skip">src/pymortests/grid.py:266: Suite splitting in effect</skipped></testcase><testcase classname="src.pymortests.grid" file="src/pymortests/grid.py" line="266" name="test_neighbours_shape[&lt;lambda&gt;40]" time="0.00047397613525390625"><skipped message="Suite splitting in effect" type="pytest.skip">src/pymortests/grid.py:266: Suite splitting in effect</skipped></testcase><testcase classname="src.pymortests.grid" file="src/pymortests/grid.py" line="266" name="test_neighbours_shape[&lt;lambda&gt;41]" time="0.00045299530029296875"><skipped message="Suite splitting in effect" type="pytest.skip">src/pymortests/grid.py:266: Suite splitting in effect</skipped></testcase><testcase classname="src.pymortests.grid" file="src/pymortests/grid.py" line="266" name="test_neighbours_shape[&lt;lambda&gt;42]" time="0.00044465065002441406"><skipped message="Suite splitting in effect" type="pytest.skip">src/pymortests/grid.py:266: Suite splitting in effect</skipped></testcase><testcase classname="src.pymortests.grid" file="src/pymortests/grid.py" line="274" name="test_neighbours_dtype[&lt;lambda&gt;0]" time="0.00042629241943359375"><skipped message="Suite splitting in effect" type="pytest.skip">src/pymortests/grid.py:274: Suite splitting in effect</skipped></testcase><testcase classname="src.pymortests.grid" file="src/pymortests/grid.py" line="274" name="test_neighbours_dtype[&lt;lambda&gt;1]" time="0.00043320655822753906"><skipped message="Suite splitting in effect" type="pytest.skip">src/pymortests/grid.py:274: Suite splitting in effect</skipped></testcase><testcase classname="src.pymortests.grid" file="src/pymortests/grid.py" line="274" name="test_neighbours_dtype[&lt;lambda&gt;2]" time="0.00045561790466308594"><skipped message="Suite splitting in effect" type="pytest.skip">src/pymortests/grid.py:274: Suite splitting in effect</skipped></testcase><testcase classname="src.pymortests.grid" file="src/pymortests/grid.py" line="274" name="test_neighbours_dtype[&lt;lambda&gt;3]" time="0.00044846534729003906"><skipped message="Suite splitting in effect" type="pytest.skip">src/pymortests/grid.py:274: Suite splitting in effect</skipped></testcase><testcase classname="src.pymortests.grid" file="src/pymortests/grid.py" line="274" name="test_neighbours_dtype[&lt;lambda&gt;4]" time="0.0007476806640625"><skipped message="Suite splitting in effect" type="pytest.skip">src/pymortests/grid.py:274: Suite splitting in effect</skipped></testcase><testcase classname="src.pymortests.grid" file="src/pymortests/grid.py" line="274" name="test_neighbours_dtype[&lt;lambda&gt;5]" time="0.00040531158447265625"><skipped message="Suite splitting in effect" type="pytest.skip">src/pymortests/grid.py:274: Suite splitting in effect</skipped></testcase><testcase classname="src.pymortests.grid" file="src/pymortests/grid.py" line="274" name="test_neighbours_dtype[&lt;lambda&gt;6]" time="0.00042700767517089844"><skipped message="Suite splitting in effect" type="pytest.skip">src/pymortests/grid.py:274: Suite splitting in effect</skipped></testcase><testcase classname="src.pymortests.grid" file="src/pymortests/grid.py" line="274" name="test_neighbours_dtype[&lt;lambda&gt;7]" time="0.00041675567626953125"><skipped message="Suite splitting in effect" type="pytest.skip">src/pymortests/grid.py:274: Suite splitting in effect</skipped></testcase><testcase classname="src.pymortests.grid" file="src/pymortests/grid.py" line="274" name="test_neighbours_dtype[&lt;lambda&gt;8]" time="0.00047469139099121094"><skipped message="Suite splitting in effect" type="pytest.skip">src/pymortests/grid.py:274: Suite splitting in effect</skipped></testcase><testcase classname="src.pymortests.grid" file="src/pymortests/grid.py" line="274" name="test_neighbours_dtype[&lt;lambda&gt;9]" time="0.0004439353942871094"><skipped message="Suite splitting in effect" type="pytest.skip">src/pymortests/grid.py:274: Suite splitting in effect</skipped></testcase><testcase classname="src.pymortests.grid" file="src/pymortests/grid.py" line="274" name="test_neighbours_dtype[&lt;lambda&gt;10]" time="0.000423431396484375"><skipped message="Suite splitting in effect" type="pytest.skip">src/pymortests/grid.py:274: Suite splitting in effect</skipped></testcase><testcase classname="src.pymortests.grid" file="src/pymortests/grid.py" line="274" name="test_neighbours_dtype[&lt;lambda&gt;11]" time="0.00046753883361816406"><skipped message="Suite splitting in effect" type="pytest.skip">src/pymortests/grid.py:274: Suite splitting in effect</skipped></testcase><testcase classname="src.pymortests.grid" file="src/pymortests/grid.py" line="274" name="test_neighbours_dtype[&lt;lambda&gt;12]" time="0.0008182525634765625"><skipped message="Suite splitting in effect" type="pytest.skip">src/pymortests/grid.py:274: Suite splitting in effect</skipped></testcase><testcase classname="src.pymortests.grid" file="src/pymortests/grid.py" line="274" name="test_neighbours_dtype[&lt;lambda&gt;13]" time="0.0004634857177734375"><skipped message="Suite splitting in effect" type="pytest.skip">src/pymortests/grid.py:274: Suite splitting in effect</skipped></testcase><testcase classname="src.pymortests.grid" file="src/pymortests/grid.py" line="274" name="test_neighbours_dtype[&lt;lambda&gt;14]" time="0.000507354736328125"><skipped message="Suite splitting in effect" type="pytest.skip">src/pymortests/grid.py:274: Suite splitting in effect</skipped></testcase><testcase classname="src.pymortests.grid" file="src/pymortests/grid.py" line="274" name="test_neighbours_dtype[&lt;lambda&gt;15]" time="0.0004620552062988281"><skipped message="Suite splitting in effect" type="pytest.skip">src/pymortests/grid.py:274: Suite splitting in effect</skipped></testcase><testcase classname="src.pymortests.grid" file="src/pymortests/grid.py" line="274" name="test_neighbours_dtype[&lt;lambda&gt;16]" time="0.00045943260192871094"><skipped message="Suite splitting in effect" type="pytest.skip">src/pymortests/grid.py:274: Suite splitting in effect</skipped></testcase><testcase classname="src.pymortests.grid" file="src/pymortests/grid.py" line="274" name="test_neighbours_dtype[&lt;lambda&gt;17]" time="0.0004553794860839844"><skipped message="Suite splitting in effect" type="pytest.skip">src/pymortests/grid.py:274: Suite splitting in effect</skipped></testcase><testcase classname="src.pymortests.grid" file="src/pymortests/grid.py" line="274" name="test_neighbours_dtype[&lt;lambda&gt;18]" time="0.0004401206970214844"><skipped message="Suite splitting in effect" type="pytest.skip">src/pymortests/grid.py:274: Suite splitting in effect</skipped></testcase><testcase classname="src.pymortests.grid" file="src/pymortests/grid.py" line="274" name="test_neighbours_dtype[&lt;lambda&gt;19]" time="0.00045299530029296875"><skipped message="Suite splitting in effect" type="pytest.skip">src/pymortests/grid.py:274: Suite splitting in effect</skipped></testcase><testcase classname="src.pymortests.grid" file="src/pymortests/grid.py" line="274" name="test_neighbours_dtype[&lt;lambda&gt;20]" time="0.0007364749908447266"><skipped message="Suite splitting in effect" type="pytest.skip">src/pymortests/grid.py:274: Suite splitting in effect</skipped></testcase><testcase classname="src.pymortests.grid" file="src/pymortests/grid.py" line="274" name="test_neighbours_dtype[&lt;lambda&gt;21]" time="0.0004343986511230469"><skipped message="Suite splitting in effect" type="pytest.skip">src/pymortests/grid.py:274: Suite splitting in effect</skipped></testcase><testcase classname="src.pymortests.grid" file="src/pymortests/grid.py" line="274" name="test_neighbours_dtype[&lt;lambda&gt;22]" time="0.00046324729919433594"><skipped message="Suite splitting in effect" type="pytest.skip">src/pymortests/grid.py:274: Suite splitting in effect</skipped></testcase><testcase classname="src.pymortests.grid" file="src/pymortests/grid.py" line="274" name="test_neighbours_dtype[&lt;lambda&gt;23]" time="0.00040650367736816406"><skipped message="Suite splitting in effect" type="pytest.skip">src/pymortests/grid.py:274: Suite splitting in effect</skipped></testcase><testcase classname="src.pymortests.grid" file="src/pymortests/grid.py" line="274" name="test_neighbours_dtype[&lt;lambda&gt;24]" time="0.0004394054412841797"><skipped message="Suite splitting in effect" type="pytest.skip">src/pymortests/grid.py:274: Suite splitting in effect</skipped></testcase><testcase classname="src.pymortests.grid" file="src/pymortests/grid.py" line="274" name="test_neighbours_dtype[&lt;lambda&gt;25]" time="0.000461578369140625"><skipped message="Suite splitting in effect" type="pytest.skip">src/pymortests/grid.py:274: Suite splitting in effect</skipped></testcase><testcase classname="src.pymortests.grid" file="src/pymortests/grid.py" line="274" name="test_neighbours_dtype[&lt;lambda&gt;26]" time="0.00047087669372558594"><skipped message="Suite splitting in effect" type="pytest.skip">src/pymortests/grid.py:274: Suite splitting in effect</skipped></testcase><testcase classname="src.pymortests.grid" file="src/pymortests/grid.py" line="274" name="test_neighbours_dtype[&lt;lambda&gt;27]" time="0.0004589557647705078"><skipped message="Suite splitting in effect" type="pytest.skip">src/pymortests/grid.py:274: Suite splitting in effect</skipped></testcase><testcase classname="src.pymortests.grid" file="src/pymortests/grid.py" line="274" name="test_neighbours_dtype[&lt;lambda&gt;28]" time="0.0007991790771484375"><skipped message="Suite splitting in effect" type="pytest.skip">src/pymortests/grid.py:274: Suite splitting in effect</skipped></testcase><testcase classname="src.pymortests.grid" file="src/pymortests/grid.py" line="274" name="test_neighbours_dtype[&lt;lambda&gt;29]" time="0.0005207061767578125"><skipped message="Suite splitting in effect" type="pytest.skip">src/pymortests/grid.py:274: Suite splitting in effect</skipped></testcase><testcase classname="src.pymortests.grid" file="src/pymortests/grid.py" line="274" name="test_neighbours_dtype[&lt;lambda&gt;30]" time="0.00048422813415527344"><skipped message="Suite splitting in effect" type="pytest.skip">src/pymortests/grid.py:274: Suite splitting in effect</skipped></testcase><testcase classname="src.pymortests.grid" file="src/pymortests/grid.py" line="274" name="test_neighbours_dtype[&lt;lambda&gt;31]" time="0.00043392181396484375"><skipped message="Suite splitting in effect" type="pytest.skip">src/pymortests/grid.py:274: Suite splitting in effect</skipped></testcase><testcase classname="src.pymortests.grid" file="src/pymortests/grid.py" line="274" name="test_neighbours_dtype[&lt;lambda&gt;32]" time="0.00044608116149902344"><skipped message="Suite splitting in effect" type="pytest.skip">src/pymortests/grid.py:274: Suite splitting in effect</skipped></testcase><testcase classname="src.pymortests.grid" file="src/pymortests/grid.py" line="274" name="test_neighbours_dtype[&lt;lambda&gt;33]" time="0.0004711151123046875"><skipped message="Suite splitting in effect" type="pytest.skip">src/pymortests/grid.py:274: Suite splitting in effect</skipped></testcase><testcase classname="src.pymortests.grid" file="src/pymortests/grid.py" line="274" name="test_neighbours_dtype[&lt;lambda&gt;34]" time="0.00040912628173828125"><skipped message="Suite splitting in effect" type="pytest.skip">src/pymortests/grid.py:274: Suite splitting in effect</skipped></testcase><testcase classname="src.pymortests.grid" file="src/pymortests/grid.py" line="274" name="test_neighbours_dtype[&lt;lambda&gt;35]" time="0.0004711151123046875"><skipped message="Suite splitting in effect" type="pytest.skip">src/pymortests/grid.py:274: Suite splitting in effect</skipped></testcase><testcase classname="src.pymortests.grid" file="src/pymortests/grid.py" line="274" name="test_neighbours_dtype[&lt;lambda&gt;36]" time="0.000705718994140625"><skipped message="Suite splitting in effect" type="pytest.skip">src/pymortests/grid.py:274: Suite splitting in effect</skipped></testcase><testcase classname="src.pymortests.grid" file="src/pymortests/grid.py" line="274" name="test_neighbours_dtype[&lt;lambda&gt;37]" time="0.0004413127899169922"><skipped message="Suite splitting in effect" type="pytest.skip">src/pymortests/grid.py:274: Suite splitting in effect</skipped></testcase><testcase classname="src.pymortests.grid" file="src/pymortests/grid.py" line="274" name="test_neighbours_dtype[&lt;lambda&gt;38]" time="0.0005042552947998047"><skipped message="Suite splitting in effect" type="pytest.skip">src/pymortests/grid.py:274: Suite splitting in effect</skipped></testcase><testcase classname="src.pymortests.grid" file="src/pymortests/grid.py" line="274" name="test_neighbours_dtype[&lt;lambda&gt;39]" time="0.0004096031188964844"><skipped message="Suite splitting in effect" type="pytest.skip">src/pymortests/grid.py:274: Suite splitting in effect</skipped></testcase><testcase classname="src.pymortests.grid" file="src/pymortests/grid.py" line="274" name="test_neighbours_dtype[&lt;lambda&gt;40]" time="0.00042629241943359375"><skipped message="Suite splitting in effect" type="pytest.skip">src/pymortests/grid.py:274: Suite splitting in effect</skipped></testcase><testcase classname="src.pymortests.grid" file="src/pymortests/grid.py" line="274" name="test_neighbours_dtype[&lt;lambda&gt;41]" time="0.00040459632873535156"><skipped message="Suite splitting in effect" type="pytest.skip">src/pymortests/grid.py:274: Suite splitting in effect</skipped></testcase><testcase classname="src.pymortests.grid" file="src/pymortests/grid.py" line="274" name="test_neighbours_dtype[&lt;lambda&gt;42]" time="0.0004699230194091797"><skipped message="Suite splitting in effect" type="pytest.skip">src/pymortests/grid.py:274: Suite splitting in effect</skipped></testcase><testcase classname="src.pymortests.grid" file="src/pymortests/grid.py" line="281" name="test_neighbours_entry_value_range[&lt;lambda&gt;0]" time="0.0004425048828125"><skipped message="Suite splitting in effect" type="pytest.skip">src/pymortests/grid.py:281: Suite splitting in effect</skipped></testcase><testcase classname="src.pymortests.grid" file="src/pymortests/grid.py" line="281" name="test_neighbours_entry_value_range[&lt;lambda&gt;1]" time="0.0007224082946777344"><skipped message="Suite splitting in effect" type="pytest.skip">src/pymortests/grid.py:281: Suite splitting in effect</skipped></testcase><testcase classname="src.pymortests.grid" file="src/pymortests/grid.py" line="281" name="test_neighbours_entry_value_range[&lt;lambda&gt;2]" time="0.0005035400390625"><skipped message="Suite splitting in effect" type="pytest.skip">src/pymortests/grid.py:281: Suite splitting in effect</skipped></testcase><testcase classname="src.pymortests.grid" file="src/pymortests/grid.py" line="281" name="test_neighbours_entry_value_range[&lt;lambda&gt;3]" time="0.000431060791015625"><skipped message="Suite splitting in effect" type="pytest.skip">src/pymortests/grid.py:281: Suite splitting in effect</skipped></testcase><testcase classname="src.pymortests.grid" file="src/pymortests/grid.py" line="281" name="test_neighbours_entry_value_range[&lt;lambda&gt;4]" time="0.0004286766052246094"><skipped message="Suite splitting in effect" type="pytest.skip">src/pymortests/grid.py:281: Suite splitting in effect</skipped></testcase><testcase classname="src.pymortests.grid" file="src/pymortests/grid.py" line="281" name="test_neighbours_entry_value_range[&lt;lambda&gt;5]" time="0.00043082237243652344"><skipped message="Suite splitting in effect" type="pytest.skip">src/pymortests/grid.py:281: Suite splitting in effect</skipped></testcase><testcase classname="src.pymortests.grid" file="src/pymortests/grid.py" line="281" name="test_neighbours_entry_value_range[&lt;lambda&gt;6]" time="0.0004227161407470703"><skipped message="Suite splitting in effect" type="pytest.skip">src/pymortests/grid.py:281: Suite splitting in effect</skipped></testcase><testcase classname="src.pymortests.grid" file="src/pymortests/grid.py" line="281" name="test_neighbours_entry_value_range[&lt;lambda&gt;7]" time="0.0004520416259765625"><skipped message="Suite splitting in effect" type="pytest.skip">src/pymortests/grid.py:281: Suite splitting in effect</skipped></testcase><testcase classname="src.pymortests.grid" file="src/pymortests/grid.py" line="281" name="test_neighbours_entry_value_range[&lt;lambda&gt;8]" time="0.00043773651123046875"><skipped message="Suite splitting in effect" type="pytest.skip">src/pymortests/grid.py:281: Suite splitting in effect</skipped></testcase><testcase classname="src.pymortests.grid" file="src/pymortests/grid.py" line="281" name="test_neighbours_entry_value_range[&lt;lambda&gt;9]" time="0.0010101795196533203"><skipped message="Suite splitting in effect" type="pytest.skip">src/pymortests/grid.py:281: Suite splitting in effect</skipped></testcase><testcase classname="src.pymortests.grid" file="src/pymortests/grid.py" line="281" name="test_neighbours_entry_value_range[&lt;lambda&gt;10]" time="0.00043773651123046875"><skipped message="Suite splitting in effect" type="pytest.skip">src/pymortests/grid.py:281: Suite splitting in effect</skipped></testcase><testcase classname="src.pymortests.grid" file="src/pymortests/grid.py" line="281" name="test_neighbours_entry_value_range[&lt;lambda&gt;11]" time="0.0004146099090576172"><skipped message="Suite splitting in effect" type="pytest.skip">src/pymortests/grid.py:281: Suite splitting in effect</skipped></testcase><testcase classname="src.pymortests.grid" file="src/pymortests/grid.py" line="281" name="test_neighbours_entry_value_range[&lt;lambda&gt;12]" time="0.00042366981506347656"><skipped message="Suite splitting in effect" type="pytest.skip">src/pymortests/grid.py:281: Suite splitting in effect</skipped></testcase><testcase classname="src.pymortests.grid" file="src/pymortests/grid.py" line="281" name="test_neighbours_entry_value_range[&lt;lambda&gt;13]" time="0.00041675567626953125"><skipped message="Suite splitting in effect" type="pytest.skip">src/pymortests/grid.py:281: Suite splitting in effect</skipped></testcase><testcase classname="src.pymortests.grid" file="src/pymortests/grid.py" line="281" name="test_neighbours_entry_value_range[&lt;lambda&gt;14]" time="0.00043773651123046875"><skipped message="Suite splitting in effect" type="pytest.skip">src/pymortests/grid.py:281: Suite splitting in effect</skipped></testcase><testcase classname="src.pymortests.grid" file="src/pymortests/grid.py" line="281" name="test_neighbours_entry_value_range[&lt;lambda&gt;15]" time="0.0004210472106933594"><skipped message="Suite splitting in effect" type="pytest.skip">src/pymortests/grid.py:281: Suite splitting in effect</skipped></testcase><testcase classname="src.pymortests.grid" file="src/pymortests/grid.py" line="281" name="test_neighbours_entry_value_range[&lt;lambda&gt;16]" time="0.0004134178161621094"><skipped message="Suite splitting in effect" type="pytest.skip">src/pymortests/grid.py:281: Suite splitting in effect</skipped></testcase><testcase classname="src.pymortests.grid" file="src/pymortests/grid.py" line="281" name="test_neighbours_entry_value_range[&lt;lambda&gt;17]" time="0.0007393360137939453"><skipped message="Suite splitting in effect" type="pytest.skip">src/pymortests/grid.py:281: Suite splitting in effect</skipped></testcase><testcase classname="src.pymortests.grid" file="src/pymortests/grid.py" line="281" name="test_neighbours_entry_value_range[&lt;lambda&gt;18]" time="0.0004253387451171875"><skipped message="Suite splitting in effect" type="pytest.skip">src/pymortests/grid.py:281: Suite splitting in effect</skipped></testcase><testcase classname="src.pymortests.grid" file="src/pymortests/grid.py" line="281" name="test_neighbours_entry_value_range[&lt;lambda&gt;19]" time="0.00043082237243652344"><skipped message="Suite splitting in effect" type="pytest.skip">src/pymortests/grid.py:281: Suite splitting in effect</skipped></testcase><testcase classname="src.pymortests.grid" file="src/pymortests/grid.py" line="281" name="test_neighbours_entry_value_range[&lt;lambda&gt;20]" time="0.00041961669921875"><skipped message="Suite splitting in effect" type="pytest.skip">src/pymortests/grid.py:281: Suite splitting in effect</skipped></testcase><testcase classname="src.pymortests.grid" file="src/pymortests/grid.py" line="281" name="test_neighbours_entry_value_range[&lt;lambda&gt;21]" time="0.0004878044128417969"><skipped message="Suite splitting in effect" type="pytest.skip">src/pymortests/grid.py:281: Suite splitting in effect</skipped></testcase><testcase classname="src.pymortests.grid" file="src/pymortests/grid.py" line="281" name="test_neighbours_entry_value_range[&lt;lambda&gt;22]" time="0.0004394054412841797"><skipped message="Suite splitting in effect" type="pytest.skip">src/pymortests/grid.py:281: Suite splitting in effect</skipped></testcase><testcase classname="src.pymortests.grid" file="src/pymortests/grid.py" line="281" name="test_neighbours_entry_value_range[&lt;lambda&gt;23]" time="0.0004200935363769531"><skipped message="Suite splitting in effect" type="pytest.skip">src/pymortests/grid.py:281: Suite splitting in effect</skipped></testcase><testcase classname="src.pymortests.grid" file="src/pymortests/grid.py" line="281" name="test_neighbours_entry_value_range[&lt;lambda&gt;24]" time="0.00043082237243652344"><skipped message="Suite splitting in effect" type="pytest.skip">src/pymortests/grid.py:281: Suite splitting in effect</skipped></testcase><testcase classname="src.pymortests.grid" file="src/pymortests/grid.py" line="281" name="test_neighbours_entry_value_range[&lt;lambda&gt;25]" time="0.0007309913635253906"><skipped message="Suite splitting in effect" type="pytest.skip">src/pymortests/grid.py:281: Suite splitting in effect</skipped></testcase><testcase classname="src.pymortests.grid" file="src/pymortests/grid.py" line="281" name="test_neighbours_entry_value_range[&lt;lambda&gt;26]" time="0.0005044937133789062"><skipped message="Suite splitting in effect" type="pytest.skip">src/pymortests/grid.py:281: Suite splitting in effect</skipped></testcase><testcase classname="src.pymortests.grid" file="src/pymortests/grid.py" line="281" name="test_neighbours_entry_value_range[&lt;lambda&gt;27]" time="0.0004782676696777344"><skipped message="Suite splitting in effect" type="pytest.skip">src/pymortests/grid.py:281: Suite splitting in effect</skipped></testcase><testcase classname="src.pymortests.grid" file="src/pymortests/grid.py" line="281" name="test_neighbours_entry_value_range[&lt;lambda&gt;28]" time="0.00044083595275878906"><skipped message="Suite splitting in effect" type="pytest.skip">src/pymortests/grid.py:281: Suite splitting in effect</skipped></testcase><testcase classname="src.pymortests.grid" file="src/pymortests/grid.py" line="281" name="test_neighbours_entry_value_range[&lt;lambda&gt;29]" time="0.0004763603210449219"><skipped message="Suite splitting in effect" type="pytest.skip">src/pymortests/grid.py:281: Suite splitting in effect</skipped></testcase><testcase classname="src.pymortests.grid" file="src/pymortests/grid.py" line="281" name="test_neighbours_entry_value_range[&lt;lambda&gt;30]" time="0.00047326087951660156"><skipped message="Suite splitting in effect" type="pytest.skip">src/pymortests/grid.py:281: Suite splitting in effect</skipped></testcase><testcase classname="src.pymortests.grid" file="src/pymortests/grid.py" line="281" name="test_neighbours_entry_value_range[&lt;lambda&gt;31]" time="0.0004191398620605469"><skipped message="Suite splitting in effect" type="pytest.skip">src/pymortests/grid.py:281: Suite splitting in effect</skipped></testcase><testcase classname="src.pymortests.grid" file="src/pymortests/grid.py" line="281" name="test_neighbours_entry_value_range[&lt;lambda&gt;32]" time="0.0004267692565917969"><skipped message="Suite splitting in effect" type="pytest.skip">src/pymortests/grid.py:281: Suite splitting in effect</skipped></testcase><testcase classname="src.pymortests.grid" file="src/pymortests/grid.py" line="281" name="test_neighbours_entry_value_range[&lt;lambda&gt;33]" time="0.0007262229919433594"><skipped message="Suite splitting in effect" type="pytest.skip">src/pymortests/grid.py:281: Suite splitting in effect</skipped></testcase><testcase classname="src.pymortests.grid" file="src/pymortests/grid.py" line="281" name="test_neighbours_entry_value_range[&lt;lambda&gt;34]" time="0.0004887580871582031"><skipped message="Suite splitting in effect" type="pytest.skip">src/pymortests/grid.py:281: Suite splitting in effect</skipped></testcase><testcase classname="src.pymortests.grid" file="src/pymortests/grid.py" line="281" name="test_neighbours_entry_value_range[&lt;lambda&gt;35]" time="0.0004830360412597656"><skipped message="Suite splitting in effect" type="pytest.skip">src/pymortests/grid.py:281: Suite splitting in effect</skipped></testcase><testcase classname="src.pymortests.grid" file="src/pymortests/grid.py" line="281" name="test_neighbours_entry_value_range[&lt;lambda&gt;36]" time="0.0004277229309082031"><skipped message="Suite splitting in effect" type="pytest.skip">src/pymortests/grid.py:281: Suite splitting in effect</skipped></testcase><testcase classname="src.pymortests.grid" file="src/pymortests/grid.py" line="281" name="test_neighbours_entry_value_range[&lt;lambda&gt;37]" time="0.0004210472106933594"><skipped message="Suite splitting in effect" type="pytest.skip">src/pymortests/grid.py:281: Suite splitting in effect</skipped></testcase><testcase classname="src.pymortests.grid" file="src/pymortests/grid.py" line="281" name="test_neighbours_entry_value_range[&lt;lambda&gt;38]" time="0.00042057037353515625"><skipped message="Suite splitting in effect" type="pytest.skip">src/pymortests/grid.py:281: Suite splitting in effect</skipped></testcase><testcase classname="src.pymortests.grid" file="src/pymortests/grid.py" line="281" name="test_neighbours_entry_value_range[&lt;lambda&gt;39]" time="0.00041937828063964844"><skipped message="Suite splitting in effect" type="pytest.skip">src/pymortests/grid.py:281: Suite splitting in effect</skipped></testcase><testcase classname="src.pymortests.grid" file="src/pymortests/grid.py" line="281" name="test_neighbours_entry_value_range[&lt;lambda&gt;40]" time="0.0004391670227050781"><skipped message="Suite splitting in effect" type="pytest.skip">src/pymortests/grid.py:281: Suite splitting in effect</skipped></testcase><testcase classname="src.pymortests.grid" file="src/pymortests/grid.py" line="281" name="test_neighbours_entry_value_range[&lt;lambda&gt;41]" time="0.0007233619689941406"><skipped message="Suite splitting in effect" type="pytest.skip">src/pymortests/grid.py:281: Suite splitting in effect</skipped></testcase><testcase classname="src.pymortests.grid" file="src/pymortests/grid.py" line="281" name="test_neighbours_entry_value_range[&lt;lambda&gt;42]" time="0.00040411949157714844"><skipped message="Suite splitting in effect" type="pytest.skip">src/pymortests/grid.py:281: Suite splitting in effect</skipped></testcase><testcase classname="src.pymortests.grid" file="src/pymortests/grid.py" line="289" name="test_neighbours_entry_values_unique[&lt;lambda&gt;0]" time="0.0004973411560058594"><skipped message="Suite splitting in effect" type="pytest.skip">src/pymortests/grid.py:289: Suite splitting in effect</skipped></testcase><testcase classname="src.pymortests.grid" file="src/pymortests/grid.py" line="289" name="test_neighbours_entry_values_unique[&lt;lambda&gt;1]" time="0.0004391670227050781"><skipped message="Suite splitting in effect" type="pytest.skip">src/pymortests/grid.py:289: Suite splitting in effect</skipped></testcase><testcase classname="src.pymortests.grid" file="src/pymortests/grid.py" line="289" name="test_neighbours_entry_values_unique[&lt;lambda&gt;2]" time="0.0004494190216064453"><skipped message="Suite splitting in effect" type="pytest.skip">src/pymortests/grid.py:289: Suite splitting in effect</skipped></testcase><testcase classname="src.pymortests.grid" file="src/pymortests/grid.py" line="289" name="test_neighbours_entry_values_unique[&lt;lambda&gt;3]" time="0.0004208087921142578"><skipped message="Suite splitting in effect" type="pytest.skip">src/pymortests/grid.py:289: Suite splitting in effect</skipped></testcase><testcase classname="src.pymortests.grid" file="src/pymortests/grid.py" line="289" name="test_neighbours_entry_values_unique[&lt;lambda&gt;4]" time="0.0004200935363769531"><skipped message="Suite splitting in effect" type="pytest.skip">src/pymortests/grid.py:289: Suite splitting in effect</skipped></testcase><testcase classname="src.pymortests.grid" file="src/pymortests/grid.py" line="289" name="test_neighbours_entry_values_unique[&lt;lambda&gt;5]" time="0.0004928112030029297"><skipped message="Suite splitting in effect" type="pytest.skip">src/pymortests/grid.py:289: Suite splitting in effect</skipped></testcase><testcase classname="src.pymortests.grid" file="src/pymortests/grid.py" line="289" name="test_neighbours_entry_values_unique[&lt;lambda&gt;6]" time="0.0006988048553466797"><skipped message="Suite splitting in effect" type="pytest.skip">src/pymortests/grid.py:289: Suite splitting in effect</skipped></testcase><testcase classname="src.pymortests.grid" file="src/pymortests/grid.py" line="289" name="test_neighbours_entry_values_unique[&lt;lambda&gt;7]" time="0.00045680999755859375"><skipped message="Suite splitting in effect" type="pytest.skip">src/pymortests/grid.py:289: Suite splitting in effect</skipped></testcase><testcase classname="src.pymortests.grid" file="src/pymortests/grid.py" line="289" name="test_neighbours_entry_values_unique[&lt;lambda&gt;8]" time="0.00042128562927246094"><skipped message="Suite splitting in effect" type="pytest.skip">src/pymortests/grid.py:289: Suite splitting in effect</skipped></testcase><testcase classname="src.pymortests.grid" file="src/pymortests/grid.py" line="289" name="test_neighbours_entry_values_unique[&lt;lambda&gt;9]" time="0.00043702125549316406"><skipped message="Suite splitting in effect" type="pytest.skip">src/pymortests/grid.py:289: Suite splitting in effect</skipped></testcase><testcase classname="src.pymortests.grid" file="src/pymortests/grid.py" line="289" name="test_neighbours_entry_values_unique[&lt;lambda&gt;10]" time="0.0004241466522216797"><skipped message="Suite splitting in effect" type="pytest.skip">src/pymortests/grid.py:289: Suite splitting in effect</skipped></testcase><testcase classname="src.pymortests.grid" file="src/pymortests/grid.py" line="289" name="test_neighbours_entry_values_unique[&lt;lambda&gt;11]" time="0.0004525184631347656"><skipped message="Suite splitting in effect" type="pytest.skip">src/pymortests/grid.py:289: Suite splitting in effect</skipped></testcase><testcase classname="src.pymortests.grid" file="src/pymortests/grid.py" line="289" name="test_neighbours_entry_values_unique[&lt;lambda&gt;12]" time="0.0005116462707519531"><skipped message="Suite splitting in effect" type="pytest.skip">src/pymortests/grid.py:289: Suite splitting in effect</skipped></testcase><testcase classname="src.pymortests.grid" file="src/pymortests/grid.py" line="289" name="test_neighbours_entry_values_unique[&lt;lambda&gt;13]" time="0.00046515464782714844"><skipped message="Suite splitting in effect" type="pytest.skip">src/pymortests/grid.py:289: Suite splitting in effect</skipped></testcase><testcase classname="src.pymortests.grid" file="src/pymortests/grid.py" line="289" name="test_neighbours_entry_values_unique[&lt;lambda&gt;14]" time="0.0007963180541992188"><skipped message="Suite splitting in effect" type="pytest.skip">src/pymortests/grid.py:289: Suite splitting in effect</skipped></testcase><testcase classname="src.pymortests.grid" file="src/pymortests/grid.py" line="289" name="test_neighbours_entry_values_unique[&lt;lambda&gt;15]" time="0.0004546642303466797"><skipped message="Suite splitting in effect" type="pytest.skip">src/pymortests/grid.py:289: Suite splitting in effect</skipped></testcase><testcase classname="src.pymortests.grid" file="src/pymortests/grid.py" line="289" name="test_neighbours_entry_values_unique[&lt;lambda&gt;16]" time="0.0004260540008544922"><skipped message="Suite splitting in effect" type="pytest.skip">src/pymortests/grid.py:289: Suite splitting in effect</skipped></testcase><testcase classname="src.pymortests.grid" file="src/pymortests/grid.py" line="289" name="test_neighbours_entry_values_unique[&lt;lambda&gt;17]" time="0.0004494190216064453"><skipped message="Suite splitting in effect" type="pytest.skip">src/pymortests/grid.py:289: Suite splitting in effect</skipped></testcase><testcase classname="src.pymortests.grid" file="src/pymortests/grid.py" line="289" name="test_neighbours_entry_values_unique[&lt;lambda&gt;18]" time="0.0005395412445068359"><skipped message="Suite splitting in effect" type="pytest.skip">src/pymortests/grid.py:289: Suite splitting in effect</skipped></testcase><testcase classname="src.pymortests.grid" file="src/pymortests/grid.py" line="289" name="test_neighbours_entry_values_unique[&lt;lambda&gt;19]" time="0.0005304813385009766"><skipped message="Suite splitting in effect" type="pytest.skip">src/pymortests/grid.py:289: Suite splitting in effect</skipped></testcase><testcase classname="src.pymortests.grid" file="src/pymortests/grid.py" line="289" name="test_neighbours_entry_values_unique[&lt;lambda&gt;20]" time="0.0004718303680419922"><skipped message="Suite splitting in effect" type="pytest.skip">src/pymortests/grid.py:289: Suite splitting in effect</skipped></testcase><testcase classname="src.pymortests.grid" file="src/pymortests/grid.py" line="289" name="test_neighbours_entry_values_unique[&lt;lambda&gt;21]" time="0.00046181678771972656"><skipped message="Suite splitting in effect" type="pytest.skip">src/pymortests/grid.py:289: Suite splitting in effect</skipped></testcase><testcase classname="src.pymortests.grid" file="src/pymortests/grid.py" line="289" name="test_neighbours_entry_values_unique[&lt;lambda&gt;22]" time="0.000732421875"><skipped message="Suite splitting in effect" type="pytest.skip">src/pymortests/grid.py:289: Suite splitting in effect</skipped></testcase><testcase classname="src.pymortests.grid" file="src/pymortests/grid.py" line="289" name="test_neighbours_entry_values_unique[&lt;lambda&gt;23]" time="0.00041675567626953125"><skipped message="Suite splitting in effect" type="pytest.skip">src/pymortests/grid.py:289: Suite splitting in effect</skipped></testcase><testcase classname="src.pymortests.grid" file="src/pymortests/grid.py" line="289" name="test_neighbours_entry_values_unique[&lt;lambda&gt;24]" time="0.00040841102600097656"><skipped message="Suite splitting in effect" type="pytest.skip">src/pymortests/grid.py:289: Suite splitting in effect</skipped></testcase><testcase classname="src.pymortests.grid" file="src/pymortests/grid.py" line="289" name="test_neighbours_entry_values_unique[&lt;lambda&gt;25]" time="0.00041961669921875"><skipped message="Suite splitting in effect" type="pytest.skip">src/pymortests/grid.py:289: Suite splitting in effect</skipped></testcase><testcase classname="src.pymortests.grid" file="src/pymortests/grid.py" line="289" name="test_neighbours_entry_values_unique[&lt;lambda&gt;26]" time="0.0004420280456542969"><skipped message="Suite splitting in effect" type="pytest.skip">src/pymortests/grid.py:289: Suite splitting in effect</skipped></testcase><testcase classname="src.pymortests.grid" file="src/pymortests/grid.py" line="289" name="test_neighbours_entry_values_unique[&lt;lambda&gt;27]" time="0.000431060791015625"><skipped message="Suite splitting in effect" type="pytest.skip">src/pymortests/grid.py:289: Suite splitting in effect</skipped></testcase><testcase classname="src.pymortests.grid" file="src/pymortests/grid.py" line="289" name="test_neighbours_entry_values_unique[&lt;lambda&gt;28]" time="0.00040841102600097656"><skipped message="Suite splitting in effect" type="pytest.skip">src/pymortests/grid.py:289: Suite splitting in effect</skipped></testcase><testcase classname="src.pymortests.grid" file="src/pymortests/grid.py" line="289" name="test_neighbours_entry_values_unique[&lt;lambda&gt;29]" time="0.0004534721374511719"><skipped message="Suite splitting in effect" type="pytest.skip">src/pymortests/grid.py:289: Suite splitting in effect</skipped></testcase><testcase classname="src.pymortests.grid" file="src/pymortests/grid.py" line="289" name="test_neighbours_entry_values_unique[&lt;lambda&gt;30]" time="0.0007863044738769531"><skipped message="Suite splitting in effect" type="pytest.skip">src/pymortests/grid.py:289: Suite splitting in effect</skipped></testcase><testcase classname="src.pymortests.grid" file="src/pymortests/grid.py" line="289" name="test_neighbours_entry_values_unique[&lt;lambda&gt;31]" time="0.0004341602325439453"><skipped message="Suite splitting in effect" type="pytest.skip">src/pymortests/grid.py:289: Suite splitting in effect</skipped></testcase><testcase classname="src.pymortests.grid" file="src/pymortests/grid.py" line="289" name="test_neighbours_entry_values_unique[&lt;lambda&gt;32]" time="0.0004367828369140625"><skipped message="Suite splitting in effect" type="pytest.skip">src/pymortests/grid.py:289: Suite splitting in effect</skipped></testcase><testcase classname="src.pymortests.grid" file="src/pymortests/grid.py" line="289" name="test_neighbours_entry_values_unique[&lt;lambda&gt;33]" time="0.00042700767517089844"><skipped message="Suite splitting in effect" type="pytest.skip">src/pymortests/grid.py:289: Suite splitting in effect</skipped></testcase><testcase classname="src.pymortests.grid" file="src/pymortests/grid.py" line="289" name="test_neighbours_entry_values_unique[&lt;lambda&gt;34]" time="0.0004143714904785156"><skipped message="Suite splitting in effect" type="pytest.skip">src/pymortests/grid.py:289: Suite splitting in effect</skipped></testcase><testcase classname="src.pymortests.grid" file="src/pymortests/grid.py" line="289" name="test_neighbours_entry_values_unique[&lt;lambda&gt;35]" time="0.0004258155822753906"><skipped message="Suite splitting in effect" type="pytest.skip">src/pymortests/grid.py:289: Suite splitting in effect</skipped></testcase><testcase classname="src.pymortests.grid" file="src/pymortests/grid.py" line="289" name="test_neighbours_entry_values_unique[&lt;lambda&gt;36]" time="0.00042319297790527344"><skipped message="Suite splitting in effect" type="pytest.skip">src/pymortests/grid.py:289: Suite splitting in effect</skipped></testcase><testcase classname="src.pymortests.grid" file="src/pymortests/grid.py" line="289" name="test_neighbours_entry_values_unique[&lt;lambda&gt;37]" time="0.00042247772216796875"><skipped message="Suite splitting in effect" type="pytest.skip">src/pymortests/grid.py:289: Suite splitting in effect</skipped></testcase><testcase classname="src.pymortests.grid" file="src/pymortests/grid.py" line="289" name="test_neighbours_entry_values_unique[&lt;lambda&gt;38]" time="0.00070953369140625"><skipped message="Suite splitting in effect" type="pytest.skip">src/pymortests/grid.py:289: Suite splitting in effect</skipped></testcase><testcase classname="src.pymortests.grid" file="src/pymortests/grid.py" line="289" name="test_neighbours_entry_values_unique[&lt;lambda&gt;39]" time="0.0004172325134277344"><skipped message="Suite splitting in effect" type="pytest.skip">src/pymortests/grid.py:289: Suite splitting in effect</skipped></testcase><testcase classname="src.pymortests.grid" file="src/pymortests/grid.py" line="289" name="test_neighbours_entry_values_unique[&lt;lambda&gt;40]" time="0.0004324913024902344"><skipped message="Suite splitting in effect" type="pytest.skip">src/pymortests/grid.py:289: Suite splitting in effect</skipped></testcase><testcase classname="src.pymortests.grid" file="src/pymortests/grid.py" line="289" name="test_neighbours_entry_values_unique[&lt;lambda&gt;41]" time="0.0004229545593261719"><skipped message="Suite splitting in effect" type="pytest.skip">src/pymortests/grid.py:289: Suite splitting in effect</skipped></testcase><testcase classname="src.pymortests.grid" file="src/pymortests/grid.py" line="289" name="test_neighbours_entry_values_unique[&lt;lambda&gt;42]" time="0.0004181861877441406"><skipped message="Suite splitting in effect" type="pytest.skip">src/pymortests/grid.py:289: Suite splitting in effect</skipped></testcase><testcase classname="src.pymortests.grid" file="src/pymortests/grid.py" line="298" name="test_neighbours_each_entry_neighbour[&lt;lambda&gt;0]" time="0.00041794776916503906"><skipped message="Suite splitting in effect" type="pytest.skip">src/pymortests/grid.py:298: Suite splitting in effect</skipped></testcase><testcase classname="src.pymortests.grid" file="src/pymortests/grid.py" line="298" name="test_neighbours_each_entry_neighbour[&lt;lambda&gt;1]" time="0.0004487037658691406"><skipped message="Suite splitting in effect" type="pytest.skip">src/pymortests/grid.py:298: Suite splitting in effect</skipped></testcase><testcase classname="src.pymortests.grid" file="src/pymortests/grid.py" line="298" name="test_neighbours_each_entry_neighbour[&lt;lambda&gt;2]" time="0.00045561790466308594"><skipped message="Suite splitting in effect" type="pytest.skip">src/pymortests/grid.py:298: Suite splitting in effect</skipped></testcase><testcase classname="src.pymortests.grid" file="src/pymortests/grid.py" line="298" name="test_neighbours_each_entry_neighbour[&lt;lambda&gt;3]" time="0.0007154941558837891"><skipped message="Suite splitting in effect" type="pytest.skip">src/pymortests/grid.py:298: Suite splitting in effect</skipped></testcase><testcase classname="src.pymortests.grid" file="src/pymortests/grid.py" line="298" name="test_neighbours_each_entry_neighbour[&lt;lambda&gt;4]" time="0.00043129920959472656"><skipped message="Suite splitting in effect" type="pytest.skip">src/pymortests/grid.py:298: Suite splitting in effect</skipped></testcase><testcase classname="src.pymortests.grid" file="src/pymortests/grid.py" line="298" name="test_neighbours_each_entry_neighbour[&lt;lambda&gt;5]" time="0.0004744529724121094"><skipped message="Suite splitting in effect" type="pytest.skip">src/pymortests/grid.py:298: Suite splitting in effect</skipped></testcase><testcase classname="src.pymortests.grid" file="src/pymortests/grid.py" line="298" name="test_neighbours_each_entry_neighbour[&lt;lambda&gt;6]" time="0.00040340423583984375"><skipped message="Suite splitting in effect" type="pytest.skip">src/pymortests/grid.py:298: Suite splitting in effect</skipped></testcase><testcase classname="src.pymortests.grid" file="src/pymortests/grid.py" line="298" name="test_neighbours_each_entry_neighbour[&lt;lambda&gt;7]" time="0.0004277229309082031"><skipped message="Suite splitting in effect" type="pytest.skip">src/pymortests/grid.py:298: Suite splitting in effect</skipped></testcase><testcase classname="src.pymortests.grid" file="src/pymortests/grid.py" line="298" name="test_neighbours_each_entry_neighbour[&lt;lambda&gt;8]" time="0.00045871734619140625"><skipped message="Suite splitting in effect" type="pytest.skip">src/pymortests/grid.py:298: Suite splitting in effect</skipped></testcase><testcase classname="src.pymortests.grid" file="src/pymortests/grid.py" line="298" name="test_neighbours_each_entry_neighbour[&lt;lambda&gt;9]" time="0.0004286766052246094"><skipped message="Suite splitting in effect" type="pytest.skip">src/pymortests/grid.py:298: Suite splitting in effect</skipped></testcase><testcase classname="src.pymortests.grid" file="src/pymortests/grid.py" line="298" name="test_neighbours_each_entry_neighbour[&lt;lambda&gt;10]" time="0.0004062652587890625"><skipped message="Suite splitting in effect" type="pytest.skip">src/pymortests/grid.py:298: Suite splitting in effect</skipped></testcase><testcase classname="src.pymortests.grid" file="src/pymortests/grid.py" line="298" name="test_neighbours_each_entry_neighbour[&lt;lambda&gt;11]" time="0.0007078647613525391"><skipped message="Suite splitting in effect" type="pytest.skip">src/pymortests/grid.py:298: Suite splitting in effect</skipped></testcase><testcase classname="src.pymortests.grid" file="src/pymortests/grid.py" line="298" name="test_neighbours_each_entry_neighbour[&lt;lambda&gt;12]" time="0.00041031837463378906"><skipped message="Suite splitting in effect" type="pytest.skip">src/pymortests/grid.py:298: Suite splitting in effect</skipped></testcase><testcase classname="src.pymortests.grid" file="src/pymortests/grid.py" line="298" name="test_neighbours_each_entry_neighbour[&lt;lambda&gt;13]" time="0.0004105567932128906"><skipped message="Suite splitting in effect" type="pytest.skip">src/pymortests/grid.py:298: Suite splitting in effect</skipped></testcase><testcase classname="src.pymortests.grid" file="src/pymortests/grid.py" line="298" name="test_neighbours_each_entry_neighbour[&lt;lambda&gt;14]" time="0.0004258155822753906"><skipped message="Suite splitting in effect" type="pytest.skip">src/pymortests/grid.py:298: Suite splitting in effect</skipped></testcase><testcase classname="src.pymortests.grid" file="src/pymortests/grid.py" line="298" name="test_neighbours_each_entry_neighbour[&lt;lambda&gt;15]" time="0.0004875659942626953"><skipped message="Suite splitting in effect" type="pytest.skip">src/pymortests/grid.py:298: Suite splitting in effect</skipped></testcase><testcase classname="src.pymortests.grid" file="src/pymortests/grid.py" line="298" name="test_neighbours_each_entry_neighbour[&lt;lambda&gt;16]" time="0.0004315376281738281"><skipped message="Suite splitting in effect" type="pytest.skip">src/pymortests/grid.py:298: Suite splitting in effect</skipped></testcase><testcase classname="src.pymortests.grid" file="src/pymortests/grid.py" line="298" name="test_neighbours_each_entry_neighbour[&lt;lambda&gt;17]" time="0.0004086494445800781"><skipped message="Suite splitting in effect" type="pytest.skip">src/pymortests/grid.py:298: Suite splitting in effect</skipped></testcase><testcase classname="src.pymortests.grid" file="src/pymortests/grid.py" line="298" name="test_neighbours_each_entry_neighbour[&lt;lambda&gt;18]" time="0.00043702125549316406"><skipped message="Suite splitting in effect" type="pytest.skip">src/pymortests/grid.py:298: Suite splitting in effect</skipped></testcase><testcase classname="src.pymortests.grid" file="src/pymortests/grid.py" line="298" name="test_neighbours_each_entry_neighbour[&lt;lambda&gt;19]" time="0.0008718967437744141"><skipped message="Suite splitting in effect" type="pytest.skip">src/pymortests/grid.py:298: Suite splitting in effect</skipped></testcase><testcase classname="src.pymortests.grid" file="src/pymortests/grid.py" line="298" name="test_neighbours_each_entry_neighbour[&lt;lambda&gt;20]" time="0.0004458427429199219"><skipped message="Suite splitting in effect" type="pytest.skip">src/pymortests/grid.py:298: Suite splitting in effect</skipped></testcase><testcase classname="src.pymortests.grid" file="src/pymortests/grid.py" line="298" name="test_neighbours_each_entry_neighbour[&lt;lambda&gt;21]" time="0.0004525184631347656"><skipped message="Suite splitting in effect" type="pytest.skip">src/pymortests/grid.py:298: Suite splitting in effect</skipped></testcase><testcase classname="src.pymortests.grid" file="src/pymortests/grid.py" line="298" name="test_neighbours_each_entry_neighbour[&lt;lambda&gt;22]" time="0.0004334449768066406"><skipped message="Suite splitting in effect" type="pytest.skip">src/pymortests/grid.py:298: Suite splitting in effect</skipped></testcase><testcase classname="src.pymortests.grid" file="src/pymortests/grid.py" line="298" name="test_neighbours_each_entry_neighbour[&lt;lambda&gt;23]" time="0.0004000663757324219"><skipped message="Suite splitting in effect" type="pytest.skip">src/pymortests/grid.py:298: Suite splitting in effect</skipped></testcase><testcase classname="src.pymortests.grid" file="src/pymortests/grid.py" line="298" name="test_neighbours_each_entry_neighbour[&lt;lambda&gt;24]" time="0.0004291534423828125"><skipped message="Suite splitting in effect" type="pytest.skip">src/pymortests/grid.py:298: Suite splitting in effect</skipped></testcase><testcase classname="src.pymortests.grid" file="src/pymortests/grid.py" line="298" name="test_neighbours_each_entry_neighbour[&lt;lambda&gt;25]" time="0.0004734992980957031"><skipped message="Suite splitting in effect" type="pytest.skip">src/pymortests/grid.py:298: Suite splitting in effect</skipped></testcase><testcase classname="src.pymortests.grid" file="src/pymortests/grid.py" line="298" name="test_neighbours_each_entry_neighbour[&lt;lambda&gt;26]" time="0.00048470497131347656"><skipped message="Suite splitting in effect" type="pytest.skip">src/pymortests/grid.py:298: Suite splitting in effect</skipped></testcase><testcase classname="src.pymortests.grid" file="src/pymortests/grid.py" line="298" name="test_neighbours_each_entry_neighbour[&lt;lambda&gt;27]" time="0.0007688999176025391"><skipped message="Suite splitting in effect" type="pytest.skip">src/pymortests/grid.py:298: Suite splitting in effect</skipped></testcase><testcase classname="src.pymortests.grid" file="src/pymortests/grid.py" line="298" name="test_neighbours_each_entry_neighbour[&lt;lambda&gt;28]" time="0.00045490264892578125"><skipped message="Suite splitting in effect" type="pytest.skip">src/pymortests/grid.py:298: Suite splitting in effect</skipped></testcase><testcase classname="src.pymortests.grid" file="src/pymortests/grid.py" line="298" name="test_neighbours_each_entry_neighbour[&lt;lambda&gt;29]" time="0.00044155120849609375"><skipped message="Suite splitting in effect" type="pytest.skip">src/pymortests/grid.py:298: Suite splitting in effect</skipped></testcase><testcase classname="src.pymortests.grid" file="src/pymortests/grid.py" line="298" name="test_neighbours_each_entry_neighbour[&lt;lambda&gt;30]" time="0.0004258155822753906"><skipped message="Suite splitting in effect" type="pytest.skip">src/pymortests/grid.py:298: Suite splitting in effect</skipped></testcase><testcase classname="src.pymortests.grid" file="src/pymortests/grid.py" line="298" name="test_neighbours_each_entry_neighbour[&lt;lambda&gt;31]" time="0.00043463706970214844"><skipped message="Suite splitting in effect" type="pytest.skip">src/pymortests/grid.py:298: Suite splitting in effect</skipped></testcase><testcase classname="src.pymortests.grid" file="src/pymortests/grid.py" line="298" name="test_neighbours_each_entry_neighbour[&lt;lambda&gt;32]" time="0.0004229545593261719"><skipped message="Suite splitting in effect" type="pytest.skip">src/pymortests/grid.py:298: Suite splitting in effect</skipped></testcase><testcase classname="src.pymortests.grid" file="src/pymortests/grid.py" line="298" name="test_neighbours_each_entry_neighbour[&lt;lambda&gt;33]" time="0.0004317760467529297"><skipped message="Suite splitting in effect" type="pytest.skip">src/pymortests/grid.py:298: Suite splitting in effect</skipped></testcase><testcase classname="src.pymortests.grid" file="src/pymortests/grid.py" line="298" name="test_neighbours_each_entry_neighbour[&lt;lambda&gt;34]" time="0.0004916191101074219"><skipped message="Suite splitting in effect" type="pytest.skip">src/pymortests/grid.py:298: Suite splitting in effect</skipped></testcase><testcase classname="src.pymortests.grid" file="src/pymortests/grid.py" line="298" name="test_neighbours_each_entry_neighbour[&lt;lambda&gt;35]" time="0.0007061958312988281"><skipped message="Suite splitting in effect" type="pytest.skip">src/pymortests/grid.py:298: Suite splitting in effect</skipped></testcase><testcase classname="src.pymortests.grid" file="src/pymortests/grid.py" line="298" name="test_neighbours_each_entry_neighbour[&lt;lambda&gt;36]" time="0.00040984153747558594"><skipped message="Suite splitting in effect" type="pytest.skip">src/pymortests/grid.py:298: Suite splitting in effect</skipped></testcase><testcase classname="src.pymortests.grid" file="src/pymortests/grid.py" line="298" name="test_neighbours_each_entry_neighbour[&lt;lambda&gt;37]" time="0.00043129920959472656"><skipped message="Suite splitting in effect" type="pytest.skip">src/pymortests/grid.py:298: Suite splitting in effect</skipped></testcase><testcase classname="src.pymortests.grid" file="src/pymortests/grid.py" line="298" name="test_neighbours_each_entry_neighbour[&lt;lambda&gt;38]" time="0.0004448890686035156"><skipped message="Suite splitting in effect" type="pytest.skip">src/pymortests/grid.py:298: Suite splitting in effect</skipped></testcase><testcase classname="src.pymortests.grid" file="src/pymortests/grid.py" line="298" name="test_neighbours_each_entry_neighbour[&lt;lambda&gt;39]" time="0.0004355907440185547"><skipped message="Suite splitting in effect" type="pytest.skip">src/pymortests/grid.py:298: Suite splitting in effect</skipped></testcase><testcase classname="src.pymortests.grid" file="src/pymortests/grid.py" line="298" name="test_neighbours_each_entry_neighbour[&lt;lambda&gt;40]" time="0.0004153251647949219"><skipped message="Suite splitting in effect" type="pytest.skip">src/pymortests/grid.py:298: Suite splitting in effect</skipped></testcase><testcase classname="src.pymortests.grid" file="src/pymortests/grid.py" line="298" name="test_neighbours_each_entry_neighbour[&lt;lambda&gt;41]" time="0.0004305839538574219"><skipped message="Suite splitting in effect" type="pytest.skip">src/pymortests/grid.py:298: Suite splitting in effect</skipped></testcase><testcase classname="src.pymortests.grid" file="src/pymortests/grid.py" line="298" name="test_neighbours_each_entry_neighbour[&lt;lambda&gt;42]" time="0.0004222393035888672"><skipped message="Suite splitting in effect" type="pytest.skip">src/pymortests/grid.py:298: Suite splitting in effect</skipped></testcase><testcase classname="src.pymortests.grid" file="src/pymortests/grid.py" line="314" name="test_neighbours_each_neighbour_has_entry[&lt;lambda&gt;0]" time="0.0007262229919433594"><skipped message="Suite splitting in effect" type="pytest.skip">src/pymortests/grid.py:314: Suite splitting in effect</skipped></testcase><testcase classname="src.pymortests.grid" file="src/pymortests/grid.py" line="314" name="test_neighbours_each_neighbour_has_entry[&lt;lambda&gt;1]" time="0.0004677772521972656"><skipped message="Suite splitting in effect" type="pytest.skip">src/pymortests/grid.py:314: Suite splitting in effect</skipped></testcase><testcase classname="src.pymortests.grid" file="src/pymortests/grid.py" line="314" name="test_neighbours_each_neighbour_has_entry[&lt;lambda&gt;2]" time="0.0004220008850097656"><skipped message="Suite splitting in effect" type="pytest.skip">src/pymortests/grid.py:314: Suite splitting in effect</skipped></testcase><testcase classname="src.pymortests.grid" file="src/pymortests/grid.py" line="314" name="test_neighbours_each_neighbour_has_entry[&lt;lambda&gt;3]" time="0.0004405975341796875"><skipped message="Suite splitting in effect" type="pytest.skip">src/pymortests/grid.py:314: Suite splitting in effect</skipped></testcase><testcase classname="src.pymortests.grid" file="src/pymortests/grid.py" line="314" name="test_neighbours_each_neighbour_has_entry[&lt;lambda&gt;4]" time="0.0004322528839111328"><skipped message="Suite splitting in effect" type="pytest.skip">src/pymortests/grid.py:314: Suite splitting in effect</skipped></testcase><testcase classname="src.pymortests.grid" file="src/pymortests/grid.py" line="314" name="test_neighbours_each_neighbour_has_entry[&lt;lambda&gt;5]" time="0.0004374980926513672"><skipped message="Suite splitting in effect" type="pytest.skip">src/pymortests/grid.py:314: Suite splitting in effect</skipped></testcase><testcase classname="src.pymortests.grid" file="src/pymortests/grid.py" line="314" name="test_neighbours_each_neighbour_has_entry[&lt;lambda&gt;6]" time="0.0004127025604248047"><skipped message="Suite splitting in effect" type="pytest.skip">src/pymortests/grid.py:314: Suite splitting in effect</skipped></testcase><testcase classname="src.pymortests.grid" file="src/pymortests/grid.py" line="314" name="test_neighbours_each_neighbour_has_entry[&lt;lambda&gt;7]" time="0.0004305839538574219"><skipped message="Suite splitting in effect" type="pytest.skip">src/pymortests/grid.py:314: Suite splitting in effect</skipped></testcase><testcase classname="src.pymortests.grid" file="src/pymortests/grid.py" line="314" name="test_neighbours_each_neighbour_has_entry[&lt;lambda&gt;8]" time="0.0007112026214599609"><skipped message="Suite splitting in effect" type="pytest.skip">src/pymortests/grid.py:314: Suite splitting in effect</skipped></testcase><testcase classname="src.pymortests.grid" file="src/pymortests/grid.py" line="314" name="test_neighbours_each_neighbour_has_entry[&lt;lambda&gt;9]" time="0.0004215240478515625"><skipped message="Suite splitting in effect" type="pytest.skip">src/pymortests/grid.py:314: Suite splitting in effect</skipped></testcase><testcase classname="src.pymortests.grid" file="src/pymortests/grid.py" line="314" name="test_neighbours_each_neighbour_has_entry[&lt;lambda&gt;10]" time="0.00045609474182128906"><skipped message="Suite splitting in effect" type="pytest.skip">src/pymortests/grid.py:314: Suite splitting in effect</skipped></testcase><testcase classname="src.pymortests.grid" file="src/pymortests/grid.py" line="314" name="test_neighbours_each_neighbour_has_entry[&lt;lambda&gt;11]" time="0.00043010711669921875"><skipped message="Suite splitting in effect" type="pytest.skip">src/pymortests/grid.py:314: Suite splitting in effect</skipped></testcase><testcase classname="src.pymortests.grid" file="src/pymortests/grid.py" line="314" name="test_neighbours_each_neighbour_has_entry[&lt;lambda&gt;12]" time="0.0004401206970214844"><skipped message="Suite splitting in effect" type="pytest.skip">src/pymortests/grid.py:314: Suite splitting in effect</skipped></testcase><testcase classname="src.pymortests.grid" file="src/pymortests/grid.py" line="314" name="test_neighbours_each_neighbour_has_entry[&lt;lambda&gt;13]" time="0.0004286766052246094"><skipped message="Suite splitting in effect" type="pytest.skip">src/pymortests/grid.py:314: Suite splitting in effect</skipped></testcase><testcase classname="src.pymortests.grid" file="src/pymortests/grid.py" line="314" name="test_neighbours_each_neighbour_has_entry[&lt;lambda&gt;14]" time="0.00045800209045410156"><skipped message="Suite splitting in effect" type="pytest.skip">src/pymortests/grid.py:314: Suite splitting in effect</skipped></testcase><testcase classname="src.pymortests.grid" file="src/pymortests/grid.py" line="314" name="test_neighbours_each_neighbour_has_entry[&lt;lambda&gt;15]" time="0.0004487037658691406"><skipped message="Suite splitting in effect" type="pytest.skip">src/pymortests/grid.py:314: Suite splitting in effect</skipped></testcase><testcase classname="src.pymortests.grid" file="src/pymortests/grid.py" line="314" name="test_neighbours_each_neighbour_has_entry[&lt;lambda&gt;16]" time="0.0007410049438476562"><skipped message="Suite splitting in effect" type="pytest.skip">src/pymortests/grid.py:314: Suite splitting in effect</skipped></testcase><testcase classname="src.pymortests.grid" file="src/pymortests/grid.py" line="314" name="test_neighbours_each_neighbour_has_entry[&lt;lambda&gt;17]" time="0.00041556358337402344"><skipped message="Suite splitting in effect" type="pytest.skip">src/pymortests/grid.py:314: Suite splitting in effect</skipped></testcase><testcase classname="src.pymortests.grid" file="src/pymortests/grid.py" line="314" name="test_neighbours_each_neighbour_has_entry[&lt;lambda&gt;18]" time="0.00044345855712890625"><skipped message="Suite splitting in effect" type="pytest.skip">src/pymortests/grid.py:314: Suite splitting in effect</skipped></testcase><testcase classname="src.pymortests.grid" file="src/pymortests/grid.py" line="314" name="test_neighbours_each_neighbour_has_entry[&lt;lambda&gt;19]" time="0.0004258155822753906"><skipped message="Suite splitting in effect" type="pytest.skip">src/pymortests/grid.py:314: Suite splitting in effect</skipped></testcase><testcase classname="src.pymortests.grid" file="src/pymortests/grid.py" line="314" name="test_neighbours_each_neighbour_has_entry[&lt;lambda&gt;20]" time="0.0004258155822753906"><skipped message="Suite splitting in effect" type="pytest.skip">src/pymortests/grid.py:314: Suite splitting in effect</skipped></testcase><testcase classname="src.pymortests.grid" file="src/pymortests/grid.py" line="314" name="test_neighbours_each_neighbour_has_entry[&lt;lambda&gt;21]" time="0.0004076957702636719"><skipped message="Suite splitting in effect" type="pytest.skip">src/pymortests/grid.py:314: Suite splitting in effect</skipped></testcase><testcase classname="src.pymortests.grid" file="src/pymortests/grid.py" line="314" name="test_neighbours_each_neighbour_has_entry[&lt;lambda&gt;22]" time="0.00048351287841796875"><skipped message="Suite splitting in effect" type="pytest.skip">src/pymortests/grid.py:314: Suite splitting in effect</skipped></testcase><testcase classname="src.pymortests.grid" file="src/pymortests/grid.py" line="314" name="test_neighbours_each_neighbour_has_entry[&lt;lambda&gt;23]" time="0.0004563331604003906"><skipped message="Suite splitting in effect" type="pytest.skip">src/pymortests/grid.py:314: Suite splitting in effect</skipped></testcase><testcase classname="src.pymortests.grid" file="src/pymortests/grid.py" line="314" name="test_neighbours_each_neighbour_has_entry[&lt;lambda&gt;24]" time="0.0007984638214111328"><skipped message="Suite splitting in effect" type="pytest.skip">src/pymortests/grid.py:314: Suite splitting in effect</skipped></testcase><testcase classname="src.pymortests.grid" file="src/pymortests/grid.py" line="314" name="test_neighbours_each_neighbour_has_entry[&lt;lambda&gt;25]" time="0.0004229545593261719"><skipped message="Suite splitting in effect" type="pytest.skip">src/pymortests/grid.py:314: Suite splitting in effect</skipped></testcase><testcase classname="src.pymortests.grid" file="src/pymortests/grid.py" line="314" name="test_neighbours_each_neighbour_has_entry[&lt;lambda&gt;26]" time="0.0004265308380126953"><skipped message="Suite splitting in effect" type="pytest.skip">src/pymortests/grid.py:314: Suite splitting in effect</skipped></testcase><testcase classname="src.pymortests.grid" file="src/pymortests/grid.py" line="314" name="test_neighbours_each_neighbour_has_entry[&lt;lambda&gt;27]" time="0.0004527568817138672"><skipped message="Suite splitting in effect" type="pytest.skip">src/pymortests/grid.py:314: Suite splitting in effect</skipped></testcase><testcase classname="src.pymortests.grid" file="src/pymortests/grid.py" line="314" name="test_neighbours_each_neighbour_has_entry[&lt;lambda&gt;28]" time="0.0004260540008544922"><skipped message="Suite splitting in effect" type="pytest.skip">src/pymortests/grid.py:314: Suite splitting in effect</skipped></testcase><testcase classname="src.pymortests.grid" file="src/pymortests/grid.py" line="314" name="test_neighbours_each_neighbour_has_entry[&lt;lambda&gt;29]" time="0.00044155120849609375"><skipped message="Suite splitting in effect" type="pytest.skip">src/pymortests/grid.py:314: Suite splitting in effect</skipped></testcase><testcase classname="src.pymortests.grid" file="src/pymortests/grid.py" line="314" name="test_neighbours_each_neighbour_has_entry[&lt;lambda&gt;30]" time="0.00042128562927246094"><skipped message="Suite splitting in effect" type="pytest.skip">src/pymortests/grid.py:314: Suite splitting in effect</skipped></testcase><testcase classname="src.pymortests.grid" file="src/pymortests/grid.py" line="314" name="test_neighbours_each_neighbour_has_entry[&lt;lambda&gt;31]" time="0.0004172325134277344"><skipped message="Suite splitting in effect" type="pytest.skip">src/pymortests/grid.py:314: Suite splitting in effect</skipped></testcase><testcase classname="src.pymortests.grid" file="src/pymortests/grid.py" line="314" name="test_neighbours_each_neighbour_has_entry[&lt;lambda&gt;32]" time="0.0007877349853515625"><skipped message="Suite splitting in effect" type="pytest.skip">src/pymortests/grid.py:314: Suite splitting in effect</skipped></testcase><testcase classname="src.pymortests.grid" file="src/pymortests/grid.py" line="314" name="test_neighbours_each_neighbour_has_entry[&lt;lambda&gt;33]" time="0.0004363059997558594"><skipped message="Suite splitting in effect" type="pytest.skip">src/pymortests/grid.py:314: Suite splitting in effect</skipped></testcase><testcase classname="src.pymortests.grid" file="src/pymortests/grid.py" line="314" name="test_neighbours_each_neighbour_has_entry[&lt;lambda&gt;34]" time="0.0004334449768066406"><skipped message="Suite splitting in effect" type="pytest.skip">src/pymortests/grid.py:314: Suite splitting in effect</skipped></testcase><testcase classname="src.pymortests.grid" file="src/pymortests/grid.py" line="314" name="test_neighbours_each_neighbour_has_entry[&lt;lambda&gt;35]" time="0.0004315376281738281"><skipped message="Suite splitting in effect" type="pytest.skip">src/pymortests/grid.py:314: Suite splitting in effect</skipped></testcase><testcase classname="src.pymortests.grid" file="src/pymortests/grid.py" line="314" name="test_neighbours_each_neighbour_has_entry[&lt;lambda&gt;36]" time="0.00044274330139160156"><skipped message="Suite splitting in effect" type="pytest.skip">src/pymortests/grid.py:314: Suite splitting in effect</skipped></testcase><testcase classname="src.pymortests.grid" file="src/pymortests/grid.py" line="314" name="test_neighbours_each_neighbour_has_entry[&lt;lambda&gt;37]" time="0.00041961669921875"><skipped message="Suite splitting in effect" type="pytest.skip">src/pymortests/grid.py:314: Suite splitting in effect</skipped></testcase><testcase classname="src.pymortests.grid" file="src/pymortests/grid.py" line="314" name="test_neighbours_each_neighbour_has_entry[&lt;lambda&gt;38]" time="0.00041961669921875"><skipped message="Suite splitting in effect" type="pytest.skip">src/pymortests/grid.py:314: Suite splitting in effect</skipped></testcase><testcase classname="src.pymortests.grid" file="src/pymortests/grid.py" line="314" name="test_neighbours_each_neighbour_has_entry[&lt;lambda&gt;39]" time="0.00042700767517089844"><skipped message="Suite splitting in effect" type="pytest.skip">src/pymortests/grid.py:314: Suite splitting in effect</skipped></testcase><testcase classname="src.pymortests.grid" file="src/pymortests/grid.py" line="314" name="test_neighbours_each_neighbour_has_entry[&lt;lambda&gt;40]" time="0.0007259845733642578"><skipped message="Suite splitting in effect" type="pytest.skip">src/pymortests/grid.py:314: Suite splitting in effect</skipped></testcase><testcase classname="src.pymortests.grid" file="src/pymortests/grid.py" line="314" name="test_neighbours_each_neighbour_has_entry[&lt;lambda&gt;41]" time="0.0004184246063232422"><skipped message="Suite splitting in effect" type="pytest.skip">src/pymortests/grid.py:314: Suite splitting in effect</skipped></testcase><testcase classname="src.pymortests.grid" file="src/pymortests/grid.py" line="314" name="test_neighbours_each_neighbour_has_entry[&lt;lambda&gt;42]" time="0.0004146099090576172"><skipped message="Suite splitting in effect" type="pytest.skip">src/pymortests/grid.py:314: Suite splitting in effect</skipped></testcase><testcase classname="src.pymortests.grid" file="src/pymortests/grid.py" line="335" name="test_neighbours_not_neighbour_of_itself[&lt;lambda&gt;0]" time="0.0004904270172119141"><skipped message="Suite splitting in effect" type="pytest.skip">src/pymortests/grid.py:335: Suite splitting in effect</skipped></testcase><testcase classname="src.pymortests.grid" file="src/pymortests/grid.py" line="335" name="test_neighbours_not_neighbour_of_itself[&lt;lambda&gt;1]" time="0.00042319297790527344"><skipped message="Suite splitting in effect" type="pytest.skip">src/pymortests/grid.py:335: Suite splitting in effect</skipped></testcase><testcase classname="src.pymortests.grid" file="src/pymortests/grid.py" line="335" name="test_neighbours_not_neighbour_of_itself[&lt;lambda&gt;2]" time="0.0004417896270751953"><skipped message="Suite splitting in effect" type="pytest.skip">src/pymortests/grid.py:335: Suite splitting in effect</skipped></testcase><testcase classname="src.pymortests.grid" file="src/pymortests/grid.py" line="335" name="test_neighbours_not_neighbour_of_itself[&lt;lambda&gt;3]" time="0.00042891502380371094"><skipped message="Suite splitting in effect" type="pytest.skip">src/pymortests/grid.py:335: Suite splitting in effect</skipped></testcase><testcase classname="src.pymortests.grid" file="src/pymortests/grid.py" line="335" name="test_neighbours_not_neighbour_of_itself[&lt;lambda&gt;4]" time="0.0004222393035888672"><skipped message="Suite splitting in effect" type="pytest.skip">src/pymortests/grid.py:335: Suite splitting in effect</skipped></testcase><testcase classname="src.pymortests.grid" file="src/pymortests/grid.py" line="335" name="test_neighbours_not_neighbour_of_itself[&lt;lambda&gt;5]" time="0.0007402896881103516"><skipped message="Suite splitting in effect" type="pytest.skip">src/pymortests/grid.py:335: Suite splitting in effect</skipped></testcase><testcase classname="src.pymortests.grid" file="src/pymortests/grid.py" line="335" name="test_neighbours_not_neighbour_of_itself[&lt;lambda&gt;6]" time="0.0004172325134277344"><skipped message="Suite splitting in effect" type="pytest.skip">src/pymortests/grid.py:335: Suite splitting in effect</skipped></testcase><testcase classname="src.pymortests.grid" file="src/pymortests/grid.py" line="335" name="test_neighbours_not_neighbour_of_itself[&lt;lambda&gt;7]" time="0.00042176246643066406"><skipped message="Suite splitting in effect" type="pytest.skip">src/pymortests/grid.py:335: Suite splitting in effect</skipped></testcase><testcase classname="src.pymortests.grid" file="src/pymortests/grid.py" line="335" name="test_neighbours_not_neighbour_of_itself[&lt;lambda&gt;8]" time="0.0004220008850097656"><skipped message="Suite splitting in effect" type="pytest.skip">src/pymortests/grid.py:335: Suite splitting in effect</skipped></testcase><testcase classname="src.pymortests.grid" file="src/pymortests/grid.py" line="335" name="test_neighbours_not_neighbour_of_itself[&lt;lambda&gt;9]" time="0.00042128562927246094"><skipped message="Suite splitting in effect" type="pytest.skip">src/pymortests/grid.py:335: Suite splitting in effect</skipped></testcase><testcase classname="src.pymortests.grid" file="src/pymortests/grid.py" line="335" name="test_neighbours_not_neighbour_of_itself[&lt;lambda&gt;10]" time="0.0004432201385498047"><skipped message="Suite splitting in effect" type="pytest.skip">src/pymortests/grid.py:335: Suite splitting in effect</skipped></testcase><testcase classname="src.pymortests.grid" file="src/pymortests/grid.py" line="335" name="test_neighbours_not_neighbour_of_itself[&lt;lambda&gt;11]" time="0.0004062652587890625"><skipped message="Suite splitting in effect" type="pytest.skip">src/pymortests/grid.py:335: Suite splitting in effect</skipped></testcase><testcase classname="src.pymortests.grid" file="src/pymortests/grid.py" line="335" name="test_neighbours_not_neighbour_of_itself[&lt;lambda&gt;12]" time="0.0004889965057373047"><skipped message="Suite splitting in effect" type="pytest.skip">src/pymortests/grid.py:335: Suite splitting in effect</skipped></testcase><testcase classname="src.pymortests.grid" file="src/pymortests/grid.py" line="335" name="test_neighbours_not_neighbour_of_itself[&lt;lambda&gt;13]" time="0.0007390975952148438"><skipped message="Suite splitting in effect" type="pytest.skip">src/pymortests/grid.py:335: Suite splitting in effect</skipped></testcase><testcase classname="src.pymortests.grid" file="src/pymortests/grid.py" line="335" name="test_neighbours_not_neighbour_of_itself[&lt;lambda&gt;14]" time="0.00042891502380371094"><skipped message="Suite splitting in effect" type="pytest.skip">src/pymortests/grid.py:335: Suite splitting in effect</skipped></testcase><testcase classname="src.pymortests.grid" file="src/pymortests/grid.py" line="335" name="test_neighbours_not_neighbour_of_itself[&lt;lambda&gt;15]" time="0.0004398822784423828"><skipped message="Suite splitting in effect" type="pytest.skip">src/pymortests/grid.py:335: Suite splitting in effect</skipped></testcase><testcase classname="src.pymortests.grid" file="src/pymortests/grid.py" line="335" name="test_neighbours_not_neighbour_of_itself[&lt;lambda&gt;16]" time="0.0005376338958740234"><skipped message="Suite splitting in effect" type="pytest.skip">src/pymortests/grid.py:335: Suite splitting in effect</skipped></testcase><testcase classname="src.pymortests.grid" file="src/pymortests/grid.py" line="335" name="test_neighbours_not_neighbour_of_itself[&lt;lambda&gt;17]" time="0.00045108795166015625"><skipped message="Suite splitting in effect" type="pytest.skip">src/pymortests/grid.py:335: Suite splitting in effect</skipped></testcase><testcase classname="src.pymortests.grid" file="src/pymortests/grid.py" line="335" name="test_neighbours_not_neighbour_of_itself[&lt;lambda&gt;18]" time="0.0004210472106933594"><skipped message="Suite splitting in effect" type="pytest.skip">src/pymortests/grid.py:335: Suite splitting in effect</skipped></testcase><testcase classname="src.pymortests.grid" file="src/pymortests/grid.py" line="335" name="test_neighbours_not_neighbour_of_itself[&lt;lambda&gt;19]" time="0.0004315376281738281"><skipped message="Suite splitting in effect" type="pytest.skip">src/pymortests/grid.py:335: Suite splitting in effect</skipped></testcase><testcase classname="src.pymortests.grid" file="src/pymortests/grid.py" line="335" name="test_neighbours_not_neighbour_of_itself[&lt;lambda&gt;20]" time="0.0004475116729736328"><skipped message="Suite splitting in effect" type="pytest.skip">src/pymortests/grid.py:335: Suite splitting in effect</skipped></testcase><testcase classname="src.pymortests.grid" file="src/pymortests/grid.py" line="335" name="test_neighbours_not_neighbour_of_itself[&lt;lambda&gt;21]" time="0.0007257461547851562"><skipped message="Suite splitting in effect" type="pytest.skip">src/pymortests/grid.py:335: Suite splitting in effect</skipped></testcase><testcase classname="src.pymortests.grid" file="src/pymortests/grid.py" line="335" name="test_neighbours_not_neighbour_of_itself[&lt;lambda&gt;22]" time="0.0004184246063232422"><skipped message="Suite splitting in effect" type="pytest.skip">src/pymortests/grid.py:335: Suite splitting in effect</skipped></testcase><testcase classname="src.pymortests.grid" file="src/pymortests/grid.py" line="335" name="test_neighbours_not_neighbour_of_itself[&lt;lambda&gt;23]" time="0.0004425048828125"><skipped message="Suite splitting in effect" type="pytest.skip">src/pymortests/grid.py:335: Suite splitting in effect</skipped></testcase><testcase classname="src.pymortests.grid" file="src/pymortests/grid.py" line="335" name="test_neighbours_not_neighbour_of_itself[&lt;lambda&gt;24]" time="0.00042557716369628906"><skipped message="Suite splitting in effect" type="pytest.skip">src/pymortests/grid.py:335: Suite splitting in effect</skipped></testcase><testcase classname="src.pymortests.grid" file="src/pymortests/grid.py" line="335" name="test_neighbours_not_neighbour_of_itself[&lt;lambda&gt;25]" time="0.0004475116729736328"><skipped message="Suite splitting in effect" type="pytest.skip">src/pymortests/grid.py:335: Suite splitting in effect</skipped></testcase><testcase classname="src.pymortests.grid" file="src/pymortests/grid.py" line="335" name="test_neighbours_not_neighbour_of_itself[&lt;lambda&gt;26]" time="0.0004494190216064453"><skipped message="Suite splitting in effect" type="pytest.skip">src/pymortests/grid.py:335: Suite splitting in effect</skipped></testcase><testcase classname="src.pymortests.grid" file="src/pymortests/grid.py" line="335" name="test_neighbours_not_neighbour_of_itself[&lt;lambda&gt;27]" time="0.0004153251647949219"><skipped message="Suite splitting in effect" type="pytest.skip">src/pymortests/grid.py:335: Suite splitting in effect</skipped></testcase><testcase classname="src.pymortests.grid" file="src/pymortests/grid.py" line="335" name="test_neighbours_not_neighbour_of_itself[&lt;lambda&gt;28]" time="0.0004432201385498047"><skipped message="Suite splitting in effect" type="pytest.skip">src/pymortests/grid.py:335: Suite splitting in effect</skipped></testcase><testcase classname="src.pymortests.grid" file="src/pymortests/grid.py" line="335" name="test_neighbours_not_neighbour_of_itself[&lt;lambda&gt;29]" time="0.0008893013000488281"><skipped message="Suite splitting in effect" type="pytest.skip">src/pymortests/grid.py:335: Suite splitting in effect</skipped></testcase><testcase classname="src.pymortests.grid" file="src/pymortests/grid.py" line="335" name="test_neighbours_not_neighbour_of_itself[&lt;lambda&gt;30]" time="0.0004413127899169922"><skipped message="Suite splitting in effect" type="pytest.skip">src/pymortests/grid.py:335: Suite splitting in effect</skipped></testcase><testcase classname="src.pymortests.grid" file="src/pymortests/grid.py" line="335" name="test_neighbours_not_neighbour_of_itself[&lt;lambda&gt;31]" time="0.0004150867462158203"><skipped message="Suite splitting in effect" type="pytest.skip">src/pymortests/grid.py:335: Suite splitting in effect</skipped></testcase><testcase classname="src.pymortests.grid" file="src/pymortests/grid.py" line="335" name="test_neighbours_not_neighbour_of_itself[&lt;lambda&gt;32]" time="0.0004291534423828125"><skipped message="Suite splitting in effect" type="pytest.skip">src/pymortests/grid.py:335: Suite splitting in effect</skipped></testcase><testcase classname="src.pymortests.grid" file="src/pymortests/grid.py" line="335" name="test_neighbours_not_neighbour_of_itself[&lt;lambda&gt;33]" time="0.0004277229309082031"><skipped message="Suite splitting in effect" type="pytest.skip">src/pymortests/grid.py:335: Suite splitting in effect</skipped></testcase><testcase classname="src.pymortests.grid" file="src/pymortests/grid.py" line="335" name="test_neighbours_not_neighbour_of_itself[&lt;lambda&gt;34]" time="0.0004172325134277344"><skipped message="Suite splitting in effect" type="pytest.skip">src/pymortests/grid.py:335: Suite splitting in effect</skipped></testcase><testcase classname="src.pymortests.grid" file="src/pymortests/grid.py" line="335" name="test_neighbours_not_neighbour_of_itself[&lt;lambda&gt;35]" time="0.0004322528839111328"><skipped message="Suite splitting in effect" type="pytest.skip">src/pymortests/grid.py:335: Suite splitting in effect</skipped></testcase><testcase classname="src.pymortests.grid" file="src/pymortests/grid.py" line="335" name="test_neighbours_not_neighbour_of_itself[&lt;lambda&gt;36]" time="0.0004391670227050781"><skipped message="Suite splitting in effect" type="pytest.skip">src/pymortests/grid.py:335: Suite splitting in effect</skipped></testcase><testcase classname="src.pymortests.grid" file="src/pymortests/grid.py" line="335" name="test_neighbours_not_neighbour_of_itself[&lt;lambda&gt;37]" time="0.0010690689086914062"><skipped message="Suite splitting in effect" type="pytest.skip">src/pymortests/grid.py:335: Suite splitting in effect</skipped></testcase><testcase classname="src.pymortests.grid" file="src/pymortests/grid.py" line="335" name="test_neighbours_not_neighbour_of_itself[&lt;lambda&gt;38]" time="0.0004315376281738281"><skipped message="Suite splitting in effect" type="pytest.skip">src/pymortests/grid.py:335: Suite splitting in effect</skipped></testcase><testcase classname="src.pymortests.grid" file="src/pymortests/grid.py" line="335" name="test_neighbours_not_neighbour_of_itself[&lt;lambda&gt;39]" time="0.0004353523254394531"><skipped message="Suite splitting in effect" type="pytest.skip">src/pymortests/grid.py:335: Suite splitting in effect</skipped></testcase><testcase classname="src.pymortests.grid" file="src/pymortests/grid.py" line="335" name="test_neighbours_not_neighbour_of_itself[&lt;lambda&gt;40]" time="0.0004451274871826172"><skipped message="Suite splitting in effect" type="pytest.skip">src/pymortests/grid.py:335: Suite splitting in effect</skipped></testcase><testcase classname="src.pymortests.grid" file="src/pymortests/grid.py" line="335" name="test_neighbours_not_neighbour_of_itself[&lt;lambda&gt;41]" time="0.0004506111145019531"><skipped message="Suite splitting in effect" type="pytest.skip">src/pymortests/grid.py:335: Suite splitting in effect</skipped></testcase><testcase classname="src.pymortests.grid" file="src/pymortests/grid.py" line="335" name="test_neighbours_not_neighbour_of_itself[&lt;lambda&gt;42]" time="0.0004107952117919922"><skipped message="Suite splitting in effect" type="pytest.skip">src/pymortests/grid.py:335: Suite splitting in effect</skipped></testcase><testcase classname="src.pymortests.grid" file="src/pymortests/grid.py" line="345" name="test_boundary_mask_wrong_arguments[&lt;lambda&gt;0]" time="0.00045108795166015625"><skipped message="Suite splitting in effect" type="pytest.skip">src/pymortests/grid.py:345: Suite splitting in effect</skipped></testcase><testcase classname="src.pymortests.grid" file="src/pymortests/grid.py" line="345" name="test_boundary_mask_wrong_arguments[&lt;lambda&gt;1]" time="0.0004184246063232422"><skipped message="Suite splitting in effect" type="pytest.skip">src/pymortests/grid.py:345: Suite splitting in effect</skipped></testcase><testcase classname="src.pymortests.grid" file="src/pymortests/grid.py" line="345" name="test_boundary_mask_wrong_arguments[&lt;lambda&gt;2]" time="0.0007545948028564453"><skipped message="Suite splitting in effect" type="pytest.skip">src/pymortests/grid.py:345: Suite splitting in effect</skipped></testcase><testcase classname="src.pymortests.grid" file="src/pymortests/grid.py" line="345" name="test_boundary_mask_wrong_arguments[&lt;lambda&gt;3]" time="0.0004324913024902344"><skipped message="Suite splitting in effect" type="pytest.skip">src/pymortests/grid.py:345: Suite splitting in effect</skipped></testcase><testcase classname="src.pymortests.grid" file="src/pymortests/grid.py" line="345" name="test_boundary_mask_wrong_arguments[&lt;lambda&gt;4]" time="0.0004146099090576172"><skipped message="Suite splitting in effect" type="pytest.skip">src/pymortests/grid.py:345: Suite splitting in effect</skipped></testcase><testcase classname="src.pymortests.grid" file="src/pymortests/grid.py" line="345" name="test_boundary_mask_wrong_arguments[&lt;lambda&gt;5]" time="0.00041985511779785156"><skipped message="Suite splitting in effect" type="pytest.skip">src/pymortests/grid.py:345: Suite splitting in effect</skipped></testcase><testcase classname="src.pymortests.grid" file="src/pymortests/grid.py" line="345" name="test_boundary_mask_wrong_arguments[&lt;lambda&gt;6]" time="0.0004203319549560547"><skipped message="Suite splitting in effect" type="pytest.skip">src/pymortests/grid.py:345: Suite splitting in effect</skipped></testcase><testcase classname="src.pymortests.grid" file="src/pymortests/grid.py" line="345" name="test_boundary_mask_wrong_arguments[&lt;lambda&gt;7]" time="0.00041031837463378906"><skipped message="Suite splitting in effect" type="pytest.skip">src/pymortests/grid.py:345: Suite splitting in effect</skipped></testcase><testcase classname="src.pymortests.grid" file="src/pymortests/grid.py" line="345" name="test_boundary_mask_wrong_arguments[&lt;lambda&gt;8]" time="0.0004210472106933594"><skipped message="Suite splitting in effect" type="pytest.skip">src/pymortests/grid.py:345: Suite splitting in effect</skipped></testcase><testcase classname="src.pymortests.grid" file="src/pymortests/grid.py" line="345" name="test_boundary_mask_wrong_arguments[&lt;lambda&gt;9]" time="0.00045371055603027344"><skipped message="Suite splitting in effect" type="pytest.skip">src/pymortests/grid.py:345: Suite splitting in effect</skipped></testcase><testcase classname="src.pymortests.grid" file="src/pymortests/grid.py" line="345" name="test_boundary_mask_wrong_arguments[&lt;lambda&gt;10]" time="0.0007207393646240234"><skipped message="Suite splitting in effect" type="pytest.skip">src/pymortests/grid.py:345: Suite splitting in effect</skipped></testcase><testcase classname="src.pymortests.grid" file="src/pymortests/grid.py" line="345" name="test_boundary_mask_wrong_arguments[&lt;lambda&gt;11]" time="0.0004191398620605469"><skipped message="Suite splitting in effect" type="pytest.skip">src/pymortests/grid.py:345: Suite splitting in effect</skipped></testcase><testcase classname="src.pymortests.grid" file="src/pymortests/grid.py" line="345" name="test_boundary_mask_wrong_arguments[&lt;lambda&gt;12]" time="0.00043129920959472656"><skipped message="Suite splitting in effect" type="pytest.skip">src/pymortests/grid.py:345: Suite splitting in effect</skipped></testcase><testcase classname="src.pymortests.grid" file="src/pymortests/grid.py" line="345" name="test_boundary_mask_wrong_arguments[&lt;lambda&gt;13]" time="0.00044417381286621094"><skipped message="Suite splitting in effect" type="pytest.skip">src/pymortests/grid.py:345: Suite splitting in effect</skipped></testcase><testcase classname="src.pymortests.grid" file="src/pymortests/grid.py" line="345" name="test_boundary_mask_wrong_arguments[&lt;lambda&gt;14]" time="0.0004291534423828125"><skipped message="Suite splitting in effect" type="pytest.skip">src/pymortests/grid.py:345: Suite splitting in effect</skipped></testcase><testcase classname="src.pymortests.grid" file="src/pymortests/grid.py" line="345" name="test_boundary_mask_wrong_arguments[&lt;lambda&gt;15]" time="0.0004210472106933594"><skipped message="Suite splitting in effect" type="pytest.skip">src/pymortests/grid.py:345: Suite splitting in effect</skipped></testcase><testcase classname="src.pymortests.grid" file="src/pymortests/grid.py" line="345" name="test_boundary_mask_wrong_arguments[&lt;lambda&gt;16]" time="0.00045013427734375"><skipped message="Suite splitting in effect" type="pytest.skip">src/pymortests/grid.py:345: Suite splitting in effect</skipped></testcase><testcase classname="src.pymortests.grid" file="src/pymortests/grid.py" line="345" name="test_boundary_mask_wrong_arguments[&lt;lambda&gt;17]" time="0.0004215240478515625"><skipped message="Suite splitting in effect" type="pytest.skip">src/pymortests/grid.py:345: Suite splitting in effect</skipped></testcase><testcase classname="src.pymortests.grid" file="src/pymortests/grid.py" line="345" name="test_boundary_mask_wrong_arguments[&lt;lambda&gt;18]" time="0.0007042884826660156"><skipped message="Suite splitting in effect" type="pytest.skip">src/pymortests/grid.py:345: Suite splitting in effect</skipped></testcase><testcase classname="src.pymortests.grid" file="src/pymortests/grid.py" line="345" name="test_boundary_mask_wrong_arguments[&lt;lambda&gt;19]" time="0.00041937828063964844"><skipped message="Suite splitting in effect" type="pytest.skip">src/pymortests/grid.py:345: Suite splitting in effect</skipped></testcase><testcase classname="src.pymortests.grid" file="src/pymortests/grid.py" line="345" name="test_boundary_mask_wrong_arguments[&lt;lambda&gt;20]" time="0.000457763671875"><skipped message="Suite splitting in effect" type="pytest.skip">src/pymortests/grid.py:345: Suite splitting in effect</skipped></testcase><testcase classname="src.pymortests.grid" file="src/pymortests/grid.py" line="345" name="test_boundary_mask_wrong_arguments[&lt;lambda&gt;21]" time="0.0004279613494873047"><skipped message="Suite splitting in effect" type="pytest.skip">src/pymortests/grid.py:345: Suite splitting in effect</skipped></testcase><testcase classname="src.pymortests.grid" file="src/pymortests/grid.py" line="345" name="test_boundary_mask_wrong_arguments[&lt;lambda&gt;22]" time="0.0004208087921142578"><skipped message="Suite splitting in effect" type="pytest.skip">src/pymortests/grid.py:345: Suite splitting in effect</skipped></testcase><testcase classname="src.pymortests.grid" file="src/pymortests/grid.py" line="345" name="test_boundary_mask_wrong_arguments[&lt;lambda&gt;23]" time="0.0004191398620605469"><skipped message="Suite splitting in effect" type="pytest.skip">src/pymortests/grid.py:345: Suite splitting in effect</skipped></testcase><testcase classname="src.pymortests.grid" file="src/pymortests/grid.py" line="345" name="test_boundary_mask_wrong_arguments[&lt;lambda&gt;24]" time="0.00042891502380371094"><skipped message="Suite splitting in effect" type="pytest.skip">src/pymortests/grid.py:345: Suite splitting in effect</skipped></testcase><testcase classname="src.pymortests.grid" file="src/pymortests/grid.py" line="345" name="test_boundary_mask_wrong_arguments[&lt;lambda&gt;25]" time="0.00042128562927246094"><skipped message="Suite splitting in effect" type="pytest.skip">src/pymortests/grid.py:345: Suite splitting in effect</skipped></testcase><testcase classname="src.pymortests.grid" file="src/pymortests/grid.py" line="345" name="test_boundary_mask_wrong_arguments[&lt;lambda&gt;26]" time="0.0007200241088867188"><skipped message="Suite splitting in effect" type="pytest.skip">src/pymortests/grid.py:345: Suite splitting in effect</skipped></testcase><testcase classname="src.pymortests.grid" file="src/pymortests/grid.py" line="345" name="test_boundary_mask_wrong_arguments[&lt;lambda&gt;27]" time="0.0004303455352783203"><skipped message="Suite splitting in effect" type="pytest.skip">src/pymortests/grid.py:345: Suite splitting in effect</skipped></testcase><testcase classname="src.pymortests.grid" file="src/pymortests/grid.py" line="345" name="test_boundary_mask_wrong_arguments[&lt;lambda&gt;28]" time="0.00040221214294433594"><skipped message="Suite splitting in effect" type="pytest.skip">src/pymortests/grid.py:345: Suite splitting in effect</skipped></testcase><testcase classname="src.pymortests.grid" file="src/pymortests/grid.py" line="345" name="test_boundary_mask_wrong_arguments[&lt;lambda&gt;29]" time="0.0004572868347167969"><skipped message="Suite splitting in effect" type="pytest.skip">src/pymortests/grid.py:345: Suite splitting in effect</skipped></testcase><testcase classname="src.pymortests.grid" file="src/pymortests/grid.py" line="345" name="test_boundary_mask_wrong_arguments[&lt;lambda&gt;30]" time="0.0004191398620605469"><skipped message="Suite splitting in effect" type="pytest.skip">src/pymortests/grid.py:345: Suite splitting in effect</skipped></testcase><testcase classname="src.pymortests.grid" file="src/pymortests/grid.py" line="345" name="test_boundary_mask_wrong_arguments[&lt;lambda&gt;31]" time="0.0004100799560546875"><skipped message="Suite splitting in effect" type="pytest.skip">src/pymortests/grid.py:345: Suite splitting in effect</skipped></testcase><testcase classname="src.pymortests.grid" file="src/pymortests/grid.py" line="345" name="test_boundary_mask_wrong_arguments[&lt;lambda&gt;32]" time="0.00042629241943359375"><skipped message="Suite splitting in effect" type="pytest.skip">src/pymortests/grid.py:345: Suite splitting in effect</skipped></testcase><testcase classname="src.pymortests.grid" file="src/pymortests/grid.py" line="345" name="test_boundary_mask_wrong_arguments[&lt;lambda&gt;33]" time="0.00041961669921875"><skipped message="Suite splitting in effect" type="pytest.skip">src/pymortests/grid.py:345: Suite splitting in effect</skipped></testcase><testcase classname="src.pymortests.grid" file="src/pymortests/grid.py" line="345" name="test_boundary_mask_wrong_arguments[&lt;lambda&gt;34]" time="0.0007462501525878906"><skipped message="Suite splitting in effect" type="pytest.skip">src/pymortests/grid.py:345: Suite splitting in effect</skipped></testcase><testcase classname="src.pymortests.grid" file="src/pymortests/grid.py" line="345" name="test_boundary_mask_wrong_arguments[&lt;lambda&gt;35]" time="0.00044345855712890625"><skipped message="Suite splitting in effect" type="pytest.skip">src/pymortests/grid.py:345: Suite splitting in effect</skipped></testcase><testcase classname="src.pymortests.grid" file="src/pymortests/grid.py" line="345" name="test_boundary_mask_wrong_arguments[&lt;lambda&gt;36]" time="0.0004532337188720703"><skipped message="Suite splitting in effect" type="pytest.skip">src/pymortests/grid.py:345: Suite splitting in effect</skipped></testcase><testcase classname="src.pymortests.grid" file="src/pymortests/grid.py" line="345" name="test_boundary_mask_wrong_arguments[&lt;lambda&gt;37]" time="0.0004508495330810547"><skipped message="Suite splitting in effect" type="pytest.skip">src/pymortests/grid.py:345: Suite splitting in effect</skipped></testcase><testcase classname="src.pymortests.grid" file="src/pymortests/grid.py" line="345" name="test_boundary_mask_wrong_arguments[&lt;lambda&gt;38]" time="0.00043845176696777344"><skipped message="Suite splitting in effect" type="pytest.skip">src/pymortests/grid.py:345: Suite splitting in effect</skipped></testcase><testcase classname="src.pymortests.grid" file="src/pymortests/grid.py" line="345" name="test_boundary_mask_wrong_arguments[&lt;lambda&gt;39]" time="0.0004413127899169922"><skipped message="Suite splitting in effect" type="pytest.skip">src/pymortests/grid.py:345: Suite splitting in effect</skipped></testcase><testcase classname="src.pymortests.grid" file="src/pymortests/grid.py" line="345" name="test_boundary_mask_wrong_arguments[&lt;lambda&gt;40]" time="0.00043654441833496094"><skipped message="Suite splitting in effect" type="pytest.skip">src/pymortests/grid.py:345: Suite splitting in effect</skipped></testcase><testcase classname="src.pymortests.grid" file="src/pymortests/grid.py" line="345" name="test_boundary_mask_wrong_arguments[&lt;lambda&gt;41]" time="0.0004227161407470703"><skipped message="Suite splitting in effect" type="pytest.skip">src/pymortests/grid.py:345: Suite splitting in effect</skipped></testcase><testcase classname="src.pymortests.grid" file="src/pymortests/grid.py" line="345" name="test_boundary_mask_wrong_arguments[&lt;lambda&gt;42]" time="0.0007455348968505859"><skipped message="Suite splitting in effect" type="pytest.skip">src/pymortests/grid.py:345: Suite splitting in effect</skipped></testcase><testcase classname="src.pymortests.grid" file="src/pymortests/grid.py" line="353" name="test_boundary_mask_shape[&lt;lambda&gt;0]" time="0.00042319297790527344"><skipped message="Suite splitting in effect" type="pytest.skip">src/pymortests/grid.py:353: Suite splitting in effect</skipped></testcase><testcase classname="src.pymortests.grid" file="src/pymortests/grid.py" line="353" name="test_boundary_mask_shape[&lt;lambda&gt;1]" time="0.0004253387451171875"><skipped message="Suite splitting in effect" type="pytest.skip">src/pymortests/grid.py:353: Suite splitting in effect</skipped></testcase><testcase classname="src.pymortests.grid" file="src/pymortests/grid.py" line="353" name="test_boundary_mask_shape[&lt;lambda&gt;2]" time="0.0004477500915527344"><skipped message="Suite splitting in effect" type="pytest.skip">src/pymortests/grid.py:353: Suite splitting in effect</skipped></testcase><testcase classname="src.pymortests.grid" file="src/pymortests/grid.py" line="353" name="test_boundary_mask_shape[&lt;lambda&gt;3]" time="0.0004181861877441406"><skipped message="Suite splitting in effect" type="pytest.skip">src/pymortests/grid.py:353: Suite splitting in effect</skipped></testcase><testcase classname="src.pymortests.grid" file="src/pymortests/grid.py" line="353" name="test_boundary_mask_shape[&lt;lambda&gt;4]" time="0.00041604042053222656"><skipped message="Suite splitting in effect" type="pytest.skip">src/pymortests/grid.py:353: Suite splitting in effect</skipped></testcase><testcase classname="src.pymortests.grid" file="src/pymortests/grid.py" line="353" name="test_boundary_mask_shape[&lt;lambda&gt;5]" time="0.0004086494445800781"><skipped message="Suite splitting in effect" type="pytest.skip">src/pymortests/grid.py:353: Suite splitting in effect</skipped></testcase><testcase classname="src.pymortests.grid" file="src/pymortests/grid.py" line="353" name="test_boundary_mask_shape[&lt;lambda&gt;6]" time="0.0004215240478515625"><skipped message="Suite splitting in effect" type="pytest.skip">src/pymortests/grid.py:353: Suite splitting in effect</skipped></testcase><testcase classname="src.pymortests.grid" file="src/pymortests/grid.py" line="353" name="test_boundary_mask_shape[&lt;lambda&gt;7]" time="0.0007262229919433594"><skipped message="Suite splitting in effect" type="pytest.skip">src/pymortests/grid.py:353: Suite splitting in effect</skipped></testcase><testcase classname="src.pymortests.grid" file="src/pymortests/grid.py" line="353" name="test_boundary_mask_shape[&lt;lambda&gt;8]" time="0.00041937828063964844"><skipped message="Suite splitting in effect" type="pytest.skip">src/pymortests/grid.py:353: Suite splitting in effect</skipped></testcase><testcase classname="src.pymortests.grid" file="src/pymortests/grid.py" line="353" name="test_boundary_mask_shape[&lt;lambda&gt;9]" time="0.0004165172576904297"><skipped message="Suite splitting in effect" type="pytest.skip">src/pymortests/grid.py:353: Suite splitting in effect</skipped></testcase><testcase classname="src.pymortests.grid" file="src/pymortests/grid.py" line="353" name="test_boundary_mask_shape[&lt;lambda&gt;10]" time="0.0004241466522216797"><skipped message="Suite splitting in effect" type="pytest.skip">src/pymortests/grid.py:353: Suite splitting in effect</skipped></testcase><testcase classname="src.pymortests.grid" file="src/pymortests/grid.py" line="353" name="test_boundary_mask_shape[&lt;lambda&gt;11]" time="0.00041961669921875"><skipped message="Suite splitting in effect" type="pytest.skip">src/pymortests/grid.py:353: Suite splitting in effect</skipped></testcase><testcase classname="src.pymortests.grid" file="src/pymortests/grid.py" line="353" name="test_boundary_mask_shape[&lt;lambda&gt;12]" time="0.00043129920959472656"><skipped message="Suite splitting in effect" type="pytest.skip">src/pymortests/grid.py:353: Suite splitting in effect</skipped></testcase><testcase classname="src.pymortests.grid" file="src/pymortests/grid.py" line="353" name="test_boundary_mask_shape[&lt;lambda&gt;13]" time="0.00042629241943359375"><skipped message="Suite splitting in effect" type="pytest.skip">src/pymortests/grid.py:353: Suite splitting in effect</skipped></testcase><testcase classname="src.pymortests.grid" file="src/pymortests/grid.py" line="353" name="test_boundary_mask_shape[&lt;lambda&gt;14]" time="0.00042128562927246094"><skipped message="Suite splitting in effect" type="pytest.skip">src/pymortests/grid.py:353: Suite splitting in effect</skipped></testcase><testcase classname="src.pymortests.grid" file="src/pymortests/grid.py" line="353" name="test_boundary_mask_shape[&lt;lambda&gt;15]" time="0.0007634162902832031"><skipped message="Suite splitting in effect" type="pytest.skip">src/pymortests/grid.py:353: Suite splitting in effect</skipped></testcase><testcase classname="src.pymortests.grid" file="src/pymortests/grid.py" line="353" name="test_boundary_mask_shape[&lt;lambda&gt;16]" time="0.0004189014434814453"><skipped message="Suite splitting in effect" type="pytest.skip">src/pymortests/grid.py:353: Suite splitting in effect</skipped></testcase><testcase classname="src.pymortests.grid" file="src/pymortests/grid.py" line="353" name="test_boundary_mask_shape[&lt;lambda&gt;17]" time="0.00041365623474121094"><skipped message="Suite splitting in effect" type="pytest.skip">src/pymortests/grid.py:353: Suite splitting in effect</skipped></testcase><testcase classname="src.pymortests.grid" file="src/pymortests/grid.py" line="353" name="test_boundary_mask_shape[&lt;lambda&gt;18]" time="0.00045561790466308594"><skipped message="Suite splitting in effect" type="pytest.skip">src/pymortests/grid.py:353: Suite splitting in effect</skipped></testcase><testcase classname="src.pymortests.grid" file="src/pymortests/grid.py" line="353" name="test_boundary_mask_shape[&lt;lambda&gt;19]" time="0.0004475116729736328"><skipped message="Suite splitting in effect" type="pytest.skip">src/pymortests/grid.py:353: Suite splitting in effect</skipped></testcase><testcase classname="src.pymortests.grid" file="src/pymortests/grid.py" line="353" name="test_boundary_mask_shape[&lt;lambda&gt;20]" time="0.00042891502380371094"><skipped message="Suite splitting in effect" type="pytest.skip">src/pymortests/grid.py:353: Suite splitting in effect</skipped></testcase><testcase classname="src.pymortests.grid" file="src/pymortests/grid.py" line="353" name="test_boundary_mask_shape[&lt;lambda&gt;21]" time="0.00042247772216796875"><skipped message="Suite splitting in effect" type="pytest.skip">src/pymortests/grid.py:353: Suite splitting in effect</skipped></testcase><testcase classname="src.pymortests.grid" file="src/pymortests/grid.py" line="353" name="test_boundary_mask_shape[&lt;lambda&gt;22]" time="0.00040841102600097656"><skipped message="Suite splitting in effect" type="pytest.skip">src/pymortests/grid.py:353: Suite splitting in effect</skipped></testcase><testcase classname="src.pymortests.grid" file="src/pymortests/grid.py" line="353" name="test_boundary_mask_shape[&lt;lambda&gt;23]" time="0.0007226467132568359"><skipped message="Suite splitting in effect" type="pytest.skip">src/pymortests/grid.py:353: Suite splitting in effect</skipped></testcase><testcase classname="src.pymortests.grid" file="src/pymortests/grid.py" line="353" name="test_boundary_mask_shape[&lt;lambda&gt;24]" time="0.0004189014434814453"><skipped message="Suite splitting in effect" type="pytest.skip">src/pymortests/grid.py:353: Suite splitting in effect</skipped></testcase><testcase classname="src.pymortests.grid" file="src/pymortests/grid.py" line="353" name="test_boundary_mask_shape[&lt;lambda&gt;25]" time="0.0004241466522216797"><skipped message="Suite splitting in effect" type="pytest.skip">src/pymortests/grid.py:353: Suite splitting in effect</skipped></testcase><testcase classname="src.pymortests.grid" file="src/pymortests/grid.py" line="353" name="test_boundary_mask_shape[&lt;lambda&gt;26]" time="0.00042510032653808594"><skipped message="Suite splitting in effect" type="pytest.skip">src/pymortests/grid.py:353: Suite splitting in effect</skipped></testcase><testcase classname="src.pymortests.grid" file="src/pymortests/grid.py" line="353" name="test_boundary_mask_shape[&lt;lambda&gt;27]" time="0.0004298686981201172"><skipped message="Suite splitting in effect" type="pytest.skip">src/pymortests/grid.py:353: Suite splitting in effect</skipped></testcase><testcase classname="src.pymortests.grid" file="src/pymortests/grid.py" line="353" name="test_boundary_mask_shape[&lt;lambda&gt;28]" time="0.0004062652587890625"><skipped message="Suite splitting in effect" type="pytest.skip">src/pymortests/grid.py:353: Suite splitting in effect</skipped></testcase><testcase classname="src.pymortests.grid" file="src/pymortests/grid.py" line="353" name="test_boundary_mask_shape[&lt;lambda&gt;29]" time="0.0004215240478515625"><skipped message="Suite splitting in effect" type="pytest.skip">src/pymortests/grid.py:353: Suite splitting in effect</skipped></testcase><testcase classname="src.pymortests.grid" file="src/pymortests/grid.py" line="353" name="test_boundary_mask_shape[&lt;lambda&gt;30]" time="0.0004277229309082031"><skipped message="Suite splitting in effect" type="pytest.skip">src/pymortests/grid.py:353: Suite splitting in effect</skipped></testcase><testcase classname="src.pymortests.grid" file="src/pymortests/grid.py" line="353" name="test_boundary_mask_shape[&lt;lambda&gt;31]" time="0.0007281303405761719"><skipped message="Suite splitting in effect" type="pytest.skip">src/pymortests/grid.py:353: Suite splitting in effect</skipped></testcase><testcase classname="src.pymortests.grid" file="src/pymortests/grid.py" line="353" name="test_boundary_mask_shape[&lt;lambda&gt;32]" time="0.0004100799560546875"><skipped message="Suite splitting in effect" type="pytest.skip">src/pymortests/grid.py:353: Suite splitting in effect</skipped></testcase><testcase classname="src.pymortests.grid" file="src/pymortests/grid.py" line="353" name="test_boundary_mask_shape[&lt;lambda&gt;33]" time="0.00041794776916503906"><skipped message="Suite splitting in effect" type="pytest.skip">src/pymortests/grid.py:353: Suite splitting in effect</skipped></testcase><testcase classname="src.pymortests.grid" file="src/pymortests/grid.py" line="353" name="test_boundary_mask_shape[&lt;lambda&gt;34]" time="0.0004181861877441406"><skipped message="Suite splitting in effect" type="pytest.skip">src/pymortests/grid.py:353: Suite splitting in effect</skipped></testcase><testcase classname="src.pymortests.grid" file="src/pymortests/grid.py" line="353" name="test_boundary_mask_shape[&lt;lambda&gt;35]" time="0.0004265308380126953"><skipped message="Suite splitting in effect" type="pytest.skip">src/pymortests/grid.py:353: Suite splitting in effect</skipped></testcase><testcase classname="src.pymortests.grid" file="src/pymortests/grid.py" line="353" name="test_boundary_mask_shape[&lt;lambda&gt;36]" time="0.00041794776916503906"><skipped message="Suite splitting in effect" type="pytest.skip">src/pymortests/grid.py:353: Suite splitting in effect</skipped></testcase><testcase classname="src.pymortests.grid" file="src/pymortests/grid.py" line="353" name="test_boundary_mask_shape[&lt;lambda&gt;37]" time="0.0004203319549560547"><skipped message="Suite splitting in effect" type="pytest.skip">src/pymortests/grid.py:353: Suite splitting in effect</skipped></testcase><testcase classname="src.pymortests.grid" file="src/pymortests/grid.py" line="353" name="test_boundary_mask_shape[&lt;lambda&gt;38]" time="0.0004189014434814453"><skipped message="Suite splitting in effect" type="pytest.skip">src/pymortests/grid.py:353: Suite splitting in effect</skipped></testcase><testcase classname="src.pymortests.grid" file="src/pymortests/grid.py" line="353" name="test_boundary_mask_shape[&lt;lambda&gt;39]" time="0.0008952617645263672"><skipped message="Suite splitting in effect" type="pytest.skip">src/pymortests/grid.py:353: Suite splitting in effect</skipped></testcase><testcase classname="src.pymortests.grid" file="src/pymortests/grid.py" line="353" name="test_boundary_mask_shape[&lt;lambda&gt;40]" time="0.00042128562927246094"><skipped message="Suite splitting in effect" type="pytest.skip">src/pymortests/grid.py:353: Suite splitting in effect</skipped></testcase><testcase classname="src.pymortests.grid" file="src/pymortests/grid.py" line="353" name="test_boundary_mask_shape[&lt;lambda&gt;41]" time="0.00041961669921875"><skipped message="Suite splitting in effect" type="pytest.skip">src/pymortests/grid.py:353: Suite splitting in effect</skipped></testcase><testcase classname="src.pymortests.grid" file="src/pymortests/grid.py" line="353" name="test_boundary_mask_shape[&lt;lambda&gt;42]" time="0.0004379749298095703"><skipped message="Suite splitting in effect" type="pytest.skip">src/pymortests/grid.py:353: Suite splitting in effect</skipped></testcase><testcase classname="src.pymortests.grid" file="src/pymortests/grid.py" line="359" name="test_boundary_mask_dtype[&lt;lambda&gt;0]" time="0.00041556358337402344"><skipped message="Suite splitting in effect" type="pytest.skip">src/pymortests/grid.py:359: Suite splitting in effect</skipped></testcase><testcase classname="src.pymortests.grid" file="src/pymortests/grid.py" line="359" name="test_boundary_mask_dtype[&lt;lambda&gt;1]" time="0.00042319297790527344"><skipped message="Suite splitting in effect" type="pytest.skip">src/pymortests/grid.py:359: Suite splitting in effect</skipped></testcase><testcase classname="src.pymortests.grid" file="src/pymortests/grid.py" line="359" name="test_boundary_mask_dtype[&lt;lambda&gt;2]" time="0.0004169940948486328"><skipped message="Suite splitting in effect" type="pytest.skip">src/pymortests/grid.py:359: Suite splitting in effect</skipped></testcase><testcase classname="src.pymortests.grid" file="src/pymortests/grid.py" line="359" name="test_boundary_mask_dtype[&lt;lambda&gt;3]" time="0.0004642009735107422"><skipped message="Suite splitting in effect" type="pytest.skip">src/pymortests/grid.py:359: Suite splitting in effect</skipped></testcase><testcase classname="src.pymortests.grid" file="src/pymortests/grid.py" line="359" name="test_boundary_mask_dtype[&lt;lambda&gt;4]" time="0.0007216930389404297"><skipped message="Suite splitting in effect" type="pytest.skip">src/pymortests/grid.py:359: Suite splitting in effect</skipped></testcase><testcase classname="src.pymortests.grid" file="src/pymortests/grid.py" line="359" name="test_boundary_mask_dtype[&lt;lambda&gt;5]" time="0.0004200935363769531"><skipped message="Suite splitting in effect" type="pytest.skip">src/pymortests/grid.py:359: Suite splitting in effect</skipped></testcase><testcase classname="src.pymortests.grid" file="src/pymortests/grid.py" line="359" name="test_boundary_mask_dtype[&lt;lambda&gt;6]" time="0.0004520416259765625"><skipped message="Suite splitting in effect" type="pytest.skip">src/pymortests/grid.py:359: Suite splitting in effect</skipped></testcase><testcase classname="src.pymortests.grid" file="src/pymortests/grid.py" line="359" name="test_boundary_mask_dtype[&lt;lambda&gt;7]" time="0.0004527568817138672"><skipped message="Suite splitting in effect" type="pytest.skip">src/pymortests/grid.py:359: Suite splitting in effect</skipped></testcase><testcase classname="src.pymortests.grid" file="src/pymortests/grid.py" line="359" name="test_boundary_mask_dtype[&lt;lambda&gt;8]" time="0.00040841102600097656"><skipped message="Suite splitting in effect" type="pytest.skip">src/pymortests/grid.py:359: Suite splitting in effect</skipped></testcase><testcase classname="src.pymortests.grid" file="src/pymortests/grid.py" line="359" name="test_boundary_mask_dtype[&lt;lambda&gt;9]" time="0.00043320655822753906"><skipped message="Suite splitting in effect" type="pytest.skip">src/pymortests/grid.py:359: Suite splitting in effect</skipped></testcase><testcase classname="src.pymortests.grid" file="src/pymortests/grid.py" line="359" name="test_boundary_mask_dtype[&lt;lambda&gt;10]" time="0.0004215240478515625"><skipped message="Suite splitting in effect" type="pytest.skip">src/pymortests/grid.py:359: Suite splitting in effect</skipped></testcase><testcase classname="src.pymortests.grid" file="src/pymortests/grid.py" line="359" name="test_boundary_mask_dtype[&lt;lambda&gt;11]" time="0.0004284381866455078"><skipped message="Suite splitting in effect" type="pytest.skip">src/pymortests/grid.py:359: Suite splitting in effect</skipped></testcase><testcase classname="src.pymortests.grid" file="src/pymortests/grid.py" line="359" name="test_boundary_mask_dtype[&lt;lambda&gt;12]" time="0.0007162094116210938"><skipped message="Suite splitting in effect" type="pytest.skip">src/pymortests/grid.py:359: Suite splitting in effect</skipped></testcase><testcase classname="src.pymortests.grid" file="src/pymortests/grid.py" line="359" name="test_boundary_mask_dtype[&lt;lambda&gt;13]" time="0.00040650367736816406"><skipped message="Suite splitting in effect" type="pytest.skip">src/pymortests/grid.py:359: Suite splitting in effect</skipped></testcase><testcase classname="src.pymortests.grid" file="src/pymortests/grid.py" line="359" name="test_boundary_mask_dtype[&lt;lambda&gt;14]" time="0.00044083595275878906"><skipped message="Suite splitting in effect" type="pytest.skip">src/pymortests/grid.py:359: Suite splitting in effect</skipped></testcase><testcase classname="src.pymortests.grid" file="src/pymortests/grid.py" line="359" name="test_boundary_mask_dtype[&lt;lambda&gt;15]" time="0.00041866302490234375"><skipped message="Suite splitting in effect" type="pytest.skip">src/pymortests/grid.py:359: Suite splitting in effect</skipped></testcase><testcase classname="src.pymortests.grid" file="src/pymortests/grid.py" line="359" name="test_boundary_mask_dtype[&lt;lambda&gt;16]" time="0.0004305839538574219"><skipped message="Suite splitting in effect" type="pytest.skip">src/pymortests/grid.py:359: Suite splitting in effect</skipped></testcase><testcase classname="src.pymortests.grid" file="src/pymortests/grid.py" line="359" name="test_boundary_mask_dtype[&lt;lambda&gt;17]" time="0.0005202293395996094"><skipped message="Suite splitting in effect" type="pytest.skip">src/pymortests/grid.py:359: Suite splitting in effect</skipped></testcase><testcase classname="src.pymortests.grid" file="src/pymortests/grid.py" line="359" name="test_boundary_mask_dtype[&lt;lambda&gt;18]" time="0.0005121231079101562"><skipped message="Suite splitting in effect" type="pytest.skip">src/pymortests/grid.py:359: Suite splitting in effect</skipped></testcase><testcase classname="src.pymortests.grid" file="src/pymortests/grid.py" line="359" name="test_boundary_mask_dtype[&lt;lambda&gt;19]" time="0.00042510032653808594"><skipped message="Suite splitting in effect" type="pytest.skip">src/pymortests/grid.py:359: Suite splitting in effect</skipped></testcase><testcase classname="src.pymortests.grid" file="src/pymortests/grid.py" line="359" name="test_boundary_mask_dtype[&lt;lambda&gt;20]" time="0.0007028579711914062"><skipped message="Suite splitting in effect" type="pytest.skip">src/pymortests/grid.py:359: Suite splitting in effect</skipped></testcase><testcase classname="src.pymortests.grid" file="src/pymortests/grid.py" line="359" name="test_boundary_mask_dtype[&lt;lambda&gt;21]" time="0.0004177093505859375"><skipped message="Suite splitting in effect" type="pytest.skip">src/pymortests/grid.py:359: Suite splitting in effect</skipped></testcase><testcase classname="src.pymortests.grid" file="src/pymortests/grid.py" line="359" name="test_boundary_mask_dtype[&lt;lambda&gt;22]" time="0.000423431396484375"><skipped message="Suite splitting in effect" type="pytest.skip">src/pymortests/grid.py:359: Suite splitting in effect</skipped></testcase><testcase classname="src.pymortests.grid" file="src/pymortests/grid.py" line="359" name="test_boundary_mask_dtype[&lt;lambda&gt;23]" time="0.00042366981506347656"><skipped message="Suite splitting in effect" type="pytest.skip">src/pymortests/grid.py:359: Suite splitting in effect</skipped></testcase><testcase classname="src.pymortests.grid" file="src/pymortests/grid.py" line="359" name="test_boundary_mask_dtype[&lt;lambda&gt;24]" time="0.00042128562927246094"><skipped message="Suite splitting in effect" type="pytest.skip">src/pymortests/grid.py:359: Suite splitting in effect</skipped></testcase><testcase classname="src.pymortests.grid" file="src/pymortests/grid.py" line="359" name="test_boundary_mask_dtype[&lt;lambda&gt;25]" time="0.00040411949157714844"><skipped message="Suite splitting in effect" type="pytest.skip">src/pymortests/grid.py:359: Suite splitting in effect</skipped></testcase><testcase classname="src.pymortests.grid" file="src/pymortests/grid.py" line="359" name="test_boundary_mask_dtype[&lt;lambda&gt;26]" time="0.0004222393035888672"><skipped message="Suite splitting in effect" type="pytest.skip">src/pymortests/grid.py:359: Suite splitting in effect</skipped></testcase><testcase classname="src.pymortests.grid" file="src/pymortests/grid.py" line="359" name="test_boundary_mask_dtype[&lt;lambda&gt;27]" time="0.00041985511779785156"><skipped message="Suite splitting in effect" type="pytest.skip">src/pymortests/grid.py:359: Suite splitting in effect</skipped></testcase><testcase classname="src.pymortests.grid" file="src/pymortests/grid.py" line="359" name="test_boundary_mask_dtype[&lt;lambda&gt;28]" time="0.0006842613220214844"><skipped message="Suite splitting in effect" type="pytest.skip">src/pymortests/grid.py:359: Suite splitting in effect</skipped></testcase><testcase classname="src.pymortests.grid" file="src/pymortests/grid.py" line="359" name="test_boundary_mask_dtype[&lt;lambda&gt;29]" time="0.0005044937133789062"><skipped message="Suite splitting in effect" type="pytest.skip">src/pymortests/grid.py:359: Suite splitting in effect</skipped></testcase><testcase classname="src.pymortests.grid" file="src/pymortests/grid.py" line="359" name="test_boundary_mask_dtype[&lt;lambda&gt;30]" time="0.0004863739013671875"><skipped message="Suite splitting in effect" type="pytest.skip">src/pymortests/grid.py:359: Suite splitting in effect</skipped></testcase><testcase classname="src.pymortests.grid" file="src/pymortests/grid.py" line="359" name="test_boundary_mask_dtype[&lt;lambda&gt;31]" time="0.0004189014434814453"><skipped message="Suite splitting in effect" type="pytest.skip">src/pymortests/grid.py:359: Suite splitting in effect</skipped></testcase><testcase classname="src.pymortests.grid" file="src/pymortests/grid.py" line="359" name="test_boundary_mask_dtype[&lt;lambda&gt;32]" time="0.00042438507080078125"><skipped message="Suite splitting in effect" type="pytest.skip">src/pymortests/grid.py:359: Suite splitting in effect</skipped></testcase><testcase classname="src.pymortests.grid" file="src/pymortests/grid.py" line="359" name="test_boundary_mask_dtype[&lt;lambda&gt;33]" time="0.000423431396484375"><skipped message="Suite splitting in effect" type="pytest.skip">src/pymortests/grid.py:359: Suite splitting in effect</skipped></testcase><testcase classname="src.pymortests.grid" file="src/pymortests/grid.py" line="359" name="test_boundary_mask_dtype[&lt;lambda&gt;34]" time="0.0004279613494873047"><skipped message="Suite splitting in effect" type="pytest.skip">src/pymortests/grid.py:359: Suite splitting in effect</skipped></testcase><testcase classname="src.pymortests.grid" file="src/pymortests/grid.py" line="359" name="test_boundary_mask_dtype[&lt;lambda&gt;35]" time="0.0004334449768066406"><skipped message="Suite splitting in effect" type="pytest.skip">src/pymortests/grid.py:359: Suite splitting in effect</skipped></testcase><testcase classname="src.pymortests.grid" file="src/pymortests/grid.py" line="359" name="test_boundary_mask_dtype[&lt;lambda&gt;36]" time="0.0007724761962890625"><skipped message="Suite splitting in effect" type="pytest.skip">src/pymortests/grid.py:359: Suite splitting in effect</skipped></testcase><testcase classname="src.pymortests.grid" file="src/pymortests/grid.py" line="359" name="test_boundary_mask_dtype[&lt;lambda&gt;37]" time="0.00046443939208984375"><skipped message="Suite splitting in effect" type="pytest.skip">src/pymortests/grid.py:359: Suite splitting in effect</skipped></testcase><testcase classname="src.pymortests.grid" file="src/pymortests/grid.py" line="359" name="test_boundary_mask_dtype[&lt;lambda&gt;38]" time="0.0004334449768066406"><skipped message="Suite splitting in effect" type="pytest.skip">src/pymortests/grid.py:359: Suite splitting in effect</skipped></testcase><testcase classname="src.pymortests.grid" file="src/pymortests/grid.py" line="359" name="test_boundary_mask_dtype[&lt;lambda&gt;39]" time="0.00041794776916503906"><skipped message="Suite splitting in effect" type="pytest.skip">src/pymortests/grid.py:359: Suite splitting in effect</skipped></testcase><testcase classname="src.pymortests.grid" file="src/pymortests/grid.py" line="359" name="test_boundary_mask_dtype[&lt;lambda&gt;40]" time="0.00044274330139160156"><skipped message="Suite splitting in effect" type="pytest.skip">src/pymortests/grid.py:359: Suite splitting in effect</skipped></testcase><testcase classname="src.pymortests.grid" file="src/pymortests/grid.py" line="359" name="test_boundary_mask_dtype[&lt;lambda&gt;41]" time="0.00041747093200683594"><skipped message="Suite splitting in effect" type="pytest.skip">src/pymortests/grid.py:359: Suite splitting in effect</skipped></testcase><testcase classname="src.pymortests.grid" file="src/pymortests/grid.py" line="359" name="test_boundary_mask_dtype[&lt;lambda&gt;42]" time="0.0005259513854980469"><skipped message="Suite splitting in effect" type="pytest.skip">src/pymortests/grid.py:359: Suite splitting in effect</skipped></testcase><testcase classname="src.pymortests.grid" file="src/pymortests/grid.py" line="365" name="test_boundary_mask_entries_codim1[&lt;lambda&gt;0]" time="0.000438690185546875"><skipped message="Suite splitting in effect" type="pytest.skip">src/pymortests/grid.py:365: Suite splitting in effect</skipped></testcase><testcase classname="src.pymortests.grid" file="src/pymortests/grid.py" line="365" name="test_boundary_mask_entries_codim1[&lt;lambda&gt;1]" time="0.0007183551788330078"><skipped message="Suite splitting in effect" type="pytest.skip">src/pymortests/grid.py:365: Suite splitting in effect</skipped></testcase><testcase classname="src.pymortests.grid" file="src/pymortests/grid.py" line="365" name="test_boundary_mask_entries_codim1[&lt;lambda&gt;2]" time="0.0004391670227050781"><skipped message="Suite splitting in effect" type="pytest.skip">src/pymortests/grid.py:365: Suite splitting in effect</skipped></testcase><testcase classname="src.pymortests.grid" file="src/pymortests/grid.py" line="365" name="test_boundary_mask_entries_codim1[&lt;lambda&gt;3]" time="0.00042176246643066406"><skipped message="Suite splitting in effect" type="pytest.skip">src/pymortests/grid.py:365: Suite splitting in effect</skipped></testcase><testcase classname="src.pymortests.grid" file="src/pymortests/grid.py" line="365" name="test_boundary_mask_entries_codim1[&lt;lambda&gt;4]" time="0.0004222393035888672"><skipped message="Suite splitting in effect" type="pytest.skip">src/pymortests/grid.py:365: Suite splitting in effect</skipped></testcase><testcase classname="src.pymortests.grid" file="src/pymortests/grid.py" line="365" name="test_boundary_mask_entries_codim1[&lt;lambda&gt;5]" time="0.00042438507080078125"><skipped message="Suite splitting in effect" type="pytest.skip">src/pymortests/grid.py:365: Suite splitting in effect</skipped></testcase><testcase classname="src.pymortests.grid" file="src/pymortests/grid.py" line="365" name="test_boundary_mask_entries_codim1[&lt;lambda&gt;6]" time="0.00044274330139160156"><skipped message="Suite splitting in effect" type="pytest.skip">src/pymortests/grid.py:365: Suite splitting in effect</skipped></testcase><testcase classname="src.pymortests.grid" file="src/pymortests/grid.py" line="365" name="test_boundary_mask_entries_codim1[&lt;lambda&gt;7]" time="0.0004131793975830078"><skipped message="Suite splitting in effect" type="pytest.skip">src/pymortests/grid.py:365: Suite splitting in effect</skipped></testcase><testcase classname="src.pymortests.grid" file="src/pymortests/grid.py" line="365" name="test_boundary_mask_entries_codim1[&lt;lambda&gt;8]" time="0.0004131793975830078"><skipped message="Suite splitting in effect" type="pytest.skip">src/pymortests/grid.py:365: Suite splitting in effect</skipped></testcase><testcase classname="src.pymortests.grid" file="src/pymortests/grid.py" line="365" name="test_boundary_mask_entries_codim1[&lt;lambda&gt;9]" time="0.0007061958312988281"><skipped message="Suite splitting in effect" type="pytest.skip">src/pymortests/grid.py:365: Suite splitting in effect</skipped></testcase><testcase classname="src.pymortests.grid" file="src/pymortests/grid.py" line="365" name="test_boundary_mask_entries_codim1[&lt;lambda&gt;10]" time="0.0004417896270751953"><skipped message="Suite splitting in effect" type="pytest.skip">src/pymortests/grid.py:365: Suite splitting in effect</skipped></testcase><testcase classname="src.pymortests.grid" file="src/pymortests/grid.py" line="365" name="test_boundary_mask_entries_codim1[&lt;lambda&gt;11]" time="0.00041222572326660156"><skipped message="Suite splitting in effect" type="pytest.skip">src/pymortests/grid.py:365: Suite splitting in effect</skipped></testcase><testcase classname="src.pymortests.grid" file="src/pymortests/grid.py" line="365" name="test_boundary_mask_entries_codim1[&lt;lambda&gt;12]" time="0.00042438507080078125"><skipped message="Suite splitting in effect" type="pytest.skip">src/pymortests/grid.py:365: Suite splitting in effect</skipped></testcase><testcase classname="src.pymortests.grid" file="src/pymortests/grid.py" line="365" name="test_boundary_mask_entries_codim1[&lt;lambda&gt;13]" time="0.00044274330139160156"><skipped message="Suite splitting in effect" type="pytest.skip">src/pymortests/grid.py:365: Suite splitting in effect</skipped></testcase><testcase classname="src.pymortests.grid" file="src/pymortests/grid.py" line="365" name="test_boundary_mask_entries_codim1[&lt;lambda&gt;14]" time="0.0004260540008544922"><skipped message="Suite splitting in effect" type="pytest.skip">src/pymortests/grid.py:365: Suite splitting in effect</skipped></testcase><testcase classname="src.pymortests.grid" file="src/pymortests/grid.py" line="365" name="test_boundary_mask_entries_codim1[&lt;lambda&gt;15]" time="0.00042939186096191406"><skipped message="Suite splitting in effect" type="pytest.skip">src/pymortests/grid.py:365: Suite splitting in effect</skipped></testcase><testcase classname="src.pymortests.grid" file="src/pymortests/grid.py" line="365" name="test_boundary_mask_entries_codim1[&lt;lambda&gt;16]" time="0.0004208087921142578"><skipped message="Suite splitting in effect" type="pytest.skip">src/pymortests/grid.py:365: Suite splitting in effect</skipped></testcase><testcase classname="src.pymortests.grid" file="src/pymortests/grid.py" line="365" name="test_boundary_mask_entries_codim1[&lt;lambda&gt;17]" time="0.0006923675537109375"><skipped message="Suite splitting in effect" type="pytest.skip">src/pymortests/grid.py:365: Suite splitting in effect</skipped></testcase><testcase classname="src.pymortests.grid" file="src/pymortests/grid.py" line="365" name="test_boundary_mask_entries_codim1[&lt;lambda&gt;18]" time="0.00044035911560058594"><skipped message="Suite splitting in effect" type="pytest.skip">src/pymortests/grid.py:365: Suite splitting in effect</skipped></testcase><testcase classname="src.pymortests.grid" file="src/pymortests/grid.py" line="365" name="test_boundary_mask_entries_codim1[&lt;lambda&gt;19]" time="0.00043892860412597656"><skipped message="Suite splitting in effect" type="pytest.skip">src/pymortests/grid.py:365: Suite splitting in effect</skipped></testcase><testcase classname="src.pymortests.grid" file="src/pymortests/grid.py" line="365" name="test_boundary_mask_entries_codim1[&lt;lambda&gt;20]" time="0.0004169940948486328"><skipped message="Suite splitting in effect" type="pytest.skip">src/pymortests/grid.py:365: Suite splitting in effect</skipped></testcase><testcase classname="src.pymortests.grid" file="src/pymortests/grid.py" line="365" name="test_boundary_mask_entries_codim1[&lt;lambda&gt;21]" time="0.000423431396484375"><skipped message="Suite splitting in effect" type="pytest.skip">src/pymortests/grid.py:365: Suite splitting in effect</skipped></testcase><testcase classname="src.pymortests.grid" file="src/pymortests/grid.py" line="365" name="test_boundary_mask_entries_codim1[&lt;lambda&gt;22]" time="0.0004341602325439453"><skipped message="Suite splitting in effect" type="pytest.skip">src/pymortests/grid.py:365: Suite splitting in effect</skipped></testcase><testcase classname="src.pymortests.grid" file="src/pymortests/grid.py" line="365" name="test_boundary_mask_entries_codim1[&lt;lambda&gt;23]" time="0.00043010711669921875"><skipped message="Suite splitting in effect" type="pytest.skip">src/pymortests/grid.py:365: Suite splitting in effect</skipped></testcase><testcase classname="src.pymortests.grid" file="src/pymortests/grid.py" line="365" name="test_boundary_mask_entries_codim1[&lt;lambda&gt;24]" time="0.0004146099090576172"><skipped message="Suite splitting in effect" type="pytest.skip">src/pymortests/grid.py:365: Suite splitting in effect</skipped></testcase><testcase classname="src.pymortests.grid" file="src/pymortests/grid.py" line="365" name="test_boundary_mask_entries_codim1[&lt;lambda&gt;25]" time="0.0007102489471435547"><skipped message="Suite splitting in effect" type="pytest.skip">src/pymortests/grid.py:365: Suite splitting in effect</skipped></testcase><testcase classname="src.pymortests.grid" file="src/pymortests/grid.py" line="365" name="test_boundary_mask_entries_codim1[&lt;lambda&gt;26]" time="0.00043463706970214844"><skipped message="Suite splitting in effect" type="pytest.skip">src/pymortests/grid.py:365: Suite splitting in effect</skipped></testcase><testcase classname="src.pymortests.grid" file="src/pymortests/grid.py" line="365" name="test_boundary_mask_entries_codim1[&lt;lambda&gt;27]" time="0.0004093647003173828"><skipped message="Suite splitting in effect" type="pytest.skip">src/pymortests/grid.py:365: Suite splitting in effect</skipped></testcase><testcase classname="src.pymortests.grid" file="src/pymortests/grid.py" line="365" name="test_boundary_mask_entries_codim1[&lt;lambda&gt;28]" time="0.00042748451232910156"><skipped message="Suite splitting in effect" type="pytest.skip">src/pymortests/grid.py:365: Suite splitting in effect</skipped></testcase><testcase classname="src.pymortests.grid" file="src/pymortests/grid.py" line="365" name="test_boundary_mask_entries_codim1[&lt;lambda&gt;29]" time="0.0004208087921142578"><skipped message="Suite splitting in effect" type="pytest.skip">src/pymortests/grid.py:365: Suite splitting in effect</skipped></testcase><testcase classname="src.pymortests.grid" file="src/pymortests/grid.py" line="365" name="test_boundary_mask_entries_codim1[&lt;lambda&gt;30]" time="0.0004279613494873047"><skipped message="Suite splitting in effect" type="pytest.skip">src/pymortests/grid.py:365: Suite splitting in effect</skipped></testcase><testcase classname="src.pymortests.grid" file="src/pymortests/grid.py" line="365" name="test_boundary_mask_entries_codim1[&lt;lambda&gt;31]" time="0.0004229545593261719"><skipped message="Suite splitting in effect" type="pytest.skip">src/pymortests/grid.py:365: Suite splitting in effect</skipped></testcase><testcase classname="src.pymortests.grid" file="src/pymortests/grid.py" line="365" name="test_boundary_mask_entries_codim1[&lt;lambda&gt;32]" time="0.00045228004455566406"><skipped message="Suite splitting in effect" type="pytest.skip">src/pymortests/grid.py:365: Suite splitting in effect</skipped></testcase><testcase classname="src.pymortests.grid" file="src/pymortests/grid.py" line="365" name="test_boundary_mask_entries_codim1[&lt;lambda&gt;33]" time="0.0007476806640625"><skipped message="Suite splitting in effect" type="pytest.skip">src/pymortests/grid.py:365: Suite splitting in effect</skipped></testcase><testcase classname="src.pymortests.grid" file="src/pymortests/grid.py" line="365" name="test_boundary_mask_entries_codim1[&lt;lambda&gt;34]" time="0.0004470348358154297"><skipped message="Suite splitting in effect" type="pytest.skip">src/pymortests/grid.py:365: Suite splitting in effect</skipped></testcase><testcase classname="src.pymortests.grid" file="src/pymortests/grid.py" line="365" name="test_boundary_mask_entries_codim1[&lt;lambda&gt;35]" time="0.00045013427734375"><skipped message="Suite splitting in effect" type="pytest.skip">src/pymortests/grid.py:365: Suite splitting in effect</skipped></testcase><testcase classname="src.pymortests.grid" file="src/pymortests/grid.py" line="365" name="test_boundary_mask_entries_codim1[&lt;lambda&gt;36]" time="0.00040221214294433594"><skipped message="Suite splitting in effect" type="pytest.skip">src/pymortests/grid.py:365: Suite splitting in effect</skipped></testcase><testcase classname="src.pymortests.grid" file="src/pymortests/grid.py" line="365" name="test_boundary_mask_entries_codim1[&lt;lambda&gt;37]" time="0.00041747093200683594"><skipped message="Suite splitting in effect" type="pytest.skip">src/pymortests/grid.py:365: Suite splitting in effect</skipped></testcase><testcase classname="src.pymortests.grid" file="src/pymortests/grid.py" line="365" name="test_boundary_mask_entries_codim1[&lt;lambda&gt;38]" time="0.0004229545593261719"><skipped message="Suite splitting in effect" type="pytest.skip">src/pymortests/grid.py:365: Suite splitting in effect</skipped></testcase><testcase classname="src.pymortests.grid" file="src/pymortests/grid.py" line="365" name="test_boundary_mask_entries_codim1[&lt;lambda&gt;39]" time="0.0004432201385498047"><skipped message="Suite splitting in effect" type="pytest.skip">src/pymortests/grid.py:365: Suite splitting in effect</skipped></testcase><testcase classname="src.pymortests.grid" file="src/pymortests/grid.py" line="365" name="test_boundary_mask_entries_codim1[&lt;lambda&gt;40]" time="0.0004451274871826172"><skipped message="Suite splitting in effect" type="pytest.skip">src/pymortests/grid.py:365: Suite splitting in effect</skipped></testcase><testcase classname="src.pymortests.grid" file="src/pymortests/grid.py" line="365" name="test_boundary_mask_entries_codim1[&lt;lambda&gt;41]" time="0.0007226467132568359"><skipped message="Suite splitting in effect" type="pytest.skip">src/pymortests/grid.py:365: Suite splitting in effect</skipped></testcase><testcase classname="src.pymortests.grid" file="src/pymortests/grid.py" line="365" name="test_boundary_mask_entries_codim1[&lt;lambda&gt;42]" time="0.0004298686981201172"><skipped message="Suite splitting in effect" type="pytest.skip">src/pymortests/grid.py:365: Suite splitting in effect</skipped></testcase><testcase classname="src.pymortests.grid" file="src/pymortests/grid.py" line="374" name="test_boundary_mask_entries_codim0[&lt;lambda&gt;0]" time="0.0004172325134277344"><skipped message="Suite splitting in effect" type="pytest.skip">src/pymortests/grid.py:374: Suite splitting in effect</skipped></testcase><testcase classname="src.pymortests.grid" file="src/pymortests/grid.py" line="374" name="test_boundary_mask_entries_codim0[&lt;lambda&gt;1]" time="0.00043129920959472656"><skipped message="Suite splitting in effect" type="pytest.skip">src/pymortests/grid.py:374: Suite splitting in effect</skipped></testcase><testcase classname="src.pymortests.grid" file="src/pymortests/grid.py" line="374" name="test_boundary_mask_entries_codim0[&lt;lambda&gt;2]" time="0.0004200935363769531"><skipped message="Suite splitting in effect" type="pytest.skip">src/pymortests/grid.py:374: Suite splitting in effect</skipped></testcase><testcase classname="src.pymortests.grid" file="src/pymortests/grid.py" line="374" name="test_boundary_mask_entries_codim0[&lt;lambda&gt;3]" time="0.0004286766052246094"><skipped message="Suite splitting in effect" type="pytest.skip">src/pymortests/grid.py:374: Suite splitting in effect</skipped></testcase><testcase classname="src.pymortests.grid" file="src/pymortests/grid.py" line="374" name="test_boundary_mask_entries_codim0[&lt;lambda&gt;4]" time="0.0004322528839111328"><skipped message="Suite splitting in effect" type="pytest.skip">src/pymortests/grid.py:374: Suite splitting in effect</skipped></testcase><testcase classname="src.pymortests.grid" file="src/pymortests/grid.py" line="374" name="test_boundary_mask_entries_codim0[&lt;lambda&gt;5]" time="0.0004096031188964844"><skipped message="Suite splitting in effect" type="pytest.skip">src/pymortests/grid.py:374: Suite splitting in effect</skipped></testcase><testcase classname="src.pymortests.grid" file="src/pymortests/grid.py" line="374" name="test_boundary_mask_entries_codim0[&lt;lambda&gt;6]" time="0.0008876323699951172"><skipped message="Suite splitting in effect" type="pytest.skip">src/pymortests/grid.py:374: Suite splitting in effect</skipped></testcase><testcase classname="src.pymortests.grid" file="src/pymortests/grid.py" line="374" name="test_boundary_mask_entries_codim0[&lt;lambda&gt;7]" time="0.0004200935363769531"><skipped message="Suite splitting in effect" type="pytest.skip">src/pymortests/grid.py:374: Suite splitting in effect</skipped></testcase><testcase classname="src.pymortests.grid" file="src/pymortests/grid.py" line="374" name="test_boundary_mask_entries_codim0[&lt;lambda&gt;8]" time="0.0004208087921142578"><skipped message="Suite splitting in effect" type="pytest.skip">src/pymortests/grid.py:374: Suite splitting in effect</skipped></testcase><testcase classname="src.pymortests.grid" file="src/pymortests/grid.py" line="374" name="test_boundary_mask_entries_codim0[&lt;lambda&gt;9]" time="0.0004570484161376953"><skipped message="Suite splitting in effect" type="pytest.skip">src/pymortests/grid.py:374: Suite splitting in effect</skipped></testcase><testcase classname="src.pymortests.grid" file="src/pymortests/grid.py" line="374" name="test_boundary_mask_entries_codim0[&lt;lambda&gt;10]" time="0.0004334449768066406"><skipped message="Suite splitting in effect" type="pytest.skip">src/pymortests/grid.py:374: Suite splitting in effect</skipped></testcase><testcase classname="src.pymortests.grid" file="src/pymortests/grid.py" line="374" name="test_boundary_mask_entries_codim0[&lt;lambda&gt;11]" time="0.0004379749298095703"><skipped message="Suite splitting in effect" type="pytest.skip">src/pymortests/grid.py:374: Suite splitting in effect</skipped></testcase><testcase classname="src.pymortests.grid" file="src/pymortests/grid.py" line="374" name="test_boundary_mask_entries_codim0[&lt;lambda&gt;12]" time="0.0004200935363769531"><skipped message="Suite splitting in effect" type="pytest.skip">src/pymortests/grid.py:374: Suite splitting in effect</skipped></testcase><testcase classname="src.pymortests.grid" file="src/pymortests/grid.py" line="374" name="test_boundary_mask_entries_codim0[&lt;lambda&gt;13]" time="0.000423431396484375"><skipped message="Suite splitting in effect" type="pytest.skip">src/pymortests/grid.py:374: Suite splitting in effect</skipped></testcase><testcase classname="src.pymortests.grid" file="src/pymortests/grid.py" line="374" name="test_boundary_mask_entries_codim0[&lt;lambda&gt;14]" time="0.0007090568542480469"><skipped message="Suite splitting in effect" type="pytest.skip">src/pymortests/grid.py:374: Suite splitting in effect</skipped></testcase><testcase classname="src.pymortests.grid" file="src/pymortests/grid.py" line="374" name="test_boundary_mask_entries_codim0[&lt;lambda&gt;15]" time="0.0004239082336425781"><skipped message="Suite splitting in effect" type="pytest.skip">src/pymortests/grid.py:374: Suite splitting in effect</skipped></testcase><testcase classname="src.pymortests.grid" file="src/pymortests/grid.py" line="374" name="test_boundary_mask_entries_codim0[&lt;lambda&gt;16]" time="0.00042247772216796875"><skipped message="Suite splitting in effect" type="pytest.skip">src/pymortests/grid.py:374: Suite splitting in effect</skipped></testcase><testcase classname="src.pymortests.grid" file="src/pymortests/grid.py" line="374" name="test_boundary_mask_entries_codim0[&lt;lambda&gt;17]" time="0.00045108795166015625"><skipped message="Suite splitting in effect" type="pytest.skip">src/pymortests/grid.py:374: Suite splitting in effect</skipped></testcase><testcase classname="src.pymortests.grid" file="src/pymortests/grid.py" line="374" name="test_boundary_mask_entries_codim0[&lt;lambda&gt;18]" time="0.00042510032653808594"><skipped message="Suite splitting in effect" type="pytest.skip">src/pymortests/grid.py:374: Suite splitting in effect</skipped></testcase><testcase classname="src.pymortests.grid" file="src/pymortests/grid.py" line="374" name="test_boundary_mask_entries_codim0[&lt;lambda&gt;19]" time="0.00041413307189941406"><skipped message="Suite splitting in effect" type="pytest.skip">src/pymortests/grid.py:374: Suite splitting in effect</skipped></testcase><testcase classname="src.pymortests.grid" file="src/pymortests/grid.py" line="374" name="test_boundary_mask_entries_codim0[&lt;lambda&gt;20]" time="0.00042438507080078125"><skipped message="Suite splitting in effect" type="pytest.skip">src/pymortests/grid.py:374: Suite splitting in effect</skipped></testcase><testcase classname="src.pymortests.grid" file="src/pymortests/grid.py" line="374" name="test_boundary_mask_entries_codim0[&lt;lambda&gt;21]" time="0.00041675567626953125"><skipped message="Suite splitting in effect" type="pytest.skip">src/pymortests/grid.py:374: Suite splitting in effect</skipped></testcase><testcase classname="src.pymortests.grid" file="src/pymortests/grid.py" line="374" name="test_boundary_mask_entries_codim0[&lt;lambda&gt;22]" time="0.0007023811340332031"><skipped message="Suite splitting in effect" type="pytest.skip">src/pymortests/grid.py:374: Suite splitting in effect</skipped></testcase><testcase classname="src.pymortests.grid" file="src/pymortests/grid.py" line="374" name="test_boundary_mask_entries_codim0[&lt;lambda&gt;23]" time="0.000415802001953125"><skipped message="Suite splitting in effect" type="pytest.skip">src/pymortests/grid.py:374: Suite splitting in effect</skipped></testcase><testcase classname="src.pymortests.grid" file="src/pymortests/grid.py" line="374" name="test_boundary_mask_entries_codim0[&lt;lambda&gt;24]" time="0.000415802001953125"><skipped message="Suite splitting in effect" type="pytest.skip">src/pymortests/grid.py:374: Suite splitting in effect</skipped></testcase><testcase classname="src.pymortests.grid" file="src/pymortests/grid.py" line="374" name="test_boundary_mask_entries_codim0[&lt;lambda&gt;25]" time="0.0004436969757080078"><skipped message="Suite splitting in effect" type="pytest.skip">src/pymortests/grid.py:374: Suite splitting in effect</skipped></testcase><testcase classname="src.pymortests.grid" file="src/pymortests/grid.py" line="374" name="test_boundary_mask_entries_codim0[&lt;lambda&gt;26]" time="0.00042247772216796875"><skipped message="Suite splitting in effect" type="pytest.skip">src/pymortests/grid.py:374: Suite splitting in effect</skipped></testcase><testcase classname="src.pymortests.grid" file="src/pymortests/grid.py" line="374" name="test_boundary_mask_entries_codim0[&lt;lambda&gt;27]" time="0.000423431396484375"><skipped message="Suite splitting in effect" type="pytest.skip">src/pymortests/grid.py:374: Suite splitting in effect</skipped></testcase><testcase classname="src.pymortests.grid" file="src/pymortests/grid.py" line="374" name="test_boundary_mask_entries_codim0[&lt;lambda&gt;28]" time="0.00040793418884277344"><skipped message="Suite splitting in effect" type="pytest.skip">src/pymortests/grid.py:374: Suite splitting in effect</skipped></testcase><testcase classname="src.pymortests.grid" file="src/pymortests/grid.py" line="374" name="test_boundary_mask_entries_codim0[&lt;lambda&gt;29]" time="0.0004341602325439453"><skipped message="Suite splitting in effect" type="pytest.skip">src/pymortests/grid.py:374: Suite splitting in effect</skipped></testcase><testcase classname="src.pymortests.grid" file="src/pymortests/grid.py" line="374" name="test_boundary_mask_entries_codim0[&lt;lambda&gt;30]" time="0.0007178783416748047"><skipped message="Suite splitting in effect" type="pytest.skip">src/pymortests/grid.py:374: Suite splitting in effect</skipped></testcase><testcase classname="src.pymortests.grid" file="src/pymortests/grid.py" line="374" name="test_boundary_mask_entries_codim0[&lt;lambda&gt;31]" time="0.0004260540008544922"><skipped message="Suite splitting in effect" type="pytest.skip">src/pymortests/grid.py:374: Suite splitting in effect</skipped></testcase><testcase classname="src.pymortests.grid" file="src/pymortests/grid.py" line="374" name="test_boundary_mask_entries_codim0[&lt;lambda&gt;32]" time="0.0004153251647949219"><skipped message="Suite splitting in effect" type="pytest.skip">src/pymortests/grid.py:374: Suite splitting in effect</skipped></testcase><testcase classname="src.pymortests.grid" file="src/pymortests/grid.py" line="374" name="test_boundary_mask_entries_codim0[&lt;lambda&gt;33]" time="0.00041794776916503906"><skipped message="Suite splitting in effect" type="pytest.skip">src/pymortests/grid.py:374: Suite splitting in effect</skipped></testcase><testcase classname="src.pymortests.grid" file="src/pymortests/grid.py" line="374" name="test_boundary_mask_entries_codim0[&lt;lambda&gt;34]" time="0.00041747093200683594"><skipped message="Suite splitting in effect" type="pytest.skip">src/pymortests/grid.py:374: Suite splitting in effect</skipped></testcase><testcase classname="src.pymortests.grid" file="src/pymortests/grid.py" line="374" name="test_boundary_mask_entries_codim0[&lt;lambda&gt;35]" time="0.00041675567626953125"><skipped message="Suite splitting in effect" type="pytest.skip">src/pymortests/grid.py:374: Suite splitting in effect</skipped></testcase><testcase classname="src.pymortests.grid" file="src/pymortests/grid.py" line="374" name="test_boundary_mask_entries_codim0[&lt;lambda&gt;36]" time="0.0004291534423828125"><skipped message="Suite splitting in effect" type="pytest.skip">src/pymortests/grid.py:374: Suite splitting in effect</skipped></testcase><testcase classname="src.pymortests.grid" file="src/pymortests/grid.py" line="374" name="test_boundary_mask_entries_codim0[&lt;lambda&gt;37]" time="0.00045561790466308594"><skipped message="Suite splitting in effect" type="pytest.skip">src/pymortests/grid.py:374: Suite splitting in effect</skipped></testcase><testcase classname="src.pymortests.grid" file="src/pymortests/grid.py" line="374" name="test_boundary_mask_entries_codim0[&lt;lambda&gt;38]" time="0.0007319450378417969"><skipped message="Suite splitting in effect" type="pytest.skip">src/pymortests/grid.py:374: Suite splitting in effect</skipped></testcase><testcase classname="src.pymortests.grid" file="src/pymortests/grid.py" line="374" name="test_boundary_mask_entries_codim0[&lt;lambda&gt;39]" time="0.0004203319549560547"><skipped message="Suite splitting in effect" type="pytest.skip">src/pymortests/grid.py:374: Suite splitting in effect</skipped></testcase><testcase classname="src.pymortests.grid" file="src/pymortests/grid.py" line="374" name="test_boundary_mask_entries_codim0[&lt;lambda&gt;40]" time="0.0004057884216308594"><skipped message="Suite splitting in effect" type="pytest.skip">src/pymortests/grid.py:374: Suite splitting in effect</skipped></testcase><testcase classname="src.pymortests.grid" file="src/pymortests/grid.py" line="374" name="test_boundary_mask_entries_codim0[&lt;lambda&gt;41]" time="0.00041985511779785156"><skipped message="Suite splitting in effect" type="pytest.skip">src/pymortests/grid.py:374: Suite splitting in effect</skipped></testcase><testcase classname="src.pymortests.grid" file="src/pymortests/grid.py" line="374" name="test_boundary_mask_entries_codim0[&lt;lambda&gt;42]" time="0.0004189014434814453"><skipped message="Suite splitting in effect" type="pytest.skip">src/pymortests/grid.py:374: Suite splitting in effect</skipped></testcase><testcase classname="src.pymortests.grid" file="src/pymortests/grid.py" line="384" name="test_boundary_mask_entries_codim_d[&lt;lambda&gt;0]" time="0.0004169940948486328"><skipped message="Suite splitting in effect" type="pytest.skip">src/pymortests/grid.py:384: Suite splitting in effect</skipped></testcase><testcase classname="src.pymortests.grid" file="src/pymortests/grid.py" line="384" name="test_boundary_mask_entries_codim_d[&lt;lambda&gt;1]" time="0.0004432201385498047"><skipped message="Suite splitting in effect" type="pytest.skip">src/pymortests/grid.py:384: Suite splitting in effect</skipped></testcase><testcase classname="src.pymortests.grid" file="src/pymortests/grid.py" line="384" name="test_boundary_mask_entries_codim_d[&lt;lambda&gt;2]" time="0.00042939186096191406"><skipped message="Suite splitting in effect" type="pytest.skip">src/pymortests/grid.py:384: Suite splitting in effect</skipped></testcase><testcase classname="src.pymortests.grid" file="src/pymortests/grid.py" line="384" name="test_boundary_mask_entries_codim_d[&lt;lambda&gt;3]" time="0.0006978511810302734"><skipped message="Suite splitting in effect" type="pytest.skip">src/pymortests/grid.py:384: Suite splitting in effect</skipped></testcase><testcase classname="src.pymortests.grid" file="src/pymortests/grid.py" line="384" name="test_boundary_mask_entries_codim_d[&lt;lambda&gt;4]" time="0.0004286766052246094"><skipped message="Suite splitting in effect" type="pytest.skip">src/pymortests/grid.py:384: Suite splitting in effect</skipped></testcase><testcase classname="src.pymortests.grid" file="src/pymortests/grid.py" line="384" name="test_boundary_mask_entries_codim_d[&lt;lambda&gt;5]" time="0.0004143714904785156"><skipped message="Suite splitting in effect" type="pytest.skip">src/pymortests/grid.py:384: Suite splitting in effect</skipped></testcase><testcase classname="src.pymortests.grid" file="src/pymortests/grid.py" line="384" name="test_boundary_mask_entries_codim_d[&lt;lambda&gt;6]" time="0.0004379749298095703"><skipped message="Suite splitting in effect" type="pytest.skip">src/pymortests/grid.py:384: Suite splitting in effect</skipped></testcase><testcase classname="src.pymortests.grid" file="src/pymortests/grid.py" line="384" name="test_boundary_mask_entries_codim_d[&lt;lambda&gt;7]" time="0.0004138946533203125"><skipped message="Suite splitting in effect" type="pytest.skip">src/pymortests/grid.py:384: Suite splitting in effect</skipped></testcase><testcase classname="src.pymortests.grid" file="src/pymortests/grid.py" line="384" name="test_boundary_mask_entries_codim_d[&lt;lambda&gt;8]" time="0.0004076957702636719"><skipped message="Suite splitting in effect" type="pytest.skip">src/pymortests/grid.py:384: Suite splitting in effect</skipped></testcase><testcase classname="src.pymortests.grid" file="src/pymortests/grid.py" line="384" name="test_boundary_mask_entries_codim_d[&lt;lambda&gt;9]" time="0.00042366981506347656"><skipped message="Suite splitting in effect" type="pytest.skip">src/pymortests/grid.py:384: Suite splitting in effect</skipped></testcase><testcase classname="src.pymortests.grid" file="src/pymortests/grid.py" line="384" name="test_boundary_mask_entries_codim_d[&lt;lambda&gt;10]" time="0.0004291534423828125"><skipped message="Suite splitting in effect" type="pytest.skip">src/pymortests/grid.py:384: Suite splitting in effect</skipped></testcase><testcase classname="src.pymortests.grid" file="src/pymortests/grid.py" line="384" name="test_boundary_mask_entries_codim_d[&lt;lambda&gt;11]" time="0.0007669925689697266"><skipped message="Suite splitting in effect" type="pytest.skip">src/pymortests/grid.py:384: Suite splitting in effect</skipped></testcase><testcase classname="src.pymortests.grid" file="src/pymortests/grid.py" line="384" name="test_boundary_mask_entries_codim_d[&lt;lambda&gt;12]" time="0.00041174888610839844"><skipped message="Suite splitting in effect" type="pytest.skip">src/pymortests/grid.py:384: Suite splitting in effect</skipped></testcase><testcase classname="src.pymortests.grid" file="src/pymortests/grid.py" line="384" name="test_boundary_mask_entries_codim_d[&lt;lambda&gt;13]" time="0.0004379749298095703"><skipped message="Suite splitting in effect" type="pytest.skip">src/pymortests/grid.py:384: Suite splitting in effect</skipped></testcase><testcase classname="src.pymortests.grid" file="src/pymortests/grid.py" line="384" name="test_boundary_mask_entries_codim_d[&lt;lambda&gt;14]" time="0.00041413307189941406"><skipped message="Suite splitting in effect" type="pytest.skip">src/pymortests/grid.py:384: Suite splitting in effect</skipped></testcase><testcase classname="src.pymortests.grid" file="src/pymortests/grid.py" line="384" name="test_boundary_mask_entries_codim_d[&lt;lambda&gt;15]" time="0.0004191398620605469"><skipped message="Suite splitting in effect" type="pytest.skip">src/pymortests/grid.py:384: Suite splitting in effect</skipped></testcase><testcase classname="src.pymortests.grid" file="src/pymortests/grid.py" line="384" name="test_boundary_mask_entries_codim_d[&lt;lambda&gt;16]" time="0.0004036426544189453"><skipped message="Suite splitting in effect" type="pytest.skip">src/pymortests/grid.py:384: Suite splitting in effect</skipped></testcase><testcase classname="src.pymortests.grid" file="src/pymortests/grid.py" line="384" name="test_boundary_mask_entries_codim_d[&lt;lambda&gt;17]" time="0.0004417896270751953"><skipped message="Suite splitting in effect" type="pytest.skip">src/pymortests/grid.py:384: Suite splitting in effect</skipped></testcase><testcase classname="src.pymortests.grid" file="src/pymortests/grid.py" line="384" name="test_boundary_mask_entries_codim_d[&lt;lambda&gt;18]" time="0.0004119873046875"><skipped message="Suite splitting in effect" type="pytest.skip">src/pymortests/grid.py:384: Suite splitting in effect</skipped></testcase><testcase classname="src.pymortests.grid" file="src/pymortests/grid.py" line="384" name="test_boundary_mask_entries_codim_d[&lt;lambda&gt;19]" time="0.0007183551788330078"><skipped message="Suite splitting in effect" type="pytest.skip">src/pymortests/grid.py:384: Suite splitting in effect</skipped></testcase><testcase classname="src.pymortests.grid" file="src/pymortests/grid.py" line="384" name="test_boundary_mask_entries_codim_d[&lt;lambda&gt;20]" time="0.00041794776916503906"><skipped message="Suite splitting in effect" type="pytest.skip">src/pymortests/grid.py:384: Suite splitting in effect</skipped></testcase><testcase classname="src.pymortests.grid" file="src/pymortests/grid.py" line="384" name="test_boundary_mask_entries_codim_d[&lt;lambda&gt;21]" time="0.0004146099090576172"><skipped message="Suite splitting in effect" type="pytest.skip">src/pymortests/grid.py:384: Suite splitting in effect</skipped></testcase><testcase classname="src.pymortests.grid" file="src/pymortests/grid.py" line="384" name="test_boundary_mask_entries_codim_d[&lt;lambda&gt;22]" time="0.000469207763671875"><skipped message="Suite splitting in effect" type="pytest.skip">src/pymortests/grid.py:384: Suite splitting in effect</skipped></testcase><testcase classname="src.pymortests.grid" file="src/pymortests/grid.py" line="384" name="test_boundary_mask_entries_codim_d[&lt;lambda&gt;23]" time="0.0004341602325439453"><skipped message="Suite splitting in effect" type="pytest.skip">src/pymortests/grid.py:384: Suite splitting in effect</skipped></testcase><testcase classname="src.pymortests.grid" file="src/pymortests/grid.py" line="384" name="test_boundary_mask_entries_codim_d[&lt;lambda&gt;24]" time="0.00041961669921875"><skipped message="Suite splitting in effect" type="pytest.skip">src/pymortests/grid.py:384: Suite splitting in effect</skipped></testcase><testcase classname="src.pymortests.grid" file="src/pymortests/grid.py" line="384" name="test_boundary_mask_entries_codim_d[&lt;lambda&gt;25]" time="0.0004210472106933594"><skipped message="Suite splitting in effect" type="pytest.skip">src/pymortests/grid.py:384: Suite splitting in effect</skipped></testcase><testcase classname="src.pymortests.grid" file="src/pymortests/grid.py" line="384" name="test_boundary_mask_entries_codim_d[&lt;lambda&gt;26]" time="0.00043272972106933594"><skipped message="Suite splitting in effect" type="pytest.skip">src/pymortests/grid.py:384: Suite splitting in effect</skipped></testcase><testcase classname="src.pymortests.grid" file="src/pymortests/grid.py" line="384" name="test_boundary_mask_entries_codim_d[&lt;lambda&gt;27]" time="0.0007042884826660156"><skipped message="Suite splitting in effect" type="pytest.skip">src/pymortests/grid.py:384: Suite splitting in effect</skipped></testcase><testcase classname="src.pymortests.grid" file="src/pymortests/grid.py" line="384" name="test_boundary_mask_entries_codim_d[&lt;lambda&gt;28]" time="0.0004050731658935547"><skipped message="Suite splitting in effect" type="pytest.skip">src/pymortests/grid.py:384: Suite splitting in effect</skipped></testcase><testcase classname="src.pymortests.grid" file="src/pymortests/grid.py" line="384" name="test_boundary_mask_entries_codim_d[&lt;lambda&gt;29]" time="0.0004146099090576172"><skipped message="Suite splitting in effect" type="pytest.skip">src/pymortests/grid.py:384: Suite splitting in effect</skipped></testcase><testcase classname="src.pymortests.grid" file="src/pymortests/grid.py" line="384" name="test_boundary_mask_entries_codim_d[&lt;lambda&gt;30]" time="0.00041222572326660156"><skipped message="Suite splitting in effect" type="pytest.skip">src/pymortests/grid.py:384: Suite splitting in effect</skipped></testcase><testcase classname="src.pymortests.grid" file="src/pymortests/grid.py" line="384" name="test_boundary_mask_entries_codim_d[&lt;lambda&gt;31]" time="0.0004401206970214844"><skipped message="Suite splitting in effect" type="pytest.skip">src/pymortests/grid.py:384: Suite splitting in effect</skipped></testcase><testcase classname="src.pymortests.grid" file="src/pymortests/grid.py" line="384" name="test_boundary_mask_entries_codim_d[&lt;lambda&gt;32]" time="0.0004200935363769531"><skipped message="Suite splitting in effect" type="pytest.skip">src/pymortests/grid.py:384: Suite splitting in effect</skipped></testcase><testcase classname="src.pymortests.grid" file="src/pymortests/grid.py" line="384" name="test_boundary_mask_entries_codim_d[&lt;lambda&gt;33]" time="0.0004315376281738281"><skipped message="Suite splitting in effect" type="pytest.skip">src/pymortests/grid.py:384: Suite splitting in effect</skipped></testcase><testcase classname="src.pymortests.grid" file="src/pymortests/grid.py" line="384" name="test_boundary_mask_entries_codim_d[&lt;lambda&gt;34]" time="0.0004222393035888672"><skipped message="Suite splitting in effect" type="pytest.skip">src/pymortests/grid.py:384: Suite splitting in effect</skipped></testcase><testcase classname="src.pymortests.grid" file="src/pymortests/grid.py" line="384" name="test_boundary_mask_entries_codim_d[&lt;lambda&gt;35]" time="0.0007042884826660156"><skipped message="Suite splitting in effect" type="pytest.skip">src/pymortests/grid.py:384: Suite splitting in effect</skipped></testcase><testcase classname="src.pymortests.grid" file="src/pymortests/grid.py" line="384" name="test_boundary_mask_entries_codim_d[&lt;lambda&gt;36]" time="0.00046944618225097656"><skipped message="Suite splitting in effect" type="pytest.skip">src/pymortests/grid.py:384: Suite splitting in effect</skipped></testcase><testcase classname="src.pymortests.grid" file="src/pymortests/grid.py" line="384" name="test_boundary_mask_entries_codim_d[&lt;lambda&gt;37]" time="0.0004520416259765625"><skipped message="Suite splitting in effect" type="pytest.skip">src/pymortests/grid.py:384: Suite splitting in effect</skipped></testcase><testcase classname="src.pymortests.grid" file="src/pymortests/grid.py" line="384" name="test_boundary_mask_entries_codim_d[&lt;lambda&gt;38]" time="0.0004534721374511719"><skipped message="Suite splitting in effect" type="pytest.skip">src/pymortests/grid.py:384: Suite splitting in effect</skipped></testcase><testcase classname="src.pymortests.grid" file="src/pymortests/grid.py" line="384" name="test_boundary_mask_entries_codim_d[&lt;lambda&gt;39]" time="0.0004107952117919922"><skipped message="Suite splitting in effect" type="pytest.skip">src/pymortests/grid.py:384: Suite splitting in effect</skipped></testcase><testcase classname="src.pymortests.grid" file="src/pymortests/grid.py" line="384" name="test_boundary_mask_entries_codim_d[&lt;lambda&gt;40]" time="0.0004191398620605469"><skipped message="Suite splitting in effect" type="pytest.skip">src/pymortests/grid.py:384: Suite splitting in effect</skipped></testcase><testcase classname="src.pymortests.grid" file="src/pymortests/grid.py" line="384" name="test_boundary_mask_entries_codim_d[&lt;lambda&gt;41]" time="0.0004107952117919922"><skipped message="Suite splitting in effect" type="pytest.skip">src/pymortests/grid.py:384: Suite splitting in effect</skipped></testcase><testcase classname="src.pymortests.grid" file="src/pymortests/grid.py" line="384" name="test_boundary_mask_entries_codim_d[&lt;lambda&gt;42]" time="0.0004279613494873047"><skipped message="Suite splitting in effect" type="pytest.skip">src/pymortests/grid.py:384: Suite splitting in effect</skipped></testcase><testcase classname="src.pymortests.grid" file="src/pymortests/grid.py" line="395" name="test_boundaries_wrong_arguments[&lt;lambda&gt;0]" time="0.0007364749908447266"><skipped message="Suite splitting in effect" type="pytest.skip">src/pymortests/grid.py:395: Suite splitting in effect</skipped></testcase><testcase classname="src.pymortests.grid" file="src/pymortests/grid.py" line="395" name="test_boundaries_wrong_arguments[&lt;lambda&gt;1]" time="0.0004353523254394531"><skipped message="Suite splitting in effect" type="pytest.skip">src/pymortests/grid.py:395: Suite splitting in effect</skipped></testcase><testcase classname="src.pymortests.grid" file="src/pymortests/grid.py" line="395" name="test_boundaries_wrong_arguments[&lt;lambda&gt;2]" time="0.0004379749298095703"><skipped message="Suite splitting in effect" type="pytest.skip">src/pymortests/grid.py:395: Suite splitting in effect</skipped></testcase><testcase classname="src.pymortests.grid" file="src/pymortests/grid.py" line="395" name="test_boundaries_wrong_arguments[&lt;lambda&gt;3]" time="0.0004265308380126953"><skipped message="Suite splitting in effect" type="pytest.skip">src/pymortests/grid.py:395: Suite splitting in effect</skipped></testcase><testcase classname="src.pymortests.grid" file="src/pymortests/grid.py" line="395" name="test_boundaries_wrong_arguments[&lt;lambda&gt;4]" time="0.0004200935363769531"><skipped message="Suite splitting in effect" type="pytest.skip">src/pymortests/grid.py:395: Suite splitting in effect</skipped></testcase><testcase classname="src.pymortests.grid" file="src/pymortests/grid.py" line="395" name="test_boundaries_wrong_arguments[&lt;lambda&gt;5]" time="0.0004227161407470703"><skipped message="Suite splitting in effect" type="pytest.skip">src/pymortests/grid.py:395: Suite splitting in effect</skipped></testcase><testcase classname="src.pymortests.grid" file="src/pymortests/grid.py" line="395" name="test_boundaries_wrong_arguments[&lt;lambda&gt;6]" time="0.0004220008850097656"><skipped message="Suite splitting in effect" type="pytest.skip">src/pymortests/grid.py:395: Suite splitting in effect</skipped></testcase><testcase classname="src.pymortests.grid" file="src/pymortests/grid.py" line="395" name="test_boundaries_wrong_arguments[&lt;lambda&gt;7]" time="0.0004367828369140625"><skipped message="Suite splitting in effect" type="pytest.skip">src/pymortests/grid.py:395: Suite splitting in effect</skipped></testcase><testcase classname="src.pymortests.grid" file="src/pymortests/grid.py" line="395" name="test_boundaries_wrong_arguments[&lt;lambda&gt;8]" time="0.0007264614105224609"><skipped message="Suite splitting in effect" type="pytest.skip">src/pymortests/grid.py:395: Suite splitting in effect</skipped></testcase><testcase classname="src.pymortests.grid" file="src/pymortests/grid.py" line="395" name="test_boundaries_wrong_arguments[&lt;lambda&gt;9]" time="0.0004181861877441406"><skipped message="Suite splitting in effect" type="pytest.skip">src/pymortests/grid.py:395: Suite splitting in effect</skipped></testcase><testcase classname="src.pymortests.grid" file="src/pymortests/grid.py" line="395" name="test_boundaries_wrong_arguments[&lt;lambda&gt;10]" time="0.0004858970642089844"><skipped message="Suite splitting in effect" type="pytest.skip">src/pymortests/grid.py:395: Suite splitting in effect</skipped></testcase><testcase classname="src.pymortests.grid" file="src/pymortests/grid.py" line="395" name="test_boundaries_wrong_arguments[&lt;lambda&gt;11]" time="0.00042557716369628906"><skipped message="Suite splitting in effect" type="pytest.skip">src/pymortests/grid.py:395: Suite splitting in effect</skipped></testcase><testcase classname="src.pymortests.grid" file="src/pymortests/grid.py" line="395" name="test_boundaries_wrong_arguments[&lt;lambda&gt;12]" time="0.0004267692565917969"><skipped message="Suite splitting in effect" type="pytest.skip">src/pymortests/grid.py:395: Suite splitting in effect</skipped></testcase><testcase classname="src.pymortests.grid" file="src/pymortests/grid.py" line="395" name="test_boundaries_wrong_arguments[&lt;lambda&gt;13]" time="0.0004410743713378906"><skipped message="Suite splitting in effect" type="pytest.skip">src/pymortests/grid.py:395: Suite splitting in effect</skipped></testcase><testcase classname="src.pymortests.grid" file="src/pymortests/grid.py" line="395" name="test_boundaries_wrong_arguments[&lt;lambda&gt;14]" time="0.0004343986511230469"><skipped message="Suite splitting in effect" type="pytest.skip">src/pymortests/grid.py:395: Suite splitting in effect</skipped></testcase><testcase classname="src.pymortests.grid" file="src/pymortests/grid.py" line="395" name="test_boundaries_wrong_arguments[&lt;lambda&gt;15]" time="0.0004961490631103516"><skipped message="Suite splitting in effect" type="pytest.skip">src/pymortests/grid.py:395: Suite splitting in effect</skipped></testcase><testcase classname="src.pymortests.grid" file="src/pymortests/grid.py" line="395" name="test_boundaries_wrong_arguments[&lt;lambda&gt;16]" time="0.0010609626770019531"><skipped message="Suite splitting in effect" type="pytest.skip">src/pymortests/grid.py:395: Suite splitting in effect</skipped></testcase><testcase classname="src.pymortests.grid" file="src/pymortests/grid.py" line="395" name="test_boundaries_wrong_arguments[&lt;lambda&gt;17]" time="0.00047516822814941406"><skipped message="Suite splitting in effect" type="pytest.skip">src/pymortests/grid.py:395: Suite splitting in effect</skipped></testcase><testcase classname="src.pymortests.grid" file="src/pymortests/grid.py" line="395" name="test_boundaries_wrong_arguments[&lt;lambda&gt;18]" time="0.00046753883361816406"><skipped message="Suite splitting in effect" type="pytest.skip">src/pymortests/grid.py:395: Suite splitting in effect</skipped></testcase><testcase classname="src.pymortests.grid" file="src/pymortests/grid.py" line="395" name="test_boundaries_wrong_arguments[&lt;lambda&gt;19]" time="0.0004723072052001953"><skipped message="Suite splitting in effect" type="pytest.skip">src/pymortests/grid.py:395: Suite splitting in effect</skipped></testcase><testcase classname="src.pymortests.grid" file="src/pymortests/grid.py" line="395" name="test_boundaries_wrong_arguments[&lt;lambda&gt;20]" time="0.0004241466522216797"><skipped message="Suite splitting in effect" type="pytest.skip">src/pymortests/grid.py:395: Suite splitting in effect</skipped></testcase><testcase classname="src.pymortests.grid" file="src/pymortests/grid.py" line="395" name="test_boundaries_wrong_arguments[&lt;lambda&gt;21]" time="0.00041604042053222656"><skipped message="Suite splitting in effect" type="pytest.skip">src/pymortests/grid.py:395: Suite splitting in effect</skipped></testcase><testcase classname="src.pymortests.grid" file="src/pymortests/grid.py" line="395" name="test_boundaries_wrong_arguments[&lt;lambda&gt;22]" time="0.0004608631134033203"><skipped message="Suite splitting in effect" type="pytest.skip">src/pymortests/grid.py:395: Suite splitting in effect</skipped></testcase><testcase classname="src.pymortests.grid" file="src/pymortests/grid.py" line="395" name="test_boundaries_wrong_arguments[&lt;lambda&gt;23]" time="0.0004265308380126953"><skipped message="Suite splitting in effect" type="pytest.skip">src/pymortests/grid.py:395: Suite splitting in effect</skipped></testcase><testcase classname="src.pymortests.grid" file="src/pymortests/grid.py" line="395" name="test_boundaries_wrong_arguments[&lt;lambda&gt;24]" time="0.0007121562957763672"><skipped message="Suite splitting in effect" type="pytest.skip">src/pymortests/grid.py:395: Suite splitting in effect</skipped></testcase><testcase classname="src.pymortests.grid" file="src/pymortests/grid.py" line="395" name="test_boundaries_wrong_arguments[&lt;lambda&gt;25]" time="0.00043845176696777344"><skipped message="Suite splitting in effect" type="pytest.skip">src/pymortests/grid.py:395: Suite splitting in effect</skipped></testcase><testcase classname="src.pymortests.grid" file="src/pymortests/grid.py" line="395" name="test_boundaries_wrong_arguments[&lt;lambda&gt;26]" time="0.0004184246063232422"><skipped message="Suite splitting in effect" type="pytest.skip">src/pymortests/grid.py:395: Suite splitting in effect</skipped></testcase><testcase classname="src.pymortests.grid" file="src/pymortests/grid.py" line="395" name="test_boundaries_wrong_arguments[&lt;lambda&gt;27]" time="0.00040411949157714844"><skipped message="Suite splitting in effect" type="pytest.skip">src/pymortests/grid.py:395: Suite splitting in effect</skipped></testcase><testcase classname="src.pymortests.grid" file="src/pymortests/grid.py" line="395" name="test_boundaries_wrong_arguments[&lt;lambda&gt;28]" time="0.00044727325439453125"><skipped message="Suite splitting in effect" type="pytest.skip">src/pymortests/grid.py:395: Suite splitting in effect</skipped></testcase><testcase classname="src.pymortests.grid" file="src/pymortests/grid.py" line="395" name="test_boundaries_wrong_arguments[&lt;lambda&gt;29]" time="0.00040459632873535156"><skipped message="Suite splitting in effect" type="pytest.skip">src/pymortests/grid.py:395: Suite splitting in effect</skipped></testcase><testcase classname="src.pymortests.grid" file="src/pymortests/grid.py" line="395" name="test_boundaries_wrong_arguments[&lt;lambda&gt;30]" time="0.00042700767517089844"><skipped message="Suite splitting in effect" type="pytest.skip">src/pymortests/grid.py:395: Suite splitting in effect</skipped></testcase><testcase classname="src.pymortests.grid" file="src/pymortests/grid.py" line="395" name="test_boundaries_wrong_arguments[&lt;lambda&gt;31]" time="0.00042748451232910156"><skipped message="Suite splitting in effect" type="pytest.skip">src/pymortests/grid.py:395: Suite splitting in effect</skipped></testcase><testcase classname="src.pymortests.grid" file="src/pymortests/grid.py" line="395" name="test_boundaries_wrong_arguments[&lt;lambda&gt;32]" time="0.0007328987121582031"><skipped message="Suite splitting in effect" type="pytest.skip">src/pymortests/grid.py:395: Suite splitting in effect</skipped></testcase><testcase classname="src.pymortests.grid" file="src/pymortests/grid.py" line="395" name="test_boundaries_wrong_arguments[&lt;lambda&gt;33]" time="0.00045013427734375"><skipped message="Suite splitting in effect" type="pytest.skip">src/pymortests/grid.py:395: Suite splitting in effect</skipped></testcase><testcase classname="src.pymortests.grid" file="src/pymortests/grid.py" line="395" name="test_boundaries_wrong_arguments[&lt;lambda&gt;34]" time="0.0004360675811767578"><skipped message="Suite splitting in effect" type="pytest.skip">src/pymortests/grid.py:395: Suite splitting in effect</skipped></testcase><testcase classname="src.pymortests.grid" file="src/pymortests/grid.py" line="395" name="test_boundaries_wrong_arguments[&lt;lambda&gt;35]" time="0.00042891502380371094"><skipped message="Suite splitting in effect" type="pytest.skip">src/pymortests/grid.py:395: Suite splitting in effect</skipped></testcase><testcase classname="src.pymortests.grid" file="src/pymortests/grid.py" line="395" name="test_boundaries_wrong_arguments[&lt;lambda&gt;36]" time="0.0004284381866455078"><skipped message="Suite splitting in effect" type="pytest.skip">src/pymortests/grid.py:395: Suite splitting in effect</skipped></testcase><testcase classname="src.pymortests.grid" file="src/pymortests/grid.py" line="395" name="test_boundaries_wrong_arguments[&lt;lambda&gt;37]" time="0.00044655799865722656"><skipped message="Suite splitting in effect" type="pytest.skip">src/pymortests/grid.py:395: Suite splitting in effect</skipped></testcase><testcase classname="src.pymortests.grid" file="src/pymortests/grid.py" line="395" name="test_boundaries_wrong_arguments[&lt;lambda&gt;38]" time="0.00040531158447265625"><skipped message="Suite splitting in effect" type="pytest.skip">src/pymortests/grid.py:395: Suite splitting in effect</skipped></testcase><testcase classname="src.pymortests.grid" file="src/pymortests/grid.py" line="395" name="test_boundaries_wrong_arguments[&lt;lambda&gt;39]" time="0.00041985511779785156"><skipped message="Suite splitting in effect" type="pytest.skip">src/pymortests/grid.py:395: Suite splitting in effect</skipped></testcase><testcase classname="src.pymortests.grid" file="src/pymortests/grid.py" line="395" name="test_boundaries_wrong_arguments[&lt;lambda&gt;40]" time="0.0007255077362060547"><skipped message="Suite splitting in effect" type="pytest.skip">src/pymortests/grid.py:395: Suite splitting in effect</skipped></testcase><testcase classname="src.pymortests.grid" file="src/pymortests/grid.py" line="395" name="test_boundaries_wrong_arguments[&lt;lambda&gt;41]" time="0.0004267692565917969"><skipped message="Suite splitting in effect" type="pytest.skip">src/pymortests/grid.py:395: Suite splitting in effect</skipped></testcase><testcase classname="src.pymortests.grid" file="src/pymortests/grid.py" line="395" name="test_boundaries_wrong_arguments[&lt;lambda&gt;42]" time="0.0004284381866455078"><skipped message="Suite splitting in effect" type="pytest.skip">src/pymortests/grid.py:395: Suite splitting in effect</skipped></testcase><testcase classname="src.pymortests.grid" file="src/pymortests/grid.py" line="403" name="test_boundaries_shape[&lt;lambda&gt;0]" time="0.0004172325134277344"><skipped message="Suite splitting in effect" type="pytest.skip">src/pymortests/grid.py:403: Suite splitting in effect</skipped></testcase><testcase classname="src.pymortests.grid" file="src/pymortests/grid.py" line="403" name="test_boundaries_shape[&lt;lambda&gt;1]" time="0.00040984153747558594"><skipped message="Suite splitting in effect" type="pytest.skip">src/pymortests/grid.py:403: Suite splitting in effect</skipped></testcase><testcase classname="src.pymortests.grid" file="src/pymortests/grid.py" line="403" name="test_boundaries_shape[&lt;lambda&gt;2]" time="0.00042891502380371094"><skipped message="Suite splitting in effect" type="pytest.skip">src/pymortests/grid.py:403: Suite splitting in effect</skipped></testcase><testcase classname="src.pymortests.grid" file="src/pymortests/grid.py" line="403" name="test_boundaries_shape[&lt;lambda&gt;3]" time="0.0004315376281738281"><skipped message="Suite splitting in effect" type="pytest.skip">src/pymortests/grid.py:403: Suite splitting in effect</skipped></testcase><testcase classname="src.pymortests.grid" file="src/pymortests/grid.py" line="403" name="test_boundaries_shape[&lt;lambda&gt;4]" time="0.0004322528839111328"><skipped message="Suite splitting in effect" type="pytest.skip">src/pymortests/grid.py:403: Suite splitting in effect</skipped></testcase><testcase classname="src.pymortests.grid" file="src/pymortests/grid.py" line="403" name="test_boundaries_shape[&lt;lambda&gt;5]" time="0.0007295608520507812"><skipped message="Suite splitting in effect" type="pytest.skip">src/pymortests/grid.py:403: Suite splitting in effect</skipped></testcase><testcase classname="src.pymortests.grid" file="src/pymortests/grid.py" line="403" name="test_boundaries_shape[&lt;lambda&gt;6]" time="0.00043272972106933594"><skipped message="Suite splitting in effect" type="pytest.skip">src/pymortests/grid.py:403: Suite splitting in effect</skipped></testcase><testcase classname="src.pymortests.grid" file="src/pymortests/grid.py" line="403" name="test_boundaries_shape[&lt;lambda&gt;7]" time="0.0004343986511230469"><skipped message="Suite splitting in effect" type="pytest.skip">src/pymortests/grid.py:403: Suite splitting in effect</skipped></testcase><testcase classname="src.pymortests.grid" file="src/pymortests/grid.py" line="403" name="test_boundaries_shape[&lt;lambda&gt;8]" time="0.0004508495330810547"><skipped message="Suite splitting in effect" type="pytest.skip">src/pymortests/grid.py:403: Suite splitting in effect</skipped></testcase><testcase classname="src.pymortests.grid" file="src/pymortests/grid.py" line="403" name="test_boundaries_shape[&lt;lambda&gt;9]" time="0.0004870891571044922"><skipped message="Suite splitting in effect" type="pytest.skip">src/pymortests/grid.py:403: Suite splitting in effect</skipped></testcase><testcase classname="src.pymortests.grid" file="src/pymortests/grid.py" line="403" name="test_boundaries_shape[&lt;lambda&gt;10]" time="0.00043320655822753906"><skipped message="Suite splitting in effect" type="pytest.skip">src/pymortests/grid.py:403: Suite splitting in effect</skipped></testcase><testcase classname="src.pymortests.grid" file="src/pymortests/grid.py" line="403" name="test_boundaries_shape[&lt;lambda&gt;11]" time="0.0004246234893798828"><skipped message="Suite splitting in effect" type="pytest.skip">src/pymortests/grid.py:403: Suite splitting in effect</skipped></testcase><testcase classname="src.pymortests.grid" file="src/pymortests/grid.py" line="403" name="test_boundaries_shape[&lt;lambda&gt;12]" time="0.0004298686981201172"><skipped message="Suite splitting in effect" type="pytest.skip">src/pymortests/grid.py:403: Suite splitting in effect</skipped></testcase><testcase classname="src.pymortests.grid" file="src/pymortests/grid.py" line="403" name="test_boundaries_shape[&lt;lambda&gt;13]" time="0.0007345676422119141"><skipped message="Suite splitting in effect" type="pytest.skip">src/pymortests/grid.py:403: Suite splitting in effect</skipped></testcase><testcase classname="src.pymortests.grid" file="src/pymortests/grid.py" line="403" name="test_boundaries_shape[&lt;lambda&gt;14]" time="0.0004191398620605469"><skipped message="Suite splitting in effect" type="pytest.skip">src/pymortests/grid.py:403: Suite splitting in effect</skipped></testcase><testcase classname="src.pymortests.grid" file="src/pymortests/grid.py" line="403" name="test_boundaries_shape[&lt;lambda&gt;15]" time="0.0004200935363769531"><skipped message="Suite splitting in effect" type="pytest.skip">src/pymortests/grid.py:403: Suite splitting in effect</skipped></testcase><testcase classname="src.pymortests.grid" file="src/pymortests/grid.py" line="403" name="test_boundaries_shape[&lt;lambda&gt;16]" time="0.00045013427734375"><skipped message="Suite splitting in effect" type="pytest.skip">src/pymortests/grid.py:403: Suite splitting in effect</skipped></testcase><testcase classname="src.pymortests.grid" file="src/pymortests/grid.py" line="403" name="test_boundaries_shape[&lt;lambda&gt;17]" time="0.00044536590576171875"><skipped message="Suite splitting in effect" type="pytest.skip">src/pymortests/grid.py:403: Suite splitting in effect</skipped></testcase><testcase classname="src.pymortests.grid" file="src/pymortests/grid.py" line="403" name="test_boundaries_shape[&lt;lambda&gt;18]" time="0.00045680999755859375"><skipped message="Suite splitting in effect" type="pytest.skip">src/pymortests/grid.py:403: Suite splitting in effect</skipped></testcase><testcase classname="src.pymortests.grid" file="src/pymortests/grid.py" line="403" name="test_boundaries_shape[&lt;lambda&gt;19]" time="0.00044417381286621094"><skipped message="Suite splitting in effect" type="pytest.skip">src/pymortests/grid.py:403: Suite splitting in effect</skipped></testcase><testcase classname="src.pymortests.grid" file="src/pymortests/grid.py" line="403" name="test_boundaries_shape[&lt;lambda&gt;20]" time="0.0004119873046875"><skipped message="Suite splitting in effect" type="pytest.skip">src/pymortests/grid.py:403: Suite splitting in effect</skipped></testcase><testcase classname="src.pymortests.grid" file="src/pymortests/grid.py" line="403" name="test_boundaries_shape[&lt;lambda&gt;21]" time="0.0007009506225585938"><skipped message="Suite splitting in effect" type="pytest.skip">src/pymortests/grid.py:403: Suite splitting in effect</skipped></testcase><testcase classname="src.pymortests.grid" file="src/pymortests/grid.py" line="403" name="test_boundaries_shape[&lt;lambda&gt;22]" time="0.000415802001953125"><skipped message="Suite splitting in effect" type="pytest.skip">src/pymortests/grid.py:403: Suite splitting in effect</skipped></testcase><testcase classname="src.pymortests.grid" file="src/pymortests/grid.py" line="403" name="test_boundaries_shape[&lt;lambda&gt;23]" time="0.0004024505615234375"><skipped message="Suite splitting in effect" type="pytest.skip">src/pymortests/grid.py:403: Suite splitting in effect</skipped></testcase><testcase classname="src.pymortests.grid" file="src/pymortests/grid.py" line="403" name="test_boundaries_shape[&lt;lambda&gt;24]" time="0.0004343986511230469"><skipped message="Suite splitting in effect" type="pytest.skip">src/pymortests/grid.py:403: Suite splitting in effect</skipped></testcase><testcase classname="src.pymortests.grid" file="src/pymortests/grid.py" line="403" name="test_boundaries_shape[&lt;lambda&gt;25]" time="0.00041747093200683594"><skipped message="Suite splitting in effect" type="pytest.skip">src/pymortests/grid.py:403: Suite splitting in effect</skipped></testcase><testcase classname="src.pymortests.grid" file="src/pymortests/grid.py" line="403" name="test_boundaries_shape[&lt;lambda&gt;26]" time="0.0004076957702636719"><skipped message="Suite splitting in effect" type="pytest.skip">src/pymortests/grid.py:403: Suite splitting in effect</skipped></testcase><testcase classname="src.pymortests.grid" file="src/pymortests/grid.py" line="403" name="test_boundaries_shape[&lt;lambda&gt;27]" time="0.00041675567626953125"><skipped message="Suite splitting in effect" type="pytest.skip">src/pymortests/grid.py:403: Suite splitting in effect</skipped></testcase><testcase classname="src.pymortests.grid" file="src/pymortests/grid.py" line="403" name="test_boundaries_shape[&lt;lambda&gt;28]" time="0.00042510032653808594"><skipped message="Suite splitting in effect" type="pytest.skip">src/pymortests/grid.py:403: Suite splitting in effect</skipped></testcase><testcase classname="src.pymortests.grid" file="src/pymortests/grid.py" line="403" name="test_boundaries_shape[&lt;lambda&gt;29]" time="0.0006968975067138672"><skipped message="Suite splitting in effect" type="pytest.skip">src/pymortests/grid.py:403: Suite splitting in effect</skipped></testcase><testcase classname="src.pymortests.grid" file="src/pymortests/grid.py" line="403" name="test_boundaries_shape[&lt;lambda&gt;30]" time="0.0004343986511230469"><skipped message="Suite splitting in effect" type="pytest.skip">src/pymortests/grid.py:403: Suite splitting in effect</skipped></testcase><testcase classname="src.pymortests.grid" file="src/pymortests/grid.py" line="403" name="test_boundaries_shape[&lt;lambda&gt;31]" time="0.0004448890686035156"><skipped message="Suite splitting in effect" type="pytest.skip">src/pymortests/grid.py:403: Suite splitting in effect</skipped></testcase><testcase classname="src.pymortests.grid" file="src/pymortests/grid.py" line="403" name="test_boundaries_shape[&lt;lambda&gt;32]" time="0.00045228004455566406"><skipped message="Suite splitting in effect" type="pytest.skip">src/pymortests/grid.py:403: Suite splitting in effect</skipped></testcase><testcase classname="src.pymortests.grid" file="src/pymortests/grid.py" line="403" name="test_boundaries_shape[&lt;lambda&gt;33]" time="0.0004112720489501953"><skipped message="Suite splitting in effect" type="pytest.skip">src/pymortests/grid.py:403: Suite splitting in effect</skipped></testcase><testcase classname="src.pymortests.grid" file="src/pymortests/grid.py" line="403" name="test_boundaries_shape[&lt;lambda&gt;34]" time="0.0004277229309082031"><skipped message="Suite splitting in effect" type="pytest.skip">src/pymortests/grid.py:403: Suite splitting in effect</skipped></testcase><testcase classname="src.pymortests.grid" file="src/pymortests/grid.py" line="403" name="test_boundaries_shape[&lt;lambda&gt;35]" time="0.00042247772216796875"><skipped message="Suite splitting in effect" type="pytest.skip">src/pymortests/grid.py:403: Suite splitting in effect</skipped></testcase><testcase classname="src.pymortests.grid" file="src/pymortests/grid.py" line="403" name="test_boundaries_shape[&lt;lambda&gt;36]" time="0.0004315376281738281"><skipped message="Suite splitting in effect" type="pytest.skip">src/pymortests/grid.py:403: Suite splitting in effect</skipped></testcase><testcase classname="src.pymortests.grid" file="src/pymortests/grid.py" line="403" name="test_boundaries_shape[&lt;lambda&gt;37]" time="0.0007028579711914062"><skipped message="Suite splitting in effect" type="pytest.skip">src/pymortests/grid.py:403: Suite splitting in effect</skipped></testcase><testcase classname="src.pymortests.grid" file="src/pymortests/grid.py" line="403" name="test_boundaries_shape[&lt;lambda&gt;38]" time="0.00041365623474121094"><skipped message="Suite splitting in effect" type="pytest.skip">src/pymortests/grid.py:403: Suite splitting in effect</skipped></testcase><testcase classname="src.pymortests.grid" file="src/pymortests/grid.py" line="403" name="test_boundaries_shape[&lt;lambda&gt;39]" time="0.0004076957702636719"><skipped message="Suite splitting in effect" type="pytest.skip">src/pymortests/grid.py:403: Suite splitting in effect</skipped></testcase><testcase classname="src.pymortests.grid" file="src/pymortests/grid.py" line="403" name="test_boundaries_shape[&lt;lambda&gt;40]" time="0.0004363059997558594"><skipped message="Suite splitting in effect" type="pytest.skip">src/pymortests/grid.py:403: Suite splitting in effect</skipped></testcase><testcase classname="src.pymortests.grid" file="src/pymortests/grid.py" line="403" name="test_boundaries_shape[&lt;lambda&gt;41]" time="0.00044727325439453125"><skipped message="Suite splitting in effect" type="pytest.skip">src/pymortests/grid.py:403: Suite splitting in effect</skipped></testcase><testcase classname="src.pymortests.grid" file="src/pymortests/grid.py" line="403" name="test_boundaries_shape[&lt;lambda&gt;42]" time="0.00042247772216796875"><skipped message="Suite splitting in effect" type="pytest.skip">src/pymortests/grid.py:403: Suite splitting in effect</skipped></testcase><testcase classname="src.pymortests.grid" file="src/pymortests/grid.py" line="409" name="test_boundaries_dtype[&lt;lambda&gt;0]" time="0.0004258155822753906"><skipped message="Suite splitting in effect" type="pytest.skip">src/pymortests/grid.py:409: Suite splitting in effect</skipped></testcase><testcase classname="src.pymortests.grid" file="src/pymortests/grid.py" line="409" name="test_boundaries_dtype[&lt;lambda&gt;1]" time="0.00043201446533203125"><skipped message="Suite splitting in effect" type="pytest.skip">src/pymortests/grid.py:409: Suite splitting in effect</skipped></testcase><testcase classname="src.pymortests.grid" file="src/pymortests/grid.py" line="409" name="test_boundaries_dtype[&lt;lambda&gt;2]" time="0.000766754150390625"><skipped message="Suite splitting in effect" type="pytest.skip">src/pymortests/grid.py:409: Suite splitting in effect</skipped></testcase><testcase classname="src.pymortests.grid" file="src/pymortests/grid.py" line="409" name="test_boundaries_dtype[&lt;lambda&gt;3]" time="0.0004203319549560547"><skipped message="Suite splitting in effect" type="pytest.skip">src/pymortests/grid.py:409: Suite splitting in effect</skipped></testcase><testcase classname="src.pymortests.grid" file="src/pymortests/grid.py" line="409" name="test_boundaries_dtype[&lt;lambda&gt;4]" time="0.0004324913024902344"><skipped message="Suite splitting in effect" type="pytest.skip">src/pymortests/grid.py:409: Suite splitting in effect</skipped></testcase><testcase classname="src.pymortests.grid" file="src/pymortests/grid.py" line="409" name="test_boundaries_dtype[&lt;lambda&gt;5]" time="0.0004220008850097656"><skipped message="Suite splitting in effect" type="pytest.skip">src/pymortests/grid.py:409: Suite splitting in effect</skipped></testcase><testcase classname="src.pymortests.grid" file="src/pymortests/grid.py" line="409" name="test_boundaries_dtype[&lt;lambda&gt;6]" time="0.0004277229309082031"><skipped message="Suite splitting in effect" type="pytest.skip">src/pymortests/grid.py:409: Suite splitting in effect</skipped></testcase><testcase classname="src.pymortests.grid" file="src/pymortests/grid.py" line="409" name="test_boundaries_dtype[&lt;lambda&gt;7]" time="0.00041174888610839844"><skipped message="Suite splitting in effect" type="pytest.skip">src/pymortests/grid.py:409: Suite splitting in effect</skipped></testcase><testcase classname="src.pymortests.grid" file="src/pymortests/grid.py" line="409" name="test_boundaries_dtype[&lt;lambda&gt;8]" time="0.00042247772216796875"><skipped message="Suite splitting in effect" type="pytest.skip">src/pymortests/grid.py:409: Suite splitting in effect</skipped></testcase><testcase classname="src.pymortests.grid" file="src/pymortests/grid.py" line="409" name="test_boundaries_dtype[&lt;lambda&gt;9]" time="0.0004248619079589844"><skipped message="Suite splitting in effect" type="pytest.skip">src/pymortests/grid.py:409: Suite splitting in effect</skipped></testcase><testcase classname="src.pymortests.grid" file="src/pymortests/grid.py" line="409" name="test_boundaries_dtype[&lt;lambda&gt;10]" time="0.000743865966796875"><skipped message="Suite splitting in effect" type="pytest.skip">src/pymortests/grid.py:409: Suite splitting in effect</skipped></testcase><testcase classname="src.pymortests.grid" file="src/pymortests/grid.py" line="409" name="test_boundaries_dtype[&lt;lambda&gt;11]" time="0.0004150867462158203"><skipped message="Suite splitting in effect" type="pytest.skip">src/pymortests/grid.py:409: Suite splitting in effect</skipped></testcase><testcase classname="src.pymortests.grid" file="src/pymortests/grid.py" line="409" name="test_boundaries_dtype[&lt;lambda&gt;12]" time="0.00043892860412597656"><skipped message="Suite splitting in effect" type="pytest.skip">src/pymortests/grid.py:409: Suite splitting in effect</skipped></testcase><testcase classname="src.pymortests.grid" file="src/pymortests/grid.py" line="409" name="test_boundaries_dtype[&lt;lambda&gt;13]" time="0.000438690185546875"><skipped message="Suite splitting in effect" type="pytest.skip">src/pymortests/grid.py:409: Suite splitting in effect</skipped></testcase><testcase classname="src.pymortests.grid" file="src/pymortests/grid.py" line="409" name="test_boundaries_dtype[&lt;lambda&gt;14]" time="0.0004210472106933594"><skipped message="Suite splitting in effect" type="pytest.skip">src/pymortests/grid.py:409: Suite splitting in effect</skipped></testcase><testcase classname="src.pymortests.grid" file="src/pymortests/grid.py" line="409" name="test_boundaries_dtype[&lt;lambda&gt;15]" time="0.00044465065002441406"><skipped message="Suite splitting in effect" type="pytest.skip">src/pymortests/grid.py:409: Suite splitting in effect</skipped></testcase><testcase classname="src.pymortests.grid" file="src/pymortests/grid.py" line="409" name="test_boundaries_dtype[&lt;lambda&gt;16]" time="0.0004506111145019531"><skipped message="Suite splitting in effect" type="pytest.skip">src/pymortests/grid.py:409: Suite splitting in effect</skipped></testcase><testcase classname="src.pymortests.grid" file="src/pymortests/grid.py" line="409" name="test_boundaries_dtype[&lt;lambda&gt;17]" time="0.0004229545593261719"><skipped message="Suite splitting in effect" type="pytest.skip">src/pymortests/grid.py:409: Suite splitting in effect</skipped></testcase><testcase classname="src.pymortests.grid" file="src/pymortests/grid.py" line="409" name="test_boundaries_dtype[&lt;lambda&gt;18]" time="0.0006985664367675781"><skipped message="Suite splitting in effect" type="pytest.skip">src/pymortests/grid.py:409: Suite splitting in effect</skipped></testcase><testcase classname="src.pymortests.grid" file="src/pymortests/grid.py" line="409" name="test_boundaries_dtype[&lt;lambda&gt;19]" time="0.00040459632873535156"><skipped message="Suite splitting in effect" type="pytest.skip">src/pymortests/grid.py:409: Suite splitting in effect</skipped></testcase><testcase classname="src.pymortests.grid" file="src/pymortests/grid.py" line="409" name="test_boundaries_dtype[&lt;lambda&gt;20]" time="0.00041866302490234375"><skipped message="Suite splitting in effect" type="pytest.skip">src/pymortests/grid.py:409: Suite splitting in effect</skipped></testcase><testcase classname="src.pymortests.grid" file="src/pymortests/grid.py" line="409" name="test_boundaries_dtype[&lt;lambda&gt;21]" time="0.0004138946533203125"><skipped message="Suite splitting in effect" type="pytest.skip">src/pymortests/grid.py:409: Suite splitting in effect</skipped></testcase><testcase classname="src.pymortests.grid" file="src/pymortests/grid.py" line="409" name="test_boundaries_dtype[&lt;lambda&gt;22]" time="0.0004177093505859375"><skipped message="Suite splitting in effect" type="pytest.skip">src/pymortests/grid.py:409: Suite splitting in effect</skipped></testcase><testcase classname="src.pymortests.grid" file="src/pymortests/grid.py" line="409" name="test_boundaries_dtype[&lt;lambda&gt;23]" time="0.0004353523254394531"><skipped message="Suite splitting in effect" type="pytest.skip">src/pymortests/grid.py:409: Suite splitting in effect</skipped></testcase><testcase classname="src.pymortests.grid" file="src/pymortests/grid.py" line="409" name="test_boundaries_dtype[&lt;lambda&gt;24]" time="0.00042057037353515625"><skipped message="Suite splitting in effect" type="pytest.skip">src/pymortests/grid.py:409: Suite splitting in effect</skipped></testcase><testcase classname="src.pymortests.grid" file="src/pymortests/grid.py" line="409" name="test_boundaries_dtype[&lt;lambda&gt;25]" time="0.0004410743713378906"><skipped message="Suite splitting in effect" type="pytest.skip">src/pymortests/grid.py:409: Suite splitting in effect</skipped></testcase><testcase classname="src.pymortests.grid" file="src/pymortests/grid.py" line="409" name="test_boundaries_dtype[&lt;lambda&gt;26]" time="0.00089263916015625"><skipped message="Suite splitting in effect" type="pytest.skip">src/pymortests/grid.py:409: Suite splitting in effect</skipped></testcase><testcase classname="src.pymortests.grid" file="src/pymortests/grid.py" line="409" name="test_boundaries_dtype[&lt;lambda&gt;27]" time="0.00041794776916503906"><skipped message="Suite splitting in effect" type="pytest.skip">src/pymortests/grid.py:409: Suite splitting in effect</skipped></testcase><testcase classname="src.pymortests.grid" file="src/pymortests/grid.py" line="409" name="test_boundaries_dtype[&lt;lambda&gt;28]" time="0.0004658699035644531"><skipped message="Suite splitting in effect" type="pytest.skip">src/pymortests/grid.py:409: Suite splitting in effect</skipped></testcase><testcase classname="src.pymortests.grid" file="src/pymortests/grid.py" line="409" name="test_boundaries_dtype[&lt;lambda&gt;29]" time="0.00043392181396484375"><skipped message="Suite splitting in effect" type="pytest.skip">src/pymortests/grid.py:409: Suite splitting in effect</skipped></testcase><testcase classname="src.pymortests.grid" file="src/pymortests/grid.py" line="409" name="test_boundaries_dtype[&lt;lambda&gt;30]" time="0.0004069805145263672"><skipped message="Suite splitting in effect" type="pytest.skip">src/pymortests/grid.py:409: Suite splitting in effect</skipped></testcase><testcase classname="src.pymortests.grid" file="src/pymortests/grid.py" line="409" name="test_boundaries_dtype[&lt;lambda&gt;31]" time="0.0004305839538574219"><skipped message="Suite splitting in effect" type="pytest.skip">src/pymortests/grid.py:409: Suite splitting in effect</skipped></testcase><testcase classname="src.pymortests.grid" file="src/pymortests/grid.py" line="409" name="test_boundaries_dtype[&lt;lambda&gt;32]" time="0.00040912628173828125"><skipped message="Suite splitting in effect" type="pytest.skip">src/pymortests/grid.py:409: Suite splitting in effect</skipped></testcase><testcase classname="src.pymortests.grid" file="src/pymortests/grid.py" line="409" name="test_boundaries_dtype[&lt;lambda&gt;33]" time="0.00041985511779785156"><skipped message="Suite splitting in effect" type="pytest.skip">src/pymortests/grid.py:409: Suite splitting in effect</skipped></testcase><testcase classname="src.pymortests.grid" file="src/pymortests/grid.py" line="409" name="test_boundaries_dtype[&lt;lambda&gt;34]" time="0.0007658004760742188"><skipped message="Suite splitting in effect" type="pytest.skip">src/pymortests/grid.py:409: Suite splitting in effect</skipped></testcase><testcase classname="src.pymortests.grid" file="src/pymortests/grid.py" line="409" name="test_boundaries_dtype[&lt;lambda&gt;35]" time="0.0004215240478515625"><skipped message="Suite splitting in effect" type="pytest.skip">src/pymortests/grid.py:409: Suite splitting in effect</skipped></testcase><testcase classname="src.pymortests.grid" file="src/pymortests/grid.py" line="409" name="test_boundaries_dtype[&lt;lambda&gt;36]" time="0.0004315376281738281"><skipped message="Suite splitting in effect" type="pytest.skip">src/pymortests/grid.py:409: Suite splitting in effect</skipped></testcase><testcase classname="src.pymortests.grid" file="src/pymortests/grid.py" line="409" name="test_boundaries_dtype[&lt;lambda&gt;37]" time="0.00045228004455566406"><skipped message="Suite splitting in effect" type="pytest.skip">src/pymortests/grid.py:409: Suite splitting in effect</skipped></testcase><testcase classname="src.pymortests.grid" file="src/pymortests/grid.py" line="409" name="test_boundaries_dtype[&lt;lambda&gt;38]" time="0.0004570484161376953"><skipped message="Suite splitting in effect" type="pytest.skip">src/pymortests/grid.py:409: Suite splitting in effect</skipped></testcase><testcase classname="src.pymortests.grid" file="src/pymortests/grid.py" line="409" name="test_boundaries_dtype[&lt;lambda&gt;39]" time="0.0004265308380126953"><skipped message="Suite splitting in effect" type="pytest.skip">src/pymortests/grid.py:409: Suite splitting in effect</skipped></testcase><testcase classname="src.pymortests.grid" file="src/pymortests/grid.py" line="409" name="test_boundaries_dtype[&lt;lambda&gt;40]" time="0.0004153251647949219"><skipped message="Suite splitting in effect" type="pytest.skip">src/pymortests/grid.py:409: Suite splitting in effect</skipped></testcase><testcase classname="src.pymortests.grid" file="src/pymortests/grid.py" line="409" name="test_boundaries_dtype[&lt;lambda&gt;41]" time="0.0012824535369873047"><skipped message="Suite splitting in effect" type="pytest.skip">src/pymortests/grid.py:409: Suite splitting in effect</skipped></testcase><testcase classname="src.pymortests.grid" file="src/pymortests/grid.py" line="409" name="test_boundaries_dtype[&lt;lambda&gt;42]" time="0.0007503032684326172"><skipped message="Suite splitting in effect" type="pytest.skip">src/pymortests/grid.py:409: Suite splitting in effect</skipped></testcase><testcase classname="src.pymortests.grid" file="src/pymortests/grid.py" line="415" name="test_boundaries_entry_value_range[&lt;lambda&gt;0]" time="0.00042128562927246094"><skipped message="Suite splitting in effect" type="pytest.skip">src/pymortests/grid.py:415: Suite splitting in effect</skipped></testcase><testcase classname="src.pymortests.grid" file="src/pymortests/grid.py" line="415" name="test_boundaries_entry_value_range[&lt;lambda&gt;1]" time="0.000415802001953125"><skipped message="Suite splitting in effect" type="pytest.skip">src/pymortests/grid.py:415: Suite splitting in effect</skipped></testcase><testcase classname="src.pymortests.grid" file="src/pymortests/grid.py" line="415" name="test_boundaries_entry_value_range[&lt;lambda&gt;2]" time="0.0004305839538574219"><skipped message="Suite splitting in effect" type="pytest.skip">src/pymortests/grid.py:415: Suite splitting in effect</skipped></testcase><testcase classname="src.pymortests.grid" file="src/pymortests/grid.py" line="415" name="test_boundaries_entry_value_range[&lt;lambda&gt;3]" time="0.0004429817199707031"><skipped message="Suite splitting in effect" type="pytest.skip">src/pymortests/grid.py:415: Suite splitting in effect</skipped></testcase><testcase classname="src.pymortests.grid" file="src/pymortests/grid.py" line="415" name="test_boundaries_entry_value_range[&lt;lambda&gt;4]" time="0.00044846534729003906"><skipped message="Suite splitting in effect" type="pytest.skip">src/pymortests/grid.py:415: Suite splitting in effect</skipped></testcase><testcase classname="src.pymortests.grid" file="src/pymortests/grid.py" line="415" name="test_boundaries_entry_value_range[&lt;lambda&gt;5]" time="0.0004172325134277344"><skipped message="Suite splitting in effect" type="pytest.skip">src/pymortests/grid.py:415: Suite splitting in effect</skipped></testcase><testcase classname="src.pymortests.grid" file="src/pymortests/grid.py" line="415" name="test_boundaries_entry_value_range[&lt;lambda&gt;6]" time="0.0004267692565917969"><skipped message="Suite splitting in effect" type="pytest.skip">src/pymortests/grid.py:415: Suite splitting in effect</skipped></testcase><testcase classname="src.pymortests.grid" file="src/pymortests/grid.py" line="415" name="test_boundaries_entry_value_range[&lt;lambda&gt;7]" time="0.0007312297821044922"><skipped message="Suite splitting in effect" type="pytest.skip">src/pymortests/grid.py:415: Suite splitting in effect</skipped></testcase><testcase classname="src.pymortests.grid" file="src/pymortests/grid.py" line="415" name="test_boundaries_entry_value_range[&lt;lambda&gt;8]" time="0.00042510032653808594"><skipped message="Suite splitting in effect" type="pytest.skip">src/pymortests/grid.py:415: Suite splitting in effect</skipped></testcase><testcase classname="src.pymortests.grid" file="src/pymortests/grid.py" line="415" name="test_boundaries_entry_value_range[&lt;lambda&gt;9]" time="0.000431060791015625"><skipped message="Suite splitting in effect" type="pytest.skip">src/pymortests/grid.py:415: Suite splitting in effect</skipped></testcase><testcase classname="src.pymortests.grid" file="src/pymortests/grid.py" line="415" name="test_boundaries_entry_value_range[&lt;lambda&gt;10]" time="0.00042128562927246094"><skipped message="Suite splitting in effect" type="pytest.skip">src/pymortests/grid.py:415: Suite splitting in effect</skipped></testcase><testcase classname="src.pymortests.grid" file="src/pymortests/grid.py" line="415" name="test_boundaries_entry_value_range[&lt;lambda&gt;11]" time="0.0004405975341796875"><skipped message="Suite splitting in effect" type="pytest.skip">src/pymortests/grid.py:415: Suite splitting in effect</skipped></testcase><testcase classname="src.pymortests.grid" file="src/pymortests/grid.py" line="415" name="test_boundaries_entry_value_range[&lt;lambda&gt;12]" time="0.00046634674072265625"><skipped message="Suite splitting in effect" type="pytest.skip">src/pymortests/grid.py:415: Suite splitting in effect</skipped></testcase><testcase classname="src.pymortests.grid" file="src/pymortests/grid.py" line="415" name="test_boundaries_entry_value_range[&lt;lambda&gt;13]" time="0.0004420280456542969"><skipped message="Suite splitting in effect" type="pytest.skip">src/pymortests/grid.py:415: Suite splitting in effect</skipped></testcase><testcase classname="src.pymortests.grid" file="src/pymortests/grid.py" line="415" name="test_boundaries_entry_value_range[&lt;lambda&gt;14]" time="0.0004239082336425781"><skipped message="Suite splitting in effect" type="pytest.skip">src/pymortests/grid.py:415: Suite splitting in effect</skipped></testcase><testcase classname="src.pymortests.grid" file="src/pymortests/grid.py" line="415" name="test_boundaries_entry_value_range[&lt;lambda&gt;15]" time="0.0007104873657226562"><skipped message="Suite splitting in effect" type="pytest.skip">src/pymortests/grid.py:415: Suite splitting in effect</skipped></testcase><testcase classname="src.pymortests.grid" file="src/pymortests/grid.py" line="415" name="test_boundaries_entry_value_range[&lt;lambda&gt;16]" time="0.0004050731658935547"><skipped message="Suite splitting in effect" type="pytest.skip">src/pymortests/grid.py:415: Suite splitting in effect</skipped></testcase><testcase classname="src.pymortests.grid" file="src/pymortests/grid.py" line="415" name="test_boundaries_entry_value_range[&lt;lambda&gt;17]" time="0.00041961669921875"><skipped message="Suite splitting in effect" type="pytest.skip">src/pymortests/grid.py:415: Suite splitting in effect</skipped></testcase><testcase classname="src.pymortests.grid" file="src/pymortests/grid.py" line="415" name="test_boundaries_entry_value_range[&lt;lambda&gt;18]" time="0.00041556358337402344"><skipped message="Suite splitting in effect" type="pytest.skip">src/pymortests/grid.py:415: Suite splitting in effect</skipped></testcase><testcase classname="src.pymortests.grid" file="src/pymortests/grid.py" line="415" name="test_boundaries_entry_value_range[&lt;lambda&gt;19]" time="0.0004496574401855469"><skipped message="Suite splitting in effect" type="pytest.skip">src/pymortests/grid.py:415: Suite splitting in effect</skipped></testcase><testcase classname="src.pymortests.grid" file="src/pymortests/grid.py" line="415" name="test_boundaries_entry_value_range[&lt;lambda&gt;20]" time="0.0004477500915527344"><skipped message="Suite splitting in effect" type="pytest.skip">src/pymortests/grid.py:415: Suite splitting in effect</skipped></testcase><testcase classname="src.pymortests.grid" file="src/pymortests/grid.py" line="415" name="test_boundaries_entry_value_range[&lt;lambda&gt;21]" time="0.0004684925079345703"><skipped message="Suite splitting in effect" type="pytest.skip">src/pymortests/grid.py:415: Suite splitting in effect</skipped></testcase><testcase classname="src.pymortests.grid" file="src/pymortests/grid.py" line="415" name="test_boundaries_entry_value_range[&lt;lambda&gt;22]" time="0.0004477500915527344"><skipped message="Suite splitting in effect" type="pytest.skip">src/pymortests/grid.py:415: Suite splitting in effect</skipped></testcase><testcase classname="src.pymortests.grid" file="src/pymortests/grid.py" line="415" name="test_boundaries_entry_value_range[&lt;lambda&gt;23]" time="0.0007839202880859375"><skipped message="Suite splitting in effect" type="pytest.skip">src/pymortests/grid.py:415: Suite splitting in effect</skipped></testcase><testcase classname="src.pymortests.grid" file="src/pymortests/grid.py" line="415" name="test_boundaries_entry_value_range[&lt;lambda&gt;24]" time="0.00043010711669921875"><skipped message="Suite splitting in effect" type="pytest.skip">src/pymortests/grid.py:415: Suite splitting in effect</skipped></testcase><testcase classname="src.pymortests.grid" file="src/pymortests/grid.py" line="415" name="test_boundaries_entry_value_range[&lt;lambda&gt;25]" time="0.0004601478576660156"><skipped message="Suite splitting in effect" type="pytest.skip">src/pymortests/grid.py:415: Suite splitting in effect</skipped></testcase><testcase classname="src.pymortests.grid" file="src/pymortests/grid.py" line="415" name="test_boundaries_entry_value_range[&lt;lambda&gt;26]" time="0.00044727325439453125"><skipped message="Suite splitting in effect" type="pytest.skip">src/pymortests/grid.py:415: Suite splitting in effect</skipped></testcase><testcase classname="src.pymortests.grid" file="src/pymortests/grid.py" line="415" name="test_boundaries_entry_value_range[&lt;lambda&gt;27]" time="0.0004200935363769531"><skipped message="Suite splitting in effect" type="pytest.skip">src/pymortests/grid.py:415: Suite splitting in effect</skipped></testcase><testcase classname="src.pymortests.grid" file="src/pymortests/grid.py" line="415" name="test_boundaries_entry_value_range[&lt;lambda&gt;28]" time="0.0004131793975830078"><skipped message="Suite splitting in effect" type="pytest.skip">src/pymortests/grid.py:415: Suite splitting in effect</skipped></testcase><testcase classname="src.pymortests.grid" file="src/pymortests/grid.py" line="415" name="test_boundaries_entry_value_range[&lt;lambda&gt;29]" time="0.00047135353088378906"><skipped message="Suite splitting in effect" type="pytest.skip">src/pymortests/grid.py:415: Suite splitting in effect</skipped></testcase><testcase classname="src.pymortests.grid" file="src/pymortests/grid.py" line="415" name="test_boundaries_entry_value_range[&lt;lambda&gt;30]" time="0.00044798851013183594"><skipped message="Suite splitting in effect" type="pytest.skip">src/pymortests/grid.py:415: Suite splitting in effect</skipped></testcase><testcase classname="src.pymortests.grid" file="src/pymortests/grid.py" line="415" name="test_boundaries_entry_value_range[&lt;lambda&gt;31]" time="0.0008649826049804688"><skipped message="Suite splitting in effect" type="pytest.skip">src/pymortests/grid.py:415: Suite splitting in effect</skipped></testcase><testcase classname="src.pymortests.grid" file="src/pymortests/grid.py" line="415" name="test_boundaries_entry_value_range[&lt;lambda&gt;32]" time="0.00042176246643066406"><skipped message="Suite splitting in effect" type="pytest.skip">src/pymortests/grid.py:415: Suite splitting in effect</skipped></testcase><testcase classname="src.pymortests.grid" file="src/pymortests/grid.py" line="415" name="test_boundaries_entry_value_range[&lt;lambda&gt;33]" time="0.00044345855712890625"><skipped message="Suite splitting in effect" type="pytest.skip">src/pymortests/grid.py:415: Suite splitting in effect</skipped></testcase><testcase classname="src.pymortests.grid" file="src/pymortests/grid.py" line="415" name="test_boundaries_entry_value_range[&lt;lambda&gt;34]" time="0.0004525184631347656"><skipped message="Suite splitting in effect" type="pytest.skip">src/pymortests/grid.py:415: Suite splitting in effect</skipped></testcase><testcase classname="src.pymortests.grid" file="src/pymortests/grid.py" line="415" name="test_boundaries_entry_value_range[&lt;lambda&gt;35]" time="0.0004246234893798828"><skipped message="Suite splitting in effect" type="pytest.skip">src/pymortests/grid.py:415: Suite splitting in effect</skipped></testcase><testcase classname="src.pymortests.grid" file="src/pymortests/grid.py" line="415" name="test_boundaries_entry_value_range[&lt;lambda&gt;36]" time="0.00044083595275878906"><skipped message="Suite splitting in effect" type="pytest.skip">src/pymortests/grid.py:415: Suite splitting in effect</skipped></testcase><testcase classname="src.pymortests.grid" file="src/pymortests/grid.py" line="415" name="test_boundaries_entry_value_range[&lt;lambda&gt;37]" time="0.0004334449768066406"><skipped message="Suite splitting in effect" type="pytest.skip">src/pymortests/grid.py:415: Suite splitting in effect</skipped></testcase><testcase classname="src.pymortests.grid" file="src/pymortests/grid.py" line="415" name="test_boundaries_entry_value_range[&lt;lambda&gt;38]" time="0.0004699230194091797"><skipped message="Suite splitting in effect" type="pytest.skip">src/pymortests/grid.py:415: Suite splitting in effect</skipped></testcase><testcase classname="src.pymortests.grid" file="src/pymortests/grid.py" line="415" name="test_boundaries_entry_value_range[&lt;lambda&gt;39]" time="0.0007512569427490234"><skipped message="Suite splitting in effect" type="pytest.skip">src/pymortests/grid.py:415: Suite splitting in effect</skipped></testcase><testcase classname="src.pymortests.grid" file="src/pymortests/grid.py" line="415" name="test_boundaries_entry_value_range[&lt;lambda&gt;40]" time="0.000423431396484375"><skipped message="Suite splitting in effect" type="pytest.skip">src/pymortests/grid.py:415: Suite splitting in effect</skipped></testcase><testcase classname="src.pymortests.grid" file="src/pymortests/grid.py" line="415" name="test_boundaries_entry_value_range[&lt;lambda&gt;41]" time="0.0004191398620605469"><skipped message="Suite splitting in effect" type="pytest.skip">src/pymortests/grid.py:415: Suite splitting in effect</skipped></testcase><testcase classname="src.pymortests.grid" file="src/pymortests/grid.py" line="415" name="test_boundaries_entry_value_range[&lt;lambda&gt;42]" time="0.0004246234893798828"><skipped message="Suite splitting in effect" type="pytest.skip">src/pymortests/grid.py:415: Suite splitting in effect</skipped></testcase><testcase classname="src.pymortests.grid" file="src/pymortests/grid.py" line="422" name="test_boundaries_entries[&lt;lambda&gt;0]" time="0.0004718303680419922"><skipped message="Suite splitting in effect" type="pytest.skip">src/pymortests/grid.py:422: Suite splitting in effect</skipped></testcase><testcase classname="src.pymortests.grid" file="src/pymortests/grid.py" line="422" name="test_boundaries_entries[&lt;lambda&gt;1]" time="0.0004742145538330078"><skipped message="Suite splitting in effect" type="pytest.skip">src/pymortests/grid.py:422: Suite splitting in effect</skipped></testcase><testcase classname="src.pymortests.grid" file="src/pymortests/grid.py" line="422" name="test_boundaries_entries[&lt;lambda&gt;2]" time="0.00042247772216796875"><skipped message="Suite splitting in effect" type="pytest.skip">src/pymortests/grid.py:422: Suite splitting in effect</skipped></testcase><testcase classname="src.pymortests.grid" file="src/pymortests/grid.py" line="422" name="test_boundaries_entries[&lt;lambda&gt;3]" time="0.0004265308380126953"><skipped message="Suite splitting in effect" type="pytest.skip">src/pymortests/grid.py:422: Suite splitting in effect</skipped></testcase><testcase classname="src.pymortests.grid" file="src/pymortests/grid.py" line="422" name="test_boundaries_entries[&lt;lambda&gt;4]" time="0.000728607177734375"><skipped message="Suite splitting in effect" type="pytest.skip">src/pymortests/grid.py:422: Suite splitting in effect</skipped></testcase><testcase classname="src.pymortests.grid" file="src/pymortests/grid.py" line="422" name="test_boundaries_entries[&lt;lambda&gt;5]" time="0.00041985511779785156"><skipped message="Suite splitting in effect" type="pytest.skip">src/pymortests/grid.py:422: Suite splitting in effect</skipped></testcase><testcase classname="src.pymortests.grid" file="src/pymortests/grid.py" line="422" name="test_boundaries_entries[&lt;lambda&gt;6]" time="0.0004208087921142578"><skipped message="Suite splitting in effect" type="pytest.skip">src/pymortests/grid.py:422: Suite splitting in effect</skipped></testcase><testcase classname="src.pymortests.grid" file="src/pymortests/grid.py" line="422" name="test_boundaries_entries[&lt;lambda&gt;7]" time="0.0004363059997558594"><skipped message="Suite splitting in effect" type="pytest.skip">src/pymortests/grid.py:422: Suite splitting in effect</skipped></testcase><testcase classname="src.pymortests.grid" file="src/pymortests/grid.py" line="422" name="test_boundaries_entries[&lt;lambda&gt;8]" time="0.0004322528839111328"><skipped message="Suite splitting in effect" type="pytest.skip">src/pymortests/grid.py:422: Suite splitting in effect</skipped></testcase><testcase classname="src.pymortests.grid" file="src/pymortests/grid.py" line="422" name="test_boundaries_entries[&lt;lambda&gt;9]" time="0.0004248619079589844"><skipped message="Suite splitting in effect" type="pytest.skip">src/pymortests/grid.py:422: Suite splitting in effect</skipped></testcase><testcase classname="src.pymortests.grid" file="src/pymortests/grid.py" line="422" name="test_boundaries_entries[&lt;lambda&gt;10]" time="0.00043010711669921875"><skipped message="Suite splitting in effect" type="pytest.skip">src/pymortests/grid.py:422: Suite splitting in effect</skipped></testcase><testcase classname="src.pymortests.grid" file="src/pymortests/grid.py" line="422" name="test_boundaries_entries[&lt;lambda&gt;11]" time="0.00042247772216796875"><skipped message="Suite splitting in effect" type="pytest.skip">src/pymortests/grid.py:422: Suite splitting in effect</skipped></testcase><testcase classname="src.pymortests.grid" file="src/pymortests/grid.py" line="422" name="test_boundaries_entries[&lt;lambda&gt;12]" time="0.0007157325744628906"><skipped message="Suite splitting in effect" type="pytest.skip">src/pymortests/grid.py:422: Suite splitting in effect</skipped></testcase><testcase classname="src.pymortests.grid" file="src/pymortests/grid.py" line="422" name="test_boundaries_entries[&lt;lambda&gt;13]" time="0.00040602684020996094"><skipped message="Suite splitting in effect" type="pytest.skip">src/pymortests/grid.py:422: Suite splitting in effect</skipped></testcase><testcase classname="src.pymortests.grid" file="src/pymortests/grid.py" line="422" name="test_boundaries_entries[&lt;lambda&gt;14]" time="0.0004200935363769531"><skipped message="Suite splitting in effect" type="pytest.skip">src/pymortests/grid.py:422: Suite splitting in effect</skipped></testcase><testcase classname="src.pymortests.grid" file="src/pymortests/grid.py" line="422" name="test_boundaries_entries[&lt;lambda&gt;15]" time="0.000415802001953125"><skipped message="Suite splitting in effect" type="pytest.skip">src/pymortests/grid.py:422: Suite splitting in effect</skipped></testcase><testcase classname="src.pymortests.grid" file="src/pymortests/grid.py" line="422" name="test_boundaries_entries[&lt;lambda&gt;16]" time="0.00042819976806640625"><skipped message="Suite splitting in effect" type="pytest.skip">src/pymortests/grid.py:422: Suite splitting in effect</skipped></testcase><testcase classname="src.pymortests.grid" file="src/pymortests/grid.py" line="422" name="test_boundaries_entries[&lt;lambda&gt;17]" time="0.00041937828063964844"><skipped message="Suite splitting in effect" type="pytest.skip">src/pymortests/grid.py:422: Suite splitting in effect</skipped></testcase><testcase classname="src.pymortests.grid" file="src/pymortests/grid.py" line="422" name="test_boundaries_entries[&lt;lambda&gt;18]" time="0.0004222393035888672"><skipped message="Suite splitting in effect" type="pytest.skip">src/pymortests/grid.py:422: Suite splitting in effect</skipped></testcase><testcase classname="src.pymortests.grid" file="src/pymortests/grid.py" line="422" name="test_boundaries_entries[&lt;lambda&gt;19]" time="0.00044536590576171875"><skipped message="Suite splitting in effect" type="pytest.skip">src/pymortests/grid.py:422: Suite splitting in effect</skipped></testcase><testcase classname="src.pymortests.grid" file="src/pymortests/grid.py" line="422" name="test_boundaries_entries[&lt;lambda&gt;20]" time="0.0007424354553222656"><skipped message="Suite splitting in effect" type="pytest.skip">src/pymortests/grid.py:422: Suite splitting in effect</skipped></testcase><testcase classname="src.pymortests.grid" file="src/pymortests/grid.py" line="422" name="test_boundaries_entries[&lt;lambda&gt;21]" time="0.00043702125549316406"><skipped message="Suite splitting in effect" type="pytest.skip">src/pymortests/grid.py:422: Suite splitting in effect</skipped></testcase><testcase classname="src.pymortests.grid" file="src/pymortests/grid.py" line="422" name="test_boundaries_entries[&lt;lambda&gt;22]" time="0.00046133995056152344"><skipped message="Suite splitting in effect" type="pytest.skip">src/pymortests/grid.py:422: Suite splitting in effect</skipped></testcase><testcase classname="src.pymortests.grid" file="src/pymortests/grid.py" line="422" name="test_boundaries_entries[&lt;lambda&gt;23]" time="0.0004367828369140625"><skipped message="Suite splitting in effect" type="pytest.skip">src/pymortests/grid.py:422: Suite splitting in effect</skipped></testcase><testcase classname="src.pymortests.grid" file="src/pymortests/grid.py" line="422" name="test_boundaries_entries[&lt;lambda&gt;24]" time="0.0004191398620605469"><skipped message="Suite splitting in effect" type="pytest.skip">src/pymortests/grid.py:422: Suite splitting in effect</skipped></testcase><testcase classname="src.pymortests.grid" file="src/pymortests/grid.py" line="422" name="test_boundaries_entries[&lt;lambda&gt;25]" time="0.00045752525329589844"><skipped message="Suite splitting in effect" type="pytest.skip">src/pymortests/grid.py:422: Suite splitting in effect</skipped></testcase><testcase classname="src.pymortests.grid" file="src/pymortests/grid.py" line="422" name="test_boundaries_entries[&lt;lambda&gt;26]" time="0.00042057037353515625"><skipped message="Suite splitting in effect" type="pytest.skip">src/pymortests/grid.py:422: Suite splitting in effect</skipped></testcase><testcase classname="src.pymortests.grid" file="src/pymortests/grid.py" line="422" name="test_boundaries_entries[&lt;lambda&gt;27]" time="0.0004379749298095703"><skipped message="Suite splitting in effect" type="pytest.skip">src/pymortests/grid.py:422: Suite splitting in effect</skipped></testcase><testcase classname="src.pymortests.grid" file="src/pymortests/grid.py" line="422" name="test_boundaries_entries[&lt;lambda&gt;28]" time="0.0007882118225097656"><skipped message="Suite splitting in effect" type="pytest.skip">src/pymortests/grid.py:422: Suite splitting in effect</skipped></testcase><testcase classname="src.pymortests.grid" file="src/pymortests/grid.py" line="422" name="test_boundaries_entries[&lt;lambda&gt;29]" time="0.00042438507080078125"><skipped message="Suite splitting in effect" type="pytest.skip">src/pymortests/grid.py:422: Suite splitting in effect</skipped></testcase><testcase classname="src.pymortests.grid" file="src/pymortests/grid.py" line="422" name="test_boundaries_entries[&lt;lambda&gt;30]" time="0.0004191398620605469"><skipped message="Suite splitting in effect" type="pytest.skip">src/pymortests/grid.py:422: Suite splitting in effect</skipped></testcase><testcase classname="src.pymortests.grid" file="src/pymortests/grid.py" line="422" name="test_boundaries_entries[&lt;lambda&gt;31]" time="0.0004596710205078125"><skipped message="Suite splitting in effect" type="pytest.skip">src/pymortests/grid.py:422: Suite splitting in effect</skipped></testcase><testcase classname="src.pymortests.grid" file="src/pymortests/grid.py" line="422" name="test_boundaries_entries[&lt;lambda&gt;32]" time="0.000415802001953125"><skipped message="Suite splitting in effect" type="pytest.skip">src/pymortests/grid.py:422: Suite splitting in effect</skipped></testcase><testcase classname="src.pymortests.grid" file="src/pymortests/grid.py" line="422" name="test_boundaries_entries[&lt;lambda&gt;33]" time="0.0004208087921142578"><skipped message="Suite splitting in effect" type="pytest.skip">src/pymortests/grid.py:422: Suite splitting in effect</skipped></testcase><testcase classname="src.pymortests.grid" file="src/pymortests/grid.py" line="422" name="test_boundaries_entries[&lt;lambda&gt;34]" time="0.00043010711669921875"><skipped message="Suite splitting in effect" type="pytest.skip">src/pymortests/grid.py:422: Suite splitting in effect</skipped></testcase><testcase classname="src.pymortests.grid" file="src/pymortests/grid.py" line="422" name="test_boundaries_entries[&lt;lambda&gt;35]" time="0.00045871734619140625"><skipped message="Suite splitting in effect" type="pytest.skip">src/pymortests/grid.py:422: Suite splitting in effect</skipped></testcase><testcase classname="src.pymortests.grid" file="src/pymortests/grid.py" line="422" name="test_boundaries_entries[&lt;lambda&gt;36]" time="0.0009629726409912109"><skipped message="Suite splitting in effect" type="pytest.skip">src/pymortests/grid.py:422: Suite splitting in effect</skipped></testcase><testcase classname="src.pymortests.grid" file="src/pymortests/grid.py" line="422" name="test_boundaries_entries[&lt;lambda&gt;37]" time="0.00042128562927246094"><skipped message="Suite splitting in effect" type="pytest.skip">src/pymortests/grid.py:422: Suite splitting in effect</skipped></testcase><testcase classname="src.pymortests.grid" file="src/pymortests/grid.py" line="422" name="test_boundaries_entries[&lt;lambda&gt;38]" time="0.00041794776916503906"><skipped message="Suite splitting in effect" type="pytest.skip">src/pymortests/grid.py:422: Suite splitting in effect</skipped></testcase><testcase classname="src.pymortests.grid" file="src/pymortests/grid.py" line="422" name="test_boundaries_entries[&lt;lambda&gt;39]" time="0.0004112720489501953"><skipped message="Suite splitting in effect" type="pytest.skip">src/pymortests/grid.py:422: Suite splitting in effect</skipped></testcase><testcase classname="src.pymortests.grid" file="src/pymortests/grid.py" line="422" name="test_boundaries_entries[&lt;lambda&gt;40]" time="0.00041937828063964844"><skipped message="Suite splitting in effect" type="pytest.skip">src/pymortests/grid.py:422: Suite splitting in effect</skipped></testcase><testcase classname="src.pymortests.grid" file="src/pymortests/grid.py" line="422" name="test_boundaries_entries[&lt;lambda&gt;41]" time="0.0004448890686035156"><skipped message="Suite splitting in effect" type="pytest.skip">src/pymortests/grid.py:422: Suite splitting in effect</skipped></testcase><testcase classname="src.pymortests.grid" file="src/pymortests/grid.py" line="422" name="test_boundaries_entries[&lt;lambda&gt;42]" time="0.0004324913024902344"><skipped message="Suite splitting in effect" type="pytest.skip">src/pymortests/grid.py:422: Suite splitting in effect</skipped></testcase><testcase classname="src.pymortests.grid" file="src/pymortests/grid.py" line="428" name="test_pickle[&lt;lambda&gt;0]" time="0.0004150867462158203"><skipped message="Suite splitting in effect" type="pytest.skip">src/pymortests/grid.py:428: Suite splitting in effect</skipped></testcase><testcase classname="src.pymortests.grid" file="src/pymortests/grid.py" line="428" name="test_pickle[&lt;lambda&gt;1]" time="0.0007605552673339844"><skipped message="Suite splitting in effect" type="pytest.skip">src/pymortests/grid.py:428: Suite splitting in effect</skipped></testcase><testcase classname="src.pymortests.grid" file="src/pymortests/grid.py" line="428" name="test_pickle[&lt;lambda&gt;2]" time="0.00040841102600097656"><skipped message="Suite splitting in effect" type="pytest.skip">src/pymortests/grid.py:428: Suite splitting in effect</skipped></testcase><testcase classname="src.pymortests.grid" file="src/pymortests/grid.py" line="428" name="test_pickle[&lt;lambda&gt;3]" time="0.0004246234893798828"><skipped message="Suite splitting in effect" type="pytest.skip">src/pymortests/grid.py:428: Suite splitting in effect</skipped></testcase><testcase classname="src.pymortests.grid" file="src/pymortests/grid.py" line="428" name="test_pickle[&lt;lambda&gt;4]" time="0.00043845176696777344"><skipped message="Suite splitting in effect" type="pytest.skip">src/pymortests/grid.py:428: Suite splitting in effect</skipped></testcase><testcase classname="src.pymortests.grid" file="src/pymortests/grid.py" line="428" name="test_pickle[&lt;lambda&gt;5]" time="0.00041365623474121094"><skipped message="Suite splitting in effect" type="pytest.skip">src/pymortests/grid.py:428: Suite splitting in effect</skipped></testcase><testcase classname="src.pymortests.grid" file="src/pymortests/grid.py" line="428" name="test_pickle[&lt;lambda&gt;6]" time="0.00048089027404785156"><skipped message="Suite splitting in effect" type="pytest.skip">src/pymortests/grid.py:428: Suite splitting in effect</skipped></testcase><testcase classname="src.pymortests.grid" file="src/pymortests/grid.py" line="428" name="test_pickle[&lt;lambda&gt;7]" time="0.0004093647003173828"><skipped message="Suite splitting in effect" type="pytest.skip">src/pymortests/grid.py:428: Suite splitting in effect</skipped></testcase><testcase classname="src.pymortests.grid" file="src/pymortests/grid.py" line="428" name="test_pickle[&lt;lambda&gt;8]" time="0.0004475116729736328"><skipped message="Suite splitting in effect" type="pytest.skip">src/pymortests/grid.py:428: Suite splitting in effect</skipped></testcase><testcase classname="src.pymortests.grid" file="src/pymortests/grid.py" line="428" name="test_pickle[&lt;lambda&gt;9]" time="0.0007143020629882812"><skipped message="Suite splitting in effect" type="pytest.skip">src/pymortests/grid.py:428: Suite splitting in effect</skipped></testcase><testcase classname="src.pymortests.grid" file="src/pymortests/grid.py" line="428" name="test_pickle[&lt;lambda&gt;10]" time="0.0004260540008544922"><skipped message="Suite splitting in effect" type="pytest.skip">src/pymortests/grid.py:428: Suite splitting in effect</skipped></testcase><testcase classname="src.pymortests.grid" file="src/pymortests/grid.py" line="428" name="test_pickle[&lt;lambda&gt;11]" time="0.00047016143798828125"><skipped message="Suite splitting in effect" type="pytest.skip">src/pymortests/grid.py:428: Suite splitting in effect</skipped></testcase><testcase classname="src.pymortests.grid" file="src/pymortests/grid.py" line="428" name="test_pickle[&lt;lambda&gt;12]" time="0.00042176246643066406"><skipped message="Suite splitting in effect" type="pytest.skip">src/pymortests/grid.py:428: Suite splitting in effect</skipped></testcase><testcase classname="src.pymortests.grid" file="src/pymortests/grid.py" line="428" name="test_pickle[&lt;lambda&gt;13]" time="0.0004374980926513672"><skipped message="Suite splitting in effect" type="pytest.skip">src/pymortests/grid.py:428: Suite splitting in effect</skipped></testcase><testcase classname="src.pymortests.grid" file="src/pymortests/grid.py" line="428" name="test_pickle[&lt;lambda&gt;14]" time="0.0004258155822753906"><skipped message="Suite splitting in effect" type="pytest.skip">src/pymortests/grid.py:428: Suite splitting in effect</skipped></testcase><testcase classname="src.pymortests.grid" file="src/pymortests/grid.py" line="428" name="test_pickle[&lt;lambda&gt;15]" time="0.0004057884216308594"><skipped message="Suite splitting in effect" type="pytest.skip">src/pymortests/grid.py:428: Suite splitting in effect</skipped></testcase><testcase classname="src.pymortests.grid" file="src/pymortests/grid.py" line="428" name="test_pickle[&lt;lambda&gt;16]" time="0.00042939186096191406"><skipped message="Suite splitting in effect" type="pytest.skip">src/pymortests/grid.py:428: Suite splitting in effect</skipped></testcase><testcase classname="src.pymortests.grid" file="src/pymortests/grid.py" line="428" name="test_pickle[&lt;lambda&gt;17]" time="0.0007450580596923828"><skipped message="Suite splitting in effect" type="pytest.skip">src/pymortests/grid.py:428: Suite splitting in effect</skipped></testcase><testcase classname="src.pymortests.grid" file="src/pymortests/grid.py" line="428" name="test_pickle[&lt;lambda&gt;18]" time="0.00040721893310546875"><skipped message="Suite splitting in effect" type="pytest.skip">src/pymortests/grid.py:428: Suite splitting in effect</skipped></testcase><testcase classname="src.pymortests.grid" file="src/pymortests/grid.py" line="428" name="test_pickle[&lt;lambda&gt;19]" time="0.00043487548828125"><skipped message="Suite splitting in effect" type="pytest.skip">src/pymortests/grid.py:428: Suite splitting in effect</skipped></testcase><testcase classname="src.pymortests.grid" file="src/pymortests/grid.py" line="428" name="test_pickle[&lt;lambda&gt;20]" time="0.0004296302795410156"><skipped message="Suite splitting in effect" type="pytest.skip">src/pymortests/grid.py:428: Suite splitting in effect</skipped></testcase><testcase classname="src.pymortests.grid" file="src/pymortests/grid.py" line="428" name="test_pickle[&lt;lambda&gt;21]" time="0.0004367828369140625"><skipped message="Suite splitting in effect" type="pytest.skip">src/pymortests/grid.py:428: Suite splitting in effect</skipped></testcase><testcase classname="src.pymortests.grid" file="src/pymortests/grid.py" line="428" name="test_pickle[&lt;lambda&gt;22]" time="0.00042557716369628906"><skipped message="Suite splitting in effect" type="pytest.skip">src/pymortests/grid.py:428: Suite splitting in effect</skipped></testcase><testcase classname="src.pymortests.grid" file="src/pymortests/grid.py" line="428" name="test_pickle[&lt;lambda&gt;23]" time="0.0004239082336425781"><skipped message="Suite splitting in effect" type="pytest.skip">src/pymortests/grid.py:428: Suite splitting in effect</skipped></testcase><testcase classname="src.pymortests.grid" file="src/pymortests/grid.py" line="428" name="test_pickle[&lt;lambda&gt;24]" time="0.0004627704620361328"><skipped message="Suite splitting in effect" type="pytest.skip">src/pymortests/grid.py:428: Suite splitting in effect</skipped></testcase><testcase classname="src.pymortests.grid" file="src/pymortests/grid.py" line="428" name="test_pickle[&lt;lambda&gt;25]" time="0.0007455348968505859"><skipped message="Suite splitting in effect" type="pytest.skip">src/pymortests/grid.py:428: Suite splitting in effect</skipped></testcase><testcase classname="src.pymortests.grid" file="src/pymortests/grid.py" line="428" name="test_pickle[&lt;lambda&gt;26]" time="0.00043892860412597656"><skipped message="Suite splitting in effect" type="pytest.skip">src/pymortests/grid.py:428: Suite splitting in effect</skipped></testcase><testcase classname="src.pymortests.grid" file="src/pymortests/grid.py" line="428" name="test_pickle[&lt;lambda&gt;27]" time="0.0004227161407470703"><skipped message="Suite splitting in effect" type="pytest.skip">src/pymortests/grid.py:428: Suite splitting in effect</skipped></testcase><testcase classname="src.pymortests.grid" file="src/pymortests/grid.py" line="428" name="test_pickle[&lt;lambda&gt;28]" time="0.0004222393035888672"><skipped message="Suite splitting in effect" type="pytest.skip">src/pymortests/grid.py:428: Suite splitting in effect</skipped></testcase><testcase classname="src.pymortests.grid" file="src/pymortests/grid.py" line="428" name="test_pickle[&lt;lambda&gt;29]" time="0.0004639625549316406"><skipped message="Suite splitting in effect" type="pytest.skip">src/pymortests/grid.py:428: Suite splitting in effect</skipped></testcase><testcase classname="src.pymortests.grid" file="src/pymortests/grid.py" line="428" name="test_pickle[&lt;lambda&gt;30]" time="0.00044083595275878906"><skipped message="Suite splitting in effect" type="pytest.skip">src/pymortests/grid.py:428: Suite splitting in effect</skipped></testcase><testcase classname="src.pymortests.grid" file="src/pymortests/grid.py" line="428" name="test_pickle[&lt;lambda&gt;31]" time="0.00043582916259765625"><skipped message="Suite splitting in effect" type="pytest.skip">src/pymortests/grid.py:428: Suite splitting in effect</skipped></testcase><testcase classname="src.pymortests.grid" file="src/pymortests/grid.py" line="428" name="test_pickle[&lt;lambda&gt;32]" time="0.000438690185546875"><skipped message="Suite splitting in effect" type="pytest.skip">src/pymortests/grid.py:428: Suite splitting in effect</skipped></testcase><testcase classname="src.pymortests.grid" file="src/pymortests/grid.py" line="428" name="test_pickle[&lt;lambda&gt;33]" time="0.0007538795471191406"><skipped message="Suite splitting in effect" type="pytest.skip">src/pymortests/grid.py:428: Suite splitting in effect</skipped></testcase><testcase classname="src.pymortests.grid" file="src/pymortests/grid.py" line="428" name="test_pickle[&lt;lambda&gt;34]" time="0.00043487548828125"><skipped message="Suite splitting in effect" type="pytest.skip">src/pymortests/grid.py:428: Suite splitting in effect</skipped></testcase><testcase classname="src.pymortests.grid" file="src/pymortests/grid.py" line="428" name="test_pickle[&lt;lambda&gt;35]" time="0.0004258155822753906"><skipped message="Suite splitting in effect" type="pytest.skip">src/pymortests/grid.py:428: Suite splitting in effect</skipped></testcase><testcase classname="src.pymortests.grid" file="src/pymortests/grid.py" line="428" name="test_pickle[&lt;lambda&gt;36]" time="0.00043201446533203125"><skipped message="Suite splitting in effect" type="pytest.skip">src/pymortests/grid.py:428: Suite splitting in effect</skipped></testcase><testcase classname="src.pymortests.grid" file="src/pymortests/grid.py" line="428" name="test_pickle[&lt;lambda&gt;37]" time="0.00045943260192871094"><skipped message="Suite splitting in effect" type="pytest.skip">src/pymortests/grid.py:428: Suite splitting in effect</skipped></testcase><testcase classname="src.pymortests.grid" file="src/pymortests/grid.py" line="428" name="test_pickle[&lt;lambda&gt;38]" time="0.0005342960357666016"><skipped message="Suite splitting in effect" type="pytest.skip">src/pymortests/grid.py:428: Suite splitting in effect</skipped></testcase><testcase classname="src.pymortests.grid" file="src/pymortests/grid.py" line="428" name="test_pickle[&lt;lambda&gt;39]" time="0.0004267692565917969"><skipped message="Suite splitting in effect" type="pytest.skip">src/pymortests/grid.py:428: Suite splitting in effect</skipped></testcase><testcase classname="src.pymortests.grid" file="src/pymortests/grid.py" line="428" name="test_pickle[&lt;lambda&gt;40]" time="0.0004343986511230469"><skipped message="Suite splitting in effect" type="pytest.skip">src/pymortests/grid.py:428: Suite splitting in effect</skipped></testcase><testcase classname="src.pymortests.grid" file="src/pymortests/grid.py" line="428" name="test_pickle[&lt;lambda&gt;41]" time="0.0007119178771972656"><skipped message="Suite splitting in effect" type="pytest.skip">src/pymortests/grid.py:428: Suite splitting in effect</skipped></testcase><testcase classname="src.pymortests.grid" file="src/pymortests/grid.py" line="428" name="test_pickle[&lt;lambda&gt;42]" time="0.000431060791015625"><skipped message="Suite splitting in effect" type="pytest.skip">src/pymortests/grid.py:428: Suite splitting in effect</skipped></testcase><testcase classname="src.pymortests.grid" file="src/pymortests/grid.py" line="432" name="test_visualize[&lt;lambda&gt;0]" time="0.0004260540008544922"><skipped message="Suite splitting in effect" type="pytest.skip">src/pymortests/grid.py:432: Suite splitting in effect</skipped></testcase><testcase classname="src.pymortests.grid" file="src/pymortests/grid.py" line="432" name="test_visualize[&lt;lambda&gt;1]" time="0.0005555152893066406"><skipped message="Suite splitting in effect" type="pytest.skip">src/pymortests/grid.py:432: Suite splitting in effect</skipped></testcase><testcase classname="src.pymortests.grid" file="src/pymortests/grid.py" line="432" name="test_visualize[&lt;lambda&gt;2]" time="0.00042819976806640625"><skipped message="Suite splitting in effect" type="pytest.skip">src/pymortests/grid.py:432: Suite splitting in effect</skipped></testcase><testcase classname="src.pymortests.grid" file="src/pymortests/grid.py" line="432" name="test_visualize[&lt;lambda&gt;3]" time="0.00043392181396484375"><skipped message="Suite splitting in effect" type="pytest.skip">src/pymortests/grid.py:432: Suite splitting in effect</skipped></testcase><testcase classname="src.pymortests.grid" file="src/pymortests/grid.py" line="432" name="test_visualize[&lt;lambda&gt;4]" time="0.0004405975341796875"><skipped message="Suite splitting in effect" type="pytest.skip">src/pymortests/grid.py:432: Suite splitting in effect</skipped></testcase><testcase classname="src.pymortests.grid" file="src/pymortests/grid.py" line="432" name="test_visualize[&lt;lambda&gt;5]" time="0.0004227161407470703"><skipped message="Suite splitting in effect" type="pytest.skip">src/pymortests/grid.py:432: Suite splitting in effect</skipped></testcase><testcase classname="src.pymortests.grid" file="src/pymortests/grid.py" line="432" name="test_visualize[&lt;lambda&gt;6]" time="0.0007374286651611328"><skipped message="Suite splitting in effect" type="pytest.skip">src/pymortests/grid.py:432: Suite splitting in effect</skipped></testcase><testcase classname="src.pymortests.grid" file="src/pymortests/grid.py" line="432" name="test_visualize[&lt;lambda&gt;7]" time="0.0004062652587890625"><skipped message="Suite splitting in effect" type="pytest.skip">src/pymortests/grid.py:432: Suite splitting in effect</skipped></testcase><testcase classname="src.pymortests.grid" file="src/pymortests/grid.py" line="432" name="test_visualize[&lt;lambda&gt;8]" time="0.0012395381927490234"><skipped message="Suite splitting in effect" type="pytest.skip">src/pymortests/grid.py:432: Suite splitting in effect</skipped></testcase><testcase classname="src.pymortests.grid" file="src/pymortests/grid.py" line="432" name="test_visualize[&lt;lambda&gt;9]" time="0.0004513263702392578"><skipped message="Suite splitting in effect" type="pytest.skip">src/pymortests/grid.py:432: Suite splitting in effect</skipped></testcase><testcase classname="src.pymortests.grid" file="src/pymortests/grid.py" line="432" name="test_visualize[&lt;lambda&gt;10]" time="0.0005252361297607422"><skipped message="Suite splitting in effect" type="pytest.skip">src/pymortests/grid.py:432: Suite splitting in effect</skipped></testcase><testcase classname="src.pymortests.grid" file="src/pymortests/grid.py" line="432" name="test_visualize[&lt;lambda&gt;11]" time="0.00042319297790527344"><skipped message="Suite splitting in effect" type="pytest.skip">src/pymortests/grid.py:432: Suite splitting in effect</skipped></testcase><testcase classname="src.pymortests.grid" file="src/pymortests/grid.py" line="432" name="test_visualize[&lt;lambda&gt;12]" time="0.0004200935363769531"><skipped message="Suite splitting in effect" type="pytest.skip">src/pymortests/grid.py:432: Suite splitting in effect</skipped></testcase><testcase classname="src.pymortests.grid" file="src/pymortests/grid.py" line="432" name="test_visualize[&lt;lambda&gt;13]" time="0.0004096031188964844"><skipped message="Suite splitting in effect" type="pytest.skip">src/pymortests/grid.py:432: Suite splitting in effect</skipped></testcase><testcase classname="src.pymortests.grid" file="src/pymortests/grid.py" line="432" name="test_visualize[&lt;lambda&gt;14]" time="0.0007228851318359375"><skipped message="Suite splitting in effect" type="pytest.skip">src/pymortests/grid.py:432: Suite splitting in effect</skipped></testcase><testcase classname="src.pymortests.grid" file="src/pymortests/grid.py" line="432" name="test_visualize[&lt;lambda&gt;15]" time="0.00040793418884277344"><skipped message="Suite splitting in effect" type="pytest.skip">src/pymortests/grid.py:432: Suite splitting in effect</skipped></testcase><testcase classname="src.pymortests.grid" file="src/pymortests/grid.py" line="432" name="test_visualize[&lt;lambda&gt;16]" time="0.000438690185546875"><skipped message="Suite splitting in effect" type="pytest.skip">src/pymortests/grid.py:432: Suite splitting in effect</skipped></testcase><testcase classname="src.pymortests.grid" file="src/pymortests/grid.py" line="432" name="test_visualize[&lt;lambda&gt;17]" time="0.0004105567932128906"><skipped message="Suite splitting in effect" type="pytest.skip">src/pymortests/grid.py:432: Suite splitting in effect</skipped></testcase><testcase classname="src.pymortests.grid" file="src/pymortests/grid.py" line="432" name="test_visualize[&lt;lambda&gt;18]" time="0.00042557716369628906"><skipped message="Suite splitting in effect" type="pytest.skip">src/pymortests/grid.py:432: Suite splitting in effect</skipped></testcase><testcase classname="src.pymortests.grid" file="src/pymortests/grid.py" line="432" name="test_visualize[&lt;lambda&gt;19]" time="0.00042438507080078125"><skipped message="Suite splitting in effect" type="pytest.skip">src/pymortests/grid.py:432: Suite splitting in effect</skipped></testcase><testcase classname="src.pymortests.grid" file="src/pymortests/grid.py" line="432" name="test_visualize[&lt;lambda&gt;20]" time="0.00042510032653808594"><skipped message="Suite splitting in effect" type="pytest.skip">src/pymortests/grid.py:432: Suite splitting in effect</skipped></testcase><testcase classname="src.pymortests.grid" file="src/pymortests/grid.py" line="432" name="test_visualize[&lt;lambda&gt;21]" time="0.0004303455352783203"><skipped message="Suite splitting in effect" type="pytest.skip">src/pymortests/grid.py:432: Suite splitting in effect</skipped></testcase><testcase classname="src.pymortests.grid" file="src/pymortests/grid.py" line="432" name="test_visualize[&lt;lambda&gt;22]" time="0.0007264614105224609"><skipped message="Suite splitting in effect" type="pytest.skip">src/pymortests/grid.py:432: Suite splitting in effect</skipped></testcase><testcase classname="src.pymortests.grid" file="src/pymortests/grid.py" line="432" name="test_visualize[&lt;lambda&gt;23]" time="0.0004277229309082031"><skipped message="Suite splitting in effect" type="pytest.skip">src/pymortests/grid.py:432: Suite splitting in effect</skipped></testcase><testcase classname="src.pymortests.grid" file="src/pymortests/grid.py" line="432" name="test_visualize[&lt;lambda&gt;24]" time="0.0004355907440185547"><skipped message="Suite splitting in effect" type="pytest.skip">src/pymortests/grid.py:432: Suite splitting in effect</skipped></testcase><testcase classname="src.pymortests.grid" file="src/pymortests/grid.py" line="432" name="test_visualize[&lt;lambda&gt;25]" time="0.00041675567626953125"><skipped message="Suite splitting in effect" type="pytest.skip">src/pymortests/grid.py:432: Suite splitting in effect</skipped></testcase><testcase classname="src.pymortests.grid" file="src/pymortests/grid.py" line="432" name="test_visualize[&lt;lambda&gt;26]" time="0.00041937828063964844"><skipped message="Suite splitting in effect" type="pytest.skip">src/pymortests/grid.py:432: Suite splitting in effect</skipped></testcase><testcase classname="src.pymortests.grid" file="src/pymortests/grid.py" line="432" name="test_visualize[&lt;lambda&gt;27]" time="0.000446319580078125"><skipped message="Suite splitting in effect" type="pytest.skip">src/pymortests/grid.py:432: Suite splitting in effect</skipped></testcase><testcase classname="src.pymortests.grid" file="src/pymortests/grid.py" line="432" name="test_visualize[&lt;lambda&gt;28]" time="0.00044226646423339844"><skipped message="Suite splitting in effect" type="pytest.skip">src/pymortests/grid.py:432: Suite splitting in effect</skipped></testcase><testcase classname="src.pymortests.grid" file="src/pymortests/grid.py" line="432" name="test_visualize[&lt;lambda&gt;29]" time="0.00041794776916503906"><skipped message="Suite splitting in effect" type="pytest.skip">src/pymortests/grid.py:432: Suite splitting in effect</skipped></testcase><testcase classname="src.pymortests.grid" file="src/pymortests/grid.py" line="432" name="test_visualize[&lt;lambda&gt;30]" time="0.0008127689361572266"><skipped message="Suite splitting in effect" type="pytest.skip">src/pymortests/grid.py:432: Suite splitting in effect</skipped></testcase><testcase classname="src.pymortests.gui" file="src/pymortests/gui.py" line="26" name="test_visualize_patch[backend_gridtype0]" time="0.0005068778991699219"><skipped message="Suite splitting in effect" type="pytest.skip">src/pymortests/gui.py:26: Suite splitting in effect</skipped></testcase><testcase classname="src.pymortests.gui" file="src/pymortests/gui.py" line="26" name="test_visualize_patch[backend_gridtype1]" time="0.0004477500915527344"><skipped message="Suite splitting in effect" type="pytest.skip">src/pymortests/gui.py:26: Suite splitting in effect</skipped></testcase><testcase classname="src.pymortests.gui" file="src/pymortests/gui.py" line="26" name="test_visualize_patch[backend_gridtype2]" time="0.0005335807800292969"><skipped message="Suite splitting in effect" type="pytest.skip">src/pymortests/gui.py:26: Suite splitting in effect</skipped></testcase><testcase classname="src.pymortests.la" file="src/pymortests/la.py" line="13" name="test_induced" time="0.000591278076171875"><skipped message="Suite splitting in effect" type="pytest.skip">src/pymortests/la.py:13: Suite splitting in effect</skipped></testcase><testcase classname="src.pymortests.lyapunov" file="src/pymortests/lyapunov.py" line="93" name="test_lrcf[scipy-False-False-1-100]" time="0.0005145072937011719"><skipped message="Suite splitting in effect" type="pytest.skip">src/pymortests/lyapunov.py:93: Suite splitting in effect</skipped></testcase><testcase classname="src.pymortests.lyapunov" file="src/pymortests/lyapunov.py" line="93" name="test_lrcf[scipy-False-False-1-200]" time="0.0004591941833496094"><skipped message="Suite splitting in effect" type="pytest.skip">src/pymortests/lyapunov.py:93: Suite splitting in effect</skipped></testcase><testcase classname="src.pymortests.lyapunov" file="src/pymortests/lyapunov.py" line="93" name="test_lrcf[scipy-False-False-2-100]" time="0.00048613548278808594"><skipped message="Suite splitting in effect" type="pytest.skip">src/pymortests/lyapunov.py:93: Suite splitting in effect</skipped></testcase><testcase classname="src.pymortests.lyapunov" file="src/pymortests/lyapunov.py" line="93" name="test_lrcf[scipy-False-False-2-200]" time="0.000774383544921875"><skipped message="Suite splitting in effect" type="pytest.skip">src/pymortests/lyapunov.py:93: Suite splitting in effect</skipped></testcase><testcase classname="src.pymortests.lyapunov" file="src/pymortests/lyapunov.py" line="93" name="test_lrcf[scipy-False-True-1-100]" time="0.0005481243133544922"><skipped message="Suite splitting in effect" type="pytest.skip">src/pymortests/lyapunov.py:93: Suite splitting in effect</skipped></testcase><testcase classname="src.pymortests.lyapunov" file="src/pymortests/lyapunov.py" line="93" name="test_lrcf[scipy-False-True-1-200]" time="0.00043892860412597656"><skipped message="Suite splitting in effect" type="pytest.skip">src/pymortests/lyapunov.py:93: Suite splitting in effect</skipped></testcase><testcase classname="src.pymortests.lyapunov" file="src/pymortests/lyapunov.py" line="93" name="test_lrcf[scipy-False-True-2-100]" time="0.0004279613494873047"><skipped message="Suite splitting in effect" type="pytest.skip">src/pymortests/lyapunov.py:93: Suite splitting in effect</skipped></testcase><testcase classname="src.pymortests.lyapunov" file="src/pymortests/lyapunov.py" line="93" name="test_lrcf[scipy-False-True-2-200]" time="0.00044536590576171875"><skipped message="Suite splitting in effect" type="pytest.skip">src/pymortests/lyapunov.py:93: Suite splitting in effect</skipped></testcase><testcase classname="src.pymortests.lyapunov" file="src/pymortests/lyapunov.py" line="93" name="test_lrcf[scipy-True-False-1-100]" time="0.00044035911560058594"><skipped message="Suite splitting in effect" type="pytest.skip">src/pymortests/lyapunov.py:93: Suite splitting in effect</skipped></testcase><testcase classname="src.pymortests.lyapunov" file="src/pymortests/lyapunov.py" line="93" name="test_lrcf[scipy-True-False-1-200]" time="0.0004355907440185547"><skipped message="Suite splitting in effect" type="pytest.skip">src/pymortests/lyapunov.py:93: Suite splitting in effect</skipped></testcase><testcase classname="src.pymortests.lyapunov" file="src/pymortests/lyapunov.py" line="93" name="test_lrcf[scipy-True-False-2-100]" time="0.00043845176696777344"><skipped message="Suite splitting in effect" type="pytest.skip">src/pymortests/lyapunov.py:93: Suite splitting in effect</skipped></testcase><testcase classname="src.pymortests.lyapunov" file="src/pymortests/lyapunov.py" line="93" name="test_lrcf[scipy-True-False-2-200]" time="0.0009229183197021484"><skipped message="Suite splitting in effect" type="pytest.skip">src/pymortests/lyapunov.py:93: Suite splitting in effect</skipped></testcase><testcase classname="src.pymortests.lyapunov" file="src/pymortests/lyapunov.py" line="93" name="test_lrcf[scipy-True-True-1-100]" time="0.000438690185546875"><skipped message="Suite splitting in effect" type="pytest.skip">src/pymortests/lyapunov.py:93: Suite splitting in effect</skipped></testcase><testcase classname="src.pymortests.lyapunov" file="src/pymortests/lyapunov.py" line="93" name="test_lrcf[scipy-True-True-1-200]" time="0.00042891502380371094"><skipped message="Suite splitting in effect" type="pytest.skip">src/pymortests/lyapunov.py:93: Suite splitting in effect</skipped></testcase><testcase classname="src.pymortests.lyapunov" file="src/pymortests/lyapunov.py" line="93" name="test_lrcf[scipy-True-True-2-100]" time="0.0004324913024902344"><skipped message="Suite splitting in effect" type="pytest.skip">src/pymortests/lyapunov.py:93: Suite splitting in effect</skipped></testcase><testcase classname="src.pymortests.lyapunov" file="src/pymortests/lyapunov.py" line="93" name="test_lrcf[scipy-True-True-2-200]" time="0.00042724609375"><skipped message="Suite splitting in effect" type="pytest.skip">src/pymortests/lyapunov.py:93: Suite splitting in effect</skipped></testcase><testcase classname="src.pymortests.lyapunov" file="src/pymortests/lyapunov.py" line="93" name="test_lrcf[slycot_bartels-stewart-False-False-1-100]" time="0.00043487548828125"><skipped message="Suite splitting in effect" type="pytest.skip">src/pymortests/lyapunov.py:93: Suite splitting in effect</skipped></testcase><testcase classname="src.pymortests.lyapunov" file="src/pymortests/lyapunov.py" line="93" name="test_lrcf[slycot_bartels-stewart-False-False-1-200]" time="0.0004551410675048828"><skipped message="Suite splitting in effect" type="pytest.skip">src/pymortests/lyapunov.py:93: Suite splitting in effect</skipped></testcase><testcase classname="src.pymortests.lyapunov" file="src/pymortests/lyapunov.py" line="93" name="test_lrcf[slycot_bartels-stewart-False-False-2-100]" time="0.00044608116149902344"><skipped message="Suite splitting in effect" type="pytest.skip">src/pymortests/lyapunov.py:93: Suite splitting in effect</skipped></testcase><testcase classname="src.pymortests.lyapunov" file="src/pymortests/lyapunov.py" line="93" name="test_lrcf[slycot_bartels-stewart-False-False-2-200]" time="0.0007853507995605469"><skipped message="Suite splitting in effect" type="pytest.skip">src/pymortests/lyapunov.py:93: Suite splitting in effect</skipped></testcase><testcase classname="src.pymortests.lyapunov" file="src/pymortests/lyapunov.py" line="93" name="test_lrcf[slycot_bartels-stewart-False-True-1-100]" time="0.0004703998565673828"><skipped message="Suite splitting in effect" type="pytest.skip">src/pymortests/lyapunov.py:93: Suite splitting in effect</skipped></testcase><testcase classname="src.pymortests.lyapunov" file="src/pymortests/lyapunov.py" line="93" name="test_lrcf[slycot_bartels-stewart-False-True-1-200]" time="0.0004677772521972656"><skipped message="Suite splitting in effect" type="pytest.skip">src/pymortests/lyapunov.py:93: Suite splitting in effect</skipped></testcase><testcase classname="src.pymortests.lyapunov" file="src/pymortests/lyapunov.py" line="93" name="test_lrcf[slycot_bartels-stewart-False-True-2-100]" time="0.0005197525024414062"><skipped message="Suite splitting in effect" type="pytest.skip">src/pymortests/lyapunov.py:93: Suite splitting in effect</skipped></testcase><testcase classname="src.pymortests.lyapunov" file="src/pymortests/lyapunov.py" line="93" name="test_lrcf[slycot_bartels-stewart-False-True-2-200]" time="0.00045680999755859375"><skipped message="Suite splitting in effect" type="pytest.skip">src/pymortests/lyapunov.py:93: Suite splitting in effect</skipped></testcase><testcase classname="src.pymortests.lyapunov" file="src/pymortests/lyapunov.py" line="93" name="test_lrcf[slycot_bartels-stewart-True-False-1-100]" time="0.0004360675811767578"><skipped message="Suite splitting in effect" type="pytest.skip">src/pymortests/lyapunov.py:93: Suite splitting in effect</skipped></testcase><testcase classname="src.pymortests.lyapunov" file="src/pymortests/lyapunov.py" line="93" name="test_lrcf[slycot_bartels-stewart-True-False-1-200]" time="0.0004439353942871094"><skipped message="Suite splitting in effect" type="pytest.skip">src/pymortests/lyapunov.py:93: Suite splitting in effect</skipped></testcase><testcase classname="src.pymortests.lyapunov" file="src/pymortests/lyapunov.py" line="93" name="test_lrcf[slycot_bartels-stewart-True-False-2-100]" time="0.0004436969757080078"><skipped message="Suite splitting in effect" type="pytest.skip">src/pymortests/lyapunov.py:93: Suite splitting in effect</skipped></testcase><testcase classname="src.pymortests.lyapunov" file="src/pymortests/lyapunov.py" line="93" name="test_lrcf[slycot_bartels-stewart-True-False-2-200]" time="0.0007872581481933594"><skipped message="Suite splitting in effect" type="pytest.skip">src/pymortests/lyapunov.py:93: Suite splitting in effect</skipped></testcase><testcase classname="src.pymortests.lyapunov" file="src/pymortests/lyapunov.py" line="93" name="test_lrcf[slycot_bartels-stewart-True-True-1-100]" time="0.0004413127899169922"><skipped message="Suite splitting in effect" type="pytest.skip">src/pymortests/lyapunov.py:93: Suite splitting in effect</skipped></testcase><testcase classname="src.pymortests.lyapunov" file="src/pymortests/lyapunov.py" line="93" name="test_lrcf[slycot_bartels-stewart-True-True-1-200]" time="0.0004558563232421875"><skipped message="Suite splitting in effect" type="pytest.skip">src/pymortests/lyapunov.py:93: Suite splitting in effect</skipped></testcase><testcase classname="src.pymortests.lyapunov" file="src/pymortests/lyapunov.py" line="93" name="test_lrcf[slycot_bartels-stewart-True-True-2-100]" time="0.00045299530029296875"><skipped message="Suite splitting in effect" type="pytest.skip">src/pymortests/lyapunov.py:93: Suite splitting in effect</skipped></testcase><testcase classname="src.pymortests.lyapunov" file="src/pymortests/lyapunov.py" line="93" name="test_lrcf[slycot_bartels-stewart-True-True-2-200]" time="0.00042724609375"><skipped message="Suite splitting in effect" type="pytest.skip">src/pymortests/lyapunov.py:93: Suite splitting in effect</skipped></testcase><testcase classname="src.pymortests.lyapunov" file="src/pymortests/lyapunov.py" line="93" name="test_lrcf[pymess_glyap-False-False-1-100]" time="0.00046324729919433594"><skipped message="Suite splitting in effect" type="pytest.skip">src/pymortests/lyapunov.py:93: Suite splitting in effect</skipped></testcase><testcase classname="src.pymortests.lyapunov" file="src/pymortests/lyapunov.py" line="93" name="test_lrcf[pymess_glyap-False-False-1-200]" time="0.00043082237243652344"><skipped message="Suite splitting in effect" type="pytest.skip">src/pymortests/lyapunov.py:93: Suite splitting in effect</skipped></testcase><testcase classname="src.pymortests.lyapunov" file="src/pymortests/lyapunov.py" line="93" name="test_lrcf[pymess_glyap-False-False-2-100]" time="0.0004591941833496094"><skipped message="Suite splitting in effect" type="pytest.skip">src/pymortests/lyapunov.py:93: Suite splitting in effect</skipped></testcase><testcase classname="src.pymortests.lyapunov" file="src/pymortests/lyapunov.py" line="93" name="test_lrcf[pymess_glyap-False-False-2-200]" time="0.0008394718170166016"><skipped message="Suite splitting in effect" type="pytest.skip">src/pymortests/lyapunov.py:93: Suite splitting in effect</skipped></testcase><testcase classname="src.pymortests.lyapunov" file="src/pymortests/lyapunov.py" line="93" name="test_lrcf[pymess_glyap-False-True-1-100]" time="0.0005056858062744141"><skipped message="Suite splitting in effect" type="pytest.skip">src/pymortests/lyapunov.py:93: Suite splitting in effect</skipped></testcase><testcase classname="src.pymortests.lyapunov" file="src/pymortests/lyapunov.py" line="93" name="test_lrcf[pymess_glyap-False-True-1-200]" time="0.0004665851593017578"><skipped message="Suite splitting in effect" type="pytest.skip">src/pymortests/lyapunov.py:93: Suite splitting in effect</skipped></testcase><testcase classname="src.pymortests.lyapunov" file="src/pymortests/lyapunov.py" line="93" name="test_lrcf[pymess_glyap-False-True-2-100]" time="0.0004367828369140625"><skipped message="Suite splitting in effect" type="pytest.skip">src/pymortests/lyapunov.py:93: Suite splitting in effect</skipped></testcase><testcase classname="src.pymortests.lyapunov" file="src/pymortests/lyapunov.py" line="93" name="test_lrcf[pymess_glyap-False-True-2-200]" time="0.0004401206970214844"><skipped message="Suite splitting in effect" type="pytest.skip">src/pymortests/lyapunov.py:93: Suite splitting in effect</skipped></testcase><testcase classname="src.pymortests.lyapunov" file="src/pymortests/lyapunov.py" line="93" name="test_lrcf[pymess_glyap-True-False-1-100]" time="0.0004413127899169922"><skipped message="Suite splitting in effect" type="pytest.skip">src/pymortests/lyapunov.py:93: Suite splitting in effect</skipped></testcase><testcase classname="src.pymortests.lyapunov" file="src/pymortests/lyapunov.py" line="93" name="test_lrcf[pymess_glyap-True-False-1-200]" time="0.00042557716369628906"><skipped message="Suite splitting in effect" type="pytest.skip">src/pymortests/lyapunov.py:93: Suite splitting in effect</skipped></testcase><testcase classname="src.pymortests.lyapunov" file="src/pymortests/lyapunov.py" line="93" name="test_lrcf[pymess_glyap-True-False-2-100]" time="0.00044226646423339844"><skipped message="Suite splitting in effect" type="pytest.skip">src/pymortests/lyapunov.py:93: Suite splitting in effect</skipped></testcase><testcase classname="src.pymortests.lyapunov" file="src/pymortests/lyapunov.py" line="93" name="test_lrcf[pymess_glyap-True-False-2-200]" time="0.0007641315460205078"><skipped message="Suite splitting in effect" type="pytest.skip">src/pymortests/lyapunov.py:93: Suite splitting in effect</skipped></testcase><testcase classname="src.pymortests.lyapunov" file="src/pymortests/lyapunov.py" line="93" name="test_lrcf[pymess_glyap-True-True-1-100]" time="0.00042557716369628906"><skipped message="Suite splitting in effect" type="pytest.skip">src/pymortests/lyapunov.py:93: Suite splitting in effect</skipped></testcase><testcase classname="src.pymortests.lyapunov" file="src/pymortests/lyapunov.py" line="93" name="test_lrcf[pymess_glyap-True-True-1-200]" time="0.00044655799865722656"><skipped message="Suite splitting in effect" type="pytest.skip">src/pymortests/lyapunov.py:93: Suite splitting in effect</skipped></testcase><testcase classname="src.pymortests.lyapunov" file="src/pymortests/lyapunov.py" line="93" name="test_lrcf[pymess_glyap-True-True-2-100]" time="0.0004432201385498047"><skipped message="Suite splitting in effect" type="pytest.skip">src/pymortests/lyapunov.py:93: Suite splitting in effect</skipped></testcase><testcase classname="src.pymortests.lyapunov" file="src/pymortests/lyapunov.py" line="93" name="test_lrcf[pymess_glyap-True-True-2-200]" time="0.0004532337188720703"><skipped message="Suite splitting in effect" type="pytest.skip">src/pymortests/lyapunov.py:93: Suite splitting in effect</skipped></testcase><testcase classname="src.pymortests.lyapunov" file="src/pymortests/lyapunov.py" line="93" name="test_lrcf[pymess_lradi-False-False-1-100]" time="0.0004456043243408203"><skipped message="Suite splitting in effect" type="pytest.skip">src/pymortests/lyapunov.py:93: Suite splitting in effect</skipped></testcase><testcase classname="src.pymortests.lyapunov" file="src/pymortests/lyapunov.py" line="93" name="test_lrcf[pymess_lradi-False-False-1-200]" time="0.0004799365997314453"><skipped message="Suite splitting in effect" type="pytest.skip">src/pymortests/lyapunov.py:93: Suite splitting in effect</skipped></testcase><testcase classname="src.pymortests.lyapunov" file="src/pymortests/lyapunov.py" line="93" name="test_lrcf[pymess_lradi-False-False-2-100]" time="0.0004477500915527344"><skipped message="Suite splitting in effect" type="pytest.skip">src/pymortests/lyapunov.py:93: Suite splitting in effect</skipped></testcase><testcase classname="src.pymortests.lyapunov" file="src/pymortests/lyapunov.py" line="93" name="test_lrcf[pymess_lradi-False-False-2-200]" time="0.0007364749908447266"><skipped message="Suite splitting in effect" type="pytest.skip">src/pymortests/lyapunov.py:93: Suite splitting in effect</skipped></testcase><testcase classname="src.pymortests.lyapunov" file="src/pymortests/lyapunov.py" line="93" name="test_lrcf[pymess_lradi-False-True-1-100]" time="0.0004532337188720703"><skipped message="Suite splitting in effect" type="pytest.skip">src/pymortests/lyapunov.py:93: Suite splitting in effect</skipped></testcase><testcase classname="src.pymortests.lyapunov" file="src/pymortests/lyapunov.py" line="93" name="test_lrcf[pymess_lradi-False-True-1-200]" time="0.0004508495330810547"><skipped message="Suite splitting in effect" type="pytest.skip">src/pymortests/lyapunov.py:93: Suite splitting in effect</skipped></testcase><testcase classname="src.pymortests.lyapunov" file="src/pymortests/lyapunov.py" line="93" name="test_lrcf[pymess_lradi-False-True-2-100]" time="0.00044417381286621094"><skipped message="Suite splitting in effect" type="pytest.skip">src/pymortests/lyapunov.py:93: Suite splitting in effect</skipped></testcase><testcase classname="src.pymortests.lyapunov" file="src/pymortests/lyapunov.py" line="93" name="test_lrcf[pymess_lradi-False-True-2-200]" time="0.0004363059997558594"><skipped message="Suite splitting in effect" type="pytest.skip">src/pymortests/lyapunov.py:93: Suite splitting in effect</skipped></testcase><testcase classname="src.pymortests.lyapunov" file="src/pymortests/lyapunov.py" line="93" name="test_lrcf[pymess_lradi-True-False-1-100]" time="0.0004508495330810547"><skipped message="Suite splitting in effect" type="pytest.skip">src/pymortests/lyapunov.py:93: Suite splitting in effect</skipped></testcase><testcase classname="src.pymortests.lyapunov" file="src/pymortests/lyapunov.py" line="93" name="test_lrcf[pymess_lradi-True-False-1-200]" time="0.000446319580078125"><skipped message="Suite splitting in effect" type="pytest.skip">src/pymortests/lyapunov.py:93: Suite splitting in effect</skipped></testcase><testcase classname="src.pymortests.lyapunov" file="src/pymortests/lyapunov.py" line="93" name="test_lrcf[pymess_lradi-True-False-2-100]" time="0.0004622936248779297"><skipped message="Suite splitting in effect" type="pytest.skip">src/pymortests/lyapunov.py:93: Suite splitting in effect</skipped></testcase><testcase classname="src.pymortests.lyapunov" file="src/pymortests/lyapunov.py" line="93" name="test_lrcf[pymess_lradi-True-False-2-200]" time="0.0008068084716796875"><skipped message="Suite splitting in effect" type="pytest.skip">src/pymortests/lyapunov.py:93: Suite splitting in effect</skipped></testcase><testcase classname="src.pymortests.lyapunov" file="src/pymortests/lyapunov.py" line="93" name="test_lrcf[pymess_lradi-True-True-1-100]" time="0.0004456043243408203"><skipped message="Suite splitting in effect" type="pytest.skip">src/pymortests/lyapunov.py:93: Suite splitting in effect</skipped></testcase><testcase classname="src.pymortests.lyapunov" file="src/pymortests/lyapunov.py" line="93" name="test_lrcf[pymess_lradi-True-True-1-200]" time="0.0004718303680419922"><skipped message="Suite splitting in effect" type="pytest.skip">src/pymortests/lyapunov.py:93: Suite splitting in effect</skipped></testcase><testcase classname="src.pymortests.lyapunov" file="src/pymortests/lyapunov.py" line="93" name="test_lrcf[pymess_lradi-True-True-2-100]" time="0.0005116462707519531"><skipped message="Suite splitting in effect" type="pytest.skip">src/pymortests/lyapunov.py:93: Suite splitting in effect</skipped></testcase><testcase classname="src.pymortests.lyapunov" file="src/pymortests/lyapunov.py" line="93" name="test_lrcf[pymess_lradi-True-True-2-200]" time="0.00046253204345703125"><skipped message="Suite splitting in effect" type="pytest.skip">src/pymortests/lyapunov.py:93: Suite splitting in effect</skipped></testcase><testcase classname="src.pymortests.lyapunov" file="src/pymortests/lyapunov.py" line="93" name="test_lrcf[lradi-False-False-1-100]" time="0.00045418739318847656"><skipped message="Suite splitting in effect" type="pytest.skip">src/pymortests/lyapunov.py:93: Suite splitting in effect</skipped></testcase><testcase classname="src.pymortests.lyapunov" file="src/pymortests/lyapunov.py" line="93" name="test_lrcf[lradi-False-False-1-200]" time="0.00045871734619140625"><skipped message="Suite splitting in effect" type="pytest.skip">src/pymortests/lyapunov.py:93: Suite splitting in effect</skipped></testcase><testcase classname="src.pymortests.lyapunov" file="src/pymortests/lyapunov.py" line="93" name="test_lrcf[lradi-False-False-2-100]" time="0.00045299530029296875"><skipped message="Suite splitting in effect" type="pytest.skip">src/pymortests/lyapunov.py:93: Suite splitting in effect</skipped></testcase><testcase classname="src.pymortests.lyapunov" file="src/pymortests/lyapunov.py" line="93" name="test_lrcf[lradi-False-False-2-200]" time="0.0007712841033935547"><skipped message="Suite splitting in effect" type="pytest.skip">src/pymortests/lyapunov.py:93: Suite splitting in effect</skipped></testcase><testcase classname="src.pymortests.lyapunov" file="src/pymortests/lyapunov.py" line="93" name="test_lrcf[lradi-False-True-1-100]" time="0.00047087669372558594"><skipped message="Suite splitting in effect" type="pytest.skip">src/pymortests/lyapunov.py:93: Suite splitting in effect</skipped></testcase><testcase classname="src.pymortests.lyapunov" file="src/pymortests/lyapunov.py" line="93" name="test_lrcf[lradi-False-True-1-200]" time="0.0004565715789794922"><skipped message="Suite splitting in effect" type="pytest.skip">src/pymortests/lyapunov.py:93: Suite splitting in effect</skipped></testcase><testcase classname="src.pymortests.lyapunov" file="src/pymortests/lyapunov.py" line="93" name="test_lrcf[lradi-False-True-2-100]" time="0.0004665851593017578"><skipped message="Suite splitting in effect" type="pytest.skip">src/pymortests/lyapunov.py:93: Suite splitting in effect</skipped></testcase><testcase classname="src.pymortests.lyapunov" file="src/pymortests/lyapunov.py" line="93" name="test_lrcf[lradi-False-True-2-200]" time="0.0004911422729492188"><skipped message="Suite splitting in effect" type="pytest.skip">src/pymortests/lyapunov.py:93: Suite splitting in effect</skipped></testcase><testcase classname="src.pymortests.lyapunov" file="src/pymortests/lyapunov.py" line="93" name="test_lrcf[lradi-True-False-1-100]" time="0.00046825408935546875"><skipped message="Suite splitting in effect" type="pytest.skip">src/pymortests/lyapunov.py:93: Suite splitting in effect</skipped></testcase><testcase classname="src.pymortests.lyapunov" file="src/pymortests/lyapunov.py" line="93" name="test_lrcf[lradi-True-False-1-200]" time="0.0004611015319824219"><skipped message="Suite splitting in effect" type="pytest.skip">src/pymortests/lyapunov.py:93: Suite splitting in effect</skipped></testcase><testcase classname="src.pymortests.lyapunov" file="src/pymortests/lyapunov.py" line="93" name="test_lrcf[lradi-True-False-2-100]" time="0.00047659873962402344"><skipped message="Suite splitting in effect" type="pytest.skip">src/pymortests/lyapunov.py:93: Suite splitting in effect</skipped></testcase><testcase classname="src.pymortests.lyapunov" file="src/pymortests/lyapunov.py" line="93" name="test_lrcf[lradi-True-False-2-200]" time="0.0007841587066650391"><skipped message="Suite splitting in effect" type="pytest.skip">src/pymortests/lyapunov.py:93: Suite splitting in effect</skipped></testcase><testcase classname="src.pymortests.lyapunov" file="src/pymortests/lyapunov.py" line="93" name="test_lrcf[lradi-True-True-1-100]" time="0.00048613548278808594"><skipped message="Suite splitting in effect" type="pytest.skip">src/pymortests/lyapunov.py:93: Suite splitting in effect</skipped></testcase><testcase classname="src.pymortests.lyapunov" file="src/pymortests/lyapunov.py" line="93" name="test_lrcf[lradi-True-True-1-200]" time="0.00046253204345703125"><skipped message="Suite splitting in effect" type="pytest.skip">src/pymortests/lyapunov.py:93: Suite splitting in effect</skipped></testcase><testcase classname="src.pymortests.lyapunov" file="src/pymortests/lyapunov.py" line="93" name="test_lrcf[lradi-True-True-2-100]" time="0.00047016143798828125"><skipped message="Suite splitting in effect" type="pytest.skip">src/pymortests/lyapunov.py:93: Suite splitting in effect</skipped></testcase><testcase classname="src.pymortests.lyapunov" file="src/pymortests/lyapunov.py" line="93" name="test_lrcf[lradi-True-True-2-200]" time="0.0005612373352050781"><skipped message="Suite splitting in effect" type="pytest.skip">src/pymortests/lyapunov.py:93: Suite splitting in effect</skipped></testcase><testcase classname="src.pymortests.lyapunov" file="src/pymortests/lyapunov.py" line="122" name="test_dense[scipy-False-False-1-100]" time="0.0004668235778808594"><skipped message="Suite splitting in effect" type="pytest.skip">src/pymortests/lyapunov.py:122: Suite splitting in effect</skipped></testcase><testcase classname="src.pymortests.lyapunov" file="src/pymortests/lyapunov.py" line="122" name="test_dense[scipy-False-False-1-200]" time="0.0004489421844482422"><skipped message="Suite splitting in effect" type="pytest.skip">src/pymortests/lyapunov.py:122: Suite splitting in effect</skipped></testcase><testcase classname="src.pymortests.lyapunov" file="src/pymortests/lyapunov.py" line="122" name="test_dense[scipy-False-False-2-100]" time="0.00045800209045410156"><skipped message="Suite splitting in effect" type="pytest.skip">src/pymortests/lyapunov.py:122: Suite splitting in effect</skipped></testcase><testcase classname="src.pymortests.lyapunov" file="src/pymortests/lyapunov.py" line="122" name="test_dense[scipy-False-False-2-200]" time="0.0007610321044921875"><skipped message="Suite splitting in effect" type="pytest.skip">src/pymortests/lyapunov.py:122: Suite splitting in effect</skipped></testcase><testcase classname="src.pymortests.lyapunov" file="src/pymortests/lyapunov.py" line="122" name="test_dense[scipy-False-True-1-100]" time="0.00046896934509277344"><skipped message="Suite splitting in effect" type="pytest.skip">src/pymortests/lyapunov.py:122: Suite splitting in effect</skipped></testcase><testcase classname="src.pymortests.lyapunov" file="src/pymortests/lyapunov.py" line="122" name="test_dense[scipy-False-True-1-200]" time="0.0004661083221435547"><skipped message="Suite splitting in effect" type="pytest.skip">src/pymortests/lyapunov.py:122: Suite splitting in effect</skipped></testcase><testcase classname="src.pymortests.lyapunov" file="src/pymortests/lyapunov.py" line="122" name="test_dense[scipy-False-True-2-100]" time="0.0005586147308349609"><skipped message="Suite splitting in effect" type="pytest.skip">src/pymortests/lyapunov.py:122: Suite splitting in effect</skipped></testcase><testcase classname="src.pymortests.lyapunov" file="src/pymortests/lyapunov.py" line="122" name="test_dense[scipy-False-True-2-200]" time="0.0004837512969970703"><skipped message="Suite splitting in effect" type="pytest.skip">src/pymortests/lyapunov.py:122: Suite splitting in effect</skipped></testcase><testcase classname="src.pymortests.lyapunov" file="src/pymortests/lyapunov.py" line="122" name="test_dense[scipy-True-False-1-100]" time="0.0005762577056884766"><skipped message="Suite splitting in effect" type="pytest.skip">src/pymortests/lyapunov.py:122: Suite splitting in effect</skipped></testcase><testcase classname="src.pymortests.lyapunov" file="src/pymortests/lyapunov.py" line="122" name="test_dense[scipy-True-False-1-200]" time="0.0005357265472412109"><skipped message="Suite splitting in effect" type="pytest.skip">src/pymortests/lyapunov.py:122: Suite splitting in effect</skipped></testcase><testcase classname="src.pymortests.lyapunov" file="src/pymortests/lyapunov.py" line="122" name="test_dense[scipy-True-False-2-100]" time="0.000469207763671875"><skipped message="Suite splitting in effect" type="pytest.skip">src/pymortests/lyapunov.py:122: Suite splitting in effect</skipped></testcase><testcase classname="src.pymortests.lyapunov" file="src/pymortests/lyapunov.py" line="122" name="test_dense[scipy-True-False-2-200]" time="0.000804901123046875"><skipped message="Suite splitting in effect" type="pytest.skip">src/pymortests/lyapunov.py:122: Suite splitting in effect</skipped></testcase><testcase classname="src.pymortests.lyapunov" file="src/pymortests/lyapunov.py" line="122" name="test_dense[scipy-True-True-1-100]" time="0.00048232078552246094"><skipped message="Suite splitting in effect" type="pytest.skip">src/pymortests/lyapunov.py:122: Suite splitting in effect</skipped></testcase><testcase classname="src.pymortests.lyapunov" file="src/pymortests/lyapunov.py" line="122" name="test_dense[scipy-True-True-1-200]" time="0.0004506111145019531"><skipped message="Suite splitting in effect" type="pytest.skip">src/pymortests/lyapunov.py:122: Suite splitting in effect</skipped></testcase><testcase classname="src.pymortests.lyapunov" file="src/pymortests/lyapunov.py" line="122" name="test_dense[scipy-True-True-2-100]" time="0.0004711151123046875"><skipped message="Suite splitting in effect" type="pytest.skip">src/pymortests/lyapunov.py:122: Suite splitting in effect</skipped></testcase><testcase classname="src.pymortests.lyapunov" file="src/pymortests/lyapunov.py" line="122" name="test_dense[scipy-True-True-2-200]" time="0.0004494190216064453"><skipped message="Suite splitting in effect" type="pytest.skip">src/pymortests/lyapunov.py:122: Suite splitting in effect</skipped></testcase><testcase classname="src.pymortests.lyapunov" file="src/pymortests/lyapunov.py" line="122" name="test_dense[slycot_bartels-stewart-False-False-1-100]" time="0.00045371055603027344"><skipped message="Suite splitting in effect" type="pytest.skip">src/pymortests/lyapunov.py:122: Suite splitting in effect</skipped></testcase><testcase classname="src.pymortests.lyapunov" file="src/pymortests/lyapunov.py" line="122" name="test_dense[slycot_bartels-stewart-False-False-1-200]" time="0.0004451274871826172"><skipped message="Suite splitting in effect" type="pytest.skip">src/pymortests/lyapunov.py:122: Suite splitting in effect</skipped></testcase><testcase classname="src.pymortests.lyapunov" file="src/pymortests/lyapunov.py" line="122" name="test_dense[slycot_bartels-stewart-False-False-2-100]" time="0.0004534721374511719"><skipped message="Suite splitting in effect" type="pytest.skip">src/pymortests/lyapunov.py:122: Suite splitting in effect</skipped></testcase><testcase classname="src.pymortests.lyapunov" file="src/pymortests/lyapunov.py" line="122" name="test_dense[slycot_bartels-stewart-False-False-2-200]" time="0.0008044242858886719"><skipped message="Suite splitting in effect" type="pytest.skip">src/pymortests/lyapunov.py:122: Suite splitting in effect</skipped></testcase><testcase classname="src.pymortests.lyapunov" file="src/pymortests/lyapunov.py" line="122" name="test_dense[slycot_bartels-stewart-False-True-1-100]" time="0.0004513263702392578"><skipped message="Suite splitting in effect" type="pytest.skip">src/pymortests/lyapunov.py:122: Suite splitting in effect</skipped></testcase><testcase classname="src.pymortests.lyapunov" file="src/pymortests/lyapunov.py" line="122" name="test_dense[slycot_bartels-stewart-False-True-1-200]" time="0.0005273818969726562"><skipped message="Suite splitting in effect" type="pytest.skip">src/pymortests/lyapunov.py:122: Suite splitting in effect</skipped></testcase><testcase classname="src.pymortests.lyapunov" file="src/pymortests/lyapunov.py" line="122" name="test_dense[slycot_bartels-stewart-False-True-2-100]" time="0.00045013427734375"><skipped message="Suite splitting in effect" type="pytest.skip">src/pymortests/lyapunov.py:122: Suite splitting in effect</skipped></testcase><testcase classname="src.pymortests.lyapunov" file="src/pymortests/lyapunov.py" line="122" name="test_dense[slycot_bartels-stewart-False-True-2-200]" time="0.0004725456237792969"><skipped message="Suite splitting in effect" type="pytest.skip">src/pymortests/lyapunov.py:122: Suite splitting in effect</skipped></testcase><testcase classname="src.pymortests.lyapunov" file="src/pymortests/lyapunov.py" line="122" name="test_dense[slycot_bartels-stewart-True-False-1-100]" time="0.0004813671112060547"><skipped message="Suite splitting in effect" type="pytest.skip">src/pymortests/lyapunov.py:122: Suite splitting in effect</skipped></testcase><testcase classname="src.pymortests.lyapunov" file="src/pymortests/lyapunov.py" line="122" name="test_dense[slycot_bartels-stewart-True-False-1-200]" time="0.0005235671997070312"><skipped message="Suite splitting in effect" type="pytest.skip">src/pymortests/lyapunov.py:122: Suite splitting in effect</skipped></testcase><testcase classname="src.pymortests.lyapunov" file="src/pymortests/lyapunov.py" line="122" name="test_dense[slycot_bartels-stewart-True-False-2-100]" time="0.0004439353942871094"><skipped message="Suite splitting in effect" type="pytest.skip">src/pymortests/lyapunov.py:122: Suite splitting in effect</skipped></testcase><testcase classname="src.pymortests.lyapunov" file="src/pymortests/lyapunov.py" line="122" name="test_dense[slycot_bartels-stewart-True-False-2-200]" time="0.0010035037994384766"><skipped message="Suite splitting in effect" type="pytest.skip">src/pymortests/lyapunov.py:122: Suite splitting in effect</skipped></testcase><testcase classname="src.pymortests.lyapunov" file="src/pymortests/lyapunov.py" line="122" name="test_dense[slycot_bartels-stewart-True-True-1-100]" time="0.00045561790466308594"><skipped message="Suite splitting in effect" type="pytest.skip">src/pymortests/lyapunov.py:122: Suite splitting in effect</skipped></testcase><testcase classname="src.pymortests.lyapunov" file="src/pymortests/lyapunov.py" line="122" name="test_dense[slycot_bartels-stewart-True-True-1-200]" time="0.0004782676696777344"><skipped message="Suite splitting in effect" type="pytest.skip">src/pymortests/lyapunov.py:122: Suite splitting in effect</skipped></testcase><testcase classname="src.pymortests.lyapunov" file="src/pymortests/lyapunov.py" line="122" name="test_dense[slycot_bartels-stewart-True-True-2-100]" time="0.0004525184631347656"><skipped message="Suite splitting in effect" type="pytest.skip">src/pymortests/lyapunov.py:122: Suite splitting in effect</skipped></testcase><testcase classname="src.pymortests.lyapunov" file="src/pymortests/lyapunov.py" line="122" name="test_dense[slycot_bartels-stewart-True-True-2-200]" time="0.00044155120849609375"><skipped message="Suite splitting in effect" type="pytest.skip">src/pymortests/lyapunov.py:122: Suite splitting in effect</skipped></testcase><testcase classname="src.pymortests.lyapunov" file="src/pymortests/lyapunov.py" line="122" name="test_dense[pymess_glyap-False-False-1-100]" time="0.00046539306640625"><skipped message="Suite splitting in effect" type="pytest.skip">src/pymortests/lyapunov.py:122: Suite splitting in effect</skipped></testcase><testcase classname="src.pymortests.lyapunov" file="src/pymortests/lyapunov.py" line="122" name="test_dense[pymess_glyap-False-False-1-200]" time="0.00044083595275878906"><skipped message="Suite splitting in effect" type="pytest.skip">src/pymortests/lyapunov.py:122: Suite splitting in effect</skipped></testcase><testcase classname="src.pymortests.lyapunov" file="src/pymortests/lyapunov.py" line="122" name="test_dense[pymess_glyap-False-False-2-100]" time="0.0004684925079345703"><skipped message="Suite splitting in effect" type="pytest.skip">src/pymortests/lyapunov.py:122: Suite splitting in effect</skipped></testcase><testcase classname="src.pymortests.lyapunov" file="src/pymortests/lyapunov.py" line="122" name="test_dense[pymess_glyap-False-False-2-200]" time="0.0007963180541992188"><skipped message="Suite splitting in effect" type="pytest.skip">src/pymortests/lyapunov.py:122: Suite splitting in effect</skipped></testcase><testcase classname="src.pymortests.lyapunov" file="src/pymortests/lyapunov.py" line="122" name="test_dense[pymess_glyap-False-True-1-100]" time="0.0004971027374267578"><skipped message="Suite splitting in effect" type="pytest.skip">src/pymortests/lyapunov.py:122: Suite splitting in effect</skipped></testcase><testcase classname="src.pymortests.lyapunov" file="src/pymortests/lyapunov.py" line="122" name="test_dense[pymess_glyap-False-True-1-200]" time="0.00047469139099121094"><skipped message="Suite splitting in effect" type="pytest.skip">src/pymortests/lyapunov.py:122: Suite splitting in effect</skipped></testcase><testcase classname="src.pymortests.lyapunov" file="src/pymortests/lyapunov.py" line="122" name="test_dense[pymess_glyap-False-True-2-100]" time="0.00047326087951660156"><skipped message="Suite splitting in effect" type="pytest.skip">src/pymortests/lyapunov.py:122: Suite splitting in effect</skipped></testcase><testcase classname="src.pymortests.lyapunov" file="src/pymortests/lyapunov.py" line="122" name="test_dense[pymess_glyap-False-True-2-200]" time="0.00048422813415527344"><skipped message="Suite splitting in effect" type="pytest.skip">src/pymortests/lyapunov.py:122: Suite splitting in effect</skipped></testcase><testcase classname="src.pymortests.lyapunov" file="src/pymortests/lyapunov.py" line="122" name="test_dense[pymess_glyap-True-False-1-100]" time="0.00047326087951660156"><skipped message="Suite splitting in effect" type="pytest.skip">src/pymortests/lyapunov.py:122: Suite splitting in effect</skipped></testcase><testcase classname="src.pymortests.lyapunov" file="src/pymortests/lyapunov.py" line="122" name="test_dense[pymess_glyap-True-False-1-200]" time="0.0004475116729736328"><skipped message="Suite splitting in effect" type="pytest.skip">src/pymortests/lyapunov.py:122: Suite splitting in effect</skipped></testcase><testcase classname="src.pymortests.lyapunov" file="src/pymortests/lyapunov.py" line="122" name="test_dense[pymess_glyap-True-False-2-100]" time="0.0004718303680419922"><skipped message="Suite splitting in effect" type="pytest.skip">src/pymortests/lyapunov.py:122: Suite splitting in effect</skipped></testcase><testcase classname="src.pymortests.lyapunov" file="src/pymortests/lyapunov.py" line="122" name="test_dense[pymess_glyap-True-False-2-200]" time="0.0007662773132324219"><skipped message="Suite splitting in effect" type="pytest.skip">src/pymortests/lyapunov.py:122: Suite splitting in effect</skipped></testcase><testcase classname="src.pymortests.lyapunov" file="src/pymortests/lyapunov.py" line="122" name="test_dense[pymess_glyap-True-True-1-100]" time="0.00046443939208984375"><skipped message="Suite splitting in effect" type="pytest.skip">src/pymortests/lyapunov.py:122: Suite splitting in effect</skipped></testcase><testcase classname="src.pymortests.lyapunov" file="src/pymortests/lyapunov.py" line="122" name="test_dense[pymess_glyap-True-True-1-200]" time="0.00046563148498535156"><skipped message="Suite splitting in effect" type="pytest.skip">src/pymortests/lyapunov.py:122: Suite splitting in effect</skipped></testcase><testcase classname="src.pymortests.lyapunov" file="src/pymortests/lyapunov.py" line="122" name="test_dense[pymess_glyap-True-True-2-100]" time="0.00048041343688964844"><skipped message="Suite splitting in effect" type="pytest.skip">src/pymortests/lyapunov.py:122: Suite splitting in effect</skipped></testcase><testcase classname="src.pymortests.lyapunov" file="src/pymortests/lyapunov.py" line="122" name="test_dense[pymess_glyap-True-True-2-200]" time="0.00046372413635253906"><skipped message="Suite splitting in effect" type="pytest.skip">src/pymortests/lyapunov.py:122: Suite splitting in effect</skipped></testcase><testcase classname="src.pymortests.model" file="src/pymortests/model.py" line="13" name="test_pickle[&lt;lambda&gt;0]" time="0.0005474090576171875"><skipped message="Suite splitting in effect" type="pytest.skip">src/pymortests/model.py:13: Suite splitting in effect</skipped></testcase><testcase classname="src.pymortests.model" file="src/pymortests/model.py" line="13" name="test_pickle[&lt;lambda&gt;1]" time="0.00046372413635253906"><skipped message="Suite splitting in effect" type="pytest.skip">src/pymortests/model.py:13: Suite splitting in effect</skipped></testcase><testcase classname="src.pymortests.model" file="src/pymortests/model.py" line="13" name="test_pickle[&lt;lambda&gt;2]" time="0.00045490264892578125"><skipped message="Suite splitting in effect" type="pytest.skip">src/pymortests/model.py:13: Suite splitting in effect</skipped></testcase><testcase classname="src.pymortests.model" file="src/pymortests/model.py" line="13" name="test_pickle[&lt;lambda&gt;3]" time="0.0007495880126953125"><skipped message="Suite splitting in effect" type="pytest.skip">src/pymortests/model.py:13: Suite splitting in effect</skipped></testcase><testcase classname="src.pymortests.model" file="src/pymortests/model.py" line="13" name="test_pickle[&lt;lambda&gt;4]" time="0.0004668235778808594"><skipped message="Suite splitting in effect" type="pytest.skip">src/pymortests/model.py:13: Suite splitting in effect</skipped></testcase><testcase classname="src.pymortests.model" file="src/pymortests/model.py" line="13" name="test_pickle[&lt;lambda&gt;5]" time="0.0004582405090332031"><skipped message="Suite splitting in effect" type="pytest.skip">src/pymortests/model.py:13: Suite splitting in effect</skipped></testcase><testcase classname="src.pymortests.model" file="src/pymortests/model.py" line="13" name="test_pickle[&lt;lambda&gt;6]" time="0.0004544258117675781"><skipped message="Suite splitting in effect" type="pytest.skip">src/pymortests/model.py:13: Suite splitting in effect</skipped></testcase><testcase classname="src.pymortests.model" file="src/pymortests/model.py" line="13" name="test_pickle[&lt;lambda&gt;7]" time="0.00044345855712890625"><skipped message="Suite splitting in effect" type="pytest.skip">src/pymortests/model.py:13: Suite splitting in effect</skipped></testcase><testcase classname="src.pymortests.model" file="src/pymortests/model.py" line="13" name="test_pickle[&lt;lambda&gt;8]" time="0.00045418739318847656"><skipped message="Suite splitting in effect" type="pytest.skip">src/pymortests/model.py:13: Suite splitting in effect</skipped></testcase><testcase classname="src.pymortests.model" file="src/pymortests/model.py" line="13" name="test_pickle[&lt;lambda&gt;9]" time="0.0004527568817138672"><skipped message="Suite splitting in effect" type="pytest.skip">src/pymortests/model.py:13: Suite splitting in effect</skipped></testcase><testcase classname="src.pymortests.model" file="src/pymortests/model.py" line="13" name="test_pickle[&lt;lambda&gt;10]" time="0.00045609474182128906"><skipped message="Suite splitting in effect" type="pytest.skip">src/pymortests/model.py:13: Suite splitting in effect</skipped></testcase><testcase classname="src.pymortests.model" file="src/pymortests/model.py" line="13" name="test_pickle[&lt;lambda&gt;11]" time="0.0008435249328613281"><skipped message="Suite splitting in effect" type="pytest.skip">src/pymortests/model.py:13: Suite splitting in effect</skipped></testcase><testcase classname="src.pymortests.model" file="src/pymortests/model.py" line="13" name="test_pickle[&lt;lambda&gt;12]" time="0.0004699230194091797"><skipped message="Suite splitting in effect" type="pytest.skip">src/pymortests/model.py:13: Suite splitting in effect</skipped></testcase><testcase classname="src.pymortests.model" file="src/pymortests/model.py" line="13" name="test_pickle[&lt;lambda&gt;13]" time="0.0004773139953613281"><skipped message="Suite splitting in effect" type="pytest.skip">src/pymortests/model.py:13: Suite splitting in effect</skipped></testcase><testcase classname="src.pymortests.model" file="src/pymortests/model.py" line="13" name="test_pickle[&lt;lambda&gt;14]" time="0.0004622936248779297"><skipped message="Suite splitting in effect" type="pytest.skip">src/pymortests/model.py:13: Suite splitting in effect</skipped></testcase><testcase classname="src.pymortests.model" file="src/pymortests/model.py" line="13" name="test_pickle[&lt;lambda&gt;15]" time="0.0004878044128417969"><skipped message="Suite splitting in effect" type="pytest.skip">src/pymortests/model.py:13: Suite splitting in effect</skipped></testcase><testcase classname="src.pymortests.model" file="src/pymortests/model.py" line="13" name="test_pickle[&lt;lambda&gt;16]" time="0.00046062469482421875"><skipped message="Suite splitting in effect" type="pytest.skip">src/pymortests/model.py:13: Suite splitting in effect</skipped></testcase><testcase classname="src.pymortests.model" file="src/pymortests/model.py" line="13" name="test_pickle[&lt;lambda&gt;17]" time="0.00045013427734375"><skipped message="Suite splitting in effect" type="pytest.skip">src/pymortests/model.py:13: Suite splitting in effect</skipped></testcase><testcase classname="src.pymortests.model" file="src/pymortests/model.py" line="13" name="test_pickle[&lt;lambda&gt;18]" time="0.00044655799865722656"><skipped message="Suite splitting in effect" type="pytest.skip">src/pymortests/model.py:13: Suite splitting in effect</skipped></testcase><testcase classname="src.pymortests.model" file="src/pymortests/model.py" line="13" name="test_pickle[&lt;lambda&gt;19]" time="0.0007779598236083984"><skipped message="Suite splitting in effect" type="pytest.skip">src/pymortests/model.py:13: Suite splitting in effect</skipped></testcase><testcase classname="src.pymortests.model" file="src/pymortests/model.py" line="13" name="test_pickle[&lt;lambda&gt;20]" time="0.0004363059997558594"><skipped message="Suite splitting in effect" type="pytest.skip">src/pymortests/model.py:13: Suite splitting in effect</skipped></testcase><testcase classname="src.pymortests.model" file="src/pymortests/model.py" line="13" name="test_pickle[&lt;lambda&gt;21]" time="0.0004494190216064453"><skipped message="Suite splitting in effect" type="pytest.skip">src/pymortests/model.py:13: Suite splitting in effect</skipped></testcase><testcase classname="src.pymortests.model" file="src/pymortests/model.py" line="13" name="test_pickle[&lt;lambda&gt;22]" time="0.00043654441833496094"><skipped message="Suite splitting in effect" type="pytest.skip">src/pymortests/model.py:13: Suite splitting in effect</skipped></testcase><testcase classname="src.pymortests.model" file="src/pymortests/model.py" line="13" name="test_pickle[&lt;lambda&gt;23]" time="0.0004668235778808594"><skipped message="Suite splitting in effect" type="pytest.skip">src/pymortests/model.py:13: Suite splitting in effect</skipped></testcase><testcase classname="src.pymortests.model" file="src/pymortests/model.py" line="17" name="test_pickle_without_dumps_function[&lt;lambda&gt;0]" time="0.0004432201385498047"><skipped message="Suite splitting in effect" type="pytest.skip">src/pymortests/model.py:17: Suite splitting in effect</skipped></testcase><testcase classname="src.pymortests.model" file="src/pymortests/model.py" line="17" name="test_pickle_without_dumps_function[&lt;lambda&gt;1]" time="0.0004949569702148438"><skipped message="Suite splitting in effect" type="pytest.skip">src/pymortests/model.py:17: Suite splitting in effect</skipped></testcase><testcase classname="src.pymortests.model" file="src/pymortests/model.py" line="17" name="test_pickle_without_dumps_function[&lt;lambda&gt;2]" time="0.0004899501800537109"><skipped message="Suite splitting in effect" type="pytest.skip">src/pymortests/model.py:17: Suite splitting in effect</skipped></testcase><testcase classname="src.pymortests.model" file="src/pymortests/model.py" line="17" name="test_pickle_without_dumps_function[&lt;lambda&gt;3]" time="0.0007648468017578125"><skipped message="Suite splitting in effect" type="pytest.skip">src/pymortests/model.py:17: Suite splitting in effect</skipped></testcase><testcase classname="src.pymortests.model" file="src/pymortests/model.py" line="17" name="test_pickle_without_dumps_function[&lt;lambda&gt;4]" time="0.0005018711090087891"><skipped message="Suite splitting in effect" type="pytest.skip">src/pymortests/model.py:17: Suite splitting in effect</skipped></testcase><testcase classname="src.pymortests.model" file="src/pymortests/model.py" line="17" name="test_pickle_without_dumps_function[&lt;lambda&gt;5]" time="0.00046133995056152344"><skipped message="Suite splitting in effect" type="pytest.skip">src/pymortests/model.py:17: Suite splitting in effect</skipped></testcase><testcase classname="src.pymortests.model" file="src/pymortests/model.py" line="17" name="test_pickle_without_dumps_function[&lt;lambda&gt;6]" time="0.00046706199645996094"><skipped message="Suite splitting in effect" type="pytest.skip">src/pymortests/model.py:17: Suite splitting in effect</skipped></testcase><testcase classname="src.pymortests.model" file="src/pymortests/model.py" line="17" name="test_pickle_without_dumps_function[&lt;lambda&gt;7]" time="0.0004744529724121094"><skipped message="Suite splitting in effect" type="pytest.skip">src/pymortests/model.py:17: Suite splitting in effect</skipped></testcase><testcase classname="src.pymortests.model" file="src/pymortests/model.py" line="17" name="test_pickle_without_dumps_function[&lt;lambda&gt;8]" time="0.00045299530029296875"><skipped message="Suite splitting in effect" type="pytest.skip">src/pymortests/model.py:17: Suite splitting in effect</skipped></testcase><testcase classname="src.pymortests.model" file="src/pymortests/model.py" line="17" name="test_pickle_without_dumps_function[&lt;lambda&gt;9]" time="0.0004839897155761719"><skipped message="Suite splitting in effect" type="pytest.skip">src/pymortests/model.py:17: Suite splitting in effect</skipped></testcase><testcase classname="src.pymortests.model" file="src/pymortests/model.py" line="17" name="test_pickle_without_dumps_function[&lt;lambda&gt;10]" time="0.00045371055603027344"><skipped message="Suite splitting in effect" type="pytest.skip">src/pymortests/model.py:17: Suite splitting in effect</skipped></testcase><testcase classname="src.pymortests.model" file="src/pymortests/model.py" line="17" name="test_pickle_without_dumps_function[&lt;lambda&gt;11]" time="0.0007669925689697266"><skipped message="Suite splitting in effect" type="pytest.skip">src/pymortests/model.py:17: Suite splitting in effect</skipped></testcase><testcase classname="src.pymortests.model" file="src/pymortests/model.py" line="17" name="test_pickle_without_dumps_function[&lt;lambda&gt;12]" time="0.0004851818084716797"><skipped message="Suite splitting in effect" type="pytest.skip">src/pymortests/model.py:17: Suite splitting in effect</skipped></testcase><testcase classname="src.pymortests.model" file="src/pymortests/model.py" line="17" name="test_pickle_without_dumps_function[&lt;lambda&gt;13]" time="0.0004620552062988281"><skipped message="Suite splitting in effect" type="pytest.skip">src/pymortests/model.py:17: Suite splitting in effect</skipped></testcase><testcase classname="src.pymortests.model" file="src/pymortests/model.py" line="17" name="test_pickle_without_dumps_function[&lt;lambda&gt;14]" time="0.0004627704620361328"><skipped message="Suite splitting in effect" type="pytest.skip">src/pymortests/model.py:17: Suite splitting in effect</skipped></testcase><testcase classname="src.pymortests.model" file="src/pymortests/model.py" line="17" name="test_pickle_without_dumps_function[&lt;lambda&gt;15]" time="0.0004596710205078125"><skipped message="Suite splitting in effect" type="pytest.skip">src/pymortests/model.py:17: Suite splitting in effect</skipped></testcase><testcase classname="src.pymortests.model" file="src/pymortests/model.py" line="17" name="test_pickle_without_dumps_function[&lt;lambda&gt;16]" time="0.00045990943908691406"><skipped message="Suite splitting in effect" type="pytest.skip">src/pymortests/model.py:17: Suite splitting in effect</skipped></testcase><testcase classname="src.pymortests.model" file="src/pymortests/model.py" line="17" name="test_pickle_without_dumps_function[&lt;lambda&gt;17]" time="0.0004749298095703125"><skipped message="Suite splitting in effect" type="pytest.skip">src/pymortests/model.py:17: Suite splitting in effect</skipped></testcase><testcase classname="src.pymortests.model" file="src/pymortests/model.py" line="17" name="test_pickle_without_dumps_function[&lt;lambda&gt;18]" time="0.0004477500915527344"><skipped message="Suite splitting in effect" type="pytest.skip">src/pymortests/model.py:17: Suite splitting in effect</skipped></testcase><testcase classname="src.pymortests.model" file="src/pymortests/model.py" line="17" name="test_pickle_without_dumps_function[&lt;lambda&gt;19]" time="0.0007791519165039062"><skipped message="Suite splitting in effect" type="pytest.skip">src/pymortests/model.py:17: Suite splitting in effect</skipped></testcase><testcase classname="src.pymortests.model" file="src/pymortests/model.py" line="17" name="test_pickle_without_dumps_function[&lt;lambda&gt;20]" time="0.0004589557647705078"><skipped message="Suite splitting in effect" type="pytest.skip">src/pymortests/model.py:17: Suite splitting in effect</skipped></testcase><testcase classname="src.pymortests.model" file="src/pymortests/model.py" line="17" name="test_pickle_without_dumps_function[&lt;lambda&gt;21]" time="0.000461578369140625"><skipped message="Suite splitting in effect" type="pytest.skip">src/pymortests/model.py:17: Suite splitting in effect</skipped></testcase><testcase classname="src.pymortests.model" file="src/pymortests/model.py" line="21" name="test_pickle_by_solving[&lt;lambda&gt;0]" time="0.0004551410675048828"><skipped message="Suite splitting in effect" type="pytest.skip">src/pymortests/model.py:21: Suite splitting in effect</skipped></testcase><testcase classname="src.pymortests.model" file="src/pymortests/model.py" line="21" name="test_pickle_by_solving[&lt;lambda&gt;1]" time="0.00046706199645996094"><skipped message="Suite splitting in effect" type="pytest.skip">src/pymortests/model.py:21: Suite splitting in effect</skipped></testcase><testcase classname="src.pymortests.model" file="src/pymortests/model.py" line="21" name="test_pickle_by_solving[&lt;lambda&gt;2]" time="0.0004475116729736328"><skipped message="Suite splitting in effect" type="pytest.skip">src/pymortests/model.py:21: Suite splitting in effect</skipped></testcase><testcase classname="src.pymortests.model" file="src/pymortests/model.py" line="21" name="test_pickle_by_solving[&lt;lambda&gt;3]" time="0.0004527568817138672"><skipped message="Suite splitting in effect" type="pytest.skip">src/pymortests/model.py:21: Suite splitting in effect</skipped></testcase><testcase classname="src.pymortests.model" file="src/pymortests/model.py" line="21" name="test_pickle_by_solving[&lt;lambda&gt;4]" time="0.0005061626434326172"><skipped message="Suite splitting in effect" type="pytest.skip">src/pymortests/model.py:21: Suite splitting in effect</skipped></testcase><testcase classname="src.pymortests.model" file="src/pymortests/model.py" line="21" name="test_pickle_by_solving[&lt;lambda&gt;5]" time="0.0007903575897216797"><skipped message="Suite splitting in effect" type="pytest.skip">src/pymortests/model.py:21: Suite splitting in effect</skipped></testcase><testcase classname="src.pymortests.model" file="src/pymortests/model.py" line="21" name="test_pickle_by_solving[&lt;lambda&gt;6]" time="0.00044727325439453125"><skipped message="Suite splitting in effect" type="pytest.skip">src/pymortests/model.py:21: Suite splitting in effect</skipped></testcase><testcase classname="src.pymortests.model" file="src/pymortests/model.py" line="21" name="test_pickle_by_solving[&lt;lambda&gt;7]" time="0.000457763671875"><skipped message="Suite splitting in effect" type="pytest.skip">src/pymortests/model.py:21: Suite splitting in effect</skipped></testcase><testcase classname="src.pymortests.model" file="src/pymortests/model.py" line="21" name="test_pickle_by_solving[&lt;lambda&gt;8]" time="0.00046515464782714844"><skipped message="Suite splitting in effect" type="pytest.skip">src/pymortests/model.py:21: Suite splitting in effect</skipped></testcase><testcase classname="src.pymortests.model" file="src/pymortests/model.py" line="21" name="test_pickle_by_solving[&lt;lambda&gt;9]" time="0.00045299530029296875"><skipped message="Suite splitting in effect" type="pytest.skip">src/pymortests/model.py:21: Suite splitting in effect</skipped></testcase><testcase classname="src.pymortests.model" file="src/pymortests/model.py" line="21" name="test_pickle_by_solving[&lt;lambda&gt;10]" time="0.0004360675811767578"><skipped message="Suite splitting in effect" type="pytest.skip">src/pymortests/model.py:21: Suite splitting in effect</skipped></testcase><testcase classname="src.pymortests.model" file="src/pymortests/model.py" line="21" name="test_pickle_by_solving[&lt;lambda&gt;11]" time="0.0004630088806152344"><skipped message="Suite splitting in effect" type="pytest.skip">src/pymortests/model.py:21: Suite splitting in effect</skipped></testcase><testcase classname="src.pymortests.model" file="src/pymortests/model.py" line="21" name="test_pickle_by_solving[&lt;lambda&gt;12]" time="0.00044035911560058594"><skipped message="Suite splitting in effect" type="pytest.skip">src/pymortests/model.py:21: Suite splitting in effect</skipped></testcase><testcase classname="src.pymortests.model" file="src/pymortests/model.py" line="21" name="test_pickle_by_solving[&lt;lambda&gt;13]" time="0.0007658004760742188"><skipped message="Suite splitting in effect" type="pytest.skip">src/pymortests/model.py:21: Suite splitting in effect</skipped></testcase><testcase classname="src.pymortests.model" file="src/pymortests/model.py" line="21" name="test_pickle_by_solving[&lt;lambda&gt;14]" time="0.0004601478576660156"><skipped message="Suite splitting in effect" type="pytest.skip">src/pymortests/model.py:21: Suite splitting in effect</skipped></testcase><testcase classname="src.pymortests.model" file="src/pymortests/model.py" line="21" name="test_pickle_by_solving[&lt;lambda&gt;15]" time="0.0004496574401855469"><skipped message="Suite splitting in effect" type="pytest.skip">src/pymortests/model.py:21: Suite splitting in effect</skipped></testcase><testcase classname="src.pymortests.model" file="src/pymortests/model.py" line="21" name="test_pickle_by_solving[&lt;lambda&gt;16]" time="0.00046515464782714844"><skipped message="Suite splitting in effect" type="pytest.skip">src/pymortests/model.py:21: Suite splitting in effect</skipped></testcase><testcase classname="src.pymortests.model" file="src/pymortests/model.py" line="21" name="test_pickle_by_solving[&lt;lambda&gt;17]" time="0.00045752525329589844"><skipped message="Suite splitting in effect" type="pytest.skip">src/pymortests/model.py:21: Suite splitting in effect</skipped></testcase><testcase classname="src.pymortests.model" file="src/pymortests/model.py" line="21" name="test_pickle_by_solving[&lt;lambda&gt;18]" time="0.0005190372467041016"><skipped message="Suite splitting in effect" type="pytest.skip">src/pymortests/model.py:21: Suite splitting in effect</skipped></testcase><testcase classname="src.pymortests.model" file="src/pymortests/model.py" line="21" name="test_pickle_by_solving[&lt;lambda&gt;19]" time="0.0004620552062988281"><skipped message="Suite splitting in effect" type="pytest.skip">src/pymortests/model.py:21: Suite splitting in effect</skipped></testcase><testcase classname="src.pymortests.model" file="src/pymortests/model.py" line="21" name="test_pickle_by_solving[&lt;lambda&gt;20]" time="0.00046634674072265625"><skipped message="Suite splitting in effect" type="pytest.skip">src/pymortests/model.py:21: Suite splitting in effect</skipped></testcase><testcase classname="src.pymortests.model" file="src/pymortests/model.py" line="21" name="test_pickle_by_solving[&lt;lambda&gt;21]" time="0.0008223056793212891"><skipped message="Suite splitting in effect" type="pytest.skip">src/pymortests/model.py:21: Suite splitting in effect</skipped></testcase><testcase classname="src.pymortests.model" file="src/pymortests/model.py" line="21" name="test_pickle_by_solving[&lt;lambda&gt;22]" time="0.000446319580078125"><skipped message="Suite splitting in effect" type="pytest.skip">src/pymortests/model.py:21: Suite splitting in effect</skipped></testcase><testcase classname="src.pymortests.model" file="src/pymortests/model.py" line="21" name="test_pickle_by_solving[&lt;lambda&gt;23]" time="0.0004677772521972656"><skipped message="Suite splitting in effect" type="pytest.skip">src/pymortests/model.py:21: Suite splitting in effect</skipped></testcase><testcase classname="src.pymortests.operators" file="src/pymortests/operators.py" line="21" name="test_selection_op" time="0.0005559921264648438"><skipped message="Suite splitting in effect" type="pytest.skip">src/pymortests/operators.py:21: Suite splitting in effect</skipped></testcase><testcase classname="src.pymortests.operators" file="src/pymortests/operators.py" line="53" name="test_lincomb_op" time="0.0004851818084716797"><skipped message="Suite splitting in effect" type="pytest.skip">src/pymortests/operators.py:53: Suite splitting in effect</skipped></testcase><testcase classname="src.pymortests.operators" file="src/pymortests/operators.py" line="77" name="test_pickle[&lt;lambda&gt;0]" time="0.0004603862762451172"><skipped message="Suite splitting in effect" type="pytest.skip">src/pymortests/operators.py:77: Suite splitting in effect</skipped></testcase><testcase classname="src.pymortests.operators" file="src/pymortests/operators.py" line="77" name="test_pickle[&lt;lambda&gt;1]" time="0.00045418739318847656"><skipped message="Suite splitting in effect" type="pytest.skip">src/pymortests/operators.py:77: Suite splitting in effect</skipped></testcase><testcase classname="src.pymortests.operators" file="src/pymortests/operators.py" line="77" name="test_pickle[&lt;lambda&gt;2]" time="0.00047469139099121094"><skipped message="Suite splitting in effect" type="pytest.skip">src/pymortests/operators.py:77: Suite splitting in effect</skipped></testcase><testcase classname="src.pymortests.operators" file="src/pymortests/operators.py" line="77" name="test_pickle[&lt;lambda&gt;3]" time="0.0010466575622558594"><skipped message="Suite splitting in effect" type="pytest.skip">src/pymortests/operators.py:77: Suite splitting in effect</skipped></testcase><testcase classname="src.pymortests.operators" file="src/pymortests/operators.py" line="77" name="test_pickle[&lt;lambda&gt;4]" time="0.00047326087951660156"><skipped message="Suite splitting in effect" type="pytest.skip">src/pymortests/operators.py:77: Suite splitting in effect</skipped></testcase><testcase classname="src.pymortests.operators" file="src/pymortests/operators.py" line="77" name="test_pickle[&lt;lambda&gt;5]" time="0.0004973411560058594"><skipped message="Suite splitting in effect" type="pytest.skip">src/pymortests/operators.py:77: Suite splitting in effect</skipped></testcase><testcase classname="src.pymortests.operators" file="src/pymortests/operators.py" line="77" name="test_pickle[&lt;lambda&gt;6]" time="0.0004942417144775391"><skipped message="Suite splitting in effect" type="pytest.skip">src/pymortests/operators.py:77: Suite splitting in effect</skipped></testcase><testcase classname="src.pymortests.operators" file="src/pymortests/operators.py" line="77" name="test_pickle[&lt;lambda&gt;7]" time="0.0004520416259765625"><skipped message="Suite splitting in effect" type="pytest.skip">src/pymortests/operators.py:77: Suite splitting in effect</skipped></testcase><testcase classname="src.pymortests.operators" file="src/pymortests/operators.py" line="77" name="test_pickle[&lt;lambda&gt;8]" time="0.0004839897155761719"><skipped message="Suite splitting in effect" type="pytest.skip">src/pymortests/operators.py:77: Suite splitting in effect</skipped></testcase><testcase classname="src.pymortests.operators" file="src/pymortests/operators.py" line="77" name="test_pickle[&lt;lambda&gt;9]" time="0.00047707557678222656"><skipped message="Suite splitting in effect" type="pytest.skip">src/pymortests/operators.py:77: Suite splitting in effect</skipped></testcase><testcase classname="src.pymortests.operators" file="src/pymortests/operators.py" line="77" name="test_pickle[&lt;lambda&gt;10]" time="0.0004627704620361328"><skipped message="Suite splitting in effect" type="pytest.skip">src/pymortests/operators.py:77: Suite splitting in effect</skipped></testcase><testcase classname="src.pymortests.operators" file="src/pymortests/operators.py" line="77" name="test_pickle[&lt;lambda&gt;11]" time="0.0007817745208740234"><skipped message="Suite splitting in effect" type="pytest.skip">src/pymortests/operators.py:77: Suite splitting in effect</skipped></testcase><testcase classname="src.pymortests.operators" file="src/pymortests/operators.py" line="77" name="test_pickle[&lt;lambda&gt;12]" time="0.0004546642303466797"><skipped message="Suite splitting in effect" type="pytest.skip">src/pymortests/operators.py:77: Suite splitting in effect</skipped></testcase><testcase classname="src.pymortests.operators" file="src/pymortests/operators.py" line="77" name="test_pickle[&lt;lambda&gt;13]" time="0.0004673004150390625"><skipped message="Suite splitting in effect" type="pytest.skip">src/pymortests/operators.py:77: Suite splitting in effect</skipped></testcase><testcase classname="src.pymortests.operators" file="src/pymortests/operators.py" line="77" name="test_pickle[&lt;lambda&gt;14]" time="0.00046563148498535156"><skipped message="Suite splitting in effect" type="pytest.skip">src/pymortests/operators.py:77: Suite splitting in effect</skipped></testcase><testcase classname="src.pymortests.operators" file="src/pymortests/operators.py" line="77" name="test_pickle[&lt;lambda&gt;15]" time="0.0004742145538330078"><skipped message="Suite splitting in effect" type="pytest.skip">src/pymortests/operators.py:77: Suite splitting in effect</skipped></testcase><testcase classname="src.pymortests.operators" file="src/pymortests/operators.py" line="77" name="test_pickle[&lt;lambda&gt;16]" time="0.0004620552062988281"><skipped message="Suite splitting in effect" type="pytest.skip">src/pymortests/operators.py:77: Suite splitting in effect</skipped></testcase><testcase classname="src.pymortests.operators" file="src/pymortests/operators.py" line="77" name="test_pickle[&lt;lambda&gt;17]" time="0.0004878044128417969"><skipped message="Suite splitting in effect" type="pytest.skip">src/pymortests/operators.py:77: Suite splitting in effect</skipped></testcase><testcase classname="src.pymortests.operators" file="src/pymortests/operators.py" line="77" name="test_pickle[&lt;lambda&gt;18]" time="0.0005195140838623047"><skipped message="Suite splitting in effect" type="pytest.skip">src/pymortests/operators.py:77: Suite splitting in effect</skipped></testcase><testcase classname="src.pymortests.operators" file="src/pymortests/operators.py" line="77" name="test_pickle[&lt;lambda&gt;19]" time="0.0008046627044677734"><skipped message="Suite splitting in effect" type="pytest.skip">src/pymortests/operators.py:77: Suite splitting in effect</skipped></testcase><testcase classname="src.pymortests.operators" file="src/pymortests/operators.py" line="77" name="test_pickle[&lt;lambda&gt;20]" time="0.0005047321319580078"><skipped message="Suite splitting in effect" type="pytest.skip">src/pymortests/operators.py:77: Suite splitting in effect</skipped></testcase><testcase classname="src.pymortests.operators" file="src/pymortests/operators.py" line="77" name="test_pickle[&lt;lambda&gt;21]" time="0.0004780292510986328"><skipped message="Suite splitting in effect" type="pytest.skip">src/pymortests/operators.py:77: Suite splitting in effect</skipped></testcase><testcase classname="src.pymortests.operators" file="src/pymortests/operators.py" line="77" name="test_pickle[&lt;lambda&gt;22]" time="0.00047850608825683594"><skipped message="Suite splitting in effect" type="pytest.skip">src/pymortests/operators.py:77: Suite splitting in effect</skipped></testcase><testcase classname="src.pymortests.operators" file="src/pymortests/operators.py" line="77" name="test_pickle[&lt;lambda&gt;23]" time="0.00046181678771972656"><skipped message="Suite splitting in effect" type="pytest.skip">src/pymortests/operators.py:77: Suite splitting in effect</skipped></testcase><testcase classname="src.pymortests.operators" file="src/pymortests/operators.py" line="77" name="test_pickle[&lt;lambda&gt;24]" time="0.00044608116149902344"><skipped message="Suite splitting in effect" type="pytest.skip">src/pymortests/operators.py:77: Suite splitting in effect</skipped></testcase><testcase classname="src.pymortests.operators" file="src/pymortests/operators.py" line="77" name="test_pickle[&lt;lambda&gt;25]" time="0.0004792213439941406"><skipped message="Suite splitting in effect" type="pytest.skip">src/pymortests/operators.py:77: Suite splitting in effect</skipped></testcase><testcase classname="src.pymortests.operators" file="src/pymortests/operators.py" line="77" name="test_pickle[&lt;lambda&gt;26]" time="0.0006384849548339844"><skipped message="Suite splitting in effect" type="pytest.skip">src/pymortests/operators.py:77: Suite splitting in effect</skipped></testcase><testcase classname="src.pymortests.operators" file="src/pymortests/operators.py" line="77" name="test_pickle[&lt;lambda&gt;27]" time="0.0007982254028320312"><skipped message="Suite splitting in effect" type="pytest.skip">src/pymortests/operators.py:77: Suite splitting in effect</skipped></testcase><testcase classname="src.pymortests.operators" file="src/pymortests/operators.py" line="77" name="test_pickle[&lt;lambda&gt;28]" time="0.0004584789276123047"><skipped message="Suite splitting in effect" type="pytest.skip">src/pymortests/operators.py:77: Suite splitting in effect</skipped></testcase><testcase classname="src.pymortests.operators" file="src/pymortests/operators.py" line="77" name="test_pickle[&lt;lambda&gt;29]" time="0.0004754066467285156"><skipped message="Suite splitting in effect" type="pytest.skip">src/pymortests/operators.py:77: Suite splitting in effect</skipped></testcase><testcase classname="src.pymortests.operators" file="src/pymortests/operators.py" line="77" name="test_pickle[&lt;lambda&gt;30]" time="0.00044918060302734375"><skipped message="Suite splitting in effect" type="pytest.skip">src/pymortests/operators.py:77: Suite splitting in effect</skipped></testcase><testcase classname="src.pymortests.operators" file="src/pymortests/operators.py" line="77" name="test_pickle[&lt;lambda&gt;31]" time="0.0005052089691162109"><skipped message="Suite splitting in effect" type="pytest.skip">src/pymortests/operators.py:77: Suite splitting in effect</skipped></testcase><testcase classname="src.pymortests.operators" file="src/pymortests/operators.py" line="77" name="test_pickle[&lt;lambda&gt;32]" time="0.0005726814270019531"><skipped message="Suite splitting in effect" type="pytest.skip">src/pymortests/operators.py:77: Suite splitting in effect</skipped></testcase><testcase classname="src.pymortests.operators" file="src/pymortests/operators.py" line="77" name="test_pickle[&lt;lambda&gt;33]" time="0.00044918060302734375"><skipped message="Suite splitting in effect" type="pytest.skip">src/pymortests/operators.py:77: Suite splitting in effect</skipped></testcase><testcase classname="src.pymortests.operators" file="src/pymortests/operators.py" line="77" name="test_pickle[&lt;lambda&gt;34]" time="0.0004703998565673828"><skipped message="Suite splitting in effect" type="pytest.skip">src/pymortests/operators.py:77: Suite splitting in effect</skipped></testcase><testcase classname="src.pymortests.operators" file="src/pymortests/operators.py" line="77" name="test_pickle[&lt;lambda&gt;35]" time="0.000774383544921875"><skipped message="Suite splitting in effect" type="pytest.skip">src/pymortests/operators.py:77: Suite splitting in effect</skipped></testcase><testcase classname="src.pymortests.operators" file="src/pymortests/operators.py" line="77" name="test_pickle[&lt;lambda&gt;36]" time="0.00045871734619140625"><skipped message="Suite splitting in effect" type="pytest.skip">src/pymortests/operators.py:77: Suite splitting in effect</skipped></testcase><testcase classname="src.pymortests.operators" file="src/pymortests/operators.py" line="77" name="test_pickle[&lt;lambda&gt;37]" time="0.0004858970642089844"><skipped message="Suite splitting in effect" type="pytest.skip">src/pymortests/operators.py:77: Suite splitting in effect</skipped></testcase><testcase classname="src.pymortests.operators" file="src/pymortests/operators.py" line="77" name="test_pickle[&lt;lambda&gt;38]" time="0.0004699230194091797"><skipped message="Suite splitting in effect" type="pytest.skip">src/pymortests/operators.py:77: Suite splitting in effect</skipped></testcase><testcase classname="src.pymortests.operators" file="src/pymortests/operators.py" line="77" name="test_pickle[&lt;lambda&gt;39]" time="0.0004582405090332031"><skipped message="Suite splitting in effect" type="pytest.skip">src/pymortests/operators.py:77: Suite splitting in effect</skipped></testcase><testcase classname="src.pymortests.operators" file="src/pymortests/operators.py" line="77" name="test_pickle[&lt;lambda&gt;40]" time="0.0004658699035644531"><skipped message="Suite splitting in effect" type="pytest.skip">src/pymortests/operators.py:77: Suite splitting in effect</skipped></testcase><testcase classname="src.pymortests.operators" file="src/pymortests/operators.py" line="81" name="test_pickle_without_dumps_function[&lt;lambda&gt;0]" time="0.0004558563232421875"><skipped message="Suite splitting in effect" type="pytest.skip">src/pymortests/operators.py:81: Suite splitting in effect</skipped></testcase><testcase classname="src.pymortests.operators" file="src/pymortests/operators.py" line="81" name="test_pickle_without_dumps_function[&lt;lambda&gt;1]" time="0.0004703998565673828"><skipped message="Suite splitting in effect" type="pytest.skip">src/pymortests/operators.py:81: Suite splitting in effect</skipped></testcase><testcase classname="src.pymortests.operators" file="src/pymortests/operators.py" line="81" name="test_pickle_without_dumps_function[&lt;lambda&gt;2]" time="0.000835418701171875"><skipped message="Suite splitting in effect" type="pytest.skip">src/pymortests/operators.py:81: Suite splitting in effect</skipped></testcase><testcase classname="src.pymortests.operators" file="src/pymortests/operators.py" line="81" name="test_pickle_without_dumps_function[&lt;lambda&gt;3]" time="0.0005285739898681641"><skipped message="Suite splitting in effect" type="pytest.skip">src/pymortests/operators.py:81: Suite splitting in effect</skipped></testcase><testcase classname="src.pymortests.operators" file="src/pymortests/operators.py" line="81" name="test_pickle_without_dumps_function[&lt;lambda&gt;4]" time="0.00045299530029296875"><skipped message="Suite splitting in effect" type="pytest.skip">src/pymortests/operators.py:81: Suite splitting in effect</skipped></testcase><testcase classname="src.pymortests.operators" file="src/pymortests/operators.py" line="81" name="test_pickle_without_dumps_function[&lt;lambda&gt;5]" time="0.0005040168762207031"><skipped message="Suite splitting in effect" type="pytest.skip">src/pymortests/operators.py:81: Suite splitting in effect</skipped></testcase><testcase classname="src.pymortests.operators" file="src/pymortests/operators.py" line="81" name="test_pickle_without_dumps_function[&lt;lambda&gt;6]" time="0.0004665851593017578"><skipped message="Suite splitting in effect" type="pytest.skip">src/pymortests/operators.py:81: Suite splitting in effect</skipped></testcase><testcase classname="src.pymortests.operators" file="src/pymortests/operators.py" line="81" name="test_pickle_without_dumps_function[&lt;lambda&gt;7]" time="0.00046634674072265625"><skipped message="Suite splitting in effect" type="pytest.skip">src/pymortests/operators.py:81: Suite splitting in effect</skipped></testcase><testcase classname="src.pymortests.operators" file="src/pymortests/operators.py" line="81" name="test_pickle_without_dumps_function[&lt;lambda&gt;8]" time="0.0004391670227050781"><skipped message="Suite splitting in effect" type="pytest.skip">src/pymortests/operators.py:81: Suite splitting in effect</skipped></testcase><testcase classname="src.pymortests.operators" file="src/pymortests/operators.py" line="81" name="test_pickle_without_dumps_function[&lt;lambda&gt;9]" time="0.0004744529724121094"><skipped message="Suite splitting in effect" type="pytest.skip">src/pymortests/operators.py:81: Suite splitting in effect</skipped></testcase><testcase classname="src.pymortests.operators" file="src/pymortests/operators.py" line="81" name="test_pickle_without_dumps_function[&lt;lambda&gt;10]" time="0.0007910728454589844"><skipped message="Suite splitting in effect" type="pytest.skip">src/pymortests/operators.py:81: Suite splitting in effect</skipped></testcase><testcase classname="src.pymortests.operators" file="src/pymortests/operators.py" line="81" name="test_pickle_without_dumps_function[&lt;lambda&gt;11]" time="0.0004487037658691406"><skipped message="Suite splitting in effect" type="pytest.skip">src/pymortests/operators.py:81: Suite splitting in effect</skipped></testcase><testcase classname="src.pymortests.operators" file="src/pymortests/operators.py" line="81" name="test_pickle_without_dumps_function[&lt;lambda&gt;12]" time="0.0004646778106689453"><skipped message="Suite splitting in effect" type="pytest.skip">src/pymortests/operators.py:81: Suite splitting in effect</skipped></testcase><testcase classname="src.pymortests.operators" file="src/pymortests/operators.py" line="81" name="test_pickle_without_dumps_function[&lt;lambda&gt;13]" time="0.0004744529724121094"><skipped message="Suite splitting in effect" type="pytest.skip">src/pymortests/operators.py:81: Suite splitting in effect</skipped></testcase><testcase classname="src.pymortests.operators" file="src/pymortests/operators.py" line="81" name="test_pickle_without_dumps_function[&lt;lambda&gt;14]" time="0.0004699230194091797"><skipped message="Suite splitting in effect" type="pytest.skip">src/pymortests/operators.py:81: Suite splitting in effect</skipped></testcase><testcase classname="src.pymortests.operators" file="src/pymortests/operators.py" line="81" name="test_pickle_without_dumps_function[&lt;lambda&gt;15]" time="0.0004508495330810547"><skipped message="Suite splitting in effect" type="pytest.skip">src/pymortests/operators.py:81: Suite splitting in effect</skipped></testcase><testcase classname="src.pymortests.operators" file="src/pymortests/operators.py" line="81" name="test_pickle_without_dumps_function[&lt;lambda&gt;16]" time="0.0004887580871582031"><skipped message="Suite splitting in effect" type="pytest.skip">src/pymortests/operators.py:81: Suite splitting in effect</skipped></testcase><testcase classname="src.pymortests.operators" file="src/pymortests/operators.py" line="81" name="test_pickle_without_dumps_function[&lt;lambda&gt;17]" time="0.00044345855712890625"><skipped message="Suite splitting in effect" type="pytest.skip">src/pymortests/operators.py:81: Suite splitting in effect</skipped></testcase><testcase classname="src.pymortests.operators" file="src/pymortests/operators.py" line="81" name="test_pickle_without_dumps_function[&lt;lambda&gt;18]" time="0.0007693767547607422"><skipped message="Suite splitting in effect" type="pytest.skip">src/pymortests/operators.py:81: Suite splitting in effect</skipped></testcase><testcase classname="src.pymortests.operators" file="src/pymortests/operators.py" line="81" name="test_pickle_without_dumps_function[&lt;lambda&gt;19]" time="0.00045180320739746094"><skipped message="Suite splitting in effect" type="pytest.skip">src/pymortests/operators.py:81: Suite splitting in effect</skipped></testcase><testcase classname="src.pymortests.operators" file="src/pymortests/operators.py" line="81" name="test_pickle_without_dumps_function[&lt;lambda&gt;20]" time="0.0004532337188720703"><skipped message="Suite splitting in effect" type="pytest.skip">src/pymortests/operators.py:81: Suite splitting in effect</skipped></testcase><testcase classname="src.pymortests.operators" file="src/pymortests/operators.py" line="81" name="test_pickle_without_dumps_function[&lt;lambda&gt;21]" time="0.000469207763671875"><skipped message="Suite splitting in effect" type="pytest.skip">src/pymortests/operators.py:81: Suite splitting in effect</skipped></testcase><testcase classname="src.pymortests.operators" file="src/pymortests/operators.py" line="81" name="test_pickle_without_dumps_function[&lt;lambda&gt;22]" time="0.000453948974609375"><skipped message="Suite splitting in effect" type="pytest.skip">src/pymortests/operators.py:81: Suite splitting in effect</skipped></testcase><testcase classname="src.pymortests.operators" file="src/pymortests/operators.py" line="81" name="test_pickle_without_dumps_function[&lt;lambda&gt;23]" time="0.0004570484161376953"><skipped message="Suite splitting in effect" type="pytest.skip">src/pymortests/operators.py:81: Suite splitting in effect</skipped></testcase><testcase classname="src.pymortests.operators" file="src/pymortests/operators.py" line="81" name="test_pickle_without_dumps_function[&lt;lambda&gt;24]" time="0.00045180320739746094"><skipped message="Suite splitting in effect" type="pytest.skip">src/pymortests/operators.py:81: Suite splitting in effect</skipped></testcase><testcase classname="src.pymortests.operators" file="src/pymortests/operators.py" line="81" name="test_pickle_without_dumps_function[&lt;lambda&gt;25]" time="0.0004649162292480469"><skipped message="Suite splitting in effect" type="pytest.skip">src/pymortests/operators.py:81: Suite splitting in effect</skipped></testcase><testcase classname="src.pymortests.operators" file="src/pymortests/operators.py" line="81" name="test_pickle_without_dumps_function[&lt;lambda&gt;26]" time="0.0007441043853759766"><skipped message="Suite splitting in effect" type="pytest.skip">src/pymortests/operators.py:81: Suite splitting in effect</skipped></testcase><testcase classname="src.pymortests.operators" file="src/pymortests/operators.py" line="81" name="test_pickle_without_dumps_function[&lt;lambda&gt;27]" time="0.0004532337188720703"><skipped message="Suite splitting in effect" type="pytest.skip">src/pymortests/operators.py:81: Suite splitting in effect</skipped></testcase><testcase classname="src.pymortests.operators" file="src/pymortests/operators.py" line="81" name="test_pickle_without_dumps_function[&lt;lambda&gt;28]" time="0.0004534721374511719"><skipped message="Suite splitting in effect" type="pytest.skip">src/pymortests/operators.py:81: Suite splitting in effect</skipped></testcase><testcase classname="src.pymortests.operators" file="src/pymortests/operators.py" line="81" name="test_pickle_without_dumps_function[&lt;lambda&gt;29]" time="0.00044274330139160156"><skipped message="Suite splitting in effect" type="pytest.skip">src/pymortests/operators.py:81: Suite splitting in effect</skipped></testcase><testcase classname="src.pymortests.operators" file="src/pymortests/operators.py" line="81" name="test_pickle_without_dumps_function[&lt;lambda&gt;30]" time="0.0004723072052001953"><skipped message="Suite splitting in effect" type="pytest.skip">src/pymortests/operators.py:81: Suite splitting in effect</skipped></testcase><testcase classname="src.pymortests.operators" file="src/pymortests/operators.py" line="81" name="test_pickle_without_dumps_function[&lt;lambda&gt;31]" time="0.0005426406860351562"><skipped message="Suite splitting in effect" type="pytest.skip">src/pymortests/operators.py:81: Suite splitting in effect</skipped></testcase><testcase classname="src.pymortests.operators" file="src/pymortests/operators.py" line="81" name="test_pickle_without_dumps_function[&lt;lambda&gt;32]" time="0.00045180320739746094"><skipped message="Suite splitting in effect" type="pytest.skip">src/pymortests/operators.py:81: Suite splitting in effect</skipped></testcase><testcase classname="src.pymortests.operators" file="src/pymortests/operators.py" line="81" name="test_pickle_without_dumps_function[&lt;lambda&gt;33]" time="0.0004754066467285156"><skipped message="Suite splitting in effect" type="pytest.skip">src/pymortests/operators.py:81: Suite splitting in effect</skipped></testcase><testcase classname="src.pymortests.operators" file="src/pymortests/operators.py" line="81" name="test_pickle_without_dumps_function[&lt;lambda&gt;34]" time="0.0008103847503662109"><skipped message="Suite splitting in effect" type="pytest.skip">src/pymortests/operators.py:81: Suite splitting in effect</skipped></testcase><testcase classname="src.pymortests.operators" file="src/pymortests/operators.py" line="81" name="test_pickle_without_dumps_function[&lt;lambda&gt;35]" time="0.0004551410675048828"><skipped message="Suite splitting in effect" type="pytest.skip">src/pymortests/operators.py:81: Suite splitting in effect</skipped></testcase><testcase classname="src.pymortests.operators" file="src/pymortests/operators.py" line="81" name="test_pickle_without_dumps_function[&lt;lambda&gt;36]" time="0.0004515647888183594"><skipped message="Suite splitting in effect" type="pytest.skip">src/pymortests/operators.py:81: Suite splitting in effect</skipped></testcase><testcase classname="src.pymortests.operators" file="src/pymortests/operators.py" line="81" name="test_pickle_without_dumps_function[&lt;lambda&gt;37]" time="0.0004787445068359375"><skipped message="Suite splitting in effect" type="pytest.skip">src/pymortests/operators.py:81: Suite splitting in effect</skipped></testcase><testcase classname="src.pymortests.operators" file="src/pymortests/operators.py" line="81" name="test_pickle_without_dumps_function[&lt;lambda&gt;38]" time="0.0004572868347167969"><skipped message="Suite splitting in effect" type="pytest.skip">src/pymortests/operators.py:81: Suite splitting in effect</skipped></testcase><testcase classname="src.pymortests.operators" file="src/pymortests/operators.py" line="81" name="test_pickle_without_dumps_function[&lt;lambda&gt;39]" time="0.00043511390686035156"><skipped message="Suite splitting in effect" type="pytest.skip">src/pymortests/operators.py:81: Suite splitting in effect</skipped></testcase><testcase classname="src.pymortests.operators" file="src/pymortests/operators.py" line="85" name="test_apply[&lt;lambda&gt;0]" time="0.0004477500915527344"><skipped message="Suite splitting in effect" type="pytest.skip">src/pymortests/operators.py:85: Suite splitting in effect</skipped></testcase><testcase classname="src.pymortests.operators" file="src/pymortests/operators.py" line="85" name="test_apply[&lt;lambda&gt;1]" time="0.00043892860412597656"><skipped message="Suite splitting in effect" type="pytest.skip">src/pymortests/operators.py:85: Suite splitting in effect</skipped></testcase><testcase classname="src.pymortests.operators" file="src/pymortests/operators.py" line="85" name="test_apply[&lt;lambda&gt;2]" time="0.0007660388946533203"><skipped message="Suite splitting in effect" type="pytest.skip">src/pymortests/operators.py:85: Suite splitting in effect</skipped></testcase><testcase classname="src.pymortests.operators" file="src/pymortests/operators.py" line="85" name="test_apply[&lt;lambda&gt;3]" time="0.0005199909210205078"><skipped message="Suite splitting in effect" type="pytest.skip">src/pymortests/operators.py:85: Suite splitting in effect</skipped></testcase><testcase classname="src.pymortests.operators" file="src/pymortests/operators.py" line="85" name="test_apply[&lt;lambda&gt;4]" time="0.0005035400390625"><skipped message="Suite splitting in effect" type="pytest.skip">src/pymortests/operators.py:85: Suite splitting in effect</skipped></testcase><testcase classname="src.pymortests.operators" file="src/pymortests/operators.py" line="85" name="test_apply[&lt;lambda&gt;5]" time="0.00045609474182128906"><skipped message="Suite splitting in effect" type="pytest.skip">src/pymortests/operators.py:85: Suite splitting in effect</skipped></testcase><testcase classname="src.pymortests.operators" file="src/pymortests/operators.py" line="85" name="test_apply[&lt;lambda&gt;6]" time="0.0004425048828125"><skipped message="Suite splitting in effect" type="pytest.skip">src/pymortests/operators.py:85: Suite splitting in effect</skipped></testcase><testcase classname="src.pymortests.operators" file="src/pymortests/operators.py" line="85" name="test_apply[&lt;lambda&gt;7]" time="0.0004639625549316406"><skipped message="Suite splitting in effect" type="pytest.skip">src/pymortests/operators.py:85: Suite splitting in effect</skipped></testcase><testcase classname="src.pymortests.operators" file="src/pymortests/operators.py" line="85" name="test_apply[&lt;lambda&gt;8]" time="0.0004897117614746094"><skipped message="Suite splitting in effect" type="pytest.skip">src/pymortests/operators.py:85: Suite splitting in effect</skipped></testcase><testcase classname="src.pymortests.operators" file="src/pymortests/operators.py" line="85" name="test_apply[&lt;lambda&gt;9]" time="0.0004734992980957031"><skipped message="Suite splitting in effect" type="pytest.skip">src/pymortests/operators.py:85: Suite splitting in effect</skipped></testcase><testcase classname="src.pymortests.operators" file="src/pymortests/operators.py" line="85" name="test_apply[&lt;lambda&gt;10]" time="0.0007786750793457031"><skipped message="Suite splitting in effect" type="pytest.skip">src/pymortests/operators.py:85: Suite splitting in effect</skipped></testcase><testcase classname="src.pymortests.operators" file="src/pymortests/operators.py" line="85" name="test_apply[&lt;lambda&gt;11]" time="0.0004725456237792969"><skipped message="Suite splitting in effect" type="pytest.skip">src/pymortests/operators.py:85: Suite splitting in effect</skipped></testcase><testcase classname="src.pymortests.operators" file="src/pymortests/operators.py" line="85" name="test_apply[&lt;lambda&gt;12]" time="0.0004937648773193359"><skipped message="Suite splitting in effect" type="pytest.skip">src/pymortests/operators.py:85: Suite splitting in effect</skipped></testcase><testcase classname="src.pymortests.operators" file="src/pymortests/operators.py" line="85" name="test_apply[&lt;lambda&gt;13]" time="0.00045490264892578125"><skipped message="Suite splitting in effect" type="pytest.skip">src/pymortests/operators.py:85: Suite splitting in effect</skipped></testcase><testcase classname="src.pymortests.operators" file="src/pymortests/operators.py" line="85" name="test_apply[&lt;lambda&gt;14]" time="0.00047206878662109375"><skipped message="Suite splitting in effect" type="pytest.skip">src/pymortests/operators.py:85: Suite splitting in effect</skipped></testcase><testcase classname="src.pymortests.operators" file="src/pymortests/operators.py" line="85" name="test_apply[&lt;lambda&gt;15]" time="0.00045228004455566406"><skipped message="Suite splitting in effect" type="pytest.skip">src/pymortests/operators.py:85: Suite splitting in effect</skipped></testcase><testcase classname="src.pymortests.operators" file="src/pymortests/operators.py" line="85" name="test_apply[&lt;lambda&gt;16]" time="0.00047707557678222656"><skipped message="Suite splitting in effect" type="pytest.skip">src/pymortests/operators.py:85: Suite splitting in effect</skipped></testcase><testcase classname="src.pymortests.operators" file="src/pymortests/operators.py" line="85" name="test_apply[&lt;lambda&gt;17]" time="0.00046563148498535156"><skipped message="Suite splitting in effect" type="pytest.skip">src/pymortests/operators.py:85: Suite splitting in effect</skipped></testcase><testcase classname="src.pymortests.operators" file="src/pymortests/operators.py" line="85" name="test_apply[&lt;lambda&gt;18]" time="0.0009694099426269531"><skipped message="Suite splitting in effect" type="pytest.skip">src/pymortests/operators.py:85: Suite splitting in effect</skipped></testcase><testcase classname="src.pymortests.operators" file="src/pymortests/operators.py" line="85" name="test_apply[&lt;lambda&gt;19]" time="0.0004649162292480469"><skipped message="Suite splitting in effect" type="pytest.skip">src/pymortests/operators.py:85: Suite splitting in effect</skipped></testcase><testcase classname="src.pymortests.operators" file="src/pymortests/operators.py" line="85" name="test_apply[&lt;lambda&gt;20]" time="0.00044798851013183594"><skipped message="Suite splitting in effect" type="pytest.skip">src/pymortests/operators.py:85: Suite splitting in effect</skipped></testcase><testcase classname="src.pymortests.operators" file="src/pymortests/operators.py" line="85" name="test_apply[&lt;lambda&gt;21]" time="0.0004546642303466797"><skipped message="Suite splitting in effect" type="pytest.skip">src/pymortests/operators.py:85: Suite splitting in effect</skipped></testcase><testcase classname="src.pymortests.operators" file="src/pymortests/operators.py" line="85" name="test_apply[&lt;lambda&gt;22]" time="0.0004782676696777344"><skipped message="Suite splitting in effect" type="pytest.skip">src/pymortests/operators.py:85: Suite splitting in effect</skipped></testcase><testcase classname="src.pymortests.operators" file="src/pymortests/operators.py" line="85" name="test_apply[&lt;lambda&gt;23]" time="0.0004508495330810547"><skipped message="Suite splitting in effect" type="pytest.skip">src/pymortests/operators.py:85: Suite splitting in effect</skipped></testcase><testcase classname="src.pymortests.operators" file="src/pymortests/operators.py" line="85" name="test_apply[&lt;lambda&gt;24]" time="0.0004436969757080078"><skipped message="Suite splitting in effect" type="pytest.skip">src/pymortests/operators.py:85: Suite splitting in effect</skipped></testcase><testcase classname="src.pymortests.operators" file="src/pymortests/operators.py" line="85" name="test_apply[&lt;lambda&gt;25]" time="0.0004963874816894531"><skipped message="Suite splitting in effect" type="pytest.skip">src/pymortests/operators.py:85: Suite splitting in effect</skipped></testcase><testcase classname="src.pymortests.operators" file="src/pymortests/operators.py" line="85" name="test_apply[&lt;lambda&gt;26]" time="0.0007801055908203125"><skipped message="Suite splitting in effect" type="pytest.skip">src/pymortests/operators.py:85: Suite splitting in effect</skipped></testcase><testcase classname="src.pymortests.operators" file="src/pymortests/operators.py" line="85" name="test_apply[&lt;lambda&gt;27]" time="0.00047850608825683594"><skipped message="Suite splitting in effect" type="pytest.skip">src/pymortests/operators.py:85: Suite splitting in effect</skipped></testcase><testcase classname="src.pymortests.operators" file="src/pymortests/operators.py" line="85" name="test_apply[&lt;lambda&gt;28]" time="0.00045990943908691406"><skipped message="Suite splitting in effect" type="pytest.skip">src/pymortests/operators.py:85: Suite splitting in effect</skipped></testcase><testcase classname="src.pymortests.operators" file="src/pymortests/operators.py" line="85" name="test_apply[&lt;lambda&gt;29]" time="0.0004482269287109375"><skipped message="Suite splitting in effect" type="pytest.skip">src/pymortests/operators.py:85: Suite splitting in effect</skipped></testcase><testcase classname="src.pymortests.operators" file="src/pymortests/operators.py" line="85" name="test_apply[&lt;lambda&gt;30]" time="0.0004646778106689453"><skipped message="Suite splitting in effect" type="pytest.skip">src/pymortests/operators.py:85: Suite splitting in effect</skipped></testcase><testcase classname="src.pymortests.operators" file="src/pymortests/operators.py" line="85" name="test_apply[&lt;lambda&gt;31]" time="0.0004532337188720703"><skipped message="Suite splitting in effect" type="pytest.skip">src/pymortests/operators.py:85: Suite splitting in effect</skipped></testcase><testcase classname="src.pymortests.operators" file="src/pymortests/operators.py" line="85" name="test_apply[&lt;lambda&gt;32]" time="0.000453948974609375"><skipped message="Suite splitting in effect" type="pytest.skip">src/pymortests/operators.py:85: Suite splitting in effect</skipped></testcase><testcase classname="src.pymortests.operators" file="src/pymortests/operators.py" line="85" name="test_apply[&lt;lambda&gt;33]" time="0.00046825408935546875"><skipped message="Suite splitting in effect" type="pytest.skip">src/pymortests/operators.py:85: Suite splitting in effect</skipped></testcase><testcase classname="src.pymortests.operators" file="src/pymortests/operators.py" line="85" name="test_apply[&lt;lambda&gt;34]" time="0.0007414817810058594"><skipped message="Suite splitting in effect" type="pytest.skip">src/pymortests/operators.py:85: Suite splitting in effect</skipped></testcase><testcase classname="src.pymortests.operators" file="src/pymortests/operators.py" line="85" name="test_apply[&lt;lambda&gt;35]" time="0.00043392181396484375"><skipped message="Suite splitting in effect" type="pytest.skip">src/pymortests/operators.py:85: Suite splitting in effect</skipped></testcase><testcase classname="src.pymortests.operators" file="src/pymortests/operators.py" line="85" name="test_apply[&lt;lambda&gt;36]" time="0.0004372596740722656"><skipped message="Suite splitting in effect" type="pytest.skip">src/pymortests/operators.py:85: Suite splitting in effect</skipped></testcase><testcase classname="src.pymortests.operators" file="src/pymortests/operators.py" line="85" name="test_apply[&lt;lambda&gt;37]" time="0.00044989585876464844"><skipped message="Suite splitting in effect" type="pytest.skip">src/pymortests/operators.py:85: Suite splitting in effect</skipped></testcase><testcase classname="src.pymortests.operators" file="src/pymortests/operators.py" line="85" name="test_apply[&lt;lambda&gt;38]" time="0.00043487548828125"><skipped message="Suite splitting in effect" type="pytest.skip">src/pymortests/operators.py:85: Suite splitting in effect</skipped></testcase><testcase classname="src.pymortests.operators" file="src/pymortests/operators.py" line="85" name="test_apply[&lt;lambda&gt;39]" time="0.0004515647888183594"><skipped message="Suite splitting in effect" type="pytest.skip">src/pymortests/operators.py:85: Suite splitting in effect</skipped></testcase><testcase classname="src.pymortests.operators" file="src/pymortests/operators.py" line="85" name="test_apply[&lt;lambda&gt;40]" time="0.0005004405975341797"><skipped message="Suite splitting in effect" type="pytest.skip">src/pymortests/operators.py:85: Suite splitting in effect</skipped></testcase><testcase classname="src.pymortests.operators" file="src/pymortests/operators.py" line="96" name="test_mul[&lt;lambda&gt;0]" time="0.00045418739318847656"><skipped message="Suite splitting in effect" type="pytest.skip">src/pymortests/operators.py:96: Suite splitting in effect</skipped></testcase><testcase classname="src.pymortests.operators" file="src/pymortests/operators.py" line="96" name="test_mul[&lt;lambda&gt;1]" time="0.0007708072662353516"><skipped message="Suite splitting in effect" type="pytest.skip">src/pymortests/operators.py:96: Suite splitting in effect</skipped></testcase><testcase classname="src.pymortests.operators" file="src/pymortests/operators.py" line="96" name="test_mul[&lt;lambda&gt;2]" time="0.0004684925079345703"><skipped message="Suite splitting in effect" type="pytest.skip">src/pymortests/operators.py:96: Suite splitting in effect</skipped></testcase><testcase classname="src.pymortests.operators" file="src/pymortests/operators.py" line="96" name="test_mul[&lt;lambda&gt;3]" time="0.0004494190216064453"><skipped message="Suite splitting in effect" type="pytest.skip">src/pymortests/operators.py:96: Suite splitting in effect</skipped></testcase><testcase classname="src.pymortests.operators" file="src/pymortests/operators.py" line="96" name="test_mul[&lt;lambda&gt;4]" time="0.0004904270172119141"><skipped message="Suite splitting in effect" type="pytest.skip">src/pymortests/operators.py:96: Suite splitting in effect</skipped></testcase><testcase classname="src.pymortests.operators" file="src/pymortests/operators.py" line="96" name="test_mul[&lt;lambda&gt;5]" time="0.0004906654357910156"><skipped message="Suite splitting in effect" type="pytest.skip">src/pymortests/operators.py:96: Suite splitting in effect</skipped></testcase><testcase classname="src.pymortests.operators" file="src/pymortests/operators.py" line="96" name="test_mul[&lt;lambda&gt;6]" time="0.0004611015319824219"><skipped message="Suite splitting in effect" type="pytest.skip">src/pymortests/operators.py:96: Suite splitting in effect</skipped></testcase><testcase classname="src.pymortests.operators" file="src/pymortests/operators.py" line="96" name="test_mul[&lt;lambda&gt;7]" time="0.00046634674072265625"><skipped message="Suite splitting in effect" type="pytest.skip">src/pymortests/operators.py:96: Suite splitting in effect</skipped></testcase><testcase classname="src.pymortests.operators" file="src/pymortests/operators.py" line="96" name="test_mul[&lt;lambda&gt;8]" time="0.0004839897155761719"><skipped message="Suite splitting in effect" type="pytest.skip">src/pymortests/operators.py:96: Suite splitting in effect</skipped></testcase><testcase classname="src.pymortests.operators" file="src/pymortests/operators.py" line="96" name="test_mul[&lt;lambda&gt;9]" time="0.0007910728454589844"><skipped message="Suite splitting in effect" type="pytest.skip">src/pymortests/operators.py:96: Suite splitting in effect</skipped></testcase><testcase classname="src.pymortests.operators" file="src/pymortests/operators.py" line="96" name="test_mul[&lt;lambda&gt;10]" time="0.0004761219024658203"><skipped message="Suite splitting in effect" type="pytest.skip">src/pymortests/operators.py:96: Suite splitting in effect</skipped></testcase><testcase classname="src.pymortests.operators" file="src/pymortests/operators.py" line="96" name="test_mul[&lt;lambda&gt;11]" time="0.0004553794860839844"><skipped message="Suite splitting in effect" type="pytest.skip">src/pymortests/operators.py:96: Suite splitting in effect</skipped></testcase><testcase classname="src.pymortests.operators" file="src/pymortests/operators.py" line="96" name="test_mul[&lt;lambda&gt;12]" time="0.0004630088806152344"><skipped message="Suite splitting in effect" type="pytest.skip">src/pymortests/operators.py:96: Suite splitting in effect</skipped></testcase><testcase classname="src.pymortests.operators" file="src/pymortests/operators.py" line="96" name="test_mul[&lt;lambda&gt;13]" time="0.00044918060302734375"><skipped message="Suite splitting in effect" type="pytest.skip">src/pymortests/operators.py:96: Suite splitting in effect</skipped></testcase><testcase classname="src.pymortests.operators" file="src/pymortests/operators.py" line="96" name="test_mul[&lt;lambda&gt;14]" time="0.0004668235778808594"><skipped message="Suite splitting in effect" type="pytest.skip">src/pymortests/operators.py:96: Suite splitting in effect</skipped></testcase><testcase classname="src.pymortests.operators" file="src/pymortests/operators.py" line="96" name="test_mul[&lt;lambda&gt;15]" time="0.0004858970642089844"><skipped message="Suite splitting in effect" type="pytest.skip">src/pymortests/operators.py:96: Suite splitting in effect</skipped></testcase><testcase classname="src.pymortests.operators" file="src/pymortests/operators.py" line="96" name="test_mul[&lt;lambda&gt;16]" time="0.00046896934509277344"><skipped message="Suite splitting in effect" type="pytest.skip">src/pymortests/operators.py:96: Suite splitting in effect</skipped></testcase><testcase classname="src.pymortests.operators" file="src/pymortests/operators.py" line="96" name="test_mul[&lt;lambda&gt;17]" time="0.0007894039154052734"><skipped message="Suite splitting in effect" type="pytest.skip">src/pymortests/operators.py:96: Suite splitting in effect</skipped></testcase><testcase classname="src.pymortests.operators" file="src/pymortests/operators.py" line="96" name="test_mul[&lt;lambda&gt;18]" time="0.00045609474182128906"><skipped message="Suite splitting in effect" type="pytest.skip">src/pymortests/operators.py:96: Suite splitting in effect</skipped></testcase><testcase classname="src.pymortests.operators" file="src/pymortests/operators.py" line="96" name="test_mul[&lt;lambda&gt;19]" time="0.00047659873962402344"><skipped message="Suite splitting in effect" type="pytest.skip">src/pymortests/operators.py:96: Suite splitting in effect</skipped></testcase><testcase classname="src.pymortests.operators" file="src/pymortests/operators.py" line="96" name="test_mul[&lt;lambda&gt;20]" time="0.0004553794860839844"><skipped message="Suite splitting in effect" type="pytest.skip">src/pymortests/operators.py:96: Suite splitting in effect</skipped></testcase><testcase classname="src.pymortests.operators" file="src/pymortests/operators.py" line="96" name="test_mul[&lt;lambda&gt;21]" time="0.00046181678771972656"><skipped message="Suite splitting in effect" type="pytest.skip">src/pymortests/operators.py:96: Suite splitting in effect</skipped></testcase><testcase classname="src.pymortests.operators" file="src/pymortests/operators.py" line="96" name="test_mul[&lt;lambda&gt;22]" time="0.00046825408935546875"><skipped message="Suite splitting in effect" type="pytest.skip">src/pymortests/operators.py:96: Suite splitting in effect</skipped></testcase><testcase classname="src.pymortests.operators" file="src/pymortests/operators.py" line="96" name="test_mul[&lt;lambda&gt;23]" time="0.00045371055603027344"><skipped message="Suite splitting in effect" type="pytest.skip">src/pymortests/operators.py:96: Suite splitting in effect</skipped></testcase><testcase classname="src.pymortests.operators" file="src/pymortests/operators.py" line="96" name="test_mul[&lt;lambda&gt;24]" time="0.00048279762268066406"><skipped message="Suite splitting in effect" type="pytest.skip">src/pymortests/operators.py:96: Suite splitting in effect</skipped></testcase><testcase classname="src.pymortests.operators" file="src/pymortests/operators.py" line="96" name="test_mul[&lt;lambda&gt;25]" time="0.0007872581481933594"><skipped message="Suite splitting in effect" type="pytest.skip">src/pymortests/operators.py:96: Suite splitting in effect</skipped></testcase><testcase classname="src.pymortests.operators" file="src/pymortests/operators.py" line="96" name="test_mul[&lt;lambda&gt;26]" time="0.0004608631134033203"><skipped message="Suite splitting in effect" type="pytest.skip">src/pymortests/operators.py:96: Suite splitting in effect</skipped></testcase><testcase classname="src.pymortests.operators" file="src/pymortests/operators.py" line="96" name="test_mul[&lt;lambda&gt;27]" time="0.000457763671875"><skipped message="Suite splitting in effect" type="pytest.skip">src/pymortests/operators.py:96: Suite splitting in effect</skipped></testcase><testcase classname="src.pymortests.operators" file="src/pymortests/operators.py" line="96" name="test_mul[&lt;lambda&gt;28]" time="0.0004940032958984375"><skipped message="Suite splitting in effect" type="pytest.skip">src/pymortests/operators.py:96: Suite splitting in effect</skipped></testcase><testcase classname="src.pymortests.operators" file="src/pymortests/operators.py" line="96" name="test_mul[&lt;lambda&gt;29]" time="0.0004525184631347656"><skipped message="Suite splitting in effect" type="pytest.skip">src/pymortests/operators.py:96: Suite splitting in effect</skipped></testcase><testcase classname="src.pymortests.operators" file="src/pymortests/operators.py" line="96" name="test_mul[&lt;lambda&gt;30]" time="0.0005400180816650391"><skipped message="Suite splitting in effect" type="pytest.skip">src/pymortests/operators.py:96: Suite splitting in effect</skipped></testcase><testcase classname="src.pymortests.operators" file="src/pymortests/operators.py" line="96" name="test_mul[&lt;lambda&gt;31]" time="0.0004832744598388672"><skipped message="Suite splitting in effect" type="pytest.skip">src/pymortests/operators.py:96: Suite splitting in effect</skipped></testcase><testcase classname="src.pymortests.operators" file="src/pymortests/operators.py" line="96" name="test_mul[&lt;lambda&gt;32]" time="0.0004451274871826172"><skipped message="Suite splitting in effect" type="pytest.skip">src/pymortests/operators.py:96: Suite splitting in effect</skipped></testcase><testcase classname="src.pymortests.operators" file="src/pymortests/operators.py" line="96" name="test_mul[&lt;lambda&gt;33]" time="0.000728607177734375"><skipped message="Suite splitting in effect" type="pytest.skip">src/pymortests/operators.py:96: Suite splitting in effect</skipped></testcase><testcase classname="src.pymortests.operators" file="src/pymortests/operators.py" line="96" name="test_mul[&lt;lambda&gt;34]" time="0.00047278404235839844"><skipped message="Suite splitting in effect" type="pytest.skip">src/pymortests/operators.py:96: Suite splitting in effect</skipped></testcase><testcase classname="src.pymortests.operators" file="src/pymortests/operators.py" line="96" name="test_mul[&lt;lambda&gt;35]" time="0.0004730224609375"><skipped message="Suite splitting in effect" type="pytest.skip">src/pymortests/operators.py:96: Suite splitting in effect</skipped></testcase><testcase classname="src.pymortests.operators" file="src/pymortests/operators.py" line="96" name="test_mul[&lt;lambda&gt;36]" time="0.00043129920959472656"><skipped message="Suite splitting in effect" type="pytest.skip">src/pymortests/operators.py:96: Suite splitting in effect</skipped></testcase><testcase classname="src.pymortests.operators" file="src/pymortests/operators.py" line="96" name="test_mul[&lt;lambda&gt;37]" time="0.0004153251647949219"><skipped message="Suite splitting in effect" type="pytest.skip">src/pymortests/operators.py:96: Suite splitting in effect</skipped></testcase><testcase classname="src.pymortests.operators" file="src/pymortests/operators.py" line="96" name="test_mul[&lt;lambda&gt;38]" time="0.00045490264892578125"><skipped message="Suite splitting in effect" type="pytest.skip">src/pymortests/operators.py:96: Suite splitting in effect</skipped></testcase><testcase classname="src.pymortests.operators" file="src/pymortests/operators.py" line="96" name="test_mul[&lt;lambda&gt;39]" time="0.0004203319549560547"><skipped message="Suite splitting in effect" type="pytest.skip">src/pymortests/operators.py:96: Suite splitting in effect</skipped></testcase><testcase classname="src.pymortests.operators" file="src/pymortests/operators.py" line="96" name="test_mul[&lt;lambda&gt;40]" time="0.0004477500915527344"><skipped message="Suite splitting in effect" type="pytest.skip">src/pymortests/operators.py:96: Suite splitting in effect</skipped></testcase><testcase classname="src.pymortests.operators" file="src/pymortests/operators.py" line="103" name="test_rmul[&lt;lambda&gt;0]" time="0.0008950233459472656"><skipped message="Suite splitting in effect" type="pytest.skip">src/pymortests/operators.py:103: Suite splitting in effect</skipped></testcase><testcase classname="src.pymortests.operators" file="src/pymortests/operators.py" line="103" name="test_rmul[&lt;lambda&gt;1]" time="0.0004813671112060547"><skipped message="Suite splitting in effect" type="pytest.skip">src/pymortests/operators.py:103: Suite splitting in effect</skipped></testcase><testcase classname="src.pymortests.operators" file="src/pymortests/operators.py" line="103" name="test_rmul[&lt;lambda&gt;2]" time="0.0004439353942871094"><skipped message="Suite splitting in effect" type="pytest.skip">src/pymortests/operators.py:103: Suite splitting in effect</skipped></testcase><testcase classname="src.pymortests.operators" file="src/pymortests/operators.py" line="103" name="test_rmul[&lt;lambda&gt;3]" time="0.0004305839538574219"><skipped message="Suite splitting in effect" type="pytest.skip">src/pymortests/operators.py:103: Suite splitting in effect</skipped></testcase><testcase classname="src.pymortests.operators" file="src/pymortests/operators.py" line="103" name="test_rmul[&lt;lambda&gt;4]" time="0.0004363059997558594"><skipped message="Suite splitting in effect" type="pytest.skip">src/pymortests/operators.py:103: Suite splitting in effect</skipped></testcase><testcase classname="src.pymortests.operators" file="src/pymortests/operators.py" line="103" name="test_rmul[&lt;lambda&gt;5]" time="0.00043463706970214844"><skipped message="Suite splitting in effect" type="pytest.skip">src/pymortests/operators.py:103: Suite splitting in effect</skipped></testcase><testcase classname="src.pymortests.operators" file="src/pymortests/operators.py" line="103" name="test_rmul[&lt;lambda&gt;6]" time="0.00047850608825683594"><skipped message="Suite splitting in effect" type="pytest.skip">src/pymortests/operators.py:103: Suite splitting in effect</skipped></testcase><testcase classname="src.pymortests.operators" file="src/pymortests/operators.py" line="103" name="test_rmul[&lt;lambda&gt;7]" time="0.0004367828369140625"><skipped message="Suite splitting in effect" type="pytest.skip">src/pymortests/operators.py:103: Suite splitting in effect</skipped></testcase><testcase classname="src.pymortests.operators" file="src/pymortests/operators.py" line="103" name="test_rmul[&lt;lambda&gt;8]" time="0.0007159709930419922"><skipped message="Suite splitting in effect" type="pytest.skip">src/pymortests/operators.py:103: Suite splitting in effect</skipped></testcase><testcase classname="src.pymortests.operators" file="src/pymortests/operators.py" line="103" name="test_rmul[&lt;lambda&gt;9]" time="0.0004558563232421875"><skipped message="Suite splitting in effect" type="pytest.skip">src/pymortests/operators.py:103: Suite splitting in effect</skipped></testcase><testcase classname="src.pymortests.operators" file="src/pymortests/operators.py" line="103" name="test_rmul[&lt;lambda&gt;10]" time="0.0004734992980957031"><skipped message="Suite splitting in effect" type="pytest.skip">src/pymortests/operators.py:103: Suite splitting in effect</skipped></testcase><testcase classname="src.pymortests.operators" file="src/pymortests/operators.py" line="103" name="test_rmul[&lt;lambda&gt;11]" time="0.00045943260192871094"><skipped message="Suite splitting in effect" type="pytest.skip">src/pymortests/operators.py:103: Suite splitting in effect</skipped></testcase><testcase classname="src.pymortests.operators" file="src/pymortests/operators.py" line="103" name="test_rmul[&lt;lambda&gt;12]" time="0.0004391670227050781"><skipped message="Suite splitting in effect" type="pytest.skip">src/pymortests/operators.py:103: Suite splitting in effect</skipped></testcase><testcase classname="src.pymortests.operators" file="src/pymortests/operators.py" line="103" name="test_rmul[&lt;lambda&gt;13]" time="0.0004420280456542969"><skipped message="Suite splitting in effect" type="pytest.skip">src/pymortests/operators.py:103: Suite splitting in effect</skipped></testcase><testcase classname="src.pymortests.operators" file="src/pymortests/operators.py" line="103" name="test_rmul[&lt;lambda&gt;14]" time="0.00043010711669921875"><skipped message="Suite splitting in effect" type="pytest.skip">src/pymortests/operators.py:103: Suite splitting in effect</skipped></testcase><testcase classname="src.pymortests.operators" file="src/pymortests/operators.py" line="103" name="test_rmul[&lt;lambda&gt;15]" time="0.0004482269287109375"><skipped message="Suite splitting in effect" type="pytest.skip">src/pymortests/operators.py:103: Suite splitting in effect</skipped></testcase><testcase classname="src.pymortests.operators" file="src/pymortests/operators.py" line="103" name="test_rmul[&lt;lambda&gt;16]" time="0.0007328987121582031"><skipped message="Suite splitting in effect" type="pytest.skip">src/pymortests/operators.py:103: Suite splitting in effect</skipped></testcase><testcase classname="src.pymortests.operators" file="src/pymortests/operators.py" line="103" name="test_rmul[&lt;lambda&gt;17]" time="0.0004322528839111328"><skipped message="Suite splitting in effect" type="pytest.skip">src/pymortests/operators.py:103: Suite splitting in effect</skipped></testcase><testcase classname="src.pymortests.operators" file="src/pymortests/operators.py" line="103" name="test_rmul[&lt;lambda&gt;18]" time="0.00043272972106933594"><skipped message="Suite splitting in effect" type="pytest.skip">src/pymortests/operators.py:103: Suite splitting in effect</skipped></testcase><testcase classname="src.pymortests.operators" file="src/pymortests/operators.py" line="103" name="test_rmul[&lt;lambda&gt;19]" time="0.0004470348358154297"><skipped message="Suite splitting in effect" type="pytest.skip">src/pymortests/operators.py:103: Suite splitting in effect</skipped></testcase><testcase classname="src.pymortests.operators" file="src/pymortests/operators.py" line="103" name="test_rmul[&lt;lambda&gt;20]" time="0.00044727325439453125"><skipped message="Suite splitting in effect" type="pytest.skip">src/pymortests/operators.py:103: Suite splitting in effect</skipped></testcase><testcase classname="src.pymortests.operators" file="src/pymortests/operators.py" line="103" name="test_rmul[&lt;lambda&gt;21]" time="0.0004363059997558594"><skipped message="Suite splitting in effect" type="pytest.skip">src/pymortests/operators.py:103: Suite splitting in effect</skipped></testcase><testcase classname="src.pymortests.operators" file="src/pymortests/operators.py" line="103" name="test_rmul[&lt;lambda&gt;22]" time="0.0004508495330810547"><skipped message="Suite splitting in effect" type="pytest.skip">src/pymortests/operators.py:103: Suite splitting in effect</skipped></testcase><testcase classname="src.pymortests.operators" file="src/pymortests/operators.py" line="103" name="test_rmul[&lt;lambda&gt;23]" time="0.0004355907440185547"><skipped message="Suite splitting in effect" type="pytest.skip">src/pymortests/operators.py:103: Suite splitting in effect</skipped></testcase><testcase classname="src.pymortests.operators" file="src/pymortests/operators.py" line="103" name="test_rmul[&lt;lambda&gt;24]" time="0.00072479248046875"><skipped message="Suite splitting in effect" type="pytest.skip">src/pymortests/operators.py:103: Suite splitting in effect</skipped></testcase><testcase classname="src.pymortests.operators" file="src/pymortests/operators.py" line="103" name="test_rmul[&lt;lambda&gt;25]" time="0.0004298686981201172"><skipped message="Suite splitting in effect" type="pytest.skip">src/pymortests/operators.py:103: Suite splitting in effect</skipped></testcase><testcase classname="src.pymortests.operators" file="src/pymortests/operators.py" line="103" name="test_rmul[&lt;lambda&gt;26]" time="0.00046253204345703125"><skipped message="Suite splitting in effect" type="pytest.skip">src/pymortests/operators.py:103: Suite splitting in effect</skipped></testcase><testcase classname="src.pymortests.operators" file="src/pymortests/operators.py" line="103" name="test_rmul[&lt;lambda&gt;27]" time="0.00045228004455566406"><skipped message="Suite splitting in effect" type="pytest.skip">src/pymortests/operators.py:103: Suite splitting in effect</skipped></testcase><testcase classname="src.pymortests.operators" file="src/pymortests/operators.py" line="103" name="test_rmul[&lt;lambda&gt;28]" time="0.0004322528839111328"><skipped message="Suite splitting in effect" type="pytest.skip">src/pymortests/operators.py:103: Suite splitting in effect</skipped></testcase><testcase classname="src.pymortests.operators" file="src/pymortests/operators.py" line="103" name="test_rmul[&lt;lambda&gt;29]" time="0.0004336833953857422"><skipped message="Suite splitting in effect" type="pytest.skip">src/pymortests/operators.py:103: Suite splitting in effect</skipped></testcase><testcase classname="src.pymortests.operators" file="src/pymortests/operators.py" line="103" name="test_rmul[&lt;lambda&gt;30]" time="0.00042057037353515625"><skipped message="Suite splitting in effect" type="pytest.skip">src/pymortests/operators.py:103: Suite splitting in effect</skipped></testcase><testcase classname="src.pymortests.operators" file="src/pymortests/operators.py" line="103" name="test_rmul[&lt;lambda&gt;31]" time="0.00040435791015625"><skipped message="Suite splitting in effect" type="pytest.skip">src/pymortests/operators.py:103: Suite splitting in effect</skipped></testcase><testcase classname="src.pymortests.operators" file="src/pymortests/operators.py" line="103" name="test_rmul[&lt;lambda&gt;32]" time="0.0009143352508544922"><skipped message="Suite splitting in effect" type="pytest.skip">src/pymortests/operators.py:103: Suite splitting in effect</skipped></testcase><testcase classname="src.pymortests.operators" file="src/pymortests/operators.py" line="103" name="test_rmul[&lt;lambda&gt;33]" time="0.0004177093505859375"><skipped message="Suite splitting in effect" type="pytest.skip">src/pymortests/operators.py:103: Suite splitting in effect</skipped></testcase><testcase classname="src.pymortests.operators" file="src/pymortests/operators.py" line="103" name="test_rmul[&lt;lambda&gt;34]" time="0.0004317760467529297"><skipped message="Suite splitting in effect" type="pytest.skip">src/pymortests/operators.py:103: Suite splitting in effect</skipped></testcase><testcase classname="src.pymortests.operators" file="src/pymortests/operators.py" line="103" name="test_rmul[&lt;lambda&gt;35]" time="0.0004940032958984375"><skipped message="Suite splitting in effect" type="pytest.skip">src/pymortests/operators.py:103: Suite splitting in effect</skipped></testcase><testcase classname="src.pymortests.operators" file="src/pymortests/operators.py" line="103" name="test_rmul[&lt;lambda&gt;36]" time="0.00042748451232910156"><skipped message="Suite splitting in effect" type="pytest.skip">src/pymortests/operators.py:103: Suite splitting in effect</skipped></testcase><testcase classname="src.pymortests.operators" file="src/pymortests/operators.py" line="103" name="test_rmul[&lt;lambda&gt;37]" time="0.0004334449768066406"><skipped message="Suite splitting in effect" type="pytest.skip">src/pymortests/operators.py:103: Suite splitting in effect</skipped></testcase><testcase classname="src.pymortests.operators" file="src/pymortests/operators.py" line="103" name="test_rmul[&lt;lambda&gt;38]" time="0.00043392181396484375"><skipped message="Suite splitting in effect" type="pytest.skip">src/pymortests/operators.py:103: Suite splitting in effect</skipped></testcase><testcase classname="src.pymortests.operators" file="src/pymortests/operators.py" line="103" name="test_rmul[&lt;lambda&gt;39]" time="0.00041937828063964844"><skipped message="Suite splitting in effect" type="pytest.skip">src/pymortests/operators.py:103: Suite splitting in effect</skipped></testcase><testcase classname="src.pymortests.operators" file="src/pymortests/operators.py" line="103" name="test_rmul[&lt;lambda&gt;40]" time="0.0007586479187011719"><skipped message="Suite splitting in effect" type="pytest.skip">src/pymortests/operators.py:103: Suite splitting in effect</skipped></testcase><testcase classname="src.pymortests.operators" file="src/pymortests/operators.py" line="110" name="test_neg[&lt;lambda&gt;0]" time="0.00043487548828125"><skipped message="Suite splitting in effect" type="pytest.skip">src/pymortests/operators.py:110: Suite splitting in effect</skipped></testcase><testcase classname="src.pymortests.operators" file="src/pymortests/operators.py" line="110" name="test_neg[&lt;lambda&gt;1]" time="0.0004241466522216797"><skipped message="Suite splitting in effect" type="pytest.skip">src/pymortests/operators.py:110: Suite splitting in effect</skipped></testcase><testcase classname="src.pymortests.operators" file="src/pymortests/operators.py" line="110" name="test_neg[&lt;lambda&gt;2]" time="0.00042128562927246094"><skipped message="Suite splitting in effect" type="pytest.skip">src/pymortests/operators.py:110: Suite splitting in effect</skipped></testcase><testcase classname="src.pymortests.operators" file="src/pymortests/operators.py" line="110" name="test_neg[&lt;lambda&gt;3]" time="0.0004210472106933594"><skipped message="Suite splitting in effect" type="pytest.skip">src/pymortests/operators.py:110: Suite splitting in effect</skipped></testcase><testcase classname="src.pymortests.operators" file="src/pymortests/operators.py" line="110" name="test_neg[&lt;lambda&gt;4]" time="0.0004639625549316406"><skipped message="Suite splitting in effect" type="pytest.skip">src/pymortests/operators.py:110: Suite splitting in effect</skipped></testcase><testcase classname="src.pymortests.operators" file="src/pymortests/operators.py" line="110" name="test_neg[&lt;lambda&gt;5]" time="0.00042557716369628906"><skipped message="Suite splitting in effect" type="pytest.skip">src/pymortests/operators.py:110: Suite splitting in effect</skipped></testcase><testcase classname="src.pymortests.operators" file="src/pymortests/operators.py" line="110" name="test_neg[&lt;lambda&gt;6]" time="0.00042128562927246094"><skipped message="Suite splitting in effect" type="pytest.skip">src/pymortests/operators.py:110: Suite splitting in effect</skipped></testcase><testcase classname="src.pymortests.operators" file="src/pymortests/operators.py" line="110" name="test_neg[&lt;lambda&gt;7]" time="0.0007402896881103516"><skipped message="Suite splitting in effect" type="pytest.skip">src/pymortests/operators.py:110: Suite splitting in effect</skipped></testcase><testcase classname="src.pymortests.operators" file="src/pymortests/operators.py" line="110" name="test_neg[&lt;lambda&gt;8]" time="0.00042247772216796875"><skipped message="Suite splitting in effect" type="pytest.skip">src/pymortests/operators.py:110: Suite splitting in effect</skipped></testcase><testcase classname="src.pymortests.operators" file="src/pymortests/operators.py" line="110" name="test_neg[&lt;lambda&gt;9]" time="0.00042366981506347656"><skipped message="Suite splitting in effect" type="pytest.skip">src/pymortests/operators.py:110: Suite splitting in effect</skipped></testcase><testcase classname="src.pymortests.operators" file="src/pymortests/operators.py" line="110" name="test_neg[&lt;lambda&gt;10]" time="0.00042891502380371094"><skipped message="Suite splitting in effect" type="pytest.skip">src/pymortests/operators.py:110: Suite splitting in effect</skipped></testcase><testcase classname="src.pymortests.operators" file="src/pymortests/operators.py" line="110" name="test_neg[&lt;lambda&gt;11]" time="0.0004162788391113281"><skipped message="Suite splitting in effect" type="pytest.skip">src/pymortests/operators.py:110: Suite splitting in effect</skipped></testcase><testcase classname="src.pymortests.operators" file="src/pymortests/operators.py" line="110" name="test_neg[&lt;lambda&gt;12]" time="0.00045228004455566406"><skipped message="Suite splitting in effect" type="pytest.skip">src/pymortests/operators.py:110: Suite splitting in effect</skipped></testcase><testcase classname="src.pymortests.operators" file="src/pymortests/operators.py" line="110" name="test_neg[&lt;lambda&gt;13]" time="0.0004343986511230469"><skipped message="Suite splitting in effect" type="pytest.skip">src/pymortests/operators.py:110: Suite splitting in effect</skipped></testcase><testcase classname="src.pymortests.operators" file="src/pymortests/operators.py" line="110" name="test_neg[&lt;lambda&gt;14]" time="0.00042176246643066406"><skipped message="Suite splitting in effect" type="pytest.skip">src/pymortests/operators.py:110: Suite splitting in effect</skipped></testcase><testcase classname="src.pymortests.operators" file="src/pymortests/operators.py" line="110" name="test_neg[&lt;lambda&gt;15]" time="0.0007557868957519531"><skipped message="Suite splitting in effect" type="pytest.skip">src/pymortests/operators.py:110: Suite splitting in effect</skipped></testcase><testcase classname="src.pymortests.operators" file="src/pymortests/operators.py" line="110" name="test_neg[&lt;lambda&gt;16]" time="0.00044083595275878906"><skipped message="Suite splitting in effect" type="pytest.skip">src/pymortests/operators.py:110: Suite splitting in effect</skipped></testcase><testcase classname="src.pymortests.operators" file="src/pymortests/operators.py" line="110" name="test_neg[&lt;lambda&gt;17]" time="0.00041985511779785156"><skipped message="Suite splitting in effect" type="pytest.skip">src/pymortests/operators.py:110: Suite splitting in effect</skipped></testcase><testcase classname="src.pymortests.operators" file="src/pymortests/operators.py" line="110" name="test_neg[&lt;lambda&gt;18]" time="0.0004200935363769531"><skipped message="Suite splitting in effect" type="pytest.skip">src/pymortests/operators.py:110: Suite splitting in effect</skipped></testcase><testcase classname="src.pymortests.operators" file="src/pymortests/operators.py" line="110" name="test_neg[&lt;lambda&gt;19]" time="0.00046944618225097656"><skipped message="Suite splitting in effect" type="pytest.skip">src/pymortests/operators.py:110: Suite splitting in effect</skipped></testcase><testcase classname="src.pymortests.operators" file="src/pymortests/operators.py" line="110" name="test_neg[&lt;lambda&gt;20]" time="0.0004057884216308594"><skipped message="Suite splitting in effect" type="pytest.skip">src/pymortests/operators.py:110: Suite splitting in effect</skipped></testcase><testcase classname="src.pymortests.operators" file="src/pymortests/operators.py" line="110" name="test_neg[&lt;lambda&gt;21]" time="0.0004260540008544922"><skipped message="Suite splitting in effect" type="pytest.skip">src/pymortests/operators.py:110: Suite splitting in effect</skipped></testcase><testcase classname="src.pymortests.operators" file="src/pymortests/operators.py" line="110" name="test_neg[&lt;lambda&gt;22]" time="0.00041747093200683594"><skipped message="Suite splitting in effect" type="pytest.skip">src/pymortests/operators.py:110: Suite splitting in effect</skipped></testcase><testcase classname="src.pymortests.operators" file="src/pymortests/operators.py" line="110" name="test_neg[&lt;lambda&gt;23]" time="0.0007309913635253906"><skipped message="Suite splitting in effect" type="pytest.skip">src/pymortests/operators.py:110: Suite splitting in effect</skipped></testcase><testcase classname="src.pymortests.operators" file="src/pymortests/operators.py" line="110" name="test_neg[&lt;lambda&gt;24]" time="0.00041103363037109375"><skipped message="Suite splitting in effect" type="pytest.skip">src/pymortests/operators.py:110: Suite splitting in effect</skipped></testcase><testcase classname="src.pymortests.operators" file="src/pymortests/operators.py" line="110" name="test_neg[&lt;lambda&gt;25]" time="0.00043129920959472656"><skipped message="Suite splitting in effect" type="pytest.skip">src/pymortests/operators.py:110: Suite splitting in effect</skipped></testcase><testcase classname="src.pymortests.operators" file="src/pymortests/operators.py" line="110" name="test_neg[&lt;lambda&gt;26]" time="0.0004317760467529297"><skipped message="Suite splitting in effect" type="pytest.skip">src/pymortests/operators.py:110: Suite splitting in effect</skipped></testcase><testcase classname="src.pymortests.operators" file="src/pymortests/operators.py" line="110" name="test_neg[&lt;lambda&gt;27]" time="0.0004322528839111328"><skipped message="Suite splitting in effect" type="pytest.skip">src/pymortests/operators.py:110: Suite splitting in effect</skipped></testcase><testcase classname="src.pymortests.operators" file="src/pymortests/operators.py" line="110" name="test_neg[&lt;lambda&gt;28]" time="0.00042176246643066406"><skipped message="Suite splitting in effect" type="pytest.skip">src/pymortests/operators.py:110: Suite splitting in effect</skipped></testcase><testcase classname="src.pymortests.operators" file="src/pymortests/operators.py" line="110" name="test_neg[&lt;lambda&gt;29]" time="0.00041747093200683594"><skipped message="Suite splitting in effect" type="pytest.skip">src/pymortests/operators.py:110: Suite splitting in effect</skipped></testcase><testcase classname="src.pymortests.operators" file="src/pymortests/operators.py" line="110" name="test_neg[&lt;lambda&gt;30]" time="0.0004227161407470703"><skipped message="Suite splitting in effect" type="pytest.skip">src/pymortests/operators.py:110: Suite splitting in effect</skipped></testcase><testcase classname="src.pymortests.operators" file="src/pymortests/operators.py" line="110" name="test_neg[&lt;lambda&gt;31]" time="0.0007863044738769531"><skipped message="Suite splitting in effect" type="pytest.skip">src/pymortests/operators.py:110: Suite splitting in effect</skipped></testcase><testcase classname="src.pymortests.operators" file="src/pymortests/operators.py" line="110" name="test_neg[&lt;lambda&gt;32]" time="0.0004246234893798828"><skipped message="Suite splitting in effect" type="pytest.skip">src/pymortests/operators.py:110: Suite splitting in effect</skipped></testcase><testcase classname="src.pymortests.operators" file="src/pymortests/operators.py" line="110" name="test_neg[&lt;lambda&gt;33]" time="0.00041866302490234375"><skipped message="Suite splitting in effect" type="pytest.skip">src/pymortests/operators.py:110: Suite splitting in effect</skipped></testcase><testcase classname="src.pymortests.operators" file="src/pymortests/operators.py" line="110" name="test_neg[&lt;lambda&gt;34]" time="0.00041866302490234375"><skipped message="Suite splitting in effect" type="pytest.skip">src/pymortests/operators.py:110: Suite splitting in effect</skipped></testcase><testcase classname="src.pymortests.operators" file="src/pymortests/operators.py" line="110" name="test_neg[&lt;lambda&gt;35]" time="0.00041985511779785156"><skipped message="Suite splitting in effect" type="pytest.skip">src/pymortests/operators.py:110: Suite splitting in effect</skipped></testcase><testcase classname="src.pymortests.operators" file="src/pymortests/operators.py" line="110" name="test_neg[&lt;lambda&gt;36]" time="0.0004227161407470703"><skipped message="Suite splitting in effect" type="pytest.skip">src/pymortests/operators.py:110: Suite splitting in effect</skipped></testcase><testcase classname="src.pymortests.operators" file="src/pymortests/operators.py" line="110" name="test_neg[&lt;lambda&gt;37]" time="0.000423431396484375"><skipped message="Suite splitting in effect" type="pytest.skip">src/pymortests/operators.py:110: Suite splitting in effect</skipped></testcase><testcase classname="src.pymortests.operators" file="src/pymortests/operators.py" line="110" name="test_neg[&lt;lambda&gt;38]" time="0.0004215240478515625"><skipped message="Suite splitting in effect" type="pytest.skip">src/pymortests/operators.py:110: Suite splitting in effect</skipped></testcase><testcase classname="src.pymortests.operators" file="src/pymortests/operators.py" line="110" name="test_neg[&lt;lambda&gt;39]" time="0.0007622241973876953"><skipped message="Suite splitting in effect" type="pytest.skip">src/pymortests/operators.py:110: Suite splitting in effect</skipped></testcase><testcase classname="src.pymortests.operators" file="src/pymortests/operators.py" line="110" name="test_neg[&lt;lambda&gt;40]" time="0.00046539306640625"><skipped message="Suite splitting in effect" type="pytest.skip">src/pymortests/operators.py:110: Suite splitting in effect</skipped></testcase><testcase classname="src.pymortests.operators" file="src/pymortests/operators.py" line="116" name="test_apply2[&lt;lambda&gt;0]" time="0.0004112720489501953"><skipped message="Suite splitting in effect" type="pytest.skip">src/pymortests/operators.py:116: Suite splitting in effect</skipped></testcase><testcase classname="src.pymortests.operators" file="src/pymortests/operators.py" line="116" name="test_apply2[&lt;lambda&gt;1]" time="0.00042510032653808594"><skipped message="Suite splitting in effect" type="pytest.skip">src/pymortests/operators.py:116: Suite splitting in effect</skipped></testcase><testcase classname="src.pymortests.operators" file="src/pymortests/operators.py" line="116" name="test_apply2[&lt;lambda&gt;2]" time="0.0004317760467529297"><skipped message="Suite splitting in effect" type="pytest.skip">src/pymortests/operators.py:116: Suite splitting in effect</skipped></testcase><testcase classname="src.pymortests.operators" file="src/pymortests/operators.py" line="116" name="test_apply2[&lt;lambda&gt;3]" time="0.0004367828369140625"><skipped message="Suite splitting in effect" type="pytest.skip">src/pymortests/operators.py:116: Suite splitting in effect</skipped></testcase><testcase classname="src.pymortests.operators" file="src/pymortests/operators.py" line="116" name="test_apply2[&lt;lambda&gt;4]" time="0.00044465065002441406"><skipped message="Suite splitting in effect" type="pytest.skip">src/pymortests/operators.py:116: Suite splitting in effect</skipped></testcase><testcase classname="src.pymortests.operators" file="src/pymortests/operators.py" line="116" name="test_apply2[&lt;lambda&gt;5]" time="0.0004334449768066406"><skipped message="Suite splitting in effect" type="pytest.skip">src/pymortests/operators.py:116: Suite splitting in effect</skipped></testcase><testcase classname="src.pymortests.operators" file="src/pymortests/operators.py" line="116" name="test_apply2[&lt;lambda&gt;6]" time="0.0007982254028320312"><skipped message="Suite splitting in effect" type="pytest.skip">src/pymortests/operators.py:116: Suite splitting in effect</skipped></testcase><testcase classname="src.pymortests.operators" file="src/pymortests/operators.py" line="116" name="test_apply2[&lt;lambda&gt;7]" time="0.000423431396484375"><skipped message="Suite splitting in effect" type="pytest.skip">src/pymortests/operators.py:116: Suite splitting in effect</skipped></testcase><testcase classname="src.pymortests.operators" file="src/pymortests/operators.py" line="116" name="test_apply2[&lt;lambda&gt;8]" time="0.00043773651123046875"><skipped message="Suite splitting in effect" type="pytest.skip">src/pymortests/operators.py:116: Suite splitting in effect</skipped></testcase><testcase classname="src.pymortests.operators" file="src/pymortests/operators.py" line="116" name="test_apply2[&lt;lambda&gt;9]" time="0.00042724609375"><skipped message="Suite splitting in effect" type="pytest.skip">src/pymortests/operators.py:116: Suite splitting in effect</skipped></testcase><testcase classname="src.pymortests.operators" file="src/pymortests/operators.py" line="116" name="test_apply2[&lt;lambda&gt;10]" time="0.00042247772216796875"><skipped message="Suite splitting in effect" type="pytest.skip">src/pymortests/operators.py:116: Suite splitting in effect</skipped></testcase><testcase classname="src.pymortests.operators" file="src/pymortests/operators.py" line="116" name="test_apply2[&lt;lambda&gt;11]" time="0.00043010711669921875"><skipped message="Suite splitting in effect" type="pytest.skip">src/pymortests/operators.py:116: Suite splitting in effect</skipped></testcase><testcase classname="src.pymortests.operators" file="src/pymortests/operators.py" line="116" name="test_apply2[&lt;lambda&gt;12]" time="0.0004260540008544922"><skipped message="Suite splitting in effect" type="pytest.skip">src/pymortests/operators.py:116: Suite splitting in effect</skipped></testcase><testcase classname="src.pymortests.operators" file="src/pymortests/operators.py" line="116" name="test_apply2[&lt;lambda&gt;13]" time="0.0004458427429199219"><skipped message="Suite splitting in effect" type="pytest.skip">src/pymortests/operators.py:116: Suite splitting in effect</skipped></testcase><testcase classname="src.pymortests.operators" file="src/pymortests/operators.py" line="116" name="test_apply2[&lt;lambda&gt;14]" time="0.0007441043853759766"><skipped message="Suite splitting in effect" type="pytest.skip">src/pymortests/operators.py:116: Suite splitting in effect</skipped></testcase><testcase classname="src.pymortests.operators" file="src/pymortests/operators.py" line="116" name="test_apply2[&lt;lambda&gt;15]" time="0.00041484832763671875"><skipped message="Suite splitting in effect" type="pytest.skip">src/pymortests/operators.py:116: Suite splitting in effect</skipped></testcase><testcase classname="src.pymortests.operators" file="src/pymortests/operators.py" line="116" name="test_apply2[&lt;lambda&gt;16]" time="0.00044226646423339844"><skipped message="Suite splitting in effect" type="pytest.skip">src/pymortests/operators.py:116: Suite splitting in effect</skipped></testcase><testcase classname="src.pymortests.operators" file="src/pymortests/operators.py" line="116" name="test_apply2[&lt;lambda&gt;17]" time="0.00043964385986328125"><skipped message="Suite splitting in effect" type="pytest.skip">src/pymortests/operators.py:116: Suite splitting in effect</skipped></testcase><testcase classname="src.pymortests.operators" file="src/pymortests/operators.py" line="116" name="test_apply2[&lt;lambda&gt;18]" time="0.0004343986511230469"><skipped message="Suite splitting in effect" type="pytest.skip">src/pymortests/operators.py:116: Suite splitting in effect</skipped></testcase><testcase classname="src.pymortests.operators" file="src/pymortests/operators.py" line="116" name="test_apply2[&lt;lambda&gt;19]" time="0.00042724609375"><skipped message="Suite splitting in effect" type="pytest.skip">src/pymortests/operators.py:116: Suite splitting in effect</skipped></testcase><testcase classname="src.pymortests.operators" file="src/pymortests/operators.py" line="116" name="test_apply2[&lt;lambda&gt;20]" time="0.0004444122314453125"><skipped message="Suite splitting in effect" type="pytest.skip">src/pymortests/operators.py:116: Suite splitting in effect</skipped></testcase><testcase classname="src.pymortests.operators" file="src/pymortests/operators.py" line="116" name="test_apply2[&lt;lambda&gt;21]" time="0.00042724609375"><skipped message="Suite splitting in effect" type="pytest.skip">src/pymortests/operators.py:116: Suite splitting in effect</skipped></testcase><testcase classname="src.pymortests.operators" file="src/pymortests/operators.py" line="116" name="test_apply2[&lt;lambda&gt;22]" time="0.0007908344268798828"><skipped message="Suite splitting in effect" type="pytest.skip">src/pymortests/operators.py:116: Suite splitting in effect</skipped></testcase><testcase classname="src.pymortests.operators" file="src/pymortests/operators.py" line="116" name="test_apply2[&lt;lambda&gt;23]" time="0.0004329681396484375"><skipped message="Suite splitting in effect" type="pytest.skip">src/pymortests/operators.py:116: Suite splitting in effect</skipped></testcase><testcase classname="src.pymortests.operators" file="src/pymortests/operators.py" line="116" name="test_apply2[&lt;lambda&gt;24]" time="0.0004405975341796875"><skipped message="Suite splitting in effect" type="pytest.skip">src/pymortests/operators.py:116: Suite splitting in effect</skipped></testcase><testcase classname="src.pymortests.operators" file="src/pymortests/operators.py" line="116" name="test_apply2[&lt;lambda&gt;25]" time="0.0004661083221435547"><skipped message="Suite splitting in effect" type="pytest.skip">src/pymortests/operators.py:116: Suite splitting in effect</skipped></testcase><testcase classname="src.pymortests.operators" file="src/pymortests/operators.py" line="116" name="test_apply2[&lt;lambda&gt;26]" time="0.00042748451232910156"><skipped message="Suite splitting in effect" type="pytest.skip">src/pymortests/operators.py:116: Suite splitting in effect</skipped></testcase><testcase classname="src.pymortests.operators" file="src/pymortests/operators.py" line="116" name="test_apply2[&lt;lambda&gt;27]" time="0.0004258155822753906"><skipped message="Suite splitting in effect" type="pytest.skip">src/pymortests/operators.py:116: Suite splitting in effect</skipped></testcase><testcase classname="src.pymortests.operators" file="src/pymortests/operators.py" line="116" name="test_apply2[&lt;lambda&gt;28]" time="0.0004374980926513672"><skipped message="Suite splitting in effect" type="pytest.skip">src/pymortests/operators.py:116: Suite splitting in effect</skipped></testcase><testcase classname="src.pymortests.operators" file="src/pymortests/operators.py" line="116" name="test_apply2[&lt;lambda&gt;29]" time="0.00042438507080078125"><skipped message="Suite splitting in effect" type="pytest.skip">src/pymortests/operators.py:116: Suite splitting in effect</skipped></testcase><testcase classname="src.pymortests.operators" file="src/pymortests/operators.py" line="116" name="test_apply2[&lt;lambda&gt;30]" time="0.0007193088531494141"><skipped message="Suite splitting in effect" type="pytest.skip">src/pymortests/operators.py:116: Suite splitting in effect</skipped></testcase><testcase classname="src.pymortests.operators" file="src/pymortests/operators.py" line="116" name="test_apply2[&lt;lambda&gt;31]" time="0.00042057037353515625"><skipped message="Suite splitting in effect" type="pytest.skip">src/pymortests/operators.py:116: Suite splitting in effect</skipped></testcase><testcase classname="src.pymortests.operators" file="src/pymortests/operators.py" line="116" name="test_apply2[&lt;lambda&gt;32]" time="0.00041747093200683594"><skipped message="Suite splitting in effect" type="pytest.skip">src/pymortests/operators.py:116: Suite splitting in effect</skipped></testcase><testcase classname="src.pymortests.operators" file="src/pymortests/operators.py" line="116" name="test_apply2[&lt;lambda&gt;33]" time="0.00045490264892578125"><skipped message="Suite splitting in effect" type="pytest.skip">src/pymortests/operators.py:116: Suite splitting in effect</skipped></testcase><testcase classname="src.pymortests.operators" file="src/pymortests/operators.py" line="116" name="test_apply2[&lt;lambda&gt;34]" time="0.00042939186096191406"><skipped message="Suite splitting in effect" type="pytest.skip">src/pymortests/operators.py:116: Suite splitting in effect</skipped></testcase><testcase classname="src.pymortests.operators" file="src/pymortests/operators.py" line="116" name="test_apply2[&lt;lambda&gt;35]" time="0.00045680999755859375"><skipped message="Suite splitting in effect" type="pytest.skip">src/pymortests/operators.py:116: Suite splitting in effect</skipped></testcase><testcase classname="src.pymortests.operators" file="src/pymortests/operators.py" line="116" name="test_apply2[&lt;lambda&gt;36]" time="0.00042700767517089844"><skipped message="Suite splitting in effect" type="pytest.skip">src/pymortests/operators.py:116: Suite splitting in effect</skipped></testcase><testcase classname="src.pymortests.operators" file="src/pymortests/operators.py" line="116" name="test_apply2[&lt;lambda&gt;37]" time="0.00041604042053222656"><skipped message="Suite splitting in effect" type="pytest.skip">src/pymortests/operators.py:116: Suite splitting in effect</skipped></testcase><testcase classname="src.pymortests.operators" file="src/pymortests/operators.py" line="116" name="test_apply2[&lt;lambda&gt;38]" time="0.0007522106170654297"><skipped message="Suite splitting in effect" type="pytest.skip">src/pymortests/operators.py:116: Suite splitting in effect</skipped></testcase><testcase classname="src.pymortests.operators" file="src/pymortests/operators.py" line="116" name="test_apply2[&lt;lambda&gt;39]" time="0.0004398822784423828"><skipped message="Suite splitting in effect" type="pytest.skip">src/pymortests/operators.py:116: Suite splitting in effect</skipped></testcase><testcase classname="src.pymortests.operators" file="src/pymortests/operators.py" line="116" name="test_apply2[&lt;lambda&gt;40]" time="0.0004367828369140625"><skipped message="Suite splitting in effect" type="pytest.skip">src/pymortests/operators.py:116: Suite splitting in effect</skipped></testcase><testcase classname="src.pymortests.operators" file="src/pymortests/operators.py" line="126" name="test_pairwise_apply2[&lt;lambda&gt;0]" time="0.00048661231994628906"><skipped message="Suite splitting in effect" type="pytest.skip">src/pymortests/operators.py:126: Suite splitting in effect</skipped></testcase><testcase classname="src.pymortests.operators" file="src/pymortests/operators.py" line="126" name="test_pairwise_apply2[&lt;lambda&gt;1]" time="0.0004239082336425781"><skipped message="Suite splitting in effect" type="pytest.skip">src/pymortests/operators.py:126: Suite splitting in effect</skipped></testcase><testcase classname="src.pymortests.operators" file="src/pymortests/operators.py" line="126" name="test_pairwise_apply2[&lt;lambda&gt;2]" time="0.0004260540008544922"><skipped message="Suite splitting in effect" type="pytest.skip">src/pymortests/operators.py:126: Suite splitting in effect</skipped></testcase><testcase classname="src.pymortests.operators" file="src/pymortests/operators.py" line="126" name="test_pairwise_apply2[&lt;lambda&gt;3]" time="0.0004296302795410156"><skipped message="Suite splitting in effect" type="pytest.skip">src/pymortests/operators.py:126: Suite splitting in effect</skipped></testcase><testcase classname="src.pymortests.operators" file="src/pymortests/operators.py" line="126" name="test_pairwise_apply2[&lt;lambda&gt;4]" time="0.00043201446533203125"><skipped message="Suite splitting in effect" type="pytest.skip">src/pymortests/operators.py:126: Suite splitting in effect</skipped></testcase><testcase classname="src.pymortests.operators" file="src/pymortests/operators.py" line="126" name="test_pairwise_apply2[&lt;lambda&gt;5]" time="0.0009670257568359375"><skipped message="Suite splitting in effect" type="pytest.skip">src/pymortests/operators.py:126: Suite splitting in effect</skipped></testcase><testcase classname="src.pymortests.operators" file="src/pymortests/operators.py" line="126" name="test_pairwise_apply2[&lt;lambda&gt;6]" time="0.00043010711669921875"><skipped message="Suite splitting in effect" type="pytest.skip">src/pymortests/operators.py:126: Suite splitting in effect</skipped></testcase><testcase classname="src.pymortests.operators" file="src/pymortests/operators.py" line="126" name="test_pairwise_apply2[&lt;lambda&gt;7]" time="0.0004451274871826172"><skipped message="Suite splitting in effect" type="pytest.skip">src/pymortests/operators.py:126: Suite splitting in effect</skipped></testcase><testcase classname="src.pymortests.operators" file="src/pymortests/operators.py" line="126" name="test_pairwise_apply2[&lt;lambda&gt;8]" time="0.00043511390686035156"><skipped message="Suite splitting in effect" type="pytest.skip">src/pymortests/operators.py:126: Suite splitting in effect</skipped></testcase><testcase classname="src.pymortests.operators" file="src/pymortests/operators.py" line="126" name="test_pairwise_apply2[&lt;lambda&gt;9]" time="0.00045871734619140625"><skipped message="Suite splitting in effect" type="pytest.skip">src/pymortests/operators.py:126: Suite splitting in effect</skipped></testcase><testcase classname="src.pymortests.operators" file="src/pymortests/operators.py" line="126" name="test_pairwise_apply2[&lt;lambda&gt;10]" time="0.0004222393035888672"><skipped message="Suite splitting in effect" type="pytest.skip">src/pymortests/operators.py:126: Suite splitting in effect</skipped></testcase><testcase classname="src.pymortests.operators" file="src/pymortests/operators.py" line="126" name="test_pairwise_apply2[&lt;lambda&gt;11]" time="0.00047135353088378906"><skipped message="Suite splitting in effect" type="pytest.skip">src/pymortests/operators.py:126: Suite splitting in effect</skipped></testcase><testcase classname="src.pymortests.operators" file="src/pymortests/operators.py" line="126" name="test_pairwise_apply2[&lt;lambda&gt;12]" time="0.00042891502380371094"><skipped message="Suite splitting in effect" type="pytest.skip">src/pymortests/operators.py:126: Suite splitting in effect</skipped></testcase><testcase classname="src.pymortests.operators" file="src/pymortests/operators.py" line="126" name="test_pairwise_apply2[&lt;lambda&gt;13]" time="0.0010895729064941406"><skipped message="Suite splitting in effect" type="pytest.skip">src/pymortests/operators.py:126: Suite splitting in effect</skipped></testcase><testcase classname="src.pymortests.operators" file="src/pymortests/operators.py" line="126" name="test_pairwise_apply2[&lt;lambda&gt;14]" time="0.0004265308380126953"><skipped message="Suite splitting in effect" type="pytest.skip">src/pymortests/operators.py:126: Suite splitting in effect</skipped></testcase><testcase classname="src.pymortests.operators" file="src/pymortests/operators.py" line="126" name="test_pairwise_apply2[&lt;lambda&gt;15]" time="0.00045609474182128906"><skipped message="Suite splitting in effect" type="pytest.skip">src/pymortests/operators.py:126: Suite splitting in effect</skipped></testcase><testcase classname="src.pymortests.operators" file="src/pymortests/operators.py" line="126" name="test_pairwise_apply2[&lt;lambda&gt;16]" time="0.000423431396484375"><skipped message="Suite splitting in effect" type="pytest.skip">src/pymortests/operators.py:126: Suite splitting in effect</skipped></testcase><testcase classname="src.pymortests.operators" file="src/pymortests/operators.py" line="126" name="test_pairwise_apply2[&lt;lambda&gt;17]" time="0.00044536590576171875"><skipped message="Suite splitting in effect" type="pytest.skip">src/pymortests/operators.py:126: Suite splitting in effect</skipped></testcase><testcase classname="src.pymortests.operators" file="src/pymortests/operators.py" line="126" name="test_pairwise_apply2[&lt;lambda&gt;18]" time="0.00042819976806640625"><skipped message="Suite splitting in effect" type="pytest.skip">src/pymortests/operators.py:126: Suite splitting in effect</skipped></testcase><testcase classname="src.pymortests.operators" file="src/pymortests/operators.py" line="126" name="test_pairwise_apply2[&lt;lambda&gt;19]" time="0.0004146099090576172"><skipped message="Suite splitting in effect" type="pytest.skip">src/pymortests/operators.py:126: Suite splitting in effect</skipped></testcase><testcase classname="src.pymortests.operators" file="src/pymortests/operators.py" line="126" name="test_pairwise_apply2[&lt;lambda&gt;20]" time="0.0005354881286621094"><skipped message="Suite splitting in effect" type="pytest.skip">src/pymortests/operators.py:126: Suite splitting in effect</skipped></testcase><testcase classname="src.pymortests.operators" file="src/pymortests/operators.py" line="126" name="test_pairwise_apply2[&lt;lambda&gt;21]" time="0.0007352828979492188"><skipped message="Suite splitting in effect" type="pytest.skip">src/pymortests/operators.py:126: Suite splitting in effect</skipped></testcase><testcase classname="src.pymortests.operators" file="src/pymortests/operators.py" line="126" name="test_pairwise_apply2[&lt;lambda&gt;22]" time="0.00041222572326660156"><skipped message="Suite splitting in effect" type="pytest.skip">src/pymortests/operators.py:126: Suite splitting in effect</skipped></testcase><testcase classname="src.pymortests.operators" file="src/pymortests/operators.py" line="126" name="test_pairwise_apply2[&lt;lambda&gt;23]" time="0.00043511390686035156"><skipped message="Suite splitting in effect" type="pytest.skip">src/pymortests/operators.py:126: Suite splitting in effect</skipped></testcase><testcase classname="src.pymortests.operators" file="src/pymortests/operators.py" line="126" name="test_pairwise_apply2[&lt;lambda&gt;24]" time="0.0004410743713378906"><skipped message="Suite splitting in effect" type="pytest.skip">src/pymortests/operators.py:126: Suite splitting in effect</skipped></testcase><testcase classname="src.pymortests.operators" file="src/pymortests/operators.py" line="126" name="test_pairwise_apply2[&lt;lambda&gt;25]" time="0.00043392181396484375"><skipped message="Suite splitting in effect" type="pytest.skip">src/pymortests/operators.py:126: Suite splitting in effect</skipped></testcase><testcase classname="src.pymortests.operators" file="src/pymortests/operators.py" line="126" name="test_pairwise_apply2[&lt;lambda&gt;26]" time="0.00042748451232910156"><skipped message="Suite splitting in effect" type="pytest.skip">src/pymortests/operators.py:126: Suite splitting in effect</skipped></testcase><testcase classname="src.pymortests.operators" file="src/pymortests/operators.py" line="126" name="test_pairwise_apply2[&lt;lambda&gt;27]" time="0.00042557716369628906"><skipped message="Suite splitting in effect" type="pytest.skip">src/pymortests/operators.py:126: Suite splitting in effect</skipped></testcase><testcase classname="src.pymortests.operators" file="src/pymortests/operators.py" line="126" name="test_pairwise_apply2[&lt;lambda&gt;28]" time="0.0004229545593261719"><skipped message="Suite splitting in effect" type="pytest.skip">src/pymortests/operators.py:126: Suite splitting in effect</skipped></testcase><testcase classname="src.pymortests.operators" file="src/pymortests/operators.py" line="126" name="test_pairwise_apply2[&lt;lambda&gt;29]" time="0.0007266998291015625"><skipped message="Suite splitting in effect" type="pytest.skip">src/pymortests/operators.py:126: Suite splitting in effect</skipped></testcase><testcase classname="src.pymortests.operators" file="src/pymortests/operators.py" line="126" name="test_pairwise_apply2[&lt;lambda&gt;30]" time="0.00040459632873535156"><skipped message="Suite splitting in effect" type="pytest.skip">src/pymortests/operators.py:126: Suite splitting in effect</skipped></testcase><testcase classname="src.pymortests.operators" file="src/pymortests/operators.py" line="126" name="test_pairwise_apply2[&lt;lambda&gt;31]" time="0.0004360675811767578"><skipped message="Suite splitting in effect" type="pytest.skip">src/pymortests/operators.py:126: Suite splitting in effect</skipped></testcase><testcase classname="src.pymortests.operators" file="src/pymortests/operators.py" line="126" name="test_pairwise_apply2[&lt;lambda&gt;32]" time="0.0005011558532714844"><skipped message="Suite splitting in effect" type="pytest.skip">src/pymortests/operators.py:126: Suite splitting in effect</skipped></testcase><testcase classname="src.pymortests.operators" file="src/pymortests/operators.py" line="126" name="test_pairwise_apply2[&lt;lambda&gt;33]" time="0.0004398822784423828"><skipped message="Suite splitting in effect" type="pytest.skip">src/pymortests/operators.py:126: Suite splitting in effect</skipped></testcase><testcase classname="src.pymortests.operators" file="src/pymortests/operators.py" line="126" name="test_pairwise_apply2[&lt;lambda&gt;34]" time="0.0004496574401855469"><skipped message="Suite splitting in effect" type="pytest.skip">src/pymortests/operators.py:126: Suite splitting in effect</skipped></testcase><testcase classname="src.pymortests.operators" file="src/pymortests/operators.py" line="126" name="test_pairwise_apply2[&lt;lambda&gt;35]" time="0.0004496574401855469"><skipped message="Suite splitting in effect" type="pytest.skip">src/pymortests/operators.py:126: Suite splitting in effect</skipped></testcase><testcase classname="src.pymortests.operators" file="src/pymortests/operators.py" line="126" name="test_pairwise_apply2[&lt;lambda&gt;36]" time="0.00042939186096191406"><skipped message="Suite splitting in effect" type="pytest.skip">src/pymortests/operators.py:126: Suite splitting in effect</skipped></testcase><testcase classname="src.pymortests.operators" file="src/pymortests/operators.py" line="126" name="test_pairwise_apply2[&lt;lambda&gt;37]" time="0.0007390975952148438"><skipped message="Suite splitting in effect" type="pytest.skip">src/pymortests/operators.py:126: Suite splitting in effect</skipped></testcase><testcase classname="src.pymortests.operators" file="src/pymortests/operators.py" line="126" name="test_pairwise_apply2[&lt;lambda&gt;38]" time="0.0004706382751464844"><skipped message="Suite splitting in effect" type="pytest.skip">src/pymortests/operators.py:126: Suite splitting in effect</skipped></testcase><testcase classname="src.pymortests.operators" file="src/pymortests/operators.py" line="126" name="test_pairwise_apply2[&lt;lambda&gt;39]" time="0.0004851818084716797"><skipped message="Suite splitting in effect" type="pytest.skip">src/pymortests/operators.py:126: Suite splitting in effect</skipped></testcase><testcase classname="src.pymortests.operators" file="src/pymortests/operators.py" line="126" name="test_pairwise_apply2[&lt;lambda&gt;40]" time="0.00044608116149902344"><skipped message="Suite splitting in effect" type="pytest.skip">src/pymortests/operators.py:126: Suite splitting in effect</skipped></testcase><testcase classname="src.pymortests.operators" file="src/pymortests/operators.py" line="135" name="test_apply_adjoint[&lt;lambda&gt;0]" time="0.0004241466522216797"><skipped message="Suite splitting in effect" type="pytest.skip">src/pymortests/operators.py:135: Suite splitting in effect</skipped></testcase><testcase classname="src.pymortests.operators" file="src/pymortests/operators.py" line="135" name="test_apply_adjoint[&lt;lambda&gt;1]" time="0.00044846534729003906"><skipped message="Suite splitting in effect" type="pytest.skip">src/pymortests/operators.py:135: Suite splitting in effect</skipped></testcase><testcase classname="src.pymortests.operators" file="src/pymortests/operators.py" line="135" name="test_apply_adjoint[&lt;lambda&gt;2]" time="0.0004353523254394531"><skipped message="Suite splitting in effect" type="pytest.skip">src/pymortests/operators.py:135: Suite splitting in effect</skipped></testcase><testcase classname="src.pymortests.operators" file="src/pymortests/operators.py" line="135" name="test_apply_adjoint[&lt;lambda&gt;3]" time="0.00045108795166015625"><skipped message="Suite splitting in effect" type="pytest.skip">src/pymortests/operators.py:135: Suite splitting in effect</skipped></testcase><testcase classname="src.pymortests.operators" file="src/pymortests/operators.py" line="135" name="test_apply_adjoint[&lt;lambda&gt;4]" time="0.0007691383361816406"><skipped message="Suite splitting in effect" type="pytest.skip">src/pymortests/operators.py:135: Suite splitting in effect</skipped></testcase><testcase classname="src.pymortests.operators" file="src/pymortests/operators.py" line="135" name="test_apply_adjoint[&lt;lambda&gt;5]" time="0.00045561790466308594"><skipped message="Suite splitting in effect" type="pytest.skip">src/pymortests/operators.py:135: Suite splitting in effect</skipped></testcase><testcase classname="src.pymortests.operators" file="src/pymortests/operators.py" line="135" name="test_apply_adjoint[&lt;lambda&gt;6]" time="0.0004513263702392578"><skipped message="Suite splitting in effect" type="pytest.skip">src/pymortests/operators.py:135: Suite splitting in effect</skipped></testcase><testcase classname="src.pymortests.operators" file="src/pymortests/operators.py" line="135" name="test_apply_adjoint[&lt;lambda&gt;7]" time="0.0004334449768066406"><skipped message="Suite splitting in effect" type="pytest.skip">src/pymortests/operators.py:135: Suite splitting in effect</skipped></testcase><testcase classname="src.pymortests.operators" file="src/pymortests/operators.py" line="135" name="test_apply_adjoint[&lt;lambda&gt;8]" time="0.00046896934509277344"><skipped message="Suite splitting in effect" type="pytest.skip">src/pymortests/operators.py:135: Suite splitting in effect</skipped></testcase><testcase classname="src.pymortests.operators" file="src/pymortests/operators.py" line="135" name="test_apply_adjoint[&lt;lambda&gt;9]" time="0.0004353523254394531"><skipped message="Suite splitting in effect" type="pytest.skip">src/pymortests/operators.py:135: Suite splitting in effect</skipped></testcase><testcase classname="src.pymortests.operators" file="src/pymortests/operators.py" line="135" name="test_apply_adjoint[&lt;lambda&gt;10]" time="0.0004990100860595703"><skipped message="Suite splitting in effect" type="pytest.skip">src/pymortests/operators.py:135: Suite splitting in effect</skipped></testcase><testcase classname="src.pymortests.operators" file="src/pymortests/operators.py" line="135" name="test_apply_adjoint[&lt;lambda&gt;11]" time="0.00047087669372558594"><skipped message="Suite splitting in effect" type="pytest.skip">src/pymortests/operators.py:135: Suite splitting in effect</skipped></testcase><testcase classname="src.pymortests.operators" file="src/pymortests/operators.py" line="135" name="test_apply_adjoint[&lt;lambda&gt;12]" time="0.0007984638214111328"><skipped message="Suite splitting in effect" type="pytest.skip">src/pymortests/operators.py:135: Suite splitting in effect</skipped></testcase><testcase classname="src.pymortests.operators" file="src/pymortests/operators.py" line="135" name="test_apply_adjoint[&lt;lambda&gt;13]" time="0.0004799365997314453"><skipped message="Suite splitting in effect" type="pytest.skip">src/pymortests/operators.py:135: Suite splitting in effect</skipped></testcase><testcase classname="src.pymortests.operators" file="src/pymortests/operators.py" line="135" name="test_apply_adjoint[&lt;lambda&gt;14]" time="0.0004730224609375"><skipped message="Suite splitting in effect" type="pytest.skip">src/pymortests/operators.py:135: Suite splitting in effect</skipped></testcase><testcase classname="src.pymortests.operators" file="src/pymortests/operators.py" line="135" name="test_apply_adjoint[&lt;lambda&gt;15]" time="0.0004534721374511719"><skipped message="Suite splitting in effect" type="pytest.skip">src/pymortests/operators.py:135: Suite splitting in effect</skipped></testcase><testcase classname="src.pymortests.operators" file="src/pymortests/operators.py" line="135" name="test_apply_adjoint[&lt;lambda&gt;16]" time="0.00045013427734375"><skipped message="Suite splitting in effect" type="pytest.skip">src/pymortests/operators.py:135: Suite splitting in effect</skipped></testcase><testcase classname="src.pymortests.operators" file="src/pymortests/operators.py" line="135" name="test_apply_adjoint[&lt;lambda&gt;17]" time="0.00044655799865722656"><skipped message="Suite splitting in effect" type="pytest.skip">src/pymortests/operators.py:135: Suite splitting in effect</skipped></testcase><testcase classname="src.pymortests.operators" file="src/pymortests/operators.py" line="135" name="test_apply_adjoint[&lt;lambda&gt;18]" time="0.0004508495330810547"><skipped message="Suite splitting in effect" type="pytest.skip">src/pymortests/operators.py:135: Suite splitting in effect</skipped></testcase><testcase classname="src.pymortests.operators" file="src/pymortests/operators.py" line="135" name="test_apply_adjoint[&lt;lambda&gt;19]" time="0.0005319118499755859"><skipped message="Suite splitting in effect" type="pytest.skip">src/pymortests/operators.py:135: Suite splitting in effect</skipped></testcase><testcase classname="src.pymortests.operators" file="src/pymortests/operators.py" line="135" name="test_apply_adjoint[&lt;lambda&gt;20]" time="0.0007767677307128906"><skipped message="Suite splitting in effect" type="pytest.skip">src/pymortests/operators.py:135: Suite splitting in effect</skipped></testcase><testcase classname="src.pymortests.operators" file="src/pymortests/operators.py" line="135" name="test_apply_adjoint[&lt;lambda&gt;21]" time="0.0005071163177490234"><skipped message="Suite splitting in effect" type="pytest.skip">src/pymortests/operators.py:135: Suite splitting in effect</skipped></testcase><testcase classname="src.pymortests.operators" file="src/pymortests/operators.py" line="135" name="test_apply_adjoint[&lt;lambda&gt;22]" time="0.0004706382751464844"><skipped message="Suite splitting in effect" type="pytest.skip">src/pymortests/operators.py:135: Suite splitting in effect</skipped></testcase><testcase classname="src.pymortests.operators" file="src/pymortests/operators.py" line="135" name="test_apply_adjoint[&lt;lambda&gt;23]" time="0.0004892349243164062"><skipped message="Suite splitting in effect" type="pytest.skip">src/pymortests/operators.py:135: Suite splitting in effect</skipped></testcase><testcase classname="src.pymortests.operators" file="src/pymortests/operators.py" line="135" name="test_apply_adjoint[&lt;lambda&gt;24]" time="0.00048351287841796875"><skipped message="Suite splitting in effect" type="pytest.skip">src/pymortests/operators.py:135: Suite splitting in effect</skipped></testcase><testcase classname="src.pymortests.operators" file="src/pymortests/operators.py" line="135" name="test_apply_adjoint[&lt;lambda&gt;25]" time="0.0004646778106689453"><skipped message="Suite splitting in effect" type="pytest.skip">src/pymortests/operators.py:135: Suite splitting in effect</skipped></testcase><testcase classname="src.pymortests.operators" file="src/pymortests/operators.py" line="135" name="test_apply_adjoint[&lt;lambda&gt;26]" time="0.0004868507385253906"><skipped message="Suite splitting in effect" type="pytest.skip">src/pymortests/operators.py:135: Suite splitting in effect</skipped></testcase><testcase classname="src.pymortests.operators" file="src/pymortests/operators.py" line="135" name="test_apply_adjoint[&lt;lambda&gt;27]" time="0.0004940032958984375"><skipped message="Suite splitting in effect" type="pytest.skip">src/pymortests/operators.py:135: Suite splitting in effect</skipped></testcase><testcase classname="src.pymortests.operators" file="src/pymortests/operators.py" line="135" name="test_apply_adjoint[&lt;lambda&gt;28]" time="0.0007863044738769531"><skipped message="Suite splitting in effect" type="pytest.skip">src/pymortests/operators.py:135: Suite splitting in effect</skipped></testcase><testcase classname="src.pymortests.operators" file="src/pymortests/operators.py" line="135" name="test_apply_adjoint[&lt;lambda&gt;29]" time="0.0004444122314453125"><skipped message="Suite splitting in effect" type="pytest.skip">src/pymortests/operators.py:135: Suite splitting in effect</skipped></testcase><testcase classname="src.pymortests.operators" file="src/pymortests/operators.py" line="135" name="test_apply_adjoint[&lt;lambda&gt;30]" time="0.00044918060302734375"><skipped message="Suite splitting in effect" type="pytest.skip">src/pymortests/operators.py:135: Suite splitting in effect</skipped></testcase><testcase classname="src.pymortests.operators" file="src/pymortests/operators.py" line="135" name="test_apply_adjoint[&lt;lambda&gt;31]" time="0.0004482269287109375"><skipped message="Suite splitting in effect" type="pytest.skip">src/pymortests/operators.py:135: Suite splitting in effect</skipped></testcase><testcase classname="src.pymortests.operators" file="src/pymortests/operators.py" line="135" name="test_apply_adjoint[&lt;lambda&gt;32]" time="0.00044727325439453125"><skipped message="Suite splitting in effect" type="pytest.skip">src/pymortests/operators.py:135: Suite splitting in effect</skipped></testcase><testcase classname="src.pymortests.operators" file="src/pymortests/operators.py" line="135" name="test_apply_adjoint[&lt;lambda&gt;33]" time="0.0004546642303466797"><skipped message="Suite splitting in effect" type="pytest.skip">src/pymortests/operators.py:135: Suite splitting in effect</skipped></testcase><testcase classname="src.pymortests.operators" file="src/pymortests/operators.py" line="135" name="test_apply_adjoint[&lt;lambda&gt;34]" time="0.0004889965057373047"><skipped message="Suite splitting in effect" type="pytest.skip">src/pymortests/operators.py:135: Suite splitting in effect</skipped></testcase><testcase classname="src.pymortests.operators" file="src/pymortests/operators.py" line="135" name="test_apply_adjoint[&lt;lambda&gt;35]" time="0.00043582916259765625"><skipped message="Suite splitting in effect" type="pytest.skip">src/pymortests/operators.py:135: Suite splitting in effect</skipped></testcase><testcase classname="src.pymortests.operators" file="src/pymortests/operators.py" line="135" name="test_apply_adjoint[&lt;lambda&gt;36]" time="0.0007524490356445312"><skipped message="Suite splitting in effect" type="pytest.skip">src/pymortests/operators.py:135: Suite splitting in effect</skipped></testcase><testcase classname="src.pymortests.operators" file="src/pymortests/operators.py" line="135" name="test_apply_adjoint[&lt;lambda&gt;37]" time="0.0004394054412841797"><skipped message="Suite splitting in effect" type="pytest.skip">src/pymortests/operators.py:135: Suite splitting in effect</skipped></testcase><testcase classname="src.pymortests.operators" file="src/pymortests/operators.py" line="135" name="test_apply_adjoint[&lt;lambda&gt;38]" time="0.0004398822784423828"><skipped message="Suite splitting in effect" type="pytest.skip">src/pymortests/operators.py:135: Suite splitting in effect</skipped></testcase><testcase classname="src.pymortests.operators" file="src/pymortests/operators.py" line="135" name="test_apply_adjoint[&lt;lambda&gt;39]" time="0.00045490264892578125"><skipped message="Suite splitting in effect" type="pytest.skip">src/pymortests/operators.py:135: Suite splitting in effect</skipped></testcase><testcase classname="src.pymortests.operators" file="src/pymortests/operators.py" line="135" name="test_apply_adjoint[&lt;lambda&gt;40]" time="0.00046944618225097656"><skipped message="Suite splitting in effect" type="pytest.skip">src/pymortests/operators.py:135: Suite splitting in effect</skipped></testcase><testcase classname="src.pymortests.operators" file="src/pymortests/operators.py" line="151" name="test_apply_adjoint_2[&lt;lambda&gt;0]" time="0.00047969818115234375"><skipped message="Suite splitting in effect" type="pytest.skip">src/pymortests/operators.py:151: Suite splitting in effect</skipped></testcase><testcase classname="src.pymortests.operators" file="src/pymortests/operators.py" line="151" name="test_apply_adjoint_2[&lt;lambda&gt;1]" time="0.00046634674072265625"><skipped message="Suite splitting in effect" type="pytest.skip">src/pymortests/operators.py:151: Suite splitting in effect</skipped></testcase><testcase classname="src.pymortests.operators" file="src/pymortests/operators.py" line="151" name="test_apply_adjoint_2[&lt;lambda&gt;2]" time="0.00045418739318847656"><skipped message="Suite splitting in effect" type="pytest.skip">src/pymortests/operators.py:151: Suite splitting in effect</skipped></testcase><testcase classname="src.pymortests.operators" file="src/pymortests/operators.py" line="151" name="test_apply_adjoint_2[&lt;lambda&gt;3]" time="0.0007753372192382812"><skipped message="Suite splitting in effect" type="pytest.skip">src/pymortests/operators.py:151: Suite splitting in effect</skipped></testcase><testcase classname="src.pymortests.operators" file="src/pymortests/operators.py" line="151" name="test_apply_adjoint_2[&lt;lambda&gt;4]" time="0.000446319580078125"><skipped message="Suite splitting in effect" type="pytest.skip">src/pymortests/operators.py:151: Suite splitting in effect</skipped></testcase><testcase classname="src.pymortests.operators" file="src/pymortests/operators.py" line="151" name="test_apply_adjoint_2[&lt;lambda&gt;5]" time="0.0004596710205078125"><skipped message="Suite splitting in effect" type="pytest.skip">src/pymortests/operators.py:151: Suite splitting in effect</skipped></testcase><testcase classname="src.pymortests.operators" file="src/pymortests/operators.py" line="151" name="test_apply_adjoint_2[&lt;lambda&gt;6]" time="0.0004603862762451172"><skipped message="Suite splitting in effect" type="pytest.skip">src/pymortests/operators.py:151: Suite splitting in effect</skipped></testcase><testcase classname="src.pymortests.operators" file="src/pymortests/operators.py" line="151" name="test_apply_adjoint_2[&lt;lambda&gt;7]" time="0.0004436969757080078"><skipped message="Suite splitting in effect" type="pytest.skip">src/pymortests/operators.py:151: Suite splitting in effect</skipped></testcase><testcase classname="src.pymortests.operators" file="src/pymortests/operators.py" line="151" name="test_apply_adjoint_2[&lt;lambda&gt;8]" time="0.0004379749298095703"><skipped message="Suite splitting in effect" type="pytest.skip">src/pymortests/operators.py:151: Suite splitting in effect</skipped></testcase><testcase classname="src.pymortests.operators" file="src/pymortests/operators.py" line="151" name="test_apply_adjoint_2[&lt;lambda&gt;9]" time="0.0004553794860839844"><skipped message="Suite splitting in effect" type="pytest.skip">src/pymortests/operators.py:151: Suite splitting in effect</skipped></testcase><testcase classname="src.pymortests.operators" file="src/pymortests/operators.py" line="151" name="test_apply_adjoint_2[&lt;lambda&gt;10]" time="0.00044846534729003906"><skipped message="Suite splitting in effect" type="pytest.skip">src/pymortests/operators.py:151: Suite splitting in effect</skipped></testcase><testcase classname="src.pymortests.operators" file="src/pymortests/operators.py" line="151" name="test_apply_adjoint_2[&lt;lambda&gt;11]" time="0.0007691383361816406"><skipped message="Suite splitting in effect" type="pytest.skip">src/pymortests/operators.py:151: Suite splitting in effect</skipped></testcase><testcase classname="src.pymortests.operators" file="src/pymortests/operators.py" line="151" name="test_apply_adjoint_2[&lt;lambda&gt;12]" time="0.0004372596740722656"><skipped message="Suite splitting in effect" type="pytest.skip">src/pymortests/operators.py:151: Suite splitting in effect</skipped></testcase><testcase classname="src.pymortests.operators" file="src/pymortests/operators.py" line="151" name="test_apply_adjoint_2[&lt;lambda&gt;13]" time="0.00048351287841796875"><skipped message="Suite splitting in effect" type="pytest.skip">src/pymortests/operators.py:151: Suite splitting in effect</skipped></testcase><testcase classname="src.pymortests.operators" file="src/pymortests/operators.py" line="151" name="test_apply_adjoint_2[&lt;lambda&gt;14]" time="0.0004673004150390625"><skipped message="Suite splitting in effect" type="pytest.skip">src/pymortests/operators.py:151: Suite splitting in effect</skipped></testcase><testcase classname="src.pymortests.operators" file="src/pymortests/operators.py" line="151" name="test_apply_adjoint_2[&lt;lambda&gt;15]" time="0.0004458427429199219"><skipped message="Suite splitting in effect" type="pytest.skip">src/pymortests/operators.py:151: Suite splitting in effect</skipped></testcase><testcase classname="src.pymortests.operators" file="src/pymortests/operators.py" line="151" name="test_apply_adjoint_2[&lt;lambda&gt;16]" time="0.00046944618225097656"><skipped message="Suite splitting in effect" type="pytest.skip">src/pymortests/operators.py:151: Suite splitting in effect</skipped></testcase><testcase classname="src.pymortests.operators" file="src/pymortests/operators.py" line="151" name="test_apply_adjoint_2[&lt;lambda&gt;17]" time="0.000453948974609375"><skipped message="Suite splitting in effect" type="pytest.skip">src/pymortests/operators.py:151: Suite splitting in effect</skipped></testcase><testcase classname="src.pymortests.operators" file="src/pymortests/operators.py" line="151" name="test_apply_adjoint_2[&lt;lambda&gt;18]" time="0.0004711151123046875"><skipped message="Suite splitting in effect" type="pytest.skip">src/pymortests/operators.py:151: Suite splitting in effect</skipped></testcase><testcase classname="src.pymortests.operators" file="src/pymortests/operators.py" line="151" name="test_apply_adjoint_2[&lt;lambda&gt;19]" time="0.0009424686431884766"><skipped message="Suite splitting in effect" type="pytest.skip">src/pymortests/operators.py:151: Suite splitting in effect</skipped></testcase><testcase classname="src.pymortests.operators" file="src/pymortests/operators.py" line="151" name="test_apply_adjoint_2[&lt;lambda&gt;20]" time="0.0004470348358154297"><skipped message="Suite splitting in effect" type="pytest.skip">src/pymortests/operators.py:151: Suite splitting in effect</skipped></testcase><testcase classname="src.pymortests.operators" file="src/pymortests/operators.py" line="151" name="test_apply_adjoint_2[&lt;lambda&gt;21]" time="0.0004973411560058594"><skipped message="Suite splitting in effect" type="pytest.skip">src/pymortests/operators.py:151: Suite splitting in effect</skipped></testcase><testcase classname="src.pymortests.operators" file="src/pymortests/operators.py" line="151" name="test_apply_adjoint_2[&lt;lambda&gt;22]" time="0.0004534721374511719"><skipped message="Suite splitting in effect" type="pytest.skip">src/pymortests/operators.py:151: Suite splitting in effect</skipped></testcase><testcase classname="src.pymortests.operators" file="src/pymortests/operators.py" line="151" name="test_apply_adjoint_2[&lt;lambda&gt;23]" time="0.0004353523254394531"><skipped message="Suite splitting in effect" type="pytest.skip">src/pymortests/operators.py:151: Suite splitting in effect</skipped></testcase><testcase classname="src.pymortests.operators" file="src/pymortests/operators.py" line="151" name="test_apply_adjoint_2[&lt;lambda&gt;24]" time="0.00045561790466308594"><skipped message="Suite splitting in effect" type="pytest.skip">src/pymortests/operators.py:151: Suite splitting in effect</skipped></testcase><testcase classname="src.pymortests.operators" file="src/pymortests/operators.py" line="151" name="test_apply_adjoint_2[&lt;lambda&gt;25]" time="0.0004360675811767578"><skipped message="Suite splitting in effect" type="pytest.skip">src/pymortests/operators.py:151: Suite splitting in effect</skipped></testcase><testcase classname="src.pymortests.operators" file="src/pymortests/operators.py" line="151" name="test_apply_adjoint_2[&lt;lambda&gt;26]" time="0.0004329681396484375"><skipped message="Suite splitting in effect" type="pytest.skip">src/pymortests/operators.py:151: Suite splitting in effect</skipped></testcase><testcase classname="src.pymortests.operators" file="src/pymortests/operators.py" line="151" name="test_apply_adjoint_2[&lt;lambda&gt;27]" time="0.0007386207580566406"><skipped message="Suite splitting in effect" type="pytest.skip">src/pymortests/operators.py:151: Suite splitting in effect</skipped></testcase><testcase classname="src.pymortests.operators" file="src/pymortests/operators.py" line="151" name="test_apply_adjoint_2[&lt;lambda&gt;28]" time="0.0004391670227050781"><skipped message="Suite splitting in effect" type="pytest.skip">src/pymortests/operators.py:151: Suite splitting in effect</skipped></testcase><testcase classname="src.pymortests.operators" file="src/pymortests/operators.py" line="151" name="test_apply_adjoint_2[&lt;lambda&gt;29]" time="0.0004363059997558594"><skipped message="Suite splitting in effect" type="pytest.skip">src/pymortests/operators.py:151: Suite splitting in effect</skipped></testcase><testcase classname="src.pymortests.operators" file="src/pymortests/operators.py" line="151" name="test_apply_adjoint_2[&lt;lambda&gt;30]" time="0.00044846534729003906"><skipped message="Suite splitting in effect" type="pytest.skip">src/pymortests/operators.py:151: Suite splitting in effect</skipped></testcase><testcase classname="src.pymortests.operators" file="src/pymortests/operators.py" line="151" name="test_apply_adjoint_2[&lt;lambda&gt;31]" time="0.0004534721374511719"><skipped message="Suite splitting in effect" type="pytest.skip">src/pymortests/operators.py:151: Suite splitting in effect</skipped></testcase><testcase classname="src.pymortests.operators" file="src/pymortests/operators.py" line="151" name="test_apply_adjoint_2[&lt;lambda&gt;32]" time="0.00046443939208984375"><skipped message="Suite splitting in effect" type="pytest.skip">src/pymortests/operators.py:151: Suite splitting in effect</skipped></testcase><testcase classname="src.pymortests.operators" file="src/pymortests/operators.py" line="151" name="test_apply_adjoint_2[&lt;lambda&gt;33]" time="0.0004496574401855469"><skipped message="Suite splitting in effect" type="pytest.skip">src/pymortests/operators.py:151: Suite splitting in effect</skipped></testcase><testcase classname="src.pymortests.operators" file="src/pymortests/operators.py" line="151" name="test_apply_adjoint_2[&lt;lambda&gt;34]" time="0.0004487037658691406"><skipped message="Suite splitting in effect" type="pytest.skip">src/pymortests/operators.py:151: Suite splitting in effect</skipped></testcase><testcase classname="src.pymortests.operators" file="src/pymortests/operators.py" line="151" name="test_apply_adjoint_2[&lt;lambda&gt;35]" time="0.0007746219635009766"><skipped message="Suite splitting in effect" type="pytest.skip">src/pymortests/operators.py:151: Suite splitting in effect</skipped></testcase><testcase classname="src.pymortests.operators" file="src/pymortests/operators.py" line="151" name="test_apply_adjoint_2[&lt;lambda&gt;36]" time="0.0004696846008300781"><skipped message="Suite splitting in effect" type="pytest.skip">src/pymortests/operators.py:151: Suite splitting in effect</skipped></testcase><testcase classname="src.pymortests.operators" file="src/pymortests/operators.py" line="151" name="test_apply_adjoint_2[&lt;lambda&gt;37]" time="0.0004608631134033203"><skipped message="Suite splitting in effect" type="pytest.skip">src/pymortests/operators.py:151: Suite splitting in effect</skipped></testcase><testcase classname="src.pymortests.operators" file="src/pymortests/operators.py" line="151" name="test_apply_adjoint_2[&lt;lambda&gt;38]" time="0.0004489421844482422"><skipped message="Suite splitting in effect" type="pytest.skip">src/pymortests/operators.py:151: Suite splitting in effect</skipped></testcase><testcase classname="src.pymortests.operators" file="src/pymortests/operators.py" line="151" name="test_apply_adjoint_2[&lt;lambda&gt;39]" time="0.00044083595275878906"><skipped message="Suite splitting in effect" type="pytest.skip">src/pymortests/operators.py:151: Suite splitting in effect</skipped></testcase><testcase classname="src.pymortests.operators" file="src/pymortests/operators.py" line="151" name="test_apply_adjoint_2[&lt;lambda&gt;40]" time="0.00046062469482421875"><skipped message="Suite splitting in effect" type="pytest.skip">src/pymortests/operators.py:151: Suite splitting in effect</skipped></testcase><testcase classname="src.pymortests.operators" file="src/pymortests/operators.py" line="162" name="test_H[&lt;lambda&gt;0]" time="0.00047469139099121094"><skipped message="Suite splitting in effect" type="pytest.skip">src/pymortests/operators.py:162: Suite splitting in effect</skipped></testcase><testcase classname="src.pymortests.operators" file="src/pymortests/operators.py" line="162" name="test_H[&lt;lambda&gt;1]" time="0.00045990943908691406"><skipped message="Suite splitting in effect" type="pytest.skip">src/pymortests/operators.py:162: Suite splitting in effect</skipped></testcase><testcase classname="src.pymortests.operators" file="src/pymortests/operators.py" line="162" name="test_H[&lt;lambda&gt;2]" time="0.0007605552673339844"><skipped message="Suite splitting in effect" type="pytest.skip">src/pymortests/operators.py:162: Suite splitting in effect</skipped></testcase><testcase classname="src.pymortests.operators" file="src/pymortests/operators.py" line="162" name="test_H[&lt;lambda&gt;3]" time="0.0004239082336425781"><skipped message="Suite splitting in effect" type="pytest.skip">src/pymortests/operators.py:162: Suite splitting in effect</skipped></testcase><testcase classname="src.pymortests.operators" file="src/pymortests/operators.py" line="162" name="test_H[&lt;lambda&gt;4]" time="0.0004360675811767578"><skipped message="Suite splitting in effect" type="pytest.skip">src/pymortests/operators.py:162: Suite splitting in effect</skipped></testcase><testcase classname="src.pymortests.operators" file="src/pymortests/operators.py" line="162" name="test_H[&lt;lambda&gt;5]" time="0.00045180320739746094"><skipped message="Suite splitting in effect" type="pytest.skip">src/pymortests/operators.py:162: Suite splitting in effect</skipped></testcase><testcase classname="src.pymortests.operators" file="src/pymortests/operators.py" line="162" name="test_H[&lt;lambda&gt;6]" time="0.0004570484161376953"><skipped message="Suite splitting in effect" type="pytest.skip">src/pymortests/operators.py:162: Suite splitting in effect</skipped></testcase><testcase classname="src.pymortests.operators" file="src/pymortests/operators.py" line="162" name="test_H[&lt;lambda&gt;7]" time="0.0005052089691162109"><skipped message="Suite splitting in effect" type="pytest.skip">src/pymortests/operators.py:162: Suite splitting in effect</skipped></testcase><testcase classname="src.pymortests.operators" file="src/pymortests/operators.py" line="162" name="test_H[&lt;lambda&gt;8]" time="0.00045228004455566406"><skipped message="Suite splitting in effect" type="pytest.skip">src/pymortests/operators.py:162: Suite splitting in effect</skipped></testcase><testcase classname="src.pymortests.operators" file="src/pymortests/operators.py" line="162" name="test_H[&lt;lambda&gt;9]" time="0.0004639625549316406"><skipped message="Suite splitting in effect" type="pytest.skip">src/pymortests/operators.py:162: Suite splitting in effect</skipped></testcase><testcase classname="src.pymortests.operators" file="src/pymortests/operators.py" line="162" name="test_H[&lt;lambda&gt;10]" time="0.0007817745208740234"><skipped message="Suite splitting in effect" type="pytest.skip">src/pymortests/operators.py:162: Suite splitting in effect</skipped></testcase><testcase classname="src.pymortests.operators" file="src/pymortests/operators.py" line="162" name="test_H[&lt;lambda&gt;11]" time="0.000457763671875"><skipped message="Suite splitting in effect" type="pytest.skip">src/pymortests/operators.py:162: Suite splitting in effect</skipped></testcase><testcase classname="src.pymortests.operators" file="src/pymortests/operators.py" line="162" name="test_H[&lt;lambda&gt;12]" time="0.0004763603210449219"><skipped message="Suite splitting in effect" type="pytest.skip">src/pymortests/operators.py:162: Suite splitting in effect</skipped></testcase><testcase classname="src.pymortests.operators" file="src/pymortests/operators.py" line="162" name="test_H[&lt;lambda&gt;13]" time="0.0004584789276123047"><skipped message="Suite splitting in effect" type="pytest.skip">src/pymortests/operators.py:162: Suite splitting in effect</skipped></testcase><testcase classname="src.pymortests.operators" file="src/pymortests/operators.py" line="162" name="test_H[&lt;lambda&gt;14]" time="0.00045871734619140625"><skipped message="Suite splitting in effect" type="pytest.skip">src/pymortests/operators.py:162: Suite splitting in effect</skipped></testcase><testcase classname="src.pymortests.operators" file="src/pymortests/operators.py" line="162" name="test_H[&lt;lambda&gt;15]" time="0.0004608631134033203"><skipped message="Suite splitting in effect" type="pytest.skip">src/pymortests/operators.py:162: Suite splitting in effect</skipped></testcase><testcase classname="src.pymortests.operators" file="src/pymortests/operators.py" line="162" name="test_H[&lt;lambda&gt;16]" time="0.0004372596740722656"><skipped message="Suite splitting in effect" type="pytest.skip">src/pymortests/operators.py:162: Suite splitting in effect</skipped></testcase><testcase classname="src.pymortests.operators" file="src/pymortests/operators.py" line="162" name="test_H[&lt;lambda&gt;17]" time="0.00042939186096191406"><skipped message="Suite splitting in effect" type="pytest.skip">src/pymortests/operators.py:162: Suite splitting in effect</skipped></testcase><testcase classname="src.pymortests.operators" file="src/pymortests/operators.py" line="162" name="test_H[&lt;lambda&gt;18]" time="0.0007677078247070312"><skipped message="Suite splitting in effect" type="pytest.skip">src/pymortests/operators.py:162: Suite splitting in effect</skipped></testcase><testcase classname="src.pymortests.operators" file="src/pymortests/operators.py" line="162" name="test_H[&lt;lambda&gt;19]" time="0.0004432201385498047"><skipped message="Suite splitting in effect" type="pytest.skip">src/pymortests/operators.py:162: Suite splitting in effect</skipped></testcase><testcase classname="src.pymortests.operators" file="src/pymortests/operators.py" line="162" name="test_H[&lt;lambda&gt;20]" time="0.0004661083221435547"><skipped message="Suite splitting in effect" type="pytest.skip">src/pymortests/operators.py:162: Suite splitting in effect</skipped></testcase><testcase classname="src.pymortests.operators" file="src/pymortests/operators.py" line="162" name="test_H[&lt;lambda&gt;21]" time="0.0004706382751464844"><skipped message="Suite splitting in effect" type="pytest.skip">src/pymortests/operators.py:162: Suite splitting in effect</skipped></testcase><testcase classname="src.pymortests.operators" file="src/pymortests/operators.py" line="162" name="test_H[&lt;lambda&gt;22]" time="0.00045418739318847656"><skipped message="Suite splitting in effect" type="pytest.skip">src/pymortests/operators.py:162: Suite splitting in effect</skipped></testcase><testcase classname="src.pymortests.operators" file="src/pymortests/operators.py" line="162" name="test_H[&lt;lambda&gt;23]" time="0.0004494190216064453"><skipped message="Suite splitting in effect" type="pytest.skip">src/pymortests/operators.py:162: Suite splitting in effect</skipped></testcase><testcase classname="src.pymortests.operators" file="src/pymortests/operators.py" line="162" name="test_H[&lt;lambda&gt;24]" time="0.00046133995056152344"><skipped message="Suite splitting in effect" type="pytest.skip">src/pymortests/operators.py:162: Suite splitting in effect</skipped></testcase><testcase classname="src.pymortests.operators" file="src/pymortests/operators.py" line="162" name="test_H[&lt;lambda&gt;25]" time="0.0004487037658691406"><skipped message="Suite splitting in effect" type="pytest.skip">src/pymortests/operators.py:162: Suite splitting in effect</skipped></testcase><testcase classname="src.pymortests.operators" file="src/pymortests/operators.py" line="162" name="test_H[&lt;lambda&gt;26]" time="0.0007510185241699219"><skipped message="Suite splitting in effect" type="pytest.skip">src/pymortests/operators.py:162: Suite splitting in effect</skipped></testcase><testcase classname="src.pymortests.operators" file="src/pymortests/operators.py" line="162" name="test_H[&lt;lambda&gt;27]" time="0.00044655799865722656"><skipped message="Suite splitting in effect" type="pytest.skip">src/pymortests/operators.py:162: Suite splitting in effect</skipped></testcase><testcase classname="src.pymortests.operators" file="src/pymortests/operators.py" line="162" name="test_H[&lt;lambda&gt;28]" time="0.0004527568817138672"><skipped message="Suite splitting in effect" type="pytest.skip">src/pymortests/operators.py:162: Suite splitting in effect</skipped></testcase><testcase classname="src.pymortests.operators" file="src/pymortests/operators.py" line="162" name="test_H[&lt;lambda&gt;29]" time="0.0004558563232421875"><skipped message="Suite splitting in effect" type="pytest.skip">src/pymortests/operators.py:162: Suite splitting in effect</skipped></testcase><testcase classname="src.pymortests.operators" file="src/pymortests/operators.py" line="162" name="test_H[&lt;lambda&gt;30]" time="0.0004513263702392578"><skipped message="Suite splitting in effect" type="pytest.skip">src/pymortests/operators.py:162: Suite splitting in effect</skipped></testcase><testcase classname="src.pymortests.operators" file="src/pymortests/operators.py" line="162" name="test_H[&lt;lambda&gt;31]" time="0.0004887580871582031"><skipped message="Suite splitting in effect" type="pytest.skip">src/pymortests/operators.py:162: Suite splitting in effect</skipped></testcase><testcase classname="src.pymortests.operators" file="src/pymortests/operators.py" line="162" name="test_H[&lt;lambda&gt;32]" time="0.0004515647888183594"><skipped message="Suite splitting in effect" type="pytest.skip">src/pymortests/operators.py:162: Suite splitting in effect</skipped></testcase><testcase classname="src.pymortests.operators" file="src/pymortests/operators.py" line="162" name="test_H[&lt;lambda&gt;33]" time="0.00046181678771972656"><skipped message="Suite splitting in effect" type="pytest.skip">src/pymortests/operators.py:162: Suite splitting in effect</skipped></testcase><testcase classname="src.pymortests.operators" file="src/pymortests/operators.py" line="162" name="test_H[&lt;lambda&gt;34]" time="0.0007772445678710938"><skipped message="Suite splitting in effect" type="pytest.skip">src/pymortests/operators.py:162: Suite splitting in effect</skipped></testcase><testcase classname="src.pymortests.operators" file="src/pymortests/operators.py" line="162" name="test_H[&lt;lambda&gt;35]" time="0.00044083595275878906"><skipped message="Suite splitting in effect" type="pytest.skip">src/pymortests/operators.py:162: Suite splitting in effect</skipped></testcase><testcase classname="src.pymortests.operators" file="src/pymortests/operators.py" line="162" name="test_H[&lt;lambda&gt;36]" time="0.0004832744598388672"><skipped message="Suite splitting in effect" type="pytest.skip">src/pymortests/operators.py:162: Suite splitting in effect</skipped></testcase><testcase classname="src.pymortests.operators" file="src/pymortests/operators.py" line="162" name="test_H[&lt;lambda&gt;37]" time="0.0004744529724121094"><skipped message="Suite splitting in effect" type="pytest.skip">src/pymortests/operators.py:162: Suite splitting in effect</skipped></testcase><testcase classname="src.pymortests.operators" file="src/pymortests/operators.py" line="162" name="test_H[&lt;lambda&gt;38]" time="0.00046563148498535156"><skipped message="Suite splitting in effect" type="pytest.skip">src/pymortests/operators.py:162: Suite splitting in effect</skipped></testcase><testcase classname="src.pymortests.operators" file="src/pymortests/operators.py" line="162" name="test_H[&lt;lambda&gt;39]" time="0.00044918060302734375"><skipped message="Suite splitting in effect" type="pytest.skip">src/pymortests/operators.py:162: Suite splitting in effect</skipped></testcase><testcase classname="src.pymortests.operators" file="src/pymortests/operators.py" line="162" name="test_H[&lt;lambda&gt;40]" time="0.0004994869232177734"><skipped message="Suite splitting in effect" type="pytest.skip">src/pymortests/operators.py:162: Suite splitting in effect</skipped></testcase><testcase classname="src.pymortests.operators" file="src/pymortests/operators.py" line="173" name="test_apply_inverse[&lt;lambda&gt;0]" time="0.0004477500915527344"><skipped message="Suite splitting in effect" type="pytest.skip">src/pymortests/operators.py:173: Suite splitting in effect</skipped></testcase><testcase classname="src.pymortests.operators" file="src/pymortests/operators.py" line="173" name="test_apply_inverse[&lt;lambda&gt;1]" time="0.0007665157318115234"><skipped message="Suite splitting in effect" type="pytest.skip">src/pymortests/operators.py:173: Suite splitting in effect</skipped></testcase><testcase classname="src.pymortests.operators" file="src/pymortests/operators.py" line="173" name="test_apply_inverse[&lt;lambda&gt;2]" time="0.00047016143798828125"><skipped message="Suite splitting in effect" type="pytest.skip">src/pymortests/operators.py:173: Suite splitting in effect</skipped></testcase><testcase classname="src.pymortests.operators" file="src/pymortests/operators.py" line="173" name="test_apply_inverse[&lt;lambda&gt;3]" time="0.00043654441833496094"><skipped message="Suite splitting in effect" type="pytest.skip">src/pymortests/operators.py:173: Suite splitting in effect</skipped></testcase><testcase classname="src.pymortests.operators" file="src/pymortests/operators.py" line="173" name="test_apply_inverse[&lt;lambda&gt;4]" time="0.00046443939208984375"><skipped message="Suite splitting in effect" type="pytest.skip">src/pymortests/operators.py:173: Suite splitting in effect</skipped></testcase><testcase classname="src.pymortests.operators" file="src/pymortests/operators.py" line="173" name="test_apply_inverse[&lt;lambda&gt;5]" time="0.0004608631134033203"><skipped message="Suite splitting in effect" type="pytest.skip">src/pymortests/operators.py:173: Suite splitting in effect</skipped></testcase><testcase classname="src.pymortests.operators" file="src/pymortests/operators.py" line="173" name="test_apply_inverse[&lt;lambda&gt;6]" time="0.0004937648773193359"><skipped message="Suite splitting in effect" type="pytest.skip">src/pymortests/operators.py:173: Suite splitting in effect</skipped></testcase><testcase classname="src.pymortests.operators" file="src/pymortests/operators.py" line="173" name="test_apply_inverse[&lt;lambda&gt;7]" time="0.00044655799865722656"><skipped message="Suite splitting in effect" type="pytest.skip">src/pymortests/operators.py:173: Suite splitting in effect</skipped></testcase><testcase classname="src.pymortests.operators" file="src/pymortests/operators.py" line="173" name="test_apply_inverse[&lt;lambda&gt;8]" time="0.0004525184631347656"><skipped message="Suite splitting in effect" type="pytest.skip">src/pymortests/operators.py:173: Suite splitting in effect</skipped></testcase><testcase classname="src.pymortests.operators" file="src/pymortests/operators.py" line="173" name="test_apply_inverse[&lt;lambda&gt;9]" time="0.0009338855743408203"><skipped message="Suite splitting in effect" type="pytest.skip">src/pymortests/operators.py:173: Suite splitting in effect</skipped></testcase><testcase classname="src.pymortests.operators" file="src/pymortests/operators.py" line="173" name="test_apply_inverse[&lt;lambda&gt;10]" time="0.0004780292510986328"><skipped message="Suite splitting in effect" type="pytest.skip">src/pymortests/operators.py:173: Suite splitting in effect</skipped></testcase><testcase classname="src.pymortests.operators" file="src/pymortests/operators.py" line="173" name="test_apply_inverse[&lt;lambda&gt;11]" time="0.0004830360412597656"><skipped message="Suite splitting in effect" type="pytest.skip">src/pymortests/operators.py:173: Suite splitting in effect</skipped></testcase><testcase classname="src.pymortests.operators" file="src/pymortests/operators.py" line="173" name="test_apply_inverse[&lt;lambda&gt;12]" time="0.0004367828369140625"><skipped message="Suite splitting in effect" type="pytest.skip">src/pymortests/operators.py:173: Suite splitting in effect</skipped></testcase><testcase classname="src.pymortests.operators" file="src/pymortests/operators.py" line="173" name="test_apply_inverse[&lt;lambda&gt;13]" time="0.00048351287841796875"><skipped message="Suite splitting in effect" type="pytest.skip">src/pymortests/operators.py:173: Suite splitting in effect</skipped></testcase><testcase classname="src.pymortests.operators" file="src/pymortests/operators.py" line="173" name="test_apply_inverse[&lt;lambda&gt;14]" time="0.0004718303680419922"><skipped message="Suite splitting in effect" type="pytest.skip">src/pymortests/operators.py:173: Suite splitting in effect</skipped></testcase><testcase classname="src.pymortests.operators" file="src/pymortests/operators.py" line="173" name="test_apply_inverse[&lt;lambda&gt;15]" time="0.0004527568817138672"><skipped message="Suite splitting in effect" type="pytest.skip">src/pymortests/operators.py:173: Suite splitting in effect</skipped></testcase><testcase classname="src.pymortests.operators" file="src/pymortests/operators.py" line="173" name="test_apply_inverse[&lt;lambda&gt;16]" time="0.0004420280456542969"><skipped message="Suite splitting in effect" type="pytest.skip">src/pymortests/operators.py:173: Suite splitting in effect</skipped></testcase><testcase classname="src.pymortests.operators" file="src/pymortests/operators.py" line="173" name="test_apply_inverse[&lt;lambda&gt;17]" time="0.0007519721984863281"><skipped message="Suite splitting in effect" type="pytest.skip">src/pymortests/operators.py:173: Suite splitting in effect</skipped></testcase><testcase classname="src.pymortests.operators" file="src/pymortests/operators.py" line="173" name="test_apply_inverse[&lt;lambda&gt;18]" time="0.0004639625549316406"><skipped message="Suite splitting in effect" type="pytest.skip">src/pymortests/operators.py:173: Suite splitting in effect</skipped></testcase><testcase classname="src.pymortests.operators" file="src/pymortests/operators.py" line="173" name="test_apply_inverse[&lt;lambda&gt;19]" time="0.00045752525329589844"><skipped message="Suite splitting in effect" type="pytest.skip">src/pymortests/operators.py:173: Suite splitting in effect</skipped></testcase><testcase classname="src.pymortests.operators" file="src/pymortests/operators.py" line="173" name="test_apply_inverse[&lt;lambda&gt;20]" time="0.00047016143798828125"><skipped message="Suite splitting in effect" type="pytest.skip">src/pymortests/operators.py:173: Suite splitting in effect</skipped></testcase><testcase classname="src.pymortests.operators" file="src/pymortests/operators.py" line="173" name="test_apply_inverse[&lt;lambda&gt;21]" time="0.0004534721374511719"><skipped message="Suite splitting in effect" type="pytest.skip">src/pymortests/operators.py:173: Suite splitting in effect</skipped></testcase><testcase classname="src.pymortests.operators" file="src/pymortests/operators.py" line="173" name="test_apply_inverse[&lt;lambda&gt;22]" time="0.0004773139953613281"><skipped message="Suite splitting in effect" type="pytest.skip">src/pymortests/operators.py:173: Suite splitting in effect</skipped></testcase><testcase classname="src.pymortests.operators" file="src/pymortests/operators.py" line="173" name="test_apply_inverse[&lt;lambda&gt;23]" time="0.00045108795166015625"><skipped message="Suite splitting in effect" type="pytest.skip">src/pymortests/operators.py:173: Suite splitting in effect</skipped></testcase><testcase classname="src.pymortests.operators" file="src/pymortests/operators.py" line="173" name="test_apply_inverse[&lt;lambda&gt;24]" time="0.0004456043243408203"><skipped message="Suite splitting in effect" type="pytest.skip">src/pymortests/operators.py:173: Suite splitting in effect</skipped></testcase><testcase classname="src.pymortests.operators" file="src/pymortests/operators.py" line="173" name="test_apply_inverse[&lt;lambda&gt;25]" time="0.0007643699645996094"><skipped message="Suite splitting in effect" type="pytest.skip">src/pymortests/operators.py:173: Suite splitting in effect</skipped></testcase><testcase classname="src.pymortests.operators" file="src/pymortests/operators.py" line="173" name="test_apply_inverse[&lt;lambda&gt;26]" time="0.0004639625549316406"><skipped message="Suite splitting in effect" type="pytest.skip">src/pymortests/operators.py:173: Suite splitting in effect</skipped></testcase><testcase classname="src.pymortests.operators" file="src/pymortests/operators.py" line="173" name="test_apply_inverse[&lt;lambda&gt;27]" time="0.0004715919494628906"><skipped message="Suite splitting in effect" type="pytest.skip">src/pymortests/operators.py:173: Suite splitting in effect</skipped></testcase><testcase classname="src.pymortests.operators" file="src/pymortests/operators.py" line="173" name="test_apply_inverse[&lt;lambda&gt;28]" time="0.0004622936248779297"><skipped message="Suite splitting in effect" type="pytest.skip">src/pymortests/operators.py:173: Suite splitting in effect</skipped></testcase><testcase classname="src.pymortests.operators" file="src/pymortests/operators.py" line="173" name="test_apply_inverse[&lt;lambda&gt;29]" time="0.0004916191101074219"><skipped message="Suite splitting in effect" type="pytest.skip">src/pymortests/operators.py:173: Suite splitting in effect</skipped></testcase><testcase classname="src.pymortests.operators" file="src/pymortests/operators.py" line="173" name="test_apply_inverse[&lt;lambda&gt;30]" time="0.00044226646423339844"><skipped message="Suite splitting in effect" type="pytest.skip">src/pymortests/operators.py:173: Suite splitting in effect</skipped></testcase><testcase classname="src.pymortests.operators" file="src/pymortests/operators.py" line="173" name="test_apply_inverse[&lt;lambda&gt;31]" time="0.0004696846008300781"><skipped message="Suite splitting in effect" type="pytest.skip">src/pymortests/operators.py:173: Suite splitting in effect</skipped></testcase><testcase classname="src.pymortests.operators" file="src/pymortests/operators.py" line="173" name="test_apply_inverse[&lt;lambda&gt;32]" time="0.00047135353088378906"><skipped message="Suite splitting in effect" type="pytest.skip">src/pymortests/operators.py:173: Suite splitting in effect</skipped></testcase><testcase classname="src.pymortests.operators" file="src/pymortests/operators.py" line="173" name="test_apply_inverse[&lt;lambda&gt;33]" time="0.0010037422180175781"><skipped message="Suite splitting in effect" type="pytest.skip">src/pymortests/operators.py:173: Suite splitting in effect</skipped></testcase><testcase classname="src.pymortests.operators" file="src/pymortests/operators.py" line="173" name="test_apply_inverse[&lt;lambda&gt;34]" time="0.00044536590576171875"><skipped message="Suite splitting in effect" type="pytest.skip">src/pymortests/operators.py:173: Suite splitting in effect</skipped></testcase><testcase classname="src.pymortests.operators" file="src/pymortests/operators.py" line="173" name="test_apply_inverse[&lt;lambda&gt;35]" time="0.00044035911560058594"><skipped message="Suite splitting in effect" type="pytest.skip">src/pymortests/operators.py:173: Suite splitting in effect</skipped></testcase><testcase classname="src.pymortests.operators" file="src/pymortests/operators.py" line="173" name="test_apply_inverse[&lt;lambda&gt;36]" time="0.00045228004455566406"><skipped message="Suite splitting in effect" type="pytest.skip">src/pymortests/operators.py:173: Suite splitting in effect</skipped></testcase><testcase classname="src.pymortests.operators" file="src/pymortests/operators.py" line="173" name="test_apply_inverse[&lt;lambda&gt;37]" time="0.00046443939208984375"><skipped message="Suite splitting in effect" type="pytest.skip">src/pymortests/operators.py:173: Suite splitting in effect</skipped></testcase><testcase classname="src.pymortests.operators" file="src/pymortests/operators.py" line="173" name="test_apply_inverse[&lt;lambda&gt;38]" time="0.0004482269287109375"><skipped message="Suite splitting in effect" type="pytest.skip">src/pymortests/operators.py:173: Suite splitting in effect</skipped></testcase><testcase classname="src.pymortests.operators" file="src/pymortests/operators.py" line="173" name="test_apply_inverse[&lt;lambda&gt;39]" time="0.00043964385986328125"><skipped message="Suite splitting in effect" type="pytest.skip">src/pymortests/operators.py:173: Suite splitting in effect</skipped></testcase><testcase classname="src.pymortests.operators" file="src/pymortests/operators.py" line="173" name="test_apply_inverse[&lt;lambda&gt;40]" time="0.00047087669372558594"><skipped message="Suite splitting in effect" type="pytest.skip">src/pymortests/operators.py:173: Suite splitting in effect</skipped></testcase><testcase classname="src.pymortests.operators" file="src/pymortests/operators.py" line="186" name="test_apply_inverse_adjoint[&lt;lambda&gt;0]" time="0.0007889270782470703"><skipped message="Suite splitting in effect" type="pytest.skip">src/pymortests/operators.py:186: Suite splitting in effect</skipped></testcase><testcase classname="src.pymortests.operators" file="src/pymortests/operators.py" line="186" name="test_apply_inverse_adjoint[&lt;lambda&gt;1]" time="0.00048160552978515625"><skipped message="Suite splitting in effect" type="pytest.skip">src/pymortests/operators.py:186: Suite splitting in effect</skipped></testcase><testcase classname="src.pymortests.operators" file="src/pymortests/operators.py" line="186" name="test_apply_inverse_adjoint[&lt;lambda&gt;2]" time="0.0004467964172363281"><skipped message="Suite splitting in effect" type="pytest.skip">src/pymortests/operators.py:186: Suite splitting in effect</skipped></testcase><testcase classname="src.pymortests.operators" file="src/pymortests/operators.py" line="186" name="test_apply_inverse_adjoint[&lt;lambda&gt;3]" time="0.0004975795745849609"><skipped message="Suite splitting in effect" type="pytest.skip">src/pymortests/operators.py:186: Suite splitting in effect</skipped></testcase><testcase classname="src.pymortests.operators" file="src/pymortests/operators.py" line="186" name="test_apply_inverse_adjoint[&lt;lambda&gt;4]" time="0.0004620552062988281"><skipped message="Suite splitting in effect" type="pytest.skip">src/pymortests/operators.py:186: Suite splitting in effect</skipped></testcase><testcase classname="src.pymortests.operators" file="src/pymortests/operators.py" line="186" name="test_apply_inverse_adjoint[&lt;lambda&gt;5]" time="0.00048804283142089844"><skipped message="Suite splitting in effect" type="pytest.skip">src/pymortests/operators.py:186: Suite splitting in effect</skipped></testcase><testcase classname="src.pymortests.operators" file="src/pymortests/operators.py" line="186" name="test_apply_inverse_adjoint[&lt;lambda&gt;6]" time="0.0004534721374511719"><skipped message="Suite splitting in effect" type="pytest.skip">src/pymortests/operators.py:186: Suite splitting in effect</skipped></testcase><testcase classname="src.pymortests.operators" file="src/pymortests/operators.py" line="186" name="test_apply_inverse_adjoint[&lt;lambda&gt;7]" time="0.0004444122314453125"><skipped message="Suite splitting in effect" type="pytest.skip">src/pymortests/operators.py:186: Suite splitting in effect</skipped></testcase><testcase classname="src.pymortests.operators" file="src/pymortests/operators.py" line="186" name="test_apply_inverse_adjoint[&lt;lambda&gt;8]" time="0.0007584095001220703"><skipped message="Suite splitting in effect" type="pytest.skip">src/pymortests/operators.py:186: Suite splitting in effect</skipped></testcase><testcase classname="src.pymortests.operators" file="src/pymortests/operators.py" line="186" name="test_apply_inverse_adjoint[&lt;lambda&gt;9]" time="0.0004684925079345703"><skipped message="Suite splitting in effect" type="pytest.skip">src/pymortests/operators.py:186: Suite splitting in effect</skipped></testcase><testcase classname="src.pymortests.operators" file="src/pymortests/operators.py" line="186" name="test_apply_inverse_adjoint[&lt;lambda&gt;10]" time="0.0004546642303466797"><skipped message="Suite splitting in effect" type="pytest.skip">src/pymortests/operators.py:186: Suite splitting in effect</skipped></testcase><testcase classname="src.pymortests.operators" file="src/pymortests/operators.py" line="186" name="test_apply_inverse_adjoint[&lt;lambda&gt;11]" time="0.0004534721374511719"><skipped message="Suite splitting in effect" type="pytest.skip">src/pymortests/operators.py:186: Suite splitting in effect</skipped></testcase><testcase classname="src.pymortests.operators" file="src/pymortests/operators.py" line="186" name="test_apply_inverse_adjoint[&lt;lambda&gt;12]" time="0.0004417896270751953"><skipped message="Suite splitting in effect" type="pytest.skip">src/pymortests/operators.py:186: Suite splitting in effect</skipped></testcase><testcase classname="src.pymortests.operators" file="src/pymortests/operators.py" line="186" name="test_apply_inverse_adjoint[&lt;lambda&gt;13]" time="0.0004487037658691406"><skipped message="Suite splitting in effect" type="pytest.skip">src/pymortests/operators.py:186: Suite splitting in effect</skipped></testcase><testcase classname="src.pymortests.operators" file="src/pymortests/operators.py" line="186" name="test_apply_inverse_adjoint[&lt;lambda&gt;14]" time="0.0005040168762207031"><skipped message="Suite splitting in effect" type="pytest.skip">src/pymortests/operators.py:186: Suite splitting in effect</skipped></testcase><testcase classname="src.pymortests.operators" file="src/pymortests/operators.py" line="186" name="test_apply_inverse_adjoint[&lt;lambda&gt;15]" time="0.0004622936248779297"><skipped message="Suite splitting in effect" type="pytest.skip">src/pymortests/operators.py:186: Suite splitting in effect</skipped></testcase><testcase classname="src.pymortests.operators" file="src/pymortests/operators.py" line="186" name="test_apply_inverse_adjoint[&lt;lambda&gt;16]" time="0.0008392333984375"><skipped message="Suite splitting in effect" type="pytest.skip">src/pymortests/operators.py:186: Suite splitting in effect</skipped></testcase><testcase classname="src.pymortests.operators" file="src/pymortests/operators.py" line="186" name="test_apply_inverse_adjoint[&lt;lambda&gt;17]" time="0.0004546642303466797"><skipped message="Suite splitting in effect" type="pytest.skip">src/pymortests/operators.py:186: Suite splitting in effect</skipped></testcase><testcase classname="src.pymortests.operators" file="src/pymortests/operators.py" line="186" name="test_apply_inverse_adjoint[&lt;lambda&gt;18]" time="0.0004792213439941406"><skipped message="Suite splitting in effect" type="pytest.skip">src/pymortests/operators.py:186: Suite splitting in effect</skipped></testcase><testcase classname="src.pymortests.operators" file="src/pymortests/operators.py" line="186" name="test_apply_inverse_adjoint[&lt;lambda&gt;19]" time="0.0004677772521972656"><skipped message="Suite splitting in effect" type="pytest.skip">src/pymortests/operators.py:186: Suite splitting in effect</skipped></testcase><testcase classname="src.pymortests.operators" file="src/pymortests/operators.py" line="186" name="test_apply_inverse_adjoint[&lt;lambda&gt;20]" time="0.00045561790466308594"><skipped message="Suite splitting in effect" type="pytest.skip">src/pymortests/operators.py:186: Suite splitting in effect</skipped></testcase><testcase classname="src.pymortests.operators" file="src/pymortests/operators.py" line="186" name="test_apply_inverse_adjoint[&lt;lambda&gt;21]" time="0.0004553794860839844"><skipped message="Suite splitting in effect" type="pytest.skip">src/pymortests/operators.py:186: Suite splitting in effect</skipped></testcase><testcase classname="src.pymortests.operators" file="src/pymortests/operators.py" line="186" name="test_apply_inverse_adjoint[&lt;lambda&gt;22]" time="0.00043654441833496094"><skipped message="Suite splitting in effect" type="pytest.skip">src/pymortests/operators.py:186: Suite splitting in effect</skipped></testcase><testcase classname="src.pymortests.operators" file="src/pymortests/operators.py" line="186" name="test_apply_inverse_adjoint[&lt;lambda&gt;23]" time="0.0004355907440185547"><skipped message="Suite splitting in effect" type="pytest.skip">src/pymortests/operators.py:186: Suite splitting in effect</skipped></testcase><testcase classname="src.pymortests.operators" file="src/pymortests/operators.py" line="186" name="test_apply_inverse_adjoint[&lt;lambda&gt;24]" time="0.0007596015930175781"><skipped message="Suite splitting in effect" type="pytest.skip">src/pymortests/operators.py:186: Suite splitting in effect</skipped></testcase><testcase classname="src.pymortests.operators" file="src/pymortests/operators.py" line="186" name="test_apply_inverse_adjoint[&lt;lambda&gt;25]" time="0.00042629241943359375"><skipped message="Suite splitting in effect" type="pytest.skip">src/pymortests/operators.py:186: Suite splitting in effect</skipped></testcase><testcase classname="src.pymortests.operators" file="src/pymortests/operators.py" line="186" name="test_apply_inverse_adjoint[&lt;lambda&gt;26]" time="0.0004341602325439453"><skipped message="Suite splitting in effect" type="pytest.skip">src/pymortests/operators.py:186: Suite splitting in effect</skipped></testcase><testcase classname="src.pymortests.operators" file="src/pymortests/operators.py" line="186" name="test_apply_inverse_adjoint[&lt;lambda&gt;27]" time="0.00042176246643066406"><skipped message="Suite splitting in effect" type="pytest.skip">src/pymortests/operators.py:186: Suite splitting in effect</skipped></testcase><testcase classname="src.pymortests.operators" file="src/pymortests/operators.py" line="186" name="test_apply_inverse_adjoint[&lt;lambda&gt;28]" time="0.00042319297790527344"><skipped message="Suite splitting in effect" type="pytest.skip">src/pymortests/operators.py:186: Suite splitting in effect</skipped></testcase><testcase classname="src.pymortests.operators" file="src/pymortests/operators.py" line="186" name="test_apply_inverse_adjoint[&lt;lambda&gt;29]" time="0.0004315376281738281"><skipped message="Suite splitting in effect" type="pytest.skip">src/pymortests/operators.py:186: Suite splitting in effect</skipped></testcase><testcase classname="src.pymortests.operators" file="src/pymortests/operators.py" line="186" name="test_apply_inverse_adjoint[&lt;lambda&gt;30]" time="0.00044918060302734375"><skipped message="Suite splitting in effect" type="pytest.skip">src/pymortests/operators.py:186: Suite splitting in effect</skipped></testcase><testcase classname="src.pymortests.operators" file="src/pymortests/operators.py" line="186" name="test_apply_inverse_adjoint[&lt;lambda&gt;31]" time="0.0004482269287109375"><skipped message="Suite splitting in effect" type="pytest.skip">src/pymortests/operators.py:186: Suite splitting in effect</skipped></testcase><testcase classname="src.pymortests.operators" file="src/pymortests/operators.py" line="186" name="test_apply_inverse_adjoint[&lt;lambda&gt;32]" time="0.0007758140563964844"><skipped message="Suite splitting in effect" type="pytest.skip">src/pymortests/operators.py:186: Suite splitting in effect</skipped></testcase><testcase classname="src.pymortests.operators" file="src/pymortests/operators.py" line="186" name="test_apply_inverse_adjoint[&lt;lambda&gt;33]" time="0.0004260540008544922"><skipped message="Suite splitting in effect" type="pytest.skip">src/pymortests/operators.py:186: Suite splitting in effect</skipped></testcase><testcase classname="src.pymortests.operators" file="src/pymortests/operators.py" line="186" name="test_apply_inverse_adjoint[&lt;lambda&gt;34]" time="0.0004239082336425781"><skipped message="Suite splitting in effect" type="pytest.skip">src/pymortests/operators.py:186: Suite splitting in effect</skipped></testcase><testcase classname="src.pymortests.operators" file="src/pymortests/operators.py" line="186" name="test_apply_inverse_adjoint[&lt;lambda&gt;35]" time="0.0004317760467529297"><skipped message="Suite splitting in effect" type="pytest.skip">src/pymortests/operators.py:186: Suite splitting in effect</skipped></testcase><testcase classname="src.pymortests.operators" file="src/pymortests/operators.py" line="186" name="test_apply_inverse_adjoint[&lt;lambda&gt;36]" time="0.0004227161407470703"><skipped message="Suite splitting in effect" type="pytest.skip">src/pymortests/operators.py:186: Suite splitting in effect</skipped></testcase><testcase classname="src.pymortests.operators" file="src/pymortests/operators.py" line="186" name="test_apply_inverse_adjoint[&lt;lambda&gt;37]" time="0.0004277229309082031"><skipped message="Suite splitting in effect" type="pytest.skip">src/pymortests/operators.py:186: Suite splitting in effect</skipped></testcase><testcase classname="src.pymortests.operators" file="src/pymortests/operators.py" line="186" name="test_apply_inverse_adjoint[&lt;lambda&gt;38]" time="0.0004189014434814453"><skipped message="Suite splitting in effect" type="pytest.skip">src/pymortests/operators.py:186: Suite splitting in effect</skipped></testcase><testcase classname="src.pymortests.operators" file="src/pymortests/operators.py" line="186" name="test_apply_inverse_adjoint[&lt;lambda&gt;39]" time="0.0005080699920654297"><skipped message="Suite splitting in effect" type="pytest.skip">src/pymortests/operators.py:186: Suite splitting in effect</skipped></testcase><testcase classname="src.pymortests.operators" file="src/pymortests/operators.py" line="186" name="test_apply_inverse_adjoint[&lt;lambda&gt;40]" time="0.0007898807525634766"><skipped message="Suite splitting in effect" type="pytest.skip">src/pymortests/operators.py:186: Suite splitting in effect</skipped></testcase><testcase classname="src.pymortests.operators" file="src/pymortests/operators.py" line="204" name="test_project[&lt;lambda&gt;0]" time="0.0004074573516845703"><skipped message="Suite splitting in effect" type="pytest.skip">src/pymortests/operators.py:204: Suite splitting in effect</skipped></testcase><testcase classname="src.pymortests.operators" file="src/pymortests/operators.py" line="204" name="test_project[&lt;lambda&gt;1]" time="0.00043129920959472656"><skipped message="Suite splitting in effect" type="pytest.skip">src/pymortests/operators.py:204: Suite splitting in effect</skipped></testcase><testcase classname="src.pymortests.operators" file="src/pymortests/operators.py" line="204" name="test_project[&lt;lambda&gt;2]" time="0.0004067420959472656"><skipped message="Suite splitting in effect" type="pytest.skip">src/pymortests/operators.py:204: Suite splitting in effect</skipped></testcase><testcase classname="src.pymortests.operators" file="src/pymortests/operators.py" line="204" name="test_project[&lt;lambda&gt;3]" time="0.0004248619079589844"><skipped message="Suite splitting in effect" type="pytest.skip">src/pymortests/operators.py:204: Suite splitting in effect</skipped></testcase><testcase classname="src.pymortests.operators" file="src/pymortests/operators.py" line="204" name="test_project[&lt;lambda&gt;4]" time="0.0004563331604003906"><skipped message="Suite splitting in effect" type="pytest.skip">src/pymortests/operators.py:204: Suite splitting in effect</skipped></testcase><testcase classname="src.pymortests.operators" file="src/pymortests/operators.py" line="204" name="test_project[&lt;lambda&gt;5]" time="0.0004248619079589844"><skipped message="Suite splitting in effect" type="pytest.skip">src/pymortests/operators.py:204: Suite splitting in effect</skipped></testcase><testcase classname="src.pymortests.operators" file="src/pymortests/operators.py" line="204" name="test_project[&lt;lambda&gt;6]" time="0.00042700767517089844"><skipped message="Suite splitting in effect" type="pytest.skip">src/pymortests/operators.py:204: Suite splitting in effect</skipped></testcase><testcase classname="src.pymortests.operators" file="src/pymortests/operators.py" line="204" name="test_project[&lt;lambda&gt;7]" time="0.0007109642028808594"><skipped message="Suite splitting in effect" type="pytest.skip">src/pymortests/operators.py:204: Suite splitting in effect</skipped></testcase><testcase classname="src.pymortests.operators" file="src/pymortests/operators.py" line="204" name="test_project[&lt;lambda&gt;8]" time="0.0004100799560546875"><skipped message="Suite splitting in effect" type="pytest.skip">src/pymortests/operators.py:204: Suite splitting in effect</skipped></testcase><testcase classname="src.pymortests.operators" file="src/pymortests/operators.py" line="204" name="test_project[&lt;lambda&gt;9]" time="0.00042891502380371094"><skipped message="Suite splitting in effect" type="pytest.skip">src/pymortests/operators.py:204: Suite splitting in effect</skipped></testcase><testcase classname="src.pymortests.operators" file="src/pymortests/operators.py" line="204" name="test_project[&lt;lambda&gt;10]" time="0.0004062652587890625"><skipped message="Suite splitting in effect" type="pytest.skip">src/pymortests/operators.py:204: Suite splitting in effect</skipped></testcase><testcase classname="src.pymortests.operators" file="src/pymortests/operators.py" line="204" name="test_project[&lt;lambda&gt;11]" time="0.0004265308380126953"><skipped message="Suite splitting in effect" type="pytest.skip">src/pymortests/operators.py:204: Suite splitting in effect</skipped></testcase><testcase classname="src.pymortests.operators" file="src/pymortests/operators.py" line="204" name="test_project[&lt;lambda&gt;12]" time="0.0004172325134277344"><skipped message="Suite splitting in effect" type="pytest.skip">src/pymortests/operators.py:204: Suite splitting in effect</skipped></testcase><testcase classname="src.pymortests.operators" file="src/pymortests/operators.py" line="204" name="test_project[&lt;lambda&gt;13]" time="0.00040221214294433594"><skipped message="Suite splitting in effect" type="pytest.skip">src/pymortests/operators.py:204: Suite splitting in effect</skipped></testcase><testcase classname="src.pymortests.operators" file="src/pymortests/operators.py" line="204" name="test_project[&lt;lambda&gt;14]" time="0.0005178451538085938"><skipped message="Suite splitting in effect" type="pytest.skip">src/pymortests/operators.py:204: Suite splitting in effect</skipped></testcase><testcase classname="src.pymortests.operators" file="src/pymortests/operators.py" line="204" name="test_project[&lt;lambda&gt;15]" time="0.0007033348083496094"><skipped message="Suite splitting in effect" type="pytest.skip">src/pymortests/operators.py:204: Suite splitting in effect</skipped></testcase><testcase classname="src.pymortests.operators" file="src/pymortests/operators.py" line="204" name="test_project[&lt;lambda&gt;16]" time="0.0004258155822753906"><skipped message="Suite splitting in effect" type="pytest.skip">src/pymortests/operators.py:204: Suite splitting in effect</skipped></testcase><testcase classname="src.pymortests.operators" file="src/pymortests/operators.py" line="204" name="test_project[&lt;lambda&gt;17]" time="0.0004191398620605469"><skipped message="Suite splitting in effect" type="pytest.skip">src/pymortests/operators.py:204: Suite splitting in effect</skipped></testcase><testcase classname="src.pymortests.operators" file="src/pymortests/operators.py" line="204" name="test_project[&lt;lambda&gt;18]" time="0.0004513263702392578"><skipped message="Suite splitting in effect" type="pytest.skip">src/pymortests/operators.py:204: Suite splitting in effect</skipped></testcase><testcase classname="src.pymortests.operators" file="src/pymortests/operators.py" line="204" name="test_project[&lt;lambda&gt;19]" time="0.00042319297790527344"><skipped message="Suite splitting in effect" type="pytest.skip">src/pymortests/operators.py:204: Suite splitting in effect</skipped></testcase><testcase classname="src.pymortests.operators" file="src/pymortests/operators.py" line="204" name="test_project[&lt;lambda&gt;20]" time="0.00042057037353515625"><skipped message="Suite splitting in effect" type="pytest.skip">src/pymortests/operators.py:204: Suite splitting in effect</skipped></testcase><testcase classname="src.pymortests.operators" file="src/pymortests/operators.py" line="204" name="test_project[&lt;lambda&gt;21]" time="0.0004241466522216797"><skipped message="Suite splitting in effect" type="pytest.skip">src/pymortests/operators.py:204: Suite splitting in effect</skipped></testcase><testcase classname="src.pymortests.operators" file="src/pymortests/operators.py" line="204" name="test_project[&lt;lambda&gt;22]" time="0.00045490264892578125"><skipped message="Suite splitting in effect" type="pytest.skip">src/pymortests/operators.py:204: Suite splitting in effect</skipped></testcase><testcase classname="src.pymortests.operators" file="src/pymortests/operators.py" line="204" name="test_project[&lt;lambda&gt;23]" time="0.0007171630859375"><skipped message="Suite splitting in effect" type="pytest.skip">src/pymortests/operators.py:204: Suite splitting in effect</skipped></testcase><testcase classname="src.pymortests.operators" file="src/pymortests/operators.py" line="204" name="test_project[&lt;lambda&gt;24]" time="0.00044846534729003906"><skipped message="Suite splitting in effect" type="pytest.skip">src/pymortests/operators.py:204: Suite splitting in effect</skipped></testcase><testcase classname="src.pymortests.operators" file="src/pymortests/operators.py" line="204" name="test_project[&lt;lambda&gt;25]" time="0.00044417381286621094"><skipped message="Suite splitting in effect" type="pytest.skip">src/pymortests/operators.py:204: Suite splitting in effect</skipped></testcase><testcase classname="src.pymortests.operators" file="src/pymortests/operators.py" line="204" name="test_project[&lt;lambda&gt;26]" time="0.0004374980926513672"><skipped message="Suite splitting in effect" type="pytest.skip">src/pymortests/operators.py:204: Suite splitting in effect</skipped></testcase><testcase classname="src.pymortests.operators" file="src/pymortests/operators.py" line="204" name="test_project[&lt;lambda&gt;27]" time="0.00043654441833496094"><skipped message="Suite splitting in effect" type="pytest.skip">src/pymortests/operators.py:204: Suite splitting in effect</skipped></testcase><testcase classname="src.pymortests.operators" file="src/pymortests/operators.py" line="204" name="test_project[&lt;lambda&gt;28]" time="0.0004582405090332031"><skipped message="Suite splitting in effect" type="pytest.skip">src/pymortests/operators.py:204: Suite splitting in effect</skipped></testcase><testcase classname="src.pymortests.operators" file="src/pymortests/operators.py" line="204" name="test_project[&lt;lambda&gt;29]" time="0.0004322528839111328"><skipped message="Suite splitting in effect" type="pytest.skip">src/pymortests/operators.py:204: Suite splitting in effect</skipped></testcase><testcase classname="src.pymortests.operators" file="src/pymortests/operators.py" line="204" name="test_project[&lt;lambda&gt;30]" time="0.0004584789276123047"><skipped message="Suite splitting in effect" type="pytest.skip">src/pymortests/operators.py:204: Suite splitting in effect</skipped></testcase><testcase classname="src.pymortests.operators" file="src/pymortests/operators.py" line="204" name="test_project[&lt;lambda&gt;31]" time="0.0007405281066894531"><skipped message="Suite splitting in effect" type="pytest.skip">src/pymortests/operators.py:204: Suite splitting in effect</skipped></testcase><testcase classname="src.pymortests.operators" file="src/pymortests/operators.py" line="204" name="test_project[&lt;lambda&gt;32]" time="0.0004267692565917969"><skipped message="Suite splitting in effect" type="pytest.skip">src/pymortests/operators.py:204: Suite splitting in effect</skipped></testcase><testcase classname="src.pymortests.operators" file="src/pymortests/operators.py" line="204" name="test_project[&lt;lambda&gt;33]" time="0.0004279613494873047"><skipped message="Suite splitting in effect" type="pytest.skip">src/pymortests/operators.py:204: Suite splitting in effect</skipped></testcase><testcase classname="src.pymortests.operators" file="src/pymortests/operators.py" line="204" name="test_project[&lt;lambda&gt;34]" time="0.00044465065002441406"><skipped message="Suite splitting in effect" type="pytest.skip">src/pymortests/operators.py:204: Suite splitting in effect</skipped></testcase><testcase classname="src.pymortests.operators" file="src/pymortests/operators.py" line="204" name="test_project[&lt;lambda&gt;35]" time="0.0004372596740722656"><skipped message="Suite splitting in effect" type="pytest.skip">src/pymortests/operators.py:204: Suite splitting in effect</skipped></testcase><testcase classname="src.pymortests.operators" file="src/pymortests/operators.py" line="204" name="test_project[&lt;lambda&gt;36]" time="0.0004520416259765625"><skipped message="Suite splitting in effect" type="pytest.skip">src/pymortests/operators.py:204: Suite splitting in effect</skipped></testcase><testcase classname="src.pymortests.operators" file="src/pymortests/operators.py" line="204" name="test_project[&lt;lambda&gt;37]" time="0.0004420280456542969"><skipped message="Suite splitting in effect" type="pytest.skip">src/pymortests/operators.py:204: Suite splitting in effect</skipped></testcase><testcase classname="src.pymortests.operators" file="src/pymortests/operators.py" line="204" name="test_project[&lt;lambda&gt;38]" time="0.0004961490631103516"><skipped message="Suite splitting in effect" type="pytest.skip">src/pymortests/operators.py:204: Suite splitting in effect</skipped></testcase><testcase classname="src.pymortests.operators" file="src/pymortests/operators.py" line="204" name="test_project[&lt;lambda&gt;39]" time="0.0007536411285400391"><skipped message="Suite splitting in effect" type="pytest.skip">src/pymortests/operators.py:204: Suite splitting in effect</skipped></testcase><testcase classname="src.pymortests.operators" file="src/pymortests/operators.py" line="204" name="test_project[&lt;lambda&gt;40]" time="0.0004265308380126953"><skipped message="Suite splitting in effect" type="pytest.skip">src/pymortests/operators.py:204: Suite splitting in effect</skipped></testcase><testcase classname="src.pymortests.operators" file="src/pymortests/operators.py" line="214" name="test_project_2[&lt;lambda&gt;0]" time="0.00045108795166015625"><skipped message="Suite splitting in effect" type="pytest.skip">src/pymortests/operators.py:214: Suite splitting in effect</skipped></testcase><testcase classname="src.pymortests.operators" file="src/pymortests/operators.py" line="214" name="test_project_2[&lt;lambda&gt;1]" time="0.00041294097900390625"><skipped message="Suite splitting in effect" type="pytest.skip">src/pymortests/operators.py:214: Suite splitting in effect</skipped></testcase><testcase classname="src.pymortests.operators" file="src/pymortests/operators.py" line="214" name="test_project_2[&lt;lambda&gt;2]" time="0.0004532337188720703"><skipped message="Suite splitting in effect" type="pytest.skip">src/pymortests/operators.py:214: Suite splitting in effect</skipped></testcase><testcase classname="src.pymortests.operators" file="src/pymortests/operators.py" line="214" name="test_project_2[&lt;lambda&gt;3]" time="0.0004360675811767578"><skipped message="Suite splitting in effect" type="pytest.skip">src/pymortests/operators.py:214: Suite splitting in effect</skipped></testcase><testcase classname="src.pymortests.operators" file="src/pymortests/operators.py" line="214" name="test_project_2[&lt;lambda&gt;4]" time="0.0004477500915527344"><skipped message="Suite splitting in effect" type="pytest.skip">src/pymortests/operators.py:214: Suite splitting in effect</skipped></testcase><testcase classname="src.pymortests.operators" file="src/pymortests/operators.py" line="214" name="test_project_2[&lt;lambda&gt;5]" time="0.0004391670227050781"><skipped message="Suite splitting in effect" type="pytest.skip">src/pymortests/operators.py:214: Suite splitting in effect</skipped></testcase><testcase classname="src.pymortests.operators" file="src/pymortests/operators.py" line="214" name="test_project_2[&lt;lambda&gt;6]" time="0.0010645389556884766"><skipped message="Suite splitting in effect" type="pytest.skip">src/pymortests/operators.py:214: Suite splitting in effect</skipped></testcase><testcase classname="src.pymortests.operators" file="src/pymortests/operators.py" line="214" name="test_project_2[&lt;lambda&gt;7]" time="0.00042939186096191406"><skipped message="Suite splitting in effect" type="pytest.skip">src/pymortests/operators.py:214: Suite splitting in effect</skipped></testcase><testcase classname="src.pymortests.operators" file="src/pymortests/operators.py" line="214" name="test_project_2[&lt;lambda&gt;8]" time="0.0004203319549560547"><skipped message="Suite splitting in effect" type="pytest.skip">src/pymortests/operators.py:214: Suite splitting in effect</skipped></testcase><testcase classname="src.pymortests.operators" file="src/pymortests/operators.py" line="214" name="test_project_2[&lt;lambda&gt;9]" time="0.00044727325439453125"><skipped message="Suite splitting in effect" type="pytest.skip">src/pymortests/operators.py:214: Suite splitting in effect</skipped></testcase><testcase classname="src.pymortests.operators" file="src/pymortests/operators.py" line="214" name="test_project_2[&lt;lambda&gt;10]" time="0.0004601478576660156"><skipped message="Suite splitting in effect" type="pytest.skip">src/pymortests/operators.py:214: Suite splitting in effect</skipped></testcase><testcase classname="src.pymortests.operators" file="src/pymortests/operators.py" line="214" name="test_project_2[&lt;lambda&gt;11]" time="0.000438690185546875"><skipped message="Suite splitting in effect" type="pytest.skip">src/pymortests/operators.py:214: Suite splitting in effect</skipped></testcase><testcase classname="src.pymortests.operators" file="src/pymortests/operators.py" line="214" name="test_project_2[&lt;lambda&gt;12]" time="0.0004239082336425781"><skipped message="Suite splitting in effect" type="pytest.skip">src/pymortests/operators.py:214: Suite splitting in effect</skipped></testcase><testcase classname="src.pymortests.operators" file="src/pymortests/operators.py" line="214" name="test_project_2[&lt;lambda&gt;13]" time="0.0004782676696777344"><skipped message="Suite splitting in effect" type="pytest.skip">src/pymortests/operators.py:214: Suite splitting in effect</skipped></testcase><testcase classname="src.pymortests.operators" file="src/pymortests/operators.py" line="214" name="test_project_2[&lt;lambda&gt;14]" time="0.0007257461547851562"><skipped message="Suite splitting in effect" type="pytest.skip">src/pymortests/operators.py:214: Suite splitting in effect</skipped></testcase><testcase classname="src.pymortests.operators" file="src/pymortests/operators.py" line="214" name="test_project_2[&lt;lambda&gt;15]" time="0.00044155120849609375"><skipped message="Suite splitting in effect" type="pytest.skip">src/pymortests/operators.py:214: Suite splitting in effect</skipped></testcase><testcase classname="src.pymortests.operators" file="src/pymortests/operators.py" line="214" name="test_project_2[&lt;lambda&gt;16]" time="0.00043320655822753906"><skipped message="Suite splitting in effect" type="pytest.skip">src/pymortests/operators.py:214: Suite splitting in effect</skipped></testcase><testcase classname="src.pymortests.operators" file="src/pymortests/operators.py" line="214" name="test_project_2[&lt;lambda&gt;17]" time="0.0004792213439941406"><skipped message="Suite splitting in effect" type="pytest.skip">src/pymortests/operators.py:214: Suite splitting in effect</skipped></testcase><testcase classname="src.pymortests.operators" file="src/pymortests/operators.py" line="214" name="test_project_2[&lt;lambda&gt;18]" time="0.0004277229309082031"><skipped message="Suite splitting in effect" type="pytest.skip">src/pymortests/operators.py:214: Suite splitting in effect</skipped></testcase><testcase classname="src.pymortests.operators" file="src/pymortests/operators.py" line="214" name="test_project_2[&lt;lambda&gt;19]" time="0.00045180320739746094"><skipped message="Suite splitting in effect" type="pytest.skip">src/pymortests/operators.py:214: Suite splitting in effect</skipped></testcase><testcase classname="src.pymortests.operators" file="src/pymortests/operators.py" line="214" name="test_project_2[&lt;lambda&gt;20]" time="0.000438690185546875"><skipped message="Suite splitting in effect" type="pytest.skip">src/pymortests/operators.py:214: Suite splitting in effect</skipped></testcase><testcase classname="src.pymortests.operators" file="src/pymortests/operators.py" line="214" name="test_project_2[&lt;lambda&gt;21]" time="0.0004551410675048828"><skipped message="Suite splitting in effect" type="pytest.skip">src/pymortests/operators.py:214: Suite splitting in effect</skipped></testcase><testcase classname="src.pymortests.operators" file="src/pymortests/operators.py" line="214" name="test_project_2[&lt;lambda&gt;22]" time="0.0007343292236328125"><skipped message="Suite splitting in effect" type="pytest.skip">src/pymortests/operators.py:214: Suite splitting in effect</skipped></testcase><testcase classname="src.pymortests.operators" file="src/pymortests/operators.py" line="214" name="test_project_2[&lt;lambda&gt;23]" time="0.00046896934509277344"><skipped message="Suite splitting in effect" type="pytest.skip">src/pymortests/operators.py:214: Suite splitting in effect</skipped></testcase><testcase classname="src.pymortests.operators" file="src/pymortests/operators.py" line="214" name="test_project_2[&lt;lambda&gt;24]" time="0.00043487548828125"><skipped message="Suite splitting in effect" type="pytest.skip">src/pymortests/operators.py:214: Suite splitting in effect</skipped></testcase><testcase classname="src.pymortests.operators" file="src/pymortests/operators.py" line="214" name="test_project_2[&lt;lambda&gt;25]" time="0.0004773139953613281"><skipped message="Suite splitting in effect" type="pytest.skip">src/pymortests/operators.py:214: Suite splitting in effect</skipped></testcase><testcase classname="src.pymortests.operators" file="src/pymortests/operators.py" line="214" name="test_project_2[&lt;lambda&gt;26]" time="0.00047278404235839844"><skipped message="Suite splitting in effect" type="pytest.skip">src/pymortests/operators.py:214: Suite splitting in effect</skipped></testcase><testcase classname="src.pymortests.operators" file="src/pymortests/operators.py" line="214" name="test_project_2[&lt;lambda&gt;27]" time="0.00043582916259765625"><skipped message="Suite splitting in effect" type="pytest.skip">src/pymortests/operators.py:214: Suite splitting in effect</skipped></testcase><testcase classname="src.pymortests.operators" file="src/pymortests/operators.py" line="214" name="test_project_2[&lt;lambda&gt;28]" time="0.0004374980926513672"><skipped message="Suite splitting in effect" type="pytest.skip">src/pymortests/operators.py:214: Suite splitting in effect</skipped></testcase><testcase classname="src.pymortests.operators" file="src/pymortests/operators.py" line="214" name="test_project_2[&lt;lambda&gt;29]" time="0.00044083595275878906"><skipped message="Suite splitting in effect" type="pytest.skip">src/pymortests/operators.py:214: Suite splitting in effect</skipped></testcase><testcase classname="src.pymortests.operators" file="src/pymortests/operators.py" line="214" name="test_project_2[&lt;lambda&gt;30]" time="0.0007381439208984375"><skipped message="Suite splitting in effect" type="pytest.skip">src/pymortests/operators.py:214: Suite splitting in effect</skipped></testcase><testcase classname="src.pymortests.operators" file="src/pymortests/operators.py" line="214" name="test_project_2[&lt;lambda&gt;31]" time="0.0004401206970214844"><skipped message="Suite splitting in effect" type="pytest.skip">src/pymortests/operators.py:214: Suite splitting in effect</skipped></testcase><testcase classname="src.pymortests.operators" file="src/pymortests/operators.py" line="214" name="test_project_2[&lt;lambda&gt;32]" time="0.0004546642303466797"><skipped message="Suite splitting in effect" type="pytest.skip">src/pymortests/operators.py:214: Suite splitting in effect</skipped></testcase><testcase classname="src.pymortests.operators" file="src/pymortests/operators.py" line="214" name="test_project_2[&lt;lambda&gt;33]" time="0.0004444122314453125"><skipped message="Suite splitting in effect" type="pytest.skip">src/pymortests/operators.py:214: Suite splitting in effect</skipped></testcase><testcase classname="src.pymortests.operators" file="src/pymortests/operators.py" line="214" name="test_project_2[&lt;lambda&gt;34]" time="0.0004394054412841797"><skipped message="Suite splitting in effect" type="pytest.skip">src/pymortests/operators.py:214: Suite splitting in effect</skipped></testcase><testcase classname="src.pymortests.operators" file="src/pymortests/operators.py" line="214" name="test_project_2[&lt;lambda&gt;35]" time="0.00043129920959472656"><skipped message="Suite splitting in effect" type="pytest.skip">src/pymortests/operators.py:214: Suite splitting in effect</skipped></testcase><testcase classname="src.pymortests.operators" file="src/pymortests/operators.py" line="214" name="test_project_2[&lt;lambda&gt;36]" time="0.0004973411560058594"><skipped message="Suite splitting in effect" type="pytest.skip">src/pymortests/operators.py:214: Suite splitting in effect</skipped></testcase><testcase classname="src.pymortests.operators" file="src/pymortests/operators.py" line="214" name="test_project_2[&lt;lambda&gt;37]" time="0.0004398822784423828"><skipped message="Suite splitting in effect" type="pytest.skip">src/pymortests/operators.py:214: Suite splitting in effect</skipped></testcase><testcase classname="src.pymortests.operators" file="src/pymortests/operators.py" line="214" name="test_project_2[&lt;lambda&gt;38]" time="0.0007412433624267578"><skipped message="Suite splitting in effect" type="pytest.skip">src/pymortests/operators.py:214: Suite splitting in effect</skipped></testcase><testcase classname="src.pymortests.operators" file="src/pymortests/operators.py" line="214" name="test_project_2[&lt;lambda&gt;39]" time="0.0004475116729736328"><skipped message="Suite splitting in effect" type="pytest.skip">src/pymortests/operators.py:214: Suite splitting in effect</skipped></testcase><testcase classname="src.pymortests.operators" file="src/pymortests/operators.py" line="214" name="test_project_2[&lt;lambda&gt;40]" time="0.0004456043243408203"><skipped message="Suite splitting in effect" type="pytest.skip">src/pymortests/operators.py:214: Suite splitting in effect</skipped></testcase><testcase classname="src.pymortests.operators" file="src/pymortests/operators.py" line="230" name="test_project_with_product[&lt;lambda&gt;0]" time="0.00043654441833496094"><skipped message="Suite splitting in effect" type="pytest.skip">src/pymortests/operators.py:230: Suite splitting in effect</skipped></testcase><testcase classname="src.pymortests.operators" file="src/pymortests/operators.py" line="230" name="test_project_with_product[&lt;lambda&gt;1]" time="0.0004477500915527344"><skipped message="Suite splitting in effect" type="pytest.skip">src/pymortests/operators.py:230: Suite splitting in effect</skipped></testcase><testcase classname="src.pymortests.operators" file="src/pymortests/operators.py" line="230" name="test_project_with_product[&lt;lambda&gt;2]" time="0.00043702125549316406"><skipped message="Suite splitting in effect" type="pytest.skip">src/pymortests/operators.py:230: Suite splitting in effect</skipped></testcase><testcase classname="src.pymortests.operators" file="src/pymortests/operators.py" line="230" name="test_project_with_product[&lt;lambda&gt;3]" time="0.0004398822784423828"><skipped message="Suite splitting in effect" type="pytest.skip">src/pymortests/operators.py:230: Suite splitting in effect</skipped></testcase><testcase classname="src.pymortests.operators" file="src/pymortests/operators.py" line="230" name="test_project_with_product[&lt;lambda&gt;4]" time="0.0004222393035888672"><skipped message="Suite splitting in effect" type="pytest.skip">src/pymortests/operators.py:230: Suite splitting in effect</skipped></testcase><testcase classname="src.pymortests.operators" file="src/pymortests/operators.py" line="230" name="test_project_with_product[&lt;lambda&gt;5]" time="0.0007448196411132812"><skipped message="Suite splitting in effect" type="pytest.skip">src/pymortests/operators.py:230: Suite splitting in effect</skipped></testcase><testcase classname="src.pymortests.operators" file="src/pymortests/operators.py" line="230" name="test_project_with_product[&lt;lambda&gt;6]" time="0.0004360675811767578"><skipped message="Suite splitting in effect" type="pytest.skip">src/pymortests/operators.py:230: Suite splitting in effect</skipped></testcase><testcase classname="src.pymortests.operators" file="src/pymortests/operators.py" line="230" name="test_project_with_product[&lt;lambda&gt;7]" time="0.0004229545593261719"><skipped message="Suite splitting in effect" type="pytest.skip">src/pymortests/operators.py:230: Suite splitting in effect</skipped></testcase><testcase classname="src.pymortests.operators" file="src/pymortests/operators.py" line="230" name="test_project_with_product[&lt;lambda&gt;8]" time="0.0004382133483886719"><skipped message="Suite splitting in effect" type="pytest.skip">src/pymortests/operators.py:230: Suite splitting in effect</skipped></testcase><testcase classname="src.pymortests.operators" file="src/pymortests/operators.py" line="230" name="test_project_with_product[&lt;lambda&gt;9]" time="0.00043511390686035156"><skipped message="Suite splitting in effect" type="pytest.skip">src/pymortests/operators.py:230: Suite splitting in effect</skipped></testcase><testcase classname="src.pymortests.operators" file="src/pymortests/operators.py" line="230" name="test_project_with_product[&lt;lambda&gt;10]" time="0.0004622936248779297"><skipped message="Suite splitting in effect" type="pytest.skip">src/pymortests/operators.py:230: Suite splitting in effect</skipped></testcase><testcase classname="src.pymortests.operators" file="src/pymortests/operators.py" line="230" name="test_project_with_product[&lt;lambda&gt;11]" time="0.0004353523254394531"><skipped message="Suite splitting in effect" type="pytest.skip">src/pymortests/operators.py:230: Suite splitting in effect</skipped></testcase><testcase classname="src.pymortests.operators" file="src/pymortests/operators.py" line="230" name="test_project_with_product[&lt;lambda&gt;12]" time="0.0004856586456298828"><skipped message="Suite splitting in effect" type="pytest.skip">src/pymortests/operators.py:230: Suite splitting in effect</skipped></testcase><testcase classname="src.pymortests.operators" file="src/pymortests/operators.py" line="230" name="test_project_with_product[&lt;lambda&gt;13]" time="0.0007829666137695312"><skipped message="Suite splitting in effect" type="pytest.skip">src/pymortests/operators.py:230: Suite splitting in effect</skipped></testcase><testcase classname="src.pymortests.operators" file="src/pymortests/operators.py" line="230" name="test_project_with_product[&lt;lambda&gt;14]" time="0.0004608631134033203"><skipped message="Suite splitting in effect" type="pytest.skip">src/pymortests/operators.py:230: Suite splitting in effect</skipped></testcase><testcase classname="src.pymortests.operators" file="src/pymortests/operators.py" line="230" name="test_project_with_product[&lt;lambda&gt;15]" time="0.00045943260192871094"><skipped message="Suite splitting in effect" type="pytest.skip">src/pymortests/operators.py:230: Suite splitting in effect</skipped></testcase><testcase classname="src.pymortests.operators" file="src/pymortests/operators.py" line="230" name="test_project_with_product[&lt;lambda&gt;16]" time="0.00046706199645996094"><skipped message="Suite splitting in effect" type="pytest.skip">src/pymortests/operators.py:230: Suite splitting in effect</skipped></testcase><testcase classname="src.pymortests.operators" file="src/pymortests/operators.py" line="230" name="test_project_with_product[&lt;lambda&gt;17]" time="0.00042748451232910156"><skipped message="Suite splitting in effect" type="pytest.skip">src/pymortests/operators.py:230: Suite splitting in effect</skipped></testcase><testcase classname="src.pymortests.operators" file="src/pymortests/operators.py" line="230" name="test_project_with_product[&lt;lambda&gt;18]" time="0.0004889965057373047"><skipped message="Suite splitting in effect" type="pytest.skip">src/pymortests/operators.py:230: Suite splitting in effect</skipped></testcase><testcase classname="src.pymortests.operators" file="src/pymortests/operators.py" line="230" name="test_project_with_product[&lt;lambda&gt;19]" time="0.00042176246643066406"><skipped message="Suite splitting in effect" type="pytest.skip">src/pymortests/operators.py:230: Suite splitting in effect</skipped></testcase><testcase classname="src.pymortests.operators" file="src/pymortests/operators.py" line="230" name="test_project_with_product[&lt;lambda&gt;20]" time="0.00043773651123046875"><skipped message="Suite splitting in effect" type="pytest.skip">src/pymortests/operators.py:230: Suite splitting in effect</skipped></testcase><testcase classname="src.pymortests.operators" file="src/pymortests/operators.py" line="230" name="test_project_with_product[&lt;lambda&gt;21]" time="0.0007503032684326172"><skipped message="Suite splitting in effect" type="pytest.skip">src/pymortests/operators.py:230: Suite splitting in effect</skipped></testcase><testcase classname="src.pymortests.operators" file="src/pymortests/operators.py" line="230" name="test_project_with_product[&lt;lambda&gt;22]" time="0.000423431396484375"><skipped message="Suite splitting in effect" type="pytest.skip">src/pymortests/operators.py:230: Suite splitting in effect</skipped></testcase><testcase classname="src.pymortests.operators" file="src/pymortests/operators.py" line="230" name="test_project_with_product[&lt;lambda&gt;23]" time="0.0004622936248779297"><skipped message="Suite splitting in effect" type="pytest.skip">src/pymortests/operators.py:230: Suite splitting in effect</skipped></testcase><testcase classname="src.pymortests.operators" file="src/pymortests/operators.py" line="230" name="test_project_with_product[&lt;lambda&gt;24]" time="0.0004246234893798828"><skipped message="Suite splitting in effect" type="pytest.skip">src/pymortests/operators.py:230: Suite splitting in effect</skipped></testcase><testcase classname="src.pymortests.operators" file="src/pymortests/operators.py" line="230" name="test_project_with_product[&lt;lambda&gt;25]" time="0.00044536590576171875"><skipped message="Suite splitting in effect" type="pytest.skip">src/pymortests/operators.py:230: Suite splitting in effect</skipped></testcase><testcase classname="src.pymortests.operators" file="src/pymortests/operators.py" line="230" name="test_project_with_product[&lt;lambda&gt;26]" time="0.00044918060302734375"><skipped message="Suite splitting in effect" type="pytest.skip">src/pymortests/operators.py:230: Suite splitting in effect</skipped></testcase><testcase classname="src.pymortests.operators" file="src/pymortests/operators.py" line="230" name="test_project_with_product[&lt;lambda&gt;27]" time="0.0005328655242919922"><skipped message="Suite splitting in effect" type="pytest.skip">src/pymortests/operators.py:230: Suite splitting in effect</skipped></testcase><testcase classname="src.pymortests.operators" file="src/pymortests/operators.py" line="230" name="test_project_with_product[&lt;lambda&gt;28]" time="0.0004596710205078125"><skipped message="Suite splitting in effect" type="pytest.skip">src/pymortests/operators.py:230: Suite splitting in effect</skipped></testcase><testcase classname="src.pymortests.operators" file="src/pymortests/operators.py" line="230" name="test_project_with_product[&lt;lambda&gt;29]" time="0.0007317066192626953"><skipped message="Suite splitting in effect" type="pytest.skip">src/pymortests/operators.py:230: Suite splitting in effect</skipped></testcase><testcase classname="src.pymortests.operators" file="src/pymortests/operators.py" line="230" name="test_project_with_product[&lt;lambda&gt;30]" time="0.00045299530029296875"><skipped message="Suite splitting in effect" type="pytest.skip">src/pymortests/operators.py:230: Suite splitting in effect</skipped></testcase><testcase classname="src.pymortests.operators" file="src/pymortests/operators.py" line="230" name="test_project_with_product[&lt;lambda&gt;31]" time="0.0004520416259765625"><skipped message="Suite splitting in effect" type="pytest.skip">src/pymortests/operators.py:230: Suite splitting in effect</skipped></testcase><testcase classname="src.pymortests.operators" file="src/pymortests/operators.py" line="230" name="test_project_with_product[&lt;lambda&gt;32]" time="0.0004646778106689453"><skipped message="Suite splitting in effect" type="pytest.skip">src/pymortests/operators.py:230: Suite splitting in effect</skipped></testcase><testcase classname="src.pymortests.operators" file="src/pymortests/operators.py" line="230" name="test_project_with_product[&lt;lambda&gt;33]" time="0.0004811286926269531"><skipped message="Suite splitting in effect" type="pytest.skip">src/pymortests/operators.py:230: Suite splitting in effect</skipped></testcase><testcase classname="src.pymortests.operators" file="src/pymortests/operators.py" line="230" name="test_project_with_product[&lt;lambda&gt;34]" time="0.00048065185546875"><skipped message="Suite splitting in effect" type="pytest.skip">src/pymortests/operators.py:230: Suite splitting in effect</skipped></testcase><testcase classname="src.pymortests.operators" file="src/pymortests/operators.py" line="230" name="test_project_with_product[&lt;lambda&gt;35]" time="0.00043845176696777344"><skipped message="Suite splitting in effect" type="pytest.skip">src/pymortests/operators.py:230: Suite splitting in effect</skipped></testcase><testcase classname="src.pymortests.operators" file="src/pymortests/operators.py" line="230" name="test_project_with_product[&lt;lambda&gt;36]" time="0.0004897117614746094"><skipped message="Suite splitting in effect" type="pytest.skip">src/pymortests/operators.py:230: Suite splitting in effect</skipped></testcase><testcase classname="src.pymortests.operators" file="src/pymortests/operators.py" line="240" name="test_project_with_product_2[&lt;lambda&gt;0]" time="0.0007345676422119141"><skipped message="Suite splitting in effect" type="pytest.skip">src/pymortests/operators.py:240: Suite splitting in effect</skipped></testcase><testcase classname="src.pymortests.operators" file="src/pymortests/operators.py" line="240" name="test_project_with_product_2[&lt;lambda&gt;1]" time="0.00045418739318847656"><skipped message="Suite splitting in effect" type="pytest.skip">src/pymortests/operators.py:240: Suite splitting in effect</skipped></testcase><testcase classname="src.pymortests.operators" file="src/pymortests/operators.py" line="240" name="test_project_with_product_2[&lt;lambda&gt;2]" time="0.000457763671875"><skipped message="Suite splitting in effect" type="pytest.skip">src/pymortests/operators.py:240: Suite splitting in effect</skipped></testcase><testcase classname="src.pymortests.operators" file="src/pymortests/operators.py" line="240" name="test_project_with_product_2[&lt;lambda&gt;3]" time="0.000453948974609375"><skipped message="Suite splitting in effect" type="pytest.skip">src/pymortests/operators.py:240: Suite splitting in effect</skipped></testcase><testcase classname="src.pymortests.operators" file="src/pymortests/operators.py" line="240" name="test_project_with_product_2[&lt;lambda&gt;4]" time="0.0004754066467285156"><skipped message="Suite splitting in effect" type="pytest.skip">src/pymortests/operators.py:240: Suite splitting in effect</skipped></testcase><testcase classname="src.pymortests.operators" file="src/pymortests/operators.py" line="240" name="test_project_with_product_2[&lt;lambda&gt;5]" time="0.00046372413635253906"><skipped message="Suite splitting in effect" type="pytest.skip">src/pymortests/operators.py:240: Suite splitting in effect</skipped></testcase><testcase classname="src.pymortests.operators" file="src/pymortests/operators.py" line="240" name="test_project_with_product_2[&lt;lambda&gt;6]" time="0.00047707557678222656"><skipped message="Suite splitting in effect" type="pytest.skip">src/pymortests/operators.py:240: Suite splitting in effect</skipped></testcase><testcase classname="src.pymortests.operators" file="src/pymortests/operators.py" line="240" name="test_project_with_product_2[&lt;lambda&gt;7]" time="0.0005323886871337891"><skipped message="Suite splitting in effect" type="pytest.skip">src/pymortests/operators.py:240: Suite splitting in effect</skipped></testcase><testcase classname="src.pymortests.operators" file="src/pymortests/operators.py" line="240" name="test_project_with_product_2[&lt;lambda&gt;8]" time="0.0007765293121337891"><skipped message="Suite splitting in effect" type="pytest.skip">src/pymortests/operators.py:240: Suite splitting in effect</skipped></testcase><testcase classname="src.pymortests.operators" file="src/pymortests/operators.py" line="240" name="test_project_with_product_2[&lt;lambda&gt;9]" time="0.00047469139099121094"><skipped message="Suite splitting in effect" type="pytest.skip">src/pymortests/operators.py:240: Suite splitting in effect</skipped></testcase><testcase classname="src.pymortests.operators" file="src/pymortests/operators.py" line="240" name="test_project_with_product_2[&lt;lambda&gt;10]" time="0.000438690185546875"><skipped message="Suite splitting in effect" type="pytest.skip">src/pymortests/operators.py:240: Suite splitting in effect</skipped></testcase><testcase classname="src.pymortests.operators" file="src/pymortests/operators.py" line="240" name="test_project_with_product_2[&lt;lambda&gt;11]" time="0.0004878044128417969"><skipped message="Suite splitting in effect" type="pytest.skip">src/pymortests/operators.py:240: Suite splitting in effect</skipped></testcase><testcase classname="src.pymortests.operators" file="src/pymortests/operators.py" line="240" name="test_project_with_product_2[&lt;lambda&gt;12]" time="0.0004737377166748047"><skipped message="Suite splitting in effect" type="pytest.skip">src/pymortests/operators.py:240: Suite splitting in effect</skipped></testcase><testcase classname="src.pymortests.operators" file="src/pymortests/operators.py" line="240" name="test_project_with_product_2[&lt;lambda&gt;13]" time="0.0004515647888183594"><skipped message="Suite splitting in effect" type="pytest.skip">src/pymortests/operators.py:240: Suite splitting in effect</skipped></testcase><testcase classname="src.pymortests.operators" file="src/pymortests/operators.py" line="240" name="test_project_with_product_2[&lt;lambda&gt;14]" time="0.0004353523254394531"><skipped message="Suite splitting in effect" type="pytest.skip">src/pymortests/operators.py:240: Suite splitting in effect</skipped></testcase><testcase classname="src.pymortests.operators" file="src/pymortests/operators.py" line="240" name="test_project_with_product_2[&lt;lambda&gt;15]" time="0.00045418739318847656"><skipped message="Suite splitting in effect" type="pytest.skip">src/pymortests/operators.py:240: Suite splitting in effect</skipped></testcase><testcase classname="src.pymortests.operators" file="src/pymortests/operators.py" line="240" name="test_project_with_product_2[&lt;lambda&gt;16]" time="0.0007481575012207031"><skipped message="Suite splitting in effect" type="pytest.skip">src/pymortests/operators.py:240: Suite splitting in effect</skipped></testcase><testcase classname="src.pymortests.operators" file="src/pymortests/operators.py" line="240" name="test_project_with_product_2[&lt;lambda&gt;17]" time="0.00045108795166015625"><skipped message="Suite splitting in effect" type="pytest.skip">src/pymortests/operators.py:240: Suite splitting in effect</skipped></testcase><testcase classname="src.pymortests.operators" file="src/pymortests/operators.py" line="240" name="test_project_with_product_2[&lt;lambda&gt;18]" time="0.0004515647888183594"><skipped message="Suite splitting in effect" type="pytest.skip">src/pymortests/operators.py:240: Suite splitting in effect</skipped></testcase><testcase classname="src.pymortests.operators" file="src/pymortests/operators.py" line="240" name="test_project_with_product_2[&lt;lambda&gt;19]" time="0.00047588348388671875"><skipped message="Suite splitting in effect" type="pytest.skip">src/pymortests/operators.py:240: Suite splitting in effect</skipped></testcase><testcase classname="src.pymortests.operators" file="src/pymortests/operators.py" line="240" name="test_project_with_product_2[&lt;lambda&gt;20]" time="0.0004742145538330078"><skipped message="Suite splitting in effect" type="pytest.skip">src/pymortests/operators.py:240: Suite splitting in effect</skipped></testcase><testcase classname="src.pymortests.operators" file="src/pymortests/operators.py" line="240" name="test_project_with_product_2[&lt;lambda&gt;21]" time="0.000453948974609375"><skipped message="Suite splitting in effect" type="pytest.skip">src/pymortests/operators.py:240: Suite splitting in effect</skipped></testcase><testcase classname="src.pymortests.operators" file="src/pymortests/operators.py" line="240" name="test_project_with_product_2[&lt;lambda&gt;22]" time="0.0004901885986328125"><skipped message="Suite splitting in effect" type="pytest.skip">src/pymortests/operators.py:240: Suite splitting in effect</skipped></testcase><testcase classname="src.pymortests.operators" file="src/pymortests/operators.py" line="240" name="test_project_with_product_2[&lt;lambda&gt;23]" time="0.00043702125549316406"><skipped message="Suite splitting in effect" type="pytest.skip">src/pymortests/operators.py:240: Suite splitting in effect</skipped></testcase><testcase classname="src.pymortests.operators" file="src/pymortests/operators.py" line="240" name="test_project_with_product_2[&lt;lambda&gt;24]" time="0.0009634494781494141"><skipped message="Suite splitting in effect" type="pytest.skip">src/pymortests/operators.py:240: Suite splitting in effect</skipped></testcase><testcase classname="src.pymortests.operators" file="src/pymortests/operators.py" line="240" name="test_project_with_product_2[&lt;lambda&gt;25]" time="0.00046515464782714844"><skipped message="Suite splitting in effect" type="pytest.skip">src/pymortests/operators.py:240: Suite splitting in effect</skipped></testcase><testcase classname="src.pymortests.operators" file="src/pymortests/operators.py" line="240" name="test_project_with_product_2[&lt;lambda&gt;26]" time="0.000446319580078125"><skipped message="Suite splitting in effect" type="pytest.skip">src/pymortests/operators.py:240: Suite splitting in effect</skipped></testcase><testcase classname="src.pymortests.operators" file="src/pymortests/operators.py" line="240" name="test_project_with_product_2[&lt;lambda&gt;27]" time="0.00044846534729003906"><skipped message="Suite splitting in effect" type="pytest.skip">src/pymortests/operators.py:240: Suite splitting in effect</skipped></testcase><testcase classname="src.pymortests.operators" file="src/pymortests/operators.py" line="240" name="test_project_with_product_2[&lt;lambda&gt;28]" time="0.00043511390686035156"><skipped message="Suite splitting in effect" type="pytest.skip">src/pymortests/operators.py:240: Suite splitting in effect</skipped></testcase><testcase classname="src.pymortests.operators" file="src/pymortests/operators.py" line="240" name="test_project_with_product_2[&lt;lambda&gt;29]" time="0.0004634857177734375"><skipped message="Suite splitting in effect" type="pytest.skip">src/pymortests/operators.py:240: Suite splitting in effect</skipped></testcase><testcase classname="src.pymortests.operators" file="src/pymortests/operators.py" line="240" name="test_project_with_product_2[&lt;lambda&gt;30]" time="0.00046634674072265625"><skipped message="Suite splitting in effect" type="pytest.skip">src/pymortests/operators.py:240: Suite splitting in effect</skipped></testcase><testcase classname="src.pymortests.operators" file="src/pymortests/operators.py" line="240" name="test_project_with_product_2[&lt;lambda&gt;31]" time="0.0004487037658691406"><skipped message="Suite splitting in effect" type="pytest.skip">src/pymortests/operators.py:240: Suite splitting in effect</skipped></testcase><testcase classname="src.pymortests.operators" file="src/pymortests/operators.py" line="240" name="test_project_with_product_2[&lt;lambda&gt;32]" time="0.0008854866027832031"><skipped message="Suite splitting in effect" type="pytest.skip">src/pymortests/operators.py:240: Suite splitting in effect</skipped></testcase><testcase classname="src.pymortests.operators" file="src/pymortests/operators.py" line="240" name="test_project_with_product_2[&lt;lambda&gt;33]" time="0.0004360675811767578"><skipped message="Suite splitting in effect" type="pytest.skip">src/pymortests/operators.py:240: Suite splitting in effect</skipped></testcase><testcase classname="src.pymortests.operators" file="src/pymortests/operators.py" line="240" name="test_project_with_product_2[&lt;lambda&gt;34]" time="0.0004646778106689453"><skipped message="Suite splitting in effect" type="pytest.skip">src/pymortests/operators.py:240: Suite splitting in effect</skipped></testcase><testcase classname="src.pymortests.operators" file="src/pymortests/operators.py" line="240" name="test_project_with_product_2[&lt;lambda&gt;35]" time="0.0004787445068359375"><skipped message="Suite splitting in effect" type="pytest.skip">src/pymortests/operators.py:240: Suite splitting in effect</skipped></testcase><testcase classname="src.pymortests.operators" file="src/pymortests/operators.py" line="240" name="test_project_with_product_2[&lt;lambda&gt;36]" time="0.00046324729919433594"><skipped message="Suite splitting in effect" type="pytest.skip">src/pymortests/operators.py:240: Suite splitting in effect</skipped></testcase><testcase classname="src.pymortests.operators" file="src/pymortests/operators.py" line="256" name="test_jacobian[&lt;lambda&gt;0]" time="0.00045299530029296875"><skipped message="Suite splitting in effect" type="pytest.skip">src/pymortests/operators.py:256: Suite splitting in effect</skipped></testcase><testcase classname="src.pymortests.operators" file="src/pymortests/operators.py" line="256" name="test_jacobian[&lt;lambda&gt;1]" time="0.000457763671875"><skipped message="Suite splitting in effect" type="pytest.skip">src/pymortests/operators.py:256: Suite splitting in effect</skipped></testcase><testcase classname="src.pymortests.operators" file="src/pymortests/operators.py" line="256" name="test_jacobian[&lt;lambda&gt;2]" time="0.0004754066467285156"><skipped message="Suite splitting in effect" type="pytest.skip">src/pymortests/operators.py:256: Suite splitting in effect</skipped></testcase><testcase classname="src.pymortests.operators" file="src/pymortests/operators.py" line="256" name="test_jacobian[&lt;lambda&gt;3]" time="0.0007526874542236328"><skipped message="Suite splitting in effect" type="pytest.skip">src/pymortests/operators.py:256: Suite splitting in effect</skipped></testcase><testcase classname="src.pymortests.operators" file="src/pymortests/operators.py" line="256" name="test_jacobian[&lt;lambda&gt;4]" time="0.0004544258117675781"><skipped message="Suite splitting in effect" type="pytest.skip">src/pymortests/operators.py:256: Suite splitting in effect</skipped></testcase><testcase classname="src.pymortests.operators" file="src/pymortests/operators.py" line="256" name="test_jacobian[&lt;lambda&gt;5]" time="0.0004642009735107422"><skipped message="Suite splitting in effect" type="pytest.skip">src/pymortests/operators.py:256: Suite splitting in effect</skipped></testcase><testcase classname="src.pymortests.operators" file="src/pymortests/operators.py" line="256" name="test_jacobian[&lt;lambda&gt;6]" time="0.0005242824554443359"><skipped message="Suite splitting in effect" type="pytest.skip">src/pymortests/operators.py:256: Suite splitting in effect</skipped></testcase><testcase classname="src.pymortests.operators" file="src/pymortests/operators.py" line="256" name="test_jacobian[&lt;lambda&gt;7]" time="0.00044727325439453125"><skipped message="Suite splitting in effect" type="pytest.skip">src/pymortests/operators.py:256: Suite splitting in effect</skipped></testcase><testcase classname="src.pymortests.operators" file="src/pymortests/operators.py" line="256" name="test_jacobian[&lt;lambda&gt;8]" time="0.0005054473876953125"><skipped message="Suite splitting in effect" type="pytest.skip">src/pymortests/operators.py:256: Suite splitting in effect</skipped></testcase><testcase classname="src.pymortests.operators" file="src/pymortests/operators.py" line="256" name="test_jacobian[&lt;lambda&gt;9]" time="0.0005457401275634766"><skipped message="Suite splitting in effect" type="pytest.skip">src/pymortests/operators.py:256: Suite splitting in effect</skipped></testcase><testcase classname="src.pymortests.operators" file="src/pymortests/operators.py" line="256" name="test_jacobian[&lt;lambda&gt;10]" time="0.0004401206970214844"><skipped message="Suite splitting in effect" type="pytest.skip">src/pymortests/operators.py:256: Suite splitting in effect</skipped></testcase><testcase classname="src.pymortests.operators" file="src/pymortests/operators.py" line="256" name="test_jacobian[&lt;lambda&gt;11]" time="0.0007576942443847656"><skipped message="Suite splitting in effect" type="pytest.skip">src/pymortests/operators.py:256: Suite splitting in effect</skipped></testcase><testcase classname="src.pymortests.operators" file="src/pymortests/operators.py" line="256" name="test_jacobian[&lt;lambda&gt;12]" time="0.00043582916259765625"><skipped message="Suite splitting in effect" type="pytest.skip">src/pymortests/operators.py:256: Suite splitting in effect</skipped></testcase><testcase classname="src.pymortests.operators" file="src/pymortests/operators.py" line="256" name="test_jacobian[&lt;lambda&gt;13]" time="0.0004286766052246094"><skipped message="Suite splitting in effect" type="pytest.skip">src/pymortests/operators.py:256: Suite splitting in effect</skipped></testcase><testcase classname="src.pymortests.operators" file="src/pymortests/operators.py" line="256" name="test_jacobian[&lt;lambda&gt;14]" time="0.0004191398620605469"><skipped message="Suite splitting in effect" type="pytest.skip">src/pymortests/operators.py:256: Suite splitting in effect</skipped></testcase><testcase classname="src.pymortests.operators" file="src/pymortests/operators.py" line="256" name="test_jacobian[&lt;lambda&gt;15]" time="0.0004374980926513672"><skipped message="Suite splitting in effect" type="pytest.skip">src/pymortests/operators.py:256: Suite splitting in effect</skipped></testcase><testcase classname="src.pymortests.operators" file="src/pymortests/operators.py" line="256" name="test_jacobian[&lt;lambda&gt;16]" time="0.0004591941833496094"><skipped message="Suite splitting in effect" type="pytest.skip">src/pymortests/operators.py:256: Suite splitting in effect</skipped></testcase><testcase classname="src.pymortests.operators" file="src/pymortests/operators.py" line="256" name="test_jacobian[&lt;lambda&gt;17]" time="0.00043392181396484375"><skipped message="Suite splitting in effect" type="pytest.skip">src/pymortests/operators.py:256: Suite splitting in effect</skipped></testcase><testcase classname="src.pymortests.operators" file="src/pymortests/operators.py" line="256" name="test_jacobian[&lt;lambda&gt;18]" time="0.00042176246643066406"><skipped message="Suite splitting in effect" type="pytest.skip">src/pymortests/operators.py:256: Suite splitting in effect</skipped></testcase><testcase classname="src.pymortests.operators" file="src/pymortests/operators.py" line="256" name="test_jacobian[&lt;lambda&gt;19]" time="0.0007348060607910156"><skipped message="Suite splitting in effect" type="pytest.skip">src/pymortests/operators.py:256: Suite splitting in effect</skipped></testcase><testcase classname="src.pymortests.operators" file="src/pymortests/operators.py" line="256" name="test_jacobian[&lt;lambda&gt;20]" time="0.00043272972106933594"><skipped message="Suite splitting in effect" type="pytest.skip">src/pymortests/operators.py:256: Suite splitting in effect</skipped></testcase><testcase classname="src.pymortests.operators" file="src/pymortests/operators.py" line="256" name="test_jacobian[&lt;lambda&gt;21]" time="0.0004565715789794922"><skipped message="Suite splitting in effect" type="pytest.skip">src/pymortests/operators.py:256: Suite splitting in effect</skipped></testcase><testcase classname="src.pymortests.operators" file="src/pymortests/operators.py" line="256" name="test_jacobian[&lt;lambda&gt;22]" time="0.0004448890686035156"><skipped message="Suite splitting in effect" type="pytest.skip">src/pymortests/operators.py:256: Suite splitting in effect</skipped></testcase><testcase classname="src.pymortests.operators" file="src/pymortests/operators.py" line="256" name="test_jacobian[&lt;lambda&gt;23]" time="0.0004374980926513672"><skipped message="Suite splitting in effect" type="pytest.skip">src/pymortests/operators.py:256: Suite splitting in effect</skipped></testcase><testcase classname="src.pymortests.operators" file="src/pymortests/operators.py" line="256" name="test_jacobian[&lt;lambda&gt;24]" time="0.00044274330139160156"><skipped message="Suite splitting in effect" type="pytest.skip">src/pymortests/operators.py:256: Suite splitting in effect</skipped></testcase><testcase classname="src.pymortests.operators" file="src/pymortests/operators.py" line="256" name="test_jacobian[&lt;lambda&gt;25]" time="0.0004420280456542969"><skipped message="Suite splitting in effect" type="pytest.skip">src/pymortests/operators.py:256: Suite splitting in effect</skipped></testcase><testcase classname="src.pymortests.operators" file="src/pymortests/operators.py" line="256" name="test_jacobian[&lt;lambda&gt;26]" time="0.000446319580078125"><skipped message="Suite splitting in effect" type="pytest.skip">src/pymortests/operators.py:256: Suite splitting in effect</skipped></testcase><testcase classname="src.pymortests.operators" file="src/pymortests/operators.py" line="256" name="test_jacobian[&lt;lambda&gt;27]" time="0.0007221698760986328"><skipped message="Suite splitting in effect" type="pytest.skip">src/pymortests/operators.py:256: Suite splitting in effect</skipped></testcase><testcase classname="src.pymortests.operators" file="src/pymortests/operators.py" line="256" name="test_jacobian[&lt;lambda&gt;28]" time="0.0004825592041015625"><skipped message="Suite splitting in effect" type="pytest.skip">src/pymortests/operators.py:256: Suite splitting in effect</skipped></testcase><testcase classname="src.pymortests.operators" file="src/pymortests/operators.py" line="256" name="test_jacobian[&lt;lambda&gt;29]" time="0.0004558563232421875"><skipped message="Suite splitting in effect" type="pytest.skip">src/pymortests/operators.py:256: Suite splitting in effect</skipped></testcase><testcase classname="src.pymortests.operators" file="src/pymortests/operators.py" line="256" name="test_jacobian[&lt;lambda&gt;30]" time="0.00045299530029296875"><skipped message="Suite splitting in effect" type="pytest.skip">src/pymortests/operators.py:256: Suite splitting in effect</skipped></testcase><testcase classname="src.pymortests.operators" file="src/pymortests/operators.py" line="256" name="test_jacobian[&lt;lambda&gt;31]" time="0.0004322528839111328"><skipped message="Suite splitting in effect" type="pytest.skip">src/pymortests/operators.py:256: Suite splitting in effect</skipped></testcase><testcase classname="src.pymortests.operators" file="src/pymortests/operators.py" line="256" name="test_jacobian[&lt;lambda&gt;32]" time="0.0004296302795410156"><skipped message="Suite splitting in effect" type="pytest.skip">src/pymortests/operators.py:256: Suite splitting in effect</skipped></testcase><testcase classname="src.pymortests.operators" file="src/pymortests/operators.py" line="256" name="test_jacobian[&lt;lambda&gt;33]" time="0.00043320655822753906"><skipped message="Suite splitting in effect" type="pytest.skip">src/pymortests/operators.py:256: Suite splitting in effect</skipped></testcase><testcase classname="src.pymortests.operators" file="src/pymortests/operators.py" line="256" name="test_jacobian[&lt;lambda&gt;34]" time="0.00045228004455566406"><skipped message="Suite splitting in effect" type="pytest.skip">src/pymortests/operators.py:256: Suite splitting in effect</skipped></testcase><testcase classname="src.pymortests.operators" file="src/pymortests/operators.py" line="256" name="test_jacobian[&lt;lambda&gt;35]" time="0.0007221698760986328"><skipped message="Suite splitting in effect" type="pytest.skip">src/pymortests/operators.py:256: Suite splitting in effect</skipped></testcase><testcase classname="src.pymortests.operators" file="src/pymortests/operators.py" line="256" name="test_jacobian[&lt;lambda&gt;36]" time="0.0004341602325439453"><skipped message="Suite splitting in effect" type="pytest.skip">src/pymortests/operators.py:256: Suite splitting in effect</skipped></testcase><testcase classname="src.pymortests.operators" file="src/pymortests/operators.py" line="256" name="test_jacobian[&lt;lambda&gt;37]" time="0.00043392181396484375"><skipped message="Suite splitting in effect" type="pytest.skip">src/pymortests/operators.py:256: Suite splitting in effect</skipped></testcase><testcase classname="src.pymortests.operators" file="src/pymortests/operators.py" line="256" name="test_jacobian[&lt;lambda&gt;38]" time="0.0004425048828125"><skipped message="Suite splitting in effect" type="pytest.skip">src/pymortests/operators.py:256: Suite splitting in effect</skipped></testcase><testcase classname="src.pymortests.operators" file="src/pymortests/operators.py" line="256" name="test_jacobian[&lt;lambda&gt;39]" time="0.00043320655822753906"><skipped message="Suite splitting in effect" type="pytest.skip">src/pymortests/operators.py:256: Suite splitting in effect</skipped></testcase><testcase classname="src.pymortests.operators" file="src/pymortests/operators.py" line="256" name="test_jacobian[&lt;lambda&gt;40]" time="0.0004265308380126953"><skipped message="Suite splitting in effect" type="pytest.skip">src/pymortests/operators.py:256: Suite splitting in effect</skipped></testcase><testcase classname="src.pymortests.operators" file="src/pymortests/operators.py" line="269" name="test_assemble[&lt;lambda&gt;0]" time="0.00043773651123046875"><skipped message="Suite splitting in effect" type="pytest.skip">src/pymortests/operators.py:269: Suite splitting in effect</skipped></testcase><testcase classname="src.pymortests.operators" file="src/pymortests/operators.py" line="269" name="test_assemble[&lt;lambda&gt;1]" time="0.0004432201385498047"><skipped message="Suite splitting in effect" type="pytest.skip">src/pymortests/operators.py:269: Suite splitting in effect</skipped></testcase><testcase classname="src.pymortests.operators" file="src/pymortests/operators.py" line="269" name="test_assemble[&lt;lambda&gt;2]" time="0.0007386207580566406"><skipped message="Suite splitting in effect" type="pytest.skip">src/pymortests/operators.py:269: Suite splitting in effect</skipped></testcase><testcase classname="src.pymortests.operators" file="src/pymortests/operators.py" line="269" name="test_assemble[&lt;lambda&gt;3]" time="0.0004353523254394531"><skipped message="Suite splitting in effect" type="pytest.skip">src/pymortests/operators.py:269: Suite splitting in effect</skipped></testcase><testcase classname="src.pymortests.operators" file="src/pymortests/operators.py" line="269" name="test_assemble[&lt;lambda&gt;4]" time="0.0004165172576904297"><skipped message="Suite splitting in effect" type="pytest.skip">src/pymortests/operators.py:269: Suite splitting in effect</skipped></testcase><testcase classname="src.pymortests.operators" file="src/pymortests/operators.py" line="269" name="test_assemble[&lt;lambda&gt;5]" time="0.00043392181396484375"><skipped message="Suite splitting in effect" type="pytest.skip">src/pymortests/operators.py:269: Suite splitting in effect</skipped></testcase><testcase classname="src.pymortests.operators" file="src/pymortests/operators.py" line="269" name="test_assemble[&lt;lambda&gt;6]" time="0.0005927085876464844"><skipped message="Suite splitting in effect" type="pytest.skip">src/pymortests/operators.py:269: Suite splitting in effect</skipped></testcase><testcase classname="src.pymortests.operators" file="src/pymortests/operators.py" line="269" name="test_assemble[&lt;lambda&gt;7]" time="0.00042700767517089844"><skipped message="Suite splitting in effect" type="pytest.skip">src/pymortests/operators.py:269: Suite splitting in effect</skipped></testcase><testcase classname="src.pymortests.operators" file="src/pymortests/operators.py" line="269" name="test_assemble[&lt;lambda&gt;8]" time="0.00043487548828125"><skipped message="Suite splitting in effect" type="pytest.skip">src/pymortests/operators.py:269: Suite splitting in effect</skipped></testcase><testcase classname="src.pymortests.operators" file="src/pymortests/operators.py" line="269" name="test_assemble[&lt;lambda&gt;9]" time="0.0004413127899169922"><skipped message="Suite splitting in effect" type="pytest.skip">src/pymortests/operators.py:269: Suite splitting in effect</skipped></testcase><testcase classname="src.pymortests.operators" file="src/pymortests/operators.py" line="269" name="test_assemble[&lt;lambda&gt;10]" time="0.0007293224334716797"><skipped message="Suite splitting in effect" type="pytest.skip">src/pymortests/operators.py:269: Suite splitting in effect</skipped></testcase><testcase classname="src.pymortests.operators" file="src/pymortests/operators.py" line="269" name="test_assemble[&lt;lambda&gt;11]" time="0.0004620552062988281"><skipped message="Suite splitting in effect" type="pytest.skip">src/pymortests/operators.py:269: Suite splitting in effect</skipped></testcase><testcase classname="src.pymortests.operators" file="src/pymortests/operators.py" line="269" name="test_assemble[&lt;lambda&gt;12]" time="0.00041985511779785156"><skipped message="Suite splitting in effect" type="pytest.skip">src/pymortests/operators.py:269: Suite splitting in effect</skipped></testcase><testcase classname="src.pymortests.operators" file="src/pymortests/operators.py" line="269" name="test_assemble[&lt;lambda&gt;13]" time="0.00043892860412597656"><skipped message="Suite splitting in effect" type="pytest.skip">src/pymortests/operators.py:269: Suite splitting in effect</skipped></testcase><testcase classname="src.pymortests.operators" file="src/pymortests/operators.py" line="269" name="test_assemble[&lt;lambda&gt;14]" time="0.00043654441833496094"><skipped message="Suite splitting in effect" type="pytest.skip">src/pymortests/operators.py:269: Suite splitting in effect</skipped></testcase><testcase classname="src.pymortests.operators" file="src/pymortests/operators.py" line="269" name="test_assemble[&lt;lambda&gt;15]" time="0.0004439353942871094"><skipped message="Suite splitting in effect" type="pytest.skip">src/pymortests/operators.py:269: Suite splitting in effect</skipped></testcase><testcase classname="src.pymortests.operators" file="src/pymortests/operators.py" line="269" name="test_assemble[&lt;lambda&gt;16]" time="0.00044155120849609375"><skipped message="Suite splitting in effect" type="pytest.skip">src/pymortests/operators.py:269: Suite splitting in effect</skipped></testcase><testcase classname="src.pymortests.operators" file="src/pymortests/operators.py" line="269" name="test_assemble[&lt;lambda&gt;17]" time="0.00042748451232910156"><skipped message="Suite splitting in effect" type="pytest.skip">src/pymortests/operators.py:269: Suite splitting in effect</skipped></testcase><testcase classname="src.pymortests.operators" file="src/pymortests/operators.py" line="269" name="test_assemble[&lt;lambda&gt;18]" time="0.000762939453125"><skipped message="Suite splitting in effect" type="pytest.skip">src/pymortests/operators.py:269: Suite splitting in effect</skipped></testcase><testcase classname="src.pymortests.operators" file="src/pymortests/operators.py" line="269" name="test_assemble[&lt;lambda&gt;19]" time="0.00043320655822753906"><skipped message="Suite splitting in effect" type="pytest.skip">src/pymortests/operators.py:269: Suite splitting in effect</skipped></testcase><testcase classname="src.pymortests.operators" file="src/pymortests/operators.py" line="269" name="test_assemble[&lt;lambda&gt;20]" time="0.00042629241943359375"><skipped message="Suite splitting in effect" type="pytest.skip">src/pymortests/operators.py:269: Suite splitting in effect</skipped></testcase><testcase classname="src.pymortests.operators" file="src/pymortests/operators.py" line="269" name="test_assemble[&lt;lambda&gt;21]" time="0.00043511390686035156"><skipped message="Suite splitting in effect" type="pytest.skip">src/pymortests/operators.py:269: Suite splitting in effect</skipped></testcase><testcase classname="src.pymortests.operators" file="src/pymortests/operators.py" line="269" name="test_assemble[&lt;lambda&gt;22]" time="0.0004436969757080078"><skipped message="Suite splitting in effect" type="pytest.skip">src/pymortests/operators.py:269: Suite splitting in effect</skipped></testcase><testcase classname="src.pymortests.operators" file="src/pymortests/operators.py" line="269" name="test_assemble[&lt;lambda&gt;23]" time="0.00045609474182128906"><skipped message="Suite splitting in effect" type="pytest.skip">src/pymortests/operators.py:269: Suite splitting in effect</skipped></testcase><testcase classname="src.pymortests.operators" file="src/pymortests/operators.py" line="269" name="test_assemble[&lt;lambda&gt;24]" time="0.0004401206970214844"><skipped message="Suite splitting in effect" type="pytest.skip">src/pymortests/operators.py:269: Suite splitting in effect</skipped></testcase><testcase classname="src.pymortests.operators" file="src/pymortests/operators.py" line="269" name="test_assemble[&lt;lambda&gt;25]" time="0.0004448890686035156"><skipped message="Suite splitting in effect" type="pytest.skip">src/pymortests/operators.py:269: Suite splitting in effect</skipped></testcase><testcase classname="src.pymortests.operators" file="src/pymortests/operators.py" line="269" name="test_assemble[&lt;lambda&gt;26]" time="0.0007431507110595703"><skipped message="Suite splitting in effect" type="pytest.skip">src/pymortests/operators.py:269: Suite splitting in effect</skipped></testcase><testcase classname="src.pymortests.operators" file="src/pymortests/operators.py" line="269" name="test_assemble[&lt;lambda&gt;27]" time="0.00044536590576171875"><skipped message="Suite splitting in effect" type="pytest.skip">src/pymortests/operators.py:269: Suite splitting in effect</skipped></testcase><testcase classname="src.pymortests.operators" file="src/pymortests/operators.py" line="269" name="test_assemble[&lt;lambda&gt;28]" time="0.0004367828369140625"><skipped message="Suite splitting in effect" type="pytest.skip">src/pymortests/operators.py:269: Suite splitting in effect</skipped></testcase><testcase classname="src.pymortests.operators" file="src/pymortests/operators.py" line="269" name="test_assemble[&lt;lambda&gt;29]" time="0.00043487548828125"><skipped message="Suite splitting in effect" type="pytest.skip">src/pymortests/operators.py:269: Suite splitting in effect</skipped></testcase><testcase classname="src.pymortests.operators" file="src/pymortests/operators.py" line="269" name="test_assemble[&lt;lambda&gt;30]" time="0.0004487037658691406"><skipped message="Suite splitting in effect" type="pytest.skip">src/pymortests/operators.py:269: Suite splitting in effect</skipped></testcase><testcase classname="src.pymortests.operators" file="src/pymortests/operators.py" line="269" name="test_assemble[&lt;lambda&gt;31]" time="0.0004363059997558594"><skipped message="Suite splitting in effect" type="pytest.skip">src/pymortests/operators.py:269: Suite splitting in effect</skipped></testcase><testcase classname="src.pymortests.operators" file="src/pymortests/operators.py" line="269" name="test_assemble[&lt;lambda&gt;32]" time="0.0004417896270751953"><skipped message="Suite splitting in effect" type="pytest.skip">src/pymortests/operators.py:269: Suite splitting in effect</skipped></testcase><testcase classname="src.pymortests.operators" file="src/pymortests/operators.py" line="269" name="test_assemble[&lt;lambda&gt;33]" time="0.0004444122314453125"><skipped message="Suite splitting in effect" type="pytest.skip">src/pymortests/operators.py:269: Suite splitting in effect</skipped></testcase><testcase classname="src.pymortests.operators" file="src/pymortests/operators.py" line="269" name="test_assemble[&lt;lambda&gt;34]" time="0.0007569789886474609"><skipped message="Suite splitting in effect" type="pytest.skip">src/pymortests/operators.py:269: Suite splitting in effect</skipped></testcase><testcase classname="src.pymortests.operators" file="src/pymortests/operators.py" line="269" name="test_assemble[&lt;lambda&gt;35]" time="0.0005173683166503906"><skipped message="Suite splitting in effect" type="pytest.skip">src/pymortests/operators.py:269: Suite splitting in effect</skipped></testcase><testcase classname="src.pymortests.operators" file="src/pymortests/operators.py" line="269" name="test_assemble[&lt;lambda&gt;36]" time="0.000446319580078125"><skipped message="Suite splitting in effect" type="pytest.skip">src/pymortests/operators.py:269: Suite splitting in effect</skipped></testcase><testcase classname="src.pymortests.operators" file="src/pymortests/operators.py" line="269" name="test_assemble[&lt;lambda&gt;37]" time="0.0004608631134033203"><skipped message="Suite splitting in effect" type="pytest.skip">src/pymortests/operators.py:269: Suite splitting in effect</skipped></testcase><testcase classname="src.pymortests.operators" file="src/pymortests/operators.py" line="269" name="test_assemble[&lt;lambda&gt;38]" time="0.0004477500915527344"><skipped message="Suite splitting in effect" type="pytest.skip">src/pymortests/operators.py:269: Suite splitting in effect</skipped></testcase><testcase classname="src.pymortests.operators" file="src/pymortests/operators.py" line="269" name="test_assemble[&lt;lambda&gt;39]" time="0.00043892860412597656"><skipped message="Suite splitting in effect" type="pytest.skip">src/pymortests/operators.py:269: Suite splitting in effect</skipped></testcase><testcase classname="src.pymortests.operators" file="src/pymortests/operators.py" line="269" name="test_assemble[&lt;lambda&gt;40]" time="0.0004322528839111328"><skipped message="Suite splitting in effect" type="pytest.skip">src/pymortests/operators.py:269: Suite splitting in effect</skipped></testcase><testcase classname="src.pymortests.operators" file="src/pymortests/operators.py" line="298" name="test_restricted[&lt;lambda&gt;0]" time="0.0004317760467529297"><skipped message="Suite splitting in effect" type="pytest.skip">src/pymortests/operators.py:298: Suite splitting in effect</skipped></testcase><testcase classname="src.pymortests.operators" file="src/pymortests/operators.py" line="298" name="test_restricted[&lt;lambda&gt;1]" time="0.0009658336639404297"><skipped message="Suite splitting in effect" type="pytest.skip">src/pymortests/operators.py:298: Suite splitting in effect</skipped></testcase><testcase classname="src.pymortests.operators" file="src/pymortests/operators.py" line="298" name="test_restricted[&lt;lambda&gt;2]" time="0.00045228004455566406"><skipped message="Suite splitting in effect" type="pytest.skip">src/pymortests/operators.py:298: Suite splitting in effect</skipped></testcase><testcase classname="src.pymortests.operators" file="src/pymortests/operators.py" line="298" name="test_restricted[&lt;lambda&gt;3]" time="0.0004286766052246094"><skipped message="Suite splitting in effect" type="pytest.skip">src/pymortests/operators.py:298: Suite splitting in effect</skipped></testcase><testcase classname="src.pymortests.operators" file="src/pymortests/operators.py" line="298" name="test_restricted[&lt;lambda&gt;4]" time="0.00044918060302734375"><skipped message="Suite splitting in effect" type="pytest.skip">src/pymortests/operators.py:298: Suite splitting in effect</skipped></testcase><testcase classname="src.pymortests.operators" file="src/pymortests/operators.py" line="298" name="test_restricted[&lt;lambda&gt;5]" time="0.00046515464782714844"><skipped message="Suite splitting in effect" type="pytest.skip">src/pymortests/operators.py:298: Suite splitting in effect</skipped></testcase><testcase classname="src.pymortests.operators" file="src/pymortests/operators.py" line="298" name="test_restricted[&lt;lambda&gt;6]" time="0.00043392181396484375"><skipped message="Suite splitting in effect" type="pytest.skip">src/pymortests/operators.py:298: Suite splitting in effect</skipped></testcase><testcase classname="src.pymortests.operators" file="src/pymortests/operators.py" line="298" name="test_restricted[&lt;lambda&gt;7]" time="0.0004665851593017578"><skipped message="Suite splitting in effect" type="pytest.skip">src/pymortests/operators.py:298: Suite splitting in effect</skipped></testcase><testcase classname="src.pymortests.operators" file="src/pymortests/operators.py" line="298" name="test_restricted[&lt;lambda&gt;8]" time="0.00043654441833496094"><skipped message="Suite splitting in effect" type="pytest.skip">src/pymortests/operators.py:298: Suite splitting in effect</skipped></testcase><testcase classname="src.pymortests.operators" file="src/pymortests/operators.py" line="298" name="test_restricted[&lt;lambda&gt;9]" time="0.0007407665252685547"><skipped message="Suite splitting in effect" type="pytest.skip">src/pymortests/operators.py:298: Suite splitting in effect</skipped></testcase><testcase classname="src.pymortests.operators" file="src/pymortests/operators.py" line="298" name="test_restricted[&lt;lambda&gt;10]" time="0.00043320655822753906"><skipped message="Suite splitting in effect" type="pytest.skip">src/pymortests/operators.py:298: Suite splitting in effect</skipped></testcase><testcase classname="src.pymortests.operators" file="src/pymortests/operators.py" line="298" name="test_restricted[&lt;lambda&gt;11]" time="0.0004608631134033203"><skipped message="Suite splitting in effect" type="pytest.skip">src/pymortests/operators.py:298: Suite splitting in effect</skipped></testcase><testcase classname="src.pymortests.operators" file="src/pymortests/operators.py" line="298" name="test_restricted[&lt;lambda&gt;12]" time="0.0004374980926513672"><skipped message="Suite splitting in effect" type="pytest.skip">src/pymortests/operators.py:298: Suite splitting in effect</skipped></testcase><testcase classname="src.pymortests.operators" file="src/pymortests/operators.py" line="298" name="test_restricted[&lt;lambda&gt;13]" time="0.0004372596740722656"><skipped message="Suite splitting in effect" type="pytest.skip">src/pymortests/operators.py:298: Suite splitting in effect</skipped></testcase><testcase classname="src.pymortests.operators" file="src/pymortests/operators.py" line="298" name="test_restricted[&lt;lambda&gt;14]" time="0.0004239082336425781"><skipped message="Suite splitting in effect" type="pytest.skip">src/pymortests/operators.py:298: Suite splitting in effect</skipped></testcase><testcase classname="src.pymortests.operators" file="src/pymortests/operators.py" line="298" name="test_restricted[&lt;lambda&gt;15]" time="0.00044345855712890625"><skipped message="Suite splitting in effect" type="pytest.skip">src/pymortests/operators.py:298: Suite splitting in effect</skipped></testcase><testcase classname="src.pymortests.operators" file="src/pymortests/operators.py" line="298" name="test_restricted[&lt;lambda&gt;16]" time="0.0004260540008544922"><skipped message="Suite splitting in effect" type="pytest.skip">src/pymortests/operators.py:298: Suite splitting in effect</skipped></testcase><testcase classname="src.pymortests.operators" file="src/pymortests/operators.py" line="298" name="test_restricted[&lt;lambda&gt;17]" time="0.0007593631744384766"><skipped message="Suite splitting in effect" type="pytest.skip">src/pymortests/operators.py:298: Suite splitting in effect</skipped></testcase><testcase classname="src.pymortests.operators" file="src/pymortests/operators.py" line="298" name="test_restricted[&lt;lambda&gt;18]" time="0.0004820823669433594"><skipped message="Suite splitting in effect" type="pytest.skip">src/pymortests/operators.py:298: Suite splitting in effect</skipped></testcase><testcase classname="src.pymortests.operators" file="src/pymortests/operators.py" line="298" name="test_restricted[&lt;lambda&gt;19]" time="0.0004363059997558594"><skipped message="Suite splitting in effect" type="pytest.skip">src/pymortests/operators.py:298: Suite splitting in effect</skipped></testcase><testcase classname="src.pymortests.operators" file="src/pymortests/operators.py" line="298" name="test_restricted[&lt;lambda&gt;20]" time="0.00043463706970214844"><skipped message="Suite splitting in effect" type="pytest.skip">src/pymortests/operators.py:298: Suite splitting in effect</skipped></testcase><testcase classname="src.pymortests.operators" file="src/pymortests/operators.py" line="298" name="test_restricted[&lt;lambda&gt;21]" time="0.0004150867462158203"><skipped message="Suite splitting in effect" type="pytest.skip">src/pymortests/operators.py:298: Suite splitting in effect</skipped></testcase><testcase classname="src.pymortests.operators" file="src/pymortests/operators.py" line="298" name="test_restricted[&lt;lambda&gt;22]" time="0.0004856586456298828"><skipped message="Suite splitting in effect" type="pytest.skip">src/pymortests/operators.py:298: Suite splitting in effect</skipped></testcase><testcase classname="src.pymortests.operators" file="src/pymortests/operators.py" line="298" name="test_restricted[&lt;lambda&gt;23]" time="0.000408172607421875"><skipped message="Suite splitting in effect" type="pytest.skip">src/pymortests/operators.py:298: Suite splitting in effect</skipped></testcase><testcase classname="src.pymortests.operators" file="src/pymortests/operators.py" line="298" name="test_restricted[&lt;lambda&gt;24]" time="0.0004215240478515625"><skipped message="Suite splitting in effect" type="pytest.skip">src/pymortests/operators.py:298: Suite splitting in effect</skipped></testcase><testcase classname="src.pymortests.operators" file="src/pymortests/operators.py" line="298" name="test_restricted[&lt;lambda&gt;25]" time="0.0007464885711669922"><skipped message="Suite splitting in effect" type="pytest.skip">src/pymortests/operators.py:298: Suite splitting in effect</skipped></testcase><testcase classname="src.pymortests.operators" file="src/pymortests/operators.py" line="298" name="test_restricted[&lt;lambda&gt;26]" time="0.0004177093505859375"><skipped message="Suite splitting in effect" type="pytest.skip">src/pymortests/operators.py:298: Suite splitting in effect</skipped></testcase><testcase classname="src.pymortests.operators" file="src/pymortests/operators.py" line="298" name="test_restricted[&lt;lambda&gt;27]" time="0.00040912628173828125"><skipped message="Suite splitting in effect" type="pytest.skip">src/pymortests/operators.py:298: Suite splitting in effect</skipped></testcase><testcase classname="src.pymortests.operators" file="src/pymortests/operators.py" line="298" name="test_restricted[&lt;lambda&gt;28]" time="0.0004260540008544922"><skipped message="Suite splitting in effect" type="pytest.skip">src/pymortests/operators.py:298: Suite splitting in effect</skipped></testcase><testcase classname="src.pymortests.operators" file="src/pymortests/operators.py" line="298" name="test_restricted[&lt;lambda&gt;29]" time="0.00041866302490234375"><skipped message="Suite splitting in effect" type="pytest.skip">src/pymortests/operators.py:298: Suite splitting in effect</skipped></testcase><testcase classname="src.pymortests.operators" file="src/pymortests/operators.py" line="298" name="test_restricted[&lt;lambda&gt;30]" time="0.0004315376281738281"><skipped message="Suite splitting in effect" type="pytest.skip">src/pymortests/operators.py:298: Suite splitting in effect</skipped></testcase><testcase classname="src.pymortests.operators" file="src/pymortests/operators.py" line="298" name="test_restricted[&lt;lambda&gt;31]" time="0.0004398822784423828"><skipped message="Suite splitting in effect" type="pytest.skip">src/pymortests/operators.py:298: Suite splitting in effect</skipped></testcase><testcase classname="src.pymortests.operators" file="src/pymortests/operators.py" line="298" name="test_restricted[&lt;lambda&gt;32]" time="0.0004260540008544922"><skipped message="Suite splitting in effect" type="pytest.skip">src/pymortests/operators.py:298: Suite splitting in effect</skipped></testcase><testcase classname="src.pymortests.operators" file="src/pymortests/operators.py" line="298" name="test_restricted[&lt;lambda&gt;33]" time="0.0007388591766357422"><skipped message="Suite splitting in effect" type="pytest.skip">src/pymortests/operators.py:298: Suite splitting in effect</skipped></testcase><testcase classname="src.pymortests.operators" file="src/pymortests/operators.py" line="298" name="test_restricted[&lt;lambda&gt;34]" time="0.0004329681396484375"><skipped message="Suite splitting in effect" type="pytest.skip">src/pymortests/operators.py:298: Suite splitting in effect</skipped></testcase><testcase classname="src.pymortests.operators" file="src/pymortests/operators.py" line="298" name="test_restricted[&lt;lambda&gt;35]" time="0.0004172325134277344"><skipped message="Suite splitting in effect" type="pytest.skip">src/pymortests/operators.py:298: Suite splitting in effect</skipped></testcase><testcase classname="src.pymortests.operators" file="src/pymortests/operators.py" line="298" name="test_restricted[&lt;lambda&gt;36]" time="0.0004253387451171875"><skipped message="Suite splitting in effect" type="pytest.skip">src/pymortests/operators.py:298: Suite splitting in effect</skipped></testcase><testcase classname="src.pymortests.operators" file="src/pymortests/operators.py" line="298" name="test_restricted[&lt;lambda&gt;37]" time="0.000423431396484375"><skipped message="Suite splitting in effect" type="pytest.skip">src/pymortests/operators.py:298: Suite splitting in effect</skipped></testcase><testcase classname="src.pymortests.operators" file="src/pymortests/operators.py" line="298" name="test_restricted[&lt;lambda&gt;38]" time="0.0004596710205078125"><skipped message="Suite splitting in effect" type="pytest.skip">src/pymortests/operators.py:298: Suite splitting in effect</skipped></testcase><testcase classname="src.pymortests.operators" file="src/pymortests/operators.py" line="298" name="test_restricted[&lt;lambda&gt;39]" time="0.00042629241943359375"><skipped message="Suite splitting in effect" type="pytest.skip">src/pymortests/operators.py:298: Suite splitting in effect</skipped></testcase><testcase classname="src.pymortests.operators" file="src/pymortests/operators.py" line="298" name="test_restricted[&lt;lambda&gt;40]" time="0.0004303455352783203"><skipped message="Suite splitting in effect" type="pytest.skip">src/pymortests/operators.py:298: Suite splitting in effect</skipped></testcase><testcase classname="src.pymortests.operators" file="src/pymortests/operators.py" line="314" name="test_InverseOperator[&lt;lambda&gt;0]" time="0.0007450580596923828"><skipped message="Suite splitting in effect" type="pytest.skip">src/pymortests/operators.py:314: Suite splitting in effect</skipped></testcase><testcase classname="src.pymortests.operators" file="src/pymortests/operators.py" line="314" name="test_InverseOperator[&lt;lambda&gt;1]" time="0.00047397613525390625"><skipped message="Suite splitting in effect" type="pytest.skip">src/pymortests/operators.py:314: Suite splitting in effect</skipped></testcase><testcase classname="src.pymortests.operators" file="src/pymortests/operators.py" line="314" name="test_InverseOperator[&lt;lambda&gt;2]" time="0.00045013427734375"><skipped message="Suite splitting in effect" type="pytest.skip">src/pymortests/operators.py:314: Suite splitting in effect</skipped></testcase><testcase classname="src.pymortests.operators" file="src/pymortests/operators.py" line="314" name="test_InverseOperator[&lt;lambda&gt;3]" time="0.00041866302490234375"><skipped message="Suite splitting in effect" type="pytest.skip">src/pymortests/operators.py:314: Suite splitting in effect</skipped></testcase><testcase classname="src.pymortests.operators" file="src/pymortests/operators.py" line="314" name="test_InverseOperator[&lt;lambda&gt;4]" time="0.0004417896270751953"><skipped message="Suite splitting in effect" type="pytest.skip">src/pymortests/operators.py:314: Suite splitting in effect</skipped></testcase><testcase classname="src.pymortests.operators" file="src/pymortests/operators.py" line="314" name="test_InverseOperator[&lt;lambda&gt;5]" time="0.00045180320739746094"><skipped message="Suite splitting in effect" type="pytest.skip">src/pymortests/operators.py:314: Suite splitting in effect</skipped></testcase><testcase classname="src.pymortests.operators" file="src/pymortests/operators.py" line="314" name="test_InverseOperator[&lt;lambda&gt;6]" time="0.00043082237243652344"><skipped message="Suite splitting in effect" type="pytest.skip">src/pymortests/operators.py:314: Suite splitting in effect</skipped></testcase><testcase classname="src.pymortests.operators" file="src/pymortests/operators.py" line="314" name="test_InverseOperator[&lt;lambda&gt;7]" time="0.00043845176696777344"><skipped message="Suite splitting in effect" type="pytest.skip">src/pymortests/operators.py:314: Suite splitting in effect</skipped></testcase><testcase classname="src.pymortests.operators" file="src/pymortests/operators.py" line="314" name="test_InverseOperator[&lt;lambda&gt;8]" time="0.0009491443634033203"><skipped message="Suite splitting in effect" type="pytest.skip">src/pymortests/operators.py:314: Suite splitting in effect</skipped></testcase><testcase classname="src.pymortests.operators" file="src/pymortests/operators.py" line="314" name="test_InverseOperator[&lt;lambda&gt;9]" time="0.0004355907440185547"><skipped message="Suite splitting in effect" type="pytest.skip">src/pymortests/operators.py:314: Suite splitting in effect</skipped></testcase><testcase classname="src.pymortests.operators" file="src/pymortests/operators.py" line="314" name="test_InverseOperator[&lt;lambda&gt;10]" time="0.00043964385986328125"><skipped message="Suite splitting in effect" type="pytest.skip">src/pymortests/operators.py:314: Suite splitting in effect</skipped></testcase><testcase classname="src.pymortests.operators" file="src/pymortests/operators.py" line="314" name="test_InverseOperator[&lt;lambda&gt;11]" time="0.0004410743713378906"><skipped message="Suite splitting in effect" type="pytest.skip">src/pymortests/operators.py:314: Suite splitting in effect</skipped></testcase><testcase classname="src.pymortests.operators" file="src/pymortests/operators.py" line="314" name="test_InverseOperator[&lt;lambda&gt;12]" time="0.0004260540008544922"><skipped message="Suite splitting in effect" type="pytest.skip">src/pymortests/operators.py:314: Suite splitting in effect</skipped></testcase><testcase classname="src.pymortests.operators" file="src/pymortests/operators.py" line="314" name="test_InverseOperator[&lt;lambda&gt;13]" time="0.0004241466522216797"><skipped message="Suite splitting in effect" type="pytest.skip">src/pymortests/operators.py:314: Suite splitting in effect</skipped></testcase><testcase classname="src.pymortests.operators" file="src/pymortests/operators.py" line="314" name="test_InverseOperator[&lt;lambda&gt;14]" time="0.00041174888610839844"><skipped message="Suite splitting in effect" type="pytest.skip">src/pymortests/operators.py:314: Suite splitting in effect</skipped></testcase><testcase classname="src.pymortests.operators" file="src/pymortests/operators.py" line="314" name="test_InverseOperator[&lt;lambda&gt;15]" time="0.0004227161407470703"><skipped message="Suite splitting in effect" type="pytest.skip">src/pymortests/operators.py:314: Suite splitting in effect</skipped></testcase><testcase classname="src.pymortests.operators" file="src/pymortests/operators.py" line="314" name="test_InverseOperator[&lt;lambda&gt;16]" time="0.0007746219635009766"><skipped message="Suite splitting in effect" type="pytest.skip">src/pymortests/operators.py:314: Suite splitting in effect</skipped></testcase><testcase classname="src.pymortests.operators" file="src/pymortests/operators.py" line="314" name="test_InverseOperator[&lt;lambda&gt;17]" time="0.0004200935363769531"><skipped message="Suite splitting in effect" type="pytest.skip">src/pymortests/operators.py:314: Suite splitting in effect</skipped></testcase><testcase classname="src.pymortests.operators" file="src/pymortests/operators.py" line="314" name="test_InverseOperator[&lt;lambda&gt;18]" time="0.00040841102600097656"><skipped message="Suite splitting in effect" type="pytest.skip">src/pymortests/operators.py:314: Suite splitting in effect</skipped></testcase><testcase classname="src.pymortests.operators" file="src/pymortests/operators.py" line="314" name="test_InverseOperator[&lt;lambda&gt;19]" time="0.0004222393035888672"><skipped message="Suite splitting in effect" type="pytest.skip">src/pymortests/operators.py:314: Suite splitting in effect</skipped></testcase><testcase classname="src.pymortests.operators" file="src/pymortests/operators.py" line="314" name="test_InverseOperator[&lt;lambda&gt;20]" time="0.0004496574401855469"><skipped message="Suite splitting in effect" type="pytest.skip">src/pymortests/operators.py:314: Suite splitting in effect</skipped></testcase><testcase classname="src.pymortests.operators" file="src/pymortests/operators.py" line="314" name="test_InverseOperator[&lt;lambda&gt;21]" time="0.00043201446533203125"><skipped message="Suite splitting in effect" type="pytest.skip">src/pymortests/operators.py:314: Suite splitting in effect</skipped></testcase><testcase classname="src.pymortests.operators" file="src/pymortests/operators.py" line="314" name="test_InverseOperator[&lt;lambda&gt;22]" time="0.00042247772216796875"><skipped message="Suite splitting in effect" type="pytest.skip">src/pymortests/operators.py:314: Suite splitting in effect</skipped></testcase><testcase classname="src.pymortests.operators" file="src/pymortests/operators.py" line="314" name="test_InverseOperator[&lt;lambda&gt;23]" time="0.00042891502380371094"><skipped message="Suite splitting in effect" type="pytest.skip">src/pymortests/operators.py:314: Suite splitting in effect</skipped></testcase><testcase classname="src.pymortests.operators" file="src/pymortests/operators.py" line="314" name="test_InverseOperator[&lt;lambda&gt;24]" time="0.0007622241973876953"><skipped message="Suite splitting in effect" type="pytest.skip">src/pymortests/operators.py:314: Suite splitting in effect</skipped></testcase><testcase classname="src.pymortests.operators" file="src/pymortests/operators.py" line="314" name="test_InverseOperator[&lt;lambda&gt;25]" time="0.0004181861877441406"><skipped message="Suite splitting in effect" type="pytest.skip">src/pymortests/operators.py:314: Suite splitting in effect</skipped></testcase><testcase classname="src.pymortests.operators" file="src/pymortests/operators.py" line="314" name="test_InverseOperator[&lt;lambda&gt;26]" time="0.0004146099090576172"><skipped message="Suite splitting in effect" type="pytest.skip">src/pymortests/operators.py:314: Suite splitting in effect</skipped></testcase><testcase classname="src.pymortests.operators" file="src/pymortests/operators.py" line="314" name="test_InverseOperator[&lt;lambda&gt;27]" time="0.00041747093200683594"><skipped message="Suite splitting in effect" type="pytest.skip">src/pymortests/operators.py:314: Suite splitting in effect</skipped></testcase><testcase classname="src.pymortests.operators" file="src/pymortests/operators.py" line="314" name="test_InverseOperator[&lt;lambda&gt;28]" time="0.00043845176696777344"><skipped message="Suite splitting in effect" type="pytest.skip">src/pymortests/operators.py:314: Suite splitting in effect</skipped></testcase><testcase classname="src.pymortests.operators" file="src/pymortests/operators.py" line="314" name="test_InverseOperator[&lt;lambda&gt;29]" time="0.00043082237243652344"><skipped message="Suite splitting in effect" type="pytest.skip">src/pymortests/operators.py:314: Suite splitting in effect</skipped></testcase><testcase classname="src.pymortests.operators" file="src/pymortests/operators.py" line="314" name="test_InverseOperator[&lt;lambda&gt;30]" time="0.00042438507080078125"><skipped message="Suite splitting in effect" type="pytest.skip">src/pymortests/operators.py:314: Suite splitting in effect</skipped></testcase><testcase classname="src.pymortests.operators" file="src/pymortests/operators.py" line="314" name="test_InverseOperator[&lt;lambda&gt;31]" time="0.0004425048828125"><skipped message="Suite splitting in effect" type="pytest.skip">src/pymortests/operators.py:314: Suite splitting in effect</skipped></testcase><testcase classname="src.pymortests.operators" file="src/pymortests/operators.py" line="314" name="test_InverseOperator[&lt;lambda&gt;32]" time="0.0007131099700927734"><skipped message="Suite splitting in effect" type="pytest.skip">src/pymortests/operators.py:314: Suite splitting in effect</skipped></testcase><testcase classname="src.pymortests.operators" file="src/pymortests/operators.py" line="314" name="test_InverseOperator[&lt;lambda&gt;33]" time="0.0004749298095703125"><skipped message="Suite splitting in effect" type="pytest.skip">src/pymortests/operators.py:314: Suite splitting in effect</skipped></testcase><testcase classname="src.pymortests.operators" file="src/pymortests/operators.py" line="314" name="test_InverseOperator[&lt;lambda&gt;34]" time="0.0004296302795410156"><skipped message="Suite splitting in effect" type="pytest.skip">src/pymortests/operators.py:314: Suite splitting in effect</skipped></testcase><testcase classname="src.pymortests.operators" file="src/pymortests/operators.py" line="314" name="test_InverseOperator[&lt;lambda&gt;35]" time="0.0004291534423828125"><skipped message="Suite splitting in effect" type="pytest.skip">src/pymortests/operators.py:314: Suite splitting in effect</skipped></testcase><testcase classname="src.pymortests.operators" file="src/pymortests/operators.py" line="314" name="test_InverseOperator[&lt;lambda&gt;36]" time="0.0004508495330810547"><skipped message="Suite splitting in effect" type="pytest.skip">src/pymortests/operators.py:314: Suite splitting in effect</skipped></testcase><testcase classname="src.pymortests.operators" file="src/pymortests/operators.py" line="314" name="test_InverseOperator[&lt;lambda&gt;37]" time="0.00043654441833496094"><skipped message="Suite splitting in effect" type="pytest.skip">src/pymortests/operators.py:314: Suite splitting in effect</skipped></testcase><testcase classname="src.pymortests.operators" file="src/pymortests/operators.py" line="314" name="test_InverseOperator[&lt;lambda&gt;38]" time="0.00042819976806640625"><skipped message="Suite splitting in effect" type="pytest.skip">src/pymortests/operators.py:314: Suite splitting in effect</skipped></testcase><testcase classname="src.pymortests.operators" file="src/pymortests/operators.py" line="314" name="test_InverseOperator[&lt;lambda&gt;39]" time="0.0004923343658447266"><skipped message="Suite splitting in effect" type="pytest.skip">src/pymortests/operators.py:314: Suite splitting in effect</skipped></testcase><testcase classname="src.pymortests.operators" file="src/pymortests/operators.py" line="314" name="test_InverseOperator[&lt;lambda&gt;40]" time="0.0007703304290771484"><skipped message="Suite splitting in effect" type="pytest.skip">src/pymortests/operators.py:314: Suite splitting in effect</skipped></testcase><testcase classname="src.pymortests.operators" file="src/pymortests/operators.py" line="339" name="test_InverseAdjointOperator[&lt;lambda&gt;0]" time="0.0004482269287109375"><skipped message="Suite splitting in effect" type="pytest.skip">src/pymortests/operators.py:339: Suite splitting in effect</skipped></testcase><testcase classname="src.pymortests.operators" file="src/pymortests/operators.py" line="339" name="test_InverseAdjointOperator[&lt;lambda&gt;1]" time="0.00043487548828125"><skipped message="Suite splitting in effect" type="pytest.skip">src/pymortests/operators.py:339: Suite splitting in effect</skipped></testcase><testcase classname="src.pymortests.operators" file="src/pymortests/operators.py" line="339" name="test_InverseAdjointOperator[&lt;lambda&gt;2]" time="0.00043082237243652344"><skipped message="Suite splitting in effect" type="pytest.skip">src/pymortests/operators.py:339: Suite splitting in effect</skipped></testcase><testcase classname="src.pymortests.operators" file="src/pymortests/operators.py" line="339" name="test_InverseAdjointOperator[&lt;lambda&gt;3]" time="0.0004291534423828125"><skipped message="Suite splitting in effect" type="pytest.skip">src/pymortests/operators.py:339: Suite splitting in effect</skipped></testcase><testcase classname="src.pymortests.operators" file="src/pymortests/operators.py" line="339" name="test_InverseAdjointOperator[&lt;lambda&gt;4]" time="0.000446319580078125"><skipped message="Suite splitting in effect" type="pytest.skip">src/pymortests/operators.py:339: Suite splitting in effect</skipped></testcase><testcase classname="src.pymortests.operators" file="src/pymortests/operators.py" line="339" name="test_InverseAdjointOperator[&lt;lambda&gt;5]" time="0.00045013427734375"><skipped message="Suite splitting in effect" type="pytest.skip">src/pymortests/operators.py:339: Suite splitting in effect</skipped></testcase><testcase classname="src.pymortests.operators" file="src/pymortests/operators.py" line="339" name="test_InverseAdjointOperator[&lt;lambda&gt;6]" time="0.0004513263702392578"><skipped message="Suite splitting in effect" type="pytest.skip">src/pymortests/operators.py:339: Suite splitting in effect</skipped></testcase><testcase classname="src.pymortests.operators" file="src/pymortests/operators.py" line="339" name="test_InverseAdjointOperator[&lt;lambda&gt;7]" time="0.0007328987121582031"><skipped message="Suite splitting in effect" type="pytest.skip">src/pymortests/operators.py:339: Suite splitting in effect</skipped></testcase><testcase classname="src.pymortests.operators" file="src/pymortests/operators.py" line="339" name="test_InverseAdjointOperator[&lt;lambda&gt;8]" time="0.00046133995056152344"><skipped message="Suite splitting in effect" type="pytest.skip">src/pymortests/operators.py:339: Suite splitting in effect</skipped></testcase><testcase classname="src.pymortests.operators" file="src/pymortests/operators.py" line="339" name="test_InverseAdjointOperator[&lt;lambda&gt;9]" time="0.0004210472106933594"><skipped message="Suite splitting in effect" type="pytest.skip">src/pymortests/operators.py:339: Suite splitting in effect</skipped></testcase><testcase classname="src.pymortests.operators" file="src/pymortests/operators.py" line="339" name="test_InverseAdjointOperator[&lt;lambda&gt;10]" time="0.0004229545593261719"><skipped message="Suite splitting in effect" type="pytest.skip">src/pymortests/operators.py:339: Suite splitting in effect</skipped></testcase><testcase classname="src.pymortests.operators" file="src/pymortests/operators.py" line="339" name="test_InverseAdjointOperator[&lt;lambda&gt;11]" time="0.0004401206970214844"><skipped message="Suite splitting in effect" type="pytest.skip">src/pymortests/operators.py:339: Suite splitting in effect</skipped></testcase><testcase classname="src.pymortests.operators" file="src/pymortests/operators.py" line="339" name="test_InverseAdjointOperator[&lt;lambda&gt;12]" time="0.00042438507080078125"><skipped message="Suite splitting in effect" type="pytest.skip">src/pymortests/operators.py:339: Suite splitting in effect</skipped></testcase><testcase classname="src.pymortests.operators" file="src/pymortests/operators.py" line="339" name="test_InverseAdjointOperator[&lt;lambda&gt;13]" time="0.0004425048828125"><skipped message="Suite splitting in effect" type="pytest.skip">src/pymortests/operators.py:339: Suite splitting in effect</skipped></testcase><testcase classname="src.pymortests.operators" file="src/pymortests/operators.py" line="339" name="test_InverseAdjointOperator[&lt;lambda&gt;14]" time="0.00041937828063964844"><skipped message="Suite splitting in effect" type="pytest.skip">src/pymortests/operators.py:339: Suite splitting in effect</skipped></testcase><testcase classname="src.pymortests.operators" file="src/pymortests/operators.py" line="339" name="test_InverseAdjointOperator[&lt;lambda&gt;15]" time="0.0009615421295166016"><skipped message="Suite splitting in effect" type="pytest.skip">src/pymortests/operators.py:339: Suite splitting in effect</skipped></testcase><testcase classname="src.pymortests.operators" file="src/pymortests/operators.py" line="339" name="test_InverseAdjointOperator[&lt;lambda&gt;16]" time="0.0004658699035644531"><skipped message="Suite splitting in effect" type="pytest.skip">src/pymortests/operators.py:339: Suite splitting in effect</skipped></testcase><testcase classname="src.pymortests.operators" file="src/pymortests/operators.py" line="339" name="test_InverseAdjointOperator[&lt;lambda&gt;17]" time="0.00044083595275878906"><skipped message="Suite splitting in effect" type="pytest.skip">src/pymortests/operators.py:339: Suite splitting in effect</skipped></testcase><testcase classname="src.pymortests.operators" file="src/pymortests/operators.py" line="339" name="test_InverseAdjointOperator[&lt;lambda&gt;18]" time="0.0005476474761962891"><skipped message="Suite splitting in effect" type="pytest.skip">src/pymortests/operators.py:339: Suite splitting in effect</skipped></testcase><testcase classname="src.pymortests.operators" file="src/pymortests/operators.py" line="339" name="test_InverseAdjointOperator[&lt;lambda&gt;19]" time="0.0004134178161621094"><skipped message="Suite splitting in effect" type="pytest.skip">src/pymortests/operators.py:339: Suite splitting in effect</skipped></testcase><testcase classname="src.pymortests.operators" file="src/pymortests/operators.py" line="339" name="test_InverseAdjointOperator[&lt;lambda&gt;20]" time="0.00045108795166015625"><skipped message="Suite splitting in effect" type="pytest.skip">src/pymortests/operators.py:339: Suite splitting in effect</skipped></testcase><testcase classname="src.pymortests.operators" file="src/pymortests/operators.py" line="339" name="test_InverseAdjointOperator[&lt;lambda&gt;21]" time="0.0004146099090576172"><skipped message="Suite splitting in effect" type="pytest.skip">src/pymortests/operators.py:339: Suite splitting in effect</skipped></testcase><testcase classname="src.pymortests.operators" file="src/pymortests/operators.py" line="339" name="test_InverseAdjointOperator[&lt;lambda&gt;22]" time="0.00044083595275878906"><skipped message="Suite splitting in effect" type="pytest.skip">src/pymortests/operators.py:339: Suite splitting in effect</skipped></testcase><testcase classname="src.pymortests.operators" file="src/pymortests/operators.py" line="339" name="test_InverseAdjointOperator[&lt;lambda&gt;23]" time="0.0007493495941162109"><skipped message="Suite splitting in effect" type="pytest.skip">src/pymortests/operators.py:339: Suite splitting in effect</skipped></testcase><testcase classname="src.pymortests.operators" file="src/pymortests/operators.py" line="339" name="test_InverseAdjointOperator[&lt;lambda&gt;24]" time="0.0004315376281738281"><skipped message="Suite splitting in effect" type="pytest.skip">src/pymortests/operators.py:339: Suite splitting in effect</skipped></testcase><testcase classname="src.pymortests.operators" file="src/pymortests/operators.py" line="339" name="test_InverseAdjointOperator[&lt;lambda&gt;25]" time="0.00042247772216796875"><skipped message="Suite splitting in effect" type="pytest.skip">src/pymortests/operators.py:339: Suite splitting in effect</skipped></testcase><testcase classname="src.pymortests.operators" file="src/pymortests/operators.py" line="339" name="test_InverseAdjointOperator[&lt;lambda&gt;26]" time="0.00043082237243652344"><skipped message="Suite splitting in effect" type="pytest.skip">src/pymortests/operators.py:339: Suite splitting in effect</skipped></testcase><testcase classname="src.pymortests.operators" file="src/pymortests/operators.py" line="339" name="test_InverseAdjointOperator[&lt;lambda&gt;27]" time="0.0004367828369140625"><skipped message="Suite splitting in effect" type="pytest.skip">src/pymortests/operators.py:339: Suite splitting in effect</skipped></testcase><testcase classname="src.pymortests.operators" file="src/pymortests/operators.py" line="339" name="test_InverseAdjointOperator[&lt;lambda&gt;28]" time="0.00043082237243652344"><skipped message="Suite splitting in effect" type="pytest.skip">src/pymortests/operators.py:339: Suite splitting in effect</skipped></testcase><testcase classname="src.pymortests.operators" file="src/pymortests/operators.py" line="339" name="test_InverseAdjointOperator[&lt;lambda&gt;29]" time="0.0004246234893798828"><skipped message="Suite splitting in effect" type="pytest.skip">src/pymortests/operators.py:339: Suite splitting in effect</skipped></testcase><testcase classname="src.pymortests.operators" file="src/pymortests/operators.py" line="339" name="test_InverseAdjointOperator[&lt;lambda&gt;30]" time="0.00043129920959472656"><skipped message="Suite splitting in effect" type="pytest.skip">src/pymortests/operators.py:339: Suite splitting in effect</skipped></testcase><testcase classname="src.pymortests.operators" file="src/pymortests/operators.py" line="339" name="test_InverseAdjointOperator[&lt;lambda&gt;31]" time="0.0007398128509521484"><skipped message="Suite splitting in effect" type="pytest.skip">src/pymortests/operators.py:339: Suite splitting in effect</skipped></testcase><testcase classname="src.pymortests.operators" file="src/pymortests/operators.py" line="339" name="test_InverseAdjointOperator[&lt;lambda&gt;32]" time="0.0004520416259765625"><skipped message="Suite splitting in effect" type="pytest.skip">src/pymortests/operators.py:339: Suite splitting in effect</skipped></testcase><testcase classname="src.pymortests.operators" file="src/pymortests/operators.py" line="339" name="test_InverseAdjointOperator[&lt;lambda&gt;33]" time="0.0004475116729736328"><skipped message="Suite splitting in effect" type="pytest.skip">src/pymortests/operators.py:339: Suite splitting in effect</skipped></testcase><testcase classname="src.pymortests.operators" file="src/pymortests/operators.py" line="339" name="test_InverseAdjointOperator[&lt;lambda&gt;34]" time="0.0004401206970214844"><skipped message="Suite splitting in effect" type="pytest.skip">src/pymortests/operators.py:339: Suite splitting in effect</skipped></testcase><testcase classname="src.pymortests.operators" file="src/pymortests/operators.py" line="339" name="test_InverseAdjointOperator[&lt;lambda&gt;35]" time="0.0004277229309082031"><skipped message="Suite splitting in effect" type="pytest.skip">src/pymortests/operators.py:339: Suite splitting in effect</skipped></testcase><testcase classname="src.pymortests.operators" file="src/pymortests/operators.py" line="339" name="test_InverseAdjointOperator[&lt;lambda&gt;36]" time="0.00043129920959472656"><skipped message="Suite splitting in effect" type="pytest.skip">src/pymortests/operators.py:339: Suite splitting in effect</skipped></testcase><testcase classname="src.pymortests.operators" file="src/pymortests/operators.py" line="339" name="test_InverseAdjointOperator[&lt;lambda&gt;37]" time="0.00042819976806640625"><skipped message="Suite splitting in effect" type="pytest.skip">src/pymortests/operators.py:339: Suite splitting in effect</skipped></testcase><testcase classname="src.pymortests.operators" file="src/pymortests/operators.py" line="339" name="test_InverseAdjointOperator[&lt;lambda&gt;38]" time="0.0004303455352783203"><skipped message="Suite splitting in effect" type="pytest.skip">src/pymortests/operators.py:339: Suite splitting in effect</skipped></testcase><testcase classname="src.pymortests.operators" file="src/pymortests/operators.py" line="339" name="test_InverseAdjointOperator[&lt;lambda&gt;39]" time="0.0007503032684326172"><skipped message="Suite splitting in effect" type="pytest.skip">src/pymortests/operators.py:339: Suite splitting in effect</skipped></testcase><testcase classname="src.pymortests.operators" file="src/pymortests/operators.py" line="339" name="test_InverseAdjointOperator[&lt;lambda&gt;40]" time="0.0004343986511230469"><skipped message="Suite splitting in effect" type="pytest.skip">src/pymortests/operators.py:339: Suite splitting in effect</skipped></testcase><testcase classname="src.pymortests.parameters" file="src/pymortests/parameters.py" line="18" name="test_uniform" time="0.0005152225494384766"><skipped message="Suite splitting in effect" type="pytest.skip">src/pymortests/parameters.py:18: Suite splitting in effect</skipped></testcase><testcase classname="src.pymortests.parameters" file="src/pymortests/parameters.py" line="25" name="test_randomly" time="0.00048542022705078125"><skipped message="Suite splitting in effect" type="pytest.skip">src/pymortests/parameters.py:25: Suite splitting in effect</skipped></testcase><testcase classname="src.pymortests.playground" file="src/pymortests/playground.py" line="12" name="test_eval" time="0.0005304813385009766"><skipped message="Suite splitting in effect" type="pytest.skip">src/pymortests/playground.py:12: Suite splitting in effect</skipped></testcase><testcase classname="src.pymortests.riccati" file="src/pymortests/riccati.py" line="60" name="test_ricc_lrcf[10-scipy-False-False-False-False-1-1]" time="0.0005168914794921875"><skipped message="Suite splitting in effect" type="pytest.skip">src/pymortests/riccati.py:60: Suite splitting in effect</skipped></testcase><testcase classname="src.pymortests.riccati" file="src/pymortests/riccati.py" line="60" name="test_ricc_lrcf[10-scipy-False-False-False-False-1-2]" time="0.0004730224609375"><skipped message="Suite splitting in effect" type="pytest.skip">src/pymortests/riccati.py:60: Suite splitting in effect</skipped></testcase><testcase classname="src.pymortests.riccati" file="src/pymortests/riccati.py" line="60" name="test_ricc_lrcf[10-scipy-False-False-False-False-2-1]" time="0.0004642009735107422"><skipped message="Suite splitting in effect" type="pytest.skip">src/pymortests/riccati.py:60: Suite splitting in effect</skipped></testcase><testcase classname="src.pymortests.riccati" file="src/pymortests/riccati.py" line="60" name="test_ricc_lrcf[10-scipy-False-False-False-False-2-2]" time="0.0007817745208740234"><skipped message="Suite splitting in effect" type="pytest.skip">src/pymortests/riccati.py:60: Suite splitting in effect</skipped></testcase><testcase classname="src.pymortests.riccati" file="src/pymortests/riccati.py" line="60" name="test_ricc_lrcf[10-scipy-False-False-False-True-1-1]" time="0.000453948974609375"><skipped message="Suite splitting in effect" type="pytest.skip">src/pymortests/riccati.py:60: Suite splitting in effect</skipped></testcase><testcase classname="src.pymortests.riccati" file="src/pymortests/riccati.py" line="60" name="test_ricc_lrcf[10-scipy-False-False-False-True-1-2]" time="0.00047278404235839844"><skipped message="Suite splitting in effect" type="pytest.skip">src/pymortests/riccati.py:60: Suite splitting in effect</skipped></testcase><testcase classname="src.pymortests.riccati" file="src/pymortests/riccati.py" line="60" name="test_ricc_lrcf[10-scipy-False-False-False-True-2-1]" time="0.0004448890686035156"><skipped message="Suite splitting in effect" type="pytest.skip">src/pymortests/riccati.py:60: Suite splitting in effect</skipped></testcase><testcase classname="src.pymortests.riccati" file="src/pymortests/riccati.py" line="60" name="test_ricc_lrcf[10-scipy-False-False-False-True-2-2]" time="0.00044798851013183594"><skipped message="Suite splitting in effect" type="pytest.skip">src/pymortests/riccati.py:60: Suite splitting in effect</skipped></testcase><testcase classname="src.pymortests.riccati" file="src/pymortests/riccati.py" line="60" name="test_ricc_lrcf[10-scipy-False-True-False-False-1-1]" time="0.0004477500915527344"><skipped message="Suite splitting in effect" type="pytest.skip">src/pymortests/riccati.py:60: Suite splitting in effect</skipped></testcase><testcase classname="src.pymortests.riccati" file="src/pymortests/riccati.py" line="60" name="test_ricc_lrcf[10-scipy-False-True-False-False-1-2]" time="0.0004444122314453125"><skipped message="Suite splitting in effect" type="pytest.skip">src/pymortests/riccati.py:60: Suite splitting in effect</skipped></testcase><testcase classname="src.pymortests.riccati" file="src/pymortests/riccati.py" line="60" name="test_ricc_lrcf[10-scipy-False-True-False-False-2-1]" time="0.0004448890686035156"><skipped message="Suite splitting in effect" type="pytest.skip">src/pymortests/riccati.py:60: Suite splitting in effect</skipped></testcase><testcase classname="src.pymortests.riccati" file="src/pymortests/riccati.py" line="60" name="test_ricc_lrcf[10-scipy-False-True-False-False-2-2]" time="0.0007731914520263672"><skipped message="Suite splitting in effect" type="pytest.skip">src/pymortests/riccati.py:60: Suite splitting in effect</skipped></testcase><testcase classname="src.pymortests.riccati" file="src/pymortests/riccati.py" line="60" name="test_ricc_lrcf[10-scipy-False-True-False-True-1-1]" time="0.0004901885986328125"><skipped message="Suite splitting in effect" type="pytest.skip">src/pymortests/riccati.py:60: Suite splitting in effect</skipped></testcase><testcase classname="src.pymortests.riccati" file="src/pymortests/riccati.py" line="60" name="test_ricc_lrcf[10-scipy-False-True-False-True-1-2]" time="0.0004367828369140625"><skipped message="Suite splitting in effect" type="pytest.skip">src/pymortests/riccati.py:60: Suite splitting in effect</skipped></testcase><testcase classname="src.pymortests.riccati" file="src/pymortests/riccati.py" line="60" name="test_ricc_lrcf[10-scipy-False-True-False-True-2-1]" time="0.0004818439483642578"><skipped message="Suite splitting in effect" type="pytest.skip">src/pymortests/riccati.py:60: Suite splitting in effect</skipped></testcase><testcase classname="src.pymortests.riccati" file="src/pymortests/riccati.py" line="60" name="test_ricc_lrcf[10-scipy-False-True-False-True-2-2]" time="0.0004329681396484375"><skipped message="Suite splitting in effect" type="pytest.skip">src/pymortests/riccati.py:60: Suite splitting in effect</skipped></testcase><testcase classname="src.pymortests.riccati" file="src/pymortests/riccati.py" line="60" name="test_ricc_lrcf[10-scipy-False-True-True-False-1-1]" time="0.00044035911560058594"><skipped message="Suite splitting in effect" type="pytest.skip">src/pymortests/riccati.py:60: Suite splitting in effect</skipped></testcase><testcase classname="src.pymortests.riccati" file="src/pymortests/riccati.py" line="60" name="test_ricc_lrcf[10-scipy-False-True-True-False-1-2]" time="0.0004956722259521484"><skipped message="Suite splitting in effect" type="pytest.skip">src/pymortests/riccati.py:60: Suite splitting in effect</skipped></testcase><testcase classname="src.pymortests.riccati" file="src/pymortests/riccati.py" line="60" name="test_ricc_lrcf[10-scipy-False-True-True-False-2-1]" time="0.0004355907440185547"><skipped message="Suite splitting in effect" type="pytest.skip">src/pymortests/riccati.py:60: Suite splitting in effect</skipped></testcase><testcase classname="src.pymortests.riccati" file="src/pymortests/riccati.py" line="60" name="test_ricc_lrcf[10-scipy-False-True-True-False-2-2]" time="0.0007936954498291016"><skipped message="Suite splitting in effect" type="pytest.skip">src/pymortests/riccati.py:60: Suite splitting in effect</skipped></testcase><testcase classname="src.pymortests.riccati" file="src/pymortests/riccati.py" line="60" name="test_ricc_lrcf[10-scipy-False-True-True-True-1-1]" time="0.0004456043243408203"><skipped message="Suite splitting in effect" type="pytest.skip">src/pymortests/riccati.py:60: Suite splitting in effect</skipped></testcase><testcase classname="src.pymortests.riccati" file="src/pymortests/riccati.py" line="60" name="test_ricc_lrcf[10-scipy-False-True-True-True-1-2]" time="0.0004489421844482422"><skipped message="Suite splitting in effect" type="pytest.skip">src/pymortests/riccati.py:60: Suite splitting in effect</skipped></testcase><testcase classname="src.pymortests.riccati" file="src/pymortests/riccati.py" line="60" name="test_ricc_lrcf[10-scipy-False-True-True-True-2-1]" time="0.0004475116729736328"><skipped message="Suite splitting in effect" type="pytest.skip">src/pymortests/riccati.py:60: Suite splitting in effect</skipped></testcase><testcase classname="src.pymortests.riccati" file="src/pymortests/riccati.py" line="60" name="test_ricc_lrcf[10-scipy-False-True-True-True-2-2]" time="0.000446319580078125"><skipped message="Suite splitting in effect" type="pytest.skip">src/pymortests/riccati.py:60: Suite splitting in effect</skipped></testcase><testcase classname="src.pymortests.riccati" file="src/pymortests/riccati.py" line="60" name="test_ricc_lrcf[10-scipy-True-False-False-False-1-1]" time="0.00046062469482421875"><skipped message="Suite splitting in effect" type="pytest.skip">src/pymortests/riccati.py:60: Suite splitting in effect</skipped></testcase><testcase classname="src.pymortests.riccati" file="src/pymortests/riccati.py" line="60" name="test_ricc_lrcf[10-scipy-True-False-False-False-1-2]" time="0.000453948974609375"><skipped message="Suite splitting in effect" type="pytest.skip">src/pymortests/riccati.py:60: Suite splitting in effect</skipped></testcase><testcase classname="src.pymortests.riccati" file="src/pymortests/riccati.py" line="60" name="test_ricc_lrcf[10-scipy-True-False-False-False-2-1]" time="0.0004456043243408203"><skipped message="Suite splitting in effect" type="pytest.skip">src/pymortests/riccati.py:60: Suite splitting in effect</skipped></testcase><testcase classname="src.pymortests.riccati" file="src/pymortests/riccati.py" line="60" name="test_ricc_lrcf[10-scipy-True-False-False-False-2-2]" time="0.0007927417755126953"><skipped message="Suite splitting in effect" type="pytest.skip">src/pymortests/riccati.py:60: Suite splitting in effect</skipped></testcase><testcase classname="src.pymortests.riccati" file="src/pymortests/riccati.py" line="60" name="test_ricc_lrcf[10-scipy-True-False-False-True-1-1]" time="0.0004456043243408203"><skipped message="Suite splitting in effect" type="pytest.skip">src/pymortests/riccati.py:60: Suite splitting in effect</skipped></testcase><testcase classname="src.pymortests.riccati" file="src/pymortests/riccati.py" line="60" name="test_ricc_lrcf[10-scipy-True-False-False-True-1-2]" time="0.0004398822784423828"><skipped message="Suite splitting in effect" type="pytest.skip">src/pymortests/riccati.py:60: Suite splitting in effect</skipped></testcase><testcase classname="src.pymortests.riccati" file="src/pymortests/riccati.py" line="60" name="test_ricc_lrcf[10-scipy-True-False-False-True-2-1]" time="0.00044155120849609375"><skipped message="Suite splitting in effect" type="pytest.skip">src/pymortests/riccati.py:60: Suite splitting in effect</skipped></testcase><testcase classname="src.pymortests.riccati" file="src/pymortests/riccati.py" line="60" name="test_ricc_lrcf[10-scipy-True-False-False-True-2-2]" time="0.00046133995056152344"><skipped message="Suite splitting in effect" type="pytest.skip">src/pymortests/riccati.py:60: Suite splitting in effect</skipped></testcase><testcase classname="src.pymortests.riccati" file="src/pymortests/riccati.py" line="60" name="test_ricc_lrcf[10-scipy-True-True-False-False-1-1]" time="0.0004703998565673828"><skipped message="Suite splitting in effect" type="pytest.skip">src/pymortests/riccati.py:60: Suite splitting in effect</skipped></testcase><testcase classname="src.pymortests.riccati" file="src/pymortests/riccati.py" line="60" name="test_ricc_lrcf[10-scipy-True-True-False-False-1-2]" time="0.00045680999755859375"><skipped message="Suite splitting in effect" type="pytest.skip">src/pymortests/riccati.py:60: Suite splitting in effect</skipped></testcase><testcase classname="src.pymortests.riccati" file="src/pymortests/riccati.py" line="60" name="test_ricc_lrcf[10-scipy-True-True-False-False-2-1]" time="0.00045228004455566406"><skipped message="Suite splitting in effect" type="pytest.skip">src/pymortests/riccati.py:60: Suite splitting in effect</skipped></testcase><testcase classname="src.pymortests.riccati" file="src/pymortests/riccati.py" line="60" name="test_ricc_lrcf[10-scipy-True-True-False-False-2-2]" time="0.00078582763671875"><skipped message="Suite splitting in effect" type="pytest.skip">src/pymortests/riccati.py:60: Suite splitting in effect</skipped></testcase><testcase classname="src.pymortests.riccati" file="src/pymortests/riccati.py" line="60" name="test_ricc_lrcf[10-scipy-True-True-False-True-1-1]" time="0.0004372596740722656"><skipped message="Suite splitting in effect" type="pytest.skip">src/pymortests/riccati.py:60: Suite splitting in effect</skipped></testcase><testcase classname="src.pymortests.riccati" file="src/pymortests/riccati.py" line="60" name="test_ricc_lrcf[10-scipy-True-True-False-True-1-2]" time="0.00043129920959472656"><skipped message="Suite splitting in effect" type="pytest.skip">src/pymortests/riccati.py:60: Suite splitting in effect</skipped></testcase><testcase classname="src.pymortests.riccati" file="src/pymortests/riccati.py" line="60" name="test_ricc_lrcf[10-scipy-True-True-False-True-2-1]" time="0.0004429817199707031"><skipped message="Suite splitting in effect" type="pytest.skip">src/pymortests/riccati.py:60: Suite splitting in effect</skipped></testcase><testcase classname="src.pymortests.riccati" file="src/pymortests/riccati.py" line="60" name="test_ricc_lrcf[10-scipy-True-True-False-True-2-2]" time="0.00043272972106933594"><skipped message="Suite splitting in effect" type="pytest.skip">src/pymortests/riccati.py:60: Suite splitting in effect</skipped></testcase><testcase classname="src.pymortests.riccati" file="src/pymortests/riccati.py" line="60" name="test_ricc_lrcf[10-scipy-True-True-True-False-1-1]" time="0.0004572868347167969"><skipped message="Suite splitting in effect" type="pytest.skip">src/pymortests/riccati.py:60: Suite splitting in effect</skipped></testcase><testcase classname="src.pymortests.riccati" file="src/pymortests/riccati.py" line="60" name="test_ricc_lrcf[10-scipy-True-True-True-False-1-2]" time="0.0004565715789794922"><skipped message="Suite splitting in effect" type="pytest.skip">src/pymortests/riccati.py:60: Suite splitting in effect</skipped></testcase><testcase classname="src.pymortests.riccati" file="src/pymortests/riccati.py" line="60" name="test_ricc_lrcf[10-scipy-True-True-True-False-2-1]" time="0.0004534721374511719"><skipped message="Suite splitting in effect" type="pytest.skip">src/pymortests/riccati.py:60: Suite splitting in effect</skipped></testcase><testcase classname="src.pymortests.riccati" file="src/pymortests/riccati.py" line="60" name="test_ricc_lrcf[10-scipy-True-True-True-False-2-2]" time="0.0007908344268798828"><skipped message="Suite splitting in effect" type="pytest.skip">src/pymortests/riccati.py:60: Suite splitting in effect</skipped></testcase><testcase classname="src.pymortests.riccati" file="src/pymortests/riccati.py" line="60" name="test_ricc_lrcf[10-scipy-True-True-True-True-1-1]" time="0.0004525184631347656"><skipped message="Suite splitting in effect" type="pytest.skip">src/pymortests/riccati.py:60: Suite splitting in effect</skipped></testcase><testcase classname="src.pymortests.riccati" file="src/pymortests/riccati.py" line="60" name="test_ricc_lrcf[10-scipy-True-True-True-True-1-2]" time="0.0004825592041015625"><skipped message="Suite splitting in effect" type="pytest.skip">src/pymortests/riccati.py:60: Suite splitting in effect</skipped></testcase><testcase classname="src.pymortests.riccati" file="src/pymortests/riccati.py" line="60" name="test_ricc_lrcf[10-scipy-True-True-True-True-2-1]" time="0.00043702125549316406"><skipped message="Suite splitting in effect" type="pytest.skip">src/pymortests/riccati.py:60: Suite splitting in effect</skipped></testcase><testcase classname="src.pymortests.riccati" file="src/pymortests/riccati.py" line="60" name="test_ricc_lrcf[10-scipy-True-True-True-True-2-2]" time="0.0004436969757080078"><skipped message="Suite splitting in effect" type="pytest.skip">src/pymortests/riccati.py:60: Suite splitting in effect</skipped></testcase><testcase classname="src.pymortests.riccati" file="src/pymortests/riccati.py" line="60" name="test_ricc_lrcf[10-slycot-False-False-False-False-1-1]" time="0.0004875659942626953"><skipped message="Suite splitting in effect" type="pytest.skip">src/pymortests/riccati.py:60: Suite splitting in effect</skipped></testcase><testcase classname="src.pymortests.riccati" file="src/pymortests/riccati.py" line="60" name="test_ricc_lrcf[10-slycot-False-False-False-False-1-2]" time="0.00044608116149902344"><skipped message="Suite splitting in effect" type="pytest.skip">src/pymortests/riccati.py:60: Suite splitting in effect</skipped></testcase><testcase classname="src.pymortests.riccati" file="src/pymortests/riccati.py" line="60" name="test_ricc_lrcf[10-slycot-False-False-False-False-2-1]" time="0.0004336833953857422"><skipped message="Suite splitting in effect" type="pytest.skip">src/pymortests/riccati.py:60: Suite splitting in effect</skipped></testcase><testcase classname="src.pymortests.riccati" file="src/pymortests/riccati.py" line="60" name="test_ricc_lrcf[10-slycot-False-False-False-False-2-2]" time="0.0007534027099609375"><skipped message="Suite splitting in effect" type="pytest.skip">src/pymortests/riccati.py:60: Suite splitting in effect</skipped></testcase><testcase classname="src.pymortests.riccati" file="src/pymortests/riccati.py" line="60" name="test_ricc_lrcf[10-slycot-False-False-False-True-1-1]" time="0.0004954338073730469"><skipped message="Suite splitting in effect" type="pytest.skip">src/pymortests/riccati.py:60: Suite splitting in effect</skipped></testcase><testcase classname="src.pymortests.riccati" file="src/pymortests/riccati.py" line="60" name="test_ricc_lrcf[10-slycot-False-False-False-True-1-2]" time="0.00046634674072265625"><skipped message="Suite splitting in effect" type="pytest.skip">src/pymortests/riccati.py:60: Suite splitting in effect</skipped></testcase><testcase classname="src.pymortests.riccati" file="src/pymortests/riccati.py" line="60" name="test_ricc_lrcf[10-slycot-False-False-False-True-2-1]" time="0.0005013942718505859"><skipped message="Suite splitting in effect" type="pytest.skip">src/pymortests/riccati.py:60: Suite splitting in effect</skipped></testcase><testcase classname="src.pymortests.riccati" file="src/pymortests/riccati.py" line="60" name="test_ricc_lrcf[10-slycot-False-False-False-True-2-2]" time="0.00046706199645996094"><skipped message="Suite splitting in effect" type="pytest.skip">src/pymortests/riccati.py:60: Suite splitting in effect</skipped></testcase><testcase classname="src.pymortests.riccati" file="src/pymortests/riccati.py" line="60" name="test_ricc_lrcf[10-slycot-False-True-False-False-1-1]" time="0.0004889965057373047"><skipped message="Suite splitting in effect" type="pytest.skip">src/pymortests/riccati.py:60: Suite splitting in effect</skipped></testcase><testcase classname="src.pymortests.riccati" file="src/pymortests/riccati.py" line="60" name="test_ricc_lrcf[10-slycot-False-True-False-False-1-2]" time="0.0004642009735107422"><skipped message="Suite splitting in effect" type="pytest.skip">src/pymortests/riccati.py:60: Suite splitting in effect</skipped></testcase><testcase classname="src.pymortests.riccati" file="src/pymortests/riccati.py" line="60" name="test_ricc_lrcf[10-slycot-False-True-False-False-2-1]" time="0.0004458427429199219"><skipped message="Suite splitting in effect" type="pytest.skip">src/pymortests/riccati.py:60: Suite splitting in effect</skipped></testcase><testcase classname="src.pymortests.riccati" file="src/pymortests/riccati.py" line="60" name="test_ricc_lrcf[10-slycot-False-True-False-False-2-2]" time="0.0007739067077636719"><skipped message="Suite splitting in effect" type="pytest.skip">src/pymortests/riccati.py:60: Suite splitting in effect</skipped></testcase><testcase classname="src.pymortests.riccati" file="src/pymortests/riccati.py" line="60" name="test_ricc_lrcf[10-slycot-False-True-False-True-1-1]" time="0.0004286766052246094"><skipped message="Suite splitting in effect" type="pytest.skip">src/pymortests/riccati.py:60: Suite splitting in effect</skipped></testcase><testcase classname="src.pymortests.riccati" file="src/pymortests/riccati.py" line="60" name="test_ricc_lrcf[10-slycot-False-True-False-True-1-2]" time="0.0004410743713378906"><skipped message="Suite splitting in effect" type="pytest.skip">src/pymortests/riccati.py:60: Suite splitting in effect</skipped></testcase><testcase classname="src.pymortests.riccati" file="src/pymortests/riccati.py" line="60" name="test_ricc_lrcf[10-slycot-False-True-False-True-2-1]" time="0.0004296302795410156"><skipped message="Suite splitting in effect" type="pytest.skip">src/pymortests/riccati.py:60: Suite splitting in effect</skipped></testcase><testcase classname="src.pymortests.riccati" file="src/pymortests/riccati.py" line="60" name="test_ricc_lrcf[10-slycot-False-True-False-True-2-2]" time="0.00047588348388671875"><skipped message="Suite splitting in effect" type="pytest.skip">src/pymortests/riccati.py:60: Suite splitting in effect</skipped></testcase><testcase classname="src.pymortests.riccati" file="src/pymortests/riccati.py" line="60" name="test_ricc_lrcf[10-slycot-False-True-True-False-1-1]" time="0.00044536590576171875"><skipped message="Suite splitting in effect" type="pytest.skip">src/pymortests/riccati.py:60: Suite splitting in effect</skipped></testcase><testcase classname="src.pymortests.riccati" file="src/pymortests/riccati.py" line="60" name="test_ricc_lrcf[10-slycot-False-True-True-False-1-2]" time="0.0004630088806152344"><skipped message="Suite splitting in effect" type="pytest.skip">src/pymortests/riccati.py:60: Suite splitting in effect</skipped></testcase><testcase classname="src.pymortests.riccati" file="src/pymortests/riccati.py" line="60" name="test_ricc_lrcf[10-slycot-False-True-True-False-2-1]" time="0.0004482269287109375"><skipped message="Suite splitting in effect" type="pytest.skip">src/pymortests/riccati.py:60: Suite splitting in effect</skipped></testcase><testcase classname="src.pymortests.riccati" file="src/pymortests/riccati.py" line="60" name="test_ricc_lrcf[10-slycot-False-True-True-False-2-2]" time="0.0011172294616699219"><skipped message="Suite splitting in effect" type="pytest.skip">src/pymortests/riccati.py:60: Suite splitting in effect</skipped></testcase><testcase classname="src.pymortests.riccati" file="src/pymortests/riccati.py" line="60" name="test_ricc_lrcf[10-slycot-False-True-True-True-1-1]" time="0.0004684925079345703"><skipped message="Suite splitting in effect" type="pytest.skip">src/pymortests/riccati.py:60: Suite splitting in effect</skipped></testcase><testcase classname="src.pymortests.riccati" file="src/pymortests/riccati.py" line="60" name="test_ricc_lrcf[10-slycot-False-True-True-True-1-2]" time="0.0004565715789794922"><skipped message="Suite splitting in effect" type="pytest.skip">src/pymortests/riccati.py:60: Suite splitting in effect</skipped></testcase><testcase classname="src.pymortests.riccati" file="src/pymortests/riccati.py" line="60" name="test_ricc_lrcf[10-slycot-False-True-True-True-2-1]" time="0.0004622936248779297"><skipped message="Suite splitting in effect" type="pytest.skip">src/pymortests/riccati.py:60: Suite splitting in effect</skipped></testcase><testcase classname="src.pymortests.riccati" file="src/pymortests/riccati.py" line="60" name="test_ricc_lrcf[10-slycot-False-True-True-True-2-2]" time="0.00046706199645996094"><skipped message="Suite splitting in effect" type="pytest.skip">src/pymortests/riccati.py:60: Suite splitting in effect</skipped></testcase><testcase classname="src.pymortests.riccati" file="src/pymortests/riccati.py" line="60" name="test_ricc_lrcf[10-slycot-True-False-False-False-1-1]" time="0.00046253204345703125"><skipped message="Suite splitting in effect" type="pytest.skip">src/pymortests/riccati.py:60: Suite splitting in effect</skipped></testcase><testcase classname="src.pymortests.riccati" file="src/pymortests/riccati.py" line="60" name="test_ricc_lrcf[10-slycot-True-False-False-False-1-2]" time="0.0005016326904296875"><skipped message="Suite splitting in effect" type="pytest.skip">src/pymortests/riccati.py:60: Suite splitting in effect</skipped></testcase><testcase classname="src.pymortests.riccati" file="src/pymortests/riccati.py" line="60" name="test_ricc_lrcf[10-slycot-True-False-False-False-2-1]" time="0.00045800209045410156"><skipped message="Suite splitting in effect" type="pytest.skip">src/pymortests/riccati.py:60: Suite splitting in effect</skipped></testcase><testcase classname="src.pymortests.riccati" file="src/pymortests/riccati.py" line="60" name="test_ricc_lrcf[10-slycot-True-False-False-False-2-2]" time="0.0007994174957275391"><skipped message="Suite splitting in effect" type="pytest.skip">src/pymortests/riccati.py:60: Suite splitting in effect</skipped></testcase><testcase classname="src.pymortests.riccati" file="src/pymortests/riccati.py" line="60" name="test_ricc_lrcf[10-slycot-True-False-False-True-1-1]" time="0.0004885196685791016"><skipped message="Suite splitting in effect" type="pytest.skip">src/pymortests/riccati.py:60: Suite splitting in effect</skipped></testcase><testcase classname="src.pymortests.riccati" file="src/pymortests/riccati.py" line="60" name="test_ricc_lrcf[10-slycot-True-False-False-True-1-2]" time="0.0004699230194091797"><skipped message="Suite splitting in effect" type="pytest.skip">src/pymortests/riccati.py:60: Suite splitting in effect</skipped></testcase><testcase classname="src.pymortests.riccati" file="src/pymortests/riccati.py" line="60" name="test_ricc_lrcf[10-slycot-True-False-False-True-2-1]" time="0.00048613548278808594"><skipped message="Suite splitting in effect" type="pytest.skip">src/pymortests/riccati.py:60: Suite splitting in effect</skipped></testcase><testcase classname="src.pymortests.riccati" file="src/pymortests/riccati.py" line="60" name="test_ricc_lrcf[10-slycot-True-False-False-True-2-2]" time="0.00046825408935546875"><skipped message="Suite splitting in effect" type="pytest.skip">src/pymortests/riccati.py:60: Suite splitting in effect</skipped></testcase><testcase classname="src.pymortests.riccati" file="src/pymortests/riccati.py" line="60" name="test_ricc_lrcf[10-slycot-True-True-False-False-1-1]" time="0.0004703998565673828"><skipped message="Suite splitting in effect" type="pytest.skip">src/pymortests/riccati.py:60: Suite splitting in effect</skipped></testcase><testcase classname="src.pymortests.riccati" file="src/pymortests/riccati.py" line="60" name="test_ricc_lrcf[10-slycot-True-True-False-False-1-2]" time="0.00047707557678222656"><skipped message="Suite splitting in effect" type="pytest.skip">src/pymortests/riccati.py:60: Suite splitting in effect</skipped></testcase><testcase classname="src.pymortests.riccati" file="src/pymortests/riccati.py" line="60" name="test_ricc_lrcf[10-slycot-True-True-False-False-2-1]" time="0.0004918575286865234"><skipped message="Suite splitting in effect" type="pytest.skip">src/pymortests/riccati.py:60: Suite splitting in effect</skipped></testcase><testcase classname="src.pymortests.riccati" file="src/pymortests/riccati.py" line="60" name="test_ricc_lrcf[10-slycot-True-True-False-False-2-2]" time="0.0007960796356201172"><skipped message="Suite splitting in effect" type="pytest.skip">src/pymortests/riccati.py:60: Suite splitting in effect</skipped></testcase><testcase classname="src.pymortests.riccati" file="src/pymortests/riccati.py" line="60" name="test_ricc_lrcf[10-slycot-True-True-False-True-1-1]" time="0.0004773139953613281"><skipped message="Suite splitting in effect" type="pytest.skip">src/pymortests/riccati.py:60: Suite splitting in effect</skipped></testcase><testcase classname="src.pymortests.riccati" file="src/pymortests/riccati.py" line="60" name="test_ricc_lrcf[10-slycot-True-True-False-True-1-2]" time="0.00046181678771972656"><skipped message="Suite splitting in effect" type="pytest.skip">src/pymortests/riccati.py:60: Suite splitting in effect</skipped></testcase><testcase classname="src.pymortests.riccati" file="src/pymortests/riccati.py" line="60" name="test_ricc_lrcf[10-slycot-True-True-False-True-2-1]" time="0.0004417896270751953"><skipped message="Suite splitting in effect" type="pytest.skip">src/pymortests/riccati.py:60: Suite splitting in effect</skipped></testcase><testcase classname="src.pymortests.riccati" file="src/pymortests/riccati.py" line="60" name="test_ricc_lrcf[10-slycot-True-True-False-True-2-2]" time="0.00046372413635253906"><skipped message="Suite splitting in effect" type="pytest.skip">src/pymortests/riccati.py:60: Suite splitting in effect</skipped></testcase><testcase classname="src.pymortests.riccati" file="src/pymortests/riccati.py" line="60" name="test_ricc_lrcf[10-slycot-True-True-True-False-1-1]" time="0.0005490779876708984"><skipped message="Suite splitting in effect" type="pytest.skip">src/pymortests/riccati.py:60: Suite splitting in effect</skipped></testcase><testcase classname="src.pymortests.riccati" file="src/pymortests/riccati.py" line="60" name="test_ricc_lrcf[10-slycot-True-True-True-False-1-2]" time="0.0004832744598388672"><skipped message="Suite splitting in effect" type="pytest.skip">src/pymortests/riccati.py:60: Suite splitting in effect</skipped></testcase><testcase classname="src.pymortests.riccati" file="src/pymortests/riccati.py" line="60" name="test_ricc_lrcf[10-slycot-True-True-True-False-2-1]" time="0.000457763671875"><skipped message="Suite splitting in effect" type="pytest.skip">src/pymortests/riccati.py:60: Suite splitting in effect</skipped></testcase><testcase classname="src.pymortests.riccati" file="src/pymortests/riccati.py" line="60" name="test_ricc_lrcf[10-slycot-True-True-True-False-2-2]" time="0.0007998943328857422"><skipped message="Suite splitting in effect" type="pytest.skip">src/pymortests/riccati.py:60: Suite splitting in effect</skipped></testcase><testcase classname="src.pymortests.riccati" file="src/pymortests/riccati.py" line="60" name="test_ricc_lrcf[10-slycot-True-True-True-True-1-1]" time="0.00045490264892578125"><skipped message="Suite splitting in effect" type="pytest.skip">src/pymortests/riccati.py:60: Suite splitting in effect</skipped></testcase><testcase classname="src.pymortests.riccati" file="src/pymortests/riccati.py" line="60" name="test_ricc_lrcf[10-slycot-True-True-True-True-1-2]" time="0.0004642009735107422"><skipped message="Suite splitting in effect" type="pytest.skip">src/pymortests/riccati.py:60: Suite splitting in effect</skipped></testcase><testcase classname="src.pymortests.riccati" file="src/pymortests/riccati.py" line="60" name="test_ricc_lrcf[10-slycot-True-True-True-True-2-1]" time="0.0004968643188476562"><skipped message="Suite splitting in effect" type="pytest.skip">src/pymortests/riccati.py:60: Suite splitting in effect</skipped></testcase><testcase classname="src.pymortests.riccati" file="src/pymortests/riccati.py" line="60" name="test_ricc_lrcf[10-slycot-True-True-True-True-2-2]" time="0.0004782676696777344"><skipped message="Suite splitting in effect" type="pytest.skip">src/pymortests/riccati.py:60: Suite splitting in effect</skipped></testcase><testcase classname="src.pymortests.riccati" file="src/pymortests/riccati.py" line="60" name="test_ricc_lrcf[10-pymess_dense_nm_gmpcare-False-False-False-False-1-1]" time="0.0004925727844238281"><skipped message="Suite splitting in effect" type="pytest.skip">src/pymortests/riccati.py:60: Suite splitting in effect</skipped></testcase><testcase classname="src.pymortests.riccati" file="src/pymortests/riccati.py" line="60" name="test_ricc_lrcf[10-pymess_dense_nm_gmpcare-False-False-False-False-1-2]" time="0.00046133995056152344"><skipped message="Suite splitting in effect" type="pytest.skip">src/pymortests/riccati.py:60: Suite splitting in effect</skipped></testcase><testcase classname="src.pymortests.riccati" file="src/pymortests/riccati.py" line="60" name="test_ricc_lrcf[10-pymess_dense_nm_gmpcare-False-False-False-False-2-1]" time="0.0004620552062988281"><skipped message="Suite splitting in effect" type="pytest.skip">src/pymortests/riccati.py:60: Suite splitting in effect</skipped></testcase><testcase classname="src.pymortests.riccati" file="src/pymortests/riccati.py" line="60" name="test_ricc_lrcf[10-pymess_dense_nm_gmpcare-False-False-False-False-2-2]" time="0.0008258819580078125"><skipped message="Suite splitting in effect" type="pytest.skip">src/pymortests/riccati.py:60: Suite splitting in effect</skipped></testcase><testcase classname="src.pymortests.riccati" file="src/pymortests/riccati.py" line="60" name="test_ricc_lrcf[10-pymess_dense_nm_gmpcare-False-False-False-True-1-1]" time="0.000461578369140625"><skipped message="Suite splitting in effect" type="pytest.skip">src/pymortests/riccati.py:60: Suite splitting in effect</skipped></testcase><testcase classname="src.pymortests.riccati" file="src/pymortests/riccati.py" line="60" name="test_ricc_lrcf[10-pymess_dense_nm_gmpcare-False-False-False-True-1-2]" time="0.0005006790161132812"><skipped message="Suite splitting in effect" type="pytest.skip">src/pymortests/riccati.py:60: Suite splitting in effect</skipped></testcase><testcase classname="src.pymortests.riccati" file="src/pymortests/riccati.py" line="60" name="test_ricc_lrcf[10-pymess_dense_nm_gmpcare-False-False-False-True-2-1]" time="0.00046324729919433594"><skipped message="Suite splitting in effect" type="pytest.skip">src/pymortests/riccati.py:60: Suite splitting in effect</skipped></testcase><testcase classname="src.pymortests.riccati" file="src/pymortests/riccati.py" line="60" name="test_ricc_lrcf[10-pymess_dense_nm_gmpcare-False-False-False-True-2-2]" time="0.00046253204345703125"><skipped message="Suite splitting in effect" type="pytest.skip">src/pymortests/riccati.py:60: Suite splitting in effect</skipped></testcase><testcase classname="src.pymortests.riccati" file="src/pymortests/riccati.py" line="60" name="test_ricc_lrcf[10-pymess_dense_nm_gmpcare-False-True-False-False-1-1]" time="0.00047516822814941406"><skipped message="Suite splitting in effect" type="pytest.skip">src/pymortests/riccati.py:60: Suite splitting in effect</skipped></testcase><testcase classname="src.pymortests.riccati" file="src/pymortests/riccati.py" line="60" name="test_ricc_lrcf[10-pymess_dense_nm_gmpcare-False-True-False-False-1-2]" time="0.0004734992980957031"><skipped message="Suite splitting in effect" type="pytest.skip">src/pymortests/riccati.py:60: Suite splitting in effect</skipped></testcase><testcase classname="src.pymortests.riccati" file="src/pymortests/riccati.py" line="60" name="test_ricc_lrcf[10-pymess_dense_nm_gmpcare-False-True-False-False-2-1]" time="0.0004630088806152344"><skipped message="Suite splitting in effect" type="pytest.skip">src/pymortests/riccati.py:60: Suite splitting in effect</skipped></testcase><testcase classname="src.pymortests.riccati" file="src/pymortests/riccati.py" line="60" name="test_ricc_lrcf[10-pymess_dense_nm_gmpcare-False-True-False-False-2-2]" time="0.0008320808410644531"><skipped message="Suite splitting in effect" type="pytest.skip">src/pymortests/riccati.py:60: Suite splitting in effect</skipped></testcase><testcase classname="src.pymortests.riccati" file="src/pymortests/riccati.py" line="60" name="test_ricc_lrcf[10-pymess_dense_nm_gmpcare-False-True-False-True-1-1]" time="0.0004515647888183594"><skipped message="Suite splitting in effect" type="pytest.skip">src/pymortests/riccati.py:60: Suite splitting in effect</skipped></testcase><testcase classname="src.pymortests.riccati" file="src/pymortests/riccati.py" line="60" name="test_ricc_lrcf[10-pymess_dense_nm_gmpcare-False-True-False-True-1-2]" time="0.0004680156707763672"><skipped message="Suite splitting in effect" type="pytest.skip">src/pymortests/riccati.py:60: Suite splitting in effect</skipped></testcase><testcase classname="src.pymortests.riccati" file="src/pymortests/riccati.py" line="60" name="test_ricc_lrcf[10-pymess_dense_nm_gmpcare-False-True-False-True-2-1]" time="0.0004506111145019531"><skipped message="Suite splitting in effect" type="pytest.skip">src/pymortests/riccati.py:60: Suite splitting in effect</skipped></testcase><testcase classname="src.pymortests.riccati" file="src/pymortests/riccati.py" line="60" name="test_ricc_lrcf[10-pymess_dense_nm_gmpcare-False-True-False-True-2-2]" time="0.0004639625549316406"><skipped message="Suite splitting in effect" type="pytest.skip">src/pymortests/riccati.py:60: Suite splitting in effect</skipped></testcase><testcase classname="src.pymortests.riccati" file="src/pymortests/riccati.py" line="60" name="test_ricc_lrcf[10-pymess_dense_nm_gmpcare-False-True-True-False-1-1]" time="0.00045800209045410156"><skipped message="Suite splitting in effect" type="pytest.skip">src/pymortests/riccati.py:60: Suite splitting in effect</skipped></testcase><testcase classname="src.pymortests.riccati" file="src/pymortests/riccati.py" line="60" name="test_ricc_lrcf[10-pymess_dense_nm_gmpcare-False-True-True-False-1-2]" time="0.0004601478576660156"><skipped message="Suite splitting in effect" type="pytest.skip">src/pymortests/riccati.py:60: Suite splitting in effect</skipped></testcase><testcase classname="src.pymortests.riccati" file="src/pymortests/riccati.py" line="60" name="test_ricc_lrcf[10-pymess_dense_nm_gmpcare-False-True-True-False-2-1]" time="0.0004971027374267578"><skipped message="Suite splitting in effect" type="pytest.skip">src/pymortests/riccati.py:60: Suite splitting in effect</skipped></testcase><testcase classname="src.pymortests.riccati" file="src/pymortests/riccati.py" line="60" name="test_ricc_lrcf[10-pymess_dense_nm_gmpcare-False-True-True-False-2-2]" time="0.0007708072662353516"><skipped message="Suite splitting in effect" type="pytest.skip">src/pymortests/riccati.py:60: Suite splitting in effect</skipped></testcase><testcase classname="src.pymortests.riccati" file="src/pymortests/riccati.py" line="60" name="test_ricc_lrcf[10-pymess_dense_nm_gmpcare-False-True-True-True-1-1]" time="0.0004589557647705078"><skipped message="Suite splitting in effect" type="pytest.skip">src/pymortests/riccati.py:60: Suite splitting in effect</skipped></testcase><testcase classname="src.pymortests.riccati" file="src/pymortests/riccati.py" line="60" name="test_ricc_lrcf[10-pymess_dense_nm_gmpcare-False-True-True-True-1-2]" time="0.00045800209045410156"><skipped message="Suite splitting in effect" type="pytest.skip">src/pymortests/riccati.py:60: Suite splitting in effect</skipped></testcase><testcase classname="src.pymortests.riccati" file="src/pymortests/riccati.py" line="60" name="test_ricc_lrcf[10-pymess_dense_nm_gmpcare-False-True-True-True-2-1]" time="0.0004825592041015625"><skipped message="Suite splitting in effect" type="pytest.skip">src/pymortests/riccati.py:60: Suite splitting in effect</skipped></testcase><testcase classname="src.pymortests.riccati" file="src/pymortests/riccati.py" line="60" name="test_ricc_lrcf[10-pymess_dense_nm_gmpcare-False-True-True-True-2-2]" time="0.00046896934509277344"><skipped message="Suite splitting in effect" type="pytest.skip">src/pymortests/riccati.py:60: Suite splitting in effect</skipped></testcase><testcase classname="src.pymortests.riccati" file="src/pymortests/riccati.py" line="60" name="test_ricc_lrcf[10-pymess_dense_nm_gmpcare-True-False-False-False-1-1]" time="0.0004668235778808594"><skipped message="Suite splitting in effect" type="pytest.skip">src/pymortests/riccati.py:60: Suite splitting in effect</skipped></testcase><testcase classname="src.pymortests.riccati" file="src/pymortests/riccati.py" line="60" name="test_ricc_lrcf[10-pymess_dense_nm_gmpcare-True-False-False-False-1-2]" time="0.00046181678771972656"><skipped message="Suite splitting in effect" type="pytest.skip">src/pymortests/riccati.py:60: Suite splitting in effect</skipped></testcase><testcase classname="src.pymortests.riccati" file="src/pymortests/riccati.py" line="60" name="test_ricc_lrcf[10-pymess_dense_nm_gmpcare-True-False-False-False-2-1]" time="0.0004527568817138672"><skipped message="Suite splitting in effect" type="pytest.skip">src/pymortests/riccati.py:60: Suite splitting in effect</skipped></testcase><testcase classname="src.pymortests.riccati" file="src/pymortests/riccati.py" line="60" name="test_ricc_lrcf[10-pymess_dense_nm_gmpcare-True-False-False-False-2-2]" time="0.0007433891296386719"><skipped message="Suite splitting in effect" type="pytest.skip">src/pymortests/riccati.py:60: Suite splitting in effect</skipped></testcase><testcase classname="src.pymortests.riccati" file="src/pymortests/riccati.py" line="60" name="test_ricc_lrcf[10-pymess_dense_nm_gmpcare-True-False-False-True-1-1]" time="0.00044655799865722656"><skipped message="Suite splitting in effect" type="pytest.skip">src/pymortests/riccati.py:60: Suite splitting in effect</skipped></testcase><testcase classname="src.pymortests.riccati" file="src/pymortests/riccati.py" line="60" name="test_ricc_lrcf[10-pymess_dense_nm_gmpcare-True-False-False-True-1-2]" time="0.00044727325439453125"><skipped message="Suite splitting in effect" type="pytest.skip">src/pymortests/riccati.py:60: Suite splitting in effect</skipped></testcase><testcase classname="src.pymortests.riccati" file="src/pymortests/riccati.py" line="60" name="test_ricc_lrcf[10-pymess_dense_nm_gmpcare-True-False-False-True-2-1]" time="0.00045609474182128906"><skipped message="Suite splitting in effect" type="pytest.skip">src/pymortests/riccati.py:60: Suite splitting in effect</skipped></testcase><testcase classname="src.pymortests.riccati" file="src/pymortests/riccati.py" line="60" name="test_ricc_lrcf[10-pymess_dense_nm_gmpcare-True-False-False-True-2-2]" time="0.00046944618225097656"><skipped message="Suite splitting in effect" type="pytest.skip">src/pymortests/riccati.py:60: Suite splitting in effect</skipped></testcase><testcase classname="src.pymortests.riccati" file="src/pymortests/riccati.py" line="60" name="test_ricc_lrcf[10-pymess_dense_nm_gmpcare-True-True-False-False-1-1]" time="0.00045680999755859375"><skipped message="Suite splitting in effect" type="pytest.skip">src/pymortests/riccati.py:60: Suite splitting in effect</skipped></testcase><testcase classname="src.pymortests.riccati" file="src/pymortests/riccati.py" line="60" name="test_ricc_lrcf[10-pymess_dense_nm_gmpcare-True-True-False-False-1-2]" time="0.00044846534729003906"><skipped message="Suite splitting in effect" type="pytest.skip">src/pymortests/riccati.py:60: Suite splitting in effect</skipped></testcase><testcase classname="src.pymortests.riccati" file="src/pymortests/riccati.py" line="60" name="test_ricc_lrcf[10-pymess_dense_nm_gmpcare-True-True-False-False-2-1]" time="0.0004603862762451172"><skipped message="Suite splitting in effect" type="pytest.skip">src/pymortests/riccati.py:60: Suite splitting in effect</skipped></testcase><testcase classname="src.pymortests.riccati" file="src/pymortests/riccati.py" line="60" name="test_ricc_lrcf[10-pymess_dense_nm_gmpcare-True-True-False-False-2-2]" time="0.00077056884765625"><skipped message="Suite splitting in effect" type="pytest.skip">src/pymortests/riccati.py:60: Suite splitting in effect</skipped></testcase><testcase classname="src.pymortests.riccati" file="src/pymortests/riccati.py" line="60" name="test_ricc_lrcf[10-pymess_dense_nm_gmpcare-True-True-False-True-1-1]" time="0.0004937648773193359"><skipped message="Suite splitting in effect" type="pytest.skip">src/pymortests/riccati.py:60: Suite splitting in effect</skipped></testcase><testcase classname="src.pymortests.riccati" file="src/pymortests/riccati.py" line="60" name="test_ricc_lrcf[10-pymess_dense_nm_gmpcare-True-True-False-True-1-2]" time="0.000507354736328125"><skipped message="Suite splitting in effect" type="pytest.skip">src/pymortests/riccati.py:60: Suite splitting in effect</skipped></testcase><testcase classname="src.pymortests.riccati" file="src/pymortests/riccati.py" line="60" name="test_ricc_lrcf[10-pymess_dense_nm_gmpcare-True-True-False-True-2-1]" time="0.0004458427429199219"><skipped message="Suite splitting in effect" type="pytest.skip">src/pymortests/riccati.py:60: Suite splitting in effect</skipped></testcase><testcase classname="src.pymortests.riccati" file="src/pymortests/riccati.py" line="60" name="test_ricc_lrcf[10-pymess_dense_nm_gmpcare-True-True-False-True-2-2]" time="0.0004775524139404297"><skipped message="Suite splitting in effect" type="pytest.skip">src/pymortests/riccati.py:60: Suite splitting in effect</skipped></testcase><testcase classname="src.pymortests.riccati" file="src/pymortests/riccati.py" line="60" name="test_ricc_lrcf[10-pymess_dense_nm_gmpcare-True-True-True-False-1-1]" time="0.00044727325439453125"><skipped message="Suite splitting in effect" type="pytest.skip">src/pymortests/riccati.py:60: Suite splitting in effect</skipped></testcase><testcase classname="src.pymortests.riccati" file="src/pymortests/riccati.py" line="60" name="test_ricc_lrcf[10-pymess_dense_nm_gmpcare-True-True-True-False-1-2]" time="0.0004918575286865234"><skipped message="Suite splitting in effect" type="pytest.skip">src/pymortests/riccati.py:60: Suite splitting in effect</skipped></testcase><testcase classname="src.pymortests.riccati" file="src/pymortests/riccati.py" line="60" name="test_ricc_lrcf[10-pymess_dense_nm_gmpcare-True-True-True-False-2-1]" time="0.0004756450653076172"><skipped message="Suite splitting in effect" type="pytest.skip">src/pymortests/riccati.py:60: Suite splitting in effect</skipped></testcase><testcase classname="src.pymortests.riccati" file="src/pymortests/riccati.py" line="60" name="test_ricc_lrcf[10-pymess_dense_nm_gmpcare-True-True-True-False-2-2]" time="0.0007758140563964844"><skipped message="Suite splitting in effect" type="pytest.skip">src/pymortests/riccati.py:60: Suite splitting in effect</skipped></testcase><testcase classname="src.pymortests.riccati" file="src/pymortests/riccati.py" line="60" name="test_ricc_lrcf[10-pymess_dense_nm_gmpcare-True-True-True-True-1-1]" time="0.00045371055603027344"><skipped message="Suite splitting in effect" type="pytest.skip">src/pymortests/riccati.py:60: Suite splitting in effect</skipped></testcase><testcase classname="src.pymortests.riccati" file="src/pymortests/riccati.py" line="60" name="test_ricc_lrcf[10-pymess_dense_nm_gmpcare-True-True-True-True-1-2]" time="0.0004572868347167969"><skipped message="Suite splitting in effect" type="pytest.skip">src/pymortests/riccati.py:60: Suite splitting in effect</skipped></testcase><testcase classname="src.pymortests.riccati" file="src/pymortests/riccati.py" line="60" name="test_ricc_lrcf[10-pymess_dense_nm_gmpcare-True-True-True-True-2-1]" time="0.00048041343688964844"><skipped message="Suite splitting in effect" type="pytest.skip">src/pymortests/riccati.py:60: Suite splitting in effect</skipped></testcase><testcase classname="src.pymortests.riccati" file="src/pymortests/riccati.py" line="60" name="test_ricc_lrcf[10-pymess_dense_nm_gmpcare-True-True-True-True-2-2]" time="0.00047278404235839844"><skipped message="Suite splitting in effect" type="pytest.skip">src/pymortests/riccati.py:60: Suite splitting in effect</skipped></testcase><testcase classname="src.pymortests.riccati" file="src/pymortests/riccati.py" line="60" name="test_ricc_lrcf[20-scipy-False-False-False-False-1-1]" time="0.0004565715789794922"><skipped message="Suite splitting in effect" type="pytest.skip">src/pymortests/riccati.py:60: Suite splitting in effect</skipped></testcase><testcase classname="src.pymortests.riccati" file="src/pymortests/riccati.py" line="60" name="test_ricc_lrcf[20-scipy-False-False-False-False-1-2]" time="0.00047707557678222656"><skipped message="Suite splitting in effect" type="pytest.skip">src/pymortests/riccati.py:60: Suite splitting in effect</skipped></testcase><testcase classname="src.pymortests.riccati" file="src/pymortests/riccati.py" line="60" name="test_ricc_lrcf[20-scipy-False-False-False-False-2-1]" time="0.0004627704620361328"><skipped message="Suite splitting in effect" type="pytest.skip">src/pymortests/riccati.py:60: Suite splitting in effect</skipped></testcase><testcase classname="src.pymortests.riccati" file="src/pymortests/riccati.py" line="60" name="test_ricc_lrcf[20-scipy-False-False-False-False-2-2]" time="0.0009963512420654297"><skipped message="Suite splitting in effect" type="pytest.skip">src/pymortests/riccati.py:60: Suite splitting in effect</skipped></testcase><testcase classname="src.pymortests.riccati" file="src/pymortests/riccati.py" line="60" name="test_ricc_lrcf[20-scipy-False-False-False-True-1-1]" time="0.00043129920959472656"><skipped message="Suite splitting in effect" type="pytest.skip">src/pymortests/riccati.py:60: Suite splitting in effect</skipped></testcase><testcase classname="src.pymortests.riccati" file="src/pymortests/riccati.py" line="60" name="test_ricc_lrcf[20-scipy-False-False-False-True-1-2]" time="0.0004477500915527344"><skipped message="Suite splitting in effect" type="pytest.skip">src/pymortests/riccati.py:60: Suite splitting in effect</skipped></testcase><testcase classname="src.pymortests.riccati" file="src/pymortests/riccati.py" line="60" name="test_ricc_lrcf[20-scipy-False-False-False-True-2-1]" time="0.0004515647888183594"><skipped message="Suite splitting in effect" type="pytest.skip">src/pymortests/riccati.py:60: Suite splitting in effect</skipped></testcase><testcase classname="src.pymortests.riccati" file="src/pymortests/riccati.py" line="60" name="test_ricc_lrcf[20-scipy-False-False-False-True-2-2]" time="0.00045800209045410156"><skipped message="Suite splitting in effect" type="pytest.skip">src/pymortests/riccati.py:60: Suite splitting in effect</skipped></testcase><testcase classname="src.pymortests.riccati" file="src/pymortests/riccati.py" line="60" name="test_ricc_lrcf[20-scipy-False-True-False-False-1-1]" time="0.0004413127899169922"><skipped message="Suite splitting in effect" type="pytest.skip">src/pymortests/riccati.py:60: Suite splitting in effect</skipped></testcase><testcase classname="src.pymortests.riccati" file="src/pymortests/riccati.py" line="60" name="test_ricc_lrcf[20-scipy-False-True-False-False-1-2]" time="0.0004444122314453125"><skipped message="Suite splitting in effect" type="pytest.skip">src/pymortests/riccati.py:60: Suite splitting in effect</skipped></testcase><testcase classname="src.pymortests.riccati" file="src/pymortests/riccati.py" line="60" name="test_ricc_lrcf[20-scipy-False-True-False-False-2-1]" time="0.00044226646423339844"><skipped message="Suite splitting in effect" type="pytest.skip">src/pymortests/riccati.py:60: Suite splitting in effect</skipped></testcase><testcase classname="src.pymortests.riccati" file="src/pymortests/riccati.py" line="60" name="test_ricc_lrcf[20-scipy-False-True-False-False-2-2]" time="0.0007452964782714844"><skipped message="Suite splitting in effect" type="pytest.skip">src/pymortests/riccati.py:60: Suite splitting in effect</skipped></testcase><testcase classname="src.pymortests.riccati" file="src/pymortests/riccati.py" line="60" name="test_ricc_lrcf[20-scipy-False-True-False-True-1-1]" time="0.0004494190216064453"><skipped message="Suite splitting in effect" type="pytest.skip">src/pymortests/riccati.py:60: Suite splitting in effect</skipped></testcase><testcase classname="src.pymortests.riccati" file="src/pymortests/riccati.py" line="60" name="test_ricc_lrcf[20-scipy-False-True-False-True-1-2]" time="0.0004551410675048828"><skipped message="Suite splitting in effect" type="pytest.skip">src/pymortests/riccati.py:60: Suite splitting in effect</skipped></testcase><testcase classname="src.pymortests.riccati" file="src/pymortests/riccati.py" line="60" name="test_ricc_lrcf[20-scipy-False-True-False-True-2-1]" time="0.00046324729919433594"><skipped message="Suite splitting in effect" type="pytest.skip">src/pymortests/riccati.py:60: Suite splitting in effect</skipped></testcase><testcase classname="src.pymortests.riccati" file="src/pymortests/riccati.py" line="60" name="test_ricc_lrcf[20-scipy-False-True-False-True-2-2]" time="0.0004394054412841797"><skipped message="Suite splitting in effect" type="pytest.skip">src/pymortests/riccati.py:60: Suite splitting in effect</skipped></testcase><testcase classname="src.pymortests.riccati" file="src/pymortests/riccati.py" line="60" name="test_ricc_lrcf[20-scipy-False-True-True-False-1-1]" time="0.00045943260192871094"><skipped message="Suite splitting in effect" type="pytest.skip">src/pymortests/riccati.py:60: Suite splitting in effect</skipped></testcase><testcase classname="src.pymortests.riccati" file="src/pymortests/riccati.py" line="60" name="test_ricc_lrcf[20-scipy-False-True-True-False-1-2]" time="0.0004456043243408203"><skipped message="Suite splitting in effect" type="pytest.skip">src/pymortests/riccati.py:60: Suite splitting in effect</skipped></testcase><testcase classname="src.pymortests.riccati" file="src/pymortests/riccati.py" line="60" name="test_ricc_lrcf[20-scipy-False-True-True-False-2-1]" time="0.0004286766052246094"><skipped message="Suite splitting in effect" type="pytest.skip">src/pymortests/riccati.py:60: Suite splitting in effect</skipped></testcase><testcase classname="src.pymortests.riccati" file="src/pymortests/riccati.py" line="60" name="test_ricc_lrcf[20-scipy-False-True-True-False-2-2]" time="0.0009479522705078125"><skipped message="Suite splitting in effect" type="pytest.skip">src/pymortests/riccati.py:60: Suite splitting in effect</skipped></testcase><testcase classname="src.pymortests.riccati" file="src/pymortests/riccati.py" line="60" name="test_ricc_lrcf[20-scipy-False-True-True-True-1-1]" time="0.0004563331604003906"><skipped message="Suite splitting in effect" type="pytest.skip">src/pymortests/riccati.py:60: Suite splitting in effect</skipped></testcase><testcase classname="src.pymortests.riccati" file="src/pymortests/riccati.py" line="60" name="test_ricc_lrcf[20-scipy-False-True-True-True-1-2]" time="0.0004303455352783203"><skipped message="Suite splitting in effect" type="pytest.skip">src/pymortests/riccati.py:60: Suite splitting in effect</skipped></testcase><testcase classname="src.pymortests.riccati" file="src/pymortests/riccati.py" line="60" name="test_ricc_lrcf[20-scipy-False-True-True-True-2-1]" time="0.00045180320739746094"><skipped message="Suite splitting in effect" type="pytest.skip">src/pymortests/riccati.py:60: Suite splitting in effect</skipped></testcase><testcase classname="src.pymortests.riccati" file="src/pymortests/riccati.py" line="60" name="test_ricc_lrcf[20-scipy-False-True-True-True-2-2]" time="0.00044274330139160156"><skipped message="Suite splitting in effect" type="pytest.skip">src/pymortests/riccati.py:60: Suite splitting in effect</skipped></testcase><testcase classname="src.pymortests.riccati" file="src/pymortests/riccati.py" line="60" name="test_ricc_lrcf[20-scipy-True-False-False-False-1-1]" time="0.0004951953887939453"><skipped message="Suite splitting in effect" type="pytest.skip">src/pymortests/riccati.py:60: Suite splitting in effect</skipped></testcase><testcase classname="src.pymortests.riccati" file="src/pymortests/riccati.py" line="60" name="test_ricc_lrcf[20-scipy-True-False-False-False-1-2]" time="0.0004367828369140625"><skipped message="Suite splitting in effect" type="pytest.skip">src/pymortests/riccati.py:60: Suite splitting in effect</skipped></testcase><testcase classname="src.pymortests.riccati" file="src/pymortests/riccati.py" line="60" name="test_ricc_lrcf[20-scipy-True-False-False-False-2-1]" time="0.00044155120849609375"><skipped message="Suite splitting in effect" type="pytest.skip">src/pymortests/riccati.py:60: Suite splitting in effect</skipped></testcase><testcase classname="src.pymortests.riccati" file="src/pymortests/riccati.py" line="60" name="test_ricc_lrcf[20-scipy-True-False-False-False-2-2]" time="0.0007717609405517578"><skipped message="Suite splitting in effect" type="pytest.skip">src/pymortests/riccati.py:60: Suite splitting in effect</skipped></testcase><testcase classname="src.pymortests.riccati" file="src/pymortests/riccati.py" line="60" name="test_ricc_lrcf[20-scipy-True-False-False-True-1-1]" time="0.000446319580078125"><skipped message="Suite splitting in effect" type="pytest.skip">src/pymortests/riccati.py:60: Suite splitting in effect</skipped></testcase><testcase classname="src.pymortests.riccati" file="src/pymortests/riccati.py" line="60" name="test_ricc_lrcf[20-scipy-True-False-False-True-1-2]" time="0.0004496574401855469"><skipped message="Suite splitting in effect" type="pytest.skip">src/pymortests/riccati.py:60: Suite splitting in effect</skipped></testcase><testcase classname="src.pymortests.riccati" file="src/pymortests/riccati.py" line="60" name="test_ricc_lrcf[20-scipy-True-False-False-True-2-1]" time="0.0004367828369140625"><skipped message="Suite splitting in effect" type="pytest.skip">src/pymortests/riccati.py:60: Suite splitting in effect</skipped></testcase><testcase classname="src.pymortests.riccati" file="src/pymortests/riccati.py" line="60" name="test_ricc_lrcf[20-scipy-True-False-False-True-2-2]" time="0.0004711151123046875"><skipped message="Suite splitting in effect" type="pytest.skip">src/pymortests/riccati.py:60: Suite splitting in effect</skipped></testcase><testcase classname="src.pymortests.riccati" file="src/pymortests/riccati.py" line="60" name="test_ricc_lrcf[20-scipy-True-True-False-False-1-1]" time="0.0004546642303466797"><skipped message="Suite splitting in effect" type="pytest.skip">src/pymortests/riccati.py:60: Suite splitting in effect</skipped></testcase><testcase classname="src.pymortests.riccati" file="src/pymortests/riccati.py" line="60" name="test_ricc_lrcf[20-scipy-True-True-False-False-1-2]" time="0.00044989585876464844"><skipped message="Suite splitting in effect" type="pytest.skip">src/pymortests/riccati.py:60: Suite splitting in effect</skipped></testcase><testcase classname="src.pymortests.riccati" file="src/pymortests/riccati.py" line="60" name="test_ricc_lrcf[20-scipy-True-True-False-False-2-1]" time="0.00045180320739746094"><skipped message="Suite splitting in effect" type="pytest.skip">src/pymortests/riccati.py:60: Suite splitting in effect</skipped></testcase><testcase classname="src.pymortests.riccati" file="src/pymortests/riccati.py" line="60" name="test_ricc_lrcf[20-scipy-True-True-False-False-2-2]" time="0.0007700920104980469"><skipped message="Suite splitting in effect" type="pytest.skip">src/pymortests/riccati.py:60: Suite splitting in effect</skipped></testcase><testcase classname="src.pymortests.riccati" file="src/pymortests/riccati.py" line="60" name="test_ricc_lrcf[20-scipy-True-True-False-True-1-1]" time="0.00044226646423339844"><skipped message="Suite splitting in effect" type="pytest.skip">src/pymortests/riccati.py:60: Suite splitting in effect</skipped></testcase><testcase classname="src.pymortests.riccati" file="src/pymortests/riccati.py" line="60" name="test_ricc_lrcf[20-scipy-True-True-False-True-1-2]" time="0.0004572868347167969"><skipped message="Suite splitting in effect" type="pytest.skip">src/pymortests/riccati.py:60: Suite splitting in effect</skipped></testcase><testcase classname="src.pymortests.riccati" file="src/pymortests/riccati.py" line="60" name="test_ricc_lrcf[20-scipy-True-True-False-True-2-1]" time="0.0004401206970214844"><skipped message="Suite splitting in effect" type="pytest.skip">src/pymortests/riccati.py:60: Suite splitting in effect</skipped></testcase><testcase classname="src.pymortests.riccati" file="src/pymortests/riccati.py" line="60" name="test_ricc_lrcf[20-scipy-True-True-False-True-2-2]" time="0.0004329681396484375"><skipped message="Suite splitting in effect" type="pytest.skip">src/pymortests/riccati.py:60: Suite splitting in effect</skipped></testcase><testcase classname="src.pymortests.riccati" file="src/pymortests/riccati.py" line="60" name="test_ricc_lrcf[20-scipy-True-True-True-False-1-1]" time="0.0004525184631347656"><skipped message="Suite splitting in effect" type="pytest.skip">src/pymortests/riccati.py:60: Suite splitting in effect</skipped></testcase><testcase classname="src.pymortests.riccati" file="src/pymortests/riccati.py" line="60" name="test_ricc_lrcf[20-scipy-True-True-True-False-1-2]" time="0.0004329681396484375"><skipped message="Suite splitting in effect" type="pytest.skip">src/pymortests/riccati.py:60: Suite splitting in effect</skipped></testcase><testcase classname="src.pymortests.riccati" file="src/pymortests/riccati.py" line="60" name="test_ricc_lrcf[20-scipy-True-True-True-False-2-1]" time="0.00043010711669921875"><skipped message="Suite splitting in effect" type="pytest.skip">src/pymortests/riccati.py:60: Suite splitting in effect</skipped></testcase><testcase classname="src.pymortests.riccati" file="src/pymortests/riccati.py" line="60" name="test_ricc_lrcf[20-scipy-True-True-True-False-2-2]" time="0.0007722377777099609"><skipped message="Suite splitting in effect" type="pytest.skip">src/pymortests/riccati.py:60: Suite splitting in effect</skipped></testcase><testcase classname="src.pymortests.riccati" file="src/pymortests/riccati.py" line="60" name="test_ricc_lrcf[20-scipy-True-True-True-True-1-1]" time="0.000446319580078125"><skipped message="Suite splitting in effect" type="pytest.skip">src/pymortests/riccati.py:60: Suite splitting in effect</skipped></testcase><testcase classname="src.pymortests.riccati" file="src/pymortests/riccati.py" line="60" name="test_ricc_lrcf[20-scipy-True-True-True-True-1-2]" time="0.0004603862762451172"><skipped message="Suite splitting in effect" type="pytest.skip">src/pymortests/riccati.py:60: Suite splitting in effect</skipped></testcase><testcase classname="src.pymortests.riccati" file="src/pymortests/riccati.py" line="60" name="test_ricc_lrcf[20-scipy-True-True-True-True-2-1]" time="0.0004410743713378906"><skipped message="Suite splitting in effect" type="pytest.skip">src/pymortests/riccati.py:60: Suite splitting in effect</skipped></testcase><testcase classname="src.pymortests.riccati" file="src/pymortests/riccati.py" line="60" name="test_ricc_lrcf[20-scipy-True-True-True-True-2-2]" time="0.0004398822784423828"><skipped message="Suite splitting in effect" type="pytest.skip">src/pymortests/riccati.py:60: Suite splitting in effect</skipped></testcase><testcase classname="src.pymortests.riccati" file="src/pymortests/riccati.py" line="60" name="test_ricc_lrcf[20-slycot-False-False-False-False-1-1]" time="0.0004413127899169922"><skipped message="Suite splitting in effect" type="pytest.skip">src/pymortests/riccati.py:60: Suite splitting in effect</skipped></testcase><testcase classname="src.pymortests.riccati" file="src/pymortests/riccati.py" line="60" name="test_ricc_lrcf[20-slycot-False-False-False-False-1-2]" time="0.0004353523254394531"><skipped message="Suite splitting in effect" type="pytest.skip">src/pymortests/riccati.py:60: Suite splitting in effect</skipped></testcase><testcase classname="src.pymortests.riccati" file="src/pymortests/riccati.py" line="60" name="test_ricc_lrcf[20-slycot-False-False-False-False-2-1]" time="0.0004761219024658203"><skipped message="Suite splitting in effect" type="pytest.skip">src/pymortests/riccati.py:60: Suite splitting in effect</skipped></testcase><testcase classname="src.pymortests.riccati" file="src/pymortests/riccati.py" line="60" name="test_ricc_lrcf[20-slycot-False-False-False-False-2-2]" time="0.0007703304290771484"><skipped message="Suite splitting in effect" type="pytest.skip">src/pymortests/riccati.py:60: Suite splitting in effect</skipped></testcase><testcase classname="src.pymortests.riccati" file="src/pymortests/riccati.py" line="60" name="test_ricc_lrcf[20-slycot-False-False-False-True-1-1]" time="0.00047707557678222656"><skipped message="Suite splitting in effect" type="pytest.skip">src/pymortests/riccati.py:60: Suite splitting in effect</skipped></testcase><testcase classname="src.pymortests.riccati" file="src/pymortests/riccati.py" line="60" name="test_ricc_lrcf[20-slycot-False-False-False-True-1-2]" time="0.0004582405090332031"><skipped message="Suite splitting in effect" type="pytest.skip">src/pymortests/riccati.py:60: Suite splitting in effect</skipped></testcase><testcase classname="src.pymortests.riccati" file="src/pymortests/riccati.py" line="60" name="test_ricc_lrcf[20-slycot-False-False-False-True-2-1]" time="0.00045013427734375"><skipped message="Suite splitting in effect" type="pytest.skip">src/pymortests/riccati.py:60: Suite splitting in effect</skipped></testcase><testcase classname="src.pymortests.riccati" file="src/pymortests/riccati.py" line="60" name="test_ricc_lrcf[20-slycot-False-False-False-True-2-2]" time="0.0004458427429199219"><skipped message="Suite splitting in effect" type="pytest.skip">src/pymortests/riccati.py:60: Suite splitting in effect</skipped></testcase><testcase classname="src.pymortests.riccati" file="src/pymortests/riccati.py" line="60" name="test_ricc_lrcf[20-slycot-False-True-False-False-1-1]" time="0.0004937648773193359"><skipped message="Suite splitting in effect" type="pytest.skip">src/pymortests/riccati.py:60: Suite splitting in effect</skipped></testcase><testcase classname="src.pymortests.riccati" file="src/pymortests/riccati.py" line="60" name="test_ricc_lrcf[20-slycot-False-True-False-False-1-2]" time="0.0004451274871826172"><skipped message="Suite splitting in effect" type="pytest.skip">src/pymortests/riccati.py:60: Suite splitting in effect</skipped></testcase><testcase classname="src.pymortests.riccati" file="src/pymortests/riccati.py" line="60" name="test_ricc_lrcf[20-slycot-False-True-False-False-2-1]" time="0.00046253204345703125"><skipped message="Suite splitting in effect" type="pytest.skip">src/pymortests/riccati.py:60: Suite splitting in effect</skipped></testcase><testcase classname="src.pymortests.riccati" file="src/pymortests/riccati.py" line="60" name="test_ricc_lrcf[20-slycot-False-True-False-False-2-2]" time="0.0007731914520263672"><skipped message="Suite splitting in effect" type="pytest.skip">src/pymortests/riccati.py:60: Suite splitting in effect</skipped></testcase><testcase classname="src.pymortests.riccati" file="src/pymortests/riccati.py" line="60" name="test_ricc_lrcf[20-slycot-False-True-False-True-1-1]" time="0.0004248619079589844"><skipped message="Suite splitting in effect" type="pytest.skip">src/pymortests/riccati.py:60: Suite splitting in effect</skipped></testcase><testcase classname="src.pymortests.riccati" file="src/pymortests/riccati.py" line="60" name="test_ricc_lrcf[20-slycot-False-True-False-True-1-2]" time="0.00043654441833496094"><skipped message="Suite splitting in effect" type="pytest.skip">src/pymortests/riccati.py:60: Suite splitting in effect</skipped></testcase><testcase classname="src.pymortests.riccati" file="src/pymortests/riccati.py" line="60" name="test_ricc_lrcf[20-slycot-False-True-False-True-2-1]" time="0.00043845176696777344"><skipped message="Suite splitting in effect" type="pytest.skip">src/pymortests/riccati.py:60: Suite splitting in effect</skipped></testcase><testcase classname="src.pymortests.riccati" file="src/pymortests/riccati.py" line="60" name="test_ricc_lrcf[20-slycot-False-True-False-True-2-2]" time="0.0004420280456542969"><skipped message="Suite splitting in effect" type="pytest.skip">src/pymortests/riccati.py:60: Suite splitting in effect</skipped></testcase><testcase classname="src.pymortests.riccati" file="src/pymortests/riccati.py" line="60" name="test_ricc_lrcf[20-slycot-False-True-True-False-1-1]" time="0.00043392181396484375"><skipped message="Suite splitting in effect" type="pytest.skip">src/pymortests/riccati.py:60: Suite splitting in effect</skipped></testcase><testcase classname="src.pymortests.riccati" file="src/pymortests/riccati.py" line="60" name="test_ricc_lrcf[20-slycot-False-True-True-False-1-2]" time="0.0004754066467285156"><skipped message="Suite splitting in effect" type="pytest.skip">src/pymortests/riccati.py:60: Suite splitting in effect</skipped></testcase><testcase classname="src.pymortests.riccati" file="src/pymortests/riccati.py" line="60" name="test_ricc_lrcf[20-slycot-False-True-True-False-2-1]" time="0.0004410743713378906"><skipped message="Suite splitting in effect" type="pytest.skip">src/pymortests/riccati.py:60: Suite splitting in effect</skipped></testcase><testcase classname="src.pymortests.riccati" file="src/pymortests/riccati.py" line="60" name="test_ricc_lrcf[20-slycot-False-True-True-False-2-2]" time="0.0007634162902832031"><skipped message="Suite splitting in effect" type="pytest.skip">src/pymortests/riccati.py:60: Suite splitting in effect</skipped></testcase><testcase classname="src.pymortests.riccati" file="src/pymortests/riccati.py" line="60" name="test_ricc_lrcf[20-slycot-False-True-True-True-1-1]" time="0.00046372413635253906"><skipped message="Suite splitting in effect" type="pytest.skip">src/pymortests/riccati.py:60: Suite splitting in effect</skipped></testcase><testcase classname="src.pymortests.riccati" file="src/pymortests/riccati.py" line="60" name="test_ricc_lrcf[20-slycot-False-True-True-True-1-2]" time="0.00045228004455566406"><skipped message="Suite splitting in effect" type="pytest.skip">src/pymortests/riccati.py:60: Suite splitting in effect</skipped></testcase><testcase classname="src.pymortests.riccati" file="src/pymortests/riccati.py" line="60" name="test_ricc_lrcf[20-slycot-False-True-True-True-2-1]" time="0.0004277229309082031"><skipped message="Suite splitting in effect" type="pytest.skip">src/pymortests/riccati.py:60: Suite splitting in effect</skipped></testcase><testcase classname="src.pymortests.riccati" file="src/pymortests/riccati.py" line="60" name="test_ricc_lrcf[20-slycot-False-True-True-True-2-2]" time="0.00043654441833496094"><skipped message="Suite splitting in effect" type="pytest.skip">src/pymortests/riccati.py:60: Suite splitting in effect</skipped></testcase><testcase classname="src.pymortests.riccati" file="src/pymortests/riccati.py" line="60" name="test_ricc_lrcf[20-slycot-True-False-False-False-1-1]" time="0.00045561790466308594"><skipped message="Suite splitting in effect" type="pytest.skip">src/pymortests/riccati.py:60: Suite splitting in effect</skipped></testcase><testcase classname="src.pymortests.riccati" file="src/pymortests/riccati.py" line="60" name="test_ricc_lrcf[20-slycot-True-False-False-False-1-2]" time="0.0004334449768066406"><skipped message="Suite splitting in effect" type="pytest.skip">src/pymortests/riccati.py:60: Suite splitting in effect</skipped></testcase><testcase classname="src.pymortests.riccati" file="src/pymortests/riccati.py" line="60" name="test_ricc_lrcf[20-slycot-True-False-False-False-2-1]" time="0.0004398822784423828"><skipped message="Suite splitting in effect" type="pytest.skip">src/pymortests/riccati.py:60: Suite splitting in effect</skipped></testcase><testcase classname="src.pymortests.riccati" file="src/pymortests/riccati.py" line="60" name="test_ricc_lrcf[20-slycot-True-False-False-False-2-2]" time="0.000762939453125"><skipped message="Suite splitting in effect" type="pytest.skip">src/pymortests/riccati.py:60: Suite splitting in effect</skipped></testcase><testcase classname="src.pymortests.riccati" file="src/pymortests/riccati.py" line="60" name="test_ricc_lrcf[20-slycot-True-False-False-True-1-1]" time="0.0004303455352783203"><skipped message="Suite splitting in effect" type="pytest.skip">src/pymortests/riccati.py:60: Suite splitting in effect</skipped></testcase><testcase classname="src.pymortests.riccati" file="src/pymortests/riccati.py" line="60" name="test_ricc_lrcf[20-slycot-True-False-False-True-1-2]" time="0.00044083595275878906"><skipped message="Suite splitting in effect" type="pytest.skip">src/pymortests/riccati.py:60: Suite splitting in effect</skipped></testcase><testcase classname="src.pymortests.riccati" file="src/pymortests/riccati.py" line="60" name="test_ricc_lrcf[20-slycot-True-False-False-True-2-1]" time="0.0004417896270751953"><skipped message="Suite splitting in effect" type="pytest.skip">src/pymortests/riccati.py:60: Suite splitting in effect</skipped></testcase><testcase classname="src.pymortests.riccati" file="src/pymortests/riccati.py" line="60" name="test_ricc_lrcf[20-slycot-True-False-False-True-2-2]" time="0.0004482269287109375"><skipped message="Suite splitting in effect" type="pytest.skip">src/pymortests/riccati.py:60: Suite splitting in effect</skipped></testcase><testcase classname="src.pymortests.riccati" file="src/pymortests/riccati.py" line="60" name="test_ricc_lrcf[20-slycot-True-True-False-False-1-1]" time="0.0012774467468261719"><skipped message="Suite splitting in effect" type="pytest.skip">src/pymortests/riccati.py:60: Suite splitting in effect</skipped></testcase><testcase classname="src.pymortests.riccati" file="src/pymortests/riccati.py" line="60" name="test_ricc_lrcf[20-slycot-True-True-False-False-1-2]" time="0.0004432201385498047"><skipped message="Suite splitting in effect" type="pytest.skip">src/pymortests/riccati.py:60: Suite splitting in effect</skipped></testcase><testcase classname="src.pymortests.riccati" file="src/pymortests/riccati.py" line="60" name="test_ricc_lrcf[20-slycot-True-True-False-False-2-1]" time="0.0004324913024902344"><skipped message="Suite splitting in effect" type="pytest.skip">src/pymortests/riccati.py:60: Suite splitting in effect</skipped></testcase><testcase classname="src.pymortests.riccati" file="src/pymortests/riccati.py" line="60" name="test_ricc_lrcf[20-slycot-True-True-False-False-2-2]" time="0.0007538795471191406"><skipped message="Suite splitting in effect" type="pytest.skip">src/pymortests/riccati.py:60: Suite splitting in effect</skipped></testcase><testcase classname="src.pymortests.riccati" file="src/pymortests/riccati.py" line="60" name="test_ricc_lrcf[20-slycot-True-True-False-True-1-1]" time="0.0004429817199707031"><skipped message="Suite splitting in effect" type="pytest.skip">src/pymortests/riccati.py:60: Suite splitting in effect</skipped></testcase><testcase classname="src.pymortests.riccati" file="src/pymortests/riccati.py" line="60" name="test_ricc_lrcf[20-slycot-True-True-False-True-1-2]" time="0.0004429817199707031"><skipped message="Suite splitting in effect" type="pytest.skip">src/pymortests/riccati.py:60: Suite splitting in effect</skipped></testcase><testcase classname="src.pymortests.riccati" file="src/pymortests/riccati.py" line="60" name="test_ricc_lrcf[20-slycot-True-True-False-True-2-1]" time="0.0004639625549316406"><skipped message="Suite splitting in effect" type="pytest.skip">src/pymortests/riccati.py:60: Suite splitting in effect</skipped></testcase><testcase classname="src.pymortests.riccati" file="src/pymortests/riccati.py" line="60" name="test_ricc_lrcf[20-slycot-True-True-False-True-2-2]" time="0.00043773651123046875"><skipped message="Suite splitting in effect" type="pytest.skip">src/pymortests/riccati.py:60: Suite splitting in effect</skipped></testcase><testcase classname="src.pymortests.riccati" file="src/pymortests/riccati.py" line="60" name="test_ricc_lrcf[20-slycot-True-True-True-False-1-1]" time="0.0004811286926269531"><skipped message="Suite splitting in effect" type="pytest.skip">src/pymortests/riccati.py:60: Suite splitting in effect</skipped></testcase><testcase classname="src.pymortests.riccati" file="src/pymortests/riccati.py" line="60" name="test_ricc_lrcf[20-slycot-True-True-True-False-1-2]" time="0.00044345855712890625"><skipped message="Suite splitting in effect" type="pytest.skip">src/pymortests/riccati.py:60: Suite splitting in effect</skipped></testcase><testcase classname="src.pymortests.riccati" file="src/pymortests/riccati.py" line="60" name="test_ricc_lrcf[20-slycot-True-True-True-False-2-1]" time="0.00043702125549316406"><skipped message="Suite splitting in effect" type="pytest.skip">src/pymortests/riccati.py:60: Suite splitting in effect</skipped></testcase><testcase classname="src.pymortests.riccati" file="src/pymortests/riccati.py" line="60" name="test_ricc_lrcf[20-slycot-True-True-True-False-2-2]" time="0.0007762908935546875"><skipped message="Suite splitting in effect" type="pytest.skip">src/pymortests/riccati.py:60: Suite splitting in effect</skipped></testcase><testcase classname="src.pymortests.riccati" file="src/pymortests/riccati.py" line="60" name="test_ricc_lrcf[20-slycot-True-True-True-True-1-1]" time="0.0004425048828125"><skipped message="Suite splitting in effect" type="pytest.skip">src/pymortests/riccati.py:60: Suite splitting in effect</skipped></testcase><testcase classname="src.pymortests.riccati" file="src/pymortests/riccati.py" line="60" name="test_ricc_lrcf[20-slycot-True-True-True-True-1-2]" time="0.00044989585876464844"><skipped message="Suite splitting in effect" type="pytest.skip">src/pymortests/riccati.py:60: Suite splitting in effect</skipped></testcase><testcase classname="src.pymortests.riccati" file="src/pymortests/riccati.py" line="60" name="test_ricc_lrcf[20-slycot-True-True-True-True-2-1]" time="0.0004401206970214844"><skipped message="Suite splitting in effect" type="pytest.skip">src/pymortests/riccati.py:60: Suite splitting in effect</skipped></testcase><testcase classname="src.pymortests.riccati" file="src/pymortests/riccati.py" line="60" name="test_ricc_lrcf[20-slycot-True-True-True-True-2-2]" time="0.0004303455352783203"><skipped message="Suite splitting in effect" type="pytest.skip">src/pymortests/riccati.py:60: Suite splitting in effect</skipped></testcase><testcase classname="src.pymortests.riccati" file="src/pymortests/riccati.py" line="60" name="test_ricc_lrcf[20-pymess_dense_nm_gmpcare-False-False-False-False-1-1]" time="0.00046825408935546875"><skipped message="Suite splitting in effect" type="pytest.skip">src/pymortests/riccati.py:60: Suite splitting in effect</skipped></testcase><testcase classname="src.pymortests.riccati" file="src/pymortests/riccati.py" line="60" name="test_ricc_lrcf[20-pymess_dense_nm_gmpcare-False-False-False-False-1-2]" time="0.0004546642303466797"><skipped message="Suite splitting in effect" type="pytest.skip">src/pymortests/riccati.py:60: Suite splitting in effect</skipped></testcase><testcase classname="src.pymortests.riccati" file="src/pymortests/riccati.py" line="60" name="test_ricc_lrcf[20-pymess_dense_nm_gmpcare-False-False-False-False-2-1]" time="0.00046706199645996094"><skipped message="Suite splitting in effect" type="pytest.skip">src/pymortests/riccati.py:60: Suite splitting in effect</skipped></testcase><testcase classname="src.pymortests.riccati" file="src/pymortests/riccati.py" line="60" name="test_ricc_lrcf[20-pymess_dense_nm_gmpcare-False-False-False-False-2-2]" time="0.0007543563842773438"><skipped message="Suite splitting in effect" type="pytest.skip">src/pymortests/riccati.py:60: Suite splitting in effect</skipped></testcase><testcase classname="src.pymortests.riccati" file="src/pymortests/riccati.py" line="60" name="test_ricc_lrcf[20-pymess_dense_nm_gmpcare-False-False-False-True-1-1]" time="0.00042629241943359375"><skipped message="Suite splitting in effect" type="pytest.skip">src/pymortests/riccati.py:60: Suite splitting in effect</skipped></testcase><testcase classname="src.pymortests.riccati" file="src/pymortests/riccati.py" line="60" name="test_ricc_lrcf[20-pymess_dense_nm_gmpcare-False-False-False-True-1-2]" time="0.0004630088806152344"><skipped message="Suite splitting in effect" type="pytest.skip">src/pymortests/riccati.py:60: Suite splitting in effect</skipped></testcase><testcase classname="src.pymortests.riccati" file="src/pymortests/riccati.py" line="60" name="test_ricc_lrcf[20-pymess_dense_nm_gmpcare-False-False-False-True-2-1]" time="0.00044345855712890625"><skipped message="Suite splitting in effect" type="pytest.skip">src/pymortests/riccati.py:60: Suite splitting in effect</skipped></testcase><testcase classname="src.pymortests.riccati" file="src/pymortests/riccati.py" line="60" name="test_ricc_lrcf[20-pymess_dense_nm_gmpcare-False-False-False-True-2-2]" time="0.0004439353942871094"><skipped message="Suite splitting in effect" type="pytest.skip">src/pymortests/riccati.py:60: Suite splitting in effect</skipped></testcase><testcase classname="src.pymortests.riccati" file="src/pymortests/riccati.py" line="60" name="test_ricc_lrcf[20-pymess_dense_nm_gmpcare-False-True-False-False-1-1]" time="0.00045609474182128906"><skipped message="Suite splitting in effect" type="pytest.skip">src/pymortests/riccati.py:60: Suite splitting in effect</skipped></testcase><testcase classname="src.pymortests.riccati" file="src/pymortests/riccati.py" line="60" name="test_ricc_lrcf[20-pymess_dense_nm_gmpcare-False-True-False-False-1-2]" time="0.00045228004455566406"><skipped message="Suite splitting in effect" type="pytest.skip">src/pymortests/riccati.py:60: Suite splitting in effect</skipped></testcase><testcase classname="src.pymortests.riccati" file="src/pymortests/riccati.py" line="60" name="test_ricc_lrcf[20-pymess_dense_nm_gmpcare-False-True-False-False-2-1]" time="0.0004520416259765625"><skipped message="Suite splitting in effect" type="pytest.skip">src/pymortests/riccati.py:60: Suite splitting in effect</skipped></testcase><testcase classname="src.pymortests.riccati" file="src/pymortests/riccati.py" line="60" name="test_ricc_lrcf[20-pymess_dense_nm_gmpcare-False-True-False-False-2-2]" time="0.0007746219635009766"><skipped message="Suite splitting in effect" type="pytest.skip">src/pymortests/riccati.py:60: Suite splitting in effect</skipped></testcase><testcase classname="src.pymortests.riccati" file="src/pymortests/riccati.py" line="60" name="test_ricc_lrcf[20-pymess_dense_nm_gmpcare-False-True-False-True-1-1]" time="0.00044035911560058594"><skipped message="Suite splitting in effect" type="pytest.skip">src/pymortests/riccati.py:60: Suite splitting in effect</skipped></testcase><testcase classname="src.pymortests.riccati" file="src/pymortests/riccati.py" line="60" name="test_ricc_lrcf[20-pymess_dense_nm_gmpcare-False-True-False-True-1-2]" time="0.00045371055603027344"><skipped message="Suite splitting in effect" type="pytest.skip">src/pymortests/riccati.py:60: Suite splitting in effect</skipped></testcase><testcase classname="src.pymortests.riccati" file="src/pymortests/riccati.py" line="60" name="test_ricc_lrcf[20-pymess_dense_nm_gmpcare-False-True-False-True-2-1]" time="0.0004367828369140625"><skipped message="Suite splitting in effect" type="pytest.skip">src/pymortests/riccati.py:60: Suite splitting in effect</skipped></testcase><testcase classname="src.pymortests.riccati" file="src/pymortests/riccati.py" line="60" name="test_ricc_lrcf[20-pymess_dense_nm_gmpcare-False-True-False-True-2-2]" time="0.0004532337188720703"><skipped message="Suite splitting in effect" type="pytest.skip">src/pymortests/riccati.py:60: Suite splitting in effect</skipped></testcase><testcase classname="src.pymortests.riccati" file="src/pymortests/riccati.py" line="60" name="test_ricc_lrcf[20-pymess_dense_nm_gmpcare-False-True-True-False-1-1]" time="0.0004360675811767578"><skipped message="Suite splitting in effect" type="pytest.skip">src/pymortests/riccati.py:60: Suite splitting in effect</skipped></testcase><testcase classname="src.pymortests.riccati" file="src/pymortests/riccati.py" line="60" name="test_ricc_lrcf[20-pymess_dense_nm_gmpcare-False-True-True-False-1-2]" time="0.00045108795166015625"><skipped message="Suite splitting in effect" type="pytest.skip">src/pymortests/riccati.py:60: Suite splitting in effect</skipped></testcase><testcase classname="src.pymortests.riccati" file="src/pymortests/riccati.py" line="60" name="test_ricc_lrcf[20-pymess_dense_nm_gmpcare-False-True-True-False-2-1]" time="0.0004429817199707031"><skipped message="Suite splitting in effect" type="pytest.skip">src/pymortests/riccati.py:60: Suite splitting in effect</skipped></testcase><testcase classname="src.pymortests.riccati" file="src/pymortests/riccati.py" line="60" name="test_ricc_lrcf[20-pymess_dense_nm_gmpcare-False-True-True-False-2-2]" time="0.0008842945098876953"><skipped message="Suite splitting in effect" type="pytest.skip">src/pymortests/riccati.py:60: Suite splitting in effect</skipped></testcase><testcase classname="src.pymortests.riccati" file="src/pymortests/riccati.py" line="60" name="test_ricc_lrcf[20-pymess_dense_nm_gmpcare-False-True-True-True-1-1]" time="0.0004191398620605469"><skipped message="Suite splitting in effect" type="pytest.skip">src/pymortests/riccati.py:60: Suite splitting in effect</skipped></testcase><testcase classname="src.pymortests.riccati" file="src/pymortests/riccati.py" line="60" name="test_ricc_lrcf[20-pymess_dense_nm_gmpcare-False-True-True-True-1-2]" time="0.0004582405090332031"><skipped message="Suite splitting in effect" type="pytest.skip">src/pymortests/riccati.py:60: Suite splitting in effect</skipped></testcase><testcase classname="src.pymortests.riccati" file="src/pymortests/riccati.py" line="60" name="test_ricc_lrcf[20-pymess_dense_nm_gmpcare-False-True-True-True-2-1]" time="0.0004227161407470703"><skipped message="Suite splitting in effect" type="pytest.skip">src/pymortests/riccati.py:60: Suite splitting in effect</skipped></testcase><testcase classname="src.pymortests.riccati" file="src/pymortests/riccati.py" line="60" name="test_ricc_lrcf[20-pymess_dense_nm_gmpcare-False-True-True-True-2-2]" time="0.0004134178161621094"><skipped message="Suite splitting in effect" type="pytest.skip">src/pymortests/riccati.py:60: Suite splitting in effect</skipped></testcase><testcase classname="src.pymortests.riccati" file="src/pymortests/riccati.py" line="60" name="test_ricc_lrcf[20-pymess_dense_nm_gmpcare-True-False-False-False-1-1]" time="0.00043201446533203125"><skipped message="Suite splitting in effect" type="pytest.skip">src/pymortests/riccati.py:60: Suite splitting in effect</skipped></testcase><testcase classname="src.pymortests.riccati" file="src/pymortests/riccati.py" line="60" name="test_ricc_lrcf[20-pymess_dense_nm_gmpcare-True-False-False-False-1-2]" time="0.0004405975341796875"><skipped message="Suite splitting in effect" type="pytest.skip">src/pymortests/riccati.py:60: Suite splitting in effect</skipped></testcase><testcase classname="src.pymortests.riccati" file="src/pymortests/riccati.py" line="60" name="test_ricc_lrcf[20-pymess_dense_nm_gmpcare-True-False-False-False-2-1]" time="0.0004277229309082031"><skipped message="Suite splitting in effect" type="pytest.skip">src/pymortests/riccati.py:60: Suite splitting in effect</skipped></testcase><testcase classname="src.pymortests.riccati" file="src/pymortests/riccati.py" line="60" name="test_ricc_lrcf[20-pymess_dense_nm_gmpcare-True-False-False-False-2-2]" time="0.0007834434509277344"><skipped message="Suite splitting in effect" type="pytest.skip">src/pymortests/riccati.py:60: Suite splitting in effect</skipped></testcase><testcase classname="src.pymortests.riccati" file="src/pymortests/riccati.py" line="60" name="test_ricc_lrcf[20-pymess_dense_nm_gmpcare-True-False-False-True-1-1]" time="0.0004305839538574219"><skipped message="Suite splitting in effect" type="pytest.skip">src/pymortests/riccati.py:60: Suite splitting in effect</skipped></testcase><testcase classname="src.pymortests.riccati" file="src/pymortests/riccati.py" line="60" name="test_ricc_lrcf[20-pymess_dense_nm_gmpcare-True-False-False-True-1-2]" time="0.0004379749298095703"><skipped message="Suite splitting in effect" type="pytest.skip">src/pymortests/riccati.py:60: Suite splitting in effect</skipped></testcase><testcase classname="src.pymortests.riccati" file="src/pymortests/riccati.py" line="60" name="test_ricc_lrcf[20-pymess_dense_nm_gmpcare-True-False-False-True-2-1]" time="0.000423431396484375"><skipped message="Suite splitting in effect" type="pytest.skip">src/pymortests/riccati.py:60: Suite splitting in effect</skipped></testcase><testcase classname="src.pymortests.riccati" file="src/pymortests/riccati.py" line="60" name="test_ricc_lrcf[20-pymess_dense_nm_gmpcare-True-False-False-True-2-2]" time="0.0004589557647705078"><skipped message="Suite splitting in effect" type="pytest.skip">src/pymortests/riccati.py:60: Suite splitting in effect</skipped></testcase><testcase classname="src.pymortests.riccati" file="src/pymortests/riccati.py" line="60" name="test_ricc_lrcf[20-pymess_dense_nm_gmpcare-True-True-False-False-1-1]" time="0.00042557716369628906"><skipped message="Suite splitting in effect" type="pytest.skip">src/pymortests/riccati.py:60: Suite splitting in effect</skipped></testcase><testcase classname="src.pymortests.riccati" file="src/pymortests/riccati.py" line="60" name="test_ricc_lrcf[20-pymess_dense_nm_gmpcare-True-True-False-False-1-2]" time="0.0004265308380126953"><skipped message="Suite splitting in effect" type="pytest.skip">src/pymortests/riccati.py:60: Suite splitting in effect</skipped></testcase><testcase classname="src.pymortests.riccati" file="src/pymortests/riccati.py" line="60" name="test_ricc_lrcf[20-pymess_dense_nm_gmpcare-True-True-False-False-2-1]" time="0.0004305839538574219"><skipped message="Suite splitting in effect" type="pytest.skip">src/pymortests/riccati.py:60: Suite splitting in effect</skipped></testcase><testcase classname="src.pymortests.riccati" file="src/pymortests/riccati.py" line="60" name="test_ricc_lrcf[20-pymess_dense_nm_gmpcare-True-True-False-False-2-2]" time="0.0007495880126953125"><skipped message="Suite splitting in effect" type="pytest.skip">src/pymortests/riccati.py:60: Suite splitting in effect</skipped></testcase><testcase classname="src.pymortests.riccati" file="src/pymortests/riccati.py" line="60" name="test_ricc_lrcf[20-pymess_dense_nm_gmpcare-True-True-False-True-1-1]" time="0.0004127025604248047"><skipped message="Suite splitting in effect" type="pytest.skip">src/pymortests/riccati.py:60: Suite splitting in effect</skipped></testcase><testcase classname="src.pymortests.riccati" file="src/pymortests/riccati.py" line="60" name="test_ricc_lrcf[20-pymess_dense_nm_gmpcare-True-True-False-True-1-2]" time="0.0004203319549560547"><skipped message="Suite splitting in effect" type="pytest.skip">src/pymortests/riccati.py:60: Suite splitting in effect</skipped></testcase><testcase classname="src.pymortests.riccati" file="src/pymortests/riccati.py" line="60" name="test_ricc_lrcf[20-pymess_dense_nm_gmpcare-True-True-False-True-2-1]" time="0.0004343986511230469"><skipped message="Suite splitting in effect" type="pytest.skip">src/pymortests/riccati.py:60: Suite splitting in effect</skipped></testcase><testcase classname="src.pymortests.riccati" file="src/pymortests/riccati.py" line="60" name="test_ricc_lrcf[20-pymess_dense_nm_gmpcare-True-True-False-True-2-2]" time="0.000453948974609375"><skipped message="Suite splitting in effect" type="pytest.skip">src/pymortests/riccati.py:60: Suite splitting in effect</skipped></testcase><testcase classname="src.pymortests.riccati" file="src/pymortests/riccati.py" line="60" name="test_ricc_lrcf[20-pymess_dense_nm_gmpcare-True-True-True-False-1-1]" time="0.00045418739318847656"><skipped message="Suite splitting in effect" type="pytest.skip">src/pymortests/riccati.py:60: Suite splitting in effect</skipped></testcase><testcase classname="src.pymortests.riccati" file="src/pymortests/riccati.py" line="60" name="test_ricc_lrcf[20-pymess_dense_nm_gmpcare-True-True-True-False-1-2]" time="0.0004477500915527344"><skipped message="Suite splitting in effect" type="pytest.skip">src/pymortests/riccati.py:60: Suite splitting in effect</skipped></testcase><testcase classname="src.pymortests.riccati" file="src/pymortests/riccati.py" line="60" name="test_ricc_lrcf[20-pymess_dense_nm_gmpcare-True-True-True-False-2-1]" time="0.0004525184631347656"><skipped message="Suite splitting in effect" type="pytest.skip">src/pymortests/riccati.py:60: Suite splitting in effect</skipped></testcase><testcase classname="src.pymortests.riccati" file="src/pymortests/riccati.py" line="60" name="test_ricc_lrcf[20-pymess_dense_nm_gmpcare-True-True-True-False-2-2]" time="0.0007383823394775391"><skipped message="Suite splitting in effect" type="pytest.skip">src/pymortests/riccati.py:60: Suite splitting in effect</skipped></testcase><testcase classname="src.pymortests.riccati" file="src/pymortests/riccati.py" line="60" name="test_ricc_lrcf[20-pymess_dense_nm_gmpcare-True-True-True-True-1-1]" time="0.0004324913024902344"><skipped message="Suite splitting in effect" type="pytest.skip">src/pymortests/riccati.py:60: Suite splitting in effect</skipped></testcase><testcase classname="src.pymortests.riccati" file="src/pymortests/riccati.py" line="60" name="test_ricc_lrcf[20-pymess_dense_nm_gmpcare-True-True-True-True-1-2]" time="0.0004239082336425781"><skipped message="Suite splitting in effect" type="pytest.skip">src/pymortests/riccati.py:60: Suite splitting in effect</skipped></testcase><testcase classname="src.pymortests.riccati" file="src/pymortests/riccati.py" line="60" name="test_ricc_lrcf[20-pymess_dense_nm_gmpcare-True-True-True-True-2-1]" time="0.00041675567626953125"><skipped message="Suite splitting in effect" type="pytest.skip">src/pymortests/riccati.py:60: Suite splitting in effect</skipped></testcase><testcase classname="src.pymortests.riccati" file="src/pymortests/riccati.py" line="60" name="test_ricc_lrcf[20-pymess_dense_nm_gmpcare-True-True-True-True-2-2]" time="0.00042819976806640625"><skipped message="Suite splitting in effect" type="pytest.skip">src/pymortests/riccati.py:60: Suite splitting in effect</skipped></testcase><testcase classname="src.pymortests.riccati" file="src/pymortests/riccati.py" line="60" name="test_ricc_lrcf[200-pymess_lrnm-False-False-False-False-1-1]" time="0.0004487037658691406"><skipped message="Suite splitting in effect" type="pytest.skip">src/pymortests/riccati.py:60: Suite splitting in effect</skipped></testcase><testcase classname="src.pymortests.riccati" file="src/pymortests/riccati.py" line="60" name="test_ricc_lrcf[200-pymess_lrnm-False-False-False-False-1-2]" time="0.0004215240478515625"><skipped message="Suite splitting in effect" type="pytest.skip">src/pymortests/riccati.py:60: Suite splitting in effect</skipped></testcase><testcase classname="src.pymortests.riccati" file="src/pymortests/riccati.py" line="60" name="test_ricc_lrcf[200-pymess_lrnm-False-False-False-False-2-1]" time="0.0004265308380126953"><skipped message="Suite splitting in effect" type="pytest.skip">src/pymortests/riccati.py:60: Suite splitting in effect</skipped></testcase><testcase classname="src.pymortests.riccati" file="src/pymortests/riccati.py" line="60" name="test_ricc_lrcf[200-pymess_lrnm-False-False-False-False-2-2]" time="0.0007469654083251953"><skipped message="Suite splitting in effect" type="pytest.skip">src/pymortests/riccati.py:60: Suite splitting in effect</skipped></testcase><testcase classname="src.pymortests.riccati" file="src/pymortests/riccati.py" line="60" name="test_ricc_lrcf[200-pymess_lrnm-False-False-False-True-1-1]" time="0.00047707557678222656"><skipped message="Suite splitting in effect" type="pytest.skip">src/pymortests/riccati.py:60: Suite splitting in effect</skipped></testcase><testcase classname="src.pymortests.riccati" file="src/pymortests/riccati.py" line="60" name="test_ricc_lrcf[200-pymess_lrnm-False-False-False-True-1-2]" time="0.00041937828063964844"><skipped message="Suite splitting in effect" type="pytest.skip">src/pymortests/riccati.py:60: Suite splitting in effect</skipped></testcase><testcase classname="src.pymortests.riccati" file="src/pymortests/riccati.py" line="60" name="test_ricc_lrcf[200-pymess_lrnm-False-False-False-True-2-1]" time="0.0004582405090332031"><skipped message="Suite splitting in effect" type="pytest.skip">src/pymortests/riccati.py:60: Suite splitting in effect</skipped></testcase><testcase classname="src.pymortests.riccati" file="src/pymortests/riccati.py" line="60" name="test_ricc_lrcf[200-pymess_lrnm-False-False-False-True-2-2]" time="0.0004677772521972656"><skipped message="Suite splitting in effect" type="pytest.skip">src/pymortests/riccati.py:60: Suite splitting in effect</skipped></testcase><testcase classname="src.pymortests.riccati" file="src/pymortests/riccati.py" line="60" name="test_ricc_lrcf[200-pymess_lrnm-False-True-False-False-1-1]" time="0.00043129920959472656"><skipped message="Suite splitting in effect" type="pytest.skip">src/pymortests/riccati.py:60: Suite splitting in effect</skipped></testcase><testcase classname="src.pymortests.riccati" file="src/pymortests/riccati.py" line="60" name="test_ricc_lrcf[200-pymess_lrnm-False-True-False-False-1-2]" time="0.0004184246063232422"><skipped message="Suite splitting in effect" type="pytest.skip">src/pymortests/riccati.py:60: Suite splitting in effect</skipped></testcase><testcase classname="src.pymortests.riccati" file="src/pymortests/riccati.py" line="60" name="test_ricc_lrcf[200-pymess_lrnm-False-True-False-False-2-1]" time="0.00042748451232910156"><skipped message="Suite splitting in effect" type="pytest.skip">src/pymortests/riccati.py:60: Suite splitting in effect</skipped></testcase><testcase classname="src.pymortests.riccati" file="src/pymortests/riccati.py" line="60" name="test_ricc_lrcf[200-pymess_lrnm-False-True-False-False-2-2]" time="0.0007770061492919922"><skipped message="Suite splitting in effect" type="pytest.skip">src/pymortests/riccati.py:60: Suite splitting in effect</skipped></testcase><testcase classname="src.pymortests.riccati" file="src/pymortests/riccati.py" line="60" name="test_ricc_lrcf[200-pymess_lrnm-False-True-False-True-1-1]" time="0.0004298686981201172"><skipped message="Suite splitting in effect" type="pytest.skip">src/pymortests/riccati.py:60: Suite splitting in effect</skipped></testcase><testcase classname="src.pymortests.riccati" file="src/pymortests/riccati.py" line="60" name="test_ricc_lrcf[200-pymess_lrnm-False-True-False-True-1-2]" time="0.0004456043243408203"><skipped message="Suite splitting in effect" type="pytest.skip">src/pymortests/riccati.py:60: Suite splitting in effect</skipped></testcase><testcase classname="src.pymortests.riccati" file="src/pymortests/riccati.py" line="60" name="test_ricc_lrcf[200-pymess_lrnm-False-True-False-True-2-1]" time="0.0004334449768066406"><skipped message="Suite splitting in effect" type="pytest.skip">src/pymortests/riccati.py:60: Suite splitting in effect</skipped></testcase><testcase classname="src.pymortests.riccati" file="src/pymortests/riccati.py" line="60" name="test_ricc_lrcf[200-pymess_lrnm-False-True-False-True-2-2]" time="0.00043463706970214844"><skipped message="Suite splitting in effect" type="pytest.skip">src/pymortests/riccati.py:60: Suite splitting in effect</skipped></testcase><testcase classname="src.pymortests.riccati" file="src/pymortests/riccati.py" line="60" name="test_ricc_lrcf[200-pymess_lrnm-False-True-True-False-1-1]" time="0.00042748451232910156"><skipped message="Suite splitting in effect" type="pytest.skip">src/pymortests/riccati.py:60: Suite splitting in effect</skipped></testcase><testcase classname="src.pymortests.riccati" file="src/pymortests/riccati.py" line="60" name="test_ricc_lrcf[200-pymess_lrnm-False-True-True-False-1-2]" time="0.0004761219024658203"><skipped message="Suite splitting in effect" type="pytest.skip">src/pymortests/riccati.py:60: Suite splitting in effect</skipped></testcase><testcase classname="src.pymortests.riccati" file="src/pymortests/riccati.py" line="60" name="test_ricc_lrcf[200-pymess_lrnm-False-True-True-False-2-1]" time="0.00042700767517089844"><skipped message="Suite splitting in effect" type="pytest.skip">src/pymortests/riccati.py:60: Suite splitting in effect</skipped></testcase><testcase classname="src.pymortests.riccati" file="src/pymortests/riccati.py" line="60" name="test_ricc_lrcf[200-pymess_lrnm-False-True-True-False-2-2]" time="0.0008208751678466797"><skipped message="Suite splitting in effect" type="pytest.skip">src/pymortests/riccati.py:60: Suite splitting in effect</skipped></testcase><testcase classname="src.pymortests.riccati" file="src/pymortests/riccati.py" line="60" name="test_ricc_lrcf[200-pymess_lrnm-False-True-True-True-1-1]" time="0.0004379749298095703"><skipped message="Suite splitting in effect" type="pytest.skip">src/pymortests/riccati.py:60: Suite splitting in effect</skipped></testcase><testcase classname="src.pymortests.riccati" file="src/pymortests/riccati.py" line="60" name="test_ricc_lrcf[200-pymess_lrnm-False-True-True-True-1-2]" time="0.00042891502380371094"><skipped message="Suite splitting in effect" type="pytest.skip">src/pymortests/riccati.py:60: Suite splitting in effect</skipped></testcase><testcase classname="src.pymortests.riccati" file="src/pymortests/riccati.py" line="60" name="test_ricc_lrcf[200-pymess_lrnm-False-True-True-True-2-1]" time="0.00043320655822753906"><skipped message="Suite splitting in effect" type="pytest.skip">src/pymortests/riccati.py:60: Suite splitting in effect</skipped></testcase><testcase classname="src.pymortests.riccati" file="src/pymortests/riccati.py" line="60" name="test_ricc_lrcf[200-pymess_lrnm-False-True-True-True-2-2]" time="0.00043392181396484375"><skipped message="Suite splitting in effect" type="pytest.skip">src/pymortests/riccati.py:60: Suite splitting in effect</skipped></testcase><testcase classname="src.pymortests.riccati" file="src/pymortests/riccati.py" line="60" name="test_ricc_lrcf[200-pymess_lrnm-True-False-False-False-1-1]" time="0.0004169940948486328"><skipped message="Suite splitting in effect" type="pytest.skip">src/pymortests/riccati.py:60: Suite splitting in effect</skipped></testcase><testcase classname="src.pymortests.riccati" file="src/pymortests/riccati.py" line="60" name="test_ricc_lrcf[200-pymess_lrnm-True-False-False-False-1-2]" time="0.00042748451232910156"><skipped message="Suite splitting in effect" type="pytest.skip">src/pymortests/riccati.py:60: Suite splitting in effect</skipped></testcase><testcase classname="src.pymortests.riccati" file="src/pymortests/riccati.py" line="60" name="test_ricc_lrcf[200-pymess_lrnm-True-False-False-False-2-1]" time="0.0004398822784423828"><skipped message="Suite splitting in effect" type="pytest.skip">src/pymortests/riccati.py:60: Suite splitting in effect</skipped></testcase><testcase classname="src.pymortests.riccati" file="src/pymortests/riccati.py" line="60" name="test_ricc_lrcf[200-pymess_lrnm-True-False-False-False-2-2]" time="0.0008156299591064453"><skipped message="Suite splitting in effect" type="pytest.skip">src/pymortests/riccati.py:60: Suite splitting in effect</skipped></testcase><testcase classname="src.pymortests.riccati" file="src/pymortests/riccati.py" line="60" name="test_ricc_lrcf[200-pymess_lrnm-True-False-False-True-1-1]" time="0.0004420280456542969"><skipped message="Suite splitting in effect" type="pytest.skip">src/pymortests/riccati.py:60: Suite splitting in effect</skipped></testcase><testcase classname="src.pymortests.riccati" file="src/pymortests/riccati.py" line="60" name="test_ricc_lrcf[200-pymess_lrnm-True-False-False-True-1-2]" time="0.0004341602325439453"><skipped message="Suite splitting in effect" type="pytest.skip">src/pymortests/riccati.py:60: Suite splitting in effect</skipped></testcase><testcase classname="src.pymortests.riccati" file="src/pymortests/riccati.py" line="60" name="test_ricc_lrcf[200-pymess_lrnm-True-False-False-True-2-1]" time="0.0005307197570800781"><skipped message="Suite splitting in effect" type="pytest.skip">src/pymortests/riccati.py:60: Suite splitting in effect</skipped></testcase><testcase classname="src.pymortests.riccati" file="src/pymortests/riccati.py" line="60" name="test_ricc_lrcf[200-pymess_lrnm-True-False-False-True-2-2]" time="0.0004324913024902344"><skipped message="Suite splitting in effect" type="pytest.skip">src/pymortests/riccati.py:60: Suite splitting in effect</skipped></testcase><testcase classname="src.pymortests.riccati" file="src/pymortests/riccati.py" line="60" name="test_ricc_lrcf[200-pymess_lrnm-True-True-False-False-1-1]" time="0.0004138946533203125"><skipped message="Suite splitting in effect" type="pytest.skip">src/pymortests/riccati.py:60: Suite splitting in effect</skipped></testcase><testcase classname="src.pymortests.riccati" file="src/pymortests/riccati.py" line="60" name="test_ricc_lrcf[200-pymess_lrnm-True-True-False-False-1-2]" time="0.0004425048828125"><skipped message="Suite splitting in effect" type="pytest.skip">src/pymortests/riccati.py:60: Suite splitting in effect</skipped></testcase><testcase classname="src.pymortests.riccati" file="src/pymortests/riccati.py" line="60" name="test_ricc_lrcf[200-pymess_lrnm-True-True-False-False-2-1]" time="0.0004334449768066406"><skipped message="Suite splitting in effect" type="pytest.skip">src/pymortests/riccati.py:60: Suite splitting in effect</skipped></testcase><testcase classname="src.pymortests.riccati" file="src/pymortests/riccati.py" line="60" name="test_ricc_lrcf[200-pymess_lrnm-True-True-False-False-2-2]" time="0.0007505416870117188"><skipped message="Suite splitting in effect" type="pytest.skip">src/pymortests/riccati.py:60: Suite splitting in effect</skipped></testcase><testcase classname="src.pymortests.riccati" file="src/pymortests/riccati.py" line="60" name="test_ricc_lrcf[200-pymess_lrnm-True-True-False-True-1-1]" time="0.00042748451232910156"><skipped message="Suite splitting in effect" type="pytest.skip">src/pymortests/riccati.py:60: Suite splitting in effect</skipped></testcase><testcase classname="src.pymortests.riccati" file="src/pymortests/riccati.py" line="60" name="test_ricc_lrcf[200-pymess_lrnm-True-True-False-True-1-2]" time="0.0004119873046875"><skipped message="Suite splitting in effect" type="pytest.skip">src/pymortests/riccati.py:60: Suite splitting in effect</skipped></testcase><testcase classname="src.pymortests.riccati" file="src/pymortests/riccati.py" line="60" name="test_ricc_lrcf[200-pymess_lrnm-True-True-False-True-2-1]" time="0.0004405975341796875"><skipped message="Suite splitting in effect" type="pytest.skip">src/pymortests/riccati.py:60: Suite splitting in effect</skipped></testcase><testcase classname="src.pymortests.riccati" file="src/pymortests/riccati.py" line="60" name="test_ricc_lrcf[200-pymess_lrnm-True-True-False-True-2-2]" time="0.0004363059997558594"><skipped message="Suite splitting in effect" type="pytest.skip">src/pymortests/riccati.py:60: Suite splitting in effect</skipped></testcase><testcase classname="src.pymortests.riccati" file="src/pymortests/riccati.py" line="60" name="test_ricc_lrcf[200-pymess_lrnm-True-True-True-False-1-1]" time="0.0005335807800292969"><skipped message="Suite splitting in effect" type="pytest.skip">src/pymortests/riccati.py:60: Suite splitting in effect</skipped></testcase><testcase classname="src.pymortests.riccati" file="src/pymortests/riccati.py" line="60" name="test_ricc_lrcf[200-pymess_lrnm-True-True-True-False-1-2]" time="0.00043964385986328125"><skipped message="Suite splitting in effect" type="pytest.skip">src/pymortests/riccati.py:60: Suite splitting in effect</skipped></testcase><testcase classname="src.pymortests.riccati" file="src/pymortests/riccati.py" line="60" name="test_ricc_lrcf[200-pymess_lrnm-True-True-True-False-2-1]" time="0.00185394287109375"><skipped message="Suite splitting in effect" type="pytest.skip">src/pymortests/riccati.py:60: Suite splitting in effect</skipped></testcase><testcase classname="src.pymortests.riccati" file="src/pymortests/riccati.py" line="60" name="test_ricc_lrcf[200-pymess_lrnm-True-True-True-False-2-2]" time="0.0007965564727783203"><skipped message="Suite splitting in effect" type="pytest.skip">src/pymortests/riccati.py:60: Suite splitting in effect</skipped></testcase><testcase classname="src.pymortests.riccati" file="src/pymortests/riccati.py" line="60" name="test_ricc_lrcf[200-pymess_lrnm-True-True-True-True-1-1]" time="0.00042629241943359375"><skipped message="Suite splitting in effect" type="pytest.skip">src/pymortests/riccati.py:60: Suite splitting in effect</skipped></testcase><testcase classname="src.pymortests.riccati" file="src/pymortests/riccati.py" line="60" name="test_ricc_lrcf[200-pymess_lrnm-True-True-True-True-1-2]" time="0.00048732757568359375"><skipped message="Suite splitting in effect" type="pytest.skip">src/pymortests/riccati.py:60: Suite splitting in effect</skipped></testcase><testcase classname="src.pymortests.riccati" file="src/pymortests/riccati.py" line="60" name="test_ricc_lrcf[200-pymess_lrnm-True-True-True-True-2-1]" time="0.0004355907440185547"><skipped message="Suite splitting in effect" type="pytest.skip">src/pymortests/riccati.py:60: Suite splitting in effect</skipped></testcase><testcase classname="src.pymortests.riccati" file="src/pymortests/riccati.py" line="60" name="test_ricc_lrcf[200-pymess_lrnm-True-True-True-True-2-2]" time="0.0004189014434814453"><skipped message="Suite splitting in effect" type="pytest.skip">src/pymortests/riccati.py:60: Suite splitting in effect</skipped></testcase><testcase classname="src.pymortests.riccati" file="src/pymortests/riccati.py" line="60" name="test_ricc_lrcf[300-pymess_lrnm-False-False-False-False-1-1]" time="0.00042819976806640625"><skipped message="Suite splitting in effect" type="pytest.skip">src/pymortests/riccati.py:60: Suite splitting in effect</skipped></testcase><testcase classname="src.pymortests.riccati" file="src/pymortests/riccati.py" line="60" name="test_ricc_lrcf[300-pymess_lrnm-False-False-False-False-1-2]" time="0.0004189014434814453"><skipped message="Suite splitting in effect" type="pytest.skip">src/pymortests/riccati.py:60: Suite splitting in effect</skipped></testcase><testcase classname="src.pymortests.riccati" file="src/pymortests/riccati.py" line="60" name="test_ricc_lrcf[300-pymess_lrnm-False-False-False-False-2-1]" time="0.00046372413635253906"><skipped message="Suite splitting in effect" type="pytest.skip">src/pymortests/riccati.py:60: Suite splitting in effect</skipped></testcase><testcase classname="src.pymortests.riccati" file="src/pymortests/riccati.py" line="60" name="test_ricc_lrcf[300-pymess_lrnm-False-False-False-False-2-2]" time="0.0007581710815429688"><skipped message="Suite splitting in effect" type="pytest.skip">src/pymortests/riccati.py:60: Suite splitting in effect</skipped></testcase><testcase classname="src.pymortests.riccati" file="src/pymortests/riccati.py" line="60" name="test_ricc_lrcf[300-pymess_lrnm-False-False-False-True-1-1]" time="0.0004322528839111328"><skipped message="Suite splitting in effect" type="pytest.skip">src/pymortests/riccati.py:60: Suite splitting in effect</skipped></testcase><testcase classname="src.pymortests.riccati" file="src/pymortests/riccati.py" line="60" name="test_ricc_lrcf[300-pymess_lrnm-False-False-False-True-1-2]" time="0.00043892860412597656"><skipped message="Suite splitting in effect" type="pytest.skip">src/pymortests/riccati.py:60: Suite splitting in effect</skipped></testcase><testcase classname="src.pymortests.riccati" file="src/pymortests/riccati.py" line="60" name="test_ricc_lrcf[300-pymess_lrnm-False-False-False-True-2-1]" time="0.0004286766052246094"><skipped message="Suite splitting in effect" type="pytest.skip">src/pymortests/riccati.py:60: Suite splitting in effect</skipped></testcase><testcase classname="src.pymortests.riccati" file="src/pymortests/riccati.py" line="60" name="test_ricc_lrcf[300-pymess_lrnm-False-False-False-True-2-2]" time="0.00042128562927246094"><skipped message="Suite splitting in effect" type="pytest.skip">src/pymortests/riccati.py:60: Suite splitting in effect</skipped></testcase><testcase classname="src.pymortests.riccati" file="src/pymortests/riccati.py" line="60" name="test_ricc_lrcf[300-pymess_lrnm-False-True-False-False-1-1]" time="0.00042176246643066406"><skipped message="Suite splitting in effect" type="pytest.skip">src/pymortests/riccati.py:60: Suite splitting in effect</skipped></testcase><testcase classname="src.pymortests.riccati" file="src/pymortests/riccati.py" line="60" name="test_ricc_lrcf[300-pymess_lrnm-False-True-False-False-1-2]" time="0.0004222393035888672"><skipped message="Suite splitting in effect" type="pytest.skip">src/pymortests/riccati.py:60: Suite splitting in effect</skipped></testcase><testcase classname="src.pymortests.riccati" file="src/pymortests/riccati.py" line="60" name="test_ricc_lrcf[300-pymess_lrnm-False-True-False-False-2-1]" time="0.0004336833953857422"><skipped message="Suite splitting in effect" type="pytest.skip">src/pymortests/riccati.py:60: Suite splitting in effect</skipped></testcase><testcase classname="src.pymortests.riccati" file="src/pymortests/riccati.py" line="60" name="test_ricc_lrcf[300-pymess_lrnm-False-True-False-False-2-2]" time="0.0007765293121337891"><skipped message="Suite splitting in effect" type="pytest.skip">src/pymortests/riccati.py:60: Suite splitting in effect</skipped></testcase><testcase classname="src.pymortests.riccati" file="src/pymortests/riccati.py" line="60" name="test_ricc_lrcf[300-pymess_lrnm-False-True-False-True-1-1]" time="0.00042366981506347656"><skipped message="Suite splitting in effect" type="pytest.skip">src/pymortests/riccati.py:60: Suite splitting in effect</skipped></testcase><testcase classname="src.pymortests.riccati" file="src/pymortests/riccati.py" line="60" name="test_ricc_lrcf[300-pymess_lrnm-False-True-False-True-1-2]" time="0.00041675567626953125"><skipped message="Suite splitting in effect" type="pytest.skip">src/pymortests/riccati.py:60: Suite splitting in effect</skipped></testcase><testcase classname="src.pymortests.riccati" file="src/pymortests/riccati.py" line="60" name="test_ricc_lrcf[300-pymess_lrnm-False-True-False-True-2-1]" time="0.0004317760467529297"><skipped message="Suite splitting in effect" type="pytest.skip">src/pymortests/riccati.py:60: Suite splitting in effect</skipped></testcase><testcase classname="src.pymortests.riccati" file="src/pymortests/riccati.py" line="60" name="test_ricc_lrcf[300-pymess_lrnm-False-True-False-True-2-2]" time="0.0004360675811767578"><skipped message="Suite splitting in effect" type="pytest.skip">src/pymortests/riccati.py:60: Suite splitting in effect</skipped></testcase><testcase classname="src.pymortests.riccati" file="src/pymortests/riccati.py" line="60" name="test_ricc_lrcf[300-pymess_lrnm-False-True-True-False-1-1]" time="0.0004134178161621094"><skipped message="Suite splitting in effect" type="pytest.skip">src/pymortests/riccati.py:60: Suite splitting in effect</skipped></testcase><testcase classname="src.pymortests.riccati" file="src/pymortests/riccati.py" line="60" name="test_ricc_lrcf[300-pymess_lrnm-False-True-True-False-1-2]" time="0.000431060791015625"><skipped message="Suite splitting in effect" type="pytest.skip">src/pymortests/riccati.py:60: Suite splitting in effect</skipped></testcase><testcase classname="src.pymortests.riccati" file="src/pymortests/riccati.py" line="60" name="test_ricc_lrcf[300-pymess_lrnm-False-True-True-False-2-1]" time="0.000438690185546875"><skipped message="Suite splitting in effect" type="pytest.skip">src/pymortests/riccati.py:60: Suite splitting in effect</skipped></testcase><testcase classname="src.pymortests.riccati" file="src/pymortests/riccati.py" line="60" name="test_ricc_lrcf[300-pymess_lrnm-False-True-True-False-2-2]" time="0.0009250640869140625"><skipped message="Suite splitting in effect" type="pytest.skip">src/pymortests/riccati.py:60: Suite splitting in effect</skipped></testcase><testcase classname="src.pymortests.riccati" file="src/pymortests/riccati.py" line="60" name="test_ricc_lrcf[300-pymess_lrnm-False-True-True-True-1-1]" time="0.0004551410675048828"><skipped message="Suite splitting in effect" type="pytest.skip">src/pymortests/riccati.py:60: Suite splitting in effect</skipped></testcase><testcase classname="src.pymortests.riccati" file="src/pymortests/riccati.py" line="60" name="test_ricc_lrcf[300-pymess_lrnm-False-True-True-True-1-2]" time="0.00041222572326660156"><skipped message="Suite splitting in effect" type="pytest.skip">src/pymortests/riccati.py:60: Suite splitting in effect</skipped></testcase><testcase classname="src.pymortests.riccati" file="src/pymortests/riccati.py" line="60" name="test_ricc_lrcf[300-pymess_lrnm-False-True-True-True-2-1]" time="0.0004343986511230469"><skipped message="Suite splitting in effect" type="pytest.skip">src/pymortests/riccati.py:60: Suite splitting in effect</skipped></testcase><testcase classname="src.pymortests.riccati" file="src/pymortests/riccati.py" line="60" name="test_ricc_lrcf[300-pymess_lrnm-False-True-True-True-2-2]" time="0.0004279613494873047"><skipped message="Suite splitting in effect" type="pytest.skip">src/pymortests/riccati.py:60: Suite splitting in effect</skipped></testcase><testcase classname="src.pymortests.riccati" file="src/pymortests/riccati.py" line="60" name="test_ricc_lrcf[300-pymess_lrnm-True-False-False-False-1-1]" time="0.0004343986511230469"><skipped message="Suite splitting in effect" type="pytest.skip">src/pymortests/riccati.py:60: Suite splitting in effect</skipped></testcase><testcase classname="src.pymortests.riccati" file="src/pymortests/riccati.py" line="60" name="test_ricc_lrcf[300-pymess_lrnm-True-False-False-False-1-2]" time="0.0004279613494873047"><skipped message="Suite splitting in effect" type="pytest.skip">src/pymortests/riccati.py:60: Suite splitting in effect</skipped></testcase><testcase classname="src.pymortests.riccati" file="src/pymortests/riccati.py" line="60" name="test_ricc_lrcf[300-pymess_lrnm-True-False-False-False-2-1]" time="0.0004467964172363281"><skipped message="Suite splitting in effect" type="pytest.skip">src/pymortests/riccati.py:60: Suite splitting in effect</skipped></testcase><testcase classname="src.pymortests.riccati" file="src/pymortests/riccati.py" line="60" name="test_ricc_lrcf[300-pymess_lrnm-True-False-False-False-2-2]" time="0.0007195472717285156"><skipped message="Suite splitting in effect" type="pytest.skip">src/pymortests/riccati.py:60: Suite splitting in effect</skipped></testcase><testcase classname="src.pymortests.riccati" file="src/pymortests/riccati.py" line="60" name="test_ricc_lrcf[300-pymess_lrnm-True-False-False-True-1-1]" time="0.00043702125549316406"><skipped message="Suite splitting in effect" type="pytest.skip">src/pymortests/riccati.py:60: Suite splitting in effect</skipped></testcase><testcase classname="src.pymortests.riccati" file="src/pymortests/riccati.py" line="60" name="test_ricc_lrcf[300-pymess_lrnm-True-False-False-True-1-2]" time="0.00047588348388671875"><skipped message="Suite splitting in effect" type="pytest.skip">src/pymortests/riccati.py:60: Suite splitting in effect</skipped></testcase><testcase classname="src.pymortests.riccati" file="src/pymortests/riccati.py" line="60" name="test_ricc_lrcf[300-pymess_lrnm-True-False-False-True-2-1]" time="0.0004279613494873047"><skipped message="Suite splitting in effect" type="pytest.skip">src/pymortests/riccati.py:60: Suite splitting in effect</skipped></testcase><testcase classname="src.pymortests.riccati" file="src/pymortests/riccati.py" line="60" name="test_ricc_lrcf[300-pymess_lrnm-True-False-False-True-2-2]" time="0.0004410743713378906"><skipped message="Suite splitting in effect" type="pytest.skip">src/pymortests/riccati.py:60: Suite splitting in effect</skipped></testcase><testcase classname="src.pymortests.riccati" file="src/pymortests/riccati.py" line="60" name="test_ricc_lrcf[300-pymess_lrnm-True-True-False-False-1-1]" time="0.0004291534423828125"><skipped message="Suite splitting in effect" type="pytest.skip">src/pymortests/riccati.py:60: Suite splitting in effect</skipped></testcase><testcase classname="src.pymortests.riccati" file="src/pymortests/riccati.py" line="60" name="test_ricc_lrcf[300-pymess_lrnm-True-True-False-False-1-2]" time="0.0004324913024902344"><skipped message="Suite splitting in effect" type="pytest.skip">src/pymortests/riccati.py:60: Suite splitting in effect</skipped></testcase><testcase classname="src.pymortests.riccati" file="src/pymortests/riccati.py" line="60" name="test_ricc_lrcf[300-pymess_lrnm-True-True-False-False-2-1]" time="0.0004477500915527344"><skipped message="Suite splitting in effect" type="pytest.skip">src/pymortests/riccati.py:60: Suite splitting in effect</skipped></testcase><testcase classname="src.pymortests.riccati" file="src/pymortests/riccati.py" line="60" name="test_ricc_lrcf[300-pymess_lrnm-True-True-False-False-2-2]" time="0.0007326602935791016"><skipped message="Suite splitting in effect" type="pytest.skip">src/pymortests/riccati.py:60: Suite splitting in effect</skipped></testcase><testcase classname="src.pymortests.riccati" file="src/pymortests/riccati.py" line="60" name="test_ricc_lrcf[300-pymess_lrnm-True-True-False-True-1-1]" time="0.00044274330139160156"><skipped message="Suite splitting in effect" type="pytest.skip">src/pymortests/riccati.py:60: Suite splitting in effect</skipped></testcase><testcase classname="src.pymortests.riccati" file="src/pymortests/riccati.py" line="60" name="test_ricc_lrcf[300-pymess_lrnm-True-True-False-True-1-2]" time="0.000423431396484375"><skipped message="Suite splitting in effect" type="pytest.skip">src/pymortests/riccati.py:60: Suite splitting in effect</skipped></testcase><testcase classname="src.pymortests.riccati" file="src/pymortests/riccati.py" line="60" name="test_ricc_lrcf[300-pymess_lrnm-True-True-False-True-2-1]" time="0.0004429817199707031"><skipped message="Suite splitting in effect" type="pytest.skip">src/pymortests/riccati.py:60: Suite splitting in effect</skipped></testcase><testcase classname="src.pymortests.riccati" file="src/pymortests/riccati.py" line="60" name="test_ricc_lrcf[300-pymess_lrnm-True-True-False-True-2-2]" time="0.00047135353088378906"><skipped message="Suite splitting in effect" type="pytest.skip">src/pymortests/riccati.py:60: Suite splitting in effect</skipped></testcase><testcase classname="src.pymortests.riccati" file="src/pymortests/riccati.py" line="60" name="test_ricc_lrcf[300-pymess_lrnm-True-True-True-False-1-1]" time="0.0004360675811767578"><skipped message="Suite splitting in effect" type="pytest.skip">src/pymortests/riccati.py:60: Suite splitting in effect</skipped></testcase><testcase classname="src.pymortests.riccati" file="src/pymortests/riccati.py" line="60" name="test_ricc_lrcf[300-pymess_lrnm-True-True-True-False-1-2]" time="0.0004286766052246094"><skipped message="Suite splitting in effect" type="pytest.skip">src/pymortests/riccati.py:60: Suite splitting in effect</skipped></testcase><testcase classname="src.pymortests.riccati" file="src/pymortests/riccati.py" line="60" name="test_ricc_lrcf[300-pymess_lrnm-True-True-True-False-2-1]" time="0.00045752525329589844"><skipped message="Suite splitting in effect" type="pytest.skip">src/pymortests/riccati.py:60: Suite splitting in effect</skipped></testcase><testcase classname="src.pymortests.riccati" file="src/pymortests/riccati.py" line="60" name="test_ricc_lrcf[300-pymess_lrnm-True-True-True-False-2-2]" time="0.0008001327514648438"><skipped message="Suite splitting in effect" type="pytest.skip">src/pymortests/riccati.py:60: Suite splitting in effect</skipped></testcase><testcase classname="src.pymortests.riccati" file="src/pymortests/riccati.py" line="60" name="test_ricc_lrcf[300-pymess_lrnm-True-True-True-True-1-1]" time="0.0004394054412841797"><skipped message="Suite splitting in effect" type="pytest.skip">src/pymortests/riccati.py:60: Suite splitting in effect</skipped></testcase><testcase classname="src.pymortests.riccati" file="src/pymortests/riccati.py" line="60" name="test_ricc_lrcf[300-pymess_lrnm-True-True-True-True-1-2]" time="0.00043487548828125"><skipped message="Suite splitting in effect" type="pytest.skip">src/pymortests/riccati.py:60: Suite splitting in effect</skipped></testcase><testcase classname="src.pymortests.riccati" file="src/pymortests/riccati.py" line="60" name="test_ricc_lrcf[300-pymess_lrnm-True-True-True-True-2-1]" time="0.0004305839538574219"><skipped message="Suite splitting in effect" type="pytest.skip">src/pymortests/riccati.py:60: Suite splitting in effect</skipped></testcase><testcase classname="src.pymortests.riccati" file="src/pymortests/riccati.py" line="60" name="test_ricc_lrcf[300-pymess_lrnm-True-True-True-True-2-2]" time="0.0004425048828125"><skipped message="Suite splitting in effect" type="pytest.skip">src/pymortests/riccati.py:60: Suite splitting in effect</skipped></testcase><testcase classname="src.pymortests.riccati" file="src/pymortests/riccati.py" line="105" name="test_pos_ricc_lrcf[scipy-False-False-False-False-1-1-10]" time="0.00043582916259765625"><skipped message="Suite splitting in effect" type="pytest.skip">src/pymortests/riccati.py:105: Suite splitting in effect</skipped></testcase><testcase classname="src.pymortests.riccati" file="src/pymortests/riccati.py" line="105" name="test_pos_ricc_lrcf[scipy-False-False-False-False-1-1-20]" time="0.00048613548278808594"><skipped message="Suite splitting in effect" type="pytest.skip">src/pymortests/riccati.py:105: Suite splitting in effect</skipped></testcase><testcase classname="src.pymortests.riccati" file="src/pymortests/riccati.py" line="105" name="test_pos_ricc_lrcf[scipy-False-False-False-False-1-2-10]" time="0.00041961669921875"><skipped message="Suite splitting in effect" type="pytest.skip">src/pymortests/riccati.py:105: Suite splitting in effect</skipped></testcase><testcase classname="src.pymortests.riccati" file="src/pymortests/riccati.py" line="105" name="test_pos_ricc_lrcf[scipy-False-False-False-False-1-2-20]" time="0.0008823871612548828"><skipped message="Suite splitting in effect" type="pytest.skip">src/pymortests/riccati.py:105: Suite splitting in effect</skipped></testcase><testcase classname="src.pymortests.riccati" file="src/pymortests/riccati.py" line="105" name="test_pos_ricc_lrcf[scipy-False-False-False-False-2-1-10]" time="0.00044274330139160156"><skipped message="Suite splitting in effect" type="pytest.skip">src/pymortests/riccati.py:105: Suite splitting in effect</skipped></testcase><testcase classname="src.pymortests.riccati" file="src/pymortests/riccati.py" line="105" name="test_pos_ricc_lrcf[scipy-False-False-False-False-2-1-20]" time="0.0004603862762451172"><skipped message="Suite splitting in effect" type="pytest.skip">src/pymortests/riccati.py:105: Suite splitting in effect</skipped></testcase><testcase classname="src.pymortests.riccati" file="src/pymortests/riccati.py" line="105" name="test_pos_ricc_lrcf[scipy-False-False-False-False-2-2-10]" time="0.00048804283142089844"><skipped message="Suite splitting in effect" type="pytest.skip">src/pymortests/riccati.py:105: Suite splitting in effect</skipped></testcase><testcase classname="src.pymortests.riccati" file="src/pymortests/riccati.py" line="105" name="test_pos_ricc_lrcf[scipy-False-False-False-False-2-2-20]" time="0.0004591941833496094"><skipped message="Suite splitting in effect" type="pytest.skip">src/pymortests/riccati.py:105: Suite splitting in effect</skipped></testcase><testcase classname="src.pymortests.riccati" file="src/pymortests/riccati.py" line="105" name="test_pos_ricc_lrcf[scipy-False-False-False-True-1-1-10]" time="0.00048232078552246094"><skipped message="Suite splitting in effect" type="pytest.skip">src/pymortests/riccati.py:105: Suite splitting in effect</skipped></testcase><testcase classname="src.pymortests.riccati" file="src/pymortests/riccati.py" line="105" name="test_pos_ricc_lrcf[scipy-False-False-False-True-1-1-20]" time="0.0004925727844238281"><skipped message="Suite splitting in effect" type="pytest.skip">src/pymortests/riccati.py:105: Suite splitting in effect</skipped></testcase><testcase classname="src.pymortests.riccati" file="src/pymortests/riccati.py" line="105" name="test_pos_ricc_lrcf[scipy-False-False-False-True-1-2-10]" time="0.00045180320739746094"><skipped message="Suite splitting in effect" type="pytest.skip">src/pymortests/riccati.py:105: Suite splitting in effect</skipped></testcase><testcase classname="src.pymortests.riccati" file="src/pymortests/riccati.py" line="105" name="test_pos_ricc_lrcf[scipy-False-False-False-True-1-2-20]" time="0.0009005069732666016"><skipped message="Suite splitting in effect" type="pytest.skip">src/pymortests/riccati.py:105: Suite splitting in effect</skipped></testcase><testcase classname="src.pymortests.riccati" file="src/pymortests/riccati.py" line="105" name="test_pos_ricc_lrcf[scipy-False-False-False-True-2-1-10]" time="0.0004799365997314453"><skipped message="Suite splitting in effect" type="pytest.skip">src/pymortests/riccati.py:105: Suite splitting in effect</skipped></testcase><testcase classname="src.pymortests.riccati" file="src/pymortests/riccati.py" line="105" name="test_pos_ricc_lrcf[scipy-False-False-False-True-2-1-20]" time="0.00045299530029296875"><skipped message="Suite splitting in effect" type="pytest.skip">src/pymortests/riccati.py:105: Suite splitting in effect</skipped></testcase><testcase classname="src.pymortests.riccati" file="src/pymortests/riccati.py" line="105" name="test_pos_ricc_lrcf[scipy-False-False-False-True-2-2-10]" time="0.0005593299865722656"><skipped message="Suite splitting in effect" type="pytest.skip">src/pymortests/riccati.py:105: Suite splitting in effect</skipped></testcase><testcase classname="src.pymortests.riccati" file="src/pymortests/riccati.py" line="105" name="test_pos_ricc_lrcf[scipy-False-False-False-True-2-2-20]" time="0.00044727325439453125"><skipped message="Suite splitting in effect" type="pytest.skip">src/pymortests/riccati.py:105: Suite splitting in effect</skipped></testcase><testcase classname="src.pymortests.riccati" file="src/pymortests/riccati.py" line="105" name="test_pos_ricc_lrcf[scipy-False-True-False-False-1-1-10]" time="0.0004889965057373047"><skipped message="Suite splitting in effect" type="pytest.skip">src/pymortests/riccati.py:105: Suite splitting in effect</skipped></testcase><testcase classname="src.pymortests.riccati" file="src/pymortests/riccati.py" line="105" name="test_pos_ricc_lrcf[scipy-False-True-False-False-1-1-20]" time="0.00045943260192871094"><skipped message="Suite splitting in effect" type="pytest.skip">src/pymortests/riccati.py:105: Suite splitting in effect</skipped></testcase><testcase classname="src.pymortests.riccati" file="src/pymortests/riccati.py" line="105" name="test_pos_ricc_lrcf[scipy-False-True-False-False-1-2-10]" time="0.00047087669372558594"><skipped message="Suite splitting in effect" type="pytest.skip">src/pymortests/riccati.py:105: Suite splitting in effect</skipped></testcase><testcase classname="src.pymortests.riccati" file="src/pymortests/riccati.py" line="105" name="test_pos_ricc_lrcf[scipy-False-True-False-False-1-2-20]" time="0.0008041858673095703"><skipped message="Suite splitting in effect" type="pytest.skip">src/pymortests/riccati.py:105: Suite splitting in effect</skipped></testcase><testcase classname="src.pymortests.riccati" file="src/pymortests/riccati.py" line="105" name="test_pos_ricc_lrcf[scipy-False-True-False-False-2-1-10]" time="0.0004622936248779297"><skipped message="Suite splitting in effect" type="pytest.skip">src/pymortests/riccati.py:105: Suite splitting in effect</skipped></testcase><testcase classname="src.pymortests.riccati" file="src/pymortests/riccati.py" line="105" name="test_pos_ricc_lrcf[scipy-False-True-False-False-2-1-20]" time="0.00045752525329589844"><skipped message="Suite splitting in effect" type="pytest.skip">src/pymortests/riccati.py:105: Suite splitting in effect</skipped></testcase><testcase classname="src.pymortests.riccati" file="src/pymortests/riccati.py" line="105" name="test_pos_ricc_lrcf[scipy-False-True-False-False-2-2-10]" time="0.00047135353088378906"><skipped message="Suite splitting in effect" type="pytest.skip">src/pymortests/riccati.py:105: Suite splitting in effect</skipped></testcase><testcase classname="src.pymortests.riccati" file="src/pymortests/riccati.py" line="105" name="test_pos_ricc_lrcf[scipy-False-True-False-False-2-2-20]" time="0.00046133995056152344"><skipped message="Suite splitting in effect" type="pytest.skip">src/pymortests/riccati.py:105: Suite splitting in effect</skipped></testcase><testcase classname="src.pymortests.riccati" file="src/pymortests/riccati.py" line="105" name="test_pos_ricc_lrcf[scipy-False-True-False-True-1-1-10]" time="0.00045990943908691406"><skipped message="Suite splitting in effect" type="pytest.skip">src/pymortests/riccati.py:105: Suite splitting in effect</skipped></testcase><testcase classname="src.pymortests.riccati" file="src/pymortests/riccati.py" line="105" name="test_pos_ricc_lrcf[scipy-False-True-False-True-1-1-20]" time="0.000461578369140625"><skipped message="Suite splitting in effect" type="pytest.skip">src/pymortests/riccati.py:105: Suite splitting in effect</skipped></testcase><testcase classname="src.pymortests.riccati" file="src/pymortests/riccati.py" line="105" name="test_pos_ricc_lrcf[scipy-False-True-False-True-1-2-10]" time="0.0004715919494628906"><skipped message="Suite splitting in effect" type="pytest.skip">src/pymortests/riccati.py:105: Suite splitting in effect</skipped></testcase><testcase classname="src.pymortests.riccati" file="src/pymortests/riccati.py" line="105" name="test_pos_ricc_lrcf[scipy-False-True-False-True-1-2-20]" time="0.0007648468017578125"><skipped message="Suite splitting in effect" type="pytest.skip">src/pymortests/riccati.py:105: Suite splitting in effect</skipped></testcase><testcase classname="src.pymortests.riccati" file="src/pymortests/riccati.py" line="105" name="test_pos_ricc_lrcf[scipy-False-True-False-True-2-1-10]" time="0.0004515647888183594"><skipped message="Suite splitting in effect" type="pytest.skip">src/pymortests/riccati.py:105: Suite splitting in effect</skipped></testcase><testcase classname="src.pymortests.riccati" file="src/pymortests/riccati.py" line="105" name="test_pos_ricc_lrcf[scipy-False-True-False-True-2-1-20]" time="0.0004451274871826172"><skipped message="Suite splitting in effect" type="pytest.skip">src/pymortests/riccati.py:105: Suite splitting in effect</skipped></testcase><testcase classname="src.pymortests.riccati" file="src/pymortests/riccati.py" line="105" name="test_pos_ricc_lrcf[scipy-False-True-False-True-2-2-10]" time="0.0004303455352783203"><skipped message="Suite splitting in effect" type="pytest.skip">src/pymortests/riccati.py:105: Suite splitting in effect</skipped></testcase><testcase classname="src.pymortests.riccati" file="src/pymortests/riccati.py" line="105" name="test_pos_ricc_lrcf[scipy-False-True-False-True-2-2-20]" time="0.00045108795166015625"><skipped message="Suite splitting in effect" type="pytest.skip">src/pymortests/riccati.py:105: Suite splitting in effect</skipped></testcase><testcase classname="src.pymortests.riccati" file="src/pymortests/riccati.py" line="105" name="test_pos_ricc_lrcf[scipy-False-True-True-False-1-1-10]" time="0.0004265308380126953"><skipped message="Suite splitting in effect" type="pytest.skip">src/pymortests/riccati.py:105: Suite splitting in effect</skipped></testcase><testcase classname="src.pymortests.riccati" file="src/pymortests/riccati.py" line="105" name="test_pos_ricc_lrcf[scipy-False-True-True-False-1-1-20]" time="0.00043702125549316406"><skipped message="Suite splitting in effect" type="pytest.skip">src/pymortests/riccati.py:105: Suite splitting in effect</skipped></testcase><testcase classname="src.pymortests.riccati" file="src/pymortests/riccati.py" line="105" name="test_pos_ricc_lrcf[scipy-False-True-True-False-1-2-10]" time="0.0004317760467529297"><skipped message="Suite splitting in effect" type="pytest.skip">src/pymortests/riccati.py:105: Suite splitting in effect</skipped></testcase><testcase classname="src.pymortests.riccati" file="src/pymortests/riccati.py" line="105" name="test_pos_ricc_lrcf[scipy-False-True-True-False-1-2-20]" time="0.0007710456848144531"><skipped message="Suite splitting in effect" type="pytest.skip">src/pymortests/riccati.py:105: Suite splitting in effect</skipped></testcase><testcase classname="src.pymortests.riccati" file="src/pymortests/riccati.py" line="105" name="test_pos_ricc_lrcf[scipy-False-True-True-False-2-1-10]" time="0.0004169940948486328"><skipped message="Suite splitting in effect" type="pytest.skip">src/pymortests/riccati.py:105: Suite splitting in effect</skipped></testcase><testcase classname="src.pymortests.riccati" file="src/pymortests/riccati.py" line="105" name="test_pos_ricc_lrcf[scipy-False-True-True-False-2-1-20]" time="0.0004334449768066406"><skipped message="Suite splitting in effect" type="pytest.skip">src/pymortests/riccati.py:105: Suite splitting in effect</skipped></testcase><testcase classname="src.pymortests.riccati" file="src/pymortests/riccati.py" line="105" name="test_pos_ricc_lrcf[scipy-False-True-True-False-2-2-10]" time="0.00042438507080078125"><skipped message="Suite splitting in effect" type="pytest.skip">src/pymortests/riccati.py:105: Suite splitting in effect</skipped></testcase><testcase classname="src.pymortests.riccati" file="src/pymortests/riccati.py" line="105" name="test_pos_ricc_lrcf[scipy-False-True-True-False-2-2-20]" time="0.0004253387451171875"><skipped message="Suite splitting in effect" type="pytest.skip">src/pymortests/riccati.py:105: Suite splitting in effect</skipped></testcase><testcase classname="src.pymortests.riccati" file="src/pymortests/riccati.py" line="105" name="test_pos_ricc_lrcf[scipy-False-True-True-True-1-1-10]" time="0.00043129920959472656"><skipped message="Suite splitting in effect" type="pytest.skip">src/pymortests/riccati.py:105: Suite splitting in effect</skipped></testcase><testcase classname="src.pymortests.riccati" file="src/pymortests/riccati.py" line="105" name="test_pos_ricc_lrcf[scipy-False-True-True-True-1-1-20]" time="0.0004260540008544922"><skipped message="Suite splitting in effect" type="pytest.skip">src/pymortests/riccati.py:105: Suite splitting in effect</skipped></testcase><testcase classname="src.pymortests.riccati" file="src/pymortests/riccati.py" line="105" name="test_pos_ricc_lrcf[scipy-False-True-True-True-1-2-10]" time="0.0004658699035644531"><skipped message="Suite splitting in effect" type="pytest.skip">src/pymortests/riccati.py:105: Suite splitting in effect</skipped></testcase><testcase classname="src.pymortests.riccati" file="src/pymortests/riccati.py" line="105" name="test_pos_ricc_lrcf[scipy-False-True-True-True-1-2-20]" time="0.0007340908050537109"><skipped message="Suite splitting in effect" type="pytest.skip">src/pymortests/riccati.py:105: Suite splitting in effect</skipped></testcase><testcase classname="src.pymortests.riccati" file="src/pymortests/riccati.py" line="105" name="test_pos_ricc_lrcf[scipy-False-True-True-True-2-1-10]" time="0.00045037269592285156"><skipped message="Suite splitting in effect" type="pytest.skip">src/pymortests/riccati.py:105: Suite splitting in effect</skipped></testcase><testcase classname="src.pymortests.riccati" file="src/pymortests/riccati.py" line="105" name="test_pos_ricc_lrcf[scipy-False-True-True-True-2-1-20]" time="0.000431060791015625"><skipped message="Suite splitting in effect" type="pytest.skip">src/pymortests/riccati.py:105: Suite splitting in effect</skipped></testcase><testcase classname="src.pymortests.riccati" file="src/pymortests/riccati.py" line="105" name="test_pos_ricc_lrcf[scipy-False-True-True-True-2-2-10]" time="0.0004570484161376953"><skipped message="Suite splitting in effect" type="pytest.skip">src/pymortests/riccati.py:105: Suite splitting in effect</skipped></testcase><testcase classname="src.pymortests.riccati" file="src/pymortests/riccati.py" line="105" name="test_pos_ricc_lrcf[scipy-False-True-True-True-2-2-20]" time="0.0004353523254394531"><skipped message="Suite splitting in effect" type="pytest.skip">src/pymortests/riccati.py:105: Suite splitting in effect</skipped></testcase><testcase classname="src.pymortests.riccati" file="src/pymortests/riccati.py" line="105" name="test_pos_ricc_lrcf[scipy-True-False-False-False-1-1-10]" time="0.00043201446533203125"><skipped message="Suite splitting in effect" type="pytest.skip">src/pymortests/riccati.py:105: Suite splitting in effect</skipped></testcase><testcase classname="src.pymortests.riccati" file="src/pymortests/riccati.py" line="105" name="test_pos_ricc_lrcf[scipy-True-False-False-False-1-1-20]" time="0.000423431396484375"><skipped message="Suite splitting in effect" type="pytest.skip">src/pymortests/riccati.py:105: Suite splitting in effect</skipped></testcase><testcase classname="src.pymortests.riccati" file="src/pymortests/riccati.py" line="105" name="test_pos_ricc_lrcf[scipy-True-False-False-False-1-2-10]" time="0.0004355907440185547"><skipped message="Suite splitting in effect" type="pytest.skip">src/pymortests/riccati.py:105: Suite splitting in effect</skipped></testcase><testcase classname="src.pymortests.riccati" file="src/pymortests/riccati.py" line="105" name="test_pos_ricc_lrcf[scipy-True-False-False-False-1-2-20]" time="0.0007333755493164062"><skipped message="Suite splitting in effect" type="pytest.skip">src/pymortests/riccati.py:105: Suite splitting in effect</skipped></testcase><testcase classname="src.pymortests.riccati" file="src/pymortests/riccati.py" line="105" name="test_pos_ricc_lrcf[scipy-True-False-False-False-2-1-10]" time="0.00042629241943359375"><skipped message="Suite splitting in effect" type="pytest.skip">src/pymortests/riccati.py:105: Suite splitting in effect</skipped></testcase><testcase classname="src.pymortests.riccati" file="src/pymortests/riccati.py" line="105" name="test_pos_ricc_lrcf[scipy-True-False-False-False-2-1-20]" time="0.00046563148498535156"><skipped message="Suite splitting in effect" type="pytest.skip">src/pymortests/riccati.py:105: Suite splitting in effect</skipped></testcase><testcase classname="src.pymortests.riccati" file="src/pymortests/riccati.py" line="105" name="test_pos_ricc_lrcf[scipy-True-False-False-False-2-2-10]" time="0.00044608116149902344"><skipped message="Suite splitting in effect" type="pytest.skip">src/pymortests/riccati.py:105: Suite splitting in effect</skipped></testcase><testcase classname="src.pymortests.riccati" file="src/pymortests/riccati.py" line="105" name="test_pos_ricc_lrcf[scipy-True-False-False-False-2-2-20]" time="0.00047898292541503906"><skipped message="Suite splitting in effect" type="pytest.skip">src/pymortests/riccati.py:105: Suite splitting in effect</skipped></testcase><testcase classname="src.pymortests.riccati" file="src/pymortests/riccati.py" line="105" name="test_pos_ricc_lrcf[scipy-True-False-False-True-1-1-10]" time="0.0004489421844482422"><skipped message="Suite splitting in effect" type="pytest.skip">src/pymortests/riccati.py:105: Suite splitting in effect</skipped></testcase><testcase classname="src.pymortests.riccati" file="src/pymortests/riccati.py" line="105" name="test_pos_ricc_lrcf[scipy-True-False-False-True-1-1-20]" time="0.0004303455352783203"><skipped message="Suite splitting in effect" type="pytest.skip">src/pymortests/riccati.py:105: Suite splitting in effect</skipped></testcase><testcase classname="src.pymortests.riccati" file="src/pymortests/riccati.py" line="105" name="test_pos_ricc_lrcf[scipy-True-False-False-True-1-2-10]" time="0.00045609474182128906"><skipped message="Suite splitting in effect" type="pytest.skip">src/pymortests/riccati.py:105: Suite splitting in effect</skipped></testcase><testcase classname="src.pymortests.riccati" file="src/pymortests/riccati.py" line="105" name="test_pos_ricc_lrcf[scipy-True-False-False-True-1-2-20]" time="0.0007846355438232422"><skipped message="Suite splitting in effect" type="pytest.skip">src/pymortests/riccati.py:105: Suite splitting in effect</skipped></testcase><testcase classname="src.pymortests.riccati" file="src/pymortests/riccati.py" line="105" name="test_pos_ricc_lrcf[scipy-True-False-False-True-2-1-10]" time="0.00044155120849609375"><skipped message="Suite splitting in effect" type="pytest.skip">src/pymortests/riccati.py:105: Suite splitting in effect</skipped></testcase><testcase classname="src.pymortests.riccati" file="src/pymortests/riccati.py" line="105" name="test_pos_ricc_lrcf[scipy-True-False-False-True-2-1-20]" time="0.0004458427429199219"><skipped message="Suite splitting in effect" type="pytest.skip">src/pymortests/riccati.py:105: Suite splitting in effect</skipped></testcase><testcase classname="src.pymortests.riccati" file="src/pymortests/riccati.py" line="105" name="test_pos_ricc_lrcf[scipy-True-False-False-True-2-2-10]" time="0.0005567073822021484"><skipped message="Suite splitting in effect" type="pytest.skip">src/pymortests/riccati.py:105: Suite splitting in effect</skipped></testcase><testcase classname="src.pymortests.riccati" file="src/pymortests/riccati.py" line="105" name="test_pos_ricc_lrcf[scipy-True-False-False-True-2-2-20]" time="0.0004353523254394531"><skipped message="Suite splitting in effect" type="pytest.skip">src/pymortests/riccati.py:105: Suite splitting in effect</skipped></testcase><testcase classname="src.pymortests.riccati" file="src/pymortests/riccati.py" line="105" name="test_pos_ricc_lrcf[scipy-True-True-False-False-1-1-10]" time="0.0004267692565917969"><skipped message="Suite splitting in effect" type="pytest.skip">src/pymortests/riccati.py:105: Suite splitting in effect</skipped></testcase><testcase classname="src.pymortests.riccati" file="src/pymortests/riccati.py" line="105" name="test_pos_ricc_lrcf[scipy-True-True-False-False-1-1-20]" time="0.0004343986511230469"><skipped message="Suite splitting in effect" type="pytest.skip">src/pymortests/riccati.py:105: Suite splitting in effect</skipped></testcase><testcase classname="src.pymortests.riccati" file="src/pymortests/riccati.py" line="105" name="test_pos_ricc_lrcf[scipy-True-True-False-False-1-2-10]" time="0.0004546642303466797"><skipped message="Suite splitting in effect" type="pytest.skip">src/pymortests/riccati.py:105: Suite splitting in effect</skipped></testcase><testcase classname="src.pymortests.riccati" file="src/pymortests/riccati.py" line="105" name="test_pos_ricc_lrcf[scipy-True-True-False-False-1-2-20]" time="0.0009152889251708984"><skipped message="Suite splitting in effect" type="pytest.skip">src/pymortests/riccati.py:105: Suite splitting in effect</skipped></testcase><testcase classname="src.pymortests.riccati" file="src/pymortests/riccati.py" line="105" name="test_pos_ricc_lrcf[scipy-True-True-False-False-2-1-10]" time="0.00043702125549316406"><skipped message="Suite splitting in effect" type="pytest.skip">src/pymortests/riccati.py:105: Suite splitting in effect</skipped></testcase><testcase classname="src.pymortests.riccati" file="src/pymortests/riccati.py" line="105" name="test_pos_ricc_lrcf[scipy-True-True-False-False-2-1-20]" time="0.00046253204345703125"><skipped message="Suite splitting in effect" type="pytest.skip">src/pymortests/riccati.py:105: Suite splitting in effect</skipped></testcase><testcase classname="src.pymortests.riccati" file="src/pymortests/riccati.py" line="105" name="test_pos_ricc_lrcf[scipy-True-True-False-False-2-2-10]" time="0.00043845176696777344"><skipped message="Suite splitting in effect" type="pytest.skip">src/pymortests/riccati.py:105: Suite splitting in effect</skipped></testcase><testcase classname="src.pymortests.riccati" file="src/pymortests/riccati.py" line="105" name="test_pos_ricc_lrcf[scipy-True-True-False-False-2-2-20]" time="0.00042510032653808594"><skipped message="Suite splitting in effect" type="pytest.skip">src/pymortests/riccati.py:105: Suite splitting in effect</skipped></testcase><testcase classname="src.pymortests.riccati" file="src/pymortests/riccati.py" line="105" name="test_pos_ricc_lrcf[scipy-True-True-False-True-1-1-10]" time="0.0004591941833496094"><skipped message="Suite splitting in effect" type="pytest.skip">src/pymortests/riccati.py:105: Suite splitting in effect</skipped></testcase><testcase classname="src.pymortests.riccati" file="src/pymortests/riccati.py" line="105" name="test_pos_ricc_lrcf[scipy-True-True-False-True-1-1-20]" time="0.0005025863647460938"><skipped message="Suite splitting in effect" type="pytest.skip">src/pymortests/riccati.py:105: Suite splitting in effect</skipped></testcase><testcase classname="src.pymortests.riccati" file="src/pymortests/riccati.py" line="105" name="test_pos_ricc_lrcf[scipy-True-True-False-True-1-2-10]" time="0.00042557716369628906"><skipped message="Suite splitting in effect" type="pytest.skip">src/pymortests/riccati.py:105: Suite splitting in effect</skipped></testcase><testcase classname="src.pymortests.riccati" file="src/pymortests/riccati.py" line="105" name="test_pos_ricc_lrcf[scipy-True-True-False-True-1-2-20]" time="0.0007364749908447266"><skipped message="Suite splitting in effect" type="pytest.skip">src/pymortests/riccati.py:105: Suite splitting in effect</skipped></testcase><testcase classname="src.pymortests.riccati" file="src/pymortests/riccati.py" line="105" name="test_pos_ricc_lrcf[scipy-True-True-False-True-2-1-10]" time="0.0004298686981201172"><skipped message="Suite splitting in effect" type="pytest.skip">src/pymortests/riccati.py:105: Suite splitting in effect</skipped></testcase><testcase classname="src.pymortests.riccati" file="src/pymortests/riccati.py" line="105" name="test_pos_ricc_lrcf[scipy-True-True-False-True-2-1-20]" time="0.000423431396484375"><skipped message="Suite splitting in effect" type="pytest.skip">src/pymortests/riccati.py:105: Suite splitting in effect</skipped></testcase><testcase classname="src.pymortests.riccati" file="src/pymortests/riccati.py" line="105" name="test_pos_ricc_lrcf[scipy-True-True-False-True-2-2-10]" time="0.00042629241943359375"><skipped message="Suite splitting in effect" type="pytest.skip">src/pymortests/riccati.py:105: Suite splitting in effect</skipped></testcase><testcase classname="src.pymortests.riccati" file="src/pymortests/riccati.py" line="105" name="test_pos_ricc_lrcf[scipy-True-True-False-True-2-2-20]" time="0.00043129920959472656"><skipped message="Suite splitting in effect" type="pytest.skip">src/pymortests/riccati.py:105: Suite splitting in effect</skipped></testcase><testcase classname="src.pymortests.riccati" file="src/pymortests/riccati.py" line="105" name="test_pos_ricc_lrcf[scipy-True-True-True-False-1-1-10]" time="0.0004153251647949219"><skipped message="Suite splitting in effect" type="pytest.skip">src/pymortests/riccati.py:105: Suite splitting in effect</skipped></testcase><testcase classname="src.pymortests.riccati" file="src/pymortests/riccati.py" line="105" name="test_pos_ricc_lrcf[scipy-True-True-True-False-1-1-20]" time="0.000476837158203125"><skipped message="Suite splitting in effect" type="pytest.skip">src/pymortests/riccati.py:105: Suite splitting in effect</skipped></testcase><testcase classname="src.pymortests.riccati" file="src/pymortests/riccati.py" line="105" name="test_pos_ricc_lrcf[scipy-True-True-True-False-1-2-10]" time="0.0004448890686035156"><skipped message="Suite splitting in effect" type="pytest.skip">src/pymortests/riccati.py:105: Suite splitting in effect</skipped></testcase><testcase classname="src.pymortests.riccati" file="src/pymortests/riccati.py" line="105" name="test_pos_ricc_lrcf[scipy-True-True-True-False-1-2-20]" time="0.0007739067077636719"><skipped message="Suite splitting in effect" type="pytest.skip">src/pymortests/riccati.py:105: Suite splitting in effect</skipped></testcase><testcase classname="src.pymortests.riccati" file="src/pymortests/riccati.py" line="105" name="test_pos_ricc_lrcf[scipy-True-True-True-False-2-1-10]" time="0.0004229545593261719"><skipped message="Suite splitting in effect" type="pytest.skip">src/pymortests/riccati.py:105: Suite splitting in effect</skipped></testcase><testcase classname="src.pymortests.riccati" file="src/pymortests/riccati.py" line="105" name="test_pos_ricc_lrcf[scipy-True-True-True-False-2-1-20]" time="0.0004558563232421875"><skipped message="Suite splitting in effect" type="pytest.skip">src/pymortests/riccati.py:105: Suite splitting in effect</skipped></testcase><testcase classname="src.pymortests.riccati" file="src/pymortests/riccati.py" line="105" name="test_pos_ricc_lrcf[scipy-True-True-True-False-2-2-10]" time="0.0004279613494873047"><skipped message="Suite splitting in effect" type="pytest.skip">src/pymortests/riccati.py:105: Suite splitting in effect</skipped></testcase><testcase classname="src.pymortests.riccati" file="src/pymortests/riccati.py" line="105" name="test_pos_ricc_lrcf[scipy-True-True-True-False-2-2-20]" time="0.0004241466522216797"><skipped message="Suite splitting in effect" type="pytest.skip">src/pymortests/riccati.py:105: Suite splitting in effect</skipped></testcase><testcase classname="src.pymortests.riccati" file="src/pymortests/riccati.py" line="105" name="test_pos_ricc_lrcf[scipy-True-True-True-True-1-1-10]" time="0.00043964385986328125"><skipped message="Suite splitting in effect" type="pytest.skip">src/pymortests/riccati.py:105: Suite splitting in effect</skipped></testcase><testcase classname="src.pymortests.riccati" file="src/pymortests/riccati.py" line="105" name="test_pos_ricc_lrcf[scipy-True-True-True-True-1-1-20]" time="0.00043392181396484375"><skipped message="Suite splitting in effect" type="pytest.skip">src/pymortests/riccati.py:105: Suite splitting in effect</skipped></testcase><testcase classname="src.pymortests.riccati" file="src/pymortests/riccati.py" line="105" name="test_pos_ricc_lrcf[scipy-True-True-True-True-1-2-10]" time="0.0004265308380126953"><skipped message="Suite splitting in effect" type="pytest.skip">src/pymortests/riccati.py:105: Suite splitting in effect</skipped></testcase><testcase classname="src.pymortests.riccati" file="src/pymortests/riccati.py" line="105" name="test_pos_ricc_lrcf[scipy-True-True-True-True-1-2-20]" time="0.0007390975952148438"><skipped message="Suite splitting in effect" type="pytest.skip">src/pymortests/riccati.py:105: Suite splitting in effect</skipped></testcase><testcase classname="src.pymortests.riccati" file="src/pymortests/riccati.py" line="105" name="test_pos_ricc_lrcf[scipy-True-True-True-True-2-1-10]" time="0.0004379749298095703"><skipped message="Suite splitting in effect" type="pytest.skip">src/pymortests/riccati.py:105: Suite splitting in effect</skipped></testcase><testcase classname="src.pymortests.riccati" file="src/pymortests/riccati.py" line="105" name="test_pos_ricc_lrcf[scipy-True-True-True-True-2-1-20]" time="0.00043463706970214844"><skipped message="Suite splitting in effect" type="pytest.skip">src/pymortests/riccati.py:105: Suite splitting in effect</skipped></testcase><testcase classname="src.pymortests.riccati" file="src/pymortests/riccati.py" line="105" name="test_pos_ricc_lrcf[scipy-True-True-True-True-2-2-10]" time="0.00045680999755859375"><skipped message="Suite splitting in effect" type="pytest.skip">src/pymortests/riccati.py:105: Suite splitting in effect</skipped></testcase><testcase classname="src.pymortests.riccati" file="src/pymortests/riccati.py" line="105" name="test_pos_ricc_lrcf[scipy-True-True-True-True-2-2-20]" time="0.0004436969757080078"><skipped message="Suite splitting in effect" type="pytest.skip">src/pymortests/riccati.py:105: Suite splitting in effect</skipped></testcase><testcase classname="src.pymortests.riccati" file="src/pymortests/riccati.py" line="105" name="test_pos_ricc_lrcf[slycot-False-False-False-False-1-1-10]" time="0.0004649162292480469"><skipped message="Suite splitting in effect" type="pytest.skip">src/pymortests/riccati.py:105: Suite splitting in effect</skipped></testcase><testcase classname="src.pymortests.riccati" file="src/pymortests/riccati.py" line="105" name="test_pos_ricc_lrcf[slycot-False-False-False-False-1-1-20]" time="0.0004208087921142578"><skipped message="Suite splitting in effect" type="pytest.skip">src/pymortests/riccati.py:105: Suite splitting in effect</skipped></testcase><testcase classname="src.pymortests.riccati" file="src/pymortests/riccati.py" line="105" name="test_pos_ricc_lrcf[slycot-False-False-False-False-1-2-10]" time="0.00046539306640625"><skipped message="Suite splitting in effect" type="pytest.skip">src/pymortests/riccati.py:105: Suite splitting in effect</skipped></testcase><testcase classname="src.pymortests.riccati" file="src/pymortests/riccati.py" line="105" name="test_pos_ricc_lrcf[slycot-False-False-False-False-1-2-20]" time="0.0007483959197998047"><skipped message="Suite splitting in effect" type="pytest.skip">src/pymortests/riccati.py:105: Suite splitting in effect</skipped></testcase><testcase classname="src.pymortests.riccati" file="src/pymortests/riccati.py" line="105" name="test_pos_ricc_lrcf[slycot-False-False-False-False-2-1-10]" time="0.00042319297790527344"><skipped message="Suite splitting in effect" type="pytest.skip">src/pymortests/riccati.py:105: Suite splitting in effect</skipped></testcase><testcase classname="src.pymortests.riccati" file="src/pymortests/riccati.py" line="105" name="test_pos_ricc_lrcf[slycot-False-False-False-False-2-1-20]" time="0.00047206878662109375"><skipped message="Suite splitting in effect" type="pytest.skip">src/pymortests/riccati.py:105: Suite splitting in effect</skipped></testcase><testcase classname="src.pymortests.riccati" file="src/pymortests/riccati.py" line="105" name="test_pos_ricc_lrcf[slycot-False-False-False-False-2-2-10]" time="0.0004260540008544922"><skipped message="Suite splitting in effect" type="pytest.skip">src/pymortests/riccati.py:105: Suite splitting in effect</skipped></testcase><testcase classname="src.pymortests.riccati" file="src/pymortests/riccati.py" line="105" name="test_pos_ricc_lrcf[slycot-False-False-False-False-2-2-20]" time="0.00042891502380371094"><skipped message="Suite splitting in effect" type="pytest.skip">src/pymortests/riccati.py:105: Suite splitting in effect</skipped></testcase><testcase classname="src.pymortests.riccati" file="src/pymortests/riccati.py" line="105" name="test_pos_ricc_lrcf[slycot-False-False-False-True-1-1-10]" time="0.00042438507080078125"><skipped message="Suite splitting in effect" type="pytest.skip">src/pymortests/riccati.py:105: Suite splitting in effect</skipped></testcase><testcase classname="src.pymortests.riccati" file="src/pymortests/riccati.py" line="105" name="test_pos_ricc_lrcf[slycot-False-False-False-True-1-1-20]" time="0.0004968643188476562"><skipped message="Suite splitting in effect" type="pytest.skip">src/pymortests/riccati.py:105: Suite splitting in effect</skipped></testcase><testcase classname="src.pymortests.riccati" file="src/pymortests/riccati.py" line="105" name="test_pos_ricc_lrcf[slycot-False-False-False-True-1-2-10]" time="0.0004534721374511719"><skipped message="Suite splitting in effect" type="pytest.skip">src/pymortests/riccati.py:105: Suite splitting in effect</skipped></testcase><testcase classname="src.pymortests.riccati" file="src/pymortests/riccati.py" line="105" name="test_pos_ricc_lrcf[slycot-False-False-False-True-1-2-20]" time="0.0007073879241943359"><skipped message="Suite splitting in effect" type="pytest.skip">src/pymortests/riccati.py:105: Suite splitting in effect</skipped></testcase><testcase classname="src.pymortests.riccati" file="src/pymortests/riccati.py" line="105" name="test_pos_ricc_lrcf[slycot-False-False-False-True-2-1-10]" time="0.0004150867462158203"><skipped message="Suite splitting in effect" type="pytest.skip">src/pymortests/riccati.py:105: Suite splitting in effect</skipped></testcase><testcase classname="src.pymortests.riccati" file="src/pymortests/riccati.py" line="105" name="test_pos_ricc_lrcf[slycot-False-False-False-True-2-1-20]" time="0.0006091594696044922"><skipped message="Suite splitting in effect" type="pytest.skip">src/pymortests/riccati.py:105: Suite splitting in effect</skipped></testcase><testcase classname="src.pymortests.riccati" file="src/pymortests/riccati.py" line="105" name="test_pos_ricc_lrcf[slycot-False-False-False-True-2-2-10]" time="0.0004520416259765625"><skipped message="Suite splitting in effect" type="pytest.skip">src/pymortests/riccati.py:105: Suite splitting in effect</skipped></testcase><testcase classname="src.pymortests.riccati" file="src/pymortests/riccati.py" line="105" name="test_pos_ricc_lrcf[slycot-False-False-False-True-2-2-20]" time="0.0004584789276123047"><skipped message="Suite splitting in effect" type="pytest.skip">src/pymortests/riccati.py:105: Suite splitting in effect</skipped></testcase><testcase classname="src.pymortests.riccati" file="src/pymortests/riccati.py" line="105" name="test_pos_ricc_lrcf[slycot-False-True-False-False-1-1-10]" time="0.00045013427734375"><skipped message="Suite splitting in effect" type="pytest.skip">src/pymortests/riccati.py:105: Suite splitting in effect</skipped></testcase><testcase classname="src.pymortests.riccati" file="src/pymortests/riccati.py" line="105" name="test_pos_ricc_lrcf[slycot-False-True-False-False-1-1-20]" time="0.00042700767517089844"><skipped message="Suite splitting in effect" type="pytest.skip">src/pymortests/riccati.py:105: Suite splitting in effect</skipped></testcase><testcase classname="src.pymortests.riccati" file="src/pymortests/riccati.py" line="105" name="test_pos_ricc_lrcf[slycot-False-True-False-False-1-2-10]" time="0.00041222572326660156"><skipped message="Suite splitting in effect" type="pytest.skip">src/pymortests/riccati.py:105: Suite splitting in effect</skipped></testcase><testcase classname="src.pymortests.riccati" file="src/pymortests/riccati.py" line="105" name="test_pos_ricc_lrcf[slycot-False-True-False-False-1-2-20]" time="0.0007433891296386719"><skipped message="Suite splitting in effect" type="pytest.skip">src/pymortests/riccati.py:105: Suite splitting in effect</skipped></testcase><testcase classname="src.pymortests.riccati" file="src/pymortests/riccati.py" line="105" name="test_pos_ricc_lrcf[slycot-False-True-False-False-2-1-10]" time="0.0004246234893798828"><skipped message="Suite splitting in effect" type="pytest.skip">src/pymortests/riccati.py:105: Suite splitting in effect</skipped></testcase><testcase classname="src.pymortests.riccati" file="src/pymortests/riccati.py" line="105" name="test_pos_ricc_lrcf[slycot-False-True-False-False-2-1-20]" time="0.00043582916259765625"><skipped message="Suite splitting in effect" type="pytest.skip">src/pymortests/riccati.py:105: Suite splitting in effect</skipped></testcase><testcase classname="src.pymortests.riccati" file="src/pymortests/riccati.py" line="105" name="test_pos_ricc_lrcf[slycot-False-True-False-False-2-2-10]" time="0.0004334449768066406"><skipped message="Suite splitting in effect" type="pytest.skip">src/pymortests/riccati.py:105: Suite splitting in effect</skipped></testcase><testcase classname="src.pymortests.riccati" file="src/pymortests/riccati.py" line="105" name="test_pos_ricc_lrcf[slycot-False-True-False-False-2-2-20]" time="0.00043129920959472656"><skipped message="Suite splitting in effect" type="pytest.skip">src/pymortests/riccati.py:105: Suite splitting in effect</skipped></testcase><testcase classname="src.pymortests.riccati" file="src/pymortests/riccati.py" line="105" name="test_pos_ricc_lrcf[slycot-False-True-False-True-1-1-10]" time="0.0004241466522216797"><skipped message="Suite splitting in effect" type="pytest.skip">src/pymortests/riccati.py:105: Suite splitting in effect</skipped></testcase><testcase classname="src.pymortests.riccati" file="src/pymortests/riccati.py" line="105" name="test_pos_ricc_lrcf[slycot-False-True-False-True-1-1-20]" time="0.0004405975341796875"><skipped message="Suite splitting in effect" type="pytest.skip">src/pymortests/riccati.py:105: Suite splitting in effect</skipped></testcase><testcase classname="src.pymortests.riccati" file="src/pymortests/riccati.py" line="105" name="test_pos_ricc_lrcf[slycot-False-True-False-True-1-2-10]" time="0.0004467964172363281"><skipped message="Suite splitting in effect" type="pytest.skip">src/pymortests/riccati.py:105: Suite splitting in effect</skipped></testcase><testcase classname="src.pymortests.riccati" file="src/pymortests/riccati.py" line="105" name="test_pos_ricc_lrcf[slycot-False-True-False-True-1-2-20]" time="0.0007328987121582031"><skipped message="Suite splitting in effect" type="pytest.skip">src/pymortests/riccati.py:105: Suite splitting in effect</skipped></testcase><testcase classname="src.pymortests.riccati" file="src/pymortests/riccati.py" line="105" name="test_pos_ricc_lrcf[slycot-False-True-False-True-2-1-10]" time="0.0004780292510986328"><skipped message="Suite splitting in effect" type="pytest.skip">src/pymortests/riccati.py:105: Suite splitting in effect</skipped></testcase><testcase classname="src.pymortests.riccati" file="src/pymortests/riccati.py" line="105" name="test_pos_ricc_lrcf[slycot-False-True-False-True-2-1-20]" time="0.0004286766052246094"><skipped message="Suite splitting in effect" type="pytest.skip">src/pymortests/riccati.py:105: Suite splitting in effect</skipped></testcase><testcase classname="src.pymortests.riccati" file="src/pymortests/riccati.py" line="105" name="test_pos_ricc_lrcf[slycot-False-True-False-True-2-2-10]" time="0.0004296302795410156"><skipped message="Suite splitting in effect" type="pytest.skip">src/pymortests/riccati.py:105: Suite splitting in effect</skipped></testcase><testcase classname="src.pymortests.riccati" file="src/pymortests/riccati.py" line="105" name="test_pos_ricc_lrcf[slycot-False-True-False-True-2-2-20]" time="0.00043272972106933594"><skipped message="Suite splitting in effect" type="pytest.skip">src/pymortests/riccati.py:105: Suite splitting in effect</skipped></testcase><testcase classname="src.pymortests.riccati" file="src/pymortests/riccati.py" line="105" name="test_pos_ricc_lrcf[slycot-False-True-True-False-1-1-10]" time="0.00042319297790527344"><skipped message="Suite splitting in effect" type="pytest.skip">src/pymortests/riccati.py:105: Suite splitting in effect</skipped></testcase><testcase classname="src.pymortests.riccati" file="src/pymortests/riccati.py" line="105" name="test_pos_ricc_lrcf[slycot-False-True-True-False-1-1-20]" time="0.00043272972106933594"><skipped message="Suite splitting in effect" type="pytest.skip">src/pymortests/riccati.py:105: Suite splitting in effect</skipped></testcase><testcase classname="src.pymortests.riccati" file="src/pymortests/riccati.py" line="105" name="test_pos_ricc_lrcf[slycot-False-True-True-False-1-2-10]" time="0.00042700767517089844"><skipped message="Suite splitting in effect" type="pytest.skip">src/pymortests/riccati.py:105: Suite splitting in effect</skipped></testcase><testcase classname="src.pymortests.riccati" file="src/pymortests/riccati.py" line="105" name="test_pos_ricc_lrcf[slycot-False-True-True-False-1-2-20]" time="0.0007052421569824219"><skipped message="Suite splitting in effect" type="pytest.skip">src/pymortests/riccati.py:105: Suite splitting in effect</skipped></testcase><testcase classname="src.pymortests.riccati" file="src/pymortests/riccati.py" line="105" name="test_pos_ricc_lrcf[slycot-False-True-True-False-2-1-10]" time="0.00044465065002441406"><skipped message="Suite splitting in effect" type="pytest.skip">src/pymortests/riccati.py:105: Suite splitting in effect</skipped></testcase><testcase classname="src.pymortests.riccati" file="src/pymortests/riccati.py" line="105" name="test_pos_ricc_lrcf[slycot-False-True-True-False-2-1-20]" time="0.00043487548828125"><skipped message="Suite splitting in effect" type="pytest.skip">src/pymortests/riccati.py:105: Suite splitting in effect</skipped></testcase><testcase classname="src.pymortests.riccati" file="src/pymortests/riccati.py" line="105" name="test_pos_ricc_lrcf[slycot-False-True-True-False-2-2-10]" time="0.00043511390686035156"><skipped message="Suite splitting in effect" type="pytest.skip">src/pymortests/riccati.py:105: Suite splitting in effect</skipped></testcase><testcase classname="src.pymortests.riccati" file="src/pymortests/riccati.py" line="105" name="test_pos_ricc_lrcf[slycot-False-True-True-False-2-2-20]" time="0.00042629241943359375"><skipped message="Suite splitting in effect" type="pytest.skip">src/pymortests/riccati.py:105: Suite splitting in effect</skipped></testcase><testcase classname="src.pymortests.riccati" file="src/pymortests/riccati.py" line="105" name="test_pos_ricc_lrcf[slycot-False-True-True-True-1-1-10]" time="0.00044274330139160156"><skipped message="Suite splitting in effect" type="pytest.skip">src/pymortests/riccati.py:105: Suite splitting in effect</skipped></testcase><testcase classname="src.pymortests.riccati" file="src/pymortests/riccati.py" line="105" name="test_pos_ricc_lrcf[slycot-False-True-True-True-1-1-20]" time="0.00042438507080078125"><skipped message="Suite splitting in effect" type="pytest.skip">src/pymortests/riccati.py:105: Suite splitting in effect</skipped></testcase><testcase classname="src.pymortests.riccati" file="src/pymortests/riccati.py" line="105" name="test_pos_ricc_lrcf[slycot-False-True-True-True-1-2-10]" time="0.00045943260192871094"><skipped message="Suite splitting in effect" type="pytest.skip">src/pymortests/riccati.py:105: Suite splitting in effect</skipped></testcase><testcase classname="src.pymortests.riccati" file="src/pymortests/riccati.py" line="105" name="test_pos_ricc_lrcf[slycot-False-True-True-True-1-2-20]" time="0.0007061958312988281"><skipped message="Suite splitting in effect" type="pytest.skip">src/pymortests/riccati.py:105: Suite splitting in effect</skipped></testcase><testcase classname="src.pymortests.riccati" file="src/pymortests/riccati.py" line="105" name="test_pos_ricc_lrcf[slycot-False-True-True-True-2-1-10]" time="0.0004374980926513672"><skipped message="Suite splitting in effect" type="pytest.skip">src/pymortests/riccati.py:105: Suite splitting in effect</skipped></testcase><testcase classname="src.pymortests.riccati" file="src/pymortests/riccati.py" line="105" name="test_pos_ricc_lrcf[slycot-False-True-True-True-2-1-20]" time="0.0004131793975830078"><skipped message="Suite splitting in effect" type="pytest.skip">src/pymortests/riccati.py:105: Suite splitting in effect</skipped></testcase><testcase classname="src.pymortests.riccati" file="src/pymortests/riccati.py" line="105" name="test_pos_ricc_lrcf[slycot-False-True-True-True-2-2-10]" time="0.0004367828369140625"><skipped message="Suite splitting in effect" type="pytest.skip">src/pymortests/riccati.py:105: Suite splitting in effect</skipped></testcase><testcase classname="src.pymortests.riccati" file="src/pymortests/riccati.py" line="105" name="test_pos_ricc_lrcf[slycot-False-True-True-True-2-2-20]" time="0.00045228004455566406"><skipped message="Suite splitting in effect" type="pytest.skip">src/pymortests/riccati.py:105: Suite splitting in effect</skipped></testcase><testcase classname="src.pymortests.riccati" file="src/pymortests/riccati.py" line="105" name="test_pos_ricc_lrcf[slycot-True-False-False-False-1-1-10]" time="0.00043845176696777344"><skipped message="Suite splitting in effect" type="pytest.skip">src/pymortests/riccati.py:105: Suite splitting in effect</skipped></testcase><testcase classname="src.pymortests.riccati" file="src/pymortests/riccati.py" line="105" name="test_pos_ricc_lrcf[slycot-True-False-False-False-1-1-20]" time="0.0004181861877441406"><skipped message="Suite splitting in effect" type="pytest.skip">src/pymortests/riccati.py:105: Suite splitting in effect</skipped></testcase><testcase classname="src.pymortests.riccati" file="src/pymortests/riccati.py" line="105" name="test_pos_ricc_lrcf[slycot-True-False-False-False-1-2-10]" time="0.00042748451232910156"><skipped message="Suite splitting in effect" type="pytest.skip">src/pymortests/riccati.py:105: Suite splitting in effect</skipped></testcase><testcase classname="src.pymortests.riccati" file="src/pymortests/riccati.py" line="105" name="test_pos_ricc_lrcf[slycot-True-False-False-False-1-2-20]" time="0.0007321834564208984"><skipped message="Suite splitting in effect" type="pytest.skip">src/pymortests/riccati.py:105: Suite splitting in effect</skipped></testcase><testcase classname="src.pymortests.riccati" file="src/pymortests/riccati.py" line="105" name="test_pos_ricc_lrcf[slycot-True-False-False-False-2-1-10]" time="0.0004413127899169922"><skipped message="Suite splitting in effect" type="pytest.skip">src/pymortests/riccati.py:105: Suite splitting in effect</skipped></testcase><testcase classname="src.pymortests.riccati" file="src/pymortests/riccati.py" line="105" name="test_pos_ricc_lrcf[slycot-True-False-False-False-2-1-20]" time="0.00042724609375"><skipped message="Suite splitting in effect" type="pytest.skip">src/pymortests/riccati.py:105: Suite splitting in effect</skipped></testcase><testcase classname="src.pymortests.riccati" file="src/pymortests/riccati.py" line="105" name="test_pos_ricc_lrcf[slycot-True-False-False-False-2-2-10]" time="0.0004596710205078125"><skipped message="Suite splitting in effect" type="pytest.skip">src/pymortests/riccati.py:105: Suite splitting in effect</skipped></testcase><testcase classname="src.pymortests.riccati" file="src/pymortests/riccati.py" line="105" name="test_pos_ricc_lrcf[slycot-True-False-False-False-2-2-20]" time="0.0004329681396484375"><skipped message="Suite splitting in effect" type="pytest.skip">src/pymortests/riccati.py:105: Suite splitting in effect</skipped></testcase><testcase classname="src.pymortests.riccati" file="src/pymortests/riccati.py" line="105" name="test_pos_ricc_lrcf[slycot-True-False-False-True-1-1-10]" time="0.00043892860412597656"><skipped message="Suite splitting in effect" type="pytest.skip">src/pymortests/riccati.py:105: Suite splitting in effect</skipped></testcase><testcase classname="src.pymortests.riccati" file="src/pymortests/riccati.py" line="105" name="test_pos_ricc_lrcf[slycot-True-False-False-True-1-1-20]" time="0.00042700767517089844"><skipped message="Suite splitting in effect" type="pytest.skip">src/pymortests/riccati.py:105: Suite splitting in effect</skipped></testcase><testcase classname="src.pymortests.riccati" file="src/pymortests/riccati.py" line="105" name="test_pos_ricc_lrcf[slycot-True-False-False-True-1-2-10]" time="0.0004432201385498047"><skipped message="Suite splitting in effect" type="pytest.skip">src/pymortests/riccati.py:105: Suite splitting in effect</skipped></testcase><testcase classname="src.pymortests.riccati" file="src/pymortests/riccati.py" line="105" name="test_pos_ricc_lrcf[slycot-True-False-False-True-1-2-20]" time="0.0007436275482177734"><skipped message="Suite splitting in effect" type="pytest.skip">src/pymortests/riccati.py:105: Suite splitting in effect</skipped></testcase><testcase classname="src.pymortests.riccati" file="src/pymortests/riccati.py" line="105" name="test_pos_ricc_lrcf[slycot-True-False-False-True-2-1-10]" time="0.0004153251647949219"><skipped message="Suite splitting in effect" type="pytest.skip">src/pymortests/riccati.py:105: Suite splitting in effect</skipped></testcase><testcase classname="src.pymortests.riccati" file="src/pymortests/riccati.py" line="105" name="test_pos_ricc_lrcf[slycot-True-False-False-True-2-1-20]" time="0.00042700767517089844"><skipped message="Suite splitting in effect" type="pytest.skip">src/pymortests/riccati.py:105: Suite splitting in effect</skipped></testcase><testcase classname="src.pymortests.riccati" file="src/pymortests/riccati.py" line="105" name="test_pos_ricc_lrcf[slycot-True-False-False-True-2-2-10]" time="0.00042819976806640625"><skipped message="Suite splitting in effect" type="pytest.skip">src/pymortests/riccati.py:105: Suite splitting in effect</skipped></testcase><testcase classname="src.pymortests.riccati" file="src/pymortests/riccati.py" line="105" name="test_pos_ricc_lrcf[slycot-True-False-False-True-2-2-20]" time="0.00043654441833496094"><skipped message="Suite splitting in effect" type="pytest.skip">src/pymortests/riccati.py:105: Suite splitting in effect</skipped></testcase><testcase classname="src.pymortests.riccati" file="src/pymortests/riccati.py" line="105" name="test_pos_ricc_lrcf[slycot-True-True-False-False-1-1-10]" time="0.00042748451232910156"><skipped message="Suite splitting in effect" type="pytest.skip">src/pymortests/riccati.py:105: Suite splitting in effect</skipped></testcase><testcase classname="src.pymortests.riccati" file="src/pymortests/riccati.py" line="105" name="test_pos_ricc_lrcf[slycot-True-True-False-False-1-1-20]" time="0.0004470348358154297"><skipped message="Suite splitting in effect" type="pytest.skip">src/pymortests/riccati.py:105: Suite splitting in effect</skipped></testcase><testcase classname="src.pymortests.riccati" file="src/pymortests/riccati.py" line="105" name="test_pos_ricc_lrcf[slycot-True-True-False-False-1-2-10]" time="0.0004417896270751953"><skipped message="Suite splitting in effect" type="pytest.skip">src/pymortests/riccati.py:105: Suite splitting in effect</skipped></testcase><testcase classname="src.pymortests.riccati" file="src/pymortests/riccati.py" line="105" name="test_pos_ricc_lrcf[slycot-True-True-False-False-1-2-20]" time="0.0010106563568115234"><skipped message="Suite splitting in effect" type="pytest.skip">src/pymortests/riccati.py:105: Suite splitting in effect</skipped></testcase><testcase classname="src.pymortests.riccati" file="src/pymortests/riccati.py" line="105" name="test_pos_ricc_lrcf[slycot-True-True-False-False-2-1-10]" time="0.0004360675811767578"><skipped message="Suite splitting in effect" type="pytest.skip">src/pymortests/riccati.py:105: Suite splitting in effect</skipped></testcase><testcase classname="src.pymortests.riccati" file="src/pymortests/riccati.py" line="105" name="test_pos_ricc_lrcf[slycot-True-True-False-False-2-1-20]" time="0.00043010711669921875"><skipped message="Suite splitting in effect" type="pytest.skip">src/pymortests/riccati.py:105: Suite splitting in effect</skipped></testcase><testcase classname="src.pymortests.riccati" file="src/pymortests/riccati.py" line="105" name="test_pos_ricc_lrcf[slycot-True-True-False-False-2-2-10]" time="0.0004642009735107422"><skipped message="Suite splitting in effect" type="pytest.skip">src/pymortests/riccati.py:105: Suite splitting in effect</skipped></testcase><testcase classname="src.pymortests.riccati" file="src/pymortests/riccati.py" line="105" name="test_pos_ricc_lrcf[slycot-True-True-False-False-2-2-20]" time="0.00042057037353515625"><skipped message="Suite splitting in effect" type="pytest.skip">src/pymortests/riccati.py:105: Suite splitting in effect</skipped></testcase><testcase classname="src.pymortests.riccati" file="src/pymortests/riccati.py" line="105" name="test_pos_ricc_lrcf[slycot-True-True-False-True-1-1-10]" time="0.00042748451232910156"><skipped message="Suite splitting in effect" type="pytest.skip">src/pymortests/riccati.py:105: Suite splitting in effect</skipped></testcase><testcase classname="src.pymortests.riccati" file="src/pymortests/riccati.py" line="105" name="test_pos_ricc_lrcf[slycot-True-True-False-True-1-1-20]" time="0.0004253387451171875"><skipped message="Suite splitting in effect" type="pytest.skip">src/pymortests/riccati.py:105: Suite splitting in effect</skipped></testcase><testcase classname="src.pymortests.riccati" file="src/pymortests/riccati.py" line="105" name="test_pos_ricc_lrcf[slycot-True-True-False-True-1-2-10]" time="0.0004153251647949219"><skipped message="Suite splitting in effect" type="pytest.skip">src/pymortests/riccati.py:105: Suite splitting in effect</skipped></testcase><testcase classname="src.pymortests.riccati" file="src/pymortests/riccati.py" line="105" name="test_pos_ricc_lrcf[slycot-True-True-False-True-1-2-20]" time="0.000759124755859375"><skipped message="Suite splitting in effect" type="pytest.skip">src/pymortests/riccati.py:105: Suite splitting in effect</skipped></testcase><testcase classname="src.pymortests.riccati" file="src/pymortests/riccati.py" line="105" name="test_pos_ricc_lrcf[slycot-True-True-False-True-2-1-10]" time="0.0004241466522216797"><skipped message="Suite splitting in effect" type="pytest.skip">src/pymortests/riccati.py:105: Suite splitting in effect</skipped></testcase><testcase classname="src.pymortests.riccati" file="src/pymortests/riccati.py" line="105" name="test_pos_ricc_lrcf[slycot-True-True-False-True-2-1-20]" time="0.0004220008850097656"><skipped message="Suite splitting in effect" type="pytest.skip">src/pymortests/riccati.py:105: Suite splitting in effect</skipped></testcase><testcase classname="src.pymortests.riccati" file="src/pymortests/riccati.py" line="105" name="test_pos_ricc_lrcf[slycot-True-True-False-True-2-2-10]" time="0.0004405975341796875"><skipped message="Suite splitting in effect" type="pytest.skip">src/pymortests/riccati.py:105: Suite splitting in effect</skipped></testcase><testcase classname="src.pymortests.riccati" file="src/pymortests/riccati.py" line="105" name="test_pos_ricc_lrcf[slycot-True-True-False-True-2-2-20]" time="0.0004334449768066406"><skipped message="Suite splitting in effect" type="pytest.skip">src/pymortests/riccati.py:105: Suite splitting in effect</skipped></testcase><testcase classname="src.pymortests.riccati" file="src/pymortests/riccati.py" line="105" name="test_pos_ricc_lrcf[slycot-True-True-True-False-1-1-10]" time="0.00042557716369628906"><skipped message="Suite splitting in effect" type="pytest.skip">src/pymortests/riccati.py:105: Suite splitting in effect</skipped></testcase><testcase classname="src.pymortests.riccati" file="src/pymortests/riccati.py" line="105" name="test_pos_ricc_lrcf[slycot-True-True-True-False-1-1-20]" time="0.0004987716674804688"><skipped message="Suite splitting in effect" type="pytest.skip">src/pymortests/riccati.py:105: Suite splitting in effect</skipped></testcase><testcase classname="src.pymortests.riccati" file="src/pymortests/riccati.py" line="105" name="test_pos_ricc_lrcf[slycot-True-True-True-False-1-2-10]" time="0.00042891502380371094"><skipped message="Suite splitting in effect" type="pytest.skip">src/pymortests/riccati.py:105: Suite splitting in effect</skipped></testcase><testcase classname="src.pymortests.riccati" file="src/pymortests/riccati.py" line="105" name="test_pos_ricc_lrcf[slycot-True-True-True-False-1-2-20]" time="0.0007615089416503906"><skipped message="Suite splitting in effect" type="pytest.skip">src/pymortests/riccati.py:105: Suite splitting in effect</skipped></testcase><testcase classname="src.pymortests.riccati" file="src/pymortests/riccati.py" line="105" name="test_pos_ricc_lrcf[slycot-True-True-True-False-2-1-10]" time="0.0004265308380126953"><skipped message="Suite splitting in effect" type="pytest.skip">src/pymortests/riccati.py:105: Suite splitting in effect</skipped></testcase><testcase classname="src.pymortests.riccati" file="src/pymortests/riccati.py" line="105" name="test_pos_ricc_lrcf[slycot-True-True-True-False-2-1-20]" time="0.0004286766052246094"><skipped message="Suite splitting in effect" type="pytest.skip">src/pymortests/riccati.py:105: Suite splitting in effect</skipped></testcase><testcase classname="src.pymortests.riccati" file="src/pymortests/riccati.py" line="105" name="test_pos_ricc_lrcf[slycot-True-True-True-False-2-2-10]" time="0.00043654441833496094"><skipped message="Suite splitting in effect" type="pytest.skip">src/pymortests/riccati.py:105: Suite splitting in effect</skipped></testcase><testcase classname="src.pymortests.riccati" file="src/pymortests/riccati.py" line="105" name="test_pos_ricc_lrcf[slycot-True-True-True-False-2-2-20]" time="0.0004241466522216797"><skipped message="Suite splitting in effect" type="pytest.skip">src/pymortests/riccati.py:105: Suite splitting in effect</skipped></testcase><testcase classname="src.pymortests.riccati" file="src/pymortests/riccati.py" line="105" name="test_pos_ricc_lrcf[slycot-True-True-True-True-1-1-10]" time="0.0004444122314453125"><skipped message="Suite splitting in effect" type="pytest.skip">src/pymortests/riccati.py:105: Suite splitting in effect</skipped></testcase><testcase classname="src.pymortests.riccati" file="src/pymortests/riccati.py" line="105" name="test_pos_ricc_lrcf[slycot-True-True-True-True-1-1-20]" time="0.00043654441833496094"><skipped message="Suite splitting in effect" type="pytest.skip">src/pymortests/riccati.py:105: Suite splitting in effect</skipped></testcase><testcase classname="src.pymortests.riccati" file="src/pymortests/riccati.py" line="105" name="test_pos_ricc_lrcf[slycot-True-True-True-True-1-2-10]" time="0.00042510032653808594"><skipped message="Suite splitting in effect" type="pytest.skip">src/pymortests/riccati.py:105: Suite splitting in effect</skipped></testcase><testcase classname="src.pymortests.riccati" file="src/pymortests/riccati.py" line="105" name="test_pos_ricc_lrcf[slycot-True-True-True-True-1-2-20]" time="0.0007417201995849609"><skipped message="Suite splitting in effect" type="pytest.skip">src/pymortests/riccati.py:105: Suite splitting in effect</skipped></testcase><testcase classname="src.pymortests.riccati" file="src/pymortests/riccati.py" line="105" name="test_pos_ricc_lrcf[slycot-True-True-True-True-2-1-10]" time="0.0004246234893798828"><skipped message="Suite splitting in effect" type="pytest.skip">src/pymortests/riccati.py:105: Suite splitting in effect</skipped></testcase><testcase classname="src.pymortests.riccati" file="src/pymortests/riccati.py" line="105" name="test_pos_ricc_lrcf[slycot-True-True-True-True-2-1-20]" time="0.00043582916259765625"><skipped message="Suite splitting in effect" type="pytest.skip">src/pymortests/riccati.py:105: Suite splitting in effect</skipped></testcase><testcase classname="src.pymortests.riccati" file="src/pymortests/riccati.py" line="105" name="test_pos_ricc_lrcf[slycot-True-True-True-True-2-2-10]" time="0.0004696846008300781"><skipped message="Suite splitting in effect" type="pytest.skip">src/pymortests/riccati.py:105: Suite splitting in effect</skipped></testcase><testcase classname="src.pymortests.riccati" file="src/pymortests/riccati.py" line="105" name="test_pos_ricc_lrcf[slycot-True-True-True-True-2-2-20]" time="0.00042939186096191406"><skipped message="Suite splitting in effect" type="pytest.skip">src/pymortests/riccati.py:105: Suite splitting in effect</skipped></testcase><testcase classname="src.pymortests.riccati" file="src/pymortests/riccati.py" line="105" name="test_pos_ricc_lrcf[pymess_dense_nm_gmpcare-False-False-False-False-1-1-10]" time="0.00042819976806640625"><skipped message="Suite splitting in effect" type="pytest.skip">src/pymortests/riccati.py:105: Suite splitting in effect</skipped></testcase><testcase classname="src.pymortests.riccati" file="src/pymortests/riccati.py" line="105" name="test_pos_ricc_lrcf[pymess_dense_nm_gmpcare-False-False-False-False-1-1-20]" time="0.0005631446838378906"><skipped message="Suite splitting in effect" type="pytest.skip">src/pymortests/riccati.py:105: Suite splitting in effect</skipped></testcase><testcase classname="src.pymortests.riccati" file="src/pymortests/riccati.py" line="105" name="test_pos_ricc_lrcf[pymess_dense_nm_gmpcare-False-False-False-False-1-2-10]" time="0.00043010711669921875"><skipped message="Suite splitting in effect" type="pytest.skip">src/pymortests/riccati.py:105: Suite splitting in effect</skipped></testcase><testcase classname="src.pymortests.riccati" file="src/pymortests/riccati.py" line="105" name="test_pos_ricc_lrcf[pymess_dense_nm_gmpcare-False-False-False-False-1-2-20]" time="0.00075531005859375"><skipped message="Suite splitting in effect" type="pytest.skip">src/pymortests/riccati.py:105: Suite splitting in effect</skipped></testcase><testcase classname="src.pymortests.riccati" file="src/pymortests/riccati.py" line="105" name="test_pos_ricc_lrcf[pymess_dense_nm_gmpcare-False-False-False-False-2-1-10]" time="0.00042700767517089844"><skipped message="Suite splitting in effect" type="pytest.skip">src/pymortests/riccati.py:105: Suite splitting in effect</skipped></testcase><testcase classname="src.pymortests.riccati" file="src/pymortests/riccati.py" line="105" name="test_pos_ricc_lrcf[pymess_dense_nm_gmpcare-False-False-False-False-2-1-20]" time="0.0004239082336425781"><skipped message="Suite splitting in effect" type="pytest.skip">src/pymortests/riccati.py:105: Suite splitting in effect</skipped></testcase><testcase classname="src.pymortests.riccati" file="src/pymortests/riccati.py" line="105" name="test_pos_ricc_lrcf[pymess_dense_nm_gmpcare-False-False-False-False-2-2-10]" time="0.000484466552734375"><skipped message="Suite splitting in effect" type="pytest.skip">src/pymortests/riccati.py:105: Suite splitting in effect</skipped></testcase><testcase classname="src.pymortests.riccati" file="src/pymortests/riccati.py" line="105" name="test_pos_ricc_lrcf[pymess_dense_nm_gmpcare-False-False-False-False-2-2-20]" time="0.00043082237243652344"><skipped message="Suite splitting in effect" type="pytest.skip">src/pymortests/riccati.py:105: Suite splitting in effect</skipped></testcase><testcase classname="src.pymortests.riccati" file="src/pymortests/riccati.py" line="105" name="test_pos_ricc_lrcf[pymess_dense_nm_gmpcare-False-False-False-True-1-1-10]" time="0.0004444122314453125"><skipped message="Suite splitting in effect" type="pytest.skip">src/pymortests/riccati.py:105: Suite splitting in effect</skipped></testcase><testcase classname="src.pymortests.riccati" file="src/pymortests/riccati.py" line="105" name="test_pos_ricc_lrcf[pymess_dense_nm_gmpcare-False-False-False-True-1-1-20]" time="0.00042939186096191406"><skipped message="Suite splitting in effect" type="pytest.skip">src/pymortests/riccati.py:105: Suite splitting in effect</skipped></testcase><testcase classname="src.pymortests.riccati" file="src/pymortests/riccati.py" line="105" name="test_pos_ricc_lrcf[pymess_dense_nm_gmpcare-False-False-False-True-1-2-10]" time="0.00043892860412597656"><skipped message="Suite splitting in effect" type="pytest.skip">src/pymortests/riccati.py:105: Suite splitting in effect</skipped></testcase><testcase classname="src.pymortests.riccati" file="src/pymortests/riccati.py" line="105" name="test_pos_ricc_lrcf[pymess_dense_nm_gmpcare-False-False-False-True-1-2-20]" time="0.0007565021514892578"><skipped message="Suite splitting in effect" type="pytest.skip">src/pymortests/riccati.py:105: Suite splitting in effect</skipped></testcase><testcase classname="src.pymortests.riccati" file="src/pymortests/riccati.py" line="105" name="test_pos_ricc_lrcf[pymess_dense_nm_gmpcare-False-False-False-True-2-1-10]" time="0.0004317760467529297"><skipped message="Suite splitting in effect" type="pytest.skip">src/pymortests/riccati.py:105: Suite splitting in effect</skipped></testcase><testcase classname="src.pymortests.riccati" file="src/pymortests/riccati.py" line="105" name="test_pos_ricc_lrcf[pymess_dense_nm_gmpcare-False-False-False-True-2-1-20]" time="0.00046753883361816406"><skipped message="Suite splitting in effect" type="pytest.skip">src/pymortests/riccati.py:105: Suite splitting in effect</skipped></testcase><testcase classname="src.pymortests.riccati" file="src/pymortests/riccati.py" line="105" name="test_pos_ricc_lrcf[pymess_dense_nm_gmpcare-False-False-False-True-2-2-10]" time="0.00043320655822753906"><skipped message="Suite splitting in effect" type="pytest.skip">src/pymortests/riccati.py:105: Suite splitting in effect</skipped></testcase><testcase classname="src.pymortests.riccati" file="src/pymortests/riccati.py" line="105" name="test_pos_ricc_lrcf[pymess_dense_nm_gmpcare-False-False-False-True-2-2-20]" time="0.0004596710205078125"><skipped message="Suite splitting in effect" type="pytest.skip">src/pymortests/riccati.py:105: Suite splitting in effect</skipped></testcase><testcase classname="src.pymortests.riccati" file="src/pymortests/riccati.py" line="105" name="test_pos_ricc_lrcf[pymess_dense_nm_gmpcare-False-True-False-False-1-1-10]" time="0.00043487548828125"><skipped message="Suite splitting in effect" type="pytest.skip">src/pymortests/riccati.py:105: Suite splitting in effect</skipped></testcase><testcase classname="src.pymortests.riccati" file="src/pymortests/riccati.py" line="105" name="test_pos_ricc_lrcf[pymess_dense_nm_gmpcare-False-True-False-False-1-1-20]" time="0.00042700767517089844"><skipped message="Suite splitting in effect" type="pytest.skip">src/pymortests/riccati.py:105: Suite splitting in effect</skipped></testcase><testcase classname="src.pymortests.riccati" file="src/pymortests/riccati.py" line="105" name="test_pos_ricc_lrcf[pymess_dense_nm_gmpcare-False-True-False-False-1-2-10]" time="0.00047278404235839844"><skipped message="Suite splitting in effect" type="pytest.skip">src/pymortests/riccati.py:105: Suite splitting in effect</skipped></testcase><testcase classname="src.pymortests.riccati" file="src/pymortests/riccati.py" line="105" name="test_pos_ricc_lrcf[pymess_dense_nm_gmpcare-False-True-False-False-1-2-20]" time="0.0007612705230712891"><skipped message="Suite splitting in effect" type="pytest.skip">src/pymortests/riccati.py:105: Suite splitting in effect</skipped></testcase><testcase classname="src.pymortests.riccati" file="src/pymortests/riccati.py" line="105" name="test_pos_ricc_lrcf[pymess_dense_nm_gmpcare-False-True-False-False-2-1-10]" time="0.0004138946533203125"><skipped message="Suite splitting in effect" type="pytest.skip">src/pymortests/riccati.py:105: Suite splitting in effect</skipped></testcase><testcase classname="src.pymortests.riccati" file="src/pymortests/riccati.py" line="105" name="test_pos_ricc_lrcf[pymess_dense_nm_gmpcare-False-True-False-False-2-1-20]" time="0.0004715919494628906"><skipped message="Suite splitting in effect" type="pytest.skip">src/pymortests/riccati.py:105: Suite splitting in effect</skipped></testcase><testcase classname="src.pymortests.riccati" file="src/pymortests/riccati.py" line="105" name="test_pos_ricc_lrcf[pymess_dense_nm_gmpcare-False-True-False-False-2-2-10]" time="0.00041866302490234375"><skipped message="Suite splitting in effect" type="pytest.skip">src/pymortests/riccati.py:105: Suite splitting in effect</skipped></testcase><testcase classname="src.pymortests.riccati" file="src/pymortests/riccati.py" line="105" name="test_pos_ricc_lrcf[pymess_dense_nm_gmpcare-False-True-False-False-2-2-20]" time="0.0004379749298095703"><skipped message="Suite splitting in effect" type="pytest.skip">src/pymortests/riccati.py:105: Suite splitting in effect</skipped></testcase><testcase classname="src.pymortests.riccati" file="src/pymortests/riccati.py" line="105" name="test_pos_ricc_lrcf[pymess_dense_nm_gmpcare-False-True-False-True-1-1-10]" time="0.00042510032653808594"><skipped message="Suite splitting in effect" type="pytest.skip">src/pymortests/riccati.py:105: Suite splitting in effect</skipped></testcase><testcase classname="src.pymortests.riccati" file="src/pymortests/riccati.py" line="105" name="test_pos_ricc_lrcf[pymess_dense_nm_gmpcare-False-True-False-True-1-1-20]" time="0.00045871734619140625"><skipped message="Suite splitting in effect" type="pytest.skip">src/pymortests/riccati.py:105: Suite splitting in effect</skipped></testcase><testcase classname="src.pymortests.riccati" file="src/pymortests/riccati.py" line="105" name="test_pos_ricc_lrcf[pymess_dense_nm_gmpcare-False-True-False-True-1-2-10]" time="0.0004382133483886719"><skipped message="Suite splitting in effect" type="pytest.skip">src/pymortests/riccati.py:105: Suite splitting in effect</skipped></testcase><testcase classname="src.pymortests.riccati" file="src/pymortests/riccati.py" line="105" name="test_pos_ricc_lrcf[pymess_dense_nm_gmpcare-False-True-False-True-1-2-20]" time="0.0007567405700683594"><skipped message="Suite splitting in effect" type="pytest.skip">src/pymortests/riccati.py:105: Suite splitting in effect</skipped></testcase><testcase classname="src.pymortests.riccati" file="src/pymortests/riccati.py" line="105" name="test_pos_ricc_lrcf[pymess_dense_nm_gmpcare-False-True-False-True-2-1-10]" time="0.0004265308380126953"><skipped message="Suite splitting in effect" type="pytest.skip">src/pymortests/riccati.py:105: Suite splitting in effect</skipped></testcase><testcase classname="src.pymortests.riccati" file="src/pymortests/riccati.py" line="105" name="test_pos_ricc_lrcf[pymess_dense_nm_gmpcare-False-True-False-True-2-1-20]" time="0.0004222393035888672"><skipped message="Suite splitting in effect" type="pytest.skip">src/pymortests/riccati.py:105: Suite splitting in effect</skipped></testcase><testcase classname="src.pymortests.riccati" file="src/pymortests/riccati.py" line="105" name="test_pos_ricc_lrcf[pymess_dense_nm_gmpcare-False-True-False-True-2-2-10]" time="0.0004811286926269531"><skipped message="Suite splitting in effect" type="pytest.skip">src/pymortests/riccati.py:105: Suite splitting in effect</skipped></testcase><testcase classname="src.pymortests.riccati" file="src/pymortests/riccati.py" line="105" name="test_pos_ricc_lrcf[pymess_dense_nm_gmpcare-False-True-False-True-2-2-20]" time="0.0004258155822753906"><skipped message="Suite splitting in effect" type="pytest.skip">src/pymortests/riccati.py:105: Suite splitting in effect</skipped></testcase><testcase classname="src.pymortests.riccati" file="src/pymortests/riccati.py" line="105" name="test_pos_ricc_lrcf[pymess_dense_nm_gmpcare-False-True-True-False-1-1-10]" time="0.0004603862762451172"><skipped message="Suite splitting in effect" type="pytest.skip">src/pymortests/riccati.py:105: Suite splitting in effect</skipped></testcase><testcase classname="src.pymortests.riccati" file="src/pymortests/riccati.py" line="105" name="test_pos_ricc_lrcf[pymess_dense_nm_gmpcare-False-True-True-False-1-1-20]" time="0.0004532337188720703"><skipped message="Suite splitting in effect" type="pytest.skip">src/pymortests/riccati.py:105: Suite splitting in effect</skipped></testcase><testcase classname="src.pymortests.riccati" file="src/pymortests/riccati.py" line="105" name="test_pos_ricc_lrcf[pymess_dense_nm_gmpcare-False-True-True-False-1-2-10]" time="0.0004279613494873047"><skipped message="Suite splitting in effect" type="pytest.skip">src/pymortests/riccati.py:105: Suite splitting in effect</skipped></testcase><testcase classname="src.pymortests.riccati" file="src/pymortests/riccati.py" line="105" name="test_pos_ricc_lrcf[pymess_dense_nm_gmpcare-False-True-True-False-1-2-20]" time="0.0007264614105224609"><skipped message="Suite splitting in effect" type="pytest.skip">src/pymortests/riccati.py:105: Suite splitting in effect</skipped></testcase><testcase classname="src.pymortests.riccati" file="src/pymortests/riccati.py" line="105" name="test_pos_ricc_lrcf[pymess_dense_nm_gmpcare-False-True-True-False-2-1-10]" time="0.00044274330139160156"><skipped message="Suite splitting in effect" type="pytest.skip">src/pymortests/riccati.py:105: Suite splitting in effect</skipped></testcase><testcase classname="src.pymortests.riccati" file="src/pymortests/riccati.py" line="105" name="test_pos_ricc_lrcf[pymess_dense_nm_gmpcare-False-True-True-False-2-1-20]" time="0.0004372596740722656"><skipped message="Suite splitting in effect" type="pytest.skip">src/pymortests/riccati.py:105: Suite splitting in effect</skipped></testcase><testcase classname="src.pymortests.riccati" file="src/pymortests/riccati.py" line="105" name="test_pos_ricc_lrcf[pymess_dense_nm_gmpcare-False-True-True-False-2-2-10]" time="0.00043487548828125"><skipped message="Suite splitting in effect" type="pytest.skip">src/pymortests/riccati.py:105: Suite splitting in effect</skipped></testcase><testcase classname="src.pymortests.riccati" file="src/pymortests/riccati.py" line="105" name="test_pos_ricc_lrcf[pymess_dense_nm_gmpcare-False-True-True-False-2-2-20]" time="0.00043082237243652344"><skipped message="Suite splitting in effect" type="pytest.skip">src/pymortests/riccati.py:105: Suite splitting in effect</skipped></testcase><testcase classname="src.pymortests.riccati" file="src/pymortests/riccati.py" line="105" name="test_pos_ricc_lrcf[pymess_dense_nm_gmpcare-False-True-True-True-1-1-10]" time="0.00045180320739746094"><skipped message="Suite splitting in effect" type="pytest.skip">src/pymortests/riccati.py:105: Suite splitting in effect</skipped></testcase><testcase classname="src.pymortests.riccati" file="src/pymortests/riccati.py" line="105" name="test_pos_ricc_lrcf[pymess_dense_nm_gmpcare-False-True-True-True-1-1-20]" time="0.0004146099090576172"><skipped message="Suite splitting in effect" type="pytest.skip">src/pymortests/riccati.py:105: Suite splitting in effect</skipped></testcase><testcase classname="src.pymortests.riccati" file="src/pymortests/riccati.py" line="105" name="test_pos_ricc_lrcf[pymess_dense_nm_gmpcare-False-True-True-True-1-2-10]" time="0.0004470348358154297"><skipped message="Suite splitting in effect" type="pytest.skip">src/pymortests/riccati.py:105: Suite splitting in effect</skipped></testcase><testcase classname="src.pymortests.riccati" file="src/pymortests/riccati.py" line="105" name="test_pos_ricc_lrcf[pymess_dense_nm_gmpcare-False-True-True-True-1-2-20]" time="0.0007455348968505859"><skipped message="Suite splitting in effect" type="pytest.skip">src/pymortests/riccati.py:105: Suite splitting in effect</skipped></testcase><testcase classname="src.pymortests.riccati" file="src/pymortests/riccati.py" line="105" name="test_pos_ricc_lrcf[pymess_dense_nm_gmpcare-False-True-True-True-2-1-10]" time="0.0004200935363769531"><skipped message="Suite splitting in effect" type="pytest.skip">src/pymortests/riccati.py:105: Suite splitting in effect</skipped></testcase><testcase classname="src.pymortests.riccati" file="src/pymortests/riccati.py" line="105" name="test_pos_ricc_lrcf[pymess_dense_nm_gmpcare-False-True-True-True-2-1-20]" time="0.00044417381286621094"><skipped message="Suite splitting in effect" type="pytest.skip">src/pymortests/riccati.py:105: Suite splitting in effect</skipped></testcase><testcase classname="src.pymortests.riccati" file="src/pymortests/riccati.py" line="105" name="test_pos_ricc_lrcf[pymess_dense_nm_gmpcare-False-True-True-True-2-2-10]" time="0.0004367828369140625"><skipped message="Suite splitting in effect" type="pytest.skip">src/pymortests/riccati.py:105: Suite splitting in effect</skipped></testcase><testcase classname="src.pymortests.riccati" file="src/pymortests/riccati.py" line="105" name="test_pos_ricc_lrcf[pymess_dense_nm_gmpcare-False-True-True-True-2-2-20]" time="0.00042891502380371094"><skipped message="Suite splitting in effect" type="pytest.skip">src/pymortests/riccati.py:105: Suite splitting in effect</skipped></testcase><testcase classname="src.pymortests.riccati" file="src/pymortests/riccati.py" line="105" name="test_pos_ricc_lrcf[pymess_dense_nm_gmpcare-True-False-False-False-1-1-10]" time="0.0004410743713378906"><skipped message="Suite splitting in effect" type="pytest.skip">src/pymortests/riccati.py:105: Suite splitting in effect</skipped></testcase><testcase classname="src.pymortests.riccati" file="src/pymortests/riccati.py" line="105" name="test_pos_ricc_lrcf[pymess_dense_nm_gmpcare-True-False-False-False-1-1-20]" time="0.00044274330139160156"><skipped message="Suite splitting in effect" type="pytest.skip">src/pymortests/riccati.py:105: Suite splitting in effect</skipped></testcase><testcase classname="src.pymortests.riccati" file="src/pymortests/riccati.py" line="105" name="test_pos_ricc_lrcf[pymess_dense_nm_gmpcare-True-False-False-False-1-2-10]" time="0.0004303455352783203"><skipped message="Suite splitting in effect" type="pytest.skip">src/pymortests/riccati.py:105: Suite splitting in effect</skipped></testcase><testcase classname="src.pymortests.riccati" file="src/pymortests/riccati.py" line="105" name="test_pos_ricc_lrcf[pymess_dense_nm_gmpcare-True-False-False-False-1-2-20]" time="0.0007672309875488281"><skipped message="Suite splitting in effect" type="pytest.skip">src/pymortests/riccati.py:105: Suite splitting in effect</skipped></testcase><testcase classname="src.pymortests.riccati" file="src/pymortests/riccati.py" line="105" name="test_pos_ricc_lrcf[pymess_dense_nm_gmpcare-True-False-False-False-2-1-10]" time="0.00047850608825683594"><skipped message="Suite splitting in effect" type="pytest.skip">src/pymortests/riccati.py:105: Suite splitting in effect</skipped></testcase><testcase classname="src.pymortests.riccati" file="src/pymortests/riccati.py" line="105" name="test_pos_ricc_lrcf[pymess_dense_nm_gmpcare-True-False-False-False-2-1-20]" time="0.00042366981506347656"><skipped message="Suite splitting in effect" type="pytest.skip">src/pymortests/riccati.py:105: Suite splitting in effect</skipped></testcase><testcase classname="src.pymortests.riccati" file="src/pymortests/riccati.py" line="105" name="test_pos_ricc_lrcf[pymess_dense_nm_gmpcare-True-False-False-False-2-2-10]" time="0.0004246234893798828"><skipped message="Suite splitting in effect" type="pytest.skip">src/pymortests/riccati.py:105: Suite splitting in effect</skipped></testcase><testcase classname="src.pymortests.riccati" file="src/pymortests/riccati.py" line="105" name="test_pos_ricc_lrcf[pymess_dense_nm_gmpcare-True-False-False-False-2-2-20]" time="0.00044226646423339844"><skipped message="Suite splitting in effect" type="pytest.skip">src/pymortests/riccati.py:105: Suite splitting in effect</skipped></testcase><testcase classname="src.pymortests.riccati" file="src/pymortests/riccati.py" line="105" name="test_pos_ricc_lrcf[pymess_dense_nm_gmpcare-True-False-False-True-1-1-10]" time="0.00042700767517089844"><skipped message="Suite splitting in effect" type="pytest.skip">src/pymortests/riccati.py:105: Suite splitting in effect</skipped></testcase><testcase classname="src.pymortests.riccati" file="src/pymortests/riccati.py" line="105" name="test_pos_ricc_lrcf[pymess_dense_nm_gmpcare-True-False-False-True-1-1-20]" time="0.0004265308380126953"><skipped message="Suite splitting in effect" type="pytest.skip">src/pymortests/riccati.py:105: Suite splitting in effect</skipped></testcase><testcase classname="src.pymortests.riccati" file="src/pymortests/riccati.py" line="105" name="test_pos_ricc_lrcf[pymess_dense_nm_gmpcare-True-False-False-True-1-2-10]" time="0.00045943260192871094"><skipped message="Suite splitting in effect" type="pytest.skip">src/pymortests/riccati.py:105: Suite splitting in effect</skipped></testcase><testcase classname="src.pymortests.riccati" file="src/pymortests/riccati.py" line="105" name="test_pos_ricc_lrcf[pymess_dense_nm_gmpcare-True-False-False-True-1-2-20]" time="0.0007462501525878906"><skipped message="Suite splitting in effect" type="pytest.skip">src/pymortests/riccati.py:105: Suite splitting in effect</skipped></testcase><testcase classname="src.pymortests.riccati" file="src/pymortests/riccati.py" line="105" name="test_pos_ricc_lrcf[pymess_dense_nm_gmpcare-True-False-False-True-2-1-10]" time="0.00046372413635253906"><skipped message="Suite splitting in effect" type="pytest.skip">src/pymortests/riccati.py:105: Suite splitting in effect</skipped></testcase><testcase classname="src.pymortests.riccati" file="src/pymortests/riccati.py" line="105" name="test_pos_ricc_lrcf[pymess_dense_nm_gmpcare-True-False-False-True-2-1-20]" time="0.00043582916259765625"><skipped message="Suite splitting in effect" type="pytest.skip">src/pymortests/riccati.py:105: Suite splitting in effect</skipped></testcase><testcase classname="src.pymortests.riccati" file="src/pymortests/riccati.py" line="105" name="test_pos_ricc_lrcf[pymess_dense_nm_gmpcare-True-False-False-True-2-2-10]" time="0.0004286766052246094"><skipped message="Suite splitting in effect" type="pytest.skip">src/pymortests/riccati.py:105: Suite splitting in effect</skipped></testcase><testcase classname="src.pymortests.riccati" file="src/pymortests/riccati.py" line="105" name="test_pos_ricc_lrcf[pymess_dense_nm_gmpcare-True-False-False-True-2-2-20]" time="0.0004253387451171875"><skipped message="Suite splitting in effect" type="pytest.skip">src/pymortests/riccati.py:105: Suite splitting in effect</skipped></testcase><testcase classname="src.pymortests.riccati" file="src/pymortests/riccati.py" line="105" name="test_pos_ricc_lrcf[pymess_dense_nm_gmpcare-True-True-False-False-1-1-10]" time="0.0004265308380126953"><skipped message="Suite splitting in effect" type="pytest.skip">src/pymortests/riccati.py:105: Suite splitting in effect</skipped></testcase><testcase classname="src.pymortests.riccati" file="src/pymortests/riccati.py" line="105" name="test_pos_ricc_lrcf[pymess_dense_nm_gmpcare-True-True-False-False-1-1-20]" time="0.00042819976806640625"><skipped message="Suite splitting in effect" type="pytest.skip">src/pymortests/riccati.py:105: Suite splitting in effect</skipped></testcase><testcase classname="src.pymortests.riccati" file="src/pymortests/riccati.py" line="105" name="test_pos_ricc_lrcf[pymess_dense_nm_gmpcare-True-True-False-False-1-2-10]" time="0.0004591941833496094"><skipped message="Suite splitting in effect" type="pytest.skip">src/pymortests/riccati.py:105: Suite splitting in effect</skipped></testcase><testcase classname="src.pymortests.riccati" file="src/pymortests/riccati.py" line="105" name="test_pos_ricc_lrcf[pymess_dense_nm_gmpcare-True-True-False-False-1-2-20]" time="0.0009086132049560547"><skipped message="Suite splitting in effect" type="pytest.skip">src/pymortests/riccati.py:105: Suite splitting in effect</skipped></testcase><testcase classname="src.pymortests.riccati" file="src/pymortests/riccati.py" line="105" name="test_pos_ricc_lrcf[pymess_dense_nm_gmpcare-True-True-False-False-2-1-10]" time="0.00048661231994628906"><skipped message="Suite splitting in effect" type="pytest.skip">src/pymortests/riccati.py:105: Suite splitting in effect</skipped></testcase><testcase classname="src.pymortests.riccati" file="src/pymortests/riccati.py" line="105" name="test_pos_ricc_lrcf[pymess_dense_nm_gmpcare-True-True-False-False-2-1-20]" time="0.00043511390686035156"><skipped message="Suite splitting in effect" type="pytest.skip">src/pymortests/riccati.py:105: Suite splitting in effect</skipped></testcase><testcase classname="src.pymortests.riccati" file="src/pymortests/riccati.py" line="105" name="test_pos_ricc_lrcf[pymess_dense_nm_gmpcare-True-True-False-False-2-2-10]" time="0.0004534721374511719"><skipped message="Suite splitting in effect" type="pytest.skip">src/pymortests/riccati.py:105: Suite splitting in effect</skipped></testcase><testcase classname="src.pymortests.riccati" file="src/pymortests/riccati.py" line="105" name="test_pos_ricc_lrcf[pymess_dense_nm_gmpcare-True-True-False-False-2-2-20]" time="0.0004818439483642578"><skipped message="Suite splitting in effect" type="pytest.skip">src/pymortests/riccati.py:105: Suite splitting in effect</skipped></testcase><testcase classname="src.pymortests.riccati" file="src/pymortests/riccati.py" line="105" name="test_pos_ricc_lrcf[pymess_dense_nm_gmpcare-True-True-False-True-1-1-10]" time="0.0004367828369140625"><skipped message="Suite splitting in effect" type="pytest.skip">src/pymortests/riccati.py:105: Suite splitting in effect</skipped></testcase><testcase classname="src.pymortests.riccati" file="src/pymortests/riccati.py" line="105" name="test_pos_ricc_lrcf[pymess_dense_nm_gmpcare-True-True-False-True-1-1-20]" time="0.00046825408935546875"><skipped message="Suite splitting in effect" type="pytest.skip">src/pymortests/riccati.py:105: Suite splitting in effect</skipped></testcase><testcase classname="src.pymortests.riccati" file="src/pymortests/riccati.py" line="105" name="test_pos_ricc_lrcf[pymess_dense_nm_gmpcare-True-True-False-True-1-2-10]" time="0.00044465065002441406"><skipped message="Suite splitting in effect" type="pytest.skip">src/pymortests/riccati.py:105: Suite splitting in effect</skipped></testcase><testcase classname="src.pymortests.riccati" file="src/pymortests/riccati.py" line="105" name="test_pos_ricc_lrcf[pymess_dense_nm_gmpcare-True-True-False-True-1-2-20]" time="0.0007390975952148438"><skipped message="Suite splitting in effect" type="pytest.skip">src/pymortests/riccati.py:105: Suite splitting in effect</skipped></testcase><testcase classname="src.pymortests.riccati" file="src/pymortests/riccati.py" line="105" name="test_pos_ricc_lrcf[pymess_dense_nm_gmpcare-True-True-False-True-2-1-10]" time="0.0004546642303466797"><skipped message="Suite splitting in effect" type="pytest.skip">src/pymortests/riccati.py:105: Suite splitting in effect</skipped></testcase><testcase classname="src.pymortests.riccati" file="src/pymortests/riccati.py" line="105" name="test_pos_ricc_lrcf[pymess_dense_nm_gmpcare-True-True-False-True-2-1-20]" time="0.0004949569702148438"><skipped message="Suite splitting in effect" type="pytest.skip">src/pymortests/riccati.py:105: Suite splitting in effect</skipped></testcase><testcase classname="src.pymortests.riccati" file="src/pymortests/riccati.py" line="105" name="test_pos_ricc_lrcf[pymess_dense_nm_gmpcare-True-True-False-True-2-2-10]" time="0.0004322528839111328"><skipped message="Suite splitting in effect" type="pytest.skip">src/pymortests/riccati.py:105: Suite splitting in effect</skipped></testcase><testcase classname="src.pymortests.riccati" file="src/pymortests/riccati.py" line="105" name="test_pos_ricc_lrcf[pymess_dense_nm_gmpcare-True-True-False-True-2-2-20]" time="0.00043773651123046875"><skipped message="Suite splitting in effect" type="pytest.skip">src/pymortests/riccati.py:105: Suite splitting in effect</skipped></testcase><testcase classname="src.pymortests.riccati" file="src/pymortests/riccati.py" line="105" name="test_pos_ricc_lrcf[pymess_dense_nm_gmpcare-True-True-True-False-1-1-10]" time="0.0004572868347167969"><skipped message="Suite splitting in effect" type="pytest.skip">src/pymortests/riccati.py:105: Suite splitting in effect</skipped></testcase><testcase classname="src.pymortests.riccati" file="src/pymortests/riccati.py" line="105" name="test_pos_ricc_lrcf[pymess_dense_nm_gmpcare-True-True-True-False-1-1-20]" time="0.0004677772521972656"><skipped message="Suite splitting in effect" type="pytest.skip">src/pymortests/riccati.py:105: Suite splitting in effect</skipped></testcase><testcase classname="src.pymortests.riccati" file="src/pymortests/riccati.py" line="105" name="test_pos_ricc_lrcf[pymess_dense_nm_gmpcare-True-True-True-False-1-2-10]" time="0.000431060791015625"><skipped message="Suite splitting in effect" type="pytest.skip">src/pymortests/riccati.py:105: Suite splitting in effect</skipped></testcase><testcase classname="src.pymortests.riccati" file="src/pymortests/riccati.py" line="105" name="test_pos_ricc_lrcf[pymess_dense_nm_gmpcare-True-True-True-False-1-2-20]" time="0.0007245540618896484"><skipped message="Suite splitting in effect" type="pytest.skip">src/pymortests/riccati.py:105: Suite splitting in effect</skipped></testcase><testcase classname="src.pymortests.riccati" file="src/pymortests/riccati.py" line="105" name="test_pos_ricc_lrcf[pymess_dense_nm_gmpcare-True-True-True-False-2-1-10]" time="0.0004303455352783203"><skipped message="Suite splitting in effect" type="pytest.skip">src/pymortests/riccati.py:105: Suite splitting in effect</skipped></testcase><testcase classname="src.pymortests.riccati" file="src/pymortests/riccati.py" line="105" name="test_pos_ricc_lrcf[pymess_dense_nm_gmpcare-True-True-True-False-2-1-20]" time="0.000423431396484375"><skipped message="Suite splitting in effect" type="pytest.skip">src/pymortests/riccati.py:105: Suite splitting in effect</skipped></testcase><testcase classname="src.pymortests.riccati" file="src/pymortests/riccati.py" line="105" name="test_pos_ricc_lrcf[pymess_dense_nm_gmpcare-True-True-True-False-2-2-10]" time="0.0004718303680419922"><skipped message="Suite splitting in effect" type="pytest.skip">src/pymortests/riccati.py:105: Suite splitting in effect</skipped></testcase><testcase classname="src.pymortests.riccati" file="src/pymortests/riccati.py" line="105" name="test_pos_ricc_lrcf[pymess_dense_nm_gmpcare-True-True-True-False-2-2-20]" time="0.0004138946533203125"><skipped message="Suite splitting in effect" type="pytest.skip">src/pymortests/riccati.py:105: Suite splitting in effect</skipped></testcase><testcase classname="src.pymortests.riccati" file="src/pymortests/riccati.py" line="105" name="test_pos_ricc_lrcf[pymess_dense_nm_gmpcare-True-True-True-True-1-1-10]" time="0.0004291534423828125"><skipped message="Suite splitting in effect" type="pytest.skip">src/pymortests/riccati.py:105: Suite splitting in effect</skipped></testcase><testcase classname="src.pymortests.riccati" file="src/pymortests/riccati.py" line="105" name="test_pos_ricc_lrcf[pymess_dense_nm_gmpcare-True-True-True-True-1-1-20]" time="0.00045013427734375"><skipped message="Suite splitting in effect" type="pytest.skip">src/pymortests/riccati.py:105: Suite splitting in effect</skipped></testcase><testcase classname="src.pymortests.riccati" file="src/pymortests/riccati.py" line="105" name="test_pos_ricc_lrcf[pymess_dense_nm_gmpcare-True-True-True-True-1-2-10]" time="0.0004322528839111328"><skipped message="Suite splitting in effect" type="pytest.skip">src/pymortests/riccati.py:105: Suite splitting in effect</skipped></testcase><testcase classname="src.pymortests.riccati" file="src/pymortests/riccati.py" line="105" name="test_pos_ricc_lrcf[pymess_dense_nm_gmpcare-True-True-True-True-1-2-20]" time="0.0007159709930419922"><skipped message="Suite splitting in effect" type="pytest.skip">src/pymortests/riccati.py:105: Suite splitting in effect</skipped></testcase><testcase classname="src.pymortests.riccati" file="src/pymortests/riccati.py" line="105" name="test_pos_ricc_lrcf[pymess_dense_nm_gmpcare-True-True-True-True-2-1-10]" time="0.00043582916259765625"><skipped message="Suite splitting in effect" type="pytest.skip">src/pymortests/riccati.py:105: Suite splitting in effect</skipped></testcase><testcase classname="src.pymortests.riccati" file="src/pymortests/riccati.py" line="105" name="test_pos_ricc_lrcf[pymess_dense_nm_gmpcare-True-True-True-True-2-1-20]" time="0.0004372596740722656"><skipped message="Suite splitting in effect" type="pytest.skip">src/pymortests/riccati.py:105: Suite splitting in effect</skipped></testcase><testcase classname="src.pymortests.riccati" file="src/pymortests/riccati.py" line="105" name="test_pos_ricc_lrcf[pymess_dense_nm_gmpcare-True-True-True-True-2-2-10]" time="0.0004372596740722656"><skipped message="Suite splitting in effect" type="pytest.skip">src/pymortests/riccati.py:105: Suite splitting in effect</skipped></testcase><testcase classname="src.pymortests.riccati" file="src/pymortests/riccati.py" line="105" name="test_pos_ricc_lrcf[pymess_dense_nm_gmpcare-True-True-True-True-2-2-20]" time="0.0004181861877441406"><skipped message="Suite splitting in effect" type="pytest.skip">src/pymortests/riccati.py:105: Suite splitting in effect</skipped></testcase><testcase classname="src.pymortests.solver" file="src/pymortests/solver.py" line="48" name="test_generic_solvers[generic_lgmres]" time="0.0004715919494628906"><skipped message="Suite splitting in effect" type="pytest.skip">src/pymortests/solver.py:48: Suite splitting in effect</skipped></testcase><testcase classname="src.pymortests.solver" file="src/pymortests/solver.py" line="48" name="test_generic_solvers[generic_least_squares_lsmr]" time="0.00044465065002441406"><skipped message="Suite splitting in effect" type="pytest.skip">src/pymortests/solver.py:48: Suite splitting in effect</skipped></testcase><testcase classname="src.pymortests.solver" file="src/pymortests/solver.py" line="48" name="test_generic_solvers[generic_least_squares_lsqr]" time="0.0004317760467529297"><skipped message="Suite splitting in effect" type="pytest.skip">src/pymortests/solver.py:48: Suite splitting in effect</skipped></testcase><testcase classname="src.pymortests.solver" file="src/pymortests/solver.py" line="55" name="test_numpy_dense_solvers" time="0.0007534027099609375"><skipped message="Suite splitting in effect" type="pytest.skip">src/pymortests/solver.py:55: Suite splitting in effect</skipped></testcase><testcase classname="src.pymortests.solver" file="src/pymortests/solver.py" line="62" name="test_numpy_sparse_solvers[generic_least_squares_lsqr]" time="0.0004208087921142578"><skipped message="Suite splitting in effect" type="pytest.skip">src/pymortests/solver.py:62: Suite splitting in effect</skipped></testcase><testcase classname="src.pymortests.solver" file="src/pymortests/solver.py" line="62" name="test_numpy_sparse_solvers[scipy_spsolve]" time="0.0004277229309082031"><skipped message="Suite splitting in effect" type="pytest.skip">src/pymortests/solver.py:62: Suite splitting in effect</skipped></testcase><testcase classname="src.pymortests.solver" file="src/pymortests/solver.py" line="62" name="test_numpy_sparse_solvers[scipy_lgmres]" time="0.00042700767517089844"><skipped message="Suite splitting in effect" type="pytest.skip">src/pymortests/solver.py:62: Suite splitting in effect</skipped></testcase><testcase classname="src.pymortests.solver" file="src/pymortests/solver.py" line="62" name="test_numpy_sparse_solvers[scipy_least_squares_lsmr]" time="0.00045990943908691406"><skipped message="Suite splitting in effect" type="pytest.skip">src/pymortests/solver.py:62: Suite splitting in effect</skipped></testcase><testcase classname="src.pymortests.solver" file="src/pymortests/solver.py" line="62" name="test_numpy_sparse_solvers[scipy_bicgstab_spilu]" time="0.00048828125"><skipped message="Suite splitting in effect" type="pytest.skip">src/pymortests/solver.py:62: Suite splitting in effect</skipped></testcase><testcase classname="src.pymortests.solver" file="src/pymortests/solver.py" line="62" name="test_numpy_sparse_solvers[scipy_least_squares_lsqr]" time="0.00042319297790527344"><skipped message="Suite splitting in effect" type="pytest.skip">src/pymortests/solver.py:62: Suite splitting in effect</skipped></testcase><testcase classname="src.pymortests.solver" file="src/pymortests/solver.py" line="62" name="test_numpy_sparse_solvers[pyamg_rs]" time="0.0004401206970214844"><skipped message="Suite splitting in effect" type="pytest.skip">src/pymortests/solver.py:62: Suite splitting in effect</skipped></testcase><testcase classname="src.pymortests.solver" file="src/pymortests/solver.py" line="62" name="test_numpy_sparse_solvers[pyamg_solve]" time="0.0007464885711669922"><skipped message="Suite splitting in effect" type="pytest.skip">src/pymortests/solver.py:62: Suite splitting in effect</skipped></testcase><testcase classname="src.pymortests.solver" file="src/pymortests/solver.py" line="62" name="test_numpy_sparse_solvers[generic_lgmres]" time="0.00043082237243652344"><skipped message="Suite splitting in effect" type="pytest.skip">src/pymortests/solver.py:62: Suite splitting in effect</skipped></testcase><testcase classname="src.pymortests.solver" file="src/pymortests/solver.py" line="62" name="test_numpy_sparse_solvers[generic_least_squares_lsmr]" time="0.00042176246643066406"><skipped message="Suite splitting in effect" type="pytest.skip">src/pymortests/solver.py:62: Suite splitting in effect</skipped></testcase><testcase classname="src.pymortests.solver" file="src/pymortests/solver.py" line="62" name="test_numpy_sparse_solvers[pyamg_sa]" time="0.0004329681396484375"><skipped message="Suite splitting in effect" type="pytest.skip">src/pymortests/solver.py:62: Suite splitting in effect</skipped></testcase><testcase classname="src.pymortests.solver" file="src/pymortests/solver.py" line="62" name="test_numpy_sparse_solvers[scipy_bicgstab]" time="0.0004248619079589844"><skipped message="Suite splitting in effect" type="pytest.skip">src/pymortests/solver.py:62: Suite splitting in effect</skipped></testcase><testcase classname="src.pymortests.sylvester" file="src/pymortests/sylvester.py" line="47" name="test_sylv_schur_V[1-1-100]" time="0.0004763603210449219"><skipped message="Suite splitting in effect" type="pytest.skip">src/pymortests/sylvester.py:47: Suite splitting in effect</skipped></testcase><testcase classname="src.pymortests.sylvester" file="src/pymortests/sylvester.py" line="47" name="test_sylv_schur_V[1-1-1000]" time="0.0004239082336425781"><skipped message="Suite splitting in effect" type="pytest.skip">src/pymortests/sylvester.py:47: Suite splitting in effect</skipped></testcase><testcase classname="src.pymortests.sylvester" file="src/pymortests/sylvester.py" line="47" name="test_sylv_schur_V[1-10-100]" time="0.0004329681396484375"><skipped message="Suite splitting in effect" type="pytest.skip">src/pymortests/sylvester.py:47: Suite splitting in effect</skipped></testcase><testcase classname="src.pymortests.sylvester" file="src/pymortests/sylvester.py" line="47" name="test_sylv_schur_V[1-10-1000]" time="0.0007414817810058594"><skipped message="Suite splitting in effect" type="pytest.skip">src/pymortests/sylvester.py:47: Suite splitting in effect</skipped></testcase><testcase classname="src.pymortests.sylvester" file="src/pymortests/sylvester.py" line="47" name="test_sylv_schur_V[1-20-100]" time="0.0004360675811767578"><skipped message="Suite splitting in effect" type="pytest.skip">src/pymortests/sylvester.py:47: Suite splitting in effect</skipped></testcase><testcase classname="src.pymortests.sylvester" file="src/pymortests/sylvester.py" line="47" name="test_sylv_schur_V[1-20-1000]" time="0.0004253387451171875"><skipped message="Suite splitting in effect" type="pytest.skip">src/pymortests/sylvester.py:47: Suite splitting in effect</skipped></testcase><testcase classname="src.pymortests.sylvester" file="src/pymortests/sylvester.py" line="47" name="test_sylv_schur_V[2-1-100]" time="0.0004107952117919922"><skipped message="Suite splitting in effect" type="pytest.skip">src/pymortests/sylvester.py:47: Suite splitting in effect</skipped></testcase><testcase classname="src.pymortests.sylvester" file="src/pymortests/sylvester.py" line="47" name="test_sylv_schur_V[2-1-1000]" time="0.0004398822784423828"><skipped message="Suite splitting in effect" type="pytest.skip">src/pymortests/sylvester.py:47: Suite splitting in effect</skipped></testcase><testcase classname="src.pymortests.sylvester" file="src/pymortests/sylvester.py" line="47" name="test_sylv_schur_V[2-10-100]" time="0.0004639625549316406"><skipped message="Suite splitting in effect" type="pytest.skip">src/pymortests/sylvester.py:47: Suite splitting in effect</skipped></testcase><testcase classname="src.pymortests.sylvester" file="src/pymortests/sylvester.py" line="47" name="test_sylv_schur_V[2-10-1000]" time="0.00044226646423339844"><skipped message="Suite splitting in effect" type="pytest.skip">src/pymortests/sylvester.py:47: Suite splitting in effect</skipped></testcase><testcase classname="src.pymortests.sylvester" file="src/pymortests/sylvester.py" line="47" name="test_sylv_schur_V[2-20-100]" time="0.00041866302490234375"><skipped message="Suite splitting in effect" type="pytest.skip">src/pymortests/sylvester.py:47: Suite splitting in effect</skipped></testcase><testcase classname="src.pymortests.sylvester" file="src/pymortests/sylvester.py" line="47" name="test_sylv_schur_V[2-20-1000]" time="0.0007448196411132812"><skipped message="Suite splitting in effect" type="pytest.skip">src/pymortests/sylvester.py:47: Suite splitting in effect</skipped></testcase><testcase classname="src.pymortests.sylvester" file="src/pymortests/sylvester.py" line="75" name="test_sylv_schur_V_E[1-1-100]" time="0.00043892860412597656"><skipped message="Suite splitting in effect" type="pytest.skip">src/pymortests/sylvester.py:75: Suite splitting in effect</skipped></testcase><testcase classname="src.pymortests.sylvester" file="src/pymortests/sylvester.py" line="75" name="test_sylv_schur_V_E[1-1-1000]" time="0.0004267692565917969"><skipped message="Suite splitting in effect" type="pytest.skip">src/pymortests/sylvester.py:75: Suite splitting in effect</skipped></testcase><testcase classname="src.pymortests.sylvester" file="src/pymortests/sylvester.py" line="75" name="test_sylv_schur_V_E[1-10-100]" time="0.00042939186096191406"><skipped message="Suite splitting in effect" type="pytest.skip">src/pymortests/sylvester.py:75: Suite splitting in effect</skipped></testcase><testcase classname="src.pymortests.sylvester" file="src/pymortests/sylvester.py" line="75" name="test_sylv_schur_V_E[1-10-1000]" time="0.0004334449768066406"><skipped message="Suite splitting in effect" type="pytest.skip">src/pymortests/sylvester.py:75: Suite splitting in effect</skipped></testcase><testcase classname="src.pymortests.sylvester" file="src/pymortests/sylvester.py" line="75" name="test_sylv_schur_V_E[1-20-100]" time="0.0004315376281738281"><skipped message="Suite splitting in effect" type="pytest.skip">src/pymortests/sylvester.py:75: Suite splitting in effect</skipped></testcase><testcase classname="src.pymortests.sylvester" file="src/pymortests/sylvester.py" line="75" name="test_sylv_schur_V_E[1-20-1000]" time="0.0004215240478515625"><skipped message="Suite splitting in effect" type="pytest.skip">src/pymortests/sylvester.py:75: Suite splitting in effect</skipped></testcase><testcase classname="src.pymortests.sylvester" file="src/pymortests/sylvester.py" line="75" name="test_sylv_schur_V_E[2-1-100]" time="0.00044536590576171875"><skipped message="Suite splitting in effect" type="pytest.skip">src/pymortests/sylvester.py:75: Suite splitting in effect</skipped></testcase><testcase classname="src.pymortests.sylvester" file="src/pymortests/sylvester.py" line="75" name="test_sylv_schur_V_E[2-1-1000]" time="0.0007364749908447266"><skipped message="Suite splitting in effect" type="pytest.skip">src/pymortests/sylvester.py:75: Suite splitting in effect</skipped></testcase><testcase classname="src.pymortests.sylvester" file="src/pymortests/sylvester.py" line="75" name="test_sylv_schur_V_E[2-10-100]" time="0.0004448890686035156"><skipped message="Suite splitting in effect" type="pytest.skip">src/pymortests/sylvester.py:75: Suite splitting in effect</skipped></testcase><testcase classname="src.pymortests.sylvester" file="src/pymortests/sylvester.py" line="75" name="test_sylv_schur_V_E[2-10-1000]" time="0.00047016143798828125"><skipped message="Suite splitting in effect" type="pytest.skip">src/pymortests/sylvester.py:75: Suite splitting in effect</skipped></testcase><testcase classname="src.pymortests.sylvester" file="src/pymortests/sylvester.py" line="75" name="test_sylv_schur_V_E[2-20-100]" time="0.0004451274871826172"><skipped message="Suite splitting in effect" type="pytest.skip">src/pymortests/sylvester.py:75: Suite splitting in effect</skipped></testcase><testcase classname="src.pymortests.sylvester" file="src/pymortests/sylvester.py" line="75" name="test_sylv_schur_V_E[2-20-1000]" time="0.000431060791015625"><skipped message="Suite splitting in effect" type="pytest.skip">src/pymortests/sylvester.py:75: Suite splitting in effect</skipped></testcase><testcase classname="src.pymortests.sylvester" file="src/pymortests/sylvester.py" line="108" name="test_sylv_schur_W[1-1-100]" time="0.0004317760467529297"><skipped message="Suite splitting in effect" type="pytest.skip">src/pymortests/sylvester.py:108: Suite splitting in effect</skipped></testcase><testcase classname="src.pymortests.sylvester" file="src/pymortests/sylvester.py" line="108" name="test_sylv_schur_W[1-1-1000]" time="0.0005013942718505859"><skipped message="Suite splitting in effect" type="pytest.skip">src/pymortests/sylvester.py:108: Suite splitting in effect</skipped></testcase><testcase classname="src.pymortests.sylvester" file="src/pymortests/sylvester.py" line="108" name="test_sylv_schur_W[1-10-100]" time="0.00048089027404785156"><skipped message="Suite splitting in effect" type="pytest.skip">src/pymortests/sylvester.py:108: Suite splitting in effect</skipped></testcase><testcase classname="src.pymortests.sylvester" file="src/pymortests/sylvester.py" line="108" name="test_sylv_schur_W[1-10-1000]" time="0.0007781982421875"><skipped message="Suite splitting in effect" type="pytest.skip">src/pymortests/sylvester.py:108: Suite splitting in effect</skipped></testcase><testcase classname="src.pymortests.sylvester" file="src/pymortests/sylvester.py" line="108" name="test_sylv_schur_W[1-20-100]" time="0.0004489421844482422"><skipped message="Suite splitting in effect" type="pytest.skip">src/pymortests/sylvester.py:108: Suite splitting in effect</skipped></testcase><testcase classname="src.pymortests.sylvester" file="src/pymortests/sylvester.py" line="108" name="test_sylv_schur_W[1-20-1000]" time="0.0004718303680419922"><skipped message="Suite splitting in effect" type="pytest.skip">src/pymortests/sylvester.py:108: Suite splitting in effect</skipped></testcase><testcase classname="src.pymortests.sylvester" file="src/pymortests/sylvester.py" line="108" name="test_sylv_schur_W[2-1-100]" time="0.0005273818969726562"><skipped message="Suite splitting in effect" type="pytest.skip">src/pymortests/sylvester.py:108: Suite splitting in effect</skipped></testcase><testcase classname="src.pymortests.sylvester" file="src/pymortests/sylvester.py" line="108" name="test_sylv_schur_W[2-1-1000]" time="0.0005314350128173828"><skipped message="Suite splitting in effect" type="pytest.skip">src/pymortests/sylvester.py:108: Suite splitting in effect</skipped></testcase><testcase classname="src.pymortests.sylvester" file="src/pymortests/sylvester.py" line="108" name="test_sylv_schur_W[2-10-100]" time="0.0004897117614746094"><skipped message="Suite splitting in effect" type="pytest.skip">src/pymortests/sylvester.py:108: Suite splitting in effect</skipped></testcase><testcase classname="src.pymortests.sylvester" file="src/pymortests/sylvester.py" line="108" name="test_sylv_schur_W[2-10-1000]" time="0.00044918060302734375"><skipped message="Suite splitting in effect" type="pytest.skip">src/pymortests/sylvester.py:108: Suite splitting in effect</skipped></testcase><testcase classname="src.pymortests.sylvester" file="src/pymortests/sylvester.py" line="108" name="test_sylv_schur_W[2-20-100]" time="0.0005142688751220703"><skipped message="Suite splitting in effect" type="pytest.skip">src/pymortests/sylvester.py:108: Suite splitting in effect</skipped></testcase><testcase classname="src.pymortests.sylvester" file="src/pymortests/sylvester.py" line="108" name="test_sylv_schur_W[2-20-1000]" time="0.0007653236389160156"><skipped message="Suite splitting in effect" type="pytest.skip">src/pymortests/sylvester.py:108: Suite splitting in effect</skipped></testcase><testcase classname="src.pymortests.sylvester" file="src/pymortests/sylvester.py" line="136" name="test_sylv_schur_W_E[1-1-100]" time="0.0004706382751464844"><skipped message="Suite splitting in effect" type="pytest.skip">src/pymortests/sylvester.py:136: Suite splitting in effect</skipped></testcase><testcase classname="src.pymortests.sylvester" file="src/pymortests/sylvester.py" line="136" name="test_sylv_schur_W_E[1-1-1000]" time="0.0005190372467041016"><skipped message="Suite splitting in effect" type="pytest.skip">src/pymortests/sylvester.py:136: Suite splitting in effect</skipped></testcase><testcase classname="src.pymortests.sylvester" file="src/pymortests/sylvester.py" line="136" name="test_sylv_schur_W_E[1-10-100]" time="0.00046944618225097656"><skipped message="Suite splitting in effect" type="pytest.skip">src/pymortests/sylvester.py:136: Suite splitting in effect</skipped></testcase><testcase classname="src.pymortests.sylvester" file="src/pymortests/sylvester.py" line="136" name="test_sylv_schur_W_E[1-10-1000]" time="0.00045299530029296875"><skipped message="Suite splitting in effect" type="pytest.skip">src/pymortests/sylvester.py:136: Suite splitting in effect</skipped></testcase><testcase classname="src.pymortests.sylvester" file="src/pymortests/sylvester.py" line="136" name="test_sylv_schur_W_E[1-20-100]" time="0.0004677772521972656"><skipped message="Suite splitting in effect" type="pytest.skip">src/pymortests/sylvester.py:136: Suite splitting in effect</skipped></testcase><testcase classname="src.pymortests.sylvester" file="src/pymortests/sylvester.py" line="136" name="test_sylv_schur_W_E[1-20-1000]" time="0.0004436969757080078"><skipped message="Suite splitting in effect" type="pytest.skip">src/pymortests/sylvester.py:136: Suite splitting in effect</skipped></testcase><testcase classname="src.pymortests.sylvester" file="src/pymortests/sylvester.py" line="136" name="test_sylv_schur_W_E[2-1-100]" time="0.0004429817199707031"><skipped message="Suite splitting in effect" type="pytest.skip">src/pymortests/sylvester.py:136: Suite splitting in effect</skipped></testcase><testcase classname="src.pymortests.sylvester" file="src/pymortests/sylvester.py" line="136" name="test_sylv_schur_W_E[2-1-1000]" time="0.0008118152618408203"><skipped message="Suite splitting in effect" type="pytest.skip">src/pymortests/sylvester.py:136: Suite splitting in effect</skipped></testcase><testcase classname="src.pymortests.sylvester" file="src/pymortests/sylvester.py" line="136" name="test_sylv_schur_W_E[2-10-100]" time="0.0004596710205078125"><skipped message="Suite splitting in effect" type="pytest.skip">src/pymortests/sylvester.py:136: Suite splitting in effect</skipped></testcase><testcase classname="src.pymortests.sylvester" file="src/pymortests/sylvester.py" line="136" name="test_sylv_schur_W_E[2-10-1000]" time="0.0004436969757080078"><skipped message="Suite splitting in effect" type="pytest.skip">src/pymortests/sylvester.py:136: Suite splitting in effect</skipped></testcase><testcase classname="src.pymortests.sylvester" file="src/pymortests/sylvester.py" line="136" name="test_sylv_schur_W_E[2-20-100]" time="0.0004756450653076172"><skipped message="Suite splitting in effect" type="pytest.skip">src/pymortests/sylvester.py:136: Suite splitting in effect</skipped></testcase><testcase classname="src.pymortests.sylvester" file="src/pymortests/sylvester.py" line="136" name="test_sylv_schur_W_E[2-20-1000]" time="0.0004987716674804688"><skipped message="Suite splitting in effect" type="pytest.skip">src/pymortests/sylvester.py:136: Suite splitting in effect</skipped></testcase><testcase classname="src.pymortests.to_matrix" file="src/pymortests/to_matrix.py" line="34" name="test_to_matrix_NumpyMatrixOperator" time="0.00048804283142089844"><skipped message="Suite splitting in effect" type="pytest.skip">src/pymortests/to_matrix.py:34: Suite splitting in effect</skipped></testcase><testcase classname="src.pymortests.to_matrix" file="src/pymortests/to_matrix.py" line="45" name="test_to_matrix_BlockOperator" time="0.00043654441833496094"><skipped message="Suite splitting in effect" type="pytest.skip">src/pymortests/to_matrix.py:45: Suite splitting in effect</skipped></testcase><testcase classname="src.pymortests.to_matrix" file="src/pymortests/to_matrix.py" line="68" name="test_to_matrix_BlockDiagonalOperator" time="0.0004241466522216797"><skipped message="Suite splitting in effect" type="pytest.skip">src/pymortests/to_matrix.py:68: Suite splitting in effect</skipped></testcase><testcase classname="src.pymortests.to_matrix" file="src/pymortests/to_matrix.py" line="86" name="test_to_matrix_AdjointOperator" time="0.0009095668792724609"><skipped message="Suite splitting in effect" type="pytest.skip">src/pymortests/to_matrix.py:86: Suite splitting in effect</skipped></testcase><testcase classname="src.pymortests.to_matrix" file="src/pymortests/to_matrix.py" line="127" name="test_to_matrix_ComponentProjection" time="0.0004169940948486328"><skipped message="Suite splitting in effect" type="pytest.skip">src/pymortests/to_matrix.py:127: Suite splitting in effect</skipped></testcase><testcase classname="src.pymortests.to_matrix" file="src/pymortests/to_matrix.py" line="138" name="test_to_matrix_Concatenation" time="0.00043392181396484375"><skipped message="Suite splitting in effect" type="pytest.skip">src/pymortests/to_matrix.py:138: Suite splitting in effect</skipped></testcase><testcase classname="src.pymortests.to_matrix" file="src/pymortests/to_matrix.py" line="165" name="test_to_matrix_IdentityOperator" time="0.0012624263763427734"><skipped message="Suite splitting in effect" type="pytest.skip">src/pymortests/to_matrix.py:165: Suite splitting in effect</skipped></testcase><testcase classname="src.pymortests.to_matrix" file="src/pymortests/to_matrix.py" line="173" name="test_to_matrix_LincombOperator" time="0.0004918575286865234"><skipped message="Suite splitting in effect" type="pytest.skip">src/pymortests/to_matrix.py:173: Suite splitting in effect</skipped></testcase><testcase classname="src.pymortests.to_matrix" file="src/pymortests/to_matrix.py" line="202" name="test_to_matrix_VectorArrayOperator" time="0.00042629241943359375"><skipped message="Suite splitting in effect" type="pytest.skip">src/pymortests/to_matrix.py:202: Suite splitting in effect</skipped></testcase><testcase classname="src.pymortests.to_matrix" file="src/pymortests/to_matrix.py" line="214" name="test_to_matrix_ZeroOperator" time="0.00043129920959472656"><skipped message="Suite splitting in effect" type="pytest.skip">src/pymortests/to_matrix.py:214: Suite splitting in effect</skipped></testcase><testcase classname="src.pymortests.tools.TestGaussQuadrature" file="src/pymortests/tools.py" line="27" name="test_polynomials" time="0.0004591941833496094"><skipped message="Suite splitting in effect" type="pytest.skip">src/pymortests/tools.py:27: Suite splitting in effect</skipped></testcase><testcase classname="src.pymortests.tools.TestGaussQuadrature" file="src/pymortests/tools.py" line="38" name="test_other_functions" time="0.0008180141448974609"><skipped message="Suite splitting in effect" type="pytest.skip">src/pymortests/tools.py:38: Suite splitting in effect</skipped></testcase><testcase classname="src.pymortests.tools.TestGaussQuadrature" file="src/pymortests/tools.py" line="46" name="test_weights" time="0.0004277229309082031"><skipped message="Suite splitting in effect" type="pytest.skip">src/pymortests/tools.py:46: Suite splitting in effect</skipped></testcase><testcase classname="src.pymortests.tools.TestGaussQuadrature" file="src/pymortests/tools.py" line="51" name="test_points" time="0.00044727325439453125"><skipped message="Suite splitting in effect" type="pytest.skip">src/pymortests/tools.py:51: Suite splitting in effect</skipped></testcase><testcase classname="src.pymortests.tools.TestCmp" file="src/pymortests/tools.py" line="61" name="test_props" time="0.0004298686981201172"><skipped message="Suite splitting in effect" type="pytest.skip">src/pymortests/tools.py:61: Suite splitting in effect</skipped></testcase><testcase classname="src.pymortests.tools" file="src/pymortests/tools.py" line="87" name="test_vtkio[&lt;lambda&gt;0]" time="0.00044226646423339844"><skipped message="Suite splitting in effect" type="pytest.skip">src/pymortests/tools.py:87: Suite splitting in effect</skipped></testcase><testcase classname="src.pymortests.tools" file="src/pymortests/tools.py" line="87" name="test_vtkio[&lt;lambda&gt;1]" time="0.00042319297790527344"><skipped message="Suite splitting in effect" type="pytest.skip">src/pymortests/tools.py:87: Suite splitting in effect</skipped></testcase><testcase classname="src.pymortests.tools" file="src/pymortests/tools.py" line="87" name="test_vtkio[&lt;lambda&gt;2]" time="0.00042176246643066406"><skipped message="Suite splitting in effect" type="pytest.skip">src/pymortests/tools.py:87: Suite splitting in effect</skipped></testcase><testcase classname="src.pymortests.tools" file="src/pymortests/tools.py" line="87" name="test_vtkio[&lt;lambda&gt;3]" time="0.0004458427429199219"><skipped message="Suite splitting in effect" type="pytest.skip">src/pymortests/tools.py:87: Suite splitting in effect</skipped></testcase><testcase classname="src.pymortests.tools" file="src/pymortests/tools.py" line="87" name="test_vtkio[&lt;lambda&gt;4]" time="0.0007185935974121094"><skipped message="Suite splitting in effect" type="pytest.skip">src/pymortests/tools.py:87: Suite splitting in effect</skipped></testcase><testcase classname="src.pymortests.tools" file="src/pymortests/tools.py" line="87" name="test_vtkio[&lt;lambda&gt;5]" time="0.0004901885986328125"><skipped message="Suite splitting in effect" type="pytest.skip">src/pymortests/tools.py:87: Suite splitting in effect</skipped></testcase><testcase classname="src.pymortests.tools" file="src/pymortests/tools.py" line="87" name="test_vtkio[&lt;lambda&gt;6]" time="0.00041222572326660156"><skipped message="Suite splitting in effect" type="pytest.skip">src/pymortests/tools.py:87: Suite splitting in effect</skipped></testcase><testcase classname="src.pymortests.tools" file="src/pymortests/tools.py" line="87" name="test_vtkio[&lt;lambda&gt;7]" time="0.00042629241943359375"><skipped message="Suite splitting in effect" type="pytest.skip">src/pymortests/tools.py:87: Suite splitting in effect</skipped></testcase><testcase classname="src.pymortests.tools" file="src/pymortests/tools.py" line="87" name="test_vtkio[&lt;lambda&gt;8]" time="0.0004334449768066406"><skipped message="Suite splitting in effect" type="pytest.skip">src/pymortests/tools.py:87: Suite splitting in effect</skipped></testcase><testcase classname="src.pymortests.tools" file="src/pymortests/tools.py" line="87" name="test_vtkio[&lt;lambda&gt;9]" time="0.00042176246643066406"><skipped message="Suite splitting in effect" type="pytest.skip">src/pymortests/tools.py:87: Suite splitting in effect</skipped></testcase><testcase classname="src.pymortests.tools" file="src/pymortests/tools.py" line="87" name="test_vtkio[&lt;lambda&gt;10]" time="0.0004353523254394531"><skipped message="Suite splitting in effect" type="pytest.skip">src/pymortests/tools.py:87: Suite splitting in effect</skipped></testcase><testcase classname="src.pymortests.tools" file="src/pymortests/tools.py" line="87" name="test_vtkio[&lt;lambda&gt;11]" time="0.00041985511779785156"><skipped message="Suite splitting in effect" type="pytest.skip">src/pymortests/tools.py:87: Suite splitting in effect</skipped></testcase><testcase classname="src.pymortests.tools" file="src/pymortests/tools.py" line="87" name="test_vtkio[&lt;lambda&gt;12]" time="0.0007250308990478516"><skipped message="Suite splitting in effect" type="pytest.skip">src/pymortests/tools.py:87: Suite splitting in effect</skipped></testcase><testcase classname="src.pymortests.tools" file="src/pymortests/tools.py" line="87" name="test_vtkio[&lt;lambda&gt;13]" time="0.00042319297790527344"><skipped message="Suite splitting in effect" type="pytest.skip">src/pymortests/tools.py:87: Suite splitting in effect</skipped></testcase><testcase classname="src.pymortests.tools" file="src/pymortests/tools.py" line="87" name="test_vtkio[&lt;lambda&gt;14]" time="0.00040984153747558594"><skipped message="Suite splitting in effect" type="pytest.skip">src/pymortests/tools.py:87: Suite splitting in effect</skipped></testcase><testcase classname="src.pymortests.tools" file="src/pymortests/tools.py" line="87" name="test_vtkio[&lt;lambda&gt;15]" time="0.0004379749298095703"><skipped message="Suite splitting in effect" type="pytest.skip">src/pymortests/tools.py:87: Suite splitting in effect</skipped></testcase><testcase classname="src.pymortests.tools" file="src/pymortests/tools.py" line="87" name="test_vtkio[&lt;lambda&gt;16]" time="0.00042629241943359375"><skipped message="Suite splitting in effect" type="pytest.skip">src/pymortests/tools.py:87: Suite splitting in effect</skipped></testcase><testcase classname="src.pymortests.tools" file="src/pymortests/tools.py" line="87" name="test_vtkio[&lt;lambda&gt;17]" time="0.00042247772216796875"><skipped message="Suite splitting in effect" type="pytest.skip">src/pymortests/tools.py:87: Suite splitting in effect</skipped></testcase><testcase classname="src.pymortests.tools" file="src/pymortests/tools.py" line="87" name="test_vtkio[&lt;lambda&gt;18]" time="0.0004456043243408203"><skipped message="Suite splitting in effect" type="pytest.skip">src/pymortests/tools.py:87: Suite splitting in effect</skipped></testcase><testcase classname="src.pymortests.tools" file="src/pymortests/tools.py" line="87" name="test_vtkio[&lt;lambda&gt;19]" time="0.00042891502380371094"><skipped message="Suite splitting in effect" type="pytest.skip">src/pymortests/tools.py:87: Suite splitting in effect</skipped></testcase><testcase classname="src.pymortests.tools" file="src/pymortests/tools.py" line="87" name="test_vtkio[&lt;lambda&gt;20]" time="0.0007090568542480469"><skipped message="Suite splitting in effect" type="pytest.skip">src/pymortests/tools.py:87: Suite splitting in effect</skipped></testcase><testcase classname="src.pymortests.tools" file="src/pymortests/tools.py" line="87" name="test_vtkio[&lt;lambda&gt;21]" time="0.00042438507080078125"><skipped message="Suite splitting in effect" type="pytest.skip">src/pymortests/tools.py:87: Suite splitting in effect</skipped></testcase><testcase classname="src.pymortests.tools" file="src/pymortests/tools.py" line="87" name="test_vtkio[&lt;lambda&gt;22]" time="0.00042366981506347656"><skipped message="Suite splitting in effect" type="pytest.skip">src/pymortests/tools.py:87: Suite splitting in effect</skipped></testcase><testcase classname="src.pymortests.tools" file="src/pymortests/tools.py" line="87" name="test_vtkio[&lt;lambda&gt;23]" time="0.0004239082336425781"><skipped message="Suite splitting in effect" type="pytest.skip">src/pymortests/tools.py:87: Suite splitting in effect</skipped></testcase><testcase classname="src.pymortests.tools.TestTiming" file="src/pymortests/tools.py" line="103" name="testTimingContext" time="0.00042891502380371094"><skipped message="Suite splitting in effect" type="pytest.skip">src/pymortests/tools.py:103: Suite splitting in effect</skipped></testcase><testcase classname="src.pymortests.tools.TestTiming" file="src/pymortests/tools.py" line="113" name="testTimingDecorator" time="0.0004355907440185547"><skipped message="Suite splitting in effect" type="pytest.skip">src/pymortests/tools.py:113: Suite splitting in effect</skipped></testcase><testcase classname="src.pymortests.tools.TestTiming" file="src/pymortests/tools.py" line="116" name="testTiming" time="0.0004417896270751953"><skipped message="Suite splitting in effect" type="pytest.skip">src/pymortests/tools.py:116: Suite splitting in effect</skipped></testcase><testcase classname="src.pymortests.tools" file="src/pymortests/tools.py" line="124" name="testDeprecated" time="0.00042128562927246094"><skipped message="Suite splitting in effect" type="pytest.skip">src/pymortests/tools.py:124: Suite splitting in effect</skipped></testcase><testcase classname="src.pymortests.vectorarray" file="src/pymortests/vectorarray.py" line="152" name="test_empty[0-&lt;lambda&gt;0]" time="0.0008068084716796875"><skipped message="Suite splitting in effect" type="pytest.skip">src/pymortests/vectorarray.py:152: Suite splitting in effect</skipped></testcase><testcase classname="src.pymortests.vectorarray" file="src/pymortests/vectorarray.py" line="152" name="test_empty[0-&lt;lambda&gt;1]" time="0.00042438507080078125"><skipped message="Suite splitting in effect" type="pytest.skip">src/pymortests/vectorarray.py:152: Suite splitting in effect</skipped></testcase><testcase classname="src.pymortests.vectorarray" file="src/pymortests/vectorarray.py" line="152" name="test_empty[0-&lt;lambda&gt;2]" time="0.00041985511779785156"><skipped message="Suite splitting in effect" type="pytest.skip">src/pymortests/vectorarray.py:152: Suite splitting in effect</skipped></testcase><testcase classname="src.pymortests.vectorarray" file="src/pymortests/vectorarray.py" line="152" name="test_empty[0-&lt;lambda&gt;3]" time="0.0004394054412841797"><skipped message="Suite splitting in effect" type="pytest.skip">src/pymortests/vectorarray.py:152: Suite splitting in effect</skipped></testcase><testcase classname="src.pymortests.vectorarray" file="src/pymortests/vectorarray.py" line="152" name="test_empty[0-&lt;lambda&gt;4]" time="0.0004260540008544922"><skipped message="Suite splitting in effect" type="pytest.skip">src/pymortests/vectorarray.py:152: Suite splitting in effect</skipped></testcase><testcase classname="src.pymortests.vectorarray" file="src/pymortests/vectorarray.py" line="152" name="test_empty[0-&lt;lambda&gt;5]" time="0.0004067420959472656"><skipped message="Suite splitting in effect" type="pytest.skip">src/pymortests/vectorarray.py:152: Suite splitting in effect</skipped></testcase><testcase classname="src.pymortests.vectorarray" file="src/pymortests/vectorarray.py" line="152" name="test_empty[0-&lt;lambda&gt;6]" time="0.0004417896270751953"><skipped message="Suite splitting in effect" type="pytest.skip">src/pymortests/vectorarray.py:152: Suite splitting in effect</skipped></testcase><testcase classname="src.pymortests.vectorarray" file="src/pymortests/vectorarray.py" line="152" name="test_empty[0-&lt;lambda&gt;7]" time="0.00042057037353515625"><skipped message="Suite splitting in effect" type="pytest.skip">src/pymortests/vectorarray.py:152: Suite splitting in effect</skipped></testcase><testcase classname="src.pymortests.vectorarray" file="src/pymortests/vectorarray.py" line="152" name="test_empty[0-&lt;lambda&gt;8]" time="0.0007195472717285156"><skipped message="Suite splitting in effect" type="pytest.skip">src/pymortests/vectorarray.py:152: Suite splitting in effect</skipped></testcase><testcase classname="src.pymortests.vectorarray" file="src/pymortests/vectorarray.py" line="152" name="test_empty[0-&lt;lambda&gt;9]" time="0.00042939186096191406"><skipped message="Suite splitting in effect" type="pytest.skip">src/pymortests/vectorarray.py:152: Suite splitting in effect</skipped></testcase><testcase classname="src.pymortests.vectorarray" file="src/pymortests/vectorarray.py" line="152" name="test_empty[0-&lt;lambda&gt;10]" time="0.0004115104675292969"><skipped message="Suite splitting in effect" type="pytest.skip">src/pymortests/vectorarray.py:152: Suite splitting in effect</skipped></testcase><testcase classname="src.pymortests.vectorarray" file="src/pymortests/vectorarray.py" line="152" name="test_empty[0-&lt;lambda&gt;11]" time="0.0004215240478515625"><skipped message="Suite splitting in effect" type="pytest.skip">src/pymortests/vectorarray.py:152: Suite splitting in effect</skipped></testcase><testcase classname="src.pymortests.vectorarray" file="src/pymortests/vectorarray.py" line="152" name="test_empty[0-&lt;lambda&gt;12]" time="0.0004127025604248047"><skipped message="Suite splitting in effect" type="pytest.skip">src/pymortests/vectorarray.py:152: Suite splitting in effect</skipped></testcase><testcase classname="src.pymortests.vectorarray" file="src/pymortests/vectorarray.py" line="152" name="test_empty[0-&lt;lambda&gt;13]" time="0.0004341602325439453"><skipped message="Suite splitting in effect" type="pytest.skip">src/pymortests/vectorarray.py:152: Suite splitting in effect</skipped></testcase><testcase classname="src.pymortests.vectorarray" file="src/pymortests/vectorarray.py" line="152" name="test_empty[0-&lt;lambda&gt;14]" time="0.0004363059997558594"><skipped message="Suite splitting in effect" type="pytest.skip">src/pymortests/vectorarray.py:152: Suite splitting in effect</skipped></testcase><testcase classname="src.pymortests.vectorarray" file="src/pymortests/vectorarray.py" line="152" name="test_empty[0-&lt;lambda&gt;15]" time="0.00042700767517089844"><skipped message="Suite splitting in effect" type="pytest.skip">src/pymortests/vectorarray.py:152: Suite splitting in effect</skipped></testcase><testcase classname="src.pymortests.vectorarray" file="src/pymortests/vectorarray.py" line="152" name="test_empty[0-&lt;lambda&gt;16]" time="0.0007231235504150391"><skipped message="Suite splitting in effect" type="pytest.skip">src/pymortests/vectorarray.py:152: Suite splitting in effect</skipped></testcase><testcase classname="src.pymortests.vectorarray" file="src/pymortests/vectorarray.py" line="152" name="test_empty[0-&lt;lambda&gt;17]" time="0.00042891502380371094"><skipped message="Suite splitting in effect" type="pytest.skip">src/pymortests/vectorarray.py:152: Suite splitting in effect</skipped></testcase><testcase classname="src.pymortests.vectorarray" file="src/pymortests/vectorarray.py" line="152" name="test_empty[0-&lt;lambda&gt;18]" time="0.0004227161407470703"><skipped message="Suite splitting in effect" type="pytest.skip">src/pymortests/vectorarray.py:152: Suite splitting in effect</skipped></testcase><testcase classname="src.pymortests.vectorarray" file="src/pymortests/vectorarray.py" line="152" name="test_empty[0-&lt;lambda&gt;19]" time="0.0004355907440185547"><skipped message="Suite splitting in effect" type="pytest.skip">src/pymortests/vectorarray.py:152: Suite splitting in effect</skipped></testcase><testcase classname="src.pymortests.vectorarray" file="src/pymortests/vectorarray.py" line="152" name="test_empty[0-&lt;lambda&gt;20]" time="0.00042748451232910156"><skipped message="Suite splitting in effect" type="pytest.skip">src/pymortests/vectorarray.py:152: Suite splitting in effect</skipped></testcase><testcase classname="src.pymortests.vectorarray" file="src/pymortests/vectorarray.py" line="152" name="test_empty[0-&lt;lambda&gt;21]" time="0.000431060791015625"><skipped message="Suite splitting in effect" type="pytest.skip">src/pymortests/vectorarray.py:152: Suite splitting in effect</skipped></testcase><testcase classname="src.pymortests.vectorarray" file="src/pymortests/vectorarray.py" line="152" name="test_empty[0-&lt;lambda&gt;22]" time="0.0005252361297607422"><skipped message="Suite splitting in effect" type="pytest.skip">src/pymortests/vectorarray.py:152: Suite splitting in effect</skipped></testcase><testcase classname="src.pymortests.vectorarray" file="src/pymortests/vectorarray.py" line="152" name="test_empty[0-&lt;lambda&gt;23]" time="0.0004527568817138672"><skipped message="Suite splitting in effect" type="pytest.skip">src/pymortests/vectorarray.py:152: Suite splitting in effect</skipped></testcase><testcase classname="src.pymortests.vectorarray" file="src/pymortests/vectorarray.py" line="152" name="test_empty[0-&lt;lambda&gt;24]" time="0.0007510185241699219"><skipped message="Suite splitting in effect" type="pytest.skip">src/pymortests/vectorarray.py:152: Suite splitting in effect</skipped></testcase><testcase classname="src.pymortests.vectorarray" file="src/pymortests/vectorarray.py" line="152" name="test_empty[0-&lt;lambda&gt;25]" time="0.0004165172576904297"><skipped message="Suite splitting in effect" type="pytest.skip">src/pymortests/vectorarray.py:152: Suite splitting in effect</skipped></testcase><testcase classname="src.pymortests.vectorarray" file="src/pymortests/vectorarray.py" line="152" name="test_empty[0-&lt;lambda&gt;26]" time="0.00042247772216796875"><skipped message="Suite splitting in effect" type="pytest.skip">src/pymortests/vectorarray.py:152: Suite splitting in effect</skipped></testcase><testcase classname="src.pymortests.vectorarray" file="src/pymortests/vectorarray.py" line="152" name="test_empty[1-&lt;lambda&gt;0]" time="0.0004360675811767578"><skipped message="Suite splitting in effect" type="pytest.skip">src/pymortests/vectorarray.py:152: Suite splitting in effect</skipped></testcase><testcase classname="src.pymortests.vectorarray" file="src/pymortests/vectorarray.py" line="152" name="test_empty[1-&lt;lambda&gt;1]" time="0.0004100799560546875"><skipped message="Suite splitting in effect" type="pytest.skip">src/pymortests/vectorarray.py:152: Suite splitting in effect</skipped></testcase><testcase classname="src.pymortests.vectorarray" file="src/pymortests/vectorarray.py" line="152" name="test_empty[1-&lt;lambda&gt;2]" time="0.00041985511779785156"><skipped message="Suite splitting in effect" type="pytest.skip">src/pymortests/vectorarray.py:152: Suite splitting in effect</skipped></testcase><testcase classname="src.pymortests.vectorarray" file="src/pymortests/vectorarray.py" line="152" name="test_empty[1-&lt;lambda&gt;3]" time="0.0004253387451171875"><skipped message="Suite splitting in effect" type="pytest.skip">src/pymortests/vectorarray.py:152: Suite splitting in effect</skipped></testcase><testcase classname="src.pymortests.vectorarray" file="src/pymortests/vectorarray.py" line="152" name="test_empty[1-&lt;lambda&gt;4]" time="0.0004241466522216797"><skipped message="Suite splitting in effect" type="pytest.skip">src/pymortests/vectorarray.py:152: Suite splitting in effect</skipped></testcase><testcase classname="src.pymortests.vectorarray" file="src/pymortests/vectorarray.py" line="152" name="test_empty[1-&lt;lambda&gt;5]" time="0.0007302761077880859"><skipped message="Suite splitting in effect" type="pytest.skip">src/pymortests/vectorarray.py:152: Suite splitting in effect</skipped></testcase><testcase classname="src.pymortests.vectorarray" file="src/pymortests/vectorarray.py" line="152" name="test_empty[1-&lt;lambda&gt;6]" time="0.0004074573516845703"><skipped message="Suite splitting in effect" type="pytest.skip">src/pymortests/vectorarray.py:152: Suite splitting in effect</skipped></testcase><testcase classname="src.pymortests.vectorarray" file="src/pymortests/vectorarray.py" line="152" name="test_empty[1-&lt;lambda&gt;7]" time="0.00043201446533203125"><skipped message="Suite splitting in effect" type="pytest.skip">src/pymortests/vectorarray.py:152: Suite splitting in effect</skipped></testcase><testcase classname="src.pymortests.vectorarray" file="src/pymortests/vectorarray.py" line="152" name="test_empty[1-&lt;lambda&gt;8]" time="0.0004279613494873047"><skipped message="Suite splitting in effect" type="pytest.skip">src/pymortests/vectorarray.py:152: Suite splitting in effect</skipped></testcase><testcase classname="src.pymortests.vectorarray" file="src/pymortests/vectorarray.py" line="152" name="test_empty[1-&lt;lambda&gt;9]" time="0.0004532337188720703"><skipped message="Suite splitting in effect" type="pytest.skip">src/pymortests/vectorarray.py:152: Suite splitting in effect</skipped></testcase><testcase classname="src.pymortests.vectorarray" file="src/pymortests/vectorarray.py" line="152" name="test_empty[1-&lt;lambda&gt;10]" time="0.00041031837463378906"><skipped message="Suite splitting in effect" type="pytest.skip">src/pymortests/vectorarray.py:152: Suite splitting in effect</skipped></testcase><testcase classname="src.pymortests.vectorarray" file="src/pymortests/vectorarray.py" line="152" name="test_empty[1-&lt;lambda&gt;11]" time="0.0004239082336425781"><skipped message="Suite splitting in effect" type="pytest.skip">src/pymortests/vectorarray.py:152: Suite splitting in effect</skipped></testcase><testcase classname="src.pymortests.vectorarray" file="src/pymortests/vectorarray.py" line="152" name="test_empty[1-&lt;lambda&gt;12]" time="0.000423431396484375"><skipped message="Suite splitting in effect" type="pytest.skip">src/pymortests/vectorarray.py:152: Suite splitting in effect</skipped></testcase><testcase classname="src.pymortests.vectorarray" file="src/pymortests/vectorarray.py" line="152" name="test_empty[1-&lt;lambda&gt;13]" time="0.0007283687591552734"><skipped message="Suite splitting in effect" type="pytest.skip">src/pymortests/vectorarray.py:152: Suite splitting in effect</skipped></testcase><testcase classname="src.pymortests.vectorarray" file="src/pymortests/vectorarray.py" line="152" name="test_empty[1-&lt;lambda&gt;14]" time="0.0004169940948486328"><skipped message="Suite splitting in effect" type="pytest.skip">src/pymortests/vectorarray.py:152: Suite splitting in effect</skipped></testcase><testcase classname="src.pymortests.vectorarray" file="src/pymortests/vectorarray.py" line="152" name="test_empty[1-&lt;lambda&gt;15]" time="0.0004291534423828125"><skipped message="Suite splitting in effect" type="pytest.skip">src/pymortests/vectorarray.py:152: Suite splitting in effect</skipped></testcase><testcase classname="src.pymortests.vectorarray" file="src/pymortests/vectorarray.py" line="152" name="test_empty[1-&lt;lambda&gt;16]" time="0.0004229545593261719"><skipped message="Suite splitting in effect" type="pytest.skip">src/pymortests/vectorarray.py:152: Suite splitting in effect</skipped></testcase><testcase classname="src.pymortests.vectorarray" file="src/pymortests/vectorarray.py" line="152" name="test_empty[1-&lt;lambda&gt;17]" time="0.0004210472106933594"><skipped message="Suite splitting in effect" type="pytest.skip">src/pymortests/vectorarray.py:152: Suite splitting in effect</skipped></testcase><testcase classname="src.pymortests.vectorarray" file="src/pymortests/vectorarray.py" line="152" name="test_empty[1-&lt;lambda&gt;18]" time="0.0004951953887939453"><skipped message="Suite splitting in effect" type="pytest.skip">src/pymortests/vectorarray.py:152: Suite splitting in effect</skipped></testcase><testcase classname="src.pymortests.vectorarray" file="src/pymortests/vectorarray.py" line="152" name="test_empty[1-&lt;lambda&gt;19]" time="0.00043272972106933594"><skipped message="Suite splitting in effect" type="pytest.skip">src/pymortests/vectorarray.py:152: Suite splitting in effect</skipped></testcase><testcase classname="src.pymortests.vectorarray" file="src/pymortests/vectorarray.py" line="152" name="test_empty[1-&lt;lambda&gt;20]" time="0.0004901885986328125"><skipped message="Suite splitting in effect" type="pytest.skip">src/pymortests/vectorarray.py:152: Suite splitting in effect</skipped></testcase><testcase classname="src.pymortests.vectorarray" file="src/pymortests/vectorarray.py" line="152" name="test_empty[1-&lt;lambda&gt;21]" time="0.0007615089416503906"><skipped message="Suite splitting in effect" type="pytest.skip">src/pymortests/vectorarray.py:152: Suite splitting in effect</skipped></testcase><testcase classname="src.pymortests.vectorarray" file="src/pymortests/vectorarray.py" line="152" name="test_empty[1-&lt;lambda&gt;22]" time="0.00047969818115234375"><skipped message="Suite splitting in effect" type="pytest.skip">src/pymortests/vectorarray.py:152: Suite splitting in effect</skipped></testcase><testcase classname="src.pymortests.vectorarray" file="src/pymortests/vectorarray.py" line="152" name="test_empty[1-&lt;lambda&gt;23]" time="0.0004322528839111328"><skipped message="Suite splitting in effect" type="pytest.skip">src/pymortests/vectorarray.py:152: Suite splitting in effect</skipped></testcase><testcase classname="src.pymortests.vectorarray" file="src/pymortests/vectorarray.py" line="152" name="test_empty[1-&lt;lambda&gt;24]" time="0.0004200935363769531"><skipped message="Suite splitting in effect" type="pytest.skip">src/pymortests/vectorarray.py:152: Suite splitting in effect</skipped></testcase><testcase classname="src.pymortests.vectorarray" file="src/pymortests/vectorarray.py" line="152" name="test_empty[1-&lt;lambda&gt;25]" time="0.0004189014434814453"><skipped message="Suite splitting in effect" type="pytest.skip">src/pymortests/vectorarray.py:152: Suite splitting in effect</skipped></testcase><testcase classname="src.pymortests.vectorarray" file="src/pymortests/vectorarray.py" line="152" name="test_empty[1-&lt;lambda&gt;26]" time="0.0004279613494873047"><skipped message="Suite splitting in effect" type="pytest.skip">src/pymortests/vectorarray.py:152: Suite splitting in effect</skipped></testcase><testcase classname="src.pymortests.vectorarray" file="src/pymortests/vectorarray.py" line="152" name="test_empty[2-&lt;lambda&gt;0]" time="0.00041985511779785156"><skipped message="Suite splitting in effect" type="pytest.skip">src/pymortests/vectorarray.py:152: Suite splitting in effect</skipped></testcase><testcase classname="src.pymortests.vectorarray" file="src/pymortests/vectorarray.py" line="152" name="test_empty[2-&lt;lambda&gt;1]" time="0.00041556358337402344"><skipped message="Suite splitting in effect" type="pytest.skip">src/pymortests/vectorarray.py:152: Suite splitting in effect</skipped></testcase><testcase classname="src.pymortests.vectorarray" file="src/pymortests/vectorarray.py" line="152" name="test_empty[2-&lt;lambda&gt;2]" time="0.0009386539459228516"><skipped message="Suite splitting in effect" type="pytest.skip">src/pymortests/vectorarray.py:152: Suite splitting in effect</skipped></testcase><testcase classname="src.pymortests.vectorarray" file="src/pymortests/vectorarray.py" line="152" name="test_empty[2-&lt;lambda&gt;3]" time="0.0004057884216308594"><skipped message="Suite splitting in effect" type="pytest.skip">src/pymortests/vectorarray.py:152: Suite splitting in effect</skipped></testcase><testcase classname="src.pymortests.vectorarray" file="src/pymortests/vectorarray.py" line="152" name="test_empty[2-&lt;lambda&gt;4]" time="0.0004203319549560547"><skipped message="Suite splitting in effect" type="pytest.skip">src/pymortests/vectorarray.py:152: Suite splitting in effect</skipped></testcase><testcase classname="src.pymortests.vectorarray" file="src/pymortests/vectorarray.py" line="152" name="test_empty[2-&lt;lambda&gt;5]" time="0.0004134178161621094"><skipped message="Suite splitting in effect" type="pytest.skip">src/pymortests/vectorarray.py:152: Suite splitting in effect</skipped></testcase><testcase classname="src.pymortests.vectorarray" file="src/pymortests/vectorarray.py" line="152" name="test_empty[2-&lt;lambda&gt;6]" time="0.00042438507080078125"><skipped message="Suite splitting in effect" type="pytest.skip">src/pymortests/vectorarray.py:152: Suite splitting in effect</skipped></testcase><testcase classname="src.pymortests.vectorarray" file="src/pymortests/vectorarray.py" line="152" name="test_empty[2-&lt;lambda&gt;7]" time="0.00044798851013183594"><skipped message="Suite splitting in effect" type="pytest.skip">src/pymortests/vectorarray.py:152: Suite splitting in effect</skipped></testcase><testcase classname="src.pymortests.vectorarray" file="src/pymortests/vectorarray.py" line="152" name="test_empty[2-&lt;lambda&gt;8]" time="0.00044989585876464844"><skipped message="Suite splitting in effect" type="pytest.skip">src/pymortests/vectorarray.py:152: Suite splitting in effect</skipped></testcase><testcase classname="src.pymortests.vectorarray" file="src/pymortests/vectorarray.py" line="152" name="test_empty[2-&lt;lambda&gt;9]" time="0.00048160552978515625"><skipped message="Suite splitting in effect" type="pytest.skip">src/pymortests/vectorarray.py:152: Suite splitting in effect</skipped></testcase><testcase classname="src.pymortests.vectorarray" file="src/pymortests/vectorarray.py" line="152" name="test_empty[2-&lt;lambda&gt;10]" time="0.0007457733154296875"><skipped message="Suite splitting in effect" type="pytest.skip">src/pymortests/vectorarray.py:152: Suite splitting in effect</skipped></testcase><testcase classname="src.pymortests.vectorarray" file="src/pymortests/vectorarray.py" line="152" name="test_empty[2-&lt;lambda&gt;11]" time="0.0004062652587890625"><skipped message="Suite splitting in effect" type="pytest.skip">src/pymortests/vectorarray.py:152: Suite splitting in effect</skipped></testcase><testcase classname="src.pymortests.vectorarray" file="src/pymortests/vectorarray.py" line="152" name="test_empty[2-&lt;lambda&gt;12]" time="0.00043082237243652344"><skipped message="Suite splitting in effect" type="pytest.skip">src/pymortests/vectorarray.py:152: Suite splitting in effect</skipped></testcase><testcase classname="src.pymortests.vectorarray" file="src/pymortests/vectorarray.py" line="152" name="test_empty[2-&lt;lambda&gt;13]" time="0.0004222393035888672"><skipped message="Suite splitting in effect" type="pytest.skip">src/pymortests/vectorarray.py:152: Suite splitting in effect</skipped></testcase><testcase classname="src.pymortests.vectorarray" file="src/pymortests/vectorarray.py" line="152" name="test_empty[2-&lt;lambda&gt;14]" time="0.0004229545593261719"><skipped message="Suite splitting in effect" type="pytest.skip">src/pymortests/vectorarray.py:152: Suite splitting in effect</skipped></testcase><testcase classname="src.pymortests.vectorarray" file="src/pymortests/vectorarray.py" line="152" name="test_empty[2-&lt;lambda&gt;15]" time="0.0004239082336425781"><skipped message="Suite splitting in effect" type="pytest.skip">src/pymortests/vectorarray.py:152: Suite splitting in effect</skipped></testcase><testcase classname="src.pymortests.vectorarray" file="src/pymortests/vectorarray.py" line="152" name="test_empty[2-&lt;lambda&gt;16]" time="0.0004253387451171875"><skipped message="Suite splitting in effect" type="pytest.skip">src/pymortests/vectorarray.py:152: Suite splitting in effect</skipped></testcase><testcase classname="src.pymortests.vectorarray" file="src/pymortests/vectorarray.py" line="152" name="test_empty[2-&lt;lambda&gt;17]" time="0.0004229545593261719"><skipped message="Suite splitting in effect" type="pytest.skip">src/pymortests/vectorarray.py:152: Suite splitting in effect</skipped></testcase><testcase classname="src.pymortests.vectorarray" file="src/pymortests/vectorarray.py" line="152" name="test_empty[2-&lt;lambda&gt;18]" time="0.0007131099700927734"><skipped message="Suite splitting in effect" type="pytest.skip">src/pymortests/vectorarray.py:152: Suite splitting in effect</skipped></testcase><testcase classname="src.pymortests.vectorarray" file="src/pymortests/vectorarray.py" line="152" name="test_empty[2-&lt;lambda&gt;19]" time="0.00042057037353515625"><skipped message="Suite splitting in effect" type="pytest.skip">src/pymortests/vectorarray.py:152: Suite splitting in effect</skipped></testcase><testcase classname="src.pymortests.vectorarray" file="src/pymortests/vectorarray.py" line="152" name="test_empty[2-&lt;lambda&gt;20]" time="0.0004239082336425781"><skipped message="Suite splitting in effect" type="pytest.skip">src/pymortests/vectorarray.py:152: Suite splitting in effect</skipped></testcase><testcase classname="src.pymortests.vectorarray" file="src/pymortests/vectorarray.py" line="152" name="test_empty[2-&lt;lambda&gt;21]" time="0.0004210472106933594"><skipped message="Suite splitting in effect" type="pytest.skip">src/pymortests/vectorarray.py:152: Suite splitting in effect</skipped></testcase><testcase classname="src.pymortests.vectorarray" file="src/pymortests/vectorarray.py" line="152" name="test_empty[2-&lt;lambda&gt;22]" time="0.0004367828369140625"><skipped message="Suite splitting in effect" type="pytest.skip">src/pymortests/vectorarray.py:152: Suite splitting in effect</skipped></testcase><testcase classname="src.pymortests.vectorarray" file="src/pymortests/vectorarray.py" line="152" name="test_empty[2-&lt;lambda&gt;23]" time="0.0005168914794921875"><skipped message="Suite splitting in effect" type="pytest.skip">src/pymortests/vectorarray.py:152: Suite splitting in effect</skipped></testcase><testcase classname="src.pymortests.vectorarray" file="src/pymortests/vectorarray.py" line="152" name="test_empty[2-&lt;lambda&gt;24]" time="0.0004138946533203125"><skipped message="Suite splitting in effect" type="pytest.skip">src/pymortests/vectorarray.py:152: Suite splitting in effect</skipped></testcase><testcase classname="src.pymortests.vectorarray" file="src/pymortests/vectorarray.py" line="152" name="test_empty[2-&lt;lambda&gt;25]" time="0.000461578369140625"><skipped message="Suite splitting in effect" type="pytest.skip">src/pymortests/vectorarray.py:152: Suite splitting in effect</skipped></testcase><testcase classname="src.pymortests.vectorarray" file="src/pymortests/vectorarray.py" line="152" name="test_empty[2-&lt;lambda&gt;26]" time="0.0007007122039794922"><skipped message="Suite splitting in effect" type="pytest.skip">src/pymortests/vectorarray.py:152: Suite splitting in effect</skipped></testcase><testcase classname="src.pymortests.vectorarray" file="src/pymortests/vectorarray.py" line="165" name="test_zeros[0-&lt;lambda&gt;0]" time="0.0004184246063232422"><skipped message="Suite splitting in effect" type="pytest.skip">src/pymortests/vectorarray.py:165: Suite splitting in effect</skipped></testcase><testcase classname="src.pymortests.vectorarray" file="src/pymortests/vectorarray.py" line="165" name="test_zeros[0-&lt;lambda&gt;1]" time="0.00043845176696777344"><skipped message="Suite splitting in effect" type="pytest.skip">src/pymortests/vectorarray.py:165: Suite splitting in effect</skipped></testcase><testcase classname="src.pymortests.vectorarray" file="src/pymortests/vectorarray.py" line="165" name="test_zeros[0-&lt;lambda&gt;2]" time="0.0004210472106933594"><skipped message="Suite splitting in effect" type="pytest.skip">src/pymortests/vectorarray.py:165: Suite splitting in effect</skipped></testcase><testcase classname="src.pymortests.vectorarray" file="src/pymortests/vectorarray.py" line="165" name="test_zeros[0-&lt;lambda&gt;3]" time="0.0004069805145263672"><skipped message="Suite splitting in effect" type="pytest.skip">src/pymortests/vectorarray.py:165: Suite splitting in effect</skipped></testcase><testcase classname="src.pymortests.vectorarray" file="src/pymortests/vectorarray.py" line="165" name="test_zeros[0-&lt;lambda&gt;4]" time="0.00041866302490234375"><skipped message="Suite splitting in effect" type="pytest.skip">src/pymortests/vectorarray.py:165: Suite splitting in effect</skipped></testcase><testcase classname="src.pymortests.vectorarray" file="src/pymortests/vectorarray.py" line="165" name="test_zeros[0-&lt;lambda&gt;5]" time="0.0004239082336425781"><skipped message="Suite splitting in effect" type="pytest.skip">src/pymortests/vectorarray.py:165: Suite splitting in effect</skipped></testcase><testcase classname="src.pymortests.vectorarray" file="src/pymortests/vectorarray.py" line="165" name="test_zeros[0-&lt;lambda&gt;6]" time="0.0004558563232421875"><skipped message="Suite splitting in effect" type="pytest.skip">src/pymortests/vectorarray.py:165: Suite splitting in effect</skipped></testcase><testcase classname="src.pymortests.vectorarray" file="src/pymortests/vectorarray.py" line="165" name="test_zeros[0-&lt;lambda&gt;7]" time="0.0007116794586181641"><skipped message="Suite splitting in effect" type="pytest.skip">src/pymortests/vectorarray.py:165: Suite splitting in effect</skipped></testcase><testcase classname="src.pymortests.vectorarray" file="src/pymortests/vectorarray.py" line="165" name="test_zeros[0-&lt;lambda&gt;8]" time="0.00044727325439453125"><skipped message="Suite splitting in effect" type="pytest.skip">src/pymortests/vectorarray.py:165: Suite splitting in effect</skipped></testcase><testcase classname="src.pymortests.vectorarray" file="src/pymortests/vectorarray.py" line="165" name="test_zeros[0-&lt;lambda&gt;9]" time="0.0004553794860839844"><skipped message="Suite splitting in effect" type="pytest.skip">src/pymortests/vectorarray.py:165: Suite splitting in effect</skipped></testcase><testcase classname="src.pymortests.vectorarray" file="src/pymortests/vectorarray.py" line="165" name="test_zeros[0-&lt;lambda&gt;10]" time="0.0004608631134033203"><skipped message="Suite splitting in effect" type="pytest.skip">src/pymortests/vectorarray.py:165: Suite splitting in effect</skipped></testcase><testcase classname="src.pymortests.vectorarray" file="src/pymortests/vectorarray.py" line="165" name="test_zeros[0-&lt;lambda&gt;11]" time="0.0004317760467529297"><skipped message="Suite splitting in effect" type="pytest.skip">src/pymortests/vectorarray.py:165: Suite splitting in effect</skipped></testcase><testcase classname="src.pymortests.vectorarray" file="src/pymortests/vectorarray.py" line="165" name="test_zeros[0-&lt;lambda&gt;12]" time="0.00042629241943359375"><skipped message="Suite splitting in effect" type="pytest.skip">src/pymortests/vectorarray.py:165: Suite splitting in effect</skipped></testcase><testcase classname="src.pymortests.vectorarray" file="src/pymortests/vectorarray.py" line="165" name="test_zeros[0-&lt;lambda&gt;13]" time="0.0004172325134277344"><skipped message="Suite splitting in effect" type="pytest.skip">src/pymortests/vectorarray.py:165: Suite splitting in effect</skipped></testcase><testcase classname="src.pymortests.vectorarray" file="src/pymortests/vectorarray.py" line="165" name="test_zeros[0-&lt;lambda&gt;14]" time="0.00042748451232910156"><skipped message="Suite splitting in effect" type="pytest.skip">src/pymortests/vectorarray.py:165: Suite splitting in effect</skipped></testcase><testcase classname="src.pymortests.vectorarray" file="src/pymortests/vectorarray.py" line="165" name="test_zeros[0-&lt;lambda&gt;15]" time="0.0007841587066650391"><skipped message="Suite splitting in effect" type="pytest.skip">src/pymortests/vectorarray.py:165: Suite splitting in effect</skipped></testcase><testcase classname="src.pymortests.vectorarray" file="src/pymortests/vectorarray.py" line="165" name="test_zeros[0-&lt;lambda&gt;16]" time="0.0004208087921142578"><skipped message="Suite splitting in effect" type="pytest.skip">src/pymortests/vectorarray.py:165: Suite splitting in effect</skipped></testcase><testcase classname="src.pymortests.vectorarray" file="src/pymortests/vectorarray.py" line="165" name="test_zeros[0-&lt;lambda&gt;17]" time="0.0004322528839111328"><skipped message="Suite splitting in effect" type="pytest.skip">src/pymortests/vectorarray.py:165: Suite splitting in effect</skipped></testcase><testcase classname="src.pymortests.vectorarray" file="src/pymortests/vectorarray.py" line="165" name="test_zeros[0-&lt;lambda&gt;18]" time="0.00041675567626953125"><skipped message="Suite splitting in effect" type="pytest.skip">src/pymortests/vectorarray.py:165: Suite splitting in effect</skipped></testcase><testcase classname="src.pymortests.vectorarray" file="src/pymortests/vectorarray.py" line="165" name="test_zeros[0-&lt;lambda&gt;19]" time="0.0004646778106689453"><skipped message="Suite splitting in effect" type="pytest.skip">src/pymortests/vectorarray.py:165: Suite splitting in effect</skipped></testcase><testcase classname="src.pymortests.vectorarray" file="src/pymortests/vectorarray.py" line="165" name="test_zeros[0-&lt;lambda&gt;20]" time="0.0004229545593261719"><skipped message="Suite splitting in effect" type="pytest.skip">src/pymortests/vectorarray.py:165: Suite splitting in effect</skipped></testcase><testcase classname="src.pymortests.vectorarray" file="src/pymortests/vectorarray.py" line="165" name="test_zeros[0-&lt;lambda&gt;21]" time="0.0004227161407470703"><skipped message="Suite splitting in effect" type="pytest.skip">src/pymortests/vectorarray.py:165: Suite splitting in effect</skipped></testcase><testcase classname="src.pymortests.vectorarray" file="src/pymortests/vectorarray.py" line="165" name="test_zeros[0-&lt;lambda&gt;22]" time="0.0004448890686035156"><skipped message="Suite splitting in effect" type="pytest.skip">src/pymortests/vectorarray.py:165: Suite splitting in effect</skipped></testcase><testcase classname="src.pymortests.vectorarray" file="src/pymortests/vectorarray.py" line="165" name="test_zeros[0-&lt;lambda&gt;23]" time="0.0007517337799072266"><skipped message="Suite splitting in effect" type="pytest.skip">src/pymortests/vectorarray.py:165: Suite splitting in effect</skipped></testcase><testcase classname="src.pymortests.vectorarray" file="src/pymortests/vectorarray.py" line="165" name="test_zeros[0-&lt;lambda&gt;24]" time="0.00042891502380371094"><skipped message="Suite splitting in effect" type="pytest.skip">src/pymortests/vectorarray.py:165: Suite splitting in effect</skipped></testcase><testcase classname="src.pymortests.vectorarray" file="src/pymortests/vectorarray.py" line="165" name="test_zeros[0-&lt;lambda&gt;25]" time="0.0004191398620605469"><skipped message="Suite splitting in effect" type="pytest.skip">src/pymortests/vectorarray.py:165: Suite splitting in effect</skipped></testcase><testcase classname="src.pymortests.vectorarray" file="src/pymortests/vectorarray.py" line="165" name="test_zeros[0-&lt;lambda&gt;26]" time="0.00040721893310546875"><skipped message="Suite splitting in effect" type="pytest.skip">src/pymortests/vectorarray.py:165: Suite splitting in effect</skipped></testcase><testcase classname="src.pymortests.vectorarray" file="src/pymortests/vectorarray.py" line="165" name="test_zeros[1-&lt;lambda&gt;0]" time="0.0004227161407470703"><skipped message="Suite splitting in effect" type="pytest.skip">src/pymortests/vectorarray.py:165: Suite splitting in effect</skipped></testcase><testcase classname="src.pymortests.vectorarray" file="src/pymortests/vectorarray.py" line="165" name="test_zeros[1-&lt;lambda&gt;1]" time="0.0004367828369140625"><skipped message="Suite splitting in effect" type="pytest.skip">src/pymortests/vectorarray.py:165: Suite splitting in effect</skipped></testcase><testcase classname="src.pymortests.vectorarray" file="src/pymortests/vectorarray.py" line="165" name="test_zeros[1-&lt;lambda&gt;2]" time="0.00041937828063964844"><skipped message="Suite splitting in effect" type="pytest.skip">src/pymortests/vectorarray.py:165: Suite splitting in effect</skipped></testcase><testcase classname="src.pymortests.vectorarray" file="src/pymortests/vectorarray.py" line="165" name="test_zeros[1-&lt;lambda&gt;3]" time="0.0004355907440185547"><skipped message="Suite splitting in effect" type="pytest.skip">src/pymortests/vectorarray.py:165: Suite splitting in effect</skipped></testcase><testcase classname="src.pymortests.vectorarray" file="src/pymortests/vectorarray.py" line="165" name="test_zeros[1-&lt;lambda&gt;4]" time="0.0007407665252685547"><skipped message="Suite splitting in effect" type="pytest.skip">src/pymortests/vectorarray.py:165: Suite splitting in effect</skipped></testcase><testcase classname="src.pymortests.vectorarray" file="src/pymortests/vectorarray.py" line="165" name="test_zeros[1-&lt;lambda&gt;5]" time="0.0004239082336425781"><skipped message="Suite splitting in effect" type="pytest.skip">src/pymortests/vectorarray.py:165: Suite splitting in effect</skipped></testcase><testcase classname="src.pymortests.vectorarray" file="src/pymortests/vectorarray.py" line="165" name="test_zeros[1-&lt;lambda&gt;6]" time="0.00042128562927246094"><skipped message="Suite splitting in effect" type="pytest.skip">src/pymortests/vectorarray.py:165: Suite splitting in effect</skipped></testcase><testcase classname="src.pymortests.vectorarray" file="src/pymortests/vectorarray.py" line="165" name="test_zeros[1-&lt;lambda&gt;7]" time="0.00040793418884277344"><skipped message="Suite splitting in effect" type="pytest.skip">src/pymortests/vectorarray.py:165: Suite splitting in effect</skipped></testcase><testcase classname="src.pymortests.vectorarray" file="src/pymortests/vectorarray.py" line="165" name="test_zeros[1-&lt;lambda&gt;8]" time="0.0004603862762451172"><skipped message="Suite splitting in effect" type="pytest.skip">src/pymortests/vectorarray.py:165: Suite splitting in effect</skipped></testcase><testcase classname="src.pymortests.vectorarray" file="src/pymortests/vectorarray.py" line="165" name="test_zeros[1-&lt;lambda&gt;9]" time="0.00044727325439453125"><skipped message="Suite splitting in effect" type="pytest.skip">src/pymortests/vectorarray.py:165: Suite splitting in effect</skipped></testcase><testcase classname="src.pymortests.vectorarray" file="src/pymortests/vectorarray.py" line="165" name="test_zeros[1-&lt;lambda&gt;10]" time="0.0004286766052246094"><skipped message="Suite splitting in effect" type="pytest.skip">src/pymortests/vectorarray.py:165: Suite splitting in effect</skipped></testcase><testcase classname="src.pymortests.vectorarray" file="src/pymortests/vectorarray.py" line="165" name="test_zeros[1-&lt;lambda&gt;11]" time="0.0004184246063232422"><skipped message="Suite splitting in effect" type="pytest.skip">src/pymortests/vectorarray.py:165: Suite splitting in effect</skipped></testcase><testcase classname="src.pymortests.vectorarray" file="src/pymortests/vectorarray.py" line="165" name="test_zeros[1-&lt;lambda&gt;12]" time="0.0007207393646240234"><skipped message="Suite splitting in effect" type="pytest.skip">src/pymortests/vectorarray.py:165: Suite splitting in effect</skipped></testcase><testcase classname="src.pymortests.vectorarray" file="src/pymortests/vectorarray.py" line="165" name="test_zeros[1-&lt;lambda&gt;13]" time="0.00044727325439453125"><skipped message="Suite splitting in effect" type="pytest.skip">src/pymortests/vectorarray.py:165: Suite splitting in effect</skipped></testcase><testcase classname="src.pymortests.vectorarray" file="src/pymortests/vectorarray.py" line="165" name="test_zeros[1-&lt;lambda&gt;14]" time="0.0004055500030517578"><skipped message="Suite splitting in effect" type="pytest.skip">src/pymortests/vectorarray.py:165: Suite splitting in effect</skipped></testcase><testcase classname="src.pymortests.vectorarray" file="src/pymortests/vectorarray.py" line="165" name="test_zeros[1-&lt;lambda&gt;15]" time="0.0004394054412841797"><skipped message="Suite splitting in effect" type="pytest.skip">src/pymortests/vectorarray.py:165: Suite splitting in effect</skipped></testcase><testcase classname="src.pymortests.vectorarray" file="src/pymortests/vectorarray.py" line="165" name="test_zeros[1-&lt;lambda&gt;16]" time="0.00040650367736816406"><skipped message="Suite splitting in effect" type="pytest.skip">src/pymortests/vectorarray.py:165: Suite splitting in effect</skipped></testcase><testcase classname="src.pymortests.vectorarray" file="src/pymortests/vectorarray.py" line="165" name="test_zeros[1-&lt;lambda&gt;17]" time="0.0004210472106933594"><skipped message="Suite splitting in effect" type="pytest.skip">src/pymortests/vectorarray.py:165: Suite splitting in effect</skipped></testcase><testcase classname="src.pymortests.vectorarray" file="src/pymortests/vectorarray.py" line="165" name="test_zeros[1-&lt;lambda&gt;18]" time="0.00042247772216796875"><skipped message="Suite splitting in effect" type="pytest.skip">src/pymortests/vectorarray.py:165: Suite splitting in effect</skipped></testcase><testcase classname="src.pymortests.vectorarray" file="src/pymortests/vectorarray.py" line="165" name="test_zeros[1-&lt;lambda&gt;19]" time="0.0004267692565917969"><skipped message="Suite splitting in effect" type="pytest.skip">src/pymortests/vectorarray.py:165: Suite splitting in effect</skipped></testcase><testcase classname="src.pymortests.vectorarray" file="src/pymortests/vectorarray.py" line="165" name="test_zeros[1-&lt;lambda&gt;20]" time="0.0007183551788330078"><skipped message="Suite splitting in effect" type="pytest.skip">src/pymortests/vectorarray.py:165: Suite splitting in effect</skipped></testcase><testcase classname="src.pymortests.vectorarray" file="src/pymortests/vectorarray.py" line="165" name="test_zeros[1-&lt;lambda&gt;21]" time="0.0004391670227050781"><skipped message="Suite splitting in effect" type="pytest.skip">src/pymortests/vectorarray.py:165: Suite splitting in effect</skipped></testcase><testcase classname="src.pymortests.vectorarray" file="src/pymortests/vectorarray.py" line="165" name="test_zeros[1-&lt;lambda&gt;22]" time="0.00040793418884277344"><skipped message="Suite splitting in effect" type="pytest.skip">src/pymortests/vectorarray.py:165: Suite splitting in effect</skipped></testcase><testcase classname="src.pymortests.vectorarray" file="src/pymortests/vectorarray.py" line="165" name="test_zeros[1-&lt;lambda&gt;23]" time="0.0004611015319824219"><skipped message="Suite splitting in effect" type="pytest.skip">src/pymortests/vectorarray.py:165: Suite splitting in effect</skipped></testcase><testcase classname="src.pymortests.vectorarray" file="src/pymortests/vectorarray.py" line="165" name="test_zeros[1-&lt;lambda&gt;24]" time="0.0005204677581787109"><skipped message="Suite splitting in effect" type="pytest.skip">src/pymortests/vectorarray.py:165: Suite splitting in effect</skipped></testcase><testcase classname="src.pymortests.vectorarray" file="src/pymortests/vectorarray.py" line="165" name="test_zeros[1-&lt;lambda&gt;25]" time="0.0005233287811279297"><skipped message="Suite splitting in effect" type="pytest.skip">src/pymortests/vectorarray.py:165: Suite splitting in effect</skipped></testcase><testcase classname="src.pymortests.vectorarray" file="src/pymortests/vectorarray.py" line="165" name="test_zeros[1-&lt;lambda&gt;26]" time="0.00052642822265625"><skipped message="Suite splitting in effect" type="pytest.skip">src/pymortests/vectorarray.py:165: Suite splitting in effect</skipped></testcase><testcase classname="src.pymortests.vectorarray" file="src/pymortests/vectorarray.py" line="165" name="test_zeros[2-&lt;lambda&gt;0]" time="0.00044727325439453125"><skipped message="Suite splitting in effect" type="pytest.skip">src/pymortests/vectorarray.py:165: Suite splitting in effect</skipped></testcase><testcase classname="src.pymortests.vectorarray" file="src/pymortests/vectorarray.py" line="165" name="test_zeros[2-&lt;lambda&gt;1]" time="0.0007574558258056641"><skipped message="Suite splitting in effect" type="pytest.skip">src/pymortests/vectorarray.py:165: Suite splitting in effect</skipped></testcase><testcase classname="src.pymortests.vectorarray" file="src/pymortests/vectorarray.py" line="165" name="test_zeros[2-&lt;lambda&gt;2]" time="0.0004425048828125"><skipped message="Suite splitting in effect" type="pytest.skip">src/pymortests/vectorarray.py:165: Suite splitting in effect</skipped></testcase><testcase classname="src.pymortests.vectorarray" file="src/pymortests/vectorarray.py" line="165" name="test_zeros[2-&lt;lambda&gt;3]" time="0.000423431396484375"><skipped message="Suite splitting in effect" type="pytest.skip">src/pymortests/vectorarray.py:165: Suite splitting in effect</skipped></testcase><testcase classname="src.pymortests.vectorarray" file="src/pymortests/vectorarray.py" line="165" name="test_zeros[2-&lt;lambda&gt;4]" time="0.00042319297790527344"><skipped message="Suite splitting in effect" type="pytest.skip">src/pymortests/vectorarray.py:165: Suite splitting in effect</skipped></testcase><testcase classname="src.pymortests.vectorarray" file="src/pymortests/vectorarray.py" line="165" name="test_zeros[2-&lt;lambda&gt;5]" time="0.00041961669921875"><skipped message="Suite splitting in effect" type="pytest.skip">src/pymortests/vectorarray.py:165: Suite splitting in effect</skipped></testcase><testcase classname="src.pymortests.vectorarray" file="src/pymortests/vectorarray.py" line="165" name="test_zeros[2-&lt;lambda&gt;6]" time="0.0004227161407470703"><skipped message="Suite splitting in effect" type="pytest.skip">src/pymortests/vectorarray.py:165: Suite splitting in effect</skipped></testcase><testcase classname="src.pymortests.vectorarray" file="src/pymortests/vectorarray.py" line="165" name="test_zeros[2-&lt;lambda&gt;7]" time="0.0004715919494628906"><skipped message="Suite splitting in effect" type="pytest.skip">src/pymortests/vectorarray.py:165: Suite splitting in effect</skipped></testcase><testcase classname="src.pymortests.vectorarray" file="src/pymortests/vectorarray.py" line="165" name="test_zeros[2-&lt;lambda&gt;8]" time="0.0004343986511230469"><skipped message="Suite splitting in effect" type="pytest.skip">src/pymortests/vectorarray.py:165: Suite splitting in effect</skipped></testcase><testcase classname="src.pymortests.vectorarray" file="src/pymortests/vectorarray.py" line="165" name="test_zeros[2-&lt;lambda&gt;9]" time="0.0008323192596435547"><skipped message="Suite splitting in effect" type="pytest.skip">src/pymortests/vectorarray.py:165: Suite splitting in effect</skipped></testcase><testcase classname="src.pymortests.vectorarray" file="src/pymortests/vectorarray.py" line="165" name="test_zeros[2-&lt;lambda&gt;10]" time="0.0004057884216308594"><skipped message="Suite splitting in effect" type="pytest.skip">src/pymortests/vectorarray.py:165: Suite splitting in effect</skipped></testcase><testcase classname="src.pymortests.vectorarray" file="src/pymortests/vectorarray.py" line="165" name="test_zeros[2-&lt;lambda&gt;11]" time="0.0004317760467529297"><skipped message="Suite splitting in effect" type="pytest.skip">src/pymortests/vectorarray.py:165: Suite splitting in effect</skipped></testcase><testcase classname="src.pymortests.vectorarray" file="src/pymortests/vectorarray.py" line="165" name="test_zeros[2-&lt;lambda&gt;12]" time="0.0004265308380126953"><skipped message="Suite splitting in effect" type="pytest.skip">src/pymortests/vectorarray.py:165: Suite splitting in effect</skipped></testcase><testcase classname="src.pymortests.vectorarray" file="src/pymortests/vectorarray.py" line="165" name="test_zeros[2-&lt;lambda&gt;13]" time="0.0004220008850097656"><skipped message="Suite splitting in effect" type="pytest.skip">src/pymortests/vectorarray.py:165: Suite splitting in effect</skipped></testcase><testcase classname="src.pymortests.vectorarray" file="src/pymortests/vectorarray.py" line="165" name="test_zeros[2-&lt;lambda&gt;14]" time="0.0004229545593261719"><skipped message="Suite splitting in effect" type="pytest.skip">src/pymortests/vectorarray.py:165: Suite splitting in effect</skipped></testcase><testcase classname="src.pymortests.vectorarray" file="src/pymortests/vectorarray.py" line="165" name="test_zeros[2-&lt;lambda&gt;15]" time="0.00040459632873535156"><skipped message="Suite splitting in effect" type="pytest.skip">src/pymortests/vectorarray.py:165: Suite splitting in effect</skipped></testcase><testcase classname="src.pymortests.vectorarray" file="src/pymortests/vectorarray.py" line="165" name="test_zeros[2-&lt;lambda&gt;16]" time="0.0004248619079589844"><skipped message="Suite splitting in effect" type="pytest.skip">src/pymortests/vectorarray.py:165: Suite splitting in effect</skipped></testcase><testcase classname="src.pymortests.vectorarray" file="src/pymortests/vectorarray.py" line="165" name="test_zeros[2-&lt;lambda&gt;17]" time="0.0009591579437255859"><skipped message="Suite splitting in effect" type="pytest.skip">src/pymortests/vectorarray.py:165: Suite splitting in effect</skipped></testcase><testcase classname="src.pymortests.vectorarray" file="src/pymortests/vectorarray.py" line="165" name="test_zeros[2-&lt;lambda&gt;18]" time="0.00042724609375"><skipped message="Suite splitting in effect" type="pytest.skip">src/pymortests/vectorarray.py:165: Suite splitting in effect</skipped></testcase><testcase classname="src.pymortests.vectorarray" file="src/pymortests/vectorarray.py" line="165" name="test_zeros[2-&lt;lambda&gt;19]" time="0.0004189014434814453"><skipped message="Suite splitting in effect" type="pytest.skip">src/pymortests/vectorarray.py:165: Suite splitting in effect</skipped></testcase><testcase classname="src.pymortests.vectorarray" file="src/pymortests/vectorarray.py" line="165" name="test_zeros[2-&lt;lambda&gt;20]" time="0.00045037269592285156"><skipped message="Suite splitting in effect" type="pytest.skip">src/pymortests/vectorarray.py:165: Suite splitting in effect</skipped></testcase><testcase classname="src.pymortests.vectorarray" file="src/pymortests/vectorarray.py" line="165" name="test_zeros[2-&lt;lambda&gt;21]" time="0.0004239082336425781"><skipped message="Suite splitting in effect" type="pytest.skip">src/pymortests/vectorarray.py:165: Suite splitting in effect</skipped></testcase><testcase classname="src.pymortests.vectorarray" file="src/pymortests/vectorarray.py" line="165" name="test_zeros[2-&lt;lambda&gt;22]" time="0.00045561790466308594"><skipped message="Suite splitting in effect" type="pytest.skip">src/pymortests/vectorarray.py:165: Suite splitting in effect</skipped></testcase><testcase classname="src.pymortests.vectorarray" file="src/pymortests/vectorarray.py" line="165" name="test_zeros[2-&lt;lambda&gt;23]" time="0.0004372596740722656"><skipped message="Suite splitting in effect" type="pytest.skip">src/pymortests/vectorarray.py:165: Suite splitting in effect</skipped></testcase><testcase classname="src.pymortests.vectorarray" file="src/pymortests/vectorarray.py" line="165" name="test_zeros[2-&lt;lambda&gt;24]" time="0.00040721893310546875"><skipped message="Suite splitting in effect" type="pytest.skip">src/pymortests/vectorarray.py:165: Suite splitting in effect</skipped></testcase><testcase classname="src.pymortests.vectorarray" file="src/pymortests/vectorarray.py" line="165" name="test_zeros[2-&lt;lambda&gt;25]" time="0.0007238388061523438"><skipped message="Suite splitting in effect" type="pytest.skip">src/pymortests/vectorarray.py:165: Suite splitting in effect</skipped></testcase><testcase classname="src.pymortests.vectorarray" file="src/pymortests/vectorarray.py" line="165" name="test_zeros[2-&lt;lambda&gt;26]" time="0.0004181861877441406"><skipped message="Suite splitting in effect" type="pytest.skip">src/pymortests/vectorarray.py:165: Suite splitting in effect</skipped></testcase><testcase classname="src.pymortests.vectorarray" file="src/pymortests/vectorarray.py" line="182" name="test_from_numpy[0-&lt;lambda&gt;0]" time="0.0004210472106933594"><skipped message="Suite splitting in effect" type="pytest.skip">src/pymortests/vectorarray.py:182: Suite splitting in effect</skipped></testcase><testcase classname="src.pymortests.vectorarray" file="src/pymortests/vectorarray.py" line="182" name="test_from_numpy[0-&lt;lambda&gt;1]" time="0.0004544258117675781"><skipped message="Suite splitting in effect" type="pytest.skip">src/pymortests/vectorarray.py:182: Suite splitting in effect</skipped></testcase><testcase classname="src.pymortests.vectorarray" file="src/pymortests/vectorarray.py" line="182" name="test_from_numpy[0-&lt;lambda&gt;2]" time="0.00042438507080078125"><skipped message="Suite splitting in effect" type="pytest.skip">src/pymortests/vectorarray.py:182: Suite splitting in effect</skipped></testcase><testcase classname="src.pymortests.vectorarray" file="src/pymortests/vectorarray.py" line="182" name="test_from_numpy[0-&lt;lambda&gt;3]" time="0.00041794776916503906"><skipped message="Suite splitting in effect" type="pytest.skip">src/pymortests/vectorarray.py:182: Suite splitting in effect</skipped></testcase><testcase classname="src.pymortests.vectorarray" file="src/pymortests/vectorarray.py" line="182" name="test_from_numpy[0-&lt;lambda&gt;4]" time="0.00043082237243652344"><skipped message="Suite splitting in effect" type="pytest.skip">src/pymortests/vectorarray.py:182: Suite splitting in effect</skipped></testcase><testcase classname="src.pymortests.vectorarray" file="src/pymortests/vectorarray.py" line="182" name="test_from_numpy[0-&lt;lambda&gt;5]" time="0.0004191398620605469"><skipped message="Suite splitting in effect" type="pytest.skip">src/pymortests/vectorarray.py:182: Suite splitting in effect</skipped></testcase><testcase classname="src.pymortests.vectorarray" file="src/pymortests/vectorarray.py" line="182" name="test_from_numpy[0-&lt;lambda&gt;6]" time="0.0007069110870361328"><skipped message="Suite splitting in effect" type="pytest.skip">src/pymortests/vectorarray.py:182: Suite splitting in effect</skipped></testcase><testcase classname="src.pymortests.vectorarray" file="src/pymortests/vectorarray.py" line="182" name="test_from_numpy[0-&lt;lambda&gt;7]" time="0.00043582916259765625"><skipped message="Suite splitting in effect" type="pytest.skip">src/pymortests/vectorarray.py:182: Suite splitting in effect</skipped></testcase><testcase classname="src.pymortests.vectorarray" file="src/pymortests/vectorarray.py" line="182" name="test_from_numpy[0-&lt;lambda&gt;8]" time="0.00041985511779785156"><skipped message="Suite splitting in effect" type="pytest.skip">src/pymortests/vectorarray.py:182: Suite splitting in effect</skipped></testcase><testcase classname="src.pymortests.vectorarray" file="src/pymortests/vectorarray.py" line="182" name="test_from_numpy[0-&lt;lambda&gt;9]" time="0.00041961669921875"><skipped message="Suite splitting in effect" type="pytest.skip">src/pymortests/vectorarray.py:182: Suite splitting in effect</skipped></testcase><testcase classname="src.pymortests.vectorarray" file="src/pymortests/vectorarray.py" line="182" name="test_from_numpy[0-&lt;lambda&gt;10]" time="0.00042319297790527344"><skipped message="Suite splitting in effect" type="pytest.skip">src/pymortests/vectorarray.py:182: Suite splitting in effect</skipped></testcase><testcase classname="src.pymortests.vectorarray" file="src/pymortests/vectorarray.py" line="182" name="test_from_numpy[0-&lt;lambda&gt;11]" time="0.0004372596740722656"><skipped message="Suite splitting in effect" type="pytest.skip">src/pymortests/vectorarray.py:182: Suite splitting in effect</skipped></testcase><testcase classname="src.pymortests.vectorarray" file="src/pymortests/vectorarray.py" line="182" name="test_from_numpy[0-&lt;lambda&gt;12]" time="0.00042629241943359375"><skipped message="Suite splitting in effect" type="pytest.skip">src/pymortests/vectorarray.py:182: Suite splitting in effect</skipped></testcase><testcase classname="src.pymortests.vectorarray" file="src/pymortests/vectorarray.py" line="182" name="test_from_numpy[0-&lt;lambda&gt;13]" time="0.00042057037353515625"><skipped message="Suite splitting in effect" type="pytest.skip">src/pymortests/vectorarray.py:182: Suite splitting in effect</skipped></testcase><testcase classname="src.pymortests.vectorarray" file="src/pymortests/vectorarray.py" line="182" name="test_from_numpy[0-&lt;lambda&gt;14]" time="0.0007951259613037109"><skipped message="Suite splitting in effect" type="pytest.skip">src/pymortests/vectorarray.py:182: Suite splitting in effect</skipped></testcase><testcase classname="src.pymortests.vectorarray" file="src/pymortests/vectorarray.py" line="182" name="test_from_numpy[0-&lt;lambda&gt;15]" time="0.0004229545593261719"><skipped message="Suite splitting in effect" type="pytest.skip">src/pymortests/vectorarray.py:182: Suite splitting in effect</skipped></testcase><testcase classname="src.pymortests.vectorarray" file="src/pymortests/vectorarray.py" line="182" name="test_from_numpy[0-&lt;lambda&gt;16]" time="0.0004303455352783203"><skipped message="Suite splitting in effect" type="pytest.skip">src/pymortests/vectorarray.py:182: Suite splitting in effect</skipped></testcase><testcase classname="src.pymortests.vectorarray" file="src/pymortests/vectorarray.py" line="182" name="test_from_numpy[0-&lt;lambda&gt;17]" time="0.0004334449768066406"><skipped message="Suite splitting in effect" type="pytest.skip">src/pymortests/vectorarray.py:182: Suite splitting in effect</skipped></testcase><testcase classname="src.pymortests.vectorarray" file="src/pymortests/vectorarray.py" line="182" name="test_from_numpy[0-&lt;lambda&gt;18]" time="0.0004076957702636719"><skipped message="Suite splitting in effect" type="pytest.skip">src/pymortests/vectorarray.py:182: Suite splitting in effect</skipped></testcase><testcase classname="src.pymortests.vectorarray" file="src/pymortests/vectorarray.py" line="182" name="test_from_numpy[0-&lt;lambda&gt;19]" time="0.0004189014434814453"><skipped message="Suite splitting in effect" type="pytest.skip">src/pymortests/vectorarray.py:182: Suite splitting in effect</skipped></testcase><testcase classname="src.pymortests.vectorarray" file="src/pymortests/vectorarray.py" line="182" name="test_from_numpy[0-&lt;lambda&gt;20]" time="0.00041174888610839844"><skipped message="Suite splitting in effect" type="pytest.skip">src/pymortests/vectorarray.py:182: Suite splitting in effect</skipped></testcase><testcase classname="src.pymortests.vectorarray" file="src/pymortests/vectorarray.py" line="182" name="test_from_numpy[0-&lt;lambda&gt;21]" time="0.0004153251647949219"><skipped message="Suite splitting in effect" type="pytest.skip">src/pymortests/vectorarray.py:182: Suite splitting in effect</skipped></testcase><testcase classname="src.pymortests.vectorarray" file="src/pymortests/vectorarray.py" line="182" name="test_from_numpy[0-&lt;lambda&gt;22]" time="0.0007355213165283203"><skipped message="Suite splitting in effect" type="pytest.skip">src/pymortests/vectorarray.py:182: Suite splitting in effect</skipped></testcase><testcase classname="src.pymortests.vectorarray" file="src/pymortests/vectorarray.py" line="182" name="test_from_numpy[0-&lt;lambda&gt;23]" time="0.00041294097900390625"><skipped message="Suite splitting in effect" type="pytest.skip">src/pymortests/vectorarray.py:182: Suite splitting in effect</skipped></testcase><testcase classname="src.pymortests.vectorarray" file="src/pymortests/vectorarray.py" line="182" name="test_from_numpy[0-&lt;lambda&gt;24]" time="0.00044083595275878906"><skipped message="Suite splitting in effect" type="pytest.skip">src/pymortests/vectorarray.py:182: Suite splitting in effect</skipped></testcase><testcase classname="src.pymortests.vectorarray" file="src/pymortests/vectorarray.py" line="182" name="test_from_numpy[0-&lt;lambda&gt;25]" time="0.00042176246643066406"><skipped message="Suite splitting in effect" type="pytest.skip">src/pymortests/vectorarray.py:182: Suite splitting in effect</skipped></testcase><testcase classname="src.pymortests.vectorarray" file="src/pymortests/vectorarray.py" line="182" name="test_from_numpy[0-&lt;lambda&gt;26]" time="0.0004520416259765625"><skipped message="Suite splitting in effect" type="pytest.skip">src/pymortests/vectorarray.py:182: Suite splitting in effect</skipped></testcase><testcase classname="src.pymortests.vectorarray" file="src/pymortests/vectorarray.py" line="182" name="test_from_numpy[1-&lt;lambda&gt;0]" time="0.0004169940948486328"><skipped message="Suite splitting in effect" type="pytest.skip">src/pymortests/vectorarray.py:182: Suite splitting in effect</skipped></testcase><testcase classname="src.pymortests.vectorarray" file="src/pymortests/vectorarray.py" line="182" name="test_from_numpy[1-&lt;lambda&gt;1]" time="0.00041961669921875"><skipped message="Suite splitting in effect" type="pytest.skip">src/pymortests/vectorarray.py:182: Suite splitting in effect</skipped></testcase><testcase classname="src.pymortests.vectorarray" file="src/pymortests/vectorarray.py" line="182" name="test_from_numpy[1-&lt;lambda&gt;2]" time="0.00042724609375"><skipped message="Suite splitting in effect" type="pytest.skip">src/pymortests/vectorarray.py:182: Suite splitting in effect</skipped></testcase><testcase classname="src.pymortests.vectorarray" file="src/pymortests/vectorarray.py" line="182" name="test_from_numpy[1-&lt;lambda&gt;3]" time="0.0007088184356689453"><skipped message="Suite splitting in effect" type="pytest.skip">src/pymortests/vectorarray.py:182: Suite splitting in effect</skipped></testcase><testcase classname="src.pymortests.vectorarray" file="src/pymortests/vectorarray.py" line="182" name="test_from_numpy[1-&lt;lambda&gt;4]" time="0.00041484832763671875"><skipped message="Suite splitting in effect" type="pytest.skip">src/pymortests/vectorarray.py:182: Suite splitting in effect</skipped></testcase><testcase classname="src.pymortests.vectorarray" file="src/pymortests/vectorarray.py" line="182" name="test_from_numpy[1-&lt;lambda&gt;5]" time="0.0004191398620605469"><skipped message="Suite splitting in effect" type="pytest.skip">src/pymortests/vectorarray.py:182: Suite splitting in effect</skipped></testcase><testcase classname="src.pymortests.vectorarray" file="src/pymortests/vectorarray.py" line="182" name="test_from_numpy[1-&lt;lambda&gt;6]" time="0.0004470348358154297"><skipped message="Suite splitting in effect" type="pytest.skip">src/pymortests/vectorarray.py:182: Suite splitting in effect</skipped></testcase><testcase classname="src.pymortests.vectorarray" file="src/pymortests/vectorarray.py" line="182" name="test_from_numpy[1-&lt;lambda&gt;7]" time="0.00042319297790527344"><skipped message="Suite splitting in effect" type="pytest.skip">src/pymortests/vectorarray.py:182: Suite splitting in effect</skipped></testcase><testcase classname="src.pymortests.vectorarray" file="src/pymortests/vectorarray.py" line="182" name="test_from_numpy[1-&lt;lambda&gt;8]" time="0.0004298686981201172"><skipped message="Suite splitting in effect" type="pytest.skip">src/pymortests/vectorarray.py:182: Suite splitting in effect</skipped></testcase><testcase classname="src.pymortests.vectorarray" file="src/pymortests/vectorarray.py" line="182" name="test_from_numpy[1-&lt;lambda&gt;9]" time="0.00044989585876464844"><skipped message="Suite splitting in effect" type="pytest.skip">src/pymortests/vectorarray.py:182: Suite splitting in effect</skipped></testcase><testcase classname="src.pymortests.vectorarray" file="src/pymortests/vectorarray.py" line="182" name="test_from_numpy[1-&lt;lambda&gt;10]" time="0.00043010711669921875"><skipped message="Suite splitting in effect" type="pytest.skip">src/pymortests/vectorarray.py:182: Suite splitting in effect</skipped></testcase><testcase classname="src.pymortests.vectorarray" file="src/pymortests/vectorarray.py" line="182" name="test_from_numpy[1-&lt;lambda&gt;11]" time="0.0007054805755615234"><skipped message="Suite splitting in effect" type="pytest.skip">src/pymortests/vectorarray.py:182: Suite splitting in effect</skipped></testcase><testcase classname="src.pymortests.vectorarray" file="src/pymortests/vectorarray.py" line="182" name="test_from_numpy[1-&lt;lambda&gt;12]" time="0.0004172325134277344"><skipped message="Suite splitting in effect" type="pytest.skip">src/pymortests/vectorarray.py:182: Suite splitting in effect</skipped></testcase><testcase classname="src.pymortests.vectorarray" file="src/pymortests/vectorarray.py" line="182" name="test_from_numpy[1-&lt;lambda&gt;13]" time="0.00043964385986328125"><skipped message="Suite splitting in effect" type="pytest.skip">src/pymortests/vectorarray.py:182: Suite splitting in effect</skipped></testcase><testcase classname="src.pymortests.vectorarray" file="src/pymortests/vectorarray.py" line="182" name="test_from_numpy[1-&lt;lambda&gt;14]" time="0.0005929470062255859"><skipped message="Suite splitting in effect" type="pytest.skip">src/pymortests/vectorarray.py:182: Suite splitting in effect</skipped></testcase><testcase classname="src.pymortests.vectorarray" file="src/pymortests/vectorarray.py" line="182" name="test_from_numpy[1-&lt;lambda&gt;15]" time="0.0004363059997558594"><skipped message="Suite splitting in effect" type="pytest.skip">src/pymortests/vectorarray.py:182: Suite splitting in effect</skipped></testcase><testcase classname="src.pymortests.vectorarray" file="src/pymortests/vectorarray.py" line="182" name="test_from_numpy[1-&lt;lambda&gt;16]" time="0.0004928112030029297"><skipped message="Suite splitting in effect" type="pytest.skip">src/pymortests/vectorarray.py:182: Suite splitting in effect</skipped></testcase><testcase classname="src.pymortests.vectorarray" file="src/pymortests/vectorarray.py" line="182" name="test_from_numpy[1-&lt;lambda&gt;17]" time="0.00044083595275878906"><skipped message="Suite splitting in effect" type="pytest.skip">src/pymortests/vectorarray.py:182: Suite splitting in effect</skipped></testcase><testcase classname="src.pymortests.vectorarray" file="src/pymortests/vectorarray.py" line="182" name="test_from_numpy[1-&lt;lambda&gt;18]" time="0.0004336833953857422"><skipped message="Suite splitting in effect" type="pytest.skip">src/pymortests/vectorarray.py:182: Suite splitting in effect</skipped></testcase><testcase classname="src.pymortests.vectorarray" file="src/pymortests/vectorarray.py" line="182" name="test_from_numpy[1-&lt;lambda&gt;19]" time="0.0008997917175292969"><skipped message="Suite splitting in effect" type="pytest.skip">src/pymortests/vectorarray.py:182: Suite splitting in effect</skipped></testcase><testcase classname="src.pymortests.vectorarray" file="src/pymortests/vectorarray.py" line="182" name="test_from_numpy[1-&lt;lambda&gt;20]" time="0.0004220008850097656"><skipped message="Suite splitting in effect" type="pytest.skip">src/pymortests/vectorarray.py:182: Suite splitting in effect</skipped></testcase><testcase classname="src.pymortests.vectorarray" file="src/pymortests/vectorarray.py" line="182" name="test_from_numpy[1-&lt;lambda&gt;21]" time="0.0004336833953857422"><skipped message="Suite splitting in effect" type="pytest.skip">src/pymortests/vectorarray.py:182: Suite splitting in effect</skipped></testcase><testcase classname="src.pymortests.vectorarray" file="src/pymortests/vectorarray.py" line="182" name="test_from_numpy[1-&lt;lambda&gt;22]" time="0.0004451274871826172"><skipped message="Suite splitting in effect" type="pytest.skip">src/pymortests/vectorarray.py:182: Suite splitting in effect</skipped></testcase><testcase classname="src.pymortests.vectorarray" file="src/pymortests/vectorarray.py" line="182" name="test_from_numpy[1-&lt;lambda&gt;23]" time="0.0004444122314453125"><skipped message="Suite splitting in effect" type="pytest.skip">src/pymortests/vectorarray.py:182: Suite splitting in effect</skipped></testcase><testcase classname="src.pymortests.vectorarray" file="src/pymortests/vectorarray.py" line="182" name="test_from_numpy[1-&lt;lambda&gt;24]" time="0.00044608116149902344"><skipped message="Suite splitting in effect" type="pytest.skip">src/pymortests/vectorarray.py:182: Suite splitting in effect</skipped></testcase><testcase classname="src.pymortests.vectorarray" file="src/pymortests/vectorarray.py" line="182" name="test_from_numpy[1-&lt;lambda&gt;25]" time="0.000408172607421875"><skipped message="Suite splitting in effect" type="pytest.skip">src/pymortests/vectorarray.py:182: Suite splitting in effect</skipped></testcase><testcase classname="src.pymortests.vectorarray" file="src/pymortests/vectorarray.py" line="182" name="test_from_numpy[1-&lt;lambda&gt;26]" time="0.0004451274871826172"><skipped message="Suite splitting in effect" type="pytest.skip">src/pymortests/vectorarray.py:182: Suite splitting in effect</skipped></testcase><testcase classname="src.pymortests.vectorarray" file="src/pymortests/vectorarray.py" line="182" name="test_from_numpy[2-&lt;lambda&gt;0]" time="0.0007352828979492188"><skipped message="Suite splitting in effect" type="pytest.skip">src/pymortests/vectorarray.py:182: Suite splitting in effect</skipped></testcase><testcase classname="src.pymortests.vectorarray" file="src/pymortests/vectorarray.py" line="182" name="test_from_numpy[2-&lt;lambda&gt;1]" time="0.00042128562927246094"><skipped message="Suite splitting in effect" type="pytest.skip">src/pymortests/vectorarray.py:182: Suite splitting in effect</skipped></testcase><testcase classname="src.pymortests.vectorarray" file="src/pymortests/vectorarray.py" line="182" name="test_from_numpy[2-&lt;lambda&gt;2]" time="0.0004341602325439453"><skipped message="Suite splitting in effect" type="pytest.skip">src/pymortests/vectorarray.py:182: Suite splitting in effect</skipped></testcase><testcase classname="src.pymortests.vectorarray" file="src/pymortests/vectorarray.py" line="182" name="test_from_numpy[2-&lt;lambda&gt;3]" time="0.00041747093200683594"><skipped message="Suite splitting in effect" type="pytest.skip">src/pymortests/vectorarray.py:182: Suite splitting in effect</skipped></testcase><testcase classname="src.pymortests.vectorarray" file="src/pymortests/vectorarray.py" line="182" name="test_from_numpy[2-&lt;lambda&gt;4]" time="0.0004343986511230469"><skipped message="Suite splitting in effect" type="pytest.skip">src/pymortests/vectorarray.py:182: Suite splitting in effect</skipped></testcase><testcase classname="src.pymortests.vectorarray" file="src/pymortests/vectorarray.py" line="182" name="test_from_numpy[2-&lt;lambda&gt;5]" time="0.00044417381286621094"><skipped message="Suite splitting in effect" type="pytest.skip">src/pymortests/vectorarray.py:182: Suite splitting in effect</skipped></testcase><testcase classname="src.pymortests.vectorarray" file="src/pymortests/vectorarray.py" line="182" name="test_from_numpy[2-&lt;lambda&gt;6]" time="0.00044035911560058594"><skipped message="Suite splitting in effect" type="pytest.skip">src/pymortests/vectorarray.py:182: Suite splitting in effect</skipped></testcase><testcase classname="src.pymortests.vectorarray" file="src/pymortests/vectorarray.py" line="182" name="test_from_numpy[2-&lt;lambda&gt;7]" time="0.0004394054412841797"><skipped message="Suite splitting in effect" type="pytest.skip">src/pymortests/vectorarray.py:182: Suite splitting in effect</skipped></testcase><testcase classname="src.pymortests.vectorarray" file="src/pymortests/vectorarray.py" line="182" name="test_from_numpy[2-&lt;lambda&gt;8]" time="0.0007371902465820312"><skipped message="Suite splitting in effect" type="pytest.skip">src/pymortests/vectorarray.py:182: Suite splitting in effect</skipped></testcase><testcase classname="src.pymortests.vectorarray" file="src/pymortests/vectorarray.py" line="182" name="test_from_numpy[2-&lt;lambda&gt;9]" time="0.00041866302490234375"><skipped message="Suite splitting in effect" type="pytest.skip">src/pymortests/vectorarray.py:182: Suite splitting in effect</skipped></testcase><testcase classname="src.pymortests.vectorarray" file="src/pymortests/vectorarray.py" line="182" name="test_from_numpy[2-&lt;lambda&gt;10]" time="0.0004229545593261719"><skipped message="Suite splitting in effect" type="pytest.skip">src/pymortests/vectorarray.py:182: Suite splitting in effect</skipped></testcase><testcase classname="src.pymortests.vectorarray" file="src/pymortests/vectorarray.py" line="182" name="test_from_numpy[2-&lt;lambda&gt;11]" time="0.00041961669921875"><skipped message="Suite splitting in effect" type="pytest.skip">src/pymortests/vectorarray.py:182: Suite splitting in effect</skipped></testcase><testcase classname="src.pymortests.vectorarray" file="src/pymortests/vectorarray.py" line="182" name="test_from_numpy[2-&lt;lambda&gt;12]" time="0.0004215240478515625"><skipped message="Suite splitting in effect" type="pytest.skip">src/pymortests/vectorarray.py:182: Suite splitting in effect</skipped></testcase><testcase classname="src.pymortests.vectorarray" file="src/pymortests/vectorarray.py" line="182" name="test_from_numpy[2-&lt;lambda&gt;13]" time="0.0004227161407470703"><skipped message="Suite splitting in effect" type="pytest.skip">src/pymortests/vectorarray.py:182: Suite splitting in effect</skipped></testcase><testcase classname="src.pymortests.vectorarray" file="src/pymortests/vectorarray.py" line="182" name="test_from_numpy[2-&lt;lambda&gt;14]" time="0.00043010711669921875"><skipped message="Suite splitting in effect" type="pytest.skip">src/pymortests/vectorarray.py:182: Suite splitting in effect</skipped></testcase><testcase classname="src.pymortests.vectorarray" file="src/pymortests/vectorarray.py" line="182" name="test_from_numpy[2-&lt;lambda&gt;15]" time="0.0004286766052246094"><skipped message="Suite splitting in effect" type="pytest.skip">src/pymortests/vectorarray.py:182: Suite splitting in effect</skipped></testcase><testcase classname="src.pymortests.vectorarray" file="src/pymortests/vectorarray.py" line="182" name="test_from_numpy[2-&lt;lambda&gt;16]" time="0.0007343292236328125"><skipped message="Suite splitting in effect" type="pytest.skip">src/pymortests/vectorarray.py:182: Suite splitting in effect</skipped></testcase><testcase classname="src.pymortests.vectorarray" file="src/pymortests/vectorarray.py" line="182" name="test_from_numpy[2-&lt;lambda&gt;17]" time="0.0004177093505859375"><skipped message="Suite splitting in effect" type="pytest.skip">src/pymortests/vectorarray.py:182: Suite splitting in effect</skipped></testcase><testcase classname="src.pymortests.vectorarray" file="src/pymortests/vectorarray.py" line="182" name="test_from_numpy[2-&lt;lambda&gt;18]" time="0.0004470348358154297"><skipped message="Suite splitting in effect" type="pytest.skip">src/pymortests/vectorarray.py:182: Suite splitting in effect</skipped></testcase><testcase classname="src.pymortests.vectorarray" file="src/pymortests/vectorarray.py" line="182" name="test_from_numpy[2-&lt;lambda&gt;19]" time="0.0004220008850097656"><skipped message="Suite splitting in effect" type="pytest.skip">src/pymortests/vectorarray.py:182: Suite splitting in effect</skipped></testcase><testcase classname="src.pymortests.vectorarray" file="src/pymortests/vectorarray.py" line="182" name="test_from_numpy[2-&lt;lambda&gt;20]" time="0.00042700767517089844"><skipped message="Suite splitting in effect" type="pytest.skip">src/pymortests/vectorarray.py:182: Suite splitting in effect</skipped></testcase><testcase classname="src.pymortests.vectorarray" file="src/pymortests/vectorarray.py" line="182" name="test_from_numpy[2-&lt;lambda&gt;21]" time="0.0004107952117919922"><skipped message="Suite splitting in effect" type="pytest.skip">src/pymortests/vectorarray.py:182: Suite splitting in effect</skipped></testcase><testcase classname="src.pymortests.vectorarray" file="src/pymortests/vectorarray.py" line="182" name="test_from_numpy[2-&lt;lambda&gt;22]" time="0.00041747093200683594"><skipped message="Suite splitting in effect" type="pytest.skip">src/pymortests/vectorarray.py:182: Suite splitting in effect</skipped></testcase><testcase classname="src.pymortests.vectorarray" file="src/pymortests/vectorarray.py" line="182" name="test_from_numpy[2-&lt;lambda&gt;23]" time="0.0004410743713378906"><skipped message="Suite splitting in effect" type="pytest.skip">src/pymortests/vectorarray.py:182: Suite splitting in effect</skipped></testcase><testcase classname="src.pymortests.vectorarray" file="src/pymortests/vectorarray.py" line="182" name="test_from_numpy[2-&lt;lambda&gt;24]" time="0.0007157325744628906"><skipped message="Suite splitting in effect" type="pytest.skip">src/pymortests/vectorarray.py:182: Suite splitting in effect</skipped></testcase><testcase classname="src.pymortests.vectorarray" file="src/pymortests/vectorarray.py" line="182" name="test_from_numpy[2-&lt;lambda&gt;25]" time="0.000423431396484375"><skipped message="Suite splitting in effect" type="pytest.skip">src/pymortests/vectorarray.py:182: Suite splitting in effect</skipped></testcase><testcase classname="src.pymortests.vectorarray" file="src/pymortests/vectorarray.py" line="182" name="test_from_numpy[2-&lt;lambda&gt;26]" time="0.0004439353942871094"><skipped message="Suite splitting in effect" type="pytest.skip">src/pymortests/vectorarray.py:182: Suite splitting in effect</skipped></testcase><testcase classname="src.pymortests.vectorarray" file="src/pymortests/vectorarray.py" line="194" name="test_shape[0-&lt;lambda&gt;0]" time="0.0004172325134277344"><skipped message="Suite splitting in effect" type="pytest.skip">src/pymortests/vectorarray.py:194: Suite splitting in effect</skipped></testcase><testcase classname="src.pymortests.vectorarray" file="src/pymortests/vectorarray.py" line="194" name="test_shape[0-&lt;lambda&gt;1]" time="0.00044035911560058594"><skipped message="Suite splitting in effect" type="pytest.skip">src/pymortests/vectorarray.py:194: Suite splitting in effect</skipped></testcase><testcase classname="src.pymortests.vectorarray" file="src/pymortests/vectorarray.py" line="194" name="test_shape[0-&lt;lambda&gt;2]" time="0.00041937828063964844"><skipped message="Suite splitting in effect" type="pytest.skip">src/pymortests/vectorarray.py:194: Suite splitting in effect</skipped></testcase><testcase classname="src.pymortests.vectorarray" file="src/pymortests/vectorarray.py" line="194" name="test_shape[0-&lt;lambda&gt;3]" time="0.0004410743713378906"><skipped message="Suite splitting in effect" type="pytest.skip">src/pymortests/vectorarray.py:194: Suite splitting in effect</skipped></testcase><testcase classname="src.pymortests.vectorarray" file="src/pymortests/vectorarray.py" line="194" name="test_shape[0-&lt;lambda&gt;4]" time="0.00042319297790527344"><skipped message="Suite splitting in effect" type="pytest.skip">src/pymortests/vectorarray.py:194: Suite splitting in effect</skipped></testcase><testcase classname="src.pymortests.vectorarray" file="src/pymortests/vectorarray.py" line="194" name="test_shape[0-&lt;lambda&gt;5]" time="0.0010762214660644531"><skipped message="Suite splitting in effect" type="pytest.skip">src/pymortests/vectorarray.py:194: Suite splitting in effect</skipped></testcase><testcase classname="src.pymortests.vectorarray" file="src/pymortests/vectorarray.py" line="194" name="test_shape[0-&lt;lambda&gt;6]" time="0.0005419254302978516"><skipped message="Suite splitting in effect" type="pytest.skip">src/pymortests/vectorarray.py:194: Suite splitting in effect</skipped></testcase><testcase classname="src.pymortests.vectorarray" file="src/pymortests/vectorarray.py" line="194" name="test_shape[0-&lt;lambda&gt;7]" time="0.0005273818969726562"><skipped message="Suite splitting in effect" type="pytest.skip">src/pymortests/vectorarray.py:194: Suite splitting in effect</skipped></testcase><testcase classname="src.pymortests.vectorarray" file="src/pymortests/vectorarray.py" line="194" name="test_shape[0-&lt;lambda&gt;8]" time="0.000514984130859375"><skipped message="Suite splitting in effect" type="pytest.skip">src/pymortests/vectorarray.py:194: Suite splitting in effect</skipped></testcase><testcase classname="src.pymortests.vectorarray" file="src/pymortests/vectorarray.py" line="194" name="test_shape[0-&lt;lambda&gt;9]" time="0.00043392181396484375"><skipped message="Suite splitting in effect" type="pytest.skip">src/pymortests/vectorarray.py:194: Suite splitting in effect</skipped></testcase><testcase classname="src.pymortests.vectorarray" file="src/pymortests/vectorarray.py" line="194" name="test_shape[0-&lt;lambda&gt;10]" time="0.00045299530029296875"><skipped message="Suite splitting in effect" type="pytest.skip">src/pymortests/vectorarray.py:194: Suite splitting in effect</skipped></testcase><testcase classname="src.pymortests.vectorarray" file="src/pymortests/vectorarray.py" line="194" name="test_shape[0-&lt;lambda&gt;11]" time="0.0004642009735107422"><skipped message="Suite splitting in effect" type="pytest.skip">src/pymortests/vectorarray.py:194: Suite splitting in effect</skipped></testcase><testcase classname="src.pymortests.vectorarray" file="src/pymortests/vectorarray.py" line="194" name="test_shape[0-&lt;lambda&gt;12]" time="0.00044417381286621094"><skipped message="Suite splitting in effect" type="pytest.skip">src/pymortests/vectorarray.py:194: Suite splitting in effect</skipped></testcase><testcase classname="src.pymortests.vectorarray" file="src/pymortests/vectorarray.py" line="194" name="test_shape[0-&lt;lambda&gt;13]" time="0.0007593631744384766"><skipped message="Suite splitting in effect" type="pytest.skip">src/pymortests/vectorarray.py:194: Suite splitting in effect</skipped></testcase><testcase classname="src.pymortests.vectorarray" file="src/pymortests/vectorarray.py" line="194" name="test_shape[0-&lt;lambda&gt;14]" time="0.0005161762237548828"><skipped message="Suite splitting in effect" type="pytest.skip">src/pymortests/vectorarray.py:194: Suite splitting in effect</skipped></testcase><testcase classname="src.pymortests.vectorarray" file="src/pymortests/vectorarray.py" line="194" name="test_shape[0-&lt;lambda&gt;15]" time="0.0004589557647705078"><skipped message="Suite splitting in effect" type="pytest.skip">src/pymortests/vectorarray.py:194: Suite splitting in effect</skipped></testcase><testcase classname="src.pymortests.vectorarray" file="src/pymortests/vectorarray.py" line="194" name="test_shape[0-&lt;lambda&gt;16]" time="0.0004863739013671875"><skipped message="Suite splitting in effect" type="pytest.skip">src/pymortests/vectorarray.py:194: Suite splitting in effect</skipped></testcase><testcase classname="src.pymortests.vectorarray" file="src/pymortests/vectorarray.py" line="194" name="test_shape[0-&lt;lambda&gt;17]" time="0.0004794597625732422"><skipped message="Suite splitting in effect" type="pytest.skip">src/pymortests/vectorarray.py:194: Suite splitting in effect</skipped></testcase><testcase classname="src.pymortests.vectorarray" file="src/pymortests/vectorarray.py" line="194" name="test_shape[0-&lt;lambda&gt;18]" time="0.0004611015319824219"><skipped message="Suite splitting in effect" type="pytest.skip">src/pymortests/vectorarray.py:194: Suite splitting in effect</skipped></testcase><testcase classname="src.pymortests.vectorarray" file="src/pymortests/vectorarray.py" line="194" name="test_shape[0-&lt;lambda&gt;19]" time="0.0004794597625732422"><skipped message="Suite splitting in effect" type="pytest.skip">src/pymortests/vectorarray.py:194: Suite splitting in effect</skipped></testcase><testcase classname="src.pymortests.vectorarray" file="src/pymortests/vectorarray.py" line="194" name="test_shape[0-&lt;lambda&gt;20]" time="0.000453948974609375"><skipped message="Suite splitting in effect" type="pytest.skip">src/pymortests/vectorarray.py:194: Suite splitting in effect</skipped></testcase><testcase classname="src.pymortests.vectorarray" file="src/pymortests/vectorarray.py" line="194" name="test_shape[0-&lt;lambda&gt;21]" time="0.0007164478302001953"><skipped message="Suite splitting in effect" type="pytest.skip">src/pymortests/vectorarray.py:194: Suite splitting in effect</skipped></testcase><testcase classname="src.pymortests.vectorarray" file="src/pymortests/vectorarray.py" line="194" name="test_shape[0-&lt;lambda&gt;22]" time="0.00045990943908691406"><skipped message="Suite splitting in effect" type="pytest.skip">src/pymortests/vectorarray.py:194: Suite splitting in effect</skipped></testcase><testcase classname="src.pymortests.vectorarray" file="src/pymortests/vectorarray.py" line="194" name="test_shape[0-&lt;lambda&gt;23]" time="0.0004391670227050781"><skipped message="Suite splitting in effect" type="pytest.skip">src/pymortests/vectorarray.py:194: Suite splitting in effect</skipped></testcase><testcase classname="src.pymortests.vectorarray" file="src/pymortests/vectorarray.py" line="194" name="test_shape[0-&lt;lambda&gt;24]" time="0.0004718303680419922"><skipped message="Suite splitting in effect" type="pytest.skip">src/pymortests/vectorarray.py:194: Suite splitting in effect</skipped></testcase><testcase classname="src.pymortests.vectorarray" file="src/pymortests/vectorarray.py" line="194" name="test_shape[0-&lt;lambda&gt;25]" time="0.0004420280456542969"><skipped message="Suite splitting in effect" type="pytest.skip">src/pymortests/vectorarray.py:194: Suite splitting in effect</skipped></testcase><testcase classname="src.pymortests.vectorarray" file="src/pymortests/vectorarray.py" line="194" name="test_shape[0-&lt;lambda&gt;26]" time="0.00048160552978515625"><skipped message="Suite splitting in effect" type="pytest.skip">src/pymortests/vectorarray.py:194: Suite splitting in effect</skipped></testcase><testcase classname="src.pymortests.vectorarray" file="src/pymortests/vectorarray.py" line="194" name="test_shape[1-&lt;lambda&gt;0]" time="0.00044727325439453125"><skipped message="Suite splitting in effect" type="pytest.skip">src/pymortests/vectorarray.py:194: Suite splitting in effect</skipped></testcase><testcase classname="src.pymortests.vectorarray" file="src/pymortests/vectorarray.py" line="194" name="test_shape[1-&lt;lambda&gt;1]" time="0.0004565715789794922"><skipped message="Suite splitting in effect" type="pytest.skip">src/pymortests/vectorarray.py:194: Suite splitting in effect</skipped></testcase><testcase classname="src.pymortests.vectorarray" file="src/pymortests/vectorarray.py" line="194" name="test_shape[1-&lt;lambda&gt;2]" time="0.0007619857788085938"><skipped message="Suite splitting in effect" type="pytest.skip">src/pymortests/vectorarray.py:194: Suite splitting in effect</skipped></testcase><testcase classname="src.pymortests.vectorarray" file="src/pymortests/vectorarray.py" line="194" name="test_shape[1-&lt;lambda&gt;3]" time="0.0004649162292480469"><skipped message="Suite splitting in effect" type="pytest.skip">src/pymortests/vectorarray.py:194: Suite splitting in effect</skipped></testcase><testcase classname="src.pymortests.vectorarray" file="src/pymortests/vectorarray.py" line="194" name="test_shape[1-&lt;lambda&gt;4]" time="0.0004444122314453125"><skipped message="Suite splitting in effect" type="pytest.skip">src/pymortests/vectorarray.py:194: Suite splitting in effect</skipped></testcase><testcase classname="src.pymortests.vectorarray" file="src/pymortests/vectorarray.py" line="194" name="test_shape[1-&lt;lambda&gt;5]" time="0.0005345344543457031"><skipped message="Suite splitting in effect" type="pytest.skip">src/pymortests/vectorarray.py:194: Suite splitting in effect</skipped></testcase><testcase classname="src.pymortests.vectorarray" file="src/pymortests/vectorarray.py" line="194" name="test_shape[1-&lt;lambda&gt;6]" time="0.0004525184631347656"><skipped message="Suite splitting in effect" type="pytest.skip">src/pymortests/vectorarray.py:194: Suite splitting in effect</skipped></testcase><testcase classname="src.pymortests.vectorarray" file="src/pymortests/vectorarray.py" line="194" name="test_shape[1-&lt;lambda&gt;7]" time="0.0004546642303466797"><skipped message="Suite splitting in effect" type="pytest.skip">src/pymortests/vectorarray.py:194: Suite splitting in effect</skipped></testcase><testcase classname="src.pymortests.vectorarray" file="src/pymortests/vectorarray.py" line="194" name="test_shape[1-&lt;lambda&gt;8]" time="0.0004899501800537109"><skipped message="Suite splitting in effect" type="pytest.skip">src/pymortests/vectorarray.py:194: Suite splitting in effect</skipped></testcase><testcase classname="src.pymortests.vectorarray" file="src/pymortests/vectorarray.py" line="194" name="test_shape[1-&lt;lambda&gt;9]" time="0.00045490264892578125"><skipped message="Suite splitting in effect" type="pytest.skip">src/pymortests/vectorarray.py:194: Suite splitting in effect</skipped></testcase><testcase classname="src.pymortests.vectorarray" file="src/pymortests/vectorarray.py" line="194" name="test_shape[1-&lt;lambda&gt;10]" time="0.0007715225219726562"><skipped message="Suite splitting in effect" type="pytest.skip">src/pymortests/vectorarray.py:194: Suite splitting in effect</skipped></testcase><testcase classname="src.pymortests.vectorarray" file="src/pymortests/vectorarray.py" line="194" name="test_shape[1-&lt;lambda&gt;11]" time="0.0004520416259765625"><skipped message="Suite splitting in effect" type="pytest.skip">src/pymortests/vectorarray.py:194: Suite splitting in effect</skipped></testcase><testcase classname="src.pymortests.vectorarray" file="src/pymortests/vectorarray.py" line="194" name="test_shape[1-&lt;lambda&gt;12]" time="0.00044155120849609375"><skipped message="Suite splitting in effect" type="pytest.skip">src/pymortests/vectorarray.py:194: Suite splitting in effect</skipped></testcase><testcase classname="src.pymortests.vectorarray" file="src/pymortests/vectorarray.py" line="194" name="test_shape[1-&lt;lambda&gt;13]" time="0.0004470348358154297"><skipped message="Suite splitting in effect" type="pytest.skip">src/pymortests/vectorarray.py:194: Suite splitting in effect</skipped></testcase><testcase classname="src.pymortests.vectorarray" file="src/pymortests/vectorarray.py" line="194" name="test_shape[1-&lt;lambda&gt;14]" time="0.00045037269592285156"><skipped message="Suite splitting in effect" type="pytest.skip">src/pymortests/vectorarray.py:194: Suite splitting in effect</skipped></testcase><testcase classname="src.pymortests.vectorarray" file="src/pymortests/vectorarray.py" line="194" name="test_shape[1-&lt;lambda&gt;15]" time="0.0004773139953613281"><skipped message="Suite splitting in effect" type="pytest.skip">src/pymortests/vectorarray.py:194: Suite splitting in effect</skipped></testcase><testcase classname="src.pymortests.vectorarray" file="src/pymortests/vectorarray.py" line="194" name="test_shape[1-&lt;lambda&gt;16]" time="0.0004773139953613281"><skipped message="Suite splitting in effect" type="pytest.skip">src/pymortests/vectorarray.py:194: Suite splitting in effect</skipped></testcase><testcase classname="src.pymortests.vectorarray" file="src/pymortests/vectorarray.py" line="194" name="test_shape[1-&lt;lambda&gt;17]" time="0.0006592273712158203"><skipped message="Suite splitting in effect" type="pytest.skip">src/pymortests/vectorarray.py:194: Suite splitting in effect</skipped></testcase><testcase classname="src.pymortests.vectorarray" file="src/pymortests/vectorarray.py" line="194" name="test_shape[1-&lt;lambda&gt;18]" time="0.0007915496826171875"><skipped message="Suite splitting in effect" type="pytest.skip">src/pymortests/vectorarray.py:194: Suite splitting in effect</skipped></testcase><testcase classname="src.pymortests.vectorarray" file="src/pymortests/vectorarray.py" line="194" name="test_shape[1-&lt;lambda&gt;19]" time="0.0004467964172363281"><skipped message="Suite splitting in effect" type="pytest.skip">src/pymortests/vectorarray.py:194: Suite splitting in effect</skipped></testcase><testcase classname="src.pymortests.vectorarray" file="src/pymortests/vectorarray.py" line="194" name="test_shape[1-&lt;lambda&gt;20]" time="0.00044274330139160156"><skipped message="Suite splitting in effect" type="pytest.skip">src/pymortests/vectorarray.py:194: Suite splitting in effect</skipped></testcase><testcase classname="src.pymortests.vectorarray" file="src/pymortests/vectorarray.py" line="194" name="test_shape[1-&lt;lambda&gt;21]" time="0.0004673004150390625"><skipped message="Suite splitting in effect" type="pytest.skip">src/pymortests/vectorarray.py:194: Suite splitting in effect</skipped></testcase><testcase classname="src.pymortests.vectorarray" file="src/pymortests/vectorarray.py" line="194" name="test_shape[1-&lt;lambda&gt;22]" time="0.0004992485046386719"><skipped message="Suite splitting in effect" type="pytest.skip">src/pymortests/vectorarray.py:194: Suite splitting in effect</skipped></testcase><testcase classname="src.pymortests.vectorarray" file="src/pymortests/vectorarray.py" line="194" name="test_shape[1-&lt;lambda&gt;23]" time="0.00046539306640625"><skipped message="Suite splitting in effect" type="pytest.skip">src/pymortests/vectorarray.py:194: Suite splitting in effect</skipped></testcase><testcase classname="src.pymortests.vectorarray" file="src/pymortests/vectorarray.py" line="194" name="test_shape[1-&lt;lambda&gt;24]" time="0.0004627704620361328"><skipped message="Suite splitting in effect" type="pytest.skip">src/pymortests/vectorarray.py:194: Suite splitting in effect</skipped></testcase><testcase classname="src.pymortests.vectorarray" file="src/pymortests/vectorarray.py" line="194" name="test_shape[1-&lt;lambda&gt;25]" time="0.0004596710205078125"><skipped message="Suite splitting in effect" type="pytest.skip">src/pymortests/vectorarray.py:194: Suite splitting in effect</skipped></testcase><testcase classname="src.pymortests.vectorarray" file="src/pymortests/vectorarray.py" line="194" name="test_shape[1-&lt;lambda&gt;26]" time="0.0007560253143310547"><skipped message="Suite splitting in effect" type="pytest.skip">src/pymortests/vectorarray.py:194: Suite splitting in effect</skipped></testcase><testcase classname="src.pymortests.vectorarray" file="src/pymortests/vectorarray.py" line="194" name="test_shape[2-&lt;lambda&gt;0]" time="0.00044989585876464844"><skipped message="Suite splitting in effect" type="pytest.skip">src/pymortests/vectorarray.py:194: Suite splitting in effect</skipped></testcase><testcase classname="src.pymortests.vectorarray" file="src/pymortests/vectorarray.py" line="194" name="test_shape[2-&lt;lambda&gt;1]" time="0.0004699230194091797"><skipped message="Suite splitting in effect" type="pytest.skip">src/pymortests/vectorarray.py:194: Suite splitting in effect</skipped></testcase><testcase classname="src.pymortests.vectorarray" file="src/pymortests/vectorarray.py" line="194" name="test_shape[2-&lt;lambda&gt;2]" time="0.0004699230194091797"><skipped message="Suite splitting in effect" type="pytest.skip">src/pymortests/vectorarray.py:194: Suite splitting in effect</skipped></testcase><testcase classname="src.pymortests.vectorarray" file="src/pymortests/vectorarray.py" line="194" name="test_shape[2-&lt;lambda&gt;3]" time="0.0004391670227050781"><skipped message="Suite splitting in effect" type="pytest.skip">src/pymortests/vectorarray.py:194: Suite splitting in effect</skipped></testcase><testcase classname="src.pymortests.vectorarray" file="src/pymortests/vectorarray.py" line="194" name="test_shape[2-&lt;lambda&gt;4]" time="0.00045037269592285156"><skipped message="Suite splitting in effect" type="pytest.skip">src/pymortests/vectorarray.py:194: Suite splitting in effect</skipped></testcase><testcase classname="src.pymortests.vectorarray" file="src/pymortests/vectorarray.py" line="194" name="test_shape[2-&lt;lambda&gt;5]" time="0.0004677772521972656"><skipped message="Suite splitting in effect" type="pytest.skip">src/pymortests/vectorarray.py:194: Suite splitting in effect</skipped></testcase><testcase classname="src.pymortests.vectorarray" file="src/pymortests/vectorarray.py" line="194" name="test_shape[2-&lt;lambda&gt;6]" time="0.0004355907440185547"><skipped message="Suite splitting in effect" type="pytest.skip">src/pymortests/vectorarray.py:194: Suite splitting in effect</skipped></testcase><testcase classname="src.pymortests.vectorarray" file="src/pymortests/vectorarray.py" line="194" name="test_shape[2-&lt;lambda&gt;7]" time="0.0007128715515136719"><skipped message="Suite splitting in effect" type="pytest.skip">src/pymortests/vectorarray.py:194: Suite splitting in effect</skipped></testcase><testcase classname="src.pymortests.vectorarray" file="src/pymortests/vectorarray.py" line="194" name="test_shape[2-&lt;lambda&gt;8]" time="0.00047469139099121094"><skipped message="Suite splitting in effect" type="pytest.skip">src/pymortests/vectorarray.py:194: Suite splitting in effect</skipped></testcase><testcase classname="src.pymortests.vectorarray" file="src/pymortests/vectorarray.py" line="194" name="test_shape[2-&lt;lambda&gt;9]" time="0.00045371055603027344"><skipped message="Suite splitting in effect" type="pytest.skip">src/pymortests/vectorarray.py:194: Suite splitting in effect</skipped></testcase><testcase classname="src.pymortests.vectorarray" file="src/pymortests/vectorarray.py" line="194" name="test_shape[2-&lt;lambda&gt;10]" time="0.0004515647888183594"><skipped message="Suite splitting in effect" type="pytest.skip">src/pymortests/vectorarray.py:194: Suite splitting in effect</skipped></testcase><testcase classname="src.pymortests.vectorarray" file="src/pymortests/vectorarray.py" line="194" name="test_shape[2-&lt;lambda&gt;11]" time="0.0004894733428955078"><skipped message="Suite splitting in effect" type="pytest.skip">src/pymortests/vectorarray.py:194: Suite splitting in effect</skipped></testcase><testcase classname="src.pymortests.vectorarray" file="src/pymortests/vectorarray.py" line="194" name="test_shape[2-&lt;lambda&gt;12]" time="0.0004515647888183594"><skipped message="Suite splitting in effect" type="pytest.skip">src/pymortests/vectorarray.py:194: Suite splitting in effect</skipped></testcase><testcase classname="src.pymortests.vectorarray" file="src/pymortests/vectorarray.py" line="194" name="test_shape[2-&lt;lambda&gt;13]" time="0.00044989585876464844"><skipped message="Suite splitting in effect" type="pytest.skip">src/pymortests/vectorarray.py:194: Suite splitting in effect</skipped></testcase><testcase classname="src.pymortests.vectorarray" file="src/pymortests/vectorarray.py" line="194" name="test_shape[2-&lt;lambda&gt;14]" time="0.00043010711669921875"><skipped message="Suite splitting in effect" type="pytest.skip">src/pymortests/vectorarray.py:194: Suite splitting in effect</skipped></testcase><testcase classname="src.pymortests.vectorarray" file="src/pymortests/vectorarray.py" line="194" name="test_shape[2-&lt;lambda&gt;15]" time="0.0007185935974121094"><skipped message="Suite splitting in effect" type="pytest.skip">src/pymortests/vectorarray.py:194: Suite splitting in effect</skipped></testcase><testcase classname="src.pymortests.vectorarray" file="src/pymortests/vectorarray.py" line="194" name="test_shape[2-&lt;lambda&gt;16]" time="0.0004878044128417969"><skipped message="Suite splitting in effect" type="pytest.skip">src/pymortests/vectorarray.py:194: Suite splitting in effect</skipped></testcase><testcase classname="src.pymortests.vectorarray" file="src/pymortests/vectorarray.py" line="194" name="test_shape[2-&lt;lambda&gt;17]" time="0.0004184246063232422"><skipped message="Suite splitting in effect" type="pytest.skip">src/pymortests/vectorarray.py:194: Suite splitting in effect</skipped></testcase><testcase classname="src.pymortests.vectorarray" file="src/pymortests/vectorarray.py" line="194" name="test_shape[2-&lt;lambda&gt;18]" time="0.00041675567626953125"><skipped message="Suite splitting in effect" type="pytest.skip">src/pymortests/vectorarray.py:194: Suite splitting in effect</skipped></testcase><testcase classname="src.pymortests.vectorarray" file="src/pymortests/vectorarray.py" line="194" name="test_shape[2-&lt;lambda&gt;19]" time="0.00042366981506347656"><skipped message="Suite splitting in effect" type="pytest.skip">src/pymortests/vectorarray.py:194: Suite splitting in effect</skipped></testcase><testcase classname="src.pymortests.vectorarray" file="src/pymortests/vectorarray.py" line="194" name="test_shape[2-&lt;lambda&gt;20]" time="0.0004239082336425781"><skipped message="Suite splitting in effect" type="pytest.skip">src/pymortests/vectorarray.py:194: Suite splitting in effect</skipped></testcase><testcase classname="src.pymortests.vectorarray" file="src/pymortests/vectorarray.py" line="194" name="test_shape[2-&lt;lambda&gt;21]" time="0.00043702125549316406"><skipped message="Suite splitting in effect" type="pytest.skip">src/pymortests/vectorarray.py:194: Suite splitting in effect</skipped></testcase><testcase classname="src.pymortests.vectorarray" file="src/pymortests/vectorarray.py" line="194" name="test_shape[2-&lt;lambda&gt;22]" time="0.0005097389221191406"><skipped message="Suite splitting in effect" type="pytest.skip">src/pymortests/vectorarray.py:194: Suite splitting in effect</skipped></testcase><testcase classname="src.pymortests.vectorarray" file="src/pymortests/vectorarray.py" line="194" name="test_shape[2-&lt;lambda&gt;23]" time="0.0007123947143554688"><skipped message="Suite splitting in effect" type="pytest.skip">src/pymortests/vectorarray.py:194: Suite splitting in effect</skipped></testcase><testcase classname="src.pymortests.vectorarray" file="src/pymortests/vectorarray.py" line="194" name="test_shape[2-&lt;lambda&gt;24]" time="0.00040721893310546875"><skipped message="Suite splitting in effect" type="pytest.skip">src/pymortests/vectorarray.py:194: Suite splitting in effect</skipped></testcase><testcase classname="src.pymortests.vectorarray" file="src/pymortests/vectorarray.py" line="194" name="test_shape[2-&lt;lambda&gt;25]" time="0.0004253387451171875"><skipped message="Suite splitting in effect" type="pytest.skip">src/pymortests/vectorarray.py:194: Suite splitting in effect</skipped></testcase><testcase classname="src.pymortests.vectorarray" file="src/pymortests/vectorarray.py" line="194" name="test_shape[2-&lt;lambda&gt;26]" time="0.0004165172576904297"><skipped message="Suite splitting in effect" type="pytest.skip">src/pymortests/vectorarray.py:194: Suite splitting in effect</skipped></testcase><testcase classname="src.pymortests.vectorarray" file="src/pymortests/vectorarray.py" line="204" name="test_space[0-&lt;lambda&gt;0]" time="0.00044035911560058594"><skipped message="Suite splitting in effect" type="pytest.skip">src/pymortests/vectorarray.py:204: Suite splitting in effect</skipped></testcase><testcase classname="src.pymortests.vectorarray" file="src/pymortests/vectorarray.py" line="204" name="test_space[0-&lt;lambda&gt;1]" time="0.0004417896270751953"><skipped message="Suite splitting in effect" type="pytest.skip">src/pymortests/vectorarray.py:204: Suite splitting in effect</skipped></testcase><testcase classname="src.pymortests.vectorarray" file="src/pymortests/vectorarray.py" line="204" name="test_space[0-&lt;lambda&gt;2]" time="0.0004324913024902344"><skipped message="Suite splitting in effect" type="pytest.skip">src/pymortests/vectorarray.py:204: Suite splitting in effect</skipped></testcase><testcase classname="src.pymortests.vectorarray" file="src/pymortests/vectorarray.py" line="204" name="test_space[0-&lt;lambda&gt;3]" time="0.00041961669921875"><skipped message="Suite splitting in effect" type="pytest.skip">src/pymortests/vectorarray.py:204: Suite splitting in effect</skipped></testcase><testcase classname="src.pymortests.vectorarray" file="src/pymortests/vectorarray.py" line="204" name="test_space[0-&lt;lambda&gt;4]" time="0.0007302761077880859"><skipped message="Suite splitting in effect" type="pytest.skip">src/pymortests/vectorarray.py:204: Suite splitting in effect</skipped></testcase><testcase classname="src.pymortests.vectorarray" file="src/pymortests/vectorarray.py" line="204" name="test_space[0-&lt;lambda&gt;5]" time="0.0004239082336425781"><skipped message="Suite splitting in effect" type="pytest.skip">src/pymortests/vectorarray.py:204: Suite splitting in effect</skipped></testcase><testcase classname="src.pymortests.vectorarray" file="src/pymortests/vectorarray.py" line="204" name="test_space[0-&lt;lambda&gt;6]" time="0.0004317760467529297"><skipped message="Suite splitting in effect" type="pytest.skip">src/pymortests/vectorarray.py:204: Suite splitting in effect</skipped></testcase><testcase classname="src.pymortests.vectorarray" file="src/pymortests/vectorarray.py" line="204" name="test_space[0-&lt;lambda&gt;7]" time="0.0004525184631347656"><skipped message="Suite splitting in effect" type="pytest.skip">src/pymortests/vectorarray.py:204: Suite splitting in effect</skipped></testcase><testcase classname="src.pymortests.vectorarray" file="src/pymortests/vectorarray.py" line="204" name="test_space[0-&lt;lambda&gt;8]" time="0.00045371055603027344"><skipped message="Suite splitting in effect" type="pytest.skip">src/pymortests/vectorarray.py:204: Suite splitting in effect</skipped></testcase><testcase classname="src.pymortests.vectorarray" file="src/pymortests/vectorarray.py" line="204" name="test_space[0-&lt;lambda&gt;9]" time="0.0004191398620605469"><skipped message="Suite splitting in effect" type="pytest.skip">src/pymortests/vectorarray.py:204: Suite splitting in effect</skipped></testcase><testcase classname="src.pymortests.vectorarray" file="src/pymortests/vectorarray.py" line="204" name="test_space[0-&lt;lambda&gt;10]" time="0.00043392181396484375"><skipped message="Suite splitting in effect" type="pytest.skip">src/pymortests/vectorarray.py:204: Suite splitting in effect</skipped></testcase><testcase classname="src.pymortests.vectorarray" file="src/pymortests/vectorarray.py" line="204" name="test_space[0-&lt;lambda&gt;11]" time="0.0004353523254394531"><skipped message="Suite splitting in effect" type="pytest.skip">src/pymortests/vectorarray.py:204: Suite splitting in effect</skipped></testcase><testcase classname="src.pymortests.vectorarray" file="src/pymortests/vectorarray.py" line="204" name="test_space[0-&lt;lambda&gt;12]" time="0.0008089542388916016"><skipped message="Suite splitting in effect" type="pytest.skip">src/pymortests/vectorarray.py:204: Suite splitting in effect</skipped></testcase><testcase classname="src.pymortests.vectorarray" file="src/pymortests/vectorarray.py" line="204" name="test_space[0-&lt;lambda&gt;13]" time="0.0004184246063232422"><skipped message="Suite splitting in effect" type="pytest.skip">src/pymortests/vectorarray.py:204: Suite splitting in effect</skipped></testcase><testcase classname="src.pymortests.vectorarray" file="src/pymortests/vectorarray.py" line="204" name="test_space[0-&lt;lambda&gt;14]" time="0.00042939186096191406"><skipped message="Suite splitting in effect" type="pytest.skip">src/pymortests/vectorarray.py:204: Suite splitting in effect</skipped></testcase><testcase classname="src.pymortests.vectorarray" file="src/pymortests/vectorarray.py" line="204" name="test_space[0-&lt;lambda&gt;15]" time="0.0004248619079589844"><skipped message="Suite splitting in effect" type="pytest.skip">src/pymortests/vectorarray.py:204: Suite splitting in effect</skipped></testcase><testcase classname="src.pymortests.vectorarray" file="src/pymortests/vectorarray.py" line="204" name="test_space[0-&lt;lambda&gt;16]" time="0.00043392181396484375"><skipped message="Suite splitting in effect" type="pytest.skip">src/pymortests/vectorarray.py:204: Suite splitting in effect</skipped></testcase><testcase classname="src.pymortests.vectorarray" file="src/pymortests/vectorarray.py" line="204" name="test_space[0-&lt;lambda&gt;17]" time="0.0004189014434814453"><skipped message="Suite splitting in effect" type="pytest.skip">src/pymortests/vectorarray.py:204: Suite splitting in effect</skipped></testcase><testcase classname="src.pymortests.vectorarray" file="src/pymortests/vectorarray.py" line="204" name="test_space[0-&lt;lambda&gt;18]" time="0.00045752525329589844"><skipped message="Suite splitting in effect" type="pytest.skip">src/pymortests/vectorarray.py:204: Suite splitting in effect</skipped></testcase><testcase classname="src.pymortests.vectorarray" file="src/pymortests/vectorarray.py" line="204" name="test_space[0-&lt;lambda&gt;19]" time="0.00042748451232910156"><skipped message="Suite splitting in effect" type="pytest.skip">src/pymortests/vectorarray.py:204: Suite splitting in effect</skipped></testcase><testcase classname="src.pymortests.vectorarray" file="src/pymortests/vectorarray.py" line="204" name="test_space[0-&lt;lambda&gt;20]" time="0.0009467601776123047"><skipped message="Suite splitting in effect" type="pytest.skip">src/pymortests/vectorarray.py:204: Suite splitting in effect</skipped></testcase><testcase classname="src.pymortests.vectorarray" file="src/pymortests/vectorarray.py" line="204" name="test_space[0-&lt;lambda&gt;21]" time="0.00043892860412597656"><skipped message="Suite splitting in effect" type="pytest.skip">src/pymortests/vectorarray.py:204: Suite splitting in effect</skipped></testcase><testcase classname="src.pymortests.vectorarray" file="src/pymortests/vectorarray.py" line="204" name="test_space[0-&lt;lambda&gt;22]" time="0.0004353523254394531"><skipped message="Suite splitting in effect" type="pytest.skip">src/pymortests/vectorarray.py:204: Suite splitting in effect</skipped></testcase><testcase classname="src.pymortests.vectorarray" file="src/pymortests/vectorarray.py" line="204" name="test_space[0-&lt;lambda&gt;23]" time="0.0004172325134277344"><skipped message="Suite splitting in effect" type="pytest.skip">src/pymortests/vectorarray.py:204: Suite splitting in effect</skipped></testcase><testcase classname="src.pymortests.vectorarray" file="src/pymortests/vectorarray.py" line="204" name="test_space[0-&lt;lambda&gt;24]" time="0.0004124641418457031"><skipped message="Suite splitting in effect" type="pytest.skip">src/pymortests/vectorarray.py:204: Suite splitting in effect</skipped></testcase><testcase classname="src.pymortests.vectorarray" file="src/pymortests/vectorarray.py" line="204" name="test_space[0-&lt;lambda&gt;25]" time="0.00040602684020996094"><skipped message="Suite splitting in effect" type="pytest.skip">src/pymortests/vectorarray.py:204: Suite splitting in effect</skipped></testcase><testcase classname="src.pymortests.vectorarray" file="src/pymortests/vectorarray.py" line="204" name="test_space[0-&lt;lambda&gt;26]" time="0.0004134178161621094"><skipped message="Suite splitting in effect" type="pytest.skip">src/pymortests/vectorarray.py:204: Suite splitting in effect</skipped></testcase><testcase classname="src.pymortests.vectorarray" file="src/pymortests/vectorarray.py" line="204" name="test_space[1-&lt;lambda&gt;0]" time="0.00041675567626953125"><skipped message="Suite splitting in effect" type="pytest.skip">src/pymortests/vectorarray.py:204: Suite splitting in effect</skipped></testcase><testcase classname="src.pymortests.vectorarray" file="src/pymortests/vectorarray.py" line="204" name="test_space[1-&lt;lambda&gt;1]" time="0.0007147789001464844"><skipped message="Suite splitting in effect" type="pytest.skip">src/pymortests/vectorarray.py:204: Suite splitting in effect</skipped></testcase><testcase classname="src.pymortests.vectorarray" file="src/pymortests/vectorarray.py" line="204" name="test_space[1-&lt;lambda&gt;2]" time="0.0004146099090576172"><skipped message="Suite splitting in effect" type="pytest.skip">src/pymortests/vectorarray.py:204: Suite splitting in effect</skipped></testcase><testcase classname="src.pymortests.vectorarray" file="src/pymortests/vectorarray.py" line="204" name="test_space[1-&lt;lambda&gt;3]" time="0.00041985511779785156"><skipped message="Suite splitting in effect" type="pytest.skip">src/pymortests/vectorarray.py:204: Suite splitting in effect</skipped></testcase><testcase classname="src.pymortests.vectorarray" file="src/pymortests/vectorarray.py" line="204" name="test_space[1-&lt;lambda&gt;4]" time="0.00041222572326660156"><skipped message="Suite splitting in effect" type="pytest.skip">src/pymortests/vectorarray.py:204: Suite splitting in effect</skipped></testcase><testcase classname="src.pymortests.vectorarray" file="src/pymortests/vectorarray.py" line="204" name="test_space[1-&lt;lambda&gt;5]" time="0.0004222393035888672"><skipped message="Suite splitting in effect" type="pytest.skip">src/pymortests/vectorarray.py:204: Suite splitting in effect</skipped></testcase><testcase classname="src.pymortests.vectorarray" file="src/pymortests/vectorarray.py" line="204" name="test_space[1-&lt;lambda&gt;6]" time="0.0004324913024902344"><skipped message="Suite splitting in effect" type="pytest.skip">src/pymortests/vectorarray.py:204: Suite splitting in effect</skipped></testcase><testcase classname="src.pymortests.vectorarray" file="src/pymortests/vectorarray.py" line="204" name="test_space[1-&lt;lambda&gt;7]" time="0.0004258155822753906"><skipped message="Suite splitting in effect" type="pytest.skip">src/pymortests/vectorarray.py:204: Suite splitting in effect</skipped></testcase><testcase classname="src.pymortests.vectorarray" file="src/pymortests/vectorarray.py" line="204" name="test_space[1-&lt;lambda&gt;8]" time="0.00043487548828125"><skipped message="Suite splitting in effect" type="pytest.skip">src/pymortests/vectorarray.py:204: Suite splitting in effect</skipped></testcase><testcase classname="src.pymortests.vectorarray" file="src/pymortests/vectorarray.py" line="204" name="test_space[1-&lt;lambda&gt;9]" time="0.0007331371307373047"><skipped message="Suite splitting in effect" type="pytest.skip">src/pymortests/vectorarray.py:204: Suite splitting in effect</skipped></testcase><testcase classname="src.pymortests.vectorarray" file="src/pymortests/vectorarray.py" line="204" name="test_space[1-&lt;lambda&gt;10]" time="0.00041866302490234375"><skipped message="Suite splitting in effect" type="pytest.skip">src/pymortests/vectorarray.py:204: Suite splitting in effect</skipped></testcase><testcase classname="src.pymortests.vectorarray" file="src/pymortests/vectorarray.py" line="204" name="test_space[1-&lt;lambda&gt;11]" time="0.0004189014434814453"><skipped message="Suite splitting in effect" type="pytest.skip">src/pymortests/vectorarray.py:204: Suite splitting in effect</skipped></testcase><testcase classname="src.pymortests.vectorarray" file="src/pymortests/vectorarray.py" line="204" name="test_space[1-&lt;lambda&gt;12]" time="0.0004324913024902344"><skipped message="Suite splitting in effect" type="pytest.skip">src/pymortests/vectorarray.py:204: Suite splitting in effect</skipped></testcase><testcase classname="src.pymortests.vectorarray" file="src/pymortests/vectorarray.py" line="204" name="test_space[1-&lt;lambda&gt;13]" time="0.00042247772216796875"><skipped message="Suite splitting in effect" type="pytest.skip">src/pymortests/vectorarray.py:204: Suite splitting in effect</skipped></testcase><testcase classname="src.pymortests.vectorarray" file="src/pymortests/vectorarray.py" line="204" name="test_space[1-&lt;lambda&gt;14]" time="0.0004546642303466797"><skipped message="Suite splitting in effect" type="pytest.skip">src/pymortests/vectorarray.py:204: Suite splitting in effect</skipped></testcase><testcase classname="src.pymortests.vectorarray" file="src/pymortests/vectorarray.py" line="204" name="test_space[1-&lt;lambda&gt;15]" time="0.0004401206970214844"><skipped message="Suite splitting in effect" type="pytest.skip">src/pymortests/vectorarray.py:204: Suite splitting in effect</skipped></testcase><testcase classname="src.pymortests.vectorarray" file="src/pymortests/vectorarray.py" line="204" name="test_space[1-&lt;lambda&gt;16]" time="0.0004208087921142578"><skipped message="Suite splitting in effect" type="pytest.skip">src/pymortests/vectorarray.py:204: Suite splitting in effect</skipped></testcase><testcase classname="src.pymortests.vectorarray" file="src/pymortests/vectorarray.py" line="204" name="test_space[1-&lt;lambda&gt;17]" time="0.0009829998016357422"><skipped message="Suite splitting in effect" type="pytest.skip">src/pymortests/vectorarray.py:204: Suite splitting in effect</skipped></testcase><testcase classname="src.pymortests.vectorarray" file="src/pymortests/vectorarray.py" line="204" name="test_space[1-&lt;lambda&gt;18]" time="0.00044083595275878906"><skipped message="Suite splitting in effect" type="pytest.skip">src/pymortests/vectorarray.py:204: Suite splitting in effect</skipped></testcase><testcase classname="src.pymortests.vectorarray" file="src/pymortests/vectorarray.py" line="204" name="test_space[1-&lt;lambda&gt;19]" time="0.0004336833953857422"><skipped message="Suite splitting in effect" type="pytest.skip">src/pymortests/vectorarray.py:204: Suite splitting in effect</skipped></testcase><testcase classname="src.pymortests.vectorarray" file="src/pymortests/vectorarray.py" line="204" name="test_space[1-&lt;lambda&gt;20]" time="0.00045680999755859375"><skipped message="Suite splitting in effect" type="pytest.skip">src/pymortests/vectorarray.py:204: Suite splitting in effect</skipped></testcase><testcase classname="src.pymortests.vectorarray" file="src/pymortests/vectorarray.py" line="204" name="test_space[1-&lt;lambda&gt;21]" time="0.0004546642303466797"><skipped message="Suite splitting in effect" type="pytest.skip">src/pymortests/vectorarray.py:204: Suite splitting in effect</skipped></testcase><testcase classname="src.pymortests.vectorarray" file="src/pymortests/vectorarray.py" line="204" name="test_space[1-&lt;lambda&gt;22]" time="0.0004360675811767578"><skipped message="Suite splitting in effect" type="pytest.skip">src/pymortests/vectorarray.py:204: Suite splitting in effect</skipped></testcase><testcase classname="src.pymortests.vectorarray" file="src/pymortests/vectorarray.py" line="204" name="test_space[1-&lt;lambda&gt;23]" time="0.00042319297790527344"><skipped message="Suite splitting in effect" type="pytest.skip">src/pymortests/vectorarray.py:204: Suite splitting in effect</skipped></testcase><testcase classname="src.pymortests.vectorarray" file="src/pymortests/vectorarray.py" line="204" name="test_space[1-&lt;lambda&gt;24]" time="0.00042247772216796875"><skipped message="Suite splitting in effect" type="pytest.skip">src/pymortests/vectorarray.py:204: Suite splitting in effect</skipped></testcase><testcase classname="src.pymortests.vectorarray" file="src/pymortests/vectorarray.py" line="204" name="test_space[1-&lt;lambda&gt;25]" time="0.0007226467132568359"><skipped message="Suite splitting in effect" type="pytest.skip">src/pymortests/vectorarray.py:204: Suite splitting in effect</skipped></testcase><testcase classname="src.pymortests.vectorarray" file="src/pymortests/vectorarray.py" line="204" name="test_space[1-&lt;lambda&gt;26]" time="0.0004305839538574219"><skipped message="Suite splitting in effect" type="pytest.skip">src/pymortests/vectorarray.py:204: Suite splitting in effect</skipped></testcase><testcase classname="src.pymortests.vectorarray" file="src/pymortests/vectorarray.py" line="204" name="test_space[2-&lt;lambda&gt;0]" time="0.0004467964172363281"><skipped message="Suite splitting in effect" type="pytest.skip">src/pymortests/vectorarray.py:204: Suite splitting in effect</skipped></testcase><testcase classname="src.pymortests.vectorarray" file="src/pymortests/vectorarray.py" line="204" name="test_space[2-&lt;lambda&gt;1]" time="0.0004203319549560547"><skipped message="Suite splitting in effect" type="pytest.skip">src/pymortests/vectorarray.py:204: Suite splitting in effect</skipped></testcase><testcase classname="src.pymortests.vectorarray" file="src/pymortests/vectorarray.py" line="204" name="test_space[2-&lt;lambda&gt;2]" time="0.0004162788391113281"><skipped message="Suite splitting in effect" type="pytest.skip">src/pymortests/vectorarray.py:204: Suite splitting in effect</skipped></testcase><testcase classname="src.pymortests.vectorarray" file="src/pymortests/vectorarray.py" line="204" name="test_space[2-&lt;lambda&gt;3]" time="0.00042700767517089844"><skipped message="Suite splitting in effect" type="pytest.skip">src/pymortests/vectorarray.py:204: Suite splitting in effect</skipped></testcase><testcase classname="src.pymortests.vectorarray" file="src/pymortests/vectorarray.py" line="204" name="test_space[2-&lt;lambda&gt;4]" time="0.00041937828063964844"><skipped message="Suite splitting in effect" type="pytest.skip">src/pymortests/vectorarray.py:204: Suite splitting in effect</skipped></testcase><testcase classname="src.pymortests.vectorarray" file="src/pymortests/vectorarray.py" line="204" name="test_space[2-&lt;lambda&gt;5]" time="0.0004191398620605469"><skipped message="Suite splitting in effect" type="pytest.skip">src/pymortests/vectorarray.py:204: Suite splitting in effect</skipped></testcase><testcase classname="src.pymortests.vectorarray" file="src/pymortests/vectorarray.py" line="204" name="test_space[2-&lt;lambda&gt;6]" time="0.0007727146148681641"><skipped message="Suite splitting in effect" type="pytest.skip">src/pymortests/vectorarray.py:204: Suite splitting in effect</skipped></testcase><testcase classname="src.pymortests.vectorarray" file="src/pymortests/vectorarray.py" line="204" name="test_space[2-&lt;lambda&gt;7]" time="0.00042247772216796875"><skipped message="Suite splitting in effect" type="pytest.skip">src/pymortests/vectorarray.py:204: Suite splitting in effect</skipped></testcase><testcase classname="src.pymortests.vectorarray" file="src/pymortests/vectorarray.py" line="204" name="test_space[2-&lt;lambda&gt;8]" time="0.0004820823669433594"><skipped message="Suite splitting in effect" type="pytest.skip">src/pymortests/vectorarray.py:204: Suite splitting in effect</skipped></testcase><testcase classname="src.pymortests.vectorarray" file="src/pymortests/vectorarray.py" line="204" name="test_space[2-&lt;lambda&gt;9]" time="0.0004260540008544922"><skipped message="Suite splitting in effect" type="pytest.skip">src/pymortests/vectorarray.py:204: Suite splitting in effect</skipped></testcase><testcase classname="src.pymortests.vectorarray" file="src/pymortests/vectorarray.py" line="204" name="test_space[2-&lt;lambda&gt;10]" time="0.0004241466522216797"><skipped message="Suite splitting in effect" type="pytest.skip">src/pymortests/vectorarray.py:204: Suite splitting in effect</skipped></testcase><testcase classname="src.pymortests.vectorarray" file="src/pymortests/vectorarray.py" line="204" name="test_space[2-&lt;lambda&gt;11]" time="0.00041961669921875"><skipped message="Suite splitting in effect" type="pytest.skip">src/pymortests/vectorarray.py:204: Suite splitting in effect</skipped></testcase><testcase classname="src.pymortests.vectorarray" file="src/pymortests/vectorarray.py" line="204" name="test_space[2-&lt;lambda&gt;12]" time="0.00040411949157714844"><skipped message="Suite splitting in effect" type="pytest.skip">src/pymortests/vectorarray.py:204: Suite splitting in effect</skipped></testcase><testcase classname="src.pymortests.vectorarray" file="src/pymortests/vectorarray.py" line="204" name="test_space[2-&lt;lambda&gt;13]" time="0.0004279613494873047"><skipped message="Suite splitting in effect" type="pytest.skip">src/pymortests/vectorarray.py:204: Suite splitting in effect</skipped></testcase><testcase classname="src.pymortests.vectorarray" file="src/pymortests/vectorarray.py" line="204" name="test_space[2-&lt;lambda&gt;14]" time="0.0007348060607910156"><skipped message="Suite splitting in effect" type="pytest.skip">src/pymortests/vectorarray.py:204: Suite splitting in effect</skipped></testcase><testcase classname="src.pymortests.vectorarray" file="src/pymortests/vectorarray.py" line="204" name="test_space[2-&lt;lambda&gt;15]" time="0.00042438507080078125"><skipped message="Suite splitting in effect" type="pytest.skip">src/pymortests/vectorarray.py:204: Suite splitting in effect</skipped></testcase><testcase classname="src.pymortests.vectorarray" file="src/pymortests/vectorarray.py" line="204" name="test_space[2-&lt;lambda&gt;16]" time="0.0004494190216064453"><skipped message="Suite splitting in effect" type="pytest.skip">src/pymortests/vectorarray.py:204: Suite splitting in effect</skipped></testcase><testcase classname="src.pymortests.vectorarray" file="src/pymortests/vectorarray.py" line="204" name="test_space[2-&lt;lambda&gt;17]" time="0.0004210472106933594"><skipped message="Suite splitting in effect" type="pytest.skip">src/pymortests/vectorarray.py:204: Suite splitting in effect</skipped></testcase><testcase classname="src.pymortests.vectorarray" file="src/pymortests/vectorarray.py" line="204" name="test_space[2-&lt;lambda&gt;18]" time="0.0004951953887939453"><skipped message="Suite splitting in effect" type="pytest.skip">src/pymortests/vectorarray.py:204: Suite splitting in effect</skipped></testcase><testcase classname="src.pymortests.vectorarray" file="src/pymortests/vectorarray.py" line="204" name="test_space[2-&lt;lambda&gt;19]" time="0.00044798851013183594"><skipped message="Suite splitting in effect" type="pytest.skip">src/pymortests/vectorarray.py:204: Suite splitting in effect</skipped></testcase><testcase classname="src.pymortests.vectorarray" file="src/pymortests/vectorarray.py" line="204" name="test_space[2-&lt;lambda&gt;20]" time="0.0004336833953857422"><skipped message="Suite splitting in effect" type="pytest.skip">src/pymortests/vectorarray.py:204: Suite splitting in effect</skipped></testcase><testcase classname="src.pymortests.vectorarray" file="src/pymortests/vectorarray.py" line="204" name="test_space[2-&lt;lambda&gt;21]" time="0.0004100799560546875"><skipped message="Suite splitting in effect" type="pytest.skip">src/pymortests/vectorarray.py:204: Suite splitting in effect</skipped></testcase><testcase classname="src.pymortests.vectorarray" file="src/pymortests/vectorarray.py" line="204" name="test_space[2-&lt;lambda&gt;22]" time="0.0007500648498535156"><skipped message="Suite splitting in effect" type="pytest.skip">src/pymortests/vectorarray.py:204: Suite splitting in effect</skipped></testcase><testcase classname="src.pymortests.vectorarray" file="src/pymortests/vectorarray.py" line="204" name="test_space[2-&lt;lambda&gt;23]" time="0.00041556358337402344"><skipped message="Suite splitting in effect" type="pytest.skip">src/pymortests/vectorarray.py:204: Suite splitting in effect</skipped></testcase><testcase classname="src.pymortests.vectorarray" file="src/pymortests/vectorarray.py" line="204" name="test_space[2-&lt;lambda&gt;24]" time="0.00042128562927246094"><skipped message="Suite splitting in effect" type="pytest.skip">src/pymortests/vectorarray.py:204: Suite splitting in effect</skipped></testcase><testcase classname="src.pymortests.vectorarray" file="src/pymortests/vectorarray.py" line="204" name="test_space[2-&lt;lambda&gt;25]" time="0.00040268898010253906"><skipped message="Suite splitting in effect" type="pytest.skip">src/pymortests/vectorarray.py:204: Suite splitting in effect</skipped></testcase><testcase classname="src.pymortests.vectorarray" file="src/pymortests/vectorarray.py" line="204" name="test_space[2-&lt;lambda&gt;26]" time="0.0004222393035888672"><skipped message="Suite splitting in effect" type="pytest.skip">src/pymortests/vectorarray.py:204: Suite splitting in effect</skipped></testcase><testcase classname="src.pymortests.vectorarray" file="src/pymortests/vectorarray.py" line="210" name="test_getitem_repeated[0-&lt;lambda&gt;0]" time="0.0004246234893798828"><skipped message="Suite splitting in effect" type="pytest.skip">src/pymortests/vectorarray.py:210: Suite splitting in effect</skipped></testcase><testcase classname="src.pymortests.vectorarray" file="src/pymortests/vectorarray.py" line="210" name="test_getitem_repeated[0-&lt;lambda&gt;1]" time="0.0005402565002441406"><skipped message="Suite splitting in effect" type="pytest.skip">src/pymortests/vectorarray.py:210: Suite splitting in effect</skipped></testcase><testcase classname="src.pymortests.vectorarray" file="src/pymortests/vectorarray.py" line="210" name="test_getitem_repeated[0-&lt;lambda&gt;2]" time="0.0005047321319580078"><skipped message="Suite splitting in effect" type="pytest.skip">src/pymortests/vectorarray.py:210: Suite splitting in effect</skipped></testcase><testcase classname="src.pymortests.vectorarray" file="src/pymortests/vectorarray.py" line="210" name="test_getitem_repeated[0-&lt;lambda&gt;3]" time="0.0007250308990478516"><skipped message="Suite splitting in effect" type="pytest.skip">src/pymortests/vectorarray.py:210: Suite splitting in effect</skipped></testcase><testcase classname="src.pymortests.vectorarray" file="src/pymortests/vectorarray.py" line="210" name="test_getitem_repeated[0-&lt;lambda&gt;4]" time="0.0004153251647949219"><skipped message="Suite splitting in effect" type="pytest.skip">src/pymortests/vectorarray.py:210: Suite splitting in effect</skipped></testcase><testcase classname="src.pymortests.vectorarray" file="src/pymortests/vectorarray.py" line="210" name="test_getitem_repeated[0-&lt;lambda&gt;5]" time="0.0004363059997558594"><skipped message="Suite splitting in effect" type="pytest.skip">src/pymortests/vectorarray.py:210: Suite splitting in effect</skipped></testcase><testcase classname="src.pymortests.vectorarray" file="src/pymortests/vectorarray.py" line="210" name="test_getitem_repeated[0-&lt;lambda&gt;6]" time="0.00041794776916503906"><skipped message="Suite splitting in effect" type="pytest.skip">src/pymortests/vectorarray.py:210: Suite splitting in effect</skipped></testcase><testcase classname="src.pymortests.vectorarray" file="src/pymortests/vectorarray.py" line="210" name="test_getitem_repeated[0-&lt;lambda&gt;7]" time="0.0004177093505859375"><skipped message="Suite splitting in effect" type="pytest.skip">src/pymortests/vectorarray.py:210: Suite splitting in effect</skipped></testcase><testcase classname="src.pymortests.vectorarray" file="src/pymortests/vectorarray.py" line="210" name="test_getitem_repeated[0-&lt;lambda&gt;8]" time="0.00043702125549316406"><skipped message="Suite splitting in effect" type="pytest.skip">src/pymortests/vectorarray.py:210: Suite splitting in effect</skipped></testcase><testcase classname="src.pymortests.vectorarray" file="src/pymortests/vectorarray.py" line="210" name="test_getitem_repeated[0-&lt;lambda&gt;9]" time="0.0004200935363769531"><skipped message="Suite splitting in effect" type="pytest.skip">src/pymortests/vectorarray.py:210: Suite splitting in effect</skipped></testcase><testcase classname="src.pymortests.vectorarray" file="src/pymortests/vectorarray.py" line="210" name="test_getitem_repeated[0-&lt;lambda&gt;10]" time="0.00044274330139160156"><skipped message="Suite splitting in effect" type="pytest.skip">src/pymortests/vectorarray.py:210: Suite splitting in effect</skipped></testcase><testcase classname="src.pymortests.vectorarray" file="src/pymortests/vectorarray.py" line="210" name="test_getitem_repeated[0-&lt;lambda&gt;11]" time="0.0007102489471435547"><skipped message="Suite splitting in effect" type="pytest.skip">src/pymortests/vectorarray.py:210: Suite splitting in effect</skipped></testcase><testcase classname="src.pymortests.vectorarray" file="src/pymortests/vectorarray.py" line="210" name="test_getitem_repeated[0-&lt;lambda&gt;12]" time="0.0004181861877441406"><skipped message="Suite splitting in effect" type="pytest.skip">src/pymortests/vectorarray.py:210: Suite splitting in effect</skipped></testcase><testcase classname="src.pymortests.vectorarray" file="src/pymortests/vectorarray.py" line="210" name="test_getitem_repeated[0-&lt;lambda&gt;13]" time="0.0004253387451171875"><skipped message="Suite splitting in effect" type="pytest.skip">src/pymortests/vectorarray.py:210: Suite splitting in effect</skipped></testcase><testcase classname="src.pymortests.vectorarray" file="src/pymortests/vectorarray.py" line="210" name="test_getitem_repeated[0-&lt;lambda&gt;14]" time="0.0004208087921142578"><skipped message="Suite splitting in effect" type="pytest.skip">src/pymortests/vectorarray.py:210: Suite splitting in effect</skipped></testcase><testcase classname="src.pymortests.vectorarray" file="src/pymortests/vectorarray.py" line="210" name="test_getitem_repeated[0-&lt;lambda&gt;15]" time="0.0004420280456542969"><skipped message="Suite splitting in effect" type="pytest.skip">src/pymortests/vectorarray.py:210: Suite splitting in effect</skipped></testcase><testcase classname="src.pymortests.vectorarray" file="src/pymortests/vectorarray.py" line="210" name="test_getitem_repeated[0-&lt;lambda&gt;16]" time="0.00043892860412597656"><skipped message="Suite splitting in effect" type="pytest.skip">src/pymortests/vectorarray.py:210: Suite splitting in effect</skipped></testcase><testcase classname="src.pymortests.vectorarray" file="src/pymortests/vectorarray.py" line="210" name="test_getitem_repeated[0-&lt;lambda&gt;17]" time="0.0004150867462158203"><skipped message="Suite splitting in effect" type="pytest.skip">src/pymortests/vectorarray.py:210: Suite splitting in effect</skipped></testcase><testcase classname="src.pymortests.vectorarray" file="src/pymortests/vectorarray.py" line="210" name="test_getitem_repeated[0-&lt;lambda&gt;18]" time="0.0004258155822753906"><skipped message="Suite splitting in effect" type="pytest.skip">src/pymortests/vectorarray.py:210: Suite splitting in effect</skipped></testcase><testcase classname="src.pymortests.vectorarray" file="src/pymortests/vectorarray.py" line="210" name="test_getitem_repeated[0-&lt;lambda&gt;19]" time="0.0007376670837402344"><skipped message="Suite splitting in effect" type="pytest.skip">src/pymortests/vectorarray.py:210: Suite splitting in effect</skipped></testcase><testcase classname="src.pymortests.vectorarray" file="src/pymortests/vectorarray.py" line="210" name="test_getitem_repeated[0-&lt;lambda&gt;20]" time="0.0004525184631347656"><skipped message="Suite splitting in effect" type="pytest.skip">src/pymortests/vectorarray.py:210: Suite splitting in effect</skipped></testcase><testcase classname="src.pymortests.vectorarray" file="src/pymortests/vectorarray.py" line="210" name="test_getitem_repeated[0-&lt;lambda&gt;21]" time="0.00043392181396484375"><skipped message="Suite splitting in effect" type="pytest.skip">src/pymortests/vectorarray.py:210: Suite splitting in effect</skipped></testcase><testcase classname="src.pymortests.vectorarray" file="src/pymortests/vectorarray.py" line="210" name="test_getitem_repeated[0-&lt;lambda&gt;22]" time="0.0004227161407470703"><skipped message="Suite splitting in effect" type="pytest.skip">src/pymortests/vectorarray.py:210: Suite splitting in effect</skipped></testcase><testcase classname="src.pymortests.vectorarray" file="src/pymortests/vectorarray.py" line="210" name="test_getitem_repeated[0-&lt;lambda&gt;23]" time="0.0004870891571044922"><skipped message="Suite splitting in effect" type="pytest.skip">src/pymortests/vectorarray.py:210: Suite splitting in effect</skipped></testcase><testcase classname="src.pymortests.vectorarray" file="src/pymortests/vectorarray.py" line="210" name="test_getitem_repeated[0-&lt;lambda&gt;24]" time="0.0004372596740722656"><skipped message="Suite splitting in effect" type="pytest.skip">src/pymortests/vectorarray.py:210: Suite splitting in effect</skipped></testcase><testcase classname="src.pymortests.vectorarray" file="src/pymortests/vectorarray.py" line="210" name="test_getitem_repeated[0-&lt;lambda&gt;25]" time="0.0004115104675292969"><skipped message="Suite splitting in effect" type="pytest.skip">src/pymortests/vectorarray.py:210: Suite splitting in effect</skipped></testcase><testcase classname="src.pymortests.vectorarray" file="src/pymortests/vectorarray.py" line="210" name="test_getitem_repeated[0-&lt;lambda&gt;26]" time="0.0004639625549316406"><skipped message="Suite splitting in effect" type="pytest.skip">src/pymortests/vectorarray.py:210: Suite splitting in effect</skipped></testcase><testcase classname="src.pymortests.vectorarray" file="src/pymortests/vectorarray.py" line="210" name="test_getitem_repeated[1-&lt;lambda&gt;0]" time="0.0007078647613525391"><skipped message="Suite splitting in effect" type="pytest.skip">src/pymortests/vectorarray.py:210: Suite splitting in effect</skipped></testcase><testcase classname="src.pymortests.vectorarray" file="src/pymortests/vectorarray.py" line="210" name="test_getitem_repeated[1-&lt;lambda&gt;1]" time="0.0004246234893798828"><skipped message="Suite splitting in effect" type="pytest.skip">src/pymortests/vectorarray.py:210: Suite splitting in effect</skipped></testcase><testcase classname="src.pymortests.vectorarray" file="src/pymortests/vectorarray.py" line="210" name="test_getitem_repeated[1-&lt;lambda&gt;2]" time="0.0004203319549560547"><skipped message="Suite splitting in effect" type="pytest.skip">src/pymortests/vectorarray.py:210: Suite splitting in effect</skipped></testcase><testcase classname="src.pymortests.vectorarray" file="src/pymortests/vectorarray.py" line="210" name="test_getitem_repeated[1-&lt;lambda&gt;3]" time="0.00042366981506347656"><skipped message="Suite splitting in effect" type="pytest.skip">src/pymortests/vectorarray.py:210: Suite splitting in effect</skipped></testcase><testcase classname="src.pymortests.vectorarray" file="src/pymortests/vectorarray.py" line="210" name="test_getitem_repeated[1-&lt;lambda&gt;4]" time="0.000438690185546875"><skipped message="Suite splitting in effect" type="pytest.skip">src/pymortests/vectorarray.py:210: Suite splitting in effect</skipped></testcase><testcase classname="src.pymortests.vectorarray" file="src/pymortests/vectorarray.py" line="210" name="test_getitem_repeated[1-&lt;lambda&gt;5]" time="0.00042366981506347656"><skipped message="Suite splitting in effect" type="pytest.skip">src/pymortests/vectorarray.py:210: Suite splitting in effect</skipped></testcase><testcase classname="src.pymortests.vectorarray" file="src/pymortests/vectorarray.py" line="210" name="test_getitem_repeated[1-&lt;lambda&gt;6]" time="0.00041365623474121094"><skipped message="Suite splitting in effect" type="pytest.skip">src/pymortests/vectorarray.py:210: Suite splitting in effect</skipped></testcase><testcase classname="src.pymortests.vectorarray" file="src/pymortests/vectorarray.py" line="210" name="test_getitem_repeated[1-&lt;lambda&gt;7]" time="0.00042629241943359375"><skipped message="Suite splitting in effect" type="pytest.skip">src/pymortests/vectorarray.py:210: Suite splitting in effect</skipped></testcase><testcase classname="src.pymortests.vectorarray" file="src/pymortests/vectorarray.py" line="210" name="test_getitem_repeated[1-&lt;lambda&gt;8]" time="0.0009636878967285156"><skipped message="Suite splitting in effect" type="pytest.skip">src/pymortests/vectorarray.py:210: Suite splitting in effect</skipped></testcase><testcase classname="src.pymortests.vectorarray" file="src/pymortests/vectorarray.py" line="210" name="test_getitem_repeated[1-&lt;lambda&gt;9]" time="0.0004284381866455078"><skipped message="Suite splitting in effect" type="pytest.skip">src/pymortests/vectorarray.py:210: Suite splitting in effect</skipped></testcase><testcase classname="src.pymortests.vectorarray" file="src/pymortests/vectorarray.py" line="210" name="test_getitem_repeated[1-&lt;lambda&gt;10]" time="0.00041961669921875"><skipped message="Suite splitting in effect" type="pytest.skip">src/pymortests/vectorarray.py:210: Suite splitting in effect</skipped></testcase><testcase classname="src.pymortests.vectorarray" file="src/pymortests/vectorarray.py" line="210" name="test_getitem_repeated[1-&lt;lambda&gt;11]" time="0.0004067420959472656"><skipped message="Suite splitting in effect" type="pytest.skip">src/pymortests/vectorarray.py:210: Suite splitting in effect</skipped></testcase><testcase classname="src.pymortests.vectorarray" file="src/pymortests/vectorarray.py" line="210" name="test_getitem_repeated[1-&lt;lambda&gt;12]" time="0.0004329681396484375"><skipped message="Suite splitting in effect" type="pytest.skip">src/pymortests/vectorarray.py:210: Suite splitting in effect</skipped></testcase><testcase classname="src.pymortests.vectorarray" file="src/pymortests/vectorarray.py" line="210" name="test_getitem_repeated[1-&lt;lambda&gt;13]" time="0.00040793418884277344"><skipped message="Suite splitting in effect" type="pytest.skip">src/pymortests/vectorarray.py:210: Suite splitting in effect</skipped></testcase><testcase classname="src.pymortests.vectorarray" file="src/pymortests/vectorarray.py" line="210" name="test_getitem_repeated[1-&lt;lambda&gt;14]" time="0.00043892860412597656"><skipped message="Suite splitting in effect" type="pytest.skip">src/pymortests/vectorarray.py:210: Suite splitting in effect</skipped></testcase><testcase classname="src.pymortests.vectorarray" file="src/pymortests/vectorarray.py" line="210" name="test_getitem_repeated[1-&lt;lambda&gt;15]" time="0.0004208087921142578"><skipped message="Suite splitting in effect" type="pytest.skip">src/pymortests/vectorarray.py:210: Suite splitting in effect</skipped></testcase><testcase classname="src.pymortests.vectorarray" file="src/pymortests/vectorarray.py" line="210" name="test_getitem_repeated[1-&lt;lambda&gt;16]" time="0.0007276535034179688"><skipped message="Suite splitting in effect" type="pytest.skip">src/pymortests/vectorarray.py:210: Suite splitting in effect</skipped></testcase><testcase classname="src.pymortests.vectorarray" file="src/pymortests/vectorarray.py" line="210" name="test_getitem_repeated[1-&lt;lambda&gt;17]" time="0.0004436969757080078"><skipped message="Suite splitting in effect" type="pytest.skip">src/pymortests/vectorarray.py:210: Suite splitting in effect</skipped></testcase><testcase classname="src.pymortests.vectorarray" file="src/pymortests/vectorarray.py" line="210" name="test_getitem_repeated[1-&lt;lambda&gt;18]" time="0.00041294097900390625"><skipped message="Suite splitting in effect" type="pytest.skip">src/pymortests/vectorarray.py:210: Suite splitting in effect</skipped></testcase><testcase classname="src.pymortests.vectorarray" file="src/pymortests/vectorarray.py" line="210" name="test_getitem_repeated[1-&lt;lambda&gt;19]" time="0.00041794776916503906"><skipped message="Suite splitting in effect" type="pytest.skip">src/pymortests/vectorarray.py:210: Suite splitting in effect</skipped></testcase><testcase classname="src.pymortests.vectorarray" file="src/pymortests/vectorarray.py" line="210" name="test_getitem_repeated[1-&lt;lambda&gt;20]" time="0.0004200935363769531"><skipped message="Suite splitting in effect" type="pytest.skip">src/pymortests/vectorarray.py:210: Suite splitting in effect</skipped></testcase><testcase classname="src.pymortests.vectorarray" file="src/pymortests/vectorarray.py" line="210" name="test_getitem_repeated[1-&lt;lambda&gt;21]" time="0.00043487548828125"><skipped message="Suite splitting in effect" type="pytest.skip">src/pymortests/vectorarray.py:210: Suite splitting in effect</skipped></testcase><testcase classname="src.pymortests.vectorarray" file="src/pymortests/vectorarray.py" line="210" name="test_getitem_repeated[1-&lt;lambda&gt;22]" time="0.0004546642303466797"><skipped message="Suite splitting in effect" type="pytest.skip">src/pymortests/vectorarray.py:210: Suite splitting in effect</skipped></testcase><testcase classname="src.pymortests.vectorarray" file="src/pymortests/vectorarray.py" line="210" name="test_getitem_repeated[1-&lt;lambda&gt;23]" time="0.0004062652587890625"><skipped message="Suite splitting in effect" type="pytest.skip">src/pymortests/vectorarray.py:210: Suite splitting in effect</skipped></testcase><testcase classname="src.pymortests.vectorarray" file="src/pymortests/vectorarray.py" line="210" name="test_getitem_repeated[1-&lt;lambda&gt;24]" time="0.0007417201995849609"><skipped message="Suite splitting in effect" type="pytest.skip">src/pymortests/vectorarray.py:210: Suite splitting in effect</skipped></testcase><testcase classname="src.pymortests.vectorarray" file="src/pymortests/vectorarray.py" line="210" name="test_getitem_repeated[1-&lt;lambda&gt;25]" time="0.0004329681396484375"><skipped message="Suite splitting in effect" type="pytest.skip">src/pymortests/vectorarray.py:210: Suite splitting in effect</skipped></testcase><testcase classname="src.pymortests.vectorarray" file="src/pymortests/vectorarray.py" line="210" name="test_getitem_repeated[1-&lt;lambda&gt;26]" time="0.00041937828063964844"><skipped message="Suite splitting in effect" type="pytest.skip">src/pymortests/vectorarray.py:210: Suite splitting in effect</skipped></testcase><testcase classname="src.pymortests.vectorarray" file="src/pymortests/vectorarray.py" line="210" name="test_getitem_repeated[2-&lt;lambda&gt;0]" time="0.00040459632873535156"><skipped message="Suite splitting in effect" type="pytest.skip">src/pymortests/vectorarray.py:210: Suite splitting in effect</skipped></testcase><testcase classname="src.pymortests.vectorarray" file="src/pymortests/vectorarray.py" line="210" name="test_getitem_repeated[2-&lt;lambda&gt;1]" time="0.0004150867462158203"><skipped message="Suite splitting in effect" type="pytest.skip">src/pymortests/vectorarray.py:210: Suite splitting in effect</skipped></testcase><testcase classname="src.pymortests.vectorarray" file="src/pymortests/vectorarray.py" line="210" name="test_getitem_repeated[2-&lt;lambda&gt;2]" time="0.0004246234893798828"><skipped message="Suite splitting in effect" type="pytest.skip">src/pymortests/vectorarray.py:210: Suite splitting in effect</skipped></testcase><testcase classname="src.pymortests.vectorarray" file="src/pymortests/vectorarray.py" line="210" name="test_getitem_repeated[2-&lt;lambda&gt;3]" time="0.0004589557647705078"><skipped message="Suite splitting in effect" type="pytest.skip">src/pymortests/vectorarray.py:210: Suite splitting in effect</skipped></testcase><testcase classname="src.pymortests.vectorarray" file="src/pymortests/vectorarray.py" line="210" name="test_getitem_repeated[2-&lt;lambda&gt;4]" time="0.0004017353057861328"><skipped message="Suite splitting in effect" type="pytest.skip">src/pymortests/vectorarray.py:210: Suite splitting in effect</skipped></testcase><testcase classname="src.pymortests.vectorarray" file="src/pymortests/vectorarray.py" line="210" name="test_getitem_repeated[2-&lt;lambda&gt;5]" time="0.0007021427154541016"><skipped message="Suite splitting in effect" type="pytest.skip">src/pymortests/vectorarray.py:210: Suite splitting in effect</skipped></testcase><testcase classname="src.pymortests.vectorarray" file="src/pymortests/vectorarray.py" line="210" name="test_getitem_repeated[2-&lt;lambda&gt;6]" time="0.0004572868347167969"><skipped message="Suite splitting in effect" type="pytest.skip">src/pymortests/vectorarray.py:210: Suite splitting in effect</skipped></testcase><testcase classname="src.pymortests.vectorarray" file="src/pymortests/vectorarray.py" line="210" name="test_getitem_repeated[2-&lt;lambda&gt;7]" time="0.0004177093505859375"><skipped message="Suite splitting in effect" type="pytest.skip">src/pymortests/vectorarray.py:210: Suite splitting in effect</skipped></testcase><testcase classname="src.pymortests.vectorarray" file="src/pymortests/vectorarray.py" line="210" name="test_getitem_repeated[2-&lt;lambda&gt;8]" time="0.0004131793975830078"><skipped message="Suite splitting in effect" type="pytest.skip">src/pymortests/vectorarray.py:210: Suite splitting in effect</skipped></testcase><testcase classname="src.pymortests.vectorarray" file="src/pymortests/vectorarray.py" line="210" name="test_getitem_repeated[2-&lt;lambda&gt;9]" time="0.0004191398620605469"><skipped message="Suite splitting in effect" type="pytest.skip">src/pymortests/vectorarray.py:210: Suite splitting in effect</skipped></testcase><testcase classname="src.pymortests.vectorarray" file="src/pymortests/vectorarray.py" line="210" name="test_getitem_repeated[2-&lt;lambda&gt;10]" time="0.00040841102600097656"><skipped message="Suite splitting in effect" type="pytest.skip">src/pymortests/vectorarray.py:210: Suite splitting in effect</skipped></testcase><testcase classname="src.pymortests.vectorarray" file="src/pymortests/vectorarray.py" line="210" name="test_getitem_repeated[2-&lt;lambda&gt;11]" time="0.0004184246063232422"><skipped message="Suite splitting in effect" type="pytest.skip">src/pymortests/vectorarray.py:210: Suite splitting in effect</skipped></testcase><testcase classname="src.pymortests.vectorarray" file="src/pymortests/vectorarray.py" line="210" name="test_getitem_repeated[2-&lt;lambda&gt;12]" time="0.00044155120849609375"><skipped message="Suite splitting in effect" type="pytest.skip">src/pymortests/vectorarray.py:210: Suite splitting in effect</skipped></testcase><testcase classname="src.pymortests.vectorarray" file="src/pymortests/vectorarray.py" line="210" name="test_getitem_repeated[2-&lt;lambda&gt;13]" time="0.0015795230865478516"><skipped message="Suite splitting in effect" type="pytest.skip">src/pymortests/vectorarray.py:210: Suite splitting in effect</skipped></testcase><testcase classname="src.pymortests.vectorarray" file="src/pymortests/vectorarray.py" line="210" name="test_getitem_repeated[2-&lt;lambda&gt;14]" time="0.000415802001953125"><skipped message="Suite splitting in effect" type="pytest.skip">src/pymortests/vectorarray.py:210: Suite splitting in effect</skipped></testcase><testcase classname="src.pymortests.vectorarray" file="src/pymortests/vectorarray.py" line="210" name="test_getitem_repeated[2-&lt;lambda&gt;15]" time="0.0004279613494873047"><skipped message="Suite splitting in effect" type="pytest.skip">src/pymortests/vectorarray.py:210: Suite splitting in effect</skipped></testcase><testcase classname="src.pymortests.vectorarray" file="src/pymortests/vectorarray.py" line="210" name="test_getitem_repeated[2-&lt;lambda&gt;16]" time="0.00042057037353515625"><skipped message="Suite splitting in effect" type="pytest.skip">src/pymortests/vectorarray.py:210: Suite splitting in effect</skipped></testcase><testcase classname="src.pymortests.vectorarray" file="src/pymortests/vectorarray.py" line="210" name="test_getitem_repeated[2-&lt;lambda&gt;17]" time="0.000423431396484375"><skipped message="Suite splitting in effect" type="pytest.skip">src/pymortests/vectorarray.py:210: Suite splitting in effect</skipped></testcase><testcase classname="src.pymortests.vectorarray" file="src/pymortests/vectorarray.py" line="210" name="test_getitem_repeated[2-&lt;lambda&gt;18]" time="0.0004706382751464844"><skipped message="Suite splitting in effect" type="pytest.skip">src/pymortests/vectorarray.py:210: Suite splitting in effect</skipped></testcase><testcase classname="src.pymortests.vectorarray" file="src/pymortests/vectorarray.py" line="210" name="test_getitem_repeated[2-&lt;lambda&gt;19]" time="0.0004200935363769531"><skipped message="Suite splitting in effect" type="pytest.skip">src/pymortests/vectorarray.py:210: Suite splitting in effect</skipped></testcase><testcase classname="src.pymortests.vectorarray" file="src/pymortests/vectorarray.py" line="210" name="test_getitem_repeated[2-&lt;lambda&gt;20]" time="0.00040721893310546875"><skipped message="Suite splitting in effect" type="pytest.skip">src/pymortests/vectorarray.py:210: Suite splitting in effect</skipped></testcase><testcase classname="src.pymortests.vectorarray" file="src/pymortests/vectorarray.py" line="210" name="test_getitem_repeated[2-&lt;lambda&gt;21]" time="0.0007653236389160156"><skipped message="Suite splitting in effect" type="pytest.skip">src/pymortests/vectorarray.py:210: Suite splitting in effect</skipped></testcase><testcase classname="src.pymortests.vectorarray" file="src/pymortests/vectorarray.py" line="210" name="test_getitem_repeated[2-&lt;lambda&gt;22]" time="0.00041484832763671875"><skipped message="Suite splitting in effect" type="pytest.skip">src/pymortests/vectorarray.py:210: Suite splitting in effect</skipped></testcase><testcase classname="src.pymortests.vectorarray" file="src/pymortests/vectorarray.py" line="210" name="test_getitem_repeated[2-&lt;lambda&gt;23]" time="0.0004277229309082031"><skipped message="Suite splitting in effect" type="pytest.skip">src/pymortests/vectorarray.py:210: Suite splitting in effect</skipped></testcase><testcase classname="src.pymortests.vectorarray" file="src/pymortests/vectorarray.py" line="210" name="test_getitem_repeated[2-&lt;lambda&gt;24]" time="0.0004458427429199219"><skipped message="Suite splitting in effect" type="pytest.skip">src/pymortests/vectorarray.py:210: Suite splitting in effect</skipped></testcase><testcase classname="src.pymortests.vectorarray" file="src/pymortests/vectorarray.py" line="210" name="test_getitem_repeated[2-&lt;lambda&gt;25]" time="0.00043129920959472656"><skipped message="Suite splitting in effect" type="pytest.skip">src/pymortests/vectorarray.py:210: Suite splitting in effect</skipped></testcase><testcase classname="src.pymortests.vectorarray" file="src/pymortests/vectorarray.py" line="210" name="test_getitem_repeated[2-&lt;lambda&gt;26]" time="0.00045561790466308594"><skipped message="Suite splitting in effect" type="pytest.skip">src/pymortests/vectorarray.py:210: Suite splitting in effect</skipped></testcase><testcase classname="src.pymortests.vectorarray" file="src/pymortests/vectorarray.py" line="221" name="test_copy[0-&lt;lambda&gt;0]" time="0.0004086494445800781"><skipped message="Suite splitting in effect" type="pytest.skip">src/pymortests/vectorarray.py:221: Suite splitting in effect</skipped></testcase><testcase classname="src.pymortests.vectorarray" file="src/pymortests/vectorarray.py" line="221" name="test_copy[0-&lt;lambda&gt;1]" time="0.00041604042053222656"><skipped message="Suite splitting in effect" type="pytest.skip">src/pymortests/vectorarray.py:221: Suite splitting in effect</skipped></testcase><testcase classname="src.pymortests.vectorarray" file="src/pymortests/vectorarray.py" line="221" name="test_copy[0-&lt;lambda&gt;2]" time="0.0007197856903076172"><skipped message="Suite splitting in effect" type="pytest.skip">src/pymortests/vectorarray.py:221: Suite splitting in effect</skipped></testcase><testcase classname="src.pymortests.vectorarray" file="src/pymortests/vectorarray.py" line="221" name="test_copy[0-&lt;lambda&gt;3]" time="0.0004138946533203125"><skipped message="Suite splitting in effect" type="pytest.skip">src/pymortests/vectorarray.py:221: Suite splitting in effect</skipped></testcase><testcase classname="src.pymortests.vectorarray" file="src/pymortests/vectorarray.py" line="221" name="test_copy[0-&lt;lambda&gt;4]" time="0.0004088878631591797"><skipped message="Suite splitting in effect" type="pytest.skip">src/pymortests/vectorarray.py:221: Suite splitting in effect</skipped></testcase><testcase classname="src.pymortests.vectorarray" file="src/pymortests/vectorarray.py" line="221" name="test_copy[0-&lt;lambda&gt;5]" time="0.0004239082336425781"><skipped message="Suite splitting in effect" type="pytest.skip">src/pymortests/vectorarray.py:221: Suite splitting in effect</skipped></testcase><testcase classname="src.pymortests.vectorarray" file="src/pymortests/vectorarray.py" line="221" name="test_copy[0-&lt;lambda&gt;6]" time="0.00042366981506347656"><skipped message="Suite splitting in effect" type="pytest.skip">src/pymortests/vectorarray.py:221: Suite splitting in effect</skipped></testcase><testcase classname="src.pymortests.vectorarray" file="src/pymortests/vectorarray.py" line="221" name="test_copy[0-&lt;lambda&gt;7]" time="0.00045800209045410156"><skipped message="Suite splitting in effect" type="pytest.skip">src/pymortests/vectorarray.py:221: Suite splitting in effect</skipped></testcase><testcase classname="src.pymortests.vectorarray" file="src/pymortests/vectorarray.py" line="221" name="test_copy[0-&lt;lambda&gt;8]" time="0.00042724609375"><skipped message="Suite splitting in effect" type="pytest.skip">src/pymortests/vectorarray.py:221: Suite splitting in effect</skipped></testcase><testcase classname="src.pymortests.vectorarray" file="src/pymortests/vectorarray.py" line="221" name="test_copy[0-&lt;lambda&gt;9]" time="0.0004343986511230469"><skipped message="Suite splitting in effect" type="pytest.skip">src/pymortests/vectorarray.py:221: Suite splitting in effect</skipped></testcase><testcase classname="src.pymortests.vectorarray" file="src/pymortests/vectorarray.py" line="221" name="test_copy[0-&lt;lambda&gt;10]" time="0.0007321834564208984"><skipped message="Suite splitting in effect" type="pytest.skip">src/pymortests/vectorarray.py:221: Suite splitting in effect</skipped></testcase><testcase classname="src.pymortests.vectorarray" file="src/pymortests/vectorarray.py" line="221" name="test_copy[0-&lt;lambda&gt;11]" time="0.00042128562927246094"><skipped message="Suite splitting in effect" type="pytest.skip">src/pymortests/vectorarray.py:221: Suite splitting in effect</skipped></testcase><testcase classname="src.pymortests.vectorarray" file="src/pymortests/vectorarray.py" line="221" name="test_copy[0-&lt;lambda&gt;12]" time="0.0004172325134277344"><skipped message="Suite splitting in effect" type="pytest.skip">src/pymortests/vectorarray.py:221: Suite splitting in effect</skipped></testcase><testcase classname="src.pymortests.vectorarray" file="src/pymortests/vectorarray.py" line="221" name="test_copy[0-&lt;lambda&gt;13]" time="0.0004279613494873047"><skipped message="Suite splitting in effect" type="pytest.skip">src/pymortests/vectorarray.py:221: Suite splitting in effect</skipped></testcase><testcase classname="src.pymortests.vectorarray" file="src/pymortests/vectorarray.py" line="221" name="test_copy[0-&lt;lambda&gt;14]" time="0.0004215240478515625"><skipped message="Suite splitting in effect" type="pytest.skip">src/pymortests/vectorarray.py:221: Suite splitting in effect</skipped></testcase><testcase classname="src.pymortests.vectorarray" file="src/pymortests/vectorarray.py" line="221" name="test_copy[0-&lt;lambda&gt;15]" time="0.00042724609375"><skipped message="Suite splitting in effect" type="pytest.skip">src/pymortests/vectorarray.py:221: Suite splitting in effect</skipped></testcase><testcase classname="src.pymortests.vectorarray" file="src/pymortests/vectorarray.py" line="221" name="test_copy[0-&lt;lambda&gt;16]" time="0.000415802001953125"><skipped message="Suite splitting in effect" type="pytest.skip">src/pymortests/vectorarray.py:221: Suite splitting in effect</skipped></testcase><testcase classname="src.pymortests.vectorarray" file="src/pymortests/vectorarray.py" line="221" name="test_copy[0-&lt;lambda&gt;17]" time="0.000461578369140625"><skipped message="Suite splitting in effect" type="pytest.skip">src/pymortests/vectorarray.py:221: Suite splitting in effect</skipped></testcase><testcase classname="src.pymortests.vectorarray" file="src/pymortests/vectorarray.py" line="221" name="test_copy[0-&lt;lambda&gt;18]" time="0.0007479190826416016"><skipped message="Suite splitting in effect" type="pytest.skip">src/pymortests/vectorarray.py:221: Suite splitting in effect</skipped></testcase><testcase classname="src.pymortests.vectorarray" file="src/pymortests/vectorarray.py" line="221" name="test_copy[0-&lt;lambda&gt;19]" time="0.0004191398620605469"><skipped message="Suite splitting in effect" type="pytest.skip">src/pymortests/vectorarray.py:221: Suite splitting in effect</skipped></testcase><testcase classname="src.pymortests.vectorarray" file="src/pymortests/vectorarray.py" line="221" name="test_copy[0-&lt;lambda&gt;20]" time="0.0004570484161376953"><skipped message="Suite splitting in effect" type="pytest.skip">src/pymortests/vectorarray.py:221: Suite splitting in effect</skipped></testcase><testcase classname="src.pymortests.vectorarray" file="src/pymortests/vectorarray.py" line="221" name="test_copy[0-&lt;lambda&gt;21]" time="0.0004622936248779297"><skipped message="Suite splitting in effect" type="pytest.skip">src/pymortests/vectorarray.py:221: Suite splitting in effect</skipped></testcase><testcase classname="src.pymortests.vectorarray" file="src/pymortests/vectorarray.py" line="221" name="test_copy[0-&lt;lambda&gt;22]" time="0.00041985511779785156"><skipped message="Suite splitting in effect" type="pytest.skip">src/pymortests/vectorarray.py:221: Suite splitting in effect</skipped></testcase><testcase classname="src.pymortests.vectorarray" file="src/pymortests/vectorarray.py" line="221" name="test_copy[0-&lt;lambda&gt;23]" time="0.0004067420959472656"><skipped message="Suite splitting in effect" type="pytest.skip">src/pymortests/vectorarray.py:221: Suite splitting in effect</skipped></testcase><testcase classname="src.pymortests.vectorarray" file="src/pymortests/vectorarray.py" line="221" name="test_copy[0-&lt;lambda&gt;24]" time="0.0004220008850097656"><skipped message="Suite splitting in effect" type="pytest.skip">src/pymortests/vectorarray.py:221: Suite splitting in effect</skipped></testcase><testcase classname="src.pymortests.vectorarray" file="src/pymortests/vectorarray.py" line="221" name="test_copy[0-&lt;lambda&gt;25]" time="0.0004229545593261719"><skipped message="Suite splitting in effect" type="pytest.skip">src/pymortests/vectorarray.py:221: Suite splitting in effect</skipped></testcase><testcase classname="src.pymortests.vectorarray" file="src/pymortests/vectorarray.py" line="221" name="test_copy[0-&lt;lambda&gt;26]" time="0.0007410049438476562"><skipped message="Suite splitting in effect" type="pytest.skip">src/pymortests/vectorarray.py:221: Suite splitting in effect</skipped></testcase><testcase classname="src.pymortests.vectorarray" file="src/pymortests/vectorarray.py" line="221" name="test_copy[1-&lt;lambda&gt;0]" time="0.0004172325134277344"><skipped message="Suite splitting in effect" type="pytest.skip">src/pymortests/vectorarray.py:221: Suite splitting in effect</skipped></testcase><testcase classname="src.pymortests.vectorarray" file="src/pymortests/vectorarray.py" line="221" name="test_copy[1-&lt;lambda&gt;1]" time="0.0004134178161621094"><skipped message="Suite splitting in effect" type="pytest.skip">src/pymortests/vectorarray.py:221: Suite splitting in effect</skipped></testcase><testcase classname="src.pymortests.vectorarray" file="src/pymortests/vectorarray.py" line="221" name="test_copy[1-&lt;lambda&gt;2]" time="0.00041794776916503906"><skipped message="Suite splitting in effect" type="pytest.skip">src/pymortests/vectorarray.py:221: Suite splitting in effect</skipped></testcase><testcase classname="src.pymortests.vectorarray" file="src/pymortests/vectorarray.py" line="221" name="test_copy[1-&lt;lambda&gt;3]" time="0.0004324913024902344"><skipped message="Suite splitting in effect" type="pytest.skip">src/pymortests/vectorarray.py:221: Suite splitting in effect</skipped></testcase><testcase classname="src.pymortests.vectorarray" file="src/pymortests/vectorarray.py" line="221" name="test_copy[1-&lt;lambda&gt;4]" time="0.0004329681396484375"><skipped message="Suite splitting in effect" type="pytest.skip">src/pymortests/vectorarray.py:221: Suite splitting in effect</skipped></testcase><testcase classname="src.pymortests.vectorarray" file="src/pymortests/vectorarray.py" line="221" name="test_copy[1-&lt;lambda&gt;5]" time="0.0004215240478515625"><skipped message="Suite splitting in effect" type="pytest.skip">src/pymortests/vectorarray.py:221: Suite splitting in effect</skipped></testcase><testcase classname="src.pymortests.vectorarray" file="src/pymortests/vectorarray.py" line="221" name="test_copy[1-&lt;lambda&gt;6]" time="0.0004220008850097656"><skipped message="Suite splitting in effect" type="pytest.skip">src/pymortests/vectorarray.py:221: Suite splitting in effect</skipped></testcase><testcase classname="src.pymortests.vectorarray" file="src/pymortests/vectorarray.py" line="221" name="test_copy[1-&lt;lambda&gt;7]" time="0.0007202625274658203"><skipped message="Suite splitting in effect" type="pytest.skip">src/pymortests/vectorarray.py:221: Suite splitting in effect</skipped></testcase><testcase classname="src.pymortests.vectorarray" file="src/pymortests/vectorarray.py" line="221" name="test_copy[1-&lt;lambda&gt;8]" time="0.0004355907440185547"><skipped message="Suite splitting in effect" type="pytest.skip">src/pymortests/vectorarray.py:221: Suite splitting in effect</skipped></testcase><testcase classname="src.pymortests.vectorarray" file="src/pymortests/vectorarray.py" line="221" name="test_copy[1-&lt;lambda&gt;9]" time="0.0004506111145019531"><skipped message="Suite splitting in effect" type="pytest.skip">src/pymortests/vectorarray.py:221: Suite splitting in effect</skipped></testcase><testcase classname="src.pymortests.vectorarray" file="src/pymortests/vectorarray.py" line="221" name="test_copy[1-&lt;lambda&gt;10]" time="0.0004394054412841797"><skipped message="Suite splitting in effect" type="pytest.skip">src/pymortests/vectorarray.py:221: Suite splitting in effect</skipped></testcase><testcase classname="src.pymortests.vectorarray" file="src/pymortests/vectorarray.py" line="221" name="test_copy[1-&lt;lambda&gt;11]" time="0.00041937828063964844"><skipped message="Suite splitting in effect" type="pytest.skip">src/pymortests/vectorarray.py:221: Suite splitting in effect</skipped></testcase><testcase classname="src.pymortests.vectorarray" file="src/pymortests/vectorarray.py" line="221" name="test_copy[1-&lt;lambda&gt;12]" time="0.0004291534423828125"><skipped message="Suite splitting in effect" type="pytest.skip">src/pymortests/vectorarray.py:221: Suite splitting in effect</skipped></testcase><testcase classname="src.pymortests.vectorarray" file="src/pymortests/vectorarray.py" line="221" name="test_copy[1-&lt;lambda&gt;13]" time="0.0004322528839111328"><skipped message="Suite splitting in effect" type="pytest.skip">src/pymortests/vectorarray.py:221: Suite splitting in effect</skipped></testcase><testcase classname="src.pymortests.vectorarray" file="src/pymortests/vectorarray.py" line="221" name="test_copy[1-&lt;lambda&gt;14]" time="0.00040531158447265625"><skipped message="Suite splitting in effect" type="pytest.skip">src/pymortests/vectorarray.py:221: Suite splitting in effect</skipped></testcase><testcase classname="src.pymortests.vectorarray" file="src/pymortests/vectorarray.py" line="221" name="test_copy[1-&lt;lambda&gt;15]" time="0.0007650852203369141"><skipped message="Suite splitting in effect" type="pytest.skip">src/pymortests/vectorarray.py:221: Suite splitting in effect</skipped></testcase><testcase classname="src.pymortests.vectorarray" file="src/pymortests/vectorarray.py" line="221" name="test_copy[1-&lt;lambda&gt;16]" time="0.0004143714904785156"><skipped message="Suite splitting in effect" type="pytest.skip">src/pymortests/vectorarray.py:221: Suite splitting in effect</skipped></testcase><testcase classname="src.pymortests.vectorarray" file="src/pymortests/vectorarray.py" line="221" name="test_copy[1-&lt;lambda&gt;17]" time="0.00042724609375"><skipped message="Suite splitting in effect" type="pytest.skip">src/pymortests/vectorarray.py:221: Suite splitting in effect</skipped></testcase><testcase classname="src.pymortests.vectorarray" file="src/pymortests/vectorarray.py" line="221" name="test_copy[1-&lt;lambda&gt;18]" time="0.0004127025604248047"><skipped message="Suite splitting in effect" type="pytest.skip">src/pymortests/vectorarray.py:221: Suite splitting in effect</skipped></testcase><testcase classname="src.pymortests.vectorarray" file="src/pymortests/vectorarray.py" line="221" name="test_copy[1-&lt;lambda&gt;19]" time="0.0004184246063232422"><skipped message="Suite splitting in effect" type="pytest.skip">src/pymortests/vectorarray.py:221: Suite splitting in effect</skipped></testcase><testcase classname="src.pymortests.vectorarray" file="src/pymortests/vectorarray.py" line="221" name="test_copy[1-&lt;lambda&gt;20]" time="0.0005028247833251953"><skipped message="Suite splitting in effect" type="pytest.skip">src/pymortests/vectorarray.py:221: Suite splitting in effect</skipped></testcase><testcase classname="src.pymortests.vectorarray" file="src/pymortests/vectorarray.py" line="221" name="test_copy[1-&lt;lambda&gt;21]" time="0.0004482269287109375"><skipped message="Suite splitting in effect" type="pytest.skip">src/pymortests/vectorarray.py:221: Suite splitting in effect</skipped></testcase><testcase classname="src.pymortests.vectorarray" file="src/pymortests/vectorarray.py" line="221" name="test_copy[1-&lt;lambda&gt;22]" time="0.0004169940948486328"><skipped message="Suite splitting in effect" type="pytest.skip">src/pymortests/vectorarray.py:221: Suite splitting in effect</skipped></testcase><testcase classname="src.pymortests.vectorarray" file="src/pymortests/vectorarray.py" line="221" name="test_copy[1-&lt;lambda&gt;23]" time="0.0009429454803466797"><skipped message="Suite splitting in effect" type="pytest.skip">src/pymortests/vectorarray.py:221: Suite splitting in effect</skipped></testcase><testcase classname="src.pymortests.vectorarray" file="src/pymortests/vectorarray.py" line="221" name="test_copy[1-&lt;lambda&gt;24]" time="0.00043702125549316406"><skipped message="Suite splitting in effect" type="pytest.skip">src/pymortests/vectorarray.py:221: Suite splitting in effect</skipped></testcase><testcase classname="src.pymortests.vectorarray" file="src/pymortests/vectorarray.py" line="221" name="test_copy[1-&lt;lambda&gt;25]" time="0.0004425048828125"><skipped message="Suite splitting in effect" type="pytest.skip">src/pymortests/vectorarray.py:221: Suite splitting in effect</skipped></testcase><testcase classname="src.pymortests.vectorarray" file="src/pymortests/vectorarray.py" line="221" name="test_copy[1-&lt;lambda&gt;26]" time="0.0004506111145019531"><skipped message="Suite splitting in effect" type="pytest.skip">src/pymortests/vectorarray.py:221: Suite splitting in effect</skipped></testcase><testcase classname="src.pymortests.vectorarray" file="src/pymortests/vectorarray.py" line="221" name="test_copy[2-&lt;lambda&gt;0]" time="0.0004928112030029297"><skipped message="Suite splitting in effect" type="pytest.skip">src/pymortests/vectorarray.py:221: Suite splitting in effect</skipped></testcase><testcase classname="src.pymortests.vectorarray" file="src/pymortests/vectorarray.py" line="221" name="test_copy[2-&lt;lambda&gt;1]" time="0.0006158351898193359"><skipped message="Suite splitting in effect" type="pytest.skip">src/pymortests/vectorarray.py:221: Suite splitting in effect</skipped></testcase><testcase classname="src.pymortests.vectorarray" file="src/pymortests/vectorarray.py" line="221" name="test_copy[2-&lt;lambda&gt;2]" time="0.0006670951843261719"><skipped message="Suite splitting in effect" type="pytest.skip">src/pymortests/vectorarray.py:221: Suite splitting in effect</skipped></testcase><testcase classname="src.pymortests.vectorarray" file="src/pymortests/vectorarray.py" line="221" name="test_copy[2-&lt;lambda&gt;3]" time="0.0006649494171142578"><skipped message="Suite splitting in effect" type="pytest.skip">src/pymortests/vectorarray.py:221: Suite splitting in effect</skipped></testcase><testcase classname="src.pymortests.vectorarray" file="src/pymortests/vectorarray.py" line="221" name="test_copy[2-&lt;lambda&gt;4]" time="0.0010967254638671875"><skipped message="Suite splitting in effect" type="pytest.skip">src/pymortests/vectorarray.py:221: Suite splitting in effect</skipped></testcase><testcase classname="src.pymortests.vectorarray" file="src/pymortests/vectorarray.py" line="221" name="test_copy[2-&lt;lambda&gt;5]" time="0.0006103515625"><skipped message="Suite splitting in effect" type="pytest.skip">src/pymortests/vectorarray.py:221: Suite splitting in effect</skipped></testcase><testcase classname="src.pymortests.vectorarray" file="src/pymortests/vectorarray.py" line="221" name="test_copy[2-&lt;lambda&gt;6]" time="0.0008220672607421875"><skipped message="Suite splitting in effect" type="pytest.skip">src/pymortests/vectorarray.py:221: Suite splitting in effect</skipped></testcase><testcase classname="src.pymortests.vectorarray" file="src/pymortests/vectorarray.py" line="221" name="test_copy[2-&lt;lambda&gt;7]" time="0.0006341934204101562"><skipped message="Suite splitting in effect" type="pytest.skip">src/pymortests/vectorarray.py:221: Suite splitting in effect</skipped></testcase><testcase classname="src.pymortests.vectorarray" file="src/pymortests/vectorarray.py" line="221" name="test_copy[2-&lt;lambda&gt;8]" time="0.0006766319274902344"><skipped message="Suite splitting in effect" type="pytest.skip">src/pymortests/vectorarray.py:221: Suite splitting in effect</skipped></testcase><testcase classname="src.pymortests.vectorarray" file="src/pymortests/vectorarray.py" line="221" name="test_copy[2-&lt;lambda&gt;9]" time="0.0006358623504638672"><skipped message="Suite splitting in effect" type="pytest.skip">src/pymortests/vectorarray.py:221: Suite splitting in effect</skipped></testcase><testcase classname="src.pymortests.vectorarray" file="src/pymortests/vectorarray.py" line="221" name="test_copy[2-&lt;lambda&gt;10]" time="0.0006623268127441406"><skipped message="Suite splitting in effect" type="pytest.skip">src/pymortests/vectorarray.py:221: Suite splitting in effect</skipped></testcase><testcase classname="src.pymortests.vectorarray" file="src/pymortests/vectorarray.py" line="221" name="test_copy[2-&lt;lambda&gt;11]" time="0.0007240772247314453"><skipped message="Suite splitting in effect" type="pytest.skip">src/pymortests/vectorarray.py:221: Suite splitting in effect</skipped></testcase><testcase classname="src.pymortests.vectorarray" file="src/pymortests/vectorarray.py" line="221" name="test_copy[2-&lt;lambda&gt;12]" time="0.001107931137084961"><skipped message="Suite splitting in effect" type="pytest.skip">src/pymortests/vectorarray.py:221: Suite splitting in effect</skipped></testcase><testcase classname="src.pymortests.vectorarray" file="src/pymortests/vectorarray.py" line="221" name="test_copy[2-&lt;lambda&gt;13]" time="0.0006155967712402344"><skipped message="Suite splitting in effect" type="pytest.skip">src/pymortests/vectorarray.py:221: Suite splitting in effect</skipped></testcase><testcase classname="src.pymortests.vectorarray" file="src/pymortests/vectorarray.py" line="221" name="test_copy[2-&lt;lambda&gt;14]" time="0.0006103515625"><skipped message="Suite splitting in effect" type="pytest.skip">src/pymortests/vectorarray.py:221: Suite splitting in effect</skipped></testcase><testcase classname="src.pymortests.vectorarray" file="src/pymortests/vectorarray.py" line="221" name="test_copy[2-&lt;lambda&gt;15]" time="0.0006692409515380859"><skipped message="Suite splitting in effect" type="pytest.skip">src/pymortests/vectorarray.py:221: Suite splitting in effect</skipped></testcase><testcase classname="src.pymortests.vectorarray" file="src/pymortests/vectorarray.py" line="221" name="test_copy[2-&lt;lambda&gt;16]" time="0.0006339550018310547"><skipped message="Suite splitting in effect" type="pytest.skip">src/pymortests/vectorarray.py:221: Suite splitting in effect</skipped></testcase><testcase classname="src.pymortests.vectorarray" file="src/pymortests/vectorarray.py" line="221" name="test_copy[2-&lt;lambda&gt;17]" time="0.0006465911865234375"><skipped message="Suite splitting in effect" type="pytest.skip">src/pymortests/vectorarray.py:221: Suite splitting in effect</skipped></testcase><testcase classname="src.pymortests.vectorarray" file="src/pymortests/vectorarray.py" line="221" name="test_copy[2-&lt;lambda&gt;18]" time="0.0006000995635986328"><skipped message="Suite splitting in effect" type="pytest.skip">src/pymortests/vectorarray.py:221: Suite splitting in effect</skipped></testcase><testcase classname="src.pymortests.vectorarray" file="src/pymortests/vectorarray.py" line="221" name="test_copy[2-&lt;lambda&gt;19]" time="0.0006153583526611328"><skipped message="Suite splitting in effect" type="pytest.skip">src/pymortests/vectorarray.py:221: Suite splitting in effect</skipped></testcase><testcase classname="src.pymortests.vectorarray" file="src/pymortests/vectorarray.py" line="221" name="test_copy[2-&lt;lambda&gt;20]" time="0.0010533332824707031"><skipped message="Suite splitting in effect" type="pytest.skip">src/pymortests/vectorarray.py:221: Suite splitting in effect</skipped></testcase><testcase classname="src.pymortests.vectorarray" file="src/pymortests/vectorarray.py" line="221" name="test_copy[2-&lt;lambda&gt;21]" time="0.0004737377166748047"><skipped message="Suite splitting in effect" type="pytest.skip">src/pymortests/vectorarray.py:221: Suite splitting in effect</skipped></testcase><testcase classname="src.pymortests.vectorarray" file="src/pymortests/vectorarray.py" line="221" name="test_copy[2-&lt;lambda&gt;22]" time="0.0004119873046875"><skipped message="Suite splitting in effect" type="pytest.skip">src/pymortests/vectorarray.py:221: Suite splitting in effect</skipped></testcase><testcase classname="src.pymortests.vectorarray" file="src/pymortests/vectorarray.py" line="221" name="test_copy[2-&lt;lambda&gt;23]" time="0.00045013427734375"><skipped message="Suite splitting in effect" type="pytest.skip">src/pymortests/vectorarray.py:221: Suite splitting in effect</skipped></testcase><testcase classname="src.pymortests.vectorarray" file="src/pymortests/vectorarray.py" line="221" name="test_copy[2-&lt;lambda&gt;24]" time="0.00041103363037109375"><skipped message="Suite splitting in effect" type="pytest.skip">src/pymortests/vectorarray.py:221: Suite splitting in effect</skipped></testcase><testcase classname="src.pymortests.vectorarray" file="src/pymortests/vectorarray.py" line="221" name="test_copy[2-&lt;lambda&gt;25]" time="0.00042557716369628906"><skipped message="Suite splitting in effect" type="pytest.skip">src/pymortests/vectorarray.py:221: Suite splitting in effect</skipped></testcase><testcase classname="src.pymortests.vectorarray" file="src/pymortests/vectorarray.py" line="221" name="test_copy[2-&lt;lambda&gt;26]" time="0.0004353523254394531"><skipped message="Suite splitting in effect" type="pytest.skip">src/pymortests/vectorarray.py:221: Suite splitting in effect</skipped></testcase><testcase classname="src.pymortests.vectorarray" file="src/pymortests/vectorarray.py" line="242" name="test_copy_repeated_index[0-&lt;lambda&gt;0]" time="0.00042557716369628906"><skipped message="Suite splitting in effect" type="pytest.skip">src/pymortests/vectorarray.py:242: Suite splitting in effect</skipped></testcase><testcase classname="src.pymortests.vectorarray" file="src/pymortests/vectorarray.py" line="242" name="test_copy_repeated_index[0-&lt;lambda&gt;1]" time="0.0008573532104492188"><skipped message="Suite splitting in effect" type="pytest.skip">src/pymortests/vectorarray.py:242: Suite splitting in effect</skipped></testcase><testcase classname="src.pymortests.vectorarray" file="src/pymortests/vectorarray.py" line="242" name="test_copy_repeated_index[0-&lt;lambda&gt;2]" time="0.00043320655822753906"><skipped message="Suite splitting in effect" type="pytest.skip">src/pymortests/vectorarray.py:242: Suite splitting in effect</skipped></testcase><testcase classname="src.pymortests.vectorarray" file="src/pymortests/vectorarray.py" line="242" name="test_copy_repeated_index[0-&lt;lambda&gt;3]" time="0.00042819976806640625"><skipped message="Suite splitting in effect" type="pytest.skip">src/pymortests/vectorarray.py:242: Suite splitting in effect</skipped></testcase><testcase classname="src.pymortests.vectorarray" file="src/pymortests/vectorarray.py" line="242" name="test_copy_repeated_index[0-&lt;lambda&gt;4]" time="0.0004982948303222656"><skipped message="Suite splitting in effect" type="pytest.skip">src/pymortests/vectorarray.py:242: Suite splitting in effect</skipped></testcase><testcase classname="src.pymortests.vectorarray" file="src/pymortests/vectorarray.py" line="242" name="test_copy_repeated_index[0-&lt;lambda&gt;5]" time="0.00042748451232910156"><skipped message="Suite splitting in effect" type="pytest.skip">src/pymortests/vectorarray.py:242: Suite splitting in effect</skipped></testcase><testcase classname="src.pymortests.vectorarray" file="src/pymortests/vectorarray.py" line="242" name="test_copy_repeated_index[0-&lt;lambda&gt;6]" time="0.0004394054412841797"><skipped message="Suite splitting in effect" type="pytest.skip">src/pymortests/vectorarray.py:242: Suite splitting in effect</skipped></testcase><testcase classname="src.pymortests.vectorarray" file="src/pymortests/vectorarray.py" line="242" name="test_copy_repeated_index[0-&lt;lambda&gt;7]" time="0.0004277229309082031"><skipped message="Suite splitting in effect" type="pytest.skip">src/pymortests/vectorarray.py:242: Suite splitting in effect</skipped></testcase><testcase classname="src.pymortests.vectorarray" file="src/pymortests/vectorarray.py" line="242" name="test_copy_repeated_index[0-&lt;lambda&gt;8]" time="0.0004775524139404297"><skipped message="Suite splitting in effect" type="pytest.skip">src/pymortests/vectorarray.py:242: Suite splitting in effect</skipped></testcase><testcase classname="src.pymortests.vectorarray" file="src/pymortests/vectorarray.py" line="242" name="test_copy_repeated_index[0-&lt;lambda&gt;9]" time="0.0007114410400390625"><skipped message="Suite splitting in effect" type="pytest.skip">src/pymortests/vectorarray.py:242: Suite splitting in effect</skipped></testcase><testcase classname="src.pymortests.vectorarray" file="src/pymortests/vectorarray.py" line="242" name="test_copy_repeated_index[0-&lt;lambda&gt;10]" time="0.0004391670227050781"><skipped message="Suite splitting in effect" type="pytest.skip">src/pymortests/vectorarray.py:242: Suite splitting in effect</skipped></testcase><testcase classname="src.pymortests.vectorarray" file="src/pymortests/vectorarray.py" line="242" name="test_copy_repeated_index[0-&lt;lambda&gt;11]" time="0.0004477500915527344"><skipped message="Suite splitting in effect" type="pytest.skip">src/pymortests/vectorarray.py:242: Suite splitting in effect</skipped></testcase><testcase classname="src.pymortests.vectorarray" file="src/pymortests/vectorarray.py" line="242" name="test_copy_repeated_index[0-&lt;lambda&gt;12]" time="0.0004291534423828125"><skipped message="Suite splitting in effect" type="pytest.skip">src/pymortests/vectorarray.py:242: Suite splitting in effect</skipped></testcase><testcase classname="src.pymortests.vectorarray" file="src/pymortests/vectorarray.py" line="242" name="test_copy_repeated_index[0-&lt;lambda&gt;13]" time="0.0004360675811767578"><skipped message="Suite splitting in effect" type="pytest.skip">src/pymortests/vectorarray.py:242: Suite splitting in effect</skipped></testcase><testcase classname="src.pymortests.vectorarray" file="src/pymortests/vectorarray.py" line="242" name="test_copy_repeated_index[0-&lt;lambda&gt;14]" time="0.0004775524139404297"><skipped message="Suite splitting in effect" type="pytest.skip">src/pymortests/vectorarray.py:242: Suite splitting in effect</skipped></testcase><testcase classname="src.pymortests.vectorarray" file="src/pymortests/vectorarray.py" line="242" name="test_copy_repeated_index[0-&lt;lambda&gt;15]" time="0.0004405975341796875"><skipped message="Suite splitting in effect" type="pytest.skip">src/pymortests/vectorarray.py:242: Suite splitting in effect</skipped></testcase><testcase classname="src.pymortests.vectorarray" file="src/pymortests/vectorarray.py" line="242" name="test_copy_repeated_index[0-&lt;lambda&gt;16]" time="0.000518798828125"><skipped message="Suite splitting in effect" type="pytest.skip">src/pymortests/vectorarray.py:242: Suite splitting in effect</skipped></testcase><testcase classname="src.pymortests.vectorarray" file="src/pymortests/vectorarray.py" line="242" name="test_copy_repeated_index[0-&lt;lambda&gt;17]" time="0.0007631778717041016"><skipped message="Suite splitting in effect" type="pytest.skip">src/pymortests/vectorarray.py:242: Suite splitting in effect</skipped></testcase><testcase classname="src.pymortests.vectorarray" file="src/pymortests/vectorarray.py" line="242" name="test_copy_repeated_index[0-&lt;lambda&gt;18]" time="0.00044226646423339844"><skipped message="Suite splitting in effect" type="pytest.skip">src/pymortests/vectorarray.py:242: Suite splitting in effect</skipped></testcase><testcase classname="src.pymortests.vectorarray" file="src/pymortests/vectorarray.py" line="242" name="test_copy_repeated_index[0-&lt;lambda&gt;19]" time="0.0004277229309082031"><skipped message="Suite splitting in effect" type="pytest.skip">src/pymortests/vectorarray.py:242: Suite splitting in effect</skipped></testcase><testcase classname="src.pymortests.vectorarray" file="src/pymortests/vectorarray.py" line="242" name="test_copy_repeated_index[0-&lt;lambda&gt;20]" time="0.0004296302795410156"><skipped message="Suite splitting in effect" type="pytest.skip">src/pymortests/vectorarray.py:242: Suite splitting in effect</skipped></testcase><testcase classname="src.pymortests.vectorarray" file="src/pymortests/vectorarray.py" line="242" name="test_copy_repeated_index[0-&lt;lambda&gt;21]" time="0.000461578369140625"><skipped message="Suite splitting in effect" type="pytest.skip">src/pymortests/vectorarray.py:242: Suite splitting in effect</skipped></testcase><testcase classname="src.pymortests.vectorarray" file="src/pymortests/vectorarray.py" line="242" name="test_copy_repeated_index[0-&lt;lambda&gt;22]" time="0.0004932880401611328"><skipped message="Suite splitting in effect" type="pytest.skip">src/pymortests/vectorarray.py:242: Suite splitting in effect</skipped></testcase><testcase classname="src.pymortests.vectorarray" file="src/pymortests/vectorarray.py" line="242" name="test_copy_repeated_index[0-&lt;lambda&gt;23]" time="0.00040912628173828125"><skipped message="Suite splitting in effect" type="pytest.skip">src/pymortests/vectorarray.py:242: Suite splitting in effect</skipped></testcase><testcase classname="src.pymortests.vectorarray" file="src/pymortests/vectorarray.py" line="242" name="test_copy_repeated_index[0-&lt;lambda&gt;24]" time="0.00042366981506347656"><skipped message="Suite splitting in effect" type="pytest.skip">src/pymortests/vectorarray.py:242: Suite splitting in effect</skipped></testcase><testcase classname="src.pymortests.vectorarray" file="src/pymortests/vectorarray.py" line="242" name="test_copy_repeated_index[0-&lt;lambda&gt;25]" time="0.0007987022399902344"><skipped message="Suite splitting in effect" type="pytest.skip">src/pymortests/vectorarray.py:242: Suite splitting in effect</skipped></testcase><testcase classname="src.pymortests.vectorarray" file="src/pymortests/vectorarray.py" line="242" name="test_copy_repeated_index[0-&lt;lambda&gt;26]" time="0.0004050731658935547"><skipped message="Suite splitting in effect" type="pytest.skip">src/pymortests/vectorarray.py:242: Suite splitting in effect</skipped></testcase><testcase classname="src.pymortests.vectorarray" file="src/pymortests/vectorarray.py" line="242" name="test_copy_repeated_index[1-&lt;lambda&gt;0]" time="0.0004172325134277344"><skipped message="Suite splitting in effect" type="pytest.skip">src/pymortests/vectorarray.py:242: Suite splitting in effect</skipped></testcase><testcase classname="src.pymortests.vectorarray" file="src/pymortests/vectorarray.py" line="242" name="test_copy_repeated_index[1-&lt;lambda&gt;1]" time="0.00042128562927246094"><skipped message="Suite splitting in effect" type="pytest.skip">src/pymortests/vectorarray.py:242: Suite splitting in effect</skipped></testcase><testcase classname="src.pymortests.vectorarray" file="src/pymortests/vectorarray.py" line="242" name="test_copy_repeated_index[1-&lt;lambda&gt;2]" time="0.0004706382751464844"><skipped message="Suite splitting in effect" type="pytest.skip">src/pymortests/vectorarray.py:242: Suite splitting in effect</skipped></testcase><testcase classname="src.pymortests.vectorarray" file="src/pymortests/vectorarray.py" line="242" name="test_copy_repeated_index[1-&lt;lambda&gt;3]" time="0.000431060791015625"><skipped message="Suite splitting in effect" type="pytest.skip">src/pymortests/vectorarray.py:242: Suite splitting in effect</skipped></testcase><testcase classname="src.pymortests.vectorarray" file="src/pymortests/vectorarray.py" line="242" name="test_copy_repeated_index[1-&lt;lambda&gt;4]" time="0.00043320655822753906"><skipped message="Suite splitting in effect" type="pytest.skip">src/pymortests/vectorarray.py:242: Suite splitting in effect</skipped></testcase><testcase classname="src.pymortests.vectorarray" file="src/pymortests/vectorarray.py" line="242" name="test_copy_repeated_index[1-&lt;lambda&gt;5]" time="0.0004813671112060547"><skipped message="Suite splitting in effect" type="pytest.skip">src/pymortests/vectorarray.py:242: Suite splitting in effect</skipped></testcase><testcase classname="src.pymortests.vectorarray" file="src/pymortests/vectorarray.py" line="242" name="test_copy_repeated_index[1-&lt;lambda&gt;6]" time="0.0007486343383789062"><skipped message="Suite splitting in effect" type="pytest.skip">src/pymortests/vectorarray.py:242: Suite splitting in effect</skipped></testcase><testcase classname="src.pymortests.vectorarray" file="src/pymortests/vectorarray.py" line="242" name="test_copy_repeated_index[1-&lt;lambda&gt;7]" time="0.00041365623474121094"><skipped message="Suite splitting in effect" type="pytest.skip">src/pymortests/vectorarray.py:242: Suite splitting in effect</skipped></testcase><testcase classname="src.pymortests.vectorarray" file="src/pymortests/vectorarray.py" line="242" name="test_copy_repeated_index[1-&lt;lambda&gt;8]" time="0.00047397613525390625"><skipped message="Suite splitting in effect" type="pytest.skip">src/pymortests/vectorarray.py:242: Suite splitting in effect</skipped></testcase><testcase classname="src.pymortests.vectorarray" file="src/pymortests/vectorarray.py" line="242" name="test_copy_repeated_index[1-&lt;lambda&gt;9]" time="0.00045490264892578125"><skipped message="Suite splitting in effect" type="pytest.skip">src/pymortests/vectorarray.py:242: Suite splitting in effect</skipped></testcase><testcase classname="src.pymortests.vectorarray" file="src/pymortests/vectorarray.py" line="242" name="test_copy_repeated_index[1-&lt;lambda&gt;10]" time="0.0004343986511230469"><skipped message="Suite splitting in effect" type="pytest.skip">src/pymortests/vectorarray.py:242: Suite splitting in effect</skipped></testcase><testcase classname="src.pymortests.vectorarray" file="src/pymortests/vectorarray.py" line="242" name="test_copy_repeated_index[1-&lt;lambda&gt;11]" time="0.0005006790161132812"><skipped message="Suite splitting in effect" type="pytest.skip">src/pymortests/vectorarray.py:242: Suite splitting in effect</skipped></testcase><testcase classname="src.pymortests.vectorarray" file="src/pymortests/vectorarray.py" line="242" name="test_copy_repeated_index[1-&lt;lambda&gt;12]" time="0.0006334781646728516"><skipped message="Suite splitting in effect" type="pytest.skip">src/pymortests/vectorarray.py:242: Suite splitting in effect</skipped></testcase><testcase classname="src.pymortests.vectorarray" file="src/pymortests/vectorarray.py" line="242" name="test_copy_repeated_index[1-&lt;lambda&gt;13]" time="0.0004508495330810547"><skipped message="Suite splitting in effect" type="pytest.skip">src/pymortests/vectorarray.py:242: Suite splitting in effect</skipped></testcase><testcase classname="src.pymortests.vectorarray" file="src/pymortests/vectorarray.py" line="242" name="test_copy_repeated_index[1-&lt;lambda&gt;14]" time="0.0007457733154296875"><skipped message="Suite splitting in effect" type="pytest.skip">src/pymortests/vectorarray.py:242: Suite splitting in effect</skipped></testcase><testcase classname="src.pymortests.vectorarray" file="src/pymortests/vectorarray.py" line="242" name="test_copy_repeated_index[1-&lt;lambda&gt;15]" time="0.0004203319549560547"><skipped message="Suite splitting in effect" type="pytest.skip">src/pymortests/vectorarray.py:242: Suite splitting in effect</skipped></testcase><testcase classname="src.pymortests.vectorarray" file="src/pymortests/vectorarray.py" line="242" name="test_copy_repeated_index[1-&lt;lambda&gt;16]" time="0.00041103363037109375"><skipped message="Suite splitting in effect" type="pytest.skip">src/pymortests/vectorarray.py:242: Suite splitting in effect</skipped></testcase><testcase classname="src.pymortests.vectorarray" file="src/pymortests/vectorarray.py" line="242" name="test_copy_repeated_index[1-&lt;lambda&gt;17]" time="0.0004584789276123047"><skipped message="Suite splitting in effect" type="pytest.skip">src/pymortests/vectorarray.py:242: Suite splitting in effect</skipped></testcase><testcase classname="src.pymortests.vectorarray" file="src/pymortests/vectorarray.py" line="242" name="test_copy_repeated_index[1-&lt;lambda&gt;18]" time="0.0004177093505859375"><skipped message="Suite splitting in effect" type="pytest.skip">src/pymortests/vectorarray.py:242: Suite splitting in effect</skipped></testcase><testcase classname="src.pymortests.vectorarray" file="src/pymortests/vectorarray.py" line="242" name="test_copy_repeated_index[1-&lt;lambda&gt;19]" time="0.00044274330139160156"><skipped message="Suite splitting in effect" type="pytest.skip">src/pymortests/vectorarray.py:242: Suite splitting in effect</skipped></testcase><testcase classname="src.pymortests.vectorarray" file="src/pymortests/vectorarray.py" line="242" name="test_copy_repeated_index[1-&lt;lambda&gt;20]" time="0.00044846534729003906"><skipped message="Suite splitting in effect" type="pytest.skip">src/pymortests/vectorarray.py:242: Suite splitting in effect</skipped></testcase><testcase classname="src.pymortests.vectorarray" file="src/pymortests/vectorarray.py" line="242" name="test_copy_repeated_index[1-&lt;lambda&gt;21]" time="0.0004942417144775391"><skipped message="Suite splitting in effect" type="pytest.skip">src/pymortests/vectorarray.py:242: Suite splitting in effect</skipped></testcase><testcase classname="src.pymortests.vectorarray" file="src/pymortests/vectorarray.py" line="242" name="test_copy_repeated_index[1-&lt;lambda&gt;22]" time="0.0007784366607666016"><skipped message="Suite splitting in effect" type="pytest.skip">src/pymortests/vectorarray.py:242: Suite splitting in effect</skipped></testcase><testcase classname="src.pymortests.vectorarray" file="src/pymortests/vectorarray.py" line="242" name="test_copy_repeated_index[1-&lt;lambda&gt;23]" time="0.0004076957702636719"><skipped message="Suite splitting in effect" type="pytest.skip">src/pymortests/vectorarray.py:242: Suite splitting in effect</skipped></testcase><testcase classname="src.pymortests.vectorarray" file="src/pymortests/vectorarray.py" line="242" name="test_copy_repeated_index[1-&lt;lambda&gt;24]" time="0.0004649162292480469"><skipped message="Suite splitting in effect" type="pytest.skip">src/pymortests/vectorarray.py:242: Suite splitting in effect</skipped></testcase><testcase classname="src.pymortests.vectorarray" file="src/pymortests/vectorarray.py" line="242" name="test_copy_repeated_index[1-&lt;lambda&gt;25]" time="0.0004229545593261719"><skipped message="Suite splitting in effect" type="pytest.skip">src/pymortests/vectorarray.py:242: Suite splitting in effect</skipped></testcase><testcase classname="src.pymortests.vectorarray" file="src/pymortests/vectorarray.py" line="242" name="test_copy_repeated_index[1-&lt;lambda&gt;26]" time="0.0004646778106689453"><skipped message="Suite splitting in effect" type="pytest.skip">src/pymortests/vectorarray.py:242: Suite splitting in effect</skipped></testcase><testcase classname="src.pymortests.vectorarray" file="src/pymortests/vectorarray.py" line="242" name="test_copy_repeated_index[2-&lt;lambda&gt;0]" time="0.0004589557647705078"><skipped message="Suite splitting in effect" type="pytest.skip">src/pymortests/vectorarray.py:242: Suite splitting in effect</skipped></testcase><testcase classname="src.pymortests.vectorarray" file="src/pymortests/vectorarray.py" line="242" name="test_copy_repeated_index[2-&lt;lambda&gt;1]" time="0.00042819976806640625"><skipped message="Suite splitting in effect" type="pytest.skip">src/pymortests/vectorarray.py:242: Suite splitting in effect</skipped></testcase><testcase classname="src.pymortests.vectorarray" file="src/pymortests/vectorarray.py" line="242" name="test_copy_repeated_index[2-&lt;lambda&gt;2]" time="0.0004565715789794922"><skipped message="Suite splitting in effect" type="pytest.skip">src/pymortests/vectorarray.py:242: Suite splitting in effect</skipped></testcase><testcase classname="src.pymortests.vectorarray" file="src/pymortests/vectorarray.py" line="242" name="test_copy_repeated_index[2-&lt;lambda&gt;3]" time="0.0007293224334716797"><skipped message="Suite splitting in effect" type="pytest.skip">src/pymortests/vectorarray.py:242: Suite splitting in effect</skipped></testcase><testcase classname="src.pymortests.vectorarray" file="src/pymortests/vectorarray.py" line="242" name="test_copy_repeated_index[2-&lt;lambda&gt;4]" time="0.0004324913024902344"><skipped message="Suite splitting in effect" type="pytest.skip">src/pymortests/vectorarray.py:242: Suite splitting in effect</skipped></testcase><testcase classname="src.pymortests.vectorarray" file="src/pymortests/vectorarray.py" line="242" name="test_copy_repeated_index[2-&lt;lambda&gt;5]" time="0.0004374980926513672"><skipped message="Suite splitting in effect" type="pytest.skip">src/pymortests/vectorarray.py:242: Suite splitting in effect</skipped></testcase><testcase classname="src.pymortests.vectorarray" file="src/pymortests/vectorarray.py" line="242" name="test_copy_repeated_index[2-&lt;lambda&gt;6]" time="0.00043010711669921875"><skipped message="Suite splitting in effect" type="pytest.skip">src/pymortests/vectorarray.py:242: Suite splitting in effect</skipped></testcase><testcase classname="src.pymortests.vectorarray" file="src/pymortests/vectorarray.py" line="242" name="test_copy_repeated_index[2-&lt;lambda&gt;7]" time="0.0004074573516845703"><skipped message="Suite splitting in effect" type="pytest.skip">src/pymortests/vectorarray.py:242: Suite splitting in effect</skipped></testcase><testcase classname="src.pymortests.vectorarray" file="src/pymortests/vectorarray.py" line="242" name="test_copy_repeated_index[2-&lt;lambda&gt;8]" time="0.00042819976806640625"><skipped message="Suite splitting in effect" type="pytest.skip">src/pymortests/vectorarray.py:242: Suite splitting in effect</skipped></testcase><testcase classname="src.pymortests.vectorarray" file="src/pymortests/vectorarray.py" line="242" name="test_copy_repeated_index[2-&lt;lambda&gt;9]" time="0.00046253204345703125"><skipped message="Suite splitting in effect" type="pytest.skip">src/pymortests/vectorarray.py:242: Suite splitting in effect</skipped></testcase><testcase classname="src.pymortests.vectorarray" file="src/pymortests/vectorarray.py" line="242" name="test_copy_repeated_index[2-&lt;lambda&gt;10]" time="0.0004570484161376953"><skipped message="Suite splitting in effect" type="pytest.skip">src/pymortests/vectorarray.py:242: Suite splitting in effect</skipped></testcase><testcase classname="src.pymortests.vectorarray" file="src/pymortests/vectorarray.py" line="242" name="test_copy_repeated_index[2-&lt;lambda&gt;11]" time="0.0009713172912597656"><skipped message="Suite splitting in effect" type="pytest.skip">src/pymortests/vectorarray.py:242: Suite splitting in effect</skipped></testcase><testcase classname="src.pymortests.vectorarray" file="src/pymortests/vectorarray.py" line="242" name="test_copy_repeated_index[2-&lt;lambda&gt;12]" time="0.00045418739318847656"><skipped message="Suite splitting in effect" type="pytest.skip">src/pymortests/vectorarray.py:242: Suite splitting in effect</skipped></testcase><testcase classname="src.pymortests.vectorarray" file="src/pymortests/vectorarray.py" line="242" name="test_copy_repeated_index[2-&lt;lambda&gt;13]" time="0.00045108795166015625"><skipped message="Suite splitting in effect" type="pytest.skip">src/pymortests/vectorarray.py:242: Suite splitting in effect</skipped></testcase><testcase classname="src.pymortests.vectorarray" file="src/pymortests/vectorarray.py" line="242" name="test_copy_repeated_index[2-&lt;lambda&gt;14]" time="0.00044798851013183594"><skipped message="Suite splitting in effect" type="pytest.skip">src/pymortests/vectorarray.py:242: Suite splitting in effect</skipped></testcase><testcase classname="src.pymortests.vectorarray" file="src/pymortests/vectorarray.py" line="242" name="test_copy_repeated_index[2-&lt;lambda&gt;15]" time="0.0004334449768066406"><skipped message="Suite splitting in effect" type="pytest.skip">src/pymortests/vectorarray.py:242: Suite splitting in effect</skipped></testcase><testcase classname="src.pymortests.vectorarray" file="src/pymortests/vectorarray.py" line="242" name="test_copy_repeated_index[2-&lt;lambda&gt;16]" time="0.00044536590576171875"><skipped message="Suite splitting in effect" type="pytest.skip">src/pymortests/vectorarray.py:242: Suite splitting in effect</skipped></testcase><testcase classname="src.pymortests.vectorarray" file="src/pymortests/vectorarray.py" line="242" name="test_copy_repeated_index[2-&lt;lambda&gt;17]" time="0.00043487548828125"><skipped message="Suite splitting in effect" type="pytest.skip">src/pymortests/vectorarray.py:242: Suite splitting in effect</skipped></testcase><testcase classname="src.pymortests.vectorarray" file="src/pymortests/vectorarray.py" line="242" name="test_copy_repeated_index[2-&lt;lambda&gt;18]" time="0.00045180320739746094"><skipped message="Suite splitting in effect" type="pytest.skip">src/pymortests/vectorarray.py:242: Suite splitting in effect</skipped></testcase><testcase classname="src.pymortests.vectorarray" file="src/pymortests/vectorarray.py" line="242" name="test_copy_repeated_index[2-&lt;lambda&gt;19]" time="0.0007290840148925781"><skipped message="Suite splitting in effect" type="pytest.skip">src/pymortests/vectorarray.py:242: Suite splitting in effect</skipped></testcase><testcase classname="src.pymortests.vectorarray" file="src/pymortests/vectorarray.py" line="242" name="test_copy_repeated_index[2-&lt;lambda&gt;20]" time="0.00047588348388671875"><skipped message="Suite splitting in effect" type="pytest.skip">src/pymortests/vectorarray.py:242: Suite splitting in effect</skipped></testcase><testcase classname="src.pymortests.vectorarray" file="src/pymortests/vectorarray.py" line="242" name="test_copy_repeated_index[2-&lt;lambda&gt;21]" time="0.00046515464782714844"><skipped message="Suite splitting in effect" type="pytest.skip">src/pymortests/vectorarray.py:242: Suite splitting in effect</skipped></testcase><testcase classname="src.pymortests.vectorarray" file="src/pymortests/vectorarray.py" line="242" name="test_copy_repeated_index[2-&lt;lambda&gt;22]" time="0.00047898292541503906"><skipped message="Suite splitting in effect" type="pytest.skip">src/pymortests/vectorarray.py:242: Suite splitting in effect</skipped></testcase><testcase classname="src.pymortests.vectorarray" file="src/pymortests/vectorarray.py" line="242" name="test_copy_repeated_index[2-&lt;lambda&gt;23]" time="0.0006115436553955078"><skipped message="Suite splitting in effect" type="pytest.skip">src/pymortests/vectorarray.py:242: Suite splitting in effect</skipped></testcase><testcase classname="src.pymortests.vectorarray" file="src/pymortests/vectorarray.py" line="242" name="test_copy_repeated_index[2-&lt;lambda&gt;24]" time="0.0004620552062988281"><skipped message="Suite splitting in effect" type="pytest.skip">src/pymortests/vectorarray.py:242: Suite splitting in effect</skipped></testcase><testcase classname="src.pymortests.vectorarray" file="src/pymortests/vectorarray.py" line="242" name="test_copy_repeated_index[2-&lt;lambda&gt;25]" time="0.0004248619079589844"><skipped message="Suite splitting in effect" type="pytest.skip">src/pymortests/vectorarray.py:242: Suite splitting in effect</skipped></testcase><testcase classname="src.pymortests.vectorarray" file="src/pymortests/vectorarray.py" line="242" name="test_copy_repeated_index[2-&lt;lambda&gt;26]" time="0.00041222572326660156"><skipped message="Suite splitting in effect" type="pytest.skip">src/pymortests/vectorarray.py:242: Suite splitting in effect</skipped></testcase><testcase classname="src.pymortests.vectorarray" file="src/pymortests/vectorarray.py" line="264" name="test_append[compatible_vector_array_pair0-&lt;lambda&gt;0]" time="0.000728607177734375"><skipped message="Suite splitting in effect" type="pytest.skip">src/pymortests/vectorarray.py:264: Suite splitting in effect</skipped></testcase><testcase classname="src.pymortests.vectorarray" file="src/pymortests/vectorarray.py" line="264" name="test_append[compatible_vector_array_pair0-&lt;lambda&gt;1]" time="0.0004508495330810547"><skipped message="Suite splitting in effect" type="pytest.skip">src/pymortests/vectorarray.py:264: Suite splitting in effect</skipped></testcase><testcase classname="src.pymortests.vectorarray" file="src/pymortests/vectorarray.py" line="264" name="test_append[compatible_vector_array_pair0-&lt;lambda&gt;2]" time="0.0004661083221435547"><skipped message="Suite splitting in effect" type="pytest.skip">src/pymortests/vectorarray.py:264: Suite splitting in effect</skipped></testcase><testcase classname="src.pymortests.vectorarray" file="src/pymortests/vectorarray.py" line="264" name="test_append[compatible_vector_array_pair0-&lt;lambda&gt;3]" time="0.0004436969757080078"><skipped message="Suite splitting in effect" type="pytest.skip">src/pymortests/vectorarray.py:264: Suite splitting in effect</skipped></testcase><testcase classname="src.pymortests.vectorarray" file="src/pymortests/vectorarray.py" line="264" name="test_append[compatible_vector_array_pair0-&lt;lambda&gt;4]" time="0.0004153251647949219"><skipped message="Suite splitting in effect" type="pytest.skip">src/pymortests/vectorarray.py:264: Suite splitting in effect</skipped></testcase><testcase classname="src.pymortests.vectorarray" file="src/pymortests/vectorarray.py" line="264" name="test_append[compatible_vector_array_pair0-&lt;lambda&gt;5]" time="0.00047135353088378906"><skipped message="Suite splitting in effect" type="pytest.skip">src/pymortests/vectorarray.py:264: Suite splitting in effect</skipped></testcase><testcase classname="src.pymortests.vectorarray" file="src/pymortests/vectorarray.py" line="264" name="test_append[compatible_vector_array_pair0-&lt;lambda&gt;6]" time="0.0004780292510986328"><skipped message="Suite splitting in effect" type="pytest.skip">src/pymortests/vectorarray.py:264: Suite splitting in effect</skipped></testcase><testcase classname="src.pymortests.vectorarray" file="src/pymortests/vectorarray.py" line="264" name="test_append[compatible_vector_array_pair0-&lt;lambda&gt;7]" time="0.0004220008850097656"><skipped message="Suite splitting in effect" type="pytest.skip">src/pymortests/vectorarray.py:264: Suite splitting in effect</skipped></testcase><testcase classname="src.pymortests.vectorarray" file="src/pymortests/vectorarray.py" line="264" name="test_append[compatible_vector_array_pair0-&lt;lambda&gt;8]" time="0.0007936954498291016"><skipped message="Suite splitting in effect" type="pytest.skip">src/pymortests/vectorarray.py:264: Suite splitting in effect</skipped></testcase><testcase classname="src.pymortests.vectorarray" file="src/pymortests/vectorarray.py" line="264" name="test_append[compatible_vector_array_pair0-&lt;lambda&gt;9]" time="0.0004227161407470703"><skipped message="Suite splitting in effect" type="pytest.skip">src/pymortests/vectorarray.py:264: Suite splitting in effect</skipped></testcase><testcase classname="src.pymortests.vectorarray" file="src/pymortests/vectorarray.py" line="264" name="test_append[compatible_vector_array_pair0-&lt;lambda&gt;10]" time="0.00047087669372558594"><skipped message="Suite splitting in effect" type="pytest.skip">src/pymortests/vectorarray.py:264: Suite splitting in effect</skipped></testcase><testcase classname="src.pymortests.vectorarray" file="src/pymortests/vectorarray.py" line="264" name="test_append[compatible_vector_array_pair0-&lt;lambda&gt;11]" time="0.00042366981506347656"><skipped message="Suite splitting in effect" type="pytest.skip">src/pymortests/vectorarray.py:264: Suite splitting in effect</skipped></testcase><testcase classname="src.pymortests.vectorarray" file="src/pymortests/vectorarray.py" line="264" name="test_append[compatible_vector_array_pair0-&lt;lambda&gt;12]" time="0.0004124641418457031"><skipped message="Suite splitting in effect" type="pytest.skip">src/pymortests/vectorarray.py:264: Suite splitting in effect</skipped></testcase><testcase classname="src.pymortests.vectorarray" file="src/pymortests/vectorarray.py" line="264" name="test_append[compatible_vector_array_pair0-&lt;lambda&gt;13]" time="0.00042629241943359375"><skipped message="Suite splitting in effect" type="pytest.skip">src/pymortests/vectorarray.py:264: Suite splitting in effect</skipped></testcase><testcase classname="src.pymortests.vectorarray" file="src/pymortests/vectorarray.py" line="264" name="test_append[compatible_vector_array_pair0-&lt;lambda&gt;14]" time="0.0004570484161376953"><skipped message="Suite splitting in effect" type="pytest.skip">src/pymortests/vectorarray.py:264: Suite splitting in effect</skipped></testcase><testcase classname="src.pymortests.vectorarray" file="src/pymortests/vectorarray.py" line="264" name="test_append[compatible_vector_array_pair0-&lt;lambda&gt;15]" time="0.0004096031188964844"><skipped message="Suite splitting in effect" type="pytest.skip">src/pymortests/vectorarray.py:264: Suite splitting in effect</skipped></testcase><testcase classname="src.pymortests.vectorarray" file="src/pymortests/vectorarray.py" line="264" name="test_append[compatible_vector_array_pair0-&lt;lambda&gt;16]" time="0.0007741451263427734"><skipped message="Suite splitting in effect" type="pytest.skip">src/pymortests/vectorarray.py:264: Suite splitting in effect</skipped></testcase><testcase classname="src.pymortests.vectorarray" file="src/pymortests/vectorarray.py" line="264" name="test_append[compatible_vector_array_pair0-&lt;lambda&gt;17]" time="0.0004146099090576172"><skipped message="Suite splitting in effect" type="pytest.skip">src/pymortests/vectorarray.py:264: Suite splitting in effect</skipped></testcase><testcase classname="src.pymortests.vectorarray" file="src/pymortests/vectorarray.py" line="264" name="test_append[compatible_vector_array_pair0-&lt;lambda&gt;18]" time="0.0004456043243408203"><skipped message="Suite splitting in effect" type="pytest.skip">src/pymortests/vectorarray.py:264: Suite splitting in effect</skipped></testcase><testcase classname="src.pymortests.vectorarray" file="src/pymortests/vectorarray.py" line="264" name="test_append[compatible_vector_array_pair0-&lt;lambda&gt;19]" time="0.0004525184631347656"><skipped message="Suite splitting in effect" type="pytest.skip">src/pymortests/vectorarray.py:264: Suite splitting in effect</skipped></testcase><testcase classname="src.pymortests.vectorarray" file="src/pymortests/vectorarray.py" line="264" name="test_append[compatible_vector_array_pair0-&lt;lambda&gt;20]" time="0.00040912628173828125"><skipped message="Suite splitting in effect" type="pytest.skip">src/pymortests/vectorarray.py:264: Suite splitting in effect</skipped></testcase><testcase classname="src.pymortests.vectorarray" file="src/pymortests/vectorarray.py" line="264" name="test_append[compatible_vector_array_pair0-&lt;lambda&gt;21]" time="0.00042438507080078125"><skipped message="Suite splitting in effect" type="pytest.skip">src/pymortests/vectorarray.py:264: Suite splitting in effect</skipped></testcase><testcase classname="src.pymortests.vectorarray" file="src/pymortests/vectorarray.py" line="264" name="test_append[compatible_vector_array_pair0-&lt;lambda&gt;22]" time="0.0004096031188964844"><skipped message="Suite splitting in effect" type="pytest.skip">src/pymortests/vectorarray.py:264: Suite splitting in effect</skipped></testcase><testcase classname="src.pymortests.vectorarray" file="src/pymortests/vectorarray.py" line="264" name="test_append[compatible_vector_array_pair0-&lt;lambda&gt;23]" time="0.0004417896270751953"><skipped message="Suite splitting in effect" type="pytest.skip">src/pymortests/vectorarray.py:264: Suite splitting in effect</skipped></testcase><testcase classname="src.pymortests.vectorarray" file="src/pymortests/vectorarray.py" line="264" name="test_append[compatible_vector_array_pair0-&lt;lambda&gt;24]" time="0.0007119178771972656"><skipped message="Suite splitting in effect" type="pytest.skip">src/pymortests/vectorarray.py:264: Suite splitting in effect</skipped></testcase><testcase classname="src.pymortests.vectorarray" file="src/pymortests/vectorarray.py" line="264" name="test_append[compatible_vector_array_pair0-&lt;lambda&gt;25]" time="0.0005290508270263672"><skipped message="Suite splitting in effect" type="pytest.skip">src/pymortests/vectorarray.py:264: Suite splitting in effect</skipped></testcase><testcase classname="src.pymortests.vectorarray" file="src/pymortests/vectorarray.py" line="264" name="test_append[compatible_vector_array_pair0-&lt;lambda&gt;26]" time="0.00057220458984375"><skipped message="Suite splitting in effect" type="pytest.skip">src/pymortests/vectorarray.py:264: Suite splitting in effect</skipped></testcase><testcase classname="src.pymortests.vectorarray" file="src/pymortests/vectorarray.py" line="264" name="test_append[compatible_vector_array_pair0-&lt;lambda&gt;27]" time="0.00045013427734375"><skipped message="Suite splitting in effect" type="pytest.skip">src/pymortests/vectorarray.py:264: Suite splitting in effect</skipped></testcase><testcase classname="src.pymortests.vectorarray" file="src/pymortests/vectorarray.py" line="264" name="test_append[compatible_vector_array_pair0-&lt;lambda&gt;28]" time="0.00044083595275878906"><skipped message="Suite splitting in effect" type="pytest.skip">src/pymortests/vectorarray.py:264: Suite splitting in effect</skipped></testcase><testcase classname="src.pymortests.vectorarray" file="src/pymortests/vectorarray.py" line="264" name="test_append[compatible_vector_array_pair0-&lt;lambda&gt;29]" time="0.0004553794860839844"><skipped message="Suite splitting in effect" type="pytest.skip">src/pymortests/vectorarray.py:264: Suite splitting in effect</skipped></testcase><testcase classname="src.pymortests.vectorarray" file="src/pymortests/vectorarray.py" line="264" name="test_append[compatible_vector_array_pair1-&lt;lambda&gt;0]" time="0.0004162788391113281"><skipped message="Suite splitting in effect" type="pytest.skip">src/pymortests/vectorarray.py:264: Suite splitting in effect</skipped></testcase><testcase classname="src.pymortests.vectorarray" file="src/pymortests/vectorarray.py" line="264" name="test_append[compatible_vector_array_pair1-&lt;lambda&gt;1]" time="0.00043511390686035156"><skipped message="Suite splitting in effect" type="pytest.skip">src/pymortests/vectorarray.py:264: Suite splitting in effect</skipped></testcase><testcase classname="src.pymortests.vectorarray" file="src/pymortests/vectorarray.py" line="264" name="test_append[compatible_vector_array_pair1-&lt;lambda&gt;2]" time="0.0007734298706054688"><skipped message="Suite splitting in effect" type="pytest.skip">src/pymortests/vectorarray.py:264: Suite splitting in effect</skipped></testcase><testcase classname="src.pymortests.vectorarray" file="src/pymortests/vectorarray.py" line="264" name="test_append[compatible_vector_array_pair1-&lt;lambda&gt;3]" time="0.00045299530029296875"><skipped message="Suite splitting in effect" type="pytest.skip">src/pymortests/vectorarray.py:264: Suite splitting in effect</skipped></testcase><testcase classname="src.pymortests.vectorarray" file="src/pymortests/vectorarray.py" line="264" name="test_append[compatible_vector_array_pair1-&lt;lambda&gt;4]" time="0.00042939186096191406"><skipped message="Suite splitting in effect" type="pytest.skip">src/pymortests/vectorarray.py:264: Suite splitting in effect</skipped></testcase><testcase classname="src.pymortests.vectorarray" file="src/pymortests/vectorarray.py" line="264" name="test_append[compatible_vector_array_pair1-&lt;lambda&gt;5]" time="0.00044155120849609375"><skipped message="Suite splitting in effect" type="pytest.skip">src/pymortests/vectorarray.py:264: Suite splitting in effect</skipped></testcase><testcase classname="src.pymortests.vectorarray" file="src/pymortests/vectorarray.py" line="264" name="test_append[compatible_vector_array_pair1-&lt;lambda&gt;6]" time="0.00044727325439453125"><skipped message="Suite splitting in effect" type="pytest.skip">src/pymortests/vectorarray.py:264: Suite splitting in effect</skipped></testcase><testcase classname="src.pymortests.vectorarray" file="src/pymortests/vectorarray.py" line="264" name="test_append[compatible_vector_array_pair1-&lt;lambda&gt;7]" time="0.0004394054412841797"><skipped message="Suite splitting in effect" type="pytest.skip">src/pymortests/vectorarray.py:264: Suite splitting in effect</skipped></testcase><testcase classname="src.pymortests.vectorarray" file="src/pymortests/vectorarray.py" line="264" name="test_append[compatible_vector_array_pair1-&lt;lambda&gt;8]" time="0.0004298686981201172"><skipped message="Suite splitting in effect" type="pytest.skip">src/pymortests/vectorarray.py:264: Suite splitting in effect</skipped></testcase><testcase classname="src.pymortests.vectorarray" file="src/pymortests/vectorarray.py" line="264" name="test_append[compatible_vector_array_pair1-&lt;lambda&gt;9]" time="0.0004210472106933594"><skipped message="Suite splitting in effect" type="pytest.skip">src/pymortests/vectorarray.py:264: Suite splitting in effect</skipped></testcase><testcase classname="src.pymortests.vectorarray" file="src/pymortests/vectorarray.py" line="264" name="test_append[compatible_vector_array_pair1-&lt;lambda&gt;10]" time="0.0007283687591552734"><skipped message="Suite splitting in effect" type="pytest.skip">src/pymortests/vectorarray.py:264: Suite splitting in effect</skipped></testcase><testcase classname="src.pymortests.vectorarray" file="src/pymortests/vectorarray.py" line="264" name="test_append[compatible_vector_array_pair1-&lt;lambda&gt;11]" time="0.0004303455352783203"><skipped message="Suite splitting in effect" type="pytest.skip">src/pymortests/vectorarray.py:264: Suite splitting in effect</skipped></testcase><testcase classname="src.pymortests.vectorarray" file="src/pymortests/vectorarray.py" line="264" name="test_append[compatible_vector_array_pair1-&lt;lambda&gt;12]" time="0.0004622936248779297"><skipped message="Suite splitting in effect" type="pytest.skip">src/pymortests/vectorarray.py:264: Suite splitting in effect</skipped></testcase><testcase classname="src.pymortests.vectorarray" file="src/pymortests/vectorarray.py" line="264" name="test_append[compatible_vector_array_pair1-&lt;lambda&gt;13]" time="0.00043463706970214844"><skipped message="Suite splitting in effect" type="pytest.skip">src/pymortests/vectorarray.py:264: Suite splitting in effect</skipped></testcase><testcase classname="src.pymortests.vectorarray" file="src/pymortests/vectorarray.py" line="264" name="test_append[compatible_vector_array_pair1-&lt;lambda&gt;14]" time="0.0004329681396484375"><skipped message="Suite splitting in effect" type="pytest.skip">src/pymortests/vectorarray.py:264: Suite splitting in effect</skipped></testcase><testcase classname="src.pymortests.vectorarray" file="src/pymortests/vectorarray.py" line="264" name="test_append[compatible_vector_array_pair1-&lt;lambda&gt;15]" time="0.0004863739013671875"><skipped message="Suite splitting in effect" type="pytest.skip">src/pymortests/vectorarray.py:264: Suite splitting in effect</skipped></testcase><testcase classname="src.pymortests.vectorarray" file="src/pymortests/vectorarray.py" line="264" name="test_append[compatible_vector_array_pair1-&lt;lambda&gt;16]" time="0.0004410743713378906"><skipped message="Suite splitting in effect" type="pytest.skip">src/pymortests/vectorarray.py:264: Suite splitting in effect</skipped></testcase><testcase classname="src.pymortests.vectorarray" file="src/pymortests/vectorarray.py" line="264" name="test_append[compatible_vector_array_pair1-&lt;lambda&gt;17]" time="0.00044226646423339844"><skipped message="Suite splitting in effect" type="pytest.skip">src/pymortests/vectorarray.py:264: Suite splitting in effect</skipped></testcase><testcase classname="src.pymortests.vectorarray" file="src/pymortests/vectorarray.py" line="264" name="test_append[compatible_vector_array_pair1-&lt;lambda&gt;18]" time="0.0007724761962890625"><skipped message="Suite splitting in effect" type="pytest.skip">src/pymortests/vectorarray.py:264: Suite splitting in effect</skipped></testcase><testcase classname="src.pymortests.vectorarray" file="src/pymortests/vectorarray.py" line="264" name="test_append[compatible_vector_array_pair1-&lt;lambda&gt;19]" time="0.0004355907440185547"><skipped message="Suite splitting in effect" type="pytest.skip">src/pymortests/vectorarray.py:264: Suite splitting in effect</skipped></testcase><testcase classname="src.pymortests.vectorarray" file="src/pymortests/vectorarray.py" line="264" name="test_append[compatible_vector_array_pair1-&lt;lambda&gt;20]" time="0.0004634857177734375"><skipped message="Suite splitting in effect" type="pytest.skip">src/pymortests/vectorarray.py:264: Suite splitting in effect</skipped></testcase><testcase classname="src.pymortests.vectorarray" file="src/pymortests/vectorarray.py" line="264" name="test_append[compatible_vector_array_pair1-&lt;lambda&gt;21]" time="0.00045108795166015625"><skipped message="Suite splitting in effect" type="pytest.skip">src/pymortests/vectorarray.py:264: Suite splitting in effect</skipped></testcase><testcase classname="src.pymortests.vectorarray" file="src/pymortests/vectorarray.py" line="264" name="test_append[compatible_vector_array_pair1-&lt;lambda&gt;22]" time="0.0004208087921142578"><skipped message="Suite splitting in effect" type="pytest.skip">src/pymortests/vectorarray.py:264: Suite splitting in effect</skipped></testcase><testcase classname="src.pymortests.vectorarray" file="src/pymortests/vectorarray.py" line="264" name="test_append[compatible_vector_array_pair1-&lt;lambda&gt;23]" time="0.00043201446533203125"><skipped message="Suite splitting in effect" type="pytest.skip">src/pymortests/vectorarray.py:264: Suite splitting in effect</skipped></testcase><testcase classname="src.pymortests.vectorarray" file="src/pymortests/vectorarray.py" line="264" name="test_append[compatible_vector_array_pair1-&lt;lambda&gt;24]" time="0.00044608116149902344"><skipped message="Suite splitting in effect" type="pytest.skip">src/pymortests/vectorarray.py:264: Suite splitting in effect</skipped></testcase><testcase classname="src.pymortests.vectorarray" file="src/pymortests/vectorarray.py" line="264" name="test_append[compatible_vector_array_pair1-&lt;lambda&gt;25]" time="0.0004096031188964844"><skipped message="Suite splitting in effect" type="pytest.skip">src/pymortests/vectorarray.py:264: Suite splitting in effect</skipped></testcase><testcase classname="src.pymortests.vectorarray" file="src/pymortests/vectorarray.py" line="264" name="test_append[compatible_vector_array_pair1-&lt;lambda&gt;26]" time="0.0010023117065429688"><skipped message="Suite splitting in effect" type="pytest.skip">src/pymortests/vectorarray.py:264: Suite splitting in effect</skipped></testcase><testcase classname="src.pymortests.vectorarray" file="src/pymortests/vectorarray.py" line="264" name="test_append[compatible_vector_array_pair1-&lt;lambda&gt;27]" time="0.0004177093505859375"><skipped message="Suite splitting in effect" type="pytest.skip">src/pymortests/vectorarray.py:264: Suite splitting in effect</skipped></testcase><testcase classname="src.pymortests.vectorarray" file="src/pymortests/vectorarray.py" line="264" name="test_append[compatible_vector_array_pair1-&lt;lambda&gt;28]" time="0.0004131793975830078"><skipped message="Suite splitting in effect" type="pytest.skip">src/pymortests/vectorarray.py:264: Suite splitting in effect</skipped></testcase><testcase classname="src.pymortests.vectorarray" file="src/pymortests/vectorarray.py" line="264" name="test_append[compatible_vector_array_pair1-&lt;lambda&gt;29]" time="0.0004286766052246094"><skipped message="Suite splitting in effect" type="pytest.skip">src/pymortests/vectorarray.py:264: Suite splitting in effect</skipped></testcase><testcase classname="src.pymortests.vectorarray" file="src/pymortests/vectorarray.py" line="264" name="test_append[compatible_vector_array_pair2-&lt;lambda&gt;0]" time="0.0004203319549560547"><skipped message="Suite splitting in effect" type="pytest.skip">src/pymortests/vectorarray.py:264: Suite splitting in effect</skipped></testcase><testcase classname="src.pymortests.vectorarray" file="src/pymortests/vectorarray.py" line="264" name="test_append[compatible_vector_array_pair2-&lt;lambda&gt;1]" time="0.0004482269287109375"><skipped message="Suite splitting in effect" type="pytest.skip">src/pymortests/vectorarray.py:264: Suite splitting in effect</skipped></testcase><testcase classname="src.pymortests.vectorarray" file="src/pymortests/vectorarray.py" line="264" name="test_append[compatible_vector_array_pair2-&lt;lambda&gt;2]" time="0.0004229545593261719"><skipped message="Suite splitting in effect" type="pytest.skip">src/pymortests/vectorarray.py:264: Suite splitting in effect</skipped></testcase><testcase classname="src.pymortests.vectorarray" file="src/pymortests/vectorarray.py" line="264" name="test_append[compatible_vector_array_pair2-&lt;lambda&gt;3]" time="0.00042319297790527344"><skipped message="Suite splitting in effect" type="pytest.skip">src/pymortests/vectorarray.py:264: Suite splitting in effect</skipped></testcase><testcase classname="src.pymortests.vectorarray" file="src/pymortests/vectorarray.py" line="264" name="test_append[compatible_vector_array_pair2-&lt;lambda&gt;4]" time="0.0008289813995361328"><skipped message="Suite splitting in effect" type="pytest.skip">src/pymortests/vectorarray.py:264: Suite splitting in effect</skipped></testcase><testcase classname="src.pymortests.vectorarray" file="src/pymortests/vectorarray.py" line="264" name="test_append[compatible_vector_array_pair2-&lt;lambda&gt;5]" time="0.00041675567626953125"><skipped message="Suite splitting in effect" type="pytest.skip">src/pymortests/vectorarray.py:264: Suite splitting in effect</skipped></testcase><testcase classname="src.pymortests.vectorarray" file="src/pymortests/vectorarray.py" line="264" name="test_append[compatible_vector_array_pair2-&lt;lambda&gt;6]" time="0.00048804283142089844"><skipped message="Suite splitting in effect" type="pytest.skip">src/pymortests/vectorarray.py:264: Suite splitting in effect</skipped></testcase><testcase classname="src.pymortests.vectorarray" file="src/pymortests/vectorarray.py" line="264" name="test_append[compatible_vector_array_pair2-&lt;lambda&gt;7]" time="0.0006515979766845703"><skipped message="Suite splitting in effect" type="pytest.skip">src/pymortests/vectorarray.py:264: Suite splitting in effect</skipped></testcase><testcase classname="src.pymortests.vectorarray" file="src/pymortests/vectorarray.py" line="264" name="test_append[compatible_vector_array_pair2-&lt;lambda&gt;8]" time="0.0004949569702148438"><skipped message="Suite splitting in effect" type="pytest.skip">src/pymortests/vectorarray.py:264: Suite splitting in effect</skipped></testcase><testcase classname="src.pymortests.vectorarray" file="src/pymortests/vectorarray.py" line="264" name="test_append[compatible_vector_array_pair2-&lt;lambda&gt;9]" time="0.0004856586456298828"><skipped message="Suite splitting in effect" type="pytest.skip">src/pymortests/vectorarray.py:264: Suite splitting in effect</skipped></testcase><testcase classname="src.pymortests.vectorarray" file="src/pymortests/vectorarray.py" line="264" name="test_append[compatible_vector_array_pair2-&lt;lambda&gt;10]" time="0.0004322528839111328"><skipped message="Suite splitting in effect" type="pytest.skip">src/pymortests/vectorarray.py:264: Suite splitting in effect</skipped></testcase><testcase classname="src.pymortests.vectorarray" file="src/pymortests/vectorarray.py" line="264" name="test_append[compatible_vector_array_pair2-&lt;lambda&gt;11]" time="0.00047898292541503906"><skipped message="Suite splitting in effect" type="pytest.skip">src/pymortests/vectorarray.py:264: Suite splitting in effect</skipped></testcase><testcase classname="src.pymortests.vectorarray" file="src/pymortests/vectorarray.py" line="264" name="test_append[compatible_vector_array_pair2-&lt;lambda&gt;12]" time="0.0007371902465820312"><skipped message="Suite splitting in effect" type="pytest.skip">src/pymortests/vectorarray.py:264: Suite splitting in effect</skipped></testcase><testcase classname="src.pymortests.vectorarray" file="src/pymortests/vectorarray.py" line="264" name="test_append[compatible_vector_array_pair2-&lt;lambda&gt;13]" time="0.000446319580078125"><skipped message="Suite splitting in effect" type="pytest.skip">src/pymortests/vectorarray.py:264: Suite splitting in effect</skipped></testcase><testcase classname="src.pymortests.vectorarray" file="src/pymortests/vectorarray.py" line="264" name="test_append[compatible_vector_array_pair2-&lt;lambda&gt;14]" time="0.0004267692565917969"><skipped message="Suite splitting in effect" type="pytest.skip">src/pymortests/vectorarray.py:264: Suite splitting in effect</skipped></testcase><testcase classname="src.pymortests.vectorarray" file="src/pymortests/vectorarray.py" line="264" name="test_append[compatible_vector_array_pair2-&lt;lambda&gt;15]" time="0.00045609474182128906"><skipped message="Suite splitting in effect" type="pytest.skip">src/pymortests/vectorarray.py:264: Suite splitting in effect</skipped></testcase><testcase classname="src.pymortests.vectorarray" file="src/pymortests/vectorarray.py" line="264" name="test_append[compatible_vector_array_pair2-&lt;lambda&gt;16]" time="0.0004601478576660156"><skipped message="Suite splitting in effect" type="pytest.skip">src/pymortests/vectorarray.py:264: Suite splitting in effect</skipped></testcase><testcase classname="src.pymortests.vectorarray" file="src/pymortests/vectorarray.py" line="264" name="test_append[compatible_vector_array_pair2-&lt;lambda&gt;17]" time="0.00043201446533203125"><skipped message="Suite splitting in effect" type="pytest.skip">src/pymortests/vectorarray.py:264: Suite splitting in effect</skipped></testcase><testcase classname="src.pymortests.vectorarray" file="src/pymortests/vectorarray.py" line="264" name="test_append[compatible_vector_array_pair2-&lt;lambda&gt;18]" time="0.00047135353088378906"><skipped message="Suite splitting in effect" type="pytest.skip">src/pymortests/vectorarray.py:264: Suite splitting in effect</skipped></testcase><testcase classname="src.pymortests.vectorarray" file="src/pymortests/vectorarray.py" line="264" name="test_append[compatible_vector_array_pair2-&lt;lambda&gt;19]" time="0.00043201446533203125"><skipped message="Suite splitting in effect" type="pytest.skip">src/pymortests/vectorarray.py:264: Suite splitting in effect</skipped></testcase><testcase classname="src.pymortests.vectorarray" file="src/pymortests/vectorarray.py" line="264" name="test_append[compatible_vector_array_pair2-&lt;lambda&gt;20]" time="0.0010061264038085938"><skipped message="Suite splitting in effect" type="pytest.skip">src/pymortests/vectorarray.py:264: Suite splitting in effect</skipped></testcase><testcase classname="src.pymortests.vectorarray" file="src/pymortests/vectorarray.py" line="264" name="test_append[compatible_vector_array_pair2-&lt;lambda&gt;21]" time="0.0004611015319824219"><skipped message="Suite splitting in effect" type="pytest.skip">src/pymortests/vectorarray.py:264: Suite splitting in effect</skipped></testcase><testcase classname="src.pymortests.vectorarray" file="src/pymortests/vectorarray.py" line="264" name="test_append[compatible_vector_array_pair2-&lt;lambda&gt;22]" time="0.00042176246643066406"><skipped message="Suite splitting in effect" type="pytest.skip">src/pymortests/vectorarray.py:264: Suite splitting in effect</skipped></testcase><testcase classname="src.pymortests.vectorarray" file="src/pymortests/vectorarray.py" line="264" name="test_append[compatible_vector_array_pair2-&lt;lambda&gt;23]" time="0.0004258155822753906"><skipped message="Suite splitting in effect" type="pytest.skip">src/pymortests/vectorarray.py:264: Suite splitting in effect</skipped></testcase><testcase classname="src.pymortests.vectorarray" file="src/pymortests/vectorarray.py" line="264" name="test_append[compatible_vector_array_pair2-&lt;lambda&gt;24]" time="0.0004744529724121094"><skipped message="Suite splitting in effect" type="pytest.skip">src/pymortests/vectorarray.py:264: Suite splitting in effect</skipped></testcase><testcase classname="src.pymortests.vectorarray" file="src/pymortests/vectorarray.py" line="264" name="test_append[compatible_vector_array_pair2-&lt;lambda&gt;25]" time="0.00042629241943359375"><skipped message="Suite splitting in effect" type="pytest.skip">src/pymortests/vectorarray.py:264: Suite splitting in effect</skipped></testcase><testcase classname="src.pymortests.vectorarray" file="src/pymortests/vectorarray.py" line="264" name="test_append[compatible_vector_array_pair2-&lt;lambda&gt;26]" time="0.00043773651123046875"><skipped message="Suite splitting in effect" type="pytest.skip">src/pymortests/vectorarray.py:264: Suite splitting in effect</skipped></testcase><testcase classname="src.pymortests.vectorarray" file="src/pymortests/vectorarray.py" line="264" name="test_append[compatible_vector_array_pair2-&lt;lambda&gt;27]" time="0.0004153251647949219"><skipped message="Suite splitting in effect" type="pytest.skip">src/pymortests/vectorarray.py:264: Suite splitting in effect</skipped></testcase><testcase classname="src.pymortests.vectorarray" file="src/pymortests/vectorarray.py" line="264" name="test_append[compatible_vector_array_pair2-&lt;lambda&gt;28]" time="0.0007550716400146484"><skipped message="Suite splitting in effect" type="pytest.skip">src/pymortests/vectorarray.py:264: Suite splitting in effect</skipped></testcase><testcase classname="src.pymortests.vectorarray" file="src/pymortests/vectorarray.py" line="264" name="test_append[compatible_vector_array_pair2-&lt;lambda&gt;29]" time="0.00041484832763671875"><skipped message="Suite splitting in effect" type="pytest.skip">src/pymortests/vectorarray.py:264: Suite splitting in effect</skipped></testcase><testcase classname="src.pymortests.vectorarray" file="src/pymortests/vectorarray.py" line="264" name="test_append[compatible_vector_array_pair3-&lt;lambda&gt;0]" time="0.00043201446533203125"><skipped message="Suite splitting in effect" type="pytest.skip">src/pymortests/vectorarray.py:264: Suite splitting in effect</skipped></testcase><testcase classname="src.pymortests.vectorarray" file="src/pymortests/vectorarray.py" line="264" name="test_append[compatible_vector_array_pair3-&lt;lambda&gt;1]" time="0.0004398822784423828"><skipped message="Suite splitting in effect" type="pytest.skip">src/pymortests/vectorarray.py:264: Suite splitting in effect</skipped></testcase><testcase classname="src.pymortests.vectorarray" file="src/pymortests/vectorarray.py" line="264" name="test_append[compatible_vector_array_pair3-&lt;lambda&gt;2]" time="0.00043654441833496094"><skipped message="Suite splitting in effect" type="pytest.skip">src/pymortests/vectorarray.py:264: Suite splitting in effect</skipped></testcase><testcase classname="src.pymortests.vectorarray" file="src/pymortests/vectorarray.py" line="264" name="test_append[compatible_vector_array_pair3-&lt;lambda&gt;3]" time="0.0004227161407470703"><skipped message="Suite splitting in effect" type="pytest.skip">src/pymortests/vectorarray.py:264: Suite splitting in effect</skipped></testcase><testcase classname="src.pymortests.vectorarray" file="src/pymortests/vectorarray.py" line="264" name="test_append[compatible_vector_array_pair3-&lt;lambda&gt;4]" time="0.0004444122314453125"><skipped message="Suite splitting in effect" type="pytest.skip">src/pymortests/vectorarray.py:264: Suite splitting in effect</skipped></testcase><testcase classname="src.pymortests.vectorarray" file="src/pymortests/vectorarray.py" line="264" name="test_append[compatible_vector_array_pair3-&lt;lambda&gt;5]" time="0.0004177093505859375"><skipped message="Suite splitting in effect" type="pytest.skip">src/pymortests/vectorarray.py:264: Suite splitting in effect</skipped></testcase><testcase classname="src.pymortests.vectorarray" file="src/pymortests/vectorarray.py" line="264" name="test_append[compatible_vector_array_pair3-&lt;lambda&gt;6]" time="0.0007336139678955078"><skipped message="Suite splitting in effect" type="pytest.skip">src/pymortests/vectorarray.py:264: Suite splitting in effect</skipped></testcase><testcase classname="src.pymortests.vectorarray" file="src/pymortests/vectorarray.py" line="264" name="test_append[compatible_vector_array_pair3-&lt;lambda&gt;7]" time="0.0004677772521972656"><skipped message="Suite splitting in effect" type="pytest.skip">src/pymortests/vectorarray.py:264: Suite splitting in effect</skipped></testcase><testcase classname="src.pymortests.vectorarray" file="src/pymortests/vectorarray.py" line="264" name="test_append[compatible_vector_array_pair3-&lt;lambda&gt;8]" time="0.00042748451232910156"><skipped message="Suite splitting in effect" type="pytest.skip">src/pymortests/vectorarray.py:264: Suite splitting in effect</skipped></testcase><testcase classname="src.pymortests.vectorarray" file="src/pymortests/vectorarray.py" line="264" name="test_append[compatible_vector_array_pair3-&lt;lambda&gt;9]" time="0.0004341602325439453"><skipped message="Suite splitting in effect" type="pytest.skip">src/pymortests/vectorarray.py:264: Suite splitting in effect</skipped></testcase><testcase classname="src.pymortests.vectorarray" file="src/pymortests/vectorarray.py" line="264" name="test_append[compatible_vector_array_pair3-&lt;lambda&gt;10]" time="0.00041675567626953125"><skipped message="Suite splitting in effect" type="pytest.skip">src/pymortests/vectorarray.py:264: Suite splitting in effect</skipped></testcase><testcase classname="src.pymortests.vectorarray" file="src/pymortests/vectorarray.py" line="264" name="test_append[compatible_vector_array_pair3-&lt;lambda&gt;11]" time="0.00047898292541503906"><skipped message="Suite splitting in effect" type="pytest.skip">src/pymortests/vectorarray.py:264: Suite splitting in effect</skipped></testcase><testcase classname="src.pymortests.vectorarray" file="src/pymortests/vectorarray.py" line="264" name="test_append[compatible_vector_array_pair3-&lt;lambda&gt;12]" time="0.00041365623474121094"><skipped message="Suite splitting in effect" type="pytest.skip">src/pymortests/vectorarray.py:264: Suite splitting in effect</skipped></testcase><testcase classname="src.pymortests.vectorarray" file="src/pymortests/vectorarray.py" line="264" name="test_append[compatible_vector_array_pair3-&lt;lambda&gt;13]" time="0.00055694580078125"><skipped message="Suite splitting in effect" type="pytest.skip">src/pymortests/vectorarray.py:264: Suite splitting in effect</skipped></testcase><testcase classname="src.pymortests.vectorarray" file="src/pymortests/vectorarray.py" line="264" name="test_append[compatible_vector_array_pair3-&lt;lambda&gt;14]" time="0.0007402896881103516"><skipped message="Suite splitting in effect" type="pytest.skip">src/pymortests/vectorarray.py:264: Suite splitting in effect</skipped></testcase><testcase classname="src.pymortests.vectorarray" file="src/pymortests/vectorarray.py" line="264" name="test_append[compatible_vector_array_pair3-&lt;lambda&gt;15]" time="0.0004382133483886719"><skipped message="Suite splitting in effect" type="pytest.skip">src/pymortests/vectorarray.py:264: Suite splitting in effect</skipped></testcase><testcase classname="src.pymortests.vectorarray" file="src/pymortests/vectorarray.py" line="264" name="test_append[compatible_vector_array_pair3-&lt;lambda&gt;16]" time="0.000530242919921875"><skipped message="Suite splitting in effect" type="pytest.skip">src/pymortests/vectorarray.py:264: Suite splitting in effect</skipped></testcase><testcase classname="src.pymortests.vectorarray" file="src/pymortests/vectorarray.py" line="264" name="test_append[compatible_vector_array_pair3-&lt;lambda&gt;17]" time="0.0005347728729248047"><skipped message="Suite splitting in effect" type="pytest.skip">src/pymortests/vectorarray.py:264: Suite splitting in effect</skipped></testcase><testcase classname="src.pymortests.vectorarray" file="src/pymortests/vectorarray.py" line="264" name="test_append[compatible_vector_array_pair3-&lt;lambda&gt;18]" time="0.000431060791015625"><skipped message="Suite splitting in effect" type="pytest.skip">src/pymortests/vectorarray.py:264: Suite splitting in effect</skipped></testcase><testcase classname="src.pymortests.vectorarray" file="src/pymortests/vectorarray.py" line="264" name="test_append[compatible_vector_array_pair3-&lt;lambda&gt;19]" time="0.0004210472106933594"><skipped message="Suite splitting in effect" type="pytest.skip">src/pymortests/vectorarray.py:264: Suite splitting in effect</skipped></testcase><testcase classname="src.pymortests.vectorarray" file="src/pymortests/vectorarray.py" line="264" name="test_append[compatible_vector_array_pair3-&lt;lambda&gt;20]" time="0.00042438507080078125"><skipped message="Suite splitting in effect" type="pytest.skip">src/pymortests/vectorarray.py:264: Suite splitting in effect</skipped></testcase><testcase classname="src.pymortests.vectorarray" file="src/pymortests/vectorarray.py" line="264" name="test_append[compatible_vector_array_pair3-&lt;lambda&gt;21]" time="0.0004253387451171875"><skipped message="Suite splitting in effect" type="pytest.skip">src/pymortests/vectorarray.py:264: Suite splitting in effect</skipped></testcase><testcase classname="src.pymortests.vectorarray" file="src/pymortests/vectorarray.py" line="264" name="test_append[compatible_vector_array_pair3-&lt;lambda&gt;22]" time="0.0007696151733398438"><skipped message="Suite splitting in effect" type="pytest.skip">src/pymortests/vectorarray.py:264: Suite splitting in effect</skipped></testcase><testcase classname="src.pymortests.vectorarray" file="src/pymortests/vectorarray.py" line="264" name="test_append[compatible_vector_array_pair3-&lt;lambda&gt;23]" time="0.0004506111145019531"><skipped message="Suite splitting in effect" type="pytest.skip">src/pymortests/vectorarray.py:264: Suite splitting in effect</skipped></testcase><testcase classname="src.pymortests.vectorarray" file="src/pymortests/vectorarray.py" line="264" name="test_append[compatible_vector_array_pair3-&lt;lambda&gt;24]" time="0.00045299530029296875"><skipped message="Suite splitting in effect" type="pytest.skip">src/pymortests/vectorarray.py:264: Suite splitting in effect</skipped></testcase><testcase classname="src.pymortests.vectorarray" file="src/pymortests/vectorarray.py" line="264" name="test_append[compatible_vector_array_pair3-&lt;lambda&gt;25]" time="0.00043511390686035156"><skipped message="Suite splitting in effect" type="pytest.skip">src/pymortests/vectorarray.py:264: Suite splitting in effect</skipped></testcase><testcase classname="src.pymortests.vectorarray" file="src/pymortests/vectorarray.py" line="264" name="test_append[compatible_vector_array_pair3-&lt;lambda&gt;26]" time="0.0004506111145019531"><skipped message="Suite splitting in effect" type="pytest.skip">src/pymortests/vectorarray.py:264: Suite splitting in effect</skipped></testcase><testcase classname="src.pymortests.vectorarray" file="src/pymortests/vectorarray.py" line="264" name="test_append[compatible_vector_array_pair3-&lt;lambda&gt;27]" time="0.00042510032653808594"><skipped message="Suite splitting in effect" type="pytest.skip">src/pymortests/vectorarray.py:264: Suite splitting in effect</skipped></testcase><testcase classname="src.pymortests.vectorarray" file="src/pymortests/vectorarray.py" line="264" name="test_append[compatible_vector_array_pair3-&lt;lambda&gt;28]" time="0.00047588348388671875"><skipped message="Suite splitting in effect" type="pytest.skip">src/pymortests/vectorarray.py:264: Suite splitting in effect</skipped></testcase><testcase classname="src.pymortests.vectorarray" file="src/pymortests/vectorarray.py" line="264" name="test_append[compatible_vector_array_pair3-&lt;lambda&gt;29]" time="0.0004296302795410156"><skipped message="Suite splitting in effect" type="pytest.skip">src/pymortests/vectorarray.py:264: Suite splitting in effect</skipped></testcase><testcase classname="src.pymortests.vectorarray" file="src/pymortests/vectorarray.py" line="264" name="test_append[compatible_vector_array_pair4-&lt;lambda&gt;0]" time="0.0007910728454589844"><skipped message="Suite splitting in effect" type="pytest.skip">src/pymortests/vectorarray.py:264: Suite splitting in effect</skipped></testcase><testcase classname="src.pymortests.vectorarray" file="src/pymortests/vectorarray.py" line="264" name="test_append[compatible_vector_array_pair4-&lt;lambda&gt;1]" time="0.0004856586456298828"><skipped message="Suite splitting in effect" type="pytest.skip">src/pymortests/vectorarray.py:264: Suite splitting in effect</skipped></testcase><testcase classname="src.pymortests.vectorarray" file="src/pymortests/vectorarray.py" line="264" name="test_append[compatible_vector_array_pair4-&lt;lambda&gt;2]" time="0.00045943260192871094"><skipped message="Suite splitting in effect" type="pytest.skip">src/pymortests/vectorarray.py:264: Suite splitting in effect</skipped></testcase><testcase classname="src.pymortests.vectorarray" file="src/pymortests/vectorarray.py" line="264" name="test_append[compatible_vector_array_pair4-&lt;lambda&gt;3]" time="0.0004673004150390625"><skipped message="Suite splitting in effect" type="pytest.skip">src/pymortests/vectorarray.py:264: Suite splitting in effect</skipped></testcase><testcase classname="src.pymortests.vectorarray" file="src/pymortests/vectorarray.py" line="264" name="test_append[compatible_vector_array_pair4-&lt;lambda&gt;4]" time="0.0004470348358154297"><skipped message="Suite splitting in effect" type="pytest.skip">src/pymortests/vectorarray.py:264: Suite splitting in effect</skipped></testcase><testcase classname="src.pymortests.vectorarray" file="src/pymortests/vectorarray.py" line="264" name="test_append[compatible_vector_array_pair4-&lt;lambda&gt;5]" time="0.0004839897155761719"><skipped message="Suite splitting in effect" type="pytest.skip">src/pymortests/vectorarray.py:264: Suite splitting in effect</skipped></testcase><testcase classname="src.pymortests.vectorarray" file="src/pymortests/vectorarray.py" line="264" name="test_append[compatible_vector_array_pair4-&lt;lambda&gt;6]" time="0.0005600452423095703"><skipped message="Suite splitting in effect" type="pytest.skip">src/pymortests/vectorarray.py:264: Suite splitting in effect</skipped></testcase><testcase classname="src.pymortests.vectorarray" file="src/pymortests/vectorarray.py" line="264" name="test_append[compatible_vector_array_pair4-&lt;lambda&gt;7]" time="0.00046443939208984375"><skipped message="Suite splitting in effect" type="pytest.skip">src/pymortests/vectorarray.py:264: Suite splitting in effect</skipped></testcase><testcase classname="src.pymortests.vectorarray" file="src/pymortests/vectorarray.py" line="264" name="test_append[compatible_vector_array_pair4-&lt;lambda&gt;8]" time="0.0008137226104736328"><skipped message="Suite splitting in effect" type="pytest.skip">src/pymortests/vectorarray.py:264: Suite splitting in effect</skipped></testcase><testcase classname="src.pymortests.vectorarray" file="src/pymortests/vectorarray.py" line="264" name="test_append[compatible_vector_array_pair4-&lt;lambda&gt;9]" time="0.0004665851593017578"><skipped message="Suite splitting in effect" type="pytest.skip">src/pymortests/vectorarray.py:264: Suite splitting in effect</skipped></testcase><testcase classname="src.pymortests.vectorarray" file="src/pymortests/vectorarray.py" line="264" name="test_append[compatible_vector_array_pair4-&lt;lambda&gt;10]" time="0.00044608116149902344"><skipped message="Suite splitting in effect" type="pytest.skip">src/pymortests/vectorarray.py:264: Suite splitting in effect</skipped></testcase><testcase classname="src.pymortests.vectorarray" file="src/pymortests/vectorarray.py" line="264" name="test_append[compatible_vector_array_pair4-&lt;lambda&gt;11]" time="0.00042629241943359375"><skipped message="Suite splitting in effect" type="pytest.skip">src/pymortests/vectorarray.py:264: Suite splitting in effect</skipped></testcase><testcase classname="src.pymortests.vectorarray" file="src/pymortests/vectorarray.py" line="264" name="test_append[compatible_vector_array_pair4-&lt;lambda&gt;12]" time="0.0006101131439208984"><skipped message="Suite splitting in effect" type="pytest.skip">src/pymortests/vectorarray.py:264: Suite splitting in effect</skipped></testcase><testcase classname="src.pymortests.vectorarray" file="src/pymortests/vectorarray.py" line="264" name="test_append[compatible_vector_array_pair4-&lt;lambda&gt;13]" time="0.0006017684936523438"><skipped message="Suite splitting in effect" type="pytest.skip">src/pymortests/vectorarray.py:264: Suite splitting in effect</skipped></testcase><testcase classname="src.pymortests.vectorarray" file="src/pymortests/vectorarray.py" line="264" name="test_append[compatible_vector_array_pair4-&lt;lambda&gt;14]" time="0.0004410743713378906"><skipped message="Suite splitting in effect" type="pytest.skip">src/pymortests/vectorarray.py:264: Suite splitting in effect</skipped></testcase><testcase classname="src.pymortests.vectorarray" file="src/pymortests/vectorarray.py" line="264" name="test_append[compatible_vector_array_pair4-&lt;lambda&gt;15]" time="0.0004801750183105469"><skipped message="Suite splitting in effect" type="pytest.skip">src/pymortests/vectorarray.py:264: Suite splitting in effect</skipped></testcase><testcase classname="src.pymortests.vectorarray" file="src/pymortests/vectorarray.py" line="264" name="test_append[compatible_vector_array_pair4-&lt;lambda&gt;16]" time="0.0007672309875488281"><skipped message="Suite splitting in effect" type="pytest.skip">src/pymortests/vectorarray.py:264: Suite splitting in effect</skipped></testcase><testcase classname="src.pymortests.vectorarray" file="src/pymortests/vectorarray.py" line="264" name="test_append[compatible_vector_array_pair4-&lt;lambda&gt;17]" time="0.000446319580078125"><skipped message="Suite splitting in effect" type="pytest.skip">src/pymortests/vectorarray.py:264: Suite splitting in effect</skipped></testcase><testcase classname="src.pymortests.vectorarray" file="src/pymortests/vectorarray.py" line="264" name="test_append[compatible_vector_array_pair4-&lt;lambda&gt;18]" time="0.0004093647003173828"><skipped message="Suite splitting in effect" type="pytest.skip">src/pymortests/vectorarray.py:264: Suite splitting in effect</skipped></testcase><testcase classname="src.pymortests.vectorarray" file="src/pymortests/vectorarray.py" line="264" name="test_append[compatible_vector_array_pair4-&lt;lambda&gt;19]" time="0.00042510032653808594"><skipped message="Suite splitting in effect" type="pytest.skip">src/pymortests/vectorarray.py:264: Suite splitting in effect</skipped></testcase><testcase classname="src.pymortests.vectorarray" file="src/pymortests/vectorarray.py" line="264" name="test_append[compatible_vector_array_pair4-&lt;lambda&gt;20]" time="0.00043892860412597656"><skipped message="Suite splitting in effect" type="pytest.skip">src/pymortests/vectorarray.py:264: Suite splitting in effect</skipped></testcase><testcase classname="src.pymortests.vectorarray" file="src/pymortests/vectorarray.py" line="264" name="test_append[compatible_vector_array_pair4-&lt;lambda&gt;21]" time="0.00042819976806640625"><skipped message="Suite splitting in effect" type="pytest.skip">src/pymortests/vectorarray.py:264: Suite splitting in effect</skipped></testcase><testcase classname="src.pymortests.vectorarray" file="src/pymortests/vectorarray.py" line="264" name="test_append[compatible_vector_array_pair4-&lt;lambda&gt;22]" time="0.0004394054412841797"><skipped message="Suite splitting in effect" type="pytest.skip">src/pymortests/vectorarray.py:264: Suite splitting in effect</skipped></testcase><testcase classname="src.pymortests.vectorarray" file="src/pymortests/vectorarray.py" line="264" name="test_append[compatible_vector_array_pair4-&lt;lambda&gt;23]" time="0.0004534721374511719"><skipped message="Suite splitting in effect" type="pytest.skip">src/pymortests/vectorarray.py:264: Suite splitting in effect</skipped></testcase><testcase classname="src.pymortests.vectorarray" file="src/pymortests/vectorarray.py" line="264" name="test_append[compatible_vector_array_pair4-&lt;lambda&gt;24]" time="0.0007708072662353516"><skipped message="Suite splitting in effect" type="pytest.skip">src/pymortests/vectorarray.py:264: Suite splitting in effect</skipped></testcase><testcase classname="src.pymortests.vectorarray" file="src/pymortests/vectorarray.py" line="264" name="test_append[compatible_vector_array_pair4-&lt;lambda&gt;25]" time="0.0004420280456542969"><skipped message="Suite splitting in effect" type="pytest.skip">src/pymortests/vectorarray.py:264: Suite splitting in effect</skipped></testcase><testcase classname="src.pymortests.vectorarray" file="src/pymortests/vectorarray.py" line="264" name="test_append[compatible_vector_array_pair4-&lt;lambda&gt;26]" time="0.00044155120849609375"><skipped message="Suite splitting in effect" type="pytest.skip">src/pymortests/vectorarray.py:264: Suite splitting in effect</skipped></testcase><testcase classname="src.pymortests.vectorarray" file="src/pymortests/vectorarray.py" line="264" name="test_append[compatible_vector_array_pair4-&lt;lambda&gt;27]" time="0.0004673004150390625"><skipped message="Suite splitting in effect" type="pytest.skip">src/pymortests/vectorarray.py:264: Suite splitting in effect</skipped></testcase><testcase classname="src.pymortests.vectorarray" file="src/pymortests/vectorarray.py" line="264" name="test_append[compatible_vector_array_pair4-&lt;lambda&gt;28]" time="0.0004515647888183594"><skipped message="Suite splitting in effect" type="pytest.skip">src/pymortests/vectorarray.py:264: Suite splitting in effect</skipped></testcase><testcase classname="src.pymortests.vectorarray" file="src/pymortests/vectorarray.py" line="264" name="test_append[compatible_vector_array_pair4-&lt;lambda&gt;29]" time="0.0004208087921142578"><skipped message="Suite splitting in effect" type="pytest.skip">src/pymortests/vectorarray.py:264: Suite splitting in effect</skipped></testcase><testcase classname="src.pymortests.vectorarray" file="src/pymortests/vectorarray.py" line="264" name="test_append[compatible_vector_array_pair5-&lt;lambda&gt;0]" time="0.0004317760467529297"><skipped message="Suite splitting in effect" type="pytest.skip">src/pymortests/vectorarray.py:264: Suite splitting in effect</skipped></testcase><testcase classname="src.pymortests.vectorarray" file="src/pymortests/vectorarray.py" line="264" name="test_append[compatible_vector_array_pair5-&lt;lambda&gt;1]" time="0.0005304813385009766"><skipped message="Suite splitting in effect" type="pytest.skip">src/pymortests/vectorarray.py:264: Suite splitting in effect</skipped></testcase><testcase classname="src.pymortests.vectorarray" file="src/pymortests/vectorarray.py" line="264" name="test_append[compatible_vector_array_pair5-&lt;lambda&gt;2]" time="0.0010402202606201172"><skipped message="Suite splitting in effect" type="pytest.skip">src/pymortests/vectorarray.py:264: Suite splitting in effect</skipped></testcase><testcase classname="src.pymortests.vectorarray" file="src/pymortests/vectorarray.py" line="264" name="test_append[compatible_vector_array_pair5-&lt;lambda&gt;3]" time="0.0004401206970214844"><skipped message="Suite splitting in effect" type="pytest.skip">src/pymortests/vectorarray.py:264: Suite splitting in effect</skipped></testcase><testcase classname="src.pymortests.vectorarray" file="src/pymortests/vectorarray.py" line="264" name="test_append[compatible_vector_array_pair5-&lt;lambda&gt;4]" time="0.00044989585876464844"><skipped message="Suite splitting in effect" type="pytest.skip">src/pymortests/vectorarray.py:264: Suite splitting in effect</skipped></testcase><testcase classname="src.pymortests.vectorarray" file="src/pymortests/vectorarray.py" line="264" name="test_append[compatible_vector_array_pair5-&lt;lambda&gt;5]" time="0.00043463706970214844"><skipped message="Suite splitting in effect" type="pytest.skip">src/pymortests/vectorarray.py:264: Suite splitting in effect</skipped></testcase><testcase classname="src.pymortests.vectorarray" file="src/pymortests/vectorarray.py" line="264" name="test_append[compatible_vector_array_pair5-&lt;lambda&gt;6]" time="0.0004253387451171875"><skipped message="Suite splitting in effect" type="pytest.skip">src/pymortests/vectorarray.py:264: Suite splitting in effect</skipped></testcase><testcase classname="src.pymortests.vectorarray" file="src/pymortests/vectorarray.py" line="264" name="test_append[compatible_vector_array_pair5-&lt;lambda&gt;7]" time="0.00042748451232910156"><skipped message="Suite splitting in effect" type="pytest.skip">src/pymortests/vectorarray.py:264: Suite splitting in effect</skipped></testcase><testcase classname="src.pymortests.vectorarray" file="src/pymortests/vectorarray.py" line="264" name="test_append[compatible_vector_array_pair5-&lt;lambda&gt;8]" time="0.00041961669921875"><skipped message="Suite splitting in effect" type="pytest.skip">src/pymortests/vectorarray.py:264: Suite splitting in effect</skipped></testcase><testcase classname="src.pymortests.vectorarray" file="src/pymortests/vectorarray.py" line="264" name="test_append[compatible_vector_array_pair5-&lt;lambda&gt;9]" time="0.00043129920959472656"><skipped message="Suite splitting in effect" type="pytest.skip">src/pymortests/vectorarray.py:264: Suite splitting in effect</skipped></testcase><testcase classname="src.pymortests.vectorarray" file="src/pymortests/vectorarray.py" line="264" name="test_append[compatible_vector_array_pair5-&lt;lambda&gt;10]" time="0.0007832050323486328"><skipped message="Suite splitting in effect" type="pytest.skip">src/pymortests/vectorarray.py:264: Suite splitting in effect</skipped></testcase><testcase classname="src.pymortests.vectorarray" file="src/pymortests/vectorarray.py" line="264" name="test_append[compatible_vector_array_pair5-&lt;lambda&gt;11]" time="0.0004608631134033203"><skipped message="Suite splitting in effect" type="pytest.skip">src/pymortests/vectorarray.py:264: Suite splitting in effect</skipped></testcase><testcase classname="src.pymortests.vectorarray" file="src/pymortests/vectorarray.py" line="264" name="test_append[compatible_vector_array_pair5-&lt;lambda&gt;12]" time="0.00045180320739746094"><skipped message="Suite splitting in effect" type="pytest.skip">src/pymortests/vectorarray.py:264: Suite splitting in effect</skipped></testcase><testcase classname="src.pymortests.vectorarray" file="src/pymortests/vectorarray.py" line="264" name="test_append[compatible_vector_array_pair5-&lt;lambda&gt;13]" time="0.0006494522094726562"><skipped message="Suite splitting in effect" type="pytest.skip">src/pymortests/vectorarray.py:264: Suite splitting in effect</skipped></testcase><testcase classname="src.pymortests.vectorarray" file="src/pymortests/vectorarray.py" line="264" name="test_append[compatible_vector_array_pair5-&lt;lambda&gt;14]" time="0.0006053447723388672"><skipped message="Suite splitting in effect" type="pytest.skip">src/pymortests/vectorarray.py:264: Suite splitting in effect</skipped></testcase><testcase classname="src.pymortests.vectorarray" file="src/pymortests/vectorarray.py" line="264" name="test_append[compatible_vector_array_pair5-&lt;lambda&gt;15]" time="0.0004639625549316406"><skipped message="Suite splitting in effect" type="pytest.skip">src/pymortests/vectorarray.py:264: Suite splitting in effect</skipped></testcase><testcase classname="src.pymortests.vectorarray" file="src/pymortests/vectorarray.py" line="264" name="test_append[compatible_vector_array_pair5-&lt;lambda&gt;16]" time="0.00041222572326660156"><skipped message="Suite splitting in effect" type="pytest.skip">src/pymortests/vectorarray.py:264: Suite splitting in effect</skipped></testcase><testcase classname="src.pymortests.vectorarray" file="src/pymortests/vectorarray.py" line="264" name="test_append[compatible_vector_array_pair5-&lt;lambda&gt;17]" time="0.00043487548828125"><skipped message="Suite splitting in effect" type="pytest.skip">src/pymortests/vectorarray.py:264: Suite splitting in effect</skipped></testcase><testcase classname="src.pymortests.vectorarray" file="src/pymortests/vectorarray.py" line="264" name="test_append[compatible_vector_array_pair5-&lt;lambda&gt;18]" time="0.000728607177734375"><skipped message="Suite splitting in effect" type="pytest.skip">src/pymortests/vectorarray.py:264: Suite splitting in effect</skipped></testcase><testcase classname="src.pymortests.vectorarray" file="src/pymortests/vectorarray.py" line="264" name="test_append[compatible_vector_array_pair5-&lt;lambda&gt;19]" time="0.0004227161407470703"><skipped message="Suite splitting in effect" type="pytest.skip">src/pymortests/vectorarray.py:264: Suite splitting in effect</skipped></testcase><testcase classname="src.pymortests.vectorarray" file="src/pymortests/vectorarray.py" line="264" name="test_append[compatible_vector_array_pair5-&lt;lambda&gt;20]" time="0.0004253387451171875"><skipped message="Suite splitting in effect" type="pytest.skip">src/pymortests/vectorarray.py:264: Suite splitting in effect</skipped></testcase><testcase classname="src.pymortests.vectorarray" file="src/pymortests/vectorarray.py" line="264" name="test_append[compatible_vector_array_pair5-&lt;lambda&gt;21]" time="0.0004343986511230469"><skipped message="Suite splitting in effect" type="pytest.skip">src/pymortests/vectorarray.py:264: Suite splitting in effect</skipped></testcase><testcase classname="src.pymortests.vectorarray" file="src/pymortests/vectorarray.py" line="264" name="test_append[compatible_vector_array_pair5-&lt;lambda&gt;22]" time="0.0004298686981201172"><skipped message="Suite splitting in effect" type="pytest.skip">src/pymortests/vectorarray.py:264: Suite splitting in effect</skipped></testcase><testcase classname="src.pymortests.vectorarray" file="src/pymortests/vectorarray.py" line="264" name="test_append[compatible_vector_array_pair5-&lt;lambda&gt;23]" time="0.00042724609375"><skipped message="Suite splitting in effect" type="pytest.skip">src/pymortests/vectorarray.py:264: Suite splitting in effect</skipped></testcase><testcase classname="src.pymortests.vectorarray" file="src/pymortests/vectorarray.py" line="264" name="test_append[compatible_vector_array_pair5-&lt;lambda&gt;24]" time="0.00042128562927246094"><skipped message="Suite splitting in effect" type="pytest.skip">src/pymortests/vectorarray.py:264: Suite splitting in effect</skipped></testcase><testcase classname="src.pymortests.vectorarray" file="src/pymortests/vectorarray.py" line="264" name="test_append[compatible_vector_array_pair5-&lt;lambda&gt;25]" time="0.00048661231994628906"><skipped message="Suite splitting in effect" type="pytest.skip">src/pymortests/vectorarray.py:264: Suite splitting in effect</skipped></testcase><testcase classname="src.pymortests.vectorarray" file="src/pymortests/vectorarray.py" line="264" name="test_append[compatible_vector_array_pair5-&lt;lambda&gt;26]" time="0.0015552043914794922"><skipped message="Suite splitting in effect" type="pytest.skip">src/pymortests/vectorarray.py:264: Suite splitting in effect</skipped></testcase><testcase classname="src.pymortests.vectorarray" file="src/pymortests/vectorarray.py" line="264" name="test_append[compatible_vector_array_pair5-&lt;lambda&gt;27]" time="0.0006656646728515625"><skipped message="Suite splitting in effect" type="pytest.skip">src/pymortests/vectorarray.py:264: Suite splitting in effect</skipped></testcase><testcase classname="src.pymortests.vectorarray" file="src/pymortests/vectorarray.py" line="264" name="test_append[compatible_vector_array_pair5-&lt;lambda&gt;28]" time="0.0004642009735107422"><skipped message="Suite splitting in effect" type="pytest.skip">src/pymortests/vectorarray.py:264: Suite splitting in effect</skipped></testcase><testcase classname="src.pymortests.vectorarray" file="src/pymortests/vectorarray.py" line="264" name="test_append[compatible_vector_array_pair5-&lt;lambda&gt;29]" time="0.00044035911560058594"><skipped message="Suite splitting in effect" type="pytest.skip">src/pymortests/vectorarray.py:264: Suite splitting in effect</skipped></testcase><testcase classname="src.pymortests.vectorarray" file="src/pymortests/vectorarray.py" line="264" name="test_append[compatible_vector_array_pair6-&lt;lambda&gt;0]" time="0.0004413127899169922"><skipped message="Suite splitting in effect" type="pytest.skip">src/pymortests/vectorarray.py:264: Suite splitting in effect</skipped></testcase><testcase classname="src.pymortests.vectorarray" file="src/pymortests/vectorarray.py" line="264" name="test_append[compatible_vector_array_pair6-&lt;lambda&gt;1]" time="0.00041484832763671875"><skipped message="Suite splitting in effect" type="pytest.skip">src/pymortests/vectorarray.py:264: Suite splitting in effect</skipped></testcase><testcase classname="src.pymortests.vectorarray" file="src/pymortests/vectorarray.py" line="264" name="test_append[compatible_vector_array_pair6-&lt;lambda&gt;2]" time="0.0004553794860839844"><skipped message="Suite splitting in effect" type="pytest.skip">src/pymortests/vectorarray.py:264: Suite splitting in effect</skipped></testcase><testcase classname="src.pymortests.vectorarray" file="src/pymortests/vectorarray.py" line="264" name="test_append[compatible_vector_array_pair6-&lt;lambda&gt;3]" time="0.00043845176696777344"><skipped message="Suite splitting in effect" type="pytest.skip">src/pymortests/vectorarray.py:264: Suite splitting in effect</skipped></testcase><testcase classname="src.pymortests.vectorarray" file="src/pymortests/vectorarray.py" line="264" name="test_append[compatible_vector_array_pair6-&lt;lambda&gt;4]" time="0.0007419586181640625"><skipped message="Suite splitting in effect" type="pytest.skip">src/pymortests/vectorarray.py:264: Suite splitting in effect</skipped></testcase><testcase classname="src.pymortests.vectorarray" file="src/pymortests/vectorarray.py" line="264" name="test_append[compatible_vector_array_pair6-&lt;lambda&gt;5]" time="0.0004668235778808594"><skipped message="Suite splitting in effect" type="pytest.skip">src/pymortests/vectorarray.py:264: Suite splitting in effect</skipped></testcase><testcase classname="src.pymortests.vectorarray" file="src/pymortests/vectorarray.py" line="264" name="test_append[compatible_vector_array_pair6-&lt;lambda&gt;6]" time="0.0006334781646728516"><skipped message="Suite splitting in effect" type="pytest.skip">src/pymortests/vectorarray.py:264: Suite splitting in effect</skipped></testcase><testcase classname="src.pymortests.vectorarray" file="src/pymortests/vectorarray.py" line="264" name="test_append[compatible_vector_array_pair6-&lt;lambda&gt;7]" time="0.0005617141723632812"><skipped message="Suite splitting in effect" type="pytest.skip">src/pymortests/vectorarray.py:264: Suite splitting in effect</skipped></testcase><testcase classname="src.pymortests.vectorarray" file="src/pymortests/vectorarray.py" line="264" name="test_append[compatible_vector_array_pair6-&lt;lambda&gt;8]" time="0.00042748451232910156"><skipped message="Suite splitting in effect" type="pytest.skip">src/pymortests/vectorarray.py:264: Suite splitting in effect</skipped></testcase><testcase classname="src.pymortests.vectorarray" file="src/pymortests/vectorarray.py" line="264" name="test_append[compatible_vector_array_pair6-&lt;lambda&gt;9]" time="0.0004584789276123047"><skipped message="Suite splitting in effect" type="pytest.skip">src/pymortests/vectorarray.py:264: Suite splitting in effect</skipped></testcase><testcase classname="src.pymortests.vectorarray" file="src/pymortests/vectorarray.py" line="264" name="test_append[compatible_vector_array_pair6-&lt;lambda&gt;10]" time="0.0004360675811767578"><skipped message="Suite splitting in effect" type="pytest.skip">src/pymortests/vectorarray.py:264: Suite splitting in effect</skipped></testcase><testcase classname="src.pymortests.vectorarray" file="src/pymortests/vectorarray.py" line="264" name="test_append[compatible_vector_array_pair6-&lt;lambda&gt;11]" time="0.0004525184631347656"><skipped message="Suite splitting in effect" type="pytest.skip">src/pymortests/vectorarray.py:264: Suite splitting in effect</skipped></testcase><testcase classname="src.pymortests.vectorarray" file="src/pymortests/vectorarray.py" line="264" name="test_append[compatible_vector_array_pair6-&lt;lambda&gt;12]" time="0.0007870197296142578"><skipped message="Suite splitting in effect" type="pytest.skip">src/pymortests/vectorarray.py:264: Suite splitting in effect</skipped></testcase><testcase classname="src.pymortests.vectorarray" file="src/pymortests/vectorarray.py" line="264" name="test_append[compatible_vector_array_pair6-&lt;lambda&gt;13]" time="0.00041031837463378906"><skipped message="Suite splitting in effect" type="pytest.skip">src/pymortests/vectorarray.py:264: Suite splitting in effect</skipped></testcase><testcase classname="src.pymortests.vectorarray" file="src/pymortests/vectorarray.py" line="264" name="test_append[compatible_vector_array_pair6-&lt;lambda&gt;14]" time="0.0006103515625"><skipped message="Suite splitting in effect" type="pytest.skip">src/pymortests/vectorarray.py:264: Suite splitting in effect</skipped></testcase><testcase classname="src.pymortests.vectorarray" file="src/pymortests/vectorarray.py" line="264" name="test_append[compatible_vector_array_pair6-&lt;lambda&gt;15]" time="0.0005786418914794922"><skipped message="Suite splitting in effect" type="pytest.skip">src/pymortests/vectorarray.py:264: Suite splitting in effect</skipped></testcase><testcase classname="src.pymortests.vectorarray" file="src/pymortests/vectorarray.py" line="264" name="test_append[compatible_vector_array_pair6-&lt;lambda&gt;16]" time="0.0004432201385498047"><skipped message="Suite splitting in effect" type="pytest.skip">src/pymortests/vectorarray.py:264: Suite splitting in effect</skipped></testcase><testcase classname="src.pymortests.vectorarray" file="src/pymortests/vectorarray.py" line="264" name="test_append[compatible_vector_array_pair6-&lt;lambda&gt;17]" time="0.0004353523254394531"><skipped message="Suite splitting in effect" type="pytest.skip">src/pymortests/vectorarray.py:264: Suite splitting in effect</skipped></testcase><testcase classname="src.pymortests.vectorarray" file="src/pymortests/vectorarray.py" line="264" name="test_append[compatible_vector_array_pair6-&lt;lambda&gt;18]" time="0.000423431396484375"><skipped message="Suite splitting in effect" type="pytest.skip">src/pymortests/vectorarray.py:264: Suite splitting in effect</skipped></testcase><testcase classname="src.pymortests.vectorarray" file="src/pymortests/vectorarray.py" line="264" name="test_append[compatible_vector_array_pair6-&lt;lambda&gt;19]" time="0.00044798851013183594"><skipped message="Suite splitting in effect" type="pytest.skip">src/pymortests/vectorarray.py:264: Suite splitting in effect</skipped></testcase><testcase classname="src.pymortests.vectorarray" file="src/pymortests/vectorarray.py" line="264" name="test_append[compatible_vector_array_pair6-&lt;lambda&gt;20]" time="0.0007331371307373047"><skipped message="Suite splitting in effect" type="pytest.skip">src/pymortests/vectorarray.py:264: Suite splitting in effect</skipped></testcase><testcase classname="src.pymortests.vectorarray" file="src/pymortests/vectorarray.py" line="264" name="test_append[compatible_vector_array_pair6-&lt;lambda&gt;21]" time="0.00042247772216796875"><skipped message="Suite splitting in effect" type="pytest.skip">src/pymortests/vectorarray.py:264: Suite splitting in effect</skipped></testcase><testcase classname="src.pymortests.vectorarray" file="src/pymortests/vectorarray.py" line="264" name="test_append[compatible_vector_array_pair6-&lt;lambda&gt;22]" time="0.00042748451232910156"><skipped message="Suite splitting in effect" type="pytest.skip">src/pymortests/vectorarray.py:264: Suite splitting in effect</skipped></testcase><testcase classname="src.pymortests.vectorarray" file="src/pymortests/vectorarray.py" line="264" name="test_append[compatible_vector_array_pair6-&lt;lambda&gt;23]" time="0.00040912628173828125"><skipped message="Suite splitting in effect" type="pytest.skip">src/pymortests/vectorarray.py:264: Suite splitting in effect</skipped></testcase><testcase classname="src.pymortests.vectorarray" file="src/pymortests/vectorarray.py" line="264" name="test_append[compatible_vector_array_pair6-&lt;lambda&gt;24]" time="0.0004949569702148438"><skipped message="Suite splitting in effect" type="pytest.skip">src/pymortests/vectorarray.py:264: Suite splitting in effect</skipped></testcase><testcase classname="src.pymortests.vectorarray" file="src/pymortests/vectorarray.py" line="264" name="test_append[compatible_vector_array_pair6-&lt;lambda&gt;25]" time="0.0004429817199707031"><skipped message="Suite splitting in effect" type="pytest.skip">src/pymortests/vectorarray.py:264: Suite splitting in effect</skipped></testcase><testcase classname="src.pymortests.vectorarray" file="src/pymortests/vectorarray.py" line="264" name="test_append[compatible_vector_array_pair6-&lt;lambda&gt;26]" time="0.0006365776062011719"><skipped message="Suite splitting in effect" type="pytest.skip">src/pymortests/vectorarray.py:264: Suite splitting in effect</skipped></testcase><testcase classname="src.pymortests.vectorarray" file="src/pymortests/vectorarray.py" line="264" name="test_append[compatible_vector_array_pair6-&lt;lambda&gt;27]" time="0.0004839897155761719"><skipped message="Suite splitting in effect" type="pytest.skip">src/pymortests/vectorarray.py:264: Suite splitting in effect</skipped></testcase><testcase classname="src.pymortests.vectorarray" file="src/pymortests/vectorarray.py" line="264" name="test_append[compatible_vector_array_pair6-&lt;lambda&gt;28]" time="0.0007636547088623047"><skipped message="Suite splitting in effect" type="pytest.skip">src/pymortests/vectorarray.py:264: Suite splitting in effect</skipped></testcase><testcase classname="src.pymortests.vectorarray" file="src/pymortests/vectorarray.py" line="264" name="test_append[compatible_vector_array_pair6-&lt;lambda&gt;29]" time="0.0005400180816650391"><skipped message="Suite splitting in effect" type="pytest.skip">src/pymortests/vectorarray.py:264: Suite splitting in effect</skipped></testcase><testcase classname="src.pymortests.vectorarray" file="src/pymortests/vectorarray.py" line="264" name="test_append[compatible_vector_array_pair7-&lt;lambda&gt;0]" time="0.0004227161407470703"><skipped message="Suite splitting in effect" type="pytest.skip">src/pymortests/vectorarray.py:264: Suite splitting in effect</skipped></testcase><testcase classname="src.pymortests.vectorarray" file="src/pymortests/vectorarray.py" line="264" name="test_append[compatible_vector_array_pair7-&lt;lambda&gt;1]" time="0.00043892860412597656"><skipped message="Suite splitting in effect" type="pytest.skip">src/pymortests/vectorarray.py:264: Suite splitting in effect</skipped></testcase><testcase classname="src.pymortests.vectorarray" file="src/pymortests/vectorarray.py" line="264" name="test_append[compatible_vector_array_pair7-&lt;lambda&gt;2]" time="0.00047588348388671875"><skipped message="Suite splitting in effect" type="pytest.skip">src/pymortests/vectorarray.py:264: Suite splitting in effect</skipped></testcase><testcase classname="src.pymortests.vectorarray" file="src/pymortests/vectorarray.py" line="264" name="test_append[compatible_vector_array_pair7-&lt;lambda&gt;3]" time="0.0004322528839111328"><skipped message="Suite splitting in effect" type="pytest.skip">src/pymortests/vectorarray.py:264: Suite splitting in effect</skipped></testcase><testcase classname="src.pymortests.vectorarray" file="src/pymortests/vectorarray.py" line="264" name="test_append[compatible_vector_array_pair7-&lt;lambda&gt;4]" time="0.0005433559417724609"><skipped message="Suite splitting in effect" type="pytest.skip">src/pymortests/vectorarray.py:264: Suite splitting in effect</skipped></testcase><testcase classname="src.pymortests.vectorarray" file="src/pymortests/vectorarray.py" line="264" name="test_append[compatible_vector_array_pair7-&lt;lambda&gt;5]" time="0.0006608963012695312"><skipped message="Suite splitting in effect" type="pytest.skip">src/pymortests/vectorarray.py:264: Suite splitting in effect</skipped></testcase><testcase classname="src.pymortests.vectorarray" file="src/pymortests/vectorarray.py" line="264" name="test_append[compatible_vector_array_pair7-&lt;lambda&gt;6]" time="0.0008475780487060547"><skipped message="Suite splitting in effect" type="pytest.skip">src/pymortests/vectorarray.py:264: Suite splitting in effect</skipped></testcase><testcase classname="src.pymortests.vectorarray" file="src/pymortests/vectorarray.py" line="264" name="test_append[compatible_vector_array_pair7-&lt;lambda&gt;7]" time="0.0004146099090576172"><skipped message="Suite splitting in effect" type="pytest.skip">src/pymortests/vectorarray.py:264: Suite splitting in effect</skipped></testcase><testcase classname="src.pymortests.vectorarray" file="src/pymortests/vectorarray.py" line="264" name="test_append[compatible_vector_array_pair7-&lt;lambda&gt;8]" time="0.0004203319549560547"><skipped message="Suite splitting in effect" type="pytest.skip">src/pymortests/vectorarray.py:264: Suite splitting in effect</skipped></testcase><testcase classname="src.pymortests.vectorarray" file="src/pymortests/vectorarray.py" line="264" name="test_append[compatible_vector_array_pair7-&lt;lambda&gt;9]" time="0.0004420280456542969"><skipped message="Suite splitting in effect" type="pytest.skip">src/pymortests/vectorarray.py:264: Suite splitting in effect</skipped></testcase><testcase classname="src.pymortests.vectorarray" file="src/pymortests/vectorarray.py" line="264" name="test_append[compatible_vector_array_pair7-&lt;lambda&gt;10]" time="0.00044417381286621094"><skipped message="Suite splitting in effect" type="pytest.skip">src/pymortests/vectorarray.py:264: Suite splitting in effect</skipped></testcase><testcase classname="src.pymortests.vectorarray" file="src/pymortests/vectorarray.py" line="264" name="test_append[compatible_vector_array_pair7-&lt;lambda&gt;11]" time="0.00041985511779785156"><skipped message="Suite splitting in effect" type="pytest.skip">src/pymortests/vectorarray.py:264: Suite splitting in effect</skipped></testcase><testcase classname="src.pymortests.vectorarray" file="src/pymortests/vectorarray.py" line="264" name="test_append[compatible_vector_array_pair7-&lt;lambda&gt;12]" time="0.0004982948303222656"><skipped message="Suite splitting in effect" type="pytest.skip">src/pymortests/vectorarray.py:264: Suite splitting in effect</skipped></testcase><testcase classname="src.pymortests.vectorarray" file="src/pymortests/vectorarray.py" line="264" name="test_append[compatible_vector_array_pair7-&lt;lambda&gt;13]" time="0.0006129741668701172"><skipped message="Suite splitting in effect" type="pytest.skip">src/pymortests/vectorarray.py:264: Suite splitting in effect</skipped></testcase><testcase classname="src.pymortests.vectorarray" file="src/pymortests/vectorarray.py" line="264" name="test_append[compatible_vector_array_pair7-&lt;lambda&gt;14]" time="0.0008380413055419922"><skipped message="Suite splitting in effect" type="pytest.skip">src/pymortests/vectorarray.py:264: Suite splitting in effect</skipped></testcase><testcase classname="src.pymortests.vectorarray" file="src/pymortests/vectorarray.py" line="264" name="test_append[compatible_vector_array_pair7-&lt;lambda&gt;15]" time="0.0004439353942871094"><skipped message="Suite splitting in effect" type="pytest.skip">src/pymortests/vectorarray.py:264: Suite splitting in effect</skipped></testcase><testcase classname="src.pymortests.vectorarray" file="src/pymortests/vectorarray.py" line="264" name="test_append[compatible_vector_array_pair7-&lt;lambda&gt;16]" time="0.00042629241943359375"><skipped message="Suite splitting in effect" type="pytest.skip">src/pymortests/vectorarray.py:264: Suite splitting in effect</skipped></testcase><testcase classname="src.pymortests.vectorarray" file="src/pymortests/vectorarray.py" line="264" name="test_append[compatible_vector_array_pair7-&lt;lambda&gt;17]" time="0.0004429817199707031"><skipped message="Suite splitting in effect" type="pytest.skip">src/pymortests/vectorarray.py:264: Suite splitting in effect</skipped></testcase><testcase classname="src.pymortests.vectorarray" file="src/pymortests/vectorarray.py" line="264" name="test_append[compatible_vector_array_pair7-&lt;lambda&gt;18]" time="0.00044417381286621094"><skipped message="Suite splitting in effect" type="pytest.skip">src/pymortests/vectorarray.py:264: Suite splitting in effect</skipped></testcase><testcase classname="src.pymortests.vectorarray" file="src/pymortests/vectorarray.py" line="264" name="test_append[compatible_vector_array_pair7-&lt;lambda&gt;19]" time="0.0004711151123046875"><skipped message="Suite splitting in effect" type="pytest.skip">src/pymortests/vectorarray.py:264: Suite splitting in effect</skipped></testcase><testcase classname="src.pymortests.vectorarray" file="src/pymortests/vectorarray.py" line="264" name="test_append[compatible_vector_array_pair7-&lt;lambda&gt;20]" time="0.0004229545593261719"><skipped message="Suite splitting in effect" type="pytest.skip">src/pymortests/vectorarray.py:264: Suite splitting in effect</skipped></testcase><testcase classname="src.pymortests.vectorarray" file="src/pymortests/vectorarray.py" line="264" name="test_append[compatible_vector_array_pair7-&lt;lambda&gt;21]" time="0.0004661083221435547"><skipped message="Suite splitting in effect" type="pytest.skip">src/pymortests/vectorarray.py:264: Suite splitting in effect</skipped></testcase><testcase classname="src.pymortests.vectorarray" file="src/pymortests/vectorarray.py" line="264" name="test_append[compatible_vector_array_pair7-&lt;lambda&gt;22]" time="0.0007669925689697266"><skipped message="Suite splitting in effect" type="pytest.skip">src/pymortests/vectorarray.py:264: Suite splitting in effect</skipped></testcase><testcase classname="src.pymortests.vectorarray" file="src/pymortests/vectorarray.py" line="264" name="test_append[compatible_vector_array_pair7-&lt;lambda&gt;23]" time="0.0004372596740722656"><skipped message="Suite splitting in effect" type="pytest.skip">src/pymortests/vectorarray.py:264: Suite splitting in effect</skipped></testcase><testcase classname="src.pymortests.vectorarray" file="src/pymortests/vectorarray.py" line="264" name="test_append[compatible_vector_array_pair7-&lt;lambda&gt;24]" time="0.00047707557678222656"><skipped message="Suite splitting in effect" type="pytest.skip">src/pymortests/vectorarray.py:264: Suite splitting in effect</skipped></testcase><testcase classname="src.pymortests.vectorarray" file="src/pymortests/vectorarray.py" line="264" name="test_append[compatible_vector_array_pair7-&lt;lambda&gt;25]" time="0.00042057037353515625"><skipped message="Suite splitting in effect" type="pytest.skip">src/pymortests/vectorarray.py:264: Suite splitting in effect</skipped></testcase><testcase classname="src.pymortests.vectorarray" file="src/pymortests/vectorarray.py" line="264" name="test_append[compatible_vector_array_pair7-&lt;lambda&gt;26]" time="0.0004324913024902344"><skipped message="Suite splitting in effect" type="pytest.skip">src/pymortests/vectorarray.py:264: Suite splitting in effect</skipped></testcase><testcase classname="src.pymortests.vectorarray" file="src/pymortests/vectorarray.py" line="264" name="test_append[compatible_vector_array_pair7-&lt;lambda&gt;27]" time="0.00041961669921875"><skipped message="Suite splitting in effect" type="pytest.skip">src/pymortests/vectorarray.py:264: Suite splitting in effect</skipped></testcase><testcase classname="src.pymortests.vectorarray" file="src/pymortests/vectorarray.py" line="264" name="test_append[compatible_vector_array_pair7-&lt;lambda&gt;28]" time="0.00044465065002441406"><skipped message="Suite splitting in effect" type="pytest.skip">src/pymortests/vectorarray.py:264: Suite splitting in effect</skipped></testcase><testcase classname="src.pymortests.vectorarray" file="src/pymortests/vectorarray.py" line="264" name="test_append[compatible_vector_array_pair7-&lt;lambda&gt;29]" time="0.0004215240478515625"><skipped message="Suite splitting in effect" type="pytest.skip">src/pymortests/vectorarray.py:264: Suite splitting in effect</skipped></testcase><testcase classname="src.pymortests.vectorarray" file="src/pymortests/vectorarray.py" line="264" name="test_append[compatible_vector_array_pair8-&lt;lambda&gt;0]" time="0.0007357597351074219"><skipped message="Suite splitting in effect" type="pytest.skip">src/pymortests/vectorarray.py:264: Suite splitting in effect</skipped></testcase><testcase classname="src.pymortests.vectorarray" file="src/pymortests/vectorarray.py" line="264" name="test_append[compatible_vector_array_pair8-&lt;lambda&gt;1]" time="0.00048160552978515625"><skipped message="Suite splitting in effect" type="pytest.skip">src/pymortests/vectorarray.py:264: Suite splitting in effect</skipped></testcase><testcase classname="src.pymortests.vectorarray" file="src/pymortests/vectorarray.py" line="264" name="test_append[compatible_vector_array_pair8-&lt;lambda&gt;2]" time="0.0004105567932128906"><skipped message="Suite splitting in effect" type="pytest.skip">src/pymortests/vectorarray.py:264: Suite splitting in effect</skipped></testcase><testcase classname="src.pymortests.vectorarray" file="src/pymortests/vectorarray.py" line="264" name="test_append[compatible_vector_array_pair8-&lt;lambda&gt;3]" time="0.0006010532379150391"><skipped message="Suite splitting in effect" type="pytest.skip">src/pymortests/vectorarray.py:264: Suite splitting in effect</skipped></testcase><testcase classname="src.pymortests.vectorarray" file="src/pymortests/vectorarray.py" line="264" name="test_append[compatible_vector_array_pair8-&lt;lambda&gt;4]" time="0.0006384849548339844"><skipped message="Suite splitting in effect" type="pytest.skip">src/pymortests/vectorarray.py:264: Suite splitting in effect</skipped></testcase><testcase classname="src.pymortests.vectorarray" file="src/pymortests/vectorarray.py" line="264" name="test_append[compatible_vector_array_pair8-&lt;lambda&gt;5]" time="0.00042510032653808594"><skipped message="Suite splitting in effect" type="pytest.skip">src/pymortests/vectorarray.py:264: Suite splitting in effect</skipped></testcase><testcase classname="src.pymortests.vectorarray" file="src/pymortests/vectorarray.py" line="264" name="test_append[compatible_vector_array_pair8-&lt;lambda&gt;6]" time="0.0005028247833251953"><skipped message="Suite splitting in effect" type="pytest.skip">src/pymortests/vectorarray.py:264: Suite splitting in effect</skipped></testcase><testcase classname="src.pymortests.vectorarray" file="src/pymortests/vectorarray.py" line="264" name="test_append[compatible_vector_array_pair8-&lt;lambda&gt;7]" time="0.0005350112915039062"><skipped message="Suite splitting in effect" type="pytest.skip">src/pymortests/vectorarray.py:264: Suite splitting in effect</skipped></testcase><testcase classname="src.pymortests.vectorarray" file="src/pymortests/vectorarray.py" line="264" name="test_append[compatible_vector_array_pair8-&lt;lambda&gt;8]" time="0.0007970333099365234"><skipped message="Suite splitting in effect" type="pytest.skip">src/pymortests/vectorarray.py:264: Suite splitting in effect</skipped></testcase><testcase classname="src.pymortests.vectorarray" file="src/pymortests/vectorarray.py" line="264" name="test_append[compatible_vector_array_pair8-&lt;lambda&gt;9]" time="0.00043320655822753906"><skipped message="Suite splitting in effect" type="pytest.skip">src/pymortests/vectorarray.py:264: Suite splitting in effect</skipped></testcase><testcase classname="src.pymortests.vectorarray" file="src/pymortests/vectorarray.py" line="264" name="test_append[compatible_vector_array_pair8-&lt;lambda&gt;10]" time="0.0004487037658691406"><skipped message="Suite splitting in effect" type="pytest.skip">src/pymortests/vectorarray.py:264: Suite splitting in effect</skipped></testcase><testcase classname="src.pymortests.vectorarray" file="src/pymortests/vectorarray.py" line="264" name="test_append[compatible_vector_array_pair8-&lt;lambda&gt;11]" time="0.00048422813415527344"><skipped message="Suite splitting in effect" type="pytest.skip">src/pymortests/vectorarray.py:264: Suite splitting in effect</skipped></testcase><testcase classname="src.pymortests.vectorarray" file="src/pymortests/vectorarray.py" line="264" name="test_append[compatible_vector_array_pair8-&lt;lambda&gt;12]" time="0.0004303455352783203"><skipped message="Suite splitting in effect" type="pytest.skip">src/pymortests/vectorarray.py:264: Suite splitting in effect</skipped></testcase><testcase classname="src.pymortests.vectorarray" file="src/pymortests/vectorarray.py" line="264" name="test_append[compatible_vector_array_pair8-&lt;lambda&gt;13]" time="0.0004470348358154297"><skipped message="Suite splitting in effect" type="pytest.skip">src/pymortests/vectorarray.py:264: Suite splitting in effect</skipped></testcase><testcase classname="src.pymortests.vectorarray" file="src/pymortests/vectorarray.py" line="264" name="test_append[compatible_vector_array_pair8-&lt;lambda&gt;14]" time="0.000438690185546875"><skipped message="Suite splitting in effect" type="pytest.skip">src/pymortests/vectorarray.py:264: Suite splitting in effect</skipped></testcase><testcase classname="src.pymortests.vectorarray" file="src/pymortests/vectorarray.py" line="264" name="test_append[compatible_vector_array_pair8-&lt;lambda&gt;15]" time="0.0004987716674804688"><skipped message="Suite splitting in effect" type="pytest.skip">src/pymortests/vectorarray.py:264: Suite splitting in effect</skipped></testcase><testcase classname="src.pymortests.vectorarray" file="src/pymortests/vectorarray.py" line="264" name="test_append[compatible_vector_array_pair8-&lt;lambda&gt;16]" time="0.0007367134094238281"><skipped message="Suite splitting in effect" type="pytest.skip">src/pymortests/vectorarray.py:264: Suite splitting in effect</skipped></testcase><testcase classname="src.pymortests.vectorarray" file="src/pymortests/vectorarray.py" line="264" name="test_append[compatible_vector_array_pair8-&lt;lambda&gt;17]" time="0.0006000995635986328"><skipped message="Suite splitting in effect" type="pytest.skip">src/pymortests/vectorarray.py:264: Suite splitting in effect</skipped></testcase><testcase classname="src.pymortests.vectorarray" file="src/pymortests/vectorarray.py" line="264" name="test_append[compatible_vector_array_pair8-&lt;lambda&gt;18]" time="0.0005314350128173828"><skipped message="Suite splitting in effect" type="pytest.skip">src/pymortests/vectorarray.py:264: Suite splitting in effect</skipped></testcase><testcase classname="src.pymortests.vectorarray" file="src/pymortests/vectorarray.py" line="264" name="test_append[compatible_vector_array_pair8-&lt;lambda&gt;19]" time="0.0004398822784423828"><skipped message="Suite splitting in effect" type="pytest.skip">src/pymortests/vectorarray.py:264: Suite splitting in effect</skipped></testcase><testcase classname="src.pymortests.vectorarray" file="src/pymortests/vectorarray.py" line="264" name="test_append[compatible_vector_array_pair8-&lt;lambda&gt;20]" time="0.00045800209045410156"><skipped message="Suite splitting in effect" type="pytest.skip">src/pymortests/vectorarray.py:264: Suite splitting in effect</skipped></testcase><testcase classname="src.pymortests.vectorarray" file="src/pymortests/vectorarray.py" line="264" name="test_append[compatible_vector_array_pair8-&lt;lambda&gt;21]" time="0.0004191398620605469"><skipped message="Suite splitting in effect" type="pytest.skip">src/pymortests/vectorarray.py:264: Suite splitting in effect</skipped></testcase><testcase classname="src.pymortests.vectorarray" file="src/pymortests/vectorarray.py" line="264" name="test_append[compatible_vector_array_pair8-&lt;lambda&gt;22]" time="0.0004239082336425781"><skipped message="Suite splitting in effect" type="pytest.skip">src/pymortests/vectorarray.py:264: Suite splitting in effect</skipped></testcase><testcase classname="src.pymortests.vectorarray" file="src/pymortests/vectorarray.py" line="264" name="test_append[compatible_vector_array_pair8-&lt;lambda&gt;23]" time="0.0004677772521972656"><skipped message="Suite splitting in effect" type="pytest.skip">src/pymortests/vectorarray.py:264: Suite splitting in effect</skipped></testcase><testcase classname="src.pymortests.vectorarray" file="src/pymortests/vectorarray.py" line="264" name="test_append[compatible_vector_array_pair8-&lt;lambda&gt;24]" time="0.0007443428039550781"><skipped message="Suite splitting in effect" type="pytest.skip">src/pymortests/vectorarray.py:264: Suite splitting in effect</skipped></testcase><testcase classname="src.pymortests.vectorarray" file="src/pymortests/vectorarray.py" line="264" name="test_append[compatible_vector_array_pair8-&lt;lambda&gt;25]" time="0.0004668235778808594"><skipped message="Suite splitting in effect" type="pytest.skip">src/pymortests/vectorarray.py:264: Suite splitting in effect</skipped></testcase><testcase classname="src.pymortests.vectorarray" file="src/pymortests/vectorarray.py" line="264" name="test_append[compatible_vector_array_pair8-&lt;lambda&gt;26]" time="0.00045418739318847656"><skipped message="Suite splitting in effect" type="pytest.skip">src/pymortests/vectorarray.py:264: Suite splitting in effect</skipped></testcase><testcase classname="src.pymortests.vectorarray" file="src/pymortests/vectorarray.py" line="264" name="test_append[compatible_vector_array_pair8-&lt;lambda&gt;27]" time="0.0004329681396484375"><skipped message="Suite splitting in effect" type="pytest.skip">src/pymortests/vectorarray.py:264: Suite splitting in effect</skipped></testcase><testcase classname="src.pymortests.vectorarray" file="src/pymortests/vectorarray.py" line="264" name="test_append[compatible_vector_array_pair8-&lt;lambda&gt;28]" time="0.0004534721374511719"><skipped message="Suite splitting in effect" type="pytest.skip">src/pymortests/vectorarray.py:264: Suite splitting in effect</skipped></testcase><testcase classname="src.pymortests.vectorarray" file="src/pymortests/vectorarray.py" line="264" name="test_append[compatible_vector_array_pair8-&lt;lambda&gt;29]" time="0.0005319118499755859"><skipped message="Suite splitting in effect" type="pytest.skip">src/pymortests/vectorarray.py:264: Suite splitting in effect</skipped></testcase><testcase classname="src.pymortests.vectorarray" file="src/pymortests/vectorarray.py" line="290" name="test_append_self[0-&lt;lambda&gt;0]" time="0.0004761219024658203"><skipped message="Suite splitting in effect" type="pytest.skip">src/pymortests/vectorarray.py:290: Suite splitting in effect</skipped></testcase><testcase classname="src.pymortests.vectorarray" file="src/pymortests/vectorarray.py" line="290" name="test_append_self[0-&lt;lambda&gt;1]" time="0.000637054443359375"><skipped message="Suite splitting in effect" type="pytest.skip">src/pymortests/vectorarray.py:290: Suite splitting in effect</skipped></testcase><testcase classname="src.pymortests.vectorarray" file="src/pymortests/vectorarray.py" line="290" name="test_append_self[0-&lt;lambda&gt;2]" time="0.0010898113250732422"><skipped message="Suite splitting in effect" type="pytest.skip">src/pymortests/vectorarray.py:290: Suite splitting in effect</skipped></testcase><testcase classname="src.pymortests.vectorarray" file="src/pymortests/vectorarray.py" line="290" name="test_append_self[0-&lt;lambda&gt;3]" time="0.000446319580078125"><skipped message="Suite splitting in effect" type="pytest.skip">src/pymortests/vectorarray.py:290: Suite splitting in effect</skipped></testcase><testcase classname="src.pymortests.vectorarray" file="src/pymortests/vectorarray.py" line="290" name="test_append_self[0-&lt;lambda&gt;4]" time="0.0004241466522216797"><skipped message="Suite splitting in effect" type="pytest.skip">src/pymortests/vectorarray.py:290: Suite splitting in effect</skipped></testcase><testcase classname="src.pymortests.vectorarray" file="src/pymortests/vectorarray.py" line="290" name="test_append_self[0-&lt;lambda&gt;5]" time="0.00045013427734375"><skipped message="Suite splitting in effect" type="pytest.skip">src/pymortests/vectorarray.py:290: Suite splitting in effect</skipped></testcase><testcase classname="src.pymortests.vectorarray" file="src/pymortests/vectorarray.py" line="290" name="test_append_self[0-&lt;lambda&gt;6]" time="0.00043010711669921875"><skipped message="Suite splitting in effect" type="pytest.skip">src/pymortests/vectorarray.py:290: Suite splitting in effect</skipped></testcase><testcase classname="src.pymortests.vectorarray" file="src/pymortests/vectorarray.py" line="290" name="test_append_self[0-&lt;lambda&gt;7]" time="0.00044226646423339844"><skipped message="Suite splitting in effect" type="pytest.skip">src/pymortests/vectorarray.py:290: Suite splitting in effect</skipped></testcase><testcase classname="src.pymortests.vectorarray" file="src/pymortests/vectorarray.py" line="290" name="test_append_self[0-&lt;lambda&gt;8]" time="0.00042510032653808594"><skipped message="Suite splitting in effect" type="pytest.skip">src/pymortests/vectorarray.py:290: Suite splitting in effect</skipped></testcase><testcase classname="src.pymortests.vectorarray" file="src/pymortests/vectorarray.py" line="290" name="test_append_self[0-&lt;lambda&gt;9]" time="0.00042176246643066406"><skipped message="Suite splitting in effect" type="pytest.skip">src/pymortests/vectorarray.py:290: Suite splitting in effect</skipped></testcase><testcase classname="src.pymortests.vectorarray" file="src/pymortests/vectorarray.py" line="290" name="test_append_self[0-&lt;lambda&gt;10]" time="0.00077056884765625"><skipped message="Suite splitting in effect" type="pytest.skip">src/pymortests/vectorarray.py:290: Suite splitting in effect</skipped></testcase><testcase classname="src.pymortests.vectorarray" file="src/pymortests/vectorarray.py" line="290" name="test_append_self[0-&lt;lambda&gt;11]" time="0.0004627704620361328"><skipped message="Suite splitting in effect" type="pytest.skip">src/pymortests/vectorarray.py:290: Suite splitting in effect</skipped></testcase><testcase classname="src.pymortests.vectorarray" file="src/pymortests/vectorarray.py" line="290" name="test_append_self[0-&lt;lambda&gt;12]" time="0.0005230903625488281"><skipped message="Suite splitting in effect" type="pytest.skip">src/pymortests/vectorarray.py:290: Suite splitting in effect</skipped></testcase><testcase classname="src.pymortests.vectorarray" file="src/pymortests/vectorarray.py" line="290" name="test_append_self[0-&lt;lambda&gt;13]" time="0.0004429817199707031"><skipped message="Suite splitting in effect" type="pytest.skip">src/pymortests/vectorarray.py:290: Suite splitting in effect</skipped></testcase><testcase classname="src.pymortests.vectorarray" file="src/pymortests/vectorarray.py" line="290" name="test_append_self[0-&lt;lambda&gt;14]" time="0.0004477500915527344"><skipped message="Suite splitting in effect" type="pytest.skip">src/pymortests/vectorarray.py:290: Suite splitting in effect</skipped></testcase><testcase classname="src.pymortests.vectorarray" file="src/pymortests/vectorarray.py" line="290" name="test_append_self[0-&lt;lambda&gt;15]" time="0.0004935264587402344"><skipped message="Suite splitting in effect" type="pytest.skip">src/pymortests/vectorarray.py:290: Suite splitting in effect</skipped></testcase><testcase classname="src.pymortests.vectorarray" file="src/pymortests/vectorarray.py" line="290" name="test_append_self[0-&lt;lambda&gt;16]" time="0.0004355907440185547"><skipped message="Suite splitting in effect" type="pytest.skip">src/pymortests/vectorarray.py:290: Suite splitting in effect</skipped></testcase><testcase classname="src.pymortests.vectorarray" file="src/pymortests/vectorarray.py" line="290" name="test_append_self[0-&lt;lambda&gt;17]" time="0.0006124973297119141"><skipped message="Suite splitting in effect" type="pytest.skip">src/pymortests/vectorarray.py:290: Suite splitting in effect</skipped></testcase><testcase classname="src.pymortests.vectorarray" file="src/pymortests/vectorarray.py" line="290" name="test_append_self[0-&lt;lambda&gt;18]" time="0.0008122920989990234"><skipped message="Suite splitting in effect" type="pytest.skip">src/pymortests/vectorarray.py:290: Suite splitting in effect</skipped></testcase><testcase classname="src.pymortests.vectorarray" file="src/pymortests/vectorarray.py" line="290" name="test_append_self[0-&lt;lambda&gt;19]" time="0.000431060791015625"><skipped message="Suite splitting in effect" type="pytest.skip">src/pymortests/vectorarray.py:290: Suite splitting in effect</skipped></testcase><testcase classname="src.pymortests.vectorarray" file="src/pymortests/vectorarray.py" line="290" name="test_append_self[0-&lt;lambda&gt;20]" time="0.0004756450653076172"><skipped message="Suite splitting in effect" type="pytest.skip">src/pymortests/vectorarray.py:290: Suite splitting in effect</skipped></testcase><testcase classname="src.pymortests.vectorarray" file="src/pymortests/vectorarray.py" line="290" name="test_append_self[0-&lt;lambda&gt;21]" time="0.00043320655822753906"><skipped message="Suite splitting in effect" type="pytest.skip">src/pymortests/vectorarray.py:290: Suite splitting in effect</skipped></testcase><testcase classname="src.pymortests.vectorarray" file="src/pymortests/vectorarray.py" line="290" name="test_append_self[0-&lt;lambda&gt;22]" time="0.00047516822814941406"><skipped message="Suite splitting in effect" type="pytest.skip">src/pymortests/vectorarray.py:290: Suite splitting in effect</skipped></testcase><testcase classname="src.pymortests.vectorarray" file="src/pymortests/vectorarray.py" line="290" name="test_append_self[0-&lt;lambda&gt;23]" time="0.00043082237243652344"><skipped message="Suite splitting in effect" type="pytest.skip">src/pymortests/vectorarray.py:290: Suite splitting in effect</skipped></testcase><testcase classname="src.pymortests.vectorarray" file="src/pymortests/vectorarray.py" line="290" name="test_append_self[0-&lt;lambda&gt;24]" time="0.0005328655242919922"><skipped message="Suite splitting in effect" type="pytest.skip">src/pymortests/vectorarray.py:290: Suite splitting in effect</skipped></testcase><testcase classname="src.pymortests.vectorarray" file="src/pymortests/vectorarray.py" line="290" name="test_append_self[0-&lt;lambda&gt;25]" time="0.00049591064453125"><skipped message="Suite splitting in effect" type="pytest.skip">src/pymortests/vectorarray.py:290: Suite splitting in effect</skipped></testcase><testcase classname="src.pymortests.vectorarray" file="src/pymortests/vectorarray.py" line="290" name="test_append_self[0-&lt;lambda&gt;26]" time="0.0008018016815185547"><skipped message="Suite splitting in effect" type="pytest.skip">src/pymortests/vectorarray.py:290: Suite splitting in effect</skipped></testcase><testcase classname="src.pymortests.vectorarray" file="src/pymortests/vectorarray.py" line="290" name="test_append_self[1-&lt;lambda&gt;0]" time="0.00043487548828125"><skipped message="Suite splitting in effect" type="pytest.skip">src/pymortests/vectorarray.py:290: Suite splitting in effect</skipped></testcase><testcase classname="src.pymortests.vectorarray" file="src/pymortests/vectorarray.py" line="290" name="test_append_self[1-&lt;lambda&gt;1]" time="0.000446319580078125"><skipped message="Suite splitting in effect" type="pytest.skip">src/pymortests/vectorarray.py:290: Suite splitting in effect</skipped></testcase><testcase classname="src.pymortests.vectorarray" file="src/pymortests/vectorarray.py" line="290" name="test_append_self[1-&lt;lambda&gt;2]" time="0.00043201446533203125"><skipped message="Suite splitting in effect" type="pytest.skip">src/pymortests/vectorarray.py:290: Suite splitting in effect</skipped></testcase><testcase classname="src.pymortests.vectorarray" file="src/pymortests/vectorarray.py" line="290" name="test_append_self[1-&lt;lambda&gt;3]" time="0.0004601478576660156"><skipped message="Suite splitting in effect" type="pytest.skip">src/pymortests/vectorarray.py:290: Suite splitting in effect</skipped></testcase><testcase classname="src.pymortests.vectorarray" file="src/pymortests/vectorarray.py" line="290" name="test_append_self[1-&lt;lambda&gt;4]" time="0.0004258155822753906"><skipped message="Suite splitting in effect" type="pytest.skip">src/pymortests/vectorarray.py:290: Suite splitting in effect</skipped></testcase><testcase classname="src.pymortests.vectorarray" file="src/pymortests/vectorarray.py" line="290" name="test_append_self[1-&lt;lambda&gt;5]" time="0.00048542022705078125"><skipped message="Suite splitting in effect" type="pytest.skip">src/pymortests/vectorarray.py:290: Suite splitting in effect</skipped></testcase><testcase classname="src.pymortests.vectorarray" file="src/pymortests/vectorarray.py" line="290" name="test_append_self[1-&lt;lambda&gt;6]" time="0.00046324729919433594"><skipped message="Suite splitting in effect" type="pytest.skip">src/pymortests/vectorarray.py:290: Suite splitting in effect</skipped></testcase><testcase classname="src.pymortests.vectorarray" file="src/pymortests/vectorarray.py" line="290" name="test_append_self[1-&lt;lambda&gt;7]" time="0.0007395744323730469"><skipped message="Suite splitting in effect" type="pytest.skip">src/pymortests/vectorarray.py:290: Suite splitting in effect</skipped></testcase><testcase classname="src.pymortests.vectorarray" file="src/pymortests/vectorarray.py" line="290" name="test_append_self[1-&lt;lambda&gt;8]" time="0.00047850608825683594"><skipped message="Suite splitting in effect" type="pytest.skip">src/pymortests/vectorarray.py:290: Suite splitting in effect</skipped></testcase><testcase classname="src.pymortests.vectorarray" file="src/pymortests/vectorarray.py" line="290" name="test_append_self[1-&lt;lambda&gt;9]" time="0.0004360675811767578"><skipped message="Suite splitting in effect" type="pytest.skip">src/pymortests/vectorarray.py:290: Suite splitting in effect</skipped></testcase><testcase classname="src.pymortests.vectorarray" file="src/pymortests/vectorarray.py" line="290" name="test_append_self[1-&lt;lambda&gt;10]" time="0.0004315376281738281"><skipped message="Suite splitting in effect" type="pytest.skip">src/pymortests/vectorarray.py:290: Suite splitting in effect</skipped></testcase><testcase classname="src.pymortests.vectorarray" file="src/pymortests/vectorarray.py" line="290" name="test_append_self[1-&lt;lambda&gt;11]" time="0.0004296302795410156"><skipped message="Suite splitting in effect" type="pytest.skip">src/pymortests/vectorarray.py:290: Suite splitting in effect</skipped></testcase><testcase classname="src.pymortests.vectorarray" file="src/pymortests/vectorarray.py" line="290" name="test_append_self[1-&lt;lambda&gt;12]" time="0.0004336833953857422"><skipped message="Suite splitting in effect" type="pytest.skip">src/pymortests/vectorarray.py:290: Suite splitting in effect</skipped></testcase><testcase classname="src.pymortests.vectorarray" file="src/pymortests/vectorarray.py" line="290" name="test_append_self[1-&lt;lambda&gt;13]" time="0.0004355907440185547"><skipped message="Suite splitting in effect" type="pytest.skip">src/pymortests/vectorarray.py:290: Suite splitting in effect</skipped></testcase><testcase classname="src.pymortests.vectorarray" file="src/pymortests/vectorarray.py" line="290" name="test_append_self[1-&lt;lambda&gt;14]" time="0.0004525184631347656"><skipped message="Suite splitting in effect" type="pytest.skip">src/pymortests/vectorarray.py:290: Suite splitting in effect</skipped></testcase><testcase classname="src.pymortests.vectorarray" file="src/pymortests/vectorarray.py" line="290" name="test_append_self[1-&lt;lambda&gt;15]" time="0.0007491111755371094"><skipped message="Suite splitting in effect" type="pytest.skip">src/pymortests/vectorarray.py:290: Suite splitting in effect</skipped></testcase><testcase classname="src.pymortests.vectorarray" file="src/pymortests/vectorarray.py" line="290" name="test_append_self[1-&lt;lambda&gt;16]" time="0.0004322528839111328"><skipped message="Suite splitting in effect" type="pytest.skip">src/pymortests/vectorarray.py:290: Suite splitting in effect</skipped></testcase><testcase classname="src.pymortests.vectorarray" file="src/pymortests/vectorarray.py" line="290" name="test_append_self[1-&lt;lambda&gt;17]" time="0.00044608116149902344"><skipped message="Suite splitting in effect" type="pytest.skip">src/pymortests/vectorarray.py:290: Suite splitting in effect</skipped></testcase><testcase classname="src.pymortests.vectorarray" file="src/pymortests/vectorarray.py" line="290" name="test_append_self[1-&lt;lambda&gt;18]" time="0.00043272972106933594"><skipped message="Suite splitting in effect" type="pytest.skip">src/pymortests/vectorarray.py:290: Suite splitting in effect</skipped></testcase><testcase classname="src.pymortests.vectorarray" file="src/pymortests/vectorarray.py" line="290" name="test_append_self[1-&lt;lambda&gt;19]" time="0.0004949569702148438"><skipped message="Suite splitting in effect" type="pytest.skip">src/pymortests/vectorarray.py:290: Suite splitting in effect</skipped></testcase><testcase classname="src.pymortests.vectorarray" file="src/pymortests/vectorarray.py" line="290" name="test_append_self[1-&lt;lambda&gt;20]" time="0.0004894733428955078"><skipped message="Suite splitting in effect" type="pytest.skip">src/pymortests/vectorarray.py:290: Suite splitting in effect</skipped></testcase><testcase classname="src.pymortests.vectorarray" file="src/pymortests/vectorarray.py" line="290" name="test_append_self[1-&lt;lambda&gt;21]" time="0.0004761219024658203"><skipped message="Suite splitting in effect" type="pytest.skip">src/pymortests/vectorarray.py:290: Suite splitting in effect</skipped></testcase><testcase classname="src.pymortests.vectorarray" file="src/pymortests/vectorarray.py" line="290" name="test_append_self[1-&lt;lambda&gt;22]" time="0.0004112720489501953"><skipped message="Suite splitting in effect" type="pytest.skip">src/pymortests/vectorarray.py:290: Suite splitting in effect</skipped></testcase><testcase classname="src.pymortests.vectorarray" file="src/pymortests/vectorarray.py" line="290" name="test_append_self[1-&lt;lambda&gt;23]" time="0.0007617473602294922"><skipped message="Suite splitting in effect" type="pytest.skip">src/pymortests/vectorarray.py:290: Suite splitting in effect</skipped></testcase><testcase classname="src.pymortests.vectorarray" file="src/pymortests/vectorarray.py" line="290" name="test_append_self[1-&lt;lambda&gt;24]" time="0.0004153251647949219"><skipped message="Suite splitting in effect" type="pytest.skip">src/pymortests/vectorarray.py:290: Suite splitting in effect</skipped></testcase><testcase classname="src.pymortests.vectorarray" file="src/pymortests/vectorarray.py" line="290" name="test_append_self[1-&lt;lambda&gt;25]" time="0.0004220008850097656"><skipped message="Suite splitting in effect" type="pytest.skip">src/pymortests/vectorarray.py:290: Suite splitting in effect</skipped></testcase><testcase classname="src.pymortests.vectorarray" file="src/pymortests/vectorarray.py" line="290" name="test_append_self[1-&lt;lambda&gt;26]" time="0.00044918060302734375"><skipped message="Suite splitting in effect" type="pytest.skip">src/pymortests/vectorarray.py:290: Suite splitting in effect</skipped></testcase><testcase classname="src.pymortests.vectorarray" file="src/pymortests/vectorarray.py" line="290" name="test_append_self[2-&lt;lambda&gt;0]" time="0.0004439353942871094"><skipped message="Suite splitting in effect" type="pytest.skip">src/pymortests/vectorarray.py:290: Suite splitting in effect</skipped></testcase><testcase classname="src.pymortests.vectorarray" file="src/pymortests/vectorarray.py" line="290" name="test_append_self[2-&lt;lambda&gt;1]" time="0.0004286766052246094"><skipped message="Suite splitting in effect" type="pytest.skip">src/pymortests/vectorarray.py:290: Suite splitting in effect</skipped></testcase><testcase classname="src.pymortests.vectorarray" file="src/pymortests/vectorarray.py" line="290" name="test_append_self[2-&lt;lambda&gt;2]" time="0.0004050731658935547"><skipped message="Suite splitting in effect" type="pytest.skip">src/pymortests/vectorarray.py:290: Suite splitting in effect</skipped></testcase><testcase classname="src.pymortests.vectorarray" file="src/pymortests/vectorarray.py" line="290" name="test_append_self[2-&lt;lambda&gt;3]" time="0.00044608116149902344"><skipped message="Suite splitting in effect" type="pytest.skip">src/pymortests/vectorarray.py:290: Suite splitting in effect</skipped></testcase><testcase classname="src.pymortests.vectorarray" file="src/pymortests/vectorarray.py" line="290" name="test_append_self[2-&lt;lambda&gt;4]" time="0.0007722377777099609"><skipped message="Suite splitting in effect" type="pytest.skip">src/pymortests/vectorarray.py:290: Suite splitting in effect</skipped></testcase><testcase classname="src.pymortests.vectorarray" file="src/pymortests/vectorarray.py" line="290" name="test_append_self[2-&lt;lambda&gt;5]" time="0.0004324913024902344"><skipped message="Suite splitting in effect" type="pytest.skip">src/pymortests/vectorarray.py:290: Suite splitting in effect</skipped></testcase><testcase classname="src.pymortests.vectorarray" file="src/pymortests/vectorarray.py" line="290" name="test_append_self[2-&lt;lambda&gt;6]" time="0.00042724609375"><skipped message="Suite splitting in effect" type="pytest.skip">src/pymortests/vectorarray.py:290: Suite splitting in effect</skipped></testcase><testcase classname="src.pymortests.vectorarray" file="src/pymortests/vectorarray.py" line="290" name="test_append_self[2-&lt;lambda&gt;7]" time="0.0004208087921142578"><skipped message="Suite splitting in effect" type="pytest.skip">src/pymortests/vectorarray.py:290: Suite splitting in effect</skipped></testcase><testcase classname="src.pymortests.vectorarray" file="src/pymortests/vectorarray.py" line="290" name="test_append_self[2-&lt;lambda&gt;8]" time="0.0004749298095703125"><skipped message="Suite splitting in effect" type="pytest.skip">src/pymortests/vectorarray.py:290: Suite splitting in effect</skipped></testcase><testcase classname="src.pymortests.vectorarray" file="src/pymortests/vectorarray.py" line="290" name="test_append_self[2-&lt;lambda&gt;9]" time="0.0004248619079589844"><skipped message="Suite splitting in effect" type="pytest.skip">src/pymortests/vectorarray.py:290: Suite splitting in effect</skipped></testcase><testcase classname="src.pymortests.vectorarray" file="src/pymortests/vectorarray.py" line="290" name="test_append_self[2-&lt;lambda&gt;10]" time="0.000453948974609375"><skipped message="Suite splitting in effect" type="pytest.skip">src/pymortests/vectorarray.py:290: Suite splitting in effect</skipped></testcase><testcase classname="src.pymortests.vectorarray" file="src/pymortests/vectorarray.py" line="290" name="test_append_self[2-&lt;lambda&gt;11]" time="0.00044655799865722656"><skipped message="Suite splitting in effect" type="pytest.skip">src/pymortests/vectorarray.py:290: Suite splitting in effect</skipped></testcase><testcase classname="src.pymortests.vectorarray" file="src/pymortests/vectorarray.py" line="290" name="test_append_self[2-&lt;lambda&gt;12]" time="0.0009531974792480469"><skipped message="Suite splitting in effect" type="pytest.skip">src/pymortests/vectorarray.py:290: Suite splitting in effect</skipped></testcase><testcase classname="src.pymortests.vectorarray" file="src/pymortests/vectorarray.py" line="290" name="test_append_self[2-&lt;lambda&gt;13]" time="0.00046253204345703125"><skipped message="Suite splitting in effect" type="pytest.skip">src/pymortests/vectorarray.py:290: Suite splitting in effect</skipped></testcase><testcase classname="src.pymortests.vectorarray" file="src/pymortests/vectorarray.py" line="290" name="test_append_self[2-&lt;lambda&gt;14]" time="0.0004200935363769531"><skipped message="Suite splitting in effect" type="pytest.skip">src/pymortests/vectorarray.py:290: Suite splitting in effect</skipped></testcase><testcase classname="src.pymortests.vectorarray" file="src/pymortests/vectorarray.py" line="290" name="test_append_self[2-&lt;lambda&gt;15]" time="0.00044918060302734375"><skipped message="Suite splitting in effect" type="pytest.skip">src/pymortests/vectorarray.py:290: Suite splitting in effect</skipped></testcase><testcase classname="src.pymortests.vectorarray" file="src/pymortests/vectorarray.py" line="290" name="test_append_self[2-&lt;lambda&gt;16]" time="0.0005602836608886719"><skipped message="Suite splitting in effect" type="pytest.skip">src/pymortests/vectorarray.py:290: Suite splitting in effect</skipped></testcase><testcase classname="src.pymortests.vectorarray" file="src/pymortests/vectorarray.py" line="290" name="test_append_self[2-&lt;lambda&gt;17]" time="0.0005161762237548828"><skipped message="Suite splitting in effect" type="pytest.skip">src/pymortests/vectorarray.py:290: Suite splitting in effect</skipped></testcase><testcase classname="src.pymortests.vectorarray" file="src/pymortests/vectorarray.py" line="290" name="test_append_self[2-&lt;lambda&gt;18]" time="0.0005867481231689453"><skipped message="Suite splitting in effect" type="pytest.skip">src/pymortests/vectorarray.py:290: Suite splitting in effect</skipped></testcase><testcase classname="src.pymortests.vectorarray" file="src/pymortests/vectorarray.py" line="290" name="test_append_self[2-&lt;lambda&gt;19]" time="0.0004570484161376953"><skipped message="Suite splitting in effect" type="pytest.skip">src/pymortests/vectorarray.py:290: Suite splitting in effect</skipped></testcase><testcase classname="src.pymortests.vectorarray" file="src/pymortests/vectorarray.py" line="290" name="test_append_self[2-&lt;lambda&gt;20]" time="0.0008664131164550781"><skipped message="Suite splitting in effect" type="pytest.skip">src/pymortests/vectorarray.py:290: Suite splitting in effect</skipped></testcase><testcase classname="src.pymortests.vectorarray" file="src/pymortests/vectorarray.py" line="290" name="test_append_self[2-&lt;lambda&gt;21]" time="0.0004291534423828125"><skipped message="Suite splitting in effect" type="pytest.skip">src/pymortests/vectorarray.py:290: Suite splitting in effect</skipped></testcase><testcase classname="src.pymortests.vectorarray" file="src/pymortests/vectorarray.py" line="290" name="test_append_self[2-&lt;lambda&gt;22]" time="0.0005400180816650391"><skipped message="Suite splitting in effect" type="pytest.skip">src/pymortests/vectorarray.py:290: Suite splitting in effect</skipped></testcase><testcase classname="src.pymortests.vectorarray" file="src/pymortests/vectorarray.py" line="290" name="test_append_self[2-&lt;lambda&gt;23]" time="0.0004761219024658203"><skipped message="Suite splitting in effect" type="pytest.skip">src/pymortests/vectorarray.py:290: Suite splitting in effect</skipped></testcase><testcase classname="src.pymortests.vectorarray" file="src/pymortests/vectorarray.py" line="290" name="test_append_self[2-&lt;lambda&gt;24]" time="0.0004532337188720703"><skipped message="Suite splitting in effect" type="pytest.skip">src/pymortests/vectorarray.py:290: Suite splitting in effect</skipped></testcase><testcase classname="src.pymortests.vectorarray" file="src/pymortests/vectorarray.py" line="290" name="test_append_self[2-&lt;lambda&gt;25]" time="0.00047016143798828125"><skipped message="Suite splitting in effect" type="pytest.skip">src/pymortests/vectorarray.py:290: Suite splitting in effect</skipped></testcase><testcase classname="src.pymortests.vectorarray" file="src/pymortests/vectorarray.py" line="290" name="test_append_self[2-&lt;lambda&gt;26]" time="0.00045752525329589844"><skipped message="Suite splitting in effect" type="pytest.skip">src/pymortests/vectorarray.py:290: Suite splitting in effect</skipped></testcase><testcase classname="src.pymortests.vectorarray" file="src/pymortests/vectorarray.py" line="306" name="test_del[0-&lt;lambda&gt;0]" time="0.00041484832763671875"><skipped message="Suite splitting in effect" type="pytest.skip">src/pymortests/vectorarray.py:306: Suite splitting in effect</skipped></testcase><testcase classname="src.pymortests.vectorarray" file="src/pymortests/vectorarray.py" line="306" name="test_del[0-&lt;lambda&gt;1]" time="0.0007929801940917969"><skipped message="Suite splitting in effect" type="pytest.skip">src/pymortests/vectorarray.py:306: Suite splitting in effect</skipped></testcase><testcase classname="src.pymortests.vectorarray" file="src/pymortests/vectorarray.py" line="306" name="test_del[0-&lt;lambda&gt;2]" time="0.0004227161407470703"><skipped message="Suite splitting in effect" type="pytest.skip">src/pymortests/vectorarray.py:306: Suite splitting in effect</skipped></testcase><testcase classname="src.pymortests.vectorarray" file="src/pymortests/vectorarray.py" line="306" name="test_del[0-&lt;lambda&gt;3]" time="0.0004363059997558594"><skipped message="Suite splitting in effect" type="pytest.skip">src/pymortests/vectorarray.py:306: Suite splitting in effect</skipped></testcase><testcase classname="src.pymortests.vectorarray" file="src/pymortests/vectorarray.py" line="306" name="test_del[0-&lt;lambda&gt;4]" time="0.0006394386291503906"><skipped message="Suite splitting in effect" type="pytest.skip">src/pymortests/vectorarray.py:306: Suite splitting in effect</skipped></testcase><testcase classname="src.pymortests.vectorarray" file="src/pymortests/vectorarray.py" line="306" name="test_del[0-&lt;lambda&gt;5]" time="0.0005028247833251953"><skipped message="Suite splitting in effect" type="pytest.skip">src/pymortests/vectorarray.py:306: Suite splitting in effect</skipped></testcase><testcase classname="src.pymortests.vectorarray" file="src/pymortests/vectorarray.py" line="306" name="test_del[0-&lt;lambda&gt;6]" time="0.0004968643188476562"><skipped message="Suite splitting in effect" type="pytest.skip">src/pymortests/vectorarray.py:306: Suite splitting in effect</skipped></testcase><testcase classname="src.pymortests.vectorarray" file="src/pymortests/vectorarray.py" line="306" name="test_del[0-&lt;lambda&gt;7]" time="0.000469207763671875"><skipped message="Suite splitting in effect" type="pytest.skip">src/pymortests/vectorarray.py:306: Suite splitting in effect</skipped></testcase><testcase classname="src.pymortests.vectorarray" file="src/pymortests/vectorarray.py" line="306" name="test_del[0-&lt;lambda&gt;8]" time="0.0004439353942871094"><skipped message="Suite splitting in effect" type="pytest.skip">src/pymortests/vectorarray.py:306: Suite splitting in effect</skipped></testcase><testcase classname="src.pymortests.vectorarray" file="src/pymortests/vectorarray.py" line="306" name="test_del[0-&lt;lambda&gt;9]" time="0.0008251667022705078"><skipped message="Suite splitting in effect" type="pytest.skip">src/pymortests/vectorarray.py:306: Suite splitting in effect</skipped></testcase><testcase classname="src.pymortests.vectorarray" file="src/pymortests/vectorarray.py" line="306" name="test_del[0-&lt;lambda&gt;10]" time="0.0004870891571044922"><skipped message="Suite splitting in effect" type="pytest.skip">src/pymortests/vectorarray.py:306: Suite splitting in effect</skipped></testcase><testcase classname="src.pymortests.vectorarray" file="src/pymortests/vectorarray.py" line="306" name="test_del[0-&lt;lambda&gt;11]" time="0.0004343986511230469"><skipped message="Suite splitting in effect" type="pytest.skip">src/pymortests/vectorarray.py:306: Suite splitting in effect</skipped></testcase><testcase classname="src.pymortests.vectorarray" file="src/pymortests/vectorarray.py" line="306" name="test_del[0-&lt;lambda&gt;12]" time="0.00044918060302734375"><skipped message="Suite splitting in effect" type="pytest.skip">src/pymortests/vectorarray.py:306: Suite splitting in effect</skipped></testcase><testcase classname="src.pymortests.vectorarray" file="src/pymortests/vectorarray.py" line="306" name="test_del[0-&lt;lambda&gt;13]" time="0.000518798828125"><skipped message="Suite splitting in effect" type="pytest.skip">src/pymortests/vectorarray.py:306: Suite splitting in effect</skipped></testcase><testcase classname="src.pymortests.vectorarray" file="src/pymortests/vectorarray.py" line="306" name="test_del[0-&lt;lambda&gt;14]" time="0.0004897117614746094"><skipped message="Suite splitting in effect" type="pytest.skip">src/pymortests/vectorarray.py:306: Suite splitting in effect</skipped></testcase><testcase classname="src.pymortests.vectorarray" file="src/pymortests/vectorarray.py" line="306" name="test_del[0-&lt;lambda&gt;15]" time="0.000446319580078125"><skipped message="Suite splitting in effect" type="pytest.skip">src/pymortests/vectorarray.py:306: Suite splitting in effect</skipped></testcase><testcase classname="src.pymortests.vectorarray" file="src/pymortests/vectorarray.py" line="306" name="test_del[0-&lt;lambda&gt;16]" time="0.00044345855712890625"><skipped message="Suite splitting in effect" type="pytest.skip">src/pymortests/vectorarray.py:306: Suite splitting in effect</skipped></testcase><testcase classname="src.pymortests.vectorarray" file="src/pymortests/vectorarray.py" line="306" name="test_del[0-&lt;lambda&gt;17]" time="0.0010538101196289062"><skipped message="Suite splitting in effect" type="pytest.skip">src/pymortests/vectorarray.py:306: Suite splitting in effect</skipped></testcase><testcase classname="src.pymortests.vectorarray" file="src/pymortests/vectorarray.py" line="306" name="test_del[0-&lt;lambda&gt;18]" time="0.0004143714904785156"><skipped message="Suite splitting in effect" type="pytest.skip">src/pymortests/vectorarray.py:306: Suite splitting in effect</skipped></testcase><testcase classname="src.pymortests.vectorarray" file="src/pymortests/vectorarray.py" line="306" name="test_del[0-&lt;lambda&gt;19]" time="0.000461578369140625"><skipped message="Suite splitting in effect" type="pytest.skip">src/pymortests/vectorarray.py:306: Suite splitting in effect</skipped></testcase><testcase classname="src.pymortests.vectorarray" file="src/pymortests/vectorarray.py" line="306" name="test_del[0-&lt;lambda&gt;20]" time="0.00046253204345703125"><skipped message="Suite splitting in effect" type="pytest.skip">src/pymortests/vectorarray.py:306: Suite splitting in effect</skipped></testcase><testcase classname="src.pymortests.vectorarray" file="src/pymortests/vectorarray.py" line="306" name="test_del[0-&lt;lambda&gt;21]" time="0.0004570484161376953"><skipped message="Suite splitting in effect" type="pytest.skip">src/pymortests/vectorarray.py:306: Suite splitting in effect</skipped></testcase><testcase classname="src.pymortests.vectorarray" file="src/pymortests/vectorarray.py" line="306" name="test_del[0-&lt;lambda&gt;22]" time="0.0004932880401611328"><skipped message="Suite splitting in effect" type="pytest.skip">src/pymortests/vectorarray.py:306: Suite splitting in effect</skipped></testcase><testcase classname="src.pymortests.vectorarray" file="src/pymortests/vectorarray.py" line="306" name="test_del[0-&lt;lambda&gt;23]" time="0.0004792213439941406"><skipped message="Suite splitting in effect" type="pytest.skip">src/pymortests/vectorarray.py:306: Suite splitting in effect</skipped></testcase><testcase classname="src.pymortests.vectorarray" file="src/pymortests/vectorarray.py" line="306" name="test_del[0-&lt;lambda&gt;24]" time="0.0004646778106689453"><skipped message="Suite splitting in effect" type="pytest.skip">src/pymortests/vectorarray.py:306: Suite splitting in effect</skipped></testcase><testcase classname="src.pymortests.vectorarray" file="src/pymortests/vectorarray.py" line="306" name="test_del[0-&lt;lambda&gt;25]" time="0.0008208751678466797"><skipped message="Suite splitting in effect" type="pytest.skip">src/pymortests/vectorarray.py:306: Suite splitting in effect</skipped></testcase><testcase classname="src.pymortests.vectorarray" file="src/pymortests/vectorarray.py" line="306" name="test_del[0-&lt;lambda&gt;26]" time="0.0004401206970214844"><skipped message="Suite splitting in effect" type="pytest.skip">src/pymortests/vectorarray.py:306: Suite splitting in effect</skipped></testcase><testcase classname="src.pymortests.vectorarray" file="src/pymortests/vectorarray.py" line="306" name="test_del[1-&lt;lambda&gt;0]" time="0.0004487037658691406"><skipped message="Suite splitting in effect" type="pytest.skip">src/pymortests/vectorarray.py:306: Suite splitting in effect</skipped></testcase><testcase classname="src.pymortests.vectorarray" file="src/pymortests/vectorarray.py" line="306" name="test_del[1-&lt;lambda&gt;1]" time="0.00043201446533203125"><skipped message="Suite splitting in effect" type="pytest.skip">src/pymortests/vectorarray.py:306: Suite splitting in effect</skipped></testcase><testcase classname="src.pymortests.vectorarray" file="src/pymortests/vectorarray.py" line="306" name="test_del[1-&lt;lambda&gt;2]" time="0.0005118846893310547"><skipped message="Suite splitting in effect" type="pytest.skip">src/pymortests/vectorarray.py:306: Suite splitting in effect</skipped></testcase><testcase classname="src.pymortests.vectorarray" file="src/pymortests/vectorarray.py" line="306" name="test_del[1-&lt;lambda&gt;3]" time="0.0004906654357910156"><skipped message="Suite splitting in effect" type="pytest.skip">src/pymortests/vectorarray.py:306: Suite splitting in effect</skipped></testcase><testcase classname="src.pymortests.vectorarray" file="src/pymortests/vectorarray.py" line="306" name="test_del[1-&lt;lambda&gt;4]" time="0.0004458427429199219"><skipped message="Suite splitting in effect" type="pytest.skip">src/pymortests/vectorarray.py:306: Suite splitting in effect</skipped></testcase><testcase classname="src.pymortests.vectorarray" file="src/pymortests/vectorarray.py" line="306" name="test_del[1-&lt;lambda&gt;5]" time="0.0004551410675048828"><skipped message="Suite splitting in effect" type="pytest.skip">src/pymortests/vectorarray.py:306: Suite splitting in effect</skipped></testcase><testcase classname="src.pymortests.vectorarray" file="src/pymortests/vectorarray.py" line="306" name="test_del[1-&lt;lambda&gt;6]" time="0.0007493495941162109"><skipped message="Suite splitting in effect" type="pytest.skip">src/pymortests/vectorarray.py:306: Suite splitting in effect</skipped></testcase><testcase classname="src.pymortests.vectorarray" file="src/pymortests/vectorarray.py" line="306" name="test_del[1-&lt;lambda&gt;7]" time="0.00045561790466308594"><skipped message="Suite splitting in effect" type="pytest.skip">src/pymortests/vectorarray.py:306: Suite splitting in effect</skipped></testcase><testcase classname="src.pymortests.vectorarray" file="src/pymortests/vectorarray.py" line="306" name="test_del[1-&lt;lambda&gt;8]" time="0.0004169940948486328"><skipped message="Suite splitting in effect" type="pytest.skip">src/pymortests/vectorarray.py:306: Suite splitting in effect</skipped></testcase><testcase classname="src.pymortests.vectorarray" file="src/pymortests/vectorarray.py" line="306" name="test_del[1-&lt;lambda&gt;9]" time="0.0004401206970214844"><skipped message="Suite splitting in effect" type="pytest.skip">src/pymortests/vectorarray.py:306: Suite splitting in effect</skipped></testcase><testcase classname="src.pymortests.vectorarray" file="src/pymortests/vectorarray.py" line="306" name="test_del[1-&lt;lambda&gt;10]" time="0.00046563148498535156"><skipped message="Suite splitting in effect" type="pytest.skip">src/pymortests/vectorarray.py:306: Suite splitting in effect</skipped></testcase><testcase classname="src.pymortests.vectorarray" file="src/pymortests/vectorarray.py" line="306" name="test_del[1-&lt;lambda&gt;11]" time="0.0004432201385498047"><skipped message="Suite splitting in effect" type="pytest.skip">src/pymortests/vectorarray.py:306: Suite splitting in effect</skipped></testcase><testcase classname="src.pymortests.vectorarray" file="src/pymortests/vectorarray.py" line="306" name="test_del[1-&lt;lambda&gt;12]" time="0.00043582916259765625"><skipped message="Suite splitting in effect" type="pytest.skip">src/pymortests/vectorarray.py:306: Suite splitting in effect</skipped></testcase><testcase classname="src.pymortests.vectorarray" file="src/pymortests/vectorarray.py" line="306" name="test_del[1-&lt;lambda&gt;13]" time="0.0004227161407470703"><skipped message="Suite splitting in effect" type="pytest.skip">src/pymortests/vectorarray.py:306: Suite splitting in effect</skipped></testcase><testcase classname="src.pymortests.vectorarray" file="src/pymortests/vectorarray.py" line="306" name="test_del[1-&lt;lambda&gt;14]" time="0.0008702278137207031"><skipped message="Suite splitting in effect" type="pytest.skip">src/pymortests/vectorarray.py:306: Suite splitting in effect</skipped></testcase><testcase classname="src.pymortests.vectorarray" file="src/pymortests/vectorarray.py" line="306" name="test_del[1-&lt;lambda&gt;15]" time="0.00043511390686035156"><skipped message="Suite splitting in effect" type="pytest.skip">src/pymortests/vectorarray.py:306: Suite splitting in effect</skipped></testcase><testcase classname="src.pymortests.vectorarray" file="src/pymortests/vectorarray.py" line="306" name="test_del[1-&lt;lambda&gt;16]" time="0.0005950927734375"><skipped message="Suite splitting in effect" type="pytest.skip">src/pymortests/vectorarray.py:306: Suite splitting in effect</skipped></testcase><testcase classname="src.pymortests.vectorarray" file="src/pymortests/vectorarray.py" line="306" name="test_del[1-&lt;lambda&gt;17]" time="0.0004115104675292969"><skipped message="Suite splitting in effect" type="pytest.skip">src/pymortests/vectorarray.py:306: Suite splitting in effect</skipped></testcase><testcase classname="src.pymortests.vectorarray" file="src/pymortests/vectorarray.py" line="306" name="test_del[1-&lt;lambda&gt;18]" time="0.0004258155822753906"><skipped message="Suite splitting in effect" type="pytest.skip">src/pymortests/vectorarray.py:306: Suite splitting in effect</skipped></testcase><testcase classname="src.pymortests.vectorarray" file="src/pymortests/vectorarray.py" line="306" name="test_del[1-&lt;lambda&gt;19]" time="0.0004527568817138672"><skipped message="Suite splitting in effect" type="pytest.skip">src/pymortests/vectorarray.py:306: Suite splitting in effect</skipped></testcase><testcase classname="src.pymortests.vectorarray" file="src/pymortests/vectorarray.py" line="306" name="test_del[1-&lt;lambda&gt;20]" time="0.00045490264892578125"><skipped message="Suite splitting in effect" type="pytest.skip">src/pymortests/vectorarray.py:306: Suite splitting in effect</skipped></testcase><testcase classname="src.pymortests.vectorarray" file="src/pymortests/vectorarray.py" line="306" name="test_del[1-&lt;lambda&gt;21]" time="0.0004100799560546875"><skipped message="Suite splitting in effect" type="pytest.skip">src/pymortests/vectorarray.py:306: Suite splitting in effect</skipped></testcase><testcase classname="src.pymortests.vectorarray" file="src/pymortests/vectorarray.py" line="306" name="test_del[1-&lt;lambda&gt;22]" time="0.0007569789886474609"><skipped message="Suite splitting in effect" type="pytest.skip">src/pymortests/vectorarray.py:306: Suite splitting in effect</skipped></testcase><testcase classname="src.pymortests.vectorarray" file="src/pymortests/vectorarray.py" line="306" name="test_del[1-&lt;lambda&gt;23]" time="0.00040650367736816406"><skipped message="Suite splitting in effect" type="pytest.skip">src/pymortests/vectorarray.py:306: Suite splitting in effect</skipped></testcase><testcase classname="src.pymortests.vectorarray" file="src/pymortests/vectorarray.py" line="306" name="test_del[1-&lt;lambda&gt;24]" time="0.0004825592041015625"><skipped message="Suite splitting in effect" type="pytest.skip">src/pymortests/vectorarray.py:306: Suite splitting in effect</skipped></testcase><testcase classname="src.pymortests.vectorarray" file="src/pymortests/vectorarray.py" line="306" name="test_del[1-&lt;lambda&gt;25]" time="0.00046896934509277344"><skipped message="Suite splitting in effect" type="pytest.skip">src/pymortests/vectorarray.py:306: Suite splitting in effect</skipped></testcase><testcase classname="src.pymortests.vectorarray" file="src/pymortests/vectorarray.py" line="306" name="test_del[1-&lt;lambda&gt;26]" time="0.00041222572326660156"><skipped message="Suite splitting in effect" type="pytest.skip">src/pymortests/vectorarray.py:306: Suite splitting in effect</skipped></testcase><testcase classname="src.pymortests.vectorarray" file="src/pymortests/vectorarray.py" line="306" name="test_del[2-&lt;lambda&gt;0]" time="0.00045013427734375"><skipped message="Suite splitting in effect" type="pytest.skip">src/pymortests/vectorarray.py:306: Suite splitting in effect</skipped></testcase><testcase classname="src.pymortests.vectorarray" file="src/pymortests/vectorarray.py" line="306" name="test_del[2-&lt;lambda&gt;1]" time="0.0005083084106445312"><skipped message="Suite splitting in effect" type="pytest.skip">src/pymortests/vectorarray.py:306: Suite splitting in effect</skipped></testcase><testcase classname="src.pymortests.vectorarray" file="src/pymortests/vectorarray.py" line="306" name="test_del[2-&lt;lambda&gt;2]" time="0.0004603862762451172"><skipped message="Suite splitting in effect" type="pytest.skip">src/pymortests/vectorarray.py:306: Suite splitting in effect</skipped></testcase><testcase classname="src.pymortests.vectorarray" file="src/pymortests/vectorarray.py" line="306" name="test_del[2-&lt;lambda&gt;3]" time="0.0008754730224609375"><skipped message="Suite splitting in effect" type="pytest.skip">src/pymortests/vectorarray.py:306: Suite splitting in effect</skipped></testcase><testcase classname="src.pymortests.vectorarray" file="src/pymortests/vectorarray.py" line="306" name="test_del[2-&lt;lambda&gt;4]" time="0.0004532337188720703"><skipped message="Suite splitting in effect" type="pytest.skip">src/pymortests/vectorarray.py:306: Suite splitting in effect</skipped></testcase><testcase classname="src.pymortests.vectorarray" file="src/pymortests/vectorarray.py" line="306" name="test_del[2-&lt;lambda&gt;5]" time="0.0004782676696777344"><skipped message="Suite splitting in effect" type="pytest.skip">src/pymortests/vectorarray.py:306: Suite splitting in effect</skipped></testcase><testcase classname="src.pymortests.vectorarray" file="src/pymortests/vectorarray.py" line="306" name="test_del[2-&lt;lambda&gt;6]" time="0.00044274330139160156"><skipped message="Suite splitting in effect" type="pytest.skip">src/pymortests/vectorarray.py:306: Suite splitting in effect</skipped></testcase><testcase classname="src.pymortests.vectorarray" file="src/pymortests/vectorarray.py" line="306" name="test_del[2-&lt;lambda&gt;7]" time="0.0005278587341308594"><skipped message="Suite splitting in effect" type="pytest.skip">src/pymortests/vectorarray.py:306: Suite splitting in effect</skipped></testcase><testcase classname="src.pymortests.vectorarray" file="src/pymortests/vectorarray.py" line="306" name="test_del[2-&lt;lambda&gt;8]" time="0.0005512237548828125"><skipped message="Suite splitting in effect" type="pytest.skip">src/pymortests/vectorarray.py:306: Suite splitting in effect</skipped></testcase><testcase classname="src.pymortests.vectorarray" file="src/pymortests/vectorarray.py" line="306" name="test_del[2-&lt;lambda&gt;9]" time="0.0006611347198486328"><skipped message="Suite splitting in effect" type="pytest.skip">src/pymortests/vectorarray.py:306: Suite splitting in effect</skipped></testcase><testcase classname="src.pymortests.vectorarray" file="src/pymortests/vectorarray.py" line="306" name="test_del[2-&lt;lambda&gt;10]" time="0.0007336139678955078"><skipped message="Suite splitting in effect" type="pytest.skip">src/pymortests/vectorarray.py:306: Suite splitting in effect</skipped></testcase><testcase classname="src.pymortests.vectorarray" file="src/pymortests/vectorarray.py" line="306" name="test_del[2-&lt;lambda&gt;11]" time="0.00098419189453125"><skipped message="Suite splitting in effect" type="pytest.skip">src/pymortests/vectorarray.py:306: Suite splitting in effect</skipped></testcase><testcase classname="src.pymortests.vectorarray" file="src/pymortests/vectorarray.py" line="306" name="test_del[2-&lt;lambda&gt;12]" time="0.0004918575286865234"><skipped message="Suite splitting in effect" type="pytest.skip">src/pymortests/vectorarray.py:306: Suite splitting in effect</skipped></testcase><testcase classname="src.pymortests.vectorarray" file="src/pymortests/vectorarray.py" line="306" name="test_del[2-&lt;lambda&gt;13]" time="0.0004394054412841797"><skipped message="Suite splitting in effect" type="pytest.skip">src/pymortests/vectorarray.py:306: Suite splitting in effect</skipped></testcase><testcase classname="src.pymortests.vectorarray" file="src/pymortests/vectorarray.py" line="306" name="test_del[2-&lt;lambda&gt;14]" time="0.0004642009735107422"><skipped message="Suite splitting in effect" type="pytest.skip">src/pymortests/vectorarray.py:306: Suite splitting in effect</skipped></testcase><testcase classname="src.pymortests.vectorarray" file="src/pymortests/vectorarray.py" line="306" name="test_del[2-&lt;lambda&gt;15]" time="0.0004341602325439453"><skipped message="Suite splitting in effect" type="pytest.skip">src/pymortests/vectorarray.py:306: Suite splitting in effect</skipped></testcase><testcase classname="src.pymortests.vectorarray" file="src/pymortests/vectorarray.py" line="306" name="test_del[2-&lt;lambda&gt;16]" time="0.00043654441833496094"><skipped message="Suite splitting in effect" type="pytest.skip">src/pymortests/vectorarray.py:306: Suite splitting in effect</skipped></testcase><testcase classname="src.pymortests.vectorarray" file="src/pymortests/vectorarray.py" line="306" name="test_del[2-&lt;lambda&gt;17]" time="0.00044536590576171875"><skipped message="Suite splitting in effect" type="pytest.skip">src/pymortests/vectorarray.py:306: Suite splitting in effect</skipped></testcase><testcase classname="src.pymortests.vectorarray" file="src/pymortests/vectorarray.py" line="306" name="test_del[2-&lt;lambda&gt;18]" time="0.011740446090698242"></testcase><testcase classname="src.pymortests.vectorarray" file="src/pymortests/vectorarray.py" line="306" name="test_del[2-&lt;lambda&gt;19]" time="0.013117551803588867"></testcase><testcase classname="src.pymortests.vectorarray" file="src/pymortests/vectorarray.py" line="306" name="test_del[2-&lt;lambda&gt;20]" time="0.043366193771362305"></testcase><testcase classname="src.pymortests.vectorarray" file="src/pymortests/vectorarray.py" line="306" name="test_del[2-&lt;lambda&gt;21]" time="0.10107040405273438"></testcase><testcase classname="src.pymortests.vectorarray" file="src/pymortests/vectorarray.py" line="306" name="test_del[2-&lt;lambda&gt;22]" time="0.005143880844116211"><system-out> set global mesh
 set global mesh
 Update mesh topology
 Update edges 
 Update faces 
 Update clusters
</system-out></testcase><testcase classname="src.pymortests.vectorarray" file="src/pymortests/vectorarray.py" line="306" name="test_del[2-&lt;lambda&gt;23]" time="0.004437923431396484"><system-out> set global mesh
 set global mesh
 Update mesh topology
 Update edges 
 Update faces 
 Update clusters
</system-out></testcase><testcase classname="src.pymortests.vectorarray" file="src/pymortests/vectorarray.py" line="306" name="test_del[2-&lt;lambda&gt;24]" time="0.007861614227294922"><system-out> set global mesh
 set global mesh
 Update mesh topology
 Update edges 
 Update faces 
 Update clusters
</system-out></testcase><testcase classname="src.pymortests.vectorarray" file="src/pymortests/vectorarray.py" line="306" name="test_del[2-&lt;lambda&gt;25]" time="0.05524921417236328"><system-out> set global mesh
 set global mesh
 Update mesh topology
 Update edges 
 Update faces 
 Update clusters
</system-out></testcase><testcase classname="src.pymortests.vectorarray" file="src/pymortests/vectorarray.py" line="306" name="test_del[2-&lt;lambda&gt;26]" time="0.1223454475402832"></testcase><testcase classname="src.pymortests.vectorarray" file="src/pymortests/vectorarray.py" line="323" name="test_scal[0-&lt;lambda&gt;0]" time="0.02105426788330078"></testcase><testcase classname="src.pymortests.vectorarray" file="src/pymortests/vectorarray.py" line="323" name="test_scal[0-&lt;lambda&gt;1]" time="0.021190404891967773"></testcase><testcase classname="src.pymortests.vectorarray" file="src/pymortests/vectorarray.py" line="323" name="test_scal[0-&lt;lambda&gt;2]" time="0.021497011184692383"></testcase><testcase classname="src.pymortests.vectorarray" file="src/pymortests/vectorarray.py" line="323" name="test_scal[0-&lt;lambda&gt;3]" time="0.024379253387451172"></testcase><testcase classname="src.pymortests.vectorarray" file="src/pymortests/vectorarray.py" line="323" name="test_scal[0-&lt;lambda&gt;4]" time="0.023001909255981445"></testcase><testcase classname="src.pymortests.vectorarray" file="src/pymortests/vectorarray.py" line="323" name="test_scal[0-&lt;lambda&gt;5]" time="0.015798568725585938"></testcase><testcase classname="src.pymortests.vectorarray" file="src/pymortests/vectorarray.py" line="323" name="test_scal[0-&lt;lambda&gt;6]" time="0.015465736389160156"></testcase><testcase classname="src.pymortests.vectorarray" file="src/pymortests/vectorarray.py" line="323" name="test_scal[0-&lt;lambda&gt;7]" time="0.018281221389770508"></testcase><testcase classname="src.pymortests.vectorarray" file="src/pymortests/vectorarray.py" line="323" name="test_scal[0-&lt;lambda&gt;8]" time="0.09086847305297852"></testcase><testcase classname="src.pymortests.vectorarray" file="src/pymortests/vectorarray.py" line="323" name="test_scal[0-&lt;lambda&gt;9]" time="0.17000675201416016"></testcase><testcase classname="src.pymortests.vectorarray" file="src/pymortests/vectorarray.py" line="323" name="test_scal[0-&lt;lambda&gt;10]" time="0.03465628623962402"></testcase><testcase classname="src.pymortests.vectorarray" file="src/pymortests/vectorarray.py" line="323" name="test_scal[0-&lt;lambda&gt;11]" time="0.036900997161865234"></testcase><testcase classname="src.pymortests.vectorarray" file="src/pymortests/vectorarray.py" line="323" name="test_scal[0-&lt;lambda&gt;12]" time="0.03342890739440918"></testcase><testcase classname="src.pymortests.vectorarray" file="src/pymortests/vectorarray.py" line="323" name="test_scal[0-&lt;lambda&gt;13]" time="0.02595376968383789"></testcase><testcase classname="src.pymortests.vectorarray" file="src/pymortests/vectorarray.py" line="323" name="test_scal[0-&lt;lambda&gt;14]" time="0.0356440544128418"></testcase><testcase classname="src.pymortests.vectorarray" file="src/pymortests/vectorarray.py" line="323" name="test_scal[0-&lt;lambda&gt;15]" time="0.053025007247924805"></testcase><testcase classname="src.pymortests.vectorarray" file="src/pymortests/vectorarray.py" line="323" name="test_scal[0-&lt;lambda&gt;16]" time="0.057359933853149414"></testcase><testcase classname="src.pymortests.vectorarray" file="src/pymortests/vectorarray.py" line="323" name="test_scal[0-&lt;lambda&gt;17]" time="0.049668073654174805"></testcase><testcase classname="src.pymortests.vectorarray" file="src/pymortests/vectorarray.py" line="323" name="test_scal[0-&lt;lambda&gt;18]" time="0.050118207931518555"></testcase><testcase classname="src.pymortests.vectorarray" file="src/pymortests/vectorarray.py" line="323" name="test_scal[0-&lt;lambda&gt;19]" time="0.06484127044677734"></testcase><testcase classname="src.pymortests.vectorarray" file="src/pymortests/vectorarray.py" line="323" name="test_scal[0-&lt;lambda&gt;20]" time="0.20543289184570312"></testcase><testcase classname="src.pymortests.vectorarray" file="src/pymortests/vectorarray.py" line="323" name="test_scal[0-&lt;lambda&gt;21]" time="0.4534430503845215"></testcase><testcase classname="src.pymortests.vectorarray" file="src/pymortests/vectorarray.py" line="323" name="test_scal[0-&lt;lambda&gt;22]" time="0.017222881317138672"></testcase><testcase classname="src.pymortests.vectorarray" file="src/pymortests/vectorarray.py" line="323" name="test_scal[0-&lt;lambda&gt;23]" time="0.017438411712646484"></testcase><testcase classname="src.pymortests.vectorarray" file="src/pymortests/vectorarray.py" line="323" name="test_scal[0-&lt;lambda&gt;24]" time="0.028271913528442383"></testcase><testcase classname="src.pymortests.vectorarray" file="src/pymortests/vectorarray.py" line="323" name="test_scal[0-&lt;lambda&gt;25]" time="0.2751033306121826"></testcase><testcase classname="src.pymortests.vectorarray" file="src/pymortests/vectorarray.py" line="323" name="test_scal[0-&lt;lambda&gt;26]" time="0.6097803115844727"></testcase><testcase classname="src.pymortests.vectorarray" file="src/pymortests/vectorarray.py" line="323" name="test_scal[1-&lt;lambda&gt;0]" time="0.019608497619628906"></testcase><testcase classname="src.pymortests.vectorarray" file="src/pymortests/vectorarray.py" line="323" name="test_scal[1-&lt;lambda&gt;1]" time="0.020599365234375"></testcase><testcase classname="src.pymortests.vectorarray" file="src/pymortests/vectorarray.py" line="323" name="test_scal[1-&lt;lambda&gt;2]" time="0.019673824310302734"></testcase><testcase classname="src.pymortests.vectorarray" file="src/pymortests/vectorarray.py" line="323" name="test_scal[1-&lt;lambda&gt;3]" time="0.0235440731048584"></testcase><testcase classname="src.pymortests.vectorarray" file="src/pymortests/vectorarray.py" line="323" name="test_scal[1-&lt;lambda&gt;4]" time="0.02392268180847168"></testcase><testcase classname="src.pymortests.vectorarray" file="src/pymortests/vectorarray.py" line="323" name="test_scal[1-&lt;lambda&gt;5]" time="0.016164779663085938"></testcase><testcase classname="src.pymortests.vectorarray" file="src/pymortests/vectorarray.py" line="323" name="test_scal[1-&lt;lambda&gt;6]" time="0.015924930572509766"></testcase><testcase classname="src.pymortests.vectorarray" file="src/pymortests/vectorarray.py" line="323" name="test_scal[1-&lt;lambda&gt;7]" time="0.018481016159057617"></testcase><testcase classname="src.pymortests.vectorarray" file="src/pymortests/vectorarray.py" line="323" name="test_scal[1-&lt;lambda&gt;8]" time="0.25950050354003906"></testcase><testcase classname="src.pymortests.vectorarray" file="src/pymortests/vectorarray.py" line="323" name="test_scal[1-&lt;lambda&gt;9]" time="0.17026495933532715"></testcase><testcase classname="src.pymortests.vectorarray" file="src/pymortests/vectorarray.py" line="323" name="test_scal[1-&lt;lambda&gt;10]" time="0.037888526916503906"></testcase><testcase classname="src.pymortests.vectorarray" file="src/pymortests/vectorarray.py" line="323" name="test_scal[1-&lt;lambda&gt;11]" time="0.03564906120300293"></testcase><testcase classname="src.pymortests.vectorarray" file="src/pymortests/vectorarray.py" line="323" name="test_scal[1-&lt;lambda&gt;12]" time="0.03351736068725586"></testcase><testcase classname="src.pymortests.vectorarray" file="src/pymortests/vectorarray.py" line="323" name="test_scal[1-&lt;lambda&gt;13]" time="0.02608180046081543"></testcase><testcase classname="src.pymortests.vectorarray" file="src/pymortests/vectorarray.py" line="323" name="test_scal[1-&lt;lambda&gt;14]" time="0.035859107971191406"></testcase><testcase classname="src.pymortests.vectorarray" file="src/pymortests/vectorarray.py" line="323" name="test_scal[1-&lt;lambda&gt;15]" time="0.05229377746582031"></testcase><testcase classname="src.pymortests.vectorarray" file="src/pymortests/vectorarray.py" line="323" name="test_scal[1-&lt;lambda&gt;16]" time="0.05813121795654297"></testcase><testcase classname="src.pymortests.vectorarray" file="src/pymortests/vectorarray.py" line="323" name="test_scal[1-&lt;lambda&gt;17]" time="0.05032157897949219"></testcase><testcase classname="src.pymortests.vectorarray" file="src/pymortests/vectorarray.py" line="323" name="test_scal[1-&lt;lambda&gt;18]" time="0.049477338790893555"></testcase><testcase classname="src.pymortests.vectorarray" file="src/pymortests/vectorarray.py" line="323" name="test_scal[1-&lt;lambda&gt;19]" time="0.06452417373657227"></testcase><testcase classname="src.pymortests.vectorarray" file="src/pymortests/vectorarray.py" line="323" name="test_scal[1-&lt;lambda&gt;20]" time="0.20505833625793457"></testcase><testcase classname="src.pymortests.vectorarray" file="src/pymortests/vectorarray.py" line="323" name="test_scal[1-&lt;lambda&gt;21]" time="0.4612584114074707"></testcase><testcase classname="src.pymortests.vectorarray" file="src/pymortests/vectorarray.py" line="323" name="test_scal[1-&lt;lambda&gt;22]" time="0.017832040786743164"></testcase><testcase classname="src.pymortests.vectorarray" file="src/pymortests/vectorarray.py" line="323" name="test_scal[1-&lt;lambda&gt;23]" time="0.01833963394165039"></testcase><testcase classname="src.pymortests.vectorarray" file="src/pymortests/vectorarray.py" line="323" name="test_scal[1-&lt;lambda&gt;24]" time="0.029878616333007812"></testcase><testcase classname="src.pymortests.vectorarray" file="src/pymortests/vectorarray.py" line="323" name="test_scal[1-&lt;lambda&gt;25]" time="0.2991008758544922"></testcase><testcase classname="src.pymortests.vectorarray" file="src/pymortests/vectorarray.py" line="323" name="test_scal[1-&lt;lambda&gt;26]" time="0.671637773513794"></testcase><testcase classname="src.pymortests.vectorarray" file="src/pymortests/vectorarray.py" line="323" name="test_scal[2-&lt;lambda&gt;0]" time="0.019467830657958984"></testcase><testcase classname="src.pymortests.vectorarray" file="src/pymortests/vectorarray.py" line="323" name="test_scal[2-&lt;lambda&gt;1]" time="0.020307064056396484"></testcase><testcase classname="src.pymortests.vectorarray" file="src/pymortests/vectorarray.py" line="323" name="test_scal[2-&lt;lambda&gt;2]" time="0.01964259147644043"></testcase><testcase classname="src.pymortests.vectorarray" file="src/pymortests/vectorarray.py" line="323" name="test_scal[2-&lt;lambda&gt;3]" time="0.024187088012695312"></testcase><testcase classname="src.pymortests.vectorarray" file="src/pymortests/vectorarray.py" line="323" name="test_scal[2-&lt;lambda&gt;4]" time="0.023470163345336914"></testcase><testcase classname="src.pymortests.vectorarray" file="src/pymortests/vectorarray.py" line="323" name="test_scal[2-&lt;lambda&gt;5]" time="0.016086578369140625"></testcase><testcase classname="src.pymortests.vectorarray" file="src/pymortests/vectorarray.py" line="323" name="test_scal[2-&lt;lambda&gt;6]" time="0.016144752502441406"></testcase><testcase classname="src.pymortests.vectorarray" file="src/pymortests/vectorarray.py" line="323" name="test_scal[2-&lt;lambda&gt;7]" time="0.018602848052978516"></testcase><testcase classname="src.pymortests.vectorarray" file="src/pymortests/vectorarray.py" line="323" name="test_scal[2-&lt;lambda&gt;8]" time="0.09221172332763672"></testcase><testcase classname="src.pymortests.vectorarray" file="src/pymortests/vectorarray.py" line="323" name="test_scal[2-&lt;lambda&gt;9]" time="0.1692190170288086"></testcase><testcase classname="src.pymortests.vectorarray" file="src/pymortests/vectorarray.py" line="323" name="test_scal[2-&lt;lambda&gt;10]" time="0.03390336036682129"></testcase><testcase classname="src.pymortests.vectorarray" file="src/pymortests/vectorarray.py" line="323" name="test_scal[2-&lt;lambda&gt;11]" time="0.035695552825927734"></testcase><testcase classname="src.pymortests.vectorarray" file="src/pymortests/vectorarray.py" line="323" name="test_scal[2-&lt;lambda&gt;12]" time="0.03328061103820801"></testcase><testcase classname="src.pymortests.vectorarray" file="src/pymortests/vectorarray.py" line="323" name="test_scal[2-&lt;lambda&gt;13]" time="0.02586054801940918"></testcase><testcase classname="src.pymortests.vectorarray" file="src/pymortests/vectorarray.py" line="323" name="test_scal[2-&lt;lambda&gt;14]" time="0.035707950592041016"></testcase><testcase classname="src.pymortests.vectorarray" file="src/pymortests/vectorarray.py" line="323" name="test_scal[2-&lt;lambda&gt;15]" time="0.051180124282836914"></testcase><testcase classname="src.pymortests.vectorarray" file="src/pymortests/vectorarray.py" line="323" name="test_scal[2-&lt;lambda&gt;16]" time="0.05716514587402344"></testcase><testcase classname="src.pymortests.vectorarray" file="src/pymortests/vectorarray.py" line="323" name="test_scal[2-&lt;lambda&gt;17]" time="0.04912710189819336"></testcase><testcase classname="src.pymortests.vectorarray" file="src/pymortests/vectorarray.py" line="323" name="test_scal[2-&lt;lambda&gt;18]" time="0.05077052116394043"></testcase><testcase classname="src.pymortests.vectorarray" file="src/pymortests/vectorarray.py" line="323" name="test_scal[2-&lt;lambda&gt;19]" time="0.06460332870483398"></testcase><testcase classname="src.pymortests.vectorarray" file="src/pymortests/vectorarray.py" line="323" name="test_scal[2-&lt;lambda&gt;20]" time="0.20145320892333984"></testcase><testcase classname="src.pymortests.vectorarray" file="src/pymortests/vectorarray.py" line="323" name="test_scal[2-&lt;lambda&gt;21]" time="0.44741320610046387"></testcase><testcase classname="src.pymortests.vectorarray" file="src/pymortests/vectorarray.py" line="323" name="test_scal[2-&lt;lambda&gt;22]" time="0.017565488815307617"></testcase><testcase classname="src.pymortests.vectorarray" file="src/pymortests/vectorarray.py" line="323" name="test_scal[2-&lt;lambda&gt;23]" time="0.017725467681884766"></testcase><testcase classname="src.pymortests.vectorarray" file="src/pymortests/vectorarray.py" line="323" name="test_scal[2-&lt;lambda&gt;24]" time="0.029742717742919922"></testcase><testcase classname="src.pymortests.vectorarray" file="src/pymortests/vectorarray.py" line="323" name="test_scal[2-&lt;lambda&gt;25]" time="0.3208465576171875"></testcase><testcase classname="src.pymortests.vectorarray" file="src/pymortests/vectorarray.py" line="323" name="test_scal[2-&lt;lambda&gt;26]" time="0.7229204177856445"></testcase><testcase classname="src.pymortests.vectorarray" file="src/pymortests/vectorarray.py" line="361" name="test_axpy[compatible_vector_array_pair0-&lt;lambda&gt;0]" time="0.018974781036376953"></testcase><testcase classname="src.pymortests.vectorarray" file="src/pymortests/vectorarray.py" line="361" name="test_axpy[compatible_vector_array_pair0-&lt;lambda&gt;1]" time="0.0060765743255615234"></testcase><testcase classname="src.pymortests.vectorarray" file="src/pymortests/vectorarray.py" line="361" name="test_axpy[compatible_vector_array_pair0-&lt;lambda&gt;2]" time="0.02627253532409668"></testcase><testcase classname="src.pymortests.vectorarray" file="src/pymortests/vectorarray.py" line="361" name="test_axpy[compatible_vector_array_pair0-&lt;lambda&gt;3]" time="0.02866649627685547"></testcase><testcase classname="src.pymortests.vectorarray" file="src/pymortests/vectorarray.py" line="361" name="test_axpy[compatible_vector_array_pair0-&lt;lambda&gt;4]" time="0.029532670974731445"></testcase><testcase classname="src.pymortests.vectorarray" file="src/pymortests/vectorarray.py" line="361" name="test_axpy[compatible_vector_array_pair0-&lt;lambda&gt;5]" time="0.042592763900756836"></testcase><testcase classname="src.pymortests.vectorarray" file="src/pymortests/vectorarray.py" line="361" name="test_axpy[compatible_vector_array_pair0-&lt;lambda&gt;6]" time="0.01363825798034668"></testcase><testcase classname="src.pymortests.vectorarray" file="src/pymortests/vectorarray.py" line="361" name="test_axpy[compatible_vector_array_pair0-&lt;lambda&gt;7]" time="0.0044574737548828125"></testcase><testcase classname="src.pymortests.vectorarray" file="src/pymortests/vectorarray.py" line="361" name="test_axpy[compatible_vector_array_pair0-&lt;lambda&gt;8]" time="0.06733345985412598"></testcase><testcase classname="src.pymortests.vectorarray" file="src/pymortests/vectorarray.py" line="361" name="test_axpy[compatible_vector_array_pair0-&lt;lambda&gt;9]" time="0.11206388473510742"></testcase><testcase classname="src.pymortests.vectorarray" file="src/pymortests/vectorarray.py" line="361" name="test_axpy[compatible_vector_array_pair0-&lt;lambda&gt;10]" time="0.2857632637023926"></testcase><testcase classname="src.pymortests.vectorarray" file="src/pymortests/vectorarray.py" line="361" name="test_axpy[compatible_vector_array_pair0-&lt;lambda&gt;11]" time="0.046614646911621094"></testcase><testcase classname="src.pymortests.vectorarray" file="src/pymortests/vectorarray.py" line="361" name="test_axpy[compatible_vector_array_pair0-&lt;lambda&gt;12]" time="0.03317999839782715"></testcase><testcase classname="src.pymortests.vectorarray" file="src/pymortests/vectorarray.py" line="361" name="test_axpy[compatible_vector_array_pair0-&lt;lambda&gt;13]" time="0.008932113647460938"></testcase><testcase classname="src.pymortests.vectorarray" file="src/pymortests/vectorarray.py" line="361" name="test_axpy[compatible_vector_array_pair0-&lt;lambda&gt;14]" time="0.03876233100891113"></testcase><testcase classname="src.pymortests.vectorarray" file="src/pymortests/vectorarray.py" line="361" name="test_axpy[compatible_vector_array_pair0-&lt;lambda&gt;15]" time="0.06665897369384766"></testcase><testcase classname="src.pymortests.vectorarray" file="src/pymortests/vectorarray.py" line="361" name="test_axpy[compatible_vector_array_pair0-&lt;lambda&gt;16]" time="0.07386660575866699"></testcase><testcase classname="src.pymortests.vectorarray" file="src/pymortests/vectorarray.py" line="361" name="test_axpy[compatible_vector_array_pair0-&lt;lambda&gt;17]" time="0.07598447799682617"></testcase><testcase classname="src.pymortests.vectorarray" file="src/pymortests/vectorarray.py" line="361" name="test_axpy[compatible_vector_array_pair0-&lt;lambda&gt;18]" time="0.04623532295227051"></testcase><testcase classname="src.pymortests.vectorarray" file="src/pymortests/vectorarray.py" line="361" name="test_axpy[compatible_vector_array_pair0-&lt;lambda&gt;19]" time="0.008152961730957031"></testcase><testcase classname="src.pymortests.vectorarray" file="src/pymortests/vectorarray.py" line="361" name="test_axpy[compatible_vector_array_pair0-&lt;lambda&gt;20]" time="0.24664711952209473"></testcase><testcase classname="src.pymortests.vectorarray" file="src/pymortests/vectorarray.py" line="361" name="test_axpy[compatible_vector_array_pair0-&lt;lambda&gt;21]" time="0.21037054061889648"></testcase><testcase classname="src.pymortests.vectorarray" file="src/pymortests/vectorarray.py" line="361" name="test_axpy[compatible_vector_array_pair0-&lt;lambda&gt;22]" time="0.5385258197784424"></testcase><testcase classname="src.pymortests.vectorarray" file="src/pymortests/vectorarray.py" line="361" name="test_axpy[compatible_vector_array_pair0-&lt;lambda&gt;23]" time="0.09980082511901855"></testcase><testcase classname="src.pymortests.vectorarray" file="src/pymortests/vectorarray.py" line="361" name="test_axpy[compatible_vector_array_pair0-&lt;lambda&gt;24]" time="0.015867948532104492"></testcase><testcase classname="src.pymortests.vectorarray" file="src/pymortests/vectorarray.py" line="361" name="test_axpy[compatible_vector_array_pair0-&lt;lambda&gt;25]" time="0.005638599395751953"></testcase><testcase classname="src.pymortests.vectorarray" file="src/pymortests/vectorarray.py" line="361" name="test_axpy[compatible_vector_array_pair0-&lt;lambda&gt;26]" time="0.23857688903808594"></testcase><testcase classname="src.pymortests.vectorarray" file="src/pymortests/vectorarray.py" line="361" name="test_axpy[compatible_vector_array_pair0-&lt;lambda&gt;27]" time="0.41003918647766113"></testcase><testcase classname="src.pymortests.vectorarray" file="src/pymortests/vectorarray.py" line="361" name="test_axpy[compatible_vector_array_pair0-&lt;lambda&gt;28]" time="1.2547392845153809"><system-out> set global mesh
 set global mesh
 Update mesh topology
 Update edges 
 Update faces 
 Update clusters
</system-out></testcase><testcase classname="src.pymortests.vectorarray" file="src/pymortests/vectorarray.py" line="361" name="test_axpy[compatible_vector_array_pair0-&lt;lambda&gt;29]" time="0.10867834091186523"><system-out> set global mesh
 set global mesh
 Update mesh topology
 Update edges 
 Update faces 
 Update clusters
</system-out></testcase><testcase classname="src.pymortests.vectorarray" file="src/pymortests/vectorarray.py" line="361" name="test_axpy[compatible_vector_array_pair1-&lt;lambda&gt;0]" time="0.01778388023376465"></testcase><testcase classname="src.pymortests.vectorarray" file="src/pymortests/vectorarray.py" line="361" name="test_axpy[compatible_vector_array_pair1-&lt;lambda&gt;1]" time="0.00492095947265625"></testcase><testcase classname="src.pymortests.vectorarray" file="src/pymortests/vectorarray.py" line="361" name="test_axpy[compatible_vector_array_pair1-&lt;lambda&gt;2]" time="0.02578258514404297"></testcase><testcase classname="src.pymortests.vectorarray" file="src/pymortests/vectorarray.py" line="361" name="test_axpy[compatible_vector_array_pair1-&lt;lambda&gt;3]" time="0.029059171676635742"></testcase><testcase classname="src.pymortests.vectorarray" file="src/pymortests/vectorarray.py" line="361" name="test_axpy[compatible_vector_array_pair1-&lt;lambda&gt;4]" time="0.02974724769592285"></testcase><testcase classname="src.pymortests.vectorarray" file="src/pymortests/vectorarray.py" line="361" name="test_axpy[compatible_vector_array_pair1-&lt;lambda&gt;5]" time="0.040178775787353516"></testcase><testcase classname="src.pymortests.vectorarray" file="src/pymortests/vectorarray.py" line="361" name="test_axpy[compatible_vector_array_pair1-&lt;lambda&gt;6]" time="0.014615058898925781"></testcase><testcase classname="src.pymortests.vectorarray" file="src/pymortests/vectorarray.py" line="361" name="test_axpy[compatible_vector_array_pair1-&lt;lambda&gt;7]" time="0.004453420639038086"></testcase><testcase classname="src.pymortests.vectorarray" file="src/pymortests/vectorarray.py" line="361" name="test_axpy[compatible_vector_array_pair1-&lt;lambda&gt;8]" time="0.06534719467163086"></testcase><testcase classname="src.pymortests.vectorarray" file="src/pymortests/vectorarray.py" line="361" name="test_axpy[compatible_vector_array_pair1-&lt;lambda&gt;9]" time="0.11465644836425781"></testcase><testcase classname="src.pymortests.vectorarray" file="src/pymortests/vectorarray.py" line="361" name="test_axpy[compatible_vector_array_pair1-&lt;lambda&gt;10]" time="0.28719353675842285"></testcase><testcase classname="src.pymortests.vectorarray" file="src/pymortests/vectorarray.py" line="361" name="test_axpy[compatible_vector_array_pair1-&lt;lambda&gt;11]" time="0.04793286323547363"></testcase><testcase classname="src.pymortests.vectorarray" file="src/pymortests/vectorarray.py" line="361" name="test_axpy[compatible_vector_array_pair1-&lt;lambda&gt;12]" time="0.03286600112915039"></testcase><testcase classname="src.pymortests.vectorarray" file="src/pymortests/vectorarray.py" line="361" name="test_axpy[compatible_vector_array_pair1-&lt;lambda&gt;13]" time="0.008951663970947266"></testcase><testcase classname="src.pymortests.vectorarray" file="src/pymortests/vectorarray.py" line="361" name="test_axpy[compatible_vector_array_pair1-&lt;lambda&gt;14]" time="0.038394927978515625"></testcase><testcase classname="src.pymortests.vectorarray" file="src/pymortests/vectorarray.py" line="361" name="test_axpy[compatible_vector_array_pair1-&lt;lambda&gt;15]" time="0.06644821166992188"></testcase><testcase classname="src.pymortests.vectorarray" file="src/pymortests/vectorarray.py" line="361" name="test_axpy[compatible_vector_array_pair1-&lt;lambda&gt;16]" time="0.0722196102142334"></testcase><testcase classname="src.pymortests.vectorarray" file="src/pymortests/vectorarray.py" line="361" name="test_axpy[compatible_vector_array_pair1-&lt;lambda&gt;17]" time="0.07608628273010254"></testcase><testcase classname="src.pymortests.vectorarray" file="src/pymortests/vectorarray.py" line="361" name="test_axpy[compatible_vector_array_pair1-&lt;lambda&gt;18]" time="0.04745364189147949"></testcase><testcase classname="src.pymortests.vectorarray" file="src/pymortests/vectorarray.py" line="361" name="test_axpy[compatible_vector_array_pair1-&lt;lambda&gt;19]" time="0.008246898651123047"></testcase><testcase classname="src.pymortests.vectorarray" file="src/pymortests/vectorarray.py" line="361" name="test_axpy[compatible_vector_array_pair1-&lt;lambda&gt;20]" time="0.25574564933776855"></testcase><testcase classname="src.pymortests.vectorarray" file="src/pymortests/vectorarray.py" line="361" name="test_axpy[compatible_vector_array_pair1-&lt;lambda&gt;21]" time="0.21276187896728516"></testcase><testcase classname="src.pymortests.vectorarray" file="src/pymortests/vectorarray.py" line="361" name="test_axpy[compatible_vector_array_pair1-&lt;lambda&gt;22]" time="0.5453872680664062"></testcase><testcase classname="src.pymortests.vectorarray" file="src/pymortests/vectorarray.py" line="361" name="test_axpy[compatible_vector_array_pair1-&lt;lambda&gt;23]" time="0.0991666316986084"></testcase><testcase classname="src.pymortests.vectorarray" file="src/pymortests/vectorarray.py" line="361" name="test_axpy[compatible_vector_array_pair1-&lt;lambda&gt;24]" time="0.01602315902709961"></testcase><testcase classname="src.pymortests.vectorarray" file="src/pymortests/vectorarray.py" line="361" name="test_axpy[compatible_vector_array_pair1-&lt;lambda&gt;25]" time="0.0060994625091552734"></testcase><testcase classname="src.pymortests.vectorarray" file="src/pymortests/vectorarray.py" line="361" name="test_axpy[compatible_vector_array_pair1-&lt;lambda&gt;26]" time="0.26366543769836426"></testcase><testcase classname="src.pymortests.vectorarray" file="src/pymortests/vectorarray.py" line="361" name="test_axpy[compatible_vector_array_pair1-&lt;lambda&gt;27]" time="0.45239877700805664"></testcase><testcase classname="src.pymortests.vectorarray" file="src/pymortests/vectorarray.py" line="361" name="test_axpy[compatible_vector_array_pair1-&lt;lambda&gt;28]" time="1.4009082317352295"></testcase><testcase classname="src.pymortests.vectorarray" file="src/pymortests/vectorarray.py" line="361" name="test_axpy[compatible_vector_array_pair1-&lt;lambda&gt;29]" time="0.11574983596801758"></testcase><testcase classname="src.pymortests.vectorarray" file="src/pymortests/vectorarray.py" line="361" name="test_axpy[compatible_vector_array_pair2-&lt;lambda&gt;0]" time="0.018103361129760742"></testcase><testcase classname="src.pymortests.vectorarray" file="src/pymortests/vectorarray.py" line="361" name="test_axpy[compatible_vector_array_pair2-&lt;lambda&gt;1]" time="0.004912853240966797"></testcase><testcase classname="src.pymortests.vectorarray" file="src/pymortests/vectorarray.py" line="361" name="test_axpy[compatible_vector_array_pair2-&lt;lambda&gt;2]" time="0.025564908981323242"></testcase><testcase classname="src.pymortests.vectorarray" file="src/pymortests/vectorarray.py" line="361" name="test_axpy[compatible_vector_array_pair2-&lt;lambda&gt;3]" time="0.028804302215576172"></testcase><testcase classname="src.pymortests.vectorarray" file="src/pymortests/vectorarray.py" line="361" name="test_axpy[compatible_vector_array_pair2-&lt;lambda&gt;4]" time="0.029478788375854492"></testcase><testcase classname="src.pymortests.vectorarray" file="src/pymortests/vectorarray.py" line="361" name="test_axpy[compatible_vector_array_pair2-&lt;lambda&gt;5]" time="0.04054450988769531"></testcase><testcase classname="src.pymortests.vectorarray" file="src/pymortests/vectorarray.py" line="361" name="test_axpy[compatible_vector_array_pair2-&lt;lambda&gt;6]" time="0.014460563659667969"></testcase><testcase classname="src.pymortests.vectorarray" file="src/pymortests/vectorarray.py" line="361" name="test_axpy[compatible_vector_array_pair2-&lt;lambda&gt;7]" time="0.004403591156005859"></testcase><testcase classname="src.pymortests.vectorarray" file="src/pymortests/vectorarray.py" line="361" name="test_axpy[compatible_vector_array_pair2-&lt;lambda&gt;8]" time="0.06536006927490234"></testcase><testcase classname="src.pymortests.vectorarray" file="src/pymortests/vectorarray.py" line="361" name="test_axpy[compatible_vector_array_pair2-&lt;lambda&gt;9]" time="0.11159539222717285"></testcase><testcase classname="src.pymortests.vectorarray" file="src/pymortests/vectorarray.py" line="361" name="test_axpy[compatible_vector_array_pair2-&lt;lambda&gt;10]" time="0.2862894535064697"></testcase><testcase classname="src.pymortests.vectorarray" file="src/pymortests/vectorarray.py" line="361" name="test_axpy[compatible_vector_array_pair2-&lt;lambda&gt;11]" time="0.04647231101989746"></testcase><testcase classname="src.pymortests.vectorarray" file="src/pymortests/vectorarray.py" line="361" name="test_axpy[compatible_vector_array_pair2-&lt;lambda&gt;12]" time="0.03389167785644531"></testcase><testcase classname="src.pymortests.vectorarray" file="src/pymortests/vectorarray.py" line="361" name="test_axpy[compatible_vector_array_pair2-&lt;lambda&gt;13]" time="0.009184598922729492"></testcase><testcase classname="src.pymortests.vectorarray" file="src/pymortests/vectorarray.py" line="361" name="test_axpy[compatible_vector_array_pair2-&lt;lambda&gt;14]" time="0.038854360580444336"></testcase><testcase classname="src.pymortests.vectorarray" file="src/pymortests/vectorarray.py" line="361" name="test_axpy[compatible_vector_array_pair2-&lt;lambda&gt;15]" time="0.06589531898498535"></testcase><testcase classname="src.pymortests.vectorarray" file="src/pymortests/vectorarray.py" line="361" name="test_axpy[compatible_vector_array_pair2-&lt;lambda&gt;16]" time="0.07241272926330566"></testcase><testcase classname="src.pymortests.vectorarray" file="src/pymortests/vectorarray.py" line="361" name="test_axpy[compatible_vector_array_pair2-&lt;lambda&gt;17]" time="0.07579779624938965"></testcase><testcase classname="src.pymortests.vectorarray" file="src/pymortests/vectorarray.py" line="361" name="test_axpy[compatible_vector_array_pair2-&lt;lambda&gt;18]" time="0.045806169509887695"></testcase><testcase classname="src.pymortests.vectorarray" file="src/pymortests/vectorarray.py" line="361" name="test_axpy[compatible_vector_array_pair2-&lt;lambda&gt;19]" time="0.008523941040039062"></testcase><testcase classname="src.pymortests.vectorarray" file="src/pymortests/vectorarray.py" line="361" name="test_axpy[compatible_vector_array_pair2-&lt;lambda&gt;20]" time="0.2552497386932373"></testcase><testcase classname="src.pymortests.vectorarray" file="src/pymortests/vectorarray.py" line="361" name="test_axpy[compatible_vector_array_pair2-&lt;lambda&gt;21]" time="0.21605682373046875"></testcase><testcase classname="src.pymortests.vectorarray" file="src/pymortests/vectorarray.py" line="361" name="test_axpy[compatible_vector_array_pair2-&lt;lambda&gt;22]" time="0.5402641296386719"></testcase><testcase classname="src.pymortests.vectorarray" file="src/pymortests/vectorarray.py" line="361" name="test_axpy[compatible_vector_array_pair2-&lt;lambda&gt;23]" time="0.09945464134216309"></testcase><testcase classname="src.pymortests.vectorarray" file="src/pymortests/vectorarray.py" line="361" name="test_axpy[compatible_vector_array_pair2-&lt;lambda&gt;24]" time="0.01590418815612793"></testcase><testcase classname="src.pymortests.vectorarray" file="src/pymortests/vectorarray.py" line="361" name="test_axpy[compatible_vector_array_pair2-&lt;lambda&gt;25]" time="0.0061452388763427734"></testcase><testcase classname="src.pymortests.vectorarray" file="src/pymortests/vectorarray.py" line="361" name="test_axpy[compatible_vector_array_pair2-&lt;lambda&gt;26]" time="0.29321932792663574"></testcase><testcase classname="src.pymortests.vectorarray" file="src/pymortests/vectorarray.py" line="361" name="test_axpy[compatible_vector_array_pair2-&lt;lambda&gt;27]" time="0.4975876808166504"></testcase><testcase classname="src.pymortests.vectorarray" file="src/pymortests/vectorarray.py" line="361" name="test_axpy[compatible_vector_array_pair2-&lt;lambda&gt;28]" time="1.5439531803131104"></testcase><testcase classname="src.pymortests.vectorarray" file="src/pymortests/vectorarray.py" line="361" name="test_axpy[compatible_vector_array_pair2-&lt;lambda&gt;29]" time="0.12418365478515625"></testcase><testcase classname="src.pymortests.vectorarray" file="src/pymortests/vectorarray.py" line="361" name="test_axpy[compatible_vector_array_pair3-&lt;lambda&gt;0]" time="0.018210172653198242"></testcase><testcase classname="src.pymortests.vectorarray" file="src/pymortests/vectorarray.py" line="361" name="test_axpy[compatible_vector_array_pair3-&lt;lambda&gt;1]" time="0.004917621612548828"></testcase><testcase classname="src.pymortests.vectorarray" file="src/pymortests/vectorarray.py" line="361" name="test_axpy[compatible_vector_array_pair3-&lt;lambda&gt;2]" time="0.02548694610595703"></testcase><testcase classname="src.pymortests.vectorarray" file="src/pymortests/vectorarray.py" line="361" name="test_axpy[compatible_vector_array_pair3-&lt;lambda&gt;3]" time="0.029362201690673828"></testcase><testcase classname="src.pymortests.vectorarray" file="src/pymortests/vectorarray.py" line="361" name="test_axpy[compatible_vector_array_pair3-&lt;lambda&gt;4]" time="0.02910614013671875"></testcase><testcase classname="src.pymortests.vectorarray" file="src/pymortests/vectorarray.py" line="361" name="test_axpy[compatible_vector_array_pair3-&lt;lambda&gt;5]" time="0.04063725471496582"></testcase><testcase classname="src.pymortests.vectorarray" file="src/pymortests/vectorarray.py" line="361" name="test_axpy[compatible_vector_array_pair3-&lt;lambda&gt;6]" time="0.014159440994262695"></testcase><testcase classname="src.pymortests.vectorarray" file="src/pymortests/vectorarray.py" line="361" name="test_axpy[compatible_vector_array_pair3-&lt;lambda&gt;7]" time="0.0044384002685546875"></testcase><testcase classname="src.pymortests.vectorarray" file="src/pymortests/vectorarray.py" line="361" name="test_axpy[compatible_vector_array_pair3-&lt;lambda&gt;8]" time="0.06468892097473145"></testcase><testcase classname="src.pymortests.vectorarray" file="src/pymortests/vectorarray.py" line="361" name="test_axpy[compatible_vector_array_pair3-&lt;lambda&gt;9]" time="0.11280250549316406"></testcase><testcase classname="src.pymortests.vectorarray" file="src/pymortests/vectorarray.py" line="361" name="test_axpy[compatible_vector_array_pair3-&lt;lambda&gt;10]" time="0.2838761806488037"></testcase><testcase classname="src.pymortests.vectorarray" file="src/pymortests/vectorarray.py" line="361" name="test_axpy[compatible_vector_array_pair3-&lt;lambda&gt;11]" time="0.04681873321533203"></testcase><testcase classname="src.pymortests.vectorarray" file="src/pymortests/vectorarray.py" line="361" name="test_axpy[compatible_vector_array_pair3-&lt;lambda&gt;12]" time="0.03258657455444336"></testcase><testcase classname="src.pymortests.vectorarray" file="src/pymortests/vectorarray.py" line="361" name="test_axpy[compatible_vector_array_pair3-&lt;lambda&gt;13]" time="0.008617877960205078"></testcase><testcase classname="src.pymortests.vectorarray" file="src/pymortests/vectorarray.py" line="361" name="test_axpy[compatible_vector_array_pair3-&lt;lambda&gt;14]" time="0.03841376304626465"></testcase><testcase classname="src.pymortests.vectorarray" file="src/pymortests/vectorarray.py" line="361" name="test_axpy[compatible_vector_array_pair3-&lt;lambda&gt;15]" time="0.06583142280578613"></testcase><testcase classname="src.pymortests.vectorarray" file="src/pymortests/vectorarray.py" line="361" name="test_axpy[compatible_vector_array_pair3-&lt;lambda&gt;16]" time="0.07285046577453613"></testcase><testcase classname="src.pymortests.vectorarray" file="src/pymortests/vectorarray.py" line="361" name="test_axpy[compatible_vector_array_pair3-&lt;lambda&gt;17]" time="0.07556629180908203"></testcase><testcase classname="src.pymortests.vectorarray" file="src/pymortests/vectorarray.py" line="361" name="test_axpy[compatible_vector_array_pair3-&lt;lambda&gt;18]" time="0.04665780067443848"></testcase><testcase classname="src.pymortests.vectorarray" file="src/pymortests/vectorarray.py" line="361" name="test_axpy[compatible_vector_array_pair3-&lt;lambda&gt;19]" time="0.008769512176513672"></testcase><testcase classname="src.pymortests.vectorarray" file="src/pymortests/vectorarray.py" line="361" name="test_axpy[compatible_vector_array_pair3-&lt;lambda&gt;20]" time="0.2527453899383545"></testcase><testcase classname="src.pymortests.vectorarray" file="src/pymortests/vectorarray.py" line="361" name="test_axpy[compatible_vector_array_pair3-&lt;lambda&gt;21]" time="0.21206140518188477"></testcase><testcase classname="src.pymortests.vectorarray" file="src/pymortests/vectorarray.py" line="361" name="test_axpy[compatible_vector_array_pair3-&lt;lambda&gt;22]" time="0.5400400161743164"></testcase><testcase classname="src.pymortests.vectorarray" file="src/pymortests/vectorarray.py" line="361" name="test_axpy[compatible_vector_array_pair3-&lt;lambda&gt;23]" time="0.10009980201721191"></testcase><testcase classname="src.pymortests.vectorarray" file="src/pymortests/vectorarray.py" line="361" name="test_axpy[compatible_vector_array_pair3-&lt;lambda&gt;24]" time="0.01601886749267578"></testcase><testcase classname="src.pymortests.vectorarray" file="src/pymortests/vectorarray.py" line="361" name="test_axpy[compatible_vector_array_pair3-&lt;lambda&gt;25]" time="0.006253719329833984"></testcase><testcase classname="src.pymortests.vectorarray" file="src/pymortests/vectorarray.py" line="361" name="test_axpy[compatible_vector_array_pair3-&lt;lambda&gt;26]" time="0.3272402286529541"></testcase><testcase classname="src.pymortests.vectorarray" file="src/pymortests/vectorarray.py" line="361" name="test_axpy[compatible_vector_array_pair3-&lt;lambda&gt;27]" time="0.5527901649475098"></testcase><testcase classname="src.pymortests.vectorarray" file="src/pymortests/vectorarray.py" line="361" name="test_axpy[compatible_vector_array_pair3-&lt;lambda&gt;28]" time="1.7080776691436768"></testcase><testcase classname="src.pymortests.vectorarray" file="src/pymortests/vectorarray.py" line="361" name="test_axpy[compatible_vector_array_pair3-&lt;lambda&gt;29]" time="0.1313631534576416"></testcase><testcase classname="src.pymortests.vectorarray" file="src/pymortests/vectorarray.py" line="361" name="test_axpy[compatible_vector_array_pair4-&lt;lambda&gt;0]" time="0.017894268035888672"></testcase><testcase classname="src.pymortests.vectorarray" file="src/pymortests/vectorarray.py" line="361" name="test_axpy[compatible_vector_array_pair4-&lt;lambda&gt;1]" time="0.005069255828857422"></testcase><testcase classname="src.pymortests.vectorarray" file="src/pymortests/vectorarray.py" line="361" name="test_axpy[compatible_vector_array_pair4-&lt;lambda&gt;2]" time="0.02613687515258789"></testcase><testcase classname="src.pymortests.vectorarray" file="src/pymortests/vectorarray.py" line="361" name="test_axpy[compatible_vector_array_pair4-&lt;lambda&gt;3]" time="0.02866053581237793"></testcase><testcase classname="src.pymortests.vectorarray" file="src/pymortests/vectorarray.py" line="361" name="test_axpy[compatible_vector_array_pair4-&lt;lambda&gt;4]" time="0.02964496612548828"></testcase><testcase classname="src.pymortests.vectorarray" file="src/pymortests/vectorarray.py" line="361" name="test_axpy[compatible_vector_array_pair4-&lt;lambda&gt;5]" time="0.04077291488647461"></testcase><testcase classname="src.pymortests.vectorarray" file="src/pymortests/vectorarray.py" line="361" name="test_axpy[compatible_vector_array_pair4-&lt;lambda&gt;6]" time="0.014737367630004883"></testcase><testcase classname="src.pymortests.vectorarray" file="src/pymortests/vectorarray.py" line="361" name="test_axpy[compatible_vector_array_pair4-&lt;lambda&gt;7]" time="0.004655599594116211"></testcase><testcase classname="src.pymortests.vectorarray" file="src/pymortests/vectorarray.py" line="361" name="test_axpy[compatible_vector_array_pair4-&lt;lambda&gt;8]" time="0.0659027099609375"></testcase><testcase classname="src.pymortests.vectorarray" file="src/pymortests/vectorarray.py" line="361" name="test_axpy[compatible_vector_array_pair4-&lt;lambda&gt;9]" time="0.11301422119140625"></testcase><testcase classname="src.pymortests.vectorarray" file="src/pymortests/vectorarray.py" line="361" name="test_axpy[compatible_vector_array_pair4-&lt;lambda&gt;10]" time="0.2864375114440918"></testcase><testcase classname="src.pymortests.vectorarray" file="src/pymortests/vectorarray.py" line="361" name="test_axpy[compatible_vector_array_pair4-&lt;lambda&gt;11]" time="0.048029422760009766"></testcase><testcase classname="src.pymortests.vectorarray" file="src/pymortests/vectorarray.py" line="361" name="test_axpy[compatible_vector_array_pair4-&lt;lambda&gt;12]" time="0.03305530548095703"></testcase><testcase classname="src.pymortests.vectorarray" file="src/pymortests/vectorarray.py" line="361" name="test_axpy[compatible_vector_array_pair4-&lt;lambda&gt;13]" time="0.008879423141479492"></testcase><testcase classname="src.pymortests.vectorarray" file="src/pymortests/vectorarray.py" line="361" name="test_axpy[compatible_vector_array_pair4-&lt;lambda&gt;14]" time="0.038899898529052734"></testcase><testcase classname="src.pymortests.vectorarray" file="src/pymortests/vectorarray.py" line="361" name="test_axpy[compatible_vector_array_pair4-&lt;lambda&gt;15]" time="0.0659940242767334"></testcase><testcase classname="src.pymortests.vectorarray" file="src/pymortests/vectorarray.py" line="361" name="test_axpy[compatible_vector_array_pair4-&lt;lambda&gt;16]" time="0.07197022438049316"></testcase><testcase classname="src.pymortests.vectorarray" file="src/pymortests/vectorarray.py" line="361" name="test_axpy[compatible_vector_array_pair4-&lt;lambda&gt;17]" time="0.07854485511779785"></testcase><testcase classname="src.pymortests.vectorarray" file="src/pymortests/vectorarray.py" line="361" name="test_axpy[compatible_vector_array_pair4-&lt;lambda&gt;18]" time="0.04892897605895996"></testcase><testcase classname="src.pymortests.vectorarray" file="src/pymortests/vectorarray.py" line="361" name="test_axpy[compatible_vector_array_pair4-&lt;lambda&gt;19]" time="0.008901596069335938"></testcase><testcase classname="src.pymortests.vectorarray" file="src/pymortests/vectorarray.py" line="361" name="test_axpy[compatible_vector_array_pair4-&lt;lambda&gt;20]" time="0.26749491691589355"></testcase><testcase classname="src.pymortests.vectorarray" file="src/pymortests/vectorarray.py" line="361" name="test_axpy[compatible_vector_array_pair4-&lt;lambda&gt;21]" time="0.22096824645996094"></testcase><testcase classname="src.pymortests.vectorarray" file="src/pymortests/vectorarray.py" line="361" name="test_axpy[compatible_vector_array_pair4-&lt;lambda&gt;22]" time="0.5570831298828125"></testcase><testcase classname="src.pymortests.vectorarray" file="src/pymortests/vectorarray.py" line="361" name="test_axpy[compatible_vector_array_pair4-&lt;lambda&gt;23]" time="0.09903359413146973"></testcase><testcase classname="src.pymortests.vectorarray" file="src/pymortests/vectorarray.py" line="361" name="test_axpy[compatible_vector_array_pair4-&lt;lambda&gt;24]" time="0.016080379486083984"></testcase><testcase classname="src.pymortests.vectorarray" file="src/pymortests/vectorarray.py" line="361" name="test_axpy[compatible_vector_array_pair4-&lt;lambda&gt;25]" time="0.006571531295776367"></testcase><testcase classname="src.pymortests.vectorarray" file="src/pymortests/vectorarray.py" line="361" name="test_axpy[compatible_vector_array_pair4-&lt;lambda&gt;26]" time="0.3697676658630371"></testcase><testcase classname="src.pymortests.vectorarray" file="src/pymortests/vectorarray.py" line="361" name="test_axpy[compatible_vector_array_pair4-&lt;lambda&gt;27]" time="0.6107187271118164"></testcase><testcase classname="src.pymortests.vectorarray" file="src/pymortests/vectorarray.py" line="361" name="test_axpy[compatible_vector_array_pair4-&lt;lambda&gt;28]" time="1.874669075012207"></testcase><testcase classname="src.pymortests.vectorarray" file="src/pymortests/vectorarray.py" line="361" name="test_axpy[compatible_vector_array_pair4-&lt;lambda&gt;29]" time="0.1388225555419922"></testcase><testcase classname="src.pymortests.vectorarray" file="src/pymortests/vectorarray.py" line="361" name="test_axpy[compatible_vector_array_pair5-&lt;lambda&gt;0]" time="0.01794910430908203"></testcase><testcase classname="src.pymortests.vectorarray" file="src/pymortests/vectorarray.py" line="361" name="test_axpy[compatible_vector_array_pair5-&lt;lambda&gt;1]" time="0.004906177520751953"></testcase><testcase classname="src.pymortests.vectorarray" file="src/pymortests/vectorarray.py" line="361" name="test_axpy[compatible_vector_array_pair5-&lt;lambda&gt;2]" time="0.025405406951904297"></testcase><testcase classname="src.pymortests.vectorarray" file="src/pymortests/vectorarray.py" line="361" name="test_axpy[compatible_vector_array_pair5-&lt;lambda&gt;3]" time="0.028863906860351562"></testcase><testcase classname="src.pymortests.vectorarray" file="src/pymortests/vectorarray.py" line="361" name="test_axpy[compatible_vector_array_pair5-&lt;lambda&gt;4]" time="0.029744625091552734"></testcase><testcase classname="src.pymortests.vectorarray" file="src/pymortests/vectorarray.py" line="361" name="test_axpy[compatible_vector_array_pair5-&lt;lambda&gt;5]" time="0.04039406776428223"></testcase><testcase classname="src.pymortests.vectorarray" file="src/pymortests/vectorarray.py" line="361" name="test_axpy[compatible_vector_array_pair5-&lt;lambda&gt;6]" time="0.014576435089111328"></testcase><testcase classname="src.pymortests.vectorarray" file="src/pymortests/vectorarray.py" line="361" name="test_axpy[compatible_vector_array_pair5-&lt;lambda&gt;7]" time="0.004643440246582031"></testcase><testcase classname="src.pymortests.vectorarray" file="src/pymortests/vectorarray.py" line="361" name="test_axpy[compatible_vector_array_pair5-&lt;lambda&gt;8]" time="0.06616878509521484"></testcase><testcase classname="src.pymortests.vectorarray" file="src/pymortests/vectorarray.py" line="361" name="test_axpy[compatible_vector_array_pair5-&lt;lambda&gt;9]" time="0.11394953727722168"></testcase><testcase classname="src.pymortests.vectorarray" file="src/pymortests/vectorarray.py" line="361" name="test_axpy[compatible_vector_array_pair5-&lt;lambda&gt;10]" time="0.28436732292175293"></testcase><testcase classname="src.pymortests.vectorarray" file="src/pymortests/vectorarray.py" line="361" name="test_axpy[compatible_vector_array_pair5-&lt;lambda&gt;11]" time="0.047220468521118164"></testcase><testcase classname="src.pymortests.vectorarray" file="src/pymortests/vectorarray.py" line="361" name="test_axpy[compatible_vector_array_pair5-&lt;lambda&gt;12]" time="0.03339099884033203"></testcase><testcase classname="src.pymortests.vectorarray" file="src/pymortests/vectorarray.py" line="361" name="test_axpy[compatible_vector_array_pair5-&lt;lambda&gt;13]" time="0.009323596954345703"></testcase><testcase classname="src.pymortests.vectorarray" file="src/pymortests/vectorarray.py" line="361" name="test_axpy[compatible_vector_array_pair5-&lt;lambda&gt;14]" time="0.039777278900146484"></testcase><testcase classname="src.pymortests.vectorarray" file="src/pymortests/vectorarray.py" line="361" name="test_axpy[compatible_vector_array_pair5-&lt;lambda&gt;15]" time="0.06692099571228027"></testcase><testcase classname="src.pymortests.vectorarray" file="src/pymortests/vectorarray.py" line="361" name="test_axpy[compatible_vector_array_pair5-&lt;lambda&gt;16]" time="0.07178735733032227"></testcase><testcase classname="src.pymortests.vectorarray" file="src/pymortests/vectorarray.py" line="361" name="test_axpy[compatible_vector_array_pair5-&lt;lambda&gt;17]" time="0.07627415657043457"></testcase><testcase classname="src.pymortests.vectorarray" file="src/pymortests/vectorarray.py" line="361" name="test_axpy[compatible_vector_array_pair5-&lt;lambda&gt;18]" time="0.04612374305725098"></testcase><testcase classname="src.pymortests.vectorarray" file="src/pymortests/vectorarray.py" line="361" name="test_axpy[compatible_vector_array_pair5-&lt;lambda&gt;19]" time="0.00846242904663086"></testcase><testcase classname="src.pymortests.vectorarray" file="src/pymortests/vectorarray.py" line="361" name="test_axpy[compatible_vector_array_pair5-&lt;lambda&gt;20]" time="0.25490403175354004"></testcase><testcase classname="src.pymortests.vectorarray" file="src/pymortests/vectorarray.py" line="361" name="test_axpy[compatible_vector_array_pair5-&lt;lambda&gt;21]" time="0.20875263214111328"></testcase><testcase classname="src.pymortests.vectorarray" file="src/pymortests/vectorarray.py" line="361" name="test_axpy[compatible_vector_array_pair5-&lt;lambda&gt;22]" time="0.5410652160644531"></testcase><testcase classname="src.pymortests.vectorarray" file="src/pymortests/vectorarray.py" line="361" name="test_axpy[compatible_vector_array_pair5-&lt;lambda&gt;23]" time="0.10136079788208008"></testcase><testcase classname="src.pymortests.vectorarray" file="src/pymortests/vectorarray.py" line="361" name="test_axpy[compatible_vector_array_pair5-&lt;lambda&gt;24]" time="0.015991926193237305"></testcase><testcase classname="src.pymortests.vectorarray" file="src/pymortests/vectorarray.py" line="361" name="test_axpy[compatible_vector_array_pair5-&lt;lambda&gt;25]" time="0.0066471099853515625"></testcase><testcase classname="src.pymortests.vectorarray" file="src/pymortests/vectorarray.py" line="361" name="test_axpy[compatible_vector_array_pair5-&lt;lambda&gt;26]" time="0.39330530166625977"></testcase><testcase classname="src.pymortests.vectorarray" file="src/pymortests/vectorarray.py" line="361" name="test_axpy[compatible_vector_array_pair5-&lt;lambda&gt;27]" time="0.6638782024383545"></testcase><testcase classname="src.pymortests.vectorarray" file="src/pymortests/vectorarray.py" line="361" name="test_axpy[compatible_vector_array_pair5-&lt;lambda&gt;28]" time="2.0826315879821777"></testcase><testcase classname="src.pymortests.vectorarray" file="src/pymortests/vectorarray.py" line="361" name="test_axpy[compatible_vector_array_pair5-&lt;lambda&gt;29]" time="0.14681744575500488"></testcase><testcase classname="src.pymortests.vectorarray" file="src/pymortests/vectorarray.py" line="361" name="test_axpy[compatible_vector_array_pair6-&lt;lambda&gt;0]" time="0.018206119537353516"></testcase><testcase classname="src.pymortests.vectorarray" file="src/pymortests/vectorarray.py" line="361" name="test_axpy[compatible_vector_array_pair6-&lt;lambda&gt;1]" time="0.0052242279052734375"></testcase><testcase classname="src.pymortests.vectorarray" file="src/pymortests/vectorarray.py" line="361" name="test_axpy[compatible_vector_array_pair6-&lt;lambda&gt;2]" time="0.025842905044555664"></testcase><testcase classname="src.pymortests.vectorarray" file="src/pymortests/vectorarray.py" line="361" name="test_axpy[compatible_vector_array_pair6-&lt;lambda&gt;3]" time="0.030483722686767578"></testcase><testcase classname="src.pymortests.vectorarray" file="src/pymortests/vectorarray.py" line="361" name="test_axpy[compatible_vector_array_pair6-&lt;lambda&gt;4]" time="0.030852079391479492"></testcase><testcase classname="src.pymortests.vectorarray" file="src/pymortests/vectorarray.py" line="361" name="test_axpy[compatible_vector_array_pair6-&lt;lambda&gt;5]" time="0.040796518325805664"></testcase><testcase classname="src.pymortests.vectorarray" file="src/pymortests/vectorarray.py" line="361" name="test_axpy[compatible_vector_array_pair6-&lt;lambda&gt;6]" time="0.01464533805847168"></testcase><testcase classname="src.pymortests.vectorarray" file="src/pymortests/vectorarray.py" line="361" name="test_axpy[compatible_vector_array_pair6-&lt;lambda&gt;7]" time="0.004791975021362305"></testcase><testcase classname="src.pymortests.vectorarray" file="src/pymortests/vectorarray.py" line="361" name="test_axpy[compatible_vector_array_pair6-&lt;lambda&gt;8]" time="0.06722760200500488"></testcase><testcase classname="src.pymortests.vectorarray" file="src/pymortests/vectorarray.py" line="361" name="test_axpy[compatible_vector_array_pair6-&lt;lambda&gt;9]" time="0.11648392677307129"></testcase><testcase classname="src.pymortests.vectorarray" file="src/pymortests/vectorarray.py" line="361" name="test_axpy[compatible_vector_array_pair6-&lt;lambda&gt;10]" time="0.28587937355041504"></testcase><testcase classname="src.pymortests.vectorarray" file="src/pymortests/vectorarray.py" line="361" name="test_axpy[compatible_vector_array_pair6-&lt;lambda&gt;11]" time="0.04710888862609863"></testcase><testcase classname="src.pymortests.vectorarray" file="src/pymortests/vectorarray.py" line="361" name="test_axpy[compatible_vector_array_pair6-&lt;lambda&gt;12]" time="0.033428192138671875"></testcase><testcase classname="src.pymortests.vectorarray" file="src/pymortests/vectorarray.py" line="361" name="test_axpy[compatible_vector_array_pair6-&lt;lambda&gt;13]" time="0.008965730667114258"></testcase><testcase classname="src.pymortests.vectorarray" file="src/pymortests/vectorarray.py" line="361" name="test_axpy[compatible_vector_array_pair6-&lt;lambda&gt;14]" time="0.03963613510131836"></testcase><testcase classname="src.pymortests.vectorarray" file="src/pymortests/vectorarray.py" line="361" name="test_axpy[compatible_vector_array_pair6-&lt;lambda&gt;15]" time="0.06754779815673828"></testcase><testcase classname="src.pymortests.vectorarray" file="src/pymortests/vectorarray.py" line="361" name="test_axpy[compatible_vector_array_pair6-&lt;lambda&gt;16]" time="0.07239246368408203"></testcase><testcase classname="src.pymortests.vectorarray" file="src/pymortests/vectorarray.py" line="361" name="test_axpy[compatible_vector_array_pair6-&lt;lambda&gt;17]" time="0.07633161544799805"></testcase><testcase classname="src.pymortests.vectorarray" file="src/pymortests/vectorarray.py" line="361" name="test_axpy[compatible_vector_array_pair6-&lt;lambda&gt;18]" time="0.04729866981506348"></testcase><testcase classname="src.pymortests.vectorarray" file="src/pymortests/vectorarray.py" line="361" name="test_axpy[compatible_vector_array_pair6-&lt;lambda&gt;19]" time="0.008707284927368164"></testcase><testcase classname="src.pymortests.vectorarray" file="src/pymortests/vectorarray.py" line="361" name="test_axpy[compatible_vector_array_pair6-&lt;lambda&gt;20]" time="0.26279354095458984"></testcase><testcase classname="src.pymortests.vectorarray" file="src/pymortests/vectorarray.py" line="361" name="test_axpy[compatible_vector_array_pair6-&lt;lambda&gt;21]" time="0.21374034881591797"></testcase><testcase classname="src.pymortests.vectorarray" file="src/pymortests/vectorarray.py" line="361" name="test_axpy[compatible_vector_array_pair6-&lt;lambda&gt;22]" time="0.5444035530090332"></testcase><testcase classname="src.pymortests.vectorarray" file="src/pymortests/vectorarray.py" line="361" name="test_axpy[compatible_vector_array_pair6-&lt;lambda&gt;23]" time="0.10182070732116699"></testcase><testcase classname="src.pymortests.vectorarray" file="src/pymortests/vectorarray.py" line="361" name="test_axpy[compatible_vector_array_pair6-&lt;lambda&gt;24]" time="0.01619720458984375"></testcase><testcase classname="src.pymortests.vectorarray" file="src/pymortests/vectorarray.py" line="361" name="test_axpy[compatible_vector_array_pair6-&lt;lambda&gt;25]" time="0.00647282600402832"></testcase><testcase classname="src.pymortests.vectorarray" file="src/pymortests/vectorarray.py" line="361" name="test_axpy[compatible_vector_array_pair6-&lt;lambda&gt;26]" time="0.43578648567199707"></testcase><testcase classname="src.pymortests.vectorarray" file="src/pymortests/vectorarray.py" line="361" name="test_axpy[compatible_vector_array_pair6-&lt;lambda&gt;27]" time="0.7320389747619629"></testcase><testcase classname="src.pymortests.vectorarray" file="src/pymortests/vectorarray.py" line="361" name="test_axpy[compatible_vector_array_pair6-&lt;lambda&gt;28]" time="2.2736735343933105"></testcase><testcase classname="src.pymortests.vectorarray" file="src/pymortests/vectorarray.py" line="361" name="test_axpy[compatible_vector_array_pair6-&lt;lambda&gt;29]" time="0.1524033546447754"></testcase><testcase classname="src.pymortests.vectorarray" file="src/pymortests/vectorarray.py" line="361" name="test_axpy[compatible_vector_array_pair7-&lt;lambda&gt;0]" time="0.017975568771362305"></testcase><testcase classname="src.pymortests.vectorarray" file="src/pymortests/vectorarray.py" line="361" name="test_axpy[compatible_vector_array_pair7-&lt;lambda&gt;1]" time="0.005079507827758789"></testcase><testcase classname="src.pymortests.vectorarray" file="src/pymortests/vectorarray.py" line="361" name="test_axpy[compatible_vector_array_pair7-&lt;lambda&gt;2]" time="0.02604818344116211"></testcase><testcase classname="src.pymortests.vectorarray" file="src/pymortests/vectorarray.py" line="361" name="test_axpy[compatible_vector_array_pair7-&lt;lambda&gt;3]" time="0.02812027931213379"></testcase><testcase classname="src.pymortests.vectorarray" file="src/pymortests/vectorarray.py" line="361" name="test_axpy[compatible_vector_array_pair7-&lt;lambda&gt;4]" time="0.02940511703491211"></testcase><testcase classname="src.pymortests.vectorarray" file="src/pymortests/vectorarray.py" line="361" name="test_axpy[compatible_vector_array_pair7-&lt;lambda&gt;5]" time="0.04046320915222168"></testcase><testcase classname="src.pymortests.vectorarray" file="src/pymortests/vectorarray.py" line="361" name="test_axpy[compatible_vector_array_pair7-&lt;lambda&gt;6]" time="0.014860153198242188"></testcase><testcase classname="src.pymortests.vectorarray" file="src/pymortests/vectorarray.py" line="361" name="test_axpy[compatible_vector_array_pair7-&lt;lambda&gt;7]" time="0.0044612884521484375"></testcase><testcase classname="src.pymortests.vectorarray" file="src/pymortests/vectorarray.py" line="361" name="test_axpy[compatible_vector_array_pair7-&lt;lambda&gt;8]" time="0.0681767463684082"></testcase><testcase classname="src.pymortests.vectorarray" file="src/pymortests/vectorarray.py" line="361" name="test_axpy[compatible_vector_array_pair7-&lt;lambda&gt;9]" time="0.11420917510986328"></testcase><testcase classname="src.pymortests.vectorarray" file="src/pymortests/vectorarray.py" line="361" name="test_axpy[compatible_vector_array_pair7-&lt;lambda&gt;10]" time="0.28690195083618164"></testcase><testcase classname="src.pymortests.vectorarray" file="src/pymortests/vectorarray.py" line="361" name="test_axpy[compatible_vector_array_pair7-&lt;lambda&gt;11]" time="0.04687190055847168"></testcase><testcase classname="src.pymortests.vectorarray" file="src/pymortests/vectorarray.py" line="361" name="test_axpy[compatible_vector_array_pair7-&lt;lambda&gt;12]" time="0.03347444534301758"></testcase><testcase classname="src.pymortests.vectorarray" file="src/pymortests/vectorarray.py" line="361" name="test_axpy[compatible_vector_array_pair7-&lt;lambda&gt;13]" time="0.009006977081298828"></testcase><testcase classname="src.pymortests.vectorarray" file="src/pymortests/vectorarray.py" line="361" name="test_axpy[compatible_vector_array_pair7-&lt;lambda&gt;14]" time="0.03908991813659668"></testcase><testcase classname="src.pymortests.vectorarray" file="src/pymortests/vectorarray.py" line="361" name="test_axpy[compatible_vector_array_pair7-&lt;lambda&gt;15]" time="0.06643962860107422"></testcase><testcase classname="src.pymortests.vectorarray" file="src/pymortests/vectorarray.py" line="361" name="test_axpy[compatible_vector_array_pair7-&lt;lambda&gt;16]" time="0.07236194610595703"></testcase><testcase classname="src.pymortests.vectorarray" file="src/pymortests/vectorarray.py" line="361" name="test_axpy[compatible_vector_array_pair7-&lt;lambda&gt;17]" time="0.0767509937286377"></testcase><testcase classname="src.pymortests.vectorarray" file="src/pymortests/vectorarray.py" line="361" name="test_axpy[compatible_vector_array_pair7-&lt;lambda&gt;18]" time="0.04769015312194824"></testcase><testcase classname="src.pymortests.vectorarray" file="src/pymortests/vectorarray.py" line="361" name="test_axpy[compatible_vector_array_pair7-&lt;lambda&gt;19]" time="0.008384943008422852"></testcase><testcase classname="src.pymortests.vectorarray" file="src/pymortests/vectorarray.py" line="361" name="test_axpy[compatible_vector_array_pair7-&lt;lambda&gt;20]" time="0.25012755393981934"></testcase><testcase classname="src.pymortests.vectorarray" file="src/pymortests/vectorarray.py" line="361" name="test_axpy[compatible_vector_array_pair7-&lt;lambda&gt;21]" time="0.21277570724487305"></testcase><testcase classname="src.pymortests.vectorarray" file="src/pymortests/vectorarray.py" line="361" name="test_axpy[compatible_vector_array_pair7-&lt;lambda&gt;22]" time="0.543332576751709"></testcase><testcase classname="src.pymortests.vectorarray" file="src/pymortests/vectorarray.py" line="361" name="test_axpy[compatible_vector_array_pair7-&lt;lambda&gt;23]" time="0.09903192520141602"></testcase><testcase classname="src.pymortests.vectorarray" file="src/pymortests/vectorarray.py" line="361" name="test_axpy[compatible_vector_array_pair7-&lt;lambda&gt;24]" time="0.016142606735229492"></testcase><testcase classname="src.pymortests.vectorarray" file="src/pymortests/vectorarray.py" line="361" name="test_axpy[compatible_vector_array_pair7-&lt;lambda&gt;25]" time="0.006678581237792969"></testcase><testcase classname="src.pymortests.vectorarray" file="src/pymortests/vectorarray.py" line="361" name="test_axpy[compatible_vector_array_pair7-&lt;lambda&gt;26]" time="0.47635817527770996"></testcase><testcase classname="src.pymortests.vectorarray" file="src/pymortests/vectorarray.py" line="361" name="test_axpy[compatible_vector_array_pair7-&lt;lambda&gt;27]" time="0.7965269088745117"></testcase><testcase classname="src.pymortests.vectorarray" file="src/pymortests/vectorarray.py" line="361" name="test_axpy[compatible_vector_array_pair7-&lt;lambda&gt;28]" time="2.486635208129883"></testcase><testcase classname="src.pymortests.vectorarray" file="src/pymortests/vectorarray.py" line="361" name="test_axpy[compatible_vector_array_pair7-&lt;lambda&gt;29]" time="0.16119813919067383"></testcase><testcase classname="src.pymortests.vectorarray" file="src/pymortests/vectorarray.py" line="361" name="test_axpy[compatible_vector_array_pair8-&lt;lambda&gt;0]" time="0.019020557403564453"></testcase><testcase classname="src.pymortests.vectorarray" file="src/pymortests/vectorarray.py" line="361" name="test_axpy[compatible_vector_array_pair8-&lt;lambda&gt;1]" time="0.005223751068115234"></testcase><testcase classname="src.pymortests.vectorarray" file="src/pymortests/vectorarray.py" line="361" name="test_axpy[compatible_vector_array_pair8-&lt;lambda&gt;2]" time="0.02595829963684082"></testcase><testcase classname="src.pymortests.vectorarray" file="src/pymortests/vectorarray.py" line="361" name="test_axpy[compatible_vector_array_pair8-&lt;lambda&gt;3]" time="0.02843618392944336"></testcase><testcase classname="src.pymortests.vectorarray" file="src/pymortests/vectorarray.py" line="361" name="test_axpy[compatible_vector_array_pair8-&lt;lambda&gt;4]" time="0.03021407127380371"></testcase><testcase classname="src.pymortests.vectorarray" file="src/pymortests/vectorarray.py" line="361" name="test_axpy[compatible_vector_array_pair8-&lt;lambda&gt;5]" time="0.040363311767578125"></testcase><testcase classname="src.pymortests.vectorarray" file="src/pymortests/vectorarray.py" line="361" name="test_axpy[compatible_vector_array_pair8-&lt;lambda&gt;6]" time="0.014488935470581055"></testcase><testcase classname="src.pymortests.vectorarray" file="src/pymortests/vectorarray.py" line="361" name="test_axpy[compatible_vector_array_pair8-&lt;lambda&gt;7]" time="0.005208015441894531"></testcase><testcase classname="src.pymortests.vectorarray" file="src/pymortests/vectorarray.py" line="361" name="test_axpy[compatible_vector_array_pair8-&lt;lambda&gt;8]" time="0.06651544570922852"></testcase><testcase classname="src.pymortests.vectorarray" file="src/pymortests/vectorarray.py" line="361" name="test_axpy[compatible_vector_array_pair8-&lt;lambda&gt;9]" time="0.11452817916870117"></testcase><testcase classname="src.pymortests.vectorarray" file="src/pymortests/vectorarray.py" line="361" name="test_axpy[compatible_vector_array_pair8-&lt;lambda&gt;10]" time="0.2891199588775635"></testcase><testcase classname="src.pymortests.vectorarray" file="src/pymortests/vectorarray.py" line="361" name="test_axpy[compatible_vector_array_pair8-&lt;lambda&gt;11]" time="0.04758739471435547"></testcase><testcase classname="src.pymortests.vectorarray" file="src/pymortests/vectorarray.py" line="361" name="test_axpy[compatible_vector_array_pair8-&lt;lambda&gt;12]" time="0.03330373764038086"></testcase><testcase classname="src.pymortests.vectorarray" file="src/pymortests/vectorarray.py" line="361" name="test_axpy[compatible_vector_array_pair8-&lt;lambda&gt;13]" time="0.008928775787353516"></testcase><testcase classname="src.pymortests.vectorarray" file="src/pymortests/vectorarray.py" line="361" name="test_axpy[compatible_vector_array_pair8-&lt;lambda&gt;14]" time="0.03914833068847656"></testcase><testcase classname="src.pymortests.vectorarray" file="src/pymortests/vectorarray.py" line="361" name="test_axpy[compatible_vector_array_pair8-&lt;lambda&gt;15]" time="0.06725239753723145"></testcase><testcase classname="src.pymortests.vectorarray" file="src/pymortests/vectorarray.py" line="361" name="test_axpy[compatible_vector_array_pair8-&lt;lambda&gt;16]" time="0.0729374885559082"></testcase><testcase classname="src.pymortests.vectorarray" file="src/pymortests/vectorarray.py" line="361" name="test_axpy[compatible_vector_array_pair8-&lt;lambda&gt;17]" time="0.07627415657043457"></testcase><testcase classname="src.pymortests.vectorarray" file="src/pymortests/vectorarray.py" line="361" name="test_axpy[compatible_vector_array_pair8-&lt;lambda&gt;18]" time="0.046386003494262695"></testcase><testcase classname="src.pymortests.vectorarray" file="src/pymortests/vectorarray.py" line="361" name="test_axpy[compatible_vector_array_pair8-&lt;lambda&gt;19]" time="0.00868368148803711"></testcase><testcase classname="src.pymortests.vectorarray" file="src/pymortests/vectorarray.py" line="361" name="test_axpy[compatible_vector_array_pair8-&lt;lambda&gt;20]" time="0.24544692039489746"></testcase><testcase classname="src.pymortests.vectorarray" file="src/pymortests/vectorarray.py" line="361" name="test_axpy[compatible_vector_array_pair8-&lt;lambda&gt;21]" time="0.21431827545166016"></testcase><testcase classname="src.pymortests.vectorarray" file="src/pymortests/vectorarray.py" line="361" name="test_axpy[compatible_vector_array_pair8-&lt;lambda&gt;22]" time="0.5411744117736816"></testcase><testcase classname="src.pymortests.vectorarray" file="src/pymortests/vectorarray.py" line="361" name="test_axpy[compatible_vector_array_pair8-&lt;lambda&gt;23]" time="0.10056924819946289"></testcase><testcase classname="src.pymortests.vectorarray" file="src/pymortests/vectorarray.py" line="361" name="test_axpy[compatible_vector_array_pair8-&lt;lambda&gt;24]" time="0.016469478607177734"></testcase><testcase classname="src.pymortests.vectorarray" file="src/pymortests/vectorarray.py" line="361" name="test_axpy[compatible_vector_array_pair8-&lt;lambda&gt;25]" time="0.008886337280273438"></testcase><testcase classname="src.pymortests.vectorarray" file="src/pymortests/vectorarray.py" line="361" name="test_axpy[compatible_vector_array_pair8-&lt;lambda&gt;26]" time="0.5180737972259521"></testcase><testcase classname="src.pymortests.vectorarray" file="src/pymortests/vectorarray.py" line="361" name="test_axpy[compatible_vector_array_pair8-&lt;lambda&gt;27]" time="0.8490273952484131"></testcase><testcase classname="src.pymortests.vectorarray" file="src/pymortests/vectorarray.py" line="361" name="test_axpy[compatible_vector_array_pair8-&lt;lambda&gt;28]" time="2.7445902824401855"></testcase><testcase classname="src.pymortests.vectorarray" file="src/pymortests/vectorarray.py" line="361" name="test_axpy[compatible_vector_array_pair8-&lt;lambda&gt;29]" time="0.1766505241394043"></testcase><testcase classname="src.pymortests.vectorarray" file="src/pymortests/vectorarray.py" line="409" name="test_axpy_one_x[compatible_vector_array_pair0-&lt;lambda&gt;0]" time="0.05237579345703125"></testcase><testcase classname="src.pymortests.vectorarray" file="src/pymortests/vectorarray.py" line="409" name="test_axpy_one_x[compatible_vector_array_pair0-&lt;lambda&gt;1]" time="0.13722658157348633"></testcase><testcase classname="src.pymortests.vectorarray" file="src/pymortests/vectorarray.py" line="409" name="test_axpy_one_x[compatible_vector_array_pair0-&lt;lambda&gt;2]" time="0.10343694686889648"></testcase><testcase classname="src.pymortests.vectorarray" file="src/pymortests/vectorarray.py" line="409" name="test_axpy_one_x[compatible_vector_array_pair0-&lt;lambda&gt;3]" time="0.12016630172729492"></testcase><testcase classname="src.pymortests.vectorarray" file="src/pymortests/vectorarray.py" line="409" name="test_axpy_one_x[compatible_vector_array_pair0-&lt;lambda&gt;4]" time="0.12578582763671875"></testcase><testcase classname="src.pymortests.vectorarray" file="src/pymortests/vectorarray.py" line="409" name="test_axpy_one_x[compatible_vector_array_pair0-&lt;lambda&gt;5]" time="0.1030733585357666"></testcase><testcase classname="src.pymortests.vectorarray" file="src/pymortests/vectorarray.py" line="409" name="test_axpy_one_x[compatible_vector_array_pair0-&lt;lambda&gt;6]" time="0.039821624755859375"></testcase><testcase classname="src.pymortests.vectorarray" file="src/pymortests/vectorarray.py" line="409" name="test_axpy_one_x[compatible_vector_array_pair0-&lt;lambda&gt;7]" time="0.12031292915344238"></testcase><testcase classname="src.pymortests.vectorarray" file="src/pymortests/vectorarray.py" line="409" name="test_axpy_one_x[compatible_vector_array_pair0-&lt;lambda&gt;8]" time="0.2886180877685547"></testcase><testcase classname="src.pymortests.vectorarray" file="src/pymortests/vectorarray.py" line="409" name="test_axpy_one_x[compatible_vector_array_pair0-&lt;lambda&gt;9]" time="0.5668809413909912"></testcase><testcase classname="src.pymortests.vectorarray" file="src/pymortests/vectorarray.py" line="409" name="test_axpy_one_x[compatible_vector_array_pair0-&lt;lambda&gt;10]" time="1.5655126571655273"></testcase><testcase classname="src.pymortests.vectorarray" file="src/pymortests/vectorarray.py" line="409" name="test_axpy_one_x[compatible_vector_array_pair0-&lt;lambda&gt;11]" time="0.1165463924407959"></testcase><testcase classname="src.pymortests.vectorarray" file="src/pymortests/vectorarray.py" line="409" name="test_axpy_one_x[compatible_vector_array_pair0-&lt;lambda&gt;12]" time="0.09580302238464355"></testcase><testcase classname="src.pymortests.vectorarray" file="src/pymortests/vectorarray.py" line="409" name="test_axpy_one_x[compatible_vector_array_pair0-&lt;lambda&gt;13]" time="0.2793123722076416"></testcase><testcase classname="src.pymortests.vectorarray" file="src/pymortests/vectorarray.py" line="409" name="test_axpy_one_x[compatible_vector_array_pair0-&lt;lambda&gt;14]" time="0.154402494430542"></testcase><testcase classname="src.pymortests.vectorarray" file="src/pymortests/vectorarray.py" line="409" name="test_axpy_one_x[compatible_vector_array_pair0-&lt;lambda&gt;15]" time="0.27265119552612305"></testcase><testcase classname="src.pymortests.vectorarray" file="src/pymortests/vectorarray.py" line="409" name="test_axpy_one_x[compatible_vector_array_pair0-&lt;lambda&gt;16]" time="0.31197094917297363"></testcase><testcase classname="src.pymortests.vectorarray" file="src/pymortests/vectorarray.py" line="409" name="test_axpy_one_x[compatible_vector_array_pair0-&lt;lambda&gt;17]" time="0.34026217460632324"></testcase><testcase classname="src.pymortests.vectorarray" file="src/pymortests/vectorarray.py" line="409" name="test_axpy_one_x[compatible_vector_array_pair0-&lt;lambda&gt;18]" time="0.13541173934936523"></testcase><testcase classname="src.pymortests.vectorarray" file="src/pymortests/vectorarray.py" line="409" name="test_axpy_one_x[compatible_vector_array_pair0-&lt;lambda&gt;19]" time="0.2995421886444092"></testcase><testcase classname="src.pymortests.vectorarray" file="src/pymortests/vectorarray.py" line="409" name="test_axpy_one_x[compatible_vector_array_pair0-&lt;lambda&gt;20]" time="1.059856653213501"></testcase><testcase classname="src.pymortests.vectorarray" file="src/pymortests/vectorarray.py" line="409" name="test_axpy_one_x[compatible_vector_array_pair0-&lt;lambda&gt;21]" time="0.9987630844116211"></testcase><testcase classname="src.pymortests.vectorarray" file="src/pymortests/vectorarray.py" line="409" name="test_axpy_one_x[compatible_vector_array_pair0-&lt;lambda&gt;22]" time="2.8809757232666016"></testcase><testcase classname="src.pymortests.vectorarray" file="src/pymortests/vectorarray.py" line="409" name="test_axpy_one_x[compatible_vector_array_pair0-&lt;lambda&gt;23]" time="0.25330138206481934"></testcase><testcase classname="src.pymortests.vectorarray" file="src/pymortests/vectorarray.py" line="409" name="test_axpy_one_x[compatible_vector_array_pair0-&lt;lambda&gt;24]" time="0.04280662536621094"></testcase><testcase classname="src.pymortests.vectorarray" file="src/pymortests/vectorarray.py" line="409" name="test_axpy_one_x[compatible_vector_array_pair0-&lt;lambda&gt;25]" time="0.2378537654876709"></testcase><testcase classname="src.pymortests.vectorarray" file="src/pymortests/vectorarray.py" line="409" name="test_axpy_one_x[compatible_vector_array_pair0-&lt;lambda&gt;26]" time="2.4284305572509766"></testcase><testcase classname="src.pymortests.vectorarray" file="src/pymortests/vectorarray.py" line="409" name="test_axpy_one_x[compatible_vector_array_pair0-&lt;lambda&gt;27]" time="4.3618223667144775"></testcase><testcase classname="src.pymortests.vectorarray" file="src/pymortests/vectorarray.py" line="409" name="test_axpy_one_x[compatible_vector_array_pair0-&lt;lambda&gt;28]" time="16.44147300720215"></testcase><testcase classname="src.pymortests.vectorarray" file="src/pymortests/vectorarray.py" line="409" name="test_axpy_one_x[compatible_vector_array_pair0-&lt;lambda&gt;29]" time="0.49671244621276855"></testcase><testcase classname="src.pymortests.vectorarray" file="src/pymortests/vectorarray.py" line="409" name="test_axpy_one_x[compatible_vector_array_pair1-&lt;lambda&gt;0]" time="0.04979348182678223"></testcase><testcase classname="src.pymortests.vectorarray" file="src/pymortests/vectorarray.py" line="409" name="test_axpy_one_x[compatible_vector_array_pair1-&lt;lambda&gt;1]" time="0.13379549980163574"></testcase><testcase classname="src.pymortests.vectorarray" file="src/pymortests/vectorarray.py" line="409" name="test_axpy_one_x[compatible_vector_array_pair1-&lt;lambda&gt;2]" time="0.10023093223571777"></testcase><testcase classname="src.pymortests.vectorarray" file="src/pymortests/vectorarray.py" line="409" name="test_axpy_one_x[compatible_vector_array_pair1-&lt;lambda&gt;3]" time="0.1159217357635498"></testcase><testcase classname="src.pymortests.vectorarray" file="src/pymortests/vectorarray.py" line="409" name="test_axpy_one_x[compatible_vector_array_pair1-&lt;lambda&gt;4]" time="0.12132000923156738"></testcase><testcase classname="src.pymortests.vectorarray" file="src/pymortests/vectorarray.py" line="409" name="test_axpy_one_x[compatible_vector_array_pair1-&lt;lambda&gt;5]" time="0.09759354591369629"></testcase><testcase classname="src.pymortests.vectorarray" file="src/pymortests/vectorarray.py" line="409" name="test_axpy_one_x[compatible_vector_array_pair1-&lt;lambda&gt;6]" time="0.03801131248474121"></testcase><testcase classname="src.pymortests.vectorarray" file="src/pymortests/vectorarray.py" line="409" name="test_axpy_one_x[compatible_vector_array_pair1-&lt;lambda&gt;7]" time="0.11464047431945801"></testcase><testcase classname="src.pymortests.vectorarray" file="src/pymortests/vectorarray.py" line="409" name="test_axpy_one_x[compatible_vector_array_pair1-&lt;lambda&gt;8]" time="0.27829909324645996"></testcase><testcase classname="src.pymortests.vectorarray" file="src/pymortests/vectorarray.py" line="409" name="test_axpy_one_x[compatible_vector_array_pair1-&lt;lambda&gt;9]" time="0.549929141998291"></testcase><testcase classname="src.pymortests.vectorarray" file="src/pymortests/vectorarray.py" line="409" name="test_axpy_one_x[compatible_vector_array_pair1-&lt;lambda&gt;10]" time="1.5436351299285889"></testcase><testcase classname="src.pymortests.vectorarray" file="src/pymortests/vectorarray.py" line="409" name="test_axpy_one_x[compatible_vector_array_pair1-&lt;lambda&gt;11]" time="0.11905908584594727"></testcase><testcase classname="src.pymortests.vectorarray" file="src/pymortests/vectorarray.py" line="409" name="test_axpy_one_x[compatible_vector_array_pair1-&lt;lambda&gt;12]" time="0.09681415557861328"></testcase><testcase classname="src.pymortests.vectorarray" file="src/pymortests/vectorarray.py" line="409" name="test_axpy_one_x[compatible_vector_array_pair1-&lt;lambda&gt;13]" time="0.2773478031158447"></testcase><testcase classname="src.pymortests.vectorarray" file="src/pymortests/vectorarray.py" line="409" name="test_axpy_one_x[compatible_vector_array_pair1-&lt;lambda&gt;14]" time="0.1527848243713379"></testcase><testcase classname="src.pymortests.vectorarray" file="src/pymortests/vectorarray.py" line="409" name="test_axpy_one_x[compatible_vector_array_pair1-&lt;lambda&gt;15]" time="0.2744109630584717"></testcase><testcase classname="src.pymortests.vectorarray" file="src/pymortests/vectorarray.py" line="409" name="test_axpy_one_x[compatible_vector_array_pair1-&lt;lambda&gt;16]" time="0.320603609085083"></testcase><testcase classname="src.pymortests.vectorarray" file="src/pymortests/vectorarray.py" line="409" name="test_axpy_one_x[compatible_vector_array_pair1-&lt;lambda&gt;17]" time="0.34303784370422363"></testcase><testcase classname="src.pymortests.vectorarray" file="src/pymortests/vectorarray.py" line="409" name="test_axpy_one_x[compatible_vector_array_pair1-&lt;lambda&gt;18]" time="0.13530588150024414"></testcase><testcase classname="src.pymortests.vectorarray" file="src/pymortests/vectorarray.py" line="409" name="test_axpy_one_x[compatible_vector_array_pair1-&lt;lambda&gt;19]" time="0.2973942756652832"></testcase><testcase classname="src.pymortests.vectorarray" file="src/pymortests/vectorarray.py" line="409" name="test_axpy_one_x[compatible_vector_array_pair1-&lt;lambda&gt;20]" time="1.046673059463501"></testcase><testcase classname="src.pymortests.vectorarray" file="src/pymortests/vectorarray.py" line="409" name="test_axpy_one_x[compatible_vector_array_pair1-&lt;lambda&gt;21]" time="1.0077025890350342"></testcase><testcase classname="src.pymortests.vectorarray" file="src/pymortests/vectorarray.py" line="409" name="test_axpy_one_x[compatible_vector_array_pair1-&lt;lambda&gt;22]" time="2.862227201461792"></testcase><testcase classname="src.pymortests.vectorarray" file="src/pymortests/vectorarray.py" line="409" name="test_axpy_one_x[compatible_vector_array_pair1-&lt;lambda&gt;23]" time="0.2523188591003418"></testcase><testcase classname="src.pymortests.vectorarray" file="src/pymortests/vectorarray.py" line="409" name="test_axpy_one_x[compatible_vector_array_pair1-&lt;lambda&gt;24]" time="0.042908668518066406"></testcase><testcase classname="src.pymortests.vectorarray" file="src/pymortests/vectorarray.py" line="409" name="test_axpy_one_x[compatible_vector_array_pair1-&lt;lambda&gt;25]" time="0.25727367401123047"></testcase><testcase classname="src.pymortests.vectorarray" file="src/pymortests/vectorarray.py" line="409" name="test_axpy_one_x[compatible_vector_array_pair1-&lt;lambda&gt;26]" time="3.094869613647461"></testcase><testcase classname="src.pymortests.vectorarray" file="src/pymortests/vectorarray.py" line="409" name="test_axpy_one_x[compatible_vector_array_pair1-&lt;lambda&gt;27]" time="5.684081315994263"></testcase><testcase classname="src.pymortests.vectorarray" file="src/pymortests/vectorarray.py" line="409" name="test_axpy_one_x[compatible_vector_array_pair1-&lt;lambda&gt;28]" time="20.346147298812866"></testcase><testcase classname="src.pymortests.vectorarray" file="src/pymortests/vectorarray.py" line="409" name="test_axpy_one_x[compatible_vector_array_pair1-&lt;lambda&gt;29]" time="0.5564978122711182"></testcase><testcase classname="src.pymortests.vectorarray" file="src/pymortests/vectorarray.py" line="409" name="test_axpy_one_x[compatible_vector_array_pair2-&lt;lambda&gt;0]" time="0.05042839050292969"></testcase><testcase classname="src.pymortests.vectorarray" file="src/pymortests/vectorarray.py" line="409" name="test_axpy_one_x[compatible_vector_array_pair2-&lt;lambda&gt;1]" time="0.13128161430358887"></testcase><testcase classname="src.pymortests.vectorarray" file="src/pymortests/vectorarray.py" line="409" name="test_axpy_one_x[compatible_vector_array_pair2-&lt;lambda&gt;2]" time="0.10072159767150879"></testcase><testcase classname="src.pymortests.vectorarray" file="src/pymortests/vectorarray.py" line="409" name="test_axpy_one_x[compatible_vector_array_pair2-&lt;lambda&gt;3]" time="0.1152801513671875"></testcase><testcase classname="src.pymortests.vectorarray" file="src/pymortests/vectorarray.py" line="409" name="test_axpy_one_x[compatible_vector_array_pair2-&lt;lambda&gt;4]" time="0.12224483489990234"></testcase><testcase classname="src.pymortests.vectorarray" file="src/pymortests/vectorarray.py" line="409" name="test_axpy_one_x[compatible_vector_array_pair2-&lt;lambda&gt;5]" time="0.09753799438476562"></testcase><testcase classname="src.pymortests.vectorarray" file="src/pymortests/vectorarray.py" line="409" name="test_axpy_one_x[compatible_vector_array_pair2-&lt;lambda&gt;6]" time="0.0377345085144043"></testcase><testcase classname="src.pymortests.vectorarray" file="src/pymortests/vectorarray.py" line="409" name="test_axpy_one_x[compatible_vector_array_pair2-&lt;lambda&gt;7]" time="0.11397957801818848"></testcase><testcase classname="src.pymortests.vectorarray" file="src/pymortests/vectorarray.py" line="409" name="test_axpy_one_x[compatible_vector_array_pair2-&lt;lambda&gt;8]" time="0.2805006504058838"></testcase><testcase classname="src.pymortests.vectorarray" file="src/pymortests/vectorarray.py" line="409" name="test_axpy_one_x[compatible_vector_array_pair2-&lt;lambda&gt;9]" time="0.5446598529815674"></testcase><testcase classname="src.pymortests.vectorarray" file="src/pymortests/vectorarray.py" line="409" name="test_axpy_one_x[compatible_vector_array_pair2-&lt;lambda&gt;10]" time="1.5683207511901855"></testcase><testcase classname="src.pymortests.vectorarray" file="src/pymortests/vectorarray.py" line="409" name="test_axpy_one_x[compatible_vector_array_pair2-&lt;lambda&gt;11]" time="0.1209099292755127"></testcase><testcase classname="src.pymortests.vectorarray" file="src/pymortests/vectorarray.py" line="409" name="test_axpy_one_x[compatible_vector_array_pair2-&lt;lambda&gt;12]" time="0.10218238830566406"></testcase><testcase classname="src.pymortests.vectorarray" file="src/pymortests/vectorarray.py" line="409" name="test_axpy_one_x[compatible_vector_array_pair2-&lt;lambda&gt;13]" time="0.2868499755859375"></testcase><testcase classname="src.pymortests.vectorarray" file="src/pymortests/vectorarray.py" line="409" name="test_axpy_one_x[compatible_vector_array_pair2-&lt;lambda&gt;14]" time="0.15956830978393555"></testcase><testcase classname="src.pymortests.vectorarray" file="src/pymortests/vectorarray.py" line="409" name="test_axpy_one_x[compatible_vector_array_pair2-&lt;lambda&gt;15]" time="0.29299354553222656"></testcase><testcase classname="src.pymortests.vectorarray" file="src/pymortests/vectorarray.py" line="409" name="test_axpy_one_x[compatible_vector_array_pair2-&lt;lambda&gt;16]" time="0.3320732116699219"></testcase><testcase classname="src.pymortests.vectorarray" file="src/pymortests/vectorarray.py" line="409" name="test_axpy_one_x[compatible_vector_array_pair2-&lt;lambda&gt;17]" time="0.35607290267944336"></testcase><testcase classname="src.pymortests.vectorarray" file="src/pymortests/vectorarray.py" line="409" name="test_axpy_one_x[compatible_vector_array_pair2-&lt;lambda&gt;18]" time="0.1441645622253418"></testcase><testcase classname="src.pymortests.vectorarray" file="src/pymortests/vectorarray.py" line="409" name="test_axpy_one_x[compatible_vector_array_pair2-&lt;lambda&gt;19]" time="0.3232576847076416"></testcase><testcase classname="src.pymortests.vectorarray" file="src/pymortests/vectorarray.py" line="409" name="test_axpy_one_x[compatible_vector_array_pair2-&lt;lambda&gt;20]" time="1.0816209316253662"></testcase><testcase classname="src.pymortests.vectorarray" file="src/pymortests/vectorarray.py" line="409" name="test_axpy_one_x[compatible_vector_array_pair2-&lt;lambda&gt;21]" time="1.0580215454101562"></testcase><testcase classname="src.pymortests.vectorarray" file="src/pymortests/vectorarray.py" line="409" name="test_axpy_one_x[compatible_vector_array_pair2-&lt;lambda&gt;22]" time="2.877375602722168"></testcase><testcase classname="src.pymortests.vectorarray" file="src/pymortests/vectorarray.py" line="409" name="test_axpy_one_x[compatible_vector_array_pair2-&lt;lambda&gt;23]" time="0.2562370300292969"></testcase><testcase classname="src.pymortests.vectorarray" file="src/pymortests/vectorarray.py" line="409" name="test_axpy_one_x[compatible_vector_array_pair2-&lt;lambda&gt;24]" time="0.042719364166259766"></testcase><testcase classname="src.pymortests.vectorarray" file="src/pymortests/vectorarray.py" line="409" name="test_axpy_one_x[compatible_vector_array_pair2-&lt;lambda&gt;25]" time="0.2798473834991455"></testcase><testcase classname="src.pymortests.vectorarray" file="src/pymortests/vectorarray.py" line="409" name="test_axpy_one_x[compatible_vector_array_pair2-&lt;lambda&gt;26]" time="3.5700581073760986"></testcase><testcase classname="src.pymortests.vectorarray" file="src/pymortests/vectorarray.py" line="409" name="test_axpy_one_x[compatible_vector_array_pair2-&lt;lambda&gt;27]" time="6.30041766166687"></testcase><testcase classname="src.pymortests.vectorarray" file="src/pymortests/vectorarray.py" line="409" name="test_axpy_one_x[compatible_vector_array_pair2-&lt;lambda&gt;28]" time="23.088478326797485"></testcase><testcase classname="src.pymortests.vectorarray" file="src/pymortests/vectorarray.py" line="409" name="test_axpy_one_x[compatible_vector_array_pair2-&lt;lambda&gt;29]" time="0.618516206741333"></testcase><testcase classname="src.pymortests.vectorarray" file="src/pymortests/vectorarray.py" line="409" name="test_axpy_one_x[compatible_vector_array_pair3-&lt;lambda&gt;0]" time="0.04831743240356445"></testcase><testcase classname="src.pymortests.vectorarray" file="src/pymortests/vectorarray.py" line="409" name="test_axpy_one_x[compatible_vector_array_pair3-&lt;lambda&gt;1]" time="0.12717223167419434"></testcase><testcase classname="src.pymortests.vectorarray" file="src/pymortests/vectorarray.py" line="409" name="test_axpy_one_x[compatible_vector_array_pair3-&lt;lambda&gt;2]" time="0.0972142219543457"></testcase><testcase classname="src.pymortests.vectorarray" file="src/pymortests/vectorarray.py" line="409" name="test_axpy_one_x[compatible_vector_array_pair3-&lt;lambda&gt;3]" time="0.11329388618469238"></testcase><testcase classname="src.pymortests.vectorarray" file="src/pymortests/vectorarray.py" line="409" name="test_axpy_one_x[compatible_vector_array_pair3-&lt;lambda&gt;4]" time="0.11878085136413574"></testcase><testcase classname="src.pymortests.vectorarray" file="src/pymortests/vectorarray.py" line="409" name="test_axpy_one_x[compatible_vector_array_pair3-&lt;lambda&gt;5]" time="0.09502363204956055"></testcase><testcase classname="src.pymortests.vectorarray" file="src/pymortests/vectorarray.py" line="409" name="test_axpy_one_x[compatible_vector_array_pair3-&lt;lambda&gt;6]" time="0.03721308708190918"></testcase><testcase classname="src.pymortests.vectorarray" file="src/pymortests/vectorarray.py" line="409" name="test_axpy_one_x[compatible_vector_array_pair3-&lt;lambda&gt;7]" time="0.11187028884887695"></testcase><testcase classname="src.pymortests.vectorarray" file="src/pymortests/vectorarray.py" line="409" name="test_axpy_one_x[compatible_vector_array_pair3-&lt;lambda&gt;8]" time="0.2726752758026123"></testcase><testcase classname="src.pymortests.vectorarray" file="src/pymortests/vectorarray.py" line="409" name="test_axpy_one_x[compatible_vector_array_pair3-&lt;lambda&gt;9]" time="0.5428473949432373"></testcase><testcase classname="src.pymortests.vectorarray" file="src/pymortests/vectorarray.py" line="409" name="test_axpy_one_x[compatible_vector_array_pair3-&lt;lambda&gt;10]" time="1.5315616130828857"></testcase><testcase classname="src.pymortests.vectorarray" file="src/pymortests/vectorarray.py" line="409" name="test_axpy_one_x[compatible_vector_array_pair3-&lt;lambda&gt;11]" time="0.11409330368041992"></testcase><testcase classname="src.pymortests.vectorarray" file="src/pymortests/vectorarray.py" line="409" name="test_axpy_one_x[compatible_vector_array_pair3-&lt;lambda&gt;12]" time="0.09318304061889648"></testcase><testcase classname="src.pymortests.vectorarray" file="src/pymortests/vectorarray.py" line="409" name="test_axpy_one_x[compatible_vector_array_pair3-&lt;lambda&gt;13]" time="0.2807343006134033"></testcase><testcase classname="src.pymortests.vectorarray" file="src/pymortests/vectorarray.py" line="409" name="test_axpy_one_x[compatible_vector_array_pair3-&lt;lambda&gt;14]" time="0.1517322063446045"></testcase><testcase classname="src.pymortests.vectorarray" file="src/pymortests/vectorarray.py" line="409" name="test_axpy_one_x[compatible_vector_array_pair3-&lt;lambda&gt;15]" time="0.2711915969848633"></testcase><testcase classname="src.pymortests.vectorarray" file="src/pymortests/vectorarray.py" line="409" name="test_axpy_one_x[compatible_vector_array_pair3-&lt;lambda&gt;16]" time="0.31514835357666016"></testcase><testcase classname="src.pymortests.vectorarray" file="src/pymortests/vectorarray.py" line="409" name="test_axpy_one_x[compatible_vector_array_pair3-&lt;lambda&gt;17]" time="0.34902000427246094"></testcase><testcase classname="src.pymortests.vectorarray" file="src/pymortests/vectorarray.py" line="409" name="test_axpy_one_x[compatible_vector_array_pair3-&lt;lambda&gt;18]" time="0.13275504112243652"></testcase><testcase classname="src.pymortests.vectorarray" file="src/pymortests/vectorarray.py" line="409" name="test_axpy_one_x[compatible_vector_array_pair3-&lt;lambda&gt;19]" time="0.29021453857421875"></testcase><testcase classname="src.pymortests.vectorarray" file="src/pymortests/vectorarray.py" line="409" name="test_axpy_one_x[compatible_vector_array_pair3-&lt;lambda&gt;20]" time="1.0128929615020752"></testcase><testcase classname="src.pymortests.vectorarray" file="src/pymortests/vectorarray.py" line="409" name="test_axpy_one_x[compatible_vector_array_pair3-&lt;lambda&gt;21]" time="0.9699430465698242"></testcase><testcase classname="src.pymortests.vectorarray" file="src/pymortests/vectorarray.py" line="409" name="test_axpy_one_x[compatible_vector_array_pair3-&lt;lambda&gt;22]" time="2.8086984157562256"></testcase><testcase classname="src.pymortests.vectorarray" file="src/pymortests/vectorarray.py" line="409" name="test_axpy_one_x[compatible_vector_array_pair3-&lt;lambda&gt;23]" time="0.25089120864868164"></testcase><testcase classname="src.pymortests.vectorarray" file="src/pymortests/vectorarray.py" line="409" name="test_axpy_one_x[compatible_vector_array_pair3-&lt;lambda&gt;24]" time="0.04179883003234863"></testcase><testcase classname="src.pymortests.vectorarray" file="src/pymortests/vectorarray.py" line="409" name="test_axpy_one_x[compatible_vector_array_pair3-&lt;lambda&gt;25]" time="0.29859423637390137"></testcase><testcase classname="src.pymortests.vectorarray" file="src/pymortests/vectorarray.py" line="409" name="test_axpy_one_x[compatible_vector_array_pair3-&lt;lambda&gt;26]" time="4.135849237442017"></testcase><testcase classname="src.pymortests.vectorarray" file="src/pymortests/vectorarray.py" line="409" name="test_axpy_one_x[compatible_vector_array_pair3-&lt;lambda&gt;27]" time="7.186670541763306"></testcase><testcase classname="src.pymortests.vectorarray" file="src/pymortests/vectorarray.py" line="409" name="test_axpy_one_x[compatible_vector_array_pair3-&lt;lambda&gt;28]" time="26.56811285018921"></testcase><testcase classname="src.pymortests.vectorarray" file="src/pymortests/vectorarray.py" line="409" name="test_axpy_one_x[compatible_vector_array_pair3-&lt;lambda&gt;29]" time="0.6642122268676758"></testcase><testcase classname="src.pymortests.vectorarray" file="src/pymortests/vectorarray.py" line="409" name="test_axpy_one_x[compatible_vector_array_pair4-&lt;lambda&gt;0]" time="0.04821586608886719"></testcase><testcase classname="src.pymortests.vectorarray" file="src/pymortests/vectorarray.py" line="409" name="test_axpy_one_x[compatible_vector_array_pair4-&lt;lambda&gt;1]" time="0.12745380401611328"></testcase><testcase classname="src.pymortests.vectorarray" file="src/pymortests/vectorarray.py" line="409" name="test_axpy_one_x[compatible_vector_array_pair4-&lt;lambda&gt;2]" time="0.09585309028625488"></testcase><testcase classname="src.pymortests.vectorarray" file="src/pymortests/vectorarray.py" line="409" name="test_axpy_one_x[compatible_vector_array_pair4-&lt;lambda&gt;3]" time="0.11249279975891113"></testcase><testcase classname="src.pymortests.vectorarray" file="src/pymortests/vectorarray.py" line="409" name="test_axpy_one_x[compatible_vector_array_pair4-&lt;lambda&gt;4]" time="0.11632323265075684"></testcase><testcase classname="src.pymortests.vectorarray" file="src/pymortests/vectorarray.py" line="409" name="test_axpy_one_x[compatible_vector_array_pair4-&lt;lambda&gt;5]" time="0.09428739547729492"></testcase><testcase classname="src.pymortests.vectorarray" file="src/pymortests/vectorarray.py" line="409" name="test_axpy_one_x[compatible_vector_array_pair4-&lt;lambda&gt;6]" time="0.036711692810058594"></testcase><testcase classname="src.pymortests.vectorarray" file="src/pymortests/vectorarray.py" line="409" name="test_axpy_one_x[compatible_vector_array_pair4-&lt;lambda&gt;7]" time="0.11103343963623047"></testcase><testcase classname="src.pymortests.vectorarray" file="src/pymortests/vectorarray.py" line="409" name="test_axpy_one_x[compatible_vector_array_pair4-&lt;lambda&gt;8]" time="0.2701990604400635"></testcase><testcase classname="src.pymortests.vectorarray" file="src/pymortests/vectorarray.py" line="409" name="test_axpy_one_x[compatible_vector_array_pair4-&lt;lambda&gt;9]" time="0.5439450740814209"></testcase><testcase classname="src.pymortests.vectorarray" file="src/pymortests/vectorarray.py" line="409" name="test_axpy_one_x[compatible_vector_array_pair4-&lt;lambda&gt;10]" time="1.5118451118469238"></testcase><testcase classname="src.pymortests.vectorarray" file="src/pymortests/vectorarray.py" line="409" name="test_axpy_one_x[compatible_vector_array_pair4-&lt;lambda&gt;11]" time="0.11279559135437012"></testcase><testcase classname="src.pymortests.vectorarray" file="src/pymortests/vectorarray.py" line="409" name="test_axpy_one_x[compatible_vector_array_pair4-&lt;lambda&gt;12]" time="0.09388399124145508"></testcase><testcase classname="src.pymortests.vectorarray" file="src/pymortests/vectorarray.py" line="409" name="test_axpy_one_x[compatible_vector_array_pair4-&lt;lambda&gt;13]" time="0.28183507919311523"></testcase><testcase classname="src.pymortests.vectorarray" file="src/pymortests/vectorarray.py" line="409" name="test_axpy_one_x[compatible_vector_array_pair4-&lt;lambda&gt;14]" time="0.15259838104248047"></testcase><testcase classname="src.pymortests.vectorarray" file="src/pymortests/vectorarray.py" line="409" name="test_axpy_one_x[compatible_vector_array_pair4-&lt;lambda&gt;15]" time="0.2685258388519287"></testcase><testcase classname="src.pymortests.vectorarray" file="src/pymortests/vectorarray.py" line="409" name="test_axpy_one_x[compatible_vector_array_pair4-&lt;lambda&gt;16]" time="0.30715179443359375"></testcase><testcase classname="src.pymortests.vectorarray" file="src/pymortests/vectorarray.py" line="409" name="test_axpy_one_x[compatible_vector_array_pair4-&lt;lambda&gt;17]" time="0.33309435844421387"></testcase><testcase classname="src.pymortests.vectorarray" file="src/pymortests/vectorarray.py" line="409" name="test_axpy_one_x[compatible_vector_array_pair4-&lt;lambda&gt;18]" time="0.13093161582946777"></testcase><testcase classname="src.pymortests.vectorarray" file="src/pymortests/vectorarray.py" line="409" name="test_axpy_one_x[compatible_vector_array_pair4-&lt;lambda&gt;19]" time="0.28306126594543457"></testcase><testcase classname="src.pymortests.vectorarray" file="src/pymortests/vectorarray.py" line="409" name="test_axpy_one_x[compatible_vector_array_pair4-&lt;lambda&gt;20]" time="0.9601261615753174"></testcase><testcase classname="src.pymortests.vectorarray" file="src/pymortests/vectorarray.py" line="409" name="test_axpy_one_x[compatible_vector_array_pair4-&lt;lambda&gt;21]" time="0.9439871311187744"></testcase><testcase classname="src.pymortests.vectorarray" file="src/pymortests/vectorarray.py" line="409" name="test_axpy_one_x[compatible_vector_array_pair4-&lt;lambda&gt;22]" time="2.684579610824585"></testcase><testcase classname="src.pymortests.vectorarray" file="src/pymortests/vectorarray.py" line="409" name="test_axpy_one_x[compatible_vector_array_pair4-&lt;lambda&gt;23]" time="0.2415778636932373"></testcase><testcase classname="src.pymortests.vectorarray" file="src/pymortests/vectorarray.py" line="409" name="test_axpy_one_x[compatible_vector_array_pair4-&lt;lambda&gt;24]" time="0.04260611534118652"></testcase><testcase classname="src.pymortests.vectorarray" file="src/pymortests/vectorarray.py" line="409" name="test_axpy_one_x[compatible_vector_array_pair4-&lt;lambda&gt;25]" time="0.31149721145629883"></testcase><testcase classname="src.pymortests.vectorarray" file="src/pymortests/vectorarray.py" line="409" name="test_axpy_one_x[compatible_vector_array_pair4-&lt;lambda&gt;26]" time="4.618316411972046"></testcase><testcase classname="src.pymortests.vectorarray" file="src/pymortests/vectorarray.py" line="409" name="test_axpy_one_x[compatible_vector_array_pair4-&lt;lambda&gt;27]" time="8.116431951522827"></testcase><testcase classname="src.pymortests.vectorarray" file="src/pymortests/vectorarray.py" line="409" name="test_axpy_one_x[compatible_vector_array_pair4-&lt;lambda&gt;28]" time="29.597148656845093"></testcase><testcase classname="src.pymortests.vectorarray" file="src/pymortests/vectorarray.py" line="409" name="test_axpy_one_x[compatible_vector_array_pair4-&lt;lambda&gt;29]" time="0.7421338558197021"></testcase><testcase classname="src.pymortests.vectorarray" file="src/pymortests/vectorarray.py" line="409" name="test_axpy_one_x[compatible_vector_array_pair5-&lt;lambda&gt;0]" time="0.04943442344665527"></testcase><testcase classname="src.pymortests.vectorarray" file="src/pymortests/vectorarray.py" line="409" name="test_axpy_one_x[compatible_vector_array_pair5-&lt;lambda&gt;1]" time="0.12844181060791016"></testcase><testcase classname="src.pymortests.vectorarray" file="src/pymortests/vectorarray.py" line="409" name="test_axpy_one_x[compatible_vector_array_pair5-&lt;lambda&gt;2]" time="0.0979146957397461"></testcase><testcase classname="src.pymortests.vectorarray" file="src/pymortests/vectorarray.py" line="409" name="test_axpy_one_x[compatible_vector_array_pair5-&lt;lambda&gt;3]" time="0.11236381530761719"></testcase><testcase classname="src.pymortests.vectorarray" file="src/pymortests/vectorarray.py" line="409" name="test_axpy_one_x[compatible_vector_array_pair5-&lt;lambda&gt;4]" time="0.11917424201965332"></testcase><testcase classname="src.pymortests.vectorarray" file="src/pymortests/vectorarray.py" line="409" name="test_axpy_one_x[compatible_vector_array_pair5-&lt;lambda&gt;5]" time="0.09647583961486816"></testcase><testcase classname="src.pymortests.vectorarray" file="src/pymortests/vectorarray.py" line="409" name="test_axpy_one_x[compatible_vector_array_pair5-&lt;lambda&gt;6]" time="0.036865949630737305"></testcase><testcase classname="src.pymortests.vectorarray" file="src/pymortests/vectorarray.py" line="409" name="test_axpy_one_x[compatible_vector_array_pair5-&lt;lambda&gt;7]" time="0.11225318908691406"></testcase><testcase classname="src.pymortests.vectorarray" file="src/pymortests/vectorarray.py" line="409" name="test_axpy_one_x[compatible_vector_array_pair5-&lt;lambda&gt;8]" time="0.2712972164154053"></testcase><testcase classname="src.pymortests.vectorarray" file="src/pymortests/vectorarray.py" line="409" name="test_axpy_one_x[compatible_vector_array_pair5-&lt;lambda&gt;9]" time="0.5309581756591797"></testcase><testcase classname="src.pymortests.vectorarray" file="src/pymortests/vectorarray.py" line="409" name="test_axpy_one_x[compatible_vector_array_pair5-&lt;lambda&gt;10]" time="1.5261316299438477"></testcase><testcase classname="src.pymortests.vectorarray" file="src/pymortests/vectorarray.py" line="409" name="test_axpy_one_x[compatible_vector_array_pair5-&lt;lambda&gt;11]" time="0.11240649223327637"></testcase><testcase classname="src.pymortests.vectorarray" file="src/pymortests/vectorarray.py" line="409" name="test_axpy_one_x[compatible_vector_array_pair5-&lt;lambda&gt;12]" time="0.09240031242370605"></testcase><testcase classname="src.pymortests.vectorarray" file="src/pymortests/vectorarray.py" line="409" name="test_axpy_one_x[compatible_vector_array_pair5-&lt;lambda&gt;13]" time="0.28054118156433105"></testcase><testcase classname="src.pymortests.vectorarray" file="src/pymortests/vectorarray.py" line="409" name="test_axpy_one_x[compatible_vector_array_pair5-&lt;lambda&gt;14]" time="0.1507275104522705"></testcase><testcase classname="src.pymortests.vectorarray" file="src/pymortests/vectorarray.py" line="409" name="test_axpy_one_x[compatible_vector_array_pair5-&lt;lambda&gt;15]" time="0.2709472179412842"></testcase><testcase classname="src.pymortests.vectorarray" file="src/pymortests/vectorarray.py" line="409" name="test_axpy_one_x[compatible_vector_array_pair5-&lt;lambda&gt;16]" time="0.30977654457092285"></testcase><testcase classname="src.pymortests.vectorarray" file="src/pymortests/vectorarray.py" line="409" name="test_axpy_one_x[compatible_vector_array_pair5-&lt;lambda&gt;17]" time="0.33781909942626953"></testcase><testcase classname="src.pymortests.vectorarray" file="src/pymortests/vectorarray.py" line="409" name="test_axpy_one_x[compatible_vector_array_pair5-&lt;lambda&gt;18]" time="0.12592363357543945"></testcase><testcase classname="src.pymortests.vectorarray" file="src/pymortests/vectorarray.py" line="409" name="test_axpy_one_x[compatible_vector_array_pair5-&lt;lambda&gt;19]" time="0.2834024429321289"></testcase><testcase classname="src.pymortests.vectorarray" file="src/pymortests/vectorarray.py" line="409" name="test_axpy_one_x[compatible_vector_array_pair5-&lt;lambda&gt;20]" time="1.0026524066925049"></testcase><testcase classname="src.pymortests.vectorarray" file="src/pymortests/vectorarray.py" line="409" name="test_axpy_one_x[compatible_vector_array_pair5-&lt;lambda&gt;21]" time="0.987962007522583"></testcase><testcase classname="src.pymortests.vectorarray" file="src/pymortests/vectorarray.py" line="409" name="test_axpy_one_x[compatible_vector_array_pair5-&lt;lambda&gt;22]" time="2.7677736282348633"></testcase><testcase classname="src.pymortests.vectorarray" file="src/pymortests/vectorarray.py" line="409" name="test_axpy_one_x[compatible_vector_array_pair5-&lt;lambda&gt;23]" time="0.24752402305603027"></testcase><testcase classname="src.pymortests.vectorarray" file="src/pymortests/vectorarray.py" line="409" name="test_axpy_one_x[compatible_vector_array_pair5-&lt;lambda&gt;24]" time="0.04160952568054199"></testcase><testcase classname="src.pymortests.vectorarray" file="src/pymortests/vectorarray.py" line="409" name="test_axpy_one_x[compatible_vector_array_pair5-&lt;lambda&gt;25]" time="0.344562292098999"></testcase><testcase classname="src.pymortests.vectorarray" file="src/pymortests/vectorarray.py" line="409" name="test_axpy_one_x[compatible_vector_array_pair5-&lt;lambda&gt;26]" time="5.2376487255096436"></testcase><testcase classname="src.pymortests.vectorarray" file="src/pymortests/vectorarray.py" line="409" name="test_axpy_one_x[compatible_vector_array_pair5-&lt;lambda&gt;27]" time="9.043559074401855"></testcase><testcase classname="src.pymortests.vectorarray" file="src/pymortests/vectorarray.py" line="409" name="test_axpy_one_x[compatible_vector_array_pair5-&lt;lambda&gt;28]" time="32.531540632247925"></testcase><testcase classname="src.pymortests.vectorarray" file="src/pymortests/vectorarray.py" line="409" name="test_axpy_one_x[compatible_vector_array_pair5-&lt;lambda&gt;29]" time="0.8072407245635986"></testcase><testcase classname="src.pymortests.vectorarray" file="src/pymortests/vectorarray.py" line="409" name="test_axpy_one_x[compatible_vector_array_pair6-&lt;lambda&gt;0]" time="0.04874706268310547"></testcase><testcase classname="src.pymortests.vectorarray" file="src/pymortests/vectorarray.py" line="409" name="test_axpy_one_x[compatible_vector_array_pair6-&lt;lambda&gt;1]" time="0.1274559497833252"></testcase><testcase classname="src.pymortests.vectorarray" file="src/pymortests/vectorarray.py" line="409" name="test_axpy_one_x[compatible_vector_array_pair6-&lt;lambda&gt;2]" time="0.0967569351196289"></testcase><testcase classname="src.pymortests.vectorarray" file="src/pymortests/vectorarray.py" line="409" name="test_axpy_one_x[compatible_vector_array_pair6-&lt;lambda&gt;3]" time="0.11163806915283203"></testcase><testcase classname="src.pymortests.vectorarray" file="src/pymortests/vectorarray.py" line="409" name="test_axpy_one_x[compatible_vector_array_pair6-&lt;lambda&gt;4]" time="0.11745452880859375"></testcase><testcase classname="src.pymortests.vectorarray" file="src/pymortests/vectorarray.py" line="409" name="test_axpy_one_x[compatible_vector_array_pair6-&lt;lambda&gt;5]" time="0.0946950912475586"></testcase><testcase classname="src.pymortests.vectorarray" file="src/pymortests/vectorarray.py" line="409" name="test_axpy_one_x[compatible_vector_array_pair6-&lt;lambda&gt;6]" time="0.03693890571594238"></testcase><testcase classname="src.pymortests.vectorarray" file="src/pymortests/vectorarray.py" line="409" name="test_axpy_one_x[compatible_vector_array_pair6-&lt;lambda&gt;7]" time="0.11170482635498047"></testcase><testcase classname="src.pymortests.vectorarray" file="src/pymortests/vectorarray.py" line="409" name="test_axpy_one_x[compatible_vector_array_pair6-&lt;lambda&gt;8]" time="0.27722954750061035"></testcase><testcase classname="src.pymortests.vectorarray" file="src/pymortests/vectorarray.py" line="409" name="test_axpy_one_x[compatible_vector_array_pair6-&lt;lambda&gt;9]" time="0.5368964672088623"></testcase><testcase classname="src.pymortests.vectorarray" file="src/pymortests/vectorarray.py" line="409" name="test_axpy_one_x[compatible_vector_array_pair6-&lt;lambda&gt;10]" time="1.5022304058074951"></testcase><testcase classname="src.pymortests.vectorarray" file="src/pymortests/vectorarray.py" line="409" name="test_axpy_one_x[compatible_vector_array_pair6-&lt;lambda&gt;11]" time="0.11058402061462402"></testcase><testcase classname="src.pymortests.vectorarray" file="src/pymortests/vectorarray.py" line="409" name="test_axpy_one_x[compatible_vector_array_pair6-&lt;lambda&gt;12]" time="0.0924072265625"></testcase><testcase classname="src.pymortests.vectorarray" file="src/pymortests/vectorarray.py" line="409" name="test_axpy_one_x[compatible_vector_array_pair6-&lt;lambda&gt;13]" time="0.273723840713501"></testcase><testcase classname="src.pymortests.vectorarray" file="src/pymortests/vectorarray.py" line="409" name="test_axpy_one_x[compatible_vector_array_pair6-&lt;lambda&gt;14]" time="0.14906668663024902"></testcase><testcase classname="src.pymortests.vectorarray" file="src/pymortests/vectorarray.py" line="409" name="test_axpy_one_x[compatible_vector_array_pair6-&lt;lambda&gt;15]" time="0.2689015865325928"></testcase><testcase classname="src.pymortests.vectorarray" file="src/pymortests/vectorarray.py" line="409" name="test_axpy_one_x[compatible_vector_array_pair6-&lt;lambda&gt;16]" time="0.3038065433502197"></testcase><testcase classname="src.pymortests.vectorarray" file="src/pymortests/vectorarray.py" line="409" name="test_axpy_one_x[compatible_vector_array_pair6-&lt;lambda&gt;17]" time="0.3295094966888428"></testcase><testcase classname="src.pymortests.vectorarray" file="src/pymortests/vectorarray.py" line="409" name="test_axpy_one_x[compatible_vector_array_pair6-&lt;lambda&gt;18]" time="0.12537646293640137"></testcase><testcase classname="src.pymortests.vectorarray" file="src/pymortests/vectorarray.py" line="409" name="test_axpy_one_x[compatible_vector_array_pair6-&lt;lambda&gt;19]" time="0.28142213821411133"></testcase><testcase classname="src.pymortests.vectorarray" file="src/pymortests/vectorarray.py" line="409" name="test_axpy_one_x[compatible_vector_array_pair6-&lt;lambda&gt;20]" time="0.9698855876922607"></testcase><testcase classname="src.pymortests.vectorarray" file="src/pymortests/vectorarray.py" line="409" name="test_axpy_one_x[compatible_vector_array_pair6-&lt;lambda&gt;21]" time="0.936924934387207"></testcase><testcase classname="src.pymortests.vectorarray" file="src/pymortests/vectorarray.py" line="409" name="test_axpy_one_x[compatible_vector_array_pair6-&lt;lambda&gt;22]" time="2.676488161087036"></testcase><testcase classname="src.pymortests.vectorarray" file="src/pymortests/vectorarray.py" line="409" name="test_axpy_one_x[compatible_vector_array_pair6-&lt;lambda&gt;23]" time="0.23876643180847168"></testcase><testcase classname="src.pymortests.vectorarray" file="src/pymortests/vectorarray.py" line="409" name="test_axpy_one_x[compatible_vector_array_pair6-&lt;lambda&gt;24]" time="0.041283369064331055"></testcase><testcase classname="src.pymortests.vectorarray" file="src/pymortests/vectorarray.py" line="409" name="test_axpy_one_x[compatible_vector_array_pair6-&lt;lambda&gt;25]" time="0.3450310230255127"></testcase><testcase classname="src.pymortests.vectorarray" file="src/pymortests/vectorarray.py" line="409" name="test_axpy_one_x[compatible_vector_array_pair6-&lt;lambda&gt;26]" time="5.5758678913116455"></testcase><testcase classname="src.pymortests.vectorarray" file="src/pymortests/vectorarray.py" line="409" name="test_axpy_one_x[compatible_vector_array_pair6-&lt;lambda&gt;27]" time="9.63855791091919"></testcase><testcase classname="src.pymortests.vectorarray" file="src/pymortests/vectorarray.py" line="409" name="test_axpy_one_x[compatible_vector_array_pair6-&lt;lambda&gt;28]" time="35.94656538963318"></testcase><testcase classname="src.pymortests.vectorarray" file="src/pymortests/vectorarray.py" line="409" name="test_axpy_one_x[compatible_vector_array_pair6-&lt;lambda&gt;29]" time="0.8782789707183838"></testcase><testcase classname="src.pymortests.vectorarray" file="src/pymortests/vectorarray.py" line="409" name="test_axpy_one_x[compatible_vector_array_pair7-&lt;lambda&gt;0]" time="0.04811692237854004"></testcase><testcase classname="src.pymortests.vectorarray" file="src/pymortests/vectorarray.py" line="409" name="test_axpy_one_x[compatible_vector_array_pair7-&lt;lambda&gt;1]" time="0.12713098526000977"></testcase><testcase classname="src.pymortests.vectorarray" file="src/pymortests/vectorarray.py" line="409" name="test_axpy_one_x[compatible_vector_array_pair7-&lt;lambda&gt;2]" time="0.09807538986206055"></testcase><testcase classname="src.pymortests.vectorarray" file="src/pymortests/vectorarray.py" line="409" name="test_axpy_one_x[compatible_vector_array_pair7-&lt;lambda&gt;3]" time="0.11179065704345703"></testcase><testcase classname="src.pymortests.vectorarray" file="src/pymortests/vectorarray.py" line="409" name="test_axpy_one_x[compatible_vector_array_pair7-&lt;lambda&gt;4]" time="0.11724853515625"></testcase><testcase classname="src.pymortests.vectorarray" file="src/pymortests/vectorarray.py" line="409" name="test_axpy_one_x[compatible_vector_array_pair7-&lt;lambda&gt;5]" time="0.09457898139953613"></testcase><testcase classname="src.pymortests.vectorarray" file="src/pymortests/vectorarray.py" line="409" name="test_axpy_one_x[compatible_vector_array_pair7-&lt;lambda&gt;6]" time="0.036449432373046875"></testcase><testcase classname="src.pymortests.vectorarray" file="src/pymortests/vectorarray.py" line="409" name="test_axpy_one_x[compatible_vector_array_pair7-&lt;lambda&gt;7]" time="0.10946106910705566"></testcase><testcase classname="src.pymortests.vectorarray" file="src/pymortests/vectorarray.py" line="409" name="test_axpy_one_x[compatible_vector_array_pair7-&lt;lambda&gt;8]" time="0.26778078079223633"></testcase><testcase classname="src.pymortests.vectorarray" file="src/pymortests/vectorarray.py" line="409" name="test_axpy_one_x[compatible_vector_array_pair7-&lt;lambda&gt;9]" time="0.5336623191833496"></testcase><testcase classname="src.pymortests.vectorarray" file="src/pymortests/vectorarray.py" line="409" name="test_axpy_one_x[compatible_vector_array_pair7-&lt;lambda&gt;10]" time="1.4984164237976074"></testcase><testcase classname="src.pymortests.vectorarray" file="src/pymortests/vectorarray.py" line="409" name="test_axpy_one_x[compatible_vector_array_pair7-&lt;lambda&gt;11]" time="0.11252212524414062"></testcase><testcase classname="src.pymortests.vectorarray" file="src/pymortests/vectorarray.py" line="409" name="test_axpy_one_x[compatible_vector_array_pair7-&lt;lambda&gt;12]" time="0.0931253433227539"></testcase><testcase classname="src.pymortests.vectorarray" file="src/pymortests/vectorarray.py" line="409" name="test_axpy_one_x[compatible_vector_array_pair7-&lt;lambda&gt;13]" time="0.2754225730895996"></testcase><testcase classname="src.pymortests.vectorarray" file="src/pymortests/vectorarray.py" line="409" name="test_axpy_one_x[compatible_vector_array_pair7-&lt;lambda&gt;14]" time="0.15232348442077637"></testcase><testcase classname="src.pymortests.vectorarray" file="src/pymortests/vectorarray.py" line="409" name="test_axpy_one_x[compatible_vector_array_pair7-&lt;lambda&gt;15]" time="0.26884937286376953"></testcase><testcase classname="src.pymortests.vectorarray" file="src/pymortests/vectorarray.py" line="409" name="test_axpy_one_x[compatible_vector_array_pair7-&lt;lambda&gt;16]" time="0.3052103519439697"></testcase><testcase classname="src.pymortests.vectorarray" file="src/pymortests/vectorarray.py" line="409" name="test_axpy_one_x[compatible_vector_array_pair7-&lt;lambda&gt;17]" time="0.32941174507141113"></testcase><testcase classname="src.pymortests.vectorarray" file="src/pymortests/vectorarray.py" line="409" name="test_axpy_one_x[compatible_vector_array_pair7-&lt;lambda&gt;18]" time="0.12603330612182617"></testcase><testcase classname="src.pymortests.vectorarray" file="src/pymortests/vectorarray.py" line="409" name="test_axpy_one_x[compatible_vector_array_pair7-&lt;lambda&gt;19]" time="0.27854371070861816"></testcase><testcase classname="src.pymortests.vectorarray" file="src/pymortests/vectorarray.py" line="409" name="test_axpy_one_x[compatible_vector_array_pair7-&lt;lambda&gt;20]" time="0.9745359420776367"></testcase><testcase classname="src.pymortests.vectorarray" file="src/pymortests/vectorarray.py" line="409" name="test_axpy_one_x[compatible_vector_array_pair7-&lt;lambda&gt;21]" time="0.9459438323974609"></testcase><testcase classname="src.pymortests.vectorarray" file="src/pymortests/vectorarray.py" line="409" name="test_axpy_one_x[compatible_vector_array_pair7-&lt;lambda&gt;22]" time="2.7130391597747803"></testcase><testcase classname="src.pymortests.vectorarray" file="src/pymortests/vectorarray.py" line="409" name="test_axpy_one_x[compatible_vector_array_pair7-&lt;lambda&gt;23]" time="0.24230718612670898"></testcase><testcase classname="src.pymortests.vectorarray" file="src/pymortests/vectorarray.py" line="409" name="test_axpy_one_x[compatible_vector_array_pair7-&lt;lambda&gt;24]" time="0.04161381721496582"></testcase><testcase classname="src.pymortests.vectorarray" file="src/pymortests/vectorarray.py" line="409" name="test_axpy_one_x[compatible_vector_array_pair7-&lt;lambda&gt;25]" time="0.36624741554260254"></testcase><testcase classname="src.pymortests.vectorarray" file="src/pymortests/vectorarray.py" line="409" name="test_axpy_one_x[compatible_vector_array_pair7-&lt;lambda&gt;26]" time="6.169896125793457"></testcase><testcase classname="src.pymortests.vectorarray" file="src/pymortests/vectorarray.py" line="409" name="test_axpy_one_x[compatible_vector_array_pair7-&lt;lambda&gt;27]" time="11.26289415359497"></testcase><testcase classname="src.pymortests.vectorarray" file="src/pymortests/vectorarray.py" line="409" name="test_axpy_one_x[compatible_vector_array_pair7-&lt;lambda&gt;28]" time="39.93757486343384"><system-err>no more timer available, reusing last one
</system-err></testcase><testcase classname="src.pymortests.vectorarray" file="src/pymortests/vectorarray.py" line="409" name="test_axpy_one_x[compatible_vector_array_pair7-&lt;lambda&gt;29]" time="0.9024338722229004"></testcase><testcase classname="src.pymortests.vectorarray" file="src/pymortests/vectorarray.py" line="409" name="test_axpy_one_x[compatible_vector_array_pair8-&lt;lambda&gt;0]" time="0.04949593544006348"></testcase><testcase classname="src.pymortests.vectorarray" file="src/pymortests/vectorarray.py" line="409" name="test_axpy_one_x[compatible_vector_array_pair8-&lt;lambda&gt;1]" time="0.12775516510009766"></testcase><testcase classname="src.pymortests.vectorarray" file="src/pymortests/vectorarray.py" line="409" name="test_axpy_one_x[compatible_vector_array_pair8-&lt;lambda&gt;2]" time="0.09751081466674805"></testcase><testcase classname="src.pymortests.vectorarray" file="src/pymortests/vectorarray.py" line="409" name="test_axpy_one_x[compatible_vector_array_pair8-&lt;lambda&gt;3]" time="0.11189389228820801"></testcase><testcase classname="src.pymortests.vectorarray" file="src/pymortests/vectorarray.py" line="409" name="test_axpy_one_x[compatible_vector_array_pair8-&lt;lambda&gt;4]" time="0.1189277172088623"></testcase><testcase classname="src.pymortests.vectorarray" file="src/pymortests/vectorarray.py" line="409" name="test_axpy_one_x[compatible_vector_array_pair8-&lt;lambda&gt;5]" time="0.09542655944824219"></testcase><testcase classname="src.pymortests.vectorarray" file="src/pymortests/vectorarray.py" line="409" name="test_axpy_one_x[compatible_vector_array_pair8-&lt;lambda&gt;6]" time="0.036766767501831055"></testcase><testcase classname="src.pymortests.vectorarray" file="src/pymortests/vectorarray.py" line="409" name="test_axpy_one_x[compatible_vector_array_pair8-&lt;lambda&gt;7]" time="0.11080098152160645"></testcase><testcase classname="src.pymortests.vectorarray" file="src/pymortests/vectorarray.py" line="409" name="test_axpy_one_x[compatible_vector_array_pair8-&lt;lambda&gt;8]" time="0.27385783195495605"></testcase><testcase classname="src.pymortests.vectorarray" file="src/pymortests/vectorarray.py" line="409" name="test_axpy_one_x[compatible_vector_array_pair8-&lt;lambda&gt;9]" time="0.5291059017181396"></testcase><testcase classname="src.pymortests.vectorarray" file="src/pymortests/vectorarray.py" line="409" name="test_axpy_one_x[compatible_vector_array_pair8-&lt;lambda&gt;10]" time="1.4961516857147217"></testcase><testcase classname="src.pymortests.vectorarray" file="src/pymortests/vectorarray.py" line="409" name="test_axpy_one_x[compatible_vector_array_pair8-&lt;lambda&gt;11]" time="0.1132819652557373"></testcase><testcase classname="src.pymortests.vectorarray" file="src/pymortests/vectorarray.py" line="409" name="test_axpy_one_x[compatible_vector_array_pair8-&lt;lambda&gt;12]" time="0.09331250190734863"></testcase><testcase classname="src.pymortests.vectorarray" file="src/pymortests/vectorarray.py" line="409" name="test_axpy_one_x[compatible_vector_array_pair8-&lt;lambda&gt;13]" time="0.2727940082550049"></testcase><testcase classname="src.pymortests.vectorarray" file="src/pymortests/vectorarray.py" line="409" name="test_axpy_one_x[compatible_vector_array_pair8-&lt;lambda&gt;14]" time="0.1503429412841797"></testcase><testcase classname="src.pymortests.vectorarray" file="src/pymortests/vectorarray.py" line="409" name="test_axpy_one_x[compatible_vector_array_pair8-&lt;lambda&gt;15]" time="0.26715588569641113"></testcase><testcase classname="src.pymortests.vectorarray" file="src/pymortests/vectorarray.py" line="409" name="test_axpy_one_x[compatible_vector_array_pair8-&lt;lambda&gt;16]" time="0.3030695915222168"></testcase><testcase classname="src.pymortests.vectorarray" file="src/pymortests/vectorarray.py" line="409" name="test_axpy_one_x[compatible_vector_array_pair8-&lt;lambda&gt;17]" time="0.3298828601837158"></testcase><testcase classname="src.pymortests.vectorarray" file="src/pymortests/vectorarray.py" line="409" name="test_axpy_one_x[compatible_vector_array_pair8-&lt;lambda&gt;18]" time="0.1265850067138672"></testcase><testcase classname="src.pymortests.vectorarray" file="src/pymortests/vectorarray.py" line="409" name="test_axpy_one_x[compatible_vector_array_pair8-&lt;lambda&gt;19]" time="0.2825431823730469"></testcase><testcase classname="src.pymortests.vectorarray" file="src/pymortests/vectorarray.py" line="409" name="test_axpy_one_x[compatible_vector_array_pair8-&lt;lambda&gt;20]" time="1.0025560855865479"></testcase><testcase classname="src.pymortests.vectorarray" file="src/pymortests/vectorarray.py" line="409" name="test_axpy_one_x[compatible_vector_array_pair8-&lt;lambda&gt;21]" time="0.9599199295043945"></testcase><testcase classname="src.pymortests.vectorarray" file="src/pymortests/vectorarray.py" line="409" name="test_axpy_one_x[compatible_vector_array_pair8-&lt;lambda&gt;22]" time="2.711139440536499"></testcase><testcase classname="src.pymortests.vectorarray" file="src/pymortests/vectorarray.py" line="409" name="test_axpy_one_x[compatible_vector_array_pair8-&lt;lambda&gt;23]" time="0.23737788200378418"></testcase><testcase classname="src.pymortests.vectorarray" file="src/pymortests/vectorarray.py" line="409" name="test_axpy_one_x[compatible_vector_array_pair8-&lt;lambda&gt;24]" time="0.04188251495361328"></testcase><testcase classname="src.pymortests.vectorarray" file="src/pymortests/vectorarray.py" line="409" name="test_axpy_one_x[compatible_vector_array_pair8-&lt;lambda&gt;25]" time="0.3822901248931885"></testcase><testcase classname="src.pymortests.vectorarray" file="src/pymortests/vectorarray.py" line="409" name="test_axpy_one_x[compatible_vector_array_pair8-&lt;lambda&gt;26]" time="6.498054504394531"></testcase><testcase classname="src.pymortests.vectorarray" file="src/pymortests/vectorarray.py" line="409" name="test_axpy_one_x[compatible_vector_array_pair8-&lt;lambda&gt;27]" time="10.880852460861206"></testcase><testcase classname="src.pymortests.vectorarray" file="src/pymortests/vectorarray.py" line="409" name="test_axpy_one_x[compatible_vector_array_pair8-&lt;lambda&gt;28]" time="39.45406699180603"></testcase><testcase classname="src.pymortests.vectorarray" file="src/pymortests/vectorarray.py" line="409" name="test_axpy_one_x[compatible_vector_array_pair8-&lt;lambda&gt;29]" time="0.9176006317138672"></testcase><testcase classname="src.pymortests.vectorarray" file="src/pymortests/vectorarray.py" line="457" name="test_axpy_self[0-&lt;lambda&gt;0]" time="0.018344402313232422"></testcase><testcase classname="src.pymortests.vectorarray" file="src/pymortests/vectorarray.py" line="457" name="test_axpy_self[0-&lt;lambda&gt;1]" time="0.019154071807861328"></testcase><testcase classname="src.pymortests.vectorarray" file="src/pymortests/vectorarray.py" line="457" name="test_axpy_self[0-&lt;lambda&gt;2]" time="0.036036014556884766"></testcase><testcase classname="src.pymortests.vectorarray" file="src/pymortests/vectorarray.py" line="457" name="test_axpy_self[0-&lt;lambda&gt;3]" time="0.03860664367675781"></testcase><testcase classname="src.pymortests.vectorarray" file="src/pymortests/vectorarray.py" line="457" name="test_axpy_self[0-&lt;lambda&gt;4]" time="0.03842282295227051"></testcase><testcase classname="src.pymortests.vectorarray" file="src/pymortests/vectorarray.py" line="457" name="test_axpy_self[0-&lt;lambda&gt;5]" time="0.015009164810180664"></testcase><testcase classname="src.pymortests.vectorarray" file="src/pymortests/vectorarray.py" line="457" name="test_axpy_self[0-&lt;lambda&gt;6]" time="0.015212774276733398"></testcase><testcase classname="src.pymortests.vectorarray" file="src/pymortests/vectorarray.py" line="457" name="test_axpy_self[0-&lt;lambda&gt;7]" time="0.03717398643493652"></testcase><testcase classname="src.pymortests.vectorarray" file="src/pymortests/vectorarray.py" line="457" name="test_axpy_self[0-&lt;lambda&gt;8]" time="0.21529698371887207"></testcase><testcase classname="src.pymortests.vectorarray" file="src/pymortests/vectorarray.py" line="457" name="test_axpy_self[0-&lt;lambda&gt;9]" time="0.4334535598754883"></testcase><testcase classname="src.pymortests.vectorarray" file="src/pymortests/vectorarray.py" line="457" name="test_axpy_self[0-&lt;lambda&gt;10]" time="0.03465104103088379"></testcase><testcase classname="src.pymortests.vectorarray" file="src/pymortests/vectorarray.py" line="457" name="test_axpy_self[0-&lt;lambda&gt;11]" time="0.07106232643127441"></testcase><testcase classname="src.pymortests.vectorarray" file="src/pymortests/vectorarray.py" line="457" name="test_axpy_self[0-&lt;lambda&gt;12]" time="0.06932330131530762"></testcase><testcase classname="src.pymortests.vectorarray" file="src/pymortests/vectorarray.py" line="457" name="test_axpy_self[0-&lt;lambda&gt;13]" time="0.05811738967895508"></testcase><testcase classname="src.pymortests.vectorarray" file="src/pymortests/vectorarray.py" line="457" name="test_axpy_self[0-&lt;lambda&gt;14]" time="0.07263803482055664"></testcase><testcase classname="src.pymortests.vectorarray" file="src/pymortests/vectorarray.py" line="457" name="test_axpy_self[0-&lt;lambda&gt;15]" time="0.10933232307434082"></testcase><testcase classname="src.pymortests.vectorarray" file="src/pymortests/vectorarray.py" line="457" name="test_axpy_self[0-&lt;lambda&gt;16]" time="0.1170964241027832"></testcase><testcase classname="src.pymortests.vectorarray" file="src/pymortests/vectorarray.py" line="457" name="test_axpy_self[0-&lt;lambda&gt;17]" time="0.04718375205993652"></testcase><testcase classname="src.pymortests.vectorarray" file="src/pymortests/vectorarray.py" line="457" name="test_axpy_self[0-&lt;lambda&gt;18]" time="0.05037736892700195"></testcase><testcase classname="src.pymortests.vectorarray" file="src/pymortests/vectorarray.py" line="457" name="test_axpy_self[0-&lt;lambda&gt;19]" time="0.15323996543884277"></testcase><testcase classname="src.pymortests.vectorarray" file="src/pymortests/vectorarray.py" line="457" name="test_axpy_self[0-&lt;lambda&gt;20]" time="0.4063115119934082"></testcase><testcase classname="src.pymortests.vectorarray" file="src/pymortests/vectorarray.py" line="457" name="test_axpy_self[0-&lt;lambda&gt;21]" time="0.9034202098846436"></testcase><testcase classname="src.pymortests.vectorarray" file="src/pymortests/vectorarray.py" line="457" name="test_axpy_self[0-&lt;lambda&gt;22]" time="0.016550540924072266"></testcase><testcase classname="src.pymortests.vectorarray" file="src/pymortests/vectorarray.py" line="457" name="test_axpy_self[0-&lt;lambda&gt;23]" time="0.016788959503173828"></testcase><testcase classname="src.pymortests.vectorarray" file="src/pymortests/vectorarray.py" line="457" name="test_axpy_self[0-&lt;lambda&gt;24]" time="0.17751836776733398"></testcase><testcase classname="src.pymortests.vectorarray" file="src/pymortests/vectorarray.py" line="457" name="test_axpy_self[0-&lt;lambda&gt;25]" time="4.680114507675171"></testcase><testcase classname="src.pymortests.vectorarray" file="src/pymortests/vectorarray.py" line="457" name="test_axpy_self[0-&lt;lambda&gt;26]" time="10.940341711044312"></testcase><testcase classname="src.pymortests.vectorarray" file="src/pymortests/vectorarray.py" line="457" name="test_axpy_self[1-&lt;lambda&gt;0]" time="0.018395185470581055"></testcase><testcase classname="src.pymortests.vectorarray" file="src/pymortests/vectorarray.py" line="457" name="test_axpy_self[1-&lt;lambda&gt;1]" time="0.018962621688842773"></testcase><testcase classname="src.pymortests.vectorarray" file="src/pymortests/vectorarray.py" line="457" name="test_axpy_self[1-&lt;lambda&gt;2]" time="0.036039113998413086"></testcase><testcase classname="src.pymortests.vectorarray" file="src/pymortests/vectorarray.py" line="457" name="test_axpy_self[1-&lt;lambda&gt;3]" time="0.03826737403869629"></testcase><testcase classname="src.pymortests.vectorarray" file="src/pymortests/vectorarray.py" line="457" name="test_axpy_self[1-&lt;lambda&gt;4]" time="0.03823709487915039"></testcase><testcase classname="src.pymortests.vectorarray" file="src/pymortests/vectorarray.py" line="457" name="test_axpy_self[1-&lt;lambda&gt;5]" time="0.015024423599243164"></testcase><testcase classname="src.pymortests.vectorarray" file="src/pymortests/vectorarray.py" line="457" name="test_axpy_self[1-&lt;lambda&gt;6]" time="0.015180349349975586"></testcase><testcase classname="src.pymortests.vectorarray" file="src/pymortests/vectorarray.py" line="457" name="test_axpy_self[1-&lt;lambda&gt;7]" time="0.036956071853637695"></testcase><testcase classname="src.pymortests.vectorarray" file="src/pymortests/vectorarray.py" line="457" name="test_axpy_self[1-&lt;lambda&gt;8]" time="0.21453619003295898"></testcase><testcase classname="src.pymortests.vectorarray" file="src/pymortests/vectorarray.py" line="457" name="test_axpy_self[1-&lt;lambda&gt;9]" time="0.4192032814025879"></testcase><testcase classname="src.pymortests.vectorarray" file="src/pymortests/vectorarray.py" line="457" name="test_axpy_self[1-&lt;lambda&gt;10]" time="0.032713890075683594"></testcase><testcase classname="src.pymortests.vectorarray" file="src/pymortests/vectorarray.py" line="457" name="test_axpy_self[1-&lt;lambda&gt;11]" time="0.06430673599243164"></testcase><testcase classname="src.pymortests.vectorarray" file="src/pymortests/vectorarray.py" line="457" name="test_axpy_self[1-&lt;lambda&gt;12]" time="0.06711411476135254"></testcase><testcase classname="src.pymortests.vectorarray" file="src/pymortests/vectorarray.py" line="457" name="test_axpy_self[1-&lt;lambda&gt;13]" time="0.053092002868652344"></testcase><testcase classname="src.pymortests.vectorarray" file="src/pymortests/vectorarray.py" line="457" name="test_axpy_self[1-&lt;lambda&gt;14]" time="0.06929278373718262"></testcase><testcase classname="src.pymortests.vectorarray" file="src/pymortests/vectorarray.py" line="457" name="test_axpy_self[1-&lt;lambda&gt;15]" time="0.09872889518737793"></testcase><testcase classname="src.pymortests.vectorarray" file="src/pymortests/vectorarray.py" line="457" name="test_axpy_self[1-&lt;lambda&gt;16]" time="0.1093149185180664"></testcase><testcase classname="src.pymortests.vectorarray" file="src/pymortests/vectorarray.py" line="457" name="test_axpy_self[1-&lt;lambda&gt;17]" time="0.04517817497253418"></testcase><testcase classname="src.pymortests.vectorarray" file="src/pymortests/vectorarray.py" line="457" name="test_axpy_self[1-&lt;lambda&gt;18]" time="0.04525351524353027"></testcase><testcase classname="src.pymortests.vectorarray" file="src/pymortests/vectorarray.py" line="457" name="test_axpy_self[1-&lt;lambda&gt;19]" time="0.1390693187713623"></testcase><testcase classname="src.pymortests.vectorarray" file="src/pymortests/vectorarray.py" line="457" name="test_axpy_self[1-&lt;lambda&gt;20]" time="0.39844274520874023"></testcase><testcase classname="src.pymortests.vectorarray" file="src/pymortests/vectorarray.py" line="457" name="test_axpy_self[1-&lt;lambda&gt;21]" time="0.9076199531555176"></testcase><testcase classname="src.pymortests.vectorarray" file="src/pymortests/vectorarray.py" line="457" name="test_axpy_self[1-&lt;lambda&gt;22]" time="0.01677870750427246"></testcase><testcase classname="src.pymortests.vectorarray" file="src/pymortests/vectorarray.py" line="457" name="test_axpy_self[1-&lt;lambda&gt;23]" time="0.016582250595092773"></testcase><testcase classname="src.pymortests.vectorarray" file="src/pymortests/vectorarray.py" line="457" name="test_axpy_self[1-&lt;lambda&gt;24]" time="0.17389965057373047"></testcase><testcase classname="src.pymortests.vectorarray" file="src/pymortests/vectorarray.py" line="457" name="test_axpy_self[1-&lt;lambda&gt;25]" time="4.679772853851318"></testcase><testcase classname="src.pymortests.vectorarray" file="src/pymortests/vectorarray.py" line="457" name="test_axpy_self[1-&lt;lambda&gt;26]" time="10.75249457359314"></testcase><testcase classname="src.pymortests.vectorarray" file="src/pymortests/vectorarray.py" line="457" name="test_axpy_self[2-&lt;lambda&gt;0]" time="0.018253326416015625"></testcase><testcase classname="src.pymortests.vectorarray" file="src/pymortests/vectorarray.py" line="457" name="test_axpy_self[2-&lt;lambda&gt;1]" time="0.019060134887695312"></testcase><testcase classname="src.pymortests.vectorarray" file="src/pymortests/vectorarray.py" line="457" name="test_axpy_self[2-&lt;lambda&gt;2]" time="0.03583955764770508"></testcase><testcase classname="src.pymortests.vectorarray" file="src/pymortests/vectorarray.py" line="457" name="test_axpy_self[2-&lt;lambda&gt;3]" time="0.03832101821899414"></testcase><testcase classname="src.pymortests.vectorarray" file="src/pymortests/vectorarray.py" line="457" name="test_axpy_self[2-&lt;lambda&gt;4]" time="0.03876829147338867"></testcase><testcase classname="src.pymortests.vectorarray" file="src/pymortests/vectorarray.py" line="457" name="test_axpy_self[2-&lt;lambda&gt;5]" time="0.01549530029296875"></testcase><testcase classname="src.pymortests.vectorarray" file="src/pymortests/vectorarray.py" line="457" name="test_axpy_self[2-&lt;lambda&gt;6]" time="0.015035629272460938"></testcase><testcase classname="src.pymortests.vectorarray" file="src/pymortests/vectorarray.py" line="457" name="test_axpy_self[2-&lt;lambda&gt;7]" time="0.036867618560791016"></testcase><testcase classname="src.pymortests.vectorarray" file="src/pymortests/vectorarray.py" line="457" name="test_axpy_self[2-&lt;lambda&gt;8]" time="0.22259283065795898"></testcase><testcase classname="src.pymortests.vectorarray" file="src/pymortests/vectorarray.py" line="457" name="test_axpy_self[2-&lt;lambda&gt;9]" time="0.42774200439453125"></testcase><testcase classname="src.pymortests.vectorarray" file="src/pymortests/vectorarray.py" line="457" name="test_axpy_self[2-&lt;lambda&gt;10]" time="0.033190250396728516"></testcase><testcase classname="src.pymortests.vectorarray" file="src/pymortests/vectorarray.py" line="457" name="test_axpy_self[2-&lt;lambda&gt;11]" time="0.06717395782470703"></testcase><testcase classname="src.pymortests.vectorarray" file="src/pymortests/vectorarray.py" line="457" name="test_axpy_self[2-&lt;lambda&gt;12]" time="0.06915450096130371"></testcase><testcase classname="src.pymortests.vectorarray" file="src/pymortests/vectorarray.py" line="457" name="test_axpy_self[2-&lt;lambda&gt;13]" time="0.05463600158691406"></testcase><testcase classname="src.pymortests.vectorarray" file="src/pymortests/vectorarray.py" line="457" name="test_axpy_self[2-&lt;lambda&gt;14]" time="0.07170748710632324"></testcase><testcase classname="src.pymortests.vectorarray" file="src/pymortests/vectorarray.py" line="457" name="test_axpy_self[2-&lt;lambda&gt;15]" time="0.10138654708862305"></testcase><testcase classname="src.pymortests.vectorarray" file="src/pymortests/vectorarray.py" line="457" name="test_axpy_self[2-&lt;lambda&gt;16]" time="0.11139297485351562"></testcase><testcase classname="src.pymortests.vectorarray" file="src/pymortests/vectorarray.py" line="457" name="test_axpy_self[2-&lt;lambda&gt;17]" time="0.04598355293273926"></testcase><testcase classname="src.pymortests.vectorarray" file="src/pymortests/vectorarray.py" line="457" name="test_axpy_self[2-&lt;lambda&gt;18]" time="0.04776310920715332"></testcase><testcase classname="src.pymortests.vectorarray" file="src/pymortests/vectorarray.py" line="457" name="test_axpy_self[2-&lt;lambda&gt;19]" time="0.1407170295715332"></testcase><testcase classname="src.pymortests.vectorarray" file="src/pymortests/vectorarray.py" line="457" name="test_axpy_self[2-&lt;lambda&gt;20]" time="0.4063842296600342"></testcase><testcase classname="src.pymortests.vectorarray" file="src/pymortests/vectorarray.py" line="457" name="test_axpy_self[2-&lt;lambda&gt;21]" time="0.8932461738586426"></testcase><testcase classname="src.pymortests.vectorarray" file="src/pymortests/vectorarray.py" line="457" name="test_axpy_self[2-&lt;lambda&gt;22]" time="0.01634359359741211"></testcase><testcase classname="src.pymortests.vectorarray" file="src/pymortests/vectorarray.py" line="457" name="test_axpy_self[2-&lt;lambda&gt;23]" time="0.017749547958374023"></testcase><testcase classname="src.pymortests.vectorarray" file="src/pymortests/vectorarray.py" line="457" name="test_axpy_self[2-&lt;lambda&gt;24]" time="0.18648481369018555"></testcase><testcase classname="src.pymortests.vectorarray" file="src/pymortests/vectorarray.py" line="457" name="test_axpy_self[2-&lt;lambda&gt;25]" time="4.687419891357422"></testcase><testcase classname="src.pymortests.vectorarray" file="src/pymortests/vectorarray.py" line="457" name="test_axpy_self[2-&lt;lambda&gt;26]" time="10.852500677108765"></testcase><testcase classname="src.pymortests.vectorarray" file="src/pymortests/vectorarray.py" line="513" name="test_pairwise_dot[compatible_vector_array_pair0-&lt;lambda&gt;0]" time="0.004135608673095703"></testcase><testcase classname="src.pymortests.vectorarray" file="src/pymortests/vectorarray.py" line="513" name="test_pairwise_dot[compatible_vector_array_pair0-&lt;lambda&gt;1]" time="0.0016210079193115234"></testcase><testcase classname="src.pymortests.vectorarray" file="src/pymortests/vectorarray.py" line="513" name="test_pairwise_dot[compatible_vector_array_pair0-&lt;lambda&gt;2]" time="0.004058122634887695"></testcase><testcase classname="src.pymortests.vectorarray" file="src/pymortests/vectorarray.py" line="513" name="test_pairwise_dot[compatible_vector_array_pair0-&lt;lambda&gt;3]" time="0.004215240478515625"></testcase><testcase classname="src.pymortests.vectorarray" file="src/pymortests/vectorarray.py" line="513" name="test_pairwise_dot[compatible_vector_array_pair0-&lt;lambda&gt;4]" time="0.005973339080810547"></testcase><testcase classname="src.pymortests.vectorarray" file="src/pymortests/vectorarray.py" line="513" name="test_pairwise_dot[compatible_vector_array_pair0-&lt;lambda&gt;5]" time="0.0048983097076416016"></testcase><testcase classname="src.pymortests.vectorarray" file="src/pymortests/vectorarray.py" line="513" name="test_pairwise_dot[compatible_vector_array_pair0-&lt;lambda&gt;6]" time="0.002335786819458008"></testcase><testcase classname="src.pymortests.vectorarray" file="src/pymortests/vectorarray.py" line="513" name="test_pairwise_dot[compatible_vector_array_pair0-&lt;lambda&gt;7]" time="0.0014848709106445312"></testcase><testcase classname="src.pymortests.vectorarray" file="src/pymortests/vectorarray.py" line="513" name="test_pairwise_dot[compatible_vector_array_pair0-&lt;lambda&gt;8]" time="0.005603313446044922"></testcase><testcase classname="src.pymortests.vectorarray" file="src/pymortests/vectorarray.py" line="513" name="test_pairwise_dot[compatible_vector_array_pair0-&lt;lambda&gt;9]" time="0.006970643997192383"></testcase><testcase classname="src.pymortests.vectorarray" file="src/pymortests/vectorarray.py" line="513" name="test_pairwise_dot[compatible_vector_array_pair0-&lt;lambda&gt;10]" time="0.021669864654541016"></testcase><testcase classname="src.pymortests.vectorarray" file="src/pymortests/vectorarray.py" line="513" name="test_pairwise_dot[compatible_vector_array_pair0-&lt;lambda&gt;11]" time="0.006642818450927734"></testcase><testcase classname="src.pymortests.vectorarray" file="src/pymortests/vectorarray.py" line="513" name="test_pairwise_dot[compatible_vector_array_pair0-&lt;lambda&gt;12]" time="0.004553079605102539"></testcase><testcase classname="src.pymortests.vectorarray" file="src/pymortests/vectorarray.py" line="513" name="test_pairwise_dot[compatible_vector_array_pair0-&lt;lambda&gt;13]" time="0.0021698474884033203"></testcase><testcase classname="src.pymortests.vectorarray" file="src/pymortests/vectorarray.py" line="513" name="test_pairwise_dot[compatible_vector_array_pair0-&lt;lambda&gt;14]" time="0.004960536956787109"></testcase><testcase classname="src.pymortests.vectorarray" file="src/pymortests/vectorarray.py" line="513" name="test_pairwise_dot[compatible_vector_array_pair0-&lt;lambda&gt;15]" time="0.008135318756103516"></testcase><testcase classname="src.pymortests.vectorarray" file="src/pymortests/vectorarray.py" line="513" name="test_pairwise_dot[compatible_vector_array_pair0-&lt;lambda&gt;16]" time="0.009577751159667969"></testcase><testcase classname="src.pymortests.vectorarray" file="src/pymortests/vectorarray.py" line="513" name="test_pairwise_dot[compatible_vector_array_pair0-&lt;lambda&gt;17]" time="0.014610528945922852"></testcase><testcase classname="src.pymortests.vectorarray" file="src/pymortests/vectorarray.py" line="513" name="test_pairwise_dot[compatible_vector_array_pair0-&lt;lambda&gt;18]" time="0.007664203643798828"></testcase><testcase classname="src.pymortests.vectorarray" file="src/pymortests/vectorarray.py" line="513" name="test_pairwise_dot[compatible_vector_array_pair0-&lt;lambda&gt;19]" time="0.0024194717407226562"></testcase><testcase classname="src.pymortests.vectorarray" file="src/pymortests/vectorarray.py" line="513" name="test_pairwise_dot[compatible_vector_array_pair0-&lt;lambda&gt;20]" time="0.04842543601989746"></testcase><testcase classname="src.pymortests.vectorarray" file="src/pymortests/vectorarray.py" line="513" name="test_pairwise_dot[compatible_vector_array_pair0-&lt;lambda&gt;21]" time="0.021297454833984375"></testcase><testcase classname="src.pymortests.vectorarray" file="src/pymortests/vectorarray.py" line="513" name="test_pairwise_dot[compatible_vector_array_pair0-&lt;lambda&gt;22]" time="0.07266640663146973"></testcase><testcase classname="src.pymortests.vectorarray" file="src/pymortests/vectorarray.py" line="513" name="test_pairwise_dot[compatible_vector_array_pair0-&lt;lambda&gt;23]" time="0.009012699127197266"></testcase><testcase classname="src.pymortests.vectorarray" file="src/pymortests/vectorarray.py" line="513" name="test_pairwise_dot[compatible_vector_array_pair0-&lt;lambda&gt;24]" time="0.0036306381225585938"></testcase><testcase classname="src.pymortests.vectorarray" file="src/pymortests/vectorarray.py" line="513" name="test_pairwise_dot[compatible_vector_array_pair0-&lt;lambda&gt;25]" time="0.0024900436401367188"></testcase><testcase classname="src.pymortests.vectorarray" file="src/pymortests/vectorarray.py" line="513" name="test_pairwise_dot[compatible_vector_array_pair0-&lt;lambda&gt;26]" time="0.02870321273803711"></testcase><testcase classname="src.pymortests.vectorarray" file="src/pymortests/vectorarray.py" line="513" name="test_pairwise_dot[compatible_vector_array_pair0-&lt;lambda&gt;27]" time="0.03778696060180664"></testcase><testcase classname="src.pymortests.vectorarray" file="src/pymortests/vectorarray.py" line="513" name="test_pairwise_dot[compatible_vector_array_pair0-&lt;lambda&gt;28]" time="0.1324901580810547"></testcase><testcase classname="src.pymortests.vectorarray" file="src/pymortests/vectorarray.py" line="513" name="test_pairwise_dot[compatible_vector_array_pair0-&lt;lambda&gt;29]" time="0.009679317474365234"></testcase><testcase classname="src.pymortests.vectorarray" file="src/pymortests/vectorarray.py" line="513" name="test_pairwise_dot[compatible_vector_array_pair1-&lt;lambda&gt;0]" time="0.0037550926208496094"></testcase><testcase classname="src.pymortests.vectorarray" file="src/pymortests/vectorarray.py" line="513" name="test_pairwise_dot[compatible_vector_array_pair1-&lt;lambda&gt;1]" time="0.0015649795532226562"></testcase><testcase classname="src.pymortests.vectorarray" file="src/pymortests/vectorarray.py" line="513" name="test_pairwise_dot[compatible_vector_array_pair1-&lt;lambda&gt;2]" time="0.0040738582611083984"></testcase><testcase classname="src.pymortests.vectorarray" file="src/pymortests/vectorarray.py" line="513" name="test_pairwise_dot[compatible_vector_array_pair1-&lt;lambda&gt;3]" time="0.004691600799560547"></testcase><testcase classname="src.pymortests.vectorarray" file="src/pymortests/vectorarray.py" line="513" name="test_pairwise_dot[compatible_vector_array_pair1-&lt;lambda&gt;4]" time="0.0069959163665771484"></testcase><testcase classname="src.pymortests.vectorarray" file="src/pymortests/vectorarray.py" line="513" name="test_pairwise_dot[compatible_vector_array_pair1-&lt;lambda&gt;5]" time="0.005173444747924805"></testcase><testcase classname="src.pymortests.vectorarray" file="src/pymortests/vectorarray.py" line="513" name="test_pairwise_dot[compatible_vector_array_pair1-&lt;lambda&gt;6]" time="0.0026979446411132812"></testcase><testcase classname="src.pymortests.vectorarray" file="src/pymortests/vectorarray.py" line="513" name="test_pairwise_dot[compatible_vector_array_pair1-&lt;lambda&gt;7]" time="0.0016028881072998047"></testcase><testcase classname="src.pymortests.vectorarray" file="src/pymortests/vectorarray.py" line="513" name="test_pairwise_dot[compatible_vector_array_pair1-&lt;lambda&gt;8]" time="0.005655527114868164"></testcase><testcase classname="src.pymortests.vectorarray" file="src/pymortests/vectorarray.py" line="513" name="test_pairwise_dot[compatible_vector_array_pair1-&lt;lambda&gt;9]" time="0.0069348812103271484"></testcase><testcase classname="src.pymortests.vectorarray" file="src/pymortests/vectorarray.py" line="513" name="test_pairwise_dot[compatible_vector_array_pair1-&lt;lambda&gt;10]" time="0.0237729549407959"></testcase><testcase classname="src.pymortests.vectorarray" file="src/pymortests/vectorarray.py" line="513" name="test_pairwise_dot[compatible_vector_array_pair1-&lt;lambda&gt;11]" time="0.00610041618347168"></testcase><testcase classname="src.pymortests.vectorarray" file="src/pymortests/vectorarray.py" line="513" name="test_pairwise_dot[compatible_vector_array_pair1-&lt;lambda&gt;12]" time="0.004385709762573242"></testcase><testcase classname="src.pymortests.vectorarray" file="src/pymortests/vectorarray.py" line="513" name="test_pairwise_dot[compatible_vector_array_pair1-&lt;lambda&gt;13]" time="0.002200603485107422"></testcase><testcase classname="src.pymortests.vectorarray" file="src/pymortests/vectorarray.py" line="513" name="test_pairwise_dot[compatible_vector_array_pair1-&lt;lambda&gt;14]" time="0.0050623416900634766"></testcase><testcase classname="src.pymortests.vectorarray" file="src/pymortests/vectorarray.py" line="513" name="test_pairwise_dot[compatible_vector_array_pair1-&lt;lambda&gt;15]" time="0.008145809173583984"></testcase><testcase classname="src.pymortests.vectorarray" file="src/pymortests/vectorarray.py" line="513" name="test_pairwise_dot[compatible_vector_array_pair1-&lt;lambda&gt;16]" time="0.009116411209106445"></testcase><testcase classname="src.pymortests.vectorarray" file="src/pymortests/vectorarray.py" line="513" name="test_pairwise_dot[compatible_vector_array_pair1-&lt;lambda&gt;17]" time="0.014731884002685547"></testcase><testcase classname="src.pymortests.vectorarray" file="src/pymortests/vectorarray.py" line="513" name="test_pairwise_dot[compatible_vector_array_pair1-&lt;lambda&gt;18]" time="0.007552623748779297"></testcase><testcase classname="src.pymortests.vectorarray" file="src/pymortests/vectorarray.py" line="513" name="test_pairwise_dot[compatible_vector_array_pair1-&lt;lambda&gt;19]" time="0.002440214157104492"></testcase><testcase classname="src.pymortests.vectorarray" file="src/pymortests/vectorarray.py" line="513" name="test_pairwise_dot[compatible_vector_array_pair1-&lt;lambda&gt;20]" time="0.04781174659729004"></testcase><testcase classname="src.pymortests.vectorarray" file="src/pymortests/vectorarray.py" line="513" name="test_pairwise_dot[compatible_vector_array_pair1-&lt;lambda&gt;21]" time="0.023366451263427734"></testcase><testcase classname="src.pymortests.vectorarray" file="src/pymortests/vectorarray.py" line="513" name="test_pairwise_dot[compatible_vector_array_pair1-&lt;lambda&gt;22]" time="0.07693266868591309"></testcase><testcase classname="src.pymortests.vectorarray" file="src/pymortests/vectorarray.py" line="513" name="test_pairwise_dot[compatible_vector_array_pair1-&lt;lambda&gt;23]" time="0.012181997299194336"></testcase><testcase classname="src.pymortests.vectorarray" file="src/pymortests/vectorarray.py" line="513" name="test_pairwise_dot[compatible_vector_array_pair1-&lt;lambda&gt;24]" time="0.005100250244140625"></testcase><testcase classname="src.pymortests.vectorarray" file="src/pymortests/vectorarray.py" line="513" name="test_pairwise_dot[compatible_vector_array_pair1-&lt;lambda&gt;25]" time="0.004366397857666016"></testcase><testcase classname="src.pymortests.vectorarray" file="src/pymortests/vectorarray.py" line="513" name="test_pairwise_dot[compatible_vector_array_pair1-&lt;lambda&gt;26]" time="0.05347442626953125"></testcase><testcase classname="src.pymortests.vectorarray" file="src/pymortests/vectorarray.py" line="513" name="test_pairwise_dot[compatible_vector_array_pair1-&lt;lambda&gt;27]" time="0.04760932922363281"></testcase><testcase classname="src.pymortests.vectorarray" file="src/pymortests/vectorarray.py" line="513" name="test_pairwise_dot[compatible_vector_array_pair1-&lt;lambda&gt;28]" time="0.2024238109588623"></testcase><testcase classname="src.pymortests.vectorarray" file="src/pymortests/vectorarray.py" line="513" name="test_pairwise_dot[compatible_vector_array_pair1-&lt;lambda&gt;29]" time="0.010991573333740234"></testcase><testcase classname="src.pymortests.vectorarray" file="src/pymortests/vectorarray.py" line="513" name="test_pairwise_dot[compatible_vector_array_pair2-&lt;lambda&gt;0]" time="0.0037431716918945312"></testcase><testcase classname="src.pymortests.vectorarray" file="src/pymortests/vectorarray.py" line="513" name="test_pairwise_dot[compatible_vector_array_pair2-&lt;lambda&gt;1]" time="0.001865386962890625"></testcase><testcase classname="src.pymortests.vectorarray" file="src/pymortests/vectorarray.py" line="513" name="test_pairwise_dot[compatible_vector_array_pair2-&lt;lambda&gt;2]" time="0.0039179325103759766"></testcase><testcase classname="src.pymortests.vectorarray" file="src/pymortests/vectorarray.py" line="513" name="test_pairwise_dot[compatible_vector_array_pair2-&lt;lambda&gt;3]" time="0.004072666168212891"></testcase><testcase classname="src.pymortests.vectorarray" file="src/pymortests/vectorarray.py" line="513" name="test_pairwise_dot[compatible_vector_array_pair2-&lt;lambda&gt;4]" time="0.005938529968261719"></testcase><testcase classname="src.pymortests.vectorarray" file="src/pymortests/vectorarray.py" line="513" name="test_pairwise_dot[compatible_vector_array_pair2-&lt;lambda&gt;5]" time="0.0048487186431884766"></testcase><testcase classname="src.pymortests.vectorarray" file="src/pymortests/vectorarray.py" line="513" name="test_pairwise_dot[compatible_vector_array_pair2-&lt;lambda&gt;6]" time="0.0023887157440185547"></testcase><testcase classname="src.pymortests.vectorarray" file="src/pymortests/vectorarray.py" line="513" name="test_pairwise_dot[compatible_vector_array_pair2-&lt;lambda&gt;7]" time="0.0014698505401611328"></testcase><testcase classname="src.pymortests.vectorarray" file="src/pymortests/vectorarray.py" line="513" name="test_pairwise_dot[compatible_vector_array_pair2-&lt;lambda&gt;8]" time="0.0065517425537109375"></testcase><testcase classname="src.pymortests.vectorarray" file="src/pymortests/vectorarray.py" line="513" name="test_pairwise_dot[compatible_vector_array_pair2-&lt;lambda&gt;9]" time="0.007025718688964844"></testcase><testcase classname="src.pymortests.vectorarray" file="src/pymortests/vectorarray.py" line="513" name="test_pairwise_dot[compatible_vector_array_pair2-&lt;lambda&gt;10]" time="0.02247333526611328"></testcase><testcase classname="src.pymortests.vectorarray" file="src/pymortests/vectorarray.py" line="513" name="test_pairwise_dot[compatible_vector_array_pair2-&lt;lambda&gt;11]" time="0.006057262420654297"></testcase><testcase classname="src.pymortests.vectorarray" file="src/pymortests/vectorarray.py" line="513" name="test_pairwise_dot[compatible_vector_array_pair2-&lt;lambda&gt;12]" time="0.004459381103515625"></testcase><testcase classname="src.pymortests.vectorarray" file="src/pymortests/vectorarray.py" line="513" name="test_pairwise_dot[compatible_vector_array_pair2-&lt;lambda&gt;13]" time="0.002223491668701172"></testcase><testcase classname="src.pymortests.vectorarray" file="src/pymortests/vectorarray.py" line="513" name="test_pairwise_dot[compatible_vector_array_pair2-&lt;lambda&gt;14]" time="0.005584001541137695"></testcase><testcase classname="src.pymortests.vectorarray" file="src/pymortests/vectorarray.py" line="513" name="test_pairwise_dot[compatible_vector_array_pair2-&lt;lambda&gt;15]" time="0.012080192565917969"></testcase><testcase classname="src.pymortests.vectorarray" file="src/pymortests/vectorarray.py" line="513" name="test_pairwise_dot[compatible_vector_array_pair2-&lt;lambda&gt;16]" time="0.012868165969848633"></testcase><testcase classname="src.pymortests.vectorarray" file="src/pymortests/vectorarray.py" line="513" name="test_pairwise_dot[compatible_vector_array_pair2-&lt;lambda&gt;17]" time="0.017704248428344727"></testcase><testcase classname="src.pymortests.vectorarray" file="src/pymortests/vectorarray.py" line="513" name="test_pairwise_dot[compatible_vector_array_pair2-&lt;lambda&gt;18]" time="0.00753021240234375"></testcase><testcase classname="src.pymortests.vectorarray" file="src/pymortests/vectorarray.py" line="513" name="test_pairwise_dot[compatible_vector_array_pair2-&lt;lambda&gt;19]" time="0.002455472946166992"></testcase><testcase classname="src.pymortests.vectorarray" file="src/pymortests/vectorarray.py" line="513" name="test_pairwise_dot[compatible_vector_array_pair2-&lt;lambda&gt;20]" time="0.05864071846008301"></testcase><testcase classname="src.pymortests.vectorarray" file="src/pymortests/vectorarray.py" line="513" name="test_pairwise_dot[compatible_vector_array_pair2-&lt;lambda&gt;21]" time="0.023479461669921875"></testcase><testcase classname="src.pymortests.vectorarray" file="src/pymortests/vectorarray.py" line="513" name="test_pairwise_dot[compatible_vector_array_pair2-&lt;lambda&gt;22]" time="0.07605886459350586"></testcase><testcase classname="src.pymortests.vectorarray" file="src/pymortests/vectorarray.py" line="513" name="test_pairwise_dot[compatible_vector_array_pair2-&lt;lambda&gt;23]" time="0.008406877517700195"></testcase><testcase classname="src.pymortests.vectorarray" file="src/pymortests/vectorarray.py" line="513" name="test_pairwise_dot[compatible_vector_array_pair2-&lt;lambda&gt;24]" time="0.002593517303466797"></testcase><testcase classname="src.pymortests.vectorarray" file="src/pymortests/vectorarray.py" line="513" name="test_pairwise_dot[compatible_vector_array_pair2-&lt;lambda&gt;25]" time="0.0032320022583007812"></testcase><testcase classname="src.pymortests.vectorarray" file="src/pymortests/vectorarray.py" line="513" name="test_pairwise_dot[compatible_vector_array_pair2-&lt;lambda&gt;26]" time="0.047388315200805664"></testcase><testcase classname="src.pymortests.vectorarray" file="src/pymortests/vectorarray.py" line="513" name="test_pairwise_dot[compatible_vector_array_pair2-&lt;lambda&gt;27]" time="0.04454803466796875"></testcase><testcase classname="src.pymortests.vectorarray" file="src/pymortests/vectorarray.py" line="513" name="test_pairwise_dot[compatible_vector_array_pair2-&lt;lambda&gt;28]" time="0.35729169845581055"></testcase><testcase classname="src.pymortests.vectorarray" file="src/pymortests/vectorarray.py" line="513" name="test_pairwise_dot[compatible_vector_array_pair2-&lt;lambda&gt;29]" time="0.010265827178955078"></testcase><testcase classname="src.pymortests.vectorarray" file="src/pymortests/vectorarray.py" line="513" name="test_pairwise_dot[compatible_vector_array_pair3-&lt;lambda&gt;0]" time="0.002853870391845703"></testcase><testcase classname="src.pymortests.vectorarray" file="src/pymortests/vectorarray.py" line="513" name="test_pairwise_dot[compatible_vector_array_pair3-&lt;lambda&gt;1]" time="0.0015556812286376953"></testcase><testcase classname="src.pymortests.vectorarray" file="src/pymortests/vectorarray.py" line="513" name="test_pairwise_dot[compatible_vector_array_pair3-&lt;lambda&gt;2]" time="0.004309177398681641"></testcase><testcase classname="src.pymortests.vectorarray" file="src/pymortests/vectorarray.py" line="513" name="test_pairwise_dot[compatible_vector_array_pair3-&lt;lambda&gt;3]" time="0.005296945571899414"></testcase><testcase classname="src.pymortests.vectorarray" file="src/pymortests/vectorarray.py" line="513" name="test_pairwise_dot[compatible_vector_array_pair3-&lt;lambda&gt;4]" time="0.006105184555053711"></testcase><testcase classname="src.pymortests.vectorarray" file="src/pymortests/vectorarray.py" line="513" name="test_pairwise_dot[compatible_vector_array_pair3-&lt;lambda&gt;5]" time="0.00536799430847168"></testcase><testcase classname="src.pymortests.vectorarray" file="src/pymortests/vectorarray.py" line="513" name="test_pairwise_dot[compatible_vector_array_pair3-&lt;lambda&gt;6]" time="0.0023832321166992188"></testcase><testcase classname="src.pymortests.vectorarray" file="src/pymortests/vectorarray.py" line="513" name="test_pairwise_dot[compatible_vector_array_pair3-&lt;lambda&gt;7]" time="0.0015501976013183594"></testcase><testcase classname="src.pymortests.vectorarray" file="src/pymortests/vectorarray.py" line="513" name="test_pairwise_dot[compatible_vector_array_pair3-&lt;lambda&gt;8]" time="0.005899906158447266"></testcase><testcase classname="src.pymortests.vectorarray" file="src/pymortests/vectorarray.py" line="513" name="test_pairwise_dot[compatible_vector_array_pair3-&lt;lambda&gt;9]" time="0.008040189743041992"></testcase><testcase classname="src.pymortests.vectorarray" file="src/pymortests/vectorarray.py" line="513" name="test_pairwise_dot[compatible_vector_array_pair3-&lt;lambda&gt;10]" time="0.024919509887695312"></testcase><testcase classname="src.pymortests.vectorarray" file="src/pymortests/vectorarray.py" line="513" name="test_pairwise_dot[compatible_vector_array_pair3-&lt;lambda&gt;11]" time="0.006566762924194336"></testcase><testcase classname="src.pymortests.vectorarray" file="src/pymortests/vectorarray.py" line="513" name="test_pairwise_dot[compatible_vector_array_pair3-&lt;lambda&gt;12]" time="0.005366325378417969"></testcase><testcase classname="src.pymortests.vectorarray" file="src/pymortests/vectorarray.py" line="513" name="test_pairwise_dot[compatible_vector_array_pair3-&lt;lambda&gt;13]" time="0.0025000572204589844"></testcase><testcase classname="src.pymortests.vectorarray" file="src/pymortests/vectorarray.py" line="513" name="test_pairwise_dot[compatible_vector_array_pair3-&lt;lambda&gt;14]" time="0.006371021270751953"></testcase><testcase classname="src.pymortests.vectorarray" file="src/pymortests/vectorarray.py" line="513" name="test_pairwise_dot[compatible_vector_array_pair3-&lt;lambda&gt;15]" time="0.008934736251831055"></testcase><testcase classname="src.pymortests.vectorarray" file="src/pymortests/vectorarray.py" line="513" name="test_pairwise_dot[compatible_vector_array_pair3-&lt;lambda&gt;16]" time="0.009000778198242188"></testcase><testcase classname="src.pymortests.vectorarray" file="src/pymortests/vectorarray.py" line="513" name="test_pairwise_dot[compatible_vector_array_pair3-&lt;lambda&gt;17]" time="0.01419973373413086"></testcase><testcase classname="src.pymortests.vectorarray" file="src/pymortests/vectorarray.py" line="513" name="test_pairwise_dot[compatible_vector_array_pair3-&lt;lambda&gt;18]" time="0.006911277770996094"></testcase><testcase classname="src.pymortests.vectorarray" file="src/pymortests/vectorarray.py" line="513" name="test_pairwise_dot[compatible_vector_array_pair3-&lt;lambda&gt;19]" time="0.002464771270751953"></testcase><testcase classname="src.pymortests.vectorarray" file="src/pymortests/vectorarray.py" line="513" name="test_pairwise_dot[compatible_vector_array_pair3-&lt;lambda&gt;20]" time="0.046063899993896484"></testcase><testcase classname="src.pymortests.vectorarray" file="src/pymortests/vectorarray.py" line="513" name="test_pairwise_dot[compatible_vector_array_pair3-&lt;lambda&gt;21]" time="0.022053241729736328"></testcase><testcase classname="src.pymortests.vectorarray" file="src/pymortests/vectorarray.py" line="513" name="test_pairwise_dot[compatible_vector_array_pair3-&lt;lambda&gt;22]" time="0.07124471664428711"></testcase><testcase classname="src.pymortests.vectorarray" file="src/pymortests/vectorarray.py" line="513" name="test_pairwise_dot[compatible_vector_array_pair3-&lt;lambda&gt;23]" time="0.008768558502197266"></testcase><testcase classname="src.pymortests.vectorarray" file="src/pymortests/vectorarray.py" line="513" name="test_pairwise_dot[compatible_vector_array_pair3-&lt;lambda&gt;24]" time="0.0025949478149414062"></testcase><testcase classname="src.pymortests.vectorarray" file="src/pymortests/vectorarray.py" line="513" name="test_pairwise_dot[compatible_vector_array_pair3-&lt;lambda&gt;25]" time="0.002447366714477539"></testcase><testcase classname="src.pymortests.vectorarray" file="src/pymortests/vectorarray.py" line="513" name="test_pairwise_dot[compatible_vector_array_pair3-&lt;lambda&gt;26]" time="0.028644800186157227"></testcase><testcase classname="src.pymortests.vectorarray" file="src/pymortests/vectorarray.py" line="513" name="test_pairwise_dot[compatible_vector_array_pair3-&lt;lambda&gt;27]" time="0.06046557426452637"></testcase><testcase classname="src.pymortests.vectorarray" file="src/pymortests/vectorarray.py" line="513" name="test_pairwise_dot[compatible_vector_array_pair3-&lt;lambda&gt;28]" time="0.18526506423950195"></testcase><testcase classname="src.pymortests.vectorarray" file="src/pymortests/vectorarray.py" line="513" name="test_pairwise_dot[compatible_vector_array_pair3-&lt;lambda&gt;29]" time="0.010487794876098633"></testcase><testcase classname="src.pymortests.vectorarray" file="src/pymortests/vectorarray.py" line="513" name="test_pairwise_dot[compatible_vector_array_pair4-&lt;lambda&gt;0]" time="0.0028481483459472656"></testcase><testcase classname="src.pymortests.vectorarray" file="src/pymortests/vectorarray.py" line="513" name="test_pairwise_dot[compatible_vector_array_pair4-&lt;lambda&gt;1]" time="0.0016024112701416016"></testcase><testcase classname="src.pymortests.vectorarray" file="src/pymortests/vectorarray.py" line="513" name="test_pairwise_dot[compatible_vector_array_pair4-&lt;lambda&gt;2]" time="0.004086494445800781"></testcase><testcase classname="src.pymortests.vectorarray" file="src/pymortests/vectorarray.py" line="513" name="test_pairwise_dot[compatible_vector_array_pair4-&lt;lambda&gt;3]" time="0.004301786422729492"></testcase><testcase classname="src.pymortests.vectorarray" file="src/pymortests/vectorarray.py" line="513" name="test_pairwise_dot[compatible_vector_array_pair4-&lt;lambda&gt;4]" time="0.006145477294921875"></testcase><testcase classname="src.pymortests.vectorarray" file="src/pymortests/vectorarray.py" line="513" name="test_pairwise_dot[compatible_vector_array_pair4-&lt;lambda&gt;5]" time="0.004973411560058594"></testcase><testcase classname="src.pymortests.vectorarray" file="src/pymortests/vectorarray.py" line="513" name="test_pairwise_dot[compatible_vector_array_pair4-&lt;lambda&gt;6]" time="0.002415180206298828"></testcase><testcase classname="src.pymortests.vectorarray" file="src/pymortests/vectorarray.py" line="513" name="test_pairwise_dot[compatible_vector_array_pair4-&lt;lambda&gt;7]" time="0.001538991928100586"></testcase><testcase classname="src.pymortests.vectorarray" file="src/pymortests/vectorarray.py" line="513" name="test_pairwise_dot[compatible_vector_array_pair4-&lt;lambda&gt;8]" time="0.00590825080871582"></testcase><testcase classname="src.pymortests.vectorarray" file="src/pymortests/vectorarray.py" line="513" name="test_pairwise_dot[compatible_vector_array_pair4-&lt;lambda&gt;9]" time="0.00750732421875"></testcase><testcase classname="src.pymortests.vectorarray" file="src/pymortests/vectorarray.py" line="513" name="test_pairwise_dot[compatible_vector_array_pair4-&lt;lambda&gt;10]" time="0.02227926254272461"></testcase><testcase classname="src.pymortests.vectorarray" file="src/pymortests/vectorarray.py" line="513" name="test_pairwise_dot[compatible_vector_array_pair4-&lt;lambda&gt;11]" time="0.006254434585571289"></testcase><testcase classname="src.pymortests.vectorarray" file="src/pymortests/vectorarray.py" line="513" name="test_pairwise_dot[compatible_vector_array_pair4-&lt;lambda&gt;12]" time="0.0044896602630615234"></testcase><testcase classname="src.pymortests.vectorarray" file="src/pymortests/vectorarray.py" line="513" name="test_pairwise_dot[compatible_vector_array_pair4-&lt;lambda&gt;13]" time="0.0022516250610351562"></testcase><testcase classname="src.pymortests.vectorarray" file="src/pymortests/vectorarray.py" line="513" name="test_pairwise_dot[compatible_vector_array_pair4-&lt;lambda&gt;14]" time="0.0051310062408447266"></testcase><testcase classname="src.pymortests.vectorarray" file="src/pymortests/vectorarray.py" line="513" name="test_pairwise_dot[compatible_vector_array_pair4-&lt;lambda&gt;15]" time="0.008379697799682617"></testcase><testcase classname="src.pymortests.vectorarray" file="src/pymortests/vectorarray.py" line="513" name="test_pairwise_dot[compatible_vector_array_pair4-&lt;lambda&gt;16]" time="0.008815288543701172"></testcase><testcase classname="src.pymortests.vectorarray" file="src/pymortests/vectorarray.py" line="513" name="test_pairwise_dot[compatible_vector_array_pair4-&lt;lambda&gt;17]" time="0.014477729797363281"></testcase><testcase classname="src.pymortests.vectorarray" file="src/pymortests/vectorarray.py" line="513" name="test_pairwise_dot[compatible_vector_array_pair4-&lt;lambda&gt;18]" time="0.007738828659057617"></testcase><testcase classname="src.pymortests.vectorarray" file="src/pymortests/vectorarray.py" line="513" name="test_pairwise_dot[compatible_vector_array_pair4-&lt;lambda&gt;19]" time="0.0025086402893066406"></testcase><testcase classname="src.pymortests.vectorarray" file="src/pymortests/vectorarray.py" line="513" name="test_pairwise_dot[compatible_vector_array_pair4-&lt;lambda&gt;20]" time="0.04643726348876953"></testcase><testcase classname="src.pymortests.vectorarray" file="src/pymortests/vectorarray.py" line="513" name="test_pairwise_dot[compatible_vector_array_pair4-&lt;lambda&gt;21]" time="0.021828413009643555"></testcase><testcase classname="src.pymortests.vectorarray" file="src/pymortests/vectorarray.py" line="513" name="test_pairwise_dot[compatible_vector_array_pair4-&lt;lambda&gt;22]" time="0.0728154182434082"></testcase><testcase classname="src.pymortests.vectorarray" file="src/pymortests/vectorarray.py" line="513" name="test_pairwise_dot[compatible_vector_array_pair4-&lt;lambda&gt;23]" time="0.00905609130859375"></testcase><testcase classname="src.pymortests.vectorarray" file="src/pymortests/vectorarray.py" line="513" name="test_pairwise_dot[compatible_vector_array_pair4-&lt;lambda&gt;24]" time="0.003682374954223633"></testcase><testcase classname="src.pymortests.vectorarray" file="src/pymortests/vectorarray.py" line="513" name="test_pairwise_dot[compatible_vector_array_pair4-&lt;lambda&gt;25]" time="0.0033881664276123047"></testcase><testcase classname="src.pymortests.vectorarray" file="src/pymortests/vectorarray.py" line="513" name="test_pairwise_dot[compatible_vector_array_pair4-&lt;lambda&gt;26]" time="0.047385454177856445"></testcase><testcase classname="src.pymortests.vectorarray" file="src/pymortests/vectorarray.py" line="513" name="test_pairwise_dot[compatible_vector_array_pair4-&lt;lambda&gt;27]" time="0.06433629989624023"></testcase><testcase classname="src.pymortests.vectorarray" file="src/pymortests/vectorarray.py" line="513" name="test_pairwise_dot[compatible_vector_array_pair4-&lt;lambda&gt;28]" time="0.2366323471069336"></testcase><testcase classname="src.pymortests.vectorarray" file="src/pymortests/vectorarray.py" line="513" name="test_pairwise_dot[compatible_vector_array_pair4-&lt;lambda&gt;29]" time="0.011413812637329102"></testcase><testcase classname="src.pymortests.vectorarray" file="src/pymortests/vectorarray.py" line="513" name="test_pairwise_dot[compatible_vector_array_pair5-&lt;lambda&gt;0]" time="0.003760814666748047"></testcase><testcase classname="src.pymortests.vectorarray" file="src/pymortests/vectorarray.py" line="513" name="test_pairwise_dot[compatible_vector_array_pair5-&lt;lambda&gt;1]" time="0.0015606880187988281"></testcase><testcase classname="src.pymortests.vectorarray" file="src/pymortests/vectorarray.py" line="513" name="test_pairwise_dot[compatible_vector_array_pair5-&lt;lambda&gt;2]" time="0.0039293766021728516"></testcase><testcase classname="src.pymortests.vectorarray" file="src/pymortests/vectorarray.py" line="513" name="test_pairwise_dot[compatible_vector_array_pair5-&lt;lambda&gt;3]" time="0.004155635833740234"></testcase><testcase classname="src.pymortests.vectorarray" file="src/pymortests/vectorarray.py" line="513" name="test_pairwise_dot[compatible_vector_array_pair5-&lt;lambda&gt;4]" time="0.005967855453491211"></testcase><testcase classname="src.pymortests.vectorarray" file="src/pymortests/vectorarray.py" line="513" name="test_pairwise_dot[compatible_vector_array_pair5-&lt;lambda&gt;5]" time="0.0050411224365234375"></testcase><testcase classname="src.pymortests.vectorarray" file="src/pymortests/vectorarray.py" line="513" name="test_pairwise_dot[compatible_vector_array_pair5-&lt;lambda&gt;6]" time="0.0025069713592529297"></testcase><testcase classname="src.pymortests.vectorarray" file="src/pymortests/vectorarray.py" line="513" name="test_pairwise_dot[compatible_vector_array_pair5-&lt;lambda&gt;7]" time="0.0015685558319091797"></testcase><testcase classname="src.pymortests.vectorarray" file="src/pymortests/vectorarray.py" line="513" name="test_pairwise_dot[compatible_vector_array_pair5-&lt;lambda&gt;8]" time="0.0057811737060546875"></testcase><testcase classname="src.pymortests.vectorarray" file="src/pymortests/vectorarray.py" line="513" name="test_pairwise_dot[compatible_vector_array_pair5-&lt;lambda&gt;9]" time="0.007340192794799805"></testcase><testcase classname="src.pymortests.vectorarray" file="src/pymortests/vectorarray.py" line="513" name="test_pairwise_dot[compatible_vector_array_pair5-&lt;lambda&gt;10]" time="0.022749900817871094"></testcase><testcase classname="src.pymortests.vectorarray" file="src/pymortests/vectorarray.py" line="513" name="test_pairwise_dot[compatible_vector_array_pair5-&lt;lambda&gt;11]" time="0.006322145462036133"></testcase><testcase classname="src.pymortests.vectorarray" file="src/pymortests/vectorarray.py" line="513" name="test_pairwise_dot[compatible_vector_array_pair5-&lt;lambda&gt;12]" time="0.004540205001831055"></testcase><testcase classname="src.pymortests.vectorarray" file="src/pymortests/vectorarray.py" line="513" name="test_pairwise_dot[compatible_vector_array_pair5-&lt;lambda&gt;13]" time="0.0022568702697753906"></testcase><testcase classname="src.pymortests.vectorarray" file="src/pymortests/vectorarray.py" line="513" name="test_pairwise_dot[compatible_vector_array_pair5-&lt;lambda&gt;14]" time="0.005323648452758789"></testcase><testcase classname="src.pymortests.vectorarray" file="src/pymortests/vectorarray.py" line="513" name="test_pairwise_dot[compatible_vector_array_pair5-&lt;lambda&gt;15]" time="0.008326292037963867"></testcase><testcase classname="src.pymortests.vectorarray" file="src/pymortests/vectorarray.py" line="513" name="test_pairwise_dot[compatible_vector_array_pair5-&lt;lambda&gt;16]" time="0.009041070938110352"></testcase><testcase classname="src.pymortests.vectorarray" file="src/pymortests/vectorarray.py" line="513" name="test_pairwise_dot[compatible_vector_array_pair5-&lt;lambda&gt;17]" time="0.014508724212646484"></testcase><testcase classname="src.pymortests.vectorarray" file="src/pymortests/vectorarray.py" line="513" name="test_pairwise_dot[compatible_vector_array_pair5-&lt;lambda&gt;18]" time="0.007768392562866211"></testcase><testcase classname="src.pymortests.vectorarray" file="src/pymortests/vectorarray.py" line="513" name="test_pairwise_dot[compatible_vector_array_pair5-&lt;lambda&gt;19]" time="0.0025196075439453125"></testcase><testcase classname="src.pymortests.vectorarray" file="src/pymortests/vectorarray.py" line="513" name="test_pairwise_dot[compatible_vector_array_pair5-&lt;lambda&gt;20]" time="0.046796321868896484"></testcase><testcase classname="src.pymortests.vectorarray" file="src/pymortests/vectorarray.py" line="513" name="test_pairwise_dot[compatible_vector_array_pair5-&lt;lambda&gt;21]" time="0.02194833755493164"></testcase><testcase classname="src.pymortests.vectorarray" file="src/pymortests/vectorarray.py" line="513" name="test_pairwise_dot[compatible_vector_array_pair5-&lt;lambda&gt;22]" time="0.07489418983459473"></testcase><testcase classname="src.pymortests.vectorarray" file="src/pymortests/vectorarray.py" line="513" name="test_pairwise_dot[compatible_vector_array_pair5-&lt;lambda&gt;23]" time="0.008870363235473633"></testcase><testcase classname="src.pymortests.vectorarray" file="src/pymortests/vectorarray.py" line="513" name="test_pairwise_dot[compatible_vector_array_pair5-&lt;lambda&gt;24]" time="0.003792285919189453"></testcase><testcase classname="src.pymortests.vectorarray" file="src/pymortests/vectorarray.py" line="513" name="test_pairwise_dot[compatible_vector_array_pair5-&lt;lambda&gt;25]" time="0.0037326812744140625"></testcase><testcase classname="src.pymortests.vectorarray" file="src/pymortests/vectorarray.py" line="513" name="test_pairwise_dot[compatible_vector_array_pair5-&lt;lambda&gt;26]" time="0.048863887786865234"></testcase><testcase classname="src.pymortests.vectorarray" file="src/pymortests/vectorarray.py" line="513" name="test_pairwise_dot[compatible_vector_array_pair5-&lt;lambda&gt;27]" time="0.06508231163024902"></testcase><testcase classname="src.pymortests.vectorarray" file="src/pymortests/vectorarray.py" line="513" name="test_pairwise_dot[compatible_vector_array_pair5-&lt;lambda&gt;28]" time="0.23841238021850586"></testcase><testcase classname="src.pymortests.vectorarray" file="src/pymortests/vectorarray.py" line="513" name="test_pairwise_dot[compatible_vector_array_pair5-&lt;lambda&gt;29]" time="0.01103973388671875"></testcase><testcase classname="src.pymortests.vectorarray" file="src/pymortests/vectorarray.py" line="513" name="test_pairwise_dot[compatible_vector_array_pair6-&lt;lambda&gt;0]" time="0.003743410110473633"></testcase><testcase classname="src.pymortests.vectorarray" file="src/pymortests/vectorarray.py" line="513" name="test_pairwise_dot[compatible_vector_array_pair6-&lt;lambda&gt;1]" time="0.0015518665313720703"></testcase><testcase classname="src.pymortests.vectorarray" file="src/pymortests/vectorarray.py" line="513" name="test_pairwise_dot[compatible_vector_array_pair6-&lt;lambda&gt;2]" time="0.003936767578125"></testcase><testcase classname="src.pymortests.vectorarray" file="src/pymortests/vectorarray.py" line="513" name="test_pairwise_dot[compatible_vector_array_pair6-&lt;lambda&gt;3]" time="0.004157304763793945"></testcase><testcase classname="src.pymortests.vectorarray" file="src/pymortests/vectorarray.py" line="513" name="test_pairwise_dot[compatible_vector_array_pair6-&lt;lambda&gt;4]" time="0.006042957305908203"></testcase><testcase classname="src.pymortests.vectorarray" file="src/pymortests/vectorarray.py" line="513" name="test_pairwise_dot[compatible_vector_array_pair6-&lt;lambda&gt;5]" time="0.005000114440917969"></testcase><testcase classname="src.pymortests.vectorarray" file="src/pymortests/vectorarray.py" line="513" name="test_pairwise_dot[compatible_vector_array_pair6-&lt;lambda&gt;6]" time="0.0024566650390625"></testcase><testcase classname="src.pymortests.vectorarray" file="src/pymortests/vectorarray.py" line="513" name="test_pairwise_dot[compatible_vector_array_pair6-&lt;lambda&gt;7]" time="0.0014793872833251953"></testcase><testcase classname="src.pymortests.vectorarray" file="src/pymortests/vectorarray.py" line="513" name="test_pairwise_dot[compatible_vector_array_pair6-&lt;lambda&gt;8]" time="0.005768537521362305"></testcase><testcase classname="src.pymortests.vectorarray" file="src/pymortests/vectorarray.py" line="513" name="test_pairwise_dot[compatible_vector_array_pair6-&lt;lambda&gt;9]" time="0.0073435306549072266"></testcase><testcase classname="src.pymortests.vectorarray" file="src/pymortests/vectorarray.py" line="513" name="test_pairwise_dot[compatible_vector_array_pair6-&lt;lambda&gt;10]" time="0.022620677947998047"></testcase><testcase classname="src.pymortests.vectorarray" file="src/pymortests/vectorarray.py" line="513" name="test_pairwise_dot[compatible_vector_array_pair6-&lt;lambda&gt;11]" time="0.006281852722167969"></testcase><testcase classname="src.pymortests.vectorarray" file="src/pymortests/vectorarray.py" line="513" name="test_pairwise_dot[compatible_vector_array_pair6-&lt;lambda&gt;12]" time="0.004410743713378906"></testcase><testcase classname="src.pymortests.vectorarray" file="src/pymortests/vectorarray.py" line="513" name="test_pairwise_dot[compatible_vector_array_pair6-&lt;lambda&gt;13]" time="0.0022318363189697266"></testcase><testcase classname="src.pymortests.vectorarray" file="src/pymortests/vectorarray.py" line="513" name="test_pairwise_dot[compatible_vector_array_pair6-&lt;lambda&gt;14]" time="0.005070686340332031"></testcase><testcase classname="src.pymortests.vectorarray" file="src/pymortests/vectorarray.py" line="513" name="test_pairwise_dot[compatible_vector_array_pair6-&lt;lambda&gt;15]" time="0.008394479751586914"></testcase><testcase classname="src.pymortests.vectorarray" file="src/pymortests/vectorarray.py" line="513" name="test_pairwise_dot[compatible_vector_array_pair6-&lt;lambda&gt;16]" time="0.008861780166625977"></testcase><testcase classname="src.pymortests.vectorarray" file="src/pymortests/vectorarray.py" line="513" name="test_pairwise_dot[compatible_vector_array_pair6-&lt;lambda&gt;17]" time="0.014373540878295898"></testcase><testcase classname="src.pymortests.vectorarray" file="src/pymortests/vectorarray.py" line="513" name="test_pairwise_dot[compatible_vector_array_pair6-&lt;lambda&gt;18]" time="0.007672786712646484"></testcase><testcase classname="src.pymortests.vectorarray" file="src/pymortests/vectorarray.py" line="513" name="test_pairwise_dot[compatible_vector_array_pair6-&lt;lambda&gt;19]" time="0.0023996829986572266"></testcase><testcase classname="src.pymortests.vectorarray" file="src/pymortests/vectorarray.py" line="513" name="test_pairwise_dot[compatible_vector_array_pair6-&lt;lambda&gt;20]" time="0.04947376251220703"></testcase><testcase classname="src.pymortests.vectorarray" file="src/pymortests/vectorarray.py" line="513" name="test_pairwise_dot[compatible_vector_array_pair6-&lt;lambda&gt;21]" time="0.022146224975585938"></testcase><testcase classname="src.pymortests.vectorarray" file="src/pymortests/vectorarray.py" line="513" name="test_pairwise_dot[compatible_vector_array_pair6-&lt;lambda&gt;22]" time="0.07333254814147949"></testcase><testcase classname="src.pymortests.vectorarray" file="src/pymortests/vectorarray.py" line="513" name="test_pairwise_dot[compatible_vector_array_pair6-&lt;lambda&gt;23]" time="0.008828401565551758"></testcase><testcase classname="src.pymortests.vectorarray" file="src/pymortests/vectorarray.py" line="513" name="test_pairwise_dot[compatible_vector_array_pair6-&lt;lambda&gt;24]" time="0.0036840438842773438"></testcase><testcase classname="src.pymortests.vectorarray" file="src/pymortests/vectorarray.py" line="513" name="test_pairwise_dot[compatible_vector_array_pair6-&lt;lambda&gt;25]" time="0.002507448196411133"></testcase><testcase classname="src.pymortests.vectorarray" file="src/pymortests/vectorarray.py" line="513" name="test_pairwise_dot[compatible_vector_array_pair6-&lt;lambda&gt;26]" time="0.028249025344848633"></testcase><testcase classname="src.pymortests.vectorarray" file="src/pymortests/vectorarray.py" line="513" name="test_pairwise_dot[compatible_vector_array_pair6-&lt;lambda&gt;27]" time="0.060556650161743164"></testcase><testcase classname="src.pymortests.vectorarray" file="src/pymortests/vectorarray.py" line="513" name="test_pairwise_dot[compatible_vector_array_pair6-&lt;lambda&gt;28]" time="0.18593406677246094"></testcase><testcase classname="src.pymortests.vectorarray" file="src/pymortests/vectorarray.py" line="513" name="test_pairwise_dot[compatible_vector_array_pair6-&lt;lambda&gt;29]" time="0.010965347290039062"></testcase><testcase classname="src.pymortests.vectorarray" file="src/pymortests/vectorarray.py" line="513" name="test_pairwise_dot[compatible_vector_array_pair7-&lt;lambda&gt;0]" time="0.0037794113159179688"></testcase><testcase classname="src.pymortests.vectorarray" file="src/pymortests/vectorarray.py" line="513" name="test_pairwise_dot[compatible_vector_array_pair7-&lt;lambda&gt;1]" time="0.0015993118286132812"></testcase><testcase classname="src.pymortests.vectorarray" file="src/pymortests/vectorarray.py" line="513" name="test_pairwise_dot[compatible_vector_array_pair7-&lt;lambda&gt;2]" time="0.004062652587890625"></testcase><testcase classname="src.pymortests.vectorarray" file="src/pymortests/vectorarray.py" line="513" name="test_pairwise_dot[compatible_vector_array_pair7-&lt;lambda&gt;3]" time="0.00412440299987793"></testcase><testcase classname="src.pymortests.vectorarray" file="src/pymortests/vectorarray.py" line="513" name="test_pairwise_dot[compatible_vector_array_pair7-&lt;lambda&gt;4]" time="0.006278038024902344"></testcase><testcase classname="src.pymortests.vectorarray" file="src/pymortests/vectorarray.py" line="513" name="test_pairwise_dot[compatible_vector_array_pair7-&lt;lambda&gt;5]" time="0.004953622817993164"></testcase><testcase classname="src.pymortests.vectorarray" file="src/pymortests/vectorarray.py" line="513" name="test_pairwise_dot[compatible_vector_array_pair7-&lt;lambda&gt;6]" time="0.0023190975189208984"></testcase><testcase classname="src.pymortests.vectorarray" file="src/pymortests/vectorarray.py" line="513" name="test_pairwise_dot[compatible_vector_array_pair7-&lt;lambda&gt;7]" time="0.0014438629150390625"></testcase><testcase classname="src.pymortests.vectorarray" file="src/pymortests/vectorarray.py" line="513" name="test_pairwise_dot[compatible_vector_array_pair7-&lt;lambda&gt;8]" time="0.005699634552001953"></testcase><testcase classname="src.pymortests.vectorarray" file="src/pymortests/vectorarray.py" line="513" name="test_pairwise_dot[compatible_vector_array_pair7-&lt;lambda&gt;9]" time="0.007340908050537109"></testcase><testcase classname="src.pymortests.vectorarray" file="src/pymortests/vectorarray.py" line="513" name="test_pairwise_dot[compatible_vector_array_pair7-&lt;lambda&gt;10]" time="0.022525548934936523"></testcase><testcase classname="src.pymortests.vectorarray" file="src/pymortests/vectorarray.py" line="513" name="test_pairwise_dot[compatible_vector_array_pair7-&lt;lambda&gt;11]" time="0.006376028060913086"></testcase><testcase classname="src.pymortests.vectorarray" file="src/pymortests/vectorarray.py" line="513" name="test_pairwise_dot[compatible_vector_array_pair7-&lt;lambda&gt;12]" time="0.004740476608276367"></testcase><testcase classname="src.pymortests.vectorarray" file="src/pymortests/vectorarray.py" line="513" name="test_pairwise_dot[compatible_vector_array_pair7-&lt;lambda&gt;13]" time="0.002421140670776367"></testcase><testcase classname="src.pymortests.vectorarray" file="src/pymortests/vectorarray.py" line="513" name="test_pairwise_dot[compatible_vector_array_pair7-&lt;lambda&gt;14]" time="0.005219936370849609"></testcase><testcase classname="src.pymortests.vectorarray" file="src/pymortests/vectorarray.py" line="513" name="test_pairwise_dot[compatible_vector_array_pair7-&lt;lambda&gt;15]" time="0.008351564407348633"></testcase><testcase classname="src.pymortests.vectorarray" file="src/pymortests/vectorarray.py" line="513" name="test_pairwise_dot[compatible_vector_array_pair7-&lt;lambda&gt;16]" time="0.009175777435302734"></testcase><testcase classname="src.pymortests.vectorarray" file="src/pymortests/vectorarray.py" line="513" name="test_pairwise_dot[compatible_vector_array_pair7-&lt;lambda&gt;17]" time="0.01628732681274414"></testcase><testcase classname="src.pymortests.vectorarray" file="src/pymortests/vectorarray.py" line="513" name="test_pairwise_dot[compatible_vector_array_pair7-&lt;lambda&gt;18]" time="0.007662057876586914"></testcase><testcase classname="src.pymortests.vectorarray" file="src/pymortests/vectorarray.py" line="513" name="test_pairwise_dot[compatible_vector_array_pair7-&lt;lambda&gt;19]" time="0.0025043487548828125"></testcase><testcase classname="src.pymortests.vectorarray" file="src/pymortests/vectorarray.py" line="513" name="test_pairwise_dot[compatible_vector_array_pair7-&lt;lambda&gt;20]" time="0.04418635368347168"></testcase><testcase classname="src.pymortests.vectorarray" file="src/pymortests/vectorarray.py" line="513" name="test_pairwise_dot[compatible_vector_array_pair7-&lt;lambda&gt;21]" time="0.022832632064819336"></testcase><testcase classname="src.pymortests.vectorarray" file="src/pymortests/vectorarray.py" line="513" name="test_pairwise_dot[compatible_vector_array_pair7-&lt;lambda&gt;22]" time="0.0726008415222168"></testcase><testcase classname="src.pymortests.vectorarray" file="src/pymortests/vectorarray.py" line="513" name="test_pairwise_dot[compatible_vector_array_pair7-&lt;lambda&gt;23]" time="0.008761405944824219"></testcase><testcase classname="src.pymortests.vectorarray" file="src/pymortests/vectorarray.py" line="513" name="test_pairwise_dot[compatible_vector_array_pair7-&lt;lambda&gt;24]" time="0.003670215606689453"></testcase><testcase classname="src.pymortests.vectorarray" file="src/pymortests/vectorarray.py" line="513" name="test_pairwise_dot[compatible_vector_array_pair7-&lt;lambda&gt;25]" time="0.003200054168701172"></testcase><testcase classname="src.pymortests.vectorarray" file="src/pymortests/vectorarray.py" line="513" name="test_pairwise_dot[compatible_vector_array_pair7-&lt;lambda&gt;26]" time="0.04828691482543945"></testcase><testcase classname="src.pymortests.vectorarray" file="src/pymortests/vectorarray.py" line="513" name="test_pairwise_dot[compatible_vector_array_pair7-&lt;lambda&gt;27]" time="0.06427955627441406"></testcase><testcase classname="src.pymortests.vectorarray" file="src/pymortests/vectorarray.py" line="513" name="test_pairwise_dot[compatible_vector_array_pair7-&lt;lambda&gt;28]" time="0.2455129623413086"></testcase><testcase classname="src.pymortests.vectorarray" file="src/pymortests/vectorarray.py" line="513" name="test_pairwise_dot[compatible_vector_array_pair7-&lt;lambda&gt;29]" time="0.01166224479675293"></testcase><testcase classname="src.pymortests.vectorarray" file="src/pymortests/vectorarray.py" line="513" name="test_pairwise_dot[compatible_vector_array_pair8-&lt;lambda&gt;0]" time="0.003895998001098633"></testcase><testcase classname="src.pymortests.vectorarray" file="src/pymortests/vectorarray.py" line="513" name="test_pairwise_dot[compatible_vector_array_pair8-&lt;lambda&gt;1]" time="0.0015673637390136719"></testcase><testcase classname="src.pymortests.vectorarray" file="src/pymortests/vectorarray.py" line="513" name="test_pairwise_dot[compatible_vector_array_pair8-&lt;lambda&gt;2]" time="0.003989458084106445"></testcase><testcase classname="src.pymortests.vectorarray" file="src/pymortests/vectorarray.py" line="513" name="test_pairwise_dot[compatible_vector_array_pair8-&lt;lambda&gt;3]" time="0.004278898239135742"></testcase><testcase classname="src.pymortests.vectorarray" file="src/pymortests/vectorarray.py" line="513" name="test_pairwise_dot[compatible_vector_array_pair8-&lt;lambda&gt;4]" time="0.0063037872314453125"></testcase><testcase classname="src.pymortests.vectorarray" file="src/pymortests/vectorarray.py" line="513" name="test_pairwise_dot[compatible_vector_array_pair8-&lt;lambda&gt;5]" time="0.005131721496582031"></testcase><testcase classname="src.pymortests.vectorarray" file="src/pymortests/vectorarray.py" line="513" name="test_pairwise_dot[compatible_vector_array_pair8-&lt;lambda&gt;6]" time="0.0027534961700439453"></testcase><testcase classname="src.pymortests.vectorarray" file="src/pymortests/vectorarray.py" line="513" name="test_pairwise_dot[compatible_vector_array_pair8-&lt;lambda&gt;7]" time="0.0016181468963623047"></testcase><testcase classname="src.pymortests.vectorarray" file="src/pymortests/vectorarray.py" line="513" name="test_pairwise_dot[compatible_vector_array_pair8-&lt;lambda&gt;8]" time="0.006538867950439453"></testcase><testcase classname="src.pymortests.vectorarray" file="src/pymortests/vectorarray.py" line="513" name="test_pairwise_dot[compatible_vector_array_pair8-&lt;lambda&gt;9]" time="0.008205890655517578"></testcase><testcase classname="src.pymortests.vectorarray" file="src/pymortests/vectorarray.py" line="513" name="test_pairwise_dot[compatible_vector_array_pair8-&lt;lambda&gt;10]" time="0.025242090225219727"></testcase><testcase classname="src.pymortests.vectorarray" file="src/pymortests/vectorarray.py" line="513" name="test_pairwise_dot[compatible_vector_array_pair8-&lt;lambda&gt;11]" time="0.006659030914306641"></testcase><testcase classname="src.pymortests.vectorarray" file="src/pymortests/vectorarray.py" line="513" name="test_pairwise_dot[compatible_vector_array_pair8-&lt;lambda&gt;12]" time="0.004509925842285156"></testcase><testcase classname="src.pymortests.vectorarray" file="src/pymortests/vectorarray.py" line="513" name="test_pairwise_dot[compatible_vector_array_pair8-&lt;lambda&gt;13]" time="0.0022721290588378906"></testcase><testcase classname="src.pymortests.vectorarray" file="src/pymortests/vectorarray.py" line="513" name="test_pairwise_dot[compatible_vector_array_pair8-&lt;lambda&gt;14]" time="0.005048513412475586"></testcase><testcase classname="src.pymortests.vectorarray" file="src/pymortests/vectorarray.py" line="513" name="test_pairwise_dot[compatible_vector_array_pair8-&lt;lambda&gt;15]" time="0.008330106735229492"></testcase><testcase classname="src.pymortests.vectorarray" file="src/pymortests/vectorarray.py" line="513" name="test_pairwise_dot[compatible_vector_array_pair8-&lt;lambda&gt;16]" time="0.00894021987915039"></testcase><testcase classname="src.pymortests.vectorarray" file="src/pymortests/vectorarray.py" line="513" name="test_pairwise_dot[compatible_vector_array_pair8-&lt;lambda&gt;17]" time="0.014473676681518555"></testcase><testcase classname="src.pymortests.vectorarray" file="src/pymortests/vectorarray.py" line="513" name="test_pairwise_dot[compatible_vector_array_pair8-&lt;lambda&gt;18]" time="0.007679462432861328"></testcase><testcase classname="src.pymortests.vectorarray" file="src/pymortests/vectorarray.py" line="513" name="test_pairwise_dot[compatible_vector_array_pair8-&lt;lambda&gt;19]" time="0.002417325973510742"></testcase><testcase classname="src.pymortests.vectorarray" file="src/pymortests/vectorarray.py" line="513" name="test_pairwise_dot[compatible_vector_array_pair8-&lt;lambda&gt;20]" time="0.0476226806640625"></testcase><testcase classname="src.pymortests.vectorarray" file="src/pymortests/vectorarray.py" line="513" name="test_pairwise_dot[compatible_vector_array_pair8-&lt;lambda&gt;21]" time="0.02290487289428711"></testcase><testcase classname="src.pymortests.vectorarray" file="src/pymortests/vectorarray.py" line="513" name="test_pairwise_dot[compatible_vector_array_pair8-&lt;lambda&gt;22]" time="0.07247471809387207"></testcase><testcase classname="src.pymortests.vectorarray" file="src/pymortests/vectorarray.py" line="513" name="test_pairwise_dot[compatible_vector_array_pair8-&lt;lambda&gt;23]" time="0.008768558502197266"></testcase><testcase classname="src.pymortests.vectorarray" file="src/pymortests/vectorarray.py" line="513" name="test_pairwise_dot[compatible_vector_array_pair8-&lt;lambda&gt;24]" time="0.003531932830810547"></testcase><testcase classname="src.pymortests.vectorarray" file="src/pymortests/vectorarray.py" line="513" name="test_pairwise_dot[compatible_vector_array_pair8-&lt;lambda&gt;25]" time="0.0033702850341796875"></testcase><testcase classname="src.pymortests.vectorarray" file="src/pymortests/vectorarray.py" line="513" name="test_pairwise_dot[compatible_vector_array_pair8-&lt;lambda&gt;26]" time="0.05053591728210449"></testcase><testcase classname="src.pymortests.vectorarray" file="src/pymortests/vectorarray.py" line="513" name="test_pairwise_dot[compatible_vector_array_pair8-&lt;lambda&gt;27]" time="0.0650637149810791"></testcase><testcase classname="src.pymortests.vectorarray" file="src/pymortests/vectorarray.py" line="513" name="test_pairwise_dot[compatible_vector_array_pair8-&lt;lambda&gt;28]" time="0.24092769622802734"></testcase><testcase classname="src.pymortests.vectorarray" file="src/pymortests/vectorarray.py" line="513" name="test_pairwise_dot[compatible_vector_array_pair8-&lt;lambda&gt;29]" time="0.011281728744506836"></testcase><testcase classname="src.pymortests.vectorarray" file="src/pymortests/vectorarray.py" line="528" name="test_pairwise_dot_self[0-&lt;lambda&gt;0]" time="0.0052204132080078125"></testcase><testcase classname="src.pymortests.vectorarray" file="src/pymortests/vectorarray.py" line="528" name="test_pairwise_dot_self[0-&lt;lambda&gt;1]" time="0.004168987274169922"></testcase><testcase classname="src.pymortests.vectorarray" file="src/pymortests/vectorarray.py" line="528" name="test_pairwise_dot_self[0-&lt;lambda&gt;2]" time="0.00704646110534668"></testcase><testcase classname="src.pymortests.vectorarray" file="src/pymortests/vectorarray.py" line="528" name="test_pairwise_dot_self[0-&lt;lambda&gt;3]" time="0.008850812911987305"></testcase><testcase classname="src.pymortests.vectorarray" file="src/pymortests/vectorarray.py" line="528" name="test_pairwise_dot_self[0-&lt;lambda&gt;4]" time="0.010729789733886719"></testcase><testcase classname="src.pymortests.vectorarray" file="src/pymortests/vectorarray.py" line="528" name="test_pairwise_dot_self[0-&lt;lambda&gt;5]" time="0.004703044891357422"></testcase><testcase classname="src.pymortests.vectorarray" file="src/pymortests/vectorarray.py" line="528" name="test_pairwise_dot_self[0-&lt;lambda&gt;6]" time="0.0035669803619384766"></testcase><testcase classname="src.pymortests.vectorarray" file="src/pymortests/vectorarray.py" line="528" name="test_pairwise_dot_self[0-&lt;lambda&gt;7]" time="0.007398843765258789"></testcase><testcase classname="src.pymortests.vectorarray" file="src/pymortests/vectorarray.py" line="528" name="test_pairwise_dot_self[0-&lt;lambda&gt;8]" time="0.026239395141601562"></testcase><testcase classname="src.pymortests.vectorarray" file="src/pymortests/vectorarray.py" line="528" name="test_pairwise_dot_self[0-&lt;lambda&gt;9]" time="0.05122494697570801"></testcase><testcase classname="src.pymortests.vectorarray" file="src/pymortests/vectorarray.py" line="528" name="test_pairwise_dot_self[0-&lt;lambda&gt;10]" time="0.008532285690307617"></testcase><testcase classname="src.pymortests.vectorarray" file="src/pymortests/vectorarray.py" line="528" name="test_pairwise_dot_self[0-&lt;lambda&gt;11]" time="0.014236211776733398"></testcase><testcase classname="src.pymortests.vectorarray" file="src/pymortests/vectorarray.py" line="528" name="test_pairwise_dot_self[0-&lt;lambda&gt;12]" time="0.014597892761230469"></testcase><testcase classname="src.pymortests.vectorarray" file="src/pymortests/vectorarray.py" line="528" name="test_pairwise_dot_self[0-&lt;lambda&gt;13]" time="0.011104583740234375"></testcase><testcase classname="src.pymortests.vectorarray" file="src/pymortests/vectorarray.py" line="528" name="test_pairwise_dot_self[0-&lt;lambda&gt;14]" time="0.014911890029907227"></testcase><testcase classname="src.pymortests.vectorarray" file="src/pymortests/vectorarray.py" line="528" name="test_pairwise_dot_self[0-&lt;lambda&gt;15]" time="0.023575782775878906"></testcase><testcase classname="src.pymortests.vectorarray" file="src/pymortests/vectorarray.py" line="528" name="test_pairwise_dot_self[0-&lt;lambda&gt;16]" time="0.027143239974975586"></testcase><testcase classname="src.pymortests.vectorarray" file="src/pymortests/vectorarray.py" line="528" name="test_pairwise_dot_self[0-&lt;lambda&gt;17]" time="0.009146690368652344"></testcase><testcase classname="src.pymortests.vectorarray" file="src/pymortests/vectorarray.py" line="528" name="test_pairwise_dot_self[0-&lt;lambda&gt;18]" time="0.007883071899414062"></testcase><testcase classname="src.pymortests.vectorarray" file="src/pymortests/vectorarray.py" line="528" name="test_pairwise_dot_self[0-&lt;lambda&gt;19]" time="0.011407852172851562"></testcase><testcase classname="src.pymortests.vectorarray" file="src/pymortests/vectorarray.py" line="528" name="test_pairwise_dot_self[0-&lt;lambda&gt;20]" time="0.042131900787353516"></testcase><testcase classname="src.pymortests.vectorarray" file="src/pymortests/vectorarray.py" line="528" name="test_pairwise_dot_self[0-&lt;lambda&gt;21]" time="0.09074115753173828"></testcase><testcase classname="src.pymortests.vectorarray" file="src/pymortests/vectorarray.py" line="528" name="test_pairwise_dot_self[0-&lt;lambda&gt;22]" time="0.0047571659088134766"></testcase><testcase classname="src.pymortests.vectorarray" file="src/pymortests/vectorarray.py" line="528" name="test_pairwise_dot_self[0-&lt;lambda&gt;23]" time="0.003997802734375"></testcase><testcase classname="src.pymortests.vectorarray" file="src/pymortests/vectorarray.py" line="528" name="test_pairwise_dot_self[0-&lt;lambda&gt;24]" time="0.008578300476074219"></testcase><testcase classname="src.pymortests.vectorarray" file="src/pymortests/vectorarray.py" line="528" name="test_pairwise_dot_self[0-&lt;lambda&gt;25]" time="0.049738407135009766"></testcase><testcase classname="src.pymortests.vectorarray" file="src/pymortests/vectorarray.py" line="528" name="test_pairwise_dot_self[0-&lt;lambda&gt;26]" time="0.11522889137268066"></testcase><testcase classname="src.pymortests.vectorarray" file="src/pymortests/vectorarray.py" line="528" name="test_pairwise_dot_self[1-&lt;lambda&gt;0]" time="0.0053598880767822266"></testcase><testcase classname="src.pymortests.vectorarray" file="src/pymortests/vectorarray.py" line="528" name="test_pairwise_dot_self[1-&lt;lambda&gt;1]" time="0.004203081130981445"></testcase><testcase classname="src.pymortests.vectorarray" file="src/pymortests/vectorarray.py" line="528" name="test_pairwise_dot_self[1-&lt;lambda&gt;2]" time="0.0073511600494384766"></testcase><testcase classname="src.pymortests.vectorarray" file="src/pymortests/vectorarray.py" line="528" name="test_pairwise_dot_self[1-&lt;lambda&gt;3]" time="0.009127378463745117"></testcase><testcase classname="src.pymortests.vectorarray" file="src/pymortests/vectorarray.py" line="528" name="test_pairwise_dot_self[1-&lt;lambda&gt;4]" time="0.01098775863647461"></testcase><testcase classname="src.pymortests.vectorarray" file="src/pymortests/vectorarray.py" line="528" name="test_pairwise_dot_self[1-&lt;lambda&gt;5]" time="0.0038177967071533203"></testcase><testcase classname="src.pymortests.vectorarray" file="src/pymortests/vectorarray.py" line="528" name="test_pairwise_dot_self[1-&lt;lambda&gt;6]" time="0.003793001174926758"></testcase><testcase classname="src.pymortests.vectorarray" file="src/pymortests/vectorarray.py" line="528" name="test_pairwise_dot_self[1-&lt;lambda&gt;7]" time="0.007378339767456055"></testcase><testcase classname="src.pymortests.vectorarray" file="src/pymortests/vectorarray.py" line="528" name="test_pairwise_dot_self[1-&lt;lambda&gt;8]" time="0.027869462966918945"></testcase><testcase classname="src.pymortests.vectorarray" file="src/pymortests/vectorarray.py" line="528" name="test_pairwise_dot_self[1-&lt;lambda&gt;9]" time="0.05155754089355469"></testcase><testcase classname="src.pymortests.vectorarray" file="src/pymortests/vectorarray.py" line="528" name="test_pairwise_dot_self[1-&lt;lambda&gt;10]" time="0.008075714111328125"></testcase><testcase classname="src.pymortests.vectorarray" file="src/pymortests/vectorarray.py" line="528" name="test_pairwise_dot_self[1-&lt;lambda&gt;11]" time="0.012777566909790039"></testcase><testcase classname="src.pymortests.vectorarray" file="src/pymortests/vectorarray.py" line="528" name="test_pairwise_dot_self[1-&lt;lambda&gt;12]" time="0.012834310531616211"></testcase><testcase classname="src.pymortests.vectorarray" file="src/pymortests/vectorarray.py" line="528" name="test_pairwise_dot_self[1-&lt;lambda&gt;13]" time="0.011118173599243164"></testcase><testcase classname="src.pymortests.vectorarray" file="src/pymortests/vectorarray.py" line="528" name="test_pairwise_dot_self[1-&lt;lambda&gt;14]" time="0.013197183609008789"></testcase><testcase classname="src.pymortests.vectorarray" file="src/pymortests/vectorarray.py" line="528" name="test_pairwise_dot_self[1-&lt;lambda&gt;15]" time="0.021358966827392578"></testcase><testcase classname="src.pymortests.vectorarray" file="src/pymortests/vectorarray.py" line="528" name="test_pairwise_dot_self[1-&lt;lambda&gt;16]" time="0.026746511459350586"></testcase><testcase classname="src.pymortests.vectorarray" file="src/pymortests/vectorarray.py" line="528" name="test_pairwise_dot_self[1-&lt;lambda&gt;17]" time="0.00967550277709961"></testcase><testcase classname="src.pymortests.vectorarray" file="src/pymortests/vectorarray.py" line="528" name="test_pairwise_dot_self[1-&lt;lambda&gt;18]" time="0.00894308090209961"></testcase><testcase classname="src.pymortests.vectorarray" file="src/pymortests/vectorarray.py" line="528" name="test_pairwise_dot_self[1-&lt;lambda&gt;19]" time="0.011341094970703125"></testcase><testcase classname="src.pymortests.vectorarray" file="src/pymortests/vectorarray.py" line="528" name="test_pairwise_dot_self[1-&lt;lambda&gt;20]" time="0.04314589500427246"></testcase><testcase classname="src.pymortests.vectorarray" file="src/pymortests/vectorarray.py" line="528" name="test_pairwise_dot_self[1-&lt;lambda&gt;21]" time="0.09157514572143555"></testcase><testcase classname="src.pymortests.vectorarray" file="src/pymortests/vectorarray.py" line="528" name="test_pairwise_dot_self[1-&lt;lambda&gt;22]" time="0.004777193069458008"></testcase><testcase classname="src.pymortests.vectorarray" file="src/pymortests/vectorarray.py" line="528" name="test_pairwise_dot_self[1-&lt;lambda&gt;23]" time="0.0038213729858398438"></testcase><testcase classname="src.pymortests.vectorarray" file="src/pymortests/vectorarray.py" line="528" name="test_pairwise_dot_self[1-&lt;lambda&gt;24]" time="0.00959634780883789"></testcase><testcase classname="src.pymortests.vectorarray" file="src/pymortests/vectorarray.py" line="528" name="test_pairwise_dot_self[1-&lt;lambda&gt;25]" time="0.07271456718444824"></testcase><testcase classname="src.pymortests.vectorarray" file="src/pymortests/vectorarray.py" line="528" name="test_pairwise_dot_self[1-&lt;lambda&gt;26]" time="0.16443729400634766"></testcase><testcase classname="src.pymortests.vectorarray" file="src/pymortests/vectorarray.py" line="528" name="test_pairwise_dot_self[2-&lt;lambda&gt;0]" time="0.005017280578613281"></testcase><testcase classname="src.pymortests.vectorarray" file="src/pymortests/vectorarray.py" line="528" name="test_pairwise_dot_self[2-&lt;lambda&gt;1]" time="0.0040988922119140625"></testcase><testcase classname="src.pymortests.vectorarray" file="src/pymortests/vectorarray.py" line="528" name="test_pairwise_dot_self[2-&lt;lambda&gt;2]" time="0.0070934295654296875"></testcase><testcase classname="src.pymortests.vectorarray" file="src/pymortests/vectorarray.py" line="528" name="test_pairwise_dot_self[2-&lt;lambda&gt;3]" time="0.0092010498046875"></testcase><testcase classname="src.pymortests.vectorarray" file="src/pymortests/vectorarray.py" line="528" name="test_pairwise_dot_self[2-&lt;lambda&gt;4]" time="0.010816097259521484"></testcase><testcase classname="src.pymortests.vectorarray" file="src/pymortests/vectorarray.py" line="528" name="test_pairwise_dot_self[2-&lt;lambda&gt;5]" time="0.003620147705078125"></testcase><testcase classname="src.pymortests.vectorarray" file="src/pymortests/vectorarray.py" line="528" name="test_pairwise_dot_self[2-&lt;lambda&gt;6]" time="0.0035736560821533203"></testcase><testcase classname="src.pymortests.vectorarray" file="src/pymortests/vectorarray.py" line="528" name="test_pairwise_dot_self[2-&lt;lambda&gt;7]" time="0.0077228546142578125"></testcase><testcase classname="src.pymortests.vectorarray" file="src/pymortests/vectorarray.py" line="528" name="test_pairwise_dot_self[2-&lt;lambda&gt;8]" time="0.026467084884643555"></testcase><testcase classname="src.pymortests.vectorarray" file="src/pymortests/vectorarray.py" line="528" name="test_pairwise_dot_self[2-&lt;lambda&gt;9]" time="0.05234384536743164"></testcase><testcase classname="src.pymortests.vectorarray" file="src/pymortests/vectorarray.py" line="528" name="test_pairwise_dot_self[2-&lt;lambda&gt;10]" time="0.008394241333007812"></testcase><testcase classname="src.pymortests.vectorarray" file="src/pymortests/vectorarray.py" line="528" name="test_pairwise_dot_self[2-&lt;lambda&gt;11]" time="0.014107465744018555"></testcase><testcase classname="src.pymortests.vectorarray" file="src/pymortests/vectorarray.py" line="528" name="test_pairwise_dot_self[2-&lt;lambda&gt;12]" time="0.0142364501953125"></testcase><testcase classname="src.pymortests.vectorarray" file="src/pymortests/vectorarray.py" line="528" name="test_pairwise_dot_self[2-&lt;lambda&gt;13]" time="0.010976314544677734"></testcase><testcase classname="src.pymortests.vectorarray" file="src/pymortests/vectorarray.py" line="528" name="test_pairwise_dot_self[2-&lt;lambda&gt;14]" time="0.013617515563964844"></testcase><testcase classname="src.pymortests.vectorarray" file="src/pymortests/vectorarray.py" line="528" name="test_pairwise_dot_self[2-&lt;lambda&gt;15]" time="0.02161383628845215"></testcase><testcase classname="src.pymortests.vectorarray" file="src/pymortests/vectorarray.py" line="528" name="test_pairwise_dot_self[2-&lt;lambda&gt;16]" time="0.026584148406982422"></testcase><testcase classname="src.pymortests.vectorarray" file="src/pymortests/vectorarray.py" line="528" name="test_pairwise_dot_self[2-&lt;lambda&gt;17]" time="0.0091094970703125"></testcase><testcase classname="src.pymortests.vectorarray" file="src/pymortests/vectorarray.py" line="528" name="test_pairwise_dot_self[2-&lt;lambda&gt;18]" time="0.007932186126708984"></testcase><testcase classname="src.pymortests.vectorarray" file="src/pymortests/vectorarray.py" line="528" name="test_pairwise_dot_self[2-&lt;lambda&gt;19]" time="0.011279582977294922"></testcase><testcase classname="src.pymortests.vectorarray" file="src/pymortests/vectorarray.py" line="528" name="test_pairwise_dot_self[2-&lt;lambda&gt;20]" time="0.042990922927856445"></testcase><testcase classname="src.pymortests.vectorarray" file="src/pymortests/vectorarray.py" line="528" name="test_pairwise_dot_self[2-&lt;lambda&gt;21]" time="0.09006214141845703"></testcase><testcase classname="src.pymortests.vectorarray" file="src/pymortests/vectorarray.py" line="528" name="test_pairwise_dot_self[2-&lt;lambda&gt;22]" time="0.004782676696777344"></testcase><testcase classname="src.pymortests.vectorarray" file="src/pymortests/vectorarray.py" line="528" name="test_pairwise_dot_self[2-&lt;lambda&gt;23]" time="0.0040094852447509766"></testcase><testcase classname="src.pymortests.vectorarray" file="src/pymortests/vectorarray.py" line="528" name="test_pairwise_dot_self[2-&lt;lambda&gt;24]" time="0.009526968002319336"></testcase><testcase classname="src.pymortests.vectorarray" file="src/pymortests/vectorarray.py" line="528" name="test_pairwise_dot_self[2-&lt;lambda&gt;25]" time="0.07160711288452148"></testcase><testcase classname="src.pymortests.vectorarray" file="src/pymortests/vectorarray.py" line="528" name="test_pairwise_dot_self[2-&lt;lambda&gt;26]" time="0.15802407264709473"></testcase><testcase classname="src.pymortests.vectorarray" file="src/pymortests/vectorarray.py" line="546" name="test_dot[compatible_vector_array_pair0-&lt;lambda&gt;0]" time="0.003804445266723633"></testcase><testcase classname="src.pymortests.vectorarray" file="src/pymortests/vectorarray.py" line="546" name="test_dot[compatible_vector_array_pair0-&lt;lambda&gt;1]" time="0.002132892608642578"></testcase><testcase classname="src.pymortests.vectorarray" file="src/pymortests/vectorarray.py" line="546" name="test_dot[compatible_vector_array_pair0-&lt;lambda&gt;2]" time="0.007410287857055664"></testcase><testcase classname="src.pymortests.vectorarray" file="src/pymortests/vectorarray.py" line="546" name="test_dot[compatible_vector_array_pair0-&lt;lambda&gt;3]" time="0.009264469146728516"></testcase><testcase classname="src.pymortests.vectorarray" file="src/pymortests/vectorarray.py" line="546" name="test_dot[compatible_vector_array_pair0-&lt;lambda&gt;4]" time="0.013633966445922852"></testcase><testcase classname="src.pymortests.vectorarray" file="src/pymortests/vectorarray.py" line="546" name="test_dot[compatible_vector_array_pair0-&lt;lambda&gt;5]" time="0.00833749771118164"></testcase><testcase classname="src.pymortests.vectorarray" file="src/pymortests/vectorarray.py" line="546" name="test_dot[compatible_vector_array_pair0-&lt;lambda&gt;6]" time="0.002811431884765625"></testcase><testcase classname="src.pymortests.vectorarray" file="src/pymortests/vectorarray.py" line="546" name="test_dot[compatible_vector_array_pair0-&lt;lambda&gt;7]" time="0.0020608901977539062"></testcase><testcase classname="src.pymortests.vectorarray" file="src/pymortests/vectorarray.py" line="546" name="test_dot[compatible_vector_array_pair0-&lt;lambda&gt;8]" time="0.03205466270446777"></testcase><testcase classname="src.pymortests.vectorarray" file="src/pymortests/vectorarray.py" line="546" name="test_dot[compatible_vector_array_pair0-&lt;lambda&gt;9]" time="0.06360316276550293"></testcase><testcase classname="src.pymortests.vectorarray" file="src/pymortests/vectorarray.py" line="546" name="test_dot[compatible_vector_array_pair0-&lt;lambda&gt;10]" time="0.9290308952331543"></testcase><testcase classname="src.pymortests.vectorarray" file="src/pymortests/vectorarray.py" line="546" name="test_dot[compatible_vector_array_pair0-&lt;lambda&gt;11]" time="0.010417938232421875"></testcase><testcase classname="src.pymortests.vectorarray" file="src/pymortests/vectorarray.py" line="546" name="test_dot[compatible_vector_array_pair0-&lt;lambda&gt;12]" time="0.004735708236694336"></testcase><testcase classname="src.pymortests.vectorarray" file="src/pymortests/vectorarray.py" line="546" name="test_dot[compatible_vector_array_pair0-&lt;lambda&gt;13]" time="0.0034940242767333984"></testcase><testcase classname="src.pymortests.vectorarray" file="src/pymortests/vectorarray.py" line="546" name="test_dot[compatible_vector_array_pair0-&lt;lambda&gt;14]" time="0.010698795318603516"></testcase><testcase classname="src.pymortests.vectorarray" file="src/pymortests/vectorarray.py" line="546" name="test_dot[compatible_vector_array_pair0-&lt;lambda&gt;15]" time="0.015578508377075195"></testcase><testcase classname="src.pymortests.vectorarray" file="src/pymortests/vectorarray.py" line="546" name="test_dot[compatible_vector_array_pair0-&lt;lambda&gt;16]" time="0.021371126174926758"></testcase><testcase classname="src.pymortests.vectorarray" file="src/pymortests/vectorarray.py" line="546" name="test_dot[compatible_vector_array_pair0-&lt;lambda&gt;17]" time="0.0330047607421875"></testcase><testcase classname="src.pymortests.vectorarray" file="src/pymortests/vectorarray.py" line="546" name="test_dot[compatible_vector_array_pair0-&lt;lambda&gt;18]" time="0.008076190948486328"></testcase><testcase classname="src.pymortests.vectorarray" file="src/pymortests/vectorarray.py" line="546" name="test_dot[compatible_vector_array_pair0-&lt;lambda&gt;19]" time="0.0034537315368652344"></testcase><testcase classname="src.pymortests.vectorarray" file="src/pymortests/vectorarray.py" line="546" name="test_dot[compatible_vector_array_pair0-&lt;lambda&gt;20]" time="0.0910634994506836"></testcase><testcase classname="src.pymortests.vectorarray" file="src/pymortests/vectorarray.py" line="546" name="test_dot[compatible_vector_array_pair0-&lt;lambda&gt;21]" time="0.07398605346679688"></testcase><testcase classname="src.pymortests.vectorarray" file="src/pymortests/vectorarray.py" line="546" name="test_dot[compatible_vector_array_pair0-&lt;lambda&gt;22]" time="0.8884930610656738"></testcase><testcase classname="src.pymortests.vectorarray" file="src/pymortests/vectorarray.py" line="546" name="test_dot[compatible_vector_array_pair0-&lt;lambda&gt;23]" time="0.013562440872192383"></testcase><testcase classname="src.pymortests.vectorarray" file="src/pymortests/vectorarray.py" line="546" name="test_dot[compatible_vector_array_pair0-&lt;lambda&gt;24]" time="0.003912210464477539"></testcase><testcase classname="src.pymortests.vectorarray" file="src/pymortests/vectorarray.py" line="546" name="test_dot[compatible_vector_array_pair0-&lt;lambda&gt;25]" time="0.003235340118408203"></testcase><testcase classname="src.pymortests.vectorarray" file="src/pymortests/vectorarray.py" line="546" name="test_dot[compatible_vector_array_pair0-&lt;lambda&gt;26]" time="0.04430818557739258"></testcase><testcase classname="src.pymortests.vectorarray" file="src/pymortests/vectorarray.py" line="546" name="test_dot[compatible_vector_array_pair0-&lt;lambda&gt;27]" time="0.0764157772064209"></testcase><testcase classname="src.pymortests.vectorarray" file="src/pymortests/vectorarray.py" line="546" name="test_dot[compatible_vector_array_pair0-&lt;lambda&gt;28]" time="0.6277985572814941"></testcase><testcase classname="src.pymortests.vectorarray" file="src/pymortests/vectorarray.py" line="546" name="test_dot[compatible_vector_array_pair0-&lt;lambda&gt;29]" time="0.01369786262512207"></testcase><testcase classname="src.pymortests.vectorarray" file="src/pymortests/vectorarray.py" line="546" name="test_dot[compatible_vector_array_pair1-&lt;lambda&gt;0]" time="0.004179477691650391"></testcase><testcase classname="src.pymortests.vectorarray" file="src/pymortests/vectorarray.py" line="546" name="test_dot[compatible_vector_array_pair1-&lt;lambda&gt;1]" time="0.002257108688354492"></testcase><testcase classname="src.pymortests.vectorarray" file="src/pymortests/vectorarray.py" line="546" name="test_dot[compatible_vector_array_pair1-&lt;lambda&gt;2]" time="0.007159233093261719"></testcase><testcase classname="src.pymortests.vectorarray" file="src/pymortests/vectorarray.py" line="546" name="test_dot[compatible_vector_array_pair1-&lt;lambda&gt;3]" time="0.009145259857177734"></testcase><testcase classname="src.pymortests.vectorarray" file="src/pymortests/vectorarray.py" line="546" name="test_dot[compatible_vector_array_pair1-&lt;lambda&gt;4]" time="0.013332605361938477"></testcase><testcase classname="src.pymortests.vectorarray" file="src/pymortests/vectorarray.py" line="546" name="test_dot[compatible_vector_array_pair1-&lt;lambda&gt;5]" time="0.00827336311340332"></testcase><testcase classname="src.pymortests.vectorarray" file="src/pymortests/vectorarray.py" line="546" name="test_dot[compatible_vector_array_pair1-&lt;lambda&gt;6]" time="0.0029234886169433594"></testcase><testcase classname="src.pymortests.vectorarray" file="src/pymortests/vectorarray.py" line="546" name="test_dot[compatible_vector_array_pair1-&lt;lambda&gt;7]" time="0.002101898193359375"></testcase><testcase classname="src.pymortests.vectorarray" file="src/pymortests/vectorarray.py" line="546" name="test_dot[compatible_vector_array_pair1-&lt;lambda&gt;8]" time="0.03128647804260254"></testcase><testcase classname="src.pymortests.vectorarray" file="src/pymortests/vectorarray.py" line="546" name="test_dot[compatible_vector_array_pair1-&lt;lambda&gt;9]" time="0.06206822395324707"></testcase><testcase classname="src.pymortests.vectorarray" file="src/pymortests/vectorarray.py" line="546" name="test_dot[compatible_vector_array_pair1-&lt;lambda&gt;10]" time="0.9100644588470459"></testcase><testcase classname="src.pymortests.vectorarray" file="src/pymortests/vectorarray.py" line="546" name="test_dot[compatible_vector_array_pair1-&lt;lambda&gt;11]" time="0.010668039321899414"></testcase><testcase classname="src.pymortests.vectorarray" file="src/pymortests/vectorarray.py" line="546" name="test_dot[compatible_vector_array_pair1-&lt;lambda&gt;12]" time="0.005743265151977539"></testcase><testcase classname="src.pymortests.vectorarray" file="src/pymortests/vectorarray.py" line="546" name="test_dot[compatible_vector_array_pair1-&lt;lambda&gt;13]" time="0.0034911632537841797"></testcase><testcase classname="src.pymortests.vectorarray" file="src/pymortests/vectorarray.py" line="546" name="test_dot[compatible_vector_array_pair1-&lt;lambda&gt;14]" time="0.009872198104858398"></testcase><testcase classname="src.pymortests.vectorarray" file="src/pymortests/vectorarray.py" line="546" name="test_dot[compatible_vector_array_pair1-&lt;lambda&gt;15]" time="0.015407085418701172"></testcase><testcase classname="src.pymortests.vectorarray" file="src/pymortests/vectorarray.py" line="546" name="test_dot[compatible_vector_array_pair1-&lt;lambda&gt;16]" time="0.020160436630249023"></testcase><testcase classname="src.pymortests.vectorarray" file="src/pymortests/vectorarray.py" line="546" name="test_dot[compatible_vector_array_pair1-&lt;lambda&gt;17]" time="0.03139638900756836"></testcase><testcase classname="src.pymortests.vectorarray" file="src/pymortests/vectorarray.py" line="546" name="test_dot[compatible_vector_array_pair1-&lt;lambda&gt;18]" time="0.00840616226196289"></testcase><testcase classname="src.pymortests.vectorarray" file="src/pymortests/vectorarray.py" line="546" name="test_dot[compatible_vector_array_pair1-&lt;lambda&gt;19]" time="0.004421234130859375"></testcase><testcase classname="src.pymortests.vectorarray" file="src/pymortests/vectorarray.py" line="546" name="test_dot[compatible_vector_array_pair1-&lt;lambda&gt;20]" time="0.09392762184143066"></testcase><testcase classname="src.pymortests.vectorarray" file="src/pymortests/vectorarray.py" line="546" name="test_dot[compatible_vector_array_pair1-&lt;lambda&gt;21]" time="0.0770871639251709"></testcase><testcase classname="src.pymortests.vectorarray" file="src/pymortests/vectorarray.py" line="546" name="test_dot[compatible_vector_array_pair1-&lt;lambda&gt;22]" time="0.9040238857269287"></testcase><testcase classname="src.pymortests.vectorarray" file="src/pymortests/vectorarray.py" line="546" name="test_dot[compatible_vector_array_pair1-&lt;lambda&gt;23]" time="0.013643980026245117"></testcase><testcase classname="src.pymortests.vectorarray" file="src/pymortests/vectorarray.py" line="546" name="test_dot[compatible_vector_array_pair1-&lt;lambda&gt;24]" time="0.0039670467376708984"></testcase><testcase classname="src.pymortests.vectorarray" file="src/pymortests/vectorarray.py" line="546" name="test_dot[compatible_vector_array_pair1-&lt;lambda&gt;25]" time="0.004084587097167969"></testcase><testcase classname="src.pymortests.vectorarray" file="src/pymortests/vectorarray.py" line="546" name="test_dot[compatible_vector_array_pair1-&lt;lambda&gt;26]" time="0.0630035400390625"></testcase><testcase classname="src.pymortests.vectorarray" file="src/pymortests/vectorarray.py" line="546" name="test_dot[compatible_vector_array_pair1-&lt;lambda&gt;27]" time="0.07842588424682617"></testcase><testcase classname="src.pymortests.vectorarray" file="src/pymortests/vectorarray.py" line="546" name="test_dot[compatible_vector_array_pair1-&lt;lambda&gt;28]" time="0.6921422481536865"></testcase><testcase classname="src.pymortests.vectorarray" file="src/pymortests/vectorarray.py" line="546" name="test_dot[compatible_vector_array_pair1-&lt;lambda&gt;29]" time="0.014770269393920898"></testcase><testcase classname="src.pymortests.vectorarray" file="src/pymortests/vectorarray.py" line="546" name="test_dot[compatible_vector_array_pair2-&lt;lambda&gt;0]" time="0.004086494445800781"></testcase><testcase classname="src.pymortests.vectorarray" file="src/pymortests/vectorarray.py" line="546" name="test_dot[compatible_vector_array_pair2-&lt;lambda&gt;1]" time="0.0021393299102783203"></testcase><testcase classname="src.pymortests.vectorarray" file="src/pymortests/vectorarray.py" line="546" name="test_dot[compatible_vector_array_pair2-&lt;lambda&gt;2]" time="0.00689387321472168"></testcase><testcase classname="src.pymortests.vectorarray" file="src/pymortests/vectorarray.py" line="546" name="test_dot[compatible_vector_array_pair2-&lt;lambda&gt;3]" time="0.008914947509765625"></testcase><testcase classname="src.pymortests.vectorarray" file="src/pymortests/vectorarray.py" line="546" name="test_dot[compatible_vector_array_pair2-&lt;lambda&gt;4]" time="0.013234853744506836"></testcase><testcase classname="src.pymortests.vectorarray" file="src/pymortests/vectorarray.py" line="546" name="test_dot[compatible_vector_array_pair2-&lt;lambda&gt;5]" time="0.008032798767089844"></testcase><testcase classname="src.pymortests.vectorarray" file="src/pymortests/vectorarray.py" line="546" name="test_dot[compatible_vector_array_pair2-&lt;lambda&gt;6]" time="0.0027344226837158203"></testcase><testcase classname="src.pymortests.vectorarray" file="src/pymortests/vectorarray.py" line="546" name="test_dot[compatible_vector_array_pair2-&lt;lambda&gt;7]" time="0.002082347869873047"></testcase><testcase classname="src.pymortests.vectorarray" file="src/pymortests/vectorarray.py" line="546" name="test_dot[compatible_vector_array_pair2-&lt;lambda&gt;8]" time="0.03232908248901367"></testcase><testcase classname="src.pymortests.vectorarray" file="src/pymortests/vectorarray.py" line="546" name="test_dot[compatible_vector_array_pair2-&lt;lambda&gt;9]" time="0.06381678581237793"></testcase><testcase classname="src.pymortests.vectorarray" file="src/pymortests/vectorarray.py" line="546" name="test_dot[compatible_vector_array_pair2-&lt;lambda&gt;10]" time="0.9203910827636719"></testcase><testcase classname="src.pymortests.vectorarray" file="src/pymortests/vectorarray.py" line="546" name="test_dot[compatible_vector_array_pair2-&lt;lambda&gt;11]" time="0.010359048843383789"></testcase><testcase classname="src.pymortests.vectorarray" file="src/pymortests/vectorarray.py" line="546" name="test_dot[compatible_vector_array_pair2-&lt;lambda&gt;12]" time="0.0059015750885009766"></testcase><testcase classname="src.pymortests.vectorarray" file="src/pymortests/vectorarray.py" line="546" name="test_dot[compatible_vector_array_pair2-&lt;lambda&gt;13]" time="0.00341033935546875"></testcase><testcase classname="src.pymortests.vectorarray" file="src/pymortests/vectorarray.py" line="546" name="test_dot[compatible_vector_array_pair2-&lt;lambda&gt;14]" time="0.009634733200073242"></testcase><testcase classname="src.pymortests.vectorarray" file="src/pymortests/vectorarray.py" line="546" name="test_dot[compatible_vector_array_pair2-&lt;lambda&gt;15]" time="0.014105796813964844"></testcase><testcase classname="src.pymortests.vectorarray" file="src/pymortests/vectorarray.py" line="546" name="test_dot[compatible_vector_array_pair2-&lt;lambda&gt;16]" time="0.019703149795532227"></testcase><testcase classname="src.pymortests.vectorarray" file="src/pymortests/vectorarray.py" line="546" name="test_dot[compatible_vector_array_pair2-&lt;lambda&gt;17]" time="0.0315701961517334"></testcase><testcase classname="src.pymortests.vectorarray" file="src/pymortests/vectorarray.py" line="546" name="test_dot[compatible_vector_array_pair2-&lt;lambda&gt;18]" time="0.008247852325439453"></testcase><testcase classname="src.pymortests.vectorarray" file="src/pymortests/vectorarray.py" line="546" name="test_dot[compatible_vector_array_pair2-&lt;lambda&gt;19]" time="0.0034699440002441406"></testcase><testcase classname="src.pymortests.vectorarray" file="src/pymortests/vectorarray.py" line="546" name="test_dot[compatible_vector_array_pair2-&lt;lambda&gt;20]" time="0.09096169471740723"></testcase><testcase classname="src.pymortests.vectorarray" file="src/pymortests/vectorarray.py" line="546" name="test_dot[compatible_vector_array_pair2-&lt;lambda&gt;21]" time="0.07620358467102051"></testcase><testcase classname="src.pymortests.vectorarray" file="src/pymortests/vectorarray.py" line="546" name="test_dot[compatible_vector_array_pair2-&lt;lambda&gt;22]" time="0.8890399932861328"></testcase><testcase classname="src.pymortests.vectorarray" file="src/pymortests/vectorarray.py" line="546" name="test_dot[compatible_vector_array_pair2-&lt;lambda&gt;23]" time="0.013553142547607422"></testcase><testcase classname="src.pymortests.vectorarray" file="src/pymortests/vectorarray.py" line="546" name="test_dot[compatible_vector_array_pair2-&lt;lambda&gt;24]" time="0.0041844844818115234"></testcase><testcase classname="src.pymortests.vectorarray" file="src/pymortests/vectorarray.py" line="546" name="test_dot[compatible_vector_array_pair2-&lt;lambda&gt;25]" time="0.004400730133056641"></testcase><testcase classname="src.pymortests.vectorarray" file="src/pymortests/vectorarray.py" line="546" name="test_dot[compatible_vector_array_pair2-&lt;lambda&gt;26]" time="0.06515026092529297"></testcase><testcase classname="src.pymortests.vectorarray" file="src/pymortests/vectorarray.py" line="546" name="test_dot[compatible_vector_array_pair2-&lt;lambda&gt;27]" time="0.07775282859802246"></testcase><testcase classname="src.pymortests.vectorarray" file="src/pymortests/vectorarray.py" line="546" name="test_dot[compatible_vector_array_pair2-&lt;lambda&gt;28]" time="0.6817831993103027"></testcase><testcase classname="src.pymortests.vectorarray" file="src/pymortests/vectorarray.py" line="546" name="test_dot[compatible_vector_array_pair2-&lt;lambda&gt;29]" time="0.014745473861694336"></testcase><testcase classname="src.pymortests.vectorarray" file="src/pymortests/vectorarray.py" line="546" name="test_dot[compatible_vector_array_pair3-&lt;lambda&gt;0]" time="0.0041158199310302734"></testcase><testcase classname="src.pymortests.vectorarray" file="src/pymortests/vectorarray.py" line="546" name="test_dot[compatible_vector_array_pair3-&lt;lambda&gt;1]" time="0.0021712779998779297"></testcase><testcase classname="src.pymortests.vectorarray" file="src/pymortests/vectorarray.py" line="546" name="test_dot[compatible_vector_array_pair3-&lt;lambda&gt;2]" time="0.006989479064941406"></testcase><testcase classname="src.pymortests.vectorarray" file="src/pymortests/vectorarray.py" line="546" name="test_dot[compatible_vector_array_pair3-&lt;lambda&gt;3]" time="0.009083747863769531"></testcase><testcase classname="src.pymortests.vectorarray" file="src/pymortests/vectorarray.py" line="546" name="test_dot[compatible_vector_array_pair3-&lt;lambda&gt;4]" time="0.01381373405456543"></testcase><testcase classname="src.pymortests.vectorarray" file="src/pymortests/vectorarray.py" line="546" name="test_dot[compatible_vector_array_pair3-&lt;lambda&gt;5]" time="0.008311033248901367"></testcase><testcase classname="src.pymortests.vectorarray" file="src/pymortests/vectorarray.py" line="546" name="test_dot[compatible_vector_array_pair3-&lt;lambda&gt;6]" time="0.0028557777404785156"></testcase><testcase classname="src.pymortests.vectorarray" file="src/pymortests/vectorarray.py" line="546" name="test_dot[compatible_vector_array_pair3-&lt;lambda&gt;7]" time="0.002035379409790039"></testcase><testcase classname="src.pymortests.vectorarray" file="src/pymortests/vectorarray.py" line="546" name="test_dot[compatible_vector_array_pair3-&lt;lambda&gt;8]" time="0.031126022338867188"></testcase><testcase classname="src.pymortests.vectorarray" file="src/pymortests/vectorarray.py" line="546" name="test_dot[compatible_vector_array_pair3-&lt;lambda&gt;9]" time="0.06264305114746094"></testcase><testcase classname="src.pymortests.vectorarray" file="src/pymortests/vectorarray.py" line="546" name="test_dot[compatible_vector_array_pair3-&lt;lambda&gt;10]" time="0.9051353931427002"></testcase><testcase classname="src.pymortests.vectorarray" file="src/pymortests/vectorarray.py" line="546" name="test_dot[compatible_vector_array_pair3-&lt;lambda&gt;11]" time="0.010299444198608398"></testcase><testcase classname="src.pymortests.vectorarray" file="src/pymortests/vectorarray.py" line="546" name="test_dot[compatible_vector_array_pair3-&lt;lambda&gt;12]" time="0.004734992980957031"></testcase><testcase classname="src.pymortests.vectorarray" file="src/pymortests/vectorarray.py" line="546" name="test_dot[compatible_vector_array_pair3-&lt;lambda&gt;13]" time="0.003408670425415039"></testcase><testcase classname="src.pymortests.vectorarray" file="src/pymortests/vectorarray.py" line="546" name="test_dot[compatible_vector_array_pair3-&lt;lambda&gt;14]" time="0.009847640991210938"></testcase><testcase classname="src.pymortests.vectorarray" file="src/pymortests/vectorarray.py" line="546" name="test_dot[compatible_vector_array_pair3-&lt;lambda&gt;15]" time="0.014056205749511719"></testcase><testcase classname="src.pymortests.vectorarray" file="src/pymortests/vectorarray.py" line="546" name="test_dot[compatible_vector_array_pair3-&lt;lambda&gt;16]" time="0.020232439041137695"></testcase><testcase classname="src.pymortests.vectorarray" file="src/pymortests/vectorarray.py" line="546" name="test_dot[compatible_vector_array_pair3-&lt;lambda&gt;17]" time="0.0318608283996582"></testcase><testcase classname="src.pymortests.vectorarray" file="src/pymortests/vectorarray.py" line="546" name="test_dot[compatible_vector_array_pair3-&lt;lambda&gt;18]" time="0.008165121078491211"></testcase><testcase classname="src.pymortests.vectorarray" file="src/pymortests/vectorarray.py" line="546" name="test_dot[compatible_vector_array_pair3-&lt;lambda&gt;19]" time="0.0034999847412109375"></testcase><testcase classname="src.pymortests.vectorarray" file="src/pymortests/vectorarray.py" line="546" name="test_dot[compatible_vector_array_pair3-&lt;lambda&gt;20]" time="0.09229516983032227"></testcase><testcase classname="src.pymortests.vectorarray" file="src/pymortests/vectorarray.py" line="546" name="test_dot[compatible_vector_array_pair3-&lt;lambda&gt;21]" time="0.07527017593383789"></testcase><testcase classname="src.pymortests.vectorarray" file="src/pymortests/vectorarray.py" line="546" name="test_dot[compatible_vector_array_pair3-&lt;lambda&gt;22]" time="0.9005470275878906"></testcase><testcase classname="src.pymortests.vectorarray" file="src/pymortests/vectorarray.py" line="546" name="test_dot[compatible_vector_array_pair3-&lt;lambda&gt;23]" time="0.013971567153930664"></testcase><testcase classname="src.pymortests.vectorarray" file="src/pymortests/vectorarray.py" line="546" name="test_dot[compatible_vector_array_pair3-&lt;lambda&gt;24]" time="0.0039060115814208984"></testcase><testcase classname="src.pymortests.vectorarray" file="src/pymortests/vectorarray.py" line="546" name="test_dot[compatible_vector_array_pair3-&lt;lambda&gt;25]" time="0.0030977725982666016"></testcase><testcase classname="src.pymortests.vectorarray" file="src/pymortests/vectorarray.py" line="546" name="test_dot[compatible_vector_array_pair3-&lt;lambda&gt;26]" time="0.045891761779785156"></testcase><testcase classname="src.pymortests.vectorarray" file="src/pymortests/vectorarray.py" line="546" name="test_dot[compatible_vector_array_pair3-&lt;lambda&gt;27]" time="0.09541130065917969"></testcase><testcase classname="src.pymortests.vectorarray" file="src/pymortests/vectorarray.py" line="546" name="test_dot[compatible_vector_array_pair3-&lt;lambda&gt;28]" time="0.6895880699157715"></testcase><testcase classname="src.pymortests.vectorarray" file="src/pymortests/vectorarray.py" line="546" name="test_dot[compatible_vector_array_pair3-&lt;lambda&gt;29]" time="0.014991521835327148"></testcase><testcase classname="src.pymortests.vectorarray" file="src/pymortests/vectorarray.py" line="546" name="test_dot[compatible_vector_array_pair4-&lt;lambda&gt;0]" time="0.004095792770385742"></testcase><testcase classname="src.pymortests.vectorarray" file="src/pymortests/vectorarray.py" line="546" name="test_dot[compatible_vector_array_pair4-&lt;lambda&gt;1]" time="0.0022211074829101562"></testcase><testcase classname="src.pymortests.vectorarray" file="src/pymortests/vectorarray.py" line="546" name="test_dot[compatible_vector_array_pair4-&lt;lambda&gt;2]" time="0.0069544315338134766"></testcase><testcase classname="src.pymortests.vectorarray" file="src/pymortests/vectorarray.py" line="546" name="test_dot[compatible_vector_array_pair4-&lt;lambda&gt;3]" time="0.00904393196105957"></testcase><testcase classname="src.pymortests.vectorarray" file="src/pymortests/vectorarray.py" line="546" name="test_dot[compatible_vector_array_pair4-&lt;lambda&gt;4]" time="0.0133819580078125"></testcase><testcase classname="src.pymortests.vectorarray" file="src/pymortests/vectorarray.py" line="546" name="test_dot[compatible_vector_array_pair4-&lt;lambda&gt;5]" time="0.00840902328491211"></testcase><testcase classname="src.pymortests.vectorarray" file="src/pymortests/vectorarray.py" line="546" name="test_dot[compatible_vector_array_pair4-&lt;lambda&gt;6]" time="0.0029363632202148438"></testcase><testcase classname="src.pymortests.vectorarray" file="src/pymortests/vectorarray.py" line="546" name="test_dot[compatible_vector_array_pair4-&lt;lambda&gt;7]" time="0.0021538734436035156"></testcase><testcase classname="src.pymortests.vectorarray" file="src/pymortests/vectorarray.py" line="546" name="test_dot[compatible_vector_array_pair4-&lt;lambda&gt;8]" time="0.0314180850982666"></testcase><testcase classname="src.pymortests.vectorarray" file="src/pymortests/vectorarray.py" line="546" name="test_dot[compatible_vector_array_pair4-&lt;lambda&gt;9]" time="0.06315064430236816"></testcase><testcase classname="src.pymortests.vectorarray" file="src/pymortests/vectorarray.py" line="546" name="test_dot[compatible_vector_array_pair4-&lt;lambda&gt;10]" time="0.9135816097259521"></testcase><testcase classname="src.pymortests.vectorarray" file="src/pymortests/vectorarray.py" line="546" name="test_dot[compatible_vector_array_pair4-&lt;lambda&gt;11]" time="0.010257720947265625"></testcase><testcase classname="src.pymortests.vectorarray" file="src/pymortests/vectorarray.py" line="546" name="test_dot[compatible_vector_array_pair4-&lt;lambda&gt;12]" time="0.004748106002807617"></testcase><testcase classname="src.pymortests.vectorarray" file="src/pymortests/vectorarray.py" line="546" name="test_dot[compatible_vector_array_pair4-&lt;lambda&gt;13]" time="0.0034456253051757812"></testcase><testcase classname="src.pymortests.vectorarray" file="src/pymortests/vectorarray.py" line="546" name="test_dot[compatible_vector_array_pair4-&lt;lambda&gt;14]" time="0.009768009185791016"></testcase><testcase classname="src.pymortests.vectorarray" file="src/pymortests/vectorarray.py" line="546" name="test_dot[compatible_vector_array_pair4-&lt;lambda&gt;15]" time="0.014470338821411133"></testcase><testcase classname="src.pymortests.vectorarray" file="src/pymortests/vectorarray.py" line="546" name="test_dot[compatible_vector_array_pair4-&lt;lambda&gt;16]" time="0.020061016082763672"></testcase><testcase classname="src.pymortests.vectorarray" file="src/pymortests/vectorarray.py" line="546" name="test_dot[compatible_vector_array_pair4-&lt;lambda&gt;17]" time="0.03096747398376465"></testcase><testcase classname="src.pymortests.vectorarray" file="src/pymortests/vectorarray.py" line="546" name="test_dot[compatible_vector_array_pair4-&lt;lambda&gt;18]" time="0.008183717727661133"></testcase><testcase classname="src.pymortests.vectorarray" file="src/pymortests/vectorarray.py" line="546" name="test_dot[compatible_vector_array_pair4-&lt;lambda&gt;19]" time="0.003383159637451172"></testcase><testcase classname="src.pymortests.vectorarray" file="src/pymortests/vectorarray.py" line="546" name="test_dot[compatible_vector_array_pair4-&lt;lambda&gt;20]" time="0.09161543846130371"></testcase><testcase classname="src.pymortests.vectorarray" file="src/pymortests/vectorarray.py" line="546" name="test_dot[compatible_vector_array_pair4-&lt;lambda&gt;21]" time="0.07407569885253906"></testcase><testcase classname="src.pymortests.vectorarray" file="src/pymortests/vectorarray.py" line="546" name="test_dot[compatible_vector_array_pair4-&lt;lambda&gt;22]" time="0.8893375396728516"></testcase><testcase classname="src.pymortests.vectorarray" file="src/pymortests/vectorarray.py" line="546" name="test_dot[compatible_vector_array_pair4-&lt;lambda&gt;23]" time="0.013813495635986328"></testcase><testcase classname="src.pymortests.vectorarray" file="src/pymortests/vectorarray.py" line="546" name="test_dot[compatible_vector_array_pair4-&lt;lambda&gt;24]" time="0.003986358642578125"></testcase><testcase classname="src.pymortests.vectorarray" file="src/pymortests/vectorarray.py" line="546" name="test_dot[compatible_vector_array_pair4-&lt;lambda&gt;25]" time="0.003942728042602539"></testcase><testcase classname="src.pymortests.vectorarray" file="src/pymortests/vectorarray.py" line="546" name="test_dot[compatible_vector_array_pair4-&lt;lambda&gt;26]" time="0.06714582443237305"></testcase><testcase classname="src.pymortests.vectorarray" file="src/pymortests/vectorarray.py" line="546" name="test_dot[compatible_vector_array_pair4-&lt;lambda&gt;27]" time="0.10295796394348145"></testcase><testcase classname="src.pymortests.vectorarray" file="src/pymortests/vectorarray.py" line="546" name="test_dot[compatible_vector_array_pair4-&lt;lambda&gt;28]" time="0.7599117755889893"></testcase><testcase classname="src.pymortests.vectorarray" file="src/pymortests/vectorarray.py" line="546" name="test_dot[compatible_vector_array_pair4-&lt;lambda&gt;29]" time="0.01567673683166504"></testcase><testcase classname="src.pymortests.vectorarray" file="src/pymortests/vectorarray.py" line="546" name="test_dot[compatible_vector_array_pair5-&lt;lambda&gt;0]" time="0.0041179656982421875"></testcase><testcase classname="src.pymortests.vectorarray" file="src/pymortests/vectorarray.py" line="546" name="test_dot[compatible_vector_array_pair5-&lt;lambda&gt;1]" time="0.0021517276763916016"></testcase><testcase classname="src.pymortests.vectorarray" file="src/pymortests/vectorarray.py" line="546" name="test_dot[compatible_vector_array_pair5-&lt;lambda&gt;2]" time="0.0068950653076171875"></testcase><testcase classname="src.pymortests.vectorarray" file="src/pymortests/vectorarray.py" line="546" name="test_dot[compatible_vector_array_pair5-&lt;lambda&gt;3]" time="0.009217500686645508"></testcase><testcase classname="src.pymortests.vectorarray" file="src/pymortests/vectorarray.py" line="546" name="test_dot[compatible_vector_array_pair5-&lt;lambda&gt;4]" time="0.013602733612060547"></testcase><testcase classname="src.pymortests.vectorarray" file="src/pymortests/vectorarray.py" line="546" name="test_dot[compatible_vector_array_pair5-&lt;lambda&gt;5]" time="0.008398771286010742"></testcase><testcase classname="src.pymortests.vectorarray" file="src/pymortests/vectorarray.py" line="546" name="test_dot[compatible_vector_array_pair5-&lt;lambda&gt;6]" time="0.00279998779296875"></testcase><testcase classname="src.pymortests.vectorarray" file="src/pymortests/vectorarray.py" line="546" name="test_dot[compatible_vector_array_pair5-&lt;lambda&gt;7]" time="0.002039194107055664"></testcase><testcase classname="src.pymortests.vectorarray" file="src/pymortests/vectorarray.py" line="546" name="test_dot[compatible_vector_array_pair5-&lt;lambda&gt;8]" time="0.031676530838012695"></testcase><testcase classname="src.pymortests.vectorarray" file="src/pymortests/vectorarray.py" line="546" name="test_dot[compatible_vector_array_pair5-&lt;lambda&gt;9]" time="0.06238389015197754"></testcase><testcase classname="src.pymortests.vectorarray" file="src/pymortests/vectorarray.py" line="546" name="test_dot[compatible_vector_array_pair5-&lt;lambda&gt;10]" time="0.9102873802185059"></testcase><testcase classname="src.pymortests.vectorarray" file="src/pymortests/vectorarray.py" line="546" name="test_dot[compatible_vector_array_pair5-&lt;lambda&gt;11]" time="0.010314226150512695"></testcase><testcase classname="src.pymortests.vectorarray" file="src/pymortests/vectorarray.py" line="546" name="test_dot[compatible_vector_array_pair5-&lt;lambda&gt;12]" time="0.0047359466552734375"></testcase><testcase classname="src.pymortests.vectorarray" file="src/pymortests/vectorarray.py" line="546" name="test_dot[compatible_vector_array_pair5-&lt;lambda&gt;13]" time="0.003458738327026367"></testcase><testcase classname="src.pymortests.vectorarray" file="src/pymortests/vectorarray.py" line="546" name="test_dot[compatible_vector_array_pair5-&lt;lambda&gt;14]" time="0.010305166244506836"></testcase><testcase classname="src.pymortests.vectorarray" file="src/pymortests/vectorarray.py" line="546" name="test_dot[compatible_vector_array_pair5-&lt;lambda&gt;15]" time="0.014610767364501953"></testcase><testcase classname="src.pymortests.vectorarray" file="src/pymortests/vectorarray.py" line="546" name="test_dot[compatible_vector_array_pair5-&lt;lambda&gt;16]" time="0.02049088478088379"></testcase><testcase classname="src.pymortests.vectorarray" file="src/pymortests/vectorarray.py" line="546" name="test_dot[compatible_vector_array_pair5-&lt;lambda&gt;17]" time="0.03096294403076172"></testcase><testcase classname="src.pymortests.vectorarray" file="src/pymortests/vectorarray.py" line="546" name="test_dot[compatible_vector_array_pair5-&lt;lambda&gt;18]" time="0.00831294059753418"></testcase><testcase classname="src.pymortests.vectorarray" file="src/pymortests/vectorarray.py" line="546" name="test_dot[compatible_vector_array_pair5-&lt;lambda&gt;19]" time="0.0036077499389648438"></testcase><testcase classname="src.pymortests.vectorarray" file="src/pymortests/vectorarray.py" line="546" name="test_dot[compatible_vector_array_pair5-&lt;lambda&gt;20]" time="0.09097981452941895"></testcase><testcase classname="src.pymortests.vectorarray" file="src/pymortests/vectorarray.py" line="546" name="test_dot[compatible_vector_array_pair5-&lt;lambda&gt;21]" time="0.07605934143066406"></testcase><testcase classname="src.pymortests.vectorarray" file="src/pymortests/vectorarray.py" line="546" name="test_dot[compatible_vector_array_pair5-&lt;lambda&gt;22]" time="0.8712410926818848"></testcase><testcase classname="src.pymortests.vectorarray" file="src/pymortests/vectorarray.py" line="546" name="test_dot[compatible_vector_array_pair5-&lt;lambda&gt;23]" time="0.013677120208740234"></testcase><testcase classname="src.pymortests.vectorarray" file="src/pymortests/vectorarray.py" line="546" name="test_dot[compatible_vector_array_pair5-&lt;lambda&gt;24]" time="0.004080057144165039"></testcase><testcase classname="src.pymortests.vectorarray" file="src/pymortests/vectorarray.py" line="546" name="test_dot[compatible_vector_array_pair5-&lt;lambda&gt;25]" time="0.0041005611419677734"></testcase><testcase classname="src.pymortests.vectorarray" file="src/pymortests/vectorarray.py" line="546" name="test_dot[compatible_vector_array_pair5-&lt;lambda&gt;26]" time="0.0647118091583252"></testcase><testcase classname="src.pymortests.vectorarray" file="src/pymortests/vectorarray.py" line="546" name="test_dot[compatible_vector_array_pair5-&lt;lambda&gt;27]" time="0.10122513771057129"></testcase><testcase classname="src.pymortests.vectorarray" file="src/pymortests/vectorarray.py" line="546" name="test_dot[compatible_vector_array_pair5-&lt;lambda&gt;28]" time="0.7519431114196777"></testcase><testcase classname="src.pymortests.vectorarray" file="src/pymortests/vectorarray.py" line="546" name="test_dot[compatible_vector_array_pair5-&lt;lambda&gt;29]" time="0.01616072654724121"></testcase><testcase classname="src.pymortests.vectorarray" file="src/pymortests/vectorarray.py" line="546" name="test_dot[compatible_vector_array_pair6-&lt;lambda&gt;0]" time="0.004278659820556641"></testcase><testcase classname="src.pymortests.vectorarray" file="src/pymortests/vectorarray.py" line="546" name="test_dot[compatible_vector_array_pair6-&lt;lambda&gt;1]" time="0.0022296905517578125"></testcase><testcase classname="src.pymortests.vectorarray" file="src/pymortests/vectorarray.py" line="546" name="test_dot[compatible_vector_array_pair6-&lt;lambda&gt;2]" time="0.00710749626159668"></testcase><testcase classname="src.pymortests.vectorarray" file="src/pymortests/vectorarray.py" line="546" name="test_dot[compatible_vector_array_pair6-&lt;lambda&gt;3]" time="0.009171247482299805"></testcase><testcase classname="src.pymortests.vectorarray" file="src/pymortests/vectorarray.py" line="546" name="test_dot[compatible_vector_array_pair6-&lt;lambda&gt;4]" time="0.01368403434753418"></testcase><testcase classname="src.pymortests.vectorarray" file="src/pymortests/vectorarray.py" line="546" name="test_dot[compatible_vector_array_pair6-&lt;lambda&gt;5]" time="0.008413076400756836"></testcase><testcase classname="src.pymortests.vectorarray" file="src/pymortests/vectorarray.py" line="546" name="test_dot[compatible_vector_array_pair6-&lt;lambda&gt;6]" time="0.0029053688049316406"></testcase><testcase classname="src.pymortests.vectorarray" file="src/pymortests/vectorarray.py" line="546" name="test_dot[compatible_vector_array_pair6-&lt;lambda&gt;7]" time="0.0020728111267089844"></testcase><testcase classname="src.pymortests.vectorarray" file="src/pymortests/vectorarray.py" line="546" name="test_dot[compatible_vector_array_pair6-&lt;lambda&gt;8]" time="0.03188967704772949"></testcase><testcase classname="src.pymortests.vectorarray" file="src/pymortests/vectorarray.py" line="546" name="test_dot[compatible_vector_array_pair6-&lt;lambda&gt;9]" time="0.06378674507141113"></testcase><testcase classname="src.pymortests.vectorarray" file="src/pymortests/vectorarray.py" line="546" name="test_dot[compatible_vector_array_pair6-&lt;lambda&gt;10]" time="0.9380772113800049"></testcase><testcase classname="src.pymortests.vectorarray" file="src/pymortests/vectorarray.py" line="546" name="test_dot[compatible_vector_array_pair6-&lt;lambda&gt;11]" time="0.011124372482299805"></testcase><testcase classname="src.pymortests.vectorarray" file="src/pymortests/vectorarray.py" line="546" name="test_dot[compatible_vector_array_pair6-&lt;lambda&gt;12]" time="0.006429910659790039"></testcase><testcase classname="src.pymortests.vectorarray" file="src/pymortests/vectorarray.py" line="546" name="test_dot[compatible_vector_array_pair6-&lt;lambda&gt;13]" time="0.0035657882690429688"></testcase><testcase classname="src.pymortests.vectorarray" file="src/pymortests/vectorarray.py" line="546" name="test_dot[compatible_vector_array_pair6-&lt;lambda&gt;14]" time="0.010371685028076172"></testcase><testcase classname="src.pymortests.vectorarray" file="src/pymortests/vectorarray.py" line="546" name="test_dot[compatible_vector_array_pair6-&lt;lambda&gt;15]" time="0.01501154899597168"></testcase><testcase classname="src.pymortests.vectorarray" file="src/pymortests/vectorarray.py" line="546" name="test_dot[compatible_vector_array_pair6-&lt;lambda&gt;16]" time="0.021366119384765625"></testcase><testcase classname="src.pymortests.vectorarray" file="src/pymortests/vectorarray.py" line="546" name="test_dot[compatible_vector_array_pair6-&lt;lambda&gt;17]" time="0.03268241882324219"></testcase><testcase classname="src.pymortests.vectorarray" file="src/pymortests/vectorarray.py" line="546" name="test_dot[compatible_vector_array_pair6-&lt;lambda&gt;18]" time="0.008764266967773438"></testcase><testcase classname="src.pymortests.vectorarray" file="src/pymortests/vectorarray.py" line="546" name="test_dot[compatible_vector_array_pair6-&lt;lambda&gt;19]" time="0.004662990570068359"></testcase><testcase classname="src.pymortests.vectorarray" file="src/pymortests/vectorarray.py" line="546" name="test_dot[compatible_vector_array_pair6-&lt;lambda&gt;20]" time="0.09339356422424316"></testcase><testcase classname="src.pymortests.vectorarray" file="src/pymortests/vectorarray.py" line="546" name="test_dot[compatible_vector_array_pair6-&lt;lambda&gt;21]" time="0.07644367218017578"></testcase><testcase classname="src.pymortests.vectorarray" file="src/pymortests/vectorarray.py" line="546" name="test_dot[compatible_vector_array_pair6-&lt;lambda&gt;22]" time="0.9183249473571777"></testcase><testcase classname="src.pymortests.vectorarray" file="src/pymortests/vectorarray.py" line="546" name="test_dot[compatible_vector_array_pair6-&lt;lambda&gt;23]" time="0.013952255249023438"></testcase><testcase classname="src.pymortests.vectorarray" file="src/pymortests/vectorarray.py" line="546" name="test_dot[compatible_vector_array_pair6-&lt;lambda&gt;24]" time="0.004283905029296875"></testcase><testcase classname="src.pymortests.vectorarray" file="src/pymortests/vectorarray.py" line="546" name="test_dot[compatible_vector_array_pair6-&lt;lambda&gt;25]" time="0.003169536590576172"></testcase><testcase classname="src.pymortests.vectorarray" file="src/pymortests/vectorarray.py" line="546" name="test_dot[compatible_vector_array_pair6-&lt;lambda&gt;26]" time="0.046295881271362305"></testcase><testcase classname="src.pymortests.vectorarray" file="src/pymortests/vectorarray.py" line="546" name="test_dot[compatible_vector_array_pair6-&lt;lambda&gt;27]" time="0.0970606803894043"></testcase><testcase classname="src.pymortests.vectorarray" file="src/pymortests/vectorarray.py" line="546" name="test_dot[compatible_vector_array_pair6-&lt;lambda&gt;28]" time="0.6973214149475098"></testcase><testcase classname="src.pymortests.vectorarray" file="src/pymortests/vectorarray.py" line="546" name="test_dot[compatible_vector_array_pair6-&lt;lambda&gt;29]" time="0.014912128448486328"></testcase><testcase classname="src.pymortests.vectorarray" file="src/pymortests/vectorarray.py" line="546" name="test_dot[compatible_vector_array_pair7-&lt;lambda&gt;0]" time="0.004209756851196289"></testcase><testcase classname="src.pymortests.vectorarray" file="src/pymortests/vectorarray.py" line="546" name="test_dot[compatible_vector_array_pair7-&lt;lambda&gt;1]" time="0.0022132396697998047"></testcase><testcase classname="src.pymortests.vectorarray" file="src/pymortests/vectorarray.py" line="546" name="test_dot[compatible_vector_array_pair7-&lt;lambda&gt;2]" time="0.007111072540283203"></testcase><testcase classname="src.pymortests.vectorarray" file="src/pymortests/vectorarray.py" line="546" name="test_dot[compatible_vector_array_pair7-&lt;lambda&gt;3]" time="0.009744405746459961"></testcase><testcase classname="src.pymortests.vectorarray" file="src/pymortests/vectorarray.py" line="546" name="test_dot[compatible_vector_array_pair7-&lt;lambda&gt;4]" time="0.013887643814086914"></testcase><testcase classname="src.pymortests.vectorarray" file="src/pymortests/vectorarray.py" line="546" name="test_dot[compatible_vector_array_pair7-&lt;lambda&gt;5]" time="0.00833749771118164"></testcase><testcase classname="src.pymortests.vectorarray" file="src/pymortests/vectorarray.py" line="546" name="test_dot[compatible_vector_array_pair7-&lt;lambda&gt;6]" time="0.0029191970825195312"></testcase><testcase classname="src.pymortests.vectorarray" file="src/pymortests/vectorarray.py" line="546" name="test_dot[compatible_vector_array_pair7-&lt;lambda&gt;7]" time="0.002237558364868164"></testcase><testcase classname="src.pymortests.vectorarray" file="src/pymortests/vectorarray.py" line="546" name="test_dot[compatible_vector_array_pair7-&lt;lambda&gt;8]" time="0.031859636306762695"></testcase><testcase classname="src.pymortests.vectorarray" file="src/pymortests/vectorarray.py" line="546" name="test_dot[compatible_vector_array_pair7-&lt;lambda&gt;9]" time="0.06363487243652344"></testcase><testcase classname="src.pymortests.vectorarray" file="src/pymortests/vectorarray.py" line="546" name="test_dot[compatible_vector_array_pair7-&lt;lambda&gt;10]" time="0.9353411197662354"></testcase><testcase classname="src.pymortests.vectorarray" file="src/pymortests/vectorarray.py" line="546" name="test_dot[compatible_vector_array_pair7-&lt;lambda&gt;11]" time="0.011071443557739258"></testcase><testcase classname="src.pymortests.vectorarray" file="src/pymortests/vectorarray.py" line="546" name="test_dot[compatible_vector_array_pair7-&lt;lambda&gt;12]" time="0.00625300407409668"></testcase><testcase classname="src.pymortests.vectorarray" file="src/pymortests/vectorarray.py" line="546" name="test_dot[compatible_vector_array_pair7-&lt;lambda&gt;13]" time="0.0037794113159179688"></testcase><testcase classname="src.pymortests.vectorarray" file="src/pymortests/vectorarray.py" line="546" name="test_dot[compatible_vector_array_pair7-&lt;lambda&gt;14]" time="0.01020956039428711"></testcase><testcase classname="src.pymortests.vectorarray" file="src/pymortests/vectorarray.py" line="546" name="test_dot[compatible_vector_array_pair7-&lt;lambda&gt;15]" time="0.014925956726074219"></testcase><testcase classname="src.pymortests.vectorarray" file="src/pymortests/vectorarray.py" line="546" name="test_dot[compatible_vector_array_pair7-&lt;lambda&gt;16]" time="0.020929574966430664"></testcase><testcase classname="src.pymortests.vectorarray" file="src/pymortests/vectorarray.py" line="546" name="test_dot[compatible_vector_array_pair7-&lt;lambda&gt;17]" time="0.03254818916320801"></testcase><testcase classname="src.pymortests.vectorarray" file="src/pymortests/vectorarray.py" line="546" name="test_dot[compatible_vector_array_pair7-&lt;lambda&gt;18]" time="0.008783340454101562"></testcase><testcase classname="src.pymortests.vectorarray" file="src/pymortests/vectorarray.py" line="546" name="test_dot[compatible_vector_array_pair7-&lt;lambda&gt;19]" time="0.004554271697998047"></testcase><testcase classname="src.pymortests.vectorarray" file="src/pymortests/vectorarray.py" line="546" name="test_dot[compatible_vector_array_pair7-&lt;lambda&gt;20]" time="0.0947575569152832"></testcase><testcase classname="src.pymortests.vectorarray" file="src/pymortests/vectorarray.py" line="546" name="test_dot[compatible_vector_array_pair7-&lt;lambda&gt;21]" time="0.07625961303710938"></testcase><testcase classname="src.pymortests.vectorarray" file="src/pymortests/vectorarray.py" line="546" name="test_dot[compatible_vector_array_pair7-&lt;lambda&gt;22]" time="0.9219119548797607"></testcase><testcase classname="src.pymortests.vectorarray" file="src/pymortests/vectorarray.py" line="546" name="test_dot[compatible_vector_array_pair7-&lt;lambda&gt;23]" time="0.013961315155029297"></testcase><testcase classname="src.pymortests.vectorarray" file="src/pymortests/vectorarray.py" line="546" name="test_dot[compatible_vector_array_pair7-&lt;lambda&gt;24]" time="0.0042192935943603516"></testcase><testcase classname="src.pymortests.vectorarray" file="src/pymortests/vectorarray.py" line="546" name="test_dot[compatible_vector_array_pair7-&lt;lambda&gt;25]" time="0.004111766815185547"></testcase><testcase classname="src.pymortests.vectorarray" file="src/pymortests/vectorarray.py" line="546" name="test_dot[compatible_vector_array_pair7-&lt;lambda&gt;26]" time="0.06586074829101562"></testcase><testcase classname="src.pymortests.vectorarray" file="src/pymortests/vectorarray.py" line="546" name="test_dot[compatible_vector_array_pair7-&lt;lambda&gt;27]" time="0.10107207298278809"></testcase><testcase classname="src.pymortests.vectorarray" file="src/pymortests/vectorarray.py" line="546" name="test_dot[compatible_vector_array_pair7-&lt;lambda&gt;28]" time="0.748377799987793"></testcase><testcase classname="src.pymortests.vectorarray" file="src/pymortests/vectorarray.py" line="546" name="test_dot[compatible_vector_array_pair7-&lt;lambda&gt;29]" time="0.015424013137817383"></testcase><testcase classname="src.pymortests.vectorarray" file="src/pymortests/vectorarray.py" line="546" name="test_dot[compatible_vector_array_pair8-&lt;lambda&gt;0]" time="0.004178047180175781"></testcase><testcase classname="src.pymortests.vectorarray" file="src/pymortests/vectorarray.py" line="546" name="test_dot[compatible_vector_array_pair8-&lt;lambda&gt;1]" time="0.002076864242553711"></testcase><testcase classname="src.pymortests.vectorarray" file="src/pymortests/vectorarray.py" line="546" name="test_dot[compatible_vector_array_pair8-&lt;lambda&gt;2]" time="0.006723642349243164"></testcase><testcase classname="src.pymortests.vectorarray" file="src/pymortests/vectorarray.py" line="546" name="test_dot[compatible_vector_array_pair8-&lt;lambda&gt;3]" time="0.008872747421264648"></testcase><testcase classname="src.pymortests.vectorarray" file="src/pymortests/vectorarray.py" line="546" name="test_dot[compatible_vector_array_pair8-&lt;lambda&gt;4]" time="0.0137176513671875"></testcase><testcase classname="src.pymortests.vectorarray" file="src/pymortests/vectorarray.py" line="546" name="test_dot[compatible_vector_array_pair8-&lt;lambda&gt;5]" time="0.008128166198730469"></testcase><testcase classname="src.pymortests.vectorarray" file="src/pymortests/vectorarray.py" line="546" name="test_dot[compatible_vector_array_pair8-&lt;lambda&gt;6]" time="0.002741098403930664"></testcase><testcase classname="src.pymortests.vectorarray" file="src/pymortests/vectorarray.py" line="546" name="test_dot[compatible_vector_array_pair8-&lt;lambda&gt;7]" time="0.0020279884338378906"></testcase><testcase classname="src.pymortests.vectorarray" file="src/pymortests/vectorarray.py" line="546" name="test_dot[compatible_vector_array_pair8-&lt;lambda&gt;8]" time="0.031313419342041016"></testcase><testcase classname="src.pymortests.vectorarray" file="src/pymortests/vectorarray.py" line="546" name="test_dot[compatible_vector_array_pair8-&lt;lambda&gt;9]" time="0.061609745025634766"></testcase><testcase classname="src.pymortests.vectorarray" file="src/pymortests/vectorarray.py" line="546" name="test_dot[compatible_vector_array_pair8-&lt;lambda&gt;10]" time="0.9132997989654541"></testcase><testcase classname="src.pymortests.vectorarray" file="src/pymortests/vectorarray.py" line="546" name="test_dot[compatible_vector_array_pair8-&lt;lambda&gt;11]" time="0.010315418243408203"></testcase><testcase classname="src.pymortests.vectorarray" file="src/pymortests/vectorarray.py" line="546" name="test_dot[compatible_vector_array_pair8-&lt;lambda&gt;12]" time="0.005749225616455078"></testcase><testcase classname="src.pymortests.vectorarray" file="src/pymortests/vectorarray.py" line="546" name="test_dot[compatible_vector_array_pair8-&lt;lambda&gt;13]" time="0.003589153289794922"></testcase><testcase classname="src.pymortests.vectorarray" file="src/pymortests/vectorarray.py" line="546" name="test_dot[compatible_vector_array_pair8-&lt;lambda&gt;14]" time="0.010059118270874023"></testcase><testcase classname="src.pymortests.vectorarray" file="src/pymortests/vectorarray.py" line="546" name="test_dot[compatible_vector_array_pair8-&lt;lambda&gt;15]" time="0.015296220779418945"></testcase><testcase classname="src.pymortests.vectorarray" file="src/pymortests/vectorarray.py" line="546" name="test_dot[compatible_vector_array_pair8-&lt;lambda&gt;16]" time="0.019867420196533203"></testcase><testcase classname="src.pymortests.vectorarray" file="src/pymortests/vectorarray.py" line="546" name="test_dot[compatible_vector_array_pair8-&lt;lambda&gt;17]" time="0.031107425689697266"></testcase><testcase classname="src.pymortests.vectorarray" file="src/pymortests/vectorarray.py" line="546" name="test_dot[compatible_vector_array_pair8-&lt;lambda&gt;18]" time="0.008139610290527344"></testcase><testcase classname="src.pymortests.vectorarray" file="src/pymortests/vectorarray.py" line="546" name="test_dot[compatible_vector_array_pair8-&lt;lambda&gt;19]" time="0.0033707618713378906"></testcase><testcase classname="src.pymortests.vectorarray" file="src/pymortests/vectorarray.py" line="546" name="test_dot[compatible_vector_array_pair8-&lt;lambda&gt;20]" time="0.09704327583312988"></testcase><testcase classname="src.pymortests.vectorarray" file="src/pymortests/vectorarray.py" line="546" name="test_dot[compatible_vector_array_pair8-&lt;lambda&gt;21]" time="0.07366323471069336"></testcase><testcase classname="src.pymortests.vectorarray" file="src/pymortests/vectorarray.py" line="546" name="test_dot[compatible_vector_array_pair8-&lt;lambda&gt;22]" time="0.9045929908752441"></testcase><testcase classname="src.pymortests.vectorarray" file="src/pymortests/vectorarray.py" line="546" name="test_dot[compatible_vector_array_pair8-&lt;lambda&gt;23]" time="0.013761758804321289"></testcase><testcase classname="src.pymortests.vectorarray" file="src/pymortests/vectorarray.py" line="546" name="test_dot[compatible_vector_array_pair8-&lt;lambda&gt;24]" time="0.003992319107055664"></testcase><testcase classname="src.pymortests.vectorarray" file="src/pymortests/vectorarray.py" line="546" name="test_dot[compatible_vector_array_pair8-&lt;lambda&gt;25]" time="0.003982067108154297"></testcase><testcase classname="src.pymortests.vectorarray" file="src/pymortests/vectorarray.py" line="546" name="test_dot[compatible_vector_array_pair8-&lt;lambda&gt;26]" time="0.06366872787475586"></testcase><testcase classname="src.pymortests.vectorarray" file="src/pymortests/vectorarray.py" line="546" name="test_dot[compatible_vector_array_pair8-&lt;lambda&gt;27]" time="0.1038365364074707"></testcase><testcase classname="src.pymortests.vectorarray" file="src/pymortests/vectorarray.py" line="546" name="test_dot[compatible_vector_array_pair8-&lt;lambda&gt;28]" time="0.7485096454620361"></testcase><testcase classname="src.pymortests.vectorarray" file="src/pymortests/vectorarray.py" line="546" name="test_dot[compatible_vector_array_pair8-&lt;lambda&gt;29]" time="0.015276908874511719"></testcase><testcase classname="src.pymortests.vectorarray" file="src/pymortests/vectorarray.py" line="561" name="test_dot_self[0-&lt;lambda&gt;0]" time="0.004651546478271484"></testcase><testcase classname="src.pymortests.vectorarray" file="src/pymortests/vectorarray.py" line="561" name="test_dot_self[0-&lt;lambda&gt;1]" time="0.003876924514770508"></testcase><testcase classname="src.pymortests.vectorarray" file="src/pymortests/vectorarray.py" line="561" name="test_dot_self[0-&lt;lambda&gt;2]" time="0.0072705745697021484"></testcase><testcase classname="src.pymortests.vectorarray" file="src/pymortests/vectorarray.py" line="561" name="test_dot_self[0-&lt;lambda&gt;3]" time="0.013731956481933594"></testcase><testcase classname="src.pymortests.vectorarray" file="src/pymortests/vectorarray.py" line="561" name="test_dot_self[0-&lt;lambda&gt;4]" time="0.016219139099121094"></testcase><testcase classname="src.pymortests.vectorarray" file="src/pymortests/vectorarray.py" line="561" name="test_dot_self[0-&lt;lambda&gt;5]" time="0.004603385925292969"></testcase><testcase classname="src.pymortests.vectorarray" file="src/pymortests/vectorarray.py" line="561" name="test_dot_self[0-&lt;lambda&gt;6]" time="0.0034766197204589844"></testcase><testcase classname="src.pymortests.vectorarray" file="src/pymortests/vectorarray.py" line="561" name="test_dot_self[0-&lt;lambda&gt;7]" time="0.014920473098754883"></testcase><testcase classname="src.pymortests.vectorarray" file="src/pymortests/vectorarray.py" line="561" name="test_dot_self[0-&lt;lambda&gt;8]" time="0.415773868560791"></testcase><testcase classname="src.pymortests.vectorarray" file="src/pymortests/vectorarray.py" line="561" name="test_dot_self[0-&lt;lambda&gt;9]" time="2.153451919555664"></testcase><testcase classname="src.pymortests.vectorarray" file="src/pymortests/vectorarray.py" line="561" name="test_dot_self[0-&lt;lambda&gt;10]" time="0.007147312164306641"></testcase><testcase classname="src.pymortests.vectorarray" file="src/pymortests/vectorarray.py" line="561" name="test_dot_self[0-&lt;lambda&gt;11]" time="0.016669034957885742"></testcase><testcase classname="src.pymortests.vectorarray" file="src/pymortests/vectorarray.py" line="561" name="test_dot_self[0-&lt;lambda&gt;12]" time="0.017189502716064453"></testcase><testcase classname="src.pymortests.vectorarray" file="src/pymortests/vectorarray.py" line="561" name="test_dot_self[0-&lt;lambda&gt;13]" time="0.010870218276977539"></testcase><testcase classname="src.pymortests.vectorarray" file="src/pymortests/vectorarray.py" line="561" name="test_dot_self[0-&lt;lambda&gt;14]" time="0.018112659454345703"></testcase><testcase classname="src.pymortests.vectorarray" file="src/pymortests/vectorarray.py" line="561" name="test_dot_self[0-&lt;lambda&gt;15]" time="0.030286312103271484"></testcase><testcase classname="src.pymortests.vectorarray" file="src/pymortests/vectorarray.py" line="561" name="test_dot_self[0-&lt;lambda&gt;16]" time="0.03939962387084961"></testcase><testcase classname="src.pymortests.vectorarray" file="src/pymortests/vectorarray.py" line="561" name="test_dot_self[0-&lt;lambda&gt;17]" time="0.009082555770874023"></testcase><testcase classname="src.pymortests.vectorarray" file="src/pymortests/vectorarray.py" line="561" name="test_dot_self[0-&lt;lambda&gt;18]" time="0.0077702999114990234"></testcase><testcase classname="src.pymortests.vectorarray" file="src/pymortests/vectorarray.py" line="561" name="test_dot_self[0-&lt;lambda&gt;19]" time="0.020786046981811523"></testcase><testcase classname="src.pymortests.vectorarray" file="src/pymortests/vectorarray.py" line="561" name="test_dot_self[0-&lt;lambda&gt;20]" time="0.38665199279785156"></testcase><testcase classname="src.pymortests.vectorarray" file="src/pymortests/vectorarray.py" line="561" name="test_dot_self[0-&lt;lambda&gt;21]" time="2.002911329269409"></testcase><testcase classname="src.pymortests.vectorarray" file="src/pymortests/vectorarray.py" line="561" name="test_dot_self[0-&lt;lambda&gt;22]" time="0.00455164909362793"></testcase><testcase classname="src.pymortests.vectorarray" file="src/pymortests/vectorarray.py" line="561" name="test_dot_self[0-&lt;lambda&gt;23]" time="0.0037457942962646484"></testcase><testcase classname="src.pymortests.vectorarray" file="src/pymortests/vectorarray.py" line="561" name="test_dot_self[0-&lt;lambda&gt;24]" time="0.01254725456237793"></testcase><testcase classname="src.pymortests.vectorarray" file="src/pymortests/vectorarray.py" line="561" name="test_dot_self[0-&lt;lambda&gt;25]" time="0.266007661819458"></testcase><testcase classname="src.pymortests.vectorarray" file="src/pymortests/vectorarray.py" line="561" name="test_dot_self[0-&lt;lambda&gt;26]" time="1.2615907192230225"></testcase><testcase classname="src.pymortests.vectorarray" file="src/pymortests/vectorarray.py" line="561" name="test_dot_self[1-&lt;lambda&gt;0]" time="0.0048906803131103516"></testcase><testcase classname="src.pymortests.vectorarray" file="src/pymortests/vectorarray.py" line="561" name="test_dot_self[1-&lt;lambda&gt;1]" time="0.004202365875244141"></testcase><testcase classname="src.pymortests.vectorarray" file="src/pymortests/vectorarray.py" line="561" name="test_dot_self[1-&lt;lambda&gt;2]" time="0.0076372623443603516"></testcase><testcase classname="src.pymortests.vectorarray" file="src/pymortests/vectorarray.py" line="561" name="test_dot_self[1-&lt;lambda&gt;3]" time="0.014739274978637695"></testcase><testcase classname="src.pymortests.vectorarray" file="src/pymortests/vectorarray.py" line="561" name="test_dot_self[1-&lt;lambda&gt;4]" time="0.01843881607055664"></testcase><testcase classname="src.pymortests.vectorarray" file="src/pymortests/vectorarray.py" line="561" name="test_dot_self[1-&lt;lambda&gt;5]" time="0.0047953128814697266"></testcase><testcase classname="src.pymortests.vectorarray" file="src/pymortests/vectorarray.py" line="561" name="test_dot_self[1-&lt;lambda&gt;6]" time="0.0036644935607910156"></testcase><testcase classname="src.pymortests.vectorarray" file="src/pymortests/vectorarray.py" line="561" name="test_dot_self[1-&lt;lambda&gt;7]" time="0.015014886856079102"></testcase><testcase classname="src.pymortests.vectorarray" file="src/pymortests/vectorarray.py" line="561" name="test_dot_self[1-&lt;lambda&gt;8]" time="0.4190061092376709"></testcase><testcase classname="src.pymortests.vectorarray" file="src/pymortests/vectorarray.py" line="561" name="test_dot_self[1-&lt;lambda&gt;9]" time="2.156874179840088"></testcase><testcase classname="src.pymortests.vectorarray" file="src/pymortests/vectorarray.py" line="561" name="test_dot_self[1-&lt;lambda&gt;10]" time="0.007178544998168945"></testcase><testcase classname="src.pymortests.vectorarray" file="src/pymortests/vectorarray.py" line="561" name="test_dot_self[1-&lt;lambda&gt;11]" time="0.016518354415893555"></testcase><testcase classname="src.pymortests.vectorarray" file="src/pymortests/vectorarray.py" line="561" name="test_dot_self[1-&lt;lambda&gt;12]" time="0.017545223236083984"></testcase><testcase classname="src.pymortests.vectorarray" file="src/pymortests/vectorarray.py" line="561" name="test_dot_self[1-&lt;lambda&gt;13]" time="0.010641098022460938"></testcase><testcase classname="src.pymortests.vectorarray" file="src/pymortests/vectorarray.py" line="561" name="test_dot_self[1-&lt;lambda&gt;14]" time="0.016819238662719727"></testcase><testcase classname="src.pymortests.vectorarray" file="src/pymortests/vectorarray.py" line="561" name="test_dot_self[1-&lt;lambda&gt;15]" time="0.030048608779907227"></testcase><testcase classname="src.pymortests.vectorarray" file="src/pymortests/vectorarray.py" line="561" name="test_dot_self[1-&lt;lambda&gt;16]" time="0.039482831954956055"></testcase><testcase classname="src.pymortests.vectorarray" file="src/pymortests/vectorarray.py" line="561" name="test_dot_self[1-&lt;lambda&gt;17]" time="0.009024858474731445"></testcase><testcase classname="src.pymortests.vectorarray" file="src/pymortests/vectorarray.py" line="561" name="test_dot_self[1-&lt;lambda&gt;18]" time="0.008846044540405273"></testcase><testcase classname="src.pymortests.vectorarray" file="src/pymortests/vectorarray.py" line="561" name="test_dot_self[1-&lt;lambda&gt;19]" time="0.019902944564819336"></testcase><testcase classname="src.pymortests.vectorarray" file="src/pymortests/vectorarray.py" line="561" name="test_dot_self[1-&lt;lambda&gt;20]" time="0.38639402389526367"></testcase><testcase classname="src.pymortests.vectorarray" file="src/pymortests/vectorarray.py" line="561" name="test_dot_self[1-&lt;lambda&gt;21]" time="2.003016471862793"></testcase><testcase classname="src.pymortests.vectorarray" file="src/pymortests/vectorarray.py" line="561" name="test_dot_self[1-&lt;lambda&gt;22]" time="0.004571676254272461"></testcase><testcase classname="src.pymortests.vectorarray" file="src/pymortests/vectorarray.py" line="561" name="test_dot_self[1-&lt;lambda&gt;23]" time="0.0038595199584960938"></testcase><testcase classname="src.pymortests.vectorarray" file="src/pymortests/vectorarray.py" line="561" name="test_dot_self[1-&lt;lambda&gt;24]" time="0.014071226119995117"></testcase><testcase classname="src.pymortests.vectorarray" file="src/pymortests/vectorarray.py" line="561" name="test_dot_self[1-&lt;lambda&gt;25]" time="0.29504847526550293"></testcase><testcase classname="src.pymortests.vectorarray" file="src/pymortests/vectorarray.py" line="561" name="test_dot_self[1-&lt;lambda&gt;26]" time="1.3213164806365967"></testcase><testcase classname="src.pymortests.vectorarray" file="src/pymortests/vectorarray.py" line="561" name="test_dot_self[2-&lt;lambda&gt;0]" time="0.004523515701293945"></testcase><testcase classname="src.pymortests.vectorarray" file="src/pymortests/vectorarray.py" line="561" name="test_dot_self[2-&lt;lambda&gt;1]" time="0.003808259963989258"></testcase><testcase classname="src.pymortests.vectorarray" file="src/pymortests/vectorarray.py" line="561" name="test_dot_self[2-&lt;lambda&gt;2]" time="0.007287025451660156"></testcase><testcase classname="src.pymortests.vectorarray" file="src/pymortests/vectorarray.py" line="561" name="test_dot_self[2-&lt;lambda&gt;3]" time="0.014115571975708008"></testcase><testcase classname="src.pymortests.vectorarray" file="src/pymortests/vectorarray.py" line="561" name="test_dot_self[2-&lt;lambda&gt;4]" time="0.01849198341369629"></testcase><testcase classname="src.pymortests.vectorarray" file="src/pymortests/vectorarray.py" line="561" name="test_dot_self[2-&lt;lambda&gt;5]" time="0.004998445510864258"></testcase><testcase classname="src.pymortests.vectorarray" file="src/pymortests/vectorarray.py" line="561" name="test_dot_self[2-&lt;lambda&gt;6]" time="0.003941059112548828"></testcase><testcase classname="src.pymortests.vectorarray" file="src/pymortests/vectorarray.py" line="561" name="test_dot_self[2-&lt;lambda&gt;7]" time="0.01556539535522461"></testcase><testcase classname="src.pymortests.vectorarray" file="src/pymortests/vectorarray.py" line="561" name="test_dot_self[2-&lt;lambda&gt;8]" time="0.4241502285003662"></testcase><testcase classname="src.pymortests.vectorarray" file="src/pymortests/vectorarray.py" line="561" name="test_dot_self[2-&lt;lambda&gt;9]" time="2.1510424613952637"></testcase><testcase classname="src.pymortests.vectorarray" file="src/pymortests/vectorarray.py" line="561" name="test_dot_self[2-&lt;lambda&gt;10]" time="0.007224321365356445"></testcase><testcase classname="src.pymortests.vectorarray" file="src/pymortests/vectorarray.py" line="561" name="test_dot_self[2-&lt;lambda&gt;11]" time="0.016391992568969727"></testcase><testcase classname="src.pymortests.vectorarray" file="src/pymortests/vectorarray.py" line="561" name="test_dot_self[2-&lt;lambda&gt;12]" time="0.017037153244018555"></testcase><testcase classname="src.pymortests.vectorarray" file="src/pymortests/vectorarray.py" line="561" name="test_dot_self[2-&lt;lambda&gt;13]" time="0.010806083679199219"></testcase><testcase classname="src.pymortests.vectorarray" file="src/pymortests/vectorarray.py" line="561" name="test_dot_self[2-&lt;lambda&gt;14]" time="0.01817488670349121"></testcase><testcase classname="src.pymortests.vectorarray" file="src/pymortests/vectorarray.py" line="561" name="test_dot_self[2-&lt;lambda&gt;15]" time="0.029531240463256836"></testcase><testcase classname="src.pymortests.vectorarray" file="src/pymortests/vectorarray.py" line="561" name="test_dot_self[2-&lt;lambda&gt;16]" time="0.04050493240356445"></testcase><testcase classname="src.pymortests.vectorarray" file="src/pymortests/vectorarray.py" line="561" name="test_dot_self[2-&lt;lambda&gt;17]" time="0.009521961212158203"></testcase><testcase classname="src.pymortests.vectorarray" file="src/pymortests/vectorarray.py" line="561" name="test_dot_self[2-&lt;lambda&gt;18]" time="0.009064435958862305"></testcase><testcase classname="src.pymortests.vectorarray" file="src/pymortests/vectorarray.py" line="561" name="test_dot_self[2-&lt;lambda&gt;19]" time="0.020101308822631836"></testcase><testcase classname="src.pymortests.vectorarray" file="src/pymortests/vectorarray.py" line="561" name="test_dot_self[2-&lt;lambda&gt;20]" time="0.3828423023223877"></testcase><testcase classname="src.pymortests.vectorarray" file="src/pymortests/vectorarray.py" line="561" name="test_dot_self[2-&lt;lambda&gt;21]" time="1.995872974395752"></testcase><testcase classname="src.pymortests.vectorarray" file="src/pymortests/vectorarray.py" line="561" name="test_dot_self[2-&lt;lambda&gt;22]" time="0.004503726959228516"></testcase><testcase classname="src.pymortests.vectorarray" file="src/pymortests/vectorarray.py" line="561" name="test_dot_self[2-&lt;lambda&gt;23]" time="0.0037250518798828125"></testcase><testcase classname="src.pymortests.vectorarray" file="src/pymortests/vectorarray.py" line="561" name="test_dot_self[2-&lt;lambda&gt;24]" time="0.013403654098510742"></testcase><testcase classname="src.pymortests.vectorarray" file="src/pymortests/vectorarray.py" line="561" name="test_dot_self[2-&lt;lambda&gt;25]" time="0.29278087615966797"></testcase><testcase classname="src.pymortests.vectorarray" file="src/pymortests/vectorarray.py" line="561" name="test_dot_self[2-&lt;lambda&gt;26]" time="1.3371822834014893"></testcase><testcase classname="src.pymortests.vectorarray" file="src/pymortests/vectorarray.py" line="579" name="test_lincomb_1d[0-&lt;lambda&gt;0]" time="0.003556966781616211"></testcase><testcase classname="src.pymortests.vectorarray" file="src/pymortests/vectorarray.py" line="579" name="test_lincomb_1d[0-&lt;lambda&gt;1]" time="0.002686023712158203"></testcase><testcase classname="src.pymortests.vectorarray" file="src/pymortests/vectorarray.py" line="579" name="test_lincomb_1d[0-&lt;lambda&gt;2]" time="0.004072904586791992"></testcase><testcase classname="src.pymortests.vectorarray" file="src/pymortests/vectorarray.py" line="579" name="test_lincomb_1d[0-&lt;lambda&gt;3]" time="0.011398553848266602"></testcase><testcase classname="src.pymortests.vectorarray" file="src/pymortests/vectorarray.py" line="579" name="test_lincomb_1d[0-&lt;lambda&gt;4]" time="0.019454240798950195"></testcase><testcase classname="src.pymortests.vectorarray" file="src/pymortests/vectorarray.py" line="579" name="test_lincomb_1d[0-&lt;lambda&gt;5]" time="0.004163026809692383"></testcase><testcase classname="src.pymortests.vectorarray" file="src/pymortests/vectorarray.py" line="579" name="test_lincomb_1d[0-&lt;lambda&gt;6]" time="0.003178119659423828"></testcase><testcase classname="src.pymortests.vectorarray" file="src/pymortests/vectorarray.py" line="579" name="test_lincomb_1d[0-&lt;lambda&gt;7]" time="0.005265474319458008"></testcase><testcase classname="src.pymortests.vectorarray" file="src/pymortests/vectorarray.py" line="579" name="test_lincomb_1d[0-&lt;lambda&gt;8]" time="0.018828392028808594"></testcase><testcase classname="src.pymortests.vectorarray" file="src/pymortests/vectorarray.py" line="579" name="test_lincomb_1d[0-&lt;lambda&gt;9]" time="0.03591179847717285"></testcase><testcase classname="src.pymortests.vectorarray" file="src/pymortests/vectorarray.py" line="579" name="test_lincomb_1d[0-&lt;lambda&gt;10]" time="0.005565643310546875"></testcase><testcase classname="src.pymortests.vectorarray" file="src/pymortests/vectorarray.py" line="579" name="test_lincomb_1d[0-&lt;lambda&gt;11]" time="0.008523702621459961"></testcase><testcase classname="src.pymortests.vectorarray" file="src/pymortests/vectorarray.py" line="579" name="test_lincomb_1d[0-&lt;lambda&gt;12]" time="0.008055448532104492"></testcase><testcase classname="src.pymortests.vectorarray" file="src/pymortests/vectorarray.py" line="579" name="test_lincomb_1d[0-&lt;lambda&gt;13]" time="0.005452156066894531"></testcase><testcase classname="src.pymortests.vectorarray" file="src/pymortests/vectorarray.py" line="579" name="test_lincomb_1d[0-&lt;lambda&gt;14]" time="0.008168220520019531"></testcase><testcase classname="src.pymortests.vectorarray" file="src/pymortests/vectorarray.py" line="579" name="test_lincomb_1d[0-&lt;lambda&gt;15]" time="0.033273935317993164"></testcase><testcase classname="src.pymortests.vectorarray" file="src/pymortests/vectorarray.py" line="579" name="test_lincomb_1d[0-&lt;lambda&gt;16]" time="0.07120466232299805"></testcase><testcase classname="src.pymortests.vectorarray" file="src/pymortests/vectorarray.py" line="579" name="test_lincomb_1d[0-&lt;lambda&gt;17]" time="0.009322643280029297"></testcase><testcase classname="src.pymortests.vectorarray" file="src/pymortests/vectorarray.py" line="579" name="test_lincomb_1d[0-&lt;lambda&gt;18]" time="0.010240554809570312"></testcase><testcase classname="src.pymortests.vectorarray" file="src/pymortests/vectorarray.py" line="579" name="test_lincomb_1d[0-&lt;lambda&gt;19]" time="0.027083635330200195"></testcase><testcase classname="src.pymortests.vectorarray" file="src/pymortests/vectorarray.py" line="579" name="test_lincomb_1d[0-&lt;lambda&gt;20]" time="0.041825056076049805"></testcase><testcase classname="src.pymortests.vectorarray" file="src/pymortests/vectorarray.py" line="579" name="test_lincomb_1d[0-&lt;lambda&gt;21]" time="0.07366251945495605"></testcase><testcase classname="src.pymortests.vectorarray" file="src/pymortests/vectorarray.py" line="579" name="test_lincomb_1d[0-&lt;lambda&gt;22]" time="0.023923397064208984"></testcase><testcase classname="src.pymortests.vectorarray" file="src/pymortests/vectorarray.py" line="579" name="test_lincomb_1d[0-&lt;lambda&gt;23]" time="0.02429652214050293"></testcase><testcase classname="src.pymortests.vectorarray" file="src/pymortests/vectorarray.py" line="579" name="test_lincomb_1d[0-&lt;lambda&gt;24]" time="0.03127789497375488"></testcase><testcase classname="src.pymortests.vectorarray" file="src/pymortests/vectorarray.py" line="579" name="test_lincomb_1d[0-&lt;lambda&gt;25]" time="0.07419753074645996"></testcase><testcase classname="src.pymortests.vectorarray" file="src/pymortests/vectorarray.py" line="579" name="test_lincomb_1d[0-&lt;lambda&gt;26]" time="0.13165831565856934"></testcase><testcase classname="src.pymortests.vectorarray" file="src/pymortests/vectorarray.py" line="579" name="test_lincomb_1d[1-&lt;lambda&gt;0]" time="0.0036208629608154297"></testcase><testcase classname="src.pymortests.vectorarray" file="src/pymortests/vectorarray.py" line="579" name="test_lincomb_1d[1-&lt;lambda&gt;1]" time="0.0026679039001464844"></testcase><testcase classname="src.pymortests.vectorarray" file="src/pymortests/vectorarray.py" line="579" name="test_lincomb_1d[1-&lt;lambda&gt;2]" time="0.0037696361541748047"></testcase><testcase classname="src.pymortests.vectorarray" file="src/pymortests/vectorarray.py" line="579" name="test_lincomb_1d[1-&lt;lambda&gt;3]" time="0.010188102722167969"></testcase><testcase classname="src.pymortests.vectorarray" file="src/pymortests/vectorarray.py" line="579" name="test_lincomb_1d[1-&lt;lambda&gt;4]" time="0.019150972366333008"></testcase><testcase classname="src.pymortests.vectorarray" file="src/pymortests/vectorarray.py" line="579" name="test_lincomb_1d[1-&lt;lambda&gt;5]" time="0.004036903381347656"></testcase><testcase classname="src.pymortests.vectorarray" file="src/pymortests/vectorarray.py" line="579" name="test_lincomb_1d[1-&lt;lambda&gt;6]" time="0.003090381622314453"></testcase><testcase classname="src.pymortests.vectorarray" file="src/pymortests/vectorarray.py" line="579" name="test_lincomb_1d[1-&lt;lambda&gt;7]" time="0.005375862121582031"></testcase><testcase classname="src.pymortests.vectorarray" file="src/pymortests/vectorarray.py" line="579" name="test_lincomb_1d[1-&lt;lambda&gt;8]" time="0.019828081130981445"></testcase><testcase classname="src.pymortests.vectorarray" file="src/pymortests/vectorarray.py" line="579" name="test_lincomb_1d[1-&lt;lambda&gt;9]" time="0.036621809005737305"></testcase><testcase classname="src.pymortests.vectorarray" file="src/pymortests/vectorarray.py" line="579" name="test_lincomb_1d[1-&lt;lambda&gt;10]" time="0.005758762359619141"></testcase><testcase classname="src.pymortests.vectorarray" file="src/pymortests/vectorarray.py" line="579" name="test_lincomb_1d[1-&lt;lambda&gt;11]" time="0.008607864379882812"></testcase><testcase classname="src.pymortests.vectorarray" file="src/pymortests/vectorarray.py" line="579" name="test_lincomb_1d[1-&lt;lambda&gt;12]" time="0.00803685188293457"></testcase><testcase classname="src.pymortests.vectorarray" file="src/pymortests/vectorarray.py" line="579" name="test_lincomb_1d[1-&lt;lambda&gt;13]" time="0.005471944808959961"></testcase><testcase classname="src.pymortests.vectorarray" file="src/pymortests/vectorarray.py" line="579" name="test_lincomb_1d[1-&lt;lambda&gt;14]" time="0.008304119110107422"></testcase><testcase classname="src.pymortests.vectorarray" file="src/pymortests/vectorarray.py" line="579" name="test_lincomb_1d[1-&lt;lambda&gt;15]" time="0.0332338809967041"></testcase><testcase classname="src.pymortests.vectorarray" file="src/pymortests/vectorarray.py" line="579" name="test_lincomb_1d[1-&lt;lambda&gt;16]" time="0.06809020042419434"></testcase><testcase classname="src.pymortests.vectorarray" file="src/pymortests/vectorarray.py" line="579" name="test_lincomb_1d[1-&lt;lambda&gt;17]" time="0.009044408798217773"></testcase><testcase classname="src.pymortests.vectorarray" file="src/pymortests/vectorarray.py" line="579" name="test_lincomb_1d[1-&lt;lambda&gt;18]" time="0.009316205978393555"></testcase><testcase classname="src.pymortests.vectorarray" file="src/pymortests/vectorarray.py" line="579" name="test_lincomb_1d[1-&lt;lambda&gt;19]" time="0.023308515548706055"></testcase><testcase classname="src.pymortests.vectorarray" file="src/pymortests/vectorarray.py" line="579" name="test_lincomb_1d[1-&lt;lambda&gt;20]" time="0.03974580764770508"></testcase><testcase classname="src.pymortests.vectorarray" file="src/pymortests/vectorarray.py" line="579" name="test_lincomb_1d[1-&lt;lambda&gt;21]" time="0.07422351837158203"></testcase><testcase classname="src.pymortests.vectorarray" file="src/pymortests/vectorarray.py" line="579" name="test_lincomb_1d[1-&lt;lambda&gt;22]" time="0.024260759353637695"></testcase><testcase classname="src.pymortests.vectorarray" file="src/pymortests/vectorarray.py" line="579" name="test_lincomb_1d[1-&lt;lambda&gt;23]" time="0.025970935821533203"></testcase><testcase classname="src.pymortests.vectorarray" file="src/pymortests/vectorarray.py" line="579" name="test_lincomb_1d[1-&lt;lambda&gt;24]" time="0.03149271011352539"></testcase><testcase classname="src.pymortests.vectorarray" file="src/pymortests/vectorarray.py" line="579" name="test_lincomb_1d[1-&lt;lambda&gt;25]" time="0.0732107162475586"></testcase><testcase classname="src.pymortests.vectorarray" file="src/pymortests/vectorarray.py" line="579" name="test_lincomb_1d[1-&lt;lambda&gt;26]" time="0.13225650787353516"></testcase><testcase classname="src.pymortests.vectorarray" file="src/pymortests/vectorarray.py" line="579" name="test_lincomb_1d[2-&lt;lambda&gt;0]" time="0.0035333633422851562"></testcase><testcase classname="src.pymortests.vectorarray" file="src/pymortests/vectorarray.py" line="579" name="test_lincomb_1d[2-&lt;lambda&gt;1]" time="0.0025587081909179688"></testcase><testcase classname="src.pymortests.vectorarray" file="src/pymortests/vectorarray.py" line="579" name="test_lincomb_1d[2-&lt;lambda&gt;2]" time="0.0036993026733398438"></testcase><testcase classname="src.pymortests.vectorarray" file="src/pymortests/vectorarray.py" line="579" name="test_lincomb_1d[2-&lt;lambda&gt;3]" time="0.010019540786743164"></testcase><testcase classname="src.pymortests.vectorarray" file="src/pymortests/vectorarray.py" line="579" name="test_lincomb_1d[2-&lt;lambda&gt;4]" time="0.019170522689819336"></testcase><testcase classname="src.pymortests.vectorarray" file="src/pymortests/vectorarray.py" line="579" name="test_lincomb_1d[2-&lt;lambda&gt;5]" time="0.0042247772216796875"></testcase><testcase classname="src.pymortests.vectorarray" file="src/pymortests/vectorarray.py" line="579" name="test_lincomb_1d[2-&lt;lambda&gt;6]" time="0.003009319305419922"></testcase><testcase classname="src.pymortests.vectorarray" file="src/pymortests/vectorarray.py" line="579" name="test_lincomb_1d[2-&lt;lambda&gt;7]" time="0.0054547786712646484"></testcase><testcase classname="src.pymortests.vectorarray" file="src/pymortests/vectorarray.py" line="579" name="test_lincomb_1d[2-&lt;lambda&gt;8]" time="0.019207000732421875"></testcase><testcase classname="src.pymortests.vectorarray" file="src/pymortests/vectorarray.py" line="579" name="test_lincomb_1d[2-&lt;lambda&gt;9]" time="0.03562450408935547"></testcase><testcase classname="src.pymortests.vectorarray" file="src/pymortests/vectorarray.py" line="579" name="test_lincomb_1d[2-&lt;lambda&gt;10]" time="0.0057866573333740234"></testcase><testcase classname="src.pymortests.vectorarray" file="src/pymortests/vectorarray.py" line="579" name="test_lincomb_1d[2-&lt;lambda&gt;11]" time="0.008702278137207031"></testcase><testcase classname="src.pymortests.vectorarray" file="src/pymortests/vectorarray.py" line="579" name="test_lincomb_1d[2-&lt;lambda&gt;12]" time="0.008074045181274414"></testcase><testcase classname="src.pymortests.vectorarray" file="src/pymortests/vectorarray.py" line="579" name="test_lincomb_1d[2-&lt;lambda&gt;13]" time="0.0056040287017822266"></testcase><testcase classname="src.pymortests.vectorarray" file="src/pymortests/vectorarray.py" line="579" name="test_lincomb_1d[2-&lt;lambda&gt;14]" time="0.008374691009521484"></testcase><testcase classname="src.pymortests.vectorarray" file="src/pymortests/vectorarray.py" line="579" name="test_lincomb_1d[2-&lt;lambda&gt;15]" time="0.03344607353210449"></testcase><testcase classname="src.pymortests.vectorarray" file="src/pymortests/vectorarray.py" line="579" name="test_lincomb_1d[2-&lt;lambda&gt;16]" time="0.06981801986694336"></testcase><testcase classname="src.pymortests.vectorarray" file="src/pymortests/vectorarray.py" line="579" name="test_lincomb_1d[2-&lt;lambda&gt;17]" time="0.008909463882446289"></testcase><testcase classname="src.pymortests.vectorarray" file="src/pymortests/vectorarray.py" line="579" name="test_lincomb_1d[2-&lt;lambda&gt;18]" time="0.008407354354858398"></testcase><testcase classname="src.pymortests.vectorarray" file="src/pymortests/vectorarray.py" line="579" name="test_lincomb_1d[2-&lt;lambda&gt;19]" time="0.023171424865722656"></testcase><testcase classname="src.pymortests.vectorarray" file="src/pymortests/vectorarray.py" line="579" name="test_lincomb_1d[2-&lt;lambda&gt;20]" time="0.040853023529052734"></testcase><testcase classname="src.pymortests.vectorarray" file="src/pymortests/vectorarray.py" line="579" name="test_lincomb_1d[2-&lt;lambda&gt;21]" time="0.07309937477111816"></testcase><testcase classname="src.pymortests.vectorarray" file="src/pymortests/vectorarray.py" line="579" name="test_lincomb_1d[2-&lt;lambda&gt;22]" time="0.02485799789428711"></testcase><testcase classname="src.pymortests.vectorarray" file="src/pymortests/vectorarray.py" line="579" name="test_lincomb_1d[2-&lt;lambda&gt;23]" time="0.024660825729370117"></testcase><testcase classname="src.pymortests.vectorarray" file="src/pymortests/vectorarray.py" line="579" name="test_lincomb_1d[2-&lt;lambda&gt;24]" time="0.031504154205322266"></testcase><testcase classname="src.pymortests.vectorarray" file="src/pymortests/vectorarray.py" line="579" name="test_lincomb_1d[2-&lt;lambda&gt;25]" time="0.07760477066040039"></testcase><testcase classname="src.pymortests.vectorarray" file="src/pymortests/vectorarray.py" line="579" name="test_lincomb_1d[2-&lt;lambda&gt;26]" time="0.13065552711486816"></testcase><testcase classname="src.pymortests.vectorarray" file="src/pymortests/vectorarray.py" line="593" name="test_lincomb_2d[0-&lt;lambda&gt;0]" time="0.007468700408935547"></testcase><testcase classname="src.pymortests.vectorarray" file="src/pymortests/vectorarray.py" line="593" name="test_lincomb_2d[0-&lt;lambda&gt;1]" time="0.006430387496948242"></testcase><testcase classname="src.pymortests.vectorarray" file="src/pymortests/vectorarray.py" line="593" name="test_lincomb_2d[0-&lt;lambda&gt;2]" time="0.008243322372436523"></testcase><testcase classname="src.pymortests.vectorarray" file="src/pymortests/vectorarray.py" line="593" name="test_lincomb_2d[0-&lt;lambda&gt;3]" time="0.009655952453613281"></testcase><testcase classname="src.pymortests.vectorarray" file="src/pymortests/vectorarray.py" line="593" name="test_lincomb_2d[0-&lt;lambda&gt;4]" time="0.010648965835571289"></testcase><testcase classname="src.pymortests.vectorarray" file="src/pymortests/vectorarray.py" line="593" name="test_lincomb_2d[0-&lt;lambda&gt;5]" time="0.008337974548339844"></testcase><testcase classname="src.pymortests.vectorarray" file="src/pymortests/vectorarray.py" line="593" name="test_lincomb_2d[0-&lt;lambda&gt;6]" time="0.008327007293701172"></testcase><testcase classname="src.pymortests.vectorarray" file="src/pymortests/vectorarray.py" line="593" name="test_lincomb_2d[0-&lt;lambda&gt;7]" time="0.014047384262084961"></testcase><testcase classname="src.pymortests.vectorarray" file="src/pymortests/vectorarray.py" line="593" name="test_lincomb_2d[0-&lt;lambda&gt;8]" time="0.04466843605041504"></testcase><testcase classname="src.pymortests.vectorarray" file="src/pymortests/vectorarray.py" line="593" name="test_lincomb_2d[0-&lt;lambda&gt;9]" time="0.08067178726196289"></testcase><testcase classname="src.pymortests.vectorarray" file="src/pymortests/vectorarray.py" line="593" name="test_lincomb_2d[0-&lt;lambda&gt;10]" time="0.015129804611206055"></testcase><testcase classname="src.pymortests.vectorarray" file="src/pymortests/vectorarray.py" line="593" name="test_lincomb_2d[0-&lt;lambda&gt;11]" time="0.018318653106689453"></testcase><testcase classname="src.pymortests.vectorarray" file="src/pymortests/vectorarray.py" line="593" name="test_lincomb_2d[0-&lt;lambda&gt;12]" time="0.018061399459838867"></testcase><testcase classname="src.pymortests.vectorarray" file="src/pymortests/vectorarray.py" line="593" name="test_lincomb_2d[0-&lt;lambda&gt;13]" time="0.013229846954345703"></testcase><testcase classname="src.pymortests.vectorarray" file="src/pymortests/vectorarray.py" line="593" name="test_lincomb_2d[0-&lt;lambda&gt;14]" time="0.01923203468322754"></testcase><testcase classname="src.pymortests.vectorarray" file="src/pymortests/vectorarray.py" line="593" name="test_lincomb_2d[0-&lt;lambda&gt;15]" time="0.028214216232299805"></testcase><testcase classname="src.pymortests.vectorarray" file="src/pymortests/vectorarray.py" line="593" name="test_lincomb_2d[0-&lt;lambda&gt;16]" time="0.03264594078063965"></testcase><testcase classname="src.pymortests.vectorarray" file="src/pymortests/vectorarray.py" line="593" name="test_lincomb_2d[0-&lt;lambda&gt;17]" time="0.031659841537475586"></testcase><testcase classname="src.pymortests.vectorarray" file="src/pymortests/vectorarray.py" line="593" name="test_lincomb_2d[0-&lt;lambda&gt;18]" time="0.033660888671875"></testcase><testcase classname="src.pymortests.vectorarray" file="src/pymortests/vectorarray.py" line="593" name="test_lincomb_2d[0-&lt;lambda&gt;19]" time="0.1093754768371582"></testcase><testcase classname="src.pymortests.vectorarray" file="src/pymortests/vectorarray.py" line="593" name="test_lincomb_2d[0-&lt;lambda&gt;20]" time="0.09961318969726562"></testcase><testcase classname="src.pymortests.vectorarray" file="src/pymortests/vectorarray.py" line="593" name="test_lincomb_2d[0-&lt;lambda&gt;21]" time="0.15675830841064453"></testcase><testcase classname="src.pymortests.vectorarray" file="src/pymortests/vectorarray.py" line="593" name="test_lincomb_2d[0-&lt;lambda&gt;22]" time="0.12608718872070312"></testcase><testcase classname="src.pymortests.vectorarray" file="src/pymortests/vectorarray.py" line="593" name="test_lincomb_2d[0-&lt;lambda&gt;23]" time="0.12515521049499512"></testcase><testcase classname="src.pymortests.vectorarray" file="src/pymortests/vectorarray.py" line="593" name="test_lincomb_2d[0-&lt;lambda&gt;24]" time="0.16275739669799805"></testcase><testcase classname="src.pymortests.vectorarray" file="src/pymortests/vectorarray.py" line="593" name="test_lincomb_2d[0-&lt;lambda&gt;25]" time="0.24971771240234375"></testcase><testcase classname="src.pymortests.vectorarray" file="src/pymortests/vectorarray.py" line="593" name="test_lincomb_2d[0-&lt;lambda&gt;26]" time="0.38252782821655273"></testcase><testcase classname="src.pymortests.vectorarray" file="src/pymortests/vectorarray.py" line="593" name="test_lincomb_2d[1-&lt;lambda&gt;0]" time="0.007479667663574219"></testcase><testcase classname="src.pymortests.vectorarray" file="src/pymortests/vectorarray.py" line="593" name="test_lincomb_2d[1-&lt;lambda&gt;1]" time="0.0065081119537353516"></testcase><testcase classname="src.pymortests.vectorarray" file="src/pymortests/vectorarray.py" line="593" name="test_lincomb_2d[1-&lt;lambda&gt;2]" time="0.008209466934204102"></testcase><testcase classname="src.pymortests.vectorarray" file="src/pymortests/vectorarray.py" line="593" name="test_lincomb_2d[1-&lt;lambda&gt;3]" time="0.009817838668823242"></testcase><testcase classname="src.pymortests.vectorarray" file="src/pymortests/vectorarray.py" line="593" name="test_lincomb_2d[1-&lt;lambda&gt;4]" time="0.010333776473999023"></testcase><testcase classname="src.pymortests.vectorarray" file="src/pymortests/vectorarray.py" line="593" name="test_lincomb_2d[1-&lt;lambda&gt;5]" time="0.008324623107910156"></testcase><testcase classname="src.pymortests.vectorarray" file="src/pymortests/vectorarray.py" line="593" name="test_lincomb_2d[1-&lt;lambda&gt;6]" time="0.008381366729736328"></testcase><testcase classname="src.pymortests.vectorarray" file="src/pymortests/vectorarray.py" line="593" name="test_lincomb_2d[1-&lt;lambda&gt;7]" time="0.013834714889526367"></testcase><testcase classname="src.pymortests.vectorarray" file="src/pymortests/vectorarray.py" line="593" name="test_lincomb_2d[1-&lt;lambda&gt;8]" time="0.04381203651428223"></testcase><testcase classname="src.pymortests.vectorarray" file="src/pymortests/vectorarray.py" line="593" name="test_lincomb_2d[1-&lt;lambda&gt;9]" time="0.08006024360656738"></testcase><testcase classname="src.pymortests.vectorarray" file="src/pymortests/vectorarray.py" line="593" name="test_lincomb_2d[1-&lt;lambda&gt;10]" time="0.015242338180541992"></testcase><testcase classname="src.pymortests.vectorarray" file="src/pymortests/vectorarray.py" line="593" name="test_lincomb_2d[1-&lt;lambda&gt;11]" time="0.018855571746826172"></testcase><testcase classname="src.pymortests.vectorarray" file="src/pymortests/vectorarray.py" line="593" name="test_lincomb_2d[1-&lt;lambda&gt;12]" time="0.01888108253479004"></testcase><testcase classname="src.pymortests.vectorarray" file="src/pymortests/vectorarray.py" line="593" name="test_lincomb_2d[1-&lt;lambda&gt;13]" time="0.014188051223754883"></testcase><testcase classname="src.pymortests.vectorarray" file="src/pymortests/vectorarray.py" line="593" name="test_lincomb_2d[1-&lt;lambda&gt;14]" time="0.020790815353393555"></testcase><testcase classname="src.pymortests.vectorarray" file="src/pymortests/vectorarray.py" line="593" name="test_lincomb_2d[1-&lt;lambda&gt;15]" time="0.02873969078063965"></testcase><testcase classname="src.pymortests.vectorarray" file="src/pymortests/vectorarray.py" line="593" name="test_lincomb_2d[1-&lt;lambda&gt;16]" time="0.030918121337890625"></testcase><testcase classname="src.pymortests.vectorarray" file="src/pymortests/vectorarray.py" line="593" name="test_lincomb_2d[1-&lt;lambda&gt;17]" time="0.0311737060546875"></testcase><testcase classname="src.pymortests.vectorarray" file="src/pymortests/vectorarray.py" line="593" name="test_lincomb_2d[1-&lt;lambda&gt;18]" time="0.03516244888305664"></testcase><testcase classname="src.pymortests.vectorarray" file="src/pymortests/vectorarray.py" line="593" name="test_lincomb_2d[1-&lt;lambda&gt;19]" time="0.11017847061157227"></testcase><testcase classname="src.pymortests.vectorarray" file="src/pymortests/vectorarray.py" line="593" name="test_lincomb_2d[1-&lt;lambda&gt;20]" time="0.09715104103088379"></testcase><testcase classname="src.pymortests.vectorarray" file="src/pymortests/vectorarray.py" line="593" name="test_lincomb_2d[1-&lt;lambda&gt;21]" time="0.16348934173583984"></testcase><testcase classname="src.pymortests.vectorarray" file="src/pymortests/vectorarray.py" line="593" name="test_lincomb_2d[1-&lt;lambda&gt;22]" time="0.12414073944091797"></testcase><testcase classname="src.pymortests.vectorarray" file="src/pymortests/vectorarray.py" line="593" name="test_lincomb_2d[1-&lt;lambda&gt;23]" time="0.12323522567749023"></testcase><testcase classname="src.pymortests.vectorarray" file="src/pymortests/vectorarray.py" line="593" name="test_lincomb_2d[1-&lt;lambda&gt;24]" time="0.1543574333190918"></testcase><testcase classname="src.pymortests.vectorarray" file="src/pymortests/vectorarray.py" line="593" name="test_lincomb_2d[1-&lt;lambda&gt;25]" time="0.25307703018188477"></testcase><testcase classname="src.pymortests.vectorarray" file="src/pymortests/vectorarray.py" line="593" name="test_lincomb_2d[1-&lt;lambda&gt;26]" time="0.38455820083618164"></testcase><testcase classname="src.pymortests.vectorarray" file="src/pymortests/vectorarray.py" line="593" name="test_lincomb_2d[2-&lt;lambda&gt;0]" time="0.0075473785400390625"></testcase><testcase classname="src.pymortests.vectorarray" file="src/pymortests/vectorarray.py" line="593" name="test_lincomb_2d[2-&lt;lambda&gt;1]" time="0.006467342376708984"></testcase><testcase classname="src.pymortests.vectorarray" file="src/pymortests/vectorarray.py" line="593" name="test_lincomb_2d[2-&lt;lambda&gt;2]" time="0.008370399475097656"></testcase><testcase classname="src.pymortests.vectorarray" file="src/pymortests/vectorarray.py" line="593" name="test_lincomb_2d[2-&lt;lambda&gt;3]" time="0.010121583938598633"></testcase><testcase classname="src.pymortests.vectorarray" file="src/pymortests/vectorarray.py" line="593" name="test_lincomb_2d[2-&lt;lambda&gt;4]" time="0.010202646255493164"></testcase><testcase classname="src.pymortests.vectorarray" file="src/pymortests/vectorarray.py" line="593" name="test_lincomb_2d[2-&lt;lambda&gt;5]" time="0.008126497268676758"></testcase><testcase classname="src.pymortests.vectorarray" file="src/pymortests/vectorarray.py" line="593" name="test_lincomb_2d[2-&lt;lambda&gt;6]" time="0.008250713348388672"></testcase><testcase classname="src.pymortests.vectorarray" file="src/pymortests/vectorarray.py" line="593" name="test_lincomb_2d[2-&lt;lambda&gt;7]" time="0.014180660247802734"></testcase><testcase classname="src.pymortests.vectorarray" file="src/pymortests/vectorarray.py" line="593" name="test_lincomb_2d[2-&lt;lambda&gt;8]" time="0.0474853515625"></testcase><testcase classname="src.pymortests.vectorarray" file="src/pymortests/vectorarray.py" line="593" name="test_lincomb_2d[2-&lt;lambda&gt;9]" time="0.08361434936523438"></testcase><testcase classname="src.pymortests.vectorarray" file="src/pymortests/vectorarray.py" line="593" name="test_lincomb_2d[2-&lt;lambda&gt;10]" time="0.01586747169494629"></testcase><testcase classname="src.pymortests.vectorarray" file="src/pymortests/vectorarray.py" line="593" name="test_lincomb_2d[2-&lt;lambda&gt;11]" time="0.018444299697875977"></testcase><testcase classname="src.pymortests.vectorarray" file="src/pymortests/vectorarray.py" line="593" name="test_lincomb_2d[2-&lt;lambda&gt;12]" time="0.0183560848236084"></testcase><testcase classname="src.pymortests.vectorarray" file="src/pymortests/vectorarray.py" line="593" name="test_lincomb_2d[2-&lt;lambda&gt;13]" time="0.013770580291748047"></testcase><testcase classname="src.pymortests.vectorarray" file="src/pymortests/vectorarray.py" line="593" name="test_lincomb_2d[2-&lt;lambda&gt;14]" time="0.01927661895751953"></testcase><testcase classname="src.pymortests.vectorarray" file="src/pymortests/vectorarray.py" line="593" name="test_lincomb_2d[2-&lt;lambda&gt;15]" time="0.028469085693359375"></testcase><testcase classname="src.pymortests.vectorarray" file="src/pymortests/vectorarray.py" line="593" name="test_lincomb_2d[2-&lt;lambda&gt;16]" time="0.03186798095703125"></testcase><testcase classname="src.pymortests.vectorarray" file="src/pymortests/vectorarray.py" line="593" name="test_lincomb_2d[2-&lt;lambda&gt;17]" time="0.03146553039550781"></testcase><testcase classname="src.pymortests.vectorarray" file="src/pymortests/vectorarray.py" line="593" name="test_lincomb_2d[2-&lt;lambda&gt;18]" time="0.03611159324645996"></testcase><testcase classname="src.pymortests.vectorarray" file="src/pymortests/vectorarray.py" line="593" name="test_lincomb_2d[2-&lt;lambda&gt;19]" time="0.10932350158691406"></testcase><testcase classname="src.pymortests.vectorarray" file="src/pymortests/vectorarray.py" line="593" name="test_lincomb_2d[2-&lt;lambda&gt;20]" time="0.09509038925170898"></testcase><testcase classname="src.pymortests.vectorarray" file="src/pymortests/vectorarray.py" line="593" name="test_lincomb_2d[2-&lt;lambda&gt;21]" time="0.1554572582244873"></testcase><testcase classname="src.pymortests.vectorarray" file="src/pymortests/vectorarray.py" line="593" name="test_lincomb_2d[2-&lt;lambda&gt;22]" time="0.12966179847717285"></testcase><testcase classname="src.pymortests.vectorarray" file="src/pymortests/vectorarray.py" line="593" name="test_lincomb_2d[2-&lt;lambda&gt;23]" time="0.13591670989990234"></testcase><testcase classname="src.pymortests.vectorarray" file="src/pymortests/vectorarray.py" line="593" name="test_lincomb_2d[2-&lt;lambda&gt;24]" time="0.1601850986480713"></testcase><testcase classname="src.pymortests.vectorarray" file="src/pymortests/vectorarray.py" line="593" name="test_lincomb_2d[2-&lt;lambda&gt;25]" time="0.265089750289917"></testcase><testcase classname="src.pymortests.vectorarray" file="src/pymortests/vectorarray.py" line="593" name="test_lincomb_2d[2-&lt;lambda&gt;26]" time="0.3743276596069336"></testcase><testcase classname="src.pymortests.vectorarray" file="src/pymortests/vectorarray.py" line="608" name="test_lincomb_wrong_coefficients[0-&lt;lambda&gt;0]" time="0.002899169921875"></testcase><testcase classname="src.pymortests.vectorarray" file="src/pymortests/vectorarray.py" line="608" name="test_lincomb_wrong_coefficients[0-&lt;lambda&gt;1]" time="0.00202178955078125"></testcase><testcase classname="src.pymortests.vectorarray" file="src/pymortests/vectorarray.py" line="608" name="test_lincomb_wrong_coefficients[0-&lt;lambda&gt;2]" time="0.002902507781982422"></testcase><testcase classname="src.pymortests.vectorarray" file="src/pymortests/vectorarray.py" line="608" name="test_lincomb_wrong_coefficients[0-&lt;lambda&gt;3]" time="0.003519773483276367"></testcase><testcase classname="src.pymortests.vectorarray" file="src/pymortests/vectorarray.py" line="608" name="test_lincomb_wrong_coefficients[0-&lt;lambda&gt;4]" time="0.004084587097167969"></testcase><testcase classname="src.pymortests.vectorarray" file="src/pymortests/vectorarray.py" line="608" name="test_lincomb_wrong_coefficients[0-&lt;lambda&gt;5]" time="0.001833200454711914"></testcase><testcase classname="src.pymortests.vectorarray" file="src/pymortests/vectorarray.py" line="608" name="test_lincomb_wrong_coefficients[0-&lt;lambda&gt;6]" time="0.0017600059509277344"></testcase><testcase classname="src.pymortests.vectorarray" file="src/pymortests/vectorarray.py" line="608" name="test_lincomb_wrong_coefficients[0-&lt;lambda&gt;7]" time="0.002459287643432617"></testcase><testcase classname="src.pymortests.vectorarray" file="src/pymortests/vectorarray.py" line="608" name="test_lincomb_wrong_coefficients[0-&lt;lambda&gt;8]" time="0.0033261775970458984"></testcase><testcase classname="src.pymortests.vectorarray" file="src/pymortests/vectorarray.py" line="608" name="test_lincomb_wrong_coefficients[0-&lt;lambda&gt;9]" time="0.004263639450073242"></testcase><testcase classname="src.pymortests.vectorarray" file="src/pymortests/vectorarray.py" line="608" name="test_lincomb_wrong_coefficients[0-&lt;lambda&gt;10]" time="0.0024678707122802734"></testcase><testcase classname="src.pymortests.vectorarray" file="src/pymortests/vectorarray.py" line="608" name="test_lincomb_wrong_coefficients[0-&lt;lambda&gt;11]" time="0.0039560794830322266"></testcase><testcase classname="src.pymortests.vectorarray" file="src/pymortests/vectorarray.py" line="608" name="test_lincomb_wrong_coefficients[0-&lt;lambda&gt;12]" time="0.003909111022949219"></testcase><testcase classname="src.pymortests.vectorarray" file="src/pymortests/vectorarray.py" line="608" name="test_lincomb_wrong_coefficients[0-&lt;lambda&gt;13]" time="0.003143310546875"></testcase><testcase classname="src.pymortests.vectorarray" file="src/pymortests/vectorarray.py" line="608" name="test_lincomb_wrong_coefficients[0-&lt;lambda&gt;14]" time="0.003768444061279297"></testcase><testcase classname="src.pymortests.vectorarray" file="src/pymortests/vectorarray.py" line="608" name="test_lincomb_wrong_coefficients[0-&lt;lambda&gt;15]" time="0.005587339401245117"></testcase><testcase classname="src.pymortests.vectorarray" file="src/pymortests/vectorarray.py" line="608" name="test_lincomb_wrong_coefficients[0-&lt;lambda&gt;16]" time="0.0074388980865478516"></testcase><testcase classname="src.pymortests.vectorarray" file="src/pymortests/vectorarray.py" line="608" name="test_lincomb_wrong_coefficients[0-&lt;lambda&gt;17]" time="0.0027174949645996094"></testcase><testcase classname="src.pymortests.vectorarray" file="src/pymortests/vectorarray.py" line="608" name="test_lincomb_wrong_coefficients[0-&lt;lambda&gt;18]" time="0.0025091171264648438"></testcase><testcase classname="src.pymortests.vectorarray" file="src/pymortests/vectorarray.py" line="608" name="test_lincomb_wrong_coefficients[0-&lt;lambda&gt;19]" time="0.004271507263183594"></testcase><testcase classname="src.pymortests.vectorarray" file="src/pymortests/vectorarray.py" line="608" name="test_lincomb_wrong_coefficients[0-&lt;lambda&gt;20]" time="0.011557817459106445"></testcase><testcase classname="src.pymortests.vectorarray" file="src/pymortests/vectorarray.py" line="608" name="test_lincomb_wrong_coefficients[0-&lt;lambda&gt;21]" time="0.021769285202026367"></testcase><testcase classname="src.pymortests.vectorarray" file="src/pymortests/vectorarray.py" line="608" name="test_lincomb_wrong_coefficients[0-&lt;lambda&gt;22]" time="0.0026166439056396484"></testcase><testcase classname="src.pymortests.vectorarray" file="src/pymortests/vectorarray.py" line="608" name="test_lincomb_wrong_coefficients[0-&lt;lambda&gt;23]" time="0.0018908977508544922"></testcase><testcase classname="src.pymortests.vectorarray" file="src/pymortests/vectorarray.py" line="608" name="test_lincomb_wrong_coefficients[0-&lt;lambda&gt;24]" time="0.0035572052001953125"></testcase><testcase classname="src.pymortests.vectorarray" file="src/pymortests/vectorarray.py" line="608" name="test_lincomb_wrong_coefficients[0-&lt;lambda&gt;25]" time="0.025684595108032227"></testcase><testcase classname="src.pymortests.vectorarray" file="src/pymortests/vectorarray.py" line="608" name="test_lincomb_wrong_coefficients[0-&lt;lambda&gt;26]" time="0.056429386138916016"></testcase><testcase classname="src.pymortests.vectorarray" file="src/pymortests/vectorarray.py" line="608" name="test_lincomb_wrong_coefficients[1-&lt;lambda&gt;0]" time="0.0028769969940185547"></testcase><testcase classname="src.pymortests.vectorarray" file="src/pymortests/vectorarray.py" line="608" name="test_lincomb_wrong_coefficients[1-&lt;lambda&gt;1]" time="0.0020172595977783203"></testcase><testcase classname="src.pymortests.vectorarray" file="src/pymortests/vectorarray.py" line="608" name="test_lincomb_wrong_coefficients[1-&lt;lambda&gt;2]" time="0.0027446746826171875"></testcase><testcase classname="src.pymortests.vectorarray" file="src/pymortests/vectorarray.py" line="608" name="test_lincomb_wrong_coefficients[1-&lt;lambda&gt;3]" time="0.003434419631958008"></testcase><testcase classname="src.pymortests.vectorarray" file="src/pymortests/vectorarray.py" line="608" name="test_lincomb_wrong_coefficients[1-&lt;lambda&gt;4]" time="0.004063844680786133"></testcase><testcase classname="src.pymortests.vectorarray" file="src/pymortests/vectorarray.py" line="608" name="test_lincomb_wrong_coefficients[1-&lt;lambda&gt;5]" time="0.0018024444580078125"></testcase><testcase classname="src.pymortests.vectorarray" file="src/pymortests/vectorarray.py" line="608" name="test_lincomb_wrong_coefficients[1-&lt;lambda&gt;6]" time="0.0017321109771728516"></testcase><testcase classname="src.pymortests.vectorarray" file="src/pymortests/vectorarray.py" line="608" name="test_lincomb_wrong_coefficients[1-&lt;lambda&gt;7]" time="0.002496480941772461"></testcase><testcase classname="src.pymortests.vectorarray" file="src/pymortests/vectorarray.py" line="608" name="test_lincomb_wrong_coefficients[1-&lt;lambda&gt;8]" time="0.003399372100830078"></testcase><testcase classname="src.pymortests.vectorarray" file="src/pymortests/vectorarray.py" line="608" name="test_lincomb_wrong_coefficients[1-&lt;lambda&gt;9]" time="0.004563331604003906"></testcase><testcase classname="src.pymortests.vectorarray" file="src/pymortests/vectorarray.py" line="608" name="test_lincomb_wrong_coefficients[1-&lt;lambda&gt;10]" time="0.002337932586669922"></testcase><testcase classname="src.pymortests.vectorarray" file="src/pymortests/vectorarray.py" line="608" name="test_lincomb_wrong_coefficients[1-&lt;lambda&gt;11]" time="0.0039823055267333984"></testcase><testcase classname="src.pymortests.vectorarray" file="src/pymortests/vectorarray.py" line="608" name="test_lincomb_wrong_coefficients[1-&lt;lambda&gt;12]" time="0.0038118362426757812"></testcase><testcase classname="src.pymortests.vectorarray" file="src/pymortests/vectorarray.py" line="608" name="test_lincomb_wrong_coefficients[1-&lt;lambda&gt;13]" time="0.003183603286743164"></testcase><testcase classname="src.pymortests.vectorarray" file="src/pymortests/vectorarray.py" line="608" name="test_lincomb_wrong_coefficients[1-&lt;lambda&gt;14]" time="0.0038537979125976562"></testcase><testcase classname="src.pymortests.vectorarray" file="src/pymortests/vectorarray.py" line="608" name="test_lincomb_wrong_coefficients[1-&lt;lambda&gt;15]" time="0.0056684017181396484"></testcase><testcase classname="src.pymortests.vectorarray" file="src/pymortests/vectorarray.py" line="608" name="test_lincomb_wrong_coefficients[1-&lt;lambda&gt;16]" time="0.00728607177734375"></testcase><testcase classname="src.pymortests.vectorarray" file="src/pymortests/vectorarray.py" line="608" name="test_lincomb_wrong_coefficients[1-&lt;lambda&gt;17]" time="0.0026133060455322266"></testcase><testcase classname="src.pymortests.vectorarray" file="src/pymortests/vectorarray.py" line="608" name="test_lincomb_wrong_coefficients[1-&lt;lambda&gt;18]" time="0.002429485321044922"></testcase><testcase classname="src.pymortests.vectorarray" file="src/pymortests/vectorarray.py" line="608" name="test_lincomb_wrong_coefficients[1-&lt;lambda&gt;19]" time="0.004305362701416016"></testcase><testcase classname="src.pymortests.vectorarray" file="src/pymortests/vectorarray.py" line="608" name="test_lincomb_wrong_coefficients[1-&lt;lambda&gt;20]" time="0.011343717575073242"></testcase><testcase classname="src.pymortests.vectorarray" file="src/pymortests/vectorarray.py" line="608" name="test_lincomb_wrong_coefficients[1-&lt;lambda&gt;21]" time="0.022284984588623047"></testcase><testcase classname="src.pymortests.vectorarray" file="src/pymortests/vectorarray.py" line="608" name="test_lincomb_wrong_coefficients[1-&lt;lambda&gt;22]" time="0.002634286880493164"></testcase><testcase classname="src.pymortests.vectorarray" file="src/pymortests/vectorarray.py" line="608" name="test_lincomb_wrong_coefficients[1-&lt;lambda&gt;23]" time="0.0018489360809326172"></testcase><testcase classname="src.pymortests.vectorarray" file="src/pymortests/vectorarray.py" line="608" name="test_lincomb_wrong_coefficients[1-&lt;lambda&gt;24]" time="0.0035643577575683594"></testcase><testcase classname="src.pymortests.vectorarray" file="src/pymortests/vectorarray.py" line="608" name="test_lincomb_wrong_coefficients[1-&lt;lambda&gt;25]" time="0.026085376739501953"></testcase><testcase classname="src.pymortests.vectorarray" file="src/pymortests/vectorarray.py" line="608" name="test_lincomb_wrong_coefficients[1-&lt;lambda&gt;26]" time="0.05855917930603027"></testcase><testcase classname="src.pymortests.vectorarray" file="src/pymortests/vectorarray.py" line="608" name="test_lincomb_wrong_coefficients[2-&lt;lambda&gt;0]" time="0.0029516220092773438"></testcase><testcase classname="src.pymortests.vectorarray" file="src/pymortests/vectorarray.py" line="608" name="test_lincomb_wrong_coefficients[2-&lt;lambda&gt;1]" time="0.0020401477813720703"></testcase><testcase classname="src.pymortests.vectorarray" file="src/pymortests/vectorarray.py" line="608" name="test_lincomb_wrong_coefficients[2-&lt;lambda&gt;2]" time="0.0028107166290283203"></testcase><testcase classname="src.pymortests.vectorarray" file="src/pymortests/vectorarray.py" line="608" name="test_lincomb_wrong_coefficients[2-&lt;lambda&gt;3]" time="0.0036139488220214844"></testcase><testcase classname="src.pymortests.vectorarray" file="src/pymortests/vectorarray.py" line="608" name="test_lincomb_wrong_coefficients[2-&lt;lambda&gt;4]" time="0.004101276397705078"></testcase><testcase classname="src.pymortests.vectorarray" file="src/pymortests/vectorarray.py" line="608" name="test_lincomb_wrong_coefficients[2-&lt;lambda&gt;5]" time="0.0018079280853271484"></testcase><testcase classname="src.pymortests.vectorarray" file="src/pymortests/vectorarray.py" line="608" name="test_lincomb_wrong_coefficients[2-&lt;lambda&gt;6]" time="0.0017495155334472656"></testcase><testcase classname="src.pymortests.vectorarray" file="src/pymortests/vectorarray.py" line="608" name="test_lincomb_wrong_coefficients[2-&lt;lambda&gt;7]" time="0.0026395320892333984"></testcase><testcase classname="src.pymortests.vectorarray" file="src/pymortests/vectorarray.py" line="608" name="test_lincomb_wrong_coefficients[2-&lt;lambda&gt;8]" time="0.0035016536712646484"></testcase><testcase classname="src.pymortests.vectorarray" file="src/pymortests/vectorarray.py" line="608" name="test_lincomb_wrong_coefficients[2-&lt;lambda&gt;9]" time="0.0047953128814697266"></testcase><testcase classname="src.pymortests.vectorarray" file="src/pymortests/vectorarray.py" line="608" name="test_lincomb_wrong_coefficients[2-&lt;lambda&gt;10]" time="0.0024118423461914062"></testcase><testcase classname="src.pymortests.vectorarray" file="src/pymortests/vectorarray.py" line="608" name="test_lincomb_wrong_coefficients[2-&lt;lambda&gt;11]" time="0.003888368606567383"></testcase><testcase classname="src.pymortests.vectorarray" file="src/pymortests/vectorarray.py" line="608" name="test_lincomb_wrong_coefficients[2-&lt;lambda&gt;12]" time="0.003856182098388672"></testcase><testcase classname="src.pymortests.vectorarray" file="src/pymortests/vectorarray.py" line="608" name="test_lincomb_wrong_coefficients[2-&lt;lambda&gt;13]" time="0.0031087398529052734"></testcase><testcase classname="src.pymortests.vectorarray" file="src/pymortests/vectorarray.py" line="608" name="test_lincomb_wrong_coefficients[2-&lt;lambda&gt;14]" time="0.0037314891815185547"></testcase><testcase classname="src.pymortests.vectorarray" file="src/pymortests/vectorarray.py" line="608" name="test_lincomb_wrong_coefficients[2-&lt;lambda&gt;15]" time="0.00562286376953125"></testcase><testcase classname="src.pymortests.vectorarray" file="src/pymortests/vectorarray.py" line="608" name="test_lincomb_wrong_coefficients[2-&lt;lambda&gt;16]" time="0.007397651672363281"></testcase><testcase classname="src.pymortests.vectorarray" file="src/pymortests/vectorarray.py" line="608" name="test_lincomb_wrong_coefficients[2-&lt;lambda&gt;17]" time="0.002653837203979492"></testcase><testcase classname="src.pymortests.vectorarray" file="src/pymortests/vectorarray.py" line="608" name="test_lincomb_wrong_coefficients[2-&lt;lambda&gt;18]" time="0.0024290084838867188"></testcase><testcase classname="src.pymortests.vectorarray" file="src/pymortests/vectorarray.py" line="608" name="test_lincomb_wrong_coefficients[2-&lt;lambda&gt;19]" time="0.004256010055541992"></testcase><testcase classname="src.pymortests.vectorarray" file="src/pymortests/vectorarray.py" line="608" name="test_lincomb_wrong_coefficients[2-&lt;lambda&gt;20]" time="0.011187553405761719"></testcase><testcase classname="src.pymortests.vectorarray" file="src/pymortests/vectorarray.py" line="608" name="test_lincomb_wrong_coefficients[2-&lt;lambda&gt;21]" time="0.021456003189086914"></testcase><testcase classname="src.pymortests.vectorarray" file="src/pymortests/vectorarray.py" line="608" name="test_lincomb_wrong_coefficients[2-&lt;lambda&gt;22]" time="0.0026504993438720703"></testcase><testcase classname="src.pymortests.vectorarray" file="src/pymortests/vectorarray.py" line="608" name="test_lincomb_wrong_coefficients[2-&lt;lambda&gt;23]" time="0.0018451213836669922"></testcase><testcase classname="src.pymortests.vectorarray" file="src/pymortests/vectorarray.py" line="608" name="test_lincomb_wrong_coefficients[2-&lt;lambda&gt;24]" time="0.0035064220428466797"></testcase><testcase classname="src.pymortests.vectorarray" file="src/pymortests/vectorarray.py" line="608" name="test_lincomb_wrong_coefficients[2-&lt;lambda&gt;25]" time="0.025878190994262695"></testcase><testcase classname="src.pymortests.vectorarray" file="src/pymortests/vectorarray.py" line="608" name="test_lincomb_wrong_coefficients[2-&lt;lambda&gt;26]" time="0.057836055755615234"></testcase><testcase classname="src.pymortests.vectorarray" file="src/pymortests/vectorarray.py" line="627" name="test_l1_norm[0-&lt;lambda&gt;0]" time="0.007571220397949219"></testcase><testcase classname="src.pymortests.vectorarray" file="src/pymortests/vectorarray.py" line="627" name="test_l1_norm[0-&lt;lambda&gt;1]" time="0.007147073745727539"></testcase><testcase classname="src.pymortests.vectorarray" file="src/pymortests/vectorarray.py" line="627" name="test_l1_norm[0-&lt;lambda&gt;2]" time="0.006582975387573242"></testcase><testcase classname="src.pymortests.vectorarray" file="src/pymortests/vectorarray.py" line="627" name="test_l1_norm[0-&lt;lambda&gt;3]" time="0.007419586181640625"></testcase><testcase classname="src.pymortests.vectorarray" file="src/pymortests/vectorarray.py" line="627" name="test_l1_norm[0-&lt;lambda&gt;4]" time="0.008030414581298828"></testcase><testcase classname="src.pymortests.vectorarray" file="src/pymortests/vectorarray.py" line="627" name="test_l1_norm[0-&lt;lambda&gt;5]" time="0.004717826843261719"></testcase><testcase classname="src.pymortests.vectorarray" file="src/pymortests/vectorarray.py" line="627" name="test_l1_norm[0-&lt;lambda&gt;6]" time="0.004575252532958984"></testcase><testcase classname="src.pymortests.vectorarray" file="src/pymortests/vectorarray.py" line="627" name="test_l1_norm[0-&lt;lambda&gt;7]" time="0.00663447380065918"></testcase><testcase classname="src.pymortests.vectorarray" file="src/pymortests/vectorarray.py" line="627" name="test_l1_norm[0-&lt;lambda&gt;8]" time="0.024887561798095703"></testcase><testcase classname="src.pymortests.vectorarray" file="src/pymortests/vectorarray.py" line="627" name="test_l1_norm[0-&lt;lambda&gt;9]" time="0.04767966270446777"></testcase><testcase classname="src.pymortests.vectorarray" file="src/pymortests/vectorarray.py" line="627" name="test_l1_norm[0-&lt;lambda&gt;10]" time="0.009261131286621094"></testcase><testcase classname="src.pymortests.vectorarray" file="src/pymortests/vectorarray.py" line="627" name="test_l1_norm[0-&lt;lambda&gt;11]" time="0.010789871215820312"></testcase><testcase classname="src.pymortests.vectorarray" file="src/pymortests/vectorarray.py" line="627" name="test_l1_norm[0-&lt;lambda&gt;12]" time="0.010653495788574219"></testcase><testcase classname="src.pymortests.vectorarray" file="src/pymortests/vectorarray.py" line="627" name="test_l1_norm[0-&lt;lambda&gt;13]" time="0.008749246597290039"></testcase><testcase classname="src.pymortests.vectorarray" file="src/pymortests/vectorarray.py" line="627" name="test_l1_norm[0-&lt;lambda&gt;14]" time="0.009604215621948242"></testcase><testcase classname="src.pymortests.vectorarray" file="src/pymortests/vectorarray.py" line="627" name="test_l1_norm[0-&lt;lambda&gt;15]" time="0.013329744338989258"></testcase><testcase classname="src.pymortests.vectorarray" file="src/pymortests/vectorarray.py" line="627" name="test_l1_norm[0-&lt;lambda&gt;16]" time="0.01588892936706543"></testcase><testcase classname="src.pymortests.vectorarray" file="src/pymortests/vectorarray.py" line="627" name="test_l1_norm[0-&lt;lambda&gt;17]" time="0.011434078216552734"></testcase><testcase classname="src.pymortests.vectorarray" file="src/pymortests/vectorarray.py" line="627" name="test_l1_norm[0-&lt;lambda&gt;18]" time="0.01128387451171875"></testcase><testcase classname="src.pymortests.vectorarray" file="src/pymortests/vectorarray.py" line="627" name="test_l1_norm[0-&lt;lambda&gt;19]" time="0.018909215927124023"></testcase><testcase classname="src.pymortests.vectorarray" file="src/pymortests/vectorarray.py" line="627" name="test_l1_norm[0-&lt;lambda&gt;20]" time="0.04896235466003418"></testcase><testcase classname="src.pymortests.vectorarray" file="src/pymortests/vectorarray.py" line="627" name="test_l1_norm[0-&lt;lambda&gt;21]" time="0.10076570510864258"></testcase><testcase classname="src.pymortests.vectorarray" file="src/pymortests/vectorarray.py" line="627" name="test_l1_norm[0-&lt;lambda&gt;22]" time="0.005664825439453125"></testcase><testcase classname="src.pymortests.vectorarray" file="src/pymortests/vectorarray.py" line="627" name="test_l1_norm[0-&lt;lambda&gt;23]" time="0.004694461822509766"></testcase><testcase classname="src.pymortests.vectorarray" file="src/pymortests/vectorarray.py" line="627" name="test_l1_norm[0-&lt;lambda&gt;24]" time="0.019631385803222656"></testcase><testcase classname="src.pymortests.vectorarray" file="src/pymortests/vectorarray.py" line="627" name="test_l1_norm[0-&lt;lambda&gt;25]" time="0.4031336307525635"></testcase><testcase classname="src.pymortests.vectorarray" file="src/pymortests/vectorarray.py" line="627" name="test_l1_norm[0-&lt;lambda&gt;26]" time="0.9549806118011475"></testcase><testcase classname="src.pymortests.vectorarray" file="src/pymortests/vectorarray.py" line="627" name="test_l1_norm[1-&lt;lambda&gt;0]" time="0.006569385528564453"></testcase><testcase classname="src.pymortests.vectorarray" file="src/pymortests/vectorarray.py" line="627" name="test_l1_norm[1-&lt;lambda&gt;1]" time="0.0055425167083740234"></testcase><testcase classname="src.pymortests.vectorarray" file="src/pymortests/vectorarray.py" line="627" name="test_l1_norm[1-&lt;lambda&gt;2]" time="0.006365776062011719"></testcase><testcase classname="src.pymortests.vectorarray" file="src/pymortests/vectorarray.py" line="627" name="test_l1_norm[1-&lt;lambda&gt;3]" time="0.007216215133666992"></testcase><testcase classname="src.pymortests.vectorarray" file="src/pymortests/vectorarray.py" line="627" name="test_l1_norm[1-&lt;lambda&gt;4]" time="0.007649898529052734"></testcase><testcase classname="src.pymortests.vectorarray" file="src/pymortests/vectorarray.py" line="627" name="test_l1_norm[1-&lt;lambda&gt;5]" time="0.004822492599487305"></testcase><testcase classname="src.pymortests.vectorarray" file="src/pymortests/vectorarray.py" line="627" name="test_l1_norm[1-&lt;lambda&gt;6]" time="0.004437685012817383"></testcase><testcase classname="src.pymortests.vectorarray" file="src/pymortests/vectorarray.py" line="627" name="test_l1_norm[1-&lt;lambda&gt;7]" time="0.006888151168823242"></testcase><testcase classname="src.pymortests.vectorarray" file="src/pymortests/vectorarray.py" line="627" name="test_l1_norm[1-&lt;lambda&gt;8]" time="0.02612018585205078"></testcase><testcase classname="src.pymortests.vectorarray" file="src/pymortests/vectorarray.py" line="627" name="test_l1_norm[1-&lt;lambda&gt;9]" time="0.04791092872619629"></testcase><testcase classname="src.pymortests.vectorarray" file="src/pymortests/vectorarray.py" line="627" name="test_l1_norm[1-&lt;lambda&gt;10]" time="0.00932455062866211"></testcase><testcase classname="src.pymortests.vectorarray" file="src/pymortests/vectorarray.py" line="627" name="test_l1_norm[1-&lt;lambda&gt;11]" time="0.010697364807128906"></testcase><testcase classname="src.pymortests.vectorarray" file="src/pymortests/vectorarray.py" line="627" name="test_l1_norm[1-&lt;lambda&gt;12]" time="0.009523391723632812"></testcase><testcase classname="src.pymortests.vectorarray" file="src/pymortests/vectorarray.py" line="627" name="test_l1_norm[1-&lt;lambda&gt;13]" time="0.007693767547607422"></testcase><testcase classname="src.pymortests.vectorarray" file="src/pymortests/vectorarray.py" line="627" name="test_l1_norm[1-&lt;lambda&gt;14]" time="0.009738922119140625"></testcase><testcase classname="src.pymortests.vectorarray" file="src/pymortests/vectorarray.py" line="627" name="test_l1_norm[1-&lt;lambda&gt;15]" time="0.01396632194519043"></testcase><testcase classname="src.pymortests.vectorarray" file="src/pymortests/vectorarray.py" line="627" name="test_l1_norm[1-&lt;lambda&gt;16]" time="0.016463279724121094"></testcase><testcase classname="src.pymortests.vectorarray" file="src/pymortests/vectorarray.py" line="627" name="test_l1_norm[1-&lt;lambda&gt;17]" time="0.01145792007446289"></testcase><testcase classname="src.pymortests.vectorarray" file="src/pymortests/vectorarray.py" line="627" name="test_l1_norm[1-&lt;lambda&gt;18]" time="0.01190805435180664"></testcase><testcase classname="src.pymortests.vectorarray" file="src/pymortests/vectorarray.py" line="627" name="test_l1_norm[1-&lt;lambda&gt;19]" time="0.0192718505859375"></testcase><testcase classname="src.pymortests.vectorarray" file="src/pymortests/vectorarray.py" line="627" name="test_l1_norm[1-&lt;lambda&gt;20]" time="0.05122971534729004"></testcase><testcase classname="src.pymortests.vectorarray" file="src/pymortests/vectorarray.py" line="627" name="test_l1_norm[1-&lt;lambda&gt;21]" time="0.10159158706665039"></testcase><testcase classname="src.pymortests.vectorarray" file="src/pymortests/vectorarray.py" line="627" name="test_l1_norm[1-&lt;lambda&gt;22]" time="0.0056607723236083984"></testcase><testcase classname="src.pymortests.vectorarray" file="src/pymortests/vectorarray.py" line="627" name="test_l1_norm[1-&lt;lambda&gt;23]" time="0.004602909088134766"></testcase><testcase classname="src.pymortests.vectorarray" file="src/pymortests/vectorarray.py" line="627" name="test_l1_norm[1-&lt;lambda&gt;24]" time="0.020462751388549805"></testcase><testcase classname="src.pymortests.vectorarray" file="src/pymortests/vectorarray.py" line="627" name="test_l1_norm[1-&lt;lambda&gt;25]" time="0.4389774799346924"></testcase><testcase classname="src.pymortests.vectorarray" file="src/pymortests/vectorarray.py" line="627" name="test_l1_norm[1-&lt;lambda&gt;26]" time="1.0129661560058594"></testcase><testcase classname="src.pymortests.vectorarray" file="src/pymortests/vectorarray.py" line="627" name="test_l1_norm[2-&lt;lambda&gt;0]" time="0.006479501724243164"></testcase><testcase classname="src.pymortests.vectorarray" file="src/pymortests/vectorarray.py" line="627" name="test_l1_norm[2-&lt;lambda&gt;1]" time="0.005293607711791992"></testcase><testcase classname="src.pymortests.vectorarray" file="src/pymortests/vectorarray.py" line="627" name="test_l1_norm[2-&lt;lambda&gt;2]" time="0.006180524826049805"></testcase><testcase classname="src.pymortests.vectorarray" file="src/pymortests/vectorarray.py" line="627" name="test_l1_norm[2-&lt;lambda&gt;3]" time="0.007002592086791992"></testcase><testcase classname="src.pymortests.vectorarray" file="src/pymortests/vectorarray.py" line="627" name="test_l1_norm[2-&lt;lambda&gt;4]" time="0.007685661315917969"></testcase><testcase classname="src.pymortests.vectorarray" file="src/pymortests/vectorarray.py" line="627" name="test_l1_norm[2-&lt;lambda&gt;5]" time="0.004506587982177734"></testcase><testcase classname="src.pymortests.vectorarray" file="src/pymortests/vectorarray.py" line="627" name="test_l1_norm[2-&lt;lambda&gt;6]" time="0.004288911819458008"></testcase><testcase classname="src.pymortests.vectorarray" file="src/pymortests/vectorarray.py" line="627" name="test_l1_norm[2-&lt;lambda&gt;7]" time="0.006840229034423828"></testcase><testcase classname="src.pymortests.vectorarray" file="src/pymortests/vectorarray.py" line="627" name="test_l1_norm[2-&lt;lambda&gt;8]" time="0.025815963745117188"></testcase><testcase classname="src.pymortests.vectorarray" file="src/pymortests/vectorarray.py" line="627" name="test_l1_norm[2-&lt;lambda&gt;9]" time="0.048604488372802734"></testcase><testcase classname="src.pymortests.vectorarray" file="src/pymortests/vectorarray.py" line="627" name="test_l1_norm[2-&lt;lambda&gt;10]" time="0.009298324584960938"></testcase><testcase classname="src.pymortests.vectorarray" file="src/pymortests/vectorarray.py" line="627" name="test_l1_norm[2-&lt;lambda&gt;11]" time="0.011061906814575195"></testcase><testcase classname="src.pymortests.vectorarray" file="src/pymortests/vectorarray.py" line="627" name="test_l1_norm[2-&lt;lambda&gt;12]" time="0.009498119354248047"></testcase><testcase classname="src.pymortests.vectorarray" file="src/pymortests/vectorarray.py" line="627" name="test_l1_norm[2-&lt;lambda&gt;13]" time="0.007758140563964844"></testcase><testcase classname="src.pymortests.vectorarray" file="src/pymortests/vectorarray.py" line="627" name="test_l1_norm[2-&lt;lambda&gt;14]" time="0.01020359992980957"></testcase><testcase classname="src.pymortests.vectorarray" file="src/pymortests/vectorarray.py" line="627" name="test_l1_norm[2-&lt;lambda&gt;15]" time="0.014416694641113281"></testcase><testcase classname="src.pymortests.vectorarray" file="src/pymortests/vectorarray.py" line="627" name="test_l1_norm[2-&lt;lambda&gt;16]" time="0.01662731170654297"></testcase><testcase classname="src.pymortests.vectorarray" file="src/pymortests/vectorarray.py" line="627" name="test_l1_norm[2-&lt;lambda&gt;17]" time="0.012022733688354492"></testcase><testcase classname="src.pymortests.vectorarray" file="src/pymortests/vectorarray.py" line="627" name="test_l1_norm[2-&lt;lambda&gt;18]" time="0.011445999145507812"></testcase><testcase classname="src.pymortests.vectorarray" file="src/pymortests/vectorarray.py" line="627" name="test_l1_norm[2-&lt;lambda&gt;19]" time="0.019163131713867188"></testcase><testcase classname="src.pymortests.vectorarray" file="src/pymortests/vectorarray.py" line="627" name="test_l1_norm[2-&lt;lambda&gt;20]" time="0.05184030532836914"></testcase><testcase classname="src.pymortests.vectorarray" file="src/pymortests/vectorarray.py" line="627" name="test_l1_norm[2-&lt;lambda&gt;21]" time="0.10205721855163574"></testcase><testcase classname="src.pymortests.vectorarray" file="src/pymortests/vectorarray.py" line="627" name="test_l1_norm[2-&lt;lambda&gt;22]" time="0.005693197250366211"></testcase><testcase classname="src.pymortests.vectorarray" file="src/pymortests/vectorarray.py" line="627" name="test_l1_norm[2-&lt;lambda&gt;23]" time="0.004843711853027344"></testcase><testcase classname="src.pymortests.vectorarray" file="src/pymortests/vectorarray.py" line="627" name="test_l1_norm[2-&lt;lambda&gt;24]" time="0.02071666717529297"></testcase><testcase classname="src.pymortests.vectorarray" file="src/pymortests/vectorarray.py" line="627" name="test_l1_norm[2-&lt;lambda&gt;25]" time="0.43603062629699707"></testcase><testcase classname="src.pymortests.vectorarray" file="src/pymortests/vectorarray.py" line="627" name="test_l1_norm[2-&lt;lambda&gt;26]" time="0.9884462356567383"></testcase><testcase classname="src.pymortests.vectorarray" file="src/pymortests/vectorarray.py" line="649" name="test_l2_norm[0-&lt;lambda&gt;0]" time="0.0064013004302978516"></testcase><testcase classname="src.pymortests.vectorarray" file="src/pymortests/vectorarray.py" line="649" name="test_l2_norm[0-&lt;lambda&gt;1]" time="0.005333900451660156"></testcase><testcase classname="src.pymortests.vectorarray" file="src/pymortests/vectorarray.py" line="649" name="test_l2_norm[0-&lt;lambda&gt;2]" time="0.0062944889068603516"></testcase><testcase classname="src.pymortests.vectorarray" file="src/pymortests/vectorarray.py" line="649" name="test_l2_norm[0-&lt;lambda&gt;3]" time="0.007329702377319336"></testcase><testcase classname="src.pymortests.vectorarray" file="src/pymortests/vectorarray.py" line="649" name="test_l2_norm[0-&lt;lambda&gt;4]" time="0.007773160934448242"></testcase><testcase classname="src.pymortests.vectorarray" file="src/pymortests/vectorarray.py" line="649" name="test_l2_norm[0-&lt;lambda&gt;5]" time="0.004504203796386719"></testcase><testcase classname="src.pymortests.vectorarray" file="src/pymortests/vectorarray.py" line="649" name="test_l2_norm[0-&lt;lambda&gt;6]" time="0.004340171813964844"></testcase><testcase classname="src.pymortests.vectorarray" file="src/pymortests/vectorarray.py" line="649" name="test_l2_norm[0-&lt;lambda&gt;7]" time="0.007072925567626953"></testcase><testcase classname="src.pymortests.vectorarray" file="src/pymortests/vectorarray.py" line="649" name="test_l2_norm[0-&lt;lambda&gt;8]" time="0.026294469833374023"></testcase><testcase classname="src.pymortests.vectorarray" file="src/pymortests/vectorarray.py" line="649" name="test_l2_norm[0-&lt;lambda&gt;9]" time="0.05138349533081055"></testcase><testcase classname="src.pymortests.vectorarray" file="src/pymortests/vectorarray.py" line="649" name="test_l2_norm[0-&lt;lambda&gt;10]" time="0.009382009506225586"></testcase><testcase classname="src.pymortests.vectorarray" file="src/pymortests/vectorarray.py" line="649" name="test_l2_norm[0-&lt;lambda&gt;11]" time="0.011019229888916016"></testcase><testcase classname="src.pymortests.vectorarray" file="src/pymortests/vectorarray.py" line="649" name="test_l2_norm[0-&lt;lambda&gt;12]" time="0.010961771011352539"></testcase><testcase classname="src.pymortests.vectorarray" file="src/pymortests/vectorarray.py" line="649" name="test_l2_norm[0-&lt;lambda&gt;13]" time="0.00928354263305664"></testcase><testcase classname="src.pymortests.vectorarray" file="src/pymortests/vectorarray.py" line="649" name="test_l2_norm[0-&lt;lambda&gt;14]" time="0.01119089126586914"></testcase><testcase classname="src.pymortests.vectorarray" file="src/pymortests/vectorarray.py" line="649" name="test_l2_norm[0-&lt;lambda&gt;15]" time="0.01462697982788086"></testcase><testcase classname="src.pymortests.vectorarray" file="src/pymortests/vectorarray.py" line="649" name="test_l2_norm[0-&lt;lambda&gt;16]" time="0.015951156616210938"></testcase><testcase classname="src.pymortests.vectorarray" file="src/pymortests/vectorarray.py" line="649" name="test_l2_norm[0-&lt;lambda&gt;17]" time="0.01153707504272461"></testcase><testcase classname="src.pymortests.vectorarray" file="src/pymortests/vectorarray.py" line="649" name="test_l2_norm[0-&lt;lambda&gt;18]" time="0.011214017868041992"></testcase><testcase classname="src.pymortests.vectorarray" file="src/pymortests/vectorarray.py" line="649" name="test_l2_norm[0-&lt;lambda&gt;19]" time="0.02183842658996582"></testcase><testcase classname="src.pymortests.vectorarray" file="src/pymortests/vectorarray.py" line="649" name="test_l2_norm[0-&lt;lambda&gt;20]" time="0.052315711975097656"></testcase><testcase classname="src.pymortests.vectorarray" file="src/pymortests/vectorarray.py" line="649" name="test_l2_norm[0-&lt;lambda&gt;21]" time="0.11185598373413086"></testcase><testcase classname="src.pymortests.vectorarray" file="src/pymortests/vectorarray.py" line="649" name="test_l2_norm[0-&lt;lambda&gt;22]" time="0.00566411018371582"></testcase><testcase classname="src.pymortests.vectorarray" file="src/pymortests/vectorarray.py" line="649" name="test_l2_norm[0-&lt;lambda&gt;23]" time="0.004757404327392578"></testcase><testcase classname="src.pymortests.vectorarray" file="src/pymortests/vectorarray.py" line="649" name="test_l2_norm[0-&lt;lambda&gt;24]" time="0.01759791374206543"></testcase><testcase classname="src.pymortests.vectorarray" file="src/pymortests/vectorarray.py" line="649" name="test_l2_norm[0-&lt;lambda&gt;25]" time="0.39591455459594727"></testcase><testcase classname="src.pymortests.vectorarray" file="src/pymortests/vectorarray.py" line="649" name="test_l2_norm[0-&lt;lambda&gt;26]" time="0.8829519748687744"></testcase><testcase classname="src.pymortests.vectorarray" file="src/pymortests/vectorarray.py" line="649" name="test_l2_norm[1-&lt;lambda&gt;0]" time="0.006702899932861328"></testcase><testcase classname="src.pymortests.vectorarray" file="src/pymortests/vectorarray.py" line="649" name="test_l2_norm[1-&lt;lambda&gt;1]" time="0.005474567413330078"></testcase><testcase classname="src.pymortests.vectorarray" file="src/pymortests/vectorarray.py" line="649" name="test_l2_norm[1-&lt;lambda&gt;2]" time="0.00637054443359375"></testcase><testcase classname="src.pymortests.vectorarray" file="src/pymortests/vectorarray.py" line="649" name="test_l2_norm[1-&lt;lambda&gt;3]" time="0.007529020309448242"></testcase><testcase classname="src.pymortests.vectorarray" file="src/pymortests/vectorarray.py" line="649" name="test_l2_norm[1-&lt;lambda&gt;4]" time="0.007845640182495117"></testcase><testcase classname="src.pymortests.vectorarray" file="src/pymortests/vectorarray.py" line="649" name="test_l2_norm[1-&lt;lambda&gt;5]" time="0.00463414192199707"></testcase><testcase classname="src.pymortests.vectorarray" file="src/pymortests/vectorarray.py" line="649" name="test_l2_norm[1-&lt;lambda&gt;6]" time="0.004617929458618164"></testcase><testcase classname="src.pymortests.vectorarray" file="src/pymortests/vectorarray.py" line="649" name="test_l2_norm[1-&lt;lambda&gt;7]" time="0.007400989532470703"></testcase><testcase classname="src.pymortests.vectorarray" file="src/pymortests/vectorarray.py" line="649" name="test_l2_norm[1-&lt;lambda&gt;8]" time="0.027749300003051758"></testcase><testcase classname="src.pymortests.vectorarray" file="src/pymortests/vectorarray.py" line="649" name="test_l2_norm[1-&lt;lambda&gt;9]" time="0.05062103271484375"></testcase><testcase classname="src.pymortests.vectorarray" file="src/pymortests/vectorarray.py" line="649" name="test_l2_norm[1-&lt;lambda&gt;10]" time="0.009691476821899414"></testcase><testcase classname="src.pymortests.vectorarray" file="src/pymortests/vectorarray.py" line="649" name="test_l2_norm[1-&lt;lambda&gt;11]" time="0.011218786239624023"></testcase><testcase classname="src.pymortests.vectorarray" file="src/pymortests/vectorarray.py" line="649" name="test_l2_norm[1-&lt;lambda&gt;12]" time="0.010709762573242188"></testcase><testcase classname="src.pymortests.vectorarray" file="src/pymortests/vectorarray.py" line="649" name="test_l2_norm[1-&lt;lambda&gt;13]" time="0.009087562561035156"></testcase><testcase classname="src.pymortests.vectorarray" file="src/pymortests/vectorarray.py" line="649" name="test_l2_norm[1-&lt;lambda&gt;14]" time="0.01023554801940918"></testcase><testcase classname="src.pymortests.vectorarray" file="src/pymortests/vectorarray.py" line="649" name="test_l2_norm[1-&lt;lambda&gt;15]" time="0.01421356201171875"></testcase><testcase classname="src.pymortests.vectorarray" file="src/pymortests/vectorarray.py" line="649" name="test_l2_norm[1-&lt;lambda&gt;16]" time="0.01633000373840332"></testcase><testcase classname="src.pymortests.vectorarray" file="src/pymortests/vectorarray.py" line="649" name="test_l2_norm[1-&lt;lambda&gt;17]" time="0.012326955795288086"></testcase><testcase classname="src.pymortests.vectorarray" file="src/pymortests/vectorarray.py" line="649" name="test_l2_norm[1-&lt;lambda&gt;18]" time="0.011486291885375977"></testcase><testcase classname="src.pymortests.vectorarray" file="src/pymortests/vectorarray.py" line="649" name="test_l2_norm[1-&lt;lambda&gt;19]" time="0.022195816040039062"></testcase><testcase classname="src.pymortests.vectorarray" file="src/pymortests/vectorarray.py" line="649" name="test_l2_norm[1-&lt;lambda&gt;20]" time="0.05386853218078613"></testcase><testcase classname="src.pymortests.vectorarray" file="src/pymortests/vectorarray.py" line="649" name="test_l2_norm[1-&lt;lambda&gt;21]" time="0.11559128761291504"></testcase><testcase classname="src.pymortests.vectorarray" file="src/pymortests/vectorarray.py" line="649" name="test_l2_norm[1-&lt;lambda&gt;22]" time="0.005850315093994141"></testcase><testcase classname="src.pymortests.vectorarray" file="src/pymortests/vectorarray.py" line="649" name="test_l2_norm[1-&lt;lambda&gt;23]" time="0.0048444271087646484"></testcase><testcase classname="src.pymortests.vectorarray" file="src/pymortests/vectorarray.py" line="649" name="test_l2_norm[1-&lt;lambda&gt;24]" time="0.01820659637451172"></testcase><testcase classname="src.pymortests.vectorarray" file="src/pymortests/vectorarray.py" line="649" name="test_l2_norm[1-&lt;lambda&gt;25]" time="0.4011836051940918"></testcase><testcase classname="src.pymortests.vectorarray" file="src/pymortests/vectorarray.py" line="649" name="test_l2_norm[1-&lt;lambda&gt;26]" time="0.9453046321868896"></testcase><testcase classname="src.pymortests.vectorarray" file="src/pymortests/vectorarray.py" line="649" name="test_l2_norm[2-&lt;lambda&gt;0]" time="0.00680851936340332"></testcase><testcase classname="src.pymortests.vectorarray" file="src/pymortests/vectorarray.py" line="649" name="test_l2_norm[2-&lt;lambda&gt;1]" time="0.006087541580200195"></testcase><testcase classname="src.pymortests.vectorarray" file="src/pymortests/vectorarray.py" line="649" name="test_l2_norm[2-&lt;lambda&gt;2]" time="0.006821393966674805"></testcase><testcase classname="src.pymortests.vectorarray" file="src/pymortests/vectorarray.py" line="649" name="test_l2_norm[2-&lt;lambda&gt;3]" time="0.00836324691772461"></testcase><testcase classname="src.pymortests.vectorarray" file="src/pymortests/vectorarray.py" line="649" name="test_l2_norm[2-&lt;lambda&gt;4]" time="0.007985591888427734"></testcase><testcase classname="src.pymortests.vectorarray" file="src/pymortests/vectorarray.py" line="649" name="test_l2_norm[2-&lt;lambda&gt;5]" time="0.004570960998535156"></testcase><testcase classname="src.pymortests.vectorarray" file="src/pymortests/vectorarray.py" line="649" name="test_l2_norm[2-&lt;lambda&gt;6]" time="0.00443720817565918"></testcase><testcase classname="src.pymortests.vectorarray" file="src/pymortests/vectorarray.py" line="649" name="test_l2_norm[2-&lt;lambda&gt;7]" time="0.007437944412231445"></testcase><testcase classname="src.pymortests.vectorarray" file="src/pymortests/vectorarray.py" line="649" name="test_l2_norm[2-&lt;lambda&gt;8]" time="0.02671027183532715"></testcase><testcase classname="src.pymortests.vectorarray" file="src/pymortests/vectorarray.py" line="649" name="test_l2_norm[2-&lt;lambda&gt;9]" time="0.05006122589111328"></testcase><testcase classname="src.pymortests.vectorarray" file="src/pymortests/vectorarray.py" line="649" name="test_l2_norm[2-&lt;lambda&gt;10]" time="0.009170770645141602"></testcase><testcase classname="src.pymortests.vectorarray" file="src/pymortests/vectorarray.py" line="649" name="test_l2_norm[2-&lt;lambda&gt;11]" time="0.011162042617797852"></testcase><testcase classname="src.pymortests.vectorarray" file="src/pymortests/vectorarray.py" line="649" name="test_l2_norm[2-&lt;lambda&gt;12]" time="0.01083993911743164"></testcase><testcase classname="src.pymortests.vectorarray" file="src/pymortests/vectorarray.py" line="649" name="test_l2_norm[2-&lt;lambda&gt;13]" time="0.009140729904174805"></testcase><testcase classname="src.pymortests.vectorarray" file="src/pymortests/vectorarray.py" line="649" name="test_l2_norm[2-&lt;lambda&gt;14]" time="0.011101961135864258"></testcase><testcase classname="src.pymortests.vectorarray" file="src/pymortests/vectorarray.py" line="649" name="test_l2_norm[2-&lt;lambda&gt;15]" time="0.014655828475952148"></testcase><testcase classname="src.pymortests.vectorarray" file="src/pymortests/vectorarray.py" line="649" name="test_l2_norm[2-&lt;lambda&gt;16]" time="0.015636920928955078"></testcase><testcase classname="src.pymortests.vectorarray" file="src/pymortests/vectorarray.py" line="649" name="test_l2_norm[2-&lt;lambda&gt;17]" time="0.011703729629516602"></testcase><testcase classname="src.pymortests.vectorarray" file="src/pymortests/vectorarray.py" line="649" name="test_l2_norm[2-&lt;lambda&gt;18]" time="0.011572837829589844"></testcase><testcase classname="src.pymortests.vectorarray" file="src/pymortests/vectorarray.py" line="649" name="test_l2_norm[2-&lt;lambda&gt;19]" time="0.021955251693725586"></testcase><testcase classname="src.pymortests.vectorarray" file="src/pymortests/vectorarray.py" line="649" name="test_l2_norm[2-&lt;lambda&gt;20]" time="0.0525662899017334"></testcase><testcase classname="src.pymortests.vectorarray" file="src/pymortests/vectorarray.py" line="649" name="test_l2_norm[2-&lt;lambda&gt;21]" time="0.10902667045593262"></testcase><testcase classname="src.pymortests.vectorarray" file="src/pymortests/vectorarray.py" line="649" name="test_l2_norm[2-&lt;lambda&gt;22]" time="0.005676984786987305"></testcase><testcase classname="src.pymortests.vectorarray" file="src/pymortests/vectorarray.py" line="649" name="test_l2_norm[2-&lt;lambda&gt;23]" time="0.004607439041137695"></testcase><testcase classname="src.pymortests.vectorarray" file="src/pymortests/vectorarray.py" line="649" name="test_l2_norm[2-&lt;lambda&gt;24]" time="0.018283843994140625"></testcase><testcase classname="src.pymortests.vectorarray" file="src/pymortests/vectorarray.py" line="649" name="test_l2_norm[2-&lt;lambda&gt;25]" time="0.4038562774658203"></testcase><testcase classname="src.pymortests.vectorarray" file="src/pymortests/vectorarray.py" line="649" name="test_l2_norm[2-&lt;lambda&gt;26]" time="0.9440388679504395"></testcase><testcase classname="src.pymortests.vectorarray" file="src/pymortests/vectorarray.py" line="671" name="test_l2_norm2[0-&lt;lambda&gt;0]" time="0.0064733028411865234"></testcase><testcase classname="src.pymortests.vectorarray" file="src/pymortests/vectorarray.py" line="671" name="test_l2_norm2[0-&lt;lambda&gt;1]" time="0.0053026676177978516"></testcase><testcase classname="src.pymortests.vectorarray" file="src/pymortests/vectorarray.py" line="671" name="test_l2_norm2[0-&lt;lambda&gt;2]" time="0.006112575531005859"></testcase><testcase classname="src.pymortests.vectorarray" file="src/pymortests/vectorarray.py" line="671" name="test_l2_norm2[0-&lt;lambda&gt;3]" time="0.007189750671386719"></testcase><testcase classname="src.pymortests.vectorarray" file="src/pymortests/vectorarray.py" line="671" name="test_l2_norm2[0-&lt;lambda&gt;4]" time="0.007517814636230469"></testcase><testcase classname="src.pymortests.vectorarray" file="src/pymortests/vectorarray.py" line="671" name="test_l2_norm2[0-&lt;lambda&gt;5]" time="0.004601478576660156"></testcase><testcase classname="src.pymortests.vectorarray" file="src/pymortests/vectorarray.py" line="671" name="test_l2_norm2[0-&lt;lambda&gt;6]" time="0.004596233367919922"></testcase><testcase classname="src.pymortests.vectorarray" file="src/pymortests/vectorarray.py" line="671" name="test_l2_norm2[0-&lt;lambda&gt;7]" time="0.0071179866790771484"></testcase><testcase classname="src.pymortests.vectorarray" file="src/pymortests/vectorarray.py" line="671" name="test_l2_norm2[0-&lt;lambda&gt;8]" time="0.02601146697998047"></testcase><testcase classname="src.pymortests.vectorarray" file="src/pymortests/vectorarray.py" line="671" name="test_l2_norm2[0-&lt;lambda&gt;9]" time="0.04955911636352539"></testcase><testcase classname="src.pymortests.vectorarray" file="src/pymortests/vectorarray.py" line="671" name="test_l2_norm2[0-&lt;lambda&gt;10]" time="0.008942604064941406"></testcase><testcase classname="src.pymortests.vectorarray" file="src/pymortests/vectorarray.py" line="671" name="test_l2_norm2[0-&lt;lambda&gt;11]" time="0.010378599166870117"></testcase><testcase classname="src.pymortests.vectorarray" file="src/pymortests/vectorarray.py" line="671" name="test_l2_norm2[0-&lt;lambda&gt;12]" time="0.009309768676757812"></testcase><testcase classname="src.pymortests.vectorarray" file="src/pymortests/vectorarray.py" line="671" name="test_l2_norm2[0-&lt;lambda&gt;13]" time="0.007661342620849609"></testcase><testcase classname="src.pymortests.vectorarray" file="src/pymortests/vectorarray.py" line="671" name="test_l2_norm2[0-&lt;lambda&gt;14]" time="0.009701013565063477"></testcase><testcase classname="src.pymortests.vectorarray" file="src/pymortests/vectorarray.py" line="671" name="test_l2_norm2[0-&lt;lambda&gt;15]" time="0.01344752311706543"></testcase><testcase classname="src.pymortests.vectorarray" file="src/pymortests/vectorarray.py" line="671" name="test_l2_norm2[0-&lt;lambda&gt;16]" time="0.01596832275390625"></testcase><testcase classname="src.pymortests.vectorarray" file="src/pymortests/vectorarray.py" line="671" name="test_l2_norm2[0-&lt;lambda&gt;17]" time="0.011428356170654297"></testcase><testcase classname="src.pymortests.vectorarray" file="src/pymortests/vectorarray.py" line="671" name="test_l2_norm2[0-&lt;lambda&gt;18]" time="0.01008152961730957"></testcase><testcase classname="src.pymortests.vectorarray" file="src/pymortests/vectorarray.py" line="671" name="test_l2_norm2[0-&lt;lambda&gt;19]" time="0.020426511764526367"></testcase><testcase classname="src.pymortests.vectorarray" file="src/pymortests/vectorarray.py" line="671" name="test_l2_norm2[0-&lt;lambda&gt;20]" time="0.05376625061035156"></testcase><testcase classname="src.pymortests.vectorarray" file="src/pymortests/vectorarray.py" line="671" name="test_l2_norm2[0-&lt;lambda&gt;21]" time="0.11155414581298828"></testcase><testcase classname="src.pymortests.vectorarray" file="src/pymortests/vectorarray.py" line="671" name="test_l2_norm2[0-&lt;lambda&gt;22]" time="0.005644798278808594"></testcase><testcase classname="src.pymortests.vectorarray" file="src/pymortests/vectorarray.py" line="671" name="test_l2_norm2[0-&lt;lambda&gt;23]" time="0.004596233367919922"></testcase><testcase classname="src.pymortests.vectorarray" file="src/pymortests/vectorarray.py" line="671" name="test_l2_norm2[0-&lt;lambda&gt;24]" time="0.017174959182739258"></testcase><testcase classname="src.pymortests.vectorarray" file="src/pymortests/vectorarray.py" line="671" name="test_l2_norm2[0-&lt;lambda&gt;25]" time="0.38752055168151855"></testcase><testcase classname="src.pymortests.vectorarray" file="src/pymortests/vectorarray.py" line="671" name="test_l2_norm2[0-&lt;lambda&gt;26]" time="0.8836069107055664"></testcase><testcase classname="src.pymortests.vectorarray" file="src/pymortests/vectorarray.py" line="671" name="test_l2_norm2[1-&lt;lambda&gt;0]" time="0.006358623504638672"></testcase><testcase classname="src.pymortests.vectorarray" file="src/pymortests/vectorarray.py" line="671" name="test_l2_norm2[1-&lt;lambda&gt;1]" time="0.005173206329345703"></testcase><testcase classname="src.pymortests.vectorarray" file="src/pymortests/vectorarray.py" line="671" name="test_l2_norm2[1-&lt;lambda&gt;2]" time="0.006186246871948242"></testcase><testcase classname="src.pymortests.vectorarray" file="src/pymortests/vectorarray.py" line="671" name="test_l2_norm2[1-&lt;lambda&gt;3]" time="0.007367610931396484"></testcase><testcase classname="src.pymortests.vectorarray" file="src/pymortests/vectorarray.py" line="671" name="test_l2_norm2[1-&lt;lambda&gt;4]" time="0.0077517032623291016"></testcase><testcase classname="src.pymortests.vectorarray" file="src/pymortests/vectorarray.py" line="671" name="test_l2_norm2[1-&lt;lambda&gt;5]" time="0.004877328872680664"></testcase><testcase classname="src.pymortests.vectorarray" file="src/pymortests/vectorarray.py" line="671" name="test_l2_norm2[1-&lt;lambda&gt;6]" time="0.00444793701171875"></testcase><testcase classname="src.pymortests.vectorarray" file="src/pymortests/vectorarray.py" line="671" name="test_l2_norm2[1-&lt;lambda&gt;7]" time="0.0070018768310546875"></testcase><testcase classname="src.pymortests.vectorarray" file="src/pymortests/vectorarray.py" line="671" name="test_l2_norm2[1-&lt;lambda&gt;8]" time="0.02777719497680664"></testcase><testcase classname="src.pymortests.vectorarray" file="src/pymortests/vectorarray.py" line="671" name="test_l2_norm2[1-&lt;lambda&gt;9]" time="0.05063271522521973"></testcase><testcase classname="src.pymortests.vectorarray" file="src/pymortests/vectorarray.py" line="671" name="test_l2_norm2[1-&lt;lambda&gt;10]" time="0.009098529815673828"></testcase><testcase classname="src.pymortests.vectorarray" file="src/pymortests/vectorarray.py" line="671" name="test_l2_norm2[1-&lt;lambda&gt;11]" time="0.01097559928894043"></testcase><testcase classname="src.pymortests.vectorarray" file="src/pymortests/vectorarray.py" line="671" name="test_l2_norm2[1-&lt;lambda&gt;12]" time="0.010512590408325195"></testcase><testcase classname="src.pymortests.vectorarray" file="src/pymortests/vectorarray.py" line="671" name="test_l2_norm2[1-&lt;lambda&gt;13]" time="0.008893489837646484"></testcase><testcase classname="src.pymortests.vectorarray" file="src/pymortests/vectorarray.py" line="671" name="test_l2_norm2[1-&lt;lambda&gt;14]" time="0.009476423263549805"></testcase><testcase classname="src.pymortests.vectorarray" file="src/pymortests/vectorarray.py" line="671" name="test_l2_norm2[1-&lt;lambda&gt;15]" time="0.013191699981689453"></testcase><testcase classname="src.pymortests.vectorarray" file="src/pymortests/vectorarray.py" line="671" name="test_l2_norm2[1-&lt;lambda&gt;16]" time="0.01585865020751953"></testcase><testcase classname="src.pymortests.vectorarray" file="src/pymortests/vectorarray.py" line="671" name="test_l2_norm2[1-&lt;lambda&gt;17]" time="0.01170659065246582"></testcase><testcase classname="src.pymortests.vectorarray" file="src/pymortests/vectorarray.py" line="671" name="test_l2_norm2[1-&lt;lambda&gt;18]" time="0.011687040328979492"></testcase><testcase classname="src.pymortests.vectorarray" file="src/pymortests/vectorarray.py" line="671" name="test_l2_norm2[1-&lt;lambda&gt;19]" time="0.021429777145385742"></testcase><testcase classname="src.pymortests.vectorarray" file="src/pymortests/vectorarray.py" line="671" name="test_l2_norm2[1-&lt;lambda&gt;20]" time="0.052345991134643555"></testcase><testcase classname="src.pymortests.vectorarray" file="src/pymortests/vectorarray.py" line="671" name="test_l2_norm2[1-&lt;lambda&gt;21]" time="0.11150288581848145"></testcase><testcase classname="src.pymortests.vectorarray" file="src/pymortests/vectorarray.py" line="671" name="test_l2_norm2[1-&lt;lambda&gt;22]" time="0.005674123764038086"></testcase><testcase classname="src.pymortests.vectorarray" file="src/pymortests/vectorarray.py" line="671" name="test_l2_norm2[1-&lt;lambda&gt;23]" time="0.0045680999755859375"></testcase><testcase classname="src.pymortests.vectorarray" file="src/pymortests/vectorarray.py" line="671" name="test_l2_norm2[1-&lt;lambda&gt;24]" time="0.017908573150634766"></testcase><testcase classname="src.pymortests.vectorarray" file="src/pymortests/vectorarray.py" line="671" name="test_l2_norm2[1-&lt;lambda&gt;25]" time="0.4074990749359131"></testcase><testcase classname="src.pymortests.vectorarray" file="src/pymortests/vectorarray.py" line="671" name="test_l2_norm2[1-&lt;lambda&gt;26]" time="0.9307651519775391"></testcase><testcase classname="src.pymortests.vectorarray" file="src/pymortests/vectorarray.py" line="671" name="test_l2_norm2[2-&lt;lambda&gt;0]" time="0.006502866744995117"></testcase><testcase classname="src.pymortests.vectorarray" file="src/pymortests/vectorarray.py" line="671" name="test_l2_norm2[2-&lt;lambda&gt;1]" time="0.00562286376953125"></testcase><testcase classname="src.pymortests.vectorarray" file="src/pymortests/vectorarray.py" line="671" name="test_l2_norm2[2-&lt;lambda&gt;2]" time="0.00624847412109375"></testcase><testcase classname="src.pymortests.vectorarray" file="src/pymortests/vectorarray.py" line="671" name="test_l2_norm2[2-&lt;lambda&gt;3]" time="0.0072443485260009766"></testcase><testcase classname="src.pymortests.vectorarray" file="src/pymortests/vectorarray.py" line="671" name="test_l2_norm2[2-&lt;lambda&gt;4]" time="0.007392406463623047"></testcase><testcase classname="src.pymortests.vectorarray" file="src/pymortests/vectorarray.py" line="671" name="test_l2_norm2[2-&lt;lambda&gt;5]" time="0.00457453727722168"></testcase><testcase classname="src.pymortests.vectorarray" file="src/pymortests/vectorarray.py" line="671" name="test_l2_norm2[2-&lt;lambda&gt;6]" time="0.005746603012084961"></testcase><testcase classname="src.pymortests.vectorarray" file="src/pymortests/vectorarray.py" line="671" name="test_l2_norm2[2-&lt;lambda&gt;7]" time="0.007024526596069336"></testcase><testcase classname="src.pymortests.vectorarray" file="src/pymortests/vectorarray.py" line="671" name="test_l2_norm2[2-&lt;lambda&gt;8]" time="0.026658296585083008"></testcase><testcase classname="src.pymortests.vectorarray" file="src/pymortests/vectorarray.py" line="671" name="test_l2_norm2[2-&lt;lambda&gt;9]" time="0.04998517036437988"></testcase><testcase classname="src.pymortests.vectorarray" file="src/pymortests/vectorarray.py" line="671" name="test_l2_norm2[2-&lt;lambda&gt;10]" time="0.009255647659301758"></testcase><testcase classname="src.pymortests.vectorarray" file="src/pymortests/vectorarray.py" line="671" name="test_l2_norm2[2-&lt;lambda&gt;11]" time="0.010677099227905273"></testcase><testcase classname="src.pymortests.vectorarray" file="src/pymortests/vectorarray.py" line="671" name="test_l2_norm2[2-&lt;lambda&gt;12]" time="0.010118722915649414"></testcase><testcase classname="src.pymortests.vectorarray" file="src/pymortests/vectorarray.py" line="671" name="test_l2_norm2[2-&lt;lambda&gt;13]" time="0.007574796676635742"></testcase><testcase classname="src.pymortests.vectorarray" file="src/pymortests/vectorarray.py" line="671" name="test_l2_norm2[2-&lt;lambda&gt;14]" time="0.009363174438476562"></testcase><testcase classname="src.pymortests.vectorarray" file="src/pymortests/vectorarray.py" line="671" name="test_l2_norm2[2-&lt;lambda&gt;15]" time="0.01349782943725586"></testcase><testcase classname="src.pymortests.vectorarray" file="src/pymortests/vectorarray.py" line="671" name="test_l2_norm2[2-&lt;lambda&gt;16]" time="0.015964984893798828"></testcase><testcase classname="src.pymortests.vectorarray" file="src/pymortests/vectorarray.py" line="671" name="test_l2_norm2[2-&lt;lambda&gt;17]" time="0.011232137680053711"></testcase><testcase classname="src.pymortests.vectorarray" file="src/pymortests/vectorarray.py" line="671" name="test_l2_norm2[2-&lt;lambda&gt;18]" time="0.01114511489868164"></testcase><testcase classname="src.pymortests.vectorarray" file="src/pymortests/vectorarray.py" line="671" name="test_l2_norm2[2-&lt;lambda&gt;19]" time="0.02256488800048828"></testcase><testcase classname="src.pymortests.vectorarray" file="src/pymortests/vectorarray.py" line="671" name="test_l2_norm2[2-&lt;lambda&gt;20]" time="0.0538027286529541"></testcase><testcase classname="src.pymortests.vectorarray" file="src/pymortests/vectorarray.py" line="671" name="test_l2_norm2[2-&lt;lambda&gt;21]" time="0.11183452606201172"></testcase><testcase classname="src.pymortests.vectorarray" file="src/pymortests/vectorarray.py" line="671" name="test_l2_norm2[2-&lt;lambda&gt;22]" time="0.0056307315826416016"></testcase><testcase classname="src.pymortests.vectorarray" file="src/pymortests/vectorarray.py" line="671" name="test_l2_norm2[2-&lt;lambda&gt;23]" time="0.00478816032409668"></testcase><testcase classname="src.pymortests.vectorarray" file="src/pymortests/vectorarray.py" line="671" name="test_l2_norm2[2-&lt;lambda&gt;24]" time="0.01795506477355957"></testcase><testcase classname="src.pymortests.vectorarray" file="src/pymortests/vectorarray.py" line="671" name="test_l2_norm2[2-&lt;lambda&gt;25]" time="0.3987009525299072"></testcase><testcase classname="src.pymortests.vectorarray" file="src/pymortests/vectorarray.py" line="671" name="test_l2_norm2[2-&lt;lambda&gt;26]" time="0.9295206069946289"></testcase><testcase classname="src.pymortests.vectorarray" file="src/pymortests/vectorarray.py" line="693" name="test_sup_norm[0-&lt;lambda&gt;0]" time="0.005227804183959961"></testcase><testcase classname="src.pymortests.vectorarray" file="src/pymortests/vectorarray.py" line="693" name="test_sup_norm[0-&lt;lambda&gt;1]" time="0.005554676055908203"></testcase><testcase classname="src.pymortests.vectorarray" file="src/pymortests/vectorarray.py" line="693" name="test_sup_norm[0-&lt;lambda&gt;2]" time="0.006594181060791016"></testcase><testcase classname="src.pymortests.vectorarray" file="src/pymortests/vectorarray.py" line="693" name="test_sup_norm[0-&lt;lambda&gt;3]" time="0.007421970367431641"></testcase><testcase classname="src.pymortests.vectorarray" file="src/pymortests/vectorarray.py" line="693" name="test_sup_norm[0-&lt;lambda&gt;4]" time="0.006233692169189453"></testcase><testcase classname="src.pymortests.vectorarray" file="src/pymortests/vectorarray.py" line="693" name="test_sup_norm[0-&lt;lambda&gt;5]" time="0.0039038658142089844"></testcase><testcase classname="src.pymortests.vectorarray" file="src/pymortests/vectorarray.py" line="693" name="test_sup_norm[0-&lt;lambda&gt;6]" time="0.004664897918701172"></testcase><testcase classname="src.pymortests.vectorarray" file="src/pymortests/vectorarray.py" line="693" name="test_sup_norm[0-&lt;lambda&gt;7]" time="0.0067768096923828125"></testcase><testcase classname="src.pymortests.vectorarray" file="src/pymortests/vectorarray.py" line="693" name="test_sup_norm[0-&lt;lambda&gt;8]" time="0.023096323013305664"></testcase><testcase classname="src.pymortests.vectorarray" file="src/pymortests/vectorarray.py" line="693" name="test_sup_norm[0-&lt;lambda&gt;9]" time="0.02565479278564453"></testcase><testcase classname="src.pymortests.vectorarray" file="src/pymortests/vectorarray.py" line="693" name="test_sup_norm[0-&lt;lambda&gt;10]" time="0.009634733200073242"></testcase><testcase classname="src.pymortests.vectorarray" file="src/pymortests/vectorarray.py" line="693" name="test_sup_norm[0-&lt;lambda&gt;11]" time="0.011491060256958008"></testcase><testcase classname="src.pymortests.vectorarray" file="src/pymortests/vectorarray.py" line="693" name="test_sup_norm[0-&lt;lambda&gt;12]" time="0.008799076080322266"></testcase><testcase classname="src.pymortests.vectorarray" file="src/pymortests/vectorarray.py" line="693" name="test_sup_norm[0-&lt;lambda&gt;13]" time="0.00818324089050293"></testcase><testcase classname="src.pymortests.vectorarray" file="src/pymortests/vectorarray.py" line="693" name="test_sup_norm[0-&lt;lambda&gt;14]" time="0.0105743408203125"></testcase><testcase classname="src.pymortests.vectorarray" file="src/pymortests/vectorarray.py" line="693" name="test_sup_norm[0-&lt;lambda&gt;15]" time="0.014380693435668945"></testcase><testcase classname="src.pymortests.vectorarray" file="src/pymortests/vectorarray.py" line="693" name="test_sup_norm[0-&lt;lambda&gt;16]" time="0.016445159912109375"></testcase><testcase classname="src.pymortests.vectorarray" file="src/pymortests/vectorarray.py" line="693" name="test_sup_norm[0-&lt;lambda&gt;17]" time="0.023752689361572266"></testcase><testcase classname="src.pymortests.vectorarray" file="src/pymortests/vectorarray.py" line="693" name="test_sup_norm[0-&lt;lambda&gt;18]" time="0.02516961097717285"></testcase><testcase classname="src.pymortests.vectorarray" file="src/pymortests/vectorarray.py" line="693" name="test_sup_norm[0-&lt;lambda&gt;19]" time="0.05036330223083496"></testcase><testcase classname="src.pymortests.vectorarray" file="src/pymortests/vectorarray.py" line="693" name="test_sup_norm[0-&lt;lambda&gt;20]" time="0.06415414810180664"></testcase><testcase classname="src.pymortests.vectorarray" file="src/pymortests/vectorarray.py" line="693" name="test_sup_norm[0-&lt;lambda&gt;21]" time="0.11983442306518555"></testcase><testcase classname="src.pymortests.vectorarray" file="src/pymortests/vectorarray.py" line="693" name="test_sup_norm[0-&lt;lambda&gt;22]" time="0.005470991134643555"></testcase><testcase classname="src.pymortests.vectorarray" file="src/pymortests/vectorarray.py" line="693" name="test_sup_norm[0-&lt;lambda&gt;23]" time="0.0052263736724853516"></testcase><testcase classname="src.pymortests.vectorarray" file="src/pymortests/vectorarray.py" line="693" name="test_sup_norm[0-&lt;lambda&gt;24]" time="0.019320011138916016"></testcase><testcase classname="src.pymortests.vectorarray" file="src/pymortests/vectorarray.py" line="693" name="test_sup_norm[0-&lt;lambda&gt;25]" time="0.402817964553833"></testcase><testcase classname="src.pymortests.vectorarray" file="src/pymortests/vectorarray.py" line="693" name="test_sup_norm[0-&lt;lambda&gt;26]" time="0.8659641742706299"></testcase><testcase classname="src.pymortests.vectorarray" file="src/pymortests/vectorarray.py" line="693" name="test_sup_norm[1-&lt;lambda&gt;0]" time="0.005158185958862305"></testcase><testcase classname="src.pymortests.vectorarray" file="src/pymortests/vectorarray.py" line="693" name="test_sup_norm[1-&lt;lambda&gt;1]" time="0.0053746700286865234"></testcase><testcase classname="src.pymortests.vectorarray" file="src/pymortests/vectorarray.py" line="693" name="test_sup_norm[1-&lt;lambda&gt;2]" time="0.006474971771240234"></testcase><testcase classname="src.pymortests.vectorarray" file="src/pymortests/vectorarray.py" line="693" name="test_sup_norm[1-&lt;lambda&gt;3]" time="0.00738072395324707"></testcase><testcase classname="src.pymortests.vectorarray" file="src/pymortests/vectorarray.py" line="693" name="test_sup_norm[1-&lt;lambda&gt;4]" time="0.005997657775878906"></testcase><testcase classname="src.pymortests.vectorarray" file="src/pymortests/vectorarray.py" line="693" name="test_sup_norm[1-&lt;lambda&gt;5]" time="0.004189014434814453"></testcase><testcase classname="src.pymortests.vectorarray" file="src/pymortests/vectorarray.py" line="693" name="test_sup_norm[1-&lt;lambda&gt;6]" time="0.004734992980957031"></testcase><testcase classname="src.pymortests.vectorarray" file="src/pymortests/vectorarray.py" line="693" name="test_sup_norm[1-&lt;lambda&gt;7]" time="0.006836891174316406"></testcase><testcase classname="src.pymortests.vectorarray" file="src/pymortests/vectorarray.py" line="693" name="test_sup_norm[1-&lt;lambda&gt;8]" time="0.022648334503173828"></testcase><testcase classname="src.pymortests.vectorarray" file="src/pymortests/vectorarray.py" line="693" name="test_sup_norm[1-&lt;lambda&gt;9]" time="0.025710344314575195"></testcase><testcase classname="src.pymortests.vectorarray" file="src/pymortests/vectorarray.py" line="693" name="test_sup_norm[1-&lt;lambda&gt;10]" time="0.00937962532043457"></testcase><testcase classname="src.pymortests.vectorarray" file="src/pymortests/vectorarray.py" line="693" name="test_sup_norm[1-&lt;lambda&gt;11]" time="0.009805917739868164"></testcase><testcase classname="src.pymortests.vectorarray" file="src/pymortests/vectorarray.py" line="693" name="test_sup_norm[1-&lt;lambda&gt;12]" time="0.007517337799072266"></testcase><testcase classname="src.pymortests.vectorarray" file="src/pymortests/vectorarray.py" line="693" name="test_sup_norm[1-&lt;lambda&gt;13]" time="0.007848024368286133"></testcase><testcase classname="src.pymortests.vectorarray" file="src/pymortests/vectorarray.py" line="693" name="test_sup_norm[1-&lt;lambda&gt;14]" time="0.009981393814086914"></testcase><testcase classname="src.pymortests.vectorarray" file="src/pymortests/vectorarray.py" line="693" name="test_sup_norm[1-&lt;lambda&gt;15]" time="0.01420283317565918"></testcase><testcase classname="src.pymortests.vectorarray" file="src/pymortests/vectorarray.py" line="693" name="test_sup_norm[1-&lt;lambda&gt;16]" time="0.016631603240966797"></testcase><testcase classname="src.pymortests.vectorarray" file="src/pymortests/vectorarray.py" line="693" name="test_sup_norm[1-&lt;lambda&gt;17]" time="0.022754669189453125"></testcase><testcase classname="src.pymortests.vectorarray" file="src/pymortests/vectorarray.py" line="693" name="test_sup_norm[1-&lt;lambda&gt;18]" time="0.02265000343322754"></testcase><testcase classname="src.pymortests.vectorarray" file="src/pymortests/vectorarray.py" line="693" name="test_sup_norm[1-&lt;lambda&gt;19]" time="0.05194592475891113"></testcase><testcase classname="src.pymortests.vectorarray" file="src/pymortests/vectorarray.py" line="693" name="test_sup_norm[1-&lt;lambda&gt;20]" time="0.06349563598632812"></testcase><testcase classname="src.pymortests.vectorarray" file="src/pymortests/vectorarray.py" line="693" name="test_sup_norm[1-&lt;lambda&gt;21]" time="0.12301301956176758"></testcase><testcase classname="src.pymortests.vectorarray" file="src/pymortests/vectorarray.py" line="693" name="test_sup_norm[1-&lt;lambda&gt;22]" time="0.0053577423095703125"></testcase><testcase classname="src.pymortests.vectorarray" file="src/pymortests/vectorarray.py" line="693" name="test_sup_norm[1-&lt;lambda&gt;23]" time="0.005079984664916992"></testcase><testcase classname="src.pymortests.vectorarray" file="src/pymortests/vectorarray.py" line="693" name="test_sup_norm[1-&lt;lambda&gt;24]" time="0.020197391510009766"></testcase><testcase classname="src.pymortests.vectorarray" file="src/pymortests/vectorarray.py" line="693" name="test_sup_norm[1-&lt;lambda&gt;25]" time="0.4227733612060547"></testcase><testcase classname="src.pymortests.vectorarray" file="src/pymortests/vectorarray.py" line="693" name="test_sup_norm[1-&lt;lambda&gt;26]" time="0.8792178630828857"></testcase><testcase classname="src.pymortests.vectorarray" file="src/pymortests/vectorarray.py" line="693" name="test_sup_norm[2-&lt;lambda&gt;0]" time="0.005185604095458984"></testcase><testcase classname="src.pymortests.vectorarray" file="src/pymortests/vectorarray.py" line="693" name="test_sup_norm[2-&lt;lambda&gt;1]" time="0.005543708801269531"></testcase><testcase classname="src.pymortests.vectorarray" file="src/pymortests/vectorarray.py" line="693" name="test_sup_norm[2-&lt;lambda&gt;2]" time="0.006462812423706055"></testcase><testcase classname="src.pymortests.vectorarray" file="src/pymortests/vectorarray.py" line="693" name="test_sup_norm[2-&lt;lambda&gt;3]" time="0.0076673030853271484"></testcase><testcase classname="src.pymortests.vectorarray" file="src/pymortests/vectorarray.py" line="693" name="test_sup_norm[2-&lt;lambda&gt;4]" time="0.00606989860534668"></testcase><testcase classname="src.pymortests.vectorarray" file="src/pymortests/vectorarray.py" line="693" name="test_sup_norm[2-&lt;lambda&gt;5]" time="0.003958225250244141"></testcase><testcase classname="src.pymortests.vectorarray" file="src/pymortests/vectorarray.py" line="693" name="test_sup_norm[2-&lt;lambda&gt;6]" time="0.0047147274017333984"></testcase><testcase classname="src.pymortests.vectorarray" file="src/pymortests/vectorarray.py" line="693" name="test_sup_norm[2-&lt;lambda&gt;7]" time="0.007396221160888672"></testcase><testcase classname="src.pymortests.vectorarray" file="src/pymortests/vectorarray.py" line="693" name="test_sup_norm[2-&lt;lambda&gt;8]" time="0.023966073989868164"></testcase><testcase classname="src.pymortests.vectorarray" file="src/pymortests/vectorarray.py" line="693" name="test_sup_norm[2-&lt;lambda&gt;9]" time="0.02606654167175293"></testcase><testcase classname="src.pymortests.vectorarray" file="src/pymortests/vectorarray.py" line="693" name="test_sup_norm[2-&lt;lambda&gt;10]" time="0.00933074951171875"></testcase><testcase classname="src.pymortests.vectorarray" file="src/pymortests/vectorarray.py" line="693" name="test_sup_norm[2-&lt;lambda&gt;11]" time="0.011337995529174805"></testcase><testcase classname="src.pymortests.vectorarray" file="src/pymortests/vectorarray.py" line="693" name="test_sup_norm[2-&lt;lambda&gt;12]" time="0.008826017379760742"></testcase><testcase classname="src.pymortests.vectorarray" file="src/pymortests/vectorarray.py" line="693" name="test_sup_norm[2-&lt;lambda&gt;13]" time="0.008075237274169922"></testcase><testcase classname="src.pymortests.vectorarray" file="src/pymortests/vectorarray.py" line="693" name="test_sup_norm[2-&lt;lambda&gt;14]" time="0.010040521621704102"></testcase><testcase classname="src.pymortests.vectorarray" file="src/pymortests/vectorarray.py" line="693" name="test_sup_norm[2-&lt;lambda&gt;15]" time="0.013870477676391602"></testcase><testcase classname="src.pymortests.vectorarray" file="src/pymortests/vectorarray.py" line="693" name="test_sup_norm[2-&lt;lambda&gt;16]" time="0.01675868034362793"></testcase><testcase classname="src.pymortests.vectorarray" file="src/pymortests/vectorarray.py" line="693" name="test_sup_norm[2-&lt;lambda&gt;17]" time="0.023288249969482422"></testcase><testcase classname="src.pymortests.vectorarray" file="src/pymortests/vectorarray.py" line="693" name="test_sup_norm[2-&lt;lambda&gt;18]" time="0.022864341735839844"></testcase><testcase classname="src.pymortests.vectorarray" file="src/pymortests/vectorarray.py" line="693" name="test_sup_norm[2-&lt;lambda&gt;19]" time="0.051618337631225586"></testcase><testcase classname="src.pymortests.vectorarray" file="src/pymortests/vectorarray.py" line="693" name="test_sup_norm[2-&lt;lambda&gt;20]" time="0.06466293334960938"></testcase><testcase classname="src.pymortests.vectorarray" file="src/pymortests/vectorarray.py" line="693" name="test_sup_norm[2-&lt;lambda&gt;21]" time="0.12078666687011719"></testcase><testcase classname="src.pymortests.vectorarray" file="src/pymortests/vectorarray.py" line="693" name="test_sup_norm[2-&lt;lambda&gt;22]" time="0.005647420883178711"></testcase><testcase classname="src.pymortests.vectorarray" file="src/pymortests/vectorarray.py" line="693" name="test_sup_norm[2-&lt;lambda&gt;23]" time="0.00557708740234375"></testcase><testcase classname="src.pymortests.vectorarray" file="src/pymortests/vectorarray.py" line="693" name="test_sup_norm[2-&lt;lambda&gt;24]" time="0.020657777786254883"></testcase><testcase classname="src.pymortests.vectorarray" file="src/pymortests/vectorarray.py" line="693" name="test_sup_norm[2-&lt;lambda&gt;25]" time="0.41893601417541504"></testcase><testcase classname="src.pymortests.vectorarray" file="src/pymortests/vectorarray.py" line="693" name="test_sup_norm[2-&lt;lambda&gt;26]" time="0.866218090057373"></testcase><testcase classname="src.pymortests.vectorarray" file="src/pymortests/vectorarray.py" line="716" name="test_dofs[0-&lt;lambda&gt;0]" time="0.0027685165405273438"></testcase><testcase classname="src.pymortests.vectorarray" file="src/pymortests/vectorarray.py" line="716" name="test_dofs[0-&lt;lambda&gt;1]" time="0.011974334716796875"></testcase><testcase classname="src.pymortests.vectorarray" file="src/pymortests/vectorarray.py" line="716" name="test_dofs[0-&lt;lambda&gt;2]" time="0.01308441162109375"></testcase><testcase classname="src.pymortests.vectorarray" file="src/pymortests/vectorarray.py" line="716" name="test_dofs[0-&lt;lambda&gt;3]" time="0.01555013656616211"></testcase><testcase classname="src.pymortests.vectorarray" file="src/pymortests/vectorarray.py" line="716" name="test_dofs[0-&lt;lambda&gt;4]" time="0.003977060317993164"></testcase><testcase classname="src.pymortests.vectorarray" file="src/pymortests/vectorarray.py" line="716" name="test_dofs[0-&lt;lambda&gt;5]" time="0.0017409324645996094"></testcase><testcase classname="src.pymortests.vectorarray" file="src/pymortests/vectorarray.py" line="716" name="test_dofs[0-&lt;lambda&gt;6]" time="0.00996088981628418"></testcase><testcase classname="src.pymortests.vectorarray" file="src/pymortests/vectorarray.py" line="716" name="test_dofs[0-&lt;lambda&gt;7]" time="0.014737367630004883"></testcase><testcase classname="src.pymortests.vectorarray" file="src/pymortests/vectorarray.py" line="716" name="test_dofs[0-&lt;lambda&gt;8]" time="0.06386327743530273"></testcase><testcase classname="src.pymortests.vectorarray" file="src/pymortests/vectorarray.py" line="716" name="test_dofs[0-&lt;lambda&gt;9]" time="0.01717209815979004"></testcase><testcase classname="src.pymortests.vectorarray" file="src/pymortests/vectorarray.py" line="716" name="test_dofs[0-&lt;lambda&gt;10]" time="0.03508162498474121"></testcase><testcase classname="src.pymortests.vectorarray" file="src/pymortests/vectorarray.py" line="716" name="test_dofs[0-&lt;lambda&gt;11]" time="0.03875303268432617"></testcase><testcase classname="src.pymortests.vectorarray" file="src/pymortests/vectorarray.py" line="716" name="test_dofs[0-&lt;lambda&gt;12]" time="0.004174947738647461"></testcase><testcase classname="src.pymortests.vectorarray" file="src/pymortests/vectorarray.py" line="716" name="test_dofs[0-&lt;lambda&gt;13]" time="0.0348811149597168"></testcase><testcase classname="src.pymortests.vectorarray" file="src/pymortests/vectorarray.py" line="716" name="test_dofs[0-&lt;lambda&gt;14]" time="0.03931093215942383"></testcase><testcase classname="src.pymortests.vectorarray" file="src/pymortests/vectorarray.py" line="716" name="test_dofs[0-&lt;lambda&gt;15]" time="0.04898262023925781"></testcase><testcase classname="src.pymortests.vectorarray" file="src/pymortests/vectorarray.py" line="716" name="test_dofs[0-&lt;lambda&gt;16]" time="0.05689215660095215"></testcase><testcase classname="src.pymortests.vectorarray" file="src/pymortests/vectorarray.py" line="716" name="test_dofs[0-&lt;lambda&gt;17]" time="0.05554556846618652"></testcase><testcase classname="src.pymortests.vectorarray" file="src/pymortests/vectorarray.py" line="716" name="test_dofs[0-&lt;lambda&gt;18]" time="0.05543351173400879"></testcase><testcase classname="src.pymortests.vectorarray" file="src/pymortests/vectorarray.py" line="716" name="test_dofs[0-&lt;lambda&gt;19]" time="0.12677550315856934"></testcase><testcase classname="src.pymortests.vectorarray" file="src/pymortests/vectorarray.py" line="716" name="test_dofs[0-&lt;lambda&gt;20]" time="0.5487096309661865"></testcase><testcase classname="src.pymortests.vectorarray" file="src/pymortests/vectorarray.py" line="716" name="test_dofs[0-&lt;lambda&gt;21]" time="1.1931517124176025"></testcase><testcase classname="src.pymortests.vectorarray" file="src/pymortests/vectorarray.py" line="716" name="test_dofs[0-&lt;lambda&gt;22]" time="0.0025911331176757812"></testcase><testcase classname="src.pymortests.vectorarray" file="src/pymortests/vectorarray.py" line="716" name="test_dofs[0-&lt;lambda&gt;23]" time="0.011961936950683594"></testcase><testcase classname="src.pymortests.vectorarray" file="src/pymortests/vectorarray.py" line="716" name="test_dofs[0-&lt;lambda&gt;24]" time="0.11374592781066895"></testcase><testcase classname="src.pymortests.vectorarray" file="src/pymortests/vectorarray.py" line="716" name="test_dofs[0-&lt;lambda&gt;25]" time="3.293774366378784"></testcase><testcase classname="src.pymortests.vectorarray" file="src/pymortests/vectorarray.py" line="716" name="test_dofs[0-&lt;lambda&gt;26]" time="0.7711749076843262"></testcase><testcase classname="src.pymortests.vectorarray" file="src/pymortests/vectorarray.py" line="716" name="test_dofs[1-&lt;lambda&gt;0]" time="0.002752542495727539"></testcase><testcase classname="src.pymortests.vectorarray" file="src/pymortests/vectorarray.py" line="716" name="test_dofs[1-&lt;lambda&gt;1]" time="0.011313199996948242"></testcase><testcase classname="src.pymortests.vectorarray" file="src/pymortests/vectorarray.py" line="716" name="test_dofs[1-&lt;lambda&gt;2]" time="0.01283121109008789"></testcase><testcase classname="src.pymortests.vectorarray" file="src/pymortests/vectorarray.py" line="716" name="test_dofs[1-&lt;lambda&gt;3]" time="0.015553474426269531"></testcase><testcase classname="src.pymortests.vectorarray" file="src/pymortests/vectorarray.py" line="716" name="test_dofs[1-&lt;lambda&gt;4]" time="0.003943443298339844"></testcase><testcase classname="src.pymortests.vectorarray" file="src/pymortests/vectorarray.py" line="716" name="test_dofs[1-&lt;lambda&gt;5]" time="0.00177001953125"></testcase><testcase classname="src.pymortests.vectorarray" file="src/pymortests/vectorarray.py" line="716" name="test_dofs[1-&lt;lambda&gt;6]" time="0.009325027465820312"></testcase><testcase classname="src.pymortests.vectorarray" file="src/pymortests/vectorarray.py" line="716" name="test_dofs[1-&lt;lambda&gt;7]" time="0.014049053192138672"></testcase><testcase classname="src.pymortests.vectorarray" file="src/pymortests/vectorarray.py" line="716" name="test_dofs[1-&lt;lambda&gt;8]" time="0.059438228607177734"></testcase><testcase classname="src.pymortests.vectorarray" file="src/pymortests/vectorarray.py" line="716" name="test_dofs[1-&lt;lambda&gt;9]" time="0.016761302947998047"></testcase><testcase classname="src.pymortests.vectorarray" file="src/pymortests/vectorarray.py" line="716" name="test_dofs[1-&lt;lambda&gt;10]" time="0.03296208381652832"></testcase><testcase classname="src.pymortests.vectorarray" file="src/pymortests/vectorarray.py" line="716" name="test_dofs[1-&lt;lambda&gt;11]" time="0.03866934776306152"></testcase><testcase classname="src.pymortests.vectorarray" file="src/pymortests/vectorarray.py" line="716" name="test_dofs[1-&lt;lambda&gt;12]" time="0.003941059112548828"></testcase><testcase classname="src.pymortests.vectorarray" file="src/pymortests/vectorarray.py" line="716" name="test_dofs[1-&lt;lambda&gt;13]" time="0.03350567817687988"></testcase><testcase classname="src.pymortests.vectorarray" file="src/pymortests/vectorarray.py" line="716" name="test_dofs[1-&lt;lambda&gt;14]" time="0.03840899467468262"></testcase><testcase classname="src.pymortests.vectorarray" file="src/pymortests/vectorarray.py" line="716" name="test_dofs[1-&lt;lambda&gt;15]" time="0.050138235092163086"></testcase><testcase classname="src.pymortests.vectorarray" file="src/pymortests/vectorarray.py" line="716" name="test_dofs[1-&lt;lambda&gt;16]" time="0.05476689338684082"></testcase><testcase classname="src.pymortests.vectorarray" file="src/pymortests/vectorarray.py" line="716" name="test_dofs[1-&lt;lambda&gt;17]" time="0.05667543411254883"></testcase><testcase classname="src.pymortests.vectorarray" file="src/pymortests/vectorarray.py" line="716" name="test_dofs[1-&lt;lambda&gt;18]" time="0.05675101280212402"></testcase><testcase classname="src.pymortests.vectorarray" file="src/pymortests/vectorarray.py" line="716" name="test_dofs[1-&lt;lambda&gt;19]" time="0.12869477272033691"></testcase><testcase classname="src.pymortests.vectorarray" file="src/pymortests/vectorarray.py" line="716" name="test_dofs[1-&lt;lambda&gt;20]" time="0.5489964485168457"></testcase><testcase classname="src.pymortests.vectorarray" file="src/pymortests/vectorarray.py" line="716" name="test_dofs[1-&lt;lambda&gt;21]" time="1.1961328983306885"></testcase><testcase classname="src.pymortests.vectorarray" file="src/pymortests/vectorarray.py" line="716" name="test_dofs[1-&lt;lambda&gt;22]" time="0.0026776790618896484"></testcase><testcase classname="src.pymortests.vectorarray" file="src/pymortests/vectorarray.py" line="716" name="test_dofs[1-&lt;lambda&gt;23]" time="0.012051105499267578"></testcase><testcase classname="src.pymortests.vectorarray" file="src/pymortests/vectorarray.py" line="716" name="test_dofs[1-&lt;lambda&gt;24]" time="0.11568570137023926"></testcase><testcase classname="src.pymortests.vectorarray" file="src/pymortests/vectorarray.py" line="716" name="test_dofs[1-&lt;lambda&gt;25]" time="3.2636561393737793"></testcase><testcase classname="src.pymortests.vectorarray" file="src/pymortests/vectorarray.py" line="716" name="test_dofs[1-&lt;lambda&gt;26]" time="0.7589771747589111"></testcase><testcase classname="src.pymortests.vectorarray" file="src/pymortests/vectorarray.py" line="716" name="test_dofs[2-&lt;lambda&gt;0]" time="0.0027039051055908203"></testcase><testcase classname="src.pymortests.vectorarray" file="src/pymortests/vectorarray.py" line="716" name="test_dofs[2-&lt;lambda&gt;1]" time="0.011590242385864258"></testcase><testcase classname="src.pymortests.vectorarray" file="src/pymortests/vectorarray.py" line="716" name="test_dofs[2-&lt;lambda&gt;2]" time="0.01317596435546875"></testcase><testcase classname="src.pymortests.vectorarray" file="src/pymortests/vectorarray.py" line="716" name="test_dofs[2-&lt;lambda&gt;3]" time="0.015732765197753906"></testcase><testcase classname="src.pymortests.vectorarray" file="src/pymortests/vectorarray.py" line="716" name="test_dofs[2-&lt;lambda&gt;4]" time="0.003890514373779297"></testcase><testcase classname="src.pymortests.vectorarray" file="src/pymortests/vectorarray.py" line="716" name="test_dofs[2-&lt;lambda&gt;5]" time="0.0018146038055419922"></testcase><testcase classname="src.pymortests.vectorarray" file="src/pymortests/vectorarray.py" line="716" name="test_dofs[2-&lt;lambda&gt;6]" time="0.009531974792480469"></testcase><testcase classname="src.pymortests.vectorarray" file="src/pymortests/vectorarray.py" line="716" name="test_dofs[2-&lt;lambda&gt;7]" time="0.014209747314453125"></testcase><testcase classname="src.pymortests.vectorarray" file="src/pymortests/vectorarray.py" line="716" name="test_dofs[2-&lt;lambda&gt;8]" time="0.0638434886932373"></testcase><testcase classname="src.pymortests.vectorarray" file="src/pymortests/vectorarray.py" line="716" name="test_dofs[2-&lt;lambda&gt;9]" time="0.016646862030029297"></testcase><testcase classname="src.pymortests.vectorarray" file="src/pymortests/vectorarray.py" line="716" name="test_dofs[2-&lt;lambda&gt;10]" time="0.0349574089050293"></testcase><testcase classname="src.pymortests.vectorarray" file="src/pymortests/vectorarray.py" line="716" name="test_dofs[2-&lt;lambda&gt;11]" time="0.038576364517211914"></testcase><testcase classname="src.pymortests.vectorarray" file="src/pymortests/vectorarray.py" line="716" name="test_dofs[2-&lt;lambda&gt;12]" time="0.003949880599975586"></testcase><testcase classname="src.pymortests.vectorarray" file="src/pymortests/vectorarray.py" line="716" name="test_dofs[2-&lt;lambda&gt;13]" time="0.03357982635498047"></testcase><testcase classname="src.pymortests.vectorarray" file="src/pymortests/vectorarray.py" line="716" name="test_dofs[2-&lt;lambda&gt;14]" time="0.03844022750854492"></testcase><testcase classname="src.pymortests.vectorarray" file="src/pymortests/vectorarray.py" line="716" name="test_dofs[2-&lt;lambda&gt;15]" time="0.04837918281555176"></testcase><testcase classname="src.pymortests.vectorarray" file="src/pymortests/vectorarray.py" line="716" name="test_dofs[2-&lt;lambda&gt;16]" time="0.05588817596435547"></testcase><testcase classname="src.pymortests.vectorarray" file="src/pymortests/vectorarray.py" line="716" name="test_dofs[2-&lt;lambda&gt;17]" time="0.0561375617980957"></testcase><testcase classname="src.pymortests.vectorarray" file="src/pymortests/vectorarray.py" line="716" name="test_dofs[2-&lt;lambda&gt;18]" time="0.05942344665527344"></testcase><testcase classname="src.pymortests.vectorarray" file="src/pymortests/vectorarray.py" line="716" name="test_dofs[2-&lt;lambda&gt;19]" time="0.12820219993591309"></testcase><testcase classname="src.pymortests.vectorarray" file="src/pymortests/vectorarray.py" line="716" name="test_dofs[2-&lt;lambda&gt;20]" time="0.5563926696777344"></testcase><testcase classname="src.pymortests.vectorarray" file="src/pymortests/vectorarray.py" line="716" name="test_dofs[2-&lt;lambda&gt;21]" time="1.199716329574585"></testcase><testcase classname="src.pymortests.vectorarray" file="src/pymortests/vectorarray.py" line="716" name="test_dofs[2-&lt;lambda&gt;22]" time="0.0026297569274902344"></testcase><testcase classname="src.pymortests.vectorarray" file="src/pymortests/vectorarray.py" line="716" name="test_dofs[2-&lt;lambda&gt;23]" time="0.012018918991088867"></testcase><testcase classname="src.pymortests.vectorarray" file="src/pymortests/vectorarray.py" line="716" name="test_dofs[2-&lt;lambda&gt;24]" time="0.1137549877166748"></testcase><testcase classname="src.pymortests.vectorarray" file="src/pymortests/vectorarray.py" line="716" name="test_dofs[2-&lt;lambda&gt;25]" time="3.2799150943756104"></testcase><testcase classname="src.pymortests.vectorarray" file="src/pymortests/vectorarray.py" line="716" name="test_dofs[2-&lt;lambda&gt;26]" time="0.7653958797454834"></testcase><testcase classname="src.pymortests.vectorarray" file="src/pymortests/vectorarray.py" line="752" name="test_components_wrong_dof_indices[0-&lt;lambda&gt;0]" time="0.003263235092163086"></testcase><testcase classname="src.pymortests.vectorarray" file="src/pymortests/vectorarray.py" line="752" name="test_components_wrong_dof_indices[0-&lt;lambda&gt;1]" time="0.0024633407592773438"></testcase><testcase classname="src.pymortests.vectorarray" file="src/pymortests/vectorarray.py" line="752" name="test_components_wrong_dof_indices[0-&lt;lambda&gt;2]" time="0.0029473304748535156"></testcase><testcase classname="src.pymortests.vectorarray" file="src/pymortests/vectorarray.py" line="752" name="test_components_wrong_dof_indices[0-&lt;lambda&gt;3]" time="0.0035119056701660156"></testcase><testcase classname="src.pymortests.vectorarray" file="src/pymortests/vectorarray.py" line="752" name="test_components_wrong_dof_indices[0-&lt;lambda&gt;4]" time="0.003822803497314453"></testcase><testcase classname="src.pymortests.vectorarray" file="src/pymortests/vectorarray.py" line="752" name="test_components_wrong_dof_indices[0-&lt;lambda&gt;5]" time="0.0024619102478027344"></testcase><testcase classname="src.pymortests.vectorarray" file="src/pymortests/vectorarray.py" line="752" name="test_components_wrong_dof_indices[0-&lt;lambda&gt;6]" time="0.0024394989013671875"></testcase><testcase classname="src.pymortests.vectorarray" file="src/pymortests/vectorarray.py" line="752" name="test_components_wrong_dof_indices[0-&lt;lambda&gt;7]" time="0.0028798580169677734"></testcase><testcase classname="src.pymortests.vectorarray" file="src/pymortests/vectorarray.py" line="752" name="test_components_wrong_dof_indices[0-&lt;lambda&gt;8]" time="0.003527402877807617"></testcase><testcase classname="src.pymortests.vectorarray" file="src/pymortests/vectorarray.py" line="752" name="test_components_wrong_dof_indices[0-&lt;lambda&gt;9]" time="0.004380464553833008"></testcase><testcase classname="src.pymortests.vectorarray" file="src/pymortests/vectorarray.py" line="752" name="test_components_wrong_dof_indices[0-&lt;lambda&gt;10]" time="0.00403285026550293"></testcase><testcase classname="src.pymortests.vectorarray" file="src/pymortests/vectorarray.py" line="752" name="test_components_wrong_dof_indices[0-&lt;lambda&gt;11]" time="0.004921674728393555"></testcase><testcase classname="src.pymortests.vectorarray" file="src/pymortests/vectorarray.py" line="752" name="test_components_wrong_dof_indices[0-&lt;lambda&gt;12]" time="0.004765033721923828"></testcase><testcase classname="src.pymortests.vectorarray" file="src/pymortests/vectorarray.py" line="752" name="test_components_wrong_dof_indices[0-&lt;lambda&gt;13]" time="0.0043354034423828125"></testcase><testcase classname="src.pymortests.vectorarray" file="src/pymortests/vectorarray.py" line="752" name="test_components_wrong_dof_indices[0-&lt;lambda&gt;14]" time="0.004842519760131836"></testcase><testcase classname="src.pymortests.vectorarray" file="src/pymortests/vectorarray.py" line="752" name="test_components_wrong_dof_indices[0-&lt;lambda&gt;15]" time="0.006580352783203125"></testcase><testcase classname="src.pymortests.vectorarray" file="src/pymortests/vectorarray.py" line="752" name="test_components_wrong_dof_indices[0-&lt;lambda&gt;16]" time="0.008227825164794922"></testcase><testcase classname="src.pymortests.vectorarray" file="src/pymortests/vectorarray.py" line="752" name="test_components_wrong_dof_indices[0-&lt;lambda&gt;17]" time="0.008250236511230469"></testcase><testcase classname="src.pymortests.vectorarray" file="src/pymortests/vectorarray.py" line="752" name="test_components_wrong_dof_indices[0-&lt;lambda&gt;18]" time="0.008113384246826172"></testcase><testcase classname="src.pymortests.vectorarray" file="src/pymortests/vectorarray.py" line="752" name="test_components_wrong_dof_indices[0-&lt;lambda&gt;19]" time="0.015305280685424805"></testcase><testcase classname="src.pymortests.vectorarray" file="src/pymortests/vectorarray.py" line="752" name="test_components_wrong_dof_indices[0-&lt;lambda&gt;20]" time="0.01504826545715332"></testcase><testcase classname="src.pymortests.vectorarray" file="src/pymortests/vectorarray.py" line="752" name="test_components_wrong_dof_indices[0-&lt;lambda&gt;21]" time="0.026813268661499023"></testcase><testcase classname="src.pymortests.vectorarray" file="src/pymortests/vectorarray.py" line="752" name="test_components_wrong_dof_indices[0-&lt;lambda&gt;22]" time="0.003404855728149414"></testcase><testcase classname="src.pymortests.vectorarray" file="src/pymortests/vectorarray.py" line="752" name="test_components_wrong_dof_indices[0-&lt;lambda&gt;23]" time="0.0026471614837646484"></testcase><testcase classname="src.pymortests.vectorarray" file="src/pymortests/vectorarray.py" line="752" name="test_components_wrong_dof_indices[0-&lt;lambda&gt;24]" time="0.00417017936706543"></testcase><testcase classname="src.pymortests.vectorarray" file="src/pymortests/vectorarray.py" line="752" name="test_components_wrong_dof_indices[0-&lt;lambda&gt;25]" time="0.02620720863342285"></testcase><testcase classname="src.pymortests.vectorarray" file="src/pymortests/vectorarray.py" line="752" name="test_components_wrong_dof_indices[0-&lt;lambda&gt;26]" time="0.059751033782958984"></testcase><testcase classname="src.pymortests.vectorarray" file="src/pymortests/vectorarray.py" line="752" name="test_components_wrong_dof_indices[1-&lt;lambda&gt;0]" time="0.003515958786010742"></testcase><testcase classname="src.pymortests.vectorarray" file="src/pymortests/vectorarray.py" line="752" name="test_components_wrong_dof_indices[1-&lt;lambda&gt;1]" time="0.002558469772338867"></testcase><testcase classname="src.pymortests.vectorarray" file="src/pymortests/vectorarray.py" line="752" name="test_components_wrong_dof_indices[1-&lt;lambda&gt;2]" time="0.0031669139862060547"></testcase><testcase classname="src.pymortests.vectorarray" file="src/pymortests/vectorarray.py" line="752" name="test_components_wrong_dof_indices[1-&lt;lambda&gt;3]" time="0.0036444664001464844"></testcase><testcase classname="src.pymortests.vectorarray" file="src/pymortests/vectorarray.py" line="752" name="test_components_wrong_dof_indices[1-&lt;lambda&gt;4]" time="0.004082202911376953"></testcase><testcase classname="src.pymortests.vectorarray" file="src/pymortests/vectorarray.py" line="752" name="test_components_wrong_dof_indices[1-&lt;lambda&gt;5]" time="0.0025794506072998047"></testcase><testcase classname="src.pymortests.vectorarray" file="src/pymortests/vectorarray.py" line="752" name="test_components_wrong_dof_indices[1-&lt;lambda&gt;6]" time="0.0024509429931640625"></testcase><testcase classname="src.pymortests.vectorarray" file="src/pymortests/vectorarray.py" line="752" name="test_components_wrong_dof_indices[1-&lt;lambda&gt;7]" time="0.0029234886169433594"></testcase><testcase classname="src.pymortests.vectorarray" file="src/pymortests/vectorarray.py" line="752" name="test_components_wrong_dof_indices[1-&lt;lambda&gt;8]" time="0.0036575794219970703"></testcase><testcase classname="src.pymortests.vectorarray" file="src/pymortests/vectorarray.py" line="752" name="test_components_wrong_dof_indices[1-&lt;lambda&gt;9]" time="0.004965066909790039"></testcase><testcase classname="src.pymortests.vectorarray" file="src/pymortests/vectorarray.py" line="752" name="test_components_wrong_dof_indices[1-&lt;lambda&gt;10]" time="0.004059314727783203"></testcase><testcase classname="src.pymortests.vectorarray" file="src/pymortests/vectorarray.py" line="752" name="test_components_wrong_dof_indices[1-&lt;lambda&gt;11]" time="0.00500798225402832"></testcase><testcase classname="src.pymortests.vectorarray" file="src/pymortests/vectorarray.py" line="752" name="test_components_wrong_dof_indices[1-&lt;lambda&gt;12]" time="0.00488591194152832"></testcase><testcase classname="src.pymortests.vectorarray" file="src/pymortests/vectorarray.py" line="752" name="test_components_wrong_dof_indices[1-&lt;lambda&gt;13]" time="0.0043659210205078125"></testcase><testcase classname="src.pymortests.vectorarray" file="src/pymortests/vectorarray.py" line="752" name="test_components_wrong_dof_indices[1-&lt;lambda&gt;14]" time="0.004958152770996094"></testcase><testcase classname="src.pymortests.vectorarray" file="src/pymortests/vectorarray.py" line="752" name="test_components_wrong_dof_indices[1-&lt;lambda&gt;15]" time="0.0066988468170166016"></testcase><testcase classname="src.pymortests.vectorarray" file="src/pymortests/vectorarray.py" line="752" name="test_components_wrong_dof_indices[1-&lt;lambda&gt;16]" time="0.008410453796386719"></testcase><testcase classname="src.pymortests.vectorarray" file="src/pymortests/vectorarray.py" line="752" name="test_components_wrong_dof_indices[1-&lt;lambda&gt;17]" time="0.008034467697143555"></testcase><testcase classname="src.pymortests.vectorarray" file="src/pymortests/vectorarray.py" line="752" name="test_components_wrong_dof_indices[1-&lt;lambda&gt;18]" time="0.007939338684082031"></testcase><testcase classname="src.pymortests.vectorarray" file="src/pymortests/vectorarray.py" line="752" name="test_components_wrong_dof_indices[1-&lt;lambda&gt;19]" time="0.014428377151489258"></testcase><testcase classname="src.pymortests.vectorarray" file="src/pymortests/vectorarray.py" line="752" name="test_components_wrong_dof_indices[1-&lt;lambda&gt;20]" time="0.015058755874633789"></testcase><testcase classname="src.pymortests.vectorarray" file="src/pymortests/vectorarray.py" line="752" name="test_components_wrong_dof_indices[1-&lt;lambda&gt;21]" time="0.027811288833618164"></testcase><testcase classname="src.pymortests.vectorarray" file="src/pymortests/vectorarray.py" line="752" name="test_components_wrong_dof_indices[1-&lt;lambda&gt;22]" time="0.003524303436279297"></testcase><testcase classname="src.pymortests.vectorarray" file="src/pymortests/vectorarray.py" line="752" name="test_components_wrong_dof_indices[1-&lt;lambda&gt;23]" time="0.0029196739196777344"></testcase><testcase classname="src.pymortests.vectorarray" file="src/pymortests/vectorarray.py" line="752" name="test_components_wrong_dof_indices[1-&lt;lambda&gt;24]" time="0.00513768196105957"></testcase><testcase classname="src.pymortests.vectorarray" file="src/pymortests/vectorarray.py" line="752" name="test_components_wrong_dof_indices[1-&lt;lambda&gt;25]" time="0.02812027931213379"></testcase><testcase classname="src.pymortests.vectorarray" file="src/pymortests/vectorarray.py" line="752" name="test_components_wrong_dof_indices[1-&lt;lambda&gt;26]" time="0.06034660339355469"></testcase><testcase classname="src.pymortests.vectorarray" file="src/pymortests/vectorarray.py" line="752" name="test_components_wrong_dof_indices[2-&lt;lambda&gt;0]" time="0.0033283233642578125"></testcase><testcase classname="src.pymortests.vectorarray" file="src/pymortests/vectorarray.py" line="752" name="test_components_wrong_dof_indices[2-&lt;lambda&gt;1]" time="0.0025587081909179688"></testcase><testcase classname="src.pymortests.vectorarray" file="src/pymortests/vectorarray.py" line="752" name="test_components_wrong_dof_indices[2-&lt;lambda&gt;2]" time="0.00290679931640625"></testcase><testcase classname="src.pymortests.vectorarray" file="src/pymortests/vectorarray.py" line="752" name="test_components_wrong_dof_indices[2-&lt;lambda&gt;3]" time="0.0032982826232910156"></testcase><testcase classname="src.pymortests.vectorarray" file="src/pymortests/vectorarray.py" line="752" name="test_components_wrong_dof_indices[2-&lt;lambda&gt;4]" time="0.003826618194580078"></testcase><testcase classname="src.pymortests.vectorarray" file="src/pymortests/vectorarray.py" line="752" name="test_components_wrong_dof_indices[2-&lt;lambda&gt;5]" time="0.00249481201171875"></testcase><testcase classname="src.pymortests.vectorarray" file="src/pymortests/vectorarray.py" line="752" name="test_components_wrong_dof_indices[2-&lt;lambda&gt;6]" time="0.00244903564453125"></testcase><testcase classname="src.pymortests.vectorarray" file="src/pymortests/vectorarray.py" line="752" name="test_components_wrong_dof_indices[2-&lt;lambda&gt;7]" time="0.0028815269470214844"></testcase><testcase classname="src.pymortests.vectorarray" file="src/pymortests/vectorarray.py" line="752" name="test_components_wrong_dof_indices[2-&lt;lambda&gt;8]" time="0.0036468505859375"></testcase><testcase classname="src.pymortests.vectorarray" file="src/pymortests/vectorarray.py" line="752" name="test_components_wrong_dof_indices[2-&lt;lambda&gt;9]" time="0.0048065185546875"></testcase><testcase classname="src.pymortests.vectorarray" file="src/pymortests/vectorarray.py" line="752" name="test_components_wrong_dof_indices[2-&lt;lambda&gt;10]" time="0.004126787185668945"></testcase><testcase classname="src.pymortests.vectorarray" file="src/pymortests/vectorarray.py" line="752" name="test_components_wrong_dof_indices[2-&lt;lambda&gt;11]" time="0.005204916000366211"></testcase><testcase classname="src.pymortests.vectorarray" file="src/pymortests/vectorarray.py" line="752" name="test_components_wrong_dof_indices[2-&lt;lambda&gt;12]" time="0.00499415397644043"></testcase><testcase classname="src.pymortests.vectorarray" file="src/pymortests/vectorarray.py" line="752" name="test_components_wrong_dof_indices[2-&lt;lambda&gt;13]" time="0.0045812129974365234"></testcase><testcase classname="src.pymortests.vectorarray" file="src/pymortests/vectorarray.py" line="752" name="test_components_wrong_dof_indices[2-&lt;lambda&gt;14]" time="0.005108833312988281"></testcase><testcase classname="src.pymortests.vectorarray" file="src/pymortests/vectorarray.py" line="752" name="test_components_wrong_dof_indices[2-&lt;lambda&gt;15]" time="0.006701469421386719"></testcase><testcase classname="src.pymortests.vectorarray" file="src/pymortests/vectorarray.py" line="752" name="test_components_wrong_dof_indices[2-&lt;lambda&gt;16]" time="0.008823394775390625"></testcase><testcase classname="src.pymortests.vectorarray" file="src/pymortests/vectorarray.py" line="752" name="test_components_wrong_dof_indices[2-&lt;lambda&gt;17]" time="0.008527040481567383"></testcase><testcase classname="src.pymortests.vectorarray" file="src/pymortests/vectorarray.py" line="752" name="test_components_wrong_dof_indices[2-&lt;lambda&gt;18]" time="0.008628606796264648"></testcase><testcase classname="src.pymortests.vectorarray" file="src/pymortests/vectorarray.py" line="752" name="test_components_wrong_dof_indices[2-&lt;lambda&gt;19]" time="0.014793157577514648"></testcase><testcase classname="src.pymortests.vectorarray" file="src/pymortests/vectorarray.py" line="752" name="test_components_wrong_dof_indices[2-&lt;lambda&gt;20]" time="0.01692676544189453"></testcase><testcase classname="src.pymortests.vectorarray" file="src/pymortests/vectorarray.py" line="752" name="test_components_wrong_dof_indices[2-&lt;lambda&gt;21]" time="0.026469945907592773"></testcase><testcase classname="src.pymortests.vectorarray" file="src/pymortests/vectorarray.py" line="752" name="test_components_wrong_dof_indices[2-&lt;lambda&gt;22]" time="0.003496408462524414"></testcase><testcase classname="src.pymortests.vectorarray" file="src/pymortests/vectorarray.py" line="752" name="test_components_wrong_dof_indices[2-&lt;lambda&gt;23]" time="0.002704143524169922"></testcase><testcase classname="src.pymortests.vectorarray" file="src/pymortests/vectorarray.py" line="752" name="test_components_wrong_dof_indices[2-&lt;lambda&gt;24]" time="0.004990816116333008"></testcase><testcase classname="src.pymortests.vectorarray" file="src/pymortests/vectorarray.py" line="752" name="test_components_wrong_dof_indices[2-&lt;lambda&gt;25]" time="0.028214216232299805"></testcase><testcase classname="src.pymortests.vectorarray" file="src/pymortests/vectorarray.py" line="752" name="test_components_wrong_dof_indices[2-&lt;lambda&gt;26]" time="0.06012725830078125"></testcase><testcase classname="src.pymortests.vectorarray" file="src/pymortests/vectorarray.py" line="766" name="test_amax[0-&lt;lambda&gt;0]" time="0.0017125606536865234"></testcase><testcase classname="src.pymortests.vectorarray" file="src/pymortests/vectorarray.py" line="766" name="test_amax[0-&lt;lambda&gt;1]" time="0.002527952194213867"></testcase><testcase classname="src.pymortests.vectorarray" file="src/pymortests/vectorarray.py" line="766" name="test_amax[0-&lt;lambda&gt;2]" time="0.005912065505981445"></testcase><testcase classname="src.pymortests.vectorarray" file="src/pymortests/vectorarray.py" line="766" name="test_amax[0-&lt;lambda&gt;3]" time="0.029480934143066406"></testcase><testcase classname="src.pymortests.vectorarray" file="src/pymortests/vectorarray.py" line="766" name="test_amax[0-&lt;lambda&gt;4]" time="0.001661539077758789"></testcase><testcase classname="src.pymortests.vectorarray" file="src/pymortests/vectorarray.py" line="766" name="test_amax[0-&lt;lambda&gt;5]" time="0.0013282299041748047"></testcase><testcase classname="src.pymortests.vectorarray" file="src/pymortests/vectorarray.py" line="766" name="test_amax[0-&lt;lambda&gt;6]" time="0.002202272415161133"></testcase><testcase classname="src.pymortests.vectorarray" file="src/pymortests/vectorarray.py" line="766" name="test_amax[0-&lt;lambda&gt;7]" time="0.006094694137573242"></testcase><testcase classname="src.pymortests.vectorarray" file="src/pymortests/vectorarray.py" line="766" name="test_amax[0-&lt;lambda&gt;8]" time="0.03187990188598633"></testcase><testcase classname="src.pymortests.vectorarray" file="src/pymortests/vectorarray.py" line="766" name="test_amax[0-&lt;lambda&gt;9]" time="0.002170562744140625"></testcase><testcase classname="src.pymortests.vectorarray" file="src/pymortests/vectorarray.py" line="766" name="test_amax[0-&lt;lambda&gt;10]" time="0.004116058349609375"></testcase><testcase classname="src.pymortests.vectorarray" file="src/pymortests/vectorarray.py" line="766" name="test_amax[0-&lt;lambda&gt;11]" time="0.016134262084960938"></testcase><testcase classname="src.pymortests.vectorarray" file="src/pymortests/vectorarray.py" line="766" name="test_amax[0-&lt;lambda&gt;12]" time="0.0018711090087890625"></testcase><testcase classname="src.pymortests.vectorarray" file="src/pymortests/vectorarray.py" line="766" name="test_amax[0-&lt;lambda&gt;13]" time="0.010870933532714844"></testcase><testcase classname="src.pymortests.vectorarray" file="src/pymortests/vectorarray.py" line="766" name="test_amax[0-&lt;lambda&gt;14]" time="0.015223026275634766"></testcase><testcase classname="src.pymortests.vectorarray" file="src/pymortests/vectorarray.py" line="766" name="test_amax[0-&lt;lambda&gt;15]" time="0.06872701644897461"></testcase><testcase classname="src.pymortests.vectorarray" file="src/pymortests/vectorarray.py" line="766" name="test_amax[0-&lt;lambda&gt;16]" time="0.14010190963745117"></testcase><testcase classname="src.pymortests.vectorarray" file="src/pymortests/vectorarray.py" line="766" name="test_amax[0-&lt;lambda&gt;17]" time="0.008868217468261719"></testcase><testcase classname="src.pymortests.vectorarray" file="src/pymortests/vectorarray.py" line="766" name="test_amax[0-&lt;lambda&gt;18]" time="0.0077173709869384766"></testcase><testcase classname="src.pymortests.vectorarray" file="src/pymortests/vectorarray.py" line="766" name="test_amax[0-&lt;lambda&gt;19]" time="0.028502225875854492"></testcase><testcase classname="src.pymortests.vectorarray" file="src/pymortests/vectorarray.py" line="766" name="test_amax[0-&lt;lambda&gt;20]" time="0.09986209869384766"></testcase><testcase classname="src.pymortests.vectorarray" file="src/pymortests/vectorarray.py" line="766" name="test_amax[0-&lt;lambda&gt;21]" time="0.21060466766357422"></testcase><testcase classname="src.pymortests.vectorarray" file="src/pymortests/vectorarray.py" line="766" name="test_amax[0-&lt;lambda&gt;22]" time="0.001857757568359375"></testcase><testcase classname="src.pymortests.vectorarray" file="src/pymortests/vectorarray.py" line="766" name="test_amax[0-&lt;lambda&gt;23]" time="0.002701282501220703"></testcase><testcase classname="src.pymortests.vectorarray" file="src/pymortests/vectorarray.py" line="766" name="test_amax[0-&lt;lambda&gt;24]" time="0.00890803337097168"></testcase><testcase classname="src.pymortests.vectorarray" file="src/pymortests/vectorarray.py" line="766" name="test_amax[0-&lt;lambda&gt;25]" time="0.06766843795776367"></testcase><testcase classname="src.pymortests.vectorarray" file="src/pymortests/vectorarray.py" line="766" name="test_amax[0-&lt;lambda&gt;26]" time="0.05487942695617676"></testcase><testcase classname="src.pymortests.vectorarray" file="src/pymortests/vectorarray.py" line="766" name="test_amax[1-&lt;lambda&gt;0]" time="0.0017542839050292969"></testcase><testcase classname="src.pymortests.vectorarray" file="src/pymortests/vectorarray.py" line="766" name="test_amax[1-&lt;lambda&gt;1]" time="0.0026350021362304688"></testcase><testcase classname="src.pymortests.vectorarray" file="src/pymortests/vectorarray.py" line="766" name="test_amax[1-&lt;lambda&gt;2]" time="0.00600886344909668"></testcase><testcase classname="src.pymortests.vectorarray" file="src/pymortests/vectorarray.py" line="766" name="test_amax[1-&lt;lambda&gt;3]" time="0.030025005340576172"></testcase><testcase classname="src.pymortests.vectorarray" file="src/pymortests/vectorarray.py" line="766" name="test_amax[1-&lt;lambda&gt;4]" time="0.0017015933990478516"></testcase><testcase classname="src.pymortests.vectorarray" file="src/pymortests/vectorarray.py" line="766" name="test_amax[1-&lt;lambda&gt;5]" time="0.0013217926025390625"></testcase><testcase classname="src.pymortests.vectorarray" file="src/pymortests/vectorarray.py" line="766" name="test_amax[1-&lt;lambda&gt;6]" time="0.0022339820861816406"></testcase><testcase classname="src.pymortests.vectorarray" file="src/pymortests/vectorarray.py" line="766" name="test_amax[1-&lt;lambda&gt;7]" time="0.00613713264465332"></testcase><testcase classname="src.pymortests.vectorarray" file="src/pymortests/vectorarray.py" line="766" name="test_amax[1-&lt;lambda&gt;8]" time="0.0336155891418457"></testcase><testcase classname="src.pymortests.vectorarray" file="src/pymortests/vectorarray.py" line="766" name="test_amax[1-&lt;lambda&gt;9]" time="0.0030710697174072266"></testcase><testcase classname="src.pymortests.vectorarray" file="src/pymortests/vectorarray.py" line="766" name="test_amax[1-&lt;lambda&gt;10]" time="0.004395484924316406"></testcase><testcase classname="src.pymortests.vectorarray" file="src/pymortests/vectorarray.py" line="766" name="test_amax[1-&lt;lambda&gt;11]" time="0.015453815460205078"></testcase><testcase classname="src.pymortests.vectorarray" file="src/pymortests/vectorarray.py" line="766" name="test_amax[1-&lt;lambda&gt;12]" time="0.0020208358764648438"></testcase><testcase classname="src.pymortests.vectorarray" file="src/pymortests/vectorarray.py" line="766" name="test_amax[1-&lt;lambda&gt;13]" time="0.010462760925292969"></testcase><testcase classname="src.pymortests.vectorarray" file="src/pymortests/vectorarray.py" line="766" name="test_amax[1-&lt;lambda&gt;14]" time="0.014264822006225586"></testcase><testcase classname="src.pymortests.vectorarray" file="src/pymortests/vectorarray.py" line="766" name="test_amax[1-&lt;lambda&gt;15]" time="0.06830382347106934"></testcase><testcase classname="src.pymortests.vectorarray" file="src/pymortests/vectorarray.py" line="766" name="test_amax[1-&lt;lambda&gt;16]" time="0.14360880851745605"></testcase><testcase classname="src.pymortests.vectorarray" file="src/pymortests/vectorarray.py" line="766" name="test_amax[1-&lt;lambda&gt;17]" time="0.009738922119140625"></testcase><testcase classname="src.pymortests.vectorarray" file="src/pymortests/vectorarray.py" line="766" name="test_amax[1-&lt;lambda&gt;18]" time="0.009307384490966797"></testcase><testcase classname="src.pymortests.vectorarray" file="src/pymortests/vectorarray.py" line="766" name="test_amax[1-&lt;lambda&gt;19]" time="0.029484272003173828"></testcase><testcase classname="src.pymortests.vectorarray" file="src/pymortests/vectorarray.py" line="766" name="test_amax[1-&lt;lambda&gt;20]" time="0.0999598503112793"></testcase><testcase classname="src.pymortests.vectorarray" file="src/pymortests/vectorarray.py" line="766" name="test_amax[1-&lt;lambda&gt;21]" time="0.21067309379577637"></testcase><testcase classname="src.pymortests.vectorarray" file="src/pymortests/vectorarray.py" line="766" name="test_amax[1-&lt;lambda&gt;22]" time="0.0018079280853271484"></testcase><testcase classname="src.pymortests.vectorarray" file="src/pymortests/vectorarray.py" line="766" name="test_amax[1-&lt;lambda&gt;23]" time="0.0025899410247802734"></testcase><testcase classname="src.pymortests.vectorarray" file="src/pymortests/vectorarray.py" line="766" name="test_amax[1-&lt;lambda&gt;24]" time="0.009737730026245117"></testcase><testcase classname="src.pymortests.vectorarray" file="src/pymortests/vectorarray.py" line="766" name="test_amax[1-&lt;lambda&gt;25]" time="0.09439420700073242"></testcase><testcase classname="src.pymortests.vectorarray" file="src/pymortests/vectorarray.py" line="766" name="test_amax[1-&lt;lambda&gt;26]" time="0.058161020278930664"></testcase><testcase classname="src.pymortests.vectorarray" file="src/pymortests/vectorarray.py" line="766" name="test_amax[2-&lt;lambda&gt;0]" time="0.0018534660339355469"></testcase><testcase classname="src.pymortests.vectorarray" file="src/pymortests/vectorarray.py" line="766" name="test_amax[2-&lt;lambda&gt;1]" time="0.002574920654296875"></testcase><testcase classname="src.pymortests.vectorarray" file="src/pymortests/vectorarray.py" line="766" name="test_amax[2-&lt;lambda&gt;2]" time="0.00605463981628418"></testcase><testcase classname="src.pymortests.vectorarray" file="src/pymortests/vectorarray.py" line="766" name="test_amax[2-&lt;lambda&gt;3]" time="0.031065940856933594"></testcase><testcase classname="src.pymortests.vectorarray" file="src/pymortests/vectorarray.py" line="766" name="test_amax[2-&lt;lambda&gt;4]" time="0.0018191337585449219"></testcase><testcase classname="src.pymortests.vectorarray" file="src/pymortests/vectorarray.py" line="766" name="test_amax[2-&lt;lambda&gt;5]" time="0.0013928413391113281"></testcase><testcase classname="src.pymortests.vectorarray" file="src/pymortests/vectorarray.py" line="766" name="test_amax[2-&lt;lambda&gt;6]" time="0.002371549606323242"></testcase><testcase classname="src.pymortests.vectorarray" file="src/pymortests/vectorarray.py" line="766" name="test_amax[2-&lt;lambda&gt;7]" time="0.006090402603149414"></testcase><testcase classname="src.pymortests.vectorarray" file="src/pymortests/vectorarray.py" line="766" name="test_amax[2-&lt;lambda&gt;8]" time="0.03376603126525879"></testcase><testcase classname="src.pymortests.vectorarray" file="src/pymortests/vectorarray.py" line="766" name="test_amax[2-&lt;lambda&gt;9]" time="0.0029768943786621094"></testcase><testcase classname="src.pymortests.vectorarray" file="src/pymortests/vectorarray.py" line="766" name="test_amax[2-&lt;lambda&gt;10]" time="0.004288196563720703"></testcase><testcase classname="src.pymortests.vectorarray" file="src/pymortests/vectorarray.py" line="766" name="test_amax[2-&lt;lambda&gt;11]" time="0.016055583953857422"></testcase><testcase classname="src.pymortests.vectorarray" file="src/pymortests/vectorarray.py" line="766" name="test_amax[2-&lt;lambda&gt;12]" time="0.0019729137420654297"></testcase><testcase classname="src.pymortests.vectorarray" file="src/pymortests/vectorarray.py" line="766" name="test_amax[2-&lt;lambda&gt;13]" time="0.010855913162231445"></testcase><testcase classname="src.pymortests.vectorarray" file="src/pymortests/vectorarray.py" line="766" name="test_amax[2-&lt;lambda&gt;14]" time="0.015670061111450195"></testcase><testcase classname="src.pymortests.vectorarray" file="src/pymortests/vectorarray.py" line="766" name="test_amax[2-&lt;lambda&gt;15]" time="0.06841087341308594"></testcase><testcase classname="src.pymortests.vectorarray" file="src/pymortests/vectorarray.py" line="766" name="test_amax[2-&lt;lambda&gt;16]" time="0.1463909149169922"></testcase><testcase classname="src.pymortests.vectorarray" file="src/pymortests/vectorarray.py" line="766" name="test_amax[2-&lt;lambda&gt;17]" time="0.009616613388061523"></testcase><testcase classname="src.pymortests.vectorarray" file="src/pymortests/vectorarray.py" line="766" name="test_amax[2-&lt;lambda&gt;18]" time="0.009890317916870117"></testcase><testcase classname="src.pymortests.vectorarray" file="src/pymortests/vectorarray.py" line="766" name="test_amax[2-&lt;lambda&gt;19]" time="0.031549930572509766"></testcase><testcase classname="src.pymortests.vectorarray" file="src/pymortests/vectorarray.py" line="766" name="test_amax[2-&lt;lambda&gt;20]" time="0.10500621795654297"></testcase><testcase classname="src.pymortests.vectorarray" file="src/pymortests/vectorarray.py" line="766" name="test_amax[2-&lt;lambda&gt;21]" time="0.2117626667022705"></testcase><testcase classname="src.pymortests.vectorarray" file="src/pymortests/vectorarray.py" line="766" name="test_amax[2-&lt;lambda&gt;22]" time="0.0019214153289794922"></testcase><testcase classname="src.pymortests.vectorarray" file="src/pymortests/vectorarray.py" line="766" name="test_amax[2-&lt;lambda&gt;23]" time="0.0026803016662597656"></testcase><testcase classname="src.pymortests.vectorarray" file="src/pymortests/vectorarray.py" line="766" name="test_amax[2-&lt;lambda&gt;24]" time="0.00993800163269043"></testcase><testcase classname="src.pymortests.vectorarray" file="src/pymortests/vectorarray.py" line="766" name="test_amax[2-&lt;lambda&gt;25]" time="0.09270787239074707"></testcase><testcase classname="src.pymortests.vectorarray" file="src/pymortests/vectorarray.py" line="766" name="test_amax[2-&lt;lambda&gt;26]" time="0.05640530586242676"></testcase><testcase classname="src.pymortests.vectorarray" file="src/pymortests/vectorarray.py" line="785" name="test_gramian[0-&lt;lambda&gt;0]" time="0.0033731460571289062"></testcase><testcase classname="src.pymortests.vectorarray" file="src/pymortests/vectorarray.py" line="785" name="test_gramian[0-&lt;lambda&gt;1]" time="0.0024983882904052734"></testcase><testcase classname="src.pymortests.vectorarray" file="src/pymortests/vectorarray.py" line="785" name="test_gramian[0-&lt;lambda&gt;2]" time="0.0030891895294189453"></testcase><testcase classname="src.pymortests.vectorarray" file="src/pymortests/vectorarray.py" line="785" name="test_gramian[0-&lt;lambda&gt;3]" time="0.0042912960052490234"></testcase><testcase classname="src.pymortests.vectorarray" file="src/pymortests/vectorarray.py" line="785" name="test_gramian[0-&lt;lambda&gt;4]" time="0.0052754878997802734"></testcase><testcase classname="src.pymortests.vectorarray" file="src/pymortests/vectorarray.py" line="785" name="test_gramian[0-&lt;lambda&gt;5]" time="0.002307891845703125"></testcase><testcase classname="src.pymortests.vectorarray" file="src/pymortests/vectorarray.py" line="785" name="test_gramian[0-&lt;lambda&gt;6]" time="0.002278566360473633"></testcase><testcase classname="src.pymortests.vectorarray" file="src/pymortests/vectorarray.py" line="785" name="test_gramian[0-&lt;lambda&gt;7]" time="0.015253067016601562"></testcase><testcase classname="src.pymortests.vectorarray" file="src/pymortests/vectorarray.py" line="785" name="test_gramian[0-&lt;lambda&gt;8]" time="0.2571594715118408"></testcase><testcase classname="src.pymortests.vectorarray" file="src/pymortests/vectorarray.py" line="785" name="test_gramian[0-&lt;lambda&gt;9]" time="1.3484535217285156"></testcase><testcase classname="src.pymortests.vectorarray" file="src/pymortests/vectorarray.py" line="785" name="test_gramian[0-&lt;lambda&gt;10]" time="0.004627227783203125"></testcase><testcase classname="src.pymortests.vectorarray" file="src/pymortests/vectorarray.py" line="785" name="test_gramian[0-&lt;lambda&gt;11]" time="0.004830837249755859"></testcase><testcase classname="src.pymortests.vectorarray" file="src/pymortests/vectorarray.py" line="785" name="test_gramian[0-&lt;lambda&gt;12]" time="0.004476070404052734"></testcase><testcase classname="src.pymortests.vectorarray" file="src/pymortests/vectorarray.py" line="785" name="test_gramian[0-&lt;lambda&gt;13]" time="0.004000663757324219"></testcase><testcase classname="src.pymortests.vectorarray" file="src/pymortests/vectorarray.py" line="785" name="test_gramian[0-&lt;lambda&gt;14]" time="0.005404472351074219"></testcase><testcase classname="src.pymortests.vectorarray" file="src/pymortests/vectorarray.py" line="785" name="test_gramian[0-&lt;lambda&gt;15]" time="0.008028268814086914"></testcase><testcase classname="src.pymortests.vectorarray" file="src/pymortests/vectorarray.py" line="785" name="test_gramian[0-&lt;lambda&gt;16]" time="0.012344598770141602"></testcase><testcase classname="src.pymortests.vectorarray" file="src/pymortests/vectorarray.py" line="785" name="test_gramian[0-&lt;lambda&gt;17]" time="0.0030219554901123047"></testcase><testcase classname="src.pymortests.vectorarray" file="src/pymortests/vectorarray.py" line="785" name="test_gramian[0-&lt;lambda&gt;18]" time="0.0029120445251464844"></testcase><testcase classname="src.pymortests.vectorarray" file="src/pymortests/vectorarray.py" line="785" name="test_gramian[0-&lt;lambda&gt;19]" time="0.019474267959594727"></testcase><testcase classname="src.pymortests.vectorarray" file="src/pymortests/vectorarray.py" line="785" name="test_gramian[0-&lt;lambda&gt;20]" time="0.23947930335998535"></testcase><testcase classname="src.pymortests.vectorarray" file="src/pymortests/vectorarray.py" line="785" name="test_gramian[0-&lt;lambda&gt;21]" time="1.2837169170379639"></testcase><testcase classname="src.pymortests.vectorarray" file="src/pymortests/vectorarray.py" line="785" name="test_gramian[0-&lt;lambda&gt;22]" time="0.002895355224609375"></testcase><testcase classname="src.pymortests.vectorarray" file="src/pymortests/vectorarray.py" line="785" name="test_gramian[0-&lt;lambda&gt;23]" time="0.002151012420654297"></testcase><testcase classname="src.pymortests.vectorarray" file="src/pymortests/vectorarray.py" line="785" name="test_gramian[0-&lt;lambda&gt;24]" time="0.009882211685180664"></testcase><testcase classname="src.pymortests.vectorarray" file="src/pymortests/vectorarray.py" line="785" name="test_gramian[0-&lt;lambda&gt;25]" time="0.16289067268371582"></testcase><testcase classname="src.pymortests.vectorarray" file="src/pymortests/vectorarray.py" line="785" name="test_gramian[0-&lt;lambda&gt;26]" time="0.8000161647796631"></testcase><testcase classname="src.pymortests.vectorarray" file="src/pymortests/vectorarray.py" line="785" name="test_gramian[1-&lt;lambda&gt;0]" time="0.0033731460571289062"></testcase><testcase classname="src.pymortests.vectorarray" file="src/pymortests/vectorarray.py" line="785" name="test_gramian[1-&lt;lambda&gt;1]" time="0.002397298812866211"></testcase><testcase classname="src.pymortests.vectorarray" file="src/pymortests/vectorarray.py" line="785" name="test_gramian[1-&lt;lambda&gt;2]" time="0.002961397171020508"></testcase><testcase classname="src.pymortests.vectorarray" file="src/pymortests/vectorarray.py" line="785" name="test_gramian[1-&lt;lambda&gt;3]" time="0.004216909408569336"></testcase><testcase classname="src.pymortests.vectorarray" file="src/pymortests/vectorarray.py" line="785" name="test_gramian[1-&lt;lambda&gt;4]" time="0.004734992980957031"></testcase><testcase classname="src.pymortests.vectorarray" file="src/pymortests/vectorarray.py" line="785" name="test_gramian[1-&lt;lambda&gt;5]" time="0.0022847652435302734"></testcase><testcase classname="src.pymortests.vectorarray" file="src/pymortests/vectorarray.py" line="785" name="test_gramian[1-&lt;lambda&gt;6]" time="0.0021767616271972656"></testcase><testcase classname="src.pymortests.vectorarray" file="src/pymortests/vectorarray.py" line="785" name="test_gramian[1-&lt;lambda&gt;7]" time="0.015021562576293945"></testcase><testcase classname="src.pymortests.vectorarray" file="src/pymortests/vectorarray.py" line="785" name="test_gramian[1-&lt;lambda&gt;8]" time="0.2556002140045166"></testcase><testcase classname="src.pymortests.vectorarray" file="src/pymortests/vectorarray.py" line="785" name="test_gramian[1-&lt;lambda&gt;9]" time="1.3510322570800781"></testcase><testcase classname="src.pymortests.vectorarray" file="src/pymortests/vectorarray.py" line="785" name="test_gramian[1-&lt;lambda&gt;10]" time="0.004492044448852539"></testcase><testcase classname="src.pymortests.vectorarray" file="src/pymortests/vectorarray.py" line="785" name="test_gramian[1-&lt;lambda&gt;11]" time="0.0046007633209228516"></testcase><testcase classname="src.pymortests.vectorarray" file="src/pymortests/vectorarray.py" line="785" name="test_gramian[1-&lt;lambda&gt;12]" time="0.004308462142944336"></testcase><testcase classname="src.pymortests.vectorarray" file="src/pymortests/vectorarray.py" line="785" name="test_gramian[1-&lt;lambda&gt;13]" time="0.003507852554321289"></testcase><testcase classname="src.pymortests.vectorarray" file="src/pymortests/vectorarray.py" line="785" name="test_gramian[1-&lt;lambda&gt;14]" time="0.004983186721801758"></testcase><testcase classname="src.pymortests.vectorarray" file="src/pymortests/vectorarray.py" line="785" name="test_gramian[1-&lt;lambda&gt;15]" time="0.008121967315673828"></testcase><testcase classname="src.pymortests.vectorarray" file="src/pymortests/vectorarray.py" line="785" name="test_gramian[1-&lt;lambda&gt;16]" time="0.012427330017089844"></testcase><testcase classname="src.pymortests.vectorarray" file="src/pymortests/vectorarray.py" line="785" name="test_gramian[1-&lt;lambda&gt;17]" time="0.002858877182006836"></testcase><testcase classname="src.pymortests.vectorarray" file="src/pymortests/vectorarray.py" line="785" name="test_gramian[1-&lt;lambda&gt;18]" time="0.0027866363525390625"></testcase><testcase classname="src.pymortests.vectorarray" file="src/pymortests/vectorarray.py" line="785" name="test_gramian[1-&lt;lambda&gt;19]" time="0.019535541534423828"></testcase><testcase classname="src.pymortests.vectorarray" file="src/pymortests/vectorarray.py" line="785" name="test_gramian[1-&lt;lambda&gt;20]" time="0.23559904098510742"></testcase><testcase classname="src.pymortests.vectorarray" file="src/pymortests/vectorarray.py" line="785" name="test_gramian[1-&lt;lambda&gt;21]" time="1.2517321109771729"></testcase><testcase classname="src.pymortests.vectorarray" file="src/pymortests/vectorarray.py" line="785" name="test_gramian[1-&lt;lambda&gt;22]" time="0.00328826904296875"></testcase><testcase classname="src.pymortests.vectorarray" file="src/pymortests/vectorarray.py" line="785" name="test_gramian[1-&lt;lambda&gt;23]" time="0.002482175827026367"></testcase><testcase classname="src.pymortests.vectorarray" file="src/pymortests/vectorarray.py" line="785" name="test_gramian[1-&lt;lambda&gt;24]" time="0.010772705078125"></testcase><testcase classname="src.pymortests.vectorarray" file="src/pymortests/vectorarray.py" line="785" name="test_gramian[1-&lt;lambda&gt;25]" time="0.1669003963470459"></testcase><testcase classname="src.pymortests.vectorarray" file="src/pymortests/vectorarray.py" line="785" name="test_gramian[1-&lt;lambda&gt;26]" time="0.7983379364013672"></testcase><testcase classname="src.pymortests.vectorarray" file="src/pymortests/vectorarray.py" line="785" name="test_gramian[2-&lt;lambda&gt;0]" time="0.0032091140747070312"></testcase><testcase classname="src.pymortests.vectorarray" file="src/pymortests/vectorarray.py" line="785" name="test_gramian[2-&lt;lambda&gt;1]" time="0.00232696533203125"></testcase><testcase classname="src.pymortests.vectorarray" file="src/pymortests/vectorarray.py" line="785" name="test_gramian[2-&lt;lambda&gt;2]" time="0.003008127212524414"></testcase><testcase classname="src.pymortests.vectorarray" file="src/pymortests/vectorarray.py" line="785" name="test_gramian[2-&lt;lambda&gt;3]" time="0.004065752029418945"></testcase><testcase classname="src.pymortests.vectorarray" file="src/pymortests/vectorarray.py" line="785" name="test_gramian[2-&lt;lambda&gt;4]" time="0.004643678665161133"></testcase><testcase classname="src.pymortests.vectorarray" file="src/pymortests/vectorarray.py" line="785" name="test_gramian[2-&lt;lambda&gt;5]" time="0.0022039413452148438"></testcase><testcase classname="src.pymortests.vectorarray" file="src/pymortests/vectorarray.py" line="785" name="test_gramian[2-&lt;lambda&gt;6]" time="0.002185821533203125"></testcase><testcase classname="src.pymortests.vectorarray" file="src/pymortests/vectorarray.py" line="785" name="test_gramian[2-&lt;lambda&gt;7]" time="0.015071868896484375"></testcase><testcase classname="src.pymortests.vectorarray" file="src/pymortests/vectorarray.py" line="785" name="test_gramian[2-&lt;lambda&gt;8]" time="0.2531399726867676"></testcase><testcase classname="src.pymortests.vectorarray" file="src/pymortests/vectorarray.py" line="785" name="test_gramian[2-&lt;lambda&gt;9]" time="1.3327031135559082"></testcase><testcase classname="src.pymortests.vectorarray" file="src/pymortests/vectorarray.py" line="785" name="test_gramian[2-&lt;lambda&gt;10]" time="0.0054438114166259766"></testcase><testcase classname="src.pymortests.vectorarray" file="src/pymortests/vectorarray.py" line="785" name="test_gramian[2-&lt;lambda&gt;11]" time="0.004617214202880859"></testcase><testcase classname="src.pymortests.vectorarray" file="src/pymortests/vectorarray.py" line="785" name="test_gramian[2-&lt;lambda&gt;12]" time="0.0042057037353515625"></testcase><testcase classname="src.pymortests.vectorarray" file="src/pymortests/vectorarray.py" line="785" name="test_gramian[2-&lt;lambda&gt;13]" time="0.003554105758666992"></testcase><testcase classname="src.pymortests.vectorarray" file="src/pymortests/vectorarray.py" line="785" name="test_gramian[2-&lt;lambda&gt;14]" time="0.004604339599609375"></testcase><testcase classname="src.pymortests.vectorarray" file="src/pymortests/vectorarray.py" line="785" name="test_gramian[2-&lt;lambda&gt;15]" time="0.007589817047119141"></testcase><testcase classname="src.pymortests.vectorarray" file="src/pymortests/vectorarray.py" line="785" name="test_gramian[2-&lt;lambda&gt;16]" time="0.011350631713867188"></testcase><testcase classname="src.pymortests.vectorarray" file="src/pymortests/vectorarray.py" line="785" name="test_gramian[2-&lt;lambda&gt;17]" time="0.003846883773803711"></testcase><testcase classname="src.pymortests.vectorarray" file="src/pymortests/vectorarray.py" line="785" name="test_gramian[2-&lt;lambda&gt;18]" time="0.0027875900268554688"></testcase><testcase classname="src.pymortests.vectorarray" file="src/pymortests/vectorarray.py" line="785" name="test_gramian[2-&lt;lambda&gt;19]" time="0.018611669540405273"></testcase><testcase classname="src.pymortests.vectorarray" file="src/pymortests/vectorarray.py" line="785" name="test_gramian[2-&lt;lambda&gt;20]" time="0.23044514656066895"></testcase><testcase classname="src.pymortests.vectorarray" file="src/pymortests/vectorarray.py" line="785" name="test_gramian[2-&lt;lambda&gt;21]" time="1.23991060256958"></testcase><testcase classname="src.pymortests.vectorarray" file="src/pymortests/vectorarray.py" line="785" name="test_gramian[2-&lt;lambda&gt;22]" time="0.0030477046966552734"></testcase><testcase classname="src.pymortests.vectorarray" file="src/pymortests/vectorarray.py" line="785" name="test_gramian[2-&lt;lambda&gt;23]" time="0.002532958984375"></testcase><testcase classname="src.pymortests.vectorarray" file="src/pymortests/vectorarray.py" line="785" name="test_gramian[2-&lt;lambda&gt;24]" time="0.010414600372314453"></testcase><testcase classname="src.pymortests.vectorarray" file="src/pymortests/vectorarray.py" line="785" name="test_gramian[2-&lt;lambda&gt;25]" time="0.1658627986907959"></testcase><testcase classname="src.pymortests.vectorarray" file="src/pymortests/vectorarray.py" line="785" name="test_gramian[2-&lt;lambda&gt;26]" time="0.795738697052002"></testcase><testcase classname="src.pymortests.vectorarray" file="src/pymortests/vectorarray.py" line="791" name="test_add[compatible_vector_array_pair0-&lt;lambda&gt;0]" time="0.0021474361419677734"></testcase><testcase classname="src.pymortests.vectorarray" file="src/pymortests/vectorarray.py" line="791" name="test_add[compatible_vector_array_pair0-&lt;lambda&gt;1]" time="0.0015196800231933594"></testcase><testcase classname="src.pymortests.vectorarray" file="src/pymortests/vectorarray.py" line="791" name="test_add[compatible_vector_array_pair0-&lt;lambda&gt;2]" time="0.001482248306274414"></testcase><testcase classname="src.pymortests.vectorarray" file="src/pymortests/vectorarray.py" line="791" name="test_add[compatible_vector_array_pair0-&lt;lambda&gt;3]" time="0.0015516281127929688"></testcase><testcase classname="src.pymortests.vectorarray" file="src/pymortests/vectorarray.py" line="791" name="test_add[compatible_vector_array_pair0-&lt;lambda&gt;4]" time="0.001428842544555664"></testcase><testcase classname="src.pymortests.vectorarray" file="src/pymortests/vectorarray.py" line="791" name="test_add[compatible_vector_array_pair0-&lt;lambda&gt;5]" time="0.0013434886932373047"></testcase><testcase classname="src.pymortests.vectorarray" file="src/pymortests/vectorarray.py" line="791" name="test_add[compatible_vector_array_pair0-&lt;lambda&gt;6]" time="0.00136566162109375"></testcase><testcase classname="src.pymortests.vectorarray" file="src/pymortests/vectorarray.py" line="791" name="test_add[compatible_vector_array_pair0-&lt;lambda&gt;7]" time="0.001352071762084961"></testcase><testcase classname="src.pymortests.vectorarray" file="src/pymortests/vectorarray.py" line="791" name="test_add[compatible_vector_array_pair0-&lt;lambda&gt;8]" time="0.001641988754272461"></testcase><testcase classname="src.pymortests.vectorarray" file="src/pymortests/vectorarray.py" line="791" name="test_add[compatible_vector_array_pair0-&lt;lambda&gt;9]" time="0.004729032516479492"></testcase><testcase classname="src.pymortests.vectorarray" file="src/pymortests/vectorarray.py" line="791" name="test_add[compatible_vector_array_pair0-&lt;lambda&gt;10]" time="0.008927583694458008"></testcase><testcase classname="src.pymortests.vectorarray" file="src/pymortests/vectorarray.py" line="791" name="test_add[compatible_vector_array_pair0-&lt;lambda&gt;11]" time="0.0017619132995605469"></testcase><testcase classname="src.pymortests.vectorarray" file="src/pymortests/vectorarray.py" line="791" name="test_add[compatible_vector_array_pair0-&lt;lambda&gt;12]" time="0.0017936229705810547"></testcase><testcase classname="src.pymortests.vectorarray" file="src/pymortests/vectorarray.py" line="791" name="test_add[compatible_vector_array_pair0-&lt;lambda&gt;13]" time="0.0017817020416259766"></testcase><testcase classname="src.pymortests.vectorarray" file="src/pymortests/vectorarray.py" line="791" name="test_add[compatible_vector_array_pair0-&lt;lambda&gt;14]" time="0.0017533302307128906"></testcase><testcase classname="src.pymortests.vectorarray" file="src/pymortests/vectorarray.py" line="791" name="test_add[compatible_vector_array_pair0-&lt;lambda&gt;15]" time="0.0020868778228759766"></testcase><testcase classname="src.pymortests.vectorarray" file="src/pymortests/vectorarray.py" line="791" name="test_add[compatible_vector_array_pair0-&lt;lambda&gt;16]" time="0.0024297237396240234"></testcase><testcase classname="src.pymortests.vectorarray" file="src/pymortests/vectorarray.py" line="791" name="test_add[compatible_vector_array_pair0-&lt;lambda&gt;17]" time="0.002347707748413086"></testcase><testcase classname="src.pymortests.vectorarray" file="src/pymortests/vectorarray.py" line="791" name="test_add[compatible_vector_array_pair0-&lt;lambda&gt;18]" time="0.002061128616333008"></testcase><testcase classname="src.pymortests.vectorarray" file="src/pymortests/vectorarray.py" line="791" name="test_add[compatible_vector_array_pair0-&lt;lambda&gt;19]" time="0.002106904983520508"></testcase><testcase classname="src.pymortests.vectorarray" file="src/pymortests/vectorarray.py" line="791" name="test_add[compatible_vector_array_pair0-&lt;lambda&gt;20]" time="0.02839374542236328"></testcase><testcase classname="src.pymortests.vectorarray" file="src/pymortests/vectorarray.py" line="791" name="test_add[compatible_vector_array_pair0-&lt;lambda&gt;21]" time="0.018395185470581055"></testcase><testcase classname="src.pymortests.vectorarray" file="src/pymortests/vectorarray.py" line="791" name="test_add[compatible_vector_array_pair0-&lt;lambda&gt;22]" time="0.04938197135925293"></testcase><testcase classname="src.pymortests.vectorarray" file="src/pymortests/vectorarray.py" line="791" name="test_add[compatible_vector_array_pair0-&lt;lambda&gt;23]" time="0.003875255584716797"></testcase><testcase classname="src.pymortests.vectorarray" file="src/pymortests/vectorarray.py" line="791" name="test_add[compatible_vector_array_pair0-&lt;lambda&gt;24]" time="0.0014309883117675781"></testcase><testcase classname="src.pymortests.vectorarray" file="src/pymortests/vectorarray.py" line="791" name="test_add[compatible_vector_array_pair0-&lt;lambda&gt;25]" time="0.002367734909057617"></testcase><testcase classname="src.pymortests.vectorarray" file="src/pymortests/vectorarray.py" line="791" name="test_add[compatible_vector_array_pair0-&lt;lambda&gt;26]" time="0.024087190628051758"></testcase><testcase classname="src.pymortests.vectorarray" file="src/pymortests/vectorarray.py" line="791" name="test_add[compatible_vector_array_pair0-&lt;lambda&gt;27]" time="0.12166428565979004"></testcase><testcase classname="src.pymortests.vectorarray" file="src/pymortests/vectorarray.py" line="791" name="test_add[compatible_vector_array_pair0-&lt;lambda&gt;28]" time="0.32924365997314453"></testcase><testcase classname="src.pymortests.vectorarray" file="src/pymortests/vectorarray.py" line="791" name="test_add[compatible_vector_array_pair0-&lt;lambda&gt;29]" time="0.009588003158569336"></testcase><testcase classname="src.pymortests.vectorarray" file="src/pymortests/vectorarray.py" line="791" name="test_add[compatible_vector_array_pair1-&lt;lambda&gt;0]" time="0.0015375614166259766"></testcase><testcase classname="src.pymortests.vectorarray" file="src/pymortests/vectorarray.py" line="791" name="test_add[compatible_vector_array_pair1-&lt;lambda&gt;1]" time="0.0015263557434082031"></testcase><testcase classname="src.pymortests.vectorarray" file="src/pymortests/vectorarray.py" line="791" name="test_add[compatible_vector_array_pair1-&lt;lambda&gt;2]" time="0.001577138900756836"></testcase><testcase classname="src.pymortests.vectorarray" file="src/pymortests/vectorarray.py" line="791" name="test_add[compatible_vector_array_pair1-&lt;lambda&gt;3]" time="0.0016162395477294922"></testcase><testcase classname="src.pymortests.vectorarray" file="src/pymortests/vectorarray.py" line="791" name="test_add[compatible_vector_array_pair1-&lt;lambda&gt;4]" time="0.0015995502471923828"></testcase><testcase classname="src.pymortests.vectorarray" file="src/pymortests/vectorarray.py" line="791" name="test_add[compatible_vector_array_pair1-&lt;lambda&gt;5]" time="0.0014925003051757812"></testcase><testcase classname="src.pymortests.vectorarray" file="src/pymortests/vectorarray.py" line="791" name="test_add[compatible_vector_array_pair1-&lt;lambda&gt;6]" time="0.0014216899871826172"></testcase><testcase classname="src.pymortests.vectorarray" file="src/pymortests/vectorarray.py" line="791" name="test_add[compatible_vector_array_pair1-&lt;lambda&gt;7]" time="0.0014028549194335938"></testcase><testcase classname="src.pymortests.vectorarray" file="src/pymortests/vectorarray.py" line="791" name="test_add[compatible_vector_array_pair1-&lt;lambda&gt;8]" time="0.0018508434295654297"></testcase><testcase classname="src.pymortests.vectorarray" file="src/pymortests/vectorarray.py" line="791" name="test_add[compatible_vector_array_pair1-&lt;lambda&gt;9]" time="0.004960775375366211"></testcase><testcase classname="src.pymortests.vectorarray" file="src/pymortests/vectorarray.py" line="791" name="test_add[compatible_vector_array_pair1-&lt;lambda&gt;10]" time="0.00950765609741211"></testcase><testcase classname="src.pymortests.vectorarray" file="src/pymortests/vectorarray.py" line="791" name="test_add[compatible_vector_array_pair1-&lt;lambda&gt;11]" time="0.0017979145050048828"></testcase><testcase classname="src.pymortests.vectorarray" file="src/pymortests/vectorarray.py" line="791" name="test_add[compatible_vector_array_pair1-&lt;lambda&gt;12]" time="0.0018591880798339844"></testcase><testcase classname="src.pymortests.vectorarray" file="src/pymortests/vectorarray.py" line="791" name="test_add[compatible_vector_array_pair1-&lt;lambda&gt;13]" time="0.001964569091796875"></testcase><testcase classname="src.pymortests.vectorarray" file="src/pymortests/vectorarray.py" line="791" name="test_add[compatible_vector_array_pair1-&lt;lambda&gt;14]" time="0.0018875598907470703"></testcase><testcase classname="src.pymortests.vectorarray" file="src/pymortests/vectorarray.py" line="791" name="test_add[compatible_vector_array_pair1-&lt;lambda&gt;15]" time="0.002305269241333008"></testcase><testcase classname="src.pymortests.vectorarray" file="src/pymortests/vectorarray.py" line="791" name="test_add[compatible_vector_array_pair1-&lt;lambda&gt;16]" time="0.0025551319122314453"></testcase><testcase classname="src.pymortests.vectorarray" file="src/pymortests/vectorarray.py" line="791" name="test_add[compatible_vector_array_pair1-&lt;lambda&gt;17]" time="0.00244903564453125"></testcase><testcase classname="src.pymortests.vectorarray" file="src/pymortests/vectorarray.py" line="791" name="test_add[compatible_vector_array_pair1-&lt;lambda&gt;18]" time="0.002176523208618164"></testcase><testcase classname="src.pymortests.vectorarray" file="src/pymortests/vectorarray.py" line="791" name="test_add[compatible_vector_array_pair1-&lt;lambda&gt;19]" time="0.0022640228271484375"></testcase><testcase classname="src.pymortests.vectorarray" file="src/pymortests/vectorarray.py" line="791" name="test_add[compatible_vector_array_pair1-&lt;lambda&gt;20]" time="0.027857542037963867"></testcase><testcase classname="src.pymortests.vectorarray" file="src/pymortests/vectorarray.py" line="791" name="test_add[compatible_vector_array_pair1-&lt;lambda&gt;21]" time="0.019823551177978516"></testcase><testcase classname="src.pymortests.vectorarray" file="src/pymortests/vectorarray.py" line="791" name="test_add[compatible_vector_array_pair1-&lt;lambda&gt;22]" time="0.05209207534790039"></testcase><testcase classname="src.pymortests.vectorarray" file="src/pymortests/vectorarray.py" line="791" name="test_add[compatible_vector_array_pair1-&lt;lambda&gt;23]" time="0.0038444995880126953"></testcase><testcase classname="src.pymortests.vectorarray" file="src/pymortests/vectorarray.py" line="791" name="test_add[compatible_vector_array_pair1-&lt;lambda&gt;24]" time="0.0013532638549804688"></testcase><testcase classname="src.pymortests.vectorarray" file="src/pymortests/vectorarray.py" line="791" name="test_add[compatible_vector_array_pair1-&lt;lambda&gt;25]" time="0.0023288726806640625"></testcase><testcase classname="src.pymortests.vectorarray" file="src/pymortests/vectorarray.py" line="791" name="test_add[compatible_vector_array_pair1-&lt;lambda&gt;26]" time="0.024550199508666992"></testcase><testcase classname="src.pymortests.vectorarray" file="src/pymortests/vectorarray.py" line="791" name="test_add[compatible_vector_array_pair1-&lt;lambda&gt;27]" time="0.12705087661743164"></testcase><testcase classname="src.pymortests.vectorarray" file="src/pymortests/vectorarray.py" line="791" name="test_add[compatible_vector_array_pair1-&lt;lambda&gt;28]" time="0.32633376121520996"></testcase><testcase classname="src.pymortests.vectorarray" file="src/pymortests/vectorarray.py" line="791" name="test_add[compatible_vector_array_pair1-&lt;lambda&gt;29]" time="0.009826183319091797"></testcase><testcase classname="src.pymortests.vectorarray" file="src/pymortests/vectorarray.py" line="791" name="test_add[compatible_vector_array_pair2-&lt;lambda&gt;0]" time="0.001617431640625"></testcase><testcase classname="src.pymortests.vectorarray" file="src/pymortests/vectorarray.py" line="791" name="test_add[compatible_vector_array_pair2-&lt;lambda&gt;1]" time="0.0015599727630615234"></testcase><testcase classname="src.pymortests.vectorarray" file="src/pymortests/vectorarray.py" line="791" name="test_add[compatible_vector_array_pair2-&lt;lambda&gt;2]" time="0.0014913082122802734"></testcase><testcase classname="src.pymortests.vectorarray" file="src/pymortests/vectorarray.py" line="791" name="test_add[compatible_vector_array_pair2-&lt;lambda&gt;3]" time="0.0016345977783203125"></testcase><testcase classname="src.pymortests.vectorarray" file="src/pymortests/vectorarray.py" line="791" name="test_add[compatible_vector_array_pair2-&lt;lambda&gt;4]" time="0.0015511512756347656"></testcase><testcase classname="src.pymortests.vectorarray" file="src/pymortests/vectorarray.py" line="791" name="test_add[compatible_vector_array_pair2-&lt;lambda&gt;5]" time="0.0014047622680664062"></testcase><testcase classname="src.pymortests.vectorarray" file="src/pymortests/vectorarray.py" line="791" name="test_add[compatible_vector_array_pair2-&lt;lambda&gt;6]" time="0.0013813972473144531"></testcase><testcase classname="src.pymortests.vectorarray" file="src/pymortests/vectorarray.py" line="791" name="test_add[compatible_vector_array_pair2-&lt;lambda&gt;7]" time="0.0013976097106933594"></testcase><testcase classname="src.pymortests.vectorarray" file="src/pymortests/vectorarray.py" line="791" name="test_add[compatible_vector_array_pair2-&lt;lambda&gt;8]" time="0.001795053482055664"></testcase><testcase classname="src.pymortests.vectorarray" file="src/pymortests/vectorarray.py" line="791" name="test_add[compatible_vector_array_pair2-&lt;lambda&gt;9]" time="0.00474858283996582"></testcase><testcase classname="src.pymortests.vectorarray" file="src/pymortests/vectorarray.py" line="791" name="test_add[compatible_vector_array_pair2-&lt;lambda&gt;10]" time="0.00916600227355957"></testcase><testcase classname="src.pymortests.vectorarray" file="src/pymortests/vectorarray.py" line="791" name="test_add[compatible_vector_array_pair2-&lt;lambda&gt;11]" time="0.001756429672241211"></testcase><testcase classname="src.pymortests.vectorarray" file="src/pymortests/vectorarray.py" line="791" name="test_add[compatible_vector_array_pair2-&lt;lambda&gt;12]" time="0.0018312931060791016"></testcase><testcase classname="src.pymortests.vectorarray" file="src/pymortests/vectorarray.py" line="791" name="test_add[compatible_vector_array_pair2-&lt;lambda&gt;13]" time="0.0020418167114257812"></testcase><testcase classname="src.pymortests.vectorarray" file="src/pymortests/vectorarray.py" line="791" name="test_add[compatible_vector_array_pair2-&lt;lambda&gt;14]" time="0.0019404888153076172"></testcase><testcase classname="src.pymortests.vectorarray" file="src/pymortests/vectorarray.py" line="791" name="test_add[compatible_vector_array_pair2-&lt;lambda&gt;15]" time="0.0022974014282226562"></testcase><testcase classname="src.pymortests.vectorarray" file="src/pymortests/vectorarray.py" line="791" name="test_add[compatible_vector_array_pair2-&lt;lambda&gt;16]" time="0.0025475025177001953"></testcase><testcase classname="src.pymortests.vectorarray" file="src/pymortests/vectorarray.py" line="791" name="test_add[compatible_vector_array_pair2-&lt;lambda&gt;17]" time="0.0024967193603515625"></testcase><testcase classname="src.pymortests.vectorarray" file="src/pymortests/vectorarray.py" line="791" name="test_add[compatible_vector_array_pair2-&lt;lambda&gt;18]" time="0.002138853073120117"></testcase><testcase classname="src.pymortests.vectorarray" file="src/pymortests/vectorarray.py" line="791" name="test_add[compatible_vector_array_pair2-&lt;lambda&gt;19]" time="0.0021927356719970703"></testcase><testcase classname="src.pymortests.vectorarray" file="src/pymortests/vectorarray.py" line="791" name="test_add[compatible_vector_array_pair2-&lt;lambda&gt;20]" time="0.026346445083618164"></testcase><testcase classname="src.pymortests.vectorarray" file="src/pymortests/vectorarray.py" line="791" name="test_add[compatible_vector_array_pair2-&lt;lambda&gt;21]" time="0.01802825927734375"></testcase><testcase classname="src.pymortests.vectorarray" file="src/pymortests/vectorarray.py" line="791" name="test_add[compatible_vector_array_pair2-&lt;lambda&gt;22]" time="0.05246090888977051"></testcase><testcase classname="src.pymortests.vectorarray" file="src/pymortests/vectorarray.py" line="791" name="test_add[compatible_vector_array_pair2-&lt;lambda&gt;23]" time="0.003812551498413086"></testcase><testcase classname="src.pymortests.vectorarray" file="src/pymortests/vectorarray.py" line="791" name="test_add[compatible_vector_array_pair2-&lt;lambda&gt;24]" time="0.0013680458068847656"></testcase><testcase classname="src.pymortests.vectorarray" file="src/pymortests/vectorarray.py" line="791" name="test_add[compatible_vector_array_pair2-&lt;lambda&gt;25]" time="0.002331972122192383"></testcase><testcase classname="src.pymortests.vectorarray" file="src/pymortests/vectorarray.py" line="791" name="test_add[compatible_vector_array_pair2-&lt;lambda&gt;26]" time="0.024519920349121094"></testcase><testcase classname="src.pymortests.vectorarray" file="src/pymortests/vectorarray.py" line="791" name="test_add[compatible_vector_array_pair2-&lt;lambda&gt;27]" time="0.12220406532287598"></testcase><testcase classname="src.pymortests.vectorarray" file="src/pymortests/vectorarray.py" line="791" name="test_add[compatible_vector_array_pair2-&lt;lambda&gt;28]" time="0.3348422050476074"></testcase><testcase classname="src.pymortests.vectorarray" file="src/pymortests/vectorarray.py" line="791" name="test_add[compatible_vector_array_pair2-&lt;lambda&gt;29]" time="0.010149240493774414"></testcase><testcase classname="src.pymortests.vectorarray" file="src/pymortests/vectorarray.py" line="791" name="test_add[compatible_vector_array_pair3-&lt;lambda&gt;0]" time="0.0015857219696044922"></testcase><testcase classname="src.pymortests.vectorarray" file="src/pymortests/vectorarray.py" line="791" name="test_add[compatible_vector_array_pair3-&lt;lambda&gt;1]" time="0.0015115737915039062"></testcase><testcase classname="src.pymortests.vectorarray" file="src/pymortests/vectorarray.py" line="791" name="test_add[compatible_vector_array_pair3-&lt;lambda&gt;2]" time="0.0015022754669189453"></testcase><testcase classname="src.pymortests.vectorarray" file="src/pymortests/vectorarray.py" line="791" name="test_add[compatible_vector_array_pair3-&lt;lambda&gt;3]" time="0.0015859603881835938"></testcase><testcase classname="src.pymortests.vectorarray" file="src/pymortests/vectorarray.py" line="791" name="test_add[compatible_vector_array_pair3-&lt;lambda&gt;4]" time="0.0015447139739990234"></testcase><testcase classname="src.pymortests.vectorarray" file="src/pymortests/vectorarray.py" line="791" name="test_add[compatible_vector_array_pair3-&lt;lambda&gt;5]" time="0.0014088153839111328"></testcase><testcase classname="src.pymortests.vectorarray" file="src/pymortests/vectorarray.py" line="791" name="test_add[compatible_vector_array_pair3-&lt;lambda&gt;6]" time="0.0013878345489501953"></testcase><testcase classname="src.pymortests.vectorarray" file="src/pymortests/vectorarray.py" line="791" name="test_add[compatible_vector_array_pair3-&lt;lambda&gt;7]" time="0.001445770263671875"></testcase><testcase classname="src.pymortests.vectorarray" file="src/pymortests/vectorarray.py" line="791" name="test_add[compatible_vector_array_pair3-&lt;lambda&gt;8]" time="0.0017931461334228516"></testcase><testcase classname="src.pymortests.vectorarray" file="src/pymortests/vectorarray.py" line="791" name="test_add[compatible_vector_array_pair3-&lt;lambda&gt;9]" time="0.00508880615234375"></testcase><testcase classname="src.pymortests.vectorarray" file="src/pymortests/vectorarray.py" line="791" name="test_add[compatible_vector_array_pair3-&lt;lambda&gt;10]" time="0.009523630142211914"></testcase><testcase classname="src.pymortests.vectorarray" file="src/pymortests/vectorarray.py" line="791" name="test_add[compatible_vector_array_pair3-&lt;lambda&gt;11]" time="0.0018210411071777344"></testcase><testcase classname="src.pymortests.vectorarray" file="src/pymortests/vectorarray.py" line="791" name="test_add[compatible_vector_array_pair3-&lt;lambda&gt;12]" time="0.002048015594482422"></testcase><testcase classname="src.pymortests.vectorarray" file="src/pymortests/vectorarray.py" line="791" name="test_add[compatible_vector_array_pair3-&lt;lambda&gt;13]" time="0.0019588470458984375"></testcase><testcase classname="src.pymortests.vectorarray" file="src/pymortests/vectorarray.py" line="791" name="test_add[compatible_vector_array_pair3-&lt;lambda&gt;14]" time="0.0019207000732421875"></testcase><testcase classname="src.pymortests.vectorarray" file="src/pymortests/vectorarray.py" line="791" name="test_add[compatible_vector_array_pair3-&lt;lambda&gt;15]" time="0.0022695064544677734"></testcase><testcase classname="src.pymortests.vectorarray" file="src/pymortests/vectorarray.py" line="791" name="test_add[compatible_vector_array_pair3-&lt;lambda&gt;16]" time="0.0025043487548828125"></testcase><testcase classname="src.pymortests.vectorarray" file="src/pymortests/vectorarray.py" line="791" name="test_add[compatible_vector_array_pair3-&lt;lambda&gt;17]" time="0.0023255348205566406"></testcase><testcase classname="src.pymortests.vectorarray" file="src/pymortests/vectorarray.py" line="791" name="test_add[compatible_vector_array_pair3-&lt;lambda&gt;18]" time="0.0023238658905029297"></testcase><testcase classname="src.pymortests.vectorarray" file="src/pymortests/vectorarray.py" line="791" name="test_add[compatible_vector_array_pair3-&lt;lambda&gt;19]" time="0.0023109912872314453"></testcase><testcase classname="src.pymortests.vectorarray" file="src/pymortests/vectorarray.py" line="791" name="test_add[compatible_vector_array_pair3-&lt;lambda&gt;20]" time="0.026472091674804688"></testcase><testcase classname="src.pymortests.vectorarray" file="src/pymortests/vectorarray.py" line="791" name="test_add[compatible_vector_array_pair3-&lt;lambda&gt;21]" time="0.018925905227661133"></testcase><testcase classname="src.pymortests.vectorarray" file="src/pymortests/vectorarray.py" line="791" name="test_add[compatible_vector_array_pair3-&lt;lambda&gt;22]" time="0.0509645938873291"></testcase><testcase classname="src.pymortests.vectorarray" file="src/pymortests/vectorarray.py" line="791" name="test_add[compatible_vector_array_pair3-&lt;lambda&gt;23]" time="0.003974199295043945"></testcase><testcase classname="src.pymortests.vectorarray" file="src/pymortests/vectorarray.py" line="791" name="test_add[compatible_vector_array_pair3-&lt;lambda&gt;24]" time="0.001394510269165039"></testcase><testcase classname="src.pymortests.vectorarray" file="src/pymortests/vectorarray.py" line="791" name="test_add[compatible_vector_array_pair3-&lt;lambda&gt;25]" time="0.002300262451171875"></testcase><testcase classname="src.pymortests.vectorarray" file="src/pymortests/vectorarray.py" line="791" name="test_add[compatible_vector_array_pair3-&lt;lambda&gt;26]" time="0.0249636173248291"></testcase><testcase classname="src.pymortests.vectorarray" file="src/pymortests/vectorarray.py" line="791" name="test_add[compatible_vector_array_pair3-&lt;lambda&gt;27]" time="0.12521696090698242"></testcase><testcase classname="src.pymortests.vectorarray" file="src/pymortests/vectorarray.py" line="791" name="test_add[compatible_vector_array_pair3-&lt;lambda&gt;28]" time="0.33346128463745117"></testcase><testcase classname="src.pymortests.vectorarray" file="src/pymortests/vectorarray.py" line="791" name="test_add[compatible_vector_array_pair3-&lt;lambda&gt;29]" time="0.010041236877441406"></testcase><testcase classname="src.pymortests.vectorarray" file="src/pymortests/vectorarray.py" line="791" name="test_add[compatible_vector_array_pair4-&lt;lambda&gt;0]" time="0.0018017292022705078"></testcase><testcase classname="src.pymortests.vectorarray" file="src/pymortests/vectorarray.py" line="791" name="test_add[compatible_vector_array_pair4-&lt;lambda&gt;1]" time="0.001642465591430664"></testcase><testcase classname="src.pymortests.vectorarray" file="src/pymortests/vectorarray.py" line="791" name="test_add[compatible_vector_array_pair4-&lt;lambda&gt;2]" time="0.0016226768493652344"></testcase><testcase classname="src.pymortests.vectorarray" file="src/pymortests/vectorarray.py" line="791" name="test_add[compatible_vector_array_pair4-&lt;lambda&gt;3]" time="0.0017628669738769531"></testcase><testcase classname="src.pymortests.vectorarray" file="src/pymortests/vectorarray.py" line="791" name="test_add[compatible_vector_array_pair4-&lt;lambda&gt;4]" time="0.001596212387084961"></testcase><testcase classname="src.pymortests.vectorarray" file="src/pymortests/vectorarray.py" line="791" name="test_add[compatible_vector_array_pair4-&lt;lambda&gt;5]" time="0.0014526844024658203"></testcase><testcase classname="src.pymortests.vectorarray" file="src/pymortests/vectorarray.py" line="791" name="test_add[compatible_vector_array_pair4-&lt;lambda&gt;6]" time="0.0014102458953857422"></testcase><testcase classname="src.pymortests.vectorarray" file="src/pymortests/vectorarray.py" line="791" name="test_add[compatible_vector_array_pair4-&lt;lambda&gt;7]" time="0.0014462471008300781"></testcase><testcase classname="src.pymortests.vectorarray" file="src/pymortests/vectorarray.py" line="791" name="test_add[compatible_vector_array_pair4-&lt;lambda&gt;8]" time="0.0018444061279296875"></testcase><testcase classname="src.pymortests.vectorarray" file="src/pymortests/vectorarray.py" line="791" name="test_add[compatible_vector_array_pair4-&lt;lambda&gt;9]" time="0.0049610137939453125"></testcase><testcase classname="src.pymortests.vectorarray" file="src/pymortests/vectorarray.py" line="791" name="test_add[compatible_vector_array_pair4-&lt;lambda&gt;10]" time="0.009877443313598633"></testcase><testcase classname="src.pymortests.vectorarray" file="src/pymortests/vectorarray.py" line="791" name="test_add[compatible_vector_array_pair4-&lt;lambda&gt;11]" time="0.0018203258514404297"></testcase><testcase classname="src.pymortests.vectorarray" file="src/pymortests/vectorarray.py" line="791" name="test_add[compatible_vector_array_pair4-&lt;lambda&gt;12]" time="0.0018918514251708984"></testcase><testcase classname="src.pymortests.vectorarray" file="src/pymortests/vectorarray.py" line="791" name="test_add[compatible_vector_array_pair4-&lt;lambda&gt;13]" time="0.0020368099212646484"></testcase><testcase classname="src.pymortests.vectorarray" file="src/pymortests/vectorarray.py" line="791" name="test_add[compatible_vector_array_pair4-&lt;lambda&gt;14]" time="0.0019452571868896484"></testcase><testcase classname="src.pymortests.vectorarray" file="src/pymortests/vectorarray.py" line="791" name="test_add[compatible_vector_array_pair4-&lt;lambda&gt;15]" time="0.0023818016052246094"></testcase><testcase classname="src.pymortests.vectorarray" file="src/pymortests/vectorarray.py" line="791" name="test_add[compatible_vector_array_pair4-&lt;lambda&gt;16]" time="0.0026781558990478516"></testcase><testcase classname="src.pymortests.vectorarray" file="src/pymortests/vectorarray.py" line="791" name="test_add[compatible_vector_array_pair4-&lt;lambda&gt;17]" time="0.0024046897888183594"></testcase><testcase classname="src.pymortests.vectorarray" file="src/pymortests/vectorarray.py" line="791" name="test_add[compatible_vector_array_pair4-&lt;lambda&gt;18]" time="0.0021026134490966797"></testcase><testcase classname="src.pymortests.vectorarray" file="src/pymortests/vectorarray.py" line="791" name="test_add[compatible_vector_array_pair4-&lt;lambda&gt;19]" time="0.002218008041381836"></testcase><testcase classname="src.pymortests.vectorarray" file="src/pymortests/vectorarray.py" line="791" name="test_add[compatible_vector_array_pair4-&lt;lambda&gt;20]" time="0.026447534561157227"></testcase><testcase classname="src.pymortests.vectorarray" file="src/pymortests/vectorarray.py" line="791" name="test_add[compatible_vector_array_pair4-&lt;lambda&gt;21]" time="0.01852273941040039"></testcase><testcase classname="src.pymortests.vectorarray" file="src/pymortests/vectorarray.py" line="791" name="test_add[compatible_vector_array_pair4-&lt;lambda&gt;22]" time="0.05295205116271973"></testcase><testcase classname="src.pymortests.vectorarray" file="src/pymortests/vectorarray.py" line="791" name="test_add[compatible_vector_array_pair4-&lt;lambda&gt;23]" time="0.0038738250732421875"></testcase><testcase classname="src.pymortests.vectorarray" file="src/pymortests/vectorarray.py" line="791" name="test_add[compatible_vector_array_pair4-&lt;lambda&gt;24]" time="0.001445770263671875"></testcase><testcase classname="src.pymortests.vectorarray" file="src/pymortests/vectorarray.py" line="791" name="test_add[compatible_vector_array_pair4-&lt;lambda&gt;25]" time="0.002351045608520508"></testcase><testcase classname="src.pymortests.vectorarray" file="src/pymortests/vectorarray.py" line="791" name="test_add[compatible_vector_array_pair4-&lt;lambda&gt;26]" time="0.024073362350463867"></testcase><testcase classname="src.pymortests.vectorarray" file="src/pymortests/vectorarray.py" line="791" name="test_add[compatible_vector_array_pair4-&lt;lambda&gt;27]" time="0.12181234359741211"></testcase><testcase classname="src.pymortests.vectorarray" file="src/pymortests/vectorarray.py" line="791" name="test_add[compatible_vector_array_pair4-&lt;lambda&gt;28]" time="0.32329726219177246"></testcase><testcase classname="src.pymortests.vectorarray" file="src/pymortests/vectorarray.py" line="791" name="test_add[compatible_vector_array_pair4-&lt;lambda&gt;29]" time="0.00951385498046875"></testcase><testcase classname="src.pymortests.vectorarray" file="src/pymortests/vectorarray.py" line="791" name="test_add[compatible_vector_array_pair5-&lt;lambda&gt;0]" time="0.001650094985961914"></testcase><testcase classname="src.pymortests.vectorarray" file="src/pymortests/vectorarray.py" line="791" name="test_add[compatible_vector_array_pair5-&lt;lambda&gt;1]" time="0.0015368461608886719"></testcase><testcase classname="src.pymortests.vectorarray" file="src/pymortests/vectorarray.py" line="791" name="test_add[compatible_vector_array_pair5-&lt;lambda&gt;2]" time="0.0015244483947753906"></testcase><testcase classname="src.pymortests.vectorarray" file="src/pymortests/vectorarray.py" line="791" name="test_add[compatible_vector_array_pair5-&lt;lambda&gt;3]" time="0.0016400814056396484"></testcase><testcase classname="src.pymortests.vectorarray" file="src/pymortests/vectorarray.py" line="791" name="test_add[compatible_vector_array_pair5-&lt;lambda&gt;4]" time="0.001596689224243164"></testcase><testcase classname="src.pymortests.vectorarray" file="src/pymortests/vectorarray.py" line="791" name="test_add[compatible_vector_array_pair5-&lt;lambda&gt;5]" time="0.0014429092407226562"></testcase><testcase classname="src.pymortests.vectorarray" file="src/pymortests/vectorarray.py" line="791" name="test_add[compatible_vector_array_pair5-&lt;lambda&gt;6]" time="0.0013546943664550781"></testcase><testcase classname="src.pymortests.vectorarray" file="src/pymortests/vectorarray.py" line="791" name="test_add[compatible_vector_array_pair5-&lt;lambda&gt;7]" time="0.0014793872833251953"></testcase><testcase classname="src.pymortests.vectorarray" file="src/pymortests/vectorarray.py" line="791" name="test_add[compatible_vector_array_pair5-&lt;lambda&gt;8]" time="0.00199127197265625"></testcase><testcase classname="src.pymortests.vectorarray" file="src/pymortests/vectorarray.py" line="791" name="test_add[compatible_vector_array_pair5-&lt;lambda&gt;9]" time="0.0050771236419677734"></testcase><testcase classname="src.pymortests.vectorarray" file="src/pymortests/vectorarray.py" line="791" name="test_add[compatible_vector_array_pair5-&lt;lambda&gt;10]" time="0.010138750076293945"></testcase><testcase classname="src.pymortests.vectorarray" file="src/pymortests/vectorarray.py" line="791" name="test_add[compatible_vector_array_pair5-&lt;lambda&gt;11]" time="0.0018451213836669922"></testcase><testcase classname="src.pymortests.vectorarray" file="src/pymortests/vectorarray.py" line="791" name="test_add[compatible_vector_array_pair5-&lt;lambda&gt;12]" time="0.0018918514251708984"></testcase><testcase classname="src.pymortests.vectorarray" file="src/pymortests/vectorarray.py" line="791" name="test_add[compatible_vector_array_pair5-&lt;lambda&gt;13]" time="0.001996278762817383"></testcase><testcase classname="src.pymortests.vectorarray" file="src/pymortests/vectorarray.py" line="791" name="test_add[compatible_vector_array_pair5-&lt;lambda&gt;14]" time="0.0019085407257080078"></testcase><testcase classname="src.pymortests.vectorarray" file="src/pymortests/vectorarray.py" line="791" name="test_add[compatible_vector_array_pair5-&lt;lambda&gt;15]" time="0.0023529529571533203"></testcase><testcase classname="src.pymortests.vectorarray" file="src/pymortests/vectorarray.py" line="791" name="test_add[compatible_vector_array_pair5-&lt;lambda&gt;16]" time="0.0026209354400634766"></testcase><testcase classname="src.pymortests.vectorarray" file="src/pymortests/vectorarray.py" line="791" name="test_add[compatible_vector_array_pair5-&lt;lambda&gt;17]" time="0.002447843551635742"></testcase><testcase classname="src.pymortests.vectorarray" file="src/pymortests/vectorarray.py" line="791" name="test_add[compatible_vector_array_pair5-&lt;lambda&gt;18]" time="0.0021321773529052734"></testcase><testcase classname="src.pymortests.vectorarray" file="src/pymortests/vectorarray.py" line="791" name="test_add[compatible_vector_array_pair5-&lt;lambda&gt;19]" time="0.002218484878540039"></testcase><testcase classname="src.pymortests.vectorarray" file="src/pymortests/vectorarray.py" line="791" name="test_add[compatible_vector_array_pair5-&lt;lambda&gt;20]" time="0.02573227882385254"></testcase><testcase classname="src.pymortests.vectorarray" file="src/pymortests/vectorarray.py" line="791" name="test_add[compatible_vector_array_pair5-&lt;lambda&gt;21]" time="0.01846456527709961"></testcase><testcase classname="src.pymortests.vectorarray" file="src/pymortests/vectorarray.py" line="791" name="test_add[compatible_vector_array_pair5-&lt;lambda&gt;22]" time="0.05087614059448242"></testcase><testcase classname="src.pymortests.vectorarray" file="src/pymortests/vectorarray.py" line="791" name="test_add[compatible_vector_array_pair5-&lt;lambda&gt;23]" time="0.0038611888885498047"></testcase><testcase classname="src.pymortests.vectorarray" file="src/pymortests/vectorarray.py" line="791" name="test_add[compatible_vector_array_pair5-&lt;lambda&gt;24]" time="0.0014791488647460938"></testcase><testcase classname="src.pymortests.vectorarray" file="src/pymortests/vectorarray.py" line="791" name="test_add[compatible_vector_array_pair5-&lt;lambda&gt;25]" time="0.0022826194763183594"></testcase><testcase classname="src.pymortests.vectorarray" file="src/pymortests/vectorarray.py" line="791" name="test_add[compatible_vector_array_pair5-&lt;lambda&gt;26]" time="0.024142026901245117"></testcase><testcase classname="src.pymortests.vectorarray" file="src/pymortests/vectorarray.py" line="791" name="test_add[compatible_vector_array_pair5-&lt;lambda&gt;27]" time="0.1225130558013916"></testcase><testcase classname="src.pymortests.vectorarray" file="src/pymortests/vectorarray.py" line="791" name="test_add[compatible_vector_array_pair5-&lt;lambda&gt;28]" time="0.33118200302124023"></testcase><testcase classname="src.pymortests.vectorarray" file="src/pymortests/vectorarray.py" line="791" name="test_add[compatible_vector_array_pair5-&lt;lambda&gt;29]" time="0.00991511344909668"></testcase><testcase classname="src.pymortests.vectorarray" file="src/pymortests/vectorarray.py" line="791" name="test_add[compatible_vector_array_pair6-&lt;lambda&gt;0]" time="0.001814126968383789"></testcase><testcase classname="src.pymortests.vectorarray" file="src/pymortests/vectorarray.py" line="791" name="test_add[compatible_vector_array_pair6-&lt;lambda&gt;1]" time="0.0017769336700439453"></testcase><testcase classname="src.pymortests.vectorarray" file="src/pymortests/vectorarray.py" line="791" name="test_add[compatible_vector_array_pair6-&lt;lambda&gt;2]" time="0.001683950424194336"></testcase><testcase classname="src.pymortests.vectorarray" file="src/pymortests/vectorarray.py" line="791" name="test_add[compatible_vector_array_pair6-&lt;lambda&gt;3]" time="0.0018379688262939453"></testcase><testcase classname="src.pymortests.vectorarray" file="src/pymortests/vectorarray.py" line="791" name="test_add[compatible_vector_array_pair6-&lt;lambda&gt;4]" time="0.0016052722930908203"></testcase><testcase classname="src.pymortests.vectorarray" file="src/pymortests/vectorarray.py" line="791" name="test_add[compatible_vector_array_pair6-&lt;lambda&gt;5]" time="0.0014560222625732422"></testcase><testcase classname="src.pymortests.vectorarray" file="src/pymortests/vectorarray.py" line="791" name="test_add[compatible_vector_array_pair6-&lt;lambda&gt;6]" time="0.0014438629150390625"></testcase><testcase classname="src.pymortests.vectorarray" file="src/pymortests/vectorarray.py" line="791" name="test_add[compatible_vector_array_pair6-&lt;lambda&gt;7]" time="0.0015344619750976562"></testcase><testcase classname="src.pymortests.vectorarray" file="src/pymortests/vectorarray.py" line="791" name="test_add[compatible_vector_array_pair6-&lt;lambda&gt;8]" time="0.001811981201171875"></testcase><testcase classname="src.pymortests.vectorarray" file="src/pymortests/vectorarray.py" line="791" name="test_add[compatible_vector_array_pair6-&lt;lambda&gt;9]" time="0.005171537399291992"></testcase><testcase classname="src.pymortests.vectorarray" file="src/pymortests/vectorarray.py" line="791" name="test_add[compatible_vector_array_pair6-&lt;lambda&gt;10]" time="0.010102510452270508"></testcase><testcase classname="src.pymortests.vectorarray" file="src/pymortests/vectorarray.py" line="791" name="test_add[compatible_vector_array_pair6-&lt;lambda&gt;11]" time="0.002576589584350586"></testcase><testcase classname="src.pymortests.vectorarray" file="src/pymortests/vectorarray.py" line="791" name="test_add[compatible_vector_array_pair6-&lt;lambda&gt;12]" time="0.0020194053649902344"></testcase><testcase classname="src.pymortests.vectorarray" file="src/pymortests/vectorarray.py" line="791" name="test_add[compatible_vector_array_pair6-&lt;lambda&gt;13]" time="0.0022695064544677734"></testcase><testcase classname="src.pymortests.vectorarray" file="src/pymortests/vectorarray.py" line="791" name="test_add[compatible_vector_array_pair6-&lt;lambda&gt;14]" time="0.002192258834838867"></testcase><testcase classname="src.pymortests.vectorarray" file="src/pymortests/vectorarray.py" line="791" name="test_add[compatible_vector_array_pair6-&lt;lambda&gt;15]" time="0.0025255680084228516"></testcase><testcase classname="src.pymortests.vectorarray" file="src/pymortests/vectorarray.py" line="791" name="test_add[compatible_vector_array_pair6-&lt;lambda&gt;16]" time="0.0026569366455078125"></testcase><testcase classname="src.pymortests.vectorarray" file="src/pymortests/vectorarray.py" line="791" name="test_add[compatible_vector_array_pair6-&lt;lambda&gt;17]" time="0.002528667449951172"></testcase><testcase classname="src.pymortests.vectorarray" file="src/pymortests/vectorarray.py" line="791" name="test_add[compatible_vector_array_pair6-&lt;lambda&gt;18]" time="0.002206563949584961"></testcase><testcase classname="src.pymortests.vectorarray" file="src/pymortests/vectorarray.py" line="791" name="test_add[compatible_vector_array_pair6-&lt;lambda&gt;19]" time="0.0022187232971191406"></testcase><testcase classname="src.pymortests.vectorarray" file="src/pymortests/vectorarray.py" line="791" name="test_add[compatible_vector_array_pair6-&lt;lambda&gt;20]" time="0.026098012924194336"></testcase><testcase classname="src.pymortests.vectorarray" file="src/pymortests/vectorarray.py" line="791" name="test_add[compatible_vector_array_pair6-&lt;lambda&gt;21]" time="0.019039392471313477"></testcase><testcase classname="src.pymortests.vectorarray" file="src/pymortests/vectorarray.py" line="791" name="test_add[compatible_vector_array_pair6-&lt;lambda&gt;22]" time="0.0516209602355957"></testcase><testcase classname="src.pymortests.vectorarray" file="src/pymortests/vectorarray.py" line="791" name="test_add[compatible_vector_array_pair6-&lt;lambda&gt;23]" time="0.003918170928955078"></testcase><testcase classname="src.pymortests.vectorarray" file="src/pymortests/vectorarray.py" line="791" name="test_add[compatible_vector_array_pair6-&lt;lambda&gt;24]" time="0.0014662742614746094"></testcase><testcase classname="src.pymortests.vectorarray" file="src/pymortests/vectorarray.py" line="791" name="test_add[compatible_vector_array_pair6-&lt;lambda&gt;25]" time="0.002507925033569336"></testcase><testcase classname="src.pymortests.vectorarray" file="src/pymortests/vectorarray.py" line="791" name="test_add[compatible_vector_array_pair6-&lt;lambda&gt;26]" time="0.024239540100097656"></testcase><testcase classname="src.pymortests.vectorarray" file="src/pymortests/vectorarray.py" line="791" name="test_add[compatible_vector_array_pair6-&lt;lambda&gt;27]" time="0.12423133850097656"></testcase><testcase classname="src.pymortests.vectorarray" file="src/pymortests/vectorarray.py" line="791" name="test_add[compatible_vector_array_pair6-&lt;lambda&gt;28]" time="0.33365368843078613"></testcase><testcase classname="src.pymortests.vectorarray" file="src/pymortests/vectorarray.py" line="791" name="test_add[compatible_vector_array_pair6-&lt;lambda&gt;29]" time="0.009714365005493164"></testcase><testcase classname="src.pymortests.vectorarray" file="src/pymortests/vectorarray.py" line="791" name="test_add[compatible_vector_array_pair7-&lt;lambda&gt;0]" time="0.0015821456909179688"></testcase><testcase classname="src.pymortests.vectorarray" file="src/pymortests/vectorarray.py" line="791" name="test_add[compatible_vector_array_pair7-&lt;lambda&gt;1]" time="0.0014865398406982422"></testcase><testcase classname="src.pymortests.vectorarray" file="src/pymortests/vectorarray.py" line="791" name="test_add[compatible_vector_array_pair7-&lt;lambda&gt;2]" time="0.0015785694122314453"></testcase><testcase classname="src.pymortests.vectorarray" file="src/pymortests/vectorarray.py" line="791" name="test_add[compatible_vector_array_pair7-&lt;lambda&gt;3]" time="0.0016009807586669922"></testcase><testcase classname="src.pymortests.vectorarray" file="src/pymortests/vectorarray.py" line="791" name="test_add[compatible_vector_array_pair7-&lt;lambda&gt;4]" time="0.0016145706176757812"></testcase><testcase classname="src.pymortests.vectorarray" file="src/pymortests/vectorarray.py" line="791" name="test_add[compatible_vector_array_pair7-&lt;lambda&gt;5]" time="0.0014734268188476562"></testcase><testcase classname="src.pymortests.vectorarray" file="src/pymortests/vectorarray.py" line="791" name="test_add[compatible_vector_array_pair7-&lt;lambda&gt;6]" time="0.0013666152954101562"></testcase><testcase classname="src.pymortests.vectorarray" file="src/pymortests/vectorarray.py" line="791" name="test_add[compatible_vector_array_pair7-&lt;lambda&gt;7]" time="0.001405954360961914"></testcase><testcase classname="src.pymortests.vectorarray" file="src/pymortests/vectorarray.py" line="791" name="test_add[compatible_vector_array_pair7-&lt;lambda&gt;8]" time="0.0018210411071777344"></testcase><testcase classname="src.pymortests.vectorarray" file="src/pymortests/vectorarray.py" line="791" name="test_add[compatible_vector_array_pair7-&lt;lambda&gt;9]" time="0.004817008972167969"></testcase><testcase classname="src.pymortests.vectorarray" file="src/pymortests/vectorarray.py" line="791" name="test_add[compatible_vector_array_pair7-&lt;lambda&gt;10]" time="0.009643077850341797"></testcase><testcase classname="src.pymortests.vectorarray" file="src/pymortests/vectorarray.py" line="791" name="test_add[compatible_vector_array_pair7-&lt;lambda&gt;11]" time="0.0018160343170166016"></testcase><testcase classname="src.pymortests.vectorarray" file="src/pymortests/vectorarray.py" line="791" name="test_add[compatible_vector_array_pair7-&lt;lambda&gt;12]" time="0.0018782615661621094"></testcase><testcase classname="src.pymortests.vectorarray" file="src/pymortests/vectorarray.py" line="791" name="test_add[compatible_vector_array_pair7-&lt;lambda&gt;13]" time="0.002053976058959961"></testcase><testcase classname="src.pymortests.vectorarray" file="src/pymortests/vectorarray.py" line="791" name="test_add[compatible_vector_array_pair7-&lt;lambda&gt;14]" time="0.0019609928131103516"></testcase><testcase classname="src.pymortests.vectorarray" file="src/pymortests/vectorarray.py" line="791" name="test_add[compatible_vector_array_pair7-&lt;lambda&gt;15]" time="0.002297639846801758"></testcase><testcase classname="src.pymortests.vectorarray" file="src/pymortests/vectorarray.py" line="791" name="test_add[compatible_vector_array_pair7-&lt;lambda&gt;16]" time="0.002498149871826172"></testcase><testcase classname="src.pymortests.vectorarray" file="src/pymortests/vectorarray.py" line="791" name="test_add[compatible_vector_array_pair7-&lt;lambda&gt;17]" time="0.0023179054260253906"></testcase><testcase classname="src.pymortests.vectorarray" file="src/pymortests/vectorarray.py" line="791" name="test_add[compatible_vector_array_pair7-&lt;lambda&gt;18]" time="0.0021088123321533203"></testcase><testcase classname="src.pymortests.vectorarray" file="src/pymortests/vectorarray.py" line="791" name="test_add[compatible_vector_array_pair7-&lt;lambda&gt;19]" time="0.0021572113037109375"></testcase><testcase classname="src.pymortests.vectorarray" file="src/pymortests/vectorarray.py" line="791" name="test_add[compatible_vector_array_pair7-&lt;lambda&gt;20]" time="0.026436328887939453"></testcase><testcase classname="src.pymortests.vectorarray" file="src/pymortests/vectorarray.py" line="791" name="test_add[compatible_vector_array_pair7-&lt;lambda&gt;21]" time="0.018456697463989258"></testcase><testcase classname="src.pymortests.vectorarray" file="src/pymortests/vectorarray.py" line="791" name="test_add[compatible_vector_array_pair7-&lt;lambda&gt;22]" time="0.05235719680786133"></testcase><testcase classname="src.pymortests.vectorarray" file="src/pymortests/vectorarray.py" line="791" name="test_add[compatible_vector_array_pair7-&lt;lambda&gt;23]" time="0.003839254379272461"></testcase><testcase classname="src.pymortests.vectorarray" file="src/pymortests/vectorarray.py" line="791" name="test_add[compatible_vector_array_pair7-&lt;lambda&gt;24]" time="0.0014309883117675781"></testcase><testcase classname="src.pymortests.vectorarray" file="src/pymortests/vectorarray.py" line="791" name="test_add[compatible_vector_array_pair7-&lt;lambda&gt;25]" time="0.0023984909057617188"></testcase><testcase classname="src.pymortests.vectorarray" file="src/pymortests/vectorarray.py" line="791" name="test_add[compatible_vector_array_pair7-&lt;lambda&gt;26]" time="0.024411916732788086"></testcase><testcase classname="src.pymortests.vectorarray" file="src/pymortests/vectorarray.py" line="791" name="test_add[compatible_vector_array_pair7-&lt;lambda&gt;27]" time="0.12530875205993652"></testcase><testcase classname="src.pymortests.vectorarray" file="src/pymortests/vectorarray.py" line="791" name="test_add[compatible_vector_array_pair7-&lt;lambda&gt;28]" time="0.3282966613769531"></testcase><testcase classname="src.pymortests.vectorarray" file="src/pymortests/vectorarray.py" line="791" name="test_add[compatible_vector_array_pair7-&lt;lambda&gt;29]" time="0.009657144546508789"></testcase><testcase classname="src.pymortests.vectorarray" file="src/pymortests/vectorarray.py" line="791" name="test_add[compatible_vector_array_pair8-&lt;lambda&gt;0]" time="0.0016760826110839844"></testcase><testcase classname="src.pymortests.vectorarray" file="src/pymortests/vectorarray.py" line="791" name="test_add[compatible_vector_array_pair8-&lt;lambda&gt;1]" time="0.001547098159790039"></testcase><testcase classname="src.pymortests.vectorarray" file="src/pymortests/vectorarray.py" line="791" name="test_add[compatible_vector_array_pair8-&lt;lambda&gt;2]" time="0.0015361309051513672"></testcase><testcase classname="src.pymortests.vectorarray" file="src/pymortests/vectorarray.py" line="791" name="test_add[compatible_vector_array_pair8-&lt;lambda&gt;3]" time="0.001645803451538086"></testcase><testcase classname="src.pymortests.vectorarray" file="src/pymortests/vectorarray.py" line="791" name="test_add[compatible_vector_array_pair8-&lt;lambda&gt;4]" time="0.001692056655883789"></testcase><testcase classname="src.pymortests.vectorarray" file="src/pymortests/vectorarray.py" line="791" name="test_add[compatible_vector_array_pair8-&lt;lambda&gt;5]" time="0.0014891624450683594"></testcase><testcase classname="src.pymortests.vectorarray" file="src/pymortests/vectorarray.py" line="791" name="test_add[compatible_vector_array_pair8-&lt;lambda&gt;6]" time="0.0014498233795166016"></testcase><testcase classname="src.pymortests.vectorarray" file="src/pymortests/vectorarray.py" line="791" name="test_add[compatible_vector_array_pair8-&lt;lambda&gt;7]" time="0.0013954639434814453"></testcase><testcase classname="src.pymortests.vectorarray" file="src/pymortests/vectorarray.py" line="791" name="test_add[compatible_vector_array_pair8-&lt;lambda&gt;8]" time="0.00183868408203125"></testcase><testcase classname="src.pymortests.vectorarray" file="src/pymortests/vectorarray.py" line="791" name="test_add[compatible_vector_array_pair8-&lt;lambda&gt;9]" time="0.004843473434448242"></testcase><testcase classname="src.pymortests.vectorarray" file="src/pymortests/vectorarray.py" line="791" name="test_add[compatible_vector_array_pair8-&lt;lambda&gt;10]" time="0.009348630905151367"></testcase><testcase classname="src.pymortests.vectorarray" file="src/pymortests/vectorarray.py" line="791" name="test_add[compatible_vector_array_pair8-&lt;lambda&gt;11]" time="0.0017499923706054688"></testcase><testcase classname="src.pymortests.vectorarray" file="src/pymortests/vectorarray.py" line="791" name="test_add[compatible_vector_array_pair8-&lt;lambda&gt;12]" time="0.0018739700317382812"></testcase><testcase classname="src.pymortests.vectorarray" file="src/pymortests/vectorarray.py" line="791" name="test_add[compatible_vector_array_pair8-&lt;lambda&gt;13]" time="0.002063274383544922"></testcase><testcase classname="src.pymortests.vectorarray" file="src/pymortests/vectorarray.py" line="791" name="test_add[compatible_vector_array_pair8-&lt;lambda&gt;14]" time="0.001901388168334961"></testcase><testcase classname="src.pymortests.vectorarray" file="src/pymortests/vectorarray.py" line="791" name="test_add[compatible_vector_array_pair8-&lt;lambda&gt;15]" time="0.0022869110107421875"></testcase><testcase classname="src.pymortests.vectorarray" file="src/pymortests/vectorarray.py" line="791" name="test_add[compatible_vector_array_pair8-&lt;lambda&gt;16]" time="0.002577543258666992"></testcase><testcase classname="src.pymortests.vectorarray" file="src/pymortests/vectorarray.py" line="791" name="test_add[compatible_vector_array_pair8-&lt;lambda&gt;17]" time="0.002382516860961914"></testcase><testcase classname="src.pymortests.vectorarray" file="src/pymortests/vectorarray.py" line="791" name="test_add[compatible_vector_array_pair8-&lt;lambda&gt;18]" time="0.002174854278564453"></testcase><testcase classname="src.pymortests.vectorarray" file="src/pymortests/vectorarray.py" line="791" name="test_add[compatible_vector_array_pair8-&lt;lambda&gt;19]" time="0.002285003662109375"></testcase><testcase classname="src.pymortests.vectorarray" file="src/pymortests/vectorarray.py" line="791" name="test_add[compatible_vector_array_pair8-&lt;lambda&gt;20]" time="0.027523040771484375"></testcase><testcase classname="src.pymortests.vectorarray" file="src/pymortests/vectorarray.py" line="791" name="test_add[compatible_vector_array_pair8-&lt;lambda&gt;21]" time="0.01796102523803711"></testcase><testcase classname="src.pymortests.vectorarray" file="src/pymortests/vectorarray.py" line="791" name="test_add[compatible_vector_array_pair8-&lt;lambda&gt;22]" time="0.05080533027648926"></testcase><testcase classname="src.pymortests.vectorarray" file="src/pymortests/vectorarray.py" line="791" name="test_add[compatible_vector_array_pair8-&lt;lambda&gt;23]" time="0.0037713050842285156"></testcase><testcase classname="src.pymortests.vectorarray" file="src/pymortests/vectorarray.py" line="791" name="test_add[compatible_vector_array_pair8-&lt;lambda&gt;24]" time="0.0013933181762695312"></testcase><testcase classname="src.pymortests.vectorarray" file="src/pymortests/vectorarray.py" line="791" name="test_add[compatible_vector_array_pair8-&lt;lambda&gt;25]" time="0.0023157596588134766"></testcase><testcase classname="src.pymortests.vectorarray" file="src/pymortests/vectorarray.py" line="791" name="test_add[compatible_vector_array_pair8-&lt;lambda&gt;26]" time="0.023993730545043945"></testcase><testcase classname="src.pymortests.vectorarray" file="src/pymortests/vectorarray.py" line="791" name="test_add[compatible_vector_array_pair8-&lt;lambda&gt;27]" time="0.12283158302307129"></testcase><testcase classname="src.pymortests.vectorarray" file="src/pymortests/vectorarray.py" line="791" name="test_add[compatible_vector_array_pair8-&lt;lambda&gt;28]" time="0.3298299312591553"></testcase><testcase classname="src.pymortests.vectorarray" file="src/pymortests/vectorarray.py" line="791" name="test_add[compatible_vector_array_pair8-&lt;lambda&gt;29]" time="0.009715795516967773"></testcase><testcase classname="src.pymortests.vectorarray" file="src/pymortests/vectorarray.py" line="804" name="test_iadd[compatible_vector_array_pair0-&lt;lambda&gt;0]" time="0.0015246868133544922"></testcase><testcase classname="src.pymortests.vectorarray" file="src/pymortests/vectorarray.py" line="804" name="test_iadd[compatible_vector_array_pair0-&lt;lambda&gt;1]" time="0.0013995170593261719"></testcase><testcase classname="src.pymortests.vectorarray" file="src/pymortests/vectorarray.py" line="804" name="test_iadd[compatible_vector_array_pair0-&lt;lambda&gt;2]" time="0.0014019012451171875"></testcase><testcase classname="src.pymortests.vectorarray" file="src/pymortests/vectorarray.py" line="804" name="test_iadd[compatible_vector_array_pair0-&lt;lambda&gt;3]" time="0.0015103816986083984"></testcase><testcase classname="src.pymortests.vectorarray" file="src/pymortests/vectorarray.py" line="804" name="test_iadd[compatible_vector_array_pair0-&lt;lambda&gt;4]" time="0.0013873577117919922"></testcase><testcase classname="src.pymortests.vectorarray" file="src/pymortests/vectorarray.py" line="804" name="test_iadd[compatible_vector_array_pair0-&lt;lambda&gt;5]" time="0.0013070106506347656"></testcase><testcase classname="src.pymortests.vectorarray" file="src/pymortests/vectorarray.py" line="804" name="test_iadd[compatible_vector_array_pair0-&lt;lambda&gt;6]" time="0.0012710094451904297"></testcase><testcase classname="src.pymortests.vectorarray" file="src/pymortests/vectorarray.py" line="804" name="test_iadd[compatible_vector_array_pair0-&lt;lambda&gt;7]" time="0.0013561248779296875"></testcase><testcase classname="src.pymortests.vectorarray" file="src/pymortests/vectorarray.py" line="804" name="test_iadd[compatible_vector_array_pair0-&lt;lambda&gt;8]" time="0.001617431640625"></testcase><testcase classname="src.pymortests.vectorarray" file="src/pymortests/vectorarray.py" line="804" name="test_iadd[compatible_vector_array_pair0-&lt;lambda&gt;9]" time="0.0032312870025634766"></testcase><testcase classname="src.pymortests.vectorarray" file="src/pymortests/vectorarray.py" line="804" name="test_iadd[compatible_vector_array_pair0-&lt;lambda&gt;10]" time="0.005726814270019531"></testcase><testcase classname="src.pymortests.vectorarray" file="src/pymortests/vectorarray.py" line="804" name="test_iadd[compatible_vector_array_pair0-&lt;lambda&gt;11]" time="0.001468658447265625"></testcase><testcase classname="src.pymortests.vectorarray" file="src/pymortests/vectorarray.py" line="804" name="test_iadd[compatible_vector_array_pair0-&lt;lambda&gt;12]" time="0.0015950202941894531"></testcase><testcase classname="src.pymortests.vectorarray" file="src/pymortests/vectorarray.py" line="804" name="test_iadd[compatible_vector_array_pair0-&lt;lambda&gt;13]" time="0.001649618148803711"></testcase><testcase classname="src.pymortests.vectorarray" file="src/pymortests/vectorarray.py" line="804" name="test_iadd[compatible_vector_array_pair0-&lt;lambda&gt;14]" time="0.0017008781433105469"></testcase><testcase classname="src.pymortests.vectorarray" file="src/pymortests/vectorarray.py" line="804" name="test_iadd[compatible_vector_array_pair0-&lt;lambda&gt;15]" time="0.0018582344055175781"></testcase><testcase classname="src.pymortests.vectorarray" file="src/pymortests/vectorarray.py" line="804" name="test_iadd[compatible_vector_array_pair0-&lt;lambda&gt;16]" time="0.0020821094512939453"></testcase><testcase classname="src.pymortests.vectorarray" file="src/pymortests/vectorarray.py" line="804" name="test_iadd[compatible_vector_array_pair0-&lt;lambda&gt;17]" time="0.0019257068634033203"></testcase><testcase classname="src.pymortests.vectorarray" file="src/pymortests/vectorarray.py" line="804" name="test_iadd[compatible_vector_array_pair0-&lt;lambda&gt;18]" time="0.001992464065551758"></testcase><testcase classname="src.pymortests.vectorarray" file="src/pymortests/vectorarray.py" line="804" name="test_iadd[compatible_vector_array_pair0-&lt;lambda&gt;19]" time="0.0020961761474609375"></testcase><testcase classname="src.pymortests.vectorarray" file="src/pymortests/vectorarray.py" line="804" name="test_iadd[compatible_vector_array_pair0-&lt;lambda&gt;20]" time="0.02606987953186035"></testcase><testcase classname="src.pymortests.vectorarray" file="src/pymortests/vectorarray.py" line="804" name="test_iadd[compatible_vector_array_pair0-&lt;lambda&gt;21]" time="0.015728473663330078"></testcase><testcase classname="src.pymortests.vectorarray" file="src/pymortests/vectorarray.py" line="804" name="test_iadd[compatible_vector_array_pair0-&lt;lambda&gt;22]" time="0.04464435577392578"></testcase><testcase classname="src.pymortests.vectorarray" file="src/pymortests/vectorarray.py" line="804" name="test_iadd[compatible_vector_array_pair0-&lt;lambda&gt;23]" time="0.0036249160766601562"></testcase><testcase classname="src.pymortests.vectorarray" file="src/pymortests/vectorarray.py" line="804" name="test_iadd[compatible_vector_array_pair0-&lt;lambda&gt;24]" time="0.001314401626586914"></testcase><testcase classname="src.pymortests.vectorarray" file="src/pymortests/vectorarray.py" line="804" name="test_iadd[compatible_vector_array_pair0-&lt;lambda&gt;25]" time="0.0022373199462890625"></testcase><testcase classname="src.pymortests.vectorarray" file="src/pymortests/vectorarray.py" line="804" name="test_iadd[compatible_vector_array_pair0-&lt;lambda&gt;26]" time="0.022806882858276367"></testcase><testcase classname="src.pymortests.vectorarray" file="src/pymortests/vectorarray.py" line="804" name="test_iadd[compatible_vector_array_pair0-&lt;lambda&gt;27]" time="0.07772684097290039"></testcase><testcase classname="src.pymortests.vectorarray" file="src/pymortests/vectorarray.py" line="804" name="test_iadd[compatible_vector_array_pair0-&lt;lambda&gt;28]" time="0.22008895874023438"></testcase><testcase classname="src.pymortests.vectorarray" file="src/pymortests/vectorarray.py" line="804" name="test_iadd[compatible_vector_array_pair0-&lt;lambda&gt;29]" time="0.0073146820068359375"></testcase><testcase classname="src.pymortests.vectorarray" file="src/pymortests/vectorarray.py" line="804" name="test_iadd[compatible_vector_array_pair1-&lt;lambda&gt;0]" time="0.0014913082122802734"></testcase><testcase classname="src.pymortests.vectorarray" file="src/pymortests/vectorarray.py" line="804" name="test_iadd[compatible_vector_array_pair1-&lt;lambda&gt;1]" time="0.0015931129455566406"></testcase><testcase classname="src.pymortests.vectorarray" file="src/pymortests/vectorarray.py" line="804" name="test_iadd[compatible_vector_array_pair1-&lt;lambda&gt;2]" time="0.0015108585357666016"></testcase><testcase classname="src.pymortests.vectorarray" file="src/pymortests/vectorarray.py" line="804" name="test_iadd[compatible_vector_array_pair1-&lt;lambda&gt;3]" time="0.0016484260559082031"></testcase><testcase classname="src.pymortests.vectorarray" file="src/pymortests/vectorarray.py" line="804" name="test_iadd[compatible_vector_array_pair1-&lt;lambda&gt;4]" time="0.0015578269958496094"></testcase><testcase classname="src.pymortests.vectorarray" file="src/pymortests/vectorarray.py" line="804" name="test_iadd[compatible_vector_array_pair1-&lt;lambda&gt;5]" time="0.0013959407806396484"></testcase><testcase classname="src.pymortests.vectorarray" file="src/pymortests/vectorarray.py" line="804" name="test_iadd[compatible_vector_array_pair1-&lt;lambda&gt;6]" time="0.0013401508331298828"></testcase><testcase classname="src.pymortests.vectorarray" file="src/pymortests/vectorarray.py" line="804" name="test_iadd[compatible_vector_array_pair1-&lt;lambda&gt;7]" time="0.0013396739959716797"></testcase><testcase classname="src.pymortests.vectorarray" file="src/pymortests/vectorarray.py" line="804" name="test_iadd[compatible_vector_array_pair1-&lt;lambda&gt;8]" time="0.0017359256744384766"></testcase><testcase classname="src.pymortests.vectorarray" file="src/pymortests/vectorarray.py" line="804" name="test_iadd[compatible_vector_array_pair1-&lt;lambda&gt;9]" time="0.003432035446166992"></testcase><testcase classname="src.pymortests.vectorarray" file="src/pymortests/vectorarray.py" line="804" name="test_iadd[compatible_vector_array_pair1-&lt;lambda&gt;10]" time="0.006083250045776367"></testcase><testcase classname="src.pymortests.vectorarray" file="src/pymortests/vectorarray.py" line="804" name="test_iadd[compatible_vector_array_pair1-&lt;lambda&gt;11]" time="0.0015301704406738281"></testcase><testcase classname="src.pymortests.vectorarray" file="src/pymortests/vectorarray.py" line="804" name="test_iadd[compatible_vector_array_pair1-&lt;lambda&gt;12]" time="0.0016374588012695312"></testcase><testcase classname="src.pymortests.vectorarray" file="src/pymortests/vectorarray.py" line="804" name="test_iadd[compatible_vector_array_pair1-&lt;lambda&gt;13]" time="0.0018231868743896484"></testcase><testcase classname="src.pymortests.vectorarray" file="src/pymortests/vectorarray.py" line="804" name="test_iadd[compatible_vector_array_pair1-&lt;lambda&gt;14]" time="0.0017249584197998047"></testcase><testcase classname="src.pymortests.vectorarray" file="src/pymortests/vectorarray.py" line="804" name="test_iadd[compatible_vector_array_pair1-&lt;lambda&gt;15]" time="0.002007007598876953"></testcase><testcase classname="src.pymortests.vectorarray" file="src/pymortests/vectorarray.py" line="804" name="test_iadd[compatible_vector_array_pair1-&lt;lambda&gt;16]" time="0.0022127628326416016"></testcase><testcase classname="src.pymortests.vectorarray" file="src/pymortests/vectorarray.py" line="804" name="test_iadd[compatible_vector_array_pair1-&lt;lambda&gt;17]" time="0.0021085739135742188"></testcase><testcase classname="src.pymortests.vectorarray" file="src/pymortests/vectorarray.py" line="804" name="test_iadd[compatible_vector_array_pair1-&lt;lambda&gt;18]" time="0.0020346641540527344"></testcase><testcase classname="src.pymortests.vectorarray" file="src/pymortests/vectorarray.py" line="804" name="test_iadd[compatible_vector_array_pair1-&lt;lambda&gt;19]" time="0.0020732879638671875"></testcase><testcase classname="src.pymortests.vectorarray" file="src/pymortests/vectorarray.py" line="804" name="test_iadd[compatible_vector_array_pair1-&lt;lambda&gt;20]" time="0.026273727416992188"></testcase><testcase classname="src.pymortests.vectorarray" file="src/pymortests/vectorarray.py" line="804" name="test_iadd[compatible_vector_array_pair1-&lt;lambda&gt;21]" time="0.016155719757080078"></testcase><testcase classname="src.pymortests.vectorarray" file="src/pymortests/vectorarray.py" line="804" name="test_iadd[compatible_vector_array_pair1-&lt;lambda&gt;22]" time="0.04468345642089844"></testcase><testcase classname="src.pymortests.vectorarray" file="src/pymortests/vectorarray.py" line="804" name="test_iadd[compatible_vector_array_pair1-&lt;lambda&gt;23]" time="0.0036728382110595703"></testcase><testcase classname="src.pymortests.vectorarray" file="src/pymortests/vectorarray.py" line="804" name="test_iadd[compatible_vector_array_pair1-&lt;lambda&gt;24]" time="0.0013611316680908203"></testcase><testcase classname="src.pymortests.vectorarray" file="src/pymortests/vectorarray.py" line="804" name="test_iadd[compatible_vector_array_pair1-&lt;lambda&gt;25]" time="0.002328157424926758"></testcase><testcase classname="src.pymortests.vectorarray" file="src/pymortests/vectorarray.py" line="804" name="test_iadd[compatible_vector_array_pair1-&lt;lambda&gt;26]" time="0.02300715446472168"></testcase><testcase classname="src.pymortests.vectorarray" file="src/pymortests/vectorarray.py" line="804" name="test_iadd[compatible_vector_array_pair1-&lt;lambda&gt;27]" time="0.07774877548217773"></testcase><testcase classname="src.pymortests.vectorarray" file="src/pymortests/vectorarray.py" line="804" name="test_iadd[compatible_vector_array_pair1-&lt;lambda&gt;28]" time="0.2187938690185547"></testcase><testcase classname="src.pymortests.vectorarray" file="src/pymortests/vectorarray.py" line="804" name="test_iadd[compatible_vector_array_pair1-&lt;lambda&gt;29]" time="0.007344961166381836"></testcase><testcase classname="src.pymortests.vectorarray" file="src/pymortests/vectorarray.py" line="804" name="test_iadd[compatible_vector_array_pair2-&lt;lambda&gt;0]" time="0.0015177726745605469"></testcase><testcase classname="src.pymortests.vectorarray" file="src/pymortests/vectorarray.py" line="804" name="test_iadd[compatible_vector_array_pair2-&lt;lambda&gt;1]" time="0.0014553070068359375"></testcase><testcase classname="src.pymortests.vectorarray" file="src/pymortests/vectorarray.py" line="804" name="test_iadd[compatible_vector_array_pair2-&lt;lambda&gt;2]" time="0.0014569759368896484"></testcase><testcase classname="src.pymortests.vectorarray" file="src/pymortests/vectorarray.py" line="804" name="test_iadd[compatible_vector_array_pair2-&lt;lambda&gt;3]" time="0.0015189647674560547"></testcase><testcase classname="src.pymortests.vectorarray" file="src/pymortests/vectorarray.py" line="804" name="test_iadd[compatible_vector_array_pair2-&lt;lambda&gt;4]" time="0.0014204978942871094"></testcase><testcase classname="src.pymortests.vectorarray" file="src/pymortests/vectorarray.py" line="804" name="test_iadd[compatible_vector_array_pair2-&lt;lambda&gt;5]" time="0.0013251304626464844"></testcase><testcase classname="src.pymortests.vectorarray" file="src/pymortests/vectorarray.py" line="804" name="test_iadd[compatible_vector_array_pair2-&lt;lambda&gt;6]" time="0.0012974739074707031"></testcase><testcase classname="src.pymortests.vectorarray" file="src/pymortests/vectorarray.py" line="804" name="test_iadd[compatible_vector_array_pair2-&lt;lambda&gt;7]" time="0.0013346672058105469"></testcase><testcase classname="src.pymortests.vectorarray" file="src/pymortests/vectorarray.py" line="804" name="test_iadd[compatible_vector_array_pair2-&lt;lambda&gt;8]" time="0.0016138553619384766"></testcase><testcase classname="src.pymortests.vectorarray" file="src/pymortests/vectorarray.py" line="804" name="test_iadd[compatible_vector_array_pair2-&lt;lambda&gt;9]" time="0.004861354827880859"></testcase><testcase classname="src.pymortests.vectorarray" file="src/pymortests/vectorarray.py" line="804" name="test_iadd[compatible_vector_array_pair2-&lt;lambda&gt;10]" time="0.006248950958251953"></testcase><testcase classname="src.pymortests.vectorarray" file="src/pymortests/vectorarray.py" line="804" name="test_iadd[compatible_vector_array_pair2-&lt;lambda&gt;11]" time="0.0015532970428466797"></testcase><testcase classname="src.pymortests.vectorarray" file="src/pymortests/vectorarray.py" line="804" name="test_iadd[compatible_vector_array_pair2-&lt;lambda&gt;12]" time="0.0016398429870605469"></testcase><testcase classname="src.pymortests.vectorarray" file="src/pymortests/vectorarray.py" line="804" name="test_iadd[compatible_vector_array_pair2-&lt;lambda&gt;13]" time="0.0017504692077636719"></testcase><testcase classname="src.pymortests.vectorarray" file="src/pymortests/vectorarray.py" line="804" name="test_iadd[compatible_vector_array_pair2-&lt;lambda&gt;14]" time="0.0017266273498535156"></testcase><testcase classname="src.pymortests.vectorarray" file="src/pymortests/vectorarray.py" line="804" name="test_iadd[compatible_vector_array_pair2-&lt;lambda&gt;15]" time="0.002056121826171875"></testcase><testcase classname="src.pymortests.vectorarray" file="src/pymortests/vectorarray.py" line="804" name="test_iadd[compatible_vector_array_pair2-&lt;lambda&gt;16]" time="0.0023360252380371094"></testcase><testcase classname="src.pymortests.vectorarray" file="src/pymortests/vectorarray.py" line="804" name="test_iadd[compatible_vector_array_pair2-&lt;lambda&gt;17]" time="0.002224445343017578"></testcase><testcase classname="src.pymortests.vectorarray" file="src/pymortests/vectorarray.py" line="804" name="test_iadd[compatible_vector_array_pair2-&lt;lambda&gt;18]" time="0.0020661354064941406"></testcase><testcase classname="src.pymortests.vectorarray" file="src/pymortests/vectorarray.py" line="804" name="test_iadd[compatible_vector_array_pair2-&lt;lambda&gt;19]" time="0.002133607864379883"></testcase><testcase classname="src.pymortests.vectorarray" file="src/pymortests/vectorarray.py" line="804" name="test_iadd[compatible_vector_array_pair2-&lt;lambda&gt;20]" time="0.026845693588256836"></testcase><testcase classname="src.pymortests.vectorarray" file="src/pymortests/vectorarray.py" line="804" name="test_iadd[compatible_vector_array_pair2-&lt;lambda&gt;21]" time="0.015759706497192383"></testcase><testcase classname="src.pymortests.vectorarray" file="src/pymortests/vectorarray.py" line="804" name="test_iadd[compatible_vector_array_pair2-&lt;lambda&gt;22]" time="0.04528474807739258"></testcase><testcase classname="src.pymortests.vectorarray" file="src/pymortests/vectorarray.py" line="804" name="test_iadd[compatible_vector_array_pair2-&lt;lambda&gt;23]" time="0.003722667694091797"></testcase><testcase classname="src.pymortests.vectorarray" file="src/pymortests/vectorarray.py" line="804" name="test_iadd[compatible_vector_array_pair2-&lt;lambda&gt;24]" time="0.0014069080352783203"></testcase><testcase classname="src.pymortests.vectorarray" file="src/pymortests/vectorarray.py" line="804" name="test_iadd[compatible_vector_array_pair2-&lt;lambda&gt;25]" time="0.002360820770263672"></testcase><testcase classname="src.pymortests.vectorarray" file="src/pymortests/vectorarray.py" line="804" name="test_iadd[compatible_vector_array_pair2-&lt;lambda&gt;26]" time="0.02374720573425293"></testcase><testcase classname="src.pymortests.vectorarray" file="src/pymortests/vectorarray.py" line="804" name="test_iadd[compatible_vector_array_pair2-&lt;lambda&gt;27]" time="0.07787108421325684"></testcase><testcase classname="src.pymortests.vectorarray" file="src/pymortests/vectorarray.py" line="804" name="test_iadd[compatible_vector_array_pair2-&lt;lambda&gt;28]" time="0.21743440628051758"></testcase><testcase classname="src.pymortests.vectorarray" file="src/pymortests/vectorarray.py" line="804" name="test_iadd[compatible_vector_array_pair2-&lt;lambda&gt;29]" time="0.007567405700683594"></testcase><testcase classname="src.pymortests.vectorarray" file="src/pymortests/vectorarray.py" line="804" name="test_iadd[compatible_vector_array_pair3-&lt;lambda&gt;0]" time="0.0019974708557128906"></testcase><testcase classname="src.pymortests.vectorarray" file="src/pymortests/vectorarray.py" line="804" name="test_iadd[compatible_vector_array_pair3-&lt;lambda&gt;1]" time="0.0014262199401855469"></testcase><testcase classname="src.pymortests.vectorarray" file="src/pymortests/vectorarray.py" line="804" name="test_iadd[compatible_vector_array_pair3-&lt;lambda&gt;2]" time="0.0013971328735351562"></testcase><testcase classname="src.pymortests.vectorarray" file="src/pymortests/vectorarray.py" line="804" name="test_iadd[compatible_vector_array_pair3-&lt;lambda&gt;3]" time="0.0015079975128173828"></testcase><testcase classname="src.pymortests.vectorarray" file="src/pymortests/vectorarray.py" line="804" name="test_iadd[compatible_vector_array_pair3-&lt;lambda&gt;4]" time="0.001367330551147461"></testcase><testcase classname="src.pymortests.vectorarray" file="src/pymortests/vectorarray.py" line="804" name="test_iadd[compatible_vector_array_pair3-&lt;lambda&gt;5]" time="0.0014340877532958984"></testcase><testcase classname="src.pymortests.vectorarray" file="src/pymortests/vectorarray.py" line="804" name="test_iadd[compatible_vector_array_pair3-&lt;lambda&gt;6]" time="0.0012531280517578125"></testcase><testcase classname="src.pymortests.vectorarray" file="src/pymortests/vectorarray.py" line="804" name="test_iadd[compatible_vector_array_pair3-&lt;lambda&gt;7]" time="0.0012657642364501953"></testcase><testcase classname="src.pymortests.vectorarray" file="src/pymortests/vectorarray.py" line="804" name="test_iadd[compatible_vector_array_pair3-&lt;lambda&gt;8]" time="0.0015676021575927734"></testcase><testcase classname="src.pymortests.vectorarray" file="src/pymortests/vectorarray.py" line="804" name="test_iadd[compatible_vector_array_pair3-&lt;lambda&gt;9]" time="0.0036025047302246094"></testcase><testcase classname="src.pymortests.vectorarray" file="src/pymortests/vectorarray.py" line="804" name="test_iadd[compatible_vector_array_pair3-&lt;lambda&gt;10]" time="0.006370067596435547"></testcase><testcase classname="src.pymortests.vectorarray" file="src/pymortests/vectorarray.py" line="804" name="test_iadd[compatible_vector_array_pair3-&lt;lambda&gt;11]" time="0.0014858245849609375"></testcase><testcase classname="src.pymortests.vectorarray" file="src/pymortests/vectorarray.py" line="804" name="test_iadd[compatible_vector_array_pair3-&lt;lambda&gt;12]" time="0.0016450881958007812"></testcase><testcase classname="src.pymortests.vectorarray" file="src/pymortests/vectorarray.py" line="804" name="test_iadd[compatible_vector_array_pair3-&lt;lambda&gt;13]" time="0.0017290115356445312"></testcase><testcase classname="src.pymortests.vectorarray" file="src/pymortests/vectorarray.py" line="804" name="test_iadd[compatible_vector_array_pair3-&lt;lambda&gt;14]" time="0.0017197132110595703"></testcase><testcase classname="src.pymortests.vectorarray" file="src/pymortests/vectorarray.py" line="804" name="test_iadd[compatible_vector_array_pair3-&lt;lambda&gt;15]" time="0.0019130706787109375"></testcase><testcase classname="src.pymortests.vectorarray" file="src/pymortests/vectorarray.py" line="804" name="test_iadd[compatible_vector_array_pair3-&lt;lambda&gt;16]" time="0.0021779537200927734"></testcase><testcase classname="src.pymortests.vectorarray" file="src/pymortests/vectorarray.py" line="804" name="test_iadd[compatible_vector_array_pair3-&lt;lambda&gt;17]" time="0.0020339488983154297"></testcase><testcase classname="src.pymortests.vectorarray" file="src/pymortests/vectorarray.py" line="804" name="test_iadd[compatible_vector_array_pair3-&lt;lambda&gt;18]" time="0.0019712448120117188"></testcase><testcase classname="src.pymortests.vectorarray" file="src/pymortests/vectorarray.py" line="804" name="test_iadd[compatible_vector_array_pair3-&lt;lambda&gt;19]" time="0.0020377635955810547"></testcase><testcase classname="src.pymortests.vectorarray" file="src/pymortests/vectorarray.py" line="804" name="test_iadd[compatible_vector_array_pair3-&lt;lambda&gt;20]" time="0.026352405548095703"></testcase><testcase classname="src.pymortests.vectorarray" file="src/pymortests/vectorarray.py" line="804" name="test_iadd[compatible_vector_array_pair3-&lt;lambda&gt;21]" time="0.017601728439331055"></testcase><testcase classname="src.pymortests.vectorarray" file="src/pymortests/vectorarray.py" line="804" name="test_iadd[compatible_vector_array_pair3-&lt;lambda&gt;22]" time="0.04653334617614746"></testcase><testcase classname="src.pymortests.vectorarray" file="src/pymortests/vectorarray.py" line="804" name="test_iadd[compatible_vector_array_pair3-&lt;lambda&gt;23]" time="0.0035736560821533203"></testcase><testcase classname="src.pymortests.vectorarray" file="src/pymortests/vectorarray.py" line="804" name="test_iadd[compatible_vector_array_pair3-&lt;lambda&gt;24]" time="0.0013608932495117188"></testcase><testcase classname="src.pymortests.vectorarray" file="src/pymortests/vectorarray.py" line="804" name="test_iadd[compatible_vector_array_pair3-&lt;lambda&gt;25]" time="0.0022089481353759766"></testcase><testcase classname="src.pymortests.vectorarray" file="src/pymortests/vectorarray.py" line="804" name="test_iadd[compatible_vector_array_pair3-&lt;lambda&gt;26]" time="0.023786544799804688"></testcase><testcase classname="src.pymortests.vectorarray" file="src/pymortests/vectorarray.py" line="804" name="test_iadd[compatible_vector_array_pair3-&lt;lambda&gt;27]" time="0.09886622428894043"></testcase><testcase classname="src.pymortests.vectorarray" file="src/pymortests/vectorarray.py" line="804" name="test_iadd[compatible_vector_array_pair3-&lt;lambda&gt;28]" time="0.2696850299835205"></testcase><testcase classname="src.pymortests.vectorarray" file="src/pymortests/vectorarray.py" line="804" name="test_iadd[compatible_vector_array_pair3-&lt;lambda&gt;29]" time="0.00905752182006836"></testcase><testcase classname="src.pymortests.vectorarray" file="src/pymortests/vectorarray.py" line="804" name="test_iadd[compatible_vector_array_pair4-&lt;lambda&gt;0]" time="0.0020732879638671875"></testcase><testcase classname="src.pymortests.vectorarray" file="src/pymortests/vectorarray.py" line="804" name="test_iadd[compatible_vector_array_pair4-&lt;lambda&gt;1]" time="0.0015413761138916016"></testcase><testcase classname="src.pymortests.vectorarray" file="src/pymortests/vectorarray.py" line="804" name="test_iadd[compatible_vector_array_pair4-&lt;lambda&gt;2]" time="0.0014190673828125"></testcase><testcase classname="src.pymortests.vectorarray" file="src/pymortests/vectorarray.py" line="804" name="test_iadd[compatible_vector_array_pair4-&lt;lambda&gt;3]" time="0.0015254020690917969"></testcase><testcase classname="src.pymortests.vectorarray" file="src/pymortests/vectorarray.py" line="804" name="test_iadd[compatible_vector_array_pair4-&lt;lambda&gt;4]" time="0.0014569759368896484"></testcase><testcase classname="src.pymortests.vectorarray" file="src/pymortests/vectorarray.py" line="804" name="test_iadd[compatible_vector_array_pair4-&lt;lambda&gt;5]" time="0.0013210773468017578"></testcase><testcase classname="src.pymortests.vectorarray" file="src/pymortests/vectorarray.py" line="804" name="test_iadd[compatible_vector_array_pair4-&lt;lambda&gt;6]" time="0.0012962818145751953"></testcase><testcase classname="src.pymortests.vectorarray" file="src/pymortests/vectorarray.py" line="804" name="test_iadd[compatible_vector_array_pair4-&lt;lambda&gt;7]" time="0.001293182373046875"></testcase><testcase classname="src.pymortests.vectorarray" file="src/pymortests/vectorarray.py" line="804" name="test_iadd[compatible_vector_array_pair4-&lt;lambda&gt;8]" time="0.0016884803771972656"></testcase><testcase classname="src.pymortests.vectorarray" file="src/pymortests/vectorarray.py" line="804" name="test_iadd[compatible_vector_array_pair4-&lt;lambda&gt;9]" time="0.0040819644927978516"></testcase><testcase classname="src.pymortests.vectorarray" file="src/pymortests/vectorarray.py" line="804" name="test_iadd[compatible_vector_array_pair4-&lt;lambda&gt;10]" time="0.0065326690673828125"></testcase><testcase classname="src.pymortests.vectorarray" file="src/pymortests/vectorarray.py" line="804" name="test_iadd[compatible_vector_array_pair4-&lt;lambda&gt;11]" time="0.0015494823455810547"></testcase><testcase classname="src.pymortests.vectorarray" file="src/pymortests/vectorarray.py" line="804" name="test_iadd[compatible_vector_array_pair4-&lt;lambda&gt;12]" time="0.0018019676208496094"></testcase><testcase classname="src.pymortests.vectorarray" file="src/pymortests/vectorarray.py" line="804" name="test_iadd[compatible_vector_array_pair4-&lt;lambda&gt;13]" time="0.0018248558044433594"></testcase><testcase classname="src.pymortests.vectorarray" file="src/pymortests/vectorarray.py" line="804" name="test_iadd[compatible_vector_array_pair4-&lt;lambda&gt;14]" time="0.0017101764678955078"></testcase><testcase classname="src.pymortests.vectorarray" file="src/pymortests/vectorarray.py" line="804" name="test_iadd[compatible_vector_array_pair4-&lt;lambda&gt;15]" time="0.002112865447998047"></testcase><testcase classname="src.pymortests.vectorarray" file="src/pymortests/vectorarray.py" line="804" name="test_iadd[compatible_vector_array_pair4-&lt;lambda&gt;16]" time="0.002364635467529297"></testcase><testcase classname="src.pymortests.vectorarray" file="src/pymortests/vectorarray.py" line="804" name="test_iadd[compatible_vector_array_pair4-&lt;lambda&gt;17]" time="0.0021457672119140625"></testcase><testcase classname="src.pymortests.vectorarray" file="src/pymortests/vectorarray.py" line="804" name="test_iadd[compatible_vector_array_pair4-&lt;lambda&gt;18]" time="0.0020322799682617188"></testcase><testcase classname="src.pymortests.vectorarray" file="src/pymortests/vectorarray.py" line="804" name="test_iadd[compatible_vector_array_pair4-&lt;lambda&gt;19]" time="0.002092599868774414"></testcase><testcase classname="src.pymortests.vectorarray" file="src/pymortests/vectorarray.py" line="804" name="test_iadd[compatible_vector_array_pair4-&lt;lambda&gt;20]" time="0.026467561721801758"></testcase><testcase classname="src.pymortests.vectorarray" file="src/pymortests/vectorarray.py" line="804" name="test_iadd[compatible_vector_array_pair4-&lt;lambda&gt;21]" time="0.017308950424194336"></testcase><testcase classname="src.pymortests.vectorarray" file="src/pymortests/vectorarray.py" line="804" name="test_iadd[compatible_vector_array_pair4-&lt;lambda&gt;22]" time="0.046643972396850586"></testcase><testcase classname="src.pymortests.vectorarray" file="src/pymortests/vectorarray.py" line="804" name="test_iadd[compatible_vector_array_pair4-&lt;lambda&gt;23]" time="0.0036301612854003906"></testcase><testcase classname="src.pymortests.vectorarray" file="src/pymortests/vectorarray.py" line="804" name="test_iadd[compatible_vector_array_pair4-&lt;lambda&gt;24]" time="0.001355886459350586"></testcase><testcase classname="src.pymortests.vectorarray" file="src/pymortests/vectorarray.py" line="804" name="test_iadd[compatible_vector_array_pair4-&lt;lambda&gt;25]" time="0.002301454544067383"></testcase><testcase classname="src.pymortests.vectorarray" file="src/pymortests/vectorarray.py" line="804" name="test_iadd[compatible_vector_array_pair4-&lt;lambda&gt;26]" time="0.023749351501464844"></testcase><testcase classname="src.pymortests.vectorarray" file="src/pymortests/vectorarray.py" line="804" name="test_iadd[compatible_vector_array_pair4-&lt;lambda&gt;27]" time="0.10176229476928711"></testcase><testcase classname="src.pymortests.vectorarray" file="src/pymortests/vectorarray.py" line="804" name="test_iadd[compatible_vector_array_pair4-&lt;lambda&gt;28]" time="0.27014684677124023"></testcase><testcase classname="src.pymortests.vectorarray" file="src/pymortests/vectorarray.py" line="804" name="test_iadd[compatible_vector_array_pair4-&lt;lambda&gt;29]" time="0.008334159851074219"></testcase><testcase classname="src.pymortests.vectorarray" file="src/pymortests/vectorarray.py" line="804" name="test_iadd[compatible_vector_array_pair5-&lt;lambda&gt;0]" time="0.0020551681518554688"></testcase><testcase classname="src.pymortests.vectorarray" file="src/pymortests/vectorarray.py" line="804" name="test_iadd[compatible_vector_array_pair5-&lt;lambda&gt;1]" time="0.0015120506286621094"></testcase><testcase classname="src.pymortests.vectorarray" file="src/pymortests/vectorarray.py" line="804" name="test_iadd[compatible_vector_array_pair5-&lt;lambda&gt;2]" time="0.0014562606811523438"></testcase><testcase classname="src.pymortests.vectorarray" file="src/pymortests/vectorarray.py" line="804" name="test_iadd[compatible_vector_array_pair5-&lt;lambda&gt;3]" time="0.0015304088592529297"></testcase><testcase classname="src.pymortests.vectorarray" file="src/pymortests/vectorarray.py" line="804" name="test_iadd[compatible_vector_array_pair5-&lt;lambda&gt;4]" time="0.0014462471008300781"></testcase><testcase classname="src.pymortests.vectorarray" file="src/pymortests/vectorarray.py" line="804" name="test_iadd[compatible_vector_array_pair5-&lt;lambda&gt;5]" time="0.0014240741729736328"></testcase><testcase classname="src.pymortests.vectorarray" file="src/pymortests/vectorarray.py" line="804" name="test_iadd[compatible_vector_array_pair5-&lt;lambda&gt;6]" time="0.0012996196746826172"></testcase><testcase classname="src.pymortests.vectorarray" file="src/pymortests/vectorarray.py" line="804" name="test_iadd[compatible_vector_array_pair5-&lt;lambda&gt;7]" time="0.0012845993041992188"></testcase><testcase classname="src.pymortests.vectorarray" file="src/pymortests/vectorarray.py" line="804" name="test_iadd[compatible_vector_array_pair5-&lt;lambda&gt;8]" time="0.0016522407531738281"></testcase><testcase classname="src.pymortests.vectorarray" file="src/pymortests/vectorarray.py" line="804" name="test_iadd[compatible_vector_array_pair5-&lt;lambda&gt;9]" time="0.003595590591430664"></testcase><testcase classname="src.pymortests.vectorarray" file="src/pymortests/vectorarray.py" line="804" name="test_iadd[compatible_vector_array_pair5-&lt;lambda&gt;10]" time="0.006602287292480469"></testcase><testcase classname="src.pymortests.vectorarray" file="src/pymortests/vectorarray.py" line="804" name="test_iadd[compatible_vector_array_pair5-&lt;lambda&gt;11]" time="0.001508474349975586"></testcase><testcase classname="src.pymortests.vectorarray" file="src/pymortests/vectorarray.py" line="804" name="test_iadd[compatible_vector_array_pair5-&lt;lambda&gt;12]" time="0.0016255378723144531"></testcase><testcase classname="src.pymortests.vectorarray" file="src/pymortests/vectorarray.py" line="804" name="test_iadd[compatible_vector_array_pair5-&lt;lambda&gt;13]" time="0.0017371177673339844"></testcase><testcase classname="src.pymortests.vectorarray" file="src/pymortests/vectorarray.py" line="804" name="test_iadd[compatible_vector_array_pair5-&lt;lambda&gt;14]" time="0.0017304420471191406"></testcase><testcase classname="src.pymortests.vectorarray" file="src/pymortests/vectorarray.py" line="804" name="test_iadd[compatible_vector_array_pair5-&lt;lambda&gt;15]" time="0.002019166946411133"></testcase><testcase classname="src.pymortests.vectorarray" file="src/pymortests/vectorarray.py" line="804" name="test_iadd[compatible_vector_array_pair5-&lt;lambda&gt;16]" time="0.002300739288330078"></testcase><testcase classname="src.pymortests.vectorarray" file="src/pymortests/vectorarray.py" line="804" name="test_iadd[compatible_vector_array_pair5-&lt;lambda&gt;17]" time="0.002076864242553711"></testcase><testcase classname="src.pymortests.vectorarray" file="src/pymortests/vectorarray.py" line="804" name="test_iadd[compatible_vector_array_pair5-&lt;lambda&gt;18]" time="0.001990795135498047"></testcase><testcase classname="src.pymortests.vectorarray" file="src/pymortests/vectorarray.py" line="804" name="test_iadd[compatible_vector_array_pair5-&lt;lambda&gt;19]" time="0.0020601749420166016"></testcase><testcase classname="src.pymortests.vectorarray" file="src/pymortests/vectorarray.py" line="804" name="test_iadd[compatible_vector_array_pair5-&lt;lambda&gt;20]" time="0.02682352066040039"></testcase><testcase classname="src.pymortests.vectorarray" file="src/pymortests/vectorarray.py" line="804" name="test_iadd[compatible_vector_array_pair5-&lt;lambda&gt;21]" time="0.016247034072875977"></testcase><testcase classname="src.pymortests.vectorarray" file="src/pymortests/vectorarray.py" line="804" name="test_iadd[compatible_vector_array_pair5-&lt;lambda&gt;22]" time="0.046953439712524414"></testcase><testcase classname="src.pymortests.vectorarray" file="src/pymortests/vectorarray.py" line="804" name="test_iadd[compatible_vector_array_pair5-&lt;lambda&gt;23]" time="0.0035779476165771484"></testcase><testcase classname="src.pymortests.vectorarray" file="src/pymortests/vectorarray.py" line="804" name="test_iadd[compatible_vector_array_pair5-&lt;lambda&gt;24]" time="0.0013697147369384766"></testcase><testcase classname="src.pymortests.vectorarray" file="src/pymortests/vectorarray.py" line="804" name="test_iadd[compatible_vector_array_pair5-&lt;lambda&gt;25]" time="0.002218008041381836"></testcase><testcase classname="src.pymortests.vectorarray" file="src/pymortests/vectorarray.py" line="804" name="test_iadd[compatible_vector_array_pair5-&lt;lambda&gt;26]" time="0.02503347396850586"></testcase><testcase classname="src.pymortests.vectorarray" file="src/pymortests/vectorarray.py" line="804" name="test_iadd[compatible_vector_array_pair5-&lt;lambda&gt;27]" time="0.10088920593261719"></testcase><testcase classname="src.pymortests.vectorarray" file="src/pymortests/vectorarray.py" line="804" name="test_iadd[compatible_vector_array_pair5-&lt;lambda&gt;28]" time="0.26961302757263184"></testcase><testcase classname="src.pymortests.vectorarray" file="src/pymortests/vectorarray.py" line="804" name="test_iadd[compatible_vector_array_pair5-&lt;lambda&gt;29]" time="0.008344173431396484"></testcase><testcase classname="src.pymortests.vectorarray" file="src/pymortests/vectorarray.py" line="804" name="test_iadd[compatible_vector_array_pair6-&lt;lambda&gt;0]" time="0.0015552043914794922"></testcase><testcase classname="src.pymortests.vectorarray" file="src/pymortests/vectorarray.py" line="804" name="test_iadd[compatible_vector_array_pair6-&lt;lambda&gt;1]" time="0.0014967918395996094"></testcase><testcase classname="src.pymortests.vectorarray" file="src/pymortests/vectorarray.py" line="804" name="test_iadd[compatible_vector_array_pair6-&lt;lambda&gt;2]" time="0.0014486312866210938"></testcase><testcase classname="src.pymortests.vectorarray" file="src/pymortests/vectorarray.py" line="804" name="test_iadd[compatible_vector_array_pair6-&lt;lambda&gt;3]" time="0.0015323162078857422"></testcase><testcase classname="src.pymortests.vectorarray" file="src/pymortests/vectorarray.py" line="804" name="test_iadd[compatible_vector_array_pair6-&lt;lambda&gt;4]" time="0.0014495849609375"></testcase><testcase classname="src.pymortests.vectorarray" file="src/pymortests/vectorarray.py" line="804" name="test_iadd[compatible_vector_array_pair6-&lt;lambda&gt;5]" time="0.0013508796691894531"></testcase><testcase classname="src.pymortests.vectorarray" file="src/pymortests/vectorarray.py" line="804" name="test_iadd[compatible_vector_array_pair6-&lt;lambda&gt;6]" time="0.0013318061828613281"></testcase><testcase classname="src.pymortests.vectorarray" file="src/pymortests/vectorarray.py" line="804" name="test_iadd[compatible_vector_array_pair6-&lt;lambda&gt;7]" time="0.0012965202331542969"></testcase><testcase classname="src.pymortests.vectorarray" file="src/pymortests/vectorarray.py" line="804" name="test_iadd[compatible_vector_array_pair6-&lt;lambda&gt;8]" time="0.0015606880187988281"></testcase><testcase classname="src.pymortests.vectorarray" file="src/pymortests/vectorarray.py" line="804" name="test_iadd[compatible_vector_array_pair6-&lt;lambda&gt;9]" time="0.003870248794555664"></testcase><testcase classname="src.pymortests.vectorarray" file="src/pymortests/vectorarray.py" line="804" name="test_iadd[compatible_vector_array_pair6-&lt;lambda&gt;10]" time="0.006236553192138672"></testcase><testcase classname="src.pymortests.vectorarray" file="src/pymortests/vectorarray.py" line="804" name="test_iadd[compatible_vector_array_pair6-&lt;lambda&gt;11]" time="0.001566171646118164"></testcase><testcase classname="src.pymortests.vectorarray" file="src/pymortests/vectorarray.py" line="804" name="test_iadd[compatible_vector_array_pair6-&lt;lambda&gt;12]" time="0.0016551017761230469"></testcase><testcase classname="src.pymortests.vectorarray" file="src/pymortests/vectorarray.py" line="804" name="test_iadd[compatible_vector_array_pair6-&lt;lambda&gt;13]" time="0.0018038749694824219"></testcase><testcase classname="src.pymortests.vectorarray" file="src/pymortests/vectorarray.py" line="804" name="test_iadd[compatible_vector_array_pair6-&lt;lambda&gt;14]" time="0.0017392635345458984"></testcase><testcase classname="src.pymortests.vectorarray" file="src/pymortests/vectorarray.py" line="804" name="test_iadd[compatible_vector_array_pair6-&lt;lambda&gt;15]" time="0.0019872188568115234"></testcase><testcase classname="src.pymortests.vectorarray" file="src/pymortests/vectorarray.py" line="804" name="test_iadd[compatible_vector_array_pair6-&lt;lambda&gt;16]" time="0.002220630645751953"></testcase><testcase classname="src.pymortests.vectorarray" file="src/pymortests/vectorarray.py" line="804" name="test_iadd[compatible_vector_array_pair6-&lt;lambda&gt;17]" time="0.002015829086303711"></testcase><testcase classname="src.pymortests.vectorarray" file="src/pymortests/vectorarray.py" line="804" name="test_iadd[compatible_vector_array_pair6-&lt;lambda&gt;18]" time="0.002013683319091797"></testcase><testcase classname="src.pymortests.vectorarray" file="src/pymortests/vectorarray.py" line="804" name="test_iadd[compatible_vector_array_pair6-&lt;lambda&gt;19]" time="0.0020825862884521484"></testcase><testcase classname="src.pymortests.vectorarray" file="src/pymortests/vectorarray.py" line="804" name="test_iadd[compatible_vector_array_pair6-&lt;lambda&gt;20]" time="0.026093482971191406"></testcase><testcase classname="src.pymortests.vectorarray" file="src/pymortests/vectorarray.py" line="804" name="test_iadd[compatible_vector_array_pair6-&lt;lambda&gt;21]" time="0.016802549362182617"></testcase><testcase classname="src.pymortests.vectorarray" file="src/pymortests/vectorarray.py" line="804" name="test_iadd[compatible_vector_array_pair6-&lt;lambda&gt;22]" time="0.04606008529663086"></testcase><testcase classname="src.pymortests.vectorarray" file="src/pymortests/vectorarray.py" line="804" name="test_iadd[compatible_vector_array_pair6-&lt;lambda&gt;23]" time="0.0037202835083007812"></testcase><testcase classname="src.pymortests.vectorarray" file="src/pymortests/vectorarray.py" line="804" name="test_iadd[compatible_vector_array_pair6-&lt;lambda&gt;24]" time="0.0013306140899658203"></testcase><testcase classname="src.pymortests.vectorarray" file="src/pymortests/vectorarray.py" line="804" name="test_iadd[compatible_vector_array_pair6-&lt;lambda&gt;25]" time="0.0022764205932617188"></testcase><testcase classname="src.pymortests.vectorarray" file="src/pymortests/vectorarray.py" line="804" name="test_iadd[compatible_vector_array_pair6-&lt;lambda&gt;26]" time="0.023370027542114258"></testcase><testcase classname="src.pymortests.vectorarray" file="src/pymortests/vectorarray.py" line="804" name="test_iadd[compatible_vector_array_pair6-&lt;lambda&gt;27]" time="0.10029888153076172"></testcase><testcase classname="src.pymortests.vectorarray" file="src/pymortests/vectorarray.py" line="804" name="test_iadd[compatible_vector_array_pair6-&lt;lambda&gt;28]" time="0.2687382698059082"></testcase><testcase classname="src.pymortests.vectorarray" file="src/pymortests/vectorarray.py" line="804" name="test_iadd[compatible_vector_array_pair6-&lt;lambda&gt;29]" time="0.00855398178100586"></testcase><testcase classname="src.pymortests.vectorarray" file="src/pymortests/vectorarray.py" line="804" name="test_iadd[compatible_vector_array_pair7-&lt;lambda&gt;0]" time="0.0015676021575927734"></testcase><testcase classname="src.pymortests.vectorarray" file="src/pymortests/vectorarray.py" line="804" name="test_iadd[compatible_vector_array_pair7-&lt;lambda&gt;1]" time="0.0016965866088867188"></testcase><testcase classname="src.pymortests.vectorarray" file="src/pymortests/vectorarray.py" line="804" name="test_iadd[compatible_vector_array_pair7-&lt;lambda&gt;2]" time="0.0014972686767578125"></testcase><testcase classname="src.pymortests.vectorarray" file="src/pymortests/vectorarray.py" line="804" name="test_iadd[compatible_vector_array_pair7-&lt;lambda&gt;3]" time="0.0015988349914550781"></testcase><testcase classname="src.pymortests.vectorarray" file="src/pymortests/vectorarray.py" line="804" name="test_iadd[compatible_vector_array_pair7-&lt;lambda&gt;4]" time="0.0015757083892822266"></testcase><testcase classname="src.pymortests.vectorarray" file="src/pymortests/vectorarray.py" line="804" name="test_iadd[compatible_vector_array_pair7-&lt;lambda&gt;5]" time="0.0013909339904785156"></testcase><testcase classname="src.pymortests.vectorarray" file="src/pymortests/vectorarray.py" line="804" name="test_iadd[compatible_vector_array_pair7-&lt;lambda&gt;6]" time="0.0013353824615478516"></testcase><testcase classname="src.pymortests.vectorarray" file="src/pymortests/vectorarray.py" line="804" name="test_iadd[compatible_vector_array_pair7-&lt;lambda&gt;7]" time="0.0013778209686279297"></testcase><testcase classname="src.pymortests.vectorarray" file="src/pymortests/vectorarray.py" line="804" name="test_iadd[compatible_vector_array_pair7-&lt;lambda&gt;8]" time="0.0017101764678955078"></testcase><testcase classname="src.pymortests.vectorarray" file="src/pymortests/vectorarray.py" line="804" name="test_iadd[compatible_vector_array_pair7-&lt;lambda&gt;9]" time="0.003622770309448242"></testcase><testcase classname="src.pymortests.vectorarray" file="src/pymortests/vectorarray.py" line="804" name="test_iadd[compatible_vector_array_pair7-&lt;lambda&gt;10]" time="0.006674289703369141"></testcase><testcase classname="src.pymortests.vectorarray" file="src/pymortests/vectorarray.py" line="804" name="test_iadd[compatible_vector_array_pair7-&lt;lambda&gt;11]" time="0.001617431640625"></testcase><testcase classname="src.pymortests.vectorarray" file="src/pymortests/vectorarray.py" line="804" name="test_iadd[compatible_vector_array_pair7-&lt;lambda&gt;12]" time="0.0018548965454101562"></testcase><testcase classname="src.pymortests.vectorarray" file="src/pymortests/vectorarray.py" line="804" name="test_iadd[compatible_vector_array_pair7-&lt;lambda&gt;13]" time="0.0018761157989501953"></testcase><testcase classname="src.pymortests.vectorarray" file="src/pymortests/vectorarray.py" line="804" name="test_iadd[compatible_vector_array_pair7-&lt;lambda&gt;14]" time="0.0017545223236083984"></testcase><testcase classname="src.pymortests.vectorarray" file="src/pymortests/vectorarray.py" line="804" name="test_iadd[compatible_vector_array_pair7-&lt;lambda&gt;15]" time="0.002088308334350586"></testcase><testcase classname="src.pymortests.vectorarray" file="src/pymortests/vectorarray.py" line="804" name="test_iadd[compatible_vector_array_pair7-&lt;lambda&gt;16]" time="0.002393484115600586"></testcase><testcase classname="src.pymortests.vectorarray" file="src/pymortests/vectorarray.py" line="804" name="test_iadd[compatible_vector_array_pair7-&lt;lambda&gt;17]" time="0.002181529998779297"></testcase><testcase classname="src.pymortests.vectorarray" file="src/pymortests/vectorarray.py" line="804" name="test_iadd[compatible_vector_array_pair7-&lt;lambda&gt;18]" time="0.0020508766174316406"></testcase><testcase classname="src.pymortests.vectorarray" file="src/pymortests/vectorarray.py" line="804" name="test_iadd[compatible_vector_array_pair7-&lt;lambda&gt;19]" time="0.002062559127807617"></testcase><testcase classname="src.pymortests.vectorarray" file="src/pymortests/vectorarray.py" line="804" name="test_iadd[compatible_vector_array_pair7-&lt;lambda&gt;20]" time="0.027022361755371094"></testcase><testcase classname="src.pymortests.vectorarray" file="src/pymortests/vectorarray.py" line="804" name="test_iadd[compatible_vector_array_pair7-&lt;lambda&gt;21]" time="0.01694512367248535"></testcase><testcase classname="src.pymortests.vectorarray" file="src/pymortests/vectorarray.py" line="804" name="test_iadd[compatible_vector_array_pair7-&lt;lambda&gt;22]" time="0.04887270927429199"></testcase><testcase classname="src.pymortests.vectorarray" file="src/pymortests/vectorarray.py" line="804" name="test_iadd[compatible_vector_array_pair7-&lt;lambda&gt;23]" time="0.003808736801147461"></testcase><testcase classname="src.pymortests.vectorarray" file="src/pymortests/vectorarray.py" line="804" name="test_iadd[compatible_vector_array_pair7-&lt;lambda&gt;24]" time="0.0014755725860595703"></testcase><testcase classname="src.pymortests.vectorarray" file="src/pymortests/vectorarray.py" line="804" name="test_iadd[compatible_vector_array_pair7-&lt;lambda&gt;25]" time="0.002399921417236328"></testcase><testcase classname="src.pymortests.vectorarray" file="src/pymortests/vectorarray.py" line="804" name="test_iadd[compatible_vector_array_pair7-&lt;lambda&gt;26]" time="0.023984670639038086"></testcase><testcase classname="src.pymortests.vectorarray" file="src/pymortests/vectorarray.py" line="804" name="test_iadd[compatible_vector_array_pair7-&lt;lambda&gt;27]" time="0.10263776779174805"></testcase><testcase classname="src.pymortests.vectorarray" file="src/pymortests/vectorarray.py" line="804" name="test_iadd[compatible_vector_array_pair7-&lt;lambda&gt;28]" time="0.2808675765991211"></testcase><testcase classname="src.pymortests.vectorarray" file="src/pymortests/vectorarray.py" line="804" name="test_iadd[compatible_vector_array_pair7-&lt;lambda&gt;29]" time="0.009596109390258789"></testcase><testcase classname="src.pymortests.vectorarray" file="src/pymortests/vectorarray.py" line="804" name="test_iadd[compatible_vector_array_pair8-&lt;lambda&gt;0]" time="0.0021820068359375"></testcase><testcase classname="src.pymortests.vectorarray" file="src/pymortests/vectorarray.py" line="804" name="test_iadd[compatible_vector_array_pair8-&lt;lambda&gt;1]" time="0.0017604827880859375"></testcase><testcase classname="src.pymortests.vectorarray" file="src/pymortests/vectorarray.py" line="804" name="test_iadd[compatible_vector_array_pair8-&lt;lambda&gt;2]" time="0.0016064643859863281"></testcase><testcase classname="src.pymortests.vectorarray" file="src/pymortests/vectorarray.py" line="804" name="test_iadd[compatible_vector_array_pair8-&lt;lambda&gt;3]" time="0.0016143321990966797"></testcase><testcase classname="src.pymortests.vectorarray" file="src/pymortests/vectorarray.py" line="804" name="test_iadd[compatible_vector_array_pair8-&lt;lambda&gt;4]" time="0.0016369819641113281"></testcase><testcase classname="src.pymortests.vectorarray" file="src/pymortests/vectorarray.py" line="804" name="test_iadd[compatible_vector_array_pair8-&lt;lambda&gt;5]" time="0.0015325546264648438"></testcase><testcase classname="src.pymortests.vectorarray" file="src/pymortests/vectorarray.py" line="804" name="test_iadd[compatible_vector_array_pair8-&lt;lambda&gt;6]" time="0.0014019012451171875"></testcase><testcase classname="src.pymortests.vectorarray" file="src/pymortests/vectorarray.py" line="804" name="test_iadd[compatible_vector_array_pair8-&lt;lambda&gt;7]" time="0.0014591217041015625"></testcase><testcase classname="src.pymortests.vectorarray" file="src/pymortests/vectorarray.py" line="804" name="test_iadd[compatible_vector_array_pair8-&lt;lambda&gt;8]" time="0.0018045902252197266"></testcase><testcase classname="src.pymortests.vectorarray" file="src/pymortests/vectorarray.py" line="804" name="test_iadd[compatible_vector_array_pair8-&lt;lambda&gt;9]" time="0.003872394561767578"></testcase><testcase classname="src.pymortests.vectorarray" file="src/pymortests/vectorarray.py" line="804" name="test_iadd[compatible_vector_array_pair8-&lt;lambda&gt;10]" time="0.006985187530517578"></testcase><testcase classname="src.pymortests.vectorarray" file="src/pymortests/vectorarray.py" line="804" name="test_iadd[compatible_vector_array_pair8-&lt;lambda&gt;11]" time="0.0017032623291015625"></testcase><testcase classname="src.pymortests.vectorarray" file="src/pymortests/vectorarray.py" line="804" name="test_iadd[compatible_vector_array_pair8-&lt;lambda&gt;12]" time="0.0018749237060546875"></testcase><testcase classname="src.pymortests.vectorarray" file="src/pymortests/vectorarray.py" line="804" name="test_iadd[compatible_vector_array_pair8-&lt;lambda&gt;13]" time="0.002103567123413086"></testcase><testcase classname="src.pymortests.vectorarray" file="src/pymortests/vectorarray.py" line="804" name="test_iadd[compatible_vector_array_pair8-&lt;lambda&gt;14]" time="0.002112150192260742"></testcase><testcase classname="src.pymortests.vectorarray" file="src/pymortests/vectorarray.py" line="804" name="test_iadd[compatible_vector_array_pair8-&lt;lambda&gt;15]" time="0.0023431777954101562"></testcase><testcase classname="src.pymortests.vectorarray" file="src/pymortests/vectorarray.py" line="804" name="test_iadd[compatible_vector_array_pair8-&lt;lambda&gt;16]" time="0.002557039260864258"></testcase><testcase classname="src.pymortests.vectorarray" file="src/pymortests/vectorarray.py" line="804" name="test_iadd[compatible_vector_array_pair8-&lt;lambda&gt;17]" time="0.0022754669189453125"></testcase><testcase classname="src.pymortests.vectorarray" file="src/pymortests/vectorarray.py" line="804" name="test_iadd[compatible_vector_array_pair8-&lt;lambda&gt;18]" time="0.0022623538970947266"></testcase><testcase classname="src.pymortests.vectorarray" file="src/pymortests/vectorarray.py" line="804" name="test_iadd[compatible_vector_array_pair8-&lt;lambda&gt;19]" time="0.002168893814086914"></testcase><testcase classname="src.pymortests.vectorarray" file="src/pymortests/vectorarray.py" line="804" name="test_iadd[compatible_vector_array_pair8-&lt;lambda&gt;20]" time="0.027045011520385742"></testcase><testcase classname="src.pymortests.vectorarray" file="src/pymortests/vectorarray.py" line="804" name="test_iadd[compatible_vector_array_pair8-&lt;lambda&gt;21]" time="0.017433881759643555"></testcase><testcase classname="src.pymortests.vectorarray" file="src/pymortests/vectorarray.py" line="804" name="test_iadd[compatible_vector_array_pair8-&lt;lambda&gt;22]" time="0.050525665283203125"></testcase><testcase classname="src.pymortests.vectorarray" file="src/pymortests/vectorarray.py" line="804" name="test_iadd[compatible_vector_array_pair8-&lt;lambda&gt;23]" time="0.0039215087890625"></testcase><testcase classname="src.pymortests.vectorarray" file="src/pymortests/vectorarray.py" line="804" name="test_iadd[compatible_vector_array_pair8-&lt;lambda&gt;24]" time="0.0015215873718261719"></testcase><testcase classname="src.pymortests.vectorarray" file="src/pymortests/vectorarray.py" line="804" name="test_iadd[compatible_vector_array_pair8-&lt;lambda&gt;25]" time="0.0023784637451171875"></testcase><testcase classname="src.pymortests.vectorarray" file="src/pymortests/vectorarray.py" line="804" name="test_iadd[compatible_vector_array_pair8-&lt;lambda&gt;26]" time="0.024657726287841797"></testcase><testcase classname="src.pymortests.vectorarray" file="src/pymortests/vectorarray.py" line="804" name="test_iadd[compatible_vector_array_pair8-&lt;lambda&gt;27]" time="0.10649347305297852"></testcase><testcase classname="src.pymortests.vectorarray" file="src/pymortests/vectorarray.py" line="804" name="test_iadd[compatible_vector_array_pair8-&lt;lambda&gt;28]" time="0.28537535667419434"></testcase><testcase classname="src.pymortests.vectorarray" file="src/pymortests/vectorarray.py" line="804" name="test_iadd[compatible_vector_array_pair8-&lt;lambda&gt;29]" time="0.009931325912475586"></testcase><testcase classname="src.pymortests.vectorarray" file="src/pymortests/vectorarray.py" line="816" name="test_sub[compatible_vector_array_pair0-&lt;lambda&gt;0]" time="0.002338409423828125"></testcase><testcase classname="src.pymortests.vectorarray" file="src/pymortests/vectorarray.py" line="816" name="test_sub[compatible_vector_array_pair0-&lt;lambda&gt;1]" time="0.001737833023071289"></testcase><testcase classname="src.pymortests.vectorarray" file="src/pymortests/vectorarray.py" line="816" name="test_sub[compatible_vector_array_pair0-&lt;lambda&gt;2]" time="0.0017011165618896484"></testcase><testcase classname="src.pymortests.vectorarray" file="src/pymortests/vectorarray.py" line="816" name="test_sub[compatible_vector_array_pair0-&lt;lambda&gt;3]" time="0.0019004344940185547"></testcase><testcase classname="src.pymortests.vectorarray" file="src/pymortests/vectorarray.py" line="816" name="test_sub[compatible_vector_array_pair0-&lt;lambda&gt;4]" time="0.0016987323760986328"></testcase><testcase classname="src.pymortests.vectorarray" file="src/pymortests/vectorarray.py" line="816" name="test_sub[compatible_vector_array_pair0-&lt;lambda&gt;5]" time="0.001428842544555664"></testcase><testcase classname="src.pymortests.vectorarray" file="src/pymortests/vectorarray.py" line="816" name="test_sub[compatible_vector_array_pair0-&lt;lambda&gt;6]" time="0.0014786720275878906"></testcase><testcase classname="src.pymortests.vectorarray" file="src/pymortests/vectorarray.py" line="816" name="test_sub[compatible_vector_array_pair0-&lt;lambda&gt;7]" time="0.0015680789947509766"></testcase><testcase classname="src.pymortests.vectorarray" file="src/pymortests/vectorarray.py" line="816" name="test_sub[compatible_vector_array_pair0-&lt;lambda&gt;8]" time="0.0019447803497314453"></testcase><testcase classname="src.pymortests.vectorarray" file="src/pymortests/vectorarray.py" line="816" name="test_sub[compatible_vector_array_pair0-&lt;lambda&gt;9]" time="0.005090475082397461"></testcase><testcase classname="src.pymortests.vectorarray" file="src/pymortests/vectorarray.py" line="816" name="test_sub[compatible_vector_array_pair0-&lt;lambda&gt;10]" time="0.009532928466796875"></testcase><testcase classname="src.pymortests.vectorarray" file="src/pymortests/vectorarray.py" line="816" name="test_sub[compatible_vector_array_pair0-&lt;lambda&gt;11]" time="0.001889944076538086"></testcase><testcase classname="src.pymortests.vectorarray" file="src/pymortests/vectorarray.py" line="816" name="test_sub[compatible_vector_array_pair0-&lt;lambda&gt;12]" time="0.0018947124481201172"></testcase><testcase classname="src.pymortests.vectorarray" file="src/pymortests/vectorarray.py" line="816" name="test_sub[compatible_vector_array_pair0-&lt;lambda&gt;13]" time="0.002145528793334961"></testcase><testcase classname="src.pymortests.vectorarray" file="src/pymortests/vectorarray.py" line="816" name="test_sub[compatible_vector_array_pair0-&lt;lambda&gt;14]" time="0.002070903778076172"></testcase><testcase classname="src.pymortests.vectorarray" file="src/pymortests/vectorarray.py" line="816" name="test_sub[compatible_vector_array_pair0-&lt;lambda&gt;15]" time="0.002445697784423828"></testcase><testcase classname="src.pymortests.vectorarray" file="src/pymortests/vectorarray.py" line="816" name="test_sub[compatible_vector_array_pair0-&lt;lambda&gt;16]" time="0.002546548843383789"></testcase><testcase classname="src.pymortests.vectorarray" file="src/pymortests/vectorarray.py" line="816" name="test_sub[compatible_vector_array_pair0-&lt;lambda&gt;17]" time="0.0025064945220947266"></testcase><testcase classname="src.pymortests.vectorarray" file="src/pymortests/vectorarray.py" line="816" name="test_sub[compatible_vector_array_pair0-&lt;lambda&gt;18]" time="0.0021944046020507812"></testcase><testcase classname="src.pymortests.vectorarray" file="src/pymortests/vectorarray.py" line="816" name="test_sub[compatible_vector_array_pair0-&lt;lambda&gt;19]" time="0.002264738082885742"></testcase><testcase classname="src.pymortests.vectorarray" file="src/pymortests/vectorarray.py" line="816" name="test_sub[compatible_vector_array_pair0-&lt;lambda&gt;20]" time="0.02833724021911621"></testcase><testcase classname="src.pymortests.vectorarray" file="src/pymortests/vectorarray.py" line="816" name="test_sub[compatible_vector_array_pair0-&lt;lambda&gt;21]" time="0.019392728805541992"></testcase><testcase classname="src.pymortests.vectorarray" file="src/pymortests/vectorarray.py" line="816" name="test_sub[compatible_vector_array_pair0-&lt;lambda&gt;22]" time="0.05429434776306152"></testcase><testcase classname="src.pymortests.vectorarray" file="src/pymortests/vectorarray.py" line="816" name="test_sub[compatible_vector_array_pair0-&lt;lambda&gt;23]" time="0.004169940948486328"></testcase><testcase classname="src.pymortests.vectorarray" file="src/pymortests/vectorarray.py" line="816" name="test_sub[compatible_vector_array_pair0-&lt;lambda&gt;24]" time="0.0015556812286376953"></testcase><testcase classname="src.pymortests.vectorarray" file="src/pymortests/vectorarray.py" line="816" name="test_sub[compatible_vector_array_pair0-&lt;lambda&gt;25]" time="0.0024747848510742188"></testcase><testcase classname="src.pymortests.vectorarray" file="src/pymortests/vectorarray.py" line="816" name="test_sub[compatible_vector_array_pair0-&lt;lambda&gt;26]" time="0.025847196578979492"></testcase><testcase classname="src.pymortests.vectorarray" file="src/pymortests/vectorarray.py" line="816" name="test_sub[compatible_vector_array_pair0-&lt;lambda&gt;27]" time="0.12824416160583496"></testcase><testcase classname="src.pymortests.vectorarray" file="src/pymortests/vectorarray.py" line="816" name="test_sub[compatible_vector_array_pair0-&lt;lambda&gt;28]" time="0.3388946056365967"></testcase><testcase classname="src.pymortests.vectorarray" file="src/pymortests/vectorarray.py" line="816" name="test_sub[compatible_vector_array_pair0-&lt;lambda&gt;29]" time="0.010684967041015625"></testcase><testcase classname="src.pymortests.vectorarray" file="src/pymortests/vectorarray.py" line="816" name="test_sub[compatible_vector_array_pair1-&lt;lambda&gt;0]" time="0.0022122859954833984"></testcase><testcase classname="src.pymortests.vectorarray" file="src/pymortests/vectorarray.py" line="816" name="test_sub[compatible_vector_array_pair1-&lt;lambda&gt;1]" time="0.0018935203552246094"></testcase><testcase classname="src.pymortests.vectorarray" file="src/pymortests/vectorarray.py" line="816" name="test_sub[compatible_vector_array_pair1-&lt;lambda&gt;2]" time="0.0018644332885742188"></testcase><testcase classname="src.pymortests.vectorarray" file="src/pymortests/vectorarray.py" line="816" name="test_sub[compatible_vector_array_pair1-&lt;lambda&gt;3]" time="0.0018334388732910156"></testcase><testcase classname="src.pymortests.vectorarray" file="src/pymortests/vectorarray.py" line="816" name="test_sub[compatible_vector_array_pair1-&lt;lambda&gt;4]" time="0.0018734931945800781"></testcase><testcase classname="src.pymortests.vectorarray" file="src/pymortests/vectorarray.py" line="816" name="test_sub[compatible_vector_array_pair1-&lt;lambda&gt;5]" time="0.001596212387084961"></testcase><testcase classname="src.pymortests.vectorarray" file="src/pymortests/vectorarray.py" line="816" name="test_sub[compatible_vector_array_pair1-&lt;lambda&gt;6]" time="0.0014526844024658203"></testcase><testcase classname="src.pymortests.vectorarray" file="src/pymortests/vectorarray.py" line="816" name="test_sub[compatible_vector_array_pair1-&lt;lambda&gt;7]" time="0.0015766620635986328"></testcase><testcase classname="src.pymortests.vectorarray" file="src/pymortests/vectorarray.py" line="816" name="test_sub[compatible_vector_array_pair1-&lt;lambda&gt;8]" time="0.0021872520446777344"></testcase><testcase classname="src.pymortests.vectorarray" file="src/pymortests/vectorarray.py" line="816" name="test_sub[compatible_vector_array_pair1-&lt;lambda&gt;9]" time="0.005103349685668945"></testcase><testcase classname="src.pymortests.vectorarray" file="src/pymortests/vectorarray.py" line="816" name="test_sub[compatible_vector_array_pair1-&lt;lambda&gt;10]" time="0.010214567184448242"></testcase><testcase classname="src.pymortests.vectorarray" file="src/pymortests/vectorarray.py" line="816" name="test_sub[compatible_vector_array_pair1-&lt;lambda&gt;11]" time="0.0017883777618408203"></testcase><testcase classname="src.pymortests.vectorarray" file="src/pymortests/vectorarray.py" line="816" name="test_sub[compatible_vector_array_pair1-&lt;lambda&gt;12]" time="0.001878499984741211"></testcase><testcase classname="src.pymortests.vectorarray" file="src/pymortests/vectorarray.py" line="816" name="test_sub[compatible_vector_array_pair1-&lt;lambda&gt;13]" time="0.002051830291748047"></testcase><testcase classname="src.pymortests.vectorarray" file="src/pymortests/vectorarray.py" line="816" name="test_sub[compatible_vector_array_pair1-&lt;lambda&gt;14]" time="0.002111196517944336"></testcase><testcase classname="src.pymortests.vectorarray" file="src/pymortests/vectorarray.py" line="816" name="test_sub[compatible_vector_array_pair1-&lt;lambda&gt;15]" time="0.002413511276245117"></testcase><testcase classname="src.pymortests.vectorarray" file="src/pymortests/vectorarray.py" line="816" name="test_sub[compatible_vector_array_pair1-&lt;lambda&gt;16]" time="0.0028259754180908203"></testcase><testcase classname="src.pymortests.vectorarray" file="src/pymortests/vectorarray.py" line="816" name="test_sub[compatible_vector_array_pair1-&lt;lambda&gt;17]" time="0.0025300979614257812"></testcase><testcase classname="src.pymortests.vectorarray" file="src/pymortests/vectorarray.py" line="816" name="test_sub[compatible_vector_array_pair1-&lt;lambda&gt;18]" time="0.002191305160522461"></testcase><testcase classname="src.pymortests.vectorarray" file="src/pymortests/vectorarray.py" line="816" name="test_sub[compatible_vector_array_pair1-&lt;lambda&gt;19]" time="0.0024368762969970703"></testcase><testcase classname="src.pymortests.vectorarray" file="src/pymortests/vectorarray.py" line="816" name="test_sub[compatible_vector_array_pair1-&lt;lambda&gt;20]" time="0.02779865264892578"></testcase><testcase classname="src.pymortests.vectorarray" file="src/pymortests/vectorarray.py" line="816" name="test_sub[compatible_vector_array_pair1-&lt;lambda&gt;21]" time="0.019318342208862305"></testcase><testcase classname="src.pymortests.vectorarray" file="src/pymortests/vectorarray.py" line="816" name="test_sub[compatible_vector_array_pair1-&lt;lambda&gt;22]" time="0.055674076080322266"></testcase><testcase classname="src.pymortests.vectorarray" file="src/pymortests/vectorarray.py" line="816" name="test_sub[compatible_vector_array_pair1-&lt;lambda&gt;23]" time="0.004648447036743164"></testcase><testcase classname="src.pymortests.vectorarray" file="src/pymortests/vectorarray.py" line="816" name="test_sub[compatible_vector_array_pair1-&lt;lambda&gt;24]" time="0.0016245841979980469"></testcase><testcase classname="src.pymortests.vectorarray" file="src/pymortests/vectorarray.py" line="816" name="test_sub[compatible_vector_array_pair1-&lt;lambda&gt;25]" time="0.002724885940551758"></testcase><testcase classname="src.pymortests.vectorarray" file="src/pymortests/vectorarray.py" line="816" name="test_sub[compatible_vector_array_pair1-&lt;lambda&gt;26]" time="0.026722192764282227"></testcase><testcase classname="src.pymortests.vectorarray" file="src/pymortests/vectorarray.py" line="816" name="test_sub[compatible_vector_array_pair1-&lt;lambda&gt;27]" time="0.12840723991394043"></testcase><testcase classname="src.pymortests.vectorarray" file="src/pymortests/vectorarray.py" line="816" name="test_sub[compatible_vector_array_pair1-&lt;lambda&gt;28]" time="0.3574337959289551"></testcase><testcase classname="src.pymortests.vectorarray" file="src/pymortests/vectorarray.py" line="816" name="test_sub[compatible_vector_array_pair1-&lt;lambda&gt;29]" time="0.011230707168579102"></testcase><testcase classname="src.pymortests.vectorarray" file="src/pymortests/vectorarray.py" line="816" name="test_sub[compatible_vector_array_pair2-&lt;lambda&gt;0]" time="0.0023806095123291016"></testcase><testcase classname="src.pymortests.vectorarray" file="src/pymortests/vectorarray.py" line="816" name="test_sub[compatible_vector_array_pair2-&lt;lambda&gt;1]" time="0.0017762184143066406"></testcase><testcase classname="src.pymortests.vectorarray" file="src/pymortests/vectorarray.py" line="816" name="test_sub[compatible_vector_array_pair2-&lt;lambda&gt;2]" time="0.0017037391662597656"></testcase><testcase classname="src.pymortests.vectorarray" file="src/pymortests/vectorarray.py" line="816" name="test_sub[compatible_vector_array_pair2-&lt;lambda&gt;3]" time="0.0017597675323486328"></testcase><testcase classname="src.pymortests.vectorarray" file="src/pymortests/vectorarray.py" line="816" name="test_sub[compatible_vector_array_pair2-&lt;lambda&gt;4]" time="0.0018246173858642578"></testcase><testcase classname="src.pymortests.vectorarray" file="src/pymortests/vectorarray.py" line="816" name="test_sub[compatible_vector_array_pair2-&lt;lambda&gt;5]" time="0.0016624927520751953"></testcase><testcase classname="src.pymortests.vectorarray" file="src/pymortests/vectorarray.py" line="816" name="test_sub[compatible_vector_array_pair2-&lt;lambda&gt;6]" time="0.0015020370483398438"></testcase><testcase classname="src.pymortests.vectorarray" file="src/pymortests/vectorarray.py" line="816" name="test_sub[compatible_vector_array_pair2-&lt;lambda&gt;7]" time="0.0015597343444824219"></testcase><testcase classname="src.pymortests.vectorarray" file="src/pymortests/vectorarray.py" line="816" name="test_sub[compatible_vector_array_pair2-&lt;lambda&gt;8]" time="0.0021178722381591797"></testcase><testcase classname="src.pymortests.vectorarray" file="src/pymortests/vectorarray.py" line="816" name="test_sub[compatible_vector_array_pair2-&lt;lambda&gt;9]" time="0.0050201416015625"></testcase><testcase classname="src.pymortests.vectorarray" file="src/pymortests/vectorarray.py" line="816" name="test_sub[compatible_vector_array_pair2-&lt;lambda&gt;10]" time="0.010066747665405273"></testcase><testcase classname="src.pymortests.vectorarray" file="src/pymortests/vectorarray.py" line="816" name="test_sub[compatible_vector_array_pair2-&lt;lambda&gt;11]" time="0.0018084049224853516"></testcase><testcase classname="src.pymortests.vectorarray" file="src/pymortests/vectorarray.py" line="816" name="test_sub[compatible_vector_array_pair2-&lt;lambda&gt;12]" time="0.0019299983978271484"></testcase><testcase classname="src.pymortests.vectorarray" file="src/pymortests/vectorarray.py" line="816" name="test_sub[compatible_vector_array_pair2-&lt;lambda&gt;13]" time="0.0022830963134765625"></testcase><testcase classname="src.pymortests.vectorarray" file="src/pymortests/vectorarray.py" line="816" name="test_sub[compatible_vector_array_pair2-&lt;lambda&gt;14]" time="0.00201416015625"></testcase><testcase classname="src.pymortests.vectorarray" file="src/pymortests/vectorarray.py" line="816" name="test_sub[compatible_vector_array_pair2-&lt;lambda&gt;15]" time="0.0024995803833007812"></testcase><testcase classname="src.pymortests.vectorarray" file="src/pymortests/vectorarray.py" line="816" name="test_sub[compatible_vector_array_pair2-&lt;lambda&gt;16]" time="0.002574920654296875"></testcase><testcase classname="src.pymortests.vectorarray" file="src/pymortests/vectorarray.py" line="816" name="test_sub[compatible_vector_array_pair2-&lt;lambda&gt;17]" time="0.0025072097778320312"></testcase><testcase classname="src.pymortests.vectorarray" file="src/pymortests/vectorarray.py" line="816" name="test_sub[compatible_vector_array_pair2-&lt;lambda&gt;18]" time="0.0022766590118408203"></testcase><testcase classname="src.pymortests.vectorarray" file="src/pymortests/vectorarray.py" line="816" name="test_sub[compatible_vector_array_pair2-&lt;lambda&gt;19]" time="0.0023348331451416016"></testcase><testcase classname="src.pymortests.vectorarray" file="src/pymortests/vectorarray.py" line="816" name="test_sub[compatible_vector_array_pair2-&lt;lambda&gt;20]" time="0.028948307037353516"></testcase><testcase classname="src.pymortests.vectorarray" file="src/pymortests/vectorarray.py" line="816" name="test_sub[compatible_vector_array_pair2-&lt;lambda&gt;21]" time="0.01967453956604004"></testcase><testcase classname="src.pymortests.vectorarray" file="src/pymortests/vectorarray.py" line="816" name="test_sub[compatible_vector_array_pair2-&lt;lambda&gt;22]" time="0.05379509925842285"></testcase><testcase classname="src.pymortests.vectorarray" file="src/pymortests/vectorarray.py" line="816" name="test_sub[compatible_vector_array_pair2-&lt;lambda&gt;23]" time="0.004347324371337891"></testcase><testcase classname="src.pymortests.vectorarray" file="src/pymortests/vectorarray.py" line="816" name="test_sub[compatible_vector_array_pair2-&lt;lambda&gt;24]" time="0.0016486644744873047"></testcase><testcase classname="src.pymortests.vectorarray" file="src/pymortests/vectorarray.py" line="816" name="test_sub[compatible_vector_array_pair2-&lt;lambda&gt;25]" time="0.0025620460510253906"></testcase><testcase classname="src.pymortests.vectorarray" file="src/pymortests/vectorarray.py" line="816" name="test_sub[compatible_vector_array_pair2-&lt;lambda&gt;26]" time="0.02540731430053711"></testcase><testcase classname="src.pymortests.vectorarray" file="src/pymortests/vectorarray.py" line="816" name="test_sub[compatible_vector_array_pair2-&lt;lambda&gt;27]" time="0.12995576858520508"></testcase><testcase classname="src.pymortests.vectorarray" file="src/pymortests/vectorarray.py" line="816" name="test_sub[compatible_vector_array_pair2-&lt;lambda&gt;28]" time="0.34693098068237305"></testcase><testcase classname="src.pymortests.vectorarray" file="src/pymortests/vectorarray.py" line="816" name="test_sub[compatible_vector_array_pair2-&lt;lambda&gt;29]" time="0.011282682418823242"></testcase><testcase classname="src.pymortests.vectorarray" file="src/pymortests/vectorarray.py" line="816" name="test_sub[compatible_vector_array_pair3-&lt;lambda&gt;0]" time="0.002317667007446289"></testcase><testcase classname="src.pymortests.vectorarray" file="src/pymortests/vectorarray.py" line="816" name="test_sub[compatible_vector_array_pair3-&lt;lambda&gt;1]" time="0.0018639564514160156"></testcase><testcase classname="src.pymortests.vectorarray" file="src/pymortests/vectorarray.py" line="816" name="test_sub[compatible_vector_array_pair3-&lt;lambda&gt;2]" time="0.0019240379333496094"></testcase><testcase classname="src.pymortests.vectorarray" file="src/pymortests/vectorarray.py" line="816" name="test_sub[compatible_vector_array_pair3-&lt;lambda&gt;3]" time="0.0019407272338867188"></testcase><testcase classname="src.pymortests.vectorarray" file="src/pymortests/vectorarray.py" line="816" name="test_sub[compatible_vector_array_pair3-&lt;lambda&gt;4]" time="0.0018510818481445312"></testcase><testcase classname="src.pymortests.vectorarray" file="src/pymortests/vectorarray.py" line="816" name="test_sub[compatible_vector_array_pair3-&lt;lambda&gt;5]" time="0.0017020702362060547"></testcase><testcase classname="src.pymortests.vectorarray" file="src/pymortests/vectorarray.py" line="816" name="test_sub[compatible_vector_array_pair3-&lt;lambda&gt;6]" time="0.0015187263488769531"></testcase><testcase classname="src.pymortests.vectorarray" file="src/pymortests/vectorarray.py" line="816" name="test_sub[compatible_vector_array_pair3-&lt;lambda&gt;7]" time="0.0015034675598144531"></testcase><testcase classname="src.pymortests.vectorarray" file="src/pymortests/vectorarray.py" line="816" name="test_sub[compatible_vector_array_pair3-&lt;lambda&gt;8]" time="0.001992940902709961"></testcase><testcase classname="src.pymortests.vectorarray" file="src/pymortests/vectorarray.py" line="816" name="test_sub[compatible_vector_array_pair3-&lt;lambda&gt;9]" time="0.005138397216796875"></testcase><testcase classname="src.pymortests.vectorarray" file="src/pymortests/vectorarray.py" line="816" name="test_sub[compatible_vector_array_pair3-&lt;lambda&gt;10]" time="0.009855985641479492"></testcase><testcase classname="src.pymortests.vectorarray" file="src/pymortests/vectorarray.py" line="816" name="test_sub[compatible_vector_array_pair3-&lt;lambda&gt;11]" time="0.0019211769104003906"></testcase><testcase classname="src.pymortests.vectorarray" file="src/pymortests/vectorarray.py" line="816" name="test_sub[compatible_vector_array_pair3-&lt;lambda&gt;12]" time="0.0019297599792480469"></testcase><testcase classname="src.pymortests.vectorarray" file="src/pymortests/vectorarray.py" line="816" name="test_sub[compatible_vector_array_pair3-&lt;lambda&gt;13]" time="0.0021622180938720703"></testcase><testcase classname="src.pymortests.vectorarray" file="src/pymortests/vectorarray.py" line="816" name="test_sub[compatible_vector_array_pair3-&lt;lambda&gt;14]" time="0.002170562744140625"></testcase><testcase classname="src.pymortests.vectorarray" file="src/pymortests/vectorarray.py" line="816" name="test_sub[compatible_vector_array_pair3-&lt;lambda&gt;15]" time="0.0026328563690185547"></testcase><testcase classname="src.pymortests.vectorarray" file="src/pymortests/vectorarray.py" line="816" name="test_sub[compatible_vector_array_pair3-&lt;lambda&gt;16]" time="0.0028769969940185547"></testcase><testcase classname="src.pymortests.vectorarray" file="src/pymortests/vectorarray.py" line="816" name="test_sub[compatible_vector_array_pair3-&lt;lambda&gt;17]" time="0.00272369384765625"></testcase><testcase classname="src.pymortests.vectorarray" file="src/pymortests/vectorarray.py" line="816" name="test_sub[compatible_vector_array_pair3-&lt;lambda&gt;18]" time="0.0024995803833007812"></testcase><testcase classname="src.pymortests.vectorarray" file="src/pymortests/vectorarray.py" line="816" name="test_sub[compatible_vector_array_pair3-&lt;lambda&gt;19]" time="0.0027854442596435547"></testcase><testcase classname="src.pymortests.vectorarray" file="src/pymortests/vectorarray.py" line="816" name="test_sub[compatible_vector_array_pair3-&lt;lambda&gt;20]" time="0.027943134307861328"></testcase><testcase classname="src.pymortests.vectorarray" file="src/pymortests/vectorarray.py" line="816" name="test_sub[compatible_vector_array_pair3-&lt;lambda&gt;21]" time="0.021636247634887695"></testcase><testcase classname="src.pymortests.vectorarray" file="src/pymortests/vectorarray.py" line="816" name="test_sub[compatible_vector_array_pair3-&lt;lambda&gt;22]" time="0.05751538276672363"></testcase><testcase classname="src.pymortests.vectorarray" file="src/pymortests/vectorarray.py" line="816" name="test_sub[compatible_vector_array_pair3-&lt;lambda&gt;23]" time="0.0044171810150146484"></testcase><testcase classname="src.pymortests.vectorarray" file="src/pymortests/vectorarray.py" line="816" name="test_sub[compatible_vector_array_pair3-&lt;lambda&gt;24]" time="0.0015709400177001953"></testcase><testcase classname="src.pymortests.vectorarray" file="src/pymortests/vectorarray.py" line="816" name="test_sub[compatible_vector_array_pair3-&lt;lambda&gt;25]" time="0.0026521682739257812"></testcase><testcase classname="src.pymortests.vectorarray" file="src/pymortests/vectorarray.py" line="816" name="test_sub[compatible_vector_array_pair3-&lt;lambda&gt;26]" time="0.02616596221923828"></testcase><testcase classname="src.pymortests.vectorarray" file="src/pymortests/vectorarray.py" line="816" name="test_sub[compatible_vector_array_pair3-&lt;lambda&gt;27]" time="0.14115476608276367"></testcase><testcase classname="src.pymortests.vectorarray" file="src/pymortests/vectorarray.py" line="816" name="test_sub[compatible_vector_array_pair3-&lt;lambda&gt;28]" time="0.3536415100097656"></testcase><testcase classname="src.pymortests.vectorarray" file="src/pymortests/vectorarray.py" line="816" name="test_sub[compatible_vector_array_pair3-&lt;lambda&gt;29]" time="0.011021852493286133"></testcase><testcase classname="src.pymortests.vectorarray" file="src/pymortests/vectorarray.py" line="816" name="test_sub[compatible_vector_array_pair4-&lt;lambda&gt;0]" time="0.002360105514526367"></testcase><testcase classname="src.pymortests.vectorarray" file="src/pymortests/vectorarray.py" line="816" name="test_sub[compatible_vector_array_pair4-&lt;lambda&gt;1]" time="0.0017466545104980469"></testcase><testcase classname="src.pymortests.vectorarray" file="src/pymortests/vectorarray.py" line="816" name="test_sub[compatible_vector_array_pair4-&lt;lambda&gt;2]" time="0.0016984939575195312"></testcase><testcase classname="src.pymortests.vectorarray" file="src/pymortests/vectorarray.py" line="816" name="test_sub[compatible_vector_array_pair4-&lt;lambda&gt;3]" time="0.0017545223236083984"></testcase><testcase classname="src.pymortests.vectorarray" file="src/pymortests/vectorarray.py" line="816" name="test_sub[compatible_vector_array_pair4-&lt;lambda&gt;4]" time="0.0017399787902832031"></testcase><testcase classname="src.pymortests.vectorarray" file="src/pymortests/vectorarray.py" line="816" name="test_sub[compatible_vector_array_pair4-&lt;lambda&gt;5]" time="0.0015561580657958984"></testcase><testcase classname="src.pymortests.vectorarray" file="src/pymortests/vectorarray.py" line="816" name="test_sub[compatible_vector_array_pair4-&lt;lambda&gt;6]" time="0.0016078948974609375"></testcase><testcase classname="src.pymortests.vectorarray" file="src/pymortests/vectorarray.py" line="816" name="test_sub[compatible_vector_array_pair4-&lt;lambda&gt;7]" time="0.0014951229095458984"></testcase><testcase classname="src.pymortests.vectorarray" file="src/pymortests/vectorarray.py" line="816" name="test_sub[compatible_vector_array_pair4-&lt;lambda&gt;8]" time="0.0019600391387939453"></testcase><testcase classname="src.pymortests.vectorarray" file="src/pymortests/vectorarray.py" line="816" name="test_sub[compatible_vector_array_pair4-&lt;lambda&gt;9]" time="0.005310773849487305"></testcase><testcase classname="src.pymortests.vectorarray" file="src/pymortests/vectorarray.py" line="816" name="test_sub[compatible_vector_array_pair4-&lt;lambda&gt;10]" time="0.010244131088256836"></testcase><testcase classname="src.pymortests.vectorarray" file="src/pymortests/vectorarray.py" line="816" name="test_sub[compatible_vector_array_pair4-&lt;lambda&gt;11]" time="0.0019757747650146484"></testcase><testcase classname="src.pymortests.vectorarray" file="src/pymortests/vectorarray.py" line="816" name="test_sub[compatible_vector_array_pair4-&lt;lambda&gt;12]" time="0.0019752979278564453"></testcase><testcase classname="src.pymortests.vectorarray" file="src/pymortests/vectorarray.py" line="816" name="test_sub[compatible_vector_array_pair4-&lt;lambda&gt;13]" time="0.0021240711212158203"></testcase><testcase classname="src.pymortests.vectorarray" file="src/pymortests/vectorarray.py" line="816" name="test_sub[compatible_vector_array_pair4-&lt;lambda&gt;14]" time="0.0019376277923583984"></testcase><testcase classname="src.pymortests.vectorarray" file="src/pymortests/vectorarray.py" line="816" name="test_sub[compatible_vector_array_pair4-&lt;lambda&gt;15]" time="0.0024955272674560547"></testcase><testcase classname="src.pymortests.vectorarray" file="src/pymortests/vectorarray.py" line="816" name="test_sub[compatible_vector_array_pair4-&lt;lambda&gt;16]" time="0.0029773712158203125"></testcase><testcase classname="src.pymortests.vectorarray" file="src/pymortests/vectorarray.py" line="816" name="test_sub[compatible_vector_array_pair4-&lt;lambda&gt;17]" time="0.0027844905853271484"></testcase><testcase classname="src.pymortests.vectorarray" file="src/pymortests/vectorarray.py" line="816" name="test_sub[compatible_vector_array_pair4-&lt;lambda&gt;18]" time="0.0022439956665039062"></testcase><testcase classname="src.pymortests.vectorarray" file="src/pymortests/vectorarray.py" line="816" name="test_sub[compatible_vector_array_pair4-&lt;lambda&gt;19]" time="0.002534627914428711"></testcase><testcase classname="src.pymortests.vectorarray" file="src/pymortests/vectorarray.py" line="816" name="test_sub[compatible_vector_array_pair4-&lt;lambda&gt;20]" time="0.028989076614379883"></testcase><testcase classname="src.pymortests.vectorarray" file="src/pymortests/vectorarray.py" line="816" name="test_sub[compatible_vector_array_pair4-&lt;lambda&gt;21]" time="0.020497798919677734"></testcase><testcase classname="src.pymortests.vectorarray" file="src/pymortests/vectorarray.py" line="816" name="test_sub[compatible_vector_array_pair4-&lt;lambda&gt;22]" time="0.05614662170410156"></testcase><testcase classname="src.pymortests.vectorarray" file="src/pymortests/vectorarray.py" line="816" name="test_sub[compatible_vector_array_pair4-&lt;lambda&gt;23]" time="0.004193544387817383"></testcase><testcase classname="src.pymortests.vectorarray" file="src/pymortests/vectorarray.py" line="816" name="test_sub[compatible_vector_array_pair4-&lt;lambda&gt;24]" time="0.0015439987182617188"></testcase><testcase classname="src.pymortests.vectorarray" file="src/pymortests/vectorarray.py" line="816" name="test_sub[compatible_vector_array_pair4-&lt;lambda&gt;25]" time="0.0025653839111328125"></testcase><testcase classname="src.pymortests.vectorarray" file="src/pymortests/vectorarray.py" line="816" name="test_sub[compatible_vector_array_pair4-&lt;lambda&gt;26]" time="0.025997400283813477"></testcase><testcase classname="src.pymortests.vectorarray" file="src/pymortests/vectorarray.py" line="816" name="test_sub[compatible_vector_array_pair4-&lt;lambda&gt;27]" time="0.13141894340515137"></testcase><testcase classname="src.pymortests.vectorarray" file="src/pymortests/vectorarray.py" line="816" name="test_sub[compatible_vector_array_pair4-&lt;lambda&gt;28]" time="0.3419523239135742"></testcase><testcase classname="src.pymortests.vectorarray" file="src/pymortests/vectorarray.py" line="816" name="test_sub[compatible_vector_array_pair4-&lt;lambda&gt;29]" time="0.011614561080932617"></testcase><testcase classname="src.pymortests.vectorarray" file="src/pymortests/vectorarray.py" line="816" name="test_sub[compatible_vector_array_pair5-&lt;lambda&gt;0]" time="0.0023059844970703125"></testcase><testcase classname="src.pymortests.vectorarray" file="src/pymortests/vectorarray.py" line="816" name="test_sub[compatible_vector_array_pair5-&lt;lambda&gt;1]" time="0.0017535686492919922"></testcase><testcase classname="src.pymortests.vectorarray" file="src/pymortests/vectorarray.py" line="816" name="test_sub[compatible_vector_array_pair5-&lt;lambda&gt;2]" time="0.0016846656799316406"></testcase><testcase classname="src.pymortests.vectorarray" file="src/pymortests/vectorarray.py" line="816" name="test_sub[compatible_vector_array_pair5-&lt;lambda&gt;3]" time="0.0016689300537109375"></testcase><testcase classname="src.pymortests.vectorarray" file="src/pymortests/vectorarray.py" line="816" name="test_sub[compatible_vector_array_pair5-&lt;lambda&gt;4]" time="0.001657247543334961"></testcase><testcase classname="src.pymortests.vectorarray" file="src/pymortests/vectorarray.py" line="816" name="test_sub[compatible_vector_array_pair5-&lt;lambda&gt;5]" time="0.0016207695007324219"></testcase><testcase classname="src.pymortests.vectorarray" file="src/pymortests/vectorarray.py" line="816" name="test_sub[compatible_vector_array_pair5-&lt;lambda&gt;6]" time="0.0014617443084716797"></testcase><testcase classname="src.pymortests.vectorarray" file="src/pymortests/vectorarray.py" line="816" name="test_sub[compatible_vector_array_pair5-&lt;lambda&gt;7]" time="0.0015840530395507812"></testcase><testcase classname="src.pymortests.vectorarray" file="src/pymortests/vectorarray.py" line="816" name="test_sub[compatible_vector_array_pair5-&lt;lambda&gt;8]" time="0.002088785171508789"></testcase><testcase classname="src.pymortests.vectorarray" file="src/pymortests/vectorarray.py" line="816" name="test_sub[compatible_vector_array_pair5-&lt;lambda&gt;9]" time="0.005330562591552734"></testcase><testcase classname="src.pymortests.vectorarray" file="src/pymortests/vectorarray.py" line="816" name="test_sub[compatible_vector_array_pair5-&lt;lambda&gt;10]" time="0.010126352310180664"></testcase><testcase classname="src.pymortests.vectorarray" file="src/pymortests/vectorarray.py" line="816" name="test_sub[compatible_vector_array_pair5-&lt;lambda&gt;11]" time="0.0020799636840820312"></testcase><testcase classname="src.pymortests.vectorarray" file="src/pymortests/vectorarray.py" line="816" name="test_sub[compatible_vector_array_pair5-&lt;lambda&gt;12]" time="0.0020749568939208984"></testcase><testcase classname="src.pymortests.vectorarray" file="src/pymortests/vectorarray.py" line="816" name="test_sub[compatible_vector_array_pair5-&lt;lambda&gt;13]" time="0.0021800994873046875"></testcase><testcase classname="src.pymortests.vectorarray" file="src/pymortests/vectorarray.py" line="816" name="test_sub[compatible_vector_array_pair5-&lt;lambda&gt;14]" time="0.002173185348510742"></testcase><testcase classname="src.pymortests.vectorarray" file="src/pymortests/vectorarray.py" line="816" name="test_sub[compatible_vector_array_pair5-&lt;lambda&gt;15]" time="0.0026009082794189453"></testcase><testcase classname="src.pymortests.vectorarray" file="src/pymortests/vectorarray.py" line="816" name="test_sub[compatible_vector_array_pair5-&lt;lambda&gt;16]" time="0.00287628173828125"></testcase><testcase classname="src.pymortests.vectorarray" file="src/pymortests/vectorarray.py" line="816" name="test_sub[compatible_vector_array_pair5-&lt;lambda&gt;17]" time="0.002679109573364258"></testcase><testcase classname="src.pymortests.vectorarray" file="src/pymortests/vectorarray.py" line="816" name="test_sub[compatible_vector_array_pair5-&lt;lambda&gt;18]" time="0.0023207664489746094"></testcase><testcase classname="src.pymortests.vectorarray" file="src/pymortests/vectorarray.py" line="816" name="test_sub[compatible_vector_array_pair5-&lt;lambda&gt;19]" time="0.0023565292358398438"></testcase><testcase classname="src.pymortests.vectorarray" file="src/pymortests/vectorarray.py" line="816" name="test_sub[compatible_vector_array_pair5-&lt;lambda&gt;20]" time="0.029372692108154297"></testcase><testcase classname="src.pymortests.vectorarray" file="src/pymortests/vectorarray.py" line="816" name="test_sub[compatible_vector_array_pair5-&lt;lambda&gt;21]" time="0.01961517333984375"></testcase><testcase classname="src.pymortests.vectorarray" file="src/pymortests/vectorarray.py" line="816" name="test_sub[compatible_vector_array_pair5-&lt;lambda&gt;22]" time="0.053800106048583984"></testcase><testcase classname="src.pymortests.vectorarray" file="src/pymortests/vectorarray.py" line="816" name="test_sub[compatible_vector_array_pair5-&lt;lambda&gt;23]" time="0.004164934158325195"></testcase><testcase classname="src.pymortests.vectorarray" file="src/pymortests/vectorarray.py" line="816" name="test_sub[compatible_vector_array_pair5-&lt;lambda&gt;24]" time="0.0014688968658447266"></testcase><testcase classname="src.pymortests.vectorarray" file="src/pymortests/vectorarray.py" line="816" name="test_sub[compatible_vector_array_pair5-&lt;lambda&gt;25]" time="0.002492189407348633"></testcase><testcase classname="src.pymortests.vectorarray" file="src/pymortests/vectorarray.py" line="816" name="test_sub[compatible_vector_array_pair5-&lt;lambda&gt;26]" time="0.02541065216064453"></testcase><testcase classname="src.pymortests.vectorarray" file="src/pymortests/vectorarray.py" line="816" name="test_sub[compatible_vector_array_pair5-&lt;lambda&gt;27]" time="0.12934017181396484"></testcase><testcase classname="src.pymortests.vectorarray" file="src/pymortests/vectorarray.py" line="816" name="test_sub[compatible_vector_array_pair5-&lt;lambda&gt;28]" time="0.34741854667663574"></testcase><testcase classname="src.pymortests.vectorarray" file="src/pymortests/vectorarray.py" line="816" name="test_sub[compatible_vector_array_pair5-&lt;lambda&gt;29]" time="0.010636329650878906"></testcase><testcase classname="src.pymortests.vectorarray" file="src/pymortests/vectorarray.py" line="816" name="test_sub[compatible_vector_array_pair6-&lt;lambda&gt;0]" time="0.002223968505859375"></testcase><testcase classname="src.pymortests.vectorarray" file="src/pymortests/vectorarray.py" line="816" name="test_sub[compatible_vector_array_pair6-&lt;lambda&gt;1]" time="0.0017774105072021484"></testcase><testcase classname="src.pymortests.vectorarray" file="src/pymortests/vectorarray.py" line="816" name="test_sub[compatible_vector_array_pair6-&lt;lambda&gt;2]" time="0.0016160011291503906"></testcase><testcase classname="src.pymortests.vectorarray" file="src/pymortests/vectorarray.py" line="816" name="test_sub[compatible_vector_array_pair6-&lt;lambda&gt;3]" time="0.001748800277709961"></testcase><testcase classname="src.pymortests.vectorarray" file="src/pymortests/vectorarray.py" line="816" name="test_sub[compatible_vector_array_pair6-&lt;lambda&gt;4]" time="0.0016293525695800781"></testcase><testcase classname="src.pymortests.vectorarray" file="src/pymortests/vectorarray.py" line="816" name="test_sub[compatible_vector_array_pair6-&lt;lambda&gt;5]" time="0.0014734268188476562"></testcase><testcase classname="src.pymortests.vectorarray" file="src/pymortests/vectorarray.py" line="816" name="test_sub[compatible_vector_array_pair6-&lt;lambda&gt;6]" time="0.0014739036560058594"></testcase><testcase classname="src.pymortests.vectorarray" file="src/pymortests/vectorarray.py" line="816" name="test_sub[compatible_vector_array_pair6-&lt;lambda&gt;7]" time="0.0015606880187988281"></testcase><testcase classname="src.pymortests.vectorarray" file="src/pymortests/vectorarray.py" line="816" name="test_sub[compatible_vector_array_pair6-&lt;lambda&gt;8]" time="0.0019397735595703125"></testcase><testcase classname="src.pymortests.vectorarray" file="src/pymortests/vectorarray.py" line="816" name="test_sub[compatible_vector_array_pair6-&lt;lambda&gt;9]" time="0.0054166316986083984"></testcase><testcase classname="src.pymortests.vectorarray" file="src/pymortests/vectorarray.py" line="816" name="test_sub[compatible_vector_array_pair6-&lt;lambda&gt;10]" time="0.010583639144897461"></testcase><testcase classname="src.pymortests.vectorarray" file="src/pymortests/vectorarray.py" line="816" name="test_sub[compatible_vector_array_pair6-&lt;lambda&gt;11]" time="0.002134561538696289"></testcase><testcase classname="src.pymortests.vectorarray" file="src/pymortests/vectorarray.py" line="816" name="test_sub[compatible_vector_array_pair6-&lt;lambda&gt;12]" time="0.0020771026611328125"></testcase><testcase classname="src.pymortests.vectorarray" file="src/pymortests/vectorarray.py" line="816" name="test_sub[compatible_vector_array_pair6-&lt;lambda&gt;13]" time="0.0024721622467041016"></testcase><testcase classname="src.pymortests.vectorarray" file="src/pymortests/vectorarray.py" line="816" name="test_sub[compatible_vector_array_pair6-&lt;lambda&gt;14]" time="0.00212860107421875"></testcase><testcase classname="src.pymortests.vectorarray" file="src/pymortests/vectorarray.py" line="816" name="test_sub[compatible_vector_array_pair6-&lt;lambda&gt;15]" time="0.0025734901428222656"></testcase><testcase classname="src.pymortests.vectorarray" file="src/pymortests/vectorarray.py" line="816" name="test_sub[compatible_vector_array_pair6-&lt;lambda&gt;16]" time="0.0029098987579345703"></testcase><testcase classname="src.pymortests.vectorarray" file="src/pymortests/vectorarray.py" line="816" name="test_sub[compatible_vector_array_pair6-&lt;lambda&gt;17]" time="0.002547740936279297"></testcase><testcase classname="src.pymortests.vectorarray" file="src/pymortests/vectorarray.py" line="816" name="test_sub[compatible_vector_array_pair6-&lt;lambda&gt;18]" time="0.0023179054260253906"></testcase><testcase classname="src.pymortests.vectorarray" file="src/pymortests/vectorarray.py" line="816" name="test_sub[compatible_vector_array_pair6-&lt;lambda&gt;19]" time="0.0025076866149902344"></testcase><testcase classname="src.pymortests.vectorarray" file="src/pymortests/vectorarray.py" line="816" name="test_sub[compatible_vector_array_pair6-&lt;lambda&gt;20]" time="0.028435707092285156"></testcase><testcase classname="src.pymortests.vectorarray" file="src/pymortests/vectorarray.py" line="816" name="test_sub[compatible_vector_array_pair6-&lt;lambda&gt;21]" time="0.020901918411254883"></testcase><testcase classname="src.pymortests.vectorarray" file="src/pymortests/vectorarray.py" line="816" name="test_sub[compatible_vector_array_pair6-&lt;lambda&gt;22]" time="0.055663108825683594"></testcase><testcase classname="src.pymortests.vectorarray" file="src/pymortests/vectorarray.py" line="816" name="test_sub[compatible_vector_array_pair6-&lt;lambda&gt;23]" time="0.004410505294799805"></testcase><testcase classname="src.pymortests.vectorarray" file="src/pymortests/vectorarray.py" line="816" name="test_sub[compatible_vector_array_pair6-&lt;lambda&gt;24]" time="0.0017299652099609375"></testcase><testcase classname="src.pymortests.vectorarray" file="src/pymortests/vectorarray.py" line="816" name="test_sub[compatible_vector_array_pair6-&lt;lambda&gt;25]" time="0.002779722213745117"></testcase><testcase classname="src.pymortests.vectorarray" file="src/pymortests/vectorarray.py" line="816" name="test_sub[compatible_vector_array_pair6-&lt;lambda&gt;26]" time="0.02703547477722168"></testcase><testcase classname="src.pymortests.vectorarray" file="src/pymortests/vectorarray.py" line="816" name="test_sub[compatible_vector_array_pair6-&lt;lambda&gt;27]" time="0.13119745254516602"></testcase><testcase classname="src.pymortests.vectorarray" file="src/pymortests/vectorarray.py" line="816" name="test_sub[compatible_vector_array_pair6-&lt;lambda&gt;28]" time="0.34976720809936523"></testcase><testcase classname="src.pymortests.vectorarray" file="src/pymortests/vectorarray.py" line="816" name="test_sub[compatible_vector_array_pair6-&lt;lambda&gt;29]" time="0.011322259902954102"></testcase><testcase classname="src.pymortests.vectorarray" file="src/pymortests/vectorarray.py" line="816" name="test_sub[compatible_vector_array_pair7-&lt;lambda&gt;0]" time="0.002378225326538086"></testcase><testcase classname="src.pymortests.vectorarray" file="src/pymortests/vectorarray.py" line="816" name="test_sub[compatible_vector_array_pair7-&lt;lambda&gt;1]" time="0.0017285346984863281"></testcase><testcase classname="src.pymortests.vectorarray" file="src/pymortests/vectorarray.py" line="816" name="test_sub[compatible_vector_array_pair7-&lt;lambda&gt;2]" time="0.0016400814056396484"></testcase><testcase classname="src.pymortests.vectorarray" file="src/pymortests/vectorarray.py" line="816" name="test_sub[compatible_vector_array_pair7-&lt;lambda&gt;3]" time="0.0017554759979248047"></testcase><testcase classname="src.pymortests.vectorarray" file="src/pymortests/vectorarray.py" line="816" name="test_sub[compatible_vector_array_pair7-&lt;lambda&gt;4]" time="0.001939535140991211"></testcase><testcase classname="src.pymortests.vectorarray" file="src/pymortests/vectorarray.py" line="816" name="test_sub[compatible_vector_array_pair7-&lt;lambda&gt;5]" time="0.0015914440155029297"></testcase><testcase classname="src.pymortests.vectorarray" file="src/pymortests/vectorarray.py" line="816" name="test_sub[compatible_vector_array_pair7-&lt;lambda&gt;6]" time="0.001506805419921875"></testcase><testcase classname="src.pymortests.vectorarray" file="src/pymortests/vectorarray.py" line="816" name="test_sub[compatible_vector_array_pair7-&lt;lambda&gt;7]" time="0.001554727554321289"></testcase><testcase classname="src.pymortests.vectorarray" file="src/pymortests/vectorarray.py" line="816" name="test_sub[compatible_vector_array_pair7-&lt;lambda&gt;8]" time="0.002126455307006836"></testcase><testcase classname="src.pymortests.vectorarray" file="src/pymortests/vectorarray.py" line="816" name="test_sub[compatible_vector_array_pair7-&lt;lambda&gt;9]" time="0.005548954010009766"></testcase><testcase classname="src.pymortests.vectorarray" file="src/pymortests/vectorarray.py" line="816" name="test_sub[compatible_vector_array_pair7-&lt;lambda&gt;10]" time="0.011827945709228516"></testcase><testcase classname="src.pymortests.vectorarray" file="src/pymortests/vectorarray.py" line="816" name="test_sub[compatible_vector_array_pair7-&lt;lambda&gt;11]" time="0.0025708675384521484"></testcase><testcase classname="src.pymortests.vectorarray" file="src/pymortests/vectorarray.py" line="816" name="test_sub[compatible_vector_array_pair7-&lt;lambda&gt;12]" time="0.002281665802001953"></testcase><testcase classname="src.pymortests.vectorarray" file="src/pymortests/vectorarray.py" line="816" name="test_sub[compatible_vector_array_pair7-&lt;lambda&gt;13]" time="0.002424001693725586"></testcase><testcase classname="src.pymortests.vectorarray" file="src/pymortests/vectorarray.py" line="816" name="test_sub[compatible_vector_array_pair7-&lt;lambda&gt;14]" time="0.0021724700927734375"></testcase><testcase classname="src.pymortests.vectorarray" file="src/pymortests/vectorarray.py" line="816" name="test_sub[compatible_vector_array_pair7-&lt;lambda&gt;15]" time="0.0026597976684570312"></testcase><testcase classname="src.pymortests.vectorarray" file="src/pymortests/vectorarray.py" line="816" name="test_sub[compatible_vector_array_pair7-&lt;lambda&gt;16]" time="0.002999544143676758"></testcase><testcase classname="src.pymortests.vectorarray" file="src/pymortests/vectorarray.py" line="816" name="test_sub[compatible_vector_array_pair7-&lt;lambda&gt;17]" time="0.002866983413696289"></testcase><testcase classname="src.pymortests.vectorarray" file="src/pymortests/vectorarray.py" line="816" name="test_sub[compatible_vector_array_pair7-&lt;lambda&gt;18]" time="0.0024781227111816406"></testcase><testcase classname="src.pymortests.vectorarray" file="src/pymortests/vectorarray.py" line="816" name="test_sub[compatible_vector_array_pair7-&lt;lambda&gt;19]" time="0.002651214599609375"></testcase><testcase classname="src.pymortests.vectorarray" file="src/pymortests/vectorarray.py" line="816" name="test_sub[compatible_vector_array_pair7-&lt;lambda&gt;20]" time="0.027387619018554688"></testcase><testcase classname="src.pymortests.vectorarray" file="src/pymortests/vectorarray.py" line="816" name="test_sub[compatible_vector_array_pair7-&lt;lambda&gt;21]" time="0.019898176193237305"></testcase><testcase classname="src.pymortests.vectorarray" file="src/pymortests/vectorarray.py" line="816" name="test_sub[compatible_vector_array_pair7-&lt;lambda&gt;22]" time="0.053638458251953125"></testcase><testcase classname="src.pymortests.vectorarray" file="src/pymortests/vectorarray.py" line="816" name="test_sub[compatible_vector_array_pair7-&lt;lambda&gt;23]" time="0.0044553279876708984"></testcase><testcase classname="src.pymortests.vectorarray" file="src/pymortests/vectorarray.py" line="816" name="test_sub[compatible_vector_array_pair7-&lt;lambda&gt;24]" time="0.0015549659729003906"></testcase><testcase classname="src.pymortests.vectorarray" file="src/pymortests/vectorarray.py" line="816" name="test_sub[compatible_vector_array_pair7-&lt;lambda&gt;25]" time="0.002423524856567383"></testcase><testcase classname="src.pymortests.vectorarray" file="src/pymortests/vectorarray.py" line="816" name="test_sub[compatible_vector_array_pair7-&lt;lambda&gt;26]" time="0.025229454040527344"></testcase><testcase classname="src.pymortests.vectorarray" file="src/pymortests/vectorarray.py" line="816" name="test_sub[compatible_vector_array_pair7-&lt;lambda&gt;27]" time="0.12973690032958984"></testcase><testcase classname="src.pymortests.vectorarray" file="src/pymortests/vectorarray.py" line="816" name="test_sub[compatible_vector_array_pair7-&lt;lambda&gt;28]" time="0.35668206214904785"></testcase><testcase classname="src.pymortests.vectorarray" file="src/pymortests/vectorarray.py" line="816" name="test_sub[compatible_vector_array_pair7-&lt;lambda&gt;29]" time="0.010906219482421875"></testcase><testcase classname="src.pymortests.vectorarray" file="src/pymortests/vectorarray.py" line="816" name="test_sub[compatible_vector_array_pair8-&lt;lambda&gt;0]" time="0.002354860305786133"></testcase><testcase classname="src.pymortests.vectorarray" file="src/pymortests/vectorarray.py" line="816" name="test_sub[compatible_vector_array_pair8-&lt;lambda&gt;1]" time="0.001983165740966797"></testcase><testcase classname="src.pymortests.vectorarray" file="src/pymortests/vectorarray.py" line="816" name="test_sub[compatible_vector_array_pair8-&lt;lambda&gt;2]" time="0.0018153190612792969"></testcase><testcase classname="src.pymortests.vectorarray" file="src/pymortests/vectorarray.py" line="816" name="test_sub[compatible_vector_array_pair8-&lt;lambda&gt;3]" time="0.00183868408203125"></testcase><testcase classname="src.pymortests.vectorarray" file="src/pymortests/vectorarray.py" line="816" name="test_sub[compatible_vector_array_pair8-&lt;lambda&gt;4]" time="0.0017056465148925781"></testcase><testcase classname="src.pymortests.vectorarray" file="src/pymortests/vectorarray.py" line="816" name="test_sub[compatible_vector_array_pair8-&lt;lambda&gt;5]" time="0.0015766620635986328"></testcase><testcase classname="src.pymortests.vectorarray" file="src/pymortests/vectorarray.py" line="816" name="test_sub[compatible_vector_array_pair8-&lt;lambda&gt;6]" time="0.0015788078308105469"></testcase><testcase classname="src.pymortests.vectorarray" file="src/pymortests/vectorarray.py" line="816" name="test_sub[compatible_vector_array_pair8-&lt;lambda&gt;7]" time="0.0016956329345703125"></testcase><testcase classname="src.pymortests.vectorarray" file="src/pymortests/vectorarray.py" line="816" name="test_sub[compatible_vector_array_pair8-&lt;lambda&gt;8]" time="0.0023429393768310547"></testcase><testcase classname="src.pymortests.vectorarray" file="src/pymortests/vectorarray.py" line="816" name="test_sub[compatible_vector_array_pair8-&lt;lambda&gt;9]" time="0.00552058219909668"></testcase><testcase classname="src.pymortests.vectorarray" file="src/pymortests/vectorarray.py" line="816" name="test_sub[compatible_vector_array_pair8-&lt;lambda&gt;10]" time="0.01048588752746582"></testcase><testcase classname="src.pymortests.vectorarray" file="src/pymortests/vectorarray.py" line="816" name="test_sub[compatible_vector_array_pair8-&lt;lambda&gt;11]" time="0.002664804458618164"></testcase><testcase classname="src.pymortests.vectorarray" file="src/pymortests/vectorarray.py" line="816" name="test_sub[compatible_vector_array_pair8-&lt;lambda&gt;12]" time="0.0021941661834716797"></testcase><testcase classname="src.pymortests.vectorarray" file="src/pymortests/vectorarray.py" line="816" name="test_sub[compatible_vector_array_pair8-&lt;lambda&gt;13]" time="0.0023262500762939453"></testcase><testcase classname="src.pymortests.vectorarray" file="src/pymortests/vectorarray.py" line="816" name="test_sub[compatible_vector_array_pair8-&lt;lambda&gt;14]" time="0.002117633819580078"></testcase><testcase classname="src.pymortests.vectorarray" file="src/pymortests/vectorarray.py" line="816" name="test_sub[compatible_vector_array_pair8-&lt;lambda&gt;15]" time="0.0027675628662109375"></testcase><testcase classname="src.pymortests.vectorarray" file="src/pymortests/vectorarray.py" line="816" name="test_sub[compatible_vector_array_pair8-&lt;lambda&gt;16]" time="0.002843141555786133"></testcase><testcase classname="src.pymortests.vectorarray" file="src/pymortests/vectorarray.py" line="816" name="test_sub[compatible_vector_array_pair8-&lt;lambda&gt;17]" time="0.002669095993041992"></testcase><testcase classname="src.pymortests.vectorarray" file="src/pymortests/vectorarray.py" line="816" name="test_sub[compatible_vector_array_pair8-&lt;lambda&gt;18]" time="0.0024979114532470703"></testcase><testcase classname="src.pymortests.vectorarray" file="src/pymortests/vectorarray.py" line="816" name="test_sub[compatible_vector_array_pair8-&lt;lambda&gt;19]" time="0.002376556396484375"></testcase><testcase classname="src.pymortests.vectorarray" file="src/pymortests/vectorarray.py" line="816" name="test_sub[compatible_vector_array_pair8-&lt;lambda&gt;20]" time="0.028017282485961914"></testcase><testcase classname="src.pymortests.vectorarray" file="src/pymortests/vectorarray.py" line="816" name="test_sub[compatible_vector_array_pair8-&lt;lambda&gt;21]" time="0.02035999298095703"></testcase><testcase classname="src.pymortests.vectorarray" file="src/pymortests/vectorarray.py" line="816" name="test_sub[compatible_vector_array_pair8-&lt;lambda&gt;22]" time="0.055571556091308594"></testcase><testcase classname="src.pymortests.vectorarray" file="src/pymortests/vectorarray.py" line="816" name="test_sub[compatible_vector_array_pair8-&lt;lambda&gt;23]" time="0.004218339920043945"></testcase><testcase classname="src.pymortests.vectorarray" file="src/pymortests/vectorarray.py" line="816" name="test_sub[compatible_vector_array_pair8-&lt;lambda&gt;24]" time="0.0016198158264160156"></testcase><testcase classname="src.pymortests.vectorarray" file="src/pymortests/vectorarray.py" line="816" name="test_sub[compatible_vector_array_pair8-&lt;lambda&gt;25]" time="0.0025751590728759766"></testcase><testcase classname="src.pymortests.vectorarray" file="src/pymortests/vectorarray.py" line="816" name="test_sub[compatible_vector_array_pair8-&lt;lambda&gt;26]" time="0.025745630264282227"></testcase><testcase classname="src.pymortests.vectorarray" file="src/pymortests/vectorarray.py" line="816" name="test_sub[compatible_vector_array_pair8-&lt;lambda&gt;27]" time="0.12975621223449707"></testcase><testcase classname="src.pymortests.vectorarray" file="src/pymortests/vectorarray.py" line="816" name="test_sub[compatible_vector_array_pair8-&lt;lambda&gt;28]" time="0.3485400676727295"></testcase><testcase classname="src.pymortests.vectorarray" file="src/pymortests/vectorarray.py" line="816" name="test_sub[compatible_vector_array_pair8-&lt;lambda&gt;29]" time="0.010962724685668945"></testcase><testcase classname="src.pymortests.vectorarray" file="src/pymortests/vectorarray.py" line="829" name="test_isub[compatible_vector_array_pair0-&lt;lambda&gt;0]" time="0.0021829605102539062"></testcase><testcase classname="src.pymortests.vectorarray" file="src/pymortests/vectorarray.py" line="829" name="test_isub[compatible_vector_array_pair0-&lt;lambda&gt;1]" time="0.001775979995727539"></testcase><testcase classname="src.pymortests.vectorarray" file="src/pymortests/vectorarray.py" line="829" name="test_isub[compatible_vector_array_pair0-&lt;lambda&gt;2]" time="0.0015931129455566406"></testcase><testcase classname="src.pymortests.vectorarray" file="src/pymortests/vectorarray.py" line="829" name="test_isub[compatible_vector_array_pair0-&lt;lambda&gt;3]" time="0.0017566680908203125"></testcase><testcase classname="src.pymortests.vectorarray" file="src/pymortests/vectorarray.py" line="829" name="test_isub[compatible_vector_array_pair0-&lt;lambda&gt;4]" time="0.0015854835510253906"></testcase><testcase classname="src.pymortests.vectorarray" file="src/pymortests/vectorarray.py" line="829" name="test_isub[compatible_vector_array_pair0-&lt;lambda&gt;5]" time="0.0014231204986572266"></testcase><testcase classname="src.pymortests.vectorarray" file="src/pymortests/vectorarray.py" line="829" name="test_isub[compatible_vector_array_pair0-&lt;lambda&gt;6]" time="0.0014348030090332031"></testcase><testcase classname="src.pymortests.vectorarray" file="src/pymortests/vectorarray.py" line="829" name="test_isub[compatible_vector_array_pair0-&lt;lambda&gt;7]" time="0.00141143798828125"></testcase><testcase classname="src.pymortests.vectorarray" file="src/pymortests/vectorarray.py" line="829" name="test_isub[compatible_vector_array_pair0-&lt;lambda&gt;8]" time="0.0017304420471191406"></testcase><testcase classname="src.pymortests.vectorarray" file="src/pymortests/vectorarray.py" line="829" name="test_isub[compatible_vector_array_pair0-&lt;lambda&gt;9]" time="0.003509044647216797"></testcase><testcase classname="src.pymortests.vectorarray" file="src/pymortests/vectorarray.py" line="829" name="test_isub[compatible_vector_array_pair0-&lt;lambda&gt;10]" time="0.006438732147216797"></testcase><testcase classname="src.pymortests.vectorarray" file="src/pymortests/vectorarray.py" line="829" name="test_isub[compatible_vector_array_pair0-&lt;lambda&gt;11]" time="0.001684427261352539"></testcase><testcase classname="src.pymortests.vectorarray" file="src/pymortests/vectorarray.py" line="829" name="test_isub[compatible_vector_array_pair0-&lt;lambda&gt;12]" time="0.0017268657684326172"></testcase><testcase classname="src.pymortests.vectorarray" file="src/pymortests/vectorarray.py" line="829" name="test_isub[compatible_vector_array_pair0-&lt;lambda&gt;13]" time="0.0018548965454101562"></testcase><testcase classname="src.pymortests.vectorarray" file="src/pymortests/vectorarray.py" line="829" name="test_isub[compatible_vector_array_pair0-&lt;lambda&gt;14]" time="0.0017573833465576172"></testcase><testcase classname="src.pymortests.vectorarray" file="src/pymortests/vectorarray.py" line="829" name="test_isub[compatible_vector_array_pair0-&lt;lambda&gt;15]" time="0.002028942108154297"></testcase><testcase classname="src.pymortests.vectorarray" file="src/pymortests/vectorarray.py" line="829" name="test_isub[compatible_vector_array_pair0-&lt;lambda&gt;16]" time="0.0023431777954101562"></testcase><testcase classname="src.pymortests.vectorarray" file="src/pymortests/vectorarray.py" line="829" name="test_isub[compatible_vector_array_pair0-&lt;lambda&gt;17]" time="0.0021681785583496094"></testcase><testcase classname="src.pymortests.vectorarray" file="src/pymortests/vectorarray.py" line="829" name="test_isub[compatible_vector_array_pair0-&lt;lambda&gt;18]" time="0.002148866653442383"></testcase><testcase classname="src.pymortests.vectorarray" file="src/pymortests/vectorarray.py" line="829" name="test_isub[compatible_vector_array_pair0-&lt;lambda&gt;19]" time="0.002392292022705078"></testcase><testcase classname="src.pymortests.vectorarray" file="src/pymortests/vectorarray.py" line="829" name="test_isub[compatible_vector_array_pair0-&lt;lambda&gt;20]" time="0.02799701690673828"></testcase><testcase classname="src.pymortests.vectorarray" file="src/pymortests/vectorarray.py" line="829" name="test_isub[compatible_vector_array_pair0-&lt;lambda&gt;21]" time="0.017086029052734375"></testcase><testcase classname="src.pymortests.vectorarray" file="src/pymortests/vectorarray.py" line="829" name="test_isub[compatible_vector_array_pair0-&lt;lambda&gt;22]" time="0.04724311828613281"></testcase><testcase classname="src.pymortests.vectorarray" file="src/pymortests/vectorarray.py" line="829" name="test_isub[compatible_vector_array_pair0-&lt;lambda&gt;23]" time="0.004026651382446289"></testcase><testcase classname="src.pymortests.vectorarray" file="src/pymortests/vectorarray.py" line="829" name="test_isub[compatible_vector_array_pair0-&lt;lambda&gt;24]" time="0.0014264583587646484"></testcase><testcase classname="src.pymortests.vectorarray" file="src/pymortests/vectorarray.py" line="829" name="test_isub[compatible_vector_array_pair0-&lt;lambda&gt;25]" time="0.0024552345275878906"></testcase><testcase classname="src.pymortests.vectorarray" file="src/pymortests/vectorarray.py" line="829" name="test_isub[compatible_vector_array_pair0-&lt;lambda&gt;26]" time="0.024139404296875"></testcase><testcase classname="src.pymortests.vectorarray" file="src/pymortests/vectorarray.py" line="829" name="test_isub[compatible_vector_array_pair0-&lt;lambda&gt;27]" time="0.08157896995544434"></testcase><testcase classname="src.pymortests.vectorarray" file="src/pymortests/vectorarray.py" line="829" name="test_isub[compatible_vector_array_pair0-&lt;lambda&gt;28]" time="0.23351049423217773"></testcase><testcase classname="src.pymortests.vectorarray" file="src/pymortests/vectorarray.py" line="829" name="test_isub[compatible_vector_array_pair0-&lt;lambda&gt;29]" time="0.008535146713256836"></testcase><testcase classname="src.pymortests.vectorarray" file="src/pymortests/vectorarray.py" line="829" name="test_isub[compatible_vector_array_pair1-&lt;lambda&gt;0]" time="0.002081632614135742"></testcase><testcase classname="src.pymortests.vectorarray" file="src/pymortests/vectorarray.py" line="829" name="test_isub[compatible_vector_array_pair1-&lt;lambda&gt;1]" time="0.0017056465148925781"></testcase><testcase classname="src.pymortests.vectorarray" file="src/pymortests/vectorarray.py" line="829" name="test_isub[compatible_vector_array_pair1-&lt;lambda&gt;2]" time="0.0015845298767089844"></testcase><testcase classname="src.pymortests.vectorarray" file="src/pymortests/vectorarray.py" line="829" name="test_isub[compatible_vector_array_pair1-&lt;lambda&gt;3]" time="0.0017807483673095703"></testcase><testcase classname="src.pymortests.vectorarray" file="src/pymortests/vectorarray.py" line="829" name="test_isub[compatible_vector_array_pair1-&lt;lambda&gt;4]" time="0.0015804767608642578"></testcase><testcase classname="src.pymortests.vectorarray" file="src/pymortests/vectorarray.py" line="829" name="test_isub[compatible_vector_array_pair1-&lt;lambda&gt;5]" time="0.0014903545379638672"></testcase><testcase classname="src.pymortests.vectorarray" file="src/pymortests/vectorarray.py" line="829" name="test_isub[compatible_vector_array_pair1-&lt;lambda&gt;6]" time="0.0014319419860839844"></testcase><testcase classname="src.pymortests.vectorarray" file="src/pymortests/vectorarray.py" line="829" name="test_isub[compatible_vector_array_pair1-&lt;lambda&gt;7]" time="0.0014743804931640625"></testcase><testcase classname="src.pymortests.vectorarray" file="src/pymortests/vectorarray.py" line="829" name="test_isub[compatible_vector_array_pair1-&lt;lambda&gt;8]" time="0.0019156932830810547"></testcase><testcase classname="src.pymortests.vectorarray" file="src/pymortests/vectorarray.py" line="829" name="test_isub[compatible_vector_array_pair1-&lt;lambda&gt;9]" time="0.003639698028564453"></testcase><testcase classname="src.pymortests.vectorarray" file="src/pymortests/vectorarray.py" line="829" name="test_isub[compatible_vector_array_pair1-&lt;lambda&gt;10]" time="0.006824970245361328"></testcase><testcase classname="src.pymortests.vectorarray" file="src/pymortests/vectorarray.py" line="829" name="test_isub[compatible_vector_array_pair1-&lt;lambda&gt;11]" time="0.0017993450164794922"></testcase><testcase classname="src.pymortests.vectorarray" file="src/pymortests/vectorarray.py" line="829" name="test_isub[compatible_vector_array_pair1-&lt;lambda&gt;12]" time="0.0019652843475341797"></testcase><testcase classname="src.pymortests.vectorarray" file="src/pymortests/vectorarray.py" line="829" name="test_isub[compatible_vector_array_pair1-&lt;lambda&gt;13]" time="0.002032041549682617"></testcase><testcase classname="src.pymortests.vectorarray" file="src/pymortests/vectorarray.py" line="829" name="test_isub[compatible_vector_array_pair1-&lt;lambda&gt;14]" time="0.0017590522766113281"></testcase><testcase classname="src.pymortests.vectorarray" file="src/pymortests/vectorarray.py" line="829" name="test_isub[compatible_vector_array_pair1-&lt;lambda&gt;15]" time="0.0020477771759033203"></testcase><testcase classname="src.pymortests.vectorarray" file="src/pymortests/vectorarray.py" line="829" name="test_isub[compatible_vector_array_pair1-&lt;lambda&gt;16]" time="0.0024449825286865234"></testcase><testcase classname="src.pymortests.vectorarray" file="src/pymortests/vectorarray.py" line="829" name="test_isub[compatible_vector_array_pair1-&lt;lambda&gt;17]" time="0.002082347869873047"></testcase><testcase classname="src.pymortests.vectorarray" file="src/pymortests/vectorarray.py" line="829" name="test_isub[compatible_vector_array_pair1-&lt;lambda&gt;18]" time="0.002124786376953125"></testcase><testcase classname="src.pymortests.vectorarray" file="src/pymortests/vectorarray.py" line="829" name="test_isub[compatible_vector_array_pair1-&lt;lambda&gt;19]" time="0.00225067138671875"></testcase><testcase classname="src.pymortests.vectorarray" file="src/pymortests/vectorarray.py" line="829" name="test_isub[compatible_vector_array_pair1-&lt;lambda&gt;20]" time="0.027466297149658203"></testcase><testcase classname="src.pymortests.vectorarray" file="src/pymortests/vectorarray.py" line="829" name="test_isub[compatible_vector_array_pair1-&lt;lambda&gt;21]" time="0.017575740814208984"></testcase><testcase classname="src.pymortests.vectorarray" file="src/pymortests/vectorarray.py" line="829" name="test_isub[compatible_vector_array_pair1-&lt;lambda&gt;22]" time="0.04858112335205078"></testcase><testcase classname="src.pymortests.vectorarray" file="src/pymortests/vectorarray.py" line="829" name="test_isub[compatible_vector_array_pair1-&lt;lambda&gt;23]" time="0.0040302276611328125"></testcase><testcase classname="src.pymortests.vectorarray" file="src/pymortests/vectorarray.py" line="829" name="test_isub[compatible_vector_array_pair1-&lt;lambda&gt;24]" time="0.0014090538024902344"></testcase><testcase classname="src.pymortests.vectorarray" file="src/pymortests/vectorarray.py" line="829" name="test_isub[compatible_vector_array_pair1-&lt;lambda&gt;25]" time="0.002513408660888672"></testcase><testcase classname="src.pymortests.vectorarray" file="src/pymortests/vectorarray.py" line="829" name="test_isub[compatible_vector_array_pair1-&lt;lambda&gt;26]" time="0.02433919906616211"></testcase><testcase classname="src.pymortests.vectorarray" file="src/pymortests/vectorarray.py" line="829" name="test_isub[compatible_vector_array_pair1-&lt;lambda&gt;27]" time="0.0802466869354248"></testcase><testcase classname="src.pymortests.vectorarray" file="src/pymortests/vectorarray.py" line="829" name="test_isub[compatible_vector_array_pair1-&lt;lambda&gt;28]" time="0.22925400733947754"></testcase><testcase classname="src.pymortests.vectorarray" file="src/pymortests/vectorarray.py" line="829" name="test_isub[compatible_vector_array_pair1-&lt;lambda&gt;29]" time="0.008687257766723633"></testcase><testcase classname="src.pymortests.vectorarray" file="src/pymortests/vectorarray.py" line="829" name="test_isub[compatible_vector_array_pair2-&lt;lambda&gt;0]" time="0.0022923946380615234"></testcase><testcase classname="src.pymortests.vectorarray" file="src/pymortests/vectorarray.py" line="829" name="test_isub[compatible_vector_array_pair2-&lt;lambda&gt;1]" time="0.0016584396362304688"></testcase><testcase classname="src.pymortests.vectorarray" file="src/pymortests/vectorarray.py" line="829" name="test_isub[compatible_vector_array_pair2-&lt;lambda&gt;2]" time="0.0015175342559814453"></testcase><testcase classname="src.pymortests.vectorarray" file="src/pymortests/vectorarray.py" line="829" name="test_isub[compatible_vector_array_pair2-&lt;lambda&gt;3]" time="0.0016789436340332031"></testcase><testcase classname="src.pymortests.vectorarray" file="src/pymortests/vectorarray.py" line="829" name="test_isub[compatible_vector_array_pair2-&lt;lambda&gt;4]" time="0.0015075206756591797"></testcase><testcase classname="src.pymortests.vectorarray" file="src/pymortests/vectorarray.py" line="829" name="test_isub[compatible_vector_array_pair2-&lt;lambda&gt;5]" time="0.0015616416931152344"></testcase><testcase classname="src.pymortests.vectorarray" file="src/pymortests/vectorarray.py" line="829" name="test_isub[compatible_vector_array_pair2-&lt;lambda&gt;6]" time="0.0013804435729980469"></testcase><testcase classname="src.pymortests.vectorarray" file="src/pymortests/vectorarray.py" line="829" name="test_isub[compatible_vector_array_pair2-&lt;lambda&gt;7]" time="0.0014426708221435547"></testcase><testcase classname="src.pymortests.vectorarray" file="src/pymortests/vectorarray.py" line="829" name="test_isub[compatible_vector_array_pair2-&lt;lambda&gt;8]" time="0.0018532276153564453"></testcase><testcase classname="src.pymortests.vectorarray" file="src/pymortests/vectorarray.py" line="829" name="test_isub[compatible_vector_array_pair2-&lt;lambda&gt;9]" time="0.0034618377685546875"></testcase><testcase classname="src.pymortests.vectorarray" file="src/pymortests/vectorarray.py" line="829" name="test_isub[compatible_vector_array_pair2-&lt;lambda&gt;10]" time="0.007100343704223633"></testcase><testcase classname="src.pymortests.vectorarray" file="src/pymortests/vectorarray.py" line="829" name="test_isub[compatible_vector_array_pair2-&lt;lambda&gt;11]" time="0.0018296241760253906"></testcase><testcase classname="src.pymortests.vectorarray" file="src/pymortests/vectorarray.py" line="829" name="test_isub[compatible_vector_array_pair2-&lt;lambda&gt;12]" time="0.0017406940460205078"></testcase><testcase classname="src.pymortests.vectorarray" file="src/pymortests/vectorarray.py" line="829" name="test_isub[compatible_vector_array_pair2-&lt;lambda&gt;13]" time="0.001981496810913086"></testcase><testcase classname="src.pymortests.vectorarray" file="src/pymortests/vectorarray.py" line="829" name="test_isub[compatible_vector_array_pair2-&lt;lambda&gt;14]" time="0.0018494129180908203"></testcase><testcase classname="src.pymortests.vectorarray" file="src/pymortests/vectorarray.py" line="829" name="test_isub[compatible_vector_array_pair2-&lt;lambda&gt;15]" time="0.0021216869354248047"></testcase><testcase classname="src.pymortests.vectorarray" file="src/pymortests/vectorarray.py" line="829" name="test_isub[compatible_vector_array_pair2-&lt;lambda&gt;16]" time="0.0024237632751464844"></testcase><testcase classname="src.pymortests.vectorarray" file="src/pymortests/vectorarray.py" line="829" name="test_isub[compatible_vector_array_pair2-&lt;lambda&gt;17]" time="0.0021445751190185547"></testcase><testcase classname="src.pymortests.vectorarray" file="src/pymortests/vectorarray.py" line="829" name="test_isub[compatible_vector_array_pair2-&lt;lambda&gt;18]" time="0.0021598339080810547"></testcase><testcase classname="src.pymortests.vectorarray" file="src/pymortests/vectorarray.py" line="829" name="test_isub[compatible_vector_array_pair2-&lt;lambda&gt;19]" time="0.002240896224975586"></testcase><testcase classname="src.pymortests.vectorarray" file="src/pymortests/vectorarray.py" line="829" name="test_isub[compatible_vector_array_pair2-&lt;lambda&gt;20]" time="0.028762102127075195"></testcase><testcase classname="src.pymortests.vectorarray" file="src/pymortests/vectorarray.py" line="829" name="test_isub[compatible_vector_array_pair2-&lt;lambda&gt;21]" time="0.017061710357666016"></testcase><testcase classname="src.pymortests.vectorarray" file="src/pymortests/vectorarray.py" line="829" name="test_isub[compatible_vector_array_pair2-&lt;lambda&gt;22]" time="0.0492403507232666"></testcase><testcase classname="src.pymortests.vectorarray" file="src/pymortests/vectorarray.py" line="829" name="test_isub[compatible_vector_array_pair2-&lt;lambda&gt;23]" time="0.004010915756225586"></testcase><testcase classname="src.pymortests.vectorarray" file="src/pymortests/vectorarray.py" line="829" name="test_isub[compatible_vector_array_pair2-&lt;lambda&gt;24]" time="0.0015027523040771484"></testcase><testcase classname="src.pymortests.vectorarray" file="src/pymortests/vectorarray.py" line="829" name="test_isub[compatible_vector_array_pair2-&lt;lambda&gt;25]" time="0.0024335384368896484"></testcase><testcase classname="src.pymortests.vectorarray" file="src/pymortests/vectorarray.py" line="829" name="test_isub[compatible_vector_array_pair2-&lt;lambda&gt;26]" time="0.02556014060974121"></testcase><testcase classname="src.pymortests.vectorarray" file="src/pymortests/vectorarray.py" line="829" name="test_isub[compatible_vector_array_pair2-&lt;lambda&gt;27]" time="0.0820002555847168"></testcase><testcase classname="src.pymortests.vectorarray" file="src/pymortests/vectorarray.py" line="829" name="test_isub[compatible_vector_array_pair2-&lt;lambda&gt;28]" time="0.22772216796875"></testcase><testcase classname="src.pymortests.vectorarray" file="src/pymortests/vectorarray.py" line="829" name="test_isub[compatible_vector_array_pair2-&lt;lambda&gt;29]" time="0.008129358291625977"></testcase><testcase classname="src.pymortests.vectorarray" file="src/pymortests/vectorarray.py" line="829" name="test_isub[compatible_vector_array_pair3-&lt;lambda&gt;0]" time="0.0020904541015625"></testcase><testcase classname="src.pymortests.vectorarray" file="src/pymortests/vectorarray.py" line="829" name="test_isub[compatible_vector_array_pair3-&lt;lambda&gt;1]" time="0.0016667842864990234"></testcase><testcase classname="src.pymortests.vectorarray" file="src/pymortests/vectorarray.py" line="829" name="test_isub[compatible_vector_array_pair3-&lt;lambda&gt;2]" time="0.0015215873718261719"></testcase><testcase classname="src.pymortests.vectorarray" file="src/pymortests/vectorarray.py" line="829" name="test_isub[compatible_vector_array_pair3-&lt;lambda&gt;3]" time="0.0017399787902832031"></testcase><testcase classname="src.pymortests.vectorarray" file="src/pymortests/vectorarray.py" line="829" name="test_isub[compatible_vector_array_pair3-&lt;lambda&gt;4]" time="0.0016798973083496094"></testcase><testcase classname="src.pymortests.vectorarray" file="src/pymortests/vectorarray.py" line="829" name="test_isub[compatible_vector_array_pair3-&lt;lambda&gt;5]" time="0.0014882087707519531"></testcase><testcase classname="src.pymortests.vectorarray" file="src/pymortests/vectorarray.py" line="829" name="test_isub[compatible_vector_array_pair3-&lt;lambda&gt;6]" time="0.001409769058227539"></testcase><testcase classname="src.pymortests.vectorarray" file="src/pymortests/vectorarray.py" line="829" name="test_isub[compatible_vector_array_pair3-&lt;lambda&gt;7]" time="0.0015532970428466797"></testcase><testcase classname="src.pymortests.vectorarray" file="src/pymortests/vectorarray.py" line="829" name="test_isub[compatible_vector_array_pair3-&lt;lambda&gt;8]" time="0.001897573471069336"></testcase><testcase classname="src.pymortests.vectorarray" file="src/pymortests/vectorarray.py" line="829" name="test_isub[compatible_vector_array_pair3-&lt;lambda&gt;9]" time="0.0037145614624023438"></testcase><testcase classname="src.pymortests.vectorarray" file="src/pymortests/vectorarray.py" line="829" name="test_isub[compatible_vector_array_pair3-&lt;lambda&gt;10]" time="0.006433963775634766"></testcase><testcase classname="src.pymortests.vectorarray" file="src/pymortests/vectorarray.py" line="829" name="test_isub[compatible_vector_array_pair3-&lt;lambda&gt;11]" time="0.0016536712646484375"></testcase><testcase classname="src.pymortests.vectorarray" file="src/pymortests/vectorarray.py" line="829" name="test_isub[compatible_vector_array_pair3-&lt;lambda&gt;12]" time="0.0017495155334472656"></testcase><testcase classname="src.pymortests.vectorarray" file="src/pymortests/vectorarray.py" line="829" name="test_isub[compatible_vector_array_pair3-&lt;lambda&gt;13]" time="0.0018951892852783203"></testcase><testcase classname="src.pymortests.vectorarray" file="src/pymortests/vectorarray.py" line="829" name="test_isub[compatible_vector_array_pair3-&lt;lambda&gt;14]" time="0.0017611980438232422"></testcase><testcase classname="src.pymortests.vectorarray" file="src/pymortests/vectorarray.py" line="829" name="test_isub[compatible_vector_array_pair3-&lt;lambda&gt;15]" time="0.002254486083984375"></testcase><testcase classname="src.pymortests.vectorarray" file="src/pymortests/vectorarray.py" line="829" name="test_isub[compatible_vector_array_pair3-&lt;lambda&gt;16]" time="0.0024232864379882812"></testcase><testcase classname="src.pymortests.vectorarray" file="src/pymortests/vectorarray.py" line="829" name="test_isub[compatible_vector_array_pair3-&lt;lambda&gt;17]" time="0.002190113067626953"></testcase><testcase classname="src.pymortests.vectorarray" file="src/pymortests/vectorarray.py" line="829" name="test_isub[compatible_vector_array_pair3-&lt;lambda&gt;18]" time="0.0021669864654541016"></testcase><testcase classname="src.pymortests.vectorarray" file="src/pymortests/vectorarray.py" line="829" name="test_isub[compatible_vector_array_pair3-&lt;lambda&gt;19]" time="0.002946615219116211"></testcase><testcase classname="src.pymortests.vectorarray" file="src/pymortests/vectorarray.py" line="829" name="test_isub[compatible_vector_array_pair3-&lt;lambda&gt;20]" time="0.028033018112182617"></testcase><testcase classname="src.pymortests.vectorarray" file="src/pymortests/vectorarray.py" line="829" name="test_isub[compatible_vector_array_pair3-&lt;lambda&gt;21]" time="0.017350435256958008"></testcase><testcase classname="src.pymortests.vectorarray" file="src/pymortests/vectorarray.py" line="829" name="test_isub[compatible_vector_array_pair3-&lt;lambda&gt;22]" time="0.0502469539642334"></testcase><testcase classname="src.pymortests.vectorarray" file="src/pymortests/vectorarray.py" line="829" name="test_isub[compatible_vector_array_pair3-&lt;lambda&gt;23]" time="0.004047393798828125"></testcase><testcase classname="src.pymortests.vectorarray" file="src/pymortests/vectorarray.py" line="829" name="test_isub[compatible_vector_array_pair3-&lt;lambda&gt;24]" time="0.0015492439270019531"></testcase><testcase classname="src.pymortests.vectorarray" file="src/pymortests/vectorarray.py" line="829" name="test_isub[compatible_vector_array_pair3-&lt;lambda&gt;25]" time="0.0024077892303466797"></testcase><testcase classname="src.pymortests.vectorarray" file="src/pymortests/vectorarray.py" line="829" name="test_isub[compatible_vector_array_pair3-&lt;lambda&gt;26]" time="0.02493143081665039"></testcase><testcase classname="src.pymortests.vectorarray" file="src/pymortests/vectorarray.py" line="829" name="test_isub[compatible_vector_array_pair3-&lt;lambda&gt;27]" time="0.10442209243774414"></testcase><testcase classname="src.pymortests.vectorarray" file="src/pymortests/vectorarray.py" line="829" name="test_isub[compatible_vector_array_pair3-&lt;lambda&gt;28]" time="0.28537845611572266"></testcase><testcase classname="src.pymortests.vectorarray" file="src/pymortests/vectorarray.py" line="829" name="test_isub[compatible_vector_array_pair3-&lt;lambda&gt;29]" time="0.00948190689086914"></testcase><testcase classname="src.pymortests.vectorarray" file="src/pymortests/vectorarray.py" line="829" name="test_isub[compatible_vector_array_pair4-&lt;lambda&gt;0]" time="0.0022385120391845703"></testcase><testcase classname="src.pymortests.vectorarray" file="src/pymortests/vectorarray.py" line="829" name="test_isub[compatible_vector_array_pair4-&lt;lambda&gt;1]" time="0.0017232894897460938"></testcase><testcase classname="src.pymortests.vectorarray" file="src/pymortests/vectorarray.py" line="829" name="test_isub[compatible_vector_array_pair4-&lt;lambda&gt;2]" time="0.0016298294067382812"></testcase><testcase classname="src.pymortests.vectorarray" file="src/pymortests/vectorarray.py" line="829" name="test_isub[compatible_vector_array_pair4-&lt;lambda&gt;3]" time="0.0017123222351074219"></testcase><testcase classname="src.pymortests.vectorarray" file="src/pymortests/vectorarray.py" line="829" name="test_isub[compatible_vector_array_pair4-&lt;lambda&gt;4]" time="0.0015273094177246094"></testcase><testcase classname="src.pymortests.vectorarray" file="src/pymortests/vectorarray.py" line="829" name="test_isub[compatible_vector_array_pair4-&lt;lambda&gt;5]" time="0.0014538764953613281"></testcase><testcase classname="src.pymortests.vectorarray" file="src/pymortests/vectorarray.py" line="829" name="test_isub[compatible_vector_array_pair4-&lt;lambda&gt;6]" time="0.00144195556640625"></testcase><testcase classname="src.pymortests.vectorarray" file="src/pymortests/vectorarray.py" line="829" name="test_isub[compatible_vector_array_pair4-&lt;lambda&gt;7]" time="0.0014646053314208984"></testcase><testcase classname="src.pymortests.vectorarray" file="src/pymortests/vectorarray.py" line="829" name="test_isub[compatible_vector_array_pair4-&lt;lambda&gt;8]" time="0.002188444137573242"></testcase><testcase classname="src.pymortests.vectorarray" file="src/pymortests/vectorarray.py" line="829" name="test_isub[compatible_vector_array_pair4-&lt;lambda&gt;9]" time="0.00423884391784668"></testcase><testcase classname="src.pymortests.vectorarray" file="src/pymortests/vectorarray.py" line="829" name="test_isub[compatible_vector_array_pair4-&lt;lambda&gt;10]" time="0.007600307464599609"></testcase><testcase classname="src.pymortests.vectorarray" file="src/pymortests/vectorarray.py" line="829" name="test_isub[compatible_vector_array_pair4-&lt;lambda&gt;11]" time="0.0016732215881347656"></testcase><testcase classname="src.pymortests.vectorarray" file="src/pymortests/vectorarray.py" line="829" name="test_isub[compatible_vector_array_pair4-&lt;lambda&gt;12]" time="0.0019729137420654297"></testcase><testcase classname="src.pymortests.vectorarray" file="src/pymortests/vectorarray.py" line="829" name="test_isub[compatible_vector_array_pair4-&lt;lambda&gt;13]" time="0.0019145011901855469"></testcase><testcase classname="src.pymortests.vectorarray" file="src/pymortests/vectorarray.py" line="829" name="test_isub[compatible_vector_array_pair4-&lt;lambda&gt;14]" time="0.0018382072448730469"></testcase><testcase classname="src.pymortests.vectorarray" file="src/pymortests/vectorarray.py" line="829" name="test_isub[compatible_vector_array_pair4-&lt;lambda&gt;15]" time="0.0022661685943603516"></testcase><testcase classname="src.pymortests.vectorarray" file="src/pymortests/vectorarray.py" line="829" name="test_isub[compatible_vector_array_pair4-&lt;lambda&gt;16]" time="0.0023946762084960938"></testcase><testcase classname="src.pymortests.vectorarray" file="src/pymortests/vectorarray.py" line="829" name="test_isub[compatible_vector_array_pair4-&lt;lambda&gt;17]" time="0.002420186996459961"></testcase><testcase classname="src.pymortests.vectorarray" file="src/pymortests/vectorarray.py" line="829" name="test_isub[compatible_vector_array_pair4-&lt;lambda&gt;18]" time="0.002312898635864258"></testcase><testcase classname="src.pymortests.vectorarray" file="src/pymortests/vectorarray.py" line="829" name="test_isub[compatible_vector_array_pair4-&lt;lambda&gt;19]" time="0.002252817153930664"></testcase><testcase classname="src.pymortests.vectorarray" file="src/pymortests/vectorarray.py" line="829" name="test_isub[compatible_vector_array_pair4-&lt;lambda&gt;20]" time="0.028023958206176758"></testcase><testcase classname="src.pymortests.vectorarray" file="src/pymortests/vectorarray.py" line="829" name="test_isub[compatible_vector_array_pair4-&lt;lambda&gt;21]" time="0.017789602279663086"></testcase><testcase classname="src.pymortests.vectorarray" file="src/pymortests/vectorarray.py" line="829" name="test_isub[compatible_vector_array_pair4-&lt;lambda&gt;22]" time="0.05060577392578125"></testcase><testcase classname="src.pymortests.vectorarray" file="src/pymortests/vectorarray.py" line="829" name="test_isub[compatible_vector_array_pair4-&lt;lambda&gt;23]" time="0.004065513610839844"></testcase><testcase classname="src.pymortests.vectorarray" file="src/pymortests/vectorarray.py" line="829" name="test_isub[compatible_vector_array_pair4-&lt;lambda&gt;24]" time="0.0015363693237304688"></testcase><testcase classname="src.pymortests.vectorarray" file="src/pymortests/vectorarray.py" line="829" name="test_isub[compatible_vector_array_pair4-&lt;lambda&gt;25]" time="0.002541780471801758"></testcase><testcase classname="src.pymortests.vectorarray" file="src/pymortests/vectorarray.py" line="829" name="test_isub[compatible_vector_array_pair4-&lt;lambda&gt;26]" time="0.025295495986938477"></testcase><testcase classname="src.pymortests.vectorarray" file="src/pymortests/vectorarray.py" line="829" name="test_isub[compatible_vector_array_pair4-&lt;lambda&gt;27]" time="0.10586810111999512"></testcase><testcase classname="src.pymortests.vectorarray" file="src/pymortests/vectorarray.py" line="829" name="test_isub[compatible_vector_array_pair4-&lt;lambda&gt;28]" time="0.2849235534667969"></testcase><testcase classname="src.pymortests.vectorarray" file="src/pymortests/vectorarray.py" line="829" name="test_isub[compatible_vector_array_pair4-&lt;lambda&gt;29]" time="0.009633064270019531"></testcase><testcase classname="src.pymortests.vectorarray" file="src/pymortests/vectorarray.py" line="829" name="test_isub[compatible_vector_array_pair5-&lt;lambda&gt;0]" time="0.0021255016326904297"></testcase><testcase classname="src.pymortests.vectorarray" file="src/pymortests/vectorarray.py" line="829" name="test_isub[compatible_vector_array_pair5-&lt;lambda&gt;1]" time="0.0016894340515136719"></testcase><testcase classname="src.pymortests.vectorarray" file="src/pymortests/vectorarray.py" line="829" name="test_isub[compatible_vector_array_pair5-&lt;lambda&gt;2]" time="0.0017137527465820312"></testcase><testcase classname="src.pymortests.vectorarray" file="src/pymortests/vectorarray.py" line="829" name="test_isub[compatible_vector_array_pair5-&lt;lambda&gt;3]" time="0.0017011165618896484"></testcase><testcase classname="src.pymortests.vectorarray" file="src/pymortests/vectorarray.py" line="829" name="test_isub[compatible_vector_array_pair5-&lt;lambda&gt;4]" time="0.0015406608581542969"></testcase><testcase classname="src.pymortests.vectorarray" file="src/pymortests/vectorarray.py" line="829" name="test_isub[compatible_vector_array_pair5-&lt;lambda&gt;5]" time="0.001478433609008789"></testcase><testcase classname="src.pymortests.vectorarray" file="src/pymortests/vectorarray.py" line="829" name="test_isub[compatible_vector_array_pair5-&lt;lambda&gt;6]" time="0.0014486312866210938"></testcase><testcase classname="src.pymortests.vectorarray" file="src/pymortests/vectorarray.py" line="829" name="test_isub[compatible_vector_array_pair5-&lt;lambda&gt;7]" time="0.001402139663696289"></testcase><testcase classname="src.pymortests.vectorarray" file="src/pymortests/vectorarray.py" line="829" name="test_isub[compatible_vector_array_pair5-&lt;lambda&gt;8]" time="0.002057313919067383"></testcase><testcase classname="src.pymortests.vectorarray" file="src/pymortests/vectorarray.py" line="829" name="test_isub[compatible_vector_array_pair5-&lt;lambda&gt;9]" time="0.0039594173431396484"></testcase><testcase classname="src.pymortests.vectorarray" file="src/pymortests/vectorarray.py" line="829" name="test_isub[compatible_vector_array_pair5-&lt;lambda&gt;10]" time="0.0070421695709228516"></testcase><testcase classname="src.pymortests.vectorarray" file="src/pymortests/vectorarray.py" line="829" name="test_isub[compatible_vector_array_pair5-&lt;lambda&gt;11]" time="0.0016696453094482422"></testcase><testcase classname="src.pymortests.vectorarray" file="src/pymortests/vectorarray.py" line="829" name="test_isub[compatible_vector_array_pair5-&lt;lambda&gt;12]" time="0.0018756389617919922"></testcase><testcase classname="src.pymortests.vectorarray" file="src/pymortests/vectorarray.py" line="829" name="test_isub[compatible_vector_array_pair5-&lt;lambda&gt;13]" time="0.0019779205322265625"></testcase><testcase classname="src.pymortests.vectorarray" file="src/pymortests/vectorarray.py" line="829" name="test_isub[compatible_vector_array_pair5-&lt;lambda&gt;14]" time="0.001832723617553711"></testcase><testcase classname="src.pymortests.vectorarray" file="src/pymortests/vectorarray.py" line="829" name="test_isub[compatible_vector_array_pair5-&lt;lambda&gt;15]" time="0.002169370651245117"></testcase><testcase classname="src.pymortests.vectorarray" file="src/pymortests/vectorarray.py" line="829" name="test_isub[compatible_vector_array_pair5-&lt;lambda&gt;16]" time="0.002368927001953125"></testcase><testcase classname="src.pymortests.vectorarray" file="src/pymortests/vectorarray.py" line="829" name="test_isub[compatible_vector_array_pair5-&lt;lambda&gt;17]" time="0.0021889209747314453"></testcase><testcase classname="src.pymortests.vectorarray" file="src/pymortests/vectorarray.py" line="829" name="test_isub[compatible_vector_array_pair5-&lt;lambda&gt;18]" time="0.0023064613342285156"></testcase><testcase classname="src.pymortests.vectorarray" file="src/pymortests/vectorarray.py" line="829" name="test_isub[compatible_vector_array_pair5-&lt;lambda&gt;19]" time="0.0022521018981933594"></testcase><testcase classname="src.pymortests.vectorarray" file="src/pymortests/vectorarray.py" line="829" name="test_isub[compatible_vector_array_pair5-&lt;lambda&gt;20]" time="0.026689767837524414"></testcase><testcase classname="src.pymortests.vectorarray" file="src/pymortests/vectorarray.py" line="829" name="test_isub[compatible_vector_array_pair5-&lt;lambda&gt;21]" time="0.017255306243896484"></testcase><testcase classname="src.pymortests.vectorarray" file="src/pymortests/vectorarray.py" line="829" name="test_isub[compatible_vector_array_pair5-&lt;lambda&gt;22]" time="0.04904365539550781"></testcase><testcase classname="src.pymortests.vectorarray" file="src/pymortests/vectorarray.py" line="829" name="test_isub[compatible_vector_array_pair5-&lt;lambda&gt;23]" time="0.0034914016723632812"></testcase><testcase classname="src.pymortests.vectorarray" file="src/pymortests/vectorarray.py" line="829" name="test_isub[compatible_vector_array_pair5-&lt;lambda&gt;24]" time="0.0013937950134277344"></testcase><testcase classname="src.pymortests.vectorarray" file="src/pymortests/vectorarray.py" line="829" name="test_isub[compatible_vector_array_pair5-&lt;lambda&gt;25]" time="0.0023267269134521484"></testcase><testcase classname="src.pymortests.vectorarray" file="src/pymortests/vectorarray.py" line="829" name="test_isub[compatible_vector_array_pair5-&lt;lambda&gt;26]" time="0.023648738861083984"></testcase><testcase classname="src.pymortests.vectorarray" file="src/pymortests/vectorarray.py" line="829" name="test_isub[compatible_vector_array_pair5-&lt;lambda&gt;27]" time="0.10282564163208008"></testcase><testcase classname="src.pymortests.vectorarray" file="src/pymortests/vectorarray.py" line="829" name="test_isub[compatible_vector_array_pair5-&lt;lambda&gt;28]" time="0.2702000141143799"></testcase><testcase classname="src.pymortests.vectorarray" file="src/pymortests/vectorarray.py" line="829" name="test_isub[compatible_vector_array_pair5-&lt;lambda&gt;29]" time="0.008582353591918945"></testcase><testcase classname="src.pymortests.vectorarray" file="src/pymortests/vectorarray.py" line="829" name="test_isub[compatible_vector_array_pair6-&lt;lambda&gt;0]" time="0.0020668506622314453"></testcase><testcase classname="src.pymortests.vectorarray" file="src/pymortests/vectorarray.py" line="829" name="test_isub[compatible_vector_array_pair6-&lt;lambda&gt;1]" time="0.0015316009521484375"></testcase><testcase classname="src.pymortests.vectorarray" file="src/pymortests/vectorarray.py" line="829" name="test_isub[compatible_vector_array_pair6-&lt;lambda&gt;2]" time="0.001459360122680664"></testcase><testcase classname="src.pymortests.vectorarray" file="src/pymortests/vectorarray.py" line="829" name="test_isub[compatible_vector_array_pair6-&lt;lambda&gt;3]" time="0.0016300678253173828"></testcase><testcase classname="src.pymortests.vectorarray" file="src/pymortests/vectorarray.py" line="829" name="test_isub[compatible_vector_array_pair6-&lt;lambda&gt;4]" time="0.0015535354614257812"></testcase><testcase classname="src.pymortests.vectorarray" file="src/pymortests/vectorarray.py" line="829" name="test_isub[compatible_vector_array_pair6-&lt;lambda&gt;5]" time="0.0013539791107177734"></testcase><testcase classname="src.pymortests.vectorarray" file="src/pymortests/vectorarray.py" line="829" name="test_isub[compatible_vector_array_pair6-&lt;lambda&gt;6]" time="0.0013048648834228516"></testcase><testcase classname="src.pymortests.vectorarray" file="src/pymortests/vectorarray.py" line="829" name="test_isub[compatible_vector_array_pair6-&lt;lambda&gt;7]" time="0.0013194084167480469"></testcase><testcase classname="src.pymortests.vectorarray" file="src/pymortests/vectorarray.py" line="829" name="test_isub[compatible_vector_array_pair6-&lt;lambda&gt;8]" time="0.0015723705291748047"></testcase><testcase classname="src.pymortests.vectorarray" file="src/pymortests/vectorarray.py" line="829" name="test_isub[compatible_vector_array_pair6-&lt;lambda&gt;9]" time="0.003607511520385742"></testcase><testcase classname="src.pymortests.vectorarray" file="src/pymortests/vectorarray.py" line="829" name="test_isub[compatible_vector_array_pair6-&lt;lambda&gt;10]" time="0.006302595138549805"></testcase><testcase classname="src.pymortests.vectorarray" file="src/pymortests/vectorarray.py" line="829" name="test_isub[compatible_vector_array_pair6-&lt;lambda&gt;11]" time="0.0015957355499267578"></testcase><testcase classname="src.pymortests.vectorarray" file="src/pymortests/vectorarray.py" line="829" name="test_isub[compatible_vector_array_pair6-&lt;lambda&gt;12]" time="0.001718759536743164"></testcase><testcase classname="src.pymortests.vectorarray" file="src/pymortests/vectorarray.py" line="829" name="test_isub[compatible_vector_array_pair6-&lt;lambda&gt;13]" time="0.001813650131225586"></testcase><testcase classname="src.pymortests.vectorarray" file="src/pymortests/vectorarray.py" line="829" name="test_isub[compatible_vector_array_pair6-&lt;lambda&gt;14]" time="0.0017948150634765625"></testcase><testcase classname="src.pymortests.vectorarray" file="src/pymortests/vectorarray.py" line="829" name="test_isub[compatible_vector_array_pair6-&lt;lambda&gt;15]" time="0.0019571781158447266"></testcase><testcase classname="src.pymortests.vectorarray" file="src/pymortests/vectorarray.py" line="829" name="test_isub[compatible_vector_array_pair6-&lt;lambda&gt;16]" time="0.0022728443145751953"></testcase><testcase classname="src.pymortests.vectorarray" file="src/pymortests/vectorarray.py" line="829" name="test_isub[compatible_vector_array_pair6-&lt;lambda&gt;17]" time="0.0021271705627441406"></testcase><testcase classname="src.pymortests.vectorarray" file="src/pymortests/vectorarray.py" line="829" name="test_isub[compatible_vector_array_pair6-&lt;lambda&gt;18]" time="0.002040386199951172"></testcase><testcase classname="src.pymortests.vectorarray" file="src/pymortests/vectorarray.py" line="829" name="test_isub[compatible_vector_array_pair6-&lt;lambda&gt;19]" time="0.002197265625"></testcase><testcase classname="src.pymortests.vectorarray" file="src/pymortests/vectorarray.py" line="829" name="test_isub[compatible_vector_array_pair6-&lt;lambda&gt;20]" time="0.026581287384033203"></testcase><testcase classname="src.pymortests.vectorarray" file="src/pymortests/vectorarray.py" line="829" name="test_isub[compatible_vector_array_pair6-&lt;lambda&gt;21]" time="0.01697063446044922"></testcase><testcase classname="src.pymortests.vectorarray" file="src/pymortests/vectorarray.py" line="829" name="test_isub[compatible_vector_array_pair6-&lt;lambda&gt;22]" time="0.047840118408203125"></testcase><testcase classname="src.pymortests.vectorarray" file="src/pymortests/vectorarray.py" line="829" name="test_isub[compatible_vector_array_pair6-&lt;lambda&gt;23]" time="0.003685474395751953"></testcase><testcase classname="src.pymortests.vectorarray" file="src/pymortests/vectorarray.py" line="829" name="test_isub[compatible_vector_array_pair6-&lt;lambda&gt;24]" time="0.0013267993927001953"></testcase><testcase classname="src.pymortests.vectorarray" file="src/pymortests/vectorarray.py" line="829" name="test_isub[compatible_vector_array_pair6-&lt;lambda&gt;25]" time="0.002259969711303711"></testcase><testcase classname="src.pymortests.vectorarray" file="src/pymortests/vectorarray.py" line="829" name="test_isub[compatible_vector_array_pair6-&lt;lambda&gt;26]" time="0.023918867111206055"></testcase><testcase classname="src.pymortests.vectorarray" file="src/pymortests/vectorarray.py" line="829" name="test_isub[compatible_vector_array_pair6-&lt;lambda&gt;27]" time="0.10089373588562012"></testcase><testcase classname="src.pymortests.vectorarray" file="src/pymortests/vectorarray.py" line="829" name="test_isub[compatible_vector_array_pair6-&lt;lambda&gt;28]" time="0.27420687675476074"></testcase><testcase classname="src.pymortests.vectorarray" file="src/pymortests/vectorarray.py" line="829" name="test_isub[compatible_vector_array_pair6-&lt;lambda&gt;29]" time="0.008421897888183594"></testcase><testcase classname="src.pymortests.vectorarray" file="src/pymortests/vectorarray.py" line="829" name="test_isub[compatible_vector_array_pair7-&lt;lambda&gt;0]" time="0.0015077590942382812"></testcase><testcase classname="src.pymortests.vectorarray" file="src/pymortests/vectorarray.py" line="829" name="test_isub[compatible_vector_array_pair7-&lt;lambda&gt;1]" time="0.0014379024505615234"></testcase><testcase classname="src.pymortests.vectorarray" file="src/pymortests/vectorarray.py" line="829" name="test_isub[compatible_vector_array_pair7-&lt;lambda&gt;2]" time="0.0014927387237548828"></testcase><testcase classname="src.pymortests.vectorarray" file="src/pymortests/vectorarray.py" line="829" name="test_isub[compatible_vector_array_pair7-&lt;lambda&gt;3]" time="0.0015082359313964844"></testcase><testcase classname="src.pymortests.vectorarray" file="src/pymortests/vectorarray.py" line="829" name="test_isub[compatible_vector_array_pair7-&lt;lambda&gt;4]" time="0.001375436782836914"></testcase><testcase classname="src.pymortests.vectorarray" file="src/pymortests/vectorarray.py" line="829" name="test_isub[compatible_vector_array_pair7-&lt;lambda&gt;5]" time="0.0013251304626464844"></testcase><testcase classname="src.pymortests.vectorarray" file="src/pymortests/vectorarray.py" line="829" name="test_isub[compatible_vector_array_pair7-&lt;lambda&gt;6]" time="0.0012884140014648438"></testcase><testcase classname="src.pymortests.vectorarray" file="src/pymortests/vectorarray.py" line="829" name="test_isub[compatible_vector_array_pair7-&lt;lambda&gt;7]" time="0.0013589859008789062"></testcase><testcase classname="src.pymortests.vectorarray" file="src/pymortests/vectorarray.py" line="829" name="test_isub[compatible_vector_array_pair7-&lt;lambda&gt;8]" time="0.0016813278198242188"></testcase><testcase classname="src.pymortests.vectorarray" file="src/pymortests/vectorarray.py" line="829" name="test_isub[compatible_vector_array_pair7-&lt;lambda&gt;9]" time="0.003556489944458008"></testcase><testcase classname="src.pymortests.vectorarray" file="src/pymortests/vectorarray.py" line="829" name="test_isub[compatible_vector_array_pair7-&lt;lambda&gt;10]" time="0.00650787353515625"></testcase><testcase classname="src.pymortests.vectorarray" file="src/pymortests/vectorarray.py" line="829" name="test_isub[compatible_vector_array_pair7-&lt;lambda&gt;11]" time="0.0015170574188232422"></testcase><testcase classname="src.pymortests.vectorarray" file="src/pymortests/vectorarray.py" line="829" name="test_isub[compatible_vector_array_pair7-&lt;lambda&gt;12]" time="0.0018055438995361328"></testcase><testcase classname="src.pymortests.vectorarray" file="src/pymortests/vectorarray.py" line="829" name="test_isub[compatible_vector_array_pair7-&lt;lambda&gt;13]" time="0.0018765926361083984"></testcase><testcase classname="src.pymortests.vectorarray" file="src/pymortests/vectorarray.py" line="829" name="test_isub[compatible_vector_array_pair7-&lt;lambda&gt;14]" time="0.0017740726470947266"></testcase><testcase classname="src.pymortests.vectorarray" file="src/pymortests/vectorarray.py" line="829" name="test_isub[compatible_vector_array_pair7-&lt;lambda&gt;15]" time="0.0019783973693847656"></testcase><testcase classname="src.pymortests.vectorarray" file="src/pymortests/vectorarray.py" line="829" name="test_isub[compatible_vector_array_pair7-&lt;lambda&gt;16]" time="0.002210378646850586"></testcase><testcase classname="src.pymortests.vectorarray" file="src/pymortests/vectorarray.py" line="829" name="test_isub[compatible_vector_array_pair7-&lt;lambda&gt;17]" time="0.0021517276763916016"></testcase><testcase classname="src.pymortests.vectorarray" file="src/pymortests/vectorarray.py" line="829" name="test_isub[compatible_vector_array_pair7-&lt;lambda&gt;18]" time="0.001971006393432617"></testcase><testcase classname="src.pymortests.vectorarray" file="src/pymortests/vectorarray.py" line="829" name="test_isub[compatible_vector_array_pair7-&lt;lambda&gt;19]" time="0.0020186901092529297"></testcase><testcase classname="src.pymortests.vectorarray" file="src/pymortests/vectorarray.py" line="829" name="test_isub[compatible_vector_array_pair7-&lt;lambda&gt;20]" time="0.0258176326751709"></testcase><testcase classname="src.pymortests.vectorarray" file="src/pymortests/vectorarray.py" line="829" name="test_isub[compatible_vector_array_pair7-&lt;lambda&gt;21]" time="0.017381906509399414"></testcase><testcase classname="src.pymortests.vectorarray" file="src/pymortests/vectorarray.py" line="829" name="test_isub[compatible_vector_array_pair7-&lt;lambda&gt;22]" time="0.04642081260681152"></testcase><testcase classname="src.pymortests.vectorarray" file="src/pymortests/vectorarray.py" line="829" name="test_isub[compatible_vector_array_pair7-&lt;lambda&gt;23]" time="0.003561258316040039"></testcase><testcase classname="src.pymortests.vectorarray" file="src/pymortests/vectorarray.py" line="829" name="test_isub[compatible_vector_array_pair7-&lt;lambda&gt;24]" time="0.0013365745544433594"></testcase><testcase classname="src.pymortests.vectorarray" file="src/pymortests/vectorarray.py" line="829" name="test_isub[compatible_vector_array_pair7-&lt;lambda&gt;25]" time="0.002233266830444336"></testcase><testcase classname="src.pymortests.vectorarray" file="src/pymortests/vectorarray.py" line="829" name="test_isub[compatible_vector_array_pair7-&lt;lambda&gt;26]" time="0.023342370986938477"></testcase><testcase classname="src.pymortests.vectorarray" file="src/pymortests/vectorarray.py" line="829" name="test_isub[compatible_vector_array_pair7-&lt;lambda&gt;27]" time="0.09930419921875"></testcase><testcase classname="src.pymortests.vectorarray" file="src/pymortests/vectorarray.py" line="829" name="test_isub[compatible_vector_array_pair7-&lt;lambda&gt;28]" time="0.2788059711456299"></testcase><testcase classname="src.pymortests.vectorarray" file="src/pymortests/vectorarray.py" line="829" name="test_isub[compatible_vector_array_pair7-&lt;lambda&gt;29]" time="0.008189678192138672"></testcase><testcase classname="src.pymortests.vectorarray" file="src/pymortests/vectorarray.py" line="829" name="test_isub[compatible_vector_array_pair8-&lt;lambda&gt;0]" time="0.0015232563018798828"></testcase><testcase classname="src.pymortests.vectorarray" file="src/pymortests/vectorarray.py" line="829" name="test_isub[compatible_vector_array_pair8-&lt;lambda&gt;1]" time="0.001379251480102539"></testcase><testcase classname="src.pymortests.vectorarray" file="src/pymortests/vectorarray.py" line="829" name="test_isub[compatible_vector_array_pair8-&lt;lambda&gt;2]" time="0.0013725757598876953"></testcase><testcase classname="src.pymortests.vectorarray" file="src/pymortests/vectorarray.py" line="829" name="test_isub[compatible_vector_array_pair8-&lt;lambda&gt;3]" time="0.001486063003540039"></testcase><testcase classname="src.pymortests.vectorarray" file="src/pymortests/vectorarray.py" line="829" name="test_isub[compatible_vector_array_pair8-&lt;lambda&gt;4]" time="0.001329183578491211"></testcase><testcase classname="src.pymortests.vectorarray" file="src/pymortests/vectorarray.py" line="829" name="test_isub[compatible_vector_array_pair8-&lt;lambda&gt;5]" time="0.0013430118560791016"></testcase><testcase classname="src.pymortests.vectorarray" file="src/pymortests/vectorarray.py" line="829" name="test_isub[compatible_vector_array_pair8-&lt;lambda&gt;6]" time="0.0012576580047607422"></testcase><testcase classname="src.pymortests.vectorarray" file="src/pymortests/vectorarray.py" line="829" name="test_isub[compatible_vector_array_pair8-&lt;lambda&gt;7]" time="0.0012979507446289062"></testcase><testcase classname="src.pymortests.vectorarray" file="src/pymortests/vectorarray.py" line="829" name="test_isub[compatible_vector_array_pair8-&lt;lambda&gt;8]" time="0.0016369819641113281"></testcase><testcase classname="src.pymortests.vectorarray" file="src/pymortests/vectorarray.py" line="829" name="test_isub[compatible_vector_array_pair8-&lt;lambda&gt;9]" time="0.003755807876586914"></testcase><testcase classname="src.pymortests.vectorarray" file="src/pymortests/vectorarray.py" line="829" name="test_isub[compatible_vector_array_pair8-&lt;lambda&gt;10]" time="0.006953239440917969"></testcase><testcase classname="src.pymortests.vectorarray" file="src/pymortests/vectorarray.py" line="829" name="test_isub[compatible_vector_array_pair8-&lt;lambda&gt;11]" time="0.0015442371368408203"></testcase><testcase classname="src.pymortests.vectorarray" file="src/pymortests/vectorarray.py" line="829" name="test_isub[compatible_vector_array_pair8-&lt;lambda&gt;12]" time="0.0016739368438720703"></testcase><testcase classname="src.pymortests.vectorarray" file="src/pymortests/vectorarray.py" line="829" name="test_isub[compatible_vector_array_pair8-&lt;lambda&gt;13]" time="0.0018069744110107422"></testcase><testcase classname="src.pymortests.vectorarray" file="src/pymortests/vectorarray.py" line="829" name="test_isub[compatible_vector_array_pair8-&lt;lambda&gt;14]" time="0.001706838607788086"></testcase><testcase classname="src.pymortests.vectorarray" file="src/pymortests/vectorarray.py" line="829" name="test_isub[compatible_vector_array_pair8-&lt;lambda&gt;15]" time="0.0020096302032470703"></testcase><testcase classname="src.pymortests.vectorarray" file="src/pymortests/vectorarray.py" line="829" name="test_isub[compatible_vector_array_pair8-&lt;lambda&gt;16]" time="0.0023221969604492188"></testcase><testcase classname="src.pymortests.vectorarray" file="src/pymortests/vectorarray.py" line="829" name="test_isub[compatible_vector_array_pair8-&lt;lambda&gt;17]" time="0.002216815948486328"></testcase><testcase classname="src.pymortests.vectorarray" file="src/pymortests/vectorarray.py" line="829" name="test_isub[compatible_vector_array_pair8-&lt;lambda&gt;18]" time="0.0020966529846191406"></testcase><testcase classname="src.pymortests.vectorarray" file="src/pymortests/vectorarray.py" line="829" name="test_isub[compatible_vector_array_pair8-&lt;lambda&gt;19]" time="0.002044677734375"></testcase><testcase classname="src.pymortests.vectorarray" file="src/pymortests/vectorarray.py" line="829" name="test_isub[compatible_vector_array_pair8-&lt;lambda&gt;20]" time="0.026075363159179688"></testcase><testcase classname="src.pymortests.vectorarray" file="src/pymortests/vectorarray.py" line="829" name="test_isub[compatible_vector_array_pair8-&lt;lambda&gt;21]" time="0.01610112190246582"></testcase><testcase classname="src.pymortests.vectorarray" file="src/pymortests/vectorarray.py" line="829" name="test_isub[compatible_vector_array_pair8-&lt;lambda&gt;22]" time="0.047393798828125"></testcase><testcase classname="src.pymortests.vectorarray" file="src/pymortests/vectorarray.py" line="829" name="test_isub[compatible_vector_array_pair8-&lt;lambda&gt;23]" time="0.003489255905151367"></testcase><testcase classname="src.pymortests.vectorarray" file="src/pymortests/vectorarray.py" line="829" name="test_isub[compatible_vector_array_pair8-&lt;lambda&gt;24]" time="0.0012891292572021484"></testcase><testcase classname="src.pymortests.vectorarray" file="src/pymortests/vectorarray.py" line="829" name="test_isub[compatible_vector_array_pair8-&lt;lambda&gt;25]" time="0.0021910667419433594"></testcase><testcase classname="src.pymortests.vectorarray" file="src/pymortests/vectorarray.py" line="829" name="test_isub[compatible_vector_array_pair8-&lt;lambda&gt;26]" time="0.023421049118041992"></testcase><testcase classname="src.pymortests.vectorarray" file="src/pymortests/vectorarray.py" line="829" name="test_isub[compatible_vector_array_pair8-&lt;lambda&gt;27]" time="0.09897637367248535"></testcase><testcase classname="src.pymortests.vectorarray" file="src/pymortests/vectorarray.py" line="829" name="test_isub[compatible_vector_array_pair8-&lt;lambda&gt;28]" time="0.2751498222351074"></testcase><testcase classname="src.pymortests.vectorarray" file="src/pymortests/vectorarray.py" line="829" name="test_isub[compatible_vector_array_pair8-&lt;lambda&gt;29]" time="0.008152246475219727"></testcase><testcase classname="src.pymortests.vectorarray" file="src/pymortests/vectorarray.py" line="841" name="test_neg[0-&lt;lambda&gt;0]" time="0.0014903545379638672"></testcase><testcase classname="src.pymortests.vectorarray" file="src/pymortests/vectorarray.py" line="841" name="test_neg[0-&lt;lambda&gt;1]" time="0.0014615058898925781"></testcase><testcase classname="src.pymortests.vectorarray" file="src/pymortests/vectorarray.py" line="841" name="test_neg[0-&lt;lambda&gt;2]" time="0.0013349056243896484"></testcase><testcase classname="src.pymortests.vectorarray" file="src/pymortests/vectorarray.py" line="841" name="test_neg[0-&lt;lambda&gt;3]" time="0.0013971328735351562"></testcase><testcase classname="src.pymortests.vectorarray" file="src/pymortests/vectorarray.py" line="841" name="test_neg[0-&lt;lambda&gt;4]" time="0.0012862682342529297"></testcase><testcase classname="src.pymortests.vectorarray" file="src/pymortests/vectorarray.py" line="841" name="test_neg[0-&lt;lambda&gt;5]" time="0.0013184547424316406"></testcase><testcase classname="src.pymortests.vectorarray" file="src/pymortests/vectorarray.py" line="841" name="test_neg[0-&lt;lambda&gt;6]" time="0.0012295246124267578"></testcase><testcase classname="src.pymortests.vectorarray" file="src/pymortests/vectorarray.py" line="841" name="test_neg[0-&lt;lambda&gt;7]" time="0.0014522075653076172"></testcase><testcase classname="src.pymortests.vectorarray" file="src/pymortests/vectorarray.py" line="841" name="test_neg[0-&lt;lambda&gt;8]" time="0.004436969757080078"></testcase><testcase classname="src.pymortests.vectorarray" file="src/pymortests/vectorarray.py" line="841" name="test_neg[0-&lt;lambda&gt;9]" time="0.0077250003814697266"></testcase><testcase classname="src.pymortests.vectorarray" file="src/pymortests/vectorarray.py" line="841" name="test_neg[0-&lt;lambda&gt;10]" time="0.001705169677734375"></testcase><testcase classname="src.pymortests.vectorarray" file="src/pymortests/vectorarray.py" line="841" name="test_neg[0-&lt;lambda&gt;11]" time="0.0017578601837158203"></testcase><testcase classname="src.pymortests.vectorarray" file="src/pymortests/vectorarray.py" line="841" name="test_neg[0-&lt;lambda&gt;12]" time="0.0016853809356689453"></testcase><testcase classname="src.pymortests.vectorarray" file="src/pymortests/vectorarray.py" line="841" name="test_neg[0-&lt;lambda&gt;13]" time="0.0015606880187988281"></testcase><testcase classname="src.pymortests.vectorarray" file="src/pymortests/vectorarray.py" line="841" name="test_neg[0-&lt;lambda&gt;14]" time="0.0016639232635498047"></testcase><testcase classname="src.pymortests.vectorarray" file="src/pymortests/vectorarray.py" line="841" name="test_neg[0-&lt;lambda&gt;15]" time="0.002023935317993164"></testcase><testcase classname="src.pymortests.vectorarray" file="src/pymortests/vectorarray.py" line="841" name="test_neg[0-&lt;lambda&gt;16]" time="0.0018982887268066406"></testcase><testcase classname="src.pymortests.vectorarray" file="src/pymortests/vectorarray.py" line="841" name="test_neg[0-&lt;lambda&gt;17]" time="0.0018944740295410156"></testcase><testcase classname="src.pymortests.vectorarray" file="src/pymortests/vectorarray.py" line="841" name="test_neg[0-&lt;lambda&gt;18]" time="0.001688241958618164"></testcase><testcase classname="src.pymortests.vectorarray" file="src/pymortests/vectorarray.py" line="841" name="test_neg[0-&lt;lambda&gt;19]" time="0.0028839111328125"></testcase><testcase classname="src.pymortests.vectorarray" file="src/pymortests/vectorarray.py" line="841" name="test_neg[0-&lt;lambda&gt;20]" time="0.014833450317382812"></testcase><testcase classname="src.pymortests.vectorarray" file="src/pymortests/vectorarray.py" line="841" name="test_neg[0-&lt;lambda&gt;21]" time="0.03365039825439453"></testcase><testcase classname="src.pymortests.vectorarray" file="src/pymortests/vectorarray.py" line="841" name="test_neg[0-&lt;lambda&gt;22]" time="0.0019142627716064453"></testcase><testcase classname="src.pymortests.vectorarray" file="src/pymortests/vectorarray.py" line="841" name="test_neg[0-&lt;lambda&gt;23]" time="0.0014190673828125"></testcase><testcase classname="src.pymortests.vectorarray" file="src/pymortests/vectorarray.py" line="841" name="test_neg[0-&lt;lambda&gt;24]" time="0.005240917205810547"></testcase><testcase classname="src.pymortests.vectorarray" file="src/pymortests/vectorarray.py" line="841" name="test_neg[0-&lt;lambda&gt;25]" time="0.11660552024841309"></testcase><testcase classname="src.pymortests.vectorarray" file="src/pymortests/vectorarray.py" line="841" name="test_neg[0-&lt;lambda&gt;26]" time="0.2738511562347412"></testcase><testcase classname="src.pymortests.vectorarray" file="src/pymortests/vectorarray.py" line="841" name="test_neg[1-&lt;lambda&gt;0]" time="0.0022325515747070312"></testcase><testcase classname="src.pymortests.vectorarray" file="src/pymortests/vectorarray.py" line="841" name="test_neg[1-&lt;lambda&gt;1]" time="0.0015239715576171875"></testcase><testcase classname="src.pymortests.vectorarray" file="src/pymortests/vectorarray.py" line="841" name="test_neg[1-&lt;lambda&gt;2]" time="0.0014667510986328125"></testcase><testcase classname="src.pymortests.vectorarray" file="src/pymortests/vectorarray.py" line="841" name="test_neg[1-&lt;lambda&gt;3]" time="0.0015573501586914062"></testcase><testcase classname="src.pymortests.vectorarray" file="src/pymortests/vectorarray.py" line="841" name="test_neg[1-&lt;lambda&gt;4]" time="0.0014793872833251953"></testcase><testcase classname="src.pymortests.vectorarray" file="src/pymortests/vectorarray.py" line="841" name="test_neg[1-&lt;lambda&gt;5]" time="0.0014107227325439453"></testcase><testcase classname="src.pymortests.vectorarray" file="src/pymortests/vectorarray.py" line="841" name="test_neg[1-&lt;lambda&gt;6]" time="0.0013844966888427734"></testcase><testcase classname="src.pymortests.vectorarray" file="src/pymortests/vectorarray.py" line="841" name="test_neg[1-&lt;lambda&gt;7]" time="0.0015401840209960938"></testcase><testcase classname="src.pymortests.vectorarray" file="src/pymortests/vectorarray.py" line="841" name="test_neg[1-&lt;lambda&gt;8]" time="0.004904747009277344"></testcase><testcase classname="src.pymortests.vectorarray" file="src/pymortests/vectorarray.py" line="841" name="test_neg[1-&lt;lambda&gt;9]" time="0.008359670639038086"></testcase><testcase classname="src.pymortests.vectorarray" file="src/pymortests/vectorarray.py" line="841" name="test_neg[1-&lt;lambda&gt;10]" time="0.0018796920776367188"></testcase><testcase classname="src.pymortests.vectorarray" file="src/pymortests/vectorarray.py" line="841" name="test_neg[1-&lt;lambda&gt;11]" time="0.0018520355224609375"></testcase><testcase classname="src.pymortests.vectorarray" file="src/pymortests/vectorarray.py" line="841" name="test_neg[1-&lt;lambda&gt;12]" time="0.0018079280853271484"></testcase><testcase classname="src.pymortests.vectorarray" file="src/pymortests/vectorarray.py" line="841" name="test_neg[1-&lt;lambda&gt;13]" time="0.0015795230865478516"></testcase><testcase classname="src.pymortests.vectorarray" file="src/pymortests/vectorarray.py" line="841" name="test_neg[1-&lt;lambda&gt;14]" time="0.001781463623046875"></testcase><testcase classname="src.pymortests.vectorarray" file="src/pymortests/vectorarray.py" line="841" name="test_neg[1-&lt;lambda&gt;15]" time="0.0020384788513183594"></testcase><testcase classname="src.pymortests.vectorarray" file="src/pymortests/vectorarray.py" line="841" name="test_neg[1-&lt;lambda&gt;16]" time="0.0018930435180664062"></testcase><testcase classname="src.pymortests.vectorarray" file="src/pymortests/vectorarray.py" line="841" name="test_neg[1-&lt;lambda&gt;17]" time="0.001783132553100586"></testcase><testcase classname="src.pymortests.vectorarray" file="src/pymortests/vectorarray.py" line="841" name="test_neg[1-&lt;lambda&gt;18]" time="0.0016367435455322266"></testcase><testcase classname="src.pymortests.vectorarray" file="src/pymortests/vectorarray.py" line="841" name="test_neg[1-&lt;lambda&gt;19]" time="0.003007650375366211"></testcase><testcase classname="src.pymortests.vectorarray" file="src/pymortests/vectorarray.py" line="841" name="test_neg[1-&lt;lambda&gt;20]" time="0.014951705932617188"></testcase><testcase classname="src.pymortests.vectorarray" file="src/pymortests/vectorarray.py" line="841" name="test_neg[1-&lt;lambda&gt;21]" time="0.033248186111450195"></testcase><testcase classname="src.pymortests.vectorarray" file="src/pymortests/vectorarray.py" line="841" name="test_neg[1-&lt;lambda&gt;22]" time="0.001967906951904297"></testcase><testcase classname="src.pymortests.vectorarray" file="src/pymortests/vectorarray.py" line="841" name="test_neg[1-&lt;lambda&gt;23]" time="0.0013623237609863281"></testcase><testcase classname="src.pymortests.vectorarray" file="src/pymortests/vectorarray.py" line="841" name="test_neg[1-&lt;lambda&gt;24]" time="0.0056552886962890625"></testcase><testcase classname="src.pymortests.vectorarray" file="src/pymortests/vectorarray.py" line="841" name="test_neg[1-&lt;lambda&gt;25]" time="0.12030982971191406"></testcase><testcase classname="src.pymortests.vectorarray" file="src/pymortests/vectorarray.py" line="841" name="test_neg[1-&lt;lambda&gt;26]" time="0.27240777015686035"></testcase><testcase classname="src.pymortests.vectorarray" file="src/pymortests/vectorarray.py" line="841" name="test_neg[2-&lt;lambda&gt;0]" time="0.002131223678588867"></testcase><testcase classname="src.pymortests.vectorarray" file="src/pymortests/vectorarray.py" line="841" name="test_neg[2-&lt;lambda&gt;1]" time="0.0014958381652832031"></testcase><testcase classname="src.pymortests.vectorarray" file="src/pymortests/vectorarray.py" line="841" name="test_neg[2-&lt;lambda&gt;2]" time="0.0014445781707763672"></testcase><testcase classname="src.pymortests.vectorarray" file="src/pymortests/vectorarray.py" line="841" name="test_neg[2-&lt;lambda&gt;3]" time="0.0014145374298095703"></testcase><testcase classname="src.pymortests.vectorarray" file="src/pymortests/vectorarray.py" line="841" name="test_neg[2-&lt;lambda&gt;4]" time="0.001341104507446289"></testcase><testcase classname="src.pymortests.vectorarray" file="src/pymortests/vectorarray.py" line="841" name="test_neg[2-&lt;lambda&gt;5]" time="0.0012698173522949219"></testcase><testcase classname="src.pymortests.vectorarray" file="src/pymortests/vectorarray.py" line="841" name="test_neg[2-&lt;lambda&gt;6]" time="0.0013098716735839844"></testcase><testcase classname="src.pymortests.vectorarray" file="src/pymortests/vectorarray.py" line="841" name="test_neg[2-&lt;lambda&gt;7]" time="0.001407623291015625"></testcase><testcase classname="src.pymortests.vectorarray" file="src/pymortests/vectorarray.py" line="841" name="test_neg[2-&lt;lambda&gt;8]" time="0.00467681884765625"></testcase><testcase classname="src.pymortests.vectorarray" file="src/pymortests/vectorarray.py" line="841" name="test_neg[2-&lt;lambda&gt;9]" time="0.008160829544067383"></testcase><testcase classname="src.pymortests.vectorarray" file="src/pymortests/vectorarray.py" line="841" name="test_neg[2-&lt;lambda&gt;10]" time="0.0020318031311035156"></testcase><testcase classname="src.pymortests.vectorarray" file="src/pymortests/vectorarray.py" line="841" name="test_neg[2-&lt;lambda&gt;11]" time="0.0018630027770996094"></testcase><testcase classname="src.pymortests.vectorarray" file="src/pymortests/vectorarray.py" line="841" name="test_neg[2-&lt;lambda&gt;12]" time="0.0018067359924316406"></testcase><testcase classname="src.pymortests.vectorarray" file="src/pymortests/vectorarray.py" line="841" name="test_neg[2-&lt;lambda&gt;13]" time="0.0015704631805419922"></testcase><testcase classname="src.pymortests.vectorarray" file="src/pymortests/vectorarray.py" line="841" name="test_neg[2-&lt;lambda&gt;14]" time="0.0018084049224853516"></testcase><testcase classname="src.pymortests.vectorarray" file="src/pymortests/vectorarray.py" line="841" name="test_neg[2-&lt;lambda&gt;15]" time="0.001992464065551758"></testcase><testcase classname="src.pymortests.vectorarray" file="src/pymortests/vectorarray.py" line="841" name="test_neg[2-&lt;lambda&gt;16]" time="0.0019147396087646484"></testcase><testcase classname="src.pymortests.vectorarray" file="src/pymortests/vectorarray.py" line="841" name="test_neg[2-&lt;lambda&gt;17]" time="0.0017788410186767578"></testcase><testcase classname="src.pymortests.vectorarray" file="src/pymortests/vectorarray.py" line="841" name="test_neg[2-&lt;lambda&gt;18]" time="0.0017001628875732422"></testcase><testcase classname="src.pymortests.vectorarray" file="src/pymortests/vectorarray.py" line="841" name="test_neg[2-&lt;lambda&gt;19]" time="0.002958059310913086"></testcase><testcase classname="src.pymortests.vectorarray" file="src/pymortests/vectorarray.py" line="841" name="test_neg[2-&lt;lambda&gt;20]" time="0.014517545700073242"></testcase><testcase classname="src.pymortests.vectorarray" file="src/pymortests/vectorarray.py" line="841" name="test_neg[2-&lt;lambda&gt;21]" time="0.03318381309509277"></testcase><testcase classname="src.pymortests.vectorarray" file="src/pymortests/vectorarray.py" line="841" name="test_neg[2-&lt;lambda&gt;22]" time="0.0019023418426513672"></testcase><testcase classname="src.pymortests.vectorarray" file="src/pymortests/vectorarray.py" line="841" name="test_neg[2-&lt;lambda&gt;23]" time="0.0013322830200195312"></testcase><testcase classname="src.pymortests.vectorarray" file="src/pymortests/vectorarray.py" line="841" name="test_neg[2-&lt;lambda&gt;24]" time="0.004975795745849609"></testcase><testcase classname="src.pymortests.vectorarray" file="src/pymortests/vectorarray.py" line="841" name="test_neg[2-&lt;lambda&gt;25]" time="0.11541295051574707"></testcase><testcase classname="src.pymortests.vectorarray" file="src/pymortests/vectorarray.py" line="841" name="test_neg[2-&lt;lambda&gt;26]" time="0.27128052711486816"></testcase><testcase classname="src.pymortests.vectorarray" file="src/pymortests/vectorarray.py" line="850" name="test_mul[0-&lt;lambda&gt;0]" time="0.0028777122497558594"></testcase><testcase classname="src.pymortests.vectorarray" file="src/pymortests/vectorarray.py" line="850" name="test_mul[0-&lt;lambda&gt;1]" time="0.0020051002502441406"></testcase><testcase classname="src.pymortests.vectorarray" file="src/pymortests/vectorarray.py" line="850" name="test_mul[0-&lt;lambda&gt;2]" time="0.002012491226196289"></testcase><testcase classname="src.pymortests.vectorarray" file="src/pymortests/vectorarray.py" line="850" name="test_mul[0-&lt;lambda&gt;3]" time="0.0023360252380371094"></testcase><testcase classname="src.pymortests.vectorarray" file="src/pymortests/vectorarray.py" line="850" name="test_mul[0-&lt;lambda&gt;4]" time="0.0019085407257080078"></testcase><testcase classname="src.pymortests.vectorarray" file="src/pymortests/vectorarray.py" line="850" name="test_mul[0-&lt;lambda&gt;5]" time="0.001678466796875"></testcase><testcase classname="src.pymortests.vectorarray" file="src/pymortests/vectorarray.py" line="850" name="test_mul[0-&lt;lambda&gt;6]" time="0.001631021499633789"></testcase><testcase classname="src.pymortests.vectorarray" file="src/pymortests/vectorarray.py" line="850" name="test_mul[0-&lt;lambda&gt;7]" time="0.0023407936096191406"></testcase><testcase classname="src.pymortests.vectorarray" file="src/pymortests/vectorarray.py" line="850" name="test_mul[0-&lt;lambda&gt;8]" time="0.01519155502319336"></testcase><testcase classname="src.pymortests.vectorarray" file="src/pymortests/vectorarray.py" line="850" name="test_mul[0-&lt;lambda&gt;9]" time="0.03181934356689453"></testcase><testcase classname="src.pymortests.vectorarray" file="src/pymortests/vectorarray.py" line="850" name="test_mul[0-&lt;lambda&gt;10]" time="0.004158496856689453"></testcase><testcase classname="src.pymortests.vectorarray" file="src/pymortests/vectorarray.py" line="850" name="test_mul[0-&lt;lambda&gt;11]" time="0.0036613941192626953"></testcase><testcase classname="src.pymortests.vectorarray" file="src/pymortests/vectorarray.py" line="850" name="test_mul[0-&lt;lambda&gt;12]" time="0.003301382064819336"></testcase><testcase classname="src.pymortests.vectorarray" file="src/pymortests/vectorarray.py" line="850" name="test_mul[0-&lt;lambda&gt;13]" time="0.002757549285888672"></testcase><testcase classname="src.pymortests.vectorarray" file="src/pymortests/vectorarray.py" line="850" name="test_mul[0-&lt;lambda&gt;14]" time="0.0035119056701660156"></testcase><testcase classname="src.pymortests.vectorarray" file="src/pymortests/vectorarray.py" line="850" name="test_mul[0-&lt;lambda&gt;15]" time="0.004319667816162109"></testcase><testcase classname="src.pymortests.vectorarray" file="src/pymortests/vectorarray.py" line="850" name="test_mul[0-&lt;lambda&gt;16]" time="0.003974437713623047"></testcase><testcase classname="src.pymortests.vectorarray" file="src/pymortests/vectorarray.py" line="850" name="test_mul[0-&lt;lambda&gt;17]" time="0.002285003662109375"></testcase><testcase classname="src.pymortests.vectorarray" file="src/pymortests/vectorarray.py" line="850" name="test_mul[0-&lt;lambda&gt;18]" time="0.0022568702697753906"></testcase><testcase classname="src.pymortests.vectorarray" file="src/pymortests/vectorarray.py" line="850" name="test_mul[0-&lt;lambda&gt;19]" time="0.004891395568847656"></testcase><testcase classname="src.pymortests.vectorarray" file="src/pymortests/vectorarray.py" line="850" name="test_mul[0-&lt;lambda&gt;20]" time="0.03748178482055664"></testcase><testcase classname="src.pymortests.vectorarray" file="src/pymortests/vectorarray.py" line="850" name="test_mul[0-&lt;lambda&gt;21]" time="0.0843968391418457"></testcase><testcase classname="src.pymortests.vectorarray" file="src/pymortests/vectorarray.py" line="850" name="test_mul[0-&lt;lambda&gt;22]" time="0.0025300979614257812"></testcase><testcase classname="src.pymortests.vectorarray" file="src/pymortests/vectorarray.py" line="850" name="test_mul[0-&lt;lambda&gt;23]" time="0.0017521381378173828"></testcase><testcase classname="src.pymortests.vectorarray" file="src/pymortests/vectorarray.py" line="850" name="test_mul[0-&lt;lambda&gt;24]" time="0.015955686569213867"></testcase><testcase classname="src.pymortests.vectorarray" file="src/pymortests/vectorarray.py" line="850" name="test_mul[0-&lt;lambda&gt;25]" time="0.49606847763061523"></testcase><testcase classname="src.pymortests.vectorarray" file="src/pymortests/vectorarray.py" line="850" name="test_mul[0-&lt;lambda&gt;26]" time="1.1388731002807617"></testcase><testcase classname="src.pymortests.vectorarray" file="src/pymortests/vectorarray.py" line="850" name="test_mul[1-&lt;lambda&gt;0]" time="0.0029480457305908203"></testcase><testcase classname="src.pymortests.vectorarray" file="src/pymortests/vectorarray.py" line="850" name="test_mul[1-&lt;lambda&gt;1]" time="0.0019576549530029297"></testcase><testcase classname="src.pymortests.vectorarray" file="src/pymortests/vectorarray.py" line="850" name="test_mul[1-&lt;lambda&gt;2]" time="0.002009868621826172"></testcase><testcase classname="src.pymortests.vectorarray" file="src/pymortests/vectorarray.py" line="850" name="test_mul[1-&lt;lambda&gt;3]" time="0.002073526382446289"></testcase><testcase classname="src.pymortests.vectorarray" file="src/pymortests/vectorarray.py" line="850" name="test_mul[1-&lt;lambda&gt;4]" time="0.0021314620971679688"></testcase><testcase classname="src.pymortests.vectorarray" file="src/pymortests/vectorarray.py" line="850" name="test_mul[1-&lt;lambda&gt;5]" time="0.001667022705078125"></testcase><testcase classname="src.pymortests.vectorarray" file="src/pymortests/vectorarray.py" line="850" name="test_mul[1-&lt;lambda&gt;6]" time="0.0016429424285888672"></testcase><testcase classname="src.pymortests.vectorarray" file="src/pymortests/vectorarray.py" line="850" name="test_mul[1-&lt;lambda&gt;7]" time="0.0022385120391845703"></testcase><testcase classname="src.pymortests.vectorarray" file="src/pymortests/vectorarray.py" line="850" name="test_mul[1-&lt;lambda&gt;8]" time="0.015227317810058594"></testcase><testcase classname="src.pymortests.vectorarray" file="src/pymortests/vectorarray.py" line="850" name="test_mul[1-&lt;lambda&gt;9]" time="0.03119063377380371"></testcase><testcase classname="src.pymortests.vectorarray" file="src/pymortests/vectorarray.py" line="850" name="test_mul[1-&lt;lambda&gt;10]" time="0.0039293766021728516"></testcase><testcase classname="src.pymortests.vectorarray" file="src/pymortests/vectorarray.py" line="850" name="test_mul[1-&lt;lambda&gt;11]" time="0.003476858139038086"></testcase><testcase classname="src.pymortests.vectorarray" file="src/pymortests/vectorarray.py" line="850" name="test_mul[1-&lt;lambda&gt;12]" time="0.003240346908569336"></testcase><testcase classname="src.pymortests.vectorarray" file="src/pymortests/vectorarray.py" line="850" name="test_mul[1-&lt;lambda&gt;13]" time="0.0026862621307373047"></testcase><testcase classname="src.pymortests.vectorarray" file="src/pymortests/vectorarray.py" line="850" name="test_mul[1-&lt;lambda&gt;14]" time="0.003268718719482422"></testcase><testcase classname="src.pymortests.vectorarray" file="src/pymortests/vectorarray.py" line="850" name="test_mul[1-&lt;lambda&gt;15]" time="0.004897594451904297"></testcase><testcase classname="src.pymortests.vectorarray" file="src/pymortests/vectorarray.py" line="850" name="test_mul[1-&lt;lambda&gt;16]" time="0.006929159164428711"></testcase><testcase classname="src.pymortests.vectorarray" file="src/pymortests/vectorarray.py" line="850" name="test_mul[1-&lt;lambda&gt;17]" time="0.003442525863647461"></testcase><testcase classname="src.pymortests.vectorarray" file="src/pymortests/vectorarray.py" line="850" name="test_mul[1-&lt;lambda&gt;18]" time="0.0023102760314941406"></testcase><testcase classname="src.pymortests.vectorarray" file="src/pymortests/vectorarray.py" line="850" name="test_mul[1-&lt;lambda&gt;19]" time="0.004525423049926758"></testcase><testcase classname="src.pymortests.vectorarray" file="src/pymortests/vectorarray.py" line="850" name="test_mul[1-&lt;lambda&gt;20]" time="0.03668785095214844"></testcase><testcase classname="src.pymortests.vectorarray" file="src/pymortests/vectorarray.py" line="850" name="test_mul[1-&lt;lambda&gt;21]" time="0.08602714538574219"></testcase><testcase classname="src.pymortests.vectorarray" file="src/pymortests/vectorarray.py" line="850" name="test_mul[1-&lt;lambda&gt;22]" time="0.0024585723876953125"></testcase><testcase classname="src.pymortests.vectorarray" file="src/pymortests/vectorarray.py" line="850" name="test_mul[1-&lt;lambda&gt;23]" time="0.001737833023071289"></testcase><testcase classname="src.pymortests.vectorarray" file="src/pymortests/vectorarray.py" line="850" name="test_mul[1-&lt;lambda&gt;24]" time="0.014590024948120117"></testcase><testcase classname="src.pymortests.vectorarray" file="src/pymortests/vectorarray.py" line="850" name="test_mul[1-&lt;lambda&gt;25]" time="0.48475050926208496"></testcase><testcase classname="src.pymortests.vectorarray" file="src/pymortests/vectorarray.py" line="850" name="test_mul[1-&lt;lambda&gt;26]" time="1.142845869064331"></testcase><testcase classname="src.pymortests.vectorarray" file="src/pymortests/vectorarray.py" line="850" name="test_mul[2-&lt;lambda&gt;0]" time="0.0029430389404296875"></testcase><testcase classname="src.pymortests.vectorarray" file="src/pymortests/vectorarray.py" line="850" name="test_mul[2-&lt;lambda&gt;1]" time="0.0020508766174316406"></testcase><testcase classname="src.pymortests.vectorarray" file="src/pymortests/vectorarray.py" line="850" name="test_mul[2-&lt;lambda&gt;2]" time="0.0021054744720458984"></testcase><testcase classname="src.pymortests.vectorarray" file="src/pymortests/vectorarray.py" line="850" name="test_mul[2-&lt;lambda&gt;3]" time="0.002146005630493164"></testcase><testcase classname="src.pymortests.vectorarray" file="src/pymortests/vectorarray.py" line="850" name="test_mul[2-&lt;lambda&gt;4]" time="0.0019605159759521484"></testcase><testcase classname="src.pymortests.vectorarray" file="src/pymortests/vectorarray.py" line="850" name="test_mul[2-&lt;lambda&gt;5]" time="0.0016679763793945312"></testcase><testcase classname="src.pymortests.vectorarray" file="src/pymortests/vectorarray.py" line="850" name="test_mul[2-&lt;lambda&gt;6]" time="0.0016739368438720703"></testcase><testcase classname="src.pymortests.vectorarray" file="src/pymortests/vectorarray.py" line="850" name="test_mul[2-&lt;lambda&gt;7]" time="0.0022280216217041016"></testcase><testcase classname="src.pymortests.vectorarray" file="src/pymortests/vectorarray.py" line="850" name="test_mul[2-&lt;lambda&gt;8]" time="0.015445470809936523"></testcase><testcase classname="src.pymortests.vectorarray" file="src/pymortests/vectorarray.py" line="850" name="test_mul[2-&lt;lambda&gt;9]" time="0.031055450439453125"></testcase><testcase classname="src.pymortests.vectorarray" file="src/pymortests/vectorarray.py" line="850" name="test_mul[2-&lt;lambda&gt;10]" time="0.004046916961669922"></testcase><testcase classname="src.pymortests.vectorarray" file="src/pymortests/vectorarray.py" line="850" name="test_mul[2-&lt;lambda&gt;11]" time="0.0034258365631103516"></testcase><testcase classname="src.pymortests.vectorarray" file="src/pymortests/vectorarray.py" line="850" name="test_mul[2-&lt;lambda&gt;12]" time="0.003204345703125"></testcase><testcase classname="src.pymortests.vectorarray" file="src/pymortests/vectorarray.py" line="850" name="test_mul[2-&lt;lambda&gt;13]" time="0.0026407241821289062"></testcase><testcase classname="src.pymortests.vectorarray" file="src/pymortests/vectorarray.py" line="850" name="test_mul[2-&lt;lambda&gt;14]" time="0.0033011436462402344"></testcase><testcase classname="src.pymortests.vectorarray" file="src/pymortests/vectorarray.py" line="850" name="test_mul[2-&lt;lambda&gt;15]" time="0.004131793975830078"></testcase><testcase classname="src.pymortests.vectorarray" file="src/pymortests/vectorarray.py" line="850" name="test_mul[2-&lt;lambda&gt;16]" time="0.003847360610961914"></testcase><testcase classname="src.pymortests.vectorarray" file="src/pymortests/vectorarray.py" line="850" name="test_mul[2-&lt;lambda&gt;17]" time="0.00244140625"></testcase><testcase classname="src.pymortests.vectorarray" file="src/pymortests/vectorarray.py" line="850" name="test_mul[2-&lt;lambda&gt;18]" time="0.0021741390228271484"></testcase><testcase classname="src.pymortests.vectorarray" file="src/pymortests/vectorarray.py" line="850" name="test_mul[2-&lt;lambda&gt;19]" time="0.004412651062011719"></testcase><testcase classname="src.pymortests.vectorarray" file="src/pymortests/vectorarray.py" line="850" name="test_mul[2-&lt;lambda&gt;20]" time="0.035486459732055664"></testcase><testcase classname="src.pymortests.vectorarray" file="src/pymortests/vectorarray.py" line="850" name="test_mul[2-&lt;lambda&gt;21]" time="0.08473348617553711"></testcase><testcase classname="src.pymortests.vectorarray" file="src/pymortests/vectorarray.py" line="850" name="test_mul[2-&lt;lambda&gt;22]" time="0.0024073123931884766"></testcase><testcase classname="src.pymortests.vectorarray" file="src/pymortests/vectorarray.py" line="850" name="test_mul[2-&lt;lambda&gt;23]" time="0.0017213821411132812"></testcase><testcase classname="src.pymortests.vectorarray" file="src/pymortests/vectorarray.py" line="850" name="test_mul[2-&lt;lambda&gt;24]" time="0.014561891555786133"></testcase><testcase classname="src.pymortests.vectorarray" file="src/pymortests/vectorarray.py" line="850" name="test_mul[2-&lt;lambda&gt;25]" time="0.48207688331604004"></testcase><testcase classname="src.pymortests.vectorarray" file="src/pymortests/vectorarray.py" line="850" name="test_mul[2-&lt;lambda&gt;26]" time="1.1460294723510742"></testcase><testcase classname="src.pymortests.vectorarray" file="src/pymortests/vectorarray.py" line="860" name="test_mul_wrong_factor[0-&lt;lambda&gt;0]" time="0.0017981529235839844"></testcase><testcase classname="src.pymortests.vectorarray" file="src/pymortests/vectorarray.py" line="860" name="test_mul_wrong_factor[0-&lt;lambda&gt;1]" time="0.0012712478637695312"></testcase><testcase classname="src.pymortests.vectorarray" file="src/pymortests/vectorarray.py" line="860" name="test_mul_wrong_factor[0-&lt;lambda&gt;2]" time="0.0011382102966308594"></testcase><testcase classname="src.pymortests.vectorarray" file="src/pymortests/vectorarray.py" line="860" name="test_mul_wrong_factor[0-&lt;lambda&gt;3]" time="0.0012080669403076172"></testcase><testcase classname="src.pymortests.vectorarray" file="src/pymortests/vectorarray.py" line="860" name="test_mul_wrong_factor[0-&lt;lambda&gt;4]" time="0.001119375228881836"></testcase><testcase classname="src.pymortests.vectorarray" file="src/pymortests/vectorarray.py" line="860" name="test_mul_wrong_factor[0-&lt;lambda&gt;5]" time="0.001219034194946289"></testcase><testcase classname="src.pymortests.vectorarray" file="src/pymortests/vectorarray.py" line="860" name="test_mul_wrong_factor[0-&lt;lambda&gt;6]" time="0.0011034011840820312"></testcase><testcase classname="src.pymortests.vectorarray" file="src/pymortests/vectorarray.py" line="860" name="test_mul_wrong_factor[0-&lt;lambda&gt;7]" time="0.0011477470397949219"></testcase><testcase classname="src.pymortests.vectorarray" file="src/pymortests/vectorarray.py" line="860" name="test_mul_wrong_factor[0-&lt;lambda&gt;8]" time="0.0014107227325439453"></testcase><testcase classname="src.pymortests.vectorarray" file="src/pymortests/vectorarray.py" line="860" name="test_mul_wrong_factor[0-&lt;lambda&gt;9]" time="0.0017895698547363281"></testcase><testcase classname="src.pymortests.vectorarray" file="src/pymortests/vectorarray.py" line="860" name="test_mul_wrong_factor[0-&lt;lambda&gt;10]" time="0.0013022422790527344"></testcase><testcase classname="src.pymortests.vectorarray" file="src/pymortests/vectorarray.py" line="860" name="test_mul_wrong_factor[0-&lt;lambda&gt;11]" time="0.001230478286743164"></testcase><testcase classname="src.pymortests.vectorarray" file="src/pymortests/vectorarray.py" line="860" name="test_mul_wrong_factor[0-&lt;lambda&gt;12]" time="0.001247406005859375"></testcase><testcase classname="src.pymortests.vectorarray" file="src/pymortests/vectorarray.py" line="860" name="test_mul_wrong_factor[0-&lt;lambda&gt;13]" time="0.001180887222290039"></testcase><testcase classname="src.pymortests.vectorarray" file="src/pymortests/vectorarray.py" line="860" name="test_mul_wrong_factor[0-&lt;lambda&gt;14]" time="0.001264810562133789"></testcase><testcase classname="src.pymortests.vectorarray" file="src/pymortests/vectorarray.py" line="860" name="test_mul_wrong_factor[0-&lt;lambda&gt;15]" time="0.0012536048889160156"></testcase><testcase classname="src.pymortests.vectorarray" file="src/pymortests/vectorarray.py" line="860" name="test_mul_wrong_factor[0-&lt;lambda&gt;16]" time="0.001239776611328125"></testcase><testcase classname="src.pymortests.vectorarray" file="src/pymortests/vectorarray.py" line="860" name="test_mul_wrong_factor[0-&lt;lambda&gt;17]" time="0.0015501976013183594"></testcase><testcase classname="src.pymortests.vectorarray" file="src/pymortests/vectorarray.py" line="860" name="test_mul_wrong_factor[0-&lt;lambda&gt;18]" time="0.001462697982788086"></testcase><testcase classname="src.pymortests.vectorarray" file="src/pymortests/vectorarray.py" line="860" name="test_mul_wrong_factor[0-&lt;lambda&gt;19]" time="0.0024111270904541016"></testcase><testcase classname="src.pymortests.vectorarray" file="src/pymortests/vectorarray.py" line="860" name="test_mul_wrong_factor[0-&lt;lambda&gt;20]" time="0.009905099868774414"></testcase><testcase classname="src.pymortests.vectorarray" file="src/pymortests/vectorarray.py" line="860" name="test_mul_wrong_factor[0-&lt;lambda&gt;21]" time="0.019897937774658203"></testcase><testcase classname="src.pymortests.vectorarray" file="src/pymortests/vectorarray.py" line="860" name="test_mul_wrong_factor[0-&lt;lambda&gt;22]" time="0.0017855167388916016"></testcase><testcase classname="src.pymortests.vectorarray" file="src/pymortests/vectorarray.py" line="860" name="test_mul_wrong_factor[0-&lt;lambda&gt;23]" time="0.0013394355773925781"></testcase><testcase classname="src.pymortests.vectorarray" file="src/pymortests/vectorarray.py" line="860" name="test_mul_wrong_factor[0-&lt;lambda&gt;24]" time="0.002274036407470703"></testcase><testcase classname="src.pymortests.vectorarray" file="src/pymortests/vectorarray.py" line="860" name="test_mul_wrong_factor[0-&lt;lambda&gt;25]" time="0.024986743927001953"></testcase><testcase classname="src.pymortests.vectorarray" file="src/pymortests/vectorarray.py" line="860" name="test_mul_wrong_factor[0-&lt;lambda&gt;26]" time="0.05497002601623535"></testcase><testcase classname="src.pymortests.vectorarray" file="src/pymortests/vectorarray.py" line="860" name="test_mul_wrong_factor[1-&lt;lambda&gt;0]" time="0.0017588138580322266"></testcase><testcase classname="src.pymortests.vectorarray" file="src/pymortests/vectorarray.py" line="860" name="test_mul_wrong_factor[1-&lt;lambda&gt;1]" time="0.0013020038604736328"></testcase><testcase classname="src.pymortests.vectorarray" file="src/pymortests/vectorarray.py" line="860" name="test_mul_wrong_factor[1-&lt;lambda&gt;2]" time="0.001214742660522461"></testcase><testcase classname="src.pymortests.vectorarray" file="src/pymortests/vectorarray.py" line="860" name="test_mul_wrong_factor[1-&lt;lambda&gt;3]" time="0.0012195110321044922"></testcase><testcase classname="src.pymortests.vectorarray" file="src/pymortests/vectorarray.py" line="860" name="test_mul_wrong_factor[1-&lt;lambda&gt;4]" time="0.0011470317840576172"></testcase><testcase classname="src.pymortests.vectorarray" file="src/pymortests/vectorarray.py" line="860" name="test_mul_wrong_factor[1-&lt;lambda&gt;5]" time="0.0011887550354003906"></testcase><testcase classname="src.pymortests.vectorarray" file="src/pymortests/vectorarray.py" line="860" name="test_mul_wrong_factor[1-&lt;lambda&gt;6]" time="0.0011372566223144531"></testcase><testcase classname="src.pymortests.vectorarray" file="src/pymortests/vectorarray.py" line="860" name="test_mul_wrong_factor[1-&lt;lambda&gt;7]" time="0.0012929439544677734"></testcase><testcase classname="src.pymortests.vectorarray" file="src/pymortests/vectorarray.py" line="860" name="test_mul_wrong_factor[1-&lt;lambda&gt;8]" time="0.0014994144439697266"></testcase><testcase classname="src.pymortests.vectorarray" file="src/pymortests/vectorarray.py" line="860" name="test_mul_wrong_factor[1-&lt;lambda&gt;9]" time="0.002236604690551758"></testcase><testcase classname="src.pymortests.vectorarray" file="src/pymortests/vectorarray.py" line="860" name="test_mul_wrong_factor[1-&lt;lambda&gt;10]" time="0.0013263225555419922"></testcase><testcase classname="src.pymortests.vectorarray" file="src/pymortests/vectorarray.py" line="860" name="test_mul_wrong_factor[1-&lt;lambda&gt;11]" time="0.0013039112091064453"></testcase><testcase classname="src.pymortests.vectorarray" file="src/pymortests/vectorarray.py" line="860" name="test_mul_wrong_factor[1-&lt;lambda&gt;12]" time="0.0013096332550048828"></testcase><testcase classname="src.pymortests.vectorarray" file="src/pymortests/vectorarray.py" line="860" name="test_mul_wrong_factor[1-&lt;lambda&gt;13]" time="0.0012521743774414062"></testcase><testcase classname="src.pymortests.vectorarray" file="src/pymortests/vectorarray.py" line="860" name="test_mul_wrong_factor[1-&lt;lambda&gt;14]" time="0.0012822151184082031"></testcase><testcase classname="src.pymortests.vectorarray" file="src/pymortests/vectorarray.py" line="860" name="test_mul_wrong_factor[1-&lt;lambda&gt;15]" time="0.0013244152069091797"></testcase><testcase classname="src.pymortests.vectorarray" file="src/pymortests/vectorarray.py" line="860" name="test_mul_wrong_factor[1-&lt;lambda&gt;16]" time="0.001314401626586914"></testcase><testcase classname="src.pymortests.vectorarray" file="src/pymortests/vectorarray.py" line="860" name="test_mul_wrong_factor[1-&lt;lambda&gt;17]" time="0.0016303062438964844"></testcase><testcase classname="src.pymortests.vectorarray" file="src/pymortests/vectorarray.py" line="860" name="test_mul_wrong_factor[1-&lt;lambda&gt;18]" time="0.0015587806701660156"></testcase><testcase classname="src.pymortests.vectorarray" file="src/pymortests/vectorarray.py" line="860" name="test_mul_wrong_factor[1-&lt;lambda&gt;19]" time="0.0024127960205078125"></testcase><testcase classname="src.pymortests.vectorarray" file="src/pymortests/vectorarray.py" line="860" name="test_mul_wrong_factor[1-&lt;lambda&gt;20]" time="0.009000062942504883"></testcase><testcase classname="src.pymortests.vectorarray" file="src/pymortests/vectorarray.py" line="860" name="test_mul_wrong_factor[1-&lt;lambda&gt;21]" time="0.019339799880981445"></testcase><testcase classname="src.pymortests.vectorarray" file="src/pymortests/vectorarray.py" line="860" name="test_mul_wrong_factor[1-&lt;lambda&gt;22]" time="0.001692056655883789"></testcase><testcase classname="src.pymortests.vectorarray" file="src/pymortests/vectorarray.py" line="860" name="test_mul_wrong_factor[1-&lt;lambda&gt;23]" time="0.001222372055053711"></testcase><testcase classname="src.pymortests.vectorarray" file="src/pymortests/vectorarray.py" line="860" name="test_mul_wrong_factor[1-&lt;lambda&gt;24]" time="0.0021157264709472656"></testcase><testcase classname="src.pymortests.vectorarray" file="src/pymortests/vectorarray.py" line="860" name="test_mul_wrong_factor[1-&lt;lambda&gt;25]" time="0.023830890655517578"></testcase><testcase classname="src.pymortests.vectorarray" file="src/pymortests/vectorarray.py" line="860" name="test_mul_wrong_factor[1-&lt;lambda&gt;26]" time="0.05433988571166992"></testcase><testcase classname="src.pymortests.vectorarray" file="src/pymortests/vectorarray.py" line="860" name="test_mul_wrong_factor[2-&lt;lambda&gt;0]" time="0.001851797103881836"></testcase><testcase classname="src.pymortests.vectorarray" file="src/pymortests/vectorarray.py" line="860" name="test_mul_wrong_factor[2-&lt;lambda&gt;1]" time="0.0012662410736083984"></testcase><testcase classname="src.pymortests.vectorarray" file="src/pymortests/vectorarray.py" line="860" name="test_mul_wrong_factor[2-&lt;lambda&gt;2]" time="0.0011744499206542969"></testcase><testcase classname="src.pymortests.vectorarray" file="src/pymortests/vectorarray.py" line="860" name="test_mul_wrong_factor[2-&lt;lambda&gt;3]" time="0.0011701583862304688"></testcase><testcase classname="src.pymortests.vectorarray" file="src/pymortests/vectorarray.py" line="860" name="test_mul_wrong_factor[2-&lt;lambda&gt;4]" time="0.0011281967163085938"></testcase><testcase classname="src.pymortests.vectorarray" file="src/pymortests/vectorarray.py" line="860" name="test_mul_wrong_factor[2-&lt;lambda&gt;5]" time="0.001188039779663086"></testcase><testcase classname="src.pymortests.vectorarray" file="src/pymortests/vectorarray.py" line="860" name="test_mul_wrong_factor[2-&lt;lambda&gt;6]" time="0.001132965087890625"></testcase><testcase classname="src.pymortests.vectorarray" file="src/pymortests/vectorarray.py" line="860" name="test_mul_wrong_factor[2-&lt;lambda&gt;7]" time="0.0011398792266845703"></testcase><testcase classname="src.pymortests.vectorarray" file="src/pymortests/vectorarray.py" line="860" name="test_mul_wrong_factor[2-&lt;lambda&gt;8]" time="0.0015106201171875"></testcase><testcase classname="src.pymortests.vectorarray" file="src/pymortests/vectorarray.py" line="860" name="test_mul_wrong_factor[2-&lt;lambda&gt;9]" time="0.002141714096069336"></testcase><testcase classname="src.pymortests.vectorarray" file="src/pymortests/vectorarray.py" line="860" name="test_mul_wrong_factor[2-&lt;lambda&gt;10]" time="0.0013742446899414062"></testcase><testcase classname="src.pymortests.vectorarray" file="src/pymortests/vectorarray.py" line="860" name="test_mul_wrong_factor[2-&lt;lambda&gt;11]" time="0.0012788772583007812"></testcase><testcase classname="src.pymortests.vectorarray" file="src/pymortests/vectorarray.py" line="860" name="test_mul_wrong_factor[2-&lt;lambda&gt;12]" time="0.0012559890747070312"></testcase><testcase classname="src.pymortests.vectorarray" file="src/pymortests/vectorarray.py" line="860" name="test_mul_wrong_factor[2-&lt;lambda&gt;13]" time="0.001241922378540039"></testcase><testcase classname="src.pymortests.vectorarray" file="src/pymortests/vectorarray.py" line="860" name="test_mul_wrong_factor[2-&lt;lambda&gt;14]" time="0.0013363361358642578"></testcase><testcase classname="src.pymortests.vectorarray" file="src/pymortests/vectorarray.py" line="860" name="test_mul_wrong_factor[2-&lt;lambda&gt;15]" time="0.0013370513916015625"></testcase><testcase classname="src.pymortests.vectorarray" file="src/pymortests/vectorarray.py" line="860" name="test_mul_wrong_factor[2-&lt;lambda&gt;16]" time="0.0013048648834228516"></testcase><testcase classname="src.pymortests.vectorarray" file="src/pymortests/vectorarray.py" line="860" name="test_mul_wrong_factor[2-&lt;lambda&gt;17]" time="0.0016107559204101562"></testcase><testcase classname="src.pymortests.vectorarray" file="src/pymortests/vectorarray.py" line="860" name="test_mul_wrong_factor[2-&lt;lambda&gt;18]" time="0.0015518665313720703"></testcase><testcase classname="src.pymortests.vectorarray" file="src/pymortests/vectorarray.py" line="860" name="test_mul_wrong_factor[2-&lt;lambda&gt;19]" time="0.002476930618286133"></testcase><testcase classname="src.pymortests.vectorarray" file="src/pymortests/vectorarray.py" line="860" name="test_mul_wrong_factor[2-&lt;lambda&gt;20]" time="0.008777379989624023"></testcase><testcase classname="src.pymortests.vectorarray" file="src/pymortests/vectorarray.py" line="860" name="test_mul_wrong_factor[2-&lt;lambda&gt;21]" time="0.01958775520324707"></testcase><testcase classname="src.pymortests.vectorarray" file="src/pymortests/vectorarray.py" line="860" name="test_mul_wrong_factor[2-&lt;lambda&gt;22]" time="0.001692056655883789"></testcase><testcase classname="src.pymortests.vectorarray" file="src/pymortests/vectorarray.py" line="860" name="test_mul_wrong_factor[2-&lt;lambda&gt;23]" time="0.001215219497680664"></testcase><testcase classname="src.pymortests.vectorarray" file="src/pymortests/vectorarray.py" line="860" name="test_mul_wrong_factor[2-&lt;lambda&gt;24]" time="0.002062559127807617"></testcase><testcase classname="src.pymortests.vectorarray" file="src/pymortests/vectorarray.py" line="860" name="test_mul_wrong_factor[2-&lt;lambda&gt;25]" time="0.023627042770385742"></testcase><testcase classname="src.pymortests.vectorarray" file="src/pymortests/vectorarray.py" line="860" name="test_mul_wrong_factor[2-&lt;lambda&gt;26]" time="0.056177616119384766"></testcase><testcase classname="src.pymortests.vectorarray" file="src/pymortests/vectorarray.py" line="866" name="test_rmul[0-&lt;lambda&gt;0]" time="0.0029566287994384766"></testcase><testcase classname="src.pymortests.vectorarray" file="src/pymortests/vectorarray.py" line="866" name="test_rmul[0-&lt;lambda&gt;1]" time="0.002124309539794922"></testcase><testcase classname="src.pymortests.vectorarray" file="src/pymortests/vectorarray.py" line="866" name="test_rmul[0-&lt;lambda&gt;2]" time="0.002017498016357422"></testcase><testcase classname="src.pymortests.vectorarray" file="src/pymortests/vectorarray.py" line="866" name="test_rmul[0-&lt;lambda&gt;3]" time="0.0020995140075683594"></testcase><testcase classname="src.pymortests.vectorarray" file="src/pymortests/vectorarray.py" line="866" name="test_rmul[0-&lt;lambda&gt;4]" time="0.0019004344940185547"></testcase><testcase classname="src.pymortests.vectorarray" file="src/pymortests/vectorarray.py" line="866" name="test_rmul[0-&lt;lambda&gt;5]" time="0.0016815662384033203"></testcase><testcase classname="src.pymortests.vectorarray" file="src/pymortests/vectorarray.py" line="866" name="test_rmul[0-&lt;lambda&gt;6]" time="0.0016629695892333984"></testcase><testcase classname="src.pymortests.vectorarray" file="src/pymortests/vectorarray.py" line="866" name="test_rmul[0-&lt;lambda&gt;7]" time="0.0022084712982177734"></testcase><testcase classname="src.pymortests.vectorarray" file="src/pymortests/vectorarray.py" line="866" name="test_rmul[0-&lt;lambda&gt;8]" time="0.01522517204284668"></testcase><testcase classname="src.pymortests.vectorarray" file="src/pymortests/vectorarray.py" line="866" name="test_rmul[0-&lt;lambda&gt;9]" time="0.03109908103942871"></testcase><testcase classname="src.pymortests.vectorarray" file="src/pymortests/vectorarray.py" line="866" name="test_rmul[0-&lt;lambda&gt;10]" time="0.003949880599975586"></testcase><testcase classname="src.pymortests.vectorarray" file="src/pymortests/vectorarray.py" line="866" name="test_rmul[0-&lt;lambda&gt;11]" time="0.0036296844482421875"></testcase><testcase classname="src.pymortests.vectorarray" file="src/pymortests/vectorarray.py" line="866" name="test_rmul[0-&lt;lambda&gt;12]" time="0.003323793411254883"></testcase><testcase classname="src.pymortests.vectorarray" file="src/pymortests/vectorarray.py" line="866" name="test_rmul[0-&lt;lambda&gt;13]" time="0.0027065277099609375"></testcase><testcase classname="src.pymortests.vectorarray" file="src/pymortests/vectorarray.py" line="866" name="test_rmul[0-&lt;lambda&gt;14]" time="0.003477334976196289"></testcase><testcase classname="src.pymortests.vectorarray" file="src/pymortests/vectorarray.py" line="866" name="test_rmul[0-&lt;lambda&gt;15]" time="0.00447845458984375"></testcase><testcase classname="src.pymortests.vectorarray" file="src/pymortests/vectorarray.py" line="866" name="test_rmul[0-&lt;lambda&gt;16]" time="0.004105806350708008"></testcase><testcase classname="src.pymortests.vectorarray" file="src/pymortests/vectorarray.py" line="866" name="test_rmul[0-&lt;lambda&gt;17]" time="0.002388477325439453"></testcase><testcase classname="src.pymortests.vectorarray" file="src/pymortests/vectorarray.py" line="866" name="test_rmul[0-&lt;lambda&gt;18]" time="0.0022864341735839844"></testcase><testcase classname="src.pymortests.vectorarray" file="src/pymortests/vectorarray.py" line="866" name="test_rmul[0-&lt;lambda&gt;19]" time="0.004834890365600586"></testcase><testcase classname="src.pymortests.vectorarray" file="src/pymortests/vectorarray.py" line="866" name="test_rmul[0-&lt;lambda&gt;20]" time="0.038704872131347656"></testcase><testcase classname="src.pymortests.vectorarray" file="src/pymortests/vectorarray.py" line="866" name="test_rmul[0-&lt;lambda&gt;21]" time="0.08315181732177734"></testcase><testcase classname="src.pymortests.vectorarray" file="src/pymortests/vectorarray.py" line="866" name="test_rmul[0-&lt;lambda&gt;22]" time="0.0024328231811523438"></testcase><testcase classname="src.pymortests.vectorarray" file="src/pymortests/vectorarray.py" line="866" name="test_rmul[0-&lt;lambda&gt;23]" time="0.0017459392547607422"></testcase><testcase classname="src.pymortests.vectorarray" file="src/pymortests/vectorarray.py" line="866" name="test_rmul[0-&lt;lambda&gt;24]" time="0.014528512954711914"></testcase><testcase classname="src.pymortests.vectorarray" file="src/pymortests/vectorarray.py" line="866" name="test_rmul[0-&lt;lambda&gt;25]" time="0.4883310794830322"></testcase><testcase classname="src.pymortests.vectorarray" file="src/pymortests/vectorarray.py" line="866" name="test_rmul[0-&lt;lambda&gt;26]" time="1.1498198509216309"></testcase><testcase classname="src.pymortests.vectorarray" file="src/pymortests/vectorarray.py" line="866" name="test_rmul[1-&lt;lambda&gt;0]" time="0.002958059310913086"></testcase><testcase classname="src.pymortests.vectorarray" file="src/pymortests/vectorarray.py" line="866" name="test_rmul[1-&lt;lambda&gt;1]" time="0.002179384231567383"></testcase><testcase classname="src.pymortests.vectorarray" file="src/pymortests/vectorarray.py" line="866" name="test_rmul[1-&lt;lambda&gt;2]" time="0.0021927356719970703"></testcase><testcase classname="src.pymortests.vectorarray" file="src/pymortests/vectorarray.py" line="866" name="test_rmul[1-&lt;lambda&gt;3]" time="0.0022852420806884766"></testcase><testcase classname="src.pymortests.vectorarray" file="src/pymortests/vectorarray.py" line="866" name="test_rmul[1-&lt;lambda&gt;4]" time="0.002136707305908203"></testcase><testcase classname="src.pymortests.vectorarray" file="src/pymortests/vectorarray.py" line="866" name="test_rmul[1-&lt;lambda&gt;5]" time="0.00173187255859375"></testcase><testcase classname="src.pymortests.vectorarray" file="src/pymortests/vectorarray.py" line="866" name="test_rmul[1-&lt;lambda&gt;6]" time="0.001760244369506836"></testcase><testcase classname="src.pymortests.vectorarray" file="src/pymortests/vectorarray.py" line="866" name="test_rmul[1-&lt;lambda&gt;7]" time="0.0023565292358398438"></testcase><testcase classname="src.pymortests.vectorarray" file="src/pymortests/vectorarray.py" line="866" name="test_rmul[1-&lt;lambda&gt;8]" time="0.018292665481567383"></testcase><testcase classname="src.pymortests.vectorarray" file="src/pymortests/vectorarray.py" line="866" name="test_rmul[1-&lt;lambda&gt;9]" time="0.03316378593444824"></testcase><testcase classname="src.pymortests.vectorarray" file="src/pymortests/vectorarray.py" line="866" name="test_rmul[1-&lt;lambda&gt;10]" time="0.0040130615234375"></testcase><testcase classname="src.pymortests.vectorarray" file="src/pymortests/vectorarray.py" line="866" name="test_rmul[1-&lt;lambda&gt;11]" time="0.0035305023193359375"></testcase><testcase classname="src.pymortests.vectorarray" file="src/pymortests/vectorarray.py" line="866" name="test_rmul[1-&lt;lambda&gt;12]" time="0.0033423900604248047"></testcase><testcase classname="src.pymortests.vectorarray" file="src/pymortests/vectorarray.py" line="866" name="test_rmul[1-&lt;lambda&gt;13]" time="0.0026636123657226562"></testcase><testcase classname="src.pymortests.vectorarray" file="src/pymortests/vectorarray.py" line="866" name="test_rmul[1-&lt;lambda&gt;14]" time="0.0035288333892822266"></testcase><testcase classname="src.pymortests.vectorarray" file="src/pymortests/vectorarray.py" line="866" name="test_rmul[1-&lt;lambda&gt;15]" time="0.004227161407470703"></testcase><testcase classname="src.pymortests.vectorarray" file="src/pymortests/vectorarray.py" line="866" name="test_rmul[1-&lt;lambda&gt;16]" time="0.003863811492919922"></testcase><testcase classname="src.pymortests.vectorarray" file="src/pymortests/vectorarray.py" line="866" name="test_rmul[1-&lt;lambda&gt;17]" time="0.0024940967559814453"></testcase><testcase classname="src.pymortests.vectorarray" file="src/pymortests/vectorarray.py" line="866" name="test_rmul[1-&lt;lambda&gt;18]" time="0.0022726058959960938"></testcase><testcase classname="src.pymortests.vectorarray" file="src/pymortests/vectorarray.py" line="866" name="test_rmul[1-&lt;lambda&gt;19]" time="0.004852294921875"></testcase><testcase classname="src.pymortests.vectorarray" file="src/pymortests/vectorarray.py" line="866" name="test_rmul[1-&lt;lambda&gt;20]" time="0.03786301612854004"></testcase><testcase classname="src.pymortests.vectorarray" file="src/pymortests/vectorarray.py" line="866" name="test_rmul[1-&lt;lambda&gt;21]" time="0.08692669868469238"></testcase><testcase classname="src.pymortests.vectorarray" file="src/pymortests/vectorarray.py" line="866" name="test_rmul[1-&lt;lambda&gt;22]" time="0.0024645328521728516"></testcase><testcase classname="src.pymortests.vectorarray" file="src/pymortests/vectorarray.py" line="866" name="test_rmul[1-&lt;lambda&gt;23]" time="0.001796722412109375"></testcase><testcase classname="src.pymortests.vectorarray" file="src/pymortests/vectorarray.py" line="866" name="test_rmul[1-&lt;lambda&gt;24]" time="0.015686988830566406"></testcase><testcase classname="src.pymortests.vectorarray" file="src/pymortests/vectorarray.py" line="866" name="test_rmul[1-&lt;lambda&gt;25]" time="0.4923124313354492"></testcase><testcase classname="src.pymortests.vectorarray" file="src/pymortests/vectorarray.py" line="866" name="test_rmul[1-&lt;lambda&gt;26]" time="1.143810510635376"></testcase><testcase classname="src.pymortests.vectorarray" file="src/pymortests/vectorarray.py" line="866" name="test_rmul[2-&lt;lambda&gt;0]" time="0.0030777454376220703"></testcase><testcase classname="src.pymortests.vectorarray" file="src/pymortests/vectorarray.py" line="866" name="test_rmul[2-&lt;lambda&gt;1]" time="0.002105236053466797"></testcase><testcase classname="src.pymortests.vectorarray" file="src/pymortests/vectorarray.py" line="866" name="test_rmul[2-&lt;lambda&gt;2]" time="0.002078533172607422"></testcase><testcase classname="src.pymortests.vectorarray" file="src/pymortests/vectorarray.py" line="866" name="test_rmul[2-&lt;lambda&gt;3]" time="0.0021047592163085938"></testcase><testcase classname="src.pymortests.vectorarray" file="src/pymortests/vectorarray.py" line="866" name="test_rmul[2-&lt;lambda&gt;4]" time="0.002084970474243164"></testcase><testcase classname="src.pymortests.vectorarray" file="src/pymortests/vectorarray.py" line="866" name="test_rmul[2-&lt;lambda&gt;5]" time="0.0016884803771972656"></testcase><testcase classname="src.pymortests.vectorarray" file="src/pymortests/vectorarray.py" line="866" name="test_rmul[2-&lt;lambda&gt;6]" time="0.0016553401947021484"></testcase><testcase classname="src.pymortests.vectorarray" file="src/pymortests/vectorarray.py" line="866" name="test_rmul[2-&lt;lambda&gt;7]" time="0.0022325515747070312"></testcase><testcase classname="src.pymortests.vectorarray" file="src/pymortests/vectorarray.py" line="866" name="test_rmul[2-&lt;lambda&gt;8]" time="0.015457391738891602"></testcase><testcase classname="src.pymortests.vectorarray" file="src/pymortests/vectorarray.py" line="866" name="test_rmul[2-&lt;lambda&gt;9]" time="0.03149533271789551"></testcase><testcase classname="src.pymortests.vectorarray" file="src/pymortests/vectorarray.py" line="866" name="test_rmul[2-&lt;lambda&gt;10]" time="0.003996849060058594"></testcase><testcase classname="src.pymortests.vectorarray" file="src/pymortests/vectorarray.py" line="866" name="test_rmul[2-&lt;lambda&gt;11]" time="0.003438711166381836"></testcase><testcase classname="src.pymortests.vectorarray" file="src/pymortests/vectorarray.py" line="866" name="test_rmul[2-&lt;lambda&gt;12]" time="0.0032515525817871094"></testcase><testcase classname="src.pymortests.vectorarray" file="src/pymortests/vectorarray.py" line="866" name="test_rmul[2-&lt;lambda&gt;13]" time="0.0026330947875976562"></testcase><testcase classname="src.pymortests.vectorarray" file="src/pymortests/vectorarray.py" line="866" name="test_rmul[2-&lt;lambda&gt;14]" time="0.0032749176025390625"></testcase><testcase classname="src.pymortests.vectorarray" file="src/pymortests/vectorarray.py" line="866" name="test_rmul[2-&lt;lambda&gt;15]" time="0.0040929317474365234"></testcase><testcase classname="src.pymortests.vectorarray" file="src/pymortests/vectorarray.py" line="866" name="test_rmul[2-&lt;lambda&gt;16]" time="0.0038492679595947266"></testcase><testcase classname="src.pymortests.vectorarray" file="src/pymortests/vectorarray.py" line="866" name="test_rmul[2-&lt;lambda&gt;17]" time="0.002378225326538086"></testcase><testcase classname="src.pymortests.vectorarray" file="src/pymortests/vectorarray.py" line="866" name="test_rmul[2-&lt;lambda&gt;18]" time="0.0022978782653808594"></testcase><testcase classname="src.pymortests.vectorarray" file="src/pymortests/vectorarray.py" line="866" name="test_rmul[2-&lt;lambda&gt;19]" time="0.005976200103759766"></testcase><testcase classname="src.pymortests.vectorarray" file="src/pymortests/vectorarray.py" line="866" name="test_rmul[2-&lt;lambda&gt;20]" time="0.03657364845275879"></testcase><testcase classname="src.pymortests.vectorarray" file="src/pymortests/vectorarray.py" line="866" name="test_rmul[2-&lt;lambda&gt;21]" time="0.08721494674682617"></testcase><testcase classname="src.pymortests.vectorarray" file="src/pymortests/vectorarray.py" line="866" name="test_rmul[2-&lt;lambda&gt;22]" time="0.002450704574584961"></testcase><testcase classname="src.pymortests.vectorarray" file="src/pymortests/vectorarray.py" line="866" name="test_rmul[2-&lt;lambda&gt;23]" time="0.0018377304077148438"></testcase><testcase classname="src.pymortests.vectorarray" file="src/pymortests/vectorarray.py" line="866" name="test_rmul[2-&lt;lambda&gt;24]" time="0.01501607894897461"></testcase><testcase classname="src.pymortests.vectorarray" file="src/pymortests/vectorarray.py" line="866" name="test_rmul[2-&lt;lambda&gt;25]" time="0.4946787357330322"></testcase><testcase classname="src.pymortests.vectorarray" file="src/pymortests/vectorarray.py" line="866" name="test_rmul[2-&lt;lambda&gt;26]" time="1.1427605152130127"></testcase><testcase classname="src.pymortests.vectorarray" file="src/pymortests/vectorarray.py" line="876" name="test_imul[0-&lt;lambda&gt;0]" time="0.002570629119873047"></testcase><testcase classname="src.pymortests.vectorarray" file="src/pymortests/vectorarray.py" line="876" name="test_imul[0-&lt;lambda&gt;1]" time="0.0018129348754882812"></testcase><testcase classname="src.pymortests.vectorarray" file="src/pymortests/vectorarray.py" line="876" name="test_imul[0-&lt;lambda&gt;2]" time="0.001707315444946289"></testcase><testcase classname="src.pymortests.vectorarray" file="src/pymortests/vectorarray.py" line="876" name="test_imul[0-&lt;lambda&gt;3]" time="0.0018093585968017578"></testcase><testcase classname="src.pymortests.vectorarray" file="src/pymortests/vectorarray.py" line="876" name="test_imul[0-&lt;lambda&gt;4]" time="0.0016512870788574219"></testcase><testcase classname="src.pymortests.vectorarray" file="src/pymortests/vectorarray.py" line="876" name="test_imul[0-&lt;lambda&gt;5]" time="0.00159454345703125"></testcase><testcase classname="src.pymortests.vectorarray" file="src/pymortests/vectorarray.py" line="876" name="test_imul[0-&lt;lambda&gt;6]" time="0.0015859603881835938"></testcase><testcase classname="src.pymortests.vectorarray" file="src/pymortests/vectorarray.py" line="876" name="test_imul[0-&lt;lambda&gt;7]" time="0.001960277557373047"></testcase><testcase classname="src.pymortests.vectorarray" file="src/pymortests/vectorarray.py" line="876" name="test_imul[0-&lt;lambda&gt;8]" time="0.011065483093261719"></testcase><testcase classname="src.pymortests.vectorarray" file="src/pymortests/vectorarray.py" line="876" name="test_imul[0-&lt;lambda&gt;9]" time="0.02191901206970215"></testcase><testcase classname="src.pymortests.vectorarray" file="src/pymortests/vectorarray.py" line="876" name="test_imul[0-&lt;lambda&gt;10]" time="0.003276348114013672"></testcase><testcase classname="src.pymortests.vectorarray" file="src/pymortests/vectorarray.py" line="876" name="test_imul[0-&lt;lambda&gt;11]" time="0.0026438236236572266"></testcase><testcase classname="src.pymortests.vectorarray" file="src/pymortests/vectorarray.py" line="876" name="test_imul[0-&lt;lambda&gt;12]" time="0.002610445022583008"></testcase><testcase classname="src.pymortests.vectorarray" file="src/pymortests/vectorarray.py" line="876" name="test_imul[0-&lt;lambda&gt;13]" time="0.002171754837036133"></testcase><testcase classname="src.pymortests.vectorarray" file="src/pymortests/vectorarray.py" line="876" name="test_imul[0-&lt;lambda&gt;14]" time="0.002457141876220703"></testcase><testcase classname="src.pymortests.vectorarray" file="src/pymortests/vectorarray.py" line="876" name="test_imul[0-&lt;lambda&gt;15]" time="0.0030035972595214844"></testcase><testcase classname="src.pymortests.vectorarray" file="src/pymortests/vectorarray.py" line="876" name="test_imul[0-&lt;lambda&gt;16]" time="0.0030553340911865234"></testcase><testcase classname="src.pymortests.vectorarray" file="src/pymortests/vectorarray.py" line="876" name="test_imul[0-&lt;lambda&gt;17]" time="0.0020897388458251953"></testcase><testcase classname="src.pymortests.vectorarray" file="src/pymortests/vectorarray.py" line="876" name="test_imul[0-&lt;lambda&gt;18]" time="0.001894235610961914"></testcase><testcase classname="src.pymortests.vectorarray" file="src/pymortests/vectorarray.py" line="876" name="test_imul[0-&lt;lambda&gt;19]" time="0.0038635730743408203"></testcase><testcase classname="src.pymortests.vectorarray" file="src/pymortests/vectorarray.py" line="876" name="test_imul[0-&lt;lambda&gt;20]" time="0.02955150604248047"></testcase><testcase classname="src.pymortests.vectorarray" file="src/pymortests/vectorarray.py" line="876" name="test_imul[0-&lt;lambda&gt;21]" time="0.07434582710266113"></testcase><testcase classname="src.pymortests.vectorarray" file="src/pymortests/vectorarray.py" line="876" name="test_imul[0-&lt;lambda&gt;22]" time="0.002179384231567383"></testcase><testcase classname="src.pymortests.vectorarray" file="src/pymortests/vectorarray.py" line="876" name="test_imul[0-&lt;lambda&gt;23]" time="0.0015916824340820312"></testcase><testcase classname="src.pymortests.vectorarray" file="src/pymortests/vectorarray.py" line="876" name="test_imul[0-&lt;lambda&gt;24]" time="0.012401819229125977"></testcase><testcase classname="src.pymortests.vectorarray" file="src/pymortests/vectorarray.py" line="876" name="test_imul[0-&lt;lambda&gt;25]" time="0.3752937316894531"></testcase><testcase classname="src.pymortests.vectorarray" file="src/pymortests/vectorarray.py" line="876" name="test_imul[0-&lt;lambda&gt;26]" time="0.8703219890594482"></testcase><testcase classname="src.pymortests.vectorarray" file="src/pymortests/vectorarray.py" line="876" name="test_imul[1-&lt;lambda&gt;0]" time="0.002633810043334961"></testcase><testcase classname="src.pymortests.vectorarray" file="src/pymortests/vectorarray.py" line="876" name="test_imul[1-&lt;lambda&gt;1]" time="0.001804351806640625"></testcase><testcase classname="src.pymortests.vectorarray" file="src/pymortests/vectorarray.py" line="876" name="test_imul[1-&lt;lambda&gt;2]" time="0.0018510818481445312"></testcase><testcase classname="src.pymortests.vectorarray" file="src/pymortests/vectorarray.py" line="876" name="test_imul[1-&lt;lambda&gt;3]" time="0.0019707679748535156"></testcase><testcase classname="src.pymortests.vectorarray" file="src/pymortests/vectorarray.py" line="876" name="test_imul[1-&lt;lambda&gt;4]" time="0.001912832260131836"></testcase><testcase classname="src.pymortests.vectorarray" file="src/pymortests/vectorarray.py" line="876" name="test_imul[1-&lt;lambda&gt;5]" time="0.0016448497772216797"></testcase><testcase classname="src.pymortests.vectorarray" file="src/pymortests/vectorarray.py" line="876" name="test_imul[1-&lt;lambda&gt;6]" time="0.0016329288482666016"></testcase><testcase classname="src.pymortests.vectorarray" file="src/pymortests/vectorarray.py" line="876" name="test_imul[1-&lt;lambda&gt;7]" time="0.001981973648071289"></testcase><testcase classname="src.pymortests.vectorarray" file="src/pymortests/vectorarray.py" line="876" name="test_imul[1-&lt;lambda&gt;8]" time="0.011304616928100586"></testcase><testcase classname="src.pymortests.vectorarray" file="src/pymortests/vectorarray.py" line="876" name="test_imul[1-&lt;lambda&gt;9]" time="0.02142333984375"></testcase><testcase classname="src.pymortests.vectorarray" file="src/pymortests/vectorarray.py" line="876" name="test_imul[1-&lt;lambda&gt;10]" time="0.003396749496459961"></testcase><testcase classname="src.pymortests.vectorarray" file="src/pymortests/vectorarray.py" line="876" name="test_imul[1-&lt;lambda&gt;11]" time="0.002602100372314453"></testcase><testcase classname="src.pymortests.vectorarray" file="src/pymortests/vectorarray.py" line="876" name="test_imul[1-&lt;lambda&gt;12]" time="0.0025000572204589844"></testcase><testcase classname="src.pymortests.vectorarray" file="src/pymortests/vectorarray.py" line="876" name="test_imul[1-&lt;lambda&gt;13]" time="0.0021636486053466797"></testcase><testcase classname="src.pymortests.vectorarray" file="src/pymortests/vectorarray.py" line="876" name="test_imul[1-&lt;lambda&gt;14]" time="0.0025200843811035156"></testcase><testcase classname="src.pymortests.vectorarray" file="src/pymortests/vectorarray.py" line="876" name="test_imul[1-&lt;lambda&gt;15]" time="0.0030558109283447266"></testcase><testcase classname="src.pymortests.vectorarray" file="src/pymortests/vectorarray.py" line="876" name="test_imul[1-&lt;lambda&gt;16]" time="0.002918243408203125"></testcase><testcase classname="src.pymortests.vectorarray" file="src/pymortests/vectorarray.py" line="876" name="test_imul[1-&lt;lambda&gt;17]" time="0.0020058155059814453"></testcase><testcase classname="src.pymortests.vectorarray" file="src/pymortests/vectorarray.py" line="876" name="test_imul[1-&lt;lambda&gt;18]" time="0.0018916130065917969"></testcase><testcase classname="src.pymortests.vectorarray" file="src/pymortests/vectorarray.py" line="876" name="test_imul[1-&lt;lambda&gt;19]" time="0.003866434097290039"></testcase><testcase classname="src.pymortests.vectorarray" file="src/pymortests/vectorarray.py" line="876" name="test_imul[1-&lt;lambda&gt;20]" time="0.029394149780273438"></testcase><testcase classname="src.pymortests.vectorarray" file="src/pymortests/vectorarray.py" line="876" name="test_imul[1-&lt;lambda&gt;21]" time="0.06943488121032715"></testcase><testcase classname="src.pymortests.vectorarray" file="src/pymortests/vectorarray.py" line="876" name="test_imul[1-&lt;lambda&gt;22]" time="0.002190113067626953"></testcase><testcase classname="src.pymortests.vectorarray" file="src/pymortests/vectorarray.py" line="876" name="test_imul[1-&lt;lambda&gt;23]" time="0.0015747547149658203"></testcase><testcase classname="src.pymortests.vectorarray" file="src/pymortests/vectorarray.py" line="876" name="test_imul[1-&lt;lambda&gt;24]" time="0.011584758758544922"></testcase><testcase classname="src.pymortests.vectorarray" file="src/pymortests/vectorarray.py" line="876" name="test_imul[1-&lt;lambda&gt;25]" time="0.37154626846313477"></testcase><testcase classname="src.pymortests.vectorarray" file="src/pymortests/vectorarray.py" line="876" name="test_imul[1-&lt;lambda&gt;26]" time="0.8729381561279297"></testcase><testcase classname="src.pymortests.vectorarray" file="src/pymortests/vectorarray.py" line="876" name="test_imul[2-&lt;lambda&gt;0]" time="0.0025968551635742188"></testcase><testcase classname="src.pymortests.vectorarray" file="src/pymortests/vectorarray.py" line="876" name="test_imul[2-&lt;lambda&gt;1]" time="0.0018317699432373047"></testcase><testcase classname="src.pymortests.vectorarray" file="src/pymortests/vectorarray.py" line="876" name="test_imul[2-&lt;lambda&gt;2]" time="0.0017888545989990234"></testcase><testcase classname="src.pymortests.vectorarray" file="src/pymortests/vectorarray.py" line="876" name="test_imul[2-&lt;lambda&gt;3]" time="0.001813650131225586"></testcase><testcase classname="src.pymortests.vectorarray" file="src/pymortests/vectorarray.py" line="876" name="test_imul[2-&lt;lambda&gt;4]" time="0.0017540454864501953"></testcase><testcase classname="src.pymortests.vectorarray" file="src/pymortests/vectorarray.py" line="876" name="test_imul[2-&lt;lambda&gt;5]" time="0.0014832019805908203"></testcase><testcase classname="src.pymortests.vectorarray" file="src/pymortests/vectorarray.py" line="876" name="test_imul[2-&lt;lambda&gt;6]" time="0.001483917236328125"></testcase><testcase classname="src.pymortests.vectorarray" file="src/pymortests/vectorarray.py" line="876" name="test_imul[2-&lt;lambda&gt;7]" time="0.0018267631530761719"></testcase><testcase classname="src.pymortests.vectorarray" file="src/pymortests/vectorarray.py" line="876" name="test_imul[2-&lt;lambda&gt;8]" time="0.010385513305664062"></testcase><testcase classname="src.pymortests.vectorarray" file="src/pymortests/vectorarray.py" line="876" name="test_imul[2-&lt;lambda&gt;9]" time="0.02183079719543457"></testcase><testcase classname="src.pymortests.vectorarray" file="src/pymortests/vectorarray.py" line="876" name="test_imul[2-&lt;lambda&gt;10]" time="0.003408193588256836"></testcase><testcase classname="src.pymortests.vectorarray" file="src/pymortests/vectorarray.py" line="876" name="test_imul[2-&lt;lambda&gt;11]" time="0.002675294876098633"></testcase><testcase classname="src.pymortests.vectorarray" file="src/pymortests/vectorarray.py" line="876" name="test_imul[2-&lt;lambda&gt;12]" time="0.002608776092529297"></testcase><testcase classname="src.pymortests.vectorarray" file="src/pymortests/vectorarray.py" line="876" name="test_imul[2-&lt;lambda&gt;13]" time="0.00223541259765625"></testcase><testcase classname="src.pymortests.vectorarray" file="src/pymortests/vectorarray.py" line="876" name="test_imul[2-&lt;lambda&gt;14]" time="0.0025959014892578125"></testcase><testcase classname="src.pymortests.vectorarray" file="src/pymortests/vectorarray.py" line="876" name="test_imul[2-&lt;lambda&gt;15]" time="0.0030546188354492188"></testcase><testcase classname="src.pymortests.vectorarray" file="src/pymortests/vectorarray.py" line="876" name="test_imul[2-&lt;lambda&gt;16]" time="0.0028536319732666016"></testcase><testcase classname="src.pymortests.vectorarray" file="src/pymortests/vectorarray.py" line="876" name="test_imul[2-&lt;lambda&gt;17]" time="0.0020601749420166016"></testcase><testcase classname="src.pymortests.vectorarray" file="src/pymortests/vectorarray.py" line="876" name="test_imul[2-&lt;lambda&gt;18]" time="0.002057313919067383"></testcase><testcase classname="src.pymortests.vectorarray" file="src/pymortests/vectorarray.py" line="876" name="test_imul[2-&lt;lambda&gt;19]" time="0.003988981246948242"></testcase><testcase classname="src.pymortests.vectorarray" file="src/pymortests/vectorarray.py" line="876" name="test_imul[2-&lt;lambda&gt;20]" time="0.02907562255859375"></testcase><testcase classname="src.pymortests.vectorarray" file="src/pymortests/vectorarray.py" line="876" name="test_imul[2-&lt;lambda&gt;21]" time="0.06826090812683105"></testcase><testcase classname="src.pymortests.vectorarray" file="src/pymortests/vectorarray.py" line="876" name="test_imul[2-&lt;lambda&gt;22]" time="0.0022194385528564453"></testcase><testcase classname="src.pymortests.vectorarray" file="src/pymortests/vectorarray.py" line="876" name="test_imul[2-&lt;lambda&gt;23]" time="0.0016279220581054688"></testcase><testcase classname="src.pymortests.vectorarray" file="src/pymortests/vectorarray.py" line="876" name="test_imul[2-&lt;lambda&gt;24]" time="0.011462211608886719"></testcase><testcase classname="src.pymortests.vectorarray" file="src/pymortests/vectorarray.py" line="876" name="test_imul[2-&lt;lambda&gt;25]" time="0.36615777015686035"></testcase><testcase classname="src.pymortests.vectorarray" file="src/pymortests/vectorarray.py" line="876" name="test_imul[2-&lt;lambda&gt;26]" time="0.8679294586181641"></testcase><testcase classname="src.pymortests.vectorarray" file="src/pymortests/vectorarray.py" line="886" name="test_imul_wrong_factor[0-&lt;lambda&gt;0]" time="0.00183868408203125"></testcase><testcase classname="src.pymortests.vectorarray" file="src/pymortests/vectorarray.py" line="886" name="test_imul_wrong_factor[0-&lt;lambda&gt;1]" time="0.0012054443359375"></testcase><testcase classname="src.pymortests.vectorarray" file="src/pymortests/vectorarray.py" line="886" name="test_imul_wrong_factor[0-&lt;lambda&gt;2]" time="0.001153707504272461"></testcase><testcase classname="src.pymortests.vectorarray" file="src/pymortests/vectorarray.py" line="886" name="test_imul_wrong_factor[0-&lt;lambda&gt;3]" time="0.0011267662048339844"></testcase><testcase classname="src.pymortests.vectorarray" file="src/pymortests/vectorarray.py" line="886" name="test_imul_wrong_factor[0-&lt;lambda&gt;4]" time="0.0010616779327392578"></testcase><testcase classname="src.pymortests.vectorarray" file="src/pymortests/vectorarray.py" line="886" name="test_imul_wrong_factor[0-&lt;lambda&gt;5]" time="0.0011219978332519531"></testcase><testcase classname="src.pymortests.vectorarray" file="src/pymortests/vectorarray.py" line="886" name="test_imul_wrong_factor[0-&lt;lambda&gt;6]" time="0.0010890960693359375"></testcase><testcase classname="src.pymortests.vectorarray" file="src/pymortests/vectorarray.py" line="886" name="test_imul_wrong_factor[0-&lt;lambda&gt;7]" time="0.0010936260223388672"></testcase><testcase classname="src.pymortests.vectorarray" file="src/pymortests/vectorarray.py" line="886" name="test_imul_wrong_factor[0-&lt;lambda&gt;8]" time="0.0012123584747314453"></testcase><testcase classname="src.pymortests.vectorarray" file="src/pymortests/vectorarray.py" line="886" name="test_imul_wrong_factor[0-&lt;lambda&gt;9]" time="0.0013680458068847656"></testcase><testcase classname="src.pymortests.vectorarray" file="src/pymortests/vectorarray.py" line="886" name="test_imul_wrong_factor[0-&lt;lambda&gt;10]" time="0.0012738704681396484"></testcase><testcase classname="src.pymortests.vectorarray" file="src/pymortests/vectorarray.py" line="886" name="test_imul_wrong_factor[0-&lt;lambda&gt;11]" time="0.0011832714080810547"></testcase><testcase classname="src.pymortests.vectorarray" file="src/pymortests/vectorarray.py" line="886" name="test_imul_wrong_factor[0-&lt;lambda&gt;12]" time="0.0011718273162841797"></testcase><testcase classname="src.pymortests.vectorarray" file="src/pymortests/vectorarray.py" line="886" name="test_imul_wrong_factor[0-&lt;lambda&gt;13]" time="0.0011682510375976562"></testcase><testcase classname="src.pymortests.vectorarray" file="src/pymortests/vectorarray.py" line="886" name="test_imul_wrong_factor[0-&lt;lambda&gt;14]" time="0.0011599063873291016"></testcase><testcase classname="src.pymortests.vectorarray" file="src/pymortests/vectorarray.py" line="886" name="test_imul_wrong_factor[0-&lt;lambda&gt;15]" time="0.00125885009765625"></testcase><testcase classname="src.pymortests.vectorarray" file="src/pymortests/vectorarray.py" line="886" name="test_imul_wrong_factor[0-&lt;lambda&gt;16]" time="0.0011937618255615234"></testcase><testcase classname="src.pymortests.vectorarray" file="src/pymortests/vectorarray.py" line="886" name="test_imul_wrong_factor[0-&lt;lambda&gt;17]" time="0.0015110969543457031"></testcase><testcase classname="src.pymortests.vectorarray" file="src/pymortests/vectorarray.py" line="886" name="test_imul_wrong_factor[0-&lt;lambda&gt;18]" time="0.0014431476593017578"></testcase><testcase classname="src.pymortests.vectorarray" file="src/pymortests/vectorarray.py" line="886" name="test_imul_wrong_factor[0-&lt;lambda&gt;19]" time="0.0023348331451416016"></testcase><testcase classname="src.pymortests.vectorarray" file="src/pymortests/vectorarray.py" line="886" name="test_imul_wrong_factor[0-&lt;lambda&gt;20]" time="0.008342742919921875"></testcase><testcase classname="src.pymortests.vectorarray" file="src/pymortests/vectorarray.py" line="886" name="test_imul_wrong_factor[0-&lt;lambda&gt;21]" time="0.018593549728393555"></testcase><testcase classname="src.pymortests.vectorarray" file="src/pymortests/vectorarray.py" line="886" name="test_imul_wrong_factor[0-&lt;lambda&gt;22]" time="0.001644134521484375"></testcase><testcase classname="src.pymortests.vectorarray" file="src/pymortests/vectorarray.py" line="886" name="test_imul_wrong_factor[0-&lt;lambda&gt;23]" time="0.0011048316955566406"></testcase><testcase classname="src.pymortests.vectorarray" file="src/pymortests/vectorarray.py" line="886" name="test_imul_wrong_factor[0-&lt;lambda&gt;24]" time="0.0020089149475097656"></testcase><testcase classname="src.pymortests.vectorarray" file="src/pymortests/vectorarray.py" line="886" name="test_imul_wrong_factor[0-&lt;lambda&gt;25]" time="0.02357792854309082"></testcase><testcase classname="src.pymortests.vectorarray" file="src/pymortests/vectorarray.py" line="886" name="test_imul_wrong_factor[0-&lt;lambda&gt;26]" time="0.053867340087890625"></testcase><testcase classname="src.pymortests.vectorarray" file="src/pymortests/vectorarray.py" line="886" name="test_imul_wrong_factor[1-&lt;lambda&gt;0]" time="0.001725912094116211"></testcase><testcase classname="src.pymortests.vectorarray" file="src/pymortests/vectorarray.py" line="886" name="test_imul_wrong_factor[1-&lt;lambda&gt;1]" time="0.0012655258178710938"></testcase><testcase classname="src.pymortests.vectorarray" file="src/pymortests/vectorarray.py" line="886" name="test_imul_wrong_factor[1-&lt;lambda&gt;2]" time="0.0011491775512695312"></testcase><testcase classname="src.pymortests.vectorarray" file="src/pymortests/vectorarray.py" line="886" name="test_imul_wrong_factor[1-&lt;lambda&gt;3]" time="0.00116729736328125"></testcase><testcase classname="src.pymortests.vectorarray" file="src/pymortests/vectorarray.py" line="886" name="test_imul_wrong_factor[1-&lt;lambda&gt;4]" time="0.0011777877807617188"></testcase><testcase classname="src.pymortests.vectorarray" file="src/pymortests/vectorarray.py" line="886" name="test_imul_wrong_factor[1-&lt;lambda&gt;5]" time="0.0011334419250488281"></testcase><testcase classname="src.pymortests.vectorarray" file="src/pymortests/vectorarray.py" line="886" name="test_imul_wrong_factor[1-&lt;lambda&gt;6]" time="0.0011010169982910156"></testcase><testcase classname="src.pymortests.vectorarray" file="src/pymortests/vectorarray.py" line="886" name="test_imul_wrong_factor[1-&lt;lambda&gt;7]" time="0.0011055469512939453"></testcase><testcase classname="src.pymortests.vectorarray" file="src/pymortests/vectorarray.py" line="886" name="test_imul_wrong_factor[1-&lt;lambda&gt;8]" time="0.0013616085052490234"></testcase><testcase classname="src.pymortests.vectorarray" file="src/pymortests/vectorarray.py" line="886" name="test_imul_wrong_factor[1-&lt;lambda&gt;9]" time="0.001796722412109375"></testcase><testcase classname="src.pymortests.vectorarray" file="src/pymortests/vectorarray.py" line="886" name="test_imul_wrong_factor[1-&lt;lambda&gt;10]" time="0.0013134479522705078"></testcase><testcase classname="src.pymortests.vectorarray" file="src/pymortests/vectorarray.py" line="886" name="test_imul_wrong_factor[1-&lt;lambda&gt;11]" time="0.0013315677642822266"></testcase><testcase classname="src.pymortests.vectorarray" file="src/pymortests/vectorarray.py" line="886" name="test_imul_wrong_factor[1-&lt;lambda&gt;12]" time="0.0012917518615722656"></testcase><testcase classname="src.pymortests.vectorarray" file="src/pymortests/vectorarray.py" line="886" name="test_imul_wrong_factor[1-&lt;lambda&gt;13]" time="0.0012524127960205078"></testcase><testcase classname="src.pymortests.vectorarray" file="src/pymortests/vectorarray.py" line="886" name="test_imul_wrong_factor[1-&lt;lambda&gt;14]" time="0.0013077259063720703"></testcase><testcase classname="src.pymortests.vectorarray" file="src/pymortests/vectorarray.py" line="886" name="test_imul_wrong_factor[1-&lt;lambda&gt;15]" time="0.0013282299041748047"></testcase><testcase classname="src.pymortests.vectorarray" file="src/pymortests/vectorarray.py" line="886" name="test_imul_wrong_factor[1-&lt;lambda&gt;16]" time="0.0013022422790527344"></testcase><testcase classname="src.pymortests.vectorarray" file="src/pymortests/vectorarray.py" line="886" name="test_imul_wrong_factor[1-&lt;lambda&gt;17]" time="0.0015904903411865234"></testcase><testcase classname="src.pymortests.vectorarray" file="src/pymortests/vectorarray.py" line="886" name="test_imul_wrong_factor[1-&lt;lambda&gt;18]" time="0.001550436019897461"></testcase><testcase classname="src.pymortests.vectorarray" file="src/pymortests/vectorarray.py" line="886" name="test_imul_wrong_factor[1-&lt;lambda&gt;19]" time="0.002354860305786133"></testcase><testcase classname="src.pymortests.vectorarray" file="src/pymortests/vectorarray.py" line="886" name="test_imul_wrong_factor[1-&lt;lambda&gt;20]" time="0.008891820907592773"></testcase><testcase classname="src.pymortests.vectorarray" file="src/pymortests/vectorarray.py" line="886" name="test_imul_wrong_factor[1-&lt;lambda&gt;21]" time="0.01874685287475586"></testcase><testcase classname="src.pymortests.vectorarray" file="src/pymortests/vectorarray.py" line="886" name="test_imul_wrong_factor[1-&lt;lambda&gt;22]" time="0.0017559528350830078"></testcase><testcase classname="src.pymortests.vectorarray" file="src/pymortests/vectorarray.py" line="886" name="test_imul_wrong_factor[1-&lt;lambda&gt;23]" time="0.0011434555053710938"></testcase><testcase classname="src.pymortests.vectorarray" file="src/pymortests/vectorarray.py" line="886" name="test_imul_wrong_factor[1-&lt;lambda&gt;24]" time="0.0020415782928466797"></testcase><testcase classname="src.pymortests.vectorarray" file="src/pymortests/vectorarray.py" line="886" name="test_imul_wrong_factor[1-&lt;lambda&gt;25]" time="0.023386001586914062"></testcase><testcase classname="src.pymortests.vectorarray" file="src/pymortests/vectorarray.py" line="886" name="test_imul_wrong_factor[1-&lt;lambda&gt;26]" time="0.054387807846069336"></testcase><testcase classname="src.pymortests.vectorarray" file="src/pymortests/vectorarray.py" line="886" name="test_imul_wrong_factor[2-&lt;lambda&gt;0]" time="0.0017843246459960938"></testcase><testcase classname="src.pymortests.vectorarray" file="src/pymortests/vectorarray.py" line="886" name="test_imul_wrong_factor[2-&lt;lambda&gt;1]" time="0.001239776611328125"></testcase><testcase classname="src.pymortests.vectorarray" file="src/pymortests/vectorarray.py" line="886" name="test_imul_wrong_factor[2-&lt;lambda&gt;2]" time="0.0011332035064697266"></testcase><testcase classname="src.pymortests.vectorarray" file="src/pymortests/vectorarray.py" line="886" name="test_imul_wrong_factor[2-&lt;lambda&gt;3]" time="0.0011892318725585938"></testcase><testcase classname="src.pymortests.vectorarray" file="src/pymortests/vectorarray.py" line="886" name="test_imul_wrong_factor[2-&lt;lambda&gt;4]" time="0.0011417865753173828"></testcase><testcase classname="src.pymortests.vectorarray" file="src/pymortests/vectorarray.py" line="886" name="test_imul_wrong_factor[2-&lt;lambda&gt;5]" time="0.0011267662048339844"></testcase><testcase classname="src.pymortests.vectorarray" file="src/pymortests/vectorarray.py" line="886" name="test_imul_wrong_factor[2-&lt;lambda&gt;6]" time="0.0011436939239501953"></testcase><testcase classname="src.pymortests.vectorarray" file="src/pymortests/vectorarray.py" line="886" name="test_imul_wrong_factor[2-&lt;lambda&gt;7]" time="0.0011451244354248047"></testcase><testcase classname="src.pymortests.vectorarray" file="src/pymortests/vectorarray.py" line="886" name="test_imul_wrong_factor[2-&lt;lambda&gt;8]" time="0.0013549327850341797"></testcase><testcase classname="src.pymortests.vectorarray" file="src/pymortests/vectorarray.py" line="886" name="test_imul_wrong_factor[2-&lt;lambda&gt;9]" time="0.0017685890197753906"></testcase><testcase classname="src.pymortests.vectorarray" file="src/pymortests/vectorarray.py" line="886" name="test_imul_wrong_factor[2-&lt;lambda&gt;10]" time="0.0012662410736083984"></testcase><testcase classname="src.pymortests.vectorarray" file="src/pymortests/vectorarray.py" line="886" name="test_imul_wrong_factor[2-&lt;lambda&gt;11]" time="0.0012700557708740234"></testcase><testcase classname="src.pymortests.vectorarray" file="src/pymortests/vectorarray.py" line="886" name="test_imul_wrong_factor[2-&lt;lambda&gt;12]" time="0.0012540817260742188"></testcase><testcase classname="src.pymortests.vectorarray" file="src/pymortests/vectorarray.py" line="886" name="test_imul_wrong_factor[2-&lt;lambda&gt;13]" time="0.0012233257293701172"></testcase><testcase classname="src.pymortests.vectorarray" file="src/pymortests/vectorarray.py" line="886" name="test_imul_wrong_factor[2-&lt;lambda&gt;14]" time="0.001257181167602539"></testcase><testcase classname="src.pymortests.vectorarray" file="src/pymortests/vectorarray.py" line="886" name="test_imul_wrong_factor[2-&lt;lambda&gt;15]" time="0.0013012886047363281"></testcase><testcase classname="src.pymortests.vectorarray" file="src/pymortests/vectorarray.py" line="886" name="test_imul_wrong_factor[2-&lt;lambda&gt;16]" time="0.001287698745727539"></testcase><testcase classname="src.pymortests.vectorarray" file="src/pymortests/vectorarray.py" line="886" name="test_imul_wrong_factor[2-&lt;lambda&gt;17]" time="0.0015611648559570312"></testcase><testcase classname="src.pymortests.vectorarray" file="src/pymortests/vectorarray.py" line="886" name="test_imul_wrong_factor[2-&lt;lambda&gt;18]" time="0.0015194416046142578"></testcase><testcase classname="src.pymortests.vectorarray" file="src/pymortests/vectorarray.py" line="886" name="test_imul_wrong_factor[2-&lt;lambda&gt;19]" time="0.002389669418334961"></testcase><testcase classname="src.pymortests.vectorarray" file="src/pymortests/vectorarray.py" line="886" name="test_imul_wrong_factor[2-&lt;lambda&gt;20]" time="0.008879423141479492"></testcase><testcase classname="src.pymortests.vectorarray" file="src/pymortests/vectorarray.py" line="886" name="test_imul_wrong_factor[2-&lt;lambda&gt;21]" time="0.019915342330932617"></testcase><testcase classname="src.pymortests.vectorarray" file="src/pymortests/vectorarray.py" line="886" name="test_imul_wrong_factor[2-&lt;lambda&gt;22]" time="0.0017216205596923828"></testcase><testcase classname="src.pymortests.vectorarray" file="src/pymortests/vectorarray.py" line="886" name="test_imul_wrong_factor[2-&lt;lambda&gt;23]" time="0.0012137889862060547"></testcase><testcase classname="src.pymortests.vectorarray" file="src/pymortests/vectorarray.py" line="886" name="test_imul_wrong_factor[2-&lt;lambda&gt;24]" time="0.0021581649780273438"></testcase><testcase classname="src.pymortests.vectorarray" file="src/pymortests/vectorarray.py" line="886" name="test_imul_wrong_factor[2-&lt;lambda&gt;25]" time="0.023487329483032227"></testcase><testcase classname="src.pymortests.vectorarray" file="src/pymortests/vectorarray.py" line="886" name="test_imul_wrong_factor[2-&lt;lambda&gt;26]" time="0.05414581298828125"></testcase><testcase classname="src.pymortests.vectorarray" file="src/pymortests/vectorarray.py" line="895" name="test_append_incompatible[&lt;lambda&gt;0]" time="0.0016112327575683594"></testcase><testcase classname="src.pymortests.vectorarray" file="src/pymortests/vectorarray.py" line="895" name="test_append_incompatible[&lt;lambda&gt;1]" time="0.0011720657348632812"></testcase><testcase classname="src.pymortests.vectorarray" file="src/pymortests/vectorarray.py" line="895" name="test_append_incompatible[&lt;lambda&gt;2]" time="0.0010986328125"></testcase><testcase classname="src.pymortests.vectorarray" file="src/pymortests/vectorarray.py" line="895" name="test_append_incompatible[&lt;lambda&gt;3]" time="0.001089334487915039"></testcase><testcase classname="src.pymortests.vectorarray" file="src/pymortests/vectorarray.py" line="895" name="test_append_incompatible[&lt;lambda&gt;4]" time="0.001016855239868164"></testcase><testcase classname="src.pymortests.vectorarray" file="src/pymortests/vectorarray.py" line="895" name="test_append_incompatible[&lt;lambda&gt;5]" time="0.0011832714080810547"></testcase><testcase classname="src.pymortests.vectorarray" file="src/pymortests/vectorarray.py" line="895" name="test_append_incompatible[&lt;lambda&gt;6]" time="0.001096487045288086"></testcase><testcase classname="src.pymortests.vectorarray" file="src/pymortests/vectorarray.py" line="895" name="test_append_incompatible[&lt;lambda&gt;7]" time="0.001123666763305664"></testcase><testcase classname="src.pymortests.vectorarray" file="src/pymortests/vectorarray.py" line="895" name="test_append_incompatible[&lt;lambda&gt;8]" time="0.0017566680908203125"></testcase><testcase classname="src.pymortests.vectorarray" file="src/pymortests/vectorarray.py" line="895" name="test_append_incompatible[&lt;lambda&gt;9]" time="0.0028486251831054688"></testcase><testcase classname="src.pymortests.vectorarray" file="src/pymortests/vectorarray.py" line="895" name="test_append_incompatible[&lt;lambda&gt;10]" time="0.0014300346374511719"></testcase><testcase classname="src.pymortests.vectorarray" file="src/pymortests/vectorarray.py" line="895" name="test_append_incompatible[&lt;lambda&gt;11]" time="0.0013551712036132812"></testcase><testcase classname="src.pymortests.vectorarray" file="src/pymortests/vectorarray.py" line="895" name="test_append_incompatible[&lt;lambda&gt;12]" time="0.0014274120330810547"></testcase><testcase classname="src.pymortests.vectorarray" file="src/pymortests/vectorarray.py" line="895" name="test_append_incompatible[&lt;lambda&gt;13]" time="0.0013725757598876953"></testcase><testcase classname="src.pymortests.vectorarray" file="src/pymortests/vectorarray.py" line="895" name="test_append_incompatible[&lt;lambda&gt;14]" time="0.001428842544555664"></testcase><testcase classname="src.pymortests.vectorarray" file="src/pymortests/vectorarray.py" line="895" name="test_append_incompatible[&lt;lambda&gt;15]" time="0.0016872882843017578"></testcase><testcase classname="src.pymortests.vectorarray" file="src/pymortests/vectorarray.py" line="895" name="test_append_incompatible[&lt;lambda&gt;16]" time="0.0018308162689208984"></testcase><testcase classname="src.pymortests.vectorarray" file="src/pymortests/vectorarray.py" line="895" name="test_append_incompatible[&lt;lambda&gt;17]" time="0.0020589828491210938"></testcase><testcase classname="src.pymortests.vectorarray" file="src/pymortests/vectorarray.py" line="895" name="test_append_incompatible[&lt;lambda&gt;18]" time="0.03212571144104004"></testcase><testcase classname="src.pymortests.vectorarray" file="src/pymortests/vectorarray.py" line="895" name="test_append_incompatible[&lt;lambda&gt;19]" time="0.21094202995300293"></testcase><testcase classname="src.pymortests.vectorarray" file="src/pymortests/vectorarray.py" line="895" name="test_append_incompatible[&lt;lambda&gt;20]" time="0.003768444061279297"><system-out> set global mesh
 set global mesh
 Update mesh topology
 Update edges 
 Update faces 
 Update clusters
</system-out></testcase><testcase classname="src.pymortests.vectorarray" file="src/pymortests/vectorarray.py" line="895" name="test_append_incompatible[&lt;lambda&gt;21]" time="0.0035779476165771484"><system-out> set global mesh
 set global mesh
 Update mesh topology
 Update edges 
 Update faces 
 Update clusters
</system-out></testcase><testcase classname="src.pymortests.vectorarray" file="src/pymortests/vectorarray.py" line="895" name="test_append_incompatible[&lt;lambda&gt;22]" time="0.0024671554565429688"></testcase><testcase classname="src.pymortests.vectorarray" file="src/pymortests/vectorarray.py" line="895" name="test_append_incompatible[&lt;lambda&gt;23]" time="0.029796838760375977"><system-out> set global mesh
 set global mesh
 Update mesh topology
 Update edges 
 Update faces 
 Update clusters
</system-out></testcase><testcase classname="src.pymortests.vectorarray" file="src/pymortests/vectorarray.py" line="895" name="test_append_incompatible[&lt;lambda&gt;24]" time="0.062001943588256836"><system-out> set global mesh
 set global mesh
 Update mesh topology
 Update edges 
 Update faces 
 Update clusters
</system-out></testcase><testcase classname="src.pymortests.vectorarray" file="src/pymortests/vectorarray.py" line="906" name="test_axpy_incompatible[&lt;lambda&gt;0]" time="0.0032129287719726562"></testcase><testcase classname="src.pymortests.vectorarray" file="src/pymortests/vectorarray.py" line="906" name="test_axpy_incompatible[&lt;lambda&gt;1]" time="0.0013272762298583984"></testcase><testcase classname="src.pymortests.vectorarray" file="src/pymortests/vectorarray.py" line="906" name="test_axpy_incompatible[&lt;lambda&gt;2]" time="0.0038607120513916016"></testcase><testcase classname="src.pymortests.vectorarray" file="src/pymortests/vectorarray.py" line="906" name="test_axpy_incompatible[&lt;lambda&gt;3]" time="0.0034787654876708984"></testcase><testcase classname="src.pymortests.vectorarray" file="src/pymortests/vectorarray.py" line="906" name="test_axpy_incompatible[&lt;lambda&gt;4]" time="0.0036194324493408203"></testcase><testcase classname="src.pymortests.vectorarray" file="src/pymortests/vectorarray.py" line="906" name="test_axpy_incompatible[&lt;lambda&gt;5]" time="0.0020809173583984375"></testcase><testcase classname="src.pymortests.vectorarray" file="src/pymortests/vectorarray.py" line="906" name="test_axpy_incompatible[&lt;lambda&gt;6]" time="0.0013153553009033203"></testcase><testcase classname="src.pymortests.vectorarray" file="src/pymortests/vectorarray.py" line="906" name="test_axpy_incompatible[&lt;lambda&gt;7]" time="0.004233360290527344"></testcase><testcase classname="src.pymortests.vectorarray" file="src/pymortests/vectorarray.py" line="906" name="test_axpy_incompatible[&lt;lambda&gt;8]" time="0.00945734977722168"></testcase><testcase classname="src.pymortests.vectorarray" file="src/pymortests/vectorarray.py" line="906" name="test_axpy_incompatible[&lt;lambda&gt;9]" time="0.01713871955871582"></testcase><testcase classname="src.pymortests.vectorarray" file="src/pymortests/vectorarray.py" line="906" name="test_axpy_incompatible[&lt;lambda&gt;10]" time="0.004740476608276367"></testcase><testcase classname="src.pymortests.vectorarray" file="src/pymortests/vectorarray.py" line="906" name="test_axpy_incompatible[&lt;lambda&gt;11]" time="0.0015568733215332031"></testcase><testcase classname="src.pymortests.vectorarray" file="src/pymortests/vectorarray.py" line="906" name="test_axpy_incompatible[&lt;lambda&gt;12]" time="0.008206844329833984"></testcase><testcase classname="src.pymortests.vectorarray" file="src/pymortests/vectorarray.py" line="906" name="test_axpy_incompatible[&lt;lambda&gt;13]" time="0.0060939788818359375"></testcase><testcase classname="src.pymortests.vectorarray" file="src/pymortests/vectorarray.py" line="906" name="test_axpy_incompatible[&lt;lambda&gt;14]" time="0.0077495574951171875"></testcase><testcase classname="src.pymortests.vectorarray" file="src/pymortests/vectorarray.py" line="906" name="test_axpy_incompatible[&lt;lambda&gt;15]" time="0.0030181407928466797"></testcase><testcase classname="src.pymortests.vectorarray" file="src/pymortests/vectorarray.py" line="906" name="test_axpy_incompatible[&lt;lambda&gt;16]" time="0.002084970474243164"></testcase><testcase classname="src.pymortests.vectorarray" file="src/pymortests/vectorarray.py" line="906" name="test_axpy_incompatible[&lt;lambda&gt;17]" time="0.005638599395751953"></testcase><testcase classname="src.pymortests.vectorarray" file="src/pymortests/vectorarray.py" line="906" name="test_axpy_incompatible[&lt;lambda&gt;18]" time="0.037421464920043945"></testcase><testcase classname="src.pymortests.vectorarray" file="src/pymortests/vectorarray.py" line="906" name="test_axpy_incompatible[&lt;lambda&gt;19]" time="0.03669142723083496"></testcase><testcase classname="src.pymortests.vectorarray" file="src/pymortests/vectorarray.py" line="906" name="test_axpy_incompatible[&lt;lambda&gt;20]" time="0.002957582473754883"></testcase><testcase classname="src.pymortests.vectorarray" file="src/pymortests/vectorarray.py" line="906" name="test_axpy_incompatible[&lt;lambda&gt;21]" time="0.0022945404052734375"></testcase><testcase classname="src.pymortests.vectorarray" file="src/pymortests/vectorarray.py" line="906" name="test_axpy_incompatible[&lt;lambda&gt;22]" time="0.005897998809814453"></testcase><testcase classname="src.pymortests.vectorarray" file="src/pymortests/vectorarray.py" line="906" name="test_axpy_incompatible[&lt;lambda&gt;23]" time="0.037444114685058594"></testcase><testcase classname="src.pymortests.vectorarray" file="src/pymortests/vectorarray.py" line="906" name="test_axpy_incompatible[&lt;lambda&gt;24]" time="0.07399392127990723"></testcase><testcase classname="src.pymortests.vectorarray" file="src/pymortests/vectorarray.py" line="923" name="test_dot_incompatible[&lt;lambda&gt;0]" time="0.0019719600677490234"></testcase><testcase classname="src.pymortests.vectorarray" file="src/pymortests/vectorarray.py" line="923" name="test_dot_incompatible[&lt;lambda&gt;1]" time="0.001188039779663086"></testcase><testcase classname="src.pymortests.vectorarray" file="src/pymortests/vectorarray.py" line="923" name="test_dot_incompatible[&lt;lambda&gt;2]" time="0.0018963813781738281"></testcase><testcase classname="src.pymortests.vectorarray" file="src/pymortests/vectorarray.py" line="923" name="test_dot_incompatible[&lt;lambda&gt;3]" time="0.0018529891967773438"></testcase><testcase classname="src.pymortests.vectorarray" file="src/pymortests/vectorarray.py" line="923" name="test_dot_incompatible[&lt;lambda&gt;4]" time="0.0018856525421142578"></testcase><testcase classname="src.pymortests.vectorarray" file="src/pymortests/vectorarray.py" line="923" name="test_dot_incompatible[&lt;lambda&gt;5]" time="0.0012898445129394531"></testcase><testcase classname="src.pymortests.vectorarray" file="src/pymortests/vectorarray.py" line="923" name="test_dot_incompatible[&lt;lambda&gt;6]" time="0.0010938644409179688"></testcase><testcase classname="src.pymortests.vectorarray" file="src/pymortests/vectorarray.py" line="923" name="test_dot_incompatible[&lt;lambda&gt;7]" time="0.0019872188568115234"></testcase><testcase classname="src.pymortests.vectorarray" file="src/pymortests/vectorarray.py" line="923" name="test_dot_incompatible[&lt;lambda&gt;8]" time="0.003461122512817383"></testcase><testcase classname="src.pymortests.vectorarray" file="src/pymortests/vectorarray.py" line="923" name="test_dot_incompatible[&lt;lambda&gt;9]" time="0.00556182861328125"></testcase><testcase classname="src.pymortests.vectorarray" file="src/pymortests/vectorarray.py" line="923" name="test_dot_incompatible[&lt;lambda&gt;10]" time="0.001943826675415039"></testcase><testcase classname="src.pymortests.vectorarray" file="src/pymortests/vectorarray.py" line="923" name="test_dot_incompatible[&lt;lambda&gt;11]" time="0.001291036605834961"></testcase><testcase classname="src.pymortests.vectorarray" file="src/pymortests/vectorarray.py" line="923" name="test_dot_incompatible[&lt;lambda&gt;12]" time="0.0031681060791015625"></testcase><testcase classname="src.pymortests.vectorarray" file="src/pymortests/vectorarray.py" line="923" name="test_dot_incompatible[&lt;lambda&gt;13]" time="0.0026688575744628906"></testcase><testcase classname="src.pymortests.vectorarray" file="src/pymortests/vectorarray.py" line="923" name="test_dot_incompatible[&lt;lambda&gt;14]" time="0.0030438899993896484"></testcase><testcase classname="src.pymortests.vectorarray" file="src/pymortests/vectorarray.py" line="923" name="test_dot_incompatible[&lt;lambda&gt;15]" time="0.0019774436950683594"></testcase><testcase classname="src.pymortests.vectorarray" file="src/pymortests/vectorarray.py" line="923" name="test_dot_incompatible[&lt;lambda&gt;16]" time="0.001943826675415039"></testcase><testcase classname="src.pymortests.vectorarray" file="src/pymortests/vectorarray.py" line="923" name="test_dot_incompatible[&lt;lambda&gt;17]" time="0.002937793731689453"></testcase><testcase classname="src.pymortests.vectorarray" file="src/pymortests/vectorarray.py" line="923" name="test_dot_incompatible[&lt;lambda&gt;18]" time="0.03174090385437012"></testcase><testcase classname="src.pymortests.vectorarray" file="src/pymortests/vectorarray.py" line="923" name="test_dot_incompatible[&lt;lambda&gt;19]" time="0.025829315185546875"></testcase><testcase classname="src.pymortests.vectorarray" file="src/pymortests/vectorarray.py" line="923" name="test_dot_incompatible[&lt;lambda&gt;20]" time="0.0019469261169433594"></testcase><testcase classname="src.pymortests.vectorarray" file="src/pymortests/vectorarray.py" line="923" name="test_dot_incompatible[&lt;lambda&gt;21]" time="0.002115964889526367"></testcase><testcase classname="src.pymortests.vectorarray" file="src/pymortests/vectorarray.py" line="923" name="test_dot_incompatible[&lt;lambda&gt;22]" time="0.0035970211029052734"></testcase><testcase classname="src.pymortests.vectorarray" file="src/pymortests/vectorarray.py" line="923" name="test_dot_incompatible[&lt;lambda&gt;23]" time="0.030154943466186523"></testcase><testcase classname="src.pymortests.vectorarray" file="src/pymortests/vectorarray.py" line="923" name="test_dot_incompatible[&lt;lambda&gt;24]" time="0.06351351737976074"></testcase><testcase classname="src.pymortests.vectorarray" file="src/pymortests/vectorarray.py" line="931" name="test_pairwise_dot_incompatible[&lt;lambda&gt;0]" time="0.0019829273223876953"></testcase><testcase classname="src.pymortests.vectorarray" file="src/pymortests/vectorarray.py" line="931" name="test_pairwise_dot_incompatible[&lt;lambda&gt;1]" time="0.0011248588562011719"></testcase><testcase classname="src.pymortests.vectorarray" file="src/pymortests/vectorarray.py" line="931" name="test_pairwise_dot_incompatible[&lt;lambda&gt;2]" time="0.001870870590209961"></testcase><testcase classname="src.pymortests.vectorarray" file="src/pymortests/vectorarray.py" line="931" name="test_pairwise_dot_incompatible[&lt;lambda&gt;3]" time="0.0017800331115722656"></testcase><testcase classname="src.pymortests.vectorarray" file="src/pymortests/vectorarray.py" line="931" name="test_pairwise_dot_incompatible[&lt;lambda&gt;4]" time="0.0017452239990234375"></testcase><testcase classname="src.pymortests.vectorarray" file="src/pymortests/vectorarray.py" line="931" name="test_pairwise_dot_incompatible[&lt;lambda&gt;5]" time="0.0012810230255126953"></testcase><testcase classname="src.pymortests.vectorarray" file="src/pymortests/vectorarray.py" line="931" name="test_pairwise_dot_incompatible[&lt;lambda&gt;6]" time="0.0010826587677001953"></testcase><testcase classname="src.pymortests.vectorarray" file="src/pymortests/vectorarray.py" line="931" name="test_pairwise_dot_incompatible[&lt;lambda&gt;7]" time="0.0019044876098632812"></testcase><testcase classname="src.pymortests.vectorarray" file="src/pymortests/vectorarray.py" line="931" name="test_pairwise_dot_incompatible[&lt;lambda&gt;8]" time="0.003385782241821289"></testcase><testcase classname="src.pymortests.vectorarray" file="src/pymortests/vectorarray.py" line="931" name="test_pairwise_dot_incompatible[&lt;lambda&gt;9]" time="0.0053141117095947266"></testcase><testcase classname="src.pymortests.vectorarray" file="src/pymortests/vectorarray.py" line="931" name="test_pairwise_dot_incompatible[&lt;lambda&gt;10]" time="0.0019032955169677734"></testcase><testcase classname="src.pymortests.vectorarray" file="src/pymortests/vectorarray.py" line="931" name="test_pairwise_dot_incompatible[&lt;lambda&gt;11]" time="0.0012197494506835938"></testcase><testcase classname="src.pymortests.vectorarray" file="src/pymortests/vectorarray.py" line="931" name="test_pairwise_dot_incompatible[&lt;lambda&gt;12]" time="0.0031354427337646484"></testcase><testcase classname="src.pymortests.vectorarray" file="src/pymortests/vectorarray.py" line="931" name="test_pairwise_dot_incompatible[&lt;lambda&gt;13]" time="0.0026655197143554688"></testcase><testcase classname="src.pymortests.vectorarray" file="src/pymortests/vectorarray.py" line="931" name="test_pairwise_dot_incompatible[&lt;lambda&gt;14]" time="0.003052234649658203"></testcase><testcase classname="src.pymortests.vectorarray" file="src/pymortests/vectorarray.py" line="931" name="test_pairwise_dot_incompatible[&lt;lambda&gt;15]" time="0.0019745826721191406"></testcase><testcase classname="src.pymortests.vectorarray" file="src/pymortests/vectorarray.py" line="931" name="test_pairwise_dot_incompatible[&lt;lambda&gt;16]" time="0.001809835433959961"></testcase><testcase classname="src.pymortests.vectorarray" file="src/pymortests/vectorarray.py" line="931" name="test_pairwise_dot_incompatible[&lt;lambda&gt;17]" time="0.003318309783935547"></testcase><testcase classname="src.pymortests.vectorarray" file="src/pymortests/vectorarray.py" line="931" name="test_pairwise_dot_incompatible[&lt;lambda&gt;18]" time="0.032431840896606445"></testcase><testcase classname="src.pymortests.vectorarray" file="src/pymortests/vectorarray.py" line="931" name="test_pairwise_dot_incompatible[&lt;lambda&gt;19]" time="0.02524399757385254"></testcase><testcase classname="src.pymortests.vectorarray" file="src/pymortests/vectorarray.py" line="931" name="test_pairwise_dot_incompatible[&lt;lambda&gt;20]" time="0.0019369125366210938"></testcase><testcase classname="src.pymortests.vectorarray" file="src/pymortests/vectorarray.py" line="931" name="test_pairwise_dot_incompatible[&lt;lambda&gt;21]" time="0.0020873546600341797"></testcase><testcase classname="src.pymortests.vectorarray" file="src/pymortests/vectorarray.py" line="931" name="test_pairwise_dot_incompatible[&lt;lambda&gt;22]" time="0.003477811813354492"></testcase><testcase classname="src.pymortests.vectorarray" file="src/pymortests/vectorarray.py" line="931" name="test_pairwise_dot_incompatible[&lt;lambda&gt;23]" time="0.029918670654296875"></testcase><testcase classname="src.pymortests.vectorarray" file="src/pymortests/vectorarray.py" line="931" name="test_pairwise_dot_incompatible[&lt;lambda&gt;24]" time="0.06247520446777344"></testcase><testcase classname="src.pymortests.vectorarray" file="src/pymortests/vectorarray.py" line="939" name="test_add_incompatible[&lt;lambda&gt;0]" time="0.0016155242919921875"></testcase><testcase classname="src.pymortests.vectorarray" file="src/pymortests/vectorarray.py" line="939" name="test_add_incompatible[&lt;lambda&gt;1]" time="0.0011234283447265625"></testcase><testcase classname="src.pymortests.vectorarray" file="src/pymortests/vectorarray.py" line="939" name="test_add_incompatible[&lt;lambda&gt;2]" time="0.00104522705078125"></testcase><testcase classname="src.pymortests.vectorarray" file="src/pymortests/vectorarray.py" line="939" name="test_add_incompatible[&lt;lambda&gt;3]" time="0.001070261001586914"></testcase><testcase classname="src.pymortests.vectorarray" file="src/pymortests/vectorarray.py" line="939" name="test_add_incompatible[&lt;lambda&gt;4]" time="0.0009949207305908203"></testcase><testcase classname="src.pymortests.vectorarray" file="src/pymortests/vectorarray.py" line="939" name="test_add_incompatible[&lt;lambda&gt;5]" time="0.0010759830474853516"></testcase><testcase classname="src.pymortests.vectorarray" file="src/pymortests/vectorarray.py" line="939" name="test_add_incompatible[&lt;lambda&gt;6]" time="0.0010306835174560547"></testcase><testcase classname="src.pymortests.vectorarray" file="src/pymortests/vectorarray.py" line="939" name="test_add_incompatible[&lt;lambda&gt;7]" time="0.0010714530944824219"></testcase><testcase classname="src.pymortests.vectorarray" file="src/pymortests/vectorarray.py" line="939" name="test_add_incompatible[&lt;lambda&gt;8]" time="0.0013380050659179688"></testcase><testcase classname="src.pymortests.vectorarray" file="src/pymortests/vectorarray.py" line="939" name="test_add_incompatible[&lt;lambda&gt;9]" time="0.0017049312591552734"></testcase><testcase classname="src.pymortests.vectorarray" file="src/pymortests/vectorarray.py" line="939" name="test_add_incompatible[&lt;lambda&gt;10]" time="0.0013124942779541016"></testcase><testcase classname="src.pymortests.vectorarray" file="src/pymortests/vectorarray.py" line="939" name="test_add_incompatible[&lt;lambda&gt;11]" time="0.0011675357818603516"></testcase><testcase classname="src.pymortests.vectorarray" file="src/pymortests/vectorarray.py" line="939" name="test_add_incompatible[&lt;lambda&gt;12]" time="0.0012116432189941406"></testcase><testcase classname="src.pymortests.vectorarray" file="src/pymortests/vectorarray.py" line="939" name="test_add_incompatible[&lt;lambda&gt;13]" time="0.0012259483337402344"></testcase><testcase classname="src.pymortests.vectorarray" file="src/pymortests/vectorarray.py" line="939" name="test_add_incompatible[&lt;lambda&gt;14]" time="0.0012669563293457031"></testcase><testcase classname="src.pymortests.vectorarray" file="src/pymortests/vectorarray.py" line="939" name="test_add_incompatible[&lt;lambda&gt;15]" time="0.0016758441925048828"></testcase><testcase classname="src.pymortests.vectorarray" file="src/pymortests/vectorarray.py" line="939" name="test_add_incompatible[&lt;lambda&gt;16]" time="0.0017862319946289062"></testcase><testcase classname="src.pymortests.vectorarray" file="src/pymortests/vectorarray.py" line="939" name="test_add_incompatible[&lt;lambda&gt;17]" time="0.0019407272338867188"></testcase><testcase classname="src.pymortests.vectorarray" file="src/pymortests/vectorarray.py" line="939" name="test_add_incompatible[&lt;lambda&gt;18]" time="0.029784679412841797"></testcase><testcase classname="src.pymortests.vectorarray" file="src/pymortests/vectorarray.py" line="939" name="test_add_incompatible[&lt;lambda&gt;19]" time="0.021632909774780273"></testcase><testcase classname="src.pymortests.vectorarray" file="src/pymortests/vectorarray.py" line="939" name="test_add_incompatible[&lt;lambda&gt;20]" time="0.0015232563018798828"></testcase><testcase classname="src.pymortests.vectorarray" file="src/pymortests/vectorarray.py" line="939" name="test_add_incompatible[&lt;lambda&gt;21]" time="0.0020503997802734375"></testcase><testcase classname="src.pymortests.vectorarray" file="src/pymortests/vectorarray.py" line="939" name="test_add_incompatible[&lt;lambda&gt;22]" time="0.002527475357055664"></testcase><testcase classname="src.pymortests.vectorarray" file="src/pymortests/vectorarray.py" line="939" name="test_add_incompatible[&lt;lambda&gt;23]" time="0.02797222137451172"></testcase><testcase classname="src.pymortests.vectorarray" file="src/pymortests/vectorarray.py" line="939" name="test_add_incompatible[&lt;lambda&gt;24]" time="0.059628963470458984"></testcase><testcase classname="src.pymortests.vectorarray" file="src/pymortests/vectorarray.py" line="945" name="test_iadd_incompatible[&lt;lambda&gt;0]" time="0.0015690326690673828"></testcase><testcase classname="src.pymortests.vectorarray" file="src/pymortests/vectorarray.py" line="945" name="test_iadd_incompatible[&lt;lambda&gt;1]" time="0.0011916160583496094"></testcase><testcase classname="src.pymortests.vectorarray" file="src/pymortests/vectorarray.py" line="945" name="test_iadd_incompatible[&lt;lambda&gt;2]" time="0.001104116439819336"></testcase><testcase classname="src.pymortests.vectorarray" file="src/pymortests/vectorarray.py" line="945" name="test_iadd_incompatible[&lt;lambda&gt;3]" time="0.001100301742553711"></testcase><testcase classname="src.pymortests.vectorarray" file="src/pymortests/vectorarray.py" line="945" name="test_iadd_incompatible[&lt;lambda&gt;4]" time="0.0012176036834716797"></testcase><testcase classname="src.pymortests.vectorarray" file="src/pymortests/vectorarray.py" line="945" name="test_iadd_incompatible[&lt;lambda&gt;5]" time="0.0010325908660888672"></testcase><testcase classname="src.pymortests.vectorarray" file="src/pymortests/vectorarray.py" line="945" name="test_iadd_incompatible[&lt;lambda&gt;6]" time="0.0010595321655273438"></testcase><testcase classname="src.pymortests.vectorarray" file="src/pymortests/vectorarray.py" line="945" name="test_iadd_incompatible[&lt;lambda&gt;7]" time="0.0011720657348632812"></testcase><testcase classname="src.pymortests.vectorarray" file="src/pymortests/vectorarray.py" line="945" name="test_iadd_incompatible[&lt;lambda&gt;8]" time="0.0013074874877929688"></testcase><testcase classname="src.pymortests.vectorarray" file="src/pymortests/vectorarray.py" line="945" name="test_iadd_incompatible[&lt;lambda&gt;9]" time="0.0013473033905029297"></testcase><testcase classname="src.pymortests.vectorarray" file="src/pymortests/vectorarray.py" line="945" name="test_iadd_incompatible[&lt;lambda&gt;10]" time="0.0013093948364257812"></testcase><testcase classname="src.pymortests.vectorarray" file="src/pymortests/vectorarray.py" line="945" name="test_iadd_incompatible[&lt;lambda&gt;11]" time="0.0011992454528808594"></testcase><testcase classname="src.pymortests.vectorarray" file="src/pymortests/vectorarray.py" line="945" name="test_iadd_incompatible[&lt;lambda&gt;12]" time="0.0012826919555664062"></testcase><testcase classname="src.pymortests.vectorarray" file="src/pymortests/vectorarray.py" line="945" name="test_iadd_incompatible[&lt;lambda&gt;13]" time="0.0012211799621582031"></testcase><testcase classname="src.pymortests.vectorarray" file="src/pymortests/vectorarray.py" line="945" name="test_iadd_incompatible[&lt;lambda&gt;14]" time="0.0012674331665039062"></testcase><testcase classname="src.pymortests.vectorarray" file="src/pymortests/vectorarray.py" line="945" name="test_iadd_incompatible[&lt;lambda&gt;15]" time="0.0016522407531738281"></testcase><testcase classname="src.pymortests.vectorarray" file="src/pymortests/vectorarray.py" line="945" name="test_iadd_incompatible[&lt;lambda&gt;16]" time="0.0017681121826171875"></testcase><testcase classname="src.pymortests.vectorarray" file="src/pymortests/vectorarray.py" line="945" name="test_iadd_incompatible[&lt;lambda&gt;17]" time="0.0018563270568847656"></testcase><testcase classname="src.pymortests.vectorarray" file="src/pymortests/vectorarray.py" line="945" name="test_iadd_incompatible[&lt;lambda&gt;18]" time="0.029409170150756836"></testcase><testcase classname="src.pymortests.vectorarray" file="src/pymortests/vectorarray.py" line="945" name="test_iadd_incompatible[&lt;lambda&gt;19]" time="0.022083759307861328"></testcase><testcase classname="src.pymortests.vectorarray" file="src/pymortests/vectorarray.py" line="945" name="test_iadd_incompatible[&lt;lambda&gt;20]" time="0.0015239715576171875"></testcase><testcase classname="src.pymortests.vectorarray" file="src/pymortests/vectorarray.py" line="945" name="test_iadd_incompatible[&lt;lambda&gt;21]" time="0.0021550655364990234"></testcase><testcase classname="src.pymortests.vectorarray" file="src/pymortests/vectorarray.py" line="945" name="test_iadd_incompatible[&lt;lambda&gt;22]" time="0.0026426315307617188"></testcase><testcase classname="src.pymortests.vectorarray" file="src/pymortests/vectorarray.py" line="945" name="test_iadd_incompatible[&lt;lambda&gt;23]" time="0.027626514434814453"></testcase><testcase classname="src.pymortests.vectorarray" file="src/pymortests/vectorarray.py" line="945" name="test_iadd_incompatible[&lt;lambda&gt;24]" time="0.058812856674194336"></testcase><testcase classname="src.pymortests.vectorarray" file="src/pymortests/vectorarray.py" line="951" name="test_sub_incompatible[&lt;lambda&gt;0]" time="0.0016169548034667969"></testcase><testcase classname="src.pymortests.vectorarray" file="src/pymortests/vectorarray.py" line="951" name="test_sub_incompatible[&lt;lambda&gt;1]" time="0.0011417865753173828"></testcase><testcase classname="src.pymortests.vectorarray" file="src/pymortests/vectorarray.py" line="951" name="test_sub_incompatible[&lt;lambda&gt;2]" time="0.001041412353515625"></testcase><testcase classname="src.pymortests.vectorarray" file="src/pymortests/vectorarray.py" line="951" name="test_sub_incompatible[&lt;lambda&gt;3]" time="0.0010673999786376953"></testcase><testcase classname="src.pymortests.vectorarray" file="src/pymortests/vectorarray.py" line="951" name="test_sub_incompatible[&lt;lambda&gt;4]" time="0.0010046958923339844"></testcase><testcase classname="src.pymortests.vectorarray" file="src/pymortests/vectorarray.py" line="951" name="test_sub_incompatible[&lt;lambda&gt;5]" time="0.0011210441589355469"></testcase><testcase classname="src.pymortests.vectorarray" file="src/pymortests/vectorarray.py" line="951" name="test_sub_incompatible[&lt;lambda&gt;6]" time="0.0011365413665771484"></testcase><testcase classname="src.pymortests.vectorarray" file="src/pymortests/vectorarray.py" line="951" name="test_sub_incompatible[&lt;lambda&gt;7]" time="0.0011148452758789062"></testcase><testcase classname="src.pymortests.vectorarray" file="src/pymortests/vectorarray.py" line="951" name="test_sub_incompatible[&lt;lambda&gt;8]" time="0.0014183521270751953"></testcase><testcase classname="src.pymortests.vectorarray" file="src/pymortests/vectorarray.py" line="951" name="test_sub_incompatible[&lt;lambda&gt;9]" time="0.0018634796142578125"></testcase><testcase classname="src.pymortests.vectorarray" file="src/pymortests/vectorarray.py" line="951" name="test_sub_incompatible[&lt;lambda&gt;10]" time="0.0013272762298583984"></testcase><testcase classname="src.pymortests.vectorarray" file="src/pymortests/vectorarray.py" line="951" name="test_sub_incompatible[&lt;lambda&gt;11]" time="0.0011980533599853516"></testcase><testcase classname="src.pymortests.vectorarray" file="src/pymortests/vectorarray.py" line="951" name="test_sub_incompatible[&lt;lambda&gt;12]" time="0.0012581348419189453"></testcase><testcase classname="src.pymortests.vectorarray" file="src/pymortests/vectorarray.py" line="951" name="test_sub_incompatible[&lt;lambda&gt;13]" time="0.0012483596801757812"></testcase><testcase classname="src.pymortests.vectorarray" file="src/pymortests/vectorarray.py" line="951" name="test_sub_incompatible[&lt;lambda&gt;14]" time="0.0013413429260253906"></testcase><testcase classname="src.pymortests.vectorarray" file="src/pymortests/vectorarray.py" line="951" name="test_sub_incompatible[&lt;lambda&gt;15]" time="0.0016796588897705078"></testcase><testcase classname="src.pymortests.vectorarray" file="src/pymortests/vectorarray.py" line="951" name="test_sub_incompatible[&lt;lambda&gt;16]" time="0.0017795562744140625"></testcase><testcase classname="src.pymortests.vectorarray" file="src/pymortests/vectorarray.py" line="951" name="test_sub_incompatible[&lt;lambda&gt;17]" time="0.0019500255584716797"></testcase><testcase classname="src.pymortests.vectorarray" file="src/pymortests/vectorarray.py" line="951" name="test_sub_incompatible[&lt;lambda&gt;18]" time="0.028412342071533203"></testcase><testcase classname="src.pymortests.vectorarray" file="src/pymortests/vectorarray.py" line="951" name="test_sub_incompatible[&lt;lambda&gt;19]" time="0.02148604393005371"></testcase><testcase classname="src.pymortests.vectorarray" file="src/pymortests/vectorarray.py" line="951" name="test_sub_incompatible[&lt;lambda&gt;20]" time="0.0015425682067871094"></testcase><testcase classname="src.pymortests.vectorarray" file="src/pymortests/vectorarray.py" line="951" name="test_sub_incompatible[&lt;lambda&gt;21]" time="0.0020668506622314453"></testcase><testcase classname="src.pymortests.vectorarray" file="src/pymortests/vectorarray.py" line="951" name="test_sub_incompatible[&lt;lambda&gt;22]" time="0.002640247344970703"></testcase><testcase classname="src.pymortests.vectorarray" file="src/pymortests/vectorarray.py" line="951" name="test_sub_incompatible[&lt;lambda&gt;23]" time="0.027870655059814453"></testcase><testcase classname="src.pymortests.vectorarray" file="src/pymortests/vectorarray.py" line="951" name="test_sub_incompatible[&lt;lambda&gt;24]" time="0.060346364974975586"></testcase><testcase classname="src.pymortests.vectorarray" file="src/pymortests/vectorarray.py" line="957" name="test_isub_incompatible[&lt;lambda&gt;0]" time="0.0015807151794433594"></testcase><testcase classname="src.pymortests.vectorarray" file="src/pymortests/vectorarray.py" line="957" name="test_isub_incompatible[&lt;lambda&gt;1]" time="0.0011754035949707031"></testcase><testcase classname="src.pymortests.vectorarray" file="src/pymortests/vectorarray.py" line="957" name="test_isub_incompatible[&lt;lambda&gt;2]" time="0.001079559326171875"></testcase><testcase classname="src.pymortests.vectorarray" file="src/pymortests/vectorarray.py" line="957" name="test_isub_incompatible[&lt;lambda&gt;3]" time="0.0010993480682373047"></testcase><testcase classname="src.pymortests.vectorarray" file="src/pymortests/vectorarray.py" line="957" name="test_isub_incompatible[&lt;lambda&gt;4]" time="0.001055002212524414"></testcase><testcase classname="src.pymortests.vectorarray" file="src/pymortests/vectorarray.py" line="957" name="test_isub_incompatible[&lt;lambda&gt;5]" time="0.0010371208190917969"></testcase><testcase classname="src.pymortests.vectorarray" file="src/pymortests/vectorarray.py" line="957" name="test_isub_incompatible[&lt;lambda&gt;6]" time="0.001050710678100586"></testcase><testcase classname="src.pymortests.vectorarray" file="src/pymortests/vectorarray.py" line="957" name="test_isub_incompatible[&lt;lambda&gt;7]" time="0.001032114028930664"></testcase><testcase classname="src.pymortests.vectorarray" file="src/pymortests/vectorarray.py" line="957" name="test_isub_incompatible[&lt;lambda&gt;8]" time="0.0012009143829345703"></testcase><testcase classname="src.pymortests.vectorarray" file="src/pymortests/vectorarray.py" line="957" name="test_isub_incompatible[&lt;lambda&gt;9]" time="0.0013701915740966797"></testcase><testcase classname="src.pymortests.vectorarray" file="src/pymortests/vectorarray.py" line="957" name="test_isub_incompatible[&lt;lambda&gt;10]" time="0.0012335777282714844"></testcase><testcase classname="src.pymortests.vectorarray" file="src/pymortests/vectorarray.py" line="957" name="test_isub_incompatible[&lt;lambda&gt;11]" time="0.0011835098266601562"></testcase><testcase classname="src.pymortests.vectorarray" file="src/pymortests/vectorarray.py" line="957" name="test_isub_incompatible[&lt;lambda&gt;12]" time="0.0013091564178466797"></testcase><testcase classname="src.pymortests.vectorarray" file="src/pymortests/vectorarray.py" line="957" name="test_isub_incompatible[&lt;lambda&gt;13]" time="0.0012199878692626953"></testcase><testcase classname="src.pymortests.vectorarray" file="src/pymortests/vectorarray.py" line="957" name="test_isub_incompatible[&lt;lambda&gt;14]" time="0.001230478286743164"></testcase><testcase classname="src.pymortests.vectorarray" file="src/pymortests/vectorarray.py" line="957" name="test_isub_incompatible[&lt;lambda&gt;15]" time="0.0016796588897705078"></testcase><testcase classname="src.pymortests.vectorarray" file="src/pymortests/vectorarray.py" line="957" name="test_isub_incompatible[&lt;lambda&gt;16]" time="0.001833200454711914"></testcase><testcase classname="src.pymortests.vectorarray" file="src/pymortests/vectorarray.py" line="957" name="test_isub_incompatible[&lt;lambda&gt;17]" time="0.0019350051879882812"></testcase><testcase classname="src.pymortests.vectorarray" file="src/pymortests/vectorarray.py" line="957" name="test_isub_incompatible[&lt;lambda&gt;18]" time="0.03009033203125"></testcase><testcase classname="src.pymortests.vectorarray" file="src/pymortests/vectorarray.py" line="957" name="test_isub_incompatible[&lt;lambda&gt;19]" time="0.022339820861816406"></testcase><testcase classname="src.pymortests.vectorarray" file="src/pymortests/vectorarray.py" line="957" name="test_isub_incompatible[&lt;lambda&gt;20]" time="0.0015676021575927734"></testcase><testcase classname="src.pymortests.vectorarray" file="src/pymortests/vectorarray.py" line="957" name="test_isub_incompatible[&lt;lambda&gt;21]" time="0.002239704132080078"></testcase><testcase classname="src.pymortests.vectorarray" file="src/pymortests/vectorarray.py" line="957" name="test_isub_incompatible[&lt;lambda&gt;22]" time="0.002687692642211914"></testcase><testcase classname="src.pymortests.vectorarray" file="src/pymortests/vectorarray.py" line="957" name="test_isub_incompatible[&lt;lambda&gt;23]" time="0.030163288116455078"></testcase><testcase classname="src.pymortests.vectorarray" file="src/pymortests/vectorarray.py" line="957" name="test_isub_incompatible[&lt;lambda&gt;24]" time="0.06328296661376953"></testcase><testcase classname="src.pymortests.vectorarray" file="src/pymortests/vectorarray.py" line="966" name="test_copy_wrong_ind[0-&lt;lambda&gt;0]" time="0.0021550655364990234"></testcase><testcase classname="src.pymortests.vectorarray" file="src/pymortests/vectorarray.py" line="966" name="test_copy_wrong_ind[0-&lt;lambda&gt;1]" time="0.00159454345703125"></testcase><testcase classname="src.pymortests.vectorarray" file="src/pymortests/vectorarray.py" line="966" name="test_copy_wrong_ind[0-&lt;lambda&gt;2]" time="0.0013604164123535156"></testcase><testcase classname="src.pymortests.vectorarray" file="src/pymortests/vectorarray.py" line="966" name="test_copy_wrong_ind[0-&lt;lambda&gt;3]" time="0.0013508796691894531"></testcase><testcase classname="src.pymortests.vectorarray" file="src/pymortests/vectorarray.py" line="966" name="test_copy_wrong_ind[0-&lt;lambda&gt;4]" time="0.0013632774353027344"></testcase><testcase classname="src.pymortests.vectorarray" file="src/pymortests/vectorarray.py" line="966" name="test_copy_wrong_ind[0-&lt;lambda&gt;5]" time="0.0013272762298583984"></testcase><testcase classname="src.pymortests.vectorarray" file="src/pymortests/vectorarray.py" line="966" name="test_copy_wrong_ind[0-&lt;lambda&gt;6]" time="0.0013921260833740234"></testcase><testcase classname="src.pymortests.vectorarray" file="src/pymortests/vectorarray.py" line="966" name="test_copy_wrong_ind[0-&lt;lambda&gt;7]" time="0.0014066696166992188"></testcase><testcase classname="src.pymortests.vectorarray" file="src/pymortests/vectorarray.py" line="966" name="test_copy_wrong_ind[0-&lt;lambda&gt;8]" time="0.0015003681182861328"></testcase><testcase classname="src.pymortests.vectorarray" file="src/pymortests/vectorarray.py" line="966" name="test_copy_wrong_ind[0-&lt;lambda&gt;9]" time="0.0016815662384033203"></testcase><testcase classname="src.pymortests.vectorarray" file="src/pymortests/vectorarray.py" line="966" name="test_copy_wrong_ind[0-&lt;lambda&gt;10]" time="0.0014505386352539062"></testcase><testcase classname="src.pymortests.vectorarray" file="src/pymortests/vectorarray.py" line="966" name="test_copy_wrong_ind[0-&lt;lambda&gt;11]" time="0.0014910697937011719"></testcase><testcase classname="src.pymortests.vectorarray" file="src/pymortests/vectorarray.py" line="966" name="test_copy_wrong_ind[0-&lt;lambda&gt;12]" time="0.001421213150024414"></testcase><testcase classname="src.pymortests.vectorarray" file="src/pymortests/vectorarray.py" line="966" name="test_copy_wrong_ind[0-&lt;lambda&gt;13]" time="0.0015680789947509766"></testcase><testcase classname="src.pymortests.vectorarray" file="src/pymortests/vectorarray.py" line="966" name="test_copy_wrong_ind[0-&lt;lambda&gt;14]" time="0.0015132427215576172"></testcase><testcase classname="src.pymortests.vectorarray" file="src/pymortests/vectorarray.py" line="966" name="test_copy_wrong_ind[0-&lt;lambda&gt;15]" time="0.0014789104461669922"></testcase><testcase classname="src.pymortests.vectorarray" file="src/pymortests/vectorarray.py" line="966" name="test_copy_wrong_ind[0-&lt;lambda&gt;16]" time="0.00151824951171875"></testcase><testcase classname="src.pymortests.vectorarray" file="src/pymortests/vectorarray.py" line="966" name="test_copy_wrong_ind[0-&lt;lambda&gt;17]" time="0.0017852783203125"></testcase><testcase classname="src.pymortests.vectorarray" file="src/pymortests/vectorarray.py" line="966" name="test_copy_wrong_ind[0-&lt;lambda&gt;18]" time="0.0016875267028808594"></testcase><testcase classname="src.pymortests.vectorarray" file="src/pymortests/vectorarray.py" line="966" name="test_copy_wrong_ind[0-&lt;lambda&gt;19]" time="0.0026807785034179688"></testcase><testcase classname="src.pymortests.vectorarray" file="src/pymortests/vectorarray.py" line="966" name="test_copy_wrong_ind[0-&lt;lambda&gt;20]" time="0.009766340255737305"></testcase><testcase classname="src.pymortests.vectorarray" file="src/pymortests/vectorarray.py" line="966" name="test_copy_wrong_ind[0-&lt;lambda&gt;21]" time="0.018664121627807617"></testcase><testcase classname="src.pymortests.vectorarray" file="src/pymortests/vectorarray.py" line="966" name="test_copy_wrong_ind[0-&lt;lambda&gt;22]" time="0.0019326210021972656"></testcase><testcase classname="src.pymortests.vectorarray" file="src/pymortests/vectorarray.py" line="966" name="test_copy_wrong_ind[0-&lt;lambda&gt;23]" time="0.001527547836303711"></testcase><testcase classname="src.pymortests.vectorarray" file="src/pymortests/vectorarray.py" line="966" name="test_copy_wrong_ind[0-&lt;lambda&gt;24]" time="0.002465486526489258"></testcase><testcase classname="src.pymortests.vectorarray" file="src/pymortests/vectorarray.py" line="966" name="test_copy_wrong_ind[0-&lt;lambda&gt;25]" time="0.02412724494934082"></testcase><testcase classname="src.pymortests.vectorarray" file="src/pymortests/vectorarray.py" line="966" name="test_copy_wrong_ind[0-&lt;lambda&gt;26]" time="0.05530357360839844"></testcase><testcase classname="src.pymortests.vectorarray" file="src/pymortests/vectorarray.py" line="966" name="test_copy_wrong_ind[1-&lt;lambda&gt;0]" time="0.0020780563354492188"></testcase><testcase classname="src.pymortests.vectorarray" file="src/pymortests/vectorarray.py" line="966" name="test_copy_wrong_ind[1-&lt;lambda&gt;1]" time="0.0014674663543701172"></testcase><testcase classname="src.pymortests.vectorarray" file="src/pymortests/vectorarray.py" line="966" name="test_copy_wrong_ind[1-&lt;lambda&gt;2]" time="0.0014274120330810547"></testcase><testcase classname="src.pymortests.vectorarray" file="src/pymortests/vectorarray.py" line="966" name="test_copy_wrong_ind[1-&lt;lambda&gt;3]" time="0.0013680458068847656"></testcase><testcase classname="src.pymortests.vectorarray" file="src/pymortests/vectorarray.py" line="966" name="test_copy_wrong_ind[1-&lt;lambda&gt;4]" time="0.001329660415649414"></testcase><testcase classname="src.pymortests.vectorarray" file="src/pymortests/vectorarray.py" line="966" name="test_copy_wrong_ind[1-&lt;lambda&gt;5]" time="0.001405954360961914"></testcase><testcase classname="src.pymortests.vectorarray" file="src/pymortests/vectorarray.py" line="966" name="test_copy_wrong_ind[1-&lt;lambda&gt;6]" time="0.0013129711151123047"></testcase><testcase classname="src.pymortests.vectorarray" file="src/pymortests/vectorarray.py" line="966" name="test_copy_wrong_ind[1-&lt;lambda&gt;7]" time="0.0013473033905029297"></testcase><testcase classname="src.pymortests.vectorarray" file="src/pymortests/vectorarray.py" line="966" name="test_copy_wrong_ind[1-&lt;lambda&gt;8]" time="0.0015881061553955078"></testcase><testcase classname="src.pymortests.vectorarray" file="src/pymortests/vectorarray.py" line="966" name="test_copy_wrong_ind[1-&lt;lambda&gt;9]" time="0.0020875930786132812"></testcase><testcase classname="src.pymortests.vectorarray" file="src/pymortests/vectorarray.py" line="966" name="test_copy_wrong_ind[1-&lt;lambda&gt;10]" time="0.0015716552734375"></testcase><testcase classname="src.pymortests.vectorarray" file="src/pymortests/vectorarray.py" line="966" name="test_copy_wrong_ind[1-&lt;lambda&gt;11]" time="0.0015041828155517578"></testcase><testcase classname="src.pymortests.vectorarray" file="src/pymortests/vectorarray.py" line="966" name="test_copy_wrong_ind[1-&lt;lambda&gt;12]" time="0.0016353130340576172"></testcase><testcase classname="src.pymortests.vectorarray" file="src/pymortests/vectorarray.py" line="966" name="test_copy_wrong_ind[1-&lt;lambda&gt;13]" time="0.0015206336975097656"></testcase><testcase classname="src.pymortests.vectorarray" file="src/pymortests/vectorarray.py" line="966" name="test_copy_wrong_ind[1-&lt;lambda&gt;14]" time="0.0015027523040771484"></testcase><testcase classname="src.pymortests.vectorarray" file="src/pymortests/vectorarray.py" line="966" name="test_copy_wrong_ind[1-&lt;lambda&gt;15]" time="0.0015702247619628906"></testcase><testcase classname="src.pymortests.vectorarray" file="src/pymortests/vectorarray.py" line="966" name="test_copy_wrong_ind[1-&lt;lambda&gt;16]" time="0.0015451908111572266"></testcase><testcase classname="src.pymortests.vectorarray" file="src/pymortests/vectorarray.py" line="966" name="test_copy_wrong_ind[1-&lt;lambda&gt;17]" time="0.0017659664154052734"></testcase><testcase classname="src.pymortests.vectorarray" file="src/pymortests/vectorarray.py" line="966" name="test_copy_wrong_ind[1-&lt;lambda&gt;18]" time="0.0016736984252929688"></testcase><testcase classname="src.pymortests.vectorarray" file="src/pymortests/vectorarray.py" line="966" name="test_copy_wrong_ind[1-&lt;lambda&gt;19]" time="0.0026044845581054688"></testcase><testcase classname="src.pymortests.vectorarray" file="src/pymortests/vectorarray.py" line="966" name="test_copy_wrong_ind[1-&lt;lambda&gt;20]" time="0.009509563446044922"></testcase><testcase classname="src.pymortests.vectorarray" file="src/pymortests/vectorarray.py" line="966" name="test_copy_wrong_ind[1-&lt;lambda&gt;21]" time="0.019121646881103516"></testcase><testcase classname="src.pymortests.vectorarray" file="src/pymortests/vectorarray.py" line="966" name="test_copy_wrong_ind[1-&lt;lambda&gt;22]" time="0.002118825912475586"></testcase><testcase classname="src.pymortests.vectorarray" file="src/pymortests/vectorarray.py" line="966" name="test_copy_wrong_ind[1-&lt;lambda&gt;23]" time="0.00147247314453125"></testcase><testcase classname="src.pymortests.vectorarray" file="src/pymortests/vectorarray.py" line="966" name="test_copy_wrong_ind[1-&lt;lambda&gt;24]" time="0.0024001598358154297"></testcase><testcase classname="src.pymortests.vectorarray" file="src/pymortests/vectorarray.py" line="966" name="test_copy_wrong_ind[1-&lt;lambda&gt;25]" time="0.02469944953918457"></testcase><testcase classname="src.pymortests.vectorarray" file="src/pymortests/vectorarray.py" line="966" name="test_copy_wrong_ind[1-&lt;lambda&gt;26]" time="0.05505824089050293"></testcase><testcase classname="src.pymortests.vectorarray" file="src/pymortests/vectorarray.py" line="966" name="test_copy_wrong_ind[2-&lt;lambda&gt;0]" time="0.0019729137420654297"></testcase><testcase classname="src.pymortests.vectorarray" file="src/pymortests/vectorarray.py" line="966" name="test_copy_wrong_ind[2-&lt;lambda&gt;1]" time="0.0014958381652832031"></testcase><testcase classname="src.pymortests.vectorarray" file="src/pymortests/vectorarray.py" line="966" name="test_copy_wrong_ind[2-&lt;lambda&gt;2]" time="0.0014009475708007812"></testcase><testcase classname="src.pymortests.vectorarray" file="src/pymortests/vectorarray.py" line="966" name="test_copy_wrong_ind[2-&lt;lambda&gt;3]" time="0.0013921260833740234"></testcase><testcase classname="src.pymortests.vectorarray" file="src/pymortests/vectorarray.py" line="966" name="test_copy_wrong_ind[2-&lt;lambda&gt;4]" time="0.0013935565948486328"></testcase><testcase classname="src.pymortests.vectorarray" file="src/pymortests/vectorarray.py" line="966" name="test_copy_wrong_ind[2-&lt;lambda&gt;5]" time="0.0014030933380126953"></testcase><testcase classname="src.pymortests.vectorarray" file="src/pymortests/vectorarray.py" line="966" name="test_copy_wrong_ind[2-&lt;lambda&gt;6]" time="0.0013473033905029297"></testcase><testcase classname="src.pymortests.vectorarray" file="src/pymortests/vectorarray.py" line="966" name="test_copy_wrong_ind[2-&lt;lambda&gt;7]" time="0.0013306140899658203"></testcase><testcase classname="src.pymortests.vectorarray" file="src/pymortests/vectorarray.py" line="966" name="test_copy_wrong_ind[2-&lt;lambda&gt;8]" time="0.0017371177673339844"></testcase><testcase classname="src.pymortests.vectorarray" file="src/pymortests/vectorarray.py" line="966" name="test_copy_wrong_ind[2-&lt;lambda&gt;9]" time="0.0023560523986816406"></testcase><testcase classname="src.pymortests.vectorarray" file="src/pymortests/vectorarray.py" line="966" name="test_copy_wrong_ind[2-&lt;lambda&gt;10]" time="0.0015625953674316406"></testcase><testcase classname="src.pymortests.vectorarray" file="src/pymortests/vectorarray.py" line="966" name="test_copy_wrong_ind[2-&lt;lambda&gt;11]" time="0.001600027084350586"></testcase><testcase classname="src.pymortests.vectorarray" file="src/pymortests/vectorarray.py" line="966" name="test_copy_wrong_ind[2-&lt;lambda&gt;12]" time="0.0016374588012695312"></testcase><testcase classname="src.pymortests.vectorarray" file="src/pymortests/vectorarray.py" line="966" name="test_copy_wrong_ind[2-&lt;lambda&gt;13]" time="0.0015544891357421875"></testcase><testcase classname="src.pymortests.vectorarray" file="src/pymortests/vectorarray.py" line="966" name="test_copy_wrong_ind[2-&lt;lambda&gt;14]" time="0.0015826225280761719"></testcase><testcase classname="src.pymortests.vectorarray" file="src/pymortests/vectorarray.py" line="966" name="test_copy_wrong_ind[2-&lt;lambda&gt;15]" time="0.0016393661499023438"></testcase><testcase classname="src.pymortests.vectorarray" file="src/pymortests/vectorarray.py" line="966" name="test_copy_wrong_ind[2-&lt;lambda&gt;16]" time="0.0019137859344482422"></testcase><testcase classname="src.pymortests.vectorarray" file="src/pymortests/vectorarray.py" line="966" name="test_copy_wrong_ind[2-&lt;lambda&gt;17]" time="0.0018415451049804688"></testcase><testcase classname="src.pymortests.vectorarray" file="src/pymortests/vectorarray.py" line="966" name="test_copy_wrong_ind[2-&lt;lambda&gt;18]" time="0.001791238784790039"></testcase><testcase classname="src.pymortests.vectorarray" file="src/pymortests/vectorarray.py" line="966" name="test_copy_wrong_ind[2-&lt;lambda&gt;19]" time="0.0029675960540771484"></testcase><testcase classname="src.pymortests.vectorarray" file="src/pymortests/vectorarray.py" line="966" name="test_copy_wrong_ind[2-&lt;lambda&gt;20]" time="0.009203672409057617"></testcase><testcase classname="src.pymortests.vectorarray" file="src/pymortests/vectorarray.py" line="966" name="test_copy_wrong_ind[2-&lt;lambda&gt;21]" time="0.019374608993530273"></testcase><testcase classname="src.pymortests.vectorarray" file="src/pymortests/vectorarray.py" line="966" name="test_copy_wrong_ind[2-&lt;lambda&gt;22]" time="0.001991748809814453"></testcase><testcase classname="src.pymortests.vectorarray" file="src/pymortests/vectorarray.py" line="966" name="test_copy_wrong_ind[2-&lt;lambda&gt;23]" time="0.0013427734375"></testcase><testcase classname="src.pymortests.vectorarray" file="src/pymortests/vectorarray.py" line="966" name="test_copy_wrong_ind[2-&lt;lambda&gt;24]" time="0.0023193359375"></testcase><testcase classname="src.pymortests.vectorarray" file="src/pymortests/vectorarray.py" line="966" name="test_copy_wrong_ind[2-&lt;lambda&gt;25]" time="0.023946285247802734"></testcase><testcase classname="src.pymortests.vectorarray" file="src/pymortests/vectorarray.py" line="966" name="test_copy_wrong_ind[2-&lt;lambda&gt;26]" time="0.05491304397583008"></testcase><testcase classname="src.pymortests.vectorarray" file="src/pymortests/vectorarray.py" line="973" name="test_remove_wrong_ind[0-&lt;lambda&gt;0]" time="0.0020236968994140625"></testcase><testcase classname="src.pymortests.vectorarray" file="src/pymortests/vectorarray.py" line="973" name="test_remove_wrong_ind[0-&lt;lambda&gt;1]" time="0.0014600753784179688"></testcase><testcase classname="src.pymortests.vectorarray" file="src/pymortests/vectorarray.py" line="973" name="test_remove_wrong_ind[0-&lt;lambda&gt;2]" time="0.001377105712890625"></testcase><testcase classname="src.pymortests.vectorarray" file="src/pymortests/vectorarray.py" line="973" name="test_remove_wrong_ind[0-&lt;lambda&gt;3]" time="0.001360177993774414"></testcase><testcase classname="src.pymortests.vectorarray" file="src/pymortests/vectorarray.py" line="973" name="test_remove_wrong_ind[0-&lt;lambda&gt;4]" time="0.0014448165893554688"></testcase><testcase classname="src.pymortests.vectorarray" file="src/pymortests/vectorarray.py" line="973" name="test_remove_wrong_ind[0-&lt;lambda&gt;5]" time="0.0013725757598876953"></testcase><testcase classname="src.pymortests.vectorarray" file="src/pymortests/vectorarray.py" line="973" name="test_remove_wrong_ind[0-&lt;lambda&gt;6]" time="0.0012540817260742188"></testcase><testcase classname="src.pymortests.vectorarray" file="src/pymortests/vectorarray.py" line="973" name="test_remove_wrong_ind[0-&lt;lambda&gt;7]" time="0.0013272762298583984"></testcase><testcase classname="src.pymortests.vectorarray" file="src/pymortests/vectorarray.py" line="973" name="test_remove_wrong_ind[0-&lt;lambda&gt;8]" time="0.002344369888305664"></testcase><testcase classname="src.pymortests.vectorarray" file="src/pymortests/vectorarray.py" line="973" name="test_remove_wrong_ind[0-&lt;lambda&gt;9]" time="0.0037336349487304688"></testcase><testcase classname="src.pymortests.vectorarray" file="src/pymortests/vectorarray.py" line="973" name="test_remove_wrong_ind[0-&lt;lambda&gt;10]" time="0.0015175342559814453"></testcase><testcase classname="src.pymortests.vectorarray" file="src/pymortests/vectorarray.py" line="973" name="test_remove_wrong_ind[0-&lt;lambda&gt;11]" time="0.0014564990997314453"></testcase><testcase classname="src.pymortests.vectorarray" file="src/pymortests/vectorarray.py" line="973" name="test_remove_wrong_ind[0-&lt;lambda&gt;12]" time="0.0015151500701904297"></testcase><testcase classname="src.pymortests.vectorarray" file="src/pymortests/vectorarray.py" line="973" name="test_remove_wrong_ind[0-&lt;lambda&gt;13]" time="0.0013613700866699219"></testcase><testcase classname="src.pymortests.vectorarray" file="src/pymortests/vectorarray.py" line="973" name="test_remove_wrong_ind[0-&lt;lambda&gt;14]" time="0.0014247894287109375"></testcase><testcase classname="src.pymortests.vectorarray" file="src/pymortests/vectorarray.py" line="973" name="test_remove_wrong_ind[0-&lt;lambda&gt;15]" time="0.0015017986297607422"></testcase><testcase classname="src.pymortests.vectorarray" file="src/pymortests/vectorarray.py" line="973" name="test_remove_wrong_ind[0-&lt;lambda&gt;16]" time="0.0015041828155517578"></testcase><testcase classname="src.pymortests.vectorarray" file="src/pymortests/vectorarray.py" line="973" name="test_remove_wrong_ind[0-&lt;lambda&gt;17]" time="0.001711130142211914"></testcase><testcase classname="src.pymortests.vectorarray" file="src/pymortests/vectorarray.py" line="973" name="test_remove_wrong_ind[0-&lt;lambda&gt;18]" time="0.0016868114471435547"></testcase><testcase classname="src.pymortests.vectorarray" file="src/pymortests/vectorarray.py" line="973" name="test_remove_wrong_ind[0-&lt;lambda&gt;19]" time="0.0026063919067382812"></testcase><testcase classname="src.pymortests.vectorarray" file="src/pymortests/vectorarray.py" line="973" name="test_remove_wrong_ind[0-&lt;lambda&gt;20]" time="0.009600162506103516"></testcase><testcase classname="src.pymortests.vectorarray" file="src/pymortests/vectorarray.py" line="973" name="test_remove_wrong_ind[0-&lt;lambda&gt;21]" time="0.02052903175354004"></testcase><testcase classname="src.pymortests.vectorarray" file="src/pymortests/vectorarray.py" line="973" name="test_remove_wrong_ind[0-&lt;lambda&gt;22]" time="0.0019638538360595703"></testcase><testcase classname="src.pymortests.vectorarray" file="src/pymortests/vectorarray.py" line="973" name="test_remove_wrong_ind[0-&lt;lambda&gt;23]" time="0.0013208389282226562"></testcase><testcase classname="src.pymortests.vectorarray" file="src/pymortests/vectorarray.py" line="973" name="test_remove_wrong_ind[0-&lt;lambda&gt;24]" time="0.002282381057739258"></testcase><testcase classname="src.pymortests.vectorarray" file="src/pymortests/vectorarray.py" line="973" name="test_remove_wrong_ind[0-&lt;lambda&gt;25]" time="0.025129079818725586"></testcase><testcase classname="src.pymortests.vectorarray" file="src/pymortests/vectorarray.py" line="973" name="test_remove_wrong_ind[0-&lt;lambda&gt;26]" time="0.05783438682556152"></testcase><testcase classname="src.pymortests.vectorarray" file="src/pymortests/vectorarray.py" line="973" name="test_remove_wrong_ind[1-&lt;lambda&gt;0]" time="0.002002716064453125"></testcase><testcase classname="src.pymortests.vectorarray" file="src/pymortests/vectorarray.py" line="973" name="test_remove_wrong_ind[1-&lt;lambda&gt;1]" time="0.0013995170593261719"></testcase><testcase classname="src.pymortests.vectorarray" file="src/pymortests/vectorarray.py" line="973" name="test_remove_wrong_ind[1-&lt;lambda&gt;2]" time="0.0013382434844970703"></testcase><testcase classname="src.pymortests.vectorarray" file="src/pymortests/vectorarray.py" line="973" name="test_remove_wrong_ind[1-&lt;lambda&gt;3]" time="0.0013318061828613281"></testcase><testcase classname="src.pymortests.vectorarray" file="src/pymortests/vectorarray.py" line="973" name="test_remove_wrong_ind[1-&lt;lambda&gt;4]" time="0.0013153553009033203"></testcase><testcase classname="src.pymortests.vectorarray" file="src/pymortests/vectorarray.py" line="973" name="test_remove_wrong_ind[1-&lt;lambda&gt;5]" time="0.0013110637664794922"></testcase><testcase classname="src.pymortests.vectorarray" file="src/pymortests/vectorarray.py" line="973" name="test_remove_wrong_ind[1-&lt;lambda&gt;6]" time="0.0012631416320800781"></testcase><testcase classname="src.pymortests.vectorarray" file="src/pymortests/vectorarray.py" line="973" name="test_remove_wrong_ind[1-&lt;lambda&gt;7]" time="0.0013744831085205078"></testcase><testcase classname="src.pymortests.vectorarray" file="src/pymortests/vectorarray.py" line="973" name="test_remove_wrong_ind[1-&lt;lambda&gt;8]" time="0.002397775650024414"></testcase><testcase classname="src.pymortests.vectorarray" file="src/pymortests/vectorarray.py" line="973" name="test_remove_wrong_ind[1-&lt;lambda&gt;9]" time="0.003977298736572266"></testcase><testcase classname="src.pymortests.vectorarray" file="src/pymortests/vectorarray.py" line="973" name="test_remove_wrong_ind[1-&lt;lambda&gt;10]" time="0.001537322998046875"></testcase><testcase classname="src.pymortests.vectorarray" file="src/pymortests/vectorarray.py" line="973" name="test_remove_wrong_ind[1-&lt;lambda&gt;11]" time="0.0015170574188232422"></testcase><testcase classname="src.pymortests.vectorarray" file="src/pymortests/vectorarray.py" line="973" name="test_remove_wrong_ind[1-&lt;lambda&gt;12]" time="0.001592874526977539"></testcase><testcase classname="src.pymortests.vectorarray" file="src/pymortests/vectorarray.py" line="973" name="test_remove_wrong_ind[1-&lt;lambda&gt;13]" time="0.001470327377319336"></testcase><testcase classname="src.pymortests.vectorarray" file="src/pymortests/vectorarray.py" line="973" name="test_remove_wrong_ind[1-&lt;lambda&gt;14]" time="0.0015025138854980469"></testcase><testcase classname="src.pymortests.vectorarray" file="src/pymortests/vectorarray.py" line="973" name="test_remove_wrong_ind[1-&lt;lambda&gt;15]" time="0.001596212387084961"></testcase><testcase classname="src.pymortests.vectorarray" file="src/pymortests/vectorarray.py" line="973" name="test_remove_wrong_ind[1-&lt;lambda&gt;16]" time="0.0016908645629882812"></testcase><testcase classname="src.pymortests.vectorarray" file="src/pymortests/vectorarray.py" line="973" name="test_remove_wrong_ind[1-&lt;lambda&gt;17]" time="0.00170135498046875"></testcase><testcase classname="src.pymortests.vectorarray" file="src/pymortests/vectorarray.py" line="973" name="test_remove_wrong_ind[1-&lt;lambda&gt;18]" time="0.0016226768493652344"></testcase><testcase classname="src.pymortests.vectorarray" file="src/pymortests/vectorarray.py" line="973" name="test_remove_wrong_ind[1-&lt;lambda&gt;19]" time="0.0026018619537353516"></testcase><testcase classname="src.pymortests.vectorarray" file="src/pymortests/vectorarray.py" line="973" name="test_remove_wrong_ind[1-&lt;lambda&gt;20]" time="0.009870767593383789"></testcase><testcase classname="src.pymortests.vectorarray" file="src/pymortests/vectorarray.py" line="973" name="test_remove_wrong_ind[1-&lt;lambda&gt;21]" time="0.02097010612487793"></testcase><testcase classname="src.pymortests.vectorarray" file="src/pymortests/vectorarray.py" line="973" name="test_remove_wrong_ind[1-&lt;lambda&gt;22]" time="0.0019168853759765625"></testcase><testcase classname="src.pymortests.vectorarray" file="src/pymortests/vectorarray.py" line="973" name="test_remove_wrong_ind[1-&lt;lambda&gt;23]" time="0.0014655590057373047"></testcase><testcase classname="src.pymortests.vectorarray" file="src/pymortests/vectorarray.py" line="973" name="test_remove_wrong_ind[1-&lt;lambda&gt;24]" time="0.0024712085723876953"></testcase><testcase classname="src.pymortests.vectorarray" file="src/pymortests/vectorarray.py" line="973" name="test_remove_wrong_ind[1-&lt;lambda&gt;25]" time="0.025304794311523438"></testcase><testcase classname="src.pymortests.vectorarray" file="src/pymortests/vectorarray.py" line="973" name="test_remove_wrong_ind[1-&lt;lambda&gt;26]" time="0.06049537658691406"></testcase><testcase classname="src.pymortests.vectorarray" file="src/pymortests/vectorarray.py" line="973" name="test_remove_wrong_ind[2-&lt;lambda&gt;0]" time="0.0021276473999023438"></testcase><testcase classname="src.pymortests.vectorarray" file="src/pymortests/vectorarray.py" line="973" name="test_remove_wrong_ind[2-&lt;lambda&gt;1]" time="0.0016422271728515625"></testcase><testcase classname="src.pymortests.vectorarray" file="src/pymortests/vectorarray.py" line="973" name="test_remove_wrong_ind[2-&lt;lambda&gt;2]" time="0.0015857219696044922"></testcase><testcase classname="src.pymortests.vectorarray" file="src/pymortests/vectorarray.py" line="973" name="test_remove_wrong_ind[2-&lt;lambda&gt;3]" time="0.0015637874603271484"></testcase><testcase classname="src.pymortests.vectorarray" file="src/pymortests/vectorarray.py" line="973" name="test_remove_wrong_ind[2-&lt;lambda&gt;4]" time="0.0014576911926269531"></testcase><testcase classname="src.pymortests.vectorarray" file="src/pymortests/vectorarray.py" line="973" name="test_remove_wrong_ind[2-&lt;lambda&gt;5]" time="0.0013682842254638672"></testcase><testcase classname="src.pymortests.vectorarray" file="src/pymortests/vectorarray.py" line="973" name="test_remove_wrong_ind[2-&lt;lambda&gt;6]" time="0.001392364501953125"></testcase><testcase classname="src.pymortests.vectorarray" file="src/pymortests/vectorarray.py" line="973" name="test_remove_wrong_ind[2-&lt;lambda&gt;7]" time="0.0013408660888671875"></testcase><testcase classname="src.pymortests.vectorarray" file="src/pymortests/vectorarray.py" line="973" name="test_remove_wrong_ind[2-&lt;lambda&gt;8]" time="0.002669095993041992"></testcase><testcase classname="src.pymortests.vectorarray" file="src/pymortests/vectorarray.py" line="973" name="test_remove_wrong_ind[2-&lt;lambda&gt;9]" time="0.004372596740722656"></testcase><testcase classname="src.pymortests.vectorarray" file="src/pymortests/vectorarray.py" line="973" name="test_remove_wrong_ind[2-&lt;lambda&gt;10]" time="0.001605987548828125"></testcase><testcase classname="src.pymortests.vectorarray" file="src/pymortests/vectorarray.py" line="973" name="test_remove_wrong_ind[2-&lt;lambda&gt;11]" time="0.0016431808471679688"></testcase><testcase classname="src.pymortests.vectorarray" file="src/pymortests/vectorarray.py" line="973" name="test_remove_wrong_ind[2-&lt;lambda&gt;12]" time="0.0015587806701660156"></testcase><testcase classname="src.pymortests.vectorarray" file="src/pymortests/vectorarray.py" line="973" name="test_remove_wrong_ind[2-&lt;lambda&gt;13]" time="0.0014638900756835938"></testcase><testcase classname="src.pymortests.vectorarray" file="src/pymortests/vectorarray.py" line="973" name="test_remove_wrong_ind[2-&lt;lambda&gt;14]" time="0.0015437602996826172"></testcase><testcase classname="src.pymortests.vectorarray" file="src/pymortests/vectorarray.py" line="973" name="test_remove_wrong_ind[2-&lt;lambda&gt;15]" time="0.0018222332000732422"></testcase><testcase classname="src.pymortests.vectorarray" file="src/pymortests/vectorarray.py" line="973" name="test_remove_wrong_ind[2-&lt;lambda&gt;16]" time="0.0016622543334960938"></testcase><testcase classname="src.pymortests.vectorarray" file="src/pymortests/vectorarray.py" line="973" name="test_remove_wrong_ind[2-&lt;lambda&gt;17]" time="0.0017588138580322266"></testcase><testcase classname="src.pymortests.vectorarray" file="src/pymortests/vectorarray.py" line="973" name="test_remove_wrong_ind[2-&lt;lambda&gt;18]" time="0.001743316650390625"></testcase><testcase classname="src.pymortests.vectorarray" file="src/pymortests/vectorarray.py" line="973" name="test_remove_wrong_ind[2-&lt;lambda&gt;19]" time="0.0026884078979492188"></testcase><testcase classname="src.pymortests.vectorarray" file="src/pymortests/vectorarray.py" line="973" name="test_remove_wrong_ind[2-&lt;lambda&gt;20]" time="0.010128974914550781"></testcase><testcase classname="src.pymortests.vectorarray" file="src/pymortests/vectorarray.py" line="973" name="test_remove_wrong_ind[2-&lt;lambda&gt;21]" time="0.022293567657470703"></testcase><testcase classname="src.pymortests.vectorarray" file="src/pymortests/vectorarray.py" line="973" name="test_remove_wrong_ind[2-&lt;lambda&gt;22]" time="0.0019583702087402344"></testcase><testcase classname="src.pymortests.vectorarray" file="src/pymortests/vectorarray.py" line="973" name="test_remove_wrong_ind[2-&lt;lambda&gt;23]" time="0.001405477523803711"></testcase><testcase classname="src.pymortests.vectorarray" file="src/pymortests/vectorarray.py" line="973" name="test_remove_wrong_ind[2-&lt;lambda&gt;24]" time="0.0025131702423095703"></testcase><testcase classname="src.pymortests.vectorarray" file="src/pymortests/vectorarray.py" line="973" name="test_remove_wrong_ind[2-&lt;lambda&gt;25]" time="0.02578902244567871"></testcase><testcase classname="src.pymortests.vectorarray" file="src/pymortests/vectorarray.py" line="973" name="test_remove_wrong_ind[2-&lt;lambda&gt;26]" time="0.057926177978515625"></testcase><testcase classname="src.pymortests.vectorarray" file="src/pymortests/vectorarray.py" line="981" name="test_scal_wrong_ind[0-&lt;lambda&gt;0]" time="0.0027222633361816406"></testcase><testcase classname="src.pymortests.vectorarray" file="src/pymortests/vectorarray.py" line="981" name="test_scal_wrong_ind[0-&lt;lambda&gt;1]" time="0.0019943714141845703"></testcase><testcase classname="src.pymortests.vectorarray" file="src/pymortests/vectorarray.py" line="981" name="test_scal_wrong_ind[0-&lt;lambda&gt;2]" time="0.0019459724426269531"></testcase><testcase classname="src.pymortests.vectorarray" file="src/pymortests/vectorarray.py" line="981" name="test_scal_wrong_ind[0-&lt;lambda&gt;3]" time="0.0019423961639404297"></testcase><testcase classname="src.pymortests.vectorarray" file="src/pymortests/vectorarray.py" line="981" name="test_scal_wrong_ind[0-&lt;lambda&gt;4]" time="0.0019025802612304688"></testcase><testcase classname="src.pymortests.vectorarray" file="src/pymortests/vectorarray.py" line="981" name="test_scal_wrong_ind[0-&lt;lambda&gt;5]" time="0.0017104148864746094"></testcase><testcase classname="src.pymortests.vectorarray" file="src/pymortests/vectorarray.py" line="981" name="test_scal_wrong_ind[0-&lt;lambda&gt;6]" time="0.0016894340515136719"></testcase><testcase classname="src.pymortests.vectorarray" file="src/pymortests/vectorarray.py" line="981" name="test_scal_wrong_ind[0-&lt;lambda&gt;7]" time="0.0019073486328125"></testcase><testcase classname="src.pymortests.vectorarray" file="src/pymortests/vectorarray.py" line="981" name="test_scal_wrong_ind[0-&lt;lambda&gt;8]" time="0.0055255889892578125"></testcase><testcase classname="src.pymortests.vectorarray" file="src/pymortests/vectorarray.py" line="981" name="test_scal_wrong_ind[0-&lt;lambda&gt;9]" time="0.010404348373413086"></testcase><testcase classname="src.pymortests.vectorarray" file="src/pymortests/vectorarray.py" line="981" name="test_scal_wrong_ind[0-&lt;lambda&gt;10]" time="0.002577543258666992"></testcase><testcase classname="src.pymortests.vectorarray" file="src/pymortests/vectorarray.py" line="981" name="test_scal_wrong_ind[0-&lt;lambda&gt;11]" time="0.0023720264434814453"></testcase><testcase classname="src.pymortests.vectorarray" file="src/pymortests/vectorarray.py" line="981" name="test_scal_wrong_ind[0-&lt;lambda&gt;12]" time="0.0023174285888671875"></testcase><testcase classname="src.pymortests.vectorarray" file="src/pymortests/vectorarray.py" line="981" name="test_scal_wrong_ind[0-&lt;lambda&gt;13]" time="0.0021514892578125"></testcase><testcase classname="src.pymortests.vectorarray" file="src/pymortests/vectorarray.py" line="981" name="test_scal_wrong_ind[0-&lt;lambda&gt;14]" time="0.002290964126586914"></testcase><testcase classname="src.pymortests.vectorarray" file="src/pymortests/vectorarray.py" line="981" name="test_scal_wrong_ind[0-&lt;lambda&gt;15]" time="0.0025491714477539062"></testcase><testcase classname="src.pymortests.vectorarray" file="src/pymortests/vectorarray.py" line="981" name="test_scal_wrong_ind[0-&lt;lambda&gt;16]" time="0.0025777816772460938"></testcase><testcase classname="src.pymortests.vectorarray" file="src/pymortests/vectorarray.py" line="981" name="test_scal_wrong_ind[0-&lt;lambda&gt;17]" time="0.0022504329681396484"></testcase><testcase classname="src.pymortests.vectorarray" file="src/pymortests/vectorarray.py" line="981" name="test_scal_wrong_ind[0-&lt;lambda&gt;18]" time="0.002259969711303711"></testcase><testcase classname="src.pymortests.vectorarray" file="src/pymortests/vectorarray.py" line="981" name="test_scal_wrong_ind[0-&lt;lambda&gt;19]" time="0.0033071041107177734"></testcase><testcase classname="src.pymortests.vectorarray" file="src/pymortests/vectorarray.py" line="981" name="test_scal_wrong_ind[0-&lt;lambda&gt;20]" time="0.012897491455078125"></testcase><testcase classname="src.pymortests.vectorarray" file="src/pymortests/vectorarray.py" line="981" name="test_scal_wrong_ind[0-&lt;lambda&gt;21]" time="0.027448415756225586"></testcase><testcase classname="src.pymortests.vectorarray" file="src/pymortests/vectorarray.py" line="981" name="test_scal_wrong_ind[0-&lt;lambda&gt;22]" time="0.0024907588958740234"></testcase><testcase classname="src.pymortests.vectorarray" file="src/pymortests/vectorarray.py" line="981" name="test_scal_wrong_ind[0-&lt;lambda&gt;23]" time="0.0017838478088378906"></testcase><testcase classname="src.pymortests.vectorarray" file="src/pymortests/vectorarray.py" line="981" name="test_scal_wrong_ind[0-&lt;lambda&gt;24]" time="0.0028514862060546875"></testcase><testcase classname="src.pymortests.vectorarray" file="src/pymortests/vectorarray.py" line="981" name="test_scal_wrong_ind[0-&lt;lambda&gt;25]" time="0.02841925621032715"></testcase><testcase classname="src.pymortests.vectorarray" file="src/pymortests/vectorarray.py" line="981" name="test_scal_wrong_ind[0-&lt;lambda&gt;26]" time="0.06377720832824707"></testcase><testcase classname="src.pymortests.vectorarray" file="src/pymortests/vectorarray.py" line="981" name="test_scal_wrong_ind[1-&lt;lambda&gt;0]" time="0.0027196407318115234"></testcase><testcase classname="src.pymortests.vectorarray" file="src/pymortests/vectorarray.py" line="981" name="test_scal_wrong_ind[1-&lt;lambda&gt;1]" time="0.001895904541015625"></testcase><testcase classname="src.pymortests.vectorarray" file="src/pymortests/vectorarray.py" line="981" name="test_scal_wrong_ind[1-&lt;lambda&gt;2]" time="0.001874685287475586"></testcase><testcase classname="src.pymortests.vectorarray" file="src/pymortests/vectorarray.py" line="981" name="test_scal_wrong_ind[1-&lt;lambda&gt;3]" time="0.0019176006317138672"></testcase><testcase classname="src.pymortests.vectorarray" file="src/pymortests/vectorarray.py" line="981" name="test_scal_wrong_ind[1-&lt;lambda&gt;4]" time="0.0018928050994873047"></testcase><testcase classname="src.pymortests.vectorarray" file="src/pymortests/vectorarray.py" line="981" name="test_scal_wrong_ind[1-&lt;lambda&gt;5]" time="0.0017216205596923828"></testcase><testcase classname="src.pymortests.vectorarray" file="src/pymortests/vectorarray.py" line="981" name="test_scal_wrong_ind[1-&lt;lambda&gt;6]" time="0.0017251968383789062"></testcase><testcase classname="src.pymortests.vectorarray" file="src/pymortests/vectorarray.py" line="981" name="test_scal_wrong_ind[1-&lt;lambda&gt;7]" time="0.0018486976623535156"></testcase><testcase classname="src.pymortests.vectorarray" file="src/pymortests/vectorarray.py" line="981" name="test_scal_wrong_ind[1-&lt;lambda&gt;8]" time="0.005492210388183594"></testcase><testcase classname="src.pymortests.vectorarray" file="src/pymortests/vectorarray.py" line="981" name="test_scal_wrong_ind[1-&lt;lambda&gt;9]" time="0.010759830474853516"></testcase><testcase classname="src.pymortests.vectorarray" file="src/pymortests/vectorarray.py" line="981" name="test_scal_wrong_ind[1-&lt;lambda&gt;10]" time="0.0026221275329589844"></testcase><testcase classname="src.pymortests.vectorarray" file="src/pymortests/vectorarray.py" line="981" name="test_scal_wrong_ind[1-&lt;lambda&gt;11]" time="0.002523183822631836"></testcase><testcase classname="src.pymortests.vectorarray" file="src/pymortests/vectorarray.py" line="981" name="test_scal_wrong_ind[1-&lt;lambda&gt;12]" time="0.0024573802947998047"></testcase><testcase classname="src.pymortests.vectorarray" file="src/pymortests/vectorarray.py" line="981" name="test_scal_wrong_ind[1-&lt;lambda&gt;13]" time="0.002165555953979492"></testcase><testcase classname="src.pymortests.vectorarray" file="src/pymortests/vectorarray.py" line="981" name="test_scal_wrong_ind[1-&lt;lambda&gt;14]" time="0.002329111099243164"></testcase><testcase classname="src.pymortests.vectorarray" file="src/pymortests/vectorarray.py" line="981" name="test_scal_wrong_ind[1-&lt;lambda&gt;15]" time="0.002544403076171875"></testcase><testcase classname="src.pymortests.vectorarray" file="src/pymortests/vectorarray.py" line="981" name="test_scal_wrong_ind[1-&lt;lambda&gt;16]" time="0.002643108367919922"></testcase><testcase classname="src.pymortests.vectorarray" file="src/pymortests/vectorarray.py" line="981" name="test_scal_wrong_ind[1-&lt;lambda&gt;17]" time="0.002279043197631836"></testcase><testcase classname="src.pymortests.vectorarray" file="src/pymortests/vectorarray.py" line="981" name="test_scal_wrong_ind[1-&lt;lambda&gt;18]" time="0.0022406578063964844"></testcase><testcase classname="src.pymortests.vectorarray" file="src/pymortests/vectorarray.py" line="981" name="test_scal_wrong_ind[1-&lt;lambda&gt;19]" time="0.0032472610473632812"></testcase><testcase classname="src.pymortests.vectorarray" file="src/pymortests/vectorarray.py" line="981" name="test_scal_wrong_ind[1-&lt;lambda&gt;20]" time="0.013554096221923828"></testcase><testcase classname="src.pymortests.vectorarray" file="src/pymortests/vectorarray.py" line="981" name="test_scal_wrong_ind[1-&lt;lambda&gt;21]" time="0.027622461318969727"></testcase><testcase classname="src.pymortests.vectorarray" file="src/pymortests/vectorarray.py" line="981" name="test_scal_wrong_ind[1-&lt;lambda&gt;22]" time="0.002451658248901367"></testcase><testcase classname="src.pymortests.vectorarray" file="src/pymortests/vectorarray.py" line="981" name="test_scal_wrong_ind[1-&lt;lambda&gt;23]" time="0.0018248558044433594"></testcase><testcase classname="src.pymortests.vectorarray" file="src/pymortests/vectorarray.py" line="981" name="test_scal_wrong_ind[1-&lt;lambda&gt;24]" time="0.002898693084716797"></testcase><testcase classname="src.pymortests.vectorarray" file="src/pymortests/vectorarray.py" line="981" name="test_scal_wrong_ind[1-&lt;lambda&gt;25]" time="0.029837369918823242"></testcase><testcase classname="src.pymortests.vectorarray" file="src/pymortests/vectorarray.py" line="981" name="test_scal_wrong_ind[1-&lt;lambda&gt;26]" time="0.06455874443054199"></testcase><testcase classname="src.pymortests.vectorarray" file="src/pymortests/vectorarray.py" line="981" name="test_scal_wrong_ind[2-&lt;lambda&gt;0]" time="0.002674102783203125"></testcase><testcase classname="src.pymortests.vectorarray" file="src/pymortests/vectorarray.py" line="981" name="test_scal_wrong_ind[2-&lt;lambda&gt;1]" time="0.001863241195678711"></testcase><testcase classname="src.pymortests.vectorarray" file="src/pymortests/vectorarray.py" line="981" name="test_scal_wrong_ind[2-&lt;lambda&gt;2]" time="0.0018320083618164062"></testcase><testcase classname="src.pymortests.vectorarray" file="src/pymortests/vectorarray.py" line="981" name="test_scal_wrong_ind[2-&lt;lambda&gt;3]" time="0.0018086433410644531"></testcase><testcase classname="src.pymortests.vectorarray" file="src/pymortests/vectorarray.py" line="981" name="test_scal_wrong_ind[2-&lt;lambda&gt;4]" time="0.0018608570098876953"></testcase><testcase classname="src.pymortests.vectorarray" file="src/pymortests/vectorarray.py" line="981" name="test_scal_wrong_ind[2-&lt;lambda&gt;5]" time="0.0017120838165283203"></testcase><testcase classname="src.pymortests.vectorarray" file="src/pymortests/vectorarray.py" line="981" name="test_scal_wrong_ind[2-&lt;lambda&gt;6]" time="0.001680612564086914"></testcase><testcase classname="src.pymortests.vectorarray" file="src/pymortests/vectorarray.py" line="981" name="test_scal_wrong_ind[2-&lt;lambda&gt;7]" time="0.0018444061279296875"></testcase><testcase classname="src.pymortests.vectorarray" file="src/pymortests/vectorarray.py" line="981" name="test_scal_wrong_ind[2-&lt;lambda&gt;8]" time="0.005332469940185547"></testcase><testcase classname="src.pymortests.vectorarray" file="src/pymortests/vectorarray.py" line="981" name="test_scal_wrong_ind[2-&lt;lambda&gt;9]" time="0.010531187057495117"></testcase><testcase classname="src.pymortests.vectorarray" file="src/pymortests/vectorarray.py" line="981" name="test_scal_wrong_ind[2-&lt;lambda&gt;10]" time="0.002511739730834961"></testcase><testcase classname="src.pymortests.vectorarray" file="src/pymortests/vectorarray.py" line="981" name="test_scal_wrong_ind[2-&lt;lambda&gt;11]" time="0.0024008750915527344"></testcase><testcase classname="src.pymortests.vectorarray" file="src/pymortests/vectorarray.py" line="981" name="test_scal_wrong_ind[2-&lt;lambda&gt;12]" time="0.0023114681243896484"></testcase><testcase classname="src.pymortests.vectorarray" file="src/pymortests/vectorarray.py" line="981" name="test_scal_wrong_ind[2-&lt;lambda&gt;13]" time="0.002184152603149414"></testcase><testcase classname="src.pymortests.vectorarray" file="src/pymortests/vectorarray.py" line="981" name="test_scal_wrong_ind[2-&lt;lambda&gt;14]" time="0.0022881031036376953"></testcase><testcase classname="src.pymortests.vectorarray" file="src/pymortests/vectorarray.py" line="981" name="test_scal_wrong_ind[2-&lt;lambda&gt;15]" time="0.0025043487548828125"></testcase><testcase classname="src.pymortests.vectorarray" file="src/pymortests/vectorarray.py" line="981" name="test_scal_wrong_ind[2-&lt;lambda&gt;16]" time="0.0025522708892822266"></testcase><testcase classname="src.pymortests.vectorarray" file="src/pymortests/vectorarray.py" line="981" name="test_scal_wrong_ind[2-&lt;lambda&gt;17]" time="0.0021622180938720703"></testcase><testcase classname="src.pymortests.vectorarray" file="src/pymortests/vectorarray.py" line="981" name="test_scal_wrong_ind[2-&lt;lambda&gt;18]" time="0.0020873546600341797"></testcase><testcase classname="src.pymortests.vectorarray" file="src/pymortests/vectorarray.py" line="981" name="test_scal_wrong_ind[2-&lt;lambda&gt;19]" time="0.0031108856201171875"></testcase><testcase classname="src.pymortests.vectorarray" file="src/pymortests/vectorarray.py" line="981" name="test_scal_wrong_ind[2-&lt;lambda&gt;20]" time="0.012934446334838867"></testcase><testcase classname="src.pymortests.vectorarray" file="src/pymortests/vectorarray.py" line="981" name="test_scal_wrong_ind[2-&lt;lambda&gt;21]" time="0.028717517852783203"></testcase><testcase classname="src.pymortests.vectorarray" file="src/pymortests/vectorarray.py" line="981" name="test_scal_wrong_ind[2-&lt;lambda&gt;22]" time="0.0025968551635742188"></testcase><testcase classname="src.pymortests.vectorarray" file="src/pymortests/vectorarray.py" line="981" name="test_scal_wrong_ind[2-&lt;lambda&gt;23]" time="0.0018651485443115234"></testcase><testcase classname="src.pymortests.vectorarray" file="src/pymortests/vectorarray.py" line="981" name="test_scal_wrong_ind[2-&lt;lambda&gt;24]" time="0.0028641223907470703"></testcase><testcase classname="src.pymortests.vectorarray" file="src/pymortests/vectorarray.py" line="981" name="test_scal_wrong_ind[2-&lt;lambda&gt;25]" time="0.02941131591796875"></testcase><testcase classname="src.pymortests.vectorarray" file="src/pymortests/vectorarray.py" line="981" name="test_scal_wrong_ind[2-&lt;lambda&gt;26]" time="0.06341838836669922"></testcase><testcase classname="src.pymortests.vectorarray" file="src/pymortests/vectorarray.py" line="998" name="test_scal_wrong_coefficients[0-&lt;lambda&gt;0]" time="0.002476215362548828"></testcase><testcase classname="src.pymortests.vectorarray" file="src/pymortests/vectorarray.py" line="998" name="test_scal_wrong_coefficients[0-&lt;lambda&gt;1]" time="0.0017018318176269531"></testcase><testcase classname="src.pymortests.vectorarray" file="src/pymortests/vectorarray.py" line="998" name="test_scal_wrong_coefficients[0-&lt;lambda&gt;2]" time="0.0025691986083984375"></testcase><testcase classname="src.pymortests.vectorarray" file="src/pymortests/vectorarray.py" line="998" name="test_scal_wrong_coefficients[0-&lt;lambda&gt;3]" time="0.003276824951171875"></testcase><testcase classname="src.pymortests.vectorarray" file="src/pymortests/vectorarray.py" line="998" name="test_scal_wrong_coefficients[0-&lt;lambda&gt;4]" time="0.004138469696044922"></testcase><testcase classname="src.pymortests.vectorarray" file="src/pymortests/vectorarray.py" line="998" name="test_scal_wrong_coefficients[0-&lt;lambda&gt;5]" time="0.0017173290252685547"></testcase><testcase classname="src.pymortests.vectorarray" file="src/pymortests/vectorarray.py" line="998" name="test_scal_wrong_coefficients[0-&lt;lambda&gt;6]" time="0.0017468929290771484"></testcase><testcase classname="src.pymortests.vectorarray" file="src/pymortests/vectorarray.py" line="998" name="test_scal_wrong_coefficients[0-&lt;lambda&gt;7]" time="0.002548694610595703"></testcase><testcase classname="src.pymortests.vectorarray" file="src/pymortests/vectorarray.py" line="998" name="test_scal_wrong_coefficients[0-&lt;lambda&gt;8]" time="0.0033578872680664062"></testcase><testcase classname="src.pymortests.vectorarray" file="src/pymortests/vectorarray.py" line="998" name="test_scal_wrong_coefficients[0-&lt;lambda&gt;9]" time="0.004533529281616211"></testcase><testcase classname="src.pymortests.vectorarray" file="src/pymortests/vectorarray.py" line="998" name="test_scal_wrong_coefficients[0-&lt;lambda&gt;10]" time="0.0019307136535644531"></testcase><testcase classname="src.pymortests.vectorarray" file="src/pymortests/vectorarray.py" line="998" name="test_scal_wrong_coefficients[0-&lt;lambda&gt;11]" time="0.003376483917236328"></testcase><testcase classname="src.pymortests.vectorarray" file="src/pymortests/vectorarray.py" line="998" name="test_scal_wrong_coefficients[0-&lt;lambda&gt;12]" time="0.0032258033752441406"></testcase><testcase classname="src.pymortests.vectorarray" file="src/pymortests/vectorarray.py" line="998" name="test_scal_wrong_coefficients[0-&lt;lambda&gt;13]" time="0.0028078556060791016"></testcase><testcase classname="src.pymortests.vectorarray" file="src/pymortests/vectorarray.py" line="998" name="test_scal_wrong_coefficients[0-&lt;lambda&gt;14]" time="0.003317117691040039"></testcase><testcase classname="src.pymortests.vectorarray" file="src/pymortests/vectorarray.py" line="998" name="test_scal_wrong_coefficients[0-&lt;lambda&gt;15]" time="0.004925966262817383"></testcase><testcase classname="src.pymortests.vectorarray" file="src/pymortests/vectorarray.py" line="998" name="test_scal_wrong_coefficients[0-&lt;lambda&gt;16]" time="0.006555080413818359"></testcase><testcase classname="src.pymortests.vectorarray" file="src/pymortests/vectorarray.py" line="998" name="test_scal_wrong_coefficients[0-&lt;lambda&gt;17]" time="0.0022008419036865234"></testcase><testcase classname="src.pymortests.vectorarray" file="src/pymortests/vectorarray.py" line="998" name="test_scal_wrong_coefficients[0-&lt;lambda&gt;18]" time="0.002088308334350586"></testcase><testcase classname="src.pymortests.vectorarray" file="src/pymortests/vectorarray.py" line="998" name="test_scal_wrong_coefficients[0-&lt;lambda&gt;19]" time="0.003719329833984375"></testcase><testcase classname="src.pymortests.vectorarray" file="src/pymortests/vectorarray.py" line="998" name="test_scal_wrong_coefficients[0-&lt;lambda&gt;20]" time="0.011758565902709961"></testcase><testcase classname="src.pymortests.vectorarray" file="src/pymortests/vectorarray.py" line="998" name="test_scal_wrong_coefficients[0-&lt;lambda&gt;21]" time="0.023315906524658203"></testcase><testcase classname="src.pymortests.vectorarray" file="src/pymortests/vectorarray.py" line="998" name="test_scal_wrong_coefficients[0-&lt;lambda&gt;22]" time="0.002322673797607422"></testcase><testcase classname="src.pymortests.vectorarray" file="src/pymortests/vectorarray.py" line="998" name="test_scal_wrong_coefficients[0-&lt;lambda&gt;23]" time="0.001692056655883789"></testcase><testcase classname="src.pymortests.vectorarray" file="src/pymortests/vectorarray.py" line="998" name="test_scal_wrong_coefficients[0-&lt;lambda&gt;24]" time="0.0035262107849121094"></testcase><testcase classname="src.pymortests.vectorarray" file="src/pymortests/vectorarray.py" line="998" name="test_scal_wrong_coefficients[0-&lt;lambda&gt;25]" time="0.027596712112426758"></testcase><testcase classname="src.pymortests.vectorarray" file="src/pymortests/vectorarray.py" line="998" name="test_scal_wrong_coefficients[0-&lt;lambda&gt;26]" time="0.05976366996765137"></testcase><testcase classname="src.pymortests.vectorarray" file="src/pymortests/vectorarray.py" line="998" name="test_scal_wrong_coefficients[1-&lt;lambda&gt;0]" time="0.002558469772338867"></testcase><testcase classname="src.pymortests.vectorarray" file="src/pymortests/vectorarray.py" line="998" name="test_scal_wrong_coefficients[1-&lt;lambda&gt;1]" time="0.0018308162689208984"></testcase><testcase classname="src.pymortests.vectorarray" file="src/pymortests/vectorarray.py" line="998" name="test_scal_wrong_coefficients[1-&lt;lambda&gt;2]" time="0.002591848373413086"></testcase><testcase classname="src.pymortests.vectorarray" file="src/pymortests/vectorarray.py" line="998" name="test_scal_wrong_coefficients[1-&lt;lambda&gt;3]" time="0.0033190250396728516"></testcase><testcase classname="src.pymortests.vectorarray" file="src/pymortests/vectorarray.py" line="998" name="test_scal_wrong_coefficients[1-&lt;lambda&gt;4]" time="0.0046808719635009766"></testcase><testcase classname="src.pymortests.vectorarray" file="src/pymortests/vectorarray.py" line="998" name="test_scal_wrong_coefficients[1-&lt;lambda&gt;5]" time="0.0017044544219970703"></testcase><testcase classname="src.pymortests.vectorarray" file="src/pymortests/vectorarray.py" line="998" name="test_scal_wrong_coefficients[1-&lt;lambda&gt;6]" time="0.0015935897827148438"></testcase><testcase classname="src.pymortests.vectorarray" file="src/pymortests/vectorarray.py" line="998" name="test_scal_wrong_coefficients[1-&lt;lambda&gt;7]" time="0.0024323463439941406"></testcase><testcase classname="src.pymortests.vectorarray" file="src/pymortests/vectorarray.py" line="998" name="test_scal_wrong_coefficients[1-&lt;lambda&gt;8]" time="0.003590822219848633"></testcase><testcase classname="src.pymortests.vectorarray" file="src/pymortests/vectorarray.py" line="998" name="test_scal_wrong_coefficients[1-&lt;lambda&gt;9]" time="0.004985332489013672"></testcase><testcase classname="src.pymortests.vectorarray" file="src/pymortests/vectorarray.py" line="998" name="test_scal_wrong_coefficients[1-&lt;lambda&gt;10]" time="0.0020296573638916016"></testcase><testcase classname="src.pymortests.vectorarray" file="src/pymortests/vectorarray.py" line="998" name="test_scal_wrong_coefficients[1-&lt;lambda&gt;11]" time="0.003431081771850586"></testcase><testcase classname="src.pymortests.vectorarray" file="src/pymortests/vectorarray.py" line="998" name="test_scal_wrong_coefficients[1-&lt;lambda&gt;12]" time="0.0032880306243896484"></testcase><testcase classname="src.pymortests.vectorarray" file="src/pymortests/vectorarray.py" line="998" name="test_scal_wrong_coefficients[1-&lt;lambda&gt;13]" time="0.0027878284454345703"></testcase><testcase classname="src.pymortests.vectorarray" file="src/pymortests/vectorarray.py" line="998" name="test_scal_wrong_coefficients[1-&lt;lambda&gt;14]" time="0.003293275833129883"></testcase><testcase classname="src.pymortests.vectorarray" file="src/pymortests/vectorarray.py" line="998" name="test_scal_wrong_coefficients[1-&lt;lambda&gt;15]" time="0.0049817562103271484"></testcase><testcase classname="src.pymortests.vectorarray" file="src/pymortests/vectorarray.py" line="998" name="test_scal_wrong_coefficients[1-&lt;lambda&gt;16]" time="0.006482601165771484"></testcase><testcase classname="src.pymortests.vectorarray" file="src/pymortests/vectorarray.py" line="998" name="test_scal_wrong_coefficients[1-&lt;lambda&gt;17]" time="0.002110719680786133"></testcase><testcase classname="src.pymortests.vectorarray" file="src/pymortests/vectorarray.py" line="998" name="test_scal_wrong_coefficients[1-&lt;lambda&gt;18]" time="0.0019881725311279297"></testcase><testcase classname="src.pymortests.vectorarray" file="src/pymortests/vectorarray.py" line="998" name="test_scal_wrong_coefficients[1-&lt;lambda&gt;19]" time="0.0037834644317626953"></testcase><testcase classname="src.pymortests.vectorarray" file="src/pymortests/vectorarray.py" line="998" name="test_scal_wrong_coefficients[1-&lt;lambda&gt;20]" time="0.010757207870483398"></testcase><testcase classname="src.pymortests.vectorarray" file="src/pymortests/vectorarray.py" line="998" name="test_scal_wrong_coefficients[1-&lt;lambda&gt;21]" time="0.0216825008392334"></testcase><testcase classname="src.pymortests.vectorarray" file="src/pymortests/vectorarray.py" line="998" name="test_scal_wrong_coefficients[1-&lt;lambda&gt;22]" time="0.002341032028198242"></testcase><testcase classname="src.pymortests.vectorarray" file="src/pymortests/vectorarray.py" line="998" name="test_scal_wrong_coefficients[1-&lt;lambda&gt;23]" time="0.0017175674438476562"></testcase><testcase classname="src.pymortests.vectorarray" file="src/pymortests/vectorarray.py" line="998" name="test_scal_wrong_coefficients[1-&lt;lambda&gt;24]" time="0.0034453868865966797"></testcase><testcase classname="src.pymortests.vectorarray" file="src/pymortests/vectorarray.py" line="998" name="test_scal_wrong_coefficients[1-&lt;lambda&gt;25]" time="0.027240991592407227"></testcase><testcase classname="src.pymortests.vectorarray" file="src/pymortests/vectorarray.py" line="998" name="test_scal_wrong_coefficients[1-&lt;lambda&gt;26]" time="0.057346343994140625"></testcase><testcase classname="src.pymortests.vectorarray" file="src/pymortests/vectorarray.py" line="998" name="test_scal_wrong_coefficients[2-&lt;lambda&gt;0]" time="0.0024635791778564453"></testcase><testcase classname="src.pymortests.vectorarray" file="src/pymortests/vectorarray.py" line="998" name="test_scal_wrong_coefficients[2-&lt;lambda&gt;1]" time="0.0017452239990234375"></testcase><testcase classname="src.pymortests.vectorarray" file="src/pymortests/vectorarray.py" line="998" name="test_scal_wrong_coefficients[2-&lt;lambda&gt;2]" time="0.002530813217163086"></testcase><testcase classname="src.pymortests.vectorarray" file="src/pymortests/vectorarray.py" line="998" name="test_scal_wrong_coefficients[2-&lt;lambda&gt;3]" time="0.0033919811248779297"></testcase><testcase classname="src.pymortests.vectorarray" file="src/pymortests/vectorarray.py" line="998" name="test_scal_wrong_coefficients[2-&lt;lambda&gt;4]" time="0.004146099090576172"></testcase><testcase classname="src.pymortests.vectorarray" file="src/pymortests/vectorarray.py" line="998" name="test_scal_wrong_coefficients[2-&lt;lambda&gt;5]" time="0.0016372203826904297"></testcase><testcase classname="src.pymortests.vectorarray" file="src/pymortests/vectorarray.py" line="998" name="test_scal_wrong_coefficients[2-&lt;lambda&gt;6]" time="0.0017075538635253906"></testcase><testcase classname="src.pymortests.vectorarray" file="src/pymortests/vectorarray.py" line="998" name="test_scal_wrong_coefficients[2-&lt;lambda&gt;7]" time="0.002505779266357422"></testcase><testcase classname="src.pymortests.vectorarray" file="src/pymortests/vectorarray.py" line="998" name="test_scal_wrong_coefficients[2-&lt;lambda&gt;8]" time="0.0035543441772460938"></testcase><testcase classname="src.pymortests.vectorarray" file="src/pymortests/vectorarray.py" line="998" name="test_scal_wrong_coefficients[2-&lt;lambda&gt;9]" time="0.004958629608154297"></testcase><testcase classname="src.pymortests.vectorarray" file="src/pymortests/vectorarray.py" line="998" name="test_scal_wrong_coefficients[2-&lt;lambda&gt;10]" time="0.0019097328186035156"></testcase><testcase classname="src.pymortests.vectorarray" file="src/pymortests/vectorarray.py" line="998" name="test_scal_wrong_coefficients[2-&lt;lambda&gt;11]" time="0.0034093856811523438"></testcase><testcase classname="src.pymortests.vectorarray" file="src/pymortests/vectorarray.py" line="998" name="test_scal_wrong_coefficients[2-&lt;lambda&gt;12]" time="0.0032491683959960938"></testcase><testcase classname="src.pymortests.vectorarray" file="src/pymortests/vectorarray.py" line="998" name="test_scal_wrong_coefficients[2-&lt;lambda&gt;13]" time="0.0028231143951416016"></testcase><testcase classname="src.pymortests.vectorarray" file="src/pymortests/vectorarray.py" line="998" name="test_scal_wrong_coefficients[2-&lt;lambda&gt;14]" time="0.0032150745391845703"></testcase><testcase classname="src.pymortests.vectorarray" file="src/pymortests/vectorarray.py" line="998" name="test_scal_wrong_coefficients[2-&lt;lambda&gt;15]" time="0.005212068557739258"></testcase><testcase classname="src.pymortests.vectorarray" file="src/pymortests/vectorarray.py" line="998" name="test_scal_wrong_coefficients[2-&lt;lambda&gt;16]" time="0.007169961929321289"></testcase><testcase classname="src.pymortests.vectorarray" file="src/pymortests/vectorarray.py" line="998" name="test_scal_wrong_coefficients[2-&lt;lambda&gt;17]" time="0.0023093223571777344"></testcase><testcase classname="src.pymortests.vectorarray" file="src/pymortests/vectorarray.py" line="998" name="test_scal_wrong_coefficients[2-&lt;lambda&gt;18]" time="0.002131223678588867"></testcase><testcase classname="src.pymortests.vectorarray" file="src/pymortests/vectorarray.py" line="998" name="test_scal_wrong_coefficients[2-&lt;lambda&gt;19]" time="0.003933906555175781"></testcase><testcase classname="src.pymortests.vectorarray" file="src/pymortests/vectorarray.py" line="998" name="test_scal_wrong_coefficients[2-&lt;lambda&gt;20]" time="0.011202573776245117"></testcase><testcase classname="src.pymortests.vectorarray" file="src/pymortests/vectorarray.py" line="998" name="test_scal_wrong_coefficients[2-&lt;lambda&gt;21]" time="0.023007631301879883"></testcase><testcase classname="src.pymortests.vectorarray" file="src/pymortests/vectorarray.py" line="998" name="test_scal_wrong_coefficients[2-&lt;lambda&gt;22]" time="0.002165079116821289"></testcase><testcase classname="src.pymortests.vectorarray" file="src/pymortests/vectorarray.py" line="998" name="test_scal_wrong_coefficients[2-&lt;lambda&gt;23]" time="0.0017952919006347656"></testcase><testcase classname="src.pymortests.vectorarray" file="src/pymortests/vectorarray.py" line="998" name="test_scal_wrong_coefficients[2-&lt;lambda&gt;24]" time="0.0036602020263671875"></testcase><testcase classname="src.pymortests.vectorarray" file="src/pymortests/vectorarray.py" line="998" name="test_scal_wrong_coefficients[2-&lt;lambda&gt;25]" time="0.029227495193481445"></testcase><testcase classname="src.pymortests.vectorarray" file="src/pymortests/vectorarray.py" line="998" name="test_scal_wrong_coefficients[2-&lt;lambda&gt;26]" time="0.05818295478820801"></testcase><testcase classname="src.pymortests.vectorarray" file="src/pymortests/vectorarray.py" line="1009" name="test_axpy_wrong_ind[compatible_vector_array_pair0-&lt;lambda&gt;0]" time="0.0033299922943115234"></testcase><testcase classname="src.pymortests.vectorarray" file="src/pymortests/vectorarray.py" line="1009" name="test_axpy_wrong_ind[compatible_vector_array_pair0-&lt;lambda&gt;1]" time="0.0029833316802978516"></testcase><testcase classname="src.pymortests.vectorarray" file="src/pymortests/vectorarray.py" line="1009" name="test_axpy_wrong_ind[compatible_vector_array_pair0-&lt;lambda&gt;2]" time="0.00759124755859375"></testcase><testcase classname="src.pymortests.vectorarray" file="src/pymortests/vectorarray.py" line="1009" name="test_axpy_wrong_ind[compatible_vector_array_pair0-&lt;lambda&gt;3]" time="0.010434865951538086"></testcase><testcase classname="src.pymortests.vectorarray" file="src/pymortests/vectorarray.py" line="1009" name="test_axpy_wrong_ind[compatible_vector_array_pair0-&lt;lambda&gt;4]" time="0.014820337295532227"></testcase><testcase classname="src.pymortests.vectorarray" file="src/pymortests/vectorarray.py" line="1009" name="test_axpy_wrong_ind[compatible_vector_array_pair0-&lt;lambda&gt;5]" time="0.007049560546875"></testcase><testcase classname="src.pymortests.vectorarray" file="src/pymortests/vectorarray.py" line="1009" name="test_axpy_wrong_ind[compatible_vector_array_pair0-&lt;lambda&gt;6]" time="0.002384662628173828"></testcase><testcase classname="src.pymortests.vectorarray" file="src/pymortests/vectorarray.py" line="1009" name="test_axpy_wrong_ind[compatible_vector_array_pair0-&lt;lambda&gt;7]" time="0.0028638839721679688"></testcase><testcase classname="src.pymortests.vectorarray" file="src/pymortests/vectorarray.py" line="1009" name="test_axpy_wrong_ind[compatible_vector_array_pair0-&lt;lambda&gt;8]" time="0.023098230361938477"></testcase><testcase classname="src.pymortests.vectorarray" file="src/pymortests/vectorarray.py" line="1009" name="test_axpy_wrong_ind[compatible_vector_array_pair0-&lt;lambda&gt;9]" time="0.03858160972595215"></testcase><testcase classname="src.pymortests.vectorarray" file="src/pymortests/vectorarray.py" line="1009" name="test_axpy_wrong_ind[compatible_vector_array_pair0-&lt;lambda&gt;10]" time="0.13217711448669434"></testcase><testcase classname="src.pymortests.vectorarray" file="src/pymortests/vectorarray.py" line="1009" name="test_axpy_wrong_ind[compatible_vector_array_pair0-&lt;lambda&gt;11]" time="0.00799560546875"></testcase><testcase classname="src.pymortests.vectorarray" file="src/pymortests/vectorarray.py" line="1009" name="test_axpy_wrong_ind[compatible_vector_array_pair0-&lt;lambda&gt;12]" time="0.0037431716918945312"></testcase><testcase classname="src.pymortests.vectorarray" file="src/pymortests/vectorarray.py" line="1009" name="test_axpy_wrong_ind[compatible_vector_array_pair0-&lt;lambda&gt;13]" time="0.009537220001220703"></testcase><testcase classname="src.pymortests.vectorarray" file="src/pymortests/vectorarray.py" line="1009" name="test_axpy_wrong_ind[compatible_vector_array_pair0-&lt;lambda&gt;14]" time="0.011013507843017578"></testcase><testcase classname="src.pymortests.vectorarray" file="src/pymortests/vectorarray.py" line="1009" name="test_axpy_wrong_ind[compatible_vector_array_pair0-&lt;lambda&gt;15]" time="0.01730513572692871"></testcase><testcase classname="src.pymortests.vectorarray" file="src/pymortests/vectorarray.py" line="1009" name="test_axpy_wrong_ind[compatible_vector_array_pair0-&lt;lambda&gt;16]" time="0.025063753128051758"></testcase><testcase classname="src.pymortests.vectorarray" file="src/pymortests/vectorarray.py" line="1009" name="test_axpy_wrong_ind[compatible_vector_array_pair0-&lt;lambda&gt;17]" time="0.034616708755493164"></testcase><testcase classname="src.pymortests.vectorarray" file="src/pymortests/vectorarray.py" line="1009" name="test_axpy_wrong_ind[compatible_vector_array_pair0-&lt;lambda&gt;18]" time="0.00400090217590332"></testcase><testcase classname="src.pymortests.vectorarray" file="src/pymortests/vectorarray.py" line="1009" name="test_axpy_wrong_ind[compatible_vector_array_pair0-&lt;lambda&gt;19]" time="0.0036487579345703125"></testcase><testcase classname="src.pymortests.vectorarray" file="src/pymortests/vectorarray.py" line="1009" name="test_axpy_wrong_ind[compatible_vector_array_pair0-&lt;lambda&gt;20]" time="0.050251007080078125"></testcase><testcase classname="src.pymortests.vectorarray" file="src/pymortests/vectorarray.py" line="1009" name="test_axpy_wrong_ind[compatible_vector_array_pair0-&lt;lambda&gt;21]" time="0.05273270606994629"></testcase><testcase classname="src.pymortests.vectorarray" file="src/pymortests/vectorarray.py" line="1009" name="test_axpy_wrong_ind[compatible_vector_array_pair0-&lt;lambda&gt;22]" time="0.16127586364746094"></testcase><testcase classname="src.pymortests.vectorarray" file="src/pymortests/vectorarray.py" line="1009" name="test_axpy_wrong_ind[compatible_vector_array_pair0-&lt;lambda&gt;23]" time="0.009966850280761719"></testcase><testcase classname="src.pymortests.vectorarray" file="src/pymortests/vectorarray.py" line="1009" name="test_axpy_wrong_ind[compatible_vector_array_pair0-&lt;lambda&gt;24]" time="0.0032341480255126953"></testcase><testcase classname="src.pymortests.vectorarray" file="src/pymortests/vectorarray.py" line="1009" name="test_axpy_wrong_ind[compatible_vector_array_pair0-&lt;lambda&gt;25]" time="0.0037050247192382812"></testcase><testcase classname="src.pymortests.vectorarray" file="src/pymortests/vectorarray.py" line="1009" name="test_axpy_wrong_ind[compatible_vector_array_pair0-&lt;lambda&gt;26]" time="0.04249978065490723"></testcase><testcase classname="src.pymortests.vectorarray" file="src/pymortests/vectorarray.py" line="1009" name="test_axpy_wrong_ind[compatible_vector_array_pair0-&lt;lambda&gt;27]" time="0.06711244583129883"></testcase><testcase classname="src.pymortests.vectorarray" file="src/pymortests/vectorarray.py" line="1009" name="test_axpy_wrong_ind[compatible_vector_array_pair0-&lt;lambda&gt;28]" time="0.23137140274047852"></testcase><testcase classname="src.pymortests.vectorarray" file="src/pymortests/vectorarray.py" line="1009" name="test_axpy_wrong_ind[compatible_vector_array_pair0-&lt;lambda&gt;29]" time="0.010831117630004883"></testcase><testcase classname="src.pymortests.vectorarray" file="src/pymortests/vectorarray.py" line="1009" name="test_axpy_wrong_ind[compatible_vector_array_pair1-&lt;lambda&gt;0]" time="0.0024416446685791016"></testcase><testcase classname="src.pymortests.vectorarray" file="src/pymortests/vectorarray.py" line="1009" name="test_axpy_wrong_ind[compatible_vector_array_pair1-&lt;lambda&gt;1]" time="0.0026988983154296875"></testcase><testcase classname="src.pymortests.vectorarray" file="src/pymortests/vectorarray.py" line="1009" name="test_axpy_wrong_ind[compatible_vector_array_pair1-&lt;lambda&gt;2]" time="0.007408618927001953"></testcase><testcase classname="src.pymortests.vectorarray" file="src/pymortests/vectorarray.py" line="1009" name="test_axpy_wrong_ind[compatible_vector_array_pair1-&lt;lambda&gt;3]" time="0.010177135467529297"></testcase><testcase classname="src.pymortests.vectorarray" file="src/pymortests/vectorarray.py" line="1009" name="test_axpy_wrong_ind[compatible_vector_array_pair1-&lt;lambda&gt;4]" time="0.014539480209350586"></testcase><testcase classname="src.pymortests.vectorarray" file="src/pymortests/vectorarray.py" line="1009" name="test_axpy_wrong_ind[compatible_vector_array_pair1-&lt;lambda&gt;5]" time="0.006944894790649414"></testcase><testcase classname="src.pymortests.vectorarray" file="src/pymortests/vectorarray.py" line="1009" name="test_axpy_wrong_ind[compatible_vector_array_pair1-&lt;lambda&gt;6]" time="0.0024824142456054688"></testcase><testcase classname="src.pymortests.vectorarray" file="src/pymortests/vectorarray.py" line="1009" name="test_axpy_wrong_ind[compatible_vector_array_pair1-&lt;lambda&gt;7]" time="0.0027790069580078125"></testcase><testcase classname="src.pymortests.vectorarray" file="src/pymortests/vectorarray.py" line="1009" name="test_axpy_wrong_ind[compatible_vector_array_pair1-&lt;lambda&gt;8]" time="0.022501707077026367"></testcase><testcase classname="src.pymortests.vectorarray" file="src/pymortests/vectorarray.py" line="1009" name="test_axpy_wrong_ind[compatible_vector_array_pair1-&lt;lambda&gt;9]" time="0.03963732719421387"></testcase><testcase classname="src.pymortests.vectorarray" file="src/pymortests/vectorarray.py" line="1009" name="test_axpy_wrong_ind[compatible_vector_array_pair1-&lt;lambda&gt;10]" time="0.1266472339630127"></testcase><testcase classname="src.pymortests.vectorarray" file="src/pymortests/vectorarray.py" line="1009" name="test_axpy_wrong_ind[compatible_vector_array_pair1-&lt;lambda&gt;11]" time="0.007978200912475586"></testcase><testcase classname="src.pymortests.vectorarray" file="src/pymortests/vectorarray.py" line="1009" name="test_axpy_wrong_ind[compatible_vector_array_pair1-&lt;lambda&gt;12]" time="0.004671812057495117"></testcase><testcase classname="src.pymortests.vectorarray" file="src/pymortests/vectorarray.py" line="1009" name="test_axpy_wrong_ind[compatible_vector_array_pair1-&lt;lambda&gt;13]" time="0.008984088897705078"></testcase><testcase classname="src.pymortests.vectorarray" file="src/pymortests/vectorarray.py" line="1009" name="test_axpy_wrong_ind[compatible_vector_array_pair1-&lt;lambda&gt;14]" time="0.009038209915161133"></testcase><testcase classname="src.pymortests.vectorarray" file="src/pymortests/vectorarray.py" line="1009" name="test_axpy_wrong_ind[compatible_vector_array_pair1-&lt;lambda&gt;15]" time="0.015468597412109375"></testcase><testcase classname="src.pymortests.vectorarray" file="src/pymortests/vectorarray.py" line="1009" name="test_axpy_wrong_ind[compatible_vector_array_pair1-&lt;lambda&gt;16]" time="0.023348331451416016"></testcase><testcase classname="src.pymortests.vectorarray" file="src/pymortests/vectorarray.py" line="1009" name="test_axpy_wrong_ind[compatible_vector_array_pair1-&lt;lambda&gt;17]" time="0.03470897674560547"></testcase><testcase classname="src.pymortests.vectorarray" file="src/pymortests/vectorarray.py" line="1009" name="test_axpy_wrong_ind[compatible_vector_array_pair1-&lt;lambda&gt;18]" time="0.004077911376953125"></testcase><testcase classname="src.pymortests.vectorarray" file="src/pymortests/vectorarray.py" line="1009" name="test_axpy_wrong_ind[compatible_vector_array_pair1-&lt;lambda&gt;19]" time="0.0036640167236328125"></testcase><testcase classname="src.pymortests.vectorarray" file="src/pymortests/vectorarray.py" line="1009" name="test_axpy_wrong_ind[compatible_vector_array_pair1-&lt;lambda&gt;20]" time="0.04936814308166504"></testcase><testcase classname="src.pymortests.vectorarray" file="src/pymortests/vectorarray.py" line="1009" name="test_axpy_wrong_ind[compatible_vector_array_pair1-&lt;lambda&gt;21]" time="0.04883933067321777"></testcase><testcase classname="src.pymortests.vectorarray" file="src/pymortests/vectorarray.py" line="1009" name="test_axpy_wrong_ind[compatible_vector_array_pair1-&lt;lambda&gt;22]" time="0.16124820709228516"></testcase><testcase classname="src.pymortests.vectorarray" file="src/pymortests/vectorarray.py" line="1009" name="test_axpy_wrong_ind[compatible_vector_array_pair1-&lt;lambda&gt;23]" time="0.009194612503051758"></testcase><testcase classname="src.pymortests.vectorarray" file="src/pymortests/vectorarray.py" line="1009" name="test_axpy_wrong_ind[compatible_vector_array_pair1-&lt;lambda&gt;24]" time="0.003226757049560547"></testcase><testcase classname="src.pymortests.vectorarray" file="src/pymortests/vectorarray.py" line="1009" name="test_axpy_wrong_ind[compatible_vector_array_pair1-&lt;lambda&gt;25]" time="0.0038089752197265625"></testcase><testcase classname="src.pymortests.vectorarray" file="src/pymortests/vectorarray.py" line="1009" name="test_axpy_wrong_ind[compatible_vector_array_pair1-&lt;lambda&gt;26]" time="0.04268908500671387"></testcase><testcase classname="src.pymortests.vectorarray" file="src/pymortests/vectorarray.py" line="1009" name="test_axpy_wrong_ind[compatible_vector_array_pair1-&lt;lambda&gt;27]" time="0.06551146507263184"></testcase><testcase classname="src.pymortests.vectorarray" file="src/pymortests/vectorarray.py" line="1009" name="test_axpy_wrong_ind[compatible_vector_array_pair1-&lt;lambda&gt;28]" time="0.23183059692382812"></testcase><testcase classname="src.pymortests.vectorarray" file="src/pymortests/vectorarray.py" line="1009" name="test_axpy_wrong_ind[compatible_vector_array_pair1-&lt;lambda&gt;29]" time="0.011598587036132812"></testcase><testcase classname="src.pymortests.vectorarray" file="src/pymortests/vectorarray.py" line="1009" name="test_axpy_wrong_ind[compatible_vector_array_pair2-&lt;lambda&gt;0]" time="0.003376007080078125"></testcase><testcase classname="src.pymortests.vectorarray" file="src/pymortests/vectorarray.py" line="1009" name="test_axpy_wrong_ind[compatible_vector_array_pair2-&lt;lambda&gt;1]" time="0.002904176712036133"></testcase><testcase classname="src.pymortests.vectorarray" file="src/pymortests/vectorarray.py" line="1009" name="test_axpy_wrong_ind[compatible_vector_array_pair2-&lt;lambda&gt;2]" time="0.007643461227416992"></testcase><testcase classname="src.pymortests.vectorarray" file="src/pymortests/vectorarray.py" line="1009" name="test_axpy_wrong_ind[compatible_vector_array_pair2-&lt;lambda&gt;3]" time="0.010335683822631836"></testcase><testcase classname="src.pymortests.vectorarray" file="src/pymortests/vectorarray.py" line="1009" name="test_axpy_wrong_ind[compatible_vector_array_pair2-&lt;lambda&gt;4]" time="0.014951229095458984"></testcase><testcase classname="src.pymortests.vectorarray" file="src/pymortests/vectorarray.py" line="1009" name="test_axpy_wrong_ind[compatible_vector_array_pair2-&lt;lambda&gt;5]" time="0.006026268005371094"></testcase><testcase classname="src.pymortests.vectorarray" file="src/pymortests/vectorarray.py" line="1009" name="test_axpy_wrong_ind[compatible_vector_array_pair2-&lt;lambda&gt;6]" time="0.002549886703491211"></testcase><testcase classname="src.pymortests.vectorarray" file="src/pymortests/vectorarray.py" line="1009" name="test_axpy_wrong_ind[compatible_vector_array_pair2-&lt;lambda&gt;7]" time="0.002999544143676758"></testcase><testcase classname="src.pymortests.vectorarray" file="src/pymortests/vectorarray.py" line="1009" name="test_axpy_wrong_ind[compatible_vector_array_pair2-&lt;lambda&gt;8]" time="0.022421836853027344"></testcase><testcase classname="src.pymortests.vectorarray" file="src/pymortests/vectorarray.py" line="1009" name="test_axpy_wrong_ind[compatible_vector_array_pair2-&lt;lambda&gt;9]" time="0.03907155990600586"></testcase><testcase classname="src.pymortests.vectorarray" file="src/pymortests/vectorarray.py" line="1009" name="test_axpy_wrong_ind[compatible_vector_array_pair2-&lt;lambda&gt;10]" time="0.12610816955566406"></testcase><testcase classname="src.pymortests.vectorarray" file="src/pymortests/vectorarray.py" line="1009" name="test_axpy_wrong_ind[compatible_vector_array_pair2-&lt;lambda&gt;11]" time="0.00829172134399414"></testcase><testcase classname="src.pymortests.vectorarray" file="src/pymortests/vectorarray.py" line="1009" name="test_axpy_wrong_ind[compatible_vector_array_pair2-&lt;lambda&gt;12]" time="0.004991769790649414"></testcase><testcase classname="src.pymortests.vectorarray" file="src/pymortests/vectorarray.py" line="1009" name="test_axpy_wrong_ind[compatible_vector_array_pair2-&lt;lambda&gt;13]" time="0.008778572082519531"></testcase><testcase classname="src.pymortests.vectorarray" file="src/pymortests/vectorarray.py" line="1009" name="test_axpy_wrong_ind[compatible_vector_array_pair2-&lt;lambda&gt;14]" time="0.008879899978637695"></testcase><testcase classname="src.pymortests.vectorarray" file="src/pymortests/vectorarray.py" line="1009" name="test_axpy_wrong_ind[compatible_vector_array_pair2-&lt;lambda&gt;15]" time="0.015383005142211914"></testcase><testcase classname="src.pymortests.vectorarray" file="src/pymortests/vectorarray.py" line="1009" name="test_axpy_wrong_ind[compatible_vector_array_pair2-&lt;lambda&gt;16]" time="0.022373676300048828"></testcase><testcase classname="src.pymortests.vectorarray" file="src/pymortests/vectorarray.py" line="1009" name="test_axpy_wrong_ind[compatible_vector_array_pair2-&lt;lambda&gt;17]" time="0.03381061553955078"></testcase><testcase classname="src.pymortests.vectorarray" file="src/pymortests/vectorarray.py" line="1009" name="test_axpy_wrong_ind[compatible_vector_array_pair2-&lt;lambda&gt;18]" time="0.004260063171386719"></testcase><testcase classname="src.pymortests.vectorarray" file="src/pymortests/vectorarray.py" line="1009" name="test_axpy_wrong_ind[compatible_vector_array_pair2-&lt;lambda&gt;19]" time="0.003885030746459961"></testcase><testcase classname="src.pymortests.vectorarray" file="src/pymortests/vectorarray.py" line="1009" name="test_axpy_wrong_ind[compatible_vector_array_pair2-&lt;lambda&gt;20]" time="0.05086970329284668"></testcase><testcase classname="src.pymortests.vectorarray" file="src/pymortests/vectorarray.py" line="1009" name="test_axpy_wrong_ind[compatible_vector_array_pair2-&lt;lambda&gt;21]" time="0.05127453804016113"></testcase><testcase classname="src.pymortests.vectorarray" file="src/pymortests/vectorarray.py" line="1009" name="test_axpy_wrong_ind[compatible_vector_array_pair2-&lt;lambda&gt;22]" time="0.16208267211914062"></testcase><testcase classname="src.pymortests.vectorarray" file="src/pymortests/vectorarray.py" line="1009" name="test_axpy_wrong_ind[compatible_vector_array_pair2-&lt;lambda&gt;23]" time="0.009060859680175781"></testcase><testcase classname="src.pymortests.vectorarray" file="src/pymortests/vectorarray.py" line="1009" name="test_axpy_wrong_ind[compatible_vector_array_pair2-&lt;lambda&gt;24]" time="0.0032320022583007812"></testcase><testcase classname="src.pymortests.vectorarray" file="src/pymortests/vectorarray.py" line="1009" name="test_axpy_wrong_ind[compatible_vector_array_pair2-&lt;lambda&gt;25]" time="0.0037200450897216797"></testcase><testcase classname="src.pymortests.vectorarray" file="src/pymortests/vectorarray.py" line="1009" name="test_axpy_wrong_ind[compatible_vector_array_pair2-&lt;lambda&gt;26]" time="0.04290056228637695"></testcase><testcase classname="src.pymortests.vectorarray" file="src/pymortests/vectorarray.py" line="1009" name="test_axpy_wrong_ind[compatible_vector_array_pair2-&lt;lambda&gt;27]" time="0.06754493713378906"></testcase><testcase classname="src.pymortests.vectorarray" file="src/pymortests/vectorarray.py" line="1009" name="test_axpy_wrong_ind[compatible_vector_array_pair2-&lt;lambda&gt;28]" time="0.23469042778015137"></testcase><testcase classname="src.pymortests.vectorarray" file="src/pymortests/vectorarray.py" line="1009" name="test_axpy_wrong_ind[compatible_vector_array_pair2-&lt;lambda&gt;29]" time="0.010650873184204102"></testcase><testcase classname="src.pymortests.vectorarray" file="src/pymortests/vectorarray.py" line="1009" name="test_axpy_wrong_ind[compatible_vector_array_pair3-&lt;lambda&gt;0]" time="0.002537965774536133"></testcase><testcase classname="src.pymortests.vectorarray" file="src/pymortests/vectorarray.py" line="1009" name="test_axpy_wrong_ind[compatible_vector_array_pair3-&lt;lambda&gt;1]" time="0.002700328826904297"></testcase><testcase classname="src.pymortests.vectorarray" file="src/pymortests/vectorarray.py" line="1009" name="test_axpy_wrong_ind[compatible_vector_array_pair3-&lt;lambda&gt;2]" time="0.007396221160888672"></testcase><testcase classname="src.pymortests.vectorarray" file="src/pymortests/vectorarray.py" line="1009" name="test_axpy_wrong_ind[compatible_vector_array_pair3-&lt;lambda&gt;3]" time="0.010097265243530273"></testcase><testcase classname="src.pymortests.vectorarray" file="src/pymortests/vectorarray.py" line="1009" name="test_axpy_wrong_ind[compatible_vector_array_pair3-&lt;lambda&gt;4]" time="0.01518392562866211"></testcase><testcase classname="src.pymortests.vectorarray" file="src/pymortests/vectorarray.py" line="1009" name="test_axpy_wrong_ind[compatible_vector_array_pair3-&lt;lambda&gt;5]" time="0.006890773773193359"></testcase><testcase classname="src.pymortests.vectorarray" file="src/pymortests/vectorarray.py" line="1009" name="test_axpy_wrong_ind[compatible_vector_array_pair3-&lt;lambda&gt;6]" time="0.002398252487182617"></testcase><testcase classname="src.pymortests.vectorarray" file="src/pymortests/vectorarray.py" line="1009" name="test_axpy_wrong_ind[compatible_vector_array_pair3-&lt;lambda&gt;7]" time="0.002984762191772461"></testcase><testcase classname="src.pymortests.vectorarray" file="src/pymortests/vectorarray.py" line="1009" name="test_axpy_wrong_ind[compatible_vector_array_pair3-&lt;lambda&gt;8]" time="0.022778749465942383"></testcase><testcase classname="src.pymortests.vectorarray" file="src/pymortests/vectorarray.py" line="1009" name="test_axpy_wrong_ind[compatible_vector_array_pair3-&lt;lambda&gt;9]" time="0.03879523277282715"></testcase><testcase classname="src.pymortests.vectorarray" file="src/pymortests/vectorarray.py" line="1009" name="test_axpy_wrong_ind[compatible_vector_array_pair3-&lt;lambda&gt;10]" time="0.1243588924407959"></testcase><testcase classname="src.pymortests.vectorarray" file="src/pymortests/vectorarray.py" line="1009" name="test_axpy_wrong_ind[compatible_vector_array_pair3-&lt;lambda&gt;11]" time="0.007864236831665039"></testcase><testcase classname="src.pymortests.vectorarray" file="src/pymortests/vectorarray.py" line="1009" name="test_axpy_wrong_ind[compatible_vector_array_pair3-&lt;lambda&gt;12]" time="0.003683805465698242"></testcase><testcase classname="src.pymortests.vectorarray" file="src/pymortests/vectorarray.py" line="1009" name="test_axpy_wrong_ind[compatible_vector_array_pair3-&lt;lambda&gt;13]" time="0.008544445037841797"></testcase><testcase classname="src.pymortests.vectorarray" file="src/pymortests/vectorarray.py" line="1009" name="test_axpy_wrong_ind[compatible_vector_array_pair3-&lt;lambda&gt;14]" time="0.008679389953613281"></testcase><testcase classname="src.pymortests.vectorarray" file="src/pymortests/vectorarray.py" line="1009" name="test_axpy_wrong_ind[compatible_vector_array_pair3-&lt;lambda&gt;15]" time="0.015512943267822266"></testcase><testcase classname="src.pymortests.vectorarray" file="src/pymortests/vectorarray.py" line="1009" name="test_axpy_wrong_ind[compatible_vector_array_pair3-&lt;lambda&gt;16]" time="0.023984909057617188"></testcase><testcase classname="src.pymortests.vectorarray" file="src/pymortests/vectorarray.py" line="1009" name="test_axpy_wrong_ind[compatible_vector_array_pair3-&lt;lambda&gt;17]" time="0.03268885612487793"></testcase><testcase classname="src.pymortests.vectorarray" file="src/pymortests/vectorarray.py" line="1009" name="test_axpy_wrong_ind[compatible_vector_array_pair3-&lt;lambda&gt;18]" time="0.0040471553802490234"></testcase><testcase classname="src.pymortests.vectorarray" file="src/pymortests/vectorarray.py" line="1009" name="test_axpy_wrong_ind[compatible_vector_array_pair3-&lt;lambda&gt;19]" time="0.003702878952026367"></testcase><testcase classname="src.pymortests.vectorarray" file="src/pymortests/vectorarray.py" line="1009" name="test_axpy_wrong_ind[compatible_vector_array_pair3-&lt;lambda&gt;20]" time="0.04792046546936035"></testcase><testcase classname="src.pymortests.vectorarray" file="src/pymortests/vectorarray.py" line="1009" name="test_axpy_wrong_ind[compatible_vector_array_pair3-&lt;lambda&gt;21]" time="0.048452138900756836"></testcase><testcase classname="src.pymortests.vectorarray" file="src/pymortests/vectorarray.py" line="1009" name="test_axpy_wrong_ind[compatible_vector_array_pair3-&lt;lambda&gt;22]" time="0.16074466705322266"></testcase><testcase classname="src.pymortests.vectorarray" file="src/pymortests/vectorarray.py" line="1009" name="test_axpy_wrong_ind[compatible_vector_array_pair3-&lt;lambda&gt;23]" time="0.009313821792602539"></testcase><testcase classname="src.pymortests.vectorarray" file="src/pymortests/vectorarray.py" line="1009" name="test_axpy_wrong_ind[compatible_vector_array_pair3-&lt;lambda&gt;24]" time="0.0032186508178710938"></testcase><testcase classname="src.pymortests.vectorarray" file="src/pymortests/vectorarray.py" line="1009" name="test_axpy_wrong_ind[compatible_vector_array_pair3-&lt;lambda&gt;25]" time="0.0037517547607421875"></testcase><testcase classname="src.pymortests.vectorarray" file="src/pymortests/vectorarray.py" line="1009" name="test_axpy_wrong_ind[compatible_vector_array_pair3-&lt;lambda&gt;26]" time="0.04260611534118652"></testcase><testcase classname="src.pymortests.vectorarray" file="src/pymortests/vectorarray.py" line="1009" name="test_axpy_wrong_ind[compatible_vector_array_pair3-&lt;lambda&gt;27]" time="0.06678390502929688"></testcase><testcase classname="src.pymortests.vectorarray" file="src/pymortests/vectorarray.py" line="1009" name="test_axpy_wrong_ind[compatible_vector_array_pair3-&lt;lambda&gt;28]" time="0.23178410530090332"></testcase><testcase classname="src.pymortests.vectorarray" file="src/pymortests/vectorarray.py" line="1009" name="test_axpy_wrong_ind[compatible_vector_array_pair3-&lt;lambda&gt;29]" time="0.011914730072021484"></testcase><testcase classname="src.pymortests.vectorarray" file="src/pymortests/vectorarray.py" line="1009" name="test_axpy_wrong_ind[compatible_vector_array_pair4-&lt;lambda&gt;0]" time="0.0036573410034179688"></testcase><testcase classname="src.pymortests.vectorarray" file="src/pymortests/vectorarray.py" line="1009" name="test_axpy_wrong_ind[compatible_vector_array_pair4-&lt;lambda&gt;1]" time="0.003172636032104492"></testcase><testcase classname="src.pymortests.vectorarray" file="src/pymortests/vectorarray.py" line="1009" name="test_axpy_wrong_ind[compatible_vector_array_pair4-&lt;lambda&gt;2]" time="0.008094310760498047"></testcase><testcase classname="src.pymortests.vectorarray" file="src/pymortests/vectorarray.py" line="1009" name="test_axpy_wrong_ind[compatible_vector_array_pair4-&lt;lambda&gt;3]" time="0.011448144912719727"></testcase><testcase classname="src.pymortests.vectorarray" file="src/pymortests/vectorarray.py" line="1009" name="test_axpy_wrong_ind[compatible_vector_array_pair4-&lt;lambda&gt;4]" time="0.015918254852294922"></testcase><testcase classname="src.pymortests.vectorarray" file="src/pymortests/vectorarray.py" line="1009" name="test_axpy_wrong_ind[compatible_vector_array_pair4-&lt;lambda&gt;5]" time="0.006749391555786133"></testcase><testcase classname="src.pymortests.vectorarray" file="src/pymortests/vectorarray.py" line="1009" name="test_axpy_wrong_ind[compatible_vector_array_pair4-&lt;lambda&gt;6]" time="0.0024492740631103516"></testcase><testcase classname="src.pymortests.vectorarray" file="src/pymortests/vectorarray.py" line="1009" name="test_axpy_wrong_ind[compatible_vector_array_pair4-&lt;lambda&gt;7]" time="0.0027980804443359375"></testcase><testcase classname="src.pymortests.vectorarray" file="src/pymortests/vectorarray.py" line="1009" name="test_axpy_wrong_ind[compatible_vector_array_pair4-&lt;lambda&gt;8]" time="0.02376079559326172"></testcase><testcase classname="src.pymortests.vectorarray" file="src/pymortests/vectorarray.py" line="1009" name="test_axpy_wrong_ind[compatible_vector_array_pair4-&lt;lambda&gt;9]" time="0.03917503356933594"></testcase><testcase classname="src.pymortests.vectorarray" file="src/pymortests/vectorarray.py" line="1009" name="test_axpy_wrong_ind[compatible_vector_array_pair4-&lt;lambda&gt;10]" time="0.1267833709716797"></testcase><testcase classname="src.pymortests.vectorarray" file="src/pymortests/vectorarray.py" line="1009" name="test_axpy_wrong_ind[compatible_vector_array_pair4-&lt;lambda&gt;11]" time="0.008131980895996094"></testcase><testcase classname="src.pymortests.vectorarray" file="src/pymortests/vectorarray.py" line="1009" name="test_axpy_wrong_ind[compatible_vector_array_pair4-&lt;lambda&gt;12]" time="0.003851175308227539"></testcase><testcase classname="src.pymortests.vectorarray" file="src/pymortests/vectorarray.py" line="1009" name="test_axpy_wrong_ind[compatible_vector_array_pair4-&lt;lambda&gt;13]" time="0.008886575698852539"></testcase><testcase classname="src.pymortests.vectorarray" file="src/pymortests/vectorarray.py" line="1009" name="test_axpy_wrong_ind[compatible_vector_array_pair4-&lt;lambda&gt;14]" time="0.008942604064941406"></testcase><testcase classname="src.pymortests.vectorarray" file="src/pymortests/vectorarray.py" line="1009" name="test_axpy_wrong_ind[compatible_vector_array_pair4-&lt;lambda&gt;15]" time="0.016327381134033203"></testcase><testcase classname="src.pymortests.vectorarray" file="src/pymortests/vectorarray.py" line="1009" name="test_axpy_wrong_ind[compatible_vector_array_pair4-&lt;lambda&gt;16]" time="0.023642778396606445"></testcase><testcase classname="src.pymortests.vectorarray" file="src/pymortests/vectorarray.py" line="1009" name="test_axpy_wrong_ind[compatible_vector_array_pair4-&lt;lambda&gt;17]" time="0.03285050392150879"></testcase><testcase classname="src.pymortests.vectorarray" file="src/pymortests/vectorarray.py" line="1009" name="test_axpy_wrong_ind[compatible_vector_array_pair4-&lt;lambda&gt;18]" time="0.004111051559448242"></testcase><testcase classname="src.pymortests.vectorarray" file="src/pymortests/vectorarray.py" line="1009" name="test_axpy_wrong_ind[compatible_vector_array_pair4-&lt;lambda&gt;19]" time="0.003993988037109375"></testcase><testcase classname="src.pymortests.vectorarray" file="src/pymortests/vectorarray.py" line="1009" name="test_axpy_wrong_ind[compatible_vector_array_pair4-&lt;lambda&gt;20]" time="0.04674577713012695"></testcase><testcase classname="src.pymortests.vectorarray" file="src/pymortests/vectorarray.py" line="1009" name="test_axpy_wrong_ind[compatible_vector_array_pair4-&lt;lambda&gt;21]" time="0.050226449966430664"></testcase><testcase classname="src.pymortests.vectorarray" file="src/pymortests/vectorarray.py" line="1009" name="test_axpy_wrong_ind[compatible_vector_array_pair4-&lt;lambda&gt;22]" time="0.1625690460205078"></testcase><testcase classname="src.pymortests.vectorarray" file="src/pymortests/vectorarray.py" line="1009" name="test_axpy_wrong_ind[compatible_vector_array_pair4-&lt;lambda&gt;23]" time="0.009163618087768555"></testcase><testcase classname="src.pymortests.vectorarray" file="src/pymortests/vectorarray.py" line="1009" name="test_axpy_wrong_ind[compatible_vector_array_pair4-&lt;lambda&gt;24]" time="0.002290010452270508"></testcase><testcase classname="src.pymortests.vectorarray" file="src/pymortests/vectorarray.py" line="1009" name="test_axpy_wrong_ind[compatible_vector_array_pair4-&lt;lambda&gt;25]" time="0.0038099288940429688"></testcase><testcase classname="src.pymortests.vectorarray" file="src/pymortests/vectorarray.py" line="1009" name="test_axpy_wrong_ind[compatible_vector_array_pair4-&lt;lambda&gt;26]" time="0.0446164608001709"></testcase><testcase classname="src.pymortests.vectorarray" file="src/pymortests/vectorarray.py" line="1009" name="test_axpy_wrong_ind[compatible_vector_array_pair4-&lt;lambda&gt;27]" time="0.06684184074401855"></testcase><testcase classname="src.pymortests.vectorarray" file="src/pymortests/vectorarray.py" line="1009" name="test_axpy_wrong_ind[compatible_vector_array_pair4-&lt;lambda&gt;28]" time="0.23171377182006836"></testcase><testcase classname="src.pymortests.vectorarray" file="src/pymortests/vectorarray.py" line="1009" name="test_axpy_wrong_ind[compatible_vector_array_pair4-&lt;lambda&gt;29]" time="0.010778188705444336"></testcase><testcase classname="src.pymortests.vectorarray" file="src/pymortests/vectorarray.py" line="1009" name="test_axpy_wrong_ind[compatible_vector_array_pair5-&lt;lambda&gt;0]" time="0.003439188003540039"></testcase><testcase classname="src.pymortests.vectorarray" file="src/pymortests/vectorarray.py" line="1009" name="test_axpy_wrong_ind[compatible_vector_array_pair5-&lt;lambda&gt;1]" time="0.002978801727294922"></testcase><testcase classname="src.pymortests.vectorarray" file="src/pymortests/vectorarray.py" line="1009" name="test_axpy_wrong_ind[compatible_vector_array_pair5-&lt;lambda&gt;2]" time="0.007441997528076172"></testcase><testcase classname="src.pymortests.vectorarray" file="src/pymortests/vectorarray.py" line="1009" name="test_axpy_wrong_ind[compatible_vector_array_pair5-&lt;lambda&gt;3]" time="0.01022791862487793"></testcase><testcase classname="src.pymortests.vectorarray" file="src/pymortests/vectorarray.py" line="1009" name="test_axpy_wrong_ind[compatible_vector_array_pair5-&lt;lambda&gt;4]" time="0.01472783088684082"></testcase><testcase classname="src.pymortests.vectorarray" file="src/pymortests/vectorarray.py" line="1009" name="test_axpy_wrong_ind[compatible_vector_array_pair5-&lt;lambda&gt;5]" time="0.006878376007080078"></testcase><testcase classname="src.pymortests.vectorarray" file="src/pymortests/vectorarray.py" line="1009" name="test_axpy_wrong_ind[compatible_vector_array_pair5-&lt;lambda&gt;6]" time="0.0024013519287109375"></testcase><testcase classname="src.pymortests.vectorarray" file="src/pymortests/vectorarray.py" line="1009" name="test_axpy_wrong_ind[compatible_vector_array_pair5-&lt;lambda&gt;7]" time="0.002868175506591797"></testcase><testcase classname="src.pymortests.vectorarray" file="src/pymortests/vectorarray.py" line="1009" name="test_axpy_wrong_ind[compatible_vector_array_pair5-&lt;lambda&gt;8]" time="0.02290511131286621"></testcase><testcase classname="src.pymortests.vectorarray" file="src/pymortests/vectorarray.py" line="1009" name="test_axpy_wrong_ind[compatible_vector_array_pair5-&lt;lambda&gt;9]" time="0.041196584701538086"></testcase><testcase classname="src.pymortests.vectorarray" file="src/pymortests/vectorarray.py" line="1009" name="test_axpy_wrong_ind[compatible_vector_array_pair5-&lt;lambda&gt;10]" time="0.1308300495147705"></testcase><testcase classname="src.pymortests.vectorarray" file="src/pymortests/vectorarray.py" line="1009" name="test_axpy_wrong_ind[compatible_vector_array_pair5-&lt;lambda&gt;11]" time="0.008564472198486328"></testcase><testcase classname="src.pymortests.vectorarray" file="src/pymortests/vectorarray.py" line="1009" name="test_axpy_wrong_ind[compatible_vector_array_pair5-&lt;lambda&gt;12]" time="0.005081892013549805"></testcase><testcase classname="src.pymortests.vectorarray" file="src/pymortests/vectorarray.py" line="1009" name="test_axpy_wrong_ind[compatible_vector_array_pair5-&lt;lambda&gt;13]" time="0.009327888488769531"></testcase><testcase classname="src.pymortests.vectorarray" file="src/pymortests/vectorarray.py" line="1009" name="test_axpy_wrong_ind[compatible_vector_array_pair5-&lt;lambda&gt;14]" time="0.009345054626464844"></testcase><testcase classname="src.pymortests.vectorarray" file="src/pymortests/vectorarray.py" line="1009" name="test_axpy_wrong_ind[compatible_vector_array_pair5-&lt;lambda&gt;15]" time="0.015725135803222656"></testcase><testcase classname="src.pymortests.vectorarray" file="src/pymortests/vectorarray.py" line="1009" name="test_axpy_wrong_ind[compatible_vector_array_pair5-&lt;lambda&gt;16]" time="0.02289724349975586"></testcase><testcase classname="src.pymortests.vectorarray" file="src/pymortests/vectorarray.py" line="1009" name="test_axpy_wrong_ind[compatible_vector_array_pair5-&lt;lambda&gt;17]" time="0.03357100486755371"></testcase><testcase classname="src.pymortests.vectorarray" file="src/pymortests/vectorarray.py" line="1009" name="test_axpy_wrong_ind[compatible_vector_array_pair5-&lt;lambda&gt;18]" time="0.00416874885559082"></testcase><testcase classname="src.pymortests.vectorarray" file="src/pymortests/vectorarray.py" line="1009" name="test_axpy_wrong_ind[compatible_vector_array_pair5-&lt;lambda&gt;19]" time="0.003809690475463867"></testcase><testcase classname="src.pymortests.vectorarray" file="src/pymortests/vectorarray.py" line="1009" name="test_axpy_wrong_ind[compatible_vector_array_pair5-&lt;lambda&gt;20]" time="0.04751896858215332"></testcase><testcase classname="src.pymortests.vectorarray" file="src/pymortests/vectorarray.py" line="1009" name="test_axpy_wrong_ind[compatible_vector_array_pair5-&lt;lambda&gt;21]" time="0.050427913665771484"></testcase><testcase classname="src.pymortests.vectorarray" file="src/pymortests/vectorarray.py" line="1009" name="test_axpy_wrong_ind[compatible_vector_array_pair5-&lt;lambda&gt;22]" time="0.16932439804077148"></testcase><testcase classname="src.pymortests.vectorarray" file="src/pymortests/vectorarray.py" line="1009" name="test_axpy_wrong_ind[compatible_vector_array_pair5-&lt;lambda&gt;23]" time="0.009345531463623047"></testcase><testcase classname="src.pymortests.vectorarray" file="src/pymortests/vectorarray.py" line="1009" name="test_axpy_wrong_ind[compatible_vector_array_pair5-&lt;lambda&gt;24]" time="0.003271341323852539"></testcase><testcase classname="src.pymortests.vectorarray" file="src/pymortests/vectorarray.py" line="1009" name="test_axpy_wrong_ind[compatible_vector_array_pair5-&lt;lambda&gt;25]" time="0.0039522647857666016"></testcase><testcase classname="src.pymortests.vectorarray" file="src/pymortests/vectorarray.py" line="1009" name="test_axpy_wrong_ind[compatible_vector_array_pair5-&lt;lambda&gt;26]" time="0.042876243591308594"></testcase><testcase classname="src.pymortests.vectorarray" file="src/pymortests/vectorarray.py" line="1009" name="test_axpy_wrong_ind[compatible_vector_array_pair5-&lt;lambda&gt;27]" time="0.06728243827819824"></testcase><testcase classname="src.pymortests.vectorarray" file="src/pymortests/vectorarray.py" line="1009" name="test_axpy_wrong_ind[compatible_vector_array_pair5-&lt;lambda&gt;28]" time="0.2296466827392578"></testcase><testcase classname="src.pymortests.vectorarray" file="src/pymortests/vectorarray.py" line="1009" name="test_axpy_wrong_ind[compatible_vector_array_pair5-&lt;lambda&gt;29]" time="0.01077127456665039"></testcase><testcase classname="src.pymortests.vectorarray" file="src/pymortests/vectorarray.py" line="1009" name="test_axpy_wrong_ind[compatible_vector_array_pair6-&lt;lambda&gt;0]" time="0.0025925636291503906"></testcase><testcase classname="src.pymortests.vectorarray" file="src/pymortests/vectorarray.py" line="1009" name="test_axpy_wrong_ind[compatible_vector_array_pair6-&lt;lambda&gt;1]" time="0.0027551651000976562"></testcase><testcase classname="src.pymortests.vectorarray" file="src/pymortests/vectorarray.py" line="1009" name="test_axpy_wrong_ind[compatible_vector_array_pair6-&lt;lambda&gt;2]" time="0.007462978363037109"></testcase><testcase classname="src.pymortests.vectorarray" file="src/pymortests/vectorarray.py" line="1009" name="test_axpy_wrong_ind[compatible_vector_array_pair6-&lt;lambda&gt;3]" time="0.010290384292602539"></testcase><testcase classname="src.pymortests.vectorarray" file="src/pymortests/vectorarray.py" line="1009" name="test_axpy_wrong_ind[compatible_vector_array_pair6-&lt;lambda&gt;4]" time="0.014597892761230469"></testcase><testcase classname="src.pymortests.vectorarray" file="src/pymortests/vectorarray.py" line="1009" name="test_axpy_wrong_ind[compatible_vector_array_pair6-&lt;lambda&gt;5]" time="0.0068874359130859375"></testcase><testcase classname="src.pymortests.vectorarray" file="src/pymortests/vectorarray.py" line="1009" name="test_axpy_wrong_ind[compatible_vector_array_pair6-&lt;lambda&gt;6]" time="0.002391815185546875"></testcase><testcase classname="src.pymortests.vectorarray" file="src/pymortests/vectorarray.py" line="1009" name="test_axpy_wrong_ind[compatible_vector_array_pair6-&lt;lambda&gt;7]" time="0.0028731822967529297"></testcase><testcase classname="src.pymortests.vectorarray" file="src/pymortests/vectorarray.py" line="1009" name="test_axpy_wrong_ind[compatible_vector_array_pair6-&lt;lambda&gt;8]" time="0.022562265396118164"></testcase><testcase classname="src.pymortests.vectorarray" file="src/pymortests/vectorarray.py" line="1009" name="test_axpy_wrong_ind[compatible_vector_array_pair6-&lt;lambda&gt;9]" time="0.04022097587585449"></testcase><testcase classname="src.pymortests.vectorarray" file="src/pymortests/vectorarray.py" line="1009" name="test_axpy_wrong_ind[compatible_vector_array_pair6-&lt;lambda&gt;10]" time="0.12721467018127441"></testcase><testcase classname="src.pymortests.vectorarray" file="src/pymortests/vectorarray.py" line="1009" name="test_axpy_wrong_ind[compatible_vector_array_pair6-&lt;lambda&gt;11]" time="0.008251190185546875"></testcase><testcase classname="src.pymortests.vectorarray" file="src/pymortests/vectorarray.py" line="1009" name="test_axpy_wrong_ind[compatible_vector_array_pair6-&lt;lambda&gt;12]" time="0.003987550735473633"></testcase><testcase classname="src.pymortests.vectorarray" file="src/pymortests/vectorarray.py" line="1009" name="test_axpy_wrong_ind[compatible_vector_array_pair6-&lt;lambda&gt;13]" time="0.009053707122802734"></testcase><testcase classname="src.pymortests.vectorarray" file="src/pymortests/vectorarray.py" line="1009" name="test_axpy_wrong_ind[compatible_vector_array_pair6-&lt;lambda&gt;14]" time="0.009555578231811523"></testcase><testcase classname="src.pymortests.vectorarray" file="src/pymortests/vectorarray.py" line="1009" name="test_axpy_wrong_ind[compatible_vector_array_pair6-&lt;lambda&gt;15]" time="0.01751565933227539"></testcase><testcase classname="src.pymortests.vectorarray" file="src/pymortests/vectorarray.py" line="1009" name="test_axpy_wrong_ind[compatible_vector_array_pair6-&lt;lambda&gt;16]" time="0.025303125381469727"></testcase><testcase classname="src.pymortests.vectorarray" file="src/pymortests/vectorarray.py" line="1009" name="test_axpy_wrong_ind[compatible_vector_array_pair6-&lt;lambda&gt;17]" time="0.034364938735961914"></testcase><testcase classname="src.pymortests.vectorarray" file="src/pymortests/vectorarray.py" line="1009" name="test_axpy_wrong_ind[compatible_vector_array_pair6-&lt;lambda&gt;18]" time="0.004042387008666992"></testcase><testcase classname="src.pymortests.vectorarray" file="src/pymortests/vectorarray.py" line="1009" name="test_axpy_wrong_ind[compatible_vector_array_pair6-&lt;lambda&gt;19]" time="0.003969669342041016"></testcase><testcase classname="src.pymortests.vectorarray" file="src/pymortests/vectorarray.py" line="1009" name="test_axpy_wrong_ind[compatible_vector_array_pair6-&lt;lambda&gt;20]" time="0.04937744140625"></testcase><testcase classname="src.pymortests.vectorarray" file="src/pymortests/vectorarray.py" line="1009" name="test_axpy_wrong_ind[compatible_vector_array_pair6-&lt;lambda&gt;21]" time="0.049613237380981445"></testcase><testcase classname="src.pymortests.vectorarray" file="src/pymortests/vectorarray.py" line="1009" name="test_axpy_wrong_ind[compatible_vector_array_pair6-&lt;lambda&gt;22]" time="0.16541743278503418"></testcase><testcase classname="src.pymortests.vectorarray" file="src/pymortests/vectorarray.py" line="1009" name="test_axpy_wrong_ind[compatible_vector_array_pair6-&lt;lambda&gt;23]" time="0.009351968765258789"></testcase><testcase classname="src.pymortests.vectorarray" file="src/pymortests/vectorarray.py" line="1009" name="test_axpy_wrong_ind[compatible_vector_array_pair6-&lt;lambda&gt;24]" time="0.0033676624298095703"></testcase><testcase classname="src.pymortests.vectorarray" file="src/pymortests/vectorarray.py" line="1009" name="test_axpy_wrong_ind[compatible_vector_array_pair6-&lt;lambda&gt;25]" time="0.004235029220581055"></testcase><testcase classname="src.pymortests.vectorarray" file="src/pymortests/vectorarray.py" line="1009" name="test_axpy_wrong_ind[compatible_vector_array_pair6-&lt;lambda&gt;26]" time="0.047121524810791016"></testcase><testcase classname="src.pymortests.vectorarray" file="src/pymortests/vectorarray.py" line="1009" name="test_axpy_wrong_ind[compatible_vector_array_pair6-&lt;lambda&gt;27]" time="0.07254719734191895"></testcase><testcase classname="src.pymortests.vectorarray" file="src/pymortests/vectorarray.py" line="1009" name="test_axpy_wrong_ind[compatible_vector_array_pair6-&lt;lambda&gt;28]" time="0.23105406761169434"></testcase><testcase classname="src.pymortests.vectorarray" file="src/pymortests/vectorarray.py" line="1009" name="test_axpy_wrong_ind[compatible_vector_array_pair6-&lt;lambda&gt;29]" time="0.01174163818359375"></testcase><testcase classname="src.pymortests.vectorarray" file="src/pymortests/vectorarray.py" line="1009" name="test_axpy_wrong_ind[compatible_vector_array_pair7-&lt;lambda&gt;0]" time="0.0035948753356933594"></testcase><testcase classname="src.pymortests.vectorarray" file="src/pymortests/vectorarray.py" line="1009" name="test_axpy_wrong_ind[compatible_vector_array_pair7-&lt;lambda&gt;1]" time="0.002800464630126953"></testcase><testcase classname="src.pymortests.vectorarray" file="src/pymortests/vectorarray.py" line="1009" name="test_axpy_wrong_ind[compatible_vector_array_pair7-&lt;lambda&gt;2]" time="0.0074520111083984375"></testcase><testcase classname="src.pymortests.vectorarray" file="src/pymortests/vectorarray.py" line="1009" name="test_axpy_wrong_ind[compatible_vector_array_pair7-&lt;lambda&gt;3]" time="0.010216236114501953"></testcase><testcase classname="src.pymortests.vectorarray" file="src/pymortests/vectorarray.py" line="1009" name="test_axpy_wrong_ind[compatible_vector_array_pair7-&lt;lambda&gt;4]" time="0.014528989791870117"></testcase><testcase classname="src.pymortests.vectorarray" file="src/pymortests/vectorarray.py" line="1009" name="test_axpy_wrong_ind[compatible_vector_array_pair7-&lt;lambda&gt;5]" time="0.00585174560546875"></testcase><testcase classname="src.pymortests.vectorarray" file="src/pymortests/vectorarray.py" line="1009" name="test_axpy_wrong_ind[compatible_vector_array_pair7-&lt;lambda&gt;6]" time="0.002354145050048828"></testcase><testcase classname="src.pymortests.vectorarray" file="src/pymortests/vectorarray.py" line="1009" name="test_axpy_wrong_ind[compatible_vector_array_pair7-&lt;lambda&gt;7]" time="0.002768993377685547"></testcase><testcase classname="src.pymortests.vectorarray" file="src/pymortests/vectorarray.py" line="1009" name="test_axpy_wrong_ind[compatible_vector_array_pair7-&lt;lambda&gt;8]" time="0.022629737854003906"></testcase><testcase classname="src.pymortests.vectorarray" file="src/pymortests/vectorarray.py" line="1009" name="test_axpy_wrong_ind[compatible_vector_array_pair7-&lt;lambda&gt;9]" time="0.039740562438964844"></testcase><testcase classname="src.pymortests.vectorarray" file="src/pymortests/vectorarray.py" line="1009" name="test_axpy_wrong_ind[compatible_vector_array_pair7-&lt;lambda&gt;10]" time="0.12952852249145508"></testcase><testcase classname="src.pymortests.vectorarray" file="src/pymortests/vectorarray.py" line="1009" name="test_axpy_wrong_ind[compatible_vector_array_pair7-&lt;lambda&gt;11]" time="0.008148670196533203"></testcase><testcase classname="src.pymortests.vectorarray" file="src/pymortests/vectorarray.py" line="1009" name="test_axpy_wrong_ind[compatible_vector_array_pair7-&lt;lambda&gt;12]" time="0.004837989807128906"></testcase><testcase classname="src.pymortests.vectorarray" file="src/pymortests/vectorarray.py" line="1009" name="test_axpy_wrong_ind[compatible_vector_array_pair7-&lt;lambda&gt;13]" time="0.00881195068359375"></testcase><testcase classname="src.pymortests.vectorarray" file="src/pymortests/vectorarray.py" line="1009" name="test_axpy_wrong_ind[compatible_vector_array_pair7-&lt;lambda&gt;14]" time="0.009219884872436523"></testcase><testcase classname="src.pymortests.vectorarray" file="src/pymortests/vectorarray.py" line="1009" name="test_axpy_wrong_ind[compatible_vector_array_pair7-&lt;lambda&gt;15]" time="0.01552438735961914"></testcase><testcase classname="src.pymortests.vectorarray" file="src/pymortests/vectorarray.py" line="1009" name="test_axpy_wrong_ind[compatible_vector_array_pair7-&lt;lambda&gt;16]" time="0.02254962921142578"></testcase><testcase classname="src.pymortests.vectorarray" file="src/pymortests/vectorarray.py" line="1009" name="test_axpy_wrong_ind[compatible_vector_array_pair7-&lt;lambda&gt;17]" time="0.032198190689086914"></testcase><testcase classname="src.pymortests.vectorarray" file="src/pymortests/vectorarray.py" line="1009" name="test_axpy_wrong_ind[compatible_vector_array_pair7-&lt;lambda&gt;18]" time="0.0041065216064453125"></testcase><testcase classname="src.pymortests.vectorarray" file="src/pymortests/vectorarray.py" line="1009" name="test_axpy_wrong_ind[compatible_vector_array_pair7-&lt;lambda&gt;19]" time="0.0036923885345458984"></testcase><testcase classname="src.pymortests.vectorarray" file="src/pymortests/vectorarray.py" line="1009" name="test_axpy_wrong_ind[compatible_vector_array_pair7-&lt;lambda&gt;20]" time="0.047063350677490234"></testcase><testcase classname="src.pymortests.vectorarray" file="src/pymortests/vectorarray.py" line="1009" name="test_axpy_wrong_ind[compatible_vector_array_pair7-&lt;lambda&gt;21]" time="0.05065035820007324"></testcase><testcase classname="src.pymortests.vectorarray" file="src/pymortests/vectorarray.py" line="1009" name="test_axpy_wrong_ind[compatible_vector_array_pair7-&lt;lambda&gt;22]" time="0.16382789611816406"></testcase><testcase classname="src.pymortests.vectorarray" file="src/pymortests/vectorarray.py" line="1009" name="test_axpy_wrong_ind[compatible_vector_array_pair7-&lt;lambda&gt;23]" time="0.009245872497558594"></testcase><testcase classname="src.pymortests.vectorarray" file="src/pymortests/vectorarray.py" line="1009" name="test_axpy_wrong_ind[compatible_vector_array_pair7-&lt;lambda&gt;24]" time="0.0022912025451660156"></testcase><testcase classname="src.pymortests.vectorarray" file="src/pymortests/vectorarray.py" line="1009" name="test_axpy_wrong_ind[compatible_vector_array_pair7-&lt;lambda&gt;25]" time="0.0039000511169433594"></testcase><testcase classname="src.pymortests.vectorarray" file="src/pymortests/vectorarray.py" line="1009" name="test_axpy_wrong_ind[compatible_vector_array_pair7-&lt;lambda&gt;26]" time="0.04511618614196777"></testcase><testcase classname="src.pymortests.vectorarray" file="src/pymortests/vectorarray.py" line="1009" name="test_axpy_wrong_ind[compatible_vector_array_pair7-&lt;lambda&gt;27]" time="0.06616735458374023"></testcase><testcase classname="src.pymortests.vectorarray" file="src/pymortests/vectorarray.py" line="1009" name="test_axpy_wrong_ind[compatible_vector_array_pair7-&lt;lambda&gt;28]" time="0.23357367515563965"></testcase><testcase classname="src.pymortests.vectorarray" file="src/pymortests/vectorarray.py" line="1009" name="test_axpy_wrong_ind[compatible_vector_array_pair7-&lt;lambda&gt;29]" time="0.010937929153442383"></testcase><testcase classname="src.pymortests.vectorarray" file="src/pymortests/vectorarray.py" line="1009" name="test_axpy_wrong_ind[compatible_vector_array_pair8-&lt;lambda&gt;0]" time="0.0034732818603515625"></testcase><testcase classname="src.pymortests.vectorarray" file="src/pymortests/vectorarray.py" line="1009" name="test_axpy_wrong_ind[compatible_vector_array_pair8-&lt;lambda&gt;1]" time="0.002763509750366211"></testcase><testcase classname="src.pymortests.vectorarray" file="src/pymortests/vectorarray.py" line="1009" name="test_axpy_wrong_ind[compatible_vector_array_pair8-&lt;lambda&gt;2]" time="0.007471323013305664"></testcase><testcase classname="src.pymortests.vectorarray" file="src/pymortests/vectorarray.py" line="1009" name="test_axpy_wrong_ind[compatible_vector_array_pair8-&lt;lambda&gt;3]" time="0.010860681533813477"></testcase><testcase classname="src.pymortests.vectorarray" file="src/pymortests/vectorarray.py" line="1009" name="test_axpy_wrong_ind[compatible_vector_array_pair8-&lt;lambda&gt;4]" time="0.015056133270263672"></testcase><testcase classname="src.pymortests.vectorarray" file="src/pymortests/vectorarray.py" line="1009" name="test_axpy_wrong_ind[compatible_vector_array_pair8-&lt;lambda&gt;5]" time="0.007086038589477539"></testcase><testcase classname="src.pymortests.vectorarray" file="src/pymortests/vectorarray.py" line="1009" name="test_axpy_wrong_ind[compatible_vector_array_pair8-&lt;lambda&gt;6]" time="0.0024209022521972656"></testcase><testcase classname="src.pymortests.vectorarray" file="src/pymortests/vectorarray.py" line="1009" name="test_axpy_wrong_ind[compatible_vector_array_pair8-&lt;lambda&gt;7]" time="0.0029761791229248047"></testcase><testcase classname="src.pymortests.vectorarray" file="src/pymortests/vectorarray.py" line="1009" name="test_axpy_wrong_ind[compatible_vector_array_pair8-&lt;lambda&gt;8]" time="0.02328205108642578"></testcase><testcase classname="src.pymortests.vectorarray" file="src/pymortests/vectorarray.py" line="1009" name="test_axpy_wrong_ind[compatible_vector_array_pair8-&lt;lambda&gt;9]" time="0.04029417037963867"></testcase><testcase classname="src.pymortests.vectorarray" file="src/pymortests/vectorarray.py" line="1009" name="test_axpy_wrong_ind[compatible_vector_array_pair8-&lt;lambda&gt;10]" time="0.12624812126159668"></testcase><testcase classname="src.pymortests.vectorarray" file="src/pymortests/vectorarray.py" line="1009" name="test_axpy_wrong_ind[compatible_vector_array_pair8-&lt;lambda&gt;11]" time="0.007983922958374023"></testcase><testcase classname="src.pymortests.vectorarray" file="src/pymortests/vectorarray.py" line="1009" name="test_axpy_wrong_ind[compatible_vector_array_pair8-&lt;lambda&gt;12]" time="0.003720521926879883"></testcase><testcase classname="src.pymortests.vectorarray" file="src/pymortests/vectorarray.py" line="1009" name="test_axpy_wrong_ind[compatible_vector_array_pair8-&lt;lambda&gt;13]" time="0.00877070426940918"></testcase><testcase classname="src.pymortests.vectorarray" file="src/pymortests/vectorarray.py" line="1009" name="test_axpy_wrong_ind[compatible_vector_array_pair8-&lt;lambda&gt;14]" time="0.009181022644042969"></testcase><testcase classname="src.pymortests.vectorarray" file="src/pymortests/vectorarray.py" line="1009" name="test_axpy_wrong_ind[compatible_vector_array_pair8-&lt;lambda&gt;15]" time="0.01745748519897461"></testcase><testcase classname="src.pymortests.vectorarray" file="src/pymortests/vectorarray.py" line="1009" name="test_axpy_wrong_ind[compatible_vector_array_pair8-&lt;lambda&gt;16]" time="0.023404598236083984"></testcase><testcase classname="src.pymortests.vectorarray" file="src/pymortests/vectorarray.py" line="1009" name="test_axpy_wrong_ind[compatible_vector_array_pair8-&lt;lambda&gt;17]" time="0.03179121017456055"></testcase><testcase classname="src.pymortests.vectorarray" file="src/pymortests/vectorarray.py" line="1009" name="test_axpy_wrong_ind[compatible_vector_array_pair8-&lt;lambda&gt;18]" time="0.003955364227294922"></testcase><testcase classname="src.pymortests.vectorarray" file="src/pymortests/vectorarray.py" line="1009" name="test_axpy_wrong_ind[compatible_vector_array_pair8-&lt;lambda&gt;19]" time="0.0036258697509765625"></testcase><testcase classname="src.pymortests.vectorarray" file="src/pymortests/vectorarray.py" line="1009" name="test_axpy_wrong_ind[compatible_vector_array_pair8-&lt;lambda&gt;20]" time="0.04895496368408203"></testcase><testcase classname="src.pymortests.vectorarray" file="src/pymortests/vectorarray.py" line="1009" name="test_axpy_wrong_ind[compatible_vector_array_pair8-&lt;lambda&gt;21]" time="0.04923653602600098"></testcase><testcase classname="src.pymortests.vectorarray" file="src/pymortests/vectorarray.py" line="1009" name="test_axpy_wrong_ind[compatible_vector_array_pair8-&lt;lambda&gt;22]" time="0.16782212257385254"></testcase><testcase classname="src.pymortests.vectorarray" file="src/pymortests/vectorarray.py" line="1009" name="test_axpy_wrong_ind[compatible_vector_array_pair8-&lt;lambda&gt;23]" time="0.009786605834960938"></testcase><testcase classname="src.pymortests.vectorarray" file="src/pymortests/vectorarray.py" line="1009" name="test_axpy_wrong_ind[compatible_vector_array_pair8-&lt;lambda&gt;24]" time="0.0033767223358154297"></testcase><testcase classname="src.pymortests.vectorarray" file="src/pymortests/vectorarray.py" line="1009" name="test_axpy_wrong_ind[compatible_vector_array_pair8-&lt;lambda&gt;25]" time="0.0040891170501708984"></testcase><testcase classname="src.pymortests.vectorarray" file="src/pymortests/vectorarray.py" line="1009" name="test_axpy_wrong_ind[compatible_vector_array_pair8-&lt;lambda&gt;26]" time="0.045554399490356445"></testcase><testcase classname="src.pymortests.vectorarray" file="src/pymortests/vectorarray.py" line="1009" name="test_axpy_wrong_ind[compatible_vector_array_pair8-&lt;lambda&gt;27]" time="0.06688475608825684"></testcase><testcase classname="src.pymortests.vectorarray" file="src/pymortests/vectorarray.py" line="1009" name="test_axpy_wrong_ind[compatible_vector_array_pair8-&lt;lambda&gt;28]" time="0.23422551155090332"></testcase><testcase classname="src.pymortests.vectorarray" file="src/pymortests/vectorarray.py" line="1009" name="test_axpy_wrong_ind[compatible_vector_array_pair8-&lt;lambda&gt;29]" time="0.01102447509765625"></testcase><testcase classname="src.pymortests.vectorarray" file="src/pymortests/vectorarray.py" line="1028" name="test_axpy_wrong_coefficients[compatible_vector_array_pair0-&lt;lambda&gt;0]" time="0.0024170875549316406"></testcase><testcase classname="src.pymortests.vectorarray" file="src/pymortests/vectorarray.py" line="1028" name="test_axpy_wrong_coefficients[compatible_vector_array_pair0-&lt;lambda&gt;1]" time="0.0013794898986816406"></testcase><testcase classname="src.pymortests.vectorarray" file="src/pymortests/vectorarray.py" line="1028" name="test_axpy_wrong_coefficients[compatible_vector_array_pair0-&lt;lambda&gt;2]" time="0.0027577877044677734"></testcase><testcase classname="src.pymortests.vectorarray" file="src/pymortests/vectorarray.py" line="1028" name="test_axpy_wrong_coefficients[compatible_vector_array_pair0-&lt;lambda&gt;3]" time="0.003065824508666992"></testcase><testcase classname="src.pymortests.vectorarray" file="src/pymortests/vectorarray.py" line="1028" name="test_axpy_wrong_coefficients[compatible_vector_array_pair0-&lt;lambda&gt;4]" time="0.005503416061401367"></testcase><testcase classname="src.pymortests.vectorarray" file="src/pymortests/vectorarray.py" line="1028" name="test_axpy_wrong_coefficients[compatible_vector_array_pair0-&lt;lambda&gt;5]" time="0.0033409595489501953"></testcase><testcase classname="src.pymortests.vectorarray" file="src/pymortests/vectorarray.py" line="1028" name="test_axpy_wrong_coefficients[compatible_vector_array_pair0-&lt;lambda&gt;6]" time="0.0016412734985351562"></testcase><testcase classname="src.pymortests.vectorarray" file="src/pymortests/vectorarray.py" line="1028" name="test_axpy_wrong_coefficients[compatible_vector_array_pair0-&lt;lambda&gt;7]" time="0.0012941360473632812"></testcase><testcase classname="src.pymortests.vectorarray" file="src/pymortests/vectorarray.py" line="1028" name="test_axpy_wrong_coefficients[compatible_vector_array_pair0-&lt;lambda&gt;8]" time="0.003081083297729492"></testcase><testcase classname="src.pymortests.vectorarray" file="src/pymortests/vectorarray.py" line="1028" name="test_axpy_wrong_coefficients[compatible_vector_array_pair0-&lt;lambda&gt;9]" time="0.003347635269165039"></testcase><testcase classname="src.pymortests.vectorarray" file="src/pymortests/vectorarray.py" line="1028" name="test_axpy_wrong_coefficients[compatible_vector_array_pair0-&lt;lambda&gt;10]" time="0.0065004825592041016"></testcase><testcase classname="src.pymortests.vectorarray" file="src/pymortests/vectorarray.py" line="1028" name="test_axpy_wrong_coefficients[compatible_vector_array_pair0-&lt;lambda&gt;11]" time="0.003548145294189453"></testcase><testcase classname="src.pymortests.vectorarray" file="src/pymortests/vectorarray.py" line="1028" name="test_axpy_wrong_coefficients[compatible_vector_array_pair0-&lt;lambda&gt;12]" time="0.0020084381103515625"></testcase><testcase classname="src.pymortests.vectorarray" file="src/pymortests/vectorarray.py" line="1028" name="test_axpy_wrong_coefficients[compatible_vector_array_pair0-&lt;lambda&gt;13]" time="0.0015232563018798828"></testcase><testcase classname="src.pymortests.vectorarray" file="src/pymortests/vectorarray.py" line="1028" name="test_axpy_wrong_coefficients[compatible_vector_array_pair0-&lt;lambda&gt;14]" time="0.003082275390625"></testcase><testcase classname="src.pymortests.vectorarray" file="src/pymortests/vectorarray.py" line="1028" name="test_axpy_wrong_coefficients[compatible_vector_array_pair0-&lt;lambda&gt;15]" time="0.004202127456665039"></testcase><testcase classname="src.pymortests.vectorarray" file="src/pymortests/vectorarray.py" line="1028" name="test_axpy_wrong_coefficients[compatible_vector_array_pair0-&lt;lambda&gt;16]" time="0.004949092864990234"></testcase><testcase classname="src.pymortests.vectorarray" file="src/pymortests/vectorarray.py" line="1028" name="test_axpy_wrong_coefficients[compatible_vector_array_pair0-&lt;lambda&gt;17]" time="0.009859800338745117"></testcase><testcase classname="src.pymortests.vectorarray" file="src/pymortests/vectorarray.py" line="1028" name="test_axpy_wrong_coefficients[compatible_vector_array_pair0-&lt;lambda&gt;18]" time="0.0024933815002441406"></testcase><testcase classname="src.pymortests.vectorarray" file="src/pymortests/vectorarray.py" line="1028" name="test_axpy_wrong_coefficients[compatible_vector_array_pair0-&lt;lambda&gt;19]" time="0.002061605453491211"></testcase><testcase classname="src.pymortests.vectorarray" file="src/pymortests/vectorarray.py" line="1028" name="test_axpy_wrong_coefficients[compatible_vector_array_pair0-&lt;lambda&gt;20]" time="0.029044628143310547"></testcase><testcase classname="src.pymortests.vectorarray" file="src/pymortests/vectorarray.py" line="1028" name="test_axpy_wrong_coefficients[compatible_vector_array_pair0-&lt;lambda&gt;21]" time="0.014308929443359375"></testcase><testcase classname="src.pymortests.vectorarray" file="src/pymortests/vectorarray.py" line="1028" name="test_axpy_wrong_coefficients[compatible_vector_array_pair0-&lt;lambda&gt;22]" time="0.04144454002380371"></testcase><testcase classname="src.pymortests.vectorarray" file="src/pymortests/vectorarray.py" line="1028" name="test_axpy_wrong_coefficients[compatible_vector_array_pair0-&lt;lambda&gt;23]" time="0.0060427188873291016"></testcase><testcase classname="src.pymortests.vectorarray" file="src/pymortests/vectorarray.py" line="1028" name="test_axpy_wrong_coefficients[compatible_vector_array_pair0-&lt;lambda&gt;24]" time="0.0016813278198242188"></testcase><testcase classname="src.pymortests.vectorarray" file="src/pymortests/vectorarray.py" line="1028" name="test_axpy_wrong_coefficients[compatible_vector_array_pair0-&lt;lambda&gt;25]" time="0.0024564266204833984"></testcase><testcase classname="src.pymortests.vectorarray" file="src/pymortests/vectorarray.py" line="1028" name="test_axpy_wrong_coefficients[compatible_vector_array_pair0-&lt;lambda&gt;26]" time="0.02331233024597168"></testcase><testcase classname="src.pymortests.vectorarray" file="src/pymortests/vectorarray.py" line="1028" name="test_axpy_wrong_coefficients[compatible_vector_array_pair0-&lt;lambda&gt;27]" time="0.03280925750732422"></testcase><testcase classname="src.pymortests.vectorarray" file="src/pymortests/vectorarray.py" line="1028" name="test_axpy_wrong_coefficients[compatible_vector_array_pair0-&lt;lambda&gt;28]" time="0.11191987991333008"></testcase><testcase classname="src.pymortests.vectorarray" file="src/pymortests/vectorarray.py" line="1028" name="test_axpy_wrong_coefficients[compatible_vector_array_pair0-&lt;lambda&gt;29]" time="0.007323741912841797"></testcase><testcase classname="src.pymortests.vectorarray" file="src/pymortests/vectorarray.py" line="1028" name="test_axpy_wrong_coefficients[compatible_vector_array_pair1-&lt;lambda&gt;0]" time="0.0016787052154541016"></testcase><testcase classname="src.pymortests.vectorarray" file="src/pymortests/vectorarray.py" line="1028" name="test_axpy_wrong_coefficients[compatible_vector_array_pair1-&lt;lambda&gt;1]" time="0.0013692378997802734"></testcase><testcase classname="src.pymortests.vectorarray" file="src/pymortests/vectorarray.py" line="1028" name="test_axpy_wrong_coefficients[compatible_vector_array_pair1-&lt;lambda&gt;2]" time="0.0027267932891845703"></testcase><testcase classname="src.pymortests.vectorarray" file="src/pymortests/vectorarray.py" line="1028" name="test_axpy_wrong_coefficients[compatible_vector_array_pair1-&lt;lambda&gt;3]" time="0.003017902374267578"></testcase><testcase classname="src.pymortests.vectorarray" file="src/pymortests/vectorarray.py" line="1028" name="test_axpy_wrong_coefficients[compatible_vector_array_pair1-&lt;lambda&gt;4]" time="0.005308866500854492"></testcase><testcase classname="src.pymortests.vectorarray" file="src/pymortests/vectorarray.py" line="1028" name="test_axpy_wrong_coefficients[compatible_vector_array_pair1-&lt;lambda&gt;5]" time="0.003345489501953125"></testcase><testcase classname="src.pymortests.vectorarray" file="src/pymortests/vectorarray.py" line="1028" name="test_axpy_wrong_coefficients[compatible_vector_array_pair1-&lt;lambda&gt;6]" time="0.0016505718231201172"></testcase><testcase classname="src.pymortests.vectorarray" file="src/pymortests/vectorarray.py" line="1028" name="test_axpy_wrong_coefficients[compatible_vector_array_pair1-&lt;lambda&gt;7]" time="0.0013110637664794922"></testcase><testcase classname="src.pymortests.vectorarray" file="src/pymortests/vectorarray.py" line="1028" name="test_axpy_wrong_coefficients[compatible_vector_array_pair1-&lt;lambda&gt;8]" time="0.003118276596069336"></testcase><testcase classname="src.pymortests.vectorarray" file="src/pymortests/vectorarray.py" line="1028" name="test_axpy_wrong_coefficients[compatible_vector_array_pair1-&lt;lambda&gt;9]" time="0.0034754276275634766"></testcase><testcase classname="src.pymortests.vectorarray" file="src/pymortests/vectorarray.py" line="1028" name="test_axpy_wrong_coefficients[compatible_vector_array_pair1-&lt;lambda&gt;10]" time="0.006991386413574219"></testcase><testcase classname="src.pymortests.vectorarray" file="src/pymortests/vectorarray.py" line="1028" name="test_axpy_wrong_coefficients[compatible_vector_array_pair1-&lt;lambda&gt;11]" time="0.003592252731323242"></testcase><testcase classname="src.pymortests.vectorarray" file="src/pymortests/vectorarray.py" line="1028" name="test_axpy_wrong_coefficients[compatible_vector_array_pair1-&lt;lambda&gt;12]" time="0.0020647048950195312"></testcase><testcase classname="src.pymortests.vectorarray" file="src/pymortests/vectorarray.py" line="1028" name="test_axpy_wrong_coefficients[compatible_vector_array_pair1-&lt;lambda&gt;13]" time="0.0016295909881591797"></testcase><testcase classname="src.pymortests.vectorarray" file="src/pymortests/vectorarray.py" line="1028" name="test_axpy_wrong_coefficients[compatible_vector_array_pair1-&lt;lambda&gt;14]" time="0.0030956268310546875"></testcase><testcase classname="src.pymortests.vectorarray" file="src/pymortests/vectorarray.py" line="1028" name="test_axpy_wrong_coefficients[compatible_vector_array_pair1-&lt;lambda&gt;15]" time="0.004334211349487305"></testcase><testcase classname="src.pymortests.vectorarray" file="src/pymortests/vectorarray.py" line="1028" name="test_axpy_wrong_coefficients[compatible_vector_array_pair1-&lt;lambda&gt;16]" time="0.004979848861694336"></testcase><testcase classname="src.pymortests.vectorarray" file="src/pymortests/vectorarray.py" line="1028" name="test_axpy_wrong_coefficients[compatible_vector_array_pair1-&lt;lambda&gt;17]" time="0.009842634201049805"></testcase><testcase classname="src.pymortests.vectorarray" file="src/pymortests/vectorarray.py" line="1028" name="test_axpy_wrong_coefficients[compatible_vector_array_pair1-&lt;lambda&gt;18]" time="0.0025365352630615234"></testcase><testcase classname="src.pymortests.vectorarray" file="src/pymortests/vectorarray.py" line="1028" name="test_axpy_wrong_coefficients[compatible_vector_array_pair1-&lt;lambda&gt;19]" time="0.002079010009765625"></testcase><testcase classname="src.pymortests.vectorarray" file="src/pymortests/vectorarray.py" line="1028" name="test_axpy_wrong_coefficients[compatible_vector_array_pair1-&lt;lambda&gt;20]" time="0.027153968811035156"></testcase><testcase classname="src.pymortests.vectorarray" file="src/pymortests/vectorarray.py" line="1028" name="test_axpy_wrong_coefficients[compatible_vector_array_pair1-&lt;lambda&gt;21]" time="0.014134407043457031"></testcase><testcase classname="src.pymortests.vectorarray" file="src/pymortests/vectorarray.py" line="1028" name="test_axpy_wrong_coefficients[compatible_vector_array_pair1-&lt;lambda&gt;22]" time="0.04126787185668945"></testcase><testcase classname="src.pymortests.vectorarray" file="src/pymortests/vectorarray.py" line="1028" name="test_axpy_wrong_coefficients[compatible_vector_array_pair1-&lt;lambda&gt;23]" time="0.00593256950378418"></testcase><testcase classname="src.pymortests.vectorarray" file="src/pymortests/vectorarray.py" line="1028" name="test_axpy_wrong_coefficients[compatible_vector_array_pair1-&lt;lambda&gt;24]" time="0.0016453266143798828"></testcase><testcase classname="src.pymortests.vectorarray" file="src/pymortests/vectorarray.py" line="1028" name="test_axpy_wrong_coefficients[compatible_vector_array_pair1-&lt;lambda&gt;25]" time="0.002283334732055664"></testcase><testcase classname="src.pymortests.vectorarray" file="src/pymortests/vectorarray.py" line="1028" name="test_axpy_wrong_coefficients[compatible_vector_array_pair1-&lt;lambda&gt;26]" time="0.02349996566772461"></testcase><testcase classname="src.pymortests.vectorarray" file="src/pymortests/vectorarray.py" line="1028" name="test_axpy_wrong_coefficients[compatible_vector_array_pair1-&lt;lambda&gt;27]" time="0.031874895095825195"></testcase><testcase classname="src.pymortests.vectorarray" file="src/pymortests/vectorarray.py" line="1028" name="test_axpy_wrong_coefficients[compatible_vector_array_pair1-&lt;lambda&gt;28]" time="0.11058735847473145"></testcase><testcase classname="src.pymortests.vectorarray" file="src/pymortests/vectorarray.py" line="1028" name="test_axpy_wrong_coefficients[compatible_vector_array_pair1-&lt;lambda&gt;29]" time="0.0073089599609375"></testcase><testcase classname="src.pymortests.vectorarray" file="src/pymortests/vectorarray.py" line="1028" name="test_axpy_wrong_coefficients[compatible_vector_array_pair2-&lt;lambda&gt;0]" time="0.002349376678466797"></testcase><testcase classname="src.pymortests.vectorarray" file="src/pymortests/vectorarray.py" line="1028" name="test_axpy_wrong_coefficients[compatible_vector_array_pair2-&lt;lambda&gt;1]" time="0.0014007091522216797"></testcase><testcase classname="src.pymortests.vectorarray" file="src/pymortests/vectorarray.py" line="1028" name="test_axpy_wrong_coefficients[compatible_vector_array_pair2-&lt;lambda&gt;2]" time="0.0028488636016845703"></testcase><testcase classname="src.pymortests.vectorarray" file="src/pymortests/vectorarray.py" line="1028" name="test_axpy_wrong_coefficients[compatible_vector_array_pair2-&lt;lambda&gt;3]" time="0.0030989646911621094"></testcase><testcase classname="src.pymortests.vectorarray" file="src/pymortests/vectorarray.py" line="1028" name="test_axpy_wrong_coefficients[compatible_vector_array_pair2-&lt;lambda&gt;4]" time="0.005361795425415039"></testcase><testcase classname="src.pymortests.vectorarray" file="src/pymortests/vectorarray.py" line="1028" name="test_axpy_wrong_coefficients[compatible_vector_array_pair2-&lt;lambda&gt;5]" time="0.003426074981689453"></testcase><testcase classname="src.pymortests.vectorarray" file="src/pymortests/vectorarray.py" line="1028" name="test_axpy_wrong_coefficients[compatible_vector_array_pair2-&lt;lambda&gt;6]" time="0.0016412734985351562"></testcase><testcase classname="src.pymortests.vectorarray" file="src/pymortests/vectorarray.py" line="1028" name="test_axpy_wrong_coefficients[compatible_vector_array_pair2-&lt;lambda&gt;7]" time="0.0013461112976074219"></testcase><testcase classname="src.pymortests.vectorarray" file="src/pymortests/vectorarray.py" line="1028" name="test_axpy_wrong_coefficients[compatible_vector_array_pair2-&lt;lambda&gt;8]" time="0.0032761096954345703"></testcase><testcase classname="src.pymortests.vectorarray" file="src/pymortests/vectorarray.py" line="1028" name="test_axpy_wrong_coefficients[compatible_vector_array_pair2-&lt;lambda&gt;9]" time="0.00363922119140625"></testcase><testcase classname="src.pymortests.vectorarray" file="src/pymortests/vectorarray.py" line="1028" name="test_axpy_wrong_coefficients[compatible_vector_array_pair2-&lt;lambda&gt;10]" time="0.007415294647216797"></testcase><testcase classname="src.pymortests.vectorarray" file="src/pymortests/vectorarray.py" line="1028" name="test_axpy_wrong_coefficients[compatible_vector_array_pair2-&lt;lambda&gt;11]" time="0.003587484359741211"></testcase><testcase classname="src.pymortests.vectorarray" file="src/pymortests/vectorarray.py" line="1028" name="test_axpy_wrong_coefficients[compatible_vector_array_pair2-&lt;lambda&gt;12]" time="0.002153158187866211"></testcase><testcase classname="src.pymortests.vectorarray" file="src/pymortests/vectorarray.py" line="1028" name="test_axpy_wrong_coefficients[compatible_vector_array_pair2-&lt;lambda&gt;13]" time="0.0018203258514404297"></testcase><testcase classname="src.pymortests.vectorarray" file="src/pymortests/vectorarray.py" line="1028" name="test_axpy_wrong_coefficients[compatible_vector_array_pair2-&lt;lambda&gt;14]" time="0.0033769607543945312"></testcase><testcase classname="src.pymortests.vectorarray" file="src/pymortests/vectorarray.py" line="1028" name="test_axpy_wrong_coefficients[compatible_vector_array_pair2-&lt;lambda&gt;15]" time="0.004383563995361328"></testcase><testcase classname="src.pymortests.vectorarray" file="src/pymortests/vectorarray.py" line="1028" name="test_axpy_wrong_coefficients[compatible_vector_array_pair2-&lt;lambda&gt;16]" time="0.005441188812255859"></testcase><testcase classname="src.pymortests.vectorarray" file="src/pymortests/vectorarray.py" line="1028" name="test_axpy_wrong_coefficients[compatible_vector_array_pair2-&lt;lambda&gt;17]" time="0.010142087936401367"></testcase><testcase classname="src.pymortests.vectorarray" file="src/pymortests/vectorarray.py" line="1028" name="test_axpy_wrong_coefficients[compatible_vector_array_pair2-&lt;lambda&gt;18]" time="0.002566814422607422"></testcase><testcase classname="src.pymortests.vectorarray" file="src/pymortests/vectorarray.py" line="1028" name="test_axpy_wrong_coefficients[compatible_vector_array_pair2-&lt;lambda&gt;19]" time="0.002249002456665039"></testcase><testcase classname="src.pymortests.vectorarray" file="src/pymortests/vectorarray.py" line="1028" name="test_axpy_wrong_coefficients[compatible_vector_array_pair2-&lt;lambda&gt;20]" time="0.028856992721557617"></testcase><testcase classname="src.pymortests.vectorarray" file="src/pymortests/vectorarray.py" line="1028" name="test_axpy_wrong_coefficients[compatible_vector_array_pair2-&lt;lambda&gt;21]" time="0.01470637321472168"></testcase><testcase classname="src.pymortests.vectorarray" file="src/pymortests/vectorarray.py" line="1028" name="test_axpy_wrong_coefficients[compatible_vector_array_pair2-&lt;lambda&gt;22]" time="0.04231715202331543"></testcase><testcase classname="src.pymortests.vectorarray" file="src/pymortests/vectorarray.py" line="1028" name="test_axpy_wrong_coefficients[compatible_vector_array_pair2-&lt;lambda&gt;23]" time="0.005871295928955078"></testcase><testcase classname="src.pymortests.vectorarray" file="src/pymortests/vectorarray.py" line="1028" name="test_axpy_wrong_coefficients[compatible_vector_array_pair2-&lt;lambda&gt;24]" time="0.0016162395477294922"></testcase><testcase classname="src.pymortests.vectorarray" file="src/pymortests/vectorarray.py" line="1028" name="test_axpy_wrong_coefficients[compatible_vector_array_pair2-&lt;lambda&gt;25]" time="0.002215147018432617"></testcase><testcase classname="src.pymortests.vectorarray" file="src/pymortests/vectorarray.py" line="1028" name="test_axpy_wrong_coefficients[compatible_vector_array_pair2-&lt;lambda&gt;26]" time="0.023960113525390625"></testcase><testcase classname="src.pymortests.vectorarray" file="src/pymortests/vectorarray.py" line="1028" name="test_axpy_wrong_coefficients[compatible_vector_array_pair2-&lt;lambda&gt;27]" time="0.03258514404296875"></testcase><testcase classname="src.pymortests.vectorarray" file="src/pymortests/vectorarray.py" line="1028" name="test_axpy_wrong_coefficients[compatible_vector_array_pair2-&lt;lambda&gt;28]" time="0.11279582977294922"></testcase><testcase classname="src.pymortests.vectorarray" file="src/pymortests/vectorarray.py" line="1028" name="test_axpy_wrong_coefficients[compatible_vector_array_pair2-&lt;lambda&gt;29]" time="0.007523775100708008"></testcase><testcase classname="src.pymortests.vectorarray" file="src/pymortests/vectorarray.py" line="1028" name="test_axpy_wrong_coefficients[compatible_vector_array_pair3-&lt;lambda&gt;0]" time="0.0016660690307617188"></testcase><testcase classname="src.pymortests.vectorarray" file="src/pymortests/vectorarray.py" line="1028" name="test_axpy_wrong_coefficients[compatible_vector_array_pair3-&lt;lambda&gt;1]" time="0.001356363296508789"></testcase><testcase classname="src.pymortests.vectorarray" file="src/pymortests/vectorarray.py" line="1028" name="test_axpy_wrong_coefficients[compatible_vector_array_pair3-&lt;lambda&gt;2]" time="0.002765178680419922"></testcase><testcase classname="src.pymortests.vectorarray" file="src/pymortests/vectorarray.py" line="1028" name="test_axpy_wrong_coefficients[compatible_vector_array_pair3-&lt;lambda&gt;3]" time="0.0029990673065185547"></testcase><testcase classname="src.pymortests.vectorarray" file="src/pymortests/vectorarray.py" line="1028" name="test_axpy_wrong_coefficients[compatible_vector_array_pair3-&lt;lambda&gt;4]" time="0.005362510681152344"></testcase><testcase classname="src.pymortests.vectorarray" file="src/pymortests/vectorarray.py" line="1028" name="test_axpy_wrong_coefficients[compatible_vector_array_pair3-&lt;lambda&gt;5]" time="0.0033113956451416016"></testcase><testcase classname="src.pymortests.vectorarray" file="src/pymortests/vectorarray.py" line="1028" name="test_axpy_wrong_coefficients[compatible_vector_array_pair3-&lt;lambda&gt;6]" time="0.0016160011291503906"></testcase><testcase classname="src.pymortests.vectorarray" file="src/pymortests/vectorarray.py" line="1028" name="test_axpy_wrong_coefficients[compatible_vector_array_pair3-&lt;lambda&gt;7]" time="0.0012695789337158203"></testcase><testcase classname="src.pymortests.vectorarray" file="src/pymortests/vectorarray.py" line="1028" name="test_axpy_wrong_coefficients[compatible_vector_array_pair3-&lt;lambda&gt;8]" time="0.0029726028442382812"></testcase><testcase classname="src.pymortests.vectorarray" file="src/pymortests/vectorarray.py" line="1028" name="test_axpy_wrong_coefficients[compatible_vector_array_pair3-&lt;lambda&gt;9]" time="0.003622293472290039"></testcase><testcase classname="src.pymortests.vectorarray" file="src/pymortests/vectorarray.py" line="1028" name="test_axpy_wrong_coefficients[compatible_vector_array_pair3-&lt;lambda&gt;10]" time="0.0069310665130615234"></testcase><testcase classname="src.pymortests.vectorarray" file="src/pymortests/vectorarray.py" line="1028" name="test_axpy_wrong_coefficients[compatible_vector_array_pair3-&lt;lambda&gt;11]" time="0.003644227981567383"></testcase><testcase classname="src.pymortests.vectorarray" file="src/pymortests/vectorarray.py" line="1028" name="test_axpy_wrong_coefficients[compatible_vector_array_pair3-&lt;lambda&gt;12]" time="0.0022559165954589844"></testcase><testcase classname="src.pymortests.vectorarray" file="src/pymortests/vectorarray.py" line="1028" name="test_axpy_wrong_coefficients[compatible_vector_array_pair3-&lt;lambda&gt;13]" time="0.001743316650390625"></testcase><testcase classname="src.pymortests.vectorarray" file="src/pymortests/vectorarray.py" line="1028" name="test_axpy_wrong_coefficients[compatible_vector_array_pair3-&lt;lambda&gt;14]" time="0.0031948089599609375"></testcase><testcase classname="src.pymortests.vectorarray" file="src/pymortests/vectorarray.py" line="1028" name="test_axpy_wrong_coefficients[compatible_vector_array_pair3-&lt;lambda&gt;15]" time="0.0042705535888671875"></testcase><testcase classname="src.pymortests.vectorarray" file="src/pymortests/vectorarray.py" line="1028" name="test_axpy_wrong_coefficients[compatible_vector_array_pair3-&lt;lambda&gt;16]" time="0.005038738250732422"></testcase><testcase classname="src.pymortests.vectorarray" file="src/pymortests/vectorarray.py" line="1028" name="test_axpy_wrong_coefficients[compatible_vector_array_pair3-&lt;lambda&gt;17]" time="0.009875297546386719"></testcase><testcase classname="src.pymortests.vectorarray" file="src/pymortests/vectorarray.py" line="1028" name="test_axpy_wrong_coefficients[compatible_vector_array_pair3-&lt;lambda&gt;18]" time="0.0025005340576171875"></testcase><testcase classname="src.pymortests.vectorarray" file="src/pymortests/vectorarray.py" line="1028" name="test_axpy_wrong_coefficients[compatible_vector_array_pair3-&lt;lambda&gt;19]" time="0.0020575523376464844"></testcase><testcase classname="src.pymortests.vectorarray" file="src/pymortests/vectorarray.py" line="1028" name="test_axpy_wrong_coefficients[compatible_vector_array_pair3-&lt;lambda&gt;20]" time="0.028527259826660156"></testcase><testcase classname="src.pymortests.vectorarray" file="src/pymortests/vectorarray.py" line="1028" name="test_axpy_wrong_coefficients[compatible_vector_array_pair3-&lt;lambda&gt;21]" time="0.014133930206298828"></testcase><testcase classname="src.pymortests.vectorarray" file="src/pymortests/vectorarray.py" line="1028" name="test_axpy_wrong_coefficients[compatible_vector_array_pair3-&lt;lambda&gt;22]" time="0.04132556915283203"></testcase><testcase classname="src.pymortests.vectorarray" file="src/pymortests/vectorarray.py" line="1028" name="test_axpy_wrong_coefficients[compatible_vector_array_pair3-&lt;lambda&gt;23]" time="0.005932807922363281"></testcase><testcase classname="src.pymortests.vectorarray" file="src/pymortests/vectorarray.py" line="1028" name="test_axpy_wrong_coefficients[compatible_vector_array_pair3-&lt;lambda&gt;24]" time="0.0016295909881591797"></testcase><testcase classname="src.pymortests.vectorarray" file="src/pymortests/vectorarray.py" line="1028" name="test_axpy_wrong_coefficients[compatible_vector_array_pair3-&lt;lambda&gt;25]" time="0.002191305160522461"></testcase><testcase classname="src.pymortests.vectorarray" file="src/pymortests/vectorarray.py" line="1028" name="test_axpy_wrong_coefficients[compatible_vector_array_pair3-&lt;lambda&gt;26]" time="0.022983074188232422"></testcase><testcase classname="src.pymortests.vectorarray" file="src/pymortests/vectorarray.py" line="1028" name="test_axpy_wrong_coefficients[compatible_vector_array_pair3-&lt;lambda&gt;27]" time="0.032106637954711914"></testcase><testcase classname="src.pymortests.vectorarray" file="src/pymortests/vectorarray.py" line="1028" name="test_axpy_wrong_coefficients[compatible_vector_array_pair3-&lt;lambda&gt;28]" time="0.11261963844299316"></testcase><testcase classname="src.pymortests.vectorarray" file="src/pymortests/vectorarray.py" line="1028" name="test_axpy_wrong_coefficients[compatible_vector_array_pair3-&lt;lambda&gt;29]" time="0.007601261138916016"></testcase><testcase classname="src.pymortests.vectorarray" file="src/pymortests/vectorarray.py" line="1028" name="test_axpy_wrong_coefficients[compatible_vector_array_pair4-&lt;lambda&gt;0]" time="0.002364635467529297"></testcase><testcase classname="src.pymortests.vectorarray" file="src/pymortests/vectorarray.py" line="1028" name="test_axpy_wrong_coefficients[compatible_vector_array_pair4-&lt;lambda&gt;1]" time="0.0014755725860595703"></testcase><testcase classname="src.pymortests.vectorarray" file="src/pymortests/vectorarray.py" line="1028" name="test_axpy_wrong_coefficients[compatible_vector_array_pair4-&lt;lambda&gt;2]" time="0.002880096435546875"></testcase><testcase classname="src.pymortests.vectorarray" file="src/pymortests/vectorarray.py" line="1028" name="test_axpy_wrong_coefficients[compatible_vector_array_pair4-&lt;lambda&gt;3]" time="0.003063201904296875"></testcase><testcase classname="src.pymortests.vectorarray" file="src/pymortests/vectorarray.py" line="1028" name="test_axpy_wrong_coefficients[compatible_vector_array_pair4-&lt;lambda&gt;4]" time="0.005388021469116211"></testcase><testcase classname="src.pymortests.vectorarray" file="src/pymortests/vectorarray.py" line="1028" name="test_axpy_wrong_coefficients[compatible_vector_array_pair4-&lt;lambda&gt;5]" time="0.0035202503204345703"></testcase><testcase classname="src.pymortests.vectorarray" file="src/pymortests/vectorarray.py" line="1028" name="test_axpy_wrong_coefficients[compatible_vector_array_pair4-&lt;lambda&gt;6]" time="0.0016396045684814453"></testcase><testcase classname="src.pymortests.vectorarray" file="src/pymortests/vectorarray.py" line="1028" name="test_axpy_wrong_coefficients[compatible_vector_array_pair4-&lt;lambda&gt;7]" time="0.0013155937194824219"></testcase><testcase classname="src.pymortests.vectorarray" file="src/pymortests/vectorarray.py" line="1028" name="test_axpy_wrong_coefficients[compatible_vector_array_pair4-&lt;lambda&gt;8]" time="0.0031785964965820312"></testcase><testcase classname="src.pymortests.vectorarray" file="src/pymortests/vectorarray.py" line="1028" name="test_axpy_wrong_coefficients[compatible_vector_array_pair4-&lt;lambda&gt;9]" time="0.0036051273345947266"></testcase><testcase classname="src.pymortests.vectorarray" file="src/pymortests/vectorarray.py" line="1028" name="test_axpy_wrong_coefficients[compatible_vector_array_pair4-&lt;lambda&gt;10]" time="0.007361412048339844"></testcase><testcase classname="src.pymortests.vectorarray" file="src/pymortests/vectorarray.py" line="1028" name="test_axpy_wrong_coefficients[compatible_vector_array_pair4-&lt;lambda&gt;11]" time="0.0036020278930664062"></testcase><testcase classname="src.pymortests.vectorarray" file="src/pymortests/vectorarray.py" line="1028" name="test_axpy_wrong_coefficients[compatible_vector_array_pair4-&lt;lambda&gt;12]" time="0.0021305084228515625"></testcase><testcase classname="src.pymortests.vectorarray" file="src/pymortests/vectorarray.py" line="1028" name="test_axpy_wrong_coefficients[compatible_vector_array_pair4-&lt;lambda&gt;13]" time="0.0016660690307617188"></testcase><testcase classname="src.pymortests.vectorarray" file="src/pymortests/vectorarray.py" line="1028" name="test_axpy_wrong_coefficients[compatible_vector_array_pair4-&lt;lambda&gt;14]" time="0.003190279006958008"></testcase><testcase classname="src.pymortests.vectorarray" file="src/pymortests/vectorarray.py" line="1028" name="test_axpy_wrong_coefficients[compatible_vector_array_pair4-&lt;lambda&gt;15]" time="0.004368305206298828"></testcase><testcase classname="src.pymortests.vectorarray" file="src/pymortests/vectorarray.py" line="1028" name="test_axpy_wrong_coefficients[compatible_vector_array_pair4-&lt;lambda&gt;16]" time="0.005408287048339844"></testcase><testcase classname="src.pymortests.vectorarray" file="src/pymortests/vectorarray.py" line="1028" name="test_axpy_wrong_coefficients[compatible_vector_array_pair4-&lt;lambda&gt;17]" time="0.010034322738647461"></testcase><testcase classname="src.pymortests.vectorarray" file="src/pymortests/vectorarray.py" line="1028" name="test_axpy_wrong_coefficients[compatible_vector_array_pair4-&lt;lambda&gt;18]" time="0.0025997161865234375"></testcase><testcase classname="src.pymortests.vectorarray" file="src/pymortests/vectorarray.py" line="1028" name="test_axpy_wrong_coefficients[compatible_vector_array_pair4-&lt;lambda&gt;19]" time="0.0021066665649414062"></testcase><testcase classname="src.pymortests.vectorarray" file="src/pymortests/vectorarray.py" line="1028" name="test_axpy_wrong_coefficients[compatible_vector_array_pair4-&lt;lambda&gt;20]" time="0.0273895263671875"></testcase><testcase classname="src.pymortests.vectorarray" file="src/pymortests/vectorarray.py" line="1028" name="test_axpy_wrong_coefficients[compatible_vector_array_pair4-&lt;lambda&gt;21]" time="0.014339447021484375"></testcase><testcase classname="src.pymortests.vectorarray" file="src/pymortests/vectorarray.py" line="1028" name="test_axpy_wrong_coefficients[compatible_vector_array_pair4-&lt;lambda&gt;22]" time="0.04378700256347656"></testcase><testcase classname="src.pymortests.vectorarray" file="src/pymortests/vectorarray.py" line="1028" name="test_axpy_wrong_coefficients[compatible_vector_array_pair4-&lt;lambda&gt;23]" time="0.00598454475402832"></testcase><testcase classname="src.pymortests.vectorarray" file="src/pymortests/vectorarray.py" line="1028" name="test_axpy_wrong_coefficients[compatible_vector_array_pair4-&lt;lambda&gt;24]" time="0.0016970634460449219"></testcase><testcase classname="src.pymortests.vectorarray" file="src/pymortests/vectorarray.py" line="1028" name="test_axpy_wrong_coefficients[compatible_vector_array_pair4-&lt;lambda&gt;25]" time="0.002247333526611328"></testcase><testcase classname="src.pymortests.vectorarray" file="src/pymortests/vectorarray.py" line="1028" name="test_axpy_wrong_coefficients[compatible_vector_array_pair4-&lt;lambda&gt;26]" time="0.023049592971801758"></testcase><testcase classname="src.pymortests.vectorarray" file="src/pymortests/vectorarray.py" line="1028" name="test_axpy_wrong_coefficients[compatible_vector_array_pair4-&lt;lambda&gt;27]" time="0.03183150291442871"></testcase><testcase classname="src.pymortests.vectorarray" file="src/pymortests/vectorarray.py" line="1028" name="test_axpy_wrong_coefficients[compatible_vector_array_pair4-&lt;lambda&gt;28]" time="0.11379885673522949"></testcase><testcase classname="src.pymortests.vectorarray" file="src/pymortests/vectorarray.py" line="1028" name="test_axpy_wrong_coefficients[compatible_vector_array_pair4-&lt;lambda&gt;29]" time="0.008257150650024414"></testcase><testcase classname="src.pymortests.vectorarray" file="src/pymortests/vectorarray.py" line="1028" name="test_axpy_wrong_coefficients[compatible_vector_array_pair5-&lt;lambda&gt;0]" time="0.0024204254150390625"></testcase><testcase classname="src.pymortests.vectorarray" file="src/pymortests/vectorarray.py" line="1028" name="test_axpy_wrong_coefficients[compatible_vector_array_pair5-&lt;lambda&gt;1]" time="0.0015192031860351562"></testcase><testcase classname="src.pymortests.vectorarray" file="src/pymortests/vectorarray.py" line="1028" name="test_axpy_wrong_coefficients[compatible_vector_array_pair5-&lt;lambda&gt;2]" time="0.002993345260620117"></testcase><testcase classname="src.pymortests.vectorarray" file="src/pymortests/vectorarray.py" line="1028" name="test_axpy_wrong_coefficients[compatible_vector_array_pair5-&lt;lambda&gt;3]" time="0.0032939910888671875"></testcase><testcase classname="src.pymortests.vectorarray" file="src/pymortests/vectorarray.py" line="1028" name="test_axpy_wrong_coefficients[compatible_vector_array_pair5-&lt;lambda&gt;4]" time="0.005534648895263672"></testcase><testcase classname="src.pymortests.vectorarray" file="src/pymortests/vectorarray.py" line="1028" name="test_axpy_wrong_coefficients[compatible_vector_array_pair5-&lt;lambda&gt;5]" time="0.003644704818725586"></testcase><testcase classname="src.pymortests.vectorarray" file="src/pymortests/vectorarray.py" line="1028" name="test_axpy_wrong_coefficients[compatible_vector_array_pair5-&lt;lambda&gt;6]" time="0.001699686050415039"></testcase><testcase classname="src.pymortests.vectorarray" file="src/pymortests/vectorarray.py" line="1028" name="test_axpy_wrong_coefficients[compatible_vector_array_pair5-&lt;lambda&gt;7]" time="0.0013155937194824219"></testcase><testcase classname="src.pymortests.vectorarray" file="src/pymortests/vectorarray.py" line="1028" name="test_axpy_wrong_coefficients[compatible_vector_array_pair5-&lt;lambda&gt;8]" time="0.0031931400299072266"></testcase><testcase classname="src.pymortests.vectorarray" file="src/pymortests/vectorarray.py" line="1028" name="test_axpy_wrong_coefficients[compatible_vector_array_pair5-&lt;lambda&gt;9]" time="0.003548860549926758"></testcase><testcase classname="src.pymortests.vectorarray" file="src/pymortests/vectorarray.py" line="1028" name="test_axpy_wrong_coefficients[compatible_vector_array_pair5-&lt;lambda&gt;10]" time="0.007468461990356445"></testcase><testcase classname="src.pymortests.vectorarray" file="src/pymortests/vectorarray.py" line="1028" name="test_axpy_wrong_coefficients[compatible_vector_array_pair5-&lt;lambda&gt;11]" time="0.0036172866821289062"></testcase><testcase classname="src.pymortests.vectorarray" file="src/pymortests/vectorarray.py" line="1028" name="test_axpy_wrong_coefficients[compatible_vector_array_pair5-&lt;lambda&gt;12]" time="0.002068042755126953"></testcase><testcase classname="src.pymortests.vectorarray" file="src/pymortests/vectorarray.py" line="1028" name="test_axpy_wrong_coefficients[compatible_vector_array_pair5-&lt;lambda&gt;13]" time="0.0017800331115722656"></testcase><testcase classname="src.pymortests.vectorarray" file="src/pymortests/vectorarray.py" line="1028" name="test_axpy_wrong_coefficients[compatible_vector_array_pair5-&lt;lambda&gt;14]" time="0.0032744407653808594"></testcase><testcase classname="src.pymortests.vectorarray" file="src/pymortests/vectorarray.py" line="1028" name="test_axpy_wrong_coefficients[compatible_vector_array_pair5-&lt;lambda&gt;15]" time="0.0042531490325927734"></testcase><testcase classname="src.pymortests.vectorarray" file="src/pymortests/vectorarray.py" line="1028" name="test_axpy_wrong_coefficients[compatible_vector_array_pair5-&lt;lambda&gt;16]" time="0.005080223083496094"></testcase><testcase classname="src.pymortests.vectorarray" file="src/pymortests/vectorarray.py" line="1028" name="test_axpy_wrong_coefficients[compatible_vector_array_pair5-&lt;lambda&gt;17]" time="0.00991511344909668"></testcase><testcase classname="src.pymortests.vectorarray" file="src/pymortests/vectorarray.py" line="1028" name="test_axpy_wrong_coefficients[compatible_vector_array_pair5-&lt;lambda&gt;18]" time="0.00249481201171875"></testcase><testcase classname="src.pymortests.vectorarray" file="src/pymortests/vectorarray.py" line="1028" name="test_axpy_wrong_coefficients[compatible_vector_array_pair5-&lt;lambda&gt;19]" time="0.0021615028381347656"></testcase><testcase classname="src.pymortests.vectorarray" file="src/pymortests/vectorarray.py" line="1028" name="test_axpy_wrong_coefficients[compatible_vector_array_pair5-&lt;lambda&gt;20]" time="0.027533292770385742"></testcase><testcase classname="src.pymortests.vectorarray" file="src/pymortests/vectorarray.py" line="1028" name="test_axpy_wrong_coefficients[compatible_vector_array_pair5-&lt;lambda&gt;21]" time="0.01419520378112793"></testcase><testcase classname="src.pymortests.vectorarray" file="src/pymortests/vectorarray.py" line="1028" name="test_axpy_wrong_coefficients[compatible_vector_array_pair5-&lt;lambda&gt;22]" time="0.043163299560546875"></testcase><testcase classname="src.pymortests.vectorarray" file="src/pymortests/vectorarray.py" line="1028" name="test_axpy_wrong_coefficients[compatible_vector_array_pair5-&lt;lambda&gt;23]" time="0.00637364387512207"></testcase><testcase classname="src.pymortests.vectorarray" file="src/pymortests/vectorarray.py" line="1028" name="test_axpy_wrong_coefficients[compatible_vector_array_pair5-&lt;lambda&gt;24]" time="0.0023450851440429688"></testcase><testcase classname="src.pymortests.vectorarray" file="src/pymortests/vectorarray.py" line="1028" name="test_axpy_wrong_coefficients[compatible_vector_array_pair5-&lt;lambda&gt;25]" time="0.002371072769165039"></testcase><testcase classname="src.pymortests.vectorarray" file="src/pymortests/vectorarray.py" line="1028" name="test_axpy_wrong_coefficients[compatible_vector_array_pair5-&lt;lambda&gt;26]" time="0.023504018783569336"></testcase><testcase classname="src.pymortests.vectorarray" file="src/pymortests/vectorarray.py" line="1028" name="test_axpy_wrong_coefficients[compatible_vector_array_pair5-&lt;lambda&gt;27]" time="0.032269954681396484"></testcase><testcase classname="src.pymortests.vectorarray" file="src/pymortests/vectorarray.py" line="1028" name="test_axpy_wrong_coefficients[compatible_vector_array_pair5-&lt;lambda&gt;28]" time="0.1135098934173584"></testcase><testcase classname="src.pymortests.vectorarray" file="src/pymortests/vectorarray.py" line="1028" name="test_axpy_wrong_coefficients[compatible_vector_array_pair5-&lt;lambda&gt;29]" time="0.0076634883880615234"></testcase><testcase classname="src.pymortests.vectorarray" file="src/pymortests/vectorarray.py" line="1028" name="test_axpy_wrong_coefficients[compatible_vector_array_pair6-&lt;lambda&gt;0]" time="0.00237274169921875"></testcase><testcase classname="src.pymortests.vectorarray" file="src/pymortests/vectorarray.py" line="1028" name="test_axpy_wrong_coefficients[compatible_vector_array_pair6-&lt;lambda&gt;1]" time="0.0014317035675048828"></testcase><testcase classname="src.pymortests.vectorarray" file="src/pymortests/vectorarray.py" line="1028" name="test_axpy_wrong_coefficients[compatible_vector_array_pair6-&lt;lambda&gt;2]" time="0.00286102294921875"></testcase><testcase classname="src.pymortests.vectorarray" file="src/pymortests/vectorarray.py" line="1028" name="test_axpy_wrong_coefficients[compatible_vector_array_pair6-&lt;lambda&gt;3]" time="0.003064393997192383"></testcase><testcase classname="src.pymortests.vectorarray" file="src/pymortests/vectorarray.py" line="1028" name="test_axpy_wrong_coefficients[compatible_vector_array_pair6-&lt;lambda&gt;4]" time="0.005325794219970703"></testcase><testcase classname="src.pymortests.vectorarray" file="src/pymortests/vectorarray.py" line="1028" name="test_axpy_wrong_coefficients[compatible_vector_array_pair6-&lt;lambda&gt;5]" time="0.003345012664794922"></testcase><testcase classname="src.pymortests.vectorarray" file="src/pymortests/vectorarray.py" line="1028" name="test_axpy_wrong_coefficients[compatible_vector_array_pair6-&lt;lambda&gt;6]" time="0.0016243457794189453"></testcase><testcase classname="src.pymortests.vectorarray" file="src/pymortests/vectorarray.py" line="1028" name="test_axpy_wrong_coefficients[compatible_vector_array_pair6-&lt;lambda&gt;7]" time="0.0013132095336914062"></testcase><testcase classname="src.pymortests.vectorarray" file="src/pymortests/vectorarray.py" line="1028" name="test_axpy_wrong_coefficients[compatible_vector_array_pair6-&lt;lambda&gt;8]" time="0.002962350845336914"></testcase><testcase classname="src.pymortests.vectorarray" file="src/pymortests/vectorarray.py" line="1028" name="test_axpy_wrong_coefficients[compatible_vector_array_pair6-&lt;lambda&gt;9]" time="0.0034933090209960938"></testcase><testcase classname="src.pymortests.vectorarray" file="src/pymortests/vectorarray.py" line="1028" name="test_axpy_wrong_coefficients[compatible_vector_array_pair6-&lt;lambda&gt;10]" time="0.007261991500854492"></testcase><testcase classname="src.pymortests.vectorarray" file="src/pymortests/vectorarray.py" line="1028" name="test_axpy_wrong_coefficients[compatible_vector_array_pair6-&lt;lambda&gt;11]" time="0.0037183761596679688"></testcase><testcase classname="src.pymortests.vectorarray" file="src/pymortests/vectorarray.py" line="1028" name="test_axpy_wrong_coefficients[compatible_vector_array_pair6-&lt;lambda&gt;12]" time="0.0023119449615478516"></testcase><testcase classname="src.pymortests.vectorarray" file="src/pymortests/vectorarray.py" line="1028" name="test_axpy_wrong_coefficients[compatible_vector_array_pair6-&lt;lambda&gt;13]" time="0.0018429756164550781"></testcase><testcase classname="src.pymortests.vectorarray" file="src/pymortests/vectorarray.py" line="1028" name="test_axpy_wrong_coefficients[compatible_vector_array_pair6-&lt;lambda&gt;14]" time="0.0032243728637695312"></testcase><testcase classname="src.pymortests.vectorarray" file="src/pymortests/vectorarray.py" line="1028" name="test_axpy_wrong_coefficients[compatible_vector_array_pair6-&lt;lambda&gt;15]" time="0.004220008850097656"></testcase><testcase classname="src.pymortests.vectorarray" file="src/pymortests/vectorarray.py" line="1028" name="test_axpy_wrong_coefficients[compatible_vector_array_pair6-&lt;lambda&gt;16]" time="0.004953861236572266"></testcase><testcase classname="src.pymortests.vectorarray" file="src/pymortests/vectorarray.py" line="1028" name="test_axpy_wrong_coefficients[compatible_vector_array_pair6-&lt;lambda&gt;17]" time="0.010138511657714844"></testcase><testcase classname="src.pymortests.vectorarray" file="src/pymortests/vectorarray.py" line="1028" name="test_axpy_wrong_coefficients[compatible_vector_array_pair6-&lt;lambda&gt;18]" time="0.0034563541412353516"></testcase><testcase classname="src.pymortests.vectorarray" file="src/pymortests/vectorarray.py" line="1028" name="test_axpy_wrong_coefficients[compatible_vector_array_pair6-&lt;lambda&gt;19]" time="0.0022699832916259766"></testcase><testcase classname="src.pymortests.vectorarray" file="src/pymortests/vectorarray.py" line="1028" name="test_axpy_wrong_coefficients[compatible_vector_array_pair6-&lt;lambda&gt;20]" time="0.027391910552978516"></testcase><testcase classname="src.pymortests.vectorarray" file="src/pymortests/vectorarray.py" line="1028" name="test_axpy_wrong_coefficients[compatible_vector_array_pair6-&lt;lambda&gt;21]" time="0.014611244201660156"></testcase><testcase classname="src.pymortests.vectorarray" file="src/pymortests/vectorarray.py" line="1028" name="test_axpy_wrong_coefficients[compatible_vector_array_pair6-&lt;lambda&gt;22]" time="0.04149627685546875"></testcase><testcase classname="src.pymortests.vectorarray" file="src/pymortests/vectorarray.py" line="1028" name="test_axpy_wrong_coefficients[compatible_vector_array_pair6-&lt;lambda&gt;23]" time="0.00605320930480957"></testcase><testcase classname="src.pymortests.vectorarray" file="src/pymortests/vectorarray.py" line="1028" name="test_axpy_wrong_coefficients[compatible_vector_array_pair6-&lt;lambda&gt;24]" time="0.0016951560974121094"></testcase><testcase classname="src.pymortests.vectorarray" file="src/pymortests/vectorarray.py" line="1028" name="test_axpy_wrong_coefficients[compatible_vector_array_pair6-&lt;lambda&gt;25]" time="0.002310037612915039"></testcase><testcase classname="src.pymortests.vectorarray" file="src/pymortests/vectorarray.py" line="1028" name="test_axpy_wrong_coefficients[compatible_vector_array_pair6-&lt;lambda&gt;26]" time="0.023508071899414062"></testcase><testcase classname="src.pymortests.vectorarray" file="src/pymortests/vectorarray.py" line="1028" name="test_axpy_wrong_coefficients[compatible_vector_array_pair6-&lt;lambda&gt;27]" time="0.03217720985412598"></testcase><testcase classname="src.pymortests.vectorarray" file="src/pymortests/vectorarray.py" line="1028" name="test_axpy_wrong_coefficients[compatible_vector_array_pair6-&lt;lambda&gt;28]" time="0.11173105239868164"></testcase><testcase classname="src.pymortests.vectorarray" file="src/pymortests/vectorarray.py" line="1028" name="test_axpy_wrong_coefficients[compatible_vector_array_pair6-&lt;lambda&gt;29]" time="0.0073337554931640625"></testcase><testcase classname="src.pymortests.vectorarray" file="src/pymortests/vectorarray.py" line="1028" name="test_axpy_wrong_coefficients[compatible_vector_array_pair7-&lt;lambda&gt;0]" time="0.0017244815826416016"></testcase><testcase classname="src.pymortests.vectorarray" file="src/pymortests/vectorarray.py" line="1028" name="test_axpy_wrong_coefficients[compatible_vector_array_pair7-&lt;lambda&gt;1]" time="0.0013837814331054688"></testcase><testcase classname="src.pymortests.vectorarray" file="src/pymortests/vectorarray.py" line="1028" name="test_axpy_wrong_coefficients[compatible_vector_array_pair7-&lt;lambda&gt;2]" time="0.002923250198364258"></testcase><testcase classname="src.pymortests.vectorarray" file="src/pymortests/vectorarray.py" line="1028" name="test_axpy_wrong_coefficients[compatible_vector_array_pair7-&lt;lambda&gt;3]" time="0.003138303756713867"></testcase><testcase classname="src.pymortests.vectorarray" file="src/pymortests/vectorarray.py" line="1028" name="test_axpy_wrong_coefficients[compatible_vector_array_pair7-&lt;lambda&gt;4]" time="0.005544185638427734"></testcase><testcase classname="src.pymortests.vectorarray" file="src/pymortests/vectorarray.py" line="1028" name="test_axpy_wrong_coefficients[compatible_vector_array_pair7-&lt;lambda&gt;5]" time="0.003453969955444336"></testcase><testcase classname="src.pymortests.vectorarray" file="src/pymortests/vectorarray.py" line="1028" name="test_axpy_wrong_coefficients[compatible_vector_array_pair7-&lt;lambda&gt;6]" time="0.001680612564086914"></testcase><testcase classname="src.pymortests.vectorarray" file="src/pymortests/vectorarray.py" line="1028" name="test_axpy_wrong_coefficients[compatible_vector_array_pair7-&lt;lambda&gt;7]" time="0.0013554096221923828"></testcase><testcase classname="src.pymortests.vectorarray" file="src/pymortests/vectorarray.py" line="1028" name="test_axpy_wrong_coefficients[compatible_vector_array_pair7-&lt;lambda&gt;8]" time="0.003209352493286133"></testcase><testcase classname="src.pymortests.vectorarray" file="src/pymortests/vectorarray.py" line="1028" name="test_axpy_wrong_coefficients[compatible_vector_array_pair7-&lt;lambda&gt;9]" time="0.0036394596099853516"></testcase><testcase classname="src.pymortests.vectorarray" file="src/pymortests/vectorarray.py" line="1028" name="test_axpy_wrong_coefficients[compatible_vector_array_pair7-&lt;lambda&gt;10]" time="0.007292985916137695"></testcase><testcase classname="src.pymortests.vectorarray" file="src/pymortests/vectorarray.py" line="1028" name="test_axpy_wrong_coefficients[compatible_vector_array_pair7-&lt;lambda&gt;11]" time="0.0036232471466064453"></testcase><testcase classname="src.pymortests.vectorarray" file="src/pymortests/vectorarray.py" line="1028" name="test_axpy_wrong_coefficients[compatible_vector_array_pair7-&lt;lambda&gt;12]" time="0.0020623207092285156"></testcase><testcase classname="src.pymortests.vectorarray" file="src/pymortests/vectorarray.py" line="1028" name="test_axpy_wrong_coefficients[compatible_vector_array_pair7-&lt;lambda&gt;13]" time="0.0017213821411132812"></testcase><testcase classname="src.pymortests.vectorarray" file="src/pymortests/vectorarray.py" line="1028" name="test_axpy_wrong_coefficients[compatible_vector_array_pair7-&lt;lambda&gt;14]" time="0.003167390823364258"></testcase><testcase classname="src.pymortests.vectorarray" file="src/pymortests/vectorarray.py" line="1028" name="test_axpy_wrong_coefficients[compatible_vector_array_pair7-&lt;lambda&gt;15]" time="0.004404306411743164"></testcase><testcase classname="src.pymortests.vectorarray" file="src/pymortests/vectorarray.py" line="1028" name="test_axpy_wrong_coefficients[compatible_vector_array_pair7-&lt;lambda&gt;16]" time="0.005157470703125"></testcase><testcase classname="src.pymortests.vectorarray" file="src/pymortests/vectorarray.py" line="1028" name="test_axpy_wrong_coefficients[compatible_vector_array_pair7-&lt;lambda&gt;17]" time="0.01004171371459961"></testcase><testcase classname="src.pymortests.vectorarray" file="src/pymortests/vectorarray.py" line="1028" name="test_axpy_wrong_coefficients[compatible_vector_array_pair7-&lt;lambda&gt;18]" time="0.0033884048461914062"></testcase><testcase classname="src.pymortests.vectorarray" file="src/pymortests/vectorarray.py" line="1028" name="test_axpy_wrong_coefficients[compatible_vector_array_pair7-&lt;lambda&gt;19]" time="0.002159595489501953"></testcase><testcase classname="src.pymortests.vectorarray" file="src/pymortests/vectorarray.py" line="1028" name="test_axpy_wrong_coefficients[compatible_vector_array_pair7-&lt;lambda&gt;20]" time="0.028055667877197266"></testcase><testcase classname="src.pymortests.vectorarray" file="src/pymortests/vectorarray.py" line="1028" name="test_axpy_wrong_coefficients[compatible_vector_array_pair7-&lt;lambda&gt;21]" time="0.014531135559082031"></testcase><testcase classname="src.pymortests.vectorarray" file="src/pymortests/vectorarray.py" line="1028" name="test_axpy_wrong_coefficients[compatible_vector_array_pair7-&lt;lambda&gt;22]" time="0.04318428039550781"></testcase><testcase classname="src.pymortests.vectorarray" file="src/pymortests/vectorarray.py" line="1028" name="test_axpy_wrong_coefficients[compatible_vector_array_pair7-&lt;lambda&gt;23]" time="0.006245136260986328"></testcase><testcase classname="src.pymortests.vectorarray" file="src/pymortests/vectorarray.py" line="1028" name="test_axpy_wrong_coefficients[compatible_vector_array_pair7-&lt;lambda&gt;24]" time="0.0016486644744873047"></testcase><testcase classname="src.pymortests.vectorarray" file="src/pymortests/vectorarray.py" line="1028" name="test_axpy_wrong_coefficients[compatible_vector_array_pair7-&lt;lambda&gt;25]" time="0.002388477325439453"></testcase><testcase classname="src.pymortests.vectorarray" file="src/pymortests/vectorarray.py" line="1028" name="test_axpy_wrong_coefficients[compatible_vector_array_pair7-&lt;lambda&gt;26]" time="0.02317023277282715"></testcase><testcase classname="src.pymortests.vectorarray" file="src/pymortests/vectorarray.py" line="1028" name="test_axpy_wrong_coefficients[compatible_vector_array_pair7-&lt;lambda&gt;27]" time="0.03188633918762207"></testcase><testcase classname="src.pymortests.vectorarray" file="src/pymortests/vectorarray.py" line="1028" name="test_axpy_wrong_coefficients[compatible_vector_array_pair7-&lt;lambda&gt;28]" time="0.1134645938873291"></testcase><testcase classname="src.pymortests.vectorarray" file="src/pymortests/vectorarray.py" line="1028" name="test_axpy_wrong_coefficients[compatible_vector_array_pair7-&lt;lambda&gt;29]" time="0.007314443588256836"></testcase><testcase classname="src.pymortests.vectorarray" file="src/pymortests/vectorarray.py" line="1028" name="test_axpy_wrong_coefficients[compatible_vector_array_pair8-&lt;lambda&gt;0]" time="0.0023717880249023438"></testcase><testcase classname="src.pymortests.vectorarray" file="src/pymortests/vectorarray.py" line="1028" name="test_axpy_wrong_coefficients[compatible_vector_array_pair8-&lt;lambda&gt;1]" time="0.0013425350189208984"></testcase><testcase classname="src.pymortests.vectorarray" file="src/pymortests/vectorarray.py" line="1028" name="test_axpy_wrong_coefficients[compatible_vector_array_pair8-&lt;lambda&gt;2]" time="0.0027883052825927734"></testcase><testcase classname="src.pymortests.vectorarray" file="src/pymortests/vectorarray.py" line="1028" name="test_axpy_wrong_coefficients[compatible_vector_array_pair8-&lt;lambda&gt;3]" time="0.0030317306518554688"></testcase><testcase classname="src.pymortests.vectorarray" file="src/pymortests/vectorarray.py" line="1028" name="test_axpy_wrong_coefficients[compatible_vector_array_pair8-&lt;lambda&gt;4]" time="0.005418300628662109"></testcase><testcase classname="src.pymortests.vectorarray" file="src/pymortests/vectorarray.py" line="1028" name="test_axpy_wrong_coefficients[compatible_vector_array_pair8-&lt;lambda&gt;5]" time="0.0037004947662353516"></testcase><testcase classname="src.pymortests.vectorarray" file="src/pymortests/vectorarray.py" line="1028" name="test_axpy_wrong_coefficients[compatible_vector_array_pair8-&lt;lambda&gt;6]" time="0.0017192363739013672"></testcase><testcase classname="src.pymortests.vectorarray" file="src/pymortests/vectorarray.py" line="1028" name="test_axpy_wrong_coefficients[compatible_vector_array_pair8-&lt;lambda&gt;7]" time="0.0013310909271240234"></testcase><testcase classname="src.pymortests.vectorarray" file="src/pymortests/vectorarray.py" line="1028" name="test_axpy_wrong_coefficients[compatible_vector_array_pair8-&lt;lambda&gt;8]" time="0.003316164016723633"></testcase><testcase classname="src.pymortests.vectorarray" file="src/pymortests/vectorarray.py" line="1028" name="test_axpy_wrong_coefficients[compatible_vector_array_pair8-&lt;lambda&gt;9]" time="0.003790616989135742"></testcase><testcase classname="src.pymortests.vectorarray" file="src/pymortests/vectorarray.py" line="1028" name="test_axpy_wrong_coefficients[compatible_vector_array_pair8-&lt;lambda&gt;10]" time="0.00773167610168457"></testcase><testcase classname="src.pymortests.vectorarray" file="src/pymortests/vectorarray.py" line="1028" name="test_axpy_wrong_coefficients[compatible_vector_array_pair8-&lt;lambda&gt;11]" time="0.003785371780395508"></testcase><testcase classname="src.pymortests.vectorarray" file="src/pymortests/vectorarray.py" line="1028" name="test_axpy_wrong_coefficients[compatible_vector_array_pair8-&lt;lambda&gt;12]" time="0.002062082290649414"></testcase><testcase classname="src.pymortests.vectorarray" file="src/pymortests/vectorarray.py" line="1028" name="test_axpy_wrong_coefficients[compatible_vector_array_pair8-&lt;lambda&gt;13]" time="0.001657247543334961"></testcase><testcase classname="src.pymortests.vectorarray" file="src/pymortests/vectorarray.py" line="1028" name="test_axpy_wrong_coefficients[compatible_vector_array_pair8-&lt;lambda&gt;14]" time="0.0031659603118896484"></testcase><testcase classname="src.pymortests.vectorarray" file="src/pymortests/vectorarray.py" line="1028" name="test_axpy_wrong_coefficients[compatible_vector_array_pair8-&lt;lambda&gt;15]" time="0.004143953323364258"></testcase><testcase classname="src.pymortests.vectorarray" file="src/pymortests/vectorarray.py" line="1028" name="test_axpy_wrong_coefficients[compatible_vector_array_pair8-&lt;lambda&gt;16]" time="0.005017518997192383"></testcase><testcase classname="src.pymortests.vectorarray" file="src/pymortests/vectorarray.py" line="1028" name="test_axpy_wrong_coefficients[compatible_vector_array_pair8-&lt;lambda&gt;17]" time="0.009818553924560547"></testcase><testcase classname="src.pymortests.vectorarray" file="src/pymortests/vectorarray.py" line="1028" name="test_axpy_wrong_coefficients[compatible_vector_array_pair8-&lt;lambda&gt;18]" time="0.002542734146118164"></testcase><testcase classname="src.pymortests.vectorarray" file="src/pymortests/vectorarray.py" line="1028" name="test_axpy_wrong_coefficients[compatible_vector_array_pair8-&lt;lambda&gt;19]" time="0.002098560333251953"></testcase><testcase classname="src.pymortests.vectorarray" file="src/pymortests/vectorarray.py" line="1028" name="test_axpy_wrong_coefficients[compatible_vector_array_pair8-&lt;lambda&gt;20]" time="0.02798295021057129"></testcase><testcase classname="src.pymortests.vectorarray" file="src/pymortests/vectorarray.py" line="1028" name="test_axpy_wrong_coefficients[compatible_vector_array_pair8-&lt;lambda&gt;21]" time="0.014408349990844727"></testcase><testcase classname="src.pymortests.vectorarray" file="src/pymortests/vectorarray.py" line="1028" name="test_axpy_wrong_coefficients[compatible_vector_array_pair8-&lt;lambda&gt;22]" time="0.042662620544433594"></testcase><testcase classname="src.pymortests.vectorarray" file="src/pymortests/vectorarray.py" line="1028" name="test_axpy_wrong_coefficients[compatible_vector_array_pair8-&lt;lambda&gt;23]" time="0.0060577392578125"></testcase><testcase classname="src.pymortests.vectorarray" file="src/pymortests/vectorarray.py" line="1028" name="test_axpy_wrong_coefficients[compatible_vector_array_pair8-&lt;lambda&gt;24]" time="0.001672506332397461"></testcase><testcase classname="src.pymortests.vectorarray" file="src/pymortests/vectorarray.py" line="1028" name="test_axpy_wrong_coefficients[compatible_vector_array_pair8-&lt;lambda&gt;25]" time="0.002469301223754883"></testcase><testcase classname="src.pymortests.vectorarray" file="src/pymortests/vectorarray.py" line="1028" name="test_axpy_wrong_coefficients[compatible_vector_array_pair8-&lt;lambda&gt;26]" time="0.023726940155029297"></testcase><testcase classname="src.pymortests.vectorarray" file="src/pymortests/vectorarray.py" line="1028" name="test_axpy_wrong_coefficients[compatible_vector_array_pair8-&lt;lambda&gt;27]" time="0.03209567070007324"></testcase><testcase classname="src.pymortests.vectorarray" file="src/pymortests/vectorarray.py" line="1028" name="test_axpy_wrong_coefficients[compatible_vector_array_pair8-&lt;lambda&gt;28]" time="0.11281180381774902"></testcase><testcase classname="src.pymortests.vectorarray" file="src/pymortests/vectorarray.py" line="1028" name="test_axpy_wrong_coefficients[compatible_vector_array_pair8-&lt;lambda&gt;29]" time="0.0073413848876953125"></testcase><testcase classname="src.pymortests.vectorarray" file="src/pymortests/vectorarray.py" line="1039" name="test_pairwise_dot_wrong_ind[compatible_vector_array_pair0-&lt;lambda&gt;0]" time="0.0029032230377197266"></testcase><testcase classname="src.pymortests.vectorarray" file="src/pymortests/vectorarray.py" line="1039" name="test_pairwise_dot_wrong_ind[compatible_vector_array_pair0-&lt;lambda&gt;1]" time="0.0026183128356933594"></testcase><testcase classname="src.pymortests.vectorarray" file="src/pymortests/vectorarray.py" line="1039" name="test_pairwise_dot_wrong_ind[compatible_vector_array_pair0-&lt;lambda&gt;2]" time="0.004046440124511719"></testcase><testcase classname="src.pymortests.vectorarray" file="src/pymortests/vectorarray.py" line="1039" name="test_pairwise_dot_wrong_ind[compatible_vector_array_pair0-&lt;lambda&gt;3]" time="0.004729270935058594"></testcase><testcase classname="src.pymortests.vectorarray" file="src/pymortests/vectorarray.py" line="1039" name="test_pairwise_dot_wrong_ind[compatible_vector_array_pair0-&lt;lambda&gt;4]" time="0.005902528762817383"></testcase><testcase classname="src.pymortests.vectorarray" file="src/pymortests/vectorarray.py" line="1039" name="test_pairwise_dot_wrong_ind[compatible_vector_array_pair0-&lt;lambda&gt;5]" time="0.004102468490600586"></testcase><testcase classname="src.pymortests.vectorarray" file="src/pymortests/vectorarray.py" line="1039" name="test_pairwise_dot_wrong_ind[compatible_vector_array_pair0-&lt;lambda&gt;6]" time="0.003164052963256836"></testcase><testcase classname="src.pymortests.vectorarray" file="src/pymortests/vectorarray.py" line="1039" name="test_pairwise_dot_wrong_ind[compatible_vector_array_pair0-&lt;lambda&gt;7]" time="0.002730131149291992"></testcase><testcase classname="src.pymortests.vectorarray" file="src/pymortests/vectorarray.py" line="1039" name="test_pairwise_dot_wrong_ind[compatible_vector_array_pair0-&lt;lambda&gt;8]" time="0.011583328247070312"></testcase><testcase classname="src.pymortests.vectorarray" file="src/pymortests/vectorarray.py" line="1039" name="test_pairwise_dot_wrong_ind[compatible_vector_array_pair0-&lt;lambda&gt;9]" time="0.017337560653686523"></testcase><testcase classname="src.pymortests.vectorarray" file="src/pymortests/vectorarray.py" line="1039" name="test_pairwise_dot_wrong_ind[compatible_vector_array_pair0-&lt;lambda&gt;10]" time="0.054123878479003906"></testcase><testcase classname="src.pymortests.vectorarray" file="src/pymortests/vectorarray.py" line="1039" name="test_pairwise_dot_wrong_ind[compatible_vector_array_pair0-&lt;lambda&gt;11]" time="0.005797386169433594"></testcase><testcase classname="src.pymortests.vectorarray" file="src/pymortests/vectorarray.py" line="1039" name="test_pairwise_dot_wrong_ind[compatible_vector_array_pair0-&lt;lambda&gt;12]" time="0.0032129287719726562"></testcase><testcase classname="src.pymortests.vectorarray" file="src/pymortests/vectorarray.py" line="1039" name="test_pairwise_dot_wrong_ind[compatible_vector_array_pair0-&lt;lambda&gt;13]" time="0.005051612854003906"></testcase><testcase classname="src.pymortests.vectorarray" file="src/pymortests/vectorarray.py" line="1039" name="test_pairwise_dot_wrong_ind[compatible_vector_array_pair0-&lt;lambda&gt;14]" time="0.006418466567993164"></testcase><testcase classname="src.pymortests.vectorarray" file="src/pymortests/vectorarray.py" line="1039" name="test_pairwise_dot_wrong_ind[compatible_vector_array_pair0-&lt;lambda&gt;15]" time="0.008568525314331055"></testcase><testcase classname="src.pymortests.vectorarray" file="src/pymortests/vectorarray.py" line="1039" name="test_pairwise_dot_wrong_ind[compatible_vector_array_pair0-&lt;lambda&gt;16]" time="0.011042594909667969"></testcase><testcase classname="src.pymortests.vectorarray" file="src/pymortests/vectorarray.py" line="1039" name="test_pairwise_dot_wrong_ind[compatible_vector_array_pair0-&lt;lambda&gt;17]" time="0.015260457992553711"></testcase><testcase classname="src.pymortests.vectorarray" file="src/pymortests/vectorarray.py" line="1039" name="test_pairwise_dot_wrong_ind[compatible_vector_array_pair0-&lt;lambda&gt;18]" time="0.0036067962646484375"></testcase><testcase classname="src.pymortests.vectorarray" file="src/pymortests/vectorarray.py" line="1039" name="test_pairwise_dot_wrong_ind[compatible_vector_array_pair0-&lt;lambda&gt;19]" time="0.0036585330963134766"></testcase><testcase classname="src.pymortests.vectorarray" file="src/pymortests/vectorarray.py" line="1039" name="test_pairwise_dot_wrong_ind[compatible_vector_array_pair0-&lt;lambda&gt;20]" time="0.03767895698547363"></testcase><testcase classname="src.pymortests.vectorarray" file="src/pymortests/vectorarray.py" line="1039" name="test_pairwise_dot_wrong_ind[compatible_vector_array_pair0-&lt;lambda&gt;21]" time="0.028071880340576172"></testcase><testcase classname="src.pymortests.vectorarray" file="src/pymortests/vectorarray.py" line="1039" name="test_pairwise_dot_wrong_ind[compatible_vector_array_pair0-&lt;lambda&gt;22]" time="0.08666729927062988"></testcase><testcase classname="src.pymortests.vectorarray" file="src/pymortests/vectorarray.py" line="1039" name="test_pairwise_dot_wrong_ind[compatible_vector_array_pair0-&lt;lambda&gt;23]" time="0.007452487945556641"></testcase><testcase classname="src.pymortests.vectorarray" file="src/pymortests/vectorarray.py" line="1039" name="test_pairwise_dot_wrong_ind[compatible_vector_array_pair0-&lt;lambda&gt;24]" time="0.002672910690307617"></testcase><testcase classname="src.pymortests.vectorarray" file="src/pymortests/vectorarray.py" line="1039" name="test_pairwise_dot_wrong_ind[compatible_vector_array_pair0-&lt;lambda&gt;25]" time="0.0035753250122070312"></testcase><testcase classname="src.pymortests.vectorarray" file="src/pymortests/vectorarray.py" line="1039" name="test_pairwise_dot_wrong_ind[compatible_vector_array_pair0-&lt;lambda&gt;26]" time="0.031193017959594727"></testcase><testcase classname="src.pymortests.vectorarray" file="src/pymortests/vectorarray.py" line="1039" name="test_pairwise_dot_wrong_ind[compatible_vector_array_pair0-&lt;lambda&gt;27]" time="0.04403233528137207"></testcase><testcase classname="src.pymortests.vectorarray" file="src/pymortests/vectorarray.py" line="1039" name="test_pairwise_dot_wrong_ind[compatible_vector_array_pair0-&lt;lambda&gt;28]" time="0.15459156036376953"></testcase><testcase classname="src.pymortests.vectorarray" file="src/pymortests/vectorarray.py" line="1039" name="test_pairwise_dot_wrong_ind[compatible_vector_array_pair0-&lt;lambda&gt;29]" time="0.008527994155883789"></testcase><testcase classname="src.pymortests.vectorarray" file="src/pymortests/vectorarray.py" line="1039" name="test_pairwise_dot_wrong_ind[compatible_vector_array_pair1-&lt;lambda&gt;0]" time="0.0028727054595947266"></testcase><testcase classname="src.pymortests.vectorarray" file="src/pymortests/vectorarray.py" line="1039" name="test_pairwise_dot_wrong_ind[compatible_vector_array_pair1-&lt;lambda&gt;1]" time="0.002661466598510742"></testcase><testcase classname="src.pymortests.vectorarray" file="src/pymortests/vectorarray.py" line="1039" name="test_pairwise_dot_wrong_ind[compatible_vector_array_pair1-&lt;lambda&gt;2]" time="0.004306793212890625"></testcase><testcase classname="src.pymortests.vectorarray" file="src/pymortests/vectorarray.py" line="1039" name="test_pairwise_dot_wrong_ind[compatible_vector_array_pair1-&lt;lambda&gt;3]" time="0.004758119583129883"></testcase><testcase classname="src.pymortests.vectorarray" file="src/pymortests/vectorarray.py" line="1039" name="test_pairwise_dot_wrong_ind[compatible_vector_array_pair1-&lt;lambda&gt;4]" time="0.005971670150756836"></testcase><testcase classname="src.pymortests.vectorarray" file="src/pymortests/vectorarray.py" line="1039" name="test_pairwise_dot_wrong_ind[compatible_vector_array_pair1-&lt;lambda&gt;5]" time="0.0040090084075927734"></testcase><testcase classname="src.pymortests.vectorarray" file="src/pymortests/vectorarray.py" line="1039" name="test_pairwise_dot_wrong_ind[compatible_vector_array_pair1-&lt;lambda&gt;6]" time="0.0019006729125976562"></testcase><testcase classname="src.pymortests.vectorarray" file="src/pymortests/vectorarray.py" line="1039" name="test_pairwise_dot_wrong_ind[compatible_vector_array_pair1-&lt;lambda&gt;7]" time="0.002553224563598633"></testcase><testcase classname="src.pymortests.vectorarray" file="src/pymortests/vectorarray.py" line="1039" name="test_pairwise_dot_wrong_ind[compatible_vector_array_pair1-&lt;lambda&gt;8]" time="0.011270761489868164"></testcase><testcase classname="src.pymortests.vectorarray" file="src/pymortests/vectorarray.py" line="1039" name="test_pairwise_dot_wrong_ind[compatible_vector_array_pair1-&lt;lambda&gt;9]" time="0.016216516494750977"></testcase><testcase classname="src.pymortests.vectorarray" file="src/pymortests/vectorarray.py" line="1039" name="test_pairwise_dot_wrong_ind[compatible_vector_array_pair1-&lt;lambda&gt;10]" time="0.05210256576538086"></testcase><testcase classname="src.pymortests.vectorarray" file="src/pymortests/vectorarray.py" line="1039" name="test_pairwise_dot_wrong_ind[compatible_vector_array_pair1-&lt;lambda&gt;11]" time="0.005845785140991211"></testcase><testcase classname="src.pymortests.vectorarray" file="src/pymortests/vectorarray.py" line="1039" name="test_pairwise_dot_wrong_ind[compatible_vector_array_pair1-&lt;lambda&gt;12]" time="0.0029001235961914062"></testcase><testcase classname="src.pymortests.vectorarray" file="src/pymortests/vectorarray.py" line="1039" name="test_pairwise_dot_wrong_ind[compatible_vector_array_pair1-&lt;lambda&gt;13]" time="0.004858970642089844"></testcase><testcase classname="src.pymortests.vectorarray" file="src/pymortests/vectorarray.py" line="1039" name="test_pairwise_dot_wrong_ind[compatible_vector_array_pair1-&lt;lambda&gt;14]" time="0.005722522735595703"></testcase><testcase classname="src.pymortests.vectorarray" file="src/pymortests/vectorarray.py" line="1039" name="test_pairwise_dot_wrong_ind[compatible_vector_array_pair1-&lt;lambda&gt;15]" time="0.007764339447021484"></testcase><testcase classname="src.pymortests.vectorarray" file="src/pymortests/vectorarray.py" line="1039" name="test_pairwise_dot_wrong_ind[compatible_vector_array_pair1-&lt;lambda&gt;16]" time="0.009822607040405273"></testcase><testcase classname="src.pymortests.vectorarray" file="src/pymortests/vectorarray.py" line="1039" name="test_pairwise_dot_wrong_ind[compatible_vector_array_pair1-&lt;lambda&gt;17]" time="0.012518167495727539"></testcase><testcase classname="src.pymortests.vectorarray" file="src/pymortests/vectorarray.py" line="1039" name="test_pairwise_dot_wrong_ind[compatible_vector_array_pair1-&lt;lambda&gt;18]" time="0.0035424232482910156"></testcase><testcase classname="src.pymortests.vectorarray" file="src/pymortests/vectorarray.py" line="1039" name="test_pairwise_dot_wrong_ind[compatible_vector_array_pair1-&lt;lambda&gt;19]" time="0.003448963165283203"></testcase><testcase classname="src.pymortests.vectorarray" file="src/pymortests/vectorarray.py" line="1039" name="test_pairwise_dot_wrong_ind[compatible_vector_array_pair1-&lt;lambda&gt;20]" time="0.035437583923339844"></testcase><testcase classname="src.pymortests.vectorarray" file="src/pymortests/vectorarray.py" line="1039" name="test_pairwise_dot_wrong_ind[compatible_vector_array_pair1-&lt;lambda&gt;21]" time="0.02712726593017578"></testcase><testcase classname="src.pymortests.vectorarray" file="src/pymortests/vectorarray.py" line="1039" name="test_pairwise_dot_wrong_ind[compatible_vector_array_pair1-&lt;lambda&gt;22]" time="0.0854177474975586"></testcase><testcase classname="src.pymortests.vectorarray" file="src/pymortests/vectorarray.py" line="1039" name="test_pairwise_dot_wrong_ind[compatible_vector_array_pair1-&lt;lambda&gt;23]" time="0.007016897201538086"></testcase><testcase classname="src.pymortests.vectorarray" file="src/pymortests/vectorarray.py" line="1039" name="test_pairwise_dot_wrong_ind[compatible_vector_array_pair1-&lt;lambda&gt;24]" time="0.002744913101196289"></testcase><testcase classname="src.pymortests.vectorarray" file="src/pymortests/vectorarray.py" line="1039" name="test_pairwise_dot_wrong_ind[compatible_vector_array_pair1-&lt;lambda&gt;25]" time="0.0036242008209228516"></testcase><testcase classname="src.pymortests.vectorarray" file="src/pymortests/vectorarray.py" line="1039" name="test_pairwise_dot_wrong_ind[compatible_vector_array_pair1-&lt;lambda&gt;26]" time="0.031133413314819336"></testcase><testcase classname="src.pymortests.vectorarray" file="src/pymortests/vectorarray.py" line="1039" name="test_pairwise_dot_wrong_ind[compatible_vector_array_pair1-&lt;lambda&gt;27]" time="0.04417276382446289"></testcase><testcase classname="src.pymortests.vectorarray" file="src/pymortests/vectorarray.py" line="1039" name="test_pairwise_dot_wrong_ind[compatible_vector_array_pair1-&lt;lambda&gt;28]" time="0.15591073036193848"></testcase><testcase classname="src.pymortests.vectorarray" file="src/pymortests/vectorarray.py" line="1039" name="test_pairwise_dot_wrong_ind[compatible_vector_array_pair1-&lt;lambda&gt;29]" time="0.008580684661865234"></testcase><testcase classname="src.pymortests.vectorarray" file="src/pymortests/vectorarray.py" line="1039" name="test_pairwise_dot_wrong_ind[compatible_vector_array_pair2-&lt;lambda&gt;0]" time="0.0020666122436523438"></testcase><testcase classname="src.pymortests.vectorarray" file="src/pymortests/vectorarray.py" line="1039" name="test_pairwise_dot_wrong_ind[compatible_vector_array_pair2-&lt;lambda&gt;1]" time="0.002633333206176758"></testcase><testcase classname="src.pymortests.vectorarray" file="src/pymortests/vectorarray.py" line="1039" name="test_pairwise_dot_wrong_ind[compatible_vector_array_pair2-&lt;lambda&gt;2]" time="0.004094123840332031"></testcase><testcase classname="src.pymortests.vectorarray" file="src/pymortests/vectorarray.py" line="1039" name="test_pairwise_dot_wrong_ind[compatible_vector_array_pair2-&lt;lambda&gt;3]" time="0.004852294921875"></testcase><testcase classname="src.pymortests.vectorarray" file="src/pymortests/vectorarray.py" line="1039" name="test_pairwise_dot_wrong_ind[compatible_vector_array_pair2-&lt;lambda&gt;4]" time="0.006007194519042969"></testcase><testcase classname="src.pymortests.vectorarray" file="src/pymortests/vectorarray.py" line="1039" name="test_pairwise_dot_wrong_ind[compatible_vector_array_pair2-&lt;lambda&gt;5]" time="0.004044771194458008"></testcase><testcase classname="src.pymortests.vectorarray" file="src/pymortests/vectorarray.py" line="1039" name="test_pairwise_dot_wrong_ind[compatible_vector_array_pair2-&lt;lambda&gt;6]" time="0.0019152164459228516"></testcase><testcase classname="src.pymortests.vectorarray" file="src/pymortests/vectorarray.py" line="1039" name="test_pairwise_dot_wrong_ind[compatible_vector_array_pair2-&lt;lambda&gt;7]" time="0.0025784969329833984"></testcase><testcase classname="src.pymortests.vectorarray" file="src/pymortests/vectorarray.py" line="1039" name="test_pairwise_dot_wrong_ind[compatible_vector_array_pair2-&lt;lambda&gt;8]" time="0.011191129684448242"></testcase><testcase classname="src.pymortests.vectorarray" file="src/pymortests/vectorarray.py" line="1039" name="test_pairwise_dot_wrong_ind[compatible_vector_array_pair2-&lt;lambda&gt;9]" time="0.016083240509033203"></testcase><testcase classname="src.pymortests.vectorarray" file="src/pymortests/vectorarray.py" line="1039" name="test_pairwise_dot_wrong_ind[compatible_vector_array_pair2-&lt;lambda&gt;10]" time="0.052143096923828125"></testcase><testcase classname="src.pymortests.vectorarray" file="src/pymortests/vectorarray.py" line="1039" name="test_pairwise_dot_wrong_ind[compatible_vector_array_pair2-&lt;lambda&gt;11]" time="0.005885124206542969"></testcase><testcase classname="src.pymortests.vectorarray" file="src/pymortests/vectorarray.py" line="1039" name="test_pairwise_dot_wrong_ind[compatible_vector_array_pair2-&lt;lambda&gt;12]" time="0.002913236618041992"></testcase><testcase classname="src.pymortests.vectorarray" file="src/pymortests/vectorarray.py" line="1039" name="test_pairwise_dot_wrong_ind[compatible_vector_array_pair2-&lt;lambda&gt;13]" time="0.0048978328704833984"></testcase><testcase classname="src.pymortests.vectorarray" file="src/pymortests/vectorarray.py" line="1039" name="test_pairwise_dot_wrong_ind[compatible_vector_array_pair2-&lt;lambda&gt;14]" time="0.0057964324951171875"></testcase><testcase classname="src.pymortests.vectorarray" file="src/pymortests/vectorarray.py" line="1039" name="test_pairwise_dot_wrong_ind[compatible_vector_array_pair2-&lt;lambda&gt;15]" time="0.008045673370361328"></testcase><testcase classname="src.pymortests.vectorarray" file="src/pymortests/vectorarray.py" line="1039" name="test_pairwise_dot_wrong_ind[compatible_vector_array_pair2-&lt;lambda&gt;16]" time="0.009828329086303711"></testcase><testcase classname="src.pymortests.vectorarray" file="src/pymortests/vectorarray.py" line="1039" name="test_pairwise_dot_wrong_ind[compatible_vector_array_pair2-&lt;lambda&gt;17]" time="0.012920618057250977"></testcase><testcase classname="src.pymortests.vectorarray" file="src/pymortests/vectorarray.py" line="1039" name="test_pairwise_dot_wrong_ind[compatible_vector_array_pair2-&lt;lambda&gt;18]" time="0.003581523895263672"></testcase><testcase classname="src.pymortests.vectorarray" file="src/pymortests/vectorarray.py" line="1039" name="test_pairwise_dot_wrong_ind[compatible_vector_array_pair2-&lt;lambda&gt;19]" time="0.00342559814453125"></testcase><testcase classname="src.pymortests.vectorarray" file="src/pymortests/vectorarray.py" line="1039" name="test_pairwise_dot_wrong_ind[compatible_vector_array_pair2-&lt;lambda&gt;20]" time="0.03598809242248535"></testcase><testcase classname="src.pymortests.vectorarray" file="src/pymortests/vectorarray.py" line="1039" name="test_pairwise_dot_wrong_ind[compatible_vector_array_pair2-&lt;lambda&gt;21]" time="0.027660608291625977"></testcase><testcase classname="src.pymortests.vectorarray" file="src/pymortests/vectorarray.py" line="1039" name="test_pairwise_dot_wrong_ind[compatible_vector_array_pair2-&lt;lambda&gt;22]" time="0.08782243728637695"></testcase><testcase classname="src.pymortests.vectorarray" file="src/pymortests/vectorarray.py" line="1039" name="test_pairwise_dot_wrong_ind[compatible_vector_array_pair2-&lt;lambda&gt;23]" time="0.006982564926147461"></testcase><testcase classname="src.pymortests.vectorarray" file="src/pymortests/vectorarray.py" line="1039" name="test_pairwise_dot_wrong_ind[compatible_vector_array_pair2-&lt;lambda&gt;24]" time="0.0018374919891357422"></testcase><testcase classname="src.pymortests.vectorarray" file="src/pymortests/vectorarray.py" line="1039" name="test_pairwise_dot_wrong_ind[compatible_vector_array_pair2-&lt;lambda&gt;25]" time="0.0035653114318847656"></testcase><testcase classname="src.pymortests.vectorarray" file="src/pymortests/vectorarray.py" line="1039" name="test_pairwise_dot_wrong_ind[compatible_vector_array_pair2-&lt;lambda&gt;26]" time="0.031790733337402344"></testcase><testcase classname="src.pymortests.vectorarray" file="src/pymortests/vectorarray.py" line="1039" name="test_pairwise_dot_wrong_ind[compatible_vector_array_pair2-&lt;lambda&gt;27]" time="0.044548988342285156"></testcase><testcase classname="src.pymortests.vectorarray" file="src/pymortests/vectorarray.py" line="1039" name="test_pairwise_dot_wrong_ind[compatible_vector_array_pair2-&lt;lambda&gt;28]" time="0.15575313568115234"></testcase><testcase classname="src.pymortests.vectorarray" file="src/pymortests/vectorarray.py" line="1039" name="test_pairwise_dot_wrong_ind[compatible_vector_array_pair2-&lt;lambda&gt;29]" time="0.008679389953613281"></testcase><testcase classname="src.pymortests.vectorarray" file="src/pymortests/vectorarray.py" line="1039" name="test_pairwise_dot_wrong_ind[compatible_vector_array_pair3-&lt;lambda&gt;0]" time="0.002049684524536133"></testcase><testcase classname="src.pymortests.vectorarray" file="src/pymortests/vectorarray.py" line="1039" name="test_pairwise_dot_wrong_ind[compatible_vector_array_pair3-&lt;lambda&gt;1]" time="0.0025691986083984375"></testcase><testcase classname="src.pymortests.vectorarray" file="src/pymortests/vectorarray.py" line="1039" name="test_pairwise_dot_wrong_ind[compatible_vector_array_pair3-&lt;lambda&gt;2]" time="0.004106760025024414"></testcase><testcase classname="src.pymortests.vectorarray" file="src/pymortests/vectorarray.py" line="1039" name="test_pairwise_dot_wrong_ind[compatible_vector_array_pair3-&lt;lambda&gt;3]" time="0.004979610443115234"></testcase><testcase classname="src.pymortests.vectorarray" file="src/pymortests/vectorarray.py" line="1039" name="test_pairwise_dot_wrong_ind[compatible_vector_array_pair3-&lt;lambda&gt;4]" time="0.006066083908081055"></testcase><testcase classname="src.pymortests.vectorarray" file="src/pymortests/vectorarray.py" line="1039" name="test_pairwise_dot_wrong_ind[compatible_vector_array_pair3-&lt;lambda&gt;5]" time="0.0040972232818603516"></testcase><testcase classname="src.pymortests.vectorarray" file="src/pymortests/vectorarray.py" line="1039" name="test_pairwise_dot_wrong_ind[compatible_vector_array_pair3-&lt;lambda&gt;6]" time="0.0019025802612304688"></testcase><testcase classname="src.pymortests.vectorarray" file="src/pymortests/vectorarray.py" line="1039" name="test_pairwise_dot_wrong_ind[compatible_vector_array_pair3-&lt;lambda&gt;7]" time="0.002592325210571289"></testcase><testcase classname="src.pymortests.vectorarray" file="src/pymortests/vectorarray.py" line="1039" name="test_pairwise_dot_wrong_ind[compatible_vector_array_pair3-&lt;lambda&gt;8]" time="0.011159658432006836"></testcase><testcase classname="src.pymortests.vectorarray" file="src/pymortests/vectorarray.py" line="1039" name="test_pairwise_dot_wrong_ind[compatible_vector_array_pair3-&lt;lambda&gt;9]" time="0.016137361526489258"></testcase><testcase classname="src.pymortests.vectorarray" file="src/pymortests/vectorarray.py" line="1039" name="test_pairwise_dot_wrong_ind[compatible_vector_array_pair3-&lt;lambda&gt;10]" time="0.05178546905517578"></testcase><testcase classname="src.pymortests.vectorarray" file="src/pymortests/vectorarray.py" line="1039" name="test_pairwise_dot_wrong_ind[compatible_vector_array_pair3-&lt;lambda&gt;11]" time="0.0058994293212890625"></testcase><testcase classname="src.pymortests.vectorarray" file="src/pymortests/vectorarray.py" line="1039" name="test_pairwise_dot_wrong_ind[compatible_vector_array_pair3-&lt;lambda&gt;12]" time="0.00290679931640625"></testcase><testcase classname="src.pymortests.vectorarray" file="src/pymortests/vectorarray.py" line="1039" name="test_pairwise_dot_wrong_ind[compatible_vector_array_pair3-&lt;lambda&gt;13]" time="0.004857540130615234"></testcase><testcase classname="src.pymortests.vectorarray" file="src/pymortests/vectorarray.py" line="1039" name="test_pairwise_dot_wrong_ind[compatible_vector_array_pair3-&lt;lambda&gt;14]" time="0.00605463981628418"></testcase><testcase classname="src.pymortests.vectorarray" file="src/pymortests/vectorarray.py" line="1039" name="test_pairwise_dot_wrong_ind[compatible_vector_array_pair3-&lt;lambda&gt;15]" time="0.008708715438842773"></testcase><testcase classname="src.pymortests.vectorarray" file="src/pymortests/vectorarray.py" line="1039" name="test_pairwise_dot_wrong_ind[compatible_vector_array_pair3-&lt;lambda&gt;16]" time="0.01065683364868164"></testcase><testcase classname="src.pymortests.vectorarray" file="src/pymortests/vectorarray.py" line="1039" name="test_pairwise_dot_wrong_ind[compatible_vector_array_pair3-&lt;lambda&gt;17]" time="0.016063928604125977"></testcase><testcase classname="src.pymortests.vectorarray" file="src/pymortests/vectorarray.py" line="1039" name="test_pairwise_dot_wrong_ind[compatible_vector_array_pair3-&lt;lambda&gt;18]" time="0.0038328170776367188"></testcase><testcase classname="src.pymortests.vectorarray" file="src/pymortests/vectorarray.py" line="1039" name="test_pairwise_dot_wrong_ind[compatible_vector_array_pair3-&lt;lambda&gt;19]" time="0.003706216812133789"></testcase><testcase classname="src.pymortests.vectorarray" file="src/pymortests/vectorarray.py" line="1039" name="test_pairwise_dot_wrong_ind[compatible_vector_array_pair3-&lt;lambda&gt;20]" time="0.03566861152648926"></testcase><testcase classname="src.pymortests.vectorarray" file="src/pymortests/vectorarray.py" line="1039" name="test_pairwise_dot_wrong_ind[compatible_vector_array_pair3-&lt;lambda&gt;21]" time="0.027204275131225586"></testcase><testcase classname="src.pymortests.vectorarray" file="src/pymortests/vectorarray.py" line="1039" name="test_pairwise_dot_wrong_ind[compatible_vector_array_pair3-&lt;lambda&gt;22]" time="0.08804178237915039"></testcase><testcase classname="src.pymortests.vectorarray" file="src/pymortests/vectorarray.py" line="1039" name="test_pairwise_dot_wrong_ind[compatible_vector_array_pair3-&lt;lambda&gt;23]" time="0.006906032562255859"></testcase><testcase classname="src.pymortests.vectorarray" file="src/pymortests/vectorarray.py" line="1039" name="test_pairwise_dot_wrong_ind[compatible_vector_array_pair3-&lt;lambda&gt;24]" time="0.0018548965454101562"></testcase><testcase classname="src.pymortests.vectorarray" file="src/pymortests/vectorarray.py" line="1039" name="test_pairwise_dot_wrong_ind[compatible_vector_array_pair3-&lt;lambda&gt;25]" time="0.0035190582275390625"></testcase><testcase classname="src.pymortests.vectorarray" file="src/pymortests/vectorarray.py" line="1039" name="test_pairwise_dot_wrong_ind[compatible_vector_array_pair3-&lt;lambda&gt;26]" time="0.03160881996154785"></testcase><testcase classname="src.pymortests.vectorarray" file="src/pymortests/vectorarray.py" line="1039" name="test_pairwise_dot_wrong_ind[compatible_vector_array_pair3-&lt;lambda&gt;27]" time="0.04831981658935547"></testcase><testcase classname="src.pymortests.vectorarray" file="src/pymortests/vectorarray.py" line="1039" name="test_pairwise_dot_wrong_ind[compatible_vector_array_pair3-&lt;lambda&gt;28]" time="0.16292595863342285"></testcase><testcase classname="src.pymortests.vectorarray" file="src/pymortests/vectorarray.py" line="1039" name="test_pairwise_dot_wrong_ind[compatible_vector_array_pair3-&lt;lambda&gt;29]" time="0.008893013000488281"></testcase><testcase classname="src.pymortests.vectorarray" file="src/pymortests/vectorarray.py" line="1039" name="test_pairwise_dot_wrong_ind[compatible_vector_array_pair4-&lt;lambda&gt;0]" time="0.0020656585693359375"></testcase><testcase classname="src.pymortests.vectorarray" file="src/pymortests/vectorarray.py" line="1039" name="test_pairwise_dot_wrong_ind[compatible_vector_array_pair4-&lt;lambda&gt;1]" time="0.0026199817657470703"></testcase><testcase classname="src.pymortests.vectorarray" file="src/pymortests/vectorarray.py" line="1039" name="test_pairwise_dot_wrong_ind[compatible_vector_array_pair4-&lt;lambda&gt;2]" time="0.004026174545288086"></testcase><testcase classname="src.pymortests.vectorarray" file="src/pymortests/vectorarray.py" line="1039" name="test_pairwise_dot_wrong_ind[compatible_vector_array_pair4-&lt;lambda&gt;3]" time="0.004778385162353516"></testcase><testcase classname="src.pymortests.vectorarray" file="src/pymortests/vectorarray.py" line="1039" name="test_pairwise_dot_wrong_ind[compatible_vector_array_pair4-&lt;lambda&gt;4]" time="0.006072998046875"></testcase><testcase classname="src.pymortests.vectorarray" file="src/pymortests/vectorarray.py" line="1039" name="test_pairwise_dot_wrong_ind[compatible_vector_array_pair4-&lt;lambda&gt;5]" time="0.004290342330932617"></testcase><testcase classname="src.pymortests.vectorarray" file="src/pymortests/vectorarray.py" line="1039" name="test_pairwise_dot_wrong_ind[compatible_vector_array_pair4-&lt;lambda&gt;6]" time="0.002058267593383789"></testcase><testcase classname="src.pymortests.vectorarray" file="src/pymortests/vectorarray.py" line="1039" name="test_pairwise_dot_wrong_ind[compatible_vector_array_pair4-&lt;lambda&gt;7]" time="0.002728700637817383"></testcase><testcase classname="src.pymortests.vectorarray" file="src/pymortests/vectorarray.py" line="1039" name="test_pairwise_dot_wrong_ind[compatible_vector_array_pair4-&lt;lambda&gt;8]" time="0.011713504791259766"></testcase><testcase classname="src.pymortests.vectorarray" file="src/pymortests/vectorarray.py" line="1039" name="test_pairwise_dot_wrong_ind[compatible_vector_array_pair4-&lt;lambda&gt;9]" time="0.01648712158203125"></testcase><testcase classname="src.pymortests.vectorarray" file="src/pymortests/vectorarray.py" line="1039" name="test_pairwise_dot_wrong_ind[compatible_vector_array_pair4-&lt;lambda&gt;10]" time="0.05198526382446289"></testcase><testcase classname="src.pymortests.vectorarray" file="src/pymortests/vectorarray.py" line="1039" name="test_pairwise_dot_wrong_ind[compatible_vector_array_pair4-&lt;lambda&gt;11]" time="0.005839824676513672"></testcase><testcase classname="src.pymortests.vectorarray" file="src/pymortests/vectorarray.py" line="1039" name="test_pairwise_dot_wrong_ind[compatible_vector_array_pair4-&lt;lambda&gt;12]" time="0.0029833316802978516"></testcase><testcase classname="src.pymortests.vectorarray" file="src/pymortests/vectorarray.py" line="1039" name="test_pairwise_dot_wrong_ind[compatible_vector_array_pair4-&lt;lambda&gt;13]" time="0.004834890365600586"></testcase><testcase classname="src.pymortests.vectorarray" file="src/pymortests/vectorarray.py" line="1039" name="test_pairwise_dot_wrong_ind[compatible_vector_array_pair4-&lt;lambda&gt;14]" time="0.005799293518066406"></testcase><testcase classname="src.pymortests.vectorarray" file="src/pymortests/vectorarray.py" line="1039" name="test_pairwise_dot_wrong_ind[compatible_vector_array_pair4-&lt;lambda&gt;15]" time="0.008255720138549805"></testcase><testcase classname="src.pymortests.vectorarray" file="src/pymortests/vectorarray.py" line="1039" name="test_pairwise_dot_wrong_ind[compatible_vector_array_pair4-&lt;lambda&gt;16]" time="0.010443687438964844"></testcase><testcase classname="src.pymortests.vectorarray" file="src/pymortests/vectorarray.py" line="1039" name="test_pairwise_dot_wrong_ind[compatible_vector_array_pair4-&lt;lambda&gt;17]" time="0.014091730117797852"></testcase><testcase classname="src.pymortests.vectorarray" file="src/pymortests/vectorarray.py" line="1039" name="test_pairwise_dot_wrong_ind[compatible_vector_array_pair4-&lt;lambda&gt;18]" time="0.003658771514892578"></testcase><testcase classname="src.pymortests.vectorarray" file="src/pymortests/vectorarray.py" line="1039" name="test_pairwise_dot_wrong_ind[compatible_vector_array_pair4-&lt;lambda&gt;19]" time="0.003506898880004883"></testcase><testcase classname="src.pymortests.vectorarray" file="src/pymortests/vectorarray.py" line="1039" name="test_pairwise_dot_wrong_ind[compatible_vector_array_pair4-&lt;lambda&gt;20]" time="0.035604238510131836"></testcase><testcase classname="src.pymortests.vectorarray" file="src/pymortests/vectorarray.py" line="1039" name="test_pairwise_dot_wrong_ind[compatible_vector_array_pair4-&lt;lambda&gt;21]" time="0.02747797966003418"></testcase><testcase classname="src.pymortests.vectorarray" file="src/pymortests/vectorarray.py" line="1039" name="test_pairwise_dot_wrong_ind[compatible_vector_array_pair4-&lt;lambda&gt;22]" time="0.08717632293701172"></testcase><testcase classname="src.pymortests.vectorarray" file="src/pymortests/vectorarray.py" line="1039" name="test_pairwise_dot_wrong_ind[compatible_vector_array_pair4-&lt;lambda&gt;23]" time="0.007616996765136719"></testcase><testcase classname="src.pymortests.vectorarray" file="src/pymortests/vectorarray.py" line="1039" name="test_pairwise_dot_wrong_ind[compatible_vector_array_pair4-&lt;lambda&gt;24]" time="0.002764463424682617"></testcase><testcase classname="src.pymortests.vectorarray" file="src/pymortests/vectorarray.py" line="1039" name="test_pairwise_dot_wrong_ind[compatible_vector_array_pair4-&lt;lambda&gt;25]" time="0.0038454532623291016"></testcase><testcase classname="src.pymortests.vectorarray" file="src/pymortests/vectorarray.py" line="1039" name="test_pairwise_dot_wrong_ind[compatible_vector_array_pair4-&lt;lambda&gt;26]" time="0.032889366149902344"></testcase><testcase classname="src.pymortests.vectorarray" file="src/pymortests/vectorarray.py" line="1039" name="test_pairwise_dot_wrong_ind[compatible_vector_array_pair4-&lt;lambda&gt;27]" time="0.044393301010131836"></testcase><testcase classname="src.pymortests.vectorarray" file="src/pymortests/vectorarray.py" line="1039" name="test_pairwise_dot_wrong_ind[compatible_vector_array_pair4-&lt;lambda&gt;28]" time="0.1546766757965088"></testcase><testcase classname="src.pymortests.vectorarray" file="src/pymortests/vectorarray.py" line="1039" name="test_pairwise_dot_wrong_ind[compatible_vector_array_pair4-&lt;lambda&gt;29]" time="0.008655071258544922"></testcase><testcase classname="src.pymortests.vectorarray" file="src/pymortests/vectorarray.py" line="1039" name="test_pairwise_dot_wrong_ind[compatible_vector_array_pair5-&lt;lambda&gt;0]" time="0.00281524658203125"></testcase><testcase classname="src.pymortests.vectorarray" file="src/pymortests/vectorarray.py" line="1039" name="test_pairwise_dot_wrong_ind[compatible_vector_array_pair5-&lt;lambda&gt;1]" time="0.0026416778564453125"></testcase><testcase classname="src.pymortests.vectorarray" file="src/pymortests/vectorarray.py" line="1039" name="test_pairwise_dot_wrong_ind[compatible_vector_array_pair5-&lt;lambda&gt;2]" time="0.004179954528808594"></testcase><testcase classname="src.pymortests.vectorarray" file="src/pymortests/vectorarray.py" line="1039" name="test_pairwise_dot_wrong_ind[compatible_vector_array_pair5-&lt;lambda&gt;3]" time="0.004831790924072266"></testcase><testcase classname="src.pymortests.vectorarray" file="src/pymortests/vectorarray.py" line="1039" name="test_pairwise_dot_wrong_ind[compatible_vector_array_pair5-&lt;lambda&gt;4]" time="0.006110191345214844"></testcase><testcase classname="src.pymortests.vectorarray" file="src/pymortests/vectorarray.py" line="1039" name="test_pairwise_dot_wrong_ind[compatible_vector_array_pair5-&lt;lambda&gt;5]" time="0.004439353942871094"></testcase><testcase classname="src.pymortests.vectorarray" file="src/pymortests/vectorarray.py" line="1039" name="test_pairwise_dot_wrong_ind[compatible_vector_array_pair5-&lt;lambda&gt;6]" time="0.0020406246185302734"></testcase><testcase classname="src.pymortests.vectorarray" file="src/pymortests/vectorarray.py" line="1039" name="test_pairwise_dot_wrong_ind[compatible_vector_array_pair5-&lt;lambda&gt;7]" time="0.0027642250061035156"></testcase><testcase classname="src.pymortests.vectorarray" file="src/pymortests/vectorarray.py" line="1039" name="test_pairwise_dot_wrong_ind[compatible_vector_array_pair5-&lt;lambda&gt;8]" time="0.012045145034790039"></testcase><testcase classname="src.pymortests.vectorarray" file="src/pymortests/vectorarray.py" line="1039" name="test_pairwise_dot_wrong_ind[compatible_vector_array_pair5-&lt;lambda&gt;9]" time="0.017246007919311523"></testcase><testcase classname="src.pymortests.vectorarray" file="src/pymortests/vectorarray.py" line="1039" name="test_pairwise_dot_wrong_ind[compatible_vector_array_pair5-&lt;lambda&gt;10]" time="0.05472707748413086"></testcase><testcase classname="src.pymortests.vectorarray" file="src/pymortests/vectorarray.py" line="1039" name="test_pairwise_dot_wrong_ind[compatible_vector_array_pair5-&lt;lambda&gt;11]" time="0.0059642791748046875"></testcase><testcase classname="src.pymortests.vectorarray" file="src/pymortests/vectorarray.py" line="1039" name="test_pairwise_dot_wrong_ind[compatible_vector_array_pair5-&lt;lambda&gt;12]" time="0.0030443668365478516"></testcase><testcase classname="src.pymortests.vectorarray" file="src/pymortests/vectorarray.py" line="1039" name="test_pairwise_dot_wrong_ind[compatible_vector_array_pair5-&lt;lambda&gt;13]" time="0.005053043365478516"></testcase><testcase classname="src.pymortests.vectorarray" file="src/pymortests/vectorarray.py" line="1039" name="test_pairwise_dot_wrong_ind[compatible_vector_array_pair5-&lt;lambda&gt;14]" time="0.0059223175048828125"></testcase><testcase classname="src.pymortests.vectorarray" file="src/pymortests/vectorarray.py" line="1039" name="test_pairwise_dot_wrong_ind[compatible_vector_array_pair5-&lt;lambda&gt;15]" time="0.008456230163574219"></testcase><testcase classname="src.pymortests.vectorarray" file="src/pymortests/vectorarray.py" line="1039" name="test_pairwise_dot_wrong_ind[compatible_vector_array_pair5-&lt;lambda&gt;16]" time="0.010474443435668945"></testcase><testcase classname="src.pymortests.vectorarray" file="src/pymortests/vectorarray.py" line="1039" name="test_pairwise_dot_wrong_ind[compatible_vector_array_pair5-&lt;lambda&gt;17]" time="0.014808177947998047"></testcase><testcase classname="src.pymortests.vectorarray" file="src/pymortests/vectorarray.py" line="1039" name="test_pairwise_dot_wrong_ind[compatible_vector_array_pair5-&lt;lambda&gt;18]" time="0.0036554336547851562"></testcase><testcase classname="src.pymortests.vectorarray" file="src/pymortests/vectorarray.py" line="1039" name="test_pairwise_dot_wrong_ind[compatible_vector_array_pair5-&lt;lambda&gt;19]" time="0.0039141178131103516"></testcase><testcase classname="src.pymortests.vectorarray" file="src/pymortests/vectorarray.py" line="1039" name="test_pairwise_dot_wrong_ind[compatible_vector_array_pair5-&lt;lambda&gt;20]" time="0.03679680824279785"></testcase><testcase classname="src.pymortests.vectorarray" file="src/pymortests/vectorarray.py" line="1039" name="test_pairwise_dot_wrong_ind[compatible_vector_array_pair5-&lt;lambda&gt;21]" time="0.02705669403076172"></testcase><testcase classname="src.pymortests.vectorarray" file="src/pymortests/vectorarray.py" line="1039" name="test_pairwise_dot_wrong_ind[compatible_vector_array_pair5-&lt;lambda&gt;22]" time="0.087738037109375"></testcase><testcase classname="src.pymortests.vectorarray" file="src/pymortests/vectorarray.py" line="1039" name="test_pairwise_dot_wrong_ind[compatible_vector_array_pair5-&lt;lambda&gt;23]" time="0.007241964340209961"></testcase><testcase classname="src.pymortests.vectorarray" file="src/pymortests/vectorarray.py" line="1039" name="test_pairwise_dot_wrong_ind[compatible_vector_array_pair5-&lt;lambda&gt;24]" time="0.002667665481567383"></testcase><testcase classname="src.pymortests.vectorarray" file="src/pymortests/vectorarray.py" line="1039" name="test_pairwise_dot_wrong_ind[compatible_vector_array_pair5-&lt;lambda&gt;25]" time="0.003580808639526367"></testcase><testcase classname="src.pymortests.vectorarray" file="src/pymortests/vectorarray.py" line="1039" name="test_pairwise_dot_wrong_ind[compatible_vector_array_pair5-&lt;lambda&gt;26]" time="0.031649112701416016"></testcase><testcase classname="src.pymortests.vectorarray" file="src/pymortests/vectorarray.py" line="1039" name="test_pairwise_dot_wrong_ind[compatible_vector_array_pair5-&lt;lambda&gt;27]" time="0.04502725601196289"></testcase><testcase classname="src.pymortests.vectorarray" file="src/pymortests/vectorarray.py" line="1039" name="test_pairwise_dot_wrong_ind[compatible_vector_array_pair5-&lt;lambda&gt;28]" time="0.15586638450622559"></testcase><testcase classname="src.pymortests.vectorarray" file="src/pymortests/vectorarray.py" line="1039" name="test_pairwise_dot_wrong_ind[compatible_vector_array_pair5-&lt;lambda&gt;29]" time="0.008795738220214844"></testcase><testcase classname="src.pymortests.vectorarray" file="src/pymortests/vectorarray.py" line="1039" name="test_pairwise_dot_wrong_ind[compatible_vector_array_pair6-&lt;lambda&gt;0]" time="0.0020194053649902344"></testcase><testcase classname="src.pymortests.vectorarray" file="src/pymortests/vectorarray.py" line="1039" name="test_pairwise_dot_wrong_ind[compatible_vector_array_pair6-&lt;lambda&gt;1]" time="0.0025653839111328125"></testcase><testcase classname="src.pymortests.vectorarray" file="src/pymortests/vectorarray.py" line="1039" name="test_pairwise_dot_wrong_ind[compatible_vector_array_pair6-&lt;lambda&gt;2]" time="0.0040225982666015625"></testcase><testcase classname="src.pymortests.vectorarray" file="src/pymortests/vectorarray.py" line="1039" name="test_pairwise_dot_wrong_ind[compatible_vector_array_pair6-&lt;lambda&gt;3]" time="0.004892587661743164"></testcase><testcase classname="src.pymortests.vectorarray" file="src/pymortests/vectorarray.py" line="1039" name="test_pairwise_dot_wrong_ind[compatible_vector_array_pair6-&lt;lambda&gt;4]" time="0.005987882614135742"></testcase><testcase classname="src.pymortests.vectorarray" file="src/pymortests/vectorarray.py" line="1039" name="test_pairwise_dot_wrong_ind[compatible_vector_array_pair6-&lt;lambda&gt;5]" time="0.004088640213012695"></testcase><testcase classname="src.pymortests.vectorarray" file="src/pymortests/vectorarray.py" line="1039" name="test_pairwise_dot_wrong_ind[compatible_vector_array_pair6-&lt;lambda&gt;6]" time="0.0019207000732421875"></testcase><testcase classname="src.pymortests.vectorarray" file="src/pymortests/vectorarray.py" line="1039" name="test_pairwise_dot_wrong_ind[compatible_vector_array_pair6-&lt;lambda&gt;7]" time="0.002527952194213867"></testcase><testcase classname="src.pymortests.vectorarray" file="src/pymortests/vectorarray.py" line="1039" name="test_pairwise_dot_wrong_ind[compatible_vector_array_pair6-&lt;lambda&gt;8]" time="0.01125335693359375"></testcase><testcase classname="src.pymortests.vectorarray" file="src/pymortests/vectorarray.py" line="1039" name="test_pairwise_dot_wrong_ind[compatible_vector_array_pair6-&lt;lambda&gt;9]" time="0.016204118728637695"></testcase><testcase classname="src.pymortests.vectorarray" file="src/pymortests/vectorarray.py" line="1039" name="test_pairwise_dot_wrong_ind[compatible_vector_array_pair6-&lt;lambda&gt;10]" time="0.0520625114440918"></testcase><testcase classname="src.pymortests.vectorarray" file="src/pymortests/vectorarray.py" line="1039" name="test_pairwise_dot_wrong_ind[compatible_vector_array_pair6-&lt;lambda&gt;11]" time="0.005900382995605469"></testcase><testcase classname="src.pymortests.vectorarray" file="src/pymortests/vectorarray.py" line="1039" name="test_pairwise_dot_wrong_ind[compatible_vector_array_pair6-&lt;lambda&gt;12]" time="0.002896547317504883"></testcase><testcase classname="src.pymortests.vectorarray" file="src/pymortests/vectorarray.py" line="1039" name="test_pairwise_dot_wrong_ind[compatible_vector_array_pair6-&lt;lambda&gt;13]" time="0.0048220157623291016"></testcase><testcase classname="src.pymortests.vectorarray" file="src/pymortests/vectorarray.py" line="1039" name="test_pairwise_dot_wrong_ind[compatible_vector_array_pair6-&lt;lambda&gt;14]" time="0.005702018737792969"></testcase><testcase classname="src.pymortests.vectorarray" file="src/pymortests/vectorarray.py" line="1039" name="test_pairwise_dot_wrong_ind[compatible_vector_array_pair6-&lt;lambda&gt;15]" time="0.0076961517333984375"></testcase><testcase classname="src.pymortests.vectorarray" file="src/pymortests/vectorarray.py" line="1039" name="test_pairwise_dot_wrong_ind[compatible_vector_array_pair6-&lt;lambda&gt;16]" time="0.009693145751953125"></testcase><testcase classname="src.pymortests.vectorarray" file="src/pymortests/vectorarray.py" line="1039" name="test_pairwise_dot_wrong_ind[compatible_vector_array_pair6-&lt;lambda&gt;17]" time="0.012382030487060547"></testcase><testcase classname="src.pymortests.vectorarray" file="src/pymortests/vectorarray.py" line="1039" name="test_pairwise_dot_wrong_ind[compatible_vector_array_pair6-&lt;lambda&gt;18]" time="0.003567218780517578"></testcase><testcase classname="src.pymortests.vectorarray" file="src/pymortests/vectorarray.py" line="1039" name="test_pairwise_dot_wrong_ind[compatible_vector_array_pair6-&lt;lambda&gt;19]" time="0.0034542083740234375"></testcase><testcase classname="src.pymortests.vectorarray" file="src/pymortests/vectorarray.py" line="1039" name="test_pairwise_dot_wrong_ind[compatible_vector_array_pair6-&lt;lambda&gt;20]" time="0.035034894943237305"></testcase><testcase classname="src.pymortests.vectorarray" file="src/pymortests/vectorarray.py" line="1039" name="test_pairwise_dot_wrong_ind[compatible_vector_array_pair6-&lt;lambda&gt;21]" time="0.02708911895751953"></testcase><testcase classname="src.pymortests.vectorarray" file="src/pymortests/vectorarray.py" line="1039" name="test_pairwise_dot_wrong_ind[compatible_vector_array_pair6-&lt;lambda&gt;22]" time="0.09222555160522461"></testcase><testcase classname="src.pymortests.vectorarray" file="src/pymortests/vectorarray.py" line="1039" name="test_pairwise_dot_wrong_ind[compatible_vector_array_pair6-&lt;lambda&gt;23]" time="0.007763385772705078"></testcase><testcase classname="src.pymortests.vectorarray" file="src/pymortests/vectorarray.py" line="1039" name="test_pairwise_dot_wrong_ind[compatible_vector_array_pair6-&lt;lambda&gt;24]" time="0.0027463436126708984"></testcase><testcase classname="src.pymortests.vectorarray" file="src/pymortests/vectorarray.py" line="1039" name="test_pairwise_dot_wrong_ind[compatible_vector_array_pair6-&lt;lambda&gt;25]" time="0.003658771514892578"></testcase><testcase classname="src.pymortests.vectorarray" file="src/pymortests/vectorarray.py" line="1039" name="test_pairwise_dot_wrong_ind[compatible_vector_array_pair6-&lt;lambda&gt;26]" time="0.0319981575012207"></testcase><testcase classname="src.pymortests.vectorarray" file="src/pymortests/vectorarray.py" line="1039" name="test_pairwise_dot_wrong_ind[compatible_vector_array_pair6-&lt;lambda&gt;27]" time="0.04522418975830078"></testcase><testcase classname="src.pymortests.vectorarray" file="src/pymortests/vectorarray.py" line="1039" name="test_pairwise_dot_wrong_ind[compatible_vector_array_pair6-&lt;lambda&gt;28]" time="0.16287708282470703"></testcase><testcase classname="src.pymortests.vectorarray" file="src/pymortests/vectorarray.py" line="1039" name="test_pairwise_dot_wrong_ind[compatible_vector_array_pair6-&lt;lambda&gt;29]" time="0.008767366409301758"></testcase><testcase classname="src.pymortests.vectorarray" file="src/pymortests/vectorarray.py" line="1039" name="test_pairwise_dot_wrong_ind[compatible_vector_array_pair7-&lt;lambda&gt;0]" time="0.0029168128967285156"></testcase><testcase classname="src.pymortests.vectorarray" file="src/pymortests/vectorarray.py" line="1039" name="test_pairwise_dot_wrong_ind[compatible_vector_array_pair7-&lt;lambda&gt;1]" time="0.0027565956115722656"></testcase><testcase classname="src.pymortests.vectorarray" file="src/pymortests/vectorarray.py" line="1039" name="test_pairwise_dot_wrong_ind[compatible_vector_array_pair7-&lt;lambda&gt;2]" time="0.004136562347412109"></testcase><testcase classname="src.pymortests.vectorarray" file="src/pymortests/vectorarray.py" line="1039" name="test_pairwise_dot_wrong_ind[compatible_vector_array_pair7-&lt;lambda&gt;3]" time="0.004851102828979492"></testcase><testcase classname="src.pymortests.vectorarray" file="src/pymortests/vectorarray.py" line="1039" name="test_pairwise_dot_wrong_ind[compatible_vector_array_pair7-&lt;lambda&gt;4]" time="0.006046295166015625"></testcase><testcase classname="src.pymortests.vectorarray" file="src/pymortests/vectorarray.py" line="1039" name="test_pairwise_dot_wrong_ind[compatible_vector_array_pair7-&lt;lambda&gt;5]" time="0.004101753234863281"></testcase><testcase classname="src.pymortests.vectorarray" file="src/pymortests/vectorarray.py" line="1039" name="test_pairwise_dot_wrong_ind[compatible_vector_array_pair7-&lt;lambda&gt;6]" time="0.0018913745880126953"></testcase><testcase classname="src.pymortests.vectorarray" file="src/pymortests/vectorarray.py" line="1039" name="test_pairwise_dot_wrong_ind[compatible_vector_array_pair7-&lt;lambda&gt;7]" time="0.0025756359100341797"></testcase><testcase classname="src.pymortests.vectorarray" file="src/pymortests/vectorarray.py" line="1039" name="test_pairwise_dot_wrong_ind[compatible_vector_array_pair7-&lt;lambda&gt;8]" time="0.011135101318359375"></testcase><testcase classname="src.pymortests.vectorarray" file="src/pymortests/vectorarray.py" line="1039" name="test_pairwise_dot_wrong_ind[compatible_vector_array_pair7-&lt;lambda&gt;9]" time="0.016733884811401367"></testcase><testcase classname="src.pymortests.vectorarray" file="src/pymortests/vectorarray.py" line="1039" name="test_pairwise_dot_wrong_ind[compatible_vector_array_pair7-&lt;lambda&gt;10]" time="0.05615854263305664"></testcase><testcase classname="src.pymortests.vectorarray" file="src/pymortests/vectorarray.py" line="1039" name="test_pairwise_dot_wrong_ind[compatible_vector_array_pair7-&lt;lambda&gt;11]" time="0.005830049514770508"></testcase><testcase classname="src.pymortests.vectorarray" file="src/pymortests/vectorarray.py" line="1039" name="test_pairwise_dot_wrong_ind[compatible_vector_array_pair7-&lt;lambda&gt;12]" time="0.0029442310333251953"></testcase><testcase classname="src.pymortests.vectorarray" file="src/pymortests/vectorarray.py" line="1039" name="test_pairwise_dot_wrong_ind[compatible_vector_array_pair7-&lt;lambda&gt;13]" time="0.005138874053955078"></testcase><testcase classname="src.pymortests.vectorarray" file="src/pymortests/vectorarray.py" line="1039" name="test_pairwise_dot_wrong_ind[compatible_vector_array_pair7-&lt;lambda&gt;14]" time="0.0059661865234375"></testcase><testcase classname="src.pymortests.vectorarray" file="src/pymortests/vectorarray.py" line="1039" name="test_pairwise_dot_wrong_ind[compatible_vector_array_pair7-&lt;lambda&gt;15]" time="0.007970333099365234"></testcase><testcase classname="src.pymortests.vectorarray" file="src/pymortests/vectorarray.py" line="1039" name="test_pairwise_dot_wrong_ind[compatible_vector_array_pair7-&lt;lambda&gt;16]" time="0.01050114631652832"></testcase><testcase classname="src.pymortests.vectorarray" file="src/pymortests/vectorarray.py" line="1039" name="test_pairwise_dot_wrong_ind[compatible_vector_array_pair7-&lt;lambda&gt;17]" time="0.01395559310913086"></testcase><testcase classname="src.pymortests.vectorarray" file="src/pymortests/vectorarray.py" line="1039" name="test_pairwise_dot_wrong_ind[compatible_vector_array_pair7-&lt;lambda&gt;18]" time="0.003626585006713867"></testcase><testcase classname="src.pymortests.vectorarray" file="src/pymortests/vectorarray.py" line="1039" name="test_pairwise_dot_wrong_ind[compatible_vector_array_pair7-&lt;lambda&gt;19]" time="0.003498077392578125"></testcase><testcase classname="src.pymortests.vectorarray" file="src/pymortests/vectorarray.py" line="1039" name="test_pairwise_dot_wrong_ind[compatible_vector_array_pair7-&lt;lambda&gt;20]" time="0.0354611873626709"></testcase><testcase classname="src.pymortests.vectorarray" file="src/pymortests/vectorarray.py" line="1039" name="test_pairwise_dot_wrong_ind[compatible_vector_array_pair7-&lt;lambda&gt;21]" time="0.027476787567138672"></testcase><testcase classname="src.pymortests.vectorarray" file="src/pymortests/vectorarray.py" line="1039" name="test_pairwise_dot_wrong_ind[compatible_vector_array_pair7-&lt;lambda&gt;22]" time="0.08667182922363281"></testcase><testcase classname="src.pymortests.vectorarray" file="src/pymortests/vectorarray.py" line="1039" name="test_pairwise_dot_wrong_ind[compatible_vector_array_pair7-&lt;lambda&gt;23]" time="0.0073125362396240234"></testcase><testcase classname="src.pymortests.vectorarray" file="src/pymortests/vectorarray.py" line="1039" name="test_pairwise_dot_wrong_ind[compatible_vector_array_pair7-&lt;lambda&gt;24]" time="0.0027620792388916016"></testcase><testcase classname="src.pymortests.vectorarray" file="src/pymortests/vectorarray.py" line="1039" name="test_pairwise_dot_wrong_ind[compatible_vector_array_pair7-&lt;lambda&gt;25]" time="0.0039005279541015625"></testcase><testcase classname="src.pymortests.vectorarray" file="src/pymortests/vectorarray.py" line="1039" name="test_pairwise_dot_wrong_ind[compatible_vector_array_pair7-&lt;lambda&gt;26]" time="0.03188514709472656"></testcase><testcase classname="src.pymortests.vectorarray" file="src/pymortests/vectorarray.py" line="1039" name="test_pairwise_dot_wrong_ind[compatible_vector_array_pair7-&lt;lambda&gt;27]" time="0.0450739860534668"></testcase><testcase classname="src.pymortests.vectorarray" file="src/pymortests/vectorarray.py" line="1039" name="test_pairwise_dot_wrong_ind[compatible_vector_array_pair7-&lt;lambda&gt;28]" time="0.16112160682678223"></testcase><testcase classname="src.pymortests.vectorarray" file="src/pymortests/vectorarray.py" line="1039" name="test_pairwise_dot_wrong_ind[compatible_vector_array_pair7-&lt;lambda&gt;29]" time="0.00958395004272461"></testcase><testcase classname="src.pymortests.vectorarray" file="src/pymortests/vectorarray.py" line="1039" name="test_pairwise_dot_wrong_ind[compatible_vector_array_pair8-&lt;lambda&gt;0]" time="0.0031197071075439453"></testcase><testcase classname="src.pymortests.vectorarray" file="src/pymortests/vectorarray.py" line="1039" name="test_pairwise_dot_wrong_ind[compatible_vector_array_pair8-&lt;lambda&gt;1]" time="0.0027675628662109375"></testcase><testcase classname="src.pymortests.vectorarray" file="src/pymortests/vectorarray.py" line="1039" name="test_pairwise_dot_wrong_ind[compatible_vector_array_pair8-&lt;lambda&gt;2]" time="0.0041332244873046875"></testcase><testcase classname="src.pymortests.vectorarray" file="src/pymortests/vectorarray.py" line="1039" name="test_pairwise_dot_wrong_ind[compatible_vector_array_pair8-&lt;lambda&gt;3]" time="0.004824399948120117"></testcase><testcase classname="src.pymortests.vectorarray" file="src/pymortests/vectorarray.py" line="1039" name="test_pairwise_dot_wrong_ind[compatible_vector_array_pair8-&lt;lambda&gt;4]" time="0.006148576736450195"></testcase><testcase classname="src.pymortests.vectorarray" file="src/pymortests/vectorarray.py" line="1039" name="test_pairwise_dot_wrong_ind[compatible_vector_array_pair8-&lt;lambda&gt;5]" time="0.004265785217285156"></testcase><testcase classname="src.pymortests.vectorarray" file="src/pymortests/vectorarray.py" line="1039" name="test_pairwise_dot_wrong_ind[compatible_vector_array_pair8-&lt;lambda&gt;6]" time="0.0019845962524414062"></testcase><testcase classname="src.pymortests.vectorarray" file="src/pymortests/vectorarray.py" line="1039" name="test_pairwise_dot_wrong_ind[compatible_vector_array_pair8-&lt;lambda&gt;7]" time="0.0026595592498779297"></testcase><testcase classname="src.pymortests.vectorarray" file="src/pymortests/vectorarray.py" line="1039" name="test_pairwise_dot_wrong_ind[compatible_vector_array_pair8-&lt;lambda&gt;8]" time="0.011709451675415039"></testcase><testcase classname="src.pymortests.vectorarray" file="src/pymortests/vectorarray.py" line="1039" name="test_pairwise_dot_wrong_ind[compatible_vector_array_pair8-&lt;lambda&gt;9]" time="0.016332387924194336"></testcase><testcase classname="src.pymortests.vectorarray" file="src/pymortests/vectorarray.py" line="1039" name="test_pairwise_dot_wrong_ind[compatible_vector_array_pair8-&lt;lambda&gt;10]" time="0.05287981033325195"></testcase><testcase classname="src.pymortests.vectorarray" file="src/pymortests/vectorarray.py" line="1039" name="test_pairwise_dot_wrong_ind[compatible_vector_array_pair8-&lt;lambda&gt;11]" time="0.005833625793457031"></testcase><testcase classname="src.pymortests.vectorarray" file="src/pymortests/vectorarray.py" line="1039" name="test_pairwise_dot_wrong_ind[compatible_vector_array_pair8-&lt;lambda&gt;12]" time="0.0030975341796875"></testcase><testcase classname="src.pymortests.vectorarray" file="src/pymortests/vectorarray.py" line="1039" name="test_pairwise_dot_wrong_ind[compatible_vector_array_pair8-&lt;lambda&gt;13]" time="0.005108356475830078"></testcase><testcase classname="src.pymortests.vectorarray" file="src/pymortests/vectorarray.py" line="1039" name="test_pairwise_dot_wrong_ind[compatible_vector_array_pair8-&lt;lambda&gt;14]" time="0.006255626678466797"></testcase><testcase classname="src.pymortests.vectorarray" file="src/pymortests/vectorarray.py" line="1039" name="test_pairwise_dot_wrong_ind[compatible_vector_array_pair8-&lt;lambda&gt;15]" time="0.00847005844116211"></testcase><testcase classname="src.pymortests.vectorarray" file="src/pymortests/vectorarray.py" line="1039" name="test_pairwise_dot_wrong_ind[compatible_vector_array_pair8-&lt;lambda&gt;16]" time="0.010158300399780273"></testcase><testcase classname="src.pymortests.vectorarray" file="src/pymortests/vectorarray.py" line="1039" name="test_pairwise_dot_wrong_ind[compatible_vector_array_pair8-&lt;lambda&gt;17]" time="0.012464761734008789"></testcase><testcase classname="src.pymortests.vectorarray" file="src/pymortests/vectorarray.py" line="1039" name="test_pairwise_dot_wrong_ind[compatible_vector_array_pair8-&lt;lambda&gt;18]" time="0.002767324447631836"></testcase><testcase classname="src.pymortests.vectorarray" file="src/pymortests/vectorarray.py" line="1039" name="test_pairwise_dot_wrong_ind[compatible_vector_array_pair8-&lt;lambda&gt;19]" time="0.0034666061401367188"></testcase><testcase classname="src.pymortests.vectorarray" file="src/pymortests/vectorarray.py" line="1039" name="test_pairwise_dot_wrong_ind[compatible_vector_array_pair8-&lt;lambda&gt;20]" time="0.0369260311126709"></testcase><testcase classname="src.pymortests.vectorarray" file="src/pymortests/vectorarray.py" line="1039" name="test_pairwise_dot_wrong_ind[compatible_vector_array_pair8-&lt;lambda&gt;21]" time="0.02741217613220215"></testcase><testcase classname="src.pymortests.vectorarray" file="src/pymortests/vectorarray.py" line="1039" name="test_pairwise_dot_wrong_ind[compatible_vector_array_pair8-&lt;lambda&gt;22]" time="0.08631443977355957"></testcase><testcase classname="src.pymortests.vectorarray" file="src/pymortests/vectorarray.py" line="1039" name="test_pairwise_dot_wrong_ind[compatible_vector_array_pair8-&lt;lambda&gt;23]" time="0.007381916046142578"></testcase><testcase classname="src.pymortests.vectorarray" file="src/pymortests/vectorarray.py" line="1039" name="test_pairwise_dot_wrong_ind[compatible_vector_array_pair8-&lt;lambda&gt;24]" time="0.0027163028717041016"></testcase><testcase classname="src.pymortests.vectorarray" file="src/pymortests/vectorarray.py" line="1039" name="test_pairwise_dot_wrong_ind[compatible_vector_array_pair8-&lt;lambda&gt;25]" time="0.003839254379272461"></testcase><testcase classname="src.pymortests.vectorarray" file="src/pymortests/vectorarray.py" line="1039" name="test_pairwise_dot_wrong_ind[compatible_vector_array_pair8-&lt;lambda&gt;26]" time="0.031697988510131836"></testcase><testcase classname="src.pymortests.vectorarray" file="src/pymortests/vectorarray.py" line="1039" name="test_pairwise_dot_wrong_ind[compatible_vector_array_pair8-&lt;lambda&gt;27]" time="0.04603266716003418"></testcase><testcase classname="src.pymortests.vectorarray" file="src/pymortests/vectorarray.py" line="1039" name="test_pairwise_dot_wrong_ind[compatible_vector_array_pair8-&lt;lambda&gt;28]" time="0.1582622528076172"></testcase><testcase classname="src.pymortests.vectorarray" file="src/pymortests/vectorarray.py" line="1039" name="test_pairwise_dot_wrong_ind[compatible_vector_array_pair8-&lt;lambda&gt;29]" time="0.009191036224365234"></testcase><testcase classname="src.pymortests.vectorarray" file="src/pymortests/vectorarray.py" line="1047" name="test_pickle[0-&lt;lambda&gt;0]" time="0.005197286605834961"></testcase><testcase classname="src.pymortests.vectorarray" file="src/pymortests/vectorarray.py" line="1047" name="test_pickle[0-&lt;lambda&gt;1]" time="0.001756906509399414"></testcase><testcase classname="src.pymortests.vectorarray" file="src/pymortests/vectorarray.py" line="1047" name="test_pickle[0-&lt;lambda&gt;2]" time="0.0016222000122070312"></testcase><testcase classname="src.pymortests.vectorarray" file="src/pymortests/vectorarray.py" line="1047" name="test_pickle[0-&lt;lambda&gt;3]" time="0.0016760826110839844"></testcase><testcase classname="src.pymortests.vectorarray" file="src/pymortests/vectorarray.py" line="1047" name="test_pickle[0-&lt;lambda&gt;4]" time="0.0016198158264160156"></testcase><testcase classname="src.pymortests.vectorarray" file="src/pymortests/vectorarray.py" line="1047" name="test_pickle[0-&lt;lambda&gt;5]" time="0.0015370845794677734"></testcase><testcase classname="src.pymortests.vectorarray" file="src/pymortests/vectorarray.py" line="1047" name="test_pickle[0-&lt;lambda&gt;6]" time="0.0013499259948730469"></testcase><testcase classname="src.pymortests.vectorarray" file="src/pymortests/vectorarray.py" line="1047" name="test_pickle[0-&lt;lambda&gt;7]" time="0.0017426013946533203"></testcase><testcase classname="src.pymortests.vectorarray" file="src/pymortests/vectorarray.py" line="1047" name="test_pickle[0-&lt;lambda&gt;8]" time="0.004197835922241211"></testcase><testcase classname="src.pymortests.vectorarray" file="src/pymortests/vectorarray.py" line="1047" name="test_pickle[0-&lt;lambda&gt;9]" time="0.008291959762573242"></testcase><testcase classname="src.pymortests.vectorarray" file="src/pymortests/vectorarray.py" line="1047" name="test_pickle[0-&lt;lambda&gt;10]" time="0.003306150436401367"></testcase><testcase classname="src.pymortests.vectorarray" file="src/pymortests/vectorarray.py" line="1047" name="test_pickle[0-&lt;lambda&gt;11]" time="0.002057313919067383"></testcase><testcase classname="src.pymortests.vectorarray" file="src/pymortests/vectorarray.py" line="1047" name="test_pickle[0-&lt;lambda&gt;12]" time="0.001886606216430664"></testcase><testcase classname="src.pymortests.vectorarray" file="src/pymortests/vectorarray.py" line="1047" name="test_pickle[0-&lt;lambda&gt;13]" time="0.0016567707061767578"></testcase><testcase classname="src.pymortests.vectorarray" file="src/pymortests/vectorarray.py" line="1047" name="test_pickle[0-&lt;lambda&gt;14]" time="0.0017919540405273438"></testcase><testcase classname="src.pymortests.vectorarray" file="src/pymortests/vectorarray.py" line="1047" name="test_pickle[0-&lt;lambda&gt;15]" time="0.001932382583618164"></testcase><testcase classname="src.pymortests.vectorarray" file="src/pymortests/vectorarray.py" line="1047" name="test_pickle[0-&lt;lambda&gt;16]" time="0.0018656253814697266"></testcase><testcase classname="src.pymortests.vectorarray" file="src/pymortests/vectorarray.py" line="1047" name="test_pickle[1-&lt;lambda&gt;0]" time="0.0015571117401123047"></testcase><testcase classname="src.pymortests.vectorarray" file="src/pymortests/vectorarray.py" line="1047" name="test_pickle[1-&lt;lambda&gt;1]" time="0.0015244483947753906"></testcase><testcase classname="src.pymortests.vectorarray" file="src/pymortests/vectorarray.py" line="1047" name="test_pickle[1-&lt;lambda&gt;2]" time="0.001567840576171875"></testcase><testcase classname="src.pymortests.vectorarray" file="src/pymortests/vectorarray.py" line="1047" name="test_pickle[1-&lt;lambda&gt;3]" time="0.0017056465148925781"></testcase><testcase classname="src.pymortests.vectorarray" file="src/pymortests/vectorarray.py" line="1047" name="test_pickle[1-&lt;lambda&gt;4]" time="0.0016026496887207031"></testcase><testcase classname="src.pymortests.vectorarray" file="src/pymortests/vectorarray.py" line="1047" name="test_pickle[1-&lt;lambda&gt;5]" time="0.0013861656188964844"></testcase><testcase classname="src.pymortests.vectorarray" file="src/pymortests/vectorarray.py" line="1047" name="test_pickle[1-&lt;lambda&gt;6]" time="0.001957416534423828"></testcase><testcase classname="src.pymortests.vectorarray" file="src/pymortests/vectorarray.py" line="1047" name="test_pickle[1-&lt;lambda&gt;7]" time="0.0016536712646484375"></testcase><testcase classname="src.pymortests.vectorarray" file="src/pymortests/vectorarray.py" line="1047" name="test_pickle[1-&lt;lambda&gt;8]" time="0.004933834075927734"></testcase><testcase classname="src.pymortests.vectorarray" file="src/pymortests/vectorarray.py" line="1047" name="test_pickle[1-&lt;lambda&gt;9]" time="0.011686086654663086"></testcase><testcase classname="src.pymortests.vectorarray" file="src/pymortests/vectorarray.py" line="1047" name="test_pickle[1-&lt;lambda&gt;10]" time="0.0020089149475097656"></testcase><testcase classname="src.pymortests.vectorarray" file="src/pymortests/vectorarray.py" line="1047" name="test_pickle[1-&lt;lambda&gt;11]" time="0.001856088638305664"></testcase><testcase classname="src.pymortests.vectorarray" file="src/pymortests/vectorarray.py" line="1047" name="test_pickle[1-&lt;lambda&gt;12]" time="0.0018720626831054688"></testcase><testcase classname="src.pymortests.vectorarray" file="src/pymortests/vectorarray.py" line="1047" name="test_pickle[1-&lt;lambda&gt;13]" time="0.0018389225006103516"></testcase><testcase classname="src.pymortests.vectorarray" file="src/pymortests/vectorarray.py" line="1047" name="test_pickle[1-&lt;lambda&gt;14]" time="0.0018603801727294922"></testcase><testcase classname="src.pymortests.vectorarray" file="src/pymortests/vectorarray.py" line="1047" name="test_pickle[1-&lt;lambda&gt;15]" time="0.0020101070404052734"></testcase><testcase classname="src.pymortests.vectorarray" file="src/pymortests/vectorarray.py" line="1047" name="test_pickle[1-&lt;lambda&gt;16]" time="0.0019421577453613281"></testcase><testcase classname="src.pymortests.vectorarray" file="src/pymortests/vectorarray.py" line="1047" name="test_pickle[2-&lt;lambda&gt;0]" time="0.0014538764953613281"></testcase><testcase classname="src.pymortests.vectorarray" file="src/pymortests/vectorarray.py" line="1047" name="test_pickle[2-&lt;lambda&gt;1]" time="0.001439809799194336"></testcase><testcase classname="src.pymortests.vectorarray" file="src/pymortests/vectorarray.py" line="1047" name="test_pickle[2-&lt;lambda&gt;2]" time="0.0014853477478027344"></testcase><testcase classname="src.pymortests.vectorarray" file="src/pymortests/vectorarray.py" line="1047" name="test_pickle[2-&lt;lambda&gt;3]" time="0.001615762710571289"></testcase><testcase classname="src.pymortests.vectorarray" file="src/pymortests/vectorarray.py" line="1047" name="test_pickle[2-&lt;lambda&gt;4]" time="0.0014910697937011719"></testcase><testcase classname="src.pymortests.vectorarray" file="src/pymortests/vectorarray.py" line="1047" name="test_pickle[2-&lt;lambda&gt;5]" time="0.0013282299041748047"></testcase><testcase classname="src.pymortests.vectorarray" file="src/pymortests/vectorarray.py" line="1047" name="test_pickle[2-&lt;lambda&gt;6]" time="0.001294851303100586"></testcase><testcase classname="src.pymortests.vectorarray" file="src/pymortests/vectorarray.py" line="1047" name="test_pickle[2-&lt;lambda&gt;7]" time="0.0015461444854736328"></testcase><testcase classname="src.pymortests.vectorarray" file="src/pymortests/vectorarray.py" line="1047" name="test_pickle[2-&lt;lambda&gt;8]" time="0.004996061325073242"></testcase><testcase classname="src.pymortests.vectorarray" file="src/pymortests/vectorarray.py" line="1047" name="test_pickle[2-&lt;lambda&gt;9]" time="0.011407136917114258"></testcase><testcase classname="src.pymortests.vectorarray" file="src/pymortests/vectorarray.py" line="1047" name="test_pickle[2-&lt;lambda&gt;10]" time="0.0020291805267333984"></testcase><testcase classname="src.pymortests.vectorarray" file="src/pymortests/vectorarray.py" line="1047" name="test_pickle[2-&lt;lambda&gt;11]" time="0.0018887519836425781"></testcase><testcase classname="src.pymortests.vectorarray" file="src/pymortests/vectorarray.py" line="1047" name="test_pickle[2-&lt;lambda&gt;12]" time="0.0018544197082519531"></testcase><testcase classname="src.pymortests.vectorarray" file="src/pymortests/vectorarray.py" line="1047" name="test_pickle[2-&lt;lambda&gt;13]" time="0.0017325878143310547"></testcase><testcase classname="src.pymortests.vectorarray" file="src/pymortests/vectorarray.py" line="1047" name="test_pickle[2-&lt;lambda&gt;14]" time="0.0018470287322998047"></testcase><testcase classname="src.pymortests.vectorarray" file="src/pymortests/vectorarray.py" line="1047" name="test_pickle[2-&lt;lambda&gt;15]" time="0.00202178955078125"></testcase><testcase classname="src.pymortests.vectorarray" file="src/pymortests/vectorarray.py" line="1047" name="test_pickle[2-&lt;lambda&gt;16]" time="0.0020122528076171875"></testcase><testcase classname="src.pymortests.algorithms.basic" file="src/pymortests/algorithms/basic.py" line="21" name="test_almost_equal[compatible_vector_array_pair0-&lt;lambda&gt;0]" time="0.007815361022949219"></testcase><testcase classname="src.pymortests.algorithms.basic" file="src/pymortests/algorithms/basic.py" line="21" name="test_almost_equal[compatible_vector_array_pair0-&lt;lambda&gt;1]" time="0.0030846595764160156"></testcase><testcase classname="src.pymortests.algorithms.basic" file="src/pymortests/algorithms/basic.py" line="21" name="test_almost_equal[compatible_vector_array_pair0-&lt;lambda&gt;2]" time="0.020336627960205078"></testcase><testcase classname="src.pymortests.algorithms.basic" file="src/pymortests/algorithms/basic.py" line="21" name="test_almost_equal[compatible_vector_array_pair0-&lt;lambda&gt;3]" time="0.022484540939331055"></testcase><testcase classname="src.pymortests.algorithms.basic" file="src/pymortests/algorithms/basic.py" line="21" name="test_almost_equal[compatible_vector_array_pair0-&lt;lambda&gt;4]" time="0.03030252456665039"></testcase><testcase classname="src.pymortests.algorithms.basic" file="src/pymortests/algorithms/basic.py" line="21" name="test_almost_equal[compatible_vector_array_pair0-&lt;lambda&gt;5]" time="0.029757022857666016"></testcase><testcase classname="src.pymortests.algorithms.basic" file="src/pymortests/algorithms/basic.py" line="21" name="test_almost_equal[compatible_vector_array_pair0-&lt;lambda&gt;6]" time="0.007982492446899414"></testcase><testcase classname="src.pymortests.algorithms.basic" file="src/pymortests/algorithms/basic.py" line="21" name="test_almost_equal[compatible_vector_array_pair0-&lt;lambda&gt;7]" time="0.002768993377685547"></testcase><testcase classname="src.pymortests.algorithms.basic" file="src/pymortests/algorithms/basic.py" line="21" name="test_almost_equal[compatible_vector_array_pair0-&lt;lambda&gt;8]" time="0.02974224090576172"></testcase><testcase classname="src.pymortests.algorithms.basic" file="src/pymortests/algorithms/basic.py" line="21" name="test_almost_equal[compatible_vector_array_pair0-&lt;lambda&gt;9]" time="0.04005241394042969"></testcase><testcase classname="src.pymortests.algorithms.basic" file="src/pymortests/algorithms/basic.py" line="21" name="test_almost_equal[compatible_vector_array_pair0-&lt;lambda&gt;10]" time="0.12995648384094238"></testcase><testcase classname="src.pymortests.algorithms.basic" file="src/pymortests/algorithms/basic.py" line="21" name="test_almost_equal[compatible_vector_array_pair0-&lt;lambda&gt;11]" time="0.03312087059020996"></testcase><testcase classname="src.pymortests.algorithms.basic" file="src/pymortests/algorithms/basic.py" line="21" name="test_almost_equal[compatible_vector_array_pair0-&lt;lambda&gt;12]" time="0.022525548934936523"></testcase><testcase classname="src.pymortests.algorithms.basic" file="src/pymortests/algorithms/basic.py" line="21" name="test_almost_equal[compatible_vector_array_pair0-&lt;lambda&gt;13]" time="0.006243705749511719"></testcase><testcase classname="src.pymortests.algorithms.basic" file="src/pymortests/algorithms/basic.py" line="21" name="test_almost_equal[compatible_vector_array_pair0-&lt;lambda&gt;14]" time="0.02770519256591797"></testcase><testcase classname="src.pymortests.algorithms.basic" file="src/pymortests/algorithms/basic.py" line="21" name="test_almost_equal[compatible_vector_array_pair0-&lt;lambda&gt;15]" time="0.044988155364990234"></testcase><testcase classname="src.pymortests.algorithms.basic" file="src/pymortests/algorithms/basic.py" line="21" name="test_almost_equal[compatible_vector_array_pair0-&lt;lambda&gt;16]" time="0.05023050308227539"></testcase><testcase classname="src.pymortests.algorithms.basic" file="src/pymortests/algorithms/basic.py" line="21" name="test_almost_equal[compatible_vector_array_pair0-&lt;lambda&gt;17]" time="0.07189607620239258"></testcase><testcase classname="src.pymortests.algorithms.basic" file="src/pymortests/algorithms/basic.py" line="21" name="test_almost_equal[compatible_vector_array_pair0-&lt;lambda&gt;18]" time="0.029051780700683594"></testcase><testcase classname="src.pymortests.algorithms.basic" file="src/pymortests/algorithms/basic.py" line="21" name="test_almost_equal[compatible_vector_array_pair0-&lt;lambda&gt;19]" time="0.006145954132080078"></testcase><testcase classname="src.pymortests.algorithms.basic" file="src/pymortests/algorithms/basic.py" line="21" name="test_almost_equal[compatible_vector_array_pair0-&lt;lambda&gt;20]" time="0.18175458908081055"></testcase><testcase classname="src.pymortests.algorithms.basic" file="src/pymortests/algorithms/basic.py" line="21" name="test_almost_equal[compatible_vector_array_pair0-&lt;lambda&gt;21]" time="0.0981597900390625"></testcase><testcase classname="src.pymortests.algorithms.basic" file="src/pymortests/algorithms/basic.py" line="21" name="test_almost_equal[compatible_vector_array_pair0-&lt;lambda&gt;22]" time="0.3495020866394043"></testcase><testcase classname="src.pymortests.algorithms.basic" file="src/pymortests/algorithms/basic.py" line="21" name="test_almost_equal[compatible_vector_array_pair0-&lt;lambda&gt;23]" time="0.08714890480041504"></testcase><testcase classname="src.pymortests.algorithms.basic" file="src/pymortests/algorithms/basic.py" line="21" name="test_almost_equal[compatible_vector_array_pair0-&lt;lambda&gt;24]" time="0.009474039077758789"></testcase><testcase classname="src.pymortests.algorithms.basic" file="src/pymortests/algorithms/basic.py" line="21" name="test_almost_equal[compatible_vector_array_pair0-&lt;lambda&gt;25]" time="0.005332469940185547"></testcase><testcase classname="src.pymortests.algorithms.basic" file="src/pymortests/algorithms/basic.py" line="21" name="test_almost_equal[compatible_vector_array_pair0-&lt;lambda&gt;26]" time="0.3619821071624756"></testcase><testcase classname="src.pymortests.algorithms.basic" file="src/pymortests/algorithms/basic.py" line="21" name="test_almost_equal[compatible_vector_array_pair0-&lt;lambda&gt;27]" time="0.597034215927124"></testcase><testcase classname="src.pymortests.algorithms.basic" file="src/pymortests/algorithms/basic.py" line="21" name="test_almost_equal[compatible_vector_array_pair0-&lt;lambda&gt;28]" time="3.080695867538452"></testcase><testcase classname="src.pymortests.algorithms.basic" file="src/pymortests/algorithms/basic.py" line="21" name="test_almost_equal[compatible_vector_array_pair0-&lt;lambda&gt;29]" time="0.19574785232543945"></testcase><testcase classname="src.pymortests.algorithms.basic" file="src/pymortests/algorithms/basic.py" line="21" name="test_almost_equal[compatible_vector_array_pair1-&lt;lambda&gt;0]" time="0.009414196014404297"></testcase><testcase classname="src.pymortests.algorithms.basic" file="src/pymortests/algorithms/basic.py" line="21" name="test_almost_equal[compatible_vector_array_pair1-&lt;lambda&gt;1]" time="0.004317283630371094"></testcase><testcase classname="src.pymortests.algorithms.basic" file="src/pymortests/algorithms/basic.py" line="21" name="test_almost_equal[compatible_vector_array_pair1-&lt;lambda&gt;2]" time="0.020682811737060547"></testcase><testcase classname="src.pymortests.algorithms.basic" file="src/pymortests/algorithms/basic.py" line="21" name="test_almost_equal[compatible_vector_array_pair1-&lt;lambda&gt;3]" time="0.024216651916503906"></testcase><testcase classname="src.pymortests.algorithms.basic" file="src/pymortests/algorithms/basic.py" line="21" name="test_almost_equal[compatible_vector_array_pair1-&lt;lambda&gt;4]" time="0.03196001052856445"></testcase><testcase classname="src.pymortests.algorithms.basic" file="src/pymortests/algorithms/basic.py" line="21" name="test_almost_equal[compatible_vector_array_pair1-&lt;lambda&gt;5]" time="0.03106522560119629"></testcase><testcase classname="src.pymortests.algorithms.basic" file="src/pymortests/algorithms/basic.py" line="21" name="test_almost_equal[compatible_vector_array_pair1-&lt;lambda&gt;6]" time="0.009047269821166992"></testcase><testcase classname="src.pymortests.algorithms.basic" file="src/pymortests/algorithms/basic.py" line="21" name="test_almost_equal[compatible_vector_array_pair1-&lt;lambda&gt;7]" time="0.004456520080566406"></testcase><testcase classname="src.pymortests.algorithms.basic" file="src/pymortests/algorithms/basic.py" line="21" name="test_almost_equal[compatible_vector_array_pair1-&lt;lambda&gt;8]" time="0.0312502384185791"></testcase><testcase classname="src.pymortests.algorithms.basic" file="src/pymortests/algorithms/basic.py" line="21" name="test_almost_equal[compatible_vector_array_pair1-&lt;lambda&gt;9]" time="0.04315519332885742"></testcase><testcase classname="src.pymortests.algorithms.basic" file="src/pymortests/algorithms/basic.py" line="21" name="test_almost_equal[compatible_vector_array_pair1-&lt;lambda&gt;10]" time="0.13547158241271973"></testcase><testcase classname="src.pymortests.algorithms.basic" file="src/pymortests/algorithms/basic.py" line="21" name="test_almost_equal[compatible_vector_array_pair1-&lt;lambda&gt;11]" time="0.03537487983703613"></testcase><testcase classname="src.pymortests.algorithms.basic" file="src/pymortests/algorithms/basic.py" line="21" name="test_almost_equal[compatible_vector_array_pair1-&lt;lambda&gt;12]" time="0.021795272827148438"></testcase><testcase classname="src.pymortests.algorithms.basic" file="src/pymortests/algorithms/basic.py" line="21" name="test_almost_equal[compatible_vector_array_pair1-&lt;lambda&gt;13]" time="0.006546497344970703"></testcase><testcase classname="src.pymortests.algorithms.basic" file="src/pymortests/algorithms/basic.py" line="21" name="test_almost_equal[compatible_vector_array_pair1-&lt;lambda&gt;14]" time="0.029941558837890625"></testcase><testcase classname="src.pymortests.algorithms.basic" file="src/pymortests/algorithms/basic.py" line="21" name="test_almost_equal[compatible_vector_array_pair1-&lt;lambda&gt;15]" time="0.047498226165771484"></testcase><testcase classname="src.pymortests.algorithms.basic" file="src/pymortests/algorithms/basic.py" line="21" name="test_almost_equal[compatible_vector_array_pair1-&lt;lambda&gt;16]" time="0.05123400688171387"></testcase><testcase classname="src.pymortests.algorithms.basic" file="src/pymortests/algorithms/basic.py" line="21" name="test_almost_equal[compatible_vector_array_pair1-&lt;lambda&gt;17]" time="0.08054780960083008"></testcase><testcase classname="src.pymortests.algorithms.basic" file="src/pymortests/algorithms/basic.py" line="21" name="test_almost_equal[compatible_vector_array_pair1-&lt;lambda&gt;18]" time="0.030634641647338867"></testcase><testcase classname="src.pymortests.algorithms.basic" file="src/pymortests/algorithms/basic.py" line="21" name="test_almost_equal[compatible_vector_array_pair1-&lt;lambda&gt;19]" time="0.0069522857666015625"></testcase><testcase classname="src.pymortests.algorithms.basic" file="src/pymortests/algorithms/basic.py" line="21" name="test_almost_equal[compatible_vector_array_pair1-&lt;lambda&gt;20]" time="0.1886277198791504"></testcase><testcase classname="src.pymortests.algorithms.basic" file="src/pymortests/algorithms/basic.py" line="21" name="test_almost_equal[compatible_vector_array_pair1-&lt;lambda&gt;21]" time="0.10252213478088379"></testcase><testcase classname="src.pymortests.algorithms.basic" file="src/pymortests/algorithms/basic.py" line="21" name="test_almost_equal[compatible_vector_array_pair1-&lt;lambda&gt;22]" time="0.3446190357208252"></testcase><testcase classname="src.pymortests.algorithms.basic" file="src/pymortests/algorithms/basic.py" line="21" name="test_almost_equal[compatible_vector_array_pair1-&lt;lambda&gt;23]" time="0.08334136009216309"></testcase><testcase classname="src.pymortests.algorithms.basic" file="src/pymortests/algorithms/basic.py" line="21" name="test_almost_equal[compatible_vector_array_pair1-&lt;lambda&gt;24]" time="0.008701086044311523"></testcase><testcase classname="src.pymortests.algorithms.basic" file="src/pymortests/algorithms/basic.py" line="21" name="test_almost_equal[compatible_vector_array_pair1-&lt;lambda&gt;25]" time="0.005042552947998047"></testcase><testcase classname="src.pymortests.algorithms.basic" file="src/pymortests/algorithms/basic.py" line="21" name="test_almost_equal[compatible_vector_array_pair1-&lt;lambda&gt;26]" time="0.36630725860595703"></testcase><testcase classname="src.pymortests.algorithms.basic" file="src/pymortests/algorithms/basic.py" line="21" name="test_almost_equal[compatible_vector_array_pair1-&lt;lambda&gt;27]" time="0.5705487728118896"></testcase><testcase classname="src.pymortests.algorithms.basic" file="src/pymortests/algorithms/basic.py" line="21" name="test_almost_equal[compatible_vector_array_pair1-&lt;lambda&gt;28]" time="3.092494010925293"></testcase><testcase classname="src.pymortests.algorithms.basic" file="src/pymortests/algorithms/basic.py" line="21" name="test_almost_equal[compatible_vector_array_pair1-&lt;lambda&gt;29]" time="0.18766331672668457"></testcase><testcase classname="src.pymortests.algorithms.basic" file="src/pymortests/algorithms/basic.py" line="21" name="test_almost_equal[compatible_vector_array_pair2-&lt;lambda&gt;0]" time="0.009359121322631836"></testcase><testcase classname="src.pymortests.algorithms.basic" file="src/pymortests/algorithms/basic.py" line="21" name="test_almost_equal[compatible_vector_array_pair2-&lt;lambda&gt;1]" time="0.003420591354370117"></testcase><testcase classname="src.pymortests.algorithms.basic" file="src/pymortests/algorithms/basic.py" line="21" name="test_almost_equal[compatible_vector_array_pair2-&lt;lambda&gt;2]" time="0.02123880386352539"></testcase><testcase classname="src.pymortests.algorithms.basic" file="src/pymortests/algorithms/basic.py" line="21" name="test_almost_equal[compatible_vector_array_pair2-&lt;lambda&gt;3]" time="0.022613525390625"></testcase><testcase classname="src.pymortests.algorithms.basic" file="src/pymortests/algorithms/basic.py" line="21" name="test_almost_equal[compatible_vector_array_pair2-&lt;lambda&gt;4]" time="0.030074357986450195"></testcase><testcase classname="src.pymortests.algorithms.basic" file="src/pymortests/algorithms/basic.py" line="21" name="test_almost_equal[compatible_vector_array_pair2-&lt;lambda&gt;5]" time="0.02950739860534668"></testcase><testcase classname="src.pymortests.algorithms.basic" file="src/pymortests/algorithms/basic.py" line="21" name="test_almost_equal[compatible_vector_array_pair2-&lt;lambda&gt;6]" time="0.008010149002075195"></testcase><testcase classname="src.pymortests.algorithms.basic" file="src/pymortests/algorithms/basic.py" line="21" name="test_almost_equal[compatible_vector_array_pair2-&lt;lambda&gt;7]" time="0.002852916717529297"></testcase><testcase classname="src.pymortests.algorithms.basic" file="src/pymortests/algorithms/basic.py" line="21" name="test_almost_equal[compatible_vector_array_pair2-&lt;lambda&gt;8]" time="0.029163599014282227"></testcase><testcase classname="src.pymortests.algorithms.basic" file="src/pymortests/algorithms/basic.py" line="21" name="test_almost_equal[compatible_vector_array_pair2-&lt;lambda&gt;9]" time="0.041924476623535156"></testcase><testcase classname="src.pymortests.algorithms.basic" file="src/pymortests/algorithms/basic.py" line="21" name="test_almost_equal[compatible_vector_array_pair2-&lt;lambda&gt;10]" time="0.13164377212524414"></testcase><testcase classname="src.pymortests.algorithms.basic" file="src/pymortests/algorithms/basic.py" line="21" name="test_almost_equal[compatible_vector_array_pair2-&lt;lambda&gt;11]" time="0.03332972526550293"></testcase><testcase classname="src.pymortests.algorithms.basic" file="src/pymortests/algorithms/basic.py" line="21" name="test_almost_equal[compatible_vector_array_pair2-&lt;lambda&gt;12]" time="0.02096080780029297"></testcase><testcase classname="src.pymortests.algorithms.basic" file="src/pymortests/algorithms/basic.py" line="21" name="test_almost_equal[compatible_vector_array_pair2-&lt;lambda&gt;13]" time="0.00616455078125"></testcase><testcase classname="src.pymortests.algorithms.basic" file="src/pymortests/algorithms/basic.py" line="21" name="test_almost_equal[compatible_vector_array_pair2-&lt;lambda&gt;14]" time="0.027486085891723633"></testcase><testcase classname="src.pymortests.algorithms.basic" file="src/pymortests/algorithms/basic.py" line="21" name="test_almost_equal[compatible_vector_array_pair2-&lt;lambda&gt;15]" time="0.04502725601196289"></testcase><testcase classname="src.pymortests.algorithms.basic" file="src/pymortests/algorithms/basic.py" line="21" name="test_almost_equal[compatible_vector_array_pair2-&lt;lambda&gt;16]" time="0.052446603775024414"></testcase><testcase classname="src.pymortests.algorithms.basic" file="src/pymortests/algorithms/basic.py" line="21" name="test_almost_equal[compatible_vector_array_pair2-&lt;lambda&gt;17]" time="0.07260656356811523"></testcase><testcase classname="src.pymortests.algorithms.basic" file="src/pymortests/algorithms/basic.py" line="21" name="test_almost_equal[compatible_vector_array_pair2-&lt;lambda&gt;18]" time="0.02886366844177246"></testcase><testcase classname="src.pymortests.algorithms.basic" file="src/pymortests/algorithms/basic.py" line="21" name="test_almost_equal[compatible_vector_array_pair2-&lt;lambda&gt;19]" time="0.006393909454345703"></testcase><testcase classname="src.pymortests.algorithms.basic" file="src/pymortests/algorithms/basic.py" line="21" name="test_almost_equal[compatible_vector_array_pair2-&lt;lambda&gt;20]" time="0.1780402660369873"></testcase><testcase classname="src.pymortests.algorithms.basic" file="src/pymortests/algorithms/basic.py" line="21" name="test_almost_equal[compatible_vector_array_pair2-&lt;lambda&gt;21]" time="0.09663033485412598"></testcase><testcase classname="src.pymortests.algorithms.basic" file="src/pymortests/algorithms/basic.py" line="21" name="test_almost_equal[compatible_vector_array_pair2-&lt;lambda&gt;22]" time="0.3369326591491699"></testcase><testcase classname="src.pymortests.algorithms.basic" file="src/pymortests/algorithms/basic.py" line="21" name="test_almost_equal[compatible_vector_array_pair2-&lt;lambda&gt;23]" time="0.08286809921264648"></testcase><testcase classname="src.pymortests.algorithms.basic" file="src/pymortests/algorithms/basic.py" line="21" name="test_almost_equal[compatible_vector_array_pair2-&lt;lambda&gt;24]" time="0.008925914764404297"></testcase><testcase classname="src.pymortests.algorithms.basic" file="src/pymortests/algorithms/basic.py" line="21" name="test_almost_equal[compatible_vector_array_pair2-&lt;lambda&gt;25]" time="0.005770444869995117"></testcase><testcase classname="src.pymortests.algorithms.basic" file="src/pymortests/algorithms/basic.py" line="21" name="test_almost_equal[compatible_vector_array_pair2-&lt;lambda&gt;26]" time="0.3608081340789795"></testcase><testcase classname="src.pymortests.algorithms.basic" file="src/pymortests/algorithms/basic.py" line="21" name="test_almost_equal[compatible_vector_array_pair2-&lt;lambda&gt;27]" time="0.5779132843017578"></testcase><testcase classname="src.pymortests.algorithms.basic" file="src/pymortests/algorithms/basic.py" line="21" name="test_almost_equal[compatible_vector_array_pair2-&lt;lambda&gt;28]" time="3.048994302749634"></testcase><testcase classname="src.pymortests.algorithms.basic" file="src/pymortests/algorithms/basic.py" line="21" name="test_almost_equal[compatible_vector_array_pair2-&lt;lambda&gt;29]" time="0.1859426498413086"></testcase><testcase classname="src.pymortests.algorithms.basic" file="src/pymortests/algorithms/basic.py" line="21" name="test_almost_equal[compatible_vector_array_pair3-&lt;lambda&gt;0]" time="0.008772134780883789"></testcase><testcase classname="src.pymortests.algorithms.basic" file="src/pymortests/algorithms/basic.py" line="21" name="test_almost_equal[compatible_vector_array_pair3-&lt;lambda&gt;1]" time="0.003015756607055664"></testcase><testcase classname="src.pymortests.algorithms.basic" file="src/pymortests/algorithms/basic.py" line="21" name="test_almost_equal[compatible_vector_array_pair3-&lt;lambda&gt;2]" time="0.019629240036010742"></testcase><testcase classname="src.pymortests.algorithms.basic" file="src/pymortests/algorithms/basic.py" line="21" name="test_almost_equal[compatible_vector_array_pair3-&lt;lambda&gt;3]" time="0.022246122360229492"></testcase><testcase classname="src.pymortests.algorithms.basic" file="src/pymortests/algorithms/basic.py" line="21" name="test_almost_equal[compatible_vector_array_pair3-&lt;lambda&gt;4]" time="0.030786991119384766"></testcase><testcase classname="src.pymortests.algorithms.basic" file="src/pymortests/algorithms/basic.py" line="21" name="test_almost_equal[compatible_vector_array_pair3-&lt;lambda&gt;5]" time="0.029348373413085938"></testcase><testcase classname="src.pymortests.algorithms.basic" file="src/pymortests/algorithms/basic.py" line="21" name="test_almost_equal[compatible_vector_array_pair3-&lt;lambda&gt;6]" time="0.007936954498291016"></testcase><testcase classname="src.pymortests.algorithms.basic" file="src/pymortests/algorithms/basic.py" line="21" name="test_almost_equal[compatible_vector_array_pair3-&lt;lambda&gt;7]" time="0.0026972293853759766"></testcase><testcase classname="src.pymortests.algorithms.basic" file="src/pymortests/algorithms/basic.py" line="21" name="test_almost_equal[compatible_vector_array_pair3-&lt;lambda&gt;8]" time="0.02890324592590332"></testcase><testcase classname="src.pymortests.algorithms.basic" file="src/pymortests/algorithms/basic.py" line="21" name="test_almost_equal[compatible_vector_array_pair3-&lt;lambda&gt;9]" time="0.03923439979553223"></testcase><testcase classname="src.pymortests.algorithms.basic" file="src/pymortests/algorithms/basic.py" line="21" name="test_almost_equal[compatible_vector_array_pair3-&lt;lambda&gt;10]" time="0.1289381980895996"></testcase><testcase classname="src.pymortests.algorithms.basic" file="src/pymortests/algorithms/basic.py" line="21" name="test_almost_equal[compatible_vector_array_pair3-&lt;lambda&gt;11]" time="0.03273367881774902"></testcase><testcase classname="src.pymortests.algorithms.basic" file="src/pymortests/algorithms/basic.py" line="21" name="test_almost_equal[compatible_vector_array_pair3-&lt;lambda&gt;12]" time="0.020752906799316406"></testcase><testcase classname="src.pymortests.algorithms.basic" file="src/pymortests/algorithms/basic.py" line="21" name="test_almost_equal[compatible_vector_array_pair3-&lt;lambda&gt;13]" time="0.006036520004272461"></testcase><testcase classname="src.pymortests.algorithms.basic" file="src/pymortests/algorithms/basic.py" line="21" name="test_almost_equal[compatible_vector_array_pair3-&lt;lambda&gt;14]" time="0.02713465690612793"></testcase><testcase classname="src.pymortests.algorithms.basic" file="src/pymortests/algorithms/basic.py" line="21" name="test_almost_equal[compatible_vector_array_pair3-&lt;lambda&gt;15]" time="0.045284271240234375"></testcase><testcase classname="src.pymortests.algorithms.basic" file="src/pymortests/algorithms/basic.py" line="21" name="test_almost_equal[compatible_vector_array_pair3-&lt;lambda&gt;16]" time="0.049347877502441406"></testcase><testcase classname="src.pymortests.algorithms.basic" file="src/pymortests/algorithms/basic.py" line="21" name="test_almost_equal[compatible_vector_array_pair3-&lt;lambda&gt;17]" time="0.07100319862365723"></testcase><testcase classname="src.pymortests.algorithms.basic" file="src/pymortests/algorithms/basic.py" line="21" name="test_almost_equal[compatible_vector_array_pair3-&lt;lambda&gt;18]" time="0.028352022171020508"></testcase><testcase classname="src.pymortests.algorithms.basic" file="src/pymortests/algorithms/basic.py" line="21" name="test_almost_equal[compatible_vector_array_pair3-&lt;lambda&gt;19]" time="0.0060727596282958984"></testcase><testcase classname="src.pymortests.algorithms.basic" file="src/pymortests/algorithms/basic.py" line="21" name="test_almost_equal[compatible_vector_array_pair3-&lt;lambda&gt;20]" time="0.17655444145202637"></testcase><testcase classname="src.pymortests.algorithms.basic" file="src/pymortests/algorithms/basic.py" line="21" name="test_almost_equal[compatible_vector_array_pair3-&lt;lambda&gt;21]" time="0.09601283073425293"></testcase><testcase classname="src.pymortests.algorithms.basic" file="src/pymortests/algorithms/basic.py" line="21" name="test_almost_equal[compatible_vector_array_pair3-&lt;lambda&gt;22]" time="0.31995701789855957"></testcase><testcase classname="src.pymortests.algorithms.basic" file="src/pymortests/algorithms/basic.py" line="21" name="test_almost_equal[compatible_vector_array_pair3-&lt;lambda&gt;23]" time="0.08270907402038574"></testcase><testcase classname="src.pymortests.algorithms.basic" file="src/pymortests/algorithms/basic.py" line="21" name="test_almost_equal[compatible_vector_array_pair3-&lt;lambda&gt;24]" time="0.008537530899047852"></testcase><testcase classname="src.pymortests.algorithms.basic" file="src/pymortests/algorithms/basic.py" line="21" name="test_almost_equal[compatible_vector_array_pair3-&lt;lambda&gt;25]" time="0.004709005355834961"></testcase><testcase classname="src.pymortests.algorithms.basic" file="src/pymortests/algorithms/basic.py" line="21" name="test_almost_equal[compatible_vector_array_pair3-&lt;lambda&gt;26]" time="0.34340763092041016"></testcase><testcase classname="src.pymortests.algorithms.basic" file="src/pymortests/algorithms/basic.py" line="21" name="test_almost_equal[compatible_vector_array_pair3-&lt;lambda&gt;27]" time="0.5832493305206299"></testcase><testcase classname="src.pymortests.algorithms.basic" file="src/pymortests/algorithms/basic.py" line="21" name="test_almost_equal[compatible_vector_array_pair3-&lt;lambda&gt;28]" time="3.024763822555542"></testcase><testcase classname="src.pymortests.algorithms.basic" file="src/pymortests/algorithms/basic.py" line="21" name="test_almost_equal[compatible_vector_array_pair3-&lt;lambda&gt;29]" time="0.18638992309570312"></testcase><testcase classname="src.pymortests.algorithms.basic" file="src/pymortests/algorithms/basic.py" line="21" name="test_almost_equal[compatible_vector_array_pair4-&lt;lambda&gt;0]" time="0.008776426315307617"></testcase><testcase classname="src.pymortests.algorithms.basic" file="src/pymortests/algorithms/basic.py" line="21" name="test_almost_equal[compatible_vector_array_pair4-&lt;lambda&gt;1]" time="0.004004240036010742"></testcase><testcase classname="src.pymortests.algorithms.basic" file="src/pymortests/algorithms/basic.py" line="21" name="test_almost_equal[compatible_vector_array_pair4-&lt;lambda&gt;2]" time="0.020300865173339844"></testcase><testcase classname="src.pymortests.algorithms.basic" file="src/pymortests/algorithms/basic.py" line="21" name="test_almost_equal[compatible_vector_array_pair4-&lt;lambda&gt;3]" time="0.024075746536254883"></testcase><testcase classname="src.pymortests.algorithms.basic" file="src/pymortests/algorithms/basic.py" line="21" name="test_almost_equal[compatible_vector_array_pair4-&lt;lambda&gt;4]" time="0.030295848846435547"></testcase><testcase classname="src.pymortests.algorithms.basic" file="src/pymortests/algorithms/basic.py" line="21" name="test_almost_equal[compatible_vector_array_pair4-&lt;lambda&gt;5]" time="0.02938389778137207"></testcase><testcase classname="src.pymortests.algorithms.basic" file="src/pymortests/algorithms/basic.py" line="21" name="test_almost_equal[compatible_vector_array_pair4-&lt;lambda&gt;6]" time="0.007870912551879883"></testcase><testcase classname="src.pymortests.algorithms.basic" file="src/pymortests/algorithms/basic.py" line="21" name="test_almost_equal[compatible_vector_array_pair4-&lt;lambda&gt;7]" time="0.0026733875274658203"></testcase><testcase classname="src.pymortests.algorithms.basic" file="src/pymortests/algorithms/basic.py" line="21" name="test_almost_equal[compatible_vector_array_pair4-&lt;lambda&gt;8]" time="0.029164791107177734"></testcase><testcase classname="src.pymortests.algorithms.basic" file="src/pymortests/algorithms/basic.py" line="21" name="test_almost_equal[compatible_vector_array_pair4-&lt;lambda&gt;9]" time="0.03993034362792969"></testcase><testcase classname="src.pymortests.algorithms.basic" file="src/pymortests/algorithms/basic.py" line="21" name="test_almost_equal[compatible_vector_array_pair4-&lt;lambda&gt;10]" time="0.12929272651672363"></testcase><testcase classname="src.pymortests.algorithms.basic" file="src/pymortests/algorithms/basic.py" line="21" name="test_almost_equal[compatible_vector_array_pair4-&lt;lambda&gt;11]" time="0.03260612487792969"></testcase><testcase classname="src.pymortests.algorithms.basic" file="src/pymortests/algorithms/basic.py" line="21" name="test_almost_equal[compatible_vector_array_pair4-&lt;lambda&gt;12]" time="0.021023273468017578"></testcase><testcase classname="src.pymortests.algorithms.basic" file="src/pymortests/algorithms/basic.py" line="21" name="test_almost_equal[compatible_vector_array_pair4-&lt;lambda&gt;13]" time="0.005911827087402344"></testcase><testcase classname="src.pymortests.algorithms.basic" file="src/pymortests/algorithms/basic.py" line="21" name="test_almost_equal[compatible_vector_array_pair4-&lt;lambda&gt;14]" time="0.02761983871459961"></testcase><testcase classname="src.pymortests.algorithms.basic" file="src/pymortests/algorithms/basic.py" line="21" name="test_almost_equal[compatible_vector_array_pair4-&lt;lambda&gt;15]" time="0.045087337493896484"></testcase><testcase classname="src.pymortests.algorithms.basic" file="src/pymortests/algorithms/basic.py" line="21" name="test_almost_equal[compatible_vector_array_pair4-&lt;lambda&gt;16]" time="0.04921150207519531"></testcase><testcase classname="src.pymortests.algorithms.basic" file="src/pymortests/algorithms/basic.py" line="21" name="test_almost_equal[compatible_vector_array_pair4-&lt;lambda&gt;17]" time="0.07140660285949707"></testcase><testcase classname="src.pymortests.algorithms.basic" file="src/pymortests/algorithms/basic.py" line="21" name="test_almost_equal[compatible_vector_array_pair4-&lt;lambda&gt;18]" time="0.0287630558013916"></testcase><testcase classname="src.pymortests.algorithms.basic" file="src/pymortests/algorithms/basic.py" line="21" name="test_almost_equal[compatible_vector_array_pair4-&lt;lambda&gt;19]" time="0.006224393844604492"></testcase><testcase classname="src.pymortests.algorithms.basic" file="src/pymortests/algorithms/basic.py" line="21" name="test_almost_equal[compatible_vector_array_pair4-&lt;lambda&gt;20]" time="0.171128511428833"></testcase><testcase classname="src.pymortests.algorithms.basic" file="src/pymortests/algorithms/basic.py" line="21" name="test_almost_equal[compatible_vector_array_pair4-&lt;lambda&gt;21]" time="0.09666681289672852"></testcase><testcase classname="src.pymortests.algorithms.basic" file="src/pymortests/algorithms/basic.py" line="21" name="test_almost_equal[compatible_vector_array_pair4-&lt;lambda&gt;22]" time="0.32924985885620117"></testcase><testcase classname="src.pymortests.algorithms.basic" file="src/pymortests/algorithms/basic.py" line="21" name="test_almost_equal[compatible_vector_array_pair4-&lt;lambda&gt;23]" time="0.08196258544921875"></testcase><testcase classname="src.pymortests.algorithms.basic" file="src/pymortests/algorithms/basic.py" line="21" name="test_almost_equal[compatible_vector_array_pair4-&lt;lambda&gt;24]" time="0.00887155532836914"></testcase><testcase classname="src.pymortests.algorithms.basic" file="src/pymortests/algorithms/basic.py" line="21" name="test_almost_equal[compatible_vector_array_pair4-&lt;lambda&gt;25]" time="0.0055348873138427734"></testcase><testcase classname="src.pymortests.algorithms.basic" file="src/pymortests/algorithms/basic.py" line="21" name="test_almost_equal[compatible_vector_array_pair4-&lt;lambda&gt;26]" time="0.3617210388183594"></testcase><testcase classname="src.pymortests.algorithms.basic" file="src/pymortests/algorithms/basic.py" line="21" name="test_almost_equal[compatible_vector_array_pair4-&lt;lambda&gt;27]" time="0.5921509265899658"></testcase><testcase classname="src.pymortests.algorithms.basic" file="src/pymortests/algorithms/basic.py" line="21" name="test_almost_equal[compatible_vector_array_pair4-&lt;lambda&gt;28]" time="3.07779598236084"></testcase><testcase classname="src.pymortests.algorithms.basic" file="src/pymortests/algorithms/basic.py" line="21" name="test_almost_equal[compatible_vector_array_pair4-&lt;lambda&gt;29]" time="0.1837911605834961"></testcase><testcase classname="src.pymortests.algorithms.basic" file="src/pymortests/algorithms/basic.py" line="21" name="test_almost_equal[compatible_vector_array_pair5-&lt;lambda&gt;0]" time="0.008641719818115234"></testcase><testcase classname="src.pymortests.algorithms.basic" file="src/pymortests/algorithms/basic.py" line="21" name="test_almost_equal[compatible_vector_array_pair5-&lt;lambda&gt;1]" time="0.002925395965576172"></testcase><testcase classname="src.pymortests.algorithms.basic" file="src/pymortests/algorithms/basic.py" line="21" name="test_almost_equal[compatible_vector_array_pair5-&lt;lambda&gt;2]" time="0.01967334747314453"></testcase><testcase classname="src.pymortests.algorithms.basic" file="src/pymortests/algorithms/basic.py" line="21" name="test_almost_equal[compatible_vector_array_pair5-&lt;lambda&gt;3]" time="0.02276325225830078"></testcase><testcase classname="src.pymortests.algorithms.basic" file="src/pymortests/algorithms/basic.py" line="21" name="test_almost_equal[compatible_vector_array_pair5-&lt;lambda&gt;4]" time="0.0307767391204834"></testcase><testcase classname="src.pymortests.algorithms.basic" file="src/pymortests/algorithms/basic.py" line="21" name="test_almost_equal[compatible_vector_array_pair5-&lt;lambda&gt;5]" time="0.02998805046081543"></testcase><testcase classname="src.pymortests.algorithms.basic" file="src/pymortests/algorithms/basic.py" line="21" name="test_almost_equal[compatible_vector_array_pair5-&lt;lambda&gt;6]" time="0.007772922515869141"></testcase><testcase classname="src.pymortests.algorithms.basic" file="src/pymortests/algorithms/basic.py" line="21" name="test_almost_equal[compatible_vector_array_pair5-&lt;lambda&gt;7]" time="0.002699136734008789"></testcase><testcase classname="src.pymortests.algorithms.basic" file="src/pymortests/algorithms/basic.py" line="21" name="test_almost_equal[compatible_vector_array_pair5-&lt;lambda&gt;8]" time="0.02941441535949707"></testcase><testcase classname="src.pymortests.algorithms.basic" file="src/pymortests/algorithms/basic.py" line="21" name="test_almost_equal[compatible_vector_array_pair5-&lt;lambda&gt;9]" time="0.04110240936279297"></testcase><testcase classname="src.pymortests.algorithms.basic" file="src/pymortests/algorithms/basic.py" line="21" name="test_almost_equal[compatible_vector_array_pair5-&lt;lambda&gt;10]" time="0.13143014907836914"></testcase><testcase classname="src.pymortests.algorithms.basic" file="src/pymortests/algorithms/basic.py" line="21" name="test_almost_equal[compatible_vector_array_pair5-&lt;lambda&gt;11]" time="0.03250694274902344"></testcase><testcase classname="src.pymortests.algorithms.basic" file="src/pymortests/algorithms/basic.py" line="21" name="test_almost_equal[compatible_vector_array_pair5-&lt;lambda&gt;12]" time="0.020889997482299805"></testcase><testcase classname="src.pymortests.algorithms.basic" file="src/pymortests/algorithms/basic.py" line="21" name="test_almost_equal[compatible_vector_array_pair5-&lt;lambda&gt;13]" time="0.006122112274169922"></testcase><testcase classname="src.pymortests.algorithms.basic" file="src/pymortests/algorithms/basic.py" line="21" name="test_almost_equal[compatible_vector_array_pair5-&lt;lambda&gt;14]" time="0.02741837501525879"></testcase><testcase classname="src.pymortests.algorithms.basic" file="src/pymortests/algorithms/basic.py" line="21" name="test_almost_equal[compatible_vector_array_pair5-&lt;lambda&gt;15]" time="0.04614567756652832"></testcase><testcase classname="src.pymortests.algorithms.basic" file="src/pymortests/algorithms/basic.py" line="21" name="test_almost_equal[compatible_vector_array_pair5-&lt;lambda&gt;16]" time="0.049256086349487305"></testcase><testcase classname="src.pymortests.algorithms.basic" file="src/pymortests/algorithms/basic.py" line="21" name="test_almost_equal[compatible_vector_array_pair5-&lt;lambda&gt;17]" time="0.07140779495239258"></testcase><testcase classname="src.pymortests.algorithms.basic" file="src/pymortests/algorithms/basic.py" line="21" name="test_almost_equal[compatible_vector_array_pair5-&lt;lambda&gt;18]" time="0.02878570556640625"></testcase><testcase classname="src.pymortests.algorithms.basic" file="src/pymortests/algorithms/basic.py" line="21" name="test_almost_equal[compatible_vector_array_pair5-&lt;lambda&gt;19]" time="0.00626063346862793"></testcase><testcase classname="src.pymortests.algorithms.basic" file="src/pymortests/algorithms/basic.py" line="21" name="test_almost_equal[compatible_vector_array_pair5-&lt;lambda&gt;20]" time="0.17525053024291992"></testcase><testcase classname="src.pymortests.algorithms.basic" file="src/pymortests/algorithms/basic.py" line="21" name="test_almost_equal[compatible_vector_array_pair5-&lt;lambda&gt;21]" time="0.09681916236877441"></testcase><testcase classname="src.pymortests.algorithms.basic" file="src/pymortests/algorithms/basic.py" line="21" name="test_almost_equal[compatible_vector_array_pair5-&lt;lambda&gt;22]" time="0.32372164726257324"></testcase><testcase classname="src.pymortests.algorithms.basic" file="src/pymortests/algorithms/basic.py" line="21" name="test_almost_equal[compatible_vector_array_pair5-&lt;lambda&gt;23]" time="0.08122372627258301"></testcase><testcase classname="src.pymortests.algorithms.basic" file="src/pymortests/algorithms/basic.py" line="21" name="test_almost_equal[compatible_vector_array_pair5-&lt;lambda&gt;24]" time="0.00873112678527832"></testcase><testcase classname="src.pymortests.algorithms.basic" file="src/pymortests/algorithms/basic.py" line="21" name="test_almost_equal[compatible_vector_array_pair5-&lt;lambda&gt;25]" time="0.005559206008911133"></testcase><testcase classname="src.pymortests.algorithms.basic" file="src/pymortests/algorithms/basic.py" line="21" name="test_almost_equal[compatible_vector_array_pair5-&lt;lambda&gt;26]" time="0.3646538257598877"></testcase><testcase classname="src.pymortests.algorithms.basic" file="src/pymortests/algorithms/basic.py" line="21" name="test_almost_equal[compatible_vector_array_pair5-&lt;lambda&gt;27]" time="0.5848932266235352"></testcase><testcase classname="src.pymortests.algorithms.basic" file="src/pymortests/algorithms/basic.py" line="21" name="test_almost_equal[compatible_vector_array_pair5-&lt;lambda&gt;28]" time="3.081594944000244"></testcase><testcase classname="src.pymortests.algorithms.basic" file="src/pymortests/algorithms/basic.py" line="21" name="test_almost_equal[compatible_vector_array_pair5-&lt;lambda&gt;29]" time="0.18780851364135742"></testcase><testcase classname="src.pymortests.algorithms.basic" file="src/pymortests/algorithms/basic.py" line="21" name="test_almost_equal[compatible_vector_array_pair6-&lt;lambda&gt;0]" time="0.008598566055297852"></testcase><testcase classname="src.pymortests.algorithms.basic" file="src/pymortests/algorithms/basic.py" line="21" name="test_almost_equal[compatible_vector_array_pair6-&lt;lambda&gt;1]" time="0.00399017333984375"></testcase><testcase classname="src.pymortests.algorithms.basic" file="src/pymortests/algorithms/basic.py" line="21" name="test_almost_equal[compatible_vector_array_pair6-&lt;lambda&gt;2]" time="0.01979851722717285"></testcase><testcase classname="src.pymortests.algorithms.basic" file="src/pymortests/algorithms/basic.py" line="21" name="test_almost_equal[compatible_vector_array_pair6-&lt;lambda&gt;3]" time="0.022545576095581055"></testcase><testcase classname="src.pymortests.algorithms.basic" file="src/pymortests/algorithms/basic.py" line="21" name="test_almost_equal[compatible_vector_array_pair6-&lt;lambda&gt;4]" time="0.03005504608154297"></testcase><testcase classname="src.pymortests.algorithms.basic" file="src/pymortests/algorithms/basic.py" line="21" name="test_almost_equal[compatible_vector_array_pair6-&lt;lambda&gt;5]" time="0.029552936553955078"></testcase><testcase classname="src.pymortests.algorithms.basic" file="src/pymortests/algorithms/basic.py" line="21" name="test_almost_equal[compatible_vector_array_pair6-&lt;lambda&gt;6]" time="0.00777745246887207"></testcase><testcase classname="src.pymortests.algorithms.basic" file="src/pymortests/algorithms/basic.py" line="21" name="test_almost_equal[compatible_vector_array_pair6-&lt;lambda&gt;7]" time="0.002665996551513672"></testcase><testcase classname="src.pymortests.algorithms.basic" file="src/pymortests/algorithms/basic.py" line="21" name="test_almost_equal[compatible_vector_array_pair6-&lt;lambda&gt;8]" time="0.028943538665771484"></testcase><testcase classname="src.pymortests.algorithms.basic" file="src/pymortests/algorithms/basic.py" line="21" name="test_almost_equal[compatible_vector_array_pair6-&lt;lambda&gt;9]" time="0.039762020111083984"></testcase><testcase classname="src.pymortests.algorithms.basic" file="src/pymortests/algorithms/basic.py" line="21" name="test_almost_equal[compatible_vector_array_pair6-&lt;lambda&gt;10]" time="0.12949490547180176"></testcase><testcase classname="src.pymortests.algorithms.basic" file="src/pymortests/algorithms/basic.py" line="21" name="test_almost_equal[compatible_vector_array_pair6-&lt;lambda&gt;11]" time="0.03273749351501465"></testcase><testcase classname="src.pymortests.algorithms.basic" file="src/pymortests/algorithms/basic.py" line="21" name="test_almost_equal[compatible_vector_array_pair6-&lt;lambda&gt;12]" time="0.02115607261657715"></testcase><testcase classname="src.pymortests.algorithms.basic" file="src/pymortests/algorithms/basic.py" line="21" name="test_almost_equal[compatible_vector_array_pair6-&lt;lambda&gt;13]" time="0.0058269500732421875"></testcase><testcase classname="src.pymortests.algorithms.basic" file="src/pymortests/algorithms/basic.py" line="21" name="test_almost_equal[compatible_vector_array_pair6-&lt;lambda&gt;14]" time="0.027407169342041016"></testcase><testcase classname="src.pymortests.algorithms.basic" file="src/pymortests/algorithms/basic.py" line="21" name="test_almost_equal[compatible_vector_array_pair6-&lt;lambda&gt;15]" time="0.0452265739440918"></testcase><testcase classname="src.pymortests.algorithms.basic" file="src/pymortests/algorithms/basic.py" line="21" name="test_almost_equal[compatible_vector_array_pair6-&lt;lambda&gt;16]" time="0.05057168006896973"></testcase><testcase classname="src.pymortests.algorithms.basic" file="src/pymortests/algorithms/basic.py" line="21" name="test_almost_equal[compatible_vector_array_pair6-&lt;lambda&gt;17]" time="0.0717320442199707"></testcase><testcase classname="src.pymortests.algorithms.basic" file="src/pymortests/algorithms/basic.py" line="21" name="test_almost_equal[compatible_vector_array_pair6-&lt;lambda&gt;18]" time="0.02832961082458496"></testcase><testcase classname="src.pymortests.algorithms.basic" file="src/pymortests/algorithms/basic.py" line="21" name="test_almost_equal[compatible_vector_array_pair6-&lt;lambda&gt;19]" time="0.0060651302337646484"></testcase><testcase classname="src.pymortests.algorithms.basic" file="src/pymortests/algorithms/basic.py" line="21" name="test_almost_equal[compatible_vector_array_pair6-&lt;lambda&gt;20]" time="0.17983150482177734"></testcase><testcase classname="src.pymortests.algorithms.basic" file="src/pymortests/algorithms/basic.py" line="21" name="test_almost_equal[compatible_vector_array_pair6-&lt;lambda&gt;21]" time="0.09868979454040527"></testcase><testcase classname="src.pymortests.algorithms.basic" file="src/pymortests/algorithms/basic.py" line="21" name="test_almost_equal[compatible_vector_array_pair6-&lt;lambda&gt;22]" time="0.3313477039337158"></testcase><testcase classname="src.pymortests.algorithms.basic" file="src/pymortests/algorithms/basic.py" line="21" name="test_almost_equal[compatible_vector_array_pair6-&lt;lambda&gt;23]" time="0.08194112777709961"></testcase><testcase classname="src.pymortests.algorithms.basic" file="src/pymortests/algorithms/basic.py" line="21" name="test_almost_equal[compatible_vector_array_pair6-&lt;lambda&gt;24]" time="0.00893855094909668"></testcase><testcase classname="src.pymortests.algorithms.basic" file="src/pymortests/algorithms/basic.py" line="21" name="test_almost_equal[compatible_vector_array_pair6-&lt;lambda&gt;25]" time="0.004714488983154297"></testcase><testcase classname="src.pymortests.algorithms.basic" file="src/pymortests/algorithms/basic.py" line="21" name="test_almost_equal[compatible_vector_array_pair6-&lt;lambda&gt;26]" time="0.3421502113342285"></testcase><testcase classname="src.pymortests.algorithms.basic" file="src/pymortests/algorithms/basic.py" line="21" name="test_almost_equal[compatible_vector_array_pair6-&lt;lambda&gt;27]" time="0.5883240699768066"></testcase><testcase classname="src.pymortests.algorithms.basic" file="src/pymortests/algorithms/basic.py" line="21" name="test_almost_equal[compatible_vector_array_pair6-&lt;lambda&gt;28]" time="3.0654942989349365"></testcase><testcase classname="src.pymortests.algorithms.basic" file="src/pymortests/algorithms/basic.py" line="21" name="test_almost_equal[compatible_vector_array_pair6-&lt;lambda&gt;29]" time="0.18334388732910156"></testcase><testcase classname="src.pymortests.algorithms.basic" file="src/pymortests/algorithms/basic.py" line="21" name="test_almost_equal[compatible_vector_array_pair7-&lt;lambda&gt;0]" time="0.00884246826171875"></testcase><testcase classname="src.pymortests.algorithms.basic" file="src/pymortests/algorithms/basic.py" line="21" name="test_almost_equal[compatible_vector_array_pair7-&lt;lambda&gt;1]" time="0.004132270812988281"></testcase><testcase classname="src.pymortests.algorithms.basic" file="src/pymortests/algorithms/basic.py" line="21" name="test_almost_equal[compatible_vector_array_pair7-&lt;lambda&gt;2]" time="0.019808292388916016"></testcase><testcase classname="src.pymortests.algorithms.basic" file="src/pymortests/algorithms/basic.py" line="21" name="test_almost_equal[compatible_vector_array_pair7-&lt;lambda&gt;3]" time="0.022704362869262695"></testcase><testcase classname="src.pymortests.algorithms.basic" file="src/pymortests/algorithms/basic.py" line="21" name="test_almost_equal[compatible_vector_array_pair7-&lt;lambda&gt;4]" time="0.029987335205078125"></testcase><testcase classname="src.pymortests.algorithms.basic" file="src/pymortests/algorithms/basic.py" line="21" name="test_almost_equal[compatible_vector_array_pair7-&lt;lambda&gt;5]" time="0.029528379440307617"></testcase><testcase classname="src.pymortests.algorithms.basic" file="src/pymortests/algorithms/basic.py" line="21" name="test_almost_equal[compatible_vector_array_pair7-&lt;lambda&gt;6]" time="0.007856130599975586"></testcase><testcase classname="src.pymortests.algorithms.basic" file="src/pymortests/algorithms/basic.py" line="21" name="test_almost_equal[compatible_vector_array_pair7-&lt;lambda&gt;7]" time="0.0027742385864257812"></testcase><testcase classname="src.pymortests.algorithms.basic" file="src/pymortests/algorithms/basic.py" line="21" name="test_almost_equal[compatible_vector_array_pair7-&lt;lambda&gt;8]" time="0.02966618537902832"></testcase><testcase classname="src.pymortests.algorithms.basic" file="src/pymortests/algorithms/basic.py" line="21" name="test_almost_equal[compatible_vector_array_pair7-&lt;lambda&gt;9]" time="0.04007315635681152"></testcase><testcase classname="src.pymortests.algorithms.basic" file="src/pymortests/algorithms/basic.py" line="21" name="test_almost_equal[compatible_vector_array_pair7-&lt;lambda&gt;10]" time="0.1308605670928955"></testcase><testcase classname="src.pymortests.algorithms.basic" file="src/pymortests/algorithms/basic.py" line="21" name="test_almost_equal[compatible_vector_array_pair7-&lt;lambda&gt;11]" time="0.033143043518066406"></testcase><testcase classname="src.pymortests.algorithms.basic" file="src/pymortests/algorithms/basic.py" line="21" name="test_almost_equal[compatible_vector_array_pair7-&lt;lambda&gt;12]" time="0.02082061767578125"></testcase><testcase classname="src.pymortests.algorithms.basic" file="src/pymortests/algorithms/basic.py" line="21" name="test_almost_equal[compatible_vector_array_pair7-&lt;lambda&gt;13]" time="0.0061397552490234375"></testcase><testcase classname="src.pymortests.algorithms.basic" file="src/pymortests/algorithms/basic.py" line="21" name="test_almost_equal[compatible_vector_array_pair7-&lt;lambda&gt;14]" time="0.02741837501525879"></testcase><testcase classname="src.pymortests.algorithms.basic" file="src/pymortests/algorithms/basic.py" line="21" name="test_almost_equal[compatible_vector_array_pair7-&lt;lambda&gt;15]" time="0.04437565803527832"></testcase><testcase classname="src.pymortests.algorithms.basic" file="src/pymortests/algorithms/basic.py" line="21" name="test_almost_equal[compatible_vector_array_pair7-&lt;lambda&gt;16]" time="0.0489811897277832"></testcase><testcase classname="src.pymortests.algorithms.basic" file="src/pymortests/algorithms/basic.py" line="21" name="test_almost_equal[compatible_vector_array_pair7-&lt;lambda&gt;17]" time="0.07238578796386719"></testcase><testcase classname="src.pymortests.algorithms.basic" file="src/pymortests/algorithms/basic.py" line="21" name="test_almost_equal[compatible_vector_array_pair7-&lt;lambda&gt;18]" time="0.028963327407836914"></testcase><testcase classname="src.pymortests.algorithms.basic" file="src/pymortests/algorithms/basic.py" line="21" name="test_almost_equal[compatible_vector_array_pair7-&lt;lambda&gt;19]" time="0.0063114166259765625"></testcase><testcase classname="src.pymortests.algorithms.basic" file="src/pymortests/algorithms/basic.py" line="21" name="test_almost_equal[compatible_vector_array_pair7-&lt;lambda&gt;20]" time="0.17679166793823242"></testcase><testcase classname="src.pymortests.algorithms.basic" file="src/pymortests/algorithms/basic.py" line="21" name="test_almost_equal[compatible_vector_array_pair7-&lt;lambda&gt;21]" time="0.09762907028198242"></testcase><testcase classname="src.pymortests.algorithms.basic" file="src/pymortests/algorithms/basic.py" line="21" name="test_almost_equal[compatible_vector_array_pair7-&lt;lambda&gt;22]" time="0.3186509609222412"></testcase><testcase classname="src.pymortests.algorithms.basic" file="src/pymortests/algorithms/basic.py" line="21" name="test_almost_equal[compatible_vector_array_pair7-&lt;lambda&gt;23]" time="0.08103036880493164"></testcase><testcase classname="src.pymortests.algorithms.basic" file="src/pymortests/algorithms/basic.py" line="21" name="test_almost_equal[compatible_vector_array_pair7-&lt;lambda&gt;24]" time="0.008173942565917969"></testcase><testcase classname="src.pymortests.algorithms.basic" file="src/pymortests/algorithms/basic.py" line="21" name="test_almost_equal[compatible_vector_array_pair7-&lt;lambda&gt;25]" time="0.0044934749603271484"></testcase><testcase classname="src.pymortests.algorithms.basic" file="src/pymortests/algorithms/basic.py" line="21" name="test_almost_equal[compatible_vector_array_pair7-&lt;lambda&gt;26]" time="0.3614537715911865"></testcase><testcase classname="src.pymortests.algorithms.basic" file="src/pymortests/algorithms/basic.py" line="21" name="test_almost_equal[compatible_vector_array_pair7-&lt;lambda&gt;27]" time="0.5882227420806885"></testcase><testcase classname="src.pymortests.algorithms.basic" file="src/pymortests/algorithms/basic.py" line="21" name="test_almost_equal[compatible_vector_array_pair7-&lt;lambda&gt;28]" time="3.120422124862671"></testcase><testcase classname="src.pymortests.algorithms.basic" file="src/pymortests/algorithms/basic.py" line="21" name="test_almost_equal[compatible_vector_array_pair7-&lt;lambda&gt;29]" time="0.18535971641540527"></testcase><testcase classname="src.pymortests.algorithms.basic" file="src/pymortests/algorithms/basic.py" line="21" name="test_almost_equal[compatible_vector_array_pair8-&lt;lambda&gt;0]" time="0.008870840072631836"></testcase><testcase classname="src.pymortests.algorithms.basic" file="src/pymortests/algorithms/basic.py" line="21" name="test_almost_equal[compatible_vector_array_pair8-&lt;lambda&gt;1]" time="0.004122734069824219"></testcase><testcase classname="src.pymortests.algorithms.basic" file="src/pymortests/algorithms/basic.py" line="21" name="test_almost_equal[compatible_vector_array_pair8-&lt;lambda&gt;2]" time="0.019985437393188477"></testcase><testcase classname="src.pymortests.algorithms.basic" file="src/pymortests/algorithms/basic.py" line="21" name="test_almost_equal[compatible_vector_array_pair8-&lt;lambda&gt;3]" time="0.022257566452026367"></testcase><testcase classname="src.pymortests.algorithms.basic" file="src/pymortests/algorithms/basic.py" line="21" name="test_almost_equal[compatible_vector_array_pair8-&lt;lambda&gt;4]" time="0.029955625534057617"></testcase><testcase classname="src.pymortests.algorithms.basic" file="src/pymortests/algorithms/basic.py" line="21" name="test_almost_equal[compatible_vector_array_pair8-&lt;lambda&gt;5]" time="0.029536008834838867"></testcase><testcase classname="src.pymortests.algorithms.basic" file="src/pymortests/algorithms/basic.py" line="21" name="test_almost_equal[compatible_vector_array_pair8-&lt;lambda&gt;6]" time="0.00778508186340332"></testcase><testcase classname="src.pymortests.algorithms.basic" file="src/pymortests/algorithms/basic.py" line="21" name="test_almost_equal[compatible_vector_array_pair8-&lt;lambda&gt;7]" time="0.0027294158935546875"></testcase><testcase classname="src.pymortests.algorithms.basic" file="src/pymortests/algorithms/basic.py" line="21" name="test_almost_equal[compatible_vector_array_pair8-&lt;lambda&gt;8]" time="0.02938055992126465"></testcase><testcase classname="src.pymortests.algorithms.basic" file="src/pymortests/algorithms/basic.py" line="21" name="test_almost_equal[compatible_vector_array_pair8-&lt;lambda&gt;9]" time="0.039328813552856445"></testcase><testcase classname="src.pymortests.algorithms.basic" file="src/pymortests/algorithms/basic.py" line="21" name="test_almost_equal[compatible_vector_array_pair8-&lt;lambda&gt;10]" time="0.12843751907348633"></testcase><testcase classname="src.pymortests.algorithms.basic" file="src/pymortests/algorithms/basic.py" line="21" name="test_almost_equal[compatible_vector_array_pair8-&lt;lambda&gt;11]" time="0.03313851356506348"></testcase><testcase classname="src.pymortests.algorithms.basic" file="src/pymortests/algorithms/basic.py" line="21" name="test_almost_equal[compatible_vector_array_pair8-&lt;lambda&gt;12]" time="0.02088618278503418"></testcase><testcase classname="src.pymortests.algorithms.basic" file="src/pymortests/algorithms/basic.py" line="21" name="test_almost_equal[compatible_vector_array_pair8-&lt;lambda&gt;13]" time="0.005950212478637695"></testcase><testcase classname="src.pymortests.algorithms.basic" file="src/pymortests/algorithms/basic.py" line="21" name="test_almost_equal[compatible_vector_array_pair8-&lt;lambda&gt;14]" time="0.027547597885131836"></testcase><testcase classname="src.pymortests.algorithms.basic" file="src/pymortests/algorithms/basic.py" line="21" name="test_almost_equal[compatible_vector_array_pair8-&lt;lambda&gt;15]" time="0.04484677314758301"></testcase><testcase classname="src.pymortests.algorithms.basic" file="src/pymortests/algorithms/basic.py" line="21" name="test_almost_equal[compatible_vector_array_pair8-&lt;lambda&gt;16]" time="0.04946494102478027"></testcase><testcase classname="src.pymortests.algorithms.basic" file="src/pymortests/algorithms/basic.py" line="21" name="test_almost_equal[compatible_vector_array_pair8-&lt;lambda&gt;17]" time="0.07136154174804688"></testcase><testcase classname="src.pymortests.algorithms.basic" file="src/pymortests/algorithms/basic.py" line="21" name="test_almost_equal[compatible_vector_array_pair8-&lt;lambda&gt;18]" time="0.028305530548095703"></testcase><testcase classname="src.pymortests.algorithms.basic" file="src/pymortests/algorithms/basic.py" line="21" name="test_almost_equal[compatible_vector_array_pair8-&lt;lambda&gt;19]" time="0.006301164627075195"></testcase><testcase classname="src.pymortests.algorithms.basic" file="src/pymortests/algorithms/basic.py" line="21" name="test_almost_equal[compatible_vector_array_pair8-&lt;lambda&gt;20]" time="0.17127752304077148"></testcase><testcase classname="src.pymortests.algorithms.basic" file="src/pymortests/algorithms/basic.py" line="21" name="test_almost_equal[compatible_vector_array_pair8-&lt;lambda&gt;21]" time="0.09539914131164551"></testcase><testcase classname="src.pymortests.algorithms.basic" file="src/pymortests/algorithms/basic.py" line="21" name="test_almost_equal[compatible_vector_array_pair8-&lt;lambda&gt;22]" time="0.3237488269805908"></testcase><testcase classname="src.pymortests.algorithms.basic" file="src/pymortests/algorithms/basic.py" line="21" name="test_almost_equal[compatible_vector_array_pair8-&lt;lambda&gt;23]" time="0.0814669132232666"></testcase><testcase classname="src.pymortests.algorithms.basic" file="src/pymortests/algorithms/basic.py" line="21" name="test_almost_equal[compatible_vector_array_pair8-&lt;lambda&gt;24]" time="0.008403539657592773"></testcase><testcase classname="src.pymortests.algorithms.basic" file="src/pymortests/algorithms/basic.py" line="21" name="test_almost_equal[compatible_vector_array_pair8-&lt;lambda&gt;25]" time="0.004608154296875"></testcase><testcase classname="src.pymortests.algorithms.basic" file="src/pymortests/algorithms/basic.py" line="21" name="test_almost_equal[compatible_vector_array_pair8-&lt;lambda&gt;26]" time="0.35724616050720215"></testcase><testcase classname="src.pymortests.algorithms.basic" file="src/pymortests/algorithms/basic.py" line="21" name="test_almost_equal[compatible_vector_array_pair8-&lt;lambda&gt;27]" time="0.5960204601287842"></testcase><testcase classname="src.pymortests.algorithms.basic" file="src/pymortests/algorithms/basic.py" line="21" name="test_almost_equal[compatible_vector_array_pair8-&lt;lambda&gt;28]" time="3.094998836517334"></testcase><testcase classname="src.pymortests.algorithms.basic" file="src/pymortests/algorithms/basic.py" line="21" name="test_almost_equal[compatible_vector_array_pair8-&lt;lambda&gt;29]" time="0.1848006248474121"></testcase><testcase classname="src.pymortests.algorithms.basic" file="src/pymortests/algorithms/basic.py" line="41" name="test_almost_equal_product[&lt;lambda&gt;0]" time="0.08290815353393555"><system-err>14:07 DiffusionOperatorP1: Calulate gradients of shape functions transformed by reference map ...
14:07 DiffusionOperatorP1: Calculate all local scalar products beween gradients ...
14:07 DiffusionOperatorP1: Determine global dofs ...
14:07 DiffusionOperatorP1: Boundary treatment ...
14:07 DiffusionOperatorP1: Assemble system matrix ...
14:07 DiffusionOperatorP1: Calulate gradients of shape functions transformed by reference map ...
14:07 DiffusionOperatorP1: Calculate all local scalar products beween gradients ...
14:07 DiffusionOperatorP1: Determine global dofs ...
14:07 DiffusionOperatorP1: Boundary treatment ...
14:07 DiffusionOperatorP1: Assemble system matrix ...
14:07 DiffusionOperatorP1: Calulate gradients of shape functions transformed by reference map ...
14:07 DiffusionOperatorP1: Calculate all local scalar products beween gradients ...
14:07 DiffusionOperatorP1: Determine global dofs ...
14:07 DiffusionOperatorP1: Boundary treatment ...
14:07 DiffusionOperatorP1: Assemble system matrix ...
14:07 DiffusionOperatorP1: Calulate gradients of shape functions transformed by reference map ...
14:07 DiffusionOperatorP1: Calculate all local scalar products beween gradients ...
14:07 DiffusionOperatorP1: Determine global dofs ...
14:07 DiffusionOperatorP1: Boundary treatment ...
14:07 DiffusionOperatorP1: Assemble system matrix ...
14:07 DiffusionOperatorP1: Calulate gradients of shape functions transformed by reference map ...
14:07 DiffusionOperatorP1: Calculate all local scalar products beween gradients ...
14:07 DiffusionOperatorP1: Determine global dofs ...
14:07 DiffusionOperatorP1: Boundary treatment ...
14:07 DiffusionOperatorP1: Assemble system matrix ...
14:07 L2ProductP1: Integrate the products of the shape functions on each element
14:07 L2ProductP1: Determine global dofs ...
14:07 L2ProductP1: Boundary treatment ...
14:07 L2ProductP1: Assemble system matrix ...
14:07 DiffusionOperatorP1: Calulate gradients of shape functions transformed by reference map ...
14:07 DiffusionOperatorP1: Calculate all local scalar products beween gradients ...
14:07 DiffusionOperatorP1: Determine global dofs ...
14:07 DiffusionOperatorP1: Boundary treatment ...
14:07 DiffusionOperatorP1: Assemble system matrix ...
14:07 L2ProductP1: Integrate the products of the shape functions on each element
14:07 L2ProductP1: Determine global dofs ...
14:07 L2ProductP1: Boundary treatment ...
14:07 L2ProductP1: Assemble system matrix ...
14:07 DiffusionOperatorP1: Calulate gradients of shape functions transformed by reference map ...
14:07 DiffusionOperatorP1: Calculate all local scalar products beween gradients ...
14:07 DiffusionOperatorP1: Determine global dofs ...
14:07 DiffusionOperatorP1: Boundary treatment ...
14:07 DiffusionOperatorP1: Assemble system matrix ...
</system-err></testcase><testcase classname="src.pymortests.algorithms.basic" file="src/pymortests/algorithms/basic.py" line="41" name="test_almost_equal_product[&lt;lambda&gt;1]" time="0.06695127487182617"><system-err>14:07 DiffusionOperatorP1: Calulate gradients of shape functions transformed by reference map ...
14:07 DiffusionOperatorP1: Calculate all local scalar products beween gradients ...
14:07 DiffusionOperatorP1: Determine global dofs ...
14:07 DiffusionOperatorP1: Boundary treatment ...
14:07 DiffusionOperatorP1: Assemble system matrix ...
14:07 DiffusionOperatorP1: Calulate gradients of shape functions transformed by reference map ...
14:07 DiffusionOperatorP1: Calculate all local scalar products beween gradients ...
14:07 DiffusionOperatorP1: Determine global dofs ...
14:07 DiffusionOperatorP1: Boundary treatment ...
14:07 DiffusionOperatorP1: Assemble system matrix ...
14:07 L2ProductP1: Integrate the products of the shape functions on each element
14:07 L2ProductP1: Determine global dofs ...
14:07 L2ProductP1: Boundary treatment ...
14:07 L2ProductP1: Assemble system matrix ...
14:07 DiffusionOperatorP1: Calulate gradients of shape functions transformed by reference map ...
14:07 DiffusionOperatorP1: Calculate all local scalar products beween gradients ...
14:07 DiffusionOperatorP1: Determine global dofs ...
14:07 DiffusionOperatorP1: Boundary treatment ...
14:07 DiffusionOperatorP1: Assemble system matrix ...
14:07 L2ProductP1: Integrate the products of the shape functions on each element
14:07 L2ProductP1: Determine global dofs ...
14:07 L2ProductP1: Boundary treatment ...
14:07 L2ProductP1: Assemble system matrix ...
14:07 DiffusionOperatorP1: Calulate gradients of shape functions transformed by reference map ...
14:07 DiffusionOperatorP1: Calculate all local scalar products beween gradients ...
14:07 DiffusionOperatorP1: Determine global dofs ...
14:07 DiffusionOperatorP1: Boundary treatment ...
14:07 DiffusionOperatorP1: Assemble system matrix ...
</system-err></testcase><testcase classname="src.pymortests.algorithms.basic" file="src/pymortests/algorithms/basic.py" line="41" name="test_almost_equal_product[&lt;lambda&gt;2]" time="0.07102513313293457"><system-err>14:07 DiffusionOperatorP1: Calulate gradients of shape functions transformed by reference map ...
14:07 DiffusionOperatorP1: Calculate all local scalar products beween gradients ...
14:07 DiffusionOperatorP1: Determine global dofs ...
14:07 DiffusionOperatorP1: Boundary treatment ...
14:07 DiffusionOperatorP1: Assemble system matrix ...
14:07 DiffusionOperatorP1: Calulate gradients of shape functions transformed by reference map ...
14:07 DiffusionOperatorP1: Calculate all local scalar products beween gradients ...
14:07 DiffusionOperatorP1: Determine global dofs ...
14:07 DiffusionOperatorP1: Boundary treatment ...
14:07 DiffusionOperatorP1: Assemble system matrix ...
14:07 DiffusionOperatorP1: Calulate gradients of shape functions transformed by reference map ...
14:07 DiffusionOperatorP1: Calculate all local scalar products beween gradients ...
14:07 DiffusionOperatorP1: Determine global dofs ...
14:07 DiffusionOperatorP1: Boundary treatment ...
14:07 DiffusionOperatorP1: Assemble system matrix ...
14:07 DiffusionOperatorP1: Calulate gradients of shape functions transformed by reference map ...
14:07 DiffusionOperatorP1: Calculate all local scalar products beween gradients ...
14:07 DiffusionOperatorP1: Determine global dofs ...
14:07 DiffusionOperatorP1: Boundary treatment ...
14:07 DiffusionOperatorP1: Assemble system matrix ...
14:07 DiffusionOperatorP1: Calulate gradients of shape functions transformed by reference map ...
14:07 DiffusionOperatorP1: Calculate all local scalar products beween gradients ...
14:07 DiffusionOperatorP1: Determine global dofs ...
14:07 DiffusionOperatorP1: Boundary treatment ...
14:07 DiffusionOperatorP1: Assemble system matrix ...
14:07 L2ProductP1: Integrate the products of the shape functions on each element
14:07 L2ProductP1: Determine global dofs ...
14:07 L2ProductP1: Boundary treatment ...
14:07 L2ProductP1: Assemble system matrix ...
14:07 DiffusionOperatorP1: Calulate gradients of shape functions transformed by reference map ...
14:07 DiffusionOperatorP1: Calculate all local scalar products beween gradients ...
14:07 DiffusionOperatorP1: Determine global dofs ...
14:07 DiffusionOperatorP1: Boundary treatment ...
14:07 DiffusionOperatorP1: Assemble system matrix ...
14:07 L2ProductP1: Integrate the products of the shape functions on each element
14:07 L2ProductP1: Determine global dofs ...
14:07 L2ProductP1: Boundary treatment ...
14:07 L2ProductP1: Assemble system matrix ...
14:07 DiffusionOperatorP1: Calulate gradients of shape functions transformed by reference map ...
14:07 DiffusionOperatorP1: Calculate all local scalar products beween gradients ...
14:07 DiffusionOperatorP1: Determine global dofs ...
14:07 DiffusionOperatorP1: Boundary treatment ...
14:07 DiffusionOperatorP1: Assemble system matrix ...
</system-err></testcase><testcase classname="src.pymortests.algorithms.basic" file="src/pymortests/algorithms/basic.py" line="41" name="test_almost_equal_product[&lt;lambda&gt;3]" time="0.06650757789611816"><system-err>14:08 DiffusionOperatorP1: Calulate gradients of shape functions transformed by reference map ...
14:08 DiffusionOperatorP1: Calculate all local scalar products beween gradients ...
14:08 DiffusionOperatorP1: Determine global dofs ...
14:08 DiffusionOperatorP1: Boundary treatment ...
14:08 DiffusionOperatorP1: Assemble system matrix ...
14:08 DiffusionOperatorP1: Calulate gradients of shape functions transformed by reference map ...
14:08 DiffusionOperatorP1: Calculate all local scalar products beween gradients ...
14:08 DiffusionOperatorP1: Determine global dofs ...
14:08 DiffusionOperatorP1: Boundary treatment ...
14:08 DiffusionOperatorP1: Assemble system matrix ...
14:08 L2ProductP1: Integrate the products of the shape functions on each element
14:08 L2ProductP1: Determine global dofs ...
14:08 L2ProductP1: Boundary treatment ...
14:08 L2ProductP1: Assemble system matrix ...
14:08 DiffusionOperatorP1: Calulate gradients of shape functions transformed by reference map ...
14:08 DiffusionOperatorP1: Calculate all local scalar products beween gradients ...
14:08 DiffusionOperatorP1: Determine global dofs ...
14:08 DiffusionOperatorP1: Boundary treatment ...
14:08 DiffusionOperatorP1: Assemble system matrix ...
14:08 L2ProductP1: Integrate the products of the shape functions on each element
14:08 L2ProductP1: Determine global dofs ...
14:08 L2ProductP1: Boundary treatment ...
14:08 L2ProductP1: Assemble system matrix ...
14:08 DiffusionOperatorP1: Calulate gradients of shape functions transformed by reference map ...
14:08 DiffusionOperatorP1: Calculate all local scalar products beween gradients ...
14:08 DiffusionOperatorP1: Determine global dofs ...
14:08 DiffusionOperatorP1: Boundary treatment ...
14:08 DiffusionOperatorP1: Assemble system matrix ...
</system-err></testcase><testcase classname="src.pymortests.algorithms.basic" file="src/pymortests/algorithms/basic.py" line="41" name="test_almost_equal_product[&lt;lambda&gt;4]" time="0.06956696510314941"><system-err>14:08 DiffusionOperatorP1: Calulate gradients of shape functions transformed by reference map ...
14:08 DiffusionOperatorP1: Calculate all local scalar products beween gradients ...
14:08 DiffusionOperatorP1: Determine global dofs ...
14:08 DiffusionOperatorP1: Boundary treatment ...
14:08 DiffusionOperatorP1: Assemble system matrix ...
14:08 DiffusionOperatorP1: Calulate gradients of shape functions transformed by reference map ...
14:08 DiffusionOperatorP1: Calculate all local scalar products beween gradients ...
14:08 DiffusionOperatorP1: Determine global dofs ...
14:08 DiffusionOperatorP1: Boundary treatment ...
14:08 DiffusionOperatorP1: Assemble system matrix ...
14:08 DiffusionOperatorP1: Calulate gradients of shape functions transformed by reference map ...
14:08 DiffusionOperatorP1: Calculate all local scalar products beween gradients ...
14:08 DiffusionOperatorP1: Determine global dofs ...
14:08 DiffusionOperatorP1: Boundary treatment ...
14:08 DiffusionOperatorP1: Assemble system matrix ...
14:08 DiffusionOperatorP1: Calulate gradients of shape functions transformed by reference map ...
14:08 DiffusionOperatorP1: Calculate all local scalar products beween gradients ...
14:08 DiffusionOperatorP1: Determine global dofs ...
14:08 DiffusionOperatorP1: Boundary treatment ...
14:08 DiffusionOperatorP1: Assemble system matrix ...
14:08 DiffusionOperatorP1: Calulate gradients of shape functions transformed by reference map ...
14:08 DiffusionOperatorP1: Calculate all local scalar products beween gradients ...
14:08 DiffusionOperatorP1: Determine global dofs ...
14:08 DiffusionOperatorP1: Boundary treatment ...
14:08 DiffusionOperatorP1: Assemble system matrix ...
14:08 L2ProductP1: Integrate the products of the shape functions on each element
14:08 L2ProductP1: Determine global dofs ...
14:08 L2ProductP1: Boundary treatment ...
14:08 L2ProductP1: Assemble system matrix ...
14:08 DiffusionOperatorP1: Calulate gradients of shape functions transformed by reference map ...
14:08 DiffusionOperatorP1: Calculate all local scalar products beween gradients ...
14:08 DiffusionOperatorP1: Determine global dofs ...
14:08 DiffusionOperatorP1: Boundary treatment ...
14:08 DiffusionOperatorP1: Assemble system matrix ...
14:08 L2ProductP1: Integrate the products of the shape functions on each element
14:08 L2ProductP1: Determine global dofs ...
14:08 L2ProductP1: Boundary treatment ...
14:08 L2ProductP1: Assemble system matrix ...
14:08 DiffusionOperatorP1: Calulate gradients of shape functions transformed by reference map ...
14:08 DiffusionOperatorP1: Calculate all local scalar products beween gradients ...
14:08 DiffusionOperatorP1: Determine global dofs ...
14:08 DiffusionOperatorP1: Boundary treatment ...
14:08 DiffusionOperatorP1: Assemble system matrix ...
</system-err></testcase><testcase classname="src.pymortests.algorithms.basic" file="src/pymortests/algorithms/basic.py" line="41" name="test_almost_equal_product[&lt;lambda&gt;5]" time="0.06909060478210449"><system-err>14:08 DiffusionOperatorP1: Calulate gradients of shape functions transformed by reference map ...
14:08 DiffusionOperatorP1: Calculate all local scalar products beween gradients ...
14:08 DiffusionOperatorP1: Determine global dofs ...
14:08 DiffusionOperatorP1: Boundary treatment ...
14:08 DiffusionOperatorP1: Assemble system matrix ...
14:08 DiffusionOperatorP1: Calulate gradients of shape functions transformed by reference map ...
14:08 DiffusionOperatorP1: Calculate all local scalar products beween gradients ...
14:08 DiffusionOperatorP1: Determine global dofs ...
14:08 DiffusionOperatorP1: Boundary treatment ...
14:08 DiffusionOperatorP1: Assemble system matrix ...
14:08 L2ProductP1: Integrate the products of the shape functions on each element
14:08 L2ProductP1: Determine global dofs ...
14:08 L2ProductP1: Boundary treatment ...
14:08 L2ProductP1: Assemble system matrix ...
14:08 DiffusionOperatorP1: Calulate gradients of shape functions transformed by reference map ...
14:08 DiffusionOperatorP1: Calculate all local scalar products beween gradients ...
14:08 DiffusionOperatorP1: Determine global dofs ...
14:08 DiffusionOperatorP1: Boundary treatment ...
14:08 DiffusionOperatorP1: Assemble system matrix ...
14:08 L2ProductP1: Integrate the products of the shape functions on each element
14:08 L2ProductP1: Determine global dofs ...
14:08 L2ProductP1: Boundary treatment ...
14:08 L2ProductP1: Assemble system matrix ...
14:08 DiffusionOperatorP1: Calulate gradients of shape functions transformed by reference map ...
14:08 DiffusionOperatorP1: Calculate all local scalar products beween gradients ...
14:08 DiffusionOperatorP1: Determine global dofs ...
14:08 DiffusionOperatorP1: Boundary treatment ...
14:08 DiffusionOperatorP1: Assemble system matrix ...
</system-err></testcase><testcase classname="src.pymortests.algorithms.basic" file="src/pymortests/algorithms/basic.py" line="41" name="test_almost_equal_product[&lt;lambda&gt;6]" time="0.06974983215332031"><system-err>14:08 DiffusionOperatorP1: Calulate gradients of shape functions transformed by reference map ...
14:08 DiffusionOperatorP1: Calculate all local scalar products beween gradients ...
14:08 DiffusionOperatorP1: Determine global dofs ...
14:08 DiffusionOperatorP1: Boundary treatment ...
14:08 DiffusionOperatorP1: Assemble system matrix ...
14:08 DiffusionOperatorP1: Calulate gradients of shape functions transformed by reference map ...
14:08 DiffusionOperatorP1: Calculate all local scalar products beween gradients ...
14:08 DiffusionOperatorP1: Determine global dofs ...
14:08 DiffusionOperatorP1: Boundary treatment ...
14:08 DiffusionOperatorP1: Assemble system matrix ...
14:08 DiffusionOperatorP1: Calulate gradients of shape functions transformed by reference map ...
14:08 DiffusionOperatorP1: Calculate all local scalar products beween gradients ...
14:08 DiffusionOperatorP1: Determine global dofs ...
14:08 DiffusionOperatorP1: Boundary treatment ...
14:08 DiffusionOperatorP1: Assemble system matrix ...
14:08 DiffusionOperatorP1: Calulate gradients of shape functions transformed by reference map ...
14:08 DiffusionOperatorP1: Calculate all local scalar products beween gradients ...
14:08 DiffusionOperatorP1: Determine global dofs ...
14:08 DiffusionOperatorP1: Boundary treatment ...
14:08 DiffusionOperatorP1: Assemble system matrix ...
14:08 DiffusionOperatorP1: Calulate gradients of shape functions transformed by reference map ...
14:08 DiffusionOperatorP1: Calculate all local scalar products beween gradients ...
14:08 DiffusionOperatorP1: Determine global dofs ...
14:08 DiffusionOperatorP1: Boundary treatment ...
14:08 DiffusionOperatorP1: Assemble system matrix ...
14:08 L2ProductP1: Integrate the products of the shape functions on each element
14:08 L2ProductP1: Determine global dofs ...
14:08 L2ProductP1: Boundary treatment ...
14:08 L2ProductP1: Assemble system matrix ...
14:08 DiffusionOperatorP1: Calulate gradients of shape functions transformed by reference map ...
14:08 DiffusionOperatorP1: Calculate all local scalar products beween gradients ...
14:08 DiffusionOperatorP1: Determine global dofs ...
14:08 DiffusionOperatorP1: Boundary treatment ...
14:08 DiffusionOperatorP1: Assemble system matrix ...
14:08 L2ProductP1: Integrate the products of the shape functions on each element
14:08 L2ProductP1: Determine global dofs ...
14:08 L2ProductP1: Boundary treatment ...
14:08 L2ProductP1: Assemble system matrix ...
14:08 DiffusionOperatorP1: Calulate gradients of shape functions transformed by reference map ...
14:08 DiffusionOperatorP1: Calculate all local scalar products beween gradients ...
14:08 DiffusionOperatorP1: Determine global dofs ...
14:08 DiffusionOperatorP1: Boundary treatment ...
14:08 DiffusionOperatorP1: Assemble system matrix ...
</system-err></testcase><testcase classname="src.pymortests.algorithms.basic" file="src/pymortests/algorithms/basic.py" line="41" name="test_almost_equal_product[&lt;lambda&gt;7]" time="0.06569290161132812"><system-err>14:08 DiffusionOperatorP1: Calulate gradients of shape functions transformed by reference map ...
14:08 DiffusionOperatorP1: Calculate all local scalar products beween gradients ...
14:08 DiffusionOperatorP1: Determine global dofs ...
14:08 DiffusionOperatorP1: Boundary treatment ...
14:08 DiffusionOperatorP1: Assemble system matrix ...
14:08 DiffusionOperatorP1: Calulate gradients of shape functions transformed by reference map ...
14:08 DiffusionOperatorP1: Calculate all local scalar products beween gradients ...
14:08 DiffusionOperatorP1: Determine global dofs ...
14:08 DiffusionOperatorP1: Boundary treatment ...
14:08 DiffusionOperatorP1: Assemble system matrix ...
14:08 L2ProductP1: Integrate the products of the shape functions on each element
14:08 L2ProductP1: Determine global dofs ...
14:08 L2ProductP1: Boundary treatment ...
14:08 L2ProductP1: Assemble system matrix ...
14:08 DiffusionOperatorP1: Calulate gradients of shape functions transformed by reference map ...
14:08 DiffusionOperatorP1: Calculate all local scalar products beween gradients ...
14:08 DiffusionOperatorP1: Determine global dofs ...
14:08 DiffusionOperatorP1: Boundary treatment ...
14:08 DiffusionOperatorP1: Assemble system matrix ...
14:08 L2ProductP1: Integrate the products of the shape functions on each element
14:08 L2ProductP1: Determine global dofs ...
14:08 L2ProductP1: Boundary treatment ...
14:08 L2ProductP1: Assemble system matrix ...
14:08 DiffusionOperatorP1: Calulate gradients of shape functions transformed by reference map ...
14:08 DiffusionOperatorP1: Calculate all local scalar products beween gradients ...
14:08 DiffusionOperatorP1: Determine global dofs ...
14:08 DiffusionOperatorP1: Boundary treatment ...
14:08 DiffusionOperatorP1: Assemble system matrix ...
</system-err></testcase><testcase classname="src.pymortests.algorithms.basic" file="src/pymortests/algorithms/basic.py" line="41" name="test_almost_equal_product[&lt;lambda&gt;8]" time="0.06979775428771973"><system-err>14:08 DiffusionOperatorP1: Calulate gradients of shape functions transformed by reference map ...
14:08 DiffusionOperatorP1: Calculate all local scalar products beween gradients ...
14:08 DiffusionOperatorP1: Determine global dofs ...
14:08 DiffusionOperatorP1: Boundary treatment ...
14:08 DiffusionOperatorP1: Assemble system matrix ...
14:08 DiffusionOperatorP1: Calulate gradients of shape functions transformed by reference map ...
14:08 DiffusionOperatorP1: Calculate all local scalar products beween gradients ...
14:08 DiffusionOperatorP1: Determine global dofs ...
14:08 DiffusionOperatorP1: Boundary treatment ...
14:08 DiffusionOperatorP1: Assemble system matrix ...
14:08 DiffusionOperatorP1: Calulate gradients of shape functions transformed by reference map ...
14:08 DiffusionOperatorP1: Calculate all local scalar products beween gradients ...
14:08 DiffusionOperatorP1: Determine global dofs ...
14:08 DiffusionOperatorP1: Boundary treatment ...
14:08 DiffusionOperatorP1: Assemble system matrix ...
14:08 DiffusionOperatorP1: Calulate gradients of shape functions transformed by reference map ...
14:08 DiffusionOperatorP1: Calculate all local scalar products beween gradients ...
14:08 DiffusionOperatorP1: Determine global dofs ...
14:08 DiffusionOperatorP1: Boundary treatment ...
14:08 DiffusionOperatorP1: Assemble system matrix ...
14:08 DiffusionOperatorP1: Calulate gradients of shape functions transformed by reference map ...
14:08 DiffusionOperatorP1: Calculate all local scalar products beween gradients ...
14:08 DiffusionOperatorP1: Determine global dofs ...
14:08 DiffusionOperatorP1: Boundary treatment ...
14:08 DiffusionOperatorP1: Assemble system matrix ...
14:08 L2ProductP1: Integrate the products of the shape functions on each element
14:08 L2ProductP1: Determine global dofs ...
14:08 L2ProductP1: Boundary treatment ...
14:08 L2ProductP1: Assemble system matrix ...
14:08 DiffusionOperatorP1: Calulate gradients of shape functions transformed by reference map ...
14:08 DiffusionOperatorP1: Calculate all local scalar products beween gradients ...
14:08 DiffusionOperatorP1: Determine global dofs ...
14:08 DiffusionOperatorP1: Boundary treatment ...
14:08 DiffusionOperatorP1: Assemble system matrix ...
14:08 L2ProductP1: Integrate the products of the shape functions on each element
14:08 L2ProductP1: Determine global dofs ...
14:08 L2ProductP1: Boundary treatment ...
14:08 L2ProductP1: Assemble system matrix ...
14:08 DiffusionOperatorP1: Calulate gradients of shape functions transformed by reference map ...
14:08 DiffusionOperatorP1: Calculate all local scalar products beween gradients ...
14:08 DiffusionOperatorP1: Determine global dofs ...
14:08 DiffusionOperatorP1: Boundary treatment ...
14:08 DiffusionOperatorP1: Assemble system matrix ...
</system-err></testcase><testcase classname="src.pymortests.algorithms.basic" file="src/pymortests/algorithms/basic.py" line="41" name="test_almost_equal_product[&lt;lambda&gt;9]" time="0.0656275749206543"><system-err>14:08 DiffusionOperatorP1: Calulate gradients of shape functions transformed by reference map ...
14:08 DiffusionOperatorP1: Calculate all local scalar products beween gradients ...
14:08 DiffusionOperatorP1: Determine global dofs ...
14:08 DiffusionOperatorP1: Boundary treatment ...
14:08 DiffusionOperatorP1: Assemble system matrix ...
14:08 DiffusionOperatorP1: Calulate gradients of shape functions transformed by reference map ...
14:08 DiffusionOperatorP1: Calculate all local scalar products beween gradients ...
14:08 DiffusionOperatorP1: Determine global dofs ...
14:08 DiffusionOperatorP1: Boundary treatment ...
14:08 DiffusionOperatorP1: Assemble system matrix ...
14:08 L2ProductP1: Integrate the products of the shape functions on each element
14:08 L2ProductP1: Determine global dofs ...
14:08 L2ProductP1: Boundary treatment ...
14:08 L2ProductP1: Assemble system matrix ...
14:08 DiffusionOperatorP1: Calulate gradients of shape functions transformed by reference map ...
14:08 DiffusionOperatorP1: Calculate all local scalar products beween gradients ...
14:08 DiffusionOperatorP1: Determine global dofs ...
14:08 DiffusionOperatorP1: Boundary treatment ...
14:08 DiffusionOperatorP1: Assemble system matrix ...
14:08 L2ProductP1: Integrate the products of the shape functions on each element
14:08 L2ProductP1: Determine global dofs ...
14:08 L2ProductP1: Boundary treatment ...
14:08 L2ProductP1: Assemble system matrix ...
14:08 DiffusionOperatorP1: Calulate gradients of shape functions transformed by reference map ...
14:08 DiffusionOperatorP1: Calculate all local scalar products beween gradients ...
14:08 DiffusionOperatorP1: Determine global dofs ...
14:08 DiffusionOperatorP1: Boundary treatment ...
14:08 DiffusionOperatorP1: Assemble system matrix ...
</system-err></testcase><testcase classname="src.pymortests.algorithms.basic" file="src/pymortests/algorithms/basic.py" line="41" name="test_almost_equal_product[&lt;lambda&gt;10]" time="0.07056331634521484"><system-err>14:08 DiffusionOperatorP1: Calulate gradients of shape functions transformed by reference map ...
14:08 DiffusionOperatorP1: Calculate all local scalar products beween gradients ...
14:08 DiffusionOperatorP1: Determine global dofs ...
14:08 DiffusionOperatorP1: Boundary treatment ...
14:08 DiffusionOperatorP1: Assemble system matrix ...
14:08 DiffusionOperatorP1: Calulate gradients of shape functions transformed by reference map ...
14:08 DiffusionOperatorP1: Calculate all local scalar products beween gradients ...
14:08 DiffusionOperatorP1: Determine global dofs ...
14:08 DiffusionOperatorP1: Boundary treatment ...
14:08 DiffusionOperatorP1: Assemble system matrix ...
14:08 DiffusionOperatorP1: Calulate gradients of shape functions transformed by reference map ...
14:08 DiffusionOperatorP1: Calculate all local scalar products beween gradients ...
14:08 DiffusionOperatorP1: Determine global dofs ...
14:08 DiffusionOperatorP1: Boundary treatment ...
14:08 DiffusionOperatorP1: Assemble system matrix ...
14:08 DiffusionOperatorP1: Calulate gradients of shape functions transformed by reference map ...
14:08 DiffusionOperatorP1: Calculate all local scalar products beween gradients ...
14:08 DiffusionOperatorP1: Determine global dofs ...
14:08 DiffusionOperatorP1: Boundary treatment ...
14:08 DiffusionOperatorP1: Assemble system matrix ...
14:08 DiffusionOperatorP1: Calulate gradients of shape functions transformed by reference map ...
14:08 DiffusionOperatorP1: Calculate all local scalar products beween gradients ...
14:08 DiffusionOperatorP1: Determine global dofs ...
14:08 DiffusionOperatorP1: Boundary treatment ...
14:08 DiffusionOperatorP1: Assemble system matrix ...
14:08 L2ProductP1: Integrate the products of the shape functions on each element
14:08 L2ProductP1: Determine global dofs ...
14:08 L2ProductP1: Boundary treatment ...
14:08 L2ProductP1: Assemble system matrix ...
14:08 DiffusionOperatorP1: Calulate gradients of shape functions transformed by reference map ...
14:08 DiffusionOperatorP1: Calculate all local scalar products beween gradients ...
14:08 DiffusionOperatorP1: Determine global dofs ...
14:08 DiffusionOperatorP1: Boundary treatment ...
14:08 DiffusionOperatorP1: Assemble system matrix ...
14:08 L2ProductP1: Integrate the products of the shape functions on each element
14:08 L2ProductP1: Determine global dofs ...
14:08 L2ProductP1: Boundary treatment ...
14:08 L2ProductP1: Assemble system matrix ...
14:08 DiffusionOperatorP1: Calulate gradients of shape functions transformed by reference map ...
14:08 DiffusionOperatorP1: Calculate all local scalar products beween gradients ...
14:08 DiffusionOperatorP1: Determine global dofs ...
14:08 DiffusionOperatorP1: Boundary treatment ...
14:08 DiffusionOperatorP1: Assemble system matrix ...
</system-err></testcase><testcase classname="src.pymortests.algorithms.basic" file="src/pymortests/algorithms/basic.py" line="41" name="test_almost_equal_product[&lt;lambda&gt;11]" time="0.06720614433288574"><system-err>14:08 DiffusionOperatorP1: Calulate gradients of shape functions transformed by reference map ...
14:08 DiffusionOperatorP1: Calculate all local scalar products beween gradients ...
14:08 DiffusionOperatorP1: Determine global dofs ...
14:08 DiffusionOperatorP1: Boundary treatment ...
14:08 DiffusionOperatorP1: Assemble system matrix ...
14:08 DiffusionOperatorP1: Calulate gradients of shape functions transformed by reference map ...
14:08 DiffusionOperatorP1: Calculate all local scalar products beween gradients ...
14:08 DiffusionOperatorP1: Determine global dofs ...
14:08 DiffusionOperatorP1: Boundary treatment ...
14:08 DiffusionOperatorP1: Assemble system matrix ...
14:08 L2ProductP1: Integrate the products of the shape functions on each element
14:08 L2ProductP1: Determine global dofs ...
14:08 L2ProductP1: Boundary treatment ...
14:08 L2ProductP1: Assemble system matrix ...
14:08 DiffusionOperatorP1: Calulate gradients of shape functions transformed by reference map ...
14:08 DiffusionOperatorP1: Calculate all local scalar products beween gradients ...
14:08 DiffusionOperatorP1: Determine global dofs ...
14:08 DiffusionOperatorP1: Boundary treatment ...
14:08 DiffusionOperatorP1: Assemble system matrix ...
14:08 L2ProductP1: Integrate the products of the shape functions on each element
14:08 L2ProductP1: Determine global dofs ...
14:08 L2ProductP1: Boundary treatment ...
14:08 L2ProductP1: Assemble system matrix ...
14:08 DiffusionOperatorP1: Calulate gradients of shape functions transformed by reference map ...
14:08 DiffusionOperatorP1: Calculate all local scalar products beween gradients ...
14:08 DiffusionOperatorP1: Determine global dofs ...
14:08 DiffusionOperatorP1: Boundary treatment ...
14:08 DiffusionOperatorP1: Assemble system matrix ...
</system-err></testcase><testcase classname="src.pymortests.algorithms.basic" file="src/pymortests/algorithms/basic.py" line="41" name="test_almost_equal_product[&lt;lambda&gt;12]" time="0.06583857536315918"><system-err>14:08 DiffusionOperatorP1: Calulate gradients of shape functions transformed by reference map ...
14:08 DiffusionOperatorP1: Calculate all local scalar products beween gradients ...
14:08 DiffusionOperatorP1: Determine global dofs ...
14:08 DiffusionOperatorP1: Boundary treatment ...
14:08 DiffusionOperatorP1: Assemble system matrix ...
14:08 DiffusionOperatorP1: Calulate gradients of shape functions transformed by reference map ...
14:08 DiffusionOperatorP1: Calculate all local scalar products beween gradients ...
14:08 DiffusionOperatorP1: Determine global dofs ...
14:08 DiffusionOperatorP1: Boundary treatment ...
14:08 DiffusionOperatorP1: Assemble system matrix ...
14:08 DiffusionOperatorP1: Calulate gradients of shape functions transformed by reference map ...
14:08 DiffusionOperatorP1: Calculate all local scalar products beween gradients ...
14:08 DiffusionOperatorP1: Determine global dofs ...
14:08 DiffusionOperatorP1: Boundary treatment ...
14:08 DiffusionOperatorP1: Assemble system matrix ...
14:08 DiffusionOperatorP1: Calulate gradients of shape functions transformed by reference map ...
14:08 DiffusionOperatorP1: Calculate all local scalar products beween gradients ...
14:08 DiffusionOperatorP1: Determine global dofs ...
14:08 DiffusionOperatorP1: Boundary treatment ...
14:08 DiffusionOperatorP1: Assemble system matrix ...
14:08 DiffusionOperatorP1: Calulate gradients of shape functions transformed by reference map ...
14:08 DiffusionOperatorP1: Calculate all local scalar products beween gradients ...
14:08 DiffusionOperatorP1: Determine global dofs ...
14:08 DiffusionOperatorP1: Boundary treatment ...
14:08 DiffusionOperatorP1: Assemble system matrix ...
14:08 L2ProductP1: Integrate the products of the shape functions on each element
14:08 L2ProductP1: Determine global dofs ...
14:08 L2ProductP1: Boundary treatment ...
14:08 L2ProductP1: Assemble system matrix ...
14:08 DiffusionOperatorP1: Calulate gradients of shape functions transformed by reference map ...
14:08 DiffusionOperatorP1: Calculate all local scalar products beween gradients ...
14:08 DiffusionOperatorP1: Determine global dofs ...
14:08 DiffusionOperatorP1: Boundary treatment ...
14:08 DiffusionOperatorP1: Assemble system matrix ...
14:08 L2ProductP1: Integrate the products of the shape functions on each element
14:08 L2ProductP1: Determine global dofs ...
14:08 L2ProductP1: Boundary treatment ...
14:08 L2ProductP1: Assemble system matrix ...
14:08 DiffusionOperatorP1: Calulate gradients of shape functions transformed by reference map ...
14:08 DiffusionOperatorP1: Calculate all local scalar products beween gradients ...
14:08 DiffusionOperatorP1: Determine global dofs ...
14:08 DiffusionOperatorP1: Boundary treatment ...
14:08 DiffusionOperatorP1: Assemble system matrix ...
</system-err></testcase><testcase classname="src.pymortests.algorithms.basic" file="src/pymortests/algorithms/basic.py" line="41" name="test_almost_equal_product[&lt;lambda&gt;13]" time="0.06112861633300781"><system-err>14:08 DiffusionOperatorP1: Calulate gradients of shape functions transformed by reference map ...
14:08 DiffusionOperatorP1: Calculate all local scalar products beween gradients ...
14:08 DiffusionOperatorP1: Determine global dofs ...
14:08 DiffusionOperatorP1: Boundary treatment ...
14:08 DiffusionOperatorP1: Assemble system matrix ...
14:08 DiffusionOperatorP1: Calulate gradients of shape functions transformed by reference map ...
14:08 DiffusionOperatorP1: Calculate all local scalar products beween gradients ...
14:08 DiffusionOperatorP1: Determine global dofs ...
14:08 DiffusionOperatorP1: Boundary treatment ...
14:08 DiffusionOperatorP1: Assemble system matrix ...
14:08 L2ProductP1: Integrate the products of the shape functions on each element
14:08 L2ProductP1: Determine global dofs ...
14:08 L2ProductP1: Boundary treatment ...
14:08 L2ProductP1: Assemble system matrix ...
14:08 DiffusionOperatorP1: Calulate gradients of shape functions transformed by reference map ...
14:08 DiffusionOperatorP1: Calculate all local scalar products beween gradients ...
14:08 DiffusionOperatorP1: Determine global dofs ...
14:08 DiffusionOperatorP1: Boundary treatment ...
14:08 DiffusionOperatorP1: Assemble system matrix ...
14:08 L2ProductP1: Integrate the products of the shape functions on each element
14:08 L2ProductP1: Determine global dofs ...
14:08 L2ProductP1: Boundary treatment ...
14:08 L2ProductP1: Assemble system matrix ...
14:08 DiffusionOperatorP1: Calulate gradients of shape functions transformed by reference map ...
14:08 DiffusionOperatorP1: Calculate all local scalar products beween gradients ...
14:08 DiffusionOperatorP1: Determine global dofs ...
14:08 DiffusionOperatorP1: Boundary treatment ...
14:08 DiffusionOperatorP1: Assemble system matrix ...
</system-err></testcase><testcase classname="src.pymortests.algorithms.basic" file="src/pymortests/algorithms/basic.py" line="41" name="test_almost_equal_product[&lt;lambda&gt;14]" time="0.06957840919494629"><system-err>14:08 DiffusionOperatorP1: Calulate gradients of shape functions transformed by reference map ...
14:08 DiffusionOperatorP1: Calculate all local scalar products beween gradients ...
14:08 DiffusionOperatorP1: Determine global dofs ...
14:08 DiffusionOperatorP1: Boundary treatment ...
14:08 DiffusionOperatorP1: Assemble system matrix ...
14:08 DiffusionOperatorP1: Calulate gradients of shape functions transformed by reference map ...
14:08 DiffusionOperatorP1: Calculate all local scalar products beween gradients ...
14:08 DiffusionOperatorP1: Determine global dofs ...
14:08 DiffusionOperatorP1: Boundary treatment ...
14:08 DiffusionOperatorP1: Assemble system matrix ...
14:08 DiffusionOperatorP1: Calulate gradients of shape functions transformed by reference map ...
14:08 DiffusionOperatorP1: Calculate all local scalar products beween gradients ...
14:08 DiffusionOperatorP1: Determine global dofs ...
14:08 DiffusionOperatorP1: Boundary treatment ...
14:08 DiffusionOperatorP1: Assemble system matrix ...
14:08 DiffusionOperatorP1: Calulate gradients of shape functions transformed by reference map ...
14:08 DiffusionOperatorP1: Calculate all local scalar products beween gradients ...
14:08 DiffusionOperatorP1: Determine global dofs ...
14:08 DiffusionOperatorP1: Boundary treatment ...
14:08 DiffusionOperatorP1: Assemble system matrix ...
14:08 DiffusionOperatorP1: Calulate gradients of shape functions transformed by reference map ...
14:08 DiffusionOperatorP1: Calculate all local scalar products beween gradients ...
14:08 DiffusionOperatorP1: Determine global dofs ...
14:08 DiffusionOperatorP1: Boundary treatment ...
14:08 DiffusionOperatorP1: Assemble system matrix ...
14:08 L2ProductP1: Integrate the products of the shape functions on each element
14:08 L2ProductP1: Determine global dofs ...
14:08 L2ProductP1: Boundary treatment ...
14:08 L2ProductP1: Assemble system matrix ...
14:08 DiffusionOperatorP1: Calulate gradients of shape functions transformed by reference map ...
14:08 DiffusionOperatorP1: Calculate all local scalar products beween gradients ...
14:08 DiffusionOperatorP1: Determine global dofs ...
14:08 DiffusionOperatorP1: Boundary treatment ...
14:08 DiffusionOperatorP1: Assemble system matrix ...
14:08 L2ProductP1: Integrate the products of the shape functions on each element
14:08 L2ProductP1: Determine global dofs ...
14:08 L2ProductP1: Boundary treatment ...
14:08 L2ProductP1: Assemble system matrix ...
14:08 DiffusionOperatorP1: Calulate gradients of shape functions transformed by reference map ...
14:08 DiffusionOperatorP1: Calculate all local scalar products beween gradients ...
14:08 DiffusionOperatorP1: Determine global dofs ...
14:08 DiffusionOperatorP1: Boundary treatment ...
14:08 DiffusionOperatorP1: Assemble system matrix ...
</system-err></testcase><testcase classname="src.pymortests.algorithms.basic" file="src/pymortests/algorithms/basic.py" line="41" name="test_almost_equal_product[&lt;lambda&gt;15]" time="0.06845331192016602"><system-err>14:08 DiffusionOperatorP1: Calulate gradients of shape functions transformed by reference map ...
14:08 DiffusionOperatorP1: Calculate all local scalar products beween gradients ...
14:08 DiffusionOperatorP1: Determine global dofs ...
14:08 DiffusionOperatorP1: Boundary treatment ...
14:08 DiffusionOperatorP1: Assemble system matrix ...
14:08 DiffusionOperatorP1: Calulate gradients of shape functions transformed by reference map ...
14:08 DiffusionOperatorP1: Calculate all local scalar products beween gradients ...
14:08 DiffusionOperatorP1: Determine global dofs ...
14:08 DiffusionOperatorP1: Boundary treatment ...
14:08 DiffusionOperatorP1: Assemble system matrix ...
14:08 L2ProductP1: Integrate the products of the shape functions on each element
14:08 L2ProductP1: Determine global dofs ...
14:08 L2ProductP1: Boundary treatment ...
14:08 L2ProductP1: Assemble system matrix ...
14:08 DiffusionOperatorP1: Calulate gradients of shape functions transformed by reference map ...
14:08 DiffusionOperatorP1: Calculate all local scalar products beween gradients ...
14:08 DiffusionOperatorP1: Determine global dofs ...
14:08 DiffusionOperatorP1: Boundary treatment ...
14:08 DiffusionOperatorP1: Assemble system matrix ...
14:08 L2ProductP1: Integrate the products of the shape functions on each element
14:08 L2ProductP1: Determine global dofs ...
14:08 L2ProductP1: Boundary treatment ...
14:08 L2ProductP1: Assemble system matrix ...
14:08 DiffusionOperatorP1: Calulate gradients of shape functions transformed by reference map ...
14:08 DiffusionOperatorP1: Calculate all local scalar products beween gradients ...
14:08 DiffusionOperatorP1: Determine global dofs ...
14:08 DiffusionOperatorP1: Boundary treatment ...
14:08 DiffusionOperatorP1: Assemble system matrix ...
</system-err></testcase><testcase classname="src.pymortests.algorithms.basic" file="src/pymortests/algorithms/basic.py" line="41" name="test_almost_equal_product[&lt;lambda&gt;16]" time="0.06697773933410645"><system-err>14:08 DiffusionOperatorP1: Calulate gradients of shape functions transformed by reference map ...
14:08 DiffusionOperatorP1: Calculate all local scalar products beween gradients ...
14:08 DiffusionOperatorP1: Determine global dofs ...
14:08 DiffusionOperatorP1: Boundary treatment ...
14:08 DiffusionOperatorP1: Assemble system matrix ...
14:08 DiffusionOperatorP1: Calulate gradients of shape functions transformed by reference map ...
14:08 DiffusionOperatorP1: Calculate all local scalar products beween gradients ...
14:08 DiffusionOperatorP1: Determine global dofs ...
14:08 DiffusionOperatorP1: Boundary treatment ...
14:08 DiffusionOperatorP1: Assemble system matrix ...
14:08 DiffusionOperatorP1: Calulate gradients of shape functions transformed by reference map ...
14:08 DiffusionOperatorP1: Calculate all local scalar products beween gradients ...
14:08 DiffusionOperatorP1: Determine global dofs ...
14:08 DiffusionOperatorP1: Boundary treatment ...
14:08 DiffusionOperatorP1: Assemble system matrix ...
14:08 DiffusionOperatorP1: Calulate gradients of shape functions transformed by reference map ...
14:08 DiffusionOperatorP1: Calculate all local scalar products beween gradients ...
14:08 DiffusionOperatorP1: Determine global dofs ...
14:08 DiffusionOperatorP1: Boundary treatment ...
14:08 DiffusionOperatorP1: Assemble system matrix ...
14:08 DiffusionOperatorP1: Calulate gradients of shape functions transformed by reference map ...
14:08 DiffusionOperatorP1: Calculate all local scalar products beween gradients ...
14:08 DiffusionOperatorP1: Determine global dofs ...
14:08 DiffusionOperatorP1: Boundary treatment ...
14:08 DiffusionOperatorP1: Assemble system matrix ...
14:08 L2ProductP1: Integrate the products of the shape functions on each element
14:08 L2ProductP1: Determine global dofs ...
14:08 L2ProductP1: Boundary treatment ...
14:08 L2ProductP1: Assemble system matrix ...
14:08 DiffusionOperatorP1: Calulate gradients of shape functions transformed by reference map ...
14:08 DiffusionOperatorP1: Calculate all local scalar products beween gradients ...
14:08 DiffusionOperatorP1: Determine global dofs ...
14:08 DiffusionOperatorP1: Boundary treatment ...
14:08 DiffusionOperatorP1: Assemble system matrix ...
14:08 L2ProductP1: Integrate the products of the shape functions on each element
14:08 L2ProductP1: Determine global dofs ...
14:08 L2ProductP1: Boundary treatment ...
14:08 L2ProductP1: Assemble system matrix ...
14:08 DiffusionOperatorP1: Calulate gradients of shape functions transformed by reference map ...
14:08 DiffusionOperatorP1: Calculate all local scalar products beween gradients ...
14:08 DiffusionOperatorP1: Determine global dofs ...
14:08 DiffusionOperatorP1: Boundary treatment ...
14:08 DiffusionOperatorP1: Assemble system matrix ...
</system-err></testcase><testcase classname="src.pymortests.algorithms.basic" file="src/pymortests/algorithms/basic.py" line="41" name="test_almost_equal_product[&lt;lambda&gt;17]" time="0.0607912540435791"><system-err>14:08 DiffusionOperatorP1: Calulate gradients of shape functions transformed by reference map ...
14:08 DiffusionOperatorP1: Calculate all local scalar products beween gradients ...
14:08 DiffusionOperatorP1: Determine global dofs ...
14:08 DiffusionOperatorP1: Boundary treatment ...
14:08 DiffusionOperatorP1: Assemble system matrix ...
14:08 DiffusionOperatorP1: Calulate gradients of shape functions transformed by reference map ...
14:08 DiffusionOperatorP1: Calculate all local scalar products beween gradients ...
14:08 DiffusionOperatorP1: Determine global dofs ...
14:08 DiffusionOperatorP1: Boundary treatment ...
14:08 DiffusionOperatorP1: Assemble system matrix ...
14:08 L2ProductP1: Integrate the products of the shape functions on each element
14:08 L2ProductP1: Determine global dofs ...
14:08 L2ProductP1: Boundary treatment ...
14:08 L2ProductP1: Assemble system matrix ...
14:08 DiffusionOperatorP1: Calulate gradients of shape functions transformed by reference map ...
14:08 DiffusionOperatorP1: Calculate all local scalar products beween gradients ...
14:08 DiffusionOperatorP1: Determine global dofs ...
14:08 DiffusionOperatorP1: Boundary treatment ...
14:08 DiffusionOperatorP1: Assemble system matrix ...
14:08 L2ProductP1: Integrate the products of the shape functions on each element
14:08 L2ProductP1: Determine global dofs ...
14:08 L2ProductP1: Boundary treatment ...
14:08 L2ProductP1: Assemble system matrix ...
14:08 DiffusionOperatorP1: Calulate gradients of shape functions transformed by reference map ...
14:08 DiffusionOperatorP1: Calculate all local scalar products beween gradients ...
14:08 DiffusionOperatorP1: Determine global dofs ...
14:08 DiffusionOperatorP1: Boundary treatment ...
14:08 DiffusionOperatorP1: Assemble system matrix ...
</system-err></testcase><testcase classname="src.pymortests.algorithms.basic" file="src/pymortests/algorithms/basic.py" line="41" name="test_almost_equal_product[&lt;lambda&gt;18]" time="0.07035422325134277"><system-err>14:09 DiffusionOperatorP1: Calulate gradients of shape functions transformed by reference map ...
14:09 DiffusionOperatorP1: Calculate all local scalar products beween gradients ...
14:09 DiffusionOperatorP1: Determine global dofs ...
14:09 DiffusionOperatorP1: Boundary treatment ...
14:09 DiffusionOperatorP1: Assemble system matrix ...
14:09 DiffusionOperatorP1: Calulate gradients of shape functions transformed by reference map ...
14:09 DiffusionOperatorP1: Calculate all local scalar products beween gradients ...
14:09 DiffusionOperatorP1: Determine global dofs ...
14:09 DiffusionOperatorP1: Boundary treatment ...
14:09 DiffusionOperatorP1: Assemble system matrix ...
14:09 DiffusionOperatorP1: Calulate gradients of shape functions transformed by reference map ...
14:09 DiffusionOperatorP1: Calculate all local scalar products beween gradients ...
14:09 DiffusionOperatorP1: Determine global dofs ...
14:09 DiffusionOperatorP1: Boundary treatment ...
14:09 DiffusionOperatorP1: Assemble system matrix ...
14:09 DiffusionOperatorP1: Calulate gradients of shape functions transformed by reference map ...
14:09 DiffusionOperatorP1: Calculate all local scalar products beween gradients ...
14:09 DiffusionOperatorP1: Determine global dofs ...
14:09 DiffusionOperatorP1: Boundary treatment ...
14:09 DiffusionOperatorP1: Assemble system matrix ...
14:09 DiffusionOperatorP1: Calulate gradients of shape functions transformed by reference map ...
14:09 DiffusionOperatorP1: Calculate all local scalar products beween gradients ...
14:09 DiffusionOperatorP1: Determine global dofs ...
14:09 DiffusionOperatorP1: Boundary treatment ...
14:09 DiffusionOperatorP1: Assemble system matrix ...
14:09 L2ProductP1: Integrate the products of the shape functions on each element
14:09 L2ProductP1: Determine global dofs ...
14:09 L2ProductP1: Boundary treatment ...
14:09 L2ProductP1: Assemble system matrix ...
14:09 DiffusionOperatorP1: Calulate gradients of shape functions transformed by reference map ...
14:09 DiffusionOperatorP1: Calculate all local scalar products beween gradients ...
14:09 DiffusionOperatorP1: Determine global dofs ...
14:09 DiffusionOperatorP1: Boundary treatment ...
14:09 DiffusionOperatorP1: Assemble system matrix ...
14:09 L2ProductP1: Integrate the products of the shape functions on each element
14:09 L2ProductP1: Determine global dofs ...
14:09 L2ProductP1: Boundary treatment ...
14:09 L2ProductP1: Assemble system matrix ...
14:09 DiffusionOperatorP1: Calulate gradients of shape functions transformed by reference map ...
14:09 DiffusionOperatorP1: Calculate all local scalar products beween gradients ...
14:09 DiffusionOperatorP1: Determine global dofs ...
14:09 DiffusionOperatorP1: Boundary treatment ...
14:09 DiffusionOperatorP1: Assemble system matrix ...
</system-err></testcase><testcase classname="src.pymortests.algorithms.basic" file="src/pymortests/algorithms/basic.py" line="41" name="test_almost_equal_product[&lt;lambda&gt;19]" time="0.06660914421081543"><system-err>14:09 DiffusionOperatorP1: Calulate gradients of shape functions transformed by reference map ...
14:09 DiffusionOperatorP1: Calculate all local scalar products beween gradients ...
14:09 DiffusionOperatorP1: Determine global dofs ...
14:09 DiffusionOperatorP1: Boundary treatment ...
14:09 DiffusionOperatorP1: Assemble system matrix ...
14:09 DiffusionOperatorP1: Calulate gradients of shape functions transformed by reference map ...
14:09 DiffusionOperatorP1: Calculate all local scalar products beween gradients ...
14:09 DiffusionOperatorP1: Determine global dofs ...
14:09 DiffusionOperatorP1: Boundary treatment ...
14:09 DiffusionOperatorP1: Assemble system matrix ...
14:09 L2ProductP1: Integrate the products of the shape functions on each element
14:09 L2ProductP1: Determine global dofs ...
14:09 L2ProductP1: Boundary treatment ...
14:09 L2ProductP1: Assemble system matrix ...
14:09 DiffusionOperatorP1: Calulate gradients of shape functions transformed by reference map ...
14:09 DiffusionOperatorP1: Calculate all local scalar products beween gradients ...
14:09 DiffusionOperatorP1: Determine global dofs ...
14:09 DiffusionOperatorP1: Boundary treatment ...
14:09 DiffusionOperatorP1: Assemble system matrix ...
14:09 L2ProductP1: Integrate the products of the shape functions on each element
14:09 L2ProductP1: Determine global dofs ...
14:09 L2ProductP1: Boundary treatment ...
14:09 L2ProductP1: Assemble system matrix ...
14:09 DiffusionOperatorP1: Calulate gradients of shape functions transformed by reference map ...
14:09 DiffusionOperatorP1: Calculate all local scalar products beween gradients ...
14:09 DiffusionOperatorP1: Determine global dofs ...
14:09 DiffusionOperatorP1: Boundary treatment ...
14:09 DiffusionOperatorP1: Assemble system matrix ...
</system-err></testcase><testcase classname="src.pymortests.algorithms.basic" file="src/pymortests/algorithms/basic.py" line="41" name="test_almost_equal_product[&lt;lambda&gt;20]" time="0.07291650772094727"><system-err>14:09 DiffusionOperatorP1: Calulate gradients of shape functions transformed by reference map ...
14:09 DiffusionOperatorP1: Calculate all local scalar products beween gradients ...
14:09 DiffusionOperatorP1: Determine global dofs ...
14:09 DiffusionOperatorP1: Boundary treatment ...
14:09 DiffusionOperatorP1: Assemble system matrix ...
14:09 DiffusionOperatorP1: Calulate gradients of shape functions transformed by reference map ...
14:09 DiffusionOperatorP1: Calculate all local scalar products beween gradients ...
14:09 DiffusionOperatorP1: Determine global dofs ...
14:09 DiffusionOperatorP1: Boundary treatment ...
14:09 DiffusionOperatorP1: Assemble system matrix ...
14:09 DiffusionOperatorP1: Calulate gradients of shape functions transformed by reference map ...
14:09 DiffusionOperatorP1: Calculate all local scalar products beween gradients ...
14:09 DiffusionOperatorP1: Determine global dofs ...
14:09 DiffusionOperatorP1: Boundary treatment ...
14:09 DiffusionOperatorP1: Assemble system matrix ...
14:09 DiffusionOperatorP1: Calulate gradients of shape functions transformed by reference map ...
14:09 DiffusionOperatorP1: Calculate all local scalar products beween gradients ...
14:09 DiffusionOperatorP1: Determine global dofs ...
14:09 DiffusionOperatorP1: Boundary treatment ...
14:09 DiffusionOperatorP1: Assemble system matrix ...
14:09 DiffusionOperatorP1: Calulate gradients of shape functions transformed by reference map ...
14:09 DiffusionOperatorP1: Calculate all local scalar products beween gradients ...
14:09 DiffusionOperatorP1: Determine global dofs ...
14:09 DiffusionOperatorP1: Boundary treatment ...
14:09 DiffusionOperatorP1: Assemble system matrix ...
14:09 L2ProductP1: Integrate the products of the shape functions on each element
14:09 L2ProductP1: Determine global dofs ...
14:09 L2ProductP1: Boundary treatment ...
14:09 L2ProductP1: Assemble system matrix ...
14:09 DiffusionOperatorP1: Calulate gradients of shape functions transformed by reference map ...
14:09 DiffusionOperatorP1: Calculate all local scalar products beween gradients ...
14:09 DiffusionOperatorP1: Determine global dofs ...
14:09 DiffusionOperatorP1: Boundary treatment ...
14:09 DiffusionOperatorP1: Assemble system matrix ...
14:09 L2ProductP1: Integrate the products of the shape functions on each element
14:09 L2ProductP1: Determine global dofs ...
14:09 L2ProductP1: Boundary treatment ...
14:09 L2ProductP1: Assemble system matrix ...
14:09 DiffusionOperatorP1: Calulate gradients of shape functions transformed by reference map ...
14:09 DiffusionOperatorP1: Calculate all local scalar products beween gradients ...
14:09 DiffusionOperatorP1: Determine global dofs ...
14:09 DiffusionOperatorP1: Boundary treatment ...
14:09 DiffusionOperatorP1: Assemble system matrix ...
</system-err></testcase><testcase classname="src.pymortests.algorithms.basic" file="src/pymortests/algorithms/basic.py" line="41" name="test_almost_equal_product[&lt;lambda&gt;21]" time="0.06714034080505371"><system-err>14:09 DiffusionOperatorP1: Calulate gradients of shape functions transformed by reference map ...
14:09 DiffusionOperatorP1: Calculate all local scalar products beween gradients ...
14:09 DiffusionOperatorP1: Determine global dofs ...
14:09 DiffusionOperatorP1: Boundary treatment ...
14:09 DiffusionOperatorP1: Assemble system matrix ...
14:09 DiffusionOperatorP1: Calulate gradients of shape functions transformed by reference map ...
14:09 DiffusionOperatorP1: Calculate all local scalar products beween gradients ...
14:09 DiffusionOperatorP1: Determine global dofs ...
14:09 DiffusionOperatorP1: Boundary treatment ...
14:09 DiffusionOperatorP1: Assemble system matrix ...
14:09 L2ProductP1: Integrate the products of the shape functions on each element
14:09 L2ProductP1: Determine global dofs ...
14:09 L2ProductP1: Boundary treatment ...
14:09 L2ProductP1: Assemble system matrix ...
14:09 DiffusionOperatorP1: Calulate gradients of shape functions transformed by reference map ...
14:09 DiffusionOperatorP1: Calculate all local scalar products beween gradients ...
14:09 DiffusionOperatorP1: Determine global dofs ...
14:09 DiffusionOperatorP1: Boundary treatment ...
14:09 DiffusionOperatorP1: Assemble system matrix ...
14:09 L2ProductP1: Integrate the products of the shape functions on each element
14:09 L2ProductP1: Determine global dofs ...
14:09 L2ProductP1: Boundary treatment ...
14:09 L2ProductP1: Assemble system matrix ...
14:09 DiffusionOperatorP1: Calulate gradients of shape functions transformed by reference map ...
14:09 DiffusionOperatorP1: Calculate all local scalar products beween gradients ...
14:09 DiffusionOperatorP1: Determine global dofs ...
14:09 DiffusionOperatorP1: Boundary treatment ...
14:09 DiffusionOperatorP1: Assemble system matrix ...
</system-err></testcase><testcase classname="src.pymortests.algorithms.basic" file="src/pymortests/algorithms/basic.py" line="41" name="test_almost_equal_product[&lt;lambda&gt;22]" time="0.06952071189880371"><system-err>14:09 DiffusionOperatorP1: Calulate gradients of shape functions transformed by reference map ...
14:09 DiffusionOperatorP1: Calculate all local scalar products beween gradients ...
14:09 DiffusionOperatorP1: Determine global dofs ...
14:09 DiffusionOperatorP1: Boundary treatment ...
14:09 DiffusionOperatorP1: Assemble system matrix ...
14:09 DiffusionOperatorP1: Calulate gradients of shape functions transformed by reference map ...
14:09 DiffusionOperatorP1: Calculate all local scalar products beween gradients ...
14:09 DiffusionOperatorP1: Determine global dofs ...
14:09 DiffusionOperatorP1: Boundary treatment ...
14:09 DiffusionOperatorP1: Assemble system matrix ...
14:09 DiffusionOperatorP1: Calulate gradients of shape functions transformed by reference map ...
14:09 DiffusionOperatorP1: Calculate all local scalar products beween gradients ...
14:09 DiffusionOperatorP1: Determine global dofs ...
14:09 DiffusionOperatorP1: Boundary treatment ...
14:09 DiffusionOperatorP1: Assemble system matrix ...
14:09 DiffusionOperatorP1: Calulate gradients of shape functions transformed by reference map ...
14:09 DiffusionOperatorP1: Calculate all local scalar products beween gradients ...
14:09 DiffusionOperatorP1: Determine global dofs ...
14:09 DiffusionOperatorP1: Boundary treatment ...
14:09 DiffusionOperatorP1: Assemble system matrix ...
14:09 DiffusionOperatorP1: Calulate gradients of shape functions transformed by reference map ...
14:09 DiffusionOperatorP1: Calculate all local scalar products beween gradients ...
14:09 DiffusionOperatorP1: Determine global dofs ...
14:09 DiffusionOperatorP1: Boundary treatment ...
14:09 DiffusionOperatorP1: Assemble system matrix ...
14:09 L2ProductP1: Integrate the products of the shape functions on each element
14:09 L2ProductP1: Determine global dofs ...
14:09 L2ProductP1: Boundary treatment ...
14:09 L2ProductP1: Assemble system matrix ...
14:09 DiffusionOperatorP1: Calulate gradients of shape functions transformed by reference map ...
14:09 DiffusionOperatorP1: Calculate all local scalar products beween gradients ...
14:09 DiffusionOperatorP1: Determine global dofs ...
14:09 DiffusionOperatorP1: Boundary treatment ...
14:09 DiffusionOperatorP1: Assemble system matrix ...
14:09 L2ProductP1: Integrate the products of the shape functions on each element
14:09 L2ProductP1: Determine global dofs ...
14:09 L2ProductP1: Boundary treatment ...
14:09 L2ProductP1: Assemble system matrix ...
14:09 DiffusionOperatorP1: Calulate gradients of shape functions transformed by reference map ...
14:09 DiffusionOperatorP1: Calculate all local scalar products beween gradients ...
14:09 DiffusionOperatorP1: Determine global dofs ...
14:09 DiffusionOperatorP1: Boundary treatment ...
14:09 DiffusionOperatorP1: Assemble system matrix ...
</system-err></testcase><testcase classname="src.pymortests.algorithms.basic" file="src/pymortests/algorithms/basic.py" line="41" name="test_almost_equal_product[&lt;lambda&gt;23]" time="0.06518387794494629"><system-err>14:09 DiffusionOperatorP1: Calulate gradients of shape functions transformed by reference map ...
14:09 DiffusionOperatorP1: Calculate all local scalar products beween gradients ...
14:09 DiffusionOperatorP1: Determine global dofs ...
14:09 DiffusionOperatorP1: Boundary treatment ...
14:09 DiffusionOperatorP1: Assemble system matrix ...
14:09 DiffusionOperatorP1: Calulate gradients of shape functions transformed by reference map ...
14:09 DiffusionOperatorP1: Calculate all local scalar products beween gradients ...
14:09 DiffusionOperatorP1: Determine global dofs ...
14:09 DiffusionOperatorP1: Boundary treatment ...
14:09 DiffusionOperatorP1: Assemble system matrix ...
14:09 L2ProductP1: Integrate the products of the shape functions on each element
14:09 L2ProductP1: Determine global dofs ...
14:09 L2ProductP1: Boundary treatment ...
14:09 L2ProductP1: Assemble system matrix ...
14:09 DiffusionOperatorP1: Calulate gradients of shape functions transformed by reference map ...
14:09 DiffusionOperatorP1: Calculate all local scalar products beween gradients ...
14:09 DiffusionOperatorP1: Determine global dofs ...
14:09 DiffusionOperatorP1: Boundary treatment ...
14:09 DiffusionOperatorP1: Assemble system matrix ...
14:09 L2ProductP1: Integrate the products of the shape functions on each element
14:09 L2ProductP1: Determine global dofs ...
14:09 L2ProductP1: Boundary treatment ...
14:09 L2ProductP1: Assemble system matrix ...
14:09 DiffusionOperatorP1: Calulate gradients of shape functions transformed by reference map ...
14:09 DiffusionOperatorP1: Calculate all local scalar products beween gradients ...
14:09 DiffusionOperatorP1: Determine global dofs ...
14:09 DiffusionOperatorP1: Boundary treatment ...
14:09 DiffusionOperatorP1: Assemble system matrix ...
</system-err></testcase><testcase classname="src.pymortests.algorithms.basic" file="src/pymortests/algorithms/basic.py" line="41" name="test_almost_equal_product[&lt;lambda&gt;24]" time="0.042980194091796875"></testcase><testcase classname="src.pymortests.algorithms.basic" file="src/pymortests/algorithms/basic.py" line="41" name="test_almost_equal_product[&lt;lambda&gt;25]" time="0.04282402992248535"></testcase><testcase classname="src.pymortests.algorithms.basic" file="src/pymortests/algorithms/basic.py" line="41" name="test_almost_equal_product[&lt;lambda&gt;26]" time="0.04233074188232422"></testcase><testcase classname="src.pymortests.algorithms.basic" file="src/pymortests/algorithms/basic.py" line="41" name="test_almost_equal_product[&lt;lambda&gt;27]" time="0.03910636901855469"></testcase><testcase classname="src.pymortests.algorithms.basic" file="src/pymortests/algorithms/basic.py" line="41" name="test_almost_equal_product[&lt;lambda&gt;28]" time="0.039510488510131836"></testcase><testcase classname="src.pymortests.algorithms.basic" file="src/pymortests/algorithms/basic.py" line="41" name="test_almost_equal_product[&lt;lambda&gt;29]" time="0.0387270450592041"></testcase><testcase classname="src.pymortests.algorithms.basic" file="src/pymortests/algorithms/basic.py" line="41" name="test_almost_equal_product[&lt;lambda&gt;30]" time="0.04073071479797363"></testcase><testcase classname="src.pymortests.algorithms.basic" file="src/pymortests/algorithms/basic.py" line="41" name="test_almost_equal_product[&lt;lambda&gt;31]" time="0.04006457328796387"></testcase><testcase classname="src.pymortests.algorithms.basic" file="src/pymortests/algorithms/basic.py" line="41" name="test_almost_equal_product[&lt;lambda&gt;32]" time="0.13339972496032715"></testcase><testcase classname="src.pymortests.algorithms.basic" file="src/pymortests/algorithms/basic.py" line="41" name="test_almost_equal_product[&lt;lambda&gt;33]" time="0.10172343254089355"></testcase><testcase classname="src.pymortests.algorithms.basic" file="src/pymortests/algorithms/basic.py" line="41" name="test_almost_equal_product[&lt;lambda&gt;34]" time="0.04186725616455078"></testcase><testcase classname="src.pymortests.algorithms.basic" file="src/pymortests/algorithms/basic.py" line="41" name="test_almost_equal_product[&lt;lambda&gt;35]" time="0.102386474609375"></testcase><testcase classname="src.pymortests.algorithms.basic" file="src/pymortests/algorithms/basic.py" line="41" name="test_almost_equal_product[&lt;lambda&gt;36]" time="0.04323554039001465"></testcase><testcase classname="src.pymortests.algorithms.basic" file="src/pymortests/algorithms/basic.py" line="64" name="test_almost_equal_self[0-&lt;lambda&gt;0]" time="0.01623392105102539"></testcase><testcase classname="src.pymortests.algorithms.basic" file="src/pymortests/algorithms/basic.py" line="64" name="test_almost_equal_self[0-&lt;lambda&gt;1]" time="0.017257213592529297"></testcase><testcase classname="src.pymortests.algorithms.basic" file="src/pymortests/algorithms/basic.py" line="64" name="test_almost_equal_self[0-&lt;lambda&gt;2]" time="0.12717890739440918"></testcase><testcase classname="src.pymortests.algorithms.basic" file="src/pymortests/algorithms/basic.py" line="64" name="test_almost_equal_self[0-&lt;lambda&gt;3]" time="0.20475149154663086"></testcase><testcase classname="src.pymortests.algorithms.basic" file="src/pymortests/algorithms/basic.py" line="64" name="test_almost_equal_self[0-&lt;lambda&gt;4]" time="0.03870105743408203"></testcase><testcase classname="src.pymortests.algorithms.basic" file="src/pymortests/algorithms/basic.py" line="64" name="test_almost_equal_self[0-&lt;lambda&gt;5]" time="0.014118432998657227"></testcase><testcase classname="src.pymortests.algorithms.basic" file="src/pymortests/algorithms/basic.py" line="64" name="test_almost_equal_self[0-&lt;lambda&gt;6]" time="0.01416778564453125"></testcase><testcase classname="src.pymortests.algorithms.basic" file="src/pymortests/algorithms/basic.py" line="64" name="test_almost_equal_self[0-&lt;lambda&gt;7]" time="0.21868205070495605"></testcase><testcase classname="src.pymortests.algorithms.basic" file="src/pymortests/algorithms/basic.py" line="64" name="test_almost_equal_self[0-&lt;lambda&gt;8]" time="1.4964897632598877"></testcase><testcase classname="src.pymortests.algorithms.basic" file="src/pymortests/algorithms/basic.py" line="64" name="test_almost_equal_self[0-&lt;lambda&gt;9]" time="0.2569243907928467"></testcase><testcase classname="src.pymortests.algorithms.basic" file="src/pymortests/algorithms/basic.py" line="64" name="test_almost_equal_self[0-&lt;lambda&gt;10]" time="0.0337831974029541"></testcase><testcase classname="src.pymortests.algorithms.basic" file="src/pymortests/algorithms/basic.py" line="64" name="test_almost_equal_self[0-&lt;lambda&gt;11]" time="0.3722264766693115"></testcase><testcase classname="src.pymortests.algorithms.basic" file="src/pymortests/algorithms/basic.py" line="64" name="test_almost_equal_self[0-&lt;lambda&gt;12]" time="0.05372452735900879"></testcase><testcase classname="src.pymortests.algorithms.basic" file="src/pymortests/algorithms/basic.py" line="64" name="test_almost_equal_self[0-&lt;lambda&gt;13]" time="0.1987614631652832"></testcase><testcase classname="src.pymortests.algorithms.basic" file="src/pymortests/algorithms/basic.py" line="64" name="test_almost_equal_self[0-&lt;lambda&gt;14]" time="0.35559606552124023"></testcase><testcase classname="src.pymortests.algorithms.basic" file="src/pymortests/algorithms/basic.py" line="64" name="test_almost_equal_self[0-&lt;lambda&gt;15]" time="0.6039595603942871"></testcase><testcase classname="src.pymortests.algorithms.basic" file="src/pymortests/algorithms/basic.py" line="64" name="test_almost_equal_self[0-&lt;lambda&gt;16]" time="0.6937737464904785"></testcase><testcase classname="src.pymortests.algorithms.basic" file="src/pymortests/algorithms/basic.py" line="64" name="test_almost_equal_self[0-&lt;lambda&gt;17]" time="0.04104304313659668"></testcase><testcase classname="src.pymortests.algorithms.basic" file="src/pymortests/algorithms/basic.py" line="64" name="test_almost_equal_self[0-&lt;lambda&gt;18]" time="0.041847944259643555"></testcase><testcase classname="src.pymortests.algorithms.basic" file="src/pymortests/algorithms/basic.py" line="64" name="test_almost_equal_self[0-&lt;lambda&gt;19]" time="1.4283976554870605"></testcase><testcase classname="src.pymortests.algorithms.basic" file="src/pymortests/algorithms/basic.py" line="64" name="test_almost_equal_self[0-&lt;lambda&gt;20]" time="4.30911922454834"></testcase><testcase classname="src.pymortests.algorithms.basic" file="src/pymortests/algorithms/basic.py" line="64" name="test_almost_equal_self[0-&lt;lambda&gt;21]" time="9.564558506011963"></testcase><testcase classname="src.pymortests.algorithms.basic" file="src/pymortests/algorithms/basic.py" line="64" name="test_almost_equal_self[0-&lt;lambda&gt;22]" time="0.016234636306762695"></testcase><testcase classname="src.pymortests.algorithms.basic" file="src/pymortests/algorithms/basic.py" line="64" name="test_almost_equal_self[0-&lt;lambda&gt;23]" time="0.015951156616210938"></testcase><testcase classname="src.pymortests.algorithms.basic" file="src/pymortests/algorithms/basic.py" line="64" name="test_almost_equal_self[0-&lt;lambda&gt;24]" time="3.6958515644073486"></testcase><testcase classname="src.pymortests.algorithms.basic" file="src/pymortests/algorithms/basic.py" line="64" name="test_almost_equal_self[0-&lt;lambda&gt;25]" time="50.917134523391724"></testcase><testcase classname="src.pymortests.algorithms.basic" file="src/pymortests/algorithms/basic.py" line="64" name="test_almost_equal_self[0-&lt;lambda&gt;26]" time="7.405344486236572"></testcase><testcase classname="src.pymortests.algorithms.basic" file="src/pymortests/algorithms/basic.py" line="64" name="test_almost_equal_self[1-&lt;lambda&gt;0]" time="0.0164337158203125"></testcase><testcase classname="src.pymortests.algorithms.basic" file="src/pymortests/algorithms/basic.py" line="64" name="test_almost_equal_self[1-&lt;lambda&gt;1]" time="0.017273664474487305"></testcase><testcase classname="src.pymortests.algorithms.basic" file="src/pymortests/algorithms/basic.py" line="64" name="test_almost_equal_self[1-&lt;lambda&gt;2]" time="0.1280198097229004"></testcase><testcase classname="src.pymortests.algorithms.basic" file="src/pymortests/algorithms/basic.py" line="64" name="test_almost_equal_self[1-&lt;lambda&gt;3]" time="0.20289158821105957"></testcase><testcase classname="src.pymortests.algorithms.basic" file="src/pymortests/algorithms/basic.py" line="64" name="test_almost_equal_self[1-&lt;lambda&gt;4]" time="0.03696465492248535"></testcase><testcase classname="src.pymortests.algorithms.basic" file="src/pymortests/algorithms/basic.py" line="64" name="test_almost_equal_self[1-&lt;lambda&gt;5]" time="0.014475584030151367"></testcase><testcase classname="src.pymortests.algorithms.basic" file="src/pymortests/algorithms/basic.py" line="64" name="test_almost_equal_self[1-&lt;lambda&gt;6]" time="0.014005184173583984"></testcase><testcase classname="src.pymortests.algorithms.basic" file="src/pymortests/algorithms/basic.py" line="64" name="test_almost_equal_self[1-&lt;lambda&gt;7]" time="0.22580242156982422"></testcase><testcase classname="src.pymortests.algorithms.basic" file="src/pymortests/algorithms/basic.py" line="64" name="test_almost_equal_self[1-&lt;lambda&gt;8]" time="1.4970712661743164"></testcase><testcase classname="src.pymortests.algorithms.basic" file="src/pymortests/algorithms/basic.py" line="64" name="test_almost_equal_self[1-&lt;lambda&gt;9]" time="0.24817919731140137"></testcase><testcase classname="src.pymortests.algorithms.basic" file="src/pymortests/algorithms/basic.py" line="64" name="test_almost_equal_self[1-&lt;lambda&gt;10]" time="0.032297611236572266"></testcase><testcase classname="src.pymortests.algorithms.basic" file="src/pymortests/algorithms/basic.py" line="64" name="test_almost_equal_self[1-&lt;lambda&gt;11]" time="0.378950834274292"></testcase><testcase classname="src.pymortests.algorithms.basic" file="src/pymortests/algorithms/basic.py" line="64" name="test_almost_equal_self[1-&lt;lambda&gt;12]" time="0.054728031158447266"></testcase><testcase classname="src.pymortests.algorithms.basic" file="src/pymortests/algorithms/basic.py" line="64" name="test_almost_equal_self[1-&lt;lambda&gt;13]" time="0.19911479949951172"></testcase><testcase classname="src.pymortests.algorithms.basic" file="src/pymortests/algorithms/basic.py" line="64" name="test_almost_equal_self[1-&lt;lambda&gt;14]" time="0.35819506645202637"></testcase><testcase classname="src.pymortests.algorithms.basic" file="src/pymortests/algorithms/basic.py" line="64" name="test_almost_equal_self[1-&lt;lambda&gt;15]" time="0.6166701316833496"></testcase><testcase classname="src.pymortests.algorithms.basic" file="src/pymortests/algorithms/basic.py" line="64" name="test_almost_equal_self[1-&lt;lambda&gt;16]" time="0.692903995513916"></testcase><testcase classname="src.pymortests.algorithms.basic" file="src/pymortests/algorithms/basic.py" line="64" name="test_almost_equal_self[1-&lt;lambda&gt;17]" time="0.044362545013427734"></testcase><testcase classname="src.pymortests.algorithms.basic" file="src/pymortests/algorithms/basic.py" line="64" name="test_almost_equal_self[1-&lt;lambda&gt;18]" time="0.042140960693359375"></testcase><testcase classname="src.pymortests.algorithms.basic" file="src/pymortests/algorithms/basic.py" line="64" name="test_almost_equal_self[1-&lt;lambda&gt;19]" time="1.4351017475128174"></testcase><testcase classname="src.pymortests.algorithms.basic" file="src/pymortests/algorithms/basic.py" line="64" name="test_almost_equal_self[1-&lt;lambda&gt;20]" time="4.287518501281738"></testcase><testcase classname="src.pymortests.algorithms.basic" file="src/pymortests/algorithms/basic.py" line="64" name="test_almost_equal_self[1-&lt;lambda&gt;21]" time="9.447571039199829"></testcase><testcase classname="src.pymortests.algorithms.basic" file="src/pymortests/algorithms/basic.py" line="64" name="test_almost_equal_self[1-&lt;lambda&gt;22]" time="0.015139341354370117"></testcase><testcase classname="src.pymortests.algorithms.basic" file="src/pymortests/algorithms/basic.py" line="64" name="test_almost_equal_self[1-&lt;lambda&gt;23]" time="0.01543879508972168"></testcase><testcase classname="src.pymortests.algorithms.basic" file="src/pymortests/algorithms/basic.py" line="64" name="test_almost_equal_self[1-&lt;lambda&gt;24]" time="3.6579833030700684"></testcase><testcase classname="src.pymortests.algorithms.basic" file="src/pymortests/algorithms/basic.py" line="64" name="test_almost_equal_self[1-&lt;lambda&gt;25]" time="50.04783654212952"></testcase><testcase classname="src.pymortests.algorithms.basic" file="src/pymortests/algorithms/basic.py" line="64" name="test_almost_equal_self[1-&lt;lambda&gt;26]" time="7.220394134521484"></testcase><testcase classname="src.pymortests.algorithms.basic" file="src/pymortests/algorithms/basic.py" line="64" name="test_almost_equal_self[2-&lt;lambda&gt;0]" time="0.016028881072998047"></testcase><testcase classname="src.pymortests.algorithms.basic" file="src/pymortests/algorithms/basic.py" line="64" name="test_almost_equal_self[2-&lt;lambda&gt;1]" time="0.017303943634033203"></testcase><testcase classname="src.pymortests.algorithms.basic" file="src/pymortests/algorithms/basic.py" line="64" name="test_almost_equal_self[2-&lt;lambda&gt;2]" time="0.12740421295166016"></testcase><testcase classname="src.pymortests.algorithms.basic" file="src/pymortests/algorithms/basic.py" line="64" name="test_almost_equal_self[2-&lt;lambda&gt;3]" time="0.19922971725463867"></testcase><testcase classname="src.pymortests.algorithms.basic" file="src/pymortests/algorithms/basic.py" line="64" name="test_almost_equal_self[2-&lt;lambda&gt;4]" time="0.03624296188354492"></testcase><testcase classname="src.pymortests.algorithms.basic" file="src/pymortests/algorithms/basic.py" line="64" name="test_almost_equal_self[2-&lt;lambda&gt;5]" time="0.014095067977905273"></testcase><testcase classname="src.pymortests.algorithms.basic" file="src/pymortests/algorithms/basic.py" line="64" name="test_almost_equal_self[2-&lt;lambda&gt;6]" time="0.014181375503540039"></testcase><testcase classname="src.pymortests.algorithms.basic" file="src/pymortests/algorithms/basic.py" line="64" name="test_almost_equal_self[2-&lt;lambda&gt;7]" time="0.21889019012451172"></testcase><testcase classname="src.pymortests.algorithms.basic" file="src/pymortests/algorithms/basic.py" line="64" name="test_almost_equal_self[2-&lt;lambda&gt;8]" time="1.469498634338379"></testcase><testcase classname="src.pymortests.algorithms.basic" file="src/pymortests/algorithms/basic.py" line="64" name="test_almost_equal_self[2-&lt;lambda&gt;9]" time="0.24839305877685547"></testcase><testcase classname="src.pymortests.algorithms.basic" file="src/pymortests/algorithms/basic.py" line="64" name="test_almost_equal_self[2-&lt;lambda&gt;10]" time="0.03208208084106445"></testcase><testcase classname="src.pymortests.algorithms.basic" file="src/pymortests/algorithms/basic.py" line="64" name="test_almost_equal_self[2-&lt;lambda&gt;11]" time="0.3710019588470459"></testcase><testcase classname="src.pymortests.algorithms.basic" file="src/pymortests/algorithms/basic.py" line="64" name="test_almost_equal_self[2-&lt;lambda&gt;12]" time="0.05358600616455078"></testcase><testcase classname="src.pymortests.algorithms.basic" file="src/pymortests/algorithms/basic.py" line="64" name="test_almost_equal_self[2-&lt;lambda&gt;13]" time="0.19903087615966797"></testcase><testcase classname="src.pymortests.algorithms.basic" file="src/pymortests/algorithms/basic.py" line="64" name="test_almost_equal_self[2-&lt;lambda&gt;14]" time="0.35555028915405273"></testcase><testcase classname="src.pymortests.algorithms.basic" file="src/pymortests/algorithms/basic.py" line="64" name="test_almost_equal_self[2-&lt;lambda&gt;15]" time="0.5997219085693359"></testcase><testcase classname="src.pymortests.algorithms.basic" file="src/pymortests/algorithms/basic.py" line="64" name="test_almost_equal_self[2-&lt;lambda&gt;16]" time="0.6865675449371338"></testcase><testcase classname="src.pymortests.algorithms.basic" file="src/pymortests/algorithms/basic.py" line="64" name="test_almost_equal_self[2-&lt;lambda&gt;17]" time="0.04107856750488281"></testcase><testcase classname="src.pymortests.algorithms.basic" file="src/pymortests/algorithms/basic.py" line="64" name="test_almost_equal_self[2-&lt;lambda&gt;18]" time="0.04207777976989746"></testcase><testcase classname="src.pymortests.algorithms.basic" file="src/pymortests/algorithms/basic.py" line="64" name="test_almost_equal_self[2-&lt;lambda&gt;19]" time="1.4094741344451904"></testcase><testcase classname="src.pymortests.algorithms.basic" file="src/pymortests/algorithms/basic.py" line="64" name="test_almost_equal_self[2-&lt;lambda&gt;20]" time="4.202960729598999"></testcase><testcase classname="src.pymortests.algorithms.basic" file="src/pymortests/algorithms/basic.py" line="64" name="test_almost_equal_self[2-&lt;lambda&gt;21]" time="9.649806499481201"></testcase><testcase classname="src.pymortests.algorithms.basic" file="src/pymortests/algorithms/basic.py" line="64" name="test_almost_equal_self[2-&lt;lambda&gt;22]" time="0.01516103744506836"></testcase><testcase classname="src.pymortests.algorithms.basic" file="src/pymortests/algorithms/basic.py" line="64" name="test_almost_equal_self[2-&lt;lambda&gt;23]" time="0.01544952392578125"></testcase><testcase classname="src.pymortests.algorithms.basic" file="src/pymortests/algorithms/basic.py" line="64" name="test_almost_equal_self[2-&lt;lambda&gt;24]" time="3.6176207065582275"></testcase><testcase classname="src.pymortests.algorithms.basic" file="src/pymortests/algorithms/basic.py" line="64" name="test_almost_equal_self[2-&lt;lambda&gt;25]" time="51.119651317596436"></testcase><testcase classname="src.pymortests.algorithms.basic" file="src/pymortests/algorithms/basic.py" line="64" name="test_almost_equal_self[2-&lt;lambda&gt;26]" time="7.330018997192383"></testcase><testcase classname="src.pymortests.algorithms.basic" file="src/pymortests/algorithms/basic.py" line="104" name="test_almost_equal_self_product[&lt;lambda&gt;0]" time="0.2584414482116699"><system-err>18:15 DiffusionOperatorP1: Calulate gradients of shape functions transformed by reference map ...
18:15 DiffusionOperatorP1: Calculate all local scalar products beween gradients ...
18:15 DiffusionOperatorP1: Determine global dofs ...
18:15 DiffusionOperatorP1: Boundary treatment ...
18:15 DiffusionOperatorP1: Assemble system matrix ...
18:15 DiffusionOperatorP1: Calulate gradients of shape functions transformed by reference map ...
18:15 DiffusionOperatorP1: Calculate all local scalar products beween gradients ...
18:15 DiffusionOperatorP1: Determine global dofs ...
18:15 DiffusionOperatorP1: Boundary treatment ...
18:15 DiffusionOperatorP1: Assemble system matrix ...
18:15 DiffusionOperatorP1: Calulate gradients of shape functions transformed by reference map ...
18:15 DiffusionOperatorP1: Calculate all local scalar products beween gradients ...
18:15 DiffusionOperatorP1: Determine global dofs ...
18:15 DiffusionOperatorP1: Boundary treatment ...
18:15 DiffusionOperatorP1: Assemble system matrix ...
18:15 DiffusionOperatorP1: Calulate gradients of shape functions transformed by reference map ...
18:15 DiffusionOperatorP1: Calculate all local scalar products beween gradients ...
18:15 DiffusionOperatorP1: Determine global dofs ...
18:15 DiffusionOperatorP1: Boundary treatment ...
18:15 DiffusionOperatorP1: Assemble system matrix ...
18:15 DiffusionOperatorP1: Calulate gradients of shape functions transformed by reference map ...
18:15 DiffusionOperatorP1: Calculate all local scalar products beween gradients ...
18:15 DiffusionOperatorP1: Determine global dofs ...
18:15 DiffusionOperatorP1: Boundary treatment ...
18:15 DiffusionOperatorP1: Assemble system matrix ...
18:15 L2ProductP1: Integrate the products of the shape functions on each element
18:15 L2ProductP1: Determine global dofs ...
18:15 L2ProductP1: Boundary treatment ...
18:15 L2ProductP1: Assemble system matrix ...
18:15 DiffusionOperatorP1: Calulate gradients of shape functions transformed by reference map ...
18:15 DiffusionOperatorP1: Calculate all local scalar products beween gradients ...
18:15 DiffusionOperatorP1: Determine global dofs ...
18:15 DiffusionOperatorP1: Boundary treatment ...
18:15 DiffusionOperatorP1: Assemble system matrix ...
18:15 L2ProductP1: Integrate the products of the shape functions on each element
18:15 L2ProductP1: Determine global dofs ...
18:15 L2ProductP1: Boundary treatment ...
18:15 L2ProductP1: Assemble system matrix ...
18:15 DiffusionOperatorP1: Calulate gradients of shape functions transformed by reference map ...
18:15 DiffusionOperatorP1: Calculate all local scalar products beween gradients ...
18:15 DiffusionOperatorP1: Determine global dofs ...
18:15 DiffusionOperatorP1: Boundary treatment ...
18:15 DiffusionOperatorP1: Assemble system matrix ...
</system-err></testcase><testcase classname="src.pymortests.algorithms.basic" file="src/pymortests/algorithms/basic.py" line="104" name="test_almost_equal_self_product[&lt;lambda&gt;1]" time="0.25708556175231934"><system-err>18:15 DiffusionOperatorP1: Calulate gradients of shape functions transformed by reference map ...
18:15 DiffusionOperatorP1: Calculate all local scalar products beween gradients ...
18:15 DiffusionOperatorP1: Determine global dofs ...
18:15 DiffusionOperatorP1: Boundary treatment ...
18:15 DiffusionOperatorP1: Assemble system matrix ...
18:15 DiffusionOperatorP1: Calulate gradients of shape functions transformed by reference map ...
18:15 DiffusionOperatorP1: Calculate all local scalar products beween gradients ...
18:15 DiffusionOperatorP1: Determine global dofs ...
18:15 DiffusionOperatorP1: Boundary treatment ...
18:15 DiffusionOperatorP1: Assemble system matrix ...
18:15 L2ProductP1: Integrate the products of the shape functions on each element
18:15 L2ProductP1: Determine global dofs ...
18:15 L2ProductP1: Boundary treatment ...
18:15 L2ProductP1: Assemble system matrix ...
18:15 DiffusionOperatorP1: Calulate gradients of shape functions transformed by reference map ...
18:15 DiffusionOperatorP1: Calculate all local scalar products beween gradients ...
18:15 DiffusionOperatorP1: Determine global dofs ...
18:15 DiffusionOperatorP1: Boundary treatment ...
18:15 DiffusionOperatorP1: Assemble system matrix ...
18:15 L2ProductP1: Integrate the products of the shape functions on each element
18:15 L2ProductP1: Determine global dofs ...
18:15 L2ProductP1: Boundary treatment ...
18:15 L2ProductP1: Assemble system matrix ...
18:15 DiffusionOperatorP1: Calulate gradients of shape functions transformed by reference map ...
18:15 DiffusionOperatorP1: Calculate all local scalar products beween gradients ...
18:15 DiffusionOperatorP1: Determine global dofs ...
18:15 DiffusionOperatorP1: Boundary treatment ...
18:15 DiffusionOperatorP1: Assemble system matrix ...
</system-err></testcase><testcase classname="src.pymortests.algorithms.basic" file="src/pymortests/algorithms/basic.py" line="104" name="test_almost_equal_self_product[&lt;lambda&gt;2]" time="0.25881242752075195"><system-err>18:16 DiffusionOperatorP1: Calulate gradients of shape functions transformed by reference map ...
18:16 DiffusionOperatorP1: Calculate all local scalar products beween gradients ...
18:16 DiffusionOperatorP1: Determine global dofs ...
18:16 DiffusionOperatorP1: Boundary treatment ...
18:16 DiffusionOperatorP1: Assemble system matrix ...
18:16 DiffusionOperatorP1: Calulate gradients of shape functions transformed by reference map ...
18:16 DiffusionOperatorP1: Calculate all local scalar products beween gradients ...
18:16 DiffusionOperatorP1: Determine global dofs ...
18:16 DiffusionOperatorP1: Boundary treatment ...
18:16 DiffusionOperatorP1: Assemble system matrix ...
18:16 DiffusionOperatorP1: Calulate gradients of shape functions transformed by reference map ...
18:16 DiffusionOperatorP1: Calculate all local scalar products beween gradients ...
18:16 DiffusionOperatorP1: Determine global dofs ...
18:16 DiffusionOperatorP1: Boundary treatment ...
18:16 DiffusionOperatorP1: Assemble system matrix ...
18:16 DiffusionOperatorP1: Calulate gradients of shape functions transformed by reference map ...
18:16 DiffusionOperatorP1: Calculate all local scalar products beween gradients ...
18:16 DiffusionOperatorP1: Determine global dofs ...
18:16 DiffusionOperatorP1: Boundary treatment ...
18:16 DiffusionOperatorP1: Assemble system matrix ...
18:16 DiffusionOperatorP1: Calulate gradients of shape functions transformed by reference map ...
18:16 DiffusionOperatorP1: Calculate all local scalar products beween gradients ...
18:16 DiffusionOperatorP1: Determine global dofs ...
18:16 DiffusionOperatorP1: Boundary treatment ...
18:16 DiffusionOperatorP1: Assemble system matrix ...
18:16 L2ProductP1: Integrate the products of the shape functions on each element
18:16 L2ProductP1: Determine global dofs ...
18:16 L2ProductP1: Boundary treatment ...
18:16 L2ProductP1: Assemble system matrix ...
18:16 DiffusionOperatorP1: Calulate gradients of shape functions transformed by reference map ...
18:16 DiffusionOperatorP1: Calculate all local scalar products beween gradients ...
18:16 DiffusionOperatorP1: Determine global dofs ...
18:16 DiffusionOperatorP1: Boundary treatment ...
18:16 DiffusionOperatorP1: Assemble system matrix ...
18:16 L2ProductP1: Integrate the products of the shape functions on each element
18:16 L2ProductP1: Determine global dofs ...
18:16 L2ProductP1: Boundary treatment ...
18:16 L2ProductP1: Assemble system matrix ...
18:16 DiffusionOperatorP1: Calulate gradients of shape functions transformed by reference map ...
18:16 DiffusionOperatorP1: Calculate all local scalar products beween gradients ...
18:16 DiffusionOperatorP1: Determine global dofs ...
18:16 DiffusionOperatorP1: Boundary treatment ...
18:16 DiffusionOperatorP1: Assemble system matrix ...
</system-err></testcase><testcase classname="src.pymortests.algorithms.basic" file="src/pymortests/algorithms/basic.py" line="104" name="test_almost_equal_self_product[&lt;lambda&gt;3]" time="0.2584359645843506"><system-err>18:16 DiffusionOperatorP1: Calulate gradients of shape functions transformed by reference map ...
18:16 DiffusionOperatorP1: Calculate all local scalar products beween gradients ...
18:16 DiffusionOperatorP1: Determine global dofs ...
18:16 DiffusionOperatorP1: Boundary treatment ...
18:16 DiffusionOperatorP1: Assemble system matrix ...
18:16 DiffusionOperatorP1: Calulate gradients of shape functions transformed by reference map ...
18:16 DiffusionOperatorP1: Calculate all local scalar products beween gradients ...
18:16 DiffusionOperatorP1: Determine global dofs ...
18:16 DiffusionOperatorP1: Boundary treatment ...
18:16 DiffusionOperatorP1: Assemble system matrix ...
18:16 L2ProductP1: Integrate the products of the shape functions on each element
18:16 L2ProductP1: Determine global dofs ...
18:16 L2ProductP1: Boundary treatment ...
18:16 L2ProductP1: Assemble system matrix ...
18:16 DiffusionOperatorP1: Calulate gradients of shape functions transformed by reference map ...
18:16 DiffusionOperatorP1: Calculate all local scalar products beween gradients ...
18:16 DiffusionOperatorP1: Determine global dofs ...
18:16 DiffusionOperatorP1: Boundary treatment ...
18:16 DiffusionOperatorP1: Assemble system matrix ...
18:16 L2ProductP1: Integrate the products of the shape functions on each element
18:16 L2ProductP1: Determine global dofs ...
18:16 L2ProductP1: Boundary treatment ...
18:16 L2ProductP1: Assemble system matrix ...
18:16 DiffusionOperatorP1: Calulate gradients of shape functions transformed by reference map ...
18:16 DiffusionOperatorP1: Calculate all local scalar products beween gradients ...
18:16 DiffusionOperatorP1: Determine global dofs ...
18:16 DiffusionOperatorP1: Boundary treatment ...
18:16 DiffusionOperatorP1: Assemble system matrix ...
</system-err></testcase><testcase classname="src.pymortests.algorithms.basic" file="src/pymortests/algorithms/basic.py" line="104" name="test_almost_equal_self_product[&lt;lambda&gt;4]" time="0.2571423053741455"><system-err>18:16 DiffusionOperatorP1: Calulate gradients of shape functions transformed by reference map ...
18:16 DiffusionOperatorP1: Calculate all local scalar products beween gradients ...
18:16 DiffusionOperatorP1: Determine global dofs ...
18:16 DiffusionOperatorP1: Boundary treatment ...
18:16 DiffusionOperatorP1: Assemble system matrix ...
18:16 DiffusionOperatorP1: Calulate gradients of shape functions transformed by reference map ...
18:16 DiffusionOperatorP1: Calculate all local scalar products beween gradients ...
18:16 DiffusionOperatorP1: Determine global dofs ...
18:16 DiffusionOperatorP1: Boundary treatment ...
18:16 DiffusionOperatorP1: Assemble system matrix ...
18:16 DiffusionOperatorP1: Calulate gradients of shape functions transformed by reference map ...
18:16 DiffusionOperatorP1: Calculate all local scalar products beween gradients ...
18:16 DiffusionOperatorP1: Determine global dofs ...
18:16 DiffusionOperatorP1: Boundary treatment ...
18:16 DiffusionOperatorP1: Assemble system matrix ...
18:16 DiffusionOperatorP1: Calulate gradients of shape functions transformed by reference map ...
18:16 DiffusionOperatorP1: Calculate all local scalar products beween gradients ...
18:16 DiffusionOperatorP1: Determine global dofs ...
18:16 DiffusionOperatorP1: Boundary treatment ...
18:16 DiffusionOperatorP1: Assemble system matrix ...
18:16 DiffusionOperatorP1: Calulate gradients of shape functions transformed by reference map ...
18:16 DiffusionOperatorP1: Calculate all local scalar products beween gradients ...
18:16 DiffusionOperatorP1: Determine global dofs ...
18:16 DiffusionOperatorP1: Boundary treatment ...
18:16 DiffusionOperatorP1: Assemble system matrix ...
18:16 L2ProductP1: Integrate the products of the shape functions on each element
18:16 L2ProductP1: Determine global dofs ...
18:16 L2ProductP1: Boundary treatment ...
18:16 L2ProductP1: Assemble system matrix ...
18:16 DiffusionOperatorP1: Calulate gradients of shape functions transformed by reference map ...
18:16 DiffusionOperatorP1: Calculate all local scalar products beween gradients ...
18:16 DiffusionOperatorP1: Determine global dofs ...
18:16 DiffusionOperatorP1: Boundary treatment ...
18:16 DiffusionOperatorP1: Assemble system matrix ...
18:16 L2ProductP1: Integrate the products of the shape functions on each element
18:16 L2ProductP1: Determine global dofs ...
18:16 L2ProductP1: Boundary treatment ...
18:16 L2ProductP1: Assemble system matrix ...
18:16 DiffusionOperatorP1: Calulate gradients of shape functions transformed by reference map ...
18:16 DiffusionOperatorP1: Calculate all local scalar products beween gradients ...
18:16 DiffusionOperatorP1: Determine global dofs ...
18:16 DiffusionOperatorP1: Boundary treatment ...
18:16 DiffusionOperatorP1: Assemble system matrix ...
</system-err></testcase><testcase classname="src.pymortests.algorithms.basic" file="src/pymortests/algorithms/basic.py" line="104" name="test_almost_equal_self_product[&lt;lambda&gt;5]" time="0.2598726749420166"><system-err>18:16 DiffusionOperatorP1: Calulate gradients of shape functions transformed by reference map ...
18:16 DiffusionOperatorP1: Calculate all local scalar products beween gradients ...
18:16 DiffusionOperatorP1: Determine global dofs ...
18:16 DiffusionOperatorP1: Boundary treatment ...
18:16 DiffusionOperatorP1: Assemble system matrix ...
18:16 DiffusionOperatorP1: Calulate gradients of shape functions transformed by reference map ...
18:16 DiffusionOperatorP1: Calculate all local scalar products beween gradients ...
18:16 DiffusionOperatorP1: Determine global dofs ...
18:16 DiffusionOperatorP1: Boundary treatment ...
18:16 DiffusionOperatorP1: Assemble system matrix ...
18:16 L2ProductP1: Integrate the products of the shape functions on each element
18:16 L2ProductP1: Determine global dofs ...
18:16 L2ProductP1: Boundary treatment ...
18:16 L2ProductP1: Assemble system matrix ...
18:16 DiffusionOperatorP1: Calulate gradients of shape functions transformed by reference map ...
18:16 DiffusionOperatorP1: Calculate all local scalar products beween gradients ...
18:16 DiffusionOperatorP1: Determine global dofs ...
18:16 DiffusionOperatorP1: Boundary treatment ...
18:16 DiffusionOperatorP1: Assemble system matrix ...
18:16 L2ProductP1: Integrate the products of the shape functions on each element
18:16 L2ProductP1: Determine global dofs ...
18:16 L2ProductP1: Boundary treatment ...
18:16 L2ProductP1: Assemble system matrix ...
18:16 DiffusionOperatorP1: Calulate gradients of shape functions transformed by reference map ...
18:16 DiffusionOperatorP1: Calculate all local scalar products beween gradients ...
18:16 DiffusionOperatorP1: Determine global dofs ...
18:16 DiffusionOperatorP1: Boundary treatment ...
18:16 DiffusionOperatorP1: Assemble system matrix ...
</system-err></testcase><testcase classname="src.pymortests.algorithms.basic" file="src/pymortests/algorithms/basic.py" line="104" name="test_almost_equal_self_product[&lt;lambda&gt;6]" time="0.2595241069793701"><system-err>18:17 DiffusionOperatorP1: Calulate gradients of shape functions transformed by reference map ...
18:17 DiffusionOperatorP1: Calculate all local scalar products beween gradients ...
18:17 DiffusionOperatorP1: Determine global dofs ...
18:17 DiffusionOperatorP1: Boundary treatment ...
18:17 DiffusionOperatorP1: Assemble system matrix ...
18:17 DiffusionOperatorP1: Calulate gradients of shape functions transformed by reference map ...
18:17 DiffusionOperatorP1: Calculate all local scalar products beween gradients ...
18:17 DiffusionOperatorP1: Determine global dofs ...
18:17 DiffusionOperatorP1: Boundary treatment ...
18:17 DiffusionOperatorP1: Assemble system matrix ...
18:17 DiffusionOperatorP1: Calulate gradients of shape functions transformed by reference map ...
18:17 DiffusionOperatorP1: Calculate all local scalar products beween gradients ...
18:17 DiffusionOperatorP1: Determine global dofs ...
18:17 DiffusionOperatorP1: Boundary treatment ...
18:17 DiffusionOperatorP1: Assemble system matrix ...
18:17 DiffusionOperatorP1: Calulate gradients of shape functions transformed by reference map ...
18:17 DiffusionOperatorP1: Calculate all local scalar products beween gradients ...
18:17 DiffusionOperatorP1: Determine global dofs ...
18:17 DiffusionOperatorP1: Boundary treatment ...
18:17 DiffusionOperatorP1: Assemble system matrix ...
18:17 DiffusionOperatorP1: Calulate gradients of shape functions transformed by reference map ...
18:17 DiffusionOperatorP1: Calculate all local scalar products beween gradients ...
18:17 DiffusionOperatorP1: Determine global dofs ...
18:17 DiffusionOperatorP1: Boundary treatment ...
18:17 DiffusionOperatorP1: Assemble system matrix ...
18:17 L2ProductP1: Integrate the products of the shape functions on each element
18:17 L2ProductP1: Determine global dofs ...
18:17 L2ProductP1: Boundary treatment ...
18:17 L2ProductP1: Assemble system matrix ...
18:17 DiffusionOperatorP1: Calulate gradients of shape functions transformed by reference map ...
18:17 DiffusionOperatorP1: Calculate all local scalar products beween gradients ...
18:17 DiffusionOperatorP1: Determine global dofs ...
18:17 DiffusionOperatorP1: Boundary treatment ...
18:17 DiffusionOperatorP1: Assemble system matrix ...
18:17 L2ProductP1: Integrate the products of the shape functions on each element
18:17 L2ProductP1: Determine global dofs ...
18:17 L2ProductP1: Boundary treatment ...
18:17 L2ProductP1: Assemble system matrix ...
18:17 DiffusionOperatorP1: Calulate gradients of shape functions transformed by reference map ...
18:17 DiffusionOperatorP1: Calculate all local scalar products beween gradients ...
18:17 DiffusionOperatorP1: Determine global dofs ...
18:17 DiffusionOperatorP1: Boundary treatment ...
18:17 DiffusionOperatorP1: Assemble system matrix ...
</system-err></testcase><testcase classname="src.pymortests.algorithms.basic" file="src/pymortests/algorithms/basic.py" line="104" name="test_almost_equal_self_product[&lt;lambda&gt;7]" time="0.25943493843078613"><system-err>18:17 DiffusionOperatorP1: Calulate gradients of shape functions transformed by reference map ...
18:17 DiffusionOperatorP1: Calculate all local scalar products beween gradients ...
18:17 DiffusionOperatorP1: Determine global dofs ...
18:17 DiffusionOperatorP1: Boundary treatment ...
18:17 DiffusionOperatorP1: Assemble system matrix ...
18:17 DiffusionOperatorP1: Calulate gradients of shape functions transformed by reference map ...
18:17 DiffusionOperatorP1: Calculate all local scalar products beween gradients ...
18:17 DiffusionOperatorP1: Determine global dofs ...
18:17 DiffusionOperatorP1: Boundary treatment ...
18:17 DiffusionOperatorP1: Assemble system matrix ...
18:17 L2ProductP1: Integrate the products of the shape functions on each element
18:17 L2ProductP1: Determine global dofs ...
18:17 L2ProductP1: Boundary treatment ...
18:17 L2ProductP1: Assemble system matrix ...
18:17 DiffusionOperatorP1: Calulate gradients of shape functions transformed by reference map ...
18:17 DiffusionOperatorP1: Calculate all local scalar products beween gradients ...
18:17 DiffusionOperatorP1: Determine global dofs ...
18:17 DiffusionOperatorP1: Boundary treatment ...
18:17 DiffusionOperatorP1: Assemble system matrix ...
18:17 L2ProductP1: Integrate the products of the shape functions on each element
18:17 L2ProductP1: Determine global dofs ...
18:17 L2ProductP1: Boundary treatment ...
18:17 L2ProductP1: Assemble system matrix ...
18:17 DiffusionOperatorP1: Calulate gradients of shape functions transformed by reference map ...
18:17 DiffusionOperatorP1: Calculate all local scalar products beween gradients ...
18:17 DiffusionOperatorP1: Determine global dofs ...
18:17 DiffusionOperatorP1: Boundary treatment ...
18:17 DiffusionOperatorP1: Assemble system matrix ...
</system-err></testcase><testcase classname="src.pymortests.algorithms.basic" file="src/pymortests/algorithms/basic.py" line="104" name="test_almost_equal_self_product[&lt;lambda&gt;8]" time="0.26413822174072266"><system-err>18:17 DiffusionOperatorP1: Calulate gradients of shape functions transformed by reference map ...
18:17 DiffusionOperatorP1: Calculate all local scalar products beween gradients ...
18:17 DiffusionOperatorP1: Determine global dofs ...
18:17 DiffusionOperatorP1: Boundary treatment ...
18:17 DiffusionOperatorP1: Assemble system matrix ...
18:17 DiffusionOperatorP1: Calulate gradients of shape functions transformed by reference map ...
18:17 DiffusionOperatorP1: Calculate all local scalar products beween gradients ...
18:17 DiffusionOperatorP1: Determine global dofs ...
18:17 DiffusionOperatorP1: Boundary treatment ...
18:17 DiffusionOperatorP1: Assemble system matrix ...
18:17 DiffusionOperatorP1: Calulate gradients of shape functions transformed by reference map ...
18:17 DiffusionOperatorP1: Calculate all local scalar products beween gradients ...
18:17 DiffusionOperatorP1: Determine global dofs ...
18:17 DiffusionOperatorP1: Boundary treatment ...
18:17 DiffusionOperatorP1: Assemble system matrix ...
18:17 DiffusionOperatorP1: Calulate gradients of shape functions transformed by reference map ...
18:17 DiffusionOperatorP1: Calculate all local scalar products beween gradients ...
18:17 DiffusionOperatorP1: Determine global dofs ...
18:17 DiffusionOperatorP1: Boundary treatment ...
18:17 DiffusionOperatorP1: Assemble system matrix ...
18:17 DiffusionOperatorP1: Calulate gradients of shape functions transformed by reference map ...
18:17 DiffusionOperatorP1: Calculate all local scalar products beween gradients ...
18:17 DiffusionOperatorP1: Determine global dofs ...
18:17 DiffusionOperatorP1: Boundary treatment ...
18:17 DiffusionOperatorP1: Assemble system matrix ...
18:17 L2ProductP1: Integrate the products of the shape functions on each element
18:17 L2ProductP1: Determine global dofs ...
18:17 L2ProductP1: Boundary treatment ...
18:17 L2ProductP1: Assemble system matrix ...
18:17 DiffusionOperatorP1: Calulate gradients of shape functions transformed by reference map ...
18:17 DiffusionOperatorP1: Calculate all local scalar products beween gradients ...
18:17 DiffusionOperatorP1: Determine global dofs ...
18:17 DiffusionOperatorP1: Boundary treatment ...
18:17 DiffusionOperatorP1: Assemble system matrix ...
18:17 L2ProductP1: Integrate the products of the shape functions on each element
18:17 L2ProductP1: Determine global dofs ...
18:17 L2ProductP1: Boundary treatment ...
18:17 L2ProductP1: Assemble system matrix ...
18:17 DiffusionOperatorP1: Calulate gradients of shape functions transformed by reference map ...
18:17 DiffusionOperatorP1: Calculate all local scalar products beween gradients ...
18:17 DiffusionOperatorP1: Determine global dofs ...
18:17 DiffusionOperatorP1: Boundary treatment ...
18:17 DiffusionOperatorP1: Assemble system matrix ...
</system-err></testcase><testcase classname="src.pymortests.algorithms.basic" file="src/pymortests/algorithms/basic.py" line="104" name="test_almost_equal_self_product[&lt;lambda&gt;9]" time="0.26385498046875"><system-err>18:17 DiffusionOperatorP1: Calulate gradients of shape functions transformed by reference map ...
18:17 DiffusionOperatorP1: Calculate all local scalar products beween gradients ...
18:17 DiffusionOperatorP1: Determine global dofs ...
18:17 DiffusionOperatorP1: Boundary treatment ...
18:17 DiffusionOperatorP1: Assemble system matrix ...
18:17 DiffusionOperatorP1: Calulate gradients of shape functions transformed by reference map ...
18:17 DiffusionOperatorP1: Calculate all local scalar products beween gradients ...
18:17 DiffusionOperatorP1: Determine global dofs ...
18:17 DiffusionOperatorP1: Boundary treatment ...
18:17 DiffusionOperatorP1: Assemble system matrix ...
18:17 L2ProductP1: Integrate the products of the shape functions on each element
18:17 L2ProductP1: Determine global dofs ...
18:17 L2ProductP1: Boundary treatment ...
18:17 L2ProductP1: Assemble system matrix ...
18:17 DiffusionOperatorP1: Calulate gradients of shape functions transformed by reference map ...
18:17 DiffusionOperatorP1: Calculate all local scalar products beween gradients ...
18:17 DiffusionOperatorP1: Determine global dofs ...
18:17 DiffusionOperatorP1: Boundary treatment ...
18:17 DiffusionOperatorP1: Assemble system matrix ...
18:17 L2ProductP1: Integrate the products of the shape functions on each element
18:17 L2ProductP1: Determine global dofs ...
18:17 L2ProductP1: Boundary treatment ...
18:17 L2ProductP1: Assemble system matrix ...
18:17 DiffusionOperatorP1: Calulate gradients of shape functions transformed by reference map ...
18:17 DiffusionOperatorP1: Calculate all local scalar products beween gradients ...
18:17 DiffusionOperatorP1: Determine global dofs ...
18:17 DiffusionOperatorP1: Boundary treatment ...
18:17 DiffusionOperatorP1: Assemble system matrix ...
</system-err></testcase><testcase classname="src.pymortests.algorithms.basic" file="src/pymortests/algorithms/basic.py" line="104" name="test_almost_equal_self_product[&lt;lambda&gt;10]" time="0.265779972076416"><system-err>18:18 DiffusionOperatorP1: Calulate gradients of shape functions transformed by reference map ...
18:18 DiffusionOperatorP1: Calculate all local scalar products beween gradients ...
18:18 DiffusionOperatorP1: Determine global dofs ...
18:18 DiffusionOperatorP1: Boundary treatment ...
18:18 DiffusionOperatorP1: Assemble system matrix ...
18:18 DiffusionOperatorP1: Calulate gradients of shape functions transformed by reference map ...
18:18 DiffusionOperatorP1: Calculate all local scalar products beween gradients ...
18:18 DiffusionOperatorP1: Determine global dofs ...
18:18 DiffusionOperatorP1: Boundary treatment ...
18:18 DiffusionOperatorP1: Assemble system matrix ...
18:18 DiffusionOperatorP1: Calulate gradients of shape functions transformed by reference map ...
18:18 DiffusionOperatorP1: Calculate all local scalar products beween gradients ...
18:18 DiffusionOperatorP1: Determine global dofs ...
18:18 DiffusionOperatorP1: Boundary treatment ...
18:18 DiffusionOperatorP1: Assemble system matrix ...
18:18 DiffusionOperatorP1: Calulate gradients of shape functions transformed by reference map ...
18:18 DiffusionOperatorP1: Calculate all local scalar products beween gradients ...
18:18 DiffusionOperatorP1: Determine global dofs ...
18:18 DiffusionOperatorP1: Boundary treatment ...
18:18 DiffusionOperatorP1: Assemble system matrix ...
18:18 DiffusionOperatorP1: Calulate gradients of shape functions transformed by reference map ...
18:18 DiffusionOperatorP1: Calculate all local scalar products beween gradients ...
18:18 DiffusionOperatorP1: Determine global dofs ...
18:18 DiffusionOperatorP1: Boundary treatment ...
18:18 DiffusionOperatorP1: Assemble system matrix ...
18:18 L2ProductP1: Integrate the products of the shape functions on each element
18:18 L2ProductP1: Determine global dofs ...
18:18 L2ProductP1: Boundary treatment ...
18:18 L2ProductP1: Assemble system matrix ...
18:18 DiffusionOperatorP1: Calulate gradients of shape functions transformed by reference map ...
18:18 DiffusionOperatorP1: Calculate all local scalar products beween gradients ...
18:18 DiffusionOperatorP1: Determine global dofs ...
18:18 DiffusionOperatorP1: Boundary treatment ...
18:18 DiffusionOperatorP1: Assemble system matrix ...
18:18 L2ProductP1: Integrate the products of the shape functions on each element
18:18 L2ProductP1: Determine global dofs ...
18:18 L2ProductP1: Boundary treatment ...
18:18 L2ProductP1: Assemble system matrix ...
18:18 DiffusionOperatorP1: Calulate gradients of shape functions transformed by reference map ...
18:18 DiffusionOperatorP1: Calculate all local scalar products beween gradients ...
18:18 DiffusionOperatorP1: Determine global dofs ...
18:18 DiffusionOperatorP1: Boundary treatment ...
18:18 DiffusionOperatorP1: Assemble system matrix ...
</system-err></testcase><testcase classname="src.pymortests.algorithms.basic" file="src/pymortests/algorithms/basic.py" line="104" name="test_almost_equal_self_product[&lt;lambda&gt;11]" time="0.27222752571105957"><system-err>18:18 DiffusionOperatorP1: Calulate gradients of shape functions transformed by reference map ...
18:18 DiffusionOperatorP1: Calculate all local scalar products beween gradients ...
18:18 DiffusionOperatorP1: Determine global dofs ...
18:18 DiffusionOperatorP1: Boundary treatment ...
18:18 DiffusionOperatorP1: Assemble system matrix ...
18:18 DiffusionOperatorP1: Calulate gradients of shape functions transformed by reference map ...
18:18 DiffusionOperatorP1: Calculate all local scalar products beween gradients ...
18:18 DiffusionOperatorP1: Determine global dofs ...
18:18 DiffusionOperatorP1: Boundary treatment ...
18:18 DiffusionOperatorP1: Assemble system matrix ...
18:18 L2ProductP1: Integrate the products of the shape functions on each element
18:18 L2ProductP1: Determine global dofs ...
18:18 L2ProductP1: Boundary treatment ...
18:18 L2ProductP1: Assemble system matrix ...
18:18 DiffusionOperatorP1: Calulate gradients of shape functions transformed by reference map ...
18:18 DiffusionOperatorP1: Calculate all local scalar products beween gradients ...
18:18 DiffusionOperatorP1: Determine global dofs ...
18:18 DiffusionOperatorP1: Boundary treatment ...
18:18 DiffusionOperatorP1: Assemble system matrix ...
18:18 L2ProductP1: Integrate the products of the shape functions on each element
18:18 L2ProductP1: Determine global dofs ...
18:18 L2ProductP1: Boundary treatment ...
18:18 L2ProductP1: Assemble system matrix ...
18:18 DiffusionOperatorP1: Calulate gradients of shape functions transformed by reference map ...
18:18 DiffusionOperatorP1: Calculate all local scalar products beween gradients ...
18:18 DiffusionOperatorP1: Determine global dofs ...
18:18 DiffusionOperatorP1: Boundary treatment ...
18:18 DiffusionOperatorP1: Assemble system matrix ...
</system-err></testcase><testcase classname="src.pymortests.algorithms.basic" file="src/pymortests/algorithms/basic.py" line="104" name="test_almost_equal_self_product[&lt;lambda&gt;12]" time="0.25000858306884766"><system-err>18:18 DiffusionOperatorP1: Calulate gradients of shape functions transformed by reference map ...
18:18 DiffusionOperatorP1: Calculate all local scalar products beween gradients ...
18:18 DiffusionOperatorP1: Determine global dofs ...
18:18 DiffusionOperatorP1: Boundary treatment ...
18:18 DiffusionOperatorP1: Assemble system matrix ...
18:18 DiffusionOperatorP1: Calulate gradients of shape functions transformed by reference map ...
18:18 DiffusionOperatorP1: Calculate all local scalar products beween gradients ...
18:18 DiffusionOperatorP1: Determine global dofs ...
18:18 DiffusionOperatorP1: Boundary treatment ...
18:18 DiffusionOperatorP1: Assemble system matrix ...
18:18 DiffusionOperatorP1: Calulate gradients of shape functions transformed by reference map ...
18:18 DiffusionOperatorP1: Calculate all local scalar products beween gradients ...
18:18 DiffusionOperatorP1: Determine global dofs ...
18:18 DiffusionOperatorP1: Boundary treatment ...
18:18 DiffusionOperatorP1: Assemble system matrix ...
18:18 DiffusionOperatorP1: Calulate gradients of shape functions transformed by reference map ...
18:18 DiffusionOperatorP1: Calculate all local scalar products beween gradients ...
18:18 DiffusionOperatorP1: Determine global dofs ...
18:18 DiffusionOperatorP1: Boundary treatment ...
18:18 DiffusionOperatorP1: Assemble system matrix ...
18:18 DiffusionOperatorP1: Calulate gradients of shape functions transformed by reference map ...
18:18 DiffusionOperatorP1: Calculate all local scalar products beween gradients ...
18:18 DiffusionOperatorP1: Determine global dofs ...
18:18 DiffusionOperatorP1: Boundary treatment ...
18:18 DiffusionOperatorP1: Assemble system matrix ...
18:18 L2ProductP1: Integrate the products of the shape functions on each element
18:18 L2ProductP1: Determine global dofs ...
18:18 L2ProductP1: Boundary treatment ...
18:18 L2ProductP1: Assemble system matrix ...
18:18 DiffusionOperatorP1: Calulate gradients of shape functions transformed by reference map ...
18:18 DiffusionOperatorP1: Calculate all local scalar products beween gradients ...
18:18 DiffusionOperatorP1: Determine global dofs ...
18:18 DiffusionOperatorP1: Boundary treatment ...
18:18 DiffusionOperatorP1: Assemble system matrix ...
18:18 L2ProductP1: Integrate the products of the shape functions on each element
18:18 L2ProductP1: Determine global dofs ...
18:18 L2ProductP1: Boundary treatment ...
18:18 L2ProductP1: Assemble system matrix ...
18:18 DiffusionOperatorP1: Calulate gradients of shape functions transformed by reference map ...
18:18 DiffusionOperatorP1: Calculate all local scalar products beween gradients ...
18:18 DiffusionOperatorP1: Determine global dofs ...
18:18 DiffusionOperatorP1: Boundary treatment ...
18:18 DiffusionOperatorP1: Assemble system matrix ...
</system-err></testcase><testcase classname="src.pymortests.algorithms.basic" file="src/pymortests/algorithms/basic.py" line="104" name="test_almost_equal_self_product[&lt;lambda&gt;13]" time="0.24300479888916016"><system-err>18:19 DiffusionOperatorP1: Calulate gradients of shape functions transformed by reference map ...
18:19 DiffusionOperatorP1: Calculate all local scalar products beween gradients ...
18:19 DiffusionOperatorP1: Determine global dofs ...
18:19 DiffusionOperatorP1: Boundary treatment ...
18:19 DiffusionOperatorP1: Assemble system matrix ...
18:19 DiffusionOperatorP1: Calulate gradients of shape functions transformed by reference map ...
18:19 DiffusionOperatorP1: Calculate all local scalar products beween gradients ...
18:19 DiffusionOperatorP1: Determine global dofs ...
18:19 DiffusionOperatorP1: Boundary treatment ...
18:19 DiffusionOperatorP1: Assemble system matrix ...
18:19 L2ProductP1: Integrate the products of the shape functions on each element
18:19 L2ProductP1: Determine global dofs ...
18:19 L2ProductP1: Boundary treatment ...
18:19 L2ProductP1: Assemble system matrix ...
18:19 DiffusionOperatorP1: Calulate gradients of shape functions transformed by reference map ...
18:19 DiffusionOperatorP1: Calculate all local scalar products beween gradients ...
18:19 DiffusionOperatorP1: Determine global dofs ...
18:19 DiffusionOperatorP1: Boundary treatment ...
18:19 DiffusionOperatorP1: Assemble system matrix ...
18:19 L2ProductP1: Integrate the products of the shape functions on each element
18:19 L2ProductP1: Determine global dofs ...
18:19 L2ProductP1: Boundary treatment ...
18:19 L2ProductP1: Assemble system matrix ...
18:19 DiffusionOperatorP1: Calulate gradients of shape functions transformed by reference map ...
18:19 DiffusionOperatorP1: Calculate all local scalar products beween gradients ...
18:19 DiffusionOperatorP1: Determine global dofs ...
18:19 DiffusionOperatorP1: Boundary treatment ...
18:19 DiffusionOperatorP1: Assemble system matrix ...
</system-err></testcase><testcase classname="src.pymortests.algorithms.basic" file="src/pymortests/algorithms/basic.py" line="104" name="test_almost_equal_self_product[&lt;lambda&gt;14]" time="0.2667851448059082"><system-err>18:19 DiffusionOperatorP1: Calulate gradients of shape functions transformed by reference map ...
18:19 DiffusionOperatorP1: Calculate all local scalar products beween gradients ...
18:19 DiffusionOperatorP1: Determine global dofs ...
18:19 DiffusionOperatorP1: Boundary treatment ...
18:19 DiffusionOperatorP1: Assemble system matrix ...
18:19 DiffusionOperatorP1: Calulate gradients of shape functions transformed by reference map ...
18:19 DiffusionOperatorP1: Calculate all local scalar products beween gradients ...
18:19 DiffusionOperatorP1: Determine global dofs ...
18:19 DiffusionOperatorP1: Boundary treatment ...
18:19 DiffusionOperatorP1: Assemble system matrix ...
18:19 DiffusionOperatorP1: Calulate gradients of shape functions transformed by reference map ...
18:19 DiffusionOperatorP1: Calculate all local scalar products beween gradients ...
18:19 DiffusionOperatorP1: Determine global dofs ...
18:19 DiffusionOperatorP1: Boundary treatment ...
18:19 DiffusionOperatorP1: Assemble system matrix ...
18:19 DiffusionOperatorP1: Calulate gradients of shape functions transformed by reference map ...
18:19 DiffusionOperatorP1: Calculate all local scalar products beween gradients ...
18:19 DiffusionOperatorP1: Determine global dofs ...
18:19 DiffusionOperatorP1: Boundary treatment ...
18:19 DiffusionOperatorP1: Assemble system matrix ...
18:19 DiffusionOperatorP1: Calulate gradients of shape functions transformed by reference map ...
18:19 DiffusionOperatorP1: Calculate all local scalar products beween gradients ...
18:19 DiffusionOperatorP1: Determine global dofs ...
18:19 DiffusionOperatorP1: Boundary treatment ...
18:19 DiffusionOperatorP1: Assemble system matrix ...
18:19 L2ProductP1: Integrate the products of the shape functions on each element
18:19 L2ProductP1: Determine global dofs ...
18:19 L2ProductP1: Boundary treatment ...
18:19 L2ProductP1: Assemble system matrix ...
18:19 DiffusionOperatorP1: Calulate gradients of shape functions transformed by reference map ...
18:19 DiffusionOperatorP1: Calculate all local scalar products beween gradients ...
18:19 DiffusionOperatorP1: Determine global dofs ...
18:19 DiffusionOperatorP1: Boundary treatment ...
18:19 DiffusionOperatorP1: Assemble system matrix ...
18:19 L2ProductP1: Integrate the products of the shape functions on each element
18:19 L2ProductP1: Determine global dofs ...
18:19 L2ProductP1: Boundary treatment ...
18:19 L2ProductP1: Assemble system matrix ...
18:19 DiffusionOperatorP1: Calulate gradients of shape functions transformed by reference map ...
18:19 DiffusionOperatorP1: Calculate all local scalar products beween gradients ...
18:19 DiffusionOperatorP1: Determine global dofs ...
18:19 DiffusionOperatorP1: Boundary treatment ...
18:19 DiffusionOperatorP1: Assemble system matrix ...
</system-err></testcase><testcase classname="src.pymortests.algorithms.basic" file="src/pymortests/algorithms/basic.py" line="104" name="test_almost_equal_self_product[&lt;lambda&gt;15]" time="0.2651865482330322"><system-err>18:19 DiffusionOperatorP1: Calulate gradients of shape functions transformed by reference map ...
18:19 DiffusionOperatorP1: Calculate all local scalar products beween gradients ...
18:19 DiffusionOperatorP1: Determine global dofs ...
18:19 DiffusionOperatorP1: Boundary treatment ...
18:19 DiffusionOperatorP1: Assemble system matrix ...
18:19 DiffusionOperatorP1: Calulate gradients of shape functions transformed by reference map ...
18:19 DiffusionOperatorP1: Calculate all local scalar products beween gradients ...
18:19 DiffusionOperatorP1: Determine global dofs ...
18:19 DiffusionOperatorP1: Boundary treatment ...
18:19 DiffusionOperatorP1: Assemble system matrix ...
18:19 L2ProductP1: Integrate the products of the shape functions on each element
18:19 L2ProductP1: Determine global dofs ...
18:19 L2ProductP1: Boundary treatment ...
18:19 L2ProductP1: Assemble system matrix ...
18:19 DiffusionOperatorP1: Calulate gradients of shape functions transformed by reference map ...
18:19 DiffusionOperatorP1: Calculate all local scalar products beween gradients ...
18:19 DiffusionOperatorP1: Determine global dofs ...
18:19 DiffusionOperatorP1: Boundary treatment ...
18:19 DiffusionOperatorP1: Assemble system matrix ...
18:19 L2ProductP1: Integrate the products of the shape functions on each element
18:19 L2ProductP1: Determine global dofs ...
18:19 L2ProductP1: Boundary treatment ...
18:19 L2ProductP1: Assemble system matrix ...
18:19 DiffusionOperatorP1: Calulate gradients of shape functions transformed by reference map ...
18:19 DiffusionOperatorP1: Calculate all local scalar products beween gradients ...
18:19 DiffusionOperatorP1: Determine global dofs ...
18:19 DiffusionOperatorP1: Boundary treatment ...
18:19 DiffusionOperatorP1: Assemble system matrix ...
</system-err></testcase><testcase classname="src.pymortests.algorithms.basic" file="src/pymortests/algorithms/basic.py" line="104" name="test_almost_equal_self_product[&lt;lambda&gt;16]" time="0.22554898262023926"><system-err>18:19 DiffusionOperatorP1: Calulate gradients of shape functions transformed by reference map ...
18:19 DiffusionOperatorP1: Calculate all local scalar products beween gradients ...
18:19 DiffusionOperatorP1: Determine global dofs ...
18:19 DiffusionOperatorP1: Boundary treatment ...
18:19 DiffusionOperatorP1: Assemble system matrix ...
18:19 DiffusionOperatorP1: Calulate gradients of shape functions transformed by reference map ...
18:19 DiffusionOperatorP1: Calculate all local scalar products beween gradients ...
18:19 DiffusionOperatorP1: Determine global dofs ...
18:19 DiffusionOperatorP1: Boundary treatment ...
18:19 DiffusionOperatorP1: Assemble system matrix ...
18:19 DiffusionOperatorP1: Calulate gradients of shape functions transformed by reference map ...
18:19 DiffusionOperatorP1: Calculate all local scalar products beween gradients ...
18:19 DiffusionOperatorP1: Determine global dofs ...
18:19 DiffusionOperatorP1: Boundary treatment ...
18:19 DiffusionOperatorP1: Assemble system matrix ...
18:19 DiffusionOperatorP1: Calulate gradients of shape functions transformed by reference map ...
18:19 DiffusionOperatorP1: Calculate all local scalar products beween gradients ...
18:19 DiffusionOperatorP1: Determine global dofs ...
18:19 DiffusionOperatorP1: Boundary treatment ...
18:19 DiffusionOperatorP1: Assemble system matrix ...
18:19 DiffusionOperatorP1: Calulate gradients of shape functions transformed by reference map ...
18:19 DiffusionOperatorP1: Calculate all local scalar products beween gradients ...
18:19 DiffusionOperatorP1: Determine global dofs ...
18:19 DiffusionOperatorP1: Boundary treatment ...
18:19 DiffusionOperatorP1: Assemble system matrix ...
18:19 L2ProductP1: Integrate the products of the shape functions on each element
18:19 L2ProductP1: Determine global dofs ...
18:19 L2ProductP1: Boundary treatment ...
18:19 L2ProductP1: Assemble system matrix ...
18:19 DiffusionOperatorP1: Calulate gradients of shape functions transformed by reference map ...
18:19 DiffusionOperatorP1: Calculate all local scalar products beween gradients ...
18:19 DiffusionOperatorP1: Determine global dofs ...
18:19 DiffusionOperatorP1: Boundary treatment ...
18:19 DiffusionOperatorP1: Assemble system matrix ...
18:19 L2ProductP1: Integrate the products of the shape functions on each element
18:19 L2ProductP1: Determine global dofs ...
18:19 L2ProductP1: Boundary treatment ...
18:19 L2ProductP1: Assemble system matrix ...
18:19 DiffusionOperatorP1: Calulate gradients of shape functions transformed by reference map ...
18:19 DiffusionOperatorP1: Calculate all local scalar products beween gradients ...
18:19 DiffusionOperatorP1: Determine global dofs ...
18:19 DiffusionOperatorP1: Boundary treatment ...
18:19 DiffusionOperatorP1: Assemble system matrix ...
</system-err></testcase><testcase classname="src.pymortests.algorithms.basic" file="src/pymortests/algorithms/basic.py" line="104" name="test_almost_equal_self_product[&lt;lambda&gt;17]" time="0.22030377388000488"><system-err>18:20 DiffusionOperatorP1: Calulate gradients of shape functions transformed by reference map ...
18:20 DiffusionOperatorP1: Calculate all local scalar products beween gradients ...
18:20 DiffusionOperatorP1: Determine global dofs ...
18:20 DiffusionOperatorP1: Boundary treatment ...
18:20 DiffusionOperatorP1: Assemble system matrix ...
18:20 DiffusionOperatorP1: Calulate gradients of shape functions transformed by reference map ...
18:20 DiffusionOperatorP1: Calculate all local scalar products beween gradients ...
18:20 DiffusionOperatorP1: Determine global dofs ...
18:20 DiffusionOperatorP1: Boundary treatment ...
18:20 DiffusionOperatorP1: Assemble system matrix ...
18:20 L2ProductP1: Integrate the products of the shape functions on each element
18:20 L2ProductP1: Determine global dofs ...
18:20 L2ProductP1: Boundary treatment ...
18:20 L2ProductP1: Assemble system matrix ...
18:20 DiffusionOperatorP1: Calulate gradients of shape functions transformed by reference map ...
18:20 DiffusionOperatorP1: Calculate all local scalar products beween gradients ...
18:20 DiffusionOperatorP1: Determine global dofs ...
18:20 DiffusionOperatorP1: Boundary treatment ...
18:20 DiffusionOperatorP1: Assemble system matrix ...
18:20 L2ProductP1: Integrate the products of the shape functions on each element
18:20 L2ProductP1: Determine global dofs ...
18:20 L2ProductP1: Boundary treatment ...
18:20 L2ProductP1: Assemble system matrix ...
18:20 DiffusionOperatorP1: Calulate gradients of shape functions transformed by reference map ...
18:20 DiffusionOperatorP1: Calculate all local scalar products beween gradients ...
18:20 DiffusionOperatorP1: Determine global dofs ...
18:20 DiffusionOperatorP1: Boundary treatment ...
18:20 DiffusionOperatorP1: Assemble system matrix ...
</system-err></testcase><testcase classname="src.pymortests.algorithms.basic" file="src/pymortests/algorithms/basic.py" line="104" name="test_almost_equal_self_product[&lt;lambda&gt;18]" time="0.2638208866119385"><system-err>18:20 DiffusionOperatorP1: Calulate gradients of shape functions transformed by reference map ...
18:20 DiffusionOperatorP1: Calculate all local scalar products beween gradients ...
18:20 DiffusionOperatorP1: Determine global dofs ...
18:20 DiffusionOperatorP1: Boundary treatment ...
18:20 DiffusionOperatorP1: Assemble system matrix ...
18:20 DiffusionOperatorP1: Calulate gradients of shape functions transformed by reference map ...
18:20 DiffusionOperatorP1: Calculate all local scalar products beween gradients ...
18:20 DiffusionOperatorP1: Determine global dofs ...
18:20 DiffusionOperatorP1: Boundary treatment ...
18:20 DiffusionOperatorP1: Assemble system matrix ...
18:20 DiffusionOperatorP1: Calulate gradients of shape functions transformed by reference map ...
18:20 DiffusionOperatorP1: Calculate all local scalar products beween gradients ...
18:20 DiffusionOperatorP1: Determine global dofs ...
18:20 DiffusionOperatorP1: Boundary treatment ...
18:20 DiffusionOperatorP1: Assemble system matrix ...
18:20 DiffusionOperatorP1: Calulate gradients of shape functions transformed by reference map ...
18:20 DiffusionOperatorP1: Calculate all local scalar products beween gradients ...
18:20 DiffusionOperatorP1: Determine global dofs ...
18:20 DiffusionOperatorP1: Boundary treatment ...
18:20 DiffusionOperatorP1: Assemble system matrix ...
18:20 DiffusionOperatorP1: Calulate gradients of shape functions transformed by reference map ...
18:20 DiffusionOperatorP1: Calculate all local scalar products beween gradients ...
18:20 DiffusionOperatorP1: Determine global dofs ...
18:20 DiffusionOperatorP1: Boundary treatment ...
18:20 DiffusionOperatorP1: Assemble system matrix ...
18:20 L2ProductP1: Integrate the products of the shape functions on each element
18:20 L2ProductP1: Determine global dofs ...
18:20 L2ProductP1: Boundary treatment ...
18:20 L2ProductP1: Assemble system matrix ...
18:20 DiffusionOperatorP1: Calulate gradients of shape functions transformed by reference map ...
18:20 DiffusionOperatorP1: Calculate all local scalar products beween gradients ...
18:20 DiffusionOperatorP1: Determine global dofs ...
18:20 DiffusionOperatorP1: Boundary treatment ...
18:20 DiffusionOperatorP1: Assemble system matrix ...
18:20 L2ProductP1: Integrate the products of the shape functions on each element
18:20 L2ProductP1: Determine global dofs ...
18:20 L2ProductP1: Boundary treatment ...
18:20 L2ProductP1: Assemble system matrix ...
18:20 DiffusionOperatorP1: Calulate gradients of shape functions transformed by reference map ...
18:20 DiffusionOperatorP1: Calculate all local scalar products beween gradients ...
18:20 DiffusionOperatorP1: Determine global dofs ...
18:20 DiffusionOperatorP1: Boundary treatment ...
18:20 DiffusionOperatorP1: Assemble system matrix ...
</system-err></testcase><testcase classname="src.pymortests.algorithms.basic" file="src/pymortests/algorithms/basic.py" line="104" name="test_almost_equal_self_product[&lt;lambda&gt;19]" time="0.2618229389190674"><system-err>18:20 DiffusionOperatorP1: Calulate gradients of shape functions transformed by reference map ...
18:20 DiffusionOperatorP1: Calculate all local scalar products beween gradients ...
18:20 DiffusionOperatorP1: Determine global dofs ...
18:20 DiffusionOperatorP1: Boundary treatment ...
18:20 DiffusionOperatorP1: Assemble system matrix ...
18:20 DiffusionOperatorP1: Calulate gradients of shape functions transformed by reference map ...
18:20 DiffusionOperatorP1: Calculate all local scalar products beween gradients ...
18:20 DiffusionOperatorP1: Determine global dofs ...
18:20 DiffusionOperatorP1: Boundary treatment ...
18:20 DiffusionOperatorP1: Assemble system matrix ...
18:20 L2ProductP1: Integrate the products of the shape functions on each element
18:20 L2ProductP1: Determine global dofs ...
18:20 L2ProductP1: Boundary treatment ...
18:20 L2ProductP1: Assemble system matrix ...
18:20 DiffusionOperatorP1: Calulate gradients of shape functions transformed by reference map ...
18:20 DiffusionOperatorP1: Calculate all local scalar products beween gradients ...
18:20 DiffusionOperatorP1: Determine global dofs ...
18:20 DiffusionOperatorP1: Boundary treatment ...
18:20 DiffusionOperatorP1: Assemble system matrix ...
18:20 L2ProductP1: Integrate the products of the shape functions on each element
18:20 L2ProductP1: Determine global dofs ...
18:20 L2ProductP1: Boundary treatment ...
18:20 L2ProductP1: Assemble system matrix ...
18:20 DiffusionOperatorP1: Calulate gradients of shape functions transformed by reference map ...
18:20 DiffusionOperatorP1: Calculate all local scalar products beween gradients ...
18:20 DiffusionOperatorP1: Determine global dofs ...
18:20 DiffusionOperatorP1: Boundary treatment ...
18:20 DiffusionOperatorP1: Assemble system matrix ...
</system-err></testcase><testcase classname="src.pymortests.algorithms.basic" file="src/pymortests/algorithms/basic.py" line="104" name="test_almost_equal_self_product[&lt;lambda&gt;20]" time="0.25962233543395996"><system-err>18:20 DiffusionOperatorP1: Calulate gradients of shape functions transformed by reference map ...
18:20 DiffusionOperatorP1: Calculate all local scalar products beween gradients ...
18:20 DiffusionOperatorP1: Determine global dofs ...
18:20 DiffusionOperatorP1: Boundary treatment ...
18:20 DiffusionOperatorP1: Assemble system matrix ...
18:20 DiffusionOperatorP1: Calulate gradients of shape functions transformed by reference map ...
18:20 DiffusionOperatorP1: Calculate all local scalar products beween gradients ...
18:20 DiffusionOperatorP1: Determine global dofs ...
18:20 DiffusionOperatorP1: Boundary treatment ...
18:20 DiffusionOperatorP1: Assemble system matrix ...
18:20 DiffusionOperatorP1: Calulate gradients of shape functions transformed by reference map ...
18:20 DiffusionOperatorP1: Calculate all local scalar products beween gradients ...
18:20 DiffusionOperatorP1: Determine global dofs ...
18:20 DiffusionOperatorP1: Boundary treatment ...
18:20 DiffusionOperatorP1: Assemble system matrix ...
18:20 DiffusionOperatorP1: Calulate gradients of shape functions transformed by reference map ...
18:20 DiffusionOperatorP1: Calculate all local scalar products beween gradients ...
18:20 DiffusionOperatorP1: Determine global dofs ...
18:20 DiffusionOperatorP1: Boundary treatment ...
18:20 DiffusionOperatorP1: Assemble system matrix ...
18:20 DiffusionOperatorP1: Calulate gradients of shape functions transformed by reference map ...
18:20 DiffusionOperatorP1: Calculate all local scalar products beween gradients ...
18:20 DiffusionOperatorP1: Determine global dofs ...
18:20 DiffusionOperatorP1: Boundary treatment ...
18:20 DiffusionOperatorP1: Assemble system matrix ...
18:20 L2ProductP1: Integrate the products of the shape functions on each element
18:20 L2ProductP1: Determine global dofs ...
18:20 L2ProductP1: Boundary treatment ...
18:20 L2ProductP1: Assemble system matrix ...
18:20 DiffusionOperatorP1: Calulate gradients of shape functions transformed by reference map ...
18:20 DiffusionOperatorP1: Calculate all local scalar products beween gradients ...
18:20 DiffusionOperatorP1: Determine global dofs ...
18:20 DiffusionOperatorP1: Boundary treatment ...
18:20 DiffusionOperatorP1: Assemble system matrix ...
18:20 L2ProductP1: Integrate the products of the shape functions on each element
18:20 L2ProductP1: Determine global dofs ...
18:20 L2ProductP1: Boundary treatment ...
18:20 L2ProductP1: Assemble system matrix ...
18:20 DiffusionOperatorP1: Calulate gradients of shape functions transformed by reference map ...
18:20 DiffusionOperatorP1: Calculate all local scalar products beween gradients ...
18:20 DiffusionOperatorP1: Determine global dofs ...
18:20 DiffusionOperatorP1: Boundary treatment ...
18:20 DiffusionOperatorP1: Assemble system matrix ...
</system-err></testcase><testcase classname="src.pymortests.algorithms.basic" file="src/pymortests/algorithms/basic.py" line="104" name="test_almost_equal_self_product[&lt;lambda&gt;21]" time="0.2649667263031006"><system-err>18:21 DiffusionOperatorP1: Calulate gradients of shape functions transformed by reference map ...
18:21 DiffusionOperatorP1: Calculate all local scalar products beween gradients ...
18:21 DiffusionOperatorP1: Determine global dofs ...
18:21 DiffusionOperatorP1: Boundary treatment ...
18:21 DiffusionOperatorP1: Assemble system matrix ...
18:21 DiffusionOperatorP1: Calulate gradients of shape functions transformed by reference map ...
18:21 DiffusionOperatorP1: Calculate all local scalar products beween gradients ...
18:21 DiffusionOperatorP1: Determine global dofs ...
18:21 DiffusionOperatorP1: Boundary treatment ...
18:21 DiffusionOperatorP1: Assemble system matrix ...
18:21 L2ProductP1: Integrate the products of the shape functions on each element
18:21 L2ProductP1: Determine global dofs ...
18:21 L2ProductP1: Boundary treatment ...
18:21 L2ProductP1: Assemble system matrix ...
18:21 DiffusionOperatorP1: Calulate gradients of shape functions transformed by reference map ...
18:21 DiffusionOperatorP1: Calculate all local scalar products beween gradients ...
18:21 DiffusionOperatorP1: Determine global dofs ...
18:21 DiffusionOperatorP1: Boundary treatment ...
18:21 DiffusionOperatorP1: Assemble system matrix ...
18:21 L2ProductP1: Integrate the products of the shape functions on each element
18:21 L2ProductP1: Determine global dofs ...
18:21 L2ProductP1: Boundary treatment ...
18:21 L2ProductP1: Assemble system matrix ...
18:21 DiffusionOperatorP1: Calulate gradients of shape functions transformed by reference map ...
18:21 DiffusionOperatorP1: Calculate all local scalar products beween gradients ...
18:21 DiffusionOperatorP1: Determine global dofs ...
18:21 DiffusionOperatorP1: Boundary treatment ...
18:21 DiffusionOperatorP1: Assemble system matrix ...
</system-err></testcase><testcase classname="src.pymortests.algorithms.basic" file="src/pymortests/algorithms/basic.py" line="104" name="test_almost_equal_self_product[&lt;lambda&gt;22]" time="0.2746713161468506"><system-err>18:21 DiffusionOperatorP1: Calulate gradients of shape functions transformed by reference map ...
18:21 DiffusionOperatorP1: Calculate all local scalar products beween gradients ...
18:21 DiffusionOperatorP1: Determine global dofs ...
18:21 DiffusionOperatorP1: Boundary treatment ...
18:21 DiffusionOperatorP1: Assemble system matrix ...
18:21 DiffusionOperatorP1: Calulate gradients of shape functions transformed by reference map ...
18:21 DiffusionOperatorP1: Calculate all local scalar products beween gradients ...
18:21 DiffusionOperatorP1: Determine global dofs ...
18:21 DiffusionOperatorP1: Boundary treatment ...
18:21 DiffusionOperatorP1: Assemble system matrix ...
18:21 DiffusionOperatorP1: Calulate gradients of shape functions transformed by reference map ...
18:21 DiffusionOperatorP1: Calculate all local scalar products beween gradients ...
18:21 DiffusionOperatorP1: Determine global dofs ...
18:21 DiffusionOperatorP1: Boundary treatment ...
18:21 DiffusionOperatorP1: Assemble system matrix ...
18:21 DiffusionOperatorP1: Calulate gradients of shape functions transformed by reference map ...
18:21 DiffusionOperatorP1: Calculate all local scalar products beween gradients ...
18:21 DiffusionOperatorP1: Determine global dofs ...
18:21 DiffusionOperatorP1: Boundary treatment ...
18:21 DiffusionOperatorP1: Assemble system matrix ...
18:21 DiffusionOperatorP1: Calulate gradients of shape functions transformed by reference map ...
18:21 DiffusionOperatorP1: Calculate all local scalar products beween gradients ...
18:21 DiffusionOperatorP1: Determine global dofs ...
18:21 DiffusionOperatorP1: Boundary treatment ...
18:21 DiffusionOperatorP1: Assemble system matrix ...
18:21 L2ProductP1: Integrate the products of the shape functions on each element
18:21 L2ProductP1: Determine global dofs ...
18:21 L2ProductP1: Boundary treatment ...
18:21 L2ProductP1: Assemble system matrix ...
18:21 DiffusionOperatorP1: Calulate gradients of shape functions transformed by reference map ...
18:21 DiffusionOperatorP1: Calculate all local scalar products beween gradients ...
18:21 DiffusionOperatorP1: Determine global dofs ...
18:21 DiffusionOperatorP1: Boundary treatment ...
18:21 DiffusionOperatorP1: Assemble system matrix ...
18:21 L2ProductP1: Integrate the products of the shape functions on each element
18:21 L2ProductP1: Determine global dofs ...
18:21 L2ProductP1: Boundary treatment ...
18:21 L2ProductP1: Assemble system matrix ...
18:21 DiffusionOperatorP1: Calulate gradients of shape functions transformed by reference map ...
18:21 DiffusionOperatorP1: Calculate all local scalar products beween gradients ...
18:21 DiffusionOperatorP1: Determine global dofs ...
18:21 DiffusionOperatorP1: Boundary treatment ...
18:21 DiffusionOperatorP1: Assemble system matrix ...
</system-err></testcase><testcase classname="src.pymortests.algorithms.basic" file="src/pymortests/algorithms/basic.py" line="104" name="test_almost_equal_self_product[&lt;lambda&gt;23]" time="0.2801663875579834"><system-err>18:21 DiffusionOperatorP1: Calulate gradients of shape functions transformed by reference map ...
18:21 DiffusionOperatorP1: Calculate all local scalar products beween gradients ...
18:21 DiffusionOperatorP1: Determine global dofs ...
18:21 DiffusionOperatorP1: Boundary treatment ...
18:21 DiffusionOperatorP1: Assemble system matrix ...
18:21 DiffusionOperatorP1: Calulate gradients of shape functions transformed by reference map ...
18:21 DiffusionOperatorP1: Calculate all local scalar products beween gradients ...
18:21 DiffusionOperatorP1: Determine global dofs ...
18:21 DiffusionOperatorP1: Boundary treatment ...
18:21 DiffusionOperatorP1: Assemble system matrix ...
18:21 L2ProductP1: Integrate the products of the shape functions on each element
18:21 L2ProductP1: Determine global dofs ...
18:21 L2ProductP1: Boundary treatment ...
18:21 L2ProductP1: Assemble system matrix ...
18:21 DiffusionOperatorP1: Calulate gradients of shape functions transformed by reference map ...
18:21 DiffusionOperatorP1: Calculate all local scalar products beween gradients ...
18:21 DiffusionOperatorP1: Determine global dofs ...
18:21 DiffusionOperatorP1: Boundary treatment ...
18:21 DiffusionOperatorP1: Assemble system matrix ...
18:21 L2ProductP1: Integrate the products of the shape functions on each element
18:21 L2ProductP1: Determine global dofs ...
18:21 L2ProductP1: Boundary treatment ...
18:21 L2ProductP1: Assemble system matrix ...
18:21 DiffusionOperatorP1: Calulate gradients of shape functions transformed by reference map ...
18:21 DiffusionOperatorP1: Calculate all local scalar products beween gradients ...
18:21 DiffusionOperatorP1: Determine global dofs ...
18:21 DiffusionOperatorP1: Boundary treatment ...
18:21 DiffusionOperatorP1: Assemble system matrix ...
</system-err></testcase><testcase classname="src.pymortests.algorithms.basic" file="src/pymortests/algorithms/basic.py" line="104" name="test_almost_equal_self_product[&lt;lambda&gt;24]" time="0.2720193862915039"></testcase><testcase classname="src.pymortests.algorithms.basic" file="src/pymortests/algorithms/basic.py" line="104" name="test_almost_equal_self_product[&lt;lambda&gt;25]" time="0.25899291038513184"></testcase><testcase classname="src.pymortests.algorithms.basic" file="src/pymortests/algorithms/basic.py" line="104" name="test_almost_equal_self_product[&lt;lambda&gt;26]" time="0.2535529136657715"></testcase><testcase classname="src.pymortests.algorithms.basic" file="src/pymortests/algorithms/basic.py" line="104" name="test_almost_equal_self_product[&lt;lambda&gt;27]" time="0.2021791934967041"></testcase><testcase classname="src.pymortests.algorithms.basic" file="src/pymortests/algorithms/basic.py" line="104" name="test_almost_equal_self_product[&lt;lambda&gt;28]" time="0.2054133415222168"></testcase><testcase classname="src.pymortests.algorithms.basic" file="src/pymortests/algorithms/basic.py" line="104" name="test_almost_equal_self_product[&lt;lambda&gt;29]" time="0.20642304420471191"></testcase><testcase classname="src.pymortests.algorithms.basic" file="src/pymortests/algorithms/basic.py" line="104" name="test_almost_equal_self_product[&lt;lambda&gt;30]" time="0.20768213272094727"></testcase><testcase classname="src.pymortests.algorithms.basic" file="src/pymortests/algorithms/basic.py" line="104" name="test_almost_equal_self_product[&lt;lambda&gt;31]" time="0.20325922966003418"></testcase><testcase classname="src.pymortests.algorithms.basic" file="src/pymortests/algorithms/basic.py" line="104" name="test_almost_equal_self_product[&lt;lambda&gt;32]" time="0.7359218597412109"></testcase><testcase classname="src.pymortests.algorithms.basic" file="src/pymortests/algorithms/basic.py" line="104" name="test_almost_equal_self_product[&lt;lambda&gt;33]" time="0.5706124305725098"></testcase><testcase classname="src.pymortests.algorithms.basic" file="src/pymortests/algorithms/basic.py" line="104" name="test_almost_equal_self_product[&lt;lambda&gt;34]" time="0.2250840663909912"></testcase><testcase classname="src.pymortests.algorithms.basic" file="src/pymortests/algorithms/basic.py" line="104" name="test_almost_equal_self_product[&lt;lambda&gt;35]" time="0.5674643516540527"></testcase><testcase classname="src.pymortests.algorithms.basic" file="src/pymortests/algorithms/basic.py" line="104" name="test_almost_equal_self_product[&lt;lambda&gt;36]" time="0.2531740665435791"></testcase><testcase classname="src.pymortests.algorithms.basic" file="src/pymortests/algorithms/basic.py" line="157" name="test_almost_equal_incompatible[&lt;lambda&gt;0]" time="0.003993988037109375"></testcase><testcase classname="src.pymortests.algorithms.basic" file="src/pymortests/algorithms/basic.py" line="157" name="test_almost_equal_incompatible[&lt;lambda&gt;1]" time="0.001483917236328125"></testcase><testcase classname="src.pymortests.algorithms.basic" file="src/pymortests/algorithms/basic.py" line="157" name="test_almost_equal_incompatible[&lt;lambda&gt;2]" time="0.005132913589477539"></testcase><testcase classname="src.pymortests.algorithms.basic" file="src/pymortests/algorithms/basic.py" line="157" name="test_almost_equal_incompatible[&lt;lambda&gt;3]" time="0.004401445388793945"></testcase><testcase classname="src.pymortests.algorithms.basic" file="src/pymortests/algorithms/basic.py" line="157" name="test_almost_equal_incompatible[&lt;lambda&gt;4]" time="0.004800558090209961"></testcase><testcase classname="src.pymortests.algorithms.basic" file="src/pymortests/algorithms/basic.py" line="157" name="test_almost_equal_incompatible[&lt;lambda&gt;5]" time="0.0022318363189697266"></testcase><testcase classname="src.pymortests.algorithms.basic" file="src/pymortests/algorithms/basic.py" line="157" name="test_almost_equal_incompatible[&lt;lambda&gt;6]" time="0.0013957023620605469"></testcase><testcase classname="src.pymortests.algorithms.basic" file="src/pymortests/algorithms/basic.py" line="157" name="test_almost_equal_incompatible[&lt;lambda&gt;7]" time="0.004942655563354492"></testcase><testcase classname="src.pymortests.algorithms.basic" file="src/pymortests/algorithms/basic.py" line="157" name="test_almost_equal_incompatible[&lt;lambda&gt;8]" time="0.010760068893432617"></testcase><testcase classname="src.pymortests.algorithms.basic" file="src/pymortests/algorithms/basic.py" line="157" name="test_almost_equal_incompatible[&lt;lambda&gt;9]" time="0.01772165298461914"></testcase><testcase classname="src.pymortests.algorithms.basic" file="src/pymortests/algorithms/basic.py" line="157" name="test_almost_equal_incompatible[&lt;lambda&gt;10]" time="0.00623321533203125"></testcase><testcase classname="src.pymortests.algorithms.basic" file="src/pymortests/algorithms/basic.py" line="157" name="test_almost_equal_incompatible[&lt;lambda&gt;11]" time="0.0019176006317138672"></testcase><testcase classname="src.pymortests.algorithms.basic" file="src/pymortests/algorithms/basic.py" line="157" name="test_almost_equal_incompatible[&lt;lambda&gt;12]" time="0.012706518173217773"></testcase><testcase classname="src.pymortests.algorithms.basic" file="src/pymortests/algorithms/basic.py" line="157" name="test_almost_equal_incompatible[&lt;lambda&gt;13]" time="0.008667945861816406"></testcase><testcase classname="src.pymortests.algorithms.basic" file="src/pymortests/algorithms/basic.py" line="157" name="test_almost_equal_incompatible[&lt;lambda&gt;14]" time="0.011351585388183594"></testcase><testcase classname="src.pymortests.algorithms.basic" file="src/pymortests/algorithms/basic.py" line="157" name="test_almost_equal_incompatible[&lt;lambda&gt;15]" time="0.006212472915649414"></testcase><testcase classname="src.pymortests.algorithms.basic" file="src/pymortests/algorithms/basic.py" line="157" name="test_almost_equal_incompatible[&lt;lambda&gt;16]" time="0.0025589466094970703"></testcase><testcase classname="src.pymortests.algorithms.basic" file="src/pymortests/algorithms/basic.py" line="157" name="test_almost_equal_incompatible[&lt;lambda&gt;17]" time="0.009679794311523438"></testcase><testcase classname="src.pymortests.algorithms.basic" file="src/pymortests/algorithms/basic.py" line="157" name="test_almost_equal_incompatible[&lt;lambda&gt;18]" time="0.04357719421386719"></testcase><testcase classname="src.pymortests.algorithms.basic" file="src/pymortests/algorithms/basic.py" line="157" name="test_almost_equal_incompatible[&lt;lambda&gt;19]" time="0.04479217529296875"></testcase><testcase classname="src.pymortests.algorithms.basic" file="src/pymortests/algorithms/basic.py" line="157" name="test_almost_equal_incompatible[&lt;lambda&gt;20]" time="0.00333404541015625"></testcase><testcase classname="src.pymortests.algorithms.basic" file="src/pymortests/algorithms/basic.py" line="157" name="test_almost_equal_incompatible[&lt;lambda&gt;21]" time="0.0024743080139160156"></testcase><testcase classname="src.pymortests.algorithms.basic" file="src/pymortests/algorithms/basic.py" line="157" name="test_almost_equal_incompatible[&lt;lambda&gt;22]" time="0.014225959777832031"></testcase><testcase classname="src.pymortests.algorithms.basic" file="src/pymortests/algorithms/basic.py" line="157" name="test_almost_equal_incompatible[&lt;lambda&gt;23]" time="0.1191103458404541"></testcase><testcase classname="src.pymortests.algorithms.basic" file="src/pymortests/algorithms/basic.py" line="157" name="test_almost_equal_incompatible[&lt;lambda&gt;24]" time="0.22943425178527832"></testcase><testcase classname="src.pymortests.algorithms.basic" file="src/pymortests/algorithms/basic.py" line="166" name="test_almost_equal_wrong_ind[compatible_vector_array_pair0-&lt;lambda&gt;0]" time="0.0036132335662841797"></testcase><testcase classname="src.pymortests.algorithms.basic" file="src/pymortests/algorithms/basic.py" line="166" name="test_almost_equal_wrong_ind[compatible_vector_array_pair0-&lt;lambda&gt;1]" time="0.0026988983154296875"></testcase><testcase classname="src.pymortests.algorithms.basic" file="src/pymortests/algorithms/basic.py" line="166" name="test_almost_equal_wrong_ind[compatible_vector_array_pair0-&lt;lambda&gt;2]" time="0.00403285026550293"></testcase><testcase classname="src.pymortests.algorithms.basic" file="src/pymortests/algorithms/basic.py" line="166" name="test_almost_equal_wrong_ind[compatible_vector_array_pair0-&lt;lambda&gt;3]" time="0.005460262298583984"></testcase><testcase classname="src.pymortests.algorithms.basic" file="src/pymortests/algorithms/basic.py" line="166" name="test_almost_equal_wrong_ind[compatible_vector_array_pair0-&lt;lambda&gt;4]" time="0.005757570266723633"></testcase><testcase classname="src.pymortests.algorithms.basic" file="src/pymortests/algorithms/basic.py" line="166" name="test_almost_equal_wrong_ind[compatible_vector_array_pair0-&lt;lambda&gt;5]" time="0.00431060791015625"></testcase><testcase classname="src.pymortests.algorithms.basic" file="src/pymortests/algorithms/basic.py" line="166" name="test_almost_equal_wrong_ind[compatible_vector_array_pair0-&lt;lambda&gt;6]" time="0.002737760543823242"></testcase><testcase classname="src.pymortests.algorithms.basic" file="src/pymortests/algorithms/basic.py" line="166" name="test_almost_equal_wrong_ind[compatible_vector_array_pair0-&lt;lambda&gt;7]" time="0.002829313278198242"></testcase><testcase classname="src.pymortests.algorithms.basic" file="src/pymortests/algorithms/basic.py" line="166" name="test_almost_equal_wrong_ind[compatible_vector_array_pair0-&lt;lambda&gt;8]" time="0.014694452285766602"></testcase><testcase classname="src.pymortests.algorithms.basic" file="src/pymortests/algorithms/basic.py" line="166" name="test_almost_equal_wrong_ind[compatible_vector_array_pair0-&lt;lambda&gt;9]" time="0.030621051788330078"></testcase><testcase classname="src.pymortests.algorithms.basic" file="src/pymortests/algorithms/basic.py" line="166" name="test_almost_equal_wrong_ind[compatible_vector_array_pair0-&lt;lambda&gt;10]" time="0.10146355628967285"></testcase><testcase classname="src.pymortests.algorithms.basic" file="src/pymortests/algorithms/basic.py" line="166" name="test_almost_equal_wrong_ind[compatible_vector_array_pair0-&lt;lambda&gt;11]" time="0.006340503692626953"></testcase><testcase classname="src.pymortests.algorithms.basic" file="src/pymortests/algorithms/basic.py" line="166" name="test_almost_equal_wrong_ind[compatible_vector_array_pair0-&lt;lambda&gt;12]" time="0.004362821578979492"></testcase><testcase classname="src.pymortests.algorithms.basic" file="src/pymortests/algorithms/basic.py" line="166" name="test_almost_equal_wrong_ind[compatible_vector_array_pair0-&lt;lambda&gt;13]" time="0.007558345794677734"></testcase><testcase classname="src.pymortests.algorithms.basic" file="src/pymortests/algorithms/basic.py" line="166" name="test_almost_equal_wrong_ind[compatible_vector_array_pair0-&lt;lambda&gt;14]" time="0.006265163421630859"></testcase><testcase classname="src.pymortests.algorithms.basic" file="src/pymortests/algorithms/basic.py" line="166" name="test_almost_equal_wrong_ind[compatible_vector_array_pair0-&lt;lambda&gt;15]" time="0.007342100143432617"></testcase><testcase classname="src.pymortests.algorithms.basic" file="src/pymortests/algorithms/basic.py" line="166" name="test_almost_equal_wrong_ind[compatible_vector_array_pair0-&lt;lambda&gt;16]" time="0.010642766952514648"></testcase><testcase classname="src.pymortests.algorithms.basic" file="src/pymortests/algorithms/basic.py" line="166" name="test_almost_equal_wrong_ind[compatible_vector_array_pair0-&lt;lambda&gt;17]" time="0.010729551315307617"></testcase><testcase classname="src.pymortests.algorithms.basic" file="src/pymortests/algorithms/basic.py" line="166" name="test_almost_equal_wrong_ind[compatible_vector_array_pair0-&lt;lambda&gt;18]" time="0.003385305404663086"></testcase><testcase classname="src.pymortests.algorithms.basic" file="src/pymortests/algorithms/basic.py" line="166" name="test_almost_equal_wrong_ind[compatible_vector_array_pair0-&lt;lambda&gt;19]" time="0.0035076141357421875"></testcase><testcase classname="src.pymortests.algorithms.basic" file="src/pymortests/algorithms/basic.py" line="166" name="test_almost_equal_wrong_ind[compatible_vector_array_pair0-&lt;lambda&gt;20]" time="0.03854680061340332"></testcase><testcase classname="src.pymortests.algorithms.basic" file="src/pymortests/algorithms/basic.py" line="166" name="test_almost_equal_wrong_ind[compatible_vector_array_pair0-&lt;lambda&gt;21]" time="0.040285348892211914"></testcase><testcase classname="src.pymortests.algorithms.basic" file="src/pymortests/algorithms/basic.py" line="166" name="test_almost_equal_wrong_ind[compatible_vector_array_pair0-&lt;lambda&gt;22]" time="0.1379070281982422"></testcase><testcase classname="src.pymortests.algorithms.basic" file="src/pymortests/algorithms/basic.py" line="166" name="test_almost_equal_wrong_ind[compatible_vector_array_pair0-&lt;lambda&gt;23]" time="0.007657766342163086"></testcase><testcase classname="src.pymortests.algorithms.basic" file="src/pymortests/algorithms/basic.py" line="166" name="test_almost_equal_wrong_ind[compatible_vector_array_pair0-&lt;lambda&gt;24]" time="0.003999471664428711"></testcase><testcase classname="src.pymortests.algorithms.basic" file="src/pymortests/algorithms/basic.py" line="166" name="test_almost_equal_wrong_ind[compatible_vector_array_pair0-&lt;lambda&gt;25]" time="0.0038449764251708984"></testcase><testcase classname="src.pymortests.algorithms.basic" file="src/pymortests/algorithms/basic.py" line="166" name="test_almost_equal_wrong_ind[compatible_vector_array_pair0-&lt;lambda&gt;26]" time="0.03505420684814453"></testcase><testcase classname="src.pymortests.algorithms.basic" file="src/pymortests/algorithms/basic.py" line="166" name="test_almost_equal_wrong_ind[compatible_vector_array_pair0-&lt;lambda&gt;27]" time="0.05736112594604492"></testcase><testcase classname="src.pymortests.algorithms.basic" file="src/pymortests/algorithms/basic.py" line="166" name="test_almost_equal_wrong_ind[compatible_vector_array_pair0-&lt;lambda&gt;28]" time="0.20705819129943848"></testcase><testcase classname="src.pymortests.algorithms.basic" file="src/pymortests/algorithms/basic.py" line="166" name="test_almost_equal_wrong_ind[compatible_vector_array_pair0-&lt;lambda&gt;29]" time="0.00918436050415039"></testcase><testcase classname="src.pymortests.algorithms.basic" file="src/pymortests/algorithms/basic.py" line="166" name="test_almost_equal_wrong_ind[compatible_vector_array_pair1-&lt;lambda&gt;0]" time="0.0028111934661865234"></testcase><testcase classname="src.pymortests.algorithms.basic" file="src/pymortests/algorithms/basic.py" line="166" name="test_almost_equal_wrong_ind[compatible_vector_array_pair1-&lt;lambda&gt;1]" time="0.002614259719848633"></testcase><testcase classname="src.pymortests.algorithms.basic" file="src/pymortests/algorithms/basic.py" line="166" name="test_almost_equal_wrong_ind[compatible_vector_array_pair1-&lt;lambda&gt;2]" time="0.0039784908294677734"></testcase><testcase classname="src.pymortests.algorithms.basic" file="src/pymortests/algorithms/basic.py" line="166" name="test_almost_equal_wrong_ind[compatible_vector_array_pair1-&lt;lambda&gt;3]" time="0.005495309829711914"></testcase><testcase classname="src.pymortests.algorithms.basic" file="src/pymortests/algorithms/basic.py" line="166" name="test_almost_equal_wrong_ind[compatible_vector_array_pair1-&lt;lambda&gt;4]" time="0.0055887699127197266"></testcase><testcase classname="src.pymortests.algorithms.basic" file="src/pymortests/algorithms/basic.py" line="166" name="test_almost_equal_wrong_ind[compatible_vector_array_pair1-&lt;lambda&gt;5]" time="0.004200458526611328"></testcase><testcase classname="src.pymortests.algorithms.basic" file="src/pymortests/algorithms/basic.py" line="166" name="test_almost_equal_wrong_ind[compatible_vector_array_pair1-&lt;lambda&gt;6]" time="0.002612590789794922"></testcase><testcase classname="src.pymortests.algorithms.basic" file="src/pymortests/algorithms/basic.py" line="166" name="test_almost_equal_wrong_ind[compatible_vector_array_pair1-&lt;lambda&gt;7]" time="0.0027513504028320312"></testcase><testcase classname="src.pymortests.algorithms.basic" file="src/pymortests/algorithms/basic.py" line="166" name="test_almost_equal_wrong_ind[compatible_vector_array_pair1-&lt;lambda&gt;8]" time="0.014620304107666016"></testcase><testcase classname="src.pymortests.algorithms.basic" file="src/pymortests/algorithms/basic.py" line="166" name="test_almost_equal_wrong_ind[compatible_vector_array_pair1-&lt;lambda&gt;9]" time="0.030398845672607422"></testcase><testcase classname="src.pymortests.algorithms.basic" file="src/pymortests/algorithms/basic.py" line="166" name="test_almost_equal_wrong_ind[compatible_vector_array_pair1-&lt;lambda&gt;10]" time="0.1020975112915039"></testcase><testcase classname="src.pymortests.algorithms.basic" file="src/pymortests/algorithms/basic.py" line="166" name="test_almost_equal_wrong_ind[compatible_vector_array_pair1-&lt;lambda&gt;11]" time="0.006230354309082031"></testcase><testcase classname="src.pymortests.algorithms.basic" file="src/pymortests/algorithms/basic.py" line="166" name="test_almost_equal_wrong_ind[compatible_vector_array_pair1-&lt;lambda&gt;12]" time="0.0044133663177490234"></testcase><testcase classname="src.pymortests.algorithms.basic" file="src/pymortests/algorithms/basic.py" line="166" name="test_almost_equal_wrong_ind[compatible_vector_array_pair1-&lt;lambda&gt;13]" time="0.00758051872253418"></testcase><testcase classname="src.pymortests.algorithms.basic" file="src/pymortests/algorithms/basic.py" line="166" name="test_almost_equal_wrong_ind[compatible_vector_array_pair1-&lt;lambda&gt;14]" time="0.0060994625091552734"></testcase><testcase classname="src.pymortests.algorithms.basic" file="src/pymortests/algorithms/basic.py" line="166" name="test_almost_equal_wrong_ind[compatible_vector_array_pair1-&lt;lambda&gt;15]" time="0.007365226745605469"></testcase><testcase classname="src.pymortests.algorithms.basic" file="src/pymortests/algorithms/basic.py" line="166" name="test_almost_equal_wrong_ind[compatible_vector_array_pair1-&lt;lambda&gt;16]" time="0.010776042938232422"></testcase><testcase classname="src.pymortests.algorithms.basic" file="src/pymortests/algorithms/basic.py" line="166" name="test_almost_equal_wrong_ind[compatible_vector_array_pair1-&lt;lambda&gt;17]" time="0.010841608047485352"></testcase><testcase classname="src.pymortests.algorithms.basic" file="src/pymortests/algorithms/basic.py" line="166" name="test_almost_equal_wrong_ind[compatible_vector_array_pair1-&lt;lambda&gt;18]" time="0.003328561782836914"></testcase><testcase classname="src.pymortests.algorithms.basic" file="src/pymortests/algorithms/basic.py" line="166" name="test_almost_equal_wrong_ind[compatible_vector_array_pair1-&lt;lambda&gt;19]" time="0.0035843849182128906"></testcase><testcase classname="src.pymortests.algorithms.basic" file="src/pymortests/algorithms/basic.py" line="166" name="test_almost_equal_wrong_ind[compatible_vector_array_pair1-&lt;lambda&gt;20]" time="0.04006528854370117"></testcase><testcase classname="src.pymortests.algorithms.basic" file="src/pymortests/algorithms/basic.py" line="166" name="test_almost_equal_wrong_ind[compatible_vector_array_pair1-&lt;lambda&gt;21]" time="0.04030561447143555"></testcase><testcase classname="src.pymortests.algorithms.basic" file="src/pymortests/algorithms/basic.py" line="166" name="test_almost_equal_wrong_ind[compatible_vector_array_pair1-&lt;lambda&gt;22]" time="0.14072728157043457"></testcase><testcase classname="src.pymortests.algorithms.basic" file="src/pymortests/algorithms/basic.py" line="166" name="test_almost_equal_wrong_ind[compatible_vector_array_pair1-&lt;lambda&gt;23]" time="0.007554292678833008"></testcase><testcase classname="src.pymortests.algorithms.basic" file="src/pymortests/algorithms/basic.py" line="166" name="test_almost_equal_wrong_ind[compatible_vector_array_pair1-&lt;lambda&gt;24]" time="0.0026335716247558594"></testcase><testcase classname="src.pymortests.algorithms.basic" file="src/pymortests/algorithms/basic.py" line="166" name="test_almost_equal_wrong_ind[compatible_vector_array_pair1-&lt;lambda&gt;25]" time="0.0039632320404052734"></testcase><testcase classname="src.pymortests.algorithms.basic" file="src/pymortests/algorithms/basic.py" line="166" name="test_almost_equal_wrong_ind[compatible_vector_array_pair1-&lt;lambda&gt;26]" time="0.03544187545776367"></testcase><testcase classname="src.pymortests.algorithms.basic" file="src/pymortests/algorithms/basic.py" line="166" name="test_almost_equal_wrong_ind[compatible_vector_array_pair1-&lt;lambda&gt;27]" time="0.06071162223815918"></testcase><testcase classname="src.pymortests.algorithms.basic" file="src/pymortests/algorithms/basic.py" line="166" name="test_almost_equal_wrong_ind[compatible_vector_array_pair1-&lt;lambda&gt;28]" time="0.21365070343017578"></testcase><testcase classname="src.pymortests.algorithms.basic" file="src/pymortests/algorithms/basic.py" line="166" name="test_almost_equal_wrong_ind[compatible_vector_array_pair1-&lt;lambda&gt;29]" time="0.009915828704833984"></testcase><testcase classname="src.pymortests.algorithms.basic" file="src/pymortests/algorithms/basic.py" line="166" name="test_almost_equal_wrong_ind[compatible_vector_array_pair2-&lt;lambda&gt;0]" time="0.004031181335449219"></testcase><testcase classname="src.pymortests.algorithms.basic" file="src/pymortests/algorithms/basic.py" line="166" name="test_almost_equal_wrong_ind[compatible_vector_array_pair2-&lt;lambda&gt;1]" time="0.0029129981994628906"></testcase><testcase classname="src.pymortests.algorithms.basic" file="src/pymortests/algorithms/basic.py" line="166" name="test_almost_equal_wrong_ind[compatible_vector_array_pair2-&lt;lambda&gt;2]" time="0.004075527191162109"></testcase><testcase classname="src.pymortests.algorithms.basic" file="src/pymortests/algorithms/basic.py" line="166" name="test_almost_equal_wrong_ind[compatible_vector_array_pair2-&lt;lambda&gt;3]" time="0.005866527557373047"></testcase><testcase classname="src.pymortests.algorithms.basic" file="src/pymortests/algorithms/basic.py" line="166" name="test_almost_equal_wrong_ind[compatible_vector_array_pair2-&lt;lambda&gt;4]" time="0.005684614181518555"></testcase><testcase classname="src.pymortests.algorithms.basic" file="src/pymortests/algorithms/basic.py" line="166" name="test_almost_equal_wrong_ind[compatible_vector_array_pair2-&lt;lambda&gt;5]" time="0.0042874813079833984"></testcase><testcase classname="src.pymortests.algorithms.basic" file="src/pymortests/algorithms/basic.py" line="166" name="test_almost_equal_wrong_ind[compatible_vector_array_pair2-&lt;lambda&gt;6]" time="0.0025720596313476562"></testcase><testcase classname="src.pymortests.algorithms.basic" file="src/pymortests/algorithms/basic.py" line="166" name="test_almost_equal_wrong_ind[compatible_vector_array_pair2-&lt;lambda&gt;7]" time="0.0028967857360839844"></testcase><testcase classname="src.pymortests.algorithms.basic" file="src/pymortests/algorithms/basic.py" line="166" name="test_almost_equal_wrong_ind[compatible_vector_array_pair2-&lt;lambda&gt;8]" time="0.015710115432739258"></testcase><testcase classname="src.pymortests.algorithms.basic" file="src/pymortests/algorithms/basic.py" line="166" name="test_almost_equal_wrong_ind[compatible_vector_array_pair2-&lt;lambda&gt;9]" time="0.03067493438720703"></testcase><testcase classname="src.pymortests.algorithms.basic" file="src/pymortests/algorithms/basic.py" line="166" name="test_almost_equal_wrong_ind[compatible_vector_array_pair2-&lt;lambda&gt;10]" time="0.10241365432739258"></testcase><testcase classname="src.pymortests.algorithms.basic" file="src/pymortests/algorithms/basic.py" line="166" name="test_almost_equal_wrong_ind[compatible_vector_array_pair2-&lt;lambda&gt;11]" time="0.006314992904663086"></testcase><testcase classname="src.pymortests.algorithms.basic" file="src/pymortests/algorithms/basic.py" line="166" name="test_almost_equal_wrong_ind[compatible_vector_array_pair2-&lt;lambda&gt;12]" time="0.004477739334106445"></testcase><testcase classname="src.pymortests.algorithms.basic" file="src/pymortests/algorithms/basic.py" line="166" name="test_almost_equal_wrong_ind[compatible_vector_array_pair2-&lt;lambda&gt;13]" time="0.0075342655181884766"></testcase><testcase classname="src.pymortests.algorithms.basic" file="src/pymortests/algorithms/basic.py" line="166" name="test_almost_equal_wrong_ind[compatible_vector_array_pair2-&lt;lambda&gt;14]" time="0.005986690521240234"></testcase><testcase classname="src.pymortests.algorithms.basic" file="src/pymortests/algorithms/basic.py" line="166" name="test_almost_equal_wrong_ind[compatible_vector_array_pair2-&lt;lambda&gt;15]" time="0.007342815399169922"></testcase><testcase classname="src.pymortests.algorithms.basic" file="src/pymortests/algorithms/basic.py" line="166" name="test_almost_equal_wrong_ind[compatible_vector_array_pair2-&lt;lambda&gt;16]" time="0.011194944381713867"></testcase><testcase classname="src.pymortests.algorithms.basic" file="src/pymortests/algorithms/basic.py" line="166" name="test_almost_equal_wrong_ind[compatible_vector_array_pair2-&lt;lambda&gt;17]" time="0.010935783386230469"></testcase><testcase classname="src.pymortests.algorithms.basic" file="src/pymortests/algorithms/basic.py" line="166" name="test_almost_equal_wrong_ind[compatible_vector_array_pair2-&lt;lambda&gt;18]" time="0.0034074783325195312"></testcase><testcase classname="src.pymortests.algorithms.basic" file="src/pymortests/algorithms/basic.py" line="166" name="test_almost_equal_wrong_ind[compatible_vector_array_pair2-&lt;lambda&gt;19]" time="0.0034334659576416016"></testcase><testcase classname="src.pymortests.algorithms.basic" file="src/pymortests/algorithms/basic.py" line="166" name="test_almost_equal_wrong_ind[compatible_vector_array_pair2-&lt;lambda&gt;20]" time="0.03832554817199707"></testcase><testcase classname="src.pymortests.algorithms.basic" file="src/pymortests/algorithms/basic.py" line="166" name="test_almost_equal_wrong_ind[compatible_vector_array_pair2-&lt;lambda&gt;21]" time="0.03960561752319336"></testcase><testcase classname="src.pymortests.algorithms.basic" file="src/pymortests/algorithms/basic.py" line="166" name="test_almost_equal_wrong_ind[compatible_vector_array_pair2-&lt;lambda&gt;22]" time="0.13719725608825684"></testcase><testcase classname="src.pymortests.algorithms.basic" file="src/pymortests/algorithms/basic.py" line="166" name="test_almost_equal_wrong_ind[compatible_vector_array_pair2-&lt;lambda&gt;23]" time="0.0076558589935302734"></testcase><testcase classname="src.pymortests.algorithms.basic" file="src/pymortests/algorithms/basic.py" line="166" name="test_almost_equal_wrong_ind[compatible_vector_array_pair2-&lt;lambda&gt;24]" time="0.002580881118774414"></testcase><testcase classname="src.pymortests.algorithms.basic" file="src/pymortests/algorithms/basic.py" line="166" name="test_almost_equal_wrong_ind[compatible_vector_array_pair2-&lt;lambda&gt;25]" time="0.0036804676055908203"></testcase><testcase classname="src.pymortests.algorithms.basic" file="src/pymortests/algorithms/basic.py" line="166" name="test_almost_equal_wrong_ind[compatible_vector_array_pair2-&lt;lambda&gt;26]" time="0.03458237648010254"></testcase><testcase classname="src.pymortests.algorithms.basic" file="src/pymortests/algorithms/basic.py" line="166" name="test_almost_equal_wrong_ind[compatible_vector_array_pair2-&lt;lambda&gt;27]" time="0.0580596923828125"></testcase><testcase classname="src.pymortests.algorithms.basic" file="src/pymortests/algorithms/basic.py" line="166" name="test_almost_equal_wrong_ind[compatible_vector_array_pair2-&lt;lambda&gt;28]" time="0.20539259910583496"></testcase><testcase classname="src.pymortests.algorithms.basic" file="src/pymortests/algorithms/basic.py" line="166" name="test_almost_equal_wrong_ind[compatible_vector_array_pair2-&lt;lambda&gt;29]" time="0.00901031494140625"></testcase><testcase classname="src.pymortests.algorithms.basic" file="src/pymortests/algorithms/basic.py" line="166" name="test_almost_equal_wrong_ind[compatible_vector_array_pair3-&lt;lambda&gt;0]" time="0.0028367042541503906"></testcase><testcase classname="src.pymortests.algorithms.basic" file="src/pymortests/algorithms/basic.py" line="166" name="test_almost_equal_wrong_ind[compatible_vector_array_pair3-&lt;lambda&gt;1]" time="0.0025930404663085938"></testcase><testcase classname="src.pymortests.algorithms.basic" file="src/pymortests/algorithms/basic.py" line="166" name="test_almost_equal_wrong_ind[compatible_vector_array_pair3-&lt;lambda&gt;2]" time="0.0039768218994140625"></testcase><testcase classname="src.pymortests.algorithms.basic" file="src/pymortests/algorithms/basic.py" line="166" name="test_almost_equal_wrong_ind[compatible_vector_array_pair3-&lt;lambda&gt;3]" time="0.005559206008911133"></testcase><testcase classname="src.pymortests.algorithms.basic" file="src/pymortests/algorithms/basic.py" line="166" name="test_almost_equal_wrong_ind[compatible_vector_array_pair3-&lt;lambda&gt;4]" time="0.0057718753814697266"></testcase><testcase classname="src.pymortests.algorithms.basic" file="src/pymortests/algorithms/basic.py" line="166" name="test_almost_equal_wrong_ind[compatible_vector_array_pair3-&lt;lambda&gt;5]" time="0.004305362701416016"></testcase><testcase classname="src.pymortests.algorithms.basic" file="src/pymortests/algorithms/basic.py" line="166" name="test_almost_equal_wrong_ind[compatible_vector_array_pair3-&lt;lambda&gt;6]" time="0.0026459693908691406"></testcase><testcase classname="src.pymortests.algorithms.basic" file="src/pymortests/algorithms/basic.py" line="166" name="test_almost_equal_wrong_ind[compatible_vector_array_pair3-&lt;lambda&gt;7]" time="0.0027484893798828125"></testcase><testcase classname="src.pymortests.algorithms.basic" file="src/pymortests/algorithms/basic.py" line="166" name="test_almost_equal_wrong_ind[compatible_vector_array_pair3-&lt;lambda&gt;8]" time="0.014754533767700195"></testcase><testcase classname="src.pymortests.algorithms.basic" file="src/pymortests/algorithms/basic.py" line="166" name="test_almost_equal_wrong_ind[compatible_vector_array_pair3-&lt;lambda&gt;9]" time="0.03051900863647461"></testcase><testcase classname="src.pymortests.algorithms.basic" file="src/pymortests/algorithms/basic.py" line="166" name="test_almost_equal_wrong_ind[compatible_vector_array_pair3-&lt;lambda&gt;10]" time="0.1023867130279541"></testcase><testcase classname="src.pymortests.algorithms.basic" file="src/pymortests/algorithms/basic.py" line="166" name="test_almost_equal_wrong_ind[compatible_vector_array_pair3-&lt;lambda&gt;11]" time="0.006317615509033203"></testcase><testcase classname="src.pymortests.algorithms.basic" file="src/pymortests/algorithms/basic.py" line="166" name="test_almost_equal_wrong_ind[compatible_vector_array_pair3-&lt;lambda&gt;12]" time="0.0043489933013916016"></testcase><testcase classname="src.pymortests.algorithms.basic" file="src/pymortests/algorithms/basic.py" line="166" name="test_almost_equal_wrong_ind[compatible_vector_array_pair3-&lt;lambda&gt;13]" time="0.007540702819824219"></testcase><testcase classname="src.pymortests.algorithms.basic" file="src/pymortests/algorithms/basic.py" line="166" name="test_almost_equal_wrong_ind[compatible_vector_array_pair3-&lt;lambda&gt;14]" time="0.006095170974731445"></testcase><testcase classname="src.pymortests.algorithms.basic" file="src/pymortests/algorithms/basic.py" line="166" name="test_almost_equal_wrong_ind[compatible_vector_array_pair3-&lt;lambda&gt;15]" time="0.0077037811279296875"></testcase><testcase classname="src.pymortests.algorithms.basic" file="src/pymortests/algorithms/basic.py" line="166" name="test_almost_equal_wrong_ind[compatible_vector_array_pair3-&lt;lambda&gt;16]" time="0.010682821273803711"></testcase><testcase classname="src.pymortests.algorithms.basic" file="src/pymortests/algorithms/basic.py" line="166" name="test_almost_equal_wrong_ind[compatible_vector_array_pair3-&lt;lambda&gt;17]" time="0.010699987411499023"></testcase><testcase classname="src.pymortests.algorithms.basic" file="src/pymortests/algorithms/basic.py" line="166" name="test_almost_equal_wrong_ind[compatible_vector_array_pair3-&lt;lambda&gt;18]" time="0.0033583641052246094"></testcase><testcase classname="src.pymortests.algorithms.basic" file="src/pymortests/algorithms/basic.py" line="166" name="test_almost_equal_wrong_ind[compatible_vector_array_pair3-&lt;lambda&gt;19]" time="0.003435850143432617"></testcase><testcase classname="src.pymortests.algorithms.basic" file="src/pymortests/algorithms/basic.py" line="166" name="test_almost_equal_wrong_ind[compatible_vector_array_pair3-&lt;lambda&gt;20]" time="0.03953385353088379"></testcase><testcase classname="src.pymortests.algorithms.basic" file="src/pymortests/algorithms/basic.py" line="166" name="test_almost_equal_wrong_ind[compatible_vector_array_pair3-&lt;lambda&gt;21]" time="0.040101051330566406"></testcase><testcase classname="src.pymortests.algorithms.basic" file="src/pymortests/algorithms/basic.py" line="166" name="test_almost_equal_wrong_ind[compatible_vector_array_pair3-&lt;lambda&gt;22]" time="0.13953924179077148"></testcase><testcase classname="src.pymortests.algorithms.basic" file="src/pymortests/algorithms/basic.py" line="166" name="test_almost_equal_wrong_ind[compatible_vector_array_pair3-&lt;lambda&gt;23]" time="0.007481575012207031"></testcase><testcase classname="src.pymortests.algorithms.basic" file="src/pymortests/algorithms/basic.py" line="166" name="test_almost_equal_wrong_ind[compatible_vector_array_pair3-&lt;lambda&gt;24]" time="0.0026345252990722656"></testcase><testcase classname="src.pymortests.algorithms.basic" file="src/pymortests/algorithms/basic.py" line="166" name="test_almost_equal_wrong_ind[compatible_vector_array_pair3-&lt;lambda&gt;25]" time="0.0037157535552978516"></testcase><testcase classname="src.pymortests.algorithms.basic" file="src/pymortests/algorithms/basic.py" line="166" name="test_almost_equal_wrong_ind[compatible_vector_array_pair3-&lt;lambda&gt;26]" time="0.0346524715423584"></testcase><testcase classname="src.pymortests.algorithms.basic" file="src/pymortests/algorithms/basic.py" line="166" name="test_almost_equal_wrong_ind[compatible_vector_array_pair3-&lt;lambda&gt;27]" time="0.05792999267578125"></testcase><testcase classname="src.pymortests.algorithms.basic" file="src/pymortests/algorithms/basic.py" line="166" name="test_almost_equal_wrong_ind[compatible_vector_array_pair3-&lt;lambda&gt;28]" time="0.210784912109375"></testcase><testcase classname="src.pymortests.algorithms.basic" file="src/pymortests/algorithms/basic.py" line="166" name="test_almost_equal_wrong_ind[compatible_vector_array_pair3-&lt;lambda&gt;29]" time="0.008915901184082031"></testcase><testcase classname="src.pymortests.algorithms.basic" file="src/pymortests/algorithms/basic.py" line="166" name="test_almost_equal_wrong_ind[compatible_vector_array_pair4-&lt;lambda&gt;0]" time="0.0028870105743408203"></testcase><testcase classname="src.pymortests.algorithms.basic" file="src/pymortests/algorithms/basic.py" line="166" name="test_almost_equal_wrong_ind[compatible_vector_array_pair4-&lt;lambda&gt;1]" time="0.0026350021362304688"></testcase><testcase classname="src.pymortests.algorithms.basic" file="src/pymortests/algorithms/basic.py" line="166" name="test_almost_equal_wrong_ind[compatible_vector_array_pair4-&lt;lambda&gt;2]" time="0.004078865051269531"></testcase><testcase classname="src.pymortests.algorithms.basic" file="src/pymortests/algorithms/basic.py" line="166" name="test_almost_equal_wrong_ind[compatible_vector_array_pair4-&lt;lambda&gt;3]" time="0.005498647689819336"></testcase><testcase classname="src.pymortests.algorithms.basic" file="src/pymortests/algorithms/basic.py" line="166" name="test_almost_equal_wrong_ind[compatible_vector_array_pair4-&lt;lambda&gt;4]" time="0.005500316619873047"></testcase><testcase classname="src.pymortests.algorithms.basic" file="src/pymortests/algorithms/basic.py" line="166" name="test_almost_equal_wrong_ind[compatible_vector_array_pair4-&lt;lambda&gt;5]" time="0.004134416580200195"></testcase><testcase classname="src.pymortests.algorithms.basic" file="src/pymortests/algorithms/basic.py" line="166" name="test_almost_equal_wrong_ind[compatible_vector_array_pair4-&lt;lambda&gt;6]" time="0.0025634765625"></testcase><testcase classname="src.pymortests.algorithms.basic" file="src/pymortests/algorithms/basic.py" line="166" name="test_almost_equal_wrong_ind[compatible_vector_array_pair4-&lt;lambda&gt;7]" time="0.002683401107788086"></testcase><testcase classname="src.pymortests.algorithms.basic" file="src/pymortests/algorithms/basic.py" line="166" name="test_almost_equal_wrong_ind[compatible_vector_array_pair4-&lt;lambda&gt;8]" time="0.015066385269165039"></testcase><testcase classname="src.pymortests.algorithms.basic" file="src/pymortests/algorithms/basic.py" line="166" name="test_almost_equal_wrong_ind[compatible_vector_array_pair4-&lt;lambda&gt;9]" time="0.030525922775268555"></testcase><testcase classname="src.pymortests.algorithms.basic" file="src/pymortests/algorithms/basic.py" line="166" name="test_almost_equal_wrong_ind[compatible_vector_array_pair4-&lt;lambda&gt;10]" time="0.10331273078918457"></testcase><testcase classname="src.pymortests.algorithms.basic" file="src/pymortests/algorithms/basic.py" line="166" name="test_almost_equal_wrong_ind[compatible_vector_array_pair4-&lt;lambda&gt;11]" time="0.006214618682861328"></testcase><testcase classname="src.pymortests.algorithms.basic" file="src/pymortests/algorithms/basic.py" line="166" name="test_almost_equal_wrong_ind[compatible_vector_array_pair4-&lt;lambda&gt;12]" time="0.004346132278442383"></testcase><testcase classname="src.pymortests.algorithms.basic" file="src/pymortests/algorithms/basic.py" line="166" name="test_almost_equal_wrong_ind[compatible_vector_array_pair4-&lt;lambda&gt;13]" time="0.007730007171630859"></testcase><testcase classname="src.pymortests.algorithms.basic" file="src/pymortests/algorithms/basic.py" line="166" name="test_almost_equal_wrong_ind[compatible_vector_array_pair4-&lt;lambda&gt;14]" time="0.0061681270599365234"></testcase><testcase classname="src.pymortests.algorithms.basic" file="src/pymortests/algorithms/basic.py" line="166" name="test_almost_equal_wrong_ind[compatible_vector_array_pair4-&lt;lambda&gt;15]" time="0.00746607780456543"></testcase><testcase classname="src.pymortests.algorithms.basic" file="src/pymortests/algorithms/basic.py" line="166" name="test_almost_equal_wrong_ind[compatible_vector_array_pair4-&lt;lambda&gt;16]" time="0.010828971862792969"></testcase><testcase classname="src.pymortests.algorithms.basic" file="src/pymortests/algorithms/basic.py" line="166" name="test_almost_equal_wrong_ind[compatible_vector_array_pair4-&lt;lambda&gt;17]" time="0.010737180709838867"></testcase><testcase classname="src.pymortests.algorithms.basic" file="src/pymortests/algorithms/basic.py" line="166" name="test_almost_equal_wrong_ind[compatible_vector_array_pair4-&lt;lambda&gt;18]" time="0.0033354759216308594"></testcase><testcase classname="src.pymortests.algorithms.basic" file="src/pymortests/algorithms/basic.py" line="166" name="test_almost_equal_wrong_ind[compatible_vector_array_pair4-&lt;lambda&gt;19]" time="0.003528118133544922"></testcase><testcase classname="src.pymortests.algorithms.basic" file="src/pymortests/algorithms/basic.py" line="166" name="test_almost_equal_wrong_ind[compatible_vector_array_pair4-&lt;lambda&gt;20]" time="0.039350271224975586"></testcase><testcase classname="src.pymortests.algorithms.basic" file="src/pymortests/algorithms/basic.py" line="166" name="test_almost_equal_wrong_ind[compatible_vector_array_pair4-&lt;lambda&gt;21]" time="0.0404658317565918"></testcase><testcase classname="src.pymortests.algorithms.basic" file="src/pymortests/algorithms/basic.py" line="166" name="test_almost_equal_wrong_ind[compatible_vector_array_pair4-&lt;lambda&gt;22]" time="0.13953137397766113"></testcase><testcase classname="src.pymortests.algorithms.basic" file="src/pymortests/algorithms/basic.py" line="166" name="test_almost_equal_wrong_ind[compatible_vector_array_pair4-&lt;lambda&gt;23]" time="0.007668256759643555"></testcase><testcase classname="src.pymortests.algorithms.basic" file="src/pymortests/algorithms/basic.py" line="166" name="test_almost_equal_wrong_ind[compatible_vector_array_pair4-&lt;lambda&gt;24]" time="0.003823518753051758"></testcase><testcase classname="src.pymortests.algorithms.basic" file="src/pymortests/algorithms/basic.py" line="166" name="test_almost_equal_wrong_ind[compatible_vector_array_pair4-&lt;lambda&gt;25]" time="0.003893613815307617"></testcase><testcase classname="src.pymortests.algorithms.basic" file="src/pymortests/algorithms/basic.py" line="166" name="test_almost_equal_wrong_ind[compatible_vector_array_pair4-&lt;lambda&gt;26]" time="0.03514742851257324"></testcase><testcase classname="src.pymortests.algorithms.basic" file="src/pymortests/algorithms/basic.py" line="166" name="test_almost_equal_wrong_ind[compatible_vector_array_pair4-&lt;lambda&gt;27]" time="0.059574127197265625"></testcase><testcase classname="src.pymortests.algorithms.basic" file="src/pymortests/algorithms/basic.py" line="166" name="test_almost_equal_wrong_ind[compatible_vector_array_pair4-&lt;lambda&gt;28]" time="0.2079787254333496"></testcase><testcase classname="src.pymortests.algorithms.basic" file="src/pymortests/algorithms/basic.py" line="166" name="test_almost_equal_wrong_ind[compatible_vector_array_pair4-&lt;lambda&gt;29]" time="0.008835554122924805"></testcase><testcase classname="src.pymortests.algorithms.basic" file="src/pymortests/algorithms/basic.py" line="166" name="test_almost_equal_wrong_ind[compatible_vector_array_pair5-&lt;lambda&gt;0]" time="0.0028171539306640625"></testcase><testcase classname="src.pymortests.algorithms.basic" file="src/pymortests/algorithms/basic.py" line="166" name="test_almost_equal_wrong_ind[compatible_vector_array_pair5-&lt;lambda&gt;1]" time="0.0026116371154785156"></testcase><testcase classname="src.pymortests.algorithms.basic" file="src/pymortests/algorithms/basic.py" line="166" name="test_almost_equal_wrong_ind[compatible_vector_array_pair5-&lt;lambda&gt;2]" time="0.004098415374755859"></testcase><testcase classname="src.pymortests.algorithms.basic" file="src/pymortests/algorithms/basic.py" line="166" name="test_almost_equal_wrong_ind[compatible_vector_array_pair5-&lt;lambda&gt;3]" time="0.005486011505126953"></testcase><testcase classname="src.pymortests.algorithms.basic" file="src/pymortests/algorithms/basic.py" line="166" name="test_almost_equal_wrong_ind[compatible_vector_array_pair5-&lt;lambda&gt;4]" time="0.005637168884277344"></testcase><testcase classname="src.pymortests.algorithms.basic" file="src/pymortests/algorithms/basic.py" line="166" name="test_almost_equal_wrong_ind[compatible_vector_array_pair5-&lt;lambda&gt;5]" time="0.004186391830444336"></testcase><testcase classname="src.pymortests.algorithms.basic" file="src/pymortests/algorithms/basic.py" line="166" name="test_almost_equal_wrong_ind[compatible_vector_array_pair5-&lt;lambda&gt;6]" time="0.0026769638061523438"></testcase><testcase classname="src.pymortests.algorithms.basic" file="src/pymortests/algorithms/basic.py" line="166" name="test_almost_equal_wrong_ind[compatible_vector_array_pair5-&lt;lambda&gt;7]" time="0.0027527809143066406"></testcase><testcase classname="src.pymortests.algorithms.basic" file="src/pymortests/algorithms/basic.py" line="166" name="test_almost_equal_wrong_ind[compatible_vector_array_pair5-&lt;lambda&gt;8]" time="0.01513361930847168"></testcase><testcase classname="src.pymortests.algorithms.basic" file="src/pymortests/algorithms/basic.py" line="166" name="test_almost_equal_wrong_ind[compatible_vector_array_pair5-&lt;lambda&gt;9]" time="0.031249046325683594"></testcase><testcase classname="src.pymortests.algorithms.basic" file="src/pymortests/algorithms/basic.py" line="166" name="test_almost_equal_wrong_ind[compatible_vector_array_pair5-&lt;lambda&gt;10]" time="0.10221290588378906"></testcase><testcase classname="src.pymortests.algorithms.basic" file="src/pymortests/algorithms/basic.py" line="166" name="test_almost_equal_wrong_ind[compatible_vector_array_pair5-&lt;lambda&gt;11]" time="0.006204843521118164"></testcase><testcase classname="src.pymortests.algorithms.basic" file="src/pymortests/algorithms/basic.py" line="166" name="test_almost_equal_wrong_ind[compatible_vector_array_pair5-&lt;lambda&gt;12]" time="0.004426717758178711"></testcase><testcase classname="src.pymortests.algorithms.basic" file="src/pymortests/algorithms/basic.py" line="166" name="test_almost_equal_wrong_ind[compatible_vector_array_pair5-&lt;lambda&gt;13]" time="0.007783412933349609"></testcase><testcase classname="src.pymortests.algorithms.basic" file="src/pymortests/algorithms/basic.py" line="166" name="test_almost_equal_wrong_ind[compatible_vector_array_pair5-&lt;lambda&gt;14]" time="0.00653076171875"></testcase><testcase classname="src.pymortests.algorithms.basic" file="src/pymortests/algorithms/basic.py" line="166" name="test_almost_equal_wrong_ind[compatible_vector_array_pair5-&lt;lambda&gt;15]" time="0.007525920867919922"></testcase><testcase classname="src.pymortests.algorithms.basic" file="src/pymortests/algorithms/basic.py" line="166" name="test_almost_equal_wrong_ind[compatible_vector_array_pair5-&lt;lambda&gt;16]" time="0.010700464248657227"></testcase><testcase classname="src.pymortests.algorithms.basic" file="src/pymortests/algorithms/basic.py" line="166" name="test_almost_equal_wrong_ind[compatible_vector_array_pair5-&lt;lambda&gt;17]" time="0.010812044143676758"></testcase><testcase classname="src.pymortests.algorithms.basic" file="src/pymortests/algorithms/basic.py" line="166" name="test_almost_equal_wrong_ind[compatible_vector_array_pair5-&lt;lambda&gt;18]" time="0.0035254955291748047"></testcase><testcase classname="src.pymortests.algorithms.basic" file="src/pymortests/algorithms/basic.py" line="166" name="test_almost_equal_wrong_ind[compatible_vector_array_pair5-&lt;lambda&gt;19]" time="0.0034842491149902344"></testcase><testcase classname="src.pymortests.algorithms.basic" file="src/pymortests/algorithms/basic.py" line="166" name="test_almost_equal_wrong_ind[compatible_vector_array_pair5-&lt;lambda&gt;20]" time="0.03916358947753906"></testcase><testcase classname="src.pymortests.algorithms.basic" file="src/pymortests/algorithms/basic.py" line="166" name="test_almost_equal_wrong_ind[compatible_vector_array_pair5-&lt;lambda&gt;21]" time="0.04046297073364258"></testcase><testcase classname="src.pymortests.algorithms.basic" file="src/pymortests/algorithms/basic.py" line="166" name="test_almost_equal_wrong_ind[compatible_vector_array_pair5-&lt;lambda&gt;22]" time="0.1400160789489746"></testcase><testcase classname="src.pymortests.algorithms.basic" file="src/pymortests/algorithms/basic.py" line="166" name="test_almost_equal_wrong_ind[compatible_vector_array_pair5-&lt;lambda&gt;23]" time="0.007188081741333008"></testcase><testcase classname="src.pymortests.algorithms.basic" file="src/pymortests/algorithms/basic.py" line="166" name="test_almost_equal_wrong_ind[compatible_vector_array_pair5-&lt;lambda&gt;24]" time="0.0025358200073242188"></testcase><testcase classname="src.pymortests.algorithms.basic" file="src/pymortests/algorithms/basic.py" line="166" name="test_almost_equal_wrong_ind[compatible_vector_array_pair5-&lt;lambda&gt;25]" time="0.0036215782165527344"></testcase><testcase classname="src.pymortests.algorithms.basic" file="src/pymortests/algorithms/basic.py" line="166" name="test_almost_equal_wrong_ind[compatible_vector_array_pair5-&lt;lambda&gt;26]" time="0.034821510314941406"></testcase><testcase classname="src.pymortests.algorithms.basic" file="src/pymortests/algorithms/basic.py" line="166" name="test_almost_equal_wrong_ind[compatible_vector_array_pair5-&lt;lambda&gt;27]" time="0.05806279182434082"></testcase><testcase classname="src.pymortests.algorithms.basic" file="src/pymortests/algorithms/basic.py" line="166" name="test_almost_equal_wrong_ind[compatible_vector_array_pair5-&lt;lambda&gt;28]" time="0.21041035652160645"></testcase><testcase classname="src.pymortests.algorithms.basic" file="src/pymortests/algorithms/basic.py" line="166" name="test_almost_equal_wrong_ind[compatible_vector_array_pair5-&lt;lambda&gt;29]" time="0.009611129760742188"></testcase><testcase classname="src.pymortests.algorithms.basic" file="src/pymortests/algorithms/basic.py" line="166" name="test_almost_equal_wrong_ind[compatible_vector_array_pair6-&lt;lambda&gt;0]" time="0.004111528396606445"></testcase><testcase classname="src.pymortests.algorithms.basic" file="src/pymortests/algorithms/basic.py" line="166" name="test_almost_equal_wrong_ind[compatible_vector_array_pair6-&lt;lambda&gt;1]" time="0.002841472625732422"></testcase><testcase classname="src.pymortests.algorithms.basic" file="src/pymortests/algorithms/basic.py" line="166" name="test_almost_equal_wrong_ind[compatible_vector_array_pair6-&lt;lambda&gt;2]" time="0.0042912960052490234"></testcase><testcase classname="src.pymortests.algorithms.basic" file="src/pymortests/algorithms/basic.py" line="166" name="test_almost_equal_wrong_ind[compatible_vector_array_pair6-&lt;lambda&gt;3]" time="0.005498647689819336"></testcase><testcase classname="src.pymortests.algorithms.basic" file="src/pymortests/algorithms/basic.py" line="166" name="test_almost_equal_wrong_ind[compatible_vector_array_pair6-&lt;lambda&gt;4]" time="0.005581855773925781"></testcase><testcase classname="src.pymortests.algorithms.basic" file="src/pymortests/algorithms/basic.py" line="166" name="test_almost_equal_wrong_ind[compatible_vector_array_pair6-&lt;lambda&gt;5]" time="0.004149198532104492"></testcase><testcase classname="src.pymortests.algorithms.basic" file="src/pymortests/algorithms/basic.py" line="166" name="test_almost_equal_wrong_ind[compatible_vector_array_pair6-&lt;lambda&gt;6]" time="0.00262451171875"></testcase><testcase classname="src.pymortests.algorithms.basic" file="src/pymortests/algorithms/basic.py" line="166" name="test_almost_equal_wrong_ind[compatible_vector_array_pair6-&lt;lambda&gt;7]" time="0.002633810043334961"></testcase><testcase classname="src.pymortests.algorithms.basic" file="src/pymortests/algorithms/basic.py" line="166" name="test_almost_equal_wrong_ind[compatible_vector_array_pair6-&lt;lambda&gt;8]" time="0.014527320861816406"></testcase><testcase classname="src.pymortests.algorithms.basic" file="src/pymortests/algorithms/basic.py" line="166" name="test_almost_equal_wrong_ind[compatible_vector_array_pair6-&lt;lambda&gt;9]" time="0.030670881271362305"></testcase><testcase classname="src.pymortests.algorithms.basic" file="src/pymortests/algorithms/basic.py" line="166" name="test_almost_equal_wrong_ind[compatible_vector_array_pair6-&lt;lambda&gt;10]" time="0.10310888290405273"></testcase><testcase classname="src.pymortests.algorithms.basic" file="src/pymortests/algorithms/basic.py" line="166" name="test_almost_equal_wrong_ind[compatible_vector_array_pair6-&lt;lambda&gt;11]" time="0.006350040435791016"></testcase><testcase classname="src.pymortests.algorithms.basic" file="src/pymortests/algorithms/basic.py" line="166" name="test_almost_equal_wrong_ind[compatible_vector_array_pair6-&lt;lambda&gt;12]" time="0.004366636276245117"></testcase><testcase classname="src.pymortests.algorithms.basic" file="src/pymortests/algorithms/basic.py" line="166" name="test_almost_equal_wrong_ind[compatible_vector_array_pair6-&lt;lambda&gt;13]" time="0.007620573043823242"></testcase><testcase classname="src.pymortests.algorithms.basic" file="src/pymortests/algorithms/basic.py" line="166" name="test_almost_equal_wrong_ind[compatible_vector_array_pair6-&lt;lambda&gt;14]" time="0.006100893020629883"></testcase><testcase classname="src.pymortests.algorithms.basic" file="src/pymortests/algorithms/basic.py" line="166" name="test_almost_equal_wrong_ind[compatible_vector_array_pair6-&lt;lambda&gt;15]" time="0.007835626602172852"></testcase><testcase classname="src.pymortests.algorithms.basic" file="src/pymortests/algorithms/basic.py" line="166" name="test_almost_equal_wrong_ind[compatible_vector_array_pair6-&lt;lambda&gt;16]" time="0.010784387588500977"></testcase><testcase classname="src.pymortests.algorithms.basic" file="src/pymortests/algorithms/basic.py" line="166" name="test_almost_equal_wrong_ind[compatible_vector_array_pair6-&lt;lambda&gt;17]" time="0.010815143585205078"></testcase><testcase classname="src.pymortests.algorithms.basic" file="src/pymortests/algorithms/basic.py" line="166" name="test_almost_equal_wrong_ind[compatible_vector_array_pair6-&lt;lambda&gt;18]" time="0.0035469532012939453"></testcase><testcase classname="src.pymortests.algorithms.basic" file="src/pymortests/algorithms/basic.py" line="166" name="test_almost_equal_wrong_ind[compatible_vector_array_pair6-&lt;lambda&gt;19]" time="0.0036344528198242188"></testcase><testcase classname="src.pymortests.algorithms.basic" file="src/pymortests/algorithms/basic.py" line="166" name="test_almost_equal_wrong_ind[compatible_vector_array_pair6-&lt;lambda&gt;20]" time="0.039687395095825195"></testcase><testcase classname="src.pymortests.algorithms.basic" file="src/pymortests/algorithms/basic.py" line="166" name="test_almost_equal_wrong_ind[compatible_vector_array_pair6-&lt;lambda&gt;21]" time="0.04114413261413574"></testcase><testcase classname="src.pymortests.algorithms.basic" file="src/pymortests/algorithms/basic.py" line="166" name="test_almost_equal_wrong_ind[compatible_vector_array_pair6-&lt;lambda&gt;22]" time="0.13769817352294922"></testcase><testcase classname="src.pymortests.algorithms.basic" file="src/pymortests/algorithms/basic.py" line="166" name="test_almost_equal_wrong_ind[compatible_vector_array_pair6-&lt;lambda&gt;23]" time="0.007406711578369141"></testcase><testcase classname="src.pymortests.algorithms.basic" file="src/pymortests/algorithms/basic.py" line="166" name="test_almost_equal_wrong_ind[compatible_vector_array_pair6-&lt;lambda&gt;24]" time="0.0025434494018554688"></testcase><testcase classname="src.pymortests.algorithms.basic" file="src/pymortests/algorithms/basic.py" line="166" name="test_almost_equal_wrong_ind[compatible_vector_array_pair6-&lt;lambda&gt;25]" time="0.0036721229553222656"></testcase><testcase classname="src.pymortests.algorithms.basic" file="src/pymortests/algorithms/basic.py" line="166" name="test_almost_equal_wrong_ind[compatible_vector_array_pair6-&lt;lambda&gt;26]" time="0.034726858139038086"></testcase><testcase classname="src.pymortests.algorithms.basic" file="src/pymortests/algorithms/basic.py" line="166" name="test_almost_equal_wrong_ind[compatible_vector_array_pair6-&lt;lambda&gt;27]" time="0.05809807777404785"></testcase><testcase classname="src.pymortests.algorithms.basic" file="src/pymortests/algorithms/basic.py" line="166" name="test_almost_equal_wrong_ind[compatible_vector_array_pair6-&lt;lambda&gt;28]" time="0.20824074745178223"></testcase><testcase classname="src.pymortests.algorithms.basic" file="src/pymortests/algorithms/basic.py" line="166" name="test_almost_equal_wrong_ind[compatible_vector_array_pair6-&lt;lambda&gt;29]" time="0.009832620620727539"></testcase><testcase classname="src.pymortests.algorithms.basic" file="src/pymortests/algorithms/basic.py" line="166" name="test_almost_equal_wrong_ind[compatible_vector_array_pair7-&lt;lambda&gt;0]" time="0.0028450489044189453"></testcase><testcase classname="src.pymortests.algorithms.basic" file="src/pymortests/algorithms/basic.py" line="166" name="test_almost_equal_wrong_ind[compatible_vector_array_pair7-&lt;lambda&gt;1]" time="0.002712249755859375"></testcase><testcase classname="src.pymortests.algorithms.basic" file="src/pymortests/algorithms/basic.py" line="166" name="test_almost_equal_wrong_ind[compatible_vector_array_pair7-&lt;lambda&gt;2]" time="0.0040705204010009766"></testcase><testcase classname="src.pymortests.algorithms.basic" file="src/pymortests/algorithms/basic.py" line="166" name="test_almost_equal_wrong_ind[compatible_vector_array_pair7-&lt;lambda&gt;3]" time="0.005556583404541016"></testcase><testcase classname="src.pymortests.algorithms.basic" file="src/pymortests/algorithms/basic.py" line="166" name="test_almost_equal_wrong_ind[compatible_vector_array_pair7-&lt;lambda&gt;4]" time="0.005567789077758789"></testcase><testcase classname="src.pymortests.algorithms.basic" file="src/pymortests/algorithms/basic.py" line="166" name="test_almost_equal_wrong_ind[compatible_vector_array_pair7-&lt;lambda&gt;5]" time="0.004224061965942383"></testcase><testcase classname="src.pymortests.algorithms.basic" file="src/pymortests/algorithms/basic.py" line="166" name="test_almost_equal_wrong_ind[compatible_vector_array_pair7-&lt;lambda&gt;6]" time="0.002563953399658203"></testcase><testcase classname="src.pymortests.algorithms.basic" file="src/pymortests/algorithms/basic.py" line="166" name="test_almost_equal_wrong_ind[compatible_vector_array_pair7-&lt;lambda&gt;7]" time="0.0026640892028808594"></testcase><testcase classname="src.pymortests.algorithms.basic" file="src/pymortests/algorithms/basic.py" line="166" name="test_almost_equal_wrong_ind[compatible_vector_array_pair7-&lt;lambda&gt;8]" time="0.014556646347045898"></testcase><testcase classname="src.pymortests.algorithms.basic" file="src/pymortests/algorithms/basic.py" line="166" name="test_almost_equal_wrong_ind[compatible_vector_array_pair7-&lt;lambda&gt;9]" time="0.030339717864990234"></testcase><testcase classname="src.pymortests.algorithms.basic" file="src/pymortests/algorithms/basic.py" line="166" name="test_almost_equal_wrong_ind[compatible_vector_array_pair7-&lt;lambda&gt;10]" time="0.10206818580627441"></testcase><testcase classname="src.pymortests.algorithms.basic" file="src/pymortests/algorithms/basic.py" line="166" name="test_almost_equal_wrong_ind[compatible_vector_array_pair7-&lt;lambda&gt;11]" time="0.006219387054443359"></testcase><testcase classname="src.pymortests.algorithms.basic" file="src/pymortests/algorithms/basic.py" line="166" name="test_almost_equal_wrong_ind[compatible_vector_array_pair7-&lt;lambda&gt;12]" time="0.0044710636138916016"></testcase><testcase classname="src.pymortests.algorithms.basic" file="src/pymortests/algorithms/basic.py" line="166" name="test_almost_equal_wrong_ind[compatible_vector_array_pair7-&lt;lambda&gt;13]" time="0.00792074203491211"></testcase><testcase classname="src.pymortests.algorithms.basic" file="src/pymortests/algorithms/basic.py" line="166" name="test_almost_equal_wrong_ind[compatible_vector_array_pair7-&lt;lambda&gt;14]" time="0.0062863826751708984"></testcase><testcase classname="src.pymortests.algorithms.basic" file="src/pymortests/algorithms/basic.py" line="166" name="test_almost_equal_wrong_ind[compatible_vector_array_pair7-&lt;lambda&gt;15]" time="0.007773876190185547"></testcase><testcase classname="src.pymortests.algorithms.basic" file="src/pymortests/algorithms/basic.py" line="166" name="test_almost_equal_wrong_ind[compatible_vector_array_pair7-&lt;lambda&gt;16]" time="0.011017084121704102"></testcase><testcase classname="src.pymortests.algorithms.basic" file="src/pymortests/algorithms/basic.py" line="166" name="test_almost_equal_wrong_ind[compatible_vector_array_pair7-&lt;lambda&gt;17]" time="0.011101245880126953"></testcase><testcase classname="src.pymortests.algorithms.basic" file="src/pymortests/algorithms/basic.py" line="166" name="test_almost_equal_wrong_ind[compatible_vector_array_pair7-&lt;lambda&gt;18]" time="0.0037250518798828125"></testcase><testcase classname="src.pymortests.algorithms.basic" file="src/pymortests/algorithms/basic.py" line="166" name="test_almost_equal_wrong_ind[compatible_vector_array_pair7-&lt;lambda&gt;19]" time="0.0038826465606689453"></testcase><testcase classname="src.pymortests.algorithms.basic" file="src/pymortests/algorithms/basic.py" line="166" name="test_almost_equal_wrong_ind[compatible_vector_array_pair7-&lt;lambda&gt;20]" time="0.03964090347290039"></testcase><testcase classname="src.pymortests.algorithms.basic" file="src/pymortests/algorithms/basic.py" line="166" name="test_almost_equal_wrong_ind[compatible_vector_array_pair7-&lt;lambda&gt;21]" time="0.04067111015319824"></testcase><testcase classname="src.pymortests.algorithms.basic" file="src/pymortests/algorithms/basic.py" line="166" name="test_almost_equal_wrong_ind[compatible_vector_array_pair7-&lt;lambda&gt;22]" time="0.14190340042114258"></testcase><testcase classname="src.pymortests.algorithms.basic" file="src/pymortests/algorithms/basic.py" line="166" name="test_almost_equal_wrong_ind[compatible_vector_array_pair7-&lt;lambda&gt;23]" time="0.007221698760986328"></testcase><testcase classname="src.pymortests.algorithms.basic" file="src/pymortests/algorithms/basic.py" line="166" name="test_almost_equal_wrong_ind[compatible_vector_array_pair7-&lt;lambda&gt;24]" time="0.0025403499603271484"></testcase><testcase classname="src.pymortests.algorithms.basic" file="src/pymortests/algorithms/basic.py" line="166" name="test_almost_equal_wrong_ind[compatible_vector_array_pair7-&lt;lambda&gt;25]" time="0.003638744354248047"></testcase><testcase classname="src.pymortests.algorithms.basic" file="src/pymortests/algorithms/basic.py" line="166" name="test_almost_equal_wrong_ind[compatible_vector_array_pair7-&lt;lambda&gt;26]" time="0.03457474708557129"></testcase><testcase classname="src.pymortests.algorithms.basic" file="src/pymortests/algorithms/basic.py" line="166" name="test_almost_equal_wrong_ind[compatible_vector_array_pair7-&lt;lambda&gt;27]" time="0.05785417556762695"></testcase><testcase classname="src.pymortests.algorithms.basic" file="src/pymortests/algorithms/basic.py" line="166" name="test_almost_equal_wrong_ind[compatible_vector_array_pair7-&lt;lambda&gt;28]" time="0.20709729194641113"></testcase><testcase classname="src.pymortests.algorithms.basic" file="src/pymortests/algorithms/basic.py" line="166" name="test_almost_equal_wrong_ind[compatible_vector_array_pair7-&lt;lambda&gt;29]" time="0.00890803337097168"></testcase><testcase classname="src.pymortests.algorithms.basic" file="src/pymortests/algorithms/basic.py" line="166" name="test_almost_equal_wrong_ind[compatible_vector_array_pair8-&lt;lambda&gt;0]" time="0.002790212631225586"></testcase><testcase classname="src.pymortests.algorithms.basic" file="src/pymortests/algorithms/basic.py" line="166" name="test_almost_equal_wrong_ind[compatible_vector_array_pair8-&lt;lambda&gt;1]" time="0.0026340484619140625"></testcase><testcase classname="src.pymortests.algorithms.basic" file="src/pymortests/algorithms/basic.py" line="166" name="test_almost_equal_wrong_ind[compatible_vector_array_pair8-&lt;lambda&gt;2]" time="0.004114627838134766"></testcase><testcase classname="src.pymortests.algorithms.basic" file="src/pymortests/algorithms/basic.py" line="166" name="test_almost_equal_wrong_ind[compatible_vector_array_pair8-&lt;lambda&gt;3]" time="0.005368947982788086"></testcase><testcase classname="src.pymortests.algorithms.basic" file="src/pymortests/algorithms/basic.py" line="166" name="test_almost_equal_wrong_ind[compatible_vector_array_pair8-&lt;lambda&gt;4]" time="0.005604267120361328"></testcase><testcase classname="src.pymortests.algorithms.basic" file="src/pymortests/algorithms/basic.py" line="166" name="test_almost_equal_wrong_ind[compatible_vector_array_pair8-&lt;lambda&gt;5]" time="0.004115104675292969"></testcase><testcase classname="src.pymortests.algorithms.basic" file="src/pymortests/algorithms/basic.py" line="166" name="test_almost_equal_wrong_ind[compatible_vector_array_pair8-&lt;lambda&gt;6]" time="0.0025665760040283203"></testcase><testcase classname="src.pymortests.algorithms.basic" file="src/pymortests/algorithms/basic.py" line="166" name="test_almost_equal_wrong_ind[compatible_vector_array_pair8-&lt;lambda&gt;7]" time="0.002730131149291992"></testcase><testcase classname="src.pymortests.algorithms.basic" file="src/pymortests/algorithms/basic.py" line="166" name="test_almost_equal_wrong_ind[compatible_vector_array_pair8-&lt;lambda&gt;8]" time="0.014667272567749023"></testcase><testcase classname="src.pymortests.algorithms.basic" file="src/pymortests/algorithms/basic.py" line="166" name="test_almost_equal_wrong_ind[compatible_vector_array_pair8-&lt;lambda&gt;9]" time="0.030780553817749023"></testcase><testcase classname="src.pymortests.algorithms.basic" file="src/pymortests/algorithms/basic.py" line="166" name="test_almost_equal_wrong_ind[compatible_vector_array_pair8-&lt;lambda&gt;10]" time="0.10399723052978516"></testcase><testcase classname="src.pymortests.algorithms.basic" file="src/pymortests/algorithms/basic.py" line="166" name="test_almost_equal_wrong_ind[compatible_vector_array_pair8-&lt;lambda&gt;11]" time="0.006676673889160156"></testcase><testcase classname="src.pymortests.algorithms.basic" file="src/pymortests/algorithms/basic.py" line="166" name="test_almost_equal_wrong_ind[compatible_vector_array_pair8-&lt;lambda&gt;12]" time="0.0043256282806396484"></testcase><testcase classname="src.pymortests.algorithms.basic" file="src/pymortests/algorithms/basic.py" line="166" name="test_almost_equal_wrong_ind[compatible_vector_array_pair8-&lt;lambda&gt;13]" time="0.007600069046020508"></testcase><testcase classname="src.pymortests.algorithms.basic" file="src/pymortests/algorithms/basic.py" line="166" name="test_almost_equal_wrong_ind[compatible_vector_array_pair8-&lt;lambda&gt;14]" time="0.006021976470947266"></testcase><testcase classname="src.pymortests.algorithms.basic" file="src/pymortests/algorithms/basic.py" line="166" name="test_almost_equal_wrong_ind[compatible_vector_array_pair8-&lt;lambda&gt;15]" time="0.007375240325927734"></testcase><testcase classname="src.pymortests.algorithms.basic" file="src/pymortests/algorithms/basic.py" line="166" name="test_almost_equal_wrong_ind[compatible_vector_array_pair8-&lt;lambda&gt;16]" time="0.010671615600585938"></testcase><testcase classname="src.pymortests.algorithms.basic" file="src/pymortests/algorithms/basic.py" line="166" name="test_almost_equal_wrong_ind[compatible_vector_array_pair8-&lt;lambda&gt;17]" time="0.011245012283325195"></testcase><testcase classname="src.pymortests.algorithms.basic" file="src/pymortests/algorithms/basic.py" line="166" name="test_almost_equal_wrong_ind[compatible_vector_array_pair8-&lt;lambda&gt;18]" time="0.0035047531127929688"></testcase><testcase classname="src.pymortests.algorithms.basic" file="src/pymortests/algorithms/basic.py" line="166" name="test_almost_equal_wrong_ind[compatible_vector_array_pair8-&lt;lambda&gt;19]" time="0.0037832260131835938"></testcase><testcase classname="src.pymortests.algorithms.basic" file="src/pymortests/algorithms/basic.py" line="166" name="test_almost_equal_wrong_ind[compatible_vector_array_pair8-&lt;lambda&gt;20]" time="0.03900885581970215"></testcase><testcase classname="src.pymortests.algorithms.basic" file="src/pymortests/algorithms/basic.py" line="166" name="test_almost_equal_wrong_ind[compatible_vector_array_pair8-&lt;lambda&gt;21]" time="0.04034996032714844"></testcase><testcase classname="src.pymortests.algorithms.basic" file="src/pymortests/algorithms/basic.py" line="166" name="test_almost_equal_wrong_ind[compatible_vector_array_pair8-&lt;lambda&gt;22]" time="0.13893413543701172"></testcase><testcase classname="src.pymortests.algorithms.basic" file="src/pymortests/algorithms/basic.py" line="166" name="test_almost_equal_wrong_ind[compatible_vector_array_pair8-&lt;lambda&gt;23]" time="0.0073812007904052734"></testcase><testcase classname="src.pymortests.algorithms.basic" file="src/pymortests/algorithms/basic.py" line="166" name="test_almost_equal_wrong_ind[compatible_vector_array_pair8-&lt;lambda&gt;24]" time="0.002588987350463867"></testcase><testcase classname="src.pymortests.algorithms.basic" file="src/pymortests/algorithms/basic.py" line="166" name="test_almost_equal_wrong_ind[compatible_vector_array_pair8-&lt;lambda&gt;25]" time="0.0036520957946777344"></testcase><testcase classname="src.pymortests.algorithms.basic" file="src/pymortests/algorithms/basic.py" line="166" name="test_almost_equal_wrong_ind[compatible_vector_array_pair8-&lt;lambda&gt;26]" time="0.034798383712768555"></testcase><testcase classname="src.pymortests.algorithms.basic" file="src/pymortests/algorithms/basic.py" line="166" name="test_almost_equal_wrong_ind[compatible_vector_array_pair8-&lt;lambda&gt;27]" time="0.058046579360961914"></testcase><testcase classname="src.pymortests.algorithms.basic" file="src/pymortests/algorithms/basic.py" line="166" name="test_almost_equal_wrong_ind[compatible_vector_array_pair8-&lt;lambda&gt;28]" time="0.2071986198425293"></testcase><testcase classname="src.pymortests.algorithms.basic" file="src/pymortests/algorithms/basic.py" line="166" name="test_almost_equal_wrong_ind[compatible_vector_array_pair8-&lt;lambda&gt;29]" time="0.00877523422241211"></testcase><testcase classname="src.pymortests.algorithms.basic" file="src/pymortests/algorithms/basic.py" line="178" name="test_project_array" time="0.0021593570709228516"></testcase><testcase classname="src.pymortests.algorithms.basic" file="src/pymortests/algorithms/basic.py" line="188" name="test_project_array_with_product" time="0.0024018287658691406"></testcase><testcase classname="src.pymortests.algorithms.gram_schmidt" file="src/pymortests/algorithms/gram_schmidt.py" line="12" name="test_gram_schmidt[0-&lt;lambda&gt;0]" time="0.002003908157348633"></testcase><testcase classname="src.pymortests.algorithms.gram_schmidt" file="src/pymortests/algorithms/gram_schmidt.py" line="12" name="test_gram_schmidt[0-&lt;lambda&gt;1]" time="0.001804351806640625"></testcase><testcase classname="src.pymortests.algorithms.gram_schmidt" file="src/pymortests/algorithms/gram_schmidt.py" line="12" name="test_gram_schmidt[0-&lt;lambda&gt;2]" time="0.0020804405212402344"></testcase><testcase classname="src.pymortests.algorithms.gram_schmidt" file="src/pymortests/algorithms/gram_schmidt.py" line="12" name="test_gram_schmidt[0-&lt;lambda&gt;3]" time="0.10009407997131348"><system-err>18:34 gram_schmidt: Orthonormalizing vector 31 again
18:34 gram_schmidt: Removing linearly dependent vector 32
18:34 gram_schmidt: Removing linearly dependent vector 33
18:34 gram_schmidt: Removing linearly dependent vector 34
18:34 gram_schmidt: Removing linearly dependent vector 35
18:34 gram_schmidt: Removing linearly dependent vector 36
18:34 gram_schmidt: Removing linearly dependent vector 37
18:34 gram_schmidt: Removing linearly dependent vector 38
18:34 gram_schmidt: Removing linearly dependent vector 39
18:34 gram_schmidt: Removing linearly dependent vector 40
18:34 gram_schmidt: Removing linearly dependent vector 41
18:34 gram_schmidt: Removing linearly dependent vector 42
18:34 gram_schmidt: Orthonormalizing vector 31 again
18:34 gram_schmidt: Removing linearly dependent vector 32
18:34 gram_schmidt: Removing linearly dependent vector 33
18:34 gram_schmidt: Removing linearly dependent vector 34
18:34 gram_schmidt: Removing linearly dependent vector 35
18:34 gram_schmidt: Removing linearly dependent vector 36
18:34 gram_schmidt: Removing linearly dependent vector 37
18:34 gram_schmidt: Removing linearly dependent vector 38
18:34 gram_schmidt: Removing linearly dependent vector 39
18:34 gram_schmidt: Removing linearly dependent vector 40
18:34 gram_schmidt: Removing linearly dependent vector 41
18:34 gram_schmidt: Removing linearly dependent vector 42
</system-err></testcase><testcase classname="src.pymortests.algorithms.gram_schmidt" file="src/pymortests/algorithms/gram_schmidt.py" line="12" name="test_gram_schmidt[0-&lt;lambda&gt;4]" time="0.0225985050201416"><system-err>18:34 gram_schmidt: Removing vector 0 of norm 0.0
18:34 gram_schmidt: Removing vector 1 of norm 0.0
18:34 gram_schmidt: Removing vector 2 of norm 0.0
18:34 gram_schmidt: Removing vector 3 of norm 0.0
18:34 gram_schmidt: Removing vector 4 of norm 0.0
18:34 gram_schmidt: Removing vector 5 of norm 0.0
18:34 gram_schmidt: Removing vector 6 of norm 0.0
18:34 gram_schmidt: Removing vector 7 of norm 0.0
18:34 gram_schmidt: Removing vector 8 of norm 0.0
18:34 gram_schmidt: Removing vector 9 of norm 0.0
18:34 gram_schmidt: Removing vector 10 of norm 0.0
18:34 gram_schmidt: Removing vector 11 of norm 0.0
18:34 gram_schmidt: Removing vector 12 of norm 0.0
18:34 gram_schmidt: Removing vector 13 of norm 0.0
18:34 gram_schmidt: Removing vector 14 of norm 0.0
18:34 gram_schmidt: Removing vector 15 of norm 0.0
18:34 gram_schmidt: Removing vector 16 of norm 0.0
18:34 gram_schmidt: Removing vector 17 of norm 0.0
18:34 gram_schmidt: Removing vector 18 of norm 0.0
18:34 gram_schmidt: Removing vector 19 of norm 0.0
18:34 gram_schmidt: Removing vector 20 of norm 0.0
18:34 gram_schmidt: Removing vector 21 of norm 0.0
18:34 gram_schmidt: Removing vector 22 of norm 0.0
18:34 gram_schmidt: Removing vector 23 of norm 0.0
18:34 gram_schmidt: Removing vector 24 of norm 0.0
18:34 gram_schmidt: Removing vector 25 of norm 0.0
18:34 gram_schmidt: Removing vector 26 of norm 0.0
18:34 gram_schmidt: Removing vector 27 of norm 0.0
18:34 gram_schmidt: Removing vector 28 of norm 0.0
18:34 gram_schmidt: Removing vector 29 of norm 0.0
18:34 gram_schmidt: Removing vector 30 of norm 0.0
18:34 gram_schmidt: Removing vector 31 of norm 0.0
18:34 gram_schmidt: Removing vector 32 of norm 0.0
18:34 gram_schmidt: Removing vector 33 of norm 0.0
18:34 gram_schmidt: Removing vector 34 of norm 0.0
18:34 gram_schmidt: Removing vector 35 of norm 0.0
18:34 gram_schmidt: Removing vector 36 of norm 0.0
18:34 gram_schmidt: Removing vector 37 of norm 0.0
18:34 gram_schmidt: Removing vector 38 of norm 0.0
18:34 gram_schmidt: Removing vector 39 of norm 0.0
18:34 gram_schmidt: Removing vector 40 of norm 0.0
18:34 gram_schmidt: Removing vector 41 of norm 0.0
18:34 gram_schmidt: Removing vector 42 of norm 0.0
18:34 gram_schmidt: Removing vector 43 of norm 0.0
18:34 gram_schmidt: Removing vector 44 of norm 0.0
18:34 gram_schmidt: Removing vector 45 of norm 0.0
18:34 gram_schmidt: Removing vector 46 of norm 0.0
18:34 gram_schmidt: Removing vector 47 of norm 0.0
18:34 gram_schmidt: Removing vector 48 of norm 0.0
18:34 gram_schmidt: Removing vector 49 of norm 0.0
18:34 gram_schmidt: Removing vector 50 of norm 0.0
18:34 gram_schmidt: Removing vector 51 of norm 0.0
18:34 gram_schmidt: Removing vector 52 of norm 0.0
18:34 gram_schmidt: Removing vector 53 of norm 0.0
18:34 gram_schmidt: Removing vector 54 of norm 0.0
18:34 gram_schmidt: Removing vector 55 of norm 0.0
18:34 gram_schmidt: Removing vector 56 of norm 0.0
18:34 gram_schmidt: Removing vector 57 of norm 0.0
18:34 gram_schmidt: Removing vector 58 of norm 0.0
18:34 gram_schmidt: Removing vector 59 of norm 0.0
18:34 gram_schmidt: Removing vector 60 of norm 0.0
18:34 gram_schmidt: Removing vector 61 of norm 0.0
18:34 gram_schmidt: Removing vector 62 of norm 0.0
18:34 gram_schmidt: Removing vector 63 of norm 0.0
18:34 gram_schmidt: Removing vector 64 of norm 0.0
18:34 gram_schmidt: Removing vector 65 of norm 0.0
18:34 gram_schmidt: Removing vector 66 of norm 0.0
18:34 gram_schmidt: Removing vector 67 of norm 0.0
18:34 gram_schmidt: Removing vector 68 of norm 0.0
18:34 gram_schmidt: Removing vector 69 of norm 0.0
18:34 gram_schmidt: Removing vector 70 of norm 0.0
18:34 gram_schmidt: Removing vector 71 of norm 0.0
18:34 gram_schmidt: Removing vector 72 of norm 0.0
18:34 gram_schmidt: Removing vector 73 of norm 0.0
18:34 gram_schmidt: Removing vector 74 of norm 0.0
18:34 gram_schmidt: Removing vector 75 of norm 0.0
18:34 gram_schmidt: Removing vector 76 of norm 0.0
18:34 gram_schmidt: Removing vector 77 of norm 0.0
18:34 gram_schmidt: Removing vector 78 of norm 0.0
18:34 gram_schmidt: Removing vector 79 of norm 0.0
18:34 gram_schmidt: Removing vector 80 of norm 0.0
18:34 gram_schmidt: Removing vector 81 of norm 0.0
18:34 gram_schmidt: Removing vector 82 of norm 0.0
18:34 gram_schmidt: Removing vector 83 of norm 0.0
18:34 gram_schmidt: Removing vector 84 of norm 0.0
18:34 gram_schmidt: Removing vector 85 of norm 0.0
18:34 gram_schmidt: Removing vector 86 of norm 0.0
18:34 gram_schmidt: Removing vector 87 of norm 0.0
18:34 gram_schmidt: Removing vector 88 of norm 0.0
18:34 gram_schmidt: Removing vector 89 of norm 0.0
18:34 gram_schmidt: Removing vector 90 of norm 0.0
18:34 gram_schmidt: Removing vector 91 of norm 0.0
18:34 gram_schmidt: Removing vector 92 of norm 0.0
18:34 gram_schmidt: Removing vector 93 of norm 0.0
18:34 gram_schmidt: Removing vector 94 of norm 0.0
18:34 gram_schmidt: Removing vector 95 of norm 0.0
18:34 gram_schmidt: Removing vector 96 of norm 0.0
18:34 gram_schmidt: Removing vector 97 of norm 0.0
18:34 gram_schmidt: Removing vector 98 of norm 0.0
18:34 gram_schmidt: Removing vector 99 of norm 0.0
18:34 gram_schmidt: Removing vector 100 of norm 0.0
18:34 gram_schmidt: Removing vector 101 of norm 0.0
18:34 gram_schmidt: Removing vector 0 of norm 0.0
18:34 gram_schmidt: Removing vector 1 of norm 0.0
18:34 gram_schmidt: Removing vector 2 of norm 0.0
18:34 gram_schmidt: Removing vector 3 of norm 0.0
18:34 gram_schmidt: Removing vector 4 of norm 0.0
18:34 gram_schmidt: Removing vector 5 of norm 0.0
18:34 gram_schmidt: Removing vector 6 of norm 0.0
18:34 gram_schmidt: Removing vector 7 of norm 0.0
18:34 gram_schmidt: Removing vector 8 of norm 0.0
18:34 gram_schmidt: Removing vector 9 of norm 0.0
18:34 gram_schmidt: Removing vector 10 of norm 0.0
18:34 gram_schmidt: Removing vector 11 of norm 0.0
18:34 gram_schmidt: Removing vector 12 of norm 0.0
18:34 gram_schmidt: Removing vector 13 of norm 0.0
18:34 gram_schmidt: Removing vector 14 of norm 0.0
18:34 gram_schmidt: Removing vector 15 of norm 0.0
18:34 gram_schmidt: Removing vector 16 of norm 0.0
18:34 gram_schmidt: Removing vector 17 of norm 0.0
18:34 gram_schmidt: Removing vector 18 of norm 0.0
18:34 gram_schmidt: Removing vector 19 of norm 0.0
18:34 gram_schmidt: Removing vector 20 of norm 0.0
18:34 gram_schmidt: Removing vector 21 of norm 0.0
18:34 gram_schmidt: Removing vector 22 of norm 0.0
18:34 gram_schmidt: Removing vector 23 of norm 0.0
18:34 gram_schmidt: Removing vector 24 of norm 0.0
18:34 gram_schmidt: Removing vector 25 of norm 0.0
18:34 gram_schmidt: Removing vector 26 of norm 0.0
18:34 gram_schmidt: Removing vector 27 of norm 0.0
18:34 gram_schmidt: Removing vector 28 of norm 0.0
18:34 gram_schmidt: Removing vector 29 of norm 0.0
18:34 gram_schmidt: Removing vector 30 of norm 0.0
18:34 gram_schmidt: Removing vector 31 of norm 0.0
18:34 gram_schmidt: Removing vector 32 of norm 0.0
18:34 gram_schmidt: Removing vector 33 of norm 0.0
18:34 gram_schmidt: Removing vector 34 of norm 0.0
18:34 gram_schmidt: Removing vector 35 of norm 0.0
18:34 gram_schmidt: Removing vector 36 of norm 0.0
18:34 gram_schmidt: Removing vector 37 of norm 0.0
18:34 gram_schmidt: Removing vector 38 of norm 0.0
18:34 gram_schmidt: Removing vector 39 of norm 0.0
18:34 gram_schmidt: Removing vector 40 of norm 0.0
18:34 gram_schmidt: Removing vector 41 of norm 0.0
18:34 gram_schmidt: Removing vector 42 of norm 0.0
18:34 gram_schmidt: Removing vector 43 of norm 0.0
18:34 gram_schmidt: Removing vector 44 of norm 0.0
18:34 gram_schmidt: Removing vector 45 of norm 0.0
18:34 gram_schmidt: Removing vector 46 of norm 0.0
18:34 gram_schmidt: Removing vector 47 of norm 0.0
18:34 gram_schmidt: Removing vector 48 of norm 0.0
18:34 gram_schmidt: Removing vector 49 of norm 0.0
18:34 gram_schmidt: Removing vector 50 of norm 0.0
18:34 gram_schmidt: Removing vector 51 of norm 0.0
18:34 gram_schmidt: Removing vector 52 of norm 0.0
18:34 gram_schmidt: Removing vector 53 of norm 0.0
18:34 gram_schmidt: Removing vector 54 of norm 0.0
18:34 gram_schmidt: Removing vector 55 of norm 0.0
18:34 gram_schmidt: Removing vector 56 of norm 0.0
18:34 gram_schmidt: Removing vector 57 of norm 0.0
18:34 gram_schmidt: Removing vector 58 of norm 0.0
18:34 gram_schmidt: Removing vector 59 of norm 0.0
18:34 gram_schmidt: Removing vector 60 of norm 0.0
18:34 gram_schmidt: Removing vector 61 of norm 0.0
18:34 gram_schmidt: Removing vector 62 of norm 0.0
18:34 gram_schmidt: Removing vector 63 of norm 0.0
18:34 gram_schmidt: Removing vector 64 of norm 0.0
18:34 gram_schmidt: Removing vector 65 of norm 0.0
18:34 gram_schmidt: Removing vector 66 of norm 0.0
18:34 gram_schmidt: Removing vector 67 of norm 0.0
18:34 gram_schmidt: Removing vector 68 of norm 0.0
18:34 gram_schmidt: Removing vector 69 of norm 0.0
18:34 gram_schmidt: Removing vector 70 of norm 0.0
18:34 gram_schmidt: Removing vector 71 of norm 0.0
18:34 gram_schmidt: Removing vector 72 of norm 0.0
18:34 gram_schmidt: Removing vector 73 of norm 0.0
18:34 gram_schmidt: Removing vector 74 of norm 0.0
18:34 gram_schmidt: Removing vector 75 of norm 0.0
18:34 gram_schmidt: Removing vector 76 of norm 0.0
18:34 gram_schmidt: Removing vector 77 of norm 0.0
18:34 gram_schmidt: Removing vector 78 of norm 0.0
18:34 gram_schmidt: Removing vector 79 of norm 0.0
18:34 gram_schmidt: Removing vector 80 of norm 0.0
18:34 gram_schmidt: Removing vector 81 of norm 0.0
18:34 gram_schmidt: Removing vector 82 of norm 0.0
18:34 gram_schmidt: Removing vector 83 of norm 0.0
18:34 gram_schmidt: Removing vector 84 of norm 0.0
18:34 gram_schmidt: Removing vector 85 of norm 0.0
18:34 gram_schmidt: Removing vector 86 of norm 0.0
18:34 gram_schmidt: Removing vector 87 of norm 0.0
18:34 gram_schmidt: Removing vector 88 of norm 0.0
18:34 gram_schmidt: Removing vector 89 of norm 0.0
18:34 gram_schmidt: Removing vector 90 of norm 0.0
18:34 gram_schmidt: Removing vector 91 of norm 0.0
18:34 gram_schmidt: Removing vector 92 of norm 0.0
18:34 gram_schmidt: Removing vector 93 of norm 0.0
18:34 gram_schmidt: Removing vector 94 of norm 0.0
18:34 gram_schmidt: Removing vector 95 of norm 0.0
18:34 gram_schmidt: Removing vector 96 of norm 0.0
18:34 gram_schmidt: Removing vector 97 of norm 0.0
18:34 gram_schmidt: Removing vector 98 of norm 0.0
18:34 gram_schmidt: Removing vector 99 of norm 0.0
18:34 gram_schmidt: Removing vector 100 of norm 0.0
18:34 gram_schmidt: Removing vector 101 of norm 0.0
</system-err></testcase><testcase classname="src.pymortests.algorithms.gram_schmidt" file="src/pymortests/algorithms/gram_schmidt.py" line="12" name="test_gram_schmidt[0-&lt;lambda&gt;5]" time="0.002785921096801758"></testcase><testcase classname="src.pymortests.algorithms.gram_schmidt" file="src/pymortests/algorithms/gram_schmidt.py" line="12" name="test_gram_schmidt[0-&lt;lambda&gt;6]" time="0.0021817684173583984"></testcase><testcase classname="src.pymortests.algorithms.gram_schmidt" file="src/pymortests/algorithms/gram_schmidt.py" line="12" name="test_gram_schmidt[0-&lt;lambda&gt;7]" time="0.0024461746215820312"></testcase><testcase classname="src.pymortests.algorithms.gram_schmidt" file="src/pymortests/algorithms/gram_schmidt.py" line="12" name="test_gram_schmidt[0-&lt;lambda&gt;8]" time="0.19649147987365723"><system-err>18:34 gram_schmidt: Orthonormalizing vector 31 again
18:34 gram_schmidt: Removing linearly dependent vector 32
18:34 gram_schmidt: Removing linearly dependent vector 33
18:34 gram_schmidt: Removing linearly dependent vector 34
18:34 gram_schmidt: Removing linearly dependent vector 35
18:34 gram_schmidt: Removing linearly dependent vector 36
18:34 gram_schmidt: Removing linearly dependent vector 37
18:34 gram_schmidt: Removing linearly dependent vector 38
18:34 gram_schmidt: Removing linearly dependent vector 39
18:34 gram_schmidt: Removing linearly dependent vector 40
18:34 gram_schmidt: Removing linearly dependent vector 41
18:34 gram_schmidt: Removing linearly dependent vector 42
18:34 gram_schmidt: Orthonormalizing vector 31 again
18:34 gram_schmidt: Removing linearly dependent vector 32
18:34 gram_schmidt: Removing linearly dependent vector 33
18:34 gram_schmidt: Removing linearly dependent vector 34
18:34 gram_schmidt: Removing linearly dependent vector 35
18:34 gram_schmidt: Removing linearly dependent vector 36
18:34 gram_schmidt: Removing linearly dependent vector 37
18:34 gram_schmidt: Removing linearly dependent vector 38
18:34 gram_schmidt: Removing linearly dependent vector 39
18:34 gram_schmidt: Removing linearly dependent vector 40
18:34 gram_schmidt: Removing linearly dependent vector 41
18:34 gram_schmidt: Removing linearly dependent vector 42
</system-err></testcase><testcase classname="src.pymortests.algorithms.gram_schmidt" file="src/pymortests/algorithms/gram_schmidt.py" line="12" name="test_gram_schmidt[0-&lt;lambda&gt;9]" time="0.02661585807800293"><system-err>18:34 gram_schmidt: Removing vector 0 of norm 0.0
18:34 gram_schmidt: Removing vector 1 of norm 0.0
18:34 gram_schmidt: Removing vector 2 of norm 0.0
18:34 gram_schmidt: Removing vector 3 of norm 0.0
18:34 gram_schmidt: Removing vector 4 of norm 0.0
18:34 gram_schmidt: Removing vector 5 of norm 0.0
18:34 gram_schmidt: Removing vector 6 of norm 0.0
18:34 gram_schmidt: Removing vector 7 of norm 0.0
18:34 gram_schmidt: Removing vector 8 of norm 0.0
18:34 gram_schmidt: Removing vector 9 of norm 0.0
18:34 gram_schmidt: Removing vector 10 of norm 0.0
18:34 gram_schmidt: Removing vector 11 of norm 0.0
18:34 gram_schmidt: Removing vector 12 of norm 0.0
18:34 gram_schmidt: Removing vector 13 of norm 0.0
18:34 gram_schmidt: Removing vector 14 of norm 0.0
18:34 gram_schmidt: Removing vector 15 of norm 0.0
18:34 gram_schmidt: Removing vector 16 of norm 0.0
18:34 gram_schmidt: Removing vector 17 of norm 0.0
18:34 gram_schmidt: Removing vector 18 of norm 0.0
18:34 gram_schmidt: Removing vector 19 of norm 0.0
18:34 gram_schmidt: Removing vector 20 of norm 0.0
18:34 gram_schmidt: Removing vector 21 of norm 0.0
18:34 gram_schmidt: Removing vector 22 of norm 0.0
18:34 gram_schmidt: Removing vector 23 of norm 0.0
18:34 gram_schmidt: Removing vector 24 of norm 0.0
18:34 gram_schmidt: Removing vector 25 of norm 0.0
18:34 gram_schmidt: Removing vector 26 of norm 0.0
18:34 gram_schmidt: Removing vector 27 of norm 0.0
18:34 gram_schmidt: Removing vector 28 of norm 0.0
18:34 gram_schmidt: Removing vector 29 of norm 0.0
18:34 gram_schmidt: Removing vector 30 of norm 0.0
18:34 gram_schmidt: Removing vector 31 of norm 0.0
18:34 gram_schmidt: Removing vector 32 of norm 0.0
18:34 gram_schmidt: Removing vector 33 of norm 0.0
18:34 gram_schmidt: Removing vector 34 of norm 0.0
18:34 gram_schmidt: Removing vector 35 of norm 0.0
18:34 gram_schmidt: Removing vector 36 of norm 0.0
18:34 gram_schmidt: Removing vector 37 of norm 0.0
18:34 gram_schmidt: Removing vector 38 of norm 0.0
18:34 gram_schmidt: Removing vector 39 of norm 0.0
18:34 gram_schmidt: Removing vector 40 of norm 0.0
18:34 gram_schmidt: Removing vector 41 of norm 0.0
18:34 gram_schmidt: Removing vector 42 of norm 0.0
18:34 gram_schmidt: Removing vector 43 of norm 0.0
18:34 gram_schmidt: Removing vector 44 of norm 0.0
18:34 gram_schmidt: Removing vector 45 of norm 0.0
18:34 gram_schmidt: Removing vector 46 of norm 0.0
18:34 gram_schmidt: Removing vector 47 of norm 0.0
18:34 gram_schmidt: Removing vector 48 of norm 0.0
18:34 gram_schmidt: Removing vector 49 of norm 0.0
18:34 gram_schmidt: Removing vector 50 of norm 0.0
18:34 gram_schmidt: Removing vector 51 of norm 0.0
18:34 gram_schmidt: Removing vector 52 of norm 0.0
18:34 gram_schmidt: Removing vector 53 of norm 0.0
18:34 gram_schmidt: Removing vector 54 of norm 0.0
18:34 gram_schmidt: Removing vector 55 of norm 0.0
18:34 gram_schmidt: Removing vector 56 of norm 0.0
18:34 gram_schmidt: Removing vector 57 of norm 0.0
18:34 gram_schmidt: Removing vector 58 of norm 0.0
18:34 gram_schmidt: Removing vector 59 of norm 0.0
18:34 gram_schmidt: Removing vector 60 of norm 0.0
18:34 gram_schmidt: Removing vector 61 of norm 0.0
18:34 gram_schmidt: Removing vector 62 of norm 0.0
18:34 gram_schmidt: Removing vector 63 of norm 0.0
18:34 gram_schmidt: Removing vector 64 of norm 0.0
18:34 gram_schmidt: Removing vector 65 of norm 0.0
18:34 gram_schmidt: Removing vector 66 of norm 0.0
18:34 gram_schmidt: Removing vector 67 of norm 0.0
18:34 gram_schmidt: Removing vector 68 of norm 0.0
18:34 gram_schmidt: Removing vector 69 of norm 0.0
18:34 gram_schmidt: Removing vector 70 of norm 0.0
18:34 gram_schmidt: Removing vector 71 of norm 0.0
18:34 gram_schmidt: Removing vector 72 of norm 0.0
18:34 gram_schmidt: Removing vector 73 of norm 0.0
18:34 gram_schmidt: Removing vector 74 of norm 0.0
18:34 gram_schmidt: Removing vector 75 of norm 0.0
18:34 gram_schmidt: Removing vector 76 of norm 0.0
18:34 gram_schmidt: Removing vector 77 of norm 0.0
18:34 gram_schmidt: Removing vector 78 of norm 0.0
18:34 gram_schmidt: Removing vector 79 of norm 0.0
18:34 gram_schmidt: Removing vector 80 of norm 0.0
18:34 gram_schmidt: Removing vector 81 of norm 0.0
18:34 gram_schmidt: Removing vector 82 of norm 0.0
18:34 gram_schmidt: Removing vector 83 of norm 0.0
18:34 gram_schmidt: Removing vector 84 of norm 0.0
18:34 gram_schmidt: Removing vector 85 of norm 0.0
18:34 gram_schmidt: Removing vector 86 of norm 0.0
18:34 gram_schmidt: Removing vector 87 of norm 0.0
18:34 gram_schmidt: Removing vector 88 of norm 0.0
18:34 gram_schmidt: Removing vector 89 of norm 0.0
18:34 gram_schmidt: Removing vector 90 of norm 0.0
18:34 gram_schmidt: Removing vector 91 of norm 0.0
18:34 gram_schmidt: Removing vector 92 of norm 0.0
18:34 gram_schmidt: Removing vector 93 of norm 0.0
18:34 gram_schmidt: Removing vector 94 of norm 0.0
18:34 gram_schmidt: Removing vector 95 of norm 0.0
18:34 gram_schmidt: Removing vector 96 of norm 0.0
18:34 gram_schmidt: Removing vector 97 of norm 0.0
18:34 gram_schmidt: Removing vector 98 of norm 0.0
18:34 gram_schmidt: Removing vector 99 of norm 0.0
18:34 gram_schmidt: Removing vector 100 of norm 0.0
18:34 gram_schmidt: Removing vector 101 of norm 0.0
18:34 gram_schmidt: Removing vector 0 of norm 0.0
18:34 gram_schmidt: Removing vector 1 of norm 0.0
18:34 gram_schmidt: Removing vector 2 of norm 0.0
18:34 gram_schmidt: Removing vector 3 of norm 0.0
18:34 gram_schmidt: Removing vector 4 of norm 0.0
18:34 gram_schmidt: Removing vector 5 of norm 0.0
18:34 gram_schmidt: Removing vector 6 of norm 0.0
18:34 gram_schmidt: Removing vector 7 of norm 0.0
18:34 gram_schmidt: Removing vector 8 of norm 0.0
18:34 gram_schmidt: Removing vector 9 of norm 0.0
18:34 gram_schmidt: Removing vector 10 of norm 0.0
18:34 gram_schmidt: Removing vector 11 of norm 0.0
18:34 gram_schmidt: Removing vector 12 of norm 0.0
18:34 gram_schmidt: Removing vector 13 of norm 0.0
18:34 gram_schmidt: Removing vector 14 of norm 0.0
18:34 gram_schmidt: Removing vector 15 of norm 0.0
18:34 gram_schmidt: Removing vector 16 of norm 0.0
18:34 gram_schmidt: Removing vector 17 of norm 0.0
18:34 gram_schmidt: Removing vector 18 of norm 0.0
18:34 gram_schmidt: Removing vector 19 of norm 0.0
18:34 gram_schmidt: Removing vector 20 of norm 0.0
18:34 gram_schmidt: Removing vector 21 of norm 0.0
18:34 gram_schmidt: Removing vector 22 of norm 0.0
18:34 gram_schmidt: Removing vector 23 of norm 0.0
18:34 gram_schmidt: Removing vector 24 of norm 0.0
18:34 gram_schmidt: Removing vector 25 of norm 0.0
18:34 gram_schmidt: Removing vector 26 of norm 0.0
18:34 gram_schmidt: Removing vector 27 of norm 0.0
18:34 gram_schmidt: Removing vector 28 of norm 0.0
18:34 gram_schmidt: Removing vector 29 of norm 0.0
18:34 gram_schmidt: Removing vector 30 of norm 0.0
18:34 gram_schmidt: Removing vector 31 of norm 0.0
18:34 gram_schmidt: Removing vector 32 of norm 0.0
18:34 gram_schmidt: Removing vector 33 of norm 0.0
18:34 gram_schmidt: Removing vector 34 of norm 0.0
18:34 gram_schmidt: Removing vector 35 of norm 0.0
18:34 gram_schmidt: Removing vector 36 of norm 0.0
18:34 gram_schmidt: Removing vector 37 of norm 0.0
18:34 gram_schmidt: Removing vector 38 of norm 0.0
18:34 gram_schmidt: Removing vector 39 of norm 0.0
18:34 gram_schmidt: Removing vector 40 of norm 0.0
18:34 gram_schmidt: Removing vector 41 of norm 0.0
18:34 gram_schmidt: Removing vector 42 of norm 0.0
18:34 gram_schmidt: Removing vector 43 of norm 0.0
18:34 gram_schmidt: Removing vector 44 of norm 0.0
18:34 gram_schmidt: Removing vector 45 of norm 0.0
18:34 gram_schmidt: Removing vector 46 of norm 0.0
18:34 gram_schmidt: Removing vector 47 of norm 0.0
18:34 gram_schmidt: Removing vector 48 of norm 0.0
18:34 gram_schmidt: Removing vector 49 of norm 0.0
18:34 gram_schmidt: Removing vector 50 of norm 0.0
18:34 gram_schmidt: Removing vector 51 of norm 0.0
18:34 gram_schmidt: Removing vector 52 of norm 0.0
18:34 gram_schmidt: Removing vector 53 of norm 0.0
18:34 gram_schmidt: Removing vector 54 of norm 0.0
18:34 gram_schmidt: Removing vector 55 of norm 0.0
18:34 gram_schmidt: Removing vector 56 of norm 0.0
18:34 gram_schmidt: Removing vector 57 of norm 0.0
18:34 gram_schmidt: Removing vector 58 of norm 0.0
18:34 gram_schmidt: Removing vector 59 of norm 0.0
18:34 gram_schmidt: Removing vector 60 of norm 0.0
18:34 gram_schmidt: Removing vector 61 of norm 0.0
18:34 gram_schmidt: Removing vector 62 of norm 0.0
18:34 gram_schmidt: Removing vector 63 of norm 0.0
18:34 gram_schmidt: Removing vector 64 of norm 0.0
18:34 gram_schmidt: Removing vector 65 of norm 0.0
18:34 gram_schmidt: Removing vector 66 of norm 0.0
18:34 gram_schmidt: Removing vector 67 of norm 0.0
18:34 gram_schmidt: Removing vector 68 of norm 0.0
18:34 gram_schmidt: Removing vector 69 of norm 0.0
18:34 gram_schmidt: Removing vector 70 of norm 0.0
18:34 gram_schmidt: Removing vector 71 of norm 0.0
18:34 gram_schmidt: Removing vector 72 of norm 0.0
18:34 gram_schmidt: Removing vector 73 of norm 0.0
18:34 gram_schmidt: Removing vector 74 of norm 0.0
18:34 gram_schmidt: Removing vector 75 of norm 0.0
18:34 gram_schmidt: Removing vector 76 of norm 0.0
18:34 gram_schmidt: Removing vector 77 of norm 0.0
18:34 gram_schmidt: Removing vector 78 of norm 0.0
18:34 gram_schmidt: Removing vector 79 of norm 0.0
18:34 gram_schmidt: Removing vector 80 of norm 0.0
18:34 gram_schmidt: Removing vector 81 of norm 0.0
18:34 gram_schmidt: Removing vector 82 of norm 0.0
18:34 gram_schmidt: Removing vector 83 of norm 0.0
18:34 gram_schmidt: Removing vector 84 of norm 0.0
18:34 gram_schmidt: Removing vector 85 of norm 0.0
18:34 gram_schmidt: Removing vector 86 of norm 0.0
18:34 gram_schmidt: Removing vector 87 of norm 0.0
18:34 gram_schmidt: Removing vector 88 of norm 0.0
18:34 gram_schmidt: Removing vector 89 of norm 0.0
18:34 gram_schmidt: Removing vector 90 of norm 0.0
18:34 gram_schmidt: Removing vector 91 of norm 0.0
18:34 gram_schmidt: Removing vector 92 of norm 0.0
18:34 gram_schmidt: Removing vector 93 of norm 0.0
18:34 gram_schmidt: Removing vector 94 of norm 0.0
18:34 gram_schmidt: Removing vector 95 of norm 0.0
18:34 gram_schmidt: Removing vector 96 of norm 0.0
18:34 gram_schmidt: Removing vector 97 of norm 0.0
18:34 gram_schmidt: Removing vector 98 of norm 0.0
18:34 gram_schmidt: Removing vector 99 of norm 0.0
18:34 gram_schmidt: Removing vector 100 of norm 0.0
18:34 gram_schmidt: Removing vector 101 of norm 0.0
</system-err></testcase><testcase classname="src.pymortests.algorithms.gram_schmidt" file="src/pymortests/algorithms/gram_schmidt.py" line="12" name="test_gram_schmidt[0-&lt;lambda&gt;10]" time="0.003306865692138672"></testcase><testcase classname="src.pymortests.algorithms.gram_schmidt" file="src/pymortests/algorithms/gram_schmidt.py" line="12" name="test_gram_schmidt[0-&lt;lambda&gt;11]" time="0.0062673091888427734"><system-err>18:34 gram_schmidt: Removing linearly dependent vector 3
18:34 gram_schmidt: Removing linearly dependent vector 3
</system-err></testcase><testcase classname="src.pymortests.algorithms.gram_schmidt" file="src/pymortests/algorithms/gram_schmidt.py" line="12" name="test_gram_schmidt[0-&lt;lambda&gt;12]" time="0.00374603271484375"><system-err>18:34 gram_schmidt: Removing vector 0 of norm 0.0
18:34 gram_schmidt: Removing vector 1 of norm 0.0
18:34 gram_schmidt: Removing vector 2 of norm 0.0
18:34 gram_schmidt: Removing vector 0 of norm 0.0
18:34 gram_schmidt: Removing vector 1 of norm 0.0
18:34 gram_schmidt: Removing vector 2 of norm 0.0
</system-err></testcase><testcase classname="src.pymortests.algorithms.gram_schmidt" file="src/pymortests/algorithms/gram_schmidt.py" line="12" name="test_gram_schmidt[0-&lt;lambda&gt;13]" time="0.0024976730346679688"></testcase><testcase classname="src.pymortests.algorithms.gram_schmidt" file="src/pymortests/algorithms/gram_schmidt.py" line="12" name="test_gram_schmidt[0-&lt;lambda&gt;14]" time="0.004590272903442383"></testcase><testcase classname="src.pymortests.algorithms.gram_schmidt" file="src/pymortests/algorithms/gram_schmidt.py" line="12" name="test_gram_schmidt[0-&lt;lambda&gt;15]" time="0.36924290657043457"><system-err>18:34 gram_schmidt: Removing linearly dependent vector 36
18:34 gram_schmidt: Removing linearly dependent vector 37
18:34 gram_schmidt: Removing linearly dependent vector 38
18:34 gram_schmidt: Removing linearly dependent vector 39
18:34 gram_schmidt: Removing linearly dependent vector 40
18:34 gram_schmidt: Removing linearly dependent vector 41
18:34 gram_schmidt: Removing linearly dependent vector 42
18:34 gram_schmidt: Removing linearly dependent vector 36
18:34 gram_schmidt: Removing linearly dependent vector 37
18:34 gram_schmidt: Removing linearly dependent vector 38
18:34 gram_schmidt: Removing linearly dependent vector 39
18:34 gram_schmidt: Removing linearly dependent vector 40
18:34 gram_schmidt: Removing linearly dependent vector 41
18:34 gram_schmidt: Removing linearly dependent vector 42
</system-err></testcase><testcase classname="src.pymortests.algorithms.gram_schmidt" file="src/pymortests/algorithms/gram_schmidt.py" line="12" name="test_gram_schmidt[0-&lt;lambda&gt;16]" time="0.17830252647399902"><system-err>18:34 gram_schmidt: Removing linearly dependent vector 3
18:34 gram_schmidt: Removing linearly dependent vector 4
18:34 gram_schmidt: Removing linearly dependent vector 5
18:34 gram_schmidt: Removing linearly dependent vector 6
18:34 gram_schmidt: Removing linearly dependent vector 7
18:34 gram_schmidt: Removing linearly dependent vector 8
18:34 gram_schmidt: Removing linearly dependent vector 9
18:34 gram_schmidt: Removing linearly dependent vector 10
18:34 gram_schmidt: Removing linearly dependent vector 11
18:34 gram_schmidt: Removing linearly dependent vector 12
18:34 gram_schmidt: Removing linearly dependent vector 13
18:34 gram_schmidt: Removing linearly dependent vector 14
18:34 gram_schmidt: Removing linearly dependent vector 15
18:34 gram_schmidt: Removing linearly dependent vector 16
18:34 gram_schmidt: Removing linearly dependent vector 17
18:34 gram_schmidt: Removing linearly dependent vector 18
18:34 gram_schmidt: Removing linearly dependent vector 19
18:34 gram_schmidt: Removing linearly dependent vector 20
18:34 gram_schmidt: Removing linearly dependent vector 21
18:34 gram_schmidt: Removing linearly dependent vector 22
18:34 gram_schmidt: Removing linearly dependent vector 23
18:34 gram_schmidt: Removing linearly dependent vector 24
18:34 gram_schmidt: Removing linearly dependent vector 25
18:34 gram_schmidt: Removing linearly dependent vector 26
18:34 gram_schmidt: Removing linearly dependent vector 27
18:34 gram_schmidt: Removing linearly dependent vector 28
18:34 gram_schmidt: Removing linearly dependent vector 29
18:34 gram_schmidt: Removing linearly dependent vector 30
18:34 gram_schmidt: Removing linearly dependent vector 31
18:34 gram_schmidt: Removing linearly dependent vector 32
18:34 gram_schmidt: Removing linearly dependent vector 33
18:34 gram_schmidt: Removing linearly dependent vector 34
18:34 gram_schmidt: Removing linearly dependent vector 35
18:34 gram_schmidt: Removing linearly dependent vector 36
18:34 gram_schmidt: Removing linearly dependent vector 37
18:34 gram_schmidt: Removing linearly dependent vector 38
18:34 gram_schmidt: Removing linearly dependent vector 39
18:34 gram_schmidt: Removing linearly dependent vector 40
18:34 gram_schmidt: Removing linearly dependent vector 41
18:34 gram_schmidt: Removing linearly dependent vector 42
18:34 gram_schmidt: Removing linearly dependent vector 43
18:34 gram_schmidt: Removing linearly dependent vector 44
18:34 gram_schmidt: Removing linearly dependent vector 45
18:34 gram_schmidt: Removing linearly dependent vector 46
18:34 gram_schmidt: Removing linearly dependent vector 47
18:34 gram_schmidt: Removing linearly dependent vector 48
18:34 gram_schmidt: Removing linearly dependent vector 49
18:34 gram_schmidt: Removing linearly dependent vector 50
18:34 gram_schmidt: Removing linearly dependent vector 51
18:34 gram_schmidt: Removing linearly dependent vector 52
18:34 gram_schmidt: Removing linearly dependent vector 53
18:34 gram_schmidt: Removing linearly dependent vector 54
18:34 gram_schmidt: Removing linearly dependent vector 55
18:34 gram_schmidt: Removing linearly dependent vector 56
18:34 gram_schmidt: Removing linearly dependent vector 57
18:34 gram_schmidt: Removing linearly dependent vector 58
18:34 gram_schmidt: Removing linearly dependent vector 59
18:34 gram_schmidt: Removing linearly dependent vector 60
18:34 gram_schmidt: Removing linearly dependent vector 61
18:34 gram_schmidt: Removing linearly dependent vector 62
18:34 gram_schmidt: Removing linearly dependent vector 63
18:34 gram_schmidt: Removing linearly dependent vector 64
18:34 gram_schmidt: Removing linearly dependent vector 65
18:34 gram_schmidt: Removing linearly dependent vector 66
18:34 gram_schmidt: Removing linearly dependent vector 67
18:34 gram_schmidt: Removing linearly dependent vector 68
18:34 gram_schmidt: Removing linearly dependent vector 69
18:34 gram_schmidt: Removing linearly dependent vector 70
18:34 gram_schmidt: Removing linearly dependent vector 71
18:34 gram_schmidt: Removing linearly dependent vector 72
18:34 gram_schmidt: Removing linearly dependent vector 73
18:34 gram_schmidt: Removing linearly dependent vector 74
18:34 gram_schmidt: Removing linearly dependent vector 75
18:34 gram_schmidt: Removing linearly dependent vector 76
18:34 gram_schmidt: Removing linearly dependent vector 77
18:34 gram_schmidt: Removing linearly dependent vector 78
18:34 gram_schmidt: Removing linearly dependent vector 79
18:34 gram_schmidt: Removing linearly dependent vector 80
18:34 gram_schmidt: Removing linearly dependent vector 81
18:34 gram_schmidt: Removing linearly dependent vector 82
18:34 gram_schmidt: Removing linearly dependent vector 83
18:34 gram_schmidt: Removing linearly dependent vector 84
18:34 gram_schmidt: Removing linearly dependent vector 85
18:34 gram_schmidt: Removing linearly dependent vector 86
18:34 gram_schmidt: Removing linearly dependent vector 87
18:34 gram_schmidt: Removing linearly dependent vector 88
18:34 gram_schmidt: Removing linearly dependent vector 89
18:34 gram_schmidt: Removing linearly dependent vector 90
18:34 gram_schmidt: Removing linearly dependent vector 91
18:34 gram_schmidt: Removing linearly dependent vector 92
18:34 gram_schmidt: Removing linearly dependent vector 93
18:34 gram_schmidt: Removing linearly dependent vector 94
18:34 gram_schmidt: Removing linearly dependent vector 95
18:34 gram_schmidt: Removing linearly dependent vector 96
18:34 gram_schmidt: Removing linearly dependent vector 97
18:34 gram_schmidt: Removing linearly dependent vector 98
18:34 gram_schmidt: Removing linearly dependent vector 99
18:34 gram_schmidt: Removing linearly dependent vector 100
18:34 gram_schmidt: Removing linearly dependent vector 101
18:34 gram_schmidt: Removing linearly dependent vector 3
18:34 gram_schmidt: Removing linearly dependent vector 4
18:34 gram_schmidt: Removing linearly dependent vector 5
18:34 gram_schmidt: Removing linearly dependent vector 6
18:34 gram_schmidt: Removing linearly dependent vector 7
18:34 gram_schmidt: Removing linearly dependent vector 8
18:34 gram_schmidt: Removing linearly dependent vector 9
18:34 gram_schmidt: Removing linearly dependent vector 10
18:34 gram_schmidt: Removing linearly dependent vector 11
18:34 gram_schmidt: Removing linearly dependent vector 12
18:34 gram_schmidt: Removing linearly dependent vector 13
18:34 gram_schmidt: Removing linearly dependent vector 14
18:34 gram_schmidt: Removing linearly dependent vector 15
18:34 gram_schmidt: Removing linearly dependent vector 16
18:34 gram_schmidt: Removing linearly dependent vector 17
18:34 gram_schmidt: Removing linearly dependent vector 18
18:34 gram_schmidt: Removing linearly dependent vector 19
18:34 gram_schmidt: Removing linearly dependent vector 20
18:34 gram_schmidt: Removing linearly dependent vector 21
18:35 gram_schmidt: Removing linearly dependent vector 22
18:35 gram_schmidt: Removing linearly dependent vector 23
18:35 gram_schmidt: Removing linearly dependent vector 24
18:35 gram_schmidt: Removing linearly dependent vector 25
18:35 gram_schmidt: Removing linearly dependent vector 26
18:35 gram_schmidt: Removing linearly dependent vector 27
18:35 gram_schmidt: Removing linearly dependent vector 28
18:35 gram_schmidt: Removing linearly dependent vector 29
18:35 gram_schmidt: Removing linearly dependent vector 30
18:35 gram_schmidt: Removing linearly dependent vector 31
18:35 gram_schmidt: Removing linearly dependent vector 32
18:35 gram_schmidt: Removing linearly dependent vector 33
18:35 gram_schmidt: Removing linearly dependent vector 34
18:35 gram_schmidt: Removing linearly dependent vector 35
18:35 gram_schmidt: Removing linearly dependent vector 36
18:35 gram_schmidt: Removing linearly dependent vector 37
18:35 gram_schmidt: Removing linearly dependent vector 38
18:35 gram_schmidt: Removing linearly dependent vector 39
18:35 gram_schmidt: Removing linearly dependent vector 40
18:35 gram_schmidt: Removing linearly dependent vector 41
18:35 gram_schmidt: Removing linearly dependent vector 42
18:35 gram_schmidt: Removing linearly dependent vector 43
18:35 gram_schmidt: Removing linearly dependent vector 44
18:35 gram_schmidt: Removing linearly dependent vector 45
18:35 gram_schmidt: Removing linearly dependent vector 46
18:35 gram_schmidt: Removing linearly dependent vector 47
18:35 gram_schmidt: Removing linearly dependent vector 48
18:35 gram_schmidt: Removing linearly dependent vector 49
18:35 gram_schmidt: Removing linearly dependent vector 50
18:35 gram_schmidt: Removing linearly dependent vector 51
18:35 gram_schmidt: Removing linearly dependent vector 52
18:35 gram_schmidt: Removing linearly dependent vector 53
18:35 gram_schmidt: Removing linearly dependent vector 54
18:35 gram_schmidt: Removing linearly dependent vector 55
18:35 gram_schmidt: Removing linearly dependent vector 56
18:35 gram_schmidt: Removing linearly dependent vector 57
18:35 gram_schmidt: Removing linearly dependent vector 58
18:35 gram_schmidt: Removing linearly dependent vector 59
18:35 gram_schmidt: Removing linearly dependent vector 60
18:35 gram_schmidt: Removing linearly dependent vector 61
18:35 gram_schmidt: Removing linearly dependent vector 62
18:35 gram_schmidt: Removing linearly dependent vector 63
18:35 gram_schmidt: Removing linearly dependent vector 64
18:35 gram_schmidt: Removing linearly dependent vector 65
18:35 gram_schmidt: Removing linearly dependent vector 66
18:35 gram_schmidt: Removing linearly dependent vector 67
18:35 gram_schmidt: Removing linearly dependent vector 68
18:35 gram_schmidt: Removing linearly dependent vector 69
18:35 gram_schmidt: Removing linearly dependent vector 70
18:35 gram_schmidt: Removing linearly dependent vector 71
18:35 gram_schmidt: Removing linearly dependent vector 72
18:35 gram_schmidt: Removing linearly dependent vector 73
18:35 gram_schmidt: Removing linearly dependent vector 74
18:35 gram_schmidt: Removing linearly dependent vector 75
18:35 gram_schmidt: Removing linearly dependent vector 76
18:35 gram_schmidt: Removing linearly dependent vector 77
18:35 gram_schmidt: Removing linearly dependent vector 78
18:35 gram_schmidt: Removing linearly dependent vector 79
18:35 gram_schmidt: Removing linearly dependent vector 80
18:35 gram_schmidt: Removing linearly dependent vector 81
18:35 gram_schmidt: Removing linearly dependent vector 82
18:35 gram_schmidt: Removing linearly dependent vector 83
18:35 gram_schmidt: Removing linearly dependent vector 84
18:35 gram_schmidt: Removing linearly dependent vector 85
18:35 gram_schmidt: Removing linearly dependent vector 86
18:35 gram_schmidt: Removing linearly dependent vector 87
18:35 gram_schmidt: Removing linearly dependent vector 88
18:35 gram_schmidt: Removing linearly dependent vector 89
18:35 gram_schmidt: Removing linearly dependent vector 90
18:35 gram_schmidt: Removing linearly dependent vector 91
18:35 gram_schmidt: Removing linearly dependent vector 92
18:35 gram_schmidt: Removing linearly dependent vector 93
18:35 gram_schmidt: Removing linearly dependent vector 94
18:35 gram_schmidt: Removing linearly dependent vector 95
18:35 gram_schmidt: Removing linearly dependent vector 96
18:35 gram_schmidt: Removing linearly dependent vector 97
18:35 gram_schmidt: Removing linearly dependent vector 98
18:35 gram_schmidt: Removing linearly dependent vector 99
18:35 gram_schmidt: Removing linearly dependent vector 100
18:35 gram_schmidt: Removing linearly dependent vector 101
</system-err></testcase><testcase classname="src.pymortests.algorithms.gram_schmidt" file="src/pymortests/algorithms/gram_schmidt.py" line="12" name="test_gram_schmidt[0-&lt;lambda&gt;17]" time="0.0032873153686523438"></testcase><testcase classname="src.pymortests.algorithms.gram_schmidt" file="src/pymortests/algorithms/gram_schmidt.py" line="12" name="test_gram_schmidt[0-&lt;lambda&gt;18]" time="0.002435445785522461"></testcase><testcase classname="src.pymortests.algorithms.gram_schmidt" file="src/pymortests/algorithms/gram_schmidt.py" line="12" name="test_gram_schmidt[0-&lt;lambda&gt;19]" time="0.004829883575439453"></testcase><testcase classname="src.pymortests.algorithms.gram_schmidt" file="src/pymortests/algorithms/gram_schmidt.py" line="12" name="test_gram_schmidt[0-&lt;lambda&gt;20]" time="0.27991676330566406"></testcase><testcase classname="src.pymortests.algorithms.gram_schmidt" file="src/pymortests/algorithms/gram_schmidt.py" line="12" name="test_gram_schmidt[0-&lt;lambda&gt;21]" time="1.4647138118743896"></testcase><testcase classname="src.pymortests.algorithms.gram_schmidt" file="src/pymortests/algorithms/gram_schmidt.py" line="12" name="test_gram_schmidt[0-&lt;lambda&gt;22]" time="0.0026040077209472656"></testcase><testcase classname="src.pymortests.algorithms.gram_schmidt" file="src/pymortests/algorithms/gram_schmidt.py" line="12" name="test_gram_schmidt[0-&lt;lambda&gt;23]" time="0.0018193721771240234"></testcase><testcase classname="src.pymortests.algorithms.gram_schmidt" file="src/pymortests/algorithms/gram_schmidt.py" line="12" name="test_gram_schmidt[0-&lt;lambda&gt;24]" time="0.008141756057739258"></testcase><testcase classname="src.pymortests.algorithms.gram_schmidt" file="src/pymortests/algorithms/gram_schmidt.py" line="12" name="test_gram_schmidt[0-&lt;lambda&gt;25]" time="0.38669466972351074"><system-err>18:36 gram_schmidt: Orthonormalizing vector 31 again
18:36 gram_schmidt: Removing linearly dependent vector 32
18:36 gram_schmidt: Removing linearly dependent vector 33
18:36 gram_schmidt: Removing linearly dependent vector 34
18:36 gram_schmidt: Removing linearly dependent vector 35
18:36 gram_schmidt: Removing linearly dependent vector 36
18:36 gram_schmidt: Removing linearly dependent vector 37
18:36 gram_schmidt: Removing linearly dependent vector 38
18:36 gram_schmidt: Removing linearly dependent vector 39
18:36 gram_schmidt: Removing linearly dependent vector 40
18:36 gram_schmidt: Removing linearly dependent vector 41
18:36 gram_schmidt: Removing linearly dependent vector 42
18:37 gram_schmidt: Orthonormalizing vector 31 again
18:37 gram_schmidt: Removing linearly dependent vector 32
18:37 gram_schmidt: Removing linearly dependent vector 33
18:37 gram_schmidt: Removing linearly dependent vector 34
18:37 gram_schmidt: Removing linearly dependent vector 35
18:37 gram_schmidt: Removing linearly dependent vector 36
18:37 gram_schmidt: Removing linearly dependent vector 37
18:37 gram_schmidt: Removing linearly dependent vector 38
18:37 gram_schmidt: Removing linearly dependent vector 39
18:37 gram_schmidt: Removing linearly dependent vector 40
18:37 gram_schmidt: Removing linearly dependent vector 41
18:37 gram_schmidt: Removing linearly dependent vector 42
</system-err></testcase><testcase classname="src.pymortests.algorithms.gram_schmidt" file="src/pymortests/algorithms/gram_schmidt.py" line="12" name="test_gram_schmidt[0-&lt;lambda&gt;26]" time="0.2336902618408203"><system-err>18:37 gram_schmidt: Removing vector 0 of norm 0.0
18:37 gram_schmidt: Removing vector 1 of norm 0.0
18:37 gram_schmidt: Removing vector 2 of norm 0.0
18:37 gram_schmidt: Removing vector 3 of norm 0.0
18:37 gram_schmidt: Removing vector 4 of norm 0.0
18:37 gram_schmidt: Removing vector 5 of norm 0.0
18:37 gram_schmidt: Removing vector 6 of norm 0.0
18:37 gram_schmidt: Removing vector 7 of norm 0.0
18:37 gram_schmidt: Removing vector 8 of norm 0.0
18:37 gram_schmidt: Removing vector 9 of norm 0.0
18:37 gram_schmidt: Removing vector 10 of norm 0.0
18:37 gram_schmidt: Removing vector 11 of norm 0.0
18:37 gram_schmidt: Removing vector 12 of norm 0.0
18:37 gram_schmidt: Removing vector 13 of norm 0.0
18:37 gram_schmidt: Removing vector 14 of norm 0.0
18:37 gram_schmidt: Removing vector 15 of norm 0.0
18:37 gram_schmidt: Removing vector 16 of norm 0.0
18:37 gram_schmidt: Removing vector 17 of norm 0.0
18:37 gram_schmidt: Removing vector 18 of norm 0.0
18:37 gram_schmidt: Removing vector 19 of norm 0.0
18:37 gram_schmidt: Removing vector 20 of norm 0.0
18:37 gram_schmidt: Removing vector 21 of norm 0.0
18:37 gram_schmidt: Removing vector 22 of norm 0.0
18:37 gram_schmidt: Removing vector 23 of norm 0.0
18:37 gram_schmidt: Removing vector 24 of norm 0.0
18:37 gram_schmidt: Removing vector 25 of norm 0.0
18:37 gram_schmidt: Removing vector 26 of norm 0.0
18:37 gram_schmidt: Removing vector 27 of norm 0.0
18:37 gram_schmidt: Removing vector 28 of norm 0.0
18:37 gram_schmidt: Removing vector 29 of norm 0.0
18:37 gram_schmidt: Removing vector 30 of norm 0.0
18:37 gram_schmidt: Removing vector 31 of norm 0.0
18:37 gram_schmidt: Removing vector 32 of norm 0.0
18:37 gram_schmidt: Removing vector 33 of norm 0.0
18:37 gram_schmidt: Removing vector 34 of norm 0.0
18:37 gram_schmidt: Removing vector 35 of norm 0.0
18:37 gram_schmidt: Removing vector 36 of norm 0.0
18:37 gram_schmidt: Removing vector 37 of norm 0.0
18:37 gram_schmidt: Removing vector 38 of norm 0.0
18:37 gram_schmidt: Removing vector 39 of norm 0.0
18:37 gram_schmidt: Removing vector 40 of norm 0.0
18:37 gram_schmidt: Removing vector 41 of norm 0.0
18:37 gram_schmidt: Removing vector 42 of norm 0.0
18:37 gram_schmidt: Removing vector 43 of norm 0.0
18:37 gram_schmidt: Removing vector 44 of norm 0.0
18:37 gram_schmidt: Removing vector 45 of norm 0.0
18:37 gram_schmidt: Removing vector 46 of norm 0.0
18:37 gram_schmidt: Removing vector 47 of norm 0.0
18:37 gram_schmidt: Removing vector 48 of norm 0.0
18:37 gram_schmidt: Removing vector 49 of norm 0.0
18:37 gram_schmidt: Removing vector 50 of norm 0.0
18:37 gram_schmidt: Removing vector 51 of norm 0.0
18:37 gram_schmidt: Removing vector 52 of norm 0.0
18:37 gram_schmidt: Removing vector 53 of norm 0.0
18:37 gram_schmidt: Removing vector 54 of norm 0.0
18:37 gram_schmidt: Removing vector 55 of norm 0.0
18:37 gram_schmidt: Removing vector 56 of norm 0.0
18:37 gram_schmidt: Removing vector 57 of norm 0.0
18:37 gram_schmidt: Removing vector 58 of norm 0.0
18:37 gram_schmidt: Removing vector 59 of norm 0.0
18:37 gram_schmidt: Removing vector 60 of norm 0.0
18:37 gram_schmidt: Removing vector 61 of norm 0.0
18:37 gram_schmidt: Removing vector 62 of norm 0.0
18:37 gram_schmidt: Removing vector 63 of norm 0.0
18:37 gram_schmidt: Removing vector 64 of norm 0.0
18:37 gram_schmidt: Removing vector 65 of norm 0.0
18:37 gram_schmidt: Removing vector 66 of norm 0.0
18:37 gram_schmidt: Removing vector 67 of norm 0.0
18:37 gram_schmidt: Removing vector 68 of norm 0.0
18:37 gram_schmidt: Removing vector 69 of norm 0.0
18:37 gram_schmidt: Removing vector 70 of norm 0.0
18:37 gram_schmidt: Removing vector 71 of norm 0.0
18:37 gram_schmidt: Removing vector 72 of norm 0.0
18:37 gram_schmidt: Removing vector 73 of norm 0.0
18:37 gram_schmidt: Removing vector 74 of norm 0.0
18:37 gram_schmidt: Removing vector 75 of norm 0.0
18:37 gram_schmidt: Removing vector 76 of norm 0.0
18:37 gram_schmidt: Removing vector 77 of norm 0.0
18:37 gram_schmidt: Removing vector 78 of norm 0.0
18:37 gram_schmidt: Removing vector 79 of norm 0.0
18:37 gram_schmidt: Removing vector 80 of norm 0.0
18:37 gram_schmidt: Removing vector 81 of norm 0.0
18:37 gram_schmidt: Removing vector 82 of norm 0.0
18:37 gram_schmidt: Removing vector 83 of norm 0.0
18:37 gram_schmidt: Removing vector 84 of norm 0.0
18:37 gram_schmidt: Removing vector 85 of norm 0.0
18:37 gram_schmidt: Removing vector 86 of norm 0.0
18:37 gram_schmidt: Removing vector 87 of norm 0.0
18:37 gram_schmidt: Removing vector 88 of norm 0.0
18:37 gram_schmidt: Removing vector 89 of norm 0.0
18:37 gram_schmidt: Removing vector 90 of norm 0.0
18:37 gram_schmidt: Removing vector 91 of norm 0.0
18:37 gram_schmidt: Removing vector 92 of norm 0.0
18:37 gram_schmidt: Removing vector 93 of norm 0.0
18:37 gram_schmidt: Removing vector 94 of norm 0.0
18:37 gram_schmidt: Removing vector 95 of norm 0.0
18:37 gram_schmidt: Removing vector 96 of norm 0.0
18:37 gram_schmidt: Removing vector 97 of norm 0.0
18:37 gram_schmidt: Removing vector 98 of norm 0.0
18:37 gram_schmidt: Removing vector 99 of norm 0.0
18:37 gram_schmidt: Removing vector 100 of norm 0.0
18:37 gram_schmidt: Removing vector 101 of norm 0.0
18:37 gram_schmidt: Removing vector 0 of norm 0.0
18:37 gram_schmidt: Removing vector 1 of norm 0.0
18:37 gram_schmidt: Removing vector 2 of norm 0.0
18:37 gram_schmidt: Removing vector 3 of norm 0.0
18:37 gram_schmidt: Removing vector 4 of norm 0.0
18:37 gram_schmidt: Removing vector 5 of norm 0.0
18:37 gram_schmidt: Removing vector 6 of norm 0.0
18:37 gram_schmidt: Removing vector 7 of norm 0.0
18:37 gram_schmidt: Removing vector 8 of norm 0.0
18:37 gram_schmidt: Removing vector 9 of norm 0.0
18:37 gram_schmidt: Removing vector 10 of norm 0.0
18:37 gram_schmidt: Removing vector 11 of norm 0.0
18:37 gram_schmidt: Removing vector 12 of norm 0.0
18:37 gram_schmidt: Removing vector 13 of norm 0.0
18:37 gram_schmidt: Removing vector 14 of norm 0.0
18:37 gram_schmidt: Removing vector 15 of norm 0.0
18:37 gram_schmidt: Removing vector 16 of norm 0.0
18:37 gram_schmidt: Removing vector 17 of norm 0.0
18:37 gram_schmidt: Removing vector 18 of norm 0.0
18:37 gram_schmidt: Removing vector 19 of norm 0.0
18:37 gram_schmidt: Removing vector 20 of norm 0.0
18:37 gram_schmidt: Removing vector 21 of norm 0.0
18:37 gram_schmidt: Removing vector 22 of norm 0.0
18:37 gram_schmidt: Removing vector 23 of norm 0.0
18:37 gram_schmidt: Removing vector 24 of norm 0.0
18:37 gram_schmidt: Removing vector 25 of norm 0.0
18:37 gram_schmidt: Removing vector 26 of norm 0.0
18:37 gram_schmidt: Removing vector 27 of norm 0.0
18:37 gram_schmidt: Removing vector 28 of norm 0.0
18:37 gram_schmidt: Removing vector 29 of norm 0.0
18:37 gram_schmidt: Removing vector 30 of norm 0.0
18:37 gram_schmidt: Removing vector 31 of norm 0.0
18:37 gram_schmidt: Removing vector 32 of norm 0.0
18:37 gram_schmidt: Removing vector 33 of norm 0.0
18:37 gram_schmidt: Removing vector 34 of norm 0.0
18:37 gram_schmidt: Removing vector 35 of norm 0.0
18:37 gram_schmidt: Removing vector 36 of norm 0.0
18:37 gram_schmidt: Removing vector 37 of norm 0.0
18:37 gram_schmidt: Removing vector 38 of norm 0.0
18:37 gram_schmidt: Removing vector 39 of norm 0.0
18:37 gram_schmidt: Removing vector 40 of norm 0.0
18:37 gram_schmidt: Removing vector 41 of norm 0.0
18:37 gram_schmidt: Removing vector 42 of norm 0.0
18:37 gram_schmidt: Removing vector 43 of norm 0.0
18:37 gram_schmidt: Removing vector 44 of norm 0.0
18:37 gram_schmidt: Removing vector 45 of norm 0.0
18:37 gram_schmidt: Removing vector 46 of norm 0.0
18:37 gram_schmidt: Removing vector 47 of norm 0.0
18:37 gram_schmidt: Removing vector 48 of norm 0.0
18:37 gram_schmidt: Removing vector 49 of norm 0.0
18:37 gram_schmidt: Removing vector 50 of norm 0.0
18:37 gram_schmidt: Removing vector 51 of norm 0.0
18:37 gram_schmidt: Removing vector 52 of norm 0.0
18:37 gram_schmidt: Removing vector 53 of norm 0.0
18:37 gram_schmidt: Removing vector 54 of norm 0.0
18:37 gram_schmidt: Removing vector 55 of norm 0.0
18:37 gram_schmidt: Removing vector 56 of norm 0.0
18:37 gram_schmidt: Removing vector 57 of norm 0.0
18:37 gram_schmidt: Removing vector 58 of norm 0.0
18:37 gram_schmidt: Removing vector 59 of norm 0.0
18:37 gram_schmidt: Removing vector 60 of norm 0.0
18:37 gram_schmidt: Removing vector 61 of norm 0.0
18:37 gram_schmidt: Removing vector 62 of norm 0.0
18:37 gram_schmidt: Removing vector 63 of norm 0.0
18:37 gram_schmidt: Removing vector 64 of norm 0.0
18:37 gram_schmidt: Removing vector 65 of norm 0.0
18:37 gram_schmidt: Removing vector 66 of norm 0.0
18:37 gram_schmidt: Removing vector 67 of norm 0.0
18:37 gram_schmidt: Removing vector 68 of norm 0.0
18:37 gram_schmidt: Removing vector 69 of norm 0.0
18:37 gram_schmidt: Removing vector 70 of norm 0.0
18:37 gram_schmidt: Removing vector 71 of norm 0.0
18:37 gram_schmidt: Removing vector 72 of norm 0.0
18:37 gram_schmidt: Removing vector 73 of norm 0.0
18:37 gram_schmidt: Removing vector 74 of norm 0.0
18:37 gram_schmidt: Removing vector 75 of norm 0.0
18:37 gram_schmidt: Removing vector 76 of norm 0.0
18:37 gram_schmidt: Removing vector 77 of norm 0.0
18:37 gram_schmidt: Removing vector 78 of norm 0.0
18:37 gram_schmidt: Removing vector 79 of norm 0.0
18:37 gram_schmidt: Removing vector 80 of norm 0.0
18:37 gram_schmidt: Removing vector 81 of norm 0.0
18:37 gram_schmidt: Removing vector 82 of norm 0.0
18:37 gram_schmidt: Removing vector 83 of norm 0.0
18:37 gram_schmidt: Removing vector 84 of norm 0.0
18:37 gram_schmidt: Removing vector 85 of norm 0.0
18:37 gram_schmidt: Removing vector 86 of norm 0.0
18:37 gram_schmidt: Removing vector 87 of norm 0.0
18:37 gram_schmidt: Removing vector 88 of norm 0.0
18:37 gram_schmidt: Removing vector 89 of norm 0.0
18:37 gram_schmidt: Removing vector 90 of norm 0.0
18:37 gram_schmidt: Removing vector 91 of norm 0.0
18:37 gram_schmidt: Removing vector 92 of norm 0.0
18:37 gram_schmidt: Removing vector 93 of norm 0.0
18:37 gram_schmidt: Removing vector 94 of norm 0.0
18:37 gram_schmidt: Removing vector 95 of norm 0.0
18:37 gram_schmidt: Removing vector 96 of norm 0.0
18:37 gram_schmidt: Removing vector 97 of norm 0.0
18:37 gram_schmidt: Removing vector 98 of norm 0.0
18:37 gram_schmidt: Removing vector 99 of norm 0.0
18:37 gram_schmidt: Removing vector 100 of norm 0.0
18:37 gram_schmidt: Removing vector 101 of norm 0.0
</system-err></testcase><testcase classname="src.pymortests.algorithms.gram_schmidt" file="src/pymortests/algorithms/gram_schmidt.py" line="12" name="test_gram_schmidt[1-&lt;lambda&gt;0]" time="0.0027854442596435547"></testcase><testcase classname="src.pymortests.algorithms.gram_schmidt" file="src/pymortests/algorithms/gram_schmidt.py" line="12" name="test_gram_schmidt[1-&lt;lambda&gt;1]" time="0.0020074844360351562"></testcase><testcase classname="src.pymortests.algorithms.gram_schmidt" file="src/pymortests/algorithms/gram_schmidt.py" line="12" name="test_gram_schmidt[1-&lt;lambda&gt;2]" time="0.0021545886993408203"></testcase><testcase classname="src.pymortests.algorithms.gram_schmidt" file="src/pymortests/algorithms/gram_schmidt.py" line="12" name="test_gram_schmidt[1-&lt;lambda&gt;3]" time="0.09829926490783691"><system-err>18:37 gram_schmidt: Orthonormalizing vector 31 again
18:37 gram_schmidt: Removing linearly dependent vector 32
18:37 gram_schmidt: Removing linearly dependent vector 33
18:37 gram_schmidt: Removing linearly dependent vector 34
18:37 gram_schmidt: Removing linearly dependent vector 35
18:37 gram_schmidt: Removing linearly dependent vector 36
18:37 gram_schmidt: Removing linearly dependent vector 37
18:37 gram_schmidt: Removing linearly dependent vector 38
18:37 gram_schmidt: Removing linearly dependent vector 39
18:37 gram_schmidt: Removing linearly dependent vector 40
18:37 gram_schmidt: Removing linearly dependent vector 41
18:37 gram_schmidt: Removing linearly dependent vector 42
18:37 gram_schmidt: Orthonormalizing vector 31 again
18:37 gram_schmidt: Removing linearly dependent vector 32
18:37 gram_schmidt: Removing linearly dependent vector 33
18:37 gram_schmidt: Removing linearly dependent vector 34
18:37 gram_schmidt: Removing linearly dependent vector 35
18:37 gram_schmidt: Removing linearly dependent vector 36
18:37 gram_schmidt: Removing linearly dependent vector 37
18:37 gram_schmidt: Removing linearly dependent vector 38
18:37 gram_schmidt: Removing linearly dependent vector 39
18:37 gram_schmidt: Removing linearly dependent vector 40
18:37 gram_schmidt: Removing linearly dependent vector 41
18:37 gram_schmidt: Removing linearly dependent vector 42
</system-err></testcase><testcase classname="src.pymortests.algorithms.gram_schmidt" file="src/pymortests/algorithms/gram_schmidt.py" line="12" name="test_gram_schmidt[1-&lt;lambda&gt;4]" time="0.021929502487182617"><system-err>18:37 gram_schmidt: Removing vector 0 of norm 0.0
18:37 gram_schmidt: Removing vector 1 of norm 0.0
18:37 gram_schmidt: Removing vector 2 of norm 0.0
18:37 gram_schmidt: Removing vector 3 of norm 0.0
18:37 gram_schmidt: Removing vector 4 of norm 0.0
18:37 gram_schmidt: Removing vector 5 of norm 0.0
18:37 gram_schmidt: Removing vector 6 of norm 0.0
18:37 gram_schmidt: Removing vector 7 of norm 0.0
18:37 gram_schmidt: Removing vector 8 of norm 0.0
18:37 gram_schmidt: Removing vector 9 of norm 0.0
18:37 gram_schmidt: Removing vector 10 of norm 0.0
18:37 gram_schmidt: Removing vector 11 of norm 0.0
18:37 gram_schmidt: Removing vector 12 of norm 0.0
18:37 gram_schmidt: Removing vector 13 of norm 0.0
18:37 gram_schmidt: Removing vector 14 of norm 0.0
18:37 gram_schmidt: Removing vector 15 of norm 0.0
18:37 gram_schmidt: Removing vector 16 of norm 0.0
18:37 gram_schmidt: Removing vector 17 of norm 0.0
18:37 gram_schmidt: Removing vector 18 of norm 0.0
18:37 gram_schmidt: Removing vector 19 of norm 0.0
18:37 gram_schmidt: Removing vector 20 of norm 0.0
18:37 gram_schmidt: Removing vector 21 of norm 0.0
18:37 gram_schmidt: Removing vector 22 of norm 0.0
18:37 gram_schmidt: Removing vector 23 of norm 0.0
18:37 gram_schmidt: Removing vector 24 of norm 0.0
18:37 gram_schmidt: Removing vector 25 of norm 0.0
18:37 gram_schmidt: Removing vector 26 of norm 0.0
18:37 gram_schmidt: Removing vector 27 of norm 0.0
18:37 gram_schmidt: Removing vector 28 of norm 0.0
18:37 gram_schmidt: Removing vector 29 of norm 0.0
18:37 gram_schmidt: Removing vector 30 of norm 0.0
18:37 gram_schmidt: Removing vector 31 of norm 0.0
18:37 gram_schmidt: Removing vector 32 of norm 0.0
18:37 gram_schmidt: Removing vector 33 of norm 0.0
18:37 gram_schmidt: Removing vector 34 of norm 0.0
18:37 gram_schmidt: Removing vector 35 of norm 0.0
18:37 gram_schmidt: Removing vector 36 of norm 0.0
18:37 gram_schmidt: Removing vector 37 of norm 0.0
18:37 gram_schmidt: Removing vector 38 of norm 0.0
18:37 gram_schmidt: Removing vector 39 of norm 0.0
18:37 gram_schmidt: Removing vector 40 of norm 0.0
18:37 gram_schmidt: Removing vector 41 of norm 0.0
18:37 gram_schmidt: Removing vector 42 of norm 0.0
18:37 gram_schmidt: Removing vector 43 of norm 0.0
18:37 gram_schmidt: Removing vector 44 of norm 0.0
18:37 gram_schmidt: Removing vector 45 of norm 0.0
18:37 gram_schmidt: Removing vector 46 of norm 0.0
18:37 gram_schmidt: Removing vector 47 of norm 0.0
18:37 gram_schmidt: Removing vector 48 of norm 0.0
18:37 gram_schmidt: Removing vector 49 of norm 0.0
18:37 gram_schmidt: Removing vector 50 of norm 0.0
18:37 gram_schmidt: Removing vector 51 of norm 0.0
18:37 gram_schmidt: Removing vector 52 of norm 0.0
18:37 gram_schmidt: Removing vector 53 of norm 0.0
18:37 gram_schmidt: Removing vector 54 of norm 0.0
18:37 gram_schmidt: Removing vector 55 of norm 0.0
18:37 gram_schmidt: Removing vector 56 of norm 0.0
18:37 gram_schmidt: Removing vector 57 of norm 0.0
18:37 gram_schmidt: Removing vector 58 of norm 0.0
18:37 gram_schmidt: Removing vector 59 of norm 0.0
18:37 gram_schmidt: Removing vector 60 of norm 0.0
18:37 gram_schmidt: Removing vector 61 of norm 0.0
18:37 gram_schmidt: Removing vector 62 of norm 0.0
18:37 gram_schmidt: Removing vector 63 of norm 0.0
18:37 gram_schmidt: Removing vector 64 of norm 0.0
18:37 gram_schmidt: Removing vector 65 of norm 0.0
18:37 gram_schmidt: Removing vector 66 of norm 0.0
18:37 gram_schmidt: Removing vector 67 of norm 0.0
18:37 gram_schmidt: Removing vector 68 of norm 0.0
18:37 gram_schmidt: Removing vector 69 of norm 0.0
18:37 gram_schmidt: Removing vector 70 of norm 0.0
18:37 gram_schmidt: Removing vector 71 of norm 0.0
18:37 gram_schmidt: Removing vector 72 of norm 0.0
18:37 gram_schmidt: Removing vector 73 of norm 0.0
18:37 gram_schmidt: Removing vector 74 of norm 0.0
18:37 gram_schmidt: Removing vector 75 of norm 0.0
18:37 gram_schmidt: Removing vector 76 of norm 0.0
18:37 gram_schmidt: Removing vector 77 of norm 0.0
18:37 gram_schmidt: Removing vector 78 of norm 0.0
18:37 gram_schmidt: Removing vector 79 of norm 0.0
18:37 gram_schmidt: Removing vector 80 of norm 0.0
18:37 gram_schmidt: Removing vector 81 of norm 0.0
18:37 gram_schmidt: Removing vector 82 of norm 0.0
18:37 gram_schmidt: Removing vector 83 of norm 0.0
18:37 gram_schmidt: Removing vector 84 of norm 0.0
18:37 gram_schmidt: Removing vector 85 of norm 0.0
18:37 gram_schmidt: Removing vector 86 of norm 0.0
18:37 gram_schmidt: Removing vector 87 of norm 0.0
18:37 gram_schmidt: Removing vector 88 of norm 0.0
18:37 gram_schmidt: Removing vector 89 of norm 0.0
18:37 gram_schmidt: Removing vector 90 of norm 0.0
18:37 gram_schmidt: Removing vector 91 of norm 0.0
18:37 gram_schmidt: Removing vector 92 of norm 0.0
18:37 gram_schmidt: Removing vector 93 of norm 0.0
18:37 gram_schmidt: Removing vector 94 of norm 0.0
18:37 gram_schmidt: Removing vector 95 of norm 0.0
18:37 gram_schmidt: Removing vector 96 of norm 0.0
18:37 gram_schmidt: Removing vector 97 of norm 0.0
18:37 gram_schmidt: Removing vector 98 of norm 0.0
18:37 gram_schmidt: Removing vector 99 of norm 0.0
18:37 gram_schmidt: Removing vector 100 of norm 0.0
18:37 gram_schmidt: Removing vector 101 of norm 0.0
18:37 gram_schmidt: Removing vector 0 of norm 0.0
18:37 gram_schmidt: Removing vector 1 of norm 0.0
18:37 gram_schmidt: Removing vector 2 of norm 0.0
18:37 gram_schmidt: Removing vector 3 of norm 0.0
18:37 gram_schmidt: Removing vector 4 of norm 0.0
18:37 gram_schmidt: Removing vector 5 of norm 0.0
18:37 gram_schmidt: Removing vector 6 of norm 0.0
18:37 gram_schmidt: Removing vector 7 of norm 0.0
18:37 gram_schmidt: Removing vector 8 of norm 0.0
18:37 gram_schmidt: Removing vector 9 of norm 0.0
18:37 gram_schmidt: Removing vector 10 of norm 0.0
18:37 gram_schmidt: Removing vector 11 of norm 0.0
18:37 gram_schmidt: Removing vector 12 of norm 0.0
18:37 gram_schmidt: Removing vector 13 of norm 0.0
18:37 gram_schmidt: Removing vector 14 of norm 0.0
18:37 gram_schmidt: Removing vector 15 of norm 0.0
18:37 gram_schmidt: Removing vector 16 of norm 0.0
18:37 gram_schmidt: Removing vector 17 of norm 0.0
18:37 gram_schmidt: Removing vector 18 of norm 0.0
18:37 gram_schmidt: Removing vector 19 of norm 0.0
18:37 gram_schmidt: Removing vector 20 of norm 0.0
18:37 gram_schmidt: Removing vector 21 of norm 0.0
18:37 gram_schmidt: Removing vector 22 of norm 0.0
18:37 gram_schmidt: Removing vector 23 of norm 0.0
18:37 gram_schmidt: Removing vector 24 of norm 0.0
18:37 gram_schmidt: Removing vector 25 of norm 0.0
18:37 gram_schmidt: Removing vector 26 of norm 0.0
18:37 gram_schmidt: Removing vector 27 of norm 0.0
18:37 gram_schmidt: Removing vector 28 of norm 0.0
18:37 gram_schmidt: Removing vector 29 of norm 0.0
18:37 gram_schmidt: Removing vector 30 of norm 0.0
18:37 gram_schmidt: Removing vector 31 of norm 0.0
18:37 gram_schmidt: Removing vector 32 of norm 0.0
18:37 gram_schmidt: Removing vector 33 of norm 0.0
18:37 gram_schmidt: Removing vector 34 of norm 0.0
18:37 gram_schmidt: Removing vector 35 of norm 0.0
18:37 gram_schmidt: Removing vector 36 of norm 0.0
18:37 gram_schmidt: Removing vector 37 of norm 0.0
18:37 gram_schmidt: Removing vector 38 of norm 0.0
18:37 gram_schmidt: Removing vector 39 of norm 0.0
18:37 gram_schmidt: Removing vector 40 of norm 0.0
18:37 gram_schmidt: Removing vector 41 of norm 0.0
18:37 gram_schmidt: Removing vector 42 of norm 0.0
18:37 gram_schmidt: Removing vector 43 of norm 0.0
18:37 gram_schmidt: Removing vector 44 of norm 0.0
18:37 gram_schmidt: Removing vector 45 of norm 0.0
18:37 gram_schmidt: Removing vector 46 of norm 0.0
18:37 gram_schmidt: Removing vector 47 of norm 0.0
18:37 gram_schmidt: Removing vector 48 of norm 0.0
18:37 gram_schmidt: Removing vector 49 of norm 0.0
18:37 gram_schmidt: Removing vector 50 of norm 0.0
18:37 gram_schmidt: Removing vector 51 of norm 0.0
18:37 gram_schmidt: Removing vector 52 of norm 0.0
18:37 gram_schmidt: Removing vector 53 of norm 0.0
18:37 gram_schmidt: Removing vector 54 of norm 0.0
18:37 gram_schmidt: Removing vector 55 of norm 0.0
18:37 gram_schmidt: Removing vector 56 of norm 0.0
18:37 gram_schmidt: Removing vector 57 of norm 0.0
18:37 gram_schmidt: Removing vector 58 of norm 0.0
18:37 gram_schmidt: Removing vector 59 of norm 0.0
18:37 gram_schmidt: Removing vector 60 of norm 0.0
18:37 gram_schmidt: Removing vector 61 of norm 0.0
18:37 gram_schmidt: Removing vector 62 of norm 0.0
18:37 gram_schmidt: Removing vector 63 of norm 0.0
18:37 gram_schmidt: Removing vector 64 of norm 0.0
18:37 gram_schmidt: Removing vector 65 of norm 0.0
18:37 gram_schmidt: Removing vector 66 of norm 0.0
18:37 gram_schmidt: Removing vector 67 of norm 0.0
18:37 gram_schmidt: Removing vector 68 of norm 0.0
18:37 gram_schmidt: Removing vector 69 of norm 0.0
18:37 gram_schmidt: Removing vector 70 of norm 0.0
18:37 gram_schmidt: Removing vector 71 of norm 0.0
18:37 gram_schmidt: Removing vector 72 of norm 0.0
18:37 gram_schmidt: Removing vector 73 of norm 0.0
18:37 gram_schmidt: Removing vector 74 of norm 0.0
18:37 gram_schmidt: Removing vector 75 of norm 0.0
18:37 gram_schmidt: Removing vector 76 of norm 0.0
18:37 gram_schmidt: Removing vector 77 of norm 0.0
18:37 gram_schmidt: Removing vector 78 of norm 0.0
18:37 gram_schmidt: Removing vector 79 of norm 0.0
18:37 gram_schmidt: Removing vector 80 of norm 0.0
18:37 gram_schmidt: Removing vector 81 of norm 0.0
18:37 gram_schmidt: Removing vector 82 of norm 0.0
18:37 gram_schmidt: Removing vector 83 of norm 0.0
18:37 gram_schmidt: Removing vector 84 of norm 0.0
18:37 gram_schmidt: Removing vector 85 of norm 0.0
18:37 gram_schmidt: Removing vector 86 of norm 0.0
18:37 gram_schmidt: Removing vector 87 of norm 0.0
18:37 gram_schmidt: Removing vector 88 of norm 0.0
18:37 gram_schmidt: Removing vector 89 of norm 0.0
18:37 gram_schmidt: Removing vector 90 of norm 0.0
18:37 gram_schmidt: Removing vector 91 of norm 0.0
18:37 gram_schmidt: Removing vector 92 of norm 0.0
18:37 gram_schmidt: Removing vector 93 of norm 0.0
18:37 gram_schmidt: Removing vector 94 of norm 0.0
18:37 gram_schmidt: Removing vector 95 of norm 0.0
18:37 gram_schmidt: Removing vector 96 of norm 0.0
18:37 gram_schmidt: Removing vector 97 of norm 0.0
18:37 gram_schmidt: Removing vector 98 of norm 0.0
18:37 gram_schmidt: Removing vector 99 of norm 0.0
18:37 gram_schmidt: Removing vector 100 of norm 0.0
18:37 gram_schmidt: Removing vector 101 of norm 0.0
</system-err></testcase><testcase classname="src.pymortests.algorithms.gram_schmidt" file="src/pymortests/algorithms/gram_schmidt.py" line="12" name="test_gram_schmidt[1-&lt;lambda&gt;5]" time="0.0026547908782958984"></testcase><testcase classname="src.pymortests.algorithms.gram_schmidt" file="src/pymortests/algorithms/gram_schmidt.py" line="12" name="test_gram_schmidt[1-&lt;lambda&gt;6]" time="0.0018782615661621094"></testcase><testcase classname="src.pymortests.algorithms.gram_schmidt" file="src/pymortests/algorithms/gram_schmidt.py" line="12" name="test_gram_schmidt[1-&lt;lambda&gt;7]" time="0.002418994903564453"></testcase><testcase classname="src.pymortests.algorithms.gram_schmidt" file="src/pymortests/algorithms/gram_schmidt.py" line="12" name="test_gram_schmidt[1-&lt;lambda&gt;8]" time="0.19292020797729492"><system-err>18:37 gram_schmidt: Orthonormalizing vector 31 again
18:37 gram_schmidt: Removing linearly dependent vector 32
18:37 gram_schmidt: Removing linearly dependent vector 33
18:37 gram_schmidt: Removing linearly dependent vector 34
18:37 gram_schmidt: Removing linearly dependent vector 35
18:37 gram_schmidt: Removing linearly dependent vector 36
18:37 gram_schmidt: Removing linearly dependent vector 37
18:37 gram_schmidt: Removing linearly dependent vector 38
18:37 gram_schmidt: Removing linearly dependent vector 39
18:37 gram_schmidt: Removing linearly dependent vector 40
18:37 gram_schmidt: Removing linearly dependent vector 41
18:37 gram_schmidt: Removing linearly dependent vector 42
18:37 gram_schmidt: Orthonormalizing vector 31 again
18:37 gram_schmidt: Removing linearly dependent vector 32
18:37 gram_schmidt: Removing linearly dependent vector 33
18:37 gram_schmidt: Removing linearly dependent vector 34
18:37 gram_schmidt: Removing linearly dependent vector 35
18:37 gram_schmidt: Removing linearly dependent vector 36
18:37 gram_schmidt: Removing linearly dependent vector 37
18:37 gram_schmidt: Removing linearly dependent vector 38
18:37 gram_schmidt: Removing linearly dependent vector 39
18:37 gram_schmidt: Removing linearly dependent vector 40
18:37 gram_schmidt: Removing linearly dependent vector 41
18:37 gram_schmidt: Removing linearly dependent vector 42
</system-err></testcase><testcase classname="src.pymortests.algorithms.gram_schmidt" file="src/pymortests/algorithms/gram_schmidt.py" line="12" name="test_gram_schmidt[1-&lt;lambda&gt;9]" time="0.0268099308013916"><system-err>18:37 gram_schmidt: Removing vector 0 of norm 0.0
18:37 gram_schmidt: Removing vector 1 of norm 0.0
18:37 gram_schmidt: Removing vector 2 of norm 0.0
18:37 gram_schmidt: Removing vector 3 of norm 0.0
18:37 gram_schmidt: Removing vector 4 of norm 0.0
18:37 gram_schmidt: Removing vector 5 of norm 0.0
18:37 gram_schmidt: Removing vector 6 of norm 0.0
18:37 gram_schmidt: Removing vector 7 of norm 0.0
18:37 gram_schmidt: Removing vector 8 of norm 0.0
18:37 gram_schmidt: Removing vector 9 of norm 0.0
18:37 gram_schmidt: Removing vector 10 of norm 0.0
18:37 gram_schmidt: Removing vector 11 of norm 0.0
18:37 gram_schmidt: Removing vector 12 of norm 0.0
18:37 gram_schmidt: Removing vector 13 of norm 0.0
18:37 gram_schmidt: Removing vector 14 of norm 0.0
18:37 gram_schmidt: Removing vector 15 of norm 0.0
18:37 gram_schmidt: Removing vector 16 of norm 0.0
18:37 gram_schmidt: Removing vector 17 of norm 0.0
18:37 gram_schmidt: Removing vector 18 of norm 0.0
18:37 gram_schmidt: Removing vector 19 of norm 0.0
18:37 gram_schmidt: Removing vector 20 of norm 0.0
18:37 gram_schmidt: Removing vector 21 of norm 0.0
18:37 gram_schmidt: Removing vector 22 of norm 0.0
18:37 gram_schmidt: Removing vector 23 of norm 0.0
18:37 gram_schmidt: Removing vector 24 of norm 0.0
18:37 gram_schmidt: Removing vector 25 of norm 0.0
18:37 gram_schmidt: Removing vector 26 of norm 0.0
18:37 gram_schmidt: Removing vector 27 of norm 0.0
18:37 gram_schmidt: Removing vector 28 of norm 0.0
18:37 gram_schmidt: Removing vector 29 of norm 0.0
18:37 gram_schmidt: Removing vector 30 of norm 0.0
18:37 gram_schmidt: Removing vector 31 of norm 0.0
18:37 gram_schmidt: Removing vector 32 of norm 0.0
18:37 gram_schmidt: Removing vector 33 of norm 0.0
18:37 gram_schmidt: Removing vector 34 of norm 0.0
18:37 gram_schmidt: Removing vector 35 of norm 0.0
18:37 gram_schmidt: Removing vector 36 of norm 0.0
18:37 gram_schmidt: Removing vector 37 of norm 0.0
18:37 gram_schmidt: Removing vector 38 of norm 0.0
18:37 gram_schmidt: Removing vector 39 of norm 0.0
18:37 gram_schmidt: Removing vector 40 of norm 0.0
18:37 gram_schmidt: Removing vector 41 of norm 0.0
18:37 gram_schmidt: Removing vector 42 of norm 0.0
18:37 gram_schmidt: Removing vector 43 of norm 0.0
18:37 gram_schmidt: Removing vector 44 of norm 0.0
18:37 gram_schmidt: Removing vector 45 of norm 0.0
18:37 gram_schmidt: Removing vector 46 of norm 0.0
18:37 gram_schmidt: Removing vector 47 of norm 0.0
18:37 gram_schmidt: Removing vector 48 of norm 0.0
18:37 gram_schmidt: Removing vector 49 of norm 0.0
18:37 gram_schmidt: Removing vector 50 of norm 0.0
18:37 gram_schmidt: Removing vector 51 of norm 0.0
18:37 gram_schmidt: Removing vector 52 of norm 0.0
18:37 gram_schmidt: Removing vector 53 of norm 0.0
18:37 gram_schmidt: Removing vector 54 of norm 0.0
18:37 gram_schmidt: Removing vector 55 of norm 0.0
18:37 gram_schmidt: Removing vector 56 of norm 0.0
18:37 gram_schmidt: Removing vector 57 of norm 0.0
18:37 gram_schmidt: Removing vector 58 of norm 0.0
18:37 gram_schmidt: Removing vector 59 of norm 0.0
18:37 gram_schmidt: Removing vector 60 of norm 0.0
18:37 gram_schmidt: Removing vector 61 of norm 0.0
18:37 gram_schmidt: Removing vector 62 of norm 0.0
18:37 gram_schmidt: Removing vector 63 of norm 0.0
18:37 gram_schmidt: Removing vector 64 of norm 0.0
18:37 gram_schmidt: Removing vector 65 of norm 0.0
18:37 gram_schmidt: Removing vector 66 of norm 0.0
18:37 gram_schmidt: Removing vector 67 of norm 0.0
18:37 gram_schmidt: Removing vector 68 of norm 0.0
18:37 gram_schmidt: Removing vector 69 of norm 0.0
18:37 gram_schmidt: Removing vector 70 of norm 0.0
18:37 gram_schmidt: Removing vector 71 of norm 0.0
18:37 gram_schmidt: Removing vector 72 of norm 0.0
18:37 gram_schmidt: Removing vector 73 of norm 0.0
18:37 gram_schmidt: Removing vector 74 of norm 0.0
18:37 gram_schmidt: Removing vector 75 of norm 0.0
18:37 gram_schmidt: Removing vector 76 of norm 0.0
18:37 gram_schmidt: Removing vector 77 of norm 0.0
18:37 gram_schmidt: Removing vector 78 of norm 0.0
18:37 gram_schmidt: Removing vector 79 of norm 0.0
18:37 gram_schmidt: Removing vector 80 of norm 0.0
18:37 gram_schmidt: Removing vector 81 of norm 0.0
18:37 gram_schmidt: Removing vector 82 of norm 0.0
18:37 gram_schmidt: Removing vector 83 of norm 0.0
18:37 gram_schmidt: Removing vector 84 of norm 0.0
18:37 gram_schmidt: Removing vector 85 of norm 0.0
18:37 gram_schmidt: Removing vector 86 of norm 0.0
18:37 gram_schmidt: Removing vector 87 of norm 0.0
18:37 gram_schmidt: Removing vector 88 of norm 0.0
18:37 gram_schmidt: Removing vector 89 of norm 0.0
18:37 gram_schmidt: Removing vector 90 of norm 0.0
18:37 gram_schmidt: Removing vector 91 of norm 0.0
18:37 gram_schmidt: Removing vector 92 of norm 0.0
18:37 gram_schmidt: Removing vector 93 of norm 0.0
18:37 gram_schmidt: Removing vector 94 of norm 0.0
18:37 gram_schmidt: Removing vector 95 of norm 0.0
18:37 gram_schmidt: Removing vector 96 of norm 0.0
18:37 gram_schmidt: Removing vector 97 of norm 0.0
18:37 gram_schmidt: Removing vector 98 of norm 0.0
18:37 gram_schmidt: Removing vector 99 of norm 0.0
18:37 gram_schmidt: Removing vector 100 of norm 0.0
18:37 gram_schmidt: Removing vector 101 of norm 0.0
18:37 gram_schmidt: Removing vector 0 of norm 0.0
18:37 gram_schmidt: Removing vector 1 of norm 0.0
18:37 gram_schmidt: Removing vector 2 of norm 0.0
18:37 gram_schmidt: Removing vector 3 of norm 0.0
18:37 gram_schmidt: Removing vector 4 of norm 0.0
18:37 gram_schmidt: Removing vector 5 of norm 0.0
18:37 gram_schmidt: Removing vector 6 of norm 0.0
18:37 gram_schmidt: Removing vector 7 of norm 0.0
18:37 gram_schmidt: Removing vector 8 of norm 0.0
18:37 gram_schmidt: Removing vector 9 of norm 0.0
18:37 gram_schmidt: Removing vector 10 of norm 0.0
18:37 gram_schmidt: Removing vector 11 of norm 0.0
18:37 gram_schmidt: Removing vector 12 of norm 0.0
18:37 gram_schmidt: Removing vector 13 of norm 0.0
18:37 gram_schmidt: Removing vector 14 of norm 0.0
18:37 gram_schmidt: Removing vector 15 of norm 0.0
18:37 gram_schmidt: Removing vector 16 of norm 0.0
18:37 gram_schmidt: Removing vector 17 of norm 0.0
18:37 gram_schmidt: Removing vector 18 of norm 0.0
18:37 gram_schmidt: Removing vector 19 of norm 0.0
18:37 gram_schmidt: Removing vector 20 of norm 0.0
18:37 gram_schmidt: Removing vector 21 of norm 0.0
18:37 gram_schmidt: Removing vector 22 of norm 0.0
18:37 gram_schmidt: Removing vector 23 of norm 0.0
18:37 gram_schmidt: Removing vector 24 of norm 0.0
18:37 gram_schmidt: Removing vector 25 of norm 0.0
18:37 gram_schmidt: Removing vector 26 of norm 0.0
18:37 gram_schmidt: Removing vector 27 of norm 0.0
18:37 gram_schmidt: Removing vector 28 of norm 0.0
18:37 gram_schmidt: Removing vector 29 of norm 0.0
18:37 gram_schmidt: Removing vector 30 of norm 0.0
18:37 gram_schmidt: Removing vector 31 of norm 0.0
18:37 gram_schmidt: Removing vector 32 of norm 0.0
18:37 gram_schmidt: Removing vector 33 of norm 0.0
18:37 gram_schmidt: Removing vector 34 of norm 0.0
18:37 gram_schmidt: Removing vector 35 of norm 0.0
18:37 gram_schmidt: Removing vector 36 of norm 0.0
18:37 gram_schmidt: Removing vector 37 of norm 0.0
18:37 gram_schmidt: Removing vector 38 of norm 0.0
18:37 gram_schmidt: Removing vector 39 of norm 0.0
18:37 gram_schmidt: Removing vector 40 of norm 0.0
18:37 gram_schmidt: Removing vector 41 of norm 0.0
18:37 gram_schmidt: Removing vector 42 of norm 0.0
18:37 gram_schmidt: Removing vector 43 of norm 0.0
18:37 gram_schmidt: Removing vector 44 of norm 0.0
18:37 gram_schmidt: Removing vector 45 of norm 0.0
18:37 gram_schmidt: Removing vector 46 of norm 0.0
18:37 gram_schmidt: Removing vector 47 of norm 0.0
18:37 gram_schmidt: Removing vector 48 of norm 0.0
18:37 gram_schmidt: Removing vector 49 of norm 0.0
18:37 gram_schmidt: Removing vector 50 of norm 0.0
18:37 gram_schmidt: Removing vector 51 of norm 0.0
18:37 gram_schmidt: Removing vector 52 of norm 0.0
18:37 gram_schmidt: Removing vector 53 of norm 0.0
18:37 gram_schmidt: Removing vector 54 of norm 0.0
18:37 gram_schmidt: Removing vector 55 of norm 0.0
18:37 gram_schmidt: Removing vector 56 of norm 0.0
18:37 gram_schmidt: Removing vector 57 of norm 0.0
18:37 gram_schmidt: Removing vector 58 of norm 0.0
18:37 gram_schmidt: Removing vector 59 of norm 0.0
18:37 gram_schmidt: Removing vector 60 of norm 0.0
18:37 gram_schmidt: Removing vector 61 of norm 0.0
18:37 gram_schmidt: Removing vector 62 of norm 0.0
18:37 gram_schmidt: Removing vector 63 of norm 0.0
18:37 gram_schmidt: Removing vector 64 of norm 0.0
18:37 gram_schmidt: Removing vector 65 of norm 0.0
18:37 gram_schmidt: Removing vector 66 of norm 0.0
18:37 gram_schmidt: Removing vector 67 of norm 0.0
18:37 gram_schmidt: Removing vector 68 of norm 0.0
18:37 gram_schmidt: Removing vector 69 of norm 0.0
18:37 gram_schmidt: Removing vector 70 of norm 0.0
18:37 gram_schmidt: Removing vector 71 of norm 0.0
18:37 gram_schmidt: Removing vector 72 of norm 0.0
18:37 gram_schmidt: Removing vector 73 of norm 0.0
18:37 gram_schmidt: Removing vector 74 of norm 0.0
18:37 gram_schmidt: Removing vector 75 of norm 0.0
18:37 gram_schmidt: Removing vector 76 of norm 0.0
18:37 gram_schmidt: Removing vector 77 of norm 0.0
18:37 gram_schmidt: Removing vector 78 of norm 0.0
18:37 gram_schmidt: Removing vector 79 of norm 0.0
18:37 gram_schmidt: Removing vector 80 of norm 0.0
18:37 gram_schmidt: Removing vector 81 of norm 0.0
18:37 gram_schmidt: Removing vector 82 of norm 0.0
18:37 gram_schmidt: Removing vector 83 of norm 0.0
18:37 gram_schmidt: Removing vector 84 of norm 0.0
18:37 gram_schmidt: Removing vector 85 of norm 0.0
18:37 gram_schmidt: Removing vector 86 of norm 0.0
18:37 gram_schmidt: Removing vector 87 of norm 0.0
18:37 gram_schmidt: Removing vector 88 of norm 0.0
18:37 gram_schmidt: Removing vector 89 of norm 0.0
18:37 gram_schmidt: Removing vector 90 of norm 0.0
18:37 gram_schmidt: Removing vector 91 of norm 0.0
18:37 gram_schmidt: Removing vector 92 of norm 0.0
18:37 gram_schmidt: Removing vector 93 of norm 0.0
18:37 gram_schmidt: Removing vector 94 of norm 0.0
18:37 gram_schmidt: Removing vector 95 of norm 0.0
18:37 gram_schmidt: Removing vector 96 of norm 0.0
18:37 gram_schmidt: Removing vector 97 of norm 0.0
18:37 gram_schmidt: Removing vector 98 of norm 0.0
18:37 gram_schmidt: Removing vector 99 of norm 0.0
18:37 gram_schmidt: Removing vector 100 of norm 0.0
18:37 gram_schmidt: Removing vector 101 of norm 0.0
</system-err></testcase><testcase classname="src.pymortests.algorithms.gram_schmidt" file="src/pymortests/algorithms/gram_schmidt.py" line="12" name="test_gram_schmidt[1-&lt;lambda&gt;10]" time="0.003540515899658203"></testcase><testcase classname="src.pymortests.algorithms.gram_schmidt" file="src/pymortests/algorithms/gram_schmidt.py" line="12" name="test_gram_schmidt[1-&lt;lambda&gt;11]" time="0.006731271743774414"><system-err>18:37 gram_schmidt: Removing linearly dependent vector 3
18:37 gram_schmidt: Removing linearly dependent vector 3
</system-err></testcase><testcase classname="src.pymortests.algorithms.gram_schmidt" file="src/pymortests/algorithms/gram_schmidt.py" line="12" name="test_gram_schmidt[1-&lt;lambda&gt;12]" time="0.003814220428466797"><system-err>18:37 gram_schmidt: Removing vector 0 of norm 0.0
18:37 gram_schmidt: Removing vector 1 of norm 0.0
18:37 gram_schmidt: Removing vector 2 of norm 0.0
18:37 gram_schmidt: Removing vector 0 of norm 0.0
18:37 gram_schmidt: Removing vector 1 of norm 0.0
18:37 gram_schmidt: Removing vector 2 of norm 0.0
</system-err></testcase><testcase classname="src.pymortests.algorithms.gram_schmidt" file="src/pymortests/algorithms/gram_schmidt.py" line="12" name="test_gram_schmidt[1-&lt;lambda&gt;13]" time="0.0026044845581054688"></testcase><testcase classname="src.pymortests.algorithms.gram_schmidt" file="src/pymortests/algorithms/gram_schmidt.py" line="12" name="test_gram_schmidt[1-&lt;lambda&gt;14]" time="0.004676342010498047"></testcase><testcase classname="src.pymortests.algorithms.gram_schmidt" file="src/pymortests/algorithms/gram_schmidt.py" line="12" name="test_gram_schmidt[1-&lt;lambda&gt;15]" time="0.3633909225463867"><system-err>18:38 gram_schmidt: Removing linearly dependent vector 36
18:38 gram_schmidt: Removing linearly dependent vector 37
18:38 gram_schmidt: Removing linearly dependent vector 38
18:38 gram_schmidt: Removing linearly dependent vector 39
18:38 gram_schmidt: Removing linearly dependent vector 40
18:38 gram_schmidt: Removing linearly dependent vector 41
18:38 gram_schmidt: Removing linearly dependent vector 42
18:38 gram_schmidt: Removing linearly dependent vector 36
18:38 gram_schmidt: Removing linearly dependent vector 37
18:38 gram_schmidt: Removing linearly dependent vector 38
18:38 gram_schmidt: Removing linearly dependent vector 39
18:38 gram_schmidt: Removing linearly dependent vector 40
18:38 gram_schmidt: Removing linearly dependent vector 41
18:38 gram_schmidt: Removing linearly dependent vector 42
</system-err></testcase><testcase classname="src.pymortests.algorithms.gram_schmidt" file="src/pymortests/algorithms/gram_schmidt.py" line="12" name="test_gram_schmidt[1-&lt;lambda&gt;16]" time="0.1826627254486084"><system-err>18:38 gram_schmidt: Removing linearly dependent vector 3
18:38 gram_schmidt: Removing linearly dependent vector 4
18:38 gram_schmidt: Removing linearly dependent vector 5
18:38 gram_schmidt: Removing linearly dependent vector 6
18:38 gram_schmidt: Removing linearly dependent vector 7
18:38 gram_schmidt: Removing linearly dependent vector 8
18:38 gram_schmidt: Removing linearly dependent vector 9
18:38 gram_schmidt: Removing linearly dependent vector 10
18:38 gram_schmidt: Removing linearly dependent vector 11
18:38 gram_schmidt: Removing linearly dependent vector 12
18:38 gram_schmidt: Removing linearly dependent vector 13
18:38 gram_schmidt: Removing linearly dependent vector 14
18:38 gram_schmidt: Removing linearly dependent vector 15
18:38 gram_schmidt: Removing linearly dependent vector 16
18:38 gram_schmidt: Removing linearly dependent vector 17
18:38 gram_schmidt: Removing linearly dependent vector 18
18:38 gram_schmidt: Removing linearly dependent vector 19
18:38 gram_schmidt: Removing linearly dependent vector 20
18:38 gram_schmidt: Removing linearly dependent vector 21
18:38 gram_schmidt: Removing linearly dependent vector 22
18:38 gram_schmidt: Removing linearly dependent vector 23
18:38 gram_schmidt: Removing linearly dependent vector 24
18:38 gram_schmidt: Removing linearly dependent vector 25
18:38 gram_schmidt: Removing linearly dependent vector 26
18:38 gram_schmidt: Removing linearly dependent vector 27
18:38 gram_schmidt: Removing linearly dependent vector 28
18:38 gram_schmidt: Removing linearly dependent vector 29
18:38 gram_schmidt: Removing linearly dependent vector 30
18:38 gram_schmidt: Removing linearly dependent vector 31
18:38 gram_schmidt: Removing linearly dependent vector 32
18:38 gram_schmidt: Removing linearly dependent vector 33
18:38 gram_schmidt: Removing linearly dependent vector 34
18:38 gram_schmidt: Removing linearly dependent vector 35
18:38 gram_schmidt: Removing linearly dependent vector 36
18:38 gram_schmidt: Removing linearly dependent vector 37
18:38 gram_schmidt: Removing linearly dependent vector 38
18:38 gram_schmidt: Removing linearly dependent vector 39
18:38 gram_schmidt: Removing linearly dependent vector 40
18:38 gram_schmidt: Removing linearly dependent vector 41
18:38 gram_schmidt: Removing linearly dependent vector 42
18:38 gram_schmidt: Removing linearly dependent vector 43
18:38 gram_schmidt: Removing linearly dependent vector 44
18:38 gram_schmidt: Removing linearly dependent vector 45
18:38 gram_schmidt: Removing linearly dependent vector 46
18:38 gram_schmidt: Removing linearly dependent vector 47
18:38 gram_schmidt: Removing linearly dependent vector 48
18:38 gram_schmidt: Removing linearly dependent vector 49
18:38 gram_schmidt: Removing linearly dependent vector 50
18:38 gram_schmidt: Removing linearly dependent vector 51
18:38 gram_schmidt: Removing linearly dependent vector 52
18:38 gram_schmidt: Removing linearly dependent vector 53
18:38 gram_schmidt: Removing linearly dependent vector 54
18:38 gram_schmidt: Removing linearly dependent vector 55
18:38 gram_schmidt: Removing linearly dependent vector 56
18:38 gram_schmidt: Removing linearly dependent vector 57
18:38 gram_schmidt: Removing linearly dependent vector 58
18:38 gram_schmidt: Removing linearly dependent vector 59
18:38 gram_schmidt: Removing linearly dependent vector 60
18:38 gram_schmidt: Removing linearly dependent vector 61
18:38 gram_schmidt: Removing linearly dependent vector 62
18:38 gram_schmidt: Removing linearly dependent vector 63
18:38 gram_schmidt: Removing linearly dependent vector 64
18:38 gram_schmidt: Removing linearly dependent vector 65
18:38 gram_schmidt: Removing linearly dependent vector 66
18:38 gram_schmidt: Removing linearly dependent vector 67
18:38 gram_schmidt: Removing linearly dependent vector 68
18:38 gram_schmidt: Removing linearly dependent vector 69
18:38 gram_schmidt: Removing linearly dependent vector 70
18:38 gram_schmidt: Removing linearly dependent vector 71
18:38 gram_schmidt: Removing linearly dependent vector 72
18:38 gram_schmidt: Removing linearly dependent vector 73
18:38 gram_schmidt: Removing linearly dependent vector 74
18:38 gram_schmidt: Removing linearly dependent vector 75
18:38 gram_schmidt: Removing linearly dependent vector 76
18:38 gram_schmidt: Removing linearly dependent vector 77
18:38 gram_schmidt: Removing linearly dependent vector 78
18:38 gram_schmidt: Removing linearly dependent vector 79
18:38 gram_schmidt: Removing linearly dependent vector 80
18:38 gram_schmidt: Removing linearly dependent vector 81
18:38 gram_schmidt: Removing linearly dependent vector 82
18:38 gram_schmidt: Removing linearly dependent vector 83
18:38 gram_schmidt: Removing linearly dependent vector 84
18:38 gram_schmidt: Removing linearly dependent vector 85
18:38 gram_schmidt: Removing linearly dependent vector 86
18:38 gram_schmidt: Removing linearly dependent vector 87
18:38 gram_schmidt: Removing linearly dependent vector 88
18:38 gram_schmidt: Removing linearly dependent vector 89
18:38 gram_schmidt: Removing linearly dependent vector 90
18:38 gram_schmidt: Removing linearly dependent vector 91
18:38 gram_schmidt: Removing linearly dependent vector 92
18:38 gram_schmidt: Removing linearly dependent vector 93
18:38 gram_schmidt: Removing linearly dependent vector 94
18:38 gram_schmidt: Removing linearly dependent vector 95
18:38 gram_schmidt: Removing linearly dependent vector 96
18:38 gram_schmidt: Removing linearly dependent vector 97
18:38 gram_schmidt: Removing linearly dependent vector 98
18:38 gram_schmidt: Removing linearly dependent vector 99
18:38 gram_schmidt: Removing linearly dependent vector 100
18:38 gram_schmidt: Removing linearly dependent vector 101
18:38 gram_schmidt: Removing linearly dependent vector 3
18:38 gram_schmidt: Removing linearly dependent vector 4
18:38 gram_schmidt: Removing linearly dependent vector 5
18:38 gram_schmidt: Removing linearly dependent vector 6
18:38 gram_schmidt: Removing linearly dependent vector 7
18:38 gram_schmidt: Removing linearly dependent vector 8
18:38 gram_schmidt: Removing linearly dependent vector 9
18:38 gram_schmidt: Removing linearly dependent vector 10
18:38 gram_schmidt: Removing linearly dependent vector 11
18:38 gram_schmidt: Removing linearly dependent vector 12
18:38 gram_schmidt: Removing linearly dependent vector 13
18:38 gram_schmidt: Removing linearly dependent vector 14
18:38 gram_schmidt: Removing linearly dependent vector 15
18:38 gram_schmidt: Removing linearly dependent vector 16
18:38 gram_schmidt: Removing linearly dependent vector 17
18:38 gram_schmidt: Removing linearly dependent vector 18
18:38 gram_schmidt: Removing linearly dependent vector 19
18:38 gram_schmidt: Removing linearly dependent vector 20
18:38 gram_schmidt: Removing linearly dependent vector 21
18:38 gram_schmidt: Removing linearly dependent vector 22
18:38 gram_schmidt: Removing linearly dependent vector 23
18:38 gram_schmidt: Removing linearly dependent vector 24
18:38 gram_schmidt: Removing linearly dependent vector 25
18:38 gram_schmidt: Removing linearly dependent vector 26
18:38 gram_schmidt: Removing linearly dependent vector 27
18:38 gram_schmidt: Removing linearly dependent vector 28
18:38 gram_schmidt: Removing linearly dependent vector 29
18:38 gram_schmidt: Removing linearly dependent vector 30
18:38 gram_schmidt: Removing linearly dependent vector 31
18:38 gram_schmidt: Removing linearly dependent vector 32
18:38 gram_schmidt: Removing linearly dependent vector 33
18:38 gram_schmidt: Removing linearly dependent vector 34
18:38 gram_schmidt: Removing linearly dependent vector 35
18:38 gram_schmidt: Removing linearly dependent vector 36
18:38 gram_schmidt: Removing linearly dependent vector 37
18:38 gram_schmidt: Removing linearly dependent vector 38
18:38 gram_schmidt: Removing linearly dependent vector 39
18:38 gram_schmidt: Removing linearly dependent vector 40
18:38 gram_schmidt: Removing linearly dependent vector 41
18:38 gram_schmidt: Removing linearly dependent vector 42
18:38 gram_schmidt: Removing linearly dependent vector 43
18:38 gram_schmidt: Removing linearly dependent vector 44
18:38 gram_schmidt: Removing linearly dependent vector 45
18:38 gram_schmidt: Removing linearly dependent vector 46
18:38 gram_schmidt: Removing linearly dependent vector 47
18:38 gram_schmidt: Removing linearly dependent vector 48
18:38 gram_schmidt: Removing linearly dependent vector 49
18:38 gram_schmidt: Removing linearly dependent vector 50
18:38 gram_schmidt: Removing linearly dependent vector 51
18:38 gram_schmidt: Removing linearly dependent vector 52
18:38 gram_schmidt: Removing linearly dependent vector 53
18:38 gram_schmidt: Removing linearly dependent vector 54
18:38 gram_schmidt: Removing linearly dependent vector 55
18:38 gram_schmidt: Removing linearly dependent vector 56
18:38 gram_schmidt: Removing linearly dependent vector 57
18:38 gram_schmidt: Removing linearly dependent vector 58
18:38 gram_schmidt: Removing linearly dependent vector 59
18:38 gram_schmidt: Removing linearly dependent vector 60
18:38 gram_schmidt: Removing linearly dependent vector 61
18:38 gram_schmidt: Removing linearly dependent vector 62
18:38 gram_schmidt: Removing linearly dependent vector 63
18:38 gram_schmidt: Removing linearly dependent vector 64
18:38 gram_schmidt: Removing linearly dependent vector 65
18:38 gram_schmidt: Removing linearly dependent vector 66
18:38 gram_schmidt: Removing linearly dependent vector 67
18:38 gram_schmidt: Removing linearly dependent vector 68
18:38 gram_schmidt: Removing linearly dependent vector 69
18:38 gram_schmidt: Removing linearly dependent vector 70
18:38 gram_schmidt: Removing linearly dependent vector 71
18:38 gram_schmidt: Removing linearly dependent vector 72
18:38 gram_schmidt: Removing linearly dependent vector 73
18:38 gram_schmidt: Removing linearly dependent vector 74
18:38 gram_schmidt: Removing linearly dependent vector 75
18:38 gram_schmidt: Removing linearly dependent vector 76
18:38 gram_schmidt: Removing linearly dependent vector 77
18:38 gram_schmidt: Removing linearly dependent vector 78
18:38 gram_schmidt: Removing linearly dependent vector 79
18:38 gram_schmidt: Removing linearly dependent vector 80
18:38 gram_schmidt: Removing linearly dependent vector 81
18:38 gram_schmidt: Removing linearly dependent vector 82
18:38 gram_schmidt: Removing linearly dependent vector 83
18:38 gram_schmidt: Removing linearly dependent vector 84
18:38 gram_schmidt: Removing linearly dependent vector 85
18:38 gram_schmidt: Removing linearly dependent vector 86
18:38 gram_schmidt: Removing linearly dependent vector 87
18:38 gram_schmidt: Removing linearly dependent vector 88
18:38 gram_schmidt: Removing linearly dependent vector 89
18:38 gram_schmidt: Removing linearly dependent vector 90
18:38 gram_schmidt: Removing linearly dependent vector 91
18:38 gram_schmidt: Removing linearly dependent vector 92
18:38 gram_schmidt: Removing linearly dependent vector 93
18:38 gram_schmidt: Removing linearly dependent vector 94
18:38 gram_schmidt: Removing linearly dependent vector 95
18:38 gram_schmidt: Removing linearly dependent vector 96
18:38 gram_schmidt: Removing linearly dependent vector 97
18:38 gram_schmidt: Removing linearly dependent vector 98
18:38 gram_schmidt: Removing linearly dependent vector 99
18:38 gram_schmidt: Removing linearly dependent vector 100
18:38 gram_schmidt: Removing linearly dependent vector 101
</system-err></testcase><testcase classname="src.pymortests.algorithms.gram_schmidt" file="src/pymortests/algorithms/gram_schmidt.py" line="12" name="test_gram_schmidt[1-&lt;lambda&gt;17]" time="0.003422260284423828"></testcase><testcase classname="src.pymortests.algorithms.gram_schmidt" file="src/pymortests/algorithms/gram_schmidt.py" line="12" name="test_gram_schmidt[1-&lt;lambda&gt;18]" time="0.0024840831756591797"></testcase><testcase classname="src.pymortests.algorithms.gram_schmidt" file="src/pymortests/algorithms/gram_schmidt.py" line="12" name="test_gram_schmidt[1-&lt;lambda&gt;19]" time="0.005056858062744141"></testcase><testcase classname="src.pymortests.algorithms.gram_schmidt" file="src/pymortests/algorithms/gram_schmidt.py" line="12" name="test_gram_schmidt[1-&lt;lambda&gt;20]" time="0.27940797805786133"></testcase><testcase classname="src.pymortests.algorithms.gram_schmidt" file="src/pymortests/algorithms/gram_schmidt.py" line="12" name="test_gram_schmidt[1-&lt;lambda&gt;21]" time="1.478666067123413"></testcase><testcase classname="src.pymortests.algorithms.gram_schmidt" file="src/pymortests/algorithms/gram_schmidt.py" line="12" name="test_gram_schmidt[1-&lt;lambda&gt;22]" time="0.0024979114532470703"></testcase><testcase classname="src.pymortests.algorithms.gram_schmidt" file="src/pymortests/algorithms/gram_schmidt.py" line="12" name="test_gram_schmidt[1-&lt;lambda&gt;23]" time="0.0020160675048828125"></testcase><testcase classname="src.pymortests.algorithms.gram_schmidt" file="src/pymortests/algorithms/gram_schmidt.py" line="12" name="test_gram_schmidt[1-&lt;lambda&gt;24]" time="0.007415771484375"></testcase><testcase classname="src.pymortests.algorithms.gram_schmidt" file="src/pymortests/algorithms/gram_schmidt.py" line="12" name="test_gram_schmidt[1-&lt;lambda&gt;25]" time="0.38154172897338867"><system-err>18:40 gram_schmidt: Orthonormalizing vector 31 again
18:40 gram_schmidt: Removing linearly dependent vector 32
18:40 gram_schmidt: Removing linearly dependent vector 33
18:40 gram_schmidt: Removing linearly dependent vector 34
18:40 gram_schmidt: Removing linearly dependent vector 35
18:40 gram_schmidt: Removing linearly dependent vector 36
18:40 gram_schmidt: Removing linearly dependent vector 37
18:40 gram_schmidt: Removing linearly dependent vector 38
18:40 gram_schmidt: Removing linearly dependent vector 39
18:40 gram_schmidt: Removing linearly dependent vector 40
18:40 gram_schmidt: Removing linearly dependent vector 41
18:40 gram_schmidt: Removing linearly dependent vector 42
18:40 gram_schmidt: Orthonormalizing vector 31 again
18:40 gram_schmidt: Removing linearly dependent vector 32
18:40 gram_schmidt: Removing linearly dependent vector 33
18:40 gram_schmidt: Removing linearly dependent vector 34
18:40 gram_schmidt: Removing linearly dependent vector 35
18:40 gram_schmidt: Removing linearly dependent vector 36
18:40 gram_schmidt: Removing linearly dependent vector 37
18:40 gram_schmidt: Removing linearly dependent vector 38
18:40 gram_schmidt: Removing linearly dependent vector 39
18:40 gram_schmidt: Removing linearly dependent vector 40
18:40 gram_schmidt: Removing linearly dependent vector 41
18:40 gram_schmidt: Removing linearly dependent vector 42
</system-err></testcase><testcase classname="src.pymortests.algorithms.gram_schmidt" file="src/pymortests/algorithms/gram_schmidt.py" line="12" name="test_gram_schmidt[1-&lt;lambda&gt;26]" time="0.23167991638183594"><system-err>18:40 gram_schmidt: Removing vector 0 of norm 0.0
18:40 gram_schmidt: Removing vector 1 of norm 0.0
18:40 gram_schmidt: Removing vector 2 of norm 0.0
18:40 gram_schmidt: Removing vector 3 of norm 0.0
18:40 gram_schmidt: Removing vector 4 of norm 0.0
18:40 gram_schmidt: Removing vector 5 of norm 0.0
18:40 gram_schmidt: Removing vector 6 of norm 0.0
18:40 gram_schmidt: Removing vector 7 of norm 0.0
18:40 gram_schmidt: Removing vector 8 of norm 0.0
18:40 gram_schmidt: Removing vector 9 of norm 0.0
18:40 gram_schmidt: Removing vector 10 of norm 0.0
18:40 gram_schmidt: Removing vector 11 of norm 0.0
18:40 gram_schmidt: Removing vector 12 of norm 0.0
18:40 gram_schmidt: Removing vector 13 of norm 0.0
18:40 gram_schmidt: Removing vector 14 of norm 0.0
18:40 gram_schmidt: Removing vector 15 of norm 0.0
18:40 gram_schmidt: Removing vector 16 of norm 0.0
18:40 gram_schmidt: Removing vector 17 of norm 0.0
18:40 gram_schmidt: Removing vector 18 of norm 0.0
18:40 gram_schmidt: Removing vector 19 of norm 0.0
18:40 gram_schmidt: Removing vector 20 of norm 0.0
18:40 gram_schmidt: Removing vector 21 of norm 0.0
18:40 gram_schmidt: Removing vector 22 of norm 0.0
18:40 gram_schmidt: Removing vector 23 of norm 0.0
18:40 gram_schmidt: Removing vector 24 of norm 0.0
18:40 gram_schmidt: Removing vector 25 of norm 0.0
18:40 gram_schmidt: Removing vector 26 of norm 0.0
18:40 gram_schmidt: Removing vector 27 of norm 0.0
18:40 gram_schmidt: Removing vector 28 of norm 0.0
18:40 gram_schmidt: Removing vector 29 of norm 0.0
18:40 gram_schmidt: Removing vector 30 of norm 0.0
18:40 gram_schmidt: Removing vector 31 of norm 0.0
18:40 gram_schmidt: Removing vector 32 of norm 0.0
18:40 gram_schmidt: Removing vector 33 of norm 0.0
18:40 gram_schmidt: Removing vector 34 of norm 0.0
18:40 gram_schmidt: Removing vector 35 of norm 0.0
18:40 gram_schmidt: Removing vector 36 of norm 0.0
18:40 gram_schmidt: Removing vector 37 of norm 0.0
18:40 gram_schmidt: Removing vector 38 of norm 0.0
18:40 gram_schmidt: Removing vector 39 of norm 0.0
18:40 gram_schmidt: Removing vector 40 of norm 0.0
18:40 gram_schmidt: Removing vector 41 of norm 0.0
18:40 gram_schmidt: Removing vector 42 of norm 0.0
18:40 gram_schmidt: Removing vector 43 of norm 0.0
18:40 gram_schmidt: Removing vector 44 of norm 0.0
18:40 gram_schmidt: Removing vector 45 of norm 0.0
18:40 gram_schmidt: Removing vector 46 of norm 0.0
18:40 gram_schmidt: Removing vector 47 of norm 0.0
18:40 gram_schmidt: Removing vector 48 of norm 0.0
18:40 gram_schmidt: Removing vector 49 of norm 0.0
18:40 gram_schmidt: Removing vector 50 of norm 0.0
18:40 gram_schmidt: Removing vector 51 of norm 0.0
18:40 gram_schmidt: Removing vector 52 of norm 0.0
18:40 gram_schmidt: Removing vector 53 of norm 0.0
18:40 gram_schmidt: Removing vector 54 of norm 0.0
18:40 gram_schmidt: Removing vector 55 of norm 0.0
18:40 gram_schmidt: Removing vector 56 of norm 0.0
18:40 gram_schmidt: Removing vector 57 of norm 0.0
18:40 gram_schmidt: Removing vector 58 of norm 0.0
18:40 gram_schmidt: Removing vector 59 of norm 0.0
18:40 gram_schmidt: Removing vector 60 of norm 0.0
18:40 gram_schmidt: Removing vector 61 of norm 0.0
18:40 gram_schmidt: Removing vector 62 of norm 0.0
18:40 gram_schmidt: Removing vector 63 of norm 0.0
18:40 gram_schmidt: Removing vector 64 of norm 0.0
18:40 gram_schmidt: Removing vector 65 of norm 0.0
18:40 gram_schmidt: Removing vector 66 of norm 0.0
18:40 gram_schmidt: Removing vector 67 of norm 0.0
18:40 gram_schmidt: Removing vector 68 of norm 0.0
18:40 gram_schmidt: Removing vector 69 of norm 0.0
18:40 gram_schmidt: Removing vector 70 of norm 0.0
18:40 gram_schmidt: Removing vector 71 of norm 0.0
18:40 gram_schmidt: Removing vector 72 of norm 0.0
18:40 gram_schmidt: Removing vector 73 of norm 0.0
18:40 gram_schmidt: Removing vector 74 of norm 0.0
18:40 gram_schmidt: Removing vector 75 of norm 0.0
18:40 gram_schmidt: Removing vector 76 of norm 0.0
18:40 gram_schmidt: Removing vector 77 of norm 0.0
18:40 gram_schmidt: Removing vector 78 of norm 0.0
18:40 gram_schmidt: Removing vector 79 of norm 0.0
18:40 gram_schmidt: Removing vector 80 of norm 0.0
18:40 gram_schmidt: Removing vector 81 of norm 0.0
18:40 gram_schmidt: Removing vector 82 of norm 0.0
18:40 gram_schmidt: Removing vector 83 of norm 0.0
18:40 gram_schmidt: Removing vector 84 of norm 0.0
18:40 gram_schmidt: Removing vector 85 of norm 0.0
18:40 gram_schmidt: Removing vector 86 of norm 0.0
18:40 gram_schmidt: Removing vector 87 of norm 0.0
18:40 gram_schmidt: Removing vector 88 of norm 0.0
18:40 gram_schmidt: Removing vector 89 of norm 0.0
18:40 gram_schmidt: Removing vector 90 of norm 0.0
18:40 gram_schmidt: Removing vector 91 of norm 0.0
18:40 gram_schmidt: Removing vector 92 of norm 0.0
18:40 gram_schmidt: Removing vector 93 of norm 0.0
18:40 gram_schmidt: Removing vector 94 of norm 0.0
18:40 gram_schmidt: Removing vector 95 of norm 0.0
18:40 gram_schmidt: Removing vector 96 of norm 0.0
18:40 gram_schmidt: Removing vector 97 of norm 0.0
18:40 gram_schmidt: Removing vector 98 of norm 0.0
18:40 gram_schmidt: Removing vector 99 of norm 0.0
18:40 gram_schmidt: Removing vector 100 of norm 0.0
18:40 gram_schmidt: Removing vector 101 of norm 0.0
18:40 gram_schmidt: Removing vector 0 of norm 0.0
18:40 gram_schmidt: Removing vector 1 of norm 0.0
18:40 gram_schmidt: Removing vector 2 of norm 0.0
18:40 gram_schmidt: Removing vector 3 of norm 0.0
18:40 gram_schmidt: Removing vector 4 of norm 0.0
18:40 gram_schmidt: Removing vector 5 of norm 0.0
18:40 gram_schmidt: Removing vector 6 of norm 0.0
18:40 gram_schmidt: Removing vector 7 of norm 0.0
18:40 gram_schmidt: Removing vector 8 of norm 0.0
18:40 gram_schmidt: Removing vector 9 of norm 0.0
18:40 gram_schmidt: Removing vector 10 of norm 0.0
18:40 gram_schmidt: Removing vector 11 of norm 0.0
18:40 gram_schmidt: Removing vector 12 of norm 0.0
18:40 gram_schmidt: Removing vector 13 of norm 0.0
18:40 gram_schmidt: Removing vector 14 of norm 0.0
18:40 gram_schmidt: Removing vector 15 of norm 0.0
18:40 gram_schmidt: Removing vector 16 of norm 0.0
18:40 gram_schmidt: Removing vector 17 of norm 0.0
18:40 gram_schmidt: Removing vector 18 of norm 0.0
18:40 gram_schmidt: Removing vector 19 of norm 0.0
18:40 gram_schmidt: Removing vector 20 of norm 0.0
18:40 gram_schmidt: Removing vector 21 of norm 0.0
18:40 gram_schmidt: Removing vector 22 of norm 0.0
18:40 gram_schmidt: Removing vector 23 of norm 0.0
18:40 gram_schmidt: Removing vector 24 of norm 0.0
18:40 gram_schmidt: Removing vector 25 of norm 0.0
18:40 gram_schmidt: Removing vector 26 of norm 0.0
18:40 gram_schmidt: Removing vector 27 of norm 0.0
18:40 gram_schmidt: Removing vector 28 of norm 0.0
18:40 gram_schmidt: Removing vector 29 of norm 0.0
18:40 gram_schmidt: Removing vector 30 of norm 0.0
18:40 gram_schmidt: Removing vector 31 of norm 0.0
18:40 gram_schmidt: Removing vector 32 of norm 0.0
18:40 gram_schmidt: Removing vector 33 of norm 0.0
18:40 gram_schmidt: Removing vector 34 of norm 0.0
18:40 gram_schmidt: Removing vector 35 of norm 0.0
18:40 gram_schmidt: Removing vector 36 of norm 0.0
18:40 gram_schmidt: Removing vector 37 of norm 0.0
18:40 gram_schmidt: Removing vector 38 of norm 0.0
18:40 gram_schmidt: Removing vector 39 of norm 0.0
18:40 gram_schmidt: Removing vector 40 of norm 0.0
18:40 gram_schmidt: Removing vector 41 of norm 0.0
18:40 gram_schmidt: Removing vector 42 of norm 0.0
18:40 gram_schmidt: Removing vector 43 of norm 0.0
18:40 gram_schmidt: Removing vector 44 of norm 0.0
18:40 gram_schmidt: Removing vector 45 of norm 0.0
18:40 gram_schmidt: Removing vector 46 of norm 0.0
18:40 gram_schmidt: Removing vector 47 of norm 0.0
18:40 gram_schmidt: Removing vector 48 of norm 0.0
18:40 gram_schmidt: Removing vector 49 of norm 0.0
18:40 gram_schmidt: Removing vector 50 of norm 0.0
18:40 gram_schmidt: Removing vector 51 of norm 0.0
18:40 gram_schmidt: Removing vector 52 of norm 0.0
18:40 gram_schmidt: Removing vector 53 of norm 0.0
18:40 gram_schmidt: Removing vector 54 of norm 0.0
18:40 gram_schmidt: Removing vector 55 of norm 0.0
18:40 gram_schmidt: Removing vector 56 of norm 0.0
18:40 gram_schmidt: Removing vector 57 of norm 0.0
18:40 gram_schmidt: Removing vector 58 of norm 0.0
18:40 gram_schmidt: Removing vector 59 of norm 0.0
18:40 gram_schmidt: Removing vector 60 of norm 0.0
18:40 gram_schmidt: Removing vector 61 of norm 0.0
18:40 gram_schmidt: Removing vector 62 of norm 0.0
18:40 gram_schmidt: Removing vector 63 of norm 0.0
18:40 gram_schmidt: Removing vector 64 of norm 0.0
18:40 gram_schmidt: Removing vector 65 of norm 0.0
18:40 gram_schmidt: Removing vector 66 of norm 0.0
18:40 gram_schmidt: Removing vector 67 of norm 0.0
18:40 gram_schmidt: Removing vector 68 of norm 0.0
18:40 gram_schmidt: Removing vector 69 of norm 0.0
18:40 gram_schmidt: Removing vector 70 of norm 0.0
18:40 gram_schmidt: Removing vector 71 of norm 0.0
18:40 gram_schmidt: Removing vector 72 of norm 0.0
18:40 gram_schmidt: Removing vector 73 of norm 0.0
18:40 gram_schmidt: Removing vector 74 of norm 0.0
18:40 gram_schmidt: Removing vector 75 of norm 0.0
18:40 gram_schmidt: Removing vector 76 of norm 0.0
18:40 gram_schmidt: Removing vector 77 of norm 0.0
18:40 gram_schmidt: Removing vector 78 of norm 0.0
18:40 gram_schmidt: Removing vector 79 of norm 0.0
18:40 gram_schmidt: Removing vector 80 of norm 0.0
18:40 gram_schmidt: Removing vector 81 of norm 0.0
18:40 gram_schmidt: Removing vector 82 of norm 0.0
18:40 gram_schmidt: Removing vector 83 of norm 0.0
18:40 gram_schmidt: Removing vector 84 of norm 0.0
18:40 gram_schmidt: Removing vector 85 of norm 0.0
18:40 gram_schmidt: Removing vector 86 of norm 0.0
18:40 gram_schmidt: Removing vector 87 of norm 0.0
18:40 gram_schmidt: Removing vector 88 of norm 0.0
18:40 gram_schmidt: Removing vector 89 of norm 0.0
18:40 gram_schmidt: Removing vector 90 of norm 0.0
18:40 gram_schmidt: Removing vector 91 of norm 0.0
18:40 gram_schmidt: Removing vector 92 of norm 0.0
18:40 gram_schmidt: Removing vector 93 of norm 0.0
18:40 gram_schmidt: Removing vector 94 of norm 0.0
18:40 gram_schmidt: Removing vector 95 of norm 0.0
18:40 gram_schmidt: Removing vector 96 of norm 0.0
18:40 gram_schmidt: Removing vector 97 of norm 0.0
18:40 gram_schmidt: Removing vector 98 of norm 0.0
18:40 gram_schmidt: Removing vector 99 of norm 0.0
18:40 gram_schmidt: Removing vector 100 of norm 0.0
18:40 gram_schmidt: Removing vector 101 of norm 0.0
</system-err></testcase><testcase classname="src.pymortests.algorithms.gram_schmidt" file="src/pymortests/algorithms/gram_schmidt.py" line="12" name="test_gram_schmidt[2-&lt;lambda&gt;0]" time="0.002583742141723633"></testcase><testcase classname="src.pymortests.algorithms.gram_schmidt" file="src/pymortests/algorithms/gram_schmidt.py" line="12" name="test_gram_schmidt[2-&lt;lambda&gt;1]" time="0.001870870590209961"></testcase><testcase classname="src.pymortests.algorithms.gram_schmidt" file="src/pymortests/algorithms/gram_schmidt.py" line="12" name="test_gram_schmidt[2-&lt;lambda&gt;2]" time="0.002167224884033203"></testcase><testcase classname="src.pymortests.algorithms.gram_schmidt" file="src/pymortests/algorithms/gram_schmidt.py" line="12" name="test_gram_schmidt[2-&lt;lambda&gt;3]" time="0.1035926342010498"><system-err>18:40 gram_schmidt: Orthonormalizing vector 31 again
18:40 gram_schmidt: Removing linearly dependent vector 32
18:40 gram_schmidt: Removing linearly dependent vector 33
18:40 gram_schmidt: Removing linearly dependent vector 34
18:40 gram_schmidt: Removing linearly dependent vector 35
18:40 gram_schmidt: Removing linearly dependent vector 36
18:40 gram_schmidt: Removing linearly dependent vector 37
18:40 gram_schmidt: Removing linearly dependent vector 38
18:40 gram_schmidt: Removing linearly dependent vector 39
18:40 gram_schmidt: Removing linearly dependent vector 40
18:40 gram_schmidt: Removing linearly dependent vector 41
18:40 gram_schmidt: Removing linearly dependent vector 42
18:40 gram_schmidt: Orthonormalizing vector 31 again
18:40 gram_schmidt: Removing linearly dependent vector 32
18:40 gram_schmidt: Removing linearly dependent vector 33
18:40 gram_schmidt: Removing linearly dependent vector 34
18:40 gram_schmidt: Removing linearly dependent vector 35
18:40 gram_schmidt: Removing linearly dependent vector 36
18:40 gram_schmidt: Removing linearly dependent vector 37
18:40 gram_schmidt: Removing linearly dependent vector 38
18:40 gram_schmidt: Removing linearly dependent vector 39
18:40 gram_schmidt: Removing linearly dependent vector 40
18:40 gram_schmidt: Removing linearly dependent vector 41
18:40 gram_schmidt: Removing linearly dependent vector 42
</system-err></testcase><testcase classname="src.pymortests.algorithms.gram_schmidt" file="src/pymortests/algorithms/gram_schmidt.py" line="12" name="test_gram_schmidt[2-&lt;lambda&gt;4]" time="0.02103590965270996"><system-err>18:40 gram_schmidt: Removing vector 0 of norm 0.0
18:40 gram_schmidt: Removing vector 1 of norm 0.0
18:40 gram_schmidt: Removing vector 2 of norm 0.0
18:40 gram_schmidt: Removing vector 3 of norm 0.0
18:40 gram_schmidt: Removing vector 4 of norm 0.0
18:40 gram_schmidt: Removing vector 5 of norm 0.0
18:40 gram_schmidt: Removing vector 6 of norm 0.0
18:40 gram_schmidt: Removing vector 7 of norm 0.0
18:40 gram_schmidt: Removing vector 8 of norm 0.0
18:40 gram_schmidt: Removing vector 9 of norm 0.0
18:40 gram_schmidt: Removing vector 10 of norm 0.0
18:40 gram_schmidt: Removing vector 11 of norm 0.0
18:40 gram_schmidt: Removing vector 12 of norm 0.0
18:40 gram_schmidt: Removing vector 13 of norm 0.0
18:40 gram_schmidt: Removing vector 14 of norm 0.0
18:40 gram_schmidt: Removing vector 15 of norm 0.0
18:40 gram_schmidt: Removing vector 16 of norm 0.0
18:40 gram_schmidt: Removing vector 17 of norm 0.0
18:40 gram_schmidt: Removing vector 18 of norm 0.0
18:40 gram_schmidt: Removing vector 19 of norm 0.0
18:40 gram_schmidt: Removing vector 20 of norm 0.0
18:40 gram_schmidt: Removing vector 21 of norm 0.0
18:40 gram_schmidt: Removing vector 22 of norm 0.0
18:40 gram_schmidt: Removing vector 23 of norm 0.0
18:40 gram_schmidt: Removing vector 24 of norm 0.0
18:40 gram_schmidt: Removing vector 25 of norm 0.0
18:40 gram_schmidt: Removing vector 26 of norm 0.0
18:40 gram_schmidt: Removing vector 27 of norm 0.0
18:40 gram_schmidt: Removing vector 28 of norm 0.0
18:40 gram_schmidt: Removing vector 29 of norm 0.0
18:40 gram_schmidt: Removing vector 30 of norm 0.0
18:40 gram_schmidt: Removing vector 31 of norm 0.0
18:40 gram_schmidt: Removing vector 32 of norm 0.0
18:40 gram_schmidt: Removing vector 33 of norm 0.0
18:40 gram_schmidt: Removing vector 34 of norm 0.0
18:40 gram_schmidt: Removing vector 35 of norm 0.0
18:40 gram_schmidt: Removing vector 36 of norm 0.0
18:40 gram_schmidt: Removing vector 37 of norm 0.0
18:40 gram_schmidt: Removing vector 38 of norm 0.0
18:40 gram_schmidt: Removing vector 39 of norm 0.0
18:40 gram_schmidt: Removing vector 40 of norm 0.0
18:40 gram_schmidt: Removing vector 41 of norm 0.0
18:40 gram_schmidt: Removing vector 42 of norm 0.0
18:40 gram_schmidt: Removing vector 43 of norm 0.0
18:40 gram_schmidt: Removing vector 44 of norm 0.0
18:40 gram_schmidt: Removing vector 45 of norm 0.0
18:40 gram_schmidt: Removing vector 46 of norm 0.0
18:40 gram_schmidt: Removing vector 47 of norm 0.0
18:40 gram_schmidt: Removing vector 48 of norm 0.0
18:40 gram_schmidt: Removing vector 49 of norm 0.0
18:40 gram_schmidt: Removing vector 50 of norm 0.0
18:40 gram_schmidt: Removing vector 51 of norm 0.0
18:40 gram_schmidt: Removing vector 52 of norm 0.0
18:40 gram_schmidt: Removing vector 53 of norm 0.0
18:40 gram_schmidt: Removing vector 54 of norm 0.0
18:40 gram_schmidt: Removing vector 55 of norm 0.0
18:40 gram_schmidt: Removing vector 56 of norm 0.0
18:40 gram_schmidt: Removing vector 57 of norm 0.0
18:40 gram_schmidt: Removing vector 58 of norm 0.0
18:40 gram_schmidt: Removing vector 59 of norm 0.0
18:40 gram_schmidt: Removing vector 60 of norm 0.0
18:40 gram_schmidt: Removing vector 61 of norm 0.0
18:40 gram_schmidt: Removing vector 62 of norm 0.0
18:40 gram_schmidt: Removing vector 63 of norm 0.0
18:40 gram_schmidt: Removing vector 64 of norm 0.0
18:40 gram_schmidt: Removing vector 65 of norm 0.0
18:40 gram_schmidt: Removing vector 66 of norm 0.0
18:40 gram_schmidt: Removing vector 67 of norm 0.0
18:40 gram_schmidt: Removing vector 68 of norm 0.0
18:40 gram_schmidt: Removing vector 69 of norm 0.0
18:40 gram_schmidt: Removing vector 70 of norm 0.0
18:40 gram_schmidt: Removing vector 71 of norm 0.0
18:40 gram_schmidt: Removing vector 72 of norm 0.0
18:40 gram_schmidt: Removing vector 73 of norm 0.0
18:40 gram_schmidt: Removing vector 74 of norm 0.0
18:40 gram_schmidt: Removing vector 75 of norm 0.0
18:40 gram_schmidt: Removing vector 76 of norm 0.0
18:40 gram_schmidt: Removing vector 77 of norm 0.0
18:40 gram_schmidt: Removing vector 78 of norm 0.0
18:40 gram_schmidt: Removing vector 79 of norm 0.0
18:40 gram_schmidt: Removing vector 80 of norm 0.0
18:40 gram_schmidt: Removing vector 81 of norm 0.0
18:40 gram_schmidt: Removing vector 82 of norm 0.0
18:40 gram_schmidt: Removing vector 83 of norm 0.0
18:40 gram_schmidt: Removing vector 84 of norm 0.0
18:40 gram_schmidt: Removing vector 85 of norm 0.0
18:40 gram_schmidt: Removing vector 86 of norm 0.0
18:40 gram_schmidt: Removing vector 87 of norm 0.0
18:40 gram_schmidt: Removing vector 88 of norm 0.0
18:40 gram_schmidt: Removing vector 89 of norm 0.0
18:40 gram_schmidt: Removing vector 90 of norm 0.0
18:40 gram_schmidt: Removing vector 91 of norm 0.0
18:40 gram_schmidt: Removing vector 92 of norm 0.0
18:40 gram_schmidt: Removing vector 93 of norm 0.0
18:40 gram_schmidt: Removing vector 94 of norm 0.0
18:40 gram_schmidt: Removing vector 95 of norm 0.0
18:40 gram_schmidt: Removing vector 96 of norm 0.0
18:40 gram_schmidt: Removing vector 97 of norm 0.0
18:40 gram_schmidt: Removing vector 98 of norm 0.0
18:40 gram_schmidt: Removing vector 99 of norm 0.0
18:40 gram_schmidt: Removing vector 100 of norm 0.0
18:40 gram_schmidt: Removing vector 101 of norm 0.0
18:40 gram_schmidt: Removing vector 0 of norm 0.0
18:40 gram_schmidt: Removing vector 1 of norm 0.0
18:40 gram_schmidt: Removing vector 2 of norm 0.0
18:40 gram_schmidt: Removing vector 3 of norm 0.0
18:40 gram_schmidt: Removing vector 4 of norm 0.0
18:40 gram_schmidt: Removing vector 5 of norm 0.0
18:40 gram_schmidt: Removing vector 6 of norm 0.0
18:40 gram_schmidt: Removing vector 7 of norm 0.0
18:40 gram_schmidt: Removing vector 8 of norm 0.0
18:40 gram_schmidt: Removing vector 9 of norm 0.0
18:40 gram_schmidt: Removing vector 10 of norm 0.0
18:40 gram_schmidt: Removing vector 11 of norm 0.0
18:40 gram_schmidt: Removing vector 12 of norm 0.0
18:40 gram_schmidt: Removing vector 13 of norm 0.0
18:40 gram_schmidt: Removing vector 14 of norm 0.0
18:40 gram_schmidt: Removing vector 15 of norm 0.0
18:40 gram_schmidt: Removing vector 16 of norm 0.0
18:40 gram_schmidt: Removing vector 17 of norm 0.0
18:40 gram_schmidt: Removing vector 18 of norm 0.0
18:40 gram_schmidt: Removing vector 19 of norm 0.0
18:40 gram_schmidt: Removing vector 20 of norm 0.0
18:40 gram_schmidt: Removing vector 21 of norm 0.0
18:40 gram_schmidt: Removing vector 22 of norm 0.0
18:40 gram_schmidt: Removing vector 23 of norm 0.0
18:40 gram_schmidt: Removing vector 24 of norm 0.0
18:40 gram_schmidt: Removing vector 25 of norm 0.0
18:40 gram_schmidt: Removing vector 26 of norm 0.0
18:40 gram_schmidt: Removing vector 27 of norm 0.0
18:40 gram_schmidt: Removing vector 28 of norm 0.0
18:40 gram_schmidt: Removing vector 29 of norm 0.0
18:40 gram_schmidt: Removing vector 30 of norm 0.0
18:40 gram_schmidt: Removing vector 31 of norm 0.0
18:40 gram_schmidt: Removing vector 32 of norm 0.0
18:40 gram_schmidt: Removing vector 33 of norm 0.0
18:40 gram_schmidt: Removing vector 34 of norm 0.0
18:40 gram_schmidt: Removing vector 35 of norm 0.0
18:40 gram_schmidt: Removing vector 36 of norm 0.0
18:40 gram_schmidt: Removing vector 37 of norm 0.0
18:40 gram_schmidt: Removing vector 38 of norm 0.0
18:40 gram_schmidt: Removing vector 39 of norm 0.0
18:40 gram_schmidt: Removing vector 40 of norm 0.0
18:40 gram_schmidt: Removing vector 41 of norm 0.0
18:40 gram_schmidt: Removing vector 42 of norm 0.0
18:40 gram_schmidt: Removing vector 43 of norm 0.0
18:40 gram_schmidt: Removing vector 44 of norm 0.0
18:40 gram_schmidt: Removing vector 45 of norm 0.0
18:40 gram_schmidt: Removing vector 46 of norm 0.0
18:40 gram_schmidt: Removing vector 47 of norm 0.0
18:40 gram_schmidt: Removing vector 48 of norm 0.0
18:40 gram_schmidt: Removing vector 49 of norm 0.0
18:40 gram_schmidt: Removing vector 50 of norm 0.0
18:40 gram_schmidt: Removing vector 51 of norm 0.0
18:40 gram_schmidt: Removing vector 52 of norm 0.0
18:40 gram_schmidt: Removing vector 53 of norm 0.0
18:40 gram_schmidt: Removing vector 54 of norm 0.0
18:40 gram_schmidt: Removing vector 55 of norm 0.0
18:40 gram_schmidt: Removing vector 56 of norm 0.0
18:40 gram_schmidt: Removing vector 57 of norm 0.0
18:40 gram_schmidt: Removing vector 58 of norm 0.0
18:40 gram_schmidt: Removing vector 59 of norm 0.0
18:40 gram_schmidt: Removing vector 60 of norm 0.0
18:40 gram_schmidt: Removing vector 61 of norm 0.0
18:40 gram_schmidt: Removing vector 62 of norm 0.0
18:40 gram_schmidt: Removing vector 63 of norm 0.0
18:40 gram_schmidt: Removing vector 64 of norm 0.0
18:40 gram_schmidt: Removing vector 65 of norm 0.0
18:40 gram_schmidt: Removing vector 66 of norm 0.0
18:40 gram_schmidt: Removing vector 67 of norm 0.0
18:40 gram_schmidt: Removing vector 68 of norm 0.0
18:40 gram_schmidt: Removing vector 69 of norm 0.0
18:40 gram_schmidt: Removing vector 70 of norm 0.0
18:40 gram_schmidt: Removing vector 71 of norm 0.0
18:40 gram_schmidt: Removing vector 72 of norm 0.0
18:40 gram_schmidt: Removing vector 73 of norm 0.0
18:40 gram_schmidt: Removing vector 74 of norm 0.0
18:40 gram_schmidt: Removing vector 75 of norm 0.0
18:40 gram_schmidt: Removing vector 76 of norm 0.0
18:40 gram_schmidt: Removing vector 77 of norm 0.0
18:40 gram_schmidt: Removing vector 78 of norm 0.0
18:40 gram_schmidt: Removing vector 79 of norm 0.0
18:40 gram_schmidt: Removing vector 80 of norm 0.0
18:40 gram_schmidt: Removing vector 81 of norm 0.0
18:40 gram_schmidt: Removing vector 82 of norm 0.0
18:40 gram_schmidt: Removing vector 83 of norm 0.0
18:40 gram_schmidt: Removing vector 84 of norm 0.0
18:40 gram_schmidt: Removing vector 85 of norm 0.0
18:40 gram_schmidt: Removing vector 86 of norm 0.0
18:40 gram_schmidt: Removing vector 87 of norm 0.0
18:40 gram_schmidt: Removing vector 88 of norm 0.0
18:40 gram_schmidt: Removing vector 89 of norm 0.0
18:40 gram_schmidt: Removing vector 90 of norm 0.0
18:40 gram_schmidt: Removing vector 91 of norm 0.0
18:40 gram_schmidt: Removing vector 92 of norm 0.0
18:40 gram_schmidt: Removing vector 93 of norm 0.0
18:40 gram_schmidt: Removing vector 94 of norm 0.0
18:40 gram_schmidt: Removing vector 95 of norm 0.0
18:40 gram_schmidt: Removing vector 96 of norm 0.0
18:40 gram_schmidt: Removing vector 97 of norm 0.0
18:40 gram_schmidt: Removing vector 98 of norm 0.0
18:40 gram_schmidt: Removing vector 99 of norm 0.0
18:40 gram_schmidt: Removing vector 100 of norm 0.0
18:40 gram_schmidt: Removing vector 101 of norm 0.0
</system-err></testcase><testcase classname="src.pymortests.algorithms.gram_schmidt" file="src/pymortests/algorithms/gram_schmidt.py" line="12" name="test_gram_schmidt[2-&lt;lambda&gt;5]" time="0.0026397705078125"></testcase><testcase classname="src.pymortests.algorithms.gram_schmidt" file="src/pymortests/algorithms/gram_schmidt.py" line="12" name="test_gram_schmidt[2-&lt;lambda&gt;6]" time="0.0019600391387939453"></testcase><testcase classname="src.pymortests.algorithms.gram_schmidt" file="src/pymortests/algorithms/gram_schmidt.py" line="12" name="test_gram_schmidt[2-&lt;lambda&gt;7]" time="0.0023949146270751953"></testcase><testcase classname="src.pymortests.algorithms.gram_schmidt" file="src/pymortests/algorithms/gram_schmidt.py" line="12" name="test_gram_schmidt[2-&lt;lambda&gt;8]" time="0.19244956970214844"><system-err>18:41 gram_schmidt: Orthonormalizing vector 31 again
18:41 gram_schmidt: Removing linearly dependent vector 32
18:41 gram_schmidt: Removing linearly dependent vector 33
18:41 gram_schmidt: Removing linearly dependent vector 34
18:41 gram_schmidt: Removing linearly dependent vector 35
18:41 gram_schmidt: Removing linearly dependent vector 36
18:41 gram_schmidt: Removing linearly dependent vector 37
18:41 gram_schmidt: Removing linearly dependent vector 38
18:41 gram_schmidt: Removing linearly dependent vector 39
18:41 gram_schmidt: Removing linearly dependent vector 40
18:41 gram_schmidt: Removing linearly dependent vector 41
18:41 gram_schmidt: Removing linearly dependent vector 42
18:41 gram_schmidt: Orthonormalizing vector 31 again
18:41 gram_schmidt: Removing linearly dependent vector 32
18:41 gram_schmidt: Removing linearly dependent vector 33
18:41 gram_schmidt: Removing linearly dependent vector 34
18:41 gram_schmidt: Removing linearly dependent vector 35
18:41 gram_schmidt: Removing linearly dependent vector 36
18:41 gram_schmidt: Removing linearly dependent vector 37
18:41 gram_schmidt: Removing linearly dependent vector 38
18:41 gram_schmidt: Removing linearly dependent vector 39
18:41 gram_schmidt: Removing linearly dependent vector 40
18:41 gram_schmidt: Removing linearly dependent vector 41
18:41 gram_schmidt: Removing linearly dependent vector 42
</system-err></testcase><testcase classname="src.pymortests.algorithms.gram_schmidt" file="src/pymortests/algorithms/gram_schmidt.py" line="12" name="test_gram_schmidt[2-&lt;lambda&gt;9]" time="0.027185678482055664"><system-err>18:41 gram_schmidt: Removing vector 0 of norm 0.0
18:41 gram_schmidt: Removing vector 1 of norm 0.0
18:41 gram_schmidt: Removing vector 2 of norm 0.0
18:41 gram_schmidt: Removing vector 3 of norm 0.0
18:41 gram_schmidt: Removing vector 4 of norm 0.0
18:41 gram_schmidt: Removing vector 5 of norm 0.0
18:41 gram_schmidt: Removing vector 6 of norm 0.0
18:41 gram_schmidt: Removing vector 7 of norm 0.0
18:41 gram_schmidt: Removing vector 8 of norm 0.0
18:41 gram_schmidt: Removing vector 9 of norm 0.0
18:41 gram_schmidt: Removing vector 10 of norm 0.0
18:41 gram_schmidt: Removing vector 11 of norm 0.0
18:41 gram_schmidt: Removing vector 12 of norm 0.0
18:41 gram_schmidt: Removing vector 13 of norm 0.0
18:41 gram_schmidt: Removing vector 14 of norm 0.0
18:41 gram_schmidt: Removing vector 15 of norm 0.0
18:41 gram_schmidt: Removing vector 16 of norm 0.0
18:41 gram_schmidt: Removing vector 17 of norm 0.0
18:41 gram_schmidt: Removing vector 18 of norm 0.0
18:41 gram_schmidt: Removing vector 19 of norm 0.0
18:41 gram_schmidt: Removing vector 20 of norm 0.0
18:41 gram_schmidt: Removing vector 21 of norm 0.0
18:41 gram_schmidt: Removing vector 22 of norm 0.0
18:41 gram_schmidt: Removing vector 23 of norm 0.0
18:41 gram_schmidt: Removing vector 24 of norm 0.0
18:41 gram_schmidt: Removing vector 25 of norm 0.0
18:41 gram_schmidt: Removing vector 26 of norm 0.0
18:41 gram_schmidt: Removing vector 27 of norm 0.0
18:41 gram_schmidt: Removing vector 28 of norm 0.0
18:41 gram_schmidt: Removing vector 29 of norm 0.0
18:41 gram_schmidt: Removing vector 30 of norm 0.0
18:41 gram_schmidt: Removing vector 31 of norm 0.0
18:41 gram_schmidt: Removing vector 32 of norm 0.0
18:41 gram_schmidt: Removing vector 33 of norm 0.0
18:41 gram_schmidt: Removing vector 34 of norm 0.0
18:41 gram_schmidt: Removing vector 35 of norm 0.0
18:41 gram_schmidt: Removing vector 36 of norm 0.0
18:41 gram_schmidt: Removing vector 37 of norm 0.0
18:41 gram_schmidt: Removing vector 38 of norm 0.0
18:41 gram_schmidt: Removing vector 39 of norm 0.0
18:41 gram_schmidt: Removing vector 40 of norm 0.0
18:41 gram_schmidt: Removing vector 41 of norm 0.0
18:41 gram_schmidt: Removing vector 42 of norm 0.0
18:41 gram_schmidt: Removing vector 43 of norm 0.0
18:41 gram_schmidt: Removing vector 44 of norm 0.0
18:41 gram_schmidt: Removing vector 45 of norm 0.0
18:41 gram_schmidt: Removing vector 46 of norm 0.0
18:41 gram_schmidt: Removing vector 47 of norm 0.0
18:41 gram_schmidt: Removing vector 48 of norm 0.0
18:41 gram_schmidt: Removing vector 49 of norm 0.0
18:41 gram_schmidt: Removing vector 50 of norm 0.0
18:41 gram_schmidt: Removing vector 51 of norm 0.0
18:41 gram_schmidt: Removing vector 52 of norm 0.0
18:41 gram_schmidt: Removing vector 53 of norm 0.0
18:41 gram_schmidt: Removing vector 54 of norm 0.0
18:41 gram_schmidt: Removing vector 55 of norm 0.0
18:41 gram_schmidt: Removing vector 56 of norm 0.0
18:41 gram_schmidt: Removing vector 57 of norm 0.0
18:41 gram_schmidt: Removing vector 58 of norm 0.0
18:41 gram_schmidt: Removing vector 59 of norm 0.0
18:41 gram_schmidt: Removing vector 60 of norm 0.0
18:41 gram_schmidt: Removing vector 61 of norm 0.0
18:41 gram_schmidt: Removing vector 62 of norm 0.0
18:41 gram_schmidt: Removing vector 63 of norm 0.0
18:41 gram_schmidt: Removing vector 64 of norm 0.0
18:41 gram_schmidt: Removing vector 65 of norm 0.0
18:41 gram_schmidt: Removing vector 66 of norm 0.0
18:41 gram_schmidt: Removing vector 67 of norm 0.0
18:41 gram_schmidt: Removing vector 68 of norm 0.0
18:41 gram_schmidt: Removing vector 69 of norm 0.0
18:41 gram_schmidt: Removing vector 70 of norm 0.0
18:41 gram_schmidt: Removing vector 71 of norm 0.0
18:41 gram_schmidt: Removing vector 72 of norm 0.0
18:41 gram_schmidt: Removing vector 73 of norm 0.0
18:41 gram_schmidt: Removing vector 74 of norm 0.0
18:41 gram_schmidt: Removing vector 75 of norm 0.0
18:41 gram_schmidt: Removing vector 76 of norm 0.0
18:41 gram_schmidt: Removing vector 77 of norm 0.0
18:41 gram_schmidt: Removing vector 78 of norm 0.0
18:41 gram_schmidt: Removing vector 79 of norm 0.0
18:41 gram_schmidt: Removing vector 80 of norm 0.0
18:41 gram_schmidt: Removing vector 81 of norm 0.0
18:41 gram_schmidt: Removing vector 82 of norm 0.0
18:41 gram_schmidt: Removing vector 83 of norm 0.0
18:41 gram_schmidt: Removing vector 84 of norm 0.0
18:41 gram_schmidt: Removing vector 85 of norm 0.0
18:41 gram_schmidt: Removing vector 86 of norm 0.0
18:41 gram_schmidt: Removing vector 87 of norm 0.0
18:41 gram_schmidt: Removing vector 88 of norm 0.0
18:41 gram_schmidt: Removing vector 89 of norm 0.0
18:41 gram_schmidt: Removing vector 90 of norm 0.0
18:41 gram_schmidt: Removing vector 91 of norm 0.0
18:41 gram_schmidt: Removing vector 92 of norm 0.0
18:41 gram_schmidt: Removing vector 93 of norm 0.0
18:41 gram_schmidt: Removing vector 94 of norm 0.0
18:41 gram_schmidt: Removing vector 95 of norm 0.0
18:41 gram_schmidt: Removing vector 96 of norm 0.0
18:41 gram_schmidt: Removing vector 97 of norm 0.0
18:41 gram_schmidt: Removing vector 98 of norm 0.0
18:41 gram_schmidt: Removing vector 99 of norm 0.0
18:41 gram_schmidt: Removing vector 100 of norm 0.0
18:41 gram_schmidt: Removing vector 101 of norm 0.0
18:41 gram_schmidt: Removing vector 0 of norm 0.0
18:41 gram_schmidt: Removing vector 1 of norm 0.0
18:41 gram_schmidt: Removing vector 2 of norm 0.0
18:41 gram_schmidt: Removing vector 3 of norm 0.0
18:41 gram_schmidt: Removing vector 4 of norm 0.0
18:41 gram_schmidt: Removing vector 5 of norm 0.0
18:41 gram_schmidt: Removing vector 6 of norm 0.0
18:41 gram_schmidt: Removing vector 7 of norm 0.0
18:41 gram_schmidt: Removing vector 8 of norm 0.0
18:41 gram_schmidt: Removing vector 9 of norm 0.0
18:41 gram_schmidt: Removing vector 10 of norm 0.0
18:41 gram_schmidt: Removing vector 11 of norm 0.0
18:41 gram_schmidt: Removing vector 12 of norm 0.0
18:41 gram_schmidt: Removing vector 13 of norm 0.0
18:41 gram_schmidt: Removing vector 14 of norm 0.0
18:41 gram_schmidt: Removing vector 15 of norm 0.0
18:41 gram_schmidt: Removing vector 16 of norm 0.0
18:41 gram_schmidt: Removing vector 17 of norm 0.0
18:41 gram_schmidt: Removing vector 18 of norm 0.0
18:41 gram_schmidt: Removing vector 19 of norm 0.0
18:41 gram_schmidt: Removing vector 20 of norm 0.0
18:41 gram_schmidt: Removing vector 21 of norm 0.0
18:41 gram_schmidt: Removing vector 22 of norm 0.0
18:41 gram_schmidt: Removing vector 23 of norm 0.0
18:41 gram_schmidt: Removing vector 24 of norm 0.0
18:41 gram_schmidt: Removing vector 25 of norm 0.0
18:41 gram_schmidt: Removing vector 26 of norm 0.0
18:41 gram_schmidt: Removing vector 27 of norm 0.0
18:41 gram_schmidt: Removing vector 28 of norm 0.0
18:41 gram_schmidt: Removing vector 29 of norm 0.0
18:41 gram_schmidt: Removing vector 30 of norm 0.0
18:41 gram_schmidt: Removing vector 31 of norm 0.0
18:41 gram_schmidt: Removing vector 32 of norm 0.0
18:41 gram_schmidt: Removing vector 33 of norm 0.0
18:41 gram_schmidt: Removing vector 34 of norm 0.0
18:41 gram_schmidt: Removing vector 35 of norm 0.0
18:41 gram_schmidt: Removing vector 36 of norm 0.0
18:41 gram_schmidt: Removing vector 37 of norm 0.0
18:41 gram_schmidt: Removing vector 38 of norm 0.0
18:41 gram_schmidt: Removing vector 39 of norm 0.0
18:41 gram_schmidt: Removing vector 40 of norm 0.0
18:41 gram_schmidt: Removing vector 41 of norm 0.0
18:41 gram_schmidt: Removing vector 42 of norm 0.0
18:41 gram_schmidt: Removing vector 43 of norm 0.0
18:41 gram_schmidt: Removing vector 44 of norm 0.0
18:41 gram_schmidt: Removing vector 45 of norm 0.0
18:41 gram_schmidt: Removing vector 46 of norm 0.0
18:41 gram_schmidt: Removing vector 47 of norm 0.0
18:41 gram_schmidt: Removing vector 48 of norm 0.0
18:41 gram_schmidt: Removing vector 49 of norm 0.0
18:41 gram_schmidt: Removing vector 50 of norm 0.0
18:41 gram_schmidt: Removing vector 51 of norm 0.0
18:41 gram_schmidt: Removing vector 52 of norm 0.0
18:41 gram_schmidt: Removing vector 53 of norm 0.0
18:41 gram_schmidt: Removing vector 54 of norm 0.0
18:41 gram_schmidt: Removing vector 55 of norm 0.0
18:41 gram_schmidt: Removing vector 56 of norm 0.0
18:41 gram_schmidt: Removing vector 57 of norm 0.0
18:41 gram_schmidt: Removing vector 58 of norm 0.0
18:41 gram_schmidt: Removing vector 59 of norm 0.0
18:41 gram_schmidt: Removing vector 60 of norm 0.0
18:41 gram_schmidt: Removing vector 61 of norm 0.0
18:41 gram_schmidt: Removing vector 62 of norm 0.0
18:41 gram_schmidt: Removing vector 63 of norm 0.0
18:41 gram_schmidt: Removing vector 64 of norm 0.0
18:41 gram_schmidt: Removing vector 65 of norm 0.0
18:41 gram_schmidt: Removing vector 66 of norm 0.0
18:41 gram_schmidt: Removing vector 67 of norm 0.0
18:41 gram_schmidt: Removing vector 68 of norm 0.0
18:41 gram_schmidt: Removing vector 69 of norm 0.0
18:41 gram_schmidt: Removing vector 70 of norm 0.0
18:41 gram_schmidt: Removing vector 71 of norm 0.0
18:41 gram_schmidt: Removing vector 72 of norm 0.0
18:41 gram_schmidt: Removing vector 73 of norm 0.0
18:41 gram_schmidt: Removing vector 74 of norm 0.0
18:41 gram_schmidt: Removing vector 75 of norm 0.0
18:41 gram_schmidt: Removing vector 76 of norm 0.0
18:41 gram_schmidt: Removing vector 77 of norm 0.0
18:41 gram_schmidt: Removing vector 78 of norm 0.0
18:41 gram_schmidt: Removing vector 79 of norm 0.0
18:41 gram_schmidt: Removing vector 80 of norm 0.0
18:41 gram_schmidt: Removing vector 81 of norm 0.0
18:41 gram_schmidt: Removing vector 82 of norm 0.0
18:41 gram_schmidt: Removing vector 83 of norm 0.0
18:41 gram_schmidt: Removing vector 84 of norm 0.0
18:41 gram_schmidt: Removing vector 85 of norm 0.0
18:41 gram_schmidt: Removing vector 86 of norm 0.0
18:41 gram_schmidt: Removing vector 87 of norm 0.0
18:41 gram_schmidt: Removing vector 88 of norm 0.0
18:41 gram_schmidt: Removing vector 89 of norm 0.0
18:41 gram_schmidt: Removing vector 90 of norm 0.0
18:41 gram_schmidt: Removing vector 91 of norm 0.0
18:41 gram_schmidt: Removing vector 92 of norm 0.0
18:41 gram_schmidt: Removing vector 93 of norm 0.0
18:41 gram_schmidt: Removing vector 94 of norm 0.0
18:41 gram_schmidt: Removing vector 95 of norm 0.0
18:41 gram_schmidt: Removing vector 96 of norm 0.0
18:41 gram_schmidt: Removing vector 97 of norm 0.0
18:41 gram_schmidt: Removing vector 98 of norm 0.0
18:41 gram_schmidt: Removing vector 99 of norm 0.0
18:41 gram_schmidt: Removing vector 100 of norm 0.0
18:41 gram_schmidt: Removing vector 101 of norm 0.0
</system-err></testcase><testcase classname="src.pymortests.algorithms.gram_schmidt" file="src/pymortests/algorithms/gram_schmidt.py" line="12" name="test_gram_schmidt[2-&lt;lambda&gt;10]" time="0.0033540725708007812"></testcase><testcase classname="src.pymortests.algorithms.gram_schmidt" file="src/pymortests/algorithms/gram_schmidt.py" line="12" name="test_gram_schmidt[2-&lt;lambda&gt;11]" time="0.0064182281494140625"><system-err>18:41 gram_schmidt: Removing linearly dependent vector 3
18:41 gram_schmidt: Removing linearly dependent vector 3
</system-err></testcase><testcase classname="src.pymortests.algorithms.gram_schmidt" file="src/pymortests/algorithms/gram_schmidt.py" line="12" name="test_gram_schmidt[2-&lt;lambda&gt;12]" time="0.003771066665649414"><system-err>18:41 gram_schmidt: Removing vector 0 of norm 0.0
18:41 gram_schmidt: Removing vector 1 of norm 0.0
18:41 gram_schmidt: Removing vector 2 of norm 0.0
18:41 gram_schmidt: Removing vector 0 of norm 0.0
18:41 gram_schmidt: Removing vector 1 of norm 0.0
18:41 gram_schmidt: Removing vector 2 of norm 0.0
</system-err></testcase><testcase classname="src.pymortests.algorithms.gram_schmidt" file="src/pymortests/algorithms/gram_schmidt.py" line="12" name="test_gram_schmidt[2-&lt;lambda&gt;13]" time="0.0026481151580810547"></testcase><testcase classname="src.pymortests.algorithms.gram_schmidt" file="src/pymortests/algorithms/gram_schmidt.py" line="12" name="test_gram_schmidt[2-&lt;lambda&gt;14]" time="0.004804134368896484"></testcase><testcase classname="src.pymortests.algorithms.gram_schmidt" file="src/pymortests/algorithms/gram_schmidt.py" line="12" name="test_gram_schmidt[2-&lt;lambda&gt;15]" time="0.37998533248901367"><system-err>18:41 gram_schmidt: Removing linearly dependent vector 36
18:41 gram_schmidt: Removing linearly dependent vector 37
18:41 gram_schmidt: Removing linearly dependent vector 38
18:41 gram_schmidt: Removing linearly dependent vector 39
18:41 gram_schmidt: Removing linearly dependent vector 40
18:41 gram_schmidt: Removing linearly dependent vector 41
18:41 gram_schmidt: Removing linearly dependent vector 42
18:41 gram_schmidt: Removing linearly dependent vector 36
18:41 gram_schmidt: Removing linearly dependent vector 37
18:41 gram_schmidt: Removing linearly dependent vector 38
18:41 gram_schmidt: Removing linearly dependent vector 39
18:41 gram_schmidt: Removing linearly dependent vector 40
18:41 gram_schmidt: Removing linearly dependent vector 41
18:41 gram_schmidt: Removing linearly dependent vector 42
</system-err></testcase><testcase classname="src.pymortests.algorithms.gram_schmidt" file="src/pymortests/algorithms/gram_schmidt.py" line="12" name="test_gram_schmidt[2-&lt;lambda&gt;16]" time="0.18869924545288086"><system-err>18:41 gram_schmidt: Removing linearly dependent vector 3
18:41 gram_schmidt: Removing linearly dependent vector 4
18:41 gram_schmidt: Removing linearly dependent vector 5
18:41 gram_schmidt: Removing linearly dependent vector 6
18:41 gram_schmidt: Removing linearly dependent vector 7
18:41 gram_schmidt: Removing linearly dependent vector 8
18:41 gram_schmidt: Removing linearly dependent vector 9
18:41 gram_schmidt: Removing linearly dependent vector 10
18:41 gram_schmidt: Removing linearly dependent vector 11
18:41 gram_schmidt: Removing linearly dependent vector 12
18:41 gram_schmidt: Removing linearly dependent vector 13
18:41 gram_schmidt: Removing linearly dependent vector 14
18:41 gram_schmidt: Removing linearly dependent vector 15
18:41 gram_schmidt: Removing linearly dependent vector 16
18:41 gram_schmidt: Removing linearly dependent vector 17
18:41 gram_schmidt: Removing linearly dependent vector 18
18:41 gram_schmidt: Removing linearly dependent vector 19
18:41 gram_schmidt: Removing linearly dependent vector 20
18:41 gram_schmidt: Removing linearly dependent vector 21
18:41 gram_schmidt: Removing linearly dependent vector 22
18:41 gram_schmidt: Removing linearly dependent vector 23
18:41 gram_schmidt: Removing linearly dependent vector 24
18:41 gram_schmidt: Removing linearly dependent vector 25
18:41 gram_schmidt: Removing linearly dependent vector 26
18:41 gram_schmidt: Removing linearly dependent vector 27
18:41 gram_schmidt: Removing linearly dependent vector 28
18:41 gram_schmidt: Removing linearly dependent vector 29
18:41 gram_schmidt: Removing linearly dependent vector 30
18:41 gram_schmidt: Removing linearly dependent vector 31
18:41 gram_schmidt: Removing linearly dependent vector 32
18:41 gram_schmidt: Removing linearly dependent vector 33
18:41 gram_schmidt: Removing linearly dependent vector 34
18:41 gram_schmidt: Removing linearly dependent vector 35
18:41 gram_schmidt: Removing linearly dependent vector 36
18:41 gram_schmidt: Removing linearly dependent vector 37
18:41 gram_schmidt: Removing linearly dependent vector 38
18:41 gram_schmidt: Removing linearly dependent vector 39
18:41 gram_schmidt: Removing linearly dependent vector 40
18:41 gram_schmidt: Removing linearly dependent vector 41
18:41 gram_schmidt: Removing linearly dependent vector 42
18:41 gram_schmidt: Removing linearly dependent vector 43
18:41 gram_schmidt: Removing linearly dependent vector 44
18:41 gram_schmidt: Removing linearly dependent vector 45
18:41 gram_schmidt: Removing linearly dependent vector 46
18:41 gram_schmidt: Removing linearly dependent vector 47
18:41 gram_schmidt: Removing linearly dependent vector 48
18:41 gram_schmidt: Removing linearly dependent vector 49
18:41 gram_schmidt: Removing linearly dependent vector 50
18:41 gram_schmidt: Removing linearly dependent vector 51
18:41 gram_schmidt: Removing linearly dependent vector 52
18:41 gram_schmidt: Removing linearly dependent vector 53
18:41 gram_schmidt: Removing linearly dependent vector 54
18:41 gram_schmidt: Removing linearly dependent vector 55
18:41 gram_schmidt: Removing linearly dependent vector 56
18:41 gram_schmidt: Removing linearly dependent vector 57
18:41 gram_schmidt: Removing linearly dependent vector 58
18:41 gram_schmidt: Removing linearly dependent vector 59
18:41 gram_schmidt: Removing linearly dependent vector 60
18:41 gram_schmidt: Removing linearly dependent vector 61
18:41 gram_schmidt: Removing linearly dependent vector 62
18:41 gram_schmidt: Removing linearly dependent vector 63
18:41 gram_schmidt: Removing linearly dependent vector 64
18:41 gram_schmidt: Removing linearly dependent vector 65
18:41 gram_schmidt: Removing linearly dependent vector 66
18:41 gram_schmidt: Removing linearly dependent vector 67
18:41 gram_schmidt: Removing linearly dependent vector 68
18:41 gram_schmidt: Removing linearly dependent vector 69
18:41 gram_schmidt: Removing linearly dependent vector 70
18:41 gram_schmidt: Removing linearly dependent vector 71
18:41 gram_schmidt: Removing linearly dependent vector 72
18:41 gram_schmidt: Removing linearly dependent vector 73
18:41 gram_schmidt: Removing linearly dependent vector 74
18:41 gram_schmidt: Removing linearly dependent vector 75
18:41 gram_schmidt: Removing linearly dependent vector 76
18:41 gram_schmidt: Removing linearly dependent vector 77
18:41 gram_schmidt: Removing linearly dependent vector 78
18:41 gram_schmidt: Removing linearly dependent vector 79
18:41 gram_schmidt: Removing linearly dependent vector 80
18:41 gram_schmidt: Removing linearly dependent vector 81
18:41 gram_schmidt: Removing linearly dependent vector 82
18:41 gram_schmidt: Removing linearly dependent vector 83
18:41 gram_schmidt: Removing linearly dependent vector 84
18:41 gram_schmidt: Removing linearly dependent vector 85
18:41 gram_schmidt: Removing linearly dependent vector 86
18:41 gram_schmidt: Removing linearly dependent vector 87
18:41 gram_schmidt: Removing linearly dependent vector 88
18:41 gram_schmidt: Removing linearly dependent vector 89
18:41 gram_schmidt: Removing linearly dependent vector 90
18:41 gram_schmidt: Removing linearly dependent vector 91
18:41 gram_schmidt: Removing linearly dependent vector 92
18:41 gram_schmidt: Removing linearly dependent vector 93
18:41 gram_schmidt: Removing linearly dependent vector 94
18:41 gram_schmidt: Removing linearly dependent vector 95
18:41 gram_schmidt: Removing linearly dependent vector 96
18:41 gram_schmidt: Removing linearly dependent vector 97
18:41 gram_schmidt: Removing linearly dependent vector 98
18:41 gram_schmidt: Removing linearly dependent vector 99
18:41 gram_schmidt: Removing linearly dependent vector 100
18:41 gram_schmidt: Removing linearly dependent vector 101
18:41 gram_schmidt: Removing linearly dependent vector 3
18:41 gram_schmidt: Removing linearly dependent vector 4
18:41 gram_schmidt: Removing linearly dependent vector 5
18:41 gram_schmidt: Removing linearly dependent vector 6
18:41 gram_schmidt: Removing linearly dependent vector 7
18:41 gram_schmidt: Removing linearly dependent vector 8
18:41 gram_schmidt: Removing linearly dependent vector 9
18:41 gram_schmidt: Removing linearly dependent vector 10
18:41 gram_schmidt: Removing linearly dependent vector 11
18:41 gram_schmidt: Removing linearly dependent vector 12
18:41 gram_schmidt: Removing linearly dependent vector 13
18:41 gram_schmidt: Removing linearly dependent vector 14
18:41 gram_schmidt: Removing linearly dependent vector 15
18:41 gram_schmidt: Removing linearly dependent vector 16
18:41 gram_schmidt: Removing linearly dependent vector 17
18:41 gram_schmidt: Removing linearly dependent vector 18
18:41 gram_schmidt: Removing linearly dependent vector 19
18:41 gram_schmidt: Removing linearly dependent vector 20
18:41 gram_schmidt: Removing linearly dependent vector 21
18:41 gram_schmidt: Removing linearly dependent vector 22
18:41 gram_schmidt: Removing linearly dependent vector 23
18:41 gram_schmidt: Removing linearly dependent vector 24
18:41 gram_schmidt: Removing linearly dependent vector 25
18:41 gram_schmidt: Removing linearly dependent vector 26
18:41 gram_schmidt: Removing linearly dependent vector 27
18:41 gram_schmidt: Removing linearly dependent vector 28
18:41 gram_schmidt: Removing linearly dependent vector 29
18:41 gram_schmidt: Removing linearly dependent vector 30
18:41 gram_schmidt: Removing linearly dependent vector 31
18:41 gram_schmidt: Removing linearly dependent vector 32
18:41 gram_schmidt: Removing linearly dependent vector 33
18:41 gram_schmidt: Removing linearly dependent vector 34
18:41 gram_schmidt: Removing linearly dependent vector 35
18:41 gram_schmidt: Removing linearly dependent vector 36
18:41 gram_schmidt: Removing linearly dependent vector 37
18:41 gram_schmidt: Removing linearly dependent vector 38
18:41 gram_schmidt: Removing linearly dependent vector 39
18:41 gram_schmidt: Removing linearly dependent vector 40
18:41 gram_schmidt: Removing linearly dependent vector 41
18:41 gram_schmidt: Removing linearly dependent vector 42
18:41 gram_schmidt: Removing linearly dependent vector 43
18:41 gram_schmidt: Removing linearly dependent vector 44
18:41 gram_schmidt: Removing linearly dependent vector 45
18:41 gram_schmidt: Removing linearly dependent vector 46
18:41 gram_schmidt: Removing linearly dependent vector 47
18:41 gram_schmidt: Removing linearly dependent vector 48
18:41 gram_schmidt: Removing linearly dependent vector 49
18:41 gram_schmidt: Removing linearly dependent vector 50
18:41 gram_schmidt: Removing linearly dependent vector 51
18:41 gram_schmidt: Removing linearly dependent vector 52
18:41 gram_schmidt: Removing linearly dependent vector 53
18:41 gram_schmidt: Removing linearly dependent vector 54
18:41 gram_schmidt: Removing linearly dependent vector 55
18:41 gram_schmidt: Removing linearly dependent vector 56
18:41 gram_schmidt: Removing linearly dependent vector 57
18:41 gram_schmidt: Removing linearly dependent vector 58
18:41 gram_schmidt: Removing linearly dependent vector 59
18:41 gram_schmidt: Removing linearly dependent vector 60
18:41 gram_schmidt: Removing linearly dependent vector 61
18:41 gram_schmidt: Removing linearly dependent vector 62
18:41 gram_schmidt: Removing linearly dependent vector 63
18:41 gram_schmidt: Removing linearly dependent vector 64
18:41 gram_schmidt: Removing linearly dependent vector 65
18:41 gram_schmidt: Removing linearly dependent vector 66
18:41 gram_schmidt: Removing linearly dependent vector 67
18:41 gram_schmidt: Removing linearly dependent vector 68
18:41 gram_schmidt: Removing linearly dependent vector 69
18:41 gram_schmidt: Removing linearly dependent vector 70
18:41 gram_schmidt: Removing linearly dependent vector 71
18:41 gram_schmidt: Removing linearly dependent vector 72
18:41 gram_schmidt: Removing linearly dependent vector 73
18:41 gram_schmidt: Removing linearly dependent vector 74
18:41 gram_schmidt: Removing linearly dependent vector 75
18:41 gram_schmidt: Removing linearly dependent vector 76
18:41 gram_schmidt: Removing linearly dependent vector 77
18:41 gram_schmidt: Removing linearly dependent vector 78
18:41 gram_schmidt: Removing linearly dependent vector 79
18:41 gram_schmidt: Removing linearly dependent vector 80
18:41 gram_schmidt: Removing linearly dependent vector 81
18:41 gram_schmidt: Removing linearly dependent vector 82
18:41 gram_schmidt: Removing linearly dependent vector 83
18:41 gram_schmidt: Removing linearly dependent vector 84
18:41 gram_schmidt: Removing linearly dependent vector 85
18:41 gram_schmidt: Removing linearly dependent vector 86
18:41 gram_schmidt: Removing linearly dependent vector 87
18:41 gram_schmidt: Removing linearly dependent vector 88
18:41 gram_schmidt: Removing linearly dependent vector 89
18:41 gram_schmidt: Removing linearly dependent vector 90
18:41 gram_schmidt: Removing linearly dependent vector 91
18:41 gram_schmidt: Removing linearly dependent vector 92
18:41 gram_schmidt: Removing linearly dependent vector 93
18:41 gram_schmidt: Removing linearly dependent vector 94
18:41 gram_schmidt: Removing linearly dependent vector 95
18:41 gram_schmidt: Removing linearly dependent vector 96
18:41 gram_schmidt: Removing linearly dependent vector 97
18:41 gram_schmidt: Removing linearly dependent vector 98
18:41 gram_schmidt: Removing linearly dependent vector 99
18:41 gram_schmidt: Removing linearly dependent vector 100
18:41 gram_schmidt: Removing linearly dependent vector 101
</system-err></testcase><testcase classname="src.pymortests.algorithms.gram_schmidt" file="src/pymortests/algorithms/gram_schmidt.py" line="12" name="test_gram_schmidt[2-&lt;lambda&gt;17]" time="0.0034437179565429688"></testcase><testcase classname="src.pymortests.algorithms.gram_schmidt" file="src/pymortests/algorithms/gram_schmidt.py" line="12" name="test_gram_schmidt[2-&lt;lambda&gt;18]" time="0.002765178680419922"></testcase><testcase classname="src.pymortests.algorithms.gram_schmidt" file="src/pymortests/algorithms/gram_schmidt.py" line="12" name="test_gram_schmidt[2-&lt;lambda&gt;19]" time="0.0054779052734375"></testcase><testcase classname="src.pymortests.algorithms.gram_schmidt" file="src/pymortests/algorithms/gram_schmidt.py" line="12" name="test_gram_schmidt[2-&lt;lambda&gt;20]" time="0.2880070209503174"></testcase><testcase classname="src.pymortests.algorithms.gram_schmidt" file="src/pymortests/algorithms/gram_schmidt.py" line="12" name="test_gram_schmidt[2-&lt;lambda&gt;21]" time="1.5177826881408691"></testcase><testcase classname="src.pymortests.algorithms.gram_schmidt" file="src/pymortests/algorithms/gram_schmidt.py" line="12" name="test_gram_schmidt[2-&lt;lambda&gt;22]" time="0.002547025680541992"></testcase><testcase classname="src.pymortests.algorithms.gram_schmidt" file="src/pymortests/algorithms/gram_schmidt.py" line="12" name="test_gram_schmidt[2-&lt;lambda&gt;23]" time="0.0019598007202148438"></testcase><testcase classname="src.pymortests.algorithms.gram_schmidt" file="src/pymortests/algorithms/gram_schmidt.py" line="12" name="test_gram_schmidt[2-&lt;lambda&gt;24]" time="0.009212255477905273"></testcase><testcase classname="src.pymortests.algorithms.gram_schmidt" file="src/pymortests/algorithms/gram_schmidt.py" line="12" name="test_gram_schmidt[2-&lt;lambda&gt;25]" time="0.3995509147644043"><system-err>18:43 gram_schmidt: Orthonormalizing vector 31 again
18:43 gram_schmidt: Removing linearly dependent vector 32
18:43 gram_schmidt: Removing linearly dependent vector 33
18:43 gram_schmidt: Removing linearly dependent vector 34
18:43 gram_schmidt: Removing linearly dependent vector 35
18:43 gram_schmidt: Removing linearly dependent vector 36
18:43 gram_schmidt: Removing linearly dependent vector 37
18:43 gram_schmidt: Removing linearly dependent vector 38
18:43 gram_schmidt: Removing linearly dependent vector 39
18:43 gram_schmidt: Removing linearly dependent vector 40
18:43 gram_schmidt: Removing linearly dependent vector 41
18:43 gram_schmidt: Removing linearly dependent vector 42
18:43 gram_schmidt: Orthonormalizing vector 31 again
18:43 gram_schmidt: Removing linearly dependent vector 32
18:43 gram_schmidt: Removing linearly dependent vector 33
18:43 gram_schmidt: Removing linearly dependent vector 34
18:43 gram_schmidt: Removing linearly dependent vector 35
18:43 gram_schmidt: Removing linearly dependent vector 36
18:43 gram_schmidt: Removing linearly dependent vector 37
18:43 gram_schmidt: Removing linearly dependent vector 38
18:43 gram_schmidt: Removing linearly dependent vector 39
18:44 gram_schmidt: Removing linearly dependent vector 40
18:44 gram_schmidt: Removing linearly dependent vector 41
18:44 gram_schmidt: Removing linearly dependent vector 42
</system-err></testcase><testcase classname="src.pymortests.algorithms.gram_schmidt" file="src/pymortests/algorithms/gram_schmidt.py" line="12" name="test_gram_schmidt[2-&lt;lambda&gt;26]" time="0.2384052276611328"><system-err>18:44 gram_schmidt: Removing vector 0 of norm 0.0
18:44 gram_schmidt: Removing vector 1 of norm 0.0
18:44 gram_schmidt: Removing vector 2 of norm 0.0
18:44 gram_schmidt: Removing vector 3 of norm 0.0
18:44 gram_schmidt: Removing vector 4 of norm 0.0
18:44 gram_schmidt: Removing vector 5 of norm 0.0
18:44 gram_schmidt: Removing vector 6 of norm 0.0
18:44 gram_schmidt: Removing vector 7 of norm 0.0
18:44 gram_schmidt: Removing vector 8 of norm 0.0
18:44 gram_schmidt: Removing vector 9 of norm 0.0
18:44 gram_schmidt: Removing vector 10 of norm 0.0
18:44 gram_schmidt: Removing vector 11 of norm 0.0
18:44 gram_schmidt: Removing vector 12 of norm 0.0
18:44 gram_schmidt: Removing vector 13 of norm 0.0
18:44 gram_schmidt: Removing vector 14 of norm 0.0
18:44 gram_schmidt: Removing vector 15 of norm 0.0
18:44 gram_schmidt: Removing vector 16 of norm 0.0
18:44 gram_schmidt: Removing vector 17 of norm 0.0
18:44 gram_schmidt: Removing vector 18 of norm 0.0
18:44 gram_schmidt: Removing vector 19 of norm 0.0
18:44 gram_schmidt: Removing vector 20 of norm 0.0
18:44 gram_schmidt: Removing vector 21 of norm 0.0
18:44 gram_schmidt: Removing vector 22 of norm 0.0
18:44 gram_schmidt: Removing vector 23 of norm 0.0
18:44 gram_schmidt: Removing vector 24 of norm 0.0
18:44 gram_schmidt: Removing vector 25 of norm 0.0
18:44 gram_schmidt: Removing vector 26 of norm 0.0
18:44 gram_schmidt: Removing vector 27 of norm 0.0
18:44 gram_schmidt: Removing vector 28 of norm 0.0
18:44 gram_schmidt: Removing vector 29 of norm 0.0
18:44 gram_schmidt: Removing vector 30 of norm 0.0
18:44 gram_schmidt: Removing vector 31 of norm 0.0
18:44 gram_schmidt: Removing vector 32 of norm 0.0
18:44 gram_schmidt: Removing vector 33 of norm 0.0
18:44 gram_schmidt: Removing vector 34 of norm 0.0
18:44 gram_schmidt: Removing vector 35 of norm 0.0
18:44 gram_schmidt: Removing vector 36 of norm 0.0
18:44 gram_schmidt: Removing vector 37 of norm 0.0
18:44 gram_schmidt: Removing vector 38 of norm 0.0
18:44 gram_schmidt: Removing vector 39 of norm 0.0
18:44 gram_schmidt: Removing vector 40 of norm 0.0
18:44 gram_schmidt: Removing vector 41 of norm 0.0
18:44 gram_schmidt: Removing vector 42 of norm 0.0
18:44 gram_schmidt: Removing vector 43 of norm 0.0
18:44 gram_schmidt: Removing vector 44 of norm 0.0
18:44 gram_schmidt: Removing vector 45 of norm 0.0
18:44 gram_schmidt: Removing vector 46 of norm 0.0
18:44 gram_schmidt: Removing vector 47 of norm 0.0
18:44 gram_schmidt: Removing vector 48 of norm 0.0
18:44 gram_schmidt: Removing vector 49 of norm 0.0
18:44 gram_schmidt: Removing vector 50 of norm 0.0
18:44 gram_schmidt: Removing vector 51 of norm 0.0
18:44 gram_schmidt: Removing vector 52 of norm 0.0
18:44 gram_schmidt: Removing vector 53 of norm 0.0
18:44 gram_schmidt: Removing vector 54 of norm 0.0
18:44 gram_schmidt: Removing vector 55 of norm 0.0
18:44 gram_schmidt: Removing vector 56 of norm 0.0
18:44 gram_schmidt: Removing vector 57 of norm 0.0
18:44 gram_schmidt: Removing vector 58 of norm 0.0
18:44 gram_schmidt: Removing vector 59 of norm 0.0
18:44 gram_schmidt: Removing vector 60 of norm 0.0
18:44 gram_schmidt: Removing vector 61 of norm 0.0
18:44 gram_schmidt: Removing vector 62 of norm 0.0
18:44 gram_schmidt: Removing vector 63 of norm 0.0
18:44 gram_schmidt: Removing vector 64 of norm 0.0
18:44 gram_schmidt: Removing vector 65 of norm 0.0
18:44 gram_schmidt: Removing vector 66 of norm 0.0
18:44 gram_schmidt: Removing vector 67 of norm 0.0
18:44 gram_schmidt: Removing vector 68 of norm 0.0
18:44 gram_schmidt: Removing vector 69 of norm 0.0
18:44 gram_schmidt: Removing vector 70 of norm 0.0
18:44 gram_schmidt: Removing vector 71 of norm 0.0
18:44 gram_schmidt: Removing vector 72 of norm 0.0
18:44 gram_schmidt: Removing vector 73 of norm 0.0
18:44 gram_schmidt: Removing vector 74 of norm 0.0
18:44 gram_schmidt: Removing vector 75 of norm 0.0
18:44 gram_schmidt: Removing vector 76 of norm 0.0
18:44 gram_schmidt: Removing vector 77 of norm 0.0
18:44 gram_schmidt: Removing vector 78 of norm 0.0
18:44 gram_schmidt: Removing vector 79 of norm 0.0
18:44 gram_schmidt: Removing vector 80 of norm 0.0
18:44 gram_schmidt: Removing vector 81 of norm 0.0
18:44 gram_schmidt: Removing vector 82 of norm 0.0
18:44 gram_schmidt: Removing vector 83 of norm 0.0
18:44 gram_schmidt: Removing vector 84 of norm 0.0
18:44 gram_schmidt: Removing vector 85 of norm 0.0
18:44 gram_schmidt: Removing vector 86 of norm 0.0
18:44 gram_schmidt: Removing vector 87 of norm 0.0
18:44 gram_schmidt: Removing vector 88 of norm 0.0
18:44 gram_schmidt: Removing vector 89 of norm 0.0
18:44 gram_schmidt: Removing vector 90 of norm 0.0
18:44 gram_schmidt: Removing vector 91 of norm 0.0
18:44 gram_schmidt: Removing vector 92 of norm 0.0
18:44 gram_schmidt: Removing vector 93 of norm 0.0
18:44 gram_schmidt: Removing vector 94 of norm 0.0
18:44 gram_schmidt: Removing vector 95 of norm 0.0
18:44 gram_schmidt: Removing vector 96 of norm 0.0
18:44 gram_schmidt: Removing vector 97 of norm 0.0
18:44 gram_schmidt: Removing vector 98 of norm 0.0
18:44 gram_schmidt: Removing vector 99 of norm 0.0
18:44 gram_schmidt: Removing vector 100 of norm 0.0
18:44 gram_schmidt: Removing vector 101 of norm 0.0
18:44 gram_schmidt: Removing vector 0 of norm 0.0
18:44 gram_schmidt: Removing vector 1 of norm 0.0
18:44 gram_schmidt: Removing vector 2 of norm 0.0
18:44 gram_schmidt: Removing vector 3 of norm 0.0
18:44 gram_schmidt: Removing vector 4 of norm 0.0
18:44 gram_schmidt: Removing vector 5 of norm 0.0
18:44 gram_schmidt: Removing vector 6 of norm 0.0
18:44 gram_schmidt: Removing vector 7 of norm 0.0
18:44 gram_schmidt: Removing vector 8 of norm 0.0
18:44 gram_schmidt: Removing vector 9 of norm 0.0
18:44 gram_schmidt: Removing vector 10 of norm 0.0
18:44 gram_schmidt: Removing vector 11 of norm 0.0
18:44 gram_schmidt: Removing vector 12 of norm 0.0
18:44 gram_schmidt: Removing vector 13 of norm 0.0
18:44 gram_schmidt: Removing vector 14 of norm 0.0
18:44 gram_schmidt: Removing vector 15 of norm 0.0
18:44 gram_schmidt: Removing vector 16 of norm 0.0
18:44 gram_schmidt: Removing vector 17 of norm 0.0
18:44 gram_schmidt: Removing vector 18 of norm 0.0
18:44 gram_schmidt: Removing vector 19 of norm 0.0
18:44 gram_schmidt: Removing vector 20 of norm 0.0
18:44 gram_schmidt: Removing vector 21 of norm 0.0
18:44 gram_schmidt: Removing vector 22 of norm 0.0
18:44 gram_schmidt: Removing vector 23 of norm 0.0
18:44 gram_schmidt: Removing vector 24 of norm 0.0
18:44 gram_schmidt: Removing vector 25 of norm 0.0
18:44 gram_schmidt: Removing vector 26 of norm 0.0
18:44 gram_schmidt: Removing vector 27 of norm 0.0
18:44 gram_schmidt: Removing vector 28 of norm 0.0
18:44 gram_schmidt: Removing vector 29 of norm 0.0
18:44 gram_schmidt: Removing vector 30 of norm 0.0
18:44 gram_schmidt: Removing vector 31 of norm 0.0
18:44 gram_schmidt: Removing vector 32 of norm 0.0
18:44 gram_schmidt: Removing vector 33 of norm 0.0
18:44 gram_schmidt: Removing vector 34 of norm 0.0
18:44 gram_schmidt: Removing vector 35 of norm 0.0
18:44 gram_schmidt: Removing vector 36 of norm 0.0
18:44 gram_schmidt: Removing vector 37 of norm 0.0
18:44 gram_schmidt: Removing vector 38 of norm 0.0
18:44 gram_schmidt: Removing vector 39 of norm 0.0
18:44 gram_schmidt: Removing vector 40 of norm 0.0
18:44 gram_schmidt: Removing vector 41 of norm 0.0
18:44 gram_schmidt: Removing vector 42 of norm 0.0
18:44 gram_schmidt: Removing vector 43 of norm 0.0
18:44 gram_schmidt: Removing vector 44 of norm 0.0
18:44 gram_schmidt: Removing vector 45 of norm 0.0
18:44 gram_schmidt: Removing vector 46 of norm 0.0
18:44 gram_schmidt: Removing vector 47 of norm 0.0
18:44 gram_schmidt: Removing vector 48 of norm 0.0
18:44 gram_schmidt: Removing vector 49 of norm 0.0
18:44 gram_schmidt: Removing vector 50 of norm 0.0
18:44 gram_schmidt: Removing vector 51 of norm 0.0
18:44 gram_schmidt: Removing vector 52 of norm 0.0
18:44 gram_schmidt: Removing vector 53 of norm 0.0
18:44 gram_schmidt: Removing vector 54 of norm 0.0
18:44 gram_schmidt: Removing vector 55 of norm 0.0
18:44 gram_schmidt: Removing vector 56 of norm 0.0
18:44 gram_schmidt: Removing vector 57 of norm 0.0
18:44 gram_schmidt: Removing vector 58 of norm 0.0
18:44 gram_schmidt: Removing vector 59 of norm 0.0
18:44 gram_schmidt: Removing vector 60 of norm 0.0
18:44 gram_schmidt: Removing vector 61 of norm 0.0
18:44 gram_schmidt: Removing vector 62 of norm 0.0
18:44 gram_schmidt: Removing vector 63 of norm 0.0
18:44 gram_schmidt: Removing vector 64 of norm 0.0
18:44 gram_schmidt: Removing vector 65 of norm 0.0
18:44 gram_schmidt: Removing vector 66 of norm 0.0
18:44 gram_schmidt: Removing vector 67 of norm 0.0
18:44 gram_schmidt: Removing vector 68 of norm 0.0
18:44 gram_schmidt: Removing vector 69 of norm 0.0
18:44 gram_schmidt: Removing vector 70 of norm 0.0
18:44 gram_schmidt: Removing vector 71 of norm 0.0
18:44 gram_schmidt: Removing vector 72 of norm 0.0
18:44 gram_schmidt: Removing vector 73 of norm 0.0
18:44 gram_schmidt: Removing vector 74 of norm 0.0
18:44 gram_schmidt: Removing vector 75 of norm 0.0
18:44 gram_schmidt: Removing vector 76 of norm 0.0
18:44 gram_schmidt: Removing vector 77 of norm 0.0
18:44 gram_schmidt: Removing vector 78 of norm 0.0
18:44 gram_schmidt: Removing vector 79 of norm 0.0
18:44 gram_schmidt: Removing vector 80 of norm 0.0
18:44 gram_schmidt: Removing vector 81 of norm 0.0
18:44 gram_schmidt: Removing vector 82 of norm 0.0
18:44 gram_schmidt: Removing vector 83 of norm 0.0
18:44 gram_schmidt: Removing vector 84 of norm 0.0
18:44 gram_schmidt: Removing vector 85 of norm 0.0
18:44 gram_schmidt: Removing vector 86 of norm 0.0
18:44 gram_schmidt: Removing vector 87 of norm 0.0
18:44 gram_schmidt: Removing vector 88 of norm 0.0
18:44 gram_schmidt: Removing vector 89 of norm 0.0
18:44 gram_schmidt: Removing vector 90 of norm 0.0
18:44 gram_schmidt: Removing vector 91 of norm 0.0
18:44 gram_schmidt: Removing vector 92 of norm 0.0
18:44 gram_schmidt: Removing vector 93 of norm 0.0
18:44 gram_schmidt: Removing vector 94 of norm 0.0
18:44 gram_schmidt: Removing vector 95 of norm 0.0
18:44 gram_schmidt: Removing vector 96 of norm 0.0
18:44 gram_schmidt: Removing vector 97 of norm 0.0
18:44 gram_schmidt: Removing vector 98 of norm 0.0
18:44 gram_schmidt: Removing vector 99 of norm 0.0
18:44 gram_schmidt: Removing vector 100 of norm 0.0
18:44 gram_schmidt: Removing vector 101 of norm 0.0
</system-err></testcase><testcase classname="src.pymortests.algorithms.gram_schmidt" file="src/pymortests/algorithms/gram_schmidt.py" line="26" name="test_gram_schmidt_with_R[0-&lt;lambda&gt;0]" time="0.00276947021484375"></testcase><testcase classname="src.pymortests.algorithms.gram_schmidt" file="src/pymortests/algorithms/gram_schmidt.py" line="26" name="test_gram_schmidt_with_R[0-&lt;lambda&gt;1]" time="0.0019631385803222656"></testcase><testcase classname="src.pymortests.algorithms.gram_schmidt" file="src/pymortests/algorithms/gram_schmidt.py" line="26" name="test_gram_schmidt_with_R[0-&lt;lambda&gt;2]" time="0.0022497177124023438"></testcase><testcase classname="src.pymortests.algorithms.gram_schmidt" file="src/pymortests/algorithms/gram_schmidt.py" line="26" name="test_gram_schmidt_with_R[0-&lt;lambda&gt;3]" time="0.10235357284545898"><system-err>18:44 gram_schmidt: Orthonormalizing vector 31 again
18:44 gram_schmidt: Removing linearly dependent vector 32
18:44 gram_schmidt: Removing linearly dependent vector 33
18:44 gram_schmidt: Removing linearly dependent vector 34
18:44 gram_schmidt: Removing linearly dependent vector 35
18:44 gram_schmidt: Removing linearly dependent vector 36
18:44 gram_schmidt: Removing linearly dependent vector 37
18:44 gram_schmidt: Removing linearly dependent vector 38
18:44 gram_schmidt: Removing linearly dependent vector 39
18:44 gram_schmidt: Removing linearly dependent vector 40
18:44 gram_schmidt: Removing linearly dependent vector 41
18:44 gram_schmidt: Removing linearly dependent vector 42
18:44 gram_schmidt: Orthonormalizing vector 31 again
18:44 gram_schmidt: Removing linearly dependent vector 32
18:44 gram_schmidt: Removing linearly dependent vector 33
18:44 gram_schmidt: Removing linearly dependent vector 34
18:44 gram_schmidt: Removing linearly dependent vector 35
18:44 gram_schmidt: Removing linearly dependent vector 36
18:44 gram_schmidt: Removing linearly dependent vector 37
18:44 gram_schmidt: Removing linearly dependent vector 38
18:44 gram_schmidt: Removing linearly dependent vector 39
18:44 gram_schmidt: Removing linearly dependent vector 40
18:44 gram_schmidt: Removing linearly dependent vector 41
18:44 gram_schmidt: Removing linearly dependent vector 42
</system-err></testcase><testcase classname="src.pymortests.algorithms.gram_schmidt" file="src/pymortests/algorithms/gram_schmidt.py" line="26" name="test_gram_schmidt_with_R[0-&lt;lambda&gt;4]" time="0.021662235260009766"><system-err>18:44 gram_schmidt: Removing vector 0 of norm 0.0
18:44 gram_schmidt: Removing vector 1 of norm 0.0
18:44 gram_schmidt: Removing vector 2 of norm 0.0
18:44 gram_schmidt: Removing vector 3 of norm 0.0
18:44 gram_schmidt: Removing vector 4 of norm 0.0
18:44 gram_schmidt: Removing vector 5 of norm 0.0
18:44 gram_schmidt: Removing vector 6 of norm 0.0
18:44 gram_schmidt: Removing vector 7 of norm 0.0
18:44 gram_schmidt: Removing vector 8 of norm 0.0
18:44 gram_schmidt: Removing vector 9 of norm 0.0
18:44 gram_schmidt: Removing vector 10 of norm 0.0
18:44 gram_schmidt: Removing vector 11 of norm 0.0
18:44 gram_schmidt: Removing vector 12 of norm 0.0
18:44 gram_schmidt: Removing vector 13 of norm 0.0
18:44 gram_schmidt: Removing vector 14 of norm 0.0
18:44 gram_schmidt: Removing vector 15 of norm 0.0
18:44 gram_schmidt: Removing vector 16 of norm 0.0
18:44 gram_schmidt: Removing vector 17 of norm 0.0
18:44 gram_schmidt: Removing vector 18 of norm 0.0
18:44 gram_schmidt: Removing vector 19 of norm 0.0
18:44 gram_schmidt: Removing vector 20 of norm 0.0
18:44 gram_schmidt: Removing vector 21 of norm 0.0
18:44 gram_schmidt: Removing vector 22 of norm 0.0
18:44 gram_schmidt: Removing vector 23 of norm 0.0
18:44 gram_schmidt: Removing vector 24 of norm 0.0
18:44 gram_schmidt: Removing vector 25 of norm 0.0
18:44 gram_schmidt: Removing vector 26 of norm 0.0
18:44 gram_schmidt: Removing vector 27 of norm 0.0
18:44 gram_schmidt: Removing vector 28 of norm 0.0
18:44 gram_schmidt: Removing vector 29 of norm 0.0
18:44 gram_schmidt: Removing vector 30 of norm 0.0
18:44 gram_schmidt: Removing vector 31 of norm 0.0
18:44 gram_schmidt: Removing vector 32 of norm 0.0
18:44 gram_schmidt: Removing vector 33 of norm 0.0
18:44 gram_schmidt: Removing vector 34 of norm 0.0
18:44 gram_schmidt: Removing vector 35 of norm 0.0
18:44 gram_schmidt: Removing vector 36 of norm 0.0
18:44 gram_schmidt: Removing vector 37 of norm 0.0
18:44 gram_schmidt: Removing vector 38 of norm 0.0
18:44 gram_schmidt: Removing vector 39 of norm 0.0
18:44 gram_schmidt: Removing vector 40 of norm 0.0
18:44 gram_schmidt: Removing vector 41 of norm 0.0
18:44 gram_schmidt: Removing vector 42 of norm 0.0
18:44 gram_schmidt: Removing vector 43 of norm 0.0
18:44 gram_schmidt: Removing vector 44 of norm 0.0
18:44 gram_schmidt: Removing vector 45 of norm 0.0
18:44 gram_schmidt: Removing vector 46 of norm 0.0
18:44 gram_schmidt: Removing vector 47 of norm 0.0
18:44 gram_schmidt: Removing vector 48 of norm 0.0
18:44 gram_schmidt: Removing vector 49 of norm 0.0
18:44 gram_schmidt: Removing vector 50 of norm 0.0
18:44 gram_schmidt: Removing vector 51 of norm 0.0
18:44 gram_schmidt: Removing vector 52 of norm 0.0
18:44 gram_schmidt: Removing vector 53 of norm 0.0
18:44 gram_schmidt: Removing vector 54 of norm 0.0
18:44 gram_schmidt: Removing vector 55 of norm 0.0
18:44 gram_schmidt: Removing vector 56 of norm 0.0
18:44 gram_schmidt: Removing vector 57 of norm 0.0
18:44 gram_schmidt: Removing vector 58 of norm 0.0
18:44 gram_schmidt: Removing vector 59 of norm 0.0
18:44 gram_schmidt: Removing vector 60 of norm 0.0
18:44 gram_schmidt: Removing vector 61 of norm 0.0
18:44 gram_schmidt: Removing vector 62 of norm 0.0
18:44 gram_schmidt: Removing vector 63 of norm 0.0
18:44 gram_schmidt: Removing vector 64 of norm 0.0
18:44 gram_schmidt: Removing vector 65 of norm 0.0
18:44 gram_schmidt: Removing vector 66 of norm 0.0
18:44 gram_schmidt: Removing vector 67 of norm 0.0
18:44 gram_schmidt: Removing vector 68 of norm 0.0
18:44 gram_schmidt: Removing vector 69 of norm 0.0
18:44 gram_schmidt: Removing vector 70 of norm 0.0
18:44 gram_schmidt: Removing vector 71 of norm 0.0
18:44 gram_schmidt: Removing vector 72 of norm 0.0
18:44 gram_schmidt: Removing vector 73 of norm 0.0
18:44 gram_schmidt: Removing vector 74 of norm 0.0
18:44 gram_schmidt: Removing vector 75 of norm 0.0
18:44 gram_schmidt: Removing vector 76 of norm 0.0
18:44 gram_schmidt: Removing vector 77 of norm 0.0
18:44 gram_schmidt: Removing vector 78 of norm 0.0
18:44 gram_schmidt: Removing vector 79 of norm 0.0
18:44 gram_schmidt: Removing vector 80 of norm 0.0
18:44 gram_schmidt: Removing vector 81 of norm 0.0
18:44 gram_schmidt: Removing vector 82 of norm 0.0
18:44 gram_schmidt: Removing vector 83 of norm 0.0
18:44 gram_schmidt: Removing vector 84 of norm 0.0
18:44 gram_schmidt: Removing vector 85 of norm 0.0
18:44 gram_schmidt: Removing vector 86 of norm 0.0
18:44 gram_schmidt: Removing vector 87 of norm 0.0
18:44 gram_schmidt: Removing vector 88 of norm 0.0
18:44 gram_schmidt: Removing vector 89 of norm 0.0
18:44 gram_schmidt: Removing vector 90 of norm 0.0
18:44 gram_schmidt: Removing vector 91 of norm 0.0
18:44 gram_schmidt: Removing vector 92 of norm 0.0
18:44 gram_schmidt: Removing vector 93 of norm 0.0
18:44 gram_schmidt: Removing vector 94 of norm 0.0
18:44 gram_schmidt: Removing vector 95 of norm 0.0
18:44 gram_schmidt: Removing vector 96 of norm 0.0
18:44 gram_schmidt: Removing vector 97 of norm 0.0
18:44 gram_schmidt: Removing vector 98 of norm 0.0
18:44 gram_schmidt: Removing vector 99 of norm 0.0
18:44 gram_schmidt: Removing vector 100 of norm 0.0
18:44 gram_schmidt: Removing vector 101 of norm 0.0
18:44 gram_schmidt: Removing vector 0 of norm 0.0
18:44 gram_schmidt: Removing vector 1 of norm 0.0
18:44 gram_schmidt: Removing vector 2 of norm 0.0
18:44 gram_schmidt: Removing vector 3 of norm 0.0
18:44 gram_schmidt: Removing vector 4 of norm 0.0
18:44 gram_schmidt: Removing vector 5 of norm 0.0
18:44 gram_schmidt: Removing vector 6 of norm 0.0
18:44 gram_schmidt: Removing vector 7 of norm 0.0
18:44 gram_schmidt: Removing vector 8 of norm 0.0
18:44 gram_schmidt: Removing vector 9 of norm 0.0
18:44 gram_schmidt: Removing vector 10 of norm 0.0
18:44 gram_schmidt: Removing vector 11 of norm 0.0
18:44 gram_schmidt: Removing vector 12 of norm 0.0
18:44 gram_schmidt: Removing vector 13 of norm 0.0
18:44 gram_schmidt: Removing vector 14 of norm 0.0
18:44 gram_schmidt: Removing vector 15 of norm 0.0
18:44 gram_schmidt: Removing vector 16 of norm 0.0
18:44 gram_schmidt: Removing vector 17 of norm 0.0
18:44 gram_schmidt: Removing vector 18 of norm 0.0
18:44 gram_schmidt: Removing vector 19 of norm 0.0
18:44 gram_schmidt: Removing vector 20 of norm 0.0
18:44 gram_schmidt: Removing vector 21 of norm 0.0
18:44 gram_schmidt: Removing vector 22 of norm 0.0
18:44 gram_schmidt: Removing vector 23 of norm 0.0
18:44 gram_schmidt: Removing vector 24 of norm 0.0
18:44 gram_schmidt: Removing vector 25 of norm 0.0
18:44 gram_schmidt: Removing vector 26 of norm 0.0
18:44 gram_schmidt: Removing vector 27 of norm 0.0
18:44 gram_schmidt: Removing vector 28 of norm 0.0
18:44 gram_schmidt: Removing vector 29 of norm 0.0
18:44 gram_schmidt: Removing vector 30 of norm 0.0
18:44 gram_schmidt: Removing vector 31 of norm 0.0
18:44 gram_schmidt: Removing vector 32 of norm 0.0
18:44 gram_schmidt: Removing vector 33 of norm 0.0
18:44 gram_schmidt: Removing vector 34 of norm 0.0
18:44 gram_schmidt: Removing vector 35 of norm 0.0
18:44 gram_schmidt: Removing vector 36 of norm 0.0
18:44 gram_schmidt: Removing vector 37 of norm 0.0
18:44 gram_schmidt: Removing vector 38 of norm 0.0
18:44 gram_schmidt: Removing vector 39 of norm 0.0
18:44 gram_schmidt: Removing vector 40 of norm 0.0
18:44 gram_schmidt: Removing vector 41 of norm 0.0
18:44 gram_schmidt: Removing vector 42 of norm 0.0
18:44 gram_schmidt: Removing vector 43 of norm 0.0
18:44 gram_schmidt: Removing vector 44 of norm 0.0
18:44 gram_schmidt: Removing vector 45 of norm 0.0
18:44 gram_schmidt: Removing vector 46 of norm 0.0
18:44 gram_schmidt: Removing vector 47 of norm 0.0
18:44 gram_schmidt: Removing vector 48 of norm 0.0
18:44 gram_schmidt: Removing vector 49 of norm 0.0
18:44 gram_schmidt: Removing vector 50 of norm 0.0
18:44 gram_schmidt: Removing vector 51 of norm 0.0
18:44 gram_schmidt: Removing vector 52 of norm 0.0
18:44 gram_schmidt: Removing vector 53 of norm 0.0
18:44 gram_schmidt: Removing vector 54 of norm 0.0
18:44 gram_schmidt: Removing vector 55 of norm 0.0
18:44 gram_schmidt: Removing vector 56 of norm 0.0
18:44 gram_schmidt: Removing vector 57 of norm 0.0
18:44 gram_schmidt: Removing vector 58 of norm 0.0
18:44 gram_schmidt: Removing vector 59 of norm 0.0
18:44 gram_schmidt: Removing vector 60 of norm 0.0
18:44 gram_schmidt: Removing vector 61 of norm 0.0
18:44 gram_schmidt: Removing vector 62 of norm 0.0
18:44 gram_schmidt: Removing vector 63 of norm 0.0
18:44 gram_schmidt: Removing vector 64 of norm 0.0
18:44 gram_schmidt: Removing vector 65 of norm 0.0
18:44 gram_schmidt: Removing vector 66 of norm 0.0
18:44 gram_schmidt: Removing vector 67 of norm 0.0
18:44 gram_schmidt: Removing vector 68 of norm 0.0
18:44 gram_schmidt: Removing vector 69 of norm 0.0
18:44 gram_schmidt: Removing vector 70 of norm 0.0
18:44 gram_schmidt: Removing vector 71 of norm 0.0
18:44 gram_schmidt: Removing vector 72 of norm 0.0
18:44 gram_schmidt: Removing vector 73 of norm 0.0
18:44 gram_schmidt: Removing vector 74 of norm 0.0
18:44 gram_schmidt: Removing vector 75 of norm 0.0
18:44 gram_schmidt: Removing vector 76 of norm 0.0
18:44 gram_schmidt: Removing vector 77 of norm 0.0
18:44 gram_schmidt: Removing vector 78 of norm 0.0
18:44 gram_schmidt: Removing vector 79 of norm 0.0
18:44 gram_schmidt: Removing vector 80 of norm 0.0
18:44 gram_schmidt: Removing vector 81 of norm 0.0
18:44 gram_schmidt: Removing vector 82 of norm 0.0
18:44 gram_schmidt: Removing vector 83 of norm 0.0
18:44 gram_schmidt: Removing vector 84 of norm 0.0
18:44 gram_schmidt: Removing vector 85 of norm 0.0
18:44 gram_schmidt: Removing vector 86 of norm 0.0
18:44 gram_schmidt: Removing vector 87 of norm 0.0
18:44 gram_schmidt: Removing vector 88 of norm 0.0
18:44 gram_schmidt: Removing vector 89 of norm 0.0
18:44 gram_schmidt: Removing vector 90 of norm 0.0
18:44 gram_schmidt: Removing vector 91 of norm 0.0
18:44 gram_schmidt: Removing vector 92 of norm 0.0
18:44 gram_schmidt: Removing vector 93 of norm 0.0
18:44 gram_schmidt: Removing vector 94 of norm 0.0
18:44 gram_schmidt: Removing vector 95 of norm 0.0
18:44 gram_schmidt: Removing vector 96 of norm 0.0
18:44 gram_schmidt: Removing vector 97 of norm 0.0
18:44 gram_schmidt: Removing vector 98 of norm 0.0
18:44 gram_schmidt: Removing vector 99 of norm 0.0
18:44 gram_schmidt: Removing vector 100 of norm 0.0
18:44 gram_schmidt: Removing vector 101 of norm 0.0
</system-err></testcase><testcase classname="src.pymortests.algorithms.gram_schmidt" file="src/pymortests/algorithms/gram_schmidt.py" line="26" name="test_gram_schmidt_with_R[0-&lt;lambda&gt;5]" time="0.0028645992279052734"></testcase><testcase classname="src.pymortests.algorithms.gram_schmidt" file="src/pymortests/algorithms/gram_schmidt.py" line="26" name="test_gram_schmidt_with_R[0-&lt;lambda&gt;6]" time="0.0021588802337646484"></testcase><testcase classname="src.pymortests.algorithms.gram_schmidt" file="src/pymortests/algorithms/gram_schmidt.py" line="26" name="test_gram_schmidt_with_R[0-&lt;lambda&gt;7]" time="0.0026276111602783203"></testcase><testcase classname="src.pymortests.algorithms.gram_schmidt" file="src/pymortests/algorithms/gram_schmidt.py" line="26" name="test_gram_schmidt_with_R[0-&lt;lambda&gt;8]" time="0.2082357406616211"><system-err>18:44 gram_schmidt: Orthonormalizing vector 31 again
18:44 gram_schmidt: Removing linearly dependent vector 32
18:44 gram_schmidt: Removing linearly dependent vector 33
18:44 gram_schmidt: Removing linearly dependent vector 34
18:44 gram_schmidt: Removing linearly dependent vector 35
18:44 gram_schmidt: Removing linearly dependent vector 36
18:44 gram_schmidt: Removing linearly dependent vector 37
18:44 gram_schmidt: Removing linearly dependent vector 38
18:44 gram_schmidt: Removing linearly dependent vector 39
18:44 gram_schmidt: Removing linearly dependent vector 40
18:44 gram_schmidt: Removing linearly dependent vector 41
18:44 gram_schmidt: Removing linearly dependent vector 42
18:44 gram_schmidt: Orthonormalizing vector 31 again
18:44 gram_schmidt: Removing linearly dependent vector 32
18:44 gram_schmidt: Removing linearly dependent vector 33
18:44 gram_schmidt: Removing linearly dependent vector 34
18:44 gram_schmidt: Removing linearly dependent vector 35
18:44 gram_schmidt: Removing linearly dependent vector 36
18:44 gram_schmidt: Removing linearly dependent vector 37
18:44 gram_schmidt: Removing linearly dependent vector 38
18:44 gram_schmidt: Removing linearly dependent vector 39
18:44 gram_schmidt: Removing linearly dependent vector 40
18:44 gram_schmidt: Removing linearly dependent vector 41
18:44 gram_schmidt: Removing linearly dependent vector 42
</system-err></testcase><testcase classname="src.pymortests.algorithms.gram_schmidt" file="src/pymortests/algorithms/gram_schmidt.py" line="26" name="test_gram_schmidt_with_R[0-&lt;lambda&gt;9]" time="0.030996322631835938"><system-err>18:44 gram_schmidt: Removing vector 0 of norm 0.0
18:44 gram_schmidt: Removing vector 1 of norm 0.0
18:44 gram_schmidt: Removing vector 2 of norm 0.0
18:44 gram_schmidt: Removing vector 3 of norm 0.0
18:44 gram_schmidt: Removing vector 4 of norm 0.0
18:44 gram_schmidt: Removing vector 5 of norm 0.0
18:44 gram_schmidt: Removing vector 6 of norm 0.0
18:44 gram_schmidt: Removing vector 7 of norm 0.0
18:44 gram_schmidt: Removing vector 8 of norm 0.0
18:44 gram_schmidt: Removing vector 9 of norm 0.0
18:44 gram_schmidt: Removing vector 10 of norm 0.0
18:44 gram_schmidt: Removing vector 11 of norm 0.0
18:44 gram_schmidt: Removing vector 12 of norm 0.0
18:44 gram_schmidt: Removing vector 13 of norm 0.0
18:44 gram_schmidt: Removing vector 14 of norm 0.0
18:44 gram_schmidt: Removing vector 15 of norm 0.0
18:44 gram_schmidt: Removing vector 16 of norm 0.0
18:44 gram_schmidt: Removing vector 17 of norm 0.0
18:44 gram_schmidt: Removing vector 18 of norm 0.0
18:44 gram_schmidt: Removing vector 19 of norm 0.0
18:44 gram_schmidt: Removing vector 20 of norm 0.0
18:44 gram_schmidt: Removing vector 21 of norm 0.0
18:44 gram_schmidt: Removing vector 22 of norm 0.0
18:44 gram_schmidt: Removing vector 23 of norm 0.0
18:44 gram_schmidt: Removing vector 24 of norm 0.0
18:44 gram_schmidt: Removing vector 25 of norm 0.0
18:44 gram_schmidt: Removing vector 26 of norm 0.0
18:44 gram_schmidt: Removing vector 27 of norm 0.0
18:44 gram_schmidt: Removing vector 28 of norm 0.0
18:44 gram_schmidt: Removing vector 29 of norm 0.0
18:44 gram_schmidt: Removing vector 30 of norm 0.0
18:44 gram_schmidt: Removing vector 31 of norm 0.0
18:44 gram_schmidt: Removing vector 32 of norm 0.0
18:44 gram_schmidt: Removing vector 33 of norm 0.0
18:44 gram_schmidt: Removing vector 34 of norm 0.0
18:44 gram_schmidt: Removing vector 35 of norm 0.0
18:44 gram_schmidt: Removing vector 36 of norm 0.0
18:44 gram_schmidt: Removing vector 37 of norm 0.0
18:44 gram_schmidt: Removing vector 38 of norm 0.0
18:44 gram_schmidt: Removing vector 39 of norm 0.0
18:44 gram_schmidt: Removing vector 40 of norm 0.0
18:44 gram_schmidt: Removing vector 41 of norm 0.0
18:44 gram_schmidt: Removing vector 42 of norm 0.0
18:44 gram_schmidt: Removing vector 43 of norm 0.0
18:44 gram_schmidt: Removing vector 44 of norm 0.0
18:44 gram_schmidt: Removing vector 45 of norm 0.0
18:44 gram_schmidt: Removing vector 46 of norm 0.0
18:44 gram_schmidt: Removing vector 47 of norm 0.0
18:44 gram_schmidt: Removing vector 48 of norm 0.0
18:44 gram_schmidt: Removing vector 49 of norm 0.0
18:44 gram_schmidt: Removing vector 50 of norm 0.0
18:44 gram_schmidt: Removing vector 51 of norm 0.0
18:44 gram_schmidt: Removing vector 52 of norm 0.0
18:44 gram_schmidt: Removing vector 53 of norm 0.0
18:44 gram_schmidt: Removing vector 54 of norm 0.0
18:44 gram_schmidt: Removing vector 55 of norm 0.0
18:44 gram_schmidt: Removing vector 56 of norm 0.0
18:44 gram_schmidt: Removing vector 57 of norm 0.0
18:44 gram_schmidt: Removing vector 58 of norm 0.0
18:44 gram_schmidt: Removing vector 59 of norm 0.0
18:44 gram_schmidt: Removing vector 60 of norm 0.0
18:44 gram_schmidt: Removing vector 61 of norm 0.0
18:44 gram_schmidt: Removing vector 62 of norm 0.0
18:44 gram_schmidt: Removing vector 63 of norm 0.0
18:44 gram_schmidt: Removing vector 64 of norm 0.0
18:44 gram_schmidt: Removing vector 65 of norm 0.0
18:44 gram_schmidt: Removing vector 66 of norm 0.0
18:44 gram_schmidt: Removing vector 67 of norm 0.0
18:44 gram_schmidt: Removing vector 68 of norm 0.0
18:44 gram_schmidt: Removing vector 69 of norm 0.0
18:44 gram_schmidt: Removing vector 70 of norm 0.0
18:44 gram_schmidt: Removing vector 71 of norm 0.0
18:44 gram_schmidt: Removing vector 72 of norm 0.0
18:44 gram_schmidt: Removing vector 73 of norm 0.0
18:44 gram_schmidt: Removing vector 74 of norm 0.0
18:44 gram_schmidt: Removing vector 75 of norm 0.0
18:44 gram_schmidt: Removing vector 76 of norm 0.0
18:44 gram_schmidt: Removing vector 77 of norm 0.0
18:44 gram_schmidt: Removing vector 78 of norm 0.0
18:44 gram_schmidt: Removing vector 79 of norm 0.0
18:44 gram_schmidt: Removing vector 80 of norm 0.0
18:44 gram_schmidt: Removing vector 81 of norm 0.0
18:44 gram_schmidt: Removing vector 82 of norm 0.0
18:44 gram_schmidt: Removing vector 83 of norm 0.0
18:44 gram_schmidt: Removing vector 84 of norm 0.0
18:44 gram_schmidt: Removing vector 85 of norm 0.0
18:44 gram_schmidt: Removing vector 86 of norm 0.0
18:44 gram_schmidt: Removing vector 87 of norm 0.0
18:44 gram_schmidt: Removing vector 88 of norm 0.0
18:44 gram_schmidt: Removing vector 89 of norm 0.0
18:44 gram_schmidt: Removing vector 90 of norm 0.0
18:44 gram_schmidt: Removing vector 91 of norm 0.0
18:44 gram_schmidt: Removing vector 92 of norm 0.0
18:44 gram_schmidt: Removing vector 93 of norm 0.0
18:44 gram_schmidt: Removing vector 94 of norm 0.0
18:44 gram_schmidt: Removing vector 95 of norm 0.0
18:44 gram_schmidt: Removing vector 96 of norm 0.0
18:44 gram_schmidt: Removing vector 97 of norm 0.0
18:44 gram_schmidt: Removing vector 98 of norm 0.0
18:44 gram_schmidt: Removing vector 99 of norm 0.0
18:44 gram_schmidt: Removing vector 100 of norm 0.0
18:44 gram_schmidt: Removing vector 101 of norm 0.0
18:44 gram_schmidt: Removing vector 0 of norm 0.0
18:44 gram_schmidt: Removing vector 1 of norm 0.0
18:44 gram_schmidt: Removing vector 2 of norm 0.0
18:44 gram_schmidt: Removing vector 3 of norm 0.0
18:44 gram_schmidt: Removing vector 4 of norm 0.0
18:44 gram_schmidt: Removing vector 5 of norm 0.0
18:44 gram_schmidt: Removing vector 6 of norm 0.0
18:44 gram_schmidt: Removing vector 7 of norm 0.0
18:44 gram_schmidt: Removing vector 8 of norm 0.0
18:44 gram_schmidt: Removing vector 9 of norm 0.0
18:44 gram_schmidt: Removing vector 10 of norm 0.0
18:44 gram_schmidt: Removing vector 11 of norm 0.0
18:44 gram_schmidt: Removing vector 12 of norm 0.0
18:44 gram_schmidt: Removing vector 13 of norm 0.0
18:44 gram_schmidt: Removing vector 14 of norm 0.0
18:44 gram_schmidt: Removing vector 15 of norm 0.0
18:44 gram_schmidt: Removing vector 16 of norm 0.0
18:44 gram_schmidt: Removing vector 17 of norm 0.0
18:44 gram_schmidt: Removing vector 18 of norm 0.0
18:44 gram_schmidt: Removing vector 19 of norm 0.0
18:44 gram_schmidt: Removing vector 20 of norm 0.0
18:44 gram_schmidt: Removing vector 21 of norm 0.0
18:44 gram_schmidt: Removing vector 22 of norm 0.0
18:44 gram_schmidt: Removing vector 23 of norm 0.0
18:44 gram_schmidt: Removing vector 24 of norm 0.0
18:44 gram_schmidt: Removing vector 25 of norm 0.0
18:44 gram_schmidt: Removing vector 26 of norm 0.0
18:44 gram_schmidt: Removing vector 27 of norm 0.0
18:44 gram_schmidt: Removing vector 28 of norm 0.0
18:44 gram_schmidt: Removing vector 29 of norm 0.0
18:44 gram_schmidt: Removing vector 30 of norm 0.0
18:44 gram_schmidt: Removing vector 31 of norm 0.0
18:44 gram_schmidt: Removing vector 32 of norm 0.0
18:44 gram_schmidt: Removing vector 33 of norm 0.0
18:44 gram_schmidt: Removing vector 34 of norm 0.0
18:44 gram_schmidt: Removing vector 35 of norm 0.0
18:44 gram_schmidt: Removing vector 36 of norm 0.0
18:44 gram_schmidt: Removing vector 37 of norm 0.0
18:44 gram_schmidt: Removing vector 38 of norm 0.0
18:44 gram_schmidt: Removing vector 39 of norm 0.0
18:44 gram_schmidt: Removing vector 40 of norm 0.0
18:44 gram_schmidt: Removing vector 41 of norm 0.0
18:44 gram_schmidt: Removing vector 42 of norm 0.0
18:44 gram_schmidt: Removing vector 43 of norm 0.0
18:44 gram_schmidt: Removing vector 44 of norm 0.0
18:44 gram_schmidt: Removing vector 45 of norm 0.0
18:44 gram_schmidt: Removing vector 46 of norm 0.0
18:44 gram_schmidt: Removing vector 47 of norm 0.0
18:44 gram_schmidt: Removing vector 48 of norm 0.0
18:44 gram_schmidt: Removing vector 49 of norm 0.0
18:44 gram_schmidt: Removing vector 50 of norm 0.0
18:44 gram_schmidt: Removing vector 51 of norm 0.0
18:44 gram_schmidt: Removing vector 52 of norm 0.0
18:44 gram_schmidt: Removing vector 53 of norm 0.0
18:44 gram_schmidt: Removing vector 54 of norm 0.0
18:44 gram_schmidt: Removing vector 55 of norm 0.0
18:44 gram_schmidt: Removing vector 56 of norm 0.0
18:44 gram_schmidt: Removing vector 57 of norm 0.0
18:44 gram_schmidt: Removing vector 58 of norm 0.0
18:44 gram_schmidt: Removing vector 59 of norm 0.0
18:44 gram_schmidt: Removing vector 60 of norm 0.0
18:44 gram_schmidt: Removing vector 61 of norm 0.0
18:44 gram_schmidt: Removing vector 62 of norm 0.0
18:44 gram_schmidt: Removing vector 63 of norm 0.0
18:44 gram_schmidt: Removing vector 64 of norm 0.0
18:44 gram_schmidt: Removing vector 65 of norm 0.0
18:44 gram_schmidt: Removing vector 66 of norm 0.0
18:44 gram_schmidt: Removing vector 67 of norm 0.0
18:44 gram_schmidt: Removing vector 68 of norm 0.0
18:44 gram_schmidt: Removing vector 69 of norm 0.0
18:44 gram_schmidt: Removing vector 70 of norm 0.0
18:44 gram_schmidt: Removing vector 71 of norm 0.0
18:44 gram_schmidt: Removing vector 72 of norm 0.0
18:44 gram_schmidt: Removing vector 73 of norm 0.0
18:44 gram_schmidt: Removing vector 74 of norm 0.0
18:44 gram_schmidt: Removing vector 75 of norm 0.0
18:44 gram_schmidt: Removing vector 76 of norm 0.0
18:44 gram_schmidt: Removing vector 77 of norm 0.0
18:44 gram_schmidt: Removing vector 78 of norm 0.0
18:44 gram_schmidt: Removing vector 79 of norm 0.0
18:44 gram_schmidt: Removing vector 80 of norm 0.0
18:44 gram_schmidt: Removing vector 81 of norm 0.0
18:44 gram_schmidt: Removing vector 82 of norm 0.0
18:44 gram_schmidt: Removing vector 83 of norm 0.0
18:44 gram_schmidt: Removing vector 84 of norm 0.0
18:44 gram_schmidt: Removing vector 85 of norm 0.0
18:44 gram_schmidt: Removing vector 86 of norm 0.0
18:44 gram_schmidt: Removing vector 87 of norm 0.0
18:44 gram_schmidt: Removing vector 88 of norm 0.0
18:44 gram_schmidt: Removing vector 89 of norm 0.0
18:44 gram_schmidt: Removing vector 90 of norm 0.0
18:44 gram_schmidt: Removing vector 91 of norm 0.0
18:44 gram_schmidt: Removing vector 92 of norm 0.0
18:44 gram_schmidt: Removing vector 93 of norm 0.0
18:44 gram_schmidt: Removing vector 94 of norm 0.0
18:44 gram_schmidt: Removing vector 95 of norm 0.0
18:44 gram_schmidt: Removing vector 96 of norm 0.0
18:44 gram_schmidt: Removing vector 97 of norm 0.0
18:44 gram_schmidt: Removing vector 98 of norm 0.0
18:44 gram_schmidt: Removing vector 99 of norm 0.0
18:44 gram_schmidt: Removing vector 100 of norm 0.0
18:44 gram_schmidt: Removing vector 101 of norm 0.0
</system-err></testcase><testcase classname="src.pymortests.algorithms.gram_schmidt" file="src/pymortests/algorithms/gram_schmidt.py" line="26" name="test_gram_schmidt_with_R[0-&lt;lambda&gt;10]" time="0.003670930862426758"></testcase><testcase classname="src.pymortests.algorithms.gram_schmidt" file="src/pymortests/algorithms/gram_schmidt.py" line="26" name="test_gram_schmidt_with_R[0-&lt;lambda&gt;11]" time="0.007042884826660156"><system-err>18:44 gram_schmidt: Removing linearly dependent vector 3
18:44 gram_schmidt: Removing linearly dependent vector 3
</system-err></testcase><testcase classname="src.pymortests.algorithms.gram_schmidt" file="src/pymortests/algorithms/gram_schmidt.py" line="26" name="test_gram_schmidt_with_R[0-&lt;lambda&gt;12]" time="0.004337787628173828"><system-err>18:44 gram_schmidt: Removing vector 0 of norm 0.0
18:44 gram_schmidt: Removing vector 1 of norm 0.0
18:44 gram_schmidt: Removing vector 2 of norm 0.0
18:44 gram_schmidt: Removing vector 0 of norm 0.0
18:44 gram_schmidt: Removing vector 1 of norm 0.0
18:44 gram_schmidt: Removing vector 2 of norm 0.0
</system-err></testcase><testcase classname="src.pymortests.algorithms.gram_schmidt" file="src/pymortests/algorithms/gram_schmidt.py" line="26" name="test_gram_schmidt_with_R[0-&lt;lambda&gt;13]" time="0.002750396728515625"></testcase><testcase classname="src.pymortests.algorithms.gram_schmidt" file="src/pymortests/algorithms/gram_schmidt.py" line="26" name="test_gram_schmidt_with_R[0-&lt;lambda&gt;14]" time="0.005003213882446289"></testcase><testcase classname="src.pymortests.algorithms.gram_schmidt" file="src/pymortests/algorithms/gram_schmidt.py" line="26" name="test_gram_schmidt_with_R[0-&lt;lambda&gt;15]" time="0.3784480094909668"><system-err>18:44 gram_schmidt: Removing linearly dependent vector 36
18:44 gram_schmidt: Removing linearly dependent vector 37
18:44 gram_schmidt: Removing linearly dependent vector 38
18:44 gram_schmidt: Removing linearly dependent vector 39
18:44 gram_schmidt: Removing linearly dependent vector 40
18:44 gram_schmidt: Removing linearly dependent vector 41
18:44 gram_schmidt: Removing linearly dependent vector 42
18:45 gram_schmidt: Removing linearly dependent vector 36
18:45 gram_schmidt: Removing linearly dependent vector 37
18:45 gram_schmidt: Removing linearly dependent vector 38
18:45 gram_schmidt: Removing linearly dependent vector 39
18:45 gram_schmidt: Removing linearly dependent vector 40
18:45 gram_schmidt: Removing linearly dependent vector 41
18:45 gram_schmidt: Removing linearly dependent vector 42
</system-err></testcase><testcase classname="src.pymortests.algorithms.gram_schmidt" file="src/pymortests/algorithms/gram_schmidt.py" line="26" name="test_gram_schmidt_with_R[0-&lt;lambda&gt;16]" time="0.1921703815460205"><system-err>18:45 gram_schmidt: Removing linearly dependent vector 3
18:45 gram_schmidt: Removing linearly dependent vector 4
18:45 gram_schmidt: Removing linearly dependent vector 5
18:45 gram_schmidt: Removing linearly dependent vector 6
18:45 gram_schmidt: Removing linearly dependent vector 7
18:45 gram_schmidt: Removing linearly dependent vector 8
18:45 gram_schmidt: Removing linearly dependent vector 9
18:45 gram_schmidt: Removing linearly dependent vector 10
18:45 gram_schmidt: Removing linearly dependent vector 11
18:45 gram_schmidt: Removing linearly dependent vector 12
18:45 gram_schmidt: Removing linearly dependent vector 13
18:45 gram_schmidt: Removing linearly dependent vector 14
18:45 gram_schmidt: Removing linearly dependent vector 15
18:45 gram_schmidt: Removing linearly dependent vector 16
18:45 gram_schmidt: Removing linearly dependent vector 17
18:45 gram_schmidt: Removing linearly dependent vector 18
18:45 gram_schmidt: Removing linearly dependent vector 19
18:45 gram_schmidt: Removing linearly dependent vector 20
18:45 gram_schmidt: Removing linearly dependent vector 21
18:45 gram_schmidt: Removing linearly dependent vector 22
18:45 gram_schmidt: Removing linearly dependent vector 23
18:45 gram_schmidt: Removing linearly dependent vector 24
18:45 gram_schmidt: Removing linearly dependent vector 25
18:45 gram_schmidt: Removing linearly dependent vector 26
18:45 gram_schmidt: Removing linearly dependent vector 27
18:45 gram_schmidt: Removing linearly dependent vector 28
18:45 gram_schmidt: Removing linearly dependent vector 29
18:45 gram_schmidt: Removing linearly dependent vector 30
18:45 gram_schmidt: Removing linearly dependent vector 31
18:45 gram_schmidt: Removing linearly dependent vector 32
18:45 gram_schmidt: Removing linearly dependent vector 33
18:45 gram_schmidt: Removing linearly dependent vector 34
18:45 gram_schmidt: Removing linearly dependent vector 35
18:45 gram_schmidt: Removing linearly dependent vector 36
18:45 gram_schmidt: Removing linearly dependent vector 37
18:45 gram_schmidt: Removing linearly dependent vector 38
18:45 gram_schmidt: Removing linearly dependent vector 39
18:45 gram_schmidt: Removing linearly dependent vector 40
18:45 gram_schmidt: Removing linearly dependent vector 41
18:45 gram_schmidt: Removing linearly dependent vector 42
18:45 gram_schmidt: Removing linearly dependent vector 43
18:45 gram_schmidt: Removing linearly dependent vector 44
18:45 gram_schmidt: Removing linearly dependent vector 45
18:45 gram_schmidt: Removing linearly dependent vector 46
18:45 gram_schmidt: Removing linearly dependent vector 47
18:45 gram_schmidt: Removing linearly dependent vector 48
18:45 gram_schmidt: Removing linearly dependent vector 49
18:45 gram_schmidt: Removing linearly dependent vector 50
18:45 gram_schmidt: Removing linearly dependent vector 51
18:45 gram_schmidt: Removing linearly dependent vector 52
18:45 gram_schmidt: Removing linearly dependent vector 53
18:45 gram_schmidt: Removing linearly dependent vector 54
18:45 gram_schmidt: Removing linearly dependent vector 55
18:45 gram_schmidt: Removing linearly dependent vector 56
18:45 gram_schmidt: Removing linearly dependent vector 57
18:45 gram_schmidt: Removing linearly dependent vector 58
18:45 gram_schmidt: Removing linearly dependent vector 59
18:45 gram_schmidt: Removing linearly dependent vector 60
18:45 gram_schmidt: Removing linearly dependent vector 61
18:45 gram_schmidt: Removing linearly dependent vector 62
18:45 gram_schmidt: Removing linearly dependent vector 63
18:45 gram_schmidt: Removing linearly dependent vector 64
18:45 gram_schmidt: Removing linearly dependent vector 65
18:45 gram_schmidt: Removing linearly dependent vector 66
18:45 gram_schmidt: Removing linearly dependent vector 67
18:45 gram_schmidt: Removing linearly dependent vector 68
18:45 gram_schmidt: Removing linearly dependent vector 69
18:45 gram_schmidt: Removing linearly dependent vector 70
18:45 gram_schmidt: Removing linearly dependent vector 71
18:45 gram_schmidt: Removing linearly dependent vector 72
18:45 gram_schmidt: Removing linearly dependent vector 73
18:45 gram_schmidt: Removing linearly dependent vector 74
18:45 gram_schmidt: Removing linearly dependent vector 75
18:45 gram_schmidt: Removing linearly dependent vector 76
18:45 gram_schmidt: Removing linearly dependent vector 77
18:45 gram_schmidt: Removing linearly dependent vector 78
18:45 gram_schmidt: Removing linearly dependent vector 79
18:45 gram_schmidt: Removing linearly dependent vector 80
18:45 gram_schmidt: Removing linearly dependent vector 81
18:45 gram_schmidt: Removing linearly dependent vector 82
18:45 gram_schmidt: Removing linearly dependent vector 83
18:45 gram_schmidt: Removing linearly dependent vector 84
18:45 gram_schmidt: Removing linearly dependent vector 85
18:45 gram_schmidt: Removing linearly dependent vector 86
18:45 gram_schmidt: Removing linearly dependent vector 87
18:45 gram_schmidt: Removing linearly dependent vector 88
18:45 gram_schmidt: Removing linearly dependent vector 89
18:45 gram_schmidt: Removing linearly dependent vector 90
18:45 gram_schmidt: Removing linearly dependent vector 91
18:45 gram_schmidt: Removing linearly dependent vector 92
18:45 gram_schmidt: Removing linearly dependent vector 93
18:45 gram_schmidt: Removing linearly dependent vector 94
18:45 gram_schmidt: Removing linearly dependent vector 95
18:45 gram_schmidt: Removing linearly dependent vector 96
18:45 gram_schmidt: Removing linearly dependent vector 97
18:45 gram_schmidt: Removing linearly dependent vector 98
18:45 gram_schmidt: Removing linearly dependent vector 99
18:45 gram_schmidt: Removing linearly dependent vector 100
18:45 gram_schmidt: Removing linearly dependent vector 101
18:45 gram_schmidt: Removing linearly dependent vector 3
18:45 gram_schmidt: Removing linearly dependent vector 4
18:45 gram_schmidt: Removing linearly dependent vector 5
18:45 gram_schmidt: Removing linearly dependent vector 6
18:45 gram_schmidt: Removing linearly dependent vector 7
18:45 gram_schmidt: Removing linearly dependent vector 8
18:45 gram_schmidt: Removing linearly dependent vector 9
18:45 gram_schmidt: Removing linearly dependent vector 10
18:45 gram_schmidt: Removing linearly dependent vector 11
18:45 gram_schmidt: Removing linearly dependent vector 12
18:45 gram_schmidt: Removing linearly dependent vector 13
18:45 gram_schmidt: Removing linearly dependent vector 14
18:45 gram_schmidt: Removing linearly dependent vector 15
18:45 gram_schmidt: Removing linearly dependent vector 16
18:45 gram_schmidt: Removing linearly dependent vector 17
18:45 gram_schmidt: Removing linearly dependent vector 18
18:45 gram_schmidt: Removing linearly dependent vector 19
18:45 gram_schmidt: Removing linearly dependent vector 20
18:45 gram_schmidt: Removing linearly dependent vector 21
18:45 gram_schmidt: Removing linearly dependent vector 22
18:45 gram_schmidt: Removing linearly dependent vector 23
18:45 gram_schmidt: Removing linearly dependent vector 24
18:45 gram_schmidt: Removing linearly dependent vector 25
18:45 gram_schmidt: Removing linearly dependent vector 26
18:45 gram_schmidt: Removing linearly dependent vector 27
18:45 gram_schmidt: Removing linearly dependent vector 28
18:45 gram_schmidt: Removing linearly dependent vector 29
18:45 gram_schmidt: Removing linearly dependent vector 30
18:45 gram_schmidt: Removing linearly dependent vector 31
18:45 gram_schmidt: Removing linearly dependent vector 32
18:45 gram_schmidt: Removing linearly dependent vector 33
18:45 gram_schmidt: Removing linearly dependent vector 34
18:45 gram_schmidt: Removing linearly dependent vector 35
18:45 gram_schmidt: Removing linearly dependent vector 36
18:45 gram_schmidt: Removing linearly dependent vector 37
18:45 gram_schmidt: Removing linearly dependent vector 38
18:45 gram_schmidt: Removing linearly dependent vector 39
18:45 gram_schmidt: Removing linearly dependent vector 40
18:45 gram_schmidt: Removing linearly dependent vector 41
18:45 gram_schmidt: Removing linearly dependent vector 42
18:45 gram_schmidt: Removing linearly dependent vector 43
18:45 gram_schmidt: Removing linearly dependent vector 44
18:45 gram_schmidt: Removing linearly dependent vector 45
18:45 gram_schmidt: Removing linearly dependent vector 46
18:45 gram_schmidt: Removing linearly dependent vector 47
18:45 gram_schmidt: Removing linearly dependent vector 48
18:45 gram_schmidt: Removing linearly dependent vector 49
18:45 gram_schmidt: Removing linearly dependent vector 50
18:45 gram_schmidt: Removing linearly dependent vector 51
18:45 gram_schmidt: Removing linearly dependent vector 52
18:45 gram_schmidt: Removing linearly dependent vector 53
18:45 gram_schmidt: Removing linearly dependent vector 54
18:45 gram_schmidt: Removing linearly dependent vector 55
18:45 gram_schmidt: Removing linearly dependent vector 56
18:45 gram_schmidt: Removing linearly dependent vector 57
18:45 gram_schmidt: Removing linearly dependent vector 58
18:45 gram_schmidt: Removing linearly dependent vector 59
18:45 gram_schmidt: Removing linearly dependent vector 60
18:45 gram_schmidt: Removing linearly dependent vector 61
18:45 gram_schmidt: Removing linearly dependent vector 62
18:45 gram_schmidt: Removing linearly dependent vector 63
18:45 gram_schmidt: Removing linearly dependent vector 64
18:45 gram_schmidt: Removing linearly dependent vector 65
18:45 gram_schmidt: Removing linearly dependent vector 66
18:45 gram_schmidt: Removing linearly dependent vector 67
18:45 gram_schmidt: Removing linearly dependent vector 68
18:45 gram_schmidt: Removing linearly dependent vector 69
18:45 gram_schmidt: Removing linearly dependent vector 70
18:45 gram_schmidt: Removing linearly dependent vector 71
18:45 gram_schmidt: Removing linearly dependent vector 72
18:45 gram_schmidt: Removing linearly dependent vector 73
18:45 gram_schmidt: Removing linearly dependent vector 74
18:45 gram_schmidt: Removing linearly dependent vector 75
18:45 gram_schmidt: Removing linearly dependent vector 76
18:45 gram_schmidt: Removing linearly dependent vector 77
18:45 gram_schmidt: Removing linearly dependent vector 78
18:45 gram_schmidt: Removing linearly dependent vector 79
18:45 gram_schmidt: Removing linearly dependent vector 80
18:45 gram_schmidt: Removing linearly dependent vector 81
18:45 gram_schmidt: Removing linearly dependent vector 82
18:45 gram_schmidt: Removing linearly dependent vector 83
18:45 gram_schmidt: Removing linearly dependent vector 84
18:45 gram_schmidt: Removing linearly dependent vector 85
18:45 gram_schmidt: Removing linearly dependent vector 86
18:45 gram_schmidt: Removing linearly dependent vector 87
18:45 gram_schmidt: Removing linearly dependent vector 88
18:45 gram_schmidt: Removing linearly dependent vector 89
18:45 gram_schmidt: Removing linearly dependent vector 90
18:45 gram_schmidt: Removing linearly dependent vector 91
18:45 gram_schmidt: Removing linearly dependent vector 92
18:45 gram_schmidt: Removing linearly dependent vector 93
18:45 gram_schmidt: Removing linearly dependent vector 94
18:45 gram_schmidt: Removing linearly dependent vector 95
18:45 gram_schmidt: Removing linearly dependent vector 96
18:45 gram_schmidt: Removing linearly dependent vector 97
18:45 gram_schmidt: Removing linearly dependent vector 98
18:45 gram_schmidt: Removing linearly dependent vector 99
18:45 gram_schmidt: Removing linearly dependent vector 100
18:45 gram_schmidt: Removing linearly dependent vector 101
</system-err></testcase><testcase classname="src.pymortests.algorithms.gram_schmidt" file="src/pymortests/algorithms/gram_schmidt.py" line="26" name="test_gram_schmidt_with_R[0-&lt;lambda&gt;17]" time="0.00347900390625"></testcase><testcase classname="src.pymortests.algorithms.gram_schmidt" file="src/pymortests/algorithms/gram_schmidt.py" line="26" name="test_gram_schmidt_with_R[0-&lt;lambda&gt;18]" time="0.002660512924194336"></testcase><testcase classname="src.pymortests.algorithms.gram_schmidt" file="src/pymortests/algorithms/gram_schmidt.py" line="26" name="test_gram_schmidt_with_R[0-&lt;lambda&gt;19]" time="0.006415128707885742"></testcase><testcase classname="src.pymortests.algorithms.gram_schmidt" file="src/pymortests/algorithms/gram_schmidt.py" line="26" name="test_gram_schmidt_with_R[0-&lt;lambda&gt;20]" time="0.31073904037475586"></testcase><testcase classname="src.pymortests.algorithms.gram_schmidt" file="src/pymortests/algorithms/gram_schmidt.py" line="26" name="test_gram_schmidt_with_R[0-&lt;lambda&gt;21]" time="1.6213304996490479"></testcase><testcase classname="src.pymortests.algorithms.gram_schmidt" file="src/pymortests/algorithms/gram_schmidt.py" line="26" name="test_gram_schmidt_with_R[0-&lt;lambda&gt;22]" time="0.002905607223510742"></testcase><testcase classname="src.pymortests.algorithms.gram_schmidt" file="src/pymortests/algorithms/gram_schmidt.py" line="26" name="test_gram_schmidt_with_R[0-&lt;lambda&gt;23]" time="0.0020682811737060547"></testcase><testcase classname="src.pymortests.algorithms.gram_schmidt" file="src/pymortests/algorithms/gram_schmidt.py" line="26" name="test_gram_schmidt_with_R[0-&lt;lambda&gt;24]" time="0.008974313735961914"></testcase><testcase classname="src.pymortests.algorithms.gram_schmidt" file="src/pymortests/algorithms/gram_schmidt.py" line="26" name="test_gram_schmidt_with_R[0-&lt;lambda&gt;25]" time="0.4539515972137451"><system-err>18:47 gram_schmidt: Orthonormalizing vector 31 again
18:47 gram_schmidt: Removing linearly dependent vector 32
18:47 gram_schmidt: Removing linearly dependent vector 33
18:47 gram_schmidt: Removing linearly dependent vector 34
18:47 gram_schmidt: Removing linearly dependent vector 35
18:47 gram_schmidt: Removing linearly dependent vector 36
18:47 gram_schmidt: Removing linearly dependent vector 37
18:47 gram_schmidt: Removing linearly dependent vector 38
18:47 gram_schmidt: Removing linearly dependent vector 39
18:47 gram_schmidt: Removing linearly dependent vector 40
18:47 gram_schmidt: Removing linearly dependent vector 41
18:47 gram_schmidt: Removing linearly dependent vector 42
18:47 gram_schmidt: Orthonormalizing vector 31 again
18:47 gram_schmidt: Removing linearly dependent vector 32
18:47 gram_schmidt: Removing linearly dependent vector 33
18:47 gram_schmidt: Removing linearly dependent vector 34
18:47 gram_schmidt: Removing linearly dependent vector 35
18:47 gram_schmidt: Removing linearly dependent vector 36
18:47 gram_schmidt: Removing linearly dependent vector 37
18:47 gram_schmidt: Removing linearly dependent vector 38
18:47 gram_schmidt: Removing linearly dependent vector 39
18:47 gram_schmidt: Removing linearly dependent vector 40
18:47 gram_schmidt: Removing linearly dependent vector 41
18:47 gram_schmidt: Removing linearly dependent vector 42
</system-err></testcase><testcase classname="src.pymortests.algorithms.gram_schmidt" file="src/pymortests/algorithms/gram_schmidt.py" line="26" name="test_gram_schmidt_with_R[0-&lt;lambda&gt;26]" time="0.3464784622192383"><system-err>18:47 gram_schmidt: Removing vector 0 of norm 0.0
18:47 gram_schmidt: Removing vector 1 of norm 0.0
18:47 gram_schmidt: Removing vector 2 of norm 0.0
18:47 gram_schmidt: Removing vector 3 of norm 0.0
18:47 gram_schmidt: Removing vector 4 of norm 0.0
18:47 gram_schmidt: Removing vector 5 of norm 0.0
18:47 gram_schmidt: Removing vector 6 of norm 0.0
18:47 gram_schmidt: Removing vector 7 of norm 0.0
18:47 gram_schmidt: Removing vector 8 of norm 0.0
18:47 gram_schmidt: Removing vector 9 of norm 0.0
18:47 gram_schmidt: Removing vector 10 of norm 0.0
18:47 gram_schmidt: Removing vector 11 of norm 0.0
18:47 gram_schmidt: Removing vector 12 of norm 0.0
18:47 gram_schmidt: Removing vector 13 of norm 0.0
18:47 gram_schmidt: Removing vector 14 of norm 0.0
18:47 gram_schmidt: Removing vector 15 of norm 0.0
18:47 gram_schmidt: Removing vector 16 of norm 0.0
18:47 gram_schmidt: Removing vector 17 of norm 0.0
18:47 gram_schmidt: Removing vector 18 of norm 0.0
18:47 gram_schmidt: Removing vector 19 of norm 0.0
18:47 gram_schmidt: Removing vector 20 of norm 0.0
18:47 gram_schmidt: Removing vector 21 of norm 0.0
18:47 gram_schmidt: Removing vector 22 of norm 0.0
18:47 gram_schmidt: Removing vector 23 of norm 0.0
18:47 gram_schmidt: Removing vector 24 of norm 0.0
18:47 gram_schmidt: Removing vector 25 of norm 0.0
18:47 gram_schmidt: Removing vector 26 of norm 0.0
18:47 gram_schmidt: Removing vector 27 of norm 0.0
18:47 gram_schmidt: Removing vector 28 of norm 0.0
18:47 gram_schmidt: Removing vector 29 of norm 0.0
18:47 gram_schmidt: Removing vector 30 of norm 0.0
18:47 gram_schmidt: Removing vector 31 of norm 0.0
18:47 gram_schmidt: Removing vector 32 of norm 0.0
18:47 gram_schmidt: Removing vector 33 of norm 0.0
18:47 gram_schmidt: Removing vector 34 of norm 0.0
18:47 gram_schmidt: Removing vector 35 of norm 0.0
18:47 gram_schmidt: Removing vector 36 of norm 0.0
18:47 gram_schmidt: Removing vector 37 of norm 0.0
18:47 gram_schmidt: Removing vector 38 of norm 0.0
18:47 gram_schmidt: Removing vector 39 of norm 0.0
18:47 gram_schmidt: Removing vector 40 of norm 0.0
18:47 gram_schmidt: Removing vector 41 of norm 0.0
18:47 gram_schmidt: Removing vector 42 of norm 0.0
18:47 gram_schmidt: Removing vector 43 of norm 0.0
18:47 gram_schmidt: Removing vector 44 of norm 0.0
18:47 gram_schmidt: Removing vector 45 of norm 0.0
18:47 gram_schmidt: Removing vector 46 of norm 0.0
18:47 gram_schmidt: Removing vector 47 of norm 0.0
18:47 gram_schmidt: Removing vector 48 of norm 0.0
18:47 gram_schmidt: Removing vector 49 of norm 0.0
18:47 gram_schmidt: Removing vector 50 of norm 0.0
18:47 gram_schmidt: Removing vector 51 of norm 0.0
18:47 gram_schmidt: Removing vector 52 of norm 0.0
18:47 gram_schmidt: Removing vector 53 of norm 0.0
18:47 gram_schmidt: Removing vector 54 of norm 0.0
18:47 gram_schmidt: Removing vector 55 of norm 0.0
18:47 gram_schmidt: Removing vector 56 of norm 0.0
18:47 gram_schmidt: Removing vector 57 of norm 0.0
18:47 gram_schmidt: Removing vector 58 of norm 0.0
18:47 gram_schmidt: Removing vector 59 of norm 0.0
18:47 gram_schmidt: Removing vector 60 of norm 0.0
18:47 gram_schmidt: Removing vector 61 of norm 0.0
18:47 gram_schmidt: Removing vector 62 of norm 0.0
18:47 gram_schmidt: Removing vector 63 of norm 0.0
18:47 gram_schmidt: Removing vector 64 of norm 0.0
18:47 gram_schmidt: Removing vector 65 of norm 0.0
18:47 gram_schmidt: Removing vector 66 of norm 0.0
18:47 gram_schmidt: Removing vector 67 of norm 0.0
18:47 gram_schmidt: Removing vector 68 of norm 0.0
18:47 gram_schmidt: Removing vector 69 of norm 0.0
18:47 gram_schmidt: Removing vector 70 of norm 0.0
18:47 gram_schmidt: Removing vector 71 of norm 0.0
18:47 gram_schmidt: Removing vector 72 of norm 0.0
18:47 gram_schmidt: Removing vector 73 of norm 0.0
18:47 gram_schmidt: Removing vector 74 of norm 0.0
18:47 gram_schmidt: Removing vector 75 of norm 0.0
18:47 gram_schmidt: Removing vector 76 of norm 0.0
18:47 gram_schmidt: Removing vector 77 of norm 0.0
18:47 gram_schmidt: Removing vector 78 of norm 0.0
18:47 gram_schmidt: Removing vector 79 of norm 0.0
18:47 gram_schmidt: Removing vector 80 of norm 0.0
18:47 gram_schmidt: Removing vector 81 of norm 0.0
18:47 gram_schmidt: Removing vector 82 of norm 0.0
18:47 gram_schmidt: Removing vector 83 of norm 0.0
18:47 gram_schmidt: Removing vector 84 of norm 0.0
18:47 gram_schmidt: Removing vector 85 of norm 0.0
18:47 gram_schmidt: Removing vector 86 of norm 0.0
18:47 gram_schmidt: Removing vector 87 of norm 0.0
18:47 gram_schmidt: Removing vector 88 of norm 0.0
18:47 gram_schmidt: Removing vector 89 of norm 0.0
18:47 gram_schmidt: Removing vector 90 of norm 0.0
18:47 gram_schmidt: Removing vector 91 of norm 0.0
18:47 gram_schmidt: Removing vector 92 of norm 0.0
18:47 gram_schmidt: Removing vector 93 of norm 0.0
18:47 gram_schmidt: Removing vector 94 of norm 0.0
18:47 gram_schmidt: Removing vector 95 of norm 0.0
18:47 gram_schmidt: Removing vector 96 of norm 0.0
18:47 gram_schmidt: Removing vector 97 of norm 0.0
18:47 gram_schmidt: Removing vector 98 of norm 0.0
18:47 gram_schmidt: Removing vector 99 of norm 0.0
18:47 gram_schmidt: Removing vector 100 of norm 0.0
18:47 gram_schmidt: Removing vector 101 of norm 0.0
18:48 gram_schmidt: Removing vector 0 of norm 0.0
18:48 gram_schmidt: Removing vector 1 of norm 0.0
18:48 gram_schmidt: Removing vector 2 of norm 0.0
18:48 gram_schmidt: Removing vector 3 of norm 0.0
18:48 gram_schmidt: Removing vector 4 of norm 0.0
18:48 gram_schmidt: Removing vector 5 of norm 0.0
18:48 gram_schmidt: Removing vector 6 of norm 0.0
18:48 gram_schmidt: Removing vector 7 of norm 0.0
18:48 gram_schmidt: Removing vector 8 of norm 0.0
18:48 gram_schmidt: Removing vector 9 of norm 0.0
18:48 gram_schmidt: Removing vector 10 of norm 0.0
18:48 gram_schmidt: Removing vector 11 of norm 0.0
18:48 gram_schmidt: Removing vector 12 of norm 0.0
18:48 gram_schmidt: Removing vector 13 of norm 0.0
18:48 gram_schmidt: Removing vector 14 of norm 0.0
18:48 gram_schmidt: Removing vector 15 of norm 0.0
18:48 gram_schmidt: Removing vector 16 of norm 0.0
18:48 gram_schmidt: Removing vector 17 of norm 0.0
18:48 gram_schmidt: Removing vector 18 of norm 0.0
18:48 gram_schmidt: Removing vector 19 of norm 0.0
18:48 gram_schmidt: Removing vector 20 of norm 0.0
18:48 gram_schmidt: Removing vector 21 of norm 0.0
18:48 gram_schmidt: Removing vector 22 of norm 0.0
18:48 gram_schmidt: Removing vector 23 of norm 0.0
18:48 gram_schmidt: Removing vector 24 of norm 0.0
18:48 gram_schmidt: Removing vector 25 of norm 0.0
18:48 gram_schmidt: Removing vector 26 of norm 0.0
18:48 gram_schmidt: Removing vector 27 of norm 0.0
18:48 gram_schmidt: Removing vector 28 of norm 0.0
18:48 gram_schmidt: Removing vector 29 of norm 0.0
18:48 gram_schmidt: Removing vector 30 of norm 0.0
18:48 gram_schmidt: Removing vector 31 of norm 0.0
18:48 gram_schmidt: Removing vector 32 of norm 0.0
18:48 gram_schmidt: Removing vector 33 of norm 0.0
18:48 gram_schmidt: Removing vector 34 of norm 0.0
18:48 gram_schmidt: Removing vector 35 of norm 0.0
18:48 gram_schmidt: Removing vector 36 of norm 0.0
18:48 gram_schmidt: Removing vector 37 of norm 0.0
18:48 gram_schmidt: Removing vector 38 of norm 0.0
18:48 gram_schmidt: Removing vector 39 of norm 0.0
18:48 gram_schmidt: Removing vector 40 of norm 0.0
18:48 gram_schmidt: Removing vector 41 of norm 0.0
18:48 gram_schmidt: Removing vector 42 of norm 0.0
18:48 gram_schmidt: Removing vector 43 of norm 0.0
18:48 gram_schmidt: Removing vector 44 of norm 0.0
18:48 gram_schmidt: Removing vector 45 of norm 0.0
18:48 gram_schmidt: Removing vector 46 of norm 0.0
18:48 gram_schmidt: Removing vector 47 of norm 0.0
18:48 gram_schmidt: Removing vector 48 of norm 0.0
18:48 gram_schmidt: Removing vector 49 of norm 0.0
18:48 gram_schmidt: Removing vector 50 of norm 0.0
18:48 gram_schmidt: Removing vector 51 of norm 0.0
18:48 gram_schmidt: Removing vector 52 of norm 0.0
18:48 gram_schmidt: Removing vector 53 of norm 0.0
18:48 gram_schmidt: Removing vector 54 of norm 0.0
18:48 gram_schmidt: Removing vector 55 of norm 0.0
18:48 gram_schmidt: Removing vector 56 of norm 0.0
18:48 gram_schmidt: Removing vector 57 of norm 0.0
18:48 gram_schmidt: Removing vector 58 of norm 0.0
18:48 gram_schmidt: Removing vector 59 of norm 0.0
18:48 gram_schmidt: Removing vector 60 of norm 0.0
18:48 gram_schmidt: Removing vector 61 of norm 0.0
18:48 gram_schmidt: Removing vector 62 of norm 0.0
18:48 gram_schmidt: Removing vector 63 of norm 0.0
18:48 gram_schmidt: Removing vector 64 of norm 0.0
18:48 gram_schmidt: Removing vector 65 of norm 0.0
18:48 gram_schmidt: Removing vector 66 of norm 0.0
18:48 gram_schmidt: Removing vector 67 of norm 0.0
18:48 gram_schmidt: Removing vector 68 of norm 0.0
18:48 gram_schmidt: Removing vector 69 of norm 0.0
18:48 gram_schmidt: Removing vector 70 of norm 0.0
18:48 gram_schmidt: Removing vector 71 of norm 0.0
18:48 gram_schmidt: Removing vector 72 of norm 0.0
18:48 gram_schmidt: Removing vector 73 of norm 0.0
18:48 gram_schmidt: Removing vector 74 of norm 0.0
18:48 gram_schmidt: Removing vector 75 of norm 0.0
18:48 gram_schmidt: Removing vector 76 of norm 0.0
18:48 gram_schmidt: Removing vector 77 of norm 0.0
18:48 gram_schmidt: Removing vector 78 of norm 0.0
18:48 gram_schmidt: Removing vector 79 of norm 0.0
18:48 gram_schmidt: Removing vector 80 of norm 0.0
18:48 gram_schmidt: Removing vector 81 of norm 0.0
18:48 gram_schmidt: Removing vector 82 of norm 0.0
18:48 gram_schmidt: Removing vector 83 of norm 0.0
18:48 gram_schmidt: Removing vector 84 of norm 0.0
18:48 gram_schmidt: Removing vector 85 of norm 0.0
18:48 gram_schmidt: Removing vector 86 of norm 0.0
18:48 gram_schmidt: Removing vector 87 of norm 0.0
18:48 gram_schmidt: Removing vector 88 of norm 0.0
18:48 gram_schmidt: Removing vector 89 of norm 0.0
18:48 gram_schmidt: Removing vector 90 of norm 0.0
18:48 gram_schmidt: Removing vector 91 of norm 0.0
18:48 gram_schmidt: Removing vector 92 of norm 0.0
18:48 gram_schmidt: Removing vector 93 of norm 0.0
18:48 gram_schmidt: Removing vector 94 of norm 0.0
18:48 gram_schmidt: Removing vector 95 of norm 0.0
18:48 gram_schmidt: Removing vector 96 of norm 0.0
18:48 gram_schmidt: Removing vector 97 of norm 0.0
18:48 gram_schmidt: Removing vector 98 of norm 0.0
18:48 gram_schmidt: Removing vector 99 of norm 0.0
18:48 gram_schmidt: Removing vector 100 of norm 0.0
18:48 gram_schmidt: Removing vector 101 of norm 0.0
</system-err></testcase><testcase classname="src.pymortests.algorithms.gram_schmidt" file="src/pymortests/algorithms/gram_schmidt.py" line="26" name="test_gram_schmidt_with_R[1-&lt;lambda&gt;0]" time="0.0023827552795410156"></testcase><testcase classname="src.pymortests.algorithms.gram_schmidt" file="src/pymortests/algorithms/gram_schmidt.py" line="26" name="test_gram_schmidt_with_R[1-&lt;lambda&gt;1]" time="0.002803325653076172"></testcase><testcase classname="src.pymortests.algorithms.gram_schmidt" file="src/pymortests/algorithms/gram_schmidt.py" line="26" name="test_gram_schmidt_with_R[1-&lt;lambda&gt;2]" time="0.0032510757446289062"></testcase><testcase classname="src.pymortests.algorithms.gram_schmidt" file="src/pymortests/algorithms/gram_schmidt.py" line="26" name="test_gram_schmidt_with_R[1-&lt;lambda&gt;3]" time="0.10077452659606934"><system-err>18:48 gram_schmidt: Orthonormalizing vector 31 again
18:48 gram_schmidt: Removing linearly dependent vector 32
18:48 gram_schmidt: Removing linearly dependent vector 33
18:48 gram_schmidt: Removing linearly dependent vector 34
18:48 gram_schmidt: Removing linearly dependent vector 35
18:48 gram_schmidt: Removing linearly dependent vector 36
18:48 gram_schmidt: Removing linearly dependent vector 37
18:48 gram_schmidt: Removing linearly dependent vector 38
18:48 gram_schmidt: Removing linearly dependent vector 39
18:48 gram_schmidt: Removing linearly dependent vector 40
18:48 gram_schmidt: Removing linearly dependent vector 41
18:48 gram_schmidt: Removing linearly dependent vector 42
18:48 gram_schmidt: Orthonormalizing vector 31 again
18:48 gram_schmidt: Removing linearly dependent vector 32
18:48 gram_schmidt: Removing linearly dependent vector 33
18:48 gram_schmidt: Removing linearly dependent vector 34
18:48 gram_schmidt: Removing linearly dependent vector 35
18:48 gram_schmidt: Removing linearly dependent vector 36
18:48 gram_schmidt: Removing linearly dependent vector 37
18:48 gram_schmidt: Removing linearly dependent vector 38
18:48 gram_schmidt: Removing linearly dependent vector 39
18:48 gram_schmidt: Removing linearly dependent vector 40
18:48 gram_schmidt: Removing linearly dependent vector 41
18:48 gram_schmidt: Removing linearly dependent vector 42
</system-err></testcase><testcase classname="src.pymortests.algorithms.gram_schmidt" file="src/pymortests/algorithms/gram_schmidt.py" line="26" name="test_gram_schmidt_with_R[1-&lt;lambda&gt;4]" time="0.021039724349975586"><system-err>18:48 gram_schmidt: Removing vector 0 of norm 0.0
18:48 gram_schmidt: Removing vector 1 of norm 0.0
18:48 gram_schmidt: Removing vector 2 of norm 0.0
18:48 gram_schmidt: Removing vector 3 of norm 0.0
18:48 gram_schmidt: Removing vector 4 of norm 0.0
18:48 gram_schmidt: Removing vector 5 of norm 0.0
18:48 gram_schmidt: Removing vector 6 of norm 0.0
18:48 gram_schmidt: Removing vector 7 of norm 0.0
18:48 gram_schmidt: Removing vector 8 of norm 0.0
18:48 gram_schmidt: Removing vector 9 of norm 0.0
18:48 gram_schmidt: Removing vector 10 of norm 0.0
18:48 gram_schmidt: Removing vector 11 of norm 0.0
18:48 gram_schmidt: Removing vector 12 of norm 0.0
18:48 gram_schmidt: Removing vector 13 of norm 0.0
18:48 gram_schmidt: Removing vector 14 of norm 0.0
18:48 gram_schmidt: Removing vector 15 of norm 0.0
18:48 gram_schmidt: Removing vector 16 of norm 0.0
18:48 gram_schmidt: Removing vector 17 of norm 0.0
18:48 gram_schmidt: Removing vector 18 of norm 0.0
18:48 gram_schmidt: Removing vector 19 of norm 0.0
18:48 gram_schmidt: Removing vector 20 of norm 0.0
18:48 gram_schmidt: Removing vector 21 of norm 0.0
18:48 gram_schmidt: Removing vector 22 of norm 0.0
18:48 gram_schmidt: Removing vector 23 of norm 0.0
18:48 gram_schmidt: Removing vector 24 of norm 0.0
18:48 gram_schmidt: Removing vector 25 of norm 0.0
18:48 gram_schmidt: Removing vector 26 of norm 0.0
18:48 gram_schmidt: Removing vector 27 of norm 0.0
18:48 gram_schmidt: Removing vector 28 of norm 0.0
18:48 gram_schmidt: Removing vector 29 of norm 0.0
18:48 gram_schmidt: Removing vector 30 of norm 0.0
18:48 gram_schmidt: Removing vector 31 of norm 0.0
18:48 gram_schmidt: Removing vector 32 of norm 0.0
18:48 gram_schmidt: Removing vector 33 of norm 0.0
18:48 gram_schmidt: Removing vector 34 of norm 0.0
18:48 gram_schmidt: Removing vector 35 of norm 0.0
18:48 gram_schmidt: Removing vector 36 of norm 0.0
18:48 gram_schmidt: Removing vector 37 of norm 0.0
18:48 gram_schmidt: Removing vector 38 of norm 0.0
18:48 gram_schmidt: Removing vector 39 of norm 0.0
18:48 gram_schmidt: Removing vector 40 of norm 0.0
18:48 gram_schmidt: Removing vector 41 of norm 0.0
18:48 gram_schmidt: Removing vector 42 of norm 0.0
18:48 gram_schmidt: Removing vector 43 of norm 0.0
18:48 gram_schmidt: Removing vector 44 of norm 0.0
18:48 gram_schmidt: Removing vector 45 of norm 0.0
18:48 gram_schmidt: Removing vector 46 of norm 0.0
18:48 gram_schmidt: Removing vector 47 of norm 0.0
18:48 gram_schmidt: Removing vector 48 of norm 0.0
18:48 gram_schmidt: Removing vector 49 of norm 0.0
18:48 gram_schmidt: Removing vector 50 of norm 0.0
18:48 gram_schmidt: Removing vector 51 of norm 0.0
18:48 gram_schmidt: Removing vector 52 of norm 0.0
18:48 gram_schmidt: Removing vector 53 of norm 0.0
18:48 gram_schmidt: Removing vector 54 of norm 0.0
18:48 gram_schmidt: Removing vector 55 of norm 0.0
18:48 gram_schmidt: Removing vector 56 of norm 0.0
18:48 gram_schmidt: Removing vector 57 of norm 0.0
18:48 gram_schmidt: Removing vector 58 of norm 0.0
18:48 gram_schmidt: Removing vector 59 of norm 0.0
18:48 gram_schmidt: Removing vector 60 of norm 0.0
18:48 gram_schmidt: Removing vector 61 of norm 0.0
18:48 gram_schmidt: Removing vector 62 of norm 0.0
18:48 gram_schmidt: Removing vector 63 of norm 0.0
18:48 gram_schmidt: Removing vector 64 of norm 0.0
18:48 gram_schmidt: Removing vector 65 of norm 0.0
18:48 gram_schmidt: Removing vector 66 of norm 0.0
18:48 gram_schmidt: Removing vector 67 of norm 0.0
18:48 gram_schmidt: Removing vector 68 of norm 0.0
18:48 gram_schmidt: Removing vector 69 of norm 0.0
18:48 gram_schmidt: Removing vector 70 of norm 0.0
18:48 gram_schmidt: Removing vector 71 of norm 0.0
18:48 gram_schmidt: Removing vector 72 of norm 0.0
18:48 gram_schmidt: Removing vector 73 of norm 0.0
18:48 gram_schmidt: Removing vector 74 of norm 0.0
18:48 gram_schmidt: Removing vector 75 of norm 0.0
18:48 gram_schmidt: Removing vector 76 of norm 0.0
18:48 gram_schmidt: Removing vector 77 of norm 0.0
18:48 gram_schmidt: Removing vector 78 of norm 0.0
18:48 gram_schmidt: Removing vector 79 of norm 0.0
18:48 gram_schmidt: Removing vector 80 of norm 0.0
18:48 gram_schmidt: Removing vector 81 of norm 0.0
18:48 gram_schmidt: Removing vector 82 of norm 0.0
18:48 gram_schmidt: Removing vector 83 of norm 0.0
18:48 gram_schmidt: Removing vector 84 of norm 0.0
18:48 gram_schmidt: Removing vector 85 of norm 0.0
18:48 gram_schmidt: Removing vector 86 of norm 0.0
18:48 gram_schmidt: Removing vector 87 of norm 0.0
18:48 gram_schmidt: Removing vector 88 of norm 0.0
18:48 gram_schmidt: Removing vector 89 of norm 0.0
18:48 gram_schmidt: Removing vector 90 of norm 0.0
18:48 gram_schmidt: Removing vector 91 of norm 0.0
18:48 gram_schmidt: Removing vector 92 of norm 0.0
18:48 gram_schmidt: Removing vector 93 of norm 0.0
18:48 gram_schmidt: Removing vector 94 of norm 0.0
18:48 gram_schmidt: Removing vector 95 of norm 0.0
18:48 gram_schmidt: Removing vector 96 of norm 0.0
18:48 gram_schmidt: Removing vector 97 of norm 0.0
18:48 gram_schmidt: Removing vector 98 of norm 0.0
18:48 gram_schmidt: Removing vector 99 of norm 0.0
18:48 gram_schmidt: Removing vector 100 of norm 0.0
18:48 gram_schmidt: Removing vector 101 of norm 0.0
18:48 gram_schmidt: Removing vector 0 of norm 0.0
18:48 gram_schmidt: Removing vector 1 of norm 0.0
18:48 gram_schmidt: Removing vector 2 of norm 0.0
18:48 gram_schmidt: Removing vector 3 of norm 0.0
18:48 gram_schmidt: Removing vector 4 of norm 0.0
18:48 gram_schmidt: Removing vector 5 of norm 0.0
18:48 gram_schmidt: Removing vector 6 of norm 0.0
18:48 gram_schmidt: Removing vector 7 of norm 0.0
18:48 gram_schmidt: Removing vector 8 of norm 0.0
18:48 gram_schmidt: Removing vector 9 of norm 0.0
18:48 gram_schmidt: Removing vector 10 of norm 0.0
18:48 gram_schmidt: Removing vector 11 of norm 0.0
18:48 gram_schmidt: Removing vector 12 of norm 0.0
18:48 gram_schmidt: Removing vector 13 of norm 0.0
18:48 gram_schmidt: Removing vector 14 of norm 0.0
18:48 gram_schmidt: Removing vector 15 of norm 0.0
18:48 gram_schmidt: Removing vector 16 of norm 0.0
18:48 gram_schmidt: Removing vector 17 of norm 0.0
18:48 gram_schmidt: Removing vector 18 of norm 0.0
18:48 gram_schmidt: Removing vector 19 of norm 0.0
18:48 gram_schmidt: Removing vector 20 of norm 0.0
18:48 gram_schmidt: Removing vector 21 of norm 0.0
18:48 gram_schmidt: Removing vector 22 of norm 0.0
18:48 gram_schmidt: Removing vector 23 of norm 0.0
18:48 gram_schmidt: Removing vector 24 of norm 0.0
18:48 gram_schmidt: Removing vector 25 of norm 0.0
18:48 gram_schmidt: Removing vector 26 of norm 0.0
18:48 gram_schmidt: Removing vector 27 of norm 0.0
18:48 gram_schmidt: Removing vector 28 of norm 0.0
18:48 gram_schmidt: Removing vector 29 of norm 0.0
18:48 gram_schmidt: Removing vector 30 of norm 0.0
18:48 gram_schmidt: Removing vector 31 of norm 0.0
18:48 gram_schmidt: Removing vector 32 of norm 0.0
18:48 gram_schmidt: Removing vector 33 of norm 0.0
18:48 gram_schmidt: Removing vector 34 of norm 0.0
18:48 gram_schmidt: Removing vector 35 of norm 0.0
18:48 gram_schmidt: Removing vector 36 of norm 0.0
18:48 gram_schmidt: Removing vector 37 of norm 0.0
18:48 gram_schmidt: Removing vector 38 of norm 0.0
18:48 gram_schmidt: Removing vector 39 of norm 0.0
18:48 gram_schmidt: Removing vector 40 of norm 0.0
18:48 gram_schmidt: Removing vector 41 of norm 0.0
18:48 gram_schmidt: Removing vector 42 of norm 0.0
18:48 gram_schmidt: Removing vector 43 of norm 0.0
18:48 gram_schmidt: Removing vector 44 of norm 0.0
18:48 gram_schmidt: Removing vector 45 of norm 0.0
18:48 gram_schmidt: Removing vector 46 of norm 0.0
18:48 gram_schmidt: Removing vector 47 of norm 0.0
18:48 gram_schmidt: Removing vector 48 of norm 0.0
18:48 gram_schmidt: Removing vector 49 of norm 0.0
18:48 gram_schmidt: Removing vector 50 of norm 0.0
18:48 gram_schmidt: Removing vector 51 of norm 0.0
18:48 gram_schmidt: Removing vector 52 of norm 0.0
18:48 gram_schmidt: Removing vector 53 of norm 0.0
18:48 gram_schmidt: Removing vector 54 of norm 0.0
18:48 gram_schmidt: Removing vector 55 of norm 0.0
18:48 gram_schmidt: Removing vector 56 of norm 0.0
18:48 gram_schmidt: Removing vector 57 of norm 0.0
18:48 gram_schmidt: Removing vector 58 of norm 0.0
18:48 gram_schmidt: Removing vector 59 of norm 0.0
18:48 gram_schmidt: Removing vector 60 of norm 0.0
18:48 gram_schmidt: Removing vector 61 of norm 0.0
18:48 gram_schmidt: Removing vector 62 of norm 0.0
18:48 gram_schmidt: Removing vector 63 of norm 0.0
18:48 gram_schmidt: Removing vector 64 of norm 0.0
18:48 gram_schmidt: Removing vector 65 of norm 0.0
18:48 gram_schmidt: Removing vector 66 of norm 0.0
18:48 gram_schmidt: Removing vector 67 of norm 0.0
18:48 gram_schmidt: Removing vector 68 of norm 0.0
18:48 gram_schmidt: Removing vector 69 of norm 0.0
18:48 gram_schmidt: Removing vector 70 of norm 0.0
18:48 gram_schmidt: Removing vector 71 of norm 0.0
18:48 gram_schmidt: Removing vector 72 of norm 0.0
18:48 gram_schmidt: Removing vector 73 of norm 0.0
18:48 gram_schmidt: Removing vector 74 of norm 0.0
18:48 gram_schmidt: Removing vector 75 of norm 0.0
18:48 gram_schmidt: Removing vector 76 of norm 0.0
18:48 gram_schmidt: Removing vector 77 of norm 0.0
18:48 gram_schmidt: Removing vector 78 of norm 0.0
18:48 gram_schmidt: Removing vector 79 of norm 0.0
18:48 gram_schmidt: Removing vector 80 of norm 0.0
18:48 gram_schmidt: Removing vector 81 of norm 0.0
18:48 gram_schmidt: Removing vector 82 of norm 0.0
18:48 gram_schmidt: Removing vector 83 of norm 0.0
18:48 gram_schmidt: Removing vector 84 of norm 0.0
18:48 gram_schmidt: Removing vector 85 of norm 0.0
18:48 gram_schmidt: Removing vector 86 of norm 0.0
18:48 gram_schmidt: Removing vector 87 of norm 0.0
18:48 gram_schmidt: Removing vector 88 of norm 0.0
18:48 gram_schmidt: Removing vector 89 of norm 0.0
18:48 gram_schmidt: Removing vector 90 of norm 0.0
18:48 gram_schmidt: Removing vector 91 of norm 0.0
18:48 gram_schmidt: Removing vector 92 of norm 0.0
18:48 gram_schmidt: Removing vector 93 of norm 0.0
18:48 gram_schmidt: Removing vector 94 of norm 0.0
18:48 gram_schmidt: Removing vector 95 of norm 0.0
18:48 gram_schmidt: Removing vector 96 of norm 0.0
18:48 gram_schmidt: Removing vector 97 of norm 0.0
18:48 gram_schmidt: Removing vector 98 of norm 0.0
18:48 gram_schmidt: Removing vector 99 of norm 0.0
18:48 gram_schmidt: Removing vector 100 of norm 0.0
18:48 gram_schmidt: Removing vector 101 of norm 0.0
</system-err></testcase><testcase classname="src.pymortests.algorithms.gram_schmidt" file="src/pymortests/algorithms/gram_schmidt.py" line="26" name="test_gram_schmidt_with_R[1-&lt;lambda&gt;5]" time="0.002654552459716797"></testcase><testcase classname="src.pymortests.algorithms.gram_schmidt" file="src/pymortests/algorithms/gram_schmidt.py" line="26" name="test_gram_schmidt_with_R[1-&lt;lambda&gt;6]" time="0.0018701553344726562"></testcase><testcase classname="src.pymortests.algorithms.gram_schmidt" file="src/pymortests/algorithms/gram_schmidt.py" line="26" name="test_gram_schmidt_with_R[1-&lt;lambda&gt;7]" time="0.0023992061614990234"></testcase><testcase classname="src.pymortests.algorithms.gram_schmidt" file="src/pymortests/algorithms/gram_schmidt.py" line="26" name="test_gram_schmidt_with_R[1-&lt;lambda&gt;8]" time="0.20159220695495605"><system-err>18:48 gram_schmidt: Orthonormalizing vector 31 again
18:48 gram_schmidt: Removing linearly dependent vector 32
18:48 gram_schmidt: Removing linearly dependent vector 33
18:48 gram_schmidt: Removing linearly dependent vector 34
18:48 gram_schmidt: Removing linearly dependent vector 35
18:48 gram_schmidt: Removing linearly dependent vector 36
18:48 gram_schmidt: Removing linearly dependent vector 37
18:48 gram_schmidt: Removing linearly dependent vector 38
18:48 gram_schmidt: Removing linearly dependent vector 39
18:48 gram_schmidt: Removing linearly dependent vector 40
18:48 gram_schmidt: Removing linearly dependent vector 41
18:48 gram_schmidt: Removing linearly dependent vector 42
18:48 gram_schmidt: Orthonormalizing vector 31 again
18:48 gram_schmidt: Removing linearly dependent vector 32
18:48 gram_schmidt: Removing linearly dependent vector 33
18:48 gram_schmidt: Removing linearly dependent vector 34
18:48 gram_schmidt: Removing linearly dependent vector 35
18:48 gram_schmidt: Removing linearly dependent vector 36
18:48 gram_schmidt: Removing linearly dependent vector 37
18:48 gram_schmidt: Removing linearly dependent vector 38
18:48 gram_schmidt: Removing linearly dependent vector 39
18:48 gram_schmidt: Removing linearly dependent vector 40
18:48 gram_schmidt: Removing linearly dependent vector 41
18:48 gram_schmidt: Removing linearly dependent vector 42
</system-err></testcase><testcase classname="src.pymortests.algorithms.gram_schmidt" file="src/pymortests/algorithms/gram_schmidt.py" line="26" name="test_gram_schmidt_with_R[1-&lt;lambda&gt;9]" time="0.03078913688659668"><system-err>18:48 gram_schmidt: Removing vector 0 of norm 0.0
18:48 gram_schmidt: Removing vector 1 of norm 0.0
18:48 gram_schmidt: Removing vector 2 of norm 0.0
18:48 gram_schmidt: Removing vector 3 of norm 0.0
18:48 gram_schmidt: Removing vector 4 of norm 0.0
18:48 gram_schmidt: Removing vector 5 of norm 0.0
18:48 gram_schmidt: Removing vector 6 of norm 0.0
18:48 gram_schmidt: Removing vector 7 of norm 0.0
18:48 gram_schmidt: Removing vector 8 of norm 0.0
18:48 gram_schmidt: Removing vector 9 of norm 0.0
18:48 gram_schmidt: Removing vector 10 of norm 0.0
18:48 gram_schmidt: Removing vector 11 of norm 0.0
18:48 gram_schmidt: Removing vector 12 of norm 0.0
18:48 gram_schmidt: Removing vector 13 of norm 0.0
18:48 gram_schmidt: Removing vector 14 of norm 0.0
18:48 gram_schmidt: Removing vector 15 of norm 0.0
18:48 gram_schmidt: Removing vector 16 of norm 0.0
18:48 gram_schmidt: Removing vector 17 of norm 0.0
18:48 gram_schmidt: Removing vector 18 of norm 0.0
18:48 gram_schmidt: Removing vector 19 of norm 0.0
18:48 gram_schmidt: Removing vector 20 of norm 0.0
18:48 gram_schmidt: Removing vector 21 of norm 0.0
18:48 gram_schmidt: Removing vector 22 of norm 0.0
18:48 gram_schmidt: Removing vector 23 of norm 0.0
18:48 gram_schmidt: Removing vector 24 of norm 0.0
18:48 gram_schmidt: Removing vector 25 of norm 0.0
18:48 gram_schmidt: Removing vector 26 of norm 0.0
18:48 gram_schmidt: Removing vector 27 of norm 0.0
18:48 gram_schmidt: Removing vector 28 of norm 0.0
18:48 gram_schmidt: Removing vector 29 of norm 0.0
18:48 gram_schmidt: Removing vector 30 of norm 0.0
18:48 gram_schmidt: Removing vector 31 of norm 0.0
18:48 gram_schmidt: Removing vector 32 of norm 0.0
18:48 gram_schmidt: Removing vector 33 of norm 0.0
18:48 gram_schmidt: Removing vector 34 of norm 0.0
18:48 gram_schmidt: Removing vector 35 of norm 0.0
18:48 gram_schmidt: Removing vector 36 of norm 0.0
18:48 gram_schmidt: Removing vector 37 of norm 0.0
18:48 gram_schmidt: Removing vector 38 of norm 0.0
18:48 gram_schmidt: Removing vector 39 of norm 0.0
18:48 gram_schmidt: Removing vector 40 of norm 0.0
18:48 gram_schmidt: Removing vector 41 of norm 0.0
18:48 gram_schmidt: Removing vector 42 of norm 0.0
18:48 gram_schmidt: Removing vector 43 of norm 0.0
18:48 gram_schmidt: Removing vector 44 of norm 0.0
18:48 gram_schmidt: Removing vector 45 of norm 0.0
18:48 gram_schmidt: Removing vector 46 of norm 0.0
18:48 gram_schmidt: Removing vector 47 of norm 0.0
18:48 gram_schmidt: Removing vector 48 of norm 0.0
18:48 gram_schmidt: Removing vector 49 of norm 0.0
18:48 gram_schmidt: Removing vector 50 of norm 0.0
18:48 gram_schmidt: Removing vector 51 of norm 0.0
18:48 gram_schmidt: Removing vector 52 of norm 0.0
18:48 gram_schmidt: Removing vector 53 of norm 0.0
18:48 gram_schmidt: Removing vector 54 of norm 0.0
18:48 gram_schmidt: Removing vector 55 of norm 0.0
18:48 gram_schmidt: Removing vector 56 of norm 0.0
18:48 gram_schmidt: Removing vector 57 of norm 0.0
18:48 gram_schmidt: Removing vector 58 of norm 0.0
18:48 gram_schmidt: Removing vector 59 of norm 0.0
18:48 gram_schmidt: Removing vector 60 of norm 0.0
18:48 gram_schmidt: Removing vector 61 of norm 0.0
18:48 gram_schmidt: Removing vector 62 of norm 0.0
18:48 gram_schmidt: Removing vector 63 of norm 0.0
18:48 gram_schmidt: Removing vector 64 of norm 0.0
18:48 gram_schmidt: Removing vector 65 of norm 0.0
18:48 gram_schmidt: Removing vector 66 of norm 0.0
18:48 gram_schmidt: Removing vector 67 of norm 0.0
18:48 gram_schmidt: Removing vector 68 of norm 0.0
18:48 gram_schmidt: Removing vector 69 of norm 0.0
18:48 gram_schmidt: Removing vector 70 of norm 0.0
18:48 gram_schmidt: Removing vector 71 of norm 0.0
18:48 gram_schmidt: Removing vector 72 of norm 0.0
18:48 gram_schmidt: Removing vector 73 of norm 0.0
18:48 gram_schmidt: Removing vector 74 of norm 0.0
18:48 gram_schmidt: Removing vector 75 of norm 0.0
18:48 gram_schmidt: Removing vector 76 of norm 0.0
18:48 gram_schmidt: Removing vector 77 of norm 0.0
18:48 gram_schmidt: Removing vector 78 of norm 0.0
18:48 gram_schmidt: Removing vector 79 of norm 0.0
18:48 gram_schmidt: Removing vector 80 of norm 0.0
18:48 gram_schmidt: Removing vector 81 of norm 0.0
18:48 gram_schmidt: Removing vector 82 of norm 0.0
18:48 gram_schmidt: Removing vector 83 of norm 0.0
18:48 gram_schmidt: Removing vector 84 of norm 0.0
18:48 gram_schmidt: Removing vector 85 of norm 0.0
18:48 gram_schmidt: Removing vector 86 of norm 0.0
18:48 gram_schmidt: Removing vector 87 of norm 0.0
18:48 gram_schmidt: Removing vector 88 of norm 0.0
18:48 gram_schmidt: Removing vector 89 of norm 0.0
18:48 gram_schmidt: Removing vector 90 of norm 0.0
18:48 gram_schmidt: Removing vector 91 of norm 0.0
18:48 gram_schmidt: Removing vector 92 of norm 0.0
18:48 gram_schmidt: Removing vector 93 of norm 0.0
18:48 gram_schmidt: Removing vector 94 of norm 0.0
18:48 gram_schmidt: Removing vector 95 of norm 0.0
18:48 gram_schmidt: Removing vector 96 of norm 0.0
18:48 gram_schmidt: Removing vector 97 of norm 0.0
18:48 gram_schmidt: Removing vector 98 of norm 0.0
18:48 gram_schmidt: Removing vector 99 of norm 0.0
18:48 gram_schmidt: Removing vector 100 of norm 0.0
18:48 gram_schmidt: Removing vector 101 of norm 0.0
18:48 gram_schmidt: Removing vector 0 of norm 0.0
18:48 gram_schmidt: Removing vector 1 of norm 0.0
18:48 gram_schmidt: Removing vector 2 of norm 0.0
18:48 gram_schmidt: Removing vector 3 of norm 0.0
18:48 gram_schmidt: Removing vector 4 of norm 0.0
18:48 gram_schmidt: Removing vector 5 of norm 0.0
18:48 gram_schmidt: Removing vector 6 of norm 0.0
18:48 gram_schmidt: Removing vector 7 of norm 0.0
18:48 gram_schmidt: Removing vector 8 of norm 0.0
18:48 gram_schmidt: Removing vector 9 of norm 0.0
18:48 gram_schmidt: Removing vector 10 of norm 0.0
18:48 gram_schmidt: Removing vector 11 of norm 0.0
18:48 gram_schmidt: Removing vector 12 of norm 0.0
18:48 gram_schmidt: Removing vector 13 of norm 0.0
18:48 gram_schmidt: Removing vector 14 of norm 0.0
18:48 gram_schmidt: Removing vector 15 of norm 0.0
18:48 gram_schmidt: Removing vector 16 of norm 0.0
18:48 gram_schmidt: Removing vector 17 of norm 0.0
18:48 gram_schmidt: Removing vector 18 of norm 0.0
18:48 gram_schmidt: Removing vector 19 of norm 0.0
18:48 gram_schmidt: Removing vector 20 of norm 0.0
18:48 gram_schmidt: Removing vector 21 of norm 0.0
18:48 gram_schmidt: Removing vector 22 of norm 0.0
18:48 gram_schmidt: Removing vector 23 of norm 0.0
18:48 gram_schmidt: Removing vector 24 of norm 0.0
18:48 gram_schmidt: Removing vector 25 of norm 0.0
18:48 gram_schmidt: Removing vector 26 of norm 0.0
18:48 gram_schmidt: Removing vector 27 of norm 0.0
18:48 gram_schmidt: Removing vector 28 of norm 0.0
18:48 gram_schmidt: Removing vector 29 of norm 0.0
18:48 gram_schmidt: Removing vector 30 of norm 0.0
18:48 gram_schmidt: Removing vector 31 of norm 0.0
18:48 gram_schmidt: Removing vector 32 of norm 0.0
18:48 gram_schmidt: Removing vector 33 of norm 0.0
18:48 gram_schmidt: Removing vector 34 of norm 0.0
18:48 gram_schmidt: Removing vector 35 of norm 0.0
18:48 gram_schmidt: Removing vector 36 of norm 0.0
18:48 gram_schmidt: Removing vector 37 of norm 0.0
18:48 gram_schmidt: Removing vector 38 of norm 0.0
18:48 gram_schmidt: Removing vector 39 of norm 0.0
18:48 gram_schmidt: Removing vector 40 of norm 0.0
18:48 gram_schmidt: Removing vector 41 of norm 0.0
18:48 gram_schmidt: Removing vector 42 of norm 0.0
18:48 gram_schmidt: Removing vector 43 of norm 0.0
18:48 gram_schmidt: Removing vector 44 of norm 0.0
18:48 gram_schmidt: Removing vector 45 of norm 0.0
18:48 gram_schmidt: Removing vector 46 of norm 0.0
18:48 gram_schmidt: Removing vector 47 of norm 0.0
18:48 gram_schmidt: Removing vector 48 of norm 0.0
18:48 gram_schmidt: Removing vector 49 of norm 0.0
18:48 gram_schmidt: Removing vector 50 of norm 0.0
18:48 gram_schmidt: Removing vector 51 of norm 0.0
18:48 gram_schmidt: Removing vector 52 of norm 0.0
18:48 gram_schmidt: Removing vector 53 of norm 0.0
18:48 gram_schmidt: Removing vector 54 of norm 0.0
18:48 gram_schmidt: Removing vector 55 of norm 0.0
18:48 gram_schmidt: Removing vector 56 of norm 0.0
18:48 gram_schmidt: Removing vector 57 of norm 0.0
18:48 gram_schmidt: Removing vector 58 of norm 0.0
18:48 gram_schmidt: Removing vector 59 of norm 0.0
18:48 gram_schmidt: Removing vector 60 of norm 0.0
18:48 gram_schmidt: Removing vector 61 of norm 0.0
18:48 gram_schmidt: Removing vector 62 of norm 0.0
18:48 gram_schmidt: Removing vector 63 of norm 0.0
18:48 gram_schmidt: Removing vector 64 of norm 0.0
18:48 gram_schmidt: Removing vector 65 of norm 0.0
18:48 gram_schmidt: Removing vector 66 of norm 0.0
18:48 gram_schmidt: Removing vector 67 of norm 0.0
18:48 gram_schmidt: Removing vector 68 of norm 0.0
18:48 gram_schmidt: Removing vector 69 of norm 0.0
18:48 gram_schmidt: Removing vector 70 of norm 0.0
18:48 gram_schmidt: Removing vector 71 of norm 0.0
18:48 gram_schmidt: Removing vector 72 of norm 0.0
18:48 gram_schmidt: Removing vector 73 of norm 0.0
18:48 gram_schmidt: Removing vector 74 of norm 0.0
18:48 gram_schmidt: Removing vector 75 of norm 0.0
18:48 gram_schmidt: Removing vector 76 of norm 0.0
18:48 gram_schmidt: Removing vector 77 of norm 0.0
18:48 gram_schmidt: Removing vector 78 of norm 0.0
18:48 gram_schmidt: Removing vector 79 of norm 0.0
18:48 gram_schmidt: Removing vector 80 of norm 0.0
18:48 gram_schmidt: Removing vector 81 of norm 0.0
18:48 gram_schmidt: Removing vector 82 of norm 0.0
18:48 gram_schmidt: Removing vector 83 of norm 0.0
18:48 gram_schmidt: Removing vector 84 of norm 0.0
18:48 gram_schmidt: Removing vector 85 of norm 0.0
18:48 gram_schmidt: Removing vector 86 of norm 0.0
18:48 gram_schmidt: Removing vector 87 of norm 0.0
18:48 gram_schmidt: Removing vector 88 of norm 0.0
18:48 gram_schmidt: Removing vector 89 of norm 0.0
18:48 gram_schmidt: Removing vector 90 of norm 0.0
18:48 gram_schmidt: Removing vector 91 of norm 0.0
18:48 gram_schmidt: Removing vector 92 of norm 0.0
18:48 gram_schmidt: Removing vector 93 of norm 0.0
18:48 gram_schmidt: Removing vector 94 of norm 0.0
18:48 gram_schmidt: Removing vector 95 of norm 0.0
18:48 gram_schmidt: Removing vector 96 of norm 0.0
18:48 gram_schmidt: Removing vector 97 of norm 0.0
18:48 gram_schmidt: Removing vector 98 of norm 0.0
18:48 gram_schmidt: Removing vector 99 of norm 0.0
18:48 gram_schmidt: Removing vector 100 of norm 0.0
18:48 gram_schmidt: Removing vector 101 of norm 0.0
</system-err></testcase><testcase classname="src.pymortests.algorithms.gram_schmidt" file="src/pymortests/algorithms/gram_schmidt.py" line="26" name="test_gram_schmidt_with_R[1-&lt;lambda&gt;10]" time="0.0034313201904296875"></testcase><testcase classname="src.pymortests.algorithms.gram_schmidt" file="src/pymortests/algorithms/gram_schmidt.py" line="26" name="test_gram_schmidt_with_R[1-&lt;lambda&gt;11]" time="0.0068378448486328125"><system-err>18:48 gram_schmidt: Removing linearly dependent vector 3
18:48 gram_schmidt: Removing linearly dependent vector 3
</system-err></testcase><testcase classname="src.pymortests.algorithms.gram_schmidt" file="src/pymortests/algorithms/gram_schmidt.py" line="26" name="test_gram_schmidt_with_R[1-&lt;lambda&gt;12]" time="0.004125833511352539"><system-err>18:48 gram_schmidt: Removing vector 0 of norm 0.0
18:48 gram_schmidt: Removing vector 1 of norm 0.0
18:48 gram_schmidt: Removing vector 2 of norm 0.0
18:48 gram_schmidt: Removing vector 0 of norm 0.0
18:48 gram_schmidt: Removing vector 1 of norm 0.0
18:48 gram_schmidt: Removing vector 2 of norm 0.0
</system-err></testcase><testcase classname="src.pymortests.algorithms.gram_schmidt" file="src/pymortests/algorithms/gram_schmidt.py" line="26" name="test_gram_schmidt_with_R[1-&lt;lambda&gt;13]" time="0.0026748180389404297"></testcase><testcase classname="src.pymortests.algorithms.gram_schmidt" file="src/pymortests/algorithms/gram_schmidt.py" line="26" name="test_gram_schmidt_with_R[1-&lt;lambda&gt;14]" time="0.005154132843017578"></testcase><testcase classname="src.pymortests.algorithms.gram_schmidt" file="src/pymortests/algorithms/gram_schmidt.py" line="26" name="test_gram_schmidt_with_R[1-&lt;lambda&gt;15]" time="0.36336779594421387"><system-err>18:48 gram_schmidt: Removing linearly dependent vector 36
18:48 gram_schmidt: Removing linearly dependent vector 37
18:48 gram_schmidt: Removing linearly dependent vector 38
18:48 gram_schmidt: Removing linearly dependent vector 39
18:48 gram_schmidt: Removing linearly dependent vector 40
18:48 gram_schmidt: Removing linearly dependent vector 41
18:48 gram_schmidt: Removing linearly dependent vector 42
18:48 gram_schmidt: Removing linearly dependent vector 36
18:48 gram_schmidt: Removing linearly dependent vector 37
18:48 gram_schmidt: Removing linearly dependent vector 38
18:48 gram_schmidt: Removing linearly dependent vector 39
18:48 gram_schmidt: Removing linearly dependent vector 40
18:48 gram_schmidt: Removing linearly dependent vector 41
18:48 gram_schmidt: Removing linearly dependent vector 42
</system-err></testcase><testcase classname="src.pymortests.algorithms.gram_schmidt" file="src/pymortests/algorithms/gram_schmidt.py" line="26" name="test_gram_schmidt_with_R[1-&lt;lambda&gt;16]" time="0.19218969345092773"><system-err>18:48 gram_schmidt: Removing linearly dependent vector 3
18:48 gram_schmidt: Removing linearly dependent vector 4
18:48 gram_schmidt: Removing linearly dependent vector 5
18:48 gram_schmidt: Removing linearly dependent vector 6
18:48 gram_schmidt: Removing linearly dependent vector 7
18:48 gram_schmidt: Removing linearly dependent vector 8
18:48 gram_schmidt: Removing linearly dependent vector 9
18:48 gram_schmidt: Removing linearly dependent vector 10
18:48 gram_schmidt: Removing linearly dependent vector 11
18:48 gram_schmidt: Removing linearly dependent vector 12
18:48 gram_schmidt: Removing linearly dependent vector 13
18:48 gram_schmidt: Removing linearly dependent vector 14
18:48 gram_schmidt: Removing linearly dependent vector 15
18:48 gram_schmidt: Removing linearly dependent vector 16
18:48 gram_schmidt: Removing linearly dependent vector 17
18:48 gram_schmidt: Removing linearly dependent vector 18
18:48 gram_schmidt: Removing linearly dependent vector 19
18:48 gram_schmidt: Removing linearly dependent vector 20
18:48 gram_schmidt: Removing linearly dependent vector 21
18:48 gram_schmidt: Removing linearly dependent vector 22
18:48 gram_schmidt: Removing linearly dependent vector 23
18:48 gram_schmidt: Removing linearly dependent vector 24
18:48 gram_schmidt: Removing linearly dependent vector 25
18:48 gram_schmidt: Removing linearly dependent vector 26
18:48 gram_schmidt: Removing linearly dependent vector 27
18:48 gram_schmidt: Removing linearly dependent vector 28
18:48 gram_schmidt: Removing linearly dependent vector 29
18:48 gram_schmidt: Removing linearly dependent vector 30
18:48 gram_schmidt: Removing linearly dependent vector 31
18:48 gram_schmidt: Removing linearly dependent vector 32
18:48 gram_schmidt: Removing linearly dependent vector 33
18:48 gram_schmidt: Removing linearly dependent vector 34
18:48 gram_schmidt: Removing linearly dependent vector 35
18:48 gram_schmidt: Removing linearly dependent vector 36
18:48 gram_schmidt: Removing linearly dependent vector 37
18:48 gram_schmidt: Removing linearly dependent vector 38
18:48 gram_schmidt: Removing linearly dependent vector 39
18:48 gram_schmidt: Removing linearly dependent vector 40
18:48 gram_schmidt: Removing linearly dependent vector 41
18:48 gram_schmidt: Removing linearly dependent vector 42
18:48 gram_schmidt: Removing linearly dependent vector 43
18:48 gram_schmidt: Removing linearly dependent vector 44
18:48 gram_schmidt: Removing linearly dependent vector 45
18:48 gram_schmidt: Removing linearly dependent vector 46
18:48 gram_schmidt: Removing linearly dependent vector 47
18:48 gram_schmidt: Removing linearly dependent vector 48
18:48 gram_schmidt: Removing linearly dependent vector 49
18:48 gram_schmidt: Removing linearly dependent vector 50
18:48 gram_schmidt: Removing linearly dependent vector 51
18:48 gram_schmidt: Removing linearly dependent vector 52
18:48 gram_schmidt: Removing linearly dependent vector 53
18:48 gram_schmidt: Removing linearly dependent vector 54
18:48 gram_schmidt: Removing linearly dependent vector 55
18:48 gram_schmidt: Removing linearly dependent vector 56
18:48 gram_schmidt: Removing linearly dependent vector 57
18:48 gram_schmidt: Removing linearly dependent vector 58
18:48 gram_schmidt: Removing linearly dependent vector 59
18:48 gram_schmidt: Removing linearly dependent vector 60
18:48 gram_schmidt: Removing linearly dependent vector 61
18:48 gram_schmidt: Removing linearly dependent vector 62
18:48 gram_schmidt: Removing linearly dependent vector 63
18:48 gram_schmidt: Removing linearly dependent vector 64
18:48 gram_schmidt: Removing linearly dependent vector 65
18:48 gram_schmidt: Removing linearly dependent vector 66
18:48 gram_schmidt: Removing linearly dependent vector 67
18:48 gram_schmidt: Removing linearly dependent vector 68
18:48 gram_schmidt: Removing linearly dependent vector 69
18:48 gram_schmidt: Removing linearly dependent vector 70
18:48 gram_schmidt: Removing linearly dependent vector 71
18:48 gram_schmidt: Removing linearly dependent vector 72
18:48 gram_schmidt: Removing linearly dependent vector 73
18:48 gram_schmidt: Removing linearly dependent vector 74
18:48 gram_schmidt: Removing linearly dependent vector 75
18:48 gram_schmidt: Removing linearly dependent vector 76
18:48 gram_schmidt: Removing linearly dependent vector 77
18:48 gram_schmidt: Removing linearly dependent vector 78
18:48 gram_schmidt: Removing linearly dependent vector 79
18:48 gram_schmidt: Removing linearly dependent vector 80
18:48 gram_schmidt: Removing linearly dependent vector 81
18:48 gram_schmidt: Removing linearly dependent vector 82
18:48 gram_schmidt: Removing linearly dependent vector 83
18:48 gram_schmidt: Removing linearly dependent vector 84
18:48 gram_schmidt: Removing linearly dependent vector 85
18:48 gram_schmidt: Removing linearly dependent vector 86
18:48 gram_schmidt: Removing linearly dependent vector 87
18:48 gram_schmidt: Removing linearly dependent vector 88
18:48 gram_schmidt: Removing linearly dependent vector 89
18:48 gram_schmidt: Removing linearly dependent vector 90
18:48 gram_schmidt: Removing linearly dependent vector 91
18:48 gram_schmidt: Removing linearly dependent vector 92
18:48 gram_schmidt: Removing linearly dependent vector 93
18:48 gram_schmidt: Removing linearly dependent vector 94
18:48 gram_schmidt: Removing linearly dependent vector 95
18:48 gram_schmidt: Removing linearly dependent vector 96
18:48 gram_schmidt: Removing linearly dependent vector 97
18:48 gram_schmidt: Removing linearly dependent vector 98
18:48 gram_schmidt: Removing linearly dependent vector 99
18:48 gram_schmidt: Removing linearly dependent vector 100
18:48 gram_schmidt: Removing linearly dependent vector 101
18:48 gram_schmidt: Removing linearly dependent vector 3
18:48 gram_schmidt: Removing linearly dependent vector 4
18:48 gram_schmidt: Removing linearly dependent vector 5
18:48 gram_schmidt: Removing linearly dependent vector 6
18:48 gram_schmidt: Removing linearly dependent vector 7
18:48 gram_schmidt: Removing linearly dependent vector 8
18:48 gram_schmidt: Removing linearly dependent vector 9
18:48 gram_schmidt: Removing linearly dependent vector 10
18:48 gram_schmidt: Removing linearly dependent vector 11
18:48 gram_schmidt: Removing linearly dependent vector 12
18:48 gram_schmidt: Removing linearly dependent vector 13
18:48 gram_schmidt: Removing linearly dependent vector 14
18:48 gram_schmidt: Removing linearly dependent vector 15
18:48 gram_schmidt: Removing linearly dependent vector 16
18:48 gram_schmidt: Removing linearly dependent vector 17
18:48 gram_schmidt: Removing linearly dependent vector 18
18:48 gram_schmidt: Removing linearly dependent vector 19
18:48 gram_schmidt: Removing linearly dependent vector 20
18:48 gram_schmidt: Removing linearly dependent vector 21
18:48 gram_schmidt: Removing linearly dependent vector 22
18:48 gram_schmidt: Removing linearly dependent vector 23
18:48 gram_schmidt: Removing linearly dependent vector 24
18:48 gram_schmidt: Removing linearly dependent vector 25
18:48 gram_schmidt: Removing linearly dependent vector 26
18:48 gram_schmidt: Removing linearly dependent vector 27
18:48 gram_schmidt: Removing linearly dependent vector 28
18:48 gram_schmidt: Removing linearly dependent vector 29
18:48 gram_schmidt: Removing linearly dependent vector 30
18:48 gram_schmidt: Removing linearly dependent vector 31
18:48 gram_schmidt: Removing linearly dependent vector 32
18:48 gram_schmidt: Removing linearly dependent vector 33
18:48 gram_schmidt: Removing linearly dependent vector 34
18:48 gram_schmidt: Removing linearly dependent vector 35
18:48 gram_schmidt: Removing linearly dependent vector 36
18:48 gram_schmidt: Removing linearly dependent vector 37
18:48 gram_schmidt: Removing linearly dependent vector 38
18:48 gram_schmidt: Removing linearly dependent vector 39
18:48 gram_schmidt: Removing linearly dependent vector 40
18:48 gram_schmidt: Removing linearly dependent vector 41
18:48 gram_schmidt: Removing linearly dependent vector 42
18:48 gram_schmidt: Removing linearly dependent vector 43
18:48 gram_schmidt: Removing linearly dependent vector 44
18:48 gram_schmidt: Removing linearly dependent vector 45
18:48 gram_schmidt: Removing linearly dependent vector 46
18:48 gram_schmidt: Removing linearly dependent vector 47
18:48 gram_schmidt: Removing linearly dependent vector 48
18:48 gram_schmidt: Removing linearly dependent vector 49
18:48 gram_schmidt: Removing linearly dependent vector 50
18:48 gram_schmidt: Removing linearly dependent vector 51
18:48 gram_schmidt: Removing linearly dependent vector 52
18:48 gram_schmidt: Removing linearly dependent vector 53
18:48 gram_schmidt: Removing linearly dependent vector 54
18:48 gram_schmidt: Removing linearly dependent vector 55
18:48 gram_schmidt: Removing linearly dependent vector 56
18:48 gram_schmidt: Removing linearly dependent vector 57
18:48 gram_schmidt: Removing linearly dependent vector 58
18:48 gram_schmidt: Removing linearly dependent vector 59
18:48 gram_schmidt: Removing linearly dependent vector 60
18:48 gram_schmidt: Removing linearly dependent vector 61
18:49 gram_schmidt: Removing linearly dependent vector 62
18:49 gram_schmidt: Removing linearly dependent vector 63
18:49 gram_schmidt: Removing linearly dependent vector 64
18:49 gram_schmidt: Removing linearly dependent vector 65
18:49 gram_schmidt: Removing linearly dependent vector 66
18:49 gram_schmidt: Removing linearly dependent vector 67
18:49 gram_schmidt: Removing linearly dependent vector 68
18:49 gram_schmidt: Removing linearly dependent vector 69
18:49 gram_schmidt: Removing linearly dependent vector 70
18:49 gram_schmidt: Removing linearly dependent vector 71
18:49 gram_schmidt: Removing linearly dependent vector 72
18:49 gram_schmidt: Removing linearly dependent vector 73
18:49 gram_schmidt: Removing linearly dependent vector 74
18:49 gram_schmidt: Removing linearly dependent vector 75
18:49 gram_schmidt: Removing linearly dependent vector 76
18:49 gram_schmidt: Removing linearly dependent vector 77
18:49 gram_schmidt: Removing linearly dependent vector 78
18:49 gram_schmidt: Removing linearly dependent vector 79
18:49 gram_schmidt: Removing linearly dependent vector 80
18:49 gram_schmidt: Removing linearly dependent vector 81
18:49 gram_schmidt: Removing linearly dependent vector 82
18:49 gram_schmidt: Removing linearly dependent vector 83
18:49 gram_schmidt: Removing linearly dependent vector 84
18:49 gram_schmidt: Removing linearly dependent vector 85
18:49 gram_schmidt: Removing linearly dependent vector 86
18:49 gram_schmidt: Removing linearly dependent vector 87
18:49 gram_schmidt: Removing linearly dependent vector 88
18:49 gram_schmidt: Removing linearly dependent vector 89
18:49 gram_schmidt: Removing linearly dependent vector 90
18:49 gram_schmidt: Removing linearly dependent vector 91
18:49 gram_schmidt: Removing linearly dependent vector 92
18:49 gram_schmidt: Removing linearly dependent vector 93
18:49 gram_schmidt: Removing linearly dependent vector 94
18:49 gram_schmidt: Removing linearly dependent vector 95
18:49 gram_schmidt: Removing linearly dependent vector 96
18:49 gram_schmidt: Removing linearly dependent vector 97
18:49 gram_schmidt: Removing linearly dependent vector 98
18:49 gram_schmidt: Removing linearly dependent vector 99
18:49 gram_schmidt: Removing linearly dependent vector 100
18:49 gram_schmidt: Removing linearly dependent vector 101
</system-err></testcase><testcase classname="src.pymortests.algorithms.gram_schmidt" file="src/pymortests/algorithms/gram_schmidt.py" line="26" name="test_gram_schmidt_with_R[1-&lt;lambda&gt;17]" time="0.003929615020751953"></testcase><testcase classname="src.pymortests.algorithms.gram_schmidt" file="src/pymortests/algorithms/gram_schmidt.py" line="26" name="test_gram_schmidt_with_R[1-&lt;lambda&gt;18]" time="0.0030362606048583984"></testcase><testcase classname="src.pymortests.algorithms.gram_schmidt" file="src/pymortests/algorithms/gram_schmidt.py" line="26" name="test_gram_schmidt_with_R[1-&lt;lambda&gt;19]" time="0.006460905075073242"></testcase><testcase classname="src.pymortests.algorithms.gram_schmidt" file="src/pymortests/algorithms/gram_schmidt.py" line="26" name="test_gram_schmidt_with_R[1-&lt;lambda&gt;20]" time="0.3025979995727539"></testcase><testcase classname="src.pymortests.algorithms.gram_schmidt" file="src/pymortests/algorithms/gram_schmidt.py" line="26" name="test_gram_schmidt_with_R[1-&lt;lambda&gt;21]" time="1.656548261642456"></testcase><testcase classname="src.pymortests.algorithms.gram_schmidt" file="src/pymortests/algorithms/gram_schmidt.py" line="26" name="test_gram_schmidt_with_R[1-&lt;lambda&gt;22]" time="0.0027303695678710938"></testcase><testcase classname="src.pymortests.algorithms.gram_schmidt" file="src/pymortests/algorithms/gram_schmidt.py" line="26" name="test_gram_schmidt_with_R[1-&lt;lambda&gt;23]" time="0.002410888671875"></testcase><testcase classname="src.pymortests.algorithms.gram_schmidt" file="src/pymortests/algorithms/gram_schmidt.py" line="26" name="test_gram_schmidt_with_R[1-&lt;lambda&gt;24]" time="0.012015342712402344"></testcase><testcase classname="src.pymortests.algorithms.gram_schmidt" file="src/pymortests/algorithms/gram_schmidt.py" line="26" name="test_gram_schmidt_with_R[1-&lt;lambda&gt;25]" time="0.4888315200805664"><system-err>18:51 gram_schmidt: Orthonormalizing vector 31 again
18:51 gram_schmidt: Removing linearly dependent vector 32
18:51 gram_schmidt: Removing linearly dependent vector 33
18:51 gram_schmidt: Removing linearly dependent vector 34
18:51 gram_schmidt: Removing linearly dependent vector 35
18:51 gram_schmidt: Removing linearly dependent vector 36
18:51 gram_schmidt: Removing linearly dependent vector 37
18:51 gram_schmidt: Removing linearly dependent vector 38
18:51 gram_schmidt: Removing linearly dependent vector 39
18:51 gram_schmidt: Removing linearly dependent vector 40
18:51 gram_schmidt: Removing linearly dependent vector 41
18:51 gram_schmidt: Removing linearly dependent vector 42
18:51 gram_schmidt: Orthonormalizing vector 31 again
18:51 gram_schmidt: Removing linearly dependent vector 32
18:51 gram_schmidt: Removing linearly dependent vector 33
18:51 gram_schmidt: Removing linearly dependent vector 34
18:51 gram_schmidt: Removing linearly dependent vector 35
18:51 gram_schmidt: Removing linearly dependent vector 36
18:51 gram_schmidt: Removing linearly dependent vector 37
18:51 gram_schmidt: Removing linearly dependent vector 38
18:51 gram_schmidt: Removing linearly dependent vector 39
18:51 gram_schmidt: Removing linearly dependent vector 40
18:51 gram_schmidt: Removing linearly dependent vector 41
18:51 gram_schmidt: Removing linearly dependent vector 42
</system-err></testcase><testcase classname="src.pymortests.algorithms.gram_schmidt" file="src/pymortests/algorithms/gram_schmidt.py" line="26" name="test_gram_schmidt_with_R[1-&lt;lambda&gt;26]" time="0.3531191349029541"><system-err>18:51 gram_schmidt: Removing vector 0 of norm 0.0
18:51 gram_schmidt: Removing vector 1 of norm 0.0
18:51 gram_schmidt: Removing vector 2 of norm 0.0
18:51 gram_schmidt: Removing vector 3 of norm 0.0
18:51 gram_schmidt: Removing vector 4 of norm 0.0
18:51 gram_schmidt: Removing vector 5 of norm 0.0
18:51 gram_schmidt: Removing vector 6 of norm 0.0
18:51 gram_schmidt: Removing vector 7 of norm 0.0
18:51 gram_schmidt: Removing vector 8 of norm 0.0
18:51 gram_schmidt: Removing vector 9 of norm 0.0
18:51 gram_schmidt: Removing vector 10 of norm 0.0
18:51 gram_schmidt: Removing vector 11 of norm 0.0
18:51 gram_schmidt: Removing vector 12 of norm 0.0
18:51 gram_schmidt: Removing vector 13 of norm 0.0
18:51 gram_schmidt: Removing vector 14 of norm 0.0
18:51 gram_schmidt: Removing vector 15 of norm 0.0
18:51 gram_schmidt: Removing vector 16 of norm 0.0
18:51 gram_schmidt: Removing vector 17 of norm 0.0
18:51 gram_schmidt: Removing vector 18 of norm 0.0
18:51 gram_schmidt: Removing vector 19 of norm 0.0
18:51 gram_schmidt: Removing vector 20 of norm 0.0
18:51 gram_schmidt: Removing vector 21 of norm 0.0
18:51 gram_schmidt: Removing vector 22 of norm 0.0
18:51 gram_schmidt: Removing vector 23 of norm 0.0
18:51 gram_schmidt: Removing vector 24 of norm 0.0
18:51 gram_schmidt: Removing vector 25 of norm 0.0
18:51 gram_schmidt: Removing vector 26 of norm 0.0
18:51 gram_schmidt: Removing vector 27 of norm 0.0
18:51 gram_schmidt: Removing vector 28 of norm 0.0
18:51 gram_schmidt: Removing vector 29 of norm 0.0
18:51 gram_schmidt: Removing vector 30 of norm 0.0
18:51 gram_schmidt: Removing vector 31 of norm 0.0
18:51 gram_schmidt: Removing vector 32 of norm 0.0
18:51 gram_schmidt: Removing vector 33 of norm 0.0
18:51 gram_schmidt: Removing vector 34 of norm 0.0
18:51 gram_schmidt: Removing vector 35 of norm 0.0
18:51 gram_schmidt: Removing vector 36 of norm 0.0
18:51 gram_schmidt: Removing vector 37 of norm 0.0
18:51 gram_schmidt: Removing vector 38 of norm 0.0
18:51 gram_schmidt: Removing vector 39 of norm 0.0
18:51 gram_schmidt: Removing vector 40 of norm 0.0
18:51 gram_schmidt: Removing vector 41 of norm 0.0
18:51 gram_schmidt: Removing vector 42 of norm 0.0
18:51 gram_schmidt: Removing vector 43 of norm 0.0
18:51 gram_schmidt: Removing vector 44 of norm 0.0
18:51 gram_schmidt: Removing vector 45 of norm 0.0
18:51 gram_schmidt: Removing vector 46 of norm 0.0
18:51 gram_schmidt: Removing vector 47 of norm 0.0
18:51 gram_schmidt: Removing vector 48 of norm 0.0
18:51 gram_schmidt: Removing vector 49 of norm 0.0
18:51 gram_schmidt: Removing vector 50 of norm 0.0
18:51 gram_schmidt: Removing vector 51 of norm 0.0
18:51 gram_schmidt: Removing vector 52 of norm 0.0
18:51 gram_schmidt: Removing vector 53 of norm 0.0
18:51 gram_schmidt: Removing vector 54 of norm 0.0
18:51 gram_schmidt: Removing vector 55 of norm 0.0
18:51 gram_schmidt: Removing vector 56 of norm 0.0
18:51 gram_schmidt: Removing vector 57 of norm 0.0
18:51 gram_schmidt: Removing vector 58 of norm 0.0
18:51 gram_schmidt: Removing vector 59 of norm 0.0
18:51 gram_schmidt: Removing vector 60 of norm 0.0
18:51 gram_schmidt: Removing vector 61 of norm 0.0
18:51 gram_schmidt: Removing vector 62 of norm 0.0
18:51 gram_schmidt: Removing vector 63 of norm 0.0
18:51 gram_schmidt: Removing vector 64 of norm 0.0
18:51 gram_schmidt: Removing vector 65 of norm 0.0
18:51 gram_schmidt: Removing vector 66 of norm 0.0
18:51 gram_schmidt: Removing vector 67 of norm 0.0
18:51 gram_schmidt: Removing vector 68 of norm 0.0
18:51 gram_schmidt: Removing vector 69 of norm 0.0
18:51 gram_schmidt: Removing vector 70 of norm 0.0
18:51 gram_schmidt: Removing vector 71 of norm 0.0
18:51 gram_schmidt: Removing vector 72 of norm 0.0
18:51 gram_schmidt: Removing vector 73 of norm 0.0
18:51 gram_schmidt: Removing vector 74 of norm 0.0
18:51 gram_schmidt: Removing vector 75 of norm 0.0
18:51 gram_schmidt: Removing vector 76 of norm 0.0
18:51 gram_schmidt: Removing vector 77 of norm 0.0
18:51 gram_schmidt: Removing vector 78 of norm 0.0
18:51 gram_schmidt: Removing vector 79 of norm 0.0
18:51 gram_schmidt: Removing vector 80 of norm 0.0
18:51 gram_schmidt: Removing vector 81 of norm 0.0
18:51 gram_schmidt: Removing vector 82 of norm 0.0
18:51 gram_schmidt: Removing vector 83 of norm 0.0
18:51 gram_schmidt: Removing vector 84 of norm 0.0
18:51 gram_schmidt: Removing vector 85 of norm 0.0
18:51 gram_schmidt: Removing vector 86 of norm 0.0
18:51 gram_schmidt: Removing vector 87 of norm 0.0
18:51 gram_schmidt: Removing vector 88 of norm 0.0
18:51 gram_schmidt: Removing vector 89 of norm 0.0
18:51 gram_schmidt: Removing vector 90 of norm 0.0
18:51 gram_schmidt: Removing vector 91 of norm 0.0
18:51 gram_schmidt: Removing vector 92 of norm 0.0
18:51 gram_schmidt: Removing vector 93 of norm 0.0
18:51 gram_schmidt: Removing vector 94 of norm 0.0
18:51 gram_schmidt: Removing vector 95 of norm 0.0
18:51 gram_schmidt: Removing vector 96 of norm 0.0
18:51 gram_schmidt: Removing vector 97 of norm 0.0
18:51 gram_schmidt: Removing vector 98 of norm 0.0
18:51 gram_schmidt: Removing vector 99 of norm 0.0
18:51 gram_schmidt: Removing vector 100 of norm 0.0
18:51 gram_schmidt: Removing vector 101 of norm 0.0
18:51 gram_schmidt: Removing vector 0 of norm 0.0
18:51 gram_schmidt: Removing vector 1 of norm 0.0
18:51 gram_schmidt: Removing vector 2 of norm 0.0
18:51 gram_schmidt: Removing vector 3 of norm 0.0
18:51 gram_schmidt: Removing vector 4 of norm 0.0
18:51 gram_schmidt: Removing vector 5 of norm 0.0
18:51 gram_schmidt: Removing vector 6 of norm 0.0
18:51 gram_schmidt: Removing vector 7 of norm 0.0
18:51 gram_schmidt: Removing vector 8 of norm 0.0
18:51 gram_schmidt: Removing vector 9 of norm 0.0
18:51 gram_schmidt: Removing vector 10 of norm 0.0
18:51 gram_schmidt: Removing vector 11 of norm 0.0
18:51 gram_schmidt: Removing vector 12 of norm 0.0
18:51 gram_schmidt: Removing vector 13 of norm 0.0
18:51 gram_schmidt: Removing vector 14 of norm 0.0
18:51 gram_schmidt: Removing vector 15 of norm 0.0
18:51 gram_schmidt: Removing vector 16 of norm 0.0
18:51 gram_schmidt: Removing vector 17 of norm 0.0
18:51 gram_schmidt: Removing vector 18 of norm 0.0
18:51 gram_schmidt: Removing vector 19 of norm 0.0
18:51 gram_schmidt: Removing vector 20 of norm 0.0
18:51 gram_schmidt: Removing vector 21 of norm 0.0
18:51 gram_schmidt: Removing vector 22 of norm 0.0
18:51 gram_schmidt: Removing vector 23 of norm 0.0
18:51 gram_schmidt: Removing vector 24 of norm 0.0
18:51 gram_schmidt: Removing vector 25 of norm 0.0
18:51 gram_schmidt: Removing vector 26 of norm 0.0
18:51 gram_schmidt: Removing vector 27 of norm 0.0
18:51 gram_schmidt: Removing vector 28 of norm 0.0
18:51 gram_schmidt: Removing vector 29 of norm 0.0
18:51 gram_schmidt: Removing vector 30 of norm 0.0
18:51 gram_schmidt: Removing vector 31 of norm 0.0
18:51 gram_schmidt: Removing vector 32 of norm 0.0
18:51 gram_schmidt: Removing vector 33 of norm 0.0
18:51 gram_schmidt: Removing vector 34 of norm 0.0
18:51 gram_schmidt: Removing vector 35 of norm 0.0
18:51 gram_schmidt: Removing vector 36 of norm 0.0
18:51 gram_schmidt: Removing vector 37 of norm 0.0
18:51 gram_schmidt: Removing vector 38 of norm 0.0
18:51 gram_schmidt: Removing vector 39 of norm 0.0
18:51 gram_schmidt: Removing vector 40 of norm 0.0
18:51 gram_schmidt: Removing vector 41 of norm 0.0
18:51 gram_schmidt: Removing vector 42 of norm 0.0
18:51 gram_schmidt: Removing vector 43 of norm 0.0
18:51 gram_schmidt: Removing vector 44 of norm 0.0
18:51 gram_schmidt: Removing vector 45 of norm 0.0
18:51 gram_schmidt: Removing vector 46 of norm 0.0
18:51 gram_schmidt: Removing vector 47 of norm 0.0
18:51 gram_schmidt: Removing vector 48 of norm 0.0
18:51 gram_schmidt: Removing vector 49 of norm 0.0
18:51 gram_schmidt: Removing vector 50 of norm 0.0
18:51 gram_schmidt: Removing vector 51 of norm 0.0
18:51 gram_schmidt: Removing vector 52 of norm 0.0
18:51 gram_schmidt: Removing vector 53 of norm 0.0
18:51 gram_schmidt: Removing vector 54 of norm 0.0
18:51 gram_schmidt: Removing vector 55 of norm 0.0
18:51 gram_schmidt: Removing vector 56 of norm 0.0
18:51 gram_schmidt: Removing vector 57 of norm 0.0
18:51 gram_schmidt: Removing vector 58 of norm 0.0
18:51 gram_schmidt: Removing vector 59 of norm 0.0
18:51 gram_schmidt: Removing vector 60 of norm 0.0
18:51 gram_schmidt: Removing vector 61 of norm 0.0
18:51 gram_schmidt: Removing vector 62 of norm 0.0
18:51 gram_schmidt: Removing vector 63 of norm 0.0
18:51 gram_schmidt: Removing vector 64 of norm 0.0
18:51 gram_schmidt: Removing vector 65 of norm 0.0
18:51 gram_schmidt: Removing vector 66 of norm 0.0
18:51 gram_schmidt: Removing vector 67 of norm 0.0
18:51 gram_schmidt: Removing vector 68 of norm 0.0
18:51 gram_schmidt: Removing vector 69 of norm 0.0
18:51 gram_schmidt: Removing vector 70 of norm 0.0
18:51 gram_schmidt: Removing vector 71 of norm 0.0
18:51 gram_schmidt: Removing vector 72 of norm 0.0
18:51 gram_schmidt: Removing vector 73 of norm 0.0
18:51 gram_schmidt: Removing vector 74 of norm 0.0
18:51 gram_schmidt: Removing vector 75 of norm 0.0
18:51 gram_schmidt: Removing vector 76 of norm 0.0
18:51 gram_schmidt: Removing vector 77 of norm 0.0
18:51 gram_schmidt: Removing vector 78 of norm 0.0
18:51 gram_schmidt: Removing vector 79 of norm 0.0
18:51 gram_schmidt: Removing vector 80 of norm 0.0
18:51 gram_schmidt: Removing vector 81 of norm 0.0
18:51 gram_schmidt: Removing vector 82 of norm 0.0
18:51 gram_schmidt: Removing vector 83 of norm 0.0
18:51 gram_schmidt: Removing vector 84 of norm 0.0
18:51 gram_schmidt: Removing vector 85 of norm 0.0
18:51 gram_schmidt: Removing vector 86 of norm 0.0
18:51 gram_schmidt: Removing vector 87 of norm 0.0
18:51 gram_schmidt: Removing vector 88 of norm 0.0
18:51 gram_schmidt: Removing vector 89 of norm 0.0
18:51 gram_schmidt: Removing vector 90 of norm 0.0
18:51 gram_schmidt: Removing vector 91 of norm 0.0
18:51 gram_schmidt: Removing vector 92 of norm 0.0
18:51 gram_schmidt: Removing vector 93 of norm 0.0
18:51 gram_schmidt: Removing vector 94 of norm 0.0
18:51 gram_schmidt: Removing vector 95 of norm 0.0
18:51 gram_schmidt: Removing vector 96 of norm 0.0
18:51 gram_schmidt: Removing vector 97 of norm 0.0
18:51 gram_schmidt: Removing vector 98 of norm 0.0
18:51 gram_schmidt: Removing vector 99 of norm 0.0
18:51 gram_schmidt: Removing vector 100 of norm 0.0
18:51 gram_schmidt: Removing vector 101 of norm 0.0
</system-err></testcase><testcase classname="src.pymortests.algorithms.gram_schmidt" file="src/pymortests/algorithms/gram_schmidt.py" line="26" name="test_gram_schmidt_with_R[2-&lt;lambda&gt;0]" time="0.002727985382080078"></testcase><testcase classname="src.pymortests.algorithms.gram_schmidt" file="src/pymortests/algorithms/gram_schmidt.py" line="26" name="test_gram_schmidt_with_R[2-&lt;lambda&gt;1]" time="0.00200653076171875"></testcase><testcase classname="src.pymortests.algorithms.gram_schmidt" file="src/pymortests/algorithms/gram_schmidt.py" line="26" name="test_gram_schmidt_with_R[2-&lt;lambda&gt;2]" time="0.002228260040283203"></testcase><testcase classname="src.pymortests.algorithms.gram_schmidt" file="src/pymortests/algorithms/gram_schmidt.py" line="26" name="test_gram_schmidt_with_R[2-&lt;lambda&gt;3]" time="0.10048222541809082"><system-err>18:51 gram_schmidt: Orthonormalizing vector 31 again
18:51 gram_schmidt: Removing linearly dependent vector 32
18:51 gram_schmidt: Removing linearly dependent vector 33
18:51 gram_schmidt: Removing linearly dependent vector 34
18:51 gram_schmidt: Removing linearly dependent vector 35
18:51 gram_schmidt: Removing linearly dependent vector 36
18:51 gram_schmidt: Removing linearly dependent vector 37
18:51 gram_schmidt: Removing linearly dependent vector 38
18:51 gram_schmidt: Removing linearly dependent vector 39
18:51 gram_schmidt: Removing linearly dependent vector 40
18:51 gram_schmidt: Removing linearly dependent vector 41
18:51 gram_schmidt: Removing linearly dependent vector 42
18:51 gram_schmidt: Orthonormalizing vector 31 again
18:51 gram_schmidt: Removing linearly dependent vector 32
18:51 gram_schmidt: Removing linearly dependent vector 33
18:51 gram_schmidt: Removing linearly dependent vector 34
18:51 gram_schmidt: Removing linearly dependent vector 35
18:51 gram_schmidt: Removing linearly dependent vector 36
18:51 gram_schmidt: Removing linearly dependent vector 37
18:51 gram_schmidt: Removing linearly dependent vector 38
18:51 gram_schmidt: Removing linearly dependent vector 39
18:52 gram_schmidt: Removing linearly dependent vector 40
18:52 gram_schmidt: Removing linearly dependent vector 41
18:52 gram_schmidt: Removing linearly dependent vector 42
</system-err></testcase><testcase classname="src.pymortests.algorithms.gram_schmidt" file="src/pymortests/algorithms/gram_schmidt.py" line="26" name="test_gram_schmidt_with_R[2-&lt;lambda&gt;4]" time="0.021392107009887695"><system-err>18:52 gram_schmidt: Removing vector 0 of norm 0.0
18:52 gram_schmidt: Removing vector 1 of norm 0.0
18:52 gram_schmidt: Removing vector 2 of norm 0.0
18:52 gram_schmidt: Removing vector 3 of norm 0.0
18:52 gram_schmidt: Removing vector 4 of norm 0.0
18:52 gram_schmidt: Removing vector 5 of norm 0.0
18:52 gram_schmidt: Removing vector 6 of norm 0.0
18:52 gram_schmidt: Removing vector 7 of norm 0.0
18:52 gram_schmidt: Removing vector 8 of norm 0.0
18:52 gram_schmidt: Removing vector 9 of norm 0.0
18:52 gram_schmidt: Removing vector 10 of norm 0.0
18:52 gram_schmidt: Removing vector 11 of norm 0.0
18:52 gram_schmidt: Removing vector 12 of norm 0.0
18:52 gram_schmidt: Removing vector 13 of norm 0.0
18:52 gram_schmidt: Removing vector 14 of norm 0.0
18:52 gram_schmidt: Removing vector 15 of norm 0.0
18:52 gram_schmidt: Removing vector 16 of norm 0.0
18:52 gram_schmidt: Removing vector 17 of norm 0.0
18:52 gram_schmidt: Removing vector 18 of norm 0.0
18:52 gram_schmidt: Removing vector 19 of norm 0.0
18:52 gram_schmidt: Removing vector 20 of norm 0.0
18:52 gram_schmidt: Removing vector 21 of norm 0.0
18:52 gram_schmidt: Removing vector 22 of norm 0.0
18:52 gram_schmidt: Removing vector 23 of norm 0.0
18:52 gram_schmidt: Removing vector 24 of norm 0.0
18:52 gram_schmidt: Removing vector 25 of norm 0.0
18:52 gram_schmidt: Removing vector 26 of norm 0.0
18:52 gram_schmidt: Removing vector 27 of norm 0.0
18:52 gram_schmidt: Removing vector 28 of norm 0.0
18:52 gram_schmidt: Removing vector 29 of norm 0.0
18:52 gram_schmidt: Removing vector 30 of norm 0.0
18:52 gram_schmidt: Removing vector 31 of norm 0.0
18:52 gram_schmidt: Removing vector 32 of norm 0.0
18:52 gram_schmidt: Removing vector 33 of norm 0.0
18:52 gram_schmidt: Removing vector 34 of norm 0.0
18:52 gram_schmidt: Removing vector 35 of norm 0.0
18:52 gram_schmidt: Removing vector 36 of norm 0.0
18:52 gram_schmidt: Removing vector 37 of norm 0.0
18:52 gram_schmidt: Removing vector 38 of norm 0.0
18:52 gram_schmidt: Removing vector 39 of norm 0.0
18:52 gram_schmidt: Removing vector 40 of norm 0.0
18:52 gram_schmidt: Removing vector 41 of norm 0.0
18:52 gram_schmidt: Removing vector 42 of norm 0.0
18:52 gram_schmidt: Removing vector 43 of norm 0.0
18:52 gram_schmidt: Removing vector 44 of norm 0.0
18:52 gram_schmidt: Removing vector 45 of norm 0.0
18:52 gram_schmidt: Removing vector 46 of norm 0.0
18:52 gram_schmidt: Removing vector 47 of norm 0.0
18:52 gram_schmidt: Removing vector 48 of norm 0.0
18:52 gram_schmidt: Removing vector 49 of norm 0.0
18:52 gram_schmidt: Removing vector 50 of norm 0.0
18:52 gram_schmidt: Removing vector 51 of norm 0.0
18:52 gram_schmidt: Removing vector 52 of norm 0.0
18:52 gram_schmidt: Removing vector 53 of norm 0.0
18:52 gram_schmidt: Removing vector 54 of norm 0.0
18:52 gram_schmidt: Removing vector 55 of norm 0.0
18:52 gram_schmidt: Removing vector 56 of norm 0.0
18:52 gram_schmidt: Removing vector 57 of norm 0.0
18:52 gram_schmidt: Removing vector 58 of norm 0.0
18:52 gram_schmidt: Removing vector 59 of norm 0.0
18:52 gram_schmidt: Removing vector 60 of norm 0.0
18:52 gram_schmidt: Removing vector 61 of norm 0.0
18:52 gram_schmidt: Removing vector 62 of norm 0.0
18:52 gram_schmidt: Removing vector 63 of norm 0.0
18:52 gram_schmidt: Removing vector 64 of norm 0.0
18:52 gram_schmidt: Removing vector 65 of norm 0.0
18:52 gram_schmidt: Removing vector 66 of norm 0.0
18:52 gram_schmidt: Removing vector 67 of norm 0.0
18:52 gram_schmidt: Removing vector 68 of norm 0.0
18:52 gram_schmidt: Removing vector 69 of norm 0.0
18:52 gram_schmidt: Removing vector 70 of norm 0.0
18:52 gram_schmidt: Removing vector 71 of norm 0.0
18:52 gram_schmidt: Removing vector 72 of norm 0.0
18:52 gram_schmidt: Removing vector 73 of norm 0.0
18:52 gram_schmidt: Removing vector 74 of norm 0.0
18:52 gram_schmidt: Removing vector 75 of norm 0.0
18:52 gram_schmidt: Removing vector 76 of norm 0.0
18:52 gram_schmidt: Removing vector 77 of norm 0.0
18:52 gram_schmidt: Removing vector 78 of norm 0.0
18:52 gram_schmidt: Removing vector 79 of norm 0.0
18:52 gram_schmidt: Removing vector 80 of norm 0.0
18:52 gram_schmidt: Removing vector 81 of norm 0.0
18:52 gram_schmidt: Removing vector 82 of norm 0.0
18:52 gram_schmidt: Removing vector 83 of norm 0.0
18:52 gram_schmidt: Removing vector 84 of norm 0.0
18:52 gram_schmidt: Removing vector 85 of norm 0.0
18:52 gram_schmidt: Removing vector 86 of norm 0.0
18:52 gram_schmidt: Removing vector 87 of norm 0.0
18:52 gram_schmidt: Removing vector 88 of norm 0.0
18:52 gram_schmidt: Removing vector 89 of norm 0.0
18:52 gram_schmidt: Removing vector 90 of norm 0.0
18:52 gram_schmidt: Removing vector 91 of norm 0.0
18:52 gram_schmidt: Removing vector 92 of norm 0.0
18:52 gram_schmidt: Removing vector 93 of norm 0.0
18:52 gram_schmidt: Removing vector 94 of norm 0.0
18:52 gram_schmidt: Removing vector 95 of norm 0.0
18:52 gram_schmidt: Removing vector 96 of norm 0.0
18:52 gram_schmidt: Removing vector 97 of norm 0.0
18:52 gram_schmidt: Removing vector 98 of norm 0.0
18:52 gram_schmidt: Removing vector 99 of norm 0.0
18:52 gram_schmidt: Removing vector 100 of norm 0.0
18:52 gram_schmidt: Removing vector 101 of norm 0.0
18:52 gram_schmidt: Removing vector 0 of norm 0.0
18:52 gram_schmidt: Removing vector 1 of norm 0.0
18:52 gram_schmidt: Removing vector 2 of norm 0.0
18:52 gram_schmidt: Removing vector 3 of norm 0.0
18:52 gram_schmidt: Removing vector 4 of norm 0.0
18:52 gram_schmidt: Removing vector 5 of norm 0.0
18:52 gram_schmidt: Removing vector 6 of norm 0.0
18:52 gram_schmidt: Removing vector 7 of norm 0.0
18:52 gram_schmidt: Removing vector 8 of norm 0.0
18:52 gram_schmidt: Removing vector 9 of norm 0.0
18:52 gram_schmidt: Removing vector 10 of norm 0.0
18:52 gram_schmidt: Removing vector 11 of norm 0.0
18:52 gram_schmidt: Removing vector 12 of norm 0.0
18:52 gram_schmidt: Removing vector 13 of norm 0.0
18:52 gram_schmidt: Removing vector 14 of norm 0.0
18:52 gram_schmidt: Removing vector 15 of norm 0.0
18:52 gram_schmidt: Removing vector 16 of norm 0.0
18:52 gram_schmidt: Removing vector 17 of norm 0.0
18:52 gram_schmidt: Removing vector 18 of norm 0.0
18:52 gram_schmidt: Removing vector 19 of norm 0.0
18:52 gram_schmidt: Removing vector 20 of norm 0.0
18:52 gram_schmidt: Removing vector 21 of norm 0.0
18:52 gram_schmidt: Removing vector 22 of norm 0.0
18:52 gram_schmidt: Removing vector 23 of norm 0.0
18:52 gram_schmidt: Removing vector 24 of norm 0.0
18:52 gram_schmidt: Removing vector 25 of norm 0.0
18:52 gram_schmidt: Removing vector 26 of norm 0.0
18:52 gram_schmidt: Removing vector 27 of norm 0.0
18:52 gram_schmidt: Removing vector 28 of norm 0.0
18:52 gram_schmidt: Removing vector 29 of norm 0.0
18:52 gram_schmidt: Removing vector 30 of norm 0.0
18:52 gram_schmidt: Removing vector 31 of norm 0.0
18:52 gram_schmidt: Removing vector 32 of norm 0.0
18:52 gram_schmidt: Removing vector 33 of norm 0.0
18:52 gram_schmidt: Removing vector 34 of norm 0.0
18:52 gram_schmidt: Removing vector 35 of norm 0.0
18:52 gram_schmidt: Removing vector 36 of norm 0.0
18:52 gram_schmidt: Removing vector 37 of norm 0.0
18:52 gram_schmidt: Removing vector 38 of norm 0.0
18:52 gram_schmidt: Removing vector 39 of norm 0.0
18:52 gram_schmidt: Removing vector 40 of norm 0.0
18:52 gram_schmidt: Removing vector 41 of norm 0.0
18:52 gram_schmidt: Removing vector 42 of norm 0.0
18:52 gram_schmidt: Removing vector 43 of norm 0.0
18:52 gram_schmidt: Removing vector 44 of norm 0.0
18:52 gram_schmidt: Removing vector 45 of norm 0.0
18:52 gram_schmidt: Removing vector 46 of norm 0.0
18:52 gram_schmidt: Removing vector 47 of norm 0.0
18:52 gram_schmidt: Removing vector 48 of norm 0.0
18:52 gram_schmidt: Removing vector 49 of norm 0.0
18:52 gram_schmidt: Removing vector 50 of norm 0.0
18:52 gram_schmidt: Removing vector 51 of norm 0.0
18:52 gram_schmidt: Removing vector 52 of norm 0.0
18:52 gram_schmidt: Removing vector 53 of norm 0.0
18:52 gram_schmidt: Removing vector 54 of norm 0.0
18:52 gram_schmidt: Removing vector 55 of norm 0.0
18:52 gram_schmidt: Removing vector 56 of norm 0.0
18:52 gram_schmidt: Removing vector 57 of norm 0.0
18:52 gram_schmidt: Removing vector 58 of norm 0.0
18:52 gram_schmidt: Removing vector 59 of norm 0.0
18:52 gram_schmidt: Removing vector 60 of norm 0.0
18:52 gram_schmidt: Removing vector 61 of norm 0.0
18:52 gram_schmidt: Removing vector 62 of norm 0.0
18:52 gram_schmidt: Removing vector 63 of norm 0.0
18:52 gram_schmidt: Removing vector 64 of norm 0.0
18:52 gram_schmidt: Removing vector 65 of norm 0.0
18:52 gram_schmidt: Removing vector 66 of norm 0.0
18:52 gram_schmidt: Removing vector 67 of norm 0.0
18:52 gram_schmidt: Removing vector 68 of norm 0.0
18:52 gram_schmidt: Removing vector 69 of norm 0.0
18:52 gram_schmidt: Removing vector 70 of norm 0.0
18:52 gram_schmidt: Removing vector 71 of norm 0.0
18:52 gram_schmidt: Removing vector 72 of norm 0.0
18:52 gram_schmidt: Removing vector 73 of norm 0.0
18:52 gram_schmidt: Removing vector 74 of norm 0.0
18:52 gram_schmidt: Removing vector 75 of norm 0.0
18:52 gram_schmidt: Removing vector 76 of norm 0.0
18:52 gram_schmidt: Removing vector 77 of norm 0.0
18:52 gram_schmidt: Removing vector 78 of norm 0.0
18:52 gram_schmidt: Removing vector 79 of norm 0.0
18:52 gram_schmidt: Removing vector 80 of norm 0.0
18:52 gram_schmidt: Removing vector 81 of norm 0.0
18:52 gram_schmidt: Removing vector 82 of norm 0.0
18:52 gram_schmidt: Removing vector 83 of norm 0.0
18:52 gram_schmidt: Removing vector 84 of norm 0.0
18:52 gram_schmidt: Removing vector 85 of norm 0.0
18:52 gram_schmidt: Removing vector 86 of norm 0.0
18:52 gram_schmidt: Removing vector 87 of norm 0.0
18:52 gram_schmidt: Removing vector 88 of norm 0.0
18:52 gram_schmidt: Removing vector 89 of norm 0.0
18:52 gram_schmidt: Removing vector 90 of norm 0.0
18:52 gram_schmidt: Removing vector 91 of norm 0.0
18:52 gram_schmidt: Removing vector 92 of norm 0.0
18:52 gram_schmidt: Removing vector 93 of norm 0.0
18:52 gram_schmidt: Removing vector 94 of norm 0.0
18:52 gram_schmidt: Removing vector 95 of norm 0.0
18:52 gram_schmidt: Removing vector 96 of norm 0.0
18:52 gram_schmidt: Removing vector 97 of norm 0.0
18:52 gram_schmidt: Removing vector 98 of norm 0.0
18:52 gram_schmidt: Removing vector 99 of norm 0.0
18:52 gram_schmidt: Removing vector 100 of norm 0.0
18:52 gram_schmidt: Removing vector 101 of norm 0.0
</system-err></testcase><testcase classname="src.pymortests.algorithms.gram_schmidt" file="src/pymortests/algorithms/gram_schmidt.py" line="26" name="test_gram_schmidt_with_R[2-&lt;lambda&gt;5]" time="0.0027730464935302734"></testcase><testcase classname="src.pymortests.algorithms.gram_schmidt" file="src/pymortests/algorithms/gram_schmidt.py" line="26" name="test_gram_schmidt_with_R[2-&lt;lambda&gt;6]" time="0.0019142627716064453"></testcase><testcase classname="src.pymortests.algorithms.gram_schmidt" file="src/pymortests/algorithms/gram_schmidt.py" line="26" name="test_gram_schmidt_with_R[2-&lt;lambda&gt;7]" time="0.002412080764770508"></testcase><testcase classname="src.pymortests.algorithms.gram_schmidt" file="src/pymortests/algorithms/gram_schmidt.py" line="26" name="test_gram_schmidt_with_R[2-&lt;lambda&gt;8]" time="0.19923090934753418"><system-err>18:52 gram_schmidt: Orthonormalizing vector 31 again
18:52 gram_schmidt: Removing linearly dependent vector 32
18:52 gram_schmidt: Removing linearly dependent vector 33
18:52 gram_schmidt: Removing linearly dependent vector 34
18:52 gram_schmidt: Removing linearly dependent vector 35
18:52 gram_schmidt: Removing linearly dependent vector 36
18:52 gram_schmidt: Removing linearly dependent vector 37
18:52 gram_schmidt: Removing linearly dependent vector 38
18:52 gram_schmidt: Removing linearly dependent vector 39
18:52 gram_schmidt: Removing linearly dependent vector 40
18:52 gram_schmidt: Removing linearly dependent vector 41
18:52 gram_schmidt: Removing linearly dependent vector 42
18:52 gram_schmidt: Orthonormalizing vector 31 again
18:52 gram_schmidt: Removing linearly dependent vector 32
18:52 gram_schmidt: Removing linearly dependent vector 33
18:52 gram_schmidt: Removing linearly dependent vector 34
18:52 gram_schmidt: Removing linearly dependent vector 35
18:52 gram_schmidt: Removing linearly dependent vector 36
18:52 gram_schmidt: Removing linearly dependent vector 37
18:52 gram_schmidt: Removing linearly dependent vector 38
18:52 gram_schmidt: Removing linearly dependent vector 39
18:52 gram_schmidt: Removing linearly dependent vector 40
18:52 gram_schmidt: Removing linearly dependent vector 41
18:52 gram_schmidt: Removing linearly dependent vector 42
</system-err></testcase><testcase classname="src.pymortests.algorithms.gram_schmidt" file="src/pymortests/algorithms/gram_schmidt.py" line="26" name="test_gram_schmidt_with_R[2-&lt;lambda&gt;9]" time="0.02950000762939453"><system-err>18:52 gram_schmidt: Removing vector 0 of norm 0.0
18:52 gram_schmidt: Removing vector 1 of norm 0.0
18:52 gram_schmidt: Removing vector 2 of norm 0.0
18:52 gram_schmidt: Removing vector 3 of norm 0.0
18:52 gram_schmidt: Removing vector 4 of norm 0.0
18:52 gram_schmidt: Removing vector 5 of norm 0.0
18:52 gram_schmidt: Removing vector 6 of norm 0.0
18:52 gram_schmidt: Removing vector 7 of norm 0.0
18:52 gram_schmidt: Removing vector 8 of norm 0.0
18:52 gram_schmidt: Removing vector 9 of norm 0.0
18:52 gram_schmidt: Removing vector 10 of norm 0.0
18:52 gram_schmidt: Removing vector 11 of norm 0.0
18:52 gram_schmidt: Removing vector 12 of norm 0.0
18:52 gram_schmidt: Removing vector 13 of norm 0.0
18:52 gram_schmidt: Removing vector 14 of norm 0.0
18:52 gram_schmidt: Removing vector 15 of norm 0.0
18:52 gram_schmidt: Removing vector 16 of norm 0.0
18:52 gram_schmidt: Removing vector 17 of norm 0.0
18:52 gram_schmidt: Removing vector 18 of norm 0.0
18:52 gram_schmidt: Removing vector 19 of norm 0.0
18:52 gram_schmidt: Removing vector 20 of norm 0.0
18:52 gram_schmidt: Removing vector 21 of norm 0.0
18:52 gram_schmidt: Removing vector 22 of norm 0.0
18:52 gram_schmidt: Removing vector 23 of norm 0.0
18:52 gram_schmidt: Removing vector 24 of norm 0.0
18:52 gram_schmidt: Removing vector 25 of norm 0.0
18:52 gram_schmidt: Removing vector 26 of norm 0.0
18:52 gram_schmidt: Removing vector 27 of norm 0.0
18:52 gram_schmidt: Removing vector 28 of norm 0.0
18:52 gram_schmidt: Removing vector 29 of norm 0.0
18:52 gram_schmidt: Removing vector 30 of norm 0.0
18:52 gram_schmidt: Removing vector 31 of norm 0.0
18:52 gram_schmidt: Removing vector 32 of norm 0.0
18:52 gram_schmidt: Removing vector 33 of norm 0.0
18:52 gram_schmidt: Removing vector 34 of norm 0.0
18:52 gram_schmidt: Removing vector 35 of norm 0.0
18:52 gram_schmidt: Removing vector 36 of norm 0.0
18:52 gram_schmidt: Removing vector 37 of norm 0.0
18:52 gram_schmidt: Removing vector 38 of norm 0.0
18:52 gram_schmidt: Removing vector 39 of norm 0.0
18:52 gram_schmidt: Removing vector 40 of norm 0.0
18:52 gram_schmidt: Removing vector 41 of norm 0.0
18:52 gram_schmidt: Removing vector 42 of norm 0.0
18:52 gram_schmidt: Removing vector 43 of norm 0.0
18:52 gram_schmidt: Removing vector 44 of norm 0.0
18:52 gram_schmidt: Removing vector 45 of norm 0.0
18:52 gram_schmidt: Removing vector 46 of norm 0.0
18:52 gram_schmidt: Removing vector 47 of norm 0.0
18:52 gram_schmidt: Removing vector 48 of norm 0.0
18:52 gram_schmidt: Removing vector 49 of norm 0.0
18:52 gram_schmidt: Removing vector 50 of norm 0.0
18:52 gram_schmidt: Removing vector 51 of norm 0.0
18:52 gram_schmidt: Removing vector 52 of norm 0.0
18:52 gram_schmidt: Removing vector 53 of norm 0.0
18:52 gram_schmidt: Removing vector 54 of norm 0.0
18:52 gram_schmidt: Removing vector 55 of norm 0.0
18:52 gram_schmidt: Removing vector 56 of norm 0.0
18:52 gram_schmidt: Removing vector 57 of norm 0.0
18:52 gram_schmidt: Removing vector 58 of norm 0.0
18:52 gram_schmidt: Removing vector 59 of norm 0.0
18:52 gram_schmidt: Removing vector 60 of norm 0.0
18:52 gram_schmidt: Removing vector 61 of norm 0.0
18:52 gram_schmidt: Removing vector 62 of norm 0.0
18:52 gram_schmidt: Removing vector 63 of norm 0.0
18:52 gram_schmidt: Removing vector 64 of norm 0.0
18:52 gram_schmidt: Removing vector 65 of norm 0.0
18:52 gram_schmidt: Removing vector 66 of norm 0.0
18:52 gram_schmidt: Removing vector 67 of norm 0.0
18:52 gram_schmidt: Removing vector 68 of norm 0.0
18:52 gram_schmidt: Removing vector 69 of norm 0.0
18:52 gram_schmidt: Removing vector 70 of norm 0.0
18:52 gram_schmidt: Removing vector 71 of norm 0.0
18:52 gram_schmidt: Removing vector 72 of norm 0.0
18:52 gram_schmidt: Removing vector 73 of norm 0.0
18:52 gram_schmidt: Removing vector 74 of norm 0.0
18:52 gram_schmidt: Removing vector 75 of norm 0.0
18:52 gram_schmidt: Removing vector 76 of norm 0.0
18:52 gram_schmidt: Removing vector 77 of norm 0.0
18:52 gram_schmidt: Removing vector 78 of norm 0.0
18:52 gram_schmidt: Removing vector 79 of norm 0.0
18:52 gram_schmidt: Removing vector 80 of norm 0.0
18:52 gram_schmidt: Removing vector 81 of norm 0.0
18:52 gram_schmidt: Removing vector 82 of norm 0.0
18:52 gram_schmidt: Removing vector 83 of norm 0.0
18:52 gram_schmidt: Removing vector 84 of norm 0.0
18:52 gram_schmidt: Removing vector 85 of norm 0.0
18:52 gram_schmidt: Removing vector 86 of norm 0.0
18:52 gram_schmidt: Removing vector 87 of norm 0.0
18:52 gram_schmidt: Removing vector 88 of norm 0.0
18:52 gram_schmidt: Removing vector 89 of norm 0.0
18:52 gram_schmidt: Removing vector 90 of norm 0.0
18:52 gram_schmidt: Removing vector 91 of norm 0.0
18:52 gram_schmidt: Removing vector 92 of norm 0.0
18:52 gram_schmidt: Removing vector 93 of norm 0.0
18:52 gram_schmidt: Removing vector 94 of norm 0.0
18:52 gram_schmidt: Removing vector 95 of norm 0.0
18:52 gram_schmidt: Removing vector 96 of norm 0.0
18:52 gram_schmidt: Removing vector 97 of norm 0.0
18:52 gram_schmidt: Removing vector 98 of norm 0.0
18:52 gram_schmidt: Removing vector 99 of norm 0.0
18:52 gram_schmidt: Removing vector 100 of norm 0.0
18:52 gram_schmidt: Removing vector 101 of norm 0.0
18:52 gram_schmidt: Removing vector 0 of norm 0.0
18:52 gram_schmidt: Removing vector 1 of norm 0.0
18:52 gram_schmidt: Removing vector 2 of norm 0.0
18:52 gram_schmidt: Removing vector 3 of norm 0.0
18:52 gram_schmidt: Removing vector 4 of norm 0.0
18:52 gram_schmidt: Removing vector 5 of norm 0.0
18:52 gram_schmidt: Removing vector 6 of norm 0.0
18:52 gram_schmidt: Removing vector 7 of norm 0.0
18:52 gram_schmidt: Removing vector 8 of norm 0.0
18:52 gram_schmidt: Removing vector 9 of norm 0.0
18:52 gram_schmidt: Removing vector 10 of norm 0.0
18:52 gram_schmidt: Removing vector 11 of norm 0.0
18:52 gram_schmidt: Removing vector 12 of norm 0.0
18:52 gram_schmidt: Removing vector 13 of norm 0.0
18:52 gram_schmidt: Removing vector 14 of norm 0.0
18:52 gram_schmidt: Removing vector 15 of norm 0.0
18:52 gram_schmidt: Removing vector 16 of norm 0.0
18:52 gram_schmidt: Removing vector 17 of norm 0.0
18:52 gram_schmidt: Removing vector 18 of norm 0.0
18:52 gram_schmidt: Removing vector 19 of norm 0.0
18:52 gram_schmidt: Removing vector 20 of norm 0.0
18:52 gram_schmidt: Removing vector 21 of norm 0.0
18:52 gram_schmidt: Removing vector 22 of norm 0.0
18:52 gram_schmidt: Removing vector 23 of norm 0.0
18:52 gram_schmidt: Removing vector 24 of norm 0.0
18:52 gram_schmidt: Removing vector 25 of norm 0.0
18:52 gram_schmidt: Removing vector 26 of norm 0.0
18:52 gram_schmidt: Removing vector 27 of norm 0.0
18:52 gram_schmidt: Removing vector 28 of norm 0.0
18:52 gram_schmidt: Removing vector 29 of norm 0.0
18:52 gram_schmidt: Removing vector 30 of norm 0.0
18:52 gram_schmidt: Removing vector 31 of norm 0.0
18:52 gram_schmidt: Removing vector 32 of norm 0.0
18:52 gram_schmidt: Removing vector 33 of norm 0.0
18:52 gram_schmidt: Removing vector 34 of norm 0.0
18:52 gram_schmidt: Removing vector 35 of norm 0.0
18:52 gram_schmidt: Removing vector 36 of norm 0.0
18:52 gram_schmidt: Removing vector 37 of norm 0.0
18:52 gram_schmidt: Removing vector 38 of norm 0.0
18:52 gram_schmidt: Removing vector 39 of norm 0.0
18:52 gram_schmidt: Removing vector 40 of norm 0.0
18:52 gram_schmidt: Removing vector 41 of norm 0.0
18:52 gram_schmidt: Removing vector 42 of norm 0.0
18:52 gram_schmidt: Removing vector 43 of norm 0.0
18:52 gram_schmidt: Removing vector 44 of norm 0.0
18:52 gram_schmidt: Removing vector 45 of norm 0.0
18:52 gram_schmidt: Removing vector 46 of norm 0.0
18:52 gram_schmidt: Removing vector 47 of norm 0.0
18:52 gram_schmidt: Removing vector 48 of norm 0.0
18:52 gram_schmidt: Removing vector 49 of norm 0.0
18:52 gram_schmidt: Removing vector 50 of norm 0.0
18:52 gram_schmidt: Removing vector 51 of norm 0.0
18:52 gram_schmidt: Removing vector 52 of norm 0.0
18:52 gram_schmidt: Removing vector 53 of norm 0.0
18:52 gram_schmidt: Removing vector 54 of norm 0.0
18:52 gram_schmidt: Removing vector 55 of norm 0.0
18:52 gram_schmidt: Removing vector 56 of norm 0.0
18:52 gram_schmidt: Removing vector 57 of norm 0.0
18:52 gram_schmidt: Removing vector 58 of norm 0.0
18:52 gram_schmidt: Removing vector 59 of norm 0.0
18:52 gram_schmidt: Removing vector 60 of norm 0.0
18:52 gram_schmidt: Removing vector 61 of norm 0.0
18:52 gram_schmidt: Removing vector 62 of norm 0.0
18:52 gram_schmidt: Removing vector 63 of norm 0.0
18:52 gram_schmidt: Removing vector 64 of norm 0.0
18:52 gram_schmidt: Removing vector 65 of norm 0.0
18:52 gram_schmidt: Removing vector 66 of norm 0.0
18:52 gram_schmidt: Removing vector 67 of norm 0.0
18:52 gram_schmidt: Removing vector 68 of norm 0.0
18:52 gram_schmidt: Removing vector 69 of norm 0.0
18:52 gram_schmidt: Removing vector 70 of norm 0.0
18:52 gram_schmidt: Removing vector 71 of norm 0.0
18:52 gram_schmidt: Removing vector 72 of norm 0.0
18:52 gram_schmidt: Removing vector 73 of norm 0.0
18:52 gram_schmidt: Removing vector 74 of norm 0.0
18:52 gram_schmidt: Removing vector 75 of norm 0.0
18:52 gram_schmidt: Removing vector 76 of norm 0.0
18:52 gram_schmidt: Removing vector 77 of norm 0.0
18:52 gram_schmidt: Removing vector 78 of norm 0.0
18:52 gram_schmidt: Removing vector 79 of norm 0.0
18:52 gram_schmidt: Removing vector 80 of norm 0.0
18:52 gram_schmidt: Removing vector 81 of norm 0.0
18:52 gram_schmidt: Removing vector 82 of norm 0.0
18:52 gram_schmidt: Removing vector 83 of norm 0.0
18:52 gram_schmidt: Removing vector 84 of norm 0.0
18:52 gram_schmidt: Removing vector 85 of norm 0.0
18:52 gram_schmidt: Removing vector 86 of norm 0.0
18:52 gram_schmidt: Removing vector 87 of norm 0.0
18:52 gram_schmidt: Removing vector 88 of norm 0.0
18:52 gram_schmidt: Removing vector 89 of norm 0.0
18:52 gram_schmidt: Removing vector 90 of norm 0.0
18:52 gram_schmidt: Removing vector 91 of norm 0.0
18:52 gram_schmidt: Removing vector 92 of norm 0.0
18:52 gram_schmidt: Removing vector 93 of norm 0.0
18:52 gram_schmidt: Removing vector 94 of norm 0.0
18:52 gram_schmidt: Removing vector 95 of norm 0.0
18:52 gram_schmidt: Removing vector 96 of norm 0.0
18:52 gram_schmidt: Removing vector 97 of norm 0.0
18:52 gram_schmidt: Removing vector 98 of norm 0.0
18:52 gram_schmidt: Removing vector 99 of norm 0.0
18:52 gram_schmidt: Removing vector 100 of norm 0.0
18:52 gram_schmidt: Removing vector 101 of norm 0.0
</system-err></testcase><testcase classname="src.pymortests.algorithms.gram_schmidt" file="src/pymortests/algorithms/gram_schmidt.py" line="26" name="test_gram_schmidt_with_R[2-&lt;lambda&gt;10]" time="0.0035042762756347656"></testcase><testcase classname="src.pymortests.algorithms.gram_schmidt" file="src/pymortests/algorithms/gram_schmidt.py" line="26" name="test_gram_schmidt_with_R[2-&lt;lambda&gt;11]" time="0.0064411163330078125"><system-err>18:52 gram_schmidt: Removing linearly dependent vector 3
18:52 gram_schmidt: Removing linearly dependent vector 3
</system-err></testcase><testcase classname="src.pymortests.algorithms.gram_schmidt" file="src/pymortests/algorithms/gram_schmidt.py" line="26" name="test_gram_schmidt_with_R[2-&lt;lambda&gt;12]" time="0.003874063491821289"><system-err>18:52 gram_schmidt: Removing vector 0 of norm 0.0
18:52 gram_schmidt: Removing vector 1 of norm 0.0
18:52 gram_schmidt: Removing vector 2 of norm 0.0
18:52 gram_schmidt: Removing vector 0 of norm 0.0
18:52 gram_schmidt: Removing vector 1 of norm 0.0
18:52 gram_schmidt: Removing vector 2 of norm 0.0
</system-err></testcase><testcase classname="src.pymortests.algorithms.gram_schmidt" file="src/pymortests/algorithms/gram_schmidt.py" line="26" name="test_gram_schmidt_with_R[2-&lt;lambda&gt;13]" time="0.002649545669555664"></testcase><testcase classname="src.pymortests.algorithms.gram_schmidt" file="src/pymortests/algorithms/gram_schmidt.py" line="26" name="test_gram_schmidt_with_R[2-&lt;lambda&gt;14]" time="0.004799842834472656"></testcase><testcase classname="src.pymortests.algorithms.gram_schmidt" file="src/pymortests/algorithms/gram_schmidt.py" line="26" name="test_gram_schmidt_with_R[2-&lt;lambda&gt;15]" time="0.37542200088500977"><system-err>18:52 gram_schmidt: Removing linearly dependent vector 36
18:52 gram_schmidt: Removing linearly dependent vector 37
18:52 gram_schmidt: Removing linearly dependent vector 38
18:52 gram_schmidt: Removing linearly dependent vector 39
18:52 gram_schmidt: Removing linearly dependent vector 40
18:52 gram_schmidt: Removing linearly dependent vector 41
18:52 gram_schmidt: Removing linearly dependent vector 42
18:52 gram_schmidt: Removing linearly dependent vector 36
18:52 gram_schmidt: Removing linearly dependent vector 37
18:52 gram_schmidt: Removing linearly dependent vector 38
18:52 gram_schmidt: Removing linearly dependent vector 39
18:52 gram_schmidt: Removing linearly dependent vector 40
18:52 gram_schmidt: Removing linearly dependent vector 41
18:52 gram_schmidt: Removing linearly dependent vector 42
</system-err></testcase><testcase classname="src.pymortests.algorithms.gram_schmidt" file="src/pymortests/algorithms/gram_schmidt.py" line="26" name="test_gram_schmidt_with_R[2-&lt;lambda&gt;16]" time="0.17745399475097656"><system-err>18:52 gram_schmidt: Removing linearly dependent vector 3
18:52 gram_schmidt: Removing linearly dependent vector 4
18:52 gram_schmidt: Removing linearly dependent vector 5
18:52 gram_schmidt: Removing linearly dependent vector 6
18:52 gram_schmidt: Removing linearly dependent vector 7
18:52 gram_schmidt: Removing linearly dependent vector 8
18:52 gram_schmidt: Removing linearly dependent vector 9
18:52 gram_schmidt: Removing linearly dependent vector 10
18:52 gram_schmidt: Removing linearly dependent vector 11
18:52 gram_schmidt: Removing linearly dependent vector 12
18:52 gram_schmidt: Removing linearly dependent vector 13
18:52 gram_schmidt: Removing linearly dependent vector 14
18:52 gram_schmidt: Removing linearly dependent vector 15
18:52 gram_schmidt: Removing linearly dependent vector 16
18:52 gram_schmidt: Removing linearly dependent vector 17
18:52 gram_schmidt: Removing linearly dependent vector 18
18:52 gram_schmidt: Removing linearly dependent vector 19
18:52 gram_schmidt: Removing linearly dependent vector 20
18:52 gram_schmidt: Removing linearly dependent vector 21
18:52 gram_schmidt: Removing linearly dependent vector 22
18:52 gram_schmidt: Removing linearly dependent vector 23
18:52 gram_schmidt: Removing linearly dependent vector 24
18:52 gram_schmidt: Removing linearly dependent vector 25
18:52 gram_schmidt: Removing linearly dependent vector 26
18:52 gram_schmidt: Removing linearly dependent vector 27
18:52 gram_schmidt: Removing linearly dependent vector 28
18:52 gram_schmidt: Removing linearly dependent vector 29
18:52 gram_schmidt: Removing linearly dependent vector 30
18:52 gram_schmidt: Removing linearly dependent vector 31
18:52 gram_schmidt: Removing linearly dependent vector 32
18:52 gram_schmidt: Removing linearly dependent vector 33
18:52 gram_schmidt: Removing linearly dependent vector 34
18:52 gram_schmidt: Removing linearly dependent vector 35
18:52 gram_schmidt: Removing linearly dependent vector 36
18:52 gram_schmidt: Removing linearly dependent vector 37
18:52 gram_schmidt: Removing linearly dependent vector 38
18:52 gram_schmidt: Removing linearly dependent vector 39
18:52 gram_schmidt: Removing linearly dependent vector 40
18:52 gram_schmidt: Removing linearly dependent vector 41
18:52 gram_schmidt: Removing linearly dependent vector 42
18:52 gram_schmidt: Removing linearly dependent vector 43
18:52 gram_schmidt: Removing linearly dependent vector 44
18:52 gram_schmidt: Removing linearly dependent vector 45
18:52 gram_schmidt: Removing linearly dependent vector 46
18:52 gram_schmidt: Removing linearly dependent vector 47
18:52 gram_schmidt: Removing linearly dependent vector 48
18:52 gram_schmidt: Removing linearly dependent vector 49
18:52 gram_schmidt: Removing linearly dependent vector 50
18:52 gram_schmidt: Removing linearly dependent vector 51
18:52 gram_schmidt: Removing linearly dependent vector 52
18:52 gram_schmidt: Removing linearly dependent vector 53
18:52 gram_schmidt: Removing linearly dependent vector 54
18:52 gram_schmidt: Removing linearly dependent vector 55
18:52 gram_schmidt: Removing linearly dependent vector 56
18:52 gram_schmidt: Removing linearly dependent vector 57
18:52 gram_schmidt: Removing linearly dependent vector 58
18:52 gram_schmidt: Removing linearly dependent vector 59
18:52 gram_schmidt: Removing linearly dependent vector 60
18:52 gram_schmidt: Removing linearly dependent vector 61
18:52 gram_schmidt: Removing linearly dependent vector 62
18:52 gram_schmidt: Removing linearly dependent vector 63
18:52 gram_schmidt: Removing linearly dependent vector 64
18:52 gram_schmidt: Removing linearly dependent vector 65
18:52 gram_schmidt: Removing linearly dependent vector 66
18:52 gram_schmidt: Removing linearly dependent vector 67
18:52 gram_schmidt: Removing linearly dependent vector 68
18:52 gram_schmidt: Removing linearly dependent vector 69
18:52 gram_schmidt: Removing linearly dependent vector 70
18:52 gram_schmidt: Removing linearly dependent vector 71
18:52 gram_schmidt: Removing linearly dependent vector 72
18:52 gram_schmidt: Removing linearly dependent vector 73
18:52 gram_schmidt: Removing linearly dependent vector 74
18:52 gram_schmidt: Removing linearly dependent vector 75
18:52 gram_schmidt: Removing linearly dependent vector 76
18:52 gram_schmidt: Removing linearly dependent vector 77
18:52 gram_schmidt: Removing linearly dependent vector 78
18:52 gram_schmidt: Removing linearly dependent vector 79
18:52 gram_schmidt: Removing linearly dependent vector 80
18:52 gram_schmidt: Removing linearly dependent vector 81
18:52 gram_schmidt: Removing linearly dependent vector 82
18:52 gram_schmidt: Removing linearly dependent vector 83
18:52 gram_schmidt: Removing linearly dependent vector 84
18:52 gram_schmidt: Removing linearly dependent vector 85
18:52 gram_schmidt: Removing linearly dependent vector 86
18:52 gram_schmidt: Removing linearly dependent vector 87
18:52 gram_schmidt: Removing linearly dependent vector 88
18:52 gram_schmidt: Removing linearly dependent vector 89
18:52 gram_schmidt: Removing linearly dependent vector 90
18:52 gram_schmidt: Removing linearly dependent vector 91
18:52 gram_schmidt: Removing linearly dependent vector 92
18:52 gram_schmidt: Removing linearly dependent vector 93
18:52 gram_schmidt: Removing linearly dependent vector 94
18:52 gram_schmidt: Removing linearly dependent vector 95
18:52 gram_schmidt: Removing linearly dependent vector 96
18:52 gram_schmidt: Removing linearly dependent vector 97
18:52 gram_schmidt: Removing linearly dependent vector 98
18:52 gram_schmidt: Removing linearly dependent vector 99
18:52 gram_schmidt: Removing linearly dependent vector 100
18:52 gram_schmidt: Removing linearly dependent vector 101
18:52 gram_schmidt: Removing linearly dependent vector 3
18:52 gram_schmidt: Removing linearly dependent vector 4
18:52 gram_schmidt: Removing linearly dependent vector 5
18:52 gram_schmidt: Removing linearly dependent vector 6
18:52 gram_schmidt: Removing linearly dependent vector 7
18:52 gram_schmidt: Removing linearly dependent vector 8
18:52 gram_schmidt: Removing linearly dependent vector 9
18:52 gram_schmidt: Removing linearly dependent vector 10
18:52 gram_schmidt: Removing linearly dependent vector 11
18:52 gram_schmidt: Removing linearly dependent vector 12
18:52 gram_schmidt: Removing linearly dependent vector 13
18:52 gram_schmidt: Removing linearly dependent vector 14
18:52 gram_schmidt: Removing linearly dependent vector 15
18:52 gram_schmidt: Removing linearly dependent vector 16
18:52 gram_schmidt: Removing linearly dependent vector 17
18:52 gram_schmidt: Removing linearly dependent vector 18
18:52 gram_schmidt: Removing linearly dependent vector 19
18:52 gram_schmidt: Removing linearly dependent vector 20
18:52 gram_schmidt: Removing linearly dependent vector 21
18:52 gram_schmidt: Removing linearly dependent vector 22
18:52 gram_schmidt: Removing linearly dependent vector 23
18:52 gram_schmidt: Removing linearly dependent vector 24
18:52 gram_schmidt: Removing linearly dependent vector 25
18:52 gram_schmidt: Removing linearly dependent vector 26
18:52 gram_schmidt: Removing linearly dependent vector 27
18:52 gram_schmidt: Removing linearly dependent vector 28
18:52 gram_schmidt: Removing linearly dependent vector 29
18:52 gram_schmidt: Removing linearly dependent vector 30
18:52 gram_schmidt: Removing linearly dependent vector 31
18:52 gram_schmidt: Removing linearly dependent vector 32
18:52 gram_schmidt: Removing linearly dependent vector 33
18:52 gram_schmidt: Removing linearly dependent vector 34
18:52 gram_schmidt: Removing linearly dependent vector 35
18:52 gram_schmidt: Removing linearly dependent vector 36
18:52 gram_schmidt: Removing linearly dependent vector 37
18:52 gram_schmidt: Removing linearly dependent vector 38
18:52 gram_schmidt: Removing linearly dependent vector 39
18:52 gram_schmidt: Removing linearly dependent vector 40
18:52 gram_schmidt: Removing linearly dependent vector 41
18:52 gram_schmidt: Removing linearly dependent vector 42
18:52 gram_schmidt: Removing linearly dependent vector 43
18:52 gram_schmidt: Removing linearly dependent vector 44
18:52 gram_schmidt: Removing linearly dependent vector 45
18:52 gram_schmidt: Removing linearly dependent vector 46
18:52 gram_schmidt: Removing linearly dependent vector 47
18:52 gram_schmidt: Removing linearly dependent vector 48
18:52 gram_schmidt: Removing linearly dependent vector 49
18:52 gram_schmidt: Removing linearly dependent vector 50
18:52 gram_schmidt: Removing linearly dependent vector 51
18:52 gram_schmidt: Removing linearly dependent vector 52
18:52 gram_schmidt: Removing linearly dependent vector 53
18:52 gram_schmidt: Removing linearly dependent vector 54
18:52 gram_schmidt: Removing linearly dependent vector 55
18:52 gram_schmidt: Removing linearly dependent vector 56
18:52 gram_schmidt: Removing linearly dependent vector 57
18:52 gram_schmidt: Removing linearly dependent vector 58
18:52 gram_schmidt: Removing linearly dependent vector 59
18:52 gram_schmidt: Removing linearly dependent vector 60
18:52 gram_schmidt: Removing linearly dependent vector 61
18:52 gram_schmidt: Removing linearly dependent vector 62
18:52 gram_schmidt: Removing linearly dependent vector 63
18:52 gram_schmidt: Removing linearly dependent vector 64
18:52 gram_schmidt: Removing linearly dependent vector 65
18:52 gram_schmidt: Removing linearly dependent vector 66
18:52 gram_schmidt: Removing linearly dependent vector 67
18:52 gram_schmidt: Removing linearly dependent vector 68
18:52 gram_schmidt: Removing linearly dependent vector 69
18:52 gram_schmidt: Removing linearly dependent vector 70
18:52 gram_schmidt: Removing linearly dependent vector 71
18:52 gram_schmidt: Removing linearly dependent vector 72
18:52 gram_schmidt: Removing linearly dependent vector 73
18:52 gram_schmidt: Removing linearly dependent vector 74
18:52 gram_schmidt: Removing linearly dependent vector 75
18:52 gram_schmidt: Removing linearly dependent vector 76
18:52 gram_schmidt: Removing linearly dependent vector 77
18:52 gram_schmidt: Removing linearly dependent vector 78
18:52 gram_schmidt: Removing linearly dependent vector 79
18:52 gram_schmidt: Removing linearly dependent vector 80
18:52 gram_schmidt: Removing linearly dependent vector 81
18:52 gram_schmidt: Removing linearly dependent vector 82
18:52 gram_schmidt: Removing linearly dependent vector 83
18:52 gram_schmidt: Removing linearly dependent vector 84
18:52 gram_schmidt: Removing linearly dependent vector 85
18:52 gram_schmidt: Removing linearly dependent vector 86
18:52 gram_schmidt: Removing linearly dependent vector 87
18:52 gram_schmidt: Removing linearly dependent vector 88
18:52 gram_schmidt: Removing linearly dependent vector 89
18:52 gram_schmidt: Removing linearly dependent vector 90
18:52 gram_schmidt: Removing linearly dependent vector 91
18:52 gram_schmidt: Removing linearly dependent vector 92
18:52 gram_schmidt: Removing linearly dependent vector 93
18:52 gram_schmidt: Removing linearly dependent vector 94
18:52 gram_schmidt: Removing linearly dependent vector 95
18:52 gram_schmidt: Removing linearly dependent vector 96
18:52 gram_schmidt: Removing linearly dependent vector 97
18:52 gram_schmidt: Removing linearly dependent vector 98
18:52 gram_schmidt: Removing linearly dependent vector 99
18:52 gram_schmidt: Removing linearly dependent vector 100
18:52 gram_schmidt: Removing linearly dependent vector 101
</system-err></testcase><testcase classname="src.pymortests.algorithms.gram_schmidt" file="src/pymortests/algorithms/gram_schmidt.py" line="26" name="test_gram_schmidt_with_R[2-&lt;lambda&gt;17]" time="0.003389596939086914"></testcase><testcase classname="src.pymortests.algorithms.gram_schmidt" file="src/pymortests/algorithms/gram_schmidt.py" line="26" name="test_gram_schmidt_with_R[2-&lt;lambda&gt;18]" time="0.0024344921112060547"></testcase><testcase classname="src.pymortests.algorithms.gram_schmidt" file="src/pymortests/algorithms/gram_schmidt.py" line="26" name="test_gram_schmidt_with_R[2-&lt;lambda&gt;19]" time="0.005682706832885742"></testcase><testcase classname="src.pymortests.algorithms.gram_schmidt" file="src/pymortests/algorithms/gram_schmidt.py" line="26" name="test_gram_schmidt_with_R[2-&lt;lambda&gt;20]" time="0.31353139877319336"></testcase><testcase classname="src.pymortests.algorithms.gram_schmidt" file="src/pymortests/algorithms/gram_schmidt.py" line="26" name="test_gram_schmidt_with_R[2-&lt;lambda&gt;21]" time="1.631779432296753"></testcase><testcase classname="src.pymortests.algorithms.gram_schmidt" file="src/pymortests/algorithms/gram_schmidt.py" line="26" name="test_gram_schmidt_with_R[2-&lt;lambda&gt;22]" time="0.002661466598510742"></testcase><testcase classname="src.pymortests.algorithms.gram_schmidt" file="src/pymortests/algorithms/gram_schmidt.py" line="26" name="test_gram_schmidt_with_R[2-&lt;lambda&gt;23]" time="0.001962423324584961"></testcase><testcase classname="src.pymortests.algorithms.gram_schmidt" file="src/pymortests/algorithms/gram_schmidt.py" line="26" name="test_gram_schmidt_with_R[2-&lt;lambda&gt;24]" time="0.009940862655639648"></testcase><testcase classname="src.pymortests.algorithms.gram_schmidt" file="src/pymortests/algorithms/gram_schmidt.py" line="26" name="test_gram_schmidt_with_R[2-&lt;lambda&gt;25]" time="0.4854300022125244"><system-err>18:54 gram_schmidt: Orthonormalizing vector 31 again
18:54 gram_schmidt: Removing linearly dependent vector 32
18:54 gram_schmidt: Removing linearly dependent vector 33
18:54 gram_schmidt: Removing linearly dependent vector 34
18:54 gram_schmidt: Removing linearly dependent vector 35
18:54 gram_schmidt: Removing linearly dependent vector 36
18:54 gram_schmidt: Removing linearly dependent vector 37
18:54 gram_schmidt: Removing linearly dependent vector 38
18:54 gram_schmidt: Removing linearly dependent vector 39
18:54 gram_schmidt: Removing linearly dependent vector 40
18:54 gram_schmidt: Removing linearly dependent vector 41
18:54 gram_schmidt: Removing linearly dependent vector 42
18:55 gram_schmidt: Orthonormalizing vector 31 again
18:55 gram_schmidt: Removing linearly dependent vector 32
18:55 gram_schmidt: Removing linearly dependent vector 33
18:55 gram_schmidt: Removing linearly dependent vector 34
18:55 gram_schmidt: Removing linearly dependent vector 35
18:55 gram_schmidt: Removing linearly dependent vector 36
18:55 gram_schmidt: Removing linearly dependent vector 37
18:55 gram_schmidt: Removing linearly dependent vector 38
18:55 gram_schmidt: Removing linearly dependent vector 39
18:55 gram_schmidt: Removing linearly dependent vector 40
18:55 gram_schmidt: Removing linearly dependent vector 41
18:55 gram_schmidt: Removing linearly dependent vector 42
</system-err></testcase><testcase classname="src.pymortests.algorithms.gram_schmidt" file="src/pymortests/algorithms/gram_schmidt.py" line="26" name="test_gram_schmidt_with_R[2-&lt;lambda&gt;26]" time="0.3447129726409912"><system-err>18:55 gram_schmidt: Removing vector 0 of norm 0.0
18:55 gram_schmidt: Removing vector 1 of norm 0.0
18:55 gram_schmidt: Removing vector 2 of norm 0.0
18:55 gram_schmidt: Removing vector 3 of norm 0.0
18:55 gram_schmidt: Removing vector 4 of norm 0.0
18:55 gram_schmidt: Removing vector 5 of norm 0.0
18:55 gram_schmidt: Removing vector 6 of norm 0.0
18:55 gram_schmidt: Removing vector 7 of norm 0.0
18:55 gram_schmidt: Removing vector 8 of norm 0.0
18:55 gram_schmidt: Removing vector 9 of norm 0.0
18:55 gram_schmidt: Removing vector 10 of norm 0.0
18:55 gram_schmidt: Removing vector 11 of norm 0.0
18:55 gram_schmidt: Removing vector 12 of norm 0.0
18:55 gram_schmidt: Removing vector 13 of norm 0.0
18:55 gram_schmidt: Removing vector 14 of norm 0.0
18:55 gram_schmidt: Removing vector 15 of norm 0.0
18:55 gram_schmidt: Removing vector 16 of norm 0.0
18:55 gram_schmidt: Removing vector 17 of norm 0.0
18:55 gram_schmidt: Removing vector 18 of norm 0.0
18:55 gram_schmidt: Removing vector 19 of norm 0.0
18:55 gram_schmidt: Removing vector 20 of norm 0.0
18:55 gram_schmidt: Removing vector 21 of norm 0.0
18:55 gram_schmidt: Removing vector 22 of norm 0.0
18:55 gram_schmidt: Removing vector 23 of norm 0.0
18:55 gram_schmidt: Removing vector 24 of norm 0.0
18:55 gram_schmidt: Removing vector 25 of norm 0.0
18:55 gram_schmidt: Removing vector 26 of norm 0.0
18:55 gram_schmidt: Removing vector 27 of norm 0.0
18:55 gram_schmidt: Removing vector 28 of norm 0.0
18:55 gram_schmidt: Removing vector 29 of norm 0.0
18:55 gram_schmidt: Removing vector 30 of norm 0.0
18:55 gram_schmidt: Removing vector 31 of norm 0.0
18:55 gram_schmidt: Removing vector 32 of norm 0.0
18:55 gram_schmidt: Removing vector 33 of norm 0.0
18:55 gram_schmidt: Removing vector 34 of norm 0.0
18:55 gram_schmidt: Removing vector 35 of norm 0.0
18:55 gram_schmidt: Removing vector 36 of norm 0.0
18:55 gram_schmidt: Removing vector 37 of norm 0.0
18:55 gram_schmidt: Removing vector 38 of norm 0.0
18:55 gram_schmidt: Removing vector 39 of norm 0.0
18:55 gram_schmidt: Removing vector 40 of norm 0.0
18:55 gram_schmidt: Removing vector 41 of norm 0.0
18:55 gram_schmidt: Removing vector 42 of norm 0.0
18:55 gram_schmidt: Removing vector 43 of norm 0.0
18:55 gram_schmidt: Removing vector 44 of norm 0.0
18:55 gram_schmidt: Removing vector 45 of norm 0.0
18:55 gram_schmidt: Removing vector 46 of norm 0.0
18:55 gram_schmidt: Removing vector 47 of norm 0.0
18:55 gram_schmidt: Removing vector 48 of norm 0.0
18:55 gram_schmidt: Removing vector 49 of norm 0.0
18:55 gram_schmidt: Removing vector 50 of norm 0.0
18:55 gram_schmidt: Removing vector 51 of norm 0.0
18:55 gram_schmidt: Removing vector 52 of norm 0.0
18:55 gram_schmidt: Removing vector 53 of norm 0.0
18:55 gram_schmidt: Removing vector 54 of norm 0.0
18:55 gram_schmidt: Removing vector 55 of norm 0.0
18:55 gram_schmidt: Removing vector 56 of norm 0.0
18:55 gram_schmidt: Removing vector 57 of norm 0.0
18:55 gram_schmidt: Removing vector 58 of norm 0.0
18:55 gram_schmidt: Removing vector 59 of norm 0.0
18:55 gram_schmidt: Removing vector 60 of norm 0.0
18:55 gram_schmidt: Removing vector 61 of norm 0.0
18:55 gram_schmidt: Removing vector 62 of norm 0.0
18:55 gram_schmidt: Removing vector 63 of norm 0.0
18:55 gram_schmidt: Removing vector 64 of norm 0.0
18:55 gram_schmidt: Removing vector 65 of norm 0.0
18:55 gram_schmidt: Removing vector 66 of norm 0.0
18:55 gram_schmidt: Removing vector 67 of norm 0.0
18:55 gram_schmidt: Removing vector 68 of norm 0.0
18:55 gram_schmidt: Removing vector 69 of norm 0.0
18:55 gram_schmidt: Removing vector 70 of norm 0.0
18:55 gram_schmidt: Removing vector 71 of norm 0.0
18:55 gram_schmidt: Removing vector 72 of norm 0.0
18:55 gram_schmidt: Removing vector 73 of norm 0.0
18:55 gram_schmidt: Removing vector 74 of norm 0.0
18:55 gram_schmidt: Removing vector 75 of norm 0.0
18:55 gram_schmidt: Removing vector 76 of norm 0.0
18:55 gram_schmidt: Removing vector 77 of norm 0.0
18:55 gram_schmidt: Removing vector 78 of norm 0.0
18:55 gram_schmidt: Removing vector 79 of norm 0.0
18:55 gram_schmidt: Removing vector 80 of norm 0.0
18:55 gram_schmidt: Removing vector 81 of norm 0.0
18:55 gram_schmidt: Removing vector 82 of norm 0.0
18:55 gram_schmidt: Removing vector 83 of norm 0.0
18:55 gram_schmidt: Removing vector 84 of norm 0.0
18:55 gram_schmidt: Removing vector 85 of norm 0.0
18:55 gram_schmidt: Removing vector 86 of norm 0.0
18:55 gram_schmidt: Removing vector 87 of norm 0.0
18:55 gram_schmidt: Removing vector 88 of norm 0.0
18:55 gram_schmidt: Removing vector 89 of norm 0.0
18:55 gram_schmidt: Removing vector 90 of norm 0.0
18:55 gram_schmidt: Removing vector 91 of norm 0.0
18:55 gram_schmidt: Removing vector 92 of norm 0.0
18:55 gram_schmidt: Removing vector 93 of norm 0.0
18:55 gram_schmidt: Removing vector 94 of norm 0.0
18:55 gram_schmidt: Removing vector 95 of norm 0.0
18:55 gram_schmidt: Removing vector 96 of norm 0.0
18:55 gram_schmidt: Removing vector 97 of norm 0.0
18:55 gram_schmidt: Removing vector 98 of norm 0.0
18:55 gram_schmidt: Removing vector 99 of norm 0.0
18:55 gram_schmidt: Removing vector 100 of norm 0.0
18:55 gram_schmidt: Removing vector 101 of norm 0.0
18:55 gram_schmidt: Removing vector 0 of norm 0.0
18:55 gram_schmidt: Removing vector 1 of norm 0.0
18:55 gram_schmidt: Removing vector 2 of norm 0.0
18:55 gram_schmidt: Removing vector 3 of norm 0.0
18:55 gram_schmidt: Removing vector 4 of norm 0.0
18:55 gram_schmidt: Removing vector 5 of norm 0.0
18:55 gram_schmidt: Removing vector 6 of norm 0.0
18:55 gram_schmidt: Removing vector 7 of norm 0.0
18:55 gram_schmidt: Removing vector 8 of norm 0.0
18:55 gram_schmidt: Removing vector 9 of norm 0.0
18:55 gram_schmidt: Removing vector 10 of norm 0.0
18:55 gram_schmidt: Removing vector 11 of norm 0.0
18:55 gram_schmidt: Removing vector 12 of norm 0.0
18:55 gram_schmidt: Removing vector 13 of norm 0.0
18:55 gram_schmidt: Removing vector 14 of norm 0.0
18:55 gram_schmidt: Removing vector 15 of norm 0.0
18:55 gram_schmidt: Removing vector 16 of norm 0.0
18:55 gram_schmidt: Removing vector 17 of norm 0.0
18:55 gram_schmidt: Removing vector 18 of norm 0.0
18:55 gram_schmidt: Removing vector 19 of norm 0.0
18:55 gram_schmidt: Removing vector 20 of norm 0.0
18:55 gram_schmidt: Removing vector 21 of norm 0.0
18:55 gram_schmidt: Removing vector 22 of norm 0.0
18:55 gram_schmidt: Removing vector 23 of norm 0.0
18:55 gram_schmidt: Removing vector 24 of norm 0.0
18:55 gram_schmidt: Removing vector 25 of norm 0.0
18:55 gram_schmidt: Removing vector 26 of norm 0.0
18:55 gram_schmidt: Removing vector 27 of norm 0.0
18:55 gram_schmidt: Removing vector 28 of norm 0.0
18:55 gram_schmidt: Removing vector 29 of norm 0.0
18:55 gram_schmidt: Removing vector 30 of norm 0.0
18:55 gram_schmidt: Removing vector 31 of norm 0.0
18:55 gram_schmidt: Removing vector 32 of norm 0.0
18:55 gram_schmidt: Removing vector 33 of norm 0.0
18:55 gram_schmidt: Removing vector 34 of norm 0.0
18:55 gram_schmidt: Removing vector 35 of norm 0.0
18:55 gram_schmidt: Removing vector 36 of norm 0.0
18:55 gram_schmidt: Removing vector 37 of norm 0.0
18:55 gram_schmidt: Removing vector 38 of norm 0.0
18:55 gram_schmidt: Removing vector 39 of norm 0.0
18:55 gram_schmidt: Removing vector 40 of norm 0.0
18:55 gram_schmidt: Removing vector 41 of norm 0.0
18:55 gram_schmidt: Removing vector 42 of norm 0.0
18:55 gram_schmidt: Removing vector 43 of norm 0.0
18:55 gram_schmidt: Removing vector 44 of norm 0.0
18:55 gram_schmidt: Removing vector 45 of norm 0.0
18:55 gram_schmidt: Removing vector 46 of norm 0.0
18:55 gram_schmidt: Removing vector 47 of norm 0.0
18:55 gram_schmidt: Removing vector 48 of norm 0.0
18:55 gram_schmidt: Removing vector 49 of norm 0.0
18:55 gram_schmidt: Removing vector 50 of norm 0.0
18:55 gram_schmidt: Removing vector 51 of norm 0.0
18:55 gram_schmidt: Removing vector 52 of norm 0.0
18:55 gram_schmidt: Removing vector 53 of norm 0.0
18:55 gram_schmidt: Removing vector 54 of norm 0.0
18:55 gram_schmidt: Removing vector 55 of norm 0.0
18:55 gram_schmidt: Removing vector 56 of norm 0.0
18:55 gram_schmidt: Removing vector 57 of norm 0.0
18:55 gram_schmidt: Removing vector 58 of norm 0.0
18:55 gram_schmidt: Removing vector 59 of norm 0.0
18:55 gram_schmidt: Removing vector 60 of norm 0.0
18:55 gram_schmidt: Removing vector 61 of norm 0.0
18:55 gram_schmidt: Removing vector 62 of norm 0.0
18:55 gram_schmidt: Removing vector 63 of norm 0.0
18:55 gram_schmidt: Removing vector 64 of norm 0.0
18:55 gram_schmidt: Removing vector 65 of norm 0.0
18:55 gram_schmidt: Removing vector 66 of norm 0.0
18:55 gram_schmidt: Removing vector 67 of norm 0.0
18:55 gram_schmidt: Removing vector 68 of norm 0.0
18:55 gram_schmidt: Removing vector 69 of norm 0.0
18:55 gram_schmidt: Removing vector 70 of norm 0.0
18:55 gram_schmidt: Removing vector 71 of norm 0.0
18:55 gram_schmidt: Removing vector 72 of norm 0.0
18:55 gram_schmidt: Removing vector 73 of norm 0.0
18:55 gram_schmidt: Removing vector 74 of norm 0.0
18:55 gram_schmidt: Removing vector 75 of norm 0.0
18:55 gram_schmidt: Removing vector 76 of norm 0.0
18:55 gram_schmidt: Removing vector 77 of norm 0.0
18:55 gram_schmidt: Removing vector 78 of norm 0.0
18:55 gram_schmidt: Removing vector 79 of norm 0.0
18:55 gram_schmidt: Removing vector 80 of norm 0.0
18:55 gram_schmidt: Removing vector 81 of norm 0.0
18:55 gram_schmidt: Removing vector 82 of norm 0.0
18:55 gram_schmidt: Removing vector 83 of norm 0.0
18:55 gram_schmidt: Removing vector 84 of norm 0.0
18:55 gram_schmidt: Removing vector 85 of norm 0.0
18:55 gram_schmidt: Removing vector 86 of norm 0.0
18:55 gram_schmidt: Removing vector 87 of norm 0.0
18:55 gram_schmidt: Removing vector 88 of norm 0.0
18:55 gram_schmidt: Removing vector 89 of norm 0.0
18:55 gram_schmidt: Removing vector 90 of norm 0.0
18:55 gram_schmidt: Removing vector 91 of norm 0.0
18:55 gram_schmidt: Removing vector 92 of norm 0.0
18:55 gram_schmidt: Removing vector 93 of norm 0.0
18:55 gram_schmidt: Removing vector 94 of norm 0.0
18:55 gram_schmidt: Removing vector 95 of norm 0.0
18:55 gram_schmidt: Removing vector 96 of norm 0.0
18:55 gram_schmidt: Removing vector 97 of norm 0.0
18:55 gram_schmidt: Removing vector 98 of norm 0.0
18:55 gram_schmidt: Removing vector 99 of norm 0.0
18:55 gram_schmidt: Removing vector 100 of norm 0.0
18:55 gram_schmidt: Removing vector 101 of norm 0.0
</system-err></testcase><testcase classname="src.pymortests.algorithms.gram_schmidt" file="src/pymortests/algorithms/gram_schmidt.py" line="42" name="test_gram_schmidt_with_product[&lt;lambda&gt;0]" time="0.03519463539123535"><system-err>18:55 DiffusionOperatorP1: Calulate gradients of shape functions transformed by reference map ...
18:55 DiffusionOperatorP1: Calculate all local scalar products beween gradients ...
18:55 DiffusionOperatorP1: Determine global dofs ...
18:55 DiffusionOperatorP1: Boundary treatment ...
18:55 DiffusionOperatorP1: Assemble system matrix ...
18:55 DiffusionOperatorP1: Calulate gradients of shape functions transformed by reference map ...
18:55 DiffusionOperatorP1: Calculate all local scalar products beween gradients ...
18:55 DiffusionOperatorP1: Determine global dofs ...
18:55 DiffusionOperatorP1: Boundary treatment ...
18:55 DiffusionOperatorP1: Assemble system matrix ...
18:55 DiffusionOperatorP1: Calulate gradients of shape functions transformed by reference map ...
18:55 DiffusionOperatorP1: Calculate all local scalar products beween gradients ...
18:55 DiffusionOperatorP1: Determine global dofs ...
18:55 DiffusionOperatorP1: Boundary treatment ...
18:55 DiffusionOperatorP1: Assemble system matrix ...
18:55 DiffusionOperatorP1: Calulate gradients of shape functions transformed by reference map ...
18:55 DiffusionOperatorP1: Calculate all local scalar products beween gradients ...
18:55 DiffusionOperatorP1: Determine global dofs ...
18:55 DiffusionOperatorP1: Boundary treatment ...
18:55 DiffusionOperatorP1: Assemble system matrix ...
18:55 DiffusionOperatorP1: Calulate gradients of shape functions transformed by reference map ...
18:55 DiffusionOperatorP1: Calculate all local scalar products beween gradients ...
18:55 DiffusionOperatorP1: Determine global dofs ...
18:55 DiffusionOperatorP1: Boundary treatment ...
18:55 DiffusionOperatorP1: Assemble system matrix ...
18:55 L2ProductP1: Integrate the products of the shape functions on each element
18:55 L2ProductP1: Determine global dofs ...
18:55 L2ProductP1: Boundary treatment ...
18:55 L2ProductP1: Assemble system matrix ...
18:55 DiffusionOperatorP1: Calulate gradients of shape functions transformed by reference map ...
18:55 DiffusionOperatorP1: Calculate all local scalar products beween gradients ...
18:55 DiffusionOperatorP1: Determine global dofs ...
18:55 DiffusionOperatorP1: Boundary treatment ...
18:55 DiffusionOperatorP1: Assemble system matrix ...
18:55 L2ProductP1: Integrate the products of the shape functions on each element
18:55 L2ProductP1: Determine global dofs ...
18:55 L2ProductP1: Boundary treatment ...
18:55 L2ProductP1: Assemble system matrix ...
18:55 DiffusionOperatorP1: Calulate gradients of shape functions transformed by reference map ...
18:55 DiffusionOperatorP1: Calculate all local scalar products beween gradients ...
18:55 DiffusionOperatorP1: Determine global dofs ...
18:55 DiffusionOperatorP1: Boundary treatment ...
18:55 DiffusionOperatorP1: Assemble system matrix ...
18:55 gram_schmidt: Orthonormalizing vector 3 again
18:55 gram_schmidt: Orthonormalizing vector 4 again
18:55 gram_schmidt: Orthonormalizing vector 3 again
18:55 gram_schmidt: Orthonormalizing vector 4 again
</system-err></testcase><testcase classname="src.pymortests.algorithms.gram_schmidt" file="src/pymortests/algorithms/gram_schmidt.py" line="42" name="test_gram_schmidt_with_product[&lt;lambda&gt;1]" time="0.03308224678039551"><system-err>18:55 DiffusionOperatorP1: Calulate gradients of shape functions transformed by reference map ...
18:55 DiffusionOperatorP1: Calculate all local scalar products beween gradients ...
18:55 DiffusionOperatorP1: Determine global dofs ...
18:55 DiffusionOperatorP1: Boundary treatment ...
18:55 DiffusionOperatorP1: Assemble system matrix ...
18:55 DiffusionOperatorP1: Calulate gradients of shape functions transformed by reference map ...
18:55 DiffusionOperatorP1: Calculate all local scalar products beween gradients ...
18:55 DiffusionOperatorP1: Determine global dofs ...
18:55 DiffusionOperatorP1: Boundary treatment ...
18:55 DiffusionOperatorP1: Assemble system matrix ...
18:55 L2ProductP1: Integrate the products of the shape functions on each element
18:55 L2ProductP1: Determine global dofs ...
18:55 L2ProductP1: Boundary treatment ...
18:55 L2ProductP1: Assemble system matrix ...
18:55 DiffusionOperatorP1: Calulate gradients of shape functions transformed by reference map ...
18:55 DiffusionOperatorP1: Calculate all local scalar products beween gradients ...
18:55 DiffusionOperatorP1: Determine global dofs ...
18:55 DiffusionOperatorP1: Boundary treatment ...
18:55 DiffusionOperatorP1: Assemble system matrix ...
18:55 L2ProductP1: Integrate the products of the shape functions on each element
18:55 L2ProductP1: Determine global dofs ...
18:55 L2ProductP1: Boundary treatment ...
18:55 L2ProductP1: Assemble system matrix ...
18:55 DiffusionOperatorP1: Calulate gradients of shape functions transformed by reference map ...
18:55 DiffusionOperatorP1: Calculate all local scalar products beween gradients ...
18:55 DiffusionOperatorP1: Determine global dofs ...
18:55 DiffusionOperatorP1: Boundary treatment ...
18:55 DiffusionOperatorP1: Assemble system matrix ...
18:55 gram_schmidt: Orthonormalizing vector 1 again
18:55 gram_schmidt: Orthonormalizing vector 2 again
18:55 gram_schmidt: Orthonormalizing vector 3 again
18:55 gram_schmidt: Orthonormalizing vector 4 again
18:55 gram_schmidt: Orthonormalizing vector 1 again
18:55 gram_schmidt: Orthonormalizing vector 2 again
18:55 gram_schmidt: Orthonormalizing vector 3 again
18:55 gram_schmidt: Orthonormalizing vector 4 again
</system-err></testcase><testcase classname="src.pymortests.algorithms.gram_schmidt" file="src/pymortests/algorithms/gram_schmidt.py" line="42" name="test_gram_schmidt_with_product[&lt;lambda&gt;2]" time="0.03703737258911133"><system-err>18:55 DiffusionOperatorP1: Calulate gradients of shape functions transformed by reference map ...
18:55 DiffusionOperatorP1: Calculate all local scalar products beween gradients ...
18:55 DiffusionOperatorP1: Determine global dofs ...
18:55 DiffusionOperatorP1: Boundary treatment ...
18:55 DiffusionOperatorP1: Assemble system matrix ...
18:55 DiffusionOperatorP1: Calulate gradients of shape functions transformed by reference map ...
18:55 DiffusionOperatorP1: Calculate all local scalar products beween gradients ...
18:55 DiffusionOperatorP1: Determine global dofs ...
18:55 DiffusionOperatorP1: Boundary treatment ...
18:55 DiffusionOperatorP1: Assemble system matrix ...
18:55 DiffusionOperatorP1: Calulate gradients of shape functions transformed by reference map ...
18:55 DiffusionOperatorP1: Calculate all local scalar products beween gradients ...
18:55 DiffusionOperatorP1: Determine global dofs ...
18:55 DiffusionOperatorP1: Boundary treatment ...
18:55 DiffusionOperatorP1: Assemble system matrix ...
18:55 DiffusionOperatorP1: Calulate gradients of shape functions transformed by reference map ...
18:55 DiffusionOperatorP1: Calculate all local scalar products beween gradients ...
18:55 DiffusionOperatorP1: Determine global dofs ...
18:55 DiffusionOperatorP1: Boundary treatment ...
18:55 DiffusionOperatorP1: Assemble system matrix ...
18:55 DiffusionOperatorP1: Calulate gradients of shape functions transformed by reference map ...
18:55 DiffusionOperatorP1: Calculate all local scalar products beween gradients ...
18:55 DiffusionOperatorP1: Determine global dofs ...
18:55 DiffusionOperatorP1: Boundary treatment ...
18:55 DiffusionOperatorP1: Assemble system matrix ...
18:55 L2ProductP1: Integrate the products of the shape functions on each element
18:55 L2ProductP1: Determine global dofs ...
18:55 L2ProductP1: Boundary treatment ...
18:55 L2ProductP1: Assemble system matrix ...
18:55 DiffusionOperatorP1: Calulate gradients of shape functions transformed by reference map ...
18:55 DiffusionOperatorP1: Calculate all local scalar products beween gradients ...
18:55 DiffusionOperatorP1: Determine global dofs ...
18:55 DiffusionOperatorP1: Boundary treatment ...
18:55 DiffusionOperatorP1: Assemble system matrix ...
18:55 L2ProductP1: Integrate the products of the shape functions on each element
18:55 L2ProductP1: Determine global dofs ...
18:55 L2ProductP1: Boundary treatment ...
18:55 L2ProductP1: Assemble system matrix ...
18:55 DiffusionOperatorP1: Calulate gradients of shape functions transformed by reference map ...
18:55 DiffusionOperatorP1: Calculate all local scalar products beween gradients ...
18:55 DiffusionOperatorP1: Determine global dofs ...
18:55 DiffusionOperatorP1: Boundary treatment ...
18:55 DiffusionOperatorP1: Assemble system matrix ...
18:55 gram_schmidt: Orthonormalizing vector 3 again
18:55 gram_schmidt: Orthonormalizing vector 4 again
18:55 gram_schmidt: Orthonormalizing vector 3 again
18:55 gram_schmidt: Orthonormalizing vector 4 again
</system-err></testcase><testcase classname="src.pymortests.algorithms.gram_schmidt" file="src/pymortests/algorithms/gram_schmidt.py" line="42" name="test_gram_schmidt_with_product[&lt;lambda&gt;3]" time="0.03422713279724121"><system-err>18:55 DiffusionOperatorP1: Calulate gradients of shape functions transformed by reference map ...
18:55 DiffusionOperatorP1: Calculate all local scalar products beween gradients ...
18:55 DiffusionOperatorP1: Determine global dofs ...
18:55 DiffusionOperatorP1: Boundary treatment ...
18:55 DiffusionOperatorP1: Assemble system matrix ...
18:55 DiffusionOperatorP1: Calulate gradients of shape functions transformed by reference map ...
18:55 DiffusionOperatorP1: Calculate all local scalar products beween gradients ...
18:55 DiffusionOperatorP1: Determine global dofs ...
18:55 DiffusionOperatorP1: Boundary treatment ...
18:55 DiffusionOperatorP1: Assemble system matrix ...
18:55 L2ProductP1: Integrate the products of the shape functions on each element
18:55 L2ProductP1: Determine global dofs ...
18:55 L2ProductP1: Boundary treatment ...
18:55 L2ProductP1: Assemble system matrix ...
18:55 DiffusionOperatorP1: Calulate gradients of shape functions transformed by reference map ...
18:55 DiffusionOperatorP1: Calculate all local scalar products beween gradients ...
18:55 DiffusionOperatorP1: Determine global dofs ...
18:55 DiffusionOperatorP1: Boundary treatment ...
18:55 DiffusionOperatorP1: Assemble system matrix ...
18:55 L2ProductP1: Integrate the products of the shape functions on each element
18:55 L2ProductP1: Determine global dofs ...
18:55 L2ProductP1: Boundary treatment ...
18:55 L2ProductP1: Assemble system matrix ...
18:55 DiffusionOperatorP1: Calulate gradients of shape functions transformed by reference map ...
18:55 DiffusionOperatorP1: Calculate all local scalar products beween gradients ...
18:55 DiffusionOperatorP1: Determine global dofs ...
18:55 DiffusionOperatorP1: Boundary treatment ...
18:55 DiffusionOperatorP1: Assemble system matrix ...
18:55 gram_schmidt: Orthonormalizing vector 1 again
18:55 gram_schmidt: Orthonormalizing vector 2 again
18:55 gram_schmidt: Orthonormalizing vector 3 again
18:55 gram_schmidt: Orthonormalizing vector 4 again
18:55 gram_schmidt: Orthonormalizing vector 1 again
18:55 gram_schmidt: Orthonormalizing vector 2 again
18:55 gram_schmidt: Orthonormalizing vector 3 again
18:55 gram_schmidt: Orthonormalizing vector 4 again
</system-err></testcase><testcase classname="src.pymortests.algorithms.gram_schmidt" file="src/pymortests/algorithms/gram_schmidt.py" line="42" name="test_gram_schmidt_with_product[&lt;lambda&gt;4]" time="0.036421775817871094"><system-err>18:55 DiffusionOperatorP1: Calulate gradients of shape functions transformed by reference map ...
18:55 DiffusionOperatorP1: Calculate all local scalar products beween gradients ...
18:55 DiffusionOperatorP1: Determine global dofs ...
18:55 DiffusionOperatorP1: Boundary treatment ...
18:55 DiffusionOperatorP1: Assemble system matrix ...
18:55 DiffusionOperatorP1: Calulate gradients of shape functions transformed by reference map ...
18:55 DiffusionOperatorP1: Calculate all local scalar products beween gradients ...
18:55 DiffusionOperatorP1: Determine global dofs ...
18:55 DiffusionOperatorP1: Boundary treatment ...
18:55 DiffusionOperatorP1: Assemble system matrix ...
18:55 DiffusionOperatorP1: Calulate gradients of shape functions transformed by reference map ...
18:55 DiffusionOperatorP1: Calculate all local scalar products beween gradients ...
18:55 DiffusionOperatorP1: Determine global dofs ...
18:55 DiffusionOperatorP1: Boundary treatment ...
18:55 DiffusionOperatorP1: Assemble system matrix ...
18:55 DiffusionOperatorP1: Calulate gradients of shape functions transformed by reference map ...
18:55 DiffusionOperatorP1: Calculate all local scalar products beween gradients ...
18:55 DiffusionOperatorP1: Determine global dofs ...
18:55 DiffusionOperatorP1: Boundary treatment ...
18:55 DiffusionOperatorP1: Assemble system matrix ...
18:55 DiffusionOperatorP1: Calulate gradients of shape functions transformed by reference map ...
18:55 DiffusionOperatorP1: Calculate all local scalar products beween gradients ...
18:55 DiffusionOperatorP1: Determine global dofs ...
18:55 DiffusionOperatorP1: Boundary treatment ...
18:55 DiffusionOperatorP1: Assemble system matrix ...
18:55 L2ProductP1: Integrate the products of the shape functions on each element
18:55 L2ProductP1: Determine global dofs ...
18:55 L2ProductP1: Boundary treatment ...
18:55 L2ProductP1: Assemble system matrix ...
18:55 DiffusionOperatorP1: Calulate gradients of shape functions transformed by reference map ...
18:55 DiffusionOperatorP1: Calculate all local scalar products beween gradients ...
18:55 DiffusionOperatorP1: Determine global dofs ...
18:55 DiffusionOperatorP1: Boundary treatment ...
18:55 DiffusionOperatorP1: Assemble system matrix ...
18:55 L2ProductP1: Integrate the products of the shape functions on each element
18:55 L2ProductP1: Determine global dofs ...
18:55 L2ProductP1: Boundary treatment ...
18:55 L2ProductP1: Assemble system matrix ...
18:55 DiffusionOperatorP1: Calulate gradients of shape functions transformed by reference map ...
18:55 DiffusionOperatorP1: Calculate all local scalar products beween gradients ...
18:55 DiffusionOperatorP1: Determine global dofs ...
18:55 DiffusionOperatorP1: Boundary treatment ...
18:55 DiffusionOperatorP1: Assemble system matrix ...
18:55 gram_schmidt: Orthonormalizing vector 3 again
18:55 gram_schmidt: Orthonormalizing vector 4 again
18:55 gram_schmidt: Orthonormalizing vector 3 again
18:55 gram_schmidt: Orthonormalizing vector 4 again
</system-err></testcase><testcase classname="src.pymortests.algorithms.gram_schmidt" file="src/pymortests/algorithms/gram_schmidt.py" line="42" name="test_gram_schmidt_with_product[&lt;lambda&gt;5]" time="0.03368234634399414"><system-err>18:55 DiffusionOperatorP1: Calulate gradients of shape functions transformed by reference map ...
18:55 DiffusionOperatorP1: Calculate all local scalar products beween gradients ...
18:55 DiffusionOperatorP1: Determine global dofs ...
18:55 DiffusionOperatorP1: Boundary treatment ...
18:55 DiffusionOperatorP1: Assemble system matrix ...
18:55 DiffusionOperatorP1: Calulate gradients of shape functions transformed by reference map ...
18:55 DiffusionOperatorP1: Calculate all local scalar products beween gradients ...
18:55 DiffusionOperatorP1: Determine global dofs ...
18:55 DiffusionOperatorP1: Boundary treatment ...
18:55 DiffusionOperatorP1: Assemble system matrix ...
18:55 L2ProductP1: Integrate the products of the shape functions on each element
18:55 L2ProductP1: Determine global dofs ...
18:55 L2ProductP1: Boundary treatment ...
18:55 L2ProductP1: Assemble system matrix ...
18:55 DiffusionOperatorP1: Calulate gradients of shape functions transformed by reference map ...
18:55 DiffusionOperatorP1: Calculate all local scalar products beween gradients ...
18:55 DiffusionOperatorP1: Determine global dofs ...
18:55 DiffusionOperatorP1: Boundary treatment ...
18:55 DiffusionOperatorP1: Assemble system matrix ...
18:55 L2ProductP1: Integrate the products of the shape functions on each element
18:55 L2ProductP1: Determine global dofs ...
18:55 L2ProductP1: Boundary treatment ...
18:55 L2ProductP1: Assemble system matrix ...
18:55 DiffusionOperatorP1: Calulate gradients of shape functions transformed by reference map ...
18:55 DiffusionOperatorP1: Calculate all local scalar products beween gradients ...
18:55 DiffusionOperatorP1: Determine global dofs ...
18:55 DiffusionOperatorP1: Boundary treatment ...
18:55 DiffusionOperatorP1: Assemble system matrix ...
18:55 gram_schmidt: Orthonormalizing vector 1 again
18:55 gram_schmidt: Orthonormalizing vector 2 again
18:55 gram_schmidt: Orthonormalizing vector 3 again
18:55 gram_schmidt: Orthonormalizing vector 4 again
18:55 gram_schmidt: Orthonormalizing vector 1 again
18:55 gram_schmidt: Orthonormalizing vector 2 again
18:55 gram_schmidt: Orthonormalizing vector 3 again
18:55 gram_schmidt: Orthonormalizing vector 4 again
</system-err></testcase><testcase classname="src.pymortests.algorithms.gram_schmidt" file="src/pymortests/algorithms/gram_schmidt.py" line="42" name="test_gram_schmidt_with_product[&lt;lambda&gt;6]" time="0.03682279586791992"><system-err>18:55 DiffusionOperatorP1: Calulate gradients of shape functions transformed by reference map ...
18:55 DiffusionOperatorP1: Calculate all local scalar products beween gradients ...
18:55 DiffusionOperatorP1: Determine global dofs ...
18:55 DiffusionOperatorP1: Boundary treatment ...
18:55 DiffusionOperatorP1: Assemble system matrix ...
18:55 DiffusionOperatorP1: Calulate gradients of shape functions transformed by reference map ...
18:55 DiffusionOperatorP1: Calculate all local scalar products beween gradients ...
18:55 DiffusionOperatorP1: Determine global dofs ...
18:55 DiffusionOperatorP1: Boundary treatment ...
18:55 DiffusionOperatorP1: Assemble system matrix ...
18:55 DiffusionOperatorP1: Calulate gradients of shape functions transformed by reference map ...
18:55 DiffusionOperatorP1: Calculate all local scalar products beween gradients ...
18:55 DiffusionOperatorP1: Determine global dofs ...
18:55 DiffusionOperatorP1: Boundary treatment ...
18:55 DiffusionOperatorP1: Assemble system matrix ...
18:55 DiffusionOperatorP1: Calulate gradients of shape functions transformed by reference map ...
18:55 DiffusionOperatorP1: Calculate all local scalar products beween gradients ...
18:55 DiffusionOperatorP1: Determine global dofs ...
18:55 DiffusionOperatorP1: Boundary treatment ...
18:55 DiffusionOperatorP1: Assemble system matrix ...
18:55 DiffusionOperatorP1: Calulate gradients of shape functions transformed by reference map ...
18:55 DiffusionOperatorP1: Calculate all local scalar products beween gradients ...
18:55 DiffusionOperatorP1: Determine global dofs ...
18:55 DiffusionOperatorP1: Boundary treatment ...
18:55 DiffusionOperatorP1: Assemble system matrix ...
18:55 L2ProductP1: Integrate the products of the shape functions on each element
18:55 L2ProductP1: Determine global dofs ...
18:55 L2ProductP1: Boundary treatment ...
18:55 L2ProductP1: Assemble system matrix ...
18:55 DiffusionOperatorP1: Calulate gradients of shape functions transformed by reference map ...
18:55 DiffusionOperatorP1: Calculate all local scalar products beween gradients ...
18:55 DiffusionOperatorP1: Determine global dofs ...
18:55 DiffusionOperatorP1: Boundary treatment ...
18:55 DiffusionOperatorP1: Assemble system matrix ...
18:55 L2ProductP1: Integrate the products of the shape functions on each element
18:55 L2ProductP1: Determine global dofs ...
18:55 L2ProductP1: Boundary treatment ...
18:55 L2ProductP1: Assemble system matrix ...
18:55 DiffusionOperatorP1: Calulate gradients of shape functions transformed by reference map ...
18:55 DiffusionOperatorP1: Calculate all local scalar products beween gradients ...
18:55 DiffusionOperatorP1: Determine global dofs ...
18:55 DiffusionOperatorP1: Boundary treatment ...
18:55 DiffusionOperatorP1: Assemble system matrix ...
18:55 gram_schmidt: Orthonormalizing vector 3 again
18:55 gram_schmidt: Orthonormalizing vector 4 again
18:55 gram_schmidt: Orthonormalizing vector 3 again
18:55 gram_schmidt: Orthonormalizing vector 4 again
</system-err></testcase><testcase classname="src.pymortests.algorithms.gram_schmidt" file="src/pymortests/algorithms/gram_schmidt.py" line="42" name="test_gram_schmidt_with_product[&lt;lambda&gt;7]" time="0.03316068649291992"><system-err>18:55 DiffusionOperatorP1: Calulate gradients of shape functions transformed by reference map ...
18:55 DiffusionOperatorP1: Calculate all local scalar products beween gradients ...
18:55 DiffusionOperatorP1: Determine global dofs ...
18:55 DiffusionOperatorP1: Boundary treatment ...
18:55 DiffusionOperatorP1: Assemble system matrix ...
18:55 DiffusionOperatorP1: Calulate gradients of shape functions transformed by reference map ...
18:55 DiffusionOperatorP1: Calculate all local scalar products beween gradients ...
18:55 DiffusionOperatorP1: Determine global dofs ...
18:55 DiffusionOperatorP1: Boundary treatment ...
18:55 DiffusionOperatorP1: Assemble system matrix ...
18:55 L2ProductP1: Integrate the products of the shape functions on each element
18:55 L2ProductP1: Determine global dofs ...
18:55 L2ProductP1: Boundary treatment ...
18:55 L2ProductP1: Assemble system matrix ...
18:55 DiffusionOperatorP1: Calulate gradients of shape functions transformed by reference map ...
18:55 DiffusionOperatorP1: Calculate all local scalar products beween gradients ...
18:55 DiffusionOperatorP1: Determine global dofs ...
18:55 DiffusionOperatorP1: Boundary treatment ...
18:55 DiffusionOperatorP1: Assemble system matrix ...
18:55 L2ProductP1: Integrate the products of the shape functions on each element
18:55 L2ProductP1: Determine global dofs ...
18:55 L2ProductP1: Boundary treatment ...
18:55 L2ProductP1: Assemble system matrix ...
18:55 DiffusionOperatorP1: Calulate gradients of shape functions transformed by reference map ...
18:55 DiffusionOperatorP1: Calculate all local scalar products beween gradients ...
18:55 DiffusionOperatorP1: Determine global dofs ...
18:55 DiffusionOperatorP1: Boundary treatment ...
18:55 DiffusionOperatorP1: Assemble system matrix ...
18:55 gram_schmidt: Orthonormalizing vector 1 again
18:55 gram_schmidt: Orthonormalizing vector 2 again
18:55 gram_schmidt: Orthonormalizing vector 3 again
18:55 gram_schmidt: Orthonormalizing vector 4 again
18:55 gram_schmidt: Orthonormalizing vector 1 again
18:55 gram_schmidt: Orthonormalizing vector 2 again
18:55 gram_schmidt: Orthonormalizing vector 3 again
18:55 gram_schmidt: Orthonormalizing vector 4 again
</system-err></testcase><testcase classname="src.pymortests.algorithms.gram_schmidt" file="src/pymortests/algorithms/gram_schmidt.py" line="42" name="test_gram_schmidt_with_product[&lt;lambda&gt;8]" time="0.036225318908691406"><system-err>18:55 DiffusionOperatorP1: Calulate gradients of shape functions transformed by reference map ...
18:55 DiffusionOperatorP1: Calculate all local scalar products beween gradients ...
18:55 DiffusionOperatorP1: Determine global dofs ...
18:55 DiffusionOperatorP1: Boundary treatment ...
18:55 DiffusionOperatorP1: Assemble system matrix ...
18:55 DiffusionOperatorP1: Calulate gradients of shape functions transformed by reference map ...
18:55 DiffusionOperatorP1: Calculate all local scalar products beween gradients ...
18:55 DiffusionOperatorP1: Determine global dofs ...
18:55 DiffusionOperatorP1: Boundary treatment ...
18:55 DiffusionOperatorP1: Assemble system matrix ...
18:55 DiffusionOperatorP1: Calulate gradients of shape functions transformed by reference map ...
18:55 DiffusionOperatorP1: Calculate all local scalar products beween gradients ...
18:55 DiffusionOperatorP1: Determine global dofs ...
18:55 DiffusionOperatorP1: Boundary treatment ...
18:55 DiffusionOperatorP1: Assemble system matrix ...
18:55 DiffusionOperatorP1: Calulate gradients of shape functions transformed by reference map ...
18:55 DiffusionOperatorP1: Calculate all local scalar products beween gradients ...
18:55 DiffusionOperatorP1: Determine global dofs ...
18:55 DiffusionOperatorP1: Boundary treatment ...
18:55 DiffusionOperatorP1: Assemble system matrix ...
18:55 DiffusionOperatorP1: Calulate gradients of shape functions transformed by reference map ...
18:55 DiffusionOperatorP1: Calculate all local scalar products beween gradients ...
18:55 DiffusionOperatorP1: Determine global dofs ...
18:55 DiffusionOperatorP1: Boundary treatment ...
18:55 DiffusionOperatorP1: Assemble system matrix ...
18:55 L2ProductP1: Integrate the products of the shape functions on each element
18:55 L2ProductP1: Determine global dofs ...
18:55 L2ProductP1: Boundary treatment ...
18:55 L2ProductP1: Assemble system matrix ...
18:55 DiffusionOperatorP1: Calulate gradients of shape functions transformed by reference map ...
18:55 DiffusionOperatorP1: Calculate all local scalar products beween gradients ...
18:55 DiffusionOperatorP1: Determine global dofs ...
18:55 DiffusionOperatorP1: Boundary treatment ...
18:55 DiffusionOperatorP1: Assemble system matrix ...
18:55 L2ProductP1: Integrate the products of the shape functions on each element
18:55 L2ProductP1: Determine global dofs ...
18:55 L2ProductP1: Boundary treatment ...
18:55 L2ProductP1: Assemble system matrix ...
18:55 DiffusionOperatorP1: Calulate gradients of shape functions transformed by reference map ...
18:55 DiffusionOperatorP1: Calculate all local scalar products beween gradients ...
18:55 DiffusionOperatorP1: Determine global dofs ...
18:55 DiffusionOperatorP1: Boundary treatment ...
18:55 DiffusionOperatorP1: Assemble system matrix ...
18:56 gram_schmidt: Orthonormalizing vector 3 again
18:56 gram_schmidt: Orthonormalizing vector 4 again
18:56 gram_schmidt: Orthonormalizing vector 3 again
18:56 gram_schmidt: Orthonormalizing vector 4 again
</system-err></testcase><testcase classname="src.pymortests.algorithms.gram_schmidt" file="src/pymortests/algorithms/gram_schmidt.py" line="42" name="test_gram_schmidt_with_product[&lt;lambda&gt;9]" time="0.033058881759643555"><system-err>18:56 DiffusionOperatorP1: Calulate gradients of shape functions transformed by reference map ...
18:56 DiffusionOperatorP1: Calculate all local scalar products beween gradients ...
18:56 DiffusionOperatorP1: Determine global dofs ...
18:56 DiffusionOperatorP1: Boundary treatment ...
18:56 DiffusionOperatorP1: Assemble system matrix ...
18:56 DiffusionOperatorP1: Calulate gradients of shape functions transformed by reference map ...
18:56 DiffusionOperatorP1: Calculate all local scalar products beween gradients ...
18:56 DiffusionOperatorP1: Determine global dofs ...
18:56 DiffusionOperatorP1: Boundary treatment ...
18:56 DiffusionOperatorP1: Assemble system matrix ...
18:56 L2ProductP1: Integrate the products of the shape functions on each element
18:56 L2ProductP1: Determine global dofs ...
18:56 L2ProductP1: Boundary treatment ...
18:56 L2ProductP1: Assemble system matrix ...
18:56 DiffusionOperatorP1: Calulate gradients of shape functions transformed by reference map ...
18:56 DiffusionOperatorP1: Calculate all local scalar products beween gradients ...
18:56 DiffusionOperatorP1: Determine global dofs ...
18:56 DiffusionOperatorP1: Boundary treatment ...
18:56 DiffusionOperatorP1: Assemble system matrix ...
18:56 L2ProductP1: Integrate the products of the shape functions on each element
18:56 L2ProductP1: Determine global dofs ...
18:56 L2ProductP1: Boundary treatment ...
18:56 L2ProductP1: Assemble system matrix ...
18:56 DiffusionOperatorP1: Calulate gradients of shape functions transformed by reference map ...
18:56 DiffusionOperatorP1: Calculate all local scalar products beween gradients ...
18:56 DiffusionOperatorP1: Determine global dofs ...
18:56 DiffusionOperatorP1: Boundary treatment ...
18:56 DiffusionOperatorP1: Assemble system matrix ...
18:56 gram_schmidt: Orthonormalizing vector 1 again
18:56 gram_schmidt: Orthonormalizing vector 2 again
18:56 gram_schmidt: Orthonormalizing vector 3 again
18:56 gram_schmidt: Orthonormalizing vector 4 again
18:56 gram_schmidt: Orthonormalizing vector 1 again
18:56 gram_schmidt: Orthonormalizing vector 2 again
18:56 gram_schmidt: Orthonormalizing vector 3 again
18:56 gram_schmidt: Orthonormalizing vector 4 again
</system-err></testcase><testcase classname="src.pymortests.algorithms.gram_schmidt" file="src/pymortests/algorithms/gram_schmidt.py" line="42" name="test_gram_schmidt_with_product[&lt;lambda&gt;10]" time="0.03551983833312988"><system-err>18:56 DiffusionOperatorP1: Calulate gradients of shape functions transformed by reference map ...
18:56 DiffusionOperatorP1: Calculate all local scalar products beween gradients ...
18:56 DiffusionOperatorP1: Determine global dofs ...
18:56 DiffusionOperatorP1: Boundary treatment ...
18:56 DiffusionOperatorP1: Assemble system matrix ...
18:56 DiffusionOperatorP1: Calulate gradients of shape functions transformed by reference map ...
18:56 DiffusionOperatorP1: Calculate all local scalar products beween gradients ...
18:56 DiffusionOperatorP1: Determine global dofs ...
18:56 DiffusionOperatorP1: Boundary treatment ...
18:56 DiffusionOperatorP1: Assemble system matrix ...
18:56 DiffusionOperatorP1: Calulate gradients of shape functions transformed by reference map ...
18:56 DiffusionOperatorP1: Calculate all local scalar products beween gradients ...
18:56 DiffusionOperatorP1: Determine global dofs ...
18:56 DiffusionOperatorP1: Boundary treatment ...
18:56 DiffusionOperatorP1: Assemble system matrix ...
18:56 DiffusionOperatorP1: Calulate gradients of shape functions transformed by reference map ...
18:56 DiffusionOperatorP1: Calculate all local scalar products beween gradients ...
18:56 DiffusionOperatorP1: Determine global dofs ...
18:56 DiffusionOperatorP1: Boundary treatment ...
18:56 DiffusionOperatorP1: Assemble system matrix ...
18:56 DiffusionOperatorP1: Calulate gradients of shape functions transformed by reference map ...
18:56 DiffusionOperatorP1: Calculate all local scalar products beween gradients ...
18:56 DiffusionOperatorP1: Determine global dofs ...
18:56 DiffusionOperatorP1: Boundary treatment ...
18:56 DiffusionOperatorP1: Assemble system matrix ...
18:56 L2ProductP1: Integrate the products of the shape functions on each element
18:56 L2ProductP1: Determine global dofs ...
18:56 L2ProductP1: Boundary treatment ...
18:56 L2ProductP1: Assemble system matrix ...
18:56 DiffusionOperatorP1: Calulate gradients of shape functions transformed by reference map ...
18:56 DiffusionOperatorP1: Calculate all local scalar products beween gradients ...
18:56 DiffusionOperatorP1: Determine global dofs ...
18:56 DiffusionOperatorP1: Boundary treatment ...
18:56 DiffusionOperatorP1: Assemble system matrix ...
18:56 L2ProductP1: Integrate the products of the shape functions on each element
18:56 L2ProductP1: Determine global dofs ...
18:56 L2ProductP1: Boundary treatment ...
18:56 L2ProductP1: Assemble system matrix ...
18:56 DiffusionOperatorP1: Calulate gradients of shape functions transformed by reference map ...
18:56 DiffusionOperatorP1: Calculate all local scalar products beween gradients ...
18:56 DiffusionOperatorP1: Determine global dofs ...
18:56 DiffusionOperatorP1: Boundary treatment ...
18:56 DiffusionOperatorP1: Assemble system matrix ...
18:56 gram_schmidt: Orthonormalizing vector 3 again
18:56 gram_schmidt: Orthonormalizing vector 4 again
18:56 gram_schmidt: Orthonormalizing vector 3 again
18:56 gram_schmidt: Orthonormalizing vector 4 again
</system-err></testcase><testcase classname="src.pymortests.algorithms.gram_schmidt" file="src/pymortests/algorithms/gram_schmidt.py" line="42" name="test_gram_schmidt_with_product[&lt;lambda&gt;11]" time="0.03290510177612305"><system-err>18:56 DiffusionOperatorP1: Calulate gradients of shape functions transformed by reference map ...
18:56 DiffusionOperatorP1: Calculate all local scalar products beween gradients ...
18:56 DiffusionOperatorP1: Determine global dofs ...
18:56 DiffusionOperatorP1: Boundary treatment ...
18:56 DiffusionOperatorP1: Assemble system matrix ...
18:56 DiffusionOperatorP1: Calulate gradients of shape functions transformed by reference map ...
18:56 DiffusionOperatorP1: Calculate all local scalar products beween gradients ...
18:56 DiffusionOperatorP1: Determine global dofs ...
18:56 DiffusionOperatorP1: Boundary treatment ...
18:56 DiffusionOperatorP1: Assemble system matrix ...
18:56 L2ProductP1: Integrate the products of the shape functions on each element
18:56 L2ProductP1: Determine global dofs ...
18:56 L2ProductP1: Boundary treatment ...
18:56 L2ProductP1: Assemble system matrix ...
18:56 DiffusionOperatorP1: Calulate gradients of shape functions transformed by reference map ...
18:56 DiffusionOperatorP1: Calculate all local scalar products beween gradients ...
18:56 DiffusionOperatorP1: Determine global dofs ...
18:56 DiffusionOperatorP1: Boundary treatment ...
18:56 DiffusionOperatorP1: Assemble system matrix ...
18:56 L2ProductP1: Integrate the products of the shape functions on each element
18:56 L2ProductP1: Determine global dofs ...
18:56 L2ProductP1: Boundary treatment ...
18:56 L2ProductP1: Assemble system matrix ...
18:56 DiffusionOperatorP1: Calulate gradients of shape functions transformed by reference map ...
18:56 DiffusionOperatorP1: Calculate all local scalar products beween gradients ...
18:56 DiffusionOperatorP1: Determine global dofs ...
18:56 DiffusionOperatorP1: Boundary treatment ...
18:56 DiffusionOperatorP1: Assemble system matrix ...
18:56 gram_schmidt: Orthonormalizing vector 1 again
18:56 gram_schmidt: Orthonormalizing vector 2 again
18:56 gram_schmidt: Orthonormalizing vector 3 again
18:56 gram_schmidt: Orthonormalizing vector 4 again
18:56 gram_schmidt: Orthonormalizing vector 1 again
18:56 gram_schmidt: Orthonormalizing vector 2 again
18:56 gram_schmidt: Orthonormalizing vector 3 again
18:56 gram_schmidt: Orthonormalizing vector 4 again
</system-err></testcase><testcase classname="src.pymortests.algorithms.gram_schmidt" file="src/pymortests/algorithms/gram_schmidt.py" line="42" name="test_gram_schmidt_with_product[&lt;lambda&gt;12]" time="0.0355379581451416"><system-err>18:56 DiffusionOperatorP1: Calulate gradients of shape functions transformed by reference map ...
18:56 DiffusionOperatorP1: Calculate all local scalar products beween gradients ...
18:56 DiffusionOperatorP1: Determine global dofs ...
18:56 DiffusionOperatorP1: Boundary treatment ...
18:56 DiffusionOperatorP1: Assemble system matrix ...
18:56 DiffusionOperatorP1: Calulate gradients of shape functions transformed by reference map ...
18:56 DiffusionOperatorP1: Calculate all local scalar products beween gradients ...
18:56 DiffusionOperatorP1: Determine global dofs ...
18:56 DiffusionOperatorP1: Boundary treatment ...
18:56 DiffusionOperatorP1: Assemble system matrix ...
18:56 DiffusionOperatorP1: Calulate gradients of shape functions transformed by reference map ...
18:56 DiffusionOperatorP1: Calculate all local scalar products beween gradients ...
18:56 DiffusionOperatorP1: Determine global dofs ...
18:56 DiffusionOperatorP1: Boundary treatment ...
18:56 DiffusionOperatorP1: Assemble system matrix ...
18:56 DiffusionOperatorP1: Calulate gradients of shape functions transformed by reference map ...
18:56 DiffusionOperatorP1: Calculate all local scalar products beween gradients ...
18:56 DiffusionOperatorP1: Determine global dofs ...
18:56 DiffusionOperatorP1: Boundary treatment ...
18:56 DiffusionOperatorP1: Assemble system matrix ...
18:56 DiffusionOperatorP1: Calulate gradients of shape functions transformed by reference map ...
18:56 DiffusionOperatorP1: Calculate all local scalar products beween gradients ...
18:56 DiffusionOperatorP1: Determine global dofs ...
18:56 DiffusionOperatorP1: Boundary treatment ...
18:56 DiffusionOperatorP1: Assemble system matrix ...
18:56 L2ProductP1: Integrate the products of the shape functions on each element
18:56 L2ProductP1: Determine global dofs ...
18:56 L2ProductP1: Boundary treatment ...
18:56 L2ProductP1: Assemble system matrix ...
18:56 DiffusionOperatorP1: Calulate gradients of shape functions transformed by reference map ...
18:56 DiffusionOperatorP1: Calculate all local scalar products beween gradients ...
18:56 DiffusionOperatorP1: Determine global dofs ...
18:56 DiffusionOperatorP1: Boundary treatment ...
18:56 DiffusionOperatorP1: Assemble system matrix ...
18:56 L2ProductP1: Integrate the products of the shape functions on each element
18:56 L2ProductP1: Determine global dofs ...
18:56 L2ProductP1: Boundary treatment ...
18:56 L2ProductP1: Assemble system matrix ...
18:56 DiffusionOperatorP1: Calulate gradients of shape functions transformed by reference map ...
18:56 DiffusionOperatorP1: Calculate all local scalar products beween gradients ...
18:56 DiffusionOperatorP1: Determine global dofs ...
18:56 DiffusionOperatorP1: Boundary treatment ...
18:56 DiffusionOperatorP1: Assemble system matrix ...
18:56 gram_schmidt: Removing linearly dependent vector 5
18:56 gram_schmidt: Removing linearly dependent vector 6
18:56 gram_schmidt: Removing linearly dependent vector 5
18:56 gram_schmidt: Removing linearly dependent vector 6
</system-err></testcase><testcase classname="src.pymortests.algorithms.gram_schmidt" file="src/pymortests/algorithms/gram_schmidt.py" line="42" name="test_gram_schmidt_with_product[&lt;lambda&gt;13]" time="0.03239297866821289"><system-err>18:56 DiffusionOperatorP1: Calulate gradients of shape functions transformed by reference map ...
18:56 DiffusionOperatorP1: Calculate all local scalar products beween gradients ...
18:56 DiffusionOperatorP1: Determine global dofs ...
18:56 DiffusionOperatorP1: Boundary treatment ...
18:56 DiffusionOperatorP1: Assemble system matrix ...
18:56 DiffusionOperatorP1: Calulate gradients of shape functions transformed by reference map ...
18:56 DiffusionOperatorP1: Calculate all local scalar products beween gradients ...
18:56 DiffusionOperatorP1: Determine global dofs ...
18:56 DiffusionOperatorP1: Boundary treatment ...
18:56 DiffusionOperatorP1: Assemble system matrix ...
18:56 L2ProductP1: Integrate the products of the shape functions on each element
18:56 L2ProductP1: Determine global dofs ...
18:56 L2ProductP1: Boundary treatment ...
18:56 L2ProductP1: Assemble system matrix ...
18:56 DiffusionOperatorP1: Calulate gradients of shape functions transformed by reference map ...
18:56 DiffusionOperatorP1: Calculate all local scalar products beween gradients ...
18:56 DiffusionOperatorP1: Determine global dofs ...
18:56 DiffusionOperatorP1: Boundary treatment ...
18:56 DiffusionOperatorP1: Assemble system matrix ...
18:56 L2ProductP1: Integrate the products of the shape functions on each element
18:56 L2ProductP1: Determine global dofs ...
18:56 L2ProductP1: Boundary treatment ...
18:56 L2ProductP1: Assemble system matrix ...
18:56 DiffusionOperatorP1: Calulate gradients of shape functions transformed by reference map ...
18:56 DiffusionOperatorP1: Calculate all local scalar products beween gradients ...
18:56 DiffusionOperatorP1: Determine global dofs ...
18:56 DiffusionOperatorP1: Boundary treatment ...
18:56 DiffusionOperatorP1: Assemble system matrix ...
18:56 gram_schmidt: Orthonormalizing vector 3 again
18:56 gram_schmidt: Removing linearly dependent vector 5
18:56 gram_schmidt: Removing linearly dependent vector 6
18:56 gram_schmidt: Orthonormalizing vector 3 again
18:56 gram_schmidt: Removing linearly dependent vector 5
18:56 gram_schmidt: Removing linearly dependent vector 6
</system-err></testcase><testcase classname="src.pymortests.algorithms.gram_schmidt" file="src/pymortests/algorithms/gram_schmidt.py" line="42" name="test_gram_schmidt_with_product[&lt;lambda&gt;14]" time="0.038823843002319336"><system-err>18:56 DiffusionOperatorP1: Calulate gradients of shape functions transformed by reference map ...
18:56 DiffusionOperatorP1: Calculate all local scalar products beween gradients ...
18:56 DiffusionOperatorP1: Determine global dofs ...
18:56 DiffusionOperatorP1: Boundary treatment ...
18:56 DiffusionOperatorP1: Assemble system matrix ...
18:56 DiffusionOperatorP1: Calulate gradients of shape functions transformed by reference map ...
18:56 DiffusionOperatorP1: Calculate all local scalar products beween gradients ...
18:56 DiffusionOperatorP1: Determine global dofs ...
18:56 DiffusionOperatorP1: Boundary treatment ...
18:56 DiffusionOperatorP1: Assemble system matrix ...
18:56 DiffusionOperatorP1: Calulate gradients of shape functions transformed by reference map ...
18:56 DiffusionOperatorP1: Calculate all local scalar products beween gradients ...
18:56 DiffusionOperatorP1: Determine global dofs ...
18:56 DiffusionOperatorP1: Boundary treatment ...
18:56 DiffusionOperatorP1: Assemble system matrix ...
18:56 DiffusionOperatorP1: Calulate gradients of shape functions transformed by reference map ...
18:56 DiffusionOperatorP1: Calculate all local scalar products beween gradients ...
18:56 DiffusionOperatorP1: Determine global dofs ...
18:56 DiffusionOperatorP1: Boundary treatment ...
18:56 DiffusionOperatorP1: Assemble system matrix ...
18:56 DiffusionOperatorP1: Calulate gradients of shape functions transformed by reference map ...
18:56 DiffusionOperatorP1: Calculate all local scalar products beween gradients ...
18:56 DiffusionOperatorP1: Determine global dofs ...
18:56 DiffusionOperatorP1: Boundary treatment ...
18:56 DiffusionOperatorP1: Assemble system matrix ...
18:56 L2ProductP1: Integrate the products of the shape functions on each element
18:56 L2ProductP1: Determine global dofs ...
18:56 L2ProductP1: Boundary treatment ...
18:56 L2ProductP1: Assemble system matrix ...
18:56 DiffusionOperatorP1: Calulate gradients of shape functions transformed by reference map ...
18:56 DiffusionOperatorP1: Calculate all local scalar products beween gradients ...
18:56 DiffusionOperatorP1: Determine global dofs ...
18:56 DiffusionOperatorP1: Boundary treatment ...
18:56 DiffusionOperatorP1: Assemble system matrix ...
18:56 L2ProductP1: Integrate the products of the shape functions on each element
18:56 L2ProductP1: Determine global dofs ...
18:56 L2ProductP1: Boundary treatment ...
18:56 L2ProductP1: Assemble system matrix ...
18:56 DiffusionOperatorP1: Calulate gradients of shape functions transformed by reference map ...
18:56 DiffusionOperatorP1: Calculate all local scalar products beween gradients ...
18:56 DiffusionOperatorP1: Determine global dofs ...
18:56 DiffusionOperatorP1: Boundary treatment ...
18:56 DiffusionOperatorP1: Assemble system matrix ...
18:56 gram_schmidt: Orthonormalizing vector 1 again
18:56 gram_schmidt: Orthonormalizing vector 2 again
18:56 gram_schmidt: Orthonormalizing vector 3 again
18:56 gram_schmidt: Orthonormalizing vector 4 again
18:56 gram_schmidt: Removing linearly dependent vector 5
18:56 gram_schmidt: Orthonormalizing vector 1 again
18:56 gram_schmidt: Orthonormalizing vector 2 again
18:56 gram_schmidt: Orthonormalizing vector 3 again
18:56 gram_schmidt: Orthonormalizing vector 4 again
18:56 gram_schmidt: Removing linearly dependent vector 5
</system-err></testcase><testcase classname="src.pymortests.algorithms.gram_schmidt" file="src/pymortests/algorithms/gram_schmidt.py" line="42" name="test_gram_schmidt_with_product[&lt;lambda&gt;15]" time="0.03622627258300781"><system-err>18:56 DiffusionOperatorP1: Calulate gradients of shape functions transformed by reference map ...
18:56 DiffusionOperatorP1: Calculate all local scalar products beween gradients ...
18:56 DiffusionOperatorP1: Determine global dofs ...
18:56 DiffusionOperatorP1: Boundary treatment ...
18:56 DiffusionOperatorP1: Assemble system matrix ...
18:56 DiffusionOperatorP1: Calulate gradients of shape functions transformed by reference map ...
18:56 DiffusionOperatorP1: Calculate all local scalar products beween gradients ...
18:56 DiffusionOperatorP1: Determine global dofs ...
18:56 DiffusionOperatorP1: Boundary treatment ...
18:56 DiffusionOperatorP1: Assemble system matrix ...
18:56 L2ProductP1: Integrate the products of the shape functions on each element
18:56 L2ProductP1: Determine global dofs ...
18:56 L2ProductP1: Boundary treatment ...
18:56 L2ProductP1: Assemble system matrix ...
18:56 DiffusionOperatorP1: Calulate gradients of shape functions transformed by reference map ...
18:56 DiffusionOperatorP1: Calculate all local scalar products beween gradients ...
18:56 DiffusionOperatorP1: Determine global dofs ...
18:56 DiffusionOperatorP1: Boundary treatment ...
18:56 DiffusionOperatorP1: Assemble system matrix ...
18:56 L2ProductP1: Integrate the products of the shape functions on each element
18:56 L2ProductP1: Determine global dofs ...
18:56 L2ProductP1: Boundary treatment ...
18:56 L2ProductP1: Assemble system matrix ...
18:56 DiffusionOperatorP1: Calulate gradients of shape functions transformed by reference map ...
18:56 DiffusionOperatorP1: Calculate all local scalar products beween gradients ...
18:56 DiffusionOperatorP1: Determine global dofs ...
18:56 DiffusionOperatorP1: Boundary treatment ...
18:56 DiffusionOperatorP1: Assemble system matrix ...
18:56 gram_schmidt: Orthonormalizing vector 1 again
18:56 gram_schmidt: Orthonormalizing vector 2 again
18:56 gram_schmidt: Orthonormalizing vector 3 again
18:56 gram_schmidt: Orthonormalizing vector 4 again
18:56 gram_schmidt: Orthonormalizing vector 5 again
18:56 gram_schmidt: Orthonormalizing vector 1 again
18:56 gram_schmidt: Orthonormalizing vector 2 again
18:56 gram_schmidt: Orthonormalizing vector 3 again
18:56 gram_schmidt: Orthonormalizing vector 4 again
18:56 gram_schmidt: Orthonormalizing vector 5 again
</system-err></testcase><testcase classname="src.pymortests.algorithms.gram_schmidt" file="src/pymortests/algorithms/gram_schmidt.py" line="42" name="test_gram_schmidt_with_product[&lt;lambda&gt;16]" time="0.03361344337463379"><system-err>18:56 DiffusionOperatorP1: Calulate gradients of shape functions transformed by reference map ...
18:56 DiffusionOperatorP1: Calculate all local scalar products beween gradients ...
18:56 DiffusionOperatorP1: Determine global dofs ...
18:56 DiffusionOperatorP1: Boundary treatment ...
18:56 DiffusionOperatorP1: Assemble system matrix ...
18:56 DiffusionOperatorP1: Calulate gradients of shape functions transformed by reference map ...
18:56 DiffusionOperatorP1: Calculate all local scalar products beween gradients ...
18:56 DiffusionOperatorP1: Determine global dofs ...
18:56 DiffusionOperatorP1: Boundary treatment ...
18:56 DiffusionOperatorP1: Assemble system matrix ...
18:56 DiffusionOperatorP1: Calulate gradients of shape functions transformed by reference map ...
18:56 DiffusionOperatorP1: Calculate all local scalar products beween gradients ...
18:56 DiffusionOperatorP1: Determine global dofs ...
18:56 DiffusionOperatorP1: Boundary treatment ...
18:56 DiffusionOperatorP1: Assemble system matrix ...
18:56 DiffusionOperatorP1: Calulate gradients of shape functions transformed by reference map ...
18:56 DiffusionOperatorP1: Calculate all local scalar products beween gradients ...
18:56 DiffusionOperatorP1: Determine global dofs ...
18:56 DiffusionOperatorP1: Boundary treatment ...
18:56 DiffusionOperatorP1: Assemble system matrix ...
18:56 DiffusionOperatorP1: Calulate gradients of shape functions transformed by reference map ...
18:56 DiffusionOperatorP1: Calculate all local scalar products beween gradients ...
18:56 DiffusionOperatorP1: Determine global dofs ...
18:56 DiffusionOperatorP1: Boundary treatment ...
18:56 DiffusionOperatorP1: Assemble system matrix ...
18:56 L2ProductP1: Integrate the products of the shape functions on each element
18:56 L2ProductP1: Determine global dofs ...
18:56 L2ProductP1: Boundary treatment ...
18:56 L2ProductP1: Assemble system matrix ...
18:56 DiffusionOperatorP1: Calulate gradients of shape functions transformed by reference map ...
18:56 DiffusionOperatorP1: Calculate all local scalar products beween gradients ...
18:56 DiffusionOperatorP1: Determine global dofs ...
18:56 DiffusionOperatorP1: Boundary treatment ...
18:56 DiffusionOperatorP1: Assemble system matrix ...
18:56 L2ProductP1: Integrate the products of the shape functions on each element
18:56 L2ProductP1: Determine global dofs ...
18:56 L2ProductP1: Boundary treatment ...
18:56 L2ProductP1: Assemble system matrix ...
18:56 DiffusionOperatorP1: Calulate gradients of shape functions transformed by reference map ...
18:56 DiffusionOperatorP1: Calculate all local scalar products beween gradients ...
18:56 DiffusionOperatorP1: Determine global dofs ...
18:56 DiffusionOperatorP1: Boundary treatment ...
18:56 DiffusionOperatorP1: Assemble system matrix ...
18:56 gram_schmidt: Removing linearly dependent vector 1
18:56 gram_schmidt: Removing linearly dependent vector 2
18:56 gram_schmidt: Removing linearly dependent vector 3
18:56 gram_schmidt: Removing linearly dependent vector 4
18:56 gram_schmidt: Removing linearly dependent vector 5
18:56 gram_schmidt: Removing linearly dependent vector 6
18:56 gram_schmidt: Removing linearly dependent vector 1
18:56 gram_schmidt: Removing linearly dependent vector 2
18:56 gram_schmidt: Removing linearly dependent vector 3
18:56 gram_schmidt: Removing linearly dependent vector 4
18:56 gram_schmidt: Removing linearly dependent vector 5
18:56 gram_schmidt: Removing linearly dependent vector 6
</system-err></testcase><testcase classname="src.pymortests.algorithms.gram_schmidt" file="src/pymortests/algorithms/gram_schmidt.py" line="42" name="test_gram_schmidt_with_product[&lt;lambda&gt;17]" time="0.029605865478515625"><system-err>18:56 DiffusionOperatorP1: Calulate gradients of shape functions transformed by reference map ...
18:56 DiffusionOperatorP1: Calculate all local scalar products beween gradients ...
18:56 DiffusionOperatorP1: Determine global dofs ...
18:56 DiffusionOperatorP1: Boundary treatment ...
18:56 DiffusionOperatorP1: Assemble system matrix ...
18:56 DiffusionOperatorP1: Calulate gradients of shape functions transformed by reference map ...
18:56 DiffusionOperatorP1: Calculate all local scalar products beween gradients ...
18:56 DiffusionOperatorP1: Determine global dofs ...
18:56 DiffusionOperatorP1: Boundary treatment ...
18:56 DiffusionOperatorP1: Assemble system matrix ...
18:56 L2ProductP1: Integrate the products of the shape functions on each element
18:56 L2ProductP1: Determine global dofs ...
18:56 L2ProductP1: Boundary treatment ...
18:56 L2ProductP1: Assemble system matrix ...
18:56 DiffusionOperatorP1: Calulate gradients of shape functions transformed by reference map ...
18:56 DiffusionOperatorP1: Calculate all local scalar products beween gradients ...
18:56 DiffusionOperatorP1: Determine global dofs ...
18:56 DiffusionOperatorP1: Boundary treatment ...
18:56 DiffusionOperatorP1: Assemble system matrix ...
18:56 L2ProductP1: Integrate the products of the shape functions on each element
18:56 L2ProductP1: Determine global dofs ...
18:56 L2ProductP1: Boundary treatment ...
18:56 L2ProductP1: Assemble system matrix ...
18:56 DiffusionOperatorP1: Calulate gradients of shape functions transformed by reference map ...
18:56 DiffusionOperatorP1: Calculate all local scalar products beween gradients ...
18:56 DiffusionOperatorP1: Determine global dofs ...
18:56 DiffusionOperatorP1: Boundary treatment ...
18:56 DiffusionOperatorP1: Assemble system matrix ...
18:56 gram_schmidt: Removing linearly dependent vector 1
18:56 gram_schmidt: Removing linearly dependent vector 2
18:56 gram_schmidt: Removing linearly dependent vector 3
18:56 gram_schmidt: Removing linearly dependent vector 4
18:56 gram_schmidt: Removing linearly dependent vector 5
18:56 gram_schmidt: Removing linearly dependent vector 6
18:56 gram_schmidt: Removing linearly dependent vector 1
18:56 gram_schmidt: Removing linearly dependent vector 2
18:56 gram_schmidt: Removing linearly dependent vector 3
18:56 gram_schmidt: Removing linearly dependent vector 4
18:56 gram_schmidt: Removing linearly dependent vector 5
18:56 gram_schmidt: Removing linearly dependent vector 6
</system-err></testcase><testcase classname="src.pymortests.algorithms.gram_schmidt" file="src/pymortests/algorithms/gram_schmidt.py" line="42" name="test_gram_schmidt_with_product[&lt;lambda&gt;18]" time="0.03852677345275879"><system-err>18:56 DiffusionOperatorP1: Calulate gradients of shape functions transformed by reference map ...
18:56 DiffusionOperatorP1: Calculate all local scalar products beween gradients ...
18:56 DiffusionOperatorP1: Determine global dofs ...
18:56 DiffusionOperatorP1: Boundary treatment ...
18:56 DiffusionOperatorP1: Assemble system matrix ...
18:56 DiffusionOperatorP1: Calulate gradients of shape functions transformed by reference map ...
18:56 DiffusionOperatorP1: Calculate all local scalar products beween gradients ...
18:56 DiffusionOperatorP1: Determine global dofs ...
18:56 DiffusionOperatorP1: Boundary treatment ...
18:56 DiffusionOperatorP1: Assemble system matrix ...
18:56 DiffusionOperatorP1: Calulate gradients of shape functions transformed by reference map ...
18:56 DiffusionOperatorP1: Calculate all local scalar products beween gradients ...
18:56 DiffusionOperatorP1: Determine global dofs ...
18:56 DiffusionOperatorP1: Boundary treatment ...
18:56 DiffusionOperatorP1: Assemble system matrix ...
18:56 DiffusionOperatorP1: Calulate gradients of shape functions transformed by reference map ...
18:56 DiffusionOperatorP1: Calculate all local scalar products beween gradients ...
18:56 DiffusionOperatorP1: Determine global dofs ...
18:56 DiffusionOperatorP1: Boundary treatment ...
18:56 DiffusionOperatorP1: Assemble system matrix ...
18:56 DiffusionOperatorP1: Calulate gradients of shape functions transformed by reference map ...
18:56 DiffusionOperatorP1: Calculate all local scalar products beween gradients ...
18:56 DiffusionOperatorP1: Determine global dofs ...
18:56 DiffusionOperatorP1: Boundary treatment ...
18:56 DiffusionOperatorP1: Assemble system matrix ...
18:56 L2ProductP1: Integrate the products of the shape functions on each element
18:56 L2ProductP1: Determine global dofs ...
18:56 L2ProductP1: Boundary treatment ...
18:56 L2ProductP1: Assemble system matrix ...
18:56 DiffusionOperatorP1: Calulate gradients of shape functions transformed by reference map ...
18:56 DiffusionOperatorP1: Calculate all local scalar products beween gradients ...
18:56 DiffusionOperatorP1: Determine global dofs ...
18:56 DiffusionOperatorP1: Boundary treatment ...
18:56 DiffusionOperatorP1: Assemble system matrix ...
18:56 L2ProductP1: Integrate the products of the shape functions on each element
18:56 L2ProductP1: Determine global dofs ...
18:56 L2ProductP1: Boundary treatment ...
18:56 L2ProductP1: Assemble system matrix ...
18:56 DiffusionOperatorP1: Calulate gradients of shape functions transformed by reference map ...
18:56 DiffusionOperatorP1: Calculate all local scalar products beween gradients ...
18:56 DiffusionOperatorP1: Determine global dofs ...
18:56 DiffusionOperatorP1: Boundary treatment ...
18:56 DiffusionOperatorP1: Assemble system matrix ...
18:56 gram_schmidt: Orthonormalizing vector 1 again
18:56 gram_schmidt: Orthonormalizing vector 2 again
18:56 gram_schmidt: Orthonormalizing vector 3 again
18:56 gram_schmidt: Orthonormalizing vector 4 again
18:56 gram_schmidt: Removing linearly dependent vector 5
18:56 gram_schmidt: Orthonormalizing vector 1 again
18:56 gram_schmidt: Orthonormalizing vector 2 again
18:56 gram_schmidt: Orthonormalizing vector 3 again
18:56 gram_schmidt: Orthonormalizing vector 4 again
18:56 gram_schmidt: Removing linearly dependent vector 5
</system-err></testcase><testcase classname="src.pymortests.algorithms.gram_schmidt" file="src/pymortests/algorithms/gram_schmidt.py" line="42" name="test_gram_schmidt_with_product[&lt;lambda&gt;19]" time="0.035573720932006836"><system-err>18:56 DiffusionOperatorP1: Calulate gradients of shape functions transformed by reference map ...
18:56 DiffusionOperatorP1: Calculate all local scalar products beween gradients ...
18:56 DiffusionOperatorP1: Determine global dofs ...
18:56 DiffusionOperatorP1: Boundary treatment ...
18:56 DiffusionOperatorP1: Assemble system matrix ...
18:56 DiffusionOperatorP1: Calulate gradients of shape functions transformed by reference map ...
18:56 DiffusionOperatorP1: Calculate all local scalar products beween gradients ...
18:56 DiffusionOperatorP1: Determine global dofs ...
18:56 DiffusionOperatorP1: Boundary treatment ...
18:56 DiffusionOperatorP1: Assemble system matrix ...
18:56 L2ProductP1: Integrate the products of the shape functions on each element
18:56 L2ProductP1: Determine global dofs ...
18:56 L2ProductP1: Boundary treatment ...
18:56 L2ProductP1: Assemble system matrix ...
18:56 DiffusionOperatorP1: Calulate gradients of shape functions transformed by reference map ...
18:56 DiffusionOperatorP1: Calculate all local scalar products beween gradients ...
18:56 DiffusionOperatorP1: Determine global dofs ...
18:56 DiffusionOperatorP1: Boundary treatment ...
18:56 DiffusionOperatorP1: Assemble system matrix ...
18:56 L2ProductP1: Integrate the products of the shape functions on each element
18:56 L2ProductP1: Determine global dofs ...
18:56 L2ProductP1: Boundary treatment ...
18:56 L2ProductP1: Assemble system matrix ...
18:56 DiffusionOperatorP1: Calulate gradients of shape functions transformed by reference map ...
18:56 DiffusionOperatorP1: Calculate all local scalar products beween gradients ...
18:56 DiffusionOperatorP1: Determine global dofs ...
18:56 DiffusionOperatorP1: Boundary treatment ...
18:56 DiffusionOperatorP1: Assemble system matrix ...
18:56 gram_schmidt: Orthonormalizing vector 1 again
18:56 gram_schmidt: Orthonormalizing vector 2 again
18:56 gram_schmidt: Orthonormalizing vector 3 again
18:56 gram_schmidt: Orthonormalizing vector 4 again
18:56 gram_schmidt: Orthonormalizing vector 5 again
18:56 gram_schmidt: Orthonormalizing vector 1 again
18:56 gram_schmidt: Orthonormalizing vector 2 again
18:56 gram_schmidt: Orthonormalizing vector 3 again
18:56 gram_schmidt: Orthonormalizing vector 4 again
18:56 gram_schmidt: Orthonormalizing vector 5 again
</system-err></testcase><testcase classname="src.pymortests.algorithms.gram_schmidt" file="src/pymortests/algorithms/gram_schmidt.py" line="42" name="test_gram_schmidt_with_product[&lt;lambda&gt;20]" time="0.03948855400085449"><system-err>18:56 DiffusionOperatorP1: Calulate gradients of shape functions transformed by reference map ...
18:56 DiffusionOperatorP1: Calculate all local scalar products beween gradients ...
18:56 DiffusionOperatorP1: Determine global dofs ...
18:56 DiffusionOperatorP1: Boundary treatment ...
18:56 DiffusionOperatorP1: Assemble system matrix ...
18:56 DiffusionOperatorP1: Calulate gradients of shape functions transformed by reference map ...
18:56 DiffusionOperatorP1: Calculate all local scalar products beween gradients ...
18:56 DiffusionOperatorP1: Determine global dofs ...
18:56 DiffusionOperatorP1: Boundary treatment ...
18:56 DiffusionOperatorP1: Assemble system matrix ...
18:56 DiffusionOperatorP1: Calulate gradients of shape functions transformed by reference map ...
18:56 DiffusionOperatorP1: Calculate all local scalar products beween gradients ...
18:56 DiffusionOperatorP1: Determine global dofs ...
18:56 DiffusionOperatorP1: Boundary treatment ...
18:56 DiffusionOperatorP1: Assemble system matrix ...
18:56 DiffusionOperatorP1: Calulate gradients of shape functions transformed by reference map ...
18:56 DiffusionOperatorP1: Calculate all local scalar products beween gradients ...
18:56 DiffusionOperatorP1: Determine global dofs ...
18:56 DiffusionOperatorP1: Boundary treatment ...
18:56 DiffusionOperatorP1: Assemble system matrix ...
18:56 DiffusionOperatorP1: Calulate gradients of shape functions transformed by reference map ...
18:56 DiffusionOperatorP1: Calculate all local scalar products beween gradients ...
18:56 DiffusionOperatorP1: Determine global dofs ...
18:56 DiffusionOperatorP1: Boundary treatment ...
18:56 DiffusionOperatorP1: Assemble system matrix ...
18:56 L2ProductP1: Integrate the products of the shape functions on each element
18:56 L2ProductP1: Determine global dofs ...
18:56 L2ProductP1: Boundary treatment ...
18:56 L2ProductP1: Assemble system matrix ...
18:56 DiffusionOperatorP1: Calulate gradients of shape functions transformed by reference map ...
18:56 DiffusionOperatorP1: Calculate all local scalar products beween gradients ...
18:56 DiffusionOperatorP1: Determine global dofs ...
18:56 DiffusionOperatorP1: Boundary treatment ...
18:56 DiffusionOperatorP1: Assemble system matrix ...
18:56 L2ProductP1: Integrate the products of the shape functions on each element
18:56 L2ProductP1: Determine global dofs ...
18:56 L2ProductP1: Boundary treatment ...
18:56 L2ProductP1: Assemble system matrix ...
18:56 DiffusionOperatorP1: Calulate gradients of shape functions transformed by reference map ...
18:56 DiffusionOperatorP1: Calculate all local scalar products beween gradients ...
18:56 DiffusionOperatorP1: Determine global dofs ...
18:56 DiffusionOperatorP1: Boundary treatment ...
18:56 DiffusionOperatorP1: Assemble system matrix ...
18:56 gram_schmidt: Orthonormalizing vector 1 again
18:56 gram_schmidt: Orthonormalizing vector 2 again
18:56 gram_schmidt: Orthonormalizing vector 3 again
18:56 gram_schmidt: Orthonormalizing vector 4 again
18:56 gram_schmidt: Removing linearly dependent vector 5
18:56 gram_schmidt: Orthonormalizing vector 1 again
18:56 gram_schmidt: Orthonormalizing vector 2 again
18:56 gram_schmidt: Orthonormalizing vector 3 again
18:56 gram_schmidt: Orthonormalizing vector 4 again
18:56 gram_schmidt: Removing linearly dependent vector 5
</system-err></testcase><testcase classname="src.pymortests.algorithms.gram_schmidt" file="src/pymortests/algorithms/gram_schmidt.py" line="42" name="test_gram_schmidt_with_product[&lt;lambda&gt;21]" time="0.03606128692626953"><system-err>18:56 DiffusionOperatorP1: Calulate gradients of shape functions transformed by reference map ...
18:56 DiffusionOperatorP1: Calculate all local scalar products beween gradients ...
18:56 DiffusionOperatorP1: Determine global dofs ...
18:56 DiffusionOperatorP1: Boundary treatment ...
18:56 DiffusionOperatorP1: Assemble system matrix ...
18:56 DiffusionOperatorP1: Calulate gradients of shape functions transformed by reference map ...
18:56 DiffusionOperatorP1: Calculate all local scalar products beween gradients ...
18:56 DiffusionOperatorP1: Determine global dofs ...
18:56 DiffusionOperatorP1: Boundary treatment ...
18:56 DiffusionOperatorP1: Assemble system matrix ...
18:56 L2ProductP1: Integrate the products of the shape functions on each element
18:56 L2ProductP1: Determine global dofs ...
18:56 L2ProductP1: Boundary treatment ...
18:56 L2ProductP1: Assemble system matrix ...
18:56 DiffusionOperatorP1: Calulate gradients of shape functions transformed by reference map ...
18:56 DiffusionOperatorP1: Calculate all local scalar products beween gradients ...
18:56 DiffusionOperatorP1: Determine global dofs ...
18:56 DiffusionOperatorP1: Boundary treatment ...
18:56 DiffusionOperatorP1: Assemble system matrix ...
18:56 L2ProductP1: Integrate the products of the shape functions on each element
18:56 L2ProductP1: Determine global dofs ...
18:56 L2ProductP1: Boundary treatment ...
18:56 L2ProductP1: Assemble system matrix ...
18:56 DiffusionOperatorP1: Calulate gradients of shape functions transformed by reference map ...
18:56 DiffusionOperatorP1: Calculate all local scalar products beween gradients ...
18:56 DiffusionOperatorP1: Determine global dofs ...
18:56 DiffusionOperatorP1: Boundary treatment ...
18:56 DiffusionOperatorP1: Assemble system matrix ...
18:56 gram_schmidt: Orthonormalizing vector 1 again
18:56 gram_schmidt: Orthonormalizing vector 2 again
18:56 gram_schmidt: Orthonormalizing vector 3 again
18:56 gram_schmidt: Orthonormalizing vector 4 again
18:56 gram_schmidt: Orthonormalizing vector 5 again
18:56 gram_schmidt: Orthonormalizing vector 1 again
18:56 gram_schmidt: Orthonormalizing vector 2 again
18:56 gram_schmidt: Orthonormalizing vector 3 again
18:56 gram_schmidt: Orthonormalizing vector 4 again
18:56 gram_schmidt: Orthonormalizing vector 5 again
</system-err></testcase><testcase classname="src.pymortests.algorithms.gram_schmidt" file="src/pymortests/algorithms/gram_schmidt.py" line="42" name="test_gram_schmidt_with_product[&lt;lambda&gt;22]" time="0.03556084632873535"><system-err>18:56 DiffusionOperatorP1: Calulate gradients of shape functions transformed by reference map ...
18:56 DiffusionOperatorP1: Calculate all local scalar products beween gradients ...
18:56 DiffusionOperatorP1: Determine global dofs ...
18:56 DiffusionOperatorP1: Boundary treatment ...
18:56 DiffusionOperatorP1: Assemble system matrix ...
18:56 DiffusionOperatorP1: Calulate gradients of shape functions transformed by reference map ...
18:56 DiffusionOperatorP1: Calculate all local scalar products beween gradients ...
18:56 DiffusionOperatorP1: Determine global dofs ...
18:56 DiffusionOperatorP1: Boundary treatment ...
18:56 DiffusionOperatorP1: Assemble system matrix ...
18:56 DiffusionOperatorP1: Calulate gradients of shape functions transformed by reference map ...
18:56 DiffusionOperatorP1: Calculate all local scalar products beween gradients ...
18:56 DiffusionOperatorP1: Determine global dofs ...
18:56 DiffusionOperatorP1: Boundary treatment ...
18:56 DiffusionOperatorP1: Assemble system matrix ...
18:56 DiffusionOperatorP1: Calulate gradients of shape functions transformed by reference map ...
18:56 DiffusionOperatorP1: Calculate all local scalar products beween gradients ...
18:56 DiffusionOperatorP1: Determine global dofs ...
18:56 DiffusionOperatorP1: Boundary treatment ...
18:56 DiffusionOperatorP1: Assemble system matrix ...
18:56 DiffusionOperatorP1: Calulate gradients of shape functions transformed by reference map ...
18:56 DiffusionOperatorP1: Calculate all local scalar products beween gradients ...
18:56 DiffusionOperatorP1: Determine global dofs ...
18:56 DiffusionOperatorP1: Boundary treatment ...
18:56 DiffusionOperatorP1: Assemble system matrix ...
18:56 L2ProductP1: Integrate the products of the shape functions on each element
18:56 L2ProductP1: Determine global dofs ...
18:56 L2ProductP1: Boundary treatment ...
18:56 L2ProductP1: Assemble system matrix ...
18:56 DiffusionOperatorP1: Calulate gradients of shape functions transformed by reference map ...
18:56 DiffusionOperatorP1: Calculate all local scalar products beween gradients ...
18:56 DiffusionOperatorP1: Determine global dofs ...
18:56 DiffusionOperatorP1: Boundary treatment ...
18:56 DiffusionOperatorP1: Assemble system matrix ...
18:56 L2ProductP1: Integrate the products of the shape functions on each element
18:56 L2ProductP1: Determine global dofs ...
18:56 L2ProductP1: Boundary treatment ...
18:56 L2ProductP1: Assemble system matrix ...
18:56 DiffusionOperatorP1: Calulate gradients of shape functions transformed by reference map ...
18:56 DiffusionOperatorP1: Calculate all local scalar products beween gradients ...
18:56 DiffusionOperatorP1: Determine global dofs ...
18:56 DiffusionOperatorP1: Boundary treatment ...
18:56 DiffusionOperatorP1: Assemble system matrix ...
18:56 gram_schmidt: Orthonormalizing vector 3 again
18:56 gram_schmidt: Orthonormalizing vector 4 again
18:56 gram_schmidt: Orthonormalizing vector 3 again
18:56 gram_schmidt: Orthonormalizing vector 4 again
</system-err></testcase><testcase classname="src.pymortests.algorithms.gram_schmidt" file="src/pymortests/algorithms/gram_schmidt.py" line="42" name="test_gram_schmidt_with_product[&lt;lambda&gt;23]" time="0.03393983840942383"><system-err>18:56 DiffusionOperatorP1: Calulate gradients of shape functions transformed by reference map ...
18:56 DiffusionOperatorP1: Calculate all local scalar products beween gradients ...
18:56 DiffusionOperatorP1: Determine global dofs ...
18:56 DiffusionOperatorP1: Boundary treatment ...
18:56 DiffusionOperatorP1: Assemble system matrix ...
18:56 DiffusionOperatorP1: Calulate gradients of shape functions transformed by reference map ...
18:56 DiffusionOperatorP1: Calculate all local scalar products beween gradients ...
18:56 DiffusionOperatorP1: Determine global dofs ...
18:56 DiffusionOperatorP1: Boundary treatment ...
18:56 DiffusionOperatorP1: Assemble system matrix ...
18:56 L2ProductP1: Integrate the products of the shape functions on each element
18:56 L2ProductP1: Determine global dofs ...
18:56 L2ProductP1: Boundary treatment ...
18:56 L2ProductP1: Assemble system matrix ...
18:56 DiffusionOperatorP1: Calulate gradients of shape functions transformed by reference map ...
18:56 DiffusionOperatorP1: Calculate all local scalar products beween gradients ...
18:56 DiffusionOperatorP1: Determine global dofs ...
18:56 DiffusionOperatorP1: Boundary treatment ...
18:56 DiffusionOperatorP1: Assemble system matrix ...
18:56 L2ProductP1: Integrate the products of the shape functions on each element
18:56 L2ProductP1: Determine global dofs ...
18:56 L2ProductP1: Boundary treatment ...
18:56 L2ProductP1: Assemble system matrix ...
18:56 DiffusionOperatorP1: Calulate gradients of shape functions transformed by reference map ...
18:56 DiffusionOperatorP1: Calculate all local scalar products beween gradients ...
18:56 DiffusionOperatorP1: Determine global dofs ...
18:56 DiffusionOperatorP1: Boundary treatment ...
18:56 DiffusionOperatorP1: Assemble system matrix ...
18:56 gram_schmidt: Orthonormalizing vector 1 again
18:56 gram_schmidt: Orthonormalizing vector 2 again
18:56 gram_schmidt: Orthonormalizing vector 3 again
18:56 gram_schmidt: Orthonormalizing vector 4 again
18:56 gram_schmidt: Orthonormalizing vector 1 again
18:56 gram_schmidt: Orthonormalizing vector 2 again
18:56 gram_schmidt: Orthonormalizing vector 3 again
18:56 gram_schmidt: Orthonormalizing vector 4 again
</system-err></testcase><testcase classname="src.pymortests.algorithms.gram_schmidt" file="src/pymortests/algorithms/gram_schmidt.py" line="42" name="test_gram_schmidt_with_product[&lt;lambda&gt;24]" time="0.00957345962524414"><system-err>18:56 gram_schmidt: Orthonormalizing vector 1 again
18:56 gram_schmidt: Orthonormalizing vector 2 again
18:56 gram_schmidt: Orthonormalizing vector 3 again
18:56 gram_schmidt: Orthonormalizing vector 1 again
18:56 gram_schmidt: Orthonormalizing vector 2 again
18:56 gram_schmidt: Orthonormalizing vector 3 again
</system-err></testcase><testcase classname="src.pymortests.algorithms.gram_schmidt" file="src/pymortests/algorithms/gram_schmidt.py" line="42" name="test_gram_schmidt_with_product[&lt;lambda&gt;25]" time="0.009015083312988281"><system-err>18:56 gram_schmidt: Orthonormalizing vector 1 again
18:56 gram_schmidt: Orthonormalizing vector 2 again
18:56 gram_schmidt: Orthonormalizing vector 3 again
18:56 gram_schmidt: Orthonormalizing vector 1 again
18:56 gram_schmidt: Orthonormalizing vector 2 again
18:56 gram_schmidt: Orthonormalizing vector 3 again
</system-err></testcase><testcase classname="src.pymortests.algorithms.gram_schmidt" file="src/pymortests/algorithms/gram_schmidt.py" line="42" name="test_gram_schmidt_with_product[&lt;lambda&gt;26]" time="0.008147716522216797"><system-err>18:56 gram_schmidt: Orthonormalizing vector 1 again
18:56 gram_schmidt: Orthonormalizing vector 2 again
18:56 gram_schmidt: Orthonormalizing vector 3 again
18:56 gram_schmidt: Orthonormalizing vector 1 again
18:56 gram_schmidt: Orthonormalizing vector 2 again
18:56 gram_schmidt: Orthonormalizing vector 3 again
</system-err></testcase><testcase classname="src.pymortests.algorithms.gram_schmidt" file="src/pymortests/algorithms/gram_schmidt.py" line="42" name="test_gram_schmidt_with_product[&lt;lambda&gt;27]" time="0.00534367561340332"></testcase><testcase classname="src.pymortests.algorithms.gram_schmidt" file="src/pymortests/algorithms/gram_schmidt.py" line="42" name="test_gram_schmidt_with_product[&lt;lambda&gt;28]" time="0.0063114166259765625"><system-err>18:56 gram_schmidt: Orthonormalizing vector 1 again
18:56 gram_schmidt: Orthonormalizing vector 2 again
18:56 gram_schmidt: Orthonormalizing vector 1 again
18:56 gram_schmidt: Orthonormalizing vector 2 again
</system-err></testcase><testcase classname="src.pymortests.algorithms.gram_schmidt" file="src/pymortests/algorithms/gram_schmidt.py" line="42" name="test_gram_schmidt_with_product[&lt;lambda&gt;29]" time="0.005755424499511719"><system-err>18:56 gram_schmidt: Orthonormalizing vector 1 again
18:56 gram_schmidt: Orthonormalizing vector 2 again
18:56 gram_schmidt: Orthonormalizing vector 1 again
18:56 gram_schmidt: Orthonormalizing vector 2 again
</system-err></testcase><testcase classname="src.pymortests.algorithms.gram_schmidt" file="src/pymortests/algorithms/gram_schmidt.py" line="42" name="test_gram_schmidt_with_product[&lt;lambda&gt;30]" time="0.005652189254760742"><system-err>18:56 gram_schmidt: Orthonormalizing vector 1 again
18:56 gram_schmidt: Orthonormalizing vector 2 again
18:56 gram_schmidt: Orthonormalizing vector 1 again
18:56 gram_schmidt: Orthonormalizing vector 2 again
</system-err></testcase><testcase classname="src.pymortests.algorithms.gram_schmidt" file="src/pymortests/algorithms/gram_schmidt.py" line="42" name="test_gram_schmidt_with_product[&lt;lambda&gt;31]" time="0.005739450454711914"><system-err>18:56 gram_schmidt: Orthonormalizing vector 1 again
18:56 gram_schmidt: Orthonormalizing vector 2 again
18:56 gram_schmidt: Orthonormalizing vector 1 again
18:56 gram_schmidt: Orthonormalizing vector 2 again
</system-err></testcase><testcase classname="src.pymortests.algorithms.gram_schmidt" file="src/pymortests/algorithms/gram_schmidt.py" line="42" name="test_gram_schmidt_with_product[&lt;lambda&gt;32]" time="0.01920485496520996"><system-err>18:56 gram_schmidt: Orthonormalizing vector 3 again
18:56 gram_schmidt: Orthonormalizing vector 3 again
</system-err></testcase><testcase classname="src.pymortests.algorithms.gram_schmidt" file="src/pymortests/algorithms/gram_schmidt.py" line="42" name="test_gram_schmidt_with_product[&lt;lambda&gt;33]" time="0.016295671463012695"><system-err>18:56 gram_schmidt: Orthonormalizing vector 3 again
18:56 gram_schmidt: Orthonormalizing vector 3 again
</system-err></testcase><testcase classname="src.pymortests.algorithms.gram_schmidt" file="src/pymortests/algorithms/gram_schmidt.py" line="42" name="test_gram_schmidt_with_product[&lt;lambda&gt;34]" time="0.010214090347290039"><system-err>18:56 gram_schmidt: Orthonormalizing vector 1 again
18:56 gram_schmidt: Orthonormalizing vector 2 again
18:56 gram_schmidt: Orthonormalizing vector 3 again
18:56 gram_schmidt: Orthonormalizing vector 1 again
18:56 gram_schmidt: Orthonormalizing vector 2 again
18:56 gram_schmidt: Orthonormalizing vector 3 again
</system-err></testcase><testcase classname="src.pymortests.algorithms.gram_schmidt" file="src/pymortests/algorithms/gram_schmidt.py" line="42" name="test_gram_schmidt_with_product[&lt;lambda&gt;35]" time="0.017361879348754883"><system-err>18:56 gram_schmidt: Orthonormalizing vector 2 again
18:56 gram_schmidt: Orthonormalizing vector 3 again
18:56 gram_schmidt: Orthonormalizing vector 2 again
18:56 gram_schmidt: Orthonormalizing vector 3 again
</system-err></testcase><testcase classname="src.pymortests.algorithms.gram_schmidt" file="src/pymortests/algorithms/gram_schmidt.py" line="42" name="test_gram_schmidt_with_product[&lt;lambda&gt;36]" time="0.009484052658081055"><system-err>18:56 gram_schmidt: Orthonormalizing vector 1 again
18:56 gram_schmidt: Orthonormalizing vector 2 again
18:56 gram_schmidt: Orthonormalizing vector 3 again
18:56 gram_schmidt: Orthonormalizing vector 1 again
18:56 gram_schmidt: Orthonormalizing vector 2 again
18:56 gram_schmidt: Orthonormalizing vector 3 again
</system-err></testcase><testcase classname="src.pymortests.algorithms.gram_schmidt" file="src/pymortests/algorithms/gram_schmidt.py" line="56" name="test_gram_schmidt_with_product_and_R[&lt;lambda&gt;0]" time="0.036031484603881836"><system-err>18:56 DiffusionOperatorP1: Calulate gradients of shape functions transformed by reference map ...
18:56 DiffusionOperatorP1: Calculate all local scalar products beween gradients ...
18:56 DiffusionOperatorP1: Determine global dofs ...
18:56 DiffusionOperatorP1: Boundary treatment ...
18:56 DiffusionOperatorP1: Assemble system matrix ...
18:56 DiffusionOperatorP1: Calulate gradients of shape functions transformed by reference map ...
18:56 DiffusionOperatorP1: Calculate all local scalar products beween gradients ...
18:56 DiffusionOperatorP1: Determine global dofs ...
18:56 DiffusionOperatorP1: Boundary treatment ...
18:56 DiffusionOperatorP1: Assemble system matrix ...
18:56 DiffusionOperatorP1: Calulate gradients of shape functions transformed by reference map ...
18:56 DiffusionOperatorP1: Calculate all local scalar products beween gradients ...
18:56 DiffusionOperatorP1: Determine global dofs ...
18:56 DiffusionOperatorP1: Boundary treatment ...
18:56 DiffusionOperatorP1: Assemble system matrix ...
18:56 DiffusionOperatorP1: Calulate gradients of shape functions transformed by reference map ...
18:56 DiffusionOperatorP1: Calculate all local scalar products beween gradients ...
18:56 DiffusionOperatorP1: Determine global dofs ...
18:56 DiffusionOperatorP1: Boundary treatment ...
18:56 DiffusionOperatorP1: Assemble system matrix ...
18:56 DiffusionOperatorP1: Calulate gradients of shape functions transformed by reference map ...
18:56 DiffusionOperatorP1: Calculate all local scalar products beween gradients ...
18:56 DiffusionOperatorP1: Determine global dofs ...
18:56 DiffusionOperatorP1: Boundary treatment ...
18:56 DiffusionOperatorP1: Assemble system matrix ...
18:56 L2ProductP1: Integrate the products of the shape functions on each element
18:56 L2ProductP1: Determine global dofs ...
18:56 L2ProductP1: Boundary treatment ...
18:56 L2ProductP1: Assemble system matrix ...
18:56 DiffusionOperatorP1: Calulate gradients of shape functions transformed by reference map ...
18:56 DiffusionOperatorP1: Calculate all local scalar products beween gradients ...
18:56 DiffusionOperatorP1: Determine global dofs ...
18:56 DiffusionOperatorP1: Boundary treatment ...
18:56 DiffusionOperatorP1: Assemble system matrix ...
18:56 L2ProductP1: Integrate the products of the shape functions on each element
18:56 L2ProductP1: Determine global dofs ...
18:56 L2ProductP1: Boundary treatment ...
18:56 L2ProductP1: Assemble system matrix ...
18:56 DiffusionOperatorP1: Calulate gradients of shape functions transformed by reference map ...
18:56 DiffusionOperatorP1: Calculate all local scalar products beween gradients ...
18:56 DiffusionOperatorP1: Determine global dofs ...
18:56 DiffusionOperatorP1: Boundary treatment ...
18:56 DiffusionOperatorP1: Assemble system matrix ...
18:56 gram_schmidt: Orthonormalizing vector 3 again
18:56 gram_schmidt: Orthonormalizing vector 4 again
18:56 gram_schmidt: Orthonormalizing vector 3 again
18:56 gram_schmidt: Orthonormalizing vector 4 again
</system-err></testcase><testcase classname="src.pymortests.algorithms.gram_schmidt" file="src/pymortests/algorithms/gram_schmidt.py" line="56" name="test_gram_schmidt_with_product_and_R[&lt;lambda&gt;1]" time="0.03299427032470703"><system-err>18:56 DiffusionOperatorP1: Calulate gradients of shape functions transformed by reference map ...
18:56 DiffusionOperatorP1: Calculate all local scalar products beween gradients ...
18:56 DiffusionOperatorP1: Determine global dofs ...
18:56 DiffusionOperatorP1: Boundary treatment ...
18:56 DiffusionOperatorP1: Assemble system matrix ...
18:56 DiffusionOperatorP1: Calulate gradients of shape functions transformed by reference map ...
18:56 DiffusionOperatorP1: Calculate all local scalar products beween gradients ...
18:56 DiffusionOperatorP1: Determine global dofs ...
18:56 DiffusionOperatorP1: Boundary treatment ...
18:56 DiffusionOperatorP1: Assemble system matrix ...
18:56 L2ProductP1: Integrate the products of the shape functions on each element
18:56 L2ProductP1: Determine global dofs ...
18:56 L2ProductP1: Boundary treatment ...
18:56 L2ProductP1: Assemble system matrix ...
18:56 DiffusionOperatorP1: Calulate gradients of shape functions transformed by reference map ...
18:56 DiffusionOperatorP1: Calculate all local scalar products beween gradients ...
18:56 DiffusionOperatorP1: Determine global dofs ...
18:56 DiffusionOperatorP1: Boundary treatment ...
18:56 DiffusionOperatorP1: Assemble system matrix ...
18:56 L2ProductP1: Integrate the products of the shape functions on each element
18:56 L2ProductP1: Determine global dofs ...
18:56 L2ProductP1: Boundary treatment ...
18:56 L2ProductP1: Assemble system matrix ...
18:56 DiffusionOperatorP1: Calulate gradients of shape functions transformed by reference map ...
18:56 DiffusionOperatorP1: Calculate all local scalar products beween gradients ...
18:56 DiffusionOperatorP1: Determine global dofs ...
18:56 DiffusionOperatorP1: Boundary treatment ...
18:56 DiffusionOperatorP1: Assemble system matrix ...
18:56 gram_schmidt: Orthonormalizing vector 1 again
18:56 gram_schmidt: Orthonormalizing vector 2 again
18:56 gram_schmidt: Orthonormalizing vector 3 again
18:56 gram_schmidt: Orthonormalizing vector 4 again
18:56 gram_schmidt: Orthonormalizing vector 1 again
18:56 gram_schmidt: Orthonormalizing vector 2 again
18:56 gram_schmidt: Orthonormalizing vector 3 again
18:56 gram_schmidt: Orthonormalizing vector 4 again
</system-err></testcase><testcase classname="src.pymortests.algorithms.gram_schmidt" file="src/pymortests/algorithms/gram_schmidt.py" line="56" name="test_gram_schmidt_with_product_and_R[&lt;lambda&gt;2]" time="0.03697800636291504"><system-err>18:56 DiffusionOperatorP1: Calulate gradients of shape functions transformed by reference map ...
18:56 DiffusionOperatorP1: Calculate all local scalar products beween gradients ...
18:56 DiffusionOperatorP1: Determine global dofs ...
18:56 DiffusionOperatorP1: Boundary treatment ...
18:56 DiffusionOperatorP1: Assemble system matrix ...
18:56 DiffusionOperatorP1: Calulate gradients of shape functions transformed by reference map ...
18:56 DiffusionOperatorP1: Calculate all local scalar products beween gradients ...
18:56 DiffusionOperatorP1: Determine global dofs ...
18:56 DiffusionOperatorP1: Boundary treatment ...
18:56 DiffusionOperatorP1: Assemble system matrix ...
18:56 DiffusionOperatorP1: Calulate gradients of shape functions transformed by reference map ...
18:56 DiffusionOperatorP1: Calculate all local scalar products beween gradients ...
18:56 DiffusionOperatorP1: Determine global dofs ...
18:56 DiffusionOperatorP1: Boundary treatment ...
18:56 DiffusionOperatorP1: Assemble system matrix ...
18:56 DiffusionOperatorP1: Calulate gradients of shape functions transformed by reference map ...
18:56 DiffusionOperatorP1: Calculate all local scalar products beween gradients ...
18:56 DiffusionOperatorP1: Determine global dofs ...
18:56 DiffusionOperatorP1: Boundary treatment ...
18:56 DiffusionOperatorP1: Assemble system matrix ...
18:56 DiffusionOperatorP1: Calulate gradients of shape functions transformed by reference map ...
18:56 DiffusionOperatorP1: Calculate all local scalar products beween gradients ...
18:56 DiffusionOperatorP1: Determine global dofs ...
18:56 DiffusionOperatorP1: Boundary treatment ...
18:56 DiffusionOperatorP1: Assemble system matrix ...
18:56 L2ProductP1: Integrate the products of the shape functions on each element
18:56 L2ProductP1: Determine global dofs ...
18:56 L2ProductP1: Boundary treatment ...
18:56 L2ProductP1: Assemble system matrix ...
18:56 DiffusionOperatorP1: Calulate gradients of shape functions transformed by reference map ...
18:56 DiffusionOperatorP1: Calculate all local scalar products beween gradients ...
18:56 DiffusionOperatorP1: Determine global dofs ...
18:56 DiffusionOperatorP1: Boundary treatment ...
18:56 DiffusionOperatorP1: Assemble system matrix ...
18:56 L2ProductP1: Integrate the products of the shape functions on each element
18:56 L2ProductP1: Determine global dofs ...
18:56 L2ProductP1: Boundary treatment ...
18:56 L2ProductP1: Assemble system matrix ...
18:56 DiffusionOperatorP1: Calulate gradients of shape functions transformed by reference map ...
18:56 DiffusionOperatorP1: Calculate all local scalar products beween gradients ...
18:56 DiffusionOperatorP1: Determine global dofs ...
18:56 DiffusionOperatorP1: Boundary treatment ...
18:56 DiffusionOperatorP1: Assemble system matrix ...
18:56 gram_schmidt: Orthonormalizing vector 3 again
18:56 gram_schmidt: Orthonormalizing vector 4 again
18:56 gram_schmidt: Orthonormalizing vector 3 again
18:56 gram_schmidt: Orthonormalizing vector 4 again
</system-err></testcase><testcase classname="src.pymortests.algorithms.gram_schmidt" file="src/pymortests/algorithms/gram_schmidt.py" line="56" name="test_gram_schmidt_with_product_and_R[&lt;lambda&gt;3]" time="0.035425424575805664"><system-err>18:56 DiffusionOperatorP1: Calulate gradients of shape functions transformed by reference map ...
18:56 DiffusionOperatorP1: Calculate all local scalar products beween gradients ...
18:56 DiffusionOperatorP1: Determine global dofs ...
18:56 DiffusionOperatorP1: Boundary treatment ...
18:56 DiffusionOperatorP1: Assemble system matrix ...
18:56 DiffusionOperatorP1: Calulate gradients of shape functions transformed by reference map ...
18:56 DiffusionOperatorP1: Calculate all local scalar products beween gradients ...
18:56 DiffusionOperatorP1: Determine global dofs ...
18:56 DiffusionOperatorP1: Boundary treatment ...
18:56 DiffusionOperatorP1: Assemble system matrix ...
18:56 L2ProductP1: Integrate the products of the shape functions on each element
18:56 L2ProductP1: Determine global dofs ...
18:56 L2ProductP1: Boundary treatment ...
18:56 L2ProductP1: Assemble system matrix ...
18:56 DiffusionOperatorP1: Calulate gradients of shape functions transformed by reference map ...
18:56 DiffusionOperatorP1: Calculate all local scalar products beween gradients ...
18:56 DiffusionOperatorP1: Determine global dofs ...
18:56 DiffusionOperatorP1: Boundary treatment ...
18:56 DiffusionOperatorP1: Assemble system matrix ...
18:56 L2ProductP1: Integrate the products of the shape functions on each element
18:56 L2ProductP1: Determine global dofs ...
18:56 L2ProductP1: Boundary treatment ...
18:56 L2ProductP1: Assemble system matrix ...
18:56 DiffusionOperatorP1: Calulate gradients of shape functions transformed by reference map ...
18:56 DiffusionOperatorP1: Calculate all local scalar products beween gradients ...
18:56 DiffusionOperatorP1: Determine global dofs ...
18:56 DiffusionOperatorP1: Boundary treatment ...
18:56 DiffusionOperatorP1: Assemble system matrix ...
18:56 gram_schmidt: Orthonormalizing vector 1 again
18:56 gram_schmidt: Orthonormalizing vector 2 again
18:56 gram_schmidt: Orthonormalizing vector 3 again
18:56 gram_schmidt: Orthonormalizing vector 4 again
18:56 gram_schmidt: Orthonormalizing vector 1 again
18:56 gram_schmidt: Orthonormalizing vector 2 again
18:56 gram_schmidt: Orthonormalizing vector 3 again
18:56 gram_schmidt: Orthonormalizing vector 4 again
</system-err></testcase><testcase classname="src.pymortests.algorithms.gram_schmidt" file="src/pymortests/algorithms/gram_schmidt.py" line="56" name="test_gram_schmidt_with_product_and_R[&lt;lambda&gt;4]" time="0.03588104248046875"><system-err>18:56 DiffusionOperatorP1: Calulate gradients of shape functions transformed by reference map ...
18:56 DiffusionOperatorP1: Calculate all local scalar products beween gradients ...
18:56 DiffusionOperatorP1: Determine global dofs ...
18:56 DiffusionOperatorP1: Boundary treatment ...
18:56 DiffusionOperatorP1: Assemble system matrix ...
18:56 DiffusionOperatorP1: Calulate gradients of shape functions transformed by reference map ...
18:56 DiffusionOperatorP1: Calculate all local scalar products beween gradients ...
18:56 DiffusionOperatorP1: Determine global dofs ...
18:56 DiffusionOperatorP1: Boundary treatment ...
18:56 DiffusionOperatorP1: Assemble system matrix ...
18:56 DiffusionOperatorP1: Calulate gradients of shape functions transformed by reference map ...
18:56 DiffusionOperatorP1: Calculate all local scalar products beween gradients ...
18:56 DiffusionOperatorP1: Determine global dofs ...
18:56 DiffusionOperatorP1: Boundary treatment ...
18:56 DiffusionOperatorP1: Assemble system matrix ...
18:56 DiffusionOperatorP1: Calulate gradients of shape functions transformed by reference map ...
18:56 DiffusionOperatorP1: Calculate all local scalar products beween gradients ...
18:56 DiffusionOperatorP1: Determine global dofs ...
18:56 DiffusionOperatorP1: Boundary treatment ...
18:56 DiffusionOperatorP1: Assemble system matrix ...
18:56 DiffusionOperatorP1: Calulate gradients of shape functions transformed by reference map ...
18:56 DiffusionOperatorP1: Calculate all local scalar products beween gradients ...
18:56 DiffusionOperatorP1: Determine global dofs ...
18:56 DiffusionOperatorP1: Boundary treatment ...
18:56 DiffusionOperatorP1: Assemble system matrix ...
18:56 L2ProductP1: Integrate the products of the shape functions on each element
18:56 L2ProductP1: Determine global dofs ...
18:56 L2ProductP1: Boundary treatment ...
18:56 L2ProductP1: Assemble system matrix ...
18:56 DiffusionOperatorP1: Calulate gradients of shape functions transformed by reference map ...
18:56 DiffusionOperatorP1: Calculate all local scalar products beween gradients ...
18:56 DiffusionOperatorP1: Determine global dofs ...
18:56 DiffusionOperatorP1: Boundary treatment ...
18:56 DiffusionOperatorP1: Assemble system matrix ...
18:56 L2ProductP1: Integrate the products of the shape functions on each element
18:56 L2ProductP1: Determine global dofs ...
18:56 L2ProductP1: Boundary treatment ...
18:56 L2ProductP1: Assemble system matrix ...
18:56 DiffusionOperatorP1: Calulate gradients of shape functions transformed by reference map ...
18:56 DiffusionOperatorP1: Calculate all local scalar products beween gradients ...
18:56 DiffusionOperatorP1: Determine global dofs ...
18:56 DiffusionOperatorP1: Boundary treatment ...
18:56 DiffusionOperatorP1: Assemble system matrix ...
18:56 gram_schmidt: Orthonormalizing vector 3 again
18:56 gram_schmidt: Orthonormalizing vector 4 again
18:56 gram_schmidt: Orthonormalizing vector 3 again
18:56 gram_schmidt: Orthonormalizing vector 4 again
</system-err></testcase><testcase classname="src.pymortests.algorithms.gram_schmidt" file="src/pymortests/algorithms/gram_schmidt.py" line="56" name="test_gram_schmidt_with_product_and_R[&lt;lambda&gt;5]" time="0.03301239013671875"><system-err>18:56 DiffusionOperatorP1: Calulate gradients of shape functions transformed by reference map ...
18:56 DiffusionOperatorP1: Calculate all local scalar products beween gradients ...
18:56 DiffusionOperatorP1: Determine global dofs ...
18:56 DiffusionOperatorP1: Boundary treatment ...
18:56 DiffusionOperatorP1: Assemble system matrix ...
18:56 DiffusionOperatorP1: Calulate gradients of shape functions transformed by reference map ...
18:56 DiffusionOperatorP1: Calculate all local scalar products beween gradients ...
18:56 DiffusionOperatorP1: Determine global dofs ...
18:56 DiffusionOperatorP1: Boundary treatment ...
18:56 DiffusionOperatorP1: Assemble system matrix ...
18:56 L2ProductP1: Integrate the products of the shape functions on each element
18:56 L2ProductP1: Determine global dofs ...
18:56 L2ProductP1: Boundary treatment ...
18:56 L2ProductP1: Assemble system matrix ...
18:56 DiffusionOperatorP1: Calulate gradients of shape functions transformed by reference map ...
18:56 DiffusionOperatorP1: Calculate all local scalar products beween gradients ...
18:56 DiffusionOperatorP1: Determine global dofs ...
18:56 DiffusionOperatorP1: Boundary treatment ...
18:56 DiffusionOperatorP1: Assemble system matrix ...
18:56 L2ProductP1: Integrate the products of the shape functions on each element
18:56 L2ProductP1: Determine global dofs ...
18:56 L2ProductP1: Boundary treatment ...
18:56 L2ProductP1: Assemble system matrix ...
18:56 DiffusionOperatorP1: Calulate gradients of shape functions transformed by reference map ...
18:56 DiffusionOperatorP1: Calculate all local scalar products beween gradients ...
18:56 DiffusionOperatorP1: Determine global dofs ...
18:56 DiffusionOperatorP1: Boundary treatment ...
18:56 DiffusionOperatorP1: Assemble system matrix ...
18:56 gram_schmidt: Orthonormalizing vector 1 again
18:56 gram_schmidt: Orthonormalizing vector 2 again
18:56 gram_schmidt: Orthonormalizing vector 3 again
18:56 gram_schmidt: Orthonormalizing vector 4 again
18:56 gram_schmidt: Orthonormalizing vector 1 again
18:56 gram_schmidt: Orthonormalizing vector 2 again
18:56 gram_schmidt: Orthonormalizing vector 3 again
18:56 gram_schmidt: Orthonormalizing vector 4 again
</system-err></testcase><testcase classname="src.pymortests.algorithms.gram_schmidt" file="src/pymortests/algorithms/gram_schmidt.py" line="56" name="test_gram_schmidt_with_product_and_R[&lt;lambda&gt;6]" time="0.036168575286865234"><system-err>18:56 DiffusionOperatorP1: Calulate gradients of shape functions transformed by reference map ...
18:56 DiffusionOperatorP1: Calculate all local scalar products beween gradients ...
18:56 DiffusionOperatorP1: Determine global dofs ...
18:56 DiffusionOperatorP1: Boundary treatment ...
18:56 DiffusionOperatorP1: Assemble system matrix ...
18:56 DiffusionOperatorP1: Calulate gradients of shape functions transformed by reference map ...
18:56 DiffusionOperatorP1: Calculate all local scalar products beween gradients ...
18:56 DiffusionOperatorP1: Determine global dofs ...
18:56 DiffusionOperatorP1: Boundary treatment ...
18:56 DiffusionOperatorP1: Assemble system matrix ...
18:56 DiffusionOperatorP1: Calulate gradients of shape functions transformed by reference map ...
18:56 DiffusionOperatorP1: Calculate all local scalar products beween gradients ...
18:56 DiffusionOperatorP1: Determine global dofs ...
18:56 DiffusionOperatorP1: Boundary treatment ...
18:56 DiffusionOperatorP1: Assemble system matrix ...
18:56 DiffusionOperatorP1: Calulate gradients of shape functions transformed by reference map ...
18:56 DiffusionOperatorP1: Calculate all local scalar products beween gradients ...
18:56 DiffusionOperatorP1: Determine global dofs ...
18:56 DiffusionOperatorP1: Boundary treatment ...
18:56 DiffusionOperatorP1: Assemble system matrix ...
18:56 DiffusionOperatorP1: Calulate gradients of shape functions transformed by reference map ...
18:56 DiffusionOperatorP1: Calculate all local scalar products beween gradients ...
18:56 DiffusionOperatorP1: Determine global dofs ...
18:56 DiffusionOperatorP1: Boundary treatment ...
18:56 DiffusionOperatorP1: Assemble system matrix ...
18:56 L2ProductP1: Integrate the products of the shape functions on each element
18:56 L2ProductP1: Determine global dofs ...
18:56 L2ProductP1: Boundary treatment ...
18:56 L2ProductP1: Assemble system matrix ...
18:56 DiffusionOperatorP1: Calulate gradients of shape functions transformed by reference map ...
18:56 DiffusionOperatorP1: Calculate all local scalar products beween gradients ...
18:56 DiffusionOperatorP1: Determine global dofs ...
18:56 DiffusionOperatorP1: Boundary treatment ...
18:56 DiffusionOperatorP1: Assemble system matrix ...
18:56 L2ProductP1: Integrate the products of the shape functions on each element
18:56 L2ProductP1: Determine global dofs ...
18:56 L2ProductP1: Boundary treatment ...
18:56 L2ProductP1: Assemble system matrix ...
18:56 DiffusionOperatorP1: Calulate gradients of shape functions transformed by reference map ...
18:56 DiffusionOperatorP1: Calculate all local scalar products beween gradients ...
18:56 DiffusionOperatorP1: Determine global dofs ...
18:56 DiffusionOperatorP1: Boundary treatment ...
18:56 DiffusionOperatorP1: Assemble system matrix ...
18:56 gram_schmidt: Orthonormalizing vector 3 again
18:56 gram_schmidt: Orthonormalizing vector 4 again
18:56 gram_schmidt: Orthonormalizing vector 3 again
18:56 gram_schmidt: Orthonormalizing vector 4 again
</system-err></testcase><testcase classname="src.pymortests.algorithms.gram_schmidt" file="src/pymortests/algorithms/gram_schmidt.py" line="56" name="test_gram_schmidt_with_product_and_R[&lt;lambda&gt;7]" time="0.03480410575866699"><system-err>18:56 DiffusionOperatorP1: Calulate gradients of shape functions transformed by reference map ...
18:56 DiffusionOperatorP1: Calculate all local scalar products beween gradients ...
18:56 DiffusionOperatorP1: Determine global dofs ...
18:56 DiffusionOperatorP1: Boundary treatment ...
18:56 DiffusionOperatorP1: Assemble system matrix ...
18:56 DiffusionOperatorP1: Calulate gradients of shape functions transformed by reference map ...
18:56 DiffusionOperatorP1: Calculate all local scalar products beween gradients ...
18:56 DiffusionOperatorP1: Determine global dofs ...
18:56 DiffusionOperatorP1: Boundary treatment ...
18:56 DiffusionOperatorP1: Assemble system matrix ...
18:56 L2ProductP1: Integrate the products of the shape functions on each element
18:56 L2ProductP1: Determine global dofs ...
18:56 L2ProductP1: Boundary treatment ...
18:56 L2ProductP1: Assemble system matrix ...
18:56 DiffusionOperatorP1: Calulate gradients of shape functions transformed by reference map ...
18:56 DiffusionOperatorP1: Calculate all local scalar products beween gradients ...
18:56 DiffusionOperatorP1: Determine global dofs ...
18:56 DiffusionOperatorP1: Boundary treatment ...
18:56 DiffusionOperatorP1: Assemble system matrix ...
18:56 L2ProductP1: Integrate the products of the shape functions on each element
18:56 L2ProductP1: Determine global dofs ...
18:56 L2ProductP1: Boundary treatment ...
18:56 L2ProductP1: Assemble system matrix ...
18:56 DiffusionOperatorP1: Calulate gradients of shape functions transformed by reference map ...
18:56 DiffusionOperatorP1: Calculate all local scalar products beween gradients ...
18:56 DiffusionOperatorP1: Determine global dofs ...
18:56 DiffusionOperatorP1: Boundary treatment ...
18:56 DiffusionOperatorP1: Assemble system matrix ...
18:57 gram_schmidt: Orthonormalizing vector 1 again
18:57 gram_schmidt: Orthonormalizing vector 2 again
18:57 gram_schmidt: Orthonormalizing vector 3 again
18:57 gram_schmidt: Orthonormalizing vector 4 again
18:57 gram_schmidt: Orthonormalizing vector 1 again
18:57 gram_schmidt: Orthonormalizing vector 2 again
18:57 gram_schmidt: Orthonormalizing vector 3 again
18:57 gram_schmidt: Orthonormalizing vector 4 again
</system-err></testcase><testcase classname="src.pymortests.algorithms.gram_schmidt" file="src/pymortests/algorithms/gram_schmidt.py" line="56" name="test_gram_schmidt_with_product_and_R[&lt;lambda&gt;8]" time="0.036695241928100586"><system-err>18:57 DiffusionOperatorP1: Calulate gradients of shape functions transformed by reference map ...
18:57 DiffusionOperatorP1: Calculate all local scalar products beween gradients ...
18:57 DiffusionOperatorP1: Determine global dofs ...
18:57 DiffusionOperatorP1: Boundary treatment ...
18:57 DiffusionOperatorP1: Assemble system matrix ...
18:57 DiffusionOperatorP1: Calulate gradients of shape functions transformed by reference map ...
18:57 DiffusionOperatorP1: Calculate all local scalar products beween gradients ...
18:57 DiffusionOperatorP1: Determine global dofs ...
18:57 DiffusionOperatorP1: Boundary treatment ...
18:57 DiffusionOperatorP1: Assemble system matrix ...
18:57 DiffusionOperatorP1: Calulate gradients of shape functions transformed by reference map ...
18:57 DiffusionOperatorP1: Calculate all local scalar products beween gradients ...
18:57 DiffusionOperatorP1: Determine global dofs ...
18:57 DiffusionOperatorP1: Boundary treatment ...
18:57 DiffusionOperatorP1: Assemble system matrix ...
18:57 DiffusionOperatorP1: Calulate gradients of shape functions transformed by reference map ...
18:57 DiffusionOperatorP1: Calculate all local scalar products beween gradients ...
18:57 DiffusionOperatorP1: Determine global dofs ...
18:57 DiffusionOperatorP1: Boundary treatment ...
18:57 DiffusionOperatorP1: Assemble system matrix ...
18:57 DiffusionOperatorP1: Calulate gradients of shape functions transformed by reference map ...
18:57 DiffusionOperatorP1: Calculate all local scalar products beween gradients ...
18:57 DiffusionOperatorP1: Determine global dofs ...
18:57 DiffusionOperatorP1: Boundary treatment ...
18:57 DiffusionOperatorP1: Assemble system matrix ...
18:57 L2ProductP1: Integrate the products of the shape functions on each element
18:57 L2ProductP1: Determine global dofs ...
18:57 L2ProductP1: Boundary treatment ...
18:57 L2ProductP1: Assemble system matrix ...
18:57 DiffusionOperatorP1: Calulate gradients of shape functions transformed by reference map ...
18:57 DiffusionOperatorP1: Calculate all local scalar products beween gradients ...
18:57 DiffusionOperatorP1: Determine global dofs ...
18:57 DiffusionOperatorP1: Boundary treatment ...
18:57 DiffusionOperatorP1: Assemble system matrix ...
18:57 L2ProductP1: Integrate the products of the shape functions on each element
18:57 L2ProductP1: Determine global dofs ...
18:57 L2ProductP1: Boundary treatment ...
18:57 L2ProductP1: Assemble system matrix ...
18:57 DiffusionOperatorP1: Calulate gradients of shape functions transformed by reference map ...
18:57 DiffusionOperatorP1: Calculate all local scalar products beween gradients ...
18:57 DiffusionOperatorP1: Determine global dofs ...
18:57 DiffusionOperatorP1: Boundary treatment ...
18:57 DiffusionOperatorP1: Assemble system matrix ...
18:57 gram_schmidt: Orthonormalizing vector 3 again
18:57 gram_schmidt: Orthonormalizing vector 4 again
18:57 gram_schmidt: Orthonormalizing vector 3 again
18:57 gram_schmidt: Orthonormalizing vector 4 again
</system-err></testcase><testcase classname="src.pymortests.algorithms.gram_schmidt" file="src/pymortests/algorithms/gram_schmidt.py" line="56" name="test_gram_schmidt_with_product_and_R[&lt;lambda&gt;9]" time="0.03340506553649902"><system-err>18:57 DiffusionOperatorP1: Calulate gradients of shape functions transformed by reference map ...
18:57 DiffusionOperatorP1: Calculate all local scalar products beween gradients ...
18:57 DiffusionOperatorP1: Determine global dofs ...
18:57 DiffusionOperatorP1: Boundary treatment ...
18:57 DiffusionOperatorP1: Assemble system matrix ...
18:57 DiffusionOperatorP1: Calulate gradients of shape functions transformed by reference map ...
18:57 DiffusionOperatorP1: Calculate all local scalar products beween gradients ...
18:57 DiffusionOperatorP1: Determine global dofs ...
18:57 DiffusionOperatorP1: Boundary treatment ...
18:57 DiffusionOperatorP1: Assemble system matrix ...
18:57 L2ProductP1: Integrate the products of the shape functions on each element
18:57 L2ProductP1: Determine global dofs ...
18:57 L2ProductP1: Boundary treatment ...
18:57 L2ProductP1: Assemble system matrix ...
18:57 DiffusionOperatorP1: Calulate gradients of shape functions transformed by reference map ...
18:57 DiffusionOperatorP1: Calculate all local scalar products beween gradients ...
18:57 DiffusionOperatorP1: Determine global dofs ...
18:57 DiffusionOperatorP1: Boundary treatment ...
18:57 DiffusionOperatorP1: Assemble system matrix ...
18:57 L2ProductP1: Integrate the products of the shape functions on each element
18:57 L2ProductP1: Determine global dofs ...
18:57 L2ProductP1: Boundary treatment ...
18:57 L2ProductP1: Assemble system matrix ...
18:57 DiffusionOperatorP1: Calulate gradients of shape functions transformed by reference map ...
18:57 DiffusionOperatorP1: Calculate all local scalar products beween gradients ...
18:57 DiffusionOperatorP1: Determine global dofs ...
18:57 DiffusionOperatorP1: Boundary treatment ...
18:57 DiffusionOperatorP1: Assemble system matrix ...
18:57 gram_schmidt: Orthonormalizing vector 1 again
18:57 gram_schmidt: Orthonormalizing vector 2 again
18:57 gram_schmidt: Orthonormalizing vector 3 again
18:57 gram_schmidt: Orthonormalizing vector 4 again
18:57 gram_schmidt: Orthonormalizing vector 1 again
18:57 gram_schmidt: Orthonormalizing vector 2 again
18:57 gram_schmidt: Orthonormalizing vector 3 again
18:57 gram_schmidt: Orthonormalizing vector 4 again
</system-err></testcase><testcase classname="src.pymortests.algorithms.gram_schmidt" file="src/pymortests/algorithms/gram_schmidt.py" line="56" name="test_gram_schmidt_with_product_and_R[&lt;lambda&gt;10]" time="0.03934144973754883"><system-err>18:57 DiffusionOperatorP1: Calulate gradients of shape functions transformed by reference map ...
18:57 DiffusionOperatorP1: Calculate all local scalar products beween gradients ...
18:57 DiffusionOperatorP1: Determine global dofs ...
18:57 DiffusionOperatorP1: Boundary treatment ...
18:57 DiffusionOperatorP1: Assemble system matrix ...
18:57 DiffusionOperatorP1: Calulate gradients of shape functions transformed by reference map ...
18:57 DiffusionOperatorP1: Calculate all local scalar products beween gradients ...
18:57 DiffusionOperatorP1: Determine global dofs ...
18:57 DiffusionOperatorP1: Boundary treatment ...
18:57 DiffusionOperatorP1: Assemble system matrix ...
18:57 DiffusionOperatorP1: Calulate gradients of shape functions transformed by reference map ...
18:57 DiffusionOperatorP1: Calculate all local scalar products beween gradients ...
18:57 DiffusionOperatorP1: Determine global dofs ...
18:57 DiffusionOperatorP1: Boundary treatment ...
18:57 DiffusionOperatorP1: Assemble system matrix ...
18:57 DiffusionOperatorP1: Calulate gradients of shape functions transformed by reference map ...
18:57 DiffusionOperatorP1: Calculate all local scalar products beween gradients ...
18:57 DiffusionOperatorP1: Determine global dofs ...
18:57 DiffusionOperatorP1: Boundary treatment ...
18:57 DiffusionOperatorP1: Assemble system matrix ...
18:57 DiffusionOperatorP1: Calulate gradients of shape functions transformed by reference map ...
18:57 DiffusionOperatorP1: Calculate all local scalar products beween gradients ...
18:57 DiffusionOperatorP1: Determine global dofs ...
18:57 DiffusionOperatorP1: Boundary treatment ...
18:57 DiffusionOperatorP1: Assemble system matrix ...
18:57 L2ProductP1: Integrate the products of the shape functions on each element
18:57 L2ProductP1: Determine global dofs ...
18:57 L2ProductP1: Boundary treatment ...
18:57 L2ProductP1: Assemble system matrix ...
18:57 DiffusionOperatorP1: Calulate gradients of shape functions transformed by reference map ...
18:57 DiffusionOperatorP1: Calculate all local scalar products beween gradients ...
18:57 DiffusionOperatorP1: Determine global dofs ...
18:57 DiffusionOperatorP1: Boundary treatment ...
18:57 DiffusionOperatorP1: Assemble system matrix ...
18:57 L2ProductP1: Integrate the products of the shape functions on each element
18:57 L2ProductP1: Determine global dofs ...
18:57 L2ProductP1: Boundary treatment ...
18:57 L2ProductP1: Assemble system matrix ...
18:57 DiffusionOperatorP1: Calulate gradients of shape functions transformed by reference map ...
18:57 DiffusionOperatorP1: Calculate all local scalar products beween gradients ...
18:57 DiffusionOperatorP1: Determine global dofs ...
18:57 DiffusionOperatorP1: Boundary treatment ...
18:57 DiffusionOperatorP1: Assemble system matrix ...
18:57 gram_schmidt: Orthonormalizing vector 3 again
18:57 gram_schmidt: Orthonormalizing vector 4 again
18:57 gram_schmidt: Orthonormalizing vector 3 again
18:57 gram_schmidt: Orthonormalizing vector 4 again
</system-err></testcase><testcase classname="src.pymortests.algorithms.gram_schmidt" file="src/pymortests/algorithms/gram_schmidt.py" line="56" name="test_gram_schmidt_with_product_and_R[&lt;lambda&gt;11]" time="0.037339210510253906"><system-err>18:57 DiffusionOperatorP1: Calulate gradients of shape functions transformed by reference map ...
18:57 DiffusionOperatorP1: Calculate all local scalar products beween gradients ...
18:57 DiffusionOperatorP1: Determine global dofs ...
18:57 DiffusionOperatorP1: Boundary treatment ...
18:57 DiffusionOperatorP1: Assemble system matrix ...
18:57 DiffusionOperatorP1: Calulate gradients of shape functions transformed by reference map ...
18:57 DiffusionOperatorP1: Calculate all local scalar products beween gradients ...
18:57 DiffusionOperatorP1: Determine global dofs ...
18:57 DiffusionOperatorP1: Boundary treatment ...
18:57 DiffusionOperatorP1: Assemble system matrix ...
18:57 L2ProductP1: Integrate the products of the shape functions on each element
18:57 L2ProductP1: Determine global dofs ...
18:57 L2ProductP1: Boundary treatment ...
18:57 L2ProductP1: Assemble system matrix ...
18:57 DiffusionOperatorP1: Calulate gradients of shape functions transformed by reference map ...
18:57 DiffusionOperatorP1: Calculate all local scalar products beween gradients ...
18:57 DiffusionOperatorP1: Determine global dofs ...
18:57 DiffusionOperatorP1: Boundary treatment ...
18:57 DiffusionOperatorP1: Assemble system matrix ...
18:57 L2ProductP1: Integrate the products of the shape functions on each element
18:57 L2ProductP1: Determine global dofs ...
18:57 L2ProductP1: Boundary treatment ...
18:57 L2ProductP1: Assemble system matrix ...
18:57 DiffusionOperatorP1: Calulate gradients of shape functions transformed by reference map ...
18:57 DiffusionOperatorP1: Calculate all local scalar products beween gradients ...
18:57 DiffusionOperatorP1: Determine global dofs ...
18:57 DiffusionOperatorP1: Boundary treatment ...
18:57 DiffusionOperatorP1: Assemble system matrix ...
18:57 gram_schmidt: Orthonormalizing vector 1 again
18:57 gram_schmidt: Orthonormalizing vector 2 again
18:57 gram_schmidt: Orthonormalizing vector 3 again
18:57 gram_schmidt: Orthonormalizing vector 4 again
18:57 gram_schmidt: Orthonormalizing vector 1 again
18:57 gram_schmidt: Orthonormalizing vector 2 again
18:57 gram_schmidt: Orthonormalizing vector 3 again
18:57 gram_schmidt: Orthonormalizing vector 4 again
</system-err></testcase><testcase classname="src.pymortests.algorithms.gram_schmidt" file="src/pymortests/algorithms/gram_schmidt.py" line="56" name="test_gram_schmidt_with_product_and_R[&lt;lambda&gt;12]" time="0.0418705940246582"><system-err>18:57 DiffusionOperatorP1: Calulate gradients of shape functions transformed by reference map ...
18:57 DiffusionOperatorP1: Calculate all local scalar products beween gradients ...
18:57 DiffusionOperatorP1: Determine global dofs ...
18:57 DiffusionOperatorP1: Boundary treatment ...
18:57 DiffusionOperatorP1: Assemble system matrix ...
18:57 DiffusionOperatorP1: Calulate gradients of shape functions transformed by reference map ...
18:57 DiffusionOperatorP1: Calculate all local scalar products beween gradients ...
18:57 DiffusionOperatorP1: Determine global dofs ...
18:57 DiffusionOperatorP1: Boundary treatment ...
18:57 DiffusionOperatorP1: Assemble system matrix ...
18:57 DiffusionOperatorP1: Calulate gradients of shape functions transformed by reference map ...
18:57 DiffusionOperatorP1: Calculate all local scalar products beween gradients ...
18:57 DiffusionOperatorP1: Determine global dofs ...
18:57 DiffusionOperatorP1: Boundary treatment ...
18:57 DiffusionOperatorP1: Assemble system matrix ...
18:57 DiffusionOperatorP1: Calulate gradients of shape functions transformed by reference map ...
18:57 DiffusionOperatorP1: Calculate all local scalar products beween gradients ...
18:57 DiffusionOperatorP1: Determine global dofs ...
18:57 DiffusionOperatorP1: Boundary treatment ...
18:57 DiffusionOperatorP1: Assemble system matrix ...
18:57 DiffusionOperatorP1: Calulate gradients of shape functions transformed by reference map ...
18:57 DiffusionOperatorP1: Calculate all local scalar products beween gradients ...
18:57 DiffusionOperatorP1: Determine global dofs ...
18:57 DiffusionOperatorP1: Boundary treatment ...
18:57 DiffusionOperatorP1: Assemble system matrix ...
18:57 L2ProductP1: Integrate the products of the shape functions on each element
18:57 L2ProductP1: Determine global dofs ...
18:57 L2ProductP1: Boundary treatment ...
18:57 L2ProductP1: Assemble system matrix ...
18:57 DiffusionOperatorP1: Calulate gradients of shape functions transformed by reference map ...
18:57 DiffusionOperatorP1: Calculate all local scalar products beween gradients ...
18:57 DiffusionOperatorP1: Determine global dofs ...
18:57 DiffusionOperatorP1: Boundary treatment ...
18:57 DiffusionOperatorP1: Assemble system matrix ...
18:57 L2ProductP1: Integrate the products of the shape functions on each element
18:57 L2ProductP1: Determine global dofs ...
18:57 L2ProductP1: Boundary treatment ...
18:57 L2ProductP1: Assemble system matrix ...
18:57 DiffusionOperatorP1: Calulate gradients of shape functions transformed by reference map ...
18:57 DiffusionOperatorP1: Calculate all local scalar products beween gradients ...
18:57 DiffusionOperatorP1: Determine global dofs ...
18:57 DiffusionOperatorP1: Boundary treatment ...
18:57 DiffusionOperatorP1: Assemble system matrix ...
18:57 gram_schmidt: Removing linearly dependent vector 5
18:57 gram_schmidt: Removing linearly dependent vector 6
18:57 gram_schmidt: Removing linearly dependent vector 5
18:57 gram_schmidt: Removing linearly dependent vector 6
</system-err></testcase><testcase classname="src.pymortests.algorithms.gram_schmidt" file="src/pymortests/algorithms/gram_schmidt.py" line="56" name="test_gram_schmidt_with_product_and_R[&lt;lambda&gt;13]" time="0.03492856025695801"><system-err>18:57 DiffusionOperatorP1: Calulate gradients of shape functions transformed by reference map ...
18:57 DiffusionOperatorP1: Calculate all local scalar products beween gradients ...
18:57 DiffusionOperatorP1: Determine global dofs ...
18:57 DiffusionOperatorP1: Boundary treatment ...
18:57 DiffusionOperatorP1: Assemble system matrix ...
18:57 DiffusionOperatorP1: Calulate gradients of shape functions transformed by reference map ...
18:57 DiffusionOperatorP1: Calculate all local scalar products beween gradients ...
18:57 DiffusionOperatorP1: Determine global dofs ...
18:57 DiffusionOperatorP1: Boundary treatment ...
18:57 DiffusionOperatorP1: Assemble system matrix ...
18:57 L2ProductP1: Integrate the products of the shape functions on each element
18:57 L2ProductP1: Determine global dofs ...
18:57 L2ProductP1: Boundary treatment ...
18:57 L2ProductP1: Assemble system matrix ...
18:57 DiffusionOperatorP1: Calulate gradients of shape functions transformed by reference map ...
18:57 DiffusionOperatorP1: Calculate all local scalar products beween gradients ...
18:57 DiffusionOperatorP1: Determine global dofs ...
18:57 DiffusionOperatorP1: Boundary treatment ...
18:57 DiffusionOperatorP1: Assemble system matrix ...
18:57 L2ProductP1: Integrate the products of the shape functions on each element
18:57 L2ProductP1: Determine global dofs ...
18:57 L2ProductP1: Boundary treatment ...
18:57 L2ProductP1: Assemble system matrix ...
18:57 DiffusionOperatorP1: Calulate gradients of shape functions transformed by reference map ...
18:57 DiffusionOperatorP1: Calculate all local scalar products beween gradients ...
18:57 DiffusionOperatorP1: Determine global dofs ...
18:57 DiffusionOperatorP1: Boundary treatment ...
18:57 DiffusionOperatorP1: Assemble system matrix ...
18:57 gram_schmidt: Orthonormalizing vector 3 again
18:57 gram_schmidt: Removing linearly dependent vector 5
18:57 gram_schmidt: Removing linearly dependent vector 6
18:57 gram_schmidt: Orthonormalizing vector 3 again
18:57 gram_schmidt: Removing linearly dependent vector 5
18:57 gram_schmidt: Removing linearly dependent vector 6
</system-err></testcase><testcase classname="src.pymortests.algorithms.gram_schmidt" file="src/pymortests/algorithms/gram_schmidt.py" line="56" name="test_gram_schmidt_with_product_and_R[&lt;lambda&gt;14]" time="0.04015541076660156"><system-err>18:57 DiffusionOperatorP1: Calulate gradients of shape functions transformed by reference map ...
18:57 DiffusionOperatorP1: Calculate all local scalar products beween gradients ...
18:57 DiffusionOperatorP1: Determine global dofs ...
18:57 DiffusionOperatorP1: Boundary treatment ...
18:57 DiffusionOperatorP1: Assemble system matrix ...
18:57 DiffusionOperatorP1: Calulate gradients of shape functions transformed by reference map ...
18:57 DiffusionOperatorP1: Calculate all local scalar products beween gradients ...
18:57 DiffusionOperatorP1: Determine global dofs ...
18:57 DiffusionOperatorP1: Boundary treatment ...
18:57 DiffusionOperatorP1: Assemble system matrix ...
18:57 DiffusionOperatorP1: Calulate gradients of shape functions transformed by reference map ...
18:57 DiffusionOperatorP1: Calculate all local scalar products beween gradients ...
18:57 DiffusionOperatorP1: Determine global dofs ...
18:57 DiffusionOperatorP1: Boundary treatment ...
18:57 DiffusionOperatorP1: Assemble system matrix ...
18:57 DiffusionOperatorP1: Calulate gradients of shape functions transformed by reference map ...
18:57 DiffusionOperatorP1: Calculate all local scalar products beween gradients ...
18:57 DiffusionOperatorP1: Determine global dofs ...
18:57 DiffusionOperatorP1: Boundary treatment ...
18:57 DiffusionOperatorP1: Assemble system matrix ...
18:57 DiffusionOperatorP1: Calulate gradients of shape functions transformed by reference map ...
18:57 DiffusionOperatorP1: Calculate all local scalar products beween gradients ...
18:57 DiffusionOperatorP1: Determine global dofs ...
18:57 DiffusionOperatorP1: Boundary treatment ...
18:57 DiffusionOperatorP1: Assemble system matrix ...
18:57 L2ProductP1: Integrate the products of the shape functions on each element
18:57 L2ProductP1: Determine global dofs ...
18:57 L2ProductP1: Boundary treatment ...
18:57 L2ProductP1: Assemble system matrix ...
18:57 DiffusionOperatorP1: Calulate gradients of shape functions transformed by reference map ...
18:57 DiffusionOperatorP1: Calculate all local scalar products beween gradients ...
18:57 DiffusionOperatorP1: Determine global dofs ...
18:57 DiffusionOperatorP1: Boundary treatment ...
18:57 DiffusionOperatorP1: Assemble system matrix ...
18:57 L2ProductP1: Integrate the products of the shape functions on each element
18:57 L2ProductP1: Determine global dofs ...
18:57 L2ProductP1: Boundary treatment ...
18:57 L2ProductP1: Assemble system matrix ...
18:57 DiffusionOperatorP1: Calulate gradients of shape functions transformed by reference map ...
18:57 DiffusionOperatorP1: Calculate all local scalar products beween gradients ...
18:57 DiffusionOperatorP1: Determine global dofs ...
18:57 DiffusionOperatorP1: Boundary treatment ...
18:57 DiffusionOperatorP1: Assemble system matrix ...
18:57 gram_schmidt: Orthonormalizing vector 1 again
18:57 gram_schmidt: Orthonormalizing vector 2 again
18:57 gram_schmidt: Orthonormalizing vector 3 again
18:57 gram_schmidt: Orthonormalizing vector 4 again
18:57 gram_schmidt: Removing linearly dependent vector 5
18:57 gram_schmidt: Orthonormalizing vector 1 again
18:57 gram_schmidt: Orthonormalizing vector 2 again
18:57 gram_schmidt: Orthonormalizing vector 3 again
18:57 gram_schmidt: Orthonormalizing vector 4 again
18:57 gram_schmidt: Removing linearly dependent vector 5
</system-err></testcase><testcase classname="src.pymortests.algorithms.gram_schmidt" file="src/pymortests/algorithms/gram_schmidt.py" line="56" name="test_gram_schmidt_with_product_and_R[&lt;lambda&gt;15]" time="0.03645920753479004"><system-err>18:57 DiffusionOperatorP1: Calulate gradients of shape functions transformed by reference map ...
18:57 DiffusionOperatorP1: Calculate all local scalar products beween gradients ...
18:57 DiffusionOperatorP1: Determine global dofs ...
18:57 DiffusionOperatorP1: Boundary treatment ...
18:57 DiffusionOperatorP1: Assemble system matrix ...
18:57 DiffusionOperatorP1: Calulate gradients of shape functions transformed by reference map ...
18:57 DiffusionOperatorP1: Calculate all local scalar products beween gradients ...
18:57 DiffusionOperatorP1: Determine global dofs ...
18:57 DiffusionOperatorP1: Boundary treatment ...
18:57 DiffusionOperatorP1: Assemble system matrix ...
18:57 L2ProductP1: Integrate the products of the shape functions on each element
18:57 L2ProductP1: Determine global dofs ...
18:57 L2ProductP1: Boundary treatment ...
18:57 L2ProductP1: Assemble system matrix ...
18:57 DiffusionOperatorP1: Calulate gradients of shape functions transformed by reference map ...
18:57 DiffusionOperatorP1: Calculate all local scalar products beween gradients ...
18:57 DiffusionOperatorP1: Determine global dofs ...
18:57 DiffusionOperatorP1: Boundary treatment ...
18:57 DiffusionOperatorP1: Assemble system matrix ...
18:57 L2ProductP1: Integrate the products of the shape functions on each element
18:57 L2ProductP1: Determine global dofs ...
18:57 L2ProductP1: Boundary treatment ...
18:57 L2ProductP1: Assemble system matrix ...
18:57 DiffusionOperatorP1: Calulate gradients of shape functions transformed by reference map ...
18:57 DiffusionOperatorP1: Calculate all local scalar products beween gradients ...
18:57 DiffusionOperatorP1: Determine global dofs ...
18:57 DiffusionOperatorP1: Boundary treatment ...
18:57 DiffusionOperatorP1: Assemble system matrix ...
18:57 gram_schmidt: Orthonormalizing vector 1 again
18:57 gram_schmidt: Orthonormalizing vector 2 again
18:57 gram_schmidt: Orthonormalizing vector 3 again
18:57 gram_schmidt: Orthonormalizing vector 4 again
18:57 gram_schmidt: Orthonormalizing vector 5 again
18:57 gram_schmidt: Orthonormalizing vector 1 again
18:57 gram_schmidt: Orthonormalizing vector 2 again
18:57 gram_schmidt: Orthonormalizing vector 3 again
18:57 gram_schmidt: Orthonormalizing vector 4 again
18:57 gram_schmidt: Orthonormalizing vector 5 again
</system-err></testcase><testcase classname="src.pymortests.algorithms.gram_schmidt" file="src/pymortests/algorithms/gram_schmidt.py" line="56" name="test_gram_schmidt_with_product_and_R[&lt;lambda&gt;16]" time="0.03422188758850098"><system-err>18:57 DiffusionOperatorP1: Calulate gradients of shape functions transformed by reference map ...
18:57 DiffusionOperatorP1: Calculate all local scalar products beween gradients ...
18:57 DiffusionOperatorP1: Determine global dofs ...
18:57 DiffusionOperatorP1: Boundary treatment ...
18:57 DiffusionOperatorP1: Assemble system matrix ...
18:57 DiffusionOperatorP1: Calulate gradients of shape functions transformed by reference map ...
18:57 DiffusionOperatorP1: Calculate all local scalar products beween gradients ...
18:57 DiffusionOperatorP1: Determine global dofs ...
18:57 DiffusionOperatorP1: Boundary treatment ...
18:57 DiffusionOperatorP1: Assemble system matrix ...
18:57 DiffusionOperatorP1: Calulate gradients of shape functions transformed by reference map ...
18:57 DiffusionOperatorP1: Calculate all local scalar products beween gradients ...
18:57 DiffusionOperatorP1: Determine global dofs ...
18:57 DiffusionOperatorP1: Boundary treatment ...
18:57 DiffusionOperatorP1: Assemble system matrix ...
18:57 DiffusionOperatorP1: Calulate gradients of shape functions transformed by reference map ...
18:57 DiffusionOperatorP1: Calculate all local scalar products beween gradients ...
18:57 DiffusionOperatorP1: Determine global dofs ...
18:57 DiffusionOperatorP1: Boundary treatment ...
18:57 DiffusionOperatorP1: Assemble system matrix ...
18:57 DiffusionOperatorP1: Calulate gradients of shape functions transformed by reference map ...
18:57 DiffusionOperatorP1: Calculate all local scalar products beween gradients ...
18:57 DiffusionOperatorP1: Determine global dofs ...
18:57 DiffusionOperatorP1: Boundary treatment ...
18:57 DiffusionOperatorP1: Assemble system matrix ...
18:57 L2ProductP1: Integrate the products of the shape functions on each element
18:57 L2ProductP1: Determine global dofs ...
18:57 L2ProductP1: Boundary treatment ...
18:57 L2ProductP1: Assemble system matrix ...
18:57 DiffusionOperatorP1: Calulate gradients of shape functions transformed by reference map ...
18:57 DiffusionOperatorP1: Calculate all local scalar products beween gradients ...
18:57 DiffusionOperatorP1: Determine global dofs ...
18:57 DiffusionOperatorP1: Boundary treatment ...
18:57 DiffusionOperatorP1: Assemble system matrix ...
18:57 L2ProductP1: Integrate the products of the shape functions on each element
18:57 L2ProductP1: Determine global dofs ...
18:57 L2ProductP1: Boundary treatment ...
18:57 L2ProductP1: Assemble system matrix ...
18:57 DiffusionOperatorP1: Calulate gradients of shape functions transformed by reference map ...
18:57 DiffusionOperatorP1: Calculate all local scalar products beween gradients ...
18:57 DiffusionOperatorP1: Determine global dofs ...
18:57 DiffusionOperatorP1: Boundary treatment ...
18:57 DiffusionOperatorP1: Assemble system matrix ...
18:57 gram_schmidt: Removing linearly dependent vector 1
18:57 gram_schmidt: Removing linearly dependent vector 2
18:57 gram_schmidt: Removing linearly dependent vector 3
18:57 gram_schmidt: Removing linearly dependent vector 4
18:57 gram_schmidt: Removing linearly dependent vector 5
18:57 gram_schmidt: Removing linearly dependent vector 6
18:57 gram_schmidt: Removing linearly dependent vector 1
18:57 gram_schmidt: Removing linearly dependent vector 2
18:57 gram_schmidt: Removing linearly dependent vector 3
18:57 gram_schmidt: Removing linearly dependent vector 4
18:57 gram_schmidt: Removing linearly dependent vector 5
18:57 gram_schmidt: Removing linearly dependent vector 6
</system-err></testcase><testcase classname="src.pymortests.algorithms.gram_schmidt" file="src/pymortests/algorithms/gram_schmidt.py" line="56" name="test_gram_schmidt_with_product_and_R[&lt;lambda&gt;17]" time="0.03155326843261719"><system-err>18:57 DiffusionOperatorP1: Calulate gradients of shape functions transformed by reference map ...
18:57 DiffusionOperatorP1: Calculate all local scalar products beween gradients ...
18:57 DiffusionOperatorP1: Determine global dofs ...
18:57 DiffusionOperatorP1: Boundary treatment ...
18:57 DiffusionOperatorP1: Assemble system matrix ...
18:57 DiffusionOperatorP1: Calulate gradients of shape functions transformed by reference map ...
18:57 DiffusionOperatorP1: Calculate all local scalar products beween gradients ...
18:57 DiffusionOperatorP1: Determine global dofs ...
18:57 DiffusionOperatorP1: Boundary treatment ...
18:57 DiffusionOperatorP1: Assemble system matrix ...
18:57 L2ProductP1: Integrate the products of the shape functions on each element
18:57 L2ProductP1: Determine global dofs ...
18:57 L2ProductP1: Boundary treatment ...
18:57 L2ProductP1: Assemble system matrix ...
18:57 DiffusionOperatorP1: Calulate gradients of shape functions transformed by reference map ...
18:57 DiffusionOperatorP1: Calculate all local scalar products beween gradients ...
18:57 DiffusionOperatorP1: Determine global dofs ...
18:57 DiffusionOperatorP1: Boundary treatment ...
18:57 DiffusionOperatorP1: Assemble system matrix ...
18:57 L2ProductP1: Integrate the products of the shape functions on each element
18:57 L2ProductP1: Determine global dofs ...
18:57 L2ProductP1: Boundary treatment ...
18:57 L2ProductP1: Assemble system matrix ...
18:57 DiffusionOperatorP1: Calulate gradients of shape functions transformed by reference map ...
18:57 DiffusionOperatorP1: Calculate all local scalar products beween gradients ...
18:57 DiffusionOperatorP1: Determine global dofs ...
18:57 DiffusionOperatorP1: Boundary treatment ...
18:57 DiffusionOperatorP1: Assemble system matrix ...
18:57 gram_schmidt: Removing linearly dependent vector 1
18:57 gram_schmidt: Removing linearly dependent vector 2
18:57 gram_schmidt: Removing linearly dependent vector 3
18:57 gram_schmidt: Removing linearly dependent vector 4
18:57 gram_schmidt: Removing linearly dependent vector 5
18:57 gram_schmidt: Removing linearly dependent vector 6
18:57 gram_schmidt: Removing linearly dependent vector 1
18:57 gram_schmidt: Removing linearly dependent vector 2
18:57 gram_schmidt: Removing linearly dependent vector 3
18:57 gram_schmidt: Removing linearly dependent vector 4
18:57 gram_schmidt: Removing linearly dependent vector 5
18:57 gram_schmidt: Removing linearly dependent vector 6
</system-err></testcase><testcase classname="src.pymortests.algorithms.gram_schmidt" file="src/pymortests/algorithms/gram_schmidt.py" line="56" name="test_gram_schmidt_with_product_and_R[&lt;lambda&gt;18]" time="0.04170584678649902"><system-err>18:57 DiffusionOperatorP1: Calulate gradients of shape functions transformed by reference map ...
18:57 DiffusionOperatorP1: Calculate all local scalar products beween gradients ...
18:57 DiffusionOperatorP1: Determine global dofs ...
18:57 DiffusionOperatorP1: Boundary treatment ...
18:57 DiffusionOperatorP1: Assemble system matrix ...
18:57 DiffusionOperatorP1: Calulate gradients of shape functions transformed by reference map ...
18:57 DiffusionOperatorP1: Calculate all local scalar products beween gradients ...
18:57 DiffusionOperatorP1: Determine global dofs ...
18:57 DiffusionOperatorP1: Boundary treatment ...
18:57 DiffusionOperatorP1: Assemble system matrix ...
18:57 DiffusionOperatorP1: Calulate gradients of shape functions transformed by reference map ...
18:57 DiffusionOperatorP1: Calculate all local scalar products beween gradients ...
18:57 DiffusionOperatorP1: Determine global dofs ...
18:57 DiffusionOperatorP1: Boundary treatment ...
18:57 DiffusionOperatorP1: Assemble system matrix ...
18:57 DiffusionOperatorP1: Calulate gradients of shape functions transformed by reference map ...
18:57 DiffusionOperatorP1: Calculate all local scalar products beween gradients ...
18:57 DiffusionOperatorP1: Determine global dofs ...
18:57 DiffusionOperatorP1: Boundary treatment ...
18:57 DiffusionOperatorP1: Assemble system matrix ...
18:57 DiffusionOperatorP1: Calulate gradients of shape functions transformed by reference map ...
18:57 DiffusionOperatorP1: Calculate all local scalar products beween gradients ...
18:57 DiffusionOperatorP1: Determine global dofs ...
18:57 DiffusionOperatorP1: Boundary treatment ...
18:57 DiffusionOperatorP1: Assemble system matrix ...
18:57 L2ProductP1: Integrate the products of the shape functions on each element
18:57 L2ProductP1: Determine global dofs ...
18:57 L2ProductP1: Boundary treatment ...
18:57 L2ProductP1: Assemble system matrix ...
18:57 DiffusionOperatorP1: Calulate gradients of shape functions transformed by reference map ...
18:57 DiffusionOperatorP1: Calculate all local scalar products beween gradients ...
18:57 DiffusionOperatorP1: Determine global dofs ...
18:57 DiffusionOperatorP1: Boundary treatment ...
18:57 DiffusionOperatorP1: Assemble system matrix ...
18:57 L2ProductP1: Integrate the products of the shape functions on each element
18:57 L2ProductP1: Determine global dofs ...
18:57 L2ProductP1: Boundary treatment ...
18:57 L2ProductP1: Assemble system matrix ...
18:57 DiffusionOperatorP1: Calulate gradients of shape functions transformed by reference map ...
18:57 DiffusionOperatorP1: Calculate all local scalar products beween gradients ...
18:57 DiffusionOperatorP1: Determine global dofs ...
18:57 DiffusionOperatorP1: Boundary treatment ...
18:57 DiffusionOperatorP1: Assemble system matrix ...
18:57 gram_schmidt: Orthonormalizing vector 1 again
18:57 gram_schmidt: Orthonormalizing vector 2 again
18:57 gram_schmidt: Orthonormalizing vector 3 again
18:57 gram_schmidt: Orthonormalizing vector 4 again
18:57 gram_schmidt: Removing linearly dependent vector 5
18:57 gram_schmidt: Orthonormalizing vector 1 again
18:57 gram_schmidt: Orthonormalizing vector 2 again
18:57 gram_schmidt: Orthonormalizing vector 3 again
18:57 gram_schmidt: Orthonormalizing vector 4 again
18:57 gram_schmidt: Removing linearly dependent vector 5
</system-err></testcase><testcase classname="src.pymortests.algorithms.gram_schmidt" file="src/pymortests/algorithms/gram_schmidt.py" line="56" name="test_gram_schmidt_with_product_and_R[&lt;lambda&gt;19]" time="0.03716254234313965"><system-err>18:57 DiffusionOperatorP1: Calulate gradients of shape functions transformed by reference map ...
18:57 DiffusionOperatorP1: Calculate all local scalar products beween gradients ...
18:57 DiffusionOperatorP1: Determine global dofs ...
18:57 DiffusionOperatorP1: Boundary treatment ...
18:57 DiffusionOperatorP1: Assemble system matrix ...
18:57 DiffusionOperatorP1: Calulate gradients of shape functions transformed by reference map ...
18:57 DiffusionOperatorP1: Calculate all local scalar products beween gradients ...
18:57 DiffusionOperatorP1: Determine global dofs ...
18:57 DiffusionOperatorP1: Boundary treatment ...
18:57 DiffusionOperatorP1: Assemble system matrix ...
18:57 L2ProductP1: Integrate the products of the shape functions on each element
18:57 L2ProductP1: Determine global dofs ...
18:57 L2ProductP1: Boundary treatment ...
18:57 L2ProductP1: Assemble system matrix ...
18:57 DiffusionOperatorP1: Calulate gradients of shape functions transformed by reference map ...
18:57 DiffusionOperatorP1: Calculate all local scalar products beween gradients ...
18:57 DiffusionOperatorP1: Determine global dofs ...
18:57 DiffusionOperatorP1: Boundary treatment ...
18:57 DiffusionOperatorP1: Assemble system matrix ...
18:57 L2ProductP1: Integrate the products of the shape functions on each element
18:57 L2ProductP1: Determine global dofs ...
18:57 L2ProductP1: Boundary treatment ...
18:57 L2ProductP1: Assemble system matrix ...
18:57 DiffusionOperatorP1: Calulate gradients of shape functions transformed by reference map ...
18:57 DiffusionOperatorP1: Calculate all local scalar products beween gradients ...
18:57 DiffusionOperatorP1: Determine global dofs ...
18:57 DiffusionOperatorP1: Boundary treatment ...
18:57 DiffusionOperatorP1: Assemble system matrix ...
18:57 gram_schmidt: Orthonormalizing vector 1 again
18:57 gram_schmidt: Orthonormalizing vector 2 again
18:57 gram_schmidt: Orthonormalizing vector 3 again
18:57 gram_schmidt: Orthonormalizing vector 4 again
18:57 gram_schmidt: Orthonormalizing vector 5 again
18:57 gram_schmidt: Orthonormalizing vector 1 again
18:57 gram_schmidt: Orthonormalizing vector 2 again
18:57 gram_schmidt: Orthonormalizing vector 3 again
18:57 gram_schmidt: Orthonormalizing vector 4 again
18:57 gram_schmidt: Orthonormalizing vector 5 again
</system-err></testcase><testcase classname="src.pymortests.algorithms.gram_schmidt" file="src/pymortests/algorithms/gram_schmidt.py" line="56" name="test_gram_schmidt_with_product_and_R[&lt;lambda&gt;20]" time="0.03973531723022461"><system-err>18:57 DiffusionOperatorP1: Calulate gradients of shape functions transformed by reference map ...
18:57 DiffusionOperatorP1: Calculate all local scalar products beween gradients ...
18:57 DiffusionOperatorP1: Determine global dofs ...
18:57 DiffusionOperatorP1: Boundary treatment ...
18:57 DiffusionOperatorP1: Assemble system matrix ...
18:57 DiffusionOperatorP1: Calulate gradients of shape functions transformed by reference map ...
18:57 DiffusionOperatorP1: Calculate all local scalar products beween gradients ...
18:57 DiffusionOperatorP1: Determine global dofs ...
18:57 DiffusionOperatorP1: Boundary treatment ...
18:57 DiffusionOperatorP1: Assemble system matrix ...
18:57 DiffusionOperatorP1: Calulate gradients of shape functions transformed by reference map ...
18:57 DiffusionOperatorP1: Calculate all local scalar products beween gradients ...
18:57 DiffusionOperatorP1: Determine global dofs ...
18:57 DiffusionOperatorP1: Boundary treatment ...
18:57 DiffusionOperatorP1: Assemble system matrix ...
18:57 DiffusionOperatorP1: Calulate gradients of shape functions transformed by reference map ...
18:57 DiffusionOperatorP1: Calculate all local scalar products beween gradients ...
18:57 DiffusionOperatorP1: Determine global dofs ...
18:57 DiffusionOperatorP1: Boundary treatment ...
18:57 DiffusionOperatorP1: Assemble system matrix ...
18:57 DiffusionOperatorP1: Calulate gradients of shape functions transformed by reference map ...
18:57 DiffusionOperatorP1: Calculate all local scalar products beween gradients ...
18:57 DiffusionOperatorP1: Determine global dofs ...
18:57 DiffusionOperatorP1: Boundary treatment ...
18:57 DiffusionOperatorP1: Assemble system matrix ...
18:57 L2ProductP1: Integrate the products of the shape functions on each element
18:57 L2ProductP1: Determine global dofs ...
18:57 L2ProductP1: Boundary treatment ...
18:57 L2ProductP1: Assemble system matrix ...
18:57 DiffusionOperatorP1: Calulate gradients of shape functions transformed by reference map ...
18:57 DiffusionOperatorP1: Calculate all local scalar products beween gradients ...
18:57 DiffusionOperatorP1: Determine global dofs ...
18:57 DiffusionOperatorP1: Boundary treatment ...
18:57 DiffusionOperatorP1: Assemble system matrix ...
18:57 L2ProductP1: Integrate the products of the shape functions on each element
18:57 L2ProductP1: Determine global dofs ...
18:57 L2ProductP1: Boundary treatment ...
18:57 L2ProductP1: Assemble system matrix ...
18:57 DiffusionOperatorP1: Calulate gradients of shape functions transformed by reference map ...
18:57 DiffusionOperatorP1: Calculate all local scalar products beween gradients ...
18:57 DiffusionOperatorP1: Determine global dofs ...
18:57 DiffusionOperatorP1: Boundary treatment ...
18:57 DiffusionOperatorP1: Assemble system matrix ...
18:57 gram_schmidt: Orthonormalizing vector 1 again
18:57 gram_schmidt: Orthonormalizing vector 2 again
18:57 gram_schmidt: Orthonormalizing vector 3 again
18:57 gram_schmidt: Orthonormalizing vector 4 again
18:57 gram_schmidt: Removing linearly dependent vector 5
18:57 gram_schmidt: Orthonormalizing vector 1 again
18:57 gram_schmidt: Orthonormalizing vector 2 again
18:57 gram_schmidt: Orthonormalizing vector 3 again
18:57 gram_schmidt: Orthonormalizing vector 4 again
18:57 gram_schmidt: Removing linearly dependent vector 5
</system-err></testcase><testcase classname="src.pymortests.algorithms.gram_schmidt" file="src/pymortests/algorithms/gram_schmidt.py" line="56" name="test_gram_schmidt_with_product_and_R[&lt;lambda&gt;21]" time="0.03728961944580078"><system-err>18:57 DiffusionOperatorP1: Calulate gradients of shape functions transformed by reference map ...
18:57 DiffusionOperatorP1: Calculate all local scalar products beween gradients ...
18:57 DiffusionOperatorP1: Determine global dofs ...
18:57 DiffusionOperatorP1: Boundary treatment ...
18:57 DiffusionOperatorP1: Assemble system matrix ...
18:57 DiffusionOperatorP1: Calulate gradients of shape functions transformed by reference map ...
18:57 DiffusionOperatorP1: Calculate all local scalar products beween gradients ...
18:57 DiffusionOperatorP1: Determine global dofs ...
18:57 DiffusionOperatorP1: Boundary treatment ...
18:57 DiffusionOperatorP1: Assemble system matrix ...
18:57 L2ProductP1: Integrate the products of the shape functions on each element
18:57 L2ProductP1: Determine global dofs ...
18:57 L2ProductP1: Boundary treatment ...
18:57 L2ProductP1: Assemble system matrix ...
18:57 DiffusionOperatorP1: Calulate gradients of shape functions transformed by reference map ...
18:57 DiffusionOperatorP1: Calculate all local scalar products beween gradients ...
18:57 DiffusionOperatorP1: Determine global dofs ...
18:57 DiffusionOperatorP1: Boundary treatment ...
18:57 DiffusionOperatorP1: Assemble system matrix ...
18:57 L2ProductP1: Integrate the products of the shape functions on each element
18:57 L2ProductP1: Determine global dofs ...
18:57 L2ProductP1: Boundary treatment ...
18:57 L2ProductP1: Assemble system matrix ...
18:57 DiffusionOperatorP1: Calulate gradients of shape functions transformed by reference map ...
18:57 DiffusionOperatorP1: Calculate all local scalar products beween gradients ...
18:57 DiffusionOperatorP1: Determine global dofs ...
18:57 DiffusionOperatorP1: Boundary treatment ...
18:57 DiffusionOperatorP1: Assemble system matrix ...
18:57 gram_schmidt: Orthonormalizing vector 1 again
18:57 gram_schmidt: Orthonormalizing vector 2 again
18:57 gram_schmidt: Orthonormalizing vector 3 again
18:57 gram_schmidt: Orthonormalizing vector 4 again
18:57 gram_schmidt: Orthonormalizing vector 5 again
18:57 gram_schmidt: Orthonormalizing vector 1 again
18:57 gram_schmidt: Orthonormalizing vector 2 again
18:57 gram_schmidt: Orthonormalizing vector 3 again
18:57 gram_schmidt: Orthonormalizing vector 4 again
18:57 gram_schmidt: Orthonormalizing vector 5 again
</system-err></testcase><testcase classname="src.pymortests.algorithms.gram_schmidt" file="src/pymortests/algorithms/gram_schmidt.py" line="56" name="test_gram_schmidt_with_product_and_R[&lt;lambda&gt;22]" time="0.03783702850341797"><system-err>18:57 DiffusionOperatorP1: Calulate gradients of shape functions transformed by reference map ...
18:57 DiffusionOperatorP1: Calculate all local scalar products beween gradients ...
18:57 DiffusionOperatorP1: Determine global dofs ...
18:57 DiffusionOperatorP1: Boundary treatment ...
18:57 DiffusionOperatorP1: Assemble system matrix ...
18:57 DiffusionOperatorP1: Calulate gradients of shape functions transformed by reference map ...
18:57 DiffusionOperatorP1: Calculate all local scalar products beween gradients ...
18:57 DiffusionOperatorP1: Determine global dofs ...
18:57 DiffusionOperatorP1: Boundary treatment ...
18:57 DiffusionOperatorP1: Assemble system matrix ...
18:57 DiffusionOperatorP1: Calulate gradients of shape functions transformed by reference map ...
18:57 DiffusionOperatorP1: Calculate all local scalar products beween gradients ...
18:57 DiffusionOperatorP1: Determine global dofs ...
18:57 DiffusionOperatorP1: Boundary treatment ...
18:57 DiffusionOperatorP1: Assemble system matrix ...
18:57 DiffusionOperatorP1: Calulate gradients of shape functions transformed by reference map ...
18:57 DiffusionOperatorP1: Calculate all local scalar products beween gradients ...
18:57 DiffusionOperatorP1: Determine global dofs ...
18:57 DiffusionOperatorP1: Boundary treatment ...
18:57 DiffusionOperatorP1: Assemble system matrix ...
18:57 DiffusionOperatorP1: Calulate gradients of shape functions transformed by reference map ...
18:57 DiffusionOperatorP1: Calculate all local scalar products beween gradients ...
18:57 DiffusionOperatorP1: Determine global dofs ...
18:57 DiffusionOperatorP1: Boundary treatment ...
18:57 DiffusionOperatorP1: Assemble system matrix ...
18:57 L2ProductP1: Integrate the products of the shape functions on each element
18:57 L2ProductP1: Determine global dofs ...
18:57 L2ProductP1: Boundary treatment ...
18:57 L2ProductP1: Assemble system matrix ...
18:57 DiffusionOperatorP1: Calulate gradients of shape functions transformed by reference map ...
18:57 DiffusionOperatorP1: Calculate all local scalar products beween gradients ...
18:57 DiffusionOperatorP1: Determine global dofs ...
18:57 DiffusionOperatorP1: Boundary treatment ...
18:57 DiffusionOperatorP1: Assemble system matrix ...
18:57 L2ProductP1: Integrate the products of the shape functions on each element
18:57 L2ProductP1: Determine global dofs ...
18:57 L2ProductP1: Boundary treatment ...
18:57 L2ProductP1: Assemble system matrix ...
18:57 DiffusionOperatorP1: Calulate gradients of shape functions transformed by reference map ...
18:57 DiffusionOperatorP1: Calculate all local scalar products beween gradients ...
18:57 DiffusionOperatorP1: Determine global dofs ...
18:57 DiffusionOperatorP1: Boundary treatment ...
18:57 DiffusionOperatorP1: Assemble system matrix ...
18:57 gram_schmidt: Orthonormalizing vector 3 again
18:57 gram_schmidt: Orthonormalizing vector 4 again
18:57 gram_schmidt: Orthonormalizing vector 3 again
18:57 gram_schmidt: Orthonormalizing vector 4 again
</system-err></testcase><testcase classname="src.pymortests.algorithms.gram_schmidt" file="src/pymortests/algorithms/gram_schmidt.py" line="56" name="test_gram_schmidt_with_product_and_R[&lt;lambda&gt;23]" time="0.03353452682495117"><system-err>18:57 DiffusionOperatorP1: Calulate gradients of shape functions transformed by reference map ...
18:57 DiffusionOperatorP1: Calculate all local scalar products beween gradients ...
18:57 DiffusionOperatorP1: Determine global dofs ...
18:57 DiffusionOperatorP1: Boundary treatment ...
18:57 DiffusionOperatorP1: Assemble system matrix ...
18:57 DiffusionOperatorP1: Calulate gradients of shape functions transformed by reference map ...
18:57 DiffusionOperatorP1: Calculate all local scalar products beween gradients ...
18:57 DiffusionOperatorP1: Determine global dofs ...
18:57 DiffusionOperatorP1: Boundary treatment ...
18:57 DiffusionOperatorP1: Assemble system matrix ...
18:57 L2ProductP1: Integrate the products of the shape functions on each element
18:57 L2ProductP1: Determine global dofs ...
18:57 L2ProductP1: Boundary treatment ...
18:57 L2ProductP1: Assemble system matrix ...
18:57 DiffusionOperatorP1: Calulate gradients of shape functions transformed by reference map ...
18:57 DiffusionOperatorP1: Calculate all local scalar products beween gradients ...
18:57 DiffusionOperatorP1: Determine global dofs ...
18:57 DiffusionOperatorP1: Boundary treatment ...
18:57 DiffusionOperatorP1: Assemble system matrix ...
18:57 L2ProductP1: Integrate the products of the shape functions on each element
18:57 L2ProductP1: Determine global dofs ...
18:57 L2ProductP1: Boundary treatment ...
18:57 L2ProductP1: Assemble system matrix ...
18:57 DiffusionOperatorP1: Calulate gradients of shape functions transformed by reference map ...
18:57 DiffusionOperatorP1: Calculate all local scalar products beween gradients ...
18:57 DiffusionOperatorP1: Determine global dofs ...
18:57 DiffusionOperatorP1: Boundary treatment ...
18:57 DiffusionOperatorP1: Assemble system matrix ...
18:57 gram_schmidt: Orthonormalizing vector 1 again
18:57 gram_schmidt: Orthonormalizing vector 2 again
18:57 gram_schmidt: Orthonormalizing vector 3 again
18:57 gram_schmidt: Orthonormalizing vector 4 again
18:57 gram_schmidt: Orthonormalizing vector 1 again
18:57 gram_schmidt: Orthonormalizing vector 2 again
18:57 gram_schmidt: Orthonormalizing vector 3 again
18:57 gram_schmidt: Orthonormalizing vector 4 again
</system-err></testcase><testcase classname="src.pymortests.algorithms.gram_schmidt" file="src/pymortests/algorithms/gram_schmidt.py" line="56" name="test_gram_schmidt_with_product_and_R[&lt;lambda&gt;24]" time="0.00955820083618164"><system-err>18:57 gram_schmidt: Orthonormalizing vector 1 again
18:57 gram_schmidt: Orthonormalizing vector 2 again
18:57 gram_schmidt: Orthonormalizing vector 3 again
18:57 gram_schmidt: Orthonormalizing vector 1 again
18:57 gram_schmidt: Orthonormalizing vector 2 again
18:57 gram_schmidt: Orthonormalizing vector 3 again
</system-err></testcase><testcase classname="src.pymortests.algorithms.gram_schmidt" file="src/pymortests/algorithms/gram_schmidt.py" line="56" name="test_gram_schmidt_with_product_and_R[&lt;lambda&gt;25]" time="0.009224414825439453"><system-err>18:57 gram_schmidt: Orthonormalizing vector 1 again
18:57 gram_schmidt: Orthonormalizing vector 2 again
18:57 gram_schmidt: Orthonormalizing vector 3 again
18:57 gram_schmidt: Orthonormalizing vector 1 again
18:57 gram_schmidt: Orthonormalizing vector 2 again
18:57 gram_schmidt: Orthonormalizing vector 3 again
</system-err></testcase><testcase classname="src.pymortests.algorithms.gram_schmidt" file="src/pymortests/algorithms/gram_schmidt.py" line="56" name="test_gram_schmidt_with_product_and_R[&lt;lambda&gt;26]" time="0.008424758911132812"><system-err>18:57 gram_schmidt: Orthonormalizing vector 1 again
18:57 gram_schmidt: Orthonormalizing vector 2 again
18:57 gram_schmidt: Orthonormalizing vector 3 again
18:57 gram_schmidt: Orthonormalizing vector 1 again
18:57 gram_schmidt: Orthonormalizing vector 2 again
18:57 gram_schmidt: Orthonormalizing vector 3 again
</system-err></testcase><testcase classname="src.pymortests.algorithms.gram_schmidt" file="src/pymortests/algorithms/gram_schmidt.py" line="56" name="test_gram_schmidt_with_product_and_R[&lt;lambda&gt;27]" time="0.005447864532470703"></testcase><testcase classname="src.pymortests.algorithms.gram_schmidt" file="src/pymortests/algorithms/gram_schmidt.py" line="56" name="test_gram_schmidt_with_product_and_R[&lt;lambda&gt;28]" time="0.0066928863525390625"><system-err>18:57 gram_schmidt: Orthonormalizing vector 1 again
18:57 gram_schmidt: Orthonormalizing vector 2 again
18:57 gram_schmidt: Orthonormalizing vector 1 again
18:57 gram_schmidt: Orthonormalizing vector 2 again
</system-err></testcase><testcase classname="src.pymortests.algorithms.gram_schmidt" file="src/pymortests/algorithms/gram_schmidt.py" line="56" name="test_gram_schmidt_with_product_and_R[&lt;lambda&gt;29]" time="0.0058138370513916016"><system-err>18:57 gram_schmidt: Orthonormalizing vector 1 again
18:57 gram_schmidt: Orthonormalizing vector 2 again
18:57 gram_schmidt: Orthonormalizing vector 1 again
18:57 gram_schmidt: Orthonormalizing vector 2 again
</system-err></testcase><testcase classname="src.pymortests.algorithms.gram_schmidt" file="src/pymortests/algorithms/gram_schmidt.py" line="56" name="test_gram_schmidt_with_product_and_R[&lt;lambda&gt;30]" time="0.005573749542236328"><system-err>18:57 gram_schmidt: Orthonormalizing vector 1 again
18:57 gram_schmidt: Orthonormalizing vector 2 again
18:57 gram_schmidt: Orthonormalizing vector 1 again
18:57 gram_schmidt: Orthonormalizing vector 2 again
</system-err></testcase><testcase classname="src.pymortests.algorithms.gram_schmidt" file="src/pymortests/algorithms/gram_schmidt.py" line="56" name="test_gram_schmidt_with_product_and_R[&lt;lambda&gt;31]" time="0.005861997604370117"><system-err>18:57 gram_schmidt: Orthonormalizing vector 1 again
18:57 gram_schmidt: Orthonormalizing vector 2 again
18:57 gram_schmidt: Orthonormalizing vector 1 again
18:57 gram_schmidt: Orthonormalizing vector 2 again
</system-err></testcase><testcase classname="src.pymortests.algorithms.gram_schmidt" file="src/pymortests/algorithms/gram_schmidt.py" line="56" name="test_gram_schmidt_with_product_and_R[&lt;lambda&gt;32]" time="0.0193789005279541"><system-err>18:57 gram_schmidt: Orthonormalizing vector 3 again
18:57 gram_schmidt: Orthonormalizing vector 3 again
</system-err></testcase><testcase classname="src.pymortests.algorithms.gram_schmidt" file="src/pymortests/algorithms/gram_schmidt.py" line="56" name="test_gram_schmidt_with_product_and_R[&lt;lambda&gt;33]" time="0.016940593719482422"><system-err>18:57 gram_schmidt: Orthonormalizing vector 3 again
18:57 gram_schmidt: Orthonormalizing vector 3 again
</system-err></testcase><testcase classname="src.pymortests.algorithms.gram_schmidt" file="src/pymortests/algorithms/gram_schmidt.py" line="56" name="test_gram_schmidt_with_product_and_R[&lt;lambda&gt;34]" time="0.011809825897216797"><system-err>18:57 gram_schmidt: Orthonormalizing vector 1 again
18:57 gram_schmidt: Orthonormalizing vector 2 again
18:57 gram_schmidt: Orthonormalizing vector 3 again
18:57 gram_schmidt: Orthonormalizing vector 1 again
18:57 gram_schmidt: Orthonormalizing vector 2 again
18:57 gram_schmidt: Orthonormalizing vector 3 again
</system-err></testcase><testcase classname="src.pymortests.algorithms.gram_schmidt" file="src/pymortests/algorithms/gram_schmidt.py" line="56" name="test_gram_schmidt_with_product_and_R[&lt;lambda&gt;35]" time="0.01768016815185547"><system-err>18:57 gram_schmidt: Orthonormalizing vector 2 again
18:57 gram_schmidt: Orthonormalizing vector 3 again
18:57 gram_schmidt: Orthonormalizing vector 2 again
18:57 gram_schmidt: Orthonormalizing vector 3 again
</system-err></testcase><testcase classname="src.pymortests.algorithms.gram_schmidt" file="src/pymortests/algorithms/gram_schmidt.py" line="56" name="test_gram_schmidt_with_product_and_R[&lt;lambda&gt;36]" time="0.00979304313659668"><system-err>18:57 gram_schmidt: Orthonormalizing vector 1 again
18:57 gram_schmidt: Orthonormalizing vector 2 again
18:57 gram_schmidt: Orthonormalizing vector 3 again
18:57 gram_schmidt: Orthonormalizing vector 1 again
18:57 gram_schmidt: Orthonormalizing vector 2 again
18:57 gram_schmidt: Orthonormalizing vector 3 again
</system-err></testcase><testcase classname="src.pymortests.algorithms.gram_schmidt" file="src/pymortests/algorithms/gram_schmidt.py" line="72" name="test_gram_schmidt_biorth[0-&lt;lambda&gt;0]" time="0.0017230510711669922"></testcase><testcase classname="src.pymortests.algorithms.gram_schmidt" file="src/pymortests/algorithms/gram_schmidt.py" line="72" name="test_gram_schmidt_biorth[0-&lt;lambda&gt;1]" time="0.0016586780548095703"></testcase><testcase classname="src.pymortests.algorithms.gram_schmidt" file="src/pymortests/algorithms/gram_schmidt.py" line="72" name="test_gram_schmidt_biorth[0-&lt;lambda&gt;2]" time="0.0011019706726074219"></testcase><testcase classname="src.pymortests.algorithms.gram_schmidt" file="src/pymortests/algorithms/gram_schmidt.py" line="72" name="test_gram_schmidt_biorth[0-&lt;lambda&gt;3]" time="0.052292823791503906"></testcase><testcase classname="src.pymortests.algorithms.gram_schmidt" file="src/pymortests/algorithms/gram_schmidt.py" line="72" name="test_gram_schmidt_biorth[0-&lt;lambda&gt;4]" time="0.001672506332397461"></testcase><testcase classname="src.pymortests.algorithms.gram_schmidt" file="src/pymortests/algorithms/gram_schmidt.py" line="72" name="test_gram_schmidt_biorth[0-&lt;lambda&gt;5]" time="0.0013799667358398438"></testcase><testcase classname="src.pymortests.algorithms.gram_schmidt" file="src/pymortests/algorithms/gram_schmidt.py" line="72" name="test_gram_schmidt_biorth[0-&lt;lambda&gt;6]" time="0.0012247562408447266"></testcase><testcase classname="src.pymortests.algorithms.gram_schmidt" file="src/pymortests/algorithms/gram_schmidt.py" line="72" name="test_gram_schmidt_biorth[0-&lt;lambda&gt;7]" time="0.0011715888977050781"></testcase><testcase classname="src.pymortests.algorithms.gram_schmidt" file="src/pymortests/algorithms/gram_schmidt.py" line="72" name="test_gram_schmidt_biorth[0-&lt;lambda&gt;8]" time="0.1019437313079834"></testcase><testcase classname="src.pymortests.algorithms.gram_schmidt" file="src/pymortests/algorithms/gram_schmidt.py" line="72" name="test_gram_schmidt_biorth[0-&lt;lambda&gt;9]" time="0.0023615360260009766"></testcase><testcase classname="src.pymortests.algorithms.gram_schmidt" file="src/pymortests/algorithms/gram_schmidt.py" line="72" name="test_gram_schmidt_biorth[0-&lt;lambda&gt;10]" time="0.0014979839324951172"></testcase><testcase classname="src.pymortests.algorithms.gram_schmidt" file="src/pymortests/algorithms/gram_schmidt.py" line="72" name="test_gram_schmidt_biorth[0-&lt;lambda&gt;11]" time="0.00577092170715332"></testcase><testcase classname="src.pymortests.algorithms.gram_schmidt" file="src/pymortests/algorithms/gram_schmidt.py" line="72" name="test_gram_schmidt_biorth[0-&lt;lambda&gt;12]" time="0.0012667179107666016"></testcase><testcase classname="src.pymortests.algorithms.gram_schmidt" file="src/pymortests/algorithms/gram_schmidt.py" line="72" name="test_gram_schmidt_biorth[0-&lt;lambda&gt;13]" time="0.0012035369873046875"></testcase><testcase classname="src.pymortests.algorithms.gram_schmidt" file="src/pymortests/algorithms/gram_schmidt.py" line="72" name="test_gram_schmidt_biorth[0-&lt;lambda&gt;14]" time="0.0042116641998291016"></testcase><testcase classname="src.pymortests.algorithms.gram_schmidt" file="src/pymortests/algorithms/gram_schmidt.py" line="72" name="test_gram_schmidt_biorth[0-&lt;lambda&gt;15]" time="0.1870594024658203"></testcase><testcase classname="src.pymortests.algorithms.gram_schmidt" file="src/pymortests/algorithms/gram_schmidt.py" line="72" name="test_gram_schmidt_biorth[0-&lt;lambda&gt;16]" time="0.008224725723266602"></testcase><testcase classname="src.pymortests.algorithms.gram_schmidt" file="src/pymortests/algorithms/gram_schmidt.py" line="72" name="test_gram_schmidt_biorth[0-&lt;lambda&gt;17]" time="0.0021524429321289062"></testcase><testcase classname="src.pymortests.algorithms.gram_schmidt" file="src/pymortests/algorithms/gram_schmidt.py" line="72" name="test_gram_schmidt_biorth[0-&lt;lambda&gt;18]" time="0.0019483566284179688"></testcase><testcase classname="src.pymortests.algorithms.gram_schmidt" file="src/pymortests/algorithms/gram_schmidt.py" line="72" name="test_gram_schmidt_biorth[0-&lt;lambda&gt;19]" time="0.0032274723052978516"></testcase><testcase classname="src.pymortests.algorithms.gram_schmidt" file="src/pymortests/algorithms/gram_schmidt.py" line="72" name="test_gram_schmidt_biorth[0-&lt;lambda&gt;20]" time="0.14182424545288086"></testcase><testcase classname="src.pymortests.algorithms.gram_schmidt" file="src/pymortests/algorithms/gram_schmidt.py" line="72" name="test_gram_schmidt_biorth[0-&lt;lambda&gt;21]" time="0.7249817848205566"></testcase><testcase classname="src.pymortests.algorithms.gram_schmidt" file="src/pymortests/algorithms/gram_schmidt.py" line="72" name="test_gram_schmidt_biorth[0-&lt;lambda&gt;22]" time="0.0018491744995117188"></testcase><testcase classname="src.pymortests.algorithms.gram_schmidt" file="src/pymortests/algorithms/gram_schmidt.py" line="72" name="test_gram_schmidt_biorth[0-&lt;lambda&gt;23]" time="0.0013616085052490234"></testcase><testcase classname="src.pymortests.algorithms.gram_schmidt" file="src/pymortests/algorithms/gram_schmidt.py" line="72" name="test_gram_schmidt_biorth[0-&lt;lambda&gt;24]" time="0.0021872520446777344"></testcase><testcase classname="src.pymortests.algorithms.gram_schmidt" file="src/pymortests/algorithms/gram_schmidt.py" line="72" name="test_gram_schmidt_biorth[0-&lt;lambda&gt;25]" time="0.29526686668395996"></testcase><testcase classname="src.pymortests.algorithms.gram_schmidt" file="src/pymortests/algorithms/gram_schmidt.py" line="72" name="test_gram_schmidt_biorth[0-&lt;lambda&gt;26]" time="0.05709695816040039"></testcase><testcase classname="src.pymortests.algorithms.gram_schmidt" file="src/pymortests/algorithms/gram_schmidt.py" line="72" name="test_gram_schmidt_biorth[1-&lt;lambda&gt;0]" time="0.0017981529235839844"></testcase><testcase classname="src.pymortests.algorithms.gram_schmidt" file="src/pymortests/algorithms/gram_schmidt.py" line="72" name="test_gram_schmidt_biorth[1-&lt;lambda&gt;1]" time="0.0012211799621582031"></testcase><testcase classname="src.pymortests.algorithms.gram_schmidt" file="src/pymortests/algorithms/gram_schmidt.py" line="72" name="test_gram_schmidt_biorth[1-&lt;lambda&gt;2]" time="0.0011556148529052734"></testcase><testcase classname="src.pymortests.algorithms.gram_schmidt" file="src/pymortests/algorithms/gram_schmidt.py" line="72" name="test_gram_schmidt_biorth[1-&lt;lambda&gt;3]" time="0.05218791961669922"></testcase><testcase classname="src.pymortests.algorithms.gram_schmidt" file="src/pymortests/algorithms/gram_schmidt.py" line="72" name="test_gram_schmidt_biorth[1-&lt;lambda&gt;4]" time="0.0017173290252685547"></testcase><testcase classname="src.pymortests.algorithms.gram_schmidt" file="src/pymortests/algorithms/gram_schmidt.py" line="72" name="test_gram_schmidt_biorth[1-&lt;lambda&gt;5]" time="0.0013325214385986328"></testcase><testcase classname="src.pymortests.algorithms.gram_schmidt" file="src/pymortests/algorithms/gram_schmidt.py" line="72" name="test_gram_schmidt_biorth[1-&lt;lambda&gt;6]" time="0.0011477470397949219"></testcase><testcase classname="src.pymortests.algorithms.gram_schmidt" file="src/pymortests/algorithms/gram_schmidt.py" line="72" name="test_gram_schmidt_biorth[1-&lt;lambda&gt;7]" time="0.0011746883392333984"></testcase><testcase classname="src.pymortests.algorithms.gram_schmidt" file="src/pymortests/algorithms/gram_schmidt.py" line="72" name="test_gram_schmidt_biorth[1-&lt;lambda&gt;8]" time="0.11363029479980469"></testcase><testcase classname="src.pymortests.algorithms.gram_schmidt" file="src/pymortests/algorithms/gram_schmidt.py" line="72" name="test_gram_schmidt_biorth[1-&lt;lambda&gt;9]" time="0.0027709007263183594"></testcase><testcase classname="src.pymortests.algorithms.gram_schmidt" file="src/pymortests/algorithms/gram_schmidt.py" line="72" name="test_gram_schmidt_biorth[1-&lt;lambda&gt;10]" time="0.0013883113861083984"></testcase><testcase classname="src.pymortests.algorithms.gram_schmidt" file="src/pymortests/algorithms/gram_schmidt.py" line="72" name="test_gram_schmidt_biorth[1-&lt;lambda&gt;11]" time="0.005768775939941406"></testcase><testcase classname="src.pymortests.algorithms.gram_schmidt" file="src/pymortests/algorithms/gram_schmidt.py" line="72" name="test_gram_schmidt_biorth[1-&lt;lambda&gt;12]" time="0.0013327598571777344"></testcase><testcase classname="src.pymortests.algorithms.gram_schmidt" file="src/pymortests/algorithms/gram_schmidt.py" line="72" name="test_gram_schmidt_biorth[1-&lt;lambda&gt;13]" time="0.001275777816772461"></testcase><testcase classname="src.pymortests.algorithms.gram_schmidt" file="src/pymortests/algorithms/gram_schmidt.py" line="72" name="test_gram_schmidt_biorth[1-&lt;lambda&gt;14]" time="0.004311323165893555"></testcase><testcase classname="src.pymortests.algorithms.gram_schmidt" file="src/pymortests/algorithms/gram_schmidt.py" line="72" name="test_gram_schmidt_biorth[1-&lt;lambda&gt;15]" time="0.20064806938171387"></testcase><testcase classname="src.pymortests.algorithms.gram_schmidt" file="src/pymortests/algorithms/gram_schmidt.py" line="72" name="test_gram_schmidt_biorth[1-&lt;lambda&gt;16]" time="0.008389711380004883"></testcase><testcase classname="src.pymortests.algorithms.gram_schmidt" file="src/pymortests/algorithms/gram_schmidt.py" line="72" name="test_gram_schmidt_biorth[1-&lt;lambda&gt;17]" time="0.0021753311157226562"></testcase><testcase classname="src.pymortests.algorithms.gram_schmidt" file="src/pymortests/algorithms/gram_schmidt.py" line="72" name="test_gram_schmidt_biorth[1-&lt;lambda&gt;18]" time="0.001970052719116211"></testcase><testcase classname="src.pymortests.algorithms.gram_schmidt" file="src/pymortests/algorithms/gram_schmidt.py" line="72" name="test_gram_schmidt_biorth[1-&lt;lambda&gt;19]" time="0.0032813549041748047"></testcase><testcase classname="src.pymortests.algorithms.gram_schmidt" file="src/pymortests/algorithms/gram_schmidt.py" line="72" name="test_gram_schmidt_biorth[1-&lt;lambda&gt;20]" time="0.14743566513061523"></testcase><testcase classname="src.pymortests.algorithms.gram_schmidt" file="src/pymortests/algorithms/gram_schmidt.py" line="72" name="test_gram_schmidt_biorth[1-&lt;lambda&gt;21]" time="0.7367842197418213"></testcase><testcase classname="src.pymortests.algorithms.gram_schmidt" file="src/pymortests/algorithms/gram_schmidt.py" line="72" name="test_gram_schmidt_biorth[1-&lt;lambda&gt;22]" time="0.0017328262329101562"></testcase><testcase classname="src.pymortests.algorithms.gram_schmidt" file="src/pymortests/algorithms/gram_schmidt.py" line="72" name="test_gram_schmidt_biorth[1-&lt;lambda&gt;23]" time="0.0012385845184326172"></testcase><testcase classname="src.pymortests.algorithms.gram_schmidt" file="src/pymortests/algorithms/gram_schmidt.py" line="72" name="test_gram_schmidt_biorth[1-&lt;lambda&gt;24]" time="0.002290010452270508"></testcase><testcase classname="src.pymortests.algorithms.gram_schmidt" file="src/pymortests/algorithms/gram_schmidt.py" line="72" name="test_gram_schmidt_biorth[1-&lt;lambda&gt;25]" time="0.30144333839416504"></testcase><testcase classname="src.pymortests.algorithms.gram_schmidt" file="src/pymortests/algorithms/gram_schmidt.py" line="72" name="test_gram_schmidt_biorth[1-&lt;lambda&gt;26]" time="0.05524778366088867"></testcase><testcase classname="src.pymortests.algorithms.gram_schmidt" file="src/pymortests/algorithms/gram_schmidt.py" line="72" name="test_gram_schmidt_biorth[2-&lt;lambda&gt;0]" time="0.0017480850219726562"></testcase><testcase classname="src.pymortests.algorithms.gram_schmidt" file="src/pymortests/algorithms/gram_schmidt.py" line="72" name="test_gram_schmidt_biorth[2-&lt;lambda&gt;1]" time="0.0011944770812988281"></testcase><testcase classname="src.pymortests.algorithms.gram_schmidt" file="src/pymortests/algorithms/gram_schmidt.py" line="72" name="test_gram_schmidt_biorth[2-&lt;lambda&gt;2]" time="0.0011255741119384766"></testcase><testcase classname="src.pymortests.algorithms.gram_schmidt" file="src/pymortests/algorithms/gram_schmidt.py" line="72" name="test_gram_schmidt_biorth[2-&lt;lambda&gt;3]" time="0.05214333534240723"></testcase><testcase classname="src.pymortests.algorithms.gram_schmidt" file="src/pymortests/algorithms/gram_schmidt.py" line="72" name="test_gram_schmidt_biorth[2-&lt;lambda&gt;4]" time="0.0022873878479003906"></testcase><testcase classname="src.pymortests.algorithms.gram_schmidt" file="src/pymortests/algorithms/gram_schmidt.py" line="72" name="test_gram_schmidt_biorth[2-&lt;lambda&gt;5]" time="0.0014786720275878906"></testcase><testcase classname="src.pymortests.algorithms.gram_schmidt" file="src/pymortests/algorithms/gram_schmidt.py" line="72" name="test_gram_schmidt_biorth[2-&lt;lambda&gt;6]" time="0.001295328140258789"></testcase><testcase classname="src.pymortests.algorithms.gram_schmidt" file="src/pymortests/algorithms/gram_schmidt.py" line="72" name="test_gram_schmidt_biorth[2-&lt;lambda&gt;7]" time="0.0013134479522705078"></testcase><testcase classname="src.pymortests.algorithms.gram_schmidt" file="src/pymortests/algorithms/gram_schmidt.py" line="72" name="test_gram_schmidt_biorth[2-&lt;lambda&gt;8]" time="0.10511088371276855"></testcase><testcase classname="src.pymortests.algorithms.gram_schmidt" file="src/pymortests/algorithms/gram_schmidt.py" line="72" name="test_gram_schmidt_biorth[2-&lt;lambda&gt;9]" time="0.0033943653106689453"></testcase><testcase classname="src.pymortests.algorithms.gram_schmidt" file="src/pymortests/algorithms/gram_schmidt.py" line="72" name="test_gram_schmidt_biorth[2-&lt;lambda&gt;10]" time="0.0014951229095458984"></testcase><testcase classname="src.pymortests.algorithms.gram_schmidt" file="src/pymortests/algorithms/gram_schmidt.py" line="72" name="test_gram_schmidt_biorth[2-&lt;lambda&gt;11]" time="0.006513833999633789"></testcase><testcase classname="src.pymortests.algorithms.gram_schmidt" file="src/pymortests/algorithms/gram_schmidt.py" line="72" name="test_gram_schmidt_biorth[2-&lt;lambda&gt;12]" time="0.0012798309326171875"></testcase><testcase classname="src.pymortests.algorithms.gram_schmidt" file="src/pymortests/algorithms/gram_schmidt.py" line="72" name="test_gram_schmidt_biorth[2-&lt;lambda&gt;13]" time="0.0012462139129638672"></testcase><testcase classname="src.pymortests.algorithms.gram_schmidt" file="src/pymortests/algorithms/gram_schmidt.py" line="72" name="test_gram_schmidt_biorth[2-&lt;lambda&gt;14]" time="0.005099058151245117"></testcase><testcase classname="src.pymortests.algorithms.gram_schmidt" file="src/pymortests/algorithms/gram_schmidt.py" line="72" name="test_gram_schmidt_biorth[2-&lt;lambda&gt;15]" time="0.19965720176696777"></testcase><testcase classname="src.pymortests.algorithms.gram_schmidt" file="src/pymortests/algorithms/gram_schmidt.py" line="72" name="test_gram_schmidt_biorth[2-&lt;lambda&gt;16]" time="0.00888371467590332"></testcase><testcase classname="src.pymortests.algorithms.gram_schmidt" file="src/pymortests/algorithms/gram_schmidt.py" line="72" name="test_gram_schmidt_biorth[2-&lt;lambda&gt;17]" time="0.002168893814086914"></testcase><testcase classname="src.pymortests.algorithms.gram_schmidt" file="src/pymortests/algorithms/gram_schmidt.py" line="72" name="test_gram_schmidt_biorth[2-&lt;lambda&gt;18]" time="0.0019228458404541016"></testcase><testcase classname="src.pymortests.algorithms.gram_schmidt" file="src/pymortests/algorithms/gram_schmidt.py" line="72" name="test_gram_schmidt_biorth[2-&lt;lambda&gt;19]" time="0.003311634063720703"></testcase><testcase classname="src.pymortests.algorithms.gram_schmidt" file="src/pymortests/algorithms/gram_schmidt.py" line="72" name="test_gram_schmidt_biorth[2-&lt;lambda&gt;20]" time="0.14344120025634766"></testcase><testcase classname="src.pymortests.algorithms.gram_schmidt" file="src/pymortests/algorithms/gram_schmidt.py" line="72" name="test_gram_schmidt_biorth[2-&lt;lambda&gt;21]" time="0.7359611988067627"></testcase><testcase classname="src.pymortests.algorithms.gram_schmidt" file="src/pymortests/algorithms/gram_schmidt.py" line="72" name="test_gram_schmidt_biorth[2-&lt;lambda&gt;22]" time="0.0017919540405273438"></testcase><testcase classname="src.pymortests.algorithms.gram_schmidt" file="src/pymortests/algorithms/gram_schmidt.py" line="72" name="test_gram_schmidt_biorth[2-&lt;lambda&gt;23]" time="0.0012328624725341797"></testcase><testcase classname="src.pymortests.algorithms.gram_schmidt" file="src/pymortests/algorithms/gram_schmidt.py" line="72" name="test_gram_schmidt_biorth[2-&lt;lambda&gt;24]" time="0.0025076866149902344"></testcase><testcase classname="src.pymortests.algorithms.gram_schmidt" file="src/pymortests/algorithms/gram_schmidt.py" line="72" name="test_gram_schmidt_biorth[2-&lt;lambda&gt;25]" time="0.28693127632141113"></testcase><testcase classname="src.pymortests.algorithms.gram_schmidt" file="src/pymortests/algorithms/gram_schmidt.py" line="72" name="test_gram_schmidt_biorth[2-&lt;lambda&gt;26]" time="0.05403447151184082"></testcase><testcase classname="src.pymortests.algorithms.gram_schmidt" file="src/pymortests/algorithms/gram_schmidt.py" line="100" name="test_gram_schmidt_biorth_with_product[&lt;lambda&gt;0]" time="0.03170943260192871"><system-err>19:02 DiffusionOperatorP1: Calulate gradients of shape functions transformed by reference map ...
19:02 DiffusionOperatorP1: Calculate all local scalar products beween gradients ...
19:02 DiffusionOperatorP1: Determine global dofs ...
19:02 DiffusionOperatorP1: Boundary treatment ...
19:02 DiffusionOperatorP1: Assemble system matrix ...
19:02 DiffusionOperatorP1: Calulate gradients of shape functions transformed by reference map ...
19:02 DiffusionOperatorP1: Calculate all local scalar products beween gradients ...
19:02 DiffusionOperatorP1: Determine global dofs ...
19:02 DiffusionOperatorP1: Boundary treatment ...
19:02 DiffusionOperatorP1: Assemble system matrix ...
19:02 DiffusionOperatorP1: Calulate gradients of shape functions transformed by reference map ...
19:02 DiffusionOperatorP1: Calculate all local scalar products beween gradients ...
19:02 DiffusionOperatorP1: Determine global dofs ...
19:02 DiffusionOperatorP1: Boundary treatment ...
19:02 DiffusionOperatorP1: Assemble system matrix ...
19:02 DiffusionOperatorP1: Calulate gradients of shape functions transformed by reference map ...
19:02 DiffusionOperatorP1: Calculate all local scalar products beween gradients ...
19:02 DiffusionOperatorP1: Determine global dofs ...
19:02 DiffusionOperatorP1: Boundary treatment ...
19:02 DiffusionOperatorP1: Assemble system matrix ...
19:02 DiffusionOperatorP1: Calulate gradients of shape functions transformed by reference map ...
19:02 DiffusionOperatorP1: Calculate all local scalar products beween gradients ...
19:02 DiffusionOperatorP1: Determine global dofs ...
19:02 DiffusionOperatorP1: Boundary treatment ...
19:02 DiffusionOperatorP1: Assemble system matrix ...
19:02 L2ProductP1: Integrate the products of the shape functions on each element
19:02 L2ProductP1: Determine global dofs ...
19:02 L2ProductP1: Boundary treatment ...
19:02 L2ProductP1: Assemble system matrix ...
19:02 DiffusionOperatorP1: Calulate gradients of shape functions transformed by reference map ...
19:02 DiffusionOperatorP1: Calculate all local scalar products beween gradients ...
19:02 DiffusionOperatorP1: Determine global dofs ...
19:02 DiffusionOperatorP1: Boundary treatment ...
19:02 DiffusionOperatorP1: Assemble system matrix ...
19:02 L2ProductP1: Integrate the products of the shape functions on each element
19:02 L2ProductP1: Determine global dofs ...
19:02 L2ProductP1: Boundary treatment ...
19:02 L2ProductP1: Assemble system matrix ...
19:02 DiffusionOperatorP1: Calulate gradients of shape functions transformed by reference map ...
19:02 DiffusionOperatorP1: Calculate all local scalar products beween gradients ...
19:02 DiffusionOperatorP1: Determine global dofs ...
19:02 DiffusionOperatorP1: Boundary treatment ...
19:02 DiffusionOperatorP1: Assemble system matrix ...
</system-err></testcase><testcase classname="src.pymortests.algorithms.gram_schmidt" file="src/pymortests/algorithms/gram_schmidt.py" line="100" name="test_gram_schmidt_biorth_with_product[&lt;lambda&gt;1]" time="0.0292208194732666"><system-err>19:02 DiffusionOperatorP1: Calulate gradients of shape functions transformed by reference map ...
19:02 DiffusionOperatorP1: Calculate all local scalar products beween gradients ...
19:02 DiffusionOperatorP1: Determine global dofs ...
19:02 DiffusionOperatorP1: Boundary treatment ...
19:02 DiffusionOperatorP1: Assemble system matrix ...
19:02 DiffusionOperatorP1: Calulate gradients of shape functions transformed by reference map ...
19:02 DiffusionOperatorP1: Calculate all local scalar products beween gradients ...
19:02 DiffusionOperatorP1: Determine global dofs ...
19:02 DiffusionOperatorP1: Boundary treatment ...
19:02 DiffusionOperatorP1: Assemble system matrix ...
19:02 L2ProductP1: Integrate the products of the shape functions on each element
19:02 L2ProductP1: Determine global dofs ...
19:02 L2ProductP1: Boundary treatment ...
19:02 L2ProductP1: Assemble system matrix ...
19:02 DiffusionOperatorP1: Calulate gradients of shape functions transformed by reference map ...
19:02 DiffusionOperatorP1: Calculate all local scalar products beween gradients ...
19:02 DiffusionOperatorP1: Determine global dofs ...
19:02 DiffusionOperatorP1: Boundary treatment ...
19:02 DiffusionOperatorP1: Assemble system matrix ...
19:02 L2ProductP1: Integrate the products of the shape functions on each element
19:02 L2ProductP1: Determine global dofs ...
19:02 L2ProductP1: Boundary treatment ...
19:02 L2ProductP1: Assemble system matrix ...
19:02 DiffusionOperatorP1: Calulate gradients of shape functions transformed by reference map ...
19:02 DiffusionOperatorP1: Calculate all local scalar products beween gradients ...
19:02 DiffusionOperatorP1: Determine global dofs ...
19:02 DiffusionOperatorP1: Boundary treatment ...
19:02 DiffusionOperatorP1: Assemble system matrix ...
19:02 gram_schmidt_biorth: Projecting vector V[1] again
19:02 gram_schmidt_biorth: Projecting vector W[1] again
19:02 gram_schmidt_biorth: Projecting vector V[1] again
19:02 gram_schmidt_biorth: Projecting vector W[1] again
</system-err></testcase><testcase classname="src.pymortests.algorithms.gram_schmidt" file="src/pymortests/algorithms/gram_schmidt.py" line="100" name="test_gram_schmidt_biorth_with_product[&lt;lambda&gt;2]" time="0.03336167335510254"><system-err>19:02 DiffusionOperatorP1: Calulate gradients of shape functions transformed by reference map ...
19:02 DiffusionOperatorP1: Calculate all local scalar products beween gradients ...
19:02 DiffusionOperatorP1: Determine global dofs ...
19:02 DiffusionOperatorP1: Boundary treatment ...
19:02 DiffusionOperatorP1: Assemble system matrix ...
19:02 DiffusionOperatorP1: Calulate gradients of shape functions transformed by reference map ...
19:02 DiffusionOperatorP1: Calculate all local scalar products beween gradients ...
19:02 DiffusionOperatorP1: Determine global dofs ...
19:02 DiffusionOperatorP1: Boundary treatment ...
19:02 DiffusionOperatorP1: Assemble system matrix ...
19:02 DiffusionOperatorP1: Calulate gradients of shape functions transformed by reference map ...
19:02 DiffusionOperatorP1: Calculate all local scalar products beween gradients ...
19:02 DiffusionOperatorP1: Determine global dofs ...
19:02 DiffusionOperatorP1: Boundary treatment ...
19:02 DiffusionOperatorP1: Assemble system matrix ...
19:02 DiffusionOperatorP1: Calulate gradients of shape functions transformed by reference map ...
19:02 DiffusionOperatorP1: Calculate all local scalar products beween gradients ...
19:02 DiffusionOperatorP1: Determine global dofs ...
19:02 DiffusionOperatorP1: Boundary treatment ...
19:02 DiffusionOperatorP1: Assemble system matrix ...
19:02 DiffusionOperatorP1: Calulate gradients of shape functions transformed by reference map ...
19:02 DiffusionOperatorP1: Calculate all local scalar products beween gradients ...
19:02 DiffusionOperatorP1: Determine global dofs ...
19:02 DiffusionOperatorP1: Boundary treatment ...
19:02 DiffusionOperatorP1: Assemble system matrix ...
19:02 L2ProductP1: Integrate the products of the shape functions on each element
19:02 L2ProductP1: Determine global dofs ...
19:02 L2ProductP1: Boundary treatment ...
19:02 L2ProductP1: Assemble system matrix ...
19:02 DiffusionOperatorP1: Calulate gradients of shape functions transformed by reference map ...
19:02 DiffusionOperatorP1: Calculate all local scalar products beween gradients ...
19:02 DiffusionOperatorP1: Determine global dofs ...
19:02 DiffusionOperatorP1: Boundary treatment ...
19:02 DiffusionOperatorP1: Assemble system matrix ...
19:02 L2ProductP1: Integrate the products of the shape functions on each element
19:02 L2ProductP1: Determine global dofs ...
19:02 L2ProductP1: Boundary treatment ...
19:02 L2ProductP1: Assemble system matrix ...
19:02 DiffusionOperatorP1: Calulate gradients of shape functions transformed by reference map ...
19:02 DiffusionOperatorP1: Calculate all local scalar products beween gradients ...
19:02 DiffusionOperatorP1: Determine global dofs ...
19:02 DiffusionOperatorP1: Boundary treatment ...
19:02 DiffusionOperatorP1: Assemble system matrix ...
</system-err></testcase><testcase classname="src.pymortests.algorithms.gram_schmidt" file="src/pymortests/algorithms/gram_schmidt.py" line="100" name="test_gram_schmidt_biorth_with_product[&lt;lambda&gt;3]" time="0.02965402603149414"><system-err>19:02 DiffusionOperatorP1: Calulate gradients of shape functions transformed by reference map ...
19:02 DiffusionOperatorP1: Calculate all local scalar products beween gradients ...
19:02 DiffusionOperatorP1: Determine global dofs ...
19:02 DiffusionOperatorP1: Boundary treatment ...
19:02 DiffusionOperatorP1: Assemble system matrix ...
19:02 DiffusionOperatorP1: Calulate gradients of shape functions transformed by reference map ...
19:02 DiffusionOperatorP1: Calculate all local scalar products beween gradients ...
19:02 DiffusionOperatorP1: Determine global dofs ...
19:02 DiffusionOperatorP1: Boundary treatment ...
19:02 DiffusionOperatorP1: Assemble system matrix ...
19:02 L2ProductP1: Integrate the products of the shape functions on each element
19:02 L2ProductP1: Determine global dofs ...
19:02 L2ProductP1: Boundary treatment ...
19:02 L2ProductP1: Assemble system matrix ...
19:02 DiffusionOperatorP1: Calulate gradients of shape functions transformed by reference map ...
19:02 DiffusionOperatorP1: Calculate all local scalar products beween gradients ...
19:02 DiffusionOperatorP1: Determine global dofs ...
19:02 DiffusionOperatorP1: Boundary treatment ...
19:02 DiffusionOperatorP1: Assemble system matrix ...
19:02 L2ProductP1: Integrate the products of the shape functions on each element
19:02 L2ProductP1: Determine global dofs ...
19:02 L2ProductP1: Boundary treatment ...
19:02 L2ProductP1: Assemble system matrix ...
19:02 DiffusionOperatorP1: Calulate gradients of shape functions transformed by reference map ...
19:02 DiffusionOperatorP1: Calculate all local scalar products beween gradients ...
19:02 DiffusionOperatorP1: Determine global dofs ...
19:02 DiffusionOperatorP1: Boundary treatment ...
19:02 DiffusionOperatorP1: Assemble system matrix ...
19:02 gram_schmidt_biorth: Projecting vector V[1] again
19:02 gram_schmidt_biorth: Projecting vector W[1] again
19:02 gram_schmidt_biorth: Projecting vector V[1] again
19:02 gram_schmidt_biorth: Projecting vector W[1] again
</system-err></testcase><testcase classname="src.pymortests.algorithms.gram_schmidt" file="src/pymortests/algorithms/gram_schmidt.py" line="100" name="test_gram_schmidt_biorth_with_product[&lt;lambda&gt;4]" time="0.03160405158996582"><system-err>19:02 DiffusionOperatorP1: Calulate gradients of shape functions transformed by reference map ...
19:02 DiffusionOperatorP1: Calculate all local scalar products beween gradients ...
19:02 DiffusionOperatorP1: Determine global dofs ...
19:02 DiffusionOperatorP1: Boundary treatment ...
19:02 DiffusionOperatorP1: Assemble system matrix ...
19:02 DiffusionOperatorP1: Calulate gradients of shape functions transformed by reference map ...
19:02 DiffusionOperatorP1: Calculate all local scalar products beween gradients ...
19:02 DiffusionOperatorP1: Determine global dofs ...
19:02 DiffusionOperatorP1: Boundary treatment ...
19:02 DiffusionOperatorP1: Assemble system matrix ...
19:02 DiffusionOperatorP1: Calulate gradients of shape functions transformed by reference map ...
19:02 DiffusionOperatorP1: Calculate all local scalar products beween gradients ...
19:02 DiffusionOperatorP1: Determine global dofs ...
19:02 DiffusionOperatorP1: Boundary treatment ...
19:02 DiffusionOperatorP1: Assemble system matrix ...
19:02 DiffusionOperatorP1: Calulate gradients of shape functions transformed by reference map ...
19:02 DiffusionOperatorP1: Calculate all local scalar products beween gradients ...
19:02 DiffusionOperatorP1: Determine global dofs ...
19:02 DiffusionOperatorP1: Boundary treatment ...
19:02 DiffusionOperatorP1: Assemble system matrix ...
19:02 DiffusionOperatorP1: Calulate gradients of shape functions transformed by reference map ...
19:02 DiffusionOperatorP1: Calculate all local scalar products beween gradients ...
19:02 DiffusionOperatorP1: Determine global dofs ...
19:02 DiffusionOperatorP1: Boundary treatment ...
19:02 DiffusionOperatorP1: Assemble system matrix ...
19:02 L2ProductP1: Integrate the products of the shape functions on each element
19:02 L2ProductP1: Determine global dofs ...
19:02 L2ProductP1: Boundary treatment ...
19:02 L2ProductP1: Assemble system matrix ...
19:02 DiffusionOperatorP1: Calulate gradients of shape functions transformed by reference map ...
19:02 DiffusionOperatorP1: Calculate all local scalar products beween gradients ...
19:02 DiffusionOperatorP1: Determine global dofs ...
19:02 DiffusionOperatorP1: Boundary treatment ...
19:02 DiffusionOperatorP1: Assemble system matrix ...
19:02 L2ProductP1: Integrate the products of the shape functions on each element
19:02 L2ProductP1: Determine global dofs ...
19:02 L2ProductP1: Boundary treatment ...
19:02 L2ProductP1: Assemble system matrix ...
19:02 DiffusionOperatorP1: Calulate gradients of shape functions transformed by reference map ...
19:02 DiffusionOperatorP1: Calculate all local scalar products beween gradients ...
19:02 DiffusionOperatorP1: Determine global dofs ...
19:02 DiffusionOperatorP1: Boundary treatment ...
19:02 DiffusionOperatorP1: Assemble system matrix ...
</system-err></testcase><testcase classname="src.pymortests.algorithms.gram_schmidt" file="src/pymortests/algorithms/gram_schmidt.py" line="100" name="test_gram_schmidt_biorth_with_product[&lt;lambda&gt;5]" time="0.029028892517089844"><system-err>19:02 DiffusionOperatorP1: Calulate gradients of shape functions transformed by reference map ...
19:02 DiffusionOperatorP1: Calculate all local scalar products beween gradients ...
19:02 DiffusionOperatorP1: Determine global dofs ...
19:02 DiffusionOperatorP1: Boundary treatment ...
19:02 DiffusionOperatorP1: Assemble system matrix ...
19:02 DiffusionOperatorP1: Calulate gradients of shape functions transformed by reference map ...
19:02 DiffusionOperatorP1: Calculate all local scalar products beween gradients ...
19:02 DiffusionOperatorP1: Determine global dofs ...
19:02 DiffusionOperatorP1: Boundary treatment ...
19:02 DiffusionOperatorP1: Assemble system matrix ...
19:02 L2ProductP1: Integrate the products of the shape functions on each element
19:02 L2ProductP1: Determine global dofs ...
19:02 L2ProductP1: Boundary treatment ...
19:02 L2ProductP1: Assemble system matrix ...
19:02 DiffusionOperatorP1: Calulate gradients of shape functions transformed by reference map ...
19:02 DiffusionOperatorP1: Calculate all local scalar products beween gradients ...
19:02 DiffusionOperatorP1: Determine global dofs ...
19:02 DiffusionOperatorP1: Boundary treatment ...
19:02 DiffusionOperatorP1: Assemble system matrix ...
19:02 L2ProductP1: Integrate the products of the shape functions on each element
19:02 L2ProductP1: Determine global dofs ...
19:02 L2ProductP1: Boundary treatment ...
19:02 L2ProductP1: Assemble system matrix ...
19:02 DiffusionOperatorP1: Calulate gradients of shape functions transformed by reference map ...
19:02 DiffusionOperatorP1: Calculate all local scalar products beween gradients ...
19:02 DiffusionOperatorP1: Determine global dofs ...
19:02 DiffusionOperatorP1: Boundary treatment ...
19:02 DiffusionOperatorP1: Assemble system matrix ...
19:02 gram_schmidt_biorth: Projecting vector V[1] again
19:02 gram_schmidt_biorth: Projecting vector W[1] again
19:02 gram_schmidt_biorth: Projecting vector V[1] again
19:02 gram_schmidt_biorth: Projecting vector W[1] again
</system-err></testcase><testcase classname="src.pymortests.algorithms.gram_schmidt" file="src/pymortests/algorithms/gram_schmidt.py" line="100" name="test_gram_schmidt_biorth_with_product[&lt;lambda&gt;6]" time="0.03313255310058594"><system-err>19:02 DiffusionOperatorP1: Calulate gradients of shape functions transformed by reference map ...
19:03 DiffusionOperatorP1: Calculate all local scalar products beween gradients ...
19:03 DiffusionOperatorP1: Determine global dofs ...
19:03 DiffusionOperatorP1: Boundary treatment ...
19:03 DiffusionOperatorP1: Assemble system matrix ...
19:03 DiffusionOperatorP1: Calulate gradients of shape functions transformed by reference map ...
19:03 DiffusionOperatorP1: Calculate all local scalar products beween gradients ...
19:03 DiffusionOperatorP1: Determine global dofs ...
19:03 DiffusionOperatorP1: Boundary treatment ...
19:03 DiffusionOperatorP1: Assemble system matrix ...
19:03 DiffusionOperatorP1: Calulate gradients of shape functions transformed by reference map ...
19:03 DiffusionOperatorP1: Calculate all local scalar products beween gradients ...
19:03 DiffusionOperatorP1: Determine global dofs ...
19:03 DiffusionOperatorP1: Boundary treatment ...
19:03 DiffusionOperatorP1: Assemble system matrix ...
19:03 DiffusionOperatorP1: Calulate gradients of shape functions transformed by reference map ...
19:03 DiffusionOperatorP1: Calculate all local scalar products beween gradients ...
19:03 DiffusionOperatorP1: Determine global dofs ...
19:03 DiffusionOperatorP1: Boundary treatment ...
19:03 DiffusionOperatorP1: Assemble system matrix ...
19:03 DiffusionOperatorP1: Calulate gradients of shape functions transformed by reference map ...
19:03 DiffusionOperatorP1: Calculate all local scalar products beween gradients ...
19:03 DiffusionOperatorP1: Determine global dofs ...
19:03 DiffusionOperatorP1: Boundary treatment ...
19:03 DiffusionOperatorP1: Assemble system matrix ...
19:03 L2ProductP1: Integrate the products of the shape functions on each element
19:03 L2ProductP1: Determine global dofs ...
19:03 L2ProductP1: Boundary treatment ...
19:03 L2ProductP1: Assemble system matrix ...
19:03 DiffusionOperatorP1: Calulate gradients of shape functions transformed by reference map ...
19:03 DiffusionOperatorP1: Calculate all local scalar products beween gradients ...
19:03 DiffusionOperatorP1: Determine global dofs ...
19:03 DiffusionOperatorP1: Boundary treatment ...
19:03 DiffusionOperatorP1: Assemble system matrix ...
19:03 L2ProductP1: Integrate the products of the shape functions on each element
19:03 L2ProductP1: Determine global dofs ...
19:03 L2ProductP1: Boundary treatment ...
19:03 L2ProductP1: Assemble system matrix ...
19:03 DiffusionOperatorP1: Calulate gradients of shape functions transformed by reference map ...
19:03 DiffusionOperatorP1: Calculate all local scalar products beween gradients ...
19:03 DiffusionOperatorP1: Determine global dofs ...
19:03 DiffusionOperatorP1: Boundary treatment ...
19:03 DiffusionOperatorP1: Assemble system matrix ...
</system-err></testcase><testcase classname="src.pymortests.algorithms.gram_schmidt" file="src/pymortests/algorithms/gram_schmidt.py" line="100" name="test_gram_schmidt_biorth_with_product[&lt;lambda&gt;7]" time="0.02928900718688965"><system-err>19:03 DiffusionOperatorP1: Calulate gradients of shape functions transformed by reference map ...
19:03 DiffusionOperatorP1: Calculate all local scalar products beween gradients ...
19:03 DiffusionOperatorP1: Determine global dofs ...
19:03 DiffusionOperatorP1: Boundary treatment ...
19:03 DiffusionOperatorP1: Assemble system matrix ...
19:03 DiffusionOperatorP1: Calulate gradients of shape functions transformed by reference map ...
19:03 DiffusionOperatorP1: Calculate all local scalar products beween gradients ...
19:03 DiffusionOperatorP1: Determine global dofs ...
19:03 DiffusionOperatorP1: Boundary treatment ...
19:03 DiffusionOperatorP1: Assemble system matrix ...
19:03 L2ProductP1: Integrate the products of the shape functions on each element
19:03 L2ProductP1: Determine global dofs ...
19:03 L2ProductP1: Boundary treatment ...
19:03 L2ProductP1: Assemble system matrix ...
19:03 DiffusionOperatorP1: Calulate gradients of shape functions transformed by reference map ...
19:03 DiffusionOperatorP1: Calculate all local scalar products beween gradients ...
19:03 DiffusionOperatorP1: Determine global dofs ...
19:03 DiffusionOperatorP1: Boundary treatment ...
19:03 DiffusionOperatorP1: Assemble system matrix ...
19:03 L2ProductP1: Integrate the products of the shape functions on each element
19:03 L2ProductP1: Determine global dofs ...
19:03 L2ProductP1: Boundary treatment ...
19:03 L2ProductP1: Assemble system matrix ...
19:03 DiffusionOperatorP1: Calulate gradients of shape functions transformed by reference map ...
19:03 DiffusionOperatorP1: Calculate all local scalar products beween gradients ...
19:03 DiffusionOperatorP1: Determine global dofs ...
19:03 DiffusionOperatorP1: Boundary treatment ...
19:03 DiffusionOperatorP1: Assemble system matrix ...
19:03 gram_schmidt_biorth: Projecting vector V[1] again
19:03 gram_schmidt_biorth: Projecting vector W[1] again
19:03 gram_schmidt_biorth: Projecting vector V[1] again
19:03 gram_schmidt_biorth: Projecting vector W[1] again
</system-err></testcase><testcase classname="src.pymortests.algorithms.gram_schmidt" file="src/pymortests/algorithms/gram_schmidt.py" line="100" name="test_gram_schmidt_biorth_with_product[&lt;lambda&gt;8]" time="0.03189659118652344"><system-err>19:03 DiffusionOperatorP1: Calulate gradients of shape functions transformed by reference map ...
19:03 DiffusionOperatorP1: Calculate all local scalar products beween gradients ...
19:03 DiffusionOperatorP1: Determine global dofs ...
19:03 DiffusionOperatorP1: Boundary treatment ...
19:03 DiffusionOperatorP1: Assemble system matrix ...
19:03 DiffusionOperatorP1: Calulate gradients of shape functions transformed by reference map ...
19:03 DiffusionOperatorP1: Calculate all local scalar products beween gradients ...
19:03 DiffusionOperatorP1: Determine global dofs ...
19:03 DiffusionOperatorP1: Boundary treatment ...
19:03 DiffusionOperatorP1: Assemble system matrix ...
19:03 DiffusionOperatorP1: Calulate gradients of shape functions transformed by reference map ...
19:03 DiffusionOperatorP1: Calculate all local scalar products beween gradients ...
19:03 DiffusionOperatorP1: Determine global dofs ...
19:03 DiffusionOperatorP1: Boundary treatment ...
19:03 DiffusionOperatorP1: Assemble system matrix ...
19:03 DiffusionOperatorP1: Calulate gradients of shape functions transformed by reference map ...
19:03 DiffusionOperatorP1: Calculate all local scalar products beween gradients ...
19:03 DiffusionOperatorP1: Determine global dofs ...
19:03 DiffusionOperatorP1: Boundary treatment ...
19:03 DiffusionOperatorP1: Assemble system matrix ...
19:03 DiffusionOperatorP1: Calulate gradients of shape functions transformed by reference map ...
19:03 DiffusionOperatorP1: Calculate all local scalar products beween gradients ...
19:03 DiffusionOperatorP1: Determine global dofs ...
19:03 DiffusionOperatorP1: Boundary treatment ...
19:03 DiffusionOperatorP1: Assemble system matrix ...
19:03 L2ProductP1: Integrate the products of the shape functions on each element
19:03 L2ProductP1: Determine global dofs ...
19:03 L2ProductP1: Boundary treatment ...
19:03 L2ProductP1: Assemble system matrix ...
19:03 DiffusionOperatorP1: Calulate gradients of shape functions transformed by reference map ...
19:03 DiffusionOperatorP1: Calculate all local scalar products beween gradients ...
19:03 DiffusionOperatorP1: Determine global dofs ...
19:03 DiffusionOperatorP1: Boundary treatment ...
19:03 DiffusionOperatorP1: Assemble system matrix ...
19:03 L2ProductP1: Integrate the products of the shape functions on each element
19:03 L2ProductP1: Determine global dofs ...
19:03 L2ProductP1: Boundary treatment ...
19:03 L2ProductP1: Assemble system matrix ...
19:03 DiffusionOperatorP1: Calulate gradients of shape functions transformed by reference map ...
19:03 DiffusionOperatorP1: Calculate all local scalar products beween gradients ...
19:03 DiffusionOperatorP1: Determine global dofs ...
19:03 DiffusionOperatorP1: Boundary treatment ...
19:03 DiffusionOperatorP1: Assemble system matrix ...
</system-err></testcase><testcase classname="src.pymortests.algorithms.gram_schmidt" file="src/pymortests/algorithms/gram_schmidt.py" line="100" name="test_gram_schmidt_biorth_with_product[&lt;lambda&gt;9]" time="0.028880834579467773"><system-err>19:03 DiffusionOperatorP1: Calulate gradients of shape functions transformed by reference map ...
19:03 DiffusionOperatorP1: Calculate all local scalar products beween gradients ...
19:03 DiffusionOperatorP1: Determine global dofs ...
19:03 DiffusionOperatorP1: Boundary treatment ...
19:03 DiffusionOperatorP1: Assemble system matrix ...
19:03 DiffusionOperatorP1: Calulate gradients of shape functions transformed by reference map ...
19:03 DiffusionOperatorP1: Calculate all local scalar products beween gradients ...
19:03 DiffusionOperatorP1: Determine global dofs ...
19:03 DiffusionOperatorP1: Boundary treatment ...
19:03 DiffusionOperatorP1: Assemble system matrix ...
19:03 L2ProductP1: Integrate the products of the shape functions on each element
19:03 L2ProductP1: Determine global dofs ...
19:03 L2ProductP1: Boundary treatment ...
19:03 L2ProductP1: Assemble system matrix ...
19:03 DiffusionOperatorP1: Calulate gradients of shape functions transformed by reference map ...
19:03 DiffusionOperatorP1: Calculate all local scalar products beween gradients ...
19:03 DiffusionOperatorP1: Determine global dofs ...
19:03 DiffusionOperatorP1: Boundary treatment ...
19:03 DiffusionOperatorP1: Assemble system matrix ...
19:03 L2ProductP1: Integrate the products of the shape functions on each element
19:03 L2ProductP1: Determine global dofs ...
19:03 L2ProductP1: Boundary treatment ...
19:03 L2ProductP1: Assemble system matrix ...
19:03 DiffusionOperatorP1: Calulate gradients of shape functions transformed by reference map ...
19:03 DiffusionOperatorP1: Calculate all local scalar products beween gradients ...
19:03 DiffusionOperatorP1: Determine global dofs ...
19:03 DiffusionOperatorP1: Boundary treatment ...
19:03 DiffusionOperatorP1: Assemble system matrix ...
19:03 gram_schmidt_biorth: Projecting vector V[1] again
19:03 gram_schmidt_biorth: Projecting vector W[1] again
19:03 gram_schmidt_biorth: Projecting vector V[1] again
19:03 gram_schmidt_biorth: Projecting vector W[1] again
</system-err></testcase><testcase classname="src.pymortests.algorithms.gram_schmidt" file="src/pymortests/algorithms/gram_schmidt.py" line="100" name="test_gram_schmidt_biorth_with_product[&lt;lambda&gt;10]" time="0.032366275787353516"><system-err>19:03 DiffusionOperatorP1: Calulate gradients of shape functions transformed by reference map ...
19:03 DiffusionOperatorP1: Calculate all local scalar products beween gradients ...
19:03 DiffusionOperatorP1: Determine global dofs ...
19:03 DiffusionOperatorP1: Boundary treatment ...
19:03 DiffusionOperatorP1: Assemble system matrix ...
19:03 DiffusionOperatorP1: Calulate gradients of shape functions transformed by reference map ...
19:03 DiffusionOperatorP1: Calculate all local scalar products beween gradients ...
19:03 DiffusionOperatorP1: Determine global dofs ...
19:03 DiffusionOperatorP1: Boundary treatment ...
19:03 DiffusionOperatorP1: Assemble system matrix ...
19:03 DiffusionOperatorP1: Calulate gradients of shape functions transformed by reference map ...
19:03 DiffusionOperatorP1: Calculate all local scalar products beween gradients ...
19:03 DiffusionOperatorP1: Determine global dofs ...
19:03 DiffusionOperatorP1: Boundary treatment ...
19:03 DiffusionOperatorP1: Assemble system matrix ...
19:03 DiffusionOperatorP1: Calulate gradients of shape functions transformed by reference map ...
19:03 DiffusionOperatorP1: Calculate all local scalar products beween gradients ...
19:03 DiffusionOperatorP1: Determine global dofs ...
19:03 DiffusionOperatorP1: Boundary treatment ...
19:03 DiffusionOperatorP1: Assemble system matrix ...
19:03 DiffusionOperatorP1: Calulate gradients of shape functions transformed by reference map ...
19:03 DiffusionOperatorP1: Calculate all local scalar products beween gradients ...
19:03 DiffusionOperatorP1: Determine global dofs ...
19:03 DiffusionOperatorP1: Boundary treatment ...
19:03 DiffusionOperatorP1: Assemble system matrix ...
19:03 L2ProductP1: Integrate the products of the shape functions on each element
19:03 L2ProductP1: Determine global dofs ...
19:03 L2ProductP1: Boundary treatment ...
19:03 L2ProductP1: Assemble system matrix ...
19:03 DiffusionOperatorP1: Calulate gradients of shape functions transformed by reference map ...
19:03 DiffusionOperatorP1: Calculate all local scalar products beween gradients ...
19:03 DiffusionOperatorP1: Determine global dofs ...
19:03 DiffusionOperatorP1: Boundary treatment ...
19:03 DiffusionOperatorP1: Assemble system matrix ...
19:03 L2ProductP1: Integrate the products of the shape functions on each element
19:03 L2ProductP1: Determine global dofs ...
19:03 L2ProductP1: Boundary treatment ...
19:03 L2ProductP1: Assemble system matrix ...
19:03 DiffusionOperatorP1: Calulate gradients of shape functions transformed by reference map ...
19:03 DiffusionOperatorP1: Calculate all local scalar products beween gradients ...
19:03 DiffusionOperatorP1: Determine global dofs ...
19:03 DiffusionOperatorP1: Boundary treatment ...
19:03 DiffusionOperatorP1: Assemble system matrix ...
</system-err></testcase><testcase classname="src.pymortests.algorithms.gram_schmidt" file="src/pymortests/algorithms/gram_schmidt.py" line="100" name="test_gram_schmidt_biorth_with_product[&lt;lambda&gt;11]" time="0.029032468795776367"><system-err>19:03 DiffusionOperatorP1: Calulate gradients of shape functions transformed by reference map ...
19:03 DiffusionOperatorP1: Calculate all local scalar products beween gradients ...
19:03 DiffusionOperatorP1: Determine global dofs ...
19:03 DiffusionOperatorP1: Boundary treatment ...
19:03 DiffusionOperatorP1: Assemble system matrix ...
19:03 DiffusionOperatorP1: Calulate gradients of shape functions transformed by reference map ...
19:03 DiffusionOperatorP1: Calculate all local scalar products beween gradients ...
19:03 DiffusionOperatorP1: Determine global dofs ...
19:03 DiffusionOperatorP1: Boundary treatment ...
19:03 DiffusionOperatorP1: Assemble system matrix ...
19:03 L2ProductP1: Integrate the products of the shape functions on each element
19:03 L2ProductP1: Determine global dofs ...
19:03 L2ProductP1: Boundary treatment ...
19:03 L2ProductP1: Assemble system matrix ...
19:03 DiffusionOperatorP1: Calulate gradients of shape functions transformed by reference map ...
19:03 DiffusionOperatorP1: Calculate all local scalar products beween gradients ...
19:03 DiffusionOperatorP1: Determine global dofs ...
19:03 DiffusionOperatorP1: Boundary treatment ...
19:03 DiffusionOperatorP1: Assemble system matrix ...
19:03 L2ProductP1: Integrate the products of the shape functions on each element
19:03 L2ProductP1: Determine global dofs ...
19:03 L2ProductP1: Boundary treatment ...
19:03 L2ProductP1: Assemble system matrix ...
19:03 DiffusionOperatorP1: Calulate gradients of shape functions transformed by reference map ...
19:03 DiffusionOperatorP1: Calculate all local scalar products beween gradients ...
19:03 DiffusionOperatorP1: Determine global dofs ...
19:03 DiffusionOperatorP1: Boundary treatment ...
19:03 DiffusionOperatorP1: Assemble system matrix ...
19:03 gram_schmidt_biorth: Projecting vector V[1] again
19:03 gram_schmidt_biorth: Projecting vector W[1] again
19:03 gram_schmidt_biorth: Projecting vector V[1] again
19:03 gram_schmidt_biorth: Projecting vector W[1] again
</system-err></testcase><testcase classname="src.pymortests.algorithms.gram_schmidt" file="src/pymortests/algorithms/gram_schmidt.py" line="100" name="test_gram_schmidt_biorth_with_product[&lt;lambda&gt;12]" time="0.03279852867126465"><system-err>19:03 DiffusionOperatorP1: Calulate gradients of shape functions transformed by reference map ...
19:03 DiffusionOperatorP1: Calculate all local scalar products beween gradients ...
19:03 DiffusionOperatorP1: Determine global dofs ...
19:03 DiffusionOperatorP1: Boundary treatment ...
19:03 DiffusionOperatorP1: Assemble system matrix ...
19:03 DiffusionOperatorP1: Calulate gradients of shape functions transformed by reference map ...
19:03 DiffusionOperatorP1: Calculate all local scalar products beween gradients ...
19:03 DiffusionOperatorP1: Determine global dofs ...
19:03 DiffusionOperatorP1: Boundary treatment ...
19:03 DiffusionOperatorP1: Assemble system matrix ...
19:03 DiffusionOperatorP1: Calulate gradients of shape functions transformed by reference map ...
19:03 DiffusionOperatorP1: Calculate all local scalar products beween gradients ...
19:03 DiffusionOperatorP1: Determine global dofs ...
19:03 DiffusionOperatorP1: Boundary treatment ...
19:03 DiffusionOperatorP1: Assemble system matrix ...
19:03 DiffusionOperatorP1: Calulate gradients of shape functions transformed by reference map ...
19:03 DiffusionOperatorP1: Calculate all local scalar products beween gradients ...
19:03 DiffusionOperatorP1: Determine global dofs ...
19:03 DiffusionOperatorP1: Boundary treatment ...
19:03 DiffusionOperatorP1: Assemble system matrix ...
19:03 DiffusionOperatorP1: Calulate gradients of shape functions transformed by reference map ...
19:03 DiffusionOperatorP1: Calculate all local scalar products beween gradients ...
19:03 DiffusionOperatorP1: Determine global dofs ...
19:03 DiffusionOperatorP1: Boundary treatment ...
19:03 DiffusionOperatorP1: Assemble system matrix ...
19:03 L2ProductP1: Integrate the products of the shape functions on each element
19:03 L2ProductP1: Determine global dofs ...
19:03 L2ProductP1: Boundary treatment ...
19:03 L2ProductP1: Assemble system matrix ...
19:03 DiffusionOperatorP1: Calulate gradients of shape functions transformed by reference map ...
19:03 DiffusionOperatorP1: Calculate all local scalar products beween gradients ...
19:03 DiffusionOperatorP1: Determine global dofs ...
19:03 DiffusionOperatorP1: Boundary treatment ...
19:03 DiffusionOperatorP1: Assemble system matrix ...
19:03 L2ProductP1: Integrate the products of the shape functions on each element
19:03 L2ProductP1: Determine global dofs ...
19:03 L2ProductP1: Boundary treatment ...
19:03 L2ProductP1: Assemble system matrix ...
19:03 DiffusionOperatorP1: Calulate gradients of shape functions transformed by reference map ...
19:03 DiffusionOperatorP1: Calculate all local scalar products beween gradients ...
19:03 DiffusionOperatorP1: Determine global dofs ...
19:03 DiffusionOperatorP1: Boundary treatment ...
19:03 DiffusionOperatorP1: Assemble system matrix ...
</system-err></testcase><testcase classname="src.pymortests.algorithms.gram_schmidt" file="src/pymortests/algorithms/gram_schmidt.py" line="100" name="test_gram_schmidt_biorth_with_product[&lt;lambda&gt;13]" time="0.028734683990478516"><system-err>19:03 DiffusionOperatorP1: Calulate gradients of shape functions transformed by reference map ...
19:03 DiffusionOperatorP1: Calculate all local scalar products beween gradients ...
19:03 DiffusionOperatorP1: Determine global dofs ...
19:03 DiffusionOperatorP1: Boundary treatment ...
19:03 DiffusionOperatorP1: Assemble system matrix ...
19:03 DiffusionOperatorP1: Calulate gradients of shape functions transformed by reference map ...
19:03 DiffusionOperatorP1: Calculate all local scalar products beween gradients ...
19:03 DiffusionOperatorP1: Determine global dofs ...
19:03 DiffusionOperatorP1: Boundary treatment ...
19:03 DiffusionOperatorP1: Assemble system matrix ...
19:03 L2ProductP1: Integrate the products of the shape functions on each element
19:03 L2ProductP1: Determine global dofs ...
19:03 L2ProductP1: Boundary treatment ...
19:03 L2ProductP1: Assemble system matrix ...
19:03 DiffusionOperatorP1: Calulate gradients of shape functions transformed by reference map ...
19:03 DiffusionOperatorP1: Calculate all local scalar products beween gradients ...
19:03 DiffusionOperatorP1: Determine global dofs ...
19:03 DiffusionOperatorP1: Boundary treatment ...
19:03 DiffusionOperatorP1: Assemble system matrix ...
19:03 L2ProductP1: Integrate the products of the shape functions on each element
19:03 L2ProductP1: Determine global dofs ...
19:03 L2ProductP1: Boundary treatment ...
19:03 L2ProductP1: Assemble system matrix ...
19:03 DiffusionOperatorP1: Calulate gradients of shape functions transformed by reference map ...
19:03 DiffusionOperatorP1: Calculate all local scalar products beween gradients ...
19:03 DiffusionOperatorP1: Determine global dofs ...
19:03 DiffusionOperatorP1: Boundary treatment ...
19:03 DiffusionOperatorP1: Assemble system matrix ...
</system-err></testcase><testcase classname="src.pymortests.algorithms.gram_schmidt" file="src/pymortests/algorithms/gram_schmidt.py" line="100" name="test_gram_schmidt_biorth_with_product[&lt;lambda&gt;14]" time="0.0364992618560791"><system-err>19:03 DiffusionOperatorP1: Calulate gradients of shape functions transformed by reference map ...
19:03 DiffusionOperatorP1: Calculate all local scalar products beween gradients ...
19:03 DiffusionOperatorP1: Determine global dofs ...
19:03 DiffusionOperatorP1: Boundary treatment ...
19:03 DiffusionOperatorP1: Assemble system matrix ...
19:03 DiffusionOperatorP1: Calulate gradients of shape functions transformed by reference map ...
19:03 DiffusionOperatorP1: Calculate all local scalar products beween gradients ...
19:03 DiffusionOperatorP1: Determine global dofs ...
19:03 DiffusionOperatorP1: Boundary treatment ...
19:03 DiffusionOperatorP1: Assemble system matrix ...
19:03 DiffusionOperatorP1: Calulate gradients of shape functions transformed by reference map ...
19:03 DiffusionOperatorP1: Calculate all local scalar products beween gradients ...
19:03 DiffusionOperatorP1: Determine global dofs ...
19:03 DiffusionOperatorP1: Boundary treatment ...
19:03 DiffusionOperatorP1: Assemble system matrix ...
19:03 DiffusionOperatorP1: Calulate gradients of shape functions transformed by reference map ...
19:03 DiffusionOperatorP1: Calculate all local scalar products beween gradients ...
19:03 DiffusionOperatorP1: Determine global dofs ...
19:03 DiffusionOperatorP1: Boundary treatment ...
19:03 DiffusionOperatorP1: Assemble system matrix ...
19:03 DiffusionOperatorP1: Calulate gradients of shape functions transformed by reference map ...
19:03 DiffusionOperatorP1: Calculate all local scalar products beween gradients ...
19:03 DiffusionOperatorP1: Determine global dofs ...
19:03 DiffusionOperatorP1: Boundary treatment ...
19:03 DiffusionOperatorP1: Assemble system matrix ...
19:03 L2ProductP1: Integrate the products of the shape functions on each element
19:03 L2ProductP1: Determine global dofs ...
19:03 L2ProductP1: Boundary treatment ...
19:03 L2ProductP1: Assemble system matrix ...
19:03 DiffusionOperatorP1: Calulate gradients of shape functions transformed by reference map ...
19:03 DiffusionOperatorP1: Calculate all local scalar products beween gradients ...
19:03 DiffusionOperatorP1: Determine global dofs ...
19:03 DiffusionOperatorP1: Boundary treatment ...
19:03 DiffusionOperatorP1: Assemble system matrix ...
19:03 L2ProductP1: Integrate the products of the shape functions on each element
19:03 L2ProductP1: Determine global dofs ...
19:03 L2ProductP1: Boundary treatment ...
19:03 L2ProductP1: Assemble system matrix ...
19:03 DiffusionOperatorP1: Calulate gradients of shape functions transformed by reference map ...
19:03 DiffusionOperatorP1: Calculate all local scalar products beween gradients ...
19:03 DiffusionOperatorP1: Determine global dofs ...
19:03 DiffusionOperatorP1: Boundary treatment ...
19:03 DiffusionOperatorP1: Assemble system matrix ...
19:03 gram_schmidt_biorth: Projecting vector V[1] again
19:03 gram_schmidt_biorth: Projecting vector V[2] again
19:03 gram_schmidt_biorth: Projecting vector W[2] again
19:03 gram_schmidt_biorth: Projecting vector V[1] again
19:03 gram_schmidt_biorth: Projecting vector V[2] again
19:03 gram_schmidt_biorth: Projecting vector W[2] again
</system-err></testcase><testcase classname="src.pymortests.algorithms.gram_schmidt" file="src/pymortests/algorithms/gram_schmidt.py" line="100" name="test_gram_schmidt_biorth_with_product[&lt;lambda&gt;15]" time="0.03232932090759277"><system-err>19:03 DiffusionOperatorP1: Calulate gradients of shape functions transformed by reference map ...
19:03 DiffusionOperatorP1: Calculate all local scalar products beween gradients ...
19:03 DiffusionOperatorP1: Determine global dofs ...
19:03 DiffusionOperatorP1: Boundary treatment ...
19:03 DiffusionOperatorP1: Assemble system matrix ...
19:03 DiffusionOperatorP1: Calulate gradients of shape functions transformed by reference map ...
19:03 DiffusionOperatorP1: Calculate all local scalar products beween gradients ...
19:03 DiffusionOperatorP1: Determine global dofs ...
19:03 DiffusionOperatorP1: Boundary treatment ...
19:03 DiffusionOperatorP1: Assemble system matrix ...
19:03 L2ProductP1: Integrate the products of the shape functions on each element
19:03 L2ProductP1: Determine global dofs ...
19:03 L2ProductP1: Boundary treatment ...
19:03 L2ProductP1: Assemble system matrix ...
19:03 DiffusionOperatorP1: Calulate gradients of shape functions transformed by reference map ...
19:03 DiffusionOperatorP1: Calculate all local scalar products beween gradients ...
19:03 DiffusionOperatorP1: Determine global dofs ...
19:03 DiffusionOperatorP1: Boundary treatment ...
19:03 DiffusionOperatorP1: Assemble system matrix ...
19:03 L2ProductP1: Integrate the products of the shape functions on each element
19:03 L2ProductP1: Determine global dofs ...
19:03 L2ProductP1: Boundary treatment ...
19:03 L2ProductP1: Assemble system matrix ...
19:03 DiffusionOperatorP1: Calulate gradients of shape functions transformed by reference map ...
19:03 DiffusionOperatorP1: Calculate all local scalar products beween gradients ...
19:03 DiffusionOperatorP1: Determine global dofs ...
19:03 DiffusionOperatorP1: Boundary treatment ...
19:03 DiffusionOperatorP1: Assemble system matrix ...
19:03 gram_schmidt_biorth: Projecting vector V[1] again
19:03 gram_schmidt_biorth: Projecting vector W[1] again
19:03 gram_schmidt_biorth: Projecting vector V[2] again
19:03 gram_schmidt_biorth: Projecting vector W[2] again
19:03 gram_schmidt_biorth: Projecting vector V[1] again
19:03 gram_schmidt_biorth: Projecting vector W[1] again
19:03 gram_schmidt_biorth: Projecting vector V[2] again
19:03 gram_schmidt_biorth: Projecting vector W[2] again
</system-err></testcase><testcase classname="src.pymortests.algorithms.gram_schmidt" file="src/pymortests/algorithms/gram_schmidt.py" line="100" name="test_gram_schmidt_biorth_with_product[&lt;lambda&gt;16]" time="0.029311418533325195"><system-err>19:03 DiffusionOperatorP1: Calulate gradients of shape functions transformed by reference map ...
19:03 DiffusionOperatorP1: Calculate all local scalar products beween gradients ...
19:03 DiffusionOperatorP1: Determine global dofs ...
19:03 DiffusionOperatorP1: Boundary treatment ...
19:03 DiffusionOperatorP1: Assemble system matrix ...
19:03 DiffusionOperatorP1: Calulate gradients of shape functions transformed by reference map ...
19:03 DiffusionOperatorP1: Calculate all local scalar products beween gradients ...
19:03 DiffusionOperatorP1: Determine global dofs ...
19:03 DiffusionOperatorP1: Boundary treatment ...
19:03 DiffusionOperatorP1: Assemble system matrix ...
19:03 DiffusionOperatorP1: Calulate gradients of shape functions transformed by reference map ...
19:03 DiffusionOperatorP1: Calculate all local scalar products beween gradients ...
19:03 DiffusionOperatorP1: Determine global dofs ...
19:03 DiffusionOperatorP1: Boundary treatment ...
19:03 DiffusionOperatorP1: Assemble system matrix ...
19:03 DiffusionOperatorP1: Calulate gradients of shape functions transformed by reference map ...
19:03 DiffusionOperatorP1: Calculate all local scalar products beween gradients ...
19:03 DiffusionOperatorP1: Determine global dofs ...
19:03 DiffusionOperatorP1: Boundary treatment ...
19:03 DiffusionOperatorP1: Assemble system matrix ...
19:03 DiffusionOperatorP1: Calulate gradients of shape functions transformed by reference map ...
19:03 DiffusionOperatorP1: Calculate all local scalar products beween gradients ...
19:03 DiffusionOperatorP1: Determine global dofs ...
19:03 DiffusionOperatorP1: Boundary treatment ...
19:03 DiffusionOperatorP1: Assemble system matrix ...
19:03 L2ProductP1: Integrate the products of the shape functions on each element
19:03 L2ProductP1: Determine global dofs ...
19:03 L2ProductP1: Boundary treatment ...
19:03 L2ProductP1: Assemble system matrix ...
19:03 DiffusionOperatorP1: Calulate gradients of shape functions transformed by reference map ...
19:03 DiffusionOperatorP1: Calculate all local scalar products beween gradients ...
19:03 DiffusionOperatorP1: Determine global dofs ...
19:03 DiffusionOperatorP1: Boundary treatment ...
19:03 DiffusionOperatorP1: Assemble system matrix ...
19:03 L2ProductP1: Integrate the products of the shape functions on each element
19:03 L2ProductP1: Determine global dofs ...
19:03 L2ProductP1: Boundary treatment ...
19:03 L2ProductP1: Assemble system matrix ...
19:03 DiffusionOperatorP1: Calulate gradients of shape functions transformed by reference map ...
19:03 DiffusionOperatorP1: Calculate all local scalar products beween gradients ...
19:03 DiffusionOperatorP1: Determine global dofs ...
19:03 DiffusionOperatorP1: Boundary treatment ...
19:03 DiffusionOperatorP1: Assemble system matrix ...
</system-err></testcase><testcase classname="src.pymortests.algorithms.gram_schmidt" file="src/pymortests/algorithms/gram_schmidt.py" line="100" name="test_gram_schmidt_biorth_with_product[&lt;lambda&gt;17]" time="0.02520465850830078"><system-err>19:03 DiffusionOperatorP1: Calulate gradients of shape functions transformed by reference map ...
19:03 DiffusionOperatorP1: Calculate all local scalar products beween gradients ...
19:03 DiffusionOperatorP1: Determine global dofs ...
19:03 DiffusionOperatorP1: Boundary treatment ...
19:03 DiffusionOperatorP1: Assemble system matrix ...
19:03 DiffusionOperatorP1: Calulate gradients of shape functions transformed by reference map ...
19:03 DiffusionOperatorP1: Calculate all local scalar products beween gradients ...
19:03 DiffusionOperatorP1: Determine global dofs ...
19:03 DiffusionOperatorP1: Boundary treatment ...
19:03 DiffusionOperatorP1: Assemble system matrix ...
19:03 L2ProductP1: Integrate the products of the shape functions on each element
19:03 L2ProductP1: Determine global dofs ...
19:03 L2ProductP1: Boundary treatment ...
19:03 L2ProductP1: Assemble system matrix ...
19:03 DiffusionOperatorP1: Calulate gradients of shape functions transformed by reference map ...
19:03 DiffusionOperatorP1: Calculate all local scalar products beween gradients ...
19:03 DiffusionOperatorP1: Determine global dofs ...
19:03 DiffusionOperatorP1: Boundary treatment ...
19:03 DiffusionOperatorP1: Assemble system matrix ...
19:03 L2ProductP1: Integrate the products of the shape functions on each element
19:03 L2ProductP1: Determine global dofs ...
19:03 L2ProductP1: Boundary treatment ...
19:03 L2ProductP1: Assemble system matrix ...
19:03 DiffusionOperatorP1: Calulate gradients of shape functions transformed by reference map ...
19:03 DiffusionOperatorP1: Calculate all local scalar products beween gradients ...
19:03 DiffusionOperatorP1: Determine global dofs ...
19:03 DiffusionOperatorP1: Boundary treatment ...
19:03 DiffusionOperatorP1: Assemble system matrix ...
</system-err></testcase><testcase classname="src.pymortests.algorithms.gram_schmidt" file="src/pymortests/algorithms/gram_schmidt.py" line="100" name="test_gram_schmidt_biorth_with_product[&lt;lambda&gt;18]" time="0.036622047424316406"><system-err>19:03 DiffusionOperatorP1: Calulate gradients of shape functions transformed by reference map ...
19:03 DiffusionOperatorP1: Calculate all local scalar products beween gradients ...
19:03 DiffusionOperatorP1: Determine global dofs ...
19:03 DiffusionOperatorP1: Boundary treatment ...
19:03 DiffusionOperatorP1: Assemble system matrix ...
19:03 DiffusionOperatorP1: Calulate gradients of shape functions transformed by reference map ...
19:03 DiffusionOperatorP1: Calculate all local scalar products beween gradients ...
19:03 DiffusionOperatorP1: Determine global dofs ...
19:03 DiffusionOperatorP1: Boundary treatment ...
19:03 DiffusionOperatorP1: Assemble system matrix ...
19:03 DiffusionOperatorP1: Calulate gradients of shape functions transformed by reference map ...
19:03 DiffusionOperatorP1: Calculate all local scalar products beween gradients ...
19:03 DiffusionOperatorP1: Determine global dofs ...
19:03 DiffusionOperatorP1: Boundary treatment ...
19:03 DiffusionOperatorP1: Assemble system matrix ...
19:03 DiffusionOperatorP1: Calulate gradients of shape functions transformed by reference map ...
19:03 DiffusionOperatorP1: Calculate all local scalar products beween gradients ...
19:03 DiffusionOperatorP1: Determine global dofs ...
19:03 DiffusionOperatorP1: Boundary treatment ...
19:03 DiffusionOperatorP1: Assemble system matrix ...
19:03 DiffusionOperatorP1: Calulate gradients of shape functions transformed by reference map ...
19:03 DiffusionOperatorP1: Calculate all local scalar products beween gradients ...
19:03 DiffusionOperatorP1: Determine global dofs ...
19:03 DiffusionOperatorP1: Boundary treatment ...
19:03 DiffusionOperatorP1: Assemble system matrix ...
19:03 L2ProductP1: Integrate the products of the shape functions on each element
19:03 L2ProductP1: Determine global dofs ...
19:03 L2ProductP1: Boundary treatment ...
19:03 L2ProductP1: Assemble system matrix ...
19:03 DiffusionOperatorP1: Calulate gradients of shape functions transformed by reference map ...
19:03 DiffusionOperatorP1: Calculate all local scalar products beween gradients ...
19:03 DiffusionOperatorP1: Determine global dofs ...
19:03 DiffusionOperatorP1: Boundary treatment ...
19:03 DiffusionOperatorP1: Assemble system matrix ...
19:03 L2ProductP1: Integrate the products of the shape functions on each element
19:03 L2ProductP1: Determine global dofs ...
19:03 L2ProductP1: Boundary treatment ...
19:03 L2ProductP1: Assemble system matrix ...
19:03 DiffusionOperatorP1: Calulate gradients of shape functions transformed by reference map ...
19:03 DiffusionOperatorP1: Calculate all local scalar products beween gradients ...
19:03 DiffusionOperatorP1: Determine global dofs ...
19:03 DiffusionOperatorP1: Boundary treatment ...
19:03 DiffusionOperatorP1: Assemble system matrix ...
19:03 gram_schmidt_biorth: Projecting vector V[1] again
19:03 gram_schmidt_biorth: Projecting vector V[2] again
19:03 gram_schmidt_biorth: Projecting vector W[2] again
19:03 gram_schmidt_biorth: Projecting vector V[1] again
19:03 gram_schmidt_biorth: Projecting vector V[2] again
19:03 gram_schmidt_biorth: Projecting vector W[2] again
</system-err></testcase><testcase classname="src.pymortests.algorithms.gram_schmidt" file="src/pymortests/algorithms/gram_schmidt.py" line="100" name="test_gram_schmidt_biorth_with_product[&lt;lambda&gt;19]" time="0.03379058837890625"><system-err>19:03 DiffusionOperatorP1: Calulate gradients of shape functions transformed by reference map ...
19:03 DiffusionOperatorP1: Calculate all local scalar products beween gradients ...
19:03 DiffusionOperatorP1: Determine global dofs ...
19:03 DiffusionOperatorP1: Boundary treatment ...
19:03 DiffusionOperatorP1: Assemble system matrix ...
19:03 DiffusionOperatorP1: Calulate gradients of shape functions transformed by reference map ...
19:03 DiffusionOperatorP1: Calculate all local scalar products beween gradients ...
19:03 DiffusionOperatorP1: Determine global dofs ...
19:03 DiffusionOperatorP1: Boundary treatment ...
19:03 DiffusionOperatorP1: Assemble system matrix ...
19:03 L2ProductP1: Integrate the products of the shape functions on each element
19:03 L2ProductP1: Determine global dofs ...
19:03 L2ProductP1: Boundary treatment ...
19:03 L2ProductP1: Assemble system matrix ...
19:03 DiffusionOperatorP1: Calulate gradients of shape functions transformed by reference map ...
19:03 DiffusionOperatorP1: Calculate all local scalar products beween gradients ...
19:03 DiffusionOperatorP1: Determine global dofs ...
19:03 DiffusionOperatorP1: Boundary treatment ...
19:03 DiffusionOperatorP1: Assemble system matrix ...
19:03 L2ProductP1: Integrate the products of the shape functions on each element
19:03 L2ProductP1: Determine global dofs ...
19:03 L2ProductP1: Boundary treatment ...
19:03 L2ProductP1: Assemble system matrix ...
19:03 DiffusionOperatorP1: Calulate gradients of shape functions transformed by reference map ...
19:03 DiffusionOperatorP1: Calculate all local scalar products beween gradients ...
19:03 DiffusionOperatorP1: Determine global dofs ...
19:03 DiffusionOperatorP1: Boundary treatment ...
19:03 DiffusionOperatorP1: Assemble system matrix ...
19:03 gram_schmidt_biorth: Projecting vector V[1] again
19:03 gram_schmidt_biorth: Projecting vector W[1] again
19:03 gram_schmidt_biorth: Projecting vector V[2] again
19:03 gram_schmidt_biorth: Projecting vector W[2] again
19:03 gram_schmidt_biorth: Projecting vector V[1] again
19:03 gram_schmidt_biorth: Projecting vector W[1] again
19:03 gram_schmidt_biorth: Projecting vector V[2] again
19:03 gram_schmidt_biorth: Projecting vector W[2] again
</system-err></testcase><testcase classname="src.pymortests.algorithms.gram_schmidt" file="src/pymortests/algorithms/gram_schmidt.py" line="100" name="test_gram_schmidt_biorth_with_product[&lt;lambda&gt;20]" time="0.03652334213256836"><system-err>19:03 DiffusionOperatorP1: Calulate gradients of shape functions transformed by reference map ...
19:03 DiffusionOperatorP1: Calculate all local scalar products beween gradients ...
19:03 DiffusionOperatorP1: Determine global dofs ...
19:03 DiffusionOperatorP1: Boundary treatment ...
19:03 DiffusionOperatorP1: Assemble system matrix ...
19:03 DiffusionOperatorP1: Calulate gradients of shape functions transformed by reference map ...
19:03 DiffusionOperatorP1: Calculate all local scalar products beween gradients ...
19:03 DiffusionOperatorP1: Determine global dofs ...
19:03 DiffusionOperatorP1: Boundary treatment ...
19:03 DiffusionOperatorP1: Assemble system matrix ...
19:03 DiffusionOperatorP1: Calulate gradients of shape functions transformed by reference map ...
19:03 DiffusionOperatorP1: Calculate all local scalar products beween gradients ...
19:03 DiffusionOperatorP1: Determine global dofs ...
19:03 DiffusionOperatorP1: Boundary treatment ...
19:03 DiffusionOperatorP1: Assemble system matrix ...
19:03 DiffusionOperatorP1: Calulate gradients of shape functions transformed by reference map ...
19:03 DiffusionOperatorP1: Calculate all local scalar products beween gradients ...
19:03 DiffusionOperatorP1: Determine global dofs ...
19:03 DiffusionOperatorP1: Boundary treatment ...
19:03 DiffusionOperatorP1: Assemble system matrix ...
19:03 DiffusionOperatorP1: Calulate gradients of shape functions transformed by reference map ...
19:03 DiffusionOperatorP1: Calculate all local scalar products beween gradients ...
19:03 DiffusionOperatorP1: Determine global dofs ...
19:03 DiffusionOperatorP1: Boundary treatment ...
19:03 DiffusionOperatorP1: Assemble system matrix ...
19:03 L2ProductP1: Integrate the products of the shape functions on each element
19:03 L2ProductP1: Determine global dofs ...
19:03 L2ProductP1: Boundary treatment ...
19:03 L2ProductP1: Assemble system matrix ...
19:03 DiffusionOperatorP1: Calulate gradients of shape functions transformed by reference map ...
19:03 DiffusionOperatorP1: Calculate all local scalar products beween gradients ...
19:03 DiffusionOperatorP1: Determine global dofs ...
19:03 DiffusionOperatorP1: Boundary treatment ...
19:03 DiffusionOperatorP1: Assemble system matrix ...
19:03 L2ProductP1: Integrate the products of the shape functions on each element
19:03 L2ProductP1: Determine global dofs ...
19:03 L2ProductP1: Boundary treatment ...
19:03 L2ProductP1: Assemble system matrix ...
19:03 DiffusionOperatorP1: Calulate gradients of shape functions transformed by reference map ...
19:03 DiffusionOperatorP1: Calculate all local scalar products beween gradients ...
19:03 DiffusionOperatorP1: Determine global dofs ...
19:03 DiffusionOperatorP1: Boundary treatment ...
19:03 DiffusionOperatorP1: Assemble system matrix ...
19:03 gram_schmidt_biorth: Projecting vector V[1] again
19:03 gram_schmidt_biorth: Projecting vector V[2] again
19:03 gram_schmidt_biorth: Projecting vector W[2] again
19:03 gram_schmidt_biorth: Projecting vector V[1] again
19:03 gram_schmidt_biorth: Projecting vector V[2] again
19:03 gram_schmidt_biorth: Projecting vector W[2] again
</system-err></testcase><testcase classname="src.pymortests.algorithms.gram_schmidt" file="src/pymortests/algorithms/gram_schmidt.py" line="100" name="test_gram_schmidt_biorth_with_product[&lt;lambda&gt;21]" time="0.032587289810180664"><system-err>19:03 DiffusionOperatorP1: Calulate gradients of shape functions transformed by reference map ...
19:03 DiffusionOperatorP1: Calculate all local scalar products beween gradients ...
19:03 DiffusionOperatorP1: Determine global dofs ...
19:03 DiffusionOperatorP1: Boundary treatment ...
19:03 DiffusionOperatorP1: Assemble system matrix ...
19:03 DiffusionOperatorP1: Calulate gradients of shape functions transformed by reference map ...
19:03 DiffusionOperatorP1: Calculate all local scalar products beween gradients ...
19:03 DiffusionOperatorP1: Determine global dofs ...
19:03 DiffusionOperatorP1: Boundary treatment ...
19:03 DiffusionOperatorP1: Assemble system matrix ...
19:03 L2ProductP1: Integrate the products of the shape functions on each element
19:03 L2ProductP1: Determine global dofs ...
19:03 L2ProductP1: Boundary treatment ...
19:03 L2ProductP1: Assemble system matrix ...
19:03 DiffusionOperatorP1: Calulate gradients of shape functions transformed by reference map ...
19:03 DiffusionOperatorP1: Calculate all local scalar products beween gradients ...
19:03 DiffusionOperatorP1: Determine global dofs ...
19:03 DiffusionOperatorP1: Boundary treatment ...
19:03 DiffusionOperatorP1: Assemble system matrix ...
19:03 L2ProductP1: Integrate the products of the shape functions on each element
19:03 L2ProductP1: Determine global dofs ...
19:03 L2ProductP1: Boundary treatment ...
19:03 L2ProductP1: Assemble system matrix ...
19:03 DiffusionOperatorP1: Calulate gradients of shape functions transformed by reference map ...
19:03 DiffusionOperatorP1: Calculate all local scalar products beween gradients ...
19:03 DiffusionOperatorP1: Determine global dofs ...
19:03 DiffusionOperatorP1: Boundary treatment ...
19:03 DiffusionOperatorP1: Assemble system matrix ...
19:03 gram_schmidt_biorth: Projecting vector V[1] again
19:03 gram_schmidt_biorth: Projecting vector W[1] again
19:03 gram_schmidt_biorth: Projecting vector V[2] again
19:03 gram_schmidt_biorth: Projecting vector W[2] again
19:03 gram_schmidt_biorth: Projecting vector V[1] again
19:03 gram_schmidt_biorth: Projecting vector W[1] again
19:03 gram_schmidt_biorth: Projecting vector V[2] again
19:03 gram_schmidt_biorth: Projecting vector W[2] again
</system-err></testcase><testcase classname="src.pymortests.algorithms.gram_schmidt" file="src/pymortests/algorithms/gram_schmidt.py" line="100" name="test_gram_schmidt_biorth_with_product[&lt;lambda&gt;22]" time="0.032380104064941406"><system-err>19:03 DiffusionOperatorP1: Calulate gradients of shape functions transformed by reference map ...
19:03 DiffusionOperatorP1: Calculate all local scalar products beween gradients ...
19:03 DiffusionOperatorP1: Determine global dofs ...
19:03 DiffusionOperatorP1: Boundary treatment ...
19:03 DiffusionOperatorP1: Assemble system matrix ...
19:03 DiffusionOperatorP1: Calulate gradients of shape functions transformed by reference map ...
19:03 DiffusionOperatorP1: Calculate all local scalar products beween gradients ...
19:03 DiffusionOperatorP1: Determine global dofs ...
19:03 DiffusionOperatorP1: Boundary treatment ...
19:03 DiffusionOperatorP1: Assemble system matrix ...
19:03 DiffusionOperatorP1: Calulate gradients of shape functions transformed by reference map ...
19:03 DiffusionOperatorP1: Calculate all local scalar products beween gradients ...
19:03 DiffusionOperatorP1: Determine global dofs ...
19:03 DiffusionOperatorP1: Boundary treatment ...
19:03 DiffusionOperatorP1: Assemble system matrix ...
19:03 DiffusionOperatorP1: Calulate gradients of shape functions transformed by reference map ...
19:03 DiffusionOperatorP1: Calculate all local scalar products beween gradients ...
19:03 DiffusionOperatorP1: Determine global dofs ...
19:03 DiffusionOperatorP1: Boundary treatment ...
19:03 DiffusionOperatorP1: Assemble system matrix ...
19:03 DiffusionOperatorP1: Calulate gradients of shape functions transformed by reference map ...
19:03 DiffusionOperatorP1: Calculate all local scalar products beween gradients ...
19:03 DiffusionOperatorP1: Determine global dofs ...
19:03 DiffusionOperatorP1: Boundary treatment ...
19:03 DiffusionOperatorP1: Assemble system matrix ...
19:03 L2ProductP1: Integrate the products of the shape functions on each element
19:03 L2ProductP1: Determine global dofs ...
19:03 L2ProductP1: Boundary treatment ...
19:03 L2ProductP1: Assemble system matrix ...
19:03 DiffusionOperatorP1: Calulate gradients of shape functions transformed by reference map ...
19:03 DiffusionOperatorP1: Calculate all local scalar products beween gradients ...
19:03 DiffusionOperatorP1: Determine global dofs ...
19:03 DiffusionOperatorP1: Boundary treatment ...
19:03 DiffusionOperatorP1: Assemble system matrix ...
19:03 L2ProductP1: Integrate the products of the shape functions on each element
19:03 L2ProductP1: Determine global dofs ...
19:03 L2ProductP1: Boundary treatment ...
19:03 L2ProductP1: Assemble system matrix ...
19:03 DiffusionOperatorP1: Calulate gradients of shape functions transformed by reference map ...
19:03 DiffusionOperatorP1: Calculate all local scalar products beween gradients ...
19:03 DiffusionOperatorP1: Determine global dofs ...
19:03 DiffusionOperatorP1: Boundary treatment ...
19:03 DiffusionOperatorP1: Assemble system matrix ...
</system-err></testcase><testcase classname="src.pymortests.algorithms.gram_schmidt" file="src/pymortests/algorithms/gram_schmidt.py" line="100" name="test_gram_schmidt_biorth_with_product[&lt;lambda&gt;23]" time="0.029312610626220703"><system-err>19:03 DiffusionOperatorP1: Calulate gradients of shape functions transformed by reference map ...
19:03 DiffusionOperatorP1: Calculate all local scalar products beween gradients ...
19:03 DiffusionOperatorP1: Determine global dofs ...
19:03 DiffusionOperatorP1: Boundary treatment ...
19:03 DiffusionOperatorP1: Assemble system matrix ...
19:03 DiffusionOperatorP1: Calulate gradients of shape functions transformed by reference map ...
19:03 DiffusionOperatorP1: Calculate all local scalar products beween gradients ...
19:03 DiffusionOperatorP1: Determine global dofs ...
19:03 DiffusionOperatorP1: Boundary treatment ...
19:03 DiffusionOperatorP1: Assemble system matrix ...
19:03 L2ProductP1: Integrate the products of the shape functions on each element
19:03 L2ProductP1: Determine global dofs ...
19:03 L2ProductP1: Boundary treatment ...
19:03 L2ProductP1: Assemble system matrix ...
19:03 DiffusionOperatorP1: Calulate gradients of shape functions transformed by reference map ...
19:03 DiffusionOperatorP1: Calculate all local scalar products beween gradients ...
19:03 DiffusionOperatorP1: Determine global dofs ...
19:03 DiffusionOperatorP1: Boundary treatment ...
19:03 DiffusionOperatorP1: Assemble system matrix ...
19:03 L2ProductP1: Integrate the products of the shape functions on each element
19:03 L2ProductP1: Determine global dofs ...
19:03 L2ProductP1: Boundary treatment ...
19:03 L2ProductP1: Assemble system matrix ...
19:03 DiffusionOperatorP1: Calulate gradients of shape functions transformed by reference map ...
19:03 DiffusionOperatorP1: Calculate all local scalar products beween gradients ...
19:03 DiffusionOperatorP1: Determine global dofs ...
19:03 DiffusionOperatorP1: Boundary treatment ...
19:03 DiffusionOperatorP1: Assemble system matrix ...
19:03 gram_schmidt_biorth: Projecting vector V[1] again
19:03 gram_schmidt_biorth: Projecting vector W[1] again
19:03 gram_schmidt_biorth: Projecting vector V[1] again
19:03 gram_schmidt_biorth: Projecting vector W[1] again
</system-err></testcase><testcase classname="src.pymortests.algorithms.gram_schmidt" file="src/pymortests/algorithms/gram_schmidt.py" line="100" name="test_gram_schmidt_biorth_with_product[&lt;lambda&gt;24]" time="0.008135318756103516"><system-err>19:03 gram_schmidt_biorth: Projecting vector V[1] again
19:03 gram_schmidt_biorth: Projecting vector W[1] again
19:03 gram_schmidt_biorth: Projecting vector V[1] again
19:03 gram_schmidt_biorth: Projecting vector W[1] again
</system-err></testcase><testcase classname="src.pymortests.algorithms.gram_schmidt" file="src/pymortests/algorithms/gram_schmidt.py" line="100" name="test_gram_schmidt_biorth_with_product[&lt;lambda&gt;25]" time="0.006903171539306641"><system-err>19:03 gram_schmidt_biorth: Projecting vector V[1] again
19:03 gram_schmidt_biorth: Projecting vector W[1] again
19:03 gram_schmidt_biorth: Projecting vector V[1] again
19:03 gram_schmidt_biorth: Projecting vector W[1] again
</system-err></testcase><testcase classname="src.pymortests.algorithms.gram_schmidt" file="src/pymortests/algorithms/gram_schmidt.py" line="100" name="test_gram_schmidt_biorth_with_product[&lt;lambda&gt;26]" time="0.007143259048461914"><system-err>19:03 gram_schmidt_biorth: Projecting vector V[1] again
19:03 gram_schmidt_biorth: Projecting vector W[1] again
19:03 gram_schmidt_biorth: Projecting vector V[1] again
19:03 gram_schmidt_biorth: Projecting vector W[1] again
</system-err></testcase><testcase classname="src.pymortests.algorithms.gram_schmidt" file="src/pymortests/algorithms/gram_schmidt.py" line="100" name="test_gram_schmidt_biorth_with_product[&lt;lambda&gt;27]" time="0.004525899887084961"></testcase><testcase classname="src.pymortests.algorithms.gram_schmidt" file="src/pymortests/algorithms/gram_schmidt.py" line="100" name="test_gram_schmidt_biorth_with_product[&lt;lambda&gt;28]" time="0.004703521728515625"></testcase><testcase classname="src.pymortests.algorithms.gram_schmidt" file="src/pymortests/algorithms/gram_schmidt.py" line="100" name="test_gram_schmidt_biorth_with_product[&lt;lambda&gt;29]" time="0.004085063934326172"></testcase><testcase classname="src.pymortests.algorithms.gram_schmidt" file="src/pymortests/algorithms/gram_schmidt.py" line="100" name="test_gram_schmidt_biorth_with_product[&lt;lambda&gt;30]" time="0.0044155120849609375"></testcase><testcase classname="src.pymortests.algorithms.gram_schmidt" file="src/pymortests/algorithms/gram_schmidt.py" line="100" name="test_gram_schmidt_biorth_with_product[&lt;lambda&gt;31]" time="0.00451970100402832"></testcase><testcase classname="src.pymortests.algorithms.gram_schmidt" file="src/pymortests/algorithms/gram_schmidt.py" line="100" name="test_gram_schmidt_biorth_with_product[&lt;lambda&gt;32]" time="0.016313791275024414"></testcase><testcase classname="src.pymortests.algorithms.gram_schmidt" file="src/pymortests/algorithms/gram_schmidt.py" line="100" name="test_gram_schmidt_biorth_with_product[&lt;lambda&gt;33]" time="0.013763189315795898"></testcase><testcase classname="src.pymortests.algorithms.gram_schmidt" file="src/pymortests/algorithms/gram_schmidt.py" line="100" name="test_gram_schmidt_biorth_with_product[&lt;lambda&gt;34]" time="0.009000539779663086"><system-err>19:03 gram_schmidt_biorth: Projecting vector V[1] again
19:03 gram_schmidt_biorth: Projecting vector W[1] again
19:03 gram_schmidt_biorth: Projecting vector V[1] again
19:03 gram_schmidt_biorth: Projecting vector W[1] again
</system-err></testcase><testcase classname="src.pymortests.algorithms.gram_schmidt" file="src/pymortests/algorithms/gram_schmidt.py" line="100" name="test_gram_schmidt_biorth_with_product[&lt;lambda&gt;35]" time="0.012337207794189453"></testcase><testcase classname="src.pymortests.algorithms.gram_schmidt" file="src/pymortests/algorithms/gram_schmidt.py" line="100" name="test_gram_schmidt_biorth_with_product[&lt;lambda&gt;36]" time="0.007292509078979492"><system-err>19:03 gram_schmidt_biorth: Projecting vector V[1] again
19:03 gram_schmidt_biorth: Projecting vector W[1] again
19:03 gram_schmidt_biorth: Projecting vector V[1] again
19:03 gram_schmidt_biorth: Projecting vector W[1] again
</system-err></testcase><testcase classname="src.pymortests.algorithms.stuff" file="src/pymortests/algorithms/stuff.py" line="20" name="test_newton[1]" time="0.002288341522216797"><system-err>19:03 newton:       Initial Residual: 1.000000e+00
19:03 newton: Iteration  1: Residual: 0.000000e+00,  Reduction: 0.000000e+00, Total Reduction: 0.000000e+00
19:03 newton: Absolute limit of 1e-15 reached. Stopping.
</system-err></testcase><testcase classname="src.pymortests.algorithms.stuff" file="src/pymortests/algorithms/stuff.py" line="20" name="test_newton[2]" time="0.002018451690673828"><system-err>19:03 newton:       Initial Residual: 1.000000e+00
19:03 newton: Iteration  1: Residual: 0.000000e+00,  Reduction: 0.000000e+00, Total Reduction: 0.000000e+00
19:03 newton: Absolute limit of 1e-15 reached. Stopping.
</system-err></testcase><testcase classname="src.pymortests.algorithms.stuff" file="src/pymortests/algorithms/stuff.py" line="20" name="test_newton[3]" time="0.0019376277923583984"><system-err>19:03 newton:       Initial Residual: 1.000000e+00
19:03 newton: Iteration  1: Residual: 0.000000e+00,  Reduction: 0.000000e+00, Total Reduction: 0.000000e+00
19:03 newton: Absolute limit of 1e-15 reached. Stopping.
</system-err></testcase><testcase classname="src.pymortests.algorithms.stuff" file="src/pymortests/algorithms/stuff.py" line="20" name="test_newton[4]" time="0.0022656917572021484"><system-err>19:03 newton:       Initial Residual: 1.000000e+00
19:03 newton: Iteration  1: Residual: 0.000000e+00,  Reduction: 0.000000e+00, Total Reduction: 0.000000e+00
19:03 newton: Absolute limit of 1e-15 reached. Stopping.
</system-err></testcase><testcase classname="src.pymortests.algorithms.stuff" file="src/pymortests/algorithms/stuff.py" line="20" name="test_newton[5]" time="0.0019268989562988281"><system-err>19:03 newton:       Initial Residual: 1.000000e+00
19:03 newton: Iteration  1: Residual: 0.000000e+00,  Reduction: 0.000000e+00, Total Reduction: 0.000000e+00
19:03 newton: Absolute limit of 1e-15 reached. Stopping.
</system-err></testcase><testcase classname="src.pymortests.algorithms.stuff" file="src/pymortests/algorithms/stuff.py" line="20" name="test_newton[6]" time="0.002225637435913086"><system-err>19:03 newton:       Initial Residual: 1.000000e+00
19:03 newton: Iteration  1: Residual: 0.000000e+00,  Reduction: 0.000000e+00, Total Reduction: 0.000000e+00
19:03 newton: Absolute limit of 1e-15 reached. Stopping.
</system-err></testcase><testcase classname="src.pymortests.algorithms.stuff" file="src/pymortests/algorithms/stuff.py" line="20" name="test_newton[7]" time="0.002164602279663086"><system-err>19:03 newton:       Initial Residual: 1.000000e+00
19:03 newton: Iteration  1: Residual: 0.000000e+00,  Reduction: 0.000000e+00, Total Reduction: 0.000000e+00
19:03 newton: Absolute limit of 1e-15 reached. Stopping.
</system-err></testcase><testcase classname="src.pymortests.algorithms.stuff" file="src/pymortests/algorithms/stuff.py" line="26" name="test_newton_fail" time="0.004479646682739258"><system-err>19:03 newton:       Initial Residual: 1.000000e+00
19:03 newton: Iteration  1: Residual: 1.000000e+00,  Reduction: 1.000000e+00, Total Reduction: 1.000000e+00
19:03 newton: Iteration  2: Residual: 1.000000e+00,  Reduction: 1.000000e+00, Total Reduction: 1.000000e+00
19:03 newton: Iteration  3: Residual: 1.000000e+00,  Reduction: 1.000000e+00, Total Reduction: 1.000000e+00
19:03 newton: Iteration  4: Residual: 1.000000e+00,  Reduction: 1.000000e+00, Total Reduction: 1.000000e+00
19:03 newton: Iteration  5: Residual: 1.000000e+00,  Reduction: 1.000000e+00, Total Reduction: 1.000000e+00
19:03 newton: Iteration  6: Residual: 1.000000e+00,  Reduction: 1.000000e+00, Total Reduction: 1.000000e+00
19:03 newton: Iteration  7: Residual: 1.000000e+00,  Reduction: 1.000000e+00, Total Reduction: 1.000000e+00
19:03 newton: Iteration  8: Residual: 1.000000e+00,  Reduction: 1.000000e+00, Total Reduction: 1.000000e+00
19:03 newton: Iteration  9: Residual: 1.000000e+00,  Reduction: 1.000000e+00, Total Reduction: 1.000000e+00
19:03 newton: Iteration 10: Residual: 1.000000e+00,  Reduction: 1.000000e+00, Total Reduction: 1.000000e+00
</system-err></testcase><testcase classname="src.pymortests.core.config" file="src/pymortests/core/config.py" line="8" name="test_repr" time="0.015064001083374023"></testcase><testcase classname="src.pymortests.core.config" file="src/pymortests/core/config.py" line="12" name="test_entries" time="0.0010111331939697266"></testcase><testcase classname="src.pymortests.core.config" file="src/pymortests/core/config.py" line="19" name="test_dir" time="0.0010020732879638672"></testcase><testcase classname="src.pymortests.core.defaults" file="src/pymortests/core/defaults.py" line="14" name="test_defaults" time="0.0011203289031982422"></testcase><testcase classname="src.pymortests.core.defaults" file="src/pymortests/core/defaults.py" line="30" name="test_print_defaults" time="0.05784869194030762"><system-out>                                                       defaults affecting state id calcuation                                                       
                                                       ======================================                                                       

path (shortened)                                                       value                                                                  source
---------------------------------------------------------------------  ---------------------------------------------------------------------  ------
basic.almost_equal.atol                                                1e-14                                                                  code  
basic.almost_equal.rtol                                                1e-14                                                                  code  
genericsolvers.apply_inverse.check_finite                              True                                                                   code  
genericsolvers.apply_inverse.default_least_squares_solver              &apos;generic_least_squares_lsmr&apos;                                           code  
genericsolvers.apply_inverse.default_solver                            &apos;generic_lgmres&apos;                                                       code  
genericsolvers.solver_options.least_squares_lsmr_atol                  1e-06                                                                  code  
genericsolvers.solver_options.least_squares_lsmr_btol                  1e-06                                                                  code  
genericsolvers.solver_options.least_squares_lsmr_conlim                100000000.0                                                            code  
genericsolvers.solver_options.least_squares_lsmr_damp                  0.0                                                                    code  
genericsolvers.solver_options.least_squares_lsmr_maxiter               None                                                                   code  
genericsolvers.solver_options.least_squares_lsqr_atol                  1e-06                                                                  code  
genericsolvers.solver_options.least_squares_lsqr_btol                  1e-06                                                                  code  
genericsolvers.solver_options.least_squares_lsqr_conlim                100000000.0                                                            code  
genericsolvers.solver_options.least_squares_lsqr_iter_lim              None                                                                   code  
genericsolvers.solver_options.lgmres_inner_m                           39                                                                     code  
genericsolvers.solver_options.lgmres_maxiter                           1000                                                                   code  
genericsolvers.solver_options.lgmres_outer_k                           3                                                                      code  
genericsolvers.solver_options.lgmres_tol                               1e-05                                                                  code  
gram_schmidt.gram_schmidt.atol                                         1e-13                                                                  code  
gram_schmidt.gram_schmidt.check                                        True                                                                   code  
gram_schmidt.gram_schmidt.check_tol                                    0.001                                                                  code  
gram_schmidt.gram_schmidt.reiterate                                    True                                                                   code  
gram_schmidt.gram_schmidt.reiteration_threshold                        0.1                                                                    code  
gram_schmidt.gram_schmidt.rtol                                         1e-13                                                                  code  
lradi.lyap_lrcf_solver_options.lradi_maxiter                           500                                                                    code  
lradi.lyap_lrcf_solver_options.lradi_shifts                            &apos;projection_shifts&apos;                                                    code  
lradi.lyap_lrcf_solver_options.lradi_tol                               1e-10                                                                  code  
lradi.lyap_lrcf_solver_options.projection_shifts_implicit_subspace     True                                                                   code  
lradi.lyap_lrcf_solver_options.projection_shifts_init_maxiter          20                                                                     code  
lradi.lyap_lrcf_solver_options.projection_shifts_init_seed             None                                                                   code  
lradi.lyap_lrcf_solver_options.projection_shifts_z_columns             1                                                                      code  
lyapunov.mat_eqn_sparse_min_size.value                                 1000                                                                   code  
lyapunov.solve_lyap_dense.default_solver_backend                       &apos;pymess&apos;                                                               code  
lyapunov.solve_lyap_lrcf.default_dense_solver_backend                  &apos;pymess&apos;                                                               code  
lyapunov.solve_lyap_lrcf.default_sparse_solver_backend                 &apos;pymess&apos;                                                               code  
newton.newton.atol                                                     -1.0                                                                   code  
newton.newton.maxiter                                                  100                                                                    code  
newton.newton.miniter                                                  0                                                                      code  
newton.newton.rtol                                                     -1.0                                                                   code  
newton.newton.stagnation_threshold                                     0.9                                                                    code  
newton.newton.stagnation_window                                        3                                                                      code  
pod.pod.atol                                                           0.0                                                                    code  
pod.pod.check                                                          True                                                                   code  
pod.pod.check_tol                                                      1e-10                                                                  code  
pod.pod.l2_err                                                         0.0                                                                    code  
pod.pod.orthonormalize                                                 True                                                                   code  
pod.pod.rtol                                                           4e-08                                                                  code  
pod.pod.symmetrize                                                     False                                                                  code  
riccati.solve_pos_ricc_lrcf.default_dense_solver_backend               &apos;pymess&apos;                                                               code  
riccati.solve_ricc_lrcf.default_dense_solver_backend                   &apos;pymess&apos;                                                               code  
riccati.solve_ricc_lrcf.default_sparse_solver_backend                  &apos;pymess&apos;                                                               code  
text.text_problem.font_name                                            None                                                                   code  
fenics._solver_options.preconditioner                                  &apos;amg&apos;                                                                  code  
fenics._solver_options.solver                                          &apos;bicgstab&apos;                                                             code  
ngsolve.NGSolveMatrixOperator.apply_inverse.default_solver             &apos;&apos;                                                                     code  
pyamg.apply_inverse.check_finite                                       True                                                                   code  
pyamg.apply_inverse.default_solver                                     &apos;pyamg_solve&apos;                                                          code  
pyamg.solver_options.maxiter                                           400                                                                    code  
pyamg.solver_options.rs_CF                                             &apos;RS&apos;                                                                   code  
pyamg.solver_options.rs_accel                                          None                                                                   code  
pyamg.solver_options.rs_coarse_solver                                  &apos;pinv2&apos;                                                                code  
pyamg.solver_options.rs_cycle                                          &apos;V&apos;                                                                    code  
pyamg.solver_options.rs_max_coarse                                     500                                                                    code  
pyamg.solver_options.rs_max_levels                                     10                                                                     code  
pyamg.solver_options.rs_maxiter                                        100                                                                    code  
pyamg.solver_options.rs_postsmoother                                   (&apos;gauss_seidel&apos;, {&apos;sweep&apos;: &apos;symmetric&apos;})                               code  
pyamg.solver_options.rs_strength                                       (&apos;classical&apos;, {&apos;theta&apos;: 0.25})                                         code  
pyamg.solver_options.rs_tol                                            1e-05                                                                  code  
pyamg.solver_options.sa_accel                                          None                                                                   code  
pyamg.solver_options.sa_aggregate                                      &apos;standard&apos;                                                             code  
pyamg.solver_options.sa_coarse_solver                                  &apos;pinv2&apos;                                                                code  
pyamg.solver_options.sa_cycle                                          &apos;V&apos;                                                                    code  
pyamg.solver_options.sa_diagonal_dominance                             False                                                                  code  
pyamg.solver_options.sa_improve_candidates                             ((&apos;block_gauss_seidel&apos;, {&apos;sweep&apos;: &apos;symmetric&apos;, &apos;iterations&apos;: 4}),      code  
                                                                       None)                                                                        
pyamg.solver_options.sa_max_coarse                                     500                                                                    code  
pyamg.solver_options.sa_max_levels                                     10                                                                     code  
pyamg.solver_options.sa_maxiter                                        100                                                                    code  
pyamg.solver_options.sa_postsmoother                                   (&apos;block_gauss_seidel&apos;, {&apos;sweep&apos;: &apos;symmetric&apos;})                         code  
pyamg.solver_options.sa_presmoother                                    (&apos;block_gauss_seidel&apos;, {&apos;sweep&apos;: &apos;symmetric&apos;})                         code  
pyamg.solver_options.sa_smooth                                         (&apos;jacobi&apos;, {&apos;omega&apos;: 1.3333333333333333})                              code  
pyamg.solver_options.sa_strength                                       &apos;symmetric&apos;                                                            code  
pyamg.solver_options.sa_symmetry                                       &apos;hermitian&apos;                                                            code  
pyamg.solver_options.sa_tol                                            1e-05                                                                  code  
pyamg.solver_options.tol                                               1e-05                                                                  code  
pymess.dense_nm_gmpcare_solver_options.absres_tol                      1e-11                                                                  code  
pymess.dense_nm_gmpcare_solver_options.linesearch                      False                                                                  code  
pymess.dense_nm_gmpcare_solver_options.maxit                           50                                                                     code  
pymess.dense_nm_gmpcare_solver_options.nrm                             0                                                                      code  
pymess.dense_nm_gmpcare_solver_options.relres_tol                      1e-12                                                                  code  
pymess.lradi_solver_options.adi_maxit                                  500                                                                    code  
pymess.lradi_solver_options.adi_memory_usage                           1                                                                      code  
pymess.lradi_solver_options.adi_output                                 1                                                                      code  
pymess.lradi_solver_options.adi_rel_change_tol                         1e-10                                                                  code  
pymess.lradi_solver_options.adi_res2_tol                               1e-10                                                                  code  
pymess.lradi_solver_options.adi_res2c_tol                              1e-11                                                                  code  
pymess.lradi_solver_options.adi_shifts_arp_m                           32                                                                     code  
pymess.lradi_solver_options.adi_shifts_arp_p                           48                                                                     code  
pymess.lradi_solver_options.adi_shifts_b0                              None                                                                   code  
pymess.lradi_solver_options.adi_shifts_l0                              16                                                                     code  
pymess.lradi_solver_options.adi_shifts_p                               None                                                                   code  
pymess.lradi_solver_options.adi_shifts_paratype                        3                                                                      code  
pymess.lrnm_solver_options.newton_gstep                                0                                                                      code  
pymess.lrnm_solver_options.newton_k0                                   None                                                                   code  
pymess.lrnm_solver_options.newton_linesearch                           0                                                                      code  
pymess.lrnm_solver_options.newton_maxit                                30                                                                     code  
pymess.lrnm_solver_options.newton_output                               1                                                                      code  
pymess.lrnm_solver_options.newton_res2_tol                             1e-10                                                                  code  
pymess.lrnm_solver_options.newton_singleshifts                         0                                                                      code  
pymess.solve_lyap_lrcf.default_solver                                  None                                                                   code  
pymess.solve_ricc_lrcf.default_solver                                  None                                                                   code  
scipy.apply_inverse.check_finite                                       True                                                                   code  
scipy.apply_inverse.default_least_squares_solver                       &apos;scipy_least_squares_lsmr&apos;                                             code  
scipy.apply_inverse.default_solver                                     &apos;scipy_spsolve&apos;                                                        code  
scipy.solver_options.bicgstab_maxiter                                  None                                                                   code  
scipy.solver_options.bicgstab_tol                                      1e-15                                                                  code  
scipy.solver_options.least_squares_lsmr_atol                           1e-06                                                                  code  
scipy.solver_options.least_squares_lsmr_btol                           1e-06                                                                  code  
scipy.solver_options.least_squares_lsmr_conlim                         100000000.0                                                            code  
scipy.solver_options.least_squares_lsmr_damp                           0.0                                                                    code  
scipy.solver_options.least_squares_lsmr_maxiter                        None                                                                   code  
scipy.solver_options.least_squares_lsqr_atol                           1e-06                                                                  code  
scipy.solver_options.least_squares_lsqr_btol                           1e-06                                                                  code  
scipy.solver_options.least_squares_lsqr_conlim                         100000000.0                                                            code  
scipy.solver_options.least_squares_lsqr_iter_lim                       None                                                                   code  
scipy.solver_options.lgmres_inner_m                                    39                                                                     code  
scipy.solver_options.lgmres_maxiter                                    1000                                                                   code  
scipy.solver_options.lgmres_outer_k                                    3                                                                      code  
scipy.solver_options.lgmres_tol                                        1e-05                                                                  code  
scipy.solver_options.spilu_drop_rule                                   None                                                                   code  
scipy.solver_options.spilu_drop_tol                                    0.0001                                                                 code  
scipy.solver_options.spilu_fill_factor                                 10                                                                     code  
scipy.solver_options.spilu_permc_spec                                  &apos;COLAMD&apos;                                                               code  
scipy.solver_options.spsolve_keep_factorization                        True                                                                   code  
scipy.solver_options.spsolve_permc_spec                                &apos;COLAMD&apos;                                                               code  
constructions.induced_norm.raise_negative                              True                                                                   code  
constructions.induced_norm.tol                                         1e-10                                                                  code  
fv.jacobian_options.delta                                              1e-07                                                                  code  
numpy.NumpyMatrixOperator.apply_inverse.check_finite                   True                                                                   code  
numpy.NumpyMatrixOperator.apply_inverse.default_sparse_solver_backend  &apos;scipy&apos;                                                                code  
default.new_parallel_pool.allow_mpi                                    True                                                                   code  
default.new_parallel_pool.ipython_num_engines                          None                                                                   code  
default.new_parallel_pool.ipython_profile                              None                                                                   code  
floatcmp.float_cmp.atol                                                1e-14                                                                  code  
floatcmp.float_cmp.rtol                                                1e-14                                                                  code  
mpi.event_loop_settings.auto_launch                                    True                                                                   code  
random.new_random_state.seed                                           42                                                                     code  
defaults.func.c                                                        43                                                                     user  
defaults.func.d                                                        3                                                                      code  



                  defaults not affecting state id calculation                   
                  ===========================================                   

path (shortened)                     value                                source
-----------------------------------  -----------------------------------  ------
genericsolvers.solver_options.least  False                                code  
_squares_lsmr_show                                                              
genericsolvers.solver_options.least  False                                code  
_squares_lsqr_show                                                              
pyamg.solver_options.verb            False                                code  
scipy.solver_options.least_squares_  False                                code  
lsmr_show                                                                       
scipy.solver_options.least_squares_  False                                code  
lsqr_show                                                                       
cache.default_regions.disk_max_size  1073741824                           code  
cache.default_regions.disk_path      &apos;/tmp/pymor.cache.pymor&apos;             code  
cache.default_regions.memory_max_ke  1000                                 code  
ys                                                                              
cache.default_regions.persistent_ma  1073741824                           code  
x_size                                                                          
cache.default_regions.persistent_pa  &apos;/tmp/pymor.persistent.cache.pymor&apos;  code  
th                                                                              
logger.getLogger.filename            &apos;&apos;                                   code  
logger.set_log_format.block_timings  False                                code  
logger.set_log_format.indent_blocks  True                                 code  
logger.set_log_format.max_hierarchy  1                                    code  
_level                                                                          
logger.set_log_levels.levels         None                                 code  
gl.colormap_texture.name             &apos;viridis&apos;                            code  
qt.visualize_patch.backend           &apos;gl&apos;                                 code  
pprint.format_array.compact_print    False                                code  

</system-out></testcase><testcase classname="src.pymortests.core.defaults" file="src/pymortests/core/defaults.py" line="34" name="test_write_defaults_to_file" time="0.0170896053314209"><system-out>Written defaults to file /tmp/tmpdem44a_h/defaults.py
</system-out></testcase><testcase classname="src.pymortests.core.defaults" file="src/pymortests/core/defaults.py" line="39" name="test_load_defaults_from_file" time="0.016143321990966797"><system-out>Written defaults to file /tmp/tmp0nhsl8u0/defaults.py
</system-out></testcase><testcase classname="src.pymortests.core.interface.Test_Interface" file="src/pymortests/core/interface.py" line="18" name="testImplementorlist" time="0.001117706298828125"></testcase><testcase classname="src.pymortests.core.interface.Test_Interface" file="src/pymortests/core/interface.py" line="24" name="testAbstractMethods" time="0.0035085678100585938"></testcase><testcase classname="src.pymortests.core.interface.Test_Interface" file="src/pymortests/core/interface.py" line="56" name="testVersion" time="0.0008180141448974609"></testcase><testcase classname="src.pymortests.core.interface" file="src/pymortests/core/interface.py" line="78" name="test_withcopy_implementors" time="0.00785064697265625"></testcase><testcase classname="src.pymortests.core.logger" file="src/pymortests/core/logger.py" line="20" name="test_logclass[RuleTable]" time="0.002778768539428711"><system-err>19:03 |WARNING|RuleTable: warning -- logger &lt;Logger pymor.algorithms.rules.RuleTable (INFO)&gt;
19:03 |ERROR|RuleTable: error -- logger &lt;Logger pymor.algorithms.rules.RuleTable (INFO)&gt;
19:03 RuleTable: info -- logger &lt;Logger pymor.algorithms.rules.RuleTable (INFO)&gt;
</system-err></testcase><testcase classname="src.pymortests.core.logger" file="src/pymortests/core/logger.py" line="20" name="test_logclass[PatchVisualizer]" time="0.00254058837890625"><system-err>19:03 |WARNING|PatchVisualizer: warning -- logger &lt;Logger pymor.gui.visualizers.PatchVisualizer (INFO)&gt;
19:03 |ERROR|PatchVisualizer: error -- logger &lt;Logger pymor.gui.visualizers.PatchVisualizer (INFO)&gt;
19:03 PatchVisualizer: info -- logger &lt;Logger pymor.gui.visualizers.PatchVisualizer (INFO)&gt;
</system-err></testcase><testcase classname="src.pymortests.core.logger" file="src/pymortests/core/logger.py" line="20" name="test_logclass[OnedVisualizer]" time="0.001947641372680664"><system-err>19:03 |WARNING|OnedVisualizer: warning -- logger &lt;Logger pymor.gui.visualizers.OnedVisualizer (INFO)&gt;
19:03 |ERROR|OnedVisualizer: error -- logger &lt;Logger pymor.gui.visualizers.OnedVisualizer (INFO)&gt;
19:03 OnedVisualizer: info -- logger &lt;Logger pymor.gui.visualizers.OnedVisualizer (INFO)&gt;
</system-err></testcase><testcase classname="src.pymortests.core.logger" file="src/pymortests/core/logger.py" line="20" name="test_logclass[FenicsVisualizer]" time="0.0018537044525146484"><system-err>19:03 |WARNING|FenicsVisualizer: warning -- logger &lt;Logger pymor.bindings.fenics.FenicsVisualizer (INFO)&gt;
19:03 |ERROR|FenicsVisualizer: error -- logger &lt;Logger pymor.bindings.fenics.FenicsVisualizer (INFO)&gt;
19:03 FenicsVisualizer: info -- logger &lt;Logger pymor.bindings.fenics.FenicsVisualizer (INFO)&gt;
</system-err></testcase><testcase classname="src.pymortests.core.logger" file="src/pymortests/core/logger.py" line="20" name="test_logclass[BoringTestClass]" time="0.0017688274383544922"><system-err>19:03 |WARNING|BoringTestClass: warning -- logger &lt;Logger pymortests.core.dummies.BoringTestClass (INFO)&gt;
19:03 |ERROR|BoringTestClass: error -- logger &lt;Logger pymortests.core.dummies.BoringTestClass (INFO)&gt;
19:03 BoringTestClass: info -- logger &lt;Logger pymortests.core.dummies.BoringTestClass (INFO)&gt;
</system-err></testcase><testcase classname="src.pymortests.core.logger" file="src/pymortests/core/logger.py" line="20" name="test_logclass[RemoteObjectManager]" time="0.0017213821411132812"><system-err>19:03 |WARNING|RemoteObjectManager: warning -- logger &lt;Logger pymor.parallel.manager.RemoteObjectManager (INFO)&gt;
19:03 |ERROR|RemoteObjectManager: error -- logger &lt;Logger pymor.parallel.manager.RemoteObjectManager (INFO)&gt;
19:03 RemoteObjectManager: info -- logger &lt;Logger pymor.parallel.manager.RemoteObjectManager (INFO)&gt;
</system-err></testcase><testcase classname="src.pymortests.core.logger" file="src/pymortests/core/logger.py" line="20" name="test_logclass[AdaptiveSampleSet]" time="0.0017604827880859375"><system-err>19:03 |WARNING|AdaptiveSampleSet: warning -- logger &lt;Logger pymor.algorithms.adaptivegreedy.AdaptiveSampleSet (INFO)&gt;
19:03 |ERROR|AdaptiveSampleSet: error -- logger &lt;Logger pymor.algorithms.adaptivegreedy.AdaptiveSampleSet (INFO)&gt;
19:03 AdaptiveSampleSet: info -- logger &lt;Logger pymor.algorithms.adaptivegreedy.AdaptiveSampleSet (INFO)&gt;
</system-err></testcase><testcase classname="src.pymortests.core.logger" file="src/pymortests/core/logger.py" line="20" name="test_logclass[Tree]" time="0.0017044544219970703"><system-err>19:03 |WARNING|Tree: warning -- logger &lt;Logger pymor.algorithms.hapod.Tree (INFO)&gt;
19:03 |ERROR|Tree: error -- logger &lt;Logger pymor.algorithms.hapod.Tree (INFO)&gt;
19:03 Tree: info -- logger &lt;Logger pymor.algorithms.hapod.Tree (INFO)&gt;
</system-err></testcase><testcase classname="src.pymortests.core.logger" file="src/pymortests/core/logger.py" line="20" name="test_logclass[GenericRBReductor]" time="0.0017116069793701172"><system-err>19:03 |WARNING|GenericRBReductor: warning -- logger &lt;Logger pymor.reductors.basic.GenericRBReductor (INFO)&gt;
19:03 |ERROR|GenericRBReductor: error -- logger &lt;Logger pymor.reductors.basic.GenericRBReductor (INFO)&gt;
19:03 GenericRBReductor: info -- logger &lt;Logger pymor.reductors.basic.GenericRBReductor (INFO)&gt;
</system-err></testcase><testcase classname="src.pymortests.core.logger" file="src/pymortests/core/logger.py" line="20" name="test_logclass[GenericPGReductor]" time="0.002660989761352539"><system-err>19:03 |WARNING|GenericPGReductor: warning -- logger &lt;Logger pymor.reductors.basic.GenericPGReductor (INFO)&gt;
19:03 |ERROR|GenericPGReductor: error -- logger &lt;Logger pymor.reductors.basic.GenericPGReductor (INFO)&gt;
19:03 GenericPGReductor: info -- logger &lt;Logger pymor.reductors.basic.GenericPGReductor (INFO)&gt;
</system-err></testcase><testcase classname="src.pymortests.core.logger" file="src/pymortests/core/logger.py" line="20" name="test_logclass[GenericBTReductor]" time="0.0017709732055664062"><system-err>19:03 |WARNING|GenericBTReductor: warning -- logger &lt;Logger pymor.reductors.bt.GenericBTReductor (INFO)&gt;
19:03 |ERROR|GenericBTReductor: error -- logger &lt;Logger pymor.reductors.bt.GenericBTReductor (INFO)&gt;
19:03 GenericBTReductor: info -- logger &lt;Logger pymor.reductors.bt.GenericBTReductor (INFO)&gt;
</system-err></testcase><testcase classname="src.pymortests.core.logger" file="src/pymortests/core/logger.py" line="20" name="test_logclass[ResidualReductor]" time="0.001786947250366211"><system-err>19:03 |WARNING|ResidualReductor: warning -- logger &lt;Logger pymor.reductors.residual.ResidualReductor (INFO)&gt;
19:03 |ERROR|ResidualReductor: error -- logger &lt;Logger pymor.reductors.residual.ResidualReductor (INFO)&gt;
19:03 ResidualReductor: info -- logger &lt;Logger pymor.reductors.residual.ResidualReductor (INFO)&gt;
</system-err></testcase><testcase classname="src.pymortests.core.logger" file="src/pymortests/core/logger.py" line="20" name="test_logclass[ImplicitEulerResidualReductor]" time="0.0017404556274414062"><system-err>19:03 |WARNING|ImplicitEulerResidualReductor: warning -- logger &lt;Logger pymor.reductors.residual.ImplicitEulerResidualReductor (INFO)&gt;
19:03 |ERROR|ImplicitEulerResidualReductor: error -- logger &lt;Logger pymor.reductors.residual.ImplicitEulerResidualReductor (INFO)&gt;
19:03 ImplicitEulerResidualReductor: info -- logger &lt;Logger pymor.reductors.residual.ImplicitEulerResidualReductor (INFO)&gt;
</system-err></testcase><testcase classname="src.pymortests.core.logger" file="src/pymortests/core/logger.py" line="20" name="test_logclass[GenericBHIReductor]" time="0.0016710758209228516"><system-err>19:03 |WARNING|GenericBHIReductor: warning -- logger &lt;Logger pymor.reductors.interpolation.GenericBHIReductor (INFO)&gt;
19:03 |ERROR|GenericBHIReductor: error -- logger &lt;Logger pymor.reductors.interpolation.GenericBHIReductor (INFO)&gt;
19:03 GenericBHIReductor: info -- logger &lt;Logger pymor.reductors.interpolation.GenericBHIReductor (INFO)&gt;
</system-err></testcase><testcase classname="src.pymortests.core.logger" file="src/pymortests/core/logger.py" line="20" name="test_logclass[TFInterpReductor]" time="0.0016913414001464844"><system-err>19:03 |WARNING|TFInterpReductor: warning -- logger &lt;Logger pymor.reductors.interpolation.TFInterpReductor (INFO)&gt;
19:03 |ERROR|TFInterpReductor: error -- logger &lt;Logger pymor.reductors.interpolation.TFInterpReductor (INFO)&gt;
19:03 TFInterpReductor: info -- logger &lt;Logger pymor.reductors.interpolation.TFInterpReductor (INFO)&gt;
</system-err></testcase><testcase classname="src.pymortests.core.logger" file="src/pymortests/core/logger.py" line="20" name="test_logclass[IRKAReductor]" time="0.001895904541015625"><system-err>19:03 |WARNING|IRKAReductor: warning -- logger &lt;Logger pymor.reductors.h2.IRKAReductor (INFO)&gt;
19:03 |ERROR|IRKAReductor: error -- logger &lt;Logger pymor.reductors.h2.IRKAReductor (INFO)&gt;
19:03 IRKAReductor: info -- logger &lt;Logger pymor.reductors.h2.IRKAReductor (INFO)&gt;
</system-err></testcase><testcase classname="src.pymortests.core.logger" file="src/pymortests/core/logger.py" line="20" name="test_logclass[OneSidedIRKAReductor]" time="0.0016908645629882812"><system-err>19:03 |WARNING|OneSidedIRKAReductor: warning -- logger &lt;Logger pymor.reductors.h2.OneSidedIRKAReductor (INFO)&gt;
19:03 |ERROR|OneSidedIRKAReductor: error -- logger &lt;Logger pymor.reductors.h2.OneSidedIRKAReductor (INFO)&gt;
19:03 OneSidedIRKAReductor: info -- logger &lt;Logger pymor.reductors.h2.OneSidedIRKAReductor (INFO)&gt;
</system-err></testcase><testcase classname="src.pymortests.core.logger" file="src/pymortests/core/logger.py" line="20" name="test_logclass[TSIAReductor]" time="0.001683950424194336"><system-err>19:03 |WARNING|TSIAReductor: warning -- logger &lt;Logger pymor.reductors.h2.TSIAReductor (INFO)&gt;
19:03 |ERROR|TSIAReductor: error -- logger &lt;Logger pymor.reductors.h2.TSIAReductor (INFO)&gt;
19:03 TSIAReductor: info -- logger &lt;Logger pymor.reductors.h2.TSIAReductor (INFO)&gt;
</system-err></testcase><testcase classname="src.pymortests.core.logger" file="src/pymortests/core/logger.py" line="20" name="test_logclass[TF_IRKAReductor]" time="0.0019843578338623047"><system-err>19:03 |WARNING|TF_IRKAReductor: warning -- logger &lt;Logger pymor.reductors.h2.TF_IRKAReductor (INFO)&gt;
19:03 |ERROR|TF_IRKAReductor: error -- logger &lt;Logger pymor.reductors.h2.TF_IRKAReductor (INFO)&gt;
19:03 TF_IRKAReductor: info -- logger &lt;Logger pymor.reductors.h2.TF_IRKAReductor (INFO)&gt;
</system-err></testcase><testcase classname="src.pymortests.core.logger" file="src/pymortests/core/logger.py" line="20" name="test_logclass[GenericSOBTpvReductor]" time="0.0017292499542236328"><system-err>19:03 |WARNING|GenericSOBTpvReductor: warning -- logger &lt;Logger pymor.reductors.sobt.GenericSOBTpvReductor (INFO)&gt;
19:03 |ERROR|GenericSOBTpvReductor: error -- logger &lt;Logger pymor.reductors.sobt.GenericSOBTpvReductor (INFO)&gt;
19:03 GenericSOBTpvReductor: info -- logger &lt;Logger pymor.reductors.sobt.GenericSOBTpvReductor (INFO)&gt;
</system-err></testcase><testcase classname="src.pymortests.core.logger" file="src/pymortests/core/logger.py" line="20" name="test_logclass[SOBTfvReductor]" time="0.0016345977783203125"><system-err>19:03 |WARNING|SOBTfvReductor: warning -- logger &lt;Logger pymor.reductors.sobt.SOBTfvReductor (INFO)&gt;
19:03 |ERROR|SOBTfvReductor: error -- logger &lt;Logger pymor.reductors.sobt.SOBTfvReductor (INFO)&gt;
19:03 SOBTfvReductor: info -- logger &lt;Logger pymor.reductors.sobt.SOBTfvReductor (INFO)&gt;
</system-err></testcase><testcase classname="src.pymortests.core.logger" file="src/pymortests/core/logger.py" line="20" name="test_logclass[SOBTReductor]" time="0.0016865730285644531"><system-err>19:03 |WARNING|SOBTReductor: warning -- logger &lt;Logger pymor.reductors.sobt.SOBTReductor (INFO)&gt;
19:03 |ERROR|SOBTReductor: error -- logger &lt;Logger pymor.reductors.sobt.SOBTReductor (INFO)&gt;
19:03 SOBTReductor: info -- logger &lt;Logger pymor.reductors.sobt.SOBTReductor (INFO)&gt;
</system-err></testcase><testcase classname="src.pymortests.core.logger" file="src/pymortests/core/logger.py" line="20" name="test_logclass[SOR_IRKAReductor]" time="0.0019066333770751953"><system-err>19:03 |WARNING|SOR_IRKAReductor: warning -- logger &lt;Logger pymor.reductors.sor_irka.SOR_IRKAReductor (INFO)&gt;
19:03 |ERROR|SOR_IRKAReductor: error -- logger &lt;Logger pymor.reductors.sor_irka.SOR_IRKAReductor (INFO)&gt;
19:03 SOR_IRKAReductor: info -- logger &lt;Logger pymor.reductors.sor_irka.SOR_IRKAReductor (INFO)&gt;
</system-err></testcase><testcase classname="src.pymortests.core.logger" file="src/pymortests/core/logger.py" line="20" name="test_logclass[new_ipcluster_pool]" time="0.0017147064208984375"><system-err>19:03 |WARNING|new_ipcluster_pool: warning -- logger &lt;Logger pymor.parallel.ipython.new_ipcluster_pool (INFO)&gt;
19:03 |ERROR|new_ipcluster_pool: error -- logger &lt;Logger pymor.parallel.ipython.new_ipcluster_pool (INFO)&gt;
19:03 new_ipcluster_pool: info -- logger &lt;Logger pymor.parallel.ipython.new_ipcluster_pool (INFO)&gt;
</system-err></testcase><testcase classname="src.pymortests.core.logger" file="src/pymortests/core/logger.py" line="20" name="test_logclass[StationaryProblem]" time="0.0017800331115722656"><system-err>19:03 |WARNING|StationaryProblem: warning -- logger &lt;Logger pymor.analyticalproblems.elliptic.StationaryProblem (INFO)&gt;
19:03 |ERROR|StationaryProblem: error -- logger &lt;Logger pymor.analyticalproblems.elliptic.StationaryProblem (INFO)&gt;
19:03 StationaryProblem: info -- logger &lt;Logger pymor.analyticalproblems.elliptic.StationaryProblem (INFO)&gt;
</system-err></testcase><testcase classname="src.pymortests.core.logger" file="src/pymortests/core/logger.py" line="20" name="test_logclass[InstationaryProblem]" time="0.0017139911651611328"><system-err>19:03 |WARNING|InstationaryProblem: warning -- logger &lt;Logger pymor.analyticalproblems.instationary.InstationaryProblem (INFO)&gt;
19:03 |ERROR|InstationaryProblem: error -- logger &lt;Logger pymor.analyticalproblems.instationary.InstationaryProblem (INFO)&gt;
19:03 InstationaryProblem: info -- logger &lt;Logger pymor.analyticalproblems.instationary.InstationaryProblem (INFO)&gt;
</system-err></testcase><testcase classname="src.pymortests.core.logger" file="src/pymortests/core/logger.py" line="20" name="test_logclass[InducedNorm]" time="0.0017969608306884766"><system-err>19:03 |WARNING|InducedNorm: warning -- logger &lt;Logger pymor.operators.constructions.InducedNorm (INFO)&gt;
19:03 |ERROR|InducedNorm: error -- logger &lt;Logger pymor.operators.constructions.InducedNorm (INFO)&gt;
19:03 InducedNorm: info -- logger &lt;Logger pymor.operators.constructions.InducedNorm (INFO)&gt;
</system-err></testcase><testcase classname="src.pymortests.core.logger" file="src/pymortests/core/logger.py" line="20" name="test_logclass[NGSolveVisualizer]" time="0.0017647743225097656"><system-err>19:03 |WARNING|NGSolveVisualizer: warning -- logger &lt;Logger pymor.bindings.ngsolve.NGSolveVisualizer (INFO)&gt;
19:03 |ERROR|NGSolveVisualizer: error -- logger &lt;Logger pymor.bindings.ngsolve.NGSolveVisualizer (INFO)&gt;
19:03 NGSolveVisualizer: info -- logger &lt;Logger pymor.bindings.ngsolve.NGSolveVisualizer (INFO)&gt;
</system-err></testcase><testcase classname="src.pymortests.core.logger" file="src/pymortests/core/logger.py" line="20" name="test_logclass[CoerciveRBEstimator]" time="0.0017268657684326172"><system-err>19:03 |WARNING|CoerciveRBEstimator: warning -- logger &lt;Logger pymor.reductors.coercive.CoerciveRBEstimator (INFO)&gt;
19:03 |ERROR|CoerciveRBEstimator: error -- logger &lt;Logger pymor.reductors.coercive.CoerciveRBEstimator (INFO)&gt;
19:03 CoerciveRBEstimator: info -- logger &lt;Logger pymor.reductors.coercive.CoerciveRBEstimator (INFO)&gt;
</system-err></testcase><testcase classname="src.pymortests.core.logger" file="src/pymortests/core/logger.py" line="20" name="test_logclass[SimpleCoerciveRBEstimator]" time="0.0017380714416503906"><system-err>19:03 |WARNING|SimpleCoerciveRBEstimator: warning -- logger &lt;Logger pymor.reductors.coercive.SimpleCoerciveRBEstimator (INFO)&gt;
19:03 |ERROR|SimpleCoerciveRBEstimator: error -- logger &lt;Logger pymor.reductors.coercive.SimpleCoerciveRBEstimator (INFO)&gt;
19:03 SimpleCoerciveRBEstimator: info -- logger &lt;Logger pymor.reductors.coercive.SimpleCoerciveRBEstimator (INFO)&gt;
</system-err></testcase><testcase classname="src.pymortests.core.logger" file="src/pymortests/core/logger.py" line="20" name="test_logclass[ParabolicRBEstimator]" time="0.0017271041870117188"><system-err>19:03 |WARNING|ParabolicRBEstimator: warning -- logger &lt;Logger pymor.reductors.parabolic.ParabolicRBEstimator (INFO)&gt;
19:03 |ERROR|ParabolicRBEstimator: error -- logger &lt;Logger pymor.reductors.parabolic.ParabolicRBEstimator (INFO)&gt;
19:03 ParabolicRBEstimator: info -- logger &lt;Logger pymor.reductors.parabolic.ParabolicRBEstimator (INFO)&gt;
</system-err></testcase><testcase classname="src.pymortests.core.logger" file="src/pymortests/core/logger.py" line="20" name="test_logclass[MPIVisualizer]" time="0.002043485641479492"><system-err>19:03 |WARNING|MPIVisualizer: warning -- logger &lt;Logger pymor.models.mpi.MPIVisualizer (INFO)&gt;
19:03 |ERROR|MPIVisualizer: error -- logger &lt;Logger pymor.models.mpi.MPIVisualizer (INFO)&gt;
19:03 MPIVisualizer: info -- logger &lt;Logger pymor.models.mpi.MPIVisualizer (INFO)&gt;
</system-err></testcase><testcase classname="src.pymortests.core.logger" file="src/pymortests/core/logger.py" line="20" name="test_logclass[NumpyVectorArray]" time="0.0021593570709228516"><system-err>19:03 |WARNING|NumpyVectorArray: warning -- logger &lt;Logger pymor.vectorarrays.numpy.NumpyVectorArray (INFO)&gt;
19:03 |ERROR|NumpyVectorArray: error -- logger &lt;Logger pymor.vectorarrays.numpy.NumpyVectorArray (INFO)&gt;
19:03 NumpyVectorArray: info -- logger &lt;Logger pymor.vectorarrays.numpy.NumpyVectorArray (INFO)&gt;
</system-err></testcase><testcase classname="src.pymortests.core.logger" file="src/pymortests/core/logger.py" line="20" name="test_logclass[BlockVectorArray]" time="0.0020596981048583984"><system-err>19:03 |WARNING|BlockVectorArray: warning -- logger &lt;Logger pymor.vectorarrays.block.BlockVectorArray (INFO)&gt;
19:03 |ERROR|BlockVectorArray: error -- logger &lt;Logger pymor.vectorarrays.block.BlockVectorArray (INFO)&gt;
19:03 BlockVectorArray: info -- logger &lt;Logger pymor.vectorarrays.block.BlockVectorArray (INFO)&gt;
</system-err></testcase><testcase classname="src.pymortests.core.logger" file="src/pymortests/core/logger.py" line="20" name="test_logclass[ListVectorArray]" time="0.001829385757446289"><system-err>19:03 |WARNING|ListVectorArray: warning -- logger &lt;Logger pymor.vectorarrays.list.ListVectorArray (INFO)&gt;
19:03 |ERROR|ListVectorArray: error -- logger &lt;Logger pymor.vectorarrays.list.ListVectorArray (INFO)&gt;
19:03 ListVectorArray: info -- logger &lt;Logger pymor.vectorarrays.list.ListVectorArray (INFO)&gt;
</system-err></testcase><testcase classname="src.pymortests.core.logger" file="src/pymortests/core/logger.py" line="20" name="test_logclass[MPIVectorArray]" time="0.0017724037170410156"><system-err>19:03 |WARNING|MPIVectorArray: warning -- logger &lt;Logger pymor.vectorarrays.mpi.MPIVectorArray (INFO)&gt;
19:03 |ERROR|MPIVectorArray: error -- logger &lt;Logger pymor.vectorarrays.mpi.MPIVectorArray (INFO)&gt;
19:03 MPIVectorArray: info -- logger &lt;Logger pymor.vectorarrays.mpi.MPIVectorArray (INFO)&gt;
</system-err></testcase><testcase classname="src.pymortests.core.logger" file="src/pymortests/core/logger.py" line="20" name="test_logclass[PreAssembleRules]" time="0.0017473697662353516"><system-err>19:03 |WARNING|PreAssembleRules: warning -- logger &lt;Logger pymor.algorithms.preassemble.PreAssembleRules (INFO)&gt;
19:03 |ERROR|PreAssembleRules: error -- logger &lt;Logger pymor.algorithms.preassemble.PreAssembleRules (INFO)&gt;
19:03 PreAssembleRules: info -- logger &lt;Logger pymor.algorithms.preassemble.PreAssembleRules (INFO)&gt;
</system-err></testcase><testcase classname="src.pymortests.core.logger" file="src/pymortests/core/logger.py" line="20" name="test_logclass[ProjectRules]" time="0.0016715526580810547"><system-err>19:03 |WARNING|ProjectRules: warning -- logger &lt;Logger pymor.algorithms.projection.ProjectRules (INFO)&gt;
19:03 |ERROR|ProjectRules: error -- logger &lt;Logger pymor.algorithms.projection.ProjectRules (INFO)&gt;
19:03 ProjectRules: info -- logger &lt;Logger pymor.algorithms.projection.ProjectRules (INFO)&gt;
</system-err></testcase><testcase classname="src.pymortests.core.logger" file="src/pymortests/core/logger.py" line="20" name="test_logclass[ProjectToSubbasisRules]" time="0.0018014907836914062"><system-err>19:04 |WARNING|ProjectToSubbasisRules: warning -- logger &lt;Logger pymor.algorithms.projection.ProjectToSubbasisRules (INFO)&gt;
19:04 |ERROR|ProjectToSubbasisRules: error -- logger &lt;Logger pymor.algorithms.projection.ProjectToSubbasisRules (INFO)&gt;
19:04 ProjectToSubbasisRules: info -- logger &lt;Logger pymor.algorithms.projection.ProjectToSubbasisRules (INFO)&gt;
</system-err></testcase><testcase classname="src.pymortests.core.logger" file="src/pymortests/core/logger.py" line="20" name="test_logclass[ToMatrixRules]" time="0.0019109249114990234"><system-err>19:04 |WARNING|ToMatrixRules: warning -- logger &lt;Logger pymor.algorithms.to_matrix.ToMatrixRules (INFO)&gt;
19:04 |ERROR|ToMatrixRules: error -- logger &lt;Logger pymor.algorithms.to_matrix.ToMatrixRules (INFO)&gt;
19:04 ToMatrixRules: info -- logger &lt;Logger pymor.algorithms.to_matrix.ToMatrixRules (INFO)&gt;
</system-err></testcase><testcase classname="src.pymortests.core.logger" file="src/pymortests/core/logger.py" line="20" name="test_logclass[CollectOperatorRangeRules]" time="0.0017004013061523438"><system-err>19:04 |WARNING|CollectOperatorRangeRules: warning -- logger &lt;Logger pymor.algorithms.image.CollectOperatorRangeRules (INFO)&gt;
19:04 |ERROR|CollectOperatorRangeRules: error -- logger &lt;Logger pymor.algorithms.image.CollectOperatorRangeRules (INFO)&gt;
19:04 CollectOperatorRangeRules: info -- logger &lt;Logger pymor.algorithms.image.CollectOperatorRangeRules (INFO)&gt;
</system-err></testcase><testcase classname="src.pymortests.core.logger" file="src/pymortests/core/logger.py" line="20" name="test_logclass[CollectVectorRangeRules]" time="0.001705169677734375"><system-err>19:04 |WARNING|CollectVectorRangeRules: warning -- logger &lt;Logger pymor.algorithms.image.CollectVectorRangeRules (INFO)&gt;
19:04 |ERROR|CollectVectorRangeRules: error -- logger &lt;Logger pymor.algorithms.image.CollectVectorRangeRules (INFO)&gt;
19:04 CollectVectorRangeRules: info -- logger &lt;Logger pymor.algorithms.image.CollectVectorRangeRules (INFO)&gt;
</system-err></testcase><testcase classname="src.pymortests.core.logger" file="src/pymortests/core/logger.py" line="20" name="test_logclass[CopyOnWriteVector]" time="0.0016396045684814453"><system-err>19:04 |WARNING|CopyOnWriteVector: warning -- logger &lt;Logger pymor.vectorarrays.list.CopyOnWriteVector (INFO)&gt;
19:04 |ERROR|CopyOnWriteVector: error -- logger &lt;Logger pymor.vectorarrays.list.CopyOnWriteVector (INFO)&gt;
19:04 CopyOnWriteVector: info -- logger &lt;Logger pymor.vectorarrays.list.CopyOnWriteVector (INFO)&gt;
</system-err></testcase><testcase classname="src.pymortests.core.logger" file="src/pymortests/core/logger.py" line="20" name="test_logclass[AllDirichletBoundaryInfo]" time="0.0016601085662841797"><system-err>19:04 |WARNING|AllDirichletBoundaryInfo: warning -- logger &lt;Logger pymortests.core.dummies.AllDirichletBoundaryInfo (INFO)&gt;
19:04 |ERROR|AllDirichletBoundaryInfo: error -- logger &lt;Logger pymortests.core.dummies.AllDirichletBoundaryInfo (INFO)&gt;
19:04 AllDirichletBoundaryInfo: info -- logger &lt;Logger pymortests.core.dummies.AllDirichletBoundaryInfo (INFO)&gt;
</system-err></testcase><testcase classname="src.pymortests.core.logger" file="src/pymortests/core/logger.py" line="20" name="test_logclass[StupidImplementer]" time="0.0019860267639160156"><system-err>19:04 |WARNING|StupidImplementer: warning -- logger &lt;Logger pymortests.core.dummies.StupidImplementer (INFO)&gt;
19:04 |ERROR|StupidImplementer: error -- logger &lt;Logger pymortests.core.dummies.StupidImplementer (INFO)&gt;
19:04 StupidImplementer: info -- logger &lt;Logger pymortests.core.dummies.StupidImplementer (INFO)&gt;
</system-err></testcase><testcase classname="src.pymortests.core.logger" file="src/pymortests/core/logger.py" line="20" name="test_logclass[AverageImplementer0]" time="0.0016961097717285156"><system-err>19:04 |WARNING|AverageImplementer: warning -- logger &lt;Logger pymortests.core.dummies.AverageImplementer (INFO)&gt;
19:04 |ERROR|AverageImplementer: error -- logger &lt;Logger pymortests.core.dummies.AverageImplementer (INFO)&gt;
19:04 AverageImplementer: info -- logger &lt;Logger pymortests.core.dummies.AverageImplementer (INFO)&gt;
</system-err></testcase><testcase classname="src.pymortests.core.logger" file="src/pymortests/core/logger.py" line="20" name="test_logclass[FailImplementer]" time="0.001764535903930664"><system-err>19:04 |WARNING|FailImplementer: warning -- logger &lt;Logger pymortests.core.dummies.FailImplementer (INFO)&gt;
19:04 |ERROR|FailImplementer: error -- logger &lt;Logger pymortests.core.dummies.FailImplementer (INFO)&gt;
19:04 FailImplementer: info -- logger &lt;Logger pymortests.core.dummies.FailImplementer (INFO)&gt;
</system-err></testcase><testcase classname="src.pymortests.core.logger" file="src/pymortests/core/logger.py" line="20" name="test_logclass[AverageImplementer1]" time="0.0017991065979003906"><system-err>19:04 |WARNING|AverageImplementer: warning -- logger &lt;Logger pymortests.core.dummies.AverageImplementer (INFO)&gt;
19:04 |ERROR|AverageImplementer: error -- logger &lt;Logger pymortests.core.dummies.AverageImplementer (INFO)&gt;
19:04 AverageImplementer: info -- logger &lt;Logger pymortests.core.dummies.AverageImplementer (INFO)&gt;
</system-err></testcase><testcase classname="src.pymortests.core.logger" file="src/pymortests/core/logger.py" line="20" name="test_logclass[DummyPool]" time="0.0018591880798339844"><system-err>19:04 |WARNING|DummyPool: warning -- logger &lt;Logger pymor.parallel.dummy.DummyPool (INFO)&gt;
19:04 |ERROR|DummyPool: error -- logger &lt;Logger pymor.parallel.dummy.DummyPool (INFO)&gt;
19:04 DummyPool: info -- logger &lt;Logger pymor.parallel.dummy.DummyPool (INFO)&gt;
</system-err></testcase><testcase classname="src.pymortests.core.logger" file="src/pymortests/core/logger.py" line="20" name="test_logclass[WorkerPoolBase]" time="0.0017032623291015625"><system-err>19:04 |WARNING|WorkerPoolBase: warning -- logger &lt;Logger pymor.parallel.basic.WorkerPoolBase (INFO)&gt;
19:04 |ERROR|WorkerPoolBase: error -- logger &lt;Logger pymor.parallel.basic.WorkerPoolBase (INFO)&gt;
19:04 WorkerPoolBase: info -- logger &lt;Logger pymor.parallel.basic.WorkerPoolBase (INFO)&gt;
</system-err></testcase><testcase classname="src.pymortests.core.logger" file="src/pymortests/core/logger.py" line="20" name="test_logclass[IncHAPODTree]" time="0.0017094612121582031"><system-err>19:04 |WARNING|IncHAPODTree: warning -- logger &lt;Logger pymor.algorithms.hapod.IncHAPODTree (INFO)&gt;
19:04 |ERROR|IncHAPODTree: error -- logger &lt;Logger pymor.algorithms.hapod.IncHAPODTree (INFO)&gt;
19:04 IncHAPODTree: info -- logger &lt;Logger pymor.algorithms.hapod.IncHAPODTree (INFO)&gt;
</system-err></testcase><testcase classname="src.pymortests.core.logger" file="src/pymortests/core/logger.py" line="20" name="test_logclass[DistHAPODTree]" time="0.0016984939575195312"><system-err>19:04 |WARNING|DistHAPODTree: warning -- logger &lt;Logger pymor.algorithms.hapod.DistHAPODTree (INFO)&gt;
19:04 |ERROR|DistHAPODTree: error -- logger &lt;Logger pymor.algorithms.hapod.DistHAPODTree (INFO)&gt;
19:04 DistHAPODTree: info -- logger &lt;Logger pymor.algorithms.hapod.DistHAPODTree (INFO)&gt;
</system-err></testcase><testcase classname="src.pymortests.core.logger" file="src/pymortests/core/logger.py" line="20" name="test_logclass[CoerciveRBReductor]" time="0.0018339157104492188"><system-err>19:04 |WARNING|CoerciveRBReductor: warning -- logger &lt;Logger pymor.reductors.coercive.CoerciveRBReductor (INFO)&gt;
19:04 |ERROR|CoerciveRBReductor: error -- logger &lt;Logger pymor.reductors.coercive.CoerciveRBReductor (INFO)&gt;
19:04 CoerciveRBReductor: info -- logger &lt;Logger pymor.reductors.coercive.CoerciveRBReductor (INFO)&gt;
</system-err></testcase><testcase classname="src.pymortests.core.logger" file="src/pymortests/core/logger.py" line="20" name="test_logclass[SimpleCoerciveRBReductor]" time="0.0017790794372558594"><system-err>19:04 |WARNING|SimpleCoerciveRBReductor: warning -- logger &lt;Logger pymor.reductors.coercive.SimpleCoerciveRBReductor (INFO)&gt;
19:04 |ERROR|SimpleCoerciveRBReductor: error -- logger &lt;Logger pymor.reductors.coercive.SimpleCoerciveRBReductor (INFO)&gt;
19:04 SimpleCoerciveRBReductor: info -- logger &lt;Logger pymor.reductors.coercive.SimpleCoerciveRBReductor (INFO)&gt;
</system-err></testcase><testcase classname="src.pymortests.core.logger" file="src/pymortests/core/logger.py" line="20" name="test_logclass[ParabolicRBReductor]" time="0.0017313957214355469"><system-err>19:04 |WARNING|ParabolicRBReductor: warning -- logger &lt;Logger pymor.reductors.parabolic.ParabolicRBReductor (INFO)&gt;
19:04 |ERROR|ParabolicRBReductor: error -- logger &lt;Logger pymor.reductors.parabolic.ParabolicRBReductor (INFO)&gt;
19:04 ParabolicRBReductor: info -- logger &lt;Logger pymor.reductors.parabolic.ParabolicRBReductor (INFO)&gt;
</system-err></testcase><testcase classname="src.pymortests.core.logger" file="src/pymortests/core/logger.py" line="20" name="test_logclass[BTReductor]" time="0.0016829967498779297"><system-err>19:04 |WARNING|BTReductor: warning -- logger &lt;Logger pymor.reductors.bt.BTReductor (INFO)&gt;
19:04 |ERROR|BTReductor: error -- logger &lt;Logger pymor.reductors.bt.BTReductor (INFO)&gt;
19:04 BTReductor: info -- logger &lt;Logger pymor.reductors.bt.BTReductor (INFO)&gt;
</system-err></testcase><testcase classname="src.pymortests.core.logger" file="src/pymortests/core/logger.py" line="20" name="test_logclass[LQGBTReductor]" time="0.0016677379608154297"><system-err>19:04 |WARNING|LQGBTReductor: warning -- logger &lt;Logger pymor.reductors.bt.LQGBTReductor (INFO)&gt;
19:04 |ERROR|LQGBTReductor: error -- logger &lt;Logger pymor.reductors.bt.LQGBTReductor (INFO)&gt;
19:04 LQGBTReductor: info -- logger &lt;Logger pymor.reductors.bt.LQGBTReductor (INFO)&gt;
</system-err></testcase><testcase classname="src.pymortests.core.logger" file="src/pymortests/core/logger.py" line="20" name="test_logclass[BRBTReductor]" time="0.001804351806640625"><system-err>19:04 |WARNING|BRBTReductor: warning -- logger &lt;Logger pymor.reductors.bt.BRBTReductor (INFO)&gt;
19:04 |ERROR|BRBTReductor: error -- logger &lt;Logger pymor.reductors.bt.BRBTReductor (INFO)&gt;
19:04 BRBTReductor: info -- logger &lt;Logger pymor.reductors.bt.BRBTReductor (INFO)&gt;
</system-err></testcase><testcase classname="src.pymortests.core.logger" file="src/pymortests/core/logger.py" line="20" name="test_logclass[LTI_BHIReductor]" time="0.0018570423126220703"><system-err>19:04 |WARNING|LTI_BHIReductor: warning -- logger &lt;Logger pymor.reductors.interpolation.LTI_BHIReductor (INFO)&gt;
19:04 |ERROR|LTI_BHIReductor: error -- logger &lt;Logger pymor.reductors.interpolation.LTI_BHIReductor (INFO)&gt;
19:04 LTI_BHIReductor: info -- logger &lt;Logger pymor.reductors.interpolation.LTI_BHIReductor (INFO)&gt;
</system-err></testcase><testcase classname="src.pymortests.core.logger" file="src/pymortests/core/logger.py" line="20" name="test_logclass[SO_BHIReductor]" time="0.0021600723266601562"><system-err>19:04 |WARNING|SO_BHIReductor: warning -- logger &lt;Logger pymor.reductors.interpolation.SO_BHIReductor (INFO)&gt;
19:04 |ERROR|SO_BHIReductor: error -- logger &lt;Logger pymor.reductors.interpolation.SO_BHIReductor (INFO)&gt;
19:04 SO_BHIReductor: info -- logger &lt;Logger pymor.reductors.interpolation.SO_BHIReductor (INFO)&gt;
</system-err></testcase><testcase classname="src.pymortests.core.logger" file="src/pymortests/core/logger.py" line="20" name="test_logclass[DelayBHIReductor]" time="0.0018184185028076172"><system-err>19:04 |WARNING|DelayBHIReductor: warning -- logger &lt;Logger pymor.reductors.interpolation.DelayBHIReductor (INFO)&gt;
19:04 |ERROR|DelayBHIReductor: error -- logger &lt;Logger pymor.reductors.interpolation.DelayBHIReductor (INFO)&gt;
19:04 DelayBHIReductor: info -- logger &lt;Logger pymor.reductors.interpolation.DelayBHIReductor (INFO)&gt;
</system-err></testcase><testcase classname="src.pymortests.core.logger" file="src/pymortests/core/logger.py" line="20" name="test_logclass[SOBTpReductor]" time="0.0017402172088623047"><system-err>19:04 |WARNING|SOBTpReductor: warning -- logger &lt;Logger pymor.reductors.sobt.SOBTpReductor (INFO)&gt;
19:04 |ERROR|SOBTpReductor: error -- logger &lt;Logger pymor.reductors.sobt.SOBTpReductor (INFO)&gt;
19:04 SOBTpReductor: info -- logger &lt;Logger pymor.reductors.sobt.SOBTpReductor (INFO)&gt;
</system-err></testcase><testcase classname="src.pymortests.core.logger" file="src/pymortests/core/logger.py" line="20" name="test_logclass[SOBTvReductor]" time="0.0016551017761230469"><system-err>19:04 |WARNING|SOBTvReductor: warning -- logger &lt;Logger pymor.reductors.sobt.SOBTvReductor (INFO)&gt;
19:04 |ERROR|SOBTvReductor: error -- logger &lt;Logger pymor.reductors.sobt.SOBTvReductor (INFO)&gt;
19:04 SOBTvReductor: info -- logger &lt;Logger pymor.reductors.sobt.SOBTvReductor (INFO)&gt;
</system-err></testcase><testcase classname="src.pymortests.core.logger" file="src/pymortests/core/logger.py" line="20" name="test_logclass[SOBTpvReductor]" time="0.0016758441925048828"><system-err>19:04 |WARNING|SOBTpvReductor: warning -- logger &lt;Logger pymor.reductors.sobt.SOBTpvReductor (INFO)&gt;
19:04 |ERROR|SOBTpvReductor: error -- logger &lt;Logger pymor.reductors.sobt.SOBTpvReductor (INFO)&gt;
19:04 SOBTpvReductor: info -- logger &lt;Logger pymor.reductors.sobt.SOBTpvReductor (INFO)&gt;
</system-err></testcase><testcase classname="src.pymortests.core.logger" file="src/pymortests/core/logger.py" line="20" name="test_logclass[SOBTvpReductor]" time="0.001689910888671875"><system-err>19:04 |WARNING|SOBTvpReductor: warning -- logger &lt;Logger pymor.reductors.sobt.SOBTvpReductor (INFO)&gt;
19:04 |ERROR|SOBTvpReductor: error -- logger &lt;Logger pymor.reductors.sobt.SOBTvpReductor (INFO)&gt;
19:04 SOBTvpReductor: info -- logger &lt;Logger pymor.reductors.sobt.SOBTvpReductor (INFO)&gt;
</system-err></testcase></testsuite>