<?xml version="1.0" encoding="utf-8"?><testsuite errors="0" failures="0" name="pytest" skips="6355" tests="12711" time="1119.246"><testcase classname="src.pymortests.affine_grid" file="src/pymortests/affine_grid.py" line="24" name="test_reference_element_wrong_arguments[&lt;lambda&gt;0]" time="0.0011091232299804688"><skipped message="Suite splitting in effect" type="pytest.skip">src/pymortests/affine_grid.py:24: Suite splitting in effect</skipped></testcase><testcase classname="src.pymortests.affine_grid" file="src/pymortests/affine_grid.py" line="24" name="test_reference_element_wrong_arguments[&lt;lambda&gt;1]" time="0.00047016143798828125"><skipped message="Suite splitting in effect" type="pytest.skip">src/pymortests/affine_grid.py:24: Suite splitting in effect</skipped></testcase><testcase classname="src.pymortests.affine_grid" file="src/pymortests/affine_grid.py" line="24" name="test_reference_element_wrong_arguments[&lt;lambda&gt;2]" time="0.0005917549133300781"><skipped message="Suite splitting in effect" type="pytest.skip">src/pymortests/affine_grid.py:24: Suite splitting in effect</skipped></testcase><testcase classname="src.pymortests.affine_grid" file="src/pymortests/affine_grid.py" line="24" name="test_reference_element_wrong_arguments[&lt;lambda&gt;3]" time="0.00042819976806640625"><skipped message="Suite splitting in effect" type="pytest.skip">src/pymortests/affine_grid.py:24: Suite splitting in effect</skipped></testcase><testcase classname="src.pymortests.affine_grid" file="src/pymortests/affine_grid.py" line="24" name="test_reference_element_wrong_arguments[&lt;lambda&gt;4]" time="0.00040411949157714844"><skipped message="Suite splitting in effect" type="pytest.skip">src/pymortests/affine_grid.py:24: Suite splitting in effect</skipped></testcase><testcase classname="src.pymortests.affine_grid" file="src/pymortests/affine_grid.py" line="24" name="test_reference_element_wrong_arguments[&lt;lambda&gt;5]" time="0.00040030479431152344"><skipped message="Suite splitting in effect" type="pytest.skip">src/pymortests/affine_grid.py:24: Suite splitting in effect</skipped></testcase><testcase classname="src.pymortests.affine_grid" file="src/pymortests/affine_grid.py" line="24" name="test_reference_element_wrong_arguments[&lt;lambda&gt;6]" time="0.0003902912139892578"><skipped message="Suite splitting in effect" type="pytest.skip">src/pymortests/affine_grid.py:24: Suite splitting in effect</skipped></testcase><testcase classname="src.pymortests.affine_grid" file="src/pymortests/affine_grid.py" line="24" name="test_reference_element_wrong_arguments[&lt;lambda&gt;7]" time="0.0003981590270996094"><skipped message="Suite splitting in effect" type="pytest.skip">src/pymortests/affine_grid.py:24: Suite splitting in effect</skipped></testcase><testcase classname="src.pymortests.affine_grid" file="src/pymortests/affine_grid.py" line="24" name="test_reference_element_wrong_arguments[&lt;lambda&gt;8]" time="0.00040149688720703125"><skipped message="Suite splitting in effect" type="pytest.skip">src/pymortests/affine_grid.py:24: Suite splitting in effect</skipped></testcase><testcase classname="src.pymortests.affine_grid" file="src/pymortests/affine_grid.py" line="24" name="test_reference_element_wrong_arguments[&lt;lambda&gt;9]" time="0.0004038810729980469"><skipped message="Suite splitting in effect" type="pytest.skip">src/pymortests/affine_grid.py:24: Suite splitting in effect</skipped></testcase><testcase classname="src.pymortests.affine_grid" file="src/pymortests/affine_grid.py" line="24" name="test_reference_element_wrong_arguments[&lt;lambda&gt;10]" time="0.00038623809814453125"><skipped message="Suite splitting in effect" type="pytest.skip">src/pymortests/affine_grid.py:24: Suite splitting in effect</skipped></testcase><testcase classname="src.pymortests.affine_grid" file="src/pymortests/affine_grid.py" line="24" name="test_reference_element_wrong_arguments[&lt;lambda&gt;11]" time="0.00038886070251464844"><skipped message="Suite splitting in effect" type="pytest.skip">src/pymortests/affine_grid.py:24: Suite splitting in effect</skipped></testcase><testcase classname="src.pymortests.affine_grid" file="src/pymortests/affine_grid.py" line="24" name="test_reference_element_wrong_arguments[&lt;lambda&gt;12]" time="0.00040912628173828125"><skipped message="Suite splitting in effect" type="pytest.skip">src/pymortests/affine_grid.py:24: Suite splitting in effect</skipped></testcase><testcase classname="src.pymortests.affine_grid" file="src/pymortests/affine_grid.py" line="24" name="test_reference_element_wrong_arguments[&lt;lambda&gt;13]" time="0.0003902912139892578"><skipped message="Suite splitting in effect" type="pytest.skip">src/pymortests/affine_grid.py:24: Suite splitting in effect</skipped></testcase><testcase classname="src.pymortests.affine_grid" file="src/pymortests/affine_grid.py" line="24" name="test_reference_element_wrong_arguments[&lt;lambda&gt;14]" time="0.0003879070281982422"><skipped message="Suite splitting in effect" type="pytest.skip">src/pymortests/affine_grid.py:24: Suite splitting in effect</skipped></testcase><testcase classname="src.pymortests.affine_grid" file="src/pymortests/affine_grid.py" line="24" name="test_reference_element_wrong_arguments[&lt;lambda&gt;15]" time="0.00039005279541015625"><skipped message="Suite splitting in effect" type="pytest.skip">src/pymortests/affine_grid.py:24: Suite splitting in effect</skipped></testcase><testcase classname="src.pymortests.affine_grid" file="src/pymortests/affine_grid.py" line="24" name="test_reference_element_wrong_arguments[&lt;lambda&gt;16]" time="0.00043082237243652344"><skipped message="Suite splitting in effect" type="pytest.skip">src/pymortests/affine_grid.py:24: Suite splitting in effect</skipped></testcase><testcase classname="src.pymortests.affine_grid" file="src/pymortests/affine_grid.py" line="24" name="test_reference_element_wrong_arguments[&lt;lambda&gt;17]" time="0.0006473064422607422"><skipped message="Suite splitting in effect" type="pytest.skip">src/pymortests/affine_grid.py:24: Suite splitting in effect</skipped></testcase><testcase classname="src.pymortests.affine_grid" file="src/pymortests/affine_grid.py" line="24" name="test_reference_element_wrong_arguments[&lt;lambda&gt;18]" time="0.000408172607421875"><skipped message="Suite splitting in effect" type="pytest.skip">src/pymortests/affine_grid.py:24: Suite splitting in effect</skipped></testcase><testcase classname="src.pymortests.affine_grid" file="src/pymortests/affine_grid.py" line="24" name="test_reference_element_wrong_arguments[&lt;lambda&gt;19]" time="0.00040721893310546875"><skipped message="Suite splitting in effect" type="pytest.skip">src/pymortests/affine_grid.py:24: Suite splitting in effect</skipped></testcase><testcase classname="src.pymortests.affine_grid" file="src/pymortests/affine_grid.py" line="24" name="test_reference_element_wrong_arguments[&lt;lambda&gt;20]" time="0.00041484832763671875"><skipped message="Suite splitting in effect" type="pytest.skip">src/pymortests/affine_grid.py:24: Suite splitting in effect</skipped></testcase><testcase classname="src.pymortests.affine_grid" file="src/pymortests/affine_grid.py" line="24" name="test_reference_element_wrong_arguments[&lt;lambda&gt;21]" time="0.00038361549377441406"><skipped message="Suite splitting in effect" type="pytest.skip">src/pymortests/affine_grid.py:24: Suite splitting in effect</skipped></testcase><testcase classname="src.pymortests.affine_grid" file="src/pymortests/affine_grid.py" line="24" name="test_reference_element_wrong_arguments[&lt;lambda&gt;22]" time="0.00039958953857421875"><skipped message="Suite splitting in effect" type="pytest.skip">src/pymortests/affine_grid.py:24: Suite splitting in effect</skipped></testcase><testcase classname="src.pymortests.affine_grid" file="src/pymortests/affine_grid.py" line="24" name="test_reference_element_wrong_arguments[&lt;lambda&gt;23]" time="0.0003838539123535156"><skipped message="Suite splitting in effect" type="pytest.skip">src/pymortests/affine_grid.py:24: Suite splitting in effect</skipped></testcase><testcase classname="src.pymortests.affine_grid" file="src/pymortests/affine_grid.py" line="24" name="test_reference_element_wrong_arguments[&lt;lambda&gt;24]" time="0.0004134178161621094"><skipped message="Suite splitting in effect" type="pytest.skip">src/pymortests/affine_grid.py:24: Suite splitting in effect</skipped></testcase><testcase classname="src.pymortests.affine_grid" file="src/pymortests/affine_grid.py" line="24" name="test_reference_element_wrong_arguments[&lt;lambda&gt;25]" time="0.0007102489471435547"><skipped message="Suite splitting in effect" type="pytest.skip">src/pymortests/affine_grid.py:24: Suite splitting in effect</skipped></testcase><testcase classname="src.pymortests.affine_grid" file="src/pymortests/affine_grid.py" line="24" name="test_reference_element_wrong_arguments[&lt;lambda&gt;26]" time="0.0004169940948486328"><skipped message="Suite splitting in effect" type="pytest.skip">src/pymortests/affine_grid.py:24: Suite splitting in effect</skipped></testcase><testcase classname="src.pymortests.affine_grid" file="src/pymortests/affine_grid.py" line="24" name="test_reference_element_wrong_arguments[&lt;lambda&gt;27]" time="0.00041484832763671875"><skipped message="Suite splitting in effect" type="pytest.skip">src/pymortests/affine_grid.py:24: Suite splitting in effect</skipped></testcase><testcase classname="src.pymortests.affine_grid" file="src/pymortests/affine_grid.py" line="24" name="test_reference_element_wrong_arguments[&lt;lambda&gt;28]" time="0.0004029273986816406"><skipped message="Suite splitting in effect" type="pytest.skip">src/pymortests/affine_grid.py:24: Suite splitting in effect</skipped></testcase><testcase classname="src.pymortests.affine_grid" file="src/pymortests/affine_grid.py" line="24" name="test_reference_element_wrong_arguments[&lt;lambda&gt;29]" time="0.0004086494445800781"><skipped message="Suite splitting in effect" type="pytest.skip">src/pymortests/affine_grid.py:24: Suite splitting in effect</skipped></testcase><testcase classname="src.pymortests.affine_grid" file="src/pymortests/affine_grid.py" line="24" name="test_reference_element_wrong_arguments[&lt;lambda&gt;30]" time="0.0004124641418457031"><skipped message="Suite splitting in effect" type="pytest.skip">src/pymortests/affine_grid.py:24: Suite splitting in effect</skipped></testcase><testcase classname="src.pymortests.affine_grid" file="src/pymortests/affine_grid.py" line="24" name="test_reference_element_wrong_arguments[&lt;lambda&gt;31]" time="0.0003905296325683594"><skipped message="Suite splitting in effect" type="pytest.skip">src/pymortests/affine_grid.py:24: Suite splitting in effect</skipped></testcase><testcase classname="src.pymortests.affine_grid" file="src/pymortests/affine_grid.py" line="24" name="test_reference_element_wrong_arguments[&lt;lambda&gt;32]" time="0.00041675567626953125"><skipped message="Suite splitting in effect" type="pytest.skip">src/pymortests/affine_grid.py:24: Suite splitting in effect</skipped></testcase><testcase classname="src.pymortests.affine_grid" file="src/pymortests/affine_grid.py" line="24" name="test_reference_element_wrong_arguments[&lt;lambda&gt;33]" time="0.0003952980041503906"><skipped message="Suite splitting in effect" type="pytest.skip">src/pymortests/affine_grid.py:24: Suite splitting in effect</skipped></testcase><testcase classname="src.pymortests.affine_grid" file="src/pymortests/affine_grid.py" line="24" name="test_reference_element_wrong_arguments[&lt;lambda&gt;34]" time="0.0004024505615234375"><skipped message="Suite splitting in effect" type="pytest.skip">src/pymortests/affine_grid.py:24: Suite splitting in effect</skipped></testcase><testcase classname="src.pymortests.affine_grid" file="src/pymortests/affine_grid.py" line="24" name="test_reference_element_wrong_arguments[&lt;lambda&gt;35]" time="0.0004055500030517578"><skipped message="Suite splitting in effect" type="pytest.skip">src/pymortests/affine_grid.py:24: Suite splitting in effect</skipped></testcase><testcase classname="src.pymortests.affine_grid" file="src/pymortests/affine_grid.py" line="24" name="test_reference_element_wrong_arguments[&lt;lambda&gt;36]" time="0.0003924369812011719"><skipped message="Suite splitting in effect" type="pytest.skip">src/pymortests/affine_grid.py:24: Suite splitting in effect</skipped></testcase><testcase classname="src.pymortests.affine_grid" file="src/pymortests/affine_grid.py" line="24" name="test_reference_element_wrong_arguments[&lt;lambda&gt;37]" time="0.0004107952117919922"><skipped message="Suite splitting in effect" type="pytest.skip">src/pymortests/affine_grid.py:24: Suite splitting in effect</skipped></testcase><testcase classname="src.pymortests.affine_grid" file="src/pymortests/affine_grid.py" line="24" name="test_reference_element_wrong_arguments[&lt;lambda&gt;38]" time="0.00042366981506347656"><skipped message="Suite splitting in effect" type="pytest.skip">src/pymortests/affine_grid.py:24: Suite splitting in effect</skipped></testcase><testcase classname="src.pymortests.affine_grid" file="src/pymortests/affine_grid.py" line="24" name="test_reference_element_wrong_arguments[&lt;lambda&gt;39]" time="0.00040912628173828125"><skipped message="Suite splitting in effect" type="pytest.skip">src/pymortests/affine_grid.py:24: Suite splitting in effect</skipped></testcase><testcase classname="src.pymortests.affine_grid" file="src/pymortests/affine_grid.py" line="24" name="test_reference_element_wrong_arguments[&lt;lambda&gt;40]" time="0.0003991127014160156"><skipped message="Suite splitting in effect" type="pytest.skip">src/pymortests/affine_grid.py:24: Suite splitting in effect</skipped></testcase><testcase classname="src.pymortests.affine_grid" file="src/pymortests/affine_grid.py" line="24" name="test_reference_element_wrong_arguments[&lt;lambda&gt;41]" time="0.00038623809814453125"><skipped message="Suite splitting in effect" type="pytest.skip">src/pymortests/affine_grid.py:24: Suite splitting in effect</skipped></testcase><testcase classname="src.pymortests.affine_grid" file="src/pymortests/affine_grid.py" line="24" name="test_reference_element_wrong_arguments[&lt;lambda&gt;42]" time="0.0003910064697265625"><skipped message="Suite splitting in effect" type="pytest.skip">src/pymortests/affine_grid.py:24: Suite splitting in effect</skipped></testcase><testcase classname="src.pymortests.affine_grid" file="src/pymortests/affine_grid.py" line="32" name="test_reference_element_type[&lt;lambda&gt;0]" time="0.00039505958557128906"><skipped message="Suite splitting in effect" type="pytest.skip">src/pymortests/affine_grid.py:32: Suite splitting in effect</skipped></testcase><testcase classname="src.pymortests.affine_grid" file="src/pymortests/affine_grid.py" line="32" name="test_reference_element_type[&lt;lambda&gt;1]" time="0.0004055500030517578"><skipped message="Suite splitting in effect" type="pytest.skip">src/pymortests/affine_grid.py:32: Suite splitting in effect</skipped></testcase><testcase classname="src.pymortests.affine_grid" file="src/pymortests/affine_grid.py" line="32" name="test_reference_element_type[&lt;lambda&gt;2]" time="0.0004119873046875"><skipped message="Suite splitting in effect" type="pytest.skip">src/pymortests/affine_grid.py:32: Suite splitting in effect</skipped></testcase><testcase classname="src.pymortests.affine_grid" file="src/pymortests/affine_grid.py" line="32" name="test_reference_element_type[&lt;lambda&gt;3]" time="0.0003886222839355469"><skipped message="Suite splitting in effect" type="pytest.skip">src/pymortests/affine_grid.py:32: Suite splitting in effect</skipped></testcase><testcase classname="src.pymortests.affine_grid" file="src/pymortests/affine_grid.py" line="32" name="test_reference_element_type[&lt;lambda&gt;4]" time="0.0004115104675292969"><skipped message="Suite splitting in effect" type="pytest.skip">src/pymortests/affine_grid.py:32: Suite splitting in effect</skipped></testcase><testcase classname="src.pymortests.affine_grid" file="src/pymortests/affine_grid.py" line="32" name="test_reference_element_type[&lt;lambda&gt;5]" time="0.0003840923309326172"><skipped message="Suite splitting in effect" type="pytest.skip">src/pymortests/affine_grid.py:32: Suite splitting in effect</skipped></testcase><testcase classname="src.pymortests.affine_grid" file="src/pymortests/affine_grid.py" line="32" name="test_reference_element_type[&lt;lambda&gt;6]" time="0.0003948211669921875"><skipped message="Suite splitting in effect" type="pytest.skip">src/pymortests/affine_grid.py:32: Suite splitting in effect</skipped></testcase><testcase classname="src.pymortests.affine_grid" file="src/pymortests/affine_grid.py" line="32" name="test_reference_element_type[&lt;lambda&gt;7]" time="0.0004112720489501953"><skipped message="Suite splitting in effect" type="pytest.skip">src/pymortests/affine_grid.py:32: Suite splitting in effect</skipped></testcase><testcase classname="src.pymortests.affine_grid" file="src/pymortests/affine_grid.py" line="32" name="test_reference_element_type[&lt;lambda&gt;8]" time="0.00040721893310546875"><skipped message="Suite splitting in effect" type="pytest.skip">src/pymortests/affine_grid.py:32: Suite splitting in effect</skipped></testcase><testcase classname="src.pymortests.affine_grid" file="src/pymortests/affine_grid.py" line="32" name="test_reference_element_type[&lt;lambda&gt;9]" time="0.0004086494445800781"><skipped message="Suite splitting in effect" type="pytest.skip">src/pymortests/affine_grid.py:32: Suite splitting in effect</skipped></testcase><testcase classname="src.pymortests.affine_grid" file="src/pymortests/affine_grid.py" line="32" name="test_reference_element_type[&lt;lambda&gt;10]" time="0.0004096031188964844"><skipped message="Suite splitting in effect" type="pytest.skip">src/pymortests/affine_grid.py:32: Suite splitting in effect</skipped></testcase><testcase classname="src.pymortests.affine_grid" file="src/pymortests/affine_grid.py" line="32" name="test_reference_element_type[&lt;lambda&gt;11]" time="0.00039458274841308594"><skipped message="Suite splitting in effect" type="pytest.skip">src/pymortests/affine_grid.py:32: Suite splitting in effect</skipped></testcase><testcase classname="src.pymortests.affine_grid" file="src/pymortests/affine_grid.py" line="32" name="test_reference_element_type[&lt;lambda&gt;12]" time="0.00041174888610839844"><skipped message="Suite splitting in effect" type="pytest.skip">src/pymortests/affine_grid.py:32: Suite splitting in effect</skipped></testcase><testcase classname="src.pymortests.affine_grid" file="src/pymortests/affine_grid.py" line="32" name="test_reference_element_type[&lt;lambda&gt;13]" time="0.0004436969757080078"><skipped message="Suite splitting in effect" type="pytest.skip">src/pymortests/affine_grid.py:32: Suite splitting in effect</skipped></testcase><testcase classname="src.pymortests.affine_grid" file="src/pymortests/affine_grid.py" line="32" name="test_reference_element_type[&lt;lambda&gt;14]" time="0.0004143714904785156"><skipped message="Suite splitting in effect" type="pytest.skip">src/pymortests/affine_grid.py:32: Suite splitting in effect</skipped></testcase><testcase classname="src.pymortests.affine_grid" file="src/pymortests/affine_grid.py" line="32" name="test_reference_element_type[&lt;lambda&gt;15]" time="0.00043129920959472656"><skipped message="Suite splitting in effect" type="pytest.skip">src/pymortests/affine_grid.py:32: Suite splitting in effect</skipped></testcase><testcase classname="src.pymortests.affine_grid" file="src/pymortests/affine_grid.py" line="32" name="test_reference_element_type[&lt;lambda&gt;16]" time="0.00040340423583984375"><skipped message="Suite splitting in effect" type="pytest.skip">src/pymortests/affine_grid.py:32: Suite splitting in effect</skipped></testcase><testcase classname="src.pymortests.affine_grid" file="src/pymortests/affine_grid.py" line="32" name="test_reference_element_type[&lt;lambda&gt;17]" time="0.0004069805145263672"><skipped message="Suite splitting in effect" type="pytest.skip">src/pymortests/affine_grid.py:32: Suite splitting in effect</skipped></testcase><testcase classname="src.pymortests.affine_grid" file="src/pymortests/affine_grid.py" line="32" name="test_reference_element_type[&lt;lambda&gt;18]" time="0.00038242340087890625"><skipped message="Suite splitting in effect" type="pytest.skip">src/pymortests/affine_grid.py:32: Suite splitting in effect</skipped></testcase><testcase classname="src.pymortests.affine_grid" file="src/pymortests/affine_grid.py" line="32" name="test_reference_element_type[&lt;lambda&gt;19]" time="0.0004086494445800781"><skipped message="Suite splitting in effect" type="pytest.skip">src/pymortests/affine_grid.py:32: Suite splitting in effect</skipped></testcase><testcase classname="src.pymortests.affine_grid" file="src/pymortests/affine_grid.py" line="32" name="test_reference_element_type[&lt;lambda&gt;20]" time="0.0003910064697265625"><skipped message="Suite splitting in effect" type="pytest.skip">src/pymortests/affine_grid.py:32: Suite splitting in effect</skipped></testcase><testcase classname="src.pymortests.affine_grid" file="src/pymortests/affine_grid.py" line="32" name="test_reference_element_type[&lt;lambda&gt;21]" time="0.0003948211669921875"><skipped message="Suite splitting in effect" type="pytest.skip">src/pymortests/affine_grid.py:32: Suite splitting in effect</skipped></testcase><testcase classname="src.pymortests.affine_grid" file="src/pymortests/affine_grid.py" line="32" name="test_reference_element_type[&lt;lambda&gt;22]" time="0.0004112720489501953"><skipped message="Suite splitting in effect" type="pytest.skip">src/pymortests/affine_grid.py:32: Suite splitting in effect</skipped></testcase><testcase classname="src.pymortests.affine_grid" file="src/pymortests/affine_grid.py" line="32" name="test_reference_element_type[&lt;lambda&gt;23]" time="0.00041937828063964844"><skipped message="Suite splitting in effect" type="pytest.skip">src/pymortests/affine_grid.py:32: Suite splitting in effect</skipped></testcase><testcase classname="src.pymortests.affine_grid" file="src/pymortests/affine_grid.py" line="32" name="test_reference_element_type[&lt;lambda&gt;24]" time="0.0003829002380371094"><skipped message="Suite splitting in effect" type="pytest.skip">src/pymortests/affine_grid.py:32: Suite splitting in effect</skipped></testcase><testcase classname="src.pymortests.affine_grid" file="src/pymortests/affine_grid.py" line="32" name="test_reference_element_type[&lt;lambda&gt;25]" time="0.00041294097900390625"><skipped message="Suite splitting in effect" type="pytest.skip">src/pymortests/affine_grid.py:32: Suite splitting in effect</skipped></testcase><testcase classname="src.pymortests.affine_grid" file="src/pymortests/affine_grid.py" line="32" name="test_reference_element_type[&lt;lambda&gt;26]" time="0.00039267539978027344"><skipped message="Suite splitting in effect" type="pytest.skip">src/pymortests/affine_grid.py:32: Suite splitting in effect</skipped></testcase><testcase classname="src.pymortests.affine_grid" file="src/pymortests/affine_grid.py" line="32" name="test_reference_element_type[&lt;lambda&gt;27]" time="0.0004038810729980469"><skipped message="Suite splitting in effect" type="pytest.skip">src/pymortests/affine_grid.py:32: Suite splitting in effect</skipped></testcase><testcase classname="src.pymortests.affine_grid" file="src/pymortests/affine_grid.py" line="32" name="test_reference_element_type[&lt;lambda&gt;28]" time="0.0003838539123535156"><skipped message="Suite splitting in effect" type="pytest.skip">src/pymortests/affine_grid.py:32: Suite splitting in effect</skipped></testcase><testcase classname="src.pymortests.affine_grid" file="src/pymortests/affine_grid.py" line="32" name="test_reference_element_type[&lt;lambda&gt;29]" time="0.00042438507080078125"><skipped message="Suite splitting in effect" type="pytest.skip">src/pymortests/affine_grid.py:32: Suite splitting in effect</skipped></testcase><testcase classname="src.pymortests.affine_grid" file="src/pymortests/affine_grid.py" line="32" name="test_reference_element_type[&lt;lambda&gt;30]" time="0.0004038810729980469"><skipped message="Suite splitting in effect" type="pytest.skip">src/pymortests/affine_grid.py:32: Suite splitting in effect</skipped></testcase><testcase classname="src.pymortests.affine_grid" file="src/pymortests/affine_grid.py" line="32" name="test_reference_element_type[&lt;lambda&gt;31]" time="0.0004024505615234375"><skipped message="Suite splitting in effect" type="pytest.skip">src/pymortests/affine_grid.py:32: Suite splitting in effect</skipped></testcase><testcase classname="src.pymortests.affine_grid" file="src/pymortests/affine_grid.py" line="32" name="test_reference_element_type[&lt;lambda&gt;32]" time="0.0004153251647949219"><skipped message="Suite splitting in effect" type="pytest.skip">src/pymortests/affine_grid.py:32: Suite splitting in effect</skipped></testcase><testcase classname="src.pymortests.affine_grid" file="src/pymortests/affine_grid.py" line="32" name="test_reference_element_type[&lt;lambda&gt;33]" time="0.0003960132598876953"><skipped message="Suite splitting in effect" type="pytest.skip">src/pymortests/affine_grid.py:32: Suite splitting in effect</skipped></testcase><testcase classname="src.pymortests.affine_grid" file="src/pymortests/affine_grid.py" line="32" name="test_reference_element_type[&lt;lambda&gt;34]" time="0.0003910064697265625"><skipped message="Suite splitting in effect" type="pytest.skip">src/pymortests/affine_grid.py:32: Suite splitting in effect</skipped></testcase><testcase classname="src.pymortests.affine_grid" file="src/pymortests/affine_grid.py" line="32" name="test_reference_element_type[&lt;lambda&gt;35]" time="0.0003864765167236328"><skipped message="Suite splitting in effect" type="pytest.skip">src/pymortests/affine_grid.py:32: Suite splitting in effect</skipped></testcase><testcase classname="src.pymortests.affine_grid" file="src/pymortests/affine_grid.py" line="32" name="test_reference_element_type[&lt;lambda&gt;36]" time="0.00040411949157714844"><skipped message="Suite splitting in effect" type="pytest.skip">src/pymortests/affine_grid.py:32: Suite splitting in effect</skipped></testcase><testcase classname="src.pymortests.affine_grid" file="src/pymortests/affine_grid.py" line="32" name="test_reference_element_type[&lt;lambda&gt;37]" time="0.00041556358337402344"><skipped message="Suite splitting in effect" type="pytest.skip">src/pymortests/affine_grid.py:32: Suite splitting in effect</skipped></testcase><testcase classname="src.pymortests.affine_grid" file="src/pymortests/affine_grid.py" line="32" name="test_reference_element_type[&lt;lambda&gt;38]" time="0.0003826618194580078"><skipped message="Suite splitting in effect" type="pytest.skip">src/pymortests/affine_grid.py:32: Suite splitting in effect</skipped></testcase><testcase classname="src.pymortests.affine_grid" file="src/pymortests/affine_grid.py" line="32" name="test_reference_element_type[&lt;lambda&gt;39]" time="0.0004131793975830078"><skipped message="Suite splitting in effect" type="pytest.skip">src/pymortests/affine_grid.py:32: Suite splitting in effect</skipped></testcase><testcase classname="src.pymortests.affine_grid" file="src/pymortests/affine_grid.py" line="32" name="test_reference_element_type[&lt;lambda&gt;40]" time="0.0004050731658935547"><skipped message="Suite splitting in effect" type="pytest.skip">src/pymortests/affine_grid.py:32: Suite splitting in effect</skipped></testcase><testcase classname="src.pymortests.affine_grid" file="src/pymortests/affine_grid.py" line="32" name="test_reference_element_type[&lt;lambda&gt;41]" time="0.0004138946533203125"><skipped message="Suite splitting in effect" type="pytest.skip">src/pymortests/affine_grid.py:32: Suite splitting in effect</skipped></testcase><testcase classname="src.pymortests.affine_grid" file="src/pymortests/affine_grid.py" line="32" name="test_reference_element_type[&lt;lambda&gt;42]" time="0.0004019737243652344"><skipped message="Suite splitting in effect" type="pytest.skip">src/pymortests/affine_grid.py:32: Suite splitting in effect</skipped></testcase><testcase classname="src.pymortests.affine_grid" file="src/pymortests/affine_grid.py" line="38" name="test_reference_element_transitivity[&lt;lambda&gt;0]" time="0.0003857612609863281"><skipped message="Suite splitting in effect" type="pytest.skip">src/pymortests/affine_grid.py:38: Suite splitting in effect</skipped></testcase><testcase classname="src.pymortests.affine_grid" file="src/pymortests/affine_grid.py" line="38" name="test_reference_element_transitivity[&lt;lambda&gt;1]" time="0.00038695335388183594"><skipped message="Suite splitting in effect" type="pytest.skip">src/pymortests/affine_grid.py:38: Suite splitting in effect</skipped></testcase><testcase classname="src.pymortests.affine_grid" file="src/pymortests/affine_grid.py" line="38" name="test_reference_element_transitivity[&lt;lambda&gt;2]" time="0.0004119873046875"><skipped message="Suite splitting in effect" type="pytest.skip">src/pymortests/affine_grid.py:38: Suite splitting in effect</skipped></testcase><testcase classname="src.pymortests.affine_grid" file="src/pymortests/affine_grid.py" line="38" name="test_reference_element_transitivity[&lt;lambda&gt;3]" time="0.0003974437713623047"><skipped message="Suite splitting in effect" type="pytest.skip">src/pymortests/affine_grid.py:38: Suite splitting in effect</skipped></testcase><testcase classname="src.pymortests.affine_grid" file="src/pymortests/affine_grid.py" line="38" name="test_reference_element_transitivity[&lt;lambda&gt;4]" time="0.0003876686096191406"><skipped message="Suite splitting in effect" type="pytest.skip">src/pymortests/affine_grid.py:38: Suite splitting in effect</skipped></testcase><testcase classname="src.pymortests.affine_grid" file="src/pymortests/affine_grid.py" line="38" name="test_reference_element_transitivity[&lt;lambda&gt;5]" time="0.0004096031188964844"><skipped message="Suite splitting in effect" type="pytest.skip">src/pymortests/affine_grid.py:38: Suite splitting in effect</skipped></testcase><testcase classname="src.pymortests.affine_grid" file="src/pymortests/affine_grid.py" line="38" name="test_reference_element_transitivity[&lt;lambda&gt;6]" time="0.00039958953857421875"><skipped message="Suite splitting in effect" type="pytest.skip">src/pymortests/affine_grid.py:38: Suite splitting in effect</skipped></testcase><testcase classname="src.pymortests.affine_grid" file="src/pymortests/affine_grid.py" line="38" name="test_reference_element_transitivity[&lt;lambda&gt;7]" time="0.0004200935363769531"><skipped message="Suite splitting in effect" type="pytest.skip">src/pymortests/affine_grid.py:38: Suite splitting in effect</skipped></testcase><testcase classname="src.pymortests.affine_grid" file="src/pymortests/affine_grid.py" line="38" name="test_reference_element_transitivity[&lt;lambda&gt;8]" time="0.0004067420959472656"><skipped message="Suite splitting in effect" type="pytest.skip">src/pymortests/affine_grid.py:38: Suite splitting in effect</skipped></testcase><testcase classname="src.pymortests.affine_grid" file="src/pymortests/affine_grid.py" line="38" name="test_reference_element_transitivity[&lt;lambda&gt;9]" time="0.0003871917724609375"><skipped message="Suite splitting in effect" type="pytest.skip">src/pymortests/affine_grid.py:38: Suite splitting in effect</skipped></testcase><testcase classname="src.pymortests.affine_grid" file="src/pymortests/affine_grid.py" line="38" name="test_reference_element_transitivity[&lt;lambda&gt;10]" time="0.0004074573516845703"><skipped message="Suite splitting in effect" type="pytest.skip">src/pymortests/affine_grid.py:38: Suite splitting in effect</skipped></testcase><testcase classname="src.pymortests.affine_grid" file="src/pymortests/affine_grid.py" line="38" name="test_reference_element_transitivity[&lt;lambda&gt;11]" time="0.0003921985626220703"><skipped message="Suite splitting in effect" type="pytest.skip">src/pymortests/affine_grid.py:38: Suite splitting in effect</skipped></testcase><testcase classname="src.pymortests.affine_grid" file="src/pymortests/affine_grid.py" line="38" name="test_reference_element_transitivity[&lt;lambda&gt;12]" time="0.00038361549377441406"><skipped message="Suite splitting in effect" type="pytest.skip">src/pymortests/affine_grid.py:38: Suite splitting in effect</skipped></testcase><testcase classname="src.pymortests.affine_grid" file="src/pymortests/affine_grid.py" line="38" name="test_reference_element_transitivity[&lt;lambda&gt;13]" time="0.0004177093505859375"><skipped message="Suite splitting in effect" type="pytest.skip">src/pymortests/affine_grid.py:38: Suite splitting in effect</skipped></testcase><testcase classname="src.pymortests.affine_grid" file="src/pymortests/affine_grid.py" line="38" name="test_reference_element_transitivity[&lt;lambda&gt;14]" time="0.00041747093200683594"><skipped message="Suite splitting in effect" type="pytest.skip">src/pymortests/affine_grid.py:38: Suite splitting in effect</skipped></testcase><testcase classname="src.pymortests.affine_grid" file="src/pymortests/affine_grid.py" line="38" name="test_reference_element_transitivity[&lt;lambda&gt;15]" time="0.0004057884216308594"><skipped message="Suite splitting in effect" type="pytest.skip">src/pymortests/affine_grid.py:38: Suite splitting in effect</skipped></testcase><testcase classname="src.pymortests.affine_grid" file="src/pymortests/affine_grid.py" line="38" name="test_reference_element_transitivity[&lt;lambda&gt;16]" time="0.0005097389221191406"><skipped message="Suite splitting in effect" type="pytest.skip">src/pymortests/affine_grid.py:38: Suite splitting in effect</skipped></testcase><testcase classname="src.pymortests.affine_grid" file="src/pymortests/affine_grid.py" line="38" name="test_reference_element_transitivity[&lt;lambda&gt;17]" time="0.0004038810729980469"><skipped message="Suite splitting in effect" type="pytest.skip">src/pymortests/affine_grid.py:38: Suite splitting in effect</skipped></testcase><testcase classname="src.pymortests.affine_grid" file="src/pymortests/affine_grid.py" line="38" name="test_reference_element_transitivity[&lt;lambda&gt;18]" time="0.00040602684020996094"><skipped message="Suite splitting in effect" type="pytest.skip">src/pymortests/affine_grid.py:38: Suite splitting in effect</skipped></testcase><testcase classname="src.pymortests.affine_grid" file="src/pymortests/affine_grid.py" line="38" name="test_reference_element_transitivity[&lt;lambda&gt;19]" time="0.0003883838653564453"><skipped message="Suite splitting in effect" type="pytest.skip">src/pymortests/affine_grid.py:38: Suite splitting in effect</skipped></testcase><testcase classname="src.pymortests.affine_grid" file="src/pymortests/affine_grid.py" line="38" name="test_reference_element_transitivity[&lt;lambda&gt;20]" time="0.000392913818359375"><skipped message="Suite splitting in effect" type="pytest.skip">src/pymortests/affine_grid.py:38: Suite splitting in effect</skipped></testcase><testcase classname="src.pymortests.affine_grid" file="src/pymortests/affine_grid.py" line="38" name="test_reference_element_transitivity[&lt;lambda&gt;21]" time="0.00042891502380371094"><skipped message="Suite splitting in effect" type="pytest.skip">src/pymortests/affine_grid.py:38: Suite splitting in effect</skipped></testcase><testcase classname="src.pymortests.affine_grid" file="src/pymortests/affine_grid.py" line="38" name="test_reference_element_transitivity[&lt;lambda&gt;22]" time="0.0004165172576904297"><skipped message="Suite splitting in effect" type="pytest.skip">src/pymortests/affine_grid.py:38: Suite splitting in effect</skipped></testcase><testcase classname="src.pymortests.affine_grid" file="src/pymortests/affine_grid.py" line="38" name="test_reference_element_transitivity[&lt;lambda&gt;23]" time="0.00043082237243652344"><skipped message="Suite splitting in effect" type="pytest.skip">src/pymortests/affine_grid.py:38: Suite splitting in effect</skipped></testcase><testcase classname="src.pymortests.affine_grid" file="src/pymortests/affine_grid.py" line="38" name="test_reference_element_transitivity[&lt;lambda&gt;24]" time="0.00040531158447265625"><skipped message="Suite splitting in effect" type="pytest.skip">src/pymortests/affine_grid.py:38: Suite splitting in effect</skipped></testcase><testcase classname="src.pymortests.affine_grid" file="src/pymortests/affine_grid.py" line="38" name="test_reference_element_transitivity[&lt;lambda&gt;25]" time="0.0004153251647949219"><skipped message="Suite splitting in effect" type="pytest.skip">src/pymortests/affine_grid.py:38: Suite splitting in effect</skipped></testcase><testcase classname="src.pymortests.affine_grid" file="src/pymortests/affine_grid.py" line="38" name="test_reference_element_transitivity[&lt;lambda&gt;26]" time="0.0003974437713623047"><skipped message="Suite splitting in effect" type="pytest.skip">src/pymortests/affine_grid.py:38: Suite splitting in effect</skipped></testcase><testcase classname="src.pymortests.affine_grid" file="src/pymortests/affine_grid.py" line="38" name="test_reference_element_transitivity[&lt;lambda&gt;27]" time="0.0003960132598876953"><skipped message="Suite splitting in effect" type="pytest.skip">src/pymortests/affine_grid.py:38: Suite splitting in effect</skipped></testcase><testcase classname="src.pymortests.affine_grid" file="src/pymortests/affine_grid.py" line="38" name="test_reference_element_transitivity[&lt;lambda&gt;28]" time="0.00042700767517089844"><skipped message="Suite splitting in effect" type="pytest.skip">src/pymortests/affine_grid.py:38: Suite splitting in effect</skipped></testcase><testcase classname="src.pymortests.affine_grid" file="src/pymortests/affine_grid.py" line="38" name="test_reference_element_transitivity[&lt;lambda&gt;29]" time="0.00040602684020996094"><skipped message="Suite splitting in effect" type="pytest.skip">src/pymortests/affine_grid.py:38: Suite splitting in effect</skipped></testcase><testcase classname="src.pymortests.affine_grid" file="src/pymortests/affine_grid.py" line="38" name="test_reference_element_transitivity[&lt;lambda&gt;30]" time="0.00039124488830566406"><skipped message="Suite splitting in effect" type="pytest.skip">src/pymortests/affine_grid.py:38: Suite splitting in effect</skipped></testcase><testcase classname="src.pymortests.affine_grid" file="src/pymortests/affine_grid.py" line="38" name="test_reference_element_transitivity[&lt;lambda&gt;31]" time="0.00040435791015625"><skipped message="Suite splitting in effect" type="pytest.skip">src/pymortests/affine_grid.py:38: Suite splitting in effect</skipped></testcase><testcase classname="src.pymortests.affine_grid" file="src/pymortests/affine_grid.py" line="38" name="test_reference_element_transitivity[&lt;lambda&gt;32]" time="0.00038695335388183594"><skipped message="Suite splitting in effect" type="pytest.skip">src/pymortests/affine_grid.py:38: Suite splitting in effect</skipped></testcase><testcase classname="src.pymortests.affine_grid" file="src/pymortests/affine_grid.py" line="38" name="test_reference_element_transitivity[&lt;lambda&gt;33]" time="0.0004019737243652344"><skipped message="Suite splitting in effect" type="pytest.skip">src/pymortests/affine_grid.py:38: Suite splitting in effect</skipped></testcase><testcase classname="src.pymortests.affine_grid" file="src/pymortests/affine_grid.py" line="38" name="test_reference_element_transitivity[&lt;lambda&gt;34]" time="0.0006651878356933594"><skipped message="Suite splitting in effect" type="pytest.skip">src/pymortests/affine_grid.py:38: Suite splitting in effect</skipped></testcase><testcase classname="src.pymortests.affine_grid" file="src/pymortests/affine_grid.py" line="38" name="test_reference_element_transitivity[&lt;lambda&gt;35]" time="0.00042319297790527344"><skipped message="Suite splitting in effect" type="pytest.skip">src/pymortests/affine_grid.py:38: Suite splitting in effect</skipped></testcase><testcase classname="src.pymortests.affine_grid" file="src/pymortests/affine_grid.py" line="38" name="test_reference_element_transitivity[&lt;lambda&gt;36]" time="0.0003952980041503906"><skipped message="Suite splitting in effect" type="pytest.skip">src/pymortests/affine_grid.py:38: Suite splitting in effect</skipped></testcase><testcase classname="src.pymortests.affine_grid" file="src/pymortests/affine_grid.py" line="38" name="test_reference_element_transitivity[&lt;lambda&gt;37]" time="0.00038814544677734375"><skipped message="Suite splitting in effect" type="pytest.skip">src/pymortests/affine_grid.py:38: Suite splitting in effect</skipped></testcase><testcase classname="src.pymortests.affine_grid" file="src/pymortests/affine_grid.py" line="38" name="test_reference_element_transitivity[&lt;lambda&gt;38]" time="0.0004982948303222656"><skipped message="Suite splitting in effect" type="pytest.skip">src/pymortests/affine_grid.py:38: Suite splitting in effect</skipped></testcase><testcase classname="src.pymortests.affine_grid" file="src/pymortests/affine_grid.py" line="38" name="test_reference_element_transitivity[&lt;lambda&gt;39]" time="0.0003955364227294922"><skipped message="Suite splitting in effect" type="pytest.skip">src/pymortests/affine_grid.py:38: Suite splitting in effect</skipped></testcase><testcase classname="src.pymortests.affine_grid" file="src/pymortests/affine_grid.py" line="38" name="test_reference_element_transitivity[&lt;lambda&gt;40]" time="0.00046443939208984375"><skipped message="Suite splitting in effect" type="pytest.skip">src/pymortests/affine_grid.py:38: Suite splitting in effect</skipped></testcase><testcase classname="src.pymortests.affine_grid" file="src/pymortests/affine_grid.py" line="38" name="test_reference_element_transitivity[&lt;lambda&gt;41]" time="0.0004305839538574219"><skipped message="Suite splitting in effect" type="pytest.skip">src/pymortests/affine_grid.py:38: Suite splitting in effect</skipped></testcase><testcase classname="src.pymortests.affine_grid" file="src/pymortests/affine_grid.py" line="38" name="test_reference_element_transitivity[&lt;lambda&gt;42]" time="0.0004019737243652344"><skipped message="Suite splitting in effect" type="pytest.skip">src/pymortests/affine_grid.py:38: Suite splitting in effect</skipped></testcase><testcase classname="src.pymortests.affine_grid" file="src/pymortests/affine_grid.py" line="44" name="test_embeddings_wrong_arguments[&lt;lambda&gt;0]" time="0.0004057884216308594"><skipped message="Suite splitting in effect" type="pytest.skip">src/pymortests/affine_grid.py:44: Suite splitting in effect</skipped></testcase><testcase classname="src.pymortests.affine_grid" file="src/pymortests/affine_grid.py" line="44" name="test_embeddings_wrong_arguments[&lt;lambda&gt;1]" time="0.0003993511199951172"><skipped message="Suite splitting in effect" type="pytest.skip">src/pymortests/affine_grid.py:44: Suite splitting in effect</skipped></testcase><testcase classname="src.pymortests.affine_grid" file="src/pymortests/affine_grid.py" line="44" name="test_embeddings_wrong_arguments[&lt;lambda&gt;2]" time="0.0004374980926513672"><skipped message="Suite splitting in effect" type="pytest.skip">src/pymortests/affine_grid.py:44: Suite splitting in effect</skipped></testcase><testcase classname="src.pymortests.affine_grid" file="src/pymortests/affine_grid.py" line="44" name="test_embeddings_wrong_arguments[&lt;lambda&gt;3]" time="0.0004076957702636719"><skipped message="Suite splitting in effect" type="pytest.skip">src/pymortests/affine_grid.py:44: Suite splitting in effect</skipped></testcase><testcase classname="src.pymortests.affine_grid" file="src/pymortests/affine_grid.py" line="44" name="test_embeddings_wrong_arguments[&lt;lambda&gt;4]" time="0.0003921985626220703"><skipped message="Suite splitting in effect" type="pytest.skip">src/pymortests/affine_grid.py:44: Suite splitting in effect</skipped></testcase><testcase classname="src.pymortests.affine_grid" file="src/pymortests/affine_grid.py" line="44" name="test_embeddings_wrong_arguments[&lt;lambda&gt;5]" time="0.00039196014404296875"><skipped message="Suite splitting in effect" type="pytest.skip">src/pymortests/affine_grid.py:44: Suite splitting in effect</skipped></testcase><testcase classname="src.pymortests.affine_grid" file="src/pymortests/affine_grid.py" line="44" name="test_embeddings_wrong_arguments[&lt;lambda&gt;6]" time="0.0004093647003173828"><skipped message="Suite splitting in effect" type="pytest.skip">src/pymortests/affine_grid.py:44: Suite splitting in effect</skipped></testcase><testcase classname="src.pymortests.affine_grid" file="src/pymortests/affine_grid.py" line="44" name="test_embeddings_wrong_arguments[&lt;lambda&gt;7]" time="0.0003829002380371094"><skipped message="Suite splitting in effect" type="pytest.skip">src/pymortests/affine_grid.py:44: Suite splitting in effect</skipped></testcase><testcase classname="src.pymortests.affine_grid" file="src/pymortests/affine_grid.py" line="44" name="test_embeddings_wrong_arguments[&lt;lambda&gt;8]" time="0.0004146099090576172"><skipped message="Suite splitting in effect" type="pytest.skip">src/pymortests/affine_grid.py:44: Suite splitting in effect</skipped></testcase><testcase classname="src.pymortests.affine_grid" file="src/pymortests/affine_grid.py" line="44" name="test_embeddings_wrong_arguments[&lt;lambda&gt;9]" time="0.000438690185546875"><skipped message="Suite splitting in effect" type="pytest.skip">src/pymortests/affine_grid.py:44: Suite splitting in effect</skipped></testcase><testcase classname="src.pymortests.affine_grid" file="src/pymortests/affine_grid.py" line="44" name="test_embeddings_wrong_arguments[&lt;lambda&gt;10]" time="0.00041294097900390625"><skipped message="Suite splitting in effect" type="pytest.skip">src/pymortests/affine_grid.py:44: Suite splitting in effect</skipped></testcase><testcase classname="src.pymortests.affine_grid" file="src/pymortests/affine_grid.py" line="44" name="test_embeddings_wrong_arguments[&lt;lambda&gt;11]" time="0.0004215240478515625"><skipped message="Suite splitting in effect" type="pytest.skip">src/pymortests/affine_grid.py:44: Suite splitting in effect</skipped></testcase><testcase classname="src.pymortests.affine_grid" file="src/pymortests/affine_grid.py" line="44" name="test_embeddings_wrong_arguments[&lt;lambda&gt;12]" time="0.00041747093200683594"><skipped message="Suite splitting in effect" type="pytest.skip">src/pymortests/affine_grid.py:44: Suite splitting in effect</skipped></testcase><testcase classname="src.pymortests.affine_grid" file="src/pymortests/affine_grid.py" line="44" name="test_embeddings_wrong_arguments[&lt;lambda&gt;13]" time="0.0003867149353027344"><skipped message="Suite splitting in effect" type="pytest.skip">src/pymortests/affine_grid.py:44: Suite splitting in effect</skipped></testcase><testcase classname="src.pymortests.affine_grid" file="src/pymortests/affine_grid.py" line="44" name="test_embeddings_wrong_arguments[&lt;lambda&gt;14]" time="0.00042748451232910156"><skipped message="Suite splitting in effect" type="pytest.skip">src/pymortests/affine_grid.py:44: Suite splitting in effect</skipped></testcase><testcase classname="src.pymortests.affine_grid" file="src/pymortests/affine_grid.py" line="44" name="test_embeddings_wrong_arguments[&lt;lambda&gt;15]" time="0.00038886070251464844"><skipped message="Suite splitting in effect" type="pytest.skip">src/pymortests/affine_grid.py:44: Suite splitting in effect</skipped></testcase><testcase classname="src.pymortests.affine_grid" file="src/pymortests/affine_grid.py" line="44" name="test_embeddings_wrong_arguments[&lt;lambda&gt;16]" time="0.00040268898010253906"><skipped message="Suite splitting in effect" type="pytest.skip">src/pymortests/affine_grid.py:44: Suite splitting in effect</skipped></testcase><testcase classname="src.pymortests.affine_grid" file="src/pymortests/affine_grid.py" line="44" name="test_embeddings_wrong_arguments[&lt;lambda&gt;17]" time="0.00039196014404296875"><skipped message="Suite splitting in effect" type="pytest.skip">src/pymortests/affine_grid.py:44: Suite splitting in effect</skipped></testcase><testcase classname="src.pymortests.affine_grid" file="src/pymortests/affine_grid.py" line="44" name="test_embeddings_wrong_arguments[&lt;lambda&gt;18]" time="0.0003876686096191406"><skipped message="Suite splitting in effect" type="pytest.skip">src/pymortests/affine_grid.py:44: Suite splitting in effect</skipped></testcase><testcase classname="src.pymortests.affine_grid" file="src/pymortests/affine_grid.py" line="44" name="test_embeddings_wrong_arguments[&lt;lambda&gt;19]" time="0.00044989585876464844"><skipped message="Suite splitting in effect" type="pytest.skip">src/pymortests/affine_grid.py:44: Suite splitting in effect</skipped></testcase><testcase classname="src.pymortests.affine_grid" file="src/pymortests/affine_grid.py" line="44" name="test_embeddings_wrong_arguments[&lt;lambda&gt;20]" time="0.0004000663757324219"><skipped message="Suite splitting in effect" type="pytest.skip">src/pymortests/affine_grid.py:44: Suite splitting in effect</skipped></testcase><testcase classname="src.pymortests.affine_grid" file="src/pymortests/affine_grid.py" line="44" name="test_embeddings_wrong_arguments[&lt;lambda&gt;21]" time="0.0004000663757324219"><skipped message="Suite splitting in effect" type="pytest.skip">src/pymortests/affine_grid.py:44: Suite splitting in effect</skipped></testcase><testcase classname="src.pymortests.affine_grid" file="src/pymortests/affine_grid.py" line="44" name="test_embeddings_wrong_arguments[&lt;lambda&gt;22]" time="0.00038886070251464844"><skipped message="Suite splitting in effect" type="pytest.skip">src/pymortests/affine_grid.py:44: Suite splitting in effect</skipped></testcase><testcase classname="src.pymortests.affine_grid" file="src/pymortests/affine_grid.py" line="44" name="test_embeddings_wrong_arguments[&lt;lambda&gt;23]" time="0.00041747093200683594"><skipped message="Suite splitting in effect" type="pytest.skip">src/pymortests/affine_grid.py:44: Suite splitting in effect</skipped></testcase><testcase classname="src.pymortests.affine_grid" file="src/pymortests/affine_grid.py" line="44" name="test_embeddings_wrong_arguments[&lt;lambda&gt;24]" time="0.00039839744567871094"><skipped message="Suite splitting in effect" type="pytest.skip">src/pymortests/affine_grid.py:44: Suite splitting in effect</skipped></testcase><testcase classname="src.pymortests.affine_grid" file="src/pymortests/affine_grid.py" line="44" name="test_embeddings_wrong_arguments[&lt;lambda&gt;25]" time="0.0003936290740966797"><skipped message="Suite splitting in effect" type="pytest.skip">src/pymortests/affine_grid.py:44: Suite splitting in effect</skipped></testcase><testcase classname="src.pymortests.affine_grid" file="src/pymortests/affine_grid.py" line="44" name="test_embeddings_wrong_arguments[&lt;lambda&gt;26]" time="0.00039005279541015625"><skipped message="Suite splitting in effect" type="pytest.skip">src/pymortests/affine_grid.py:44: Suite splitting in effect</skipped></testcase><testcase classname="src.pymortests.affine_grid" file="src/pymortests/affine_grid.py" line="44" name="test_embeddings_wrong_arguments[&lt;lambda&gt;27]" time="0.00040602684020996094"><skipped message="Suite splitting in effect" type="pytest.skip">src/pymortests/affine_grid.py:44: Suite splitting in effect</skipped></testcase><testcase classname="src.pymortests.affine_grid" file="src/pymortests/affine_grid.py" line="44" name="test_embeddings_wrong_arguments[&lt;lambda&gt;28]" time="0.00038909912109375"><skipped message="Suite splitting in effect" type="pytest.skip">src/pymortests/affine_grid.py:44: Suite splitting in effect</skipped></testcase><testcase classname="src.pymortests.affine_grid" file="src/pymortests/affine_grid.py" line="44" name="test_embeddings_wrong_arguments[&lt;lambda&gt;29]" time="0.0003986358642578125"><skipped message="Suite splitting in effect" type="pytest.skip">src/pymortests/affine_grid.py:44: Suite splitting in effect</skipped></testcase><testcase classname="src.pymortests.affine_grid" file="src/pymortests/affine_grid.py" line="44" name="test_embeddings_wrong_arguments[&lt;lambda&gt;30]" time="0.0006315708160400391"><skipped message="Suite splitting in effect" type="pytest.skip">src/pymortests/affine_grid.py:44: Suite splitting in effect</skipped></testcase><testcase classname="src.pymortests.affine_grid" file="src/pymortests/affine_grid.py" line="44" name="test_embeddings_wrong_arguments[&lt;lambda&gt;31]" time="0.0005614757537841797"><skipped message="Suite splitting in effect" type="pytest.skip">src/pymortests/affine_grid.py:44: Suite splitting in effect</skipped></testcase><testcase classname="src.pymortests.affine_grid" file="src/pymortests/affine_grid.py" line="44" name="test_embeddings_wrong_arguments[&lt;lambda&gt;32]" time="0.0006308555603027344"><skipped message="Suite splitting in effect" type="pytest.skip">src/pymortests/affine_grid.py:44: Suite splitting in effect</skipped></testcase><testcase classname="src.pymortests.affine_grid" file="src/pymortests/affine_grid.py" line="44" name="test_embeddings_wrong_arguments[&lt;lambda&gt;33]" time="0.0005896091461181641"><skipped message="Suite splitting in effect" type="pytest.skip">src/pymortests/affine_grid.py:44: Suite splitting in effect</skipped></testcase><testcase classname="src.pymortests.affine_grid" file="src/pymortests/affine_grid.py" line="44" name="test_embeddings_wrong_arguments[&lt;lambda&gt;34]" time="0.0005793571472167969"><skipped message="Suite splitting in effect" type="pytest.skip">src/pymortests/affine_grid.py:44: Suite splitting in effect</skipped></testcase><testcase classname="src.pymortests.affine_grid" file="src/pymortests/affine_grid.py" line="44" name="test_embeddings_wrong_arguments[&lt;lambda&gt;35]" time="0.0008134841918945312"><skipped message="Suite splitting in effect" type="pytest.skip">src/pymortests/affine_grid.py:44: Suite splitting in effect</skipped></testcase><testcase classname="src.pymortests.affine_grid" file="src/pymortests/affine_grid.py" line="44" name="test_embeddings_wrong_arguments[&lt;lambda&gt;36]" time="0.0004253387451171875"><skipped message="Suite splitting in effect" type="pytest.skip">src/pymortests/affine_grid.py:44: Suite splitting in effect</skipped></testcase><testcase classname="src.pymortests.affine_grid" file="src/pymortests/affine_grid.py" line="44" name="test_embeddings_wrong_arguments[&lt;lambda&gt;37]" time="0.0004203319549560547"><skipped message="Suite splitting in effect" type="pytest.skip">src/pymortests/affine_grid.py:44: Suite splitting in effect</skipped></testcase><testcase classname="src.pymortests.affine_grid" file="src/pymortests/affine_grid.py" line="44" name="test_embeddings_wrong_arguments[&lt;lambda&gt;38]" time="0.0004062652587890625"><skipped message="Suite splitting in effect" type="pytest.skip">src/pymortests/affine_grid.py:44: Suite splitting in effect</skipped></testcase><testcase classname="src.pymortests.affine_grid" file="src/pymortests/affine_grid.py" line="44" name="test_embeddings_wrong_arguments[&lt;lambda&gt;39]" time="0.0004343986511230469"><skipped message="Suite splitting in effect" type="pytest.skip">src/pymortests/affine_grid.py:44: Suite splitting in effect</skipped></testcase><testcase classname="src.pymortests.affine_grid" file="src/pymortests/affine_grid.py" line="44" name="test_embeddings_wrong_arguments[&lt;lambda&gt;40]" time="0.0004112720489501953"><skipped message="Suite splitting in effect" type="pytest.skip">src/pymortests/affine_grid.py:44: Suite splitting in effect</skipped></testcase><testcase classname="src.pymortests.affine_grid" file="src/pymortests/affine_grid.py" line="44" name="test_embeddings_wrong_arguments[&lt;lambda&gt;41]" time="0.0004191398620605469"><skipped message="Suite splitting in effect" type="pytest.skip">src/pymortests/affine_grid.py:44: Suite splitting in effect</skipped></testcase><testcase classname="src.pymortests.affine_grid" file="src/pymortests/affine_grid.py" line="44" name="test_embeddings_wrong_arguments[&lt;lambda&gt;42]" time="0.0004138946533203125"><skipped message="Suite splitting in effect" type="pytest.skip">src/pymortests/affine_grid.py:44: Suite splitting in effect</skipped></testcase><testcase classname="src.pymortests.affine_grid" file="src/pymortests/affine_grid.py" line="52" name="test_embeddings_shape[&lt;lambda&gt;0]" time="0.00042939186096191406"><skipped message="Suite splitting in effect" type="pytest.skip">src/pymortests/affine_grid.py:52: Suite splitting in effect</skipped></testcase><testcase classname="src.pymortests.affine_grid" file="src/pymortests/affine_grid.py" line="52" name="test_embeddings_shape[&lt;lambda&gt;1]" time="0.00039315223693847656"><skipped message="Suite splitting in effect" type="pytest.skip">src/pymortests/affine_grid.py:52: Suite splitting in effect</skipped></testcase><testcase classname="src.pymortests.affine_grid" file="src/pymortests/affine_grid.py" line="52" name="test_embeddings_shape[&lt;lambda&gt;2]" time="0.00039505958557128906"><skipped message="Suite splitting in effect" type="pytest.skip">src/pymortests/affine_grid.py:52: Suite splitting in effect</skipped></testcase><testcase classname="src.pymortests.affine_grid" file="src/pymortests/affine_grid.py" line="52" name="test_embeddings_shape[&lt;lambda&gt;3]" time="0.0004184246063232422"><skipped message="Suite splitting in effect" type="pytest.skip">src/pymortests/affine_grid.py:52: Suite splitting in effect</skipped></testcase><testcase classname="src.pymortests.affine_grid" file="src/pymortests/affine_grid.py" line="52" name="test_embeddings_shape[&lt;lambda&gt;4]" time="0.0004475116729736328"><skipped message="Suite splitting in effect" type="pytest.skip">src/pymortests/affine_grid.py:52: Suite splitting in effect</skipped></testcase><testcase classname="src.pymortests.affine_grid" file="src/pymortests/affine_grid.py" line="52" name="test_embeddings_shape[&lt;lambda&gt;5]" time="0.0004177093505859375"><skipped message="Suite splitting in effect" type="pytest.skip">src/pymortests/affine_grid.py:52: Suite splitting in effect</skipped></testcase><testcase classname="src.pymortests.affine_grid" file="src/pymortests/affine_grid.py" line="52" name="test_embeddings_shape[&lt;lambda&gt;6]" time="0.00040793418884277344"><skipped message="Suite splitting in effect" type="pytest.skip">src/pymortests/affine_grid.py:52: Suite splitting in effect</skipped></testcase><testcase classname="src.pymortests.affine_grid" file="src/pymortests/affine_grid.py" line="52" name="test_embeddings_shape[&lt;lambda&gt;7]" time="0.0003933906555175781"><skipped message="Suite splitting in effect" type="pytest.skip">src/pymortests/affine_grid.py:52: Suite splitting in effect</skipped></testcase><testcase classname="src.pymortests.affine_grid" file="src/pymortests/affine_grid.py" line="52" name="test_embeddings_shape[&lt;lambda&gt;8]" time="0.0004315376281738281"><skipped message="Suite splitting in effect" type="pytest.skip">src/pymortests/affine_grid.py:52: Suite splitting in effect</skipped></testcase><testcase classname="src.pymortests.affine_grid" file="src/pymortests/affine_grid.py" line="52" name="test_embeddings_shape[&lt;lambda&gt;9]" time="0.00041294097900390625"><skipped message="Suite splitting in effect" type="pytest.skip">src/pymortests/affine_grid.py:52: Suite splitting in effect</skipped></testcase><testcase classname="src.pymortests.affine_grid" file="src/pymortests/affine_grid.py" line="52" name="test_embeddings_shape[&lt;lambda&gt;10]" time="0.0004208087921142578"><skipped message="Suite splitting in effect" type="pytest.skip">src/pymortests/affine_grid.py:52: Suite splitting in effect</skipped></testcase><testcase classname="src.pymortests.affine_grid" file="src/pymortests/affine_grid.py" line="52" name="test_embeddings_shape[&lt;lambda&gt;11]" time="0.0004172325134277344"><skipped message="Suite splitting in effect" type="pytest.skip">src/pymortests/affine_grid.py:52: Suite splitting in effect</skipped></testcase><testcase classname="src.pymortests.affine_grid" file="src/pymortests/affine_grid.py" line="52" name="test_embeddings_shape[&lt;lambda&gt;12]" time="0.000408172607421875"><skipped message="Suite splitting in effect" type="pytest.skip">src/pymortests/affine_grid.py:52: Suite splitting in effect</skipped></testcase><testcase classname="src.pymortests.affine_grid" file="src/pymortests/affine_grid.py" line="52" name="test_embeddings_shape[&lt;lambda&gt;13]" time="0.0004229545593261719"><skipped message="Suite splitting in effect" type="pytest.skip">src/pymortests/affine_grid.py:52: Suite splitting in effect</skipped></testcase><testcase classname="src.pymortests.affine_grid" file="src/pymortests/affine_grid.py" line="52" name="test_embeddings_shape[&lt;lambda&gt;14]" time="0.00044417381286621094"><skipped message="Suite splitting in effect" type="pytest.skip">src/pymortests/affine_grid.py:52: Suite splitting in effect</skipped></testcase><testcase classname="src.pymortests.affine_grid" file="src/pymortests/affine_grid.py" line="52" name="test_embeddings_shape[&lt;lambda&gt;15]" time="0.00042748451232910156"><skipped message="Suite splitting in effect" type="pytest.skip">src/pymortests/affine_grid.py:52: Suite splitting in effect</skipped></testcase><testcase classname="src.pymortests.affine_grid" file="src/pymortests/affine_grid.py" line="52" name="test_embeddings_shape[&lt;lambda&gt;16]" time="0.00041794776916503906"><skipped message="Suite splitting in effect" type="pytest.skip">src/pymortests/affine_grid.py:52: Suite splitting in effect</skipped></testcase><testcase classname="src.pymortests.affine_grid" file="src/pymortests/affine_grid.py" line="52" name="test_embeddings_shape[&lt;lambda&gt;17]" time="0.0004487037658691406"><skipped message="Suite splitting in effect" type="pytest.skip">src/pymortests/affine_grid.py:52: Suite splitting in effect</skipped></testcase><testcase classname="src.pymortests.affine_grid" file="src/pymortests/affine_grid.py" line="52" name="test_embeddings_shape[&lt;lambda&gt;18]" time="0.00040984153747558594"><skipped message="Suite splitting in effect" type="pytest.skip">src/pymortests/affine_grid.py:52: Suite splitting in effect</skipped></testcase><testcase classname="src.pymortests.affine_grid" file="src/pymortests/affine_grid.py" line="52" name="test_embeddings_shape[&lt;lambda&gt;19]" time="0.00042247772216796875"><skipped message="Suite splitting in effect" type="pytest.skip">src/pymortests/affine_grid.py:52: Suite splitting in effect</skipped></testcase><testcase classname="src.pymortests.affine_grid" file="src/pymortests/affine_grid.py" line="52" name="test_embeddings_shape[&lt;lambda&gt;20]" time="0.0004563331604003906"><skipped message="Suite splitting in effect" type="pytest.skip">src/pymortests/affine_grid.py:52: Suite splitting in effect</skipped></testcase><testcase classname="src.pymortests.affine_grid" file="src/pymortests/affine_grid.py" line="52" name="test_embeddings_shape[&lt;lambda&gt;21]" time="0.00041675567626953125"><skipped message="Suite splitting in effect" type="pytest.skip">src/pymortests/affine_grid.py:52: Suite splitting in effect</skipped></testcase><testcase classname="src.pymortests.affine_grid" file="src/pymortests/affine_grid.py" line="52" name="test_embeddings_shape[&lt;lambda&gt;22]" time="0.0004398822784423828"><skipped message="Suite splitting in effect" type="pytest.skip">src/pymortests/affine_grid.py:52: Suite splitting in effect</skipped></testcase><testcase classname="src.pymortests.affine_grid" file="src/pymortests/affine_grid.py" line="52" name="test_embeddings_shape[&lt;lambda&gt;23]" time="0.0004050731658935547"><skipped message="Suite splitting in effect" type="pytest.skip">src/pymortests/affine_grid.py:52: Suite splitting in effect</skipped></testcase><testcase classname="src.pymortests.affine_grid" file="src/pymortests/affine_grid.py" line="52" name="test_embeddings_shape[&lt;lambda&gt;24]" time="0.00040221214294433594"><skipped message="Suite splitting in effect" type="pytest.skip">src/pymortests/affine_grid.py:52: Suite splitting in effect</skipped></testcase><testcase classname="src.pymortests.affine_grid" file="src/pymortests/affine_grid.py" line="52" name="test_embeddings_shape[&lt;lambda&gt;25]" time="0.000431060791015625"><skipped message="Suite splitting in effect" type="pytest.skip">src/pymortests/affine_grid.py:52: Suite splitting in effect</skipped></testcase><testcase classname="src.pymortests.affine_grid" file="src/pymortests/affine_grid.py" line="52" name="test_embeddings_shape[&lt;lambda&gt;26]" time="0.00042557716369628906"><skipped message="Suite splitting in effect" type="pytest.skip">src/pymortests/affine_grid.py:52: Suite splitting in effect</skipped></testcase><testcase classname="src.pymortests.affine_grid" file="src/pymortests/affine_grid.py" line="52" name="test_embeddings_shape[&lt;lambda&gt;27]" time="0.0004303455352783203"><skipped message="Suite splitting in effect" type="pytest.skip">src/pymortests/affine_grid.py:52: Suite splitting in effect</skipped></testcase><testcase classname="src.pymortests.affine_grid" file="src/pymortests/affine_grid.py" line="52" name="test_embeddings_shape[&lt;lambda&gt;28]" time="0.00041413307189941406"><skipped message="Suite splitting in effect" type="pytest.skip">src/pymortests/affine_grid.py:52: Suite splitting in effect</skipped></testcase><testcase classname="src.pymortests.affine_grid" file="src/pymortests/affine_grid.py" line="52" name="test_embeddings_shape[&lt;lambda&gt;29]" time="0.0004124641418457031"><skipped message="Suite splitting in effect" type="pytest.skip">src/pymortests/affine_grid.py:52: Suite splitting in effect</skipped></testcase><testcase classname="src.pymortests.affine_grid" file="src/pymortests/affine_grid.py" line="52" name="test_embeddings_shape[&lt;lambda&gt;30]" time="0.0004150867462158203"><skipped message="Suite splitting in effect" type="pytest.skip">src/pymortests/affine_grid.py:52: Suite splitting in effect</skipped></testcase><testcase classname="src.pymortests.affine_grid" file="src/pymortests/affine_grid.py" line="52" name="test_embeddings_shape[&lt;lambda&gt;31]" time="0.0004210472106933594"><skipped message="Suite splitting in effect" type="pytest.skip">src/pymortests/affine_grid.py:52: Suite splitting in effect</skipped></testcase><testcase classname="src.pymortests.affine_grid" file="src/pymortests/affine_grid.py" line="52" name="test_embeddings_shape[&lt;lambda&gt;32]" time="0.0004353523254394531"><skipped message="Suite splitting in effect" type="pytest.skip">src/pymortests/affine_grid.py:52: Suite splitting in effect</skipped></testcase><testcase classname="src.pymortests.affine_grid" file="src/pymortests/affine_grid.py" line="52" name="test_embeddings_shape[&lt;lambda&gt;33]" time="0.0004360675811767578"><skipped message="Suite splitting in effect" type="pytest.skip">src/pymortests/affine_grid.py:52: Suite splitting in effect</skipped></testcase><testcase classname="src.pymortests.affine_grid" file="src/pymortests/affine_grid.py" line="52" name="test_embeddings_shape[&lt;lambda&gt;34]" time="0.0004177093505859375"><skipped message="Suite splitting in effect" type="pytest.skip">src/pymortests/affine_grid.py:52: Suite splitting in effect</skipped></testcase><testcase classname="src.pymortests.affine_grid" file="src/pymortests/affine_grid.py" line="52" name="test_embeddings_shape[&lt;lambda&gt;35]" time="0.0004215240478515625"><skipped message="Suite splitting in effect" type="pytest.skip">src/pymortests/affine_grid.py:52: Suite splitting in effect</skipped></testcase><testcase classname="src.pymortests.affine_grid" file="src/pymortests/affine_grid.py" line="52" name="test_embeddings_shape[&lt;lambda&gt;36]" time="0.0003972053527832031"><skipped message="Suite splitting in effect" type="pytest.skip">src/pymortests/affine_grid.py:52: Suite splitting in effect</skipped></testcase><testcase classname="src.pymortests.affine_grid" file="src/pymortests/affine_grid.py" line="52" name="test_embeddings_shape[&lt;lambda&gt;37]" time="0.0004057884216308594"><skipped message="Suite splitting in effect" type="pytest.skip">src/pymortests/affine_grid.py:52: Suite splitting in effect</skipped></testcase><testcase classname="src.pymortests.affine_grid" file="src/pymortests/affine_grid.py" line="52" name="test_embeddings_shape[&lt;lambda&gt;38]" time="0.00042128562927246094"><skipped message="Suite splitting in effect" type="pytest.skip">src/pymortests/affine_grid.py:52: Suite splitting in effect</skipped></testcase><testcase classname="src.pymortests.affine_grid" file="src/pymortests/affine_grid.py" line="52" name="test_embeddings_shape[&lt;lambda&gt;39]" time="0.0009415149688720703"><skipped message="Suite splitting in effect" type="pytest.skip">src/pymortests/affine_grid.py:52: Suite splitting in effect</skipped></testcase><testcase classname="src.pymortests.affine_grid" file="src/pymortests/affine_grid.py" line="52" name="test_embeddings_shape[&lt;lambda&gt;40]" time="0.0004119873046875"><skipped message="Suite splitting in effect" type="pytest.skip">src/pymortests/affine_grid.py:52: Suite splitting in effect</skipped></testcase><testcase classname="src.pymortests.affine_grid" file="src/pymortests/affine_grid.py" line="52" name="test_embeddings_shape[&lt;lambda&gt;41]" time="0.0003972053527832031"><skipped message="Suite splitting in effect" type="pytest.skip">src/pymortests/affine_grid.py:52: Suite splitting in effect</skipped></testcase><testcase classname="src.pymortests.affine_grid" file="src/pymortests/affine_grid.py" line="52" name="test_embeddings_shape[&lt;lambda&gt;42]" time="0.00040459632873535156"><skipped message="Suite splitting in effect" type="pytest.skip">src/pymortests/affine_grid.py:52: Suite splitting in effect</skipped></testcase><testcase classname="src.pymortests.affine_grid" file="src/pymortests/affine_grid.py" line="62" name="test_embeddings_transitivity[&lt;lambda&gt;0]" time="0.00039196014404296875"><skipped message="Suite splitting in effect" type="pytest.skip">src/pymortests/affine_grid.py:62: Suite splitting in effect</skipped></testcase><testcase classname="src.pymortests.affine_grid" file="src/pymortests/affine_grid.py" line="62" name="test_embeddings_transitivity[&lt;lambda&gt;1]" time="0.00042629241943359375"><skipped message="Suite splitting in effect" type="pytest.skip">src/pymortests/affine_grid.py:62: Suite splitting in effect</skipped></testcase><testcase classname="src.pymortests.affine_grid" file="src/pymortests/affine_grid.py" line="62" name="test_embeddings_transitivity[&lt;lambda&gt;2]" time="0.000396728515625"><skipped message="Suite splitting in effect" type="pytest.skip">src/pymortests/affine_grid.py:62: Suite splitting in effect</skipped></testcase><testcase classname="src.pymortests.affine_grid" file="src/pymortests/affine_grid.py" line="62" name="test_embeddings_transitivity[&lt;lambda&gt;3]" time="0.0003979206085205078"><skipped message="Suite splitting in effect" type="pytest.skip">src/pymortests/affine_grid.py:62: Suite splitting in effect</skipped></testcase><testcase classname="src.pymortests.affine_grid" file="src/pymortests/affine_grid.py" line="62" name="test_embeddings_transitivity[&lt;lambda&gt;4]" time="0.0004215240478515625"><skipped message="Suite splitting in effect" type="pytest.skip">src/pymortests/affine_grid.py:62: Suite splitting in effect</skipped></testcase><testcase classname="src.pymortests.affine_grid" file="src/pymortests/affine_grid.py" line="62" name="test_embeddings_transitivity[&lt;lambda&gt;5]" time="0.0004229545593261719"><skipped message="Suite splitting in effect" type="pytest.skip">src/pymortests/affine_grid.py:62: Suite splitting in effect</skipped></testcase><testcase classname="src.pymortests.affine_grid" file="src/pymortests/affine_grid.py" line="62" name="test_embeddings_transitivity[&lt;lambda&gt;6]" time="0.0003905296325683594"><skipped message="Suite splitting in effect" type="pytest.skip">src/pymortests/affine_grid.py:62: Suite splitting in effect</skipped></testcase><testcase classname="src.pymortests.affine_grid" file="src/pymortests/affine_grid.py" line="62" name="test_embeddings_transitivity[&lt;lambda&gt;7]" time="0.0004153251647949219"><skipped message="Suite splitting in effect" type="pytest.skip">src/pymortests/affine_grid.py:62: Suite splitting in effect</skipped></testcase><testcase classname="src.pymortests.affine_grid" file="src/pymortests/affine_grid.py" line="62" name="test_embeddings_transitivity[&lt;lambda&gt;8]" time="0.00040841102600097656"><skipped message="Suite splitting in effect" type="pytest.skip">src/pymortests/affine_grid.py:62: Suite splitting in effect</skipped></testcase><testcase classname="src.pymortests.affine_grid" file="src/pymortests/affine_grid.py" line="62" name="test_embeddings_transitivity[&lt;lambda&gt;9]" time="0.0004074573516845703"><skipped message="Suite splitting in effect" type="pytest.skip">src/pymortests/affine_grid.py:62: Suite splitting in effect</skipped></testcase><testcase classname="src.pymortests.affine_grid" file="src/pymortests/affine_grid.py" line="62" name="test_embeddings_transitivity[&lt;lambda&gt;10]" time="0.00040459632873535156"><skipped message="Suite splitting in effect" type="pytest.skip">src/pymortests/affine_grid.py:62: Suite splitting in effect</skipped></testcase><testcase classname="src.pymortests.affine_grid" file="src/pymortests/affine_grid.py" line="62" name="test_embeddings_transitivity[&lt;lambda&gt;11]" time="0.0004191398620605469"><skipped message="Suite splitting in effect" type="pytest.skip">src/pymortests/affine_grid.py:62: Suite splitting in effect</skipped></testcase><testcase classname="src.pymortests.affine_grid" file="src/pymortests/affine_grid.py" line="62" name="test_embeddings_transitivity[&lt;lambda&gt;12]" time="0.00038695335388183594"><skipped message="Suite splitting in effect" type="pytest.skip">src/pymortests/affine_grid.py:62: Suite splitting in effect</skipped></testcase><testcase classname="src.pymortests.affine_grid" file="src/pymortests/affine_grid.py" line="62" name="test_embeddings_transitivity[&lt;lambda&gt;13]" time="0.00039005279541015625"><skipped message="Suite splitting in effect" type="pytest.skip">src/pymortests/affine_grid.py:62: Suite splitting in effect</skipped></testcase><testcase classname="src.pymortests.affine_grid" file="src/pymortests/affine_grid.py" line="62" name="test_embeddings_transitivity[&lt;lambda&gt;14]" time="0.0004425048828125"><skipped message="Suite splitting in effect" type="pytest.skip">src/pymortests/affine_grid.py:62: Suite splitting in effect</skipped></testcase><testcase classname="src.pymortests.affine_grid" file="src/pymortests/affine_grid.py" line="62" name="test_embeddings_transitivity[&lt;lambda&gt;15]" time="0.0004246234893798828"><skipped message="Suite splitting in effect" type="pytest.skip">src/pymortests/affine_grid.py:62: Suite splitting in effect</skipped></testcase><testcase classname="src.pymortests.affine_grid" file="src/pymortests/affine_grid.py" line="62" name="test_embeddings_transitivity[&lt;lambda&gt;16]" time="0.00041747093200683594"><skipped message="Suite splitting in effect" type="pytest.skip">src/pymortests/affine_grid.py:62: Suite splitting in effect</skipped></testcase><testcase classname="src.pymortests.affine_grid" file="src/pymortests/affine_grid.py" line="62" name="test_embeddings_transitivity[&lt;lambda&gt;17]" time="0.0005216598510742188"><skipped message="Suite splitting in effect" type="pytest.skip">src/pymortests/affine_grid.py:62: Suite splitting in effect</skipped></testcase><testcase classname="src.pymortests.affine_grid" file="src/pymortests/affine_grid.py" line="62" name="test_embeddings_transitivity[&lt;lambda&gt;18]" time="0.00042176246643066406"><skipped message="Suite splitting in effect" type="pytest.skip">src/pymortests/affine_grid.py:62: Suite splitting in effect</skipped></testcase><testcase classname="src.pymortests.affine_grid" file="src/pymortests/affine_grid.py" line="62" name="test_embeddings_transitivity[&lt;lambda&gt;19]" time="0.0004057884216308594"><skipped message="Suite splitting in effect" type="pytest.skip">src/pymortests/affine_grid.py:62: Suite splitting in effect</skipped></testcase><testcase classname="src.pymortests.affine_grid" file="src/pymortests/affine_grid.py" line="62" name="test_embeddings_transitivity[&lt;lambda&gt;20]" time="0.0004019737243652344"><skipped message="Suite splitting in effect" type="pytest.skip">src/pymortests/affine_grid.py:62: Suite splitting in effect</skipped></testcase><testcase classname="src.pymortests.affine_grid" file="src/pymortests/affine_grid.py" line="62" name="test_embeddings_transitivity[&lt;lambda&gt;21]" time="0.0003948211669921875"><skipped message="Suite splitting in effect" type="pytest.skip">src/pymortests/affine_grid.py:62: Suite splitting in effect</skipped></testcase><testcase classname="src.pymortests.affine_grid" file="src/pymortests/affine_grid.py" line="62" name="test_embeddings_transitivity[&lt;lambda&gt;22]" time="0.0004248619079589844"><skipped message="Suite splitting in effect" type="pytest.skip">src/pymortests/affine_grid.py:62: Suite splitting in effect</skipped></testcase><testcase classname="src.pymortests.affine_grid" file="src/pymortests/affine_grid.py" line="62" name="test_embeddings_transitivity[&lt;lambda&gt;23]" time="0.0004184246063232422"><skipped message="Suite splitting in effect" type="pytest.skip">src/pymortests/affine_grid.py:62: Suite splitting in effect</skipped></testcase><testcase classname="src.pymortests.affine_grid" file="src/pymortests/affine_grid.py" line="62" name="test_embeddings_transitivity[&lt;lambda&gt;24]" time="0.0004279613494873047"><skipped message="Suite splitting in effect" type="pytest.skip">src/pymortests/affine_grid.py:62: Suite splitting in effect</skipped></testcase><testcase classname="src.pymortests.affine_grid" file="src/pymortests/affine_grid.py" line="62" name="test_embeddings_transitivity[&lt;lambda&gt;25]" time="0.00041222572326660156"><skipped message="Suite splitting in effect" type="pytest.skip">src/pymortests/affine_grid.py:62: Suite splitting in effect</skipped></testcase><testcase classname="src.pymortests.affine_grid" file="src/pymortests/affine_grid.py" line="62" name="test_embeddings_transitivity[&lt;lambda&gt;26]" time="0.0004112720489501953"><skipped message="Suite splitting in effect" type="pytest.skip">src/pymortests/affine_grid.py:62: Suite splitting in effect</skipped></testcase><testcase classname="src.pymortests.affine_grid" file="src/pymortests/affine_grid.py" line="62" name="test_embeddings_transitivity[&lt;lambda&gt;27]" time="0.00042510032653808594"><skipped message="Suite splitting in effect" type="pytest.skip">src/pymortests/affine_grid.py:62: Suite splitting in effect</skipped></testcase><testcase classname="src.pymortests.affine_grid" file="src/pymortests/affine_grid.py" line="62" name="test_embeddings_transitivity[&lt;lambda&gt;28]" time="0.0003826618194580078"><skipped message="Suite splitting in effect" type="pytest.skip">src/pymortests/affine_grid.py:62: Suite splitting in effect</skipped></testcase><testcase classname="src.pymortests.affine_grid" file="src/pymortests/affine_grid.py" line="62" name="test_embeddings_transitivity[&lt;lambda&gt;29]" time="0.00041675567626953125"><skipped message="Suite splitting in effect" type="pytest.skip">src/pymortests/affine_grid.py:62: Suite splitting in effect</skipped></testcase><testcase classname="src.pymortests.affine_grid" file="src/pymortests/affine_grid.py" line="62" name="test_embeddings_transitivity[&lt;lambda&gt;30]" time="0.00040435791015625"><skipped message="Suite splitting in effect" type="pytest.skip">src/pymortests/affine_grid.py:62: Suite splitting in effect</skipped></testcase><testcase classname="src.pymortests.affine_grid" file="src/pymortests/affine_grid.py" line="62" name="test_embeddings_transitivity[&lt;lambda&gt;31]" time="0.0004227161407470703"><skipped message="Suite splitting in effect" type="pytest.skip">src/pymortests/affine_grid.py:62: Suite splitting in effect</skipped></testcase><testcase classname="src.pymortests.affine_grid" file="src/pymortests/affine_grid.py" line="62" name="test_embeddings_transitivity[&lt;lambda&gt;32]" time="0.00040435791015625"><skipped message="Suite splitting in effect" type="pytest.skip">src/pymortests/affine_grid.py:62: Suite splitting in effect</skipped></testcase><testcase classname="src.pymortests.affine_grid" file="src/pymortests/affine_grid.py" line="62" name="test_embeddings_transitivity[&lt;lambda&gt;33]" time="0.00040650367736816406"><skipped message="Suite splitting in effect" type="pytest.skip">src/pymortests/affine_grid.py:62: Suite splitting in effect</skipped></testcase><testcase classname="src.pymortests.affine_grid" file="src/pymortests/affine_grid.py" line="62" name="test_embeddings_transitivity[&lt;lambda&gt;34]" time="0.0004143714904785156"><skipped message="Suite splitting in effect" type="pytest.skip">src/pymortests/affine_grid.py:62: Suite splitting in effect</skipped></testcase><testcase classname="src.pymortests.affine_grid" file="src/pymortests/affine_grid.py" line="62" name="test_embeddings_transitivity[&lt;lambda&gt;35]" time="0.0004150867462158203"><skipped message="Suite splitting in effect" type="pytest.skip">src/pymortests/affine_grid.py:62: Suite splitting in effect</skipped></testcase><testcase classname="src.pymortests.affine_grid" file="src/pymortests/affine_grid.py" line="62" name="test_embeddings_transitivity[&lt;lambda&gt;36]" time="0.00039958953857421875"><skipped message="Suite splitting in effect" type="pytest.skip">src/pymortests/affine_grid.py:62: Suite splitting in effect</skipped></testcase><testcase classname="src.pymortests.affine_grid" file="src/pymortests/affine_grid.py" line="62" name="test_embeddings_transitivity[&lt;lambda&gt;37]" time="0.00041103363037109375"><skipped message="Suite splitting in effect" type="pytest.skip">src/pymortests/affine_grid.py:62: Suite splitting in effect</skipped></testcase><testcase classname="src.pymortests.affine_grid" file="src/pymortests/affine_grid.py" line="62" name="test_embeddings_transitivity[&lt;lambda&gt;38]" time="0.00040984153747558594"><skipped message="Suite splitting in effect" type="pytest.skip">src/pymortests/affine_grid.py:62: Suite splitting in effect</skipped></testcase><testcase classname="src.pymortests.affine_grid" file="src/pymortests/affine_grid.py" line="62" name="test_embeddings_transitivity[&lt;lambda&gt;39]" time="0.00038933753967285156"><skipped message="Suite splitting in effect" type="pytest.skip">src/pymortests/affine_grid.py:62: Suite splitting in effect</skipped></testcase><testcase classname="src.pymortests.affine_grid" file="src/pymortests/affine_grid.py" line="62" name="test_embeddings_transitivity[&lt;lambda&gt;40]" time="0.0004134178161621094"><skipped message="Suite splitting in effect" type="pytest.skip">src/pymortests/affine_grid.py:62: Suite splitting in effect</skipped></testcase><testcase classname="src.pymortests.affine_grid" file="src/pymortests/affine_grid.py" line="62" name="test_embeddings_transitivity[&lt;lambda&gt;41]" time="0.0004222393035888672"><skipped message="Suite splitting in effect" type="pytest.skip">src/pymortests/affine_grid.py:62: Suite splitting in effect</skipped></testcase><testcase classname="src.pymortests.affine_grid" file="src/pymortests/affine_grid.py" line="62" name="test_embeddings_transitivity[&lt;lambda&gt;42]" time="0.0004048347473144531"><skipped message="Suite splitting in effect" type="pytest.skip">src/pymortests/affine_grid.py:62: Suite splitting in effect</skipped></testcase><testcase classname="src.pymortests.affine_grid" file="src/pymortests/affine_grid.py" line="75" name="test_jacobian_inverse_transposed_wrong_arguments[&lt;lambda&gt;0]" time="0.00046753883361816406"><skipped message="Suite splitting in effect" type="pytest.skip">src/pymortests/affine_grid.py:75: Suite splitting in effect</skipped></testcase><testcase classname="src.pymortests.affine_grid" file="src/pymortests/affine_grid.py" line="75" name="test_jacobian_inverse_transposed_wrong_arguments[&lt;lambda&gt;1]" time="0.00039696693420410156"><skipped message="Suite splitting in effect" type="pytest.skip">src/pymortests/affine_grid.py:75: Suite splitting in effect</skipped></testcase><testcase classname="src.pymortests.affine_grid" file="src/pymortests/affine_grid.py" line="75" name="test_jacobian_inverse_transposed_wrong_arguments[&lt;lambda&gt;2]" time="0.0004019737243652344"><skipped message="Suite splitting in effect" type="pytest.skip">src/pymortests/affine_grid.py:75: Suite splitting in effect</skipped></testcase><testcase classname="src.pymortests.affine_grid" file="src/pymortests/affine_grid.py" line="75" name="test_jacobian_inverse_transposed_wrong_arguments[&lt;lambda&gt;3]" time="0.0004150867462158203"><skipped message="Suite splitting in effect" type="pytest.skip">src/pymortests/affine_grid.py:75: Suite splitting in effect</skipped></testcase><testcase classname="src.pymortests.affine_grid" file="src/pymortests/affine_grid.py" line="75" name="test_jacobian_inverse_transposed_wrong_arguments[&lt;lambda&gt;4]" time="0.0004115104675292969"><skipped message="Suite splitting in effect" type="pytest.skip">src/pymortests/affine_grid.py:75: Suite splitting in effect</skipped></testcase><testcase classname="src.pymortests.affine_grid" file="src/pymortests/affine_grid.py" line="75" name="test_jacobian_inverse_transposed_wrong_arguments[&lt;lambda&gt;5]" time="0.00042247772216796875"><skipped message="Suite splitting in effect" type="pytest.skip">src/pymortests/affine_grid.py:75: Suite splitting in effect</skipped></testcase><testcase classname="src.pymortests.affine_grid" file="src/pymortests/affine_grid.py" line="75" name="test_jacobian_inverse_transposed_wrong_arguments[&lt;lambda&gt;6]" time="0.00041675567626953125"><skipped message="Suite splitting in effect" type="pytest.skip">src/pymortests/affine_grid.py:75: Suite splitting in effect</skipped></testcase><testcase classname="src.pymortests.affine_grid" file="src/pymortests/affine_grid.py" line="75" name="test_jacobian_inverse_transposed_wrong_arguments[&lt;lambda&gt;7]" time="0.0004429817199707031"><skipped message="Suite splitting in effect" type="pytest.skip">src/pymortests/affine_grid.py:75: Suite splitting in effect</skipped></testcase><testcase classname="src.pymortests.affine_grid" file="src/pymortests/affine_grid.py" line="75" name="test_jacobian_inverse_transposed_wrong_arguments[&lt;lambda&gt;8]" time="0.00041794776916503906"><skipped message="Suite splitting in effect" type="pytest.skip">src/pymortests/affine_grid.py:75: Suite splitting in effect</skipped></testcase><testcase classname="src.pymortests.affine_grid" file="src/pymortests/affine_grid.py" line="75" name="test_jacobian_inverse_transposed_wrong_arguments[&lt;lambda&gt;9]" time="0.00039267539978027344"><skipped message="Suite splitting in effect" type="pytest.skip">src/pymortests/affine_grid.py:75: Suite splitting in effect</skipped></testcase><testcase classname="src.pymortests.affine_grid" file="src/pymortests/affine_grid.py" line="75" name="test_jacobian_inverse_transposed_wrong_arguments[&lt;lambda&gt;10]" time="0.00042724609375"><skipped message="Suite splitting in effect" type="pytest.skip">src/pymortests/affine_grid.py:75: Suite splitting in effect</skipped></testcase><testcase classname="src.pymortests.affine_grid" file="src/pymortests/affine_grid.py" line="75" name="test_jacobian_inverse_transposed_wrong_arguments[&lt;lambda&gt;11]" time="0.00042057037353515625"><skipped message="Suite splitting in effect" type="pytest.skip">src/pymortests/affine_grid.py:75: Suite splitting in effect</skipped></testcase><testcase classname="src.pymortests.affine_grid" file="src/pymortests/affine_grid.py" line="75" name="test_jacobian_inverse_transposed_wrong_arguments[&lt;lambda&gt;12]" time="0.0004265308380126953"><skipped message="Suite splitting in effect" type="pytest.skip">src/pymortests/affine_grid.py:75: Suite splitting in effect</skipped></testcase><testcase classname="src.pymortests.affine_grid" file="src/pymortests/affine_grid.py" line="75" name="test_jacobian_inverse_transposed_wrong_arguments[&lt;lambda&gt;13]" time="0.0004131793975830078"><skipped message="Suite splitting in effect" type="pytest.skip">src/pymortests/affine_grid.py:75: Suite splitting in effect</skipped></testcase><testcase classname="src.pymortests.affine_grid" file="src/pymortests/affine_grid.py" line="75" name="test_jacobian_inverse_transposed_wrong_arguments[&lt;lambda&gt;14]" time="0.0004284381866455078"><skipped message="Suite splitting in effect" type="pytest.skip">src/pymortests/affine_grid.py:75: Suite splitting in effect</skipped></testcase><testcase classname="src.pymortests.affine_grid" file="src/pymortests/affine_grid.py" line="75" name="test_jacobian_inverse_transposed_wrong_arguments[&lt;lambda&gt;15]" time="0.000392913818359375"><skipped message="Suite splitting in effect" type="pytest.skip">src/pymortests/affine_grid.py:75: Suite splitting in effect</skipped></testcase><testcase classname="src.pymortests.affine_grid" file="src/pymortests/affine_grid.py" line="75" name="test_jacobian_inverse_transposed_wrong_arguments[&lt;lambda&gt;16]" time="0.0004146099090576172"><skipped message="Suite splitting in effect" type="pytest.skip">src/pymortests/affine_grid.py:75: Suite splitting in effect</skipped></testcase><testcase classname="src.pymortests.affine_grid" file="src/pymortests/affine_grid.py" line="75" name="test_jacobian_inverse_transposed_wrong_arguments[&lt;lambda&gt;17]" time="0.00041413307189941406"><skipped message="Suite splitting in effect" type="pytest.skip">src/pymortests/affine_grid.py:75: Suite splitting in effect</skipped></testcase><testcase classname="src.pymortests.affine_grid" file="src/pymortests/affine_grid.py" line="75" name="test_jacobian_inverse_transposed_wrong_arguments[&lt;lambda&gt;18]" time="0.00042557716369628906"><skipped message="Suite splitting in effect" type="pytest.skip">src/pymortests/affine_grid.py:75: Suite splitting in effect</skipped></testcase><testcase classname="src.pymortests.affine_grid" file="src/pymortests/affine_grid.py" line="75" name="test_jacobian_inverse_transposed_wrong_arguments[&lt;lambda&gt;19]" time="0.00038814544677734375"><skipped message="Suite splitting in effect" type="pytest.skip">src/pymortests/affine_grid.py:75: Suite splitting in effect</skipped></testcase><testcase classname="src.pymortests.affine_grid" file="src/pymortests/affine_grid.py" line="75" name="test_jacobian_inverse_transposed_wrong_arguments[&lt;lambda&gt;20]" time="0.00040221214294433594"><skipped message="Suite splitting in effect" type="pytest.skip">src/pymortests/affine_grid.py:75: Suite splitting in effect</skipped></testcase><testcase classname="src.pymortests.affine_grid" file="src/pymortests/affine_grid.py" line="75" name="test_jacobian_inverse_transposed_wrong_arguments[&lt;lambda&gt;21]" time="0.00039076805114746094"><skipped message="Suite splitting in effect" type="pytest.skip">src/pymortests/affine_grid.py:75: Suite splitting in effect</skipped></testcase><testcase classname="src.pymortests.affine_grid" file="src/pymortests/affine_grid.py" line="75" name="test_jacobian_inverse_transposed_wrong_arguments[&lt;lambda&gt;22]" time="0.0004177093505859375"><skipped message="Suite splitting in effect" type="pytest.skip">src/pymortests/affine_grid.py:75: Suite splitting in effect</skipped></testcase><testcase classname="src.pymortests.affine_grid" file="src/pymortests/affine_grid.py" line="75" name="test_jacobian_inverse_transposed_wrong_arguments[&lt;lambda&gt;23]" time="0.00040435791015625"><skipped message="Suite splitting in effect" type="pytest.skip">src/pymortests/affine_grid.py:75: Suite splitting in effect</skipped></testcase><testcase classname="src.pymortests.affine_grid" file="src/pymortests/affine_grid.py" line="75" name="test_jacobian_inverse_transposed_wrong_arguments[&lt;lambda&gt;24]" time="0.0004401206970214844"><skipped message="Suite splitting in effect" type="pytest.skip">src/pymortests/affine_grid.py:75: Suite splitting in effect</skipped></testcase><testcase classname="src.pymortests.affine_grid" file="src/pymortests/affine_grid.py" line="75" name="test_jacobian_inverse_transposed_wrong_arguments[&lt;lambda&gt;25]" time="0.0003979206085205078"><skipped message="Suite splitting in effect" type="pytest.skip">src/pymortests/affine_grid.py:75: Suite splitting in effect</skipped></testcase><testcase classname="src.pymortests.affine_grid" file="src/pymortests/affine_grid.py" line="75" name="test_jacobian_inverse_transposed_wrong_arguments[&lt;lambda&gt;26]" time="0.000400543212890625"><skipped message="Suite splitting in effect" type="pytest.skip">src/pymortests/affine_grid.py:75: Suite splitting in effect</skipped></testcase><testcase classname="src.pymortests.affine_grid" file="src/pymortests/affine_grid.py" line="75" name="test_jacobian_inverse_transposed_wrong_arguments[&lt;lambda&gt;27]" time="0.0004124641418457031"><skipped message="Suite splitting in effect" type="pytest.skip">src/pymortests/affine_grid.py:75: Suite splitting in effect</skipped></testcase><testcase classname="src.pymortests.affine_grid" file="src/pymortests/affine_grid.py" line="75" name="test_jacobian_inverse_transposed_wrong_arguments[&lt;lambda&gt;28]" time="0.0004031658172607422"><skipped message="Suite splitting in effect" type="pytest.skip">src/pymortests/affine_grid.py:75: Suite splitting in effect</skipped></testcase><testcase classname="src.pymortests.affine_grid" file="src/pymortests/affine_grid.py" line="75" name="test_jacobian_inverse_transposed_wrong_arguments[&lt;lambda&gt;29]" time="0.0004048347473144531"><skipped message="Suite splitting in effect" type="pytest.skip">src/pymortests/affine_grid.py:75: Suite splitting in effect</skipped></testcase><testcase classname="src.pymortests.affine_grid" file="src/pymortests/affine_grid.py" line="75" name="test_jacobian_inverse_transposed_wrong_arguments[&lt;lambda&gt;30]" time="0.00040793418884277344"><skipped message="Suite splitting in effect" type="pytest.skip">src/pymortests/affine_grid.py:75: Suite splitting in effect</skipped></testcase><testcase classname="src.pymortests.affine_grid" file="src/pymortests/affine_grid.py" line="75" name="test_jacobian_inverse_transposed_wrong_arguments[&lt;lambda&gt;31]" time="0.000400543212890625"><skipped message="Suite splitting in effect" type="pytest.skip">src/pymortests/affine_grid.py:75: Suite splitting in effect</skipped></testcase><testcase classname="src.pymortests.affine_grid" file="src/pymortests/affine_grid.py" line="75" name="test_jacobian_inverse_transposed_wrong_arguments[&lt;lambda&gt;32]" time="0.0003960132598876953"><skipped message="Suite splitting in effect" type="pytest.skip">src/pymortests/affine_grid.py:75: Suite splitting in effect</skipped></testcase><testcase classname="src.pymortests.affine_grid" file="src/pymortests/affine_grid.py" line="75" name="test_jacobian_inverse_transposed_wrong_arguments[&lt;lambda&gt;33]" time="0.0003943443298339844"><skipped message="Suite splitting in effect" type="pytest.skip">src/pymortests/affine_grid.py:75: Suite splitting in effect</skipped></testcase><testcase classname="src.pymortests.affine_grid" file="src/pymortests/affine_grid.py" line="75" name="test_jacobian_inverse_transposed_wrong_arguments[&lt;lambda&gt;34]" time="0.0003917217254638672"><skipped message="Suite splitting in effect" type="pytest.skip">src/pymortests/affine_grid.py:75: Suite splitting in effect</skipped></testcase><testcase classname="src.pymortests.affine_grid" file="src/pymortests/affine_grid.py" line="75" name="test_jacobian_inverse_transposed_wrong_arguments[&lt;lambda&gt;35]" time="0.00043010711669921875"><skipped message="Suite splitting in effect" type="pytest.skip">src/pymortests/affine_grid.py:75: Suite splitting in effect</skipped></testcase><testcase classname="src.pymortests.affine_grid" file="src/pymortests/affine_grid.py" line="75" name="test_jacobian_inverse_transposed_wrong_arguments[&lt;lambda&gt;36]" time="0.00038933753967285156"><skipped message="Suite splitting in effect" type="pytest.skip">src/pymortests/affine_grid.py:75: Suite splitting in effect</skipped></testcase><testcase classname="src.pymortests.affine_grid" file="src/pymortests/affine_grid.py" line="75" name="test_jacobian_inverse_transposed_wrong_arguments[&lt;lambda&gt;37]" time="0.0003948211669921875"><skipped message="Suite splitting in effect" type="pytest.skip">src/pymortests/affine_grid.py:75: Suite splitting in effect</skipped></testcase><testcase classname="src.pymortests.affine_grid" file="src/pymortests/affine_grid.py" line="75" name="test_jacobian_inverse_transposed_wrong_arguments[&lt;lambda&gt;38]" time="0.0004165172576904297"><skipped message="Suite splitting in effect" type="pytest.skip">src/pymortests/affine_grid.py:75: Suite splitting in effect</skipped></testcase><testcase classname="src.pymortests.affine_grid" file="src/pymortests/affine_grid.py" line="75" name="test_jacobian_inverse_transposed_wrong_arguments[&lt;lambda&gt;39]" time="0.0004181861877441406"><skipped message="Suite splitting in effect" type="pytest.skip">src/pymortests/affine_grid.py:75: Suite splitting in effect</skipped></testcase><testcase classname="src.pymortests.affine_grid" file="src/pymortests/affine_grid.py" line="75" name="test_jacobian_inverse_transposed_wrong_arguments[&lt;lambda&gt;40]" time="0.00039267539978027344"><skipped message="Suite splitting in effect" type="pytest.skip">src/pymortests/affine_grid.py:75: Suite splitting in effect</skipped></testcase><testcase classname="src.pymortests.affine_grid" file="src/pymortests/affine_grid.py" line="75" name="test_jacobian_inverse_transposed_wrong_arguments[&lt;lambda&gt;41]" time="0.0004467964172363281"><skipped message="Suite splitting in effect" type="pytest.skip">src/pymortests/affine_grid.py:75: Suite splitting in effect</skipped></testcase><testcase classname="src.pymortests.affine_grid" file="src/pymortests/affine_grid.py" line="75" name="test_jacobian_inverse_transposed_wrong_arguments[&lt;lambda&gt;42]" time="0.0004024505615234375"><skipped message="Suite splitting in effect" type="pytest.skip">src/pymortests/affine_grid.py:75: Suite splitting in effect</skipped></testcase><testcase classname="src.pymortests.affine_grid" file="src/pymortests/affine_grid.py" line="85" name="test_jacobian_inverse_transposed_shape[&lt;lambda&gt;0]" time="0.0004169940948486328"><skipped message="Suite splitting in effect" type="pytest.skip">src/pymortests/affine_grid.py:85: Suite splitting in effect</skipped></testcase><testcase classname="src.pymortests.affine_grid" file="src/pymortests/affine_grid.py" line="85" name="test_jacobian_inverse_transposed_shape[&lt;lambda&gt;1]" time="0.0004036426544189453"><skipped message="Suite splitting in effect" type="pytest.skip">src/pymortests/affine_grid.py:85: Suite splitting in effect</skipped></testcase><testcase classname="src.pymortests.affine_grid" file="src/pymortests/affine_grid.py" line="85" name="test_jacobian_inverse_transposed_shape[&lt;lambda&gt;2]" time="0.00039315223693847656"><skipped message="Suite splitting in effect" type="pytest.skip">src/pymortests/affine_grid.py:85: Suite splitting in effect</skipped></testcase><testcase classname="src.pymortests.affine_grid" file="src/pymortests/affine_grid.py" line="85" name="test_jacobian_inverse_transposed_shape[&lt;lambda&gt;3]" time="0.0004050731658935547"><skipped message="Suite splitting in effect" type="pytest.skip">src/pymortests/affine_grid.py:85: Suite splitting in effect</skipped></testcase><testcase classname="src.pymortests.affine_grid" file="src/pymortests/affine_grid.py" line="85" name="test_jacobian_inverse_transposed_shape[&lt;lambda&gt;4]" time="0.00038313865661621094"><skipped message="Suite splitting in effect" type="pytest.skip">src/pymortests/affine_grid.py:85: Suite splitting in effect</skipped></testcase><testcase classname="src.pymortests.affine_grid" file="src/pymortests/affine_grid.py" line="85" name="test_jacobian_inverse_transposed_shape[&lt;lambda&gt;5]" time="0.0004088878631591797"><skipped message="Suite splitting in effect" type="pytest.skip">src/pymortests/affine_grid.py:85: Suite splitting in effect</skipped></testcase><testcase classname="src.pymortests.affine_grid" file="src/pymortests/affine_grid.py" line="85" name="test_jacobian_inverse_transposed_shape[&lt;lambda&gt;6]" time="0.0004210472106933594"><skipped message="Suite splitting in effect" type="pytest.skip">src/pymortests/affine_grid.py:85: Suite splitting in effect</skipped></testcase><testcase classname="src.pymortests.affine_grid" file="src/pymortests/affine_grid.py" line="85" name="test_jacobian_inverse_transposed_shape[&lt;lambda&gt;7]" time="0.0004010200500488281"><skipped message="Suite splitting in effect" type="pytest.skip">src/pymortests/affine_grid.py:85: Suite splitting in effect</skipped></testcase><testcase classname="src.pymortests.affine_grid" file="src/pymortests/affine_grid.py" line="85" name="test_jacobian_inverse_transposed_shape[&lt;lambda&gt;8]" time="0.00038909912109375"><skipped message="Suite splitting in effect" type="pytest.skip">src/pymortests/affine_grid.py:85: Suite splitting in effect</skipped></testcase><testcase classname="src.pymortests.affine_grid" file="src/pymortests/affine_grid.py" line="85" name="test_jacobian_inverse_transposed_shape[&lt;lambda&gt;9]" time="0.0004296302795410156"><skipped message="Suite splitting in effect" type="pytest.skip">src/pymortests/affine_grid.py:85: Suite splitting in effect</skipped></testcase><testcase classname="src.pymortests.affine_grid" file="src/pymortests/affine_grid.py" line="85" name="test_jacobian_inverse_transposed_shape[&lt;lambda&gt;10]" time="0.0004169940948486328"><skipped message="Suite splitting in effect" type="pytest.skip">src/pymortests/affine_grid.py:85: Suite splitting in effect</skipped></testcase><testcase classname="src.pymortests.affine_grid" file="src/pymortests/affine_grid.py" line="85" name="test_jacobian_inverse_transposed_shape[&lt;lambda&gt;11]" time="0.0004119873046875"><skipped message="Suite splitting in effect" type="pytest.skip">src/pymortests/affine_grid.py:85: Suite splitting in effect</skipped></testcase><testcase classname="src.pymortests.affine_grid" file="src/pymortests/affine_grid.py" line="85" name="test_jacobian_inverse_transposed_shape[&lt;lambda&gt;12]" time="0.00042629241943359375"><skipped message="Suite splitting in effect" type="pytest.skip">src/pymortests/affine_grid.py:85: Suite splitting in effect</skipped></testcase><testcase classname="src.pymortests.affine_grid" file="src/pymortests/affine_grid.py" line="85" name="test_jacobian_inverse_transposed_shape[&lt;lambda&gt;13]" time="0.0007121562957763672"><skipped message="Suite splitting in effect" type="pytest.skip">src/pymortests/affine_grid.py:85: Suite splitting in effect</skipped></testcase><testcase classname="src.pymortests.affine_grid" file="src/pymortests/affine_grid.py" line="85" name="test_jacobian_inverse_transposed_shape[&lt;lambda&gt;14]" time="0.00039315223693847656"><skipped message="Suite splitting in effect" type="pytest.skip">src/pymortests/affine_grid.py:85: Suite splitting in effect</skipped></testcase><testcase classname="src.pymortests.affine_grid" file="src/pymortests/affine_grid.py" line="85" name="test_jacobian_inverse_transposed_shape[&lt;lambda&gt;15]" time="0.0004048347473144531"><skipped message="Suite splitting in effect" type="pytest.skip">src/pymortests/affine_grid.py:85: Suite splitting in effect</skipped></testcase><testcase classname="src.pymortests.affine_grid" file="src/pymortests/affine_grid.py" line="85" name="test_jacobian_inverse_transposed_shape[&lt;lambda&gt;16]" time="0.0003936290740966797"><skipped message="Suite splitting in effect" type="pytest.skip">src/pymortests/affine_grid.py:85: Suite splitting in effect</skipped></testcase><testcase classname="src.pymortests.affine_grid" file="src/pymortests/affine_grid.py" line="85" name="test_jacobian_inverse_transposed_shape[&lt;lambda&gt;17]" time="0.0004353523254394531"><skipped message="Suite splitting in effect" type="pytest.skip">src/pymortests/affine_grid.py:85: Suite splitting in effect</skipped></testcase><testcase classname="src.pymortests.affine_grid" file="src/pymortests/affine_grid.py" line="85" name="test_jacobian_inverse_transposed_shape[&lt;lambda&gt;18]" time="0.0003879070281982422"><skipped message="Suite splitting in effect" type="pytest.skip">src/pymortests/affine_grid.py:85: Suite splitting in effect</skipped></testcase><testcase classname="src.pymortests.affine_grid" file="src/pymortests/affine_grid.py" line="85" name="test_jacobian_inverse_transposed_shape[&lt;lambda&gt;19]" time="0.0004100799560546875"><skipped message="Suite splitting in effect" type="pytest.skip">src/pymortests/affine_grid.py:85: Suite splitting in effect</skipped></testcase><testcase classname="src.pymortests.affine_grid" file="src/pymortests/affine_grid.py" line="85" name="test_jacobian_inverse_transposed_shape[&lt;lambda&gt;20]" time="0.0003998279571533203"><skipped message="Suite splitting in effect" type="pytest.skip">src/pymortests/affine_grid.py:85: Suite splitting in effect</skipped></testcase><testcase classname="src.pymortests.affine_grid" file="src/pymortests/affine_grid.py" line="85" name="test_jacobian_inverse_transposed_shape[&lt;lambda&gt;21]" time="0.0004222393035888672"><skipped message="Suite splitting in effect" type="pytest.skip">src/pymortests/affine_grid.py:85: Suite splitting in effect</skipped></testcase><testcase classname="src.pymortests.affine_grid" file="src/pymortests/affine_grid.py" line="85" name="test_jacobian_inverse_transposed_shape[&lt;lambda&gt;22]" time="0.0003886222839355469"><skipped message="Suite splitting in effect" type="pytest.skip">src/pymortests/affine_grid.py:85: Suite splitting in effect</skipped></testcase><testcase classname="src.pymortests.affine_grid" file="src/pymortests/affine_grid.py" line="85" name="test_jacobian_inverse_transposed_shape[&lt;lambda&gt;23]" time="0.0004105567932128906"><skipped message="Suite splitting in effect" type="pytest.skip">src/pymortests/affine_grid.py:85: Suite splitting in effect</skipped></testcase><testcase classname="src.pymortests.affine_grid" file="src/pymortests/affine_grid.py" line="85" name="test_jacobian_inverse_transposed_shape[&lt;lambda&gt;24]" time="0.0004181861877441406"><skipped message="Suite splitting in effect" type="pytest.skip">src/pymortests/affine_grid.py:85: Suite splitting in effect</skipped></testcase><testcase classname="src.pymortests.affine_grid" file="src/pymortests/affine_grid.py" line="85" name="test_jacobian_inverse_transposed_shape[&lt;lambda&gt;25]" time="0.0004150867462158203"><skipped message="Suite splitting in effect" type="pytest.skip">src/pymortests/affine_grid.py:85: Suite splitting in effect</skipped></testcase><testcase classname="src.pymortests.affine_grid" file="src/pymortests/affine_grid.py" line="85" name="test_jacobian_inverse_transposed_shape[&lt;lambda&gt;26]" time="0.0004107952117919922"><skipped message="Suite splitting in effect" type="pytest.skip">src/pymortests/affine_grid.py:85: Suite splitting in effect</skipped></testcase><testcase classname="src.pymortests.affine_grid" file="src/pymortests/affine_grid.py" line="85" name="test_jacobian_inverse_transposed_shape[&lt;lambda&gt;27]" time="0.0003972053527832031"><skipped message="Suite splitting in effect" type="pytest.skip">src/pymortests/affine_grid.py:85: Suite splitting in effect</skipped></testcase><testcase classname="src.pymortests.affine_grid" file="src/pymortests/affine_grid.py" line="85" name="test_jacobian_inverse_transposed_shape[&lt;lambda&gt;28]" time="0.00042128562927246094"><skipped message="Suite splitting in effect" type="pytest.skip">src/pymortests/affine_grid.py:85: Suite splitting in effect</skipped></testcase><testcase classname="src.pymortests.affine_grid" file="src/pymortests/affine_grid.py" line="85" name="test_jacobian_inverse_transposed_shape[&lt;lambda&gt;29]" time="0.000396728515625"><skipped message="Suite splitting in effect" type="pytest.skip">src/pymortests/affine_grid.py:85: Suite splitting in effect</skipped></testcase><testcase classname="src.pymortests.affine_grid" file="src/pymortests/affine_grid.py" line="85" name="test_jacobian_inverse_transposed_shape[&lt;lambda&gt;30]" time="0.00044226646423339844"><skipped message="Suite splitting in effect" type="pytest.skip">src/pymortests/affine_grid.py:85: Suite splitting in effect</skipped></testcase><testcase classname="src.pymortests.affine_grid" file="src/pymortests/affine_grid.py" line="85" name="test_jacobian_inverse_transposed_shape[&lt;lambda&gt;31]" time="0.00041484832763671875"><skipped message="Suite splitting in effect" type="pytest.skip">src/pymortests/affine_grid.py:85: Suite splitting in effect</skipped></testcase><testcase classname="src.pymortests.affine_grid" file="src/pymortests/affine_grid.py" line="85" name="test_jacobian_inverse_transposed_shape[&lt;lambda&gt;32]" time="0.0004031658172607422"><skipped message="Suite splitting in effect" type="pytest.skip">src/pymortests/affine_grid.py:85: Suite splitting in effect</skipped></testcase><testcase classname="src.pymortests.affine_grid" file="src/pymortests/affine_grid.py" line="85" name="test_jacobian_inverse_transposed_shape[&lt;lambda&gt;33]" time="0.00041985511779785156"><skipped message="Suite splitting in effect" type="pytest.skip">src/pymortests/affine_grid.py:85: Suite splitting in effect</skipped></testcase><testcase classname="src.pymortests.affine_grid" file="src/pymortests/affine_grid.py" line="85" name="test_jacobian_inverse_transposed_shape[&lt;lambda&gt;34]" time="0.0004146099090576172"><skipped message="Suite splitting in effect" type="pytest.skip">src/pymortests/affine_grid.py:85: Suite splitting in effect</skipped></testcase><testcase classname="src.pymortests.affine_grid" file="src/pymortests/affine_grid.py" line="85" name="test_jacobian_inverse_transposed_shape[&lt;lambda&gt;35]" time="0.0003886222839355469"><skipped message="Suite splitting in effect" type="pytest.skip">src/pymortests/affine_grid.py:85: Suite splitting in effect</skipped></testcase><testcase classname="src.pymortests.affine_grid" file="src/pymortests/affine_grid.py" line="85" name="test_jacobian_inverse_transposed_shape[&lt;lambda&gt;36]" time="0.00043511390686035156"><skipped message="Suite splitting in effect" type="pytest.skip">src/pymortests/affine_grid.py:85: Suite splitting in effect</skipped></testcase><testcase classname="src.pymortests.affine_grid" file="src/pymortests/affine_grid.py" line="85" name="test_jacobian_inverse_transposed_shape[&lt;lambda&gt;37]" time="0.0004165172576904297"><skipped message="Suite splitting in effect" type="pytest.skip">src/pymortests/affine_grid.py:85: Suite splitting in effect</skipped></testcase><testcase classname="src.pymortests.affine_grid" file="src/pymortests/affine_grid.py" line="85" name="test_jacobian_inverse_transposed_shape[&lt;lambda&gt;38]" time="0.0004093647003173828"><skipped message="Suite splitting in effect" type="pytest.skip">src/pymortests/affine_grid.py:85: Suite splitting in effect</skipped></testcase><testcase classname="src.pymortests.affine_grid" file="src/pymortests/affine_grid.py" line="85" name="test_jacobian_inverse_transposed_shape[&lt;lambda&gt;39]" time="0.00040459632873535156"><skipped message="Suite splitting in effect" type="pytest.skip">src/pymortests/affine_grid.py:85: Suite splitting in effect</skipped></testcase><testcase classname="src.pymortests.affine_grid" file="src/pymortests/affine_grid.py" line="85" name="test_jacobian_inverse_transposed_shape[&lt;lambda&gt;40]" time="0.00038814544677734375"><skipped message="Suite splitting in effect" type="pytest.skip">src/pymortests/affine_grid.py:85: Suite splitting in effect</skipped></testcase><testcase classname="src.pymortests.affine_grid" file="src/pymortests/affine_grid.py" line="85" name="test_jacobian_inverse_transposed_shape[&lt;lambda&gt;41]" time="0.00044798851013183594"><skipped message="Suite splitting in effect" type="pytest.skip">src/pymortests/affine_grid.py:85: Suite splitting in effect</skipped></testcase><testcase classname="src.pymortests.affine_grid" file="src/pymortests/affine_grid.py" line="85" name="test_jacobian_inverse_transposed_shape[&lt;lambda&gt;42]" time="0.00038433074951171875"><skipped message="Suite splitting in effect" type="pytest.skip">src/pymortests/affine_grid.py:85: Suite splitting in effect</skipped></testcase><testcase classname="src.pymortests.affine_grid" file="src/pymortests/affine_grid.py" line="91" name="test_jacobian_inverse_transposed_values[&lt;lambda&gt;0]" time="0.00042057037353515625"><skipped message="Suite splitting in effect" type="pytest.skip">src/pymortests/affine_grid.py:91: Suite splitting in effect</skipped></testcase><testcase classname="src.pymortests.affine_grid" file="src/pymortests/affine_grid.py" line="91" name="test_jacobian_inverse_transposed_values[&lt;lambda&gt;1]" time="0.00044035911560058594"><skipped message="Suite splitting in effect" type="pytest.skip">src/pymortests/affine_grid.py:91: Suite splitting in effect</skipped></testcase><testcase classname="src.pymortests.affine_grid" file="src/pymortests/affine_grid.py" line="91" name="test_jacobian_inverse_transposed_values[&lt;lambda&gt;2]" time="0.0004076957702636719"><skipped message="Suite splitting in effect" type="pytest.skip">src/pymortests/affine_grid.py:91: Suite splitting in effect</skipped></testcase><testcase classname="src.pymortests.affine_grid" file="src/pymortests/affine_grid.py" line="91" name="test_jacobian_inverse_transposed_values[&lt;lambda&gt;3]" time="0.0004138946533203125"><skipped message="Suite splitting in effect" type="pytest.skip">src/pymortests/affine_grid.py:91: Suite splitting in effect</skipped></testcase><testcase classname="src.pymortests.affine_grid" file="src/pymortests/affine_grid.py" line="91" name="test_jacobian_inverse_transposed_values[&lt;lambda&gt;4]" time="0.0004189014434814453"><skipped message="Suite splitting in effect" type="pytest.skip">src/pymortests/affine_grid.py:91: Suite splitting in effect</skipped></testcase><testcase classname="src.pymortests.affine_grid" file="src/pymortests/affine_grid.py" line="91" name="test_jacobian_inverse_transposed_values[&lt;lambda&gt;5]" time="0.00041866302490234375"><skipped message="Suite splitting in effect" type="pytest.skip">src/pymortests/affine_grid.py:91: Suite splitting in effect</skipped></testcase><testcase classname="src.pymortests.affine_grid" file="src/pymortests/affine_grid.py" line="91" name="test_jacobian_inverse_transposed_values[&lt;lambda&gt;6]" time="0.0004191398620605469"><skipped message="Suite splitting in effect" type="pytest.skip">src/pymortests/affine_grid.py:91: Suite splitting in effect</skipped></testcase><testcase classname="src.pymortests.affine_grid" file="src/pymortests/affine_grid.py" line="91" name="test_jacobian_inverse_transposed_values[&lt;lambda&gt;7]" time="0.0004436969757080078"><skipped message="Suite splitting in effect" type="pytest.skip">src/pymortests/affine_grid.py:91: Suite splitting in effect</skipped></testcase><testcase classname="src.pymortests.affine_grid" file="src/pymortests/affine_grid.py" line="91" name="test_jacobian_inverse_transposed_values[&lt;lambda&gt;8]" time="0.00041794776916503906"><skipped message="Suite splitting in effect" type="pytest.skip">src/pymortests/affine_grid.py:91: Suite splitting in effect</skipped></testcase><testcase classname="src.pymortests.affine_grid" file="src/pymortests/affine_grid.py" line="91" name="test_jacobian_inverse_transposed_values[&lt;lambda&gt;9]" time="0.00039649009704589844"><skipped message="Suite splitting in effect" type="pytest.skip">src/pymortests/affine_grid.py:91: Suite splitting in effect</skipped></testcase><testcase classname="src.pymortests.affine_grid" file="src/pymortests/affine_grid.py" line="91" name="test_jacobian_inverse_transposed_values[&lt;lambda&gt;10]" time="0.00041937828063964844"><skipped message="Suite splitting in effect" type="pytest.skip">src/pymortests/affine_grid.py:91: Suite splitting in effect</skipped></testcase><testcase classname="src.pymortests.affine_grid" file="src/pymortests/affine_grid.py" line="91" name="test_jacobian_inverse_transposed_values[&lt;lambda&gt;11]" time="0.0004305839538574219"><skipped message="Suite splitting in effect" type="pytest.skip">src/pymortests/affine_grid.py:91: Suite splitting in effect</skipped></testcase><testcase classname="src.pymortests.affine_grid" file="src/pymortests/affine_grid.py" line="91" name="test_jacobian_inverse_transposed_values[&lt;lambda&gt;12]" time="0.0004150867462158203"><skipped message="Suite splitting in effect" type="pytest.skip">src/pymortests/affine_grid.py:91: Suite splitting in effect</skipped></testcase><testcase classname="src.pymortests.affine_grid" file="src/pymortests/affine_grid.py" line="91" name="test_jacobian_inverse_transposed_values[&lt;lambda&gt;13]" time="0.0004050731658935547"><skipped message="Suite splitting in effect" type="pytest.skip">src/pymortests/affine_grid.py:91: Suite splitting in effect</skipped></testcase><testcase classname="src.pymortests.affine_grid" file="src/pymortests/affine_grid.py" line="91" name="test_jacobian_inverse_transposed_values[&lt;lambda&gt;14]" time="0.00039839744567871094"><skipped message="Suite splitting in effect" type="pytest.skip">src/pymortests/affine_grid.py:91: Suite splitting in effect</skipped></testcase><testcase classname="src.pymortests.affine_grid" file="src/pymortests/affine_grid.py" line="91" name="test_jacobian_inverse_transposed_values[&lt;lambda&gt;15]" time="0.0004107952117919922"><skipped message="Suite splitting in effect" type="pytest.skip">src/pymortests/affine_grid.py:91: Suite splitting in effect</skipped></testcase><testcase classname="src.pymortests.affine_grid" file="src/pymortests/affine_grid.py" line="91" name="test_jacobian_inverse_transposed_values[&lt;lambda&gt;16]" time="0.0003871917724609375"><skipped message="Suite splitting in effect" type="pytest.skip">src/pymortests/affine_grid.py:91: Suite splitting in effect</skipped></testcase><testcase classname="src.pymortests.affine_grid" file="src/pymortests/affine_grid.py" line="91" name="test_jacobian_inverse_transposed_values[&lt;lambda&gt;17]" time="0.000446319580078125"><skipped message="Suite splitting in effect" type="pytest.skip">src/pymortests/affine_grid.py:91: Suite splitting in effect</skipped></testcase><testcase classname="src.pymortests.affine_grid" file="src/pymortests/affine_grid.py" line="91" name="test_jacobian_inverse_transposed_values[&lt;lambda&gt;18]" time="0.00039696693420410156"><skipped message="Suite splitting in effect" type="pytest.skip">src/pymortests/affine_grid.py:91: Suite splitting in effect</skipped></testcase><testcase classname="src.pymortests.affine_grid" file="src/pymortests/affine_grid.py" line="91" name="test_jacobian_inverse_transposed_values[&lt;lambda&gt;19]" time="0.00045943260192871094"><skipped message="Suite splitting in effect" type="pytest.skip">src/pymortests/affine_grid.py:91: Suite splitting in effect</skipped></testcase><testcase classname="src.pymortests.affine_grid" file="src/pymortests/affine_grid.py" line="91" name="test_jacobian_inverse_transposed_values[&lt;lambda&gt;20]" time="0.0004513263702392578"><skipped message="Suite splitting in effect" type="pytest.skip">src/pymortests/affine_grid.py:91: Suite splitting in effect</skipped></testcase><testcase classname="src.pymortests.affine_grid" file="src/pymortests/affine_grid.py" line="91" name="test_jacobian_inverse_transposed_values[&lt;lambda&gt;21]" time="0.00040841102600097656"><skipped message="Suite splitting in effect" type="pytest.skip">src/pymortests/affine_grid.py:91: Suite splitting in effect</skipped></testcase><testcase classname="src.pymortests.affine_grid" file="src/pymortests/affine_grid.py" line="91" name="test_jacobian_inverse_transposed_values[&lt;lambda&gt;22]" time="0.00040268898010253906"><skipped message="Suite splitting in effect" type="pytest.skip">src/pymortests/affine_grid.py:91: Suite splitting in effect</skipped></testcase><testcase classname="src.pymortests.affine_grid" file="src/pymortests/affine_grid.py" line="91" name="test_jacobian_inverse_transposed_values[&lt;lambda&gt;23]" time="0.0004100799560546875"><skipped message="Suite splitting in effect" type="pytest.skip">src/pymortests/affine_grid.py:91: Suite splitting in effect</skipped></testcase><testcase classname="src.pymortests.affine_grid" file="src/pymortests/affine_grid.py" line="91" name="test_jacobian_inverse_transposed_values[&lt;lambda&gt;24]" time="0.0003933906555175781"><skipped message="Suite splitting in effect" type="pytest.skip">src/pymortests/affine_grid.py:91: Suite splitting in effect</skipped></testcase><testcase classname="src.pymortests.affine_grid" file="src/pymortests/affine_grid.py" line="91" name="test_jacobian_inverse_transposed_values[&lt;lambda&gt;25]" time="0.0004379749298095703"><skipped message="Suite splitting in effect" type="pytest.skip">src/pymortests/affine_grid.py:91: Suite splitting in effect</skipped></testcase><testcase classname="src.pymortests.affine_grid" file="src/pymortests/affine_grid.py" line="91" name="test_jacobian_inverse_transposed_values[&lt;lambda&gt;26]" time="0.0004200935363769531"><skipped message="Suite splitting in effect" type="pytest.skip">src/pymortests/affine_grid.py:91: Suite splitting in effect</skipped></testcase><testcase classname="src.pymortests.affine_grid" file="src/pymortests/affine_grid.py" line="91" name="test_jacobian_inverse_transposed_values[&lt;lambda&gt;27]" time="0.00041294097900390625"><skipped message="Suite splitting in effect" type="pytest.skip">src/pymortests/affine_grid.py:91: Suite splitting in effect</skipped></testcase><testcase classname="src.pymortests.affine_grid" file="src/pymortests/affine_grid.py" line="91" name="test_jacobian_inverse_transposed_values[&lt;lambda&gt;28]" time="0.0003962516784667969"><skipped message="Suite splitting in effect" type="pytest.skip">src/pymortests/affine_grid.py:91: Suite splitting in effect</skipped></testcase><testcase classname="src.pymortests.affine_grid" file="src/pymortests/affine_grid.py" line="91" name="test_jacobian_inverse_transposed_values[&lt;lambda&gt;29]" time="0.00040459632873535156"><skipped message="Suite splitting in effect" type="pytest.skip">src/pymortests/affine_grid.py:91: Suite splitting in effect</skipped></testcase><testcase classname="src.pymortests.affine_grid" file="src/pymortests/affine_grid.py" line="91" name="test_jacobian_inverse_transposed_values[&lt;lambda&gt;30]" time="0.00042939186096191406"><skipped message="Suite splitting in effect" type="pytest.skip">src/pymortests/affine_grid.py:91: Suite splitting in effect</skipped></testcase><testcase classname="src.pymortests.affine_grid" file="src/pymortests/affine_grid.py" line="91" name="test_jacobian_inverse_transposed_values[&lt;lambda&gt;31]" time="0.00038695335388183594"><skipped message="Suite splitting in effect" type="pytest.skip">src/pymortests/affine_grid.py:91: Suite splitting in effect</skipped></testcase><testcase classname="src.pymortests.affine_grid" file="src/pymortests/affine_grid.py" line="91" name="test_jacobian_inverse_transposed_values[&lt;lambda&gt;32]" time="0.0004324913024902344"><skipped message="Suite splitting in effect" type="pytest.skip">src/pymortests/affine_grid.py:91: Suite splitting in effect</skipped></testcase><testcase classname="src.pymortests.affine_grid" file="src/pymortests/affine_grid.py" line="91" name="test_jacobian_inverse_transposed_values[&lt;lambda&gt;33]" time="0.0004200935363769531"><skipped message="Suite splitting in effect" type="pytest.skip">src/pymortests/affine_grid.py:91: Suite splitting in effect</skipped></testcase><testcase classname="src.pymortests.affine_grid" file="src/pymortests/affine_grid.py" line="91" name="test_jacobian_inverse_transposed_values[&lt;lambda&gt;34]" time="0.00042748451232910156"><skipped message="Suite splitting in effect" type="pytest.skip">src/pymortests/affine_grid.py:91: Suite splitting in effect</skipped></testcase><testcase classname="src.pymortests.affine_grid" file="src/pymortests/affine_grid.py" line="91" name="test_jacobian_inverse_transposed_values[&lt;lambda&gt;35]" time="0.0004222393035888672"><skipped message="Suite splitting in effect" type="pytest.skip">src/pymortests/affine_grid.py:91: Suite splitting in effect</skipped></testcase><testcase classname="src.pymortests.affine_grid" file="src/pymortests/affine_grid.py" line="91" name="test_jacobian_inverse_transposed_values[&lt;lambda&gt;36]" time="0.0003921985626220703"><skipped message="Suite splitting in effect" type="pytest.skip">src/pymortests/affine_grid.py:91: Suite splitting in effect</skipped></testcase><testcase classname="src.pymortests.affine_grid" file="src/pymortests/affine_grid.py" line="91" name="test_jacobian_inverse_transposed_values[&lt;lambda&gt;37]" time="0.00039267539978027344"><skipped message="Suite splitting in effect" type="pytest.skip">src/pymortests/affine_grid.py:91: Suite splitting in effect</skipped></testcase><testcase classname="src.pymortests.affine_grid" file="src/pymortests/affine_grid.py" line="91" name="test_jacobian_inverse_transposed_values[&lt;lambda&gt;38]" time="0.00042939186096191406"><skipped message="Suite splitting in effect" type="pytest.skip">src/pymortests/affine_grid.py:91: Suite splitting in effect</skipped></testcase><testcase classname="src.pymortests.affine_grid" file="src/pymortests/affine_grid.py" line="91" name="test_jacobian_inverse_transposed_values[&lt;lambda&gt;39]" time="0.0003979206085205078"><skipped message="Suite splitting in effect" type="pytest.skip">src/pymortests/affine_grid.py:91: Suite splitting in effect</skipped></testcase><testcase classname="src.pymortests.affine_grid" file="src/pymortests/affine_grid.py" line="91" name="test_jacobian_inverse_transposed_values[&lt;lambda&gt;40]" time="0.00040149688720703125"><skipped message="Suite splitting in effect" type="pytest.skip">src/pymortests/affine_grid.py:91: Suite splitting in effect</skipped></testcase><testcase classname="src.pymortests.affine_grid" file="src/pymortests/affine_grid.py" line="91" name="test_jacobian_inverse_transposed_values[&lt;lambda&gt;41]" time="0.00048232078552246094"><skipped message="Suite splitting in effect" type="pytest.skip">src/pymortests/affine_grid.py:91: Suite splitting in effect</skipped></testcase><testcase classname="src.pymortests.affine_grid" file="src/pymortests/affine_grid.py" line="91" name="test_jacobian_inverse_transposed_values[&lt;lambda&gt;42]" time="0.000396728515625"><skipped message="Suite splitting in effect" type="pytest.skip">src/pymortests/affine_grid.py:91: Suite splitting in effect</skipped></testcase><testcase classname="src.pymortests.affine_grid" file="src/pymortests/affine_grid.py" line="100" name="test_integration_elements_wrong_arguments[&lt;lambda&gt;0]" time="0.00038504600524902344"><skipped message="Suite splitting in effect" type="pytest.skip">src/pymortests/affine_grid.py:100: Suite splitting in effect</skipped></testcase><testcase classname="src.pymortests.affine_grid" file="src/pymortests/affine_grid.py" line="100" name="test_integration_elements_wrong_arguments[&lt;lambda&gt;1]" time="0.0004093647003173828"><skipped message="Suite splitting in effect" type="pytest.skip">src/pymortests/affine_grid.py:100: Suite splitting in effect</skipped></testcase><testcase classname="src.pymortests.affine_grid" file="src/pymortests/affine_grid.py" line="100" name="test_integration_elements_wrong_arguments[&lt;lambda&gt;2]" time="0.00039196014404296875"><skipped message="Suite splitting in effect" type="pytest.skip">src/pymortests/affine_grid.py:100: Suite splitting in effect</skipped></testcase><testcase classname="src.pymortests.affine_grid" file="src/pymortests/affine_grid.py" line="100" name="test_integration_elements_wrong_arguments[&lt;lambda&gt;3]" time="0.0004229545593261719"><skipped message="Suite splitting in effect" type="pytest.skip">src/pymortests/affine_grid.py:100: Suite splitting in effect</skipped></testcase><testcase classname="src.pymortests.affine_grid" file="src/pymortests/affine_grid.py" line="100" name="test_integration_elements_wrong_arguments[&lt;lambda&gt;4]" time="0.00042247772216796875"><skipped message="Suite splitting in effect" type="pytest.skip">src/pymortests/affine_grid.py:100: Suite splitting in effect</skipped></testcase><testcase classname="src.pymortests.affine_grid" file="src/pymortests/affine_grid.py" line="100" name="test_integration_elements_wrong_arguments[&lt;lambda&gt;5]" time="0.0004096031188964844"><skipped message="Suite splitting in effect" type="pytest.skip">src/pymortests/affine_grid.py:100: Suite splitting in effect</skipped></testcase><testcase classname="src.pymortests.affine_grid" file="src/pymortests/affine_grid.py" line="100" name="test_integration_elements_wrong_arguments[&lt;lambda&gt;6]" time="0.0003857612609863281"><skipped message="Suite splitting in effect" type="pytest.skip">src/pymortests/affine_grid.py:100: Suite splitting in effect</skipped></testcase><testcase classname="src.pymortests.affine_grid" file="src/pymortests/affine_grid.py" line="100" name="test_integration_elements_wrong_arguments[&lt;lambda&gt;7]" time="0.0003981590270996094"><skipped message="Suite splitting in effect" type="pytest.skip">src/pymortests/affine_grid.py:100: Suite splitting in effect</skipped></testcase><testcase classname="src.pymortests.affine_grid" file="src/pymortests/affine_grid.py" line="100" name="test_integration_elements_wrong_arguments[&lt;lambda&gt;8]" time="0.0004286766052246094"><skipped message="Suite splitting in effect" type="pytest.skip">src/pymortests/affine_grid.py:100: Suite splitting in effect</skipped></testcase><testcase classname="src.pymortests.affine_grid" file="src/pymortests/affine_grid.py" line="100" name="test_integration_elements_wrong_arguments[&lt;lambda&gt;9]" time="0.0004153251647949219"><skipped message="Suite splitting in effect" type="pytest.skip">src/pymortests/affine_grid.py:100: Suite splitting in effect</skipped></testcase><testcase classname="src.pymortests.affine_grid" file="src/pymortests/affine_grid.py" line="100" name="test_integration_elements_wrong_arguments[&lt;lambda&gt;10]" time="0.00042128562927246094"><skipped message="Suite splitting in effect" type="pytest.skip">src/pymortests/affine_grid.py:100: Suite splitting in effect</skipped></testcase><testcase classname="src.pymortests.affine_grid" file="src/pymortests/affine_grid.py" line="100" name="test_integration_elements_wrong_arguments[&lt;lambda&gt;11]" time="0.0004405975341796875"><skipped message="Suite splitting in effect" type="pytest.skip">src/pymortests/affine_grid.py:100: Suite splitting in effect</skipped></testcase><testcase classname="src.pymortests.affine_grid" file="src/pymortests/affine_grid.py" line="100" name="test_integration_elements_wrong_arguments[&lt;lambda&gt;12]" time="0.00042748451232910156"><skipped message="Suite splitting in effect" type="pytest.skip">src/pymortests/affine_grid.py:100: Suite splitting in effect</skipped></testcase><testcase classname="src.pymortests.affine_grid" file="src/pymortests/affine_grid.py" line="100" name="test_integration_elements_wrong_arguments[&lt;lambda&gt;13]" time="0.00041031837463378906"><skipped message="Suite splitting in effect" type="pytest.skip">src/pymortests/affine_grid.py:100: Suite splitting in effect</skipped></testcase><testcase classname="src.pymortests.affine_grid" file="src/pymortests/affine_grid.py" line="100" name="test_integration_elements_wrong_arguments[&lt;lambda&gt;14]" time="0.0004298686981201172"><skipped message="Suite splitting in effect" type="pytest.skip">src/pymortests/affine_grid.py:100: Suite splitting in effect</skipped></testcase><testcase classname="src.pymortests.affine_grid" file="src/pymortests/affine_grid.py" line="100" name="test_integration_elements_wrong_arguments[&lt;lambda&gt;15]" time="0.0003886222839355469"><skipped message="Suite splitting in effect" type="pytest.skip">src/pymortests/affine_grid.py:100: Suite splitting in effect</skipped></testcase><testcase classname="src.pymortests.affine_grid" file="src/pymortests/affine_grid.py" line="100" name="test_integration_elements_wrong_arguments[&lt;lambda&gt;16]" time="0.00039958953857421875"><skipped message="Suite splitting in effect" type="pytest.skip">src/pymortests/affine_grid.py:100: Suite splitting in effect</skipped></testcase><testcase classname="src.pymortests.affine_grid" file="src/pymortests/affine_grid.py" line="100" name="test_integration_elements_wrong_arguments[&lt;lambda&gt;17]" time="0.0005030632019042969"><skipped message="Suite splitting in effect" type="pytest.skip">src/pymortests/affine_grid.py:100: Suite splitting in effect</skipped></testcase><testcase classname="src.pymortests.affine_grid" file="src/pymortests/affine_grid.py" line="100" name="test_integration_elements_wrong_arguments[&lt;lambda&gt;18]" time="0.00038909912109375"><skipped message="Suite splitting in effect" type="pytest.skip">src/pymortests/affine_grid.py:100: Suite splitting in effect</skipped></testcase><testcase classname="src.pymortests.affine_grid" file="src/pymortests/affine_grid.py" line="100" name="test_integration_elements_wrong_arguments[&lt;lambda&gt;19]" time="0.0004436969757080078"><skipped message="Suite splitting in effect" type="pytest.skip">src/pymortests/affine_grid.py:100: Suite splitting in effect</skipped></testcase><testcase classname="src.pymortests.affine_grid" file="src/pymortests/affine_grid.py" line="100" name="test_integration_elements_wrong_arguments[&lt;lambda&gt;20]" time="0.0004134178161621094"><skipped message="Suite splitting in effect" type="pytest.skip">src/pymortests/affine_grid.py:100: Suite splitting in effect</skipped></testcase><testcase classname="src.pymortests.affine_grid" file="src/pymortests/affine_grid.py" line="100" name="test_integration_elements_wrong_arguments[&lt;lambda&gt;21]" time="0.0004036426544189453"><skipped message="Suite splitting in effect" type="pytest.skip">src/pymortests/affine_grid.py:100: Suite splitting in effect</skipped></testcase><testcase classname="src.pymortests.affine_grid" file="src/pymortests/affine_grid.py" line="100" name="test_integration_elements_wrong_arguments[&lt;lambda&gt;22]" time="0.0004382133483886719"><skipped message="Suite splitting in effect" type="pytest.skip">src/pymortests/affine_grid.py:100: Suite splitting in effect</skipped></testcase><testcase classname="src.pymortests.affine_grid" file="src/pymortests/affine_grid.py" line="100" name="test_integration_elements_wrong_arguments[&lt;lambda&gt;23]" time="0.0003845691680908203"><skipped message="Suite splitting in effect" type="pytest.skip">src/pymortests/affine_grid.py:100: Suite splitting in effect</skipped></testcase><testcase classname="src.pymortests.affine_grid" file="src/pymortests/affine_grid.py" line="100" name="test_integration_elements_wrong_arguments[&lt;lambda&gt;24]" time="0.0003886222839355469"><skipped message="Suite splitting in effect" type="pytest.skip">src/pymortests/affine_grid.py:100: Suite splitting in effect</skipped></testcase><testcase classname="src.pymortests.affine_grid" file="src/pymortests/affine_grid.py" line="100" name="test_integration_elements_wrong_arguments[&lt;lambda&gt;25]" time="0.00040650367736816406"><skipped message="Suite splitting in effect" type="pytest.skip">src/pymortests/affine_grid.py:100: Suite splitting in effect</skipped></testcase><testcase classname="src.pymortests.affine_grid" file="src/pymortests/affine_grid.py" line="100" name="test_integration_elements_wrong_arguments[&lt;lambda&gt;26]" time="0.0004239082336425781"><skipped message="Suite splitting in effect" type="pytest.skip">src/pymortests/affine_grid.py:100: Suite splitting in effect</skipped></testcase><testcase classname="src.pymortests.affine_grid" file="src/pymortests/affine_grid.py" line="100" name="test_integration_elements_wrong_arguments[&lt;lambda&gt;27]" time="0.0004506111145019531"><skipped message="Suite splitting in effect" type="pytest.skip">src/pymortests/affine_grid.py:100: Suite splitting in effect</skipped></testcase><testcase classname="src.pymortests.affine_grid" file="src/pymortests/affine_grid.py" line="100" name="test_integration_elements_wrong_arguments[&lt;lambda&gt;28]" time="0.00046253204345703125"><skipped message="Suite splitting in effect" type="pytest.skip">src/pymortests/affine_grid.py:100: Suite splitting in effect</skipped></testcase><testcase classname="src.pymortests.affine_grid" file="src/pymortests/affine_grid.py" line="100" name="test_integration_elements_wrong_arguments[&lt;lambda&gt;29]" time="0.0004119873046875"><skipped message="Suite splitting in effect" type="pytest.skip">src/pymortests/affine_grid.py:100: Suite splitting in effect</skipped></testcase><testcase classname="src.pymortests.affine_grid" file="src/pymortests/affine_grid.py" line="100" name="test_integration_elements_wrong_arguments[&lt;lambda&gt;30]" time="0.0006909370422363281"><skipped message="Suite splitting in effect" type="pytest.skip">src/pymortests/affine_grid.py:100: Suite splitting in effect</skipped></testcase><testcase classname="src.pymortests.affine_grid" file="src/pymortests/affine_grid.py" line="100" name="test_integration_elements_wrong_arguments[&lt;lambda&gt;31]" time="0.0004200935363769531"><skipped message="Suite splitting in effect" type="pytest.skip">src/pymortests/affine_grid.py:100: Suite splitting in effect</skipped></testcase><testcase classname="src.pymortests.affine_grid" file="src/pymortests/affine_grid.py" line="100" name="test_integration_elements_wrong_arguments[&lt;lambda&gt;32]" time="0.0004296302795410156"><skipped message="Suite splitting in effect" type="pytest.skip">src/pymortests/affine_grid.py:100: Suite splitting in effect</skipped></testcase><testcase classname="src.pymortests.affine_grid" file="src/pymortests/affine_grid.py" line="100" name="test_integration_elements_wrong_arguments[&lt;lambda&gt;33]" time="0.00041604042053222656"><skipped message="Suite splitting in effect" type="pytest.skip">src/pymortests/affine_grid.py:100: Suite splitting in effect</skipped></testcase><testcase classname="src.pymortests.affine_grid" file="src/pymortests/affine_grid.py" line="100" name="test_integration_elements_wrong_arguments[&lt;lambda&gt;34]" time="0.00041937828063964844"><skipped message="Suite splitting in effect" type="pytest.skip">src/pymortests/affine_grid.py:100: Suite splitting in effect</skipped></testcase><testcase classname="src.pymortests.affine_grid" file="src/pymortests/affine_grid.py" line="100" name="test_integration_elements_wrong_arguments[&lt;lambda&gt;35]" time="0.00040793418884277344"><skipped message="Suite splitting in effect" type="pytest.skip">src/pymortests/affine_grid.py:100: Suite splitting in effect</skipped></testcase><testcase classname="src.pymortests.affine_grid" file="src/pymortests/affine_grid.py" line="100" name="test_integration_elements_wrong_arguments[&lt;lambda&gt;36]" time="0.0004131793975830078"><skipped message="Suite splitting in effect" type="pytest.skip">src/pymortests/affine_grid.py:100: Suite splitting in effect</skipped></testcase><testcase classname="src.pymortests.affine_grid" file="src/pymortests/affine_grid.py" line="100" name="test_integration_elements_wrong_arguments[&lt;lambda&gt;37]" time="0.0004100799560546875"><skipped message="Suite splitting in effect" type="pytest.skip">src/pymortests/affine_grid.py:100: Suite splitting in effect</skipped></testcase><testcase classname="src.pymortests.affine_grid" file="src/pymortests/affine_grid.py" line="100" name="test_integration_elements_wrong_arguments[&lt;lambda&gt;38]" time="0.0004448890686035156"><skipped message="Suite splitting in effect" type="pytest.skip">src/pymortests/affine_grid.py:100: Suite splitting in effect</skipped></testcase><testcase classname="src.pymortests.affine_grid" file="src/pymortests/affine_grid.py" line="100" name="test_integration_elements_wrong_arguments[&lt;lambda&gt;39]" time="0.0004019737243652344"><skipped message="Suite splitting in effect" type="pytest.skip">src/pymortests/affine_grid.py:100: Suite splitting in effect</skipped></testcase><testcase classname="src.pymortests.affine_grid" file="src/pymortests/affine_grid.py" line="100" name="test_integration_elements_wrong_arguments[&lt;lambda&gt;40]" time="0.0004153251647949219"><skipped message="Suite splitting in effect" type="pytest.skip">src/pymortests/affine_grid.py:100: Suite splitting in effect</skipped></testcase><testcase classname="src.pymortests.affine_grid" file="src/pymortests/affine_grid.py" line="100" name="test_integration_elements_wrong_arguments[&lt;lambda&gt;41]" time="0.00041174888610839844"><skipped message="Suite splitting in effect" type="pytest.skip">src/pymortests/affine_grid.py:100: Suite splitting in effect</skipped></testcase><testcase classname="src.pymortests.affine_grid" file="src/pymortests/affine_grid.py" line="100" name="test_integration_elements_wrong_arguments[&lt;lambda&gt;42]" time="0.00040149688720703125"><skipped message="Suite splitting in effect" type="pytest.skip">src/pymortests/affine_grid.py:100: Suite splitting in effect</skipped></testcase><testcase classname="src.pymortests.affine_grid" file="src/pymortests/affine_grid.py" line="108" name="test_integration_elements_shape[&lt;lambda&gt;0]" time="0.0004458427429199219"><skipped message="Suite splitting in effect" type="pytest.skip">src/pymortests/affine_grid.py:108: Suite splitting in effect</skipped></testcase><testcase classname="src.pymortests.affine_grid" file="src/pymortests/affine_grid.py" line="108" name="test_integration_elements_shape[&lt;lambda&gt;1]" time="0.00044608116149902344"><skipped message="Suite splitting in effect" type="pytest.skip">src/pymortests/affine_grid.py:108: Suite splitting in effect</skipped></testcase><testcase classname="src.pymortests.affine_grid" file="src/pymortests/affine_grid.py" line="108" name="test_integration_elements_shape[&lt;lambda&gt;2]" time="0.0006830692291259766"><skipped message="Suite splitting in effect" type="pytest.skip">src/pymortests/affine_grid.py:108: Suite splitting in effect</skipped></testcase><testcase classname="src.pymortests.affine_grid" file="src/pymortests/affine_grid.py" line="108" name="test_integration_elements_shape[&lt;lambda&gt;3]" time="0.0004506111145019531"><skipped message="Suite splitting in effect" type="pytest.skip">src/pymortests/affine_grid.py:108: Suite splitting in effect</skipped></testcase><testcase classname="src.pymortests.affine_grid" file="src/pymortests/affine_grid.py" line="108" name="test_integration_elements_shape[&lt;lambda&gt;4]" time="0.0003879070281982422"><skipped message="Suite splitting in effect" type="pytest.skip">src/pymortests/affine_grid.py:108: Suite splitting in effect</skipped></testcase><testcase classname="src.pymortests.affine_grid" file="src/pymortests/affine_grid.py" line="108" name="test_integration_elements_shape[&lt;lambda&gt;5]" time="0.0003905296325683594"><skipped message="Suite splitting in effect" type="pytest.skip">src/pymortests/affine_grid.py:108: Suite splitting in effect</skipped></testcase><testcase classname="src.pymortests.affine_grid" file="src/pymortests/affine_grid.py" line="108" name="test_integration_elements_shape[&lt;lambda&gt;6]" time="0.0003986358642578125"><skipped message="Suite splitting in effect" type="pytest.skip">src/pymortests/affine_grid.py:108: Suite splitting in effect</skipped></testcase><testcase classname="src.pymortests.affine_grid" file="src/pymortests/affine_grid.py" line="108" name="test_integration_elements_shape[&lt;lambda&gt;7]" time="0.0004208087921142578"><skipped message="Suite splitting in effect" type="pytest.skip">src/pymortests/affine_grid.py:108: Suite splitting in effect</skipped></testcase><testcase classname="src.pymortests.affine_grid" file="src/pymortests/affine_grid.py" line="108" name="test_integration_elements_shape[&lt;lambda&gt;8]" time="0.0004038810729980469"><skipped message="Suite splitting in effect" type="pytest.skip">src/pymortests/affine_grid.py:108: Suite splitting in effect</skipped></testcase><testcase classname="src.pymortests.affine_grid" file="src/pymortests/affine_grid.py" line="108" name="test_integration_elements_shape[&lt;lambda&gt;9]" time="0.00041103363037109375"><skipped message="Suite splitting in effect" type="pytest.skip">src/pymortests/affine_grid.py:108: Suite splitting in effect</skipped></testcase><testcase classname="src.pymortests.affine_grid" file="src/pymortests/affine_grid.py" line="108" name="test_integration_elements_shape[&lt;lambda&gt;10]" time="0.0004088878631591797"><skipped message="Suite splitting in effect" type="pytest.skip">src/pymortests/affine_grid.py:108: Suite splitting in effect</skipped></testcase><testcase classname="src.pymortests.affine_grid" file="src/pymortests/affine_grid.py" line="108" name="test_integration_elements_shape[&lt;lambda&gt;11]" time="0.00040411949157714844"><skipped message="Suite splitting in effect" type="pytest.skip">src/pymortests/affine_grid.py:108: Suite splitting in effect</skipped></testcase><testcase classname="src.pymortests.affine_grid" file="src/pymortests/affine_grid.py" line="108" name="test_integration_elements_shape[&lt;lambda&gt;12]" time="0.0003991127014160156"><skipped message="Suite splitting in effect" type="pytest.skip">src/pymortests/affine_grid.py:108: Suite splitting in effect</skipped></testcase><testcase classname="src.pymortests.affine_grid" file="src/pymortests/affine_grid.py" line="108" name="test_integration_elements_shape[&lt;lambda&gt;13]" time="0.00040221214294433594"><skipped message="Suite splitting in effect" type="pytest.skip">src/pymortests/affine_grid.py:108: Suite splitting in effect</skipped></testcase><testcase classname="src.pymortests.affine_grid" file="src/pymortests/affine_grid.py" line="108" name="test_integration_elements_shape[&lt;lambda&gt;14]" time="0.0003902912139892578"><skipped message="Suite splitting in effect" type="pytest.skip">src/pymortests/affine_grid.py:108: Suite splitting in effect</skipped></testcase><testcase classname="src.pymortests.affine_grid" file="src/pymortests/affine_grid.py" line="108" name="test_integration_elements_shape[&lt;lambda&gt;15]" time="0.0004184246063232422"><skipped message="Suite splitting in effect" type="pytest.skip">src/pymortests/affine_grid.py:108: Suite splitting in effect</skipped></testcase><testcase classname="src.pymortests.affine_grid" file="src/pymortests/affine_grid.py" line="108" name="test_integration_elements_shape[&lt;lambda&gt;16]" time="0.00044083595275878906"><skipped message="Suite splitting in effect" type="pytest.skip">src/pymortests/affine_grid.py:108: Suite splitting in effect</skipped></testcase><testcase classname="src.pymortests.affine_grid" file="src/pymortests/affine_grid.py" line="108" name="test_integration_elements_shape[&lt;lambda&gt;17]" time="0.0003943443298339844"><skipped message="Suite splitting in effect" type="pytest.skip">src/pymortests/affine_grid.py:108: Suite splitting in effect</skipped></testcase><testcase classname="src.pymortests.affine_grid" file="src/pymortests/affine_grid.py" line="108" name="test_integration_elements_shape[&lt;lambda&gt;18]" time="0.0007367134094238281"><skipped message="Suite splitting in effect" type="pytest.skip">src/pymortests/affine_grid.py:108: Suite splitting in effect</skipped></testcase><testcase classname="src.pymortests.affine_grid" file="src/pymortests/affine_grid.py" line="108" name="test_integration_elements_shape[&lt;lambda&gt;19]" time="0.00041031837463378906"><skipped message="Suite splitting in effect" type="pytest.skip">src/pymortests/affine_grid.py:108: Suite splitting in effect</skipped></testcase><testcase classname="src.pymortests.affine_grid" file="src/pymortests/affine_grid.py" line="108" name="test_integration_elements_shape[&lt;lambda&gt;20]" time="0.0004425048828125"><skipped message="Suite splitting in effect" type="pytest.skip">src/pymortests/affine_grid.py:108: Suite splitting in effect</skipped></testcase><testcase classname="src.pymortests.affine_grid" file="src/pymortests/affine_grid.py" line="108" name="test_integration_elements_shape[&lt;lambda&gt;21]" time="0.00040602684020996094"><skipped message="Suite splitting in effect" type="pytest.skip">src/pymortests/affine_grid.py:108: Suite splitting in effect</skipped></testcase><testcase classname="src.pymortests.affine_grid" file="src/pymortests/affine_grid.py" line="108" name="test_integration_elements_shape[&lt;lambda&gt;22]" time="0.0003826618194580078"><skipped message="Suite splitting in effect" type="pytest.skip">src/pymortests/affine_grid.py:108: Suite splitting in effect</skipped></testcase><testcase classname="src.pymortests.affine_grid" file="src/pymortests/affine_grid.py" line="108" name="test_integration_elements_shape[&lt;lambda&gt;23]" time="0.00038433074951171875"><skipped message="Suite splitting in effect" type="pytest.skip">src/pymortests/affine_grid.py:108: Suite splitting in effect</skipped></testcase><testcase classname="src.pymortests.affine_grid" file="src/pymortests/affine_grid.py" line="108" name="test_integration_elements_shape[&lt;lambda&gt;24]" time="0.00041556358337402344"><skipped message="Suite splitting in effect" type="pytest.skip">src/pymortests/affine_grid.py:108: Suite splitting in effect</skipped></testcase><testcase classname="src.pymortests.affine_grid" file="src/pymortests/affine_grid.py" line="108" name="test_integration_elements_shape[&lt;lambda&gt;25]" time="0.0004248619079589844"><skipped message="Suite splitting in effect" type="pytest.skip">src/pymortests/affine_grid.py:108: Suite splitting in effect</skipped></testcase><testcase classname="src.pymortests.affine_grid" file="src/pymortests/affine_grid.py" line="108" name="test_integration_elements_shape[&lt;lambda&gt;26]" time="0.00038695335388183594"><skipped message="Suite splitting in effect" type="pytest.skip">src/pymortests/affine_grid.py:108: Suite splitting in effect</skipped></testcase><testcase classname="src.pymortests.affine_grid" file="src/pymortests/affine_grid.py" line="108" name="test_integration_elements_shape[&lt;lambda&gt;27]" time="0.0004096031188964844"><skipped message="Suite splitting in effect" type="pytest.skip">src/pymortests/affine_grid.py:108: Suite splitting in effect</skipped></testcase><testcase classname="src.pymortests.affine_grid" file="src/pymortests/affine_grid.py" line="108" name="test_integration_elements_shape[&lt;lambda&gt;28]" time="0.00040459632873535156"><skipped message="Suite splitting in effect" type="pytest.skip">src/pymortests/affine_grid.py:108: Suite splitting in effect</skipped></testcase><testcase classname="src.pymortests.affine_grid" file="src/pymortests/affine_grid.py" line="108" name="test_integration_elements_shape[&lt;lambda&gt;29]" time="0.0003941059112548828"><skipped message="Suite splitting in effect" type="pytest.skip">src/pymortests/affine_grid.py:108: Suite splitting in effect</skipped></testcase><testcase classname="src.pymortests.affine_grid" file="src/pymortests/affine_grid.py" line="108" name="test_integration_elements_shape[&lt;lambda&gt;30]" time="0.00042247772216796875"><skipped message="Suite splitting in effect" type="pytest.skip">src/pymortests/affine_grid.py:108: Suite splitting in effect</skipped></testcase><testcase classname="src.pymortests.affine_grid" file="src/pymortests/affine_grid.py" line="108" name="test_integration_elements_shape[&lt;lambda&gt;31]" time="0.0003826618194580078"><skipped message="Suite splitting in effect" type="pytest.skip">src/pymortests/affine_grid.py:108: Suite splitting in effect</skipped></testcase><testcase classname="src.pymortests.affine_grid" file="src/pymortests/affine_grid.py" line="108" name="test_integration_elements_shape[&lt;lambda&gt;32]" time="0.0004057884216308594"><skipped message="Suite splitting in effect" type="pytest.skip">src/pymortests/affine_grid.py:108: Suite splitting in effect</skipped></testcase><testcase classname="src.pymortests.affine_grid" file="src/pymortests/affine_grid.py" line="108" name="test_integration_elements_shape[&lt;lambda&gt;33]" time="0.0004184246063232422"><skipped message="Suite splitting in effect" type="pytest.skip">src/pymortests/affine_grid.py:108: Suite splitting in effect</skipped></testcase><testcase classname="src.pymortests.affine_grid" file="src/pymortests/affine_grid.py" line="108" name="test_integration_elements_shape[&lt;lambda&gt;34]" time="0.00043129920959472656"><skipped message="Suite splitting in effect" type="pytest.skip">src/pymortests/affine_grid.py:108: Suite splitting in effect</skipped></testcase><testcase classname="src.pymortests.affine_grid" file="src/pymortests/affine_grid.py" line="108" name="test_integration_elements_shape[&lt;lambda&gt;35]" time="0.0004203319549560547"><skipped message="Suite splitting in effect" type="pytest.skip">src/pymortests/affine_grid.py:108: Suite splitting in effect</skipped></testcase><testcase classname="src.pymortests.affine_grid" file="src/pymortests/affine_grid.py" line="108" name="test_integration_elements_shape[&lt;lambda&gt;36]" time="0.0004127025604248047"><skipped message="Suite splitting in effect" type="pytest.skip">src/pymortests/affine_grid.py:108: Suite splitting in effect</skipped></testcase><testcase classname="src.pymortests.affine_grid" file="src/pymortests/affine_grid.py" line="108" name="test_integration_elements_shape[&lt;lambda&gt;37]" time="0.0004127025604248047"><skipped message="Suite splitting in effect" type="pytest.skip">src/pymortests/affine_grid.py:108: Suite splitting in effect</skipped></testcase><testcase classname="src.pymortests.affine_grid" file="src/pymortests/affine_grid.py" line="108" name="test_integration_elements_shape[&lt;lambda&gt;38]" time="0.0005736351013183594"><skipped message="Suite splitting in effect" type="pytest.skip">src/pymortests/affine_grid.py:108: Suite splitting in effect</skipped></testcase><testcase classname="src.pymortests.affine_grid" file="src/pymortests/affine_grid.py" line="108" name="test_integration_elements_shape[&lt;lambda&gt;39]" time="0.00041365623474121094"><skipped message="Suite splitting in effect" type="pytest.skip">src/pymortests/affine_grid.py:108: Suite splitting in effect</skipped></testcase><testcase classname="src.pymortests.affine_grid" file="src/pymortests/affine_grid.py" line="108" name="test_integration_elements_shape[&lt;lambda&gt;40]" time="0.0004210472106933594"><skipped message="Suite splitting in effect" type="pytest.skip">src/pymortests/affine_grid.py:108: Suite splitting in effect</skipped></testcase><testcase classname="src.pymortests.affine_grid" file="src/pymortests/affine_grid.py" line="108" name="test_integration_elements_shape[&lt;lambda&gt;41]" time="0.000400543212890625"><skipped message="Suite splitting in effect" type="pytest.skip">src/pymortests/affine_grid.py:108: Suite splitting in effect</skipped></testcase><testcase classname="src.pymortests.affine_grid" file="src/pymortests/affine_grid.py" line="108" name="test_integration_elements_shape[&lt;lambda&gt;42]" time="0.0004420280456542969"><skipped message="Suite splitting in effect" type="pytest.skip">src/pymortests/affine_grid.py:108: Suite splitting in effect</skipped></testcase><testcase classname="src.pymortests.affine_grid" file="src/pymortests/affine_grid.py" line="114" name="test_integration_elements_values[&lt;lambda&gt;0]" time="0.00040912628173828125"><skipped message="Suite splitting in effect" type="pytest.skip">src/pymortests/affine_grid.py:114: Suite splitting in effect</skipped></testcase><testcase classname="src.pymortests.affine_grid" file="src/pymortests/affine_grid.py" line="114" name="test_integration_elements_values[&lt;lambda&gt;1]" time="0.00039005279541015625"><skipped message="Suite splitting in effect" type="pytest.skip">src/pymortests/affine_grid.py:114: Suite splitting in effect</skipped></testcase><testcase classname="src.pymortests.affine_grid" file="src/pymortests/affine_grid.py" line="114" name="test_integration_elements_values[&lt;lambda&gt;2]" time="0.00039196014404296875"><skipped message="Suite splitting in effect" type="pytest.skip">src/pymortests/affine_grid.py:114: Suite splitting in effect</skipped></testcase><testcase classname="src.pymortests.affine_grid" file="src/pymortests/affine_grid.py" line="114" name="test_integration_elements_values[&lt;lambda&gt;3]" time="0.0003960132598876953"><skipped message="Suite splitting in effect" type="pytest.skip">src/pymortests/affine_grid.py:114: Suite splitting in effect</skipped></testcase><testcase classname="src.pymortests.affine_grid" file="src/pymortests/affine_grid.py" line="114" name="test_integration_elements_values[&lt;lambda&gt;4]" time="0.0004050731658935547"><skipped message="Suite splitting in effect" type="pytest.skip">src/pymortests/affine_grid.py:114: Suite splitting in effect</skipped></testcase><testcase classname="src.pymortests.affine_grid" file="src/pymortests/affine_grid.py" line="114" name="test_integration_elements_values[&lt;lambda&gt;5]" time="0.0004131793975830078"><skipped message="Suite splitting in effect" type="pytest.skip">src/pymortests/affine_grid.py:114: Suite splitting in effect</skipped></testcase><testcase classname="src.pymortests.affine_grid" file="src/pymortests/affine_grid.py" line="114" name="test_integration_elements_values[&lt;lambda&gt;6]" time="0.0004112720489501953"><skipped message="Suite splitting in effect" type="pytest.skip">src/pymortests/affine_grid.py:114: Suite splitting in effect</skipped></testcase><testcase classname="src.pymortests.affine_grid" file="src/pymortests/affine_grid.py" line="114" name="test_integration_elements_values[&lt;lambda&gt;7]" time="0.0003910064697265625"><skipped message="Suite splitting in effect" type="pytest.skip">src/pymortests/affine_grid.py:114: Suite splitting in effect</skipped></testcase><testcase classname="src.pymortests.affine_grid" file="src/pymortests/affine_grid.py" line="114" name="test_integration_elements_values[&lt;lambda&gt;8]" time="0.0004322528839111328"><skipped message="Suite splitting in effect" type="pytest.skip">src/pymortests/affine_grid.py:114: Suite splitting in effect</skipped></testcase><testcase classname="src.pymortests.affine_grid" file="src/pymortests/affine_grid.py" line="114" name="test_integration_elements_values[&lt;lambda&gt;9]" time="0.0004181861877441406"><skipped message="Suite splitting in effect" type="pytest.skip">src/pymortests/affine_grid.py:114: Suite splitting in effect</skipped></testcase><testcase classname="src.pymortests.affine_grid" file="src/pymortests/affine_grid.py" line="114" name="test_integration_elements_values[&lt;lambda&gt;10]" time="0.0004062652587890625"><skipped message="Suite splitting in effect" type="pytest.skip">src/pymortests/affine_grid.py:114: Suite splitting in effect</skipped></testcase><testcase classname="src.pymortests.affine_grid" file="src/pymortests/affine_grid.py" line="114" name="test_integration_elements_values[&lt;lambda&gt;11]" time="0.00039005279541015625"><skipped message="Suite splitting in effect" type="pytest.skip">src/pymortests/affine_grid.py:114: Suite splitting in effect</skipped></testcase><testcase classname="src.pymortests.affine_grid" file="src/pymortests/affine_grid.py" line="114" name="test_integration_elements_values[&lt;lambda&gt;12]" time="0.0003848075866699219"><skipped message="Suite splitting in effect" type="pytest.skip">src/pymortests/affine_grid.py:114: Suite splitting in effect</skipped></testcase><testcase classname="src.pymortests.affine_grid" file="src/pymortests/affine_grid.py" line="114" name="test_integration_elements_values[&lt;lambda&gt;13]" time="0.00039696693420410156"><skipped message="Suite splitting in effect" type="pytest.skip">src/pymortests/affine_grid.py:114: Suite splitting in effect</skipped></testcase><testcase classname="src.pymortests.affine_grid" file="src/pymortests/affine_grid.py" line="114" name="test_integration_elements_values[&lt;lambda&gt;14]" time="0.0004169940948486328"><skipped message="Suite splitting in effect" type="pytest.skip">src/pymortests/affine_grid.py:114: Suite splitting in effect</skipped></testcase><testcase classname="src.pymortests.affine_grid" file="src/pymortests/affine_grid.py" line="114" name="test_integration_elements_values[&lt;lambda&gt;15]" time="0.00040268898010253906"><skipped message="Suite splitting in effect" type="pytest.skip">src/pymortests/affine_grid.py:114: Suite splitting in effect</skipped></testcase><testcase classname="src.pymortests.affine_grid" file="src/pymortests/affine_grid.py" line="114" name="test_integration_elements_values[&lt;lambda&gt;16]" time="0.0003845691680908203"><skipped message="Suite splitting in effect" type="pytest.skip">src/pymortests/affine_grid.py:114: Suite splitting in effect</skipped></testcase><testcase classname="src.pymortests.affine_grid" file="src/pymortests/affine_grid.py" line="114" name="test_integration_elements_values[&lt;lambda&gt;17]" time="0.0003962516784667969"><skipped message="Suite splitting in effect" type="pytest.skip">src/pymortests/affine_grid.py:114: Suite splitting in effect</skipped></testcase><testcase classname="src.pymortests.affine_grid" file="src/pymortests/affine_grid.py" line="114" name="test_integration_elements_values[&lt;lambda&gt;18]" time="0.0003914833068847656"><skipped message="Suite splitting in effect" type="pytest.skip">src/pymortests/affine_grid.py:114: Suite splitting in effect</skipped></testcase><testcase classname="src.pymortests.affine_grid" file="src/pymortests/affine_grid.py" line="114" name="test_integration_elements_values[&lt;lambda&gt;19]" time="0.0004558563232421875"><skipped message="Suite splitting in effect" type="pytest.skip">src/pymortests/affine_grid.py:114: Suite splitting in effect</skipped></testcase><testcase classname="src.pymortests.affine_grid" file="src/pymortests/affine_grid.py" line="114" name="test_integration_elements_values[&lt;lambda&gt;20]" time="0.0004143714904785156"><skipped message="Suite splitting in effect" type="pytest.skip">src/pymortests/affine_grid.py:114: Suite splitting in effect</skipped></testcase><testcase classname="src.pymortests.affine_grid" file="src/pymortests/affine_grid.py" line="114" name="test_integration_elements_values[&lt;lambda&gt;21]" time="0.00040602684020996094"><skipped message="Suite splitting in effect" type="pytest.skip">src/pymortests/affine_grid.py:114: Suite splitting in effect</skipped></testcase><testcase classname="src.pymortests.affine_grid" file="src/pymortests/affine_grid.py" line="114" name="test_integration_elements_values[&lt;lambda&gt;22]" time="0.00042319297790527344"><skipped message="Suite splitting in effect" type="pytest.skip">src/pymortests/affine_grid.py:114: Suite splitting in effect</skipped></testcase><testcase classname="src.pymortests.affine_grid" file="src/pymortests/affine_grid.py" line="114" name="test_integration_elements_values[&lt;lambda&gt;23]" time="0.0004017353057861328"><skipped message="Suite splitting in effect" type="pytest.skip">src/pymortests/affine_grid.py:114: Suite splitting in effect</skipped></testcase><testcase classname="src.pymortests.affine_grid" file="src/pymortests/affine_grid.py" line="114" name="test_integration_elements_values[&lt;lambda&gt;24]" time="0.00039196014404296875"><skipped message="Suite splitting in effect" type="pytest.skip">src/pymortests/affine_grid.py:114: Suite splitting in effect</skipped></testcase><testcase classname="src.pymortests.affine_grid" file="src/pymortests/affine_grid.py" line="114" name="test_integration_elements_values[&lt;lambda&gt;25]" time="0.00041103363037109375"><skipped message="Suite splitting in effect" type="pytest.skip">src/pymortests/affine_grid.py:114: Suite splitting in effect</skipped></testcase><testcase classname="src.pymortests.affine_grid" file="src/pymortests/affine_grid.py" line="114" name="test_integration_elements_values[&lt;lambda&gt;26]" time="0.0004134178161621094"><skipped message="Suite splitting in effect" type="pytest.skip">src/pymortests/affine_grid.py:114: Suite splitting in effect</skipped></testcase><testcase classname="src.pymortests.affine_grid" file="src/pymortests/affine_grid.py" line="114" name="test_integration_elements_values[&lt;lambda&gt;27]" time="0.0004067420959472656"><skipped message="Suite splitting in effect" type="pytest.skip">src/pymortests/affine_grid.py:114: Suite splitting in effect</skipped></testcase><testcase classname="src.pymortests.affine_grid" file="src/pymortests/affine_grid.py" line="114" name="test_integration_elements_values[&lt;lambda&gt;28]" time="0.00039577484130859375"><skipped message="Suite splitting in effect" type="pytest.skip">src/pymortests/affine_grid.py:114: Suite splitting in effect</skipped></testcase><testcase classname="src.pymortests.affine_grid" file="src/pymortests/affine_grid.py" line="114" name="test_integration_elements_values[&lt;lambda&gt;29]" time="0.0004038810729980469"><skipped message="Suite splitting in effect" type="pytest.skip">src/pymortests/affine_grid.py:114: Suite splitting in effect</skipped></testcase><testcase classname="src.pymortests.affine_grid" file="src/pymortests/affine_grid.py" line="114" name="test_integration_elements_values[&lt;lambda&gt;30]" time="0.00041222572326660156"><skipped message="Suite splitting in effect" type="pytest.skip">src/pymortests/affine_grid.py:114: Suite splitting in effect</skipped></testcase><testcase classname="src.pymortests.affine_grid" file="src/pymortests/affine_grid.py" line="114" name="test_integration_elements_values[&lt;lambda&gt;31]" time="0.00041031837463378906"><skipped message="Suite splitting in effect" type="pytest.skip">src/pymortests/affine_grid.py:114: Suite splitting in effect</skipped></testcase><testcase classname="src.pymortests.affine_grid" file="src/pymortests/affine_grid.py" line="114" name="test_integration_elements_values[&lt;lambda&gt;32]" time="0.0003838539123535156"><skipped message="Suite splitting in effect" type="pytest.skip">src/pymortests/affine_grid.py:114: Suite splitting in effect</skipped></testcase><testcase classname="src.pymortests.affine_grid" file="src/pymortests/affine_grid.py" line="114" name="test_integration_elements_values[&lt;lambda&gt;33]" time="0.00040411949157714844"><skipped message="Suite splitting in effect" type="pytest.skip">src/pymortests/affine_grid.py:114: Suite splitting in effect</skipped></testcase><testcase classname="src.pymortests.affine_grid" file="src/pymortests/affine_grid.py" line="114" name="test_integration_elements_values[&lt;lambda&gt;34]" time="0.00041174888610839844"><skipped message="Suite splitting in effect" type="pytest.skip">src/pymortests/affine_grid.py:114: Suite splitting in effect</skipped></testcase><testcase classname="src.pymortests.affine_grid" file="src/pymortests/affine_grid.py" line="114" name="test_integration_elements_values[&lt;lambda&gt;35]" time="0.0004146099090576172"><skipped message="Suite splitting in effect" type="pytest.skip">src/pymortests/affine_grid.py:114: Suite splitting in effect</skipped></testcase><testcase classname="src.pymortests.affine_grid" file="src/pymortests/affine_grid.py" line="114" name="test_integration_elements_values[&lt;lambda&gt;36]" time="0.0004017353057861328"><skipped message="Suite splitting in effect" type="pytest.skip">src/pymortests/affine_grid.py:114: Suite splitting in effect</skipped></testcase><testcase classname="src.pymortests.affine_grid" file="src/pymortests/affine_grid.py" line="114" name="test_integration_elements_values[&lt;lambda&gt;37]" time="0.00040841102600097656"><skipped message="Suite splitting in effect" type="pytest.skip">src/pymortests/affine_grid.py:114: Suite splitting in effect</skipped></testcase><testcase classname="src.pymortests.affine_grid" file="src/pymortests/affine_grid.py" line="114" name="test_integration_elements_values[&lt;lambda&gt;38]" time="0.00038433074951171875"><skipped message="Suite splitting in effect" type="pytest.skip">src/pymortests/affine_grid.py:114: Suite splitting in effect</skipped></testcase><testcase classname="src.pymortests.affine_grid" file="src/pymortests/affine_grid.py" line="114" name="test_integration_elements_values[&lt;lambda&gt;39]" time="0.0003943443298339844"><skipped message="Suite splitting in effect" type="pytest.skip">src/pymortests/affine_grid.py:114: Suite splitting in effect</skipped></testcase><testcase classname="src.pymortests.affine_grid" file="src/pymortests/affine_grid.py" line="114" name="test_integration_elements_values[&lt;lambda&gt;40]" time="0.00040030479431152344"><skipped message="Suite splitting in effect" type="pytest.skip">src/pymortests/affine_grid.py:114: Suite splitting in effect</skipped></testcase><testcase classname="src.pymortests.affine_grid" file="src/pymortests/affine_grid.py" line="114" name="test_integration_elements_values[&lt;lambda&gt;41]" time="0.0004286766052246094"><skipped message="Suite splitting in effect" type="pytest.skip">src/pymortests/affine_grid.py:114: Suite splitting in effect</skipped></testcase><testcase classname="src.pymortests.affine_grid" file="src/pymortests/affine_grid.py" line="114" name="test_integration_elements_values[&lt;lambda&gt;42]" time="0.0003867149353027344"><skipped message="Suite splitting in effect" type="pytest.skip">src/pymortests/affine_grid.py:114: Suite splitting in effect</skipped></testcase><testcase classname="src.pymortests.affine_grid" file="src/pymortests/affine_grid.py" line="124" name="test_volumes_wrong_arguments[&lt;lambda&gt;0]" time="0.0003902912139892578"><skipped message="Suite splitting in effect" type="pytest.skip">src/pymortests/affine_grid.py:124: Suite splitting in effect</skipped></testcase><testcase classname="src.pymortests.affine_grid" file="src/pymortests/affine_grid.py" line="124" name="test_volumes_wrong_arguments[&lt;lambda&gt;1]" time="0.0004124641418457031"><skipped message="Suite splitting in effect" type="pytest.skip">src/pymortests/affine_grid.py:124: Suite splitting in effect</skipped></testcase><testcase classname="src.pymortests.affine_grid" file="src/pymortests/affine_grid.py" line="124" name="test_volumes_wrong_arguments[&lt;lambda&gt;2]" time="0.00040841102600097656"><skipped message="Suite splitting in effect" type="pytest.skip">src/pymortests/affine_grid.py:124: Suite splitting in effect</skipped></testcase><testcase classname="src.pymortests.affine_grid" file="src/pymortests/affine_grid.py" line="124" name="test_volumes_wrong_arguments[&lt;lambda&gt;3]" time="0.00042366981506347656"><skipped message="Suite splitting in effect" type="pytest.skip">src/pymortests/affine_grid.py:124: Suite splitting in effect</skipped></testcase><testcase classname="src.pymortests.affine_grid" file="src/pymortests/affine_grid.py" line="124" name="test_volumes_wrong_arguments[&lt;lambda&gt;4]" time="0.0006742477416992188"><skipped message="Suite splitting in effect" type="pytest.skip">src/pymortests/affine_grid.py:124: Suite splitting in effect</skipped></testcase><testcase classname="src.pymortests.affine_grid" file="src/pymortests/affine_grid.py" line="124" name="test_volumes_wrong_arguments[&lt;lambda&gt;5]" time="0.00039386749267578125"><skipped message="Suite splitting in effect" type="pytest.skip">src/pymortests/affine_grid.py:124: Suite splitting in effect</skipped></testcase><testcase classname="src.pymortests.affine_grid" file="src/pymortests/affine_grid.py" line="124" name="test_volumes_wrong_arguments[&lt;lambda&gt;6]" time="0.00041937828063964844"><skipped message="Suite splitting in effect" type="pytest.skip">src/pymortests/affine_grid.py:124: Suite splitting in effect</skipped></testcase><testcase classname="src.pymortests.affine_grid" file="src/pymortests/affine_grid.py" line="124" name="test_volumes_wrong_arguments[&lt;lambda&gt;7]" time="0.00046372413635253906"><skipped message="Suite splitting in effect" type="pytest.skip">src/pymortests/affine_grid.py:124: Suite splitting in effect</skipped></testcase><testcase classname="src.pymortests.affine_grid" file="src/pymortests/affine_grid.py" line="124" name="test_volumes_wrong_arguments[&lt;lambda&gt;8]" time="0.00043487548828125"><skipped message="Suite splitting in effect" type="pytest.skip">src/pymortests/affine_grid.py:124: Suite splitting in effect</skipped></testcase><testcase classname="src.pymortests.affine_grid" file="src/pymortests/affine_grid.py" line="124" name="test_volumes_wrong_arguments[&lt;lambda&gt;9]" time="0.0004088878631591797"><skipped message="Suite splitting in effect" type="pytest.skip">src/pymortests/affine_grid.py:124: Suite splitting in effect</skipped></testcase><testcase classname="src.pymortests.affine_grid" file="src/pymortests/affine_grid.py" line="124" name="test_volumes_wrong_arguments[&lt;lambda&gt;10]" time="0.00038552284240722656"><skipped message="Suite splitting in effect" type="pytest.skip">src/pymortests/affine_grid.py:124: Suite splitting in effect</skipped></testcase><testcase classname="src.pymortests.affine_grid" file="src/pymortests/affine_grid.py" line="124" name="test_volumes_wrong_arguments[&lt;lambda&gt;11]" time="0.0003960132598876953"><skipped message="Suite splitting in effect" type="pytest.skip">src/pymortests/affine_grid.py:124: Suite splitting in effect</skipped></testcase><testcase classname="src.pymortests.affine_grid" file="src/pymortests/affine_grid.py" line="124" name="test_volumes_wrong_arguments[&lt;lambda&gt;12]" time="0.000415802001953125"><skipped message="Suite splitting in effect" type="pytest.skip">src/pymortests/affine_grid.py:124: Suite splitting in effect</skipped></testcase><testcase classname="src.pymortests.affine_grid" file="src/pymortests/affine_grid.py" line="124" name="test_volumes_wrong_arguments[&lt;lambda&gt;13]" time="0.0004138946533203125"><skipped message="Suite splitting in effect" type="pytest.skip">src/pymortests/affine_grid.py:124: Suite splitting in effect</skipped></testcase><testcase classname="src.pymortests.affine_grid" file="src/pymortests/affine_grid.py" line="124" name="test_volumes_wrong_arguments[&lt;lambda&gt;14]" time="0.0004093647003173828"><skipped message="Suite splitting in effect" type="pytest.skip">src/pymortests/affine_grid.py:124: Suite splitting in effect</skipped></testcase><testcase classname="src.pymortests.affine_grid" file="src/pymortests/affine_grid.py" line="124" name="test_volumes_wrong_arguments[&lt;lambda&gt;15]" time="0.00038886070251464844"><skipped message="Suite splitting in effect" type="pytest.skip">src/pymortests/affine_grid.py:124: Suite splitting in effect</skipped></testcase><testcase classname="src.pymortests.affine_grid" file="src/pymortests/affine_grid.py" line="124" name="test_volumes_wrong_arguments[&lt;lambda&gt;16]" time="0.0003879070281982422"><skipped message="Suite splitting in effect" type="pytest.skip">src/pymortests/affine_grid.py:124: Suite splitting in effect</skipped></testcase><testcase classname="src.pymortests.affine_grid" file="src/pymortests/affine_grid.py" line="124" name="test_volumes_wrong_arguments[&lt;lambda&gt;17]" time="0.0004172325134277344"><skipped message="Suite splitting in effect" type="pytest.skip">src/pymortests/affine_grid.py:124: Suite splitting in effect</skipped></testcase><testcase classname="src.pymortests.affine_grid" file="src/pymortests/affine_grid.py" line="124" name="test_volumes_wrong_arguments[&lt;lambda&gt;18]" time="0.0003936290740966797"><skipped message="Suite splitting in effect" type="pytest.skip">src/pymortests/affine_grid.py:124: Suite splitting in effect</skipped></testcase><testcase classname="src.pymortests.affine_grid" file="src/pymortests/affine_grid.py" line="124" name="test_volumes_wrong_arguments[&lt;lambda&gt;19]" time="0.0011363029479980469"><skipped message="Suite splitting in effect" type="pytest.skip">src/pymortests/affine_grid.py:124: Suite splitting in effect</skipped></testcase><testcase classname="src.pymortests.affine_grid" file="src/pymortests/affine_grid.py" line="124" name="test_volumes_wrong_arguments[&lt;lambda&gt;20]" time="0.00040268898010253906"><skipped message="Suite splitting in effect" type="pytest.skip">src/pymortests/affine_grid.py:124: Suite splitting in effect</skipped></testcase><testcase classname="src.pymortests.affine_grid" file="src/pymortests/affine_grid.py" line="124" name="test_volumes_wrong_arguments[&lt;lambda&gt;21]" time="0.00040221214294433594"><skipped message="Suite splitting in effect" type="pytest.skip">src/pymortests/affine_grid.py:124: Suite splitting in effect</skipped></testcase><testcase classname="src.pymortests.affine_grid" file="src/pymortests/affine_grid.py" line="124" name="test_volumes_wrong_arguments[&lt;lambda&gt;22]" time="0.00040650367736816406"><skipped message="Suite splitting in effect" type="pytest.skip">src/pymortests/affine_grid.py:124: Suite splitting in effect</skipped></testcase><testcase classname="src.pymortests.affine_grid" file="src/pymortests/affine_grid.py" line="124" name="test_volumes_wrong_arguments[&lt;lambda&gt;23]" time="0.0003895759582519531"><skipped message="Suite splitting in effect" type="pytest.skip">src/pymortests/affine_grid.py:124: Suite splitting in effect</skipped></testcase><testcase classname="src.pymortests.affine_grid" file="src/pymortests/affine_grid.py" line="124" name="test_volumes_wrong_arguments[&lt;lambda&gt;24]" time="0.00040912628173828125"><skipped message="Suite splitting in effect" type="pytest.skip">src/pymortests/affine_grid.py:124: Suite splitting in effect</skipped></testcase><testcase classname="src.pymortests.affine_grid" file="src/pymortests/affine_grid.py" line="124" name="test_volumes_wrong_arguments[&lt;lambda&gt;25]" time="0.00041365623474121094"><skipped message="Suite splitting in effect" type="pytest.skip">src/pymortests/affine_grid.py:124: Suite splitting in effect</skipped></testcase><testcase classname="src.pymortests.affine_grid" file="src/pymortests/affine_grid.py" line="124" name="test_volumes_wrong_arguments[&lt;lambda&gt;26]" time="0.00042700767517089844"><skipped message="Suite splitting in effect" type="pytest.skip">src/pymortests/affine_grid.py:124: Suite splitting in effect</skipped></testcase><testcase classname="src.pymortests.affine_grid" file="src/pymortests/affine_grid.py" line="124" name="test_volumes_wrong_arguments[&lt;lambda&gt;27]" time="0.0006878376007080078"><skipped message="Suite splitting in effect" type="pytest.skip">src/pymortests/affine_grid.py:124: Suite splitting in effect</skipped></testcase><testcase classname="src.pymortests.affine_grid" file="src/pymortests/affine_grid.py" line="124" name="test_volumes_wrong_arguments[&lt;lambda&gt;28]" time="0.0004200935363769531"><skipped message="Suite splitting in effect" type="pytest.skip">src/pymortests/affine_grid.py:124: Suite splitting in effect</skipped></testcase><testcase classname="src.pymortests.affine_grid" file="src/pymortests/affine_grid.py" line="124" name="test_volumes_wrong_arguments[&lt;lambda&gt;29]" time="0.0004508495330810547"><skipped message="Suite splitting in effect" type="pytest.skip">src/pymortests/affine_grid.py:124: Suite splitting in effect</skipped></testcase><testcase classname="src.pymortests.affine_grid" file="src/pymortests/affine_grid.py" line="124" name="test_volumes_wrong_arguments[&lt;lambda&gt;30]" time="0.0003905296325683594"><skipped message="Suite splitting in effect" type="pytest.skip">src/pymortests/affine_grid.py:124: Suite splitting in effect</skipped></testcase><testcase classname="src.pymortests.affine_grid" file="src/pymortests/affine_grid.py" line="124" name="test_volumes_wrong_arguments[&lt;lambda&gt;31]" time="0.0003864765167236328"><skipped message="Suite splitting in effect" type="pytest.skip">src/pymortests/affine_grid.py:124: Suite splitting in effect</skipped></testcase><testcase classname="src.pymortests.affine_grid" file="src/pymortests/affine_grid.py" line="124" name="test_volumes_wrong_arguments[&lt;lambda&gt;32]" time="0.0004031658172607422"><skipped message="Suite splitting in effect" type="pytest.skip">src/pymortests/affine_grid.py:124: Suite splitting in effect</skipped></testcase><testcase classname="src.pymortests.affine_grid" file="src/pymortests/affine_grid.py" line="124" name="test_volumes_wrong_arguments[&lt;lambda&gt;33]" time="0.00042319297790527344"><skipped message="Suite splitting in effect" type="pytest.skip">src/pymortests/affine_grid.py:124: Suite splitting in effect</skipped></testcase><testcase classname="src.pymortests.affine_grid" file="src/pymortests/affine_grid.py" line="124" name="test_volumes_wrong_arguments[&lt;lambda&gt;34]" time="0.000408172607421875"><skipped message="Suite splitting in effect" type="pytest.skip">src/pymortests/affine_grid.py:124: Suite splitting in effect</skipped></testcase><testcase classname="src.pymortests.affine_grid" file="src/pymortests/affine_grid.py" line="124" name="test_volumes_wrong_arguments[&lt;lambda&gt;35]" time="0.0007050037384033203"><skipped message="Suite splitting in effect" type="pytest.skip">src/pymortests/affine_grid.py:124: Suite splitting in effect</skipped></testcase><testcase classname="src.pymortests.affine_grid" file="src/pymortests/affine_grid.py" line="124" name="test_volumes_wrong_arguments[&lt;lambda&gt;36]" time="0.00039267539978027344"><skipped message="Suite splitting in effect" type="pytest.skip">src/pymortests/affine_grid.py:124: Suite splitting in effect</skipped></testcase><testcase classname="src.pymortests.affine_grid" file="src/pymortests/affine_grid.py" line="124" name="test_volumes_wrong_arguments[&lt;lambda&gt;37]" time="0.00041604042053222656"><skipped message="Suite splitting in effect" type="pytest.skip">src/pymortests/affine_grid.py:124: Suite splitting in effect</skipped></testcase><testcase classname="src.pymortests.affine_grid" file="src/pymortests/affine_grid.py" line="124" name="test_volumes_wrong_arguments[&lt;lambda&gt;38]" time="0.00040268898010253906"><skipped message="Suite splitting in effect" type="pytest.skip">src/pymortests/affine_grid.py:124: Suite splitting in effect</skipped></testcase><testcase classname="src.pymortests.affine_grid" file="src/pymortests/affine_grid.py" line="124" name="test_volumes_wrong_arguments[&lt;lambda&gt;39]" time="0.0004172325134277344"><skipped message="Suite splitting in effect" type="pytest.skip">src/pymortests/affine_grid.py:124: Suite splitting in effect</skipped></testcase><testcase classname="src.pymortests.affine_grid" file="src/pymortests/affine_grid.py" line="124" name="test_volumes_wrong_arguments[&lt;lambda&gt;40]" time="0.00040531158447265625"><skipped message="Suite splitting in effect" type="pytest.skip">src/pymortests/affine_grid.py:124: Suite splitting in effect</skipped></testcase><testcase classname="src.pymortests.affine_grid" file="src/pymortests/affine_grid.py" line="124" name="test_volumes_wrong_arguments[&lt;lambda&gt;41]" time="0.00045871734619140625"><skipped message="Suite splitting in effect" type="pytest.skip">src/pymortests/affine_grid.py:124: Suite splitting in effect</skipped></testcase><testcase classname="src.pymortests.affine_grid" file="src/pymortests/affine_grid.py" line="124" name="test_volumes_wrong_arguments[&lt;lambda&gt;42]" time="0.00040459632873535156"><skipped message="Suite splitting in effect" type="pytest.skip">src/pymortests/affine_grid.py:124: Suite splitting in effect</skipped></testcase><testcase classname="src.pymortests.affine_grid" file="src/pymortests/affine_grid.py" line="132" name="test_volumes_shape[&lt;lambda&gt;0]" time="0.0004019737243652344"><skipped message="Suite splitting in effect" type="pytest.skip">src/pymortests/affine_grid.py:132: Suite splitting in effect</skipped></testcase><testcase classname="src.pymortests.affine_grid" file="src/pymortests/affine_grid.py" line="132" name="test_volumes_shape[&lt;lambda&gt;1]" time="0.00040650367736816406"><skipped message="Suite splitting in effect" type="pytest.skip">src/pymortests/affine_grid.py:132: Suite splitting in effect</skipped></testcase><testcase classname="src.pymortests.affine_grid" file="src/pymortests/affine_grid.py" line="132" name="test_volumes_shape[&lt;lambda&gt;2]" time="0.00040912628173828125"><skipped message="Suite splitting in effect" type="pytest.skip">src/pymortests/affine_grid.py:132: Suite splitting in effect</skipped></testcase><testcase classname="src.pymortests.affine_grid" file="src/pymortests/affine_grid.py" line="132" name="test_volumes_shape[&lt;lambda&gt;3]" time="0.00038933753967285156"><skipped message="Suite splitting in effect" type="pytest.skip">src/pymortests/affine_grid.py:132: Suite splitting in effect</skipped></testcase><testcase classname="src.pymortests.affine_grid" file="src/pymortests/affine_grid.py" line="132" name="test_volumes_shape[&lt;lambda&gt;4]" time="0.0004062652587890625"><skipped message="Suite splitting in effect" type="pytest.skip">src/pymortests/affine_grid.py:132: Suite splitting in effect</skipped></testcase><testcase classname="src.pymortests.affine_grid" file="src/pymortests/affine_grid.py" line="132" name="test_volumes_shape[&lt;lambda&gt;5]" time="0.00038814544677734375"><skipped message="Suite splitting in effect" type="pytest.skip">src/pymortests/affine_grid.py:132: Suite splitting in effect</skipped></testcase><testcase classname="src.pymortests.affine_grid" file="src/pymortests/affine_grid.py" line="132" name="test_volumes_shape[&lt;lambda&gt;6]" time="0.0004153251647949219"><skipped message="Suite splitting in effect" type="pytest.skip">src/pymortests/affine_grid.py:132: Suite splitting in effect</skipped></testcase><testcase classname="src.pymortests.affine_grid" file="src/pymortests/affine_grid.py" line="132" name="test_volumes_shape[&lt;lambda&gt;7]" time="0.0004184246063232422"><skipped message="Suite splitting in effect" type="pytest.skip">src/pymortests/affine_grid.py:132: Suite splitting in effect</skipped></testcase><testcase classname="src.pymortests.affine_grid" file="src/pymortests/affine_grid.py" line="132" name="test_volumes_shape[&lt;lambda&gt;8]" time="0.00042748451232910156"><skipped message="Suite splitting in effect" type="pytest.skip">src/pymortests/affine_grid.py:132: Suite splitting in effect</skipped></testcase><testcase classname="src.pymortests.affine_grid" file="src/pymortests/affine_grid.py" line="132" name="test_volumes_shape[&lt;lambda&gt;9]" time="0.0004227161407470703"><skipped message="Suite splitting in effect" type="pytest.skip">src/pymortests/affine_grid.py:132: Suite splitting in effect</skipped></testcase><testcase classname="src.pymortests.affine_grid" file="src/pymortests/affine_grid.py" line="132" name="test_volumes_shape[&lt;lambda&gt;10]" time="0.0004000663757324219"><skipped message="Suite splitting in effect" type="pytest.skip">src/pymortests/affine_grid.py:132: Suite splitting in effect</skipped></testcase><testcase classname="src.pymortests.affine_grid" file="src/pymortests/affine_grid.py" line="132" name="test_volumes_shape[&lt;lambda&gt;11]" time="0.0004029273986816406"><skipped message="Suite splitting in effect" type="pytest.skip">src/pymortests/affine_grid.py:132: Suite splitting in effect</skipped></testcase><testcase classname="src.pymortests.affine_grid" file="src/pymortests/affine_grid.py" line="132" name="test_volumes_shape[&lt;lambda&gt;12]" time="0.0004162788391113281"><skipped message="Suite splitting in effect" type="pytest.skip">src/pymortests/affine_grid.py:132: Suite splitting in effect</skipped></testcase><testcase classname="src.pymortests.affine_grid" file="src/pymortests/affine_grid.py" line="132" name="test_volumes_shape[&lt;lambda&gt;13]" time="0.00041365623474121094"><skipped message="Suite splitting in effect" type="pytest.skip">src/pymortests/affine_grid.py:132: Suite splitting in effect</skipped></testcase><testcase classname="src.pymortests.affine_grid" file="src/pymortests/affine_grid.py" line="132" name="test_volumes_shape[&lt;lambda&gt;14]" time="0.0004448890686035156"><skipped message="Suite splitting in effect" type="pytest.skip">src/pymortests/affine_grid.py:132: Suite splitting in effect</skipped></testcase><testcase classname="src.pymortests.affine_grid" file="src/pymortests/affine_grid.py" line="132" name="test_volumes_shape[&lt;lambda&gt;15]" time="0.0004324913024902344"><skipped message="Suite splitting in effect" type="pytest.skip">src/pymortests/affine_grid.py:132: Suite splitting in effect</skipped></testcase><testcase classname="src.pymortests.affine_grid" file="src/pymortests/affine_grid.py" line="132" name="test_volumes_shape[&lt;lambda&gt;16]" time="0.0004496574401855469"><skipped message="Suite splitting in effect" type="pytest.skip">src/pymortests/affine_grid.py:132: Suite splitting in effect</skipped></testcase><testcase classname="src.pymortests.affine_grid" file="src/pymortests/affine_grid.py" line="132" name="test_volumes_shape[&lt;lambda&gt;17]" time="0.0004334449768066406"><skipped message="Suite splitting in effect" type="pytest.skip">src/pymortests/affine_grid.py:132: Suite splitting in effect</skipped></testcase><testcase classname="src.pymortests.affine_grid" file="src/pymortests/affine_grid.py" line="132" name="test_volumes_shape[&lt;lambda&gt;18]" time="0.0003991127014160156"><skipped message="Suite splitting in effect" type="pytest.skip">src/pymortests/affine_grid.py:132: Suite splitting in effect</skipped></testcase><testcase classname="src.pymortests.affine_grid" file="src/pymortests/affine_grid.py" line="132" name="test_volumes_shape[&lt;lambda&gt;19]" time="0.00044918060302734375"><skipped message="Suite splitting in effect" type="pytest.skip">src/pymortests/affine_grid.py:132: Suite splitting in effect</skipped></testcase><testcase classname="src.pymortests.affine_grid" file="src/pymortests/affine_grid.py" line="132" name="test_volumes_shape[&lt;lambda&gt;20]" time="0.00042700767517089844"><skipped message="Suite splitting in effect" type="pytest.skip">src/pymortests/affine_grid.py:132: Suite splitting in effect</skipped></testcase><testcase classname="src.pymortests.affine_grid" file="src/pymortests/affine_grid.py" line="132" name="test_volumes_shape[&lt;lambda&gt;21]" time="0.0004525184631347656"><skipped message="Suite splitting in effect" type="pytest.skip">src/pymortests/affine_grid.py:132: Suite splitting in effect</skipped></testcase><testcase classname="src.pymortests.affine_grid" file="src/pymortests/affine_grid.py" line="132" name="test_volumes_shape[&lt;lambda&gt;22]" time="0.00041484832763671875"><skipped message="Suite splitting in effect" type="pytest.skip">src/pymortests/affine_grid.py:132: Suite splitting in effect</skipped></testcase><testcase classname="src.pymortests.affine_grid" file="src/pymortests/affine_grid.py" line="132" name="test_volumes_shape[&lt;lambda&gt;23]" time="0.0004131793975830078"><skipped message="Suite splitting in effect" type="pytest.skip">src/pymortests/affine_grid.py:132: Suite splitting in effect</skipped></testcase><testcase classname="src.pymortests.affine_grid" file="src/pymortests/affine_grid.py" line="132" name="test_volumes_shape[&lt;lambda&gt;24]" time="0.00039649009704589844"><skipped message="Suite splitting in effect" type="pytest.skip">src/pymortests/affine_grid.py:132: Suite splitting in effect</skipped></testcase><testcase classname="src.pymortests.affine_grid" file="src/pymortests/affine_grid.py" line="132" name="test_volumes_shape[&lt;lambda&gt;25]" time="0.0004398822784423828"><skipped message="Suite splitting in effect" type="pytest.skip">src/pymortests/affine_grid.py:132: Suite splitting in effect</skipped></testcase><testcase classname="src.pymortests.affine_grid" file="src/pymortests/affine_grid.py" line="132" name="test_volumes_shape[&lt;lambda&gt;26]" time="0.0004215240478515625"><skipped message="Suite splitting in effect" type="pytest.skip">src/pymortests/affine_grid.py:132: Suite splitting in effect</skipped></testcase><testcase classname="src.pymortests.affine_grid" file="src/pymortests/affine_grid.py" line="132" name="test_volumes_shape[&lt;lambda&gt;27]" time="0.00044274330139160156"><skipped message="Suite splitting in effect" type="pytest.skip">src/pymortests/affine_grid.py:132: Suite splitting in effect</skipped></testcase><testcase classname="src.pymortests.affine_grid" file="src/pymortests/affine_grid.py" line="132" name="test_volumes_shape[&lt;lambda&gt;28]" time="0.0004181861877441406"><skipped message="Suite splitting in effect" type="pytest.skip">src/pymortests/affine_grid.py:132: Suite splitting in effect</skipped></testcase><testcase classname="src.pymortests.affine_grid" file="src/pymortests/affine_grid.py" line="132" name="test_volumes_shape[&lt;lambda&gt;29]" time="0.0004277229309082031"><skipped message="Suite splitting in effect" type="pytest.skip">src/pymortests/affine_grid.py:132: Suite splitting in effect</skipped></testcase><testcase classname="src.pymortests.affine_grid" file="src/pymortests/affine_grid.py" line="132" name="test_volumes_shape[&lt;lambda&gt;30]" time="0.0004067420959472656"><skipped message="Suite splitting in effect" type="pytest.skip">src/pymortests/affine_grid.py:132: Suite splitting in effect</skipped></testcase><testcase classname="src.pymortests.affine_grid" file="src/pymortests/affine_grid.py" line="132" name="test_volumes_shape[&lt;lambda&gt;31]" time="0.00041413307189941406"><skipped message="Suite splitting in effect" type="pytest.skip">src/pymortests/affine_grid.py:132: Suite splitting in effect</skipped></testcase><testcase classname="src.pymortests.affine_grid" file="src/pymortests/affine_grid.py" line="132" name="test_volumes_shape[&lt;lambda&gt;32]" time="0.00042057037353515625"><skipped message="Suite splitting in effect" type="pytest.skip">src/pymortests/affine_grid.py:132: Suite splitting in effect</skipped></testcase><testcase classname="src.pymortests.affine_grid" file="src/pymortests/affine_grid.py" line="132" name="test_volumes_shape[&lt;lambda&gt;33]" time="0.0004227161407470703"><skipped message="Suite splitting in effect" type="pytest.skip">src/pymortests/affine_grid.py:132: Suite splitting in effect</skipped></testcase><testcase classname="src.pymortests.affine_grid" file="src/pymortests/affine_grid.py" line="132" name="test_volumes_shape[&lt;lambda&gt;34]" time="0.0004305839538574219"><skipped message="Suite splitting in effect" type="pytest.skip">src/pymortests/affine_grid.py:132: Suite splitting in effect</skipped></testcase><testcase classname="src.pymortests.affine_grid" file="src/pymortests/affine_grid.py" line="132" name="test_volumes_shape[&lt;lambda&gt;35]" time="0.00042819976806640625"><skipped message="Suite splitting in effect" type="pytest.skip">src/pymortests/affine_grid.py:132: Suite splitting in effect</skipped></testcase><testcase classname="src.pymortests.affine_grid" file="src/pymortests/affine_grid.py" line="132" name="test_volumes_shape[&lt;lambda&gt;36]" time="0.0004572868347167969"><skipped message="Suite splitting in effect" type="pytest.skip">src/pymortests/affine_grid.py:132: Suite splitting in effect</skipped></testcase><testcase classname="src.pymortests.affine_grid" file="src/pymortests/affine_grid.py" line="132" name="test_volumes_shape[&lt;lambda&gt;37]" time="0.00041961669921875"><skipped message="Suite splitting in effect" type="pytest.skip">src/pymortests/affine_grid.py:132: Suite splitting in effect</skipped></testcase><testcase classname="src.pymortests.affine_grid" file="src/pymortests/affine_grid.py" line="132" name="test_volumes_shape[&lt;lambda&gt;38]" time="0.0004169940948486328"><skipped message="Suite splitting in effect" type="pytest.skip">src/pymortests/affine_grid.py:132: Suite splitting in effect</skipped></testcase><testcase classname="src.pymortests.affine_grid" file="src/pymortests/affine_grid.py" line="132" name="test_volumes_shape[&lt;lambda&gt;39]" time="0.0004210472106933594"><skipped message="Suite splitting in effect" type="pytest.skip">src/pymortests/affine_grid.py:132: Suite splitting in effect</skipped></testcase><testcase classname="src.pymortests.affine_grid" file="src/pymortests/affine_grid.py" line="132" name="test_volumes_shape[&lt;lambda&gt;40]" time="0.0004150867462158203"><skipped message="Suite splitting in effect" type="pytest.skip">src/pymortests/affine_grid.py:132: Suite splitting in effect</skipped></testcase><testcase classname="src.pymortests.affine_grid" file="src/pymortests/affine_grid.py" line="132" name="test_volumes_shape[&lt;lambda&gt;41]" time="0.0004189014434814453"><skipped message="Suite splitting in effect" type="pytest.skip">src/pymortests/affine_grid.py:132: Suite splitting in effect</skipped></testcase><testcase classname="src.pymortests.affine_grid" file="src/pymortests/affine_grid.py" line="132" name="test_volumes_shape[&lt;lambda&gt;42]" time="0.0004229545593261719"><skipped message="Suite splitting in effect" type="pytest.skip">src/pymortests/affine_grid.py:132: Suite splitting in effect</skipped></testcase><testcase classname="src.pymortests.affine_grid" file="src/pymortests/affine_grid.py" line="138" name="test_volumes_values[&lt;lambda&gt;0]" time="0.00043964385986328125"><skipped message="Suite splitting in effect" type="pytest.skip">src/pymortests/affine_grid.py:138: Suite splitting in effect</skipped></testcase><testcase classname="src.pymortests.affine_grid" file="src/pymortests/affine_grid.py" line="138" name="test_volumes_values[&lt;lambda&gt;1]" time="0.00042319297790527344"><skipped message="Suite splitting in effect" type="pytest.skip">src/pymortests/affine_grid.py:138: Suite splitting in effect</skipped></testcase><testcase classname="src.pymortests.affine_grid" file="src/pymortests/affine_grid.py" line="138" name="test_volumes_values[&lt;lambda&gt;2]" time="0.00041484832763671875"><skipped message="Suite splitting in effect" type="pytest.skip">src/pymortests/affine_grid.py:138: Suite splitting in effect</skipped></testcase><testcase classname="src.pymortests.affine_grid" file="src/pymortests/affine_grid.py" line="138" name="test_volumes_values[&lt;lambda&gt;3]" time="0.0004062652587890625"><skipped message="Suite splitting in effect" type="pytest.skip">src/pymortests/affine_grid.py:138: Suite splitting in effect</skipped></testcase><testcase classname="src.pymortests.affine_grid" file="src/pymortests/affine_grid.py" line="138" name="test_volumes_values[&lt;lambda&gt;4]" time="0.00042557716369628906"><skipped message="Suite splitting in effect" type="pytest.skip">src/pymortests/affine_grid.py:138: Suite splitting in effect</skipped></testcase><testcase classname="src.pymortests.affine_grid" file="src/pymortests/affine_grid.py" line="138" name="test_volumes_values[&lt;lambda&gt;5]" time="0.0004241466522216797"><skipped message="Suite splitting in effect" type="pytest.skip">src/pymortests/affine_grid.py:138: Suite splitting in effect</skipped></testcase><testcase classname="src.pymortests.affine_grid" file="src/pymortests/affine_grid.py" line="138" name="test_volumes_values[&lt;lambda&gt;6]" time="0.0004200935363769531"><skipped message="Suite splitting in effect" type="pytest.skip">src/pymortests/affine_grid.py:138: Suite splitting in effect</skipped></testcase><testcase classname="src.pymortests.affine_grid" file="src/pymortests/affine_grid.py" line="138" name="test_volumes_values[&lt;lambda&gt;7]" time="0.0004975795745849609"><skipped message="Suite splitting in effect" type="pytest.skip">src/pymortests/affine_grid.py:138: Suite splitting in effect</skipped></testcase><testcase classname="src.pymortests.affine_grid" file="src/pymortests/affine_grid.py" line="138" name="test_volumes_values[&lt;lambda&gt;8]" time="0.0004551410675048828"><skipped message="Suite splitting in effect" type="pytest.skip">src/pymortests/affine_grid.py:138: Suite splitting in effect</skipped></testcase><testcase classname="src.pymortests.affine_grid" file="src/pymortests/affine_grid.py" line="138" name="test_volumes_values[&lt;lambda&gt;9]" time="0.0004734992980957031"><skipped message="Suite splitting in effect" type="pytest.skip">src/pymortests/affine_grid.py:138: Suite splitting in effect</skipped></testcase><testcase classname="src.pymortests.affine_grid" file="src/pymortests/affine_grid.py" line="138" name="test_volumes_values[&lt;lambda&gt;10]" time="0.00041556358337402344"><skipped message="Suite splitting in effect" type="pytest.skip">src/pymortests/affine_grid.py:138: Suite splitting in effect</skipped></testcase><testcase classname="src.pymortests.affine_grid" file="src/pymortests/affine_grid.py" line="138" name="test_volumes_values[&lt;lambda&gt;11]" time="0.0004324913024902344"><skipped message="Suite splitting in effect" type="pytest.skip">src/pymortests/affine_grid.py:138: Suite splitting in effect</skipped></testcase><testcase classname="src.pymortests.affine_grid" file="src/pymortests/affine_grid.py" line="138" name="test_volumes_values[&lt;lambda&gt;12]" time="0.0004222393035888672"><skipped message="Suite splitting in effect" type="pytest.skip">src/pymortests/affine_grid.py:138: Suite splitting in effect</skipped></testcase><testcase classname="src.pymortests.affine_grid" file="src/pymortests/affine_grid.py" line="138" name="test_volumes_values[&lt;lambda&gt;13]" time="0.0004706382751464844"><skipped message="Suite splitting in effect" type="pytest.skip">src/pymortests/affine_grid.py:138: Suite splitting in effect</skipped></testcase><testcase classname="src.pymortests.affine_grid" file="src/pymortests/affine_grid.py" line="138" name="test_volumes_values[&lt;lambda&gt;14]" time="0.00044918060302734375"><skipped message="Suite splitting in effect" type="pytest.skip">src/pymortests/affine_grid.py:138: Suite splitting in effect</skipped></testcase><testcase classname="src.pymortests.affine_grid" file="src/pymortests/affine_grid.py" line="138" name="test_volumes_values[&lt;lambda&gt;15]" time="0.0004162788391113281"><skipped message="Suite splitting in effect" type="pytest.skip">src/pymortests/affine_grid.py:138: Suite splitting in effect</skipped></testcase><testcase classname="src.pymortests.affine_grid" file="src/pymortests/affine_grid.py" line="138" name="test_volumes_values[&lt;lambda&gt;16]" time="0.0004506111145019531"><skipped message="Suite splitting in effect" type="pytest.skip">src/pymortests/affine_grid.py:138: Suite splitting in effect</skipped></testcase><testcase classname="src.pymortests.affine_grid" file="src/pymortests/affine_grid.py" line="138" name="test_volumes_values[&lt;lambda&gt;17]" time="0.0003972053527832031"><skipped message="Suite splitting in effect" type="pytest.skip">src/pymortests/affine_grid.py:138: Suite splitting in effect</skipped></testcase><testcase classname="src.pymortests.affine_grid" file="src/pymortests/affine_grid.py" line="138" name="test_volumes_values[&lt;lambda&gt;18]" time="0.00041174888610839844"><skipped message="Suite splitting in effect" type="pytest.skip">src/pymortests/affine_grid.py:138: Suite splitting in effect</skipped></testcase><testcase classname="src.pymortests.affine_grid" file="src/pymortests/affine_grid.py" line="138" name="test_volumes_values[&lt;lambda&gt;19]" time="0.0004172325134277344"><skipped message="Suite splitting in effect" type="pytest.skip">src/pymortests/affine_grid.py:138: Suite splitting in effect</skipped></testcase><testcase classname="src.pymortests.affine_grid" file="src/pymortests/affine_grid.py" line="138" name="test_volumes_values[&lt;lambda&gt;20]" time="0.0004322528839111328"><skipped message="Suite splitting in effect" type="pytest.skip">src/pymortests/affine_grid.py:138: Suite splitting in effect</skipped></testcase><testcase classname="src.pymortests.affine_grid" file="src/pymortests/affine_grid.py" line="138" name="test_volumes_values[&lt;lambda&gt;21]" time="0.0007009506225585938"><skipped message="Suite splitting in effect" type="pytest.skip">src/pymortests/affine_grid.py:138: Suite splitting in effect</skipped></testcase><testcase classname="src.pymortests.affine_grid" file="src/pymortests/affine_grid.py" line="138" name="test_volumes_values[&lt;lambda&gt;22]" time="0.0004107952117919922"><skipped message="Suite splitting in effect" type="pytest.skip">src/pymortests/affine_grid.py:138: Suite splitting in effect</skipped></testcase><testcase classname="src.pymortests.affine_grid" file="src/pymortests/affine_grid.py" line="138" name="test_volumes_values[&lt;lambda&gt;23]" time="0.00043582916259765625"><skipped message="Suite splitting in effect" type="pytest.skip">src/pymortests/affine_grid.py:138: Suite splitting in effect</skipped></testcase><testcase classname="src.pymortests.affine_grid" file="src/pymortests/affine_grid.py" line="138" name="test_volumes_values[&lt;lambda&gt;24]" time="0.00045943260192871094"><skipped message="Suite splitting in effect" type="pytest.skip">src/pymortests/affine_grid.py:138: Suite splitting in effect</skipped></testcase><testcase classname="src.pymortests.affine_grid" file="src/pymortests/affine_grid.py" line="138" name="test_volumes_values[&lt;lambda&gt;25]" time="0.00040030479431152344"><skipped message="Suite splitting in effect" type="pytest.skip">src/pymortests/affine_grid.py:138: Suite splitting in effect</skipped></testcase><testcase classname="src.pymortests.affine_grid" file="src/pymortests/affine_grid.py" line="138" name="test_volumes_values[&lt;lambda&gt;26]" time="0.00045180320739746094"><skipped message="Suite splitting in effect" type="pytest.skip">src/pymortests/affine_grid.py:138: Suite splitting in effect</skipped></testcase><testcase classname="src.pymortests.affine_grid" file="src/pymortests/affine_grid.py" line="138" name="test_volumes_values[&lt;lambda&gt;27]" time="0.0004172325134277344"><skipped message="Suite splitting in effect" type="pytest.skip">src/pymortests/affine_grid.py:138: Suite splitting in effect</skipped></testcase><testcase classname="src.pymortests.affine_grid" file="src/pymortests/affine_grid.py" line="138" name="test_volumes_values[&lt;lambda&gt;28]" time="0.0004608631134033203"><skipped message="Suite splitting in effect" type="pytest.skip">src/pymortests/affine_grid.py:138: Suite splitting in effect</skipped></testcase><testcase classname="src.pymortests.affine_grid" file="src/pymortests/affine_grid.py" line="138" name="test_volumes_values[&lt;lambda&gt;29]" time="0.0004506111145019531"><skipped message="Suite splitting in effect" type="pytest.skip">src/pymortests/affine_grid.py:138: Suite splitting in effect</skipped></testcase><testcase classname="src.pymortests.affine_grid" file="src/pymortests/affine_grid.py" line="138" name="test_volumes_values[&lt;lambda&gt;30]" time="0.0004177093505859375"><skipped message="Suite splitting in effect" type="pytest.skip">src/pymortests/affine_grid.py:138: Suite splitting in effect</skipped></testcase><testcase classname="src.pymortests.affine_grid" file="src/pymortests/affine_grid.py" line="138" name="test_volumes_values[&lt;lambda&gt;31]" time="0.0004239082336425781"><skipped message="Suite splitting in effect" type="pytest.skip">src/pymortests/affine_grid.py:138: Suite splitting in effect</skipped></testcase><testcase classname="src.pymortests.affine_grid" file="src/pymortests/affine_grid.py" line="138" name="test_volumes_values[&lt;lambda&gt;32]" time="0.0004012584686279297"><skipped message="Suite splitting in effect" type="pytest.skip">src/pymortests/affine_grid.py:138: Suite splitting in effect</skipped></testcase><testcase classname="src.pymortests.affine_grid" file="src/pymortests/affine_grid.py" line="138" name="test_volumes_values[&lt;lambda&gt;33]" time="0.000408172607421875"><skipped message="Suite splitting in effect" type="pytest.skip">src/pymortests/affine_grid.py:138: Suite splitting in effect</skipped></testcase><testcase classname="src.pymortests.affine_grid" file="src/pymortests/affine_grid.py" line="138" name="test_volumes_values[&lt;lambda&gt;34]" time="0.0004200935363769531"><skipped message="Suite splitting in effect" type="pytest.skip">src/pymortests/affine_grid.py:138: Suite splitting in effect</skipped></testcase><testcase classname="src.pymortests.affine_grid" file="src/pymortests/affine_grid.py" line="138" name="test_volumes_values[&lt;lambda&gt;35]" time="0.0004119873046875"><skipped message="Suite splitting in effect" type="pytest.skip">src/pymortests/affine_grid.py:138: Suite splitting in effect</skipped></testcase><testcase classname="src.pymortests.affine_grid" file="src/pymortests/affine_grid.py" line="138" name="test_volumes_values[&lt;lambda&gt;36]" time="0.00040221214294433594"><skipped message="Suite splitting in effect" type="pytest.skip">src/pymortests/affine_grid.py:138: Suite splitting in effect</skipped></testcase><testcase classname="src.pymortests.affine_grid" file="src/pymortests/affine_grid.py" line="138" name="test_volumes_values[&lt;lambda&gt;37]" time="0.0006971359252929688"><skipped message="Suite splitting in effect" type="pytest.skip">src/pymortests/affine_grid.py:138: Suite splitting in effect</skipped></testcase><testcase classname="src.pymortests.affine_grid" file="src/pymortests/affine_grid.py" line="138" name="test_volumes_values[&lt;lambda&gt;38]" time="0.00041794776916503906"><skipped message="Suite splitting in effect" type="pytest.skip">src/pymortests/affine_grid.py:138: Suite splitting in effect</skipped></testcase><testcase classname="src.pymortests.affine_grid" file="src/pymortests/affine_grid.py" line="138" name="test_volumes_values[&lt;lambda&gt;39]" time="0.0004322528839111328"><skipped message="Suite splitting in effect" type="pytest.skip">src/pymortests/affine_grid.py:138: Suite splitting in effect</skipped></testcase><testcase classname="src.pymortests.affine_grid" file="src/pymortests/affine_grid.py" line="138" name="test_volumes_values[&lt;lambda&gt;40]" time="0.0004382133483886719"><skipped message="Suite splitting in effect" type="pytest.skip">src/pymortests/affine_grid.py:138: Suite splitting in effect</skipped></testcase><testcase classname="src.pymortests.affine_grid" file="src/pymortests/affine_grid.py" line="138" name="test_volumes_values[&lt;lambda&gt;41]" time="0.00039267539978027344"><skipped message="Suite splitting in effect" type="pytest.skip">src/pymortests/affine_grid.py:138: Suite splitting in effect</skipped></testcase><testcase classname="src.pymortests.affine_grid" file="src/pymortests/affine_grid.py" line="138" name="test_volumes_values[&lt;lambda&gt;42]" time="0.00047516822814941406"><skipped message="Suite splitting in effect" type="pytest.skip">src/pymortests/affine_grid.py:138: Suite splitting in effect</skipped></testcase><testcase classname="src.pymortests.affine_grid" file="src/pymortests/affine_grid.py" line="146" name="test_volumes_inverse_wrong_arguments[&lt;lambda&gt;0]" time="0.0004115104675292969"><skipped message="Suite splitting in effect" type="pytest.skip">src/pymortests/affine_grid.py:146: Suite splitting in effect</skipped></testcase><testcase classname="src.pymortests.affine_grid" file="src/pymortests/affine_grid.py" line="146" name="test_volumes_inverse_wrong_arguments[&lt;lambda&gt;1]" time="0.0004601478576660156"><skipped message="Suite splitting in effect" type="pytest.skip">src/pymortests/affine_grid.py:146: Suite splitting in effect</skipped></testcase><testcase classname="src.pymortests.affine_grid" file="src/pymortests/affine_grid.py" line="146" name="test_volumes_inverse_wrong_arguments[&lt;lambda&gt;2]" time="0.0007615089416503906"><skipped message="Suite splitting in effect" type="pytest.skip">src/pymortests/affine_grid.py:146: Suite splitting in effect</skipped></testcase><testcase classname="src.pymortests.affine_grid" file="src/pymortests/affine_grid.py" line="146" name="test_volumes_inverse_wrong_arguments[&lt;lambda&gt;3]" time="0.0004210472106933594"><skipped message="Suite splitting in effect" type="pytest.skip">src/pymortests/affine_grid.py:146: Suite splitting in effect</skipped></testcase><testcase classname="src.pymortests.affine_grid" file="src/pymortests/affine_grid.py" line="146" name="test_volumes_inverse_wrong_arguments[&lt;lambda&gt;4]" time="0.0004010200500488281"><skipped message="Suite splitting in effect" type="pytest.skip">src/pymortests/affine_grid.py:146: Suite splitting in effect</skipped></testcase><testcase classname="src.pymortests.affine_grid" file="src/pymortests/affine_grid.py" line="146" name="test_volumes_inverse_wrong_arguments[&lt;lambda&gt;5]" time="0.0004634857177734375"><skipped message="Suite splitting in effect" type="pytest.skip">src/pymortests/affine_grid.py:146: Suite splitting in effect</skipped></testcase><testcase classname="src.pymortests.affine_grid" file="src/pymortests/affine_grid.py" line="146" name="test_volumes_inverse_wrong_arguments[&lt;lambda&gt;6]" time="0.00041031837463378906"><skipped message="Suite splitting in effect" type="pytest.skip">src/pymortests/affine_grid.py:146: Suite splitting in effect</skipped></testcase><testcase classname="src.pymortests.affine_grid" file="src/pymortests/affine_grid.py" line="146" name="test_volumes_inverse_wrong_arguments[&lt;lambda&gt;7]" time="0.0004036426544189453"><skipped message="Suite splitting in effect" type="pytest.skip">src/pymortests/affine_grid.py:146: Suite splitting in effect</skipped></testcase><testcase classname="src.pymortests.affine_grid" file="src/pymortests/affine_grid.py" line="146" name="test_volumes_inverse_wrong_arguments[&lt;lambda&gt;8]" time="0.0003972053527832031"><skipped message="Suite splitting in effect" type="pytest.skip">src/pymortests/affine_grid.py:146: Suite splitting in effect</skipped></testcase><testcase classname="src.pymortests.affine_grid" file="src/pymortests/affine_grid.py" line="146" name="test_volumes_inverse_wrong_arguments[&lt;lambda&gt;9]" time="0.00042891502380371094"><skipped message="Suite splitting in effect" type="pytest.skip">src/pymortests/affine_grid.py:146: Suite splitting in effect</skipped></testcase><testcase classname="src.pymortests.affine_grid" file="src/pymortests/affine_grid.py" line="146" name="test_volumes_inverse_wrong_arguments[&lt;lambda&gt;10]" time="0.0007402896881103516"><skipped message="Suite splitting in effect" type="pytest.skip">src/pymortests/affine_grid.py:146: Suite splitting in effect</skipped></testcase><testcase classname="src.pymortests.affine_grid" file="src/pymortests/affine_grid.py" line="146" name="test_volumes_inverse_wrong_arguments[&lt;lambda&gt;11]" time="0.0004382133483886719"><skipped message="Suite splitting in effect" type="pytest.skip">src/pymortests/affine_grid.py:146: Suite splitting in effect</skipped></testcase><testcase classname="src.pymortests.affine_grid" file="src/pymortests/affine_grid.py" line="146" name="test_volumes_inverse_wrong_arguments[&lt;lambda&gt;12]" time="0.0004429817199707031"><skipped message="Suite splitting in effect" type="pytest.skip">src/pymortests/affine_grid.py:146: Suite splitting in effect</skipped></testcase><testcase classname="src.pymortests.affine_grid" file="src/pymortests/affine_grid.py" line="146" name="test_volumes_inverse_wrong_arguments[&lt;lambda&gt;13]" time="0.00043582916259765625"><skipped message="Suite splitting in effect" type="pytest.skip">src/pymortests/affine_grid.py:146: Suite splitting in effect</skipped></testcase><testcase classname="src.pymortests.affine_grid" file="src/pymortests/affine_grid.py" line="146" name="test_volumes_inverse_wrong_arguments[&lt;lambda&gt;14]" time="0.0004711151123046875"><skipped message="Suite splitting in effect" type="pytest.skip">src/pymortests/affine_grid.py:146: Suite splitting in effect</skipped></testcase><testcase classname="src.pymortests.affine_grid" file="src/pymortests/affine_grid.py" line="146" name="test_volumes_inverse_wrong_arguments[&lt;lambda&gt;15]" time="0.0004584789276123047"><skipped message="Suite splitting in effect" type="pytest.skip">src/pymortests/affine_grid.py:146: Suite splitting in effect</skipped></testcase><testcase classname="src.pymortests.affine_grid" file="src/pymortests/affine_grid.py" line="146" name="test_volumes_inverse_wrong_arguments[&lt;lambda&gt;16]" time="0.00046443939208984375"><skipped message="Suite splitting in effect" type="pytest.skip">src/pymortests/affine_grid.py:146: Suite splitting in effect</skipped></testcase><testcase classname="src.pymortests.affine_grid" file="src/pymortests/affine_grid.py" line="146" name="test_volumes_inverse_wrong_arguments[&lt;lambda&gt;17]" time="0.0004425048828125"><skipped message="Suite splitting in effect" type="pytest.skip">src/pymortests/affine_grid.py:146: Suite splitting in effect</skipped></testcase><testcase classname="src.pymortests.affine_grid" file="src/pymortests/affine_grid.py" line="146" name="test_volumes_inverse_wrong_arguments[&lt;lambda&gt;18]" time="0.0007877349853515625"><skipped message="Suite splitting in effect" type="pytest.skip">src/pymortests/affine_grid.py:146: Suite splitting in effect</skipped></testcase><testcase classname="src.pymortests.affine_grid" file="src/pymortests/affine_grid.py" line="146" name="test_volumes_inverse_wrong_arguments[&lt;lambda&gt;19]" time="0.00048160552978515625"><skipped message="Suite splitting in effect" type="pytest.skip">src/pymortests/affine_grid.py:146: Suite splitting in effect</skipped></testcase><testcase classname="src.pymortests.affine_grid" file="src/pymortests/affine_grid.py" line="146" name="test_volumes_inverse_wrong_arguments[&lt;lambda&gt;20]" time="0.0004813671112060547"><skipped message="Suite splitting in effect" type="pytest.skip">src/pymortests/affine_grid.py:146: Suite splitting in effect</skipped></testcase><testcase classname="src.pymortests.affine_grid" file="src/pymortests/affine_grid.py" line="146" name="test_volumes_inverse_wrong_arguments[&lt;lambda&gt;21]" time="0.0004417896270751953"><skipped message="Suite splitting in effect" type="pytest.skip">src/pymortests/affine_grid.py:146: Suite splitting in effect</skipped></testcase><testcase classname="src.pymortests.affine_grid" file="src/pymortests/affine_grid.py" line="146" name="test_volumes_inverse_wrong_arguments[&lt;lambda&gt;22]" time="0.00044274330139160156"><skipped message="Suite splitting in effect" type="pytest.skip">src/pymortests/affine_grid.py:146: Suite splitting in effect</skipped></testcase><testcase classname="src.pymortests.affine_grid" file="src/pymortests/affine_grid.py" line="146" name="test_volumes_inverse_wrong_arguments[&lt;lambda&gt;23]" time="0.0004622936248779297"><skipped message="Suite splitting in effect" type="pytest.skip">src/pymortests/affine_grid.py:146: Suite splitting in effect</skipped></testcase><testcase classname="src.pymortests.affine_grid" file="src/pymortests/affine_grid.py" line="146" name="test_volumes_inverse_wrong_arguments[&lt;lambda&gt;24]" time="0.0004150867462158203"><skipped message="Suite splitting in effect" type="pytest.skip">src/pymortests/affine_grid.py:146: Suite splitting in effect</skipped></testcase><testcase classname="src.pymortests.affine_grid" file="src/pymortests/affine_grid.py" line="146" name="test_volumes_inverse_wrong_arguments[&lt;lambda&gt;25]" time="0.00042176246643066406"><skipped message="Suite splitting in effect" type="pytest.skip">src/pymortests/affine_grid.py:146: Suite splitting in effect</skipped></testcase><testcase classname="src.pymortests.affine_grid" file="src/pymortests/affine_grid.py" line="146" name="test_volumes_inverse_wrong_arguments[&lt;lambda&gt;26]" time="0.0007641315460205078"><skipped message="Suite splitting in effect" type="pytest.skip">src/pymortests/affine_grid.py:146: Suite splitting in effect</skipped></testcase><testcase classname="src.pymortests.affine_grid" file="src/pymortests/affine_grid.py" line="146" name="test_volumes_inverse_wrong_arguments[&lt;lambda&gt;27]" time="0.00043773651123046875"><skipped message="Suite splitting in effect" type="pytest.skip">src/pymortests/affine_grid.py:146: Suite splitting in effect</skipped></testcase><testcase classname="src.pymortests.affine_grid" file="src/pymortests/affine_grid.py" line="146" name="test_volumes_inverse_wrong_arguments[&lt;lambda&gt;28]" time="0.00043964385986328125"><skipped message="Suite splitting in effect" type="pytest.skip">src/pymortests/affine_grid.py:146: Suite splitting in effect</skipped></testcase><testcase classname="src.pymortests.affine_grid" file="src/pymortests/affine_grid.py" line="146" name="test_volumes_inverse_wrong_arguments[&lt;lambda&gt;29]" time="0.0004363059997558594"><skipped message="Suite splitting in effect" type="pytest.skip">src/pymortests/affine_grid.py:146: Suite splitting in effect</skipped></testcase><testcase classname="src.pymortests.affine_grid" file="src/pymortests/affine_grid.py" line="146" name="test_volumes_inverse_wrong_arguments[&lt;lambda&gt;30]" time="0.0004353523254394531"><skipped message="Suite splitting in effect" type="pytest.skip">src/pymortests/affine_grid.py:146: Suite splitting in effect</skipped></testcase><testcase classname="src.pymortests.affine_grid" file="src/pymortests/affine_grid.py" line="146" name="test_volumes_inverse_wrong_arguments[&lt;lambda&gt;31]" time="0.00040984153747558594"><skipped message="Suite splitting in effect" type="pytest.skip">src/pymortests/affine_grid.py:146: Suite splitting in effect</skipped></testcase><testcase classname="src.pymortests.affine_grid" file="src/pymortests/affine_grid.py" line="146" name="test_volumes_inverse_wrong_arguments[&lt;lambda&gt;32]" time="0.0004279613494873047"><skipped message="Suite splitting in effect" type="pytest.skip">src/pymortests/affine_grid.py:146: Suite splitting in effect</skipped></testcase><testcase classname="src.pymortests.affine_grid" file="src/pymortests/affine_grid.py" line="146" name="test_volumes_inverse_wrong_arguments[&lt;lambda&gt;33]" time="0.0004451274871826172"><skipped message="Suite splitting in effect" type="pytest.skip">src/pymortests/affine_grid.py:146: Suite splitting in effect</skipped></testcase><testcase classname="src.pymortests.affine_grid" file="src/pymortests/affine_grid.py" line="146" name="test_volumes_inverse_wrong_arguments[&lt;lambda&gt;34]" time="0.0007405281066894531"><skipped message="Suite splitting in effect" type="pytest.skip">src/pymortests/affine_grid.py:146: Suite splitting in effect</skipped></testcase><testcase classname="src.pymortests.affine_grid" file="src/pymortests/affine_grid.py" line="146" name="test_volumes_inverse_wrong_arguments[&lt;lambda&gt;35]" time="0.0004200935363769531"><skipped message="Suite splitting in effect" type="pytest.skip">src/pymortests/affine_grid.py:146: Suite splitting in effect</skipped></testcase><testcase classname="src.pymortests.affine_grid" file="src/pymortests/affine_grid.py" line="146" name="test_volumes_inverse_wrong_arguments[&lt;lambda&gt;36]" time="0.0004451274871826172"><skipped message="Suite splitting in effect" type="pytest.skip">src/pymortests/affine_grid.py:146: Suite splitting in effect</skipped></testcase><testcase classname="src.pymortests.affine_grid" file="src/pymortests/affine_grid.py" line="146" name="test_volumes_inverse_wrong_arguments[&lt;lambda&gt;37]" time="0.0004830360412597656"><skipped message="Suite splitting in effect" type="pytest.skip">src/pymortests/affine_grid.py:146: Suite splitting in effect</skipped></testcase><testcase classname="src.pymortests.affine_grid" file="src/pymortests/affine_grid.py" line="146" name="test_volumes_inverse_wrong_arguments[&lt;lambda&gt;38]" time="0.0004086494445800781"><skipped message="Suite splitting in effect" type="pytest.skip">src/pymortests/affine_grid.py:146: Suite splitting in effect</skipped></testcase><testcase classname="src.pymortests.affine_grid" file="src/pymortests/affine_grid.py" line="146" name="test_volumes_inverse_wrong_arguments[&lt;lambda&gt;39]" time="0.00040721893310546875"><skipped message="Suite splitting in effect" type="pytest.skip">src/pymortests/affine_grid.py:146: Suite splitting in effect</skipped></testcase><testcase classname="src.pymortests.affine_grid" file="src/pymortests/affine_grid.py" line="146" name="test_volumes_inverse_wrong_arguments[&lt;lambda&gt;40]" time="0.00042438507080078125"><skipped message="Suite splitting in effect" type="pytest.skip">src/pymortests/affine_grid.py:146: Suite splitting in effect</skipped></testcase><testcase classname="src.pymortests.affine_grid" file="src/pymortests/affine_grid.py" line="146" name="test_volumes_inverse_wrong_arguments[&lt;lambda&gt;41]" time="0.00041222572326660156"><skipped message="Suite splitting in effect" type="pytest.skip">src/pymortests/affine_grid.py:146: Suite splitting in effect</skipped></testcase><testcase classname="src.pymortests.affine_grid" file="src/pymortests/affine_grid.py" line="146" name="test_volumes_inverse_wrong_arguments[&lt;lambda&gt;42]" time="0.0007963180541992188"><skipped message="Suite splitting in effect" type="pytest.skip">src/pymortests/affine_grid.py:146: Suite splitting in effect</skipped></testcase><testcase classname="src.pymortests.affine_grid" file="src/pymortests/affine_grid.py" line="154" name="test_volumes_inverse_shape[&lt;lambda&gt;0]" time="0.0004432201385498047"><skipped message="Suite splitting in effect" type="pytest.skip">src/pymortests/affine_grid.py:154: Suite splitting in effect</skipped></testcase><testcase classname="src.pymortests.affine_grid" file="src/pymortests/affine_grid.py" line="154" name="test_volumes_inverse_shape[&lt;lambda&gt;1]" time="0.0004513263702392578"><skipped message="Suite splitting in effect" type="pytest.skip">src/pymortests/affine_grid.py:154: Suite splitting in effect</skipped></testcase><testcase classname="src.pymortests.affine_grid" file="src/pymortests/affine_grid.py" line="154" name="test_volumes_inverse_shape[&lt;lambda&gt;2]" time="0.0004265308380126953"><skipped message="Suite splitting in effect" type="pytest.skip">src/pymortests/affine_grid.py:154: Suite splitting in effect</skipped></testcase><testcase classname="src.pymortests.affine_grid" file="src/pymortests/affine_grid.py" line="154" name="test_volumes_inverse_shape[&lt;lambda&gt;3]" time="0.0004546642303466797"><skipped message="Suite splitting in effect" type="pytest.skip">src/pymortests/affine_grid.py:154: Suite splitting in effect</skipped></testcase><testcase classname="src.pymortests.affine_grid" file="src/pymortests/affine_grid.py" line="154" name="test_volumes_inverse_shape[&lt;lambda&gt;4]" time="0.0004839897155761719"><skipped message="Suite splitting in effect" type="pytest.skip">src/pymortests/affine_grid.py:154: Suite splitting in effect</skipped></testcase><testcase classname="src.pymortests.affine_grid" file="src/pymortests/affine_grid.py" line="154" name="test_volumes_inverse_shape[&lt;lambda&gt;5]" time="0.0004601478576660156"><skipped message="Suite splitting in effect" type="pytest.skip">src/pymortests/affine_grid.py:154: Suite splitting in effect</skipped></testcase><testcase classname="src.pymortests.affine_grid" file="src/pymortests/affine_grid.py" line="154" name="test_volumes_inverse_shape[&lt;lambda&gt;6]" time="0.0004725456237792969"><skipped message="Suite splitting in effect" type="pytest.skip">src/pymortests/affine_grid.py:154: Suite splitting in effect</skipped></testcase><testcase classname="src.pymortests.affine_grid" file="src/pymortests/affine_grid.py" line="154" name="test_volumes_inverse_shape[&lt;lambda&gt;7]" time="0.0008041858673095703"><skipped message="Suite splitting in effect" type="pytest.skip">src/pymortests/affine_grid.py:154: Suite splitting in effect</skipped></testcase><testcase classname="src.pymortests.affine_grid" file="src/pymortests/affine_grid.py" line="154" name="test_volumes_inverse_shape[&lt;lambda&gt;8]" time="0.0004267692565917969"><skipped message="Suite splitting in effect" type="pytest.skip">src/pymortests/affine_grid.py:154: Suite splitting in effect</skipped></testcase><testcase classname="src.pymortests.affine_grid" file="src/pymortests/affine_grid.py" line="154" name="test_volumes_inverse_shape[&lt;lambda&gt;9]" time="0.0004951953887939453"><skipped message="Suite splitting in effect" type="pytest.skip">src/pymortests/affine_grid.py:154: Suite splitting in effect</skipped></testcase><testcase classname="src.pymortests.affine_grid" file="src/pymortests/affine_grid.py" line="154" name="test_volumes_inverse_shape[&lt;lambda&gt;10]" time="0.00042247772216796875"><skipped message="Suite splitting in effect" type="pytest.skip">src/pymortests/affine_grid.py:154: Suite splitting in effect</skipped></testcase><testcase classname="src.pymortests.affine_grid" file="src/pymortests/affine_grid.py" line="154" name="test_volumes_inverse_shape[&lt;lambda&gt;11]" time="0.0004470348358154297"><skipped message="Suite splitting in effect" type="pytest.skip">src/pymortests/affine_grid.py:154: Suite splitting in effect</skipped></testcase><testcase classname="src.pymortests.affine_grid" file="src/pymortests/affine_grid.py" line="154" name="test_volumes_inverse_shape[&lt;lambda&gt;12]" time="0.0004963874816894531"><skipped message="Suite splitting in effect" type="pytest.skip">src/pymortests/affine_grid.py:154: Suite splitting in effect</skipped></testcase><testcase classname="src.pymortests.affine_grid" file="src/pymortests/affine_grid.py" line="154" name="test_volumes_inverse_shape[&lt;lambda&gt;13]" time="0.0004246234893798828"><skipped message="Suite splitting in effect" type="pytest.skip">src/pymortests/affine_grid.py:154: Suite splitting in effect</skipped></testcase><testcase classname="src.pymortests.affine_grid" file="src/pymortests/affine_grid.py" line="154" name="test_volumes_inverse_shape[&lt;lambda&gt;14]" time="0.0004744529724121094"><skipped message="Suite splitting in effect" type="pytest.skip">src/pymortests/affine_grid.py:154: Suite splitting in effect</skipped></testcase><testcase classname="src.pymortests.affine_grid" file="src/pymortests/affine_grid.py" line="154" name="test_volumes_inverse_shape[&lt;lambda&gt;15]" time="0.0008096694946289062"><skipped message="Suite splitting in effect" type="pytest.skip">src/pymortests/affine_grid.py:154: Suite splitting in effect</skipped></testcase><testcase classname="src.pymortests.affine_grid" file="src/pymortests/affine_grid.py" line="154" name="test_volumes_inverse_shape[&lt;lambda&gt;16]" time="0.0004248619079589844"><skipped message="Suite splitting in effect" type="pytest.skip">src/pymortests/affine_grid.py:154: Suite splitting in effect</skipped></testcase><testcase classname="src.pymortests.affine_grid" file="src/pymortests/affine_grid.py" line="154" name="test_volumes_inverse_shape[&lt;lambda&gt;17]" time="0.0004923343658447266"><skipped message="Suite splitting in effect" type="pytest.skip">src/pymortests/affine_grid.py:154: Suite splitting in effect</skipped></testcase><testcase classname="src.pymortests.affine_grid" file="src/pymortests/affine_grid.py" line="154" name="test_volumes_inverse_shape[&lt;lambda&gt;18]" time="0.0004336833953857422"><skipped message="Suite splitting in effect" type="pytest.skip">src/pymortests/affine_grid.py:154: Suite splitting in effect</skipped></testcase><testcase classname="src.pymortests.affine_grid" file="src/pymortests/affine_grid.py" line="154" name="test_volumes_inverse_shape[&lt;lambda&gt;19]" time="0.00045609474182128906"><skipped message="Suite splitting in effect" type="pytest.skip">src/pymortests/affine_grid.py:154: Suite splitting in effect</skipped></testcase><testcase classname="src.pymortests.affine_grid" file="src/pymortests/affine_grid.py" line="154" name="test_volumes_inverse_shape[&lt;lambda&gt;20]" time="0.00045490264892578125"><skipped message="Suite splitting in effect" type="pytest.skip">src/pymortests/affine_grid.py:154: Suite splitting in effect</skipped></testcase><testcase classname="src.pymortests.affine_grid" file="src/pymortests/affine_grid.py" line="154" name="test_volumes_inverse_shape[&lt;lambda&gt;21]" time="0.0004515647888183594"><skipped message="Suite splitting in effect" type="pytest.skip">src/pymortests/affine_grid.py:154: Suite splitting in effect</skipped></testcase><testcase classname="src.pymortests.affine_grid" file="src/pymortests/affine_grid.py" line="154" name="test_volumes_inverse_shape[&lt;lambda&gt;22]" time="0.0004506111145019531"><skipped message="Suite splitting in effect" type="pytest.skip">src/pymortests/affine_grid.py:154: Suite splitting in effect</skipped></testcase><testcase classname="src.pymortests.affine_grid" file="src/pymortests/affine_grid.py" line="154" name="test_volumes_inverse_shape[&lt;lambda&gt;23]" time="0.0008237361907958984"><skipped message="Suite splitting in effect" type="pytest.skip">src/pymortests/affine_grid.py:154: Suite splitting in effect</skipped></testcase><testcase classname="src.pymortests.affine_grid" file="src/pymortests/affine_grid.py" line="154" name="test_volumes_inverse_shape[&lt;lambda&gt;24]" time="0.00047898292541503906"><skipped message="Suite splitting in effect" type="pytest.skip">src/pymortests/affine_grid.py:154: Suite splitting in effect</skipped></testcase><testcase classname="src.pymortests.affine_grid" file="src/pymortests/affine_grid.py" line="154" name="test_volumes_inverse_shape[&lt;lambda&gt;25]" time="0.0004265308380126953"><skipped message="Suite splitting in effect" type="pytest.skip">src/pymortests/affine_grid.py:154: Suite splitting in effect</skipped></testcase><testcase classname="src.pymortests.affine_grid" file="src/pymortests/affine_grid.py" line="154" name="test_volumes_inverse_shape[&lt;lambda&gt;26]" time="0.0004782676696777344"><skipped message="Suite splitting in effect" type="pytest.skip">src/pymortests/affine_grid.py:154: Suite splitting in effect</skipped></testcase><testcase classname="src.pymortests.affine_grid" file="src/pymortests/affine_grid.py" line="154" name="test_volumes_inverse_shape[&lt;lambda&gt;27]" time="0.0005128383636474609"><skipped message="Suite splitting in effect" type="pytest.skip">src/pymortests/affine_grid.py:154: Suite splitting in effect</skipped></testcase><testcase classname="src.pymortests.affine_grid" file="src/pymortests/affine_grid.py" line="154" name="test_volumes_inverse_shape[&lt;lambda&gt;28]" time="0.0004341602325439453"><skipped message="Suite splitting in effect" type="pytest.skip">src/pymortests/affine_grid.py:154: Suite splitting in effect</skipped></testcase><testcase classname="src.pymortests.affine_grid" file="src/pymortests/affine_grid.py" line="154" name="test_volumes_inverse_shape[&lt;lambda&gt;29]" time="0.0004642009735107422"><skipped message="Suite splitting in effect" type="pytest.skip">src/pymortests/affine_grid.py:154: Suite splitting in effect</skipped></testcase><testcase classname="src.pymortests.affine_grid" file="src/pymortests/affine_grid.py" line="154" name="test_volumes_inverse_shape[&lt;lambda&gt;30]" time="0.0004584789276123047"><skipped message="Suite splitting in effect" type="pytest.skip">src/pymortests/affine_grid.py:154: Suite splitting in effect</skipped></testcase><testcase classname="src.pymortests.affine_grid" file="src/pymortests/affine_grid.py" line="154" name="test_volumes_inverse_shape[&lt;lambda&gt;31]" time="0.0007369518280029297"><skipped message="Suite splitting in effect" type="pytest.skip">src/pymortests/affine_grid.py:154: Suite splitting in effect</skipped></testcase><testcase classname="src.pymortests.affine_grid" file="src/pymortests/affine_grid.py" line="154" name="test_volumes_inverse_shape[&lt;lambda&gt;32]" time="0.0004699230194091797"><skipped message="Suite splitting in effect" type="pytest.skip">src/pymortests/affine_grid.py:154: Suite splitting in effect</skipped></testcase><testcase classname="src.pymortests.affine_grid" file="src/pymortests/affine_grid.py" line="154" name="test_volumes_inverse_shape[&lt;lambda&gt;33]" time="0.0004260540008544922"><skipped message="Suite splitting in effect" type="pytest.skip">src/pymortests/affine_grid.py:154: Suite splitting in effect</skipped></testcase><testcase classname="src.pymortests.affine_grid" file="src/pymortests/affine_grid.py" line="154" name="test_volumes_inverse_shape[&lt;lambda&gt;34]" time="0.0004885196685791016"><skipped message="Suite splitting in effect" type="pytest.skip">src/pymortests/affine_grid.py:154: Suite splitting in effect</skipped></testcase><testcase classname="src.pymortests.affine_grid" file="src/pymortests/affine_grid.py" line="154" name="test_volumes_inverse_shape[&lt;lambda&gt;35]" time="0.00045371055603027344"><skipped message="Suite splitting in effect" type="pytest.skip">src/pymortests/affine_grid.py:154: Suite splitting in effect</skipped></testcase><testcase classname="src.pymortests.affine_grid" file="src/pymortests/affine_grid.py" line="154" name="test_volumes_inverse_shape[&lt;lambda&gt;36]" time="0.0004596710205078125"><skipped message="Suite splitting in effect" type="pytest.skip">src/pymortests/affine_grid.py:154: Suite splitting in effect</skipped></testcase><testcase classname="src.pymortests.affine_grid" file="src/pymortests/affine_grid.py" line="154" name="test_volumes_inverse_shape[&lt;lambda&gt;37]" time="0.0004608631134033203"><skipped message="Suite splitting in effect" type="pytest.skip">src/pymortests/affine_grid.py:154: Suite splitting in effect</skipped></testcase><testcase classname="src.pymortests.affine_grid" file="src/pymortests/affine_grid.py" line="154" name="test_volumes_inverse_shape[&lt;lambda&gt;38]" time="0.0004544258117675781"><skipped message="Suite splitting in effect" type="pytest.skip">src/pymortests/affine_grid.py:154: Suite splitting in effect</skipped></testcase><testcase classname="src.pymortests.affine_grid" file="src/pymortests/affine_grid.py" line="154" name="test_volumes_inverse_shape[&lt;lambda&gt;39]" time="0.0010623931884765625"><skipped message="Suite splitting in effect" type="pytest.skip">src/pymortests/affine_grid.py:154: Suite splitting in effect</skipped></testcase><testcase classname="src.pymortests.affine_grid" file="src/pymortests/affine_grid.py" line="154" name="test_volumes_inverse_shape[&lt;lambda&gt;40]" time="0.00043654441833496094"><skipped message="Suite splitting in effect" type="pytest.skip">src/pymortests/affine_grid.py:154: Suite splitting in effect</skipped></testcase><testcase classname="src.pymortests.affine_grid" file="src/pymortests/affine_grid.py" line="154" name="test_volumes_inverse_shape[&lt;lambda&gt;41]" time="0.000469207763671875"><skipped message="Suite splitting in effect" type="pytest.skip">src/pymortests/affine_grid.py:154: Suite splitting in effect</skipped></testcase><testcase classname="src.pymortests.affine_grid" file="src/pymortests/affine_grid.py" line="154" name="test_volumes_inverse_shape[&lt;lambda&gt;42]" time="0.00045752525329589844"><skipped message="Suite splitting in effect" type="pytest.skip">src/pymortests/affine_grid.py:154: Suite splitting in effect</skipped></testcase><testcase classname="src.pymortests.affine_grid" file="src/pymortests/affine_grid.py" line="160" name="test_volumes_inverse_values[&lt;lambda&gt;0]" time="0.00048279762268066406"><skipped message="Suite splitting in effect" type="pytest.skip">src/pymortests/affine_grid.py:160: Suite splitting in effect</skipped></testcase><testcase classname="src.pymortests.affine_grid" file="src/pymortests/affine_grid.py" line="160" name="test_volumes_inverse_values[&lt;lambda&gt;1]" time="0.0004611015319824219"><skipped message="Suite splitting in effect" type="pytest.skip">src/pymortests/affine_grid.py:160: Suite splitting in effect</skipped></testcase><testcase classname="src.pymortests.affine_grid" file="src/pymortests/affine_grid.py" line="160" name="test_volumes_inverse_values[&lt;lambda&gt;2]" time="0.00047016143798828125"><skipped message="Suite splitting in effect" type="pytest.skip">src/pymortests/affine_grid.py:160: Suite splitting in effect</skipped></testcase><testcase classname="src.pymortests.affine_grid" file="src/pymortests/affine_grid.py" line="160" name="test_volumes_inverse_values[&lt;lambda&gt;3]" time="0.00047659873962402344"><skipped message="Suite splitting in effect" type="pytest.skip">src/pymortests/affine_grid.py:160: Suite splitting in effect</skipped></testcase><testcase classname="src.pymortests.affine_grid" file="src/pymortests/affine_grid.py" line="160" name="test_volumes_inverse_values[&lt;lambda&gt;4]" time="0.0008549690246582031"><skipped message="Suite splitting in effect" type="pytest.skip">src/pymortests/affine_grid.py:160: Suite splitting in effect</skipped></testcase><testcase classname="src.pymortests.affine_grid" file="src/pymortests/affine_grid.py" line="160" name="test_volumes_inverse_values[&lt;lambda&gt;5]" time="0.00046372413635253906"><skipped message="Suite splitting in effect" type="pytest.skip">src/pymortests/affine_grid.py:160: Suite splitting in effect</skipped></testcase><testcase classname="src.pymortests.affine_grid" file="src/pymortests/affine_grid.py" line="160" name="test_volumes_inverse_values[&lt;lambda&gt;6]" time="0.0004220008850097656"><skipped message="Suite splitting in effect" type="pytest.skip">src/pymortests/affine_grid.py:160: Suite splitting in effect</skipped></testcase><testcase classname="src.pymortests.affine_grid" file="src/pymortests/affine_grid.py" line="160" name="test_volumes_inverse_values[&lt;lambda&gt;7]" time="0.0004177093505859375"><skipped message="Suite splitting in effect" type="pytest.skip">src/pymortests/affine_grid.py:160: Suite splitting in effect</skipped></testcase><testcase classname="src.pymortests.affine_grid" file="src/pymortests/affine_grid.py" line="160" name="test_volumes_inverse_values[&lt;lambda&gt;8]" time="0.0004429817199707031"><skipped message="Suite splitting in effect" type="pytest.skip">src/pymortests/affine_grid.py:160: Suite splitting in effect</skipped></testcase><testcase classname="src.pymortests.affine_grid" file="src/pymortests/affine_grid.py" line="160" name="test_volumes_inverse_values[&lt;lambda&gt;9]" time="0.00047516822814941406"><skipped message="Suite splitting in effect" type="pytest.skip">src/pymortests/affine_grid.py:160: Suite splitting in effect</skipped></testcase><testcase classname="src.pymortests.affine_grid" file="src/pymortests/affine_grid.py" line="160" name="test_volumes_inverse_values[&lt;lambda&gt;10]" time="0.0004546642303466797"><skipped message="Suite splitting in effect" type="pytest.skip">src/pymortests/affine_grid.py:160: Suite splitting in effect</skipped></testcase><testcase classname="src.pymortests.affine_grid" file="src/pymortests/affine_grid.py" line="160" name="test_volumes_inverse_values[&lt;lambda&gt;11]" time="0.0004918575286865234"><skipped message="Suite splitting in effect" type="pytest.skip">src/pymortests/affine_grid.py:160: Suite splitting in effect</skipped></testcase><testcase classname="src.pymortests.affine_grid" file="src/pymortests/affine_grid.py" line="160" name="test_volumes_inverse_values[&lt;lambda&gt;12]" time="0.0007877349853515625"><skipped message="Suite splitting in effect" type="pytest.skip">src/pymortests/affine_grid.py:160: Suite splitting in effect</skipped></testcase><testcase classname="src.pymortests.affine_grid" file="src/pymortests/affine_grid.py" line="160" name="test_volumes_inverse_values[&lt;lambda&gt;13]" time="0.0004482269287109375"><skipped message="Suite splitting in effect" type="pytest.skip">src/pymortests/affine_grid.py:160: Suite splitting in effect</skipped></testcase><testcase classname="src.pymortests.affine_grid" file="src/pymortests/affine_grid.py" line="160" name="test_volumes_inverse_values[&lt;lambda&gt;14]" time="0.0004878044128417969"><skipped message="Suite splitting in effect" type="pytest.skip">src/pymortests/affine_grid.py:160: Suite splitting in effect</skipped></testcase><testcase classname="src.pymortests.affine_grid" file="src/pymortests/affine_grid.py" line="160" name="test_volumes_inverse_values[&lt;lambda&gt;15]" time="0.00043082237243652344"><skipped message="Suite splitting in effect" type="pytest.skip">src/pymortests/affine_grid.py:160: Suite splitting in effect</skipped></testcase><testcase classname="src.pymortests.affine_grid" file="src/pymortests/affine_grid.py" line="160" name="test_volumes_inverse_values[&lt;lambda&gt;16]" time="0.0004911422729492188"><skipped message="Suite splitting in effect" type="pytest.skip">src/pymortests/affine_grid.py:160: Suite splitting in effect</skipped></testcase><testcase classname="src.pymortests.affine_grid" file="src/pymortests/affine_grid.py" line="160" name="test_volumes_inverse_values[&lt;lambda&gt;17]" time="0.00047707557678222656"><skipped message="Suite splitting in effect" type="pytest.skip">src/pymortests/affine_grid.py:160: Suite splitting in effect</skipped></testcase><testcase classname="src.pymortests.affine_grid" file="src/pymortests/affine_grid.py" line="160" name="test_volumes_inverse_values[&lt;lambda&gt;18]" time="0.00046539306640625"><skipped message="Suite splitting in effect" type="pytest.skip">src/pymortests/affine_grid.py:160: Suite splitting in effect</skipped></testcase><testcase classname="src.pymortests.affine_grid" file="src/pymortests/affine_grid.py" line="160" name="test_volumes_inverse_values[&lt;lambda&gt;19]" time="0.0004265308380126953"><skipped message="Suite splitting in effect" type="pytest.skip">src/pymortests/affine_grid.py:160: Suite splitting in effect</skipped></testcase><testcase classname="src.pymortests.affine_grid" file="src/pymortests/affine_grid.py" line="160" name="test_volumes_inverse_values[&lt;lambda&gt;20]" time="0.0008268356323242188"><skipped message="Suite splitting in effect" type="pytest.skip">src/pymortests/affine_grid.py:160: Suite splitting in effect</skipped></testcase><testcase classname="src.pymortests.affine_grid" file="src/pymortests/affine_grid.py" line="160" name="test_volumes_inverse_values[&lt;lambda&gt;21]" time="0.0004949569702148438"><skipped message="Suite splitting in effect" type="pytest.skip">src/pymortests/affine_grid.py:160: Suite splitting in effect</skipped></testcase><testcase classname="src.pymortests.affine_grid" file="src/pymortests/affine_grid.py" line="160" name="test_volumes_inverse_values[&lt;lambda&gt;22]" time="0.00048470497131347656"><skipped message="Suite splitting in effect" type="pytest.skip">src/pymortests/affine_grid.py:160: Suite splitting in effect</skipped></testcase><testcase classname="src.pymortests.affine_grid" file="src/pymortests/affine_grid.py" line="160" name="test_volumes_inverse_values[&lt;lambda&gt;23]" time="0.00043320655822753906"><skipped message="Suite splitting in effect" type="pytest.skip">src/pymortests/affine_grid.py:160: Suite splitting in effect</skipped></testcase><testcase classname="src.pymortests.affine_grid" file="src/pymortests/affine_grid.py" line="160" name="test_volumes_inverse_values[&lt;lambda&gt;24]" time="0.0004355907440185547"><skipped message="Suite splitting in effect" type="pytest.skip">src/pymortests/affine_grid.py:160: Suite splitting in effect</skipped></testcase><testcase classname="src.pymortests.affine_grid" file="src/pymortests/affine_grid.py" line="160" name="test_volumes_inverse_values[&lt;lambda&gt;25]" time="0.00048160552978515625"><skipped message="Suite splitting in effect" type="pytest.skip">src/pymortests/affine_grid.py:160: Suite splitting in effect</skipped></testcase><testcase classname="src.pymortests.affine_grid" file="src/pymortests/affine_grid.py" line="160" name="test_volumes_inverse_values[&lt;lambda&gt;26]" time="0.0005025863647460938"><skipped message="Suite splitting in effect" type="pytest.skip">src/pymortests/affine_grid.py:160: Suite splitting in effect</skipped></testcase><testcase classname="src.pymortests.affine_grid" file="src/pymortests/affine_grid.py" line="160" name="test_volumes_inverse_values[&lt;lambda&gt;27]" time="0.0004398822784423828"><skipped message="Suite splitting in effect" type="pytest.skip">src/pymortests/affine_grid.py:160: Suite splitting in effect</skipped></testcase><testcase classname="src.pymortests.affine_grid" file="src/pymortests/affine_grid.py" line="160" name="test_volumes_inverse_values[&lt;lambda&gt;28]" time="0.0009107589721679688"><skipped message="Suite splitting in effect" type="pytest.skip">src/pymortests/affine_grid.py:160: Suite splitting in effect</skipped></testcase><testcase classname="src.pymortests.affine_grid" file="src/pymortests/affine_grid.py" line="160" name="test_volumes_inverse_values[&lt;lambda&gt;29]" time="0.0005037784576416016"><skipped message="Suite splitting in effect" type="pytest.skip">src/pymortests/affine_grid.py:160: Suite splitting in effect</skipped></testcase><testcase classname="src.pymortests.affine_grid" file="src/pymortests/affine_grid.py" line="160" name="test_volumes_inverse_values[&lt;lambda&gt;30]" time="0.00054168701171875"><skipped message="Suite splitting in effect" type="pytest.skip">src/pymortests/affine_grid.py:160: Suite splitting in effect</skipped></testcase><testcase classname="src.pymortests.affine_grid" file="src/pymortests/affine_grid.py" line="160" name="test_volumes_inverse_values[&lt;lambda&gt;31]" time="0.0004220008850097656"><skipped message="Suite splitting in effect" type="pytest.skip">src/pymortests/affine_grid.py:160: Suite splitting in effect</skipped></testcase><testcase classname="src.pymortests.affine_grid" file="src/pymortests/affine_grid.py" line="160" name="test_volumes_inverse_values[&lt;lambda&gt;32]" time="0.0004820823669433594"><skipped message="Suite splitting in effect" type="pytest.skip">src/pymortests/affine_grid.py:160: Suite splitting in effect</skipped></testcase><testcase classname="src.pymortests.affine_grid" file="src/pymortests/affine_grid.py" line="160" name="test_volumes_inverse_values[&lt;lambda&gt;33]" time="0.0004532337188720703"><skipped message="Suite splitting in effect" type="pytest.skip">src/pymortests/affine_grid.py:160: Suite splitting in effect</skipped></testcase><testcase classname="src.pymortests.affine_grid" file="src/pymortests/affine_grid.py" line="160" name="test_volumes_inverse_values[&lt;lambda&gt;34]" time="0.00046515464782714844"><skipped message="Suite splitting in effect" type="pytest.skip">src/pymortests/affine_grid.py:160: Suite splitting in effect</skipped></testcase><testcase classname="src.pymortests.affine_grid" file="src/pymortests/affine_grid.py" line="160" name="test_volumes_inverse_values[&lt;lambda&gt;35]" time="0.00042819976806640625"><skipped message="Suite splitting in effect" type="pytest.skip">src/pymortests/affine_grid.py:160: Suite splitting in effect</skipped></testcase><testcase classname="src.pymortests.affine_grid" file="src/pymortests/affine_grid.py" line="160" name="test_volumes_inverse_values[&lt;lambda&gt;36]" time="0.000942230224609375"><skipped message="Suite splitting in effect" type="pytest.skip">src/pymortests/affine_grid.py:160: Suite splitting in effect</skipped></testcase><testcase classname="src.pymortests.affine_grid" file="src/pymortests/affine_grid.py" line="160" name="test_volumes_inverse_values[&lt;lambda&gt;37]" time="0.0005118846893310547"><skipped message="Suite splitting in effect" type="pytest.skip">src/pymortests/affine_grid.py:160: Suite splitting in effect</skipped></testcase><testcase classname="src.pymortests.affine_grid" file="src/pymortests/affine_grid.py" line="160" name="test_volumes_inverse_values[&lt;lambda&gt;38]" time="0.0004942417144775391"><skipped message="Suite splitting in effect" type="pytest.skip">src/pymortests/affine_grid.py:160: Suite splitting in effect</skipped></testcase><testcase classname="src.pymortests.affine_grid" file="src/pymortests/affine_grid.py" line="160" name="test_volumes_inverse_values[&lt;lambda&gt;39]" time="0.0004355907440185547"><skipped message="Suite splitting in effect" type="pytest.skip">src/pymortests/affine_grid.py:160: Suite splitting in effect</skipped></testcase><testcase classname="src.pymortests.affine_grid" file="src/pymortests/affine_grid.py" line="160" name="test_volumes_inverse_values[&lt;lambda&gt;40]" time="0.0004680156707763672"><skipped message="Suite splitting in effect" type="pytest.skip">src/pymortests/affine_grid.py:160: Suite splitting in effect</skipped></testcase><testcase classname="src.pymortests.affine_grid" file="src/pymortests/affine_grid.py" line="160" name="test_volumes_inverse_values[&lt;lambda&gt;41]" time="0.0005030632019042969"><skipped message="Suite splitting in effect" type="pytest.skip">src/pymortests/affine_grid.py:160: Suite splitting in effect</skipped></testcase><testcase classname="src.pymortests.affine_grid" file="src/pymortests/affine_grid.py" line="160" name="test_volumes_inverse_values[&lt;lambda&gt;42]" time="0.0004799365997314453"><skipped message="Suite splitting in effect" type="pytest.skip">src/pymortests/affine_grid.py:160: Suite splitting in effect</skipped></testcase><testcase classname="src.pymortests.affine_grid" file="src/pymortests/affine_grid.py" line="168" name="test_unit_outer_normals_shape[&lt;lambda&gt;0]" time="0.00042819976806640625"><skipped message="Suite splitting in effect" type="pytest.skip">src/pymortests/affine_grid.py:168: Suite splitting in effect</skipped></testcase><testcase classname="src.pymortests.affine_grid" file="src/pymortests/affine_grid.py" line="168" name="test_unit_outer_normals_shape[&lt;lambda&gt;1]" time="0.0008087158203125"><skipped message="Suite splitting in effect" type="pytest.skip">src/pymortests/affine_grid.py:168: Suite splitting in effect</skipped></testcase><testcase classname="src.pymortests.affine_grid" file="src/pymortests/affine_grid.py" line="168" name="test_unit_outer_normals_shape[&lt;lambda&gt;2]" time="0.0004379749298095703"><skipped message="Suite splitting in effect" type="pytest.skip">src/pymortests/affine_grid.py:168: Suite splitting in effect</skipped></testcase><testcase classname="src.pymortests.affine_grid" file="src/pymortests/affine_grid.py" line="168" name="test_unit_outer_normals_shape[&lt;lambda&gt;3]" time="0.0004918575286865234"><skipped message="Suite splitting in effect" type="pytest.skip">src/pymortests/affine_grid.py:168: Suite splitting in effect</skipped></testcase><testcase classname="src.pymortests.affine_grid" file="src/pymortests/affine_grid.py" line="168" name="test_unit_outer_normals_shape[&lt;lambda&gt;4]" time="0.0005657672882080078"><skipped message="Suite splitting in effect" type="pytest.skip">src/pymortests/affine_grid.py:168: Suite splitting in effect</skipped></testcase><testcase classname="src.pymortests.affine_grid" file="src/pymortests/affine_grid.py" line="168" name="test_unit_outer_normals_shape[&lt;lambda&gt;5]" time="0.0004565715789794922"><skipped message="Suite splitting in effect" type="pytest.skip">src/pymortests/affine_grid.py:168: Suite splitting in effect</skipped></testcase><testcase classname="src.pymortests.affine_grid" file="src/pymortests/affine_grid.py" line="168" name="test_unit_outer_normals_shape[&lt;lambda&gt;6]" time="0.00051116943359375"><skipped message="Suite splitting in effect" type="pytest.skip">src/pymortests/affine_grid.py:168: Suite splitting in effect</skipped></testcase><testcase classname="src.pymortests.affine_grid" file="src/pymortests/affine_grid.py" line="168" name="test_unit_outer_normals_shape[&lt;lambda&gt;7]" time="0.0004642009735107422"><skipped message="Suite splitting in effect" type="pytest.skip">src/pymortests/affine_grid.py:168: Suite splitting in effect</skipped></testcase><testcase classname="src.pymortests.affine_grid" file="src/pymortests/affine_grid.py" line="168" name="test_unit_outer_normals_shape[&lt;lambda&gt;8]" time="0.0004930496215820312"><skipped message="Suite splitting in effect" type="pytest.skip">src/pymortests/affine_grid.py:168: Suite splitting in effect</skipped></testcase><testcase classname="src.pymortests.affine_grid" file="src/pymortests/affine_grid.py" line="168" name="test_unit_outer_normals_shape[&lt;lambda&gt;9]" time="0.0008053779602050781"><skipped message="Suite splitting in effect" type="pytest.skip">src/pymortests/affine_grid.py:168: Suite splitting in effect</skipped></testcase><testcase classname="src.pymortests.affine_grid" file="src/pymortests/affine_grid.py" line="168" name="test_unit_outer_normals_shape[&lt;lambda&gt;10]" time="0.0005283355712890625"><skipped message="Suite splitting in effect" type="pytest.skip">src/pymortests/affine_grid.py:168: Suite splitting in effect</skipped></testcase><testcase classname="src.pymortests.affine_grid" file="src/pymortests/affine_grid.py" line="168" name="test_unit_outer_normals_shape[&lt;lambda&gt;11]" time="0.00048089027404785156"><skipped message="Suite splitting in effect" type="pytest.skip">src/pymortests/affine_grid.py:168: Suite splitting in effect</skipped></testcase><testcase classname="src.pymortests.affine_grid" file="src/pymortests/affine_grid.py" line="168" name="test_unit_outer_normals_shape[&lt;lambda&gt;12]" time="0.0004477500915527344"><skipped message="Suite splitting in effect" type="pytest.skip">src/pymortests/affine_grid.py:168: Suite splitting in effect</skipped></testcase><testcase classname="src.pymortests.affine_grid" file="src/pymortests/affine_grid.py" line="168" name="test_unit_outer_normals_shape[&lt;lambda&gt;13]" time="0.0004150867462158203"><skipped message="Suite splitting in effect" type="pytest.skip">src/pymortests/affine_grid.py:168: Suite splitting in effect</skipped></testcase><testcase classname="src.pymortests.affine_grid" file="src/pymortests/affine_grid.py" line="168" name="test_unit_outer_normals_shape[&lt;lambda&gt;14]" time="0.0004990100860595703"><skipped message="Suite splitting in effect" type="pytest.skip">src/pymortests/affine_grid.py:168: Suite splitting in effect</skipped></testcase><testcase classname="src.pymortests.affine_grid" file="src/pymortests/affine_grid.py" line="168" name="test_unit_outer_normals_shape[&lt;lambda&gt;15]" time="0.0004918575286865234"><skipped message="Suite splitting in effect" type="pytest.skip">src/pymortests/affine_grid.py:168: Suite splitting in effect</skipped></testcase><testcase classname="src.pymortests.affine_grid" file="src/pymortests/affine_grid.py" line="168" name="test_unit_outer_normals_shape[&lt;lambda&gt;16]" time="0.0005128383636474609"><skipped message="Suite splitting in effect" type="pytest.skip">src/pymortests/affine_grid.py:168: Suite splitting in effect</skipped></testcase><testcase classname="src.pymortests.affine_grid" file="src/pymortests/affine_grid.py" line="168" name="test_unit_outer_normals_shape[&lt;lambda&gt;17]" time="0.0008311271667480469"><skipped message="Suite splitting in effect" type="pytest.skip">src/pymortests/affine_grid.py:168: Suite splitting in effect</skipped></testcase><testcase classname="src.pymortests.affine_grid" file="src/pymortests/affine_grid.py" line="168" name="test_unit_outer_normals_shape[&lt;lambda&gt;18]" time="0.0004971027374267578"><skipped message="Suite splitting in effect" type="pytest.skip">src/pymortests/affine_grid.py:168: Suite splitting in effect</skipped></testcase><testcase classname="src.pymortests.affine_grid" file="src/pymortests/affine_grid.py" line="168" name="test_unit_outer_normals_shape[&lt;lambda&gt;19]" time="0.0005183219909667969"><skipped message="Suite splitting in effect" type="pytest.skip">src/pymortests/affine_grid.py:168: Suite splitting in effect</skipped></testcase><testcase classname="src.pymortests.affine_grid" file="src/pymortests/affine_grid.py" line="168" name="test_unit_outer_normals_shape[&lt;lambda&gt;20]" time="0.00047898292541503906"><skipped message="Suite splitting in effect" type="pytest.skip">src/pymortests/affine_grid.py:168: Suite splitting in effect</skipped></testcase><testcase classname="src.pymortests.affine_grid" file="src/pymortests/affine_grid.py" line="168" name="test_unit_outer_normals_shape[&lt;lambda&gt;21]" time="0.00046181678771972656"><skipped message="Suite splitting in effect" type="pytest.skip">src/pymortests/affine_grid.py:168: Suite splitting in effect</skipped></testcase><testcase classname="src.pymortests.affine_grid" file="src/pymortests/affine_grid.py" line="168" name="test_unit_outer_normals_shape[&lt;lambda&gt;22]" time="0.0004889965057373047"><skipped message="Suite splitting in effect" type="pytest.skip">src/pymortests/affine_grid.py:168: Suite splitting in effect</skipped></testcase><testcase classname="src.pymortests.affine_grid" file="src/pymortests/affine_grid.py" line="168" name="test_unit_outer_normals_shape[&lt;lambda&gt;23]" time="0.0005238056182861328"><skipped message="Suite splitting in effect" type="pytest.skip">src/pymortests/affine_grid.py:168: Suite splitting in effect</skipped></testcase><testcase classname="src.pymortests.affine_grid" file="src/pymortests/affine_grid.py" line="168" name="test_unit_outer_normals_shape[&lt;lambda&gt;24]" time="0.00046253204345703125"><skipped message="Suite splitting in effect" type="pytest.skip">src/pymortests/affine_grid.py:168: Suite splitting in effect</skipped></testcase><testcase classname="src.pymortests.affine_grid" file="src/pymortests/affine_grid.py" line="168" name="test_unit_outer_normals_shape[&lt;lambda&gt;25]" time="0.0007238388061523438"><skipped message="Suite splitting in effect" type="pytest.skip">src/pymortests/affine_grid.py:168: Suite splitting in effect</skipped></testcase><testcase classname="src.pymortests.affine_grid" file="src/pymortests/affine_grid.py" line="168" name="test_unit_outer_normals_shape[&lt;lambda&gt;26]" time="0.0004684925079345703"><skipped message="Suite splitting in effect" type="pytest.skip">src/pymortests/affine_grid.py:168: Suite splitting in effect</skipped></testcase><testcase classname="src.pymortests.affine_grid" file="src/pymortests/affine_grid.py" line="168" name="test_unit_outer_normals_shape[&lt;lambda&gt;27]" time="0.0004584789276123047"><skipped message="Suite splitting in effect" type="pytest.skip">src/pymortests/affine_grid.py:168: Suite splitting in effect</skipped></testcase><testcase classname="src.pymortests.affine_grid" file="src/pymortests/affine_grid.py" line="168" name="test_unit_outer_normals_shape[&lt;lambda&gt;28]" time="0.0004100799560546875"><skipped message="Suite splitting in effect" type="pytest.skip">src/pymortests/affine_grid.py:168: Suite splitting in effect</skipped></testcase><testcase classname="src.pymortests.affine_grid" file="src/pymortests/affine_grid.py" line="168" name="test_unit_outer_normals_shape[&lt;lambda&gt;29]" time="0.00046563148498535156"><skipped message="Suite splitting in effect" type="pytest.skip">src/pymortests/affine_grid.py:168: Suite splitting in effect</skipped></testcase><testcase classname="src.pymortests.affine_grid" file="src/pymortests/affine_grid.py" line="168" name="test_unit_outer_normals_shape[&lt;lambda&gt;30]" time="0.0004303455352783203"><skipped message="Suite splitting in effect" type="pytest.skip">src/pymortests/affine_grid.py:168: Suite splitting in effect</skipped></testcase><testcase classname="src.pymortests.affine_grid" file="src/pymortests/affine_grid.py" line="168" name="test_unit_outer_normals_shape[&lt;lambda&gt;31]" time="0.00046324729919433594"><skipped message="Suite splitting in effect" type="pytest.skip">src/pymortests/affine_grid.py:168: Suite splitting in effect</skipped></testcase><testcase classname="src.pymortests.affine_grid" file="src/pymortests/affine_grid.py" line="168" name="test_unit_outer_normals_shape[&lt;lambda&gt;32]" time="0.00048661231994628906"><skipped message="Suite splitting in effect" type="pytest.skip">src/pymortests/affine_grid.py:168: Suite splitting in effect</skipped></testcase><testcase classname="src.pymortests.affine_grid" file="src/pymortests/affine_grid.py" line="168" name="test_unit_outer_normals_shape[&lt;lambda&gt;33]" time="0.0007963180541992188"><skipped message="Suite splitting in effect" type="pytest.skip">src/pymortests/affine_grid.py:168: Suite splitting in effect</skipped></testcase><testcase classname="src.pymortests.affine_grid" file="src/pymortests/affine_grid.py" line="168" name="test_unit_outer_normals_shape[&lt;lambda&gt;34]" time="0.00048160552978515625"><skipped message="Suite splitting in effect" type="pytest.skip">src/pymortests/affine_grid.py:168: Suite splitting in effect</skipped></testcase><testcase classname="src.pymortests.affine_grid" file="src/pymortests/affine_grid.py" line="168" name="test_unit_outer_normals_shape[&lt;lambda&gt;35]" time="0.00046706199645996094"><skipped message="Suite splitting in effect" type="pytest.skip">src/pymortests/affine_grid.py:168: Suite splitting in effect</skipped></testcase><testcase classname="src.pymortests.affine_grid" file="src/pymortests/affine_grid.py" line="168" name="test_unit_outer_normals_shape[&lt;lambda&gt;36]" time="0.0005123615264892578"><skipped message="Suite splitting in effect" type="pytest.skip">src/pymortests/affine_grid.py:168: Suite splitting in effect</skipped></testcase><testcase classname="src.pymortests.affine_grid" file="src/pymortests/affine_grid.py" line="168" name="test_unit_outer_normals_shape[&lt;lambda&gt;37]" time="0.000415802001953125"><skipped message="Suite splitting in effect" type="pytest.skip">src/pymortests/affine_grid.py:168: Suite splitting in effect</skipped></testcase><testcase classname="src.pymortests.affine_grid" file="src/pymortests/affine_grid.py" line="168" name="test_unit_outer_normals_shape[&lt;lambda&gt;38]" time="0.00047588348388671875"><skipped message="Suite splitting in effect" type="pytest.skip">src/pymortests/affine_grid.py:168: Suite splitting in effect</skipped></testcase><testcase classname="src.pymortests.affine_grid" file="src/pymortests/affine_grid.py" line="168" name="test_unit_outer_normals_shape[&lt;lambda&gt;39]" time="0.0004870891571044922"><skipped message="Suite splitting in effect" type="pytest.skip">src/pymortests/affine_grid.py:168: Suite splitting in effect</skipped></testcase><testcase classname="src.pymortests.affine_grid" file="src/pymortests/affine_grid.py" line="168" name="test_unit_outer_normals_shape[&lt;lambda&gt;40]" time="0.00045013427734375"><skipped message="Suite splitting in effect" type="pytest.skip">src/pymortests/affine_grid.py:168: Suite splitting in effect</skipped></testcase><testcase classname="src.pymortests.affine_grid" file="src/pymortests/affine_grid.py" line="168" name="test_unit_outer_normals_shape[&lt;lambda&gt;41]" time="0.0007388591766357422"><skipped message="Suite splitting in effect" type="pytest.skip">src/pymortests/affine_grid.py:168: Suite splitting in effect</skipped></testcase><testcase classname="src.pymortests.affine_grid" file="src/pymortests/affine_grid.py" line="168" name="test_unit_outer_normals_shape[&lt;lambda&gt;42]" time="0.00043463706970214844"><skipped message="Suite splitting in effect" type="pytest.skip">src/pymortests/affine_grid.py:168: Suite splitting in effect</skipped></testcase><testcase classname="src.pymortests.affine_grid" file="src/pymortests/affine_grid.py" line="174" name="test_unit_outer_normals_normed[&lt;lambda&gt;0]" time="0.0004439353942871094"><skipped message="Suite splitting in effect" type="pytest.skip">src/pymortests/affine_grid.py:174: Suite splitting in effect</skipped></testcase><testcase classname="src.pymortests.affine_grid" file="src/pymortests/affine_grid.py" line="174" name="test_unit_outer_normals_normed[&lt;lambda&gt;1]" time="0.0004544258117675781"><skipped message="Suite splitting in effect" type="pytest.skip">src/pymortests/affine_grid.py:174: Suite splitting in effect</skipped></testcase><testcase classname="src.pymortests.affine_grid" file="src/pymortests/affine_grid.py" line="174" name="test_unit_outer_normals_normed[&lt;lambda&gt;2]" time="0.00047659873962402344"><skipped message="Suite splitting in effect" type="pytest.skip">src/pymortests/affine_grid.py:174: Suite splitting in effect</skipped></testcase><testcase classname="src.pymortests.affine_grid" file="src/pymortests/affine_grid.py" line="174" name="test_unit_outer_normals_normed[&lt;lambda&gt;3]" time="0.0004432201385498047"><skipped message="Suite splitting in effect" type="pytest.skip">src/pymortests/affine_grid.py:174: Suite splitting in effect</skipped></testcase><testcase classname="src.pymortests.affine_grid" file="src/pymortests/affine_grid.py" line="174" name="test_unit_outer_normals_normed[&lt;lambda&gt;4]" time="0.0004169940948486328"><skipped message="Suite splitting in effect" type="pytest.skip">src/pymortests/affine_grid.py:174: Suite splitting in effect</skipped></testcase><testcase classname="src.pymortests.affine_grid" file="src/pymortests/affine_grid.py" line="174" name="test_unit_outer_normals_normed[&lt;lambda&gt;5]" time="0.0004756450653076172"><skipped message="Suite splitting in effect" type="pytest.skip">src/pymortests/affine_grid.py:174: Suite splitting in effect</skipped></testcase><testcase classname="src.pymortests.affine_grid" file="src/pymortests/affine_grid.py" line="174" name="test_unit_outer_normals_normed[&lt;lambda&gt;6]" time="0.0009319782257080078"><skipped message="Suite splitting in effect" type="pytest.skip">src/pymortests/affine_grid.py:174: Suite splitting in effect</skipped></testcase><testcase classname="src.pymortests.affine_grid" file="src/pymortests/affine_grid.py" line="174" name="test_unit_outer_normals_normed[&lt;lambda&gt;7]" time="0.0004532337188720703"><skipped message="Suite splitting in effect" type="pytest.skip">src/pymortests/affine_grid.py:174: Suite splitting in effect</skipped></testcase><testcase classname="src.pymortests.affine_grid" file="src/pymortests/affine_grid.py" line="174" name="test_unit_outer_normals_normed[&lt;lambda&gt;8]" time="0.00047135353088378906"><skipped message="Suite splitting in effect" type="pytest.skip">src/pymortests/affine_grid.py:174: Suite splitting in effect</skipped></testcase><testcase classname="src.pymortests.affine_grid" file="src/pymortests/affine_grid.py" line="174" name="test_unit_outer_normals_normed[&lt;lambda&gt;9]" time="0.0004456043243408203"><skipped message="Suite splitting in effect" type="pytest.skip">src/pymortests/affine_grid.py:174: Suite splitting in effect</skipped></testcase><testcase classname="src.pymortests.affine_grid" file="src/pymortests/affine_grid.py" line="174" name="test_unit_outer_normals_normed[&lt;lambda&gt;10]" time="0.00048232078552246094"><skipped message="Suite splitting in effect" type="pytest.skip">src/pymortests/affine_grid.py:174: Suite splitting in effect</skipped></testcase><testcase classname="src.pymortests.affine_grid" file="src/pymortests/affine_grid.py" line="174" name="test_unit_outer_normals_normed[&lt;lambda&gt;11]" time="0.00045299530029296875"><skipped message="Suite splitting in effect" type="pytest.skip">src/pymortests/affine_grid.py:174: Suite splitting in effect</skipped></testcase><testcase classname="src.pymortests.affine_grid" file="src/pymortests/affine_grid.py" line="174" name="test_unit_outer_normals_normed[&lt;lambda&gt;12]" time="0.0004901885986328125"><skipped message="Suite splitting in effect" type="pytest.skip">src/pymortests/affine_grid.py:174: Suite splitting in effect</skipped></testcase><testcase classname="src.pymortests.affine_grid" file="src/pymortests/affine_grid.py" line="174" name="test_unit_outer_normals_normed[&lt;lambda&gt;13]" time="0.00045943260192871094"><skipped message="Suite splitting in effect" type="pytest.skip">src/pymortests/affine_grid.py:174: Suite splitting in effect</skipped></testcase><testcase classname="src.pymortests.affine_grid" file="src/pymortests/affine_grid.py" line="174" name="test_unit_outer_normals_normed[&lt;lambda&gt;14]" time="0.0007596015930175781"><skipped message="Suite splitting in effect" type="pytest.skip">src/pymortests/affine_grid.py:174: Suite splitting in effect</skipped></testcase><testcase classname="src.pymortests.affine_grid" file="src/pymortests/affine_grid.py" line="174" name="test_unit_outer_normals_normed[&lt;lambda&gt;15]" time="0.000484466552734375"><skipped message="Suite splitting in effect" type="pytest.skip">src/pymortests/affine_grid.py:174: Suite splitting in effect</skipped></testcase><testcase classname="src.pymortests.affine_grid" file="src/pymortests/affine_grid.py" line="174" name="test_unit_outer_normals_normed[&lt;lambda&gt;16]" time="0.0004279613494873047"><skipped message="Suite splitting in effect" type="pytest.skip">src/pymortests/affine_grid.py:174: Suite splitting in effect</skipped></testcase><testcase classname="src.pymortests.affine_grid" file="src/pymortests/affine_grid.py" line="174" name="test_unit_outer_normals_normed[&lt;lambda&gt;17]" time="0.00047588348388671875"><skipped message="Suite splitting in effect" type="pytest.skip">src/pymortests/affine_grid.py:174: Suite splitting in effect</skipped></testcase><testcase classname="src.pymortests.affine_grid" file="src/pymortests/affine_grid.py" line="174" name="test_unit_outer_normals_normed[&lt;lambda&gt;18]" time="0.0005049705505371094"><skipped message="Suite splitting in effect" type="pytest.skip">src/pymortests/affine_grid.py:174: Suite splitting in effect</skipped></testcase><testcase classname="src.pymortests.affine_grid" file="src/pymortests/affine_grid.py" line="174" name="test_unit_outer_normals_normed[&lt;lambda&gt;19]" time="0.000431060791015625"><skipped message="Suite splitting in effect" type="pytest.skip">src/pymortests/affine_grid.py:174: Suite splitting in effect</skipped></testcase><testcase classname="src.pymortests.affine_grid" file="src/pymortests/affine_grid.py" line="174" name="test_unit_outer_normals_normed[&lt;lambda&gt;20]" time="0.00043702125549316406"><skipped message="Suite splitting in effect" type="pytest.skip">src/pymortests/affine_grid.py:174: Suite splitting in effect</skipped></testcase><testcase classname="src.pymortests.affine_grid" file="src/pymortests/affine_grid.py" line="174" name="test_unit_outer_normals_normed[&lt;lambda&gt;21]" time="0.0004932880401611328"><skipped message="Suite splitting in effect" type="pytest.skip">src/pymortests/affine_grid.py:174: Suite splitting in effect</skipped></testcase><testcase classname="src.pymortests.affine_grid" file="src/pymortests/affine_grid.py" line="174" name="test_unit_outer_normals_normed[&lt;lambda&gt;22]" time="0.0007443428039550781"><skipped message="Suite splitting in effect" type="pytest.skip">src/pymortests/affine_grid.py:174: Suite splitting in effect</skipped></testcase><testcase classname="src.pymortests.affine_grid" file="src/pymortests/affine_grid.py" line="174" name="test_unit_outer_normals_normed[&lt;lambda&gt;23]" time="0.0004336833953857422"><skipped message="Suite splitting in effect" type="pytest.skip">src/pymortests/affine_grid.py:174: Suite splitting in effect</skipped></testcase><testcase classname="src.pymortests.affine_grid" file="src/pymortests/affine_grid.py" line="174" name="test_unit_outer_normals_normed[&lt;lambda&gt;24]" time="0.0004630088806152344"><skipped message="Suite splitting in effect" type="pytest.skip">src/pymortests/affine_grid.py:174: Suite splitting in effect</skipped></testcase><testcase classname="src.pymortests.affine_grid" file="src/pymortests/affine_grid.py" line="174" name="test_unit_outer_normals_normed[&lt;lambda&gt;25]" time="0.00041675567626953125"><skipped message="Suite splitting in effect" type="pytest.skip">src/pymortests/affine_grid.py:174: Suite splitting in effect</skipped></testcase><testcase classname="src.pymortests.affine_grid" file="src/pymortests/affine_grid.py" line="174" name="test_unit_outer_normals_normed[&lt;lambda&gt;26]" time="0.0004646778106689453"><skipped message="Suite splitting in effect" type="pytest.skip">src/pymortests/affine_grid.py:174: Suite splitting in effect</skipped></testcase><testcase classname="src.pymortests.affine_grid" file="src/pymortests/affine_grid.py" line="174" name="test_unit_outer_normals_normed[&lt;lambda&gt;27]" time="0.00045180320739746094"><skipped message="Suite splitting in effect" type="pytest.skip">src/pymortests/affine_grid.py:174: Suite splitting in effect</skipped></testcase><testcase classname="src.pymortests.affine_grid" file="src/pymortests/affine_grid.py" line="174" name="test_unit_outer_normals_normed[&lt;lambda&gt;28]" time="0.0004684925079345703"><skipped message="Suite splitting in effect" type="pytest.skip">src/pymortests/affine_grid.py:174: Suite splitting in effect</skipped></testcase><testcase classname="src.pymortests.affine_grid" file="src/pymortests/affine_grid.py" line="174" name="test_unit_outer_normals_normed[&lt;lambda&gt;29]" time="0.0004897117614746094"><skipped message="Suite splitting in effect" type="pytest.skip">src/pymortests/affine_grid.py:174: Suite splitting in effect</skipped></testcase><testcase classname="src.pymortests.affine_grid" file="src/pymortests/affine_grid.py" line="174" name="test_unit_outer_normals_normed[&lt;lambda&gt;30]" time="0.0007638931274414062"><skipped message="Suite splitting in effect" type="pytest.skip">src/pymortests/affine_grid.py:174: Suite splitting in effect</skipped></testcase><testcase classname="src.pymortests.affine_grid" file="src/pymortests/affine_grid.py" line="174" name="test_unit_outer_normals_normed[&lt;lambda&gt;31]" time="0.0004706382751464844"><skipped message="Suite splitting in effect" type="pytest.skip">src/pymortests/affine_grid.py:174: Suite splitting in effect</skipped></testcase><testcase classname="src.pymortests.affine_grid" file="src/pymortests/affine_grid.py" line="174" name="test_unit_outer_normals_normed[&lt;lambda&gt;32]" time="0.00046539306640625"><skipped message="Suite splitting in effect" type="pytest.skip">src/pymortests/affine_grid.py:174: Suite splitting in effect</skipped></testcase><testcase classname="src.pymortests.affine_grid" file="src/pymortests/affine_grid.py" line="174" name="test_unit_outer_normals_normed[&lt;lambda&gt;33]" time="0.00045752525329589844"><skipped message="Suite splitting in effect" type="pytest.skip">src/pymortests/affine_grid.py:174: Suite splitting in effect</skipped></testcase><testcase classname="src.pymortests.affine_grid" file="src/pymortests/affine_grid.py" line="174" name="test_unit_outer_normals_normed[&lt;lambda&gt;34]" time="0.0004899501800537109"><skipped message="Suite splitting in effect" type="pytest.skip">src/pymortests/affine_grid.py:174: Suite splitting in effect</skipped></testcase><testcase classname="src.pymortests.affine_grid" file="src/pymortests/affine_grid.py" line="174" name="test_unit_outer_normals_normed[&lt;lambda&gt;35]" time="0.0004620552062988281"><skipped message="Suite splitting in effect" type="pytest.skip">src/pymortests/affine_grid.py:174: Suite splitting in effect</skipped></testcase><testcase classname="src.pymortests.affine_grid" file="src/pymortests/affine_grid.py" line="174" name="test_unit_outer_normals_normed[&lt;lambda&gt;36]" time="0.00042319297790527344"><skipped message="Suite splitting in effect" type="pytest.skip">src/pymortests/affine_grid.py:174: Suite splitting in effect</skipped></testcase><testcase classname="src.pymortests.affine_grid" file="src/pymortests/affine_grid.py" line="174" name="test_unit_outer_normals_normed[&lt;lambda&gt;37]" time="0.00044989585876464844"><skipped message="Suite splitting in effect" type="pytest.skip">src/pymortests/affine_grid.py:174: Suite splitting in effect</skipped></testcase><testcase classname="src.pymortests.affine_grid" file="src/pymortests/affine_grid.py" line="174" name="test_unit_outer_normals_normed[&lt;lambda&gt;38]" time="0.0007367134094238281"><skipped message="Suite splitting in effect" type="pytest.skip">src/pymortests/affine_grid.py:174: Suite splitting in effect</skipped></testcase><testcase classname="src.pymortests.affine_grid" file="src/pymortests/affine_grid.py" line="174" name="test_unit_outer_normals_normed[&lt;lambda&gt;39]" time="0.0005366802215576172"><skipped message="Suite splitting in effect" type="pytest.skip">src/pymortests/affine_grid.py:174: Suite splitting in effect</skipped></testcase><testcase classname="src.pymortests.affine_grid" file="src/pymortests/affine_grid.py" line="174" name="test_unit_outer_normals_normed[&lt;lambda&gt;40]" time="0.00047135353088378906"><skipped message="Suite splitting in effect" type="pytest.skip">src/pymortests/affine_grid.py:174: Suite splitting in effect</skipped></testcase><testcase classname="src.pymortests.affine_grid" file="src/pymortests/affine_grid.py" line="174" name="test_unit_outer_normals_normed[&lt;lambda&gt;41]" time="0.0004303455352783203"><skipped message="Suite splitting in effect" type="pytest.skip">src/pymortests/affine_grid.py:174: Suite splitting in effect</skipped></testcase><testcase classname="src.pymortests.affine_grid" file="src/pymortests/affine_grid.py" line="174" name="test_unit_outer_normals_normed[&lt;lambda&gt;42]" time="0.0004589557647705078"><skipped message="Suite splitting in effect" type="pytest.skip">src/pymortests/affine_grid.py:174: Suite splitting in effect</skipped></testcase><testcase classname="src.pymortests.affine_grid" file="src/pymortests/affine_grid.py" line="180" name="test_unit_outer_normals_normal[&lt;lambda&gt;0]" time="0.0004394054412841797"><skipped message="Suite splitting in effect" type="pytest.skip">src/pymortests/affine_grid.py:180: Suite splitting in effect</skipped></testcase><testcase classname="src.pymortests.affine_grid" file="src/pymortests/affine_grid.py" line="180" name="test_unit_outer_normals_normal[&lt;lambda&gt;1]" time="0.0004589557647705078"><skipped message="Suite splitting in effect" type="pytest.skip">src/pymortests/affine_grid.py:180: Suite splitting in effect</skipped></testcase><testcase classname="src.pymortests.affine_grid" file="src/pymortests/affine_grid.py" line="180" name="test_unit_outer_normals_normal[&lt;lambda&gt;2]" time="0.0005352497100830078"><skipped message="Suite splitting in effect" type="pytest.skip">src/pymortests/affine_grid.py:180: Suite splitting in effect</skipped></testcase><testcase classname="src.pymortests.affine_grid" file="src/pymortests/affine_grid.py" line="180" name="test_unit_outer_normals_normal[&lt;lambda&gt;3]" time="0.0008854866027832031"><skipped message="Suite splitting in effect" type="pytest.skip">src/pymortests/affine_grid.py:180: Suite splitting in effect</skipped></testcase><testcase classname="src.pymortests.affine_grid" file="src/pymortests/affine_grid.py" line="180" name="test_unit_outer_normals_normal[&lt;lambda&gt;4]" time="0.0004532337188720703"><skipped message="Suite splitting in effect" type="pytest.skip">src/pymortests/affine_grid.py:180: Suite splitting in effect</skipped></testcase><testcase classname="src.pymortests.affine_grid" file="src/pymortests/affine_grid.py" line="180" name="test_unit_outer_normals_normal[&lt;lambda&gt;5]" time="0.0005002021789550781"><skipped message="Suite splitting in effect" type="pytest.skip">src/pymortests/affine_grid.py:180: Suite splitting in effect</skipped></testcase><testcase classname="src.pymortests.affine_grid" file="src/pymortests/affine_grid.py" line="180" name="test_unit_outer_normals_normal[&lt;lambda&gt;6]" time="0.0005164146423339844"><skipped message="Suite splitting in effect" type="pytest.skip">src/pymortests/affine_grid.py:180: Suite splitting in effect</skipped></testcase><testcase classname="src.pymortests.affine_grid" file="src/pymortests/affine_grid.py" line="180" name="test_unit_outer_normals_normal[&lt;lambda&gt;7]" time="0.00044989585876464844"><skipped message="Suite splitting in effect" type="pytest.skip">src/pymortests/affine_grid.py:180: Suite splitting in effect</skipped></testcase><testcase classname="src.pymortests.affine_grid" file="src/pymortests/affine_grid.py" line="180" name="test_unit_outer_normals_normal[&lt;lambda&gt;8]" time="0.0005285739898681641"><skipped message="Suite splitting in effect" type="pytest.skip">src/pymortests/affine_grid.py:180: Suite splitting in effect</skipped></testcase><testcase classname="src.pymortests.affine_grid" file="src/pymortests/affine_grid.py" line="180" name="test_unit_outer_normals_normal[&lt;lambda&gt;9]" time="0.0005133152008056641"><skipped message="Suite splitting in effect" type="pytest.skip">src/pymortests/affine_grid.py:180: Suite splitting in effect</skipped></testcase><testcase classname="src.pymortests.affine_grid" file="src/pymortests/affine_grid.py" line="180" name="test_unit_outer_normals_normal[&lt;lambda&gt;10]" time="0.0004589557647705078"><skipped message="Suite splitting in effect" type="pytest.skip">src/pymortests/affine_grid.py:180: Suite splitting in effect</skipped></testcase><testcase classname="src.pymortests.affine_grid" file="src/pymortests/affine_grid.py" line="180" name="test_unit_outer_normals_normal[&lt;lambda&gt;11]" time="0.0008542537689208984"><skipped message="Suite splitting in effect" type="pytest.skip">src/pymortests/affine_grid.py:180: Suite splitting in effect</skipped></testcase><testcase classname="src.pymortests.affine_grid" file="src/pymortests/affine_grid.py" line="180" name="test_unit_outer_normals_normal[&lt;lambda&gt;12]" time="0.0004706382751464844"><skipped message="Suite splitting in effect" type="pytest.skip">src/pymortests/affine_grid.py:180: Suite splitting in effect</skipped></testcase><testcase classname="src.pymortests.affine_grid" file="src/pymortests/affine_grid.py" line="180" name="test_unit_outer_normals_normal[&lt;lambda&gt;13]" time="0.00045800209045410156"><skipped message="Suite splitting in effect" type="pytest.skip">src/pymortests/affine_grid.py:180: Suite splitting in effect</skipped></testcase><testcase classname="src.pymortests.affine_grid" file="src/pymortests/affine_grid.py" line="180" name="test_unit_outer_normals_normal[&lt;lambda&gt;14]" time="0.0005083084106445312"><skipped message="Suite splitting in effect" type="pytest.skip">src/pymortests/affine_grid.py:180: Suite splitting in effect</skipped></testcase><testcase classname="src.pymortests.affine_grid" file="src/pymortests/affine_grid.py" line="180" name="test_unit_outer_normals_normal[&lt;lambda&gt;15]" time="0.00047969818115234375"><skipped message="Suite splitting in effect" type="pytest.skip">src/pymortests/affine_grid.py:180: Suite splitting in effect</skipped></testcase><testcase classname="src.pymortests.affine_grid" file="src/pymortests/affine_grid.py" line="180" name="test_unit_outer_normals_normal[&lt;lambda&gt;16]" time="0.00047659873962402344"><skipped message="Suite splitting in effect" type="pytest.skip">src/pymortests/affine_grid.py:180: Suite splitting in effect</skipped></testcase><testcase classname="src.pymortests.affine_grid" file="src/pymortests/affine_grid.py" line="180" name="test_unit_outer_normals_normal[&lt;lambda&gt;17]" time="0.0005176067352294922"><skipped message="Suite splitting in effect" type="pytest.skip">src/pymortests/affine_grid.py:180: Suite splitting in effect</skipped></testcase><testcase classname="src.pymortests.affine_grid" file="src/pymortests/affine_grid.py" line="180" name="test_unit_outer_normals_normal[&lt;lambda&gt;18]" time="0.0005650520324707031"><skipped message="Suite splitting in effect" type="pytest.skip">src/pymortests/affine_grid.py:180: Suite splitting in effect</skipped></testcase><testcase classname="src.pymortests.affine_grid" file="src/pymortests/affine_grid.py" line="180" name="test_unit_outer_normals_normal[&lt;lambda&gt;19]" time="0.0008318424224853516"><skipped message="Suite splitting in effect" type="pytest.skip">src/pymortests/affine_grid.py:180: Suite splitting in effect</skipped></testcase><testcase classname="src.pymortests.affine_grid" file="src/pymortests/affine_grid.py" line="180" name="test_unit_outer_normals_normal[&lt;lambda&gt;20]" time="0.0005154609680175781"><skipped message="Suite splitting in effect" type="pytest.skip">src/pymortests/affine_grid.py:180: Suite splitting in effect</skipped></testcase><testcase classname="src.pymortests.affine_grid" file="src/pymortests/affine_grid.py" line="180" name="test_unit_outer_normals_normal[&lt;lambda&gt;21]" time="0.0005183219909667969"><skipped message="Suite splitting in effect" type="pytest.skip">src/pymortests/affine_grid.py:180: Suite splitting in effect</skipped></testcase><testcase classname="src.pymortests.affine_grid" file="src/pymortests/affine_grid.py" line="180" name="test_unit_outer_normals_normal[&lt;lambda&gt;22]" time="0.00054931640625"><skipped message="Suite splitting in effect" type="pytest.skip">src/pymortests/affine_grid.py:180: Suite splitting in effect</skipped></testcase><testcase classname="src.pymortests.affine_grid" file="src/pymortests/affine_grid.py" line="180" name="test_unit_outer_normals_normal[&lt;lambda&gt;23]" time="0.0004684925079345703"><skipped message="Suite splitting in effect" type="pytest.skip">src/pymortests/affine_grid.py:180: Suite splitting in effect</skipped></testcase><testcase classname="src.pymortests.affine_grid" file="src/pymortests/affine_grid.py" line="180" name="test_unit_outer_normals_normal[&lt;lambda&gt;24]" time="0.0005195140838623047"><skipped message="Suite splitting in effect" type="pytest.skip">src/pymortests/affine_grid.py:180: Suite splitting in effect</skipped></testcase><testcase classname="src.pymortests.affine_grid" file="src/pymortests/affine_grid.py" line="180" name="test_unit_outer_normals_normal[&lt;lambda&gt;25]" time="0.0004298686981201172"><skipped message="Suite splitting in effect" type="pytest.skip">src/pymortests/affine_grid.py:180: Suite splitting in effect</skipped></testcase><testcase classname="src.pymortests.affine_grid" file="src/pymortests/affine_grid.py" line="180" name="test_unit_outer_normals_normal[&lt;lambda&gt;26]" time="0.0004634857177734375"><skipped message="Suite splitting in effect" type="pytest.skip">src/pymortests/affine_grid.py:180: Suite splitting in effect</skipped></testcase><testcase classname="src.pymortests.affine_grid" file="src/pymortests/affine_grid.py" line="180" name="test_unit_outer_normals_normal[&lt;lambda&gt;27]" time="0.0008094310760498047"><skipped message="Suite splitting in effect" type="pytest.skip">src/pymortests/affine_grid.py:180: Suite splitting in effect</skipped></testcase><testcase classname="src.pymortests.affine_grid" file="src/pymortests/affine_grid.py" line="180" name="test_unit_outer_normals_normal[&lt;lambda&gt;28]" time="0.0004379749298095703"><skipped message="Suite splitting in effect" type="pytest.skip">src/pymortests/affine_grid.py:180: Suite splitting in effect</skipped></testcase><testcase classname="src.pymortests.affine_grid" file="src/pymortests/affine_grid.py" line="180" name="test_unit_outer_normals_normal[&lt;lambda&gt;29]" time="0.00045561790466308594"><skipped message="Suite splitting in effect" type="pytest.skip">src/pymortests/affine_grid.py:180: Suite splitting in effect</skipped></testcase><testcase classname="src.pymortests.affine_grid" file="src/pymortests/affine_grid.py" line="180" name="test_unit_outer_normals_normal[&lt;lambda&gt;30]" time="0.0004899501800537109"><skipped message="Suite splitting in effect" type="pytest.skip">src/pymortests/affine_grid.py:180: Suite splitting in effect</skipped></testcase><testcase classname="src.pymortests.affine_grid" file="src/pymortests/affine_grid.py" line="180" name="test_unit_outer_normals_normal[&lt;lambda&gt;31]" time="0.0004932880401611328"><skipped message="Suite splitting in effect" type="pytest.skip">src/pymortests/affine_grid.py:180: Suite splitting in effect</skipped></testcase><testcase classname="src.pymortests.affine_grid" file="src/pymortests/affine_grid.py" line="180" name="test_unit_outer_normals_normal[&lt;lambda&gt;32]" time="0.00048279762268066406"><skipped message="Suite splitting in effect" type="pytest.skip">src/pymortests/affine_grid.py:180: Suite splitting in effect</skipped></testcase><testcase classname="src.pymortests.affine_grid" file="src/pymortests/affine_grid.py" line="180" name="test_unit_outer_normals_normal[&lt;lambda&gt;33]" time="0.0005228519439697266"><skipped message="Suite splitting in effect" type="pytest.skip">src/pymortests/affine_grid.py:180: Suite splitting in effect</skipped></testcase><testcase classname="src.pymortests.affine_grid" file="src/pymortests/affine_grid.py" line="180" name="test_unit_outer_normals_normal[&lt;lambda&gt;34]" time="0.0004546642303466797"><skipped message="Suite splitting in effect" type="pytest.skip">src/pymortests/affine_grid.py:180: Suite splitting in effect</skipped></testcase><testcase classname="src.pymortests.affine_grid" file="src/pymortests/affine_grid.py" line="180" name="test_unit_outer_normals_normal[&lt;lambda&gt;35]" time="0.0010707378387451172"><skipped message="Suite splitting in effect" type="pytest.skip">src/pymortests/affine_grid.py:180: Suite splitting in effect</skipped></testcase><testcase classname="src.pymortests.affine_grid" file="src/pymortests/affine_grid.py" line="180" name="test_unit_outer_normals_normal[&lt;lambda&gt;36]" time="0.00044155120849609375"><skipped message="Suite splitting in effect" type="pytest.skip">src/pymortests/affine_grid.py:180: Suite splitting in effect</skipped></testcase><testcase classname="src.pymortests.affine_grid" file="src/pymortests/affine_grid.py" line="180" name="test_unit_outer_normals_normal[&lt;lambda&gt;37]" time="0.0004050731658935547"><skipped message="Suite splitting in effect" type="pytest.skip">src/pymortests/affine_grid.py:180: Suite splitting in effect</skipped></testcase><testcase classname="src.pymortests.affine_grid" file="src/pymortests/affine_grid.py" line="180" name="test_unit_outer_normals_normal[&lt;lambda&gt;38]" time="0.0005216598510742188"><skipped message="Suite splitting in effect" type="pytest.skip">src/pymortests/affine_grid.py:180: Suite splitting in effect</skipped></testcase><testcase classname="src.pymortests.affine_grid" file="src/pymortests/affine_grid.py" line="180" name="test_unit_outer_normals_normal[&lt;lambda&gt;39]" time="0.0004444122314453125"><skipped message="Suite splitting in effect" type="pytest.skip">src/pymortests/affine_grid.py:180: Suite splitting in effect</skipped></testcase><testcase classname="src.pymortests.affine_grid" file="src/pymortests/affine_grid.py" line="180" name="test_unit_outer_normals_normal[&lt;lambda&gt;40]" time="0.0004849433898925781"><skipped message="Suite splitting in effect" type="pytest.skip">src/pymortests/affine_grid.py:180: Suite splitting in effect</skipped></testcase><testcase classname="src.pymortests.affine_grid" file="src/pymortests/affine_grid.py" line="180" name="test_unit_outer_normals_normal[&lt;lambda&gt;41]" time="0.0004189014434814453"><skipped message="Suite splitting in effect" type="pytest.skip">src/pymortests/affine_grid.py:180: Suite splitting in effect</skipped></testcase><testcase classname="src.pymortests.affine_grid" file="src/pymortests/affine_grid.py" line="180" name="test_unit_outer_normals_normal[&lt;lambda&gt;42]" time="0.0005083084106445312"><skipped message="Suite splitting in effect" type="pytest.skip">src/pymortests/affine_grid.py:180: Suite splitting in effect</skipped></testcase><testcase classname="src.pymortests.affine_grid" file="src/pymortests/affine_grid.py" line="189" name="test_unit_outer_normals_neighbours[&lt;lambda&gt;0]" time="0.0008673667907714844"><skipped message="Suite splitting in effect" type="pytest.skip">src/pymortests/affine_grid.py:189: Suite splitting in effect</skipped></testcase><testcase classname="src.pymortests.affine_grid" file="src/pymortests/affine_grid.py" line="189" name="test_unit_outer_normals_neighbours[&lt;lambda&gt;1]" time="0.00044655799865722656"><skipped message="Suite splitting in effect" type="pytest.skip">src/pymortests/affine_grid.py:189: Suite splitting in effect</skipped></testcase><testcase classname="src.pymortests.affine_grid" file="src/pymortests/affine_grid.py" line="189" name="test_unit_outer_normals_neighbours[&lt;lambda&gt;2]" time="0.00048089027404785156"><skipped message="Suite splitting in effect" type="pytest.skip">src/pymortests/affine_grid.py:189: Suite splitting in effect</skipped></testcase><testcase classname="src.pymortests.affine_grid" file="src/pymortests/affine_grid.py" line="189" name="test_unit_outer_normals_neighbours[&lt;lambda&gt;3]" time="0.00042819976806640625"><skipped message="Suite splitting in effect" type="pytest.skip">src/pymortests/affine_grid.py:189: Suite splitting in effect</skipped></testcase><testcase classname="src.pymortests.affine_grid" file="src/pymortests/affine_grid.py" line="189" name="test_unit_outer_normals_neighbours[&lt;lambda&gt;4]" time="0.000431060791015625"><skipped message="Suite splitting in effect" type="pytest.skip">src/pymortests/affine_grid.py:189: Suite splitting in effect</skipped></testcase><testcase classname="src.pymortests.affine_grid" file="src/pymortests/affine_grid.py" line="189" name="test_unit_outer_normals_neighbours[&lt;lambda&gt;5]" time="0.0004703998565673828"><skipped message="Suite splitting in effect" type="pytest.skip">src/pymortests/affine_grid.py:189: Suite splitting in effect</skipped></testcase><testcase classname="src.pymortests.affine_grid" file="src/pymortests/affine_grid.py" line="189" name="test_unit_outer_normals_neighbours[&lt;lambda&gt;6]" time="0.0005030632019042969"><skipped message="Suite splitting in effect" type="pytest.skip">src/pymortests/affine_grid.py:189: Suite splitting in effect</skipped></testcase><testcase classname="src.pymortests.affine_grid" file="src/pymortests/affine_grid.py" line="189" name="test_unit_outer_normals_neighbours[&lt;lambda&gt;7]" time="0.0004711151123046875"><skipped message="Suite splitting in effect" type="pytest.skip">src/pymortests/affine_grid.py:189: Suite splitting in effect</skipped></testcase><testcase classname="src.pymortests.affine_grid" file="src/pymortests/affine_grid.py" line="189" name="test_unit_outer_normals_neighbours[&lt;lambda&gt;8]" time="0.0008671283721923828"><skipped message="Suite splitting in effect" type="pytest.skip">src/pymortests/affine_grid.py:189: Suite splitting in effect</skipped></testcase><testcase classname="src.pymortests.affine_grid" file="src/pymortests/affine_grid.py" line="189" name="test_unit_outer_normals_neighbours[&lt;lambda&gt;9]" time="0.000469207763671875"><skipped message="Suite splitting in effect" type="pytest.skip">src/pymortests/affine_grid.py:189: Suite splitting in effect</skipped></testcase><testcase classname="src.pymortests.affine_grid" file="src/pymortests/affine_grid.py" line="189" name="test_unit_outer_normals_neighbours[&lt;lambda&gt;10]" time="0.0004315376281738281"><skipped message="Suite splitting in effect" type="pytest.skip">src/pymortests/affine_grid.py:189: Suite splitting in effect</skipped></testcase><testcase classname="src.pymortests.affine_grid" file="src/pymortests/affine_grid.py" line="189" name="test_unit_outer_normals_neighbours[&lt;lambda&gt;11]" time="0.0004889965057373047"><skipped message="Suite splitting in effect" type="pytest.skip">src/pymortests/affine_grid.py:189: Suite splitting in effect</skipped></testcase><testcase classname="src.pymortests.affine_grid" file="src/pymortests/affine_grid.py" line="189" name="test_unit_outer_normals_neighbours[&lt;lambda&gt;12]" time="0.00042724609375"><skipped message="Suite splitting in effect" type="pytest.skip">src/pymortests/affine_grid.py:189: Suite splitting in effect</skipped></testcase><testcase classname="src.pymortests.affine_grid" file="src/pymortests/affine_grid.py" line="189" name="test_unit_outer_normals_neighbours[&lt;lambda&gt;13]" time="0.0004935264587402344"><skipped message="Suite splitting in effect" type="pytest.skip">src/pymortests/affine_grid.py:189: Suite splitting in effect</skipped></testcase><testcase classname="src.pymortests.affine_grid" file="src/pymortests/affine_grid.py" line="189" name="test_unit_outer_normals_neighbours[&lt;lambda&gt;14]" time="0.0004868507385253906"><skipped message="Suite splitting in effect" type="pytest.skip">src/pymortests/affine_grid.py:189: Suite splitting in effect</skipped></testcase><testcase classname="src.pymortests.affine_grid" file="src/pymortests/affine_grid.py" line="189" name="test_unit_outer_normals_neighbours[&lt;lambda&gt;15]" time="0.00045490264892578125"><skipped message="Suite splitting in effect" type="pytest.skip">src/pymortests/affine_grid.py:189: Suite splitting in effect</skipped></testcase><testcase classname="src.pymortests.affine_grid" file="src/pymortests/affine_grid.py" line="189" name="test_unit_outer_normals_neighbours[&lt;lambda&gt;16]" time="0.0009577274322509766"><skipped message="Suite splitting in effect" type="pytest.skip">src/pymortests/affine_grid.py:189: Suite splitting in effect</skipped></testcase><testcase classname="src.pymortests.affine_grid" file="src/pymortests/affine_grid.py" line="189" name="test_unit_outer_normals_neighbours[&lt;lambda&gt;17]" time="0.0005102157592773438"><skipped message="Suite splitting in effect" type="pytest.skip">src/pymortests/affine_grid.py:189: Suite splitting in effect</skipped></testcase><testcase classname="src.pymortests.affine_grid" file="src/pymortests/affine_grid.py" line="189" name="test_unit_outer_normals_neighbours[&lt;lambda&gt;18]" time="0.00042891502380371094"><skipped message="Suite splitting in effect" type="pytest.skip">src/pymortests/affine_grid.py:189: Suite splitting in effect</skipped></testcase><testcase classname="src.pymortests.affine_grid" file="src/pymortests/affine_grid.py" line="189" name="test_unit_outer_normals_neighbours[&lt;lambda&gt;19]" time="0.00047707557678222656"><skipped message="Suite splitting in effect" type="pytest.skip">src/pymortests/affine_grid.py:189: Suite splitting in effect</skipped></testcase><testcase classname="src.pymortests.affine_grid" file="src/pymortests/affine_grid.py" line="189" name="test_unit_outer_normals_neighbours[&lt;lambda&gt;20]" time="0.0004990100860595703"><skipped message="Suite splitting in effect" type="pytest.skip">src/pymortests/affine_grid.py:189: Suite splitting in effect</skipped></testcase><testcase classname="src.pymortests.affine_grid" file="src/pymortests/affine_grid.py" line="189" name="test_unit_outer_normals_neighbours[&lt;lambda&gt;21]" time="0.0004429817199707031"><skipped message="Suite splitting in effect" type="pytest.skip">src/pymortests/affine_grid.py:189: Suite splitting in effect</skipped></testcase><testcase classname="src.pymortests.affine_grid" file="src/pymortests/affine_grid.py" line="189" name="test_unit_outer_normals_neighbours[&lt;lambda&gt;22]" time="0.0005071163177490234"><skipped message="Suite splitting in effect" type="pytest.skip">src/pymortests/affine_grid.py:189: Suite splitting in effect</skipped></testcase><testcase classname="src.pymortests.affine_grid" file="src/pymortests/affine_grid.py" line="189" name="test_unit_outer_normals_neighbours[&lt;lambda&gt;23]" time="0.0004563331604003906"><skipped message="Suite splitting in effect" type="pytest.skip">src/pymortests/affine_grid.py:189: Suite splitting in effect</skipped></testcase><testcase classname="src.pymortests.affine_grid" file="src/pymortests/affine_grid.py" line="189" name="test_unit_outer_normals_neighbours[&lt;lambda&gt;24]" time="0.0008282661437988281"><skipped message="Suite splitting in effect" type="pytest.skip">src/pymortests/affine_grid.py:189: Suite splitting in effect</skipped></testcase><testcase classname="src.pymortests.affine_grid" file="src/pymortests/affine_grid.py" line="189" name="test_unit_outer_normals_neighbours[&lt;lambda&gt;25]" time="0.0004923343658447266"><skipped message="Suite splitting in effect" type="pytest.skip">src/pymortests/affine_grid.py:189: Suite splitting in effect</skipped></testcase><testcase classname="src.pymortests.affine_grid" file="src/pymortests/affine_grid.py" line="189" name="test_unit_outer_normals_neighbours[&lt;lambda&gt;26]" time="0.0005083084106445312"><skipped message="Suite splitting in effect" type="pytest.skip">src/pymortests/affine_grid.py:189: Suite splitting in effect</skipped></testcase><testcase classname="src.pymortests.affine_grid" file="src/pymortests/affine_grid.py" line="189" name="test_unit_outer_normals_neighbours[&lt;lambda&gt;27]" time="0.0004601478576660156"><skipped message="Suite splitting in effect" type="pytest.skip">src/pymortests/affine_grid.py:189: Suite splitting in effect</skipped></testcase><testcase classname="src.pymortests.affine_grid" file="src/pymortests/affine_grid.py" line="189" name="test_unit_outer_normals_neighbours[&lt;lambda&gt;28]" time="0.00041866302490234375"><skipped message="Suite splitting in effect" type="pytest.skip">src/pymortests/affine_grid.py:189: Suite splitting in effect</skipped></testcase><testcase classname="src.pymortests.affine_grid" file="src/pymortests/affine_grid.py" line="189" name="test_unit_outer_normals_neighbours[&lt;lambda&gt;29]" time="0.00041675567626953125"><skipped message="Suite splitting in effect" type="pytest.skip">src/pymortests/affine_grid.py:189: Suite splitting in effect</skipped></testcase><testcase classname="src.pymortests.affine_grid" file="src/pymortests/affine_grid.py" line="189" name="test_unit_outer_normals_neighbours[&lt;lambda&gt;30]" time="0.00047850608825683594"><skipped message="Suite splitting in effect" type="pytest.skip">src/pymortests/affine_grid.py:189: Suite splitting in effect</skipped></testcase><testcase classname="src.pymortests.affine_grid" file="src/pymortests/affine_grid.py" line="189" name="test_unit_outer_normals_neighbours[&lt;lambda&gt;31]" time="0.0005028247833251953"><skipped message="Suite splitting in effect" type="pytest.skip">src/pymortests/affine_grid.py:189: Suite splitting in effect</skipped></testcase><testcase classname="src.pymortests.affine_grid" file="src/pymortests/affine_grid.py" line="189" name="test_unit_outer_normals_neighbours[&lt;lambda&gt;32]" time="0.000759124755859375"><skipped message="Suite splitting in effect" type="pytest.skip">src/pymortests/affine_grid.py:189: Suite splitting in effect</skipped></testcase><testcase classname="src.pymortests.affine_grid" file="src/pymortests/affine_grid.py" line="189" name="test_unit_outer_normals_neighbours[&lt;lambda&gt;33]" time="0.000453948974609375"><skipped message="Suite splitting in effect" type="pytest.skip">src/pymortests/affine_grid.py:189: Suite splitting in effect</skipped></testcase><testcase classname="src.pymortests.affine_grid" file="src/pymortests/affine_grid.py" line="189" name="test_unit_outer_normals_neighbours[&lt;lambda&gt;34]" time="0.00042366981506347656"><skipped message="Suite splitting in effect" type="pytest.skip">src/pymortests/affine_grid.py:189: Suite splitting in effect</skipped></testcase><testcase classname="src.pymortests.affine_grid" file="src/pymortests/affine_grid.py" line="189" name="test_unit_outer_normals_neighbours[&lt;lambda&gt;35]" time="0.00048613548278808594"><skipped message="Suite splitting in effect" type="pytest.skip">src/pymortests/affine_grid.py:189: Suite splitting in effect</skipped></testcase><testcase classname="src.pymortests.affine_grid" file="src/pymortests/affine_grid.py" line="189" name="test_unit_outer_normals_neighbours[&lt;lambda&gt;36]" time="0.0005168914794921875"><skipped message="Suite splitting in effect" type="pytest.skip">src/pymortests/affine_grid.py:189: Suite splitting in effect</skipped></testcase><testcase classname="src.pymortests.affine_grid" file="src/pymortests/affine_grid.py" line="189" name="test_unit_outer_normals_neighbours[&lt;lambda&gt;37]" time="0.0005309581756591797"><skipped message="Suite splitting in effect" type="pytest.skip">src/pymortests/affine_grid.py:189: Suite splitting in effect</skipped></testcase><testcase classname="src.pymortests.affine_grid" file="src/pymortests/affine_grid.py" line="189" name="test_unit_outer_normals_neighbours[&lt;lambda&gt;38]" time="0.0004360675811767578"><skipped message="Suite splitting in effect" type="pytest.skip">src/pymortests/affine_grid.py:189: Suite splitting in effect</skipped></testcase><testcase classname="src.pymortests.affine_grid" file="src/pymortests/affine_grid.py" line="189" name="test_unit_outer_normals_neighbours[&lt;lambda&gt;39]" time="0.00048804283142089844"><skipped message="Suite splitting in effect" type="pytest.skip">src/pymortests/affine_grid.py:189: Suite splitting in effect</skipped></testcase><testcase classname="src.pymortests.affine_grid" file="src/pymortests/affine_grid.py" line="189" name="test_unit_outer_normals_neighbours[&lt;lambda&gt;40]" time="0.0008919239044189453"><skipped message="Suite splitting in effect" type="pytest.skip">src/pymortests/affine_grid.py:189: Suite splitting in effect</skipped></testcase><testcase classname="src.pymortests.affine_grid" file="src/pymortests/affine_grid.py" line="189" name="test_unit_outer_normals_neighbours[&lt;lambda&gt;41]" time="0.0004248619079589844"><skipped message="Suite splitting in effect" type="pytest.skip">src/pymortests/affine_grid.py:189: Suite splitting in effect</skipped></testcase><testcase classname="src.pymortests.affine_grid" file="src/pymortests/affine_grid.py" line="189" name="test_unit_outer_normals_neighbours[&lt;lambda&gt;42]" time="0.00048065185546875"><skipped message="Suite splitting in effect" type="pytest.skip">src/pymortests/affine_grid.py:189: Suite splitting in effect</skipped></testcase><testcase classname="src.pymortests.affine_grid" file="src/pymortests/affine_grid.py" line="202" name="test_centers_wrong_arguments[&lt;lambda&gt;0]" time="0.0004792213439941406"><skipped message="Suite splitting in effect" type="pytest.skip">src/pymortests/affine_grid.py:202: Suite splitting in effect</skipped></testcase><testcase classname="src.pymortests.affine_grid" file="src/pymortests/affine_grid.py" line="202" name="test_centers_wrong_arguments[&lt;lambda&gt;1]" time="0.00045561790466308594"><skipped message="Suite splitting in effect" type="pytest.skip">src/pymortests/affine_grid.py:202: Suite splitting in effect</skipped></testcase><testcase classname="src.pymortests.affine_grid" file="src/pymortests/affine_grid.py" line="202" name="test_centers_wrong_arguments[&lt;lambda&gt;2]" time="0.0004227161407470703"><skipped message="Suite splitting in effect" type="pytest.skip">src/pymortests/affine_grid.py:202: Suite splitting in effect</skipped></testcase><testcase classname="src.pymortests.affine_grid" file="src/pymortests/affine_grid.py" line="202" name="test_centers_wrong_arguments[&lt;lambda&gt;3]" time="0.00042176246643066406"><skipped message="Suite splitting in effect" type="pytest.skip">src/pymortests/affine_grid.py:202: Suite splitting in effect</skipped></testcase><testcase classname="src.pymortests.affine_grid" file="src/pymortests/affine_grid.py" line="202" name="test_centers_wrong_arguments[&lt;lambda&gt;4]" time="0.0004725456237792969"><skipped message="Suite splitting in effect" type="pytest.skip">src/pymortests/affine_grid.py:202: Suite splitting in effect</skipped></testcase><testcase classname="src.pymortests.affine_grid" file="src/pymortests/affine_grid.py" line="202" name="test_centers_wrong_arguments[&lt;lambda&gt;5]" time="0.0007698535919189453"><skipped message="Suite splitting in effect" type="pytest.skip">src/pymortests/affine_grid.py:202: Suite splitting in effect</skipped></testcase><testcase classname="src.pymortests.affine_grid" file="src/pymortests/affine_grid.py" line="202" name="test_centers_wrong_arguments[&lt;lambda&gt;6]" time="0.00042247772216796875"><skipped message="Suite splitting in effect" type="pytest.skip">src/pymortests/affine_grid.py:202: Suite splitting in effect</skipped></testcase><testcase classname="src.pymortests.affine_grid" file="src/pymortests/affine_grid.py" line="202" name="test_centers_wrong_arguments[&lt;lambda&gt;7]" time="0.0005047321319580078"><skipped message="Suite splitting in effect" type="pytest.skip">src/pymortests/affine_grid.py:202: Suite splitting in effect</skipped></testcase><testcase classname="src.pymortests.affine_grid" file="src/pymortests/affine_grid.py" line="202" name="test_centers_wrong_arguments[&lt;lambda&gt;8]" time="0.0004546642303466797"><skipped message="Suite splitting in effect" type="pytest.skip">src/pymortests/affine_grid.py:202: Suite splitting in effect</skipped></testcase><testcase classname="src.pymortests.affine_grid" file="src/pymortests/affine_grid.py" line="202" name="test_centers_wrong_arguments[&lt;lambda&gt;9]" time="0.0005335807800292969"><skipped message="Suite splitting in effect" type="pytest.skip">src/pymortests/affine_grid.py:202: Suite splitting in effect</skipped></testcase><testcase classname="src.pymortests.affine_grid" file="src/pymortests/affine_grid.py" line="202" name="test_centers_wrong_arguments[&lt;lambda&gt;10]" time="0.0004775524139404297"><skipped message="Suite splitting in effect" type="pytest.skip">src/pymortests/affine_grid.py:202: Suite splitting in effect</skipped></testcase><testcase classname="src.pymortests.affine_grid" file="src/pymortests/affine_grid.py" line="202" name="test_centers_wrong_arguments[&lt;lambda&gt;11]" time="0.0004467964172363281"><skipped message="Suite splitting in effect" type="pytest.skip">src/pymortests/affine_grid.py:202: Suite splitting in effect</skipped></testcase><testcase classname="src.pymortests.affine_grid" file="src/pymortests/affine_grid.py" line="202" name="test_centers_wrong_arguments[&lt;lambda&gt;12]" time="0.0004410743713378906"><skipped message="Suite splitting in effect" type="pytest.skip">src/pymortests/affine_grid.py:202: Suite splitting in effect</skipped></testcase><testcase classname="src.pymortests.affine_grid" file="src/pymortests/affine_grid.py" line="202" name="test_centers_wrong_arguments[&lt;lambda&gt;13]" time="0.0007638931274414062"><skipped message="Suite splitting in effect" type="pytest.skip">src/pymortests/affine_grid.py:202: Suite splitting in effect</skipped></testcase><testcase classname="src.pymortests.affine_grid" file="src/pymortests/affine_grid.py" line="202" name="test_centers_wrong_arguments[&lt;lambda&gt;14]" time="0.0004792213439941406"><skipped message="Suite splitting in effect" type="pytest.skip">src/pymortests/affine_grid.py:202: Suite splitting in effect</skipped></testcase><testcase classname="src.pymortests.affine_grid" file="src/pymortests/affine_grid.py" line="202" name="test_centers_wrong_arguments[&lt;lambda&gt;15]" time="0.0004374980926513672"><skipped message="Suite splitting in effect" type="pytest.skip">src/pymortests/affine_grid.py:202: Suite splitting in effect</skipped></testcase><testcase classname="src.pymortests.affine_grid" file="src/pymortests/affine_grid.py" line="202" name="test_centers_wrong_arguments[&lt;lambda&gt;16]" time="0.0004112720489501953"><skipped message="Suite splitting in effect" type="pytest.skip">src/pymortests/affine_grid.py:202: Suite splitting in effect</skipped></testcase><testcase classname="src.pymortests.affine_grid" file="src/pymortests/affine_grid.py" line="202" name="test_centers_wrong_arguments[&lt;lambda&gt;17]" time="0.00042176246643066406"><skipped message="Suite splitting in effect" type="pytest.skip">src/pymortests/affine_grid.py:202: Suite splitting in effect</skipped></testcase><testcase classname="src.pymortests.affine_grid" file="src/pymortests/affine_grid.py" line="202" name="test_centers_wrong_arguments[&lt;lambda&gt;18]" time="0.0004787445068359375"><skipped message="Suite splitting in effect" type="pytest.skip">src/pymortests/affine_grid.py:202: Suite splitting in effect</skipped></testcase><testcase classname="src.pymortests.affine_grid" file="src/pymortests/affine_grid.py" line="202" name="test_centers_wrong_arguments[&lt;lambda&gt;19]" time="0.0004944801330566406"><skipped message="Suite splitting in effect" type="pytest.skip">src/pymortests/affine_grid.py:202: Suite splitting in effect</skipped></testcase><testcase classname="src.pymortests.affine_grid" file="src/pymortests/affine_grid.py" line="202" name="test_centers_wrong_arguments[&lt;lambda&gt;20]" time="0.0004940032958984375"><skipped message="Suite splitting in effect" type="pytest.skip">src/pymortests/affine_grid.py:202: Suite splitting in effect</skipped></testcase><testcase classname="src.pymortests.affine_grid" file="src/pymortests/affine_grid.py" line="202" name="test_centers_wrong_arguments[&lt;lambda&gt;21]" time="0.0007684230804443359"><skipped message="Suite splitting in effect" type="pytest.skip">src/pymortests/affine_grid.py:202: Suite splitting in effect</skipped></testcase><testcase classname="src.pymortests.affine_grid" file="src/pymortests/affine_grid.py" line="202" name="test_centers_wrong_arguments[&lt;lambda&gt;22]" time="0.0004222393035888672"><skipped message="Suite splitting in effect" type="pytest.skip">src/pymortests/affine_grid.py:202: Suite splitting in effect</skipped></testcase><testcase classname="src.pymortests.affine_grid" file="src/pymortests/affine_grid.py" line="202" name="test_centers_wrong_arguments[&lt;lambda&gt;23]" time="0.0004909038543701172"><skipped message="Suite splitting in effect" type="pytest.skip">src/pymortests/affine_grid.py:202: Suite splitting in effect</skipped></testcase><testcase classname="src.pymortests.affine_grid" file="src/pymortests/affine_grid.py" line="202" name="test_centers_wrong_arguments[&lt;lambda&gt;24]" time="0.0004703998565673828"><skipped message="Suite splitting in effect" type="pytest.skip">src/pymortests/affine_grid.py:202: Suite splitting in effect</skipped></testcase><testcase classname="src.pymortests.affine_grid" file="src/pymortests/affine_grid.py" line="202" name="test_centers_wrong_arguments[&lt;lambda&gt;25]" time="0.0004227161407470703"><skipped message="Suite splitting in effect" type="pytest.skip">src/pymortests/affine_grid.py:202: Suite splitting in effect</skipped></testcase><testcase classname="src.pymortests.affine_grid" file="src/pymortests/affine_grid.py" line="202" name="test_centers_wrong_arguments[&lt;lambda&gt;26]" time="0.000469207763671875"><skipped message="Suite splitting in effect" type="pytest.skip">src/pymortests/affine_grid.py:202: Suite splitting in effect</skipped></testcase><testcase classname="src.pymortests.affine_grid" file="src/pymortests/affine_grid.py" line="202" name="test_centers_wrong_arguments[&lt;lambda&gt;27]" time="0.00044083595275878906"><skipped message="Suite splitting in effect" type="pytest.skip">src/pymortests/affine_grid.py:202: Suite splitting in effect</skipped></testcase><testcase classname="src.pymortests.affine_grid" file="src/pymortests/affine_grid.py" line="202" name="test_centers_wrong_arguments[&lt;lambda&gt;28]" time="0.0004930496215820312"><skipped message="Suite splitting in effect" type="pytest.skip">src/pymortests/affine_grid.py:202: Suite splitting in effect</skipped></testcase><testcase classname="src.pymortests.affine_grid" file="src/pymortests/affine_grid.py" line="202" name="test_centers_wrong_arguments[&lt;lambda&gt;29]" time="0.0009047985076904297"><skipped message="Suite splitting in effect" type="pytest.skip">src/pymortests/affine_grid.py:202: Suite splitting in effect</skipped></testcase><testcase classname="src.pymortests.affine_grid" file="src/pymortests/affine_grid.py" line="202" name="test_centers_wrong_arguments[&lt;lambda&gt;30]" time="0.0004241466522216797"><skipped message="Suite splitting in effect" type="pytest.skip">src/pymortests/affine_grid.py:202: Suite splitting in effect</skipped></testcase><testcase classname="src.pymortests.affine_grid" file="src/pymortests/affine_grid.py" line="202" name="test_centers_wrong_arguments[&lt;lambda&gt;31]" time="0.00047016143798828125"><skipped message="Suite splitting in effect" type="pytest.skip">src/pymortests/affine_grid.py:202: Suite splitting in effect</skipped></testcase><testcase classname="src.pymortests.affine_grid" file="src/pymortests/affine_grid.py" line="202" name="test_centers_wrong_arguments[&lt;lambda&gt;32]" time="0.0004687309265136719"><skipped message="Suite splitting in effect" type="pytest.skip">src/pymortests/affine_grid.py:202: Suite splitting in effect</skipped></testcase><testcase classname="src.pymortests.affine_grid" file="src/pymortests/affine_grid.py" line="202" name="test_centers_wrong_arguments[&lt;lambda&gt;33]" time="0.00042176246643066406"><skipped message="Suite splitting in effect" type="pytest.skip">src/pymortests/affine_grid.py:202: Suite splitting in effect</skipped></testcase><testcase classname="src.pymortests.affine_grid" file="src/pymortests/affine_grid.py" line="202" name="test_centers_wrong_arguments[&lt;lambda&gt;34]" time="0.0004930496215820312"><skipped message="Suite splitting in effect" type="pytest.skip">src/pymortests/affine_grid.py:202: Suite splitting in effect</skipped></testcase><testcase classname="src.pymortests.affine_grid" file="src/pymortests/affine_grid.py" line="202" name="test_centers_wrong_arguments[&lt;lambda&gt;35]" time="0.0004315376281738281"><skipped message="Suite splitting in effect" type="pytest.skip">src/pymortests/affine_grid.py:202: Suite splitting in effect</skipped></testcase><testcase classname="src.pymortests.affine_grid" file="src/pymortests/affine_grid.py" line="202" name="test_centers_wrong_arguments[&lt;lambda&gt;36]" time="0.0005118846893310547"><skipped message="Suite splitting in effect" type="pytest.skip">src/pymortests/affine_grid.py:202: Suite splitting in effect</skipped></testcase><testcase classname="src.pymortests.affine_grid" file="src/pymortests/affine_grid.py" line="202" name="test_centers_wrong_arguments[&lt;lambda&gt;37]" time="0.0008285045623779297"><skipped message="Suite splitting in effect" type="pytest.skip">src/pymortests/affine_grid.py:202: Suite splitting in effect</skipped></testcase><testcase classname="src.pymortests.affine_grid" file="src/pymortests/affine_grid.py" line="202" name="test_centers_wrong_arguments[&lt;lambda&gt;38]" time="0.0004391670227050781"><skipped message="Suite splitting in effect" type="pytest.skip">src/pymortests/affine_grid.py:202: Suite splitting in effect</skipped></testcase><testcase classname="src.pymortests.affine_grid" file="src/pymortests/affine_grid.py" line="202" name="test_centers_wrong_arguments[&lt;lambda&gt;39]" time="0.00047278404235839844"><skipped message="Suite splitting in effect" type="pytest.skip">src/pymortests/affine_grid.py:202: Suite splitting in effect</skipped></testcase><testcase classname="src.pymortests.affine_grid" file="src/pymortests/affine_grid.py" line="202" name="test_centers_wrong_arguments[&lt;lambda&gt;40]" time="0.0004990100860595703"><skipped message="Suite splitting in effect" type="pytest.skip">src/pymortests/affine_grid.py:202: Suite splitting in effect</skipped></testcase><testcase classname="src.pymortests.affine_grid" file="src/pymortests/affine_grid.py" line="202" name="test_centers_wrong_arguments[&lt;lambda&gt;41]" time="0.0004780292510986328"><skipped message="Suite splitting in effect" type="pytest.skip">src/pymortests/affine_grid.py:202: Suite splitting in effect</skipped></testcase><testcase classname="src.pymortests.affine_grid" file="src/pymortests/affine_grid.py" line="202" name="test_centers_wrong_arguments[&lt;lambda&gt;42]" time="0.0004220008850097656"><skipped message="Suite splitting in effect" type="pytest.skip">src/pymortests/affine_grid.py:202: Suite splitting in effect</skipped></testcase><testcase classname="src.pymortests.affine_grid" file="src/pymortests/affine_grid.py" line="210" name="test_centers_shape[&lt;lambda&gt;0]" time="0.0004181861877441406"><skipped message="Suite splitting in effect" type="pytest.skip">src/pymortests/affine_grid.py:210: Suite splitting in effect</skipped></testcase><testcase classname="src.pymortests.affine_grid" file="src/pymortests/affine_grid.py" line="210" name="test_centers_shape[&lt;lambda&gt;1]" time="0.0004973411560058594"><skipped message="Suite splitting in effect" type="pytest.skip">src/pymortests/affine_grid.py:210: Suite splitting in effect</skipped></testcase><testcase classname="src.pymortests.affine_grid" file="src/pymortests/affine_grid.py" line="210" name="test_centers_shape[&lt;lambda&gt;2]" time="0.0007729530334472656"><skipped message="Suite splitting in effect" type="pytest.skip">src/pymortests/affine_grid.py:210: Suite splitting in effect</skipped></testcase><testcase classname="src.pymortests.affine_grid" file="src/pymortests/affine_grid.py" line="210" name="test_centers_shape[&lt;lambda&gt;3]" time="0.00044655799865722656"><skipped message="Suite splitting in effect" type="pytest.skip">src/pymortests/affine_grid.py:210: Suite splitting in effect</skipped></testcase><testcase classname="src.pymortests.affine_grid" file="src/pymortests/affine_grid.py" line="210" name="test_centers_shape[&lt;lambda&gt;4]" time="0.00042057037353515625"><skipped message="Suite splitting in effect" type="pytest.skip">src/pymortests/affine_grid.py:210: Suite splitting in effect</skipped></testcase><testcase classname="src.pymortests.affine_grid" file="src/pymortests/affine_grid.py" line="210" name="test_centers_shape[&lt;lambda&gt;5]" time="0.0004153251647949219"><skipped message="Suite splitting in effect" type="pytest.skip">src/pymortests/affine_grid.py:210: Suite splitting in effect</skipped></testcase><testcase classname="src.pymortests.affine_grid" file="src/pymortests/affine_grid.py" line="210" name="test_centers_shape[&lt;lambda&gt;6]" time="0.0005545616149902344"><skipped message="Suite splitting in effect" type="pytest.skip">src/pymortests/affine_grid.py:210: Suite splitting in effect</skipped></testcase><testcase classname="src.pymortests.affine_grid" file="src/pymortests/affine_grid.py" line="210" name="test_centers_shape[&lt;lambda&gt;7]" time="0.0004901885986328125"><skipped message="Suite splitting in effect" type="pytest.skip">src/pymortests/affine_grid.py:210: Suite splitting in effect</skipped></testcase><testcase classname="src.pymortests.affine_grid" file="src/pymortests/affine_grid.py" line="210" name="test_centers_shape[&lt;lambda&gt;8]" time="0.0004837512969970703"><skipped message="Suite splitting in effect" type="pytest.skip">src/pymortests/affine_grid.py:210: Suite splitting in effect</skipped></testcase><testcase classname="src.pymortests.affine_grid" file="src/pymortests/affine_grid.py" line="210" name="test_centers_shape[&lt;lambda&gt;9]" time="0.00042438507080078125"><skipped message="Suite splitting in effect" type="pytest.skip">src/pymortests/affine_grid.py:210: Suite splitting in effect</skipped></testcase><testcase classname="src.pymortests.affine_grid" file="src/pymortests/affine_grid.py" line="210" name="test_centers_shape[&lt;lambda&gt;10]" time="0.0007848739624023438"><skipped message="Suite splitting in effect" type="pytest.skip">src/pymortests/affine_grid.py:210: Suite splitting in effect</skipped></testcase><testcase classname="src.pymortests.affine_grid" file="src/pymortests/affine_grid.py" line="210" name="test_centers_shape[&lt;lambda&gt;11]" time="0.00044798851013183594"><skipped message="Suite splitting in effect" type="pytest.skip">src/pymortests/affine_grid.py:210: Suite splitting in effect</skipped></testcase><testcase classname="src.pymortests.affine_grid" file="src/pymortests/affine_grid.py" line="210" name="test_centers_shape[&lt;lambda&gt;12]" time="0.0004298686981201172"><skipped message="Suite splitting in effect" type="pytest.skip">src/pymortests/affine_grid.py:210: Suite splitting in effect</skipped></testcase><testcase classname="src.pymortests.affine_grid" file="src/pymortests/affine_grid.py" line="210" name="test_centers_shape[&lt;lambda&gt;13]" time="0.00043654441833496094"><skipped message="Suite splitting in effect" type="pytest.skip">src/pymortests/affine_grid.py:210: Suite splitting in effect</skipped></testcase><testcase classname="src.pymortests.affine_grid" file="src/pymortests/affine_grid.py" line="210" name="test_centers_shape[&lt;lambda&gt;14]" time="0.0004744529724121094"><skipped message="Suite splitting in effect" type="pytest.skip">src/pymortests/affine_grid.py:210: Suite splitting in effect</skipped></testcase><testcase classname="src.pymortests.affine_grid" file="src/pymortests/affine_grid.py" line="210" name="test_centers_shape[&lt;lambda&gt;15]" time="0.0004551410675048828"><skipped message="Suite splitting in effect" type="pytest.skip">src/pymortests/affine_grid.py:210: Suite splitting in effect</skipped></testcase><testcase classname="src.pymortests.affine_grid" file="src/pymortests/affine_grid.py" line="210" name="test_centers_shape[&lt;lambda&gt;16]" time="0.0005044937133789062"><skipped message="Suite splitting in effect" type="pytest.skip">src/pymortests/affine_grid.py:210: Suite splitting in effect</skipped></testcase><testcase classname="src.pymortests.affine_grid" file="src/pymortests/affine_grid.py" line="210" name="test_centers_shape[&lt;lambda&gt;17]" time="0.0004799365997314453"><skipped message="Suite splitting in effect" type="pytest.skip">src/pymortests/affine_grid.py:210: Suite splitting in effect</skipped></testcase><testcase classname="src.pymortests.affine_grid" file="src/pymortests/affine_grid.py" line="210" name="test_centers_shape[&lt;lambda&gt;18]" time="0.0007622241973876953"><skipped message="Suite splitting in effect" type="pytest.skip">src/pymortests/affine_grid.py:210: Suite splitting in effect</skipped></testcase><testcase classname="src.pymortests.affine_grid" file="src/pymortests/affine_grid.py" line="210" name="test_centers_shape[&lt;lambda&gt;19]" time="0.0004711151123046875"><skipped message="Suite splitting in effect" type="pytest.skip">src/pymortests/affine_grid.py:210: Suite splitting in effect</skipped></testcase><testcase classname="src.pymortests.affine_grid" file="src/pymortests/affine_grid.py" line="210" name="test_centers_shape[&lt;lambda&gt;20]" time="0.0004940032958984375"><skipped message="Suite splitting in effect" type="pytest.skip">src/pymortests/affine_grid.py:210: Suite splitting in effect</skipped></testcase><testcase classname="src.pymortests.affine_grid" file="src/pymortests/affine_grid.py" line="210" name="test_centers_shape[&lt;lambda&gt;21]" time="0.00045943260192871094"><skipped message="Suite splitting in effect" type="pytest.skip">src/pymortests/affine_grid.py:210: Suite splitting in effect</skipped></testcase><testcase classname="src.pymortests.affine_grid" file="src/pymortests/affine_grid.py" line="210" name="test_centers_shape[&lt;lambda&gt;22]" time="0.0004260540008544922"><skipped message="Suite splitting in effect" type="pytest.skip">src/pymortests/affine_grid.py:210: Suite splitting in effect</skipped></testcase><testcase classname="src.pymortests.affine_grid" file="src/pymortests/affine_grid.py" line="210" name="test_centers_shape[&lt;lambda&gt;23]" time="0.0004496574401855469"><skipped message="Suite splitting in effect" type="pytest.skip">src/pymortests/affine_grid.py:210: Suite splitting in effect</skipped></testcase><testcase classname="src.pymortests.affine_grid" file="src/pymortests/affine_grid.py" line="210" name="test_centers_shape[&lt;lambda&gt;24]" time="0.0004875659942626953"><skipped message="Suite splitting in effect" type="pytest.skip">src/pymortests/affine_grid.py:210: Suite splitting in effect</skipped></testcase><testcase classname="src.pymortests.affine_grid" file="src/pymortests/affine_grid.py" line="210" name="test_centers_shape[&lt;lambda&gt;25]" time="0.0005030632019042969"><skipped message="Suite splitting in effect" type="pytest.skip">src/pymortests/affine_grid.py:210: Suite splitting in effect</skipped></testcase><testcase classname="src.pymortests.affine_grid" file="src/pymortests/affine_grid.py" line="210" name="test_centers_shape[&lt;lambda&gt;26]" time="0.0010082721710205078"><skipped message="Suite splitting in effect" type="pytest.skip">src/pymortests/affine_grid.py:210: Suite splitting in effect</skipped></testcase><testcase classname="src.pymortests.affine_grid" file="src/pymortests/affine_grid.py" line="210" name="test_centers_shape[&lt;lambda&gt;27]" time="0.0004260540008544922"><skipped message="Suite splitting in effect" type="pytest.skip">src/pymortests/affine_grid.py:210: Suite splitting in effect</skipped></testcase><testcase classname="src.pymortests.affine_grid" file="src/pymortests/affine_grid.py" line="210" name="test_centers_shape[&lt;lambda&gt;28]" time="0.0005333423614501953"><skipped message="Suite splitting in effect" type="pytest.skip">src/pymortests/affine_grid.py:210: Suite splitting in effect</skipped></testcase><testcase classname="src.pymortests.affine_grid" file="src/pymortests/affine_grid.py" line="210" name="test_centers_shape[&lt;lambda&gt;29]" time="0.0004334449768066406"><skipped message="Suite splitting in effect" type="pytest.skip">src/pymortests/affine_grid.py:210: Suite splitting in effect</skipped></testcase><testcase classname="src.pymortests.affine_grid" file="src/pymortests/affine_grid.py" line="210" name="test_centers_shape[&lt;lambda&gt;30]" time="0.0004820823669433594"><skipped message="Suite splitting in effect" type="pytest.skip">src/pymortests/affine_grid.py:210: Suite splitting in effect</skipped></testcase><testcase classname="src.pymortests.affine_grid" file="src/pymortests/affine_grid.py" line="210" name="test_centers_shape[&lt;lambda&gt;31]" time="0.0005233287811279297"><skipped message="Suite splitting in effect" type="pytest.skip">src/pymortests/affine_grid.py:210: Suite splitting in effect</skipped></testcase><testcase classname="src.pymortests.affine_grid" file="src/pymortests/affine_grid.py" line="210" name="test_centers_shape[&lt;lambda&gt;32]" time="0.0004413127899169922"><skipped message="Suite splitting in effect" type="pytest.skip">src/pymortests/affine_grid.py:210: Suite splitting in effect</skipped></testcase><testcase classname="src.pymortests.affine_grid" file="src/pymortests/affine_grid.py" line="210" name="test_centers_shape[&lt;lambda&gt;33]" time="0.0004887580871582031"><skipped message="Suite splitting in effect" type="pytest.skip">src/pymortests/affine_grid.py:210: Suite splitting in effect</skipped></testcase><testcase classname="src.pymortests.affine_grid" file="src/pymortests/affine_grid.py" line="210" name="test_centers_shape[&lt;lambda&gt;34]" time="0.0008068084716796875"><skipped message="Suite splitting in effect" type="pytest.skip">src/pymortests/affine_grid.py:210: Suite splitting in effect</skipped></testcase><testcase classname="src.pymortests.affine_grid" file="src/pymortests/affine_grid.py" line="210" name="test_centers_shape[&lt;lambda&gt;35]" time="0.0004665851593017578"><skipped message="Suite splitting in effect" type="pytest.skip">src/pymortests/affine_grid.py:210: Suite splitting in effect</skipped></testcase><testcase classname="src.pymortests.affine_grid" file="src/pymortests/affine_grid.py" line="210" name="test_centers_shape[&lt;lambda&gt;36]" time="0.00047469139099121094"><skipped message="Suite splitting in effect" type="pytest.skip">src/pymortests/affine_grid.py:210: Suite splitting in effect</skipped></testcase><testcase classname="src.pymortests.affine_grid" file="src/pymortests/affine_grid.py" line="210" name="test_centers_shape[&lt;lambda&gt;37]" time="0.00042366981506347656"><skipped message="Suite splitting in effect" type="pytest.skip">src/pymortests/affine_grid.py:210: Suite splitting in effect</skipped></testcase><testcase classname="src.pymortests.affine_grid" file="src/pymortests/affine_grid.py" line="210" name="test_centers_shape[&lt;lambda&gt;38]" time="0.00047516822814941406"><skipped message="Suite splitting in effect" type="pytest.skip">src/pymortests/affine_grid.py:210: Suite splitting in effect</skipped></testcase><testcase classname="src.pymortests.affine_grid" file="src/pymortests/affine_grid.py" line="210" name="test_centers_shape[&lt;lambda&gt;39]" time="0.0005035400390625"><skipped message="Suite splitting in effect" type="pytest.skip">src/pymortests/affine_grid.py:210: Suite splitting in effect</skipped></testcase><testcase classname="src.pymortests.affine_grid" file="src/pymortests/affine_grid.py" line="210" name="test_centers_shape[&lt;lambda&gt;40]" time="0.00047898292541503906"><skipped message="Suite splitting in effect" type="pytest.skip">src/pymortests/affine_grid.py:210: Suite splitting in effect</skipped></testcase><testcase classname="src.pymortests.affine_grid" file="src/pymortests/affine_grid.py" line="210" name="test_centers_shape[&lt;lambda&gt;41]" time="0.0004210472106933594"><skipped message="Suite splitting in effect" type="pytest.skip">src/pymortests/affine_grid.py:210: Suite splitting in effect</skipped></testcase><testcase classname="src.pymortests.affine_grid" file="src/pymortests/affine_grid.py" line="210" name="test_centers_shape[&lt;lambda&gt;42]" time="0.0007619857788085938"><skipped message="Suite splitting in effect" type="pytest.skip">src/pymortests/affine_grid.py:210: Suite splitting in effect</skipped></testcase><testcase classname="src.pymortests.affine_grid" file="src/pymortests/affine_grid.py" line="216" name="test_centers_values[&lt;lambda&gt;0]" time="0.0006098747253417969"><skipped message="Suite splitting in effect" type="pytest.skip">src/pymortests/affine_grid.py:216: Suite splitting in effect</skipped></testcase><testcase classname="src.pymortests.affine_grid" file="src/pymortests/affine_grid.py" line="216" name="test_centers_values[&lt;lambda&gt;1]" time="0.00047969818115234375"><skipped message="Suite splitting in effect" type="pytest.skip">src/pymortests/affine_grid.py:216: Suite splitting in effect</skipped></testcase><testcase classname="src.pymortests.affine_grid" file="src/pymortests/affine_grid.py" line="216" name="test_centers_values[&lt;lambda&gt;2]" time="0.00044083595275878906"><skipped message="Suite splitting in effect" type="pytest.skip">src/pymortests/affine_grid.py:216: Suite splitting in effect</skipped></testcase><testcase classname="src.pymortests.affine_grid" file="src/pymortests/affine_grid.py" line="216" name="test_centers_values[&lt;lambda&gt;3]" time="0.000499725341796875"><skipped message="Suite splitting in effect" type="pytest.skip">src/pymortests/affine_grid.py:216: Suite splitting in effect</skipped></testcase><testcase classname="src.pymortests.affine_grid" file="src/pymortests/affine_grid.py" line="216" name="test_centers_values[&lt;lambda&gt;4]" time="0.0005118846893310547"><skipped message="Suite splitting in effect" type="pytest.skip">src/pymortests/affine_grid.py:216: Suite splitting in effect</skipped></testcase><testcase classname="src.pymortests.affine_grid" file="src/pymortests/affine_grid.py" line="216" name="test_centers_values[&lt;lambda&gt;5]" time="0.0004241466522216797"><skipped message="Suite splitting in effect" type="pytest.skip">src/pymortests/affine_grid.py:216: Suite splitting in effect</skipped></testcase><testcase classname="src.pymortests.affine_grid" file="src/pymortests/affine_grid.py" line="216" name="test_centers_values[&lt;lambda&gt;6]" time="0.00047707557678222656"><skipped message="Suite splitting in effect" type="pytest.skip">src/pymortests/affine_grid.py:216: Suite splitting in effect</skipped></testcase><testcase classname="src.pymortests.affine_grid" file="src/pymortests/affine_grid.py" line="216" name="test_centers_values[&lt;lambda&gt;7]" time="0.0008637905120849609"><skipped message="Suite splitting in effect" type="pytest.skip">src/pymortests/affine_grid.py:216: Suite splitting in effect</skipped></testcase><testcase classname="src.pymortests.affine_grid" file="src/pymortests/affine_grid.py" line="216" name="test_centers_values[&lt;lambda&gt;8]" time="0.0004444122314453125"><skipped message="Suite splitting in effect" type="pytest.skip">src/pymortests/affine_grid.py:216: Suite splitting in effect</skipped></testcase><testcase classname="src.pymortests.affine_grid" file="src/pymortests/affine_grid.py" line="216" name="test_centers_values[&lt;lambda&gt;9]" time="0.00048065185546875"><skipped message="Suite splitting in effect" type="pytest.skip">src/pymortests/affine_grid.py:216: Suite splitting in effect</skipped></testcase><testcase classname="src.pymortests.affine_grid" file="src/pymortests/affine_grid.py" line="216" name="test_centers_values[&lt;lambda&gt;10]" time="0.0005099773406982422"><skipped message="Suite splitting in effect" type="pytest.skip">src/pymortests/affine_grid.py:216: Suite splitting in effect</skipped></testcase><testcase classname="src.pymortests.affine_grid" file="src/pymortests/affine_grid.py" line="216" name="test_centers_values[&lt;lambda&gt;11]" time="0.00046539306640625"><skipped message="Suite splitting in effect" type="pytest.skip">src/pymortests/affine_grid.py:216: Suite splitting in effect</skipped></testcase><testcase classname="src.pymortests.affine_grid" file="src/pymortests/affine_grid.py" line="216" name="test_centers_values[&lt;lambda&gt;12]" time="0.0004258155822753906"><skipped message="Suite splitting in effect" type="pytest.skip">src/pymortests/affine_grid.py:216: Suite splitting in effect</skipped></testcase><testcase classname="src.pymortests.affine_grid" file="src/pymortests/affine_grid.py" line="216" name="test_centers_values[&lt;lambda&gt;13]" time="0.0004246234893798828"><skipped message="Suite splitting in effect" type="pytest.skip">src/pymortests/affine_grid.py:216: Suite splitting in effect</skipped></testcase><testcase classname="src.pymortests.affine_grid" file="src/pymortests/affine_grid.py" line="216" name="test_centers_values[&lt;lambda&gt;14]" time="0.000476837158203125"><skipped message="Suite splitting in effect" type="pytest.skip">src/pymortests/affine_grid.py:216: Suite splitting in effect</skipped></testcase><testcase classname="src.pymortests.affine_grid" file="src/pymortests/affine_grid.py" line="216" name="test_centers_values[&lt;lambda&gt;15]" time="0.0008444786071777344"><skipped message="Suite splitting in effect" type="pytest.skip">src/pymortests/affine_grid.py:216: Suite splitting in effect</skipped></testcase><testcase classname="src.pymortests.affine_grid" file="src/pymortests/affine_grid.py" line="216" name="test_centers_values[&lt;lambda&gt;16]" time="0.00044274330139160156"><skipped message="Suite splitting in effect" type="pytest.skip">src/pymortests/affine_grid.py:216: Suite splitting in effect</skipped></testcase><testcase classname="src.pymortests.affine_grid" file="src/pymortests/affine_grid.py" line="216" name="test_centers_values[&lt;lambda&gt;17]" time="0.000518798828125"><skipped message="Suite splitting in effect" type="pytest.skip">src/pymortests/affine_grid.py:216: Suite splitting in effect</skipped></testcase><testcase classname="src.pymortests.affine_grid" file="src/pymortests/affine_grid.py" line="216" name="test_centers_values[&lt;lambda&gt;18]" time="0.00048160552978515625"><skipped message="Suite splitting in effect" type="pytest.skip">src/pymortests/affine_grid.py:216: Suite splitting in effect</skipped></testcase><testcase classname="src.pymortests.affine_grid" file="src/pymortests/affine_grid.py" line="216" name="test_centers_values[&lt;lambda&gt;19]" time="0.0004665851593017578"><skipped message="Suite splitting in effect" type="pytest.skip">src/pymortests/affine_grid.py:216: Suite splitting in effect</skipped></testcase><testcase classname="src.pymortests.affine_grid" file="src/pymortests/affine_grid.py" line="216" name="test_centers_values[&lt;lambda&gt;20]" time="0.0004971027374267578"><skipped message="Suite splitting in effect" type="pytest.skip">src/pymortests/affine_grid.py:216: Suite splitting in effect</skipped></testcase><testcase classname="src.pymortests.affine_grid" file="src/pymortests/affine_grid.py" line="216" name="test_centers_values[&lt;lambda&gt;21]" time="0.0005381107330322266"><skipped message="Suite splitting in effect" type="pytest.skip">src/pymortests/affine_grid.py:216: Suite splitting in effect</skipped></testcase><testcase classname="src.pymortests.affine_grid" file="src/pymortests/affine_grid.py" line="216" name="test_centers_values[&lt;lambda&gt;22]" time="0.0004754066467285156"><skipped message="Suite splitting in effect" type="pytest.skip">src/pymortests/affine_grid.py:216: Suite splitting in effect</skipped></testcase><testcase classname="src.pymortests.affine_grid" file="src/pymortests/affine_grid.py" line="216" name="test_centers_values[&lt;lambda&gt;23]" time="0.0007865428924560547"><skipped message="Suite splitting in effect" type="pytest.skip">src/pymortests/affine_grid.py:216: Suite splitting in effect</skipped></testcase><testcase classname="src.pymortests.affine_grid" file="src/pymortests/affine_grid.py" line="216" name="test_centers_values[&lt;lambda&gt;24]" time="0.0005102157592773438"><skipped message="Suite splitting in effect" type="pytest.skip">src/pymortests/affine_grid.py:216: Suite splitting in effect</skipped></testcase><testcase classname="src.pymortests.affine_grid" file="src/pymortests/affine_grid.py" line="216" name="test_centers_values[&lt;lambda&gt;25]" time="0.0005409717559814453"><skipped message="Suite splitting in effect" type="pytest.skip">src/pymortests/affine_grid.py:216: Suite splitting in effect</skipped></testcase><testcase classname="src.pymortests.affine_grid" file="src/pymortests/affine_grid.py" line="216" name="test_centers_values[&lt;lambda&gt;26]" time="0.0004489421844482422"><skipped message="Suite splitting in effect" type="pytest.skip">src/pymortests/affine_grid.py:216: Suite splitting in effect</skipped></testcase><testcase classname="src.pymortests.affine_grid" file="src/pymortests/affine_grid.py" line="216" name="test_centers_values[&lt;lambda&gt;27]" time="0.0005056858062744141"><skipped message="Suite splitting in effect" type="pytest.skip">src/pymortests/affine_grid.py:216: Suite splitting in effect</skipped></testcase><testcase classname="src.pymortests.affine_grid" file="src/pymortests/affine_grid.py" line="216" name="test_centers_values[&lt;lambda&gt;28]" time="0.0004303455352783203"><skipped message="Suite splitting in effect" type="pytest.skip">src/pymortests/affine_grid.py:216: Suite splitting in effect</skipped></testcase><testcase classname="src.pymortests.affine_grid" file="src/pymortests/affine_grid.py" line="216" name="test_centers_values[&lt;lambda&gt;29]" time="0.0004742145538330078"><skipped message="Suite splitting in effect" type="pytest.skip">src/pymortests/affine_grid.py:216: Suite splitting in effect</skipped></testcase><testcase classname="src.pymortests.affine_grid" file="src/pymortests/affine_grid.py" line="216" name="test_centers_values[&lt;lambda&gt;30]" time="0.0004830360412597656"><skipped message="Suite splitting in effect" type="pytest.skip">src/pymortests/affine_grid.py:216: Suite splitting in effect</skipped></testcase><testcase classname="src.pymortests.affine_grid" file="src/pymortests/affine_grid.py" line="216" name="test_centers_values[&lt;lambda&gt;31]" time="0.0007989406585693359"><skipped message="Suite splitting in effect" type="pytest.skip">src/pymortests/affine_grid.py:216: Suite splitting in effect</skipped></testcase><testcase classname="src.pymortests.affine_grid" file="src/pymortests/affine_grid.py" line="216" name="test_centers_values[&lt;lambda&gt;32]" time="0.0004773139953613281"><skipped message="Suite splitting in effect" type="pytest.skip">src/pymortests/affine_grid.py:216: Suite splitting in effect</skipped></testcase><testcase classname="src.pymortests.affine_grid" file="src/pymortests/affine_grid.py" line="216" name="test_centers_values[&lt;lambda&gt;33]" time="0.0004253387451171875"><skipped message="Suite splitting in effect" type="pytest.skip">src/pymortests/affine_grid.py:216: Suite splitting in effect</skipped></testcase><testcase classname="src.pymortests.affine_grid" file="src/pymortests/affine_grid.py" line="216" name="test_centers_values[&lt;lambda&gt;34]" time="0.0004589557647705078"><skipped message="Suite splitting in effect" type="pytest.skip">src/pymortests/affine_grid.py:216: Suite splitting in effect</skipped></testcase><testcase classname="src.pymortests.affine_grid" file="src/pymortests/affine_grid.py" line="216" name="test_centers_values[&lt;lambda&gt;35]" time="0.0004878044128417969"><skipped message="Suite splitting in effect" type="pytest.skip">src/pymortests/affine_grid.py:216: Suite splitting in effect</skipped></testcase><testcase classname="src.pymortests.affine_grid" file="src/pymortests/affine_grid.py" line="216" name="test_centers_values[&lt;lambda&gt;36]" time="0.0004532337188720703"><skipped message="Suite splitting in effect" type="pytest.skip">src/pymortests/affine_grid.py:216: Suite splitting in effect</skipped></testcase><testcase classname="src.pymortests.affine_grid" file="src/pymortests/affine_grid.py" line="216" name="test_centers_values[&lt;lambda&gt;37]" time="0.0005290508270263672"><skipped message="Suite splitting in effect" type="pytest.skip">src/pymortests/affine_grid.py:216: Suite splitting in effect</skipped></testcase><testcase classname="src.pymortests.affine_grid" file="src/pymortests/affine_grid.py" line="216" name="test_centers_values[&lt;lambda&gt;38]" time="0.00045228004455566406"><skipped message="Suite splitting in effect" type="pytest.skip">src/pymortests/affine_grid.py:216: Suite splitting in effect</skipped></testcase><testcase classname="src.pymortests.affine_grid" file="src/pymortests/affine_grid.py" line="216" name="test_centers_values[&lt;lambda&gt;39]" time="0.0007948875427246094"><skipped message="Suite splitting in effect" type="pytest.skip">src/pymortests/affine_grid.py:216: Suite splitting in effect</skipped></testcase><testcase classname="src.pymortests.affine_grid" file="src/pymortests/affine_grid.py" line="216" name="test_centers_values[&lt;lambda&gt;40]" time="0.000484466552734375"><skipped message="Suite splitting in effect" type="pytest.skip">src/pymortests/affine_grid.py:216: Suite splitting in effect</skipped></testcase><testcase classname="src.pymortests.affine_grid" file="src/pymortests/affine_grid.py" line="216" name="test_centers_values[&lt;lambda&gt;41]" time="0.0005137920379638672"><skipped message="Suite splitting in effect" type="pytest.skip">src/pymortests/affine_grid.py:216: Suite splitting in effect</skipped></testcase><testcase classname="src.pymortests.affine_grid" file="src/pymortests/affine_grid.py" line="216" name="test_centers_values[&lt;lambda&gt;42]" time="0.00045609474182128906"><skipped message="Suite splitting in effect" type="pytest.skip">src/pymortests/affine_grid.py:216: Suite splitting in effect</skipped></testcase><testcase classname="src.pymortests.affine_grid" file="src/pymortests/affine_grid.py" line="223" name="test_diameters_wrong_arguments[&lt;lambda&gt;0]" time="0.00042629241943359375"><skipped message="Suite splitting in effect" type="pytest.skip">src/pymortests/affine_grid.py:223: Suite splitting in effect</skipped></testcase><testcase classname="src.pymortests.affine_grid" file="src/pymortests/affine_grid.py" line="223" name="test_diameters_wrong_arguments[&lt;lambda&gt;1]" time="0.0004630088806152344"><skipped message="Suite splitting in effect" type="pytest.skip">src/pymortests/affine_grid.py:223: Suite splitting in effect</skipped></testcase><testcase classname="src.pymortests.affine_grid" file="src/pymortests/affine_grid.py" line="223" name="test_diameters_wrong_arguments[&lt;lambda&gt;2]" time="0.0004825592041015625"><skipped message="Suite splitting in effect" type="pytest.skip">src/pymortests/affine_grid.py:223: Suite splitting in effect</skipped></testcase><testcase classname="src.pymortests.affine_grid" file="src/pymortests/affine_grid.py" line="223" name="test_diameters_wrong_arguments[&lt;lambda&gt;3]" time="0.00046944618225097656"><skipped message="Suite splitting in effect" type="pytest.skip">src/pymortests/affine_grid.py:223: Suite splitting in effect</skipped></testcase><testcase classname="src.pymortests.affine_grid" file="src/pymortests/affine_grid.py" line="223" name="test_diameters_wrong_arguments[&lt;lambda&gt;4]" time="0.0007474422454833984"><skipped message="Suite splitting in effect" type="pytest.skip">src/pymortests/affine_grid.py:223: Suite splitting in effect</skipped></testcase><testcase classname="src.pymortests.affine_grid" file="src/pymortests/affine_grid.py" line="223" name="test_diameters_wrong_arguments[&lt;lambda&gt;5]" time="0.0004904270172119141"><skipped message="Suite splitting in effect" type="pytest.skip">src/pymortests/affine_grid.py:223: Suite splitting in effect</skipped></testcase><testcase classname="src.pymortests.affine_grid" file="src/pymortests/affine_grid.py" line="223" name="test_diameters_wrong_arguments[&lt;lambda&gt;6]" time="0.0004894733428955078"><skipped message="Suite splitting in effect" type="pytest.skip">src/pymortests/affine_grid.py:223: Suite splitting in effect</skipped></testcase><testcase classname="src.pymortests.affine_grid" file="src/pymortests/affine_grid.py" line="223" name="test_diameters_wrong_arguments[&lt;lambda&gt;7]" time="0.00043654441833496094"><skipped message="Suite splitting in effect" type="pytest.skip">src/pymortests/affine_grid.py:223: Suite splitting in effect</skipped></testcase><testcase classname="src.pymortests.affine_grid" file="src/pymortests/affine_grid.py" line="223" name="test_diameters_wrong_arguments[&lt;lambda&gt;8]" time="0.00042891502380371094"><skipped message="Suite splitting in effect" type="pytest.skip">src/pymortests/affine_grid.py:223: Suite splitting in effect</skipped></testcase><testcase classname="src.pymortests.affine_grid" file="src/pymortests/affine_grid.py" line="223" name="test_diameters_wrong_arguments[&lt;lambda&gt;9]" time="0.0004742145538330078"><skipped message="Suite splitting in effect" type="pytest.skip">src/pymortests/affine_grid.py:223: Suite splitting in effect</skipped></testcase><testcase classname="src.pymortests.affine_grid" file="src/pymortests/affine_grid.py" line="223" name="test_diameters_wrong_arguments[&lt;lambda&gt;10]" time="0.00047707557678222656"><skipped message="Suite splitting in effect" type="pytest.skip">src/pymortests/affine_grid.py:223: Suite splitting in effect</skipped></testcase><testcase classname="src.pymortests.affine_grid" file="src/pymortests/affine_grid.py" line="223" name="test_diameters_wrong_arguments[&lt;lambda&gt;11]" time="0.000507354736328125"><skipped message="Suite splitting in effect" type="pytest.skip">src/pymortests/affine_grid.py:223: Suite splitting in effect</skipped></testcase><testcase classname="src.pymortests.affine_grid" file="src/pymortests/affine_grid.py" line="223" name="test_diameters_wrong_arguments[&lt;lambda&gt;12]" time="0.0007493495941162109"><skipped message="Suite splitting in effect" type="pytest.skip">src/pymortests/affine_grid.py:223: Suite splitting in effect</skipped></testcase><testcase classname="src.pymortests.affine_grid" file="src/pymortests/affine_grid.py" line="223" name="test_diameters_wrong_arguments[&lt;lambda&gt;13]" time="0.0004849433898925781"><skipped message="Suite splitting in effect" type="pytest.skip">src/pymortests/affine_grid.py:223: Suite splitting in effect</skipped></testcase><testcase classname="src.pymortests.affine_grid" file="src/pymortests/affine_grid.py" line="223" name="test_diameters_wrong_arguments[&lt;lambda&gt;14]" time="0.0005090236663818359"><skipped message="Suite splitting in effect" type="pytest.skip">src/pymortests/affine_grid.py:223: Suite splitting in effect</skipped></testcase><testcase classname="src.pymortests.affine_grid" file="src/pymortests/affine_grid.py" line="223" name="test_diameters_wrong_arguments[&lt;lambda&gt;15]" time="0.00045371055603027344"><skipped message="Suite splitting in effect" type="pytest.skip">src/pymortests/affine_grid.py:223: Suite splitting in effect</skipped></testcase><testcase classname="src.pymortests.affine_grid" file="src/pymortests/affine_grid.py" line="223" name="test_diameters_wrong_arguments[&lt;lambda&gt;16]" time="0.0004761219024658203"><skipped message="Suite splitting in effect" type="pytest.skip">src/pymortests/affine_grid.py:223: Suite splitting in effect</skipped></testcase><testcase classname="src.pymortests.affine_grid" file="src/pymortests/affine_grid.py" line="223" name="test_diameters_wrong_arguments[&lt;lambda&gt;17]" time="0.0004801750183105469"><skipped message="Suite splitting in effect" type="pytest.skip">src/pymortests/affine_grid.py:223: Suite splitting in effect</skipped></testcase><testcase classname="src.pymortests.affine_grid" file="src/pymortests/affine_grid.py" line="223" name="test_diameters_wrong_arguments[&lt;lambda&gt;18]" time="0.00042891502380371094"><skipped message="Suite splitting in effect" type="pytest.skip">src/pymortests/affine_grid.py:223: Suite splitting in effect</skipped></testcase><testcase classname="src.pymortests.affine_grid" file="src/pymortests/affine_grid.py" line="223" name="test_diameters_wrong_arguments[&lt;lambda&gt;19]" time="0.0005695819854736328"><skipped message="Suite splitting in effect" type="pytest.skip">src/pymortests/affine_grid.py:223: Suite splitting in effect</skipped></testcase><testcase classname="src.pymortests.affine_grid" file="src/pymortests/affine_grid.py" line="223" name="test_diameters_wrong_arguments[&lt;lambda&gt;20]" time="0.0010046958923339844"><skipped message="Suite splitting in effect" type="pytest.skip">src/pymortests/affine_grid.py:223: Suite splitting in effect</skipped></testcase><testcase classname="src.pymortests.affine_grid" file="src/pymortests/affine_grid.py" line="223" name="test_diameters_wrong_arguments[&lt;lambda&gt;21]" time="0.0004925727844238281"><skipped message="Suite splitting in effect" type="pytest.skip">src/pymortests/affine_grid.py:223: Suite splitting in effect</skipped></testcase><testcase classname="src.pymortests.affine_grid" file="src/pymortests/affine_grid.py" line="223" name="test_diameters_wrong_arguments[&lt;lambda&gt;22]" time="0.0004520416259765625"><skipped message="Suite splitting in effect" type="pytest.skip">src/pymortests/affine_grid.py:223: Suite splitting in effect</skipped></testcase><testcase classname="src.pymortests.affine_grid" file="src/pymortests/affine_grid.py" line="223" name="test_diameters_wrong_arguments[&lt;lambda&gt;23]" time="0.00042319297790527344"><skipped message="Suite splitting in effect" type="pytest.skip">src/pymortests/affine_grid.py:223: Suite splitting in effect</skipped></testcase><testcase classname="src.pymortests.affine_grid" file="src/pymortests/affine_grid.py" line="223" name="test_diameters_wrong_arguments[&lt;lambda&gt;24]" time="0.0004355907440185547"><skipped message="Suite splitting in effect" type="pytest.skip">src/pymortests/affine_grid.py:223: Suite splitting in effect</skipped></testcase><testcase classname="src.pymortests.affine_grid" file="src/pymortests/affine_grid.py" line="223" name="test_diameters_wrong_arguments[&lt;lambda&gt;25]" time="0.0005195140838623047"><skipped message="Suite splitting in effect" type="pytest.skip">src/pymortests/affine_grid.py:223: Suite splitting in effect</skipped></testcase><testcase classname="src.pymortests.affine_grid" file="src/pymortests/affine_grid.py" line="223" name="test_diameters_wrong_arguments[&lt;lambda&gt;26]" time="0.0004987716674804688"><skipped message="Suite splitting in effect" type="pytest.skip">src/pymortests/affine_grid.py:223: Suite splitting in effect</skipped></testcase><testcase classname="src.pymortests.affine_grid" file="src/pymortests/affine_grid.py" line="223" name="test_diameters_wrong_arguments[&lt;lambda&gt;27]" time="0.0004825592041015625"><skipped message="Suite splitting in effect" type="pytest.skip">src/pymortests/affine_grid.py:223: Suite splitting in effect</skipped></testcase><testcase classname="src.pymortests.affine_grid" file="src/pymortests/affine_grid.py" line="223" name="test_diameters_wrong_arguments[&lt;lambda&gt;28]" time="0.0007641315460205078"><skipped message="Suite splitting in effect" type="pytest.skip">src/pymortests/affine_grid.py:223: Suite splitting in effect</skipped></testcase><testcase classname="src.pymortests.affine_grid" file="src/pymortests/affine_grid.py" line="223" name="test_diameters_wrong_arguments[&lt;lambda&gt;29]" time="0.00042724609375"><skipped message="Suite splitting in effect" type="pytest.skip">src/pymortests/affine_grid.py:223: Suite splitting in effect</skipped></testcase><testcase classname="src.pymortests.affine_grid" file="src/pymortests/affine_grid.py" line="223" name="test_diameters_wrong_arguments[&lt;lambda&gt;30]" time="0.00042247772216796875"><skipped message="Suite splitting in effect" type="pytest.skip">src/pymortests/affine_grid.py:223: Suite splitting in effect</skipped></testcase><testcase classname="src.pymortests.affine_grid" file="src/pymortests/affine_grid.py" line="223" name="test_diameters_wrong_arguments[&lt;lambda&gt;31]" time="0.0004780292510986328"><skipped message="Suite splitting in effect" type="pytest.skip">src/pymortests/affine_grid.py:223: Suite splitting in effect</skipped></testcase><testcase classname="src.pymortests.affine_grid" file="src/pymortests/affine_grid.py" line="223" name="test_diameters_wrong_arguments[&lt;lambda&gt;32]" time="0.0004456043243408203"><skipped message="Suite splitting in effect" type="pytest.skip">src/pymortests/affine_grid.py:223: Suite splitting in effect</skipped></testcase><testcase classname="src.pymortests.affine_grid" file="src/pymortests/affine_grid.py" line="223" name="test_diameters_wrong_arguments[&lt;lambda&gt;33]" time="0.00047469139099121094"><skipped message="Suite splitting in effect" type="pytest.skip">src/pymortests/affine_grid.py:223: Suite splitting in effect</skipped></testcase><testcase classname="src.pymortests.affine_grid" file="src/pymortests/affine_grid.py" line="223" name="test_diameters_wrong_arguments[&lt;lambda&gt;34]" time="0.0005204677581787109"><skipped message="Suite splitting in effect" type="pytest.skip">src/pymortests/affine_grid.py:223: Suite splitting in effect</skipped></testcase><testcase classname="src.pymortests.affine_grid" file="src/pymortests/affine_grid.py" line="223" name="test_diameters_wrong_arguments[&lt;lambda&gt;35]" time="0.0004565715789794922"><skipped message="Suite splitting in effect" type="pytest.skip">src/pymortests/affine_grid.py:223: Suite splitting in effect</skipped></testcase><testcase classname="src.pymortests.affine_grid" file="src/pymortests/affine_grid.py" line="223" name="test_diameters_wrong_arguments[&lt;lambda&gt;36]" time="0.0010142326354980469"><skipped message="Suite splitting in effect" type="pytest.skip">src/pymortests/affine_grid.py:223: Suite splitting in effect</skipped></testcase><testcase classname="src.pymortests.affine_grid" file="src/pymortests/affine_grid.py" line="223" name="test_diameters_wrong_arguments[&lt;lambda&gt;37]" time="0.0004899501800537109"><skipped message="Suite splitting in effect" type="pytest.skip">src/pymortests/affine_grid.py:223: Suite splitting in effect</skipped></testcase><testcase classname="src.pymortests.affine_grid" file="src/pymortests/affine_grid.py" line="223" name="test_diameters_wrong_arguments[&lt;lambda&gt;38]" time="0.0005042552947998047"><skipped message="Suite splitting in effect" type="pytest.skip">src/pymortests/affine_grid.py:223: Suite splitting in effect</skipped></testcase><testcase classname="src.pymortests.affine_grid" file="src/pymortests/affine_grid.py" line="223" name="test_diameters_wrong_arguments[&lt;lambda&gt;39]" time="0.0004754066467285156"><skipped message="Suite splitting in effect" type="pytest.skip">src/pymortests/affine_grid.py:223: Suite splitting in effect</skipped></testcase><testcase classname="src.pymortests.affine_grid" file="src/pymortests/affine_grid.py" line="223" name="test_diameters_wrong_arguments[&lt;lambda&gt;40]" time="0.0004367828369140625"><skipped message="Suite splitting in effect" type="pytest.skip">src/pymortests/affine_grid.py:223: Suite splitting in effect</skipped></testcase><testcase classname="src.pymortests.affine_grid" file="src/pymortests/affine_grid.py" line="223" name="test_diameters_wrong_arguments[&lt;lambda&gt;41]" time="0.0004222393035888672"><skipped message="Suite splitting in effect" type="pytest.skip">src/pymortests/affine_grid.py:223: Suite splitting in effect</skipped></testcase><testcase classname="src.pymortests.affine_grid" file="src/pymortests/affine_grid.py" line="223" name="test_diameters_wrong_arguments[&lt;lambda&gt;42]" time="0.0005156993865966797"><skipped message="Suite splitting in effect" type="pytest.skip">src/pymortests/affine_grid.py:223: Suite splitting in effect</skipped></testcase><testcase classname="src.pymortests.affine_grid" file="src/pymortests/affine_grid.py" line="231" name="test_diameters_shape[&lt;lambda&gt;0]" time="0.0004343986511230469"><skipped message="Suite splitting in effect" type="pytest.skip">src/pymortests/affine_grid.py:231: Suite splitting in effect</skipped></testcase><testcase classname="src.pymortests.affine_grid" file="src/pymortests/affine_grid.py" line="231" name="test_diameters_shape[&lt;lambda&gt;1]" time="0.0007469654083251953"><skipped message="Suite splitting in effect" type="pytest.skip">src/pymortests/affine_grid.py:231: Suite splitting in effect</skipped></testcase><testcase classname="src.pymortests.affine_grid" file="src/pymortests/affine_grid.py" line="231" name="test_diameters_shape[&lt;lambda&gt;2]" time="0.0005035400390625"><skipped message="Suite splitting in effect" type="pytest.skip">src/pymortests/affine_grid.py:231: Suite splitting in effect</skipped></testcase><testcase classname="src.pymortests.affine_grid" file="src/pymortests/affine_grid.py" line="231" name="test_diameters_shape[&lt;lambda&gt;3]" time="0.00048160552978515625"><skipped message="Suite splitting in effect" type="pytest.skip">src/pymortests/affine_grid.py:231: Suite splitting in effect</skipped></testcase><testcase classname="src.pymortests.affine_grid" file="src/pymortests/affine_grid.py" line="231" name="test_diameters_shape[&lt;lambda&gt;4]" time="0.0005395412445068359"><skipped message="Suite splitting in effect" type="pytest.skip">src/pymortests/affine_grid.py:231: Suite splitting in effect</skipped></testcase><testcase classname="src.pymortests.affine_grid" file="src/pymortests/affine_grid.py" line="231" name="test_diameters_shape[&lt;lambda&gt;5]" time="0.0007352828979492188"><skipped message="Suite splitting in effect" type="pytest.skip">src/pymortests/affine_grid.py:231: Suite splitting in effect</skipped></testcase><testcase classname="src.pymortests.affine_grid" file="src/pymortests/affine_grid.py" line="231" name="test_diameters_shape[&lt;lambda&gt;6]" time="0.000606536865234375"><skipped message="Suite splitting in effect" type="pytest.skip">src/pymortests/affine_grid.py:231: Suite splitting in effect</skipped></testcase><testcase classname="src.pymortests.affine_grid" file="src/pymortests/affine_grid.py" line="231" name="test_diameters_shape[&lt;lambda&gt;7]" time="0.0006978511810302734"><skipped message="Suite splitting in effect" type="pytest.skip">src/pymortests/affine_grid.py:231: Suite splitting in effect</skipped></testcase><testcase classname="src.pymortests.affine_grid" file="src/pymortests/affine_grid.py" line="231" name="test_diameters_shape[&lt;lambda&gt;8]" time="0.0005240440368652344"><skipped message="Suite splitting in effect" type="pytest.skip">src/pymortests/affine_grid.py:231: Suite splitting in effect</skipped></testcase><testcase classname="src.pymortests.affine_grid" file="src/pymortests/affine_grid.py" line="231" name="test_diameters_shape[&lt;lambda&gt;9]" time="0.0008575916290283203"><skipped message="Suite splitting in effect" type="pytest.skip">src/pymortests/affine_grid.py:231: Suite splitting in effect</skipped></testcase><testcase classname="src.pymortests.affine_grid" file="src/pymortests/affine_grid.py" line="231" name="test_diameters_shape[&lt;lambda&gt;10]" time="0.0005447864532470703"><skipped message="Suite splitting in effect" type="pytest.skip">src/pymortests/affine_grid.py:231: Suite splitting in effect</skipped></testcase><testcase classname="src.pymortests.affine_grid" file="src/pymortests/affine_grid.py" line="231" name="test_diameters_shape[&lt;lambda&gt;11]" time="0.0004925727844238281"><skipped message="Suite splitting in effect" type="pytest.skip">src/pymortests/affine_grid.py:231: Suite splitting in effect</skipped></testcase><testcase classname="src.pymortests.affine_grid" file="src/pymortests/affine_grid.py" line="231" name="test_diameters_shape[&lt;lambda&gt;12]" time="0.0004909038543701172"><skipped message="Suite splitting in effect" type="pytest.skip">src/pymortests/affine_grid.py:231: Suite splitting in effect</skipped></testcase><testcase classname="src.pymortests.affine_grid" file="src/pymortests/affine_grid.py" line="231" name="test_diameters_shape[&lt;lambda&gt;13]" time="0.0004742145538330078"><skipped message="Suite splitting in effect" type="pytest.skip">src/pymortests/affine_grid.py:231: Suite splitting in effect</skipped></testcase><testcase classname="src.pymortests.affine_grid" file="src/pymortests/affine_grid.py" line="231" name="test_diameters_shape[&lt;lambda&gt;14]" time="0.0005631446838378906"><skipped message="Suite splitting in effect" type="pytest.skip">src/pymortests/affine_grid.py:231: Suite splitting in effect</skipped></testcase><testcase classname="src.pymortests.affine_grid" file="src/pymortests/affine_grid.py" line="231" name="test_diameters_shape[&lt;lambda&gt;15]" time="0.0004744529724121094"><skipped message="Suite splitting in effect" type="pytest.skip">src/pymortests/affine_grid.py:231: Suite splitting in effect</skipped></testcase><testcase classname="src.pymortests.affine_grid" file="src/pymortests/affine_grid.py" line="231" name="test_diameters_shape[&lt;lambda&gt;16]" time="0.0004634857177734375"><skipped message="Suite splitting in effect" type="pytest.skip">src/pymortests/affine_grid.py:231: Suite splitting in effect</skipped></testcase><testcase classname="src.pymortests.affine_grid" file="src/pymortests/affine_grid.py" line="231" name="test_diameters_shape[&lt;lambda&gt;17]" time="0.0008237361907958984"><skipped message="Suite splitting in effect" type="pytest.skip">src/pymortests/affine_grid.py:231: Suite splitting in effect</skipped></testcase><testcase classname="src.pymortests.affine_grid" file="src/pymortests/affine_grid.py" line="231" name="test_diameters_shape[&lt;lambda&gt;18]" time="0.0004875659942626953"><skipped message="Suite splitting in effect" type="pytest.skip">src/pymortests/affine_grid.py:231: Suite splitting in effect</skipped></testcase><testcase classname="src.pymortests.affine_grid" file="src/pymortests/affine_grid.py" line="231" name="test_diameters_shape[&lt;lambda&gt;19]" time="0.0004298686981201172"><skipped message="Suite splitting in effect" type="pytest.skip">src/pymortests/affine_grid.py:231: Suite splitting in effect</skipped></testcase><testcase classname="src.pymortests.affine_grid" file="src/pymortests/affine_grid.py" line="231" name="test_diameters_shape[&lt;lambda&gt;20]" time="0.0004756450653076172"><skipped message="Suite splitting in effect" type="pytest.skip">src/pymortests/affine_grid.py:231: Suite splitting in effect</skipped></testcase><testcase classname="src.pymortests.affine_grid" file="src/pymortests/affine_grid.py" line="231" name="test_diameters_shape[&lt;lambda&gt;21]" time="0.0004734992980957031"><skipped message="Suite splitting in effect" type="pytest.skip">src/pymortests/affine_grid.py:231: Suite splitting in effect</skipped></testcase><testcase classname="src.pymortests.affine_grid" file="src/pymortests/affine_grid.py" line="231" name="test_diameters_shape[&lt;lambda&gt;22]" time="0.00048804283142089844"><skipped message="Suite splitting in effect" type="pytest.skip">src/pymortests/affine_grid.py:231: Suite splitting in effect</skipped></testcase><testcase classname="src.pymortests.affine_grid" file="src/pymortests/affine_grid.py" line="231" name="test_diameters_shape[&lt;lambda&gt;23]" time="0.00043320655822753906"><skipped message="Suite splitting in effect" type="pytest.skip">src/pymortests/affine_grid.py:231: Suite splitting in effect</skipped></testcase><testcase classname="src.pymortests.affine_grid" file="src/pymortests/affine_grid.py" line="231" name="test_diameters_shape[&lt;lambda&gt;24]" time="0.0005047321319580078"><skipped message="Suite splitting in effect" type="pytest.skip">src/pymortests/affine_grid.py:231: Suite splitting in effect</skipped></testcase><testcase classname="src.pymortests.affine_grid" file="src/pymortests/affine_grid.py" line="231" name="test_diameters_shape[&lt;lambda&gt;25]" time="0.0008609294891357422"><skipped message="Suite splitting in effect" type="pytest.skip">src/pymortests/affine_grid.py:231: Suite splitting in effect</skipped></testcase><testcase classname="src.pymortests.affine_grid" file="src/pymortests/affine_grid.py" line="231" name="test_diameters_shape[&lt;lambda&gt;26]" time="0.0004830360412597656"><skipped message="Suite splitting in effect" type="pytest.skip">src/pymortests/affine_grid.py:231: Suite splitting in effect</skipped></testcase><testcase classname="src.pymortests.affine_grid" file="src/pymortests/affine_grid.py" line="231" name="test_diameters_shape[&lt;lambda&gt;27]" time="0.0004260540008544922"><skipped message="Suite splitting in effect" type="pytest.skip">src/pymortests/affine_grid.py:231: Suite splitting in effect</skipped></testcase><testcase classname="src.pymortests.affine_grid" file="src/pymortests/affine_grid.py" line="231" name="test_diameters_shape[&lt;lambda&gt;28]" time="0.0004420280456542969"><skipped message="Suite splitting in effect" type="pytest.skip">src/pymortests/affine_grid.py:231: Suite splitting in effect</skipped></testcase><testcase classname="src.pymortests.affine_grid" file="src/pymortests/affine_grid.py" line="231" name="test_diameters_shape[&lt;lambda&gt;29]" time="0.0004706382751464844"><skipped message="Suite splitting in effect" type="pytest.skip">src/pymortests/affine_grid.py:231: Suite splitting in effect</skipped></testcase><testcase classname="src.pymortests.affine_grid" file="src/pymortests/affine_grid.py" line="231" name="test_diameters_shape[&lt;lambda&gt;30]" time="0.00044536590576171875"><skipped message="Suite splitting in effect" type="pytest.skip">src/pymortests/affine_grid.py:231: Suite splitting in effect</skipped></testcase><testcase classname="src.pymortests.affine_grid" file="src/pymortests/affine_grid.py" line="231" name="test_diameters_shape[&lt;lambda&gt;31]" time="0.0004611015319824219"><skipped message="Suite splitting in effect" type="pytest.skip">src/pymortests/affine_grid.py:231: Suite splitting in effect</skipped></testcase><testcase classname="src.pymortests.affine_grid" file="src/pymortests/affine_grid.py" line="231" name="test_diameters_shape[&lt;lambda&gt;32]" time="0.00046515464782714844"><skipped message="Suite splitting in effect" type="pytest.skip">src/pymortests/affine_grid.py:231: Suite splitting in effect</skipped></testcase><testcase classname="src.pymortests.affine_grid" file="src/pymortests/affine_grid.py" line="231" name="test_diameters_shape[&lt;lambda&gt;33]" time="0.0008137226104736328"><skipped message="Suite splitting in effect" type="pytest.skip">src/pymortests/affine_grid.py:231: Suite splitting in effect</skipped></testcase><testcase classname="src.pymortests.affine_grid" file="src/pymortests/affine_grid.py" line="231" name="test_diameters_shape[&lt;lambda&gt;34]" time="0.0004687309265136719"><skipped message="Suite splitting in effect" type="pytest.skip">src/pymortests/affine_grid.py:231: Suite splitting in effect</skipped></testcase><testcase classname="src.pymortests.affine_grid" file="src/pymortests/affine_grid.py" line="231" name="test_diameters_shape[&lt;lambda&gt;35]" time="0.0004730224609375"><skipped message="Suite splitting in effect" type="pytest.skip">src/pymortests/affine_grid.py:231: Suite splitting in effect</skipped></testcase><testcase classname="src.pymortests.affine_grid" file="src/pymortests/affine_grid.py" line="231" name="test_diameters_shape[&lt;lambda&gt;36]" time="0.00046825408935546875"><skipped message="Suite splitting in effect" type="pytest.skip">src/pymortests/affine_grid.py:231: Suite splitting in effect</skipped></testcase><testcase classname="src.pymortests.affine_grid" file="src/pymortests/affine_grid.py" line="231" name="test_diameters_shape[&lt;lambda&gt;37]" time="0.0004603862762451172"><skipped message="Suite splitting in effect" type="pytest.skip">src/pymortests/affine_grid.py:231: Suite splitting in effect</skipped></testcase><testcase classname="src.pymortests.affine_grid" file="src/pymortests/affine_grid.py" line="231" name="test_diameters_shape[&lt;lambda&gt;38]" time="0.0004889965057373047"><skipped message="Suite splitting in effect" type="pytest.skip">src/pymortests/affine_grid.py:231: Suite splitting in effect</skipped></testcase><testcase classname="src.pymortests.affine_grid" file="src/pymortests/affine_grid.py" line="231" name="test_diameters_shape[&lt;lambda&gt;39]" time="0.0004203319549560547"><skipped message="Suite splitting in effect" type="pytest.skip">src/pymortests/affine_grid.py:231: Suite splitting in effect</skipped></testcase><testcase classname="src.pymortests.affine_grid" file="src/pymortests/affine_grid.py" line="231" name="test_diameters_shape[&lt;lambda&gt;40]" time="0.0004763603210449219"><skipped message="Suite splitting in effect" type="pytest.skip">src/pymortests/affine_grid.py:231: Suite splitting in effect</skipped></testcase><testcase classname="src.pymortests.affine_grid" file="src/pymortests/affine_grid.py" line="231" name="test_diameters_shape[&lt;lambda&gt;41]" time="0.0007700920104980469"><skipped message="Suite splitting in effect" type="pytest.skip">src/pymortests/affine_grid.py:231: Suite splitting in effect</skipped></testcase><testcase classname="src.pymortests.affine_grid" file="src/pymortests/affine_grid.py" line="231" name="test_diameters_shape[&lt;lambda&gt;42]" time="0.0004134178161621094"><skipped message="Suite splitting in effect" type="pytest.skip">src/pymortests/affine_grid.py:231: Suite splitting in effect</skipped></testcase><testcase classname="src.pymortests.affine_grid" file="src/pymortests/affine_grid.py" line="237" name="test_diameters_non_negative[&lt;lambda&gt;0]" time="0.0004935264587402344"><skipped message="Suite splitting in effect" type="pytest.skip">src/pymortests/affine_grid.py:237: Suite splitting in effect</skipped></testcase><testcase classname="src.pymortests.affine_grid" file="src/pymortests/affine_grid.py" line="237" name="test_diameters_non_negative[&lt;lambda&gt;1]" time="0.00042700767517089844"><skipped message="Suite splitting in effect" type="pytest.skip">src/pymortests/affine_grid.py:237: Suite splitting in effect</skipped></testcase><testcase classname="src.pymortests.affine_grid" file="src/pymortests/affine_grid.py" line="237" name="test_diameters_non_negative[&lt;lambda&gt;2]" time="0.0004661083221435547"><skipped message="Suite splitting in effect" type="pytest.skip">src/pymortests/affine_grid.py:237: Suite splitting in effect</skipped></testcase><testcase classname="src.pymortests.affine_grid" file="src/pymortests/affine_grid.py" line="237" name="test_diameters_non_negative[&lt;lambda&gt;3]" time="0.0005233287811279297"><skipped message="Suite splitting in effect" type="pytest.skip">src/pymortests/affine_grid.py:237: Suite splitting in effect</skipped></testcase><testcase classname="src.pymortests.affine_grid" file="src/pymortests/affine_grid.py" line="237" name="test_diameters_non_negative[&lt;lambda&gt;4]" time="0.0004527568817138672"><skipped message="Suite splitting in effect" type="pytest.skip">src/pymortests/affine_grid.py:237: Suite splitting in effect</skipped></testcase><testcase classname="src.pymortests.affine_grid" file="src/pymortests/affine_grid.py" line="237" name="test_diameters_non_negative[&lt;lambda&gt;5]" time="0.0004668235778808594"><skipped message="Suite splitting in effect" type="pytest.skip">src/pymortests/affine_grid.py:237: Suite splitting in effect</skipped></testcase><testcase classname="src.pymortests.affine_grid" file="src/pymortests/affine_grid.py" line="237" name="test_diameters_non_negative[&lt;lambda&gt;6]" time="0.0007712841033935547"><skipped message="Suite splitting in effect" type="pytest.skip">src/pymortests/affine_grid.py:237: Suite splitting in effect</skipped></testcase><testcase classname="src.pymortests.affine_grid" file="src/pymortests/affine_grid.py" line="237" name="test_diameters_non_negative[&lt;lambda&gt;7]" time="0.00046563148498535156"><skipped message="Suite splitting in effect" type="pytest.skip">src/pymortests/affine_grid.py:237: Suite splitting in effect</skipped></testcase><testcase classname="src.pymortests.affine_grid" file="src/pymortests/affine_grid.py" line="237" name="test_diameters_non_negative[&lt;lambda&gt;8]" time="0.00048232078552246094"><skipped message="Suite splitting in effect" type="pytest.skip">src/pymortests/affine_grid.py:237: Suite splitting in effect</skipped></testcase><testcase classname="src.pymortests.affine_grid" file="src/pymortests/affine_grid.py" line="237" name="test_diameters_non_negative[&lt;lambda&gt;9]" time="0.0004191398620605469"><skipped message="Suite splitting in effect" type="pytest.skip">src/pymortests/affine_grid.py:237: Suite splitting in effect</skipped></testcase><testcase classname="src.pymortests.affine_grid" file="src/pymortests/affine_grid.py" line="237" name="test_diameters_non_negative[&lt;lambda&gt;10]" time="0.0004749298095703125"><skipped message="Suite splitting in effect" type="pytest.skip">src/pymortests/affine_grid.py:237: Suite splitting in effect</skipped></testcase><testcase classname="src.pymortests.affine_grid" file="src/pymortests/affine_grid.py" line="237" name="test_diameters_non_negative[&lt;lambda&gt;11]" time="0.00044417381286621094"><skipped message="Suite splitting in effect" type="pytest.skip">src/pymortests/affine_grid.py:237: Suite splitting in effect</skipped></testcase><testcase classname="src.pymortests.affine_grid" file="src/pymortests/affine_grid.py" line="237" name="test_diameters_non_negative[&lt;lambda&gt;12]" time="0.000476837158203125"><skipped message="Suite splitting in effect" type="pytest.skip">src/pymortests/affine_grid.py:237: Suite splitting in effect</skipped></testcase><testcase classname="src.pymortests.affine_grid" file="src/pymortests/affine_grid.py" line="237" name="test_diameters_non_negative[&lt;lambda&gt;13]" time="0.0004818439483642578"><skipped message="Suite splitting in effect" type="pytest.skip">src/pymortests/affine_grid.py:237: Suite splitting in effect</skipped></testcase><testcase classname="src.pymortests.affine_grid" file="src/pymortests/affine_grid.py" line="237" name="test_diameters_non_negative[&lt;lambda&gt;14]" time="0.0007958412170410156"><skipped message="Suite splitting in effect" type="pytest.skip">src/pymortests/affine_grid.py:237: Suite splitting in effect</skipped></testcase><testcase classname="src.pymortests.affine_grid" file="src/pymortests/affine_grid.py" line="237" name="test_diameters_non_negative[&lt;lambda&gt;15]" time="0.0004749298095703125"><skipped message="Suite splitting in effect" type="pytest.skip">src/pymortests/affine_grid.py:237: Suite splitting in effect</skipped></testcase><testcase classname="src.pymortests.affine_grid" file="src/pymortests/affine_grid.py" line="237" name="test_diameters_non_negative[&lt;lambda&gt;16]" time="0.0004901885986328125"><skipped message="Suite splitting in effect" type="pytest.skip">src/pymortests/affine_grid.py:237: Suite splitting in effect</skipped></testcase><testcase classname="src.pymortests.affine_grid" file="src/pymortests/affine_grid.py" line="237" name="test_diameters_non_negative[&lt;lambda&gt;17]" time="0.00042319297790527344"><skipped message="Suite splitting in effect" type="pytest.skip">src/pymortests/affine_grid.py:237: Suite splitting in effect</skipped></testcase><testcase classname="src.pymortests.affine_grid" file="src/pymortests/affine_grid.py" line="237" name="test_diameters_non_negative[&lt;lambda&gt;18]" time="0.00047326087951660156"><skipped message="Suite splitting in effect" type="pytest.skip">src/pymortests/affine_grid.py:237: Suite splitting in effect</skipped></testcase><testcase classname="src.pymortests.affine_grid" file="src/pymortests/affine_grid.py" line="237" name="test_diameters_non_negative[&lt;lambda&gt;19]" time="0.0004284381866455078"><skipped message="Suite splitting in effect" type="pytest.skip">src/pymortests/affine_grid.py:237: Suite splitting in effect</skipped></testcase><testcase classname="src.pymortests.affine_grid" file="src/pymortests/affine_grid.py" line="237" name="test_diameters_non_negative[&lt;lambda&gt;20]" time="0.0004706382751464844"><skipped message="Suite splitting in effect" type="pytest.skip">src/pymortests/affine_grid.py:237: Suite splitting in effect</skipped></testcase><testcase classname="src.pymortests.affine_grid" file="src/pymortests/affine_grid.py" line="237" name="test_diameters_non_negative[&lt;lambda&gt;21]" time="0.00042891502380371094"><skipped message="Suite splitting in effect" type="pytest.skip">src/pymortests/affine_grid.py:237: Suite splitting in effect</skipped></testcase><testcase classname="src.pymortests.affine_grid" file="src/pymortests/affine_grid.py" line="237" name="test_diameters_non_negative[&lt;lambda&gt;22]" time="0.0007157325744628906"><skipped message="Suite splitting in effect" type="pytest.skip">src/pymortests/affine_grid.py:237: Suite splitting in effect</skipped></testcase><testcase classname="src.pymortests.affine_grid" file="src/pymortests/affine_grid.py" line="237" name="test_diameters_non_negative[&lt;lambda&gt;23]" time="0.0004928112030029297"><skipped message="Suite splitting in effect" type="pytest.skip">src/pymortests/affine_grid.py:237: Suite splitting in effect</skipped></testcase><testcase classname="src.pymortests.affine_grid" file="src/pymortests/affine_grid.py" line="237" name="test_diameters_non_negative[&lt;lambda&gt;24]" time="0.0004246234893798828"><skipped message="Suite splitting in effect" type="pytest.skip">src/pymortests/affine_grid.py:237: Suite splitting in effect</skipped></testcase><testcase classname="src.pymortests.affine_grid" file="src/pymortests/affine_grid.py" line="237" name="test_diameters_non_negative[&lt;lambda&gt;25]" time="0.0005116462707519531"><skipped message="Suite splitting in effect" type="pytest.skip">src/pymortests/affine_grid.py:237: Suite splitting in effect</skipped></testcase><testcase classname="src.pymortests.affine_grid" file="src/pymortests/affine_grid.py" line="237" name="test_diameters_non_negative[&lt;lambda&gt;26]" time="0.0005061626434326172"><skipped message="Suite splitting in effect" type="pytest.skip">src/pymortests/affine_grid.py:237: Suite splitting in effect</skipped></testcase><testcase classname="src.pymortests.affine_grid" file="src/pymortests/affine_grid.py" line="237" name="test_diameters_non_negative[&lt;lambda&gt;27]" time="0.0004291534423828125"><skipped message="Suite splitting in effect" type="pytest.skip">src/pymortests/affine_grid.py:237: Suite splitting in effect</skipped></testcase><testcase classname="src.pymortests.affine_grid" file="src/pymortests/affine_grid.py" line="237" name="test_diameters_non_negative[&lt;lambda&gt;28]" time="0.0005011558532714844"><skipped message="Suite splitting in effect" type="pytest.skip">src/pymortests/affine_grid.py:237: Suite splitting in effect</skipped></testcase><testcase classname="src.pymortests.affine_grid" file="src/pymortests/affine_grid.py" line="237" name="test_diameters_non_negative[&lt;lambda&gt;29]" time="0.0004322528839111328"><skipped message="Suite splitting in effect" type="pytest.skip">src/pymortests/affine_grid.py:237: Suite splitting in effect</skipped></testcase><testcase classname="src.pymortests.affine_grid" file="src/pymortests/affine_grid.py" line="237" name="test_diameters_non_negative[&lt;lambda&gt;30]" time="0.0007464885711669922"><skipped message="Suite splitting in effect" type="pytest.skip">src/pymortests/affine_grid.py:237: Suite splitting in effect</skipped></testcase><testcase classname="src.pymortests.affine_grid" file="src/pymortests/affine_grid.py" line="237" name="test_diameters_non_negative[&lt;lambda&gt;31]" time="0.0005211830139160156"><skipped message="Suite splitting in effect" type="pytest.skip">src/pymortests/affine_grid.py:237: Suite splitting in effect</skipped></testcase><testcase classname="src.pymortests.affine_grid" file="src/pymortests/affine_grid.py" line="237" name="test_diameters_non_negative[&lt;lambda&gt;32]" time="0.00043392181396484375"><skipped message="Suite splitting in effect" type="pytest.skip">src/pymortests/affine_grid.py:237: Suite splitting in effect</skipped></testcase><testcase classname="src.pymortests.affine_grid" file="src/pymortests/affine_grid.py" line="237" name="test_diameters_non_negative[&lt;lambda&gt;33]" time="0.00046133995056152344"><skipped message="Suite splitting in effect" type="pytest.skip">src/pymortests/affine_grid.py:237: Suite splitting in effect</skipped></testcase><testcase classname="src.pymortests.affine_grid" file="src/pymortests/affine_grid.py" line="237" name="test_diameters_non_negative[&lt;lambda&gt;34]" time="0.0004227161407470703"><skipped message="Suite splitting in effect" type="pytest.skip">src/pymortests/affine_grid.py:237: Suite splitting in effect</skipped></testcase><testcase classname="src.pymortests.affine_grid" file="src/pymortests/affine_grid.py" line="237" name="test_diameters_non_negative[&lt;lambda&gt;35]" time="0.00044989585876464844"><skipped message="Suite splitting in effect" type="pytest.skip">src/pymortests/affine_grid.py:237: Suite splitting in effect</skipped></testcase><testcase classname="src.pymortests.affine_grid" file="src/pymortests/affine_grid.py" line="237" name="test_diameters_non_negative[&lt;lambda&gt;36]" time="0.0004894733428955078"><skipped message="Suite splitting in effect" type="pytest.skip">src/pymortests/affine_grid.py:237: Suite splitting in effect</skipped></testcase><testcase classname="src.pymortests.affine_grid" file="src/pymortests/affine_grid.py" line="237" name="test_diameters_non_negative[&lt;lambda&gt;37]" time="0.0004608631134033203"><skipped message="Suite splitting in effect" type="pytest.skip">src/pymortests/affine_grid.py:237: Suite splitting in effect</skipped></testcase><testcase classname="src.pymortests.affine_grid" file="src/pymortests/affine_grid.py" line="237" name="test_diameters_non_negative[&lt;lambda&gt;38]" time="0.0007359981536865234"><skipped message="Suite splitting in effect" type="pytest.skip">src/pymortests/affine_grid.py:237: Suite splitting in effect</skipped></testcase><testcase classname="src.pymortests.affine_grid" file="src/pymortests/affine_grid.py" line="237" name="test_diameters_non_negative[&lt;lambda&gt;39]" time="0.00047087669372558594"><skipped message="Suite splitting in effect" type="pytest.skip">src/pymortests/affine_grid.py:237: Suite splitting in effect</skipped></testcase><testcase classname="src.pymortests.affine_grid" file="src/pymortests/affine_grid.py" line="237" name="test_diameters_non_negative[&lt;lambda&gt;40]" time="0.0004904270172119141"><skipped message="Suite splitting in effect" type="pytest.skip">src/pymortests/affine_grid.py:237: Suite splitting in effect</skipped></testcase><testcase classname="src.pymortests.affine_grid" file="src/pymortests/affine_grid.py" line="237" name="test_diameters_non_negative[&lt;lambda&gt;41]" time="0.0004611015319824219"><skipped message="Suite splitting in effect" type="pytest.skip">src/pymortests/affine_grid.py:237: Suite splitting in effect</skipped></testcase><testcase classname="src.pymortests.affine_grid" file="src/pymortests/affine_grid.py" line="237" name="test_diameters_non_negative[&lt;lambda&gt;42]" time="0.0004467964172363281"><skipped message="Suite splitting in effect" type="pytest.skip">src/pymortests/affine_grid.py:237: Suite splitting in effect</skipped></testcase><testcase classname="src.pymortests.affine_grid" file="src/pymortests/affine_grid.py" line="243" name="test_diameters_values[&lt;lambda&gt;0]" time="0.0004990100860595703"><skipped message="Suite splitting in effect" type="pytest.skip">src/pymortests/affine_grid.py:243: Suite splitting in effect</skipped></testcase><testcase classname="src.pymortests.affine_grid" file="src/pymortests/affine_grid.py" line="243" name="test_diameters_values[&lt;lambda&gt;1]" time="0.00046324729919433594"><skipped message="Suite splitting in effect" type="pytest.skip">src/pymortests/affine_grid.py:243: Suite splitting in effect</skipped></testcase><testcase classname="src.pymortests.affine_grid" file="src/pymortests/affine_grid.py" line="243" name="test_diameters_values[&lt;lambda&gt;2]" time="0.0005054473876953125"><skipped message="Suite splitting in effect" type="pytest.skip">src/pymortests/affine_grid.py:243: Suite splitting in effect</skipped></testcase><testcase classname="src.pymortests.affine_grid" file="src/pymortests/affine_grid.py" line="243" name="test_diameters_values[&lt;lambda&gt;3]" time="0.0010328292846679688"><skipped message="Suite splitting in effect" type="pytest.skip">src/pymortests/affine_grid.py:243: Suite splitting in effect</skipped></testcase><testcase classname="src.pymortests.affine_grid" file="src/pymortests/affine_grid.py" line="243" name="test_diameters_values[&lt;lambda&gt;4]" time="0.00043702125549316406"><skipped message="Suite splitting in effect" type="pytest.skip">src/pymortests/affine_grid.py:243: Suite splitting in effect</skipped></testcase><testcase classname="src.pymortests.affine_grid" file="src/pymortests/affine_grid.py" line="243" name="test_diameters_values[&lt;lambda&gt;5]" time="0.00047469139099121094"><skipped message="Suite splitting in effect" type="pytest.skip">src/pymortests/affine_grid.py:243: Suite splitting in effect</skipped></testcase><testcase classname="src.pymortests.affine_grid" file="src/pymortests/affine_grid.py" line="243" name="test_diameters_values[&lt;lambda&gt;6]" time="0.0004973411560058594"><skipped message="Suite splitting in effect" type="pytest.skip">src/pymortests/affine_grid.py:243: Suite splitting in effect</skipped></testcase><testcase classname="src.pymortests.affine_grid" file="src/pymortests/affine_grid.py" line="243" name="test_diameters_values[&lt;lambda&gt;7]" time="0.0004744529724121094"><skipped message="Suite splitting in effect" type="pytest.skip">src/pymortests/affine_grid.py:243: Suite splitting in effect</skipped></testcase><testcase classname="src.pymortests.affine_grid" file="src/pymortests/affine_grid.py" line="243" name="test_diameters_values[&lt;lambda&gt;8]" time="0.0004961490631103516"><skipped message="Suite splitting in effect" type="pytest.skip">src/pymortests/affine_grid.py:243: Suite splitting in effect</skipped></testcase><testcase classname="src.pymortests.affine_grid" file="src/pymortests/affine_grid.py" line="243" name="test_diameters_values[&lt;lambda&gt;9]" time="0.0004343986511230469"><skipped message="Suite splitting in effect" type="pytest.skip">src/pymortests/affine_grid.py:243: Suite splitting in effect</skipped></testcase><testcase classname="src.pymortests.affine_grid" file="src/pymortests/affine_grid.py" line="243" name="test_diameters_values[&lt;lambda&gt;10]" time="0.0004935264587402344"><skipped message="Suite splitting in effect" type="pytest.skip">src/pymortests/affine_grid.py:243: Suite splitting in effect</skipped></testcase><testcase classname="src.pymortests.affine_grid" file="src/pymortests/affine_grid.py" line="243" name="test_diameters_values[&lt;lambda&gt;11]" time="0.0008540153503417969"><skipped message="Suite splitting in effect" type="pytest.skip">src/pymortests/affine_grid.py:243: Suite splitting in effect</skipped></testcase><testcase classname="src.pymortests.affine_grid" file="src/pymortests/affine_grid.py" line="243" name="test_diameters_values[&lt;lambda&gt;12]" time="0.0004684925079345703"><skipped message="Suite splitting in effect" type="pytest.skip">src/pymortests/affine_grid.py:243: Suite splitting in effect</skipped></testcase><testcase classname="src.pymortests.affine_grid" file="src/pymortests/affine_grid.py" line="243" name="test_diameters_values[&lt;lambda&gt;13]" time="0.0004634857177734375"><skipped message="Suite splitting in effect" type="pytest.skip">src/pymortests/affine_grid.py:243: Suite splitting in effect</skipped></testcase><testcase classname="src.pymortests.affine_grid" file="src/pymortests/affine_grid.py" line="243" name="test_diameters_values[&lt;lambda&gt;14]" time="0.0004284381866455078"><skipped message="Suite splitting in effect" type="pytest.skip">src/pymortests/affine_grid.py:243: Suite splitting in effect</skipped></testcase><testcase classname="src.pymortests.affine_grid" file="src/pymortests/affine_grid.py" line="243" name="test_diameters_values[&lt;lambda&gt;15]" time="0.00044655799865722656"><skipped message="Suite splitting in effect" type="pytest.skip">src/pymortests/affine_grid.py:243: Suite splitting in effect</skipped></testcase><testcase classname="src.pymortests.affine_grid" file="src/pymortests/affine_grid.py" line="243" name="test_diameters_values[&lt;lambda&gt;16]" time="0.0004951953887939453"><skipped message="Suite splitting in effect" type="pytest.skip">src/pymortests/affine_grid.py:243: Suite splitting in effect</skipped></testcase><testcase classname="src.pymortests.affine_grid" file="src/pymortests/affine_grid.py" line="243" name="test_diameters_values[&lt;lambda&gt;17]" time="0.0005078315734863281"><skipped message="Suite splitting in effect" type="pytest.skip">src/pymortests/affine_grid.py:243: Suite splitting in effect</skipped></testcase><testcase classname="src.pymortests.affine_grid" file="src/pymortests/affine_grid.py" line="243" name="test_diameters_values[&lt;lambda&gt;18]" time="0.00045609474182128906"><skipped message="Suite splitting in effect" type="pytest.skip">src/pymortests/affine_grid.py:243: Suite splitting in effect</skipped></testcase><testcase classname="src.pymortests.affine_grid" file="src/pymortests/affine_grid.py" line="243" name="test_diameters_values[&lt;lambda&gt;19]" time="0.0008499622344970703"><skipped message="Suite splitting in effect" type="pytest.skip">src/pymortests/affine_grid.py:243: Suite splitting in effect</skipped></testcase><testcase classname="src.pymortests.affine_grid" file="src/pymortests/affine_grid.py" line="243" name="test_diameters_values[&lt;lambda&gt;20]" time="0.0004839897155761719"><skipped message="Suite splitting in effect" type="pytest.skip">src/pymortests/affine_grid.py:243: Suite splitting in effect</skipped></testcase><testcase classname="src.pymortests.affine_grid" file="src/pymortests/affine_grid.py" line="243" name="test_diameters_values[&lt;lambda&gt;21]" time="0.0004298686981201172"><skipped message="Suite splitting in effect" type="pytest.skip">src/pymortests/affine_grid.py:243: Suite splitting in effect</skipped></testcase><testcase classname="src.pymortests.affine_grid" file="src/pymortests/affine_grid.py" line="243" name="test_diameters_values[&lt;lambda&gt;22]" time="0.0005097389221191406"><skipped message="Suite splitting in effect" type="pytest.skip">src/pymortests/affine_grid.py:243: Suite splitting in effect</skipped></testcase><testcase classname="src.pymortests.affine_grid" file="src/pymortests/affine_grid.py" line="243" name="test_diameters_values[&lt;lambda&gt;23]" time="0.0005083084106445312"><skipped message="Suite splitting in effect" type="pytest.skip">src/pymortests/affine_grid.py:243: Suite splitting in effect</skipped></testcase><testcase classname="src.pymortests.affine_grid" file="src/pymortests/affine_grid.py" line="243" name="test_diameters_values[&lt;lambda&gt;24]" time="0.0004620552062988281"><skipped message="Suite splitting in effect" type="pytest.skip">src/pymortests/affine_grid.py:243: Suite splitting in effect</skipped></testcase><testcase classname="src.pymortests.affine_grid" file="src/pymortests/affine_grid.py" line="243" name="test_diameters_values[&lt;lambda&gt;25]" time="0.00047969818115234375"><skipped message="Suite splitting in effect" type="pytest.skip">src/pymortests/affine_grid.py:243: Suite splitting in effect</skipped></testcase><testcase classname="src.pymortests.affine_grid" file="src/pymortests/affine_grid.py" line="243" name="test_diameters_values[&lt;lambda&gt;26]" time="0.0004596710205078125"><skipped message="Suite splitting in effect" type="pytest.skip">src/pymortests/affine_grid.py:243: Suite splitting in effect</skipped></testcase><testcase classname="src.pymortests.affine_grid" file="src/pymortests/affine_grid.py" line="243" name="test_diameters_values[&lt;lambda&gt;27]" time="0.0007503032684326172"><skipped message="Suite splitting in effect" type="pytest.skip">src/pymortests/affine_grid.py:243: Suite splitting in effect</skipped></testcase><testcase classname="src.pymortests.affine_grid" file="src/pymortests/affine_grid.py" line="243" name="test_diameters_values[&lt;lambda&gt;28]" time="0.0004813671112060547"><skipped message="Suite splitting in effect" type="pytest.skip">src/pymortests/affine_grid.py:243: Suite splitting in effect</skipped></testcase><testcase classname="src.pymortests.affine_grid" file="src/pymortests/affine_grid.py" line="243" name="test_diameters_values[&lt;lambda&gt;29]" time="0.00043320655822753906"><skipped message="Suite splitting in effect" type="pytest.skip">src/pymortests/affine_grid.py:243: Suite splitting in effect</skipped></testcase><testcase classname="src.pymortests.affine_grid" file="src/pymortests/affine_grid.py" line="243" name="test_diameters_values[&lt;lambda&gt;30]" time="0.00048041343688964844"><skipped message="Suite splitting in effect" type="pytest.skip">src/pymortests/affine_grid.py:243: Suite splitting in effect</skipped></testcase><testcase classname="src.pymortests.affine_grid" file="src/pymortests/affine_grid.py" line="243" name="test_diameters_values[&lt;lambda&gt;31]" time="0.0005195140838623047"><skipped message="Suite splitting in effect" type="pytest.skip">src/pymortests/affine_grid.py:243: Suite splitting in effect</skipped></testcase><testcase classname="src.pymortests.affine_grid" file="src/pymortests/affine_grid.py" line="243" name="test_diameters_values[&lt;lambda&gt;32]" time="0.0004553794860839844"><skipped message="Suite splitting in effect" type="pytest.skip">src/pymortests/affine_grid.py:243: Suite splitting in effect</skipped></testcase><testcase classname="src.pymortests.affine_grid" file="src/pymortests/affine_grid.py" line="243" name="test_diameters_values[&lt;lambda&gt;33]" time="0.0004291534423828125"><skipped message="Suite splitting in effect" type="pytest.skip">src/pymortests/affine_grid.py:243: Suite splitting in effect</skipped></testcase><testcase classname="src.pymortests.affine_grid" file="src/pymortests/affine_grid.py" line="243" name="test_diameters_values[&lt;lambda&gt;34]" time="0.0004191398620605469"><skipped message="Suite splitting in effect" type="pytest.skip">src/pymortests/affine_grid.py:243: Suite splitting in effect</skipped></testcase><testcase classname="src.pymortests.affine_grid" file="src/pymortests/affine_grid.py" line="243" name="test_diameters_values[&lt;lambda&gt;35]" time="0.0007593631744384766"><skipped message="Suite splitting in effect" type="pytest.skip">src/pymortests/affine_grid.py:243: Suite splitting in effect</skipped></testcase><testcase classname="src.pymortests.affine_grid" file="src/pymortests/affine_grid.py" line="243" name="test_diameters_values[&lt;lambda&gt;36]" time="0.0004680156707763672"><skipped message="Suite splitting in effect" type="pytest.skip">src/pymortests/affine_grid.py:243: Suite splitting in effect</skipped></testcase><testcase classname="src.pymortests.affine_grid" file="src/pymortests/affine_grid.py" line="243" name="test_diameters_values[&lt;lambda&gt;37]" time="0.0004222393035888672"><skipped message="Suite splitting in effect" type="pytest.skip">src/pymortests/affine_grid.py:243: Suite splitting in effect</skipped></testcase><testcase classname="src.pymortests.affine_grid" file="src/pymortests/affine_grid.py" line="243" name="test_diameters_values[&lt;lambda&gt;38]" time="0.0004222393035888672"><skipped message="Suite splitting in effect" type="pytest.skip">src/pymortests/affine_grid.py:243: Suite splitting in effect</skipped></testcase><testcase classname="src.pymortests.affine_grid" file="src/pymortests/affine_grid.py" line="243" name="test_diameters_values[&lt;lambda&gt;39]" time="0.00043010711669921875"><skipped message="Suite splitting in effect" type="pytest.skip">src/pymortests/affine_grid.py:243: Suite splitting in effect</skipped></testcase><testcase classname="src.pymortests.affine_grid" file="src/pymortests/affine_grid.py" line="243" name="test_diameters_values[&lt;lambda&gt;40]" time="0.0004611015319824219"><skipped message="Suite splitting in effect" type="pytest.skip">src/pymortests/affine_grid.py:243: Suite splitting in effect</skipped></testcase><testcase classname="src.pymortests.affine_grid" file="src/pymortests/affine_grid.py" line="243" name="test_diameters_values[&lt;lambda&gt;41]" time="0.00041294097900390625"><skipped message="Suite splitting in effect" type="pytest.skip">src/pymortests/affine_grid.py:243: Suite splitting in effect</skipped></testcase><testcase classname="src.pymortests.affine_grid" file="src/pymortests/affine_grid.py" line="243" name="test_diameters_values[&lt;lambda&gt;42]" time="0.0004668235778808594"><skipped message="Suite splitting in effect" type="pytest.skip">src/pymortests/affine_grid.py:243: Suite splitting in effect</skipped></testcase><testcase classname="src.pymortests.affine_grid" file="src/pymortests/affine_grid.py" line="250" name="test_quadrature_points_wrong_arguments[&lt;lambda&gt;0]" time="0.0008754730224609375"><skipped message="Suite splitting in effect" type="pytest.skip">src/pymortests/affine_grid.py:250: Suite splitting in effect</skipped></testcase><testcase classname="src.pymortests.affine_grid" file="src/pymortests/affine_grid.py" line="250" name="test_quadrature_points_wrong_arguments[&lt;lambda&gt;1]" time="0.0004398822784423828"><skipped message="Suite splitting in effect" type="pytest.skip">src/pymortests/affine_grid.py:250: Suite splitting in effect</skipped></testcase><testcase classname="src.pymortests.affine_grid" file="src/pymortests/affine_grid.py" line="250" name="test_quadrature_points_wrong_arguments[&lt;lambda&gt;2]" time="0.00042629241943359375"><skipped message="Suite splitting in effect" type="pytest.skip">src/pymortests/affine_grid.py:250: Suite splitting in effect</skipped></testcase><testcase classname="src.pymortests.affine_grid" file="src/pymortests/affine_grid.py" line="250" name="test_quadrature_points_wrong_arguments[&lt;lambda&gt;3]" time="0.0005848407745361328"><skipped message="Suite splitting in effect" type="pytest.skip">src/pymortests/affine_grid.py:250: Suite splitting in effect</skipped></testcase><testcase classname="src.pymortests.affine_grid" file="src/pymortests/affine_grid.py" line="250" name="test_quadrature_points_wrong_arguments[&lt;lambda&gt;4]" time="0.0005056858062744141"><skipped message="Suite splitting in effect" type="pytest.skip">src/pymortests/affine_grid.py:250: Suite splitting in effect</skipped></testcase><testcase classname="src.pymortests.affine_grid" file="src/pymortests/affine_grid.py" line="250" name="test_quadrature_points_wrong_arguments[&lt;lambda&gt;5]" time="0.00049591064453125"><skipped message="Suite splitting in effect" type="pytest.skip">src/pymortests/affine_grid.py:250: Suite splitting in effect</skipped></testcase><testcase classname="src.pymortests.affine_grid" file="src/pymortests/affine_grid.py" line="250" name="test_quadrature_points_wrong_arguments[&lt;lambda&gt;6]" time="0.0004343986511230469"><skipped message="Suite splitting in effect" type="pytest.skip">src/pymortests/affine_grid.py:250: Suite splitting in effect</skipped></testcase><testcase classname="src.pymortests.affine_grid" file="src/pymortests/affine_grid.py" line="250" name="test_quadrature_points_wrong_arguments[&lt;lambda&gt;7]" time="0.00043010711669921875"><skipped message="Suite splitting in effect" type="pytest.skip">src/pymortests/affine_grid.py:250: Suite splitting in effect</skipped></testcase><testcase classname="src.pymortests.affine_grid" file="src/pymortests/affine_grid.py" line="250" name="test_quadrature_points_wrong_arguments[&lt;lambda&gt;8]" time="0.0008294582366943359"><skipped message="Suite splitting in effect" type="pytest.skip">src/pymortests/affine_grid.py:250: Suite splitting in effect</skipped></testcase><testcase classname="src.pymortests.affine_grid" file="src/pymortests/affine_grid.py" line="250" name="test_quadrature_points_wrong_arguments[&lt;lambda&gt;9]" time="0.0005159378051757812"><skipped message="Suite splitting in effect" type="pytest.skip">src/pymortests/affine_grid.py:250: Suite splitting in effect</skipped></testcase><testcase classname="src.pymortests.affine_grid" file="src/pymortests/affine_grid.py" line="250" name="test_quadrature_points_wrong_arguments[&lt;lambda&gt;10]" time="0.0004878044128417969"><skipped message="Suite splitting in effect" type="pytest.skip">src/pymortests/affine_grid.py:250: Suite splitting in effect</skipped></testcase><testcase classname="src.pymortests.affine_grid" file="src/pymortests/affine_grid.py" line="250" name="test_quadrature_points_wrong_arguments[&lt;lambda&gt;11]" time="0.0004668235778808594"><skipped message="Suite splitting in effect" type="pytest.skip">src/pymortests/affine_grid.py:250: Suite splitting in effect</skipped></testcase><testcase classname="src.pymortests.affine_grid" file="src/pymortests/affine_grid.py" line="250" name="test_quadrature_points_wrong_arguments[&lt;lambda&gt;12]" time="0.0004336833953857422"><skipped message="Suite splitting in effect" type="pytest.skip">src/pymortests/affine_grid.py:250: Suite splitting in effect</skipped></testcase><testcase classname="src.pymortests.affine_grid" file="src/pymortests/affine_grid.py" line="250" name="test_quadrature_points_wrong_arguments[&lt;lambda&gt;13]" time="0.0004253387451171875"><skipped message="Suite splitting in effect" type="pytest.skip">src/pymortests/affine_grid.py:250: Suite splitting in effect</skipped></testcase><testcase classname="src.pymortests.affine_grid" file="src/pymortests/affine_grid.py" line="250" name="test_quadrature_points_wrong_arguments[&lt;lambda&gt;14]" time="0.0004937648773193359"><skipped message="Suite splitting in effect" type="pytest.skip">src/pymortests/affine_grid.py:250: Suite splitting in effect</skipped></testcase><testcase classname="src.pymortests.affine_grid" file="src/pymortests/affine_grid.py" line="250" name="test_quadrature_points_wrong_arguments[&lt;lambda&gt;15]" time="0.000545501708984375"><skipped message="Suite splitting in effect" type="pytest.skip">src/pymortests/affine_grid.py:250: Suite splitting in effect</skipped></testcase><testcase classname="src.pymortests.affine_grid" file="src/pymortests/affine_grid.py" line="250" name="test_quadrature_points_wrong_arguments[&lt;lambda&gt;16]" time="0.0008816719055175781"><skipped message="Suite splitting in effect" type="pytest.skip">src/pymortests/affine_grid.py:250: Suite splitting in effect</skipped></testcase><testcase classname="src.pymortests.affine_grid" file="src/pymortests/affine_grid.py" line="250" name="test_quadrature_points_wrong_arguments[&lt;lambda&gt;17]" time="0.0005071163177490234"><skipped message="Suite splitting in effect" type="pytest.skip">src/pymortests/affine_grid.py:250: Suite splitting in effect</skipped></testcase><testcase classname="src.pymortests.affine_grid" file="src/pymortests/affine_grid.py" line="250" name="test_quadrature_points_wrong_arguments[&lt;lambda&gt;18]" time="0.0005338191986083984"><skipped message="Suite splitting in effect" type="pytest.skip">src/pymortests/affine_grid.py:250: Suite splitting in effect</skipped></testcase><testcase classname="src.pymortests.affine_grid" file="src/pymortests/affine_grid.py" line="250" name="test_quadrature_points_wrong_arguments[&lt;lambda&gt;19]" time="0.0005016326904296875"><skipped message="Suite splitting in effect" type="pytest.skip">src/pymortests/affine_grid.py:250: Suite splitting in effect</skipped></testcase><testcase classname="src.pymortests.affine_grid" file="src/pymortests/affine_grid.py" line="250" name="test_quadrature_points_wrong_arguments[&lt;lambda&gt;20]" time="0.0004477500915527344"><skipped message="Suite splitting in effect" type="pytest.skip">src/pymortests/affine_grid.py:250: Suite splitting in effect</skipped></testcase><testcase classname="src.pymortests.affine_grid" file="src/pymortests/affine_grid.py" line="250" name="test_quadrature_points_wrong_arguments[&lt;lambda&gt;21]" time="0.0004987716674804688"><skipped message="Suite splitting in effect" type="pytest.skip">src/pymortests/affine_grid.py:250: Suite splitting in effect</skipped></testcase><testcase classname="src.pymortests.affine_grid" file="src/pymortests/affine_grid.py" line="250" name="test_quadrature_points_wrong_arguments[&lt;lambda&gt;22]" time="0.0005164146423339844"><skipped message="Suite splitting in effect" type="pytest.skip">src/pymortests/affine_grid.py:250: Suite splitting in effect</skipped></testcase><testcase classname="src.pymortests.affine_grid" file="src/pymortests/affine_grid.py" line="250" name="test_quadrature_points_wrong_arguments[&lt;lambda&gt;23]" time="0.0004444122314453125"><skipped message="Suite splitting in effect" type="pytest.skip">src/pymortests/affine_grid.py:250: Suite splitting in effect</skipped></testcase><testcase classname="src.pymortests.affine_grid" file="src/pymortests/affine_grid.py" line="250" name="test_quadrature_points_wrong_arguments[&lt;lambda&gt;24]" time="0.0008199214935302734"><skipped message="Suite splitting in effect" type="pytest.skip">src/pymortests/affine_grid.py:250: Suite splitting in effect</skipped></testcase><testcase classname="src.pymortests.affine_grid" file="src/pymortests/affine_grid.py" line="250" name="test_quadrature_points_wrong_arguments[&lt;lambda&gt;25]" time="0.0005650520324707031"><skipped message="Suite splitting in effect" type="pytest.skip">src/pymortests/affine_grid.py:250: Suite splitting in effect</skipped></testcase><testcase classname="src.pymortests.affine_grid" file="src/pymortests/affine_grid.py" line="250" name="test_quadrature_points_wrong_arguments[&lt;lambda&gt;26]" time="0.0005090236663818359"><skipped message="Suite splitting in effect" type="pytest.skip">src/pymortests/affine_grid.py:250: Suite splitting in effect</skipped></testcase><testcase classname="src.pymortests.affine_grid" file="src/pymortests/affine_grid.py" line="250" name="test_quadrature_points_wrong_arguments[&lt;lambda&gt;27]" time="0.0004451274871826172"><skipped message="Suite splitting in effect" type="pytest.skip">src/pymortests/affine_grid.py:250: Suite splitting in effect</skipped></testcase><testcase classname="src.pymortests.affine_grid" file="src/pymortests/affine_grid.py" line="250" name="test_quadrature_points_wrong_arguments[&lt;lambda&gt;28]" time="0.0004901885986328125"><skipped message="Suite splitting in effect" type="pytest.skip">src/pymortests/affine_grid.py:250: Suite splitting in effect</skipped></testcase><testcase classname="src.pymortests.affine_grid" file="src/pymortests/affine_grid.py" line="250" name="test_quadrature_points_wrong_arguments[&lt;lambda&gt;29]" time="0.0004661083221435547"><skipped message="Suite splitting in effect" type="pytest.skip">src/pymortests/affine_grid.py:250: Suite splitting in effect</skipped></testcase><testcase classname="src.pymortests.affine_grid" file="src/pymortests/affine_grid.py" line="250" name="test_quadrature_points_wrong_arguments[&lt;lambda&gt;30]" time="0.0004868507385253906"><skipped message="Suite splitting in effect" type="pytest.skip">src/pymortests/affine_grid.py:250: Suite splitting in effect</skipped></testcase><testcase classname="src.pymortests.affine_grid" file="src/pymortests/affine_grid.py" line="250" name="test_quadrature_points_wrong_arguments[&lt;lambda&gt;31]" time="0.0005059242248535156"><skipped message="Suite splitting in effect" type="pytest.skip">src/pymortests/affine_grid.py:250: Suite splitting in effect</skipped></testcase><testcase classname="src.pymortests.affine_grid" file="src/pymortests/affine_grid.py" line="250" name="test_quadrature_points_wrong_arguments[&lt;lambda&gt;32]" time="0.0008091926574707031"><skipped message="Suite splitting in effect" type="pytest.skip">src/pymortests/affine_grid.py:250: Suite splitting in effect</skipped></testcase><testcase classname="src.pymortests.affine_grid" file="src/pymortests/affine_grid.py" line="250" name="test_quadrature_points_wrong_arguments[&lt;lambda&gt;33]" time="0.0004487037658691406"><skipped message="Suite splitting in effect" type="pytest.skip">src/pymortests/affine_grid.py:250: Suite splitting in effect</skipped></testcase><testcase classname="src.pymortests.affine_grid" file="src/pymortests/affine_grid.py" line="250" name="test_quadrature_points_wrong_arguments[&lt;lambda&gt;34]" time="0.0004630088806152344"><skipped message="Suite splitting in effect" type="pytest.skip">src/pymortests/affine_grid.py:250: Suite splitting in effect</skipped></testcase><testcase classname="src.pymortests.affine_grid" file="src/pymortests/affine_grid.py" line="250" name="test_quadrature_points_wrong_arguments[&lt;lambda&gt;35]" time="0.000423431396484375"><skipped message="Suite splitting in effect" type="pytest.skip">src/pymortests/affine_grid.py:250: Suite splitting in effect</skipped></testcase><testcase classname="src.pymortests.affine_grid" file="src/pymortests/affine_grid.py" line="250" name="test_quadrature_points_wrong_arguments[&lt;lambda&gt;36]" time="0.0005397796630859375"><skipped message="Suite splitting in effect" type="pytest.skip">src/pymortests/affine_grid.py:250: Suite splitting in effect</skipped></testcase><testcase classname="src.pymortests.affine_grid" file="src/pymortests/affine_grid.py" line="250" name="test_quadrature_points_wrong_arguments[&lt;lambda&gt;37]" time="0.0005366802215576172"><skipped message="Suite splitting in effect" type="pytest.skip">src/pymortests/affine_grid.py:250: Suite splitting in effect</skipped></testcase><testcase classname="src.pymortests.affine_grid" file="src/pymortests/affine_grid.py" line="250" name="test_quadrature_points_wrong_arguments[&lt;lambda&gt;38]" time="0.00046062469482421875"><skipped message="Suite splitting in effect" type="pytest.skip">src/pymortests/affine_grid.py:250: Suite splitting in effect</skipped></testcase><testcase classname="src.pymortests.affine_grid" file="src/pymortests/affine_grid.py" line="250" name="test_quadrature_points_wrong_arguments[&lt;lambda&gt;39]" time="0.00043773651123046875"><skipped message="Suite splitting in effect" type="pytest.skip">src/pymortests/affine_grid.py:250: Suite splitting in effect</skipped></testcase><testcase classname="src.pymortests.affine_grid" file="src/pymortests/affine_grid.py" line="250" name="test_quadrature_points_wrong_arguments[&lt;lambda&gt;40]" time="0.0007805824279785156"><skipped message="Suite splitting in effect" type="pytest.skip">src/pymortests/affine_grid.py:250: Suite splitting in effect</skipped></testcase><testcase classname="src.pymortests.affine_grid" file="src/pymortests/affine_grid.py" line="250" name="test_quadrature_points_wrong_arguments[&lt;lambda&gt;41]" time="0.00045228004455566406"><skipped message="Suite splitting in effect" type="pytest.skip">src/pymortests/affine_grid.py:250: Suite splitting in effect</skipped></testcase><testcase classname="src.pymortests.affine_grid" file="src/pymortests/affine_grid.py" line="250" name="test_quadrature_points_wrong_arguments[&lt;lambda&gt;42]" time="0.0004165172576904297"><skipped message="Suite splitting in effect" type="pytest.skip">src/pymortests/affine_grid.py:250: Suite splitting in effect</skipped></testcase><testcase classname="src.pymortests.affine_grid" file="src/pymortests/affine_grid.py" line="265" name="test_quadrature_points_shape[&lt;lambda&gt;0]" time="0.000415802001953125"><skipped message="Suite splitting in effect" type="pytest.skip">src/pymortests/affine_grid.py:265: Suite splitting in effect</skipped></testcase><testcase classname="src.pymortests.affine_grid" file="src/pymortests/affine_grid.py" line="265" name="test_quadrature_points_shape[&lt;lambda&gt;1]" time="0.0005116462707519531"><skipped message="Suite splitting in effect" type="pytest.skip">src/pymortests/affine_grid.py:265: Suite splitting in effect</skipped></testcase><testcase classname="src.pymortests.affine_grid" file="src/pymortests/affine_grid.py" line="265" name="test_quadrature_points_shape[&lt;lambda&gt;2]" time="0.0004923343658447266"><skipped message="Suite splitting in effect" type="pytest.skip">src/pymortests/affine_grid.py:265: Suite splitting in effect</skipped></testcase><testcase classname="src.pymortests.affine_grid" file="src/pymortests/affine_grid.py" line="265" name="test_quadrature_points_shape[&lt;lambda&gt;3]" time="0.00044989585876464844"><skipped message="Suite splitting in effect" type="pytest.skip">src/pymortests/affine_grid.py:265: Suite splitting in effect</skipped></testcase><testcase classname="src.pymortests.affine_grid" file="src/pymortests/affine_grid.py" line="265" name="test_quadrature_points_shape[&lt;lambda&gt;4]" time="0.0004508495330810547"><skipped message="Suite splitting in effect" type="pytest.skip">src/pymortests/affine_grid.py:265: Suite splitting in effect</skipped></testcase><testcase classname="src.pymortests.affine_grid" file="src/pymortests/affine_grid.py" line="265" name="test_quadrature_points_shape[&lt;lambda&gt;5]" time="0.0008192062377929688"><skipped message="Suite splitting in effect" type="pytest.skip">src/pymortests/affine_grid.py:265: Suite splitting in effect</skipped></testcase><testcase classname="src.pymortests.affine_grid" file="src/pymortests/affine_grid.py" line="265" name="test_quadrature_points_shape[&lt;lambda&gt;6]" time="0.0004227161407470703"><skipped message="Suite splitting in effect" type="pytest.skip">src/pymortests/affine_grid.py:265: Suite splitting in effect</skipped></testcase><testcase classname="src.pymortests.affine_grid" file="src/pymortests/affine_grid.py" line="265" name="test_quadrature_points_shape[&lt;lambda&gt;7]" time="0.00048041343688964844"><skipped message="Suite splitting in effect" type="pytest.skip">src/pymortests/affine_grid.py:265: Suite splitting in effect</skipped></testcase><testcase classname="src.pymortests.affine_grid" file="src/pymortests/affine_grid.py" line="265" name="test_quadrature_points_shape[&lt;lambda&gt;8]" time="0.0004267692565917969"><skipped message="Suite splitting in effect" type="pytest.skip">src/pymortests/affine_grid.py:265: Suite splitting in effect</skipped></testcase><testcase classname="src.pymortests.affine_grid" file="src/pymortests/affine_grid.py" line="265" name="test_quadrature_points_shape[&lt;lambda&gt;9]" time="0.00048470497131347656"><skipped message="Suite splitting in effect" type="pytest.skip">src/pymortests/affine_grid.py:265: Suite splitting in effect</skipped></testcase><testcase classname="src.pymortests.affine_grid" file="src/pymortests/affine_grid.py" line="265" name="test_quadrature_points_shape[&lt;lambda&gt;10]" time="0.0004982948303222656"><skipped message="Suite splitting in effect" type="pytest.skip">src/pymortests/affine_grid.py:265: Suite splitting in effect</skipped></testcase><testcase classname="src.pymortests.affine_grid" file="src/pymortests/affine_grid.py" line="265" name="test_quadrature_points_shape[&lt;lambda&gt;11]" time="0.00045680999755859375"><skipped message="Suite splitting in effect" type="pytest.skip">src/pymortests/affine_grid.py:265: Suite splitting in effect</skipped></testcase><testcase classname="src.pymortests.affine_grid" file="src/pymortests/affine_grid.py" line="265" name="test_quadrature_points_shape[&lt;lambda&gt;12]" time="0.0004220008850097656"><skipped message="Suite splitting in effect" type="pytest.skip">src/pymortests/affine_grid.py:265: Suite splitting in effect</skipped></testcase><testcase classname="src.pymortests.affine_grid" file="src/pymortests/affine_grid.py" line="265" name="test_quadrature_points_shape[&lt;lambda&gt;13]" time="0.0011603832244873047"><skipped message="Suite splitting in effect" type="pytest.skip">src/pymortests/affine_grid.py:265: Suite splitting in effect</skipped></testcase><testcase classname="src.pymortests.affine_grid" file="src/pymortests/affine_grid.py" line="265" name="test_quadrature_points_shape[&lt;lambda&gt;14]" time="0.0004794597625732422"><skipped message="Suite splitting in effect" type="pytest.skip">src/pymortests/affine_grid.py:265: Suite splitting in effect</skipped></testcase><testcase classname="src.pymortests.affine_grid" file="src/pymortests/affine_grid.py" line="265" name="test_quadrature_points_shape[&lt;lambda&gt;15]" time="0.0005133152008056641"><skipped message="Suite splitting in effect" type="pytest.skip">src/pymortests/affine_grid.py:265: Suite splitting in effect</skipped></testcase><testcase classname="src.pymortests.affine_grid" file="src/pymortests/affine_grid.py" line="265" name="test_quadrature_points_shape[&lt;lambda&gt;16]" time="0.0005049705505371094"><skipped message="Suite splitting in effect" type="pytest.skip">src/pymortests/affine_grid.py:265: Suite splitting in effect</skipped></testcase><testcase classname="src.pymortests.affine_grid" file="src/pymortests/affine_grid.py" line="265" name="test_quadrature_points_shape[&lt;lambda&gt;17]" time="0.00043320655822753906"><skipped message="Suite splitting in effect" type="pytest.skip">src/pymortests/affine_grid.py:265: Suite splitting in effect</skipped></testcase><testcase classname="src.pymortests.affine_grid" file="src/pymortests/affine_grid.py" line="265" name="test_quadrature_points_shape[&lt;lambda&gt;18]" time="0.0005240440368652344"><skipped message="Suite splitting in effect" type="pytest.skip">src/pymortests/affine_grid.py:265: Suite splitting in effect</skipped></testcase><testcase classname="src.pymortests.affine_grid" file="src/pymortests/affine_grid.py" line="265" name="test_quadrature_points_shape[&lt;lambda&gt;19]" time="0.0004277229309082031"><skipped message="Suite splitting in effect" type="pytest.skip">src/pymortests/affine_grid.py:265: Suite splitting in effect</skipped></testcase><testcase classname="src.pymortests.affine_grid" file="src/pymortests/affine_grid.py" line="265" name="test_quadrature_points_shape[&lt;lambda&gt;20]" time="0.0004892349243164062"><skipped message="Suite splitting in effect" type="pytest.skip">src/pymortests/affine_grid.py:265: Suite splitting in effect</skipped></testcase><testcase classname="src.pymortests.affine_grid" file="src/pymortests/affine_grid.py" line="265" name="test_quadrature_points_shape[&lt;lambda&gt;21]" time="0.0008842945098876953"><skipped message="Suite splitting in effect" type="pytest.skip">src/pymortests/affine_grid.py:265: Suite splitting in effect</skipped></testcase><testcase classname="src.pymortests.affine_grid" file="src/pymortests/affine_grid.py" line="265" name="test_quadrature_points_shape[&lt;lambda&gt;22]" time="0.0005006790161132812"><skipped message="Suite splitting in effect" type="pytest.skip">src/pymortests/affine_grid.py:265: Suite splitting in effect</skipped></testcase><testcase classname="src.pymortests.affine_grid" file="src/pymortests/affine_grid.py" line="265" name="test_quadrature_points_shape[&lt;lambda&gt;23]" time="0.00045299530029296875"><skipped message="Suite splitting in effect" type="pytest.skip">src/pymortests/affine_grid.py:265: Suite splitting in effect</skipped></testcase><testcase classname="src.pymortests.affine_grid" file="src/pymortests/affine_grid.py" line="265" name="test_quadrature_points_shape[&lt;lambda&gt;24]" time="0.0004305839538574219"><skipped message="Suite splitting in effect" type="pytest.skip">src/pymortests/affine_grid.py:265: Suite splitting in effect</skipped></testcase><testcase classname="src.pymortests.affine_grid" file="src/pymortests/affine_grid.py" line="265" name="test_quadrature_points_shape[&lt;lambda&gt;25]" time="0.0004703998565673828"><skipped message="Suite splitting in effect" type="pytest.skip">src/pymortests/affine_grid.py:265: Suite splitting in effect</skipped></testcase><testcase classname="src.pymortests.affine_grid" file="src/pymortests/affine_grid.py" line="265" name="test_quadrature_points_shape[&lt;lambda&gt;26]" time="0.0004875659942626953"><skipped message="Suite splitting in effect" type="pytest.skip">src/pymortests/affine_grid.py:265: Suite splitting in effect</skipped></testcase><testcase classname="src.pymortests.affine_grid" file="src/pymortests/affine_grid.py" line="265" name="test_quadrature_points_shape[&lt;lambda&gt;27]" time="0.0004363059997558594"><skipped message="Suite splitting in effect" type="pytest.skip">src/pymortests/affine_grid.py:265: Suite splitting in effect</skipped></testcase><testcase classname="src.pymortests.affine_grid" file="src/pymortests/affine_grid.py" line="265" name="test_quadrature_points_shape[&lt;lambda&gt;28]" time="0.00046062469482421875"><skipped message="Suite splitting in effect" type="pytest.skip">src/pymortests/affine_grid.py:265: Suite splitting in effect</skipped></testcase><testcase classname="src.pymortests.affine_grid" file="src/pymortests/affine_grid.py" line="265" name="test_quadrature_points_shape[&lt;lambda&gt;29]" time="0.0008392333984375"><skipped message="Suite splitting in effect" type="pytest.skip">src/pymortests/affine_grid.py:265: Suite splitting in effect</skipped></testcase><testcase classname="src.pymortests.affine_grid" file="src/pymortests/affine_grid.py" line="265" name="test_quadrature_points_shape[&lt;lambda&gt;30]" time="0.0005900859832763672"><skipped message="Suite splitting in effect" type="pytest.skip">src/pymortests/affine_grid.py:265: Suite splitting in effect</skipped></testcase><testcase classname="src.pymortests.affine_grid" file="src/pymortests/affine_grid.py" line="265" name="test_quadrature_points_shape[&lt;lambda&gt;31]" time="0.0004725456237792969"><skipped message="Suite splitting in effect" type="pytest.skip">src/pymortests/affine_grid.py:265: Suite splitting in effect</skipped></testcase><testcase classname="src.pymortests.affine_grid" file="src/pymortests/affine_grid.py" line="265" name="test_quadrature_points_shape[&lt;lambda&gt;32]" time="0.0004260540008544922"><skipped message="Suite splitting in effect" type="pytest.skip">src/pymortests/affine_grid.py:265: Suite splitting in effect</skipped></testcase><testcase classname="src.pymortests.affine_grid" file="src/pymortests/affine_grid.py" line="265" name="test_quadrature_points_shape[&lt;lambda&gt;33]" time="0.00044798851013183594"><skipped message="Suite splitting in effect" type="pytest.skip">src/pymortests/affine_grid.py:265: Suite splitting in effect</skipped></testcase><testcase classname="src.pymortests.affine_grid" file="src/pymortests/affine_grid.py" line="265" name="test_quadrature_points_shape[&lt;lambda&gt;34]" time="0.00048542022705078125"><skipped message="Suite splitting in effect" type="pytest.skip">src/pymortests/affine_grid.py:265: Suite splitting in effect</skipped></testcase><testcase classname="src.pymortests.affine_grid" file="src/pymortests/affine_grid.py" line="265" name="test_quadrature_points_shape[&lt;lambda&gt;35]" time="0.0005090236663818359"><skipped message="Suite splitting in effect" type="pytest.skip">src/pymortests/affine_grid.py:265: Suite splitting in effect</skipped></testcase><testcase classname="src.pymortests.affine_grid" file="src/pymortests/affine_grid.py" line="265" name="test_quadrature_points_shape[&lt;lambda&gt;36]" time="0.0004646778106689453"><skipped message="Suite splitting in effect" type="pytest.skip">src/pymortests/affine_grid.py:265: Suite splitting in effect</skipped></testcase><testcase classname="src.pymortests.affine_grid" file="src/pymortests/affine_grid.py" line="265" name="test_quadrature_points_shape[&lt;lambda&gt;37]" time="0.0007736682891845703"><skipped message="Suite splitting in effect" type="pytest.skip">src/pymortests/affine_grid.py:265: Suite splitting in effect</skipped></testcase><testcase classname="src.pymortests.affine_grid" file="src/pymortests/affine_grid.py" line="265" name="test_quadrature_points_shape[&lt;lambda&gt;38]" time="0.0004367828369140625"><skipped message="Suite splitting in effect" type="pytest.skip">src/pymortests/affine_grid.py:265: Suite splitting in effect</skipped></testcase><testcase classname="src.pymortests.affine_grid" file="src/pymortests/affine_grid.py" line="265" name="test_quadrature_points_shape[&lt;lambda&gt;39]" time="0.00042438507080078125"><skipped message="Suite splitting in effect" type="pytest.skip">src/pymortests/affine_grid.py:265: Suite splitting in effect</skipped></testcase><testcase classname="src.pymortests.affine_grid" file="src/pymortests/affine_grid.py" line="265" name="test_quadrature_points_shape[&lt;lambda&gt;40]" time="0.000514984130859375"><skipped message="Suite splitting in effect" type="pytest.skip">src/pymortests/affine_grid.py:265: Suite splitting in effect</skipped></testcase><testcase classname="src.pymortests.affine_grid" file="src/pymortests/affine_grid.py" line="265" name="test_quadrature_points_shape[&lt;lambda&gt;41]" time="0.00043892860412597656"><skipped message="Suite splitting in effect" type="pytest.skip">src/pymortests/affine_grid.py:265: Suite splitting in effect</skipped></testcase><testcase classname="src.pymortests.affine_grid" file="src/pymortests/affine_grid.py" line="265" name="test_quadrature_points_shape[&lt;lambda&gt;42]" time="0.0004849433898925781"><skipped message="Suite splitting in effect" type="pytest.skip">src/pymortests/affine_grid.py:265: Suite splitting in effect</skipped></testcase><testcase classname="src.pymortests.affine_grid" file="src/pymortests/affine_grid.py" line="275" name="test_quadrature_points_values[&lt;lambda&gt;0]" time="0.0006127357482910156"><skipped message="Suite splitting in effect" type="pytest.skip">src/pymortests/affine_grid.py:275: Suite splitting in effect</skipped></testcase><testcase classname="src.pymortests.affine_grid" file="src/pymortests/affine_grid.py" line="275" name="test_quadrature_points_values[&lt;lambda&gt;1]" time="0.00046253204345703125"><skipped message="Suite splitting in effect" type="pytest.skip">src/pymortests/affine_grid.py:275: Suite splitting in effect</skipped></testcase><testcase classname="src.pymortests.affine_grid" file="src/pymortests/affine_grid.py" line="275" name="test_quadrature_points_values[&lt;lambda&gt;2]" time="0.0007569789886474609"><skipped message="Suite splitting in effect" type="pytest.skip">src/pymortests/affine_grid.py:275: Suite splitting in effect</skipped></testcase><testcase classname="src.pymortests.affine_grid" file="src/pymortests/affine_grid.py" line="275" name="test_quadrature_points_values[&lt;lambda&gt;3]" time="0.0005211830139160156"><skipped message="Suite splitting in effect" type="pytest.skip">src/pymortests/affine_grid.py:275: Suite splitting in effect</skipped></testcase><testcase classname="src.pymortests.affine_grid" file="src/pymortests/affine_grid.py" line="275" name="test_quadrature_points_values[&lt;lambda&gt;4]" time="0.0004591941833496094"><skipped message="Suite splitting in effect" type="pytest.skip">src/pymortests/affine_grid.py:275: Suite splitting in effect</skipped></testcase><testcase classname="src.pymortests.affine_grid" file="src/pymortests/affine_grid.py" line="275" name="test_quadrature_points_values[&lt;lambda&gt;5]" time="0.000461578369140625"><skipped message="Suite splitting in effect" type="pytest.skip">src/pymortests/affine_grid.py:275: Suite splitting in effect</skipped></testcase><testcase classname="src.pymortests.affine_grid" file="src/pymortests/affine_grid.py" line="275" name="test_quadrature_points_values[&lt;lambda&gt;6]" time="0.0004851818084716797"><skipped message="Suite splitting in effect" type="pytest.skip">src/pymortests/affine_grid.py:275: Suite splitting in effect</skipped></testcase><testcase classname="src.pymortests.affine_grid" file="src/pymortests/affine_grid.py" line="275" name="test_quadrature_points_values[&lt;lambda&gt;7]" time="0.0005154609680175781"><skipped message="Suite splitting in effect" type="pytest.skip">src/pymortests/affine_grid.py:275: Suite splitting in effect</skipped></testcase><testcase classname="src.pymortests.affine_grid" file="src/pymortests/affine_grid.py" line="275" name="test_quadrature_points_values[&lt;lambda&gt;8]" time="0.0004787445068359375"><skipped message="Suite splitting in effect" type="pytest.skip">src/pymortests/affine_grid.py:275: Suite splitting in effect</skipped></testcase><testcase classname="src.pymortests.affine_grid" file="src/pymortests/affine_grid.py" line="275" name="test_quadrature_points_values[&lt;lambda&gt;9]" time="0.0005214214324951172"><skipped message="Suite splitting in effect" type="pytest.skip">src/pymortests/affine_grid.py:275: Suite splitting in effect</skipped></testcase><testcase classname="src.pymortests.affine_grid" file="src/pymortests/affine_grid.py" line="275" name="test_quadrature_points_values[&lt;lambda&gt;10]" time="0.0008988380432128906"><skipped message="Suite splitting in effect" type="pytest.skip">src/pymortests/affine_grid.py:275: Suite splitting in effect</skipped></testcase><testcase classname="src.pymortests.affine_grid" file="src/pymortests/affine_grid.py" line="275" name="test_quadrature_points_values[&lt;lambda&gt;11]" time="0.00046634674072265625"><skipped message="Suite splitting in effect" type="pytest.skip">src/pymortests/affine_grid.py:275: Suite splitting in effect</skipped></testcase><testcase classname="src.pymortests.affine_grid" file="src/pymortests/affine_grid.py" line="275" name="test_quadrature_points_values[&lt;lambda&gt;12]" time="0.00047516822814941406"><skipped message="Suite splitting in effect" type="pytest.skip">src/pymortests/affine_grid.py:275: Suite splitting in effect</skipped></testcase><testcase classname="src.pymortests.affine_grid" file="src/pymortests/affine_grid.py" line="275" name="test_quadrature_points_values[&lt;lambda&gt;13]" time="0.0005266666412353516"><skipped message="Suite splitting in effect" type="pytest.skip">src/pymortests/affine_grid.py:275: Suite splitting in effect</skipped></testcase><testcase classname="src.pymortests.affine_grid" file="src/pymortests/affine_grid.py" line="275" name="test_quadrature_points_values[&lt;lambda&gt;14]" time="0.0004639625549316406"><skipped message="Suite splitting in effect" type="pytest.skip">src/pymortests/affine_grid.py:275: Suite splitting in effect</skipped></testcase><testcase classname="src.pymortests.affine_grid" file="src/pymortests/affine_grid.py" line="275" name="test_quadrature_points_values[&lt;lambda&gt;15]" time="0.0005099773406982422"><skipped message="Suite splitting in effect" type="pytest.skip">src/pymortests/affine_grid.py:275: Suite splitting in effect</skipped></testcase><testcase classname="src.pymortests.affine_grid" file="src/pymortests/affine_grid.py" line="275" name="test_quadrature_points_values[&lt;lambda&gt;16]" time="0.0004665851593017578"><skipped message="Suite splitting in effect" type="pytest.skip">src/pymortests/affine_grid.py:275: Suite splitting in effect</skipped></testcase><testcase classname="src.pymortests.affine_grid" file="src/pymortests/affine_grid.py" line="275" name="test_quadrature_points_values[&lt;lambda&gt;17]" time="0.0004992485046386719"><skipped message="Suite splitting in effect" type="pytest.skip">src/pymortests/affine_grid.py:275: Suite splitting in effect</skipped></testcase><testcase classname="src.pymortests.affine_grid" file="src/pymortests/affine_grid.py" line="275" name="test_quadrature_points_values[&lt;lambda&gt;18]" time="0.0008769035339355469"><skipped message="Suite splitting in effect" type="pytest.skip">src/pymortests/affine_grid.py:275: Suite splitting in effect</skipped></testcase><testcase classname="src.pymortests.affine_grid" file="src/pymortests/affine_grid.py" line="275" name="test_quadrature_points_values[&lt;lambda&gt;19]" time="0.00046443939208984375"><skipped message="Suite splitting in effect" type="pytest.skip">src/pymortests/affine_grid.py:275: Suite splitting in effect</skipped></testcase><testcase classname="src.pymortests.affine_grid" file="src/pymortests/affine_grid.py" line="275" name="test_quadrature_points_values[&lt;lambda&gt;20]" time="0.00047969818115234375"><skipped message="Suite splitting in effect" type="pytest.skip">src/pymortests/affine_grid.py:275: Suite splitting in effect</skipped></testcase><testcase classname="src.pymortests.affine_grid" file="src/pymortests/affine_grid.py" line="275" name="test_quadrature_points_values[&lt;lambda&gt;21]" time="0.0005123615264892578"><skipped message="Suite splitting in effect" type="pytest.skip">src/pymortests/affine_grid.py:275: Suite splitting in effect</skipped></testcase><testcase classname="src.pymortests.affine_grid" file="src/pymortests/affine_grid.py" line="275" name="test_quadrature_points_values[&lt;lambda&gt;22]" time="0.00044035911560058594"><skipped message="Suite splitting in effect" type="pytest.skip">src/pymortests/affine_grid.py:275: Suite splitting in effect</skipped></testcase><testcase classname="src.pymortests.affine_grid" file="src/pymortests/affine_grid.py" line="275" name="test_quadrature_points_values[&lt;lambda&gt;23]" time="0.0005033016204833984"><skipped message="Suite splitting in effect" type="pytest.skip">src/pymortests/affine_grid.py:275: Suite splitting in effect</skipped></testcase><testcase classname="src.pymortests.affine_grid" file="src/pymortests/affine_grid.py" line="275" name="test_quadrature_points_values[&lt;lambda&gt;24]" time="0.0005033016204833984"><skipped message="Suite splitting in effect" type="pytest.skip">src/pymortests/affine_grid.py:275: Suite splitting in effect</skipped></testcase><testcase classname="src.pymortests.affine_grid" file="src/pymortests/affine_grid.py" line="275" name="test_quadrature_points_values[&lt;lambda&gt;25]" time="0.0004696846008300781"><skipped message="Suite splitting in effect" type="pytest.skip">src/pymortests/affine_grid.py:275: Suite splitting in effect</skipped></testcase><testcase classname="src.pymortests.affine_grid" file="src/pymortests/affine_grid.py" line="275" name="test_quadrature_points_values[&lt;lambda&gt;26]" time="0.0008561611175537109"><skipped message="Suite splitting in effect" type="pytest.skip">src/pymortests/affine_grid.py:275: Suite splitting in effect</skipped></testcase><testcase classname="src.pymortests.affine_grid" file="src/pymortests/affine_grid.py" line="275" name="test_quadrature_points_values[&lt;lambda&gt;27]" time="0.00042510032653808594"><skipped message="Suite splitting in effect" type="pytest.skip">src/pymortests/affine_grid.py:275: Suite splitting in effect</skipped></testcase><testcase classname="src.pymortests.affine_grid" file="src/pymortests/affine_grid.py" line="275" name="test_quadrature_points_values[&lt;lambda&gt;28]" time="0.00047659873962402344"><skipped message="Suite splitting in effect" type="pytest.skip">src/pymortests/affine_grid.py:275: Suite splitting in effect</skipped></testcase><testcase classname="src.pymortests.affine_grid" file="src/pymortests/affine_grid.py" line="275" name="test_quadrature_points_values[&lt;lambda&gt;29]" time="0.0004942417144775391"><skipped message="Suite splitting in effect" type="pytest.skip">src/pymortests/affine_grid.py:275: Suite splitting in effect</skipped></testcase><testcase classname="src.pymortests.affine_grid" file="src/pymortests/affine_grid.py" line="275" name="test_quadrature_points_values[&lt;lambda&gt;30]" time="0.00043654441833496094"><skipped message="Suite splitting in effect" type="pytest.skip">src/pymortests/affine_grid.py:275: Suite splitting in effect</skipped></testcase><testcase classname="src.pymortests.affine_grid" file="src/pymortests/affine_grid.py" line="275" name="test_quadrature_points_values[&lt;lambda&gt;31]" time="0.0005352497100830078"><skipped message="Suite splitting in effect" type="pytest.skip">src/pymortests/affine_grid.py:275: Suite splitting in effect</skipped></testcase><testcase classname="src.pymortests.affine_grid" file="src/pymortests/affine_grid.py" line="275" name="test_quadrature_points_values[&lt;lambda&gt;32]" time="0.0005009174346923828"><skipped message="Suite splitting in effect" type="pytest.skip">src/pymortests/affine_grid.py:275: Suite splitting in effect</skipped></testcase><testcase classname="src.pymortests.affine_grid" file="src/pymortests/affine_grid.py" line="275" name="test_quadrature_points_values[&lt;lambda&gt;33]" time="0.0004634857177734375"><skipped message="Suite splitting in effect" type="pytest.skip">src/pymortests/affine_grid.py:275: Suite splitting in effect</skipped></testcase><testcase classname="src.pymortests.affine_grid" file="src/pymortests/affine_grid.py" line="275" name="test_quadrature_points_values[&lt;lambda&gt;34]" time="0.0007665157318115234"><skipped message="Suite splitting in effect" type="pytest.skip">src/pymortests/affine_grid.py:275: Suite splitting in effect</skipped></testcase><testcase classname="src.pymortests.affine_grid" file="src/pymortests/affine_grid.py" line="275" name="test_quadrature_points_values[&lt;lambda&gt;35]" time="0.0004343986511230469"><skipped message="Suite splitting in effect" type="pytest.skip">src/pymortests/affine_grid.py:275: Suite splitting in effect</skipped></testcase><testcase classname="src.pymortests.affine_grid" file="src/pymortests/affine_grid.py" line="275" name="test_quadrature_points_values[&lt;lambda&gt;36]" time="0.0004277229309082031"><skipped message="Suite splitting in effect" type="pytest.skip">src/pymortests/affine_grid.py:275: Suite splitting in effect</skipped></testcase><testcase classname="src.pymortests.affine_grid" file="src/pymortests/affine_grid.py" line="275" name="test_quadrature_points_values[&lt;lambda&gt;37]" time="0.0005040168762207031"><skipped message="Suite splitting in effect" type="pytest.skip">src/pymortests/affine_grid.py:275: Suite splitting in effect</skipped></testcase><testcase classname="src.pymortests.affine_grid" file="src/pymortests/affine_grid.py" line="275" name="test_quadrature_points_values[&lt;lambda&gt;38]" time="0.0004947185516357422"><skipped message="Suite splitting in effect" type="pytest.skip">src/pymortests/affine_grid.py:275: Suite splitting in effect</skipped></testcase><testcase classname="src.pymortests.affine_grid" file="src/pymortests/affine_grid.py" line="275" name="test_quadrature_points_values[&lt;lambda&gt;39]" time="0.00045680999755859375"><skipped message="Suite splitting in effect" type="pytest.skip">src/pymortests/affine_grid.py:275: Suite splitting in effect</skipped></testcase><testcase classname="src.pymortests.affine_grid" file="src/pymortests/affine_grid.py" line="275" name="test_quadrature_points_values[&lt;lambda&gt;40]" time="0.00042319297790527344"><skipped message="Suite splitting in effect" type="pytest.skip">src/pymortests/affine_grid.py:275: Suite splitting in effect</skipped></testcase><testcase classname="src.pymortests.affine_grid" file="src/pymortests/affine_grid.py" line="275" name="test_quadrature_points_values[&lt;lambda&gt;41]" time="0.0004379749298095703"><skipped message="Suite splitting in effect" type="pytest.skip">src/pymortests/affine_grid.py:275: Suite splitting in effect</skipped></testcase><testcase classname="src.pymortests.affine_grid" file="src/pymortests/affine_grid.py" line="275" name="test_quadrature_points_values[&lt;lambda&gt;42]" time="0.0007226467132568359"><skipped message="Suite splitting in effect" type="pytest.skip">src/pymortests/affine_grid.py:275: Suite splitting in effect</skipped></testcase><testcase classname="src.pymortests.affine_grid" file="src/pymortests/affine_grid.py" line="288" name="test_bounding_box[&lt;lambda&gt;0]" time="0.0004856586456298828"><skipped message="Suite splitting in effect" type="pytest.skip">src/pymortests/affine_grid.py:288: Suite splitting in effect</skipped></testcase><testcase classname="src.pymortests.affine_grid" file="src/pymortests/affine_grid.py" line="288" name="test_bounding_box[&lt;lambda&gt;1]" time="0.00045037269592285156"><skipped message="Suite splitting in effect" type="pytest.skip">src/pymortests/affine_grid.py:288: Suite splitting in effect</skipped></testcase><testcase classname="src.pymortests.affine_grid" file="src/pymortests/affine_grid.py" line="288" name="test_bounding_box[&lt;lambda&gt;2]" time="0.00047278404235839844"><skipped message="Suite splitting in effect" type="pytest.skip">src/pymortests/affine_grid.py:288: Suite splitting in effect</skipped></testcase><testcase classname="src.pymortests.affine_grid" file="src/pymortests/affine_grid.py" line="288" name="test_bounding_box[&lt;lambda&gt;3]" time="0.00048279762268066406"><skipped message="Suite splitting in effect" type="pytest.skip">src/pymortests/affine_grid.py:288: Suite splitting in effect</skipped></testcase><testcase classname="src.pymortests.affine_grid" file="src/pymortests/affine_grid.py" line="288" name="test_bounding_box[&lt;lambda&gt;4]" time="0.00043082237243652344"><skipped message="Suite splitting in effect" type="pytest.skip">src/pymortests/affine_grid.py:288: Suite splitting in effect</skipped></testcase><testcase classname="src.pymortests.affine_grid" file="src/pymortests/affine_grid.py" line="288" name="test_bounding_box[&lt;lambda&gt;5]" time="0.0005080699920654297"><skipped message="Suite splitting in effect" type="pytest.skip">src/pymortests/affine_grid.py:288: Suite splitting in effect</skipped></testcase><testcase classname="src.pymortests.affine_grid" file="src/pymortests/affine_grid.py" line="288" name="test_bounding_box[&lt;lambda&gt;6]" time="0.0004317760467529297"><skipped message="Suite splitting in effect" type="pytest.skip">src/pymortests/affine_grid.py:288: Suite splitting in effect</skipped></testcase><testcase classname="src.pymortests.affine_grid" file="src/pymortests/affine_grid.py" line="288" name="test_bounding_box[&lt;lambda&gt;7]" time="0.0008246898651123047"><skipped message="Suite splitting in effect" type="pytest.skip">src/pymortests/affine_grid.py:288: Suite splitting in effect</skipped></testcase><testcase classname="src.pymortests.affine_grid" file="src/pymortests/affine_grid.py" line="288" name="test_bounding_box[&lt;lambda&gt;8]" time="0.0005083084106445312"><skipped message="Suite splitting in effect" type="pytest.skip">src/pymortests/affine_grid.py:288: Suite splitting in effect</skipped></testcase><testcase classname="src.pymortests.affine_grid" file="src/pymortests/affine_grid.py" line="288" name="test_bounding_box[&lt;lambda&gt;9]" time="0.000492095947265625"><skipped message="Suite splitting in effect" type="pytest.skip">src/pymortests/affine_grid.py:288: Suite splitting in effect</skipped></testcase><testcase classname="src.pymortests.affine_grid" file="src/pymortests/affine_grid.py" line="288" name="test_bounding_box[&lt;lambda&gt;10]" time="0.0004677772521972656"><skipped message="Suite splitting in effect" type="pytest.skip">src/pymortests/affine_grid.py:288: Suite splitting in effect</skipped></testcase><testcase classname="src.pymortests.affine_grid" file="src/pymortests/affine_grid.py" line="288" name="test_bounding_box[&lt;lambda&gt;11]" time="0.0004901885986328125"><skipped message="Suite splitting in effect" type="pytest.skip">src/pymortests/affine_grid.py:288: Suite splitting in effect</skipped></testcase><testcase classname="src.pymortests.affine_grid" file="src/pymortests/affine_grid.py" line="288" name="test_bounding_box[&lt;lambda&gt;12]" time="0.0004622936248779297"><skipped message="Suite splitting in effect" type="pytest.skip">src/pymortests/affine_grid.py:288: Suite splitting in effect</skipped></testcase><testcase classname="src.pymortests.affine_grid" file="src/pymortests/affine_grid.py" line="288" name="test_bounding_box[&lt;lambda&gt;13]" time="0.0004980564117431641"><skipped message="Suite splitting in effect" type="pytest.skip">src/pymortests/affine_grid.py:288: Suite splitting in effect</skipped></testcase><testcase classname="src.pymortests.affine_grid" file="src/pymortests/affine_grid.py" line="288" name="test_bounding_box[&lt;lambda&gt;14]" time="0.00043129920959472656"><skipped message="Suite splitting in effect" type="pytest.skip">src/pymortests/affine_grid.py:288: Suite splitting in effect</skipped></testcase><testcase classname="src.pymortests.affine_grid" file="src/pymortests/affine_grid.py" line="288" name="test_bounding_box[&lt;lambda&gt;15]" time="0.0007722377777099609"><skipped message="Suite splitting in effect" type="pytest.skip">src/pymortests/affine_grid.py:288: Suite splitting in effect</skipped></testcase><testcase classname="src.pymortests.affine_grid" file="src/pymortests/affine_grid.py" line="288" name="test_bounding_box[&lt;lambda&gt;16]" time="0.0005159378051757812"><skipped message="Suite splitting in effect" type="pytest.skip">src/pymortests/affine_grid.py:288: Suite splitting in effect</skipped></testcase><testcase classname="src.pymortests.affine_grid" file="src/pymortests/affine_grid.py" line="288" name="test_bounding_box[&lt;lambda&gt;17]" time="0.0004284381866455078"><skipped message="Suite splitting in effect" type="pytest.skip">src/pymortests/affine_grid.py:288: Suite splitting in effect</skipped></testcase><testcase classname="src.pymortests.affine_grid" file="src/pymortests/affine_grid.py" line="288" name="test_bounding_box[&lt;lambda&gt;18]" time="0.0004360675811767578"><skipped message="Suite splitting in effect" type="pytest.skip">src/pymortests/affine_grid.py:288: Suite splitting in effect</skipped></testcase><testcase classname="src.pymortests.affine_grid" file="src/pymortests/affine_grid.py" line="288" name="test_bounding_box[&lt;lambda&gt;19]" time="0.0004928112030029297"><skipped message="Suite splitting in effect" type="pytest.skip">src/pymortests/affine_grid.py:288: Suite splitting in effect</skipped></testcase><testcase classname="src.pymortests.affine_grid" file="src/pymortests/affine_grid.py" line="288" name="test_bounding_box[&lt;lambda&gt;20]" time="0.0005676746368408203"><skipped message="Suite splitting in effect" type="pytest.skip">src/pymortests/affine_grid.py:288: Suite splitting in effect</skipped></testcase><testcase classname="src.pymortests.affine_grid" file="src/pymortests/affine_grid.py" line="288" name="test_bounding_box[&lt;lambda&gt;21]" time="0.00045037269592285156"><skipped message="Suite splitting in effect" type="pytest.skip">src/pymortests/affine_grid.py:288: Suite splitting in effect</skipped></testcase><testcase classname="src.pymortests.affine_grid" file="src/pymortests/affine_grid.py" line="288" name="test_bounding_box[&lt;lambda&gt;22]" time="0.0005269050598144531"><skipped message="Suite splitting in effect" type="pytest.skip">src/pymortests/affine_grid.py:288: Suite splitting in effect</skipped></testcase><testcase classname="src.pymortests.affine_grid" file="src/pymortests/affine_grid.py" line="288" name="test_bounding_box[&lt;lambda&gt;23]" time="0.0010824203491210938"><skipped message="Suite splitting in effect" type="pytest.skip">src/pymortests/affine_grid.py:288: Suite splitting in effect</skipped></testcase><testcase classname="src.pymortests.affine_grid" file="src/pymortests/affine_grid.py" line="288" name="test_bounding_box[&lt;lambda&gt;24]" time="0.0005512237548828125"><skipped message="Suite splitting in effect" type="pytest.skip">src/pymortests/affine_grid.py:288: Suite splitting in effect</skipped></testcase><testcase classname="src.pymortests.affine_grid" file="src/pymortests/affine_grid.py" line="288" name="test_bounding_box[&lt;lambda&gt;25]" time="0.0004942417144775391"><skipped message="Suite splitting in effect" type="pytest.skip">src/pymortests/affine_grid.py:288: Suite splitting in effect</skipped></testcase><testcase classname="src.pymortests.affine_grid" file="src/pymortests/affine_grid.py" line="288" name="test_bounding_box[&lt;lambda&gt;26]" time="0.0004947185516357422"><skipped message="Suite splitting in effect" type="pytest.skip">src/pymortests/affine_grid.py:288: Suite splitting in effect</skipped></testcase><testcase classname="src.pymortests.affine_grid" file="src/pymortests/affine_grid.py" line="288" name="test_bounding_box[&lt;lambda&gt;27]" time="0.0005316734313964844"><skipped message="Suite splitting in effect" type="pytest.skip">src/pymortests/affine_grid.py:288: Suite splitting in effect</skipped></testcase><testcase classname="src.pymortests.affine_grid" file="src/pymortests/affine_grid.py" line="288" name="test_bounding_box[&lt;lambda&gt;28]" time="0.0004506111145019531"><skipped message="Suite splitting in effect" type="pytest.skip">src/pymortests/affine_grid.py:288: Suite splitting in effect</skipped></testcase><testcase classname="src.pymortests.affine_grid" file="src/pymortests/affine_grid.py" line="288" name="test_bounding_box[&lt;lambda&gt;29]" time="0.0005369186401367188"><skipped message="Suite splitting in effect" type="pytest.skip">src/pymortests/affine_grid.py:288: Suite splitting in effect</skipped></testcase><testcase classname="src.pymortests.affine_grid" file="src/pymortests/affine_grid.py" line="288" name="test_bounding_box[&lt;lambda&gt;30]" time="0.0005404949188232422"><skipped message="Suite splitting in effect" type="pytest.skip">src/pymortests/affine_grid.py:288: Suite splitting in effect</skipped></testcase><testcase classname="src.pymortests.affine_grid" file="src/pymortests/affine_grid.py" line="288" name="test_bounding_box[&lt;lambda&gt;31]" time="0.0009553432464599609"><skipped message="Suite splitting in effect" type="pytest.skip">src/pymortests/affine_grid.py:288: Suite splitting in effect</skipped></testcase><testcase classname="src.pymortests.affine_grid" file="src/pymortests/affine_grid.py" line="288" name="test_bounding_box[&lt;lambda&gt;32]" time="0.00044417381286621094"><skipped message="Suite splitting in effect" type="pytest.skip">src/pymortests/affine_grid.py:288: Suite splitting in effect</skipped></testcase><testcase classname="src.pymortests.affine_grid" file="src/pymortests/affine_grid.py" line="288" name="test_bounding_box[&lt;lambda&gt;33]" time="0.0004820823669433594"><skipped message="Suite splitting in effect" type="pytest.skip">src/pymortests/affine_grid.py:288: Suite splitting in effect</skipped></testcase><testcase classname="src.pymortests.affine_grid" file="src/pymortests/affine_grid.py" line="288" name="test_bounding_box[&lt;lambda&gt;34]" time="0.00044274330139160156"><skipped message="Suite splitting in effect" type="pytest.skip">src/pymortests/affine_grid.py:288: Suite splitting in effect</skipped></testcase><testcase classname="src.pymortests.affine_grid" file="src/pymortests/affine_grid.py" line="288" name="test_bounding_box[&lt;lambda&gt;35]" time="0.0004799365997314453"><skipped message="Suite splitting in effect" type="pytest.skip">src/pymortests/affine_grid.py:288: Suite splitting in effect</skipped></testcase><testcase classname="src.pymortests.affine_grid" file="src/pymortests/affine_grid.py" line="288" name="test_bounding_box[&lt;lambda&gt;36]" time="0.0005261898040771484"><skipped message="Suite splitting in effect" type="pytest.skip">src/pymortests/affine_grid.py:288: Suite splitting in effect</skipped></testcase><testcase classname="src.pymortests.affine_grid" file="src/pymortests/affine_grid.py" line="288" name="test_bounding_box[&lt;lambda&gt;37]" time="0.0005154609680175781"><skipped message="Suite splitting in effect" type="pytest.skip">src/pymortests/affine_grid.py:288: Suite splitting in effect</skipped></testcase><testcase classname="src.pymortests.affine_grid" file="src/pymortests/affine_grid.py" line="288" name="test_bounding_box[&lt;lambda&gt;38]" time="0.0004990100860595703"><skipped message="Suite splitting in effect" type="pytest.skip">src/pymortests/affine_grid.py:288: Suite splitting in effect</skipped></testcase><testcase classname="src.pymortests.affine_grid" file="src/pymortests/affine_grid.py" line="288" name="test_bounding_box[&lt;lambda&gt;39]" time="0.0007965564727783203"><skipped message="Suite splitting in effect" type="pytest.skip">src/pymortests/affine_grid.py:288: Suite splitting in effect</skipped></testcase><testcase classname="src.pymortests.affine_grid" file="src/pymortests/affine_grid.py" line="288" name="test_bounding_box[&lt;lambda&gt;40]" time="0.00049591064453125"><skipped message="Suite splitting in effect" type="pytest.skip">src/pymortests/affine_grid.py:288: Suite splitting in effect</skipped></testcase><testcase classname="src.pymortests.affine_grid" file="src/pymortests/affine_grid.py" line="288" name="test_bounding_box[&lt;lambda&gt;41]" time="0.0005178451538085938"><skipped message="Suite splitting in effect" type="pytest.skip">src/pymortests/affine_grid.py:288: Suite splitting in effect</skipped></testcase><testcase classname="src.pymortests.affine_grid" file="src/pymortests/affine_grid.py" line="288" name="test_bounding_box[&lt;lambda&gt;42]" time="0.0004494190216064453"><skipped message="Suite splitting in effect" type="pytest.skip">src/pymortests/affine_grid.py:288: Suite splitting in effect</skipped></testcase><testcase classname="src.pymortests.affine_grid" file="src/pymortests/affine_grid.py" line="297" name="test_orthogonal_centers[&lt;lambda&gt;0]" time="0.0005750656127929688"><skipped message="Suite splitting in effect" type="pytest.skip">src/pymortests/affine_grid.py:297: Suite splitting in effect</skipped></testcase><testcase classname="src.pymortests.affine_grid" file="src/pymortests/affine_grid.py" line="297" name="test_orthogonal_centers[&lt;lambda&gt;1]" time="0.0005385875701904297"><skipped message="Suite splitting in effect" type="pytest.skip">src/pymortests/affine_grid.py:297: Suite splitting in effect</skipped></testcase><testcase classname="src.pymortests.affine_grid" file="src/pymortests/affine_grid.py" line="297" name="test_orthogonal_centers[&lt;lambda&gt;2]" time="0.00045752525329589844"><skipped message="Suite splitting in effect" type="pytest.skip">src/pymortests/affine_grid.py:297: Suite splitting in effect</skipped></testcase><testcase classname="src.pymortests.affine_grid" file="src/pymortests/affine_grid.py" line="297" name="test_orthogonal_centers[&lt;lambda&gt;3]" time="0.0004978179931640625"><skipped message="Suite splitting in effect" type="pytest.skip">src/pymortests/affine_grid.py:297: Suite splitting in effect</skipped></testcase><testcase classname="src.pymortests.affine_grid" file="src/pymortests/affine_grid.py" line="297" name="test_orthogonal_centers[&lt;lambda&gt;4]" time="0.0008070468902587891"><skipped message="Suite splitting in effect" type="pytest.skip">src/pymortests/affine_grid.py:297: Suite splitting in effect</skipped></testcase><testcase classname="src.pymortests.affine_grid" file="src/pymortests/affine_grid.py" line="297" name="test_orthogonal_centers[&lt;lambda&gt;5]" time="0.00044035911560058594"><skipped message="Suite splitting in effect" type="pytest.skip">src/pymortests/affine_grid.py:297: Suite splitting in effect</skipped></testcase><testcase classname="src.pymortests.affine_grid" file="src/pymortests/affine_grid.py" line="297" name="test_orthogonal_centers[&lt;lambda&gt;6]" time="0.0004761219024658203"><skipped message="Suite splitting in effect" type="pytest.skip">src/pymortests/affine_grid.py:297: Suite splitting in effect</skipped></testcase><testcase classname="src.pymortests.affine_grid" file="src/pymortests/affine_grid.py" line="297" name="test_orthogonal_centers[&lt;lambda&gt;7]" time="0.0004899501800537109"><skipped message="Suite splitting in effect" type="pytest.skip">src/pymortests/affine_grid.py:297: Suite splitting in effect</skipped></testcase><testcase classname="src.pymortests.affine_grid" file="src/pymortests/affine_grid.py" line="297" name="test_orthogonal_centers[&lt;lambda&gt;8]" time="0.0004589557647705078"><skipped message="Suite splitting in effect" type="pytest.skip">src/pymortests/affine_grid.py:297: Suite splitting in effect</skipped></testcase><testcase classname="src.pymortests.affine_grid" file="src/pymortests/affine_grid.py" line="297" name="test_orthogonal_centers[&lt;lambda&gt;9]" time="0.0004520416259765625"><skipped message="Suite splitting in effect" type="pytest.skip">src/pymortests/affine_grid.py:297: Suite splitting in effect</skipped></testcase><testcase classname="src.pymortests.affine_grid" file="src/pymortests/affine_grid.py" line="297" name="test_orthogonal_centers[&lt;lambda&gt;10]" time="0.00046753883361816406"><skipped message="Suite splitting in effect" type="pytest.skip">src/pymortests/affine_grid.py:297: Suite splitting in effect</skipped></testcase><testcase classname="src.pymortests.affine_grid" file="src/pymortests/affine_grid.py" line="297" name="test_orthogonal_centers[&lt;lambda&gt;11]" time="0.0004916191101074219"><skipped message="Suite splitting in effect" type="pytest.skip">src/pymortests/affine_grid.py:297: Suite splitting in effect</skipped></testcase><testcase classname="src.pymortests.affine_grid" file="src/pymortests/affine_grid.py" line="297" name="test_orthogonal_centers[&lt;lambda&gt;12]" time="0.0009031295776367188"><skipped message="Suite splitting in effect" type="pytest.skip">src/pymortests/affine_grid.py:297: Suite splitting in effect</skipped></testcase><testcase classname="src.pymortests.affine_grid" file="src/pymortests/affine_grid.py" line="297" name="test_orthogonal_centers[&lt;lambda&gt;13]" time="0.0004439353942871094"><skipped message="Suite splitting in effect" type="pytest.skip">src/pymortests/affine_grid.py:297: Suite splitting in effect</skipped></testcase><testcase classname="src.pymortests.affine_grid" file="src/pymortests/affine_grid.py" line="297" name="test_orthogonal_centers[&lt;lambda&gt;14]" time="0.0004973411560058594"><skipped message="Suite splitting in effect" type="pytest.skip">src/pymortests/affine_grid.py:297: Suite splitting in effect</skipped></testcase><testcase classname="src.pymortests.affine_grid" file="src/pymortests/affine_grid.py" line="297" name="test_orthogonal_centers[&lt;lambda&gt;15]" time="0.0005350112915039062"><skipped message="Suite splitting in effect" type="pytest.skip">src/pymortests/affine_grid.py:297: Suite splitting in effect</skipped></testcase><testcase classname="src.pymortests.affine_grid" file="src/pymortests/affine_grid.py" line="297" name="test_orthogonal_centers[&lt;lambda&gt;16]" time="0.0005633831024169922"><skipped message="Suite splitting in effect" type="pytest.skip">src/pymortests/affine_grid.py:297: Suite splitting in effect</skipped></testcase><testcase classname="src.pymortests.affine_grid" file="src/pymortests/affine_grid.py" line="297" name="test_orthogonal_centers[&lt;lambda&gt;17]" time="0.0005285739898681641"><skipped message="Suite splitting in effect" type="pytest.skip">src/pymortests/affine_grid.py:297: Suite splitting in effect</skipped></testcase><testcase classname="src.pymortests.analyticalproblem" file="src/pymortests/analyticalproblem.py" line="8" name="test_pickle[analytical_problem0]" time="0.00047516822814941406"><skipped message="Suite splitting in effect" type="pytest.skip">src/pymortests/analyticalproblem.py:8: Suite splitting in effect</skipped></testcase><testcase classname="src.pymortests.analyticalproblem" file="src/pymortests/analyticalproblem.py" line="8" name="test_pickle[analytical_problem1]" time="0.000453948974609375"><skipped message="Suite splitting in effect" type="pytest.skip">src/pymortests/analyticalproblem.py:8: Suite splitting in effect</skipped></testcase><testcase classname="src.pymortests.analyticalproblem" file="src/pymortests/analyticalproblem.py" line="8" name="test_pickle[analytical_problem2]" time="0.00077056884765625"><skipped message="Suite splitting in effect" type="pytest.skip">src/pymortests/analyticalproblem.py:8: Suite splitting in effect</skipped></testcase><testcase classname="src.pymortests.analyticalproblem" file="src/pymortests/analyticalproblem.py" line="8" name="test_pickle[analytical_problem3]" time="0.0005230903625488281"><skipped message="Suite splitting in effect" type="pytest.skip">src/pymortests/analyticalproblem.py:8: Suite splitting in effect</skipped></testcase><testcase classname="src.pymortests.analyticalproblem" file="src/pymortests/analyticalproblem.py" line="8" name="test_pickle[analytical_problem4]" time="0.0004506111145019531"><skipped message="Suite splitting in effect" type="pytest.skip">src/pymortests/analyticalproblem.py:8: Suite splitting in effect</skipped></testcase><testcase classname="src.pymortests.analyticalproblem" file="src/pymortests/analyticalproblem.py" line="8" name="test_pickle[analytical_problem5]" time="0.0005285739898681641"><skipped message="Suite splitting in effect" type="pytest.skip">src/pymortests/analyticalproblem.py:8: Suite splitting in effect</skipped></testcase><testcase classname="src.pymortests.analyticalproblem" file="src/pymortests/analyticalproblem.py" line="8" name="test_pickle[analytical_problem6]" time="0.0005428791046142578"><skipped message="Suite splitting in effect" type="pytest.skip">src/pymortests/analyticalproblem.py:8: Suite splitting in effect</skipped></testcase><testcase classname="src.pymortests.analyticalproblem" file="src/pymortests/analyticalproblem.py" line="8" name="test_pickle[analytical_problem7]" time="0.0004436969757080078"><skipped message="Suite splitting in effect" type="pytest.skip">src/pymortests/analyticalproblem.py:8: Suite splitting in effect</skipped></testcase><testcase classname="src.pymortests.analyticalproblem" file="src/pymortests/analyticalproblem.py" line="8" name="test_pickle[analytical_problem8]" time="0.0005581378936767578"><skipped message="Suite splitting in effect" type="pytest.skip">src/pymortests/analyticalproblem.py:8: Suite splitting in effect</skipped></testcase><testcase classname="src.pymortests.analyticalproblem" file="src/pymortests/analyticalproblem.py" line="8" name="test_pickle[analytical_problem9]" time="0.0005099773406982422"><skipped message="Suite splitting in effect" type="pytest.skip">src/pymortests/analyticalproblem.py:8: Suite splitting in effect</skipped></testcase><testcase classname="src.pymortests.analyticalproblem" file="src/pymortests/analyticalproblem.py" line="8" name="test_pickle[analytical_problem10]" time="0.0007989406585693359"><skipped message="Suite splitting in effect" type="pytest.skip">src/pymortests/analyticalproblem.py:8: Suite splitting in effect</skipped></testcase><testcase classname="src.pymortests.analyticalproblem" file="src/pymortests/analyticalproblem.py" line="8" name="test_pickle[analytical_problem11]" time="0.0004646778106689453"><skipped message="Suite splitting in effect" type="pytest.skip">src/pymortests/analyticalproblem.py:8: Suite splitting in effect</skipped></testcase><testcase classname="src.pymortests.analyticalproblem" file="src/pymortests/analyticalproblem.py" line="8" name="test_pickle[analytical_problem12]" time="0.0004994869232177734"><skipped message="Suite splitting in effect" type="pytest.skip">src/pymortests/analyticalproblem.py:8: Suite splitting in effect</skipped></testcase><testcase classname="src.pymortests.analyticalproblem" file="src/pymortests/analyticalproblem.py" line="8" name="test_pickle[analytical_problem13]" time="0.000522613525390625"><skipped message="Suite splitting in effect" type="pytest.skip">src/pymortests/analyticalproblem.py:8: Suite splitting in effect</skipped></testcase><testcase classname="src.pymortests.analyticalproblem" file="src/pymortests/analyticalproblem.py" line="8" name="test_pickle[analytical_problem14]" time="0.00043845176696777344"><skipped message="Suite splitting in effect" type="pytest.skip">src/pymortests/analyticalproblem.py:8: Suite splitting in effect</skipped></testcase><testcase classname="src.pymortests.analyticalproblem" file="src/pymortests/analyticalproblem.py" line="8" name="test_pickle[analytical_problem15]" time="0.0005104541778564453"><skipped message="Suite splitting in effect" type="pytest.skip">src/pymortests/analyticalproblem.py:8: Suite splitting in effect</skipped></testcase><testcase classname="src.pymortests.analyticalproblem" file="src/pymortests/analyticalproblem.py" line="12" name="test_pickle_without_dumps_function[picklable_analytical_problem0]" time="0.00042748451232910156"><skipped message="Suite splitting in effect" type="pytest.skip">src/pymortests/analyticalproblem.py:12: Suite splitting in effect</skipped></testcase><testcase classname="src.pymortests.analyticalproblem" file="src/pymortests/analyticalproblem.py" line="12" name="test_pickle_without_dumps_function[picklable_analytical_problem1]" time="0.00044083595275878906"><skipped message="Suite splitting in effect" type="pytest.skip">src/pymortests/analyticalproblem.py:12: Suite splitting in effect</skipped></testcase><testcase classname="src.pymortests.analyticalproblem" file="src/pymortests/analyticalproblem.py" line="12" name="test_pickle_without_dumps_function[picklable_analytical_problem2]" time="0.0009477138519287109"><skipped message="Suite splitting in effect" type="pytest.skip">src/pymortests/analyticalproblem.py:12: Suite splitting in effect</skipped></testcase><testcase classname="src.pymortests.analyticalproblem" file="src/pymortests/analyticalproblem.py" line="12" name="test_pickle_without_dumps_function[picklable_analytical_problem3]" time="0.0004494190216064453"><skipped message="Suite splitting in effect" type="pytest.skip">src/pymortests/analyticalproblem.py:12: Suite splitting in effect</skipped></testcase><testcase classname="src.pymortests.analyticalproblem" file="src/pymortests/analyticalproblem.py" line="12" name="test_pickle_without_dumps_function[picklable_analytical_problem4]" time="0.0005228519439697266"><skipped message="Suite splitting in effect" type="pytest.skip">src/pymortests/analyticalproblem.py:12: Suite splitting in effect</skipped></testcase><testcase classname="src.pymortests.analyticalproblem" file="src/pymortests/analyticalproblem.py" line="12" name="test_pickle_without_dumps_function[picklable_analytical_problem5]" time="0.0005056858062744141"><skipped message="Suite splitting in effect" type="pytest.skip">src/pymortests/analyticalproblem.py:12: Suite splitting in effect</skipped></testcase><testcase classname="src.pymortests.analyticalproblem" file="src/pymortests/analyticalproblem.py" line="12" name="test_pickle_without_dumps_function[picklable_analytical_problem6]" time="0.0004849433898925781"><skipped message="Suite splitting in effect" type="pytest.skip">src/pymortests/analyticalproblem.py:12: Suite splitting in effect</skipped></testcase><testcase classname="src.pymortests.analyticalproblem" file="src/pymortests/analyticalproblem.py" line="12" name="test_pickle_without_dumps_function[picklable_analytical_problem7]" time="0.0005207061767578125"><skipped message="Suite splitting in effect" type="pytest.skip">src/pymortests/analyticalproblem.py:12: Suite splitting in effect</skipped></testcase><testcase classname="src.pymortests.analyticalproblem" file="src/pymortests/analyticalproblem.py" line="12" name="test_pickle_without_dumps_function[picklable_analytical_problem8]" time="0.0004749298095703125"><skipped message="Suite splitting in effect" type="pytest.skip">src/pymortests/analyticalproblem.py:12: Suite splitting in effect</skipped></testcase><testcase classname="src.pymortests.analyticalproblem" file="src/pymortests/analyticalproblem.py" line="12" name="test_pickle_without_dumps_function[picklable_analytical_problem9]" time="0.0004279613494873047"><skipped message="Suite splitting in effect" type="pytest.skip">src/pymortests/analyticalproblem.py:12: Suite splitting in effect</skipped></testcase><testcase classname="src.pymortests.analyticalproblem" file="src/pymortests/analyticalproblem.py" line="12" name="test_pickle_without_dumps_function[picklable_analytical_problem10]" time="0.0007781982421875"><skipped message="Suite splitting in effect" type="pytest.skip">src/pymortests/analyticalproblem.py:12: Suite splitting in effect</skipped></testcase><testcase classname="src.pymortests.analyticalproblem" file="src/pymortests/analyticalproblem.py" line="12" name="test_pickle_without_dumps_function[picklable_analytical_problem11]" time="0.00043964385986328125"><skipped message="Suite splitting in effect" type="pytest.skip">src/pymortests/analyticalproblem.py:12: Suite splitting in effect</skipped></testcase><testcase classname="src.pymortests.basic" file="src/pymortests/basic.py" line="5" name="test_importable" time="0.0005366802215576172"><skipped message="Suite splitting in effect" type="pytest.skip">src/pymortests/basic.py:5: Suite splitting in effect</skipped></testcase><testcase classname="src.pymortests.block" file="src/pymortests/block.py" line="13" name="test_apply" time="0.0005655288696289062"><skipped message="Suite splitting in effect" type="pytest.skip">src/pymortests/block.py:13: Suite splitting in effect</skipped></testcase><testcase classname="src.pymortests.block" file="src/pymortests/block.py" line="39" name="test_apply_adjoint" time="0.0004966259002685547"><skipped message="Suite splitting in effect" type="pytest.skip">src/pymortests/block.py:39: Suite splitting in effect</skipped></testcase><testcase classname="src.pymortests.block" file="src/pymortests/block.py" line="65" name="test_block_diagonal" time="0.0004954338073730469"><skipped message="Suite splitting in effect" type="pytest.skip">src/pymortests/block.py:65: Suite splitting in effect</skipped></testcase><testcase classname="src.pymortests.block" file="src/pymortests/block.py" line="76" name="test_blk_diag_apply_inverse" time="0.0004336833953857422"><skipped message="Suite splitting in effect" type="pytest.skip">src/pymortests/block.py:76: Suite splitting in effect</skipped></testcase><testcase classname="src.pymortests.block" file="src/pymortests/block.py" line="98" name="test_blk_diag_apply_inverse_adjoint" time="0.0004699230194091797"><skipped message="Suite splitting in effect" type="pytest.skip">src/pymortests/block.py:98: Suite splitting in effect</skipped></testcase><testcase classname="src.pymortests.cache.TestCache" file="src/pymortests/cache.py" line="57" name="test_runtime" time="0.0005400180816650391"><skipped message="Suite splitting in effect" type="pytest.skip">src/pymortests/cache.py:57: Suite splitting in effect</skipped></testcase><testcase classname="src.pymortests.cache.TestCache" file="src/pymortests/cache.py" line="83" name="test_region_api" time="0.0005052089691162109"><skipped message="Suite splitting in effect" type="pytest.skip">src/pymortests/cache.py:83: Suite splitting in effect</skipped></testcase><testcase classname="src.pymortests.complex_values" file="src/pymortests/complex_values.py" line="10" name="test_complex" time="0.000545501708984375"><skipped message="Suite splitting in effect" type="pytest.skip">src/pymortests/complex_values.py:10: Suite splitting in effect</skipped></testcase><testcase classname="src.pymortests.complex_values" file="src/pymortests/complex_values.py" line="64" name="test_real_imag" time="0.00042629241943359375"><skipped message="Suite splitting in effect" type="pytest.skip">src/pymortests/complex_values.py:64: Suite splitting in effect</skipped></testcase><testcase classname="src.pymortests.complex_values" file="src/pymortests/complex_values.py" line="81" name="test_scal" time="0.0005567073822021484"><skipped message="Suite splitting in effect" type="pytest.skip">src/pymortests/complex_values.py:81: Suite splitting in effect</skipped></testcase><testcase classname="src.pymortests.complex_values" file="src/pymortests/complex_values.py" line="94" name="test_axpy" time="0.0005075931549072266"><skipped message="Suite splitting in effect" type="pytest.skip">src/pymortests/complex_values.py:94: Suite splitting in effect</skipped></testcase><testcase classname="src.pymortests.complex_values" file="src/pymortests/complex_values.py" line="106" name="test_dot" time="0.0004622936248779297"><skipped message="Suite splitting in effect" type="pytest.skip">src/pymortests/complex_values.py:106: Suite splitting in effect</skipped></testcase><testcase classname="src.pymortests.complex_values" file="src/pymortests/complex_values.py" line="113" name="test_pairwise_dot" time="0.0008640289306640625"><skipped message="Suite splitting in effect" type="pytest.skip">src/pymortests/complex_values.py:113: Suite splitting in effect</skipped></testcase><testcase classname="src.pymortests.demos" file="src/pymortests/demos.py" line="175" name="test_demos[elliptic:&apos;0 0 0 0&apos;]" time="0.0005755424499511719"><skipped message="Suite splitting in effect" type="pytest.skip">src/pymortests/demos.py:175: Suite splitting in effect</skipped></testcase><testcase classname="src.pymortests.demos" file="src/pymortests/demos.py" line="175" name="test_demos[elliptic:&apos;1 2 0 3&apos;]" time="0.0005288124084472656"><skipped message="Suite splitting in effect" type="pytest.skip">src/pymortests/demos.py:175: Suite splitting in effect</skipped></testcase><testcase classname="src.pymortests.demos" file="src/pymortests/demos.py" line="175" name="test_demos[elliptic:&apos;--rect 1 2 0 3&apos;]" time="0.0004608631134033203"><skipped message="Suite splitting in effect" type="pytest.skip">src/pymortests/demos.py:175: Suite splitting in effect</skipped></testcase><testcase classname="src.pymortests.demos" file="src/pymortests/demos.py" line="175" name="test_demos[elliptic:&apos;0 0 2 1&apos;]" time="0.00043320655822753906"><skipped message="Suite splitting in effect" type="pytest.skip">src/pymortests/demos.py:175: Suite splitting in effect</skipped></testcase><testcase classname="src.pymortests.demos" file="src/pymortests/demos.py" line="175" name="test_demos[elliptic:&apos;--fv 0 0 0 0&apos;]" time="0.0004684925079345703"><skipped message="Suite splitting in effect" type="pytest.skip">src/pymortests/demos.py:175: Suite splitting in effect</skipped></testcase><testcase classname="src.pymortests.demos" file="src/pymortests/demos.py" line="175" name="test_demos[elliptic:&apos;--fv 1 2 0 3&apos;]" time="0.0005233287811279297"><skipped message="Suite splitting in effect" type="pytest.skip">src/pymortests/demos.py:175: Suite splitting in effect</skipped></testcase><testcase classname="src.pymortests.demos" file="src/pymortests/demos.py" line="175" name="test_demos[elliptic:&apos;--fv --rect 1 2 0 3&apos;]" time="0.0004565715789794922"><skipped message="Suite splitting in effect" type="pytest.skip">src/pymortests/demos.py:175: Suite splitting in effect</skipped></testcase><testcase classname="src.pymortests.demos" file="src/pymortests/demos.py" line="175" name="test_demos[elliptic:&apos;--fv 0 0 2 1&apos;]" time="0.0004277229309082031"><skipped message="Suite splitting in effect" type="pytest.skip">src/pymortests/demos.py:175: Suite splitting in effect</skipped></testcase><testcase classname="src.pymortests.demos" file="src/pymortests/demos.py" line="175" name="test_demos[elliptic2:&apos;1 20&apos;]" time="0.0004353523254394531"><skipped message="Suite splitting in effect" type="pytest.skip">src/pymortests/demos.py:175: Suite splitting in effect</skipped></testcase><testcase classname="src.pymortests.demos" file="src/pymortests/demos.py" line="175" name="test_demos[elliptic2:&apos;--fv 1 20&apos;]" time="0.00043773651123046875"><skipped message="Suite splitting in effect" type="pytest.skip">src/pymortests/demos.py:175: Suite splitting in effect</skipped></testcase><testcase classname="src.pymortests.demos" file="src/pymortests/demos.py" line="175" name="test_demos[elliptic_oned:&apos;1 20&apos;]" time="0.0005047321319580078"><skipped message="Suite splitting in effect" type="pytest.skip">src/pymortests/demos.py:175: Suite splitting in effect</skipped></testcase><testcase classname="src.pymortests.demos" file="src/pymortests/demos.py" line="175" name="test_demos[elliptic_oned:&apos;--fv 1 20&apos;]" time="0.0004889965057373047"><skipped message="Suite splitting in effect" type="pytest.skip">src/pymortests/demos.py:175: Suite splitting in effect</skipped></testcase><testcase classname="src.pymortests.demos" file="src/pymortests/demos.py" line="175" name="test_demos[burgers:&apos;--num-flux=lax_friedrichs 0.1&apos;]" time="0.0004878044128417969"><skipped message="Suite splitting in effect" type="pytest.skip">src/pymortests/demos.py:175: Suite splitting in effect</skipped></testcase><testcase classname="src.pymortests.demos" file="src/pymortests/demos.py" line="175" name="test_demos[burgers:&apos;--num-flux=engquist_osher 0.1&apos;]" time="0.0004413127899169922"><skipped message="Suite splitting in effect" type="pytest.skip">src/pymortests/demos.py:175: Suite splitting in effect</skipped></testcase><testcase classname="src.pymortests.demos" file="src/pymortests/demos.py" line="175" name="test_demos[burgers:&apos;--num-flux=simplified_engquist_osher 0.1&apos;]" time="0.00043392181396484375"><skipped message="Suite splitting in effect" type="pytest.skip">src/pymortests/demos.py:175: Suite splitting in effect</skipped></testcase><testcase classname="src.pymortests.demos" file="src/pymortests/demos.py" line="175" name="test_demos[parabolic:&apos;heat 1&apos;]" time="0.0005002021789550781"><skipped message="Suite splitting in effect" type="pytest.skip">src/pymortests/demos.py:175: Suite splitting in effect</skipped></testcase><testcase classname="src.pymortests.demos" file="src/pymortests/demos.py" line="175" name="test_demos[parabolic:&apos;heat --rect 1&apos;]" time="0.00043082237243652344"><skipped message="Suite splitting in effect" type="pytest.skip">src/pymortests/demos.py:175: Suite splitting in effect</skipped></testcase><testcase classname="src.pymortests.demos" file="src/pymortests/demos.py" line="175" name="test_demos[parabolic:&apos;heat --fv 1&apos;]" time="0.0005593299865722656"><skipped message="Suite splitting in effect" type="pytest.skip">src/pymortests/demos.py:175: Suite splitting in effect</skipped></testcase><testcase classname="src.pymortests.demos" file="src/pymortests/demos.py" line="175" name="test_demos[parabolic:&apos;heat --rect --fv 1&apos;]" time="0.0004425048828125"><skipped message="Suite splitting in effect" type="pytest.skip">src/pymortests/demos.py:175: Suite splitting in effect</skipped></testcase><testcase classname="src.pymortests.demos" file="src/pymortests/demos.py" line="175" name="test_demos[parabolic:&apos;dar 1&apos;]" time="0.00048828125"><skipped message="Suite splitting in effect" type="pytest.skip">src/pymortests/demos.py:175: Suite splitting in effect</skipped></testcase><testcase classname="src.pymortests.demos" file="src/pymortests/demos.py" line="175" name="test_demos[parabolic:&apos;dar --rect 1&apos;]" time="0.0004928112030029297"><skipped message="Suite splitting in effect" type="pytest.skip">src/pymortests/demos.py:175: Suite splitting in effect</skipped></testcase><testcase classname="src.pymortests.demos" file="src/pymortests/demos.py" line="175" name="test_demos[elliptic_unstructured:&apos;6.0 16 0.1&apos;]" time="0.0004642009735107422"><skipped message="Suite splitting in effect" type="pytest.skip">src/pymortests/demos.py:175: Suite splitting in effect</skipped></testcase><testcase classname="src.pymortests.demos" file="src/pymortests/demos.py" line="175" name="test_demos[thermalblock:&apos;--plot-solutions --plot-err --plot-error-sequence 2 2 3 5&apos;]" time="0.0004303455352783203"><skipped message="Suite splitting in effect" type="pytest.skip">src/pymortests/demos.py:175: Suite splitting in effect</skipped></testcase><testcase classname="src.pymortests.demos" file="src/pymortests/demos.py" line="175" name="test_demos[thermalblock:&apos;--fenics 2 2 3 5&apos;]" time="0.000408172607421875"><skipped message="Suite splitting in effect" type="pytest.skip">src/pymortests/demos.py:175: Suite splitting in effect</skipped></testcase><testcase classname="src.pymortests.demos" file="src/pymortests/demos.py" line="175" name="test_demos[thermalblock:&apos;--greedy-without-estimator 3 1 2 5&apos;]" time="0.0004718303680419922"><skipped message="Suite splitting in effect" type="pytest.skip">src/pymortests/demos.py:175: Suite splitting in effect</skipped></testcase><testcase classname="src.pymortests.demos" file="src/pymortests/demos.py" line="175" name="test_demos[thermalblock:&apos;--alg=pod 2 2 3 5&apos;]" time="0.00048089027404785156"><skipped message="Suite splitting in effect" type="pytest.skip">src/pymortests/demos.py:175: Suite splitting in effect</skipped></testcase><testcase classname="src.pymortests.demos" file="src/pymortests/demos.py" line="175" name="test_demos[thermalblock:&apos;--alg=adaptive_greedy 2 2 10 30&apos;]" time="0.00043511390686035156"><skipped message="Suite splitting in effect" type="pytest.skip">src/pymortests/demos.py:175: Suite splitting in effect</skipped></testcase><testcase classname="src.pymortests.demos" file="src/pymortests/demos.py" line="175" name="test_demos[thermalblock:&apos;--alg=naive --reductor=traditional 2 2 10 5&apos;]" time="0.0005095005035400391"><skipped message="Suite splitting in effect" type="pytest.skip">src/pymortests/demos.py:175: Suite splitting in effect</skipped></testcase><testcase classname="src.pymortests.demos" file="src/pymortests/demos.py" line="175" name="test_demos[thermalblock_adaptive:&apos;10&apos;]" time="0.0004975795745849609"><skipped message="Suite splitting in effect" type="pytest.skip">src/pymortests/demos.py:175: Suite splitting in effect</skipped></testcase><testcase classname="src.pymortests.demos" file="src/pymortests/demos.py" line="175" name="test_demos[thermalblock_adaptive:&apos;--no-visualize-refinement 10&apos;]" time="0.0005249977111816406"><skipped message="Suite splitting in effect" type="pytest.skip">src/pymortests/demos.py:175: Suite splitting in effect</skipped></testcase><testcase classname="src.pymortests.demos" file="src/pymortests/demos.py" line="175" name="test_demos[thermalblock_simple:&apos;pymor naive 2 10 10&apos;]" time="0.0004868507385253906"><skipped message="Suite splitting in effect" type="pytest.skip">src/pymortests/demos.py:175: Suite splitting in effect</skipped></testcase><testcase classname="src.pymortests.demos" file="src/pymortests/demos.py" line="175" name="test_demos[thermalblock_simple:&apos;fenics greedy 2 10 10&apos;]" time="0.0004258155822753906"><skipped message="Suite splitting in effect" type="pytest.skip">src/pymortests/demos.py:175: Suite splitting in effect</skipped></testcase><testcase classname="src.pymortests.demos" file="src/pymortests/demos.py" line="175" name="test_demos[thermalblock_simple:&apos;ngsolve greedy 2 10 10&apos;]" time="0.000537872314453125"><skipped message="Suite splitting in effect" type="pytest.skip">src/pymortests/demos.py:175: Suite splitting in effect</skipped></testcase><testcase classname="src.pymortests.demos" file="src/pymortests/demos.py" line="175" name="test_demos[thermalblock_simple:&apos;pymor-text adaptive_greedy -1 3 3&apos;]" time="0.0004820823669433594"><skipped message="Suite splitting in effect" type="pytest.skip">src/pymortests/demos.py:175: Suite splitting in effect</skipped></testcase><testcase classname="src.pymortests.demos" file="src/pymortests/demos.py" line="175" name="test_demos[thermalblock_gui:&apos;--testing 2 2 3 5&apos;]" time="0.0005128383636474609"><skipped message="Suite splitting in effect" type="pytest.skip">src/pymortests/demos.py:175: Suite splitting in effect</skipped></testcase><testcase classname="src.pymortests.demos" file="src/pymortests/demos.py" line="175" name="test_demos[burgers_ei:&apos;1 2 2 5 2 5 --plot-ei-err&apos;]" time="0.0004730224609375"><skipped message="Suite splitting in effect" type="pytest.skip">src/pymortests/demos.py:175: Suite splitting in effect</skipped></testcase><testcase classname="src.pymortests.demos" file="src/pymortests/demos.py" line="175" name="test_demos[burgers_ei:&apos;1 2 2 5 2 5 --ei-alg=deim&apos;]" time="0.0004887580871582031"><skipped message="Suite splitting in effect" type="pytest.skip">src/pymortests/demos.py:175: Suite splitting in effect</skipped></testcase><testcase classname="src.pymortests.demos" file="src/pymortests/demos.py" line="175" name="test_demos[parabolic_mor:&apos;pymor greedy 2 3 1&apos;]" time="0.0004570484161376953"><skipped message="Suite splitting in effect" type="pytest.skip">src/pymortests/demos.py:175: Suite splitting in effect</skipped></testcase><testcase classname="src.pymortests.demos" file="src/pymortests/demos.py" line="175" name="test_demos[parabolic_mor:&apos;pymor pod 2 3 1&apos;]" time="0.0004999637603759766"><skipped message="Suite splitting in effect" type="pytest.skip">src/pymortests/demos.py:175: Suite splitting in effect</skipped></testcase><testcase classname="src.pymortests.demos" file="src/pymortests/demos.py" line="175" name="test_demos[parabolic_mor:&apos;fenics adaptive_greedy 2 3 1&apos;]" time="0.00042629241943359375"><skipped message="Suite splitting in effect" type="pytest.skip">src/pymortests/demos.py:175: Suite splitting in effect</skipped></testcase><testcase classname="src.pymortests.demos" file="src/pymortests/demos.py" line="175" name="test_demos[heat:&apos;&apos;]" time="0.00048160552978515625"><skipped message="Suite splitting in effect" type="pytest.skip">src/pymortests/demos.py:175: Suite splitting in effect</skipped></testcase><testcase classname="src.pymortests.demos" file="src/pymortests/demos.py" line="175" name="test_demos[delay:&apos;&apos;]" time="0.0004870891571044922"><skipped message="Suite splitting in effect" type="pytest.skip">src/pymortests/demos.py:175: Suite splitting in effect</skipped></testcase><testcase classname="src.pymortests.demos" file="src/pymortests/demos.py" line="175" name="test_demos[string_equation:&apos;&apos;]" time="0.00048828125"><skipped message="Suite splitting in effect" type="pytest.skip">src/pymortests/demos.py:175: Suite splitting in effect</skipped></testcase><testcase classname="src.pymortests.demos" file="src/pymortests/demos.py" line="175" name="test_demos[hapod:&apos;--snap=3 0.01 10 100&apos;]" time="0.0004665851593017578"><skipped message="Suite splitting in effect" type="pytest.skip">src/pymortests/demos.py:175: Suite splitting in effect</skipped></testcase><testcase classname="src.pymortests.demos" file="src/pymortests/demos.py" line="175" name="test_demos[hapod:&apos;--snap=3 --threads=2 0.01 10 100&apos;]" time="0.00044035911560058594"><skipped message="Suite splitting in effect" type="pytest.skip">src/pymortests/demos.py:175: Suite splitting in effect</skipped></testcase><testcase classname="src.pymortests.demos" file="src/pymortests/demos.py" line="175" name="test_demos[hapod:&apos;--snap=3 --procs=2 0.01 10 100&apos;]" time="0.00043272972106933594"><skipped message="Suite splitting in effect" type="pytest.skip">src/pymortests/demos.py:175: Suite splitting in effect</skipped></testcase><testcase classname="src.pymortests.demos" file="src/pymortests/demos.py" line="181" name="test_analyze_pickle1" time="0.00048542022705078125"><skipped message="Suite splitting in effect" type="pytest.skip">src/pymortests/demos.py:181: Suite splitting in effect</skipped></testcase><testcase classname="src.pymortests.demos" file="src/pymortests/demos.py" line="191" name="test_analyze_pickle2" time="0.0005359649658203125"><skipped message="Suite splitting in effect" type="pytest.skip">src/pymortests/demos.py:191: Suite splitting in effect</skipped></testcase><testcase classname="src.pymortests.demos" file="src/pymortests/demos.py" line="202" name="test_analyze_pickle3" time="0.0004940032958984375"><skipped message="Suite splitting in effect" type="pytest.skip">src/pymortests/demos.py:202: Suite splitting in effect</skipped></testcase><testcase classname="src.pymortests.demos" file="src/pymortests/demos.py" line="213" name="test_analyze_pickle4" time="0.000461578369140625"><skipped message="Suite splitting in effect" type="pytest.skip">src/pymortests/demos.py:213: Suite splitting in effect</skipped></testcase><testcase classname="src.pymortests.demos" file="src/pymortests/demos.py" line="223" name="test_thermalblock_ipython[elliptic:&apos;0 0 0 0&apos;]" time="0.0004956722259521484"><skipped message="Suite splitting in effect" type="pytest.skip">src/pymortests/demos.py:223: Suite splitting in effect</skipped></testcase><testcase classname="src.pymortests.demos" file="src/pymortests/demos.py" line="223" name="test_thermalblock_ipython[elliptic:&apos;1 2 0 3&apos;]" time="0.0004305839538574219"><skipped message="Suite splitting in effect" type="pytest.skip">src/pymortests/demos.py:223: Suite splitting in effect</skipped></testcase><testcase classname="src.pymortests.demos" file="src/pymortests/demos.py" line="223" name="test_thermalblock_ipython[elliptic:&apos;--rect 1 2 0 3&apos;]" time="0.0005304813385009766"><skipped message="Suite splitting in effect" type="pytest.skip">src/pymortests/demos.py:223: Suite splitting in effect</skipped></testcase><testcase classname="src.pymortests.demos" file="src/pymortests/demos.py" line="223" name="test_thermalblock_ipython[elliptic:&apos;0 0 2 1&apos;]" time="0.0004520416259765625"><skipped message="Suite splitting in effect" type="pytest.skip">src/pymortests/demos.py:223: Suite splitting in effect</skipped></testcase><testcase classname="src.pymortests.demos" file="src/pymortests/demos.py" line="223" name="test_thermalblock_ipython[elliptic:&apos;--fv 0 0 0 0&apos;]" time="0.0005352497100830078"><skipped message="Suite splitting in effect" type="pytest.skip">src/pymortests/demos.py:223: Suite splitting in effect</skipped></testcase><testcase classname="src.pymortests.demos" file="src/pymortests/demos.py" line="223" name="test_thermalblock_ipython[elliptic:&apos;--fv 1 2 0 3&apos;]" time="0.0005159378051757812"><skipped message="Suite splitting in effect" type="pytest.skip">src/pymortests/demos.py:223: Suite splitting in effect</skipped></testcase><testcase classname="src.pymortests.demos" file="src/pymortests/demos.py" line="223" name="test_thermalblock_ipython[elliptic:&apos;--fv --rect 1 2 0 3&apos;]" time="0.00049591064453125"><skipped message="Suite splitting in effect" type="pytest.skip">src/pymortests/demos.py:223: Suite splitting in effect</skipped></testcase><testcase classname="src.pymortests.demos" file="src/pymortests/demos.py" line="223" name="test_thermalblock_ipython[elliptic:&apos;--fv 0 0 2 1&apos;]" time="0.00044465065002441406"><skipped message="Suite splitting in effect" type="pytest.skip">src/pymortests/demos.py:223: Suite splitting in effect</skipped></testcase><testcase classname="src.pymortests.demos" file="src/pymortests/demos.py" line="223" name="test_thermalblock_ipython[elliptic2:&apos;1 20&apos;]" time="0.0005404949188232422"><skipped message="Suite splitting in effect" type="pytest.skip">src/pymortests/demos.py:223: Suite splitting in effect</skipped></testcase><testcase classname="src.pymortests.demos" file="src/pymortests/demos.py" line="223" name="test_thermalblock_ipython[elliptic2:&apos;--fv 1 20&apos;]" time="0.0004458427429199219"><skipped message="Suite splitting in effect" type="pytest.skip">src/pymortests/demos.py:223: Suite splitting in effect</skipped></testcase><testcase classname="src.pymortests.demos" file="src/pymortests/demos.py" line="223" name="test_thermalblock_ipython[elliptic_oned:&apos;1 20&apos;]" time="0.0004715919494628906"><skipped message="Suite splitting in effect" type="pytest.skip">src/pymortests/demos.py:223: Suite splitting in effect</skipped></testcase><testcase classname="src.pymortests.demos" file="src/pymortests/demos.py" line="223" name="test_thermalblock_ipython[elliptic_oned:&apos;--fv 1 20&apos;]" time="0.00043892860412597656"><skipped message="Suite splitting in effect" type="pytest.skip">src/pymortests/demos.py:223: Suite splitting in effect</skipped></testcase><testcase classname="src.pymortests.demos" file="src/pymortests/demos.py" line="223" name="test_thermalblock_ipython[burgers:&apos;--num-flux=lax_friedrichs 0.1&apos;]" time="0.0004401206970214844"><skipped message="Suite splitting in effect" type="pytest.skip">src/pymortests/demos.py:223: Suite splitting in effect</skipped></testcase><testcase classname="src.pymortests.demos" file="src/pymortests/demos.py" line="223" name="test_thermalblock_ipython[burgers:&apos;--num-flux=engquist_osher 0.1&apos;]" time="0.0004317760467529297"><skipped message="Suite splitting in effect" type="pytest.skip">src/pymortests/demos.py:223: Suite splitting in effect</skipped></testcase><testcase classname="src.pymortests.demos" file="src/pymortests/demos.py" line="223" name="test_thermalblock_ipython[burgers:&apos;--num-flux=simplified_engquist_osher 0.1&apos;]" time="0.0004990100860595703"><skipped message="Suite splitting in effect" type="pytest.skip">src/pymortests/demos.py:223: Suite splitting in effect</skipped></testcase><testcase classname="src.pymortests.demos" file="src/pymortests/demos.py" line="223" name="test_thermalblock_ipython[parabolic:&apos;heat 1&apos;]" time="0.0004494190216064453"><skipped message="Suite splitting in effect" type="pytest.skip">src/pymortests/demos.py:223: Suite splitting in effect</skipped></testcase><testcase classname="src.pymortests.demos" file="src/pymortests/demos.py" line="223" name="test_thermalblock_ipython[parabolic:&apos;heat --rect 1&apos;]" time="0.0004878044128417969"><skipped message="Suite splitting in effect" type="pytest.skip">src/pymortests/demos.py:223: Suite splitting in effect</skipped></testcase><testcase classname="src.pymortests.demos" file="src/pymortests/demos.py" line="223" name="test_thermalblock_ipython[parabolic:&apos;heat --fv 1&apos;]" time="0.0005164146423339844"><skipped message="Suite splitting in effect" type="pytest.skip">src/pymortests/demos.py:223: Suite splitting in effect</skipped></testcase><testcase classname="src.pymortests.demos" file="src/pymortests/demos.py" line="223" name="test_thermalblock_ipython[parabolic:&apos;heat --rect --fv 1&apos;]" time="0.00044465065002441406"><skipped message="Suite splitting in effect" type="pytest.skip">src/pymortests/demos.py:223: Suite splitting in effect</skipped></testcase><testcase classname="src.pymortests.demos" file="src/pymortests/demos.py" line="223" name="test_thermalblock_ipython[parabolic:&apos;dar 1&apos;]" time="0.000514984130859375"><skipped message="Suite splitting in effect" type="pytest.skip">src/pymortests/demos.py:223: Suite splitting in effect</skipped></testcase><testcase classname="src.pymortests.demos" file="src/pymortests/demos.py" line="223" name="test_thermalblock_ipython[parabolic:&apos;dar --rect 1&apos;]" time="0.0005013942718505859"><skipped message="Suite splitting in effect" type="pytest.skip">src/pymortests/demos.py:223: Suite splitting in effect</skipped></testcase><testcase classname="src.pymortests.demos" file="src/pymortests/demos.py" line="223" name="test_thermalblock_ipython[elliptic_unstructured:&apos;6.0 16 0.1&apos;]" time="0.00042700767517089844"><skipped message="Suite splitting in effect" type="pytest.skip">src/pymortests/demos.py:223: Suite splitting in effect</skipped></testcase><testcase classname="src.pymortests.demos" file="src/pymortests/demos.py" line="223" name="test_thermalblock_ipython[thermalblock:&apos;--plot-solutions --plot-err --plot-error-sequence 2 2 3 5&apos;]" time="0.0004277229309082031"><skipped message="Suite splitting in effect" type="pytest.skip">src/pymortests/demos.py:223: Suite splitting in effect</skipped></testcase><testcase classname="src.pymortests.demos" file="src/pymortests/demos.py" line="223" name="test_thermalblock_ipython[thermalblock:&apos;--fenics 2 2 3 5&apos;]" time="0.0004916191101074219"><skipped message="Suite splitting in effect" type="pytest.skip">src/pymortests/demos.py:223: Suite splitting in effect</skipped></testcase><testcase classname="src.pymortests.demos" file="src/pymortests/demos.py" line="223" name="test_thermalblock_ipython[thermalblock:&apos;--greedy-without-estimator 3 1 2 5&apos;]" time="0.00046825408935546875"><skipped message="Suite splitting in effect" type="pytest.skip">src/pymortests/demos.py:223: Suite splitting in effect</skipped></testcase><testcase classname="src.pymortests.demos" file="src/pymortests/demos.py" line="223" name="test_thermalblock_ipython[thermalblock:&apos;--alg=pod 2 2 3 5&apos;]" time="0.0004935264587402344"><skipped message="Suite splitting in effect" type="pytest.skip">src/pymortests/demos.py:223: Suite splitting in effect</skipped></testcase><testcase classname="src.pymortests.demos" file="src/pymortests/demos.py" line="223" name="test_thermalblock_ipython[thermalblock:&apos;--alg=adaptive_greedy 2 2 10 30&apos;]" time="0.0004317760467529297"><skipped message="Suite splitting in effect" type="pytest.skip">src/pymortests/demos.py:223: Suite splitting in effect</skipped></testcase><testcase classname="src.pymortests.demos" file="src/pymortests/demos.py" line="223" name="test_thermalblock_ipython[thermalblock:&apos;--alg=naive --reductor=traditional 2 2 10 5&apos;]" time="0.0004477500915527344"><skipped message="Suite splitting in effect" type="pytest.skip">src/pymortests/demos.py:223: Suite splitting in effect</skipped></testcase><testcase classname="src.pymortests.demos" file="src/pymortests/demos.py" line="223" name="test_thermalblock_ipython[thermalblock_adaptive:&apos;10&apos;]" time="0.00048828125"><skipped message="Suite splitting in effect" type="pytest.skip">src/pymortests/demos.py:223: Suite splitting in effect</skipped></testcase><testcase classname="src.pymortests.demos" file="src/pymortests/demos.py" line="223" name="test_thermalblock_ipython[thermalblock_adaptive:&apos;--no-visualize-refinement 10&apos;]" time="0.0008740425109863281"><skipped message="Suite splitting in effect" type="pytest.skip">src/pymortests/demos.py:223: Suite splitting in effect</skipped></testcase><testcase classname="src.pymortests.demos" file="src/pymortests/demos.py" line="223" name="test_thermalblock_ipython[thermalblock_simple:&apos;pymor naive 2 10 10&apos;]" time="0.0005004405975341797"><skipped message="Suite splitting in effect" type="pytest.skip">src/pymortests/demos.py:223: Suite splitting in effect</skipped></testcase><testcase classname="src.pymortests.demos" file="src/pymortests/demos.py" line="223" name="test_thermalblock_ipython[thermalblock_simple:&apos;fenics greedy 2 10 10&apos;]" time="0.0004391670227050781"><skipped message="Suite splitting in effect" type="pytest.skip">src/pymortests/demos.py:223: Suite splitting in effect</skipped></testcase><testcase classname="src.pymortests.demos" file="src/pymortests/demos.py" line="223" name="test_thermalblock_ipython[thermalblock_simple:&apos;ngsolve greedy 2 10 10&apos;]" time="0.0004343986511230469"><skipped message="Suite splitting in effect" type="pytest.skip">src/pymortests/demos.py:223: Suite splitting in effect</skipped></testcase><testcase classname="src.pymortests.demos" file="src/pymortests/demos.py" line="223" name="test_thermalblock_ipython[thermalblock_simple:&apos;pymor-text adaptive_greedy -1 3 3&apos;]" time="0.0004725456237792969"><skipped message="Suite splitting in effect" type="pytest.skip">src/pymortests/demos.py:223: Suite splitting in effect</skipped></testcase><testcase classname="src.pymortests.demos" file="src/pymortests/demos.py" line="223" name="test_thermalblock_ipython[thermalblock_gui:&apos;--testing 2 2 3 5&apos;]" time="0.0004947185516357422"><skipped message="Suite splitting in effect" type="pytest.skip">src/pymortests/demos.py:223: Suite splitting in effect</skipped></testcase><testcase classname="src.pymortests.demos" file="src/pymortests/demos.py" line="223" name="test_thermalblock_ipython[burgers_ei:&apos;1 2 2 5 2 5 --plot-ei-err&apos;]" time="0.0004982948303222656"><skipped message="Suite splitting in effect" type="pytest.skip">src/pymortests/demos.py:223: Suite splitting in effect</skipped></testcase><testcase classname="src.pymortests.demos" file="src/pymortests/demos.py" line="223" name="test_thermalblock_ipython[burgers_ei:&apos;1 2 2 5 2 5 --ei-alg=deim&apos;]" time="0.00044155120849609375"><skipped message="Suite splitting in effect" type="pytest.skip">src/pymortests/demos.py:223: Suite splitting in effect</skipped></testcase><testcase classname="src.pymortests.demos" file="src/pymortests/demos.py" line="223" name="test_thermalblock_ipython[parabolic_mor:&apos;pymor greedy 2 3 1&apos;]" time="0.00048160552978515625"><skipped message="Suite splitting in effect" type="pytest.skip">src/pymortests/demos.py:223: Suite splitting in effect</skipped></testcase><testcase classname="src.pymortests.demos" file="src/pymortests/demos.py" line="223" name="test_thermalblock_ipython[parabolic_mor:&apos;pymor pod 2 3 1&apos;]" time="0.0004363059997558594"><skipped message="Suite splitting in effect" type="pytest.skip">src/pymortests/demos.py:223: Suite splitting in effect</skipped></testcase><testcase classname="src.pymortests.demos" file="src/pymortests/demos.py" line="223" name="test_thermalblock_ipython[parabolic_mor:&apos;fenics adaptive_greedy 2 3 1&apos;]" time="0.00047469139099121094"><skipped message="Suite splitting in effect" type="pytest.skip">src/pymortests/demos.py:223: Suite splitting in effect</skipped></testcase><testcase classname="src.pymortests.demos" file="src/pymortests/demos.py" line="223" name="test_thermalblock_ipython[heat:&apos;&apos;]" time="0.0005064010620117188"><skipped message="Suite splitting in effect" type="pytest.skip">src/pymortests/demos.py:223: Suite splitting in effect</skipped></testcase><testcase classname="src.pymortests.demos" file="src/pymortests/demos.py" line="223" name="test_thermalblock_ipython[delay:&apos;&apos;]" time="0.0004317760467529297"><skipped message="Suite splitting in effect" type="pytest.skip">src/pymortests/demos.py:223: Suite splitting in effect</skipped></testcase><testcase classname="src.pymortests.demos" file="src/pymortests/demos.py" line="223" name="test_thermalblock_ipython[string_equation:&apos;&apos;]" time="0.00047087669372558594"><skipped message="Suite splitting in effect" type="pytest.skip">src/pymortests/demos.py:223: Suite splitting in effect</skipped></testcase><testcase classname="src.pymortests.demos" file="src/pymortests/demos.py" line="223" name="test_thermalblock_ipython[hapod:&apos;--snap=3 0.01 10 100&apos;]" time="0.0004825592041015625"><skipped message="Suite splitting in effect" type="pytest.skip">src/pymortests/demos.py:223: Suite splitting in effect</skipped></testcase><testcase classname="src.pymortests.demos" file="src/pymortests/demos.py" line="223" name="test_thermalblock_ipython[hapod:&apos;--snap=3 --threads=2 0.01 10 100&apos;]" time="0.0004315376281738281"><skipped message="Suite splitting in effect" type="pytest.skip">src/pymortests/demos.py:223: Suite splitting in effect</skipped></testcase><testcase classname="src.pymortests.demos" file="src/pymortests/demos.py" line="223" name="test_thermalblock_ipython[hapod:&apos;--snap=3 --procs=2 0.01 10 100&apos;]" time="0.0004966259002685547"><skipped message="Suite splitting in effect" type="pytest.skip">src/pymortests/demos.py:223: Suite splitting in effect</skipped></testcase><testcase classname="src.pymortests.demos" file="src/pymortests/demos.py" line="237" name="test_thermalblock_results[thermalblock:&apos;--plot-solutions --plot-err --plot-error-sequence 2 2 3 5&apos;]" time="0.0004885196685791016"><skipped message="Suite splitting in effect" type="pytest.skip">src/pymortests/demos.py:237: Suite splitting in effect</skipped></testcase><testcase classname="src.pymortests.demos" file="src/pymortests/demos.py" line="237" name="test_thermalblock_results[thermalblock:&apos;--fenics 2 2 3 5&apos;]" time="0.00047016143798828125"><skipped message="Suite splitting in effect" type="pytest.skip">src/pymortests/demos.py:237: Suite splitting in effect</skipped></testcase><testcase classname="src.pymortests.demos" file="src/pymortests/demos.py" line="237" name="test_thermalblock_results[thermalblock:&apos;--greedy-without-estimator 3 1 2 5&apos;]" time="0.00042176246643066406"><skipped message="Suite splitting in effect" type="pytest.skip">src/pymortests/demos.py:237: Suite splitting in effect</skipped></testcase><testcase classname="src.pymortests.demos" file="src/pymortests/demos.py" line="237" name="test_thermalblock_results[thermalblock:&apos;--alg=pod 2 2 3 5&apos;]" time="0.000431060791015625"><skipped message="Suite splitting in effect" type="pytest.skip">src/pymortests/demos.py:237: Suite splitting in effect</skipped></testcase><testcase classname="src.pymortests.demos" file="src/pymortests/demos.py" line="237" name="test_thermalblock_results[thermalblock:&apos;--alg=adaptive_greedy 2 2 10 30&apos;]" time="0.000484466552734375"><skipped message="Suite splitting in effect" type="pytest.skip">src/pymortests/demos.py:237: Suite splitting in effect</skipped></testcase><testcase classname="src.pymortests.demos" file="src/pymortests/demos.py" line="237" name="test_thermalblock_results[thermalblock:&apos;--alg=naive --reductor=traditional 2 2 10 5&apos;]" time="0.0004973411560058594"><skipped message="Suite splitting in effect" type="pytest.skip">src/pymortests/demos.py:237: Suite splitting in effect</skipped></testcase><testcase classname="src.pymortests.demos" file="src/pymortests/demos.py" line="250" name="test_burgers_ei_results" time="0.0004589557647705078"><skipped message="Suite splitting in effect" type="pytest.skip">src/pymortests/demos.py:250: Suite splitting in effect</skipped></testcase><testcase classname="src.pymortests.demos" file="src/pymortests/demos.py" line="259" name="test_parabolic_mor_results" time="0.0004892349243164062"><skipped message="Suite splitting in effect" type="pytest.skip">src/pymortests/demos.py:259: Suite splitting in effect</skipped></testcase><testcase classname="src.pymortests.discretization" file="src/pymortests/discretization.py" line="13" name="test_pickle[&lt;lambda&gt;0]" time="0.0004801750183105469"><skipped message="Suite splitting in effect" type="pytest.skip">src/pymortests/discretization.py:13: Suite splitting in effect</skipped></testcase><testcase classname="src.pymortests.discretization" file="src/pymortests/discretization.py" line="13" name="test_pickle[&lt;lambda&gt;1]" time="0.00045609474182128906"><skipped message="Suite splitting in effect" type="pytest.skip">src/pymortests/discretization.py:13: Suite splitting in effect</skipped></testcase><testcase classname="src.pymortests.discretization" file="src/pymortests/discretization.py" line="13" name="test_pickle[&lt;lambda&gt;2]" time="0.0004127025604248047"><skipped message="Suite splitting in effect" type="pytest.skip">src/pymortests/discretization.py:13: Suite splitting in effect</skipped></testcase><testcase classname="src.pymortests.discretization" file="src/pymortests/discretization.py" line="13" name="test_pickle[&lt;lambda&gt;3]" time="0.0004980564117431641"><skipped message="Suite splitting in effect" type="pytest.skip">src/pymortests/discretization.py:13: Suite splitting in effect</skipped></testcase><testcase classname="src.pymortests.discretization" file="src/pymortests/discretization.py" line="13" name="test_pickle[&lt;lambda&gt;4]" time="0.0004973411560058594"><skipped message="Suite splitting in effect" type="pytest.skip">src/pymortests/discretization.py:13: Suite splitting in effect</skipped></testcase><testcase classname="src.pymortests.discretization" file="src/pymortests/discretization.py" line="13" name="test_pickle[&lt;lambda&gt;5]" time="0.00045680999755859375"><skipped message="Suite splitting in effect" type="pytest.skip">src/pymortests/discretization.py:13: Suite splitting in effect</skipped></testcase><testcase classname="src.pymortests.discretization" file="src/pymortests/discretization.py" line="13" name="test_pickle[&lt;lambda&gt;6]" time="0.00047278404235839844"><skipped message="Suite splitting in effect" type="pytest.skip">src/pymortests/discretization.py:13: Suite splitting in effect</skipped></testcase><testcase classname="src.pymortests.discretization" file="src/pymortests/discretization.py" line="13" name="test_pickle[&lt;lambda&gt;7]" time="0.00043511390686035156"><skipped message="Suite splitting in effect" type="pytest.skip">src/pymortests/discretization.py:13: Suite splitting in effect</skipped></testcase><testcase classname="src.pymortests.discretization" file="src/pymortests/discretization.py" line="13" name="test_pickle[&lt;lambda&gt;8]" time="0.0005881786346435547"><skipped message="Suite splitting in effect" type="pytest.skip">src/pymortests/discretization.py:13: Suite splitting in effect</skipped></testcase><testcase classname="src.pymortests.discretization" file="src/pymortests/discretization.py" line="13" name="test_pickle[&lt;lambda&gt;9]" time="0.000560760498046875"><skipped message="Suite splitting in effect" type="pytest.skip">src/pymortests/discretization.py:13: Suite splitting in effect</skipped></testcase><testcase classname="src.pymortests.discretization" file="src/pymortests/discretization.py" line="13" name="test_pickle[&lt;lambda&gt;10]" time="0.0004978179931640625"><skipped message="Suite splitting in effect" type="pytest.skip">src/pymortests/discretization.py:13: Suite splitting in effect</skipped></testcase><testcase classname="src.pymortests.discretization" file="src/pymortests/discretization.py" line="13" name="test_pickle[&lt;lambda&gt;11]" time="0.0004870891571044922"><skipped message="Suite splitting in effect" type="pytest.skip">src/pymortests/discretization.py:13: Suite splitting in effect</skipped></testcase><testcase classname="src.pymortests.discretization" file="src/pymortests/discretization.py" line="13" name="test_pickle[&lt;lambda&gt;12]" time="0.0004978179931640625"><skipped message="Suite splitting in effect" type="pytest.skip">src/pymortests/discretization.py:13: Suite splitting in effect</skipped></testcase><testcase classname="src.pymortests.discretization" file="src/pymortests/discretization.py" line="13" name="test_pickle[&lt;lambda&gt;13]" time="0.0004563331604003906"><skipped message="Suite splitting in effect" type="pytest.skip">src/pymortests/discretization.py:13: Suite splitting in effect</skipped></testcase><testcase classname="src.pymortests.discretization" file="src/pymortests/discretization.py" line="13" name="test_pickle[&lt;lambda&gt;14]" time="0.0004680156707763672"><skipped message="Suite splitting in effect" type="pytest.skip">src/pymortests/discretization.py:13: Suite splitting in effect</skipped></testcase><testcase classname="src.pymortests.discretization" file="src/pymortests/discretization.py" line="13" name="test_pickle[&lt;lambda&gt;15]" time="0.0005095005035400391"><skipped message="Suite splitting in effect" type="pytest.skip">src/pymortests/discretization.py:13: Suite splitting in effect</skipped></testcase><testcase classname="src.pymortests.discretization" file="src/pymortests/discretization.py" line="13" name="test_pickle[&lt;lambda&gt;16]" time="0.0004277229309082031"><skipped message="Suite splitting in effect" type="pytest.skip">src/pymortests/discretization.py:13: Suite splitting in effect</skipped></testcase><testcase classname="src.pymortests.discretization" file="src/pymortests/discretization.py" line="13" name="test_pickle[&lt;lambda&gt;17]" time="0.0004677772521972656"><skipped message="Suite splitting in effect" type="pytest.skip">src/pymortests/discretization.py:13: Suite splitting in effect</skipped></testcase><testcase classname="src.pymortests.discretization" file="src/pymortests/discretization.py" line="13" name="test_pickle[&lt;lambda&gt;18]" time="0.0005035400390625"><skipped message="Suite splitting in effect" type="pytest.skip">src/pymortests/discretization.py:13: Suite splitting in effect</skipped></testcase><testcase classname="src.pymortests.discretization" file="src/pymortests/discretization.py" line="13" name="test_pickle[&lt;lambda&gt;19]" time="0.0004684925079345703"><skipped message="Suite splitting in effect" type="pytest.skip">src/pymortests/discretization.py:13: Suite splitting in effect</skipped></testcase><testcase classname="src.pymortests.discretization" file="src/pymortests/discretization.py" line="13" name="test_pickle[&lt;lambda&gt;20]" time="0.00046753883361816406"><skipped message="Suite splitting in effect" type="pytest.skip">src/pymortests/discretization.py:13: Suite splitting in effect</skipped></testcase><testcase classname="src.pymortests.discretization" file="src/pymortests/discretization.py" line="13" name="test_pickle[&lt;lambda&gt;21]" time="0.0004329681396484375"><skipped message="Suite splitting in effect" type="pytest.skip">src/pymortests/discretization.py:13: Suite splitting in effect</skipped></testcase><testcase classname="src.pymortests.discretization" file="src/pymortests/discretization.py" line="13" name="test_pickle[&lt;lambda&gt;22]" time="0.00046634674072265625"><skipped message="Suite splitting in effect" type="pytest.skip">src/pymortests/discretization.py:13: Suite splitting in effect</skipped></testcase><testcase classname="src.pymortests.discretization" file="src/pymortests/discretization.py" line="13" name="test_pickle[&lt;lambda&gt;23]" time="0.0004849433898925781"><skipped message="Suite splitting in effect" type="pytest.skip">src/pymortests/discretization.py:13: Suite splitting in effect</skipped></testcase><testcase classname="src.pymortests.discretization" file="src/pymortests/discretization.py" line="17" name="test_pickle_without_dumps_function[&lt;lambda&gt;0]" time="0.00046133995056152344"><skipped message="Suite splitting in effect" type="pytest.skip">src/pymortests/discretization.py:17: Suite splitting in effect</skipped></testcase><testcase classname="src.pymortests.discretization" file="src/pymortests/discretization.py" line="17" name="test_pickle_without_dumps_function[&lt;lambda&gt;1]" time="0.00045943260192871094"><skipped message="Suite splitting in effect" type="pytest.skip">src/pymortests/discretization.py:17: Suite splitting in effect</skipped></testcase><testcase classname="src.pymortests.discretization" file="src/pymortests/discretization.py" line="17" name="test_pickle_without_dumps_function[&lt;lambda&gt;2]" time="0.0004832744598388672"><skipped message="Suite splitting in effect" type="pytest.skip">src/pymortests/discretization.py:17: Suite splitting in effect</skipped></testcase><testcase classname="src.pymortests.discretization" file="src/pymortests/discretization.py" line="17" name="test_pickle_without_dumps_function[&lt;lambda&gt;3]" time="0.0004935264587402344"><skipped message="Suite splitting in effect" type="pytest.skip">src/pymortests/discretization.py:17: Suite splitting in effect</skipped></testcase><testcase classname="src.pymortests.discretization" file="src/pymortests/discretization.py" line="17" name="test_pickle_without_dumps_function[&lt;lambda&gt;4]" time="0.00047707557678222656"><skipped message="Suite splitting in effect" type="pytest.skip">src/pymortests/discretization.py:17: Suite splitting in effect</skipped></testcase><testcase classname="src.pymortests.discretization" file="src/pymortests/discretization.py" line="17" name="test_pickle_without_dumps_function[&lt;lambda&gt;5]" time="0.00048279762268066406"><skipped message="Suite splitting in effect" type="pytest.skip">src/pymortests/discretization.py:17: Suite splitting in effect</skipped></testcase><testcase classname="src.pymortests.discretization" file="src/pymortests/discretization.py" line="17" name="test_pickle_without_dumps_function[&lt;lambda&gt;6]" time="0.0004730224609375"><skipped message="Suite splitting in effect" type="pytest.skip">src/pymortests/discretization.py:17: Suite splitting in effect</skipped></testcase><testcase classname="src.pymortests.discretization" file="src/pymortests/discretization.py" line="17" name="test_pickle_without_dumps_function[&lt;lambda&gt;7]" time="0.0004699230194091797"><skipped message="Suite splitting in effect" type="pytest.skip">src/pymortests/discretization.py:17: Suite splitting in effect</skipped></testcase><testcase classname="src.pymortests.discretization" file="src/pymortests/discretization.py" line="17" name="test_pickle_without_dumps_function[&lt;lambda&gt;8]" time="0.00048232078552246094"><skipped message="Suite splitting in effect" type="pytest.skip">src/pymortests/discretization.py:17: Suite splitting in effect</skipped></testcase><testcase classname="src.pymortests.discretization" file="src/pymortests/discretization.py" line="17" name="test_pickle_without_dumps_function[&lt;lambda&gt;9]" time="0.00044798851013183594"><skipped message="Suite splitting in effect" type="pytest.skip">src/pymortests/discretization.py:17: Suite splitting in effect</skipped></testcase><testcase classname="src.pymortests.discretization" file="src/pymortests/discretization.py" line="17" name="test_pickle_without_dumps_function[&lt;lambda&gt;10]" time="0.0004169940948486328"><skipped message="Suite splitting in effect" type="pytest.skip">src/pymortests/discretization.py:17: Suite splitting in effect</skipped></testcase><testcase classname="src.pymortests.discretization" file="src/pymortests/discretization.py" line="17" name="test_pickle_without_dumps_function[&lt;lambda&gt;11]" time="0.00042939186096191406"><skipped message="Suite splitting in effect" type="pytest.skip">src/pymortests/discretization.py:17: Suite splitting in effect</skipped></testcase><testcase classname="src.pymortests.discretization" file="src/pymortests/discretization.py" line="17" name="test_pickle_without_dumps_function[&lt;lambda&gt;12]" time="0.0004673004150390625"><skipped message="Suite splitting in effect" type="pytest.skip">src/pymortests/discretization.py:17: Suite splitting in effect</skipped></testcase><testcase classname="src.pymortests.discretization" file="src/pymortests/discretization.py" line="17" name="test_pickle_without_dumps_function[&lt;lambda&gt;13]" time="0.0004444122314453125"><skipped message="Suite splitting in effect" type="pytest.skip">src/pymortests/discretization.py:17: Suite splitting in effect</skipped></testcase><testcase classname="src.pymortests.discretization" file="src/pymortests/discretization.py" line="17" name="test_pickle_without_dumps_function[&lt;lambda&gt;14]" time="0.0004527568817138672"><skipped message="Suite splitting in effect" type="pytest.skip">src/pymortests/discretization.py:17: Suite splitting in effect</skipped></testcase><testcase classname="src.pymortests.discretization" file="src/pymortests/discretization.py" line="17" name="test_pickle_without_dumps_function[&lt;lambda&gt;15]" time="0.0005061626434326172"><skipped message="Suite splitting in effect" type="pytest.skip">src/pymortests/discretization.py:17: Suite splitting in effect</skipped></testcase><testcase classname="src.pymortests.discretization" file="src/pymortests/discretization.py" line="17" name="test_pickle_without_dumps_function[&lt;lambda&gt;16]" time="0.0005009174346923828"><skipped message="Suite splitting in effect" type="pytest.skip">src/pymortests/discretization.py:17: Suite splitting in effect</skipped></testcase><testcase classname="src.pymortests.discretization" file="src/pymortests/discretization.py" line="17" name="test_pickle_without_dumps_function[&lt;lambda&gt;17]" time="0.0004420280456542969"><skipped message="Suite splitting in effect" type="pytest.skip">src/pymortests/discretization.py:17: Suite splitting in effect</skipped></testcase><testcase classname="src.pymortests.discretization" file="src/pymortests/discretization.py" line="17" name="test_pickle_without_dumps_function[&lt;lambda&gt;18]" time="0.00047850608825683594"><skipped message="Suite splitting in effect" type="pytest.skip">src/pymortests/discretization.py:17: Suite splitting in effect</skipped></testcase><testcase classname="src.pymortests.discretization" file="src/pymortests/discretization.py" line="17" name="test_pickle_without_dumps_function[&lt;lambda&gt;19]" time="0.0004343986511230469"><skipped message="Suite splitting in effect" type="pytest.skip">src/pymortests/discretization.py:17: Suite splitting in effect</skipped></testcase><testcase classname="src.pymortests.discretization" file="src/pymortests/discretization.py" line="17" name="test_pickle_without_dumps_function[&lt;lambda&gt;20]" time="0.0004737377166748047"><skipped message="Suite splitting in effect" type="pytest.skip">src/pymortests/discretization.py:17: Suite splitting in effect</skipped></testcase><testcase classname="src.pymortests.discretization" file="src/pymortests/discretization.py" line="17" name="test_pickle_without_dumps_function[&lt;lambda&gt;21]" time="0.0004863739013671875"><skipped message="Suite splitting in effect" type="pytest.skip">src/pymortests/discretization.py:17: Suite splitting in effect</skipped></testcase><testcase classname="src.pymortests.discretization" file="src/pymortests/discretization.py" line="21" name="test_pickle_by_solving[&lt;lambda&gt;0]" time="0.0005817413330078125"><skipped message="Suite splitting in effect" type="pytest.skip">src/pymortests/discretization.py:21: Suite splitting in effect</skipped></testcase><testcase classname="src.pymortests.discretization" file="src/pymortests/discretization.py" line="21" name="test_pickle_by_solving[&lt;lambda&gt;1]" time="0.00044155120849609375"><skipped message="Suite splitting in effect" type="pytest.skip">src/pymortests/discretization.py:21: Suite splitting in effect</skipped></testcase><testcase classname="src.pymortests.discretization" file="src/pymortests/discretization.py" line="21" name="test_pickle_by_solving[&lt;lambda&gt;2]" time="0.0004987716674804688"><skipped message="Suite splitting in effect" type="pytest.skip">src/pymortests/discretization.py:21: Suite splitting in effect</skipped></testcase><testcase classname="src.pymortests.discretization" file="src/pymortests/discretization.py" line="21" name="test_pickle_by_solving[&lt;lambda&gt;3]" time="0.0005078315734863281"><skipped message="Suite splitting in effect" type="pytest.skip">src/pymortests/discretization.py:21: Suite splitting in effect</skipped></testcase><testcase classname="src.pymortests.discretization" file="src/pymortests/discretization.py" line="21" name="test_pickle_by_solving[&lt;lambda&gt;4]" time="0.0004329681396484375"><skipped message="Suite splitting in effect" type="pytest.skip">src/pymortests/discretization.py:21: Suite splitting in effect</skipped></testcase><testcase classname="src.pymortests.discretization" file="src/pymortests/discretization.py" line="21" name="test_pickle_by_solving[&lt;lambda&gt;5]" time="0.0004372596740722656"><skipped message="Suite splitting in effect" type="pytest.skip">src/pymortests/discretization.py:21: Suite splitting in effect</skipped></testcase><testcase classname="src.pymortests.discretization" file="src/pymortests/discretization.py" line="21" name="test_pickle_by_solving[&lt;lambda&gt;6]" time="0.00042939186096191406"><skipped message="Suite splitting in effect" type="pytest.skip">src/pymortests/discretization.py:21: Suite splitting in effect</skipped></testcase><testcase classname="src.pymortests.discretization" file="src/pymortests/discretization.py" line="21" name="test_pickle_by_solving[&lt;lambda&gt;7]" time="0.00048351287841796875"><skipped message="Suite splitting in effect" type="pytest.skip">src/pymortests/discretization.py:21: Suite splitting in effect</skipped></testcase><testcase classname="src.pymortests.discretization" file="src/pymortests/discretization.py" line="21" name="test_pickle_by_solving[&lt;lambda&gt;8]" time="0.0004954338073730469"><skipped message="Suite splitting in effect" type="pytest.skip">src/pymortests/discretization.py:21: Suite splitting in effect</skipped></testcase><testcase classname="src.pymortests.discretization" file="src/pymortests/discretization.py" line="21" name="test_pickle_by_solving[&lt;lambda&gt;9]" time="0.0004401206970214844"><skipped message="Suite splitting in effect" type="pytest.skip">src/pymortests/discretization.py:21: Suite splitting in effect</skipped></testcase><testcase classname="src.pymortests.discretization" file="src/pymortests/discretization.py" line="21" name="test_pickle_by_solving[&lt;lambda&gt;10]" time="0.00047469139099121094"><skipped message="Suite splitting in effect" type="pytest.skip">src/pymortests/discretization.py:21: Suite splitting in effect</skipped></testcase><testcase classname="src.pymortests.discretization" file="src/pymortests/discretization.py" line="21" name="test_pickle_by_solving[&lt;lambda&gt;11]" time="0.00042724609375"><skipped message="Suite splitting in effect" type="pytest.skip">src/pymortests/discretization.py:21: Suite splitting in effect</skipped></testcase><testcase classname="src.pymortests.discretization" file="src/pymortests/discretization.py" line="21" name="test_pickle_by_solving[&lt;lambda&gt;12]" time="0.0005023479461669922"><skipped message="Suite splitting in effect" type="pytest.skip">src/pymortests/discretization.py:21: Suite splitting in effect</skipped></testcase><testcase classname="src.pymortests.discretization" file="src/pymortests/discretization.py" line="21" name="test_pickle_by_solving[&lt;lambda&gt;13]" time="0.0005154609680175781"><skipped message="Suite splitting in effect" type="pytest.skip">src/pymortests/discretization.py:21: Suite splitting in effect</skipped></testcase><testcase classname="src.pymortests.discretization" file="src/pymortests/discretization.py" line="21" name="test_pickle_by_solving[&lt;lambda&gt;14]" time="0.00043392181396484375"><skipped message="Suite splitting in effect" type="pytest.skip">src/pymortests/discretization.py:21: Suite splitting in effect</skipped></testcase><testcase classname="src.pymortests.discretization" file="src/pymortests/discretization.py" line="21" name="test_pickle_by_solving[&lt;lambda&gt;15]" time="0.0004317760467529297"><skipped message="Suite splitting in effect" type="pytest.skip">src/pymortests/discretization.py:21: Suite splitting in effect</skipped></testcase><testcase classname="src.pymortests.discretization" file="src/pymortests/discretization.py" line="21" name="test_pickle_by_solving[&lt;lambda&gt;16]" time="0.000514984130859375"><skipped message="Suite splitting in effect" type="pytest.skip">src/pymortests/discretization.py:21: Suite splitting in effect</skipped></testcase><testcase classname="src.pymortests.discretization" file="src/pymortests/discretization.py" line="21" name="test_pickle_by_solving[&lt;lambda&gt;17]" time="0.00044035911560058594"><skipped message="Suite splitting in effect" type="pytest.skip">src/pymortests/discretization.py:21: Suite splitting in effect</skipped></testcase><testcase classname="src.pymortests.discretization" file="src/pymortests/discretization.py" line="21" name="test_pickle_by_solving[&lt;lambda&gt;18]" time="0.0005216598510742188"><skipped message="Suite splitting in effect" type="pytest.skip">src/pymortests/discretization.py:21: Suite splitting in effect</skipped></testcase><testcase classname="src.pymortests.discretization" file="src/pymortests/discretization.py" line="21" name="test_pickle_by_solving[&lt;lambda&gt;19]" time="0.000476837158203125"><skipped message="Suite splitting in effect" type="pytest.skip">src/pymortests/discretization.py:21: Suite splitting in effect</skipped></testcase><testcase classname="src.pymortests.discretization" file="src/pymortests/discretization.py" line="21" name="test_pickle_by_solving[&lt;lambda&gt;20]" time="0.0004837512969970703"><skipped message="Suite splitting in effect" type="pytest.skip">src/pymortests/discretization.py:21: Suite splitting in effect</skipped></testcase><testcase classname="src.pymortests.discretization" file="src/pymortests/discretization.py" line="21" name="test_pickle_by_solving[&lt;lambda&gt;21]" time="0.00049591064453125"><skipped message="Suite splitting in effect" type="pytest.skip">src/pymortests/discretization.py:21: Suite splitting in effect</skipped></testcase><testcase classname="src.pymortests.discretization" file="src/pymortests/discretization.py" line="21" name="test_pickle_by_solving[&lt;lambda&gt;22]" time="0.0004680156707763672"><skipped message="Suite splitting in effect" type="pytest.skip">src/pymortests/discretization.py:21: Suite splitting in effect</skipped></testcase><testcase classname="src.pymortests.discretization" file="src/pymortests/discretization.py" line="21" name="test_pickle_by_solving[&lt;lambda&gt;23]" time="0.0004913806915283203"><skipped message="Suite splitting in effect" type="pytest.skip">src/pymortests/discretization.py:21: Suite splitting in effect</skipped></testcase><testcase classname="src.pymortests.function" file="src/pymortests/function.py" line="26" name="test_evaluate[function0]" time="0.0005080699920654297"><skipped message="Suite splitting in effect" type="pytest.skip">src/pymortests/function.py:26: Suite splitting in effect</skipped></testcase><testcase classname="src.pymortests.function" file="src/pymortests/function.py" line="26" name="test_evaluate[function1]" time="0.00045228004455566406"><skipped message="Suite splitting in effect" type="pytest.skip">src/pymortests/function.py:26: Suite splitting in effect</skipped></testcase><testcase classname="src.pymortests.function" file="src/pymortests/function.py" line="26" name="test_evaluate[function2]" time="0.0005118846893310547"><skipped message="Suite splitting in effect" type="pytest.skip">src/pymortests/function.py:26: Suite splitting in effect</skipped></testcase><testcase classname="src.pymortests.function" file="src/pymortests/function.py" line="26" name="test_evaluate[function3]" time="0.0005190372467041016"><skipped message="Suite splitting in effect" type="pytest.skip">src/pymortests/function.py:26: Suite splitting in effect</skipped></testcase><testcase classname="src.pymortests.function" file="src/pymortests/function.py" line="26" name="test_evaluate[function4]" time="0.0004596710205078125"><skipped message="Suite splitting in effect" type="pytest.skip">src/pymortests/function.py:26: Suite splitting in effect</skipped></testcase><testcase classname="src.pymortests.function" file="src/pymortests/function.py" line="26" name="test_evaluate[function5]" time="0.0004248619079589844"><skipped message="Suite splitting in effect" type="pytest.skip">src/pymortests/function.py:26: Suite splitting in effect</skipped></testcase><testcase classname="src.pymortests.function" file="src/pymortests/function.py" line="26" name="test_evaluate[function6]" time="0.0004570484161376953"><skipped message="Suite splitting in effect" type="pytest.skip">src/pymortests/function.py:26: Suite splitting in effect</skipped></testcase><testcase classname="src.pymortests.function" file="src/pymortests/function.py" line="26" name="test_evaluate[function7]" time="0.00048279762268066406"><skipped message="Suite splitting in effect" type="pytest.skip">src/pymortests/function.py:26: Suite splitting in effect</skipped></testcase><testcase classname="src.pymortests.function" file="src/pymortests/function.py" line="26" name="test_evaluate[function8]" time="0.0007853507995605469"><skipped message="Suite splitting in effect" type="pytest.skip">src/pymortests/function.py:26: Suite splitting in effect</skipped></testcase><testcase classname="src.pymortests.function" file="src/pymortests/function.py" line="26" name="test_evaluate[function9]" time="0.00042510032653808594"><skipped message="Suite splitting in effect" type="pytest.skip">src/pymortests/function.py:26: Suite splitting in effect</skipped></testcase><testcase classname="src.pymortests.function" file="src/pymortests/function.py" line="26" name="test_evaluate[function10]" time="0.0005033016204833984"><skipped message="Suite splitting in effect" type="pytest.skip">src/pymortests/function.py:26: Suite splitting in effect</skipped></testcase><testcase classname="src.pymortests.function" file="src/pymortests/function.py" line="26" name="test_evaluate[function11]" time="0.0005080699920654297"><skipped message="Suite splitting in effect" type="pytest.skip">src/pymortests/function.py:26: Suite splitting in effect</skipped></testcase><testcase classname="src.pymortests.function" file="src/pymortests/function.py" line="35" name="test_lincomb_function" time="0.0004677772521972656"><skipped message="Suite splitting in effect" type="pytest.skip">src/pymortests/function.py:35: Suite splitting in effect</skipped></testcase><testcase classname="src.pymortests.function" file="src/pymortests/function.py" line="58" name="test_pickle[function0]" time="0.0004961490631103516"><skipped message="Suite splitting in effect" type="pytest.skip">src/pymortests/function.py:58: Suite splitting in effect</skipped></testcase><testcase classname="src.pymortests.function" file="src/pymortests/function.py" line="58" name="test_pickle[function1]" time="0.00043511390686035156"><skipped message="Suite splitting in effect" type="pytest.skip">src/pymortests/function.py:58: Suite splitting in effect</skipped></testcase><testcase classname="src.pymortests.function" file="src/pymortests/function.py" line="58" name="test_pickle[function2]" time="0.0004763603210449219"><skipped message="Suite splitting in effect" type="pytest.skip">src/pymortests/function.py:58: Suite splitting in effect</skipped></testcase><testcase classname="src.pymortests.function" file="src/pymortests/function.py" line="58" name="test_pickle[function3]" time="0.0004985332489013672"><skipped message="Suite splitting in effect" type="pytest.skip">src/pymortests/function.py:58: Suite splitting in effect</skipped></testcase><testcase classname="src.pymortests.function" file="src/pymortests/function.py" line="58" name="test_pickle[function4]" time="0.00044918060302734375"><skipped message="Suite splitting in effect" type="pytest.skip">src/pymortests/function.py:58: Suite splitting in effect</skipped></testcase><testcase classname="src.pymortests.function" file="src/pymortests/function.py" line="58" name="test_pickle[function5]" time="0.0005249977111816406"><skipped message="Suite splitting in effect" type="pytest.skip">src/pymortests/function.py:58: Suite splitting in effect</skipped></testcase><testcase classname="src.pymortests.function" file="src/pymortests/function.py" line="58" name="test_pickle[function6]" time="0.00044465065002441406"><skipped message="Suite splitting in effect" type="pytest.skip">src/pymortests/function.py:58: Suite splitting in effect</skipped></testcase><testcase classname="src.pymortests.function" file="src/pymortests/function.py" line="58" name="test_pickle[function7]" time="0.00044655799865722656"><skipped message="Suite splitting in effect" type="pytest.skip">src/pymortests/function.py:58: Suite splitting in effect</skipped></testcase><testcase classname="src.pymortests.function" file="src/pymortests/function.py" line="58" name="test_pickle[function8]" time="0.0004749298095703125"><skipped message="Suite splitting in effect" type="pytest.skip">src/pymortests/function.py:58: Suite splitting in effect</skipped></testcase><testcase classname="src.pymortests.function" file="src/pymortests/function.py" line="58" name="test_pickle[function9]" time="0.00047659873962402344"><skipped message="Suite splitting in effect" type="pytest.skip">src/pymortests/function.py:58: Suite splitting in effect</skipped></testcase><testcase classname="src.pymortests.function" file="src/pymortests/function.py" line="58" name="test_pickle[function10]" time="0.0007989406585693359"><skipped message="Suite splitting in effect" type="pytest.skip">src/pymortests/function.py:58: Suite splitting in effect</skipped></testcase><testcase classname="src.pymortests.function" file="src/pymortests/function.py" line="58" name="test_pickle[function11]" time="0.0005042552947998047"><skipped message="Suite splitting in effect" type="pytest.skip">src/pymortests/function.py:58: Suite splitting in effect</skipped></testcase><testcase classname="src.pymortests.function" file="src/pymortests/function.py" line="62" name="test_pickle_without_dumps_function[picklable_function0]" time="0.0005033016204833984"><skipped message="Suite splitting in effect" type="pytest.skip">src/pymortests/function.py:62: Suite splitting in effect</skipped></testcase><testcase classname="src.pymortests.function" file="src/pymortests/function.py" line="62" name="test_pickle_without_dumps_function[picklable_function1]" time="0.0004715919494628906"><skipped message="Suite splitting in effect" type="pytest.skip">src/pymortests/function.py:62: Suite splitting in effect</skipped></testcase><testcase classname="src.pymortests.function" file="src/pymortests/function.py" line="62" name="test_pickle_without_dumps_function[picklable_function2]" time="0.0004734992980957031"><skipped message="Suite splitting in effect" type="pytest.skip">src/pymortests/function.py:62: Suite splitting in effect</skipped></testcase><testcase classname="src.pymortests.function" file="src/pymortests/function.py" line="62" name="test_pickle_without_dumps_function[picklable_function3]" time="0.0005166530609130859"><skipped message="Suite splitting in effect" type="pytest.skip">src/pymortests/function.py:62: Suite splitting in effect</skipped></testcase><testcase classname="src.pymortests.function" file="src/pymortests/function.py" line="62" name="test_pickle_without_dumps_function[picklable_function4]" time="0.0004928112030029297"><skipped message="Suite splitting in effect" type="pytest.skip">src/pymortests/function.py:62: Suite splitting in effect</skipped></testcase><testcase classname="src.pymortests.function" file="src/pymortests/function.py" line="62" name="test_pickle_without_dumps_function[picklable_function5]" time="0.0004563331604003906"><skipped message="Suite splitting in effect" type="pytest.skip">src/pymortests/function.py:62: Suite splitting in effect</skipped></testcase><testcase classname="src.pymortests.function" file="src/pymortests/function.py" line="62" name="test_pickle_without_dumps_function[picklable_function6]" time="0.0004367828369140625"><skipped message="Suite splitting in effect" type="pytest.skip">src/pymortests/function.py:62: Suite splitting in effect</skipped></testcase><testcase classname="src.pymortests.function" file="src/pymortests/function.py" line="62" name="test_pickle_without_dumps_function[picklable_function7]" time="0.0005178451538085938"><skipped message="Suite splitting in effect" type="pytest.skip">src/pymortests/function.py:62: Suite splitting in effect</skipped></testcase><testcase classname="src.pymortests.function" file="src/pymortests/function.py" line="66" name="test_pickle_by_evaluation[function0]" time="0.0005400180816650391"><skipped message="Suite splitting in effect" type="pytest.skip">src/pymortests/function.py:66: Suite splitting in effect</skipped></testcase><testcase classname="src.pymortests.function" file="src/pymortests/function.py" line="66" name="test_pickle_by_evaluation[function1]" time="0.0004467964172363281"><skipped message="Suite splitting in effect" type="pytest.skip">src/pymortests/function.py:66: Suite splitting in effect</skipped></testcase><testcase classname="src.pymortests.function" file="src/pymortests/function.py" line="66" name="test_pickle_by_evaluation[function2]" time="0.000583648681640625"><skipped message="Suite splitting in effect" type="pytest.skip">src/pymortests/function.py:66: Suite splitting in effect</skipped></testcase><testcase classname="src.pymortests.function" file="src/pymortests/function.py" line="66" name="test_pickle_by_evaluation[function3]" time="0.0004467964172363281"><skipped message="Suite splitting in effect" type="pytest.skip">src/pymortests/function.py:66: Suite splitting in effect</skipped></testcase><testcase classname="src.pymortests.function" file="src/pymortests/function.py" line="66" name="test_pickle_by_evaluation[function4]" time="0.0004749298095703125"><skipped message="Suite splitting in effect" type="pytest.skip">src/pymortests/function.py:66: Suite splitting in effect</skipped></testcase><testcase classname="src.pymortests.function" file="src/pymortests/function.py" line="66" name="test_pickle_by_evaluation[function5]" time="0.0005228519439697266"><skipped message="Suite splitting in effect" type="pytest.skip">src/pymortests/function.py:66: Suite splitting in effect</skipped></testcase><testcase classname="src.pymortests.function" file="src/pymortests/function.py" line="66" name="test_pickle_by_evaluation[function6]" time="0.0009105205535888672"><skipped message="Suite splitting in effect" type="pytest.skip">src/pymortests/function.py:66: Suite splitting in effect</skipped></testcase><testcase classname="src.pymortests.function" file="src/pymortests/function.py" line="66" name="test_pickle_by_evaluation[function7]" time="0.0005037784576416016"><skipped message="Suite splitting in effect" type="pytest.skip">src/pymortests/function.py:66: Suite splitting in effect</skipped></testcase><testcase classname="src.pymortests.function" file="src/pymortests/function.py" line="66" name="test_pickle_by_evaluation[function8]" time="0.0004999637603759766"><skipped message="Suite splitting in effect" type="pytest.skip">src/pymortests/function.py:66: Suite splitting in effect</skipped></testcase><testcase classname="src.pymortests.function" file="src/pymortests/function.py" line="66" name="test_pickle_by_evaluation[function9]" time="0.00045752525329589844"><skipped message="Suite splitting in effect" type="pytest.skip">src/pymortests/function.py:66: Suite splitting in effect</skipped></testcase><testcase classname="src.pymortests.function" file="src/pymortests/function.py" line="66" name="test_pickle_by_evaluation[function10]" time="0.0004696846008300781"><skipped message="Suite splitting in effect" type="pytest.skip">src/pymortests/function.py:66: Suite splitting in effect</skipped></testcase><testcase classname="src.pymortests.function" file="src/pymortests/function.py" line="66" name="test_pickle_by_evaluation[function11]" time="0.00048661231994628906"><skipped message="Suite splitting in effect" type="pytest.skip">src/pymortests/function.py:66: Suite splitting in effect</skipped></testcase><testcase classname="src.pymortests.grid" file="src/pymortests/grid.py" line="28" name="test_dim[&lt;lambda&gt;0]" time="0.0005583763122558594"><skipped message="Suite splitting in effect" type="pytest.skip">src/pymortests/grid.py:28: Suite splitting in effect</skipped></testcase><testcase classname="src.pymortests.grid" file="src/pymortests/grid.py" line="28" name="test_dim[&lt;lambda&gt;1]" time="0.0004241466522216797"><skipped message="Suite splitting in effect" type="pytest.skip">src/pymortests/grid.py:28: Suite splitting in effect</skipped></testcase><testcase classname="src.pymortests.grid" file="src/pymortests/grid.py" line="28" name="test_dim[&lt;lambda&gt;2]" time="0.00040984153747558594"><skipped message="Suite splitting in effect" type="pytest.skip">src/pymortests/grid.py:28: Suite splitting in effect</skipped></testcase><testcase classname="src.pymortests.grid" file="src/pymortests/grid.py" line="28" name="test_dim[&lt;lambda&gt;3]" time="0.0004277229309082031"><skipped message="Suite splitting in effect" type="pytest.skip">src/pymortests/grid.py:28: Suite splitting in effect</skipped></testcase><testcase classname="src.pymortests.grid" file="src/pymortests/grid.py" line="28" name="test_dim[&lt;lambda&gt;4]" time="0.00044155120849609375"><skipped message="Suite splitting in effect" type="pytest.skip">src/pymortests/grid.py:28: Suite splitting in effect</skipped></testcase><testcase classname="src.pymortests.grid" file="src/pymortests/grid.py" line="28" name="test_dim[&lt;lambda&gt;5]" time="0.00048613548278808594"><skipped message="Suite splitting in effect" type="pytest.skip">src/pymortests/grid.py:28: Suite splitting in effect</skipped></testcase><testcase classname="src.pymortests.grid" file="src/pymortests/grid.py" line="28" name="test_dim[&lt;lambda&gt;6]" time="0.0004975795745849609"><skipped message="Suite splitting in effect" type="pytest.skip">src/pymortests/grid.py:28: Suite splitting in effect</skipped></testcase><testcase classname="src.pymortests.grid" file="src/pymortests/grid.py" line="28" name="test_dim[&lt;lambda&gt;7]" time="0.0004570484161376953"><skipped message="Suite splitting in effect" type="pytest.skip">src/pymortests/grid.py:28: Suite splitting in effect</skipped></testcase><testcase classname="src.pymortests.grid" file="src/pymortests/grid.py" line="28" name="test_dim[&lt;lambda&gt;8]" time="0.00042891502380371094"><skipped message="Suite splitting in effect" type="pytest.skip">src/pymortests/grid.py:28: Suite splitting in effect</skipped></testcase><testcase classname="src.pymortests.grid" file="src/pymortests/grid.py" line="28" name="test_dim[&lt;lambda&gt;9]" time="0.00043582916259765625"><skipped message="Suite splitting in effect" type="pytest.skip">src/pymortests/grid.py:28: Suite splitting in effect</skipped></testcase><testcase classname="src.pymortests.grid" file="src/pymortests/grid.py" line="28" name="test_dim[&lt;lambda&gt;10]" time="0.00047659873962402344"><skipped message="Suite splitting in effect" type="pytest.skip">src/pymortests/grid.py:28: Suite splitting in effect</skipped></testcase><testcase classname="src.pymortests.grid" file="src/pymortests/grid.py" line="28" name="test_dim[&lt;lambda&gt;11]" time="0.0005156993865966797"><skipped message="Suite splitting in effect" type="pytest.skip">src/pymortests/grid.py:28: Suite splitting in effect</skipped></testcase><testcase classname="src.pymortests.grid" file="src/pymortests/grid.py" line="28" name="test_dim[&lt;lambda&gt;12]" time="0.0004317760467529297"><skipped message="Suite splitting in effect" type="pytest.skip">src/pymortests/grid.py:28: Suite splitting in effect</skipped></testcase><testcase classname="src.pymortests.grid" file="src/pymortests/grid.py" line="28" name="test_dim[&lt;lambda&gt;13]" time="0.0004696846008300781"><skipped message="Suite splitting in effect" type="pytest.skip">src/pymortests/grid.py:28: Suite splitting in effect</skipped></testcase><testcase classname="src.pymortests.grid" file="src/pymortests/grid.py" line="28" name="test_dim[&lt;lambda&gt;14]" time="0.0004949569702148438"><skipped message="Suite splitting in effect" type="pytest.skip">src/pymortests/grid.py:28: Suite splitting in effect</skipped></testcase><testcase classname="src.pymortests.grid" file="src/pymortests/grid.py" line="28" name="test_dim[&lt;lambda&gt;15]" time="0.0004591941833496094"><skipped message="Suite splitting in effect" type="pytest.skip">src/pymortests/grid.py:28: Suite splitting in effect</skipped></testcase><testcase classname="src.pymortests.grid" file="src/pymortests/grid.py" line="28" name="test_dim[&lt;lambda&gt;16]" time="0.0004949569702148438"><skipped message="Suite splitting in effect" type="pytest.skip">src/pymortests/grid.py:28: Suite splitting in effect</skipped></testcase><testcase classname="src.pymortests.grid" file="src/pymortests/grid.py" line="28" name="test_dim[&lt;lambda&gt;17]" time="0.0004215240478515625"><skipped message="Suite splitting in effect" type="pytest.skip">src/pymortests/grid.py:28: Suite splitting in effect</skipped></testcase><testcase classname="src.pymortests.grid" file="src/pymortests/grid.py" line="28" name="test_dim[&lt;lambda&gt;18]" time="0.0004475116729736328"><skipped message="Suite splitting in effect" type="pytest.skip">src/pymortests/grid.py:28: Suite splitting in effect</skipped></testcase><testcase classname="src.pymortests.grid" file="src/pymortests/grid.py" line="28" name="test_dim[&lt;lambda&gt;19]" time="0.0004324913024902344"><skipped message="Suite splitting in effect" type="pytest.skip">src/pymortests/grid.py:28: Suite splitting in effect</skipped></testcase><testcase classname="src.pymortests.grid" file="src/pymortests/grid.py" line="28" name="test_dim[&lt;lambda&gt;20]" time="0.0004372596740722656"><skipped message="Suite splitting in effect" type="pytest.skip">src/pymortests/grid.py:28: Suite splitting in effect</skipped></testcase><testcase classname="src.pymortests.grid" file="src/pymortests/grid.py" line="28" name="test_dim[&lt;lambda&gt;21]" time="0.0005271434783935547"><skipped message="Suite splitting in effect" type="pytest.skip">src/pymortests/grid.py:28: Suite splitting in effect</skipped></testcase><testcase classname="src.pymortests.grid" file="src/pymortests/grid.py" line="28" name="test_dim[&lt;lambda&gt;22]" time="0.0005288124084472656"><skipped message="Suite splitting in effect" type="pytest.skip">src/pymortests/grid.py:28: Suite splitting in effect</skipped></testcase><testcase classname="src.pymortests.grid" file="src/pymortests/grid.py" line="28" name="test_dim[&lt;lambda&gt;23]" time="0.000461578369140625"><skipped message="Suite splitting in effect" type="pytest.skip">src/pymortests/grid.py:28: Suite splitting in effect</skipped></testcase><testcase classname="src.pymortests.grid" file="src/pymortests/grid.py" line="28" name="test_dim[&lt;lambda&gt;24]" time="0.0004963874816894531"><skipped message="Suite splitting in effect" type="pytest.skip">src/pymortests/grid.py:28: Suite splitting in effect</skipped></testcase><testcase classname="src.pymortests.grid" file="src/pymortests/grid.py" line="28" name="test_dim[&lt;lambda&gt;25]" time="0.0004649162292480469"><skipped message="Suite splitting in effect" type="pytest.skip">src/pymortests/grid.py:28: Suite splitting in effect</skipped></testcase><testcase classname="src.pymortests.grid" file="src/pymortests/grid.py" line="28" name="test_dim[&lt;lambda&gt;26]" time="0.00047278404235839844"><skipped message="Suite splitting in effect" type="pytest.skip">src/pymortests/grid.py:28: Suite splitting in effect</skipped></testcase><testcase classname="src.pymortests.grid" file="src/pymortests/grid.py" line="28" name="test_dim[&lt;lambda&gt;27]" time="0.00048351287841796875"><skipped message="Suite splitting in effect" type="pytest.skip">src/pymortests/grid.py:28: Suite splitting in effect</skipped></testcase><testcase classname="src.pymortests.grid" file="src/pymortests/grid.py" line="28" name="test_dim[&lt;lambda&gt;28]" time="0.0005424022674560547"><skipped message="Suite splitting in effect" type="pytest.skip">src/pymortests/grid.py:28: Suite splitting in effect</skipped></testcase><testcase classname="src.pymortests.grid" file="src/pymortests/grid.py" line="28" name="test_dim[&lt;lambda&gt;29]" time="0.0004661083221435547"><skipped message="Suite splitting in effect" type="pytest.skip">src/pymortests/grid.py:28: Suite splitting in effect</skipped></testcase><testcase classname="src.pymortests.grid" file="src/pymortests/grid.py" line="28" name="test_dim[&lt;lambda&gt;30]" time="0.0005190372467041016"><skipped message="Suite splitting in effect" type="pytest.skip">src/pymortests/grid.py:28: Suite splitting in effect</skipped></testcase><testcase classname="src.pymortests.grid" file="src/pymortests/grid.py" line="28" name="test_dim[&lt;lambda&gt;31]" time="0.00043582916259765625"><skipped message="Suite splitting in effect" type="pytest.skip">src/pymortests/grid.py:28: Suite splitting in effect</skipped></testcase><testcase classname="src.pymortests.grid" file="src/pymortests/grid.py" line="28" name="test_dim[&lt;lambda&gt;32]" time="0.0004749298095703125"><skipped message="Suite splitting in effect" type="pytest.skip">src/pymortests/grid.py:28: Suite splitting in effect</skipped></testcase><testcase classname="src.pymortests.grid" file="src/pymortests/grid.py" line="28" name="test_dim[&lt;lambda&gt;33]" time="0.0005078315734863281"><skipped message="Suite splitting in effect" type="pytest.skip">src/pymortests/grid.py:28: Suite splitting in effect</skipped></testcase><testcase classname="src.pymortests.grid" file="src/pymortests/grid.py" line="28" name="test_dim[&lt;lambda&gt;34]" time="0.0004992485046386719"><skipped message="Suite splitting in effect" type="pytest.skip">src/pymortests/grid.py:28: Suite splitting in effect</skipped></testcase><testcase classname="src.pymortests.grid" file="src/pymortests/grid.py" line="28" name="test_dim[&lt;lambda&gt;35]" time="0.00047206878662109375"><skipped message="Suite splitting in effect" type="pytest.skip">src/pymortests/grid.py:28: Suite splitting in effect</skipped></testcase><testcase classname="src.pymortests.grid" file="src/pymortests/grid.py" line="28" name="test_dim[&lt;lambda&gt;36]" time="0.0005078315734863281"><skipped message="Suite splitting in effect" type="pytest.skip">src/pymortests/grid.py:28: Suite splitting in effect</skipped></testcase><testcase classname="src.pymortests.grid" file="src/pymortests/grid.py" line="28" name="test_dim[&lt;lambda&gt;37]" time="0.0005125999450683594"><skipped message="Suite splitting in effect" type="pytest.skip">src/pymortests/grid.py:28: Suite splitting in effect</skipped></testcase><testcase classname="src.pymortests.grid" file="src/pymortests/grid.py" line="28" name="test_dim[&lt;lambda&gt;38]" time="0.0004680156707763672"><skipped message="Suite splitting in effect" type="pytest.skip">src/pymortests/grid.py:28: Suite splitting in effect</skipped></testcase><testcase classname="src.pymortests.grid" file="src/pymortests/grid.py" line="28" name="test_dim[&lt;lambda&gt;39]" time="0.0005018711090087891"><skipped message="Suite splitting in effect" type="pytest.skip">src/pymortests/grid.py:28: Suite splitting in effect</skipped></testcase><testcase classname="src.pymortests.grid" file="src/pymortests/grid.py" line="28" name="test_dim[&lt;lambda&gt;40]" time="0.0004534721374511719"><skipped message="Suite splitting in effect" type="pytest.skip">src/pymortests/grid.py:28: Suite splitting in effect</skipped></testcase><testcase classname="src.pymortests.grid" file="src/pymortests/grid.py" line="28" name="test_dim[&lt;lambda&gt;41]" time="0.000484466552734375"><skipped message="Suite splitting in effect" type="pytest.skip">src/pymortests/grid.py:28: Suite splitting in effect</skipped></testcase><testcase classname="src.pymortests.grid" file="src/pymortests/grid.py" line="28" name="test_dim[&lt;lambda&gt;42]" time="0.0005764961242675781"><skipped message="Suite splitting in effect" type="pytest.skip">src/pymortests/grid.py:28: Suite splitting in effect</skipped></testcase><testcase classname="src.pymortests.grid" file="src/pymortests/grid.py" line="34" name="test_size[&lt;lambda&gt;0]" time="0.0004372596740722656"><skipped message="Suite splitting in effect" type="pytest.skip">src/pymortests/grid.py:34: Suite splitting in effect</skipped></testcase><testcase classname="src.pymortests.grid" file="src/pymortests/grid.py" line="34" name="test_size[&lt;lambda&gt;1]" time="0.0004296302795410156"><skipped message="Suite splitting in effect" type="pytest.skip">src/pymortests/grid.py:34: Suite splitting in effect</skipped></testcase><testcase classname="src.pymortests.grid" file="src/pymortests/grid.py" line="34" name="test_size[&lt;lambda&gt;2]" time="0.0005333423614501953"><skipped message="Suite splitting in effect" type="pytest.skip">src/pymortests/grid.py:34: Suite splitting in effect</skipped></testcase><testcase classname="src.pymortests.grid" file="src/pymortests/grid.py" line="34" name="test_size[&lt;lambda&gt;3]" time="0.0004949569702148438"><skipped message="Suite splitting in effect" type="pytest.skip">src/pymortests/grid.py:34: Suite splitting in effect</skipped></testcase><testcase classname="src.pymortests.grid" file="src/pymortests/grid.py" line="34" name="test_size[&lt;lambda&gt;4]" time="0.00047850608825683594"><skipped message="Suite splitting in effect" type="pytest.skip">src/pymortests/grid.py:34: Suite splitting in effect</skipped></testcase><testcase classname="src.pymortests.grid" file="src/pymortests/grid.py" line="34" name="test_size[&lt;lambda&gt;5]" time="0.0005433559417724609"><skipped message="Suite splitting in effect" type="pytest.skip">src/pymortests/grid.py:34: Suite splitting in effect</skipped></testcase><testcase classname="src.pymortests.grid" file="src/pymortests/grid.py" line="34" name="test_size[&lt;lambda&gt;6]" time="0.00045013427734375"><skipped message="Suite splitting in effect" type="pytest.skip">src/pymortests/grid.py:34: Suite splitting in effect</skipped></testcase><testcase classname="src.pymortests.grid" file="src/pymortests/grid.py" line="34" name="test_size[&lt;lambda&gt;7]" time="0.0004355907440185547"><skipped message="Suite splitting in effect" type="pytest.skip">src/pymortests/grid.py:34: Suite splitting in effect</skipped></testcase><testcase classname="src.pymortests.grid" file="src/pymortests/grid.py" line="34" name="test_size[&lt;lambda&gt;8]" time="0.0004799365997314453"><skipped message="Suite splitting in effect" type="pytest.skip">src/pymortests/grid.py:34: Suite splitting in effect</skipped></testcase><testcase classname="src.pymortests.grid" file="src/pymortests/grid.py" line="34" name="test_size[&lt;lambda&gt;9]" time="0.0005328655242919922"><skipped message="Suite splitting in effect" type="pytest.skip">src/pymortests/grid.py:34: Suite splitting in effect</skipped></testcase><testcase classname="src.pymortests.grid" file="src/pymortests/grid.py" line="34" name="test_size[&lt;lambda&gt;10]" time="0.0005114078521728516"><skipped message="Suite splitting in effect" type="pytest.skip">src/pymortests/grid.py:34: Suite splitting in effect</skipped></testcase><testcase classname="src.pymortests.grid" file="src/pymortests/grid.py" line="34" name="test_size[&lt;lambda&gt;11]" time="0.0004582405090332031"><skipped message="Suite splitting in effect" type="pytest.skip">src/pymortests/grid.py:34: Suite splitting in effect</skipped></testcase><testcase classname="src.pymortests.grid" file="src/pymortests/grid.py" line="34" name="test_size[&lt;lambda&gt;12]" time="0.0005013942718505859"><skipped message="Suite splitting in effect" type="pytest.skip">src/pymortests/grid.py:34: Suite splitting in effect</skipped></testcase><testcase classname="src.pymortests.grid" file="src/pymortests/grid.py" line="34" name="test_size[&lt;lambda&gt;13]" time="0.0004363059997558594"><skipped message="Suite splitting in effect" type="pytest.skip">src/pymortests/grid.py:34: Suite splitting in effect</skipped></testcase><testcase classname="src.pymortests.grid" file="src/pymortests/grid.py" line="34" name="test_size[&lt;lambda&gt;14]" time="0.0004923343658447266"><skipped message="Suite splitting in effect" type="pytest.skip">src/pymortests/grid.py:34: Suite splitting in effect</skipped></testcase><testcase classname="src.pymortests.grid" file="src/pymortests/grid.py" line="34" name="test_size[&lt;lambda&gt;15]" time="0.0005497932434082031"><skipped message="Suite splitting in effect" type="pytest.skip">src/pymortests/grid.py:34: Suite splitting in effect</skipped></testcase><testcase classname="src.pymortests.grid" file="src/pymortests/grid.py" line="34" name="test_size[&lt;lambda&gt;16]" time="0.0005035400390625"><skipped message="Suite splitting in effect" type="pytest.skip">src/pymortests/grid.py:34: Suite splitting in effect</skipped></testcase><testcase classname="src.pymortests.grid" file="src/pymortests/grid.py" line="34" name="test_size[&lt;lambda&gt;17]" time="0.0004591941833496094"><skipped message="Suite splitting in effect" type="pytest.skip">src/pymortests/grid.py:34: Suite splitting in effect</skipped></testcase><testcase classname="src.pymortests.grid" file="src/pymortests/grid.py" line="34" name="test_size[&lt;lambda&gt;18]" time="0.0004811286926269531"><skipped message="Suite splitting in effect" type="pytest.skip">src/pymortests/grid.py:34: Suite splitting in effect</skipped></testcase><testcase classname="src.pymortests.grid" file="src/pymortests/grid.py" line="34" name="test_size[&lt;lambda&gt;19]" time="0.0005044937133789062"><skipped message="Suite splitting in effect" type="pytest.skip">src/pymortests/grid.py:34: Suite splitting in effect</skipped></testcase><testcase classname="src.pymortests.grid" file="src/pymortests/grid.py" line="34" name="test_size[&lt;lambda&gt;20]" time="0.0004601478576660156"><skipped message="Suite splitting in effect" type="pytest.skip">src/pymortests/grid.py:34: Suite splitting in effect</skipped></testcase><testcase classname="src.pymortests.grid" file="src/pymortests/grid.py" line="34" name="test_size[&lt;lambda&gt;21]" time="0.0005223751068115234"><skipped message="Suite splitting in effect" type="pytest.skip">src/pymortests/grid.py:34: Suite splitting in effect</skipped></testcase><testcase classname="src.pymortests.grid" file="src/pymortests/grid.py" line="34" name="test_size[&lt;lambda&gt;22]" time="0.0004487037658691406"><skipped message="Suite splitting in effect" type="pytest.skip">src/pymortests/grid.py:34: Suite splitting in effect</skipped></testcase><testcase classname="src.pymortests.grid" file="src/pymortests/grid.py" line="34" name="test_size[&lt;lambda&gt;23]" time="0.0007946491241455078"><skipped message="Suite splitting in effect" type="pytest.skip">src/pymortests/grid.py:34: Suite splitting in effect</skipped></testcase><testcase classname="src.pymortests.grid" file="src/pymortests/grid.py" line="34" name="test_size[&lt;lambda&gt;24]" time="0.0005254745483398438"><skipped message="Suite splitting in effect" type="pytest.skip">src/pymortests/grid.py:34: Suite splitting in effect</skipped></testcase><testcase classname="src.pymortests.grid" file="src/pymortests/grid.py" line="34" name="test_size[&lt;lambda&gt;25]" time="0.0005171298980712891"><skipped message="Suite splitting in effect" type="pytest.skip">src/pymortests/grid.py:34: Suite splitting in effect</skipped></testcase><testcase classname="src.pymortests.grid" file="src/pymortests/grid.py" line="34" name="test_size[&lt;lambda&gt;26]" time="0.0005755424499511719"><skipped message="Suite splitting in effect" type="pytest.skip">src/pymortests/grid.py:34: Suite splitting in effect</skipped></testcase><testcase classname="src.pymortests.grid" file="src/pymortests/grid.py" line="34" name="test_size[&lt;lambda&gt;27]" time="0.0005295276641845703"><skipped message="Suite splitting in effect" type="pytest.skip">src/pymortests/grid.py:34: Suite splitting in effect</skipped></testcase><testcase classname="src.pymortests.grid" file="src/pymortests/grid.py" line="34" name="test_size[&lt;lambda&gt;28]" time="0.0005285739898681641"><skipped message="Suite splitting in effect" type="pytest.skip">src/pymortests/grid.py:34: Suite splitting in effect</skipped></testcase><testcase classname="src.pymortests.grid" file="src/pymortests/grid.py" line="34" name="test_size[&lt;lambda&gt;29]" time="0.00045800209045410156"><skipped message="Suite splitting in effect" type="pytest.skip">src/pymortests/grid.py:34: Suite splitting in effect</skipped></testcase><testcase classname="src.pymortests.grid" file="src/pymortests/grid.py" line="34" name="test_size[&lt;lambda&gt;30]" time="0.0004956722259521484"><skipped message="Suite splitting in effect" type="pytest.skip">src/pymortests/grid.py:34: Suite splitting in effect</skipped></testcase><testcase classname="src.pymortests.grid" file="src/pymortests/grid.py" line="34" name="test_size[&lt;lambda&gt;31]" time="0.0004918575286865234"><skipped message="Suite splitting in effect" type="pytest.skip">src/pymortests/grid.py:34: Suite splitting in effect</skipped></testcase><testcase classname="src.pymortests.grid" file="src/pymortests/grid.py" line="34" name="test_size[&lt;lambda&gt;32]" time="0.0005002021789550781"><skipped message="Suite splitting in effect" type="pytest.skip">src/pymortests/grid.py:34: Suite splitting in effect</skipped></testcase><testcase classname="src.pymortests.grid" file="src/pymortests/grid.py" line="34" name="test_size[&lt;lambda&gt;33]" time="0.0004563331604003906"><skipped message="Suite splitting in effect" type="pytest.skip">src/pymortests/grid.py:34: Suite splitting in effect</skipped></testcase><testcase classname="src.pymortests.grid" file="src/pymortests/grid.py" line="34" name="test_size[&lt;lambda&gt;34]" time="0.0004220008850097656"><skipped message="Suite splitting in effect" type="pytest.skip">src/pymortests/grid.py:34: Suite splitting in effect</skipped></testcase><testcase classname="src.pymortests.grid" file="src/pymortests/grid.py" line="34" name="test_size[&lt;lambda&gt;35]" time="0.0004837512969970703"><skipped message="Suite splitting in effect" type="pytest.skip">src/pymortests/grid.py:34: Suite splitting in effect</skipped></testcase><testcase classname="src.pymortests.grid" file="src/pymortests/grid.py" line="34" name="test_size[&lt;lambda&gt;36]" time="0.00048065185546875"><skipped message="Suite splitting in effect" type="pytest.skip">src/pymortests/grid.py:34: Suite splitting in effect</skipped></testcase><testcase classname="src.pymortests.grid" file="src/pymortests/grid.py" line="34" name="test_size[&lt;lambda&gt;37]" time="0.0004372596740722656"><skipped message="Suite splitting in effect" type="pytest.skip">src/pymortests/grid.py:34: Suite splitting in effect</skipped></testcase><testcase classname="src.pymortests.grid" file="src/pymortests/grid.py" line="34" name="test_size[&lt;lambda&gt;38]" time="0.0014019012451171875"><skipped message="Suite splitting in effect" type="pytest.skip">src/pymortests/grid.py:34: Suite splitting in effect</skipped></testcase><testcase classname="src.pymortests.grid" file="src/pymortests/grid.py" line="34" name="test_size[&lt;lambda&gt;39]" time="0.0005605220794677734"><skipped message="Suite splitting in effect" type="pytest.skip">src/pymortests/grid.py:34: Suite splitting in effect</skipped></testcase><testcase classname="src.pymortests.grid" file="src/pymortests/grid.py" line="34" name="test_size[&lt;lambda&gt;40]" time="0.0004527568817138672"><skipped message="Suite splitting in effect" type="pytest.skip">src/pymortests/grid.py:34: Suite splitting in effect</skipped></testcase><testcase classname="src.pymortests.grid" file="src/pymortests/grid.py" line="34" name="test_size[&lt;lambda&gt;41]" time="0.00048160552978515625"><skipped message="Suite splitting in effect" type="pytest.skip">src/pymortests/grid.py:34: Suite splitting in effect</skipped></testcase><testcase classname="src.pymortests.grid" file="src/pymortests/grid.py" line="34" name="test_size[&lt;lambda&gt;42]" time="0.0004930496215820312"><skipped message="Suite splitting in effect" type="pytest.skip">src/pymortests/grid.py:34: Suite splitting in effect</skipped></testcase><testcase classname="src.pymortests.grid" file="src/pymortests/grid.py" line="44" name="test_subentities_wrong_arguments[&lt;lambda&gt;0]" time="0.0004737377166748047"><skipped message="Suite splitting in effect" type="pytest.skip">src/pymortests/grid.py:44: Suite splitting in effect</skipped></testcase><testcase classname="src.pymortests.grid" file="src/pymortests/grid.py" line="44" name="test_subentities_wrong_arguments[&lt;lambda&gt;1]" time="0.00044155120849609375"><skipped message="Suite splitting in effect" type="pytest.skip">src/pymortests/grid.py:44: Suite splitting in effect</skipped></testcase><testcase classname="src.pymortests.grid" file="src/pymortests/grid.py" line="44" name="test_subentities_wrong_arguments[&lt;lambda&gt;2]" time="0.000446319580078125"><skipped message="Suite splitting in effect" type="pytest.skip">src/pymortests/grid.py:44: Suite splitting in effect</skipped></testcase><testcase classname="src.pymortests.grid" file="src/pymortests/grid.py" line="44" name="test_subentities_wrong_arguments[&lt;lambda&gt;3]" time="0.0008084774017333984"><skipped message="Suite splitting in effect" type="pytest.skip">src/pymortests/grid.py:44: Suite splitting in effect</skipped></testcase><testcase classname="src.pymortests.grid" file="src/pymortests/grid.py" line="44" name="test_subentities_wrong_arguments[&lt;lambda&gt;4]" time="0.00044274330139160156"><skipped message="Suite splitting in effect" type="pytest.skip">src/pymortests/grid.py:44: Suite splitting in effect</skipped></testcase><testcase classname="src.pymortests.grid" file="src/pymortests/grid.py" line="44" name="test_subentities_wrong_arguments[&lt;lambda&gt;5]" time="0.00048351287841796875"><skipped message="Suite splitting in effect" type="pytest.skip">src/pymortests/grid.py:44: Suite splitting in effect</skipped></testcase><testcase classname="src.pymortests.grid" file="src/pymortests/grid.py" line="44" name="test_subentities_wrong_arguments[&lt;lambda&gt;6]" time="0.0004820823669433594"><skipped message="Suite splitting in effect" type="pytest.skip">src/pymortests/grid.py:44: Suite splitting in effect</skipped></testcase><testcase classname="src.pymortests.grid" file="src/pymortests/grid.py" line="44" name="test_subentities_wrong_arguments[&lt;lambda&gt;7]" time="0.0004730224609375"><skipped message="Suite splitting in effect" type="pytest.skip">src/pymortests/grid.py:44: Suite splitting in effect</skipped></testcase><testcase classname="src.pymortests.grid" file="src/pymortests/grid.py" line="44" name="test_subentities_wrong_arguments[&lt;lambda&gt;8]" time="0.0004315376281738281"><skipped message="Suite splitting in effect" type="pytest.skip">src/pymortests/grid.py:44: Suite splitting in effect</skipped></testcase><testcase classname="src.pymortests.grid" file="src/pymortests/grid.py" line="44" name="test_subentities_wrong_arguments[&lt;lambda&gt;9]" time="0.00046372413635253906"><skipped message="Suite splitting in effect" type="pytest.skip">src/pymortests/grid.py:44: Suite splitting in effect</skipped></testcase><testcase classname="src.pymortests.grid" file="src/pymortests/grid.py" line="44" name="test_subentities_wrong_arguments[&lt;lambda&gt;10]" time="0.000514984130859375"><skipped message="Suite splitting in effect" type="pytest.skip">src/pymortests/grid.py:44: Suite splitting in effect</skipped></testcase><testcase classname="src.pymortests.grid" file="src/pymortests/grid.py" line="44" name="test_subentities_wrong_arguments[&lt;lambda&gt;11]" time="0.0007915496826171875"><skipped message="Suite splitting in effect" type="pytest.skip">src/pymortests/grid.py:44: Suite splitting in effect</skipped></testcase><testcase classname="src.pymortests.grid" file="src/pymortests/grid.py" line="44" name="test_subentities_wrong_arguments[&lt;lambda&gt;12]" time="0.0004699230194091797"><skipped message="Suite splitting in effect" type="pytest.skip">src/pymortests/grid.py:44: Suite splitting in effect</skipped></testcase><testcase classname="src.pymortests.grid" file="src/pymortests/grid.py" line="44" name="test_subentities_wrong_arguments[&lt;lambda&gt;13]" time="0.0004940032958984375"><skipped message="Suite splitting in effect" type="pytest.skip">src/pymortests/grid.py:44: Suite splitting in effect</skipped></testcase><testcase classname="src.pymortests.grid" file="src/pymortests/grid.py" line="44" name="test_subentities_wrong_arguments[&lt;lambda&gt;14]" time="0.0005536079406738281"><skipped message="Suite splitting in effect" type="pytest.skip">src/pymortests/grid.py:44: Suite splitting in effect</skipped></testcase><testcase classname="src.pymortests.grid" file="src/pymortests/grid.py" line="44" name="test_subentities_wrong_arguments[&lt;lambda&gt;15]" time="0.0005006790161132812"><skipped message="Suite splitting in effect" type="pytest.skip">src/pymortests/grid.py:44: Suite splitting in effect</skipped></testcase><testcase classname="src.pymortests.grid" file="src/pymortests/grid.py" line="44" name="test_subentities_wrong_arguments[&lt;lambda&gt;16]" time="0.00049591064453125"><skipped message="Suite splitting in effect" type="pytest.skip">src/pymortests/grid.py:44: Suite splitting in effect</skipped></testcase><testcase classname="src.pymortests.grid" file="src/pymortests/grid.py" line="44" name="test_subentities_wrong_arguments[&lt;lambda&gt;17]" time="0.0004801750183105469"><skipped message="Suite splitting in effect" type="pytest.skip">src/pymortests/grid.py:44: Suite splitting in effect</skipped></testcase><testcase classname="src.pymortests.grid" file="src/pymortests/grid.py" line="44" name="test_subentities_wrong_arguments[&lt;lambda&gt;18]" time="0.0004889965057373047"><skipped message="Suite splitting in effect" type="pytest.skip">src/pymortests/grid.py:44: Suite splitting in effect</skipped></testcase><testcase classname="src.pymortests.grid" file="src/pymortests/grid.py" line="44" name="test_subentities_wrong_arguments[&lt;lambda&gt;19]" time="0.00043201446533203125"><skipped message="Suite splitting in effect" type="pytest.skip">src/pymortests/grid.py:44: Suite splitting in effect</skipped></testcase><testcase classname="src.pymortests.grid" file="src/pymortests/grid.py" line="44" name="test_subentities_wrong_arguments[&lt;lambda&gt;20]" time="0.0005190372467041016"><skipped message="Suite splitting in effect" type="pytest.skip">src/pymortests/grid.py:44: Suite splitting in effect</skipped></testcase><testcase classname="src.pymortests.grid" file="src/pymortests/grid.py" line="44" name="test_subentities_wrong_arguments[&lt;lambda&gt;21]" time="0.0004925727844238281"><skipped message="Suite splitting in effect" type="pytest.skip">src/pymortests/grid.py:44: Suite splitting in effect</skipped></testcase><testcase classname="src.pymortests.grid" file="src/pymortests/grid.py" line="44" name="test_subentities_wrong_arguments[&lt;lambda&gt;22]" time="0.0004508495330810547"><skipped message="Suite splitting in effect" type="pytest.skip">src/pymortests/grid.py:44: Suite splitting in effect</skipped></testcase><testcase classname="src.pymortests.grid" file="src/pymortests/grid.py" line="44" name="test_subentities_wrong_arguments[&lt;lambda&gt;23]" time="0.0004725456237792969"><skipped message="Suite splitting in effect" type="pytest.skip">src/pymortests/grid.py:44: Suite splitting in effect</skipped></testcase><testcase classname="src.pymortests.grid" file="src/pymortests/grid.py" line="44" name="test_subentities_wrong_arguments[&lt;lambda&gt;24]" time="0.00042939186096191406"><skipped message="Suite splitting in effect" type="pytest.skip">src/pymortests/grid.py:44: Suite splitting in effect</skipped></testcase><testcase classname="src.pymortests.grid" file="src/pymortests/grid.py" line="44" name="test_subentities_wrong_arguments[&lt;lambda&gt;25]" time="0.00047779083251953125"><skipped message="Suite splitting in effect" type="pytest.skip">src/pymortests/grid.py:44: Suite splitting in effect</skipped></testcase><testcase classname="src.pymortests.grid" file="src/pymortests/grid.py" line="44" name="test_subentities_wrong_arguments[&lt;lambda&gt;26]" time="0.0004291534423828125"><skipped message="Suite splitting in effect" type="pytest.skip">src/pymortests/grid.py:44: Suite splitting in effect</skipped></testcase><testcase classname="src.pymortests.grid" file="src/pymortests/grid.py" line="44" name="test_subentities_wrong_arguments[&lt;lambda&gt;27]" time="0.00042366981506347656"><skipped message="Suite splitting in effect" type="pytest.skip">src/pymortests/grid.py:44: Suite splitting in effect</skipped></testcase><testcase classname="src.pymortests.grid" file="src/pymortests/grid.py" line="44" name="test_subentities_wrong_arguments[&lt;lambda&gt;28]" time="0.0005059242248535156"><skipped message="Suite splitting in effect" type="pytest.skip">src/pymortests/grid.py:44: Suite splitting in effect</skipped></testcase><testcase classname="src.pymortests.grid" file="src/pymortests/grid.py" line="44" name="test_subentities_wrong_arguments[&lt;lambda&gt;29]" time="0.0004360675811767578"><skipped message="Suite splitting in effect" type="pytest.skip">src/pymortests/grid.py:44: Suite splitting in effect</skipped></testcase><testcase classname="src.pymortests.grid" file="src/pymortests/grid.py" line="44" name="test_subentities_wrong_arguments[&lt;lambda&gt;30]" time="0.00048232078552246094"><skipped message="Suite splitting in effect" type="pytest.skip">src/pymortests/grid.py:44: Suite splitting in effect</skipped></testcase><testcase classname="src.pymortests.grid" file="src/pymortests/grid.py" line="44" name="test_subentities_wrong_arguments[&lt;lambda&gt;31]" time="0.0005438327789306641"><skipped message="Suite splitting in effect" type="pytest.skip">src/pymortests/grid.py:44: Suite splitting in effect</skipped></testcase><testcase classname="src.pymortests.grid" file="src/pymortests/grid.py" line="44" name="test_subentities_wrong_arguments[&lt;lambda&gt;32]" time="0.00044465065002441406"><skipped message="Suite splitting in effect" type="pytest.skip">src/pymortests/grid.py:44: Suite splitting in effect</skipped></testcase><testcase classname="src.pymortests.grid" file="src/pymortests/grid.py" line="44" name="test_subentities_wrong_arguments[&lt;lambda&gt;33]" time="0.00048804283142089844"><skipped message="Suite splitting in effect" type="pytest.skip">src/pymortests/grid.py:44: Suite splitting in effect</skipped></testcase><testcase classname="src.pymortests.grid" file="src/pymortests/grid.py" line="44" name="test_subentities_wrong_arguments[&lt;lambda&gt;34]" time="0.0005362033843994141"><skipped message="Suite splitting in effect" type="pytest.skip">src/pymortests/grid.py:44: Suite splitting in effect</skipped></testcase><testcase classname="src.pymortests.grid" file="src/pymortests/grid.py" line="44" name="test_subentities_wrong_arguments[&lt;lambda&gt;35]" time="0.00048661231994628906"><skipped message="Suite splitting in effect" type="pytest.skip">src/pymortests/grid.py:44: Suite splitting in effect</skipped></testcase><testcase classname="src.pymortests.grid" file="src/pymortests/grid.py" line="44" name="test_subentities_wrong_arguments[&lt;lambda&gt;36]" time="0.0004360675811767578"><skipped message="Suite splitting in effect" type="pytest.skip">src/pymortests/grid.py:44: Suite splitting in effect</skipped></testcase><testcase classname="src.pymortests.grid" file="src/pymortests/grid.py" line="44" name="test_subentities_wrong_arguments[&lt;lambda&gt;37]" time="0.0004885196685791016"><skipped message="Suite splitting in effect" type="pytest.skip">src/pymortests/grid.py:44: Suite splitting in effect</skipped></testcase><testcase classname="src.pymortests.grid" file="src/pymortests/grid.py" line="44" name="test_subentities_wrong_arguments[&lt;lambda&gt;38]" time="0.0005021095275878906"><skipped message="Suite splitting in effect" type="pytest.skip">src/pymortests/grid.py:44: Suite splitting in effect</skipped></testcase><testcase classname="src.pymortests.grid" file="src/pymortests/grid.py" line="44" name="test_subentities_wrong_arguments[&lt;lambda&gt;39]" time="0.0004496574401855469"><skipped message="Suite splitting in effect" type="pytest.skip">src/pymortests/grid.py:44: Suite splitting in effect</skipped></testcase><testcase classname="src.pymortests.grid" file="src/pymortests/grid.py" line="44" name="test_subentities_wrong_arguments[&lt;lambda&gt;40]" time="0.0004971027374267578"><skipped message="Suite splitting in effect" type="pytest.skip">src/pymortests/grid.py:44: Suite splitting in effect</skipped></testcase><testcase classname="src.pymortests.grid" file="src/pymortests/grid.py" line="44" name="test_subentities_wrong_arguments[&lt;lambda&gt;41]" time="0.0004429817199707031"><skipped message="Suite splitting in effect" type="pytest.skip">src/pymortests/grid.py:44: Suite splitting in effect</skipped></testcase><testcase classname="src.pymortests.grid" file="src/pymortests/grid.py" line="44" name="test_subentities_wrong_arguments[&lt;lambda&gt;42]" time="0.0004668235778808594"><skipped message="Suite splitting in effect" type="pytest.skip">src/pymortests/grid.py:44: Suite splitting in effect</skipped></testcase><testcase classname="src.pymortests.grid" file="src/pymortests/grid.py" line="57" name="test_subentities_shape[&lt;lambda&gt;0]" time="0.0004627704620361328"><skipped message="Suite splitting in effect" type="pytest.skip">src/pymortests/grid.py:57: Suite splitting in effect</skipped></testcase><testcase classname="src.pymortests.grid" file="src/pymortests/grid.py" line="57" name="test_subentities_shape[&lt;lambda&gt;1]" time="0.0004382133483886719"><skipped message="Suite splitting in effect" type="pytest.skip">src/pymortests/grid.py:57: Suite splitting in effect</skipped></testcase><testcase classname="src.pymortests.grid" file="src/pymortests/grid.py" line="57" name="test_subentities_shape[&lt;lambda&gt;2]" time="0.00044465065002441406"><skipped message="Suite splitting in effect" type="pytest.skip">src/pymortests/grid.py:57: Suite splitting in effect</skipped></testcase><testcase classname="src.pymortests.grid" file="src/pymortests/grid.py" line="57" name="test_subentities_shape[&lt;lambda&gt;3]" time="0.0004916191101074219"><skipped message="Suite splitting in effect" type="pytest.skip">src/pymortests/grid.py:57: Suite splitting in effect</skipped></testcase><testcase classname="src.pymortests.grid" file="src/pymortests/grid.py" line="57" name="test_subentities_shape[&lt;lambda&gt;4]" time="0.0004918575286865234"><skipped message="Suite splitting in effect" type="pytest.skip">src/pymortests/grid.py:57: Suite splitting in effect</skipped></testcase><testcase classname="src.pymortests.grid" file="src/pymortests/grid.py" line="57" name="test_subentities_shape[&lt;lambda&gt;5]" time="0.0004420280456542969"><skipped message="Suite splitting in effect" type="pytest.skip">src/pymortests/grid.py:57: Suite splitting in effect</skipped></testcase><testcase classname="src.pymortests.grid" file="src/pymortests/grid.py" line="57" name="test_subentities_shape[&lt;lambda&gt;6]" time="0.0004830360412597656"><skipped message="Suite splitting in effect" type="pytest.skip">src/pymortests/grid.py:57: Suite splitting in effect</skipped></testcase><testcase classname="src.pymortests.grid" file="src/pymortests/grid.py" line="57" name="test_subentities_shape[&lt;lambda&gt;7]" time="0.0004336833953857422"><skipped message="Suite splitting in effect" type="pytest.skip">src/pymortests/grid.py:57: Suite splitting in effect</skipped></testcase><testcase classname="src.pymortests.grid" file="src/pymortests/grid.py" line="57" name="test_subentities_shape[&lt;lambda&gt;8]" time="0.0004239082336425781"><skipped message="Suite splitting in effect" type="pytest.skip">src/pymortests/grid.py:57: Suite splitting in effect</skipped></testcase><testcase classname="src.pymortests.grid" file="src/pymortests/grid.py" line="57" name="test_subentities_shape[&lt;lambda&gt;9]" time="0.00048351287841796875"><skipped message="Suite splitting in effect" type="pytest.skip">src/pymortests/grid.py:57: Suite splitting in effect</skipped></testcase><testcase classname="src.pymortests.grid" file="src/pymortests/grid.py" line="57" name="test_subentities_shape[&lt;lambda&gt;10]" time="0.0004334449768066406"><skipped message="Suite splitting in effect" type="pytest.skip">src/pymortests/grid.py:57: Suite splitting in effect</skipped></testcase><testcase classname="src.pymortests.grid" file="src/pymortests/grid.py" line="57" name="test_subentities_shape[&lt;lambda&gt;11]" time="0.0005013942718505859"><skipped message="Suite splitting in effect" type="pytest.skip">src/pymortests/grid.py:57: Suite splitting in effect</skipped></testcase><testcase classname="src.pymortests.grid" file="src/pymortests/grid.py" line="57" name="test_subentities_shape[&lt;lambda&gt;12]" time="0.0005137920379638672"><skipped message="Suite splitting in effect" type="pytest.skip">src/pymortests/grid.py:57: Suite splitting in effect</skipped></testcase><testcase classname="src.pymortests.grid" file="src/pymortests/grid.py" line="57" name="test_subentities_shape[&lt;lambda&gt;13]" time="0.000457763671875"><skipped message="Suite splitting in effect" type="pytest.skip">src/pymortests/grid.py:57: Suite splitting in effect</skipped></testcase><testcase classname="src.pymortests.grid" file="src/pymortests/grid.py" line="57" name="test_subentities_shape[&lt;lambda&gt;14]" time="0.00042724609375"><skipped message="Suite splitting in effect" type="pytest.skip">src/pymortests/grid.py:57: Suite splitting in effect</skipped></testcase><testcase classname="src.pymortests.grid" file="src/pymortests/grid.py" line="57" name="test_subentities_shape[&lt;lambda&gt;15]" time="0.0004451274871826172"><skipped message="Suite splitting in effect" type="pytest.skip">src/pymortests/grid.py:57: Suite splitting in effect</skipped></testcase><testcase classname="src.pymortests.grid" file="src/pymortests/grid.py" line="57" name="test_subentities_shape[&lt;lambda&gt;16]" time="0.00044727325439453125"><skipped message="Suite splitting in effect" type="pytest.skip">src/pymortests/grid.py:57: Suite splitting in effect</skipped></testcase><testcase classname="src.pymortests.grid" file="src/pymortests/grid.py" line="57" name="test_subentities_shape[&lt;lambda&gt;17]" time="0.0004916191101074219"><skipped message="Suite splitting in effect" type="pytest.skip">src/pymortests/grid.py:57: Suite splitting in effect</skipped></testcase><testcase classname="src.pymortests.grid" file="src/pymortests/grid.py" line="57" name="test_subentities_shape[&lt;lambda&gt;18]" time="0.00043201446533203125"><skipped message="Suite splitting in effect" type="pytest.skip">src/pymortests/grid.py:57: Suite splitting in effect</skipped></testcase><testcase classname="src.pymortests.grid" file="src/pymortests/grid.py" line="57" name="test_subentities_shape[&lt;lambda&gt;19]" time="0.0005102157592773438"><skipped message="Suite splitting in effect" type="pytest.skip">src/pymortests/grid.py:57: Suite splitting in effect</skipped></testcase><testcase classname="src.pymortests.grid" file="src/pymortests/grid.py" line="57" name="test_subentities_shape[&lt;lambda&gt;20]" time="0.0005114078521728516"><skipped message="Suite splitting in effect" type="pytest.skip">src/pymortests/grid.py:57: Suite splitting in effect</skipped></testcase><testcase classname="src.pymortests.grid" file="src/pymortests/grid.py" line="57" name="test_subentities_shape[&lt;lambda&gt;21]" time="0.0004930496215820312"><skipped message="Suite splitting in effect" type="pytest.skip">src/pymortests/grid.py:57: Suite splitting in effect</skipped></testcase><testcase classname="src.pymortests.grid" file="src/pymortests/grid.py" line="57" name="test_subentities_shape[&lt;lambda&gt;22]" time="0.0005376338958740234"><skipped message="Suite splitting in effect" type="pytest.skip">src/pymortests/grid.py:57: Suite splitting in effect</skipped></testcase><testcase classname="src.pymortests.grid" file="src/pymortests/grid.py" line="57" name="test_subentities_shape[&lt;lambda&gt;23]" time="0.0005197525024414062"><skipped message="Suite splitting in effect" type="pytest.skip">src/pymortests/grid.py:57: Suite splitting in effect</skipped></testcase><testcase classname="src.pymortests.grid" file="src/pymortests/grid.py" line="57" name="test_subentities_shape[&lt;lambda&gt;24]" time="0.0006158351898193359"><skipped message="Suite splitting in effect" type="pytest.skip">src/pymortests/grid.py:57: Suite splitting in effect</skipped></testcase><testcase classname="src.pymortests.grid" file="src/pymortests/grid.py" line="57" name="test_subentities_shape[&lt;lambda&gt;25]" time="0.0004858970642089844"><skipped message="Suite splitting in effect" type="pytest.skip">src/pymortests/grid.py:57: Suite splitting in effect</skipped></testcase><testcase classname="src.pymortests.grid" file="src/pymortests/grid.py" line="57" name="test_subentities_shape[&lt;lambda&gt;26]" time="0.0004668235778808594"><skipped message="Suite splitting in effect" type="pytest.skip">src/pymortests/grid.py:57: Suite splitting in effect</skipped></testcase><testcase classname="src.pymortests.grid" file="src/pymortests/grid.py" line="57" name="test_subentities_shape[&lt;lambda&gt;27]" time="0.0005054473876953125"><skipped message="Suite splitting in effect" type="pytest.skip">src/pymortests/grid.py:57: Suite splitting in effect</skipped></testcase><testcase classname="src.pymortests.grid" file="src/pymortests/grid.py" line="57" name="test_subentities_shape[&lt;lambda&gt;28]" time="0.0005993843078613281"><skipped message="Suite splitting in effect" type="pytest.skip">src/pymortests/grid.py:57: Suite splitting in effect</skipped></testcase><testcase classname="src.pymortests.grid" file="src/pymortests/grid.py" line="57" name="test_subentities_shape[&lt;lambda&gt;29]" time="0.00043010711669921875"><skipped message="Suite splitting in effect" type="pytest.skip">src/pymortests/grid.py:57: Suite splitting in effect</skipped></testcase><testcase classname="src.pymortests.grid" file="src/pymortests/grid.py" line="57" name="test_subentities_shape[&lt;lambda&gt;30]" time="0.0005259513854980469"><skipped message="Suite splitting in effect" type="pytest.skip">src/pymortests/grid.py:57: Suite splitting in effect</skipped></testcase><testcase classname="src.pymortests.grid" file="src/pymortests/grid.py" line="57" name="test_subentities_shape[&lt;lambda&gt;31]" time="0.0005102157592773438"><skipped message="Suite splitting in effect" type="pytest.skip">src/pymortests/grid.py:57: Suite splitting in effect</skipped></testcase><testcase classname="src.pymortests.grid" file="src/pymortests/grid.py" line="57" name="test_subentities_shape[&lt;lambda&gt;32]" time="0.0004889965057373047"><skipped message="Suite splitting in effect" type="pytest.skip">src/pymortests/grid.py:57: Suite splitting in effect</skipped></testcase><testcase classname="src.pymortests.grid" file="src/pymortests/grid.py" line="57" name="test_subentities_shape[&lt;lambda&gt;33]" time="0.00045943260192871094"><skipped message="Suite splitting in effect" type="pytest.skip">src/pymortests/grid.py:57: Suite splitting in effect</skipped></testcase><testcase classname="src.pymortests.grid" file="src/pymortests/grid.py" line="57" name="test_subentities_shape[&lt;lambda&gt;34]" time="0.0004363059997558594"><skipped message="Suite splitting in effect" type="pytest.skip">src/pymortests/grid.py:57: Suite splitting in effect</skipped></testcase><testcase classname="src.pymortests.grid" file="src/pymortests/grid.py" line="57" name="test_subentities_shape[&lt;lambda&gt;35]" time="0.00045013427734375"><skipped message="Suite splitting in effect" type="pytest.skip">src/pymortests/grid.py:57: Suite splitting in effect</skipped></testcase><testcase classname="src.pymortests.grid" file="src/pymortests/grid.py" line="57" name="test_subentities_shape[&lt;lambda&gt;36]" time="0.0005171298980712891"><skipped message="Suite splitting in effect" type="pytest.skip">src/pymortests/grid.py:57: Suite splitting in effect</skipped></testcase><testcase classname="src.pymortests.grid" file="src/pymortests/grid.py" line="57" name="test_subentities_shape[&lt;lambda&gt;37]" time="0.0004467964172363281"><skipped message="Suite splitting in effect" type="pytest.skip">src/pymortests/grid.py:57: Suite splitting in effect</skipped></testcase><testcase classname="src.pymortests.grid" file="src/pymortests/grid.py" line="57" name="test_subentities_shape[&lt;lambda&gt;38]" time="0.00049591064453125"><skipped message="Suite splitting in effect" type="pytest.skip">src/pymortests/grid.py:57: Suite splitting in effect</skipped></testcase><testcase classname="src.pymortests.grid" file="src/pymortests/grid.py" line="57" name="test_subentities_shape[&lt;lambda&gt;39]" time="0.0004456043243408203"><skipped message="Suite splitting in effect" type="pytest.skip">src/pymortests/grid.py:57: Suite splitting in effect</skipped></testcase><testcase classname="src.pymortests.grid" file="src/pymortests/grid.py" line="57" name="test_subentities_shape[&lt;lambda&gt;40]" time="0.0009174346923828125"><skipped message="Suite splitting in effect" type="pytest.skip">src/pymortests/grid.py:57: Suite splitting in effect</skipped></testcase><testcase classname="src.pymortests.grid" file="src/pymortests/grid.py" line="57" name="test_subentities_shape[&lt;lambda&gt;41]" time="0.00044465065002441406"><skipped message="Suite splitting in effect" type="pytest.skip">src/pymortests/grid.py:57: Suite splitting in effect</skipped></testcase><testcase classname="src.pymortests.grid" file="src/pymortests/grid.py" line="57" name="test_subentities_shape[&lt;lambda&gt;42]" time="0.0004968643188476562"><skipped message="Suite splitting in effect" type="pytest.skip">src/pymortests/grid.py:57: Suite splitting in effect</skipped></testcase><testcase classname="src.pymortests.grid" file="src/pymortests/grid.py" line="65" name="test_subentities_dtype[&lt;lambda&gt;0]" time="0.0004966259002685547"><skipped message="Suite splitting in effect" type="pytest.skip">src/pymortests/grid.py:65: Suite splitting in effect</skipped></testcase><testcase classname="src.pymortests.grid" file="src/pymortests/grid.py" line="65" name="test_subentities_dtype[&lt;lambda&gt;1]" time="0.0004630088806152344"><skipped message="Suite splitting in effect" type="pytest.skip">src/pymortests/grid.py:65: Suite splitting in effect</skipped></testcase><testcase classname="src.pymortests.grid" file="src/pymortests/grid.py" line="65" name="test_subentities_dtype[&lt;lambda&gt;2]" time="0.0005283355712890625"><skipped message="Suite splitting in effect" type="pytest.skip">src/pymortests/grid.py:65: Suite splitting in effect</skipped></testcase><testcase classname="src.pymortests.grid" file="src/pymortests/grid.py" line="65" name="test_subentities_dtype[&lt;lambda&gt;3]" time="0.0005462169647216797"><skipped message="Suite splitting in effect" type="pytest.skip">src/pymortests/grid.py:65: Suite splitting in effect</skipped></testcase><testcase classname="src.pymortests.grid" file="src/pymortests/grid.py" line="65" name="test_subentities_dtype[&lt;lambda&gt;4]" time="0.0005018711090087891"><skipped message="Suite splitting in effect" type="pytest.skip">src/pymortests/grid.py:65: Suite splitting in effect</skipped></testcase><testcase classname="src.pymortests.grid" file="src/pymortests/grid.py" line="65" name="test_subentities_dtype[&lt;lambda&gt;5]" time="0.0006377696990966797"><skipped message="Suite splitting in effect" type="pytest.skip">src/pymortests/grid.py:65: Suite splitting in effect</skipped></testcase><testcase classname="src.pymortests.grid" file="src/pymortests/grid.py" line="65" name="test_subentities_dtype[&lt;lambda&gt;6]" time="0.0005047321319580078"><skipped message="Suite splitting in effect" type="pytest.skip">src/pymortests/grid.py:65: Suite splitting in effect</skipped></testcase><testcase classname="src.pymortests.grid" file="src/pymortests/grid.py" line="65" name="test_subentities_dtype[&lt;lambda&gt;7]" time="0.0004830360412597656"><skipped message="Suite splitting in effect" type="pytest.skip">src/pymortests/grid.py:65: Suite splitting in effect</skipped></testcase><testcase classname="src.pymortests.grid" file="src/pymortests/grid.py" line="65" name="test_subentities_dtype[&lt;lambda&gt;8]" time="0.0005776882171630859"><skipped message="Suite splitting in effect" type="pytest.skip">src/pymortests/grid.py:65: Suite splitting in effect</skipped></testcase><testcase classname="src.pymortests.grid" file="src/pymortests/grid.py" line="65" name="test_subentities_dtype[&lt;lambda&gt;9]" time="0.0004904270172119141"><skipped message="Suite splitting in effect" type="pytest.skip">src/pymortests/grid.py:65: Suite splitting in effect</skipped></testcase><testcase classname="src.pymortests.grid" file="src/pymortests/grid.py" line="65" name="test_subentities_dtype[&lt;lambda&gt;10]" time="0.0005028247833251953"><skipped message="Suite splitting in effect" type="pytest.skip">src/pymortests/grid.py:65: Suite splitting in effect</skipped></testcase><testcase classname="src.pymortests.grid" file="src/pymortests/grid.py" line="65" name="test_subentities_dtype[&lt;lambda&gt;11]" time="0.0005712509155273438"><skipped message="Suite splitting in effect" type="pytest.skip">src/pymortests/grid.py:65: Suite splitting in effect</skipped></testcase><testcase classname="src.pymortests.grid" file="src/pymortests/grid.py" line="65" name="test_subentities_dtype[&lt;lambda&gt;12]" time="0.0005471706390380859"><skipped message="Suite splitting in effect" type="pytest.skip">src/pymortests/grid.py:65: Suite splitting in effect</skipped></testcase><testcase classname="src.pymortests.grid" file="src/pymortests/grid.py" line="65" name="test_subentities_dtype[&lt;lambda&gt;13]" time="0.0010175704956054688"><skipped message="Suite splitting in effect" type="pytest.skip">src/pymortests/grid.py:65: Suite splitting in effect</skipped></testcase><testcase classname="src.pymortests.grid" file="src/pymortests/grid.py" line="65" name="test_subentities_dtype[&lt;lambda&gt;14]" time="0.0004987716674804688"><skipped message="Suite splitting in effect" type="pytest.skip">src/pymortests/grid.py:65: Suite splitting in effect</skipped></testcase><testcase classname="src.pymortests.grid" file="src/pymortests/grid.py" line="65" name="test_subentities_dtype[&lt;lambda&gt;15]" time="0.0004942417144775391"><skipped message="Suite splitting in effect" type="pytest.skip">src/pymortests/grid.py:65: Suite splitting in effect</skipped></testcase><testcase classname="src.pymortests.grid" file="src/pymortests/grid.py" line="65" name="test_subentities_dtype[&lt;lambda&gt;16]" time="0.0005099773406982422"><skipped message="Suite splitting in effect" type="pytest.skip">src/pymortests/grid.py:65: Suite splitting in effect</skipped></testcase><testcase classname="src.pymortests.grid" file="src/pymortests/grid.py" line="65" name="test_subentities_dtype[&lt;lambda&gt;17]" time="0.0005648136138916016"><skipped message="Suite splitting in effect" type="pytest.skip">src/pymortests/grid.py:65: Suite splitting in effect</skipped></testcase><testcase classname="src.pymortests.grid" file="src/pymortests/grid.py" line="65" name="test_subentities_dtype[&lt;lambda&gt;18]" time="0.00051116943359375"><skipped message="Suite splitting in effect" type="pytest.skip">src/pymortests/grid.py:65: Suite splitting in effect</skipped></testcase><testcase classname="src.pymortests.grid" file="src/pymortests/grid.py" line="65" name="test_subentities_dtype[&lt;lambda&gt;19]" time="0.0004916191101074219"><skipped message="Suite splitting in effect" type="pytest.skip">src/pymortests/grid.py:65: Suite splitting in effect</skipped></testcase><testcase classname="src.pymortests.grid" file="src/pymortests/grid.py" line="65" name="test_subentities_dtype[&lt;lambda&gt;20]" time="0.0004897117614746094"><skipped message="Suite splitting in effect" type="pytest.skip">src/pymortests/grid.py:65: Suite splitting in effect</skipped></testcase><testcase classname="src.pymortests.grid" file="src/pymortests/grid.py" line="65" name="test_subentities_dtype[&lt;lambda&gt;21]" time="0.0008029937744140625"><skipped message="Suite splitting in effect" type="pytest.skip">src/pymortests/grid.py:65: Suite splitting in effect</skipped></testcase><testcase classname="src.pymortests.grid" file="src/pymortests/grid.py" line="65" name="test_subentities_dtype[&lt;lambda&gt;22]" time="0.0004515647888183594"><skipped message="Suite splitting in effect" type="pytest.skip">src/pymortests/grid.py:65: Suite splitting in effect</skipped></testcase><testcase classname="src.pymortests.grid" file="src/pymortests/grid.py" line="65" name="test_subentities_dtype[&lt;lambda&gt;23]" time="0.000499725341796875"><skipped message="Suite splitting in effect" type="pytest.skip">src/pymortests/grid.py:65: Suite splitting in effect</skipped></testcase><testcase classname="src.pymortests.grid" file="src/pymortests/grid.py" line="65" name="test_subentities_dtype[&lt;lambda&gt;24]" time="0.00045800209045410156"><skipped message="Suite splitting in effect" type="pytest.skip">src/pymortests/grid.py:65: Suite splitting in effect</skipped></testcase><testcase classname="src.pymortests.grid" file="src/pymortests/grid.py" line="65" name="test_subentities_dtype[&lt;lambda&gt;25]" time="0.0005083084106445312"><skipped message="Suite splitting in effect" type="pytest.skip">src/pymortests/grid.py:65: Suite splitting in effect</skipped></testcase><testcase classname="src.pymortests.grid" file="src/pymortests/grid.py" line="65" name="test_subentities_dtype[&lt;lambda&gt;26]" time="0.00048732757568359375"><skipped message="Suite splitting in effect" type="pytest.skip">src/pymortests/grid.py:65: Suite splitting in effect</skipped></testcase><testcase classname="src.pymortests.grid" file="src/pymortests/grid.py" line="65" name="test_subentities_dtype[&lt;lambda&gt;27]" time="0.0005095005035400391"><skipped message="Suite splitting in effect" type="pytest.skip">src/pymortests/grid.py:65: Suite splitting in effect</skipped></testcase><testcase classname="src.pymortests.grid" file="src/pymortests/grid.py" line="65" name="test_subentities_dtype[&lt;lambda&gt;28]" time="0.0005013942718505859"><skipped message="Suite splitting in effect" type="pytest.skip">src/pymortests/grid.py:65: Suite splitting in effect</skipped></testcase><testcase classname="src.pymortests.grid" file="src/pymortests/grid.py" line="65" name="test_subentities_dtype[&lt;lambda&gt;29]" time="0.0008335113525390625"><skipped message="Suite splitting in effect" type="pytest.skip">src/pymortests/grid.py:65: Suite splitting in effect</skipped></testcase><testcase classname="src.pymortests.grid" file="src/pymortests/grid.py" line="65" name="test_subentities_dtype[&lt;lambda&gt;30]" time="0.0005311965942382812"><skipped message="Suite splitting in effect" type="pytest.skip">src/pymortests/grid.py:65: Suite splitting in effect</skipped></testcase><testcase classname="src.pymortests.grid" file="src/pymortests/grid.py" line="65" name="test_subentities_dtype[&lt;lambda&gt;31]" time="0.0005009174346923828"><skipped message="Suite splitting in effect" type="pytest.skip">src/pymortests/grid.py:65: Suite splitting in effect</skipped></testcase><testcase classname="src.pymortests.grid" file="src/pymortests/grid.py" line="65" name="test_subentities_dtype[&lt;lambda&gt;32]" time="0.0004584789276123047"><skipped message="Suite splitting in effect" type="pytest.skip">src/pymortests/grid.py:65: Suite splitting in effect</skipped></testcase><testcase classname="src.pymortests.grid" file="src/pymortests/grid.py" line="65" name="test_subentities_dtype[&lt;lambda&gt;33]" time="0.0004897117614746094"><skipped message="Suite splitting in effect" type="pytest.skip">src/pymortests/grid.py:65: Suite splitting in effect</skipped></testcase><testcase classname="src.pymortests.grid" file="src/pymortests/grid.py" line="65" name="test_subentities_dtype[&lt;lambda&gt;34]" time="0.0004596710205078125"><skipped message="Suite splitting in effect" type="pytest.skip">src/pymortests/grid.py:65: Suite splitting in effect</skipped></testcase><testcase classname="src.pymortests.grid" file="src/pymortests/grid.py" line="65" name="test_subentities_dtype[&lt;lambda&gt;35]" time="0.0004951953887939453"><skipped message="Suite splitting in effect" type="pytest.skip">src/pymortests/grid.py:65: Suite splitting in effect</skipped></testcase><testcase classname="src.pymortests.grid" file="src/pymortests/grid.py" line="65" name="test_subentities_dtype[&lt;lambda&gt;36]" time="0.0005018711090087891"><skipped message="Suite splitting in effect" type="pytest.skip">src/pymortests/grid.py:65: Suite splitting in effect</skipped></testcase><testcase classname="src.pymortests.grid" file="src/pymortests/grid.py" line="65" name="test_subentities_dtype[&lt;lambda&gt;37]" time="0.000850677490234375"><skipped message="Suite splitting in effect" type="pytest.skip">src/pymortests/grid.py:65: Suite splitting in effect</skipped></testcase><testcase classname="src.pymortests.grid" file="src/pymortests/grid.py" line="65" name="test_subentities_dtype[&lt;lambda&gt;38]" time="0.0004711151123046875"><skipped message="Suite splitting in effect" type="pytest.skip">src/pymortests/grid.py:65: Suite splitting in effect</skipped></testcase><testcase classname="src.pymortests.grid" file="src/pymortests/grid.py" line="65" name="test_subentities_dtype[&lt;lambda&gt;39]" time="0.0005548000335693359"><skipped message="Suite splitting in effect" type="pytest.skip">src/pymortests/grid.py:65: Suite splitting in effect</skipped></testcase><testcase classname="src.pymortests.grid" file="src/pymortests/grid.py" line="65" name="test_subentities_dtype[&lt;lambda&gt;40]" time="0.0005340576171875"><skipped message="Suite splitting in effect" type="pytest.skip">src/pymortests/grid.py:65: Suite splitting in effect</skipped></testcase><testcase classname="src.pymortests.grid" file="src/pymortests/grid.py" line="65" name="test_subentities_dtype[&lt;lambda&gt;41]" time="0.00045990943908691406"><skipped message="Suite splitting in effect" type="pytest.skip">src/pymortests/grid.py:65: Suite splitting in effect</skipped></testcase><testcase classname="src.pymortests.grid" file="src/pymortests/grid.py" line="65" name="test_subentities_dtype[&lt;lambda&gt;42]" time="0.0004994869232177734"><skipped message="Suite splitting in effect" type="pytest.skip">src/pymortests/grid.py:65: Suite splitting in effect</skipped></testcase><testcase classname="src.pymortests.grid" file="src/pymortests/grid.py" line="72" name="test_subentities_entry_value_range[&lt;lambda&gt;0]" time="0.0005280971527099609"><skipped message="Suite splitting in effect" type="pytest.skip">src/pymortests/grid.py:72: Suite splitting in effect</skipped></testcase><testcase classname="src.pymortests.grid" file="src/pymortests/grid.py" line="72" name="test_subentities_entry_value_range[&lt;lambda&gt;1]" time="0.0004527568817138672"><skipped message="Suite splitting in effect" type="pytest.skip">src/pymortests/grid.py:72: Suite splitting in effect</skipped></testcase><testcase classname="src.pymortests.grid" file="src/pymortests/grid.py" line="72" name="test_subentities_entry_value_range[&lt;lambda&gt;2]" time="0.0007889270782470703"><skipped message="Suite splitting in effect" type="pytest.skip">src/pymortests/grid.py:72: Suite splitting in effect</skipped></testcase><testcase classname="src.pymortests.grid" file="src/pymortests/grid.py" line="72" name="test_subentities_entry_value_range[&lt;lambda&gt;3]" time="0.00052642822265625"><skipped message="Suite splitting in effect" type="pytest.skip">src/pymortests/grid.py:72: Suite splitting in effect</skipped></testcase><testcase classname="src.pymortests.grid" file="src/pymortests/grid.py" line="72" name="test_subentities_entry_value_range[&lt;lambda&gt;4]" time="0.00044226646423339844"><skipped message="Suite splitting in effect" type="pytest.skip">src/pymortests/grid.py:72: Suite splitting in effect</skipped></testcase><testcase classname="src.pymortests.grid" file="src/pymortests/grid.py" line="72" name="test_subentities_entry_value_range[&lt;lambda&gt;5]" time="0.0004668235778808594"><skipped message="Suite splitting in effect" type="pytest.skip">src/pymortests/grid.py:72: Suite splitting in effect</skipped></testcase><testcase classname="src.pymortests.grid" file="src/pymortests/grid.py" line="72" name="test_subentities_entry_value_range[&lt;lambda&gt;6]" time="0.0004374980926513672"><skipped message="Suite splitting in effect" type="pytest.skip">src/pymortests/grid.py:72: Suite splitting in effect</skipped></testcase><testcase classname="src.pymortests.grid" file="src/pymortests/grid.py" line="72" name="test_subentities_entry_value_range[&lt;lambda&gt;7]" time="0.0004467964172363281"><skipped message="Suite splitting in effect" type="pytest.skip">src/pymortests/grid.py:72: Suite splitting in effect</skipped></testcase><testcase classname="src.pymortests.grid" file="src/pymortests/grid.py" line="72" name="test_subentities_entry_value_range[&lt;lambda&gt;8]" time="0.0005567073822021484"><skipped message="Suite splitting in effect" type="pytest.skip">src/pymortests/grid.py:72: Suite splitting in effect</skipped></testcase><testcase classname="src.pymortests.grid" file="src/pymortests/grid.py" line="72" name="test_subentities_entry_value_range[&lt;lambda&gt;9]" time="0.0005130767822265625"><skipped message="Suite splitting in effect" type="pytest.skip">src/pymortests/grid.py:72: Suite splitting in effect</skipped></testcase><testcase classname="src.pymortests.grid" file="src/pymortests/grid.py" line="72" name="test_subentities_entry_value_range[&lt;lambda&gt;10]" time="0.0008747577667236328"><skipped message="Suite splitting in effect" type="pytest.skip">src/pymortests/grid.py:72: Suite splitting in effect</skipped></testcase><testcase classname="src.pymortests.grid" file="src/pymortests/grid.py" line="72" name="test_subentities_entry_value_range[&lt;lambda&gt;11]" time="0.00047898292541503906"><skipped message="Suite splitting in effect" type="pytest.skip">src/pymortests/grid.py:72: Suite splitting in effect</skipped></testcase><testcase classname="src.pymortests.grid" file="src/pymortests/grid.py" line="72" name="test_subentities_entry_value_range[&lt;lambda&gt;12]" time="0.0005397796630859375"><skipped message="Suite splitting in effect" type="pytest.skip">src/pymortests/grid.py:72: Suite splitting in effect</skipped></testcase><testcase classname="src.pymortests.grid" file="src/pymortests/grid.py" line="72" name="test_subentities_entry_value_range[&lt;lambda&gt;13]" time="0.0005698204040527344"><skipped message="Suite splitting in effect" type="pytest.skip">src/pymortests/grid.py:72: Suite splitting in effect</skipped></testcase><testcase classname="src.pymortests.grid" file="src/pymortests/grid.py" line="72" name="test_subentities_entry_value_range[&lt;lambda&gt;14]" time="0.000457763671875"><skipped message="Suite splitting in effect" type="pytest.skip">src/pymortests/grid.py:72: Suite splitting in effect</skipped></testcase><testcase classname="src.pymortests.grid" file="src/pymortests/grid.py" line="72" name="test_subentities_entry_value_range[&lt;lambda&gt;15]" time="0.0006067752838134766"><skipped message="Suite splitting in effect" type="pytest.skip">src/pymortests/grid.py:72: Suite splitting in effect</skipped></testcase><testcase classname="src.pymortests.grid" file="src/pymortests/grid.py" line="72" name="test_subentities_entry_value_range[&lt;lambda&gt;16]" time="0.0006165504455566406"><skipped message="Suite splitting in effect" type="pytest.skip">src/pymortests/grid.py:72: Suite splitting in effect</skipped></testcase><testcase classname="src.pymortests.grid" file="src/pymortests/grid.py" line="72" name="test_subentities_entry_value_range[&lt;lambda&gt;17]" time="0.0012378692626953125"><skipped message="Suite splitting in effect" type="pytest.skip">src/pymortests/grid.py:72: Suite splitting in effect</skipped></testcase><testcase classname="src.pymortests.grid" file="src/pymortests/grid.py" line="72" name="test_subentities_entry_value_range[&lt;lambda&gt;18]" time="0.0011124610900878906"><skipped message="Suite splitting in effect" type="pytest.skip">src/pymortests/grid.py:72: Suite splitting in effect</skipped></testcase><testcase classname="src.pymortests.grid" file="src/pymortests/grid.py" line="72" name="test_subentities_entry_value_range[&lt;lambda&gt;19]" time="0.0007860660552978516"><skipped message="Suite splitting in effect" type="pytest.skip">src/pymortests/grid.py:72: Suite splitting in effect</skipped></testcase><testcase classname="src.pymortests.grid" file="src/pymortests/grid.py" line="72" name="test_subentities_entry_value_range[&lt;lambda&gt;20]" time="0.000667572021484375"><skipped message="Suite splitting in effect" type="pytest.skip">src/pymortests/grid.py:72: Suite splitting in effect</skipped></testcase><testcase classname="src.pymortests.grid" file="src/pymortests/grid.py" line="72" name="test_subentities_entry_value_range[&lt;lambda&gt;21]" time="0.0008192062377929688"><skipped message="Suite splitting in effect" type="pytest.skip">src/pymortests/grid.py:72: Suite splitting in effect</skipped></testcase><testcase classname="src.pymortests.grid" file="src/pymortests/grid.py" line="72" name="test_subentities_entry_value_range[&lt;lambda&gt;22]" time="0.0006468296051025391"><skipped message="Suite splitting in effect" type="pytest.skip">src/pymortests/grid.py:72: Suite splitting in effect</skipped></testcase><testcase classname="src.pymortests.grid" file="src/pymortests/grid.py" line="72" name="test_subentities_entry_value_range[&lt;lambda&gt;23]" time="0.0005295276641845703"><skipped message="Suite splitting in effect" type="pytest.skip">src/pymortests/grid.py:72: Suite splitting in effect</skipped></testcase><testcase classname="src.pymortests.grid" file="src/pymortests/grid.py" line="72" name="test_subentities_entry_value_range[&lt;lambda&gt;24]" time="0.0005285739898681641"><skipped message="Suite splitting in effect" type="pytest.skip">src/pymortests/grid.py:72: Suite splitting in effect</skipped></testcase><testcase classname="src.pymortests.grid" file="src/pymortests/grid.py" line="72" name="test_subentities_entry_value_range[&lt;lambda&gt;25]" time="0.0005340576171875"><skipped message="Suite splitting in effect" type="pytest.skip">src/pymortests/grid.py:72: Suite splitting in effect</skipped></testcase><testcase classname="src.pymortests.grid" file="src/pymortests/grid.py" line="72" name="test_subentities_entry_value_range[&lt;lambda&gt;26]" time="0.0008814334869384766"><skipped message="Suite splitting in effect" type="pytest.skip">src/pymortests/grid.py:72: Suite splitting in effect</skipped></testcase><testcase classname="src.pymortests.grid" file="src/pymortests/grid.py" line="72" name="test_subentities_entry_value_range[&lt;lambda&gt;27]" time="0.0005619525909423828"><skipped message="Suite splitting in effect" type="pytest.skip">src/pymortests/grid.py:72: Suite splitting in effect</skipped></testcase><testcase classname="src.pymortests.grid" file="src/pymortests/grid.py" line="72" name="test_subentities_entry_value_range[&lt;lambda&gt;28]" time="0.000476837158203125"><skipped message="Suite splitting in effect" type="pytest.skip">src/pymortests/grid.py:72: Suite splitting in effect</skipped></testcase><testcase classname="src.pymortests.grid" file="src/pymortests/grid.py" line="72" name="test_subentities_entry_value_range[&lt;lambda&gt;29]" time="0.00048470497131347656"><skipped message="Suite splitting in effect" type="pytest.skip">src/pymortests/grid.py:72: Suite splitting in effect</skipped></testcase><testcase classname="src.pymortests.grid" file="src/pymortests/grid.py" line="72" name="test_subentities_entry_value_range[&lt;lambda&gt;30]" time="0.0006351470947265625"><skipped message="Suite splitting in effect" type="pytest.skip">src/pymortests/grid.py:72: Suite splitting in effect</skipped></testcase><testcase classname="src.pymortests.grid" file="src/pymortests/grid.py" line="72" name="test_subentities_entry_value_range[&lt;lambda&gt;31]" time="0.0005986690521240234"><skipped message="Suite splitting in effect" type="pytest.skip">src/pymortests/grid.py:72: Suite splitting in effect</skipped></testcase><testcase classname="src.pymortests.grid" file="src/pymortests/grid.py" line="72" name="test_subentities_entry_value_range[&lt;lambda&gt;32]" time="0.0004868507385253906"><skipped message="Suite splitting in effect" type="pytest.skip">src/pymortests/grid.py:72: Suite splitting in effect</skipped></testcase><testcase classname="src.pymortests.grid" file="src/pymortests/grid.py" line="72" name="test_subentities_entry_value_range[&lt;lambda&gt;33]" time="0.0005719661712646484"><skipped message="Suite splitting in effect" type="pytest.skip">src/pymortests/grid.py:72: Suite splitting in effect</skipped></testcase><testcase classname="src.pymortests.grid" file="src/pymortests/grid.py" line="72" name="test_subentities_entry_value_range[&lt;lambda&gt;34]" time="0.0011844635009765625"><skipped message="Suite splitting in effect" type="pytest.skip">src/pymortests/grid.py:72: Suite splitting in effect</skipped></testcase><testcase classname="src.pymortests.grid" file="src/pymortests/grid.py" line="72" name="test_subentities_entry_value_range[&lt;lambda&gt;35]" time="0.0005028247833251953"><skipped message="Suite splitting in effect" type="pytest.skip">src/pymortests/grid.py:72: Suite splitting in effect</skipped></testcase><testcase classname="src.pymortests.grid" file="src/pymortests/grid.py" line="72" name="test_subentities_entry_value_range[&lt;lambda&gt;36]" time="0.0005173683166503906"><skipped message="Suite splitting in effect" type="pytest.skip">src/pymortests/grid.py:72: Suite splitting in effect</skipped></testcase><testcase classname="src.pymortests.grid" file="src/pymortests/grid.py" line="72" name="test_subentities_entry_value_range[&lt;lambda&gt;37]" time="0.0005650520324707031"><skipped message="Suite splitting in effect" type="pytest.skip">src/pymortests/grid.py:72: Suite splitting in effect</skipped></testcase><testcase classname="src.pymortests.grid" file="src/pymortests/grid.py" line="72" name="test_subentities_entry_value_range[&lt;lambda&gt;38]" time="0.0005207061767578125"><skipped message="Suite splitting in effect" type="pytest.skip">src/pymortests/grid.py:72: Suite splitting in effect</skipped></testcase><testcase classname="src.pymortests.grid" file="src/pymortests/grid.py" line="72" name="test_subentities_entry_value_range[&lt;lambda&gt;39]" time="0.0004696846008300781"><skipped message="Suite splitting in effect" type="pytest.skip">src/pymortests/grid.py:72: Suite splitting in effect</skipped></testcase><testcase classname="src.pymortests.grid" file="src/pymortests/grid.py" line="72" name="test_subentities_entry_value_range[&lt;lambda&gt;40]" time="0.0005593299865722656"><skipped message="Suite splitting in effect" type="pytest.skip">src/pymortests/grid.py:72: Suite splitting in effect</skipped></testcase><testcase classname="src.pymortests.grid" file="src/pymortests/grid.py" line="72" name="test_subentities_entry_value_range[&lt;lambda&gt;41]" time="0.00044655799865722656"><skipped message="Suite splitting in effect" type="pytest.skip">src/pymortests/grid.py:72: Suite splitting in effect</skipped></testcase><testcase classname="src.pymortests.grid" file="src/pymortests/grid.py" line="72" name="test_subentities_entry_value_range[&lt;lambda&gt;42]" time="0.0010089874267578125"><skipped message="Suite splitting in effect" type="pytest.skip">src/pymortests/grid.py:72: Suite splitting in effect</skipped></testcase><testcase classname="src.pymortests.grid" file="src/pymortests/grid.py" line="80" name="test_subentities_entry_values_unique[&lt;lambda&gt;0]" time="0.0004508495330810547"><skipped message="Suite splitting in effect" type="pytest.skip">src/pymortests/grid.py:80: Suite splitting in effect</skipped></testcase><testcase classname="src.pymortests.grid" file="src/pymortests/grid.py" line="80" name="test_subentities_entry_values_unique[&lt;lambda&gt;1]" time="0.0004992485046386719"><skipped message="Suite splitting in effect" type="pytest.skip">src/pymortests/grid.py:80: Suite splitting in effect</skipped></testcase><testcase classname="src.pymortests.grid" file="src/pymortests/grid.py" line="80" name="test_subentities_entry_values_unique[&lt;lambda&gt;2]" time="0.0005075931549072266"><skipped message="Suite splitting in effect" type="pytest.skip">src/pymortests/grid.py:80: Suite splitting in effect</skipped></testcase><testcase classname="src.pymortests.grid" file="src/pymortests/grid.py" line="80" name="test_subentities_entry_values_unique[&lt;lambda&gt;3]" time="0.00045013427734375"><skipped message="Suite splitting in effect" type="pytest.skip">src/pymortests/grid.py:80: Suite splitting in effect</skipped></testcase><testcase classname="src.pymortests.grid" file="src/pymortests/grid.py" line="80" name="test_subentities_entry_values_unique[&lt;lambda&gt;4]" time="0.000530242919921875"><skipped message="Suite splitting in effect" type="pytest.skip">src/pymortests/grid.py:80: Suite splitting in effect</skipped></testcase><testcase classname="src.pymortests.grid" file="src/pymortests/grid.py" line="80" name="test_subentities_entry_values_unique[&lt;lambda&gt;5]" time="0.0005228519439697266"><skipped message="Suite splitting in effect" type="pytest.skip">src/pymortests/grid.py:80: Suite splitting in effect</skipped></testcase><testcase classname="src.pymortests.grid" file="src/pymortests/grid.py" line="80" name="test_subentities_entry_values_unique[&lt;lambda&gt;6]" time="0.0005295276641845703"><skipped message="Suite splitting in effect" type="pytest.skip">src/pymortests/grid.py:80: Suite splitting in effect</skipped></testcase><testcase classname="src.pymortests.grid" file="src/pymortests/grid.py" line="80" name="test_subentities_entry_values_unique[&lt;lambda&gt;7]" time="0.0009145736694335938"><skipped message="Suite splitting in effect" type="pytest.skip">src/pymortests/grid.py:80: Suite splitting in effect</skipped></testcase><testcase classname="src.pymortests.grid" file="src/pymortests/grid.py" line="80" name="test_subentities_entry_values_unique[&lt;lambda&gt;8]" time="0.0004990100860595703"><skipped message="Suite splitting in effect" type="pytest.skip">src/pymortests/grid.py:80: Suite splitting in effect</skipped></testcase><testcase classname="src.pymortests.grid" file="src/pymortests/grid.py" line="80" name="test_subentities_entry_values_unique[&lt;lambda&gt;9]" time="0.0006580352783203125"><skipped message="Suite splitting in effect" type="pytest.skip">src/pymortests/grid.py:80: Suite splitting in effect</skipped></testcase><testcase classname="src.pymortests.grid" file="src/pymortests/grid.py" line="80" name="test_subentities_entry_values_unique[&lt;lambda&gt;10]" time="0.0005805492401123047"><skipped message="Suite splitting in effect" type="pytest.skip">src/pymortests/grid.py:80: Suite splitting in effect</skipped></testcase><testcase classname="src.pymortests.grid" file="src/pymortests/grid.py" line="80" name="test_subentities_entry_values_unique[&lt;lambda&gt;11]" time="0.0004885196685791016"><skipped message="Suite splitting in effect" type="pytest.skip">src/pymortests/grid.py:80: Suite splitting in effect</skipped></testcase><testcase classname="src.pymortests.grid" file="src/pymortests/grid.py" line="80" name="test_subentities_entry_values_unique[&lt;lambda&gt;12]" time="0.0004820823669433594"><skipped message="Suite splitting in effect" type="pytest.skip">src/pymortests/grid.py:80: Suite splitting in effect</skipped></testcase><testcase classname="src.pymortests.grid" file="src/pymortests/grid.py" line="80" name="test_subentities_entry_values_unique[&lt;lambda&gt;13]" time="0.0005114078521728516"><skipped message="Suite splitting in effect" type="pytest.skip">src/pymortests/grid.py:80: Suite splitting in effect</skipped></testcase><testcase classname="src.pymortests.grid" file="src/pymortests/grid.py" line="80" name="test_subentities_entry_values_unique[&lt;lambda&gt;14]" time="0.0004444122314453125"><skipped message="Suite splitting in effect" type="pytest.skip">src/pymortests/grid.py:80: Suite splitting in effect</skipped></testcase><testcase classname="src.pymortests.grid" file="src/pymortests/grid.py" line="80" name="test_subentities_entry_values_unique[&lt;lambda&gt;15]" time="0.001104116439819336"><skipped message="Suite splitting in effect" type="pytest.skip">src/pymortests/grid.py:80: Suite splitting in effect</skipped></testcase><testcase classname="src.pymortests.grid" file="src/pymortests/grid.py" line="80" name="test_subentities_entry_values_unique[&lt;lambda&gt;16]" time="0.0004246234893798828"><skipped message="Suite splitting in effect" type="pytest.skip">src/pymortests/grid.py:80: Suite splitting in effect</skipped></testcase><testcase classname="src.pymortests.grid" file="src/pymortests/grid.py" line="80" name="test_subentities_entry_values_unique[&lt;lambda&gt;17]" time="0.0004792213439941406"><skipped message="Suite splitting in effect" type="pytest.skip">src/pymortests/grid.py:80: Suite splitting in effect</skipped></testcase><testcase classname="src.pymortests.grid" file="src/pymortests/grid.py" line="80" name="test_subentities_entry_values_unique[&lt;lambda&gt;18]" time="0.0005602836608886719"><skipped message="Suite splitting in effect" type="pytest.skip">src/pymortests/grid.py:80: Suite splitting in effect</skipped></testcase><testcase classname="src.pymortests.grid" file="src/pymortests/grid.py" line="80" name="test_subentities_entry_values_unique[&lt;lambda&gt;19]" time="0.0005941390991210938"><skipped message="Suite splitting in effect" type="pytest.skip">src/pymortests/grid.py:80: Suite splitting in effect</skipped></testcase><testcase classname="src.pymortests.grid" file="src/pymortests/grid.py" line="80" name="test_subentities_entry_values_unique[&lt;lambda&gt;20]" time="0.0004761219024658203"><skipped message="Suite splitting in effect" type="pytest.skip">src/pymortests/grid.py:80: Suite splitting in effect</skipped></testcase><testcase classname="src.pymortests.grid" file="src/pymortests/grid.py" line="80" name="test_subentities_entry_values_unique[&lt;lambda&gt;21]" time="0.0004413127899169922"><skipped message="Suite splitting in effect" type="pytest.skip">src/pymortests/grid.py:80: Suite splitting in effect</skipped></testcase><testcase classname="src.pymortests.grid" file="src/pymortests/grid.py" line="80" name="test_subentities_entry_values_unique[&lt;lambda&gt;22]" time="0.0006012916564941406"><skipped message="Suite splitting in effect" type="pytest.skip">src/pymortests/grid.py:80: Suite splitting in effect</skipped></testcase><testcase classname="src.pymortests.grid" file="src/pymortests/grid.py" line="80" name="test_subentities_entry_values_unique[&lt;lambda&gt;23]" time="0.0011413097381591797"><skipped message="Suite splitting in effect" type="pytest.skip">src/pymortests/grid.py:80: Suite splitting in effect</skipped></testcase><testcase classname="src.pymortests.grid" file="src/pymortests/grid.py" line="80" name="test_subentities_entry_values_unique[&lt;lambda&gt;24]" time="0.00048422813415527344"><skipped message="Suite splitting in effect" type="pytest.skip">src/pymortests/grid.py:80: Suite splitting in effect</skipped></testcase><testcase classname="src.pymortests.grid" file="src/pymortests/grid.py" line="80" name="test_subentities_entry_values_unique[&lt;lambda&gt;25]" time="0.0005478858947753906"><skipped message="Suite splitting in effect" type="pytest.skip">src/pymortests/grid.py:80: Suite splitting in effect</skipped></testcase><testcase classname="src.pymortests.grid" file="src/pymortests/grid.py" line="80" name="test_subentities_entry_values_unique[&lt;lambda&gt;26]" time="0.0005023479461669922"><skipped message="Suite splitting in effect" type="pytest.skip">src/pymortests/grid.py:80: Suite splitting in effect</skipped></testcase><testcase classname="src.pymortests.grid" file="src/pymortests/grid.py" line="80" name="test_subentities_entry_values_unique[&lt;lambda&gt;27]" time="0.0005052089691162109"><skipped message="Suite splitting in effect" type="pytest.skip">src/pymortests/grid.py:80: Suite splitting in effect</skipped></testcase><testcase classname="src.pymortests.grid" file="src/pymortests/grid.py" line="80" name="test_subentities_entry_values_unique[&lt;lambda&gt;28]" time="0.0004668235778808594"><skipped message="Suite splitting in effect" type="pytest.skip">src/pymortests/grid.py:80: Suite splitting in effect</skipped></testcase><testcase classname="src.pymortests.grid" file="src/pymortests/grid.py" line="80" name="test_subentities_entry_values_unique[&lt;lambda&gt;29]" time="0.0004906654357910156"><skipped message="Suite splitting in effect" type="pytest.skip">src/pymortests/grid.py:80: Suite splitting in effect</skipped></testcase><testcase classname="src.pymortests.grid" file="src/pymortests/grid.py" line="80" name="test_subentities_entry_values_unique[&lt;lambda&gt;30]" time="0.0004839897155761719"><skipped message="Suite splitting in effect" type="pytest.skip">src/pymortests/grid.py:80: Suite splitting in effect</skipped></testcase><testcase classname="src.pymortests.grid" file="src/pymortests/grid.py" line="80" name="test_subentities_entry_values_unique[&lt;lambda&gt;31]" time="0.0008633136749267578"><skipped message="Suite splitting in effect" type="pytest.skip">src/pymortests/grid.py:80: Suite splitting in effect</skipped></testcase><testcase classname="src.pymortests.grid" file="src/pymortests/grid.py" line="80" name="test_subentities_entry_values_unique[&lt;lambda&gt;32]" time="0.0005102157592773438"><skipped message="Suite splitting in effect" type="pytest.skip">src/pymortests/grid.py:80: Suite splitting in effect</skipped></testcase><testcase classname="src.pymortests.grid" file="src/pymortests/grid.py" line="80" name="test_subentities_entry_values_unique[&lt;lambda&gt;33]" time="0.0005366802215576172"><skipped message="Suite splitting in effect" type="pytest.skip">src/pymortests/grid.py:80: Suite splitting in effect</skipped></testcase><testcase classname="src.pymortests.grid" file="src/pymortests/grid.py" line="80" name="test_subentities_entry_values_unique[&lt;lambda&gt;34]" time="0.000553131103515625"><skipped message="Suite splitting in effect" type="pytest.skip">src/pymortests/grid.py:80: Suite splitting in effect</skipped></testcase><testcase classname="src.pymortests.grid" file="src/pymortests/grid.py" line="80" name="test_subentities_entry_values_unique[&lt;lambda&gt;35]" time="0.0005426406860351562"><skipped message="Suite splitting in effect" type="pytest.skip">src/pymortests/grid.py:80: Suite splitting in effect</skipped></testcase><testcase classname="src.pymortests.grid" file="src/pymortests/grid.py" line="80" name="test_subentities_entry_values_unique[&lt;lambda&gt;36]" time="0.0006320476531982422"><skipped message="Suite splitting in effect" type="pytest.skip">src/pymortests/grid.py:80: Suite splitting in effect</skipped></testcase><testcase classname="src.pymortests.grid" file="src/pymortests/grid.py" line="80" name="test_subentities_entry_values_unique[&lt;lambda&gt;37]" time="0.0005588531494140625"><skipped message="Suite splitting in effect" type="pytest.skip">src/pymortests/grid.py:80: Suite splitting in effect</skipped></testcase><testcase classname="src.pymortests.grid" file="src/pymortests/grid.py" line="80" name="test_subentities_entry_values_unique[&lt;lambda&gt;38]" time="0.0005621910095214844"><skipped message="Suite splitting in effect" type="pytest.skip">src/pymortests/grid.py:80: Suite splitting in effect</skipped></testcase><testcase classname="src.pymortests.grid" file="src/pymortests/grid.py" line="80" name="test_subentities_entry_values_unique[&lt;lambda&gt;39]" time="0.0009531974792480469"><skipped message="Suite splitting in effect" type="pytest.skip">src/pymortests/grid.py:80: Suite splitting in effect</skipped></testcase><testcase classname="src.pymortests.grid" file="src/pymortests/grid.py" line="80" name="test_subentities_entry_values_unique[&lt;lambda&gt;40]" time="0.00048351287841796875"><skipped message="Suite splitting in effect" type="pytest.skip">src/pymortests/grid.py:80: Suite splitting in effect</skipped></testcase><testcase classname="src.pymortests.grid" file="src/pymortests/grid.py" line="80" name="test_subentities_entry_values_unique[&lt;lambda&gt;41]" time="0.0005893707275390625"><skipped message="Suite splitting in effect" type="pytest.skip">src/pymortests/grid.py:80: Suite splitting in effect</skipped></testcase><testcase classname="src.pymortests.grid" file="src/pymortests/grid.py" line="80" name="test_subentities_entry_values_unique[&lt;lambda&gt;42]" time="0.0004928112030029297"><skipped message="Suite splitting in effect" type="pytest.skip">src/pymortests/grid.py:80: Suite splitting in effect</skipped></testcase><testcase classname="src.pymortests.grid" file="src/pymortests/grid.py" line="89" name="test_subentities_codim_d_codim_d[&lt;lambda&gt;0]" time="0.0005245208740234375"><skipped message="Suite splitting in effect" type="pytest.skip">src/pymortests/grid.py:89: Suite splitting in effect</skipped></testcase><testcase classname="src.pymortests.grid" file="src/pymortests/grid.py" line="89" name="test_subentities_codim_d_codim_d[&lt;lambda&gt;1]" time="0.0004863739013671875"><skipped message="Suite splitting in effect" type="pytest.skip">src/pymortests/grid.py:89: Suite splitting in effect</skipped></testcase><testcase classname="src.pymortests.grid" file="src/pymortests/grid.py" line="89" name="test_subentities_codim_d_codim_d[&lt;lambda&gt;2]" time="0.0004818439483642578"><skipped message="Suite splitting in effect" type="pytest.skip">src/pymortests/grid.py:89: Suite splitting in effect</skipped></testcase><testcase classname="src.pymortests.grid" file="src/pymortests/grid.py" line="89" name="test_subentities_codim_d_codim_d[&lt;lambda&gt;3]" time="0.0005691051483154297"><skipped message="Suite splitting in effect" type="pytest.skip">src/pymortests/grid.py:89: Suite splitting in effect</skipped></testcase><testcase classname="src.pymortests.grid" file="src/pymortests/grid.py" line="89" name="test_subentities_codim_d_codim_d[&lt;lambda&gt;4]" time="0.0009534358978271484"><skipped message="Suite splitting in effect" type="pytest.skip">src/pymortests/grid.py:89: Suite splitting in effect</skipped></testcase><testcase classname="src.pymortests.grid" file="src/pymortests/grid.py" line="89" name="test_subentities_codim_d_codim_d[&lt;lambda&gt;5]" time="0.0005297660827636719"><skipped message="Suite splitting in effect" type="pytest.skip">src/pymortests/grid.py:89: Suite splitting in effect</skipped></testcase><testcase classname="src.pymortests.grid" file="src/pymortests/grid.py" line="89" name="test_subentities_codim_d_codim_d[&lt;lambda&gt;6]" time="0.0005397796630859375"><skipped message="Suite splitting in effect" type="pytest.skip">src/pymortests/grid.py:89: Suite splitting in effect</skipped></testcase><testcase classname="src.pymortests.grid" file="src/pymortests/grid.py" line="89" name="test_subentities_codim_d_codim_d[&lt;lambda&gt;7]" time="0.0005311965942382812"><skipped message="Suite splitting in effect" type="pytest.skip">src/pymortests/grid.py:89: Suite splitting in effect</skipped></testcase><testcase classname="src.pymortests.grid" file="src/pymortests/grid.py" line="89" name="test_subentities_codim_d_codim_d[&lt;lambda&gt;8]" time="0.0005576610565185547"><skipped message="Suite splitting in effect" type="pytest.skip">src/pymortests/grid.py:89: Suite splitting in effect</skipped></testcase><testcase classname="src.pymortests.grid" file="src/pymortests/grid.py" line="89" name="test_subentities_codim_d_codim_d[&lt;lambda&gt;9]" time="0.0004742145538330078"><skipped message="Suite splitting in effect" type="pytest.skip">src/pymortests/grid.py:89: Suite splitting in effect</skipped></testcase><testcase classname="src.pymortests.grid" file="src/pymortests/grid.py" line="89" name="test_subentities_codim_d_codim_d[&lt;lambda&gt;10]" time="0.0004830360412597656"><skipped message="Suite splitting in effect" type="pytest.skip">src/pymortests/grid.py:89: Suite splitting in effect</skipped></testcase><testcase classname="src.pymortests.grid" file="src/pymortests/grid.py" line="89" name="test_subentities_codim_d_codim_d[&lt;lambda&gt;11]" time="0.0005314350128173828"><skipped message="Suite splitting in effect" type="pytest.skip">src/pymortests/grid.py:89: Suite splitting in effect</skipped></testcase><testcase classname="src.pymortests.grid" file="src/pymortests/grid.py" line="89" name="test_subentities_codim_d_codim_d[&lt;lambda&gt;12]" time="0.0011000633239746094"><skipped message="Suite splitting in effect" type="pytest.skip">src/pymortests/grid.py:89: Suite splitting in effect</skipped></testcase><testcase classname="src.pymortests.grid" file="src/pymortests/grid.py" line="89" name="test_subentities_codim_d_codim_d[&lt;lambda&gt;13]" time="0.0007243156433105469"><skipped message="Suite splitting in effect" type="pytest.skip">src/pymortests/grid.py:89: Suite splitting in effect</skipped></testcase><testcase classname="src.pymortests.grid" file="src/pymortests/grid.py" line="89" name="test_subentities_codim_d_codim_d[&lt;lambda&gt;14]" time="0.0005500316619873047"><skipped message="Suite splitting in effect" type="pytest.skip">src/pymortests/grid.py:89: Suite splitting in effect</skipped></testcase><testcase classname="src.pymortests.grid" file="src/pymortests/grid.py" line="89" name="test_subentities_codim_d_codim_d[&lt;lambda&gt;15]" time="0.0005373954772949219"><skipped message="Suite splitting in effect" type="pytest.skip">src/pymortests/grid.py:89: Suite splitting in effect</skipped></testcase><testcase classname="src.pymortests.grid" file="src/pymortests/grid.py" line="89" name="test_subentities_codim_d_codim_d[&lt;lambda&gt;16]" time="0.0004930496215820312"><skipped message="Suite splitting in effect" type="pytest.skip">src/pymortests/grid.py:89: Suite splitting in effect</skipped></testcase><testcase classname="src.pymortests.grid" file="src/pymortests/grid.py" line="89" name="test_subentities_codim_d_codim_d[&lt;lambda&gt;17]" time="0.000560760498046875"><skipped message="Suite splitting in effect" type="pytest.skip">src/pymortests/grid.py:89: Suite splitting in effect</skipped></testcase><testcase classname="src.pymortests.grid" file="src/pymortests/grid.py" line="89" name="test_subentities_codim_d_codim_d[&lt;lambda&gt;18]" time="0.0005369186401367188"><skipped message="Suite splitting in effect" type="pytest.skip">src/pymortests/grid.py:89: Suite splitting in effect</skipped></testcase><testcase classname="src.pymortests.grid" file="src/pymortests/grid.py" line="89" name="test_subentities_codim_d_codim_d[&lt;lambda&gt;19]" time="0.00044226646423339844"><skipped message="Suite splitting in effect" type="pytest.skip">src/pymortests/grid.py:89: Suite splitting in effect</skipped></testcase><testcase classname="src.pymortests.grid" file="src/pymortests/grid.py" line="89" name="test_subentities_codim_d_codim_d[&lt;lambda&gt;20]" time="0.0008411407470703125"><skipped message="Suite splitting in effect" type="pytest.skip">src/pymortests/grid.py:89: Suite splitting in effect</skipped></testcase><testcase classname="src.pymortests.grid" file="src/pymortests/grid.py" line="89" name="test_subentities_codim_d_codim_d[&lt;lambda&gt;21]" time="0.0005018711090087891"><skipped message="Suite splitting in effect" type="pytest.skip">src/pymortests/grid.py:89: Suite splitting in effect</skipped></testcase><testcase classname="src.pymortests.grid" file="src/pymortests/grid.py" line="89" name="test_subentities_codim_d_codim_d[&lt;lambda&gt;22]" time="0.0004947185516357422"><skipped message="Suite splitting in effect" type="pytest.skip">src/pymortests/grid.py:89: Suite splitting in effect</skipped></testcase><testcase classname="src.pymortests.grid" file="src/pymortests/grid.py" line="89" name="test_subentities_codim_d_codim_d[&lt;lambda&gt;23]" time="0.0004742145538330078"><skipped message="Suite splitting in effect" type="pytest.skip">src/pymortests/grid.py:89: Suite splitting in effect</skipped></testcase><testcase classname="src.pymortests.grid" file="src/pymortests/grid.py" line="89" name="test_subentities_codim_d_codim_d[&lt;lambda&gt;24]" time="0.0005316734313964844"><skipped message="Suite splitting in effect" type="pytest.skip">src/pymortests/grid.py:89: Suite splitting in effect</skipped></testcase><testcase classname="src.pymortests.grid" file="src/pymortests/grid.py" line="89" name="test_subentities_codim_d_codim_d[&lt;lambda&gt;25]" time="0.00046634674072265625"><skipped message="Suite splitting in effect" type="pytest.skip">src/pymortests/grid.py:89: Suite splitting in effect</skipped></testcase><testcase classname="src.pymortests.grid" file="src/pymortests/grid.py" line="89" name="test_subentities_codim_d_codim_d[&lt;lambda&gt;26]" time="0.0006127357482910156"><skipped message="Suite splitting in effect" type="pytest.skip">src/pymortests/grid.py:89: Suite splitting in effect</skipped></testcase><testcase classname="src.pymortests.grid" file="src/pymortests/grid.py" line="89" name="test_subentities_codim_d_codim_d[&lt;lambda&gt;27]" time="0.0005640983581542969"><skipped message="Suite splitting in effect" type="pytest.skip">src/pymortests/grid.py:89: Suite splitting in effect</skipped></testcase><testcase classname="src.pymortests.grid" file="src/pymortests/grid.py" line="89" name="test_subentities_codim_d_codim_d[&lt;lambda&gt;28]" time="0.0009732246398925781"><skipped message="Suite splitting in effect" type="pytest.skip">src/pymortests/grid.py:89: Suite splitting in effect</skipped></testcase><testcase classname="src.pymortests.grid" file="src/pymortests/grid.py" line="89" name="test_subentities_codim_d_codim_d[&lt;lambda&gt;29]" time="0.0005545616149902344"><skipped message="Suite splitting in effect" type="pytest.skip">src/pymortests/grid.py:89: Suite splitting in effect</skipped></testcase><testcase classname="src.pymortests.grid" file="src/pymortests/grid.py" line="89" name="test_subentities_codim_d_codim_d[&lt;lambda&gt;30]" time="0.0005114078521728516"><skipped message="Suite splitting in effect" type="pytest.skip">src/pymortests/grid.py:89: Suite splitting in effect</skipped></testcase><testcase classname="src.pymortests.grid" file="src/pymortests/grid.py" line="89" name="test_subentities_codim_d_codim_d[&lt;lambda&gt;31]" time="0.0005118846893310547"><skipped message="Suite splitting in effect" type="pytest.skip">src/pymortests/grid.py:89: Suite splitting in effect</skipped></testcase><testcase classname="src.pymortests.grid" file="src/pymortests/grid.py" line="89" name="test_subentities_codim_d_codim_d[&lt;lambda&gt;32]" time="0.0004451274871826172"><skipped message="Suite splitting in effect" type="pytest.skip">src/pymortests/grid.py:89: Suite splitting in effect</skipped></testcase><testcase classname="src.pymortests.grid" file="src/pymortests/grid.py" line="89" name="test_subentities_codim_d_codim_d[&lt;lambda&gt;33]" time="0.0005891323089599609"><skipped message="Suite splitting in effect" type="pytest.skip">src/pymortests/grid.py:89: Suite splitting in effect</skipped></testcase><testcase classname="src.pymortests.grid" file="src/pymortests/grid.py" line="89" name="test_subentities_codim_d_codim_d[&lt;lambda&gt;34]" time="0.00045418739318847656"><skipped message="Suite splitting in effect" type="pytest.skip">src/pymortests/grid.py:89: Suite splitting in effect</skipped></testcase><testcase classname="src.pymortests.grid" file="src/pymortests/grid.py" line="89" name="test_subentities_codim_d_codim_d[&lt;lambda&gt;35]" time="0.0005080699920654297"><skipped message="Suite splitting in effect" type="pytest.skip">src/pymortests/grid.py:89: Suite splitting in effect</skipped></testcase><testcase classname="src.pymortests.grid" file="src/pymortests/grid.py" line="89" name="test_subentities_codim_d_codim_d[&lt;lambda&gt;36]" time="0.0008008480072021484"><skipped message="Suite splitting in effect" type="pytest.skip">src/pymortests/grid.py:89: Suite splitting in effect</skipped></testcase><testcase classname="src.pymortests.grid" file="src/pymortests/grid.py" line="89" name="test_subentities_codim_d_codim_d[&lt;lambda&gt;37]" time="0.0005097389221191406"><skipped message="Suite splitting in effect" type="pytest.skip">src/pymortests/grid.py:89: Suite splitting in effect</skipped></testcase><testcase classname="src.pymortests.grid" file="src/pymortests/grid.py" line="89" name="test_subentities_codim_d_codim_d[&lt;lambda&gt;38]" time="0.0004475116729736328"><skipped message="Suite splitting in effect" type="pytest.skip">src/pymortests/grid.py:89: Suite splitting in effect</skipped></testcase><testcase classname="src.pymortests.grid" file="src/pymortests/grid.py" line="89" name="test_subentities_codim_d_codim_d[&lt;lambda&gt;39]" time="0.0004620552062988281"><skipped message="Suite splitting in effect" type="pytest.skip">src/pymortests/grid.py:89: Suite splitting in effect</skipped></testcase><testcase classname="src.pymortests.grid" file="src/pymortests/grid.py" line="89" name="test_subentities_codim_d_codim_d[&lt;lambda&gt;40]" time="0.0004868507385253906"><skipped message="Suite splitting in effect" type="pytest.skip">src/pymortests/grid.py:89: Suite splitting in effect</skipped></testcase><testcase classname="src.pymortests.grid" file="src/pymortests/grid.py" line="89" name="test_subentities_codim_d_codim_d[&lt;lambda&gt;41]" time="0.00043845176696777344"><skipped message="Suite splitting in effect" type="pytest.skip">src/pymortests/grid.py:89: Suite splitting in effect</skipped></testcase><testcase classname="src.pymortests.grid" file="src/pymortests/grid.py" line="89" name="test_subentities_codim_d_codim_d[&lt;lambda&gt;42]" time="0.0005176067352294922"><skipped message="Suite splitting in effect" type="pytest.skip">src/pymortests/grid.py:89: Suite splitting in effect</skipped></testcase><testcase classname="src.pymortests.grid" file="src/pymortests/grid.py" line="96" name="test_subentities_transitivity[&lt;lambda&gt;0]" time="0.0004849433898925781"><skipped message="Suite splitting in effect" type="pytest.skip">src/pymortests/grid.py:96: Suite splitting in effect</skipped></testcase><testcase classname="src.pymortests.grid" file="src/pymortests/grid.py" line="96" name="test_subentities_transitivity[&lt;lambda&gt;1]" time="0.0009045600891113281"><skipped message="Suite splitting in effect" type="pytest.skip">src/pymortests/grid.py:96: Suite splitting in effect</skipped></testcase><testcase classname="src.pymortests.grid" file="src/pymortests/grid.py" line="96" name="test_subentities_transitivity[&lt;lambda&gt;2]" time="0.0007188320159912109"><skipped message="Suite splitting in effect" type="pytest.skip">src/pymortests/grid.py:96: Suite splitting in effect</skipped></testcase><testcase classname="src.pymortests.grid" file="src/pymortests/grid.py" line="96" name="test_subentities_transitivity[&lt;lambda&gt;3]" time="0.0006129741668701172"><skipped message="Suite splitting in effect" type="pytest.skip">src/pymortests/grid.py:96: Suite splitting in effect</skipped></testcase><testcase classname="src.pymortests.grid" file="src/pymortests/grid.py" line="96" name="test_subentities_transitivity[&lt;lambda&gt;4]" time="0.0005035400390625"><skipped message="Suite splitting in effect" type="pytest.skip">src/pymortests/grid.py:96: Suite splitting in effect</skipped></testcase><testcase classname="src.pymortests.grid" file="src/pymortests/grid.py" line="96" name="test_subentities_transitivity[&lt;lambda&gt;5]" time="0.0005097389221191406"><skipped message="Suite splitting in effect" type="pytest.skip">src/pymortests/grid.py:96: Suite splitting in effect</skipped></testcase><testcase classname="src.pymortests.grid" file="src/pymortests/grid.py" line="96" name="test_subentities_transitivity[&lt;lambda&gt;6]" time="0.0005400180816650391"><skipped message="Suite splitting in effect" type="pytest.skip">src/pymortests/grid.py:96: Suite splitting in effect</skipped></testcase><testcase classname="src.pymortests.grid" file="src/pymortests/grid.py" line="96" name="test_subentities_transitivity[&lt;lambda&gt;7]" time="0.0005471706390380859"><skipped message="Suite splitting in effect" type="pytest.skip">src/pymortests/grid.py:96: Suite splitting in effect</skipped></testcase><testcase classname="src.pymortests.grid" file="src/pymortests/grid.py" line="96" name="test_subentities_transitivity[&lt;lambda&gt;8]" time="0.0004951953887939453"><skipped message="Suite splitting in effect" type="pytest.skip">src/pymortests/grid.py:96: Suite splitting in effect</skipped></testcase><testcase classname="src.pymortests.grid" file="src/pymortests/grid.py" line="96" name="test_subentities_transitivity[&lt;lambda&gt;9]" time="0.0007991790771484375"><skipped message="Suite splitting in effect" type="pytest.skip">src/pymortests/grid.py:96: Suite splitting in effect</skipped></testcase><testcase classname="src.pymortests.grid" file="src/pymortests/grid.py" line="96" name="test_subentities_transitivity[&lt;lambda&gt;10]" time="0.0005822181701660156"><skipped message="Suite splitting in effect" type="pytest.skip">src/pymortests/grid.py:96: Suite splitting in effect</skipped></testcase><testcase classname="src.pymortests.grid" file="src/pymortests/grid.py" line="96" name="test_subentities_transitivity[&lt;lambda&gt;11]" time="0.0005538463592529297"><skipped message="Suite splitting in effect" type="pytest.skip">src/pymortests/grid.py:96: Suite splitting in effect</skipped></testcase><testcase classname="src.pymortests.grid" file="src/pymortests/grid.py" line="96" name="test_subentities_transitivity[&lt;lambda&gt;12]" time="0.0004782676696777344"><skipped message="Suite splitting in effect" type="pytest.skip">src/pymortests/grid.py:96: Suite splitting in effect</skipped></testcase><testcase classname="src.pymortests.grid" file="src/pymortests/grid.py" line="96" name="test_subentities_transitivity[&lt;lambda&gt;13]" time="0.0005114078521728516"><skipped message="Suite splitting in effect" type="pytest.skip">src/pymortests/grid.py:96: Suite splitting in effect</skipped></testcase><testcase classname="src.pymortests.grid" file="src/pymortests/grid.py" line="96" name="test_subentities_transitivity[&lt;lambda&gt;14]" time="0.0005342960357666016"><skipped message="Suite splitting in effect" type="pytest.skip">src/pymortests/grid.py:96: Suite splitting in effect</skipped></testcase><testcase classname="src.pymortests.grid" file="src/pymortests/grid.py" line="96" name="test_subentities_transitivity[&lt;lambda&gt;15]" time="0.0005064010620117188"><skipped message="Suite splitting in effect" type="pytest.skip">src/pymortests/grid.py:96: Suite splitting in effect</skipped></testcase><testcase classname="src.pymortests.grid" file="src/pymortests/grid.py" line="96" name="test_subentities_transitivity[&lt;lambda&gt;16]" time="0.00043010711669921875"><skipped message="Suite splitting in effect" type="pytest.skip">src/pymortests/grid.py:96: Suite splitting in effect</skipped></testcase><testcase classname="src.pymortests.grid" file="src/pymortests/grid.py" line="96" name="test_subentities_transitivity[&lt;lambda&gt;17]" time="0.0008475780487060547"><skipped message="Suite splitting in effect" type="pytest.skip">src/pymortests/grid.py:96: Suite splitting in effect</skipped></testcase><testcase classname="src.pymortests.grid" file="src/pymortests/grid.py" line="96" name="test_subentities_transitivity[&lt;lambda&gt;18]" time="0.0004699230194091797"><skipped message="Suite splitting in effect" type="pytest.skip">src/pymortests/grid.py:96: Suite splitting in effect</skipped></testcase><testcase classname="src.pymortests.grid" file="src/pymortests/grid.py" line="96" name="test_subentities_transitivity[&lt;lambda&gt;19]" time="0.00044345855712890625"><skipped message="Suite splitting in effect" type="pytest.skip">src/pymortests/grid.py:96: Suite splitting in effect</skipped></testcase><testcase classname="src.pymortests.grid" file="src/pymortests/grid.py" line="96" name="test_subentities_transitivity[&lt;lambda&gt;20]" time="0.0007641315460205078"><skipped message="Suite splitting in effect" type="pytest.skip">src/pymortests/grid.py:96: Suite splitting in effect</skipped></testcase><testcase classname="src.pymortests.grid" file="src/pymortests/grid.py" line="96" name="test_subentities_transitivity[&lt;lambda&gt;21]" time="0.0005495548248291016"><skipped message="Suite splitting in effect" type="pytest.skip">src/pymortests/grid.py:96: Suite splitting in effect</skipped></testcase><testcase classname="src.pymortests.grid" file="src/pymortests/grid.py" line="96" name="test_subentities_transitivity[&lt;lambda&gt;22]" time="0.0005323886871337891"><skipped message="Suite splitting in effect" type="pytest.skip">src/pymortests/grid.py:96: Suite splitting in effect</skipped></testcase><testcase classname="src.pymortests.grid" file="src/pymortests/grid.py" line="96" name="test_subentities_transitivity[&lt;lambda&gt;23]" time="0.00047469139099121094"><skipped message="Suite splitting in effect" type="pytest.skip">src/pymortests/grid.py:96: Suite splitting in effect</skipped></testcase><testcase classname="src.pymortests.grid" file="src/pymortests/grid.py" line="96" name="test_subentities_transitivity[&lt;lambda&gt;24]" time="0.0004913806915283203"><skipped message="Suite splitting in effect" type="pytest.skip">src/pymortests/grid.py:96: Suite splitting in effect</skipped></testcase><testcase classname="src.pymortests.grid" file="src/pymortests/grid.py" line="96" name="test_subentities_transitivity[&lt;lambda&gt;25]" time="0.0011184215545654297"><skipped message="Suite splitting in effect" type="pytest.skip">src/pymortests/grid.py:96: Suite splitting in effect</skipped></testcase><testcase classname="src.pymortests.grid" file="src/pymortests/grid.py" line="96" name="test_subentities_transitivity[&lt;lambda&gt;26]" time="0.0006098747253417969"><skipped message="Suite splitting in effect" type="pytest.skip">src/pymortests/grid.py:96: Suite splitting in effect</skipped></testcase><testcase classname="src.pymortests.grid" file="src/pymortests/grid.py" line="96" name="test_subentities_transitivity[&lt;lambda&gt;27]" time="0.0004885196685791016"><skipped message="Suite splitting in effect" type="pytest.skip">src/pymortests/grid.py:96: Suite splitting in effect</skipped></testcase><testcase classname="src.pymortests.grid" file="src/pymortests/grid.py" line="96" name="test_subentities_transitivity[&lt;lambda&gt;28]" time="0.0005965232849121094"><skipped message="Suite splitting in effect" type="pytest.skip">src/pymortests/grid.py:96: Suite splitting in effect</skipped></testcase><testcase classname="src.pymortests.grid" file="src/pymortests/grid.py" line="96" name="test_subentities_transitivity[&lt;lambda&gt;29]" time="0.0005099773406982422"><skipped message="Suite splitting in effect" type="pytest.skip">src/pymortests/grid.py:96: Suite splitting in effect</skipped></testcase><testcase classname="src.pymortests.grid" file="src/pymortests/grid.py" line="96" name="test_subentities_transitivity[&lt;lambda&gt;30]" time="0.0004932880401611328"><skipped message="Suite splitting in effect" type="pytest.skip">src/pymortests/grid.py:96: Suite splitting in effect</skipped></testcase><testcase classname="src.pymortests.grid" file="src/pymortests/grid.py" line="96" name="test_subentities_transitivity[&lt;lambda&gt;31]" time="0.00048542022705078125"><skipped message="Suite splitting in effect" type="pytest.skip">src/pymortests/grid.py:96: Suite splitting in effect</skipped></testcase><testcase classname="src.pymortests.grid" file="src/pymortests/grid.py" line="96" name="test_subentities_transitivity[&lt;lambda&gt;32]" time="0.0004425048828125"><skipped message="Suite splitting in effect" type="pytest.skip">src/pymortests/grid.py:96: Suite splitting in effect</skipped></testcase><testcase classname="src.pymortests.grid" file="src/pymortests/grid.py" line="96" name="test_subentities_transitivity[&lt;lambda&gt;33]" time="0.000885009765625"><skipped message="Suite splitting in effect" type="pytest.skip">src/pymortests/grid.py:96: Suite splitting in effect</skipped></testcase><testcase classname="src.pymortests.grid" file="src/pymortests/grid.py" line="96" name="test_subentities_transitivity[&lt;lambda&gt;34]" time="0.0004649162292480469"><skipped message="Suite splitting in effect" type="pytest.skip">src/pymortests/grid.py:96: Suite splitting in effect</skipped></testcase><testcase classname="src.pymortests.grid" file="src/pymortests/grid.py" line="96" name="test_subentities_transitivity[&lt;lambda&gt;35]" time="0.0004849433898925781"><skipped message="Suite splitting in effect" type="pytest.skip">src/pymortests/grid.py:96: Suite splitting in effect</skipped></testcase><testcase classname="src.pymortests.grid" file="src/pymortests/grid.py" line="96" name="test_subentities_transitivity[&lt;lambda&gt;36]" time="0.0004544258117675781"><skipped message="Suite splitting in effect" type="pytest.skip">src/pymortests/grid.py:96: Suite splitting in effect</skipped></testcase><testcase classname="src.pymortests.grid" file="src/pymortests/grid.py" line="96" name="test_subentities_transitivity[&lt;lambda&gt;37]" time="0.0005881786346435547"><skipped message="Suite splitting in effect" type="pytest.skip">src/pymortests/grid.py:96: Suite splitting in effect</skipped></testcase><testcase classname="src.pymortests.grid" file="src/pymortests/grid.py" line="96" name="test_subentities_transitivity[&lt;lambda&gt;38]" time="0.0005605220794677734"><skipped message="Suite splitting in effect" type="pytest.skip">src/pymortests/grid.py:96: Suite splitting in effect</skipped></testcase><testcase classname="src.pymortests.grid" file="src/pymortests/grid.py" line="96" name="test_subentities_transitivity[&lt;lambda&gt;39]" time="0.0005116462707519531"><skipped message="Suite splitting in effect" type="pytest.skip">src/pymortests/grid.py:96: Suite splitting in effect</skipped></testcase><testcase classname="src.pymortests.grid" file="src/pymortests/grid.py" line="96" name="test_subentities_transitivity[&lt;lambda&gt;40]" time="0.0005202293395996094"><skipped message="Suite splitting in effect" type="pytest.skip">src/pymortests/grid.py:96: Suite splitting in effect</skipped></testcase><testcase classname="src.pymortests.grid" file="src/pymortests/grid.py" line="96" name="test_subentities_transitivity[&lt;lambda&gt;41]" time="0.0008902549743652344"><skipped message="Suite splitting in effect" type="pytest.skip">src/pymortests/grid.py:96: Suite splitting in effect</skipped></testcase><testcase classname="src.pymortests.grid" file="src/pymortests/grid.py" line="96" name="test_subentities_transitivity[&lt;lambda&gt;42]" time="0.0005140304565429688"><skipped message="Suite splitting in effect" type="pytest.skip">src/pymortests/grid.py:96: Suite splitting in effect</skipped></testcase><testcase classname="src.pymortests.grid" file="src/pymortests/grid.py" line="110" name="test_superentities_wrong_arguments[&lt;lambda&gt;0]" time="0.0004260540008544922"><skipped message="Suite splitting in effect" type="pytest.skip">src/pymortests/grid.py:110: Suite splitting in effect</skipped></testcase><testcase classname="src.pymortests.grid" file="src/pymortests/grid.py" line="110" name="test_superentities_wrong_arguments[&lt;lambda&gt;1]" time="0.0004944801330566406"><skipped message="Suite splitting in effect" type="pytest.skip">src/pymortests/grid.py:110: Suite splitting in effect</skipped></testcase><testcase classname="src.pymortests.grid" file="src/pymortests/grid.py" line="110" name="test_superentities_wrong_arguments[&lt;lambda&gt;2]" time="0.0005373954772949219"><skipped message="Suite splitting in effect" type="pytest.skip">src/pymortests/grid.py:110: Suite splitting in effect</skipped></testcase><testcase classname="src.pymortests.grid" file="src/pymortests/grid.py" line="110" name="test_superentities_wrong_arguments[&lt;lambda&gt;3]" time="0.0005617141723632812"><skipped message="Suite splitting in effect" type="pytest.skip">src/pymortests/grid.py:110: Suite splitting in effect</skipped></testcase><testcase classname="src.pymortests.grid" file="src/pymortests/grid.py" line="110" name="test_superentities_wrong_arguments[&lt;lambda&gt;4]" time="0.0004878044128417969"><skipped message="Suite splitting in effect" type="pytest.skip">src/pymortests/grid.py:110: Suite splitting in effect</skipped></testcase><testcase classname="src.pymortests.grid" file="src/pymortests/grid.py" line="110" name="test_superentities_wrong_arguments[&lt;lambda&gt;5]" time="0.0005137920379638672"><skipped message="Suite splitting in effect" type="pytest.skip">src/pymortests/grid.py:110: Suite splitting in effect</skipped></testcase><testcase classname="src.pymortests.grid" file="src/pymortests/grid.py" line="110" name="test_superentities_wrong_arguments[&lt;lambda&gt;6]" time="0.0008385181427001953"><skipped message="Suite splitting in effect" type="pytest.skip">src/pymortests/grid.py:110: Suite splitting in effect</skipped></testcase><testcase classname="src.pymortests.grid" file="src/pymortests/grid.py" line="110" name="test_superentities_wrong_arguments[&lt;lambda&gt;7]" time="0.0004315376281738281"><skipped message="Suite splitting in effect" type="pytest.skip">src/pymortests/grid.py:110: Suite splitting in effect</skipped></testcase><testcase classname="src.pymortests.grid" file="src/pymortests/grid.py" line="110" name="test_superentities_wrong_arguments[&lt;lambda&gt;8]" time="0.0005598068237304688"><skipped message="Suite splitting in effect" type="pytest.skip">src/pymortests/grid.py:110: Suite splitting in effect</skipped></testcase><testcase classname="src.pymortests.grid" file="src/pymortests/grid.py" line="110" name="test_superentities_wrong_arguments[&lt;lambda&gt;9]" time="0.0005326271057128906"><skipped message="Suite splitting in effect" type="pytest.skip">src/pymortests/grid.py:110: Suite splitting in effect</skipped></testcase><testcase classname="src.pymortests.grid" file="src/pymortests/grid.py" line="110" name="test_superentities_wrong_arguments[&lt;lambda&gt;10]" time="0.0004336833953857422"><skipped message="Suite splitting in effect" type="pytest.skip">src/pymortests/grid.py:110: Suite splitting in effect</skipped></testcase><testcase classname="src.pymortests.grid" file="src/pymortests/grid.py" line="110" name="test_superentities_wrong_arguments[&lt;lambda&gt;11]" time="0.0005397796630859375"><skipped message="Suite splitting in effect" type="pytest.skip">src/pymortests/grid.py:110: Suite splitting in effect</skipped></testcase><testcase classname="src.pymortests.grid" file="src/pymortests/grid.py" line="110" name="test_superentities_wrong_arguments[&lt;lambda&gt;12]" time="0.0005059242248535156"><skipped message="Suite splitting in effect" type="pytest.skip">src/pymortests/grid.py:110: Suite splitting in effect</skipped></testcase><testcase classname="src.pymortests.grid" file="src/pymortests/grid.py" line="110" name="test_superentities_wrong_arguments[&lt;lambda&gt;13]" time="0.0004515647888183594"><skipped message="Suite splitting in effect" type="pytest.skip">src/pymortests/grid.py:110: Suite splitting in effect</skipped></testcase><testcase classname="src.pymortests.grid" file="src/pymortests/grid.py" line="110" name="test_superentities_wrong_arguments[&lt;lambda&gt;14]" time="0.0008389949798583984"><skipped message="Suite splitting in effect" type="pytest.skip">src/pymortests/grid.py:110: Suite splitting in effect</skipped></testcase><testcase classname="src.pymortests.grid" file="src/pymortests/grid.py" line="110" name="test_superentities_wrong_arguments[&lt;lambda&gt;15]" time="0.0005662441253662109"><skipped message="Suite splitting in effect" type="pytest.skip">src/pymortests/grid.py:110: Suite splitting in effect</skipped></testcase><testcase classname="src.pymortests.grid" file="src/pymortests/grid.py" line="110" name="test_superentities_wrong_arguments[&lt;lambda&gt;16]" time="0.0005414485931396484"><skipped message="Suite splitting in effect" type="pytest.skip">src/pymortests/grid.py:110: Suite splitting in effect</skipped></testcase><testcase classname="src.pymortests.grid" file="src/pymortests/grid.py" line="110" name="test_superentities_wrong_arguments[&lt;lambda&gt;17]" time="0.0004849433898925781"><skipped message="Suite splitting in effect" type="pytest.skip">src/pymortests/grid.py:110: Suite splitting in effect</skipped></testcase><testcase classname="src.pymortests.grid" file="src/pymortests/grid.py" line="110" name="test_superentities_wrong_arguments[&lt;lambda&gt;18]" time="0.0004940032958984375"><skipped message="Suite splitting in effect" type="pytest.skip">src/pymortests/grid.py:110: Suite splitting in effect</skipped></testcase><testcase classname="src.pymortests.grid" file="src/pymortests/grid.py" line="110" name="test_superentities_wrong_arguments[&lt;lambda&gt;19]" time="0.0006568431854248047"><skipped message="Suite splitting in effect" type="pytest.skip">src/pymortests/grid.py:110: Suite splitting in effect</skipped></testcase><testcase classname="src.pymortests.grid" file="src/pymortests/grid.py" line="110" name="test_superentities_wrong_arguments[&lt;lambda&gt;20]" time="0.0005407333374023438"><skipped message="Suite splitting in effect" type="pytest.skip">src/pymortests/grid.py:110: Suite splitting in effect</skipped></testcase><testcase classname="src.pymortests.grid" file="src/pymortests/grid.py" line="110" name="test_superentities_wrong_arguments[&lt;lambda&gt;21]" time="0.0004925727844238281"><skipped message="Suite splitting in effect" type="pytest.skip">src/pymortests/grid.py:110: Suite splitting in effect</skipped></testcase><testcase classname="src.pymortests.grid" file="src/pymortests/grid.py" line="110" name="test_superentities_wrong_arguments[&lt;lambda&gt;22]" time="0.00092315673828125"><skipped message="Suite splitting in effect" type="pytest.skip">src/pymortests/grid.py:110: Suite splitting in effect</skipped></testcase><testcase classname="src.pymortests.grid" file="src/pymortests/grid.py" line="110" name="test_superentities_wrong_arguments[&lt;lambda&gt;23]" time="0.0004429817199707031"><skipped message="Suite splitting in effect" type="pytest.skip">src/pymortests/grid.py:110: Suite splitting in effect</skipped></testcase><testcase classname="src.pymortests.grid" file="src/pymortests/grid.py" line="110" name="test_superentities_wrong_arguments[&lt;lambda&gt;24]" time="0.0005011558532714844"><skipped message="Suite splitting in effect" type="pytest.skip">src/pymortests/grid.py:110: Suite splitting in effect</skipped></testcase><testcase classname="src.pymortests.grid" file="src/pymortests/grid.py" line="110" name="test_superentities_wrong_arguments[&lt;lambda&gt;25]" time="0.00044035911560058594"><skipped message="Suite splitting in effect" type="pytest.skip">src/pymortests/grid.py:110: Suite splitting in effect</skipped></testcase><testcase classname="src.pymortests.grid" file="src/pymortests/grid.py" line="110" name="test_superentities_wrong_arguments[&lt;lambda&gt;26]" time="0.0004611015319824219"><skipped message="Suite splitting in effect" type="pytest.skip">src/pymortests/grid.py:110: Suite splitting in effect</skipped></testcase><testcase classname="src.pymortests.grid" file="src/pymortests/grid.py" line="110" name="test_superentities_wrong_arguments[&lt;lambda&gt;27]" time="0.0004630088806152344"><skipped message="Suite splitting in effect" type="pytest.skip">src/pymortests/grid.py:110: Suite splitting in effect</skipped></testcase><testcase classname="src.pymortests.grid" file="src/pymortests/grid.py" line="110" name="test_superentities_wrong_arguments[&lt;lambda&gt;28]" time="0.0005319118499755859"><skipped message="Suite splitting in effect" type="pytest.skip">src/pymortests/grid.py:110: Suite splitting in effect</skipped></testcase><testcase classname="src.pymortests.grid" file="src/pymortests/grid.py" line="110" name="test_superentities_wrong_arguments[&lt;lambda&gt;29]" time="0.0004353523254394531"><skipped message="Suite splitting in effect" type="pytest.skip">src/pymortests/grid.py:110: Suite splitting in effect</skipped></testcase><testcase classname="src.pymortests.grid" file="src/pymortests/grid.py" line="110" name="test_superentities_wrong_arguments[&lt;lambda&gt;30]" time="0.0007600784301757812"><skipped message="Suite splitting in effect" type="pytest.skip">src/pymortests/grid.py:110: Suite splitting in effect</skipped></testcase><testcase classname="src.pymortests.grid" file="src/pymortests/grid.py" line="110" name="test_superentities_wrong_arguments[&lt;lambda&gt;31]" time="0.0005025863647460938"><skipped message="Suite splitting in effect" type="pytest.skip">src/pymortests/grid.py:110: Suite splitting in effect</skipped></testcase><testcase classname="src.pymortests.grid" file="src/pymortests/grid.py" line="110" name="test_superentities_wrong_arguments[&lt;lambda&gt;32]" time="0.0005178451538085938"><skipped message="Suite splitting in effect" type="pytest.skip">src/pymortests/grid.py:110: Suite splitting in effect</skipped></testcase><testcase classname="src.pymortests.grid" file="src/pymortests/grid.py" line="110" name="test_superentities_wrong_arguments[&lt;lambda&gt;33]" time="0.0005023479461669922"><skipped message="Suite splitting in effect" type="pytest.skip">src/pymortests/grid.py:110: Suite splitting in effect</skipped></testcase><testcase classname="src.pymortests.grid" file="src/pymortests/grid.py" line="110" name="test_superentities_wrong_arguments[&lt;lambda&gt;34]" time="0.0005588531494140625"><skipped message="Suite splitting in effect" type="pytest.skip">src/pymortests/grid.py:110: Suite splitting in effect</skipped></testcase><testcase classname="src.pymortests.grid" file="src/pymortests/grid.py" line="110" name="test_superentities_wrong_arguments[&lt;lambda&gt;35]" time="0.0006229877471923828"><skipped message="Suite splitting in effect" type="pytest.skip">src/pymortests/grid.py:110: Suite splitting in effect</skipped></testcase><testcase classname="src.pymortests.grid" file="src/pymortests/grid.py" line="110" name="test_superentities_wrong_arguments[&lt;lambda&gt;36]" time="0.00048065185546875"><skipped message="Suite splitting in effect" type="pytest.skip">src/pymortests/grid.py:110: Suite splitting in effect</skipped></testcase><testcase classname="src.pymortests.grid" file="src/pymortests/grid.py" line="110" name="test_superentities_wrong_arguments[&lt;lambda&gt;37]" time="0.000453948974609375"><skipped message="Suite splitting in effect" type="pytest.skip">src/pymortests/grid.py:110: Suite splitting in effect</skipped></testcase><testcase classname="src.pymortests.grid" file="src/pymortests/grid.py" line="110" name="test_superentities_wrong_arguments[&lt;lambda&gt;38]" time="0.0008380413055419922"><skipped message="Suite splitting in effect" type="pytest.skip">src/pymortests/grid.py:110: Suite splitting in effect</skipped></testcase><testcase classname="src.pymortests.grid" file="src/pymortests/grid.py" line="110" name="test_superentities_wrong_arguments[&lt;lambda&gt;39]" time="0.0005309581756591797"><skipped message="Suite splitting in effect" type="pytest.skip">src/pymortests/grid.py:110: Suite splitting in effect</skipped></testcase><testcase classname="src.pymortests.grid" file="src/pymortests/grid.py" line="110" name="test_superentities_wrong_arguments[&lt;lambda&gt;40]" time="0.0006127357482910156"><skipped message="Suite splitting in effect" type="pytest.skip">src/pymortests/grid.py:110: Suite splitting in effect</skipped></testcase><testcase classname="src.pymortests.grid" file="src/pymortests/grid.py" line="110" name="test_superentities_wrong_arguments[&lt;lambda&gt;41]" time="0.00047516822814941406"><skipped message="Suite splitting in effect" type="pytest.skip">src/pymortests/grid.py:110: Suite splitting in effect</skipped></testcase><testcase classname="src.pymortests.grid" file="src/pymortests/grid.py" line="110" name="test_superentities_wrong_arguments[&lt;lambda&gt;42]" time="0.00043511390686035156"><skipped message="Suite splitting in effect" type="pytest.skip">src/pymortests/grid.py:110: Suite splitting in effect</skipped></testcase><testcase classname="src.pymortests.grid" file="src/pymortests/grid.py" line="125" name="test_superentities_shape[&lt;lambda&gt;0]" time="0.0005590915679931641"><skipped message="Suite splitting in effect" type="pytest.skip">src/pymortests/grid.py:125: Suite splitting in effect</skipped></testcase><testcase classname="src.pymortests.grid" file="src/pymortests/grid.py" line="125" name="test_superentities_shape[&lt;lambda&gt;1]" time="0.0005867481231689453"><skipped message="Suite splitting in effect" type="pytest.skip">src/pymortests/grid.py:125: Suite splitting in effect</skipped></testcase><testcase classname="src.pymortests.grid" file="src/pymortests/grid.py" line="125" name="test_superentities_shape[&lt;lambda&gt;2]" time="0.0005290508270263672"><skipped message="Suite splitting in effect" type="pytest.skip">src/pymortests/grid.py:125: Suite splitting in effect</skipped></testcase><testcase classname="src.pymortests.grid" file="src/pymortests/grid.py" line="125" name="test_superentities_shape[&lt;lambda&gt;3]" time="0.0011050701141357422"><skipped message="Suite splitting in effect" type="pytest.skip">src/pymortests/grid.py:125: Suite splitting in effect</skipped></testcase><testcase classname="src.pymortests.grid" file="src/pymortests/grid.py" line="125" name="test_superentities_shape[&lt;lambda&gt;4]" time="0.0005679130554199219"><skipped message="Suite splitting in effect" type="pytest.skip">src/pymortests/grid.py:125: Suite splitting in effect</skipped></testcase><testcase classname="src.pymortests.grid" file="src/pymortests/grid.py" line="125" name="test_superentities_shape[&lt;lambda&gt;5]" time="0.0005104541778564453"><skipped message="Suite splitting in effect" type="pytest.skip">src/pymortests/grid.py:125: Suite splitting in effect</skipped></testcase><testcase classname="src.pymortests.grid" file="src/pymortests/grid.py" line="125" name="test_superentities_shape[&lt;lambda&gt;6]" time="0.0004892349243164062"><skipped message="Suite splitting in effect" type="pytest.skip">src/pymortests/grid.py:125: Suite splitting in effect</skipped></testcase><testcase classname="src.pymortests.grid" file="src/pymortests/grid.py" line="125" name="test_superentities_shape[&lt;lambda&gt;7]" time="0.0005238056182861328"><skipped message="Suite splitting in effect" type="pytest.skip">src/pymortests/grid.py:125: Suite splitting in effect</skipped></testcase><testcase classname="src.pymortests.grid" file="src/pymortests/grid.py" line="125" name="test_superentities_shape[&lt;lambda&gt;8]" time="0.0005044937133789062"><skipped message="Suite splitting in effect" type="pytest.skip">src/pymortests/grid.py:125: Suite splitting in effect</skipped></testcase><testcase classname="src.pymortests.grid" file="src/pymortests/grid.py" line="125" name="test_superentities_shape[&lt;lambda&gt;9]" time="0.0004923343658447266"><skipped message="Suite splitting in effect" type="pytest.skip">src/pymortests/grid.py:125: Suite splitting in effect</skipped></testcase><testcase classname="src.pymortests.grid" file="src/pymortests/grid.py" line="125" name="test_superentities_shape[&lt;lambda&gt;10]" time="0.00048279762268066406"><skipped message="Suite splitting in effect" type="pytest.skip">src/pymortests/grid.py:125: Suite splitting in effect</skipped></testcase><testcase classname="src.pymortests.grid" file="src/pymortests/grid.py" line="125" name="test_superentities_shape[&lt;lambda&gt;11]" time="0.0008211135864257812"><skipped message="Suite splitting in effect" type="pytest.skip">src/pymortests/grid.py:125: Suite splitting in effect</skipped></testcase><testcase classname="src.pymortests.grid" file="src/pymortests/grid.py" line="125" name="test_superentities_shape[&lt;lambda&gt;12]" time="0.0005278587341308594"><skipped message="Suite splitting in effect" type="pytest.skip">src/pymortests/grid.py:125: Suite splitting in effect</skipped></testcase><testcase classname="src.pymortests.grid" file="src/pymortests/grid.py" line="125" name="test_superentities_shape[&lt;lambda&gt;13]" time="0.0005705356597900391"><skipped message="Suite splitting in effect" type="pytest.skip">src/pymortests/grid.py:125: Suite splitting in effect</skipped></testcase><testcase classname="src.pymortests.grid" file="src/pymortests/grid.py" line="125" name="test_superentities_shape[&lt;lambda&gt;14]" time="0.0004677772521972656"><skipped message="Suite splitting in effect" type="pytest.skip">src/pymortests/grid.py:125: Suite splitting in effect</skipped></testcase><testcase classname="src.pymortests.grid" file="src/pymortests/grid.py" line="125" name="test_superentities_shape[&lt;lambda&gt;15]" time="0.000530242919921875"><skipped message="Suite splitting in effect" type="pytest.skip">src/pymortests/grid.py:125: Suite splitting in effect</skipped></testcase><testcase classname="src.pymortests.grid" file="src/pymortests/grid.py" line="125" name="test_superentities_shape[&lt;lambda&gt;16]" time="0.0005621910095214844"><skipped message="Suite splitting in effect" type="pytest.skip">src/pymortests/grid.py:125: Suite splitting in effect</skipped></testcase><testcase classname="src.pymortests.grid" file="src/pymortests/grid.py" line="125" name="test_superentities_shape[&lt;lambda&gt;17]" time="0.0005450248718261719"><skipped message="Suite splitting in effect" type="pytest.skip">src/pymortests/grid.py:125: Suite splitting in effect</skipped></testcase><testcase classname="src.pymortests.grid" file="src/pymortests/grid.py" line="125" name="test_superentities_shape[&lt;lambda&gt;18]" time="0.00047659873962402344"><skipped message="Suite splitting in effect" type="pytest.skip">src/pymortests/grid.py:125: Suite splitting in effect</skipped></testcase><testcase classname="src.pymortests.grid" file="src/pymortests/grid.py" line="125" name="test_superentities_shape[&lt;lambda&gt;19]" time="0.0008120536804199219"><skipped message="Suite splitting in effect" type="pytest.skip">src/pymortests/grid.py:125: Suite splitting in effect</skipped></testcase><testcase classname="src.pymortests.grid" file="src/pymortests/grid.py" line="125" name="test_superentities_shape[&lt;lambda&gt;20]" time="0.0005662441253662109"><skipped message="Suite splitting in effect" type="pytest.skip">src/pymortests/grid.py:125: Suite splitting in effect</skipped></testcase><testcase classname="src.pymortests.grid" file="src/pymortests/grid.py" line="125" name="test_superentities_shape[&lt;lambda&gt;21]" time="0.0005769729614257812"><skipped message="Suite splitting in effect" type="pytest.skip">src/pymortests/grid.py:125: Suite splitting in effect</skipped></testcase><testcase classname="src.pymortests.grid" file="src/pymortests/grid.py" line="125" name="test_superentities_shape[&lt;lambda&gt;22]" time="0.0004673004150390625"><skipped message="Suite splitting in effect" type="pytest.skip">src/pymortests/grid.py:125: Suite splitting in effect</skipped></testcase><testcase classname="src.pymortests.grid" file="src/pymortests/grid.py" line="125" name="test_superentities_shape[&lt;lambda&gt;23]" time="0.0005850791931152344"><skipped message="Suite splitting in effect" type="pytest.skip">src/pymortests/grid.py:125: Suite splitting in effect</skipped></testcase><testcase classname="src.pymortests.grid" file="src/pymortests/grid.py" line="125" name="test_superentities_shape[&lt;lambda&gt;24]" time="0.0005817413330078125"><skipped message="Suite splitting in effect" type="pytest.skip">src/pymortests/grid.py:125: Suite splitting in effect</skipped></testcase><testcase classname="src.pymortests.grid" file="src/pymortests/grid.py" line="125" name="test_superentities_shape[&lt;lambda&gt;25]" time="0.00061798095703125"><skipped message="Suite splitting in effect" type="pytest.skip">src/pymortests/grid.py:125: Suite splitting in effect</skipped></testcase><testcase classname="src.pymortests.grid" file="src/pymortests/grid.py" line="125" name="test_superentities_shape[&lt;lambda&gt;26]" time="0.0005419254302978516"><skipped message="Suite splitting in effect" type="pytest.skip">src/pymortests/grid.py:125: Suite splitting in effect</skipped></testcase><testcase classname="src.pymortests.grid" file="src/pymortests/grid.py" line="125" name="test_superentities_shape[&lt;lambda&gt;27]" time="0.0010190010070800781"><skipped message="Suite splitting in effect" type="pytest.skip">src/pymortests/grid.py:125: Suite splitting in effect</skipped></testcase><testcase classname="src.pymortests.grid" file="src/pymortests/grid.py" line="125" name="test_superentities_shape[&lt;lambda&gt;28]" time="0.0005021095275878906"><skipped message="Suite splitting in effect" type="pytest.skip">src/pymortests/grid.py:125: Suite splitting in effect</skipped></testcase><testcase classname="src.pymortests.grid" file="src/pymortests/grid.py" line="125" name="test_superentities_shape[&lt;lambda&gt;29]" time="0.0005300045013427734"><skipped message="Suite splitting in effect" type="pytest.skip">src/pymortests/grid.py:125: Suite splitting in effect</skipped></testcase><testcase classname="src.pymortests.grid" file="src/pymortests/grid.py" line="125" name="test_superentities_shape[&lt;lambda&gt;30]" time="0.0005612373352050781"><skipped message="Suite splitting in effect" type="pytest.skip">src/pymortests/grid.py:125: Suite splitting in effect</skipped></testcase><testcase classname="src.pymortests.grid" file="src/pymortests/grid.py" line="125" name="test_superentities_shape[&lt;lambda&gt;31]" time="0.0005652904510498047"><skipped message="Suite splitting in effect" type="pytest.skip">src/pymortests/grid.py:125: Suite splitting in effect</skipped></testcase><testcase classname="src.pymortests.grid" file="src/pymortests/grid.py" line="125" name="test_superentities_shape[&lt;lambda&gt;32]" time="0.0004954338073730469"><skipped message="Suite splitting in effect" type="pytest.skip">src/pymortests/grid.py:125: Suite splitting in effect</skipped></testcase><testcase classname="src.pymortests.grid" file="src/pymortests/grid.py" line="125" name="test_superentities_shape[&lt;lambda&gt;33]" time="0.00048160552978515625"><skipped message="Suite splitting in effect" type="pytest.skip">src/pymortests/grid.py:125: Suite splitting in effect</skipped></testcase><testcase classname="src.pymortests.grid" file="src/pymortests/grid.py" line="125" name="test_superentities_shape[&lt;lambda&gt;34]" time="0.0005199909210205078"><skipped message="Suite splitting in effect" type="pytest.skip">src/pymortests/grid.py:125: Suite splitting in effect</skipped></testcase><testcase classname="src.pymortests.grid" file="src/pymortests/grid.py" line="125" name="test_superentities_shape[&lt;lambda&gt;35]" time="0.0010905265808105469"><skipped message="Suite splitting in effect" type="pytest.skip">src/pymortests/grid.py:125: Suite splitting in effect</skipped></testcase><testcase classname="src.pymortests.grid" file="src/pymortests/grid.py" line="125" name="test_superentities_shape[&lt;lambda&gt;36]" time="0.0005838871002197266"><skipped message="Suite splitting in effect" type="pytest.skip">src/pymortests/grid.py:125: Suite splitting in effect</skipped></testcase><testcase classname="src.pymortests.grid" file="src/pymortests/grid.py" line="125" name="test_superentities_shape[&lt;lambda&gt;37]" time="0.0006158351898193359"><skipped message="Suite splitting in effect" type="pytest.skip">src/pymortests/grid.py:125: Suite splitting in effect</skipped></testcase><testcase classname="src.pymortests.grid" file="src/pymortests/grid.py" line="125" name="test_superentities_shape[&lt;lambda&gt;38]" time="0.0005514621734619141"><skipped message="Suite splitting in effect" type="pytest.skip">src/pymortests/grid.py:125: Suite splitting in effect</skipped></testcase><testcase classname="src.pymortests.grid" file="src/pymortests/grid.py" line="125" name="test_superentities_shape[&lt;lambda&gt;39]" time="0.0005435943603515625"><skipped message="Suite splitting in effect" type="pytest.skip">src/pymortests/grid.py:125: Suite splitting in effect</skipped></testcase><testcase classname="src.pymortests.grid" file="src/pymortests/grid.py" line="125" name="test_superentities_shape[&lt;lambda&gt;40]" time="0.0005140304565429688"><skipped message="Suite splitting in effect" type="pytest.skip">src/pymortests/grid.py:125: Suite splitting in effect</skipped></testcase><testcase classname="src.pymortests.grid" file="src/pymortests/grid.py" line="125" name="test_superentities_shape[&lt;lambda&gt;41]" time="0.0005745887756347656"><skipped message="Suite splitting in effect" type="pytest.skip">src/pymortests/grid.py:125: Suite splitting in effect</skipped></testcase><testcase classname="src.pymortests.grid" file="src/pymortests/grid.py" line="125" name="test_superentities_shape[&lt;lambda&gt;42]" time="0.0005614757537841797"><skipped message="Suite splitting in effect" type="pytest.skip">src/pymortests/grid.py:125: Suite splitting in effect</skipped></testcase><testcase classname="src.pymortests.grid" file="src/pymortests/grid.py" line="135" name="test_superentities_dtype[&lt;lambda&gt;0]" time="0.0009381771087646484"><skipped message="Suite splitting in effect" type="pytest.skip">src/pymortests/grid.py:135: Suite splitting in effect</skipped></testcase><testcase classname="src.pymortests.grid" file="src/pymortests/grid.py" line="135" name="test_superentities_dtype[&lt;lambda&gt;1]" time="0.0005652904510498047"><skipped message="Suite splitting in effect" type="pytest.skip">src/pymortests/grid.py:135: Suite splitting in effect</skipped></testcase><testcase classname="src.pymortests.grid" file="src/pymortests/grid.py" line="135" name="test_superentities_dtype[&lt;lambda&gt;2]" time="0.0005300045013427734"><skipped message="Suite splitting in effect" type="pytest.skip">src/pymortests/grid.py:135: Suite splitting in effect</skipped></testcase><testcase classname="src.pymortests.grid" file="src/pymortests/grid.py" line="135" name="test_superentities_dtype[&lt;lambda&gt;3]" time="0.0005774497985839844"><skipped message="Suite splitting in effect" type="pytest.skip">src/pymortests/grid.py:135: Suite splitting in effect</skipped></testcase><testcase classname="src.pymortests.grid" file="src/pymortests/grid.py" line="135" name="test_superentities_dtype[&lt;lambda&gt;4]" time="0.0005078315734863281"><skipped message="Suite splitting in effect" type="pytest.skip">src/pymortests/grid.py:135: Suite splitting in effect</skipped></testcase><testcase classname="src.pymortests.grid" file="src/pymortests/grid.py" line="135" name="test_superentities_dtype[&lt;lambda&gt;5]" time="0.0005922317504882812"><skipped message="Suite splitting in effect" type="pytest.skip">src/pymortests/grid.py:135: Suite splitting in effect</skipped></testcase><testcase classname="src.pymortests.grid" file="src/pymortests/grid.py" line="135" name="test_superentities_dtype[&lt;lambda&gt;6]" time="0.0006048679351806641"><skipped message="Suite splitting in effect" type="pytest.skip">src/pymortests/grid.py:135: Suite splitting in effect</skipped></testcase><testcase classname="src.pymortests.grid" file="src/pymortests/grid.py" line="135" name="test_superentities_dtype[&lt;lambda&gt;7]" time="0.0006096363067626953"><skipped message="Suite splitting in effect" type="pytest.skip">src/pymortests/grid.py:135: Suite splitting in effect</skipped></testcase><testcase classname="src.pymortests.grid" file="src/pymortests/grid.py" line="135" name="test_superentities_dtype[&lt;lambda&gt;8]" time="0.0008263587951660156"><skipped message="Suite splitting in effect" type="pytest.skip">src/pymortests/grid.py:135: Suite splitting in effect</skipped></testcase><testcase classname="src.pymortests.grid" file="src/pymortests/grid.py" line="135" name="test_superentities_dtype[&lt;lambda&gt;9]" time="0.0005452632904052734"><skipped message="Suite splitting in effect" type="pytest.skip">src/pymortests/grid.py:135: Suite splitting in effect</skipped></testcase><testcase classname="src.pymortests.grid" file="src/pymortests/grid.py" line="135" name="test_superentities_dtype[&lt;lambda&gt;10]" time="0.0005514621734619141"><skipped message="Suite splitting in effect" type="pytest.skip">src/pymortests/grid.py:135: Suite splitting in effect</skipped></testcase><testcase classname="src.pymortests.grid" file="src/pymortests/grid.py" line="135" name="test_superentities_dtype[&lt;lambda&gt;11]" time="0.000537872314453125"><skipped message="Suite splitting in effect" type="pytest.skip">src/pymortests/grid.py:135: Suite splitting in effect</skipped></testcase><testcase classname="src.pymortests.grid" file="src/pymortests/grid.py" line="135" name="test_superentities_dtype[&lt;lambda&gt;12]" time="0.0005350112915039062"><skipped message="Suite splitting in effect" type="pytest.skip">src/pymortests/grid.py:135: Suite splitting in effect</skipped></testcase><testcase classname="src.pymortests.grid" file="src/pymortests/grid.py" line="135" name="test_superentities_dtype[&lt;lambda&gt;13]" time="0.0006062984466552734"><skipped message="Suite splitting in effect" type="pytest.skip">src/pymortests/grid.py:135: Suite splitting in effect</skipped></testcase><testcase classname="src.pymortests.grid" file="src/pymortests/grid.py" line="135" name="test_superentities_dtype[&lt;lambda&gt;14]" time="0.00047206878662109375"><skipped message="Suite splitting in effect" type="pytest.skip">src/pymortests/grid.py:135: Suite splitting in effect</skipped></testcase><testcase classname="src.pymortests.grid" file="src/pymortests/grid.py" line="135" name="test_superentities_dtype[&lt;lambda&gt;15]" time="0.0004851818084716797"><skipped message="Suite splitting in effect" type="pytest.skip">src/pymortests/grid.py:135: Suite splitting in effect</skipped></testcase><testcase classname="src.pymortests.grid" file="src/pymortests/grid.py" line="135" name="test_superentities_dtype[&lt;lambda&gt;16]" time="0.0008475780487060547"><skipped message="Suite splitting in effect" type="pytest.skip">src/pymortests/grid.py:135: Suite splitting in effect</skipped></testcase><testcase classname="src.pymortests.grid" file="src/pymortests/grid.py" line="135" name="test_superentities_dtype[&lt;lambda&gt;17]" time="0.0005235671997070312"><skipped message="Suite splitting in effect" type="pytest.skip">src/pymortests/grid.py:135: Suite splitting in effect</skipped></testcase><testcase classname="src.pymortests.grid" file="src/pymortests/grid.py" line="135" name="test_superentities_dtype[&lt;lambda&gt;18]" time="0.0004603862762451172"><skipped message="Suite splitting in effect" type="pytest.skip">src/pymortests/grid.py:135: Suite splitting in effect</skipped></testcase><testcase classname="src.pymortests.grid" file="src/pymortests/grid.py" line="135" name="test_superentities_dtype[&lt;lambda&gt;19]" time="0.0004909038543701172"><skipped message="Suite splitting in effect" type="pytest.skip">src/pymortests/grid.py:135: Suite splitting in effect</skipped></testcase><testcase classname="src.pymortests.grid" file="src/pymortests/grid.py" line="135" name="test_superentities_dtype[&lt;lambda&gt;20]" time="0.00044989585876464844"><skipped message="Suite splitting in effect" type="pytest.skip">src/pymortests/grid.py:135: Suite splitting in effect</skipped></testcase><testcase classname="src.pymortests.grid" file="src/pymortests/grid.py" line="135" name="test_superentities_dtype[&lt;lambda&gt;21]" time="0.0005321502685546875"><skipped message="Suite splitting in effect" type="pytest.skip">src/pymortests/grid.py:135: Suite splitting in effect</skipped></testcase><testcase classname="src.pymortests.grid" file="src/pymortests/grid.py" line="135" name="test_superentities_dtype[&lt;lambda&gt;22]" time="0.0004706382751464844"><skipped message="Suite splitting in effect" type="pytest.skip">src/pymortests/grid.py:135: Suite splitting in effect</skipped></testcase><testcase classname="src.pymortests.grid" file="src/pymortests/grid.py" line="135" name="test_superentities_dtype[&lt;lambda&gt;23]" time="0.0006265640258789062"><skipped message="Suite splitting in effect" type="pytest.skip">src/pymortests/grid.py:135: Suite splitting in effect</skipped></testcase><testcase classname="src.pymortests.grid" file="src/pymortests/grid.py" line="135" name="test_superentities_dtype[&lt;lambda&gt;24]" time="0.00099945068359375"><skipped message="Suite splitting in effect" type="pytest.skip">src/pymortests/grid.py:135: Suite splitting in effect</skipped></testcase><testcase classname="src.pymortests.grid" file="src/pymortests/grid.py" line="135" name="test_superentities_dtype[&lt;lambda&gt;25]" time="0.0005409717559814453"><skipped message="Suite splitting in effect" type="pytest.skip">src/pymortests/grid.py:135: Suite splitting in effect</skipped></testcase><testcase classname="src.pymortests.grid" file="src/pymortests/grid.py" line="135" name="test_superentities_dtype[&lt;lambda&gt;26]" time="0.0004825592041015625"><skipped message="Suite splitting in effect" type="pytest.skip">src/pymortests/grid.py:135: Suite splitting in effect</skipped></testcase><testcase classname="src.pymortests.grid" file="src/pymortests/grid.py" line="135" name="test_superentities_dtype[&lt;lambda&gt;27]" time="0.0004730224609375"><skipped message="Suite splitting in effect" type="pytest.skip">src/pymortests/grid.py:135: Suite splitting in effect</skipped></testcase><testcase classname="src.pymortests.grid" file="src/pymortests/grid.py" line="135" name="test_superentities_dtype[&lt;lambda&gt;28]" time="0.0005300045013427734"><skipped message="Suite splitting in effect" type="pytest.skip">src/pymortests/grid.py:135: Suite splitting in effect</skipped></testcase><testcase classname="src.pymortests.grid" file="src/pymortests/grid.py" line="135" name="test_superentities_dtype[&lt;lambda&gt;29]" time="0.00047707557678222656"><skipped message="Suite splitting in effect" type="pytest.skip">src/pymortests/grid.py:135: Suite splitting in effect</skipped></testcase><testcase classname="src.pymortests.grid" file="src/pymortests/grid.py" line="135" name="test_superentities_dtype[&lt;lambda&gt;30]" time="0.0005044937133789062"><skipped message="Suite splitting in effect" type="pytest.skip">src/pymortests/grid.py:135: Suite splitting in effect</skipped></testcase><testcase classname="src.pymortests.grid" file="src/pymortests/grid.py" line="135" name="test_superentities_dtype[&lt;lambda&gt;31]" time="0.0005452632904052734"><skipped message="Suite splitting in effect" type="pytest.skip">src/pymortests/grid.py:135: Suite splitting in effect</skipped></testcase><testcase classname="src.pymortests.grid" file="src/pymortests/grid.py" line="135" name="test_superentities_dtype[&lt;lambda&gt;32]" time="0.0009305477142333984"><skipped message="Suite splitting in effect" type="pytest.skip">src/pymortests/grid.py:135: Suite splitting in effect</skipped></testcase><testcase classname="src.pymortests.grid" file="src/pymortests/grid.py" line="135" name="test_superentities_dtype[&lt;lambda&gt;33]" time="0.0006017684936523438"><skipped message="Suite splitting in effect" type="pytest.skip">src/pymortests/grid.py:135: Suite splitting in effect</skipped></testcase><testcase classname="src.pymortests.grid" file="src/pymortests/grid.py" line="135" name="test_superentities_dtype[&lt;lambda&gt;34]" time="0.0005888938903808594"><skipped message="Suite splitting in effect" type="pytest.skip">src/pymortests/grid.py:135: Suite splitting in effect</skipped></testcase><testcase classname="src.pymortests.grid" file="src/pymortests/grid.py" line="135" name="test_superentities_dtype[&lt;lambda&gt;35]" time="0.0006840229034423828"><skipped message="Suite splitting in effect" type="pytest.skip">src/pymortests/grid.py:135: Suite splitting in effect</skipped></testcase><testcase classname="src.pymortests.grid" file="src/pymortests/grid.py" line="135" name="test_superentities_dtype[&lt;lambda&gt;36]" time="0.0006384849548339844"><skipped message="Suite splitting in effect" type="pytest.skip">src/pymortests/grid.py:135: Suite splitting in effect</skipped></testcase><testcase classname="src.pymortests.grid" file="src/pymortests/grid.py" line="135" name="test_superentities_dtype[&lt;lambda&gt;37]" time="0.0005550384521484375"><skipped message="Suite splitting in effect" type="pytest.skip">src/pymortests/grid.py:135: Suite splitting in effect</skipped></testcase><testcase classname="src.pymortests.grid" file="src/pymortests/grid.py" line="135" name="test_superentities_dtype[&lt;lambda&gt;38]" time="0.000453948974609375"><skipped message="Suite splitting in effect" type="pytest.skip">src/pymortests/grid.py:135: Suite splitting in effect</skipped></testcase><testcase classname="src.pymortests.grid" file="src/pymortests/grid.py" line="135" name="test_superentities_dtype[&lt;lambda&gt;39]" time="0.0005953311920166016"><skipped message="Suite splitting in effect" type="pytest.skip">src/pymortests/grid.py:135: Suite splitting in effect</skipped></testcase><testcase classname="src.pymortests.grid" file="src/pymortests/grid.py" line="135" name="test_superentities_dtype[&lt;lambda&gt;40]" time="0.0007994174957275391"><skipped message="Suite splitting in effect" type="pytest.skip">src/pymortests/grid.py:135: Suite splitting in effect</skipped></testcase><testcase classname="src.pymortests.grid" file="src/pymortests/grid.py" line="135" name="test_superentities_dtype[&lt;lambda&gt;41]" time="0.0005137920379638672"><skipped message="Suite splitting in effect" type="pytest.skip">src/pymortests/grid.py:135: Suite splitting in effect</skipped></testcase><testcase classname="src.pymortests.grid" file="src/pymortests/grid.py" line="135" name="test_superentities_dtype[&lt;lambda&gt;42]" time="0.00055694580078125"><skipped message="Suite splitting in effect" type="pytest.skip">src/pymortests/grid.py:135: Suite splitting in effect</skipped></testcase><testcase classname="src.pymortests.grid" file="src/pymortests/grid.py" line="142" name="test_superentities_entry_value_range[&lt;lambda&gt;0]" time="0.0005230903625488281"><skipped message="Suite splitting in effect" type="pytest.skip">src/pymortests/grid.py:142: Suite splitting in effect</skipped></testcase><testcase classname="src.pymortests.grid" file="src/pymortests/grid.py" line="142" name="test_superentities_entry_value_range[&lt;lambda&gt;1]" time="0.0005700588226318359"><skipped message="Suite splitting in effect" type="pytest.skip">src/pymortests/grid.py:142: Suite splitting in effect</skipped></testcase><testcase classname="src.pymortests.grid" file="src/pymortests/grid.py" line="142" name="test_superentities_entry_value_range[&lt;lambda&gt;2]" time="0.00045228004455566406"><skipped message="Suite splitting in effect" type="pytest.skip">src/pymortests/grid.py:142: Suite splitting in effect</skipped></testcase><testcase classname="src.pymortests.grid" file="src/pymortests/grid.py" line="142" name="test_superentities_entry_value_range[&lt;lambda&gt;3]" time="0.0005252361297607422"><skipped message="Suite splitting in effect" type="pytest.skip">src/pymortests/grid.py:142: Suite splitting in effect</skipped></testcase><testcase classname="src.pymortests.grid" file="src/pymortests/grid.py" line="142" name="test_superentities_entry_value_range[&lt;lambda&gt;4]" time="0.0005271434783935547"><skipped message="Suite splitting in effect" type="pytest.skip">src/pymortests/grid.py:142: Suite splitting in effect</skipped></testcase><testcase classname="src.pymortests.grid" file="src/pymortests/grid.py" line="142" name="test_superentities_entry_value_range[&lt;lambda&gt;5]" time="0.0009062290191650391"><skipped message="Suite splitting in effect" type="pytest.skip">src/pymortests/grid.py:142: Suite splitting in effect</skipped></testcase><testcase classname="src.pymortests.grid" file="src/pymortests/grid.py" line="142" name="test_superentities_entry_value_range[&lt;lambda&gt;6]" time="0.0004980564117431641"><skipped message="Suite splitting in effect" type="pytest.skip">src/pymortests/grid.py:142: Suite splitting in effect</skipped></testcase><testcase classname="src.pymortests.grid" file="src/pymortests/grid.py" line="142" name="test_superentities_entry_value_range[&lt;lambda&gt;7]" time="0.0005331039428710938"><skipped message="Suite splitting in effect" type="pytest.skip">src/pymortests/grid.py:142: Suite splitting in effect</skipped></testcase><testcase classname="src.pymortests.grid" file="src/pymortests/grid.py" line="142" name="test_superentities_entry_value_range[&lt;lambda&gt;8]" time="0.0005354881286621094"><skipped message="Suite splitting in effect" type="pytest.skip">src/pymortests/grid.py:142: Suite splitting in effect</skipped></testcase><testcase classname="src.pymortests.grid" file="src/pymortests/grid.py" line="142" name="test_superentities_entry_value_range[&lt;lambda&gt;9]" time="0.0005190372467041016"><skipped message="Suite splitting in effect" type="pytest.skip">src/pymortests/grid.py:142: Suite splitting in effect</skipped></testcase><testcase classname="src.pymortests.grid" file="src/pymortests/grid.py" line="142" name="test_superentities_entry_value_range[&lt;lambda&gt;10]" time="0.0005095005035400391"><skipped message="Suite splitting in effect" type="pytest.skip">src/pymortests/grid.py:142: Suite splitting in effect</skipped></testcase><testcase classname="src.pymortests.grid" file="src/pymortests/grid.py" line="142" name="test_superentities_entry_value_range[&lt;lambda&gt;11]" time="0.00043582916259765625"><skipped message="Suite splitting in effect" type="pytest.skip">src/pymortests/grid.py:142: Suite splitting in effect</skipped></testcase><testcase classname="src.pymortests.grid" file="src/pymortests/grid.py" line="142" name="test_superentities_entry_value_range[&lt;lambda&gt;12]" time="0.0004277229309082031"><skipped message="Suite splitting in effect" type="pytest.skip">src/pymortests/grid.py:142: Suite splitting in effect</skipped></testcase><testcase classname="src.pymortests.grid" file="src/pymortests/grid.py" line="142" name="test_superentities_entry_value_range[&lt;lambda&gt;13]" time="0.0008389949798583984"><skipped message="Suite splitting in effect" type="pytest.skip">src/pymortests/grid.py:142: Suite splitting in effect</skipped></testcase><testcase classname="src.pymortests.grid" file="src/pymortests/grid.py" line="142" name="test_superentities_entry_value_range[&lt;lambda&gt;14]" time="0.0005745887756347656"><skipped message="Suite splitting in effect" type="pytest.skip">src/pymortests/grid.py:142: Suite splitting in effect</skipped></testcase><testcase classname="src.pymortests.grid" file="src/pymortests/grid.py" line="142" name="test_superentities_entry_value_range[&lt;lambda&gt;15]" time="0.0004467964172363281"><skipped message="Suite splitting in effect" type="pytest.skip">src/pymortests/grid.py:142: Suite splitting in effect</skipped></testcase><testcase classname="src.pymortests.grid" file="src/pymortests/grid.py" line="142" name="test_superentities_entry_value_range[&lt;lambda&gt;16]" time="0.0005426406860351562"><skipped message="Suite splitting in effect" type="pytest.skip">src/pymortests/grid.py:142: Suite splitting in effect</skipped></testcase><testcase classname="src.pymortests.grid" file="src/pymortests/grid.py" line="142" name="test_superentities_entry_value_range[&lt;lambda&gt;17]" time="0.0005540847778320312"><skipped message="Suite splitting in effect" type="pytest.skip">src/pymortests/grid.py:142: Suite splitting in effect</skipped></testcase><testcase classname="src.pymortests.grid" file="src/pymortests/grid.py" line="142" name="test_superentities_entry_value_range[&lt;lambda&gt;18]" time="0.0004744529724121094"><skipped message="Suite splitting in effect" type="pytest.skip">src/pymortests/grid.py:142: Suite splitting in effect</skipped></testcase><testcase classname="src.pymortests.grid" file="src/pymortests/grid.py" line="142" name="test_superentities_entry_value_range[&lt;lambda&gt;19]" time="0.00045943260192871094"><skipped message="Suite splitting in effect" type="pytest.skip">src/pymortests/grid.py:142: Suite splitting in effect</skipped></testcase><testcase classname="src.pymortests.grid" file="src/pymortests/grid.py" line="142" name="test_superentities_entry_value_range[&lt;lambda&gt;20]" time="0.00048828125"><skipped message="Suite splitting in effect" type="pytest.skip">src/pymortests/grid.py:142: Suite splitting in effect</skipped></testcase><testcase classname="src.pymortests.grid" file="src/pymortests/grid.py" line="142" name="test_superentities_entry_value_range[&lt;lambda&gt;21]" time="0.0012013912200927734"><skipped message="Suite splitting in effect" type="pytest.skip">src/pymortests/grid.py:142: Suite splitting in effect</skipped></testcase><testcase classname="src.pymortests.grid" file="src/pymortests/grid.py" line="142" name="test_superentities_entry_value_range[&lt;lambda&gt;22]" time="0.0004603862762451172"><skipped message="Suite splitting in effect" type="pytest.skip">src/pymortests/grid.py:142: Suite splitting in effect</skipped></testcase><testcase classname="src.pymortests.grid" file="src/pymortests/grid.py" line="142" name="test_superentities_entry_value_range[&lt;lambda&gt;23]" time="0.0005443096160888672"><skipped message="Suite splitting in effect" type="pytest.skip">src/pymortests/grid.py:142: Suite splitting in effect</skipped></testcase><testcase classname="src.pymortests.grid" file="src/pymortests/grid.py" line="142" name="test_superentities_entry_value_range[&lt;lambda&gt;24]" time="0.0005178451538085938"><skipped message="Suite splitting in effect" type="pytest.skip">src/pymortests/grid.py:142: Suite splitting in effect</skipped></testcase><testcase classname="src.pymortests.grid" file="src/pymortests/grid.py" line="142" name="test_superentities_entry_value_range[&lt;lambda&gt;25]" time="0.0004849433898925781"><skipped message="Suite splitting in effect" type="pytest.skip">src/pymortests/grid.py:142: Suite splitting in effect</skipped></testcase><testcase classname="src.pymortests.grid" file="src/pymortests/grid.py" line="142" name="test_superentities_entry_value_range[&lt;lambda&gt;26]" time="0.0004699230194091797"><skipped message="Suite splitting in effect" type="pytest.skip">src/pymortests/grid.py:142: Suite splitting in effect</skipped></testcase><testcase classname="src.pymortests.grid" file="src/pymortests/grid.py" line="142" name="test_superentities_entry_value_range[&lt;lambda&gt;27]" time="0.0004436969757080078"><skipped message="Suite splitting in effect" type="pytest.skip">src/pymortests/grid.py:142: Suite splitting in effect</skipped></testcase><testcase classname="src.pymortests.grid" file="src/pymortests/grid.py" line="142" name="test_superentities_entry_value_range[&lt;lambda&gt;28]" time="0.00046896934509277344"><skipped message="Suite splitting in effect" type="pytest.skip">src/pymortests/grid.py:142: Suite splitting in effect</skipped></testcase><testcase classname="src.pymortests.grid" file="src/pymortests/grid.py" line="142" name="test_superentities_entry_value_range[&lt;lambda&gt;29]" time="0.0008094310760498047"><skipped message="Suite splitting in effect" type="pytest.skip">src/pymortests/grid.py:142: Suite splitting in effect</skipped></testcase><testcase classname="src.pymortests.grid" file="src/pymortests/grid.py" line="142" name="test_superentities_entry_value_range[&lt;lambda&gt;30]" time="0.00046634674072265625"><skipped message="Suite splitting in effect" type="pytest.skip">src/pymortests/grid.py:142: Suite splitting in effect</skipped></testcase><testcase classname="src.pymortests.grid" file="src/pymortests/grid.py" line="142" name="test_superentities_entry_value_range[&lt;lambda&gt;31]" time="0.0006268024444580078"><skipped message="Suite splitting in effect" type="pytest.skip">src/pymortests/grid.py:142: Suite splitting in effect</skipped></testcase><testcase classname="src.pymortests.grid" file="src/pymortests/grid.py" line="142" name="test_superentities_entry_value_range[&lt;lambda&gt;32]" time="0.0005719661712646484"><skipped message="Suite splitting in effect" type="pytest.skip">src/pymortests/grid.py:142: Suite splitting in effect</skipped></testcase><testcase classname="src.pymortests.grid" file="src/pymortests/grid.py" line="142" name="test_superentities_entry_value_range[&lt;lambda&gt;33]" time="0.0005526542663574219"><skipped message="Suite splitting in effect" type="pytest.skip">src/pymortests/grid.py:142: Suite splitting in effect</skipped></testcase><testcase classname="src.pymortests.grid" file="src/pymortests/grid.py" line="142" name="test_superentities_entry_value_range[&lt;lambda&gt;34]" time="0.0005707740783691406"><skipped message="Suite splitting in effect" type="pytest.skip">src/pymortests/grid.py:142: Suite splitting in effect</skipped></testcase><testcase classname="src.pymortests.grid" file="src/pymortests/grid.py" line="142" name="test_superentities_entry_value_range[&lt;lambda&gt;35]" time="0.0004477500915527344"><skipped message="Suite splitting in effect" type="pytest.skip">src/pymortests/grid.py:142: Suite splitting in effect</skipped></testcase><testcase classname="src.pymortests.grid" file="src/pymortests/grid.py" line="142" name="test_superentities_entry_value_range[&lt;lambda&gt;36]" time="0.0005006790161132812"><skipped message="Suite splitting in effect" type="pytest.skip">src/pymortests/grid.py:142: Suite splitting in effect</skipped></testcase><testcase classname="src.pymortests.grid" file="src/pymortests/grid.py" line="142" name="test_superentities_entry_value_range[&lt;lambda&gt;37]" time="0.0007781982421875"><skipped message="Suite splitting in effect" type="pytest.skip">src/pymortests/grid.py:142: Suite splitting in effect</skipped></testcase><testcase classname="src.pymortests.grid" file="src/pymortests/grid.py" line="142" name="test_superentities_entry_value_range[&lt;lambda&gt;38]" time="0.0005276203155517578"><skipped message="Suite splitting in effect" type="pytest.skip">src/pymortests/grid.py:142: Suite splitting in effect</skipped></testcase><testcase classname="src.pymortests.grid" file="src/pymortests/grid.py" line="142" name="test_superentities_entry_value_range[&lt;lambda&gt;39]" time="0.00042319297790527344"><skipped message="Suite splitting in effect" type="pytest.skip">src/pymortests/grid.py:142: Suite splitting in effect</skipped></testcase><testcase classname="src.pymortests.grid" file="src/pymortests/grid.py" line="142" name="test_superentities_entry_value_range[&lt;lambda&gt;40]" time="0.00043129920959472656"><skipped message="Suite splitting in effect" type="pytest.skip">src/pymortests/grid.py:142: Suite splitting in effect</skipped></testcase><testcase classname="src.pymortests.grid" file="src/pymortests/grid.py" line="142" name="test_superentities_entry_value_range[&lt;lambda&gt;41]" time="0.0004818439483642578"><skipped message="Suite splitting in effect" type="pytest.skip">src/pymortests/grid.py:142: Suite splitting in effect</skipped></testcase><testcase classname="src.pymortests.grid" file="src/pymortests/grid.py" line="142" name="test_superentities_entry_value_range[&lt;lambda&gt;42]" time="0.0004134178161621094"><skipped message="Suite splitting in effect" type="pytest.skip">src/pymortests/grid.py:142: Suite splitting in effect</skipped></testcase><testcase classname="src.pymortests.grid" file="src/pymortests/grid.py" line="150" name="test_superentities_entry_values_unique[&lt;lambda&gt;0]" time="0.0004885196685791016"><skipped message="Suite splitting in effect" type="pytest.skip">src/pymortests/grid.py:150: Suite splitting in effect</skipped></testcase><testcase classname="src.pymortests.grid" file="src/pymortests/grid.py" line="150" name="test_superentities_entry_values_unique[&lt;lambda&gt;1]" time="0.0005095005035400391"><skipped message="Suite splitting in effect" type="pytest.skip">src/pymortests/grid.py:150: Suite splitting in effect</skipped></testcase><testcase classname="src.pymortests.grid" file="src/pymortests/grid.py" line="150" name="test_superentities_entry_values_unique[&lt;lambda&gt;2]" time="0.0012896060943603516"><skipped message="Suite splitting in effect" type="pytest.skip">src/pymortests/grid.py:150: Suite splitting in effect</skipped></testcase><testcase classname="src.pymortests.grid" file="src/pymortests/grid.py" line="150" name="test_superentities_entry_values_unique[&lt;lambda&gt;3]" time="0.0005924701690673828"><skipped message="Suite splitting in effect" type="pytest.skip">src/pymortests/grid.py:150: Suite splitting in effect</skipped></testcase><testcase classname="src.pymortests.grid" file="src/pymortests/grid.py" line="150" name="test_superentities_entry_values_unique[&lt;lambda&gt;4]" time="0.0006022453308105469"><skipped message="Suite splitting in effect" type="pytest.skip">src/pymortests/grid.py:150: Suite splitting in effect</skipped></testcase><testcase classname="src.pymortests.grid" file="src/pymortests/grid.py" line="150" name="test_superentities_entry_values_unique[&lt;lambda&gt;5]" time="0.0004980564117431641"><skipped message="Suite splitting in effect" type="pytest.skip">src/pymortests/grid.py:150: Suite splitting in effect</skipped></testcase><testcase classname="src.pymortests.grid" file="src/pymortests/grid.py" line="150" name="test_superentities_entry_values_unique[&lt;lambda&gt;6]" time="0.0005388259887695312"><skipped message="Suite splitting in effect" type="pytest.skip">src/pymortests/grid.py:150: Suite splitting in effect</skipped></testcase><testcase classname="src.pymortests.grid" file="src/pymortests/grid.py" line="150" name="test_superentities_entry_values_unique[&lt;lambda&gt;7]" time="0.0004856586456298828"><skipped message="Suite splitting in effect" type="pytest.skip">src/pymortests/grid.py:150: Suite splitting in effect</skipped></testcase><testcase classname="src.pymortests.grid" file="src/pymortests/grid.py" line="150" name="test_superentities_entry_values_unique[&lt;lambda&gt;8]" time="0.0004382133483886719"><skipped message="Suite splitting in effect" type="pytest.skip">src/pymortests/grid.py:150: Suite splitting in effect</skipped></testcase><testcase classname="src.pymortests.grid" file="src/pymortests/grid.py" line="150" name="test_superentities_entry_values_unique[&lt;lambda&gt;9]" time="0.00047278404235839844"><skipped message="Suite splitting in effect" type="pytest.skip">src/pymortests/grid.py:150: Suite splitting in effect</skipped></testcase><testcase classname="src.pymortests.grid" file="src/pymortests/grid.py" line="150" name="test_superentities_entry_values_unique[&lt;lambda&gt;10]" time="0.0008594989776611328"><skipped message="Suite splitting in effect" type="pytest.skip">src/pymortests/grid.py:150: Suite splitting in effect</skipped></testcase><testcase classname="src.pymortests.grid" file="src/pymortests/grid.py" line="150" name="test_superentities_entry_values_unique[&lt;lambda&gt;11]" time="0.000522613525390625"><skipped message="Suite splitting in effect" type="pytest.skip">src/pymortests/grid.py:150: Suite splitting in effect</skipped></testcase><testcase classname="src.pymortests.grid" file="src/pymortests/grid.py" line="150" name="test_superentities_entry_values_unique[&lt;lambda&gt;12]" time="0.00043320655822753906"><skipped message="Suite splitting in effect" type="pytest.skip">src/pymortests/grid.py:150: Suite splitting in effect</skipped></testcase><testcase classname="src.pymortests.grid" file="src/pymortests/grid.py" line="150" name="test_superentities_entry_values_unique[&lt;lambda&gt;13]" time="0.0005154609680175781"><skipped message="Suite splitting in effect" type="pytest.skip">src/pymortests/grid.py:150: Suite splitting in effect</skipped></testcase><testcase classname="src.pymortests.grid" file="src/pymortests/grid.py" line="150" name="test_superentities_entry_values_unique[&lt;lambda&gt;14]" time="0.0004818439483642578"><skipped message="Suite splitting in effect" type="pytest.skip">src/pymortests/grid.py:150: Suite splitting in effect</skipped></testcase><testcase classname="src.pymortests.grid" file="src/pymortests/grid.py" line="150" name="test_superentities_entry_values_unique[&lt;lambda&gt;15]" time="0.000446319580078125"><skipped message="Suite splitting in effect" type="pytest.skip">src/pymortests/grid.py:150: Suite splitting in effect</skipped></testcase><testcase classname="src.pymortests.grid" file="src/pymortests/grid.py" line="150" name="test_superentities_entry_values_unique[&lt;lambda&gt;16]" time="0.0005388259887695312"><skipped message="Suite splitting in effect" type="pytest.skip">src/pymortests/grid.py:150: Suite splitting in effect</skipped></testcase><testcase classname="src.pymortests.grid" file="src/pymortests/grid.py" line="150" name="test_superentities_entry_values_unique[&lt;lambda&gt;17]" time="0.0005018711090087891"><skipped message="Suite splitting in effect" type="pytest.skip">src/pymortests/grid.py:150: Suite splitting in effect</skipped></testcase><testcase classname="src.pymortests.grid" file="src/pymortests/grid.py" line="150" name="test_superentities_entry_values_unique[&lt;lambda&gt;18]" time="0.0008149147033691406"><skipped message="Suite splitting in effect" type="pytest.skip">src/pymortests/grid.py:150: Suite splitting in effect</skipped></testcase><testcase classname="src.pymortests.grid" file="src/pymortests/grid.py" line="150" name="test_superentities_entry_values_unique[&lt;lambda&gt;19]" time="0.0004639625549316406"><skipped message="Suite splitting in effect" type="pytest.skip">src/pymortests/grid.py:150: Suite splitting in effect</skipped></testcase><testcase classname="src.pymortests.grid" file="src/pymortests/grid.py" line="150" name="test_superentities_entry_values_unique[&lt;lambda&gt;20]" time="0.0004355907440185547"><skipped message="Suite splitting in effect" type="pytest.skip">src/pymortests/grid.py:150: Suite splitting in effect</skipped></testcase><testcase classname="src.pymortests.grid" file="src/pymortests/grid.py" line="150" name="test_superentities_entry_values_unique[&lt;lambda&gt;21]" time="0.00043845176696777344"><skipped message="Suite splitting in effect" type="pytest.skip">src/pymortests/grid.py:150: Suite splitting in effect</skipped></testcase><testcase classname="src.pymortests.grid" file="src/pymortests/grid.py" line="150" name="test_superentities_entry_values_unique[&lt;lambda&gt;22]" time="0.0004534721374511719"><skipped message="Suite splitting in effect" type="pytest.skip">src/pymortests/grid.py:150: Suite splitting in effect</skipped></testcase><testcase classname="src.pymortests.grid" file="src/pymortests/grid.py" line="150" name="test_superentities_entry_values_unique[&lt;lambda&gt;23]" time="0.0004961490631103516"><skipped message="Suite splitting in effect" type="pytest.skip">src/pymortests/grid.py:150: Suite splitting in effect</skipped></testcase><testcase classname="src.pymortests.grid" file="src/pymortests/grid.py" line="150" name="test_superentities_entry_values_unique[&lt;lambda&gt;24]" time="0.0004420280456542969"><skipped message="Suite splitting in effect" type="pytest.skip">src/pymortests/grid.py:150: Suite splitting in effect</skipped></testcase><testcase classname="src.pymortests.grid" file="src/pymortests/grid.py" line="150" name="test_superentities_entry_values_unique[&lt;lambda&gt;25]" time="0.0005102157592773438"><skipped message="Suite splitting in effect" type="pytest.skip">src/pymortests/grid.py:150: Suite splitting in effect</skipped></testcase><testcase classname="src.pymortests.grid" file="src/pymortests/grid.py" line="150" name="test_superentities_entry_values_unique[&lt;lambda&gt;26]" time="0.0007519721984863281"><skipped message="Suite splitting in effect" type="pytest.skip">src/pymortests/grid.py:150: Suite splitting in effect</skipped></testcase><testcase classname="src.pymortests.grid" file="src/pymortests/grid.py" line="150" name="test_superentities_entry_values_unique[&lt;lambda&gt;27]" time="0.0005075931549072266"><skipped message="Suite splitting in effect" type="pytest.skip">src/pymortests/grid.py:150: Suite splitting in effect</skipped></testcase><testcase classname="src.pymortests.grid" file="src/pymortests/grid.py" line="150" name="test_superentities_entry_values_unique[&lt;lambda&gt;28]" time="0.0004448890686035156"><skipped message="Suite splitting in effect" type="pytest.skip">src/pymortests/grid.py:150: Suite splitting in effect</skipped></testcase><testcase classname="src.pymortests.grid" file="src/pymortests/grid.py" line="150" name="test_superentities_entry_values_unique[&lt;lambda&gt;29]" time="0.00046133995056152344"><skipped message="Suite splitting in effect" type="pytest.skip">src/pymortests/grid.py:150: Suite splitting in effect</skipped></testcase><testcase classname="src.pymortests.grid" file="src/pymortests/grid.py" line="150" name="test_superentities_entry_values_unique[&lt;lambda&gt;30]" time="0.0005106925964355469"><skipped message="Suite splitting in effect" type="pytest.skip">src/pymortests/grid.py:150: Suite splitting in effect</skipped></testcase><testcase classname="src.pymortests.grid" file="src/pymortests/grid.py" line="150" name="test_superentities_entry_values_unique[&lt;lambda&gt;31]" time="0.0004527568817138672"><skipped message="Suite splitting in effect" type="pytest.skip">src/pymortests/grid.py:150: Suite splitting in effect</skipped></testcase><testcase classname="src.pymortests.grid" file="src/pymortests/grid.py" line="150" name="test_superentities_entry_values_unique[&lt;lambda&gt;32]" time="0.0004315376281738281"><skipped message="Suite splitting in effect" type="pytest.skip">src/pymortests/grid.py:150: Suite splitting in effect</skipped></testcase><testcase classname="src.pymortests.grid" file="src/pymortests/grid.py" line="150" name="test_superentities_entry_values_unique[&lt;lambda&gt;33]" time="0.0005095005035400391"><skipped message="Suite splitting in effect" type="pytest.skip">src/pymortests/grid.py:150: Suite splitting in effect</skipped></testcase><testcase classname="src.pymortests.grid" file="src/pymortests/grid.py" line="150" name="test_superentities_entry_values_unique[&lt;lambda&gt;34]" time="0.0008957386016845703"><skipped message="Suite splitting in effect" type="pytest.skip">src/pymortests/grid.py:150: Suite splitting in effect</skipped></testcase><testcase classname="src.pymortests.grid" file="src/pymortests/grid.py" line="150" name="test_superentities_entry_values_unique[&lt;lambda&gt;35]" time="0.0005300045013427734"><skipped message="Suite splitting in effect" type="pytest.skip">src/pymortests/grid.py:150: Suite splitting in effect</skipped></testcase><testcase classname="src.pymortests.grid" file="src/pymortests/grid.py" line="150" name="test_superentities_entry_values_unique[&lt;lambda&gt;36]" time="0.0005095005035400391"><skipped message="Suite splitting in effect" type="pytest.skip">src/pymortests/grid.py:150: Suite splitting in effect</skipped></testcase><testcase classname="src.pymortests.grid" file="src/pymortests/grid.py" line="150" name="test_superentities_entry_values_unique[&lt;lambda&gt;37]" time="0.0005018711090087891"><skipped message="Suite splitting in effect" type="pytest.skip">src/pymortests/grid.py:150: Suite splitting in effect</skipped></testcase><testcase classname="src.pymortests.grid" file="src/pymortests/grid.py" line="150" name="test_superentities_entry_values_unique[&lt;lambda&gt;38]" time="0.0005335807800292969"><skipped message="Suite splitting in effect" type="pytest.skip">src/pymortests/grid.py:150: Suite splitting in effect</skipped></testcase><testcase classname="src.pymortests.grid" file="src/pymortests/grid.py" line="150" name="test_superentities_entry_values_unique[&lt;lambda&gt;39]" time="0.000518798828125"><skipped message="Suite splitting in effect" type="pytest.skip">src/pymortests/grid.py:150: Suite splitting in effect</skipped></testcase><testcase classname="src.pymortests.grid" file="src/pymortests/grid.py" line="150" name="test_superentities_entry_values_unique[&lt;lambda&gt;40]" time="0.0005276203155517578"><skipped message="Suite splitting in effect" type="pytest.skip">src/pymortests/grid.py:150: Suite splitting in effect</skipped></testcase><testcase classname="src.pymortests.grid" file="src/pymortests/grid.py" line="150" name="test_superentities_entry_values_unique[&lt;lambda&gt;41]" time="0.00046372413635253906"><skipped message="Suite splitting in effect" type="pytest.skip">src/pymortests/grid.py:150: Suite splitting in effect</skipped></testcase><testcase classname="src.pymortests.grid" file="src/pymortests/grid.py" line="150" name="test_superentities_entry_values_unique[&lt;lambda&gt;42]" time="0.0009260177612304688"><skipped message="Suite splitting in effect" type="pytest.skip">src/pymortests/grid.py:150: Suite splitting in effect</skipped></testcase><testcase classname="src.pymortests.grid" file="src/pymortests/grid.py" line="159" name="test_superentities_entries_sorted[&lt;lambda&gt;0]" time="0.00046324729919433594"><skipped message="Suite splitting in effect" type="pytest.skip">src/pymortests/grid.py:159: Suite splitting in effect</skipped></testcase><testcase classname="src.pymortests.grid" file="src/pymortests/grid.py" line="159" name="test_superentities_entries_sorted[&lt;lambda&gt;1]" time="0.00045180320739746094"><skipped message="Suite splitting in effect" type="pytest.skip">src/pymortests/grid.py:159: Suite splitting in effect</skipped></testcase><testcase classname="src.pymortests.grid" file="src/pymortests/grid.py" line="159" name="test_superentities_entries_sorted[&lt;lambda&gt;2]" time="0.0005095005035400391"><skipped message="Suite splitting in effect" type="pytest.skip">src/pymortests/grid.py:159: Suite splitting in effect</skipped></testcase><testcase classname="src.pymortests.grid" file="src/pymortests/grid.py" line="159" name="test_superentities_entries_sorted[&lt;lambda&gt;3]" time="0.0005536079406738281"><skipped message="Suite splitting in effect" type="pytest.skip">src/pymortests/grid.py:159: Suite splitting in effect</skipped></testcase><testcase classname="src.pymortests.grid" file="src/pymortests/grid.py" line="159" name="test_superentities_entries_sorted[&lt;lambda&gt;4]" time="0.00047278404235839844"><skipped message="Suite splitting in effect" type="pytest.skip">src/pymortests/grid.py:159: Suite splitting in effect</skipped></testcase><testcase classname="src.pymortests.grid" file="src/pymortests/grid.py" line="159" name="test_superentities_entries_sorted[&lt;lambda&gt;5]" time="0.0005249977111816406"><skipped message="Suite splitting in effect" type="pytest.skip">src/pymortests/grid.py:159: Suite splitting in effect</skipped></testcase><testcase classname="src.pymortests.grid" file="src/pymortests/grid.py" line="159" name="test_superentities_entries_sorted[&lt;lambda&gt;6]" time="0.0005152225494384766"><skipped message="Suite splitting in effect" type="pytest.skip">src/pymortests/grid.py:159: Suite splitting in effect</skipped></testcase><testcase classname="src.pymortests.grid" file="src/pymortests/grid.py" line="159" name="test_superentities_entries_sorted[&lt;lambda&gt;7]" time="0.0008454322814941406"><skipped message="Suite splitting in effect" type="pytest.skip">src/pymortests/grid.py:159: Suite splitting in effect</skipped></testcase><testcase classname="src.pymortests.grid" file="src/pymortests/grid.py" line="159" name="test_superentities_entries_sorted[&lt;lambda&gt;8]" time="0.00045561790466308594"><skipped message="Suite splitting in effect" type="pytest.skip">src/pymortests/grid.py:159: Suite splitting in effect</skipped></testcase><testcase classname="src.pymortests.grid" file="src/pymortests/grid.py" line="159" name="test_superentities_entries_sorted[&lt;lambda&gt;9]" time="0.0004899501800537109"><skipped message="Suite splitting in effect" type="pytest.skip">src/pymortests/grid.py:159: Suite splitting in effect</skipped></testcase><testcase classname="src.pymortests.grid" file="src/pymortests/grid.py" line="159" name="test_superentities_entries_sorted[&lt;lambda&gt;10]" time="0.0005245208740234375"><skipped message="Suite splitting in effect" type="pytest.skip">src/pymortests/grid.py:159: Suite splitting in effect</skipped></testcase><testcase classname="src.pymortests.grid" file="src/pymortests/grid.py" line="159" name="test_superentities_entries_sorted[&lt;lambda&gt;11]" time="0.0005252361297607422"><skipped message="Suite splitting in effect" type="pytest.skip">src/pymortests/grid.py:159: Suite splitting in effect</skipped></testcase><testcase classname="src.pymortests.grid" file="src/pymortests/grid.py" line="159" name="test_superentities_entries_sorted[&lt;lambda&gt;12]" time="0.00047659873962402344"><skipped message="Suite splitting in effect" type="pytest.skip">src/pymortests/grid.py:159: Suite splitting in effect</skipped></testcase><testcase classname="src.pymortests.grid" file="src/pymortests/grid.py" line="159" name="test_superentities_entries_sorted[&lt;lambda&gt;13]" time="0.0005385875701904297"><skipped message="Suite splitting in effect" type="pytest.skip">src/pymortests/grid.py:159: Suite splitting in effect</skipped></testcase><testcase classname="src.pymortests.grid" file="src/pymortests/grid.py" line="159" name="test_superentities_entries_sorted[&lt;lambda&gt;14]" time="0.0005223751068115234"><skipped message="Suite splitting in effect" type="pytest.skip">src/pymortests/grid.py:159: Suite splitting in effect</skipped></testcase><testcase classname="src.pymortests.grid" file="src/pymortests/grid.py" line="159" name="test_superentities_entries_sorted[&lt;lambda&gt;15]" time="0.0009272098541259766"><skipped message="Suite splitting in effect" type="pytest.skip">src/pymortests/grid.py:159: Suite splitting in effect</skipped></testcase><testcase classname="src.pymortests.grid" file="src/pymortests/grid.py" line="159" name="test_superentities_entries_sorted[&lt;lambda&gt;16]" time="0.00048732757568359375"><skipped message="Suite splitting in effect" type="pytest.skip">src/pymortests/grid.py:159: Suite splitting in effect</skipped></testcase><testcase classname="src.pymortests.grid" file="src/pymortests/grid.py" line="159" name="test_superentities_entries_sorted[&lt;lambda&gt;17]" time="0.0004723072052001953"><skipped message="Suite splitting in effect" type="pytest.skip">src/pymortests/grid.py:159: Suite splitting in effect</skipped></testcase><testcase classname="src.pymortests.grid" file="src/pymortests/grid.py" line="159" name="test_superentities_entries_sorted[&lt;lambda&gt;18]" time="0.0005061626434326172"><skipped message="Suite splitting in effect" type="pytest.skip">src/pymortests/grid.py:159: Suite splitting in effect</skipped></testcase><testcase classname="src.pymortests.grid" file="src/pymortests/grid.py" line="159" name="test_superentities_entries_sorted[&lt;lambda&gt;19]" time="0.0005691051483154297"><skipped message="Suite splitting in effect" type="pytest.skip">src/pymortests/grid.py:159: Suite splitting in effect</skipped></testcase><testcase classname="src.pymortests.grid" file="src/pymortests/grid.py" line="159" name="test_superentities_entries_sorted[&lt;lambda&gt;20]" time="0.000476837158203125"><skipped message="Suite splitting in effect" type="pytest.skip">src/pymortests/grid.py:159: Suite splitting in effect</skipped></testcase><testcase classname="src.pymortests.grid" file="src/pymortests/grid.py" line="159" name="test_superentities_entries_sorted[&lt;lambda&gt;21]" time="0.0005774497985839844"><skipped message="Suite splitting in effect" type="pytest.skip">src/pymortests/grid.py:159: Suite splitting in effect</skipped></testcase><testcase classname="src.pymortests.grid" file="src/pymortests/grid.py" line="159" name="test_superentities_entries_sorted[&lt;lambda&gt;22]" time="0.0005078315734863281"><skipped message="Suite splitting in effect" type="pytest.skip">src/pymortests/grid.py:159: Suite splitting in effect</skipped></testcase><testcase classname="src.pymortests.grid" file="src/pymortests/grid.py" line="159" name="test_superentities_entries_sorted[&lt;lambda&gt;23]" time="0.0008301734924316406"><skipped message="Suite splitting in effect" type="pytest.skip">src/pymortests/grid.py:159: Suite splitting in effect</skipped></testcase><testcase classname="src.pymortests.grid" file="src/pymortests/grid.py" line="159" name="test_superentities_entries_sorted[&lt;lambda&gt;24]" time="0.00048279762268066406"><skipped message="Suite splitting in effect" type="pytest.skip">src/pymortests/grid.py:159: Suite splitting in effect</skipped></testcase><testcase classname="src.pymortests.grid" file="src/pymortests/grid.py" line="159" name="test_superentities_entries_sorted[&lt;lambda&gt;25]" time="0.0004968643188476562"><skipped message="Suite splitting in effect" type="pytest.skip">src/pymortests/grid.py:159: Suite splitting in effect</skipped></testcase><testcase classname="src.pymortests.grid" file="src/pymortests/grid.py" line="159" name="test_superentities_entries_sorted[&lt;lambda&gt;26]" time="0.0005943775177001953"><skipped message="Suite splitting in effect" type="pytest.skip">src/pymortests/grid.py:159: Suite splitting in effect</skipped></testcase><testcase classname="src.pymortests.grid" file="src/pymortests/grid.py" line="159" name="test_superentities_entries_sorted[&lt;lambda&gt;27]" time="0.00047659873962402344"><skipped message="Suite splitting in effect" type="pytest.skip">src/pymortests/grid.py:159: Suite splitting in effect</skipped></testcase><testcase classname="src.pymortests.grid" file="src/pymortests/grid.py" line="159" name="test_superentities_entries_sorted[&lt;lambda&gt;28]" time="0.00047326087951660156"><skipped message="Suite splitting in effect" type="pytest.skip">src/pymortests/grid.py:159: Suite splitting in effect</skipped></testcase><testcase classname="src.pymortests.grid" file="src/pymortests/grid.py" line="159" name="test_superentities_entries_sorted[&lt;lambda&gt;29]" time="0.0005090236663818359"><skipped message="Suite splitting in effect" type="pytest.skip">src/pymortests/grid.py:159: Suite splitting in effect</skipped></testcase><testcase classname="src.pymortests.grid" file="src/pymortests/grid.py" line="159" name="test_superentities_entries_sorted[&lt;lambda&gt;30]" time="0.00047779083251953125"><skipped message="Suite splitting in effect" type="pytest.skip">src/pymortests/grid.py:159: Suite splitting in effect</skipped></testcase><testcase classname="src.pymortests.grid" file="src/pymortests/grid.py" line="159" name="test_superentities_entries_sorted[&lt;lambda&gt;31]" time="0.0008924007415771484"><skipped message="Suite splitting in effect" type="pytest.skip">src/pymortests/grid.py:159: Suite splitting in effect</skipped></testcase><testcase classname="src.pymortests.grid" file="src/pymortests/grid.py" line="159" name="test_superentities_entries_sorted[&lt;lambda&gt;32]" time="0.0004603862762451172"><skipped message="Suite splitting in effect" type="pytest.skip">src/pymortests/grid.py:159: Suite splitting in effect</skipped></testcase><testcase classname="src.pymortests.grid" file="src/pymortests/grid.py" line="159" name="test_superentities_entries_sorted[&lt;lambda&gt;33]" time="0.0005230903625488281"><skipped message="Suite splitting in effect" type="pytest.skip">src/pymortests/grid.py:159: Suite splitting in effect</skipped></testcase><testcase classname="src.pymortests.grid" file="src/pymortests/grid.py" line="159" name="test_superentities_entries_sorted[&lt;lambda&gt;34]" time="0.0005197525024414062"><skipped message="Suite splitting in effect" type="pytest.skip">src/pymortests/grid.py:159: Suite splitting in effect</skipped></testcase><testcase classname="src.pymortests.grid" file="src/pymortests/grid.py" line="159" name="test_superentities_entries_sorted[&lt;lambda&gt;35]" time="0.0004763603210449219"><skipped message="Suite splitting in effect" type="pytest.skip">src/pymortests/grid.py:159: Suite splitting in effect</skipped></testcase><testcase classname="src.pymortests.grid" file="src/pymortests/grid.py" line="159" name="test_superentities_entries_sorted[&lt;lambda&gt;36]" time="0.0006101131439208984"><skipped message="Suite splitting in effect" type="pytest.skip">src/pymortests/grid.py:159: Suite splitting in effect</skipped></testcase><testcase classname="src.pymortests.grid" file="src/pymortests/grid.py" line="159" name="test_superentities_entries_sorted[&lt;lambda&gt;37]" time="0.0005266666412353516"><skipped message="Suite splitting in effect" type="pytest.skip">src/pymortests/grid.py:159: Suite splitting in effect</skipped></testcase><testcase classname="src.pymortests.grid" file="src/pymortests/grid.py" line="159" name="test_superentities_entries_sorted[&lt;lambda&gt;38]" time="0.0004787445068359375"><skipped message="Suite splitting in effect" type="pytest.skip">src/pymortests/grid.py:159: Suite splitting in effect</skipped></testcase><testcase classname="src.pymortests.grid" file="src/pymortests/grid.py" line="159" name="test_superentities_entries_sorted[&lt;lambda&gt;39]" time="0.0008504390716552734"><skipped message="Suite splitting in effect" type="pytest.skip">src/pymortests/grid.py:159: Suite splitting in effect</skipped></testcase><testcase classname="src.pymortests.grid" file="src/pymortests/grid.py" line="159" name="test_superentities_entries_sorted[&lt;lambda&gt;40]" time="0.0004863739013671875"><skipped message="Suite splitting in effect" type="pytest.skip">src/pymortests/grid.py:159: Suite splitting in effect</skipped></testcase><testcase classname="src.pymortests.grid" file="src/pymortests/grid.py" line="159" name="test_superentities_entries_sorted[&lt;lambda&gt;41]" time="0.0005056858062744141"><skipped message="Suite splitting in effect" type="pytest.skip">src/pymortests/grid.py:159: Suite splitting in effect</skipped></testcase><testcase classname="src.pymortests.grid" file="src/pymortests/grid.py" line="159" name="test_superentities_entries_sorted[&lt;lambda&gt;42]" time="0.0005393028259277344"><skipped message="Suite splitting in effect" type="pytest.skip">src/pymortests/grid.py:159: Suite splitting in effect</skipped></testcase><testcase classname="src.pymortests.grid" file="src/pymortests/grid.py" line="172" name="test_superentities_codim_d_codim_d[&lt;lambda&gt;0]" time="0.0005805492401123047"><skipped message="Suite splitting in effect" type="pytest.skip">src/pymortests/grid.py:172: Suite splitting in effect</skipped></testcase><testcase classname="src.pymortests.grid" file="src/pymortests/grid.py" line="172" name="test_superentities_codim_d_codim_d[&lt;lambda&gt;1]" time="0.0006086826324462891"><skipped message="Suite splitting in effect" type="pytest.skip">src/pymortests/grid.py:172: Suite splitting in effect</skipped></testcase><testcase classname="src.pymortests.grid" file="src/pymortests/grid.py" line="172" name="test_superentities_codim_d_codim_d[&lt;lambda&gt;2]" time="0.0006148815155029297"><skipped message="Suite splitting in effect" type="pytest.skip">src/pymortests/grid.py:172: Suite splitting in effect</skipped></testcase><testcase classname="src.pymortests.grid" file="src/pymortests/grid.py" line="172" name="test_superentities_codim_d_codim_d[&lt;lambda&gt;3]" time="0.0007340908050537109"><skipped message="Suite splitting in effect" type="pytest.skip">src/pymortests/grid.py:172: Suite splitting in effect</skipped></testcase><testcase classname="src.pymortests.grid" file="src/pymortests/grid.py" line="172" name="test_superentities_codim_d_codim_d[&lt;lambda&gt;4]" time="0.0050127506256103516"><skipped message="Suite splitting in effect" type="pytest.skip">src/pymortests/grid.py:172: Suite splitting in effect</skipped></testcase><testcase classname="src.pymortests.grid" file="src/pymortests/grid.py" line="172" name="test_superentities_codim_d_codim_d[&lt;lambda&gt;5]" time="0.00075531005859375"><skipped message="Suite splitting in effect" type="pytest.skip">src/pymortests/grid.py:172: Suite splitting in effect</skipped></testcase><testcase classname="src.pymortests.grid" file="src/pymortests/grid.py" line="172" name="test_superentities_codim_d_codim_d[&lt;lambda&gt;6]" time="0.0007176399230957031"><skipped message="Suite splitting in effect" type="pytest.skip">src/pymortests/grid.py:172: Suite splitting in effect</skipped></testcase><testcase classname="src.pymortests.grid" file="src/pymortests/grid.py" line="172" name="test_superentities_codim_d_codim_d[&lt;lambda&gt;7]" time="0.0007698535919189453"><skipped message="Suite splitting in effect" type="pytest.skip">src/pymortests/grid.py:172: Suite splitting in effect</skipped></testcase><testcase classname="src.pymortests.grid" file="src/pymortests/grid.py" line="172" name="test_superentities_codim_d_codim_d[&lt;lambda&gt;8]" time="0.0008602142333984375"><skipped message="Suite splitting in effect" type="pytest.skip">src/pymortests/grid.py:172: Suite splitting in effect</skipped></testcase><testcase classname="src.pymortests.grid" file="src/pymortests/grid.py" line="172" name="test_superentities_codim_d_codim_d[&lt;lambda&gt;9]" time="0.0007152557373046875"><skipped message="Suite splitting in effect" type="pytest.skip">src/pymortests/grid.py:172: Suite splitting in effect</skipped></testcase><testcase classname="src.pymortests.grid" file="src/pymortests/grid.py" line="172" name="test_superentities_codim_d_codim_d[&lt;lambda&gt;10]" time="0.0006387233734130859"><skipped message="Suite splitting in effect" type="pytest.skip">src/pymortests/grid.py:172: Suite splitting in effect</skipped></testcase><testcase classname="src.pymortests.grid" file="src/pymortests/grid.py" line="172" name="test_superentities_codim_d_codim_d[&lt;lambda&gt;11]" time="0.0007414817810058594"><skipped message="Suite splitting in effect" type="pytest.skip">src/pymortests/grid.py:172: Suite splitting in effect</skipped></testcase><testcase classname="src.pymortests.grid" file="src/pymortests/grid.py" line="172" name="test_superentities_codim_d_codim_d[&lt;lambda&gt;12]" time="0.0011539459228515625"><skipped message="Suite splitting in effect" type="pytest.skip">src/pymortests/grid.py:172: Suite splitting in effect</skipped></testcase><testcase classname="src.pymortests.grid" file="src/pymortests/grid.py" line="172" name="test_superentities_codim_d_codim_d[&lt;lambda&gt;13]" time="0.0005338191986083984"><skipped message="Suite splitting in effect" type="pytest.skip">src/pymortests/grid.py:172: Suite splitting in effect</skipped></testcase><testcase classname="src.pymortests.grid" file="src/pymortests/grid.py" line="172" name="test_superentities_codim_d_codim_d[&lt;lambda&gt;14]" time="0.0005776882171630859"><skipped message="Suite splitting in effect" type="pytest.skip">src/pymortests/grid.py:172: Suite splitting in effect</skipped></testcase><testcase classname="src.pymortests.grid" file="src/pymortests/grid.py" line="172" name="test_superentities_codim_d_codim_d[&lt;lambda&gt;15]" time="0.0005102157592773438"><skipped message="Suite splitting in effect" type="pytest.skip">src/pymortests/grid.py:172: Suite splitting in effect</skipped></testcase><testcase classname="src.pymortests.grid" file="src/pymortests/grid.py" line="172" name="test_superentities_codim_d_codim_d[&lt;lambda&gt;16]" time="0.0005595684051513672"><skipped message="Suite splitting in effect" type="pytest.skip">src/pymortests/grid.py:172: Suite splitting in effect</skipped></testcase><testcase classname="src.pymortests.grid" file="src/pymortests/grid.py" line="172" name="test_superentities_codim_d_codim_d[&lt;lambda&gt;17]" time="0.0005805492401123047"><skipped message="Suite splitting in effect" type="pytest.skip">src/pymortests/grid.py:172: Suite splitting in effect</skipped></testcase><testcase classname="src.pymortests.grid" file="src/pymortests/grid.py" line="172" name="test_superentities_codim_d_codim_d[&lt;lambda&gt;18]" time="0.0004649162292480469"><skipped message="Suite splitting in effect" type="pytest.skip">src/pymortests/grid.py:172: Suite splitting in effect</skipped></testcase><testcase classname="src.pymortests.grid" file="src/pymortests/grid.py" line="172" name="test_superentities_codim_d_codim_d[&lt;lambda&gt;19]" time="0.00047898292541503906"><skipped message="Suite splitting in effect" type="pytest.skip">src/pymortests/grid.py:172: Suite splitting in effect</skipped></testcase><testcase classname="src.pymortests.grid" file="src/pymortests/grid.py" line="172" name="test_superentities_codim_d_codim_d[&lt;lambda&gt;20]" time="0.0008847713470458984"><skipped message="Suite splitting in effect" type="pytest.skip">src/pymortests/grid.py:172: Suite splitting in effect</skipped></testcase><testcase classname="src.pymortests.grid" file="src/pymortests/grid.py" line="172" name="test_superentities_codim_d_codim_d[&lt;lambda&gt;21]" time="0.0004773139953613281"><skipped message="Suite splitting in effect" type="pytest.skip">src/pymortests/grid.py:172: Suite splitting in effect</skipped></testcase><testcase classname="src.pymortests.grid" file="src/pymortests/grid.py" line="172" name="test_superentities_codim_d_codim_d[&lt;lambda&gt;22]" time="0.0005245208740234375"><skipped message="Suite splitting in effect" type="pytest.skip">src/pymortests/grid.py:172: Suite splitting in effect</skipped></testcase><testcase classname="src.pymortests.grid" file="src/pymortests/grid.py" line="172" name="test_superentities_codim_d_codim_d[&lt;lambda&gt;23]" time="0.0005393028259277344"><skipped message="Suite splitting in effect" type="pytest.skip">src/pymortests/grid.py:172: Suite splitting in effect</skipped></testcase><testcase classname="src.pymortests.grid" file="src/pymortests/grid.py" line="172" name="test_superentities_codim_d_codim_d[&lt;lambda&gt;24]" time="0.0005900859832763672"><skipped message="Suite splitting in effect" type="pytest.skip">src/pymortests/grid.py:172: Suite splitting in effect</skipped></testcase><testcase classname="src.pymortests.grid" file="src/pymortests/grid.py" line="172" name="test_superentities_codim_d_codim_d[&lt;lambda&gt;25]" time="0.0007898807525634766"><skipped message="Suite splitting in effect" type="pytest.skip">src/pymortests/grid.py:172: Suite splitting in effect</skipped></testcase><testcase classname="src.pymortests.grid" file="src/pymortests/grid.py" line="172" name="test_superentities_codim_d_codim_d[&lt;lambda&gt;26]" time="0.0006070137023925781"><skipped message="Suite splitting in effect" type="pytest.skip">src/pymortests/grid.py:172: Suite splitting in effect</skipped></testcase><testcase classname="src.pymortests.grid" file="src/pymortests/grid.py" line="172" name="test_superentities_codim_d_codim_d[&lt;lambda&gt;27]" time="0.0005202293395996094"><skipped message="Suite splitting in effect" type="pytest.skip">src/pymortests/grid.py:172: Suite splitting in effect</skipped></testcase><testcase classname="src.pymortests.grid" file="src/pymortests/grid.py" line="172" name="test_superentities_codim_d_codim_d[&lt;lambda&gt;28]" time="0.0009164810180664062"><skipped message="Suite splitting in effect" type="pytest.skip">src/pymortests/grid.py:172: Suite splitting in effect</skipped></testcase><testcase classname="src.pymortests.grid" file="src/pymortests/grid.py" line="172" name="test_superentities_codim_d_codim_d[&lt;lambda&gt;29]" time="0.0004756450653076172"><skipped message="Suite splitting in effect" type="pytest.skip">src/pymortests/grid.py:172: Suite splitting in effect</skipped></testcase><testcase classname="src.pymortests.grid" file="src/pymortests/grid.py" line="172" name="test_superentities_codim_d_codim_d[&lt;lambda&gt;30]" time="0.0005133152008056641"><skipped message="Suite splitting in effect" type="pytest.skip">src/pymortests/grid.py:172: Suite splitting in effect</skipped></testcase><testcase classname="src.pymortests.grid" file="src/pymortests/grid.py" line="172" name="test_superentities_codim_d_codim_d[&lt;lambda&gt;31]" time="0.000537872314453125"><skipped message="Suite splitting in effect" type="pytest.skip">src/pymortests/grid.py:172: Suite splitting in effect</skipped></testcase><testcase classname="src.pymortests.grid" file="src/pymortests/grid.py" line="172" name="test_superentities_codim_d_codim_d[&lt;lambda&gt;32]" time="0.0005016326904296875"><skipped message="Suite splitting in effect" type="pytest.skip">src/pymortests/grid.py:172: Suite splitting in effect</skipped></testcase><testcase classname="src.pymortests.grid" file="src/pymortests/grid.py" line="172" name="test_superentities_codim_d_codim_d[&lt;lambda&gt;33]" time="0.0005133152008056641"><skipped message="Suite splitting in effect" type="pytest.skip">src/pymortests/grid.py:172: Suite splitting in effect</skipped></testcase><testcase classname="src.pymortests.grid" file="src/pymortests/grid.py" line="172" name="test_superentities_codim_d_codim_d[&lt;lambda&gt;34]" time="0.0004980564117431641"><skipped message="Suite splitting in effect" type="pytest.skip">src/pymortests/grid.py:172: Suite splitting in effect</skipped></testcase><testcase classname="src.pymortests.grid" file="src/pymortests/grid.py" line="172" name="test_superentities_codim_d_codim_d[&lt;lambda&gt;35]" time="0.0006761550903320312"><skipped message="Suite splitting in effect" type="pytest.skip">src/pymortests/grid.py:172: Suite splitting in effect</skipped></testcase><testcase classname="src.pymortests.grid" file="src/pymortests/grid.py" line="172" name="test_superentities_codim_d_codim_d[&lt;lambda&gt;36]" time="0.0008914470672607422"><skipped message="Suite splitting in effect" type="pytest.skip">src/pymortests/grid.py:172: Suite splitting in effect</skipped></testcase><testcase classname="src.pymortests.grid" file="src/pymortests/grid.py" line="172" name="test_superentities_codim_d_codim_d[&lt;lambda&gt;37]" time="0.0004923343658447266"><skipped message="Suite splitting in effect" type="pytest.skip">src/pymortests/grid.py:172: Suite splitting in effect</skipped></testcase><testcase classname="src.pymortests.grid" file="src/pymortests/grid.py" line="172" name="test_superentities_codim_d_codim_d[&lt;lambda&gt;38]" time="0.0004367828369140625"><skipped message="Suite splitting in effect" type="pytest.skip">src/pymortests/grid.py:172: Suite splitting in effect</skipped></testcase><testcase classname="src.pymortests.grid" file="src/pymortests/grid.py" line="172" name="test_superentities_codim_d_codim_d[&lt;lambda&gt;39]" time="0.0005037784576416016"><skipped message="Suite splitting in effect" type="pytest.skip">src/pymortests/grid.py:172: Suite splitting in effect</skipped></testcase><testcase classname="src.pymortests.grid" file="src/pymortests/grid.py" line="172" name="test_superentities_codim_d_codim_d[&lt;lambda&gt;40]" time="0.0005018711090087891"><skipped message="Suite splitting in effect" type="pytest.skip">src/pymortests/grid.py:172: Suite splitting in effect</skipped></testcase><testcase classname="src.pymortests.grid" file="src/pymortests/grid.py" line="172" name="test_superentities_codim_d_codim_d[&lt;lambda&gt;41]" time="0.0004417896270751953"><skipped message="Suite splitting in effect" type="pytest.skip">src/pymortests/grid.py:172: Suite splitting in effect</skipped></testcase><testcase classname="src.pymortests.grid" file="src/pymortests/grid.py" line="172" name="test_superentities_codim_d_codim_d[&lt;lambda&gt;42]" time="0.0005502700805664062"><skipped message="Suite splitting in effect" type="pytest.skip">src/pymortests/grid.py:172: Suite splitting in effect</skipped></testcase><testcase classname="src.pymortests.grid" file="src/pymortests/grid.py" line="179" name="test_superentities_each_entry_superentity[&lt;lambda&gt;0]" time="0.0005114078521728516"><skipped message="Suite splitting in effect" type="pytest.skip">src/pymortests/grid.py:179: Suite splitting in effect</skipped></testcase><testcase classname="src.pymortests.grid" file="src/pymortests/grid.py" line="179" name="test_superentities_each_entry_superentity[&lt;lambda&gt;1]" time="0.0008974075317382812"><skipped message="Suite splitting in effect" type="pytest.skip">src/pymortests/grid.py:179: Suite splitting in effect</skipped></testcase><testcase classname="src.pymortests.grid" file="src/pymortests/grid.py" line="179" name="test_superentities_each_entry_superentity[&lt;lambda&gt;2]" time="0.0005006790161132812"><skipped message="Suite splitting in effect" type="pytest.skip">src/pymortests/grid.py:179: Suite splitting in effect</skipped></testcase><testcase classname="src.pymortests.grid" file="src/pymortests/grid.py" line="179" name="test_superentities_each_entry_superentity[&lt;lambda&gt;3]" time="0.0004918575286865234"><skipped message="Suite splitting in effect" type="pytest.skip">src/pymortests/grid.py:179: Suite splitting in effect</skipped></testcase><testcase classname="src.pymortests.grid" file="src/pymortests/grid.py" line="179" name="test_superentities_each_entry_superentity[&lt;lambda&gt;4]" time="0.0005335807800292969"><skipped message="Suite splitting in effect" type="pytest.skip">src/pymortests/grid.py:179: Suite splitting in effect</skipped></testcase><testcase classname="src.pymortests.grid" file="src/pymortests/grid.py" line="179" name="test_superentities_each_entry_superentity[&lt;lambda&gt;5]" time="0.0005097389221191406"><skipped message="Suite splitting in effect" type="pytest.skip">src/pymortests/grid.py:179: Suite splitting in effect</skipped></testcase><testcase classname="src.pymortests.grid" file="src/pymortests/grid.py" line="179" name="test_superentities_each_entry_superentity[&lt;lambda&gt;6]" time="0.0004942417144775391"><skipped message="Suite splitting in effect" type="pytest.skip">src/pymortests/grid.py:179: Suite splitting in effect</skipped></testcase><testcase classname="src.pymortests.grid" file="src/pymortests/grid.py" line="179" name="test_superentities_each_entry_superentity[&lt;lambda&gt;7]" time="0.0005087852478027344"><skipped message="Suite splitting in effect" type="pytest.skip">src/pymortests/grid.py:179: Suite splitting in effect</skipped></testcase><testcase classname="src.pymortests.grid" file="src/pymortests/grid.py" line="179" name="test_superentities_each_entry_superentity[&lt;lambda&gt;8]" time="0.0005075931549072266"><skipped message="Suite splitting in effect" type="pytest.skip">src/pymortests/grid.py:179: Suite splitting in effect</skipped></testcase><testcase classname="src.pymortests.grid" file="src/pymortests/grid.py" line="179" name="test_superentities_each_entry_superentity[&lt;lambda&gt;9]" time="0.0008928775787353516"><skipped message="Suite splitting in effect" type="pytest.skip">src/pymortests/grid.py:179: Suite splitting in effect</skipped></testcase><testcase classname="src.pymortests.grid" file="src/pymortests/grid.py" line="179" name="test_superentities_each_entry_superentity[&lt;lambda&gt;10]" time="0.00046324729919433594"><skipped message="Suite splitting in effect" type="pytest.skip">src/pymortests/grid.py:179: Suite splitting in effect</skipped></testcase><testcase classname="src.pymortests.grid" file="src/pymortests/grid.py" line="179" name="test_superentities_each_entry_superentity[&lt;lambda&gt;11]" time="0.0005135536193847656"><skipped message="Suite splitting in effect" type="pytest.skip">src/pymortests/grid.py:179: Suite splitting in effect</skipped></testcase><testcase classname="src.pymortests.grid" file="src/pymortests/grid.py" line="179" name="test_superentities_each_entry_superentity[&lt;lambda&gt;12]" time="0.0005533695220947266"><skipped message="Suite splitting in effect" type="pytest.skip">src/pymortests/grid.py:179: Suite splitting in effect</skipped></testcase><testcase classname="src.pymortests.grid" file="src/pymortests/grid.py" line="179" name="test_superentities_each_entry_superentity[&lt;lambda&gt;13]" time="0.0005350112915039062"><skipped message="Suite splitting in effect" type="pytest.skip">src/pymortests/grid.py:179: Suite splitting in effect</skipped></testcase><testcase classname="src.pymortests.grid" file="src/pymortests/grid.py" line="179" name="test_superentities_each_entry_superentity[&lt;lambda&gt;14]" time="0.0004398822784423828"><skipped message="Suite splitting in effect" type="pytest.skip">src/pymortests/grid.py:179: Suite splitting in effect</skipped></testcase><testcase classname="src.pymortests.grid" file="src/pymortests/grid.py" line="179" name="test_superentities_each_entry_superentity[&lt;lambda&gt;15]" time="0.00046896934509277344"><skipped message="Suite splitting in effect" type="pytest.skip">src/pymortests/grid.py:179: Suite splitting in effect</skipped></testcase><testcase classname="src.pymortests.grid" file="src/pymortests/grid.py" line="179" name="test_superentities_each_entry_superentity[&lt;lambda&gt;16]" time="0.0005269050598144531"><skipped message="Suite splitting in effect" type="pytest.skip">src/pymortests/grid.py:179: Suite splitting in effect</skipped></testcase><testcase classname="src.pymortests.grid" file="src/pymortests/grid.py" line="179" name="test_superentities_each_entry_superentity[&lt;lambda&gt;17]" time="0.0010142326354980469"><skipped message="Suite splitting in effect" type="pytest.skip">src/pymortests/grid.py:179: Suite splitting in effect</skipped></testcase><testcase classname="src.pymortests.grid" file="src/pymortests/grid.py" line="179" name="test_superentities_each_entry_superentity[&lt;lambda&gt;18]" time="0.0004851818084716797"><skipped message="Suite splitting in effect" type="pytest.skip">src/pymortests/grid.py:179: Suite splitting in effect</skipped></testcase><testcase classname="src.pymortests.grid" file="src/pymortests/grid.py" line="179" name="test_superentities_each_entry_superentity[&lt;lambda&gt;19]" time="0.0004801750183105469"><skipped message="Suite splitting in effect" type="pytest.skip">src/pymortests/grid.py:179: Suite splitting in effect</skipped></testcase><testcase classname="src.pymortests.grid" file="src/pymortests/grid.py" line="179" name="test_superentities_each_entry_superentity[&lt;lambda&gt;20]" time="0.0005357265472412109"><skipped message="Suite splitting in effect" type="pytest.skip">src/pymortests/grid.py:179: Suite splitting in effect</skipped></testcase><testcase classname="src.pymortests.grid" file="src/pymortests/grid.py" line="179" name="test_superentities_each_entry_superentity[&lt;lambda&gt;21]" time="0.00057220458984375"><skipped message="Suite splitting in effect" type="pytest.skip">src/pymortests/grid.py:179: Suite splitting in effect</skipped></testcase><testcase classname="src.pymortests.grid" file="src/pymortests/grid.py" line="179" name="test_superentities_each_entry_superentity[&lt;lambda&gt;22]" time="0.0005507469177246094"><skipped message="Suite splitting in effect" type="pytest.skip">src/pymortests/grid.py:179: Suite splitting in effect</skipped></testcase><testcase classname="src.pymortests.grid" file="src/pymortests/grid.py" line="179" name="test_superentities_each_entry_superentity[&lt;lambda&gt;23]" time="0.00047779083251953125"><skipped message="Suite splitting in effect" type="pytest.skip">src/pymortests/grid.py:179: Suite splitting in effect</skipped></testcase><testcase classname="src.pymortests.grid" file="src/pymortests/grid.py" line="179" name="test_superentities_each_entry_superentity[&lt;lambda&gt;24]" time="0.0006129741668701172"><skipped message="Suite splitting in effect" type="pytest.skip">src/pymortests/grid.py:179: Suite splitting in effect</skipped></testcase><testcase classname="src.pymortests.grid" file="src/pymortests/grid.py" line="179" name="test_superentities_each_entry_superentity[&lt;lambda&gt;25]" time="0.0008721351623535156"><skipped message="Suite splitting in effect" type="pytest.skip">src/pymortests/grid.py:179: Suite splitting in effect</skipped></testcase><testcase classname="src.pymortests.grid" file="src/pymortests/grid.py" line="179" name="test_superentities_each_entry_superentity[&lt;lambda&gt;26]" time="0.0005085468292236328"><skipped message="Suite splitting in effect" type="pytest.skip">src/pymortests/grid.py:179: Suite splitting in effect</skipped></testcase><testcase classname="src.pymortests.grid" file="src/pymortests/grid.py" line="179" name="test_superentities_each_entry_superentity[&lt;lambda&gt;27]" time="0.0005116462707519531"><skipped message="Suite splitting in effect" type="pytest.skip">src/pymortests/grid.py:179: Suite splitting in effect</skipped></testcase><testcase classname="src.pymortests.grid" file="src/pymortests/grid.py" line="179" name="test_superentities_each_entry_superentity[&lt;lambda&gt;28]" time="0.0005040168762207031"><skipped message="Suite splitting in effect" type="pytest.skip">src/pymortests/grid.py:179: Suite splitting in effect</skipped></testcase><testcase classname="src.pymortests.grid" file="src/pymortests/grid.py" line="179" name="test_superentities_each_entry_superentity[&lt;lambda&gt;29]" time="0.0004634857177734375"><skipped message="Suite splitting in effect" type="pytest.skip">src/pymortests/grid.py:179: Suite splitting in effect</skipped></testcase><testcase classname="src.pymortests.grid" file="src/pymortests/grid.py" line="179" name="test_superentities_each_entry_superentity[&lt;lambda&gt;30]" time="0.0005152225494384766"><skipped message="Suite splitting in effect" type="pytest.skip">src/pymortests/grid.py:179: Suite splitting in effect</skipped></testcase><testcase classname="src.pymortests.grid" file="src/pymortests/grid.py" line="179" name="test_superentities_each_entry_superentity[&lt;lambda&gt;31]" time="0.0005483627319335938"><skipped message="Suite splitting in effect" type="pytest.skip">src/pymortests/grid.py:179: Suite splitting in effect</skipped></testcase><testcase classname="src.pymortests.grid" file="src/pymortests/grid.py" line="179" name="test_superentities_each_entry_superentity[&lt;lambda&gt;32]" time="0.0005936622619628906"><skipped message="Suite splitting in effect" type="pytest.skip">src/pymortests/grid.py:179: Suite splitting in effect</skipped></testcase><testcase classname="src.pymortests.grid" file="src/pymortests/grid.py" line="179" name="test_superentities_each_entry_superentity[&lt;lambda&gt;33]" time="0.0010287761688232422"><skipped message="Suite splitting in effect" type="pytest.skip">src/pymortests/grid.py:179: Suite splitting in effect</skipped></testcase><testcase classname="src.pymortests.grid" file="src/pymortests/grid.py" line="179" name="test_superentities_each_entry_superentity[&lt;lambda&gt;34]" time="0.0005071163177490234"><skipped message="Suite splitting in effect" type="pytest.skip">src/pymortests/grid.py:179: Suite splitting in effect</skipped></testcase><testcase classname="src.pymortests.grid" file="src/pymortests/grid.py" line="179" name="test_superentities_each_entry_superentity[&lt;lambda&gt;35]" time="0.0005335807800292969"><skipped message="Suite splitting in effect" type="pytest.skip">src/pymortests/grid.py:179: Suite splitting in effect</skipped></testcase><testcase classname="src.pymortests.grid" file="src/pymortests/grid.py" line="179" name="test_superentities_each_entry_superentity[&lt;lambda&gt;36]" time="0.0005023479461669922"><skipped message="Suite splitting in effect" type="pytest.skip">src/pymortests/grid.py:179: Suite splitting in effect</skipped></testcase><testcase classname="src.pymortests.grid" file="src/pymortests/grid.py" line="179" name="test_superentities_each_entry_superentity[&lt;lambda&gt;37]" time="0.0005412101745605469"><skipped message="Suite splitting in effect" type="pytest.skip">src/pymortests/grid.py:179: Suite splitting in effect</skipped></testcase><testcase classname="src.pymortests.grid" file="src/pymortests/grid.py" line="179" name="test_superentities_each_entry_superentity[&lt;lambda&gt;38]" time="0.0005204677581787109"><skipped message="Suite splitting in effect" type="pytest.skip">src/pymortests/grid.py:179: Suite splitting in effect</skipped></testcase><testcase classname="src.pymortests.grid" file="src/pymortests/grid.py" line="179" name="test_superentities_each_entry_superentity[&lt;lambda&gt;39]" time="0.0005199909210205078"><skipped message="Suite splitting in effect" type="pytest.skip">src/pymortests/grid.py:179: Suite splitting in effect</skipped></testcase><testcase classname="src.pymortests.grid" file="src/pymortests/grid.py" line="179" name="test_superentities_each_entry_superentity[&lt;lambda&gt;40]" time="0.0005168914794921875"><skipped message="Suite splitting in effect" type="pytest.skip">src/pymortests/grid.py:179: Suite splitting in effect</skipped></testcase><testcase classname="src.pymortests.grid" file="src/pymortests/grid.py" line="179" name="test_superentities_each_entry_superentity[&lt;lambda&gt;41]" time="0.0009021759033203125"><skipped message="Suite splitting in effect" type="pytest.skip">src/pymortests/grid.py:179: Suite splitting in effect</skipped></testcase><testcase classname="src.pymortests.grid" file="src/pymortests/grid.py" line="179" name="test_superentities_each_entry_superentity[&lt;lambda&gt;42]" time="0.0005526542663574219"><skipped message="Suite splitting in effect" type="pytest.skip">src/pymortests/grid.py:179: Suite splitting in effect</skipped></testcase><testcase classname="src.pymortests.grid" file="src/pymortests/grid.py" line="191" name="test_superentities_each_superentity_has_entry[&lt;lambda&gt;0]" time="0.0004725456237792969"><skipped message="Suite splitting in effect" type="pytest.skip">src/pymortests/grid.py:191: Suite splitting in effect</skipped></testcase><testcase classname="src.pymortests.grid" file="src/pymortests/grid.py" line="191" name="test_superentities_each_superentity_has_entry[&lt;lambda&gt;1]" time="0.0004942417144775391"><skipped message="Suite splitting in effect" type="pytest.skip">src/pymortests/grid.py:191: Suite splitting in effect</skipped></testcase><testcase classname="src.pymortests.grid" file="src/pymortests/grid.py" line="191" name="test_superentities_each_superentity_has_entry[&lt;lambda&gt;2]" time="0.00041985511779785156"><skipped message="Suite splitting in effect" type="pytest.skip">src/pymortests/grid.py:191: Suite splitting in effect</skipped></testcase><testcase classname="src.pymortests.grid" file="src/pymortests/grid.py" line="191" name="test_superentities_each_superentity_has_entry[&lt;lambda&gt;3]" time="0.00048804283142089844"><skipped message="Suite splitting in effect" type="pytest.skip">src/pymortests/grid.py:191: Suite splitting in effect</skipped></testcase><testcase classname="src.pymortests.grid" file="src/pymortests/grid.py" line="191" name="test_superentities_each_superentity_has_entry[&lt;lambda&gt;4]" time="0.00048160552978515625"><skipped message="Suite splitting in effect" type="pytest.skip">src/pymortests/grid.py:191: Suite splitting in effect</skipped></testcase><testcase classname="src.pymortests.grid" file="src/pymortests/grid.py" line="191" name="test_superentities_each_superentity_has_entry[&lt;lambda&gt;5]" time="0.0005402565002441406"><skipped message="Suite splitting in effect" type="pytest.skip">src/pymortests/grid.py:191: Suite splitting in effect</skipped></testcase><testcase classname="src.pymortests.grid" file="src/pymortests/grid.py" line="191" name="test_superentities_each_superentity_has_entry[&lt;lambda&gt;6]" time="0.0009069442749023438"><skipped message="Suite splitting in effect" type="pytest.skip">src/pymortests/grid.py:191: Suite splitting in effect</skipped></testcase><testcase classname="src.pymortests.grid" file="src/pymortests/grid.py" line="191" name="test_superentities_each_superentity_has_entry[&lt;lambda&gt;7]" time="0.0005280971527099609"><skipped message="Suite splitting in effect" type="pytest.skip">src/pymortests/grid.py:191: Suite splitting in effect</skipped></testcase><testcase classname="src.pymortests.grid" file="src/pymortests/grid.py" line="191" name="test_superentities_each_superentity_has_entry[&lt;lambda&gt;8]" time="0.0005424022674560547"><skipped message="Suite splitting in effect" type="pytest.skip">src/pymortests/grid.py:191: Suite splitting in effect</skipped></testcase><testcase classname="src.pymortests.grid" file="src/pymortests/grid.py" line="191" name="test_superentities_each_superentity_has_entry[&lt;lambda&gt;9]" time="0.0005145072937011719"><skipped message="Suite splitting in effect" type="pytest.skip">src/pymortests/grid.py:191: Suite splitting in effect</skipped></testcase><testcase classname="src.pymortests.grid" file="src/pymortests/grid.py" line="191" name="test_superentities_each_superentity_has_entry[&lt;lambda&gt;10]" time="0.0005905628204345703"><skipped message="Suite splitting in effect" type="pytest.skip">src/pymortests/grid.py:191: Suite splitting in effect</skipped></testcase><testcase classname="src.pymortests.grid" file="src/pymortests/grid.py" line="191" name="test_superentities_each_superentity_has_entry[&lt;lambda&gt;11]" time="0.0005638599395751953"><skipped message="Suite splitting in effect" type="pytest.skip">src/pymortests/grid.py:191: Suite splitting in effect</skipped></testcase><testcase classname="src.pymortests.grid" file="src/pymortests/grid.py" line="191" name="test_superentities_each_superentity_has_entry[&lt;lambda&gt;12]" time="0.0005428791046142578"><skipped message="Suite splitting in effect" type="pytest.skip">src/pymortests/grid.py:191: Suite splitting in effect</skipped></testcase><testcase classname="src.pymortests.grid" file="src/pymortests/grid.py" line="191" name="test_superentities_each_superentity_has_entry[&lt;lambda&gt;13]" time="0.00048613548278808594"><skipped message="Suite splitting in effect" type="pytest.skip">src/pymortests/grid.py:191: Suite splitting in effect</skipped></testcase><testcase classname="src.pymortests.grid" file="src/pymortests/grid.py" line="191" name="test_superentities_each_superentity_has_entry[&lt;lambda&gt;14]" time="0.0008268356323242188"><skipped message="Suite splitting in effect" type="pytest.skip">src/pymortests/grid.py:191: Suite splitting in effect</skipped></testcase><testcase classname="src.pymortests.grid" file="src/pymortests/grid.py" line="191" name="test_superentities_each_superentity_has_entry[&lt;lambda&gt;15]" time="0.0005538463592529297"><skipped message="Suite splitting in effect" type="pytest.skip">src/pymortests/grid.py:191: Suite splitting in effect</skipped></testcase><testcase classname="src.pymortests.grid" file="src/pymortests/grid.py" line="191" name="test_superentities_each_superentity_has_entry[&lt;lambda&gt;16]" time="0.0004432201385498047"><skipped message="Suite splitting in effect" type="pytest.skip">src/pymortests/grid.py:191: Suite splitting in effect</skipped></testcase><testcase classname="src.pymortests.grid" file="src/pymortests/grid.py" line="191" name="test_superentities_each_superentity_has_entry[&lt;lambda&gt;17]" time="0.0005102157592773438"><skipped message="Suite splitting in effect" type="pytest.skip">src/pymortests/grid.py:191: Suite splitting in effect</skipped></testcase><testcase classname="src.pymortests.grid" file="src/pymortests/grid.py" line="191" name="test_superentities_each_superentity_has_entry[&lt;lambda&gt;18]" time="0.00048613548278808594"><skipped message="Suite splitting in effect" type="pytest.skip">src/pymortests/grid.py:191: Suite splitting in effect</skipped></testcase><testcase classname="src.pymortests.grid" file="src/pymortests/grid.py" line="191" name="test_superentities_each_superentity_has_entry[&lt;lambda&gt;19]" time="0.0005693435668945312"><skipped message="Suite splitting in effect" type="pytest.skip">src/pymortests/grid.py:191: Suite splitting in effect</skipped></testcase><testcase classname="src.pymortests.grid" file="src/pymortests/grid.py" line="191" name="test_superentities_each_superentity_has_entry[&lt;lambda&gt;20]" time="0.0005297660827636719"><skipped message="Suite splitting in effect" type="pytest.skip">src/pymortests/grid.py:191: Suite splitting in effect</skipped></testcase><testcase classname="src.pymortests.grid" file="src/pymortests/grid.py" line="191" name="test_superentities_each_superentity_has_entry[&lt;lambda&gt;21]" time="0.00046944618225097656"><skipped message="Suite splitting in effect" type="pytest.skip">src/pymortests/grid.py:191: Suite splitting in effect</skipped></testcase><testcase classname="src.pymortests.grid" file="src/pymortests/grid.py" line="191" name="test_superentities_each_superentity_has_entry[&lt;lambda&gt;22]" time="0.0010509490966796875"><skipped message="Suite splitting in effect" type="pytest.skip">src/pymortests/grid.py:191: Suite splitting in effect</skipped></testcase><testcase classname="src.pymortests.grid" file="src/pymortests/grid.py" line="191" name="test_superentities_each_superentity_has_entry[&lt;lambda&gt;23]" time="0.0005083084106445312"><skipped message="Suite splitting in effect" type="pytest.skip">src/pymortests/grid.py:191: Suite splitting in effect</skipped></testcase><testcase classname="src.pymortests.grid" file="src/pymortests/grid.py" line="191" name="test_superentities_each_superentity_has_entry[&lt;lambda&gt;24]" time="0.0005619525909423828"><skipped message="Suite splitting in effect" type="pytest.skip">src/pymortests/grid.py:191: Suite splitting in effect</skipped></testcase><testcase classname="src.pymortests.grid" file="src/pymortests/grid.py" line="191" name="test_superentities_each_superentity_has_entry[&lt;lambda&gt;25]" time="0.0004563331604003906"><skipped message="Suite splitting in effect" type="pytest.skip">src/pymortests/grid.py:191: Suite splitting in effect</skipped></testcase><testcase classname="src.pymortests.grid" file="src/pymortests/grid.py" line="191" name="test_superentities_each_superentity_has_entry[&lt;lambda&gt;26]" time="0.0004837512969970703"><skipped message="Suite splitting in effect" type="pytest.skip">src/pymortests/grid.py:191: Suite splitting in effect</skipped></testcase><testcase classname="src.pymortests.grid" file="src/pymortests/grid.py" line="191" name="test_superentities_each_superentity_has_entry[&lt;lambda&gt;27]" time="0.00043582916259765625"><skipped message="Suite splitting in effect" type="pytest.skip">src/pymortests/grid.py:191: Suite splitting in effect</skipped></testcase><testcase classname="src.pymortests.grid" file="src/pymortests/grid.py" line="191" name="test_superentities_each_superentity_has_entry[&lt;lambda&gt;28]" time="0.0005397796630859375"><skipped message="Suite splitting in effect" type="pytest.skip">src/pymortests/grid.py:191: Suite splitting in effect</skipped></testcase><testcase classname="src.pymortests.grid" file="src/pymortests/grid.py" line="191" name="test_superentities_each_superentity_has_entry[&lt;lambda&gt;29]" time="0.0005099773406982422"><skipped message="Suite splitting in effect" type="pytest.skip">src/pymortests/grid.py:191: Suite splitting in effect</skipped></testcase><testcase classname="src.pymortests.grid" file="src/pymortests/grid.py" line="191" name="test_superentities_each_superentity_has_entry[&lt;lambda&gt;30]" time="0.0008459091186523438"><skipped message="Suite splitting in effect" type="pytest.skip">src/pymortests/grid.py:191: Suite splitting in effect</skipped></testcase><testcase classname="src.pymortests.grid" file="src/pymortests/grid.py" line="191" name="test_superentities_each_superentity_has_entry[&lt;lambda&gt;31]" time="0.0004589557647705078"><skipped message="Suite splitting in effect" type="pytest.skip">src/pymortests/grid.py:191: Suite splitting in effect</skipped></testcase><testcase classname="src.pymortests.grid" file="src/pymortests/grid.py" line="191" name="test_superentities_each_superentity_has_entry[&lt;lambda&gt;32]" time="0.0005240440368652344"><skipped message="Suite splitting in effect" type="pytest.skip">src/pymortests/grid.py:191: Suite splitting in effect</skipped></testcase><testcase classname="src.pymortests.grid" file="src/pymortests/grid.py" line="191" name="test_superentities_each_superentity_has_entry[&lt;lambda&gt;33]" time="0.0005218982696533203"><skipped message="Suite splitting in effect" type="pytest.skip">src/pymortests/grid.py:191: Suite splitting in effect</skipped></testcase><testcase classname="src.pymortests.grid" file="src/pymortests/grid.py" line="191" name="test_superentities_each_superentity_has_entry[&lt;lambda&gt;34]" time="0.00051116943359375"><skipped message="Suite splitting in effect" type="pytest.skip">src/pymortests/grid.py:191: Suite splitting in effect</skipped></testcase><testcase classname="src.pymortests.grid" file="src/pymortests/grid.py" line="191" name="test_superentities_each_superentity_has_entry[&lt;lambda&gt;35]" time="0.0005140304565429688"><skipped message="Suite splitting in effect" type="pytest.skip">src/pymortests/grid.py:191: Suite splitting in effect</skipped></testcase><testcase classname="src.pymortests.grid" file="src/pymortests/grid.py" line="191" name="test_superentities_each_superentity_has_entry[&lt;lambda&gt;36]" time="0.000492095947265625"><skipped message="Suite splitting in effect" type="pytest.skip">src/pymortests/grid.py:191: Suite splitting in effect</skipped></testcase><testcase classname="src.pymortests.grid" file="src/pymortests/grid.py" line="191" name="test_superentities_each_superentity_has_entry[&lt;lambda&gt;37]" time="0.0004918575286865234"><skipped message="Suite splitting in effect" type="pytest.skip">src/pymortests/grid.py:191: Suite splitting in effect</skipped></testcase><testcase classname="src.pymortests.grid" file="src/pymortests/grid.py" line="191" name="test_superentities_each_superentity_has_entry[&lt;lambda&gt;38]" time="0.0009534358978271484"><skipped message="Suite splitting in effect" type="pytest.skip">src/pymortests/grid.py:191: Suite splitting in effect</skipped></testcase><testcase classname="src.pymortests.grid" file="src/pymortests/grid.py" line="191" name="test_superentities_each_superentity_has_entry[&lt;lambda&gt;39]" time="0.0004601478576660156"><skipped message="Suite splitting in effect" type="pytest.skip">src/pymortests/grid.py:191: Suite splitting in effect</skipped></testcase><testcase classname="src.pymortests.grid" file="src/pymortests/grid.py" line="191" name="test_superentities_each_superentity_has_entry[&lt;lambda&gt;40]" time="0.0004851818084716797"><skipped message="Suite splitting in effect" type="pytest.skip">src/pymortests/grid.py:191: Suite splitting in effect</skipped></testcase><testcase classname="src.pymortests.grid" file="src/pymortests/grid.py" line="191" name="test_superentities_each_superentity_has_entry[&lt;lambda&gt;41]" time="0.00044465065002441406"><skipped message="Suite splitting in effect" type="pytest.skip">src/pymortests/grid.py:191: Suite splitting in effect</skipped></testcase><testcase classname="src.pymortests.grid" file="src/pymortests/grid.py" line="191" name="test_superentities_each_superentity_has_entry[&lt;lambda&gt;42]" time="0.0005245208740234375"><skipped message="Suite splitting in effect" type="pytest.skip">src/pymortests/grid.py:191: Suite splitting in effect</skipped></testcase><testcase classname="src.pymortests.grid" file="src/pymortests/grid.py" line="203" name="test_superentity_indices_wrong_arguments[&lt;lambda&gt;0]" time="0.0005116462707519531"><skipped message="Suite splitting in effect" type="pytest.skip">src/pymortests/grid.py:203: Suite splitting in effect</skipped></testcase><testcase classname="src.pymortests.grid" file="src/pymortests/grid.py" line="203" name="test_superentity_indices_wrong_arguments[&lt;lambda&gt;1]" time="0.0004687309265136719"><skipped message="Suite splitting in effect" type="pytest.skip">src/pymortests/grid.py:203: Suite splitting in effect</skipped></testcase><testcase classname="src.pymortests.grid" file="src/pymortests/grid.py" line="203" name="test_superentity_indices_wrong_arguments[&lt;lambda&gt;2]" time="0.00044536590576171875"><skipped message="Suite splitting in effect" type="pytest.skip">src/pymortests/grid.py:203: Suite splitting in effect</skipped></testcase><testcase classname="src.pymortests.grid" file="src/pymortests/grid.py" line="203" name="test_superentity_indices_wrong_arguments[&lt;lambda&gt;3]" time="0.0008380413055419922"><skipped message="Suite splitting in effect" type="pytest.skip">src/pymortests/grid.py:203: Suite splitting in effect</skipped></testcase><testcase classname="src.pymortests.grid" file="src/pymortests/grid.py" line="203" name="test_superentity_indices_wrong_arguments[&lt;lambda&gt;4]" time="0.0005271434783935547"><skipped message="Suite splitting in effect" type="pytest.skip">src/pymortests/grid.py:203: Suite splitting in effect</skipped></testcase><testcase classname="src.pymortests.grid" file="src/pymortests/grid.py" line="203" name="test_superentity_indices_wrong_arguments[&lt;lambda&gt;5]" time="0.0005257129669189453"><skipped message="Suite splitting in effect" type="pytest.skip">src/pymortests/grid.py:203: Suite splitting in effect</skipped></testcase><testcase classname="src.pymortests.grid" file="src/pymortests/grid.py" line="203" name="test_superentity_indices_wrong_arguments[&lt;lambda&gt;6]" time="0.0004329681396484375"><skipped message="Suite splitting in effect" type="pytest.skip">src/pymortests/grid.py:203: Suite splitting in effect</skipped></testcase><testcase classname="src.pymortests.grid" file="src/pymortests/grid.py" line="203" name="test_superentity_indices_wrong_arguments[&lt;lambda&gt;7]" time="0.0005140304565429688"><skipped message="Suite splitting in effect" type="pytest.skip">src/pymortests/grid.py:203: Suite splitting in effect</skipped></testcase><testcase classname="src.pymortests.grid" file="src/pymortests/grid.py" line="203" name="test_superentity_indices_wrong_arguments[&lt;lambda&gt;8]" time="0.00048065185546875"><skipped message="Suite splitting in effect" type="pytest.skip">src/pymortests/grid.py:203: Suite splitting in effect</skipped></testcase><testcase classname="src.pymortests.grid" file="src/pymortests/grid.py" line="203" name="test_superentity_indices_wrong_arguments[&lt;lambda&gt;9]" time="0.0005125999450683594"><skipped message="Suite splitting in effect" type="pytest.skip">src/pymortests/grid.py:203: Suite splitting in effect</skipped></testcase><testcase classname="src.pymortests.grid" file="src/pymortests/grid.py" line="203" name="test_superentity_indices_wrong_arguments[&lt;lambda&gt;10]" time="0.0005066394805908203"><skipped message="Suite splitting in effect" type="pytest.skip">src/pymortests/grid.py:203: Suite splitting in effect</skipped></testcase><testcase classname="src.pymortests.grid" file="src/pymortests/grid.py" line="203" name="test_superentity_indices_wrong_arguments[&lt;lambda&gt;11]" time="0.0008072853088378906"><skipped message="Suite splitting in effect" type="pytest.skip">src/pymortests/grid.py:203: Suite splitting in effect</skipped></testcase><testcase classname="src.pymortests.grid" file="src/pymortests/grid.py" line="203" name="test_superentity_indices_wrong_arguments[&lt;lambda&gt;12]" time="0.0005078315734863281"><skipped message="Suite splitting in effect" type="pytest.skip">src/pymortests/grid.py:203: Suite splitting in effect</skipped></testcase><testcase classname="src.pymortests.grid" file="src/pymortests/grid.py" line="203" name="test_superentity_indices_wrong_arguments[&lt;lambda&gt;13]" time="0.00042939186096191406"><skipped message="Suite splitting in effect" type="pytest.skip">src/pymortests/grid.py:203: Suite splitting in effect</skipped></testcase><testcase classname="src.pymortests.grid" file="src/pymortests/grid.py" line="203" name="test_superentity_indices_wrong_arguments[&lt;lambda&gt;14]" time="0.00047659873962402344"><skipped message="Suite splitting in effect" type="pytest.skip">src/pymortests/grid.py:203: Suite splitting in effect</skipped></testcase><testcase classname="src.pymortests.grid" file="src/pymortests/grid.py" line="203" name="test_superentity_indices_wrong_arguments[&lt;lambda&gt;15]" time="0.0004909038543701172"><skipped message="Suite splitting in effect" type="pytest.skip">src/pymortests/grid.py:203: Suite splitting in effect</skipped></testcase><testcase classname="src.pymortests.grid" file="src/pymortests/grid.py" line="203" name="test_superentity_indices_wrong_arguments[&lt;lambda&gt;16]" time="0.00042438507080078125"><skipped message="Suite splitting in effect" type="pytest.skip">src/pymortests/grid.py:203: Suite splitting in effect</skipped></testcase><testcase classname="src.pymortests.grid" file="src/pymortests/grid.py" line="203" name="test_superentity_indices_wrong_arguments[&lt;lambda&gt;17]" time="0.0004229545593261719"><skipped message="Suite splitting in effect" type="pytest.skip">src/pymortests/grid.py:203: Suite splitting in effect</skipped></testcase><testcase classname="src.pymortests.grid" file="src/pymortests/grid.py" line="203" name="test_superentity_indices_wrong_arguments[&lt;lambda&gt;18]" time="0.00041604042053222656"><skipped message="Suite splitting in effect" type="pytest.skip">src/pymortests/grid.py:203: Suite splitting in effect</skipped></testcase><testcase classname="src.pymortests.grid" file="src/pymortests/grid.py" line="203" name="test_superentity_indices_wrong_arguments[&lt;lambda&gt;19]" time="0.0007605552673339844"><skipped message="Suite splitting in effect" type="pytest.skip">src/pymortests/grid.py:203: Suite splitting in effect</skipped></testcase><testcase classname="src.pymortests.grid" file="src/pymortests/grid.py" line="203" name="test_superentity_indices_wrong_arguments[&lt;lambda&gt;20]" time="0.0005230903625488281"><skipped message="Suite splitting in effect" type="pytest.skip">src/pymortests/grid.py:203: Suite splitting in effect</skipped></testcase><testcase classname="src.pymortests.grid" file="src/pymortests/grid.py" line="203" name="test_superentity_indices_wrong_arguments[&lt;lambda&gt;21]" time="0.0004444122314453125"><skipped message="Suite splitting in effect" type="pytest.skip">src/pymortests/grid.py:203: Suite splitting in effect</skipped></testcase><testcase classname="src.pymortests.grid" file="src/pymortests/grid.py" line="203" name="test_superentity_indices_wrong_arguments[&lt;lambda&gt;22]" time="0.0005147457122802734"><skipped message="Suite splitting in effect" type="pytest.skip">src/pymortests/grid.py:203: Suite splitting in effect</skipped></testcase><testcase classname="src.pymortests.grid" file="src/pymortests/grid.py" line="203" name="test_superentity_indices_wrong_arguments[&lt;lambda&gt;23]" time="0.0005290508270263672"><skipped message="Suite splitting in effect" type="pytest.skip">src/pymortests/grid.py:203: Suite splitting in effect</skipped></testcase><testcase classname="src.pymortests.grid" file="src/pymortests/grid.py" line="203" name="test_superentity_indices_wrong_arguments[&lt;lambda&gt;24]" time="0.0004394054412841797"><skipped message="Suite splitting in effect" type="pytest.skip">src/pymortests/grid.py:203: Suite splitting in effect</skipped></testcase><testcase classname="src.pymortests.grid" file="src/pymortests/grid.py" line="203" name="test_superentity_indices_wrong_arguments[&lt;lambda&gt;25]" time="0.0004961490631103516"><skipped message="Suite splitting in effect" type="pytest.skip">src/pymortests/grid.py:203: Suite splitting in effect</skipped></testcase><testcase classname="src.pymortests.grid" file="src/pymortests/grid.py" line="203" name="test_superentity_indices_wrong_arguments[&lt;lambda&gt;26]" time="0.0005128383636474609"><skipped message="Suite splitting in effect" type="pytest.skip">src/pymortests/grid.py:203: Suite splitting in effect</skipped></testcase><testcase classname="src.pymortests.grid" file="src/pymortests/grid.py" line="203" name="test_superentity_indices_wrong_arguments[&lt;lambda&gt;27]" time="0.0007605552673339844"><skipped message="Suite splitting in effect" type="pytest.skip">src/pymortests/grid.py:203: Suite splitting in effect</skipped></testcase><testcase classname="src.pymortests.grid" file="src/pymortests/grid.py" line="203" name="test_superentity_indices_wrong_arguments[&lt;lambda&gt;28]" time="0.0004754066467285156"><skipped message="Suite splitting in effect" type="pytest.skip">src/pymortests/grid.py:203: Suite splitting in effect</skipped></testcase><testcase classname="src.pymortests.grid" file="src/pymortests/grid.py" line="203" name="test_superentity_indices_wrong_arguments[&lt;lambda&gt;29]" time="0.0005059242248535156"><skipped message="Suite splitting in effect" type="pytest.skip">src/pymortests/grid.py:203: Suite splitting in effect</skipped></testcase><testcase classname="src.pymortests.grid" file="src/pymortests/grid.py" line="203" name="test_superentity_indices_wrong_arguments[&lt;lambda&gt;30]" time="0.0004534721374511719"><skipped message="Suite splitting in effect" type="pytest.skip">src/pymortests/grid.py:203: Suite splitting in effect</skipped></testcase><testcase classname="src.pymortests.grid" file="src/pymortests/grid.py" line="203" name="test_superentity_indices_wrong_arguments[&lt;lambda&gt;31]" time="0.00047898292541503906"><skipped message="Suite splitting in effect" type="pytest.skip">src/pymortests/grid.py:203: Suite splitting in effect</skipped></testcase><testcase classname="src.pymortests.grid" file="src/pymortests/grid.py" line="203" name="test_superentity_indices_wrong_arguments[&lt;lambda&gt;32]" time="0.00047588348388671875"><skipped message="Suite splitting in effect" type="pytest.skip">src/pymortests/grid.py:203: Suite splitting in effect</skipped></testcase><testcase classname="src.pymortests.grid" file="src/pymortests/grid.py" line="203" name="test_superentity_indices_wrong_arguments[&lt;lambda&gt;33]" time="0.0005028247833251953"><skipped message="Suite splitting in effect" type="pytest.skip">src/pymortests/grid.py:203: Suite splitting in effect</skipped></testcase><testcase classname="src.pymortests.grid" file="src/pymortests/grid.py" line="203" name="test_superentity_indices_wrong_arguments[&lt;lambda&gt;34]" time="0.0004935264587402344"><skipped message="Suite splitting in effect" type="pytest.skip">src/pymortests/grid.py:203: Suite splitting in effect</skipped></testcase><testcase classname="src.pymortests.grid" file="src/pymortests/grid.py" line="203" name="test_superentity_indices_wrong_arguments[&lt;lambda&gt;35]" time="0.0008332729339599609"><skipped message="Suite splitting in effect" type="pytest.skip">src/pymortests/grid.py:203: Suite splitting in effect</skipped></testcase><testcase classname="src.pymortests.grid" file="src/pymortests/grid.py" line="203" name="test_superentity_indices_wrong_arguments[&lt;lambda&gt;36]" time="0.00047135353088378906"><skipped message="Suite splitting in effect" type="pytest.skip">src/pymortests/grid.py:203: Suite splitting in effect</skipped></testcase><testcase classname="src.pymortests.grid" file="src/pymortests/grid.py" line="203" name="test_superentity_indices_wrong_arguments[&lt;lambda&gt;37]" time="0.0005118846893310547"><skipped message="Suite splitting in effect" type="pytest.skip">src/pymortests/grid.py:203: Suite splitting in effect</skipped></testcase><testcase classname="src.pymortests.grid" file="src/pymortests/grid.py" line="203" name="test_superentity_indices_wrong_arguments[&lt;lambda&gt;38]" time="0.0004794597625732422"><skipped message="Suite splitting in effect" type="pytest.skip">src/pymortests/grid.py:203: Suite splitting in effect</skipped></testcase><testcase classname="src.pymortests.grid" file="src/pymortests/grid.py" line="203" name="test_superentity_indices_wrong_arguments[&lt;lambda&gt;39]" time="0.0004680156707763672"><skipped message="Suite splitting in effect" type="pytest.skip">src/pymortests/grid.py:203: Suite splitting in effect</skipped></testcase><testcase classname="src.pymortests.grid" file="src/pymortests/grid.py" line="203" name="test_superentity_indices_wrong_arguments[&lt;lambda&gt;40]" time="0.0005156993865966797"><skipped message="Suite splitting in effect" type="pytest.skip">src/pymortests/grid.py:203: Suite splitting in effect</skipped></testcase><testcase classname="src.pymortests.grid" file="src/pymortests/grid.py" line="203" name="test_superentity_indices_wrong_arguments[&lt;lambda&gt;41]" time="0.00044155120849609375"><skipped message="Suite splitting in effect" type="pytest.skip">src/pymortests/grid.py:203: Suite splitting in effect</skipped></testcase><testcase classname="src.pymortests.grid" file="src/pymortests/grid.py" line="203" name="test_superentity_indices_wrong_arguments[&lt;lambda&gt;42]" time="0.0004608631134033203"><skipped message="Suite splitting in effect" type="pytest.skip">src/pymortests/grid.py:203: Suite splitting in effect</skipped></testcase><testcase classname="src.pymortests.grid" file="src/pymortests/grid.py" line="218" name="test_superentity_indices_shape[&lt;lambda&gt;0]" time="0.0007841587066650391"><skipped message="Suite splitting in effect" type="pytest.skip">src/pymortests/grid.py:218: Suite splitting in effect</skipped></testcase><testcase classname="src.pymortests.grid" file="src/pymortests/grid.py" line="218" name="test_superentity_indices_shape[&lt;lambda&gt;1]" time="0.0004322528839111328"><skipped message="Suite splitting in effect" type="pytest.skip">src/pymortests/grid.py:218: Suite splitting in effect</skipped></testcase><testcase classname="src.pymortests.grid" file="src/pymortests/grid.py" line="218" name="test_superentity_indices_shape[&lt;lambda&gt;2]" time="0.00042748451232910156"><skipped message="Suite splitting in effect" type="pytest.skip">src/pymortests/grid.py:218: Suite splitting in effect</skipped></testcase><testcase classname="src.pymortests.grid" file="src/pymortests/grid.py" line="218" name="test_superentity_indices_shape[&lt;lambda&gt;3]" time="0.0004937648773193359"><skipped message="Suite splitting in effect" type="pytest.skip">src/pymortests/grid.py:218: Suite splitting in effect</skipped></testcase><testcase classname="src.pymortests.grid" file="src/pymortests/grid.py" line="218" name="test_superentity_indices_shape[&lt;lambda&gt;4]" time="0.0004372596740722656"><skipped message="Suite splitting in effect" type="pytest.skip">src/pymortests/grid.py:218: Suite splitting in effect</skipped></testcase><testcase classname="src.pymortests.grid" file="src/pymortests/grid.py" line="218" name="test_superentity_indices_shape[&lt;lambda&gt;5]" time="0.00044083595275878906"><skipped message="Suite splitting in effect" type="pytest.skip">src/pymortests/grid.py:218: Suite splitting in effect</skipped></testcase><testcase classname="src.pymortests.grid" file="src/pymortests/grid.py" line="218" name="test_superentity_indices_shape[&lt;lambda&gt;6]" time="0.0004825592041015625"><skipped message="Suite splitting in effect" type="pytest.skip">src/pymortests/grid.py:218: Suite splitting in effect</skipped></testcase><testcase classname="src.pymortests.grid" file="src/pymortests/grid.py" line="218" name="test_superentity_indices_shape[&lt;lambda&gt;7]" time="0.0004279613494873047"><skipped message="Suite splitting in effect" type="pytest.skip">src/pymortests/grid.py:218: Suite splitting in effect</skipped></testcase><testcase classname="src.pymortests.grid" file="src/pymortests/grid.py" line="218" name="test_superentity_indices_shape[&lt;lambda&gt;8]" time="0.0008273124694824219"><skipped message="Suite splitting in effect" type="pytest.skip">src/pymortests/grid.py:218: Suite splitting in effect</skipped></testcase><testcase classname="src.pymortests.grid" file="src/pymortests/grid.py" line="218" name="test_superentity_indices_shape[&lt;lambda&gt;9]" time="0.0005309581756591797"><skipped message="Suite splitting in effect" type="pytest.skip">src/pymortests/grid.py:218: Suite splitting in effect</skipped></testcase><testcase classname="src.pymortests.grid" file="src/pymortests/grid.py" line="218" name="test_superentity_indices_shape[&lt;lambda&gt;10]" time="0.0005359649658203125"><skipped message="Suite splitting in effect" type="pytest.skip">src/pymortests/grid.py:218: Suite splitting in effect</skipped></testcase><testcase classname="src.pymortests.grid" file="src/pymortests/grid.py" line="218" name="test_superentity_indices_shape[&lt;lambda&gt;11]" time="0.00045371055603027344"><skipped message="Suite splitting in effect" type="pytest.skip">src/pymortests/grid.py:218: Suite splitting in effect</skipped></testcase><testcase classname="src.pymortests.grid" file="src/pymortests/grid.py" line="218" name="test_superentity_indices_shape[&lt;lambda&gt;12]" time="0.0004980564117431641"><skipped message="Suite splitting in effect" type="pytest.skip">src/pymortests/grid.py:218: Suite splitting in effect</skipped></testcase><testcase classname="src.pymortests.grid" file="src/pymortests/grid.py" line="218" name="test_superentity_indices_shape[&lt;lambda&gt;13]" time="0.0005486011505126953"><skipped message="Suite splitting in effect" type="pytest.skip">src/pymortests/grid.py:218: Suite splitting in effect</skipped></testcase><testcase classname="src.pymortests.grid" file="src/pymortests/grid.py" line="218" name="test_superentity_indices_shape[&lt;lambda&gt;14]" time="0.00044417381286621094"><skipped message="Suite splitting in effect" type="pytest.skip">src/pymortests/grid.py:218: Suite splitting in effect</skipped></testcase><testcase classname="src.pymortests.grid" file="src/pymortests/grid.py" line="218" name="test_superentity_indices_shape[&lt;lambda&gt;15]" time="0.0005025863647460938"><skipped message="Suite splitting in effect" type="pytest.skip">src/pymortests/grid.py:218: Suite splitting in effect</skipped></testcase><testcase classname="src.pymortests.grid" file="src/pymortests/grid.py" line="218" name="test_superentity_indices_shape[&lt;lambda&gt;16]" time="0.0008723735809326172"><skipped message="Suite splitting in effect" type="pytest.skip">src/pymortests/grid.py:218: Suite splitting in effect</skipped></testcase><testcase classname="src.pymortests.grid" file="src/pymortests/grid.py" line="218" name="test_superentity_indices_shape[&lt;lambda&gt;17]" time="0.0004951953887939453"><skipped message="Suite splitting in effect" type="pytest.skip">src/pymortests/grid.py:218: Suite splitting in effect</skipped></testcase><testcase classname="src.pymortests.grid" file="src/pymortests/grid.py" line="218" name="test_superentity_indices_shape[&lt;lambda&gt;18]" time="0.0004839897155761719"><skipped message="Suite splitting in effect" type="pytest.skip">src/pymortests/grid.py:218: Suite splitting in effect</skipped></testcase><testcase classname="src.pymortests.grid" file="src/pymortests/grid.py" line="218" name="test_superentity_indices_shape[&lt;lambda&gt;19]" time="0.00042176246643066406"><skipped message="Suite splitting in effect" type="pytest.skip">src/pymortests/grid.py:218: Suite splitting in effect</skipped></testcase><testcase classname="src.pymortests.grid" file="src/pymortests/grid.py" line="218" name="test_superentity_indices_shape[&lt;lambda&gt;20]" time="0.0004494190216064453"><skipped message="Suite splitting in effect" type="pytest.skip">src/pymortests/grid.py:218: Suite splitting in effect</skipped></testcase><testcase classname="src.pymortests.grid" file="src/pymortests/grid.py" line="218" name="test_superentity_indices_shape[&lt;lambda&gt;21]" time="0.00048065185546875"><skipped message="Suite splitting in effect" type="pytest.skip">src/pymortests/grid.py:218: Suite splitting in effect</skipped></testcase><testcase classname="src.pymortests.grid" file="src/pymortests/grid.py" line="218" name="test_superentity_indices_shape[&lt;lambda&gt;22]" time="0.0004355907440185547"><skipped message="Suite splitting in effect" type="pytest.skip">src/pymortests/grid.py:218: Suite splitting in effect</skipped></testcase><testcase classname="src.pymortests.grid" file="src/pymortests/grid.py" line="218" name="test_superentity_indices_shape[&lt;lambda&gt;23]" time="0.0005152225494384766"><skipped message="Suite splitting in effect" type="pytest.skip">src/pymortests/grid.py:218: Suite splitting in effect</skipped></testcase><testcase classname="src.pymortests.grid" file="src/pymortests/grid.py" line="218" name="test_superentity_indices_shape[&lt;lambda&gt;24]" time="0.0007638931274414062"><skipped message="Suite splitting in effect" type="pytest.skip">src/pymortests/grid.py:218: Suite splitting in effect</skipped></testcase><testcase classname="src.pymortests.grid" file="src/pymortests/grid.py" line="218" name="test_superentity_indices_shape[&lt;lambda&gt;25]" time="0.0005171298980712891"><skipped message="Suite splitting in effect" type="pytest.skip">src/pymortests/grid.py:218: Suite splitting in effect</skipped></testcase><testcase classname="src.pymortests.grid" file="src/pymortests/grid.py" line="218" name="test_superentity_indices_shape[&lt;lambda&gt;26]" time="0.0005097389221191406"><skipped message="Suite splitting in effect" type="pytest.skip">src/pymortests/grid.py:218: Suite splitting in effect</skipped></testcase><testcase classname="src.pymortests.grid" file="src/pymortests/grid.py" line="218" name="test_superentity_indices_shape[&lt;lambda&gt;27]" time="0.0004763603210449219"><skipped message="Suite splitting in effect" type="pytest.skip">src/pymortests/grid.py:218: Suite splitting in effect</skipped></testcase><testcase classname="src.pymortests.grid" file="src/pymortests/grid.py" line="218" name="test_superentity_indices_shape[&lt;lambda&gt;28]" time="0.0004916191101074219"><skipped message="Suite splitting in effect" type="pytest.skip">src/pymortests/grid.py:218: Suite splitting in effect</skipped></testcase><testcase classname="src.pymortests.grid" file="src/pymortests/grid.py" line="218" name="test_superentity_indices_shape[&lt;lambda&gt;29]" time="0.00044035911560058594"><skipped message="Suite splitting in effect" type="pytest.skip">src/pymortests/grid.py:218: Suite splitting in effect</skipped></testcase><testcase classname="src.pymortests.grid" file="src/pymortests/grid.py" line="218" name="test_superentity_indices_shape[&lt;lambda&gt;30]" time="0.0004904270172119141"><skipped message="Suite splitting in effect" type="pytest.skip">src/pymortests/grid.py:218: Suite splitting in effect</skipped></testcase><testcase classname="src.pymortests.grid" file="src/pymortests/grid.py" line="218" name="test_superentity_indices_shape[&lt;lambda&gt;31]" time="0.0005033016204833984"><skipped message="Suite splitting in effect" type="pytest.skip">src/pymortests/grid.py:218: Suite splitting in effect</skipped></testcase><testcase classname="src.pymortests.grid" file="src/pymortests/grid.py" line="218" name="test_superentity_indices_shape[&lt;lambda&gt;32]" time="0.0009837150573730469"><skipped message="Suite splitting in effect" type="pytest.skip">src/pymortests/grid.py:218: Suite splitting in effect</skipped></testcase><testcase classname="src.pymortests.grid" file="src/pymortests/grid.py" line="218" name="test_superentity_indices_shape[&lt;lambda&gt;33]" time="0.0004391670227050781"><skipped message="Suite splitting in effect" type="pytest.skip">src/pymortests/grid.py:218: Suite splitting in effect</skipped></testcase><testcase classname="src.pymortests.grid" file="src/pymortests/grid.py" line="218" name="test_superentity_indices_shape[&lt;lambda&gt;34]" time="0.00042366981506347656"><skipped message="Suite splitting in effect" type="pytest.skip">src/pymortests/grid.py:218: Suite splitting in effect</skipped></testcase><testcase classname="src.pymortests.grid" file="src/pymortests/grid.py" line="218" name="test_superentity_indices_shape[&lt;lambda&gt;35]" time="0.00046896934509277344"><skipped message="Suite splitting in effect" type="pytest.skip">src/pymortests/grid.py:218: Suite splitting in effect</skipped></testcase><testcase classname="src.pymortests.grid" file="src/pymortests/grid.py" line="218" name="test_superentity_indices_shape[&lt;lambda&gt;36]" time="0.0004305839538574219"><skipped message="Suite splitting in effect" type="pytest.skip">src/pymortests/grid.py:218: Suite splitting in effect</skipped></testcase><testcase classname="src.pymortests.grid" file="src/pymortests/grid.py" line="218" name="test_superentity_indices_shape[&lt;lambda&gt;37]" time="0.0004994869232177734"><skipped message="Suite splitting in effect" type="pytest.skip">src/pymortests/grid.py:218: Suite splitting in effect</skipped></testcase><testcase classname="src.pymortests.grid" file="src/pymortests/grid.py" line="218" name="test_superentity_indices_shape[&lt;lambda&gt;38]" time="0.0004916191101074219"><skipped message="Suite splitting in effect" type="pytest.skip">src/pymortests/grid.py:218: Suite splitting in effect</skipped></testcase><testcase classname="src.pymortests.grid" file="src/pymortests/grid.py" line="218" name="test_superentity_indices_shape[&lt;lambda&gt;39]" time="0.00045490264892578125"><skipped message="Suite splitting in effect" type="pytest.skip">src/pymortests/grid.py:218: Suite splitting in effect</skipped></testcase><testcase classname="src.pymortests.grid" file="src/pymortests/grid.py" line="218" name="test_superentity_indices_shape[&lt;lambda&gt;40]" time="0.0007948875427246094"><skipped message="Suite splitting in effect" type="pytest.skip">src/pymortests/grid.py:218: Suite splitting in effect</skipped></testcase><testcase classname="src.pymortests.grid" file="src/pymortests/grid.py" line="218" name="test_superentity_indices_shape[&lt;lambda&gt;41]" time="0.000499725341796875"><skipped message="Suite splitting in effect" type="pytest.skip">src/pymortests/grid.py:218: Suite splitting in effect</skipped></testcase><testcase classname="src.pymortests.grid" file="src/pymortests/grid.py" line="218" name="test_superentity_indices_shape[&lt;lambda&gt;42]" time="0.00042557716369628906"><skipped message="Suite splitting in effect" type="pytest.skip">src/pymortests/grid.py:218: Suite splitting in effect</skipped></testcase><testcase classname="src.pymortests.grid" file="src/pymortests/grid.py" line="225" name="test_superentity_indices_dtype[&lt;lambda&gt;0]" time="0.0005025863647460938"><skipped message="Suite splitting in effect" type="pytest.skip">src/pymortests/grid.py:225: Suite splitting in effect</skipped></testcase><testcase classname="src.pymortests.grid" file="src/pymortests/grid.py" line="225" name="test_superentity_indices_dtype[&lt;lambda&gt;1]" time="0.0004634857177734375"><skipped message="Suite splitting in effect" type="pytest.skip">src/pymortests/grid.py:225: Suite splitting in effect</skipped></testcase><testcase classname="src.pymortests.grid" file="src/pymortests/grid.py" line="225" name="test_superentity_indices_dtype[&lt;lambda&gt;2]" time="0.0004878044128417969"><skipped message="Suite splitting in effect" type="pytest.skip">src/pymortests/grid.py:225: Suite splitting in effect</skipped></testcase><testcase classname="src.pymortests.grid" file="src/pymortests/grid.py" line="225" name="test_superentity_indices_dtype[&lt;lambda&gt;3]" time="0.0004999637603759766"><skipped message="Suite splitting in effect" type="pytest.skip">src/pymortests/grid.py:225: Suite splitting in effect</skipped></testcase><testcase classname="src.pymortests.grid" file="src/pymortests/grid.py" line="225" name="test_superentity_indices_dtype[&lt;lambda&gt;4]" time="0.00046753883361816406"><skipped message="Suite splitting in effect" type="pytest.skip">src/pymortests/grid.py:225: Suite splitting in effect</skipped></testcase><testcase classname="src.pymortests.grid" file="src/pymortests/grid.py" line="225" name="test_superentity_indices_dtype[&lt;lambda&gt;5]" time="0.0007812976837158203"><skipped message="Suite splitting in effect" type="pytest.skip">src/pymortests/grid.py:225: Suite splitting in effect</skipped></testcase><testcase classname="src.pymortests.grid" file="src/pymortests/grid.py" line="225" name="test_superentity_indices_dtype[&lt;lambda&gt;6]" time="0.000522613525390625"><skipped message="Suite splitting in effect" type="pytest.skip">src/pymortests/grid.py:225: Suite splitting in effect</skipped></testcase><testcase classname="src.pymortests.grid" file="src/pymortests/grid.py" line="225" name="test_superentity_indices_dtype[&lt;lambda&gt;7]" time="0.0005099773406982422"><skipped message="Suite splitting in effect" type="pytest.skip">src/pymortests/grid.py:225: Suite splitting in effect</skipped></testcase><testcase classname="src.pymortests.grid" file="src/pymortests/grid.py" line="225" name="test_superentity_indices_dtype[&lt;lambda&gt;8]" time="0.0004782676696777344"><skipped message="Suite splitting in effect" type="pytest.skip">src/pymortests/grid.py:225: Suite splitting in effect</skipped></testcase><testcase classname="src.pymortests.grid" file="src/pymortests/grid.py" line="225" name="test_superentity_indices_dtype[&lt;lambda&gt;9]" time="0.00043511390686035156"><skipped message="Suite splitting in effect" type="pytest.skip">src/pymortests/grid.py:225: Suite splitting in effect</skipped></testcase><testcase classname="src.pymortests.grid" file="src/pymortests/grid.py" line="225" name="test_superentity_indices_dtype[&lt;lambda&gt;10]" time="0.000469207763671875"><skipped message="Suite splitting in effect" type="pytest.skip">src/pymortests/grid.py:225: Suite splitting in effect</skipped></testcase><testcase classname="src.pymortests.grid" file="src/pymortests/grid.py" line="225" name="test_superentity_indices_dtype[&lt;lambda&gt;11]" time="0.0004584789276123047"><skipped message="Suite splitting in effect" type="pytest.skip">src/pymortests/grid.py:225: Suite splitting in effect</skipped></testcase><testcase classname="src.pymortests.grid" file="src/pymortests/grid.py" line="225" name="test_superentity_indices_dtype[&lt;lambda&gt;12]" time="0.0004832744598388672"><skipped message="Suite splitting in effect" type="pytest.skip">src/pymortests/grid.py:225: Suite splitting in effect</skipped></testcase><testcase classname="src.pymortests.grid" file="src/pymortests/grid.py" line="225" name="test_superentity_indices_dtype[&lt;lambda&gt;13]" time="0.001003265380859375"><skipped message="Suite splitting in effect" type="pytest.skip">src/pymortests/grid.py:225: Suite splitting in effect</skipped></testcase><testcase classname="src.pymortests.grid" file="src/pymortests/grid.py" line="225" name="test_superentity_indices_dtype[&lt;lambda&gt;14]" time="0.0005753040313720703"><skipped message="Suite splitting in effect" type="pytest.skip">src/pymortests/grid.py:225: Suite splitting in effect</skipped></testcase><testcase classname="src.pymortests.grid" file="src/pymortests/grid.py" line="225" name="test_superentity_indices_dtype[&lt;lambda&gt;15]" time="0.0005123615264892578"><skipped message="Suite splitting in effect" type="pytest.skip">src/pymortests/grid.py:225: Suite splitting in effect</skipped></testcase><testcase classname="src.pymortests.grid" file="src/pymortests/grid.py" line="225" name="test_superentity_indices_dtype[&lt;lambda&gt;16]" time="0.0005068778991699219"><skipped message="Suite splitting in effect" type="pytest.skip">src/pymortests/grid.py:225: Suite splitting in effect</skipped></testcase><testcase classname="src.pymortests.grid" file="src/pymortests/grid.py" line="225" name="test_superentity_indices_dtype[&lt;lambda&gt;17]" time="0.0004885196685791016"><skipped message="Suite splitting in effect" type="pytest.skip">src/pymortests/grid.py:225: Suite splitting in effect</skipped></testcase><testcase classname="src.pymortests.grid" file="src/pymortests/grid.py" line="225" name="test_superentity_indices_dtype[&lt;lambda&gt;18]" time="0.0005457401275634766"><skipped message="Suite splitting in effect" type="pytest.skip">src/pymortests/grid.py:225: Suite splitting in effect</skipped></testcase><testcase classname="src.pymortests.grid" file="src/pymortests/grid.py" line="225" name="test_superentity_indices_dtype[&lt;lambda&gt;19]" time="0.0004851818084716797"><skipped message="Suite splitting in effect" type="pytest.skip">src/pymortests/grid.py:225: Suite splitting in effect</skipped></testcase><testcase classname="src.pymortests.grid" file="src/pymortests/grid.py" line="225" name="test_superentity_indices_dtype[&lt;lambda&gt;20]" time="0.0005240440368652344"><skipped message="Suite splitting in effect" type="pytest.skip">src/pymortests/grid.py:225: Suite splitting in effect</skipped></testcase><testcase classname="src.pymortests.grid" file="src/pymortests/grid.py" line="225" name="test_superentity_indices_dtype[&lt;lambda&gt;21]" time="0.0008020401000976562"><skipped message="Suite splitting in effect" type="pytest.skip">src/pymortests/grid.py:225: Suite splitting in effect</skipped></testcase><testcase classname="src.pymortests.grid" file="src/pymortests/grid.py" line="225" name="test_superentity_indices_dtype[&lt;lambda&gt;22]" time="0.0005292892456054688"><skipped message="Suite splitting in effect" type="pytest.skip">src/pymortests/grid.py:225: Suite splitting in effect</skipped></testcase><testcase classname="src.pymortests.grid" file="src/pymortests/grid.py" line="225" name="test_superentity_indices_dtype[&lt;lambda&gt;23]" time="0.0005536079406738281"><skipped message="Suite splitting in effect" type="pytest.skip">src/pymortests/grid.py:225: Suite splitting in effect</skipped></testcase><testcase classname="src.pymortests.grid" file="src/pymortests/grid.py" line="225" name="test_superentity_indices_dtype[&lt;lambda&gt;24]" time="0.0004246234893798828"><skipped message="Suite splitting in effect" type="pytest.skip">src/pymortests/grid.py:225: Suite splitting in effect</skipped></testcase><testcase classname="src.pymortests.grid" file="src/pymortests/grid.py" line="225" name="test_superentity_indices_dtype[&lt;lambda&gt;25]" time="0.0005207061767578125"><skipped message="Suite splitting in effect" type="pytest.skip">src/pymortests/grid.py:225: Suite splitting in effect</skipped></testcase><testcase classname="src.pymortests.grid" file="src/pymortests/grid.py" line="225" name="test_superentity_indices_dtype[&lt;lambda&gt;26]" time="0.00047898292541503906"><skipped message="Suite splitting in effect" type="pytest.skip">src/pymortests/grid.py:225: Suite splitting in effect</skipped></testcase><testcase classname="src.pymortests.grid" file="src/pymortests/grid.py" line="225" name="test_superentity_indices_dtype[&lt;lambda&gt;27]" time="0.0004858970642089844"><skipped message="Suite splitting in effect" type="pytest.skip">src/pymortests/grid.py:225: Suite splitting in effect</skipped></testcase><testcase classname="src.pymortests.grid" file="src/pymortests/grid.py" line="225" name="test_superentity_indices_dtype[&lt;lambda&gt;28]" time="0.0004761219024658203"><skipped message="Suite splitting in effect" type="pytest.skip">src/pymortests/grid.py:225: Suite splitting in effect</skipped></testcase><testcase classname="src.pymortests.grid" file="src/pymortests/grid.py" line="225" name="test_superentity_indices_dtype[&lt;lambda&gt;29]" time="0.0008094310760498047"><skipped message="Suite splitting in effect" type="pytest.skip">src/pymortests/grid.py:225: Suite splitting in effect</skipped></testcase><testcase classname="src.pymortests.grid" file="src/pymortests/grid.py" line="225" name="test_superentity_indices_dtype[&lt;lambda&gt;30]" time="0.0004246234893798828"><skipped message="Suite splitting in effect" type="pytest.skip">src/pymortests/grid.py:225: Suite splitting in effect</skipped></testcase><testcase classname="src.pymortests.grid" file="src/pymortests/grid.py" line="225" name="test_superentity_indices_dtype[&lt;lambda&gt;31]" time="0.000518798828125"><skipped message="Suite splitting in effect" type="pytest.skip">src/pymortests/grid.py:225: Suite splitting in effect</skipped></testcase><testcase classname="src.pymortests.grid" file="src/pymortests/grid.py" line="225" name="test_superentity_indices_dtype[&lt;lambda&gt;32]" time="0.000545501708984375"><skipped message="Suite splitting in effect" type="pytest.skip">src/pymortests/grid.py:225: Suite splitting in effect</skipped></testcase><testcase classname="src.pymortests.grid" file="src/pymortests/grid.py" line="225" name="test_superentity_indices_dtype[&lt;lambda&gt;33]" time="0.00044465065002441406"><skipped message="Suite splitting in effect" type="pytest.skip">src/pymortests/grid.py:225: Suite splitting in effect</skipped></testcase><testcase classname="src.pymortests.grid" file="src/pymortests/grid.py" line="225" name="test_superentity_indices_dtype[&lt;lambda&gt;34]" time="0.0005064010620117188"><skipped message="Suite splitting in effect" type="pytest.skip">src/pymortests/grid.py:225: Suite splitting in effect</skipped></testcase><testcase classname="src.pymortests.grid" file="src/pymortests/grid.py" line="225" name="test_superentity_indices_dtype[&lt;lambda&gt;35]" time="0.0005340576171875"><skipped message="Suite splitting in effect" type="pytest.skip">src/pymortests/grid.py:225: Suite splitting in effect</skipped></testcase><testcase classname="src.pymortests.grid" file="src/pymortests/grid.py" line="225" name="test_superentity_indices_dtype[&lt;lambda&gt;36]" time="0.00046181678771972656"><skipped message="Suite splitting in effect" type="pytest.skip">src/pymortests/grid.py:225: Suite splitting in effect</skipped></testcase><testcase classname="src.pymortests.grid" file="src/pymortests/grid.py" line="225" name="test_superentity_indices_dtype[&lt;lambda&gt;37]" time="0.0007734298706054688"><skipped message="Suite splitting in effect" type="pytest.skip">src/pymortests/grid.py:225: Suite splitting in effect</skipped></testcase><testcase classname="src.pymortests.grid" file="src/pymortests/grid.py" line="225" name="test_superentity_indices_dtype[&lt;lambda&gt;38]" time="0.0004887580871582031"><skipped message="Suite splitting in effect" type="pytest.skip">src/pymortests/grid.py:225: Suite splitting in effect</skipped></testcase><testcase classname="src.pymortests.grid" file="src/pymortests/grid.py" line="225" name="test_superentity_indices_dtype[&lt;lambda&gt;39]" time="0.00048613548278808594"><skipped message="Suite splitting in effect" type="pytest.skip">src/pymortests/grid.py:225: Suite splitting in effect</skipped></testcase><testcase classname="src.pymortests.grid" file="src/pymortests/grid.py" line="225" name="test_superentity_indices_dtype[&lt;lambda&gt;40]" time="0.000453948974609375"><skipped message="Suite splitting in effect" type="pytest.skip">src/pymortests/grid.py:225: Suite splitting in effect</skipped></testcase><testcase classname="src.pymortests.grid" file="src/pymortests/grid.py" line="225" name="test_superentity_indices_dtype[&lt;lambda&gt;41]" time="0.0004322528839111328"><skipped message="Suite splitting in effect" type="pytest.skip">src/pymortests/grid.py:225: Suite splitting in effect</skipped></testcase><testcase classname="src.pymortests.grid" file="src/pymortests/grid.py" line="225" name="test_superentity_indices_dtype[&lt;lambda&gt;42]" time="0.0006082057952880859"><skipped message="Suite splitting in effect" type="pytest.skip">src/pymortests/grid.py:225: Suite splitting in effect</skipped></testcase><testcase classname="src.pymortests.grid" file="src/pymortests/grid.py" line="232" name="test_superentity_indices_valid_entries[&lt;lambda&gt;0]" time="0.0005280971527099609"><skipped message="Suite splitting in effect" type="pytest.skip">src/pymortests/grid.py:232: Suite splitting in effect</skipped></testcase><testcase classname="src.pymortests.grid" file="src/pymortests/grid.py" line="232" name="test_superentity_indices_valid_entries[&lt;lambda&gt;1]" time="0.0004420280456542969"><skipped message="Suite splitting in effect" type="pytest.skip">src/pymortests/grid.py:232: Suite splitting in effect</skipped></testcase><testcase classname="src.pymortests.grid" file="src/pymortests/grid.py" line="232" name="test_superentity_indices_valid_entries[&lt;lambda&gt;2]" time="0.0008077621459960938"><skipped message="Suite splitting in effect" type="pytest.skip">src/pymortests/grid.py:232: Suite splitting in effect</skipped></testcase><testcase classname="src.pymortests.grid" file="src/pymortests/grid.py" line="232" name="test_superentity_indices_valid_entries[&lt;lambda&gt;3]" time="0.00043129920959472656"><skipped message="Suite splitting in effect" type="pytest.skip">src/pymortests/grid.py:232: Suite splitting in effect</skipped></testcase><testcase classname="src.pymortests.grid" file="src/pymortests/grid.py" line="232" name="test_superentity_indices_valid_entries[&lt;lambda&gt;4]" time="0.0004944801330566406"><skipped message="Suite splitting in effect" type="pytest.skip">src/pymortests/grid.py:232: Suite splitting in effect</skipped></testcase><testcase classname="src.pymortests.grid" file="src/pymortests/grid.py" line="232" name="test_superentity_indices_valid_entries[&lt;lambda&gt;5]" time="0.0005826950073242188"><skipped message="Suite splitting in effect" type="pytest.skip">src/pymortests/grid.py:232: Suite splitting in effect</skipped></testcase><testcase classname="src.pymortests.grid" file="src/pymortests/grid.py" line="232" name="test_superentity_indices_valid_entries[&lt;lambda&gt;6]" time="0.00044226646423339844"><skipped message="Suite splitting in effect" type="pytest.skip">src/pymortests/grid.py:232: Suite splitting in effect</skipped></testcase><testcase classname="src.pymortests.grid" file="src/pymortests/grid.py" line="232" name="test_superentity_indices_valid_entries[&lt;lambda&gt;7]" time="0.0005624294281005859"><skipped message="Suite splitting in effect" type="pytest.skip">src/pymortests/grid.py:232: Suite splitting in effect</skipped></testcase><testcase classname="src.pymortests.grid" file="src/pymortests/grid.py" line="232" name="test_superentity_indices_valid_entries[&lt;lambda&gt;8]" time="0.0004918575286865234"><skipped message="Suite splitting in effect" type="pytest.skip">src/pymortests/grid.py:232: Suite splitting in effect</skipped></testcase><testcase classname="src.pymortests.grid" file="src/pymortests/grid.py" line="232" name="test_superentity_indices_valid_entries[&lt;lambda&gt;9]" time="0.00043463706970214844"><skipped message="Suite splitting in effect" type="pytest.skip">src/pymortests/grid.py:232: Suite splitting in effect</skipped></testcase><testcase classname="src.pymortests.grid" file="src/pymortests/grid.py" line="232" name="test_superentity_indices_valid_entries[&lt;lambda&gt;10]" time="0.0007765293121337891"><skipped message="Suite splitting in effect" type="pytest.skip">src/pymortests/grid.py:232: Suite splitting in effect</skipped></testcase><testcase classname="src.pymortests.grid" file="src/pymortests/grid.py" line="232" name="test_superentity_indices_valid_entries[&lt;lambda&gt;11]" time="0.0005655288696289062"><skipped message="Suite splitting in effect" type="pytest.skip">src/pymortests/grid.py:232: Suite splitting in effect</skipped></testcase><testcase classname="src.pymortests.grid" file="src/pymortests/grid.py" line="232" name="test_superentity_indices_valid_entries[&lt;lambda&gt;12]" time="0.00042366981506347656"><skipped message="Suite splitting in effect" type="pytest.skip">src/pymortests/grid.py:232: Suite splitting in effect</skipped></testcase><testcase classname="src.pymortests.grid" file="src/pymortests/grid.py" line="232" name="test_superentity_indices_valid_entries[&lt;lambda&gt;13]" time="0.00043582916259765625"><skipped message="Suite splitting in effect" type="pytest.skip">src/pymortests/grid.py:232: Suite splitting in effect</skipped></testcase><testcase classname="src.pymortests.grid" file="src/pymortests/grid.py" line="232" name="test_superentity_indices_valid_entries[&lt;lambda&gt;14]" time="0.0005078315734863281"><skipped message="Suite splitting in effect" type="pytest.skip">src/pymortests/grid.py:232: Suite splitting in effect</skipped></testcase><testcase classname="src.pymortests.grid" file="src/pymortests/grid.py" line="232" name="test_superentity_indices_valid_entries[&lt;lambda&gt;15]" time="0.0005025863647460938"><skipped message="Suite splitting in effect" type="pytest.skip">src/pymortests/grid.py:232: Suite splitting in effect</skipped></testcase><testcase classname="src.pymortests.grid" file="src/pymortests/grid.py" line="232" name="test_superentity_indices_valid_entries[&lt;lambda&gt;16]" time="0.0004382133483886719"><skipped message="Suite splitting in effect" type="pytest.skip">src/pymortests/grid.py:232: Suite splitting in effect</skipped></testcase><testcase classname="src.pymortests.grid" file="src/pymortests/grid.py" line="232" name="test_superentity_indices_valid_entries[&lt;lambda&gt;17]" time="0.0005056858062744141"><skipped message="Suite splitting in effect" type="pytest.skip">src/pymortests/grid.py:232: Suite splitting in effect</skipped></testcase><testcase classname="src.pymortests.grid" file="src/pymortests/grid.py" line="232" name="test_superentity_indices_valid_entries[&lt;lambda&gt;18]" time="0.0009047985076904297"><skipped message="Suite splitting in effect" type="pytest.skip">src/pymortests/grid.py:232: Suite splitting in effect</skipped></testcase><testcase classname="src.pymortests.grid" file="src/pymortests/grid.py" line="232" name="test_superentity_indices_valid_entries[&lt;lambda&gt;19]" time="0.0005326271057128906"><skipped message="Suite splitting in effect" type="pytest.skip">src/pymortests/grid.py:232: Suite splitting in effect</skipped></testcase><testcase classname="src.pymortests.grid" file="src/pymortests/grid.py" line="232" name="test_superentity_indices_valid_entries[&lt;lambda&gt;20]" time="0.00048232078552246094"><skipped message="Suite splitting in effect" type="pytest.skip">src/pymortests/grid.py:232: Suite splitting in effect</skipped></testcase><testcase classname="src.pymortests.grid" file="src/pymortests/grid.py" line="232" name="test_superentity_indices_valid_entries[&lt;lambda&gt;21]" time="0.0006492137908935547"><skipped message="Suite splitting in effect" type="pytest.skip">src/pymortests/grid.py:232: Suite splitting in effect</skipped></testcase><testcase classname="src.pymortests.grid" file="src/pymortests/grid.py" line="232" name="test_superentity_indices_valid_entries[&lt;lambda&gt;22]" time="0.0004830360412597656"><skipped message="Suite splitting in effect" type="pytest.skip">src/pymortests/grid.py:232: Suite splitting in effect</skipped></testcase><testcase classname="src.pymortests.grid" file="src/pymortests/grid.py" line="232" name="test_superentity_indices_valid_entries[&lt;lambda&gt;23]" time="0.0005407333374023438"><skipped message="Suite splitting in effect" type="pytest.skip">src/pymortests/grid.py:232: Suite splitting in effect</skipped></testcase><testcase classname="src.pymortests.grid" file="src/pymortests/grid.py" line="232" name="test_superentity_indices_valid_entries[&lt;lambda&gt;24]" time="0.0005404949188232422"><skipped message="Suite splitting in effect" type="pytest.skip">src/pymortests/grid.py:232: Suite splitting in effect</skipped></testcase><testcase classname="src.pymortests.grid" file="src/pymortests/grid.py" line="232" name="test_superentity_indices_valid_entries[&lt;lambda&gt;25]" time="0.0004711151123046875"><skipped message="Suite splitting in effect" type="pytest.skip">src/pymortests/grid.py:232: Suite splitting in effect</skipped></testcase><testcase classname="src.pymortests.grid" file="src/pymortests/grid.py" line="232" name="test_superentity_indices_valid_entries[&lt;lambda&gt;26]" time="0.0009057521820068359"><skipped message="Suite splitting in effect" type="pytest.skip">src/pymortests/grid.py:232: Suite splitting in effect</skipped></testcase><testcase classname="src.pymortests.grid" file="src/pymortests/grid.py" line="232" name="test_superentity_indices_valid_entries[&lt;lambda&gt;27]" time="0.0004723072052001953"><skipped message="Suite splitting in effect" type="pytest.skip">src/pymortests/grid.py:232: Suite splitting in effect</skipped></testcase><testcase classname="src.pymortests.grid" file="src/pymortests/grid.py" line="232" name="test_superentity_indices_valid_entries[&lt;lambda&gt;28]" time="0.0005528926849365234"><skipped message="Suite splitting in effect" type="pytest.skip">src/pymortests/grid.py:232: Suite splitting in effect</skipped></testcase><testcase classname="src.pymortests.grid" file="src/pymortests/grid.py" line="232" name="test_superentity_indices_valid_entries[&lt;lambda&gt;29]" time="0.0005004405975341797"><skipped message="Suite splitting in effect" type="pytest.skip">src/pymortests/grid.py:232: Suite splitting in effect</skipped></testcase><testcase classname="src.pymortests.grid" file="src/pymortests/grid.py" line="232" name="test_superentity_indices_valid_entries[&lt;lambda&gt;30]" time="0.00045108795166015625"><skipped message="Suite splitting in effect" type="pytest.skip">src/pymortests/grid.py:232: Suite splitting in effect</skipped></testcase><testcase classname="src.pymortests.grid" file="src/pymortests/grid.py" line="232" name="test_superentity_indices_valid_entries[&lt;lambda&gt;31]" time="0.0005147457122802734"><skipped message="Suite splitting in effect" type="pytest.skip">src/pymortests/grid.py:232: Suite splitting in effect</skipped></testcase><testcase classname="src.pymortests.grid" file="src/pymortests/grid.py" line="232" name="test_superentity_indices_valid_entries[&lt;lambda&gt;32]" time="0.00048661231994628906"><skipped message="Suite splitting in effect" type="pytest.skip">src/pymortests/grid.py:232: Suite splitting in effect</skipped></testcase><testcase classname="src.pymortests.grid" file="src/pymortests/grid.py" line="232" name="test_superentity_indices_valid_entries[&lt;lambda&gt;33]" time="0.0005025863647460938"><skipped message="Suite splitting in effect" type="pytest.skip">src/pymortests/grid.py:232: Suite splitting in effect</skipped></testcase><testcase classname="src.pymortests.grid" file="src/pymortests/grid.py" line="232" name="test_superentity_indices_valid_entries[&lt;lambda&gt;34]" time="0.00080108642578125"><skipped message="Suite splitting in effect" type="pytest.skip">src/pymortests/grid.py:232: Suite splitting in effect</skipped></testcase><testcase classname="src.pymortests.grid" file="src/pymortests/grid.py" line="232" name="test_superentity_indices_valid_entries[&lt;lambda&gt;35]" time="0.0005984306335449219"><skipped message="Suite splitting in effect" type="pytest.skip">src/pymortests/grid.py:232: Suite splitting in effect</skipped></testcase><testcase classname="src.pymortests.grid" file="src/pymortests/grid.py" line="232" name="test_superentity_indices_valid_entries[&lt;lambda&gt;36]" time="0.00044727325439453125"><skipped message="Suite splitting in effect" type="pytest.skip">src/pymortests/grid.py:232: Suite splitting in effect</skipped></testcase><testcase classname="src.pymortests.grid" file="src/pymortests/grid.py" line="232" name="test_superentity_indices_valid_entries[&lt;lambda&gt;37]" time="0.0005099773406982422"><skipped message="Suite splitting in effect" type="pytest.skip">src/pymortests/grid.py:232: Suite splitting in effect</skipped></testcase><testcase classname="src.pymortests.grid" file="src/pymortests/grid.py" line="232" name="test_superentity_indices_valid_entries[&lt;lambda&gt;38]" time="0.00045013427734375"><skipped message="Suite splitting in effect" type="pytest.skip">src/pymortests/grid.py:232: Suite splitting in effect</skipped></testcase><testcase classname="src.pymortests.grid" file="src/pymortests/grid.py" line="232" name="test_superentity_indices_valid_entries[&lt;lambda&gt;39]" time="0.0004279613494873047"><skipped message="Suite splitting in effect" type="pytest.skip">src/pymortests/grid.py:232: Suite splitting in effect</skipped></testcase><testcase classname="src.pymortests.grid" file="src/pymortests/grid.py" line="232" name="test_superentity_indices_valid_entries[&lt;lambda&gt;40]" time="0.0005166530609130859"><skipped message="Suite splitting in effect" type="pytest.skip">src/pymortests/grid.py:232: Suite splitting in effect</skipped></testcase><testcase classname="src.pymortests.grid" file="src/pymortests/grid.py" line="232" name="test_superentity_indices_valid_entries[&lt;lambda&gt;41]" time="0.0005156993865966797"><skipped message="Suite splitting in effect" type="pytest.skip">src/pymortests/grid.py:232: Suite splitting in effect</skipped></testcase><testcase classname="src.pymortests.grid" file="src/pymortests/grid.py" line="232" name="test_superentity_indices_valid_entries[&lt;lambda&gt;42]" time="0.0011653900146484375"><skipped message="Suite splitting in effect" type="pytest.skip">src/pymortests/grid.py:232: Suite splitting in effect</skipped></testcase><testcase classname="src.pymortests.grid" file="src/pymortests/grid.py" line="244" name="test_neighbours_wrong_arguments[&lt;lambda&gt;0]" time="0.0005588531494140625"><skipped message="Suite splitting in effect" type="pytest.skip">src/pymortests/grid.py:244: Suite splitting in effect</skipped></testcase><testcase classname="src.pymortests.grid" file="src/pymortests/grid.py" line="244" name="test_neighbours_wrong_arguments[&lt;lambda&gt;1]" time="0.0005068778991699219"><skipped message="Suite splitting in effect" type="pytest.skip">src/pymortests/grid.py:244: Suite splitting in effect</skipped></testcase><testcase classname="src.pymortests.grid" file="src/pymortests/grid.py" line="244" name="test_neighbours_wrong_arguments[&lt;lambda&gt;2]" time="0.0005159378051757812"><skipped message="Suite splitting in effect" type="pytest.skip">src/pymortests/grid.py:244: Suite splitting in effect</skipped></testcase><testcase classname="src.pymortests.grid" file="src/pymortests/grid.py" line="244" name="test_neighbours_wrong_arguments[&lt;lambda&gt;3]" time="0.0004620552062988281"><skipped message="Suite splitting in effect" type="pytest.skip">src/pymortests/grid.py:244: Suite splitting in effect</skipped></testcase><testcase classname="src.pymortests.grid" file="src/pymortests/grid.py" line="244" name="test_neighbours_wrong_arguments[&lt;lambda&gt;4]" time="0.0005085468292236328"><skipped message="Suite splitting in effect" type="pytest.skip">src/pymortests/grid.py:244: Suite splitting in effect</skipped></testcase><testcase classname="src.pymortests.grid" file="src/pymortests/grid.py" line="244" name="test_neighbours_wrong_arguments[&lt;lambda&gt;5]" time="0.0004410743713378906"><skipped message="Suite splitting in effect" type="pytest.skip">src/pymortests/grid.py:244: Suite splitting in effect</skipped></testcase><testcase classname="src.pymortests.grid" file="src/pymortests/grid.py" line="244" name="test_neighbours_wrong_arguments[&lt;lambda&gt;6]" time="0.000457763671875"><skipped message="Suite splitting in effect" type="pytest.skip">src/pymortests/grid.py:244: Suite splitting in effect</skipped></testcase><testcase classname="src.pymortests.grid" file="src/pymortests/grid.py" line="244" name="test_neighbours_wrong_arguments[&lt;lambda&gt;7]" time="0.0008938312530517578"><skipped message="Suite splitting in effect" type="pytest.skip">src/pymortests/grid.py:244: Suite splitting in effect</skipped></testcase><testcase classname="src.pymortests.grid" file="src/pymortests/grid.py" line="244" name="test_neighbours_wrong_arguments[&lt;lambda&gt;8]" time="0.0005049705505371094"><skipped message="Suite splitting in effect" type="pytest.skip">src/pymortests/grid.py:244: Suite splitting in effect</skipped></testcase><testcase classname="src.pymortests.grid" file="src/pymortests/grid.py" line="244" name="test_neighbours_wrong_arguments[&lt;lambda&gt;9]" time="0.0004253387451171875"><skipped message="Suite splitting in effect" type="pytest.skip">src/pymortests/grid.py:244: Suite splitting in effect</skipped></testcase><testcase classname="src.pymortests.grid" file="src/pymortests/grid.py" line="244" name="test_neighbours_wrong_arguments[&lt;lambda&gt;10]" time="0.0005862712860107422"><skipped message="Suite splitting in effect" type="pytest.skip">src/pymortests/grid.py:244: Suite splitting in effect</skipped></testcase><testcase classname="src.pymortests.grid" file="src/pymortests/grid.py" line="244" name="test_neighbours_wrong_arguments[&lt;lambda&gt;11]" time="0.0005962848663330078"><skipped message="Suite splitting in effect" type="pytest.skip">src/pymortests/grid.py:244: Suite splitting in effect</skipped></testcase><testcase classname="src.pymortests.grid" file="src/pymortests/grid.py" line="244" name="test_neighbours_wrong_arguments[&lt;lambda&gt;12]" time="0.0004928112030029297"><skipped message="Suite splitting in effect" type="pytest.skip">src/pymortests/grid.py:244: Suite splitting in effect</skipped></testcase><testcase classname="src.pymortests.grid" file="src/pymortests/grid.py" line="244" name="test_neighbours_wrong_arguments[&lt;lambda&gt;13]" time="0.00048613548278808594"><skipped message="Suite splitting in effect" type="pytest.skip">src/pymortests/grid.py:244: Suite splitting in effect</skipped></testcase><testcase classname="src.pymortests.grid" file="src/pymortests/grid.py" line="244" name="test_neighbours_wrong_arguments[&lt;lambda&gt;14]" time="0.0005235671997070312"><skipped message="Suite splitting in effect" type="pytest.skip">src/pymortests/grid.py:244: Suite splitting in effect</skipped></testcase><testcase classname="src.pymortests.grid" file="src/pymortests/grid.py" line="244" name="test_neighbours_wrong_arguments[&lt;lambda&gt;15]" time="0.0008628368377685547"><skipped message="Suite splitting in effect" type="pytest.skip">src/pymortests/grid.py:244: Suite splitting in effect</skipped></testcase><testcase classname="src.pymortests.grid" file="src/pymortests/grid.py" line="244" name="test_neighbours_wrong_arguments[&lt;lambda&gt;16]" time="0.00048041343688964844"><skipped message="Suite splitting in effect" type="pytest.skip">src/pymortests/grid.py:244: Suite splitting in effect</skipped></testcase><testcase classname="src.pymortests.grid" file="src/pymortests/grid.py" line="244" name="test_neighbours_wrong_arguments[&lt;lambda&gt;17]" time="0.0005412101745605469"><skipped message="Suite splitting in effect" type="pytest.skip">src/pymortests/grid.py:244: Suite splitting in effect</skipped></testcase><testcase classname="src.pymortests.grid" file="src/pymortests/grid.py" line="244" name="test_neighbours_wrong_arguments[&lt;lambda&gt;18]" time="0.0006327629089355469"><skipped message="Suite splitting in effect" type="pytest.skip">src/pymortests/grid.py:244: Suite splitting in effect</skipped></testcase><testcase classname="src.pymortests.grid" file="src/pymortests/grid.py" line="244" name="test_neighbours_wrong_arguments[&lt;lambda&gt;19]" time="0.000453948974609375"><skipped message="Suite splitting in effect" type="pytest.skip">src/pymortests/grid.py:244: Suite splitting in effect</skipped></testcase><testcase classname="src.pymortests.grid" file="src/pymortests/grid.py" line="244" name="test_neighbours_wrong_arguments[&lt;lambda&gt;20]" time="0.0004849433898925781"><skipped message="Suite splitting in effect" type="pytest.skip">src/pymortests/grid.py:244: Suite splitting in effect</skipped></testcase><testcase classname="src.pymortests.grid" file="src/pymortests/grid.py" line="244" name="test_neighbours_wrong_arguments[&lt;lambda&gt;21]" time="0.0005025863647460938"><skipped message="Suite splitting in effect" type="pytest.skip">src/pymortests/grid.py:244: Suite splitting in effect</skipped></testcase><testcase classname="src.pymortests.grid" file="src/pymortests/grid.py" line="244" name="test_neighbours_wrong_arguments[&lt;lambda&gt;22]" time="0.0004353523254394531"><skipped message="Suite splitting in effect" type="pytest.skip">src/pymortests/grid.py:244: Suite splitting in effect</skipped></testcase><testcase classname="src.pymortests.grid" file="src/pymortests/grid.py" line="244" name="test_neighbours_wrong_arguments[&lt;lambda&gt;23]" time="0.0007777214050292969"><skipped message="Suite splitting in effect" type="pytest.skip">src/pymortests/grid.py:244: Suite splitting in effect</skipped></testcase><testcase classname="src.pymortests.grid" file="src/pymortests/grid.py" line="244" name="test_neighbours_wrong_arguments[&lt;lambda&gt;24]" time="0.0004811286926269531"><skipped message="Suite splitting in effect" type="pytest.skip">src/pymortests/grid.py:244: Suite splitting in effect</skipped></testcase><testcase classname="src.pymortests.grid" file="src/pymortests/grid.py" line="244" name="test_neighbours_wrong_arguments[&lt;lambda&gt;25]" time="0.00048613548278808594"><skipped message="Suite splitting in effect" type="pytest.skip">src/pymortests/grid.py:244: Suite splitting in effect</skipped></testcase><testcase classname="src.pymortests.grid" file="src/pymortests/grid.py" line="244" name="test_neighbours_wrong_arguments[&lt;lambda&gt;26]" time="0.0004870891571044922"><skipped message="Suite splitting in effect" type="pytest.skip">src/pymortests/grid.py:244: Suite splitting in effect</skipped></testcase><testcase classname="src.pymortests.grid" file="src/pymortests/grid.py" line="244" name="test_neighbours_wrong_arguments[&lt;lambda&gt;27]" time="0.0005016326904296875"><skipped message="Suite splitting in effect" type="pytest.skip">src/pymortests/grid.py:244: Suite splitting in effect</skipped></testcase><testcase classname="src.pymortests.grid" file="src/pymortests/grid.py" line="244" name="test_neighbours_wrong_arguments[&lt;lambda&gt;28]" time="0.0004794597625732422"><skipped message="Suite splitting in effect" type="pytest.skip">src/pymortests/grid.py:244: Suite splitting in effect</skipped></testcase><testcase classname="src.pymortests.grid" file="src/pymortests/grid.py" line="244" name="test_neighbours_wrong_arguments[&lt;lambda&gt;29]" time="0.0005257129669189453"><skipped message="Suite splitting in effect" type="pytest.skip">src/pymortests/grid.py:244: Suite splitting in effect</skipped></testcase><testcase classname="src.pymortests.grid" file="src/pymortests/grid.py" line="244" name="test_neighbours_wrong_arguments[&lt;lambda&gt;30]" time="0.00046825408935546875"><skipped message="Suite splitting in effect" type="pytest.skip">src/pymortests/grid.py:244: Suite splitting in effect</skipped></testcase><testcase classname="src.pymortests.grid" file="src/pymortests/grid.py" line="244" name="test_neighbours_wrong_arguments[&lt;lambda&gt;31]" time="0.0008013248443603516"><skipped message="Suite splitting in effect" type="pytest.skip">src/pymortests/grid.py:244: Suite splitting in effect</skipped></testcase><testcase classname="src.pymortests.grid" file="src/pymortests/grid.py" line="244" name="test_neighbours_wrong_arguments[&lt;lambda&gt;32]" time="0.0005118846893310547"><skipped message="Suite splitting in effect" type="pytest.skip">src/pymortests/grid.py:244: Suite splitting in effect</skipped></testcase><testcase classname="src.pymortests.grid" file="src/pymortests/grid.py" line="244" name="test_neighbours_wrong_arguments[&lt;lambda&gt;33]" time="0.0005097389221191406"><skipped message="Suite splitting in effect" type="pytest.skip">src/pymortests/grid.py:244: Suite splitting in effect</skipped></testcase><testcase classname="src.pymortests.grid" file="src/pymortests/grid.py" line="244" name="test_neighbours_wrong_arguments[&lt;lambda&gt;34]" time="0.00048232078552246094"><skipped message="Suite splitting in effect" type="pytest.skip">src/pymortests/grid.py:244: Suite splitting in effect</skipped></testcase><testcase classname="src.pymortests.grid" file="src/pymortests/grid.py" line="244" name="test_neighbours_wrong_arguments[&lt;lambda&gt;35]" time="0.0004596710205078125"><skipped message="Suite splitting in effect" type="pytest.skip">src/pymortests/grid.py:244: Suite splitting in effect</skipped></testcase><testcase classname="src.pymortests.grid" file="src/pymortests/grid.py" line="244" name="test_neighbours_wrong_arguments[&lt;lambda&gt;36]" time="0.0005071163177490234"><skipped message="Suite splitting in effect" type="pytest.skip">src/pymortests/grid.py:244: Suite splitting in effect</skipped></testcase><testcase classname="src.pymortests.grid" file="src/pymortests/grid.py" line="244" name="test_neighbours_wrong_arguments[&lt;lambda&gt;37]" time="0.00047779083251953125"><skipped message="Suite splitting in effect" type="pytest.skip">src/pymortests/grid.py:244: Suite splitting in effect</skipped></testcase><testcase classname="src.pymortests.grid" file="src/pymortests/grid.py" line="244" name="test_neighbours_wrong_arguments[&lt;lambda&gt;38]" time="0.00048613548278808594"><skipped message="Suite splitting in effect" type="pytest.skip">src/pymortests/grid.py:244: Suite splitting in effect</skipped></testcase><testcase classname="src.pymortests.grid" file="src/pymortests/grid.py" line="244" name="test_neighbours_wrong_arguments[&lt;lambda&gt;39]" time="0.0007541179656982422"><skipped message="Suite splitting in effect" type="pytest.skip">src/pymortests/grid.py:244: Suite splitting in effect</skipped></testcase><testcase classname="src.pymortests.grid" file="src/pymortests/grid.py" line="244" name="test_neighbours_wrong_arguments[&lt;lambda&gt;40]" time="0.0005278587341308594"><skipped message="Suite splitting in effect" type="pytest.skip">src/pymortests/grid.py:244: Suite splitting in effect</skipped></testcase><testcase classname="src.pymortests.grid" file="src/pymortests/grid.py" line="244" name="test_neighbours_wrong_arguments[&lt;lambda&gt;41]" time="0.0005085468292236328"><skipped message="Suite splitting in effect" type="pytest.skip">src/pymortests/grid.py:244: Suite splitting in effect</skipped></testcase><testcase classname="src.pymortests.grid" file="src/pymortests/grid.py" line="244" name="test_neighbours_wrong_arguments[&lt;lambda&gt;42]" time="0.00048089027404785156"><skipped message="Suite splitting in effect" type="pytest.skip">src/pymortests/grid.py:244: Suite splitting in effect</skipped></testcase><testcase classname="src.pymortests.grid" file="src/pymortests/grid.py" line="266" name="test_neighbours_shape[&lt;lambda&gt;0]" time="0.0005292892456054688"><skipped message="Suite splitting in effect" type="pytest.skip">src/pymortests/grid.py:266: Suite splitting in effect</skipped></testcase><testcase classname="src.pymortests.grid" file="src/pymortests/grid.py" line="266" name="test_neighbours_shape[&lt;lambda&gt;1]" time="0.00046896934509277344"><skipped message="Suite splitting in effect" type="pytest.skip">src/pymortests/grid.py:266: Suite splitting in effect</skipped></testcase><testcase classname="src.pymortests.grid" file="src/pymortests/grid.py" line="266" name="test_neighbours_shape[&lt;lambda&gt;2]" time="0.0004942417144775391"><skipped message="Suite splitting in effect" type="pytest.skip">src/pymortests/grid.py:266: Suite splitting in effect</skipped></testcase><testcase classname="src.pymortests.grid" file="src/pymortests/grid.py" line="266" name="test_neighbours_shape[&lt;lambda&gt;3]" time="0.0005018711090087891"><skipped message="Suite splitting in effect" type="pytest.skip">src/pymortests/grid.py:266: Suite splitting in effect</skipped></testcase><testcase classname="src.pymortests.grid" file="src/pymortests/grid.py" line="266" name="test_neighbours_shape[&lt;lambda&gt;4]" time="0.0008211135864257812"><skipped message="Suite splitting in effect" type="pytest.skip">src/pymortests/grid.py:266: Suite splitting in effect</skipped></testcase><testcase classname="src.pymortests.grid" file="src/pymortests/grid.py" line="266" name="test_neighbours_shape[&lt;lambda&gt;5]" time="0.0005102157592773438"><skipped message="Suite splitting in effect" type="pytest.skip">src/pymortests/grid.py:266: Suite splitting in effect</skipped></testcase><testcase classname="src.pymortests.grid" file="src/pymortests/grid.py" line="266" name="test_neighbours_shape[&lt;lambda&gt;6]" time="0.0004715919494628906"><skipped message="Suite splitting in effect" type="pytest.skip">src/pymortests/grid.py:266: Suite splitting in effect</skipped></testcase><testcase classname="src.pymortests.grid" file="src/pymortests/grid.py" line="266" name="test_neighbours_shape[&lt;lambda&gt;7]" time="0.000423431396484375"><skipped message="Suite splitting in effect" type="pytest.skip">src/pymortests/grid.py:266: Suite splitting in effect</skipped></testcase><testcase classname="src.pymortests.grid" file="src/pymortests/grid.py" line="266" name="test_neighbours_shape[&lt;lambda&gt;8]" time="0.00042438507080078125"><skipped message="Suite splitting in effect" type="pytest.skip">src/pymortests/grid.py:266: Suite splitting in effect</skipped></testcase><testcase classname="src.pymortests.grid" file="src/pymortests/grid.py" line="266" name="test_neighbours_shape[&lt;lambda&gt;9]" time="0.0004260540008544922"><skipped message="Suite splitting in effect" type="pytest.skip">src/pymortests/grid.py:266: Suite splitting in effect</skipped></testcase><testcase classname="src.pymortests.grid" file="src/pymortests/grid.py" line="266" name="test_neighbours_shape[&lt;lambda&gt;10]" time="0.0004756450653076172"><skipped message="Suite splitting in effect" type="pytest.skip">src/pymortests/grid.py:266: Suite splitting in effect</skipped></testcase><testcase classname="src.pymortests.grid" file="src/pymortests/grid.py" line="266" name="test_neighbours_shape[&lt;lambda&gt;11]" time="0.00045800209045410156"><skipped message="Suite splitting in effect" type="pytest.skip">src/pymortests/grid.py:266: Suite splitting in effect</skipped></testcase><testcase classname="src.pymortests.grid" file="src/pymortests/grid.py" line="266" name="test_neighbours_shape[&lt;lambda&gt;12]" time="0.0007791519165039062"><skipped message="Suite splitting in effect" type="pytest.skip">src/pymortests/grid.py:266: Suite splitting in effect</skipped></testcase><testcase classname="src.pymortests.grid" file="src/pymortests/grid.py" line="266" name="test_neighbours_shape[&lt;lambda&gt;13]" time="0.0005047321319580078"><skipped message="Suite splitting in effect" type="pytest.skip">src/pymortests/grid.py:266: Suite splitting in effect</skipped></testcase><testcase classname="src.pymortests.grid" file="src/pymortests/grid.py" line="266" name="test_neighbours_shape[&lt;lambda&gt;14]" time="0.0005171298980712891"><skipped message="Suite splitting in effect" type="pytest.skip">src/pymortests/grid.py:266: Suite splitting in effect</skipped></testcase><testcase classname="src.pymortests.grid" file="src/pymortests/grid.py" line="266" name="test_neighbours_shape[&lt;lambda&gt;15]" time="0.00046372413635253906"><skipped message="Suite splitting in effect" type="pytest.skip">src/pymortests/grid.py:266: Suite splitting in effect</skipped></testcase><testcase classname="src.pymortests.grid" file="src/pymortests/grid.py" line="266" name="test_neighbours_shape[&lt;lambda&gt;16]" time="0.0004410743713378906"><skipped message="Suite splitting in effect" type="pytest.skip">src/pymortests/grid.py:266: Suite splitting in effect</skipped></testcase><testcase classname="src.pymortests.grid" file="src/pymortests/grid.py" line="266" name="test_neighbours_shape[&lt;lambda&gt;17]" time="0.0004343986511230469"><skipped message="Suite splitting in effect" type="pytest.skip">src/pymortests/grid.py:266: Suite splitting in effect</skipped></testcase><testcase classname="src.pymortests.grid" file="src/pymortests/grid.py" line="266" name="test_neighbours_shape[&lt;lambda&gt;18]" time="0.0004706382751464844"><skipped message="Suite splitting in effect" type="pytest.skip">src/pymortests/grid.py:266: Suite splitting in effect</skipped></testcase><testcase classname="src.pymortests.grid" file="src/pymortests/grid.py" line="266" name="test_neighbours_shape[&lt;lambda&gt;19]" time="0.0004894733428955078"><skipped message="Suite splitting in effect" type="pytest.skip">src/pymortests/grid.py:266: Suite splitting in effect</skipped></testcase><testcase classname="src.pymortests.grid" file="src/pymortests/grid.py" line="266" name="test_neighbours_shape[&lt;lambda&gt;20]" time="0.0007576942443847656"><skipped message="Suite splitting in effect" type="pytest.skip">src/pymortests/grid.py:266: Suite splitting in effect</skipped></testcase><testcase classname="src.pymortests.grid" file="src/pymortests/grid.py" line="266" name="test_neighbours_shape[&lt;lambda&gt;21]" time="0.0004813671112060547"><skipped message="Suite splitting in effect" type="pytest.skip">src/pymortests/grid.py:266: Suite splitting in effect</skipped></testcase><testcase classname="src.pymortests.grid" file="src/pymortests/grid.py" line="266" name="test_neighbours_shape[&lt;lambda&gt;22]" time="0.0004954338073730469"><skipped message="Suite splitting in effect" type="pytest.skip">src/pymortests/grid.py:266: Suite splitting in effect</skipped></testcase><testcase classname="src.pymortests.grid" file="src/pymortests/grid.py" line="266" name="test_neighbours_shape[&lt;lambda&gt;23]" time="0.0005283355712890625"><skipped message="Suite splitting in effect" type="pytest.skip">src/pymortests/grid.py:266: Suite splitting in effect</skipped></testcase><testcase classname="src.pymortests.grid" file="src/pymortests/grid.py" line="266" name="test_neighbours_shape[&lt;lambda&gt;24]" time="0.0004444122314453125"><skipped message="Suite splitting in effect" type="pytest.skip">src/pymortests/grid.py:266: Suite splitting in effect</skipped></testcase><testcase classname="src.pymortests.grid" file="src/pymortests/grid.py" line="266" name="test_neighbours_shape[&lt;lambda&gt;25]" time="0.00045108795166015625"><skipped message="Suite splitting in effect" type="pytest.skip">src/pymortests/grid.py:266: Suite splitting in effect</skipped></testcase><testcase classname="src.pymortests.grid" file="src/pymortests/grid.py" line="266" name="test_neighbours_shape[&lt;lambda&gt;26]" time="0.0004990100860595703"><skipped message="Suite splitting in effect" type="pytest.skip">src/pymortests/grid.py:266: Suite splitting in effect</skipped></testcase><testcase classname="src.pymortests.grid" file="src/pymortests/grid.py" line="266" name="test_neighbours_shape[&lt;lambda&gt;27]" time="0.0005228519439697266"><skipped message="Suite splitting in effect" type="pytest.skip">src/pymortests/grid.py:266: Suite splitting in effect</skipped></testcase><testcase classname="src.pymortests.grid" file="src/pymortests/grid.py" line="266" name="test_neighbours_shape[&lt;lambda&gt;28]" time="0.0008001327514648438"><skipped message="Suite splitting in effect" type="pytest.skip">src/pymortests/grid.py:266: Suite splitting in effect</skipped></testcase><testcase classname="src.pymortests.grid" file="src/pymortests/grid.py" line="266" name="test_neighbours_shape[&lt;lambda&gt;29]" time="0.00046634674072265625"><skipped message="Suite splitting in effect" type="pytest.skip">src/pymortests/grid.py:266: Suite splitting in effect</skipped></testcase><testcase classname="src.pymortests.grid" file="src/pymortests/grid.py" line="266" name="test_neighbours_shape[&lt;lambda&gt;30]" time="0.0004899501800537109"><skipped message="Suite splitting in effect" type="pytest.skip">src/pymortests/grid.py:266: Suite splitting in effect</skipped></testcase><testcase classname="src.pymortests.grid" file="src/pymortests/grid.py" line="266" name="test_neighbours_shape[&lt;lambda&gt;31]" time="0.0005981922149658203"><skipped message="Suite splitting in effect" type="pytest.skip">src/pymortests/grid.py:266: Suite splitting in effect</skipped></testcase><testcase classname="src.pymortests.grid" file="src/pymortests/grid.py" line="266" name="test_neighbours_shape[&lt;lambda&gt;32]" time="0.0004858970642089844"><skipped message="Suite splitting in effect" type="pytest.skip">src/pymortests/grid.py:266: Suite splitting in effect</skipped></testcase><testcase classname="src.pymortests.grid" file="src/pymortests/grid.py" line="266" name="test_neighbours_shape[&lt;lambda&gt;33]" time="0.0005114078521728516"><skipped message="Suite splitting in effect" type="pytest.skip">src/pymortests/grid.py:266: Suite splitting in effect</skipped></testcase><testcase classname="src.pymortests.grid" file="src/pymortests/grid.py" line="266" name="test_neighbours_shape[&lt;lambda&gt;34]" time="0.00045371055603027344"><skipped message="Suite splitting in effect" type="pytest.skip">src/pymortests/grid.py:266: Suite splitting in effect</skipped></testcase><testcase classname="src.pymortests.grid" file="src/pymortests/grid.py" line="266" name="test_neighbours_shape[&lt;lambda&gt;35]" time="0.00047516822814941406"><skipped message="Suite splitting in effect" type="pytest.skip">src/pymortests/grid.py:266: Suite splitting in effect</skipped></testcase><testcase classname="src.pymortests.grid" file="src/pymortests/grid.py" line="266" name="test_neighbours_shape[&lt;lambda&gt;36]" time="0.0007982254028320312"><skipped message="Suite splitting in effect" type="pytest.skip">src/pymortests/grid.py:266: Suite splitting in effect</skipped></testcase><testcase classname="src.pymortests.grid" file="src/pymortests/grid.py" line="266" name="test_neighbours_shape[&lt;lambda&gt;37]" time="0.00042891502380371094"><skipped message="Suite splitting in effect" type="pytest.skip">src/pymortests/grid.py:266: Suite splitting in effect</skipped></testcase><testcase classname="src.pymortests.grid" file="src/pymortests/grid.py" line="266" name="test_neighbours_shape[&lt;lambda&gt;38]" time="0.0005085468292236328"><skipped message="Suite splitting in effect" type="pytest.skip">src/pymortests/grid.py:266: Suite splitting in effect</skipped></testcase><testcase classname="src.pymortests.grid" file="src/pymortests/grid.py" line="266" name="test_neighbours_shape[&lt;lambda&gt;39]" time="0.0005156993865966797"><skipped message="Suite splitting in effect" type="pytest.skip">src/pymortests/grid.py:266: Suite splitting in effect</skipped></testcase><testcase classname="src.pymortests.grid" file="src/pymortests/grid.py" line="266" name="test_neighbours_shape[&lt;lambda&gt;40]" time="0.0004360675811767578"><skipped message="Suite splitting in effect" type="pytest.skip">src/pymortests/grid.py:266: Suite splitting in effect</skipped></testcase><testcase classname="src.pymortests.grid" file="src/pymortests/grid.py" line="266" name="test_neighbours_shape[&lt;lambda&gt;41]" time="0.0005285739898681641"><skipped message="Suite splitting in effect" type="pytest.skip">src/pymortests/grid.py:266: Suite splitting in effect</skipped></testcase><testcase classname="src.pymortests.grid" file="src/pymortests/grid.py" line="266" name="test_neighbours_shape[&lt;lambda&gt;42]" time="0.0006432533264160156"><skipped message="Suite splitting in effect" type="pytest.skip">src/pymortests/grid.py:266: Suite splitting in effect</skipped></testcase><testcase classname="src.pymortests.grid" file="src/pymortests/grid.py" line="274" name="test_neighbours_dtype[&lt;lambda&gt;0]" time="0.0004401206970214844"><skipped message="Suite splitting in effect" type="pytest.skip">src/pymortests/grid.py:274: Suite splitting in effect</skipped></testcase><testcase classname="src.pymortests.grid" file="src/pymortests/grid.py" line="274" name="test_neighbours_dtype[&lt;lambda&gt;1]" time="0.0007925033569335938"><skipped message="Suite splitting in effect" type="pytest.skip">src/pymortests/grid.py:274: Suite splitting in effect</skipped></testcase><testcase classname="src.pymortests.grid" file="src/pymortests/grid.py" line="274" name="test_neighbours_dtype[&lt;lambda&gt;2]" time="0.0005178451538085938"><skipped message="Suite splitting in effect" type="pytest.skip">src/pymortests/grid.py:274: Suite splitting in effect</skipped></testcase><testcase classname="src.pymortests.grid" file="src/pymortests/grid.py" line="274" name="test_neighbours_dtype[&lt;lambda&gt;3]" time="0.0005440711975097656"><skipped message="Suite splitting in effect" type="pytest.skip">src/pymortests/grid.py:274: Suite splitting in effect</skipped></testcase><testcase classname="src.pymortests.grid" file="src/pymortests/grid.py" line="274" name="test_neighbours_dtype[&lt;lambda&gt;4]" time="0.0004794597625732422"><skipped message="Suite splitting in effect" type="pytest.skip">src/pymortests/grid.py:274: Suite splitting in effect</skipped></testcase><testcase classname="src.pymortests.grid" file="src/pymortests/grid.py" line="274" name="test_neighbours_dtype[&lt;lambda&gt;5]" time="0.0005071163177490234"><skipped message="Suite splitting in effect" type="pytest.skip">src/pymortests/grid.py:274: Suite splitting in effect</skipped></testcase><testcase classname="src.pymortests.grid" file="src/pymortests/grid.py" line="274" name="test_neighbours_dtype[&lt;lambda&gt;6]" time="0.0005133152008056641"><skipped message="Suite splitting in effect" type="pytest.skip">src/pymortests/grid.py:274: Suite splitting in effect</skipped></testcase><testcase classname="src.pymortests.grid" file="src/pymortests/grid.py" line="274" name="test_neighbours_dtype[&lt;lambda&gt;7]" time="0.0004363059997558594"><skipped message="Suite splitting in effect" type="pytest.skip">src/pymortests/grid.py:274: Suite splitting in effect</skipped></testcase><testcase classname="src.pymortests.grid" file="src/pymortests/grid.py" line="274" name="test_neighbours_dtype[&lt;lambda&gt;8]" time="0.00048828125"><skipped message="Suite splitting in effect" type="pytest.skip">src/pymortests/grid.py:274: Suite splitting in effect</skipped></testcase><testcase classname="src.pymortests.grid" file="src/pymortests/grid.py" line="274" name="test_neighbours_dtype[&lt;lambda&gt;9]" time="0.001111745834350586"><skipped message="Suite splitting in effect" type="pytest.skip">src/pymortests/grid.py:274: Suite splitting in effect</skipped></testcase><testcase classname="src.pymortests.grid" file="src/pymortests/grid.py" line="274" name="test_neighbours_dtype[&lt;lambda&gt;10]" time="0.0004298686981201172"><skipped message="Suite splitting in effect" type="pytest.skip">src/pymortests/grid.py:274: Suite splitting in effect</skipped></testcase><testcase classname="src.pymortests.grid" file="src/pymortests/grid.py" line="274" name="test_neighbours_dtype[&lt;lambda&gt;11]" time="0.0004649162292480469"><skipped message="Suite splitting in effect" type="pytest.skip">src/pymortests/grid.py:274: Suite splitting in effect</skipped></testcase><testcase classname="src.pymortests.grid" file="src/pymortests/grid.py" line="274" name="test_neighbours_dtype[&lt;lambda&gt;12]" time="0.000499725341796875"><skipped message="Suite splitting in effect" type="pytest.skip">src/pymortests/grid.py:274: Suite splitting in effect</skipped></testcase><testcase classname="src.pymortests.grid" file="src/pymortests/grid.py" line="274" name="test_neighbours_dtype[&lt;lambda&gt;13]" time="0.0005083084106445312"><skipped message="Suite splitting in effect" type="pytest.skip">src/pymortests/grid.py:274: Suite splitting in effect</skipped></testcase><testcase classname="src.pymortests.grid" file="src/pymortests/grid.py" line="274" name="test_neighbours_dtype[&lt;lambda&gt;14]" time="0.00045180320739746094"><skipped message="Suite splitting in effect" type="pytest.skip">src/pymortests/grid.py:274: Suite splitting in effect</skipped></testcase><testcase classname="src.pymortests.grid" file="src/pymortests/grid.py" line="274" name="test_neighbours_dtype[&lt;lambda&gt;15]" time="0.0004305839538574219"><skipped message="Suite splitting in effect" type="pytest.skip">src/pymortests/grid.py:274: Suite splitting in effect</skipped></testcase><testcase classname="src.pymortests.grid" file="src/pymortests/grid.py" line="274" name="test_neighbours_dtype[&lt;lambda&gt;16]" time="0.00046753883361816406"><skipped message="Suite splitting in effect" type="pytest.skip">src/pymortests/grid.py:274: Suite splitting in effect</skipped></testcase><testcase classname="src.pymortests.grid" file="src/pymortests/grid.py" line="274" name="test_neighbours_dtype[&lt;lambda&gt;17]" time="0.0008175373077392578"><skipped message="Suite splitting in effect" type="pytest.skip">src/pymortests/grid.py:274: Suite splitting in effect</skipped></testcase><testcase classname="src.pymortests.grid" file="src/pymortests/grid.py" line="274" name="test_neighbours_dtype[&lt;lambda&gt;18]" time="0.00052642822265625"><skipped message="Suite splitting in effect" type="pytest.skip">src/pymortests/grid.py:274: Suite splitting in effect</skipped></testcase><testcase classname="src.pymortests.grid" file="src/pymortests/grid.py" line="274" name="test_neighbours_dtype[&lt;lambda&gt;19]" time="0.0005040168762207031"><skipped message="Suite splitting in effect" type="pytest.skip">src/pymortests/grid.py:274: Suite splitting in effect</skipped></testcase><testcase classname="src.pymortests.grid" file="src/pymortests/grid.py" line="274" name="test_neighbours_dtype[&lt;lambda&gt;20]" time="0.0004534721374511719"><skipped message="Suite splitting in effect" type="pytest.skip">src/pymortests/grid.py:274: Suite splitting in effect</skipped></testcase><testcase classname="src.pymortests.grid" file="src/pymortests/grid.py" line="274" name="test_neighbours_dtype[&lt;lambda&gt;21]" time="0.00041866302490234375"><skipped message="Suite splitting in effect" type="pytest.skip">src/pymortests/grid.py:274: Suite splitting in effect</skipped></testcase><testcase classname="src.pymortests.grid" file="src/pymortests/grid.py" line="274" name="test_neighbours_dtype[&lt;lambda&gt;22]" time="0.0004417896270751953"><skipped message="Suite splitting in effect" type="pytest.skip">src/pymortests/grid.py:274: Suite splitting in effect</skipped></testcase><testcase classname="src.pymortests.grid" file="src/pymortests/grid.py" line="274" name="test_neighbours_dtype[&lt;lambda&gt;23]" time="0.0004851818084716797"><skipped message="Suite splitting in effect" type="pytest.skip">src/pymortests/grid.py:274: Suite splitting in effect</skipped></testcase><testcase classname="src.pymortests.grid" file="src/pymortests/grid.py" line="274" name="test_neighbours_dtype[&lt;lambda&gt;24]" time="0.000522613525390625"><skipped message="Suite splitting in effect" type="pytest.skip">src/pymortests/grid.py:274: Suite splitting in effect</skipped></testcase><testcase classname="src.pymortests.grid" file="src/pymortests/grid.py" line="274" name="test_neighbours_dtype[&lt;lambda&gt;25]" time="0.0008444786071777344"><skipped message="Suite splitting in effect" type="pytest.skip">src/pymortests/grid.py:274: Suite splitting in effect</skipped></testcase><testcase classname="src.pymortests.grid" file="src/pymortests/grid.py" line="274" name="test_neighbours_dtype[&lt;lambda&gt;26]" time="0.0004487037658691406"><skipped message="Suite splitting in effect" type="pytest.skip">src/pymortests/grid.py:274: Suite splitting in effect</skipped></testcase><testcase classname="src.pymortests.grid" file="src/pymortests/grid.py" line="274" name="test_neighbours_dtype[&lt;lambda&gt;27]" time="0.00047206878662109375"><skipped message="Suite splitting in effect" type="pytest.skip">src/pymortests/grid.py:274: Suite splitting in effect</skipped></testcase><testcase classname="src.pymortests.grid" file="src/pymortests/grid.py" line="274" name="test_neighbours_dtype[&lt;lambda&gt;28]" time="0.0005166530609130859"><skipped message="Suite splitting in effect" type="pytest.skip">src/pymortests/grid.py:274: Suite splitting in effect</skipped></testcase><testcase classname="src.pymortests.grid" file="src/pymortests/grid.py" line="274" name="test_neighbours_dtype[&lt;lambda&gt;29]" time="0.00051116943359375"><skipped message="Suite splitting in effect" type="pytest.skip">src/pymortests/grid.py:274: Suite splitting in effect</skipped></testcase><testcase classname="src.pymortests.grid" file="src/pymortests/grid.py" line="274" name="test_neighbours_dtype[&lt;lambda&gt;30]" time="0.0004928112030029297"><skipped message="Suite splitting in effect" type="pytest.skip">src/pymortests/grid.py:274: Suite splitting in effect</skipped></testcase><testcase classname="src.pymortests.grid" file="src/pymortests/grid.py" line="274" name="test_neighbours_dtype[&lt;lambda&gt;31]" time="0.0005183219909667969"><skipped message="Suite splitting in effect" type="pytest.skip">src/pymortests/grid.py:274: Suite splitting in effect</skipped></testcase><testcase classname="src.pymortests.grid" file="src/pymortests/grid.py" line="274" name="test_neighbours_dtype[&lt;lambda&gt;32]" time="0.0004432201385498047"><skipped message="Suite splitting in effect" type="pytest.skip">src/pymortests/grid.py:274: Suite splitting in effect</skipped></testcase><testcase classname="src.pymortests.grid" file="src/pymortests/grid.py" line="274" name="test_neighbours_dtype[&lt;lambda&gt;33]" time="0.0008177757263183594"><skipped message="Suite splitting in effect" type="pytest.skip">src/pymortests/grid.py:274: Suite splitting in effect</skipped></testcase><testcase classname="src.pymortests.grid" file="src/pymortests/grid.py" line="274" name="test_neighbours_dtype[&lt;lambda&gt;34]" time="0.0004742145538330078"><skipped message="Suite splitting in effect" type="pytest.skip">src/pymortests/grid.py:274: Suite splitting in effect</skipped></testcase><testcase classname="src.pymortests.grid" file="src/pymortests/grid.py" line="274" name="test_neighbours_dtype[&lt;lambda&gt;35]" time="0.0005245208740234375"><skipped message="Suite splitting in effect" type="pytest.skip">src/pymortests/grid.py:274: Suite splitting in effect</skipped></testcase><testcase classname="src.pymortests.grid" file="src/pymortests/grid.py" line="274" name="test_neighbours_dtype[&lt;lambda&gt;36]" time="0.0004456043243408203"><skipped message="Suite splitting in effect" type="pytest.skip">src/pymortests/grid.py:274: Suite splitting in effect</skipped></testcase><testcase classname="src.pymortests.grid" file="src/pymortests/grid.py" line="274" name="test_neighbours_dtype[&lt;lambda&gt;37]" time="0.0004317760467529297"><skipped message="Suite splitting in effect" type="pytest.skip">src/pymortests/grid.py:274: Suite splitting in effect</skipped></testcase><testcase classname="src.pymortests.grid" file="src/pymortests/grid.py" line="274" name="test_neighbours_dtype[&lt;lambda&gt;38]" time="0.0004229545593261719"><skipped message="Suite splitting in effect" type="pytest.skip">src/pymortests/grid.py:274: Suite splitting in effect</skipped></testcase><testcase classname="src.pymortests.grid" file="src/pymortests/grid.py" line="274" name="test_neighbours_dtype[&lt;lambda&gt;39]" time="0.0004954338073730469"><skipped message="Suite splitting in effect" type="pytest.skip">src/pymortests/grid.py:274: Suite splitting in effect</skipped></testcase><testcase classname="src.pymortests.grid" file="src/pymortests/grid.py" line="274" name="test_neighbours_dtype[&lt;lambda&gt;40]" time="0.0005283355712890625"><skipped message="Suite splitting in effect" type="pytest.skip">src/pymortests/grid.py:274: Suite splitting in effect</skipped></testcase><testcase classname="src.pymortests.grid" file="src/pymortests/grid.py" line="274" name="test_neighbours_dtype[&lt;lambda&gt;41]" time="0.0008027553558349609"><skipped message="Suite splitting in effect" type="pytest.skip">src/pymortests/grid.py:274: Suite splitting in effect</skipped></testcase><testcase classname="src.pymortests.grid" file="src/pymortests/grid.py" line="274" name="test_neighbours_dtype[&lt;lambda&gt;42]" time="0.00043654441833496094"><skipped message="Suite splitting in effect" type="pytest.skip">src/pymortests/grid.py:274: Suite splitting in effect</skipped></testcase><testcase classname="src.pymortests.grid" file="src/pymortests/grid.py" line="281" name="test_neighbours_entry_value_range[&lt;lambda&gt;0]" time="0.000492095947265625"><skipped message="Suite splitting in effect" type="pytest.skip">src/pymortests/grid.py:281: Suite splitting in effect</skipped></testcase><testcase classname="src.pymortests.grid" file="src/pymortests/grid.py" line="281" name="test_neighbours_entry_value_range[&lt;lambda&gt;1]" time="0.0004451274871826172"><skipped message="Suite splitting in effect" type="pytest.skip">src/pymortests/grid.py:281: Suite splitting in effect</skipped></testcase><testcase classname="src.pymortests.grid" file="src/pymortests/grid.py" line="281" name="test_neighbours_entry_value_range[&lt;lambda&gt;2]" time="0.0004956722259521484"><skipped message="Suite splitting in effect" type="pytest.skip">src/pymortests/grid.py:281: Suite splitting in effect</skipped></testcase><testcase classname="src.pymortests.grid" file="src/pymortests/grid.py" line="281" name="test_neighbours_entry_value_range[&lt;lambda&gt;3]" time="0.0005166530609130859"><skipped message="Suite splitting in effect" type="pytest.skip">src/pymortests/grid.py:281: Suite splitting in effect</skipped></testcase><testcase classname="src.pymortests.grid" file="src/pymortests/grid.py" line="281" name="test_neighbours_entry_value_range[&lt;lambda&gt;4]" time="0.00047898292541503906"><skipped message="Suite splitting in effect" type="pytest.skip">src/pymortests/grid.py:281: Suite splitting in effect</skipped></testcase><testcase classname="src.pymortests.grid" file="src/pymortests/grid.py" line="281" name="test_neighbours_entry_value_range[&lt;lambda&gt;5]" time="0.0004925727844238281"><skipped message="Suite splitting in effect" type="pytest.skip">src/pymortests/grid.py:281: Suite splitting in effect</skipped></testcase><testcase classname="src.pymortests.grid" file="src/pymortests/grid.py" line="281" name="test_neighbours_entry_value_range[&lt;lambda&gt;6]" time="0.0008339881896972656"><skipped message="Suite splitting in effect" type="pytest.skip">src/pymortests/grid.py:281: Suite splitting in effect</skipped></testcase><testcase classname="src.pymortests.grid" file="src/pymortests/grid.py" line="281" name="test_neighbours_entry_value_range[&lt;lambda&gt;7]" time="0.00043320655822753906"><skipped message="Suite splitting in effect" type="pytest.skip">src/pymortests/grid.py:281: Suite splitting in effect</skipped></testcase><testcase classname="src.pymortests.grid" file="src/pymortests/grid.py" line="281" name="test_neighbours_entry_value_range[&lt;lambda&gt;8]" time="0.00048232078552246094"><skipped message="Suite splitting in effect" type="pytest.skip">src/pymortests/grid.py:281: Suite splitting in effect</skipped></testcase><testcase classname="src.pymortests.grid" file="src/pymortests/grid.py" line="281" name="test_neighbours_entry_value_range[&lt;lambda&gt;9]" time="0.00045108795166015625"><skipped message="Suite splitting in effect" type="pytest.skip">src/pymortests/grid.py:281: Suite splitting in effect</skipped></testcase><testcase classname="src.pymortests.grid" file="src/pymortests/grid.py" line="281" name="test_neighbours_entry_value_range[&lt;lambda&gt;10]" time="0.0004825592041015625"><skipped message="Suite splitting in effect" type="pytest.skip">src/pymortests/grid.py:281: Suite splitting in effect</skipped></testcase><testcase classname="src.pymortests.grid" file="src/pymortests/grid.py" line="281" name="test_neighbours_entry_value_range[&lt;lambda&gt;11]" time="0.0004994869232177734"><skipped message="Suite splitting in effect" type="pytest.skip">src/pymortests/grid.py:281: Suite splitting in effect</skipped></testcase><testcase classname="src.pymortests.grid" file="src/pymortests/grid.py" line="281" name="test_neighbours_entry_value_range[&lt;lambda&gt;12]" time="0.00043773651123046875"><skipped message="Suite splitting in effect" type="pytest.skip">src/pymortests/grid.py:281: Suite splitting in effect</skipped></testcase><testcase classname="src.pymortests.grid" file="src/pymortests/grid.py" line="281" name="test_neighbours_entry_value_range[&lt;lambda&gt;13]" time="0.0005002021789550781"><skipped message="Suite splitting in effect" type="pytest.skip">src/pymortests/grid.py:281: Suite splitting in effect</skipped></testcase><testcase classname="src.pymortests.grid" file="src/pymortests/grid.py" line="281" name="test_neighbours_entry_value_range[&lt;lambda&gt;14]" time="0.0009360313415527344"><skipped message="Suite splitting in effect" type="pytest.skip">src/pymortests/grid.py:281: Suite splitting in effect</skipped></testcase><testcase classname="src.pymortests.grid" file="src/pymortests/grid.py" line="281" name="test_neighbours_entry_value_range[&lt;lambda&gt;15]" time="0.0004477500915527344"><skipped message="Suite splitting in effect" type="pytest.skip">src/pymortests/grid.py:281: Suite splitting in effect</skipped></testcase><testcase classname="src.pymortests.grid" file="src/pymortests/grid.py" line="281" name="test_neighbours_entry_value_range[&lt;lambda&gt;16]" time="0.0005116462707519531"><skipped message="Suite splitting in effect" type="pytest.skip">src/pymortests/grid.py:281: Suite splitting in effect</skipped></testcase><testcase classname="src.pymortests.grid" file="src/pymortests/grid.py" line="281" name="test_neighbours_entry_value_range[&lt;lambda&gt;17]" time="0.0005109310150146484"><skipped message="Suite splitting in effect" type="pytest.skip">src/pymortests/grid.py:281: Suite splitting in effect</skipped></testcase><testcase classname="src.pymortests.grid" file="src/pymortests/grid.py" line="281" name="test_neighbours_entry_value_range[&lt;lambda&gt;18]" time="0.0004942417144775391"><skipped message="Suite splitting in effect" type="pytest.skip">src/pymortests/grid.py:281: Suite splitting in effect</skipped></testcase><testcase classname="src.pymortests.grid" file="src/pymortests/grid.py" line="281" name="test_neighbours_entry_value_range[&lt;lambda&gt;19]" time="0.00048661231994628906"><skipped message="Suite splitting in effect" type="pytest.skip">src/pymortests/grid.py:281: Suite splitting in effect</skipped></testcase><testcase classname="src.pymortests.grid" file="src/pymortests/grid.py" line="281" name="test_neighbours_entry_value_range[&lt;lambda&gt;20]" time="0.0004985332489013672"><skipped message="Suite splitting in effect" type="pytest.skip">src/pymortests/grid.py:281: Suite splitting in effect</skipped></testcase><testcase classname="src.pymortests.grid" file="src/pymortests/grid.py" line="281" name="test_neighbours_entry_value_range[&lt;lambda&gt;21]" time="0.00044798851013183594"><skipped message="Suite splitting in effect" type="pytest.skip">src/pymortests/grid.py:281: Suite splitting in effect</skipped></testcase><testcase classname="src.pymortests.grid" file="src/pymortests/grid.py" line="281" name="test_neighbours_entry_value_range[&lt;lambda&gt;22]" time="0.0008330345153808594"><skipped message="Suite splitting in effect" type="pytest.skip">src/pymortests/grid.py:281: Suite splitting in effect</skipped></testcase><testcase classname="src.pymortests.grid" file="src/pymortests/grid.py" line="281" name="test_neighbours_entry_value_range[&lt;lambda&gt;23]" time="0.0005285739898681641"><skipped message="Suite splitting in effect" type="pytest.skip">src/pymortests/grid.py:281: Suite splitting in effect</skipped></testcase><testcase classname="src.pymortests.grid" file="src/pymortests/grid.py" line="281" name="test_neighbours_entry_value_range[&lt;lambda&gt;24]" time="0.0004532337188720703"><skipped message="Suite splitting in effect" type="pytest.skip">src/pymortests/grid.py:281: Suite splitting in effect</skipped></testcase><testcase classname="src.pymortests.grid" file="src/pymortests/grid.py" line="281" name="test_neighbours_entry_value_range[&lt;lambda&gt;25]" time="0.0004742145538330078"><skipped message="Suite splitting in effect" type="pytest.skip">src/pymortests/grid.py:281: Suite splitting in effect</skipped></testcase><testcase classname="src.pymortests.grid" file="src/pymortests/grid.py" line="281" name="test_neighbours_entry_value_range[&lt;lambda&gt;26]" time="0.0006716251373291016"><skipped message="Suite splitting in effect" type="pytest.skip">src/pymortests/grid.py:281: Suite splitting in effect</skipped></testcase><testcase classname="src.pymortests.grid" file="src/pymortests/grid.py" line="281" name="test_neighbours_entry_value_range[&lt;lambda&gt;27]" time="0.0005328655242919922"><skipped message="Suite splitting in effect" type="pytest.skip">src/pymortests/grid.py:281: Suite splitting in effect</skipped></testcase><testcase classname="src.pymortests.grid" file="src/pymortests/grid.py" line="281" name="test_neighbours_entry_value_range[&lt;lambda&gt;28]" time="0.0005447864532470703"><skipped message="Suite splitting in effect" type="pytest.skip">src/pymortests/grid.py:281: Suite splitting in effect</skipped></testcase><testcase classname="src.pymortests.grid" file="src/pymortests/grid.py" line="281" name="test_neighbours_entry_value_range[&lt;lambda&gt;29]" time="0.0005044937133789062"><skipped message="Suite splitting in effect" type="pytest.skip">src/pymortests/grid.py:281: Suite splitting in effect</skipped></testcase><testcase classname="src.pymortests.grid" file="src/pymortests/grid.py" line="281" name="test_neighbours_entry_value_range[&lt;lambda&gt;30]" time="0.0007822513580322266"><skipped message="Suite splitting in effect" type="pytest.skip">src/pymortests/grid.py:281: Suite splitting in effect</skipped></testcase><testcase classname="src.pymortests.grid" file="src/pymortests/grid.py" line="281" name="test_neighbours_entry_value_range[&lt;lambda&gt;31]" time="0.0005023479461669922"><skipped message="Suite splitting in effect" type="pytest.skip">src/pymortests/grid.py:281: Suite splitting in effect</skipped></testcase><testcase classname="src.pymortests.grid" file="src/pymortests/grid.py" line="281" name="test_neighbours_entry_value_range[&lt;lambda&gt;32]" time="0.00045180320739746094"><skipped message="Suite splitting in effect" type="pytest.skip">src/pymortests/grid.py:281: Suite splitting in effect</skipped></testcase><testcase classname="src.pymortests.grid" file="src/pymortests/grid.py" line="281" name="test_neighbours_entry_value_range[&lt;lambda&gt;33]" time="0.0005118846893310547"><skipped message="Suite splitting in effect" type="pytest.skip">src/pymortests/grid.py:281: Suite splitting in effect</skipped></testcase><testcase classname="src.pymortests.grid" file="src/pymortests/grid.py" line="281" name="test_neighbours_entry_value_range[&lt;lambda&gt;34]" time="0.0004367828369140625"><skipped message="Suite splitting in effect" type="pytest.skip">src/pymortests/grid.py:281: Suite splitting in effect</skipped></testcase><testcase classname="src.pymortests.grid" file="src/pymortests/grid.py" line="281" name="test_neighbours_entry_value_range[&lt;lambda&gt;35]" time="0.0004863739013671875"><skipped message="Suite splitting in effect" type="pytest.skip">src/pymortests/grid.py:281: Suite splitting in effect</skipped></testcase><testcase classname="src.pymortests.grid" file="src/pymortests/grid.py" line="281" name="test_neighbours_entry_value_range[&lt;lambda&gt;36]" time="0.0004916191101074219"><skipped message="Suite splitting in effect" type="pytest.skip">src/pymortests/grid.py:281: Suite splitting in effect</skipped></testcase><testcase classname="src.pymortests.grid" file="src/pymortests/grid.py" line="281" name="test_neighbours_entry_value_range[&lt;lambda&gt;37]" time="0.0004935264587402344"><skipped message="Suite splitting in effect" type="pytest.skip">src/pymortests/grid.py:281: Suite splitting in effect</skipped></testcase><testcase classname="src.pymortests.grid" file="src/pymortests/grid.py" line="281" name="test_neighbours_entry_value_range[&lt;lambda&gt;38]" time="0.0007965564727783203"><skipped message="Suite splitting in effect" type="pytest.skip">src/pymortests/grid.py:281: Suite splitting in effect</skipped></testcase><testcase classname="src.pymortests.grid" file="src/pymortests/grid.py" line="281" name="test_neighbours_entry_value_range[&lt;lambda&gt;39]" time="0.00044608116149902344"><skipped message="Suite splitting in effect" type="pytest.skip">src/pymortests/grid.py:281: Suite splitting in effect</skipped></testcase><testcase classname="src.pymortests.grid" file="src/pymortests/grid.py" line="281" name="test_neighbours_entry_value_range[&lt;lambda&gt;40]" time="0.0004887580871582031"><skipped message="Suite splitting in effect" type="pytest.skip">src/pymortests/grid.py:281: Suite splitting in effect</skipped></testcase><testcase classname="src.pymortests.grid" file="src/pymortests/grid.py" line="281" name="test_neighbours_entry_value_range[&lt;lambda&gt;41]" time="0.0004487037658691406"><skipped message="Suite splitting in effect" type="pytest.skip">src/pymortests/grid.py:281: Suite splitting in effect</skipped></testcase><testcase classname="src.pymortests.grid" file="src/pymortests/grid.py" line="281" name="test_neighbours_entry_value_range[&lt;lambda&gt;42]" time="0.0005164146423339844"><skipped message="Suite splitting in effect" type="pytest.skip">src/pymortests/grid.py:281: Suite splitting in effect</skipped></testcase><testcase classname="src.pymortests.grid" file="src/pymortests/grid.py" line="289" name="test_neighbours_entry_values_unique[&lt;lambda&gt;0]" time="0.0005030632019042969"><skipped message="Suite splitting in effect" type="pytest.skip">src/pymortests/grid.py:289: Suite splitting in effect</skipped></testcase><testcase classname="src.pymortests.grid" file="src/pymortests/grid.py" line="289" name="test_neighbours_entry_values_unique[&lt;lambda&gt;1]" time="0.0005106925964355469"><skipped message="Suite splitting in effect" type="pytest.skip">src/pymortests/grid.py:289: Suite splitting in effect</skipped></testcase><testcase classname="src.pymortests.grid" file="src/pymortests/grid.py" line="289" name="test_neighbours_entry_values_unique[&lt;lambda&gt;2]" time="0.0005006790161132812"><skipped message="Suite splitting in effect" type="pytest.skip">src/pymortests/grid.py:289: Suite splitting in effect</skipped></testcase><testcase classname="src.pymortests.grid" file="src/pymortests/grid.py" line="289" name="test_neighbours_entry_values_unique[&lt;lambda&gt;3]" time="0.0007450580596923828"><skipped message="Suite splitting in effect" type="pytest.skip">src/pymortests/grid.py:289: Suite splitting in effect</skipped></testcase><testcase classname="src.pymortests.grid" file="src/pymortests/grid.py" line="289" name="test_neighbours_entry_values_unique[&lt;lambda&gt;4]" time="0.0005269050598144531"><skipped message="Suite splitting in effect" type="pytest.skip">src/pymortests/grid.py:289: Suite splitting in effect</skipped></testcase><testcase classname="src.pymortests.grid" file="src/pymortests/grid.py" line="289" name="test_neighbours_entry_values_unique[&lt;lambda&gt;5]" time="0.0004200935363769531"><skipped message="Suite splitting in effect" type="pytest.skip">src/pymortests/grid.py:289: Suite splitting in effect</skipped></testcase><testcase classname="src.pymortests.grid" file="src/pymortests/grid.py" line="289" name="test_neighbours_entry_values_unique[&lt;lambda&gt;6]" time="0.00048613548278808594"><skipped message="Suite splitting in effect" type="pytest.skip">src/pymortests/grid.py:289: Suite splitting in effect</skipped></testcase><testcase classname="src.pymortests.grid" file="src/pymortests/grid.py" line="289" name="test_neighbours_entry_values_unique[&lt;lambda&gt;7]" time="0.0004253387451171875"><skipped message="Suite splitting in effect" type="pytest.skip">src/pymortests/grid.py:289: Suite splitting in effect</skipped></testcase><testcase classname="src.pymortests.grid" file="src/pymortests/grid.py" line="289" name="test_neighbours_entry_values_unique[&lt;lambda&gt;8]" time="0.0004901885986328125"><skipped message="Suite splitting in effect" type="pytest.skip">src/pymortests/grid.py:289: Suite splitting in effect</skipped></testcase><testcase classname="src.pymortests.grid" file="src/pymortests/grid.py" line="289" name="test_neighbours_entry_values_unique[&lt;lambda&gt;9]" time="0.0004994869232177734"><skipped message="Suite splitting in effect" type="pytest.skip">src/pymortests/grid.py:289: Suite splitting in effect</skipped></testcase><testcase classname="src.pymortests.grid" file="src/pymortests/grid.py" line="289" name="test_neighbours_entry_values_unique[&lt;lambda&gt;10]" time="0.0004520416259765625"><skipped message="Suite splitting in effect" type="pytest.skip">src/pymortests/grid.py:289: Suite splitting in effect</skipped></testcase><testcase classname="src.pymortests.grid" file="src/pymortests/grid.py" line="289" name="test_neighbours_entry_values_unique[&lt;lambda&gt;11]" time="0.0007500648498535156"><skipped message="Suite splitting in effect" type="pytest.skip">src/pymortests/grid.py:289: Suite splitting in effect</skipped></testcase><testcase classname="src.pymortests.grid" file="src/pymortests/grid.py" line="289" name="test_neighbours_entry_values_unique[&lt;lambda&gt;12]" time="0.0004885196685791016"><skipped message="Suite splitting in effect" type="pytest.skip">src/pymortests/grid.py:289: Suite splitting in effect</skipped></testcase><testcase classname="src.pymortests.grid" file="src/pymortests/grid.py" line="289" name="test_neighbours_entry_values_unique[&lt;lambda&gt;13]" time="0.00042510032653808594"><skipped message="Suite splitting in effect" type="pytest.skip">src/pymortests/grid.py:289: Suite splitting in effect</skipped></testcase><testcase classname="src.pymortests.grid" file="src/pymortests/grid.py" line="289" name="test_neighbours_entry_values_unique[&lt;lambda&gt;14]" time="0.0004208087921142578"><skipped message="Suite splitting in effect" type="pytest.skip">src/pymortests/grid.py:289: Suite splitting in effect</skipped></testcase><testcase classname="src.pymortests.grid" file="src/pymortests/grid.py" line="289" name="test_neighbours_entry_values_unique[&lt;lambda&gt;15]" time="0.0004417896270751953"><skipped message="Suite splitting in effect" type="pytest.skip">src/pymortests/grid.py:289: Suite splitting in effect</skipped></testcase><testcase classname="src.pymortests.grid" file="src/pymortests/grid.py" line="289" name="test_neighbours_entry_values_unique[&lt;lambda&gt;16]" time="0.0004792213439941406"><skipped message="Suite splitting in effect" type="pytest.skip">src/pymortests/grid.py:289: Suite splitting in effect</skipped></testcase><testcase classname="src.pymortests.grid" file="src/pymortests/grid.py" line="289" name="test_neighbours_entry_values_unique[&lt;lambda&gt;17]" time="0.0005755424499511719"><skipped message="Suite splitting in effect" type="pytest.skip">src/pymortests/grid.py:289: Suite splitting in effect</skipped></testcase><testcase classname="src.pymortests.grid" file="src/pymortests/grid.py" line="289" name="test_neighbours_entry_values_unique[&lt;lambda&gt;18]" time="0.00042629241943359375"><skipped message="Suite splitting in effect" type="pytest.skip">src/pymortests/grid.py:289: Suite splitting in effect</skipped></testcase><testcase classname="src.pymortests.grid" file="src/pymortests/grid.py" line="289" name="test_neighbours_entry_values_unique[&lt;lambda&gt;19]" time="0.0011031627655029297"><skipped message="Suite splitting in effect" type="pytest.skip">src/pymortests/grid.py:289: Suite splitting in effect</skipped></testcase><testcase classname="src.pymortests.grid" file="src/pymortests/grid.py" line="289" name="test_neighbours_entry_values_unique[&lt;lambda&gt;20]" time="0.00042366981506347656"><skipped message="Suite splitting in effect" type="pytest.skip">src/pymortests/grid.py:289: Suite splitting in effect</skipped></testcase><testcase classname="src.pymortests.grid" file="src/pymortests/grid.py" line="289" name="test_neighbours_entry_values_unique[&lt;lambda&gt;21]" time="0.00046253204345703125"><skipped message="Suite splitting in effect" type="pytest.skip">src/pymortests/grid.py:289: Suite splitting in effect</skipped></testcase><testcase classname="src.pymortests.grid" file="src/pymortests/grid.py" line="289" name="test_neighbours_entry_values_unique[&lt;lambda&gt;22]" time="0.00042057037353515625"><skipped message="Suite splitting in effect" type="pytest.skip">src/pymortests/grid.py:289: Suite splitting in effect</skipped></testcase><testcase classname="src.pymortests.grid" file="src/pymortests/grid.py" line="289" name="test_neighbours_entry_values_unique[&lt;lambda&gt;23]" time="0.0004799365997314453"><skipped message="Suite splitting in effect" type="pytest.skip">src/pymortests/grid.py:289: Suite splitting in effect</skipped></testcase><testcase classname="src.pymortests.grid" file="src/pymortests/grid.py" line="289" name="test_neighbours_entry_values_unique[&lt;lambda&gt;24]" time="0.0004241466522216797"><skipped message="Suite splitting in effect" type="pytest.skip">src/pymortests/grid.py:289: Suite splitting in effect</skipped></testcase><testcase classname="src.pymortests.grid" file="src/pymortests/grid.py" line="289" name="test_neighbours_entry_values_unique[&lt;lambda&gt;25]" time="0.00048232078552246094"><skipped message="Suite splitting in effect" type="pytest.skip">src/pymortests/grid.py:289: Suite splitting in effect</skipped></testcase><testcase classname="src.pymortests.grid" file="src/pymortests/grid.py" line="289" name="test_neighbours_entry_values_unique[&lt;lambda&gt;26]" time="0.000514984130859375"><skipped message="Suite splitting in effect" type="pytest.skip">src/pymortests/grid.py:289: Suite splitting in effect</skipped></testcase><testcase classname="src.pymortests.grid" file="src/pymortests/grid.py" line="289" name="test_neighbours_entry_values_unique[&lt;lambda&gt;27]" time="0.0008375644683837891"><skipped message="Suite splitting in effect" type="pytest.skip">src/pymortests/grid.py:289: Suite splitting in effect</skipped></testcase><testcase classname="src.pymortests.grid" file="src/pymortests/grid.py" line="289" name="test_neighbours_entry_values_unique[&lt;lambda&gt;28]" time="0.0004627704620361328"><skipped message="Suite splitting in effect" type="pytest.skip">src/pymortests/grid.py:289: Suite splitting in effect</skipped></testcase><testcase classname="src.pymortests.grid" file="src/pymortests/grid.py" line="289" name="test_neighbours_entry_values_unique[&lt;lambda&gt;29]" time="0.0005228519439697266"><skipped message="Suite splitting in effect" type="pytest.skip">src/pymortests/grid.py:289: Suite splitting in effect</skipped></testcase><testcase classname="src.pymortests.grid" file="src/pymortests/grid.py" line="289" name="test_neighbours_entry_values_unique[&lt;lambda&gt;30]" time="0.0004355907440185547"><skipped message="Suite splitting in effect" type="pytest.skip">src/pymortests/grid.py:289: Suite splitting in effect</skipped></testcase><testcase classname="src.pymortests.grid" file="src/pymortests/grid.py" line="289" name="test_neighbours_entry_values_unique[&lt;lambda&gt;31]" time="0.0004849433898925781"><skipped message="Suite splitting in effect" type="pytest.skip">src/pymortests/grid.py:289: Suite splitting in effect</skipped></testcase><testcase classname="src.pymortests.grid" file="src/pymortests/grid.py" line="289" name="test_neighbours_entry_values_unique[&lt;lambda&gt;32]" time="0.00044035911560058594"><skipped message="Suite splitting in effect" type="pytest.skip">src/pymortests/grid.py:289: Suite splitting in effect</skipped></testcase><testcase classname="src.pymortests.grid" file="src/pymortests/grid.py" line="289" name="test_neighbours_entry_values_unique[&lt;lambda&gt;33]" time="0.0004696846008300781"><skipped message="Suite splitting in effect" type="pytest.skip">src/pymortests/grid.py:289: Suite splitting in effect</skipped></testcase><testcase classname="src.pymortests.grid" file="src/pymortests/grid.py" line="289" name="test_neighbours_entry_values_unique[&lt;lambda&gt;34]" time="0.0004367828369140625"><skipped message="Suite splitting in effect" type="pytest.skip">src/pymortests/grid.py:289: Suite splitting in effect</skipped></testcase><testcase classname="src.pymortests.grid" file="src/pymortests/grid.py" line="289" name="test_neighbours_entry_values_unique[&lt;lambda&gt;35]" time="0.0007686614990234375"><skipped message="Suite splitting in effect" type="pytest.skip">src/pymortests/grid.py:289: Suite splitting in effect</skipped></testcase><testcase classname="src.pymortests.grid" file="src/pymortests/grid.py" line="289" name="test_neighbours_entry_values_unique[&lt;lambda&gt;36]" time="0.0004475116729736328"><skipped message="Suite splitting in effect" type="pytest.skip">src/pymortests/grid.py:289: Suite splitting in effect</skipped></testcase><testcase classname="src.pymortests.grid" file="src/pymortests/grid.py" line="289" name="test_neighbours_entry_values_unique[&lt;lambda&gt;37]" time="0.0004227161407470703"><skipped message="Suite splitting in effect" type="pytest.skip">src/pymortests/grid.py:289: Suite splitting in effect</skipped></testcase><testcase classname="src.pymortests.grid" file="src/pymortests/grid.py" line="289" name="test_neighbours_entry_values_unique[&lt;lambda&gt;38]" time="0.0004436969757080078"><skipped message="Suite splitting in effect" type="pytest.skip">src/pymortests/grid.py:289: Suite splitting in effect</skipped></testcase><testcase classname="src.pymortests.grid" file="src/pymortests/grid.py" line="289" name="test_neighbours_entry_values_unique[&lt;lambda&gt;39]" time="0.00047588348388671875"><skipped message="Suite splitting in effect" type="pytest.skip">src/pymortests/grid.py:289: Suite splitting in effect</skipped></testcase><testcase classname="src.pymortests.grid" file="src/pymortests/grid.py" line="289" name="test_neighbours_entry_values_unique[&lt;lambda&gt;40]" time="0.0004246234893798828"><skipped message="Suite splitting in effect" type="pytest.skip">src/pymortests/grid.py:289: Suite splitting in effect</skipped></testcase><testcase classname="src.pymortests.grid" file="src/pymortests/grid.py" line="289" name="test_neighbours_entry_values_unique[&lt;lambda&gt;41]" time="0.0004715919494628906"><skipped message="Suite splitting in effect" type="pytest.skip">src/pymortests/grid.py:289: Suite splitting in effect</skipped></testcase><testcase classname="src.pymortests.grid" file="src/pymortests/grid.py" line="289" name="test_neighbours_entry_values_unique[&lt;lambda&gt;42]" time="0.0004990100860595703"><skipped message="Suite splitting in effect" type="pytest.skip">src/pymortests/grid.py:289: Suite splitting in effect</skipped></testcase><testcase classname="src.pymortests.grid" file="src/pymortests/grid.py" line="298" name="test_neighbours_each_entry_neighbour[&lt;lambda&gt;0]" time="0.0008685588836669922"><skipped message="Suite splitting in effect" type="pytest.skip">src/pymortests/grid.py:298: Suite splitting in effect</skipped></testcase><testcase classname="src.pymortests.grid" file="src/pymortests/grid.py" line="298" name="test_neighbours_each_entry_neighbour[&lt;lambda&gt;1]" time="0.00048232078552246094"><skipped message="Suite splitting in effect" type="pytest.skip">src/pymortests/grid.py:298: Suite splitting in effect</skipped></testcase><testcase classname="src.pymortests.grid" file="src/pymortests/grid.py" line="298" name="test_neighbours_each_entry_neighbour[&lt;lambda&gt;2]" time="0.0004324913024902344"><skipped message="Suite splitting in effect" type="pytest.skip">src/pymortests/grid.py:298: Suite splitting in effect</skipped></testcase><testcase classname="src.pymortests.grid" file="src/pymortests/grid.py" line="298" name="test_neighbours_each_entry_neighbour[&lt;lambda&gt;3]" time="0.0004277229309082031"><skipped message="Suite splitting in effect" type="pytest.skip">src/pymortests/grid.py:298: Suite splitting in effect</skipped></testcase><testcase classname="src.pymortests.grid" file="src/pymortests/grid.py" line="298" name="test_neighbours_each_entry_neighbour[&lt;lambda&gt;4]" time="0.0004830360412597656"><skipped message="Suite splitting in effect" type="pytest.skip">src/pymortests/grid.py:298: Suite splitting in effect</skipped></testcase><testcase classname="src.pymortests.grid" file="src/pymortests/grid.py" line="298" name="test_neighbours_each_entry_neighbour[&lt;lambda&gt;5]" time="0.0004520416259765625"><skipped message="Suite splitting in effect" type="pytest.skip">src/pymortests/grid.py:298: Suite splitting in effect</skipped></testcase><testcase classname="src.pymortests.grid" file="src/pymortests/grid.py" line="298" name="test_neighbours_each_entry_neighbour[&lt;lambda&gt;6]" time="0.0004737377166748047"><skipped message="Suite splitting in effect" type="pytest.skip">src/pymortests/grid.py:298: Suite splitting in effect</skipped></testcase><testcase classname="src.pymortests.grid" file="src/pymortests/grid.py" line="298" name="test_neighbours_each_entry_neighbour[&lt;lambda&gt;7]" time="0.0004985332489013672"><skipped message="Suite splitting in effect" type="pytest.skip">src/pymortests/grid.py:298: Suite splitting in effect</skipped></testcase><testcase classname="src.pymortests.grid" file="src/pymortests/grid.py" line="298" name="test_neighbours_each_entry_neighbour[&lt;lambda&gt;8]" time="0.0007545948028564453"><skipped message="Suite splitting in effect" type="pytest.skip">src/pymortests/grid.py:298: Suite splitting in effect</skipped></testcase><testcase classname="src.pymortests.grid" file="src/pymortests/grid.py" line="298" name="test_neighbours_each_entry_neighbour[&lt;lambda&gt;9]" time="0.00048613548278808594"><skipped message="Suite splitting in effect" type="pytest.skip">src/pymortests/grid.py:298: Suite splitting in effect</skipped></testcase><testcase classname="src.pymortests.grid" file="src/pymortests/grid.py" line="298" name="test_neighbours_each_entry_neighbour[&lt;lambda&gt;10]" time="0.0005362033843994141"><skipped message="Suite splitting in effect" type="pytest.skip">src/pymortests/grid.py:298: Suite splitting in effect</skipped></testcase><testcase classname="src.pymortests.grid" file="src/pymortests/grid.py" line="298" name="test_neighbours_each_entry_neighbour[&lt;lambda&gt;11]" time="0.0004534721374511719"><skipped message="Suite splitting in effect" type="pytest.skip">src/pymortests/grid.py:298: Suite splitting in effect</skipped></testcase><testcase classname="src.pymortests.grid" file="src/pymortests/grid.py" line="298" name="test_neighbours_each_entry_neighbour[&lt;lambda&gt;12]" time="0.0004267692565917969"><skipped message="Suite splitting in effect" type="pytest.skip">src/pymortests/grid.py:298: Suite splitting in effect</skipped></testcase><testcase classname="src.pymortests.grid" file="src/pymortests/grid.py" line="298" name="test_neighbours_each_entry_neighbour[&lt;lambda&gt;13]" time="0.00046706199645996094"><skipped message="Suite splitting in effect" type="pytest.skip">src/pymortests/grid.py:298: Suite splitting in effect</skipped></testcase><testcase classname="src.pymortests.grid" file="src/pymortests/grid.py" line="298" name="test_neighbours_each_entry_neighbour[&lt;lambda&gt;14]" time="0.0004680156707763672"><skipped message="Suite splitting in effect" type="pytest.skip">src/pymortests/grid.py:298: Suite splitting in effect</skipped></testcase><testcase classname="src.pymortests.grid" file="src/pymortests/grid.py" line="298" name="test_neighbours_each_entry_neighbour[&lt;lambda&gt;15]" time="0.0005559921264648438"><skipped message="Suite splitting in effect" type="pytest.skip">src/pymortests/grid.py:298: Suite splitting in effect</skipped></testcase><testcase classname="src.pymortests.grid" file="src/pymortests/grid.py" line="298" name="test_neighbours_each_entry_neighbour[&lt;lambda&gt;16]" time="0.0010416507720947266"><skipped message="Suite splitting in effect" type="pytest.skip">src/pymortests/grid.py:298: Suite splitting in effect</skipped></testcase><testcase classname="src.pymortests.grid" file="src/pymortests/grid.py" line="298" name="test_neighbours_each_entry_neighbour[&lt;lambda&gt;17]" time="0.0004978179931640625"><skipped message="Suite splitting in effect" type="pytest.skip">src/pymortests/grid.py:298: Suite splitting in effect</skipped></testcase><testcase classname="src.pymortests.grid" file="src/pymortests/grid.py" line="298" name="test_neighbours_each_entry_neighbour[&lt;lambda&gt;18]" time="0.00045228004455566406"><skipped message="Suite splitting in effect" type="pytest.skip">src/pymortests/grid.py:298: Suite splitting in effect</skipped></testcase><testcase classname="src.pymortests.grid" file="src/pymortests/grid.py" line="298" name="test_neighbours_each_entry_neighbour[&lt;lambda&gt;19]" time="0.0004715919494628906"><skipped message="Suite splitting in effect" type="pytest.skip">src/pymortests/grid.py:298: Suite splitting in effect</skipped></testcase><testcase classname="src.pymortests.grid" file="src/pymortests/grid.py" line="298" name="test_neighbours_each_entry_neighbour[&lt;lambda&gt;20]" time="0.0004990100860595703"><skipped message="Suite splitting in effect" type="pytest.skip">src/pymortests/grid.py:298: Suite splitting in effect</skipped></testcase><testcase classname="src.pymortests.grid" file="src/pymortests/grid.py" line="298" name="test_neighbours_each_entry_neighbour[&lt;lambda&gt;21]" time="0.00042724609375"><skipped message="Suite splitting in effect" type="pytest.skip">src/pymortests/grid.py:298: Suite splitting in effect</skipped></testcase><testcase classname="src.pymortests.grid" file="src/pymortests/grid.py" line="298" name="test_neighbours_each_entry_neighbour[&lt;lambda&gt;22]" time="0.0005192756652832031"><skipped message="Suite splitting in effect" type="pytest.skip">src/pymortests/grid.py:298: Suite splitting in effect</skipped></testcase><testcase classname="src.pymortests.grid" file="src/pymortests/grid.py" line="298" name="test_neighbours_each_entry_neighbour[&lt;lambda&gt;23]" time="0.0005660057067871094"><skipped message="Suite splitting in effect" type="pytest.skip">src/pymortests/grid.py:298: Suite splitting in effect</skipped></testcase><testcase classname="src.pymortests.grid" file="src/pymortests/grid.py" line="298" name="test_neighbours_each_entry_neighbour[&lt;lambda&gt;24]" time="0.0008168220520019531"><skipped message="Suite splitting in effect" type="pytest.skip">src/pymortests/grid.py:298: Suite splitting in effect</skipped></testcase><testcase classname="src.pymortests.grid" file="src/pymortests/grid.py" line="298" name="test_neighbours_each_entry_neighbour[&lt;lambda&gt;25]" time="0.0004558563232421875"><skipped message="Suite splitting in effect" type="pytest.skip">src/pymortests/grid.py:298: Suite splitting in effect</skipped></testcase><testcase classname="src.pymortests.grid" file="src/pymortests/grid.py" line="298" name="test_neighbours_each_entry_neighbour[&lt;lambda&gt;26]" time="0.0004749298095703125"><skipped message="Suite splitting in effect" type="pytest.skip">src/pymortests/grid.py:298: Suite splitting in effect</skipped></testcase><testcase classname="src.pymortests.grid" file="src/pymortests/grid.py" line="298" name="test_neighbours_each_entry_neighbour[&lt;lambda&gt;27]" time="0.0004329681396484375"><skipped message="Suite splitting in effect" type="pytest.skip">src/pymortests/grid.py:298: Suite splitting in effect</skipped></testcase><testcase classname="src.pymortests.grid" file="src/pymortests/grid.py" line="298" name="test_neighbours_each_entry_neighbour[&lt;lambda&gt;28]" time="0.0004761219024658203"><skipped message="Suite splitting in effect" type="pytest.skip">src/pymortests/grid.py:298: Suite splitting in effect</skipped></testcase><testcase classname="src.pymortests.grid" file="src/pymortests/grid.py" line="298" name="test_neighbours_each_entry_neighbour[&lt;lambda&gt;29]" time="0.00044727325439453125"><skipped message="Suite splitting in effect" type="pytest.skip">src/pymortests/grid.py:298: Suite splitting in effect</skipped></testcase><testcase classname="src.pymortests.grid" file="src/pymortests/grid.py" line="298" name="test_neighbours_each_entry_neighbour[&lt;lambda&gt;30]" time="0.0004856586456298828"><skipped message="Suite splitting in effect" type="pytest.skip">src/pymortests/grid.py:298: Suite splitting in effect</skipped></testcase><testcase classname="src.pymortests.grid" file="src/pymortests/grid.py" line="298" name="test_neighbours_each_entry_neighbour[&lt;lambda&gt;31]" time="0.0004990100860595703"><skipped message="Suite splitting in effect" type="pytest.skip">src/pymortests/grid.py:298: Suite splitting in effect</skipped></testcase><testcase classname="src.pymortests.grid" file="src/pymortests/grid.py" line="298" name="test_neighbours_each_entry_neighbour[&lt;lambda&gt;32]" time="0.0007658004760742188"><skipped message="Suite splitting in effect" type="pytest.skip">src/pymortests/grid.py:298: Suite splitting in effect</skipped></testcase><testcase classname="src.pymortests.grid" file="src/pymortests/grid.py" line="298" name="test_neighbours_each_entry_neighbour[&lt;lambda&gt;33]" time="0.0004620552062988281"><skipped message="Suite splitting in effect" type="pytest.skip">src/pymortests/grid.py:298: Suite splitting in effect</skipped></testcase><testcase classname="src.pymortests.grid" file="src/pymortests/grid.py" line="298" name="test_neighbours_each_entry_neighbour[&lt;lambda&gt;34]" time="0.0005135536193847656"><skipped message="Suite splitting in effect" type="pytest.skip">src/pymortests/grid.py:298: Suite splitting in effect</skipped></testcase><testcase classname="src.pymortests.grid" file="src/pymortests/grid.py" line="298" name="test_neighbours_each_entry_neighbour[&lt;lambda&gt;35]" time="0.0004885196685791016"><skipped message="Suite splitting in effect" type="pytest.skip">src/pymortests/grid.py:298: Suite splitting in effect</skipped></testcase><testcase classname="src.pymortests.grid" file="src/pymortests/grid.py" line="298" name="test_neighbours_each_entry_neighbour[&lt;lambda&gt;36]" time="0.0004949569702148438"><skipped message="Suite splitting in effect" type="pytest.skip">src/pymortests/grid.py:298: Suite splitting in effect</skipped></testcase><testcase classname="src.pymortests.grid" file="src/pymortests/grid.py" line="298" name="test_neighbours_each_entry_neighbour[&lt;lambda&gt;37]" time="0.0004668235778808594"><skipped message="Suite splitting in effect" type="pytest.skip">src/pymortests/grid.py:298: Suite splitting in effect</skipped></testcase><testcase classname="src.pymortests.grid" file="src/pymortests/grid.py" line="298" name="test_neighbours_each_entry_neighbour[&lt;lambda&gt;38]" time="0.0004832744598388672"><skipped message="Suite splitting in effect" type="pytest.skip">src/pymortests/grid.py:298: Suite splitting in effect</skipped></testcase><testcase classname="src.pymortests.grid" file="src/pymortests/grid.py" line="298" name="test_neighbours_each_entry_neighbour[&lt;lambda&gt;39]" time="0.0004756450653076172"><skipped message="Suite splitting in effect" type="pytest.skip">src/pymortests/grid.py:298: Suite splitting in effect</skipped></testcase><testcase classname="src.pymortests.grid" file="src/pymortests/grid.py" line="298" name="test_neighbours_each_entry_neighbour[&lt;lambda&gt;40]" time="0.0008759498596191406"><skipped message="Suite splitting in effect" type="pytest.skip">src/pymortests/grid.py:298: Suite splitting in effect</skipped></testcase><testcase classname="src.pymortests.grid" file="src/pymortests/grid.py" line="298" name="test_neighbours_each_entry_neighbour[&lt;lambda&gt;41]" time="0.00046706199645996094"><skipped message="Suite splitting in effect" type="pytest.skip">src/pymortests/grid.py:298: Suite splitting in effect</skipped></testcase><testcase classname="src.pymortests.grid" file="src/pymortests/grid.py" line="298" name="test_neighbours_each_entry_neighbour[&lt;lambda&gt;42]" time="0.0004787445068359375"><skipped message="Suite splitting in effect" type="pytest.skip">src/pymortests/grid.py:298: Suite splitting in effect</skipped></testcase><testcase classname="src.pymortests.grid" file="src/pymortests/grid.py" line="314" name="test_neighbours_each_neighbour_has_entry[&lt;lambda&gt;0]" time="0.0004975795745849609"><skipped message="Suite splitting in effect" type="pytest.skip">src/pymortests/grid.py:314: Suite splitting in effect</skipped></testcase><testcase classname="src.pymortests.grid" file="src/pymortests/grid.py" line="314" name="test_neighbours_each_neighbour_has_entry[&lt;lambda&gt;1]" time="0.00047898292541503906"><skipped message="Suite splitting in effect" type="pytest.skip">src/pymortests/grid.py:314: Suite splitting in effect</skipped></testcase><testcase classname="src.pymortests.grid" file="src/pymortests/grid.py" line="314" name="test_neighbours_each_neighbour_has_entry[&lt;lambda&gt;2]" time="0.00042057037353515625"><skipped message="Suite splitting in effect" type="pytest.skip">src/pymortests/grid.py:314: Suite splitting in effect</skipped></testcase><testcase classname="src.pymortests.grid" file="src/pymortests/grid.py" line="314" name="test_neighbours_each_neighbour_has_entry[&lt;lambda&gt;3]" time="0.0004601478576660156"><skipped message="Suite splitting in effect" type="pytest.skip">src/pymortests/grid.py:314: Suite splitting in effect</skipped></testcase><testcase classname="src.pymortests.grid" file="src/pymortests/grid.py" line="314" name="test_neighbours_each_neighbour_has_entry[&lt;lambda&gt;4]" time="0.0004837512969970703"><skipped message="Suite splitting in effect" type="pytest.skip">src/pymortests/grid.py:314: Suite splitting in effect</skipped></testcase><testcase classname="src.pymortests.grid" file="src/pymortests/grid.py" line="314" name="test_neighbours_each_neighbour_has_entry[&lt;lambda&gt;5]" time="0.0008490085601806641"><skipped message="Suite splitting in effect" type="pytest.skip">src/pymortests/grid.py:314: Suite splitting in effect</skipped></testcase><testcase classname="src.pymortests.grid" file="src/pymortests/grid.py" line="314" name="test_neighbours_each_neighbour_has_entry[&lt;lambda&gt;6]" time="0.0004429817199707031"><skipped message="Suite splitting in effect" type="pytest.skip">src/pymortests/grid.py:314: Suite splitting in effect</skipped></testcase><testcase classname="src.pymortests.grid" file="src/pymortests/grid.py" line="314" name="test_neighbours_each_neighbour_has_entry[&lt;lambda&gt;7]" time="0.0004756450653076172"><skipped message="Suite splitting in effect" type="pytest.skip">src/pymortests/grid.py:314: Suite splitting in effect</skipped></testcase><testcase classname="src.pymortests.grid" file="src/pymortests/grid.py" line="314" name="test_neighbours_each_neighbour_has_entry[&lt;lambda&gt;8]" time="0.000553131103515625"><skipped message="Suite splitting in effect" type="pytest.skip">src/pymortests/grid.py:314: Suite splitting in effect</skipped></testcase><testcase classname="src.pymortests.grid" file="src/pymortests/grid.py" line="314" name="test_neighbours_each_neighbour_has_entry[&lt;lambda&gt;9]" time="0.0004315376281738281"><skipped message="Suite splitting in effect" type="pytest.skip">src/pymortests/grid.py:314: Suite splitting in effect</skipped></testcase><testcase classname="src.pymortests.grid" file="src/pymortests/grid.py" line="314" name="test_neighbours_each_neighbour_has_entry[&lt;lambda&gt;10]" time="0.0005052089691162109"><skipped message="Suite splitting in effect" type="pytest.skip">src/pymortests/grid.py:314: Suite splitting in effect</skipped></testcase><testcase classname="src.pymortests.grid" file="src/pymortests/grid.py" line="314" name="test_neighbours_each_neighbour_has_entry[&lt;lambda&gt;11]" time="0.0004925727844238281"><skipped message="Suite splitting in effect" type="pytest.skip">src/pymortests/grid.py:314: Suite splitting in effect</skipped></testcase><testcase classname="src.pymortests.grid" file="src/pymortests/grid.py" line="314" name="test_neighbours_each_neighbour_has_entry[&lt;lambda&gt;12]" time="0.0004668235778808594"><skipped message="Suite splitting in effect" type="pytest.skip">src/pymortests/grid.py:314: Suite splitting in effect</skipped></testcase><testcase classname="src.pymortests.grid" file="src/pymortests/grid.py" line="314" name="test_neighbours_each_neighbour_has_entry[&lt;lambda&gt;13]" time="0.0007812976837158203"><skipped message="Suite splitting in effect" type="pytest.skip">src/pymortests/grid.py:314: Suite splitting in effect</skipped></testcase><testcase classname="src.pymortests.grid" file="src/pymortests/grid.py" line="314" name="test_neighbours_each_neighbour_has_entry[&lt;lambda&gt;14]" time="0.0005095005035400391"><skipped message="Suite splitting in effect" type="pytest.skip">src/pymortests/grid.py:314: Suite splitting in effect</skipped></testcase><testcase classname="src.pymortests.grid" file="src/pymortests/grid.py" line="314" name="test_neighbours_each_neighbour_has_entry[&lt;lambda&gt;15]" time="0.00041985511779785156"><skipped message="Suite splitting in effect" type="pytest.skip">src/pymortests/grid.py:314: Suite splitting in effect</skipped></testcase><testcase classname="src.pymortests.grid" file="src/pymortests/grid.py" line="314" name="test_neighbours_each_neighbour_has_entry[&lt;lambda&gt;16]" time="0.0005249977111816406"><skipped message="Suite splitting in effect" type="pytest.skip">src/pymortests/grid.py:314: Suite splitting in effect</skipped></testcase><testcase classname="src.pymortests.grid" file="src/pymortests/grid.py" line="314" name="test_neighbours_each_neighbour_has_entry[&lt;lambda&gt;17]" time="0.00044989585876464844"><skipped message="Suite splitting in effect" type="pytest.skip">src/pymortests/grid.py:314: Suite splitting in effect</skipped></testcase><testcase classname="src.pymortests.grid" file="src/pymortests/grid.py" line="314" name="test_neighbours_each_neighbour_has_entry[&lt;lambda&gt;18]" time="0.00047779083251953125"><skipped message="Suite splitting in effect" type="pytest.skip">src/pymortests/grid.py:314: Suite splitting in effect</skipped></testcase><testcase classname="src.pymortests.grid" file="src/pymortests/grid.py" line="314" name="test_neighbours_each_neighbour_has_entry[&lt;lambda&gt;19]" time="0.0004279613494873047"><skipped message="Suite splitting in effect" type="pytest.skip">src/pymortests/grid.py:314: Suite splitting in effect</skipped></testcase><testcase classname="src.pymortests.grid" file="src/pymortests/grid.py" line="314" name="test_neighbours_each_neighbour_has_entry[&lt;lambda&gt;20]" time="0.0004227161407470703"><skipped message="Suite splitting in effect" type="pytest.skip">src/pymortests/grid.py:314: Suite splitting in effect</skipped></testcase><testcase classname="src.pymortests.grid" file="src/pymortests/grid.py" line="314" name="test_neighbours_each_neighbour_has_entry[&lt;lambda&gt;21]" time="0.0007319450378417969"><skipped message="Suite splitting in effect" type="pytest.skip">src/pymortests/grid.py:314: Suite splitting in effect</skipped></testcase><testcase classname="src.pymortests.grid" file="src/pymortests/grid.py" line="314" name="test_neighbours_each_neighbour_has_entry[&lt;lambda&gt;22]" time="0.0005600452423095703"><skipped message="Suite splitting in effect" type="pytest.skip">src/pymortests/grid.py:314: Suite splitting in effect</skipped></testcase><testcase classname="src.pymortests.grid" file="src/pymortests/grid.py" line="314" name="test_neighbours_each_neighbour_has_entry[&lt;lambda&gt;23]" time="0.0004928112030029297"><skipped message="Suite splitting in effect" type="pytest.skip">src/pymortests/grid.py:314: Suite splitting in effect</skipped></testcase><testcase classname="src.pymortests.grid" file="src/pymortests/grid.py" line="314" name="test_neighbours_each_neighbour_has_entry[&lt;lambda&gt;24]" time="0.0004315376281738281"><skipped message="Suite splitting in effect" type="pytest.skip">src/pymortests/grid.py:314: Suite splitting in effect</skipped></testcase><testcase classname="src.pymortests.grid" file="src/pymortests/grid.py" line="314" name="test_neighbours_each_neighbour_has_entry[&lt;lambda&gt;25]" time="0.0004165172576904297"><skipped message="Suite splitting in effect" type="pytest.skip">src/pymortests/grid.py:314: Suite splitting in effect</skipped></testcase><testcase classname="src.pymortests.grid" file="src/pymortests/grid.py" line="314" name="test_neighbours_each_neighbour_has_entry[&lt;lambda&gt;26]" time="0.0004353523254394531"><skipped message="Suite splitting in effect" type="pytest.skip">src/pymortests/grid.py:314: Suite splitting in effect</skipped></testcase><testcase classname="src.pymortests.grid" file="src/pymortests/grid.py" line="314" name="test_neighbours_each_neighbour_has_entry[&lt;lambda&gt;27]" time="0.0004982948303222656"><skipped message="Suite splitting in effect" type="pytest.skip">src/pymortests/grid.py:314: Suite splitting in effect</skipped></testcase><testcase classname="src.pymortests.grid" file="src/pymortests/grid.py" line="314" name="test_neighbours_each_neighbour_has_entry[&lt;lambda&gt;28]" time="0.0005660057067871094"><skipped message="Suite splitting in effect" type="pytest.skip">src/pymortests/grid.py:314: Suite splitting in effect</skipped></testcase><testcase classname="src.pymortests.grid" file="src/pymortests/grid.py" line="314" name="test_neighbours_each_neighbour_has_entry[&lt;lambda&gt;29]" time="0.0012106895446777344"><skipped message="Suite splitting in effect" type="pytest.skip">src/pymortests/grid.py:314: Suite splitting in effect</skipped></testcase><testcase classname="src.pymortests.grid" file="src/pymortests/grid.py" line="314" name="test_neighbours_each_neighbour_has_entry[&lt;lambda&gt;30]" time="0.0005044937133789062"><skipped message="Suite splitting in effect" type="pytest.skip">src/pymortests/grid.py:314: Suite splitting in effect</skipped></testcase><testcase classname="src.pymortests.grid" file="src/pymortests/grid.py" line="314" name="test_neighbours_each_neighbour_has_entry[&lt;lambda&gt;31]" time="0.0004603862762451172"><skipped message="Suite splitting in effect" type="pytest.skip">src/pymortests/grid.py:314: Suite splitting in effect</skipped></testcase><testcase classname="src.pymortests.grid" file="src/pymortests/grid.py" line="314" name="test_neighbours_each_neighbour_has_entry[&lt;lambda&gt;32]" time="0.0005097389221191406"><skipped message="Suite splitting in effect" type="pytest.skip">src/pymortests/grid.py:314: Suite splitting in effect</skipped></testcase><testcase classname="src.pymortests.grid" file="src/pymortests/grid.py" line="314" name="test_neighbours_each_neighbour_has_entry[&lt;lambda&gt;33]" time="0.00042724609375"><skipped message="Suite splitting in effect" type="pytest.skip">src/pymortests/grid.py:314: Suite splitting in effect</skipped></testcase><testcase classname="src.pymortests.grid" file="src/pymortests/grid.py" line="314" name="test_neighbours_each_neighbour_has_entry[&lt;lambda&gt;34]" time="0.0004954338073730469"><skipped message="Suite splitting in effect" type="pytest.skip">src/pymortests/grid.py:314: Suite splitting in effect</skipped></testcase><testcase classname="src.pymortests.grid" file="src/pymortests/grid.py" line="314" name="test_neighbours_each_neighbour_has_entry[&lt;lambda&gt;35]" time="0.0004456043243408203"><skipped message="Suite splitting in effect" type="pytest.skip">src/pymortests/grid.py:314: Suite splitting in effect</skipped></testcase><testcase classname="src.pymortests.grid" file="src/pymortests/grid.py" line="314" name="test_neighbours_each_neighbour_has_entry[&lt;lambda&gt;36]" time="0.0005211830139160156"><skipped message="Suite splitting in effect" type="pytest.skip">src/pymortests/grid.py:314: Suite splitting in effect</skipped></testcase><testcase classname="src.pymortests.grid" file="src/pymortests/grid.py" line="314" name="test_neighbours_each_neighbour_has_entry[&lt;lambda&gt;37]" time="0.0008664131164550781"><skipped message="Suite splitting in effect" type="pytest.skip">src/pymortests/grid.py:314: Suite splitting in effect</skipped></testcase><testcase classname="src.pymortests.grid" file="src/pymortests/grid.py" line="314" name="test_neighbours_each_neighbour_has_entry[&lt;lambda&gt;38]" time="0.0004928112030029297"><skipped message="Suite splitting in effect" type="pytest.skip">src/pymortests/grid.py:314: Suite splitting in effect</skipped></testcase><testcase classname="src.pymortests.grid" file="src/pymortests/grid.py" line="314" name="test_neighbours_each_neighbour_has_entry[&lt;lambda&gt;39]" time="0.00045943260192871094"><skipped message="Suite splitting in effect" type="pytest.skip">src/pymortests/grid.py:314: Suite splitting in effect</skipped></testcase><testcase classname="src.pymortests.grid" file="src/pymortests/grid.py" line="314" name="test_neighbours_each_neighbour_has_entry[&lt;lambda&gt;40]" time="0.0004246234893798828"><skipped message="Suite splitting in effect" type="pytest.skip">src/pymortests/grid.py:314: Suite splitting in effect</skipped></testcase><testcase classname="src.pymortests.grid" file="src/pymortests/grid.py" line="314" name="test_neighbours_each_neighbour_has_entry[&lt;lambda&gt;41]" time="0.0004253387451171875"><skipped message="Suite splitting in effect" type="pytest.skip">src/pymortests/grid.py:314: Suite splitting in effect</skipped></testcase><testcase classname="src.pymortests.grid" file="src/pymortests/grid.py" line="314" name="test_neighbours_each_neighbour_has_entry[&lt;lambda&gt;42]" time="0.0004909038543701172"><skipped message="Suite splitting in effect" type="pytest.skip">src/pymortests/grid.py:314: Suite splitting in effect</skipped></testcase><testcase classname="src.pymortests.grid" file="src/pymortests/grid.py" line="335" name="test_neighbours_not_neighbour_of_itself[&lt;lambda&gt;0]" time="0.0004413127899169922"><skipped message="Suite splitting in effect" type="pytest.skip">src/pymortests/grid.py:335: Suite splitting in effect</skipped></testcase><testcase classname="src.pymortests.grid" file="src/pymortests/grid.py" line="335" name="test_neighbours_not_neighbour_of_itself[&lt;lambda&gt;1]" time="0.00048613548278808594"><skipped message="Suite splitting in effect" type="pytest.skip">src/pymortests/grid.py:335: Suite splitting in effect</skipped></testcase><testcase classname="src.pymortests.grid" file="src/pymortests/grid.py" line="335" name="test_neighbours_not_neighbour_of_itself[&lt;lambda&gt;2]" time="0.0010051727294921875"><skipped message="Suite splitting in effect" type="pytest.skip">src/pymortests/grid.py:335: Suite splitting in effect</skipped></testcase><testcase classname="src.pymortests.grid" file="src/pymortests/grid.py" line="335" name="test_neighbours_not_neighbour_of_itself[&lt;lambda&gt;3]" time="0.0004324913024902344"><skipped message="Suite splitting in effect" type="pytest.skip">src/pymortests/grid.py:335: Suite splitting in effect</skipped></testcase><testcase classname="src.pymortests.grid" file="src/pymortests/grid.py" line="335" name="test_neighbours_not_neighbour_of_itself[&lt;lambda&gt;4]" time="0.0004565715789794922"><skipped message="Suite splitting in effect" type="pytest.skip">src/pymortests/grid.py:335: Suite splitting in effect</skipped></testcase><testcase classname="src.pymortests.grid" file="src/pymortests/grid.py" line="335" name="test_neighbours_not_neighbour_of_itself[&lt;lambda&gt;5]" time="0.0004756450653076172"><skipped message="Suite splitting in effect" type="pytest.skip">src/pymortests/grid.py:335: Suite splitting in effect</skipped></testcase><testcase classname="src.pymortests.grid" file="src/pymortests/grid.py" line="335" name="test_neighbours_not_neighbour_of_itself[&lt;lambda&gt;6]" time="0.0005402565002441406"><skipped message="Suite splitting in effect" type="pytest.skip">src/pymortests/grid.py:335: Suite splitting in effect</skipped></testcase><testcase classname="src.pymortests.grid" file="src/pymortests/grid.py" line="335" name="test_neighbours_not_neighbour_of_itself[&lt;lambda&gt;7]" time="0.0004253387451171875"><skipped message="Suite splitting in effect" type="pytest.skip">src/pymortests/grid.py:335: Suite splitting in effect</skipped></testcase><testcase classname="src.pymortests.grid" file="src/pymortests/grid.py" line="335" name="test_neighbours_not_neighbour_of_itself[&lt;lambda&gt;8]" time="0.0004525184631347656"><skipped message="Suite splitting in effect" type="pytest.skip">src/pymortests/grid.py:335: Suite splitting in effect</skipped></testcase><testcase classname="src.pymortests.grid" file="src/pymortests/grid.py" line="335" name="test_neighbours_not_neighbour_of_itself[&lt;lambda&gt;9]" time="0.00041937828063964844"><skipped message="Suite splitting in effect" type="pytest.skip">src/pymortests/grid.py:335: Suite splitting in effect</skipped></testcase><testcase classname="src.pymortests.grid" file="src/pymortests/grid.py" line="335" name="test_neighbours_not_neighbour_of_itself[&lt;lambda&gt;10]" time="0.0007755756378173828"><skipped message="Suite splitting in effect" type="pytest.skip">src/pymortests/grid.py:335: Suite splitting in effect</skipped></testcase><testcase classname="src.pymortests.grid" file="src/pymortests/grid.py" line="335" name="test_neighbours_not_neighbour_of_itself[&lt;lambda&gt;11]" time="0.0004999637603759766"><skipped message="Suite splitting in effect" type="pytest.skip">src/pymortests/grid.py:335: Suite splitting in effect</skipped></testcase><testcase classname="src.pymortests.grid" file="src/pymortests/grid.py" line="335" name="test_neighbours_not_neighbour_of_itself[&lt;lambda&gt;12]" time="0.0004475116729736328"><skipped message="Suite splitting in effect" type="pytest.skip">src/pymortests/grid.py:335: Suite splitting in effect</skipped></testcase><testcase classname="src.pymortests.grid" file="src/pymortests/grid.py" line="335" name="test_neighbours_not_neighbour_of_itself[&lt;lambda&gt;13]" time="0.0004794597625732422"><skipped message="Suite splitting in effect" type="pytest.skip">src/pymortests/grid.py:335: Suite splitting in effect</skipped></testcase><testcase classname="src.pymortests.grid" file="src/pymortests/grid.py" line="335" name="test_neighbours_not_neighbour_of_itself[&lt;lambda&gt;14]" time="0.0005192756652832031"><skipped message="Suite splitting in effect" type="pytest.skip">src/pymortests/grid.py:335: Suite splitting in effect</skipped></testcase><testcase classname="src.pymortests.grid" file="src/pymortests/grid.py" line="335" name="test_neighbours_not_neighbour_of_itself[&lt;lambda&gt;15]" time="0.000431060791015625"><skipped message="Suite splitting in effect" type="pytest.skip">src/pymortests/grid.py:335: Suite splitting in effect</skipped></testcase><testcase classname="src.pymortests.grid" file="src/pymortests/grid.py" line="335" name="test_neighbours_not_neighbour_of_itself[&lt;lambda&gt;16]" time="0.0005056858062744141"><skipped message="Suite splitting in effect" type="pytest.skip">src/pymortests/grid.py:335: Suite splitting in effect</skipped></testcase><testcase classname="src.pymortests.grid" file="src/pymortests/grid.py" line="335" name="test_neighbours_not_neighbour_of_itself[&lt;lambda&gt;17]" time="0.00044727325439453125"><skipped message="Suite splitting in effect" type="pytest.skip">src/pymortests/grid.py:335: Suite splitting in effect</skipped></testcase><testcase classname="src.pymortests.grid" file="src/pymortests/grid.py" line="335" name="test_neighbours_not_neighbour_of_itself[&lt;lambda&gt;18]" time="0.0007724761962890625"><skipped message="Suite splitting in effect" type="pytest.skip">src/pymortests/grid.py:335: Suite splitting in effect</skipped></testcase><testcase classname="src.pymortests.grid" file="src/pymortests/grid.py" line="335" name="test_neighbours_not_neighbour_of_itself[&lt;lambda&gt;19]" time="0.0004825592041015625"><skipped message="Suite splitting in effect" type="pytest.skip">src/pymortests/grid.py:335: Suite splitting in effect</skipped></testcase><testcase classname="src.pymortests.grid" file="src/pymortests/grid.py" line="335" name="test_neighbours_not_neighbour_of_itself[&lt;lambda&gt;20]" time="0.000492095947265625"><skipped message="Suite splitting in effect" type="pytest.skip">src/pymortests/grid.py:335: Suite splitting in effect</skipped></testcase><testcase classname="src.pymortests.grid" file="src/pymortests/grid.py" line="335" name="test_neighbours_not_neighbour_of_itself[&lt;lambda&gt;21]" time="0.00048041343688964844"><skipped message="Suite splitting in effect" type="pytest.skip">src/pymortests/grid.py:335: Suite splitting in effect</skipped></testcase><testcase classname="src.pymortests.grid" file="src/pymortests/grid.py" line="335" name="test_neighbours_not_neighbour_of_itself[&lt;lambda&gt;22]" time="0.00043582916259765625"><skipped message="Suite splitting in effect" type="pytest.skip">src/pymortests/grid.py:335: Suite splitting in effect</skipped></testcase><testcase classname="src.pymortests.grid" file="src/pymortests/grid.py" line="335" name="test_neighbours_not_neighbour_of_itself[&lt;lambda&gt;23]" time="0.0004832744598388672"><skipped message="Suite splitting in effect" type="pytest.skip">src/pymortests/grid.py:335: Suite splitting in effect</skipped></testcase><testcase classname="src.pymortests.grid" file="src/pymortests/grid.py" line="335" name="test_neighbours_not_neighbour_of_itself[&lt;lambda&gt;24]" time="0.0005006790161132812"><skipped message="Suite splitting in effect" type="pytest.skip">src/pymortests/grid.py:335: Suite splitting in effect</skipped></testcase><testcase classname="src.pymortests.grid" file="src/pymortests/grid.py" line="335" name="test_neighbours_not_neighbour_of_itself[&lt;lambda&gt;25]" time="0.0005309581756591797"><skipped message="Suite splitting in effect" type="pytest.skip">src/pymortests/grid.py:335: Suite splitting in effect</skipped></testcase><testcase classname="src.pymortests.grid" file="src/pymortests/grid.py" line="335" name="test_neighbours_not_neighbour_of_itself[&lt;lambda&gt;26]" time="0.0009429454803466797"><skipped message="Suite splitting in effect" type="pytest.skip">src/pymortests/grid.py:335: Suite splitting in effect</skipped></testcase><testcase classname="src.pymortests.grid" file="src/pymortests/grid.py" line="335" name="test_neighbours_not_neighbour_of_itself[&lt;lambda&gt;27]" time="0.0004448890686035156"><skipped message="Suite splitting in effect" type="pytest.skip">src/pymortests/grid.py:335: Suite splitting in effect</skipped></testcase><testcase classname="src.pymortests.grid" file="src/pymortests/grid.py" line="335" name="test_neighbours_not_neighbour_of_itself[&lt;lambda&gt;28]" time="0.0004887580871582031"><skipped message="Suite splitting in effect" type="pytest.skip">src/pymortests/grid.py:335: Suite splitting in effect</skipped></testcase><testcase classname="src.pymortests.grid" file="src/pymortests/grid.py" line="335" name="test_neighbours_not_neighbour_of_itself[&lt;lambda&gt;29]" time="0.0004901885986328125"><skipped message="Suite splitting in effect" type="pytest.skip">src/pymortests/grid.py:335: Suite splitting in effect</skipped></testcase><testcase classname="src.pymortests.grid" file="src/pymortests/grid.py" line="335" name="test_neighbours_not_neighbour_of_itself[&lt;lambda&gt;30]" time="0.00042939186096191406"><skipped message="Suite splitting in effect" type="pytest.skip">src/pymortests/grid.py:335: Suite splitting in effect</skipped></testcase><testcase classname="src.pymortests.grid" file="src/pymortests/grid.py" line="335" name="test_neighbours_not_neighbour_of_itself[&lt;lambda&gt;31]" time="0.0004994869232177734"><skipped message="Suite splitting in effect" type="pytest.skip">src/pymortests/grid.py:335: Suite splitting in effect</skipped></testcase><testcase classname="src.pymortests.grid" file="src/pymortests/grid.py" line="335" name="test_neighbours_not_neighbour_of_itself[&lt;lambda&gt;32]" time="0.00043392181396484375"><skipped message="Suite splitting in effect" type="pytest.skip">src/pymortests/grid.py:335: Suite splitting in effect</skipped></testcase><testcase classname="src.pymortests.grid" file="src/pymortests/grid.py" line="335" name="test_neighbours_not_neighbour_of_itself[&lt;lambda&gt;33]" time="0.0004496574401855469"><skipped message="Suite splitting in effect" type="pytest.skip">src/pymortests/grid.py:335: Suite splitting in effect</skipped></testcase><testcase classname="src.pymortests.grid" file="src/pymortests/grid.py" line="335" name="test_neighbours_not_neighbour_of_itself[&lt;lambda&gt;34]" time="0.0008630752563476562"><skipped message="Suite splitting in effect" type="pytest.skip">src/pymortests/grid.py:335: Suite splitting in effect</skipped></testcase><testcase classname="src.pymortests.grid" file="src/pymortests/grid.py" line="335" name="test_neighbours_not_neighbour_of_itself[&lt;lambda&gt;35]" time="0.00054168701171875"><skipped message="Suite splitting in effect" type="pytest.skip">src/pymortests/grid.py:335: Suite splitting in effect</skipped></testcase><testcase classname="src.pymortests.grid" file="src/pymortests/grid.py" line="335" name="test_neighbours_not_neighbour_of_itself[&lt;lambda&gt;36]" time="0.00045800209045410156"><skipped message="Suite splitting in effect" type="pytest.skip">src/pymortests/grid.py:335: Suite splitting in effect</skipped></testcase><testcase classname="src.pymortests.grid" file="src/pymortests/grid.py" line="335" name="test_neighbours_not_neighbour_of_itself[&lt;lambda&gt;37]" time="0.0004353523254394531"><skipped message="Suite splitting in effect" type="pytest.skip">src/pymortests/grid.py:335: Suite splitting in effect</skipped></testcase><testcase classname="src.pymortests.grid" file="src/pymortests/grid.py" line="335" name="test_neighbours_not_neighbour_of_itself[&lt;lambda&gt;38]" time="0.00042128562927246094"><skipped message="Suite splitting in effect" type="pytest.skip">src/pymortests/grid.py:335: Suite splitting in effect</skipped></testcase><testcase classname="src.pymortests.grid" file="src/pymortests/grid.py" line="335" name="test_neighbours_not_neighbour_of_itself[&lt;lambda&gt;39]" time="0.0005128383636474609"><skipped message="Suite splitting in effect" type="pytest.skip">src/pymortests/grid.py:335: Suite splitting in effect</skipped></testcase><testcase classname="src.pymortests.grid" file="src/pymortests/grid.py" line="335" name="test_neighbours_not_neighbour_of_itself[&lt;lambda&gt;40]" time="0.0005142688751220703"><skipped message="Suite splitting in effect" type="pytest.skip">src/pymortests/grid.py:335: Suite splitting in effect</skipped></testcase><testcase classname="src.pymortests.grid" file="src/pymortests/grid.py" line="335" name="test_neighbours_not_neighbour_of_itself[&lt;lambda&gt;41]" time="0.00046563148498535156"><skipped message="Suite splitting in effect" type="pytest.skip">src/pymortests/grid.py:335: Suite splitting in effect</skipped></testcase><testcase classname="src.pymortests.grid" file="src/pymortests/grid.py" line="335" name="test_neighbours_not_neighbour_of_itself[&lt;lambda&gt;42]" time="0.0008094310760498047"><skipped message="Suite splitting in effect" type="pytest.skip">src/pymortests/grid.py:335: Suite splitting in effect</skipped></testcase><testcase classname="src.pymortests.grid" file="src/pymortests/grid.py" line="345" name="test_boundary_mask_wrong_arguments[&lt;lambda&gt;0]" time="0.00043392181396484375"><skipped message="Suite splitting in effect" type="pytest.skip">src/pymortests/grid.py:345: Suite splitting in effect</skipped></testcase><testcase classname="src.pymortests.grid" file="src/pymortests/grid.py" line="345" name="test_boundary_mask_wrong_arguments[&lt;lambda&gt;1]" time="0.0004260540008544922"><skipped message="Suite splitting in effect" type="pytest.skip">src/pymortests/grid.py:345: Suite splitting in effect</skipped></testcase><testcase classname="src.pymortests.grid" file="src/pymortests/grid.py" line="345" name="test_boundary_mask_wrong_arguments[&lt;lambda&gt;2]" time="0.000545501708984375"><skipped message="Suite splitting in effect" type="pytest.skip">src/pymortests/grid.py:345: Suite splitting in effect</skipped></testcase><testcase classname="src.pymortests.grid" file="src/pymortests/grid.py" line="345" name="test_boundary_mask_wrong_arguments[&lt;lambda&gt;3]" time="0.0005235671997070312"><skipped message="Suite splitting in effect" type="pytest.skip">src/pymortests/grid.py:345: Suite splitting in effect</skipped></testcase><testcase classname="src.pymortests.grid" file="src/pymortests/grid.py" line="345" name="test_boundary_mask_wrong_arguments[&lt;lambda&gt;4]" time="0.00046896934509277344"><skipped message="Suite splitting in effect" type="pytest.skip">src/pymortests/grid.py:345: Suite splitting in effect</skipped></testcase><testcase classname="src.pymortests.grid" file="src/pymortests/grid.py" line="345" name="test_boundary_mask_wrong_arguments[&lt;lambda&gt;5]" time="0.0004863739013671875"><skipped message="Suite splitting in effect" type="pytest.skip">src/pymortests/grid.py:345: Suite splitting in effect</skipped></testcase><testcase classname="src.pymortests.grid" file="src/pymortests/grid.py" line="345" name="test_boundary_mask_wrong_arguments[&lt;lambda&gt;6]" time="0.00043320655822753906"><skipped message="Suite splitting in effect" type="pytest.skip">src/pymortests/grid.py:345: Suite splitting in effect</skipped></testcase><testcase classname="src.pymortests.grid" file="src/pymortests/grid.py" line="345" name="test_boundary_mask_wrong_arguments[&lt;lambda&gt;7]" time="0.0007846355438232422"><skipped message="Suite splitting in effect" type="pytest.skip">src/pymortests/grid.py:345: Suite splitting in effect</skipped></testcase><testcase classname="src.pymortests.grid" file="src/pymortests/grid.py" line="345" name="test_boundary_mask_wrong_arguments[&lt;lambda&gt;8]" time="0.000476837158203125"><skipped message="Suite splitting in effect" type="pytest.skip">src/pymortests/grid.py:345: Suite splitting in effect</skipped></testcase><testcase classname="src.pymortests.grid" file="src/pymortests/grid.py" line="345" name="test_boundary_mask_wrong_arguments[&lt;lambda&gt;9]" time="0.0005471706390380859"><skipped message="Suite splitting in effect" type="pytest.skip">src/pymortests/grid.py:345: Suite splitting in effect</skipped></testcase><testcase classname="src.pymortests.grid" file="src/pymortests/grid.py" line="345" name="test_boundary_mask_wrong_arguments[&lt;lambda&gt;10]" time="0.0004622936248779297"><skipped message="Suite splitting in effect" type="pytest.skip">src/pymortests/grid.py:345: Suite splitting in effect</skipped></testcase><testcase classname="src.pymortests.grid" file="src/pymortests/grid.py" line="345" name="test_boundary_mask_wrong_arguments[&lt;lambda&gt;11]" time="0.00048279762268066406"><skipped message="Suite splitting in effect" type="pytest.skip">src/pymortests/grid.py:345: Suite splitting in effect</skipped></testcase><testcase classname="src.pymortests.grid" file="src/pymortests/grid.py" line="345" name="test_boundary_mask_wrong_arguments[&lt;lambda&gt;12]" time="0.0004229545593261719"><skipped message="Suite splitting in effect" type="pytest.skip">src/pymortests/grid.py:345: Suite splitting in effect</skipped></testcase><testcase classname="src.pymortests.grid" file="src/pymortests/grid.py" line="345" name="test_boundary_mask_wrong_arguments[&lt;lambda&gt;13]" time="0.0005044937133789062"><skipped message="Suite splitting in effect" type="pytest.skip">src/pymortests/grid.py:345: Suite splitting in effect</skipped></testcase><testcase classname="src.pymortests.grid" file="src/pymortests/grid.py" line="345" name="test_boundary_mask_wrong_arguments[&lt;lambda&gt;14]" time="0.0004889965057373047"><skipped message="Suite splitting in effect" type="pytest.skip">src/pymortests/grid.py:345: Suite splitting in effect</skipped></testcase><testcase classname="src.pymortests.grid" file="src/pymortests/grid.py" line="345" name="test_boundary_mask_wrong_arguments[&lt;lambda&gt;15]" time="0.0007998943328857422"><skipped message="Suite splitting in effect" type="pytest.skip">src/pymortests/grid.py:345: Suite splitting in effect</skipped></testcase><testcase classname="src.pymortests.grid" file="src/pymortests/grid.py" line="345" name="test_boundary_mask_wrong_arguments[&lt;lambda&gt;16]" time="0.0005104541778564453"><skipped message="Suite splitting in effect" type="pytest.skip">src/pymortests/grid.py:345: Suite splitting in effect</skipped></testcase><testcase classname="src.pymortests.grid" file="src/pymortests/grid.py" line="345" name="test_boundary_mask_wrong_arguments[&lt;lambda&gt;17]" time="0.0004942417144775391"><skipped message="Suite splitting in effect" type="pytest.skip">src/pymortests/grid.py:345: Suite splitting in effect</skipped></testcase><testcase classname="src.pymortests.grid" file="src/pymortests/grid.py" line="345" name="test_boundary_mask_wrong_arguments[&lt;lambda&gt;18]" time="0.00043773651123046875"><skipped message="Suite splitting in effect" type="pytest.skip">src/pymortests/grid.py:345: Suite splitting in effect</skipped></testcase><testcase classname="src.pymortests.grid" file="src/pymortests/grid.py" line="345" name="test_boundary_mask_wrong_arguments[&lt;lambda&gt;19]" time="0.0004889965057373047"><skipped message="Suite splitting in effect" type="pytest.skip">src/pymortests/grid.py:345: Suite splitting in effect</skipped></testcase><testcase classname="src.pymortests.grid" file="src/pymortests/grid.py" line="345" name="test_boundary_mask_wrong_arguments[&lt;lambda&gt;20]" time="0.00043964385986328125"><skipped message="Suite splitting in effect" type="pytest.skip">src/pymortests/grid.py:345: Suite splitting in effect</skipped></testcase><testcase classname="src.pymortests.grid" file="src/pymortests/grid.py" line="345" name="test_boundary_mask_wrong_arguments[&lt;lambda&gt;21]" time="0.0005197525024414062"><skipped message="Suite splitting in effect" type="pytest.skip">src/pymortests/grid.py:345: Suite splitting in effect</skipped></testcase><testcase classname="src.pymortests.grid" file="src/pymortests/grid.py" line="345" name="test_boundary_mask_wrong_arguments[&lt;lambda&gt;22]" time="0.0004963874816894531"><skipped message="Suite splitting in effect" type="pytest.skip">src/pymortests/grid.py:345: Suite splitting in effect</skipped></testcase><testcase classname="src.pymortests.grid" file="src/pymortests/grid.py" line="345" name="test_boundary_mask_wrong_arguments[&lt;lambda&gt;23]" time="0.0008130073547363281"><skipped message="Suite splitting in effect" type="pytest.skip">src/pymortests/grid.py:345: Suite splitting in effect</skipped></testcase><testcase classname="src.pymortests.grid" file="src/pymortests/grid.py" line="345" name="test_boundary_mask_wrong_arguments[&lt;lambda&gt;24]" time="0.0004794597625732422"><skipped message="Suite splitting in effect" type="pytest.skip">src/pymortests/grid.py:345: Suite splitting in effect</skipped></testcase><testcase classname="src.pymortests.grid" file="src/pymortests/grid.py" line="345" name="test_boundary_mask_wrong_arguments[&lt;lambda&gt;25]" time="0.00047898292541503906"><skipped message="Suite splitting in effect" type="pytest.skip">src/pymortests/grid.py:345: Suite splitting in effect</skipped></testcase><testcase classname="src.pymortests.grid" file="src/pymortests/grid.py" line="345" name="test_boundary_mask_wrong_arguments[&lt;lambda&gt;26]" time="0.00042748451232910156"><skipped message="Suite splitting in effect" type="pytest.skip">src/pymortests/grid.py:345: Suite splitting in effect</skipped></testcase><testcase classname="src.pymortests.grid" file="src/pymortests/grid.py" line="345" name="test_boundary_mask_wrong_arguments[&lt;lambda&gt;27]" time="0.0004892349243164062"><skipped message="Suite splitting in effect" type="pytest.skip">src/pymortests/grid.py:345: Suite splitting in effect</skipped></testcase><testcase classname="src.pymortests.grid" file="src/pymortests/grid.py" line="345" name="test_boundary_mask_wrong_arguments[&lt;lambda&gt;28]" time="0.0004990100860595703"><skipped message="Suite splitting in effect" type="pytest.skip">src/pymortests/grid.py:345: Suite splitting in effect</skipped></testcase><testcase classname="src.pymortests.grid" file="src/pymortests/grid.py" line="345" name="test_boundary_mask_wrong_arguments[&lt;lambda&gt;29]" time="0.0005130767822265625"><skipped message="Suite splitting in effect" type="pytest.skip">src/pymortests/grid.py:345: Suite splitting in effect</skipped></testcase><testcase classname="src.pymortests.grid" file="src/pymortests/grid.py" line="345" name="test_boundary_mask_wrong_arguments[&lt;lambda&gt;30]" time="0.0004885196685791016"><skipped message="Suite splitting in effect" type="pytest.skip">src/pymortests/grid.py:345: Suite splitting in effect</skipped></testcase><testcase classname="src.pymortests.grid" file="src/pymortests/grid.py" line="345" name="test_boundary_mask_wrong_arguments[&lt;lambda&gt;31]" time="0.0008106231689453125"><skipped message="Suite splitting in effect" type="pytest.skip">src/pymortests/grid.py:345: Suite splitting in effect</skipped></testcase><testcase classname="src.pymortests.grid" file="src/pymortests/grid.py" line="345" name="test_boundary_mask_wrong_arguments[&lt;lambda&gt;32]" time="0.00044083595275878906"><skipped message="Suite splitting in effect" type="pytest.skip">src/pymortests/grid.py:345: Suite splitting in effect</skipped></testcase><testcase classname="src.pymortests.grid" file="src/pymortests/grid.py" line="345" name="test_boundary_mask_wrong_arguments[&lt;lambda&gt;33]" time="0.0005249977111816406"><skipped message="Suite splitting in effect" type="pytest.skip">src/pymortests/grid.py:345: Suite splitting in effect</skipped></testcase><testcase classname="src.pymortests.grid" file="src/pymortests/grid.py" line="345" name="test_boundary_mask_wrong_arguments[&lt;lambda&gt;34]" time="0.0005362033843994141"><skipped message="Suite splitting in effect" type="pytest.skip">src/pymortests/grid.py:345: Suite splitting in effect</skipped></testcase><testcase classname="src.pymortests.grid" file="src/pymortests/grid.py" line="345" name="test_boundary_mask_wrong_arguments[&lt;lambda&gt;35]" time="0.0004780292510986328"><skipped message="Suite splitting in effect" type="pytest.skip">src/pymortests/grid.py:345: Suite splitting in effect</skipped></testcase><testcase classname="src.pymortests.grid" file="src/pymortests/grid.py" line="345" name="test_boundary_mask_wrong_arguments[&lt;lambda&gt;36]" time="0.0004916191101074219"><skipped message="Suite splitting in effect" type="pytest.skip">src/pymortests/grid.py:345: Suite splitting in effect</skipped></testcase><testcase classname="src.pymortests.grid" file="src/pymortests/grid.py" line="345" name="test_boundary_mask_wrong_arguments[&lt;lambda&gt;37]" time="0.0004379749298095703"><skipped message="Suite splitting in effect" type="pytest.skip">src/pymortests/grid.py:345: Suite splitting in effect</skipped></testcase><testcase classname="src.pymortests.grid" file="src/pymortests/grid.py" line="345" name="test_boundary_mask_wrong_arguments[&lt;lambda&gt;38]" time="0.000499725341796875"><skipped message="Suite splitting in effect" type="pytest.skip">src/pymortests/grid.py:345: Suite splitting in effect</skipped></testcase><testcase classname="src.pymortests.grid" file="src/pymortests/grid.py" line="345" name="test_boundary_mask_wrong_arguments[&lt;lambda&gt;39]" time="0.0009734630584716797"><skipped message="Suite splitting in effect" type="pytest.skip">src/pymortests/grid.py:345: Suite splitting in effect</skipped></testcase><testcase classname="src.pymortests.grid" file="src/pymortests/grid.py" line="345" name="test_boundary_mask_wrong_arguments[&lt;lambda&gt;40]" time="0.0005128383636474609"><skipped message="Suite splitting in effect" type="pytest.skip">src/pymortests/grid.py:345: Suite splitting in effect</skipped></testcase><testcase classname="src.pymortests.grid" file="src/pymortests/grid.py" line="345" name="test_boundary_mask_wrong_arguments[&lt;lambda&gt;41]" time="0.0005173683166503906"><skipped message="Suite splitting in effect" type="pytest.skip">src/pymortests/grid.py:345: Suite splitting in effect</skipped></testcase><testcase classname="src.pymortests.grid" file="src/pymortests/grid.py" line="345" name="test_boundary_mask_wrong_arguments[&lt;lambda&gt;42]" time="0.00048828125"><skipped message="Suite splitting in effect" type="pytest.skip">src/pymortests/grid.py:345: Suite splitting in effect</skipped></testcase><testcase classname="src.pymortests.grid" file="src/pymortests/grid.py" line="353" name="test_boundary_mask_shape[&lt;lambda&gt;0]" time="0.0005133152008056641"><skipped message="Suite splitting in effect" type="pytest.skip">src/pymortests/grid.py:353: Suite splitting in effect</skipped></testcase><testcase classname="src.pymortests.grid" file="src/pymortests/grid.py" line="353" name="test_boundary_mask_shape[&lt;lambda&gt;1]" time="0.0005931854248046875"><skipped message="Suite splitting in effect" type="pytest.skip">src/pymortests/grid.py:353: Suite splitting in effect</skipped></testcase><testcase classname="src.pymortests.grid" file="src/pymortests/grid.py" line="353" name="test_boundary_mask_shape[&lt;lambda&gt;2]" time="0.000438690185546875"><skipped message="Suite splitting in effect" type="pytest.skip">src/pymortests/grid.py:353: Suite splitting in effect</skipped></testcase><testcase classname="src.pymortests.grid" file="src/pymortests/grid.py" line="353" name="test_boundary_mask_shape[&lt;lambda&gt;3]" time="0.0005166530609130859"><skipped message="Suite splitting in effect" type="pytest.skip">src/pymortests/grid.py:353: Suite splitting in effect</skipped></testcase><testcase classname="src.pymortests.grid" file="src/pymortests/grid.py" line="353" name="test_boundary_mask_shape[&lt;lambda&gt;4]" time="0.0009386539459228516"><skipped message="Suite splitting in effect" type="pytest.skip">src/pymortests/grid.py:353: Suite splitting in effect</skipped></testcase><testcase classname="src.pymortests.grid" file="src/pymortests/grid.py" line="353" name="test_boundary_mask_shape[&lt;lambda&gt;5]" time="0.0005238056182861328"><skipped message="Suite splitting in effect" type="pytest.skip">src/pymortests/grid.py:353: Suite splitting in effect</skipped></testcase><testcase classname="src.pymortests.grid" file="src/pymortests/grid.py" line="353" name="test_boundary_mask_shape[&lt;lambda&gt;6]" time="0.0004336833953857422"><skipped message="Suite splitting in effect" type="pytest.skip">src/pymortests/grid.py:353: Suite splitting in effect</skipped></testcase><testcase classname="src.pymortests.grid" file="src/pymortests/grid.py" line="353" name="test_boundary_mask_shape[&lt;lambda&gt;7]" time="0.0004761219024658203"><skipped message="Suite splitting in effect" type="pytest.skip">src/pymortests/grid.py:353: Suite splitting in effect</skipped></testcase><testcase classname="src.pymortests.grid" file="src/pymortests/grid.py" line="353" name="test_boundary_mask_shape[&lt;lambda&gt;8]" time="0.0004525184631347656"><skipped message="Suite splitting in effect" type="pytest.skip">src/pymortests/grid.py:353: Suite splitting in effect</skipped></testcase><testcase classname="src.pymortests.grid" file="src/pymortests/grid.py" line="353" name="test_boundary_mask_shape[&lt;lambda&gt;9]" time="0.0005216598510742188"><skipped message="Suite splitting in effect" type="pytest.skip">src/pymortests/grid.py:353: Suite splitting in effect</skipped></testcase><testcase classname="src.pymortests.grid" file="src/pymortests/grid.py" line="353" name="test_boundary_mask_shape[&lt;lambda&gt;10]" time="0.0005285739898681641"><skipped message="Suite splitting in effect" type="pytest.skip">src/pymortests/grid.py:353: Suite splitting in effect</skipped></testcase><testcase classname="src.pymortests.grid" file="src/pymortests/grid.py" line="353" name="test_boundary_mask_shape[&lt;lambda&gt;11]" time="0.00042247772216796875"><skipped message="Suite splitting in effect" type="pytest.skip">src/pymortests/grid.py:353: Suite splitting in effect</skipped></testcase><testcase classname="src.pymortests.grid" file="src/pymortests/grid.py" line="353" name="test_boundary_mask_shape[&lt;lambda&gt;12]" time="0.0007555484771728516"><skipped message="Suite splitting in effect" type="pytest.skip">src/pymortests/grid.py:353: Suite splitting in effect</skipped></testcase><testcase classname="src.pymortests.grid" file="src/pymortests/grid.py" line="353" name="test_boundary_mask_shape[&lt;lambda&gt;13]" time="0.0005753040313720703"><skipped message="Suite splitting in effect" type="pytest.skip">src/pymortests/grid.py:353: Suite splitting in effect</skipped></testcase><testcase classname="src.pymortests.grid" file="src/pymortests/grid.py" line="353" name="test_boundary_mask_shape[&lt;lambda&gt;14]" time="0.0005054473876953125"><skipped message="Suite splitting in effect" type="pytest.skip">src/pymortests/grid.py:353: Suite splitting in effect</skipped></testcase><testcase classname="src.pymortests.grid" file="src/pymortests/grid.py" line="353" name="test_boundary_mask_shape[&lt;lambda&gt;15]" time="0.0005238056182861328"><skipped message="Suite splitting in effect" type="pytest.skip">src/pymortests/grid.py:353: Suite splitting in effect</skipped></testcase><testcase classname="src.pymortests.grid" file="src/pymortests/grid.py" line="353" name="test_boundary_mask_shape[&lt;lambda&gt;16]" time="0.00046181678771972656"><skipped message="Suite splitting in effect" type="pytest.skip">src/pymortests/grid.py:353: Suite splitting in effect</skipped></testcase><testcase classname="src.pymortests.grid" file="src/pymortests/grid.py" line="353" name="test_boundary_mask_shape[&lt;lambda&gt;17]" time="0.0005278587341308594"><skipped message="Suite splitting in effect" type="pytest.skip">src/pymortests/grid.py:353: Suite splitting in effect</skipped></testcase><testcase classname="src.pymortests.grid" file="src/pymortests/grid.py" line="353" name="test_boundary_mask_shape[&lt;lambda&gt;18]" time="0.0005574226379394531"><skipped message="Suite splitting in effect" type="pytest.skip">src/pymortests/grid.py:353: Suite splitting in effect</skipped></testcase><testcase classname="src.pymortests.grid" file="src/pymortests/grid.py" line="353" name="test_boundary_mask_shape[&lt;lambda&gt;19]" time="0.0005457401275634766"><skipped message="Suite splitting in effect" type="pytest.skip">src/pymortests/grid.py:353: Suite splitting in effect</skipped></testcase><testcase classname="src.pymortests.grid" file="src/pymortests/grid.py" line="353" name="test_boundary_mask_shape[&lt;lambda&gt;20]" time="0.0008318424224853516"><skipped message="Suite splitting in effect" type="pytest.skip">src/pymortests/grid.py:353: Suite splitting in effect</skipped></testcase><testcase classname="src.pymortests.grid" file="src/pymortests/grid.py" line="353" name="test_boundary_mask_shape[&lt;lambda&gt;21]" time="0.0005238056182861328"><skipped message="Suite splitting in effect" type="pytest.skip">src/pymortests/grid.py:353: Suite splitting in effect</skipped></testcase><testcase classname="src.pymortests.grid" file="src/pymortests/grid.py" line="353" name="test_boundary_mask_shape[&lt;lambda&gt;22]" time="0.0005095005035400391"><skipped message="Suite splitting in effect" type="pytest.skip">src/pymortests/grid.py:353: Suite splitting in effect</skipped></testcase><testcase classname="src.pymortests.grid" file="src/pymortests/grid.py" line="353" name="test_boundary_mask_shape[&lt;lambda&gt;23]" time="0.0004680156707763672"><skipped message="Suite splitting in effect" type="pytest.skip">src/pymortests/grid.py:353: Suite splitting in effect</skipped></testcase><testcase classname="src.pymortests.grid" file="src/pymortests/grid.py" line="353" name="test_boundary_mask_shape[&lt;lambda&gt;24]" time="0.0005133152008056641"><skipped message="Suite splitting in effect" type="pytest.skip">src/pymortests/grid.py:353: Suite splitting in effect</skipped></testcase><testcase classname="src.pymortests.grid" file="src/pymortests/grid.py" line="353" name="test_boundary_mask_shape[&lt;lambda&gt;25]" time="0.0005066394805908203"><skipped message="Suite splitting in effect" type="pytest.skip">src/pymortests/grid.py:353: Suite splitting in effect</skipped></testcase><testcase classname="src.pymortests.grid" file="src/pymortests/grid.py" line="353" name="test_boundary_mask_shape[&lt;lambda&gt;26]" time="0.000492095947265625"><skipped message="Suite splitting in effect" type="pytest.skip">src/pymortests/grid.py:353: Suite splitting in effect</skipped></testcase><testcase classname="src.pymortests.grid" file="src/pymortests/grid.py" line="353" name="test_boundary_mask_shape[&lt;lambda&gt;27]" time="0.0005173683166503906"><skipped message="Suite splitting in effect" type="pytest.skip">src/pymortests/grid.py:353: Suite splitting in effect</skipped></testcase><testcase classname="src.pymortests.grid" file="src/pymortests/grid.py" line="353" name="test_boundary_mask_shape[&lt;lambda&gt;28]" time="0.0009222030639648438"><skipped message="Suite splitting in effect" type="pytest.skip">src/pymortests/grid.py:353: Suite splitting in effect</skipped></testcase><testcase classname="src.pymortests.grid" file="src/pymortests/grid.py" line="353" name="test_boundary_mask_shape[&lt;lambda&gt;29]" time="0.0005166530609130859"><skipped message="Suite splitting in effect" type="pytest.skip">src/pymortests/grid.py:353: Suite splitting in effect</skipped></testcase><testcase classname="src.pymortests.grid" file="src/pymortests/grid.py" line="353" name="test_boundary_mask_shape[&lt;lambda&gt;30]" time="0.00047397613525390625"><skipped message="Suite splitting in effect" type="pytest.skip">src/pymortests/grid.py:353: Suite splitting in effect</skipped></testcase><testcase classname="src.pymortests.grid" file="src/pymortests/grid.py" line="353" name="test_boundary_mask_shape[&lt;lambda&gt;31]" time="0.0005209445953369141"><skipped message="Suite splitting in effect" type="pytest.skip">src/pymortests/grid.py:353: Suite splitting in effect</skipped></testcase><testcase classname="src.pymortests.grid" file="src/pymortests/grid.py" line="353" name="test_boundary_mask_shape[&lt;lambda&gt;32]" time="0.00045108795166015625"><skipped message="Suite splitting in effect" type="pytest.skip">src/pymortests/grid.py:353: Suite splitting in effect</skipped></testcase><testcase classname="src.pymortests.grid" file="src/pymortests/grid.py" line="353" name="test_boundary_mask_shape[&lt;lambda&gt;33]" time="0.0006256103515625"><skipped message="Suite splitting in effect" type="pytest.skip">src/pymortests/grid.py:353: Suite splitting in effect</skipped></testcase><testcase classname="src.pymortests.grid" file="src/pymortests/grid.py" line="353" name="test_boundary_mask_shape[&lt;lambda&gt;34]" time="0.0005331039428710938"><skipped message="Suite splitting in effect" type="pytest.skip">src/pymortests/grid.py:353: Suite splitting in effect</skipped></testcase><testcase classname="src.pymortests.grid" file="src/pymortests/grid.py" line="353" name="test_boundary_mask_shape[&lt;lambda&gt;35]" time="0.0005843639373779297"><skipped message="Suite splitting in effect" type="pytest.skip">src/pymortests/grid.py:353: Suite splitting in effect</skipped></testcase><testcase classname="src.pymortests.grid" file="src/pymortests/grid.py" line="353" name="test_boundary_mask_shape[&lt;lambda&gt;36]" time="0.0009331703186035156"><skipped message="Suite splitting in effect" type="pytest.skip">src/pymortests/grid.py:353: Suite splitting in effect</skipped></testcase><testcase classname="src.pymortests.grid" file="src/pymortests/grid.py" line="353" name="test_boundary_mask_shape[&lt;lambda&gt;37]" time="0.0005097389221191406"><skipped message="Suite splitting in effect" type="pytest.skip">src/pymortests/grid.py:353: Suite splitting in effect</skipped></testcase><testcase classname="src.pymortests.grid" file="src/pymortests/grid.py" line="353" name="test_boundary_mask_shape[&lt;lambda&gt;38]" time="0.0005261898040771484"><skipped message="Suite splitting in effect" type="pytest.skip">src/pymortests/grid.py:353: Suite splitting in effect</skipped></testcase><testcase classname="src.pymortests.grid" file="src/pymortests/grid.py" line="353" name="test_boundary_mask_shape[&lt;lambda&gt;39]" time="0.0005090236663818359"><skipped message="Suite splitting in effect" type="pytest.skip">src/pymortests/grid.py:353: Suite splitting in effect</skipped></testcase><testcase classname="src.pymortests.grid" file="src/pymortests/grid.py" line="353" name="test_boundary_mask_shape[&lt;lambda&gt;40]" time="0.00043201446533203125"><skipped message="Suite splitting in effect" type="pytest.skip">src/pymortests/grid.py:353: Suite splitting in effect</skipped></testcase><testcase classname="src.pymortests.grid" file="src/pymortests/grid.py" line="353" name="test_boundary_mask_shape[&lt;lambda&gt;41]" time="0.00049591064453125"><skipped message="Suite splitting in effect" type="pytest.skip">src/pymortests/grid.py:353: Suite splitting in effect</skipped></testcase><testcase classname="src.pymortests.grid" file="src/pymortests/grid.py" line="353" name="test_boundary_mask_shape[&lt;lambda&gt;42]" time="0.0004620552062988281"><skipped message="Suite splitting in effect" type="pytest.skip">src/pymortests/grid.py:353: Suite splitting in effect</skipped></testcase><testcase classname="src.pymortests.grid" file="src/pymortests/grid.py" line="359" name="test_boundary_mask_dtype[&lt;lambda&gt;0]" time="0.0004508495330810547"><skipped message="Suite splitting in effect" type="pytest.skip">src/pymortests/grid.py:359: Suite splitting in effect</skipped></testcase><testcase classname="src.pymortests.grid" file="src/pymortests/grid.py" line="359" name="test_boundary_mask_dtype[&lt;lambda&gt;1]" time="0.0008637905120849609"><skipped message="Suite splitting in effect" type="pytest.skip">src/pymortests/grid.py:359: Suite splitting in effect</skipped></testcase><testcase classname="src.pymortests.grid" file="src/pymortests/grid.py" line="359" name="test_boundary_mask_dtype[&lt;lambda&gt;2]" time="0.0005469322204589844"><skipped message="Suite splitting in effect" type="pytest.skip">src/pymortests/grid.py:359: Suite splitting in effect</skipped></testcase><testcase classname="src.pymortests.grid" file="src/pymortests/grid.py" line="359" name="test_boundary_mask_dtype[&lt;lambda&gt;3]" time="0.0004456043243408203"><skipped message="Suite splitting in effect" type="pytest.skip">src/pymortests/grid.py:359: Suite splitting in effect</skipped></testcase><testcase classname="src.pymortests.grid" file="src/pymortests/grid.py" line="359" name="test_boundary_mask_dtype[&lt;lambda&gt;4]" time="0.0005311965942382812"><skipped message="Suite splitting in effect" type="pytest.skip">src/pymortests/grid.py:359: Suite splitting in effect</skipped></testcase><testcase classname="src.pymortests.grid" file="src/pymortests/grid.py" line="359" name="test_boundary_mask_dtype[&lt;lambda&gt;5]" time="0.00048828125"><skipped message="Suite splitting in effect" type="pytest.skip">src/pymortests/grid.py:359: Suite splitting in effect</skipped></testcase><testcase classname="src.pymortests.grid" file="src/pymortests/grid.py" line="359" name="test_boundary_mask_dtype[&lt;lambda&gt;6]" time="0.000492095947265625"><skipped message="Suite splitting in effect" type="pytest.skip">src/pymortests/grid.py:359: Suite splitting in effect</skipped></testcase><testcase classname="src.pymortests.grid" file="src/pymortests/grid.py" line="359" name="test_boundary_mask_dtype[&lt;lambda&gt;7]" time="0.0005235671997070312"><skipped message="Suite splitting in effect" type="pytest.skip">src/pymortests/grid.py:359: Suite splitting in effect</skipped></testcase><testcase classname="src.pymortests.grid" file="src/pymortests/grid.py" line="359" name="test_boundary_mask_dtype[&lt;lambda&gt;8]" time="0.0004439353942871094"><skipped message="Suite splitting in effect" type="pytest.skip">src/pymortests/grid.py:359: Suite splitting in effect</skipped></testcase><testcase classname="src.pymortests.grid" file="src/pymortests/grid.py" line="359" name="test_boundary_mask_dtype[&lt;lambda&gt;9]" time="0.0008273124694824219"><skipped message="Suite splitting in effect" type="pytest.skip">src/pymortests/grid.py:359: Suite splitting in effect</skipped></testcase><testcase classname="src.pymortests.grid" file="src/pymortests/grid.py" line="359" name="test_boundary_mask_dtype[&lt;lambda&gt;10]" time="0.00046896934509277344"><skipped message="Suite splitting in effect" type="pytest.skip">src/pymortests/grid.py:359: Suite splitting in effect</skipped></testcase><testcase classname="src.pymortests.grid" file="src/pymortests/grid.py" line="359" name="test_boundary_mask_dtype[&lt;lambda&gt;11]" time="0.0005574226379394531"><skipped message="Suite splitting in effect" type="pytest.skip">src/pymortests/grid.py:359: Suite splitting in effect</skipped></testcase><testcase classname="src.pymortests.grid" file="src/pymortests/grid.py" line="359" name="test_boundary_mask_dtype[&lt;lambda&gt;12]" time="0.0005481243133544922"><skipped message="Suite splitting in effect" type="pytest.skip">src/pymortests/grid.py:359: Suite splitting in effect</skipped></testcase><testcase classname="src.pymortests.grid" file="src/pymortests/grid.py" line="359" name="test_boundary_mask_dtype[&lt;lambda&gt;13]" time="0.0004394054412841797"><skipped message="Suite splitting in effect" type="pytest.skip">src/pymortests/grid.py:359: Suite splitting in effect</skipped></testcase><testcase classname="src.pymortests.grid" file="src/pymortests/grid.py" line="359" name="test_boundary_mask_dtype[&lt;lambda&gt;14]" time="0.0005300045013427734"><skipped message="Suite splitting in effect" type="pytest.skip">src/pymortests/grid.py:359: Suite splitting in effect</skipped></testcase><testcase classname="src.pymortests.grid" file="src/pymortests/grid.py" line="359" name="test_boundary_mask_dtype[&lt;lambda&gt;15]" time="0.0005049705505371094"><skipped message="Suite splitting in effect" type="pytest.skip">src/pymortests/grid.py:359: Suite splitting in effect</skipped></testcase><testcase classname="src.pymortests.grid" file="src/pymortests/grid.py" line="359" name="test_boundary_mask_dtype[&lt;lambda&gt;16]" time="0.0004734992980957031"><skipped message="Suite splitting in effect" type="pytest.skip">src/pymortests/grid.py:359: Suite splitting in effect</skipped></testcase><testcase classname="src.pymortests.grid" file="src/pymortests/grid.py" line="359" name="test_boundary_mask_dtype[&lt;lambda&gt;17]" time="0.0008502006530761719"><skipped message="Suite splitting in effect" type="pytest.skip">src/pymortests/grid.py:359: Suite splitting in effect</skipped></testcase><testcase classname="src.pymortests.grid" file="src/pymortests/grid.py" line="359" name="test_boundary_mask_dtype[&lt;lambda&gt;18]" time="0.000537872314453125"><skipped message="Suite splitting in effect" type="pytest.skip">src/pymortests/grid.py:359: Suite splitting in effect</skipped></testcase><testcase classname="src.pymortests.grid" file="src/pymortests/grid.py" line="359" name="test_boundary_mask_dtype[&lt;lambda&gt;19]" time="0.0004706382751464844"><skipped message="Suite splitting in effect" type="pytest.skip">src/pymortests/grid.py:359: Suite splitting in effect</skipped></testcase><testcase classname="src.pymortests.grid" file="src/pymortests/grid.py" line="359" name="test_boundary_mask_dtype[&lt;lambda&gt;20]" time="0.0004668235778808594"><skipped message="Suite splitting in effect" type="pytest.skip">src/pymortests/grid.py:359: Suite splitting in effect</skipped></testcase><testcase classname="src.pymortests.grid" file="src/pymortests/grid.py" line="359" name="test_boundary_mask_dtype[&lt;lambda&gt;21]" time="0.0004475116729736328"><skipped message="Suite splitting in effect" type="pytest.skip">src/pymortests/grid.py:359: Suite splitting in effect</skipped></testcase><testcase classname="src.pymortests.grid" file="src/pymortests/grid.py" line="359" name="test_boundary_mask_dtype[&lt;lambda&gt;22]" time="0.00043201446533203125"><skipped message="Suite splitting in effect" type="pytest.skip">src/pymortests/grid.py:359: Suite splitting in effect</skipped></testcase><testcase classname="src.pymortests.grid" file="src/pymortests/grid.py" line="359" name="test_boundary_mask_dtype[&lt;lambda&gt;23]" time="0.0005314350128173828"><skipped message="Suite splitting in effect" type="pytest.skip">src/pymortests/grid.py:359: Suite splitting in effect</skipped></testcase><testcase classname="src.pymortests.grid" file="src/pymortests/grid.py" line="359" name="test_boundary_mask_dtype[&lt;lambda&gt;24]" time="0.0005395412445068359"><skipped message="Suite splitting in effect" type="pytest.skip">src/pymortests/grid.py:359: Suite splitting in effect</skipped></testcase><testcase classname="src.pymortests.grid" file="src/pymortests/grid.py" line="359" name="test_boundary_mask_dtype[&lt;lambda&gt;25]" time="0.0008940696716308594"><skipped message="Suite splitting in effect" type="pytest.skip">src/pymortests/grid.py:359: Suite splitting in effect</skipped></testcase><testcase classname="src.pymortests.grid" file="src/pymortests/grid.py" line="359" name="test_boundary_mask_dtype[&lt;lambda&gt;26]" time="0.00047016143798828125"><skipped message="Suite splitting in effect" type="pytest.skip">src/pymortests/grid.py:359: Suite splitting in effect</skipped></testcase><testcase classname="src.pymortests.grid" file="src/pymortests/grid.py" line="359" name="test_boundary_mask_dtype[&lt;lambda&gt;27]" time="0.0005266666412353516"><skipped message="Suite splitting in effect" type="pytest.skip">src/pymortests/grid.py:359: Suite splitting in effect</skipped></testcase><testcase classname="src.pymortests.grid" file="src/pymortests/grid.py" line="359" name="test_boundary_mask_dtype[&lt;lambda&gt;28]" time="0.0005013942718505859"><skipped message="Suite splitting in effect" type="pytest.skip">src/pymortests/grid.py:359: Suite splitting in effect</skipped></testcase><testcase classname="src.pymortests.grid" file="src/pymortests/grid.py" line="359" name="test_boundary_mask_dtype[&lt;lambda&gt;29]" time="0.0004487037658691406"><skipped message="Suite splitting in effect" type="pytest.skip">src/pymortests/grid.py:359: Suite splitting in effect</skipped></testcase><testcase classname="src.pymortests.grid" file="src/pymortests/grid.py" line="359" name="test_boundary_mask_dtype[&lt;lambda&gt;30]" time="0.00048089027404785156"><skipped message="Suite splitting in effect" type="pytest.skip">src/pymortests/grid.py:359: Suite splitting in effect</skipped></testcase><testcase classname="src.pymortests.grid" file="src/pymortests/grid.py" line="359" name="test_boundary_mask_dtype[&lt;lambda&gt;31]" time="0.00045108795166015625"><skipped message="Suite splitting in effect" type="pytest.skip">src/pymortests/grid.py:359: Suite splitting in effect</skipped></testcase><testcase classname="src.pymortests.grid" file="src/pymortests/grid.py" line="359" name="test_boundary_mask_dtype[&lt;lambda&gt;32]" time="0.0005064010620117188"><skipped message="Suite splitting in effect" type="pytest.skip">src/pymortests/grid.py:359: Suite splitting in effect</skipped></testcase><testcase classname="src.pymortests.grid" file="src/pymortests/grid.py" line="359" name="test_boundary_mask_dtype[&lt;lambda&gt;33]" time="0.0007872581481933594"><skipped message="Suite splitting in effect" type="pytest.skip">src/pymortests/grid.py:359: Suite splitting in effect</skipped></testcase><testcase classname="src.pymortests.grid" file="src/pymortests/grid.py" line="359" name="test_boundary_mask_dtype[&lt;lambda&gt;34]" time="0.0005419254302978516"><skipped message="Suite splitting in effect" type="pytest.skip">src/pymortests/grid.py:359: Suite splitting in effect</skipped></testcase><testcase classname="src.pymortests.grid" file="src/pymortests/grid.py" line="359" name="test_boundary_mask_dtype[&lt;lambda&gt;35]" time="0.0005140304565429688"><skipped message="Suite splitting in effect" type="pytest.skip">src/pymortests/grid.py:359: Suite splitting in effect</skipped></testcase><testcase classname="src.pymortests.grid" file="src/pymortests/grid.py" line="359" name="test_boundary_mask_dtype[&lt;lambda&gt;36]" time="0.0004546642303466797"><skipped message="Suite splitting in effect" type="pytest.skip">src/pymortests/grid.py:359: Suite splitting in effect</skipped></testcase><testcase classname="src.pymortests.grid" file="src/pymortests/grid.py" line="359" name="test_boundary_mask_dtype[&lt;lambda&gt;37]" time="0.0005431175231933594"><skipped message="Suite splitting in effect" type="pytest.skip">src/pymortests/grid.py:359: Suite splitting in effect</skipped></testcase><testcase classname="src.pymortests.grid" file="src/pymortests/grid.py" line="359" name="test_boundary_mask_dtype[&lt;lambda&gt;38]" time="0.0005528926849365234"><skipped message="Suite splitting in effect" type="pytest.skip">src/pymortests/grid.py:359: Suite splitting in effect</skipped></testcase><testcase classname="src.pymortests.grid" file="src/pymortests/grid.py" line="359" name="test_boundary_mask_dtype[&lt;lambda&gt;39]" time="0.0004775524139404297"><skipped message="Suite splitting in effect" type="pytest.skip">src/pymortests/grid.py:359: Suite splitting in effect</skipped></testcase><testcase classname="src.pymortests.grid" file="src/pymortests/grid.py" line="359" name="test_boundary_mask_dtype[&lt;lambda&gt;40]" time="0.0005347728729248047"><skipped message="Suite splitting in effect" type="pytest.skip">src/pymortests/grid.py:359: Suite splitting in effect</skipped></testcase><testcase classname="src.pymortests.grid" file="src/pymortests/grid.py" line="359" name="test_boundary_mask_dtype[&lt;lambda&gt;41]" time="0.0007965564727783203"><skipped message="Suite splitting in effect" type="pytest.skip">src/pymortests/grid.py:359: Suite splitting in effect</skipped></testcase><testcase classname="src.pymortests.grid" file="src/pymortests/grid.py" line="359" name="test_boundary_mask_dtype[&lt;lambda&gt;42]" time="0.0005335807800292969"><skipped message="Suite splitting in effect" type="pytest.skip">src/pymortests/grid.py:359: Suite splitting in effect</skipped></testcase><testcase classname="src.pymortests.grid" file="src/pymortests/grid.py" line="365" name="test_boundary_mask_entries_codim1[&lt;lambda&gt;0]" time="0.0005185604095458984"><skipped message="Suite splitting in effect" type="pytest.skip">src/pymortests/grid.py:365: Suite splitting in effect</skipped></testcase><testcase classname="src.pymortests.grid" file="src/pymortests/grid.py" line="365" name="test_boundary_mask_entries_codim1[&lt;lambda&gt;1]" time="0.0004706382751464844"><skipped message="Suite splitting in effect" type="pytest.skip">src/pymortests/grid.py:365: Suite splitting in effect</skipped></testcase><testcase classname="src.pymortests.grid" file="src/pymortests/grid.py" line="365" name="test_boundary_mask_entries_codim1[&lt;lambda&gt;2]" time="0.0005068778991699219"><skipped message="Suite splitting in effect" type="pytest.skip">src/pymortests/grid.py:365: Suite splitting in effect</skipped></testcase><testcase classname="src.pymortests.grid" file="src/pymortests/grid.py" line="365" name="test_boundary_mask_entries_codim1[&lt;lambda&gt;3]" time="0.0008158683776855469"><skipped message="Suite splitting in effect" type="pytest.skip">src/pymortests/grid.py:365: Suite splitting in effect</skipped></testcase><testcase classname="src.pymortests.grid" file="src/pymortests/grid.py" line="365" name="test_boundary_mask_entries_codim1[&lt;lambda&gt;4]" time="0.0004916191101074219"><skipped message="Suite splitting in effect" type="pytest.skip">src/pymortests/grid.py:365: Suite splitting in effect</skipped></testcase><testcase classname="src.pymortests.grid" file="src/pymortests/grid.py" line="365" name="test_boundary_mask_entries_codim1[&lt;lambda&gt;5]" time="0.0004947185516357422"><skipped message="Suite splitting in effect" type="pytest.skip">src/pymortests/grid.py:365: Suite splitting in effect</skipped></testcase><testcase classname="src.pymortests.grid" file="src/pymortests/grid.py" line="365" name="test_boundary_mask_entries_codim1[&lt;lambda&gt;6]" time="0.0010180473327636719"><skipped message="Suite splitting in effect" type="pytest.skip">src/pymortests/grid.py:365: Suite splitting in effect</skipped></testcase><testcase classname="src.pymortests.grid" file="src/pymortests/grid.py" line="365" name="test_boundary_mask_entries_codim1[&lt;lambda&gt;7]" time="0.0004761219024658203"><skipped message="Suite splitting in effect" type="pytest.skip">src/pymortests/grid.py:365: Suite splitting in effect</skipped></testcase><testcase classname="src.pymortests.grid" file="src/pymortests/grid.py" line="365" name="test_boundary_mask_entries_codim1[&lt;lambda&gt;8]" time="0.0005383491516113281"><skipped message="Suite splitting in effect" type="pytest.skip">src/pymortests/grid.py:365: Suite splitting in effect</skipped></testcase><testcase classname="src.pymortests.grid" file="src/pymortests/grid.py" line="365" name="test_boundary_mask_entries_codim1[&lt;lambda&gt;9]" time="0.0004565715789794922"><skipped message="Suite splitting in effect" type="pytest.skip">src/pymortests/grid.py:365: Suite splitting in effect</skipped></testcase><testcase classname="src.pymortests.grid" file="src/pymortests/grid.py" line="365" name="test_boundary_mask_entries_codim1[&lt;lambda&gt;10]" time="0.0004940032958984375"><skipped message="Suite splitting in effect" type="pytest.skip">src/pymortests/grid.py:365: Suite splitting in effect</skipped></testcase><testcase classname="src.pymortests.grid" file="src/pymortests/grid.py" line="365" name="test_boundary_mask_entries_codim1[&lt;lambda&gt;11]" time="0.00044727325439453125"><skipped message="Suite splitting in effect" type="pytest.skip">src/pymortests/grid.py:365: Suite splitting in effect</skipped></testcase><testcase classname="src.pymortests.grid" file="src/pymortests/grid.py" line="365" name="test_boundary_mask_entries_codim1[&lt;lambda&gt;12]" time="0.0005114078521728516"><skipped message="Suite splitting in effect" type="pytest.skip">src/pymortests/grid.py:365: Suite splitting in effect</skipped></testcase><testcase classname="src.pymortests.grid" file="src/pymortests/grid.py" line="365" name="test_boundary_mask_entries_codim1[&lt;lambda&gt;13]" time="0.00048041343688964844"><skipped message="Suite splitting in effect" type="pytest.skip">src/pymortests/grid.py:365: Suite splitting in effect</skipped></testcase><testcase classname="src.pymortests.grid" file="src/pymortests/grid.py" line="365" name="test_boundary_mask_entries_codim1[&lt;lambda&gt;14]" time="0.0008368492126464844"><skipped message="Suite splitting in effect" type="pytest.skip">src/pymortests/grid.py:365: Suite splitting in effect</skipped></testcase><testcase classname="src.pymortests.grid" file="src/pymortests/grid.py" line="365" name="test_boundary_mask_entries_codim1[&lt;lambda&gt;15]" time="0.0005233287811279297"><skipped message="Suite splitting in effect" type="pytest.skip">src/pymortests/grid.py:365: Suite splitting in effect</skipped></testcase><testcase classname="src.pymortests.grid" file="src/pymortests/grid.py" line="365" name="test_boundary_mask_entries_codim1[&lt;lambda&gt;16]" time="0.0004906654357910156"><skipped message="Suite splitting in effect" type="pytest.skip">src/pymortests/grid.py:365: Suite splitting in effect</skipped></testcase><testcase classname="src.pymortests.grid" file="src/pymortests/grid.py" line="365" name="test_boundary_mask_entries_codim1[&lt;lambda&gt;17]" time="0.00043964385986328125"><skipped message="Suite splitting in effect" type="pytest.skip">src/pymortests/grid.py:365: Suite splitting in effect</skipped></testcase><testcase classname="src.pymortests.grid" file="src/pymortests/grid.py" line="365" name="test_boundary_mask_entries_codim1[&lt;lambda&gt;18]" time="0.0005028247833251953"><skipped message="Suite splitting in effect" type="pytest.skip">src/pymortests/grid.py:365: Suite splitting in effect</skipped></testcase><testcase classname="src.pymortests.grid" file="src/pymortests/grid.py" line="365" name="test_boundary_mask_entries_codim1[&lt;lambda&gt;19]" time="0.0005924701690673828"><skipped message="Suite splitting in effect" type="pytest.skip">src/pymortests/grid.py:365: Suite splitting in effect</skipped></testcase><testcase classname="src.pymortests.grid" file="src/pymortests/grid.py" line="365" name="test_boundary_mask_entries_codim1[&lt;lambda&gt;20]" time="0.0004973411560058594"><skipped message="Suite splitting in effect" type="pytest.skip">src/pymortests/grid.py:365: Suite splitting in effect</skipped></testcase><testcase classname="src.pymortests.grid" file="src/pymortests/grid.py" line="365" name="test_boundary_mask_entries_codim1[&lt;lambda&gt;21]" time="0.0005247592926025391"><skipped message="Suite splitting in effect" type="pytest.skip">src/pymortests/grid.py:365: Suite splitting in effect</skipped></testcase><testcase classname="src.pymortests.grid" file="src/pymortests/grid.py" line="365" name="test_boundary_mask_entries_codim1[&lt;lambda&gt;22]" time="0.0008544921875"><skipped message="Suite splitting in effect" type="pytest.skip">src/pymortests/grid.py:365: Suite splitting in effect</skipped></testcase><testcase classname="src.pymortests.grid" file="src/pymortests/grid.py" line="365" name="test_boundary_mask_entries_codim1[&lt;lambda&gt;23]" time="0.0005757808685302734"><skipped message="Suite splitting in effect" type="pytest.skip">src/pymortests/grid.py:365: Suite splitting in effect</skipped></testcase><testcase classname="src.pymortests.grid" file="src/pymortests/grid.py" line="365" name="test_boundary_mask_entries_codim1[&lt;lambda&gt;24]" time="0.0006568431854248047"><skipped message="Suite splitting in effect" type="pytest.skip">src/pymortests/grid.py:365: Suite splitting in effect</skipped></testcase><testcase classname="src.pymortests.grid" file="src/pymortests/grid.py" line="365" name="test_boundary_mask_entries_codim1[&lt;lambda&gt;25]" time="0.0004870891571044922"><skipped message="Suite splitting in effect" type="pytest.skip">src/pymortests/grid.py:365: Suite splitting in effect</skipped></testcase><testcase classname="src.pymortests.grid" file="src/pymortests/grid.py" line="365" name="test_boundary_mask_entries_codim1[&lt;lambda&gt;26]" time="0.0005123615264892578"><skipped message="Suite splitting in effect" type="pytest.skip">src/pymortests/grid.py:365: Suite splitting in effect</skipped></testcase><testcase classname="src.pymortests.grid" file="src/pymortests/grid.py" line="365" name="test_boundary_mask_entries_codim1[&lt;lambda&gt;27]" time="0.0005323886871337891"><skipped message="Suite splitting in effect" type="pytest.skip">src/pymortests/grid.py:365: Suite splitting in effect</skipped></testcase><testcase classname="src.pymortests.grid" file="src/pymortests/grid.py" line="365" name="test_boundary_mask_entries_codim1[&lt;lambda&gt;28]" time="0.0005681514739990234"><skipped message="Suite splitting in effect" type="pytest.skip">src/pymortests/grid.py:365: Suite splitting in effect</skipped></testcase><testcase classname="src.pymortests.grid" file="src/pymortests/grid.py" line="365" name="test_boundary_mask_entries_codim1[&lt;lambda&gt;29]" time="0.0004680156707763672"><skipped message="Suite splitting in effect" type="pytest.skip">src/pymortests/grid.py:365: Suite splitting in effect</skipped></testcase><testcase classname="src.pymortests.grid" file="src/pymortests/grid.py" line="365" name="test_boundary_mask_entries_codim1[&lt;lambda&gt;30]" time="0.0007572174072265625"><skipped message="Suite splitting in effect" type="pytest.skip">src/pymortests/grid.py:365: Suite splitting in effect</skipped></testcase><testcase classname="src.pymortests.grid" file="src/pymortests/grid.py" line="365" name="test_boundary_mask_entries_codim1[&lt;lambda&gt;31]" time="0.0004947185516357422"><skipped message="Suite splitting in effect" type="pytest.skip">src/pymortests/grid.py:365: Suite splitting in effect</skipped></testcase><testcase classname="src.pymortests.grid" file="src/pymortests/grid.py" line="365" name="test_boundary_mask_entries_codim1[&lt;lambda&gt;32]" time="0.0004756450653076172"><skipped message="Suite splitting in effect" type="pytest.skip">src/pymortests/grid.py:365: Suite splitting in effect</skipped></testcase><testcase classname="src.pymortests.grid" file="src/pymortests/grid.py" line="365" name="test_boundary_mask_entries_codim1[&lt;lambda&gt;33]" time="0.0004901885986328125"><skipped message="Suite splitting in effect" type="pytest.skip">src/pymortests/grid.py:365: Suite splitting in effect</skipped></testcase><testcase classname="src.pymortests.grid" file="src/pymortests/grid.py" line="365" name="test_boundary_mask_entries_codim1[&lt;lambda&gt;34]" time="0.0005133152008056641"><skipped message="Suite splitting in effect" type="pytest.skip">src/pymortests/grid.py:365: Suite splitting in effect</skipped></testcase><testcase classname="src.pymortests.grid" file="src/pymortests/grid.py" line="365" name="test_boundary_mask_entries_codim1[&lt;lambda&gt;35]" time="0.0004956722259521484"><skipped message="Suite splitting in effect" type="pytest.skip">src/pymortests/grid.py:365: Suite splitting in effect</skipped></testcase><testcase classname="src.pymortests.grid" file="src/pymortests/grid.py" line="365" name="test_boundary_mask_entries_codim1[&lt;lambda&gt;36]" time="0.00047326087951660156"><skipped message="Suite splitting in effect" type="pytest.skip">src/pymortests/grid.py:365: Suite splitting in effect</skipped></testcase><testcase classname="src.pymortests.grid" file="src/pymortests/grid.py" line="365" name="test_boundary_mask_entries_codim1[&lt;lambda&gt;37]" time="0.0005490779876708984"><skipped message="Suite splitting in effect" type="pytest.skip">src/pymortests/grid.py:365: Suite splitting in effect</skipped></testcase><testcase classname="src.pymortests.grid" file="src/pymortests/grid.py" line="365" name="test_boundary_mask_entries_codim1[&lt;lambda&gt;38]" time="0.0009298324584960938"><skipped message="Suite splitting in effect" type="pytest.skip">src/pymortests/grid.py:365: Suite splitting in effect</skipped></testcase><testcase classname="src.pymortests.grid" file="src/pymortests/grid.py" line="365" name="test_boundary_mask_entries_codim1[&lt;lambda&gt;39]" time="0.0004773139953613281"><skipped message="Suite splitting in effect" type="pytest.skip">src/pymortests/grid.py:365: Suite splitting in effect</skipped></testcase><testcase classname="src.pymortests.grid" file="src/pymortests/grid.py" line="365" name="test_boundary_mask_entries_codim1[&lt;lambda&gt;40]" time="0.0004582405090332031"><skipped message="Suite splitting in effect" type="pytest.skip">src/pymortests/grid.py:365: Suite splitting in effect</skipped></testcase><testcase classname="src.pymortests.grid" file="src/pymortests/grid.py" line="365" name="test_boundary_mask_entries_codim1[&lt;lambda&gt;41]" time="0.0005078315734863281"><skipped message="Suite splitting in effect" type="pytest.skip">src/pymortests/grid.py:365: Suite splitting in effect</skipped></testcase><testcase classname="src.pymortests.grid" file="src/pymortests/grid.py" line="365" name="test_boundary_mask_entries_codim1[&lt;lambda&gt;42]" time="0.0005018711090087891"><skipped message="Suite splitting in effect" type="pytest.skip">src/pymortests/grid.py:365: Suite splitting in effect</skipped></testcase><testcase classname="src.pymortests.grid" file="src/pymortests/grid.py" line="374" name="test_boundary_mask_entries_codim0[&lt;lambda&gt;0]" time="0.0004456043243408203"><skipped message="Suite splitting in effect" type="pytest.skip">src/pymortests/grid.py:374: Suite splitting in effect</skipped></testcase><testcase classname="src.pymortests.grid" file="src/pymortests/grid.py" line="374" name="test_boundary_mask_entries_codim0[&lt;lambda&gt;1]" time="0.0005035400390625"><skipped message="Suite splitting in effect" type="pytest.skip">src/pymortests/grid.py:374: Suite splitting in effect</skipped></testcase><testcase classname="src.pymortests.grid" file="src/pymortests/grid.py" line="374" name="test_boundary_mask_entries_codim0[&lt;lambda&gt;2]" time="0.0004506111145019531"><skipped message="Suite splitting in effect" type="pytest.skip">src/pymortests/grid.py:374: Suite splitting in effect</skipped></testcase><testcase classname="src.pymortests.grid" file="src/pymortests/grid.py" line="374" name="test_boundary_mask_entries_codim0[&lt;lambda&gt;3]" time="0.0007574558258056641"><skipped message="Suite splitting in effect" type="pytest.skip">src/pymortests/grid.py:374: Suite splitting in effect</skipped></testcase><testcase classname="src.pymortests.grid" file="src/pymortests/grid.py" line="374" name="test_boundary_mask_entries_codim0[&lt;lambda&gt;4]" time="0.0004937648773193359"><skipped message="Suite splitting in effect" type="pytest.skip">src/pymortests/grid.py:374: Suite splitting in effect</skipped></testcase><testcase classname="src.pymortests.grid" file="src/pymortests/grid.py" line="374" name="test_boundary_mask_entries_codim0[&lt;lambda&gt;5]" time="0.0005037784576416016"><skipped message="Suite splitting in effect" type="pytest.skip">src/pymortests/grid.py:374: Suite splitting in effect</skipped></testcase><testcase classname="src.pymortests.grid" file="src/pymortests/grid.py" line="374" name="test_boundary_mask_entries_codim0[&lt;lambda&gt;6]" time="0.00044345855712890625"><skipped message="Suite splitting in effect" type="pytest.skip">src/pymortests/grid.py:374: Suite splitting in effect</skipped></testcase><testcase classname="src.pymortests.grid" file="src/pymortests/grid.py" line="374" name="test_boundary_mask_entries_codim0[&lt;lambda&gt;7]" time="0.0005180835723876953"><skipped message="Suite splitting in effect" type="pytest.skip">src/pymortests/grid.py:374: Suite splitting in effect</skipped></testcase><testcase classname="src.pymortests.grid" file="src/pymortests/grid.py" line="374" name="test_boundary_mask_entries_codim0[&lt;lambda&gt;8]" time="0.00044798851013183594"><skipped message="Suite splitting in effect" type="pytest.skip">src/pymortests/grid.py:374: Suite splitting in effect</skipped></testcase><testcase classname="src.pymortests.grid" file="src/pymortests/grid.py" line="374" name="test_boundary_mask_entries_codim0[&lt;lambda&gt;9]" time="0.0004622936248779297"><skipped message="Suite splitting in effect" type="pytest.skip">src/pymortests/grid.py:374: Suite splitting in effect</skipped></testcase><testcase classname="src.pymortests.grid" file="src/pymortests/grid.py" line="374" name="test_boundary_mask_entries_codim0[&lt;lambda&gt;10]" time="0.0005280971527099609"><skipped message="Suite splitting in effect" type="pytest.skip">src/pymortests/grid.py:374: Suite splitting in effect</skipped></testcase><testcase classname="src.pymortests.grid" file="src/pymortests/grid.py" line="374" name="test_boundary_mask_entries_codim0[&lt;lambda&gt;11]" time="0.0009119510650634766"><skipped message="Suite splitting in effect" type="pytest.skip">src/pymortests/grid.py:374: Suite splitting in effect</skipped></testcase><testcase classname="src.pymortests.grid" file="src/pymortests/grid.py" line="374" name="test_boundary_mask_entries_codim0[&lt;lambda&gt;12]" time="0.0004432201385498047"><skipped message="Suite splitting in effect" type="pytest.skip">src/pymortests/grid.py:374: Suite splitting in effect</skipped></testcase><testcase classname="src.pymortests.grid" file="src/pymortests/grid.py" line="374" name="test_boundary_mask_entries_codim0[&lt;lambda&gt;13]" time="0.0004661083221435547"><skipped message="Suite splitting in effect" type="pytest.skip">src/pymortests/grid.py:374: Suite splitting in effect</skipped></testcase><testcase classname="src.pymortests.grid" file="src/pymortests/grid.py" line="374" name="test_boundary_mask_entries_codim0[&lt;lambda&gt;14]" time="0.0004942417144775391"><skipped message="Suite splitting in effect" type="pytest.skip">src/pymortests/grid.py:374: Suite splitting in effect</skipped></testcase><testcase classname="src.pymortests.grid" file="src/pymortests/grid.py" line="374" name="test_boundary_mask_entries_codim0[&lt;lambda&gt;15]" time="0.00044798851013183594"><skipped message="Suite splitting in effect" type="pytest.skip">src/pymortests/grid.py:374: Suite splitting in effect</skipped></testcase><testcase classname="src.pymortests.grid" file="src/pymortests/grid.py" line="374" name="test_boundary_mask_entries_codim0[&lt;lambda&gt;16]" time="0.00044989585876464844"><skipped message="Suite splitting in effect" type="pytest.skip">src/pymortests/grid.py:374: Suite splitting in effect</skipped></testcase><testcase classname="src.pymortests.grid" file="src/pymortests/grid.py" line="374" name="test_boundary_mask_entries_codim0[&lt;lambda&gt;17]" time="0.0004911422729492188"><skipped message="Suite splitting in effect" type="pytest.skip">src/pymortests/grid.py:374: Suite splitting in effect</skipped></testcase><testcase classname="src.pymortests.grid" file="src/pymortests/grid.py" line="374" name="test_boundary_mask_entries_codim0[&lt;lambda&gt;18]" time="0.0004968643188476562"><skipped message="Suite splitting in effect" type="pytest.skip">src/pymortests/grid.py:374: Suite splitting in effect</skipped></testcase><testcase classname="src.pymortests.grid" file="src/pymortests/grid.py" line="374" name="test_boundary_mask_entries_codim0[&lt;lambda&gt;19]" time="0.0007507801055908203"><skipped message="Suite splitting in effect" type="pytest.skip">src/pymortests/grid.py:374: Suite splitting in effect</skipped></testcase><testcase classname="src.pymortests.grid" file="src/pymortests/grid.py" line="374" name="test_boundary_mask_entries_codim0[&lt;lambda&gt;20]" time="0.0004913806915283203"><skipped message="Suite splitting in effect" type="pytest.skip">src/pymortests/grid.py:374: Suite splitting in effect</skipped></testcase><testcase classname="src.pymortests.grid" file="src/pymortests/grid.py" line="374" name="test_boundary_mask_entries_codim0[&lt;lambda&gt;21]" time="0.0004990100860595703"><skipped message="Suite splitting in effect" type="pytest.skip">src/pymortests/grid.py:374: Suite splitting in effect</skipped></testcase><testcase classname="src.pymortests.grid" file="src/pymortests/grid.py" line="374" name="test_boundary_mask_entries_codim0[&lt;lambda&gt;22]" time="0.0004401206970214844"><skipped message="Suite splitting in effect" type="pytest.skip">src/pymortests/grid.py:374: Suite splitting in effect</skipped></testcase><testcase classname="src.pymortests.grid" file="src/pymortests/grid.py" line="374" name="test_boundary_mask_entries_codim0[&lt;lambda&gt;23]" time="0.0004966259002685547"><skipped message="Suite splitting in effect" type="pytest.skip">src/pymortests/grid.py:374: Suite splitting in effect</skipped></testcase><testcase classname="src.pymortests.grid" file="src/pymortests/grid.py" line="374" name="test_boundary_mask_entries_codim0[&lt;lambda&gt;24]" time="0.0005042552947998047"><skipped message="Suite splitting in effect" type="pytest.skip">src/pymortests/grid.py:374: Suite splitting in effect</skipped></testcase><testcase classname="src.pymortests.grid" file="src/pymortests/grid.py" line="374" name="test_boundary_mask_entries_codim0[&lt;lambda&gt;25]" time="0.00045228004455566406"><skipped message="Suite splitting in effect" type="pytest.skip">src/pymortests/grid.py:374: Suite splitting in effect</skipped></testcase><testcase classname="src.pymortests.grid" file="src/pymortests/grid.py" line="374" name="test_boundary_mask_entries_codim0[&lt;lambda&gt;26]" time="0.000514984130859375"><skipped message="Suite splitting in effect" type="pytest.skip">src/pymortests/grid.py:374: Suite splitting in effect</skipped></testcase><testcase classname="src.pymortests.grid" file="src/pymortests/grid.py" line="374" name="test_boundary_mask_entries_codim0[&lt;lambda&gt;27]" time="0.0008447170257568359"><skipped message="Suite splitting in effect" type="pytest.skip">src/pymortests/grid.py:374: Suite splitting in effect</skipped></testcase><testcase classname="src.pymortests.grid" file="src/pymortests/grid.py" line="374" name="test_boundary_mask_entries_codim0[&lt;lambda&gt;28]" time="0.0004425048828125"><skipped message="Suite splitting in effect" type="pytest.skip">src/pymortests/grid.py:374: Suite splitting in effect</skipped></testcase><testcase classname="src.pymortests.grid" file="src/pymortests/grid.py" line="374" name="test_boundary_mask_entries_codim0[&lt;lambda&gt;29]" time="0.0004630088806152344"><skipped message="Suite splitting in effect" type="pytest.skip">src/pymortests/grid.py:374: Suite splitting in effect</skipped></testcase><testcase classname="src.pymortests.grid" file="src/pymortests/grid.py" line="374" name="test_boundary_mask_entries_codim0[&lt;lambda&gt;30]" time="0.0005192756652832031"><skipped message="Suite splitting in effect" type="pytest.skip">src/pymortests/grid.py:374: Suite splitting in effect</skipped></testcase><testcase classname="src.pymortests.grid" file="src/pymortests/grid.py" line="374" name="test_boundary_mask_entries_codim0[&lt;lambda&gt;31]" time="0.00042438507080078125"><skipped message="Suite splitting in effect" type="pytest.skip">src/pymortests/grid.py:374: Suite splitting in effect</skipped></testcase><testcase classname="src.pymortests.grid" file="src/pymortests/grid.py" line="374" name="test_boundary_mask_entries_codim0[&lt;lambda&gt;32]" time="0.0004954338073730469"><skipped message="Suite splitting in effect" type="pytest.skip">src/pymortests/grid.py:374: Suite splitting in effect</skipped></testcase><testcase classname="src.pymortests.grid" file="src/pymortests/grid.py" line="374" name="test_boundary_mask_entries_codim0[&lt;lambda&gt;33]" time="0.00047779083251953125"><skipped message="Suite splitting in effect" type="pytest.skip">src/pymortests/grid.py:374: Suite splitting in effect</skipped></testcase><testcase classname="src.pymortests.grid" file="src/pymortests/grid.py" line="374" name="test_boundary_mask_entries_codim0[&lt;lambda&gt;34]" time="0.0004940032958984375"><skipped message="Suite splitting in effect" type="pytest.skip">src/pymortests/grid.py:374: Suite splitting in effect</skipped></testcase><testcase classname="src.pymortests.grid" file="src/pymortests/grid.py" line="374" name="test_boundary_mask_entries_codim0[&lt;lambda&gt;35]" time="0.0008754730224609375"><skipped message="Suite splitting in effect" type="pytest.skip">src/pymortests/grid.py:374: Suite splitting in effect</skipped></testcase><testcase classname="src.pymortests.grid" file="src/pymortests/grid.py" line="374" name="test_boundary_mask_entries_codim0[&lt;lambda&gt;36]" time="0.0005078315734863281"><skipped message="Suite splitting in effect" type="pytest.skip">src/pymortests/grid.py:374: Suite splitting in effect</skipped></testcase><testcase classname="src.pymortests.grid" file="src/pymortests/grid.py" line="374" name="test_boundary_mask_entries_codim0[&lt;lambda&gt;37]" time="0.0004837512969970703"><skipped message="Suite splitting in effect" type="pytest.skip">src/pymortests/grid.py:374: Suite splitting in effect</skipped></testcase><testcase classname="src.pymortests.grid" file="src/pymortests/grid.py" line="374" name="test_boundary_mask_entries_codim0[&lt;lambda&gt;38]" time="0.0004425048828125"><skipped message="Suite splitting in effect" type="pytest.skip">src/pymortests/grid.py:374: Suite splitting in effect</skipped></testcase><testcase classname="src.pymortests.grid" file="src/pymortests/grid.py" line="374" name="test_boundary_mask_entries_codim0[&lt;lambda&gt;39]" time="0.0004825592041015625"><skipped message="Suite splitting in effect" type="pytest.skip">src/pymortests/grid.py:374: Suite splitting in effect</skipped></testcase><testcase classname="src.pymortests.grid" file="src/pymortests/grid.py" line="374" name="test_boundary_mask_entries_codim0[&lt;lambda&gt;40]" time="0.00047850608825683594"><skipped message="Suite splitting in effect" type="pytest.skip">src/pymortests/grid.py:374: Suite splitting in effect</skipped></testcase><testcase classname="src.pymortests.grid" file="src/pymortests/grid.py" line="374" name="test_boundary_mask_entries_codim0[&lt;lambda&gt;41]" time="0.0004837512969970703"><skipped message="Suite splitting in effect" type="pytest.skip">src/pymortests/grid.py:374: Suite splitting in effect</skipped></testcase><testcase classname="src.pymortests.grid" file="src/pymortests/grid.py" line="374" name="test_boundary_mask_entries_codim0[&lt;lambda&gt;42]" time="0.00045752525329589844"><skipped message="Suite splitting in effect" type="pytest.skip">src/pymortests/grid.py:374: Suite splitting in effect</skipped></testcase><testcase classname="src.pymortests.grid" file="src/pymortests/grid.py" line="384" name="test_boundary_mask_entries_codim_d[&lt;lambda&gt;0]" time="0.0007696151733398438"><skipped message="Suite splitting in effect" type="pytest.skip">src/pymortests/grid.py:384: Suite splitting in effect</skipped></testcase><testcase classname="src.pymortests.grid" file="src/pymortests/grid.py" line="384" name="test_boundary_mask_entries_codim_d[&lt;lambda&gt;1]" time="0.0004303455352783203"><skipped message="Suite splitting in effect" type="pytest.skip">src/pymortests/grid.py:384: Suite splitting in effect</skipped></testcase><testcase classname="src.pymortests.grid" file="src/pymortests/grid.py" line="384" name="test_boundary_mask_entries_codim_d[&lt;lambda&gt;2]" time="0.0004677772521972656"><skipped message="Suite splitting in effect" type="pytest.skip">src/pymortests/grid.py:384: Suite splitting in effect</skipped></testcase><testcase classname="src.pymortests.grid" file="src/pymortests/grid.py" line="384" name="test_boundary_mask_entries_codim_d[&lt;lambda&gt;3]" time="0.0004892349243164062"><skipped message="Suite splitting in effect" type="pytest.skip">src/pymortests/grid.py:384: Suite splitting in effect</skipped></testcase><testcase classname="src.pymortests.grid" file="src/pymortests/grid.py" line="384" name="test_boundary_mask_entries_codim_d[&lt;lambda&gt;4]" time="0.0005180835723876953"><skipped message="Suite splitting in effect" type="pytest.skip">src/pymortests/grid.py:384: Suite splitting in effect</skipped></testcase><testcase classname="src.pymortests.grid" file="src/pymortests/grid.py" line="384" name="test_boundary_mask_entries_codim_d[&lt;lambda&gt;5]" time="0.0004703998565673828"><skipped message="Suite splitting in effect" type="pytest.skip">src/pymortests/grid.py:384: Suite splitting in effect</skipped></testcase><testcase classname="src.pymortests.grid" file="src/pymortests/grid.py" line="384" name="test_boundary_mask_entries_codim_d[&lt;lambda&gt;6]" time="0.0004279613494873047"><skipped message="Suite splitting in effect" type="pytest.skip">src/pymortests/grid.py:384: Suite splitting in effect</skipped></testcase><testcase classname="src.pymortests.grid" file="src/pymortests/grid.py" line="384" name="test_boundary_mask_entries_codim_d[&lt;lambda&gt;7]" time="0.00042891502380371094"><skipped message="Suite splitting in effect" type="pytest.skip">src/pymortests/grid.py:384: Suite splitting in effect</skipped></testcase><testcase classname="src.pymortests.grid" file="src/pymortests/grid.py" line="384" name="test_boundary_mask_entries_codim_d[&lt;lambda&gt;8]" time="0.0007181167602539062"><skipped message="Suite splitting in effect" type="pytest.skip">src/pymortests/grid.py:384: Suite splitting in effect</skipped></testcase><testcase classname="src.pymortests.grid" file="src/pymortests/grid.py" line="384" name="test_boundary_mask_entries_codim_d[&lt;lambda&gt;9]" time="0.0005016326904296875"><skipped message="Suite splitting in effect" type="pytest.skip">src/pymortests/grid.py:384: Suite splitting in effect</skipped></testcase><testcase classname="src.pymortests.grid" file="src/pymortests/grid.py" line="384" name="test_boundary_mask_entries_codim_d[&lt;lambda&gt;10]" time="0.000453948974609375"><skipped message="Suite splitting in effect" type="pytest.skip">src/pymortests/grid.py:384: Suite splitting in effect</skipped></testcase><testcase classname="src.pymortests.grid" file="src/pymortests/grid.py" line="384" name="test_boundary_mask_entries_codim_d[&lt;lambda&gt;11]" time="0.0004999637603759766"><skipped message="Suite splitting in effect" type="pytest.skip">src/pymortests/grid.py:384: Suite splitting in effect</skipped></testcase><testcase classname="src.pymortests.grid" file="src/pymortests/grid.py" line="384" name="test_boundary_mask_entries_codim_d[&lt;lambda&gt;12]" time="0.0005085468292236328"><skipped message="Suite splitting in effect" type="pytest.skip">src/pymortests/grid.py:384: Suite splitting in effect</skipped></testcase><testcase classname="src.pymortests.grid" file="src/pymortests/grid.py" line="384" name="test_boundary_mask_entries_codim_d[&lt;lambda&gt;13]" time="0.0004439353942871094"><skipped message="Suite splitting in effect" type="pytest.skip">src/pymortests/grid.py:384: Suite splitting in effect</skipped></testcase><testcase classname="src.pymortests.grid" file="src/pymortests/grid.py" line="384" name="test_boundary_mask_entries_codim_d[&lt;lambda&gt;14]" time="0.00047659873962402344"><skipped message="Suite splitting in effect" type="pytest.skip">src/pymortests/grid.py:384: Suite splitting in effect</skipped></testcase><testcase classname="src.pymortests.grid" file="src/pymortests/grid.py" line="384" name="test_boundary_mask_entries_codim_d[&lt;lambda&gt;15]" time="0.0004382133483886719"><skipped message="Suite splitting in effect" type="pytest.skip">src/pymortests/grid.py:384: Suite splitting in effect</skipped></testcase><testcase classname="src.pymortests.grid" file="src/pymortests/grid.py" line="384" name="test_boundary_mask_entries_codim_d[&lt;lambda&gt;16]" time="0.001069784164428711"><skipped message="Suite splitting in effect" type="pytest.skip">src/pymortests/grid.py:384: Suite splitting in effect</skipped></testcase><testcase classname="src.pymortests.grid" file="src/pymortests/grid.py" line="384" name="test_boundary_mask_entries_codim_d[&lt;lambda&gt;17]" time="0.0005562305450439453"><skipped message="Suite splitting in effect" type="pytest.skip">src/pymortests/grid.py:384: Suite splitting in effect</skipped></testcase><testcase classname="src.pymortests.grid" file="src/pymortests/grid.py" line="384" name="test_boundary_mask_entries_codim_d[&lt;lambda&gt;18]" time="0.00047135353088378906"><skipped message="Suite splitting in effect" type="pytest.skip">src/pymortests/grid.py:384: Suite splitting in effect</skipped></testcase><testcase classname="src.pymortests.grid" file="src/pymortests/grid.py" line="384" name="test_boundary_mask_entries_codim_d[&lt;lambda&gt;19]" time="0.0005154609680175781"><skipped message="Suite splitting in effect" type="pytest.skip">src/pymortests/grid.py:384: Suite splitting in effect</skipped></testcase><testcase classname="src.pymortests.grid" file="src/pymortests/grid.py" line="384" name="test_boundary_mask_entries_codim_d[&lt;lambda&gt;20]" time="0.00046133995056152344"><skipped message="Suite splitting in effect" type="pytest.skip">src/pymortests/grid.py:384: Suite splitting in effect</skipped></testcase><testcase classname="src.pymortests.grid" file="src/pymortests/grid.py" line="384" name="test_boundary_mask_entries_codim_d[&lt;lambda&gt;21]" time="0.00047087669372558594"><skipped message="Suite splitting in effect" type="pytest.skip">src/pymortests/grid.py:384: Suite splitting in effect</skipped></testcase><testcase classname="src.pymortests.grid" file="src/pymortests/grid.py" line="384" name="test_boundary_mask_entries_codim_d[&lt;lambda&gt;22]" time="0.00045680999755859375"><skipped message="Suite splitting in effect" type="pytest.skip">src/pymortests/grid.py:384: Suite splitting in effect</skipped></testcase><testcase classname="src.pymortests.grid" file="src/pymortests/grid.py" line="384" name="test_boundary_mask_entries_codim_d[&lt;lambda&gt;23]" time="0.0004706382751464844"><skipped message="Suite splitting in effect" type="pytest.skip">src/pymortests/grid.py:384: Suite splitting in effect</skipped></testcase><testcase classname="src.pymortests.grid" file="src/pymortests/grid.py" line="384" name="test_boundary_mask_entries_codim_d[&lt;lambda&gt;24]" time="0.0008089542388916016"><skipped message="Suite splitting in effect" type="pytest.skip">src/pymortests/grid.py:384: Suite splitting in effect</skipped></testcase><testcase classname="src.pymortests.grid" file="src/pymortests/grid.py" line="384" name="test_boundary_mask_entries_codim_d[&lt;lambda&gt;25]" time="0.0005164146423339844"><skipped message="Suite splitting in effect" type="pytest.skip">src/pymortests/grid.py:384: Suite splitting in effect</skipped></testcase><testcase classname="src.pymortests.grid" file="src/pymortests/grid.py" line="384" name="test_boundary_mask_entries_codim_d[&lt;lambda&gt;26]" time="0.0005371570587158203"><skipped message="Suite splitting in effect" type="pytest.skip">src/pymortests/grid.py:384: Suite splitting in effect</skipped></testcase><testcase classname="src.pymortests.grid" file="src/pymortests/grid.py" line="384" name="test_boundary_mask_entries_codim_d[&lt;lambda&gt;27]" time="0.00043702125549316406"><skipped message="Suite splitting in effect" type="pytest.skip">src/pymortests/grid.py:384: Suite splitting in effect</skipped></testcase><testcase classname="src.pymortests.grid" file="src/pymortests/grid.py" line="384" name="test_boundary_mask_entries_codim_d[&lt;lambda&gt;28]" time="0.0005195140838623047"><skipped message="Suite splitting in effect" type="pytest.skip">src/pymortests/grid.py:384: Suite splitting in effect</skipped></testcase><testcase classname="src.pymortests.grid" file="src/pymortests/grid.py" line="384" name="test_boundary_mask_entries_codim_d[&lt;lambda&gt;29]" time="0.0004622936248779297"><skipped message="Suite splitting in effect" type="pytest.skip">src/pymortests/grid.py:384: Suite splitting in effect</skipped></testcase><testcase classname="src.pymortests.grid" file="src/pymortests/grid.py" line="384" name="test_boundary_mask_entries_codim_d[&lt;lambda&gt;30]" time="0.0004603862762451172"><skipped message="Suite splitting in effect" type="pytest.skip">src/pymortests/grid.py:384: Suite splitting in effect</skipped></testcase><testcase classname="src.pymortests.grid" file="src/pymortests/grid.py" line="384" name="test_boundary_mask_entries_codim_d[&lt;lambda&gt;31]" time="0.000438690185546875"><skipped message="Suite splitting in effect" type="pytest.skip">src/pymortests/grid.py:384: Suite splitting in effect</skipped></testcase><testcase classname="src.pymortests.grid" file="src/pymortests/grid.py" line="384" name="test_boundary_mask_entries_codim_d[&lt;lambda&gt;32]" time="0.0008389949798583984"><skipped message="Suite splitting in effect" type="pytest.skip">src/pymortests/grid.py:384: Suite splitting in effect</skipped></testcase><testcase classname="src.pymortests.grid" file="src/pymortests/grid.py" line="384" name="test_boundary_mask_entries_codim_d[&lt;lambda&gt;33]" time="0.00045108795166015625"><skipped message="Suite splitting in effect" type="pytest.skip">src/pymortests/grid.py:384: Suite splitting in effect</skipped></testcase><testcase classname="src.pymortests.grid" file="src/pymortests/grid.py" line="384" name="test_boundary_mask_entries_codim_d[&lt;lambda&gt;34]" time="0.0005156993865966797"><skipped message="Suite splitting in effect" type="pytest.skip">src/pymortests/grid.py:384: Suite splitting in effect</skipped></testcase><testcase classname="src.pymortests.grid" file="src/pymortests/grid.py" line="384" name="test_boundary_mask_entries_codim_d[&lt;lambda&gt;35]" time="0.0005629062652587891"><skipped message="Suite splitting in effect" type="pytest.skip">src/pymortests/grid.py:384: Suite splitting in effect</skipped></testcase><testcase classname="src.pymortests.grid" file="src/pymortests/grid.py" line="384" name="test_boundary_mask_entries_codim_d[&lt;lambda&gt;36]" time="0.0004401206970214844"><skipped message="Suite splitting in effect" type="pytest.skip">src/pymortests/grid.py:384: Suite splitting in effect</skipped></testcase><testcase classname="src.pymortests.grid" file="src/pymortests/grid.py" line="384" name="test_boundary_mask_entries_codim_d[&lt;lambda&gt;37]" time="0.0005249977111816406"><skipped message="Suite splitting in effect" type="pytest.skip">src/pymortests/grid.py:384: Suite splitting in effect</skipped></testcase><testcase classname="src.pymortests.grid" file="src/pymortests/grid.py" line="384" name="test_boundary_mask_entries_codim_d[&lt;lambda&gt;38]" time="0.0005381107330322266"><skipped message="Suite splitting in effect" type="pytest.skip">src/pymortests/grid.py:384: Suite splitting in effect</skipped></testcase><testcase classname="src.pymortests.grid" file="src/pymortests/grid.py" line="384" name="test_boundary_mask_entries_codim_d[&lt;lambda&gt;39]" time="0.0004749298095703125"><skipped message="Suite splitting in effect" type="pytest.skip">src/pymortests/grid.py:384: Suite splitting in effect</skipped></testcase><testcase classname="src.pymortests.grid" file="src/pymortests/grid.py" line="384" name="test_boundary_mask_entries_codim_d[&lt;lambda&gt;40]" time="0.0008029937744140625"><skipped message="Suite splitting in effect" type="pytest.skip">src/pymortests/grid.py:384: Suite splitting in effect</skipped></testcase><testcase classname="src.pymortests.grid" file="src/pymortests/grid.py" line="384" name="test_boundary_mask_entries_codim_d[&lt;lambda&gt;41]" time="0.0004410743713378906"><skipped message="Suite splitting in effect" type="pytest.skip">src/pymortests/grid.py:384: Suite splitting in effect</skipped></testcase><testcase classname="src.pymortests.grid" file="src/pymortests/grid.py" line="384" name="test_boundary_mask_entries_codim_d[&lt;lambda&gt;42]" time="0.0005166530609130859"><skipped message="Suite splitting in effect" type="pytest.skip">src/pymortests/grid.py:384: Suite splitting in effect</skipped></testcase><testcase classname="src.pymortests.grid" file="src/pymortests/grid.py" line="395" name="test_boundaries_wrong_arguments[&lt;lambda&gt;0]" time="0.000476837158203125"><skipped message="Suite splitting in effect" type="pytest.skip">src/pymortests/grid.py:395: Suite splitting in effect</skipped></testcase><testcase classname="src.pymortests.grid" file="src/pymortests/grid.py" line="395" name="test_boundaries_wrong_arguments[&lt;lambda&gt;1]" time="0.0005249977111816406"><skipped message="Suite splitting in effect" type="pytest.skip">src/pymortests/grid.py:395: Suite splitting in effect</skipped></testcase><testcase classname="src.pymortests.grid" file="src/pymortests/grid.py" line="395" name="test_boundaries_wrong_arguments[&lt;lambda&gt;2]" time="0.0004317760467529297"><skipped message="Suite splitting in effect" type="pytest.skip">src/pymortests/grid.py:395: Suite splitting in effect</skipped></testcase><testcase classname="src.pymortests.grid" file="src/pymortests/grid.py" line="395" name="test_boundaries_wrong_arguments[&lt;lambda&gt;3]" time="0.0005090236663818359"><skipped message="Suite splitting in effect" type="pytest.skip">src/pymortests/grid.py:395: Suite splitting in effect</skipped></testcase><testcase classname="src.pymortests.grid" file="src/pymortests/grid.py" line="395" name="test_boundaries_wrong_arguments[&lt;lambda&gt;4]" time="0.0005705356597900391"><skipped message="Suite splitting in effect" type="pytest.skip">src/pymortests/grid.py:395: Suite splitting in effect</skipped></testcase><testcase classname="src.pymortests.grid" file="src/pymortests/grid.py" line="395" name="test_boundaries_wrong_arguments[&lt;lambda&gt;5]" time="0.0008368492126464844"><skipped message="Suite splitting in effect" type="pytest.skip">src/pymortests/grid.py:395: Suite splitting in effect</skipped></testcase><testcase classname="src.pymortests.grid" file="src/pymortests/grid.py" line="395" name="test_boundaries_wrong_arguments[&lt;lambda&gt;6]" time="0.00047850608825683594"><skipped message="Suite splitting in effect" type="pytest.skip">src/pymortests/grid.py:395: Suite splitting in effect</skipped></testcase><testcase classname="src.pymortests.grid" file="src/pymortests/grid.py" line="395" name="test_boundaries_wrong_arguments[&lt;lambda&gt;7]" time="0.0004944801330566406"><skipped message="Suite splitting in effect" type="pytest.skip">src/pymortests/grid.py:395: Suite splitting in effect</skipped></testcase><testcase classname="src.pymortests.grid" file="src/pymortests/grid.py" line="395" name="test_boundaries_wrong_arguments[&lt;lambda&gt;8]" time="0.00045299530029296875"><skipped message="Suite splitting in effect" type="pytest.skip">src/pymortests/grid.py:395: Suite splitting in effect</skipped></testcase><testcase classname="src.pymortests.grid" file="src/pymortests/grid.py" line="395" name="test_boundaries_wrong_arguments[&lt;lambda&gt;9]" time="0.0005049705505371094"><skipped message="Suite splitting in effect" type="pytest.skip">src/pymortests/grid.py:395: Suite splitting in effect</skipped></testcase><testcase classname="src.pymortests.grid" file="src/pymortests/grid.py" line="395" name="test_boundaries_wrong_arguments[&lt;lambda&gt;10]" time="0.0005347728729248047"><skipped message="Suite splitting in effect" type="pytest.skip">src/pymortests/grid.py:395: Suite splitting in effect</skipped></testcase><testcase classname="src.pymortests.grid" file="src/pymortests/grid.py" line="395" name="test_boundaries_wrong_arguments[&lt;lambda&gt;11]" time="0.0004937648773193359"><skipped message="Suite splitting in effect" type="pytest.skip">src/pymortests/grid.py:395: Suite splitting in effect</skipped></testcase><testcase classname="src.pymortests.grid" file="src/pymortests/grid.py" line="395" name="test_boundaries_wrong_arguments[&lt;lambda&gt;12]" time="0.0004742145538330078"><skipped message="Suite splitting in effect" type="pytest.skip">src/pymortests/grid.py:395: Suite splitting in effect</skipped></testcase><testcase classname="src.pymortests.grid" file="src/pymortests/grid.py" line="395" name="test_boundaries_wrong_arguments[&lt;lambda&gt;13]" time="0.0008077621459960938"><skipped message="Suite splitting in effect" type="pytest.skip">src/pymortests/grid.py:395: Suite splitting in effect</skipped></testcase><testcase classname="src.pymortests.grid" file="src/pymortests/grid.py" line="395" name="test_boundaries_wrong_arguments[&lt;lambda&gt;14]" time="0.0005431175231933594"><skipped message="Suite splitting in effect" type="pytest.skip">src/pymortests/grid.py:395: Suite splitting in effect</skipped></testcase><testcase classname="src.pymortests.grid" file="src/pymortests/grid.py" line="395" name="test_boundaries_wrong_arguments[&lt;lambda&gt;15]" time="0.00046324729919433594"><skipped message="Suite splitting in effect" type="pytest.skip">src/pymortests/grid.py:395: Suite splitting in effect</skipped></testcase><testcase classname="src.pymortests.grid" file="src/pymortests/grid.py" line="395" name="test_boundaries_wrong_arguments[&lt;lambda&gt;16]" time="0.0004801750183105469"><skipped message="Suite splitting in effect" type="pytest.skip">src/pymortests/grid.py:395: Suite splitting in effect</skipped></testcase><testcase classname="src.pymortests.grid" file="src/pymortests/grid.py" line="395" name="test_boundaries_wrong_arguments[&lt;lambda&gt;17]" time="0.00048828125"><skipped message="Suite splitting in effect" type="pytest.skip">src/pymortests/grid.py:395: Suite splitting in effect</skipped></testcase><testcase classname="src.pymortests.grid" file="src/pymortests/grid.py" line="395" name="test_boundaries_wrong_arguments[&lt;lambda&gt;18]" time="0.0004897117614746094"><skipped message="Suite splitting in effect" type="pytest.skip">src/pymortests/grid.py:395: Suite splitting in effect</skipped></testcase><testcase classname="src.pymortests.grid" file="src/pymortests/grid.py" line="395" name="test_boundaries_wrong_arguments[&lt;lambda&gt;19]" time="0.0004360675811767578"><skipped message="Suite splitting in effect" type="pytest.skip">src/pymortests/grid.py:395: Suite splitting in effect</skipped></testcase><testcase classname="src.pymortests.grid" file="src/pymortests/grid.py" line="395" name="test_boundaries_wrong_arguments[&lt;lambda&gt;20]" time="0.0004935264587402344"><skipped message="Suite splitting in effect" type="pytest.skip">src/pymortests/grid.py:395: Suite splitting in effect</skipped></testcase><testcase classname="src.pymortests.grid" file="src/pymortests/grid.py" line="395" name="test_boundaries_wrong_arguments[&lt;lambda&gt;21]" time="0.0009076595306396484"><skipped message="Suite splitting in effect" type="pytest.skip">src/pymortests/grid.py:395: Suite splitting in effect</skipped></testcase><testcase classname="src.pymortests.grid" file="src/pymortests/grid.py" line="395" name="test_boundaries_wrong_arguments[&lt;lambda&gt;22]" time="0.0005486011505126953"><skipped message="Suite splitting in effect" type="pytest.skip">src/pymortests/grid.py:395: Suite splitting in effect</skipped></testcase><testcase classname="src.pymortests.grid" file="src/pymortests/grid.py" line="395" name="test_boundaries_wrong_arguments[&lt;lambda&gt;23]" time="0.0005109310150146484"><skipped message="Suite splitting in effect" type="pytest.skip">src/pymortests/grid.py:395: Suite splitting in effect</skipped></testcase><testcase classname="src.pymortests.grid" file="src/pymortests/grid.py" line="395" name="test_boundaries_wrong_arguments[&lt;lambda&gt;24]" time="0.0005404949188232422"><skipped message="Suite splitting in effect" type="pytest.skip">src/pymortests/grid.py:395: Suite splitting in effect</skipped></testcase><testcase classname="src.pymortests.grid" file="src/pymortests/grid.py" line="395" name="test_boundaries_wrong_arguments[&lt;lambda&gt;25]" time="0.0005419254302978516"><skipped message="Suite splitting in effect" type="pytest.skip">src/pymortests/grid.py:395: Suite splitting in effect</skipped></testcase><testcase classname="src.pymortests.grid" file="src/pymortests/grid.py" line="395" name="test_boundaries_wrong_arguments[&lt;lambda&gt;26]" time="0.00048661231994628906"><skipped message="Suite splitting in effect" type="pytest.skip">src/pymortests/grid.py:395: Suite splitting in effect</skipped></testcase><testcase classname="src.pymortests.grid" file="src/pymortests/grid.py" line="395" name="test_boundaries_wrong_arguments[&lt;lambda&gt;27]" time="0.0005400180816650391"><skipped message="Suite splitting in effect" type="pytest.skip">src/pymortests/grid.py:395: Suite splitting in effect</skipped></testcase><testcase classname="src.pymortests.grid" file="src/pymortests/grid.py" line="395" name="test_boundaries_wrong_arguments[&lt;lambda&gt;28]" time="0.0005068778991699219"><skipped message="Suite splitting in effect" type="pytest.skip">src/pymortests/grid.py:395: Suite splitting in effect</skipped></testcase><testcase classname="src.pymortests.grid" file="src/pymortests/grid.py" line="395" name="test_boundaries_wrong_arguments[&lt;lambda&gt;29]" time="0.0009377002716064453"><skipped message="Suite splitting in effect" type="pytest.skip">src/pymortests/grid.py:395: Suite splitting in effect</skipped></testcase><testcase classname="src.pymortests.grid" file="src/pymortests/grid.py" line="395" name="test_boundaries_wrong_arguments[&lt;lambda&gt;30]" time="0.00046706199645996094"><skipped message="Suite splitting in effect" type="pytest.skip">src/pymortests/grid.py:395: Suite splitting in effect</skipped></testcase><testcase classname="src.pymortests.grid" file="src/pymortests/grid.py" line="395" name="test_boundaries_wrong_arguments[&lt;lambda&gt;31]" time="0.000469207763671875"><skipped message="Suite splitting in effect" type="pytest.skip">src/pymortests/grid.py:395: Suite splitting in effect</skipped></testcase><testcase classname="src.pymortests.grid" file="src/pymortests/grid.py" line="395" name="test_boundaries_wrong_arguments[&lt;lambda&gt;32]" time="0.0005249977111816406"><skipped message="Suite splitting in effect" type="pytest.skip">src/pymortests/grid.py:395: Suite splitting in effect</skipped></testcase><testcase classname="src.pymortests.grid" file="src/pymortests/grid.py" line="395" name="test_boundaries_wrong_arguments[&lt;lambda&gt;33]" time="0.00046753883361816406"><skipped message="Suite splitting in effect" type="pytest.skip">src/pymortests/grid.py:395: Suite splitting in effect</skipped></testcase><testcase classname="src.pymortests.grid" file="src/pymortests/grid.py" line="395" name="test_boundaries_wrong_arguments[&lt;lambda&gt;34]" time="0.0004773139953613281"><skipped message="Suite splitting in effect" type="pytest.skip">src/pymortests/grid.py:395: Suite splitting in effect</skipped></testcase><testcase classname="src.pymortests.grid" file="src/pymortests/grid.py" line="395" name="test_boundaries_wrong_arguments[&lt;lambda&gt;35]" time="0.0004966259002685547"><skipped message="Suite splitting in effect" type="pytest.skip">src/pymortests/grid.py:395: Suite splitting in effect</skipped></testcase><testcase classname="src.pymortests.grid" file="src/pymortests/grid.py" line="395" name="test_boundaries_wrong_arguments[&lt;lambda&gt;36]" time="0.0004553794860839844"><skipped message="Suite splitting in effect" type="pytest.skip">src/pymortests/grid.py:395: Suite splitting in effect</skipped></testcase><testcase classname="src.pymortests.grid" file="src/pymortests/grid.py" line="395" name="test_boundaries_wrong_arguments[&lt;lambda&gt;37]" time="0.0008268356323242188"><skipped message="Suite splitting in effect" type="pytest.skip">src/pymortests/grid.py:395: Suite splitting in effect</skipped></testcase><testcase classname="src.pymortests.grid" file="src/pymortests/grid.py" line="395" name="test_boundaries_wrong_arguments[&lt;lambda&gt;38]" time="0.0005147457122802734"><skipped message="Suite splitting in effect" type="pytest.skip">src/pymortests/grid.py:395: Suite splitting in effect</skipped></testcase><testcase classname="src.pymortests.grid" file="src/pymortests/grid.py" line="395" name="test_boundaries_wrong_arguments[&lt;lambda&gt;39]" time="0.0004391670227050781"><skipped message="Suite splitting in effect" type="pytest.skip">src/pymortests/grid.py:395: Suite splitting in effect</skipped></testcase><testcase classname="src.pymortests.grid" file="src/pymortests/grid.py" line="395" name="test_boundaries_wrong_arguments[&lt;lambda&gt;40]" time="0.0004911422729492188"><skipped message="Suite splitting in effect" type="pytest.skip">src/pymortests/grid.py:395: Suite splitting in effect</skipped></testcase><testcase classname="src.pymortests.grid" file="src/pymortests/grid.py" line="395" name="test_boundaries_wrong_arguments[&lt;lambda&gt;41]" time="0.00044417381286621094"><skipped message="Suite splitting in effect" type="pytest.skip">src/pymortests/grid.py:395: Suite splitting in effect</skipped></testcase><testcase classname="src.pymortests.grid" file="src/pymortests/grid.py" line="395" name="test_boundaries_wrong_arguments[&lt;lambda&gt;42]" time="0.00046324729919433594"><skipped message="Suite splitting in effect" type="pytest.skip">src/pymortests/grid.py:395: Suite splitting in effect</skipped></testcase><testcase classname="src.pymortests.grid" file="src/pymortests/grid.py" line="403" name="test_boundaries_shape[&lt;lambda&gt;0]" time="0.00047016143798828125"><skipped message="Suite splitting in effect" type="pytest.skip">src/pymortests/grid.py:403: Suite splitting in effect</skipped></testcase><testcase classname="src.pymortests.grid" file="src/pymortests/grid.py" line="403" name="test_boundaries_shape[&lt;lambda&gt;1]" time="0.0004374980926513672"><skipped message="Suite splitting in effect" type="pytest.skip">src/pymortests/grid.py:403: Suite splitting in effect</skipped></testcase><testcase classname="src.pymortests.grid" file="src/pymortests/grid.py" line="403" name="test_boundaries_shape[&lt;lambda&gt;2]" time="0.0007495880126953125"><skipped message="Suite splitting in effect" type="pytest.skip">src/pymortests/grid.py:403: Suite splitting in effect</skipped></testcase><testcase classname="src.pymortests.grid" file="src/pymortests/grid.py" line="403" name="test_boundaries_shape[&lt;lambda&gt;3]" time="0.0005290508270263672"><skipped message="Suite splitting in effect" type="pytest.skip">src/pymortests/grid.py:403: Suite splitting in effect</skipped></testcase><testcase classname="src.pymortests.grid" file="src/pymortests/grid.py" line="403" name="test_boundaries_shape[&lt;lambda&gt;4]" time="0.0004963874816894531"><skipped message="Suite splitting in effect" type="pytest.skip">src/pymortests/grid.py:403: Suite splitting in effect</skipped></testcase><testcase classname="src.pymortests.grid" file="src/pymortests/grid.py" line="403" name="test_boundaries_shape[&lt;lambda&gt;5]" time="0.0004544258117675781"><skipped message="Suite splitting in effect" type="pytest.skip">src/pymortests/grid.py:403: Suite splitting in effect</skipped></testcase><testcase classname="src.pymortests.grid" file="src/pymortests/grid.py" line="403" name="test_boundaries_shape[&lt;lambda&gt;6]" time="0.00045299530029296875"><skipped message="Suite splitting in effect" type="pytest.skip">src/pymortests/grid.py:403: Suite splitting in effect</skipped></testcase><testcase classname="src.pymortests.grid" file="src/pymortests/grid.py" line="403" name="test_boundaries_shape[&lt;lambda&gt;7]" time="0.00041747093200683594"><skipped message="Suite splitting in effect" type="pytest.skip">src/pymortests/grid.py:403: Suite splitting in effect</skipped></testcase><testcase classname="src.pymortests.grid" file="src/pymortests/grid.py" line="403" name="test_boundaries_shape[&lt;lambda&gt;8]" time="0.0004208087921142578"><skipped message="Suite splitting in effect" type="pytest.skip">src/pymortests/grid.py:403: Suite splitting in effect</skipped></testcase><testcase classname="src.pymortests.grid" file="src/pymortests/grid.py" line="403" name="test_boundaries_shape[&lt;lambda&gt;9]" time="0.0004355907440185547"><skipped message="Suite splitting in effect" type="pytest.skip">src/pymortests/grid.py:403: Suite splitting in effect</skipped></testcase><testcase classname="src.pymortests.grid" file="src/pymortests/grid.py" line="403" name="test_boundaries_shape[&lt;lambda&gt;10]" time="0.0007381439208984375"><skipped message="Suite splitting in effect" type="pytest.skip">src/pymortests/grid.py:403: Suite splitting in effect</skipped></testcase><testcase classname="src.pymortests.grid" file="src/pymortests/grid.py" line="403" name="test_boundaries_shape[&lt;lambda&gt;11]" time="0.00048804283142089844"><skipped message="Suite splitting in effect" type="pytest.skip">src/pymortests/grid.py:403: Suite splitting in effect</skipped></testcase><testcase classname="src.pymortests.grid" file="src/pymortests/grid.py" line="403" name="test_boundaries_shape[&lt;lambda&gt;12]" time="0.00043129920959472656"><skipped message="Suite splitting in effect" type="pytest.skip">src/pymortests/grid.py:403: Suite splitting in effect</skipped></testcase><testcase classname="src.pymortests.grid" file="src/pymortests/grid.py" line="403" name="test_boundaries_shape[&lt;lambda&gt;13]" time="0.00048470497131347656"><skipped message="Suite splitting in effect" type="pytest.skip">src/pymortests/grid.py:403: Suite splitting in effect</skipped></testcase><testcase classname="src.pymortests.grid" file="src/pymortests/grid.py" line="403" name="test_boundaries_shape[&lt;lambda&gt;14]" time="0.0004878044128417969"><skipped message="Suite splitting in effect" type="pytest.skip">src/pymortests/grid.py:403: Suite splitting in effect</skipped></testcase><testcase classname="src.pymortests.grid" file="src/pymortests/grid.py" line="403" name="test_boundaries_shape[&lt;lambda&gt;15]" time="0.000461578369140625"><skipped message="Suite splitting in effect" type="pytest.skip">src/pymortests/grid.py:403: Suite splitting in effect</skipped></testcase><testcase classname="src.pymortests.grid" file="src/pymortests/grid.py" line="403" name="test_boundaries_shape[&lt;lambda&gt;16]" time="0.00058746337890625"><skipped message="Suite splitting in effect" type="pytest.skip">src/pymortests/grid.py:403: Suite splitting in effect</skipped></testcase><testcase classname="src.pymortests.grid" file="src/pymortests/grid.py" line="403" name="test_boundaries_shape[&lt;lambda&gt;17]" time="0.0004982948303222656"><skipped message="Suite splitting in effect" type="pytest.skip">src/pymortests/grid.py:403: Suite splitting in effect</skipped></testcase><testcase classname="src.pymortests.grid" file="src/pymortests/grid.py" line="403" name="test_boundaries_shape[&lt;lambda&gt;18]" time="0.0007574558258056641"><skipped message="Suite splitting in effect" type="pytest.skip">src/pymortests/grid.py:403: Suite splitting in effect</skipped></testcase><testcase classname="src.pymortests.grid" file="src/pymortests/grid.py" line="403" name="test_boundaries_shape[&lt;lambda&gt;19]" time="0.0004634857177734375"><skipped message="Suite splitting in effect" type="pytest.skip">src/pymortests/grid.py:403: Suite splitting in effect</skipped></testcase><testcase classname="src.pymortests.grid" file="src/pymortests/grid.py" line="403" name="test_boundaries_shape[&lt;lambda&gt;20]" time="0.0004317760467529297"><skipped message="Suite splitting in effect" type="pytest.skip">src/pymortests/grid.py:403: Suite splitting in effect</skipped></testcase><testcase classname="src.pymortests.grid" file="src/pymortests/grid.py" line="403" name="test_boundaries_shape[&lt;lambda&gt;21]" time="0.0004363059997558594"><skipped message="Suite splitting in effect" type="pytest.skip">src/pymortests/grid.py:403: Suite splitting in effect</skipped></testcase><testcase classname="src.pymortests.grid" file="src/pymortests/grid.py" line="403" name="test_boundaries_shape[&lt;lambda&gt;22]" time="0.000476837158203125"><skipped message="Suite splitting in effect" type="pytest.skip">src/pymortests/grid.py:403: Suite splitting in effect</skipped></testcase><testcase classname="src.pymortests.grid" file="src/pymortests/grid.py" line="403" name="test_boundaries_shape[&lt;lambda&gt;23]" time="0.00044798851013183594"><skipped message="Suite splitting in effect" type="pytest.skip">src/pymortests/grid.py:403: Suite splitting in effect</skipped></testcase><testcase classname="src.pymortests.grid" file="src/pymortests/grid.py" line="403" name="test_boundaries_shape[&lt;lambda&gt;24]" time="0.00047206878662109375"><skipped message="Suite splitting in effect" type="pytest.skip">src/pymortests/grid.py:403: Suite splitting in effect</skipped></testcase><testcase classname="src.pymortests.grid" file="src/pymortests/grid.py" line="403" name="test_boundaries_shape[&lt;lambda&gt;25]" time="0.0004875659942626953"><skipped message="Suite splitting in effect" type="pytest.skip">src/pymortests/grid.py:403: Suite splitting in effect</skipped></testcase><testcase classname="src.pymortests.grid" file="src/pymortests/grid.py" line="403" name="test_boundaries_shape[&lt;lambda&gt;26]" time="0.0010688304901123047"><skipped message="Suite splitting in effect" type="pytest.skip">src/pymortests/grid.py:403: Suite splitting in effect</skipped></testcase><testcase classname="src.pymortests.grid" file="src/pymortests/grid.py" line="403" name="test_boundaries_shape[&lt;lambda&gt;27]" time="0.00045037269592285156"><skipped message="Suite splitting in effect" type="pytest.skip">src/pymortests/grid.py:403: Suite splitting in effect</skipped></testcase><testcase classname="src.pymortests.grid" file="src/pymortests/grid.py" line="403" name="test_boundaries_shape[&lt;lambda&gt;28]" time="0.0005211830139160156"><skipped message="Suite splitting in effect" type="pytest.skip">src/pymortests/grid.py:403: Suite splitting in effect</skipped></testcase><testcase classname="src.pymortests.grid" file="src/pymortests/grid.py" line="403" name="test_boundaries_shape[&lt;lambda&gt;29]" time="0.0005071163177490234"><skipped message="Suite splitting in effect" type="pytest.skip">src/pymortests/grid.py:403: Suite splitting in effect</skipped></testcase><testcase classname="src.pymortests.grid" file="src/pymortests/grid.py" line="403" name="test_boundaries_shape[&lt;lambda&gt;30]" time="0.00042939186096191406"><skipped message="Suite splitting in effect" type="pytest.skip">src/pymortests/grid.py:403: Suite splitting in effect</skipped></testcase><testcase classname="src.pymortests.grid" file="src/pymortests/grid.py" line="403" name="test_boundaries_shape[&lt;lambda&gt;31]" time="0.0005230903625488281"><skipped message="Suite splitting in effect" type="pytest.skip">src/pymortests/grid.py:403: Suite splitting in effect</skipped></testcase><testcase classname="src.pymortests.grid" file="src/pymortests/grid.py" line="403" name="test_boundaries_shape[&lt;lambda&gt;32]" time="0.00043487548828125"><skipped message="Suite splitting in effect" type="pytest.skip">src/pymortests/grid.py:403: Suite splitting in effect</skipped></testcase><testcase classname="src.pymortests.grid" file="src/pymortests/grid.py" line="403" name="test_boundaries_shape[&lt;lambda&gt;33]" time="0.0004744529724121094"><skipped message="Suite splitting in effect" type="pytest.skip">src/pymortests/grid.py:403: Suite splitting in effect</skipped></testcase><testcase classname="src.pymortests.grid" file="src/pymortests/grid.py" line="403" name="test_boundaries_shape[&lt;lambda&gt;34]" time="0.0008597373962402344"><skipped message="Suite splitting in effect" type="pytest.skip">src/pymortests/grid.py:403: Suite splitting in effect</skipped></testcase><testcase classname="src.pymortests.grid" file="src/pymortests/grid.py" line="403" name="test_boundaries_shape[&lt;lambda&gt;35]" time="0.0004870891571044922"><skipped message="Suite splitting in effect" type="pytest.skip">src/pymortests/grid.py:403: Suite splitting in effect</skipped></testcase><testcase classname="src.pymortests.grid" file="src/pymortests/grid.py" line="403" name="test_boundaries_shape[&lt;lambda&gt;36]" time="0.00046896934509277344"><skipped message="Suite splitting in effect" type="pytest.skip">src/pymortests/grid.py:403: Suite splitting in effect</skipped></testcase><testcase classname="src.pymortests.grid" file="src/pymortests/grid.py" line="403" name="test_boundaries_shape[&lt;lambda&gt;37]" time="0.0004968643188476562"><skipped message="Suite splitting in effect" type="pytest.skip">src/pymortests/grid.py:403: Suite splitting in effect</skipped></testcase><testcase classname="src.pymortests.grid" file="src/pymortests/grid.py" line="403" name="test_boundaries_shape[&lt;lambda&gt;38]" time="0.00047206878662109375"><skipped message="Suite splitting in effect" type="pytest.skip">src/pymortests/grid.py:403: Suite splitting in effect</skipped></testcase><testcase classname="src.pymortests.grid" file="src/pymortests/grid.py" line="403" name="test_boundaries_shape[&lt;lambda&gt;39]" time="0.0004620552062988281"><skipped message="Suite splitting in effect" type="pytest.skip">src/pymortests/grid.py:403: Suite splitting in effect</skipped></testcase><testcase classname="src.pymortests.grid" file="src/pymortests/grid.py" line="403" name="test_boundaries_shape[&lt;lambda&gt;40]" time="0.0004730224609375"><skipped message="Suite splitting in effect" type="pytest.skip">src/pymortests/grid.py:403: Suite splitting in effect</skipped></testcase><testcase classname="src.pymortests.grid" file="src/pymortests/grid.py" line="403" name="test_boundaries_shape[&lt;lambda&gt;41]" time="0.0004398822784423828"><skipped message="Suite splitting in effect" type="pytest.skip">src/pymortests/grid.py:403: Suite splitting in effect</skipped></testcase><testcase classname="src.pymortests.grid" file="src/pymortests/grid.py" line="403" name="test_boundaries_shape[&lt;lambda&gt;42]" time="0.0008556842803955078"><skipped message="Suite splitting in effect" type="pytest.skip">src/pymortests/grid.py:403: Suite splitting in effect</skipped></testcase><testcase classname="src.pymortests.grid" file="src/pymortests/grid.py" line="409" name="test_boundaries_dtype[&lt;lambda&gt;0]" time="0.0004734992980957031"><skipped message="Suite splitting in effect" type="pytest.skip">src/pymortests/grid.py:409: Suite splitting in effect</skipped></testcase><testcase classname="src.pymortests.grid" file="src/pymortests/grid.py" line="409" name="test_boundaries_dtype[&lt;lambda&gt;1]" time="0.0004980564117431641"><skipped message="Suite splitting in effect" type="pytest.skip">src/pymortests/grid.py:409: Suite splitting in effect</skipped></testcase><testcase classname="src.pymortests.grid" file="src/pymortests/grid.py" line="409" name="test_boundaries_dtype[&lt;lambda&gt;2]" time="0.00048470497131347656"><skipped message="Suite splitting in effect" type="pytest.skip">src/pymortests/grid.py:409: Suite splitting in effect</skipped></testcase><testcase classname="src.pymortests.grid" file="src/pymortests/grid.py" line="409" name="test_boundaries_dtype[&lt;lambda&gt;3]" time="0.00048732757568359375"><skipped message="Suite splitting in effect" type="pytest.skip">src/pymortests/grid.py:409: Suite splitting in effect</skipped></testcase><testcase classname="src.pymortests.grid" file="src/pymortests/grid.py" line="409" name="test_boundaries_dtype[&lt;lambda&gt;4]" time="0.000484466552734375"><skipped message="Suite splitting in effect" type="pytest.skip">src/pymortests/grid.py:409: Suite splitting in effect</skipped></testcase><testcase classname="src.pymortests.grid" file="src/pymortests/grid.py" line="409" name="test_boundaries_dtype[&lt;lambda&gt;5]" time="0.00044846534729003906"><skipped message="Suite splitting in effect" type="pytest.skip">src/pymortests/grid.py:409: Suite splitting in effect</skipped></testcase><testcase classname="src.pymortests.grid" file="src/pymortests/grid.py" line="409" name="test_boundaries_dtype[&lt;lambda&gt;6]" time="0.00047659873962402344"><skipped message="Suite splitting in effect" type="pytest.skip">src/pymortests/grid.py:409: Suite splitting in effect</skipped></testcase><testcase classname="src.pymortests.grid" file="src/pymortests/grid.py" line="409" name="test_boundaries_dtype[&lt;lambda&gt;7]" time="0.0008819103240966797"><skipped message="Suite splitting in effect" type="pytest.skip">src/pymortests/grid.py:409: Suite splitting in effect</skipped></testcase><testcase classname="src.pymortests.grid" file="src/pymortests/grid.py" line="409" name="test_boundaries_dtype[&lt;lambda&gt;8]" time="0.0005290508270263672"><skipped message="Suite splitting in effect" type="pytest.skip">src/pymortests/grid.py:409: Suite splitting in effect</skipped></testcase><testcase classname="src.pymortests.grid" file="src/pymortests/grid.py" line="409" name="test_boundaries_dtype[&lt;lambda&gt;9]" time="0.0004999637603759766"><skipped message="Suite splitting in effect" type="pytest.skip">src/pymortests/grid.py:409: Suite splitting in effect</skipped></testcase><testcase classname="src.pymortests.grid" file="src/pymortests/grid.py" line="409" name="test_boundaries_dtype[&lt;lambda&gt;10]" time="0.0005047321319580078"><skipped message="Suite splitting in effect" type="pytest.skip">src/pymortests/grid.py:409: Suite splitting in effect</skipped></testcase><testcase classname="src.pymortests.grid" file="src/pymortests/grid.py" line="409" name="test_boundaries_dtype[&lt;lambda&gt;11]" time="0.0004730224609375"><skipped message="Suite splitting in effect" type="pytest.skip">src/pymortests/grid.py:409: Suite splitting in effect</skipped></testcase><testcase classname="src.pymortests.grid" file="src/pymortests/grid.py" line="409" name="test_boundaries_dtype[&lt;lambda&gt;12]" time="0.00046324729919433594"><skipped message="Suite splitting in effect" type="pytest.skip">src/pymortests/grid.py:409: Suite splitting in effect</skipped></testcase><testcase classname="src.pymortests.grid" file="src/pymortests/grid.py" line="409" name="test_boundaries_dtype[&lt;lambda&gt;13]" time="0.00054931640625"><skipped message="Suite splitting in effect" type="pytest.skip">src/pymortests/grid.py:409: Suite splitting in effect</skipped></testcase><testcase classname="src.pymortests.grid" file="src/pymortests/grid.py" line="409" name="test_boundaries_dtype[&lt;lambda&gt;14]" time="0.0005283355712890625"><skipped message="Suite splitting in effect" type="pytest.skip">src/pymortests/grid.py:409: Suite splitting in effect</skipped></testcase><testcase classname="src.pymortests.grid" file="src/pymortests/grid.py" line="409" name="test_boundaries_dtype[&lt;lambda&gt;15]" time="0.0008401870727539062"><skipped message="Suite splitting in effect" type="pytest.skip">src/pymortests/grid.py:409: Suite splitting in effect</skipped></testcase><testcase classname="src.pymortests.grid" file="src/pymortests/grid.py" line="409" name="test_boundaries_dtype[&lt;lambda&gt;16]" time="0.00048279762268066406"><skipped message="Suite splitting in effect" type="pytest.skip">src/pymortests/grid.py:409: Suite splitting in effect</skipped></testcase><testcase classname="src.pymortests.grid" file="src/pymortests/grid.py" line="409" name="test_boundaries_dtype[&lt;lambda&gt;17]" time="0.0004363059997558594"><skipped message="Suite splitting in effect" type="pytest.skip">src/pymortests/grid.py:409: Suite splitting in effect</skipped></testcase><testcase classname="src.pymortests.grid" file="src/pymortests/grid.py" line="409" name="test_boundaries_dtype[&lt;lambda&gt;18]" time="0.00045800209045410156"><skipped message="Suite splitting in effect" type="pytest.skip">src/pymortests/grid.py:409: Suite splitting in effect</skipped></testcase><testcase classname="src.pymortests.grid" file="src/pymortests/grid.py" line="409" name="test_boundaries_dtype[&lt;lambda&gt;19]" time="0.0004889965057373047"><skipped message="Suite splitting in effect" type="pytest.skip">src/pymortests/grid.py:409: Suite splitting in effect</skipped></testcase><testcase classname="src.pymortests.grid" file="src/pymortests/grid.py" line="409" name="test_boundaries_dtype[&lt;lambda&gt;20]" time="0.0005035400390625"><skipped message="Suite splitting in effect" type="pytest.skip">src/pymortests/grid.py:409: Suite splitting in effect</skipped></testcase><testcase classname="src.pymortests.grid" file="src/pymortests/grid.py" line="409" name="test_boundaries_dtype[&lt;lambda&gt;21]" time="0.00046133995056152344"><skipped message="Suite splitting in effect" type="pytest.skip">src/pymortests/grid.py:409: Suite splitting in effect</skipped></testcase><testcase classname="src.pymortests.grid" file="src/pymortests/grid.py" line="409" name="test_boundaries_dtype[&lt;lambda&gt;22]" time="0.0005424022674560547"><skipped message="Suite splitting in effect" type="pytest.skip">src/pymortests/grid.py:409: Suite splitting in effect</skipped></testcase><testcase classname="src.pymortests.grid" file="src/pymortests/grid.py" line="409" name="test_boundaries_dtype[&lt;lambda&gt;23]" time="0.0008933544158935547"><skipped message="Suite splitting in effect" type="pytest.skip">src/pymortests/grid.py:409: Suite splitting in effect</skipped></testcase><testcase classname="src.pymortests.grid" file="src/pymortests/grid.py" line="409" name="test_boundaries_dtype[&lt;lambda&gt;24]" time="0.0004436969757080078"><skipped message="Suite splitting in effect" type="pytest.skip">src/pymortests/grid.py:409: Suite splitting in effect</skipped></testcase><testcase classname="src.pymortests.grid" file="src/pymortests/grid.py" line="409" name="test_boundaries_dtype[&lt;lambda&gt;25]" time="0.000476837158203125"><skipped message="Suite splitting in effect" type="pytest.skip">src/pymortests/grid.py:409: Suite splitting in effect</skipped></testcase><testcase classname="src.pymortests.grid" file="src/pymortests/grid.py" line="409" name="test_boundaries_dtype[&lt;lambda&gt;26]" time="0.0004296302795410156"><skipped message="Suite splitting in effect" type="pytest.skip">src/pymortests/grid.py:409: Suite splitting in effect</skipped></testcase><testcase classname="src.pymortests.grid" file="src/pymortests/grid.py" line="409" name="test_boundaries_dtype[&lt;lambda&gt;27]" time="0.0004374980926513672"><skipped message="Suite splitting in effect" type="pytest.skip">src/pymortests/grid.py:409: Suite splitting in effect</skipped></testcase><testcase classname="src.pymortests.grid" file="src/pymortests/grid.py" line="409" name="test_boundaries_dtype[&lt;lambda&gt;28]" time="0.0005078315734863281"><skipped message="Suite splitting in effect" type="pytest.skip">src/pymortests/grid.py:409: Suite splitting in effect</skipped></testcase><testcase classname="src.pymortests.grid" file="src/pymortests/grid.py" line="409" name="test_boundaries_dtype[&lt;lambda&gt;29]" time="0.0004947185516357422"><skipped message="Suite splitting in effect" type="pytest.skip">src/pymortests/grid.py:409: Suite splitting in effect</skipped></testcase><testcase classname="src.pymortests.grid" file="src/pymortests/grid.py" line="409" name="test_boundaries_dtype[&lt;lambda&gt;30]" time="0.00046753883361816406"><skipped message="Suite splitting in effect" type="pytest.skip">src/pymortests/grid.py:409: Suite splitting in effect</skipped></testcase><testcase classname="src.pymortests.grid" file="src/pymortests/grid.py" line="409" name="test_boundaries_dtype[&lt;lambda&gt;31]" time="0.0007846355438232422"><skipped message="Suite splitting in effect" type="pytest.skip">src/pymortests/grid.py:409: Suite splitting in effect</skipped></testcase><testcase classname="src.pymortests.grid" file="src/pymortests/grid.py" line="409" name="test_boundaries_dtype[&lt;lambda&gt;32]" time="0.0004963874816894531"><skipped message="Suite splitting in effect" type="pytest.skip">src/pymortests/grid.py:409: Suite splitting in effect</skipped></testcase><testcase classname="src.pymortests.grid" file="src/pymortests/grid.py" line="409" name="test_boundaries_dtype[&lt;lambda&gt;33]" time="0.0004544258117675781"><skipped message="Suite splitting in effect" type="pytest.skip">src/pymortests/grid.py:409: Suite splitting in effect</skipped></testcase><testcase classname="src.pymortests.grid" file="src/pymortests/grid.py" line="409" name="test_boundaries_dtype[&lt;lambda&gt;34]" time="0.00042629241943359375"><skipped message="Suite splitting in effect" type="pytest.skip">src/pymortests/grid.py:409: Suite splitting in effect</skipped></testcase><testcase classname="src.pymortests.grid" file="src/pymortests/grid.py" line="409" name="test_boundaries_dtype[&lt;lambda&gt;35]" time="0.0004267692565917969"><skipped message="Suite splitting in effect" type="pytest.skip">src/pymortests/grid.py:409: Suite splitting in effect</skipped></testcase><testcase classname="src.pymortests.grid" file="src/pymortests/grid.py" line="409" name="test_boundaries_dtype[&lt;lambda&gt;36]" time="0.0004875659942626953"><skipped message="Suite splitting in effect" type="pytest.skip">src/pymortests/grid.py:409: Suite splitting in effect</skipped></testcase><testcase classname="src.pymortests.grid" file="src/pymortests/grid.py" line="409" name="test_boundaries_dtype[&lt;lambda&gt;37]" time="0.0005028247833251953"><skipped message="Suite splitting in effect" type="pytest.skip">src/pymortests/grid.py:409: Suite splitting in effect</skipped></testcase><testcase classname="src.pymortests.grid" file="src/pymortests/grid.py" line="409" name="test_boundaries_dtype[&lt;lambda&gt;38]" time="0.0004563331604003906"><skipped message="Suite splitting in effect" type="pytest.skip">src/pymortests/grid.py:409: Suite splitting in effect</skipped></testcase><testcase classname="src.pymortests.grid" file="src/pymortests/grid.py" line="409" name="test_boundaries_dtype[&lt;lambda&gt;39]" time="0.0007662773132324219"><skipped message="Suite splitting in effect" type="pytest.skip">src/pymortests/grid.py:409: Suite splitting in effect</skipped></testcase><testcase classname="src.pymortests.grid" file="src/pymortests/grid.py" line="409" name="test_boundaries_dtype[&lt;lambda&gt;40]" time="0.0004858970642089844"><skipped message="Suite splitting in effect" type="pytest.skip">src/pymortests/grid.py:409: Suite splitting in effect</skipped></testcase><testcase classname="src.pymortests.grid" file="src/pymortests/grid.py" line="409" name="test_boundaries_dtype[&lt;lambda&gt;41]" time="0.0004436969757080078"><skipped message="Suite splitting in effect" type="pytest.skip">src/pymortests/grid.py:409: Suite splitting in effect</skipped></testcase><testcase classname="src.pymortests.grid" file="src/pymortests/grid.py" line="409" name="test_boundaries_dtype[&lt;lambda&gt;42]" time="0.0004949569702148438"><skipped message="Suite splitting in effect" type="pytest.skip">src/pymortests/grid.py:409: Suite splitting in effect</skipped></testcase><testcase classname="src.pymortests.grid" file="src/pymortests/grid.py" line="415" name="test_boundaries_entry_value_range[&lt;lambda&gt;0]" time="0.0005724430084228516"><skipped message="Suite splitting in effect" type="pytest.skip">src/pymortests/grid.py:415: Suite splitting in effect</skipped></testcase><testcase classname="src.pymortests.grid" file="src/pymortests/grid.py" line="415" name="test_boundaries_entry_value_range[&lt;lambda&gt;1]" time="0.0004889965057373047"><skipped message="Suite splitting in effect" type="pytest.skip">src/pymortests/grid.py:415: Suite splitting in effect</skipped></testcase><testcase classname="src.pymortests.grid" file="src/pymortests/grid.py" line="415" name="test_boundaries_entry_value_range[&lt;lambda&gt;2]" time="0.0004973411560058594"><skipped message="Suite splitting in effect" type="pytest.skip">src/pymortests/grid.py:415: Suite splitting in effect</skipped></testcase><testcase classname="src.pymortests.grid" file="src/pymortests/grid.py" line="415" name="test_boundaries_entry_value_range[&lt;lambda&gt;3]" time="0.0005185604095458984"><skipped message="Suite splitting in effect" type="pytest.skip">src/pymortests/grid.py:415: Suite splitting in effect</skipped></testcase><testcase classname="src.pymortests.grid" file="src/pymortests/grid.py" line="415" name="test_boundaries_entry_value_range[&lt;lambda&gt;4]" time="0.0009095668792724609"><skipped message="Suite splitting in effect" type="pytest.skip">src/pymortests/grid.py:415: Suite splitting in effect</skipped></testcase><testcase classname="src.pymortests.grid" file="src/pymortests/grid.py" line="415" name="test_boundaries_entry_value_range[&lt;lambda&gt;5]" time="0.0004696846008300781"><skipped message="Suite splitting in effect" type="pytest.skip">src/pymortests/grid.py:415: Suite splitting in effect</skipped></testcase><testcase classname="src.pymortests.grid" file="src/pymortests/grid.py" line="415" name="test_boundaries_entry_value_range[&lt;lambda&gt;6]" time="0.0005021095275878906"><skipped message="Suite splitting in effect" type="pytest.skip">src/pymortests/grid.py:415: Suite splitting in effect</skipped></testcase><testcase classname="src.pymortests.grid" file="src/pymortests/grid.py" line="415" name="test_boundaries_entry_value_range[&lt;lambda&gt;7]" time="0.0005266666412353516"><skipped message="Suite splitting in effect" type="pytest.skip">src/pymortests/grid.py:415: Suite splitting in effect</skipped></testcase><testcase classname="src.pymortests.grid" file="src/pymortests/grid.py" line="415" name="test_boundaries_entry_value_range[&lt;lambda&gt;8]" time="0.0004329681396484375"><skipped message="Suite splitting in effect" type="pytest.skip">src/pymortests/grid.py:415: Suite splitting in effect</skipped></testcase><testcase classname="src.pymortests.grid" file="src/pymortests/grid.py" line="415" name="test_boundaries_entry_value_range[&lt;lambda&gt;9]" time="0.0004916191101074219"><skipped message="Suite splitting in effect" type="pytest.skip">src/pymortests/grid.py:415: Suite splitting in effect</skipped></testcase><testcase classname="src.pymortests.grid" file="src/pymortests/grid.py" line="415" name="test_boundaries_entry_value_range[&lt;lambda&gt;10]" time="0.001283884048461914"><skipped message="Suite splitting in effect" type="pytest.skip">src/pymortests/grid.py:415: Suite splitting in effect</skipped></testcase><testcase classname="src.pymortests.grid" file="src/pymortests/grid.py" line="415" name="test_boundaries_entry_value_range[&lt;lambda&gt;11]" time="0.0004985332489013672"><skipped message="Suite splitting in effect" type="pytest.skip">src/pymortests/grid.py:415: Suite splitting in effect</skipped></testcase><testcase classname="src.pymortests.grid" file="src/pymortests/grid.py" line="415" name="test_boundaries_entry_value_range[&lt;lambda&gt;12]" time="0.0011844635009765625"><skipped message="Suite splitting in effect" type="pytest.skip">src/pymortests/grid.py:415: Suite splitting in effect</skipped></testcase><testcase classname="src.pymortests.grid" file="src/pymortests/grid.py" line="415" name="test_boundaries_entry_value_range[&lt;lambda&gt;13]" time="0.0004892349243164062"><skipped message="Suite splitting in effect" type="pytest.skip">src/pymortests/grid.py:415: Suite splitting in effect</skipped></testcase><testcase classname="src.pymortests.grid" file="src/pymortests/grid.py" line="415" name="test_boundaries_entry_value_range[&lt;lambda&gt;14]" time="0.0005474090576171875"><skipped message="Suite splitting in effect" type="pytest.skip">src/pymortests/grid.py:415: Suite splitting in effect</skipped></testcase><testcase classname="src.pymortests.grid" file="src/pymortests/grid.py" line="415" name="test_boundaries_entry_value_range[&lt;lambda&gt;15]" time="0.0005049705505371094"><skipped message="Suite splitting in effect" type="pytest.skip">src/pymortests/grid.py:415: Suite splitting in effect</skipped></testcase><testcase classname="src.pymortests.grid" file="src/pymortests/grid.py" line="415" name="test_boundaries_entry_value_range[&lt;lambda&gt;16]" time="0.00046753883361816406"><skipped message="Suite splitting in effect" type="pytest.skip">src/pymortests/grid.py:415: Suite splitting in effect</skipped></testcase><testcase classname="src.pymortests.grid" file="src/pymortests/grid.py" line="415" name="test_boundaries_entry_value_range[&lt;lambda&gt;17]" time="0.0004990100860595703"><skipped message="Suite splitting in effect" type="pytest.skip">src/pymortests/grid.py:415: Suite splitting in effect</skipped></testcase><testcase classname="src.pymortests.grid" file="src/pymortests/grid.py" line="415" name="test_boundaries_entry_value_range[&lt;lambda&gt;18]" time="0.0005369186401367188"><skipped message="Suite splitting in effect" type="pytest.skip">src/pymortests/grid.py:415: Suite splitting in effect</skipped></testcase><testcase classname="src.pymortests.grid" file="src/pymortests/grid.py" line="415" name="test_boundaries_entry_value_range[&lt;lambda&gt;19]" time="0.0004451274871826172"><skipped message="Suite splitting in effect" type="pytest.skip">src/pymortests/grid.py:415: Suite splitting in effect</skipped></testcase><testcase classname="src.pymortests.grid" file="src/pymortests/grid.py" line="415" name="test_boundaries_entry_value_range[&lt;lambda&gt;20]" time="0.0008034706115722656"><skipped message="Suite splitting in effect" type="pytest.skip">src/pymortests/grid.py:415: Suite splitting in effect</skipped></testcase><testcase classname="src.pymortests.grid" file="src/pymortests/grid.py" line="415" name="test_boundaries_entry_value_range[&lt;lambda&gt;21]" time="0.0004279613494873047"><skipped message="Suite splitting in effect" type="pytest.skip">src/pymortests/grid.py:415: Suite splitting in effect</skipped></testcase><testcase classname="src.pymortests.grid" file="src/pymortests/grid.py" line="415" name="test_boundaries_entry_value_range[&lt;lambda&gt;22]" time="0.0004248619079589844"><skipped message="Suite splitting in effect" type="pytest.skip">src/pymortests/grid.py:415: Suite splitting in effect</skipped></testcase><testcase classname="src.pymortests.grid" file="src/pymortests/grid.py" line="415" name="test_boundaries_entry_value_range[&lt;lambda&gt;23]" time="0.0005068778991699219"><skipped message="Suite splitting in effect" type="pytest.skip">src/pymortests/grid.py:415: Suite splitting in effect</skipped></testcase><testcase classname="src.pymortests.grid" file="src/pymortests/grid.py" line="415" name="test_boundaries_entry_value_range[&lt;lambda&gt;24]" time="0.0005471706390380859"><skipped message="Suite splitting in effect" type="pytest.skip">src/pymortests/grid.py:415: Suite splitting in effect</skipped></testcase><testcase classname="src.pymortests.grid" file="src/pymortests/grid.py" line="415" name="test_boundaries_entry_value_range[&lt;lambda&gt;25]" time="0.0004608631134033203"><skipped message="Suite splitting in effect" type="pytest.skip">src/pymortests/grid.py:415: Suite splitting in effect</skipped></testcase><testcase classname="src.pymortests.grid" file="src/pymortests/grid.py" line="415" name="test_boundaries_entry_value_range[&lt;lambda&gt;26]" time="0.0004904270172119141"><skipped message="Suite splitting in effect" type="pytest.skip">src/pymortests/grid.py:415: Suite splitting in effect</skipped></testcase><testcase classname="src.pymortests.grid" file="src/pymortests/grid.py" line="415" name="test_boundaries_entry_value_range[&lt;lambda&gt;27]" time="0.0004649162292480469"><skipped message="Suite splitting in effect" type="pytest.skip">src/pymortests/grid.py:415: Suite splitting in effect</skipped></testcase><testcase classname="src.pymortests.grid" file="src/pymortests/grid.py" line="415" name="test_boundaries_entry_value_range[&lt;lambda&gt;28]" time="0.0008208751678466797"><skipped message="Suite splitting in effect" type="pytest.skip">src/pymortests/grid.py:415: Suite splitting in effect</skipped></testcase><testcase classname="src.pymortests.grid" file="src/pymortests/grid.py" line="415" name="test_boundaries_entry_value_range[&lt;lambda&gt;29]" time="0.0004475116729736328"><skipped message="Suite splitting in effect" type="pytest.skip">src/pymortests/grid.py:415: Suite splitting in effect</skipped></testcase><testcase classname="src.pymortests.grid" file="src/pymortests/grid.py" line="415" name="test_boundaries_entry_value_range[&lt;lambda&gt;30]" time="0.0004949569702148438"><skipped message="Suite splitting in effect" type="pytest.skip">src/pymortests/grid.py:415: Suite splitting in effect</skipped></testcase><testcase classname="src.pymortests.grid" file="src/pymortests/grid.py" line="415" name="test_boundaries_entry_value_range[&lt;lambda&gt;31]" time="0.0004949569702148438"><skipped message="Suite splitting in effect" type="pytest.skip">src/pymortests/grid.py:415: Suite splitting in effect</skipped></testcase><testcase classname="src.pymortests.grid" file="src/pymortests/grid.py" line="415" name="test_boundaries_entry_value_range[&lt;lambda&gt;32]" time="0.0004570484161376953"><skipped message="Suite splitting in effect" type="pytest.skip">src/pymortests/grid.py:415: Suite splitting in effect</skipped></testcase><testcase classname="src.pymortests.grid" file="src/pymortests/grid.py" line="415" name="test_boundaries_entry_value_range[&lt;lambda&gt;33]" time="0.0005059242248535156"><skipped message="Suite splitting in effect" type="pytest.skip">src/pymortests/grid.py:415: Suite splitting in effect</skipped></testcase><testcase classname="src.pymortests.grid" file="src/pymortests/grid.py" line="415" name="test_boundaries_entry_value_range[&lt;lambda&gt;34]" time="0.0005228519439697266"><skipped message="Suite splitting in effect" type="pytest.skip">src/pymortests/grid.py:415: Suite splitting in effect</skipped></testcase><testcase classname="src.pymortests.grid" file="src/pymortests/grid.py" line="415" name="test_boundaries_entry_value_range[&lt;lambda&gt;35]" time="0.0004303455352783203"><skipped message="Suite splitting in effect" type="pytest.skip">src/pymortests/grid.py:415: Suite splitting in effect</skipped></testcase><testcase classname="src.pymortests.grid" file="src/pymortests/grid.py" line="415" name="test_boundaries_entry_value_range[&lt;lambda&gt;36]" time="0.001068115234375"><skipped message="Suite splitting in effect" type="pytest.skip">src/pymortests/grid.py:415: Suite splitting in effect</skipped></testcase><testcase classname="src.pymortests.grid" file="src/pymortests/grid.py" line="415" name="test_boundaries_entry_value_range[&lt;lambda&gt;37]" time="0.00044655799865722656"><skipped message="Suite splitting in effect" type="pytest.skip">src/pymortests/grid.py:415: Suite splitting in effect</skipped></testcase><testcase classname="src.pymortests.grid" file="src/pymortests/grid.py" line="415" name="test_boundaries_entry_value_range[&lt;lambda&gt;38]" time="0.0004971027374267578"><skipped message="Suite splitting in effect" type="pytest.skip">src/pymortests/grid.py:415: Suite splitting in effect</skipped></testcase><testcase classname="src.pymortests.grid" file="src/pymortests/grid.py" line="415" name="test_boundaries_entry_value_range[&lt;lambda&gt;39]" time="0.00044989585876464844"><skipped message="Suite splitting in effect" type="pytest.skip">src/pymortests/grid.py:415: Suite splitting in effect</skipped></testcase><testcase classname="src.pymortests.grid" file="src/pymortests/grid.py" line="415" name="test_boundaries_entry_value_range[&lt;lambda&gt;40]" time="0.0004954338073730469"><skipped message="Suite splitting in effect" type="pytest.skip">src/pymortests/grid.py:415: Suite splitting in effect</skipped></testcase><testcase classname="src.pymortests.grid" file="src/pymortests/grid.py" line="415" name="test_boundaries_entry_value_range[&lt;lambda&gt;41]" time="0.00046634674072265625"><skipped message="Suite splitting in effect" type="pytest.skip">src/pymortests/grid.py:415: Suite splitting in effect</skipped></testcase><testcase classname="src.pymortests.grid" file="src/pymortests/grid.py" line="415" name="test_boundaries_entry_value_range[&lt;lambda&gt;42]" time="0.0004284381866455078"><skipped message="Suite splitting in effect" type="pytest.skip">src/pymortests/grid.py:415: Suite splitting in effect</skipped></testcase><testcase classname="src.pymortests.grid" file="src/pymortests/grid.py" line="422" name="test_boundaries_entries[&lt;lambda&gt;0]" time="0.0004904270172119141"><skipped message="Suite splitting in effect" type="pytest.skip">src/pymortests/grid.py:422: Suite splitting in effect</skipped></testcase><testcase classname="src.pymortests.grid" file="src/pymortests/grid.py" line="422" name="test_boundaries_entries[&lt;lambda&gt;1]" time="0.0008671283721923828"><skipped message="Suite splitting in effect" type="pytest.skip">src/pymortests/grid.py:422: Suite splitting in effect</skipped></testcase><testcase classname="src.pymortests.grid" file="src/pymortests/grid.py" line="422" name="test_boundaries_entries[&lt;lambda&gt;2]" time="0.00047707557678222656"><skipped message="Suite splitting in effect" type="pytest.skip">src/pymortests/grid.py:422: Suite splitting in effect</skipped></testcase><testcase classname="src.pymortests.grid" file="src/pymortests/grid.py" line="422" name="test_boundaries_entries[&lt;lambda&gt;3]" time="0.0005028247833251953"><skipped message="Suite splitting in effect" type="pytest.skip">src/pymortests/grid.py:422: Suite splitting in effect</skipped></testcase><testcase classname="src.pymortests.grid" file="src/pymortests/grid.py" line="422" name="test_boundaries_entries[&lt;lambda&gt;4]" time="0.0004894733428955078"><skipped message="Suite splitting in effect" type="pytest.skip">src/pymortests/grid.py:422: Suite splitting in effect</skipped></testcase><testcase classname="src.pymortests.grid" file="src/pymortests/grid.py" line="422" name="test_boundaries_entries[&lt;lambda&gt;5]" time="0.0005908012390136719"><skipped message="Suite splitting in effect" type="pytest.skip">src/pymortests/grid.py:422: Suite splitting in effect</skipped></testcase><testcase classname="src.pymortests.grid" file="src/pymortests/grid.py" line="422" name="test_boundaries_entries[&lt;lambda&gt;6]" time="0.0004699230194091797"><skipped message="Suite splitting in effect" type="pytest.skip">src/pymortests/grid.py:422: Suite splitting in effect</skipped></testcase><testcase classname="src.pymortests.grid" file="src/pymortests/grid.py" line="422" name="test_boundaries_entries[&lt;lambda&gt;7]" time="0.0004487037658691406"><skipped message="Suite splitting in effect" type="pytest.skip">src/pymortests/grid.py:422: Suite splitting in effect</skipped></testcase><testcase classname="src.pymortests.grid" file="src/pymortests/grid.py" line="422" name="test_boundaries_entries[&lt;lambda&gt;8]" time="0.0005419254302978516"><skipped message="Suite splitting in effect" type="pytest.skip">src/pymortests/grid.py:422: Suite splitting in effect</skipped></testcase><testcase classname="src.pymortests.grid" file="src/pymortests/grid.py" line="422" name="test_boundaries_entries[&lt;lambda&gt;9]" time="0.0007579326629638672"><skipped message="Suite splitting in effect" type="pytest.skip">src/pymortests/grid.py:422: Suite splitting in effect</skipped></testcase><testcase classname="src.pymortests.grid" file="src/pymortests/grid.py" line="422" name="test_boundaries_entries[&lt;lambda&gt;10]" time="0.0005118846893310547"><skipped message="Suite splitting in effect" type="pytest.skip">src/pymortests/grid.py:422: Suite splitting in effect</skipped></testcase><testcase classname="src.pymortests.grid" file="src/pymortests/grid.py" line="422" name="test_boundaries_entries[&lt;lambda&gt;11]" time="0.0005114078521728516"><skipped message="Suite splitting in effect" type="pytest.skip">src/pymortests/grid.py:422: Suite splitting in effect</skipped></testcase><testcase classname="src.pymortests.grid" file="src/pymortests/grid.py" line="422" name="test_boundaries_entries[&lt;lambda&gt;12]" time="0.000461578369140625"><skipped message="Suite splitting in effect" type="pytest.skip">src/pymortests/grid.py:422: Suite splitting in effect</skipped></testcase><testcase classname="src.pymortests.grid" file="src/pymortests/grid.py" line="422" name="test_boundaries_entries[&lt;lambda&gt;13]" time="0.000484466552734375"><skipped message="Suite splitting in effect" type="pytest.skip">src/pymortests/grid.py:422: Suite splitting in effect</skipped></testcase><testcase classname="src.pymortests.grid" file="src/pymortests/grid.py" line="422" name="test_boundaries_entries[&lt;lambda&gt;14]" time="0.0005340576171875"><skipped message="Suite splitting in effect" type="pytest.skip">src/pymortests/grid.py:422: Suite splitting in effect</skipped></testcase><testcase classname="src.pymortests.grid" file="src/pymortests/grid.py" line="422" name="test_boundaries_entries[&lt;lambda&gt;15]" time="0.0004703998565673828"><skipped message="Suite splitting in effect" type="pytest.skip">src/pymortests/grid.py:422: Suite splitting in effect</skipped></testcase><testcase classname="src.pymortests.grid" file="src/pymortests/grid.py" line="422" name="test_boundaries_entries[&lt;lambda&gt;16]" time="0.0004563331604003906"><skipped message="Suite splitting in effect" type="pytest.skip">src/pymortests/grid.py:422: Suite splitting in effect</skipped></testcase><testcase classname="src.pymortests.grid" file="src/pymortests/grid.py" line="422" name="test_boundaries_entries[&lt;lambda&gt;17]" time="0.0008683204650878906"><skipped message="Suite splitting in effect" type="pytest.skip">src/pymortests/grid.py:422: Suite splitting in effect</skipped></testcase><testcase classname="src.pymortests.grid" file="src/pymortests/grid.py" line="422" name="test_boundaries_entries[&lt;lambda&gt;18]" time="0.0005061626434326172"><skipped message="Suite splitting in effect" type="pytest.skip">src/pymortests/grid.py:422: Suite splitting in effect</skipped></testcase><testcase classname="src.pymortests.grid" file="src/pymortests/grid.py" line="422" name="test_boundaries_entries[&lt;lambda&gt;19]" time="0.0004673004150390625"><skipped message="Suite splitting in effect" type="pytest.skip">src/pymortests/grid.py:422: Suite splitting in effect</skipped></testcase><testcase classname="src.pymortests.grid" file="src/pymortests/grid.py" line="422" name="test_boundaries_entries[&lt;lambda&gt;20]" time="0.0004379749298095703"><skipped message="Suite splitting in effect" type="pytest.skip">src/pymortests/grid.py:422: Suite splitting in effect</skipped></testcase><testcase classname="src.pymortests.grid" file="src/pymortests/grid.py" line="422" name="test_boundaries_entries[&lt;lambda&gt;21]" time="0.00044417381286621094"><skipped message="Suite splitting in effect" type="pytest.skip">src/pymortests/grid.py:422: Suite splitting in effect</skipped></testcase><testcase classname="src.pymortests.grid" file="src/pymortests/grid.py" line="422" name="test_boundaries_entries[&lt;lambda&gt;22]" time="0.0004899501800537109"><skipped message="Suite splitting in effect" type="pytest.skip">src/pymortests/grid.py:422: Suite splitting in effect</skipped></testcase><testcase classname="src.pymortests.grid" file="src/pymortests/grid.py" line="422" name="test_boundaries_entries[&lt;lambda&gt;23]" time="0.0005009174346923828"><skipped message="Suite splitting in effect" type="pytest.skip">src/pymortests/grid.py:422: Suite splitting in effect</skipped></testcase><testcase classname="src.pymortests.grid" file="src/pymortests/grid.py" line="422" name="test_boundaries_entries[&lt;lambda&gt;24]" time="0.0004661083221435547"><skipped message="Suite splitting in effect" type="pytest.skip">src/pymortests/grid.py:422: Suite splitting in effect</skipped></testcase><testcase classname="src.pymortests.grid" file="src/pymortests/grid.py" line="422" name="test_boundaries_entries[&lt;lambda&gt;25]" time="0.0007872581481933594"><skipped message="Suite splitting in effect" type="pytest.skip">src/pymortests/grid.py:422: Suite splitting in effect</skipped></testcase><testcase classname="src.pymortests.grid" file="src/pymortests/grid.py" line="422" name="test_boundaries_entries[&lt;lambda&gt;26]" time="0.0005204677581787109"><skipped message="Suite splitting in effect" type="pytest.skip">src/pymortests/grid.py:422: Suite splitting in effect</skipped></testcase><testcase classname="src.pymortests.grid" file="src/pymortests/grid.py" line="422" name="test_boundaries_entries[&lt;lambda&gt;27]" time="0.000507354736328125"><skipped message="Suite splitting in effect" type="pytest.skip">src/pymortests/grid.py:422: Suite splitting in effect</skipped></testcase><testcase classname="src.pymortests.grid" file="src/pymortests/grid.py" line="422" name="test_boundaries_entries[&lt;lambda&gt;28]" time="0.0004723072052001953"><skipped message="Suite splitting in effect" type="pytest.skip">src/pymortests/grid.py:422: Suite splitting in effect</skipped></testcase><testcase classname="src.pymortests.grid" file="src/pymortests/grid.py" line="422" name="test_boundaries_entries[&lt;lambda&gt;29]" time="0.0005004405975341797"><skipped message="Suite splitting in effect" type="pytest.skip">src/pymortests/grid.py:422: Suite splitting in effect</skipped></testcase><testcase classname="src.pymortests.grid" file="src/pymortests/grid.py" line="422" name="test_boundaries_entries[&lt;lambda&gt;30]" time="0.00045418739318847656"><skipped message="Suite splitting in effect" type="pytest.skip">src/pymortests/grid.py:422: Suite splitting in effect</skipped></testcase><testcase classname="src.pymortests.grid" file="src/pymortests/grid.py" line="422" name="test_boundaries_entries[&lt;lambda&gt;31]" time="0.00046443939208984375"><skipped message="Suite splitting in effect" type="pytest.skip">src/pymortests/grid.py:422: Suite splitting in effect</skipped></testcase><testcase classname="src.pymortests.grid" file="src/pymortests/grid.py" line="422" name="test_boundaries_entries[&lt;lambda&gt;32]" time="0.0004355907440185547"><skipped message="Suite splitting in effect" type="pytest.skip">src/pymortests/grid.py:422: Suite splitting in effect</skipped></testcase><testcase classname="src.pymortests.grid" file="src/pymortests/grid.py" line="422" name="test_boundaries_entries[&lt;lambda&gt;33]" time="0.0007996559143066406"><skipped message="Suite splitting in effect" type="pytest.skip">src/pymortests/grid.py:422: Suite splitting in effect</skipped></testcase><testcase classname="src.pymortests.grid" file="src/pymortests/grid.py" line="422" name="test_boundaries_entries[&lt;lambda&gt;34]" time="0.0004968643188476562"><skipped message="Suite splitting in effect" type="pytest.skip">src/pymortests/grid.py:422: Suite splitting in effect</skipped></testcase><testcase classname="src.pymortests.grid" file="src/pymortests/grid.py" line="422" name="test_boundaries_entries[&lt;lambda&gt;35]" time="0.0004887580871582031"><skipped message="Suite splitting in effect" type="pytest.skip">src/pymortests/grid.py:422: Suite splitting in effect</skipped></testcase><testcase classname="src.pymortests.grid" file="src/pymortests/grid.py" line="422" name="test_boundaries_entries[&lt;lambda&gt;36]" time="0.0004570484161376953"><skipped message="Suite splitting in effect" type="pytest.skip">src/pymortests/grid.py:422: Suite splitting in effect</skipped></testcase><testcase classname="src.pymortests.grid" file="src/pymortests/grid.py" line="422" name="test_boundaries_entries[&lt;lambda&gt;37]" time="0.0004928112030029297"><skipped message="Suite splitting in effect" type="pytest.skip">src/pymortests/grid.py:422: Suite splitting in effect</skipped></testcase><testcase classname="src.pymortests.grid" file="src/pymortests/grid.py" line="422" name="test_boundaries_entries[&lt;lambda&gt;38]" time="0.0004265308380126953"><skipped message="Suite splitting in effect" type="pytest.skip">src/pymortests/grid.py:422: Suite splitting in effect</skipped></testcase><testcase classname="src.pymortests.grid" file="src/pymortests/grid.py" line="422" name="test_boundaries_entries[&lt;lambda&gt;39]" time="0.00044655799865722656"><skipped message="Suite splitting in effect" type="pytest.skip">src/pymortests/grid.py:422: Suite splitting in effect</skipped></testcase><testcase classname="src.pymortests.grid" file="src/pymortests/grid.py" line="422" name="test_boundaries_entries[&lt;lambda&gt;40]" time="0.0004944801330566406"><skipped message="Suite splitting in effect" type="pytest.skip">src/pymortests/grid.py:422: Suite splitting in effect</skipped></testcase><testcase classname="src.pymortests.grid" file="src/pymortests/grid.py" line="422" name="test_boundaries_entries[&lt;lambda&gt;41]" time="0.0008649826049804688"><skipped message="Suite splitting in effect" type="pytest.skip">src/pymortests/grid.py:422: Suite splitting in effect</skipped></testcase><testcase classname="src.pymortests.grid" file="src/pymortests/grid.py" line="422" name="test_boundaries_entries[&lt;lambda&gt;42]" time="0.00044608116149902344"><skipped message="Suite splitting in effect" type="pytest.skip">src/pymortests/grid.py:422: Suite splitting in effect</skipped></testcase><testcase classname="src.pymortests.grid" file="src/pymortests/grid.py" line="428" name="test_pickle[&lt;lambda&gt;0]" time="0.00048732757568359375"><skipped message="Suite splitting in effect" type="pytest.skip">src/pymortests/grid.py:428: Suite splitting in effect</skipped></testcase><testcase classname="src.pymortests.grid" file="src/pymortests/grid.py" line="428" name="test_pickle[&lt;lambda&gt;1]" time="0.00044655799865722656"><skipped message="Suite splitting in effect" type="pytest.skip">src/pymortests/grid.py:428: Suite splitting in effect</skipped></testcase><testcase classname="src.pymortests.grid" file="src/pymortests/grid.py" line="428" name="test_pickle[&lt;lambda&gt;2]" time="0.0004546642303466797"><skipped message="Suite splitting in effect" type="pytest.skip">src/pymortests/grid.py:428: Suite splitting in effect</skipped></testcase><testcase classname="src.pymortests.grid" file="src/pymortests/grid.py" line="428" name="test_pickle[&lt;lambda&gt;3]" time="0.0004744529724121094"><skipped message="Suite splitting in effect" type="pytest.skip">src/pymortests/grid.py:428: Suite splitting in effect</skipped></testcase><testcase classname="src.pymortests.grid" file="src/pymortests/grid.py" line="428" name="test_pickle[&lt;lambda&gt;4]" time="0.0005979537963867188"><skipped message="Suite splitting in effect" type="pytest.skip">src/pymortests/grid.py:428: Suite splitting in effect</skipped></testcase><testcase classname="src.pymortests.grid" file="src/pymortests/grid.py" line="428" name="test_pickle[&lt;lambda&gt;5]" time="0.0005202293395996094"><skipped message="Suite splitting in effect" type="pytest.skip">src/pymortests/grid.py:428: Suite splitting in effect</skipped></testcase><testcase classname="src.pymortests.grid" file="src/pymortests/grid.py" line="428" name="test_pickle[&lt;lambda&gt;6]" time="0.0008542537689208984"><skipped message="Suite splitting in effect" type="pytest.skip">src/pymortests/grid.py:428: Suite splitting in effect</skipped></testcase><testcase classname="src.pymortests.grid" file="src/pymortests/grid.py" line="428" name="test_pickle[&lt;lambda&gt;7]" time="0.00043582916259765625"><skipped message="Suite splitting in effect" type="pytest.skip">src/pymortests/grid.py:428: Suite splitting in effect</skipped></testcase><testcase classname="src.pymortests.grid" file="src/pymortests/grid.py" line="428" name="test_pickle[&lt;lambda&gt;8]" time="0.0005023479461669922"><skipped message="Suite splitting in effect" type="pytest.skip">src/pymortests/grid.py:428: Suite splitting in effect</skipped></testcase><testcase classname="src.pymortests.grid" file="src/pymortests/grid.py" line="428" name="test_pickle[&lt;lambda&gt;9]" time="0.0005674362182617188"><skipped message="Suite splitting in effect" type="pytest.skip">src/pymortests/grid.py:428: Suite splitting in effect</skipped></testcase><testcase classname="src.pymortests.grid" file="src/pymortests/grid.py" line="428" name="test_pickle[&lt;lambda&gt;10]" time="0.00046753883361816406"><skipped message="Suite splitting in effect" type="pytest.skip">src/pymortests/grid.py:428: Suite splitting in effect</skipped></testcase><testcase classname="src.pymortests.grid" file="src/pymortests/grid.py" line="428" name="test_pickle[&lt;lambda&gt;11]" time="0.0005085468292236328"><skipped message="Suite splitting in effect" type="pytest.skip">src/pymortests/grid.py:428: Suite splitting in effect</skipped></testcase><testcase classname="src.pymortests.grid" file="src/pymortests/grid.py" line="428" name="test_pickle[&lt;lambda&gt;12]" time="0.0004699230194091797"><skipped message="Suite splitting in effect" type="pytest.skip">src/pymortests/grid.py:428: Suite splitting in effect</skipped></testcase><testcase classname="src.pymortests.grid" file="src/pymortests/grid.py" line="428" name="test_pickle[&lt;lambda&gt;13]" time="0.00046181678771972656"><skipped message="Suite splitting in effect" type="pytest.skip">src/pymortests/grid.py:428: Suite splitting in effect</skipped></testcase><testcase classname="src.pymortests.grid" file="src/pymortests/grid.py" line="428" name="test_pickle[&lt;lambda&gt;14]" time="0.0008246898651123047"><skipped message="Suite splitting in effect" type="pytest.skip">src/pymortests/grid.py:428: Suite splitting in effect</skipped></testcase><testcase classname="src.pymortests.grid" file="src/pymortests/grid.py" line="428" name="test_pickle[&lt;lambda&gt;15]" time="0.0005478858947753906"><skipped message="Suite splitting in effect" type="pytest.skip">src/pymortests/grid.py:428: Suite splitting in effect</skipped></testcase><testcase classname="src.pymortests.grid" file="src/pymortests/grid.py" line="428" name="test_pickle[&lt;lambda&gt;16]" time="0.0005052089691162109"><skipped message="Suite splitting in effect" type="pytest.skip">src/pymortests/grid.py:428: Suite splitting in effect</skipped></testcase><testcase classname="src.pymortests.grid" file="src/pymortests/grid.py" line="428" name="test_pickle[&lt;lambda&gt;17]" time="0.0005562305450439453"><skipped message="Suite splitting in effect" type="pytest.skip">src/pymortests/grid.py:428: Suite splitting in effect</skipped></testcase><testcase classname="src.pymortests.grid" file="src/pymortests/grid.py" line="428" name="test_pickle[&lt;lambda&gt;18]" time="0.0004413127899169922"><skipped message="Suite splitting in effect" type="pytest.skip">src/pymortests/grid.py:428: Suite splitting in effect</skipped></testcase><testcase classname="src.pymortests.grid" file="src/pymortests/grid.py" line="428" name="test_pickle[&lt;lambda&gt;19]" time="0.0004956722259521484"><skipped message="Suite splitting in effect" type="pytest.skip">src/pymortests/grid.py:428: Suite splitting in effect</skipped></testcase><testcase classname="src.pymortests.grid" file="src/pymortests/grid.py" line="428" name="test_pickle[&lt;lambda&gt;20]" time="0.0005304813385009766"><skipped message="Suite splitting in effect" type="pytest.skip">src/pymortests/grid.py:428: Suite splitting in effect</skipped></testcase><testcase classname="src.pymortests.grid" file="src/pymortests/grid.py" line="428" name="test_pickle[&lt;lambda&gt;21]" time="0.0005092620849609375"><skipped message="Suite splitting in effect" type="pytest.skip">src/pymortests/grid.py:428: Suite splitting in effect</skipped></testcase><testcase classname="src.pymortests.grid" file="src/pymortests/grid.py" line="428" name="test_pickle[&lt;lambda&gt;22]" time="0.0008120536804199219"><skipped message="Suite splitting in effect" type="pytest.skip">src/pymortests/grid.py:428: Suite splitting in effect</skipped></testcase><testcase classname="src.pymortests.grid" file="src/pymortests/grid.py" line="428" name="test_pickle[&lt;lambda&gt;23]" time="0.00047397613525390625"><skipped message="Suite splitting in effect" type="pytest.skip">src/pymortests/grid.py:428: Suite splitting in effect</skipped></testcase><testcase classname="src.pymortests.grid" file="src/pymortests/grid.py" line="428" name="test_pickle[&lt;lambda&gt;24]" time="0.0004284381866455078"><skipped message="Suite splitting in effect" type="pytest.skip">src/pymortests/grid.py:428: Suite splitting in effect</skipped></testcase><testcase classname="src.pymortests.grid" file="src/pymortests/grid.py" line="428" name="test_pickle[&lt;lambda&gt;25]" time="0.0004291534423828125"><skipped message="Suite splitting in effect" type="pytest.skip">src/pymortests/grid.py:428: Suite splitting in effect</skipped></testcase><testcase classname="src.pymortests.grid" file="src/pymortests/grid.py" line="428" name="test_pickle[&lt;lambda&gt;26]" time="0.00048041343688964844"><skipped message="Suite splitting in effect" type="pytest.skip">src/pymortests/grid.py:428: Suite splitting in effect</skipped></testcase><testcase classname="src.pymortests.grid" file="src/pymortests/grid.py" line="428" name="test_pickle[&lt;lambda&gt;27]" time="0.0004284381866455078"><skipped message="Suite splitting in effect" type="pytest.skip">src/pymortests/grid.py:428: Suite splitting in effect</skipped></testcase><testcase classname="src.pymortests.grid" file="src/pymortests/grid.py" line="428" name="test_pickle[&lt;lambda&gt;28]" time="0.0005066394805908203"><skipped message="Suite splitting in effect" type="pytest.skip">src/pymortests/grid.py:428: Suite splitting in effect</skipped></testcase><testcase classname="src.pymortests.grid" file="src/pymortests/grid.py" line="428" name="test_pickle[&lt;lambda&gt;29]" time="0.000492095947265625"><skipped message="Suite splitting in effect" type="pytest.skip">src/pymortests/grid.py:428: Suite splitting in effect</skipped></testcase><testcase classname="src.pymortests.grid" file="src/pymortests/grid.py" line="428" name="test_pickle[&lt;lambda&gt;30]" time="0.0008287429809570312"><skipped message="Suite splitting in effect" type="pytest.skip">src/pymortests/grid.py:428: Suite splitting in effect</skipped></testcase><testcase classname="src.pymortests.grid" file="src/pymortests/grid.py" line="428" name="test_pickle[&lt;lambda&gt;31]" time="0.0004673004150390625"><skipped message="Suite splitting in effect" type="pytest.skip">src/pymortests/grid.py:428: Suite splitting in effect</skipped></testcase><testcase classname="src.pymortests.grid" file="src/pymortests/grid.py" line="428" name="test_pickle[&lt;lambda&gt;32]" time="0.00043892860412597656"><skipped message="Suite splitting in effect" type="pytest.skip">src/pymortests/grid.py:428: Suite splitting in effect</skipped></testcase><testcase classname="src.pymortests.grid" file="src/pymortests/grid.py" line="428" name="test_pickle[&lt;lambda&gt;33]" time="0.0004487037658691406"><skipped message="Suite splitting in effect" type="pytest.skip">src/pymortests/grid.py:428: Suite splitting in effect</skipped></testcase><testcase classname="src.pymortests.grid" file="src/pymortests/grid.py" line="428" name="test_pickle[&lt;lambda&gt;34]" time="0.0005466938018798828"><skipped message="Suite splitting in effect" type="pytest.skip">src/pymortests/grid.py:428: Suite splitting in effect</skipped></testcase><testcase classname="src.pymortests.grid" file="src/pymortests/grid.py" line="428" name="test_pickle[&lt;lambda&gt;35]" time="0.0005183219909667969"><skipped message="Suite splitting in effect" type="pytest.skip">src/pymortests/grid.py:428: Suite splitting in effect</skipped></testcase><testcase classname="src.pymortests.grid" file="src/pymortests/grid.py" line="428" name="test_pickle[&lt;lambda&gt;36]" time="0.0004687309265136719"><skipped message="Suite splitting in effect" type="pytest.skip">src/pymortests/grid.py:428: Suite splitting in effect</skipped></testcase><testcase classname="src.pymortests.grid" file="src/pymortests/grid.py" line="428" name="test_pickle[&lt;lambda&gt;37]" time="0.0004916191101074219"><skipped message="Suite splitting in effect" type="pytest.skip">src/pymortests/grid.py:428: Suite splitting in effect</skipped></testcase><testcase classname="src.pymortests.grid" file="src/pymortests/grid.py" line="428" name="test_pickle[&lt;lambda&gt;38]" time="0.0008397102355957031"><skipped message="Suite splitting in effect" type="pytest.skip">src/pymortests/grid.py:428: Suite splitting in effect</skipped></testcase><testcase classname="src.pymortests.grid" file="src/pymortests/grid.py" line="428" name="test_pickle[&lt;lambda&gt;39]" time="0.00042128562927246094"><skipped message="Suite splitting in effect" type="pytest.skip">src/pymortests/grid.py:428: Suite splitting in effect</skipped></testcase><testcase classname="src.pymortests.grid" file="src/pymortests/grid.py" line="428" name="test_pickle[&lt;lambda&gt;40]" time="0.0005054473876953125"><skipped message="Suite splitting in effect" type="pytest.skip">src/pymortests/grid.py:428: Suite splitting in effect</skipped></testcase><testcase classname="src.pymortests.grid" file="src/pymortests/grid.py" line="428" name="test_pickle[&lt;lambda&gt;41]" time="0.0004923343658447266"><skipped message="Suite splitting in effect" type="pytest.skip">src/pymortests/grid.py:428: Suite splitting in effect</skipped></testcase><testcase classname="src.pymortests.grid" file="src/pymortests/grid.py" line="428" name="test_pickle[&lt;lambda&gt;42]" time="0.00046515464782714844"><skipped message="Suite splitting in effect" type="pytest.skip">src/pymortests/grid.py:428: Suite splitting in effect</skipped></testcase><testcase classname="src.pymortests.grid" file="src/pymortests/grid.py" line="432" name="test_visualize[&lt;lambda&gt;0]" time="0.0005254745483398438"><skipped message="Suite splitting in effect" type="pytest.skip">src/pymortests/grid.py:432: Suite splitting in effect</skipped></testcase><testcase classname="src.pymortests.grid" file="src/pymortests/grid.py" line="432" name="test_visualize[&lt;lambda&gt;1]" time="0.0004336833953857422"><skipped message="Suite splitting in effect" type="pytest.skip">src/pymortests/grid.py:432: Suite splitting in effect</skipped></testcase><testcase classname="src.pymortests.grid" file="src/pymortests/grid.py" line="432" name="test_visualize[&lt;lambda&gt;2]" time="0.0005249977111816406"><skipped message="Suite splitting in effect" type="pytest.skip">src/pymortests/grid.py:432: Suite splitting in effect</skipped></testcase><testcase classname="src.pymortests.grid" file="src/pymortests/grid.py" line="432" name="test_visualize[&lt;lambda&gt;3]" time="0.0011181831359863281"><skipped message="Suite splitting in effect" type="pytest.skip">src/pymortests/grid.py:432: Suite splitting in effect</skipped></testcase><testcase classname="src.pymortests.grid" file="src/pymortests/grid.py" line="432" name="test_visualize[&lt;lambda&gt;4]" time="0.0004832744598388672"><skipped message="Suite splitting in effect" type="pytest.skip">src/pymortests/grid.py:432: Suite splitting in effect</skipped></testcase><testcase classname="src.pymortests.grid" file="src/pymortests/grid.py" line="432" name="test_visualize[&lt;lambda&gt;5]" time="0.0005002021789550781"><skipped message="Suite splitting in effect" type="pytest.skip">src/pymortests/grid.py:432: Suite splitting in effect</skipped></testcase><testcase classname="src.pymortests.grid" file="src/pymortests/grid.py" line="432" name="test_visualize[&lt;lambda&gt;6]" time="0.00044608116149902344"><skipped message="Suite splitting in effect" type="pytest.skip">src/pymortests/grid.py:432: Suite splitting in effect</skipped></testcase><testcase classname="src.pymortests.grid" file="src/pymortests/grid.py" line="432" name="test_visualize[&lt;lambda&gt;7]" time="0.0005092620849609375"><skipped message="Suite splitting in effect" type="pytest.skip">src/pymortests/grid.py:432: Suite splitting in effect</skipped></testcase><testcase classname="src.pymortests.grid" file="src/pymortests/grid.py" line="432" name="test_visualize[&lt;lambda&gt;8]" time="0.0005066394805908203"><skipped message="Suite splitting in effect" type="pytest.skip">src/pymortests/grid.py:432: Suite splitting in effect</skipped></testcase><testcase classname="src.pymortests.grid" file="src/pymortests/grid.py" line="432" name="test_visualize[&lt;lambda&gt;9]" time="0.0005557537078857422"><skipped message="Suite splitting in effect" type="pytest.skip">src/pymortests/grid.py:432: Suite splitting in effect</skipped></testcase><testcase classname="src.pymortests.grid" file="src/pymortests/grid.py" line="432" name="test_visualize[&lt;lambda&gt;10]" time="0.0004825592041015625"><skipped message="Suite splitting in effect" type="pytest.skip">src/pymortests/grid.py:432: Suite splitting in effect</skipped></testcase><testcase classname="src.pymortests.grid" file="src/pymortests/grid.py" line="432" name="test_visualize[&lt;lambda&gt;11]" time="0.0007996559143066406"><skipped message="Suite splitting in effect" type="pytest.skip">src/pymortests/grid.py:432: Suite splitting in effect</skipped></testcase><testcase classname="src.pymortests.grid" file="src/pymortests/grid.py" line="432" name="test_visualize[&lt;lambda&gt;12]" time="0.0005214214324951172"><skipped message="Suite splitting in effect" type="pytest.skip">src/pymortests/grid.py:432: Suite splitting in effect</skipped></testcase><testcase classname="src.pymortests.grid" file="src/pymortests/grid.py" line="432" name="test_visualize[&lt;lambda&gt;13]" time="0.0008652210235595703"><skipped message="Suite splitting in effect" type="pytest.skip">src/pymortests/grid.py:432: Suite splitting in effect</skipped></testcase><testcase classname="src.pymortests.grid" file="src/pymortests/grid.py" line="432" name="test_visualize[&lt;lambda&gt;14]" time="0.0005409717559814453"><skipped message="Suite splitting in effect" type="pytest.skip">src/pymortests/grid.py:432: Suite splitting in effect</skipped></testcase><testcase classname="src.pymortests.grid" file="src/pymortests/grid.py" line="432" name="test_visualize[&lt;lambda&gt;15]" time="0.0005230903625488281"><skipped message="Suite splitting in effect" type="pytest.skip">src/pymortests/grid.py:432: Suite splitting in effect</skipped></testcase><testcase classname="src.pymortests.grid" file="src/pymortests/grid.py" line="432" name="test_visualize[&lt;lambda&gt;16]" time="0.0005292892456054688"><skipped message="Suite splitting in effect" type="pytest.skip">src/pymortests/grid.py:432: Suite splitting in effect</skipped></testcase><testcase classname="src.pymortests.grid" file="src/pymortests/grid.py" line="432" name="test_visualize[&lt;lambda&gt;17]" time="0.0005080699920654297"><skipped message="Suite splitting in effect" type="pytest.skip">src/pymortests/grid.py:432: Suite splitting in effect</skipped></testcase><testcase classname="src.pymortests.grid" file="src/pymortests/grid.py" line="432" name="test_visualize[&lt;lambda&gt;18]" time="0.00044536590576171875"><skipped message="Suite splitting in effect" type="pytest.skip">src/pymortests/grid.py:432: Suite splitting in effect</skipped></testcase><testcase classname="src.pymortests.grid" file="src/pymortests/grid.py" line="432" name="test_visualize[&lt;lambda&gt;19]" time="0.0008821487426757812"><skipped message="Suite splitting in effect" type="pytest.skip">src/pymortests/grid.py:432: Suite splitting in effect</skipped></testcase><testcase classname="src.pymortests.grid" file="src/pymortests/grid.py" line="432" name="test_visualize[&lt;lambda&gt;20]" time="0.0005540847778320312"><skipped message="Suite splitting in effect" type="pytest.skip">src/pymortests/grid.py:432: Suite splitting in effect</skipped></testcase><testcase classname="src.pymortests.grid" file="src/pymortests/grid.py" line="432" name="test_visualize[&lt;lambda&gt;21]" time="0.0005366802215576172"><skipped message="Suite splitting in effect" type="pytest.skip">src/pymortests/grid.py:432: Suite splitting in effect</skipped></testcase><testcase classname="src.pymortests.grid" file="src/pymortests/grid.py" line="432" name="test_visualize[&lt;lambda&gt;22]" time="0.00048160552978515625"><skipped message="Suite splitting in effect" type="pytest.skip">src/pymortests/grid.py:432: Suite splitting in effect</skipped></testcase><testcase classname="src.pymortests.grid" file="src/pymortests/grid.py" line="432" name="test_visualize[&lt;lambda&gt;23]" time="0.0004878044128417969"><skipped message="Suite splitting in effect" type="pytest.skip">src/pymortests/grid.py:432: Suite splitting in effect</skipped></testcase><testcase classname="src.pymortests.grid" file="src/pymortests/grid.py" line="432" name="test_visualize[&lt;lambda&gt;24]" time="0.0005586147308349609"><skipped message="Suite splitting in effect" type="pytest.skip">src/pymortests/grid.py:432: Suite splitting in effect</skipped></testcase><testcase classname="src.pymortests.grid" file="src/pymortests/grid.py" line="432" name="test_visualize[&lt;lambda&gt;25]" time="0.00047850608825683594"><skipped message="Suite splitting in effect" type="pytest.skip">src/pymortests/grid.py:432: Suite splitting in effect</skipped></testcase><testcase classname="src.pymortests.grid" file="src/pymortests/grid.py" line="432" name="test_visualize[&lt;lambda&gt;26]" time="0.0004830360412597656"><skipped message="Suite splitting in effect" type="pytest.skip">src/pymortests/grid.py:432: Suite splitting in effect</skipped></testcase><testcase classname="src.pymortests.grid" file="src/pymortests/grid.py" line="432" name="test_visualize[&lt;lambda&gt;27]" time="0.0008161067962646484"><skipped message="Suite splitting in effect" type="pytest.skip">src/pymortests/grid.py:432: Suite splitting in effect</skipped></testcase><testcase classname="src.pymortests.grid" file="src/pymortests/grid.py" line="432" name="test_visualize[&lt;lambda&gt;28]" time="0.00047016143798828125"><skipped message="Suite splitting in effect" type="pytest.skip">src/pymortests/grid.py:432: Suite splitting in effect</skipped></testcase><testcase classname="src.pymortests.grid" file="src/pymortests/grid.py" line="432" name="test_visualize[&lt;lambda&gt;29]" time="0.0005700588226318359"><skipped message="Suite splitting in effect" type="pytest.skip">src/pymortests/grid.py:432: Suite splitting in effect</skipped></testcase><testcase classname="src.pymortests.grid" file="src/pymortests/grid.py" line="432" name="test_visualize[&lt;lambda&gt;30]" time="0.00052642822265625"><skipped message="Suite splitting in effect" type="pytest.skip">src/pymortests/grid.py:432: Suite splitting in effect</skipped></testcase><testcase classname="src.pymortests.gui" file="src/pymortests/gui.py" line="26" name="test_visualize_patch[backend_gridtype0]" time="0.0005905628204345703"><skipped message="Suite splitting in effect" type="pytest.skip">src/pymortests/gui.py:26: Suite splitting in effect</skipped></testcase><testcase classname="src.pymortests.gui" file="src/pymortests/gui.py" line="26" name="test_visualize_patch[backend_gridtype1]" time="0.0004818439483642578"><skipped message="Suite splitting in effect" type="pytest.skip">src/pymortests/gui.py:26: Suite splitting in effect</skipped></testcase><testcase classname="src.pymortests.gui" file="src/pymortests/gui.py" line="26" name="test_visualize_patch[backend_gridtype2]" time="0.0005061626434326172"><skipped message="Suite splitting in effect" type="pytest.skip">src/pymortests/gui.py:26: Suite splitting in effect</skipped></testcase><testcase classname="src.pymortests.la" file="src/pymortests/la.py" line="13" name="test_induced" time="0.0005726814270019531"><skipped message="Suite splitting in effect" type="pytest.skip">src/pymortests/la.py:13: Suite splitting in effect</skipped></testcase><testcase classname="src.pymortests.lyapunov" file="src/pymortests/lyapunov.py" line="93" name="test_lrcf[scipy-False-False-1-100]" time="0.0005993843078613281"><skipped message="Suite splitting in effect" type="pytest.skip">src/pymortests/lyapunov.py:93: Suite splitting in effect</skipped></testcase><testcase classname="src.pymortests.lyapunov" file="src/pymortests/lyapunov.py" line="93" name="test_lrcf[scipy-False-False-1-200]" time="0.0005435943603515625"><skipped message="Suite splitting in effect" type="pytest.skip">src/pymortests/lyapunov.py:93: Suite splitting in effect</skipped></testcase><testcase classname="src.pymortests.lyapunov" file="src/pymortests/lyapunov.py" line="93" name="test_lrcf[scipy-False-False-2-100]" time="0.0004761219024658203"><skipped message="Suite splitting in effect" type="pytest.skip">src/pymortests/lyapunov.py:93: Suite splitting in effect</skipped></testcase><testcase classname="src.pymortests.lyapunov" file="src/pymortests/lyapunov.py" line="93" name="test_lrcf[scipy-False-False-2-200]" time="0.0005145072937011719"><skipped message="Suite splitting in effect" type="pytest.skip">src/pymortests/lyapunov.py:93: Suite splitting in effect</skipped></testcase><testcase classname="src.pymortests.lyapunov" file="src/pymortests/lyapunov.py" line="93" name="test_lrcf[scipy-False-True-1-100]" time="0.0005283355712890625"><skipped message="Suite splitting in effect" type="pytest.skip">src/pymortests/lyapunov.py:93: Suite splitting in effect</skipped></testcase><testcase classname="src.pymortests.lyapunov" file="src/pymortests/lyapunov.py" line="93" name="test_lrcf[scipy-False-True-1-200]" time="0.00047469139099121094"><skipped message="Suite splitting in effect" type="pytest.skip">src/pymortests/lyapunov.py:93: Suite splitting in effect</skipped></testcase><testcase classname="src.pymortests.lyapunov" file="src/pymortests/lyapunov.py" line="93" name="test_lrcf[scipy-False-True-2-100]" time="0.0005168914794921875"><skipped message="Suite splitting in effect" type="pytest.skip">src/pymortests/lyapunov.py:93: Suite splitting in effect</skipped></testcase><testcase classname="src.pymortests.lyapunov" file="src/pymortests/lyapunov.py" line="93" name="test_lrcf[scipy-False-True-2-200]" time="0.0007431507110595703"><skipped message="Suite splitting in effect" type="pytest.skip">src/pymortests/lyapunov.py:93: Suite splitting in effect</skipped></testcase><testcase classname="src.pymortests.lyapunov" file="src/pymortests/lyapunov.py" line="93" name="test_lrcf[scipy-True-False-1-100]" time="0.0005006790161132812"><skipped message="Suite splitting in effect" type="pytest.skip">src/pymortests/lyapunov.py:93: Suite splitting in effect</skipped></testcase><testcase classname="src.pymortests.lyapunov" file="src/pymortests/lyapunov.py" line="93" name="test_lrcf[scipy-True-False-1-200]" time="0.0005033016204833984"><skipped message="Suite splitting in effect" type="pytest.skip">src/pymortests/lyapunov.py:93: Suite splitting in effect</skipped></testcase><testcase classname="src.pymortests.lyapunov" file="src/pymortests/lyapunov.py" line="93" name="test_lrcf[scipy-True-False-2-100]" time="0.0005300045013427734"><skipped message="Suite splitting in effect" type="pytest.skip">src/pymortests/lyapunov.py:93: Suite splitting in effect</skipped></testcase><testcase classname="src.pymortests.lyapunov" file="src/pymortests/lyapunov.py" line="93" name="test_lrcf[scipy-True-False-2-200]" time="0.0004706382751464844"><skipped message="Suite splitting in effect" type="pytest.skip">src/pymortests/lyapunov.py:93: Suite splitting in effect</skipped></testcase><testcase classname="src.pymortests.lyapunov" file="src/pymortests/lyapunov.py" line="93" name="test_lrcf[scipy-True-True-1-100]" time="0.0005414485931396484"><skipped message="Suite splitting in effect" type="pytest.skip">src/pymortests/lyapunov.py:93: Suite splitting in effect</skipped></testcase><testcase classname="src.pymortests.lyapunov" file="src/pymortests/lyapunov.py" line="93" name="test_lrcf[scipy-True-True-1-200]" time="0.0004935264587402344"><skipped message="Suite splitting in effect" type="pytest.skip">src/pymortests/lyapunov.py:93: Suite splitting in effect</skipped></testcase><testcase classname="src.pymortests.lyapunov" file="src/pymortests/lyapunov.py" line="93" name="test_lrcf[scipy-True-True-2-100]" time="0.0005142688751220703"><skipped message="Suite splitting in effect" type="pytest.skip">src/pymortests/lyapunov.py:93: Suite splitting in effect</skipped></testcase><testcase classname="src.pymortests.lyapunov" file="src/pymortests/lyapunov.py" line="93" name="test_lrcf[scipy-True-True-2-200]" time="0.0004398822784423828"><skipped message="Suite splitting in effect" type="pytest.skip">src/pymortests/lyapunov.py:93: Suite splitting in effect</skipped></testcase><testcase classname="src.pymortests.lyapunov" file="src/pymortests/lyapunov.py" line="93" name="test_lrcf[slycot_bartels-stewart-False-False-1-100]" time="0.0004913806915283203"><skipped message="Suite splitting in effect" type="pytest.skip">src/pymortests/lyapunov.py:93: Suite splitting in effect</skipped></testcase><testcase classname="src.pymortests.lyapunov" file="src/pymortests/lyapunov.py" line="93" name="test_lrcf[slycot_bartels-stewart-False-False-1-200]" time="0.0005464553833007812"><skipped message="Suite splitting in effect" type="pytest.skip">src/pymortests/lyapunov.py:93: Suite splitting in effect</skipped></testcase><testcase classname="src.pymortests.lyapunov" file="src/pymortests/lyapunov.py" line="93" name="test_lrcf[slycot_bartels-stewart-False-False-2-100]" time="0.00044798851013183594"><skipped message="Suite splitting in effect" type="pytest.skip">src/pymortests/lyapunov.py:93: Suite splitting in effect</skipped></testcase><testcase classname="src.pymortests.lyapunov" file="src/pymortests/lyapunov.py" line="93" name="test_lrcf[slycot_bartels-stewart-False-False-2-200]" time="0.00044035911560058594"><skipped message="Suite splitting in effect" type="pytest.skip">src/pymortests/lyapunov.py:93: Suite splitting in effect</skipped></testcase><testcase classname="src.pymortests.lyapunov" file="src/pymortests/lyapunov.py" line="93" name="test_lrcf[slycot_bartels-stewart-False-True-1-100]" time="0.0004868507385253906"><skipped message="Suite splitting in effect" type="pytest.skip">src/pymortests/lyapunov.py:93: Suite splitting in effect</skipped></testcase><testcase classname="src.pymortests.lyapunov" file="src/pymortests/lyapunov.py" line="93" name="test_lrcf[slycot_bartels-stewart-False-True-1-200]" time="0.0004932880401611328"><skipped message="Suite splitting in effect" type="pytest.skip">src/pymortests/lyapunov.py:93: Suite splitting in effect</skipped></testcase><testcase classname="src.pymortests.lyapunov" file="src/pymortests/lyapunov.py" line="93" name="test_lrcf[slycot_bartels-stewart-False-True-2-100]" time="0.0005252361297607422"><skipped message="Suite splitting in effect" type="pytest.skip">src/pymortests/lyapunov.py:93: Suite splitting in effect</skipped></testcase><testcase classname="src.pymortests.lyapunov" file="src/pymortests/lyapunov.py" line="93" name="test_lrcf[slycot_bartels-stewart-False-True-2-200]" time="0.0004870891571044922"><skipped message="Suite splitting in effect" type="pytest.skip">src/pymortests/lyapunov.py:93: Suite splitting in effect</skipped></testcase><testcase classname="src.pymortests.lyapunov" file="src/pymortests/lyapunov.py" line="93" name="test_lrcf[slycot_bartels-stewart-True-False-1-100]" time="0.0004661083221435547"><skipped message="Suite splitting in effect" type="pytest.skip">src/pymortests/lyapunov.py:93: Suite splitting in effect</skipped></testcase><testcase classname="src.pymortests.lyapunov" file="src/pymortests/lyapunov.py" line="93" name="test_lrcf[slycot_bartels-stewart-True-False-1-200]" time="0.0005059242248535156"><skipped message="Suite splitting in effect" type="pytest.skip">src/pymortests/lyapunov.py:93: Suite splitting in effect</skipped></testcase><testcase classname="src.pymortests.lyapunov" file="src/pymortests/lyapunov.py" line="93" name="test_lrcf[slycot_bartels-stewart-True-False-2-100]" time="0.0005669593811035156"><skipped message="Suite splitting in effect" type="pytest.skip">src/pymortests/lyapunov.py:93: Suite splitting in effect</skipped></testcase><testcase classname="src.pymortests.lyapunov" file="src/pymortests/lyapunov.py" line="93" name="test_lrcf[slycot_bartels-stewart-True-False-2-200]" time="0.0004801750183105469"><skipped message="Suite splitting in effect" type="pytest.skip">src/pymortests/lyapunov.py:93: Suite splitting in effect</skipped></testcase><testcase classname="src.pymortests.lyapunov" file="src/pymortests/lyapunov.py" line="93" name="test_lrcf[slycot_bartels-stewart-True-True-1-100]" time="0.0005121231079101562"><skipped message="Suite splitting in effect" type="pytest.skip">src/pymortests/lyapunov.py:93: Suite splitting in effect</skipped></testcase><testcase classname="src.pymortests.lyapunov" file="src/pymortests/lyapunov.py" line="93" name="test_lrcf[slycot_bartels-stewart-True-True-1-200]" time="0.00048160552978515625"><skipped message="Suite splitting in effect" type="pytest.skip">src/pymortests/lyapunov.py:93: Suite splitting in effect</skipped></testcase><testcase classname="src.pymortests.lyapunov" file="src/pymortests/lyapunov.py" line="93" name="test_lrcf[slycot_bartels-stewart-True-True-2-100]" time="0.0004775524139404297"><skipped message="Suite splitting in effect" type="pytest.skip">src/pymortests/lyapunov.py:93: Suite splitting in effect</skipped></testcase><testcase classname="src.pymortests.lyapunov" file="src/pymortests/lyapunov.py" line="93" name="test_lrcf[slycot_bartels-stewart-True-True-2-200]" time="0.00047969818115234375"><skipped message="Suite splitting in effect" type="pytest.skip">src/pymortests/lyapunov.py:93: Suite splitting in effect</skipped></testcase><testcase classname="src.pymortests.lyapunov" file="src/pymortests/lyapunov.py" line="93" name="test_lrcf[pymess_glyap-False-False-1-100]" time="0.00044345855712890625"><skipped message="Suite splitting in effect" type="pytest.skip">src/pymortests/lyapunov.py:93: Suite splitting in effect</skipped></testcase><testcase classname="src.pymortests.lyapunov" file="src/pymortests/lyapunov.py" line="93" name="test_lrcf[pymess_glyap-False-False-1-200]" time="0.0004374980926513672"><skipped message="Suite splitting in effect" type="pytest.skip">src/pymortests/lyapunov.py:93: Suite splitting in effect</skipped></testcase><testcase classname="src.pymortests.lyapunov" file="src/pymortests/lyapunov.py" line="93" name="test_lrcf[pymess_glyap-False-False-2-100]" time="0.0005021095275878906"><skipped message="Suite splitting in effect" type="pytest.skip">src/pymortests/lyapunov.py:93: Suite splitting in effect</skipped></testcase><testcase classname="src.pymortests.lyapunov" file="src/pymortests/lyapunov.py" line="93" name="test_lrcf[pymess_glyap-False-False-2-200]" time="0.0004482269287109375"><skipped message="Suite splitting in effect" type="pytest.skip">src/pymortests/lyapunov.py:93: Suite splitting in effect</skipped></testcase><testcase classname="src.pymortests.lyapunov" file="src/pymortests/lyapunov.py" line="93" name="test_lrcf[pymess_glyap-False-True-1-100]" time="0.0005333423614501953"><skipped message="Suite splitting in effect" type="pytest.skip">src/pymortests/lyapunov.py:93: Suite splitting in effect</skipped></testcase><testcase classname="src.pymortests.lyapunov" file="src/pymortests/lyapunov.py" line="93" name="test_lrcf[pymess_glyap-False-True-1-200]" time="0.0004928112030029297"><skipped message="Suite splitting in effect" type="pytest.skip">src/pymortests/lyapunov.py:93: Suite splitting in effect</skipped></testcase><testcase classname="src.pymortests.lyapunov" file="src/pymortests/lyapunov.py" line="93" name="test_lrcf[pymess_glyap-False-True-2-100]" time="0.0005228519439697266"><skipped message="Suite splitting in effect" type="pytest.skip">src/pymortests/lyapunov.py:93: Suite splitting in effect</skipped></testcase><testcase classname="src.pymortests.lyapunov" file="src/pymortests/lyapunov.py" line="93" name="test_lrcf[pymess_glyap-False-True-2-200]" time="0.0005056858062744141"><skipped message="Suite splitting in effect" type="pytest.skip">src/pymortests/lyapunov.py:93: Suite splitting in effect</skipped></testcase><testcase classname="src.pymortests.lyapunov" file="src/pymortests/lyapunov.py" line="93" name="test_lrcf[pymess_glyap-True-False-1-100]" time="0.0004799365997314453"><skipped message="Suite splitting in effect" type="pytest.skip">src/pymortests/lyapunov.py:93: Suite splitting in effect</skipped></testcase><testcase classname="src.pymortests.lyapunov" file="src/pymortests/lyapunov.py" line="93" name="test_lrcf[pymess_glyap-True-False-1-200]" time="0.0005335807800292969"><skipped message="Suite splitting in effect" type="pytest.skip">src/pymortests/lyapunov.py:93: Suite splitting in effect</skipped></testcase><testcase classname="src.pymortests.lyapunov" file="src/pymortests/lyapunov.py" line="93" name="test_lrcf[pymess_glyap-True-False-2-100]" time="0.0005128383636474609"><skipped message="Suite splitting in effect" type="pytest.skip">src/pymortests/lyapunov.py:93: Suite splitting in effect</skipped></testcase><testcase classname="src.pymortests.lyapunov" file="src/pymortests/lyapunov.py" line="93" name="test_lrcf[pymess_glyap-True-False-2-200]" time="0.0004889965057373047"><skipped message="Suite splitting in effect" type="pytest.skip">src/pymortests/lyapunov.py:93: Suite splitting in effect</skipped></testcase><testcase classname="src.pymortests.lyapunov" file="src/pymortests/lyapunov.py" line="93" name="test_lrcf[pymess_glyap-True-True-1-100]" time="0.0005326271057128906"><skipped message="Suite splitting in effect" type="pytest.skip">src/pymortests/lyapunov.py:93: Suite splitting in effect</skipped></testcase><testcase classname="src.pymortests.lyapunov" file="src/pymortests/lyapunov.py" line="93" name="test_lrcf[pymess_glyap-True-True-1-200]" time="0.0004990100860595703"><skipped message="Suite splitting in effect" type="pytest.skip">src/pymortests/lyapunov.py:93: Suite splitting in effect</skipped></testcase><testcase classname="src.pymortests.lyapunov" file="src/pymortests/lyapunov.py" line="93" name="test_lrcf[pymess_glyap-True-True-2-100]" time="0.0005078315734863281"><skipped message="Suite splitting in effect" type="pytest.skip">src/pymortests/lyapunov.py:93: Suite splitting in effect</skipped></testcase><testcase classname="src.pymortests.lyapunov" file="src/pymortests/lyapunov.py" line="93" name="test_lrcf[pymess_glyap-True-True-2-200]" time="0.0004334449768066406"><skipped message="Suite splitting in effect" type="pytest.skip">src/pymortests/lyapunov.py:93: Suite splitting in effect</skipped></testcase><testcase classname="src.pymortests.lyapunov" file="src/pymortests/lyapunov.py" line="93" name="test_lrcf[pymess_lradi-False-False-1-100]" time="0.0004868507385253906"><skipped message="Suite splitting in effect" type="pytest.skip">src/pymortests/lyapunov.py:93: Suite splitting in effect</skipped></testcase><testcase classname="src.pymortests.lyapunov" file="src/pymortests/lyapunov.py" line="93" name="test_lrcf[pymess_lradi-False-False-1-200]" time="0.0005195140838623047"><skipped message="Suite splitting in effect" type="pytest.skip">src/pymortests/lyapunov.py:93: Suite splitting in effect</skipped></testcase><testcase classname="src.pymortests.lyapunov" file="src/pymortests/lyapunov.py" line="93" name="test_lrcf[pymess_lradi-False-False-2-100]" time="0.00047850608825683594"><skipped message="Suite splitting in effect" type="pytest.skip">src/pymortests/lyapunov.py:93: Suite splitting in effect</skipped></testcase><testcase classname="src.pymortests.lyapunov" file="src/pymortests/lyapunov.py" line="93" name="test_lrcf[pymess_lradi-False-False-2-200]" time="0.0005035400390625"><skipped message="Suite splitting in effect" type="pytest.skip">src/pymortests/lyapunov.py:93: Suite splitting in effect</skipped></testcase><testcase classname="src.pymortests.lyapunov" file="src/pymortests/lyapunov.py" line="93" name="test_lrcf[pymess_lradi-False-True-1-100]" time="0.0004696846008300781"><skipped message="Suite splitting in effect" type="pytest.skip">src/pymortests/lyapunov.py:93: Suite splitting in effect</skipped></testcase><testcase classname="src.pymortests.lyapunov" file="src/pymortests/lyapunov.py" line="93" name="test_lrcf[pymess_lradi-False-True-1-200]" time="0.0005741119384765625"><skipped message="Suite splitting in effect" type="pytest.skip">src/pymortests/lyapunov.py:93: Suite splitting in effect</skipped></testcase><testcase classname="src.pymortests.lyapunov" file="src/pymortests/lyapunov.py" line="93" name="test_lrcf[pymess_lradi-False-True-2-100]" time="0.0004954338073730469"><skipped message="Suite splitting in effect" type="pytest.skip">src/pymortests/lyapunov.py:93: Suite splitting in effect</skipped></testcase><testcase classname="src.pymortests.lyapunov" file="src/pymortests/lyapunov.py" line="93" name="test_lrcf[pymess_lradi-False-True-2-200]" time="0.0005257129669189453"><skipped message="Suite splitting in effect" type="pytest.skip">src/pymortests/lyapunov.py:93: Suite splitting in effect</skipped></testcase><testcase classname="src.pymortests.lyapunov" file="src/pymortests/lyapunov.py" line="93" name="test_lrcf[pymess_lradi-True-False-1-100]" time="0.00045680999755859375"><skipped message="Suite splitting in effect" type="pytest.skip">src/pymortests/lyapunov.py:93: Suite splitting in effect</skipped></testcase><testcase classname="src.pymortests.lyapunov" file="src/pymortests/lyapunov.py" line="93" name="test_lrcf[pymess_lradi-True-False-1-200]" time="0.0005643367767333984"><skipped message="Suite splitting in effect" type="pytest.skip">src/pymortests/lyapunov.py:93: Suite splitting in effect</skipped></testcase><testcase classname="src.pymortests.lyapunov" file="src/pymortests/lyapunov.py" line="93" name="test_lrcf[pymess_lradi-True-False-2-100]" time="0.0005316734313964844"><skipped message="Suite splitting in effect" type="pytest.skip">src/pymortests/lyapunov.py:93: Suite splitting in effect</skipped></testcase><testcase classname="src.pymortests.lyapunov" file="src/pymortests/lyapunov.py" line="93" name="test_lrcf[pymess_lradi-True-False-2-200]" time="0.0004818439483642578"><skipped message="Suite splitting in effect" type="pytest.skip">src/pymortests/lyapunov.py:93: Suite splitting in effect</skipped></testcase><testcase classname="src.pymortests.lyapunov" file="src/pymortests/lyapunov.py" line="93" name="test_lrcf[pymess_lradi-True-True-1-100]" time="0.0004971027374267578"><skipped message="Suite splitting in effect" type="pytest.skip">src/pymortests/lyapunov.py:93: Suite splitting in effect</skipped></testcase><testcase classname="src.pymortests.lyapunov" file="src/pymortests/lyapunov.py" line="93" name="test_lrcf[pymess_lradi-True-True-1-200]" time="0.0004410743713378906"><skipped message="Suite splitting in effect" type="pytest.skip">src/pymortests/lyapunov.py:93: Suite splitting in effect</skipped></testcase><testcase classname="src.pymortests.lyapunov" file="src/pymortests/lyapunov.py" line="93" name="test_lrcf[pymess_lradi-True-True-2-100]" time="0.0005171298980712891"><skipped message="Suite splitting in effect" type="pytest.skip">src/pymortests/lyapunov.py:93: Suite splitting in effect</skipped></testcase><testcase classname="src.pymortests.lyapunov" file="src/pymortests/lyapunov.py" line="93" name="test_lrcf[pymess_lradi-True-True-2-200]" time="0.0005712509155273438"><skipped message="Suite splitting in effect" type="pytest.skip">src/pymortests/lyapunov.py:93: Suite splitting in effect</skipped></testcase><testcase classname="src.pymortests.lyapunov" file="src/pymortests/lyapunov.py" line="93" name="test_lrcf[lradi-False-False-1-100]" time="0.0005793571472167969"><skipped message="Suite splitting in effect" type="pytest.skip">src/pymortests/lyapunov.py:93: Suite splitting in effect</skipped></testcase><testcase classname="src.pymortests.lyapunov" file="src/pymortests/lyapunov.py" line="93" name="test_lrcf[lradi-False-False-1-200]" time="0.0004818439483642578"><skipped message="Suite splitting in effect" type="pytest.skip">src/pymortests/lyapunov.py:93: Suite splitting in effect</skipped></testcase><testcase classname="src.pymortests.lyapunov" file="src/pymortests/lyapunov.py" line="93" name="test_lrcf[lradi-False-False-2-100]" time="0.0005280971527099609"><skipped message="Suite splitting in effect" type="pytest.skip">src/pymortests/lyapunov.py:93: Suite splitting in effect</skipped></testcase><testcase classname="src.pymortests.lyapunov" file="src/pymortests/lyapunov.py" line="93" name="test_lrcf[lradi-False-False-2-200]" time="0.0005452632904052734"><skipped message="Suite splitting in effect" type="pytest.skip">src/pymortests/lyapunov.py:93: Suite splitting in effect</skipped></testcase><testcase classname="src.pymortests.lyapunov" file="src/pymortests/lyapunov.py" line="93" name="test_lrcf[lradi-False-True-1-100]" time="0.0004963874816894531"><skipped message="Suite splitting in effect" type="pytest.skip">src/pymortests/lyapunov.py:93: Suite splitting in effect</skipped></testcase><testcase classname="src.pymortests.lyapunov" file="src/pymortests/lyapunov.py" line="93" name="test_lrcf[lradi-False-True-1-200]" time="0.0005280971527099609"><skipped message="Suite splitting in effect" type="pytest.skip">src/pymortests/lyapunov.py:93: Suite splitting in effect</skipped></testcase><testcase classname="src.pymortests.lyapunov" file="src/pymortests/lyapunov.py" line="93" name="test_lrcf[lradi-False-True-2-100]" time="0.0005338191986083984"><skipped message="Suite splitting in effect" type="pytest.skip">src/pymortests/lyapunov.py:93: Suite splitting in effect</skipped></testcase><testcase classname="src.pymortests.lyapunov" file="src/pymortests/lyapunov.py" line="93" name="test_lrcf[lradi-False-True-2-200]" time="0.0005538463592529297"><skipped message="Suite splitting in effect" type="pytest.skip">src/pymortests/lyapunov.py:93: Suite splitting in effect</skipped></testcase><testcase classname="src.pymortests.lyapunov" file="src/pymortests/lyapunov.py" line="93" name="test_lrcf[lradi-True-False-1-100]" time="0.0004892349243164062"><skipped message="Suite splitting in effect" type="pytest.skip">src/pymortests/lyapunov.py:93: Suite splitting in effect</skipped></testcase><testcase classname="src.pymortests.lyapunov" file="src/pymortests/lyapunov.py" line="93" name="test_lrcf[lradi-True-False-1-200]" time="0.0005319118499755859"><skipped message="Suite splitting in effect" type="pytest.skip">src/pymortests/lyapunov.py:93: Suite splitting in effect</skipped></testcase><testcase classname="src.pymortests.lyapunov" file="src/pymortests/lyapunov.py" line="93" name="test_lrcf[lradi-True-False-2-100]" time="0.0005469322204589844"><skipped message="Suite splitting in effect" type="pytest.skip">src/pymortests/lyapunov.py:93: Suite splitting in effect</skipped></testcase><testcase classname="src.pymortests.lyapunov" file="src/pymortests/lyapunov.py" line="93" name="test_lrcf[lradi-True-False-2-200]" time="0.00054168701171875"><skipped message="Suite splitting in effect" type="pytest.skip">src/pymortests/lyapunov.py:93: Suite splitting in effect</skipped></testcase><testcase classname="src.pymortests.lyapunov" file="src/pymortests/lyapunov.py" line="93" name="test_lrcf[lradi-True-True-1-100]" time="0.0004994869232177734"><skipped message="Suite splitting in effect" type="pytest.skip">src/pymortests/lyapunov.py:93: Suite splitting in effect</skipped></testcase><testcase classname="src.pymortests.lyapunov" file="src/pymortests/lyapunov.py" line="93" name="test_lrcf[lradi-True-True-1-200]" time="0.0005314350128173828"><skipped message="Suite splitting in effect" type="pytest.skip">src/pymortests/lyapunov.py:93: Suite splitting in effect</skipped></testcase><testcase classname="src.pymortests.lyapunov" file="src/pymortests/lyapunov.py" line="93" name="test_lrcf[lradi-True-True-2-100]" time="0.0005309581756591797"><skipped message="Suite splitting in effect" type="pytest.skip">src/pymortests/lyapunov.py:93: Suite splitting in effect</skipped></testcase><testcase classname="src.pymortests.lyapunov" file="src/pymortests/lyapunov.py" line="93" name="test_lrcf[lradi-True-True-2-200]" time="0.0004813671112060547"><skipped message="Suite splitting in effect" type="pytest.skip">src/pymortests/lyapunov.py:93: Suite splitting in effect</skipped></testcase><testcase classname="src.pymortests.lyapunov" file="src/pymortests/lyapunov.py" line="122" name="test_dense[scipy-False-False-1-100]" time="0.0004911422729492188"><skipped message="Suite splitting in effect" type="pytest.skip">src/pymortests/lyapunov.py:122: Suite splitting in effect</skipped></testcase><testcase classname="src.pymortests.lyapunov" file="src/pymortests/lyapunov.py" line="122" name="test_dense[scipy-False-False-1-200]" time="0.0005371570587158203"><skipped message="Suite splitting in effect" type="pytest.skip">src/pymortests/lyapunov.py:122: Suite splitting in effect</skipped></testcase><testcase classname="src.pymortests.lyapunov" file="src/pymortests/lyapunov.py" line="122" name="test_dense[scipy-False-False-2-100]" time="0.0005228519439697266"><skipped message="Suite splitting in effect" type="pytest.skip">src/pymortests/lyapunov.py:122: Suite splitting in effect</skipped></testcase><testcase classname="src.pymortests.lyapunov" file="src/pymortests/lyapunov.py" line="122" name="test_dense[scipy-False-False-2-200]" time="0.0005261898040771484"><skipped message="Suite splitting in effect" type="pytest.skip">src/pymortests/lyapunov.py:122: Suite splitting in effect</skipped></testcase><testcase classname="src.pymortests.lyapunov" file="src/pymortests/lyapunov.py" line="122" name="test_dense[scipy-False-True-1-100]" time="0.0005514621734619141"><skipped message="Suite splitting in effect" type="pytest.skip">src/pymortests/lyapunov.py:122: Suite splitting in effect</skipped></testcase><testcase classname="src.pymortests.lyapunov" file="src/pymortests/lyapunov.py" line="122" name="test_dense[scipy-False-True-1-200]" time="0.0005495548248291016"><skipped message="Suite splitting in effect" type="pytest.skip">src/pymortests/lyapunov.py:122: Suite splitting in effect</skipped></testcase><testcase classname="src.pymortests.lyapunov" file="src/pymortests/lyapunov.py" line="122" name="test_dense[scipy-False-True-2-100]" time="0.0005991458892822266"><skipped message="Suite splitting in effect" type="pytest.skip">src/pymortests/lyapunov.py:122: Suite splitting in effect</skipped></testcase><testcase classname="src.pymortests.lyapunov" file="src/pymortests/lyapunov.py" line="122" name="test_dense[scipy-False-True-2-200]" time="0.0005567073822021484"><skipped message="Suite splitting in effect" type="pytest.skip">src/pymortests/lyapunov.py:122: Suite splitting in effect</skipped></testcase><testcase classname="src.pymortests.lyapunov" file="src/pymortests/lyapunov.py" line="122" name="test_dense[scipy-True-False-1-100]" time="0.0005588531494140625"><skipped message="Suite splitting in effect" type="pytest.skip">src/pymortests/lyapunov.py:122: Suite splitting in effect</skipped></testcase><testcase classname="src.pymortests.lyapunov" file="src/pymortests/lyapunov.py" line="122" name="test_dense[scipy-True-False-1-200]" time="0.0006334781646728516"><skipped message="Suite splitting in effect" type="pytest.skip">src/pymortests/lyapunov.py:122: Suite splitting in effect</skipped></testcase><testcase classname="src.pymortests.lyapunov" file="src/pymortests/lyapunov.py" line="122" name="test_dense[scipy-True-False-2-100]" time="0.00049591064453125"><skipped message="Suite splitting in effect" type="pytest.skip">src/pymortests/lyapunov.py:122: Suite splitting in effect</skipped></testcase><testcase classname="src.pymortests.lyapunov" file="src/pymortests/lyapunov.py" line="122" name="test_dense[scipy-True-False-2-200]" time="0.0005896091461181641"><skipped message="Suite splitting in effect" type="pytest.skip">src/pymortests/lyapunov.py:122: Suite splitting in effect</skipped></testcase><testcase classname="src.pymortests.lyapunov" file="src/pymortests/lyapunov.py" line="122" name="test_dense[scipy-True-True-1-100]" time="0.0005414485931396484"><skipped message="Suite splitting in effect" type="pytest.skip">src/pymortests/lyapunov.py:122: Suite splitting in effect</skipped></testcase><testcase classname="src.pymortests.lyapunov" file="src/pymortests/lyapunov.py" line="122" name="test_dense[scipy-True-True-1-200]" time="0.00044798851013183594"><skipped message="Suite splitting in effect" type="pytest.skip">src/pymortests/lyapunov.py:122: Suite splitting in effect</skipped></testcase><testcase classname="src.pymortests.lyapunov" file="src/pymortests/lyapunov.py" line="122" name="test_dense[scipy-True-True-2-100]" time="0.00047278404235839844"><skipped message="Suite splitting in effect" type="pytest.skip">src/pymortests/lyapunov.py:122: Suite splitting in effect</skipped></testcase><testcase classname="src.pymortests.lyapunov" file="src/pymortests/lyapunov.py" line="122" name="test_dense[scipy-True-True-2-200]" time="0.0004825592041015625"><skipped message="Suite splitting in effect" type="pytest.skip">src/pymortests/lyapunov.py:122: Suite splitting in effect</skipped></testcase><testcase classname="src.pymortests.lyapunov" file="src/pymortests/lyapunov.py" line="122" name="test_dense[slycot_bartels-stewart-False-False-1-100]" time="0.0005421638488769531"><skipped message="Suite splitting in effect" type="pytest.skip">src/pymortests/lyapunov.py:122: Suite splitting in effect</skipped></testcase><testcase classname="src.pymortests.lyapunov" file="src/pymortests/lyapunov.py" line="122" name="test_dense[slycot_bartels-stewart-False-False-1-200]" time="0.00046515464782714844"><skipped message="Suite splitting in effect" type="pytest.skip">src/pymortests/lyapunov.py:122: Suite splitting in effect</skipped></testcase><testcase classname="src.pymortests.lyapunov" file="src/pymortests/lyapunov.py" line="122" name="test_dense[slycot_bartels-stewart-False-False-2-100]" time="0.0004951953887939453"><skipped message="Suite splitting in effect" type="pytest.skip">src/pymortests/lyapunov.py:122: Suite splitting in effect</skipped></testcase><testcase classname="src.pymortests.lyapunov" file="src/pymortests/lyapunov.py" line="122" name="test_dense[slycot_bartels-stewart-False-False-2-200]" time="0.000499725341796875"><skipped message="Suite splitting in effect" type="pytest.skip">src/pymortests/lyapunov.py:122: Suite splitting in effect</skipped></testcase><testcase classname="src.pymortests.lyapunov" file="src/pymortests/lyapunov.py" line="122" name="test_dense[slycot_bartels-stewart-False-True-1-100]" time="0.0004780292510986328"><skipped message="Suite splitting in effect" type="pytest.skip">src/pymortests/lyapunov.py:122: Suite splitting in effect</skipped></testcase><testcase classname="src.pymortests.lyapunov" file="src/pymortests/lyapunov.py" line="122" name="test_dense[slycot_bartels-stewart-False-True-1-200]" time="0.0005033016204833984"><skipped message="Suite splitting in effect" type="pytest.skip">src/pymortests/lyapunov.py:122: Suite splitting in effect</skipped></testcase><testcase classname="src.pymortests.lyapunov" file="src/pymortests/lyapunov.py" line="122" name="test_dense[slycot_bartels-stewart-False-True-2-100]" time="0.00048470497131347656"><skipped message="Suite splitting in effect" type="pytest.skip">src/pymortests/lyapunov.py:122: Suite splitting in effect</skipped></testcase><testcase classname="src.pymortests.lyapunov" file="src/pymortests/lyapunov.py" line="122" name="test_dense[slycot_bartels-stewart-False-True-2-200]" time="0.0005066394805908203"><skipped message="Suite splitting in effect" type="pytest.skip">src/pymortests/lyapunov.py:122: Suite splitting in effect</skipped></testcase><testcase classname="src.pymortests.lyapunov" file="src/pymortests/lyapunov.py" line="122" name="test_dense[slycot_bartels-stewart-True-False-1-100]" time="0.0004863739013671875"><skipped message="Suite splitting in effect" type="pytest.skip">src/pymortests/lyapunov.py:122: Suite splitting in effect</skipped></testcase><testcase classname="src.pymortests.lyapunov" file="src/pymortests/lyapunov.py" line="122" name="test_dense[slycot_bartels-stewart-True-False-1-200]" time="0.0005064010620117188"><skipped message="Suite splitting in effect" type="pytest.skip">src/pymortests/lyapunov.py:122: Suite splitting in effect</skipped></testcase><testcase classname="src.pymortests.lyapunov" file="src/pymortests/lyapunov.py" line="122" name="test_dense[slycot_bartels-stewart-True-False-2-100]" time="0.0004661083221435547"><skipped message="Suite splitting in effect" type="pytest.skip">src/pymortests/lyapunov.py:122: Suite splitting in effect</skipped></testcase><testcase classname="src.pymortests.lyapunov" file="src/pymortests/lyapunov.py" line="122" name="test_dense[slycot_bartels-stewart-True-False-2-200]" time="0.0004944801330566406"><skipped message="Suite splitting in effect" type="pytest.skip">src/pymortests/lyapunov.py:122: Suite splitting in effect</skipped></testcase><testcase classname="src.pymortests.lyapunov" file="src/pymortests/lyapunov.py" line="122" name="test_dense[slycot_bartels-stewart-True-True-1-100]" time="0.00047278404235839844"><skipped message="Suite splitting in effect" type="pytest.skip">src/pymortests/lyapunov.py:122: Suite splitting in effect</skipped></testcase><testcase classname="src.pymortests.lyapunov" file="src/pymortests/lyapunov.py" line="122" name="test_dense[slycot_bartels-stewart-True-True-1-200]" time="0.0004699230194091797"><skipped message="Suite splitting in effect" type="pytest.skip">src/pymortests/lyapunov.py:122: Suite splitting in effect</skipped></testcase><testcase classname="src.pymortests.lyapunov" file="src/pymortests/lyapunov.py" line="122" name="test_dense[slycot_bartels-stewart-True-True-2-100]" time="0.0005035400390625"><skipped message="Suite splitting in effect" type="pytest.skip">src/pymortests/lyapunov.py:122: Suite splitting in effect</skipped></testcase><testcase classname="src.pymortests.lyapunov" file="src/pymortests/lyapunov.py" line="122" name="test_dense[slycot_bartels-stewart-True-True-2-200]" time="0.0005559921264648438"><skipped message="Suite splitting in effect" type="pytest.skip">src/pymortests/lyapunov.py:122: Suite splitting in effect</skipped></testcase><testcase classname="src.pymortests.lyapunov" file="src/pymortests/lyapunov.py" line="122" name="test_dense[pymess_glyap-False-False-1-100]" time="0.0005142688751220703"><skipped message="Suite splitting in effect" type="pytest.skip">src/pymortests/lyapunov.py:122: Suite splitting in effect</skipped></testcase><testcase classname="src.pymortests.lyapunov" file="src/pymortests/lyapunov.py" line="122" name="test_dense[pymess_glyap-False-False-1-200]" time="0.00046062469482421875"><skipped message="Suite splitting in effect" type="pytest.skip">src/pymortests/lyapunov.py:122: Suite splitting in effect</skipped></testcase><testcase classname="src.pymortests.lyapunov" file="src/pymortests/lyapunov.py" line="122" name="test_dense[pymess_glyap-False-False-2-100]" time="0.0005035400390625"><skipped message="Suite splitting in effect" type="pytest.skip">src/pymortests/lyapunov.py:122: Suite splitting in effect</skipped></testcase><testcase classname="src.pymortests.lyapunov" file="src/pymortests/lyapunov.py" line="122" name="test_dense[pymess_glyap-False-False-2-200]" time="0.0005114078521728516"><skipped message="Suite splitting in effect" type="pytest.skip">src/pymortests/lyapunov.py:122: Suite splitting in effect</skipped></testcase><testcase classname="src.pymortests.lyapunov" file="src/pymortests/lyapunov.py" line="122" name="test_dense[pymess_glyap-False-True-1-100]" time="0.0004837512969970703"><skipped message="Suite splitting in effect" type="pytest.skip">src/pymortests/lyapunov.py:122: Suite splitting in effect</skipped></testcase><testcase classname="src.pymortests.lyapunov" file="src/pymortests/lyapunov.py" line="122" name="test_dense[pymess_glyap-False-True-1-200]" time="0.0005156993865966797"><skipped message="Suite splitting in effect" type="pytest.skip">src/pymortests/lyapunov.py:122: Suite splitting in effect</skipped></testcase><testcase classname="src.pymortests.lyapunov" file="src/pymortests/lyapunov.py" line="122" name="test_dense[pymess_glyap-False-True-2-100]" time="0.0005145072937011719"><skipped message="Suite splitting in effect" type="pytest.skip">src/pymortests/lyapunov.py:122: Suite splitting in effect</skipped></testcase><testcase classname="src.pymortests.lyapunov" file="src/pymortests/lyapunov.py" line="122" name="test_dense[pymess_glyap-False-True-2-200]" time="0.0004477500915527344"><skipped message="Suite splitting in effect" type="pytest.skip">src/pymortests/lyapunov.py:122: Suite splitting in effect</skipped></testcase><testcase classname="src.pymortests.lyapunov" file="src/pymortests/lyapunov.py" line="122" name="test_dense[pymess_glyap-True-False-1-100]" time="0.0005345344543457031"><skipped message="Suite splitting in effect" type="pytest.skip">src/pymortests/lyapunov.py:122: Suite splitting in effect</skipped></testcase><testcase classname="src.pymortests.lyapunov" file="src/pymortests/lyapunov.py" line="122" name="test_dense[pymess_glyap-True-False-1-200]" time="0.0005304813385009766"><skipped message="Suite splitting in effect" type="pytest.skip">src/pymortests/lyapunov.py:122: Suite splitting in effect</skipped></testcase><testcase classname="src.pymortests.lyapunov" file="src/pymortests/lyapunov.py" line="122" name="test_dense[pymess_glyap-True-False-2-100]" time="0.0005414485931396484"><skipped message="Suite splitting in effect" type="pytest.skip">src/pymortests/lyapunov.py:122: Suite splitting in effect</skipped></testcase><testcase classname="src.pymortests.lyapunov" file="src/pymortests/lyapunov.py" line="122" name="test_dense[pymess_glyap-True-False-2-200]" time="0.0004949569702148438"><skipped message="Suite splitting in effect" type="pytest.skip">src/pymortests/lyapunov.py:122: Suite splitting in effect</skipped></testcase><testcase classname="src.pymortests.lyapunov" file="src/pymortests/lyapunov.py" line="122" name="test_dense[pymess_glyap-True-True-1-100]" time="0.0004875659942626953"><skipped message="Suite splitting in effect" type="pytest.skip">src/pymortests/lyapunov.py:122: Suite splitting in effect</skipped></testcase><testcase classname="src.pymortests.lyapunov" file="src/pymortests/lyapunov.py" line="122" name="test_dense[pymess_glyap-True-True-1-200]" time="0.000518798828125"><skipped message="Suite splitting in effect" type="pytest.skip">src/pymortests/lyapunov.py:122: Suite splitting in effect</skipped></testcase><testcase classname="src.pymortests.lyapunov" file="src/pymortests/lyapunov.py" line="122" name="test_dense[pymess_glyap-True-True-2-100]" time="0.0004458427429199219"><skipped message="Suite splitting in effect" type="pytest.skip">src/pymortests/lyapunov.py:122: Suite splitting in effect</skipped></testcase><testcase classname="src.pymortests.lyapunov" file="src/pymortests/lyapunov.py" line="122" name="test_dense[pymess_glyap-True-True-2-200]" time="0.0008759498596191406"><skipped message="Suite splitting in effect" type="pytest.skip">src/pymortests/lyapunov.py:122: Suite splitting in effect</skipped></testcase><testcase classname="src.pymortests.operators" file="src/pymortests/operators.py" line="21" name="test_selection_op" time="0.0005371570587158203"><skipped message="Suite splitting in effect" type="pytest.skip">src/pymortests/operators.py:21: Suite splitting in effect</skipped></testcase><testcase classname="src.pymortests.operators" file="src/pymortests/operators.py" line="53" name="test_lincomb_op" time="0.0004742145538330078"><skipped message="Suite splitting in effect" type="pytest.skip">src/pymortests/operators.py:53: Suite splitting in effect</skipped></testcase><testcase classname="src.pymortests.operators" file="src/pymortests/operators.py" line="77" name="test_pickle[&lt;lambda&gt;0]" time="0.0005164146423339844"><skipped message="Suite splitting in effect" type="pytest.skip">src/pymortests/operators.py:77: Suite splitting in effect</skipped></testcase><testcase classname="src.pymortests.operators" file="src/pymortests/operators.py" line="77" name="test_pickle[&lt;lambda&gt;1]" time="0.0005147457122802734"><skipped message="Suite splitting in effect" type="pytest.skip">src/pymortests/operators.py:77: Suite splitting in effect</skipped></testcase><testcase classname="src.pymortests.operators" file="src/pymortests/operators.py" line="77" name="test_pickle[&lt;lambda&gt;2]" time="0.00044846534729003906"><skipped message="Suite splitting in effect" type="pytest.skip">src/pymortests/operators.py:77: Suite splitting in effect</skipped></testcase><testcase classname="src.pymortests.operators" file="src/pymortests/operators.py" line="77" name="test_pickle[&lt;lambda&gt;3]" time="0.0004973411560058594"><skipped message="Suite splitting in effect" type="pytest.skip">src/pymortests/operators.py:77: Suite splitting in effect</skipped></testcase><testcase classname="src.pymortests.operators" file="src/pymortests/operators.py" line="77" name="test_pickle[&lt;lambda&gt;4]" time="0.00048089027404785156"><skipped message="Suite splitting in effect" type="pytest.skip">src/pymortests/operators.py:77: Suite splitting in effect</skipped></testcase><testcase classname="src.pymortests.operators" file="src/pymortests/operators.py" line="77" name="test_pickle[&lt;lambda&gt;5]" time="0.0004837512969970703"><skipped message="Suite splitting in effect" type="pytest.skip">src/pymortests/operators.py:77: Suite splitting in effect</skipped></testcase><testcase classname="src.pymortests.operators" file="src/pymortests/operators.py" line="77" name="test_pickle[&lt;lambda&gt;6]" time="0.0004911422729492188"><skipped message="Suite splitting in effect" type="pytest.skip">src/pymortests/operators.py:77: Suite splitting in effect</skipped></testcase><testcase classname="src.pymortests.operators" file="src/pymortests/operators.py" line="77" name="test_pickle[&lt;lambda&gt;7]" time="0.0004286766052246094"><skipped message="Suite splitting in effect" type="pytest.skip">src/pymortests/operators.py:77: Suite splitting in effect</skipped></testcase><testcase classname="src.pymortests.operators" file="src/pymortests/operators.py" line="77" name="test_pickle[&lt;lambda&gt;8]" time="0.0004792213439941406"><skipped message="Suite splitting in effect" type="pytest.skip">src/pymortests/operators.py:77: Suite splitting in effect</skipped></testcase><testcase classname="src.pymortests.operators" file="src/pymortests/operators.py" line="77" name="test_pickle[&lt;lambda&gt;9]" time="0.0004899501800537109"><skipped message="Suite splitting in effect" type="pytest.skip">src/pymortests/operators.py:77: Suite splitting in effect</skipped></testcase><testcase classname="src.pymortests.operators" file="src/pymortests/operators.py" line="77" name="test_pickle[&lt;lambda&gt;10]" time="0.0005142688751220703"><skipped message="Suite splitting in effect" type="pytest.skip">src/pymortests/operators.py:77: Suite splitting in effect</skipped></testcase><testcase classname="src.pymortests.operators" file="src/pymortests/operators.py" line="77" name="test_pickle[&lt;lambda&gt;11]" time="0.0004601478576660156"><skipped message="Suite splitting in effect" type="pytest.skip">src/pymortests/operators.py:77: Suite splitting in effect</skipped></testcase><testcase classname="src.pymortests.operators" file="src/pymortests/operators.py" line="77" name="test_pickle[&lt;lambda&gt;12]" time="0.0004200935363769531"><skipped message="Suite splitting in effect" type="pytest.skip">src/pymortests/operators.py:77: Suite splitting in effect</skipped></testcase><testcase classname="src.pymortests.operators" file="src/pymortests/operators.py" line="77" name="test_pickle[&lt;lambda&gt;13]" time="0.0005056858062744141"><skipped message="Suite splitting in effect" type="pytest.skip">src/pymortests/operators.py:77: Suite splitting in effect</skipped></testcase><testcase classname="src.pymortests.operators" file="src/pymortests/operators.py" line="77" name="test_pickle[&lt;lambda&gt;14]" time="0.0004787445068359375"><skipped message="Suite splitting in effect" type="pytest.skip">src/pymortests/operators.py:77: Suite splitting in effect</skipped></testcase><testcase classname="src.pymortests.operators" file="src/pymortests/operators.py" line="77" name="test_pickle[&lt;lambda&gt;15]" time="0.0005633831024169922"><skipped message="Suite splitting in effect" type="pytest.skip">src/pymortests/operators.py:77: Suite splitting in effect</skipped></testcase><testcase classname="src.pymortests.operators" file="src/pymortests/operators.py" line="77" name="test_pickle[&lt;lambda&gt;16]" time="0.0005381107330322266"><skipped message="Suite splitting in effect" type="pytest.skip">src/pymortests/operators.py:77: Suite splitting in effect</skipped></testcase><testcase classname="src.pymortests.operators" file="src/pymortests/operators.py" line="77" name="test_pickle[&lt;lambda&gt;17]" time="0.00044846534729003906"><skipped message="Suite splitting in effect" type="pytest.skip">src/pymortests/operators.py:77: Suite splitting in effect</skipped></testcase><testcase classname="src.pymortests.operators" file="src/pymortests/operators.py" line="77" name="test_pickle[&lt;lambda&gt;18]" time="0.0005021095275878906"><skipped message="Suite splitting in effect" type="pytest.skip">src/pymortests/operators.py:77: Suite splitting in effect</skipped></testcase><testcase classname="src.pymortests.operators" file="src/pymortests/operators.py" line="77" name="test_pickle[&lt;lambda&gt;19]" time="0.0005445480346679688"><skipped message="Suite splitting in effect" type="pytest.skip">src/pymortests/operators.py:77: Suite splitting in effect</skipped></testcase><testcase classname="src.pymortests.operators" file="src/pymortests/operators.py" line="77" name="test_pickle[&lt;lambda&gt;20]" time="0.0004782676696777344"><skipped message="Suite splitting in effect" type="pytest.skip">src/pymortests/operators.py:77: Suite splitting in effect</skipped></testcase><testcase classname="src.pymortests.operators" file="src/pymortests/operators.py" line="77" name="test_pickle[&lt;lambda&gt;21]" time="0.0004398822784423828"><skipped message="Suite splitting in effect" type="pytest.skip">src/pymortests/operators.py:77: Suite splitting in effect</skipped></testcase><testcase classname="src.pymortests.operators" file="src/pymortests/operators.py" line="77" name="test_pickle[&lt;lambda&gt;22]" time="0.0004336833953857422"><skipped message="Suite splitting in effect" type="pytest.skip">src/pymortests/operators.py:77: Suite splitting in effect</skipped></testcase><testcase classname="src.pymortests.operators" file="src/pymortests/operators.py" line="77" name="test_pickle[&lt;lambda&gt;23]" time="0.0004494190216064453"><skipped message="Suite splitting in effect" type="pytest.skip">src/pymortests/operators.py:77: Suite splitting in effect</skipped></testcase><testcase classname="src.pymortests.operators" file="src/pymortests/operators.py" line="77" name="test_pickle[&lt;lambda&gt;24]" time="0.0004982948303222656"><skipped message="Suite splitting in effect" type="pytest.skip">src/pymortests/operators.py:77: Suite splitting in effect</skipped></testcase><testcase classname="src.pymortests.operators" file="src/pymortests/operators.py" line="77" name="test_pickle[&lt;lambda&gt;25]" time="0.0005247592926025391"><skipped message="Suite splitting in effect" type="pytest.skip">src/pymortests/operators.py:77: Suite splitting in effect</skipped></testcase><testcase classname="src.pymortests.operators" file="src/pymortests/operators.py" line="77" name="test_pickle[&lt;lambda&gt;26]" time="0.00046539306640625"><skipped message="Suite splitting in effect" type="pytest.skip">src/pymortests/operators.py:77: Suite splitting in effect</skipped></testcase><testcase classname="src.pymortests.operators" file="src/pymortests/operators.py" line="77" name="test_pickle[&lt;lambda&gt;27]" time="0.00043845176696777344"><skipped message="Suite splitting in effect" type="pytest.skip">src/pymortests/operators.py:77: Suite splitting in effect</skipped></testcase><testcase classname="src.pymortests.operators" file="src/pymortests/operators.py" line="77" name="test_pickle[&lt;lambda&gt;28]" time="0.0005185604095458984"><skipped message="Suite splitting in effect" type="pytest.skip">src/pymortests/operators.py:77: Suite splitting in effect</skipped></testcase><testcase classname="src.pymortests.operators" file="src/pymortests/operators.py" line="77" name="test_pickle[&lt;lambda&gt;29]" time="0.0005128383636474609"><skipped message="Suite splitting in effect" type="pytest.skip">src/pymortests/operators.py:77: Suite splitting in effect</skipped></testcase><testcase classname="src.pymortests.operators" file="src/pymortests/operators.py" line="77" name="test_pickle[&lt;lambda&gt;30]" time="0.0005497932434082031"><skipped message="Suite splitting in effect" type="pytest.skip">src/pymortests/operators.py:77: Suite splitting in effect</skipped></testcase><testcase classname="src.pymortests.operators" file="src/pymortests/operators.py" line="77" name="test_pickle[&lt;lambda&gt;31]" time="0.0004761219024658203"><skipped message="Suite splitting in effect" type="pytest.skip">src/pymortests/operators.py:77: Suite splitting in effect</skipped></testcase><testcase classname="src.pymortests.operators" file="src/pymortests/operators.py" line="77" name="test_pickle[&lt;lambda&gt;32]" time="0.0005319118499755859"><skipped message="Suite splitting in effect" type="pytest.skip">src/pymortests/operators.py:77: Suite splitting in effect</skipped></testcase><testcase classname="src.pymortests.operators" file="src/pymortests/operators.py" line="77" name="test_pickle[&lt;lambda&gt;33]" time="0.0005004405975341797"><skipped message="Suite splitting in effect" type="pytest.skip">src/pymortests/operators.py:77: Suite splitting in effect</skipped></testcase><testcase classname="src.pymortests.operators" file="src/pymortests/operators.py" line="77" name="test_pickle[&lt;lambda&gt;34]" time="0.00048279762268066406"><skipped message="Suite splitting in effect" type="pytest.skip">src/pymortests/operators.py:77: Suite splitting in effect</skipped></testcase><testcase classname="src.pymortests.operators" file="src/pymortests/operators.py" line="77" name="test_pickle[&lt;lambda&gt;35]" time="0.0004994869232177734"><skipped message="Suite splitting in effect" type="pytest.skip">src/pymortests/operators.py:77: Suite splitting in effect</skipped></testcase><testcase classname="src.pymortests.operators" file="src/pymortests/operators.py" line="77" name="test_pickle[&lt;lambda&gt;36]" time="0.0005228519439697266"><skipped message="Suite splitting in effect" type="pytest.skip">src/pymortests/operators.py:77: Suite splitting in effect</skipped></testcase><testcase classname="src.pymortests.operators" file="src/pymortests/operators.py" line="77" name="test_pickle[&lt;lambda&gt;37]" time="0.0004942417144775391"><skipped message="Suite splitting in effect" type="pytest.skip">src/pymortests/operators.py:77: Suite splitting in effect</skipped></testcase><testcase classname="src.pymortests.operators" file="src/pymortests/operators.py" line="77" name="test_pickle[&lt;lambda&gt;38]" time="0.0004451274871826172"><skipped message="Suite splitting in effect" type="pytest.skip">src/pymortests/operators.py:77: Suite splitting in effect</skipped></testcase><testcase classname="src.pymortests.operators" file="src/pymortests/operators.py" line="77" name="test_pickle[&lt;lambda&gt;39]" time="0.00046062469482421875"><skipped message="Suite splitting in effect" type="pytest.skip">src/pymortests/operators.py:77: Suite splitting in effect</skipped></testcase><testcase classname="src.pymortests.operators" file="src/pymortests/operators.py" line="77" name="test_pickle[&lt;lambda&gt;40]" time="0.0004956722259521484"><skipped message="Suite splitting in effect" type="pytest.skip">src/pymortests/operators.py:77: Suite splitting in effect</skipped></testcase><testcase classname="src.pymortests.operators" file="src/pymortests/operators.py" line="81" name="test_pickle_without_dumps_function[&lt;lambda&gt;0]" time="0.00043272972106933594"><skipped message="Suite splitting in effect" type="pytest.skip">src/pymortests/operators.py:81: Suite splitting in effect</skipped></testcase><testcase classname="src.pymortests.operators" file="src/pymortests/operators.py" line="81" name="test_pickle_without_dumps_function[&lt;lambda&gt;1]" time="0.0005025863647460938"><skipped message="Suite splitting in effect" type="pytest.skip">src/pymortests/operators.py:81: Suite splitting in effect</skipped></testcase><testcase classname="src.pymortests.operators" file="src/pymortests/operators.py" line="81" name="test_pickle_without_dumps_function[&lt;lambda&gt;2]" time="0.0005161762237548828"><skipped message="Suite splitting in effect" type="pytest.skip">src/pymortests/operators.py:81: Suite splitting in effect</skipped></testcase><testcase classname="src.pymortests.operators" file="src/pymortests/operators.py" line="81" name="test_pickle_without_dumps_function[&lt;lambda&gt;3]" time="0.0005021095275878906"><skipped message="Suite splitting in effect" type="pytest.skip">src/pymortests/operators.py:81: Suite splitting in effect</skipped></testcase><testcase classname="src.pymortests.operators" file="src/pymortests/operators.py" line="81" name="test_pickle_without_dumps_function[&lt;lambda&gt;4]" time="0.0004627704620361328"><skipped message="Suite splitting in effect" type="pytest.skip">src/pymortests/operators.py:81: Suite splitting in effect</skipped></testcase><testcase classname="src.pymortests.operators" file="src/pymortests/operators.py" line="81" name="test_pickle_without_dumps_function[&lt;lambda&gt;5]" time="0.0005168914794921875"><skipped message="Suite splitting in effect" type="pytest.skip">src/pymortests/operators.py:81: Suite splitting in effect</skipped></testcase><testcase classname="src.pymortests.operators" file="src/pymortests/operators.py" line="81" name="test_pickle_without_dumps_function[&lt;lambda&gt;6]" time="0.0004513263702392578"><skipped message="Suite splitting in effect" type="pytest.skip">src/pymortests/operators.py:81: Suite splitting in effect</skipped></testcase><testcase classname="src.pymortests.operators" file="src/pymortests/operators.py" line="81" name="test_pickle_without_dumps_function[&lt;lambda&gt;7]" time="0.0004963874816894531"><skipped message="Suite splitting in effect" type="pytest.skip">src/pymortests/operators.py:81: Suite splitting in effect</skipped></testcase><testcase classname="src.pymortests.operators" file="src/pymortests/operators.py" line="81" name="test_pickle_without_dumps_function[&lt;lambda&gt;8]" time="0.0004298686981201172"><skipped message="Suite splitting in effect" type="pytest.skip">src/pymortests/operators.py:81: Suite splitting in effect</skipped></testcase><testcase classname="src.pymortests.operators" file="src/pymortests/operators.py" line="81" name="test_pickle_without_dumps_function[&lt;lambda&gt;9]" time="0.0005161762237548828"><skipped message="Suite splitting in effect" type="pytest.skip">src/pymortests/operators.py:81: Suite splitting in effect</skipped></testcase><testcase classname="src.pymortests.operators" file="src/pymortests/operators.py" line="81" name="test_pickle_without_dumps_function[&lt;lambda&gt;10]" time="0.0005152225494384766"><skipped message="Suite splitting in effect" type="pytest.skip">src/pymortests/operators.py:81: Suite splitting in effect</skipped></testcase><testcase classname="src.pymortests.operators" file="src/pymortests/operators.py" line="81" name="test_pickle_without_dumps_function[&lt;lambda&gt;11]" time="0.0004749298095703125"><skipped message="Suite splitting in effect" type="pytest.skip">src/pymortests/operators.py:81: Suite splitting in effect</skipped></testcase><testcase classname="src.pymortests.operators" file="src/pymortests/operators.py" line="81" name="test_pickle_without_dumps_function[&lt;lambda&gt;12]" time="0.0004925727844238281"><skipped message="Suite splitting in effect" type="pytest.skip">src/pymortests/operators.py:81: Suite splitting in effect</skipped></testcase><testcase classname="src.pymortests.operators" file="src/pymortests/operators.py" line="81" name="test_pickle_without_dumps_function[&lt;lambda&gt;13]" time="0.0004923343658447266"><skipped message="Suite splitting in effect" type="pytest.skip">src/pymortests/operators.py:81: Suite splitting in effect</skipped></testcase><testcase classname="src.pymortests.operators" file="src/pymortests/operators.py" line="81" name="test_pickle_without_dumps_function[&lt;lambda&gt;14]" time="0.00046634674072265625"><skipped message="Suite splitting in effect" type="pytest.skip">src/pymortests/operators.py:81: Suite splitting in effect</skipped></testcase><testcase classname="src.pymortests.operators" file="src/pymortests/operators.py" line="81" name="test_pickle_without_dumps_function[&lt;lambda&gt;15]" time="0.0004885196685791016"><skipped message="Suite splitting in effect" type="pytest.skip">src/pymortests/operators.py:81: Suite splitting in effect</skipped></testcase><testcase classname="src.pymortests.operators" file="src/pymortests/operators.py" line="81" name="test_pickle_without_dumps_function[&lt;lambda&gt;16]" time="0.0004372596740722656"><skipped message="Suite splitting in effect" type="pytest.skip">src/pymortests/operators.py:81: Suite splitting in effect</skipped></testcase><testcase classname="src.pymortests.operators" file="src/pymortests/operators.py" line="81" name="test_pickle_without_dumps_function[&lt;lambda&gt;17]" time="0.0004820823669433594"><skipped message="Suite splitting in effect" type="pytest.skip">src/pymortests/operators.py:81: Suite splitting in effect</skipped></testcase><testcase classname="src.pymortests.operators" file="src/pymortests/operators.py" line="81" name="test_pickle_without_dumps_function[&lt;lambda&gt;18]" time="0.0004987716674804688"><skipped message="Suite splitting in effect" type="pytest.skip">src/pymortests/operators.py:81: Suite splitting in effect</skipped></testcase><testcase classname="src.pymortests.operators" file="src/pymortests/operators.py" line="81" name="test_pickle_without_dumps_function[&lt;lambda&gt;19]" time="0.00048041343688964844"><skipped message="Suite splitting in effect" type="pytest.skip">src/pymortests/operators.py:81: Suite splitting in effect</skipped></testcase><testcase classname="src.pymortests.operators" file="src/pymortests/operators.py" line="81" name="test_pickle_without_dumps_function[&lt;lambda&gt;20]" time="0.00047087669372558594"><skipped message="Suite splitting in effect" type="pytest.skip">src/pymortests/operators.py:81: Suite splitting in effect</skipped></testcase><testcase classname="src.pymortests.operators" file="src/pymortests/operators.py" line="81" name="test_pickle_without_dumps_function[&lt;lambda&gt;21]" time="0.0004968643188476562"><skipped message="Suite splitting in effect" type="pytest.skip">src/pymortests/operators.py:81: Suite splitting in effect</skipped></testcase><testcase classname="src.pymortests.operators" file="src/pymortests/operators.py" line="81" name="test_pickle_without_dumps_function[&lt;lambda&gt;22]" time="0.0004565715789794922"><skipped message="Suite splitting in effect" type="pytest.skip">src/pymortests/operators.py:81: Suite splitting in effect</skipped></testcase><testcase classname="src.pymortests.operators" file="src/pymortests/operators.py" line="81" name="test_pickle_without_dumps_function[&lt;lambda&gt;23]" time="0.0004940032958984375"><skipped message="Suite splitting in effect" type="pytest.skip">src/pymortests/operators.py:81: Suite splitting in effect</skipped></testcase><testcase classname="src.pymortests.operators" file="src/pymortests/operators.py" line="81" name="test_pickle_without_dumps_function[&lt;lambda&gt;24]" time="0.0005629062652587891"><skipped message="Suite splitting in effect" type="pytest.skip">src/pymortests/operators.py:81: Suite splitting in effect</skipped></testcase><testcase classname="src.pymortests.operators" file="src/pymortests/operators.py" line="81" name="test_pickle_without_dumps_function[&lt;lambda&gt;25]" time="0.0004918575286865234"><skipped message="Suite splitting in effect" type="pytest.skip">src/pymortests/operators.py:81: Suite splitting in effect</skipped></testcase><testcase classname="src.pymortests.operators" file="src/pymortests/operators.py" line="81" name="test_pickle_without_dumps_function[&lt;lambda&gt;26]" time="0.0004940032958984375"><skipped message="Suite splitting in effect" type="pytest.skip">src/pymortests/operators.py:81: Suite splitting in effect</skipped></testcase><testcase classname="src.pymortests.operators" file="src/pymortests/operators.py" line="81" name="test_pickle_without_dumps_function[&lt;lambda&gt;27]" time="0.000598907470703125"><skipped message="Suite splitting in effect" type="pytest.skip">src/pymortests/operators.py:81: Suite splitting in effect</skipped></testcase><testcase classname="src.pymortests.operators" file="src/pymortests/operators.py" line="81" name="test_pickle_without_dumps_function[&lt;lambda&gt;28]" time="0.0004937648773193359"><skipped message="Suite splitting in effect" type="pytest.skip">src/pymortests/operators.py:81: Suite splitting in effect</skipped></testcase><testcase classname="src.pymortests.operators" file="src/pymortests/operators.py" line="81" name="test_pickle_without_dumps_function[&lt;lambda&gt;29]" time="0.00045800209045410156"><skipped message="Suite splitting in effect" type="pytest.skip">src/pymortests/operators.py:81: Suite splitting in effect</skipped></testcase><testcase classname="src.pymortests.operators" file="src/pymortests/operators.py" line="81" name="test_pickle_without_dumps_function[&lt;lambda&gt;30]" time="0.00043320655822753906"><skipped message="Suite splitting in effect" type="pytest.skip">src/pymortests/operators.py:81: Suite splitting in effect</skipped></testcase><testcase classname="src.pymortests.operators" file="src/pymortests/operators.py" line="81" name="test_pickle_without_dumps_function[&lt;lambda&gt;31]" time="0.0005533695220947266"><skipped message="Suite splitting in effect" type="pytest.skip">src/pymortests/operators.py:81: Suite splitting in effect</skipped></testcase><testcase classname="src.pymortests.operators" file="src/pymortests/operators.py" line="81" name="test_pickle_without_dumps_function[&lt;lambda&gt;32]" time="0.0004718303680419922"><skipped message="Suite splitting in effect" type="pytest.skip">src/pymortests/operators.py:81: Suite splitting in effect</skipped></testcase><testcase classname="src.pymortests.operators" file="src/pymortests/operators.py" line="81" name="test_pickle_without_dumps_function[&lt;lambda&gt;33]" time="0.0004961490631103516"><skipped message="Suite splitting in effect" type="pytest.skip">src/pymortests/operators.py:81: Suite splitting in effect</skipped></testcase><testcase classname="src.pymortests.operators" file="src/pymortests/operators.py" line="81" name="test_pickle_without_dumps_function[&lt;lambda&gt;34]" time="0.0004782676696777344"><skipped message="Suite splitting in effect" type="pytest.skip">src/pymortests/operators.py:81: Suite splitting in effect</skipped></testcase><testcase classname="src.pymortests.operators" file="src/pymortests/operators.py" line="81" name="test_pickle_without_dumps_function[&lt;lambda&gt;35]" time="0.0004661083221435547"><skipped message="Suite splitting in effect" type="pytest.skip">src/pymortests/operators.py:81: Suite splitting in effect</skipped></testcase><testcase classname="src.pymortests.operators" file="src/pymortests/operators.py" line="81" name="test_pickle_without_dumps_function[&lt;lambda&gt;36]" time="0.0004837512969970703"><skipped message="Suite splitting in effect" type="pytest.skip">src/pymortests/operators.py:81: Suite splitting in effect</skipped></testcase><testcase classname="src.pymortests.operators" file="src/pymortests/operators.py" line="81" name="test_pickle_without_dumps_function[&lt;lambda&gt;37]" time="0.0004379749298095703"><skipped message="Suite splitting in effect" type="pytest.skip">src/pymortests/operators.py:81: Suite splitting in effect</skipped></testcase><testcase classname="src.pymortests.operators" file="src/pymortests/operators.py" line="81" name="test_pickle_without_dumps_function[&lt;lambda&gt;38]" time="0.0004696846008300781"><skipped message="Suite splitting in effect" type="pytest.skip">src/pymortests/operators.py:81: Suite splitting in effect</skipped></testcase><testcase classname="src.pymortests.operators" file="src/pymortests/operators.py" line="81" name="test_pickle_without_dumps_function[&lt;lambda&gt;39]" time="0.0004899501800537109"><skipped message="Suite splitting in effect" type="pytest.skip">src/pymortests/operators.py:81: Suite splitting in effect</skipped></testcase><testcase classname="src.pymortests.operators" file="src/pymortests/operators.py" line="85" name="test_apply[&lt;lambda&gt;0]" time="0.000446319580078125"><skipped message="Suite splitting in effect" type="pytest.skip">src/pymortests/operators.py:85: Suite splitting in effect</skipped></testcase><testcase classname="src.pymortests.operators" file="src/pymortests/operators.py" line="85" name="test_apply[&lt;lambda&gt;1]" time="0.0004878044128417969"><skipped message="Suite splitting in effect" type="pytest.skip">src/pymortests/operators.py:85: Suite splitting in effect</skipped></testcase><testcase classname="src.pymortests.operators" file="src/pymortests/operators.py" line="85" name="test_apply[&lt;lambda&gt;2]" time="0.0005092620849609375"><skipped message="Suite splitting in effect" type="pytest.skip">src/pymortests/operators.py:85: Suite splitting in effect</skipped></testcase><testcase classname="src.pymortests.operators" file="src/pymortests/operators.py" line="85" name="test_apply[&lt;lambda&gt;3]" time="0.0005064010620117188"><skipped message="Suite splitting in effect" type="pytest.skip">src/pymortests/operators.py:85: Suite splitting in effect</skipped></testcase><testcase classname="src.pymortests.operators" file="src/pymortests/operators.py" line="85" name="test_apply[&lt;lambda&gt;4]" time="0.00046443939208984375"><skipped message="Suite splitting in effect" type="pytest.skip">src/pymortests/operators.py:85: Suite splitting in effect</skipped></testcase><testcase classname="src.pymortests.operators" file="src/pymortests/operators.py" line="85" name="test_apply[&lt;lambda&gt;5]" time="0.0004992485046386719"><skipped message="Suite splitting in effect" type="pytest.skip">src/pymortests/operators.py:85: Suite splitting in effect</skipped></testcase><testcase classname="src.pymortests.operators" file="src/pymortests/operators.py" line="85" name="test_apply[&lt;lambda&gt;6]" time="0.0005137920379638672"><skipped message="Suite splitting in effect" type="pytest.skip">src/pymortests/operators.py:85: Suite splitting in effect</skipped></testcase><testcase classname="src.pymortests.operators" file="src/pymortests/operators.py" line="85" name="test_apply[&lt;lambda&gt;7]" time="0.0004596710205078125"><skipped message="Suite splitting in effect" type="pytest.skip">src/pymortests/operators.py:85: Suite splitting in effect</skipped></testcase><testcase classname="src.pymortests.operators" file="src/pymortests/operators.py" line="85" name="test_apply[&lt;lambda&gt;8]" time="0.0004992485046386719"><skipped message="Suite splitting in effect" type="pytest.skip">src/pymortests/operators.py:85: Suite splitting in effect</skipped></testcase><testcase classname="src.pymortests.operators" file="src/pymortests/operators.py" line="85" name="test_apply[&lt;lambda&gt;9]" time="0.00047397613525390625"><skipped message="Suite splitting in effect" type="pytest.skip">src/pymortests/operators.py:85: Suite splitting in effect</skipped></testcase><testcase classname="src.pymortests.operators" file="src/pymortests/operators.py" line="85" name="test_apply[&lt;lambda&gt;10]" time="0.0004858970642089844"><skipped message="Suite splitting in effect" type="pytest.skip">src/pymortests/operators.py:85: Suite splitting in effect</skipped></testcase><testcase classname="src.pymortests.operators" file="src/pymortests/operators.py" line="85" name="test_apply[&lt;lambda&gt;11]" time="0.0005550384521484375"><skipped message="Suite splitting in effect" type="pytest.skip">src/pymortests/operators.py:85: Suite splitting in effect</skipped></testcase><testcase classname="src.pymortests.operators" file="src/pymortests/operators.py" line="85" name="test_apply[&lt;lambda&gt;12]" time="0.0005176067352294922"><skipped message="Suite splitting in effect" type="pytest.skip">src/pymortests/operators.py:85: Suite splitting in effect</skipped></testcase><testcase classname="src.pymortests.operators" file="src/pymortests/operators.py" line="85" name="test_apply[&lt;lambda&gt;13]" time="0.0004589557647705078"><skipped message="Suite splitting in effect" type="pytest.skip">src/pymortests/operators.py:85: Suite splitting in effect</skipped></testcase><testcase classname="src.pymortests.operators" file="src/pymortests/operators.py" line="85" name="test_apply[&lt;lambda&gt;14]" time="0.0004966259002685547"><skipped message="Suite splitting in effect" type="pytest.skip">src/pymortests/operators.py:85: Suite splitting in effect</skipped></testcase><testcase classname="src.pymortests.operators" file="src/pymortests/operators.py" line="85" name="test_apply[&lt;lambda&gt;15]" time="0.00048065185546875"><skipped message="Suite splitting in effect" type="pytest.skip">src/pymortests/operators.py:85: Suite splitting in effect</skipped></testcase><testcase classname="src.pymortests.operators" file="src/pymortests/operators.py" line="85" name="test_apply[&lt;lambda&gt;16]" time="0.0004734992980957031"><skipped message="Suite splitting in effect" type="pytest.skip">src/pymortests/operators.py:85: Suite splitting in effect</skipped></testcase><testcase classname="src.pymortests.operators" file="src/pymortests/operators.py" line="85" name="test_apply[&lt;lambda&gt;17]" time="0.0005433559417724609"><skipped message="Suite splitting in effect" type="pytest.skip">src/pymortests/operators.py:85: Suite splitting in effect</skipped></testcase><testcase classname="src.pymortests.operators" file="src/pymortests/operators.py" line="85" name="test_apply[&lt;lambda&gt;18]" time="0.0005061626434326172"><skipped message="Suite splitting in effect" type="pytest.skip">src/pymortests/operators.py:85: Suite splitting in effect</skipped></testcase><testcase classname="src.pymortests.operators" file="src/pymortests/operators.py" line="85" name="test_apply[&lt;lambda&gt;19]" time="0.0007891654968261719"><skipped message="Suite splitting in effect" type="pytest.skip">src/pymortests/operators.py:85: Suite splitting in effect</skipped></testcase><testcase classname="src.pymortests.operators" file="src/pymortests/operators.py" line="85" name="test_apply[&lt;lambda&gt;20]" time="0.0005269050598144531"><skipped message="Suite splitting in effect" type="pytest.skip">src/pymortests/operators.py:85: Suite splitting in effect</skipped></testcase><testcase classname="src.pymortests.operators" file="src/pymortests/operators.py" line="85" name="test_apply[&lt;lambda&gt;21]" time="0.0004901885986328125"><skipped message="Suite splitting in effect" type="pytest.skip">src/pymortests/operators.py:85: Suite splitting in effect</skipped></testcase><testcase classname="src.pymortests.operators" file="src/pymortests/operators.py" line="85" name="test_apply[&lt;lambda&gt;22]" time="0.0005192756652832031"><skipped message="Suite splitting in effect" type="pytest.skip">src/pymortests/operators.py:85: Suite splitting in effect</skipped></testcase><testcase classname="src.pymortests.operators" file="src/pymortests/operators.py" line="85" name="test_apply[&lt;lambda&gt;23]" time="0.0004467964172363281"><skipped message="Suite splitting in effect" type="pytest.skip">src/pymortests/operators.py:85: Suite splitting in effect</skipped></testcase><testcase classname="src.pymortests.operators" file="src/pymortests/operators.py" line="85" name="test_apply[&lt;lambda&gt;24]" time="0.0004978179931640625"><skipped message="Suite splitting in effect" type="pytest.skip">src/pymortests/operators.py:85: Suite splitting in effect</skipped></testcase><testcase classname="src.pymortests.operators" file="src/pymortests/operators.py" line="85" name="test_apply[&lt;lambda&gt;25]" time="0.00043702125549316406"><skipped message="Suite splitting in effect" type="pytest.skip">src/pymortests/operators.py:85: Suite splitting in effect</skipped></testcase><testcase classname="src.pymortests.operators" file="src/pymortests/operators.py" line="85" name="test_apply[&lt;lambda&gt;26]" time="0.00046825408935546875"><skipped message="Suite splitting in effect" type="pytest.skip">src/pymortests/operators.py:85: Suite splitting in effect</skipped></testcase><testcase classname="src.pymortests.operators" file="src/pymortests/operators.py" line="85" name="test_apply[&lt;lambda&gt;27]" time="0.00042629241943359375"><skipped message="Suite splitting in effect" type="pytest.skip">src/pymortests/operators.py:85: Suite splitting in effect</skipped></testcase><testcase classname="src.pymortests.operators" file="src/pymortests/operators.py" line="85" name="test_apply[&lt;lambda&gt;28]" time="0.0004916191101074219"><skipped message="Suite splitting in effect" type="pytest.skip">src/pymortests/operators.py:85: Suite splitting in effect</skipped></testcase><testcase classname="src.pymortests.operators" file="src/pymortests/operators.py" line="85" name="test_apply[&lt;lambda&gt;29]" time="0.0004451274871826172"><skipped message="Suite splitting in effect" type="pytest.skip">src/pymortests/operators.py:85: Suite splitting in effect</skipped></testcase><testcase classname="src.pymortests.operators" file="src/pymortests/operators.py" line="85" name="test_apply[&lt;lambda&gt;30]" time="0.000518798828125"><skipped message="Suite splitting in effect" type="pytest.skip">src/pymortests/operators.py:85: Suite splitting in effect</skipped></testcase><testcase classname="src.pymortests.operators" file="src/pymortests/operators.py" line="85" name="test_apply[&lt;lambda&gt;31]" time="0.0004956722259521484"><skipped message="Suite splitting in effect" type="pytest.skip">src/pymortests/operators.py:85: Suite splitting in effect</skipped></testcase><testcase classname="src.pymortests.operators" file="src/pymortests/operators.py" line="85" name="test_apply[&lt;lambda&gt;32]" time="0.00046443939208984375"><skipped message="Suite splitting in effect" type="pytest.skip">src/pymortests/operators.py:85: Suite splitting in effect</skipped></testcase><testcase classname="src.pymortests.operators" file="src/pymortests/operators.py" line="85" name="test_apply[&lt;lambda&gt;33]" time="0.0005152225494384766"><skipped message="Suite splitting in effect" type="pytest.skip">src/pymortests/operators.py:85: Suite splitting in effect</skipped></testcase><testcase classname="src.pymortests.operators" file="src/pymortests/operators.py" line="85" name="test_apply[&lt;lambda&gt;34]" time="0.0008754730224609375"><skipped message="Suite splitting in effect" type="pytest.skip">src/pymortests/operators.py:85: Suite splitting in effect</skipped></testcase><testcase classname="src.pymortests.operators" file="src/pymortests/operators.py" line="85" name="test_apply[&lt;lambda&gt;35]" time="0.0004343986511230469"><skipped message="Suite splitting in effect" type="pytest.skip">src/pymortests/operators.py:85: Suite splitting in effect</skipped></testcase><testcase classname="src.pymortests.operators" file="src/pymortests/operators.py" line="85" name="test_apply[&lt;lambda&gt;36]" time="0.0004780292510986328"><skipped message="Suite splitting in effect" type="pytest.skip">src/pymortests/operators.py:85: Suite splitting in effect</skipped></testcase><testcase classname="src.pymortests.operators" file="src/pymortests/operators.py" line="85" name="test_apply[&lt;lambda&gt;37]" time="0.0004932880401611328"><skipped message="Suite splitting in effect" type="pytest.skip">src/pymortests/operators.py:85: Suite splitting in effect</skipped></testcase><testcase classname="src.pymortests.operators" file="src/pymortests/operators.py" line="85" name="test_apply[&lt;lambda&gt;38]" time="0.00043582916259765625"><skipped message="Suite splitting in effect" type="pytest.skip">src/pymortests/operators.py:85: Suite splitting in effect</skipped></testcase><testcase classname="src.pymortests.operators" file="src/pymortests/operators.py" line="85" name="test_apply[&lt;lambda&gt;39]" time="0.0005381107330322266"><skipped message="Suite splitting in effect" type="pytest.skip">src/pymortests/operators.py:85: Suite splitting in effect</skipped></testcase><testcase classname="src.pymortests.operators" file="src/pymortests/operators.py" line="85" name="test_apply[&lt;lambda&gt;40]" time="0.00043392181396484375"><skipped message="Suite splitting in effect" type="pytest.skip">src/pymortests/operators.py:85: Suite splitting in effect</skipped></testcase><testcase classname="src.pymortests.operators" file="src/pymortests/operators.py" line="96" name="test_mul[&lt;lambda&gt;0]" time="0.0005218982696533203"><skipped message="Suite splitting in effect" type="pytest.skip">src/pymortests/operators.py:96: Suite splitting in effect</skipped></testcase><testcase classname="src.pymortests.operators" file="src/pymortests/operators.py" line="96" name="test_mul[&lt;lambda&gt;1]" time="0.0005373954772949219"><skipped message="Suite splitting in effect" type="pytest.skip">src/pymortests/operators.py:96: Suite splitting in effect</skipped></testcase><testcase classname="src.pymortests.operators" file="src/pymortests/operators.py" line="96" name="test_mul[&lt;lambda&gt;2]" time="0.0004839897155761719"><skipped message="Suite splitting in effect" type="pytest.skip">src/pymortests/operators.py:96: Suite splitting in effect</skipped></testcase><testcase classname="src.pymortests.operators" file="src/pymortests/operators.py" line="96" name="test_mul[&lt;lambda&gt;3]" time="0.0005218982696533203"><skipped message="Suite splitting in effect" type="pytest.skip">src/pymortests/operators.py:96: Suite splitting in effect</skipped></testcase><testcase classname="src.pymortests.operators" file="src/pymortests/operators.py" line="96" name="test_mul[&lt;lambda&gt;4]" time="0.0004410743713378906"><skipped message="Suite splitting in effect" type="pytest.skip">src/pymortests/operators.py:96: Suite splitting in effect</skipped></testcase><testcase classname="src.pymortests.operators" file="src/pymortests/operators.py" line="96" name="test_mul[&lt;lambda&gt;5]" time="0.0004673004150390625"><skipped message="Suite splitting in effect" type="pytest.skip">src/pymortests/operators.py:96: Suite splitting in effect</skipped></testcase><testcase classname="src.pymortests.operators" file="src/pymortests/operators.py" line="96" name="test_mul[&lt;lambda&gt;6]" time="0.00043654441833496094"><skipped message="Suite splitting in effect" type="pytest.skip">src/pymortests/operators.py:96: Suite splitting in effect</skipped></testcase><testcase classname="src.pymortests.operators" file="src/pymortests/operators.py" line="96" name="test_mul[&lt;lambda&gt;7]" time="0.0004658699035644531"><skipped message="Suite splitting in effect" type="pytest.skip">src/pymortests/operators.py:96: Suite splitting in effect</skipped></testcase><testcase classname="src.pymortests.operators" file="src/pymortests/operators.py" line="96" name="test_mul[&lt;lambda&gt;8]" time="0.0005049705505371094"><skipped message="Suite splitting in effect" type="pytest.skip">src/pymortests/operators.py:96: Suite splitting in effect</skipped></testcase><testcase classname="src.pymortests.operators" file="src/pymortests/operators.py" line="96" name="test_mul[&lt;lambda&gt;9]" time="0.0009329319000244141"><skipped message="Suite splitting in effect" type="pytest.skip">src/pymortests/operators.py:96: Suite splitting in effect</skipped></testcase><testcase classname="src.pymortests.operators" file="src/pymortests/operators.py" line="96" name="test_mul[&lt;lambda&gt;10]" time="0.0005252361297607422"><skipped message="Suite splitting in effect" type="pytest.skip">src/pymortests/operators.py:96: Suite splitting in effect</skipped></testcase><testcase classname="src.pymortests.operators" file="src/pymortests/operators.py" line="96" name="test_mul[&lt;lambda&gt;11]" time="0.00043272972106933594"><skipped message="Suite splitting in effect" type="pytest.skip">src/pymortests/operators.py:96: Suite splitting in effect</skipped></testcase><testcase classname="src.pymortests.operators" file="src/pymortests/operators.py" line="96" name="test_mul[&lt;lambda&gt;12]" time="0.0005035400390625"><skipped message="Suite splitting in effect" type="pytest.skip">src/pymortests/operators.py:96: Suite splitting in effect</skipped></testcase><testcase classname="src.pymortests.operators" file="src/pymortests/operators.py" line="96" name="test_mul[&lt;lambda&gt;13]" time="0.0005056858062744141"><skipped message="Suite splitting in effect" type="pytest.skip">src/pymortests/operators.py:96: Suite splitting in effect</skipped></testcase><testcase classname="src.pymortests.operators" file="src/pymortests/operators.py" line="96" name="test_mul[&lt;lambda&gt;14]" time="0.0004601478576660156"><skipped message="Suite splitting in effect" type="pytest.skip">src/pymortests/operators.py:96: Suite splitting in effect</skipped></testcase><testcase classname="src.pymortests.operators" file="src/pymortests/operators.py" line="96" name="test_mul[&lt;lambda&gt;15]" time="0.00044083595275878906"><skipped message="Suite splitting in effect" type="pytest.skip">src/pymortests/operators.py:96: Suite splitting in effect</skipped></testcase><testcase classname="src.pymortests.operators" file="src/pymortests/operators.py" line="96" name="test_mul[&lt;lambda&gt;16]" time="0.0004603862762451172"><skipped message="Suite splitting in effect" type="pytest.skip">src/pymortests/operators.py:96: Suite splitting in effect</skipped></testcase><testcase classname="src.pymortests.operators" file="src/pymortests/operators.py" line="96" name="test_mul[&lt;lambda&gt;17]" time="0.0006172657012939453"><skipped message="Suite splitting in effect" type="pytest.skip">src/pymortests/operators.py:96: Suite splitting in effect</skipped></testcase><testcase classname="src.pymortests.operators" file="src/pymortests/operators.py" line="96" name="test_mul[&lt;lambda&gt;18]" time="0.00045228004455566406"><skipped message="Suite splitting in effect" type="pytest.skip">src/pymortests/operators.py:96: Suite splitting in effect</skipped></testcase><testcase classname="src.pymortests.operators" file="src/pymortests/operators.py" line="96" name="test_mul[&lt;lambda&gt;19]" time="0.0004858970642089844"><skipped message="Suite splitting in effect" type="pytest.skip">src/pymortests/operators.py:96: Suite splitting in effect</skipped></testcase><testcase classname="src.pymortests.operators" file="src/pymortests/operators.py" line="96" name="test_mul[&lt;lambda&gt;20]" time="0.000446319580078125"><skipped message="Suite splitting in effect" type="pytest.skip">src/pymortests/operators.py:96: Suite splitting in effect</skipped></testcase><testcase classname="src.pymortests.operators" file="src/pymortests/operators.py" line="96" name="test_mul[&lt;lambda&gt;21]" time="0.0004711151123046875"><skipped message="Suite splitting in effect" type="pytest.skip">src/pymortests/operators.py:96: Suite splitting in effect</skipped></testcase><testcase classname="src.pymortests.operators" file="src/pymortests/operators.py" line="96" name="test_mul[&lt;lambda&gt;22]" time="0.00043487548828125"><skipped message="Suite splitting in effect" type="pytest.skip">src/pymortests/operators.py:96: Suite splitting in effect</skipped></testcase><testcase classname="src.pymortests.operators" file="src/pymortests/operators.py" line="96" name="test_mul[&lt;lambda&gt;23]" time="0.0004284381866455078"><skipped message="Suite splitting in effect" type="pytest.skip">src/pymortests/operators.py:96: Suite splitting in effect</skipped></testcase><testcase classname="src.pymortests.operators" file="src/pymortests/operators.py" line="96" name="test_mul[&lt;lambda&gt;24]" time="0.0004923343658447266"><skipped message="Suite splitting in effect" type="pytest.skip">src/pymortests/operators.py:96: Suite splitting in effect</skipped></testcase><testcase classname="src.pymortests.operators" file="src/pymortests/operators.py" line="96" name="test_mul[&lt;lambda&gt;25]" time="0.0005881786346435547"><skipped message="Suite splitting in effect" type="pytest.skip">src/pymortests/operators.py:96: Suite splitting in effect</skipped></testcase><testcase classname="src.pymortests.operators" file="src/pymortests/operators.py" line="96" name="test_mul[&lt;lambda&gt;26]" time="0.0005676746368408203"><skipped message="Suite splitting in effect" type="pytest.skip">src/pymortests/operators.py:96: Suite splitting in effect</skipped></testcase><testcase classname="src.pymortests.operators" file="src/pymortests/operators.py" line="96" name="test_mul[&lt;lambda&gt;27]" time="0.00043463706970214844"><skipped message="Suite splitting in effect" type="pytest.skip">src/pymortests/operators.py:96: Suite splitting in effect</skipped></testcase><testcase classname="src.pymortests.operators" file="src/pymortests/operators.py" line="96" name="test_mul[&lt;lambda&gt;28]" time="0.00041604042053222656"><skipped message="Suite splitting in effect" type="pytest.skip">src/pymortests/operators.py:96: Suite splitting in effect</skipped></testcase><testcase classname="src.pymortests.operators" file="src/pymortests/operators.py" line="96" name="test_mul[&lt;lambda&gt;29]" time="0.0004324913024902344"><skipped message="Suite splitting in effect" type="pytest.skip">src/pymortests/operators.py:96: Suite splitting in effect</skipped></testcase><testcase classname="src.pymortests.operators" file="src/pymortests/operators.py" line="96" name="test_mul[&lt;lambda&gt;30]" time="0.0004889965057373047"><skipped message="Suite splitting in effect" type="pytest.skip">src/pymortests/operators.py:96: Suite splitting in effect</skipped></testcase><testcase classname="src.pymortests.operators" file="src/pymortests/operators.py" line="96" name="test_mul[&lt;lambda&gt;31]" time="0.0005178451538085938"><skipped message="Suite splitting in effect" type="pytest.skip">src/pymortests/operators.py:96: Suite splitting in effect</skipped></testcase><testcase classname="src.pymortests.operators" file="src/pymortests/operators.py" line="96" name="test_mul[&lt;lambda&gt;32]" time="0.0004627704620361328"><skipped message="Suite splitting in effect" type="pytest.skip">src/pymortests/operators.py:96: Suite splitting in effect</skipped></testcase><testcase classname="src.pymortests.operators" file="src/pymortests/operators.py" line="96" name="test_mul[&lt;lambda&gt;33]" time="0.0005557537078857422"><skipped message="Suite splitting in effect" type="pytest.skip">src/pymortests/operators.py:96: Suite splitting in effect</skipped></testcase><testcase classname="src.pymortests.operators" file="src/pymortests/operators.py" line="96" name="test_mul[&lt;lambda&gt;34]" time="0.0005397796630859375"><skipped message="Suite splitting in effect" type="pytest.skip">src/pymortests/operators.py:96: Suite splitting in effect</skipped></testcase><testcase classname="src.pymortests.operators" file="src/pymortests/operators.py" line="96" name="test_mul[&lt;lambda&gt;35]" time="0.0004775524139404297"><skipped message="Suite splitting in effect" type="pytest.skip">src/pymortests/operators.py:96: Suite splitting in effect</skipped></testcase><testcase classname="src.pymortests.operators" file="src/pymortests/operators.py" line="96" name="test_mul[&lt;lambda&gt;36]" time="0.0005414485931396484"><skipped message="Suite splitting in effect" type="pytest.skip">src/pymortests/operators.py:96: Suite splitting in effect</skipped></testcase><testcase classname="src.pymortests.operators" file="src/pymortests/operators.py" line="96" name="test_mul[&lt;lambda&gt;37]" time="0.0005710124969482422"><skipped message="Suite splitting in effect" type="pytest.skip">src/pymortests/operators.py:96: Suite splitting in effect</skipped></testcase><testcase classname="src.pymortests.operators" file="src/pymortests/operators.py" line="96" name="test_mul[&lt;lambda&gt;38]" time="0.0004601478576660156"><skipped message="Suite splitting in effect" type="pytest.skip">src/pymortests/operators.py:96: Suite splitting in effect</skipped></testcase><testcase classname="src.pymortests.operators" file="src/pymortests/operators.py" line="96" name="test_mul[&lt;lambda&gt;39]" time="0.0005278587341308594"><skipped message="Suite splitting in effect" type="pytest.skip">src/pymortests/operators.py:96: Suite splitting in effect</skipped></testcase><testcase classname="src.pymortests.operators" file="src/pymortests/operators.py" line="96" name="test_mul[&lt;lambda&gt;40]" time="0.0005962848663330078"><skipped message="Suite splitting in effect" type="pytest.skip">src/pymortests/operators.py:96: Suite splitting in effect</skipped></testcase><testcase classname="src.pymortests.operators" file="src/pymortests/operators.py" line="103" name="test_rmul[&lt;lambda&gt;0]" time="0.0005025863647460938"><skipped message="Suite splitting in effect" type="pytest.skip">src/pymortests/operators.py:103: Suite splitting in effect</skipped></testcase><testcase classname="src.pymortests.operators" file="src/pymortests/operators.py" line="103" name="test_rmul[&lt;lambda&gt;1]" time="0.00045013427734375"><skipped message="Suite splitting in effect" type="pytest.skip">src/pymortests/operators.py:103: Suite splitting in effect</skipped></testcase><testcase classname="src.pymortests.operators" file="src/pymortests/operators.py" line="103" name="test_rmul[&lt;lambda&gt;2]" time="0.0005183219909667969"><skipped message="Suite splitting in effect" type="pytest.skip">src/pymortests/operators.py:103: Suite splitting in effect</skipped></testcase><testcase classname="src.pymortests.operators" file="src/pymortests/operators.py" line="103" name="test_rmul[&lt;lambda&gt;3]" time="0.0005390644073486328"><skipped message="Suite splitting in effect" type="pytest.skip">src/pymortests/operators.py:103: Suite splitting in effect</skipped></testcase><testcase classname="src.pymortests.operators" file="src/pymortests/operators.py" line="103" name="test_rmul[&lt;lambda&gt;4]" time="0.00043582916259765625"><skipped message="Suite splitting in effect" type="pytest.skip">src/pymortests/operators.py:103: Suite splitting in effect</skipped></testcase><testcase classname="src.pymortests.operators" file="src/pymortests/operators.py" line="103" name="test_rmul[&lt;lambda&gt;5]" time="0.0004901885986328125"><skipped message="Suite splitting in effect" type="pytest.skip">src/pymortests/operators.py:103: Suite splitting in effect</skipped></testcase><testcase classname="src.pymortests.operators" file="src/pymortests/operators.py" line="103" name="test_rmul[&lt;lambda&gt;6]" time="0.0033369064331054688"><skipped message="Suite splitting in effect" type="pytest.skip">src/pymortests/operators.py:103: Suite splitting in effect</skipped></testcase><testcase classname="src.pymortests.operators" file="src/pymortests/operators.py" line="103" name="test_rmul[&lt;lambda&gt;7]" time="0.0005047321319580078"><skipped message="Suite splitting in effect" type="pytest.skip">src/pymortests/operators.py:103: Suite splitting in effect</skipped></testcase><testcase classname="src.pymortests.operators" file="src/pymortests/operators.py" line="103" name="test_rmul[&lt;lambda&gt;8]" time="0.00047469139099121094"><skipped message="Suite splitting in effect" type="pytest.skip">src/pymortests/operators.py:103: Suite splitting in effect</skipped></testcase><testcase classname="src.pymortests.operators" file="src/pymortests/operators.py" line="103" name="test_rmul[&lt;lambda&gt;9]" time="0.0005414485931396484"><skipped message="Suite splitting in effect" type="pytest.skip">src/pymortests/operators.py:103: Suite splitting in effect</skipped></testcase><testcase classname="src.pymortests.operators" file="src/pymortests/operators.py" line="103" name="test_rmul[&lt;lambda&gt;10]" time="0.0004830360412597656"><skipped message="Suite splitting in effect" type="pytest.skip">src/pymortests/operators.py:103: Suite splitting in effect</skipped></testcase><testcase classname="src.pymortests.operators" file="src/pymortests/operators.py" line="103" name="test_rmul[&lt;lambda&gt;11]" time="0.0004832744598388672"><skipped message="Suite splitting in effect" type="pytest.skip">src/pymortests/operators.py:103: Suite splitting in effect</skipped></testcase><testcase classname="src.pymortests.operators" file="src/pymortests/operators.py" line="103" name="test_rmul[&lt;lambda&gt;12]" time="0.0005152225494384766"><skipped message="Suite splitting in effect" type="pytest.skip">src/pymortests/operators.py:103: Suite splitting in effect</skipped></testcase><testcase classname="src.pymortests.operators" file="src/pymortests/operators.py" line="103" name="test_rmul[&lt;lambda&gt;13]" time="0.0004413127899169922"><skipped message="Suite splitting in effect" type="pytest.skip">src/pymortests/operators.py:103: Suite splitting in effect</skipped></testcase><testcase classname="src.pymortests.operators" file="src/pymortests/operators.py" line="103" name="test_rmul[&lt;lambda&gt;14]" time="0.0004730224609375"><skipped message="Suite splitting in effect" type="pytest.skip">src/pymortests/operators.py:103: Suite splitting in effect</skipped></testcase><testcase classname="src.pymortests.operators" file="src/pymortests/operators.py" line="103" name="test_rmul[&lt;lambda&gt;15]" time="0.00043272972106933594"><skipped message="Suite splitting in effect" type="pytest.skip">src/pymortests/operators.py:103: Suite splitting in effect</skipped></testcase><testcase classname="src.pymortests.operators" file="src/pymortests/operators.py" line="103" name="test_rmul[&lt;lambda&gt;16]" time="0.0004515647888183594"><skipped message="Suite splitting in effect" type="pytest.skip">src/pymortests/operators.py:103: Suite splitting in effect</skipped></testcase><testcase classname="src.pymortests.operators" file="src/pymortests/operators.py" line="103" name="test_rmul[&lt;lambda&gt;17]" time="0.0004909038543701172"><skipped message="Suite splitting in effect" type="pytest.skip">src/pymortests/operators.py:103: Suite splitting in effect</skipped></testcase><testcase classname="src.pymortests.operators" file="src/pymortests/operators.py" line="103" name="test_rmul[&lt;lambda&gt;18]" time="0.0005056858062744141"><skipped message="Suite splitting in effect" type="pytest.skip">src/pymortests/operators.py:103: Suite splitting in effect</skipped></testcase><testcase classname="src.pymortests.operators" file="src/pymortests/operators.py" line="103" name="test_rmul[&lt;lambda&gt;19]" time="0.0005223751068115234"><skipped message="Suite splitting in effect" type="pytest.skip">src/pymortests/operators.py:103: Suite splitting in effect</skipped></testcase><testcase classname="src.pymortests.operators" file="src/pymortests/operators.py" line="103" name="test_rmul[&lt;lambda&gt;20]" time="0.00045418739318847656"><skipped message="Suite splitting in effect" type="pytest.skip">src/pymortests/operators.py:103: Suite splitting in effect</skipped></testcase><testcase classname="src.pymortests.operators" file="src/pymortests/operators.py" line="103" name="test_rmul[&lt;lambda&gt;21]" time="0.0004391670227050781"><skipped message="Suite splitting in effect" type="pytest.skip">src/pymortests/operators.py:103: Suite splitting in effect</skipped></testcase><testcase classname="src.pymortests.operators" file="src/pymortests/operators.py" line="103" name="test_rmul[&lt;lambda&gt;22]" time="0.0004343986511230469"><skipped message="Suite splitting in effect" type="pytest.skip">src/pymortests/operators.py:103: Suite splitting in effect</skipped></testcase><testcase classname="src.pymortests.operators" file="src/pymortests/operators.py" line="103" name="test_rmul[&lt;lambda&gt;23]" time="0.0004267692565917969"><skipped message="Suite splitting in effect" type="pytest.skip">src/pymortests/operators.py:103: Suite splitting in effect</skipped></testcase><testcase classname="src.pymortests.operators" file="src/pymortests/operators.py" line="103" name="test_rmul[&lt;lambda&gt;24]" time="0.00045943260192871094"><skipped message="Suite splitting in effect" type="pytest.skip">src/pymortests/operators.py:103: Suite splitting in effect</skipped></testcase><testcase classname="src.pymortests.operators" file="src/pymortests/operators.py" line="103" name="test_rmul[&lt;lambda&gt;25]" time="0.0004382133483886719"><skipped message="Suite splitting in effect" type="pytest.skip">src/pymortests/operators.py:103: Suite splitting in effect</skipped></testcase><testcase classname="src.pymortests.operators" file="src/pymortests/operators.py" line="103" name="test_rmul[&lt;lambda&gt;26]" time="0.0004286766052246094"><skipped message="Suite splitting in effect" type="pytest.skip">src/pymortests/operators.py:103: Suite splitting in effect</skipped></testcase><testcase classname="src.pymortests.operators" file="src/pymortests/operators.py" line="103" name="test_rmul[&lt;lambda&gt;27]" time="0.00048661231994628906"><skipped message="Suite splitting in effect" type="pytest.skip">src/pymortests/operators.py:103: Suite splitting in effect</skipped></testcase><testcase classname="src.pymortests.operators" file="src/pymortests/operators.py" line="103" name="test_rmul[&lt;lambda&gt;28]" time="0.0004420280456542969"><skipped message="Suite splitting in effect" type="pytest.skip">src/pymortests/operators.py:103: Suite splitting in effect</skipped></testcase><testcase classname="src.pymortests.operators" file="src/pymortests/operators.py" line="103" name="test_rmul[&lt;lambda&gt;29]" time="0.0004775524139404297"><skipped message="Suite splitting in effect" type="pytest.skip">src/pymortests/operators.py:103: Suite splitting in effect</skipped></testcase><testcase classname="src.pymortests.operators" file="src/pymortests/operators.py" line="103" name="test_rmul[&lt;lambda&gt;30]" time="0.00044035911560058594"><skipped message="Suite splitting in effect" type="pytest.skip">src/pymortests/operators.py:103: Suite splitting in effect</skipped></testcase><testcase classname="src.pymortests.operators" file="src/pymortests/operators.py" line="103" name="test_rmul[&lt;lambda&gt;31]" time="0.00044989585876464844"><skipped message="Suite splitting in effect" type="pytest.skip">src/pymortests/operators.py:103: Suite splitting in effect</skipped></testcase><testcase classname="src.pymortests.operators" file="src/pymortests/operators.py" line="103" name="test_rmul[&lt;lambda&gt;32]" time="0.0004208087921142578"><skipped message="Suite splitting in effect" type="pytest.skip">src/pymortests/operators.py:103: Suite splitting in effect</skipped></testcase><testcase classname="src.pymortests.operators" file="src/pymortests/operators.py" line="103" name="test_rmul[&lt;lambda&gt;33]" time="0.00047087669372558594"><skipped message="Suite splitting in effect" type="pytest.skip">src/pymortests/operators.py:103: Suite splitting in effect</skipped></testcase><testcase classname="src.pymortests.operators" file="src/pymortests/operators.py" line="103" name="test_rmul[&lt;lambda&gt;34]" time="0.00044035911560058594"><skipped message="Suite splitting in effect" type="pytest.skip">src/pymortests/operators.py:103: Suite splitting in effect</skipped></testcase><testcase classname="src.pymortests.operators" file="src/pymortests/operators.py" line="103" name="test_rmul[&lt;lambda&gt;35]" time="0.0004794597625732422"><skipped message="Suite splitting in effect" type="pytest.skip">src/pymortests/operators.py:103: Suite splitting in effect</skipped></testcase><testcase classname="src.pymortests.operators" file="src/pymortests/operators.py" line="103" name="test_rmul[&lt;lambda&gt;36]" time="0.0005199909210205078"><skipped message="Suite splitting in effect" type="pytest.skip">src/pymortests/operators.py:103: Suite splitting in effect</skipped></testcase><testcase classname="src.pymortests.operators" file="src/pymortests/operators.py" line="103" name="test_rmul[&lt;lambda&gt;37]" time="0.0004220008850097656"><skipped message="Suite splitting in effect" type="pytest.skip">src/pymortests/operators.py:103: Suite splitting in effect</skipped></testcase><testcase classname="src.pymortests.operators" file="src/pymortests/operators.py" line="103" name="test_rmul[&lt;lambda&gt;38]" time="0.0004923343658447266"><skipped message="Suite splitting in effect" type="pytest.skip">src/pymortests/operators.py:103: Suite splitting in effect</skipped></testcase><testcase classname="src.pymortests.operators" file="src/pymortests/operators.py" line="103" name="test_rmul[&lt;lambda&gt;39]" time="0.0004456043243408203"><skipped message="Suite splitting in effect" type="pytest.skip">src/pymortests/operators.py:103: Suite splitting in effect</skipped></testcase><testcase classname="src.pymortests.operators" file="src/pymortests/operators.py" line="103" name="test_rmul[&lt;lambda&gt;40]" time="0.0010492801666259766"><skipped message="Suite splitting in effect" type="pytest.skip">src/pymortests/operators.py:103: Suite splitting in effect</skipped></testcase><testcase classname="src.pymortests.operators" file="src/pymortests/operators.py" line="110" name="test_neg[&lt;lambda&gt;0]" time="0.0004665851593017578"><skipped message="Suite splitting in effect" type="pytest.skip">src/pymortests/operators.py:110: Suite splitting in effect</skipped></testcase><testcase classname="src.pymortests.operators" file="src/pymortests/operators.py" line="110" name="test_neg[&lt;lambda&gt;1]" time="0.0005307197570800781"><skipped message="Suite splitting in effect" type="pytest.skip">src/pymortests/operators.py:110: Suite splitting in effect</skipped></testcase><testcase classname="src.pymortests.operators" file="src/pymortests/operators.py" line="110" name="test_neg[&lt;lambda&gt;2]" time="0.0005824565887451172"><skipped message="Suite splitting in effect" type="pytest.skip">src/pymortests/operators.py:110: Suite splitting in effect</skipped></testcase><testcase classname="src.pymortests.operators" file="src/pymortests/operators.py" line="110" name="test_neg[&lt;lambda&gt;3]" time="0.0004687309265136719"><skipped message="Suite splitting in effect" type="pytest.skip">src/pymortests/operators.py:110: Suite splitting in effect</skipped></testcase><testcase classname="src.pymortests.operators" file="src/pymortests/operators.py" line="110" name="test_neg[&lt;lambda&gt;4]" time="0.0004878044128417969"><skipped message="Suite splitting in effect" type="pytest.skip">src/pymortests/operators.py:110: Suite splitting in effect</skipped></testcase><testcase classname="src.pymortests.operators" file="src/pymortests/operators.py" line="110" name="test_neg[&lt;lambda&gt;5]" time="0.0005137920379638672"><skipped message="Suite splitting in effect" type="pytest.skip">src/pymortests/operators.py:110: Suite splitting in effect</skipped></testcase><testcase classname="src.pymortests.operators" file="src/pymortests/operators.py" line="110" name="test_neg[&lt;lambda&gt;6]" time="0.0004639625549316406"><skipped message="Suite splitting in effect" type="pytest.skip">src/pymortests/operators.py:110: Suite splitting in effect</skipped></testcase><testcase classname="src.pymortests.operators" file="src/pymortests/operators.py" line="110" name="test_neg[&lt;lambda&gt;7]" time="0.0004820823669433594"><skipped message="Suite splitting in effect" type="pytest.skip">src/pymortests/operators.py:110: Suite splitting in effect</skipped></testcase><testcase classname="src.pymortests.operators" file="src/pymortests/operators.py" line="110" name="test_neg[&lt;lambda&gt;8]" time="0.0005021095275878906"><skipped message="Suite splitting in effect" type="pytest.skip">src/pymortests/operators.py:110: Suite splitting in effect</skipped></testcase><testcase classname="src.pymortests.operators" file="src/pymortests/operators.py" line="110" name="test_neg[&lt;lambda&gt;9]" time="0.00044155120849609375"><skipped message="Suite splitting in effect" type="pytest.skip">src/pymortests/operators.py:110: Suite splitting in effect</skipped></testcase><testcase classname="src.pymortests.operators" file="src/pymortests/operators.py" line="110" name="test_neg[&lt;lambda&gt;10]" time="0.0004839897155761719"><skipped message="Suite splitting in effect" type="pytest.skip">src/pymortests/operators.py:110: Suite splitting in effect</skipped></testcase><testcase classname="src.pymortests.operators" file="src/pymortests/operators.py" line="110" name="test_neg[&lt;lambda&gt;11]" time="0.0004980564117431641"><skipped message="Suite splitting in effect" type="pytest.skip">src/pymortests/operators.py:110: Suite splitting in effect</skipped></testcase><testcase classname="src.pymortests.operators" file="src/pymortests/operators.py" line="110" name="test_neg[&lt;lambda&gt;12]" time="0.00045108795166015625"><skipped message="Suite splitting in effect" type="pytest.skip">src/pymortests/operators.py:110: Suite splitting in effect</skipped></testcase><testcase classname="src.pymortests.operators" file="src/pymortests/operators.py" line="110" name="test_neg[&lt;lambda&gt;13]" time="0.00042438507080078125"><skipped message="Suite splitting in effect" type="pytest.skip">src/pymortests/operators.py:110: Suite splitting in effect</skipped></testcase><testcase classname="src.pymortests.operators" file="src/pymortests/operators.py" line="110" name="test_neg[&lt;lambda&gt;14]" time="0.0012450218200683594"><skipped message="Suite splitting in effect" type="pytest.skip">src/pymortests/operators.py:110: Suite splitting in effect</skipped></testcase><testcase classname="src.pymortests.operators" file="src/pymortests/operators.py" line="110" name="test_neg[&lt;lambda&gt;15]" time="0.0005130767822265625"><skipped message="Suite splitting in effect" type="pytest.skip">src/pymortests/operators.py:110: Suite splitting in effect</skipped></testcase><testcase classname="src.pymortests.operators" file="src/pymortests/operators.py" line="110" name="test_neg[&lt;lambda&gt;16]" time="0.00047135353088378906"><skipped message="Suite splitting in effect" type="pytest.skip">src/pymortests/operators.py:110: Suite splitting in effect</skipped></testcase><testcase classname="src.pymortests.operators" file="src/pymortests/operators.py" line="110" name="test_neg[&lt;lambda&gt;17]" time="0.0004875659942626953"><skipped message="Suite splitting in effect" type="pytest.skip">src/pymortests/operators.py:110: Suite splitting in effect</skipped></testcase><testcase classname="src.pymortests.operators" file="src/pymortests/operators.py" line="110" name="test_neg[&lt;lambda&gt;18]" time="0.0005033016204833984"><skipped message="Suite splitting in effect" type="pytest.skip">src/pymortests/operators.py:110: Suite splitting in effect</skipped></testcase><testcase classname="src.pymortests.operators" file="src/pymortests/operators.py" line="110" name="test_neg[&lt;lambda&gt;19]" time="0.0005741119384765625"><skipped message="Suite splitting in effect" type="pytest.skip">src/pymortests/operators.py:110: Suite splitting in effect</skipped></testcase><testcase classname="src.pymortests.operators" file="src/pymortests/operators.py" line="110" name="test_neg[&lt;lambda&gt;20]" time="0.0005059242248535156"><skipped message="Suite splitting in effect" type="pytest.skip">src/pymortests/operators.py:110: Suite splitting in effect</skipped></testcase><testcase classname="src.pymortests.operators" file="src/pymortests/operators.py" line="110" name="test_neg[&lt;lambda&gt;21]" time="0.0005576610565185547"><skipped message="Suite splitting in effect" type="pytest.skip">src/pymortests/operators.py:110: Suite splitting in effect</skipped></testcase><testcase classname="src.pymortests.operators" file="src/pymortests/operators.py" line="110" name="test_neg[&lt;lambda&gt;22]" time="0.0007665157318115234"><skipped message="Suite splitting in effect" type="pytest.skip">src/pymortests/operators.py:110: Suite splitting in effect</skipped></testcase><testcase classname="src.pymortests.operators" file="src/pymortests/operators.py" line="110" name="test_neg[&lt;lambda&gt;23]" time="0.00043654441833496094"><skipped message="Suite splitting in effect" type="pytest.skip">src/pymortests/operators.py:110: Suite splitting in effect</skipped></testcase><testcase classname="src.pymortests.operators" file="src/pymortests/operators.py" line="110" name="test_neg[&lt;lambda&gt;24]" time="0.0004885196685791016"><skipped message="Suite splitting in effect" type="pytest.skip">src/pymortests/operators.py:110: Suite splitting in effect</skipped></testcase><testcase classname="src.pymortests.operators" file="src/pymortests/operators.py" line="110" name="test_neg[&lt;lambda&gt;25]" time="0.0004360675811767578"><skipped message="Suite splitting in effect" type="pytest.skip">src/pymortests/operators.py:110: Suite splitting in effect</skipped></testcase><testcase classname="src.pymortests.operators" file="src/pymortests/operators.py" line="110" name="test_neg[&lt;lambda&gt;26]" time="0.0005192756652832031"><skipped message="Suite splitting in effect" type="pytest.skip">src/pymortests/operators.py:110: Suite splitting in effect</skipped></testcase><testcase classname="src.pymortests.operators" file="src/pymortests/operators.py" line="110" name="test_neg[&lt;lambda&gt;27]" time="0.0005080699920654297"><skipped message="Suite splitting in effect" type="pytest.skip">src/pymortests/operators.py:110: Suite splitting in effect</skipped></testcase><testcase classname="src.pymortests.operators" file="src/pymortests/operators.py" line="110" name="test_neg[&lt;lambda&gt;28]" time="0.0004401206970214844"><skipped message="Suite splitting in effect" type="pytest.skip">src/pymortests/operators.py:110: Suite splitting in effect</skipped></testcase><testcase classname="src.pymortests.operators" file="src/pymortests/operators.py" line="110" name="test_neg[&lt;lambda&gt;29]" time="0.0005362033843994141"><skipped message="Suite splitting in effect" type="pytest.skip">src/pymortests/operators.py:110: Suite splitting in effect</skipped></testcase><testcase classname="src.pymortests.operators" file="src/pymortests/operators.py" line="110" name="test_neg[&lt;lambda&gt;30]" time="0.0007562637329101562"><skipped message="Suite splitting in effect" type="pytest.skip">src/pymortests/operators.py:110: Suite splitting in effect</skipped></testcase><testcase classname="src.pymortests.operators" file="src/pymortests/operators.py" line="110" name="test_neg[&lt;lambda&gt;31]" time="0.00046443939208984375"><skipped message="Suite splitting in effect" type="pytest.skip">src/pymortests/operators.py:110: Suite splitting in effect</skipped></testcase><testcase classname="src.pymortests.operators" file="src/pymortests/operators.py" line="110" name="test_neg[&lt;lambda&gt;32]" time="0.00048041343688964844"><skipped message="Suite splitting in effect" type="pytest.skip">src/pymortests/operators.py:110: Suite splitting in effect</skipped></testcase><testcase classname="src.pymortests.operators" file="src/pymortests/operators.py" line="110" name="test_neg[&lt;lambda&gt;33]" time="0.0005421638488769531"><skipped message="Suite splitting in effect" type="pytest.skip">src/pymortests/operators.py:110: Suite splitting in effect</skipped></testcase><testcase classname="src.pymortests.operators" file="src/pymortests/operators.py" line="110" name="test_neg[&lt;lambda&gt;34]" time="0.0004780292510986328"><skipped message="Suite splitting in effect" type="pytest.skip">src/pymortests/operators.py:110: Suite splitting in effect</skipped></testcase><testcase classname="src.pymortests.operators" file="src/pymortests/operators.py" line="110" name="test_neg[&lt;lambda&gt;35]" time="0.0005321502685546875"><skipped message="Suite splitting in effect" type="pytest.skip">src/pymortests/operators.py:110: Suite splitting in effect</skipped></testcase><testcase classname="src.pymortests.operators" file="src/pymortests/operators.py" line="110" name="test_neg[&lt;lambda&gt;36]" time="0.0005304813385009766"><skipped message="Suite splitting in effect" type="pytest.skip">src/pymortests/operators.py:110: Suite splitting in effect</skipped></testcase><testcase classname="src.pymortests.operators" file="src/pymortests/operators.py" line="110" name="test_neg[&lt;lambda&gt;37]" time="0.0004661083221435547"><skipped message="Suite splitting in effect" type="pytest.skip">src/pymortests/operators.py:110: Suite splitting in effect</skipped></testcase><testcase classname="src.pymortests.operators" file="src/pymortests/operators.py" line="110" name="test_neg[&lt;lambda&gt;38]" time="0.00041675567626953125"><skipped message="Suite splitting in effect" type="pytest.skip">src/pymortests/operators.py:110: Suite splitting in effect</skipped></testcase><testcase classname="src.pymortests.operators" file="src/pymortests/operators.py" line="110" name="test_neg[&lt;lambda&gt;39]" time="0.0005023479461669922"><skipped message="Suite splitting in effect" type="pytest.skip">src/pymortests/operators.py:110: Suite splitting in effect</skipped></testcase><testcase classname="src.pymortests.operators" file="src/pymortests/operators.py" line="110" name="test_neg[&lt;lambda&gt;40]" time="0.0004513263702392578"><skipped message="Suite splitting in effect" type="pytest.skip">src/pymortests/operators.py:110: Suite splitting in effect</skipped></testcase><testcase classname="src.pymortests.operators" file="src/pymortests/operators.py" line="116" name="test_apply2[&lt;lambda&gt;0]" time="0.00047469139099121094"><skipped message="Suite splitting in effect" type="pytest.skip">src/pymortests/operators.py:116: Suite splitting in effect</skipped></testcase><testcase classname="src.pymortests.operators" file="src/pymortests/operators.py" line="116" name="test_apply2[&lt;lambda&gt;1]" time="0.0005047321319580078"><skipped message="Suite splitting in effect" type="pytest.skip">src/pymortests/operators.py:116: Suite splitting in effect</skipped></testcase><testcase classname="src.pymortests.operators" file="src/pymortests/operators.py" line="116" name="test_apply2[&lt;lambda&gt;2]" time="0.0004892349243164062"><skipped message="Suite splitting in effect" type="pytest.skip">src/pymortests/operators.py:116: Suite splitting in effect</skipped></testcase><testcase classname="src.pymortests.operators" file="src/pymortests/operators.py" line="116" name="test_apply2[&lt;lambda&gt;3]" time="0.0005018711090087891"><skipped message="Suite splitting in effect" type="pytest.skip">src/pymortests/operators.py:116: Suite splitting in effect</skipped></testcase><testcase classname="src.pymortests.operators" file="src/pymortests/operators.py" line="116" name="test_apply2[&lt;lambda&gt;4]" time="0.0005199909210205078"><skipped message="Suite splitting in effect" type="pytest.skip">src/pymortests/operators.py:116: Suite splitting in effect</skipped></testcase><testcase classname="src.pymortests.operators" file="src/pymortests/operators.py" line="116" name="test_apply2[&lt;lambda&gt;5]" time="0.00047326087951660156"><skipped message="Suite splitting in effect" type="pytest.skip">src/pymortests/operators.py:116: Suite splitting in effect</skipped></testcase><testcase classname="src.pymortests.operators" file="src/pymortests/operators.py" line="116" name="test_apply2[&lt;lambda&gt;6]" time="0.0004904270172119141"><skipped message="Suite splitting in effect" type="pytest.skip">src/pymortests/operators.py:116: Suite splitting in effect</skipped></testcase><testcase classname="src.pymortests.operators" file="src/pymortests/operators.py" line="116" name="test_apply2[&lt;lambda&gt;7]" time="0.0005395412445068359"><skipped message="Suite splitting in effect" type="pytest.skip">src/pymortests/operators.py:116: Suite splitting in effect</skipped></testcase><testcase classname="src.pymortests.operators" file="src/pymortests/operators.py" line="116" name="test_apply2[&lt;lambda&gt;8]" time="0.0004489421844482422"><skipped message="Suite splitting in effect" type="pytest.skip">src/pymortests/operators.py:116: Suite splitting in effect</skipped></testcase><testcase classname="src.pymortests.operators" file="src/pymortests/operators.py" line="116" name="test_apply2[&lt;lambda&gt;9]" time="0.0004968643188476562"><skipped message="Suite splitting in effect" type="pytest.skip">src/pymortests/operators.py:116: Suite splitting in effect</skipped></testcase><testcase classname="src.pymortests.operators" file="src/pymortests/operators.py" line="116" name="test_apply2[&lt;lambda&gt;10]" time="0.0004954338073730469"><skipped message="Suite splitting in effect" type="pytest.skip">src/pymortests/operators.py:116: Suite splitting in effect</skipped></testcase><testcase classname="src.pymortests.operators" file="src/pymortests/operators.py" line="116" name="test_apply2[&lt;lambda&gt;11]" time="0.0005269050598144531"><skipped message="Suite splitting in effect" type="pytest.skip">src/pymortests/operators.py:116: Suite splitting in effect</skipped></testcase><testcase classname="src.pymortests.operators" file="src/pymortests/operators.py" line="116" name="test_apply2[&lt;lambda&gt;12]" time="0.0004596710205078125"><skipped message="Suite splitting in effect" type="pytest.skip">src/pymortests/operators.py:116: Suite splitting in effect</skipped></testcase><testcase classname="src.pymortests.operators" file="src/pymortests/operators.py" line="116" name="test_apply2[&lt;lambda&gt;13]" time="0.00044918060302734375"><skipped message="Suite splitting in effect" type="pytest.skip">src/pymortests/operators.py:116: Suite splitting in effect</skipped></testcase><testcase classname="src.pymortests.operators" file="src/pymortests/operators.py" line="116" name="test_apply2[&lt;lambda&gt;14]" time="0.0004980564117431641"><skipped message="Suite splitting in effect" type="pytest.skip">src/pymortests/operators.py:116: Suite splitting in effect</skipped></testcase><testcase classname="src.pymortests.operators" file="src/pymortests/operators.py" line="116" name="test_apply2[&lt;lambda&gt;15]" time="0.0005321502685546875"><skipped message="Suite splitting in effect" type="pytest.skip">src/pymortests/operators.py:116: Suite splitting in effect</skipped></testcase><testcase classname="src.pymortests.operators" file="src/pymortests/operators.py" line="116" name="test_apply2[&lt;lambda&gt;16]" time="0.0005729198455810547"><skipped message="Suite splitting in effect" type="pytest.skip">src/pymortests/operators.py:116: Suite splitting in effect</skipped></testcase><testcase classname="src.pymortests.operators" file="src/pymortests/operators.py" line="116" name="test_apply2[&lt;lambda&gt;17]" time="0.0004906654357910156"><skipped message="Suite splitting in effect" type="pytest.skip">src/pymortests/operators.py:116: Suite splitting in effect</skipped></testcase><testcase classname="src.pymortests.operators" file="src/pymortests/operators.py" line="116" name="test_apply2[&lt;lambda&gt;18]" time="0.00055694580078125"><skipped message="Suite splitting in effect" type="pytest.skip">src/pymortests/operators.py:116: Suite splitting in effect</skipped></testcase><testcase classname="src.pymortests.operators" file="src/pymortests/operators.py" line="116" name="test_apply2[&lt;lambda&gt;19]" time="0.0004470348358154297"><skipped message="Suite splitting in effect" type="pytest.skip">src/pymortests/operators.py:116: Suite splitting in effect</skipped></testcase><testcase classname="src.pymortests.operators" file="src/pymortests/operators.py" line="116" name="test_apply2[&lt;lambda&gt;20]" time="0.0005168914794921875"><skipped message="Suite splitting in effect" type="pytest.skip">src/pymortests/operators.py:116: Suite splitting in effect</skipped></testcase><testcase classname="src.pymortests.operators" file="src/pymortests/operators.py" line="116" name="test_apply2[&lt;lambda&gt;21]" time="0.00046563148498535156"><skipped message="Suite splitting in effect" type="pytest.skip">src/pymortests/operators.py:116: Suite splitting in effect</skipped></testcase><testcase classname="src.pymortests.operators" file="src/pymortests/operators.py" line="116" name="test_apply2[&lt;lambda&gt;22]" time="0.0005383491516113281"><skipped message="Suite splitting in effect" type="pytest.skip">src/pymortests/operators.py:116: Suite splitting in effect</skipped></testcase><testcase classname="src.pymortests.operators" file="src/pymortests/operators.py" line="116" name="test_apply2[&lt;lambda&gt;23]" time="0.0005521774291992188"><skipped message="Suite splitting in effect" type="pytest.skip">src/pymortests/operators.py:116: Suite splitting in effect</skipped></testcase><testcase classname="src.pymortests.operators" file="src/pymortests/operators.py" line="116" name="test_apply2[&lt;lambda&gt;24]" time="0.0004425048828125"><skipped message="Suite splitting in effect" type="pytest.skip">src/pymortests/operators.py:116: Suite splitting in effect</skipped></testcase><testcase classname="src.pymortests.operators" file="src/pymortests/operators.py" line="116" name="test_apply2[&lt;lambda&gt;25]" time="0.0005156993865966797"><skipped message="Suite splitting in effect" type="pytest.skip">src/pymortests/operators.py:116: Suite splitting in effect</skipped></testcase><testcase classname="src.pymortests.operators" file="src/pymortests/operators.py" line="116" name="test_apply2[&lt;lambda&gt;26]" time="0.0005433559417724609"><skipped message="Suite splitting in effect" type="pytest.skip">src/pymortests/operators.py:116: Suite splitting in effect</skipped></testcase><testcase classname="src.pymortests.operators" file="src/pymortests/operators.py" line="116" name="test_apply2[&lt;lambda&gt;27]" time="0.0004515647888183594"><skipped message="Suite splitting in effect" type="pytest.skip">src/pymortests/operators.py:116: Suite splitting in effect</skipped></testcase><testcase classname="src.pymortests.operators" file="src/pymortests/operators.py" line="116" name="test_apply2[&lt;lambda&gt;28]" time="0.0005235671997070312"><skipped message="Suite splitting in effect" type="pytest.skip">src/pymortests/operators.py:116: Suite splitting in effect</skipped></testcase><testcase classname="src.pymortests.operators" file="src/pymortests/operators.py" line="116" name="test_apply2[&lt;lambda&gt;29]" time="0.0006203651428222656"><skipped message="Suite splitting in effect" type="pytest.skip">src/pymortests/operators.py:116: Suite splitting in effect</skipped></testcase><testcase classname="src.pymortests.operators" file="src/pymortests/operators.py" line="116" name="test_apply2[&lt;lambda&gt;30]" time="0.00054168701171875"><skipped message="Suite splitting in effect" type="pytest.skip">src/pymortests/operators.py:116: Suite splitting in effect</skipped></testcase><testcase classname="src.pymortests.operators" file="src/pymortests/operators.py" line="116" name="test_apply2[&lt;lambda&gt;31]" time="0.0004744529724121094"><skipped message="Suite splitting in effect" type="pytest.skip">src/pymortests/operators.py:116: Suite splitting in effect</skipped></testcase><testcase classname="src.pymortests.operators" file="src/pymortests/operators.py" line="116" name="test_apply2[&lt;lambda&gt;32]" time="0.0005171298980712891"><skipped message="Suite splitting in effect" type="pytest.skip">src/pymortests/operators.py:116: Suite splitting in effect</skipped></testcase><testcase classname="src.pymortests.operators" file="src/pymortests/operators.py" line="116" name="test_apply2[&lt;lambda&gt;33]" time="0.0005409717559814453"><skipped message="Suite splitting in effect" type="pytest.skip">src/pymortests/operators.py:116: Suite splitting in effect</skipped></testcase><testcase classname="src.pymortests.operators" file="src/pymortests/operators.py" line="116" name="test_apply2[&lt;lambda&gt;34]" time="0.0004360675811767578"><skipped message="Suite splitting in effect" type="pytest.skip">src/pymortests/operators.py:116: Suite splitting in effect</skipped></testcase><testcase classname="src.pymortests.operators" file="src/pymortests/operators.py" line="116" name="test_apply2[&lt;lambda&gt;35]" time="0.0004925727844238281"><skipped message="Suite splitting in effect" type="pytest.skip">src/pymortests/operators.py:116: Suite splitting in effect</skipped></testcase><testcase classname="src.pymortests.operators" file="src/pymortests/operators.py" line="116" name="test_apply2[&lt;lambda&gt;36]" time="0.0005006790161132812"><skipped message="Suite splitting in effect" type="pytest.skip">src/pymortests/operators.py:116: Suite splitting in effect</skipped></testcase><testcase classname="src.pymortests.operators" file="src/pymortests/operators.py" line="116" name="test_apply2[&lt;lambda&gt;37]" time="0.0005209445953369141"><skipped message="Suite splitting in effect" type="pytest.skip">src/pymortests/operators.py:116: Suite splitting in effect</skipped></testcase><testcase classname="src.pymortests.operators" file="src/pymortests/operators.py" line="116" name="test_apply2[&lt;lambda&gt;38]" time="0.0005156993865966797"><skipped message="Suite splitting in effect" type="pytest.skip">src/pymortests/operators.py:116: Suite splitting in effect</skipped></testcase><testcase classname="src.pymortests.operators" file="src/pymortests/operators.py" line="116" name="test_apply2[&lt;lambda&gt;39]" time="0.0005345344543457031"><skipped message="Suite splitting in effect" type="pytest.skip">src/pymortests/operators.py:116: Suite splitting in effect</skipped></testcase><testcase classname="src.pymortests.operators" file="src/pymortests/operators.py" line="116" name="test_apply2[&lt;lambda&gt;40]" time="0.0005412101745605469"><skipped message="Suite splitting in effect" type="pytest.skip">src/pymortests/operators.py:116: Suite splitting in effect</skipped></testcase><testcase classname="src.pymortests.operators" file="src/pymortests/operators.py" line="126" name="test_pairwise_apply2[&lt;lambda&gt;0]" time="0.0004425048828125"><skipped message="Suite splitting in effect" type="pytest.skip">src/pymortests/operators.py:126: Suite splitting in effect</skipped></testcase><testcase classname="src.pymortests.operators" file="src/pymortests/operators.py" line="126" name="test_pairwise_apply2[&lt;lambda&gt;1]" time="0.0005221366882324219"><skipped message="Suite splitting in effect" type="pytest.skip">src/pymortests/operators.py:126: Suite splitting in effect</skipped></testcase><testcase classname="src.pymortests.operators" file="src/pymortests/operators.py" line="126" name="test_pairwise_apply2[&lt;lambda&gt;2]" time="0.0006053447723388672"><skipped message="Suite splitting in effect" type="pytest.skip">src/pymortests/operators.py:126: Suite splitting in effect</skipped></testcase><testcase classname="src.pymortests.operators" file="src/pymortests/operators.py" line="126" name="test_pairwise_apply2[&lt;lambda&gt;3]" time="0.0005440711975097656"><skipped message="Suite splitting in effect" type="pytest.skip">src/pymortests/operators.py:126: Suite splitting in effect</skipped></testcase><testcase classname="src.pymortests.operators" file="src/pymortests/operators.py" line="126" name="test_pairwise_apply2[&lt;lambda&gt;4]" time="0.0004734992980957031"><skipped message="Suite splitting in effect" type="pytest.skip">src/pymortests/operators.py:126: Suite splitting in effect</skipped></testcase><testcase classname="src.pymortests.operators" file="src/pymortests/operators.py" line="126" name="test_pairwise_apply2[&lt;lambda&gt;5]" time="0.000469207763671875"><skipped message="Suite splitting in effect" type="pytest.skip">src/pymortests/operators.py:126: Suite splitting in effect</skipped></testcase><testcase classname="src.pymortests.operators" file="src/pymortests/operators.py" line="126" name="test_pairwise_apply2[&lt;lambda&gt;6]" time="0.0005161762237548828"><skipped message="Suite splitting in effect" type="pytest.skip">src/pymortests/operators.py:126: Suite splitting in effect</skipped></testcase><testcase classname="src.pymortests.operators" file="src/pymortests/operators.py" line="126" name="test_pairwise_apply2[&lt;lambda&gt;7]" time="0.00042891502380371094"><skipped message="Suite splitting in effect" type="pytest.skip">src/pymortests/operators.py:126: Suite splitting in effect</skipped></testcase><testcase classname="src.pymortests.operators" file="src/pymortests/operators.py" line="126" name="test_pairwise_apply2[&lt;lambda&gt;8]" time="0.0004916191101074219"><skipped message="Suite splitting in effect" type="pytest.skip">src/pymortests/operators.py:126: Suite splitting in effect</skipped></testcase><testcase classname="src.pymortests.operators" file="src/pymortests/operators.py" line="126" name="test_pairwise_apply2[&lt;lambda&gt;9]" time="0.00047469139099121094"><skipped message="Suite splitting in effect" type="pytest.skip">src/pymortests/operators.py:126: Suite splitting in effect</skipped></testcase><testcase classname="src.pymortests.operators" file="src/pymortests/operators.py" line="126" name="test_pairwise_apply2[&lt;lambda&gt;10]" time="0.0004677772521972656"><skipped message="Suite splitting in effect" type="pytest.skip">src/pymortests/operators.py:126: Suite splitting in effect</skipped></testcase><testcase classname="src.pymortests.operators" file="src/pymortests/operators.py" line="126" name="test_pairwise_apply2[&lt;lambda&gt;11]" time="0.0004413127899169922"><skipped message="Suite splitting in effect" type="pytest.skip">src/pymortests/operators.py:126: Suite splitting in effect</skipped></testcase><testcase classname="src.pymortests.operators" file="src/pymortests/operators.py" line="126" name="test_pairwise_apply2[&lt;lambda&gt;12]" time="0.0004870891571044922"><skipped message="Suite splitting in effect" type="pytest.skip">src/pymortests/operators.py:126: Suite splitting in effect</skipped></testcase><testcase classname="src.pymortests.operators" file="src/pymortests/operators.py" line="126" name="test_pairwise_apply2[&lt;lambda&gt;13]" time="0.00048089027404785156"><skipped message="Suite splitting in effect" type="pytest.skip">src/pymortests/operators.py:126: Suite splitting in effect</skipped></testcase><testcase classname="src.pymortests.operators" file="src/pymortests/operators.py" line="126" name="test_pairwise_apply2[&lt;lambda&gt;14]" time="0.0004918575286865234"><skipped message="Suite splitting in effect" type="pytest.skip">src/pymortests/operators.py:126: Suite splitting in effect</skipped></testcase><testcase classname="src.pymortests.operators" file="src/pymortests/operators.py" line="126" name="test_pairwise_apply2[&lt;lambda&gt;15]" time="0.0005362033843994141"><skipped message="Suite splitting in effect" type="pytest.skip">src/pymortests/operators.py:126: Suite splitting in effect</skipped></testcase><testcase classname="src.pymortests.operators" file="src/pymortests/operators.py" line="126" name="test_pairwise_apply2[&lt;lambda&gt;16]" time="0.0004496574401855469"><skipped message="Suite splitting in effect" type="pytest.skip">src/pymortests/operators.py:126: Suite splitting in effect</skipped></testcase><testcase classname="src.pymortests.operators" file="src/pymortests/operators.py" line="126" name="test_pairwise_apply2[&lt;lambda&gt;17]" time="0.0004947185516357422"><skipped message="Suite splitting in effect" type="pytest.skip">src/pymortests/operators.py:126: Suite splitting in effect</skipped></testcase><testcase classname="src.pymortests.operators" file="src/pymortests/operators.py" line="126" name="test_pairwise_apply2[&lt;lambda&gt;18]" time="0.000522613525390625"><skipped message="Suite splitting in effect" type="pytest.skip">src/pymortests/operators.py:126: Suite splitting in effect</skipped></testcase><testcase classname="src.pymortests.operators" file="src/pymortests/operators.py" line="126" name="test_pairwise_apply2[&lt;lambda&gt;19]" time="0.0004353523254394531"><skipped message="Suite splitting in effect" type="pytest.skip">src/pymortests/operators.py:126: Suite splitting in effect</skipped></testcase><testcase classname="src.pymortests.operators" file="src/pymortests/operators.py" line="126" name="test_pairwise_apply2[&lt;lambda&gt;20]" time="0.0007579326629638672"><skipped message="Suite splitting in effect" type="pytest.skip">src/pymortests/operators.py:126: Suite splitting in effect</skipped></testcase><testcase classname="src.pymortests.operators" file="src/pymortests/operators.py" line="126" name="test_pairwise_apply2[&lt;lambda&gt;21]" time="0.0005233287811279297"><skipped message="Suite splitting in effect" type="pytest.skip">src/pymortests/operators.py:126: Suite splitting in effect</skipped></testcase><testcase classname="src.pymortests.operators" file="src/pymortests/operators.py" line="126" name="test_pairwise_apply2[&lt;lambda&gt;22]" time="0.00047969818115234375"><skipped message="Suite splitting in effect" type="pytest.skip">src/pymortests/operators.py:126: Suite splitting in effect</skipped></testcase><testcase classname="src.pymortests.operators" file="src/pymortests/operators.py" line="126" name="test_pairwise_apply2[&lt;lambda&gt;23]" time="0.0004932880401611328"><skipped message="Suite splitting in effect" type="pytest.skip">src/pymortests/operators.py:126: Suite splitting in effect</skipped></testcase><testcase classname="src.pymortests.operators" file="src/pymortests/operators.py" line="126" name="test_pairwise_apply2[&lt;lambda&gt;24]" time="0.0005483627319335938"><skipped message="Suite splitting in effect" type="pytest.skip">src/pymortests/operators.py:126: Suite splitting in effect</skipped></testcase><testcase classname="src.pymortests.operators" file="src/pymortests/operators.py" line="126" name="test_pairwise_apply2[&lt;lambda&gt;25]" time="0.0004885196685791016"><skipped message="Suite splitting in effect" type="pytest.skip">src/pymortests/operators.py:126: Suite splitting in effect</skipped></testcase><testcase classname="src.pymortests.operators" file="src/pymortests/operators.py" line="126" name="test_pairwise_apply2[&lt;lambda&gt;26]" time="0.0004985332489013672"><skipped message="Suite splitting in effect" type="pytest.skip">src/pymortests/operators.py:126: Suite splitting in effect</skipped></testcase><testcase classname="src.pymortests.operators" file="src/pymortests/operators.py" line="126" name="test_pairwise_apply2[&lt;lambda&gt;27]" time="0.0005271434783935547"><skipped message="Suite splitting in effect" type="pytest.skip">src/pymortests/operators.py:126: Suite splitting in effect</skipped></testcase><testcase classname="src.pymortests.operators" file="src/pymortests/operators.py" line="126" name="test_pairwise_apply2[&lt;lambda&gt;28]" time="0.0005018711090087891"><skipped message="Suite splitting in effect" type="pytest.skip">src/pymortests/operators.py:126: Suite splitting in effect</skipped></testcase><testcase classname="src.pymortests.operators" file="src/pymortests/operators.py" line="126" name="test_pairwise_apply2[&lt;lambda&gt;29]" time="0.0005311965942382812"><skipped message="Suite splitting in effect" type="pytest.skip">src/pymortests/operators.py:126: Suite splitting in effect</skipped></testcase><testcase classname="src.pymortests.operators" file="src/pymortests/operators.py" line="126" name="test_pairwise_apply2[&lt;lambda&gt;30]" time="0.0005290508270263672"><skipped message="Suite splitting in effect" type="pytest.skip">src/pymortests/operators.py:126: Suite splitting in effect</skipped></testcase><testcase classname="src.pymortests.operators" file="src/pymortests/operators.py" line="126" name="test_pairwise_apply2[&lt;lambda&gt;31]" time="0.0004589557647705078"><skipped message="Suite splitting in effect" type="pytest.skip">src/pymortests/operators.py:126: Suite splitting in effect</skipped></testcase><testcase classname="src.pymortests.operators" file="src/pymortests/operators.py" line="126" name="test_pairwise_apply2[&lt;lambda&gt;32]" time="0.0004904270172119141"><skipped message="Suite splitting in effect" type="pytest.skip">src/pymortests/operators.py:126: Suite splitting in effect</skipped></testcase><testcase classname="src.pymortests.operators" file="src/pymortests/operators.py" line="126" name="test_pairwise_apply2[&lt;lambda&gt;33]" time="0.0004229545593261719"><skipped message="Suite splitting in effect" type="pytest.skip">src/pymortests/operators.py:126: Suite splitting in effect</skipped></testcase><testcase classname="src.pymortests.operators" file="src/pymortests/operators.py" line="126" name="test_pairwise_apply2[&lt;lambda&gt;34]" time="0.00047779083251953125"><skipped message="Suite splitting in effect" type="pytest.skip">src/pymortests/operators.py:126: Suite splitting in effect</skipped></testcase><testcase classname="src.pymortests.operators" file="src/pymortests/operators.py" line="126" name="test_pairwise_apply2[&lt;lambda&gt;35]" time="0.0004906654357910156"><skipped message="Suite splitting in effect" type="pytest.skip">src/pymortests/operators.py:126: Suite splitting in effect</skipped></testcase><testcase classname="src.pymortests.operators" file="src/pymortests/operators.py" line="126" name="test_pairwise_apply2[&lt;lambda&gt;36]" time="0.0007610321044921875"><skipped message="Suite splitting in effect" type="pytest.skip">src/pymortests/operators.py:126: Suite splitting in effect</skipped></testcase><testcase classname="src.pymortests.operators" file="src/pymortests/operators.py" line="126" name="test_pairwise_apply2[&lt;lambda&gt;37]" time="0.0004851818084716797"><skipped message="Suite splitting in effect" type="pytest.skip">src/pymortests/operators.py:126: Suite splitting in effect</skipped></testcase><testcase classname="src.pymortests.operators" file="src/pymortests/operators.py" line="126" name="test_pairwise_apply2[&lt;lambda&gt;38]" time="0.0005362033843994141"><skipped message="Suite splitting in effect" type="pytest.skip">src/pymortests/operators.py:126: Suite splitting in effect</skipped></testcase><testcase classname="src.pymortests.operators" file="src/pymortests/operators.py" line="126" name="test_pairwise_apply2[&lt;lambda&gt;39]" time="0.0004863739013671875"><skipped message="Suite splitting in effect" type="pytest.skip">src/pymortests/operators.py:126: Suite splitting in effect</skipped></testcase><testcase classname="src.pymortests.operators" file="src/pymortests/operators.py" line="126" name="test_pairwise_apply2[&lt;lambda&gt;40]" time="0.0005030632019042969"><skipped message="Suite splitting in effect" type="pytest.skip">src/pymortests/operators.py:126: Suite splitting in effect</skipped></testcase><testcase classname="src.pymortests.operators" file="src/pymortests/operators.py" line="135" name="test_apply_adjoint[&lt;lambda&gt;0]" time="0.0004851818084716797"><skipped message="Suite splitting in effect" type="pytest.skip">src/pymortests/operators.py:135: Suite splitting in effect</skipped></testcase><testcase classname="src.pymortests.operators" file="src/pymortests/operators.py" line="135" name="test_apply_adjoint[&lt;lambda&gt;1]" time="0.0004699230194091797"><skipped message="Suite splitting in effect" type="pytest.skip">src/pymortests/operators.py:135: Suite splitting in effect</skipped></testcase><testcase classname="src.pymortests.operators" file="src/pymortests/operators.py" line="135" name="test_apply_adjoint[&lt;lambda&gt;2]" time="0.0005242824554443359"><skipped message="Suite splitting in effect" type="pytest.skip">src/pymortests/operators.py:135: Suite splitting in effect</skipped></testcase><testcase classname="src.pymortests.operators" file="src/pymortests/operators.py" line="135" name="test_apply_adjoint[&lt;lambda&gt;3]" time="0.0009069442749023438"><skipped message="Suite splitting in effect" type="pytest.skip">src/pymortests/operators.py:135: Suite splitting in effect</skipped></testcase><testcase classname="src.pymortests.operators" file="src/pymortests/operators.py" line="135" name="test_apply_adjoint[&lt;lambda&gt;4]" time="0.0004382133483886719"><skipped message="Suite splitting in effect" type="pytest.skip">src/pymortests/operators.py:135: Suite splitting in effect</skipped></testcase><testcase classname="src.pymortests.operators" file="src/pymortests/operators.py" line="135" name="test_apply_adjoint[&lt;lambda&gt;5]" time="0.0004687309265136719"><skipped message="Suite splitting in effect" type="pytest.skip">src/pymortests/operators.py:135: Suite splitting in effect</skipped></testcase><testcase classname="src.pymortests.operators" file="src/pymortests/operators.py" line="135" name="test_apply_adjoint[&lt;lambda&gt;6]" time="0.0004990100860595703"><skipped message="Suite splitting in effect" type="pytest.skip">src/pymortests/operators.py:135: Suite splitting in effect</skipped></testcase><testcase classname="src.pymortests.operators" file="src/pymortests/operators.py" line="135" name="test_apply_adjoint[&lt;lambda&gt;7]" time="0.0004696846008300781"><skipped message="Suite splitting in effect" type="pytest.skip">src/pymortests/operators.py:135: Suite splitting in effect</skipped></testcase><testcase classname="src.pymortests.operators" file="src/pymortests/operators.py" line="135" name="test_apply_adjoint[&lt;lambda&gt;8]" time="0.0004742145538330078"><skipped message="Suite splitting in effect" type="pytest.skip">src/pymortests/operators.py:135: Suite splitting in effect</skipped></testcase><testcase classname="src.pymortests.operators" file="src/pymortests/operators.py" line="135" name="test_apply_adjoint[&lt;lambda&gt;9]" time="0.0005755424499511719"><skipped message="Suite splitting in effect" type="pytest.skip">src/pymortests/operators.py:135: Suite splitting in effect</skipped></testcase><testcase classname="src.pymortests.operators" file="src/pymortests/operators.py" line="135" name="test_apply_adjoint[&lt;lambda&gt;10]" time="0.0004699230194091797"><skipped message="Suite splitting in effect" type="pytest.skip">src/pymortests/operators.py:135: Suite splitting in effect</skipped></testcase><testcase classname="src.pymortests.operators" file="src/pymortests/operators.py" line="135" name="test_apply_adjoint[&lt;lambda&gt;11]" time="0.0007894039154052734"><skipped message="Suite splitting in effect" type="pytest.skip">src/pymortests/operators.py:135: Suite splitting in effect</skipped></testcase><testcase classname="src.pymortests.operators" file="src/pymortests/operators.py" line="135" name="test_apply_adjoint[&lt;lambda&gt;12]" time="0.0004363059997558594"><skipped message="Suite splitting in effect" type="pytest.skip">src/pymortests/operators.py:135: Suite splitting in effect</skipped></testcase><testcase classname="src.pymortests.operators" file="src/pymortests/operators.py" line="135" name="test_apply_adjoint[&lt;lambda&gt;13]" time="0.0004334449768066406"><skipped message="Suite splitting in effect" type="pytest.skip">src/pymortests/operators.py:135: Suite splitting in effect</skipped></testcase><testcase classname="src.pymortests.operators" file="src/pymortests/operators.py" line="135" name="test_apply_adjoint[&lt;lambda&gt;14]" time="0.0004942417144775391"><skipped message="Suite splitting in effect" type="pytest.skip">src/pymortests/operators.py:135: Suite splitting in effect</skipped></testcase><testcase classname="src.pymortests.operators" file="src/pymortests/operators.py" line="135" name="test_apply_adjoint[&lt;lambda&gt;15]" time="0.00044608116149902344"><skipped message="Suite splitting in effect" type="pytest.skip">src/pymortests/operators.py:135: Suite splitting in effect</skipped></testcase><testcase classname="src.pymortests.operators" file="src/pymortests/operators.py" line="135" name="test_apply_adjoint[&lt;lambda&gt;16]" time="0.00047969818115234375"><skipped message="Suite splitting in effect" type="pytest.skip">src/pymortests/operators.py:135: Suite splitting in effect</skipped></testcase><testcase classname="src.pymortests.operators" file="src/pymortests/operators.py" line="135" name="test_apply_adjoint[&lt;lambda&gt;17]" time="0.0004975795745849609"><skipped message="Suite splitting in effect" type="pytest.skip">src/pymortests/operators.py:135: Suite splitting in effect</skipped></testcase><testcase classname="src.pymortests.operators" file="src/pymortests/operators.py" line="135" name="test_apply_adjoint[&lt;lambda&gt;18]" time="0.0004394054412841797"><skipped message="Suite splitting in effect" type="pytest.skip">src/pymortests/operators.py:135: Suite splitting in effect</skipped></testcase><testcase classname="src.pymortests.operators" file="src/pymortests/operators.py" line="135" name="test_apply_adjoint[&lt;lambda&gt;19]" time="0.0009069442749023438"><skipped message="Suite splitting in effect" type="pytest.skip">src/pymortests/operators.py:135: Suite splitting in effect</skipped></testcase><testcase classname="src.pymortests.operators" file="src/pymortests/operators.py" line="135" name="test_apply_adjoint[&lt;lambda&gt;20]" time="0.00047898292541503906"><skipped message="Suite splitting in effect" type="pytest.skip">src/pymortests/operators.py:135: Suite splitting in effect</skipped></testcase><testcase classname="src.pymortests.operators" file="src/pymortests/operators.py" line="135" name="test_apply_adjoint[&lt;lambda&gt;21]" time="0.0005140304565429688"><skipped message="Suite splitting in effect" type="pytest.skip">src/pymortests/operators.py:135: Suite splitting in effect</skipped></testcase><testcase classname="src.pymortests.operators" file="src/pymortests/operators.py" line="135" name="test_apply_adjoint[&lt;lambda&gt;22]" time="0.00042438507080078125"><skipped message="Suite splitting in effect" type="pytest.skip">src/pymortests/operators.py:135: Suite splitting in effect</skipped></testcase><testcase classname="src.pymortests.operators" file="src/pymortests/operators.py" line="135" name="test_apply_adjoint[&lt;lambda&gt;23]" time="0.00048232078552246094"><skipped message="Suite splitting in effect" type="pytest.skip">src/pymortests/operators.py:135: Suite splitting in effect</skipped></testcase><testcase classname="src.pymortests.operators" file="src/pymortests/operators.py" line="135" name="test_apply_adjoint[&lt;lambda&gt;24]" time="0.0004425048828125"><skipped message="Suite splitting in effect" type="pytest.skip">src/pymortests/operators.py:135: Suite splitting in effect</skipped></testcase><testcase classname="src.pymortests.operators" file="src/pymortests/operators.py" line="135" name="test_apply_adjoint[&lt;lambda&gt;25]" time="0.0004963874816894531"><skipped message="Suite splitting in effect" type="pytest.skip">src/pymortests/operators.py:135: Suite splitting in effect</skipped></testcase><testcase classname="src.pymortests.operators" file="src/pymortests/operators.py" line="135" name="test_apply_adjoint[&lt;lambda&gt;26]" time="0.0005109310150146484"><skipped message="Suite splitting in effect" type="pytest.skip">src/pymortests/operators.py:135: Suite splitting in effect</skipped></testcase><testcase classname="src.pymortests.operators" file="src/pymortests/operators.py" line="135" name="test_apply_adjoint[&lt;lambda&gt;27]" time="0.0007998943328857422"><skipped message="Suite splitting in effect" type="pytest.skip">src/pymortests/operators.py:135: Suite splitting in effect</skipped></testcase><testcase classname="src.pymortests.operators" file="src/pymortests/operators.py" line="135" name="test_apply_adjoint[&lt;lambda&gt;28]" time="0.00042510032653808594"><skipped message="Suite splitting in effect" type="pytest.skip">src/pymortests/operators.py:135: Suite splitting in effect</skipped></testcase><testcase classname="src.pymortests.operators" file="src/pymortests/operators.py" line="135" name="test_apply_adjoint[&lt;lambda&gt;29]" time="0.0004901885986328125"><skipped message="Suite splitting in effect" type="pytest.skip">src/pymortests/operators.py:135: Suite splitting in effect</skipped></testcase><testcase classname="src.pymortests.operators" file="src/pymortests/operators.py" line="135" name="test_apply_adjoint[&lt;lambda&gt;30]" time="0.00043582916259765625"><skipped message="Suite splitting in effect" type="pytest.skip">src/pymortests/operators.py:135: Suite splitting in effect</skipped></testcase><testcase classname="src.pymortests.operators" file="src/pymortests/operators.py" line="135" name="test_apply_adjoint[&lt;lambda&gt;31]" time="0.0004646778106689453"><skipped message="Suite splitting in effect" type="pytest.skip">src/pymortests/operators.py:135: Suite splitting in effect</skipped></testcase><testcase classname="src.pymortests.operators" file="src/pymortests/operators.py" line="135" name="test_apply_adjoint[&lt;lambda&gt;32]" time="0.0005056858062744141"><skipped message="Suite splitting in effect" type="pytest.skip">src/pymortests/operators.py:135: Suite splitting in effect</skipped></testcase><testcase classname="src.pymortests.operators" file="src/pymortests/operators.py" line="135" name="test_apply_adjoint[&lt;lambda&gt;33]" time="0.0004706382751464844"><skipped message="Suite splitting in effect" type="pytest.skip">src/pymortests/operators.py:135: Suite splitting in effect</skipped></testcase><testcase classname="src.pymortests.operators" file="src/pymortests/operators.py" line="135" name="test_apply_adjoint[&lt;lambda&gt;34]" time="0.00048089027404785156"><skipped message="Suite splitting in effect" type="pytest.skip">src/pymortests/operators.py:135: Suite splitting in effect</skipped></testcase><testcase classname="src.pymortests.operators" file="src/pymortests/operators.py" line="135" name="test_apply_adjoint[&lt;lambda&gt;35]" time="0.0008137226104736328"><skipped message="Suite splitting in effect" type="pytest.skip">src/pymortests/operators.py:135: Suite splitting in effect</skipped></testcase><testcase classname="src.pymortests.operators" file="src/pymortests/operators.py" line="135" name="test_apply_adjoint[&lt;lambda&gt;36]" time="0.0004398822784423828"><skipped message="Suite splitting in effect" type="pytest.skip">src/pymortests/operators.py:135: Suite splitting in effect</skipped></testcase><testcase classname="src.pymortests.operators" file="src/pymortests/operators.py" line="135" name="test_apply_adjoint[&lt;lambda&gt;37]" time="0.0004286766052246094"><skipped message="Suite splitting in effect" type="pytest.skip">src/pymortests/operators.py:135: Suite splitting in effect</skipped></testcase><testcase classname="src.pymortests.operators" file="src/pymortests/operators.py" line="135" name="test_apply_adjoint[&lt;lambda&gt;38]" time="0.0005078315734863281"><skipped message="Suite splitting in effect" type="pytest.skip">src/pymortests/operators.py:135: Suite splitting in effect</skipped></testcase><testcase classname="src.pymortests.operators" file="src/pymortests/operators.py" line="135" name="test_apply_adjoint[&lt;lambda&gt;39]" time="0.0005331039428710938"><skipped message="Suite splitting in effect" type="pytest.skip">src/pymortests/operators.py:135: Suite splitting in effect</skipped></testcase><testcase classname="src.pymortests.operators" file="src/pymortests/operators.py" line="135" name="test_apply_adjoint[&lt;lambda&gt;40]" time="0.0004372596740722656"><skipped message="Suite splitting in effect" type="pytest.skip">src/pymortests/operators.py:135: Suite splitting in effect</skipped></testcase><testcase classname="src.pymortests.operators" file="src/pymortests/operators.py" line="151" name="test_apply_adjoint_2[&lt;lambda&gt;0]" time="0.0004956722259521484"><skipped message="Suite splitting in effect" type="pytest.skip">src/pymortests/operators.py:151: Suite splitting in effect</skipped></testcase><testcase classname="src.pymortests.operators" file="src/pymortests/operators.py" line="151" name="test_apply_adjoint_2[&lt;lambda&gt;1]" time="0.0005011558532714844"><skipped message="Suite splitting in effect" type="pytest.skip">src/pymortests/operators.py:151: Suite splitting in effect</skipped></testcase><testcase classname="src.pymortests.operators" file="src/pymortests/operators.py" line="151" name="test_apply_adjoint_2[&lt;lambda&gt;2]" time="0.0009124279022216797"><skipped message="Suite splitting in effect" type="pytest.skip">src/pymortests/operators.py:151: Suite splitting in effect</skipped></testcase><testcase classname="src.pymortests.operators" file="src/pymortests/operators.py" line="151" name="test_apply_adjoint_2[&lt;lambda&gt;3]" time="0.0004563331604003906"><skipped message="Suite splitting in effect" type="pytest.skip">src/pymortests/operators.py:151: Suite splitting in effect</skipped></testcase><testcase classname="src.pymortests.operators" file="src/pymortests/operators.py" line="151" name="test_apply_adjoint_2[&lt;lambda&gt;4]" time="0.0005445480346679688"><skipped message="Suite splitting in effect" type="pytest.skip">src/pymortests/operators.py:151: Suite splitting in effect</skipped></testcase><testcase classname="src.pymortests.operators" file="src/pymortests/operators.py" line="151" name="test_apply_adjoint_2[&lt;lambda&gt;5]" time="0.0004546642303466797"><skipped message="Suite splitting in effect" type="pytest.skip">src/pymortests/operators.py:151: Suite splitting in effect</skipped></testcase><testcase classname="src.pymortests.operators" file="src/pymortests/operators.py" line="151" name="test_apply_adjoint_2[&lt;lambda&gt;6]" time="0.0004711151123046875"><skipped message="Suite splitting in effect" type="pytest.skip">src/pymortests/operators.py:151: Suite splitting in effect</skipped></testcase><testcase classname="src.pymortests.operators" file="src/pymortests/operators.py" line="151" name="test_apply_adjoint_2[&lt;lambda&gt;7]" time="0.0004906654357910156"><skipped message="Suite splitting in effect" type="pytest.skip">src/pymortests/operators.py:151: Suite splitting in effect</skipped></testcase><testcase classname="src.pymortests.operators" file="src/pymortests/operators.py" line="151" name="test_apply_adjoint_2[&lt;lambda&gt;8]" time="0.00043487548828125"><skipped message="Suite splitting in effect" type="pytest.skip">src/pymortests/operators.py:151: Suite splitting in effect</skipped></testcase><testcase classname="src.pymortests.operators" file="src/pymortests/operators.py" line="151" name="test_apply_adjoint_2[&lt;lambda&gt;9]" time="0.0004930496215820312"><skipped message="Suite splitting in effect" type="pytest.skip">src/pymortests/operators.py:151: Suite splitting in effect</skipped></testcase><testcase classname="src.pymortests.operators" file="src/pymortests/operators.py" line="151" name="test_apply_adjoint_2[&lt;lambda&gt;10]" time="0.0009632110595703125"><skipped message="Suite splitting in effect" type="pytest.skip">src/pymortests/operators.py:151: Suite splitting in effect</skipped></testcase><testcase classname="src.pymortests.operators" file="src/pymortests/operators.py" line="151" name="test_apply_adjoint_2[&lt;lambda&gt;11]" time="0.0005166530609130859"><skipped message="Suite splitting in effect" type="pytest.skip">src/pymortests/operators.py:151: Suite splitting in effect</skipped></testcase><testcase classname="src.pymortests.operators" file="src/pymortests/operators.py" line="151" name="test_apply_adjoint_2[&lt;lambda&gt;12]" time="0.00042891502380371094"><skipped message="Suite splitting in effect" type="pytest.skip">src/pymortests/operators.py:151: Suite splitting in effect</skipped></testcase><testcase classname="src.pymortests.operators" file="src/pymortests/operators.py" line="151" name="test_apply_adjoint_2[&lt;lambda&gt;13]" time="0.0004940032958984375"><skipped message="Suite splitting in effect" type="pytest.skip">src/pymortests/operators.py:151: Suite splitting in effect</skipped></testcase><testcase classname="src.pymortests.operators" file="src/pymortests/operators.py" line="151" name="test_apply_adjoint_2[&lt;lambda&gt;14]" time="0.0005030632019042969"><skipped message="Suite splitting in effect" type="pytest.skip">src/pymortests/operators.py:151: Suite splitting in effect</skipped></testcase><testcase classname="src.pymortests.operators" file="src/pymortests/operators.py" line="151" name="test_apply_adjoint_2[&lt;lambda&gt;15]" time="0.00046253204345703125"><skipped message="Suite splitting in effect" type="pytest.skip">src/pymortests/operators.py:151: Suite splitting in effect</skipped></testcase><testcase classname="src.pymortests.operators" file="src/pymortests/operators.py" line="151" name="test_apply_adjoint_2[&lt;lambda&gt;16]" time="0.0005257129669189453"><skipped message="Suite splitting in effect" type="pytest.skip">src/pymortests/operators.py:151: Suite splitting in effect</skipped></testcase><testcase classname="src.pymortests.operators" file="src/pymortests/operators.py" line="151" name="test_apply_adjoint_2[&lt;lambda&gt;17]" time="0.0004417896270751953"><skipped message="Suite splitting in effect" type="pytest.skip">src/pymortests/operators.py:151: Suite splitting in effect</skipped></testcase><testcase classname="src.pymortests.operators" file="src/pymortests/operators.py" line="151" name="test_apply_adjoint_2[&lt;lambda&gt;18]" time="0.000888824462890625"><skipped message="Suite splitting in effect" type="pytest.skip">src/pymortests/operators.py:151: Suite splitting in effect</skipped></testcase><testcase classname="src.pymortests.operators" file="src/pymortests/operators.py" line="151" name="test_apply_adjoint_2[&lt;lambda&gt;19]" time="0.00047659873962402344"><skipped message="Suite splitting in effect" type="pytest.skip">src/pymortests/operators.py:151: Suite splitting in effect</skipped></testcase><testcase classname="src.pymortests.operators" file="src/pymortests/operators.py" line="151" name="test_apply_adjoint_2[&lt;lambda&gt;20]" time="0.0005228519439697266"><skipped message="Suite splitting in effect" type="pytest.skip">src/pymortests/operators.py:151: Suite splitting in effect</skipped></testcase><testcase classname="src.pymortests.operators" file="src/pymortests/operators.py" line="151" name="test_apply_adjoint_2[&lt;lambda&gt;21]" time="0.0004520416259765625"><skipped message="Suite splitting in effect" type="pytest.skip">src/pymortests/operators.py:151: Suite splitting in effect</skipped></testcase><testcase classname="src.pymortests.operators" file="src/pymortests/operators.py" line="151" name="test_apply_adjoint_2[&lt;lambda&gt;22]" time="0.00047326087951660156"><skipped message="Suite splitting in effect" type="pytest.skip">src/pymortests/operators.py:151: Suite splitting in effect</skipped></testcase><testcase classname="src.pymortests.operators" file="src/pymortests/operators.py" line="151" name="test_apply_adjoint_2[&lt;lambda&gt;23]" time="0.0005359649658203125"><skipped message="Suite splitting in effect" type="pytest.skip">src/pymortests/operators.py:151: Suite splitting in effect</skipped></testcase><testcase classname="src.pymortests.operators" file="src/pymortests/operators.py" line="151" name="test_apply_adjoint_2[&lt;lambda&gt;24]" time="0.0005311965942382812"><skipped message="Suite splitting in effect" type="pytest.skip">src/pymortests/operators.py:151: Suite splitting in effect</skipped></testcase><testcase classname="src.pymortests.operators" file="src/pymortests/operators.py" line="151" name="test_apply_adjoint_2[&lt;lambda&gt;25]" time="0.00047278404235839844"><skipped message="Suite splitting in effect" type="pytest.skip">src/pymortests/operators.py:151: Suite splitting in effect</skipped></testcase><testcase classname="src.pymortests.operators" file="src/pymortests/operators.py" line="151" name="test_apply_adjoint_2[&lt;lambda&gt;26]" time="0.0008132457733154297"><skipped message="Suite splitting in effect" type="pytest.skip">src/pymortests/operators.py:151: Suite splitting in effect</skipped></testcase><testcase classname="src.pymortests.operators" file="src/pymortests/operators.py" line="151" name="test_apply_adjoint_2[&lt;lambda&gt;27]" time="0.000598907470703125"><skipped message="Suite splitting in effect" type="pytest.skip">src/pymortests/operators.py:151: Suite splitting in effect</skipped></testcase><testcase classname="src.pymortests.operators" file="src/pymortests/operators.py" line="151" name="test_apply_adjoint_2[&lt;lambda&gt;28]" time="0.0005278587341308594"><skipped message="Suite splitting in effect" type="pytest.skip">src/pymortests/operators.py:151: Suite splitting in effect</skipped></testcase><testcase classname="src.pymortests.operators" file="src/pymortests/operators.py" line="151" name="test_apply_adjoint_2[&lt;lambda&gt;29]" time="0.00044035911560058594"><skipped message="Suite splitting in effect" type="pytest.skip">src/pymortests/operators.py:151: Suite splitting in effect</skipped></testcase><testcase classname="src.pymortests.operators" file="src/pymortests/operators.py" line="151" name="test_apply_adjoint_2[&lt;lambda&gt;30]" time="0.00041985511779785156"><skipped message="Suite splitting in effect" type="pytest.skip">src/pymortests/operators.py:151: Suite splitting in effect</skipped></testcase><testcase classname="src.pymortests.operators" file="src/pymortests/operators.py" line="151" name="test_apply_adjoint_2[&lt;lambda&gt;31]" time="0.00044846534729003906"><skipped message="Suite splitting in effect" type="pytest.skip">src/pymortests/operators.py:151: Suite splitting in effect</skipped></testcase><testcase classname="src.pymortests.operators" file="src/pymortests/operators.py" line="151" name="test_apply_adjoint_2[&lt;lambda&gt;32]" time="0.00042700767517089844"><skipped message="Suite splitting in effect" type="pytest.skip">src/pymortests/operators.py:151: Suite splitting in effect</skipped></testcase><testcase classname="src.pymortests.operators" file="src/pymortests/operators.py" line="151" name="test_apply_adjoint_2[&lt;lambda&gt;33]" time="0.0005860328674316406"><skipped message="Suite splitting in effect" type="pytest.skip">src/pymortests/operators.py:151: Suite splitting in effect</skipped></testcase><testcase classname="src.pymortests.operators" file="src/pymortests/operators.py" line="151" name="test_apply_adjoint_2[&lt;lambda&gt;34]" time="0.0007793903350830078"><skipped message="Suite splitting in effect" type="pytest.skip">src/pymortests/operators.py:151: Suite splitting in effect</skipped></testcase><testcase classname="src.pymortests.operators" file="src/pymortests/operators.py" line="151" name="test_apply_adjoint_2[&lt;lambda&gt;35]" time="0.0004668235778808594"><skipped message="Suite splitting in effect" type="pytest.skip">src/pymortests/operators.py:151: Suite splitting in effect</skipped></testcase><testcase classname="src.pymortests.operators" file="src/pymortests/operators.py" line="151" name="test_apply_adjoint_2[&lt;lambda&gt;36]" time="0.0005011558532714844"><skipped message="Suite splitting in effect" type="pytest.skip">src/pymortests/operators.py:151: Suite splitting in effect</skipped></testcase><testcase classname="src.pymortests.operators" file="src/pymortests/operators.py" line="151" name="test_apply_adjoint_2[&lt;lambda&gt;37]" time="0.0005190372467041016"><skipped message="Suite splitting in effect" type="pytest.skip">src/pymortests/operators.py:151: Suite splitting in effect</skipped></testcase><testcase classname="src.pymortests.operators" file="src/pymortests/operators.py" line="151" name="test_apply_adjoint_2[&lt;lambda&gt;38]" time="0.00045752525329589844"><skipped message="Suite splitting in effect" type="pytest.skip">src/pymortests/operators.py:151: Suite splitting in effect</skipped></testcase><testcase classname="src.pymortests.operators" file="src/pymortests/operators.py" line="151" name="test_apply_adjoint_2[&lt;lambda&gt;39]" time="0.0004954338073730469"><skipped message="Suite splitting in effect" type="pytest.skip">src/pymortests/operators.py:151: Suite splitting in effect</skipped></testcase><testcase classname="src.pymortests.operators" file="src/pymortests/operators.py" line="151" name="test_apply_adjoint_2[&lt;lambda&gt;40]" time="0.0004525184631347656"><skipped message="Suite splitting in effect" type="pytest.skip">src/pymortests/operators.py:151: Suite splitting in effect</skipped></testcase><testcase classname="src.pymortests.operators" file="src/pymortests/operators.py" line="162" name="test_H[&lt;lambda&gt;0]" time="0.0004887580871582031"><skipped message="Suite splitting in effect" type="pytest.skip">src/pymortests/operators.py:162: Suite splitting in effect</skipped></testcase><testcase classname="src.pymortests.operators" file="src/pymortests/operators.py" line="162" name="test_H[&lt;lambda&gt;1]" time="0.0010614395141601562"><skipped message="Suite splitting in effect" type="pytest.skip">src/pymortests/operators.py:162: Suite splitting in effect</skipped></testcase><testcase classname="src.pymortests.operators" file="src/pymortests/operators.py" line="162" name="test_H[&lt;lambda&gt;2]" time="0.0004749298095703125"><skipped message="Suite splitting in effect" type="pytest.skip">src/pymortests/operators.py:162: Suite splitting in effect</skipped></testcase><testcase classname="src.pymortests.operators" file="src/pymortests/operators.py" line="162" name="test_H[&lt;lambda&gt;3]" time="0.0005993843078613281"><skipped message="Suite splitting in effect" type="pytest.skip">src/pymortests/operators.py:162: Suite splitting in effect</skipped></testcase><testcase classname="src.pymortests.operators" file="src/pymortests/operators.py" line="162" name="test_H[&lt;lambda&gt;4]" time="0.0005221366882324219"><skipped message="Suite splitting in effect" type="pytest.skip">src/pymortests/operators.py:162: Suite splitting in effect</skipped></testcase><testcase classname="src.pymortests.operators" file="src/pymortests/operators.py" line="162" name="test_H[&lt;lambda&gt;5]" time="0.0005056858062744141"><skipped message="Suite splitting in effect" type="pytest.skip">src/pymortests/operators.py:162: Suite splitting in effect</skipped></testcase><testcase classname="src.pymortests.operators" file="src/pymortests/operators.py" line="162" name="test_H[&lt;lambda&gt;6]" time="0.00047588348388671875"><skipped message="Suite splitting in effect" type="pytest.skip">src/pymortests/operators.py:162: Suite splitting in effect</skipped></testcase><testcase classname="src.pymortests.operators" file="src/pymortests/operators.py" line="162" name="test_H[&lt;lambda&gt;7]" time="0.0005309581756591797"><skipped message="Suite splitting in effect" type="pytest.skip">src/pymortests/operators.py:162: Suite splitting in effect</skipped></testcase><testcase classname="src.pymortests.operators" file="src/pymortests/operators.py" line="162" name="test_H[&lt;lambda&gt;8]" time="0.000476837158203125"><skipped message="Suite splitting in effect" type="pytest.skip">src/pymortests/operators.py:162: Suite splitting in effect</skipped></testcase><testcase classname="src.pymortests.operators" file="src/pymortests/operators.py" line="162" name="test_H[&lt;lambda&gt;9]" time="0.0008177757263183594"><skipped message="Suite splitting in effect" type="pytest.skip">src/pymortests/operators.py:162: Suite splitting in effect</skipped></testcase><testcase classname="src.pymortests.operators" file="src/pymortests/operators.py" line="162" name="test_H[&lt;lambda&gt;10]" time="0.0004801750183105469"><skipped message="Suite splitting in effect" type="pytest.skip">src/pymortests/operators.py:162: Suite splitting in effect</skipped></testcase><testcase classname="src.pymortests.operators" file="src/pymortests/operators.py" line="162" name="test_H[&lt;lambda&gt;11]" time="0.0005209445953369141"><skipped message="Suite splitting in effect" type="pytest.skip">src/pymortests/operators.py:162: Suite splitting in effect</skipped></testcase><testcase classname="src.pymortests.operators" file="src/pymortests/operators.py" line="162" name="test_H[&lt;lambda&gt;12]" time="0.0005087852478027344"><skipped message="Suite splitting in effect" type="pytest.skip">src/pymortests/operators.py:162: Suite splitting in effect</skipped></testcase><testcase classname="src.pymortests.operators" file="src/pymortests/operators.py" line="162" name="test_H[&lt;lambda&gt;13]" time="0.0004839897155761719"><skipped message="Suite splitting in effect" type="pytest.skip">src/pymortests/operators.py:162: Suite splitting in effect</skipped></testcase><testcase classname="src.pymortests.operators" file="src/pymortests/operators.py" line="162" name="test_H[&lt;lambda&gt;14]" time="0.0005660057067871094"><skipped message="Suite splitting in effect" type="pytest.skip">src/pymortests/operators.py:162: Suite splitting in effect</skipped></testcase><testcase classname="src.pymortests.operators" file="src/pymortests/operators.py" line="162" name="test_H[&lt;lambda&gt;15]" time="0.0005626678466796875"><skipped message="Suite splitting in effect" type="pytest.skip">src/pymortests/operators.py:162: Suite splitting in effect</skipped></testcase><testcase classname="src.pymortests.operators" file="src/pymortests/operators.py" line="162" name="test_H[&lt;lambda&gt;16]" time="0.0004432201385498047"><skipped message="Suite splitting in effect" type="pytest.skip">src/pymortests/operators.py:162: Suite splitting in effect</skipped></testcase><testcase classname="src.pymortests.operators" file="src/pymortests/operators.py" line="162" name="test_H[&lt;lambda&gt;17]" time="0.0007774829864501953"><skipped message="Suite splitting in effect" type="pytest.skip">src/pymortests/operators.py:162: Suite splitting in effect</skipped></testcase><testcase classname="src.pymortests.operators" file="src/pymortests/operators.py" line="162" name="test_H[&lt;lambda&gt;18]" time="0.0005257129669189453"><skipped message="Suite splitting in effect" type="pytest.skip">src/pymortests/operators.py:162: Suite splitting in effect</skipped></testcase><testcase classname="src.pymortests.operators" file="src/pymortests/operators.py" line="162" name="test_H[&lt;lambda&gt;19]" time="0.0004885196685791016"><skipped message="Suite splitting in effect" type="pytest.skip">src/pymortests/operators.py:162: Suite splitting in effect</skipped></testcase><testcase classname="src.pymortests.operators" file="src/pymortests/operators.py" line="162" name="test_H[&lt;lambda&gt;20]" time="0.0004780292510986328"><skipped message="Suite splitting in effect" type="pytest.skip">src/pymortests/operators.py:162: Suite splitting in effect</skipped></testcase><testcase classname="src.pymortests.operators" file="src/pymortests/operators.py" line="162" name="test_H[&lt;lambda&gt;21]" time="0.0005192756652832031"><skipped message="Suite splitting in effect" type="pytest.skip">src/pymortests/operators.py:162: Suite splitting in effect</skipped></testcase><testcase classname="src.pymortests.operators" file="src/pymortests/operators.py" line="162" name="test_H[&lt;lambda&gt;22]" time="0.0004477500915527344"><skipped message="Suite splitting in effect" type="pytest.skip">src/pymortests/operators.py:162: Suite splitting in effect</skipped></testcase><testcase classname="src.pymortests.operators" file="src/pymortests/operators.py" line="162" name="test_H[&lt;lambda&gt;23]" time="0.0005214214324951172"><skipped message="Suite splitting in effect" type="pytest.skip">src/pymortests/operators.py:162: Suite splitting in effect</skipped></testcase><testcase classname="src.pymortests.operators" file="src/pymortests/operators.py" line="162" name="test_H[&lt;lambda&gt;24]" time="0.000446319580078125"><skipped message="Suite splitting in effect" type="pytest.skip">src/pymortests/operators.py:162: Suite splitting in effect</skipped></testcase><testcase classname="src.pymortests.operators" file="src/pymortests/operators.py" line="162" name="test_H[&lt;lambda&gt;25]" time="0.0008268356323242188"><skipped message="Suite splitting in effect" type="pytest.skip">src/pymortests/operators.py:162: Suite splitting in effect</skipped></testcase><testcase classname="src.pymortests.operators" file="src/pymortests/operators.py" line="162" name="test_H[&lt;lambda&gt;26]" time="0.0005106925964355469"><skipped message="Suite splitting in effect" type="pytest.skip">src/pymortests/operators.py:162: Suite splitting in effect</skipped></testcase><testcase classname="src.pymortests.operators" file="src/pymortests/operators.py" line="162" name="test_H[&lt;lambda&gt;27]" time="0.0005328655242919922"><skipped message="Suite splitting in effect" type="pytest.skip">src/pymortests/operators.py:162: Suite splitting in effect</skipped></testcase><testcase classname="src.pymortests.operators" file="src/pymortests/operators.py" line="162" name="test_H[&lt;lambda&gt;28]" time="0.0005486011505126953"><skipped message="Suite splitting in effect" type="pytest.skip">src/pymortests/operators.py:162: Suite splitting in effect</skipped></testcase><testcase classname="src.pymortests.operators" file="src/pymortests/operators.py" line="162" name="test_H[&lt;lambda&gt;29]" time="0.00047707557678222656"><skipped message="Suite splitting in effect" type="pytest.skip">src/pymortests/operators.py:162: Suite splitting in effect</skipped></testcase><testcase classname="src.pymortests.operators" file="src/pymortests/operators.py" line="162" name="test_H[&lt;lambda&gt;30]" time="0.0005476474761962891"><skipped message="Suite splitting in effect" type="pytest.skip">src/pymortests/operators.py:162: Suite splitting in effect</skipped></testcase><testcase classname="src.pymortests.operators" file="src/pymortests/operators.py" line="162" name="test_H[&lt;lambda&gt;31]" time="0.00045037269592285156"><skipped message="Suite splitting in effect" type="pytest.skip">src/pymortests/operators.py:162: Suite splitting in effect</skipped></testcase><testcase classname="src.pymortests.operators" file="src/pymortests/operators.py" line="162" name="test_H[&lt;lambda&gt;32]" time="0.0004990100860595703"><skipped message="Suite splitting in effect" type="pytest.skip">src/pymortests/operators.py:162: Suite splitting in effect</skipped></testcase><testcase classname="src.pymortests.operators" file="src/pymortests/operators.py" line="162" name="test_H[&lt;lambda&gt;33]" time="0.0008330345153808594"><skipped message="Suite splitting in effect" type="pytest.skip">src/pymortests/operators.py:162: Suite splitting in effect</skipped></testcase><testcase classname="src.pymortests.operators" file="src/pymortests/operators.py" line="162" name="test_H[&lt;lambda&gt;34]" time="0.0004782676696777344"><skipped message="Suite splitting in effect" type="pytest.skip">src/pymortests/operators.py:162: Suite splitting in effect</skipped></testcase><testcase classname="src.pymortests.operators" file="src/pymortests/operators.py" line="162" name="test_H[&lt;lambda&gt;35]" time="0.0005195140838623047"><skipped message="Suite splitting in effect" type="pytest.skip">src/pymortests/operators.py:162: Suite splitting in effect</skipped></testcase><testcase classname="src.pymortests.operators" file="src/pymortests/operators.py" line="162" name="test_H[&lt;lambda&gt;36]" time="0.0004973411560058594"><skipped message="Suite splitting in effect" type="pytest.skip">src/pymortests/operators.py:162: Suite splitting in effect</skipped></testcase><testcase classname="src.pymortests.operators" file="src/pymortests/operators.py" line="162" name="test_H[&lt;lambda&gt;37]" time="0.00046753883361816406"><skipped message="Suite splitting in effect" type="pytest.skip">src/pymortests/operators.py:162: Suite splitting in effect</skipped></testcase><testcase classname="src.pymortests.operators" file="src/pymortests/operators.py" line="162" name="test_H[&lt;lambda&gt;38]" time="0.00044345855712890625"><skipped message="Suite splitting in effect" type="pytest.skip">src/pymortests/operators.py:162: Suite splitting in effect</skipped></testcase><testcase classname="src.pymortests.operators" file="src/pymortests/operators.py" line="162" name="test_H[&lt;lambda&gt;39]" time="0.00043654441833496094"><skipped message="Suite splitting in effect" type="pytest.skip">src/pymortests/operators.py:162: Suite splitting in effect</skipped></testcase><testcase classname="src.pymortests.operators" file="src/pymortests/operators.py" line="162" name="test_H[&lt;lambda&gt;40]" time="0.0004904270172119141"><skipped message="Suite splitting in effect" type="pytest.skip">src/pymortests/operators.py:162: Suite splitting in effect</skipped></testcase><testcase classname="src.pymortests.operators" file="src/pymortests/operators.py" line="173" name="test_apply_inverse[&lt;lambda&gt;0]" time="0.0009047985076904297"><skipped message="Suite splitting in effect" type="pytest.skip">src/pymortests/operators.py:173: Suite splitting in effect</skipped></testcase><testcase classname="src.pymortests.operators" file="src/pymortests/operators.py" line="173" name="test_apply_inverse[&lt;lambda&gt;1]" time="0.0005950927734375"><skipped message="Suite splitting in effect" type="pytest.skip">src/pymortests/operators.py:173: Suite splitting in effect</skipped></testcase><testcase classname="src.pymortests.operators" file="src/pymortests/operators.py" line="173" name="test_apply_inverse[&lt;lambda&gt;2]" time="0.00048470497131347656"><skipped message="Suite splitting in effect" type="pytest.skip">src/pymortests/operators.py:173: Suite splitting in effect</skipped></testcase><testcase classname="src.pymortests.operators" file="src/pymortests/operators.py" line="173" name="test_apply_inverse[&lt;lambda&gt;3]" time="0.00045490264892578125"><skipped message="Suite splitting in effect" type="pytest.skip">src/pymortests/operators.py:173: Suite splitting in effect</skipped></testcase><testcase classname="src.pymortests.operators" file="src/pymortests/operators.py" line="173" name="test_apply_inverse[&lt;lambda&gt;4]" time="0.0005095005035400391"><skipped message="Suite splitting in effect" type="pytest.skip">src/pymortests/operators.py:173: Suite splitting in effect</skipped></testcase><testcase classname="src.pymortests.operators" file="src/pymortests/operators.py" line="173" name="test_apply_inverse[&lt;lambda&gt;5]" time="0.00044083595275878906"><skipped message="Suite splitting in effect" type="pytest.skip">src/pymortests/operators.py:173: Suite splitting in effect</skipped></testcase><testcase classname="src.pymortests.operators" file="src/pymortests/operators.py" line="173" name="test_apply_inverse[&lt;lambda&gt;6]" time="0.0004978179931640625"><skipped message="Suite splitting in effect" type="pytest.skip">src/pymortests/operators.py:173: Suite splitting in effect</skipped></testcase><testcase classname="src.pymortests.operators" file="src/pymortests/operators.py" line="173" name="test_apply_inverse[&lt;lambda&gt;7]" time="0.0004990100860595703"><skipped message="Suite splitting in effect" type="pytest.skip">src/pymortests/operators.py:173: Suite splitting in effect</skipped></testcase><testcase classname="src.pymortests.operators" file="src/pymortests/operators.py" line="173" name="test_apply_inverse[&lt;lambda&gt;8]" time="0.0009081363677978516"><skipped message="Suite splitting in effect" type="pytest.skip">src/pymortests/operators.py:173: Suite splitting in effect</skipped></testcase><testcase classname="src.pymortests.operators" file="src/pymortests/operators.py" line="173" name="test_apply_inverse[&lt;lambda&gt;9]" time="0.0004696846008300781"><skipped message="Suite splitting in effect" type="pytest.skip">src/pymortests/operators.py:173: Suite splitting in effect</skipped></testcase><testcase classname="src.pymortests.operators" file="src/pymortests/operators.py" line="173" name="test_apply_inverse[&lt;lambda&gt;10]" time="0.0004868507385253906"><skipped message="Suite splitting in effect" type="pytest.skip">src/pymortests/operators.py:173: Suite splitting in effect</skipped></testcase><testcase classname="src.pymortests.operators" file="src/pymortests/operators.py" line="173" name="test_apply_inverse[&lt;lambda&gt;11]" time="0.0004930496215820312"><skipped message="Suite splitting in effect" type="pytest.skip">src/pymortests/operators.py:173: Suite splitting in effect</skipped></testcase><testcase classname="src.pymortests.operators" file="src/pymortests/operators.py" line="173" name="test_apply_inverse[&lt;lambda&gt;12]" time="0.00046825408935546875"><skipped message="Suite splitting in effect" type="pytest.skip">src/pymortests/operators.py:173: Suite splitting in effect</skipped></testcase><testcase classname="src.pymortests.operators" file="src/pymortests/operators.py" line="173" name="test_apply_inverse[&lt;lambda&gt;13]" time="0.000457763671875"><skipped message="Suite splitting in effect" type="pytest.skip">src/pymortests/operators.py:173: Suite splitting in effect</skipped></testcase><testcase classname="src.pymortests.operators" file="src/pymortests/operators.py" line="173" name="test_apply_inverse[&lt;lambda&gt;14]" time="0.0004239082336425781"><skipped message="Suite splitting in effect" type="pytest.skip">src/pymortests/operators.py:173: Suite splitting in effect</skipped></testcase><testcase classname="src.pymortests.operators" file="src/pymortests/operators.py" line="173" name="test_apply_inverse[&lt;lambda&gt;15]" time="0.0005176067352294922"><skipped message="Suite splitting in effect" type="pytest.skip">src/pymortests/operators.py:173: Suite splitting in effect</skipped></testcase><testcase classname="src.pymortests.operators" file="src/pymortests/operators.py" line="173" name="test_apply_inverse[&lt;lambda&gt;16]" time="0.0009469985961914062"><skipped message="Suite splitting in effect" type="pytest.skip">src/pymortests/operators.py:173: Suite splitting in effect</skipped></testcase><testcase classname="src.pymortests.operators" file="src/pymortests/operators.py" line="173" name="test_apply_inverse[&lt;lambda&gt;17]" time="0.0005869865417480469"><skipped message="Suite splitting in effect" type="pytest.skip">src/pymortests/operators.py:173: Suite splitting in effect</skipped></testcase><testcase classname="src.pymortests.operators" file="src/pymortests/operators.py" line="173" name="test_apply_inverse[&lt;lambda&gt;18]" time="0.000476837158203125"><skipped message="Suite splitting in effect" type="pytest.skip">src/pymortests/operators.py:173: Suite splitting in effect</skipped></testcase><testcase classname="src.pymortests.operators" file="src/pymortests/operators.py" line="173" name="test_apply_inverse[&lt;lambda&gt;19]" time="0.0005075931549072266"><skipped message="Suite splitting in effect" type="pytest.skip">src/pymortests/operators.py:173: Suite splitting in effect</skipped></testcase><testcase classname="src.pymortests.operators" file="src/pymortests/operators.py" line="173" name="test_apply_inverse[&lt;lambda&gt;20]" time="0.0005397796630859375"><skipped message="Suite splitting in effect" type="pytest.skip">src/pymortests/operators.py:173: Suite splitting in effect</skipped></testcase><testcase classname="src.pymortests.operators" file="src/pymortests/operators.py" line="173" name="test_apply_inverse[&lt;lambda&gt;21]" time="0.00042939186096191406"><skipped message="Suite splitting in effect" type="pytest.skip">src/pymortests/operators.py:173: Suite splitting in effect</skipped></testcase><testcase classname="src.pymortests.operators" file="src/pymortests/operators.py" line="173" name="test_apply_inverse[&lt;lambda&gt;22]" time="0.0004935264587402344"><skipped message="Suite splitting in effect" type="pytest.skip">src/pymortests/operators.py:173: Suite splitting in effect</skipped></testcase><testcase classname="src.pymortests.operators" file="src/pymortests/operators.py" line="173" name="test_apply_inverse[&lt;lambda&gt;23]" time="0.0004544258117675781"><skipped message="Suite splitting in effect" type="pytest.skip">src/pymortests/operators.py:173: Suite splitting in effect</skipped></testcase><testcase classname="src.pymortests.operators" file="src/pymortests/operators.py" line="173" name="test_apply_inverse[&lt;lambda&gt;24]" time="0.0008203983306884766"><skipped message="Suite splitting in effect" type="pytest.skip">src/pymortests/operators.py:173: Suite splitting in effect</skipped></testcase><testcase classname="src.pymortests.operators" file="src/pymortests/operators.py" line="173" name="test_apply_inverse[&lt;lambda&gt;25]" time="0.00041961669921875"><skipped message="Suite splitting in effect" type="pytest.skip">src/pymortests/operators.py:173: Suite splitting in effect</skipped></testcase><testcase classname="src.pymortests.operators" file="src/pymortests/operators.py" line="173" name="test_apply_inverse[&lt;lambda&gt;26]" time="0.0004291534423828125"><skipped message="Suite splitting in effect" type="pytest.skip">src/pymortests/operators.py:173: Suite splitting in effect</skipped></testcase><testcase classname="src.pymortests.operators" file="src/pymortests/operators.py" line="173" name="test_apply_inverse[&lt;lambda&gt;27]" time="0.0004374980926513672"><skipped message="Suite splitting in effect" type="pytest.skip">src/pymortests/operators.py:173: Suite splitting in effect</skipped></testcase><testcase classname="src.pymortests.operators" file="src/pymortests/operators.py" line="173" name="test_apply_inverse[&lt;lambda&gt;28]" time="0.00047779083251953125"><skipped message="Suite splitting in effect" type="pytest.skip">src/pymortests/operators.py:173: Suite splitting in effect</skipped></testcase><testcase classname="src.pymortests.operators" file="src/pymortests/operators.py" line="173" name="test_apply_inverse[&lt;lambda&gt;29]" time="0.0004951953887939453"><skipped message="Suite splitting in effect" type="pytest.skip">src/pymortests/operators.py:173: Suite splitting in effect</skipped></testcase><testcase classname="src.pymortests.operators" file="src/pymortests/operators.py" line="173" name="test_apply_inverse[&lt;lambda&gt;30]" time="0.00047326087951660156"><skipped message="Suite splitting in effect" type="pytest.skip">src/pymortests/operators.py:173: Suite splitting in effect</skipped></testcase><testcase classname="src.pymortests.operators" file="src/pymortests/operators.py" line="173" name="test_apply_inverse[&lt;lambda&gt;31]" time="0.0005443096160888672"><skipped message="Suite splitting in effect" type="pytest.skip">src/pymortests/operators.py:173: Suite splitting in effect</skipped></testcase><testcase classname="src.pymortests.operators" file="src/pymortests/operators.py" line="173" name="test_apply_inverse[&lt;lambda&gt;32]" time="0.0009379386901855469"><skipped message="Suite splitting in effect" type="pytest.skip">src/pymortests/operators.py:173: Suite splitting in effect</skipped></testcase><testcase classname="src.pymortests.operators" file="src/pymortests/operators.py" line="173" name="test_apply_inverse[&lt;lambda&gt;33]" time="0.0005078315734863281"><skipped message="Suite splitting in effect" type="pytest.skip">src/pymortests/operators.py:173: Suite splitting in effect</skipped></testcase><testcase classname="src.pymortests.operators" file="src/pymortests/operators.py" line="173" name="test_apply_inverse[&lt;lambda&gt;34]" time="0.0004706382751464844"><skipped message="Suite splitting in effect" type="pytest.skip">src/pymortests/operators.py:173: Suite splitting in effect</skipped></testcase><testcase classname="src.pymortests.operators" file="src/pymortests/operators.py" line="173" name="test_apply_inverse[&lt;lambda&gt;35]" time="0.0005137920379638672"><skipped message="Suite splitting in effect" type="pytest.skip">src/pymortests/operators.py:173: Suite splitting in effect</skipped></testcase><testcase classname="src.pymortests.operators" file="src/pymortests/operators.py" line="173" name="test_apply_inverse[&lt;lambda&gt;36]" time="0.0005152225494384766"><skipped message="Suite splitting in effect" type="pytest.skip">src/pymortests/operators.py:173: Suite splitting in effect</skipped></testcase><testcase classname="src.pymortests.operators" file="src/pymortests/operators.py" line="173" name="test_apply_inverse[&lt;lambda&gt;37]" time="0.0006079673767089844"><skipped message="Suite splitting in effect" type="pytest.skip">src/pymortests/operators.py:173: Suite splitting in effect</skipped></testcase><testcase classname="src.pymortests.operators" file="src/pymortests/operators.py" line="173" name="test_apply_inverse[&lt;lambda&gt;38]" time="0.0004994869232177734"><skipped message="Suite splitting in effect" type="pytest.skip">src/pymortests/operators.py:173: Suite splitting in effect</skipped></testcase><testcase classname="src.pymortests.operators" file="src/pymortests/operators.py" line="173" name="test_apply_inverse[&lt;lambda&gt;39]" time="0.0004985332489013672"><skipped message="Suite splitting in effect" type="pytest.skip">src/pymortests/operators.py:173: Suite splitting in effect</skipped></testcase><testcase classname="src.pymortests.operators" file="src/pymortests/operators.py" line="173" name="test_apply_inverse[&lt;lambda&gt;40]" time="0.0008490085601806641"><skipped message="Suite splitting in effect" type="pytest.skip">src/pymortests/operators.py:173: Suite splitting in effect</skipped></testcase><testcase classname="src.pymortests.operators" file="src/pymortests/operators.py" line="186" name="test_apply_inverse_adjoint[&lt;lambda&gt;0]" time="0.0004646778106689453"><skipped message="Suite splitting in effect" type="pytest.skip">src/pymortests/operators.py:186: Suite splitting in effect</skipped></testcase><testcase classname="src.pymortests.operators" file="src/pymortests/operators.py" line="186" name="test_apply_inverse_adjoint[&lt;lambda&gt;1]" time="0.0004723072052001953"><skipped message="Suite splitting in effect" type="pytest.skip">src/pymortests/operators.py:186: Suite splitting in effect</skipped></testcase><testcase classname="src.pymortests.operators" file="src/pymortests/operators.py" line="186" name="test_apply_inverse_adjoint[&lt;lambda&gt;2]" time="0.0004394054412841797"><skipped message="Suite splitting in effect" type="pytest.skip">src/pymortests/operators.py:186: Suite splitting in effect</skipped></testcase><testcase classname="src.pymortests.operators" file="src/pymortests/operators.py" line="186" name="test_apply_inverse_adjoint[&lt;lambda&gt;3]" time="0.0004811286926269531"><skipped message="Suite splitting in effect" type="pytest.skip">src/pymortests/operators.py:186: Suite splitting in effect</skipped></testcase><testcase classname="src.pymortests.operators" file="src/pymortests/operators.py" line="186" name="test_apply_inverse_adjoint[&lt;lambda&gt;4]" time="0.0005366802215576172"><skipped message="Suite splitting in effect" type="pytest.skip">src/pymortests/operators.py:186: Suite splitting in effect</skipped></testcase><testcase classname="src.pymortests.operators" file="src/pymortests/operators.py" line="186" name="test_apply_inverse_adjoint[&lt;lambda&gt;5]" time="0.00047850608825683594"><skipped message="Suite splitting in effect" type="pytest.skip">src/pymortests/operators.py:186: Suite splitting in effect</skipped></testcase><testcase classname="src.pymortests.operators" file="src/pymortests/operators.py" line="186" name="test_apply_inverse_adjoint[&lt;lambda&gt;6]" time="0.0005357265472412109"><skipped message="Suite splitting in effect" type="pytest.skip">src/pymortests/operators.py:186: Suite splitting in effect</skipped></testcase><testcase classname="src.pymortests.operators" file="src/pymortests/operators.py" line="186" name="test_apply_inverse_adjoint[&lt;lambda&gt;7]" time="0.0010998249053955078"><skipped message="Suite splitting in effect" type="pytest.skip">src/pymortests/operators.py:186: Suite splitting in effect</skipped></testcase><testcase classname="src.pymortests.operators" file="src/pymortests/operators.py" line="186" name="test_apply_inverse_adjoint[&lt;lambda&gt;8]" time="0.0005309581756591797"><skipped message="Suite splitting in effect" type="pytest.skip">src/pymortests/operators.py:186: Suite splitting in effect</skipped></testcase><testcase classname="src.pymortests.operators" file="src/pymortests/operators.py" line="186" name="test_apply_inverse_adjoint[&lt;lambda&gt;9]" time="0.00047516822814941406"><skipped message="Suite splitting in effect" type="pytest.skip">src/pymortests/operators.py:186: Suite splitting in effect</skipped></testcase><testcase classname="src.pymortests.operators" file="src/pymortests/operators.py" line="186" name="test_apply_inverse_adjoint[&lt;lambda&gt;10]" time="0.0004336833953857422"><skipped message="Suite splitting in effect" type="pytest.skip">src/pymortests/operators.py:186: Suite splitting in effect</skipped></testcase><testcase classname="src.pymortests.operators" file="src/pymortests/operators.py" line="186" name="test_apply_inverse_adjoint[&lt;lambda&gt;11]" time="0.0005402565002441406"><skipped message="Suite splitting in effect" type="pytest.skip">src/pymortests/operators.py:186: Suite splitting in effect</skipped></testcase><testcase classname="src.pymortests.operators" file="src/pymortests/operators.py" line="186" name="test_apply_inverse_adjoint[&lt;lambda&gt;12]" time="0.00044846534729003906"><skipped message="Suite splitting in effect" type="pytest.skip">src/pymortests/operators.py:186: Suite splitting in effect</skipped></testcase><testcase classname="src.pymortests.operators" file="src/pymortests/operators.py" line="186" name="test_apply_inverse_adjoint[&lt;lambda&gt;13]" time="0.0004417896270751953"><skipped message="Suite splitting in effect" type="pytest.skip">src/pymortests/operators.py:186: Suite splitting in effect</skipped></testcase><testcase classname="src.pymortests.operators" file="src/pymortests/operators.py" line="186" name="test_apply_inverse_adjoint[&lt;lambda&gt;14]" time="0.0006029605865478516"><skipped message="Suite splitting in effect" type="pytest.skip">src/pymortests/operators.py:186: Suite splitting in effect</skipped></testcase><testcase classname="src.pymortests.operators" file="src/pymortests/operators.py" line="186" name="test_apply_inverse_adjoint[&lt;lambda&gt;15]" time="0.0009980201721191406"><skipped message="Suite splitting in effect" type="pytest.skip">src/pymortests/operators.py:186: Suite splitting in effect</skipped></testcase><testcase classname="src.pymortests.operators" file="src/pymortests/operators.py" line="186" name="test_apply_inverse_adjoint[&lt;lambda&gt;16]" time="0.0005285739898681641"><skipped message="Suite splitting in effect" type="pytest.skip">src/pymortests/operators.py:186: Suite splitting in effect</skipped></testcase><testcase classname="src.pymortests.operators" file="src/pymortests/operators.py" line="186" name="test_apply_inverse_adjoint[&lt;lambda&gt;17]" time="0.0005373954772949219"><skipped message="Suite splitting in effect" type="pytest.skip">src/pymortests/operators.py:186: Suite splitting in effect</skipped></testcase><testcase classname="src.pymortests.operators" file="src/pymortests/operators.py" line="186" name="test_apply_inverse_adjoint[&lt;lambda&gt;18]" time="0.00047469139099121094"><skipped message="Suite splitting in effect" type="pytest.skip">src/pymortests/operators.py:186: Suite splitting in effect</skipped></testcase><testcase classname="src.pymortests.operators" file="src/pymortests/operators.py" line="186" name="test_apply_inverse_adjoint[&lt;lambda&gt;19]" time="0.0005471706390380859"><skipped message="Suite splitting in effect" type="pytest.skip">src/pymortests/operators.py:186: Suite splitting in effect</skipped></testcase><testcase classname="src.pymortests.operators" file="src/pymortests/operators.py" line="186" name="test_apply_inverse_adjoint[&lt;lambda&gt;20]" time="0.0005545616149902344"><skipped message="Suite splitting in effect" type="pytest.skip">src/pymortests/operators.py:186: Suite splitting in effect</skipped></testcase><testcase classname="src.pymortests.operators" file="src/pymortests/operators.py" line="186" name="test_apply_inverse_adjoint[&lt;lambda&gt;21]" time="0.0005068778991699219"><skipped message="Suite splitting in effect" type="pytest.skip">src/pymortests/operators.py:186: Suite splitting in effect</skipped></testcase><testcase classname="src.pymortests.operators" file="src/pymortests/operators.py" line="186" name="test_apply_inverse_adjoint[&lt;lambda&gt;22]" time="0.0004863739013671875"><skipped message="Suite splitting in effect" type="pytest.skip">src/pymortests/operators.py:186: Suite splitting in effect</skipped></testcase><testcase classname="src.pymortests.operators" file="src/pymortests/operators.py" line="186" name="test_apply_inverse_adjoint[&lt;lambda&gt;23]" time="0.0008027553558349609"><skipped message="Suite splitting in effect" type="pytest.skip">src/pymortests/operators.py:186: Suite splitting in effect</skipped></testcase><testcase classname="src.pymortests.operators" file="src/pymortests/operators.py" line="186" name="test_apply_inverse_adjoint[&lt;lambda&gt;24]" time="0.0005712509155273438"><skipped message="Suite splitting in effect" type="pytest.skip">src/pymortests/operators.py:186: Suite splitting in effect</skipped></testcase><testcase classname="src.pymortests.operators" file="src/pymortests/operators.py" line="186" name="test_apply_inverse_adjoint[&lt;lambda&gt;25]" time="0.0005097389221191406"><skipped message="Suite splitting in effect" type="pytest.skip">src/pymortests/operators.py:186: Suite splitting in effect</skipped></testcase><testcase classname="src.pymortests.operators" file="src/pymortests/operators.py" line="186" name="test_apply_inverse_adjoint[&lt;lambda&gt;26]" time="0.0004634857177734375"><skipped message="Suite splitting in effect" type="pytest.skip">src/pymortests/operators.py:186: Suite splitting in effect</skipped></testcase><testcase classname="src.pymortests.operators" file="src/pymortests/operators.py" line="186" name="test_apply_inverse_adjoint[&lt;lambda&gt;27]" time="0.0005006790161132812"><skipped message="Suite splitting in effect" type="pytest.skip">src/pymortests/operators.py:186: Suite splitting in effect</skipped></testcase><testcase classname="src.pymortests.operators" file="src/pymortests/operators.py" line="186" name="test_apply_inverse_adjoint[&lt;lambda&gt;28]" time="0.0005617141723632812"><skipped message="Suite splitting in effect" type="pytest.skip">src/pymortests/operators.py:186: Suite splitting in effect</skipped></testcase><testcase classname="src.pymortests.operators" file="src/pymortests/operators.py" line="186" name="test_apply_inverse_adjoint[&lt;lambda&gt;29]" time="0.0004699230194091797"><skipped message="Suite splitting in effect" type="pytest.skip">src/pymortests/operators.py:186: Suite splitting in effect</skipped></testcase><testcase classname="src.pymortests.operators" file="src/pymortests/operators.py" line="186" name="test_apply_inverse_adjoint[&lt;lambda&gt;30]" time="0.000453948974609375"><skipped message="Suite splitting in effect" type="pytest.skip">src/pymortests/operators.py:186: Suite splitting in effect</skipped></testcase><testcase classname="src.pymortests.operators" file="src/pymortests/operators.py" line="186" name="test_apply_inverse_adjoint[&lt;lambda&gt;31]" time="0.0009527206420898438"><skipped message="Suite splitting in effect" type="pytest.skip">src/pymortests/operators.py:186: Suite splitting in effect</skipped></testcase><testcase classname="src.pymortests.operators" file="src/pymortests/operators.py" line="186" name="test_apply_inverse_adjoint[&lt;lambda&gt;32]" time="0.0004551410675048828"><skipped message="Suite splitting in effect" type="pytest.skip">src/pymortests/operators.py:186: Suite splitting in effect</skipped></testcase><testcase classname="src.pymortests.operators" file="src/pymortests/operators.py" line="186" name="test_apply_inverse_adjoint[&lt;lambda&gt;33]" time="0.0004744529724121094"><skipped message="Suite splitting in effect" type="pytest.skip">src/pymortests/operators.py:186: Suite splitting in effect</skipped></testcase><testcase classname="src.pymortests.operators" file="src/pymortests/operators.py" line="186" name="test_apply_inverse_adjoint[&lt;lambda&gt;34]" time="0.0005266666412353516"><skipped message="Suite splitting in effect" type="pytest.skip">src/pymortests/operators.py:186: Suite splitting in effect</skipped></testcase><testcase classname="src.pymortests.operators" file="src/pymortests/operators.py" line="186" name="test_apply_inverse_adjoint[&lt;lambda&gt;35]" time="0.0004932880401611328"><skipped message="Suite splitting in effect" type="pytest.skip">src/pymortests/operators.py:186: Suite splitting in effect</skipped></testcase><testcase classname="src.pymortests.operators" file="src/pymortests/operators.py" line="186" name="test_apply_inverse_adjoint[&lt;lambda&gt;36]" time="0.0004887580871582031"><skipped message="Suite splitting in effect" type="pytest.skip">src/pymortests/operators.py:186: Suite splitting in effect</skipped></testcase><testcase classname="src.pymortests.operators" file="src/pymortests/operators.py" line="186" name="test_apply_inverse_adjoint[&lt;lambda&gt;37]" time="0.0005326271057128906"><skipped message="Suite splitting in effect" type="pytest.skip">src/pymortests/operators.py:186: Suite splitting in effect</skipped></testcase><testcase classname="src.pymortests.operators" file="src/pymortests/operators.py" line="186" name="test_apply_inverse_adjoint[&lt;lambda&gt;38]" time="0.0005321502685546875"><skipped message="Suite splitting in effect" type="pytest.skip">src/pymortests/operators.py:186: Suite splitting in effect</skipped></testcase><testcase classname="src.pymortests.operators" file="src/pymortests/operators.py" line="186" name="test_apply_inverse_adjoint[&lt;lambda&gt;39]" time="0.0008475780487060547"><skipped message="Suite splitting in effect" type="pytest.skip">src/pymortests/operators.py:186: Suite splitting in effect</skipped></testcase><testcase classname="src.pymortests.operators" file="src/pymortests/operators.py" line="186" name="test_apply_inverse_adjoint[&lt;lambda&gt;40]" time="0.0005145072937011719"><skipped message="Suite splitting in effect" type="pytest.skip">src/pymortests/operators.py:186: Suite splitting in effect</skipped></testcase><testcase classname="src.pymortests.operators" file="src/pymortests/operators.py" line="204" name="test_project[&lt;lambda&gt;0]" time="0.0005216598510742188"><skipped message="Suite splitting in effect" type="pytest.skip">src/pymortests/operators.py:204: Suite splitting in effect</skipped></testcase><testcase classname="src.pymortests.operators" file="src/pymortests/operators.py" line="204" name="test_project[&lt;lambda&gt;1]" time="0.0005166530609130859"><skipped message="Suite splitting in effect" type="pytest.skip">src/pymortests/operators.py:204: Suite splitting in effect</skipped></testcase><testcase classname="src.pymortests.operators" file="src/pymortests/operators.py" line="204" name="test_project[&lt;lambda&gt;2]" time="0.0004780292510986328"><skipped message="Suite splitting in effect" type="pytest.skip">src/pymortests/operators.py:204: Suite splitting in effect</skipped></testcase><testcase classname="src.pymortests.operators" file="src/pymortests/operators.py" line="204" name="test_project[&lt;lambda&gt;3]" time="0.0005338191986083984"><skipped message="Suite splitting in effect" type="pytest.skip">src/pymortests/operators.py:204: Suite splitting in effect</skipped></testcase><testcase classname="src.pymortests.operators" file="src/pymortests/operators.py" line="204" name="test_project[&lt;lambda&gt;4]" time="0.0005826950073242188"><skipped message="Suite splitting in effect" type="pytest.skip">src/pymortests/operators.py:204: Suite splitting in effect</skipped></testcase><testcase classname="src.pymortests.operators" file="src/pymortests/operators.py" line="204" name="test_project[&lt;lambda&gt;5]" time="0.00047206878662109375"><skipped message="Suite splitting in effect" type="pytest.skip">src/pymortests/operators.py:204: Suite splitting in effect</skipped></testcase><testcase classname="src.pymortests.operators" file="src/pymortests/operators.py" line="204" name="test_project[&lt;lambda&gt;6]" time="0.0008397102355957031"><skipped message="Suite splitting in effect" type="pytest.skip">src/pymortests/operators.py:204: Suite splitting in effect</skipped></testcase><testcase classname="src.pymortests.operators" file="src/pymortests/operators.py" line="204" name="test_project[&lt;lambda&gt;7]" time="0.0005176067352294922"><skipped message="Suite splitting in effect" type="pytest.skip">src/pymortests/operators.py:204: Suite splitting in effect</skipped></testcase><testcase classname="src.pymortests.operators" file="src/pymortests/operators.py" line="204" name="test_project[&lt;lambda&gt;8]" time="0.0005497932434082031"><skipped message="Suite splitting in effect" type="pytest.skip">src/pymortests/operators.py:204: Suite splitting in effect</skipped></testcase><testcase classname="src.pymortests.operators" file="src/pymortests/operators.py" line="204" name="test_project[&lt;lambda&gt;9]" time="0.000576019287109375"><skipped message="Suite splitting in effect" type="pytest.skip">src/pymortests/operators.py:204: Suite splitting in effect</skipped></testcase><testcase classname="src.pymortests.operators" file="src/pymortests/operators.py" line="204" name="test_project[&lt;lambda&gt;10]" time="0.000537872314453125"><skipped message="Suite splitting in effect" type="pytest.skip">src/pymortests/operators.py:204: Suite splitting in effect</skipped></testcase><testcase classname="src.pymortests.operators" file="src/pymortests/operators.py" line="204" name="test_project[&lt;lambda&gt;11]" time="0.0004794597625732422"><skipped message="Suite splitting in effect" type="pytest.skip">src/pymortests/operators.py:204: Suite splitting in effect</skipped></testcase><testcase classname="src.pymortests.operators" file="src/pymortests/operators.py" line="204" name="test_project[&lt;lambda&gt;12]" time="0.0005800724029541016"><skipped message="Suite splitting in effect" type="pytest.skip">src/pymortests/operators.py:204: Suite splitting in effect</skipped></testcase><testcase classname="src.pymortests.operators" file="src/pymortests/operators.py" line="204" name="test_project[&lt;lambda&gt;13]" time="0.0005538463592529297"><skipped message="Suite splitting in effect" type="pytest.skip">src/pymortests/operators.py:204: Suite splitting in effect</skipped></testcase><testcase classname="src.pymortests.operators" file="src/pymortests/operators.py" line="204" name="test_project[&lt;lambda&gt;14]" time="0.0009632110595703125"><skipped message="Suite splitting in effect" type="pytest.skip">src/pymortests/operators.py:204: Suite splitting in effect</skipped></testcase><testcase classname="src.pymortests.operators" file="src/pymortests/operators.py" line="204" name="test_project[&lt;lambda&gt;15]" time="0.0005872249603271484"><skipped message="Suite splitting in effect" type="pytest.skip">src/pymortests/operators.py:204: Suite splitting in effect</skipped></testcase><testcase classname="src.pymortests.operators" file="src/pymortests/operators.py" line="204" name="test_project[&lt;lambda&gt;16]" time="0.0004925727844238281"><skipped message="Suite splitting in effect" type="pytest.skip">src/pymortests/operators.py:204: Suite splitting in effect</skipped></testcase><testcase classname="src.pymortests.operators" file="src/pymortests/operators.py" line="204" name="test_project[&lt;lambda&gt;17]" time="0.0004928112030029297"><skipped message="Suite splitting in effect" type="pytest.skip">src/pymortests/operators.py:204: Suite splitting in effect</skipped></testcase><testcase classname="src.pymortests.operators" file="src/pymortests/operators.py" line="204" name="test_project[&lt;lambda&gt;18]" time="0.0005249977111816406"><skipped message="Suite splitting in effect" type="pytest.skip">src/pymortests/operators.py:204: Suite splitting in effect</skipped></testcase><testcase classname="src.pymortests.operators" file="src/pymortests/operators.py" line="204" name="test_project[&lt;lambda&gt;19]" time="0.0005242824554443359"><skipped message="Suite splitting in effect" type="pytest.skip">src/pymortests/operators.py:204: Suite splitting in effect</skipped></testcase><testcase classname="src.pymortests.operators" file="src/pymortests/operators.py" line="204" name="test_project[&lt;lambda&gt;20]" time="0.00048065185546875"><skipped message="Suite splitting in effect" type="pytest.skip">src/pymortests/operators.py:204: Suite splitting in effect</skipped></testcase><testcase classname="src.pymortests.operators" file="src/pymortests/operators.py" line="204" name="test_project[&lt;lambda&gt;21]" time="0.0005254745483398438"><skipped message="Suite splitting in effect" type="pytest.skip">src/pymortests/operators.py:204: Suite splitting in effect</skipped></testcase><testcase classname="src.pymortests.operators" file="src/pymortests/operators.py" line="204" name="test_project[&lt;lambda&gt;22]" time="0.0009183883666992188"><skipped message="Suite splitting in effect" type="pytest.skip">src/pymortests/operators.py:204: Suite splitting in effect</skipped></testcase><testcase classname="src.pymortests.operators" file="src/pymortests/operators.py" line="204" name="test_project[&lt;lambda&gt;23]" time="0.0005371570587158203"><skipped message="Suite splitting in effect" type="pytest.skip">src/pymortests/operators.py:204: Suite splitting in effect</skipped></testcase><testcase classname="src.pymortests.operators" file="src/pymortests/operators.py" line="204" name="test_project[&lt;lambda&gt;24]" time="0.0004775524139404297"><skipped message="Suite splitting in effect" type="pytest.skip">src/pymortests/operators.py:204: Suite splitting in effect</skipped></testcase><testcase classname="src.pymortests.operators" file="src/pymortests/operators.py" line="204" name="test_project[&lt;lambda&gt;25]" time="0.0005364418029785156"><skipped message="Suite splitting in effect" type="pytest.skip">src/pymortests/operators.py:204: Suite splitting in effect</skipped></testcase><testcase classname="src.pymortests.operators" file="src/pymortests/operators.py" line="204" name="test_project[&lt;lambda&gt;26]" time="0.0005774497985839844"><skipped message="Suite splitting in effect" type="pytest.skip">src/pymortests/operators.py:204: Suite splitting in effect</skipped></testcase><testcase classname="src.pymortests.operators" file="src/pymortests/operators.py" line="204" name="test_project[&lt;lambda&gt;27]" time="0.0004744529724121094"><skipped message="Suite splitting in effect" type="pytest.skip">src/pymortests/operators.py:204: Suite splitting in effect</skipped></testcase><testcase classname="src.pymortests.operators" file="src/pymortests/operators.py" line="204" name="test_project[&lt;lambda&gt;28]" time="0.0005235671997070312"><skipped message="Suite splitting in effect" type="pytest.skip">src/pymortests/operators.py:204: Suite splitting in effect</skipped></testcase><testcase classname="src.pymortests.operators" file="src/pymortests/operators.py" line="204" name="test_project[&lt;lambda&gt;29]" time="0.0005178451538085938"><skipped message="Suite splitting in effect" type="pytest.skip">src/pymortests/operators.py:204: Suite splitting in effect</skipped></testcase><testcase classname="src.pymortests.operators" file="src/pymortests/operators.py" line="204" name="test_project[&lt;lambda&gt;30]" time="0.0009458065032958984"><skipped message="Suite splitting in effect" type="pytest.skip">src/pymortests/operators.py:204: Suite splitting in effect</skipped></testcase><testcase classname="src.pymortests.operators" file="src/pymortests/operators.py" line="204" name="test_project[&lt;lambda&gt;31]" time="0.0004703998565673828"><skipped message="Suite splitting in effect" type="pytest.skip">src/pymortests/operators.py:204: Suite splitting in effect</skipped></testcase><testcase classname="src.pymortests.operators" file="src/pymortests/operators.py" line="204" name="test_project[&lt;lambda&gt;32]" time="0.0004677772521972656"><skipped message="Suite splitting in effect" type="pytest.skip">src/pymortests/operators.py:204: Suite splitting in effect</skipped></testcase><testcase classname="src.pymortests.operators" file="src/pymortests/operators.py" line="204" name="test_project[&lt;lambda&gt;33]" time="0.0005865097045898438"><skipped message="Suite splitting in effect" type="pytest.skip">src/pymortests/operators.py:204: Suite splitting in effect</skipped></testcase><testcase classname="src.pymortests.operators" file="src/pymortests/operators.py" line="204" name="test_project[&lt;lambda&gt;34]" time="0.0005218982696533203"><skipped message="Suite splitting in effect" type="pytest.skip">src/pymortests/operators.py:204: Suite splitting in effect</skipped></testcase><testcase classname="src.pymortests.operators" file="src/pymortests/operators.py" line="204" name="test_project[&lt;lambda&gt;35]" time="0.0004787445068359375"><skipped message="Suite splitting in effect" type="pytest.skip">src/pymortests/operators.py:204: Suite splitting in effect</skipped></testcase><testcase classname="src.pymortests.operators" file="src/pymortests/operators.py" line="204" name="test_project[&lt;lambda&gt;36]" time="0.0005614757537841797"><skipped message="Suite splitting in effect" type="pytest.skip">src/pymortests/operators.py:204: Suite splitting in effect</skipped></testcase><testcase classname="src.pymortests.operators" file="src/pymortests/operators.py" line="204" name="test_project[&lt;lambda&gt;37]" time="0.00047969818115234375"><skipped message="Suite splitting in effect" type="pytest.skip">src/pymortests/operators.py:204: Suite splitting in effect</skipped></testcase><testcase classname="src.pymortests.operators" file="src/pymortests/operators.py" line="204" name="test_project[&lt;lambda&gt;38]" time="0.0009064674377441406"><skipped message="Suite splitting in effect" type="pytest.skip">src/pymortests/operators.py:204: Suite splitting in effect</skipped></testcase><testcase classname="src.pymortests.operators" file="src/pymortests/operators.py" line="204" name="test_project[&lt;lambda&gt;39]" time="0.0004954338073730469"><skipped message="Suite splitting in effect" type="pytest.skip">src/pymortests/operators.py:204: Suite splitting in effect</skipped></testcase><testcase classname="src.pymortests.operators" file="src/pymortests/operators.py" line="204" name="test_project[&lt;lambda&gt;40]" time="0.0005285739898681641"><skipped message="Suite splitting in effect" type="pytest.skip">src/pymortests/operators.py:204: Suite splitting in effect</skipped></testcase><testcase classname="src.pymortests.operators" file="src/pymortests/operators.py" line="214" name="test_project_2[&lt;lambda&gt;0]" time="0.0005426406860351562"><skipped message="Suite splitting in effect" type="pytest.skip">src/pymortests/operators.py:214: Suite splitting in effect</skipped></testcase><testcase classname="src.pymortests.operators" file="src/pymortests/operators.py" line="214" name="test_project_2[&lt;lambda&gt;1]" time="0.0004432201385498047"><skipped message="Suite splitting in effect" type="pytest.skip">src/pymortests/operators.py:214: Suite splitting in effect</skipped></testcase><testcase classname="src.pymortests.operators" file="src/pymortests/operators.py" line="214" name="test_project_2[&lt;lambda&gt;2]" time="0.0005195140838623047"><skipped message="Suite splitting in effect" type="pytest.skip">src/pymortests/operators.py:214: Suite splitting in effect</skipped></testcase><testcase classname="src.pymortests.operators" file="src/pymortests/operators.py" line="214" name="test_project_2[&lt;lambda&gt;3]" time="0.00054168701171875"><skipped message="Suite splitting in effect" type="pytest.skip">src/pymortests/operators.py:214: Suite splitting in effect</skipped></testcase><testcase classname="src.pymortests.operators" file="src/pymortests/operators.py" line="214" name="test_project_2[&lt;lambda&gt;4]" time="0.0004696846008300781"><skipped message="Suite splitting in effect" type="pytest.skip">src/pymortests/operators.py:214: Suite splitting in effect</skipped></testcase><testcase classname="src.pymortests.operators" file="src/pymortests/operators.py" line="214" name="test_project_2[&lt;lambda&gt;5]" time="0.0011563301086425781"><skipped message="Suite splitting in effect" type="pytest.skip">src/pymortests/operators.py:214: Suite splitting in effect</skipped></testcase><testcase classname="src.pymortests.operators" file="src/pymortests/operators.py" line="214" name="test_project_2[&lt;lambda&gt;6]" time="0.0005049705505371094"><skipped message="Suite splitting in effect" type="pytest.skip">src/pymortests/operators.py:214: Suite splitting in effect</skipped></testcase><testcase classname="src.pymortests.operators" file="src/pymortests/operators.py" line="214" name="test_project_2[&lt;lambda&gt;7]" time="0.0004792213439941406"><skipped message="Suite splitting in effect" type="pytest.skip">src/pymortests/operators.py:214: Suite splitting in effect</skipped></testcase><testcase classname="src.pymortests.operators" file="src/pymortests/operators.py" line="214" name="test_project_2[&lt;lambda&gt;8]" time="0.0005807876586914062"><skipped message="Suite splitting in effect" type="pytest.skip">src/pymortests/operators.py:214: Suite splitting in effect</skipped></testcase><testcase classname="src.pymortests.operators" file="src/pymortests/operators.py" line="214" name="test_project_2[&lt;lambda&gt;9]" time="0.0005137920379638672"><skipped message="Suite splitting in effect" type="pytest.skip">src/pymortests/operators.py:214: Suite splitting in effect</skipped></testcase><testcase classname="src.pymortests.operators" file="src/pymortests/operators.py" line="214" name="test_project_2[&lt;lambda&gt;10]" time="0.00048041343688964844"><skipped message="Suite splitting in effect" type="pytest.skip">src/pymortests/operators.py:214: Suite splitting in effect</skipped></testcase><testcase classname="src.pymortests.operators" file="src/pymortests/operators.py" line="214" name="test_project_2[&lt;lambda&gt;11]" time="0.0005223751068115234"><skipped message="Suite splitting in effect" type="pytest.skip">src/pymortests/operators.py:214: Suite splitting in effect</skipped></testcase><testcase classname="src.pymortests.operators" file="src/pymortests/operators.py" line="214" name="test_project_2[&lt;lambda&gt;12]" time="0.0005502700805664062"><skipped message="Suite splitting in effect" type="pytest.skip">src/pymortests/operators.py:214: Suite splitting in effect</skipped></testcase><testcase classname="src.pymortests.operators" file="src/pymortests/operators.py" line="214" name="test_project_2[&lt;lambda&gt;13]" time="0.0009062290191650391"><skipped message="Suite splitting in effect" type="pytest.skip">src/pymortests/operators.py:214: Suite splitting in effect</skipped></testcase><testcase classname="src.pymortests.operators" file="src/pymortests/operators.py" line="214" name="test_project_2[&lt;lambda&gt;14]" time="0.0004706382751464844"><skipped message="Suite splitting in effect" type="pytest.skip">src/pymortests/operators.py:214: Suite splitting in effect</skipped></testcase><testcase classname="src.pymortests.operators" file="src/pymortests/operators.py" line="214" name="test_project_2[&lt;lambda&gt;15]" time="0.0005097389221191406"><skipped message="Suite splitting in effect" type="pytest.skip">src/pymortests/operators.py:214: Suite splitting in effect</skipped></testcase><testcase classname="src.pymortests.operators" file="src/pymortests/operators.py" line="214" name="test_project_2[&lt;lambda&gt;16]" time="0.0005578994750976562"><skipped message="Suite splitting in effect" type="pytest.skip">src/pymortests/operators.py:214: Suite splitting in effect</skipped></testcase><testcase classname="src.pymortests.operators" file="src/pymortests/operators.py" line="214" name="test_project_2[&lt;lambda&gt;17]" time="0.00047469139099121094"><skipped message="Suite splitting in effect" type="pytest.skip">src/pymortests/operators.py:214: Suite splitting in effect</skipped></testcase><testcase classname="src.pymortests.operators" file="src/pymortests/operators.py" line="214" name="test_project_2[&lt;lambda&gt;18]" time="0.0005183219909667969"><skipped message="Suite splitting in effect" type="pytest.skip">src/pymortests/operators.py:214: Suite splitting in effect</skipped></testcase><testcase classname="src.pymortests.operators" file="src/pymortests/operators.py" line="214" name="test_project_2[&lt;lambda&gt;19]" time="0.0005192756652832031"><skipped message="Suite splitting in effect" type="pytest.skip">src/pymortests/operators.py:214: Suite splitting in effect</skipped></testcase><testcase classname="src.pymortests.operators" file="src/pymortests/operators.py" line="214" name="test_project_2[&lt;lambda&gt;20]" time="0.0004730224609375"><skipped message="Suite splitting in effect" type="pytest.skip">src/pymortests/operators.py:214: Suite splitting in effect</skipped></testcase><testcase classname="src.pymortests.operators" file="src/pymortests/operators.py" line="214" name="test_project_2[&lt;lambda&gt;21]" time="0.0007753372192382812"><skipped message="Suite splitting in effect" type="pytest.skip">src/pymortests/operators.py:214: Suite splitting in effect</skipped></testcase><testcase classname="src.pymortests.operators" file="src/pymortests/operators.py" line="214" name="test_project_2[&lt;lambda&gt;22]" time="0.0005145072937011719"><skipped message="Suite splitting in effect" type="pytest.skip">src/pymortests/operators.py:214: Suite splitting in effect</skipped></testcase><testcase classname="src.pymortests.operators" file="src/pymortests/operators.py" line="214" name="test_project_2[&lt;lambda&gt;23]" time="0.00044918060302734375"><skipped message="Suite splitting in effect" type="pytest.skip">src/pymortests/operators.py:214: Suite splitting in effect</skipped></testcase><testcase classname="src.pymortests.operators" file="src/pymortests/operators.py" line="214" name="test_project_2[&lt;lambda&gt;24]" time="0.0004894733428955078"><skipped message="Suite splitting in effect" type="pytest.skip">src/pymortests/operators.py:214: Suite splitting in effect</skipped></testcase><testcase classname="src.pymortests.operators" file="src/pymortests/operators.py" line="214" name="test_project_2[&lt;lambda&gt;25]" time="0.0005393028259277344"><skipped message="Suite splitting in effect" type="pytest.skip">src/pymortests/operators.py:214: Suite splitting in effect</skipped></testcase><testcase classname="src.pymortests.operators" file="src/pymortests/operators.py" line="214" name="test_project_2[&lt;lambda&gt;26]" time="0.0004787445068359375"><skipped message="Suite splitting in effect" type="pytest.skip">src/pymortests/operators.py:214: Suite splitting in effect</skipped></testcase><testcase classname="src.pymortests.operators" file="src/pymortests/operators.py" line="214" name="test_project_2[&lt;lambda&gt;27]" time="0.0004792213439941406"><skipped message="Suite splitting in effect" type="pytest.skip">src/pymortests/operators.py:214: Suite splitting in effect</skipped></testcase><testcase classname="src.pymortests.operators" file="src/pymortests/operators.py" line="214" name="test_project_2[&lt;lambda&gt;28]" time="0.00044465065002441406"><skipped message="Suite splitting in effect" type="pytest.skip">src/pymortests/operators.py:214: Suite splitting in effect</skipped></testcase><testcase classname="src.pymortests.operators" file="src/pymortests/operators.py" line="214" name="test_project_2[&lt;lambda&gt;29]" time="0.0011475086212158203"><skipped message="Suite splitting in effect" type="pytest.skip">src/pymortests/operators.py:214: Suite splitting in effect</skipped></testcase><testcase classname="src.pymortests.operators" file="src/pymortests/operators.py" line="214" name="test_project_2[&lt;lambda&gt;30]" time="0.0005021095275878906"><skipped message="Suite splitting in effect" type="pytest.skip">src/pymortests/operators.py:214: Suite splitting in effect</skipped></testcase><testcase classname="src.pymortests.operators" file="src/pymortests/operators.py" line="214" name="test_project_2[&lt;lambda&gt;31]" time="0.0004639625549316406"><skipped message="Suite splitting in effect" type="pytest.skip">src/pymortests/operators.py:214: Suite splitting in effect</skipped></testcase><testcase classname="src.pymortests.operators" file="src/pymortests/operators.py" line="214" name="test_project_2[&lt;lambda&gt;32]" time="0.0005185604095458984"><skipped message="Suite splitting in effect" type="pytest.skip">src/pymortests/operators.py:214: Suite splitting in effect</skipped></testcase><testcase classname="src.pymortests.operators" file="src/pymortests/operators.py" line="214" name="test_project_2[&lt;lambda&gt;33]" time="0.0005664825439453125"><skipped message="Suite splitting in effect" type="pytest.skip">src/pymortests/operators.py:214: Suite splitting in effect</skipped></testcase><testcase classname="src.pymortests.operators" file="src/pymortests/operators.py" line="214" name="test_project_2[&lt;lambda&gt;34]" time="0.000507354736328125"><skipped message="Suite splitting in effect" type="pytest.skip">src/pymortests/operators.py:214: Suite splitting in effect</skipped></testcase><testcase classname="src.pymortests.operators" file="src/pymortests/operators.py" line="214" name="test_project_2[&lt;lambda&gt;35]" time="0.0005130767822265625"><skipped message="Suite splitting in effect" type="pytest.skip">src/pymortests/operators.py:214: Suite splitting in effect</skipped></testcase><testcase classname="src.pymortests.operators" file="src/pymortests/operators.py" line="214" name="test_project_2[&lt;lambda&gt;36]" time="0.0005574226379394531"><skipped message="Suite splitting in effect" type="pytest.skip">src/pymortests/operators.py:214: Suite splitting in effect</skipped></testcase><testcase classname="src.pymortests.operators" file="src/pymortests/operators.py" line="214" name="test_project_2[&lt;lambda&gt;37]" time="0.0008559226989746094"><skipped message="Suite splitting in effect" type="pytest.skip">src/pymortests/operators.py:214: Suite splitting in effect</skipped></testcase><testcase classname="src.pymortests.operators" file="src/pymortests/operators.py" line="214" name="test_project_2[&lt;lambda&gt;38]" time="0.0004565715789794922"><skipped message="Suite splitting in effect" type="pytest.skip">src/pymortests/operators.py:214: Suite splitting in effect</skipped></testcase><testcase classname="src.pymortests.operators" file="src/pymortests/operators.py" line="214" name="test_project_2[&lt;lambda&gt;39]" time="0.0006091594696044922"><skipped message="Suite splitting in effect" type="pytest.skip">src/pymortests/operators.py:214: Suite splitting in effect</skipped></testcase><testcase classname="src.pymortests.operators" file="src/pymortests/operators.py" line="214" name="test_project_2[&lt;lambda&gt;40]" time="0.0004401206970214844"><skipped message="Suite splitting in effect" type="pytest.skip">src/pymortests/operators.py:214: Suite splitting in effect</skipped></testcase><testcase classname="src.pymortests.operators" file="src/pymortests/operators.py" line="230" name="test_project_with_product[&lt;lambda&gt;0]" time="0.0004715919494628906"><skipped message="Suite splitting in effect" type="pytest.skip">src/pymortests/operators.py:230: Suite splitting in effect</skipped></testcase><testcase classname="src.pymortests.operators" file="src/pymortests/operators.py" line="230" name="test_project_with_product[&lt;lambda&gt;1]" time="0.0005300045013427734"><skipped message="Suite splitting in effect" type="pytest.skip">src/pymortests/operators.py:230: Suite splitting in effect</skipped></testcase><testcase classname="src.pymortests.operators" file="src/pymortests/operators.py" line="230" name="test_project_with_product[&lt;lambda&gt;2]" time="0.0005636215209960938"><skipped message="Suite splitting in effect" type="pytest.skip">src/pymortests/operators.py:230: Suite splitting in effect</skipped></testcase><testcase classname="src.pymortests.operators" file="src/pymortests/operators.py" line="230" name="test_project_with_product[&lt;lambda&gt;3]" time="0.0004723072052001953"><skipped message="Suite splitting in effect" type="pytest.skip">src/pymortests/operators.py:230: Suite splitting in effect</skipped></testcase><testcase classname="src.pymortests.operators" file="src/pymortests/operators.py" line="230" name="test_project_with_product[&lt;lambda&gt;4]" time="0.0009102821350097656"><skipped message="Suite splitting in effect" type="pytest.skip">src/pymortests/operators.py:230: Suite splitting in effect</skipped></testcase><testcase classname="src.pymortests.operators" file="src/pymortests/operators.py" line="230" name="test_project_with_product[&lt;lambda&gt;5]" time="0.00047135353088378906"><skipped message="Suite splitting in effect" type="pytest.skip">src/pymortests/operators.py:230: Suite splitting in effect</skipped></testcase><testcase classname="src.pymortests.operators" file="src/pymortests/operators.py" line="230" name="test_project_with_product[&lt;lambda&gt;6]" time="0.0005388259887695312"><skipped message="Suite splitting in effect" type="pytest.skip">src/pymortests/operators.py:230: Suite splitting in effect</skipped></testcase><testcase classname="src.pymortests.operators" file="src/pymortests/operators.py" line="230" name="test_project_with_product[&lt;lambda&gt;7]" time="0.0005486011505126953"><skipped message="Suite splitting in effect" type="pytest.skip">src/pymortests/operators.py:230: Suite splitting in effect</skipped></testcase><testcase classname="src.pymortests.operators" file="src/pymortests/operators.py" line="230" name="test_project_with_product[&lt;lambda&gt;8]" time="0.0004756450653076172"><skipped message="Suite splitting in effect" type="pytest.skip">src/pymortests/operators.py:230: Suite splitting in effect</skipped></testcase><testcase classname="src.pymortests.operators" file="src/pymortests/operators.py" line="230" name="test_project_with_product[&lt;lambda&gt;9]" time="0.000522613525390625"><skipped message="Suite splitting in effect" type="pytest.skip">src/pymortests/operators.py:230: Suite splitting in effect</skipped></testcase><testcase classname="src.pymortests.operators" file="src/pymortests/operators.py" line="230" name="test_project_with_product[&lt;lambda&gt;10]" time="0.0005404949188232422"><skipped message="Suite splitting in effect" type="pytest.skip">src/pymortests/operators.py:230: Suite splitting in effect</skipped></testcase><testcase classname="src.pymortests.operators" file="src/pymortests/operators.py" line="230" name="test_project_with_product[&lt;lambda&gt;11]" time="0.0004942417144775391"><skipped message="Suite splitting in effect" type="pytest.skip">src/pymortests/operators.py:230: Suite splitting in effect</skipped></testcase><testcase classname="src.pymortests.operators" file="src/pymortests/operators.py" line="230" name="test_project_with_product[&lt;lambda&gt;12]" time="0.0009741783142089844"><skipped message="Suite splitting in effect" type="pytest.skip">src/pymortests/operators.py:230: Suite splitting in effect</skipped></testcase><testcase classname="src.pymortests.operators" file="src/pymortests/operators.py" line="230" name="test_project_with_product[&lt;lambda&gt;13]" time="0.0004911422729492188"><skipped message="Suite splitting in effect" type="pytest.skip">src/pymortests/operators.py:230: Suite splitting in effect</skipped></testcase><testcase classname="src.pymortests.operators" file="src/pymortests/operators.py" line="230" name="test_project_with_product[&lt;lambda&gt;14]" time="0.0005414485931396484"><skipped message="Suite splitting in effect" type="pytest.skip">src/pymortests/operators.py:230: Suite splitting in effect</skipped></testcase><testcase classname="src.pymortests.operators" file="src/pymortests/operators.py" line="230" name="test_project_with_product[&lt;lambda&gt;15]" time="0.0005512237548828125"><skipped message="Suite splitting in effect" type="pytest.skip">src/pymortests/operators.py:230: Suite splitting in effect</skipped></testcase><testcase classname="src.pymortests.operators" file="src/pymortests/operators.py" line="230" name="test_project_with_product[&lt;lambda&gt;16]" time="0.0005052089691162109"><skipped message="Suite splitting in effect" type="pytest.skip">src/pymortests/operators.py:230: Suite splitting in effect</skipped></testcase><testcase classname="src.pymortests.operators" file="src/pymortests/operators.py" line="230" name="test_project_with_product[&lt;lambda&gt;17]" time="0.00047779083251953125"><skipped message="Suite splitting in effect" type="pytest.skip">src/pymortests/operators.py:230: Suite splitting in effect</skipped></testcase><testcase classname="src.pymortests.operators" file="src/pymortests/operators.py" line="230" name="test_project_with_product[&lt;lambda&gt;18]" time="0.0005784034729003906"><skipped message="Suite splitting in effect" type="pytest.skip">src/pymortests/operators.py:230: Suite splitting in effect</skipped></testcase><testcase classname="src.pymortests.operators" file="src/pymortests/operators.py" line="230" name="test_project_with_product[&lt;lambda&gt;19]" time="0.0004868507385253906"><skipped message="Suite splitting in effect" type="pytest.skip">src/pymortests/operators.py:230: Suite splitting in effect</skipped></testcase><testcase classname="src.pymortests.operators" file="src/pymortests/operators.py" line="230" name="test_project_with_product[&lt;lambda&gt;20]" time="0.0009582042694091797"><skipped message="Suite splitting in effect" type="pytest.skip">src/pymortests/operators.py:230: Suite splitting in effect</skipped></testcase><testcase classname="src.pymortests.operators" file="src/pymortests/operators.py" line="230" name="test_project_with_product[&lt;lambda&gt;21]" time="0.0004897117614746094"><skipped message="Suite splitting in effect" type="pytest.skip">src/pymortests/operators.py:230: Suite splitting in effect</skipped></testcase><testcase classname="src.pymortests.operators" file="src/pymortests/operators.py" line="230" name="test_project_with_product[&lt;lambda&gt;22]" time="0.000522613525390625"><skipped message="Suite splitting in effect" type="pytest.skip">src/pymortests/operators.py:230: Suite splitting in effect</skipped></testcase><testcase classname="src.pymortests.operators" file="src/pymortests/operators.py" line="230" name="test_project_with_product[&lt;lambda&gt;23]" time="0.0005693435668945312"><skipped message="Suite splitting in effect" type="pytest.skip">src/pymortests/operators.py:230: Suite splitting in effect</skipped></testcase><testcase classname="src.pymortests.operators" file="src/pymortests/operators.py" line="230" name="test_project_with_product[&lt;lambda&gt;24]" time="0.0005180835723876953"><skipped message="Suite splitting in effect" type="pytest.skip">src/pymortests/operators.py:230: Suite splitting in effect</skipped></testcase><testcase classname="src.pymortests.operators" file="src/pymortests/operators.py" line="230" name="test_project_with_product[&lt;lambda&gt;25]" time="0.00044655799865722656"><skipped message="Suite splitting in effect" type="pytest.skip">src/pymortests/operators.py:230: Suite splitting in effect</skipped></testcase><testcase classname="src.pymortests.operators" file="src/pymortests/operators.py" line="230" name="test_project_with_product[&lt;lambda&gt;26]" time="0.00047016143798828125"><skipped message="Suite splitting in effect" type="pytest.skip">src/pymortests/operators.py:230: Suite splitting in effect</skipped></testcase><testcase classname="src.pymortests.operators" file="src/pymortests/operators.py" line="230" name="test_project_with_product[&lt;lambda&gt;27]" time="0.0005714893341064453"><skipped message="Suite splitting in effect" type="pytest.skip">src/pymortests/operators.py:230: Suite splitting in effect</skipped></testcase><testcase classname="src.pymortests.operators" file="src/pymortests/operators.py" line="230" name="test_project_with_product[&lt;lambda&gt;28]" time="0.0008704662322998047"><skipped message="Suite splitting in effect" type="pytest.skip">src/pymortests/operators.py:230: Suite splitting in effect</skipped></testcase><testcase classname="src.pymortests.operators" file="src/pymortests/operators.py" line="230" name="test_project_with_product[&lt;lambda&gt;29]" time="0.000446319580078125"><skipped message="Suite splitting in effect" type="pytest.skip">src/pymortests/operators.py:230: Suite splitting in effect</skipped></testcase><testcase classname="src.pymortests.operators" file="src/pymortests/operators.py" line="230" name="test_project_with_product[&lt;lambda&gt;30]" time="0.0004596710205078125"><skipped message="Suite splitting in effect" type="pytest.skip">src/pymortests/operators.py:230: Suite splitting in effect</skipped></testcase><testcase classname="src.pymortests.operators" file="src/pymortests/operators.py" line="230" name="test_project_with_product[&lt;lambda&gt;31]" time="0.00043702125549316406"><skipped message="Suite splitting in effect" type="pytest.skip">src/pymortests/operators.py:230: Suite splitting in effect</skipped></testcase><testcase classname="src.pymortests.operators" file="src/pymortests/operators.py" line="230" name="test_project_with_product[&lt;lambda&gt;32]" time="0.0005011558532714844"><skipped message="Suite splitting in effect" type="pytest.skip">src/pymortests/operators.py:230: Suite splitting in effect</skipped></testcase><testcase classname="src.pymortests.operators" file="src/pymortests/operators.py" line="230" name="test_project_with_product[&lt;lambda&gt;33]" time="0.00047135353088378906"><skipped message="Suite splitting in effect" type="pytest.skip">src/pymortests/operators.py:230: Suite splitting in effect</skipped></testcase><testcase classname="src.pymortests.operators" file="src/pymortests/operators.py" line="230" name="test_project_with_product[&lt;lambda&gt;34]" time="0.0004696846008300781"><skipped message="Suite splitting in effect" type="pytest.skip">src/pymortests/operators.py:230: Suite splitting in effect</skipped></testcase><testcase classname="src.pymortests.operators" file="src/pymortests/operators.py" line="230" name="test_project_with_product[&lt;lambda&gt;35]" time="0.0004780292510986328"><skipped message="Suite splitting in effect" type="pytest.skip">src/pymortests/operators.py:230: Suite splitting in effect</skipped></testcase><testcase classname="src.pymortests.operators" file="src/pymortests/operators.py" line="230" name="test_project_with_product[&lt;lambda&gt;36]" time="0.0007700920104980469"><skipped message="Suite splitting in effect" type="pytest.skip">src/pymortests/operators.py:230: Suite splitting in effect</skipped></testcase><testcase classname="src.pymortests.operators" file="src/pymortests/operators.py" line="240" name="test_project_with_product_2[&lt;lambda&gt;0]" time="0.00048351287841796875"><skipped message="Suite splitting in effect" type="pytest.skip">src/pymortests/operators.py:240: Suite splitting in effect</skipped></testcase><testcase classname="src.pymortests.operators" file="src/pymortests/operators.py" line="240" name="test_project_with_product_2[&lt;lambda&gt;1]" time="0.0005116462707519531"><skipped message="Suite splitting in effect" type="pytest.skip">src/pymortests/operators.py:240: Suite splitting in effect</skipped></testcase><testcase classname="src.pymortests.operators" file="src/pymortests/operators.py" line="240" name="test_project_with_product_2[&lt;lambda&gt;2]" time="0.0004947185516357422"><skipped message="Suite splitting in effect" type="pytest.skip">src/pymortests/operators.py:240: Suite splitting in effect</skipped></testcase><testcase classname="src.pymortests.operators" file="src/pymortests/operators.py" line="240" name="test_project_with_product_2[&lt;lambda&gt;3]" time="0.0005004405975341797"><skipped message="Suite splitting in effect" type="pytest.skip">src/pymortests/operators.py:240: Suite splitting in effect</skipped></testcase><testcase classname="src.pymortests.operators" file="src/pymortests/operators.py" line="240" name="test_project_with_product_2[&lt;lambda&gt;4]" time="0.0005700588226318359"><skipped message="Suite splitting in effect" type="pytest.skip">src/pymortests/operators.py:240: Suite splitting in effect</skipped></testcase><testcase classname="src.pymortests.operators" file="src/pymortests/operators.py" line="240" name="test_project_with_product_2[&lt;lambda&gt;5]" time="0.0004506111145019531"><skipped message="Suite splitting in effect" type="pytest.skip">src/pymortests/operators.py:240: Suite splitting in effect</skipped></testcase><testcase classname="src.pymortests.operators" file="src/pymortests/operators.py" line="240" name="test_project_with_product_2[&lt;lambda&gt;6]" time="0.00048613548278808594"><skipped message="Suite splitting in effect" type="pytest.skip">src/pymortests/operators.py:240: Suite splitting in effect</skipped></testcase><testcase classname="src.pymortests.operators" file="src/pymortests/operators.py" line="240" name="test_project_with_product_2[&lt;lambda&gt;7]" time="0.0009131431579589844"><skipped message="Suite splitting in effect" type="pytest.skip">src/pymortests/operators.py:240: Suite splitting in effect</skipped></testcase><testcase classname="src.pymortests.operators" file="src/pymortests/operators.py" line="240" name="test_project_with_product_2[&lt;lambda&gt;8]" time="0.0005395412445068359"><skipped message="Suite splitting in effect" type="pytest.skip">src/pymortests/operators.py:240: Suite splitting in effect</skipped></testcase><testcase classname="src.pymortests.operators" file="src/pymortests/operators.py" line="240" name="test_project_with_product_2[&lt;lambda&gt;9]" time="0.0005016326904296875"><skipped message="Suite splitting in effect" type="pytest.skip">src/pymortests/operators.py:240: Suite splitting in effect</skipped></testcase><testcase classname="src.pymortests.operators" file="src/pymortests/operators.py" line="240" name="test_project_with_product_2[&lt;lambda&gt;10]" time="0.0005464553833007812"><skipped message="Suite splitting in effect" type="pytest.skip">src/pymortests/operators.py:240: Suite splitting in effect</skipped></testcase><testcase classname="src.pymortests.operators" file="src/pymortests/operators.py" line="240" name="test_project_with_product_2[&lt;lambda&gt;11]" time="0.0005307197570800781"><skipped message="Suite splitting in effect" type="pytest.skip">src/pymortests/operators.py:240: Suite splitting in effect</skipped></testcase><testcase classname="src.pymortests.operators" file="src/pymortests/operators.py" line="240" name="test_project_with_product_2[&lt;lambda&gt;12]" time="0.0004673004150390625"><skipped message="Suite splitting in effect" type="pytest.skip">src/pymortests/operators.py:240: Suite splitting in effect</skipped></testcase><testcase classname="src.pymortests.operators" file="src/pymortests/operators.py" line="240" name="test_project_with_product_2[&lt;lambda&gt;13]" time="0.0005400180816650391"><skipped message="Suite splitting in effect" type="pytest.skip">src/pymortests/operators.py:240: Suite splitting in effect</skipped></testcase><testcase classname="src.pymortests.operators" file="src/pymortests/operators.py" line="240" name="test_project_with_product_2[&lt;lambda&gt;14]" time="0.0005371570587158203"><skipped message="Suite splitting in effect" type="pytest.skip">src/pymortests/operators.py:240: Suite splitting in effect</skipped></testcase><testcase classname="src.pymortests.operators" file="src/pymortests/operators.py" line="240" name="test_project_with_product_2[&lt;lambda&gt;15]" time="0.0008547306060791016"><skipped message="Suite splitting in effect" type="pytest.skip">src/pymortests/operators.py:240: Suite splitting in effect</skipped></testcase><testcase classname="src.pymortests.operators" file="src/pymortests/operators.py" line="240" name="test_project_with_product_2[&lt;lambda&gt;16]" time="0.0004982948303222656"><skipped message="Suite splitting in effect" type="pytest.skip">src/pymortests/operators.py:240: Suite splitting in effect</skipped></testcase><testcase classname="src.pymortests.operators" file="src/pymortests/operators.py" line="240" name="test_project_with_product_2[&lt;lambda&gt;17]" time="0.000492095947265625"><skipped message="Suite splitting in effect" type="pytest.skip">src/pymortests/operators.py:240: Suite splitting in effect</skipped></testcase><testcase classname="src.pymortests.operators" file="src/pymortests/operators.py" line="240" name="test_project_with_product_2[&lt;lambda&gt;18]" time="0.0005352497100830078"><skipped message="Suite splitting in effect" type="pytest.skip">src/pymortests/operators.py:240: Suite splitting in effect</skipped></testcase><testcase classname="src.pymortests.operators" file="src/pymortests/operators.py" line="240" name="test_project_with_product_2[&lt;lambda&gt;19]" time="0.0004677772521972656"><skipped message="Suite splitting in effect" type="pytest.skip">src/pymortests/operators.py:240: Suite splitting in effect</skipped></testcase><testcase classname="src.pymortests.operators" file="src/pymortests/operators.py" line="240" name="test_project_with_product_2[&lt;lambda&gt;20]" time="0.0005307197570800781"><skipped message="Suite splitting in effect" type="pytest.skip">src/pymortests/operators.py:240: Suite splitting in effect</skipped></testcase><testcase classname="src.pymortests.operators" file="src/pymortests/operators.py" line="240" name="test_project_with_product_2[&lt;lambda&gt;21]" time="0.0005080699920654297"><skipped message="Suite splitting in effect" type="pytest.skip">src/pymortests/operators.py:240: Suite splitting in effect</skipped></testcase><testcase classname="src.pymortests.operators" file="src/pymortests/operators.py" line="240" name="test_project_with_product_2[&lt;lambda&gt;22]" time="0.0004754066467285156"><skipped message="Suite splitting in effect" type="pytest.skip">src/pymortests/operators.py:240: Suite splitting in effect</skipped></testcase><testcase classname="src.pymortests.operators" file="src/pymortests/operators.py" line="240" name="test_project_with_product_2[&lt;lambda&gt;23]" time="0.0008494853973388672"><skipped message="Suite splitting in effect" type="pytest.skip">src/pymortests/operators.py:240: Suite splitting in effect</skipped></testcase><testcase classname="src.pymortests.operators" file="src/pymortests/operators.py" line="240" name="test_project_with_product_2[&lt;lambda&gt;24]" time="0.0005354881286621094"><skipped message="Suite splitting in effect" type="pytest.skip">src/pymortests/operators.py:240: Suite splitting in effect</skipped></testcase><testcase classname="src.pymortests.operators" file="src/pymortests/operators.py" line="240" name="test_project_with_product_2[&lt;lambda&gt;25]" time="0.0005724430084228516"><skipped message="Suite splitting in effect" type="pytest.skip">src/pymortests/operators.py:240: Suite splitting in effect</skipped></testcase><testcase classname="src.pymortests.operators" file="src/pymortests/operators.py" line="240" name="test_project_with_product_2[&lt;lambda&gt;26]" time="0.0004956722259521484"><skipped message="Suite splitting in effect" type="pytest.skip">src/pymortests/operators.py:240: Suite splitting in effect</skipped></testcase><testcase classname="src.pymortests.operators" file="src/pymortests/operators.py" line="240" name="test_project_with_product_2[&lt;lambda&gt;27]" time="0.0005412101745605469"><skipped message="Suite splitting in effect" type="pytest.skip">src/pymortests/operators.py:240: Suite splitting in effect</skipped></testcase><testcase classname="src.pymortests.operators" file="src/pymortests/operators.py" line="240" name="test_project_with_product_2[&lt;lambda&gt;28]" time="0.0004966259002685547"><skipped message="Suite splitting in effect" type="pytest.skip">src/pymortests/operators.py:240: Suite splitting in effect</skipped></testcase><testcase classname="src.pymortests.operators" file="src/pymortests/operators.py" line="240" name="test_project_with_product_2[&lt;lambda&gt;29]" time="0.0004553794860839844"><skipped message="Suite splitting in effect" type="pytest.skip">src/pymortests/operators.py:240: Suite splitting in effect</skipped></testcase><testcase classname="src.pymortests.operators" file="src/pymortests/operators.py" line="240" name="test_project_with_product_2[&lt;lambda&gt;30]" time="0.0005271434783935547"><skipped message="Suite splitting in effect" type="pytest.skip">src/pymortests/operators.py:240: Suite splitting in effect</skipped></testcase><testcase classname="src.pymortests.operators" file="src/pymortests/operators.py" line="240" name="test_project_with_product_2[&lt;lambda&gt;31]" time="0.0009341239929199219"><skipped message="Suite splitting in effect" type="pytest.skip">src/pymortests/operators.py:240: Suite splitting in effect</skipped></testcase><testcase classname="src.pymortests.operators" file="src/pymortests/operators.py" line="240" name="test_project_with_product_2[&lt;lambda&gt;32]" time="0.0005652904510498047"><skipped message="Suite splitting in effect" type="pytest.skip">src/pymortests/operators.py:240: Suite splitting in effect</skipped></testcase><testcase classname="src.pymortests.operators" file="src/pymortests/operators.py" line="240" name="test_project_with_product_2[&lt;lambda&gt;33]" time="0.00047969818115234375"><skipped message="Suite splitting in effect" type="pytest.skip">src/pymortests/operators.py:240: Suite splitting in effect</skipped></testcase><testcase classname="src.pymortests.operators" file="src/pymortests/operators.py" line="240" name="test_project_with_product_2[&lt;lambda&gt;34]" time="0.00046563148498535156"><skipped message="Suite splitting in effect" type="pytest.skip">src/pymortests/operators.py:240: Suite splitting in effect</skipped></testcase><testcase classname="src.pymortests.operators" file="src/pymortests/operators.py" line="240" name="test_project_with_product_2[&lt;lambda&gt;35]" time="0.0004971027374267578"><skipped message="Suite splitting in effect" type="pytest.skip">src/pymortests/operators.py:240: Suite splitting in effect</skipped></testcase><testcase classname="src.pymortests.operators" file="src/pymortests/operators.py" line="240" name="test_project_with_product_2[&lt;lambda&gt;36]" time="0.0004451274871826172"><skipped message="Suite splitting in effect" type="pytest.skip">src/pymortests/operators.py:240: Suite splitting in effect</skipped></testcase><testcase classname="src.pymortests.operators" file="src/pymortests/operators.py" line="256" name="test_jacobian[&lt;lambda&gt;0]" time="0.00047659873962402344"><skipped message="Suite splitting in effect" type="pytest.skip">src/pymortests/operators.py:256: Suite splitting in effect</skipped></testcase><testcase classname="src.pymortests.operators" file="src/pymortests/operators.py" line="256" name="test_jacobian[&lt;lambda&gt;1]" time="0.0005164146423339844"><skipped message="Suite splitting in effect" type="pytest.skip">src/pymortests/operators.py:256: Suite splitting in effect</skipped></testcase><testcase classname="src.pymortests.operators" file="src/pymortests/operators.py" line="256" name="test_jacobian[&lt;lambda&gt;2]" time="0.0008471012115478516"><skipped message="Suite splitting in effect" type="pytest.skip">src/pymortests/operators.py:256: Suite splitting in effect</skipped></testcase><testcase classname="src.pymortests.operators" file="src/pymortests/operators.py" line="256" name="test_jacobian[&lt;lambda&gt;3]" time="0.0004916191101074219"><skipped message="Suite splitting in effect" type="pytest.skip">src/pymortests/operators.py:256: Suite splitting in effect</skipped></testcase><testcase classname="src.pymortests.operators" file="src/pymortests/operators.py" line="256" name="test_jacobian[&lt;lambda&gt;4]" time="0.0005354881286621094"><skipped message="Suite splitting in effect" type="pytest.skip">src/pymortests/operators.py:256: Suite splitting in effect</skipped></testcase><testcase classname="src.pymortests.operators" file="src/pymortests/operators.py" line="256" name="test_jacobian[&lt;lambda&gt;5]" time="0.0005159378051757812"><skipped message="Suite splitting in effect" type="pytest.skip">src/pymortests/operators.py:256: Suite splitting in effect</skipped></testcase><testcase classname="src.pymortests.operators" file="src/pymortests/operators.py" line="256" name="test_jacobian[&lt;lambda&gt;6]" time="0.0004444122314453125"><skipped message="Suite splitting in effect" type="pytest.skip">src/pymortests/operators.py:256: Suite splitting in effect</skipped></testcase><testcase classname="src.pymortests.operators" file="src/pymortests/operators.py" line="256" name="test_jacobian[&lt;lambda&gt;7]" time="0.0004994869232177734"><skipped message="Suite splitting in effect" type="pytest.skip">src/pymortests/operators.py:256: Suite splitting in effect</skipped></testcase><testcase classname="src.pymortests.operators" file="src/pymortests/operators.py" line="256" name="test_jacobian[&lt;lambda&gt;8]" time="0.0005223751068115234"><skipped message="Suite splitting in effect" type="pytest.skip">src/pymortests/operators.py:256: Suite splitting in effect</skipped></testcase><testcase classname="src.pymortests.operators" file="src/pymortests/operators.py" line="256" name="test_jacobian[&lt;lambda&gt;9]" time="0.0004353523254394531"><skipped message="Suite splitting in effect" type="pytest.skip">src/pymortests/operators.py:256: Suite splitting in effect</skipped></testcase><testcase classname="src.pymortests.operators" file="src/pymortests/operators.py" line="256" name="test_jacobian[&lt;lambda&gt;10]" time="0.0010521411895751953"><skipped message="Suite splitting in effect" type="pytest.skip">src/pymortests/operators.py:256: Suite splitting in effect</skipped></testcase><testcase classname="src.pymortests.operators" file="src/pymortests/operators.py" line="256" name="test_jacobian[&lt;lambda&gt;11]" time="0.0004763603210449219"><skipped message="Suite splitting in effect" type="pytest.skip">src/pymortests/operators.py:256: Suite splitting in effect</skipped></testcase><testcase classname="src.pymortests.operators" file="src/pymortests/operators.py" line="256" name="test_jacobian[&lt;lambda&gt;12]" time="0.0005631446838378906"><skipped message="Suite splitting in effect" type="pytest.skip">src/pymortests/operators.py:256: Suite splitting in effect</skipped></testcase><testcase classname="src.pymortests.operators" file="src/pymortests/operators.py" line="256" name="test_jacobian[&lt;lambda&gt;13]" time="0.0005526542663574219"><skipped message="Suite splitting in effect" type="pytest.skip">src/pymortests/operators.py:256: Suite splitting in effect</skipped></testcase><testcase classname="src.pymortests.operators" file="src/pymortests/operators.py" line="256" name="test_jacobian[&lt;lambda&gt;14]" time="0.0004699230194091797"><skipped message="Suite splitting in effect" type="pytest.skip">src/pymortests/operators.py:256: Suite splitting in effect</skipped></testcase><testcase classname="src.pymortests.operators" file="src/pymortests/operators.py" line="256" name="test_jacobian[&lt;lambda&gt;15]" time="0.0005023479461669922"><skipped message="Suite splitting in effect" type="pytest.skip">src/pymortests/operators.py:256: Suite splitting in effect</skipped></testcase><testcase classname="src.pymortests.operators" file="src/pymortests/operators.py" line="256" name="test_jacobian[&lt;lambda&gt;16]" time="0.00049591064453125"><skipped message="Suite splitting in effect" type="pytest.skip">src/pymortests/operators.py:256: Suite splitting in effect</skipped></testcase><testcase classname="src.pymortests.operators" file="src/pymortests/operators.py" line="256" name="test_jacobian[&lt;lambda&gt;17]" time="0.0004475116729736328"><skipped message="Suite splitting in effect" type="pytest.skip">src/pymortests/operators.py:256: Suite splitting in effect</skipped></testcase><testcase classname="src.pymortests.operators" file="src/pymortests/operators.py" line="256" name="test_jacobian[&lt;lambda&gt;18]" time="0.0008463859558105469"><skipped message="Suite splitting in effect" type="pytest.skip">src/pymortests/operators.py:256: Suite splitting in effect</skipped></testcase><testcase classname="src.pymortests.operators" file="src/pymortests/operators.py" line="256" name="test_jacobian[&lt;lambda&gt;19]" time="0.0005271434783935547"><skipped message="Suite splitting in effect" type="pytest.skip">src/pymortests/operators.py:256: Suite splitting in effect</skipped></testcase><testcase classname="src.pymortests.operators" file="src/pymortests/operators.py" line="256" name="test_jacobian[&lt;lambda&gt;20]" time="0.0005424022674560547"><skipped message="Suite splitting in effect" type="pytest.skip">src/pymortests/operators.py:256: Suite splitting in effect</skipped></testcase><testcase classname="src.pymortests.operators" file="src/pymortests/operators.py" line="256" name="test_jacobian[&lt;lambda&gt;21]" time="0.000530242919921875"><skipped message="Suite splitting in effect" type="pytest.skip">src/pymortests/operators.py:256: Suite splitting in effect</skipped></testcase><testcase classname="src.pymortests.operators" file="src/pymortests/operators.py" line="256" name="test_jacobian[&lt;lambda&gt;22]" time="0.0004687309265136719"><skipped message="Suite splitting in effect" type="pytest.skip">src/pymortests/operators.py:256: Suite splitting in effect</skipped></testcase><testcase classname="src.pymortests.operators" file="src/pymortests/operators.py" line="256" name="test_jacobian[&lt;lambda&gt;23]" time="0.0005276203155517578"><skipped message="Suite splitting in effect" type="pytest.skip">src/pymortests/operators.py:256: Suite splitting in effect</skipped></testcase><testcase classname="src.pymortests.operators" file="src/pymortests/operators.py" line="256" name="test_jacobian[&lt;lambda&gt;24]" time="0.0005548000335693359"><skipped message="Suite splitting in effect" type="pytest.skip">src/pymortests/operators.py:256: Suite splitting in effect</skipped></testcase><testcase classname="src.pymortests.operators" file="src/pymortests/operators.py" line="256" name="test_jacobian[&lt;lambda&gt;25]" time="0.0004563331604003906"><skipped message="Suite splitting in effect" type="pytest.skip">src/pymortests/operators.py:256: Suite splitting in effect</skipped></testcase><testcase classname="src.pymortests.operators" file="src/pymortests/operators.py" line="256" name="test_jacobian[&lt;lambda&gt;26]" time="0.0012745857238769531"><skipped message="Suite splitting in effect" type="pytest.skip">src/pymortests/operators.py:256: Suite splitting in effect</skipped></testcase><testcase classname="src.pymortests.operators" file="src/pymortests/operators.py" line="256" name="test_jacobian[&lt;lambda&gt;27]" time="0.0005941390991210938"><skipped message="Suite splitting in effect" type="pytest.skip">src/pymortests/operators.py:256: Suite splitting in effect</skipped></testcase><testcase classname="src.pymortests.operators" file="src/pymortests/operators.py" line="256" name="test_jacobian[&lt;lambda&gt;28]" time="0.00046896934509277344"><skipped message="Suite splitting in effect" type="pytest.skip">src/pymortests/operators.py:256: Suite splitting in effect</skipped></testcase><testcase classname="src.pymortests.operators" file="src/pymortests/operators.py" line="256" name="test_jacobian[&lt;lambda&gt;29]" time="0.0005118846893310547"><skipped message="Suite splitting in effect" type="pytest.skip">src/pymortests/operators.py:256: Suite splitting in effect</skipped></testcase><testcase classname="src.pymortests.operators" file="src/pymortests/operators.py" line="256" name="test_jacobian[&lt;lambda&gt;30]" time="0.0005409717559814453"><skipped message="Suite splitting in effect" type="pytest.skip">src/pymortests/operators.py:256: Suite splitting in effect</skipped></testcase><testcase classname="src.pymortests.operators" file="src/pymortests/operators.py" line="256" name="test_jacobian[&lt;lambda&gt;31]" time="0.00046634674072265625"><skipped message="Suite splitting in effect" type="pytest.skip">src/pymortests/operators.py:256: Suite splitting in effect</skipped></testcase><testcase classname="src.pymortests.operators" file="src/pymortests/operators.py" line="256" name="test_jacobian[&lt;lambda&gt;32]" time="0.0005619525909423828"><skipped message="Suite splitting in effect" type="pytest.skip">src/pymortests/operators.py:256: Suite splitting in effect</skipped></testcase><testcase classname="src.pymortests.operators" file="src/pymortests/operators.py" line="256" name="test_jacobian[&lt;lambda&gt;33]" time="0.0005593299865722656"><skipped message="Suite splitting in effect" type="pytest.skip">src/pymortests/operators.py:256: Suite splitting in effect</skipped></testcase><testcase classname="src.pymortests.operators" file="src/pymortests/operators.py" line="256" name="test_jacobian[&lt;lambda&gt;34]" time="0.0008671283721923828"><skipped message="Suite splitting in effect" type="pytest.skip">src/pymortests/operators.py:256: Suite splitting in effect</skipped></testcase><testcase classname="src.pymortests.operators" file="src/pymortests/operators.py" line="256" name="test_jacobian[&lt;lambda&gt;35]" time="0.0005221366882324219"><skipped message="Suite splitting in effect" type="pytest.skip">src/pymortests/operators.py:256: Suite splitting in effect</skipped></testcase><testcase classname="src.pymortests.operators" file="src/pymortests/operators.py" line="256" name="test_jacobian[&lt;lambda&gt;36]" time="0.0004980564117431641"><skipped message="Suite splitting in effect" type="pytest.skip">src/pymortests/operators.py:256: Suite splitting in effect</skipped></testcase><testcase classname="src.pymortests.operators" file="src/pymortests/operators.py" line="256" name="test_jacobian[&lt;lambda&gt;37]" time="0.0005259513854980469"><skipped message="Suite splitting in effect" type="pytest.skip">src/pymortests/operators.py:256: Suite splitting in effect</skipped></testcase><testcase classname="src.pymortests.operators" file="src/pymortests/operators.py" line="256" name="test_jacobian[&lt;lambda&gt;38]" time="0.00044989585876464844"><skipped message="Suite splitting in effect" type="pytest.skip">src/pymortests/operators.py:256: Suite splitting in effect</skipped></testcase><testcase classname="src.pymortests.operators" file="src/pymortests/operators.py" line="256" name="test_jacobian[&lt;lambda&gt;39]" time="0.00048279762268066406"><skipped message="Suite splitting in effect" type="pytest.skip">src/pymortests/operators.py:256: Suite splitting in effect</skipped></testcase><testcase classname="src.pymortests.operators" file="src/pymortests/operators.py" line="256" name="test_jacobian[&lt;lambda&gt;40]" time="0.0004978179931640625"><skipped message="Suite splitting in effect" type="pytest.skip">src/pymortests/operators.py:256: Suite splitting in effect</skipped></testcase><testcase classname="src.pymortests.operators" file="src/pymortests/operators.py" line="269" name="test_assemble[&lt;lambda&gt;0]" time="0.0005080699920654297"><skipped message="Suite splitting in effect" type="pytest.skip">src/pymortests/operators.py:269: Suite splitting in effect</skipped></testcase><testcase classname="src.pymortests.operators" file="src/pymortests/operators.py" line="269" name="test_assemble[&lt;lambda&gt;1]" time="0.0007953643798828125"><skipped message="Suite splitting in effect" type="pytest.skip">src/pymortests/operators.py:269: Suite splitting in effect</skipped></testcase><testcase classname="src.pymortests.operators" file="src/pymortests/operators.py" line="269" name="test_assemble[&lt;lambda&gt;2]" time="0.0005269050598144531"><skipped message="Suite splitting in effect" type="pytest.skip">src/pymortests/operators.py:269: Suite splitting in effect</skipped></testcase><testcase classname="src.pymortests.operators" file="src/pymortests/operators.py" line="269" name="test_assemble[&lt;lambda&gt;3]" time="0.0005295276641845703"><skipped message="Suite splitting in effect" type="pytest.skip">src/pymortests/operators.py:269: Suite splitting in effect</skipped></testcase><testcase classname="src.pymortests.operators" file="src/pymortests/operators.py" line="269" name="test_assemble[&lt;lambda&gt;4]" time="0.00046539306640625"><skipped message="Suite splitting in effect" type="pytest.skip">src/pymortests/operators.py:269: Suite splitting in effect</skipped></testcase><testcase classname="src.pymortests.operators" file="src/pymortests/operators.py" line="269" name="test_assemble[&lt;lambda&gt;5]" time="0.0005373954772949219"><skipped message="Suite splitting in effect" type="pytest.skip">src/pymortests/operators.py:269: Suite splitting in effect</skipped></testcase><testcase classname="src.pymortests.operators" file="src/pymortests/operators.py" line="269" name="test_assemble[&lt;lambda&gt;6]" time="0.0005369186401367188"><skipped message="Suite splitting in effect" type="pytest.skip">src/pymortests/operators.py:269: Suite splitting in effect</skipped></testcase><testcase classname="src.pymortests.operators" file="src/pymortests/operators.py" line="269" name="test_assemble[&lt;lambda&gt;7]" time="0.0004684925079345703"><skipped message="Suite splitting in effect" type="pytest.skip">src/pymortests/operators.py:269: Suite splitting in effect</skipped></testcase><testcase classname="src.pymortests.operators" file="src/pymortests/operators.py" line="269" name="test_assemble[&lt;lambda&gt;8]" time="0.000514984130859375"><skipped message="Suite splitting in effect" type="pytest.skip">src/pymortests/operators.py:269: Suite splitting in effect</skipped></testcase><testcase classname="src.pymortests.operators" file="src/pymortests/operators.py" line="269" name="test_assemble[&lt;lambda&gt;9]" time="0.00102996826171875"><skipped message="Suite splitting in effect" type="pytest.skip">src/pymortests/operators.py:269: Suite splitting in effect</skipped></testcase><testcase classname="src.pymortests.operators" file="src/pymortests/operators.py" line="269" name="test_assemble[&lt;lambda&gt;10]" time="0.0004248619079589844"><skipped message="Suite splitting in effect" type="pytest.skip">src/pymortests/operators.py:269: Suite splitting in effect</skipped></testcase><testcase classname="src.pymortests.operators" file="src/pymortests/operators.py" line="269" name="test_assemble[&lt;lambda&gt;11]" time="0.0004584789276123047"><skipped message="Suite splitting in effect" type="pytest.skip">src/pymortests/operators.py:269: Suite splitting in effect</skipped></testcase><testcase classname="src.pymortests.operators" file="src/pymortests/operators.py" line="269" name="test_assemble[&lt;lambda&gt;12]" time="0.0004985332489013672"><skipped message="Suite splitting in effect" type="pytest.skip">src/pymortests/operators.py:269: Suite splitting in effect</skipped></testcase><testcase classname="src.pymortests.operators" file="src/pymortests/operators.py" line="269" name="test_assemble[&lt;lambda&gt;13]" time="0.0004999637603759766"><skipped message="Suite splitting in effect" type="pytest.skip">src/pymortests/operators.py:269: Suite splitting in effect</skipped></testcase><testcase classname="src.pymortests.operators" file="src/pymortests/operators.py" line="269" name="test_assemble[&lt;lambda&gt;14]" time="0.0004677772521972656"><skipped message="Suite splitting in effect" type="pytest.skip">src/pymortests/operators.py:269: Suite splitting in effect</skipped></testcase><testcase classname="src.pymortests.operators" file="src/pymortests/operators.py" line="269" name="test_assemble[&lt;lambda&gt;15]" time="0.0005261898040771484"><skipped message="Suite splitting in effect" type="pytest.skip">src/pymortests/operators.py:269: Suite splitting in effect</skipped></testcase><testcase classname="src.pymortests.operators" file="src/pymortests/operators.py" line="269" name="test_assemble[&lt;lambda&gt;16]" time="0.00047278404235839844"><skipped message="Suite splitting in effect" type="pytest.skip">src/pymortests/operators.py:269: Suite splitting in effect</skipped></testcase><testcase classname="src.pymortests.operators" file="src/pymortests/operators.py" line="269" name="test_assemble[&lt;lambda&gt;17]" time="0.0010035037994384766"><skipped message="Suite splitting in effect" type="pytest.skip">src/pymortests/operators.py:269: Suite splitting in effect</skipped></testcase><testcase classname="src.pymortests.operators" file="src/pymortests/operators.py" line="269" name="test_assemble[&lt;lambda&gt;18]" time="0.0004723072052001953"><skipped message="Suite splitting in effect" type="pytest.skip">src/pymortests/operators.py:269: Suite splitting in effect</skipped></testcase><testcase classname="src.pymortests.operators" file="src/pymortests/operators.py" line="269" name="test_assemble[&lt;lambda&gt;19]" time="0.0004849433898925781"><skipped message="Suite splitting in effect" type="pytest.skip">src/pymortests/operators.py:269: Suite splitting in effect</skipped></testcase><testcase classname="src.pymortests.operators" file="src/pymortests/operators.py" line="269" name="test_assemble[&lt;lambda&gt;20]" time="0.0005409717559814453"><skipped message="Suite splitting in effect" type="pytest.skip">src/pymortests/operators.py:269: Suite splitting in effect</skipped></testcase><testcase classname="src.pymortests.operators" file="src/pymortests/operators.py" line="269" name="test_assemble[&lt;lambda&gt;21]" time="0.00042891502380371094"><skipped message="Suite splitting in effect" type="pytest.skip">src/pymortests/operators.py:269: Suite splitting in effect</skipped></testcase><testcase classname="src.pymortests.operators" file="src/pymortests/operators.py" line="269" name="test_assemble[&lt;lambda&gt;22]" time="0.0005354881286621094"><skipped message="Suite splitting in effect" type="pytest.skip">src/pymortests/operators.py:269: Suite splitting in effect</skipped></testcase><testcase classname="src.pymortests.operators" file="src/pymortests/operators.py" line="269" name="test_assemble[&lt;lambda&gt;23]" time="0.000499725341796875"><skipped message="Suite splitting in effect" type="pytest.skip">src/pymortests/operators.py:269: Suite splitting in effect</skipped></testcase><testcase classname="src.pymortests.operators" file="src/pymortests/operators.py" line="269" name="test_assemble[&lt;lambda&gt;24]" time="0.0004894733428955078"><skipped message="Suite splitting in effect" type="pytest.skip">src/pymortests/operators.py:269: Suite splitting in effect</skipped></testcase><testcase classname="src.pymortests.operators" file="src/pymortests/operators.py" line="269" name="test_assemble[&lt;lambda&gt;25]" time="0.0007584095001220703"><skipped message="Suite splitting in effect" type="pytest.skip">src/pymortests/operators.py:269: Suite splitting in effect</skipped></testcase><testcase classname="src.pymortests.operators" file="src/pymortests/operators.py" line="269" name="test_assemble[&lt;lambda&gt;26]" time="0.0005335807800292969"><skipped message="Suite splitting in effect" type="pytest.skip">src/pymortests/operators.py:269: Suite splitting in effect</skipped></testcase><testcase classname="src.pymortests.operators" file="src/pymortests/operators.py" line="269" name="test_assemble[&lt;lambda&gt;27]" time="0.0005178451538085938"><skipped message="Suite splitting in effect" type="pytest.skip">src/pymortests/operators.py:269: Suite splitting in effect</skipped></testcase><testcase classname="src.pymortests.operators" file="src/pymortests/operators.py" line="269" name="test_assemble[&lt;lambda&gt;28]" time="0.00047898292541503906"><skipped message="Suite splitting in effect" type="pytest.skip">src/pymortests/operators.py:269: Suite splitting in effect</skipped></testcase><testcase classname="src.pymortests.operators" file="src/pymortests/operators.py" line="269" name="test_assemble[&lt;lambda&gt;29]" time="0.0004951953887939453"><skipped message="Suite splitting in effect" type="pytest.skip">src/pymortests/operators.py:269: Suite splitting in effect</skipped></testcase><testcase classname="src.pymortests.operators" file="src/pymortests/operators.py" line="269" name="test_assemble[&lt;lambda&gt;30]" time="0.0004775524139404297"><skipped message="Suite splitting in effect" type="pytest.skip">src/pymortests/operators.py:269: Suite splitting in effect</skipped></testcase><testcase classname="src.pymortests.operators" file="src/pymortests/operators.py" line="269" name="test_assemble[&lt;lambda&gt;31]" time="0.0004730224609375"><skipped message="Suite splitting in effect" type="pytest.skip">src/pymortests/operators.py:269: Suite splitting in effect</skipped></testcase><testcase classname="src.pymortests.operators" file="src/pymortests/operators.py" line="269" name="test_assemble[&lt;lambda&gt;32]" time="0.00043654441833496094"><skipped message="Suite splitting in effect" type="pytest.skip">src/pymortests/operators.py:269: Suite splitting in effect</skipped></testcase><testcase classname="src.pymortests.operators" file="src/pymortests/operators.py" line="269" name="test_assemble[&lt;lambda&gt;33]" time="0.00092315673828125"><skipped message="Suite splitting in effect" type="pytest.skip">src/pymortests/operators.py:269: Suite splitting in effect</skipped></testcase><testcase classname="src.pymortests.operators" file="src/pymortests/operators.py" line="269" name="test_assemble[&lt;lambda&gt;34]" time="0.0005147457122802734"><skipped message="Suite splitting in effect" type="pytest.skip">src/pymortests/operators.py:269: Suite splitting in effect</skipped></testcase><testcase classname="src.pymortests.operators" file="src/pymortests/operators.py" line="269" name="test_assemble[&lt;lambda&gt;35]" time="0.0004372596740722656"><skipped message="Suite splitting in effect" type="pytest.skip">src/pymortests/operators.py:269: Suite splitting in effect</skipped></testcase><testcase classname="src.pymortests.operators" file="src/pymortests/operators.py" line="269" name="test_assemble[&lt;lambda&gt;36]" time="0.0005011558532714844"><skipped message="Suite splitting in effect" type="pytest.skip">src/pymortests/operators.py:269: Suite splitting in effect</skipped></testcase><testcase classname="src.pymortests.operators" file="src/pymortests/operators.py" line="269" name="test_assemble[&lt;lambda&gt;37]" time="0.0004506111145019531"><skipped message="Suite splitting in effect" type="pytest.skip">src/pymortests/operators.py:269: Suite splitting in effect</skipped></testcase><testcase classname="src.pymortests.operators" file="src/pymortests/operators.py" line="269" name="test_assemble[&lt;lambda&gt;38]" time="0.0004734992980957031"><skipped message="Suite splitting in effect" type="pytest.skip">src/pymortests/operators.py:269: Suite splitting in effect</skipped></testcase><testcase classname="src.pymortests.operators" file="src/pymortests/operators.py" line="269" name="test_assemble[&lt;lambda&gt;39]" time="0.0005464553833007812"><skipped message="Suite splitting in effect" type="pytest.skip">src/pymortests/operators.py:269: Suite splitting in effect</skipped></testcase><testcase classname="src.pymortests.operators" file="src/pymortests/operators.py" line="269" name="test_assemble[&lt;lambda&gt;40]" time="0.0005335807800292969"><skipped message="Suite splitting in effect" type="pytest.skip">src/pymortests/operators.py:269: Suite splitting in effect</skipped></testcase><testcase classname="src.pymortests.operators" file="src/pymortests/operators.py" line="298" name="test_restricted[&lt;lambda&gt;0]" time="0.0009391307830810547"><skipped message="Suite splitting in effect" type="pytest.skip">src/pymortests/operators.py:298: Suite splitting in effect</skipped></testcase><testcase classname="src.pymortests.operators" file="src/pymortests/operators.py" line="298" name="test_restricted[&lt;lambda&gt;1]" time="0.0005688667297363281"><skipped message="Suite splitting in effect" type="pytest.skip">src/pymortests/operators.py:298: Suite splitting in effect</skipped></testcase><testcase classname="src.pymortests.operators" file="src/pymortests/operators.py" line="298" name="test_restricted[&lt;lambda&gt;2]" time="0.0004851818084716797"><skipped message="Suite splitting in effect" type="pytest.skip">src/pymortests/operators.py:298: Suite splitting in effect</skipped></testcase><testcase classname="src.pymortests.operators" file="src/pymortests/operators.py" line="298" name="test_restricted[&lt;lambda&gt;3]" time="0.000530242919921875"><skipped message="Suite splitting in effect" type="pytest.skip">src/pymortests/operators.py:298: Suite splitting in effect</skipped></testcase><testcase classname="src.pymortests.operators" file="src/pymortests/operators.py" line="298" name="test_restricted[&lt;lambda&gt;4]" time="0.0005500316619873047"><skipped message="Suite splitting in effect" type="pytest.skip">src/pymortests/operators.py:298: Suite splitting in effect</skipped></testcase><testcase classname="src.pymortests.operators" file="src/pymortests/operators.py" line="298" name="test_restricted[&lt;lambda&gt;5]" time="0.000492095947265625"><skipped message="Suite splitting in effect" type="pytest.skip">src/pymortests/operators.py:298: Suite splitting in effect</skipped></testcase><testcase classname="src.pymortests.operators" file="src/pymortests/operators.py" line="298" name="test_restricted[&lt;lambda&gt;6]" time="0.00046896934509277344"><skipped message="Suite splitting in effect" type="pytest.skip">src/pymortests/operators.py:298: Suite splitting in effect</skipped></testcase><testcase classname="src.pymortests.operators" file="src/pymortests/operators.py" line="298" name="test_restricted[&lt;lambda&gt;7]" time="0.0005469322204589844"><skipped message="Suite splitting in effect" type="pytest.skip">src/pymortests/operators.py:298: Suite splitting in effect</skipped></testcase><testcase classname="src.pymortests.operators" file="src/pymortests/operators.py" line="298" name="test_restricted[&lt;lambda&gt;8]" time="0.0009238719940185547"><skipped message="Suite splitting in effect" type="pytest.skip">src/pymortests/operators.py:298: Suite splitting in effect</skipped></testcase><testcase classname="src.pymortests.operators" file="src/pymortests/operators.py" line="298" name="test_restricted[&lt;lambda&gt;9]" time="0.0005788803100585938"><skipped message="Suite splitting in effect" type="pytest.skip">src/pymortests/operators.py:298: Suite splitting in effect</skipped></testcase><testcase classname="src.pymortests.operators" file="src/pymortests/operators.py" line="298" name="test_restricted[&lt;lambda&gt;10]" time="0.0004734992980957031"><skipped message="Suite splitting in effect" type="pytest.skip">src/pymortests/operators.py:298: Suite splitting in effect</skipped></testcase><testcase classname="src.pymortests.operators" file="src/pymortests/operators.py" line="298" name="test_restricted[&lt;lambda&gt;11]" time="0.0005273818969726562"><skipped message="Suite splitting in effect" type="pytest.skip">src/pymortests/operators.py:298: Suite splitting in effect</skipped></testcase><testcase classname="src.pymortests.operators" file="src/pymortests/operators.py" line="298" name="test_restricted[&lt;lambda&gt;12]" time="0.0005624294281005859"><skipped message="Suite splitting in effect" type="pytest.skip">src/pymortests/operators.py:298: Suite splitting in effect</skipped></testcase><testcase classname="src.pymortests.operators" file="src/pymortests/operators.py" line="298" name="test_restricted[&lt;lambda&gt;13]" time="0.0006470680236816406"><skipped message="Suite splitting in effect" type="pytest.skip">src/pymortests/operators.py:298: Suite splitting in effect</skipped></testcase><testcase classname="src.pymortests.operators" file="src/pymortests/operators.py" line="298" name="test_restricted[&lt;lambda&gt;14]" time="0.0004887580871582031"><skipped message="Suite splitting in effect" type="pytest.skip">src/pymortests/operators.py:298: Suite splitting in effect</skipped></testcase><testcase classname="src.pymortests.operators" file="src/pymortests/operators.py" line="298" name="test_restricted[&lt;lambda&gt;15]" time="0.0005600452423095703"><skipped message="Suite splitting in effect" type="pytest.skip">src/pymortests/operators.py:298: Suite splitting in effect</skipped></testcase><testcase classname="src.pymortests.operators" file="src/pymortests/operators.py" line="298" name="test_restricted[&lt;lambda&gt;16]" time="0.0009419918060302734"><skipped message="Suite splitting in effect" type="pytest.skip">src/pymortests/operators.py:298: Suite splitting in effect</skipped></testcase><testcase classname="src.pymortests.operators" file="src/pymortests/operators.py" line="298" name="test_restricted[&lt;lambda&gt;17]" time="0.0005619525909423828"><skipped message="Suite splitting in effect" type="pytest.skip">src/pymortests/operators.py:298: Suite splitting in effect</skipped></testcase><testcase classname="src.pymortests.operators" file="src/pymortests/operators.py" line="298" name="test_restricted[&lt;lambda&gt;18]" time="0.00048828125"><skipped message="Suite splitting in effect" type="pytest.skip">src/pymortests/operators.py:298: Suite splitting in effect</skipped></testcase><testcase classname="src.pymortests.operators" file="src/pymortests/operators.py" line="298" name="test_restricted[&lt;lambda&gt;19]" time="0.0004954338073730469"><skipped message="Suite splitting in effect" type="pytest.skip">src/pymortests/operators.py:298: Suite splitting in effect</skipped></testcase><testcase classname="src.pymortests.operators" file="src/pymortests/operators.py" line="298" name="test_restricted[&lt;lambda&gt;20]" time="0.0005555152893066406"><skipped message="Suite splitting in effect" type="pytest.skip">src/pymortests/operators.py:298: Suite splitting in effect</skipped></testcase><testcase classname="src.pymortests.operators" file="src/pymortests/operators.py" line="298" name="test_restricted[&lt;lambda&gt;21]" time="0.0005629062652587891"><skipped message="Suite splitting in effect" type="pytest.skip">src/pymortests/operators.py:298: Suite splitting in effect</skipped></testcase><testcase classname="src.pymortests.operators" file="src/pymortests/operators.py" line="298" name="test_restricted[&lt;lambda&gt;22]" time="0.00048041343688964844"><skipped message="Suite splitting in effect" type="pytest.skip">src/pymortests/operators.py:298: Suite splitting in effect</skipped></testcase><testcase classname="src.pymortests.operators" file="src/pymortests/operators.py" line="298" name="test_restricted[&lt;lambda&gt;23]" time="0.0005319118499755859"><skipped message="Suite splitting in effect" type="pytest.skip">src/pymortests/operators.py:298: Suite splitting in effect</skipped></testcase><testcase classname="src.pymortests.operators" file="src/pymortests/operators.py" line="298" name="test_restricted[&lt;lambda&gt;24]" time="0.0011816024780273438"><skipped message="Suite splitting in effect" type="pytest.skip">src/pymortests/operators.py:298: Suite splitting in effect</skipped></testcase><testcase classname="src.pymortests.operators" file="src/pymortests/operators.py" line="298" name="test_restricted[&lt;lambda&gt;25]" time="0.0005371570587158203"><skipped message="Suite splitting in effect" type="pytest.skip">src/pymortests/operators.py:298: Suite splitting in effect</skipped></testcase><testcase classname="src.pymortests.operators" file="src/pymortests/operators.py" line="298" name="test_restricted[&lt;lambda&gt;26]" time="0.0005862712860107422"><skipped message="Suite splitting in effect" type="pytest.skip">src/pymortests/operators.py:298: Suite splitting in effect</skipped></testcase><testcase classname="src.pymortests.operators" file="src/pymortests/operators.py" line="298" name="test_restricted[&lt;lambda&gt;27]" time="0.0004892349243164062"><skipped message="Suite splitting in effect" type="pytest.skip">src/pymortests/operators.py:298: Suite splitting in effect</skipped></testcase><testcase classname="src.pymortests.operators" file="src/pymortests/operators.py" line="298" name="test_restricted[&lt;lambda&gt;28]" time="0.00048089027404785156"><skipped message="Suite splitting in effect" type="pytest.skip">src/pymortests/operators.py:298: Suite splitting in effect</skipped></testcase><testcase classname="src.pymortests.operators" file="src/pymortests/operators.py" line="298" name="test_restricted[&lt;lambda&gt;29]" time="0.0005393028259277344"><skipped message="Suite splitting in effect" type="pytest.skip">src/pymortests/operators.py:298: Suite splitting in effect</skipped></testcase><testcase classname="src.pymortests.operators" file="src/pymortests/operators.py" line="298" name="test_restricted[&lt;lambda&gt;30]" time="0.0005428791046142578"><skipped message="Suite splitting in effect" type="pytest.skip">src/pymortests/operators.py:298: Suite splitting in effect</skipped></testcase><testcase classname="src.pymortests.operators" file="src/pymortests/operators.py" line="298" name="test_restricted[&lt;lambda&gt;31]" time="0.0004818439483642578"><skipped message="Suite splitting in effect" type="pytest.skip">src/pymortests/operators.py:298: Suite splitting in effect</skipped></testcase><testcase classname="src.pymortests.operators" file="src/pymortests/operators.py" line="298" name="test_restricted[&lt;lambda&gt;32]" time="0.000865936279296875"><skipped message="Suite splitting in effect" type="pytest.skip">src/pymortests/operators.py:298: Suite splitting in effect</skipped></testcase><testcase classname="src.pymortests.operators" file="src/pymortests/operators.py" line="298" name="test_restricted[&lt;lambda&gt;33]" time="0.00047326087951660156"><skipped message="Suite splitting in effect" type="pytest.skip">src/pymortests/operators.py:298: Suite splitting in effect</skipped></testcase><testcase classname="src.pymortests.operators" file="src/pymortests/operators.py" line="298" name="test_restricted[&lt;lambda&gt;34]" time="0.0005502700805664062"><skipped message="Suite splitting in effect" type="pytest.skip">src/pymortests/operators.py:298: Suite splitting in effect</skipped></testcase><testcase classname="src.pymortests.operators" file="src/pymortests/operators.py" line="298" name="test_restricted[&lt;lambda&gt;35]" time="0.0004887580871582031"><skipped message="Suite splitting in effect" type="pytest.skip">src/pymortests/operators.py:298: Suite splitting in effect</skipped></testcase><testcase classname="src.pymortests.operators" file="src/pymortests/operators.py" line="298" name="test_restricted[&lt;lambda&gt;36]" time="0.00047469139099121094"><skipped message="Suite splitting in effect" type="pytest.skip">src/pymortests/operators.py:298: Suite splitting in effect</skipped></testcase><testcase classname="src.pymortests.operators" file="src/pymortests/operators.py" line="298" name="test_restricted[&lt;lambda&gt;37]" time="0.0005295276641845703"><skipped message="Suite splitting in effect" type="pytest.skip">src/pymortests/operators.py:298: Suite splitting in effect</skipped></testcase><testcase classname="src.pymortests.operators" file="src/pymortests/operators.py" line="298" name="test_restricted[&lt;lambda&gt;38]" time="0.0005595684051513672"><skipped message="Suite splitting in effect" type="pytest.skip">src/pymortests/operators.py:298: Suite splitting in effect</skipped></testcase><testcase classname="src.pymortests.operators" file="src/pymortests/operators.py" line="298" name="test_restricted[&lt;lambda&gt;39]" time="0.00046372413635253906"><skipped message="Suite splitting in effect" type="pytest.skip">src/pymortests/operators.py:298: Suite splitting in effect</skipped></testcase><testcase classname="src.pymortests.operators" file="src/pymortests/operators.py" line="298" name="test_restricted[&lt;lambda&gt;40]" time="0.0007758140563964844"><skipped message="Suite splitting in effect" type="pytest.skip">src/pymortests/operators.py:298: Suite splitting in effect</skipped></testcase><testcase classname="src.pymortests.operators" file="src/pymortests/operators.py" line="314" name="test_InverseOperator[&lt;lambda&gt;0]" time="0.0004947185516357422"><skipped message="Suite splitting in effect" type="pytest.skip">src/pymortests/operators.py:314: Suite splitting in effect</skipped></testcase><testcase classname="src.pymortests.operators" file="src/pymortests/operators.py" line="314" name="test_InverseOperator[&lt;lambda&gt;1]" time="0.00044345855712890625"><skipped message="Suite splitting in effect" type="pytest.skip">src/pymortests/operators.py:314: Suite splitting in effect</skipped></testcase><testcase classname="src.pymortests.operators" file="src/pymortests/operators.py" line="314" name="test_InverseOperator[&lt;lambda&gt;2]" time="0.0005273818969726562"><skipped message="Suite splitting in effect" type="pytest.skip">src/pymortests/operators.py:314: Suite splitting in effect</skipped></testcase><testcase classname="src.pymortests.operators" file="src/pymortests/operators.py" line="314" name="test_InverseOperator[&lt;lambda&gt;3]" time="0.0005359649658203125"><skipped message="Suite splitting in effect" type="pytest.skip">src/pymortests/operators.py:314: Suite splitting in effect</skipped></testcase><testcase classname="src.pymortests.operators" file="src/pymortests/operators.py" line="314" name="test_InverseOperator[&lt;lambda&gt;4]" time="0.00049591064453125"><skipped message="Suite splitting in effect" type="pytest.skip">src/pymortests/operators.py:314: Suite splitting in effect</skipped></testcase><testcase classname="src.pymortests.operators" file="src/pymortests/operators.py" line="314" name="test_InverseOperator[&lt;lambda&gt;5]" time="0.0004887580871582031"><skipped message="Suite splitting in effect" type="pytest.skip">src/pymortests/operators.py:314: Suite splitting in effect</skipped></testcase><testcase classname="src.pymortests.operators" file="src/pymortests/operators.py" line="314" name="test_InverseOperator[&lt;lambda&gt;6]" time="0.0005352497100830078"><skipped message="Suite splitting in effect" type="pytest.skip">src/pymortests/operators.py:314: Suite splitting in effect</skipped></testcase><testcase classname="src.pymortests.operators" file="src/pymortests/operators.py" line="314" name="test_InverseOperator[&lt;lambda&gt;7]" time="0.0009288787841796875"><skipped message="Suite splitting in effect" type="pytest.skip">src/pymortests/operators.py:314: Suite splitting in effect</skipped></testcase><testcase classname="src.pymortests.operators" file="src/pymortests/operators.py" line="314" name="test_InverseOperator[&lt;lambda&gt;8]" time="0.0005998611450195312"><skipped message="Suite splitting in effect" type="pytest.skip">src/pymortests/operators.py:314: Suite splitting in effect</skipped></testcase><testcase classname="src.pymortests.operators" file="src/pymortests/operators.py" line="314" name="test_InverseOperator[&lt;lambda&gt;9]" time="0.0004937648773193359"><skipped message="Suite splitting in effect" type="pytest.skip">src/pymortests/operators.py:314: Suite splitting in effect</skipped></testcase><testcase classname="src.pymortests.operators" file="src/pymortests/operators.py" line="314" name="test_InverseOperator[&lt;lambda&gt;10]" time="0.0005729198455810547"><skipped message="Suite splitting in effect" type="pytest.skip">src/pymortests/operators.py:314: Suite splitting in effect</skipped></testcase><testcase classname="src.pymortests.operators" file="src/pymortests/operators.py" line="314" name="test_InverseOperator[&lt;lambda&gt;11]" time="0.000583648681640625"><skipped message="Suite splitting in effect" type="pytest.skip">src/pymortests/operators.py:314: Suite splitting in effect</skipped></testcase><testcase classname="src.pymortests.operators" file="src/pymortests/operators.py" line="314" name="test_InverseOperator[&lt;lambda&gt;12]" time="0.0004520416259765625"><skipped message="Suite splitting in effect" type="pytest.skip">src/pymortests/operators.py:314: Suite splitting in effect</skipped></testcase><testcase classname="src.pymortests.operators" file="src/pymortests/operators.py" line="314" name="test_InverseOperator[&lt;lambda&gt;13]" time="0.000457763671875"><skipped message="Suite splitting in effect" type="pytest.skip">src/pymortests/operators.py:314: Suite splitting in effect</skipped></testcase><testcase classname="src.pymortests.operators" file="src/pymortests/operators.py" line="314" name="test_InverseOperator[&lt;lambda&gt;14]" time="0.00046539306640625"><skipped message="Suite splitting in effect" type="pytest.skip">src/pymortests/operators.py:314: Suite splitting in effect</skipped></testcase><testcase classname="src.pymortests.operators" file="src/pymortests/operators.py" line="314" name="test_InverseOperator[&lt;lambda&gt;15]" time="0.0009694099426269531"><skipped message="Suite splitting in effect" type="pytest.skip">src/pymortests/operators.py:314: Suite splitting in effect</skipped></testcase><testcase classname="src.pymortests.operators" file="src/pymortests/operators.py" line="314" name="test_InverseOperator[&lt;lambda&gt;16]" time="0.00048613548278808594"><skipped message="Suite splitting in effect" type="pytest.skip">src/pymortests/operators.py:314: Suite splitting in effect</skipped></testcase><testcase classname="src.pymortests.operators" file="src/pymortests/operators.py" line="314" name="test_InverseOperator[&lt;lambda&gt;17]" time="0.0005125999450683594"><skipped message="Suite splitting in effect" type="pytest.skip">src/pymortests/operators.py:314: Suite splitting in effect</skipped></testcase><testcase classname="src.pymortests.operators" file="src/pymortests/operators.py" line="314" name="test_InverseOperator[&lt;lambda&gt;18]" time="0.0005590915679931641"><skipped message="Suite splitting in effect" type="pytest.skip">src/pymortests/operators.py:314: Suite splitting in effect</skipped></testcase><testcase classname="src.pymortests.operators" file="src/pymortests/operators.py" line="314" name="test_InverseOperator[&lt;lambda&gt;19]" time="0.0005543231964111328"><skipped message="Suite splitting in effect" type="pytest.skip">src/pymortests/operators.py:314: Suite splitting in effect</skipped></testcase><testcase classname="src.pymortests.operators" file="src/pymortests/operators.py" line="314" name="test_InverseOperator[&lt;lambda&gt;20]" time="0.00048041343688964844"><skipped message="Suite splitting in effect" type="pytest.skip">src/pymortests/operators.py:314: Suite splitting in effect</skipped></testcase><testcase classname="src.pymortests.operators" file="src/pymortests/operators.py" line="314" name="test_InverseOperator[&lt;lambda&gt;21]" time="0.0005428791046142578"><skipped message="Suite splitting in effect" type="pytest.skip">src/pymortests/operators.py:314: Suite splitting in effect</skipped></testcase><testcase classname="src.pymortests.operators" file="src/pymortests/operators.py" line="314" name="test_InverseOperator[&lt;lambda&gt;22]" time="0.0005645751953125"><skipped message="Suite splitting in effect" type="pytest.skip">src/pymortests/operators.py:314: Suite splitting in effect</skipped></testcase><testcase classname="src.pymortests.operators" file="src/pymortests/operators.py" line="314" name="test_InverseOperator[&lt;lambda&gt;23]" time="0.000982046127319336"><skipped message="Suite splitting in effect" type="pytest.skip">src/pymortests/operators.py:314: Suite splitting in effect</skipped></testcase><testcase classname="src.pymortests.operators" file="src/pymortests/operators.py" line="314" name="test_InverseOperator[&lt;lambda&gt;24]" time="0.0005414485931396484"><skipped message="Suite splitting in effect" type="pytest.skip">src/pymortests/operators.py:314: Suite splitting in effect</skipped></testcase><testcase classname="src.pymortests.operators" file="src/pymortests/operators.py" line="314" name="test_InverseOperator[&lt;lambda&gt;25]" time="0.00048422813415527344"><skipped message="Suite splitting in effect" type="pytest.skip">src/pymortests/operators.py:314: Suite splitting in effect</skipped></testcase><testcase classname="src.pymortests.operators" file="src/pymortests/operators.py" line="314" name="test_InverseOperator[&lt;lambda&gt;26]" time="0.0005359649658203125"><skipped message="Suite splitting in effect" type="pytest.skip">src/pymortests/operators.py:314: Suite splitting in effect</skipped></testcase><testcase classname="src.pymortests.operators" file="src/pymortests/operators.py" line="314" name="test_InverseOperator[&lt;lambda&gt;27]" time="0.0005285739898681641"><skipped message="Suite splitting in effect" type="pytest.skip">src/pymortests/operators.py:314: Suite splitting in effect</skipped></testcase><testcase classname="src.pymortests.operators" file="src/pymortests/operators.py" line="314" name="test_InverseOperator[&lt;lambda&gt;28]" time="0.00047397613525390625"><skipped message="Suite splitting in effect" type="pytest.skip">src/pymortests/operators.py:314: Suite splitting in effect</skipped></testcase><testcase classname="src.pymortests.operators" file="src/pymortests/operators.py" line="314" name="test_InverseOperator[&lt;lambda&gt;29]" time="0.0005202293395996094"><skipped message="Suite splitting in effect" type="pytest.skip">src/pymortests/operators.py:314: Suite splitting in effect</skipped></testcase><testcase classname="src.pymortests.operators" file="src/pymortests/operators.py" line="314" name="test_InverseOperator[&lt;lambda&gt;30]" time="0.0005350112915039062"><skipped message="Suite splitting in effect" type="pytest.skip">src/pymortests/operators.py:314: Suite splitting in effect</skipped></testcase><testcase classname="src.pymortests.operators" file="src/pymortests/operators.py" line="314" name="test_InverseOperator[&lt;lambda&gt;31]" time="0.0010807514190673828"><skipped message="Suite splitting in effect" type="pytest.skip">src/pymortests/operators.py:314: Suite splitting in effect</skipped></testcase><testcase classname="src.pymortests.operators" file="src/pymortests/operators.py" line="314" name="test_InverseOperator[&lt;lambda&gt;32]" time="0.0005292892456054688"><skipped message="Suite splitting in effect" type="pytest.skip">src/pymortests/operators.py:314: Suite splitting in effect</skipped></testcase><testcase classname="src.pymortests.operators" file="src/pymortests/operators.py" line="314" name="test_InverseOperator[&lt;lambda&gt;33]" time="0.0005426406860351562"><skipped message="Suite splitting in effect" type="pytest.skip">src/pymortests/operators.py:314: Suite splitting in effect</skipped></testcase><testcase classname="src.pymortests.operators" file="src/pymortests/operators.py" line="314" name="test_InverseOperator[&lt;lambda&gt;34]" time="0.0004990100860595703"><skipped message="Suite splitting in effect" type="pytest.skip">src/pymortests/operators.py:314: Suite splitting in effect</skipped></testcase><testcase classname="src.pymortests.operators" file="src/pymortests/operators.py" line="314" name="test_InverseOperator[&lt;lambda&gt;35]" time="0.0005328655242919922"><skipped message="Suite splitting in effect" type="pytest.skip">src/pymortests/operators.py:314: Suite splitting in effect</skipped></testcase><testcase classname="src.pymortests.operators" file="src/pymortests/operators.py" line="314" name="test_InverseOperator[&lt;lambda&gt;36]" time="0.0005369186401367188"><skipped message="Suite splitting in effect" type="pytest.skip">src/pymortests/operators.py:314: Suite splitting in effect</skipped></testcase><testcase classname="src.pymortests.operators" file="src/pymortests/operators.py" line="314" name="test_InverseOperator[&lt;lambda&gt;37]" time="0.0004513263702392578"><skipped message="Suite splitting in effect" type="pytest.skip">src/pymortests/operators.py:314: Suite splitting in effect</skipped></testcase><testcase classname="src.pymortests.operators" file="src/pymortests/operators.py" line="314" name="test_InverseOperator[&lt;lambda&gt;38]" time="0.0005350112915039062"><skipped message="Suite splitting in effect" type="pytest.skip">src/pymortests/operators.py:314: Suite splitting in effect</skipped></testcase><testcase classname="src.pymortests.operators" file="src/pymortests/operators.py" line="314" name="test_InverseOperator[&lt;lambda&gt;39]" time="0.0009074211120605469"><skipped message="Suite splitting in effect" type="pytest.skip">src/pymortests/operators.py:314: Suite splitting in effect</skipped></testcase><testcase classname="src.pymortests.operators" file="src/pymortests/operators.py" line="314" name="test_InverseOperator[&lt;lambda&gt;40]" time="0.0004725456237792969"><skipped message="Suite splitting in effect" type="pytest.skip">src/pymortests/operators.py:314: Suite splitting in effect</skipped></testcase><testcase classname="src.pymortests.operators" file="src/pymortests/operators.py" line="339" name="test_InverseAdjointOperator[&lt;lambda&gt;0]" time="0.0004646778106689453"><skipped message="Suite splitting in effect" type="pytest.skip">src/pymortests/operators.py:339: Suite splitting in effect</skipped></testcase><testcase classname="src.pymortests.operators" file="src/pymortests/operators.py" line="339" name="test_InverseAdjointOperator[&lt;lambda&gt;1]" time="0.00043582916259765625"><skipped message="Suite splitting in effect" type="pytest.skip">src/pymortests/operators.py:339: Suite splitting in effect</skipped></testcase><testcase classname="src.pymortests.operators" file="src/pymortests/operators.py" line="339" name="test_InverseAdjointOperator[&lt;lambda&gt;2]" time="0.0004889965057373047"><skipped message="Suite splitting in effect" type="pytest.skip">src/pymortests/operators.py:339: Suite splitting in effect</skipped></testcase><testcase classname="src.pymortests.operators" file="src/pymortests/operators.py" line="339" name="test_InverseAdjointOperator[&lt;lambda&gt;3]" time="0.0005333423614501953"><skipped message="Suite splitting in effect" type="pytest.skip">src/pymortests/operators.py:339: Suite splitting in effect</skipped></testcase><testcase classname="src.pymortests.operators" file="src/pymortests/operators.py" line="339" name="test_InverseAdjointOperator[&lt;lambda&gt;4]" time="0.0005896091461181641"><skipped message="Suite splitting in effect" type="pytest.skip">src/pymortests/operators.py:339: Suite splitting in effect</skipped></testcase><testcase classname="src.pymortests.operators" file="src/pymortests/operators.py" line="339" name="test_InverseAdjointOperator[&lt;lambda&gt;5]" time="0.0005669593811035156"><skipped message="Suite splitting in effect" type="pytest.skip">src/pymortests/operators.py:339: Suite splitting in effect</skipped></testcase><testcase classname="src.pymortests.operators" file="src/pymortests/operators.py" line="339" name="test_InverseAdjointOperator[&lt;lambda&gt;6]" time="0.0008869171142578125"><skipped message="Suite splitting in effect" type="pytest.skip">src/pymortests/operators.py:339: Suite splitting in effect</skipped></testcase><testcase classname="src.pymortests.operators" file="src/pymortests/operators.py" line="339" name="test_InverseAdjointOperator[&lt;lambda&gt;7]" time="0.0004603862762451172"><skipped message="Suite splitting in effect" type="pytest.skip">src/pymortests/operators.py:339: Suite splitting in effect</skipped></testcase><testcase classname="src.pymortests.operators" file="src/pymortests/operators.py" line="339" name="test_InverseAdjointOperator[&lt;lambda&gt;8]" time="0.0005364418029785156"><skipped message="Suite splitting in effect" type="pytest.skip">src/pymortests/operators.py:339: Suite splitting in effect</skipped></testcase><testcase classname="src.pymortests.operators" file="src/pymortests/operators.py" line="339" name="test_InverseAdjointOperator[&lt;lambda&gt;9]" time="0.0005681514739990234"><skipped message="Suite splitting in effect" type="pytest.skip">src/pymortests/operators.py:339: Suite splitting in effect</skipped></testcase><testcase classname="src.pymortests.operators" file="src/pymortests/operators.py" line="339" name="test_InverseAdjointOperator[&lt;lambda&gt;10]" time="0.0004980564117431641"><skipped message="Suite splitting in effect" type="pytest.skip">src/pymortests/operators.py:339: Suite splitting in effect</skipped></testcase><testcase classname="src.pymortests.operators" file="src/pymortests/operators.py" line="339" name="test_InverseAdjointOperator[&lt;lambda&gt;11]" time="0.0005185604095458984"><skipped message="Suite splitting in effect" type="pytest.skip">src/pymortests/operators.py:339: Suite splitting in effect</skipped></testcase><testcase classname="src.pymortests.operators" file="src/pymortests/operators.py" line="339" name="test_InverseAdjointOperator[&lt;lambda&gt;12]" time="0.0005557537078857422"><skipped message="Suite splitting in effect" type="pytest.skip">src/pymortests/operators.py:339: Suite splitting in effect</skipped></testcase><testcase classname="src.pymortests.operators" file="src/pymortests/operators.py" line="339" name="test_InverseAdjointOperator[&lt;lambda&gt;13]" time="0.00048351287841796875"><skipped message="Suite splitting in effect" type="pytest.skip">src/pymortests/operators.py:339: Suite splitting in effect</skipped></testcase><testcase classname="src.pymortests.operators" file="src/pymortests/operators.py" line="339" name="test_InverseAdjointOperator[&lt;lambda&gt;14]" time="0.0008265972137451172"><skipped message="Suite splitting in effect" type="pytest.skip">src/pymortests/operators.py:339: Suite splitting in effect</skipped></testcase><testcase classname="src.pymortests.operators" file="src/pymortests/operators.py" line="339" name="test_InverseAdjointOperator[&lt;lambda&gt;15]" time="0.0004782676696777344"><skipped message="Suite splitting in effect" type="pytest.skip">src/pymortests/operators.py:339: Suite splitting in effect</skipped></testcase><testcase classname="src.pymortests.operators" file="src/pymortests/operators.py" line="339" name="test_InverseAdjointOperator[&lt;lambda&gt;16]" time="0.0005338191986083984"><skipped message="Suite splitting in effect" type="pytest.skip">src/pymortests/operators.py:339: Suite splitting in effect</skipped></testcase><testcase classname="src.pymortests.operators" file="src/pymortests/operators.py" line="339" name="test_InverseAdjointOperator[&lt;lambda&gt;17]" time="0.000499725341796875"><skipped message="Suite splitting in effect" type="pytest.skip">src/pymortests/operators.py:339: Suite splitting in effect</skipped></testcase><testcase classname="src.pymortests.operators" file="src/pymortests/operators.py" line="339" name="test_InverseAdjointOperator[&lt;lambda&gt;18]" time="0.00047969818115234375"><skipped message="Suite splitting in effect" type="pytest.skip">src/pymortests/operators.py:339: Suite splitting in effect</skipped></testcase><testcase classname="src.pymortests.operators" file="src/pymortests/operators.py" line="339" name="test_InverseAdjointOperator[&lt;lambda&gt;19]" time="0.0005252361297607422"><skipped message="Suite splitting in effect" type="pytest.skip">src/pymortests/operators.py:339: Suite splitting in effect</skipped></testcase><testcase classname="src.pymortests.operators" file="src/pymortests/operators.py" line="339" name="test_InverseAdjointOperator[&lt;lambda&gt;20]" time="0.0005321502685546875"><skipped message="Suite splitting in effect" type="pytest.skip">src/pymortests/operators.py:339: Suite splitting in effect</skipped></testcase><testcase classname="src.pymortests.operators" file="src/pymortests/operators.py" line="339" name="test_InverseAdjointOperator[&lt;lambda&gt;21]" time="0.00046443939208984375"><skipped message="Suite splitting in effect" type="pytest.skip">src/pymortests/operators.py:339: Suite splitting in effect</skipped></testcase><testcase classname="src.pymortests.operators" file="src/pymortests/operators.py" line="339" name="test_InverseAdjointOperator[&lt;lambda&gt;22]" time="0.0007767677307128906"><skipped message="Suite splitting in effect" type="pytest.skip">src/pymortests/operators.py:339: Suite splitting in effect</skipped></testcase><testcase classname="src.pymortests.operators" file="src/pymortests/operators.py" line="339" name="test_InverseAdjointOperator[&lt;lambda&gt;23]" time="0.0005099773406982422"><skipped message="Suite splitting in effect" type="pytest.skip">src/pymortests/operators.py:339: Suite splitting in effect</skipped></testcase><testcase classname="src.pymortests.operators" file="src/pymortests/operators.py" line="339" name="test_InverseAdjointOperator[&lt;lambda&gt;24]" time="0.0004856586456298828"><skipped message="Suite splitting in effect" type="pytest.skip">src/pymortests/operators.py:339: Suite splitting in effect</skipped></testcase><testcase classname="src.pymortests.operators" file="src/pymortests/operators.py" line="339" name="test_InverseAdjointOperator[&lt;lambda&gt;25]" time="0.0004851818084716797"><skipped message="Suite splitting in effect" type="pytest.skip">src/pymortests/operators.py:339: Suite splitting in effect</skipped></testcase><testcase classname="src.pymortests.operators" file="src/pymortests/operators.py" line="339" name="test_InverseAdjointOperator[&lt;lambda&gt;26]" time="0.000530242919921875"><skipped message="Suite splitting in effect" type="pytest.skip">src/pymortests/operators.py:339: Suite splitting in effect</skipped></testcase><testcase classname="src.pymortests.operators" file="src/pymortests/operators.py" line="339" name="test_InverseAdjointOperator[&lt;lambda&gt;27]" time="0.0005624294281005859"><skipped message="Suite splitting in effect" type="pytest.skip">src/pymortests/operators.py:339: Suite splitting in effect</skipped></testcase><testcase classname="src.pymortests.operators" file="src/pymortests/operators.py" line="339" name="test_InverseAdjointOperator[&lt;lambda&gt;28]" time="0.0004837512969970703"><skipped message="Suite splitting in effect" type="pytest.skip">src/pymortests/operators.py:339: Suite splitting in effect</skipped></testcase><testcase classname="src.pymortests.operators" file="src/pymortests/operators.py" line="339" name="test_InverseAdjointOperator[&lt;lambda&gt;29]" time="0.0005509853363037109"><skipped message="Suite splitting in effect" type="pytest.skip">src/pymortests/operators.py:339: Suite splitting in effect</skipped></testcase><testcase classname="src.pymortests.operators" file="src/pymortests/operators.py" line="339" name="test_InverseAdjointOperator[&lt;lambda&gt;30]" time="0.0008013248443603516"><skipped message="Suite splitting in effect" type="pytest.skip">src/pymortests/operators.py:339: Suite splitting in effect</skipped></testcase><testcase classname="src.pymortests.operators" file="src/pymortests/operators.py" line="339" name="test_InverseAdjointOperator[&lt;lambda&gt;31]" time="0.0005404949188232422"><skipped message="Suite splitting in effect" type="pytest.skip">src/pymortests/operators.py:339: Suite splitting in effect</skipped></testcase><testcase classname="src.pymortests.operators" file="src/pymortests/operators.py" line="339" name="test_InverseAdjointOperator[&lt;lambda&gt;32]" time="0.0005109310150146484"><skipped message="Suite splitting in effect" type="pytest.skip">src/pymortests/operators.py:339: Suite splitting in effect</skipped></testcase><testcase classname="src.pymortests.operators" file="src/pymortests/operators.py" line="339" name="test_InverseAdjointOperator[&lt;lambda&gt;33]" time="0.0004820823669433594"><skipped message="Suite splitting in effect" type="pytest.skip">src/pymortests/operators.py:339: Suite splitting in effect</skipped></testcase><testcase classname="src.pymortests.operators" file="src/pymortests/operators.py" line="339" name="test_InverseAdjointOperator[&lt;lambda&gt;34]" time="0.0005550384521484375"><skipped message="Suite splitting in effect" type="pytest.skip">src/pymortests/operators.py:339: Suite splitting in effect</skipped></testcase><testcase classname="src.pymortests.operators" file="src/pymortests/operators.py" line="339" name="test_InverseAdjointOperator[&lt;lambda&gt;35]" time="0.0005052089691162109"><skipped message="Suite splitting in effect" type="pytest.skip">src/pymortests/operators.py:339: Suite splitting in effect</skipped></testcase><testcase classname="src.pymortests.operators" file="src/pymortests/operators.py" line="339" name="test_InverseAdjointOperator[&lt;lambda&gt;36]" time="0.0004706382751464844"><skipped message="Suite splitting in effect" type="pytest.skip">src/pymortests/operators.py:339: Suite splitting in effect</skipped></testcase><testcase classname="src.pymortests.operators" file="src/pymortests/operators.py" line="339" name="test_InverseAdjointOperator[&lt;lambda&gt;37]" time="0.0005228519439697266"><skipped message="Suite splitting in effect" type="pytest.skip">src/pymortests/operators.py:339: Suite splitting in effect</skipped></testcase><testcase classname="src.pymortests.operators" file="src/pymortests/operators.py" line="339" name="test_InverseAdjointOperator[&lt;lambda&gt;38]" time="0.001127004623413086"><skipped message="Suite splitting in effect" type="pytest.skip">src/pymortests/operators.py:339: Suite splitting in effect</skipped></testcase><testcase classname="src.pymortests.operators" file="src/pymortests/operators.py" line="339" name="test_InverseAdjointOperator[&lt;lambda&gt;39]" time="0.0005393028259277344"><skipped message="Suite splitting in effect" type="pytest.skip">src/pymortests/operators.py:339: Suite splitting in effect</skipped></testcase><testcase classname="src.pymortests.operators" file="src/pymortests/operators.py" line="339" name="test_InverseAdjointOperator[&lt;lambda&gt;40]" time="0.000469207763671875"><skipped message="Suite splitting in effect" type="pytest.skip">src/pymortests/operators.py:339: Suite splitting in effect</skipped></testcase><testcase classname="src.pymortests.parameters" file="src/pymortests/parameters.py" line="18" name="test_uniform" time="0.0006730556488037109"><skipped message="Suite splitting in effect" type="pytest.skip">src/pymortests/parameters.py:18: Suite splitting in effect</skipped></testcase><testcase classname="src.pymortests.parameters" file="src/pymortests/parameters.py" line="25" name="test_randomly" time="0.0004634857177734375"><skipped message="Suite splitting in effect" type="pytest.skip">src/pymortests/parameters.py:25: Suite splitting in effect</skipped></testcase><testcase classname="src.pymortests.playground" file="src/pymortests/playground.py" line="12" name="test_eval" time="0.0005729198455810547"><skipped message="Suite splitting in effect" type="pytest.skip">src/pymortests/playground.py:12: Suite splitting in effect</skipped></testcase><testcase classname="src.pymortests.riccati" file="src/pymortests/riccati.py" line="60" name="test_ricc_lrcf[10-scipy-False-False-False-False-1-1]" time="0.0005605220794677734"><skipped message="Suite splitting in effect" type="pytest.skip">src/pymortests/riccati.py:60: Suite splitting in effect</skipped></testcase><testcase classname="src.pymortests.riccati" file="src/pymortests/riccati.py" line="60" name="test_ricc_lrcf[10-scipy-False-False-False-False-1-2]" time="0.0004887580871582031"><skipped message="Suite splitting in effect" type="pytest.skip">src/pymortests/riccati.py:60: Suite splitting in effect</skipped></testcase><testcase classname="src.pymortests.riccati" file="src/pymortests/riccati.py" line="60" name="test_ricc_lrcf[10-scipy-False-False-False-False-2-1]" time="0.0007853507995605469"><skipped message="Suite splitting in effect" type="pytest.skip">src/pymortests/riccati.py:60: Suite splitting in effect</skipped></testcase><testcase classname="src.pymortests.riccati" file="src/pymortests/riccati.py" line="60" name="test_ricc_lrcf[10-scipy-False-False-False-False-2-2]" time="0.0004868507385253906"><skipped message="Suite splitting in effect" type="pytest.skip">src/pymortests/riccati.py:60: Suite splitting in effect</skipped></testcase><testcase classname="src.pymortests.riccati" file="src/pymortests/riccati.py" line="60" name="test_ricc_lrcf[10-scipy-False-False-False-True-1-1]" time="0.0004856586456298828"><skipped message="Suite splitting in effect" type="pytest.skip">src/pymortests/riccati.py:60: Suite splitting in effect</skipped></testcase><testcase classname="src.pymortests.riccati" file="src/pymortests/riccati.py" line="60" name="test_ricc_lrcf[10-scipy-False-False-False-True-1-2]" time="0.0004730224609375"><skipped message="Suite splitting in effect" type="pytest.skip">src/pymortests/riccati.py:60: Suite splitting in effect</skipped></testcase><testcase classname="src.pymortests.riccati" file="src/pymortests/riccati.py" line="60" name="test_ricc_lrcf[10-scipy-False-False-False-True-2-1]" time="0.0004482269287109375"><skipped message="Suite splitting in effect" type="pytest.skip">src/pymortests/riccati.py:60: Suite splitting in effect</skipped></testcase><testcase classname="src.pymortests.riccati" file="src/pymortests/riccati.py" line="60" name="test_ricc_lrcf[10-scipy-False-False-False-True-2-2]" time="0.0004761219024658203"><skipped message="Suite splitting in effect" type="pytest.skip">src/pymortests/riccati.py:60: Suite splitting in effect</skipped></testcase><testcase classname="src.pymortests.riccati" file="src/pymortests/riccati.py" line="60" name="test_ricc_lrcf[10-scipy-False-True-False-False-1-1]" time="0.0004837512969970703"><skipped message="Suite splitting in effect" type="pytest.skip">src/pymortests/riccati.py:60: Suite splitting in effect</skipped></testcase><testcase classname="src.pymortests.riccati" file="src/pymortests/riccati.py" line="60" name="test_ricc_lrcf[10-scipy-False-True-False-False-1-2]" time="0.0004990100860595703"><skipped message="Suite splitting in effect" type="pytest.skip">src/pymortests/riccati.py:60: Suite splitting in effect</skipped></testcase><testcase classname="src.pymortests.riccati" file="src/pymortests/riccati.py" line="60" name="test_ricc_lrcf[10-scipy-False-True-False-False-2-1]" time="0.0007767677307128906"><skipped message="Suite splitting in effect" type="pytest.skip">src/pymortests/riccati.py:60: Suite splitting in effect</skipped></testcase><testcase classname="src.pymortests.riccati" file="src/pymortests/riccati.py" line="60" name="test_ricc_lrcf[10-scipy-False-True-False-False-2-2]" time="0.0004947185516357422"><skipped message="Suite splitting in effect" type="pytest.skip">src/pymortests/riccati.py:60: Suite splitting in effect</skipped></testcase><testcase classname="src.pymortests.riccati" file="src/pymortests/riccati.py" line="60" name="test_ricc_lrcf[10-scipy-False-True-False-True-1-1]" time="0.0005118846893310547"><skipped message="Suite splitting in effect" type="pytest.skip">src/pymortests/riccati.py:60: Suite splitting in effect</skipped></testcase><testcase classname="src.pymortests.riccati" file="src/pymortests/riccati.py" line="60" name="test_ricc_lrcf[10-scipy-False-True-False-True-1-2]" time="0.0004603862762451172"><skipped message="Suite splitting in effect" type="pytest.skip">src/pymortests/riccati.py:60: Suite splitting in effect</skipped></testcase><testcase classname="src.pymortests.riccati" file="src/pymortests/riccati.py" line="60" name="test_ricc_lrcf[10-scipy-False-True-False-True-2-1]" time="0.0005152225494384766"><skipped message="Suite splitting in effect" type="pytest.skip">src/pymortests/riccati.py:60: Suite splitting in effect</skipped></testcase><testcase classname="src.pymortests.riccati" file="src/pymortests/riccati.py" line="60" name="test_ricc_lrcf[10-scipy-False-True-False-True-2-2]" time="0.000446319580078125"><skipped message="Suite splitting in effect" type="pytest.skip">src/pymortests/riccati.py:60: Suite splitting in effect</skipped></testcase><testcase classname="src.pymortests.riccati" file="src/pymortests/riccati.py" line="60" name="test_ricc_lrcf[10-scipy-False-True-True-False-1-1]" time="0.00047278404235839844"><skipped message="Suite splitting in effect" type="pytest.skip">src/pymortests/riccati.py:60: Suite splitting in effect</skipped></testcase><testcase classname="src.pymortests.riccati" file="src/pymortests/riccati.py" line="60" name="test_ricc_lrcf[10-scipy-False-True-True-False-1-2]" time="0.00044655799865722656"><skipped message="Suite splitting in effect" type="pytest.skip">src/pymortests/riccati.py:60: Suite splitting in effect</skipped></testcase><testcase classname="src.pymortests.riccati" file="src/pymortests/riccati.py" line="60" name="test_ricc_lrcf[10-scipy-False-True-True-False-2-1]" time="0.00084686279296875"><skipped message="Suite splitting in effect" type="pytest.skip">src/pymortests/riccati.py:60: Suite splitting in effect</skipped></testcase><testcase classname="src.pymortests.riccati" file="src/pymortests/riccati.py" line="60" name="test_ricc_lrcf[10-scipy-False-True-True-False-2-2]" time="0.0004239082336425781"><skipped message="Suite splitting in effect" type="pytest.skip">src/pymortests/riccati.py:60: Suite splitting in effect</skipped></testcase><testcase classname="src.pymortests.riccati" file="src/pymortests/riccati.py" line="60" name="test_ricc_lrcf[10-scipy-False-True-True-True-1-1]" time="0.0005004405975341797"><skipped message="Suite splitting in effect" type="pytest.skip">src/pymortests/riccati.py:60: Suite splitting in effect</skipped></testcase><testcase classname="src.pymortests.riccati" file="src/pymortests/riccati.py" line="60" name="test_ricc_lrcf[10-scipy-False-True-True-True-1-2]" time="0.0004391670227050781"><skipped message="Suite splitting in effect" type="pytest.skip">src/pymortests/riccati.py:60: Suite splitting in effect</skipped></testcase><testcase classname="src.pymortests.riccati" file="src/pymortests/riccati.py" line="60" name="test_ricc_lrcf[10-scipy-False-True-True-True-2-1]" time="0.0004878044128417969"><skipped message="Suite splitting in effect" type="pytest.skip">src/pymortests/riccati.py:60: Suite splitting in effect</skipped></testcase><testcase classname="src.pymortests.riccati" file="src/pymortests/riccati.py" line="60" name="test_ricc_lrcf[10-scipy-False-True-True-True-2-2]" time="0.0004951953887939453"><skipped message="Suite splitting in effect" type="pytest.skip">src/pymortests/riccati.py:60: Suite splitting in effect</skipped></testcase><testcase classname="src.pymortests.riccati" file="src/pymortests/riccati.py" line="60" name="test_ricc_lrcf[10-scipy-True-False-False-False-1-1]" time="0.00043272972106933594"><skipped message="Suite splitting in effect" type="pytest.skip">src/pymortests/riccati.py:60: Suite splitting in effect</skipped></testcase><testcase classname="src.pymortests.riccati" file="src/pymortests/riccati.py" line="60" name="test_ricc_lrcf[10-scipy-True-False-False-False-1-2]" time="0.0005335807800292969"><skipped message="Suite splitting in effect" type="pytest.skip">src/pymortests/riccati.py:60: Suite splitting in effect</skipped></testcase><testcase classname="src.pymortests.riccati" file="src/pymortests/riccati.py" line="60" name="test_ricc_lrcf[10-scipy-True-False-False-False-2-1]" time="0.0009694099426269531"><skipped message="Suite splitting in effect" type="pytest.skip">src/pymortests/riccati.py:60: Suite splitting in effect</skipped></testcase><testcase classname="src.pymortests.riccati" file="src/pymortests/riccati.py" line="60" name="test_ricc_lrcf[10-scipy-True-False-False-False-2-2]" time="0.000476837158203125"><skipped message="Suite splitting in effect" type="pytest.skip">src/pymortests/riccati.py:60: Suite splitting in effect</skipped></testcase><testcase classname="src.pymortests.riccati" file="src/pymortests/riccati.py" line="60" name="test_ricc_lrcf[10-scipy-True-False-False-True-1-1]" time="0.0004851818084716797"><skipped message="Suite splitting in effect" type="pytest.skip">src/pymortests/riccati.py:60: Suite splitting in effect</skipped></testcase><testcase classname="src.pymortests.riccati" file="src/pymortests/riccati.py" line="60" name="test_ricc_lrcf[10-scipy-True-False-False-True-1-2]" time="0.0005118846893310547"><skipped message="Suite splitting in effect" type="pytest.skip">src/pymortests/riccati.py:60: Suite splitting in effect</skipped></testcase><testcase classname="src.pymortests.riccati" file="src/pymortests/riccati.py" line="60" name="test_ricc_lrcf[10-scipy-True-False-False-True-2-1]" time="0.0006165504455566406"><skipped message="Suite splitting in effect" type="pytest.skip">src/pymortests/riccati.py:60: Suite splitting in effect</skipped></testcase><testcase classname="src.pymortests.riccati" file="src/pymortests/riccati.py" line="60" name="test_ricc_lrcf[10-scipy-True-False-False-True-2-2]" time="0.00047779083251953125"><skipped message="Suite splitting in effect" type="pytest.skip">src/pymortests/riccati.py:60: Suite splitting in effect</skipped></testcase><testcase classname="src.pymortests.riccati" file="src/pymortests/riccati.py" line="60" name="test_ricc_lrcf[10-scipy-True-True-False-False-1-1]" time="0.0004971027374267578"><skipped message="Suite splitting in effect" type="pytest.skip">src/pymortests/riccati.py:60: Suite splitting in effect</skipped></testcase><testcase classname="src.pymortests.riccati" file="src/pymortests/riccati.py" line="60" name="test_ricc_lrcf[10-scipy-True-True-False-False-1-2]" time="0.00054931640625"><skipped message="Suite splitting in effect" type="pytest.skip">src/pymortests/riccati.py:60: Suite splitting in effect</skipped></testcase><testcase classname="src.pymortests.riccati" file="src/pymortests/riccati.py" line="60" name="test_ricc_lrcf[10-scipy-True-True-False-False-2-1]" time="0.0009417533874511719"><skipped message="Suite splitting in effect" type="pytest.skip">src/pymortests/riccati.py:60: Suite splitting in effect</skipped></testcase><testcase classname="src.pymortests.riccati" file="src/pymortests/riccati.py" line="60" name="test_ricc_lrcf[10-scipy-True-True-False-False-2-2]" time="0.0004837512969970703"><skipped message="Suite splitting in effect" type="pytest.skip">src/pymortests/riccati.py:60: Suite splitting in effect</skipped></testcase><testcase classname="src.pymortests.riccati" file="src/pymortests/riccati.py" line="60" name="test_ricc_lrcf[10-scipy-True-True-False-True-1-1]" time="0.0005192756652832031"><skipped message="Suite splitting in effect" type="pytest.skip">src/pymortests/riccati.py:60: Suite splitting in effect</skipped></testcase><testcase classname="src.pymortests.riccati" file="src/pymortests/riccati.py" line="60" name="test_ricc_lrcf[10-scipy-True-True-False-True-1-2]" time="0.00057220458984375"><skipped message="Suite splitting in effect" type="pytest.skip">src/pymortests/riccati.py:60: Suite splitting in effect</skipped></testcase><testcase classname="src.pymortests.riccati" file="src/pymortests/riccati.py" line="60" name="test_ricc_lrcf[10-scipy-True-True-False-True-2-1]" time="0.0005278587341308594"><skipped message="Suite splitting in effect" type="pytest.skip">src/pymortests/riccati.py:60: Suite splitting in effect</skipped></testcase><testcase classname="src.pymortests.riccati" file="src/pymortests/riccati.py" line="60" name="test_ricc_lrcf[10-scipy-True-True-False-True-2-2]" time="0.0004737377166748047"><skipped message="Suite splitting in effect" type="pytest.skip">src/pymortests/riccati.py:60: Suite splitting in effect</skipped></testcase><testcase classname="src.pymortests.riccati" file="src/pymortests/riccati.py" line="60" name="test_ricc_lrcf[10-scipy-True-True-True-False-1-1]" time="0.0005140304565429688"><skipped message="Suite splitting in effect" type="pytest.skip">src/pymortests/riccati.py:60: Suite splitting in effect</skipped></testcase><testcase classname="src.pymortests.riccati" file="src/pymortests/riccati.py" line="60" name="test_ricc_lrcf[10-scipy-True-True-True-False-1-2]" time="0.000514984130859375"><skipped message="Suite splitting in effect" type="pytest.skip">src/pymortests/riccati.py:60: Suite splitting in effect</skipped></testcase><testcase classname="src.pymortests.riccati" file="src/pymortests/riccati.py" line="60" name="test_ricc_lrcf[10-scipy-True-True-True-False-2-1]" time="0.0007967948913574219"><skipped message="Suite splitting in effect" type="pytest.skip">src/pymortests/riccati.py:60: Suite splitting in effect</skipped></testcase><testcase classname="src.pymortests.riccati" file="src/pymortests/riccati.py" line="60" name="test_ricc_lrcf[10-scipy-True-True-True-False-2-2]" time="0.0004906654357910156"><skipped message="Suite splitting in effect" type="pytest.skip">src/pymortests/riccati.py:60: Suite splitting in effect</skipped></testcase><testcase classname="src.pymortests.riccati" file="src/pymortests/riccati.py" line="60" name="test_ricc_lrcf[10-scipy-True-True-True-True-1-1]" time="0.0005276203155517578"><skipped message="Suite splitting in effect" type="pytest.skip">src/pymortests/riccati.py:60: Suite splitting in effect</skipped></testcase><testcase classname="src.pymortests.riccati" file="src/pymortests/riccati.py" line="60" name="test_ricc_lrcf[10-scipy-True-True-True-True-1-2]" time="0.00045108795166015625"><skipped message="Suite splitting in effect" type="pytest.skip">src/pymortests/riccati.py:60: Suite splitting in effect</skipped></testcase><testcase classname="src.pymortests.riccati" file="src/pymortests/riccati.py" line="60" name="test_ricc_lrcf[10-scipy-True-True-True-True-2-1]" time="0.0004572868347167969"><skipped message="Suite splitting in effect" type="pytest.skip">src/pymortests/riccati.py:60: Suite splitting in effect</skipped></testcase><testcase classname="src.pymortests.riccati" file="src/pymortests/riccati.py" line="60" name="test_ricc_lrcf[10-scipy-True-True-True-True-2-2]" time="0.000507354736328125"><skipped message="Suite splitting in effect" type="pytest.skip">src/pymortests/riccati.py:60: Suite splitting in effect</skipped></testcase><testcase classname="src.pymortests.riccati" file="src/pymortests/riccati.py" line="60" name="test_ricc_lrcf[10-slycot-False-False-False-False-1-1]" time="0.0004544258117675781"><skipped message="Suite splitting in effect" type="pytest.skip">src/pymortests/riccati.py:60: Suite splitting in effect</skipped></testcase><testcase classname="src.pymortests.riccati" file="src/pymortests/riccati.py" line="60" name="test_ricc_lrcf[10-slycot-False-False-False-False-1-2]" time="0.00051116943359375"><skipped message="Suite splitting in effect" type="pytest.skip">src/pymortests/riccati.py:60: Suite splitting in effect</skipped></testcase><testcase classname="src.pymortests.riccati" file="src/pymortests/riccati.py" line="60" name="test_ricc_lrcf[10-slycot-False-False-False-False-2-1]" time="0.0008358955383300781"><skipped message="Suite splitting in effect" type="pytest.skip">src/pymortests/riccati.py:60: Suite splitting in effect</skipped></testcase><testcase classname="src.pymortests.riccati" file="src/pymortests/riccati.py" line="60" name="test_ricc_lrcf[10-slycot-False-False-False-False-2-2]" time="0.0005462169647216797"><skipped message="Suite splitting in effect" type="pytest.skip">src/pymortests/riccati.py:60: Suite splitting in effect</skipped></testcase><testcase classname="src.pymortests.riccati" file="src/pymortests/riccati.py" line="60" name="test_ricc_lrcf[10-slycot-False-False-False-True-1-1]" time="0.0005657672882080078"><skipped message="Suite splitting in effect" type="pytest.skip">src/pymortests/riccati.py:60: Suite splitting in effect</skipped></testcase><testcase classname="src.pymortests.riccati" file="src/pymortests/riccati.py" line="60" name="test_ricc_lrcf[10-slycot-False-False-False-True-1-2]" time="0.0005738735198974609"><skipped message="Suite splitting in effect" type="pytest.skip">src/pymortests/riccati.py:60: Suite splitting in effect</skipped></testcase><testcase classname="src.pymortests.riccati" file="src/pymortests/riccati.py" line="60" name="test_ricc_lrcf[10-slycot-False-False-False-True-2-1]" time="0.00048232078552246094"><skipped message="Suite splitting in effect" type="pytest.skip">src/pymortests/riccati.py:60: Suite splitting in effect</skipped></testcase><testcase classname="src.pymortests.riccati" file="src/pymortests/riccati.py" line="60" name="test_ricc_lrcf[10-slycot-False-False-False-True-2-2]" time="0.00052642822265625"><skipped message="Suite splitting in effect" type="pytest.skip">src/pymortests/riccati.py:60: Suite splitting in effect</skipped></testcase><testcase classname="src.pymortests.riccati" file="src/pymortests/riccati.py" line="60" name="test_ricc_lrcf[10-slycot-False-True-False-False-1-1]" time="0.0005717277526855469"><skipped message="Suite splitting in effect" type="pytest.skip">src/pymortests/riccati.py:60: Suite splitting in effect</skipped></testcase><testcase classname="src.pymortests.riccati" file="src/pymortests/riccati.py" line="60" name="test_ricc_lrcf[10-slycot-False-True-False-False-1-2]" time="0.00047588348388671875"><skipped message="Suite splitting in effect" type="pytest.skip">src/pymortests/riccati.py:60: Suite splitting in effect</skipped></testcase><testcase classname="src.pymortests.riccati" file="src/pymortests/riccati.py" line="60" name="test_ricc_lrcf[10-slycot-False-True-False-False-2-1]" time="0.0008304119110107422"><skipped message="Suite splitting in effect" type="pytest.skip">src/pymortests/riccati.py:60: Suite splitting in effect</skipped></testcase><testcase classname="src.pymortests.riccati" file="src/pymortests/riccati.py" line="60" name="test_ricc_lrcf[10-slycot-False-True-False-False-2-2]" time="0.0004930496215820312"><skipped message="Suite splitting in effect" type="pytest.skip">src/pymortests/riccati.py:60: Suite splitting in effect</skipped></testcase><testcase classname="src.pymortests.riccati" file="src/pymortests/riccati.py" line="60" name="test_ricc_lrcf[10-slycot-False-True-False-True-1-1]" time="0.0005538463592529297"><skipped message="Suite splitting in effect" type="pytest.skip">src/pymortests/riccati.py:60: Suite splitting in effect</skipped></testcase><testcase classname="src.pymortests.riccati" file="src/pymortests/riccati.py" line="60" name="test_ricc_lrcf[10-slycot-False-True-False-True-1-2]" time="0.00045680999755859375"><skipped message="Suite splitting in effect" type="pytest.skip">src/pymortests/riccati.py:60: Suite splitting in effect</skipped></testcase><testcase classname="src.pymortests.riccati" file="src/pymortests/riccati.py" line="60" name="test_ricc_lrcf[10-slycot-False-True-False-True-2-1]" time="0.00047850608825683594"><skipped message="Suite splitting in effect" type="pytest.skip">src/pymortests/riccati.py:60: Suite splitting in effect</skipped></testcase><testcase classname="src.pymortests.riccati" file="src/pymortests/riccati.py" line="60" name="test_ricc_lrcf[10-slycot-False-True-False-True-2-2]" time="0.0004467964172363281"><skipped message="Suite splitting in effect" type="pytest.skip">src/pymortests/riccati.py:60: Suite splitting in effect</skipped></testcase><testcase classname="src.pymortests.riccati" file="src/pymortests/riccati.py" line="60" name="test_ricc_lrcf[10-slycot-False-True-True-False-1-1]" time="0.0004718303680419922"><skipped message="Suite splitting in effect" type="pytest.skip">src/pymortests/riccati.py:60: Suite splitting in effect</skipped></testcase><testcase classname="src.pymortests.riccati" file="src/pymortests/riccati.py" line="60" name="test_ricc_lrcf[10-slycot-False-True-True-False-1-2]" time="0.0004911422729492188"><skipped message="Suite splitting in effect" type="pytest.skip">src/pymortests/riccati.py:60: Suite splitting in effect</skipped></testcase><testcase classname="src.pymortests.riccati" file="src/pymortests/riccati.py" line="60" name="test_ricc_lrcf[10-slycot-False-True-True-False-2-1]" time="0.0009045600891113281"><skipped message="Suite splitting in effect" type="pytest.skip">src/pymortests/riccati.py:60: Suite splitting in effect</skipped></testcase><testcase classname="src.pymortests.riccati" file="src/pymortests/riccati.py" line="60" name="test_ricc_lrcf[10-slycot-False-True-True-False-2-2]" time="0.0005519390106201172"><skipped message="Suite splitting in effect" type="pytest.skip">src/pymortests/riccati.py:60: Suite splitting in effect</skipped></testcase><testcase classname="src.pymortests.riccati" file="src/pymortests/riccati.py" line="60" name="test_ricc_lrcf[10-slycot-False-True-True-True-1-1]" time="0.0004792213439941406"><skipped message="Suite splitting in effect" type="pytest.skip">src/pymortests/riccati.py:60: Suite splitting in effect</skipped></testcase><testcase classname="src.pymortests.riccati" file="src/pymortests/riccati.py" line="60" name="test_ricc_lrcf[10-slycot-False-True-True-True-1-2]" time="0.0004971027374267578"><skipped message="Suite splitting in effect" type="pytest.skip">src/pymortests/riccati.py:60: Suite splitting in effect</skipped></testcase><testcase classname="src.pymortests.riccati" file="src/pymortests/riccati.py" line="60" name="test_ricc_lrcf[10-slycot-False-True-True-True-2-1]" time="0.0005249977111816406"><skipped message="Suite splitting in effect" type="pytest.skip">src/pymortests/riccati.py:60: Suite splitting in effect</skipped></testcase><testcase classname="src.pymortests.riccati" file="src/pymortests/riccati.py" line="60" name="test_ricc_lrcf[10-slycot-False-True-True-True-2-2]" time="0.0004742145538330078"><skipped message="Suite splitting in effect" type="pytest.skip">src/pymortests/riccati.py:60: Suite splitting in effect</skipped></testcase><testcase classname="src.pymortests.riccati" file="src/pymortests/riccati.py" line="60" name="test_ricc_lrcf[10-slycot-True-False-False-False-1-1]" time="0.00054931640625"><skipped message="Suite splitting in effect" type="pytest.skip">src/pymortests/riccati.py:60: Suite splitting in effect</skipped></testcase><testcase classname="src.pymortests.riccati" file="src/pymortests/riccati.py" line="60" name="test_ricc_lrcf[10-slycot-True-False-False-False-1-2]" time="0.0004558563232421875"><skipped message="Suite splitting in effect" type="pytest.skip">src/pymortests/riccati.py:60: Suite splitting in effect</skipped></testcase><testcase classname="src.pymortests.riccati" file="src/pymortests/riccati.py" line="60" name="test_ricc_lrcf[10-slycot-True-False-False-False-2-1]" time="0.0009634494781494141"><skipped message="Suite splitting in effect" type="pytest.skip">src/pymortests/riccati.py:60: Suite splitting in effect</skipped></testcase><testcase classname="src.pymortests.riccati" file="src/pymortests/riccati.py" line="60" name="test_ricc_lrcf[10-slycot-True-False-False-False-2-2]" time="0.000514984130859375"><skipped message="Suite splitting in effect" type="pytest.skip">src/pymortests/riccati.py:60: Suite splitting in effect</skipped></testcase><testcase classname="src.pymortests.riccati" file="src/pymortests/riccati.py" line="60" name="test_ricc_lrcf[10-slycot-True-False-False-True-1-1]" time="0.0004885196685791016"><skipped message="Suite splitting in effect" type="pytest.skip">src/pymortests/riccati.py:60: Suite splitting in effect</skipped></testcase><testcase classname="src.pymortests.riccati" file="src/pymortests/riccati.py" line="60" name="test_ricc_lrcf[10-slycot-True-False-False-True-1-2]" time="0.0005445480346679688"><skipped message="Suite splitting in effect" type="pytest.skip">src/pymortests/riccati.py:60: Suite splitting in effect</skipped></testcase><testcase classname="src.pymortests.riccati" file="src/pymortests/riccati.py" line="60" name="test_ricc_lrcf[10-slycot-True-False-False-True-2-1]" time="0.0005853176116943359"><skipped message="Suite splitting in effect" type="pytest.skip">src/pymortests/riccati.py:60: Suite splitting in effect</skipped></testcase><testcase classname="src.pymortests.riccati" file="src/pymortests/riccati.py" line="60" name="test_ricc_lrcf[10-slycot-True-False-False-True-2-2]" time="0.00044083595275878906"><skipped message="Suite splitting in effect" type="pytest.skip">src/pymortests/riccati.py:60: Suite splitting in effect</skipped></testcase><testcase classname="src.pymortests.riccati" file="src/pymortests/riccati.py" line="60" name="test_ricc_lrcf[10-slycot-True-True-False-False-1-1]" time="0.0005068778991699219"><skipped message="Suite splitting in effect" type="pytest.skip">src/pymortests/riccati.py:60: Suite splitting in effect</skipped></testcase><testcase classname="src.pymortests.riccati" file="src/pymortests/riccati.py" line="60" name="test_ricc_lrcf[10-slycot-True-True-False-False-1-2]" time="0.0005116462707519531"><skipped message="Suite splitting in effect" type="pytest.skip">src/pymortests/riccati.py:60: Suite splitting in effect</skipped></testcase><testcase classname="src.pymortests.riccati" file="src/pymortests/riccati.py" line="60" name="test_ricc_lrcf[10-slycot-True-True-False-False-2-1]" time="0.0008900165557861328"><skipped message="Suite splitting in effect" type="pytest.skip">src/pymortests/riccati.py:60: Suite splitting in effect</skipped></testcase><testcase classname="src.pymortests.riccati" file="src/pymortests/riccati.py" line="60" name="test_ricc_lrcf[10-slycot-True-True-False-False-2-2]" time="0.0004737377166748047"><skipped message="Suite splitting in effect" type="pytest.skip">src/pymortests/riccati.py:60: Suite splitting in effect</skipped></testcase><testcase classname="src.pymortests.riccati" file="src/pymortests/riccati.py" line="60" name="test_ricc_lrcf[10-slycot-True-True-False-True-1-1]" time="0.0005428791046142578"><skipped message="Suite splitting in effect" type="pytest.skip">src/pymortests/riccati.py:60: Suite splitting in effect</skipped></testcase><testcase classname="src.pymortests.riccati" file="src/pymortests/riccati.py" line="60" name="test_ricc_lrcf[10-slycot-True-True-False-True-1-2]" time="0.0005383491516113281"><skipped message="Suite splitting in effect" type="pytest.skip">src/pymortests/riccati.py:60: Suite splitting in effect</skipped></testcase><testcase classname="src.pymortests.riccati" file="src/pymortests/riccati.py" line="60" name="test_ricc_lrcf[10-slycot-True-True-False-True-2-1]" time="0.0006148815155029297"><skipped message="Suite splitting in effect" type="pytest.skip">src/pymortests/riccati.py:60: Suite splitting in effect</skipped></testcase><testcase classname="src.pymortests.riccati" file="src/pymortests/riccati.py" line="60" name="test_ricc_lrcf[10-slycot-True-True-False-True-2-2]" time="0.00046825408935546875"><skipped message="Suite splitting in effect" type="pytest.skip">src/pymortests/riccati.py:60: Suite splitting in effect</skipped></testcase><testcase classname="src.pymortests.riccati" file="src/pymortests/riccati.py" line="60" name="test_ricc_lrcf[10-slycot-True-True-True-False-1-1]" time="0.0005588531494140625"><skipped message="Suite splitting in effect" type="pytest.skip">src/pymortests/riccati.py:60: Suite splitting in effect</skipped></testcase><testcase classname="src.pymortests.riccati" file="src/pymortests/riccati.py" line="60" name="test_ricc_lrcf[10-slycot-True-True-True-False-1-2]" time="0.0005762577056884766"><skipped message="Suite splitting in effect" type="pytest.skip">src/pymortests/riccati.py:60: Suite splitting in effect</skipped></testcase><testcase classname="src.pymortests.riccati" file="src/pymortests/riccati.py" line="60" name="test_ricc_lrcf[10-slycot-True-True-True-False-2-1]" time="0.0012254714965820312"><skipped message="Suite splitting in effect" type="pytest.skip">src/pymortests/riccati.py:60: Suite splitting in effect</skipped></testcase><testcase classname="src.pymortests.riccati" file="src/pymortests/riccati.py" line="60" name="test_ricc_lrcf[10-slycot-True-True-True-False-2-2]" time="0.0005748271942138672"><skipped message="Suite splitting in effect" type="pytest.skip">src/pymortests/riccati.py:60: Suite splitting in effect</skipped></testcase><testcase classname="src.pymortests.riccati" file="src/pymortests/riccati.py" line="60" name="test_ricc_lrcf[10-slycot-True-True-True-True-1-1]" time="0.0005519390106201172"><skipped message="Suite splitting in effect" type="pytest.skip">src/pymortests/riccati.py:60: Suite splitting in effect</skipped></testcase><testcase classname="src.pymortests.riccati" file="src/pymortests/riccati.py" line="60" name="test_ricc_lrcf[10-slycot-True-True-True-True-1-2]" time="0.00047779083251953125"><skipped message="Suite splitting in effect" type="pytest.skip">src/pymortests/riccati.py:60: Suite splitting in effect</skipped></testcase><testcase classname="src.pymortests.riccati" file="src/pymortests/riccati.py" line="60" name="test_ricc_lrcf[10-slycot-True-True-True-True-2-1]" time="0.0005137920379638672"><skipped message="Suite splitting in effect" type="pytest.skip">src/pymortests/riccati.py:60: Suite splitting in effect</skipped></testcase><testcase classname="src.pymortests.riccati" file="src/pymortests/riccati.py" line="60" name="test_ricc_lrcf[10-slycot-True-True-True-True-2-2]" time="0.0004394054412841797"><skipped message="Suite splitting in effect" type="pytest.skip">src/pymortests/riccati.py:60: Suite splitting in effect</skipped></testcase><testcase classname="src.pymortests.riccati" file="src/pymortests/riccati.py" line="60" name="test_ricc_lrcf[10-pymess_dense_nm_gmpcare-False-False-False-False-1-1]" time="0.0005233287811279297"><skipped message="Suite splitting in effect" type="pytest.skip">src/pymortests/riccati.py:60: Suite splitting in effect</skipped></testcase><testcase classname="src.pymortests.riccati" file="src/pymortests/riccati.py" line="60" name="test_ricc_lrcf[10-pymess_dense_nm_gmpcare-False-False-False-False-1-2]" time="0.0005102157592773438"><skipped message="Suite splitting in effect" type="pytest.skip">src/pymortests/riccati.py:60: Suite splitting in effect</skipped></testcase><testcase classname="src.pymortests.riccati" file="src/pymortests/riccati.py" line="60" name="test_ricc_lrcf[10-pymess_dense_nm_gmpcare-False-False-False-False-2-1]" time="0.0007519721984863281"><skipped message="Suite splitting in effect" type="pytest.skip">src/pymortests/riccati.py:60: Suite splitting in effect</skipped></testcase><testcase classname="src.pymortests.riccati" file="src/pymortests/riccati.py" line="60" name="test_ricc_lrcf[10-pymess_dense_nm_gmpcare-False-False-False-False-2-2]" time="0.0004596710205078125"><skipped message="Suite splitting in effect" type="pytest.skip">src/pymortests/riccati.py:60: Suite splitting in effect</skipped></testcase><testcase classname="src.pymortests.riccati" file="src/pymortests/riccati.py" line="60" name="test_ricc_lrcf[10-pymess_dense_nm_gmpcare-False-False-False-True-1-1]" time="0.0005033016204833984"><skipped message="Suite splitting in effect" type="pytest.skip">src/pymortests/riccati.py:60: Suite splitting in effect</skipped></testcase><testcase classname="src.pymortests.riccati" file="src/pymortests/riccati.py" line="60" name="test_ricc_lrcf[10-pymess_dense_nm_gmpcare-False-False-False-True-1-2]" time="0.0004458427429199219"><skipped message="Suite splitting in effect" type="pytest.skip">src/pymortests/riccati.py:60: Suite splitting in effect</skipped></testcase><testcase classname="src.pymortests.riccati" file="src/pymortests/riccati.py" line="60" name="test_ricc_lrcf[10-pymess_dense_nm_gmpcare-False-False-False-True-2-1]" time="0.0005087852478027344"><skipped message="Suite splitting in effect" type="pytest.skip">src/pymortests/riccati.py:60: Suite splitting in effect</skipped></testcase><testcase classname="src.pymortests.riccati" file="src/pymortests/riccati.py" line="60" name="test_ricc_lrcf[10-pymess_dense_nm_gmpcare-False-False-False-True-2-2]" time="0.0005621910095214844"><skipped message="Suite splitting in effect" type="pytest.skip">src/pymortests/riccati.py:60: Suite splitting in effect</skipped></testcase><testcase classname="src.pymortests.riccati" file="src/pymortests/riccati.py" line="60" name="test_ricc_lrcf[10-pymess_dense_nm_gmpcare-False-True-False-False-1-1]" time="0.0004544258117675781"><skipped message="Suite splitting in effect" type="pytest.skip">src/pymortests/riccati.py:60: Suite splitting in effect</skipped></testcase><testcase classname="src.pymortests.riccati" file="src/pymortests/riccati.py" line="60" name="test_ricc_lrcf[10-pymess_dense_nm_gmpcare-False-True-False-False-1-2]" time="0.0006012916564941406"><skipped message="Suite splitting in effect" type="pytest.skip">src/pymortests/riccati.py:60: Suite splitting in effect</skipped></testcase><testcase classname="src.pymortests.riccati" file="src/pymortests/riccati.py" line="60" name="test_ricc_lrcf[10-pymess_dense_nm_gmpcare-False-True-False-False-2-1]" time="0.0009160041809082031"><skipped message="Suite splitting in effect" type="pytest.skip">src/pymortests/riccati.py:60: Suite splitting in effect</skipped></testcase><testcase classname="src.pymortests.riccati" file="src/pymortests/riccati.py" line="60" name="test_ricc_lrcf[10-pymess_dense_nm_gmpcare-False-True-False-False-2-2]" time="0.0005462169647216797"><skipped message="Suite splitting in effect" type="pytest.skip">src/pymortests/riccati.py:60: Suite splitting in effect</skipped></testcase><testcase classname="src.pymortests.riccati" file="src/pymortests/riccati.py" line="60" name="test_ricc_lrcf[10-pymess_dense_nm_gmpcare-False-True-False-True-1-1]" time="0.0004792213439941406"><skipped message="Suite splitting in effect" type="pytest.skip">src/pymortests/riccati.py:60: Suite splitting in effect</skipped></testcase><testcase classname="src.pymortests.riccati" file="src/pymortests/riccati.py" line="60" name="test_ricc_lrcf[10-pymess_dense_nm_gmpcare-False-True-False-True-1-2]" time="0.00048661231994628906"><skipped message="Suite splitting in effect" type="pytest.skip">src/pymortests/riccati.py:60: Suite splitting in effect</skipped></testcase><testcase classname="src.pymortests.riccati" file="src/pymortests/riccati.py" line="60" name="test_ricc_lrcf[10-pymess_dense_nm_gmpcare-False-True-False-True-2-1]" time="0.0005099773406982422"><skipped message="Suite splitting in effect" type="pytest.skip">src/pymortests/riccati.py:60: Suite splitting in effect</skipped></testcase><testcase classname="src.pymortests.riccati" file="src/pymortests/riccati.py" line="60" name="test_ricc_lrcf[10-pymess_dense_nm_gmpcare-False-True-False-True-2-2]" time="0.0004436969757080078"><skipped message="Suite splitting in effect" type="pytest.skip">src/pymortests/riccati.py:60: Suite splitting in effect</skipped></testcase><testcase classname="src.pymortests.riccati" file="src/pymortests/riccati.py" line="60" name="test_ricc_lrcf[10-pymess_dense_nm_gmpcare-False-True-True-False-1-1]" time="0.00048828125"><skipped message="Suite splitting in effect" type="pytest.skip">src/pymortests/riccati.py:60: Suite splitting in effect</skipped></testcase><testcase classname="src.pymortests.riccati" file="src/pymortests/riccati.py" line="60" name="test_ricc_lrcf[10-pymess_dense_nm_gmpcare-False-True-True-False-1-2]" time="0.00043702125549316406"><skipped message="Suite splitting in effect" type="pytest.skip">src/pymortests/riccati.py:60: Suite splitting in effect</skipped></testcase><testcase classname="src.pymortests.riccati" file="src/pymortests/riccati.py" line="60" name="test_ricc_lrcf[10-pymess_dense_nm_gmpcare-False-True-True-False-2-1]" time="0.00077056884765625"><skipped message="Suite splitting in effect" type="pytest.skip">src/pymortests/riccati.py:60: Suite splitting in effect</skipped></testcase><testcase classname="src.pymortests.riccati" file="src/pymortests/riccati.py" line="60" name="test_ricc_lrcf[10-pymess_dense_nm_gmpcare-False-True-True-False-2-2]" time="0.0004928112030029297"><skipped message="Suite splitting in effect" type="pytest.skip">src/pymortests/riccati.py:60: Suite splitting in effect</skipped></testcase><testcase classname="src.pymortests.riccati" file="src/pymortests/riccati.py" line="60" name="test_ricc_lrcf[10-pymess_dense_nm_gmpcare-False-True-True-True-1-1]" time="0.00043654441833496094"><skipped message="Suite splitting in effect" type="pytest.skip">src/pymortests/riccati.py:60: Suite splitting in effect</skipped></testcase><testcase classname="src.pymortests.riccati" file="src/pymortests/riccati.py" line="60" name="test_ricc_lrcf[10-pymess_dense_nm_gmpcare-False-True-True-True-1-2]" time="0.0005047321319580078"><skipped message="Suite splitting in effect" type="pytest.skip">src/pymortests/riccati.py:60: Suite splitting in effect</skipped></testcase><testcase classname="src.pymortests.riccati" file="src/pymortests/riccati.py" line="60" name="test_ricc_lrcf[10-pymess_dense_nm_gmpcare-False-True-True-True-2-1]" time="0.0004892349243164062"><skipped message="Suite splitting in effect" type="pytest.skip">src/pymortests/riccati.py:60: Suite splitting in effect</skipped></testcase><testcase classname="src.pymortests.riccati" file="src/pymortests/riccati.py" line="60" name="test_ricc_lrcf[10-pymess_dense_nm_gmpcare-False-True-True-True-2-2]" time="0.0005283355712890625"><skipped message="Suite splitting in effect" type="pytest.skip">src/pymortests/riccati.py:60: Suite splitting in effect</skipped></testcase><testcase classname="src.pymortests.riccati" file="src/pymortests/riccati.py" line="60" name="test_ricc_lrcf[10-pymess_dense_nm_gmpcare-True-False-False-False-1-1]" time="0.0004405975341796875"><skipped message="Suite splitting in effect" type="pytest.skip">src/pymortests/riccati.py:60: Suite splitting in effect</skipped></testcase><testcase classname="src.pymortests.riccati" file="src/pymortests/riccati.py" line="60" name="test_ricc_lrcf[10-pymess_dense_nm_gmpcare-True-False-False-False-1-2]" time="0.0005462169647216797"><skipped message="Suite splitting in effect" type="pytest.skip">src/pymortests/riccati.py:60: Suite splitting in effect</skipped></testcase><testcase classname="src.pymortests.riccati" file="src/pymortests/riccati.py" line="60" name="test_ricc_lrcf[10-pymess_dense_nm_gmpcare-True-False-False-False-2-1]" time="0.0009279251098632812"><skipped message="Suite splitting in effect" type="pytest.skip">src/pymortests/riccati.py:60: Suite splitting in effect</skipped></testcase><testcase classname="src.pymortests.riccati" file="src/pymortests/riccati.py" line="60" name="test_ricc_lrcf[10-pymess_dense_nm_gmpcare-True-False-False-False-2-2]" time="0.0005476474761962891"><skipped message="Suite splitting in effect" type="pytest.skip">src/pymortests/riccati.py:60: Suite splitting in effect</skipped></testcase><testcase classname="src.pymortests.riccati" file="src/pymortests/riccati.py" line="60" name="test_ricc_lrcf[10-pymess_dense_nm_gmpcare-True-False-False-True-1-1]" time="0.0004470348358154297"><skipped message="Suite splitting in effect" type="pytest.skip">src/pymortests/riccati.py:60: Suite splitting in effect</skipped></testcase><testcase classname="src.pymortests.riccati" file="src/pymortests/riccati.py" line="60" name="test_ricc_lrcf[10-pymess_dense_nm_gmpcare-True-False-False-True-1-2]" time="0.0005166530609130859"><skipped message="Suite splitting in effect" type="pytest.skip">src/pymortests/riccati.py:60: Suite splitting in effect</skipped></testcase><testcase classname="src.pymortests.riccati" file="src/pymortests/riccati.py" line="60" name="test_ricc_lrcf[10-pymess_dense_nm_gmpcare-True-False-False-True-2-1]" time="0.00044083595275878906"><skipped message="Suite splitting in effect" type="pytest.skip">src/pymortests/riccati.py:60: Suite splitting in effect</skipped></testcase><testcase classname="src.pymortests.riccati" file="src/pymortests/riccati.py" line="60" name="test_ricc_lrcf[10-pymess_dense_nm_gmpcare-True-False-False-True-2-2]" time="0.00048804283142089844"><skipped message="Suite splitting in effect" type="pytest.skip">src/pymortests/riccati.py:60: Suite splitting in effect</skipped></testcase><testcase classname="src.pymortests.riccati" file="src/pymortests/riccati.py" line="60" name="test_ricc_lrcf[10-pymess_dense_nm_gmpcare-True-True-False-False-1-1]" time="0.0005109310150146484"><skipped message="Suite splitting in effect" type="pytest.skip">src/pymortests/riccati.py:60: Suite splitting in effect</skipped></testcase><testcase classname="src.pymortests.riccati" file="src/pymortests/riccati.py" line="60" name="test_ricc_lrcf[10-pymess_dense_nm_gmpcare-True-True-False-False-1-2]" time="0.0004982948303222656"><skipped message="Suite splitting in effect" type="pytest.skip">src/pymortests/riccati.py:60: Suite splitting in effect</skipped></testcase><testcase classname="src.pymortests.riccati" file="src/pymortests/riccati.py" line="60" name="test_ricc_lrcf[10-pymess_dense_nm_gmpcare-True-True-False-False-2-1]" time="0.0010306835174560547"><skipped message="Suite splitting in effect" type="pytest.skip">src/pymortests/riccati.py:60: Suite splitting in effect</skipped></testcase><testcase classname="src.pymortests.riccati" file="src/pymortests/riccati.py" line="60" name="test_ricc_lrcf[10-pymess_dense_nm_gmpcare-True-True-False-False-2-2]" time="0.0004730224609375"><skipped message="Suite splitting in effect" type="pytest.skip">src/pymortests/riccati.py:60: Suite splitting in effect</skipped></testcase><testcase classname="src.pymortests.riccati" file="src/pymortests/riccati.py" line="60" name="test_ricc_lrcf[10-pymess_dense_nm_gmpcare-True-True-False-True-1-1]" time="0.0005092620849609375"><skipped message="Suite splitting in effect" type="pytest.skip">src/pymortests/riccati.py:60: Suite splitting in effect</skipped></testcase><testcase classname="src.pymortests.riccati" file="src/pymortests/riccati.py" line="60" name="test_ricc_lrcf[10-pymess_dense_nm_gmpcare-True-True-False-True-1-2]" time="0.0005559921264648438"><skipped message="Suite splitting in effect" type="pytest.skip">src/pymortests/riccati.py:60: Suite splitting in effect</skipped></testcase><testcase classname="src.pymortests.riccati" file="src/pymortests/riccati.py" line="60" name="test_ricc_lrcf[10-pymess_dense_nm_gmpcare-True-True-False-True-2-1]" time="0.0004901885986328125"><skipped message="Suite splitting in effect" type="pytest.skip">src/pymortests/riccati.py:60: Suite splitting in effect</skipped></testcase><testcase classname="src.pymortests.riccati" file="src/pymortests/riccati.py" line="60" name="test_ricc_lrcf[10-pymess_dense_nm_gmpcare-True-True-False-True-2-2]" time="0.0005419254302978516"><skipped message="Suite splitting in effect" type="pytest.skip">src/pymortests/riccati.py:60: Suite splitting in effect</skipped></testcase><testcase classname="src.pymortests.riccati" file="src/pymortests/riccati.py" line="60" name="test_ricc_lrcf[10-pymess_dense_nm_gmpcare-True-True-True-False-1-1]" time="0.0005207061767578125"><skipped message="Suite splitting in effect" type="pytest.skip">src/pymortests/riccati.py:60: Suite splitting in effect</skipped></testcase><testcase classname="src.pymortests.riccati" file="src/pymortests/riccati.py" line="60" name="test_ricc_lrcf[10-pymess_dense_nm_gmpcare-True-True-True-False-1-2]" time="0.0004425048828125"><skipped message="Suite splitting in effect" type="pytest.skip">src/pymortests/riccati.py:60: Suite splitting in effect</skipped></testcase><testcase classname="src.pymortests.riccati" file="src/pymortests/riccati.py" line="60" name="test_ricc_lrcf[10-pymess_dense_nm_gmpcare-True-True-True-False-2-1]" time="0.0008249282836914062"><skipped message="Suite splitting in effect" type="pytest.skip">src/pymortests/riccati.py:60: Suite splitting in effect</skipped></testcase><testcase classname="src.pymortests.riccati" file="src/pymortests/riccati.py" line="60" name="test_ricc_lrcf[10-pymess_dense_nm_gmpcare-True-True-True-False-2-2]" time="0.0005042552947998047"><skipped message="Suite splitting in effect" type="pytest.skip">src/pymortests/riccati.py:60: Suite splitting in effect</skipped></testcase><testcase classname="src.pymortests.riccati" file="src/pymortests/riccati.py" line="60" name="test_ricc_lrcf[10-pymess_dense_nm_gmpcare-True-True-True-True-1-1]" time="0.0005035400390625"><skipped message="Suite splitting in effect" type="pytest.skip">src/pymortests/riccati.py:60: Suite splitting in effect</skipped></testcase><testcase classname="src.pymortests.riccati" file="src/pymortests/riccati.py" line="60" name="test_ricc_lrcf[10-pymess_dense_nm_gmpcare-True-True-True-True-1-2]" time="0.0004763603210449219"><skipped message="Suite splitting in effect" type="pytest.skip">src/pymortests/riccati.py:60: Suite splitting in effect</skipped></testcase><testcase classname="src.pymortests.riccati" file="src/pymortests/riccati.py" line="60" name="test_ricc_lrcf[10-pymess_dense_nm_gmpcare-True-True-True-True-2-1]" time="0.0005314350128173828"><skipped message="Suite splitting in effect" type="pytest.skip">src/pymortests/riccati.py:60: Suite splitting in effect</skipped></testcase><testcase classname="src.pymortests.riccati" file="src/pymortests/riccati.py" line="60" name="test_ricc_lrcf[10-pymess_dense_nm_gmpcare-True-True-True-True-2-2]" time="0.00045108795166015625"><skipped message="Suite splitting in effect" type="pytest.skip">src/pymortests/riccati.py:60: Suite splitting in effect</skipped></testcase><testcase classname="src.pymortests.riccati" file="src/pymortests/riccati.py" line="60" name="test_ricc_lrcf[20-scipy-False-False-False-False-1-1]" time="0.0005087852478027344"><skipped message="Suite splitting in effect" type="pytest.skip">src/pymortests/riccati.py:60: Suite splitting in effect</skipped></testcase><testcase classname="src.pymortests.riccati" file="src/pymortests/riccati.py" line="60" name="test_ricc_lrcf[20-scipy-False-False-False-False-1-2]" time="0.0005018711090087891"><skipped message="Suite splitting in effect" type="pytest.skip">src/pymortests/riccati.py:60: Suite splitting in effect</skipped></testcase><testcase classname="src.pymortests.riccati" file="src/pymortests/riccati.py" line="60" name="test_ricc_lrcf[20-scipy-False-False-False-False-2-1]" time="0.0008549690246582031"><skipped message="Suite splitting in effect" type="pytest.skip">src/pymortests/riccati.py:60: Suite splitting in effect</skipped></testcase><testcase classname="src.pymortests.riccati" file="src/pymortests/riccati.py" line="60" name="test_ricc_lrcf[20-scipy-False-False-False-False-2-2]" time="0.00048089027404785156"><skipped message="Suite splitting in effect" type="pytest.skip">src/pymortests/riccati.py:60: Suite splitting in effect</skipped></testcase><testcase classname="src.pymortests.riccati" file="src/pymortests/riccati.py" line="60" name="test_ricc_lrcf[20-scipy-False-False-False-True-1-1]" time="0.0005080699920654297"><skipped message="Suite splitting in effect" type="pytest.skip">src/pymortests/riccati.py:60: Suite splitting in effect</skipped></testcase><testcase classname="src.pymortests.riccati" file="src/pymortests/riccati.py" line="60" name="test_ricc_lrcf[20-scipy-False-False-False-True-1-2]" time="0.0005712509155273438"><skipped message="Suite splitting in effect" type="pytest.skip">src/pymortests/riccati.py:60: Suite splitting in effect</skipped></testcase><testcase classname="src.pymortests.riccati" file="src/pymortests/riccati.py" line="60" name="test_ricc_lrcf[20-scipy-False-False-False-True-2-1]" time="0.0005815029144287109"><skipped message="Suite splitting in effect" type="pytest.skip">src/pymortests/riccati.py:60: Suite splitting in effect</skipped></testcase><testcase classname="src.pymortests.riccati" file="src/pymortests/riccati.py" line="60" name="test_ricc_lrcf[20-scipy-False-False-False-True-2-2]" time="0.0005388259887695312"><skipped message="Suite splitting in effect" type="pytest.skip">src/pymortests/riccati.py:60: Suite splitting in effect</skipped></testcase><testcase classname="src.pymortests.riccati" file="src/pymortests/riccati.py" line="60" name="test_ricc_lrcf[20-scipy-False-True-False-False-1-1]" time="0.0005183219909667969"><skipped message="Suite splitting in effect" type="pytest.skip">src/pymortests/riccati.py:60: Suite splitting in effect</skipped></testcase><testcase classname="src.pymortests.riccati" file="src/pymortests/riccati.py" line="60" name="test_ricc_lrcf[20-scipy-False-True-False-False-1-2]" time="0.0005462169647216797"><skipped message="Suite splitting in effect" type="pytest.skip">src/pymortests/riccati.py:60: Suite splitting in effect</skipped></testcase><testcase classname="src.pymortests.riccati" file="src/pymortests/riccati.py" line="60" name="test_ricc_lrcf[20-scipy-False-True-False-False-2-1]" time="0.0009436607360839844"><skipped message="Suite splitting in effect" type="pytest.skip">src/pymortests/riccati.py:60: Suite splitting in effect</skipped></testcase><testcase classname="src.pymortests.riccati" file="src/pymortests/riccati.py" line="60" name="test_ricc_lrcf[20-scipy-False-True-False-False-2-2]" time="0.00045108795166015625"><skipped message="Suite splitting in effect" type="pytest.skip">src/pymortests/riccati.py:60: Suite splitting in effect</skipped></testcase><testcase classname="src.pymortests.riccati" file="src/pymortests/riccati.py" line="60" name="test_ricc_lrcf[20-scipy-False-True-False-True-1-1]" time="0.0004734992980957031"><skipped message="Suite splitting in effect" type="pytest.skip">src/pymortests/riccati.py:60: Suite splitting in effect</skipped></testcase><testcase classname="src.pymortests.riccati" file="src/pymortests/riccati.py" line="60" name="test_ricc_lrcf[20-scipy-False-True-False-True-1-2]" time="0.00044465065002441406"><skipped message="Suite splitting in effect" type="pytest.skip">src/pymortests/riccati.py:60: Suite splitting in effect</skipped></testcase><testcase classname="src.pymortests.riccati" file="src/pymortests/riccati.py" line="60" name="test_ricc_lrcf[20-scipy-False-True-False-True-2-1]" time="0.0004687309265136719"><skipped message="Suite splitting in effect" type="pytest.skip">src/pymortests/riccati.py:60: Suite splitting in effect</skipped></testcase><testcase classname="src.pymortests.riccati" file="src/pymortests/riccati.py" line="60" name="test_ricc_lrcf[20-scipy-False-True-False-True-2-2]" time="0.0005271434783935547"><skipped message="Suite splitting in effect" type="pytest.skip">src/pymortests/riccati.py:60: Suite splitting in effect</skipped></testcase><testcase classname="src.pymortests.riccati" file="src/pymortests/riccati.py" line="60" name="test_ricc_lrcf[20-scipy-False-True-True-False-1-1]" time="0.0005125999450683594"><skipped message="Suite splitting in effect" type="pytest.skip">src/pymortests/riccati.py:60: Suite splitting in effect</skipped></testcase><testcase classname="src.pymortests.riccati" file="src/pymortests/riccati.py" line="60" name="test_ricc_lrcf[20-scipy-False-True-True-False-1-2]" time="0.0004444122314453125"><skipped message="Suite splitting in effect" type="pytest.skip">src/pymortests/riccati.py:60: Suite splitting in effect</skipped></testcase><testcase classname="src.pymortests.riccati" file="src/pymortests/riccati.py" line="60" name="test_ricc_lrcf[20-scipy-False-True-True-False-2-1]" time="0.0007855892181396484"><skipped message="Suite splitting in effect" type="pytest.skip">src/pymortests/riccati.py:60: Suite splitting in effect</skipped></testcase><testcase classname="src.pymortests.riccati" file="src/pymortests/riccati.py" line="60" name="test_ricc_lrcf[20-scipy-False-True-True-False-2-2]" time="0.0005362033843994141"><skipped message="Suite splitting in effect" type="pytest.skip">src/pymortests/riccati.py:60: Suite splitting in effect</skipped></testcase><testcase classname="src.pymortests.riccati" file="src/pymortests/riccati.py" line="60" name="test_ricc_lrcf[20-scipy-False-True-True-True-1-1]" time="0.0005619525909423828"><skipped message="Suite splitting in effect" type="pytest.skip">src/pymortests/riccati.py:60: Suite splitting in effect</skipped></testcase><testcase classname="src.pymortests.riccati" file="src/pymortests/riccati.py" line="60" name="test_ricc_lrcf[20-scipy-False-True-True-True-1-2]" time="0.00054931640625"><skipped message="Suite splitting in effect" type="pytest.skip">src/pymortests/riccati.py:60: Suite splitting in effect</skipped></testcase><testcase classname="src.pymortests.riccati" file="src/pymortests/riccati.py" line="60" name="test_ricc_lrcf[20-scipy-False-True-True-True-2-1]" time="0.00049591064453125"><skipped message="Suite splitting in effect" type="pytest.skip">src/pymortests/riccati.py:60: Suite splitting in effect</skipped></testcase><testcase classname="src.pymortests.riccati" file="src/pymortests/riccati.py" line="60" name="test_ricc_lrcf[20-scipy-False-True-True-True-2-2]" time="0.0005438327789306641"><skipped message="Suite splitting in effect" type="pytest.skip">src/pymortests/riccati.py:60: Suite splitting in effect</skipped></testcase><testcase classname="src.pymortests.riccati" file="src/pymortests/riccati.py" line="60" name="test_ricc_lrcf[20-scipy-True-False-False-False-1-1]" time="0.0005640983581542969"><skipped message="Suite splitting in effect" type="pytest.skip">src/pymortests/riccati.py:60: Suite splitting in effect</skipped></testcase><testcase classname="src.pymortests.riccati" file="src/pymortests/riccati.py" line="60" name="test_ricc_lrcf[20-scipy-True-False-False-False-1-2]" time="0.0004968643188476562"><skipped message="Suite splitting in effect" type="pytest.skip">src/pymortests/riccati.py:60: Suite splitting in effect</skipped></testcase><testcase classname="src.pymortests.riccati" file="src/pymortests/riccati.py" line="60" name="test_ricc_lrcf[20-scipy-True-False-False-False-2-1]" time="0.0010707378387451172"><skipped message="Suite splitting in effect" type="pytest.skip">src/pymortests/riccati.py:60: Suite splitting in effect</skipped></testcase><testcase classname="src.pymortests.riccati" file="src/pymortests/riccati.py" line="60" name="test_ricc_lrcf[20-scipy-True-False-False-False-2-2]" time="0.0004508495330810547"><skipped message="Suite splitting in effect" type="pytest.skip">src/pymortests/riccati.py:60: Suite splitting in effect</skipped></testcase><testcase classname="src.pymortests.riccati" file="src/pymortests/riccati.py" line="60" name="test_ricc_lrcf[20-scipy-True-False-False-True-1-1]" time="0.0005333423614501953"><skipped message="Suite splitting in effect" type="pytest.skip">src/pymortests/riccati.py:60: Suite splitting in effect</skipped></testcase><testcase classname="src.pymortests.riccati" file="src/pymortests/riccati.py" line="60" name="test_ricc_lrcf[20-scipy-True-False-False-True-1-2]" time="0.0005331039428710938"><skipped message="Suite splitting in effect" type="pytest.skip">src/pymortests/riccati.py:60: Suite splitting in effect</skipped></testcase><testcase classname="src.pymortests.riccati" file="src/pymortests/riccati.py" line="60" name="test_ricc_lrcf[20-scipy-True-False-False-True-2-1]" time="0.0004706382751464844"><skipped message="Suite splitting in effect" type="pytest.skip">src/pymortests/riccati.py:60: Suite splitting in effect</skipped></testcase><testcase classname="src.pymortests.riccati" file="src/pymortests/riccati.py" line="60" name="test_ricc_lrcf[20-scipy-True-False-False-True-2-2]" time="0.0005180835723876953"><skipped message="Suite splitting in effect" type="pytest.skip">src/pymortests/riccati.py:60: Suite splitting in effect</skipped></testcase><testcase classname="src.pymortests.riccati" file="src/pymortests/riccati.py" line="60" name="test_ricc_lrcf[20-scipy-True-True-False-False-1-1]" time="0.0005855560302734375"><skipped message="Suite splitting in effect" type="pytest.skip">src/pymortests/riccati.py:60: Suite splitting in effect</skipped></testcase><testcase classname="src.pymortests.riccati" file="src/pymortests/riccati.py" line="60" name="test_ricc_lrcf[20-scipy-True-True-False-False-1-2]" time="0.0005071163177490234"><skipped message="Suite splitting in effect" type="pytest.skip">src/pymortests/riccati.py:60: Suite splitting in effect</skipped></testcase><testcase classname="src.pymortests.riccati" file="src/pymortests/riccati.py" line="60" name="test_ricc_lrcf[20-scipy-True-True-False-False-2-1]" time="0.0008375644683837891"><skipped message="Suite splitting in effect" type="pytest.skip">src/pymortests/riccati.py:60: Suite splitting in effect</skipped></testcase><testcase classname="src.pymortests.riccati" file="src/pymortests/riccati.py" line="60" name="test_ricc_lrcf[20-scipy-True-True-False-False-2-2]" time="0.0004851818084716797"><skipped message="Suite splitting in effect" type="pytest.skip">src/pymortests/riccati.py:60: Suite splitting in effect</skipped></testcase><testcase classname="src.pymortests.riccati" file="src/pymortests/riccati.py" line="60" name="test_ricc_lrcf[20-scipy-True-True-False-True-1-1]" time="0.0005710124969482422"><skipped message="Suite splitting in effect" type="pytest.skip">src/pymortests/riccati.py:60: Suite splitting in effect</skipped></testcase><testcase classname="src.pymortests.riccati" file="src/pymortests/riccati.py" line="60" name="test_ricc_lrcf[20-scipy-True-True-False-True-1-2]" time="0.0005745887756347656"><skipped message="Suite splitting in effect" type="pytest.skip">src/pymortests/riccati.py:60: Suite splitting in effect</skipped></testcase><testcase classname="src.pymortests.riccati" file="src/pymortests/riccati.py" line="60" name="test_ricc_lrcf[20-scipy-True-True-False-True-2-1]" time="0.00048041343688964844"><skipped message="Suite splitting in effect" type="pytest.skip">src/pymortests/riccati.py:60: Suite splitting in effect</skipped></testcase><testcase classname="src.pymortests.riccati" file="src/pymortests/riccati.py" line="60" name="test_ricc_lrcf[20-scipy-True-True-False-True-2-2]" time="0.0004782676696777344"><skipped message="Suite splitting in effect" type="pytest.skip">src/pymortests/riccati.py:60: Suite splitting in effect</skipped></testcase><testcase classname="src.pymortests.riccati" file="src/pymortests/riccati.py" line="60" name="test_ricc_lrcf[20-scipy-True-True-True-False-1-1]" time="0.0005521774291992188"><skipped message="Suite splitting in effect" type="pytest.skip">src/pymortests/riccati.py:60: Suite splitting in effect</skipped></testcase><testcase classname="src.pymortests.riccati" file="src/pymortests/riccati.py" line="60" name="test_ricc_lrcf[20-scipy-True-True-True-False-1-2]" time="0.0006241798400878906"><skipped message="Suite splitting in effect" type="pytest.skip">src/pymortests/riccati.py:60: Suite splitting in effect</skipped></testcase><testcase classname="src.pymortests.riccati" file="src/pymortests/riccati.py" line="60" name="test_ricc_lrcf[20-scipy-True-True-True-False-2-1]" time="0.0010962486267089844"><skipped message="Suite splitting in effect" type="pytest.skip">src/pymortests/riccati.py:60: Suite splitting in effect</skipped></testcase><testcase classname="src.pymortests.riccati" file="src/pymortests/riccati.py" line="60" name="test_ricc_lrcf[20-scipy-True-True-True-False-2-2]" time="0.0005669593811035156"><skipped message="Suite splitting in effect" type="pytest.skip">src/pymortests/riccati.py:60: Suite splitting in effect</skipped></testcase><testcase classname="src.pymortests.riccati" file="src/pymortests/riccati.py" line="60" name="test_ricc_lrcf[20-scipy-True-True-True-True-1-1]" time="0.0004673004150390625"><skipped message="Suite splitting in effect" type="pytest.skip">src/pymortests/riccati.py:60: Suite splitting in effect</skipped></testcase><testcase classname="src.pymortests.riccati" file="src/pymortests/riccati.py" line="60" name="test_ricc_lrcf[20-scipy-True-True-True-True-1-2]" time="0.0005245208740234375"><skipped message="Suite splitting in effect" type="pytest.skip">src/pymortests/riccati.py:60: Suite splitting in effect</skipped></testcase><testcase classname="src.pymortests.riccati" file="src/pymortests/riccati.py" line="60" name="test_ricc_lrcf[20-scipy-True-True-True-True-2-1]" time="0.00046062469482421875"><skipped message="Suite splitting in effect" type="pytest.skip">src/pymortests/riccati.py:60: Suite splitting in effect</skipped></testcase><testcase classname="src.pymortests.riccati" file="src/pymortests/riccati.py" line="60" name="test_ricc_lrcf[20-scipy-True-True-True-True-2-2]" time="0.0004966259002685547"><skipped message="Suite splitting in effect" type="pytest.skip">src/pymortests/riccati.py:60: Suite splitting in effect</skipped></testcase><testcase classname="src.pymortests.riccati" file="src/pymortests/riccati.py" line="60" name="test_ricc_lrcf[20-slycot-False-False-False-False-1-1]" time="0.00046944618225097656"><skipped message="Suite splitting in effect" type="pytest.skip">src/pymortests/riccati.py:60: Suite splitting in effect</skipped></testcase><testcase classname="src.pymortests.riccati" file="src/pymortests/riccati.py" line="60" name="test_ricc_lrcf[20-slycot-False-False-False-False-1-2]" time="0.0006139278411865234"><skipped message="Suite splitting in effect" type="pytest.skip">src/pymortests/riccati.py:60: Suite splitting in effect</skipped></testcase><testcase classname="src.pymortests.riccati" file="src/pymortests/riccati.py" line="60" name="test_ricc_lrcf[20-slycot-False-False-False-False-2-1]" time="0.0009753704071044922"><skipped message="Suite splitting in effect" type="pytest.skip">src/pymortests/riccati.py:60: Suite splitting in effect</skipped></testcase><testcase classname="src.pymortests.riccati" file="src/pymortests/riccati.py" line="60" name="test_ricc_lrcf[20-slycot-False-False-False-False-2-2]" time="0.0005888938903808594"><skipped message="Suite splitting in effect" type="pytest.skip">src/pymortests/riccati.py:60: Suite splitting in effect</skipped></testcase><testcase classname="src.pymortests.riccati" file="src/pymortests/riccati.py" line="60" name="test_ricc_lrcf[20-slycot-False-False-False-True-1-1]" time="0.000545501708984375"><skipped message="Suite splitting in effect" type="pytest.skip">src/pymortests/riccati.py:60: Suite splitting in effect</skipped></testcase><testcase classname="src.pymortests.riccati" file="src/pymortests/riccati.py" line="60" name="test_ricc_lrcf[20-slycot-False-False-False-True-1-2]" time="0.00047850608825683594"><skipped message="Suite splitting in effect" type="pytest.skip">src/pymortests/riccati.py:60: Suite splitting in effect</skipped></testcase><testcase classname="src.pymortests.riccati" file="src/pymortests/riccati.py" line="60" name="test_ricc_lrcf[20-slycot-False-False-False-True-2-1]" time="0.0005407333374023438"><skipped message="Suite splitting in effect" type="pytest.skip">src/pymortests/riccati.py:60: Suite splitting in effect</skipped></testcase><testcase classname="src.pymortests.riccati" file="src/pymortests/riccati.py" line="60" name="test_ricc_lrcf[20-slycot-False-False-False-True-2-2]" time="0.0005738735198974609"><skipped message="Suite splitting in effect" type="pytest.skip">src/pymortests/riccati.py:60: Suite splitting in effect</skipped></testcase><testcase classname="src.pymortests.riccati" file="src/pymortests/riccati.py" line="60" name="test_ricc_lrcf[20-slycot-False-True-False-False-1-1]" time="0.0004780292510986328"><skipped message="Suite splitting in effect" type="pytest.skip">src/pymortests/riccati.py:60: Suite splitting in effect</skipped></testcase><testcase classname="src.pymortests.riccati" file="src/pymortests/riccati.py" line="60" name="test_ricc_lrcf[20-slycot-False-True-False-False-1-2]" time="0.0005383491516113281"><skipped message="Suite splitting in effect" type="pytest.skip">src/pymortests/riccati.py:60: Suite splitting in effect</skipped></testcase><testcase classname="src.pymortests.riccati" file="src/pymortests/riccati.py" line="60" name="test_ricc_lrcf[20-slycot-False-True-False-False-2-1]" time="0.0009262561798095703"><skipped message="Suite splitting in effect" type="pytest.skip">src/pymortests/riccati.py:60: Suite splitting in effect</skipped></testcase><testcase classname="src.pymortests.riccati" file="src/pymortests/riccati.py" line="60" name="test_ricc_lrcf[20-slycot-False-True-False-False-2-2]" time="0.0005650520324707031"><skipped message="Suite splitting in effect" type="pytest.skip">src/pymortests/riccati.py:60: Suite splitting in effect</skipped></testcase><testcase classname="src.pymortests.riccati" file="src/pymortests/riccati.py" line="60" name="test_ricc_lrcf[20-slycot-False-True-False-True-1-1]" time="0.0004558563232421875"><skipped message="Suite splitting in effect" type="pytest.skip">src/pymortests/riccati.py:60: Suite splitting in effect</skipped></testcase><testcase classname="src.pymortests.riccati" file="src/pymortests/riccati.py" line="60" name="test_ricc_lrcf[20-slycot-False-True-False-True-1-2]" time="0.0005362033843994141"><skipped message="Suite splitting in effect" type="pytest.skip">src/pymortests/riccati.py:60: Suite splitting in effect</skipped></testcase><testcase classname="src.pymortests.riccati" file="src/pymortests/riccati.py" line="60" name="test_ricc_lrcf[20-slycot-False-True-False-True-2-1]" time="0.0005426406860351562"><skipped message="Suite splitting in effect" type="pytest.skip">src/pymortests/riccati.py:60: Suite splitting in effect</skipped></testcase><testcase classname="src.pymortests.riccati" file="src/pymortests/riccati.py" line="60" name="test_ricc_lrcf[20-slycot-False-True-False-True-2-2]" time="0.0004343986511230469"><skipped message="Suite splitting in effect" type="pytest.skip">src/pymortests/riccati.py:60: Suite splitting in effect</skipped></testcase><testcase classname="src.pymortests.riccati" file="src/pymortests/riccati.py" line="60" name="test_ricc_lrcf[20-slycot-False-True-True-False-1-1]" time="0.0005152225494384766"><skipped message="Suite splitting in effect" type="pytest.skip">src/pymortests/riccati.py:60: Suite splitting in effect</skipped></testcase><testcase classname="src.pymortests.riccati" file="src/pymortests/riccati.py" line="60" name="test_ricc_lrcf[20-slycot-False-True-True-False-1-2]" time="0.0004911422729492188"><skipped message="Suite splitting in effect" type="pytest.skip">src/pymortests/riccati.py:60: Suite splitting in effect</skipped></testcase><testcase classname="src.pymortests.riccati" file="src/pymortests/riccati.py" line="60" name="test_ricc_lrcf[20-slycot-False-True-True-False-2-1]" time="0.0009660720825195312"><skipped message="Suite splitting in effect" type="pytest.skip">src/pymortests/riccati.py:60: Suite splitting in effect</skipped></testcase><testcase classname="src.pymortests.riccati" file="src/pymortests/riccati.py" line="60" name="test_ricc_lrcf[20-slycot-False-True-True-False-2-2]" time="0.0004839897155761719"><skipped message="Suite splitting in effect" type="pytest.skip">src/pymortests/riccati.py:60: Suite splitting in effect</skipped></testcase><testcase classname="src.pymortests.riccati" file="src/pymortests/riccati.py" line="60" name="test_ricc_lrcf[20-slycot-False-True-True-True-1-1]" time="0.00058746337890625"><skipped message="Suite splitting in effect" type="pytest.skip">src/pymortests/riccati.py:60: Suite splitting in effect</skipped></testcase><testcase classname="src.pymortests.riccati" file="src/pymortests/riccati.py" line="60" name="test_ricc_lrcf[20-slycot-False-True-True-True-1-2]" time="0.0005979537963867188"><skipped message="Suite splitting in effect" type="pytest.skip">src/pymortests/riccati.py:60: Suite splitting in effect</skipped></testcase><testcase classname="src.pymortests.riccati" file="src/pymortests/riccati.py" line="60" name="test_ricc_lrcf[20-slycot-False-True-True-True-2-1]" time="0.0004932880401611328"><skipped message="Suite splitting in effect" type="pytest.skip">src/pymortests/riccati.py:60: Suite splitting in effect</skipped></testcase><testcase classname="src.pymortests.riccati" file="src/pymortests/riccati.py" line="60" name="test_ricc_lrcf[20-slycot-False-True-True-True-2-2]" time="0.00048828125"><skipped message="Suite splitting in effect" type="pytest.skip">src/pymortests/riccati.py:60: Suite splitting in effect</skipped></testcase><testcase classname="src.pymortests.riccati" file="src/pymortests/riccati.py" line="60" name="test_ricc_lrcf[20-slycot-True-False-False-False-1-1]" time="0.0005061626434326172"><skipped message="Suite splitting in effect" type="pytest.skip">src/pymortests/riccati.py:60: Suite splitting in effect</skipped></testcase><testcase classname="src.pymortests.riccati" file="src/pymortests/riccati.py" line="60" name="test_ricc_lrcf[20-slycot-True-False-False-False-1-2]" time="0.00055694580078125"><skipped message="Suite splitting in effect" type="pytest.skip">src/pymortests/riccati.py:60: Suite splitting in effect</skipped></testcase><testcase classname="src.pymortests.riccati" file="src/pymortests/riccati.py" line="60" name="test_ricc_lrcf[20-slycot-True-False-False-False-2-1]" time="0.0008692741394042969"><skipped message="Suite splitting in effect" type="pytest.skip">src/pymortests/riccati.py:60: Suite splitting in effect</skipped></testcase><testcase classname="src.pymortests.riccati" file="src/pymortests/riccati.py" line="60" name="test_ricc_lrcf[20-slycot-True-False-False-False-2-2]" time="0.0005166530609130859"><skipped message="Suite splitting in effect" type="pytest.skip">src/pymortests/riccati.py:60: Suite splitting in effect</skipped></testcase><testcase classname="src.pymortests.riccati" file="src/pymortests/riccati.py" line="60" name="test_ricc_lrcf[20-slycot-True-False-False-True-1-1]" time="0.00048542022705078125"><skipped message="Suite splitting in effect" type="pytest.skip">src/pymortests/riccati.py:60: Suite splitting in effect</skipped></testcase><testcase classname="src.pymortests.riccati" file="src/pymortests/riccati.py" line="60" name="test_ricc_lrcf[20-slycot-True-False-False-True-1-2]" time="0.0006594657897949219"><skipped message="Suite splitting in effect" type="pytest.skip">src/pymortests/riccati.py:60: Suite splitting in effect</skipped></testcase><testcase classname="src.pymortests.riccati" file="src/pymortests/riccati.py" line="60" name="test_ricc_lrcf[20-slycot-True-False-False-True-2-1]" time="0.0004849433898925781"><skipped message="Suite splitting in effect" type="pytest.skip">src/pymortests/riccati.py:60: Suite splitting in effect</skipped></testcase><testcase classname="src.pymortests.riccati" file="src/pymortests/riccati.py" line="60" name="test_ricc_lrcf[20-slycot-True-False-False-True-2-2]" time="0.0005068778991699219"><skipped message="Suite splitting in effect" type="pytest.skip">src/pymortests/riccati.py:60: Suite splitting in effect</skipped></testcase><testcase classname="src.pymortests.riccati" file="src/pymortests/riccati.py" line="60" name="test_ricc_lrcf[20-slycot-True-True-False-False-1-1]" time="0.0005199909210205078"><skipped message="Suite splitting in effect" type="pytest.skip">src/pymortests/riccati.py:60: Suite splitting in effect</skipped></testcase><testcase classname="src.pymortests.riccati" file="src/pymortests/riccati.py" line="60" name="test_ricc_lrcf[20-slycot-True-True-False-False-1-2]" time="0.0004911422729492188"><skipped message="Suite splitting in effect" type="pytest.skip">src/pymortests/riccati.py:60: Suite splitting in effect</skipped></testcase><testcase classname="src.pymortests.riccati" file="src/pymortests/riccati.py" line="60" name="test_ricc_lrcf[20-slycot-True-True-False-False-2-1]" time="0.0008406639099121094"><skipped message="Suite splitting in effect" type="pytest.skip">src/pymortests/riccati.py:60: Suite splitting in effect</skipped></testcase><testcase classname="src.pymortests.riccati" file="src/pymortests/riccati.py" line="60" name="test_ricc_lrcf[20-slycot-True-True-False-False-2-2]" time="0.0004742145538330078"><skipped message="Suite splitting in effect" type="pytest.skip">src/pymortests/riccati.py:60: Suite splitting in effect</skipped></testcase><testcase classname="src.pymortests.riccati" file="src/pymortests/riccati.py" line="60" name="test_ricc_lrcf[20-slycot-True-True-False-True-1-1]" time="0.0005671977996826172"><skipped message="Suite splitting in effect" type="pytest.skip">src/pymortests/riccati.py:60: Suite splitting in effect</skipped></testcase><testcase classname="src.pymortests.riccati" file="src/pymortests/riccati.py" line="60" name="test_ricc_lrcf[20-slycot-True-True-False-True-1-2]" time="0.0004858970642089844"><skipped message="Suite splitting in effect" type="pytest.skip">src/pymortests/riccati.py:60: Suite splitting in effect</skipped></testcase><testcase classname="src.pymortests.riccati" file="src/pymortests/riccati.py" line="60" name="test_ricc_lrcf[20-slycot-True-True-False-True-2-1]" time="0.0004801750183105469"><skipped message="Suite splitting in effect" type="pytest.skip">src/pymortests/riccati.py:60: Suite splitting in effect</skipped></testcase><testcase classname="src.pymortests.riccati" file="src/pymortests/riccati.py" line="60" name="test_ricc_lrcf[20-slycot-True-True-False-True-2-2]" time="0.0005049705505371094"><skipped message="Suite splitting in effect" type="pytest.skip">src/pymortests/riccati.py:60: Suite splitting in effect</skipped></testcase><testcase classname="src.pymortests.riccati" file="src/pymortests/riccati.py" line="60" name="test_ricc_lrcf[20-slycot-True-True-True-False-1-1]" time="0.00048089027404785156"><skipped message="Suite splitting in effect" type="pytest.skip">src/pymortests/riccati.py:60: Suite splitting in effect</skipped></testcase><testcase classname="src.pymortests.riccati" file="src/pymortests/riccati.py" line="60" name="test_ricc_lrcf[20-slycot-True-True-True-False-1-2]" time="0.00047969818115234375"><skipped message="Suite splitting in effect" type="pytest.skip">src/pymortests/riccati.py:60: Suite splitting in effect</skipped></testcase><testcase classname="src.pymortests.riccati" file="src/pymortests/riccati.py" line="60" name="test_ricc_lrcf[20-slycot-True-True-True-False-2-1]" time="0.0008108615875244141"><skipped message="Suite splitting in effect" type="pytest.skip">src/pymortests/riccati.py:60: Suite splitting in effect</skipped></testcase><testcase classname="src.pymortests.riccati" file="src/pymortests/riccati.py" line="60" name="test_ricc_lrcf[20-slycot-True-True-True-False-2-2]" time="0.0005238056182861328"><skipped message="Suite splitting in effect" type="pytest.skip">src/pymortests/riccati.py:60: Suite splitting in effect</skipped></testcase><testcase classname="src.pymortests.riccati" file="src/pymortests/riccati.py" line="60" name="test_ricc_lrcf[20-slycot-True-True-True-True-1-1]" time="0.00048041343688964844"><skipped message="Suite splitting in effect" type="pytest.skip">src/pymortests/riccati.py:60: Suite splitting in effect</skipped></testcase><testcase classname="src.pymortests.riccati" file="src/pymortests/riccati.py" line="60" name="test_ricc_lrcf[20-slycot-True-True-True-True-1-2]" time="0.00048065185546875"><skipped message="Suite splitting in effect" type="pytest.skip">src/pymortests/riccati.py:60: Suite splitting in effect</skipped></testcase><testcase classname="src.pymortests.riccati" file="src/pymortests/riccati.py" line="60" name="test_ricc_lrcf[20-slycot-True-True-True-True-2-1]" time="0.0005323886871337891"><skipped message="Suite splitting in effect" type="pytest.skip">src/pymortests/riccati.py:60: Suite splitting in effect</skipped></testcase><testcase classname="src.pymortests.riccati" file="src/pymortests/riccati.py" line="60" name="test_ricc_lrcf[20-slycot-True-True-True-True-2-2]" time="0.00044274330139160156"><skipped message="Suite splitting in effect" type="pytest.skip">src/pymortests/riccati.py:60: Suite splitting in effect</skipped></testcase><testcase classname="src.pymortests.riccati" file="src/pymortests/riccati.py" line="60" name="test_ricc_lrcf[20-pymess_dense_nm_gmpcare-False-False-False-False-1-1]" time="0.00046324729919433594"><skipped message="Suite splitting in effect" type="pytest.skip">src/pymortests/riccati.py:60: Suite splitting in effect</skipped></testcase><testcase classname="src.pymortests.riccati" file="src/pymortests/riccati.py" line="60" name="test_ricc_lrcf[20-pymess_dense_nm_gmpcare-False-False-False-False-1-2]" time="0.0004839897155761719"><skipped message="Suite splitting in effect" type="pytest.skip">src/pymortests/riccati.py:60: Suite splitting in effect</skipped></testcase><testcase classname="src.pymortests.riccati" file="src/pymortests/riccati.py" line="60" name="test_ricc_lrcf[20-pymess_dense_nm_gmpcare-False-False-False-False-2-1]" time="0.0008144378662109375"><skipped message="Suite splitting in effect" type="pytest.skip">src/pymortests/riccati.py:60: Suite splitting in effect</skipped></testcase><testcase classname="src.pymortests.riccati" file="src/pymortests/riccati.py" line="60" name="test_ricc_lrcf[20-pymess_dense_nm_gmpcare-False-False-False-False-2-2]" time="0.0005283355712890625"><skipped message="Suite splitting in effect" type="pytest.skip">src/pymortests/riccati.py:60: Suite splitting in effect</skipped></testcase><testcase classname="src.pymortests.riccati" file="src/pymortests/riccati.py" line="60" name="test_ricc_lrcf[20-pymess_dense_nm_gmpcare-False-False-False-True-1-1]" time="0.0005235671997070312"><skipped message="Suite splitting in effect" type="pytest.skip">src/pymortests/riccati.py:60: Suite splitting in effect</skipped></testcase><testcase classname="src.pymortests.riccati" file="src/pymortests/riccati.py" line="60" name="test_ricc_lrcf[20-pymess_dense_nm_gmpcare-False-False-False-True-1-2]" time="0.0004744529724121094"><skipped message="Suite splitting in effect" type="pytest.skip">src/pymortests/riccati.py:60: Suite splitting in effect</skipped></testcase><testcase classname="src.pymortests.riccati" file="src/pymortests/riccati.py" line="60" name="test_ricc_lrcf[20-pymess_dense_nm_gmpcare-False-False-False-True-2-1]" time="0.0004909038543701172"><skipped message="Suite splitting in effect" type="pytest.skip">src/pymortests/riccati.py:60: Suite splitting in effect</skipped></testcase><testcase classname="src.pymortests.riccati" file="src/pymortests/riccati.py" line="60" name="test_ricc_lrcf[20-pymess_dense_nm_gmpcare-False-False-False-True-2-2]" time="0.0006041526794433594"><skipped message="Suite splitting in effect" type="pytest.skip">src/pymortests/riccati.py:60: Suite splitting in effect</skipped></testcase><testcase classname="src.pymortests.riccati" file="src/pymortests/riccati.py" line="60" name="test_ricc_lrcf[20-pymess_dense_nm_gmpcare-False-True-False-False-1-1]" time="0.00047016143798828125"><skipped message="Suite splitting in effect" type="pytest.skip">src/pymortests/riccati.py:60: Suite splitting in effect</skipped></testcase><testcase classname="src.pymortests.riccati" file="src/pymortests/riccati.py" line="60" name="test_ricc_lrcf[20-pymess_dense_nm_gmpcare-False-True-False-False-1-2]" time="0.000545501708984375"><skipped message="Suite splitting in effect" type="pytest.skip">src/pymortests/riccati.py:60: Suite splitting in effect</skipped></testcase><testcase classname="src.pymortests.riccati" file="src/pymortests/riccati.py" line="60" name="test_ricc_lrcf[20-pymess_dense_nm_gmpcare-False-True-False-False-2-1]" time="0.0009160041809082031"><skipped message="Suite splitting in effect" type="pytest.skip">src/pymortests/riccati.py:60: Suite splitting in effect</skipped></testcase><testcase classname="src.pymortests.riccati" file="src/pymortests/riccati.py" line="60" name="test_ricc_lrcf[20-pymess_dense_nm_gmpcare-False-True-False-False-2-2]" time="0.0005981922149658203"><skipped message="Suite splitting in effect" type="pytest.skip">src/pymortests/riccati.py:60: Suite splitting in effect</skipped></testcase><testcase classname="src.pymortests.riccati" file="src/pymortests/riccati.py" line="60" name="test_ricc_lrcf[20-pymess_dense_nm_gmpcare-False-True-False-True-1-1]" time="0.0004951953887939453"><skipped message="Suite splitting in effect" type="pytest.skip">src/pymortests/riccati.py:60: Suite splitting in effect</skipped></testcase><testcase classname="src.pymortests.riccati" file="src/pymortests/riccati.py" line="60" name="test_ricc_lrcf[20-pymess_dense_nm_gmpcare-False-True-False-True-1-2]" time="0.0005431175231933594"><skipped message="Suite splitting in effect" type="pytest.skip">src/pymortests/riccati.py:60: Suite splitting in effect</skipped></testcase><testcase classname="src.pymortests.riccati" file="src/pymortests/riccati.py" line="60" name="test_ricc_lrcf[20-pymess_dense_nm_gmpcare-False-True-False-True-2-1]" time="0.0005829334259033203"><skipped message="Suite splitting in effect" type="pytest.skip">src/pymortests/riccati.py:60: Suite splitting in effect</skipped></testcase><testcase classname="src.pymortests.riccati" file="src/pymortests/riccati.py" line="60" name="test_ricc_lrcf[20-pymess_dense_nm_gmpcare-False-True-False-True-2-2]" time="0.0004851818084716797"><skipped message="Suite splitting in effect" type="pytest.skip">src/pymortests/riccati.py:60: Suite splitting in effect</skipped></testcase><testcase classname="src.pymortests.riccati" file="src/pymortests/riccati.py" line="60" name="test_ricc_lrcf[20-pymess_dense_nm_gmpcare-False-True-True-False-1-1]" time="0.0004634857177734375"><skipped message="Suite splitting in effect" type="pytest.skip">src/pymortests/riccati.py:60: Suite splitting in effect</skipped></testcase><testcase classname="src.pymortests.riccati" file="src/pymortests/riccati.py" line="60" name="test_ricc_lrcf[20-pymess_dense_nm_gmpcare-False-True-True-False-1-2]" time="0.0005142688751220703"><skipped message="Suite splitting in effect" type="pytest.skip">src/pymortests/riccati.py:60: Suite splitting in effect</skipped></testcase><testcase classname="src.pymortests.riccati" file="src/pymortests/riccati.py" line="60" name="test_ricc_lrcf[20-pymess_dense_nm_gmpcare-False-True-True-False-2-1]" time="0.0010356903076171875"><skipped message="Suite splitting in effect" type="pytest.skip">src/pymortests/riccati.py:60: Suite splitting in effect</skipped></testcase><testcase classname="src.pymortests.riccati" file="src/pymortests/riccati.py" line="60" name="test_ricc_lrcf[20-pymess_dense_nm_gmpcare-False-True-True-False-2-2]" time="0.0004987716674804688"><skipped message="Suite splitting in effect" type="pytest.skip">src/pymortests/riccati.py:60: Suite splitting in effect</skipped></testcase><testcase classname="src.pymortests.riccati" file="src/pymortests/riccati.py" line="60" name="test_ricc_lrcf[20-pymess_dense_nm_gmpcare-False-True-True-True-1-1]" time="0.0004515647888183594"><skipped message="Suite splitting in effect" type="pytest.skip">src/pymortests/riccati.py:60: Suite splitting in effect</skipped></testcase><testcase classname="src.pymortests.riccati" file="src/pymortests/riccati.py" line="60" name="test_ricc_lrcf[20-pymess_dense_nm_gmpcare-False-True-True-True-1-2]" time="0.0004851818084716797"><skipped message="Suite splitting in effect" type="pytest.skip">src/pymortests/riccati.py:60: Suite splitting in effect</skipped></testcase><testcase classname="src.pymortests.riccati" file="src/pymortests/riccati.py" line="60" name="test_ricc_lrcf[20-pymess_dense_nm_gmpcare-False-True-True-True-2-1]" time="0.0004482269287109375"><skipped message="Suite splitting in effect" type="pytest.skip">src/pymortests/riccati.py:60: Suite splitting in effect</skipped></testcase><testcase classname="src.pymortests.riccati" file="src/pymortests/riccati.py" line="60" name="test_ricc_lrcf[20-pymess_dense_nm_gmpcare-False-True-True-True-2-2]" time="0.0004754066467285156"><skipped message="Suite splitting in effect" type="pytest.skip">src/pymortests/riccati.py:60: Suite splitting in effect</skipped></testcase><testcase classname="src.pymortests.riccati" file="src/pymortests/riccati.py" line="60" name="test_ricc_lrcf[20-pymess_dense_nm_gmpcare-True-False-False-False-1-1]" time="0.0005018711090087891"><skipped message="Suite splitting in effect" type="pytest.skip">src/pymortests/riccati.py:60: Suite splitting in effect</skipped></testcase><testcase classname="src.pymortests.riccati" file="src/pymortests/riccati.py" line="60" name="test_ricc_lrcf[20-pymess_dense_nm_gmpcare-True-False-False-False-1-2]" time="0.0005388259887695312"><skipped message="Suite splitting in effect" type="pytest.skip">src/pymortests/riccati.py:60: Suite splitting in effect</skipped></testcase><testcase classname="src.pymortests.riccati" file="src/pymortests/riccati.py" line="60" name="test_ricc_lrcf[20-pymess_dense_nm_gmpcare-True-False-False-False-2-1]" time="0.0008754730224609375"><skipped message="Suite splitting in effect" type="pytest.skip">src/pymortests/riccati.py:60: Suite splitting in effect</skipped></testcase><testcase classname="src.pymortests.riccati" file="src/pymortests/riccati.py" line="60" name="test_ricc_lrcf[20-pymess_dense_nm_gmpcare-True-False-False-False-2-2]" time="0.00044417381286621094"><skipped message="Suite splitting in effect" type="pytest.skip">src/pymortests/riccati.py:60: Suite splitting in effect</skipped></testcase><testcase classname="src.pymortests.riccati" file="src/pymortests/riccati.py" line="60" name="test_ricc_lrcf[20-pymess_dense_nm_gmpcare-True-False-False-True-1-1]" time="0.000545501708984375"><skipped message="Suite splitting in effect" type="pytest.skip">src/pymortests/riccati.py:60: Suite splitting in effect</skipped></testcase><testcase classname="src.pymortests.riccati" file="src/pymortests/riccati.py" line="60" name="test_ricc_lrcf[20-pymess_dense_nm_gmpcare-True-False-False-True-1-2]" time="0.0004951953887939453"><skipped message="Suite splitting in effect" type="pytest.skip">src/pymortests/riccati.py:60: Suite splitting in effect</skipped></testcase><testcase classname="src.pymortests.riccati" file="src/pymortests/riccati.py" line="60" name="test_ricc_lrcf[20-pymess_dense_nm_gmpcare-True-False-False-True-2-1]" time="0.0004634857177734375"><skipped message="Suite splitting in effect" type="pytest.skip">src/pymortests/riccati.py:60: Suite splitting in effect</skipped></testcase><testcase classname="src.pymortests.riccati" file="src/pymortests/riccati.py" line="60" name="test_ricc_lrcf[20-pymess_dense_nm_gmpcare-True-False-False-True-2-2]" time="0.0005364418029785156"><skipped message="Suite splitting in effect" type="pytest.skip">src/pymortests/riccati.py:60: Suite splitting in effect</skipped></testcase><testcase classname="src.pymortests.riccati" file="src/pymortests/riccati.py" line="60" name="test_ricc_lrcf[20-pymess_dense_nm_gmpcare-True-True-False-False-1-1]" time="0.0004603862762451172"><skipped message="Suite splitting in effect" type="pytest.skip">src/pymortests/riccati.py:60: Suite splitting in effect</skipped></testcase><testcase classname="src.pymortests.riccati" file="src/pymortests/riccati.py" line="60" name="test_ricc_lrcf[20-pymess_dense_nm_gmpcare-True-True-False-False-1-2]" time="0.00047516822814941406"><skipped message="Suite splitting in effect" type="pytest.skip">src/pymortests/riccati.py:60: Suite splitting in effect</skipped></testcase><testcase classname="src.pymortests.riccati" file="src/pymortests/riccati.py" line="60" name="test_ricc_lrcf[20-pymess_dense_nm_gmpcare-True-True-False-False-2-1]" time="0.0007731914520263672"><skipped message="Suite splitting in effect" type="pytest.skip">src/pymortests/riccati.py:60: Suite splitting in effect</skipped></testcase><testcase classname="src.pymortests.riccati" file="src/pymortests/riccati.py" line="60" name="test_ricc_lrcf[20-pymess_dense_nm_gmpcare-True-True-False-False-2-2]" time="0.0005364418029785156"><skipped message="Suite splitting in effect" type="pytest.skip">src/pymortests/riccati.py:60: Suite splitting in effect</skipped></testcase><testcase classname="src.pymortests.riccati" file="src/pymortests/riccati.py" line="60" name="test_ricc_lrcf[20-pymess_dense_nm_gmpcare-True-True-False-True-1-1]" time="0.00045371055603027344"><skipped message="Suite splitting in effect" type="pytest.skip">src/pymortests/riccati.py:60: Suite splitting in effect</skipped></testcase><testcase classname="src.pymortests.riccati" file="src/pymortests/riccati.py" line="60" name="test_ricc_lrcf[20-pymess_dense_nm_gmpcare-True-True-False-True-1-2]" time="0.00047659873962402344"><skipped message="Suite splitting in effect" type="pytest.skip">src/pymortests/riccati.py:60: Suite splitting in effect</skipped></testcase><testcase classname="src.pymortests.riccati" file="src/pymortests/riccati.py" line="60" name="test_ricc_lrcf[20-pymess_dense_nm_gmpcare-True-True-False-True-2-1]" time="0.0005364418029785156"><skipped message="Suite splitting in effect" type="pytest.skip">src/pymortests/riccati.py:60: Suite splitting in effect</skipped></testcase><testcase classname="src.pymortests.riccati" file="src/pymortests/riccati.py" line="60" name="test_ricc_lrcf[20-pymess_dense_nm_gmpcare-True-True-False-True-2-2]" time="0.000457763671875"><skipped message="Suite splitting in effect" type="pytest.skip">src/pymortests/riccati.py:60: Suite splitting in effect</skipped></testcase><testcase classname="src.pymortests.riccati" file="src/pymortests/riccati.py" line="60" name="test_ricc_lrcf[20-pymess_dense_nm_gmpcare-True-True-True-False-1-1]" time="0.00048351287841796875"><skipped message="Suite splitting in effect" type="pytest.skip">src/pymortests/riccati.py:60: Suite splitting in effect</skipped></testcase><testcase classname="src.pymortests.riccati" file="src/pymortests/riccati.py" line="60" name="test_ricc_lrcf[20-pymess_dense_nm_gmpcare-True-True-True-False-1-2]" time="0.00044727325439453125"><skipped message="Suite splitting in effect" type="pytest.skip">src/pymortests/riccati.py:60: Suite splitting in effect</skipped></testcase><testcase classname="src.pymortests.riccati" file="src/pymortests/riccati.py" line="60" name="test_ricc_lrcf[20-pymess_dense_nm_gmpcare-True-True-True-False-2-1]" time="0.0011022090911865234"><skipped message="Suite splitting in effect" type="pytest.skip">src/pymortests/riccati.py:60: Suite splitting in effect</skipped></testcase><testcase classname="src.pymortests.riccati" file="src/pymortests/riccati.py" line="60" name="test_ricc_lrcf[20-pymess_dense_nm_gmpcare-True-True-True-False-2-2]" time="0.0005431175231933594"><skipped message="Suite splitting in effect" type="pytest.skip">src/pymortests/riccati.py:60: Suite splitting in effect</skipped></testcase><testcase classname="src.pymortests.riccati" file="src/pymortests/riccati.py" line="60" name="test_ricc_lrcf[20-pymess_dense_nm_gmpcare-True-True-True-True-1-1]" time="0.0004429817199707031"><skipped message="Suite splitting in effect" type="pytest.skip">src/pymortests/riccati.py:60: Suite splitting in effect</skipped></testcase><testcase classname="src.pymortests.riccati" file="src/pymortests/riccati.py" line="60" name="test_ricc_lrcf[20-pymess_dense_nm_gmpcare-True-True-True-True-1-2]" time="0.0004360675811767578"><skipped message="Suite splitting in effect" type="pytest.skip">src/pymortests/riccati.py:60: Suite splitting in effect</skipped></testcase><testcase classname="src.pymortests.riccati" file="src/pymortests/riccati.py" line="60" name="test_ricc_lrcf[20-pymess_dense_nm_gmpcare-True-True-True-True-2-1]" time="0.0004258155822753906"><skipped message="Suite splitting in effect" type="pytest.skip">src/pymortests/riccati.py:60: Suite splitting in effect</skipped></testcase><testcase classname="src.pymortests.riccati" file="src/pymortests/riccati.py" line="60" name="test_ricc_lrcf[20-pymess_dense_nm_gmpcare-True-True-True-True-2-2]" time="0.00047087669372558594"><skipped message="Suite splitting in effect" type="pytest.skip">src/pymortests/riccati.py:60: Suite splitting in effect</skipped></testcase><testcase classname="src.pymortests.riccati" file="src/pymortests/riccati.py" line="60" name="test_ricc_lrcf[200-pymess_lrnm-False-False-False-False-1-1]" time="0.0004534721374511719"><skipped message="Suite splitting in effect" type="pytest.skip">src/pymortests/riccati.py:60: Suite splitting in effect</skipped></testcase><testcase classname="src.pymortests.riccati" file="src/pymortests/riccati.py" line="60" name="test_ricc_lrcf[200-pymess_lrnm-False-False-False-False-1-2]" time="0.00045871734619140625"><skipped message="Suite splitting in effect" type="pytest.skip">src/pymortests/riccati.py:60: Suite splitting in effect</skipped></testcase><testcase classname="src.pymortests.riccati" file="src/pymortests/riccati.py" line="60" name="test_ricc_lrcf[200-pymess_lrnm-False-False-False-False-2-1]" time="0.0007572174072265625"><skipped message="Suite splitting in effect" type="pytest.skip">src/pymortests/riccati.py:60: Suite splitting in effect</skipped></testcase><testcase classname="src.pymortests.riccati" file="src/pymortests/riccati.py" line="60" name="test_ricc_lrcf[200-pymess_lrnm-False-False-False-False-2-2]" time="0.0005273818969726562"><skipped message="Suite splitting in effect" type="pytest.skip">src/pymortests/riccati.py:60: Suite splitting in effect</skipped></testcase><testcase classname="src.pymortests.riccati" file="src/pymortests/riccati.py" line="60" name="test_ricc_lrcf[200-pymess_lrnm-False-False-False-True-1-1]" time="0.0004298686981201172"><skipped message="Suite splitting in effect" type="pytest.skip">src/pymortests/riccati.py:60: Suite splitting in effect</skipped></testcase><testcase classname="src.pymortests.riccati" file="src/pymortests/riccati.py" line="60" name="test_ricc_lrcf[200-pymess_lrnm-False-False-False-True-1-2]" time="0.0005059242248535156"><skipped message="Suite splitting in effect" type="pytest.skip">src/pymortests/riccati.py:60: Suite splitting in effect</skipped></testcase><testcase classname="src.pymortests.riccati" file="src/pymortests/riccati.py" line="60" name="test_ricc_lrcf[200-pymess_lrnm-False-False-False-True-2-1]" time="0.00043082237243652344"><skipped message="Suite splitting in effect" type="pytest.skip">src/pymortests/riccati.py:60: Suite splitting in effect</skipped></testcase><testcase classname="src.pymortests.riccati" file="src/pymortests/riccati.py" line="60" name="test_ricc_lrcf[200-pymess_lrnm-False-False-False-True-2-2]" time="0.00042438507080078125"><skipped message="Suite splitting in effect" type="pytest.skip">src/pymortests/riccati.py:60: Suite splitting in effect</skipped></testcase><testcase classname="src.pymortests.riccati" file="src/pymortests/riccati.py" line="60" name="test_ricc_lrcf[200-pymess_lrnm-False-True-False-False-1-1]" time="0.0004994869232177734"><skipped message="Suite splitting in effect" type="pytest.skip">src/pymortests/riccati.py:60: Suite splitting in effect</skipped></testcase><testcase classname="src.pymortests.riccati" file="src/pymortests/riccati.py" line="60" name="test_ricc_lrcf[200-pymess_lrnm-False-True-False-False-1-2]" time="0.0005064010620117188"><skipped message="Suite splitting in effect" type="pytest.skip">src/pymortests/riccati.py:60: Suite splitting in effect</skipped></testcase><testcase classname="src.pymortests.riccati" file="src/pymortests/riccati.py" line="60" name="test_ricc_lrcf[200-pymess_lrnm-False-True-False-False-2-1]" time="0.0007681846618652344"><skipped message="Suite splitting in effect" type="pytest.skip">src/pymortests/riccati.py:60: Suite splitting in effect</skipped></testcase><testcase classname="src.pymortests.riccati" file="src/pymortests/riccati.py" line="60" name="test_ricc_lrcf[200-pymess_lrnm-False-True-False-False-2-2]" time="0.000484466552734375"><skipped message="Suite splitting in effect" type="pytest.skip">src/pymortests/riccati.py:60: Suite splitting in effect</skipped></testcase><testcase classname="src.pymortests.riccati" file="src/pymortests/riccati.py" line="60" name="test_ricc_lrcf[200-pymess_lrnm-False-True-False-True-1-1]" time="0.0005006790161132812"><skipped message="Suite splitting in effect" type="pytest.skip">src/pymortests/riccati.py:60: Suite splitting in effect</skipped></testcase><testcase classname="src.pymortests.riccati" file="src/pymortests/riccati.py" line="60" name="test_ricc_lrcf[200-pymess_lrnm-False-True-False-True-1-2]" time="0.0004391670227050781"><skipped message="Suite splitting in effect" type="pytest.skip">src/pymortests/riccati.py:60: Suite splitting in effect</skipped></testcase><testcase classname="src.pymortests.riccati" file="src/pymortests/riccati.py" line="60" name="test_ricc_lrcf[200-pymess_lrnm-False-True-False-True-2-1]" time="0.0005056858062744141"><skipped message="Suite splitting in effect" type="pytest.skip">src/pymortests/riccati.py:60: Suite splitting in effect</skipped></testcase><testcase classname="src.pymortests.riccati" file="src/pymortests/riccati.py" line="60" name="test_ricc_lrcf[200-pymess_lrnm-False-True-False-True-2-2]" time="0.0004673004150390625"><skipped message="Suite splitting in effect" type="pytest.skip">src/pymortests/riccati.py:60: Suite splitting in effect</skipped></testcase><testcase classname="src.pymortests.riccati" file="src/pymortests/riccati.py" line="60" name="test_ricc_lrcf[200-pymess_lrnm-False-True-True-False-1-1]" time="0.000484466552734375"><skipped message="Suite splitting in effect" type="pytest.skip">src/pymortests/riccati.py:60: Suite splitting in effect</skipped></testcase><testcase classname="src.pymortests.riccati" file="src/pymortests/riccati.py" line="60" name="test_ricc_lrcf[200-pymess_lrnm-False-True-True-False-1-2]" time="0.0005774497985839844"><skipped message="Suite splitting in effect" type="pytest.skip">src/pymortests/riccati.py:60: Suite splitting in effect</skipped></testcase><testcase classname="src.pymortests.riccati" file="src/pymortests/riccati.py" line="60" name="test_ricc_lrcf[200-pymess_lrnm-False-True-True-False-2-1]" time="0.0008046627044677734"><skipped message="Suite splitting in effect" type="pytest.skip">src/pymortests/riccati.py:60: Suite splitting in effect</skipped></testcase><testcase classname="src.pymortests.riccati" file="src/pymortests/riccati.py" line="60" name="test_ricc_lrcf[200-pymess_lrnm-False-True-True-False-2-2]" time="0.0005521774291992188"><skipped message="Suite splitting in effect" type="pytest.skip">src/pymortests/riccati.py:60: Suite splitting in effect</skipped></testcase><testcase classname="src.pymortests.riccati" file="src/pymortests/riccati.py" line="60" name="test_ricc_lrcf[200-pymess_lrnm-False-True-True-True-1-1]" time="0.0005345344543457031"><skipped message="Suite splitting in effect" type="pytest.skip">src/pymortests/riccati.py:60: Suite splitting in effect</skipped></testcase><testcase classname="src.pymortests.riccati" file="src/pymortests/riccati.py" line="60" name="test_ricc_lrcf[200-pymess_lrnm-False-True-True-True-1-2]" time="0.0004506111145019531"><skipped message="Suite splitting in effect" type="pytest.skip">src/pymortests/riccati.py:60: Suite splitting in effect</skipped></testcase><testcase classname="src.pymortests.riccati" file="src/pymortests/riccati.py" line="60" name="test_ricc_lrcf[200-pymess_lrnm-False-True-True-True-2-1]" time="0.000499725341796875"><skipped message="Suite splitting in effect" type="pytest.skip">src/pymortests/riccati.py:60: Suite splitting in effect</skipped></testcase><testcase classname="src.pymortests.riccati" file="src/pymortests/riccati.py" line="60" name="test_ricc_lrcf[200-pymess_lrnm-False-True-True-True-2-2]" time="0.0005643367767333984"><skipped message="Suite splitting in effect" type="pytest.skip">src/pymortests/riccati.py:60: Suite splitting in effect</skipped></testcase><testcase classname="src.pymortests.riccati" file="src/pymortests/riccati.py" line="60" name="test_ricc_lrcf[200-pymess_lrnm-True-False-False-False-1-1]" time="0.0004680156707763672"><skipped message="Suite splitting in effect" type="pytest.skip">src/pymortests/riccati.py:60: Suite splitting in effect</skipped></testcase><testcase classname="src.pymortests.riccati" file="src/pymortests/riccati.py" line="60" name="test_ricc_lrcf[200-pymess_lrnm-True-False-False-False-1-2]" time="0.0005002021789550781"><skipped message="Suite splitting in effect" type="pytest.skip">src/pymortests/riccati.py:60: Suite splitting in effect</skipped></testcase><testcase classname="src.pymortests.riccati" file="src/pymortests/riccati.py" line="60" name="test_ricc_lrcf[200-pymess_lrnm-True-False-False-False-2-1]" time="0.0009157657623291016"><skipped message="Suite splitting in effect" type="pytest.skip">src/pymortests/riccati.py:60: Suite splitting in effect</skipped></testcase><testcase classname="src.pymortests.riccati" file="src/pymortests/riccati.py" line="60" name="test_ricc_lrcf[200-pymess_lrnm-True-False-False-False-2-2]" time="0.000537872314453125"><skipped message="Suite splitting in effect" type="pytest.skip">src/pymortests/riccati.py:60: Suite splitting in effect</skipped></testcase><testcase classname="src.pymortests.riccati" file="src/pymortests/riccati.py" line="60" name="test_ricc_lrcf[200-pymess_lrnm-True-False-False-True-1-1]" time="0.00045990943908691406"><skipped message="Suite splitting in effect" type="pytest.skip">src/pymortests/riccati.py:60: Suite splitting in effect</skipped></testcase><testcase classname="src.pymortests.riccati" file="src/pymortests/riccati.py" line="60" name="test_ricc_lrcf[200-pymess_lrnm-True-False-False-True-1-2]" time="0.0004646778106689453"><skipped message="Suite splitting in effect" type="pytest.skip">src/pymortests/riccati.py:60: Suite splitting in effect</skipped></testcase><testcase classname="src.pymortests.riccati" file="src/pymortests/riccati.py" line="60" name="test_ricc_lrcf[200-pymess_lrnm-True-False-False-True-2-1]" time="0.0004534721374511719"><skipped message="Suite splitting in effect" type="pytest.skip">src/pymortests/riccati.py:60: Suite splitting in effect</skipped></testcase><testcase classname="src.pymortests.riccati" file="src/pymortests/riccati.py" line="60" name="test_ricc_lrcf[200-pymess_lrnm-True-False-False-True-2-2]" time="0.0004935264587402344"><skipped message="Suite splitting in effect" type="pytest.skip">src/pymortests/riccati.py:60: Suite splitting in effect</skipped></testcase><testcase classname="src.pymortests.riccati" file="src/pymortests/riccati.py" line="60" name="test_ricc_lrcf[200-pymess_lrnm-True-True-False-False-1-1]" time="0.0006401538848876953"><skipped message="Suite splitting in effect" type="pytest.skip">src/pymortests/riccati.py:60: Suite splitting in effect</skipped></testcase><testcase classname="src.pymortests.riccati" file="src/pymortests/riccati.py" line="60" name="test_ricc_lrcf[200-pymess_lrnm-True-True-False-False-1-2]" time="0.0004665851593017578"><skipped message="Suite splitting in effect" type="pytest.skip">src/pymortests/riccati.py:60: Suite splitting in effect</skipped></testcase><testcase classname="src.pymortests.riccati" file="src/pymortests/riccati.py" line="60" name="test_ricc_lrcf[200-pymess_lrnm-True-True-False-False-2-1]" time="0.0008161067962646484"><skipped message="Suite splitting in effect" type="pytest.skip">src/pymortests/riccati.py:60: Suite splitting in effect</skipped></testcase><testcase classname="src.pymortests.riccati" file="src/pymortests/riccati.py" line="60" name="test_ricc_lrcf[200-pymess_lrnm-True-True-False-False-2-2]" time="0.0004978179931640625"><skipped message="Suite splitting in effect" type="pytest.skip">src/pymortests/riccati.py:60: Suite splitting in effect</skipped></testcase><testcase classname="src.pymortests.riccati" file="src/pymortests/riccati.py" line="60" name="test_ricc_lrcf[200-pymess_lrnm-True-True-False-True-1-1]" time="0.0005152225494384766"><skipped message="Suite splitting in effect" type="pytest.skip">src/pymortests/riccati.py:60: Suite splitting in effect</skipped></testcase><testcase classname="src.pymortests.riccati" file="src/pymortests/riccati.py" line="60" name="test_ricc_lrcf[200-pymess_lrnm-True-True-False-True-1-2]" time="0.00044846534729003906"><skipped message="Suite splitting in effect" type="pytest.skip">src/pymortests/riccati.py:60: Suite splitting in effect</skipped></testcase><testcase classname="src.pymortests.riccati" file="src/pymortests/riccati.py" line="60" name="test_ricc_lrcf[200-pymess_lrnm-True-True-False-True-2-1]" time="0.0005383491516113281"><skipped message="Suite splitting in effect" type="pytest.skip">src/pymortests/riccati.py:60: Suite splitting in effect</skipped></testcase><testcase classname="src.pymortests.riccati" file="src/pymortests/riccati.py" line="60" name="test_ricc_lrcf[200-pymess_lrnm-True-True-False-True-2-2]" time="0.0005037784576416016"><skipped message="Suite splitting in effect" type="pytest.skip">src/pymortests/riccati.py:60: Suite splitting in effect</skipped></testcase><testcase classname="src.pymortests.riccati" file="src/pymortests/riccati.py" line="60" name="test_ricc_lrcf[200-pymess_lrnm-True-True-True-False-1-1]" time="0.0004911422729492188"><skipped message="Suite splitting in effect" type="pytest.skip">src/pymortests/riccati.py:60: Suite splitting in effect</skipped></testcase><testcase classname="src.pymortests.riccati" file="src/pymortests/riccati.py" line="60" name="test_ricc_lrcf[200-pymess_lrnm-True-True-True-False-1-2]" time="0.0005321502685546875"><skipped message="Suite splitting in effect" type="pytest.skip">src/pymortests/riccati.py:60: Suite splitting in effect</skipped></testcase><testcase classname="src.pymortests.riccati" file="src/pymortests/riccati.py" line="60" name="test_ricc_lrcf[200-pymess_lrnm-True-True-True-False-2-1]" time="0.001096487045288086"><skipped message="Suite splitting in effect" type="pytest.skip">src/pymortests/riccati.py:60: Suite splitting in effect</skipped></testcase><testcase classname="src.pymortests.riccati" file="src/pymortests/riccati.py" line="60" name="test_ricc_lrcf[200-pymess_lrnm-True-True-True-False-2-2]" time="0.0005114078521728516"><skipped message="Suite splitting in effect" type="pytest.skip">src/pymortests/riccati.py:60: Suite splitting in effect</skipped></testcase><testcase classname="src.pymortests.riccati" file="src/pymortests/riccati.py" line="60" name="test_ricc_lrcf[200-pymess_lrnm-True-True-True-True-1-1]" time="0.0005040168762207031"><skipped message="Suite splitting in effect" type="pytest.skip">src/pymortests/riccati.py:60: Suite splitting in effect</skipped></testcase><testcase classname="src.pymortests.riccati" file="src/pymortests/riccati.py" line="60" name="test_ricc_lrcf[200-pymess_lrnm-True-True-True-True-1-2]" time="0.0004563331604003906"><skipped message="Suite splitting in effect" type="pytest.skip">src/pymortests/riccati.py:60: Suite splitting in effect</skipped></testcase><testcase classname="src.pymortests.riccati" file="src/pymortests/riccati.py" line="60" name="test_ricc_lrcf[200-pymess_lrnm-True-True-True-True-2-1]" time="0.00047588348388671875"><skipped message="Suite splitting in effect" type="pytest.skip">src/pymortests/riccati.py:60: Suite splitting in effect</skipped></testcase><testcase classname="src.pymortests.riccati" file="src/pymortests/riccati.py" line="60" name="test_ricc_lrcf[200-pymess_lrnm-True-True-True-True-2-2]" time="0.00046372413635253906"><skipped message="Suite splitting in effect" type="pytest.skip">src/pymortests/riccati.py:60: Suite splitting in effect</skipped></testcase><testcase classname="src.pymortests.riccati" file="src/pymortests/riccati.py" line="60" name="test_ricc_lrcf[300-pymess_lrnm-False-False-False-False-1-1]" time="0.0004734992980957031"><skipped message="Suite splitting in effect" type="pytest.skip">src/pymortests/riccati.py:60: Suite splitting in effect</skipped></testcase><testcase classname="src.pymortests.riccati" file="src/pymortests/riccati.py" line="60" name="test_ricc_lrcf[300-pymess_lrnm-False-False-False-False-1-2]" time="0.0005068778991699219"><skipped message="Suite splitting in effect" type="pytest.skip">src/pymortests/riccati.py:60: Suite splitting in effect</skipped></testcase><testcase classname="src.pymortests.riccati" file="src/pymortests/riccati.py" line="60" name="test_ricc_lrcf[300-pymess_lrnm-False-False-False-False-2-1]" time="0.0009009838104248047"><skipped message="Suite splitting in effect" type="pytest.skip">src/pymortests/riccati.py:60: Suite splitting in effect</skipped></testcase><testcase classname="src.pymortests.riccati" file="src/pymortests/riccati.py" line="60" name="test_ricc_lrcf[300-pymess_lrnm-False-False-False-False-2-2]" time="0.0004489421844482422"><skipped message="Suite splitting in effect" type="pytest.skip">src/pymortests/riccati.py:60: Suite splitting in effect</skipped></testcase><testcase classname="src.pymortests.riccati" file="src/pymortests/riccati.py" line="60" name="test_ricc_lrcf[300-pymess_lrnm-False-False-False-True-1-1]" time="0.00047516822814941406"><skipped message="Suite splitting in effect" type="pytest.skip">src/pymortests/riccati.py:60: Suite splitting in effect</skipped></testcase><testcase classname="src.pymortests.riccati" file="src/pymortests/riccati.py" line="60" name="test_ricc_lrcf[300-pymess_lrnm-False-False-False-True-1-2]" time="0.0004410743713378906"><skipped message="Suite splitting in effect" type="pytest.skip">src/pymortests/riccati.py:60: Suite splitting in effect</skipped></testcase><testcase classname="src.pymortests.riccati" file="src/pymortests/riccati.py" line="60" name="test_ricc_lrcf[300-pymess_lrnm-False-False-False-True-2-1]" time="0.00044798851013183594"><skipped message="Suite splitting in effect" type="pytest.skip">src/pymortests/riccati.py:60: Suite splitting in effect</skipped></testcase><testcase classname="src.pymortests.riccati" file="src/pymortests/riccati.py" line="60" name="test_ricc_lrcf[300-pymess_lrnm-False-False-False-True-2-2]" time="0.0005156993865966797"><skipped message="Suite splitting in effect" type="pytest.skip">src/pymortests/riccati.py:60: Suite splitting in effect</skipped></testcase><testcase classname="src.pymortests.riccati" file="src/pymortests/riccati.py" line="60" name="test_ricc_lrcf[300-pymess_lrnm-False-True-False-False-1-1]" time="0.0004937648773193359"><skipped message="Suite splitting in effect" type="pytest.skip">src/pymortests/riccati.py:60: Suite splitting in effect</skipped></testcase><testcase classname="src.pymortests.riccati" file="src/pymortests/riccati.py" line="60" name="test_ricc_lrcf[300-pymess_lrnm-False-True-False-False-1-2]" time="0.0005173683166503906"><skipped message="Suite splitting in effect" type="pytest.skip">src/pymortests/riccati.py:60: Suite splitting in effect</skipped></testcase><testcase classname="src.pymortests.riccati" file="src/pymortests/riccati.py" line="60" name="test_ricc_lrcf[300-pymess_lrnm-False-True-False-False-2-1]" time="0.0008864402770996094"><skipped message="Suite splitting in effect" type="pytest.skip">src/pymortests/riccati.py:60: Suite splitting in effect</skipped></testcase><testcase classname="src.pymortests.riccati" file="src/pymortests/riccati.py" line="60" name="test_ricc_lrcf[300-pymess_lrnm-False-True-False-False-2-2]" time="0.000514984130859375"><skipped message="Suite splitting in effect" type="pytest.skip">src/pymortests/riccati.py:60: Suite splitting in effect</skipped></testcase><testcase classname="src.pymortests.riccati" file="src/pymortests/riccati.py" line="60" name="test_ricc_lrcf[300-pymess_lrnm-False-True-False-True-1-1]" time="0.00046253204345703125"><skipped message="Suite splitting in effect" type="pytest.skip">src/pymortests/riccati.py:60: Suite splitting in effect</skipped></testcase><testcase classname="src.pymortests.riccati" file="src/pymortests/riccati.py" line="60" name="test_ricc_lrcf[300-pymess_lrnm-False-True-False-True-1-2]" time="0.0004513263702392578"><skipped message="Suite splitting in effect" type="pytest.skip">src/pymortests/riccati.py:60: Suite splitting in effect</skipped></testcase><testcase classname="src.pymortests.riccati" file="src/pymortests/riccati.py" line="60" name="test_ricc_lrcf[300-pymess_lrnm-False-True-False-True-2-1]" time="0.0005247592926025391"><skipped message="Suite splitting in effect" type="pytest.skip">src/pymortests/riccati.py:60: Suite splitting in effect</skipped></testcase><testcase classname="src.pymortests.riccati" file="src/pymortests/riccati.py" line="60" name="test_ricc_lrcf[300-pymess_lrnm-False-True-False-True-2-2]" time="0.0005280971527099609"><skipped message="Suite splitting in effect" type="pytest.skip">src/pymortests/riccati.py:60: Suite splitting in effect</skipped></testcase><testcase classname="src.pymortests.riccati" file="src/pymortests/riccati.py" line="60" name="test_ricc_lrcf[300-pymess_lrnm-False-True-True-False-1-1]" time="0.0005421638488769531"><skipped message="Suite splitting in effect" type="pytest.skip">src/pymortests/riccati.py:60: Suite splitting in effect</skipped></testcase><testcase classname="src.pymortests.riccati" file="src/pymortests/riccati.py" line="60" name="test_ricc_lrcf[300-pymess_lrnm-False-True-True-False-1-2]" time="0.0004413127899169922"><skipped message="Suite splitting in effect" type="pytest.skip">src/pymortests/riccati.py:60: Suite splitting in effect</skipped></testcase><testcase classname="src.pymortests.riccati" file="src/pymortests/riccati.py" line="60" name="test_ricc_lrcf[300-pymess_lrnm-False-True-True-False-2-1]" time="0.0007529258728027344"><skipped message="Suite splitting in effect" type="pytest.skip">src/pymortests/riccati.py:60: Suite splitting in effect</skipped></testcase><testcase classname="src.pymortests.riccati" file="src/pymortests/riccati.py" line="60" name="test_ricc_lrcf[300-pymess_lrnm-False-True-True-False-2-2]" time="0.0004990100860595703"><skipped message="Suite splitting in effect" type="pytest.skip">src/pymortests/riccati.py:60: Suite splitting in effect</skipped></testcase><testcase classname="src.pymortests.riccati" file="src/pymortests/riccati.py" line="60" name="test_ricc_lrcf[300-pymess_lrnm-False-True-True-True-1-1]" time="0.0005471706390380859"><skipped message="Suite splitting in effect" type="pytest.skip">src/pymortests/riccati.py:60: Suite splitting in effect</skipped></testcase><testcase classname="src.pymortests.riccati" file="src/pymortests/riccati.py" line="60" name="test_ricc_lrcf[300-pymess_lrnm-False-True-True-True-1-2]" time="0.00047707557678222656"><skipped message="Suite splitting in effect" type="pytest.skip">src/pymortests/riccati.py:60: Suite splitting in effect</skipped></testcase><testcase classname="src.pymortests.riccati" file="src/pymortests/riccati.py" line="60" name="test_ricc_lrcf[300-pymess_lrnm-False-True-True-True-2-1]" time="0.0005011558532714844"><skipped message="Suite splitting in effect" type="pytest.skip">src/pymortests/riccati.py:60: Suite splitting in effect</skipped></testcase><testcase classname="src.pymortests.riccati" file="src/pymortests/riccati.py" line="60" name="test_ricc_lrcf[300-pymess_lrnm-False-True-True-True-2-2]" time="0.00044798851013183594"><skipped message="Suite splitting in effect" type="pytest.skip">src/pymortests/riccati.py:60: Suite splitting in effect</skipped></testcase><testcase classname="src.pymortests.riccati" file="src/pymortests/riccati.py" line="60" name="test_ricc_lrcf[300-pymess_lrnm-True-False-False-False-1-1]" time="0.0005793571472167969"><skipped message="Suite splitting in effect" type="pytest.skip">src/pymortests/riccati.py:60: Suite splitting in effect</skipped></testcase><testcase classname="src.pymortests.riccati" file="src/pymortests/riccati.py" line="60" name="test_ricc_lrcf[300-pymess_lrnm-True-False-False-False-1-2]" time="0.0005235671997070312"><skipped message="Suite splitting in effect" type="pytest.skip">src/pymortests/riccati.py:60: Suite splitting in effect</skipped></testcase><testcase classname="src.pymortests.riccati" file="src/pymortests/riccati.py" line="60" name="test_ricc_lrcf[300-pymess_lrnm-True-False-False-False-2-1]" time="0.0008227825164794922"><skipped message="Suite splitting in effect" type="pytest.skip">src/pymortests/riccati.py:60: Suite splitting in effect</skipped></testcase><testcase classname="src.pymortests.riccati" file="src/pymortests/riccati.py" line="60" name="test_ricc_lrcf[300-pymess_lrnm-True-False-False-False-2-2]" time="0.00043010711669921875"><skipped message="Suite splitting in effect" type="pytest.skip">src/pymortests/riccati.py:60: Suite splitting in effect</skipped></testcase><testcase classname="src.pymortests.riccati" file="src/pymortests/riccati.py" line="60" name="test_ricc_lrcf[300-pymess_lrnm-True-False-False-True-1-1]" time="0.000514984130859375"><skipped message="Suite splitting in effect" type="pytest.skip">src/pymortests/riccati.py:60: Suite splitting in effect</skipped></testcase><testcase classname="src.pymortests.riccati" file="src/pymortests/riccati.py" line="60" name="test_ricc_lrcf[300-pymess_lrnm-True-False-False-True-1-2]" time="0.00042891502380371094"><skipped message="Suite splitting in effect" type="pytest.skip">src/pymortests/riccati.py:60: Suite splitting in effect</skipped></testcase><testcase classname="src.pymortests.riccati" file="src/pymortests/riccati.py" line="60" name="test_ricc_lrcf[300-pymess_lrnm-True-False-False-True-2-1]" time="0.0004889965057373047"><skipped message="Suite splitting in effect" type="pytest.skip">src/pymortests/riccati.py:60: Suite splitting in effect</skipped></testcase><testcase classname="src.pymortests.riccati" file="src/pymortests/riccati.py" line="60" name="test_ricc_lrcf[300-pymess_lrnm-True-False-False-True-2-2]" time="0.0005009174346923828"><skipped message="Suite splitting in effect" type="pytest.skip">src/pymortests/riccati.py:60: Suite splitting in effect</skipped></testcase><testcase classname="src.pymortests.riccati" file="src/pymortests/riccati.py" line="60" name="test_ricc_lrcf[300-pymess_lrnm-True-True-False-False-1-1]" time="0.000423431396484375"><skipped message="Suite splitting in effect" type="pytest.skip">src/pymortests/riccati.py:60: Suite splitting in effect</skipped></testcase><testcase classname="src.pymortests.riccati" file="src/pymortests/riccati.py" line="60" name="test_ricc_lrcf[300-pymess_lrnm-True-True-False-False-1-2]" time="0.0004923343658447266"><skipped message="Suite splitting in effect" type="pytest.skip">src/pymortests/riccati.py:60: Suite splitting in effect</skipped></testcase><testcase classname="src.pymortests.riccati" file="src/pymortests/riccati.py" line="60" name="test_ricc_lrcf[300-pymess_lrnm-True-True-False-False-2-1]" time="0.0008518695831298828"><skipped message="Suite splitting in effect" type="pytest.skip">src/pymortests/riccati.py:60: Suite splitting in effect</skipped></testcase><testcase classname="src.pymortests.riccati" file="src/pymortests/riccati.py" line="60" name="test_ricc_lrcf[300-pymess_lrnm-True-True-False-False-2-2]" time="0.00044798851013183594"><skipped message="Suite splitting in effect" type="pytest.skip">src/pymortests/riccati.py:60: Suite splitting in effect</skipped></testcase><testcase classname="src.pymortests.riccati" file="src/pymortests/riccati.py" line="60" name="test_ricc_lrcf[300-pymess_lrnm-True-True-False-True-1-1]" time="0.00048804283142089844"><skipped message="Suite splitting in effect" type="pytest.skip">src/pymortests/riccati.py:60: Suite splitting in effect</skipped></testcase><testcase classname="src.pymortests.riccati" file="src/pymortests/riccati.py" line="60" name="test_ricc_lrcf[300-pymess_lrnm-True-True-False-True-1-2]" time="0.0005042552947998047"><skipped message="Suite splitting in effect" type="pytest.skip">src/pymortests/riccati.py:60: Suite splitting in effect</skipped></testcase><testcase classname="src.pymortests.riccati" file="src/pymortests/riccati.py" line="60" name="test_ricc_lrcf[300-pymess_lrnm-True-True-False-True-2-1]" time="0.0004668235778808594"><skipped message="Suite splitting in effect" type="pytest.skip">src/pymortests/riccati.py:60: Suite splitting in effect</skipped></testcase><testcase classname="src.pymortests.riccati" file="src/pymortests/riccati.py" line="60" name="test_ricc_lrcf[300-pymess_lrnm-True-True-False-True-2-2]" time="0.0004875659942626953"><skipped message="Suite splitting in effect" type="pytest.skip">src/pymortests/riccati.py:60: Suite splitting in effect</skipped></testcase><testcase classname="src.pymortests.riccati" file="src/pymortests/riccati.py" line="60" name="test_ricc_lrcf[300-pymess_lrnm-True-True-True-False-1-1]" time="0.0005486011505126953"><skipped message="Suite splitting in effect" type="pytest.skip">src/pymortests/riccati.py:60: Suite splitting in effect</skipped></testcase><testcase classname="src.pymortests.riccati" file="src/pymortests/riccati.py" line="60" name="test_ricc_lrcf[300-pymess_lrnm-True-True-True-False-1-2]" time="0.00045371055603027344"><skipped message="Suite splitting in effect" type="pytest.skip">src/pymortests/riccati.py:60: Suite splitting in effect</skipped></testcase><testcase classname="src.pymortests.riccati" file="src/pymortests/riccati.py" line="60" name="test_ricc_lrcf[300-pymess_lrnm-True-True-True-False-2-1]" time="0.0009586811065673828"><skipped message="Suite splitting in effect" type="pytest.skip">src/pymortests/riccati.py:60: Suite splitting in effect</skipped></testcase><testcase classname="src.pymortests.riccati" file="src/pymortests/riccati.py" line="60" name="test_ricc_lrcf[300-pymess_lrnm-True-True-True-False-2-2]" time="0.0004820823669433594"><skipped message="Suite splitting in effect" type="pytest.skip">src/pymortests/riccati.py:60: Suite splitting in effect</skipped></testcase><testcase classname="src.pymortests.riccati" file="src/pymortests/riccati.py" line="60" name="test_ricc_lrcf[300-pymess_lrnm-True-True-True-True-1-1]" time="0.0004429817199707031"><skipped message="Suite splitting in effect" type="pytest.skip">src/pymortests/riccati.py:60: Suite splitting in effect</skipped></testcase><testcase classname="src.pymortests.riccati" file="src/pymortests/riccati.py" line="60" name="test_ricc_lrcf[300-pymess_lrnm-True-True-True-True-1-2]" time="0.0004322528839111328"><skipped message="Suite splitting in effect" type="pytest.skip">src/pymortests/riccati.py:60: Suite splitting in effect</skipped></testcase><testcase classname="src.pymortests.riccati" file="src/pymortests/riccati.py" line="60" name="test_ricc_lrcf[300-pymess_lrnm-True-True-True-True-2-1]" time="0.0005004405975341797"><skipped message="Suite splitting in effect" type="pytest.skip">src/pymortests/riccati.py:60: Suite splitting in effect</skipped></testcase><testcase classname="src.pymortests.riccati" file="src/pymortests/riccati.py" line="60" name="test_ricc_lrcf[300-pymess_lrnm-True-True-True-True-2-2]" time="0.0005192756652832031"><skipped message="Suite splitting in effect" type="pytest.skip">src/pymortests/riccati.py:60: Suite splitting in effect</skipped></testcase><testcase classname="src.pymortests.riccati" file="src/pymortests/riccati.py" line="105" name="test_pos_ricc_lrcf[scipy-False-False-False-False-1-1-10]" time="0.0004696846008300781"><skipped message="Suite splitting in effect" type="pytest.skip">src/pymortests/riccati.py:105: Suite splitting in effect</skipped></testcase><testcase classname="src.pymortests.riccati" file="src/pymortests/riccati.py" line="105" name="test_pos_ricc_lrcf[scipy-False-False-False-False-1-1-20]" time="0.00043702125549316406"><skipped message="Suite splitting in effect" type="pytest.skip">src/pymortests/riccati.py:105: Suite splitting in effect</skipped></testcase><testcase classname="src.pymortests.riccati" file="src/pymortests/riccati.py" line="105" name="test_pos_ricc_lrcf[scipy-False-False-False-False-1-2-10]" time="0.000820159912109375"><skipped message="Suite splitting in effect" type="pytest.skip">src/pymortests/riccati.py:105: Suite splitting in effect</skipped></testcase><testcase classname="src.pymortests.riccati" file="src/pymortests/riccati.py" line="105" name="test_pos_ricc_lrcf[scipy-False-False-False-False-1-2-20]" time="0.0004291534423828125"><skipped message="Suite splitting in effect" type="pytest.skip">src/pymortests/riccati.py:105: Suite splitting in effect</skipped></testcase><testcase classname="src.pymortests.riccati" file="src/pymortests/riccati.py" line="105" name="test_pos_ricc_lrcf[scipy-False-False-False-False-2-1-10]" time="0.0005905628204345703"><skipped message="Suite splitting in effect" type="pytest.skip">src/pymortests/riccati.py:105: Suite splitting in effect</skipped></testcase><testcase classname="src.pymortests.riccati" file="src/pymortests/riccati.py" line="105" name="test_pos_ricc_lrcf[scipy-False-False-False-False-2-1-20]" time="0.0004520416259765625"><skipped message="Suite splitting in effect" type="pytest.skip">src/pymortests/riccati.py:105: Suite splitting in effect</skipped></testcase><testcase classname="src.pymortests.riccati" file="src/pymortests/riccati.py" line="105" name="test_pos_ricc_lrcf[scipy-False-False-False-False-2-2-10]" time="0.0004813671112060547"><skipped message="Suite splitting in effect" type="pytest.skip">src/pymortests/riccati.py:105: Suite splitting in effect</skipped></testcase><testcase classname="src.pymortests.riccati" file="src/pymortests/riccati.py" line="105" name="test_pos_ricc_lrcf[scipy-False-False-False-False-2-2-20]" time="0.0005328655242919922"><skipped message="Suite splitting in effect" type="pytest.skip">src/pymortests/riccati.py:105: Suite splitting in effect</skipped></testcase><testcase classname="src.pymortests.riccati" file="src/pymortests/riccati.py" line="105" name="test_pos_ricc_lrcf[scipy-False-False-False-True-1-1-10]" time="0.00048089027404785156"><skipped message="Suite splitting in effect" type="pytest.skip">src/pymortests/riccati.py:105: Suite splitting in effect</skipped></testcase><testcase classname="src.pymortests.riccati" file="src/pymortests/riccati.py" line="105" name="test_pos_ricc_lrcf[scipy-False-False-False-True-1-1-20]" time="0.00047659873962402344"><skipped message="Suite splitting in effect" type="pytest.skip">src/pymortests/riccati.py:105: Suite splitting in effect</skipped></testcase><testcase classname="src.pymortests.riccati" file="src/pymortests/riccati.py" line="105" name="test_pos_ricc_lrcf[scipy-False-False-False-True-1-2-10]" time="0.0008223056793212891"><skipped message="Suite splitting in effect" type="pytest.skip">src/pymortests/riccati.py:105: Suite splitting in effect</skipped></testcase><testcase classname="src.pymortests.riccati" file="src/pymortests/riccati.py" line="105" name="test_pos_ricc_lrcf[scipy-False-False-False-True-1-2-20]" time="0.0005373954772949219"><skipped message="Suite splitting in effect" type="pytest.skip">src/pymortests/riccati.py:105: Suite splitting in effect</skipped></testcase><testcase classname="src.pymortests.riccati" file="src/pymortests/riccati.py" line="105" name="test_pos_ricc_lrcf[scipy-False-False-False-True-2-1-10]" time="0.0005452632904052734"><skipped message="Suite splitting in effect" type="pytest.skip">src/pymortests/riccati.py:105: Suite splitting in effect</skipped></testcase><testcase classname="src.pymortests.riccati" file="src/pymortests/riccati.py" line="105" name="test_pos_ricc_lrcf[scipy-False-False-False-True-2-1-20]" time="0.0004639625549316406"><skipped message="Suite splitting in effect" type="pytest.skip">src/pymortests/riccati.py:105: Suite splitting in effect</skipped></testcase><testcase classname="src.pymortests.riccati" file="src/pymortests/riccati.py" line="105" name="test_pos_ricc_lrcf[scipy-False-False-False-True-2-2-10]" time="0.0005266666412353516"><skipped message="Suite splitting in effect" type="pytest.skip">src/pymortests/riccati.py:105: Suite splitting in effect</skipped></testcase><testcase classname="src.pymortests.riccati" file="src/pymortests/riccati.py" line="105" name="test_pos_ricc_lrcf[scipy-False-False-False-True-2-2-20]" time="0.0005297660827636719"><skipped message="Suite splitting in effect" type="pytest.skip">src/pymortests/riccati.py:105: Suite splitting in effect</skipped></testcase><testcase classname="src.pymortests.riccati" file="src/pymortests/riccati.py" line="105" name="test_pos_ricc_lrcf[scipy-False-True-False-False-1-1-10]" time="0.0004565715789794922"><skipped message="Suite splitting in effect" type="pytest.skip">src/pymortests/riccati.py:105: Suite splitting in effect</skipped></testcase><testcase classname="src.pymortests.riccati" file="src/pymortests/riccati.py" line="105" name="test_pos_ricc_lrcf[scipy-False-True-False-False-1-1-20]" time="0.0005137920379638672"><skipped message="Suite splitting in effect" type="pytest.skip">src/pymortests/riccati.py:105: Suite splitting in effect</skipped></testcase><testcase classname="src.pymortests.riccati" file="src/pymortests/riccati.py" line="105" name="test_pos_ricc_lrcf[scipy-False-True-False-False-1-2-10]" time="0.00109100341796875"><skipped message="Suite splitting in effect" type="pytest.skip">src/pymortests/riccati.py:105: Suite splitting in effect</skipped></testcase><testcase classname="src.pymortests.riccati" file="src/pymortests/riccati.py" line="105" name="test_pos_ricc_lrcf[scipy-False-True-False-False-1-2-20]" time="0.0005481243133544922"><skipped message="Suite splitting in effect" type="pytest.skip">src/pymortests/riccati.py:105: Suite splitting in effect</skipped></testcase><testcase classname="src.pymortests.riccati" file="src/pymortests/riccati.py" line="105" name="test_pos_ricc_lrcf[scipy-False-True-False-False-2-1-10]" time="0.0005557537078857422"><skipped message="Suite splitting in effect" type="pytest.skip">src/pymortests/riccati.py:105: Suite splitting in effect</skipped></testcase><testcase classname="src.pymortests.riccati" file="src/pymortests/riccati.py" line="105" name="test_pos_ricc_lrcf[scipy-False-True-False-False-2-1-20]" time="0.0005176067352294922"><skipped message="Suite splitting in effect" type="pytest.skip">src/pymortests/riccati.py:105: Suite splitting in effect</skipped></testcase><testcase classname="src.pymortests.riccati" file="src/pymortests/riccati.py" line="105" name="test_pos_ricc_lrcf[scipy-False-True-False-False-2-2-10]" time="0.0007002353668212891"><skipped message="Suite splitting in effect" type="pytest.skip">src/pymortests/riccati.py:105: Suite splitting in effect</skipped></testcase><testcase classname="src.pymortests.riccati" file="src/pymortests/riccati.py" line="105" name="test_pos_ricc_lrcf[scipy-False-True-False-False-2-2-20]" time="0.0004799365997314453"><skipped message="Suite splitting in effect" type="pytest.skip">src/pymortests/riccati.py:105: Suite splitting in effect</skipped></testcase><testcase classname="src.pymortests.riccati" file="src/pymortests/riccati.py" line="105" name="test_pos_ricc_lrcf[scipy-False-True-False-True-1-1-10]" time="0.0005691051483154297"><skipped message="Suite splitting in effect" type="pytest.skip">src/pymortests/riccati.py:105: Suite splitting in effect</skipped></testcase><testcase classname="src.pymortests.riccati" file="src/pymortests/riccati.py" line="105" name="test_pos_ricc_lrcf[scipy-False-True-False-True-1-1-20]" time="0.0006709098815917969"><skipped message="Suite splitting in effect" type="pytest.skip">src/pymortests/riccati.py:105: Suite splitting in effect</skipped></testcase><testcase classname="src.pymortests.riccati" file="src/pymortests/riccati.py" line="105" name="test_pos_ricc_lrcf[scipy-False-True-False-True-1-2-10]" time="0.0009641647338867188"><skipped message="Suite splitting in effect" type="pytest.skip">src/pymortests/riccati.py:105: Suite splitting in effect</skipped></testcase><testcase classname="src.pymortests.riccati" file="src/pymortests/riccati.py" line="105" name="test_pos_ricc_lrcf[scipy-False-True-False-True-1-2-20]" time="0.0005407333374023438"><skipped message="Suite splitting in effect" type="pytest.skip">src/pymortests/riccati.py:105: Suite splitting in effect</skipped></testcase><testcase classname="src.pymortests.riccati" file="src/pymortests/riccati.py" line="105" name="test_pos_ricc_lrcf[scipy-False-True-False-True-2-1-10]" time="0.0005178451538085938"><skipped message="Suite splitting in effect" type="pytest.skip">src/pymortests/riccati.py:105: Suite splitting in effect</skipped></testcase><testcase classname="src.pymortests.riccati" file="src/pymortests/riccati.py" line="105" name="test_pos_ricc_lrcf[scipy-False-True-False-True-2-1-20]" time="0.0005180835723876953"><skipped message="Suite splitting in effect" type="pytest.skip">src/pymortests/riccati.py:105: Suite splitting in effect</skipped></testcase><testcase classname="src.pymortests.riccati" file="src/pymortests/riccati.py" line="105" name="test_pos_ricc_lrcf[scipy-False-True-False-True-2-2-10]" time="0.0004911422729492188"><skipped message="Suite splitting in effect" type="pytest.skip">src/pymortests/riccati.py:105: Suite splitting in effect</skipped></testcase><testcase classname="src.pymortests.riccati" file="src/pymortests/riccati.py" line="105" name="test_pos_ricc_lrcf[scipy-False-True-False-True-2-2-20]" time="0.0004451274871826172"><skipped message="Suite splitting in effect" type="pytest.skip">src/pymortests/riccati.py:105: Suite splitting in effect</skipped></testcase><testcase classname="src.pymortests.riccati" file="src/pymortests/riccati.py" line="105" name="test_pos_ricc_lrcf[scipy-False-True-True-False-1-1-10]" time="0.0004980564117431641"><skipped message="Suite splitting in effect" type="pytest.skip">src/pymortests/riccati.py:105: Suite splitting in effect</skipped></testcase><testcase classname="src.pymortests.riccati" file="src/pymortests/riccati.py" line="105" name="test_pos_ricc_lrcf[scipy-False-True-True-False-1-1-20]" time="0.0004754066467285156"><skipped message="Suite splitting in effect" type="pytest.skip">src/pymortests/riccati.py:105: Suite splitting in effect</skipped></testcase><testcase classname="src.pymortests.riccati" file="src/pymortests/riccati.py" line="105" name="test_pos_ricc_lrcf[scipy-False-True-True-False-1-2-10]" time="0.0010924339294433594"><skipped message="Suite splitting in effect" type="pytest.skip">src/pymortests/riccati.py:105: Suite splitting in effect</skipped></testcase><testcase classname="src.pymortests.riccati" file="src/pymortests/riccati.py" line="105" name="test_pos_ricc_lrcf[scipy-False-True-True-False-1-2-20]" time="0.0004410743713378906"><skipped message="Suite splitting in effect" type="pytest.skip">src/pymortests/riccati.py:105: Suite splitting in effect</skipped></testcase><testcase classname="src.pymortests.riccati" file="src/pymortests/riccati.py" line="105" name="test_pos_ricc_lrcf[scipy-False-True-True-False-2-1-10]" time="0.0005276203155517578"><skipped message="Suite splitting in effect" type="pytest.skip">src/pymortests/riccati.py:105: Suite splitting in effect</skipped></testcase><testcase classname="src.pymortests.riccati" file="src/pymortests/riccati.py" line="105" name="test_pos_ricc_lrcf[scipy-False-True-True-False-2-1-20]" time="0.0005247592926025391"><skipped message="Suite splitting in effect" type="pytest.skip">src/pymortests/riccati.py:105: Suite splitting in effect</skipped></testcase><testcase classname="src.pymortests.riccati" file="src/pymortests/riccati.py" line="105" name="test_pos_ricc_lrcf[scipy-False-True-True-False-2-2-10]" time="0.00044655799865722656"><skipped message="Suite splitting in effect" type="pytest.skip">src/pymortests/riccati.py:105: Suite splitting in effect</skipped></testcase><testcase classname="src.pymortests.riccati" file="src/pymortests/riccati.py" line="105" name="test_pos_ricc_lrcf[scipy-False-True-True-False-2-2-20]" time="0.0005049705505371094"><skipped message="Suite splitting in effect" type="pytest.skip">src/pymortests/riccati.py:105: Suite splitting in effect</skipped></testcase><testcase classname="src.pymortests.riccati" file="src/pymortests/riccati.py" line="105" name="test_pos_ricc_lrcf[scipy-False-True-True-True-1-1-10]" time="0.00049591064453125"><skipped message="Suite splitting in effect" type="pytest.skip">src/pymortests/riccati.py:105: Suite splitting in effect</skipped></testcase><testcase classname="src.pymortests.riccati" file="src/pymortests/riccati.py" line="105" name="test_pos_ricc_lrcf[scipy-False-True-True-True-1-1-20]" time="0.0004730224609375"><skipped message="Suite splitting in effect" type="pytest.skip">src/pymortests/riccati.py:105: Suite splitting in effect</skipped></testcase><testcase classname="src.pymortests.riccati" file="src/pymortests/riccati.py" line="105" name="test_pos_ricc_lrcf[scipy-False-True-True-True-1-2-10]" time="0.000823974609375"><skipped message="Suite splitting in effect" type="pytest.skip">src/pymortests/riccati.py:105: Suite splitting in effect</skipped></testcase><testcase classname="src.pymortests.riccati" file="src/pymortests/riccati.py" line="105" name="test_pos_ricc_lrcf[scipy-False-True-True-True-1-2-20]" time="0.0005409717559814453"><skipped message="Suite splitting in effect" type="pytest.skip">src/pymortests/riccati.py:105: Suite splitting in effect</skipped></testcase><testcase classname="src.pymortests.riccati" file="src/pymortests/riccati.py" line="105" name="test_pos_ricc_lrcf[scipy-False-True-True-True-2-1-10]" time="0.0005080699920654297"><skipped message="Suite splitting in effect" type="pytest.skip">src/pymortests/riccati.py:105: Suite splitting in effect</skipped></testcase><testcase classname="src.pymortests.riccati" file="src/pymortests/riccati.py" line="105" name="test_pos_ricc_lrcf[scipy-False-True-True-True-2-1-20]" time="0.0004634857177734375"><skipped message="Suite splitting in effect" type="pytest.skip">src/pymortests/riccati.py:105: Suite splitting in effect</skipped></testcase><testcase classname="src.pymortests.riccati" file="src/pymortests/riccati.py" line="105" name="test_pos_ricc_lrcf[scipy-False-True-True-True-2-2-10]" time="0.0005202293395996094"><skipped message="Suite splitting in effect" type="pytest.skip">src/pymortests/riccati.py:105: Suite splitting in effect</skipped></testcase><testcase classname="src.pymortests.riccati" file="src/pymortests/riccati.py" line="105" name="test_pos_ricc_lrcf[scipy-False-True-True-True-2-2-20]" time="0.0004534721374511719"><skipped message="Suite splitting in effect" type="pytest.skip">src/pymortests/riccati.py:105: Suite splitting in effect</skipped></testcase><testcase classname="src.pymortests.riccati" file="src/pymortests/riccati.py" line="105" name="test_pos_ricc_lrcf[scipy-True-False-False-False-1-1-10]" time="0.0004363059997558594"><skipped message="Suite splitting in effect" type="pytest.skip">src/pymortests/riccati.py:105: Suite splitting in effect</skipped></testcase><testcase classname="src.pymortests.riccati" file="src/pymortests/riccati.py" line="105" name="test_pos_ricc_lrcf[scipy-True-False-False-False-1-1-20]" time="0.0004558563232421875"><skipped message="Suite splitting in effect" type="pytest.skip">src/pymortests/riccati.py:105: Suite splitting in effect</skipped></testcase><testcase classname="src.pymortests.riccati" file="src/pymortests/riccati.py" line="105" name="test_pos_ricc_lrcf[scipy-True-False-False-False-1-2-10]" time="0.0008580684661865234"><skipped message="Suite splitting in effect" type="pytest.skip">src/pymortests/riccati.py:105: Suite splitting in effect</skipped></testcase><testcase classname="src.pymortests.riccati" file="src/pymortests/riccati.py" line="105" name="test_pos_ricc_lrcf[scipy-True-False-False-False-1-2-20]" time="0.00048089027404785156"><skipped message="Suite splitting in effect" type="pytest.skip">src/pymortests/riccati.py:105: Suite splitting in effect</skipped></testcase><testcase classname="src.pymortests.riccati" file="src/pymortests/riccati.py" line="105" name="test_pos_ricc_lrcf[scipy-True-False-False-False-2-1-10]" time="0.0005571842193603516"><skipped message="Suite splitting in effect" type="pytest.skip">src/pymortests/riccati.py:105: Suite splitting in effect</skipped></testcase><testcase classname="src.pymortests.riccati" file="src/pymortests/riccati.py" line="105" name="test_pos_ricc_lrcf[scipy-True-False-False-False-2-1-20]" time="0.0005042552947998047"><skipped message="Suite splitting in effect" type="pytest.skip">src/pymortests/riccati.py:105: Suite splitting in effect</skipped></testcase><testcase classname="src.pymortests.riccati" file="src/pymortests/riccati.py" line="105" name="test_pos_ricc_lrcf[scipy-True-False-False-False-2-2-10]" time="0.0005645751953125"><skipped message="Suite splitting in effect" type="pytest.skip">src/pymortests/riccati.py:105: Suite splitting in effect</skipped></testcase><testcase classname="src.pymortests.riccati" file="src/pymortests/riccati.py" line="105" name="test_pos_ricc_lrcf[scipy-True-False-False-False-2-2-20]" time="0.0005717277526855469"><skipped message="Suite splitting in effect" type="pytest.skip">src/pymortests/riccati.py:105: Suite splitting in effect</skipped></testcase><testcase classname="src.pymortests.riccati" file="src/pymortests/riccati.py" line="105" name="test_pos_ricc_lrcf[scipy-True-False-False-True-1-1-10]" time="0.0004904270172119141"><skipped message="Suite splitting in effect" type="pytest.skip">src/pymortests/riccati.py:105: Suite splitting in effect</skipped></testcase><testcase classname="src.pymortests.riccati" file="src/pymortests/riccati.py" line="105" name="test_pos_ricc_lrcf[scipy-True-False-False-True-1-1-20]" time="0.0005025863647460938"><skipped message="Suite splitting in effect" type="pytest.skip">src/pymortests/riccati.py:105: Suite splitting in effect</skipped></testcase><testcase classname="src.pymortests.riccati" file="src/pymortests/riccati.py" line="105" name="test_pos_ricc_lrcf[scipy-True-False-False-True-1-2-10]" time="0.0007932186126708984"><skipped message="Suite splitting in effect" type="pytest.skip">src/pymortests/riccati.py:105: Suite splitting in effect</skipped></testcase><testcase classname="src.pymortests.riccati" file="src/pymortests/riccati.py" line="105" name="test_pos_ricc_lrcf[scipy-True-False-False-True-1-2-20]" time="0.00043892860412597656"><skipped message="Suite splitting in effect" type="pytest.skip">src/pymortests/riccati.py:105: Suite splitting in effect</skipped></testcase><testcase classname="src.pymortests.riccati" file="src/pymortests/riccati.py" line="105" name="test_pos_ricc_lrcf[scipy-True-False-False-True-2-1-10]" time="0.0004944801330566406"><skipped message="Suite splitting in effect" type="pytest.skip">src/pymortests/riccati.py:105: Suite splitting in effect</skipped></testcase><testcase classname="src.pymortests.riccati" file="src/pymortests/riccati.py" line="105" name="test_pos_ricc_lrcf[scipy-True-False-False-True-2-1-20]" time="0.0005004405975341797"><skipped message="Suite splitting in effect" type="pytest.skip">src/pymortests/riccati.py:105: Suite splitting in effect</skipped></testcase><testcase classname="src.pymortests.riccati" file="src/pymortests/riccati.py" line="105" name="test_pos_ricc_lrcf[scipy-True-False-False-True-2-2-10]" time="0.0005116462707519531"><skipped message="Suite splitting in effect" type="pytest.skip">src/pymortests/riccati.py:105: Suite splitting in effect</skipped></testcase><testcase classname="src.pymortests.riccati" file="src/pymortests/riccati.py" line="105" name="test_pos_ricc_lrcf[scipy-True-False-False-True-2-2-20]" time="0.00044274330139160156"><skipped message="Suite splitting in effect" type="pytest.skip">src/pymortests/riccati.py:105: Suite splitting in effect</skipped></testcase><testcase classname="src.pymortests.riccati" file="src/pymortests/riccati.py" line="105" name="test_pos_ricc_lrcf[scipy-True-True-False-False-1-1-10]" time="0.0006175041198730469"><skipped message="Suite splitting in effect" type="pytest.skip">src/pymortests/riccati.py:105: Suite splitting in effect</skipped></testcase><testcase classname="src.pymortests.riccati" file="src/pymortests/riccati.py" line="105" name="test_pos_ricc_lrcf[scipy-True-True-False-False-1-1-20]" time="0.0005042552947998047"><skipped message="Suite splitting in effect" type="pytest.skip">src/pymortests/riccati.py:105: Suite splitting in effect</skipped></testcase><testcase classname="src.pymortests.riccati" file="src/pymortests/riccati.py" line="105" name="test_pos_ricc_lrcf[scipy-True-True-False-False-1-2-10]" time="0.0009033679962158203"><skipped message="Suite splitting in effect" type="pytest.skip">src/pymortests/riccati.py:105: Suite splitting in effect</skipped></testcase><testcase classname="src.pymortests.riccati" file="src/pymortests/riccati.py" line="105" name="test_pos_ricc_lrcf[scipy-True-True-False-False-1-2-20]" time="0.0004899501800537109"><skipped message="Suite splitting in effect" type="pytest.skip">src/pymortests/riccati.py:105: Suite splitting in effect</skipped></testcase><testcase classname="src.pymortests.riccati" file="src/pymortests/riccati.py" line="105" name="test_pos_ricc_lrcf[scipy-True-True-False-False-2-1-10]" time="0.0005364418029785156"><skipped message="Suite splitting in effect" type="pytest.skip">src/pymortests/riccati.py:105: Suite splitting in effect</skipped></testcase><testcase classname="src.pymortests.riccati" file="src/pymortests/riccati.py" line="105" name="test_pos_ricc_lrcf[scipy-True-True-False-False-2-1-20]" time="0.0006861686706542969"><skipped message="Suite splitting in effect" type="pytest.skip">src/pymortests/riccati.py:105: Suite splitting in effect</skipped></testcase><testcase classname="src.pymortests.riccati" file="src/pymortests/riccati.py" line="105" name="test_pos_ricc_lrcf[scipy-True-True-False-False-2-2-10]" time="0.0004885196685791016"><skipped message="Suite splitting in effect" type="pytest.skip">src/pymortests/riccati.py:105: Suite splitting in effect</skipped></testcase><testcase classname="src.pymortests.riccati" file="src/pymortests/riccati.py" line="105" name="test_pos_ricc_lrcf[scipy-True-True-False-False-2-2-20]" time="0.0004825592041015625"><skipped message="Suite splitting in effect" type="pytest.skip">src/pymortests/riccati.py:105: Suite splitting in effect</skipped></testcase><testcase classname="src.pymortests.riccati" file="src/pymortests/riccati.py" line="105" name="test_pos_ricc_lrcf[scipy-True-True-False-True-1-1-10]" time="0.0005004405975341797"><skipped message="Suite splitting in effect" type="pytest.skip">src/pymortests/riccati.py:105: Suite splitting in effect</skipped></testcase><testcase classname="src.pymortests.riccati" file="src/pymortests/riccati.py" line="105" name="test_pos_ricc_lrcf[scipy-True-True-False-True-1-1-20]" time="0.0005388259887695312"><skipped message="Suite splitting in effect" type="pytest.skip">src/pymortests/riccati.py:105: Suite splitting in effect</skipped></testcase><testcase classname="src.pymortests.riccati" file="src/pymortests/riccati.py" line="105" name="test_pos_ricc_lrcf[scipy-True-True-False-True-1-2-10]" time="0.0008561611175537109"><skipped message="Suite splitting in effect" type="pytest.skip">src/pymortests/riccati.py:105: Suite splitting in effect</skipped></testcase><testcase classname="src.pymortests.riccati" file="src/pymortests/riccati.py" line="105" name="test_pos_ricc_lrcf[scipy-True-True-False-True-1-2-20]" time="0.0004622936248779297"><skipped message="Suite splitting in effect" type="pytest.skip">src/pymortests/riccati.py:105: Suite splitting in effect</skipped></testcase><testcase classname="src.pymortests.riccati" file="src/pymortests/riccati.py" line="105" name="test_pos_ricc_lrcf[scipy-True-True-False-True-2-1-10]" time="0.00046563148498535156"><skipped message="Suite splitting in effect" type="pytest.skip">src/pymortests/riccati.py:105: Suite splitting in effect</skipped></testcase><testcase classname="src.pymortests.riccati" file="src/pymortests/riccati.py" line="105" name="test_pos_ricc_lrcf[scipy-True-True-False-True-2-1-20]" time="0.00048065185546875"><skipped message="Suite splitting in effect" type="pytest.skip">src/pymortests/riccati.py:105: Suite splitting in effect</skipped></testcase><testcase classname="src.pymortests.riccati" file="src/pymortests/riccati.py" line="105" name="test_pos_ricc_lrcf[scipy-True-True-False-True-2-2-10]" time="0.0004856586456298828"><skipped message="Suite splitting in effect" type="pytest.skip">src/pymortests/riccati.py:105: Suite splitting in effect</skipped></testcase><testcase classname="src.pymortests.riccati" file="src/pymortests/riccati.py" line="105" name="test_pos_ricc_lrcf[scipy-True-True-False-True-2-2-20]" time="0.0005438327789306641"><skipped message="Suite splitting in effect" type="pytest.skip">src/pymortests/riccati.py:105: Suite splitting in effect</skipped></testcase><testcase classname="src.pymortests.riccati" file="src/pymortests/riccati.py" line="105" name="test_pos_ricc_lrcf[scipy-True-True-True-False-1-1-10]" time="0.0004649162292480469"><skipped message="Suite splitting in effect" type="pytest.skip">src/pymortests/riccati.py:105: Suite splitting in effect</skipped></testcase><testcase classname="src.pymortests.riccati" file="src/pymortests/riccati.py" line="105" name="test_pos_ricc_lrcf[scipy-True-True-True-False-1-1-20]" time="0.0005218982696533203"><skipped message="Suite splitting in effect" type="pytest.skip">src/pymortests/riccati.py:105: Suite splitting in effect</skipped></testcase><testcase classname="src.pymortests.riccati" file="src/pymortests/riccati.py" line="105" name="test_pos_ricc_lrcf[scipy-True-True-True-False-1-2-10]" time="0.0009553432464599609"><skipped message="Suite splitting in effect" type="pytest.skip">src/pymortests/riccati.py:105: Suite splitting in effect</skipped></testcase><testcase classname="src.pymortests.riccati" file="src/pymortests/riccati.py" line="105" name="test_pos_ricc_lrcf[scipy-True-True-True-False-1-2-20]" time="0.0005812644958496094"><skipped message="Suite splitting in effect" type="pytest.skip">src/pymortests/riccati.py:105: Suite splitting in effect</skipped></testcase><testcase classname="src.pymortests.riccati" file="src/pymortests/riccati.py" line="105" name="test_pos_ricc_lrcf[scipy-True-True-True-False-2-1-10]" time="0.0005133152008056641"><skipped message="Suite splitting in effect" type="pytest.skip">src/pymortests/riccati.py:105: Suite splitting in effect</skipped></testcase><testcase classname="src.pymortests.riccati" file="src/pymortests/riccati.py" line="105" name="test_pos_ricc_lrcf[scipy-True-True-True-False-2-1-20]" time="0.0004794597625732422"><skipped message="Suite splitting in effect" type="pytest.skip">src/pymortests/riccati.py:105: Suite splitting in effect</skipped></testcase><testcase classname="src.pymortests.riccati" file="src/pymortests/riccati.py" line="105" name="test_pos_ricc_lrcf[scipy-True-True-True-False-2-2-10]" time="0.0005047321319580078"><skipped message="Suite splitting in effect" type="pytest.skip">src/pymortests/riccati.py:105: Suite splitting in effect</skipped></testcase><testcase classname="src.pymortests.riccati" file="src/pymortests/riccati.py" line="105" name="test_pos_ricc_lrcf[scipy-True-True-True-False-2-2-20]" time="0.0004665851593017578"><skipped message="Suite splitting in effect" type="pytest.skip">src/pymortests/riccati.py:105: Suite splitting in effect</skipped></testcase><testcase classname="src.pymortests.riccati" file="src/pymortests/riccati.py" line="105" name="test_pos_ricc_lrcf[scipy-True-True-True-True-1-1-10]" time="0.0005252361297607422"><skipped message="Suite splitting in effect" type="pytest.skip">src/pymortests/riccati.py:105: Suite splitting in effect</skipped></testcase><testcase classname="src.pymortests.riccati" file="src/pymortests/riccati.py" line="105" name="test_pos_ricc_lrcf[scipy-True-True-True-True-1-1-20]" time="0.0005102157592773438"><skipped message="Suite splitting in effect" type="pytest.skip">src/pymortests/riccati.py:105: Suite splitting in effect</skipped></testcase><testcase classname="src.pymortests.riccati" file="src/pymortests/riccati.py" line="105" name="test_pos_ricc_lrcf[scipy-True-True-True-True-1-2-10]" time="0.0011146068572998047"><skipped message="Suite splitting in effect" type="pytest.skip">src/pymortests/riccati.py:105: Suite splitting in effect</skipped></testcase><testcase classname="src.pymortests.riccati" file="src/pymortests/riccati.py" line="105" name="test_pos_ricc_lrcf[scipy-True-True-True-True-1-2-20]" time="0.0005154609680175781"><skipped message="Suite splitting in effect" type="pytest.skip">src/pymortests/riccati.py:105: Suite splitting in effect</skipped></testcase><testcase classname="src.pymortests.riccati" file="src/pymortests/riccati.py" line="105" name="test_pos_ricc_lrcf[scipy-True-True-True-True-2-1-10]" time="0.0004513263702392578"><skipped message="Suite splitting in effect" type="pytest.skip">src/pymortests/riccati.py:105: Suite splitting in effect</skipped></testcase><testcase classname="src.pymortests.riccati" file="src/pymortests/riccati.py" line="105" name="test_pos_ricc_lrcf[scipy-True-True-True-True-2-1-20]" time="0.0005462169647216797"><skipped message="Suite splitting in effect" type="pytest.skip">src/pymortests/riccati.py:105: Suite splitting in effect</skipped></testcase><testcase classname="src.pymortests.riccati" file="src/pymortests/riccati.py" line="105" name="test_pos_ricc_lrcf[scipy-True-True-True-True-2-2-10]" time="0.00046753883361816406"><skipped message="Suite splitting in effect" type="pytest.skip">src/pymortests/riccati.py:105: Suite splitting in effect</skipped></testcase><testcase classname="src.pymortests.riccati" file="src/pymortests/riccati.py" line="105" name="test_pos_ricc_lrcf[scipy-True-True-True-True-2-2-20]" time="0.0006074905395507812"><skipped message="Suite splitting in effect" type="pytest.skip">src/pymortests/riccati.py:105: Suite splitting in effect</skipped></testcase><testcase classname="src.pymortests.riccati" file="src/pymortests/riccati.py" line="105" name="test_pos_ricc_lrcf[slycot-False-False-False-False-1-1-10]" time="0.0004990100860595703"><skipped message="Suite splitting in effect" type="pytest.skip">src/pymortests/riccati.py:105: Suite splitting in effect</skipped></testcase><testcase classname="src.pymortests.riccati" file="src/pymortests/riccati.py" line="105" name="test_pos_ricc_lrcf[slycot-False-False-False-False-1-1-20]" time="0.0005633831024169922"><skipped message="Suite splitting in effect" type="pytest.skip">src/pymortests/riccati.py:105: Suite splitting in effect</skipped></testcase><testcase classname="src.pymortests.riccati" file="src/pymortests/riccati.py" line="105" name="test_pos_ricc_lrcf[slycot-False-False-False-False-1-2-10]" time="0.0008301734924316406"><skipped message="Suite splitting in effect" type="pytest.skip">src/pymortests/riccati.py:105: Suite splitting in effect</skipped></testcase><testcase classname="src.pymortests.riccati" file="src/pymortests/riccati.py" line="105" name="test_pos_ricc_lrcf[slycot-False-False-False-False-1-2-20]" time="0.0005612373352050781"><skipped message="Suite splitting in effect" type="pytest.skip">src/pymortests/riccati.py:105: Suite splitting in effect</skipped></testcase><testcase classname="src.pymortests.riccati" file="src/pymortests/riccati.py" line="105" name="test_pos_ricc_lrcf[slycot-False-False-False-False-2-1-10]" time="0.00047779083251953125"><skipped message="Suite splitting in effect" type="pytest.skip">src/pymortests/riccati.py:105: Suite splitting in effect</skipped></testcase><testcase classname="src.pymortests.riccati" file="src/pymortests/riccati.py" line="105" name="test_pos_ricc_lrcf[slycot-False-False-False-False-2-1-20]" time="0.00047779083251953125"><skipped message="Suite splitting in effect" type="pytest.skip">src/pymortests/riccati.py:105: Suite splitting in effect</skipped></testcase><testcase classname="src.pymortests.riccati" file="src/pymortests/riccati.py" line="105" name="test_pos_ricc_lrcf[slycot-False-False-False-False-2-2-10]" time="0.0005395412445068359"><skipped message="Suite splitting in effect" type="pytest.skip">src/pymortests/riccati.py:105: Suite splitting in effect</skipped></testcase><testcase classname="src.pymortests.riccati" file="src/pymortests/riccati.py" line="105" name="test_pos_ricc_lrcf[slycot-False-False-False-False-2-2-20]" time="0.0004832744598388672"><skipped message="Suite splitting in effect" type="pytest.skip">src/pymortests/riccati.py:105: Suite splitting in effect</skipped></testcase><testcase classname="src.pymortests.riccati" file="src/pymortests/riccati.py" line="105" name="test_pos_ricc_lrcf[slycot-False-False-False-True-1-1-10]" time="0.00046825408935546875"><skipped message="Suite splitting in effect" type="pytest.skip">src/pymortests/riccati.py:105: Suite splitting in effect</skipped></testcase><testcase classname="src.pymortests.riccati" file="src/pymortests/riccati.py" line="105" name="test_pos_ricc_lrcf[slycot-False-False-False-True-1-1-20]" time="0.0005524158477783203"><skipped message="Suite splitting in effect" type="pytest.skip">src/pymortests/riccati.py:105: Suite splitting in effect</skipped></testcase><testcase classname="src.pymortests.riccati" file="src/pymortests/riccati.py" line="105" name="test_pos_ricc_lrcf[slycot-False-False-False-True-1-2-10]" time="0.0008566379547119141"><skipped message="Suite splitting in effect" type="pytest.skip">src/pymortests/riccati.py:105: Suite splitting in effect</skipped></testcase><testcase classname="src.pymortests.riccati" file="src/pymortests/riccati.py" line="105" name="test_pos_ricc_lrcf[slycot-False-False-False-True-1-2-20]" time="0.0004677772521972656"><skipped message="Suite splitting in effect" type="pytest.skip">src/pymortests/riccati.py:105: Suite splitting in effect</skipped></testcase><testcase classname="src.pymortests.riccati" file="src/pymortests/riccati.py" line="105" name="test_pos_ricc_lrcf[slycot-False-False-False-True-2-1-10]" time="0.0005004405975341797"><skipped message="Suite splitting in effect" type="pytest.skip">src/pymortests/riccati.py:105: Suite splitting in effect</skipped></testcase><testcase classname="src.pymortests.riccati" file="src/pymortests/riccati.py" line="105" name="test_pos_ricc_lrcf[slycot-False-False-False-True-2-1-20]" time="0.0005421638488769531"><skipped message="Suite splitting in effect" type="pytest.skip">src/pymortests/riccati.py:105: Suite splitting in effect</skipped></testcase><testcase classname="src.pymortests.riccati" file="src/pymortests/riccati.py" line="105" name="test_pos_ricc_lrcf[slycot-False-False-False-True-2-2-10]" time="0.0004775524139404297"><skipped message="Suite splitting in effect" type="pytest.skip">src/pymortests/riccati.py:105: Suite splitting in effect</skipped></testcase><testcase classname="src.pymortests.riccati" file="src/pymortests/riccati.py" line="105" name="test_pos_ricc_lrcf[slycot-False-False-False-True-2-2-20]" time="0.0005612373352050781"><skipped message="Suite splitting in effect" type="pytest.skip">src/pymortests/riccati.py:105: Suite splitting in effect</skipped></testcase><testcase classname="src.pymortests.riccati" file="src/pymortests/riccati.py" line="105" name="test_pos_ricc_lrcf[slycot-False-True-False-False-1-1-10]" time="0.00048422813415527344"><skipped message="Suite splitting in effect" type="pytest.skip">src/pymortests/riccati.py:105: Suite splitting in effect</skipped></testcase><testcase classname="src.pymortests.riccati" file="src/pymortests/riccati.py" line="105" name="test_pos_ricc_lrcf[slycot-False-True-False-False-1-1-20]" time="0.00048804283142089844"><skipped message="Suite splitting in effect" type="pytest.skip">src/pymortests/riccati.py:105: Suite splitting in effect</skipped></testcase><testcase classname="src.pymortests.riccati" file="src/pymortests/riccati.py" line="105" name="test_pos_ricc_lrcf[slycot-False-True-False-False-1-2-10]" time="0.0007991790771484375"><skipped message="Suite splitting in effect" type="pytest.skip">src/pymortests/riccati.py:105: Suite splitting in effect</skipped></testcase><testcase classname="src.pymortests.riccati" file="src/pymortests/riccati.py" line="105" name="test_pos_ricc_lrcf[slycot-False-True-False-False-1-2-20]" time="0.0005452632904052734"><skipped message="Suite splitting in effect" type="pytest.skip">src/pymortests/riccati.py:105: Suite splitting in effect</skipped></testcase><testcase classname="src.pymortests.riccati" file="src/pymortests/riccati.py" line="105" name="test_pos_ricc_lrcf[slycot-False-True-False-False-2-1-10]" time="0.0005941390991210938"><skipped message="Suite splitting in effect" type="pytest.skip">src/pymortests/riccati.py:105: Suite splitting in effect</skipped></testcase><testcase classname="src.pymortests.riccati" file="src/pymortests/riccati.py" line="105" name="test_pos_ricc_lrcf[slycot-False-True-False-False-2-1-20]" time="0.00044846534729003906"><skipped message="Suite splitting in effect" type="pytest.skip">src/pymortests/riccati.py:105: Suite splitting in effect</skipped></testcase><testcase classname="src.pymortests.riccati" file="src/pymortests/riccati.py" line="105" name="test_pos_ricc_lrcf[slycot-False-True-False-False-2-2-10]" time="0.0004999637603759766"><skipped message="Suite splitting in effect" type="pytest.skip">src/pymortests/riccati.py:105: Suite splitting in effect</skipped></testcase><testcase classname="src.pymortests.riccati" file="src/pymortests/riccati.py" line="105" name="test_pos_ricc_lrcf[slycot-False-True-False-False-2-2-20]" time="0.0005292892456054688"><skipped message="Suite splitting in effect" type="pytest.skip">src/pymortests/riccati.py:105: Suite splitting in effect</skipped></testcase><testcase classname="src.pymortests.riccati" file="src/pymortests/riccati.py" line="105" name="test_pos_ricc_lrcf[slycot-False-True-False-True-1-1-10]" time="0.0004723072052001953"><skipped message="Suite splitting in effect" type="pytest.skip">src/pymortests/riccati.py:105: Suite splitting in effect</skipped></testcase><testcase classname="src.pymortests.riccati" file="src/pymortests/riccati.py" line="105" name="test_pos_ricc_lrcf[slycot-False-True-False-True-1-1-20]" time="0.0006086826324462891"><skipped message="Suite splitting in effect" type="pytest.skip">src/pymortests/riccati.py:105: Suite splitting in effect</skipped></testcase><testcase classname="src.pymortests.riccati" file="src/pymortests/riccati.py" line="105" name="test_pos_ricc_lrcf[slycot-False-True-False-True-1-2-10]" time="0.0008547306060791016"><skipped message="Suite splitting in effect" type="pytest.skip">src/pymortests/riccati.py:105: Suite splitting in effect</skipped></testcase><testcase classname="src.pymortests.riccati" file="src/pymortests/riccati.py" line="105" name="test_pos_ricc_lrcf[slycot-False-True-False-True-1-2-20]" time="0.0005259513854980469"><skipped message="Suite splitting in effect" type="pytest.skip">src/pymortests/riccati.py:105: Suite splitting in effect</skipped></testcase><testcase classname="src.pymortests.riccati" file="src/pymortests/riccati.py" line="105" name="test_pos_ricc_lrcf[slycot-False-True-False-True-2-1-10]" time="0.00046753883361816406"><skipped message="Suite splitting in effect" type="pytest.skip">src/pymortests/riccati.py:105: Suite splitting in effect</skipped></testcase><testcase classname="src.pymortests.riccati" file="src/pymortests/riccati.py" line="105" name="test_pos_ricc_lrcf[slycot-False-True-False-True-2-1-20]" time="0.00047397613525390625"><skipped message="Suite splitting in effect" type="pytest.skip">src/pymortests/riccati.py:105: Suite splitting in effect</skipped></testcase><testcase classname="src.pymortests.riccati" file="src/pymortests/riccati.py" line="105" name="test_pos_ricc_lrcf[slycot-False-True-False-True-2-2-10]" time="0.0004563331604003906"><skipped message="Suite splitting in effect" type="pytest.skip">src/pymortests/riccati.py:105: Suite splitting in effect</skipped></testcase><testcase classname="src.pymortests.riccati" file="src/pymortests/riccati.py" line="105" name="test_pos_ricc_lrcf[slycot-False-True-False-True-2-2-20]" time="0.0005123615264892578"><skipped message="Suite splitting in effect" type="pytest.skip">src/pymortests/riccati.py:105: Suite splitting in effect</skipped></testcase><testcase classname="src.pymortests.riccati" file="src/pymortests/riccati.py" line="105" name="test_pos_ricc_lrcf[slycot-False-True-True-False-1-1-10]" time="0.0005273818969726562"><skipped message="Suite splitting in effect" type="pytest.skip">src/pymortests/riccati.py:105: Suite splitting in effect</skipped></testcase><testcase classname="src.pymortests.riccati" file="src/pymortests/riccati.py" line="105" name="test_pos_ricc_lrcf[slycot-False-True-True-False-1-1-20]" time="0.0004830360412597656"><skipped message="Suite splitting in effect" type="pytest.skip">src/pymortests/riccati.py:105: Suite splitting in effect</skipped></testcase><testcase classname="src.pymortests.riccati" file="src/pymortests/riccati.py" line="105" name="test_pos_ricc_lrcf[slycot-False-True-True-False-1-2-10]" time="0.0007810592651367188"><skipped message="Suite splitting in effect" type="pytest.skip">src/pymortests/riccati.py:105: Suite splitting in effect</skipped></testcase><testcase classname="src.pymortests.riccati" file="src/pymortests/riccati.py" line="105" name="test_pos_ricc_lrcf[slycot-False-True-True-False-1-2-20]" time="0.0005266666412353516"><skipped message="Suite splitting in effect" type="pytest.skip">src/pymortests/riccati.py:105: Suite splitting in effect</skipped></testcase><testcase classname="src.pymortests.riccati" file="src/pymortests/riccati.py" line="105" name="test_pos_ricc_lrcf[slycot-False-True-True-False-2-1-10]" time="0.0005755424499511719"><skipped message="Suite splitting in effect" type="pytest.skip">src/pymortests/riccati.py:105: Suite splitting in effect</skipped></testcase><testcase classname="src.pymortests.riccati" file="src/pymortests/riccati.py" line="105" name="test_pos_ricc_lrcf[slycot-False-True-True-False-2-1-20]" time="0.0004706382751464844"><skipped message="Suite splitting in effect" type="pytest.skip">src/pymortests/riccati.py:105: Suite splitting in effect</skipped></testcase><testcase classname="src.pymortests.riccati" file="src/pymortests/riccati.py" line="105" name="test_pos_ricc_lrcf[slycot-False-True-True-False-2-2-10]" time="0.0004963874816894531"><skipped message="Suite splitting in effect" type="pytest.skip">src/pymortests/riccati.py:105: Suite splitting in effect</skipped></testcase><testcase classname="src.pymortests.riccati" file="src/pymortests/riccati.py" line="105" name="test_pos_ricc_lrcf[slycot-False-True-True-False-2-2-20]" time="0.0005106925964355469"><skipped message="Suite splitting in effect" type="pytest.skip">src/pymortests/riccati.py:105: Suite splitting in effect</skipped></testcase><testcase classname="src.pymortests.riccati" file="src/pymortests/riccati.py" line="105" name="test_pos_ricc_lrcf[slycot-False-True-True-True-1-1-10]" time="0.00044846534729003906"><skipped message="Suite splitting in effect" type="pytest.skip">src/pymortests/riccati.py:105: Suite splitting in effect</skipped></testcase><testcase classname="src.pymortests.riccati" file="src/pymortests/riccati.py" line="105" name="test_pos_ricc_lrcf[slycot-False-True-True-True-1-1-20]" time="0.0005524158477783203"><skipped message="Suite splitting in effect" type="pytest.skip">src/pymortests/riccati.py:105: Suite splitting in effect</skipped></testcase><testcase classname="src.pymortests.riccati" file="src/pymortests/riccati.py" line="105" name="test_pos_ricc_lrcf[slycot-False-True-True-True-1-2-10]" time="0.0008127689361572266"><skipped message="Suite splitting in effect" type="pytest.skip">src/pymortests/riccati.py:105: Suite splitting in effect</skipped></testcase><testcase classname="src.pymortests.riccati" file="src/pymortests/riccati.py" line="105" name="test_pos_ricc_lrcf[slycot-False-True-True-True-1-2-20]" time="0.00048279762268066406"><skipped message="Suite splitting in effect" type="pytest.skip">src/pymortests/riccati.py:105: Suite splitting in effect</skipped></testcase><testcase classname="src.pymortests.riccati" file="src/pymortests/riccati.py" line="105" name="test_pos_ricc_lrcf[slycot-False-True-True-True-2-1-10]" time="0.0005366802215576172"><skipped message="Suite splitting in effect" type="pytest.skip">src/pymortests/riccati.py:105: Suite splitting in effect</skipped></testcase><testcase classname="src.pymortests.riccati" file="src/pymortests/riccati.py" line="105" name="test_pos_ricc_lrcf[slycot-False-True-True-True-2-1-20]" time="0.0005543231964111328"><skipped message="Suite splitting in effect" type="pytest.skip">src/pymortests/riccati.py:105: Suite splitting in effect</skipped></testcase><testcase classname="src.pymortests.riccati" file="src/pymortests/riccati.py" line="105" name="test_pos_ricc_lrcf[slycot-False-True-True-True-2-2-10]" time="0.0004680156707763672"><skipped message="Suite splitting in effect" type="pytest.skip">src/pymortests/riccati.py:105: Suite splitting in effect</skipped></testcase><testcase classname="src.pymortests.riccati" file="src/pymortests/riccati.py" line="105" name="test_pos_ricc_lrcf[slycot-False-True-True-True-2-2-20]" time="0.0005400180816650391"><skipped message="Suite splitting in effect" type="pytest.skip">src/pymortests/riccati.py:105: Suite splitting in effect</skipped></testcase><testcase classname="src.pymortests.riccati" file="src/pymortests/riccati.py" line="105" name="test_pos_ricc_lrcf[slycot-True-False-False-False-1-1-10]" time="0.0004937648773193359"><skipped message="Suite splitting in effect" type="pytest.skip">src/pymortests/riccati.py:105: Suite splitting in effect</skipped></testcase><testcase classname="src.pymortests.riccati" file="src/pymortests/riccati.py" line="105" name="test_pos_ricc_lrcf[slycot-True-False-False-False-1-1-20]" time="0.0004963874816894531"><skipped message="Suite splitting in effect" type="pytest.skip">src/pymortests/riccati.py:105: Suite splitting in effect</skipped></testcase><testcase classname="src.pymortests.riccati" file="src/pymortests/riccati.py" line="105" name="test_pos_ricc_lrcf[slycot-True-False-False-False-1-2-10]" time="0.0008139610290527344"><skipped message="Suite splitting in effect" type="pytest.skip">src/pymortests/riccati.py:105: Suite splitting in effect</skipped></testcase><testcase classname="src.pymortests.riccati" file="src/pymortests/riccati.py" line="105" name="test_pos_ricc_lrcf[slycot-True-False-False-False-1-2-20]" time="0.0005075931549072266"><skipped message="Suite splitting in effect" type="pytest.skip">src/pymortests/riccati.py:105: Suite splitting in effect</skipped></testcase><testcase classname="src.pymortests.riccati" file="src/pymortests/riccati.py" line="105" name="test_pos_ricc_lrcf[slycot-True-False-False-False-2-1-10]" time="0.0004439353942871094"><skipped message="Suite splitting in effect" type="pytest.skip">src/pymortests/riccati.py:105: Suite splitting in effect</skipped></testcase><testcase classname="src.pymortests.riccati" file="src/pymortests/riccati.py" line="105" name="test_pos_ricc_lrcf[slycot-True-False-False-False-2-1-20]" time="0.0004763603210449219"><skipped message="Suite splitting in effect" type="pytest.skip">src/pymortests/riccati.py:105: Suite splitting in effect</skipped></testcase><testcase classname="src.pymortests.riccati" file="src/pymortests/riccati.py" line="105" name="test_pos_ricc_lrcf[slycot-True-False-False-False-2-2-10]" time="0.0005028247833251953"><skipped message="Suite splitting in effect" type="pytest.skip">src/pymortests/riccati.py:105: Suite splitting in effect</skipped></testcase><testcase classname="src.pymortests.riccati" file="src/pymortests/riccati.py" line="105" name="test_pos_ricc_lrcf[slycot-True-False-False-False-2-2-20]" time="0.00048732757568359375"><skipped message="Suite splitting in effect" type="pytest.skip">src/pymortests/riccati.py:105: Suite splitting in effect</skipped></testcase><testcase classname="src.pymortests.riccati" file="src/pymortests/riccati.py" line="105" name="test_pos_ricc_lrcf[slycot-True-False-False-True-1-1-10]" time="0.0004317760467529297"><skipped message="Suite splitting in effect" type="pytest.skip">src/pymortests/riccati.py:105: Suite splitting in effect</skipped></testcase><testcase classname="src.pymortests.riccati" file="src/pymortests/riccati.py" line="105" name="test_pos_ricc_lrcf[slycot-True-False-False-True-1-1-20]" time="0.0004470348358154297"><skipped message="Suite splitting in effect" type="pytest.skip">src/pymortests/riccati.py:105: Suite splitting in effect</skipped></testcase><testcase classname="src.pymortests.riccati" file="src/pymortests/riccati.py" line="105" name="test_pos_ricc_lrcf[slycot-True-False-False-True-1-2-10]" time="0.0008060932159423828"><skipped message="Suite splitting in effect" type="pytest.skip">src/pymortests/riccati.py:105: Suite splitting in effect</skipped></testcase><testcase classname="src.pymortests.riccati" file="src/pymortests/riccati.py" line="105" name="test_pos_ricc_lrcf[slycot-True-False-False-True-1-2-20]" time="0.0005364418029785156"><skipped message="Suite splitting in effect" type="pytest.skip">src/pymortests/riccati.py:105: Suite splitting in effect</skipped></testcase><testcase classname="src.pymortests.riccati" file="src/pymortests/riccati.py" line="105" name="test_pos_ricc_lrcf[slycot-True-False-False-True-2-1-10]" time="0.0005252361297607422"><skipped message="Suite splitting in effect" type="pytest.skip">src/pymortests/riccati.py:105: Suite splitting in effect</skipped></testcase><testcase classname="src.pymortests.riccati" file="src/pymortests/riccati.py" line="105" name="test_pos_ricc_lrcf[slycot-True-False-False-True-2-1-20]" time="0.0004413127899169922"><skipped message="Suite splitting in effect" type="pytest.skip">src/pymortests/riccati.py:105: Suite splitting in effect</skipped></testcase><testcase classname="src.pymortests.riccati" file="src/pymortests/riccati.py" line="105" name="test_pos_ricc_lrcf[slycot-True-False-False-True-2-2-10]" time="0.0004429817199707031"><skipped message="Suite splitting in effect" type="pytest.skip">src/pymortests/riccati.py:105: Suite splitting in effect</skipped></testcase><testcase classname="src.pymortests.riccati" file="src/pymortests/riccati.py" line="105" name="test_pos_ricc_lrcf[slycot-True-False-False-True-2-2-20]" time="0.000492095947265625"><skipped message="Suite splitting in effect" type="pytest.skip">src/pymortests/riccati.py:105: Suite splitting in effect</skipped></testcase><testcase classname="src.pymortests.riccati" file="src/pymortests/riccati.py" line="105" name="test_pos_ricc_lrcf[slycot-True-True-False-False-1-1-10]" time="0.0005137920379638672"><skipped message="Suite splitting in effect" type="pytest.skip">src/pymortests/riccati.py:105: Suite splitting in effect</skipped></testcase><testcase classname="src.pymortests.riccati" file="src/pymortests/riccati.py" line="105" name="test_pos_ricc_lrcf[slycot-True-True-False-False-1-1-20]" time="0.0005915164947509766"><skipped message="Suite splitting in effect" type="pytest.skip">src/pymortests/riccati.py:105: Suite splitting in effect</skipped></testcase><testcase classname="src.pymortests.riccati" file="src/pymortests/riccati.py" line="105" name="test_pos_ricc_lrcf[slycot-True-True-False-False-1-2-10]" time="0.0009641647338867188"><skipped message="Suite splitting in effect" type="pytest.skip">src/pymortests/riccati.py:105: Suite splitting in effect</skipped></testcase><testcase classname="src.pymortests.riccati" file="src/pymortests/riccati.py" line="105" name="test_pos_ricc_lrcf[slycot-True-True-False-False-1-2-20]" time="0.0004839897155761719"><skipped message="Suite splitting in effect" type="pytest.skip">src/pymortests/riccati.py:105: Suite splitting in effect</skipped></testcase><testcase classname="src.pymortests.riccati" file="src/pymortests/riccati.py" line="105" name="test_pos_ricc_lrcf[slycot-True-True-False-False-2-1-10]" time="0.00047588348388671875"><skipped message="Suite splitting in effect" type="pytest.skip">src/pymortests/riccati.py:105: Suite splitting in effect</skipped></testcase><testcase classname="src.pymortests.riccati" file="src/pymortests/riccati.py" line="105" name="test_pos_ricc_lrcf[slycot-True-True-False-False-2-1-20]" time="0.0005259513854980469"><skipped message="Suite splitting in effect" type="pytest.skip">src/pymortests/riccati.py:105: Suite splitting in effect</skipped></testcase><testcase classname="src.pymortests.riccati" file="src/pymortests/riccati.py" line="105" name="test_pos_ricc_lrcf[slycot-True-True-False-False-2-2-10]" time="0.0005891323089599609"><skipped message="Suite splitting in effect" type="pytest.skip">src/pymortests/riccati.py:105: Suite splitting in effect</skipped></testcase><testcase classname="src.pymortests.riccati" file="src/pymortests/riccati.py" line="105" name="test_pos_ricc_lrcf[slycot-True-True-False-False-2-2-20]" time="0.0006849765777587891"><skipped message="Suite splitting in effect" type="pytest.skip">src/pymortests/riccati.py:105: Suite splitting in effect</skipped></testcase><testcase classname="src.pymortests.riccati" file="src/pymortests/riccati.py" line="105" name="test_pos_ricc_lrcf[slycot-True-True-False-True-1-1-10]" time="0.0007472038269042969"><skipped message="Suite splitting in effect" type="pytest.skip">src/pymortests/riccati.py:105: Suite splitting in effect</skipped></testcase><testcase classname="src.pymortests.riccati" file="src/pymortests/riccati.py" line="105" name="test_pos_ricc_lrcf[slycot-True-True-False-True-1-1-20]" time="0.0005691051483154297"><skipped message="Suite splitting in effect" type="pytest.skip">src/pymortests/riccati.py:105: Suite splitting in effect</skipped></testcase><testcase classname="src.pymortests.riccati" file="src/pymortests/riccati.py" line="105" name="test_pos_ricc_lrcf[slycot-True-True-False-True-1-2-10]" time="0.0008385181427001953"><skipped message="Suite splitting in effect" type="pytest.skip">src/pymortests/riccati.py:105: Suite splitting in effect</skipped></testcase><testcase classname="src.pymortests.riccati" file="src/pymortests/riccati.py" line="105" name="test_pos_ricc_lrcf[slycot-True-True-False-True-1-2-20]" time="0.0005230903625488281"><skipped message="Suite splitting in effect" type="pytest.skip">src/pymortests/riccati.py:105: Suite splitting in effect</skipped></testcase><testcase classname="src.pymortests.riccati" file="src/pymortests/riccati.py" line="105" name="test_pos_ricc_lrcf[slycot-True-True-False-True-2-1-10]" time="0.0005519390106201172"><skipped message="Suite splitting in effect" type="pytest.skip">src/pymortests/riccati.py:105: Suite splitting in effect</skipped></testcase><testcase classname="src.pymortests.riccati" file="src/pymortests/riccati.py" line="105" name="test_pos_ricc_lrcf[slycot-True-True-False-True-2-1-20]" time="0.0004782676696777344"><skipped message="Suite splitting in effect" type="pytest.skip">src/pymortests/riccati.py:105: Suite splitting in effect</skipped></testcase><testcase classname="src.pymortests.riccati" file="src/pymortests/riccati.py" line="105" name="test_pos_ricc_lrcf[slycot-True-True-False-True-2-2-10]" time="0.0005276203155517578"><skipped message="Suite splitting in effect" type="pytest.skip">src/pymortests/riccati.py:105: Suite splitting in effect</skipped></testcase><testcase classname="src.pymortests.riccati" file="src/pymortests/riccati.py" line="105" name="test_pos_ricc_lrcf[slycot-True-True-False-True-2-2-20]" time="0.0005540847778320312"><skipped message="Suite splitting in effect" type="pytest.skip">src/pymortests/riccati.py:105: Suite splitting in effect</skipped></testcase><testcase classname="src.pymortests.riccati" file="src/pymortests/riccati.py" line="105" name="test_pos_ricc_lrcf[slycot-True-True-True-False-1-1-10]" time="0.0005004405975341797"><skipped message="Suite splitting in effect" type="pytest.skip">src/pymortests/riccati.py:105: Suite splitting in effect</skipped></testcase><testcase classname="src.pymortests.riccati" file="src/pymortests/riccati.py" line="105" name="test_pos_ricc_lrcf[slycot-True-True-True-False-1-1-20]" time="0.0005199909210205078"><skipped message="Suite splitting in effect" type="pytest.skip">src/pymortests/riccati.py:105: Suite splitting in effect</skipped></testcase><testcase classname="src.pymortests.riccati" file="src/pymortests/riccati.py" line="105" name="test_pos_ricc_lrcf[slycot-True-True-True-False-1-2-10]" time="0.0008909702301025391"><skipped message="Suite splitting in effect" type="pytest.skip">src/pymortests/riccati.py:105: Suite splitting in effect</skipped></testcase><testcase classname="src.pymortests.riccati" file="src/pymortests/riccati.py" line="105" name="test_pos_ricc_lrcf[slycot-True-True-True-False-1-2-20]" time="0.0004875659942626953"><skipped message="Suite splitting in effect" type="pytest.skip">src/pymortests/riccati.py:105: Suite splitting in effect</skipped></testcase><testcase classname="src.pymortests.riccati" file="src/pymortests/riccati.py" line="105" name="test_pos_ricc_lrcf[slycot-True-True-True-False-2-1-10]" time="0.0004737377166748047"><skipped message="Suite splitting in effect" type="pytest.skip">src/pymortests/riccati.py:105: Suite splitting in effect</skipped></testcase><testcase classname="src.pymortests.riccati" file="src/pymortests/riccati.py" line="105" name="test_pos_ricc_lrcf[slycot-True-True-True-False-2-1-20]" time="0.0005285739898681641"><skipped message="Suite splitting in effect" type="pytest.skip">src/pymortests/riccati.py:105: Suite splitting in effect</skipped></testcase><testcase classname="src.pymortests.riccati" file="src/pymortests/riccati.py" line="105" name="test_pos_ricc_lrcf[slycot-True-True-True-False-2-2-10]" time="0.0004868507385253906"><skipped message="Suite splitting in effect" type="pytest.skip">src/pymortests/riccati.py:105: Suite splitting in effect</skipped></testcase><testcase classname="src.pymortests.riccati" file="src/pymortests/riccati.py" line="105" name="test_pos_ricc_lrcf[slycot-True-True-True-False-2-2-20]" time="0.0005028247833251953"><skipped message="Suite splitting in effect" type="pytest.skip">src/pymortests/riccati.py:105: Suite splitting in effect</skipped></testcase><testcase classname="src.pymortests.riccati" file="src/pymortests/riccati.py" line="105" name="test_pos_ricc_lrcf[slycot-True-True-True-True-1-1-10]" time="0.0005977153778076172"><skipped message="Suite splitting in effect" type="pytest.skip">src/pymortests/riccati.py:105: Suite splitting in effect</skipped></testcase><testcase classname="src.pymortests.riccati" file="src/pymortests/riccati.py" line="105" name="test_pos_ricc_lrcf[slycot-True-True-True-True-1-1-20]" time="0.0004467964172363281"><skipped message="Suite splitting in effect" type="pytest.skip">src/pymortests/riccati.py:105: Suite splitting in effect</skipped></testcase><testcase classname="src.pymortests.riccati" file="src/pymortests/riccati.py" line="105" name="test_pos_ricc_lrcf[slycot-True-True-True-True-1-2-10]" time="0.0009660720825195312"><skipped message="Suite splitting in effect" type="pytest.skip">src/pymortests/riccati.py:105: Suite splitting in effect</skipped></testcase><testcase classname="src.pymortests.riccati" file="src/pymortests/riccati.py" line="105" name="test_pos_ricc_lrcf[slycot-True-True-True-True-1-2-20]" time="0.0005013942718505859"><skipped message="Suite splitting in effect" type="pytest.skip">src/pymortests/riccati.py:105: Suite splitting in effect</skipped></testcase><testcase classname="src.pymortests.riccati" file="src/pymortests/riccati.py" line="105" name="test_pos_ricc_lrcf[slycot-True-True-True-True-2-1-10]" time="0.0005421638488769531"><skipped message="Suite splitting in effect" type="pytest.skip">src/pymortests/riccati.py:105: Suite splitting in effect</skipped></testcase><testcase classname="src.pymortests.riccati" file="src/pymortests/riccati.py" line="105" name="test_pos_ricc_lrcf[slycot-True-True-True-True-2-1-20]" time="0.00046825408935546875"><skipped message="Suite splitting in effect" type="pytest.skip">src/pymortests/riccati.py:105: Suite splitting in effect</skipped></testcase><testcase classname="src.pymortests.riccati" file="src/pymortests/riccati.py" line="105" name="test_pos_ricc_lrcf[slycot-True-True-True-True-2-2-10]" time="0.0005381107330322266"><skipped message="Suite splitting in effect" type="pytest.skip">src/pymortests/riccati.py:105: Suite splitting in effect</skipped></testcase><testcase classname="src.pymortests.riccati" file="src/pymortests/riccati.py" line="105" name="test_pos_ricc_lrcf[slycot-True-True-True-True-2-2-20]" time="0.0004973411560058594"><skipped message="Suite splitting in effect" type="pytest.skip">src/pymortests/riccati.py:105: Suite splitting in effect</skipped></testcase><testcase classname="src.pymortests.riccati" file="src/pymortests/riccati.py" line="105" name="test_pos_ricc_lrcf[pymess_dense_nm_gmpcare-False-False-False-False-1-1-10]" time="0.0004551410675048828"><skipped message="Suite splitting in effect" type="pytest.skip">src/pymortests/riccati.py:105: Suite splitting in effect</skipped></testcase><testcase classname="src.pymortests.riccati" file="src/pymortests/riccati.py" line="105" name="test_pos_ricc_lrcf[pymess_dense_nm_gmpcare-False-False-False-False-1-1-20]" time="0.0004911422729492188"><skipped message="Suite splitting in effect" type="pytest.skip">src/pymortests/riccati.py:105: Suite splitting in effect</skipped></testcase><testcase classname="src.pymortests.riccati" file="src/pymortests/riccati.py" line="105" name="test_pos_ricc_lrcf[pymess_dense_nm_gmpcare-False-False-False-False-1-2-10]" time="0.0008199214935302734"><skipped message="Suite splitting in effect" type="pytest.skip">src/pymortests/riccati.py:105: Suite splitting in effect</skipped></testcase><testcase classname="src.pymortests.riccati" file="src/pymortests/riccati.py" line="105" name="test_pos_ricc_lrcf[pymess_dense_nm_gmpcare-False-False-False-False-1-2-20]" time="0.0004639625549316406"><skipped message="Suite splitting in effect" type="pytest.skip">src/pymortests/riccati.py:105: Suite splitting in effect</skipped></testcase><testcase classname="src.pymortests.riccati" file="src/pymortests/riccati.py" line="105" name="test_pos_ricc_lrcf[pymess_dense_nm_gmpcare-False-False-False-False-2-1-10]" time="0.0004627704620361328"><skipped message="Suite splitting in effect" type="pytest.skip">src/pymortests/riccati.py:105: Suite splitting in effect</skipped></testcase><testcase classname="src.pymortests.riccati" file="src/pymortests/riccati.py" line="105" name="test_pos_ricc_lrcf[pymess_dense_nm_gmpcare-False-False-False-False-2-1-20]" time="0.00043511390686035156"><skipped message="Suite splitting in effect" type="pytest.skip">src/pymortests/riccati.py:105: Suite splitting in effect</skipped></testcase><testcase classname="src.pymortests.riccati" file="src/pymortests/riccati.py" line="105" name="test_pos_ricc_lrcf[pymess_dense_nm_gmpcare-False-False-False-False-2-2-10]" time="0.0005087852478027344"><skipped message="Suite splitting in effect" type="pytest.skip">src/pymortests/riccati.py:105: Suite splitting in effect</skipped></testcase><testcase classname="src.pymortests.riccati" file="src/pymortests/riccati.py" line="105" name="test_pos_ricc_lrcf[pymess_dense_nm_gmpcare-False-False-False-False-2-2-20]" time="0.0004456043243408203"><skipped message="Suite splitting in effect" type="pytest.skip">src/pymortests/riccati.py:105: Suite splitting in effect</skipped></testcase><testcase classname="src.pymortests.riccati" file="src/pymortests/riccati.py" line="105" name="test_pos_ricc_lrcf[pymess_dense_nm_gmpcare-False-False-False-True-1-1-10]" time="0.0005166530609130859"><skipped message="Suite splitting in effect" type="pytest.skip">src/pymortests/riccati.py:105: Suite splitting in effect</skipped></testcase><testcase classname="src.pymortests.riccati" file="src/pymortests/riccati.py" line="105" name="test_pos_ricc_lrcf[pymess_dense_nm_gmpcare-False-False-False-True-1-1-20]" time="0.0004925727844238281"><skipped message="Suite splitting in effect" type="pytest.skip">src/pymortests/riccati.py:105: Suite splitting in effect</skipped></testcase><testcase classname="src.pymortests.riccati" file="src/pymortests/riccati.py" line="105" name="test_pos_ricc_lrcf[pymess_dense_nm_gmpcare-False-False-False-True-1-2-10]" time="0.0008044242858886719"><skipped message="Suite splitting in effect" type="pytest.skip">src/pymortests/riccati.py:105: Suite splitting in effect</skipped></testcase><testcase classname="src.pymortests.riccati" file="src/pymortests/riccati.py" line="105" name="test_pos_ricc_lrcf[pymess_dense_nm_gmpcare-False-False-False-True-1-2-20]" time="0.0004475116729736328"><skipped message="Suite splitting in effect" type="pytest.skip">src/pymortests/riccati.py:105: Suite splitting in effect</skipped></testcase><testcase classname="src.pymortests.riccati" file="src/pymortests/riccati.py" line="105" name="test_pos_ricc_lrcf[pymess_dense_nm_gmpcare-False-False-False-True-2-1-10]" time="0.00051116943359375"><skipped message="Suite splitting in effect" type="pytest.skip">src/pymortests/riccati.py:105: Suite splitting in effect</skipped></testcase><testcase classname="src.pymortests.riccati" file="src/pymortests/riccati.py" line="105" name="test_pos_ricc_lrcf[pymess_dense_nm_gmpcare-False-False-False-True-2-1-20]" time="0.0005028247833251953"><skipped message="Suite splitting in effect" type="pytest.skip">src/pymortests/riccati.py:105: Suite splitting in effect</skipped></testcase><testcase classname="src.pymortests.riccati" file="src/pymortests/riccati.py" line="105" name="test_pos_ricc_lrcf[pymess_dense_nm_gmpcare-False-False-False-True-2-2-10]" time="0.0005018711090087891"><skipped message="Suite splitting in effect" type="pytest.skip">src/pymortests/riccati.py:105: Suite splitting in effect</skipped></testcase><testcase classname="src.pymortests.riccati" file="src/pymortests/riccati.py" line="105" name="test_pos_ricc_lrcf[pymess_dense_nm_gmpcare-False-False-False-True-2-2-20]" time="0.00043702125549316406"><skipped message="Suite splitting in effect" type="pytest.skip">src/pymortests/riccati.py:105: Suite splitting in effect</skipped></testcase><testcase classname="src.pymortests.riccati" file="src/pymortests/riccati.py" line="105" name="test_pos_ricc_lrcf[pymess_dense_nm_gmpcare-False-True-False-False-1-1-10]" time="0.0004737377166748047"><skipped message="Suite splitting in effect" type="pytest.skip">src/pymortests/riccati.py:105: Suite splitting in effect</skipped></testcase><testcase classname="src.pymortests.riccati" file="src/pymortests/riccati.py" line="105" name="test_pos_ricc_lrcf[pymess_dense_nm_gmpcare-False-True-False-False-1-1-20]" time="0.0004913806915283203"><skipped message="Suite splitting in effect" type="pytest.skip">src/pymortests/riccati.py:105: Suite splitting in effect</skipped></testcase><testcase classname="src.pymortests.riccati" file="src/pymortests/riccati.py" line="105" name="test_pos_ricc_lrcf[pymess_dense_nm_gmpcare-False-True-False-False-1-2-10]" time="0.0010919570922851562"><skipped message="Suite splitting in effect" type="pytest.skip">src/pymortests/riccati.py:105: Suite splitting in effect</skipped></testcase><testcase classname="src.pymortests.riccati" file="src/pymortests/riccati.py" line="105" name="test_pos_ricc_lrcf[pymess_dense_nm_gmpcare-False-True-False-False-1-2-20]" time="0.0004942417144775391"><skipped message="Suite splitting in effect" type="pytest.skip">src/pymortests/riccati.py:105: Suite splitting in effect</skipped></testcase><testcase classname="src.pymortests.riccati" file="src/pymortests/riccati.py" line="105" name="test_pos_ricc_lrcf[pymess_dense_nm_gmpcare-False-True-False-False-2-1-10]" time="0.0005254745483398438"><skipped message="Suite splitting in effect" type="pytest.skip">src/pymortests/riccati.py:105: Suite splitting in effect</skipped></testcase><testcase classname="src.pymortests.riccati" file="src/pymortests/riccati.py" line="105" name="test_pos_ricc_lrcf[pymess_dense_nm_gmpcare-False-True-False-False-2-1-20]" time="0.00047326087951660156"><skipped message="Suite splitting in effect" type="pytest.skip">src/pymortests/riccati.py:105: Suite splitting in effect</skipped></testcase><testcase classname="src.pymortests.riccati" file="src/pymortests/riccati.py" line="105" name="test_pos_ricc_lrcf[pymess_dense_nm_gmpcare-False-True-False-False-2-2-10]" time="0.0005145072937011719"><skipped message="Suite splitting in effect" type="pytest.skip">src/pymortests/riccati.py:105: Suite splitting in effect</skipped></testcase><testcase classname="src.pymortests.riccati" file="src/pymortests/riccati.py" line="105" name="test_pos_ricc_lrcf[pymess_dense_nm_gmpcare-False-True-False-False-2-2-20]" time="0.0005896091461181641"><skipped message="Suite splitting in effect" type="pytest.skip">src/pymortests/riccati.py:105: Suite splitting in effect</skipped></testcase><testcase classname="src.pymortests.riccati" file="src/pymortests/riccati.py" line="105" name="test_pos_ricc_lrcf[pymess_dense_nm_gmpcare-False-True-False-True-1-1-10]" time="0.0004405975341796875"><skipped message="Suite splitting in effect" type="pytest.skip">src/pymortests/riccati.py:105: Suite splitting in effect</skipped></testcase><testcase classname="src.pymortests.riccati" file="src/pymortests/riccati.py" line="105" name="test_pos_ricc_lrcf[pymess_dense_nm_gmpcare-False-True-False-True-1-1-20]" time="0.0005316734313964844"><skipped message="Suite splitting in effect" type="pytest.skip">src/pymortests/riccati.py:105: Suite splitting in effect</skipped></testcase><testcase classname="src.pymortests.riccati" file="src/pymortests/riccati.py" line="105" name="test_pos_ricc_lrcf[pymess_dense_nm_gmpcare-False-True-False-True-1-2-10]" time="0.0008254051208496094"><skipped message="Suite splitting in effect" type="pytest.skip">src/pymortests/riccati.py:105: Suite splitting in effect</skipped></testcase><testcase classname="src.pymortests.riccati" file="src/pymortests/riccati.py" line="105" name="test_pos_ricc_lrcf[pymess_dense_nm_gmpcare-False-True-False-True-1-2-20]" time="0.0004863739013671875"><skipped message="Suite splitting in effect" type="pytest.skip">src/pymortests/riccati.py:105: Suite splitting in effect</skipped></testcase><testcase classname="src.pymortests.riccati" file="src/pymortests/riccati.py" line="105" name="test_pos_ricc_lrcf[pymess_dense_nm_gmpcare-False-True-False-True-2-1-10]" time="0.0004973411560058594"><skipped message="Suite splitting in effect" type="pytest.skip">src/pymortests/riccati.py:105: Suite splitting in effect</skipped></testcase><testcase classname="src.pymortests.riccati" file="src/pymortests/riccati.py" line="105" name="test_pos_ricc_lrcf[pymess_dense_nm_gmpcare-False-True-False-True-2-1-20]" time="0.0005116462707519531"><skipped message="Suite splitting in effect" type="pytest.skip">src/pymortests/riccati.py:105: Suite splitting in effect</skipped></testcase><testcase classname="src.pymortests.riccati" file="src/pymortests/riccati.py" line="105" name="test_pos_ricc_lrcf[pymess_dense_nm_gmpcare-False-True-False-True-2-2-10]" time="0.00046896934509277344"><skipped message="Suite splitting in effect" type="pytest.skip">src/pymortests/riccati.py:105: Suite splitting in effect</skipped></testcase><testcase classname="src.pymortests.riccati" file="src/pymortests/riccati.py" line="105" name="test_pos_ricc_lrcf[pymess_dense_nm_gmpcare-False-True-False-True-2-2-20]" time="0.0004334449768066406"><skipped message="Suite splitting in effect" type="pytest.skip">src/pymortests/riccati.py:105: Suite splitting in effect</skipped></testcase><testcase classname="src.pymortests.riccati" file="src/pymortests/riccati.py" line="105" name="test_pos_ricc_lrcf[pymess_dense_nm_gmpcare-False-True-True-False-1-1-10]" time="0.00042510032653808594"><skipped message="Suite splitting in effect" type="pytest.skip">src/pymortests/riccati.py:105: Suite splitting in effect</skipped></testcase><testcase classname="src.pymortests.riccati" file="src/pymortests/riccati.py" line="105" name="test_pos_ricc_lrcf[pymess_dense_nm_gmpcare-False-True-True-False-1-1-20]" time="0.0005338191986083984"><skipped message="Suite splitting in effect" type="pytest.skip">src/pymortests/riccati.py:105: Suite splitting in effect</skipped></testcase><testcase classname="src.pymortests.riccati" file="src/pymortests/riccati.py" line="105" name="test_pos_ricc_lrcf[pymess_dense_nm_gmpcare-False-True-True-False-1-2-10]" time="0.0007965564727783203"><skipped message="Suite splitting in effect" type="pytest.skip">src/pymortests/riccati.py:105: Suite splitting in effect</skipped></testcase><testcase classname="src.pymortests.riccati" file="src/pymortests/riccati.py" line="105" name="test_pos_ricc_lrcf[pymess_dense_nm_gmpcare-False-True-True-False-1-2-20]" time="0.0005495548248291016"><skipped message="Suite splitting in effect" type="pytest.skip">src/pymortests/riccati.py:105: Suite splitting in effect</skipped></testcase><testcase classname="src.pymortests.riccati" file="src/pymortests/riccati.py" line="105" name="test_pos_ricc_lrcf[pymess_dense_nm_gmpcare-False-True-True-False-2-1-10]" time="0.000446319580078125"><skipped message="Suite splitting in effect" type="pytest.skip">src/pymortests/riccati.py:105: Suite splitting in effect</skipped></testcase><testcase classname="src.pymortests.riccati" file="src/pymortests/riccati.py" line="105" name="test_pos_ricc_lrcf[pymess_dense_nm_gmpcare-False-True-True-False-2-1-20]" time="0.0004451274871826172"><skipped message="Suite splitting in effect" type="pytest.skip">src/pymortests/riccati.py:105: Suite splitting in effect</skipped></testcase><testcase classname="src.pymortests.riccati" file="src/pymortests/riccati.py" line="105" name="test_pos_ricc_lrcf[pymess_dense_nm_gmpcare-False-True-True-False-2-2-10]" time="0.0005040168762207031"><skipped message="Suite splitting in effect" type="pytest.skip">src/pymortests/riccati.py:105: Suite splitting in effect</skipped></testcase><testcase classname="src.pymortests.riccati" file="src/pymortests/riccati.py" line="105" name="test_pos_ricc_lrcf[pymess_dense_nm_gmpcare-False-True-True-False-2-2-20]" time="0.0005078315734863281"><skipped message="Suite splitting in effect" type="pytest.skip">src/pymortests/riccati.py:105: Suite splitting in effect</skipped></testcase><testcase classname="src.pymortests.riccati" file="src/pymortests/riccati.py" line="105" name="test_pos_ricc_lrcf[pymess_dense_nm_gmpcare-False-True-True-True-1-1-10]" time="0.00047516822814941406"><skipped message="Suite splitting in effect" type="pytest.skip">src/pymortests/riccati.py:105: Suite splitting in effect</skipped></testcase><testcase classname="src.pymortests.riccati" file="src/pymortests/riccati.py" line="105" name="test_pos_ricc_lrcf[pymess_dense_nm_gmpcare-False-True-True-True-1-1-20]" time="0.0005123615264892578"><skipped message="Suite splitting in effect" type="pytest.skip">src/pymortests/riccati.py:105: Suite splitting in effect</skipped></testcase><testcase classname="src.pymortests.riccati" file="src/pymortests/riccati.py" line="105" name="test_pos_ricc_lrcf[pymess_dense_nm_gmpcare-False-True-True-True-1-2-10]" time="0.0009541511535644531"><skipped message="Suite splitting in effect" type="pytest.skip">src/pymortests/riccati.py:105: Suite splitting in effect</skipped></testcase><testcase classname="src.pymortests.riccati" file="src/pymortests/riccati.py" line="105" name="test_pos_ricc_lrcf[pymess_dense_nm_gmpcare-False-True-True-True-1-2-20]" time="0.00044989585876464844"><skipped message="Suite splitting in effect" type="pytest.skip">src/pymortests/riccati.py:105: Suite splitting in effect</skipped></testcase><testcase classname="src.pymortests.riccati" file="src/pymortests/riccati.py" line="105" name="test_pos_ricc_lrcf[pymess_dense_nm_gmpcare-False-True-True-True-2-1-10]" time="0.0005168914794921875"><skipped message="Suite splitting in effect" type="pytest.skip">src/pymortests/riccati.py:105: Suite splitting in effect</skipped></testcase><testcase classname="src.pymortests.riccati" file="src/pymortests/riccati.py" line="105" name="test_pos_ricc_lrcf[pymess_dense_nm_gmpcare-False-True-True-True-2-1-20]" time="0.0005133152008056641"><skipped message="Suite splitting in effect" type="pytest.skip">src/pymortests/riccati.py:105: Suite splitting in effect</skipped></testcase><testcase classname="src.pymortests.riccati" file="src/pymortests/riccati.py" line="105" name="test_pos_ricc_lrcf[pymess_dense_nm_gmpcare-False-True-True-True-2-2-10]" time="0.00042819976806640625"><skipped message="Suite splitting in effect" type="pytest.skip">src/pymortests/riccati.py:105: Suite splitting in effect</skipped></testcase><testcase classname="src.pymortests.riccati" file="src/pymortests/riccati.py" line="105" name="test_pos_ricc_lrcf[pymess_dense_nm_gmpcare-False-True-True-True-2-2-20]" time="0.0005688667297363281"><skipped message="Suite splitting in effect" type="pytest.skip">src/pymortests/riccati.py:105: Suite splitting in effect</skipped></testcase><testcase classname="src.pymortests.riccati" file="src/pymortests/riccati.py" line="105" name="test_pos_ricc_lrcf[pymess_dense_nm_gmpcare-True-False-False-False-1-1-10]" time="0.0004994869232177734"><skipped message="Suite splitting in effect" type="pytest.skip">src/pymortests/riccati.py:105: Suite splitting in effect</skipped></testcase><testcase classname="src.pymortests.riccati" file="src/pymortests/riccati.py" line="105" name="test_pos_ricc_lrcf[pymess_dense_nm_gmpcare-True-False-False-False-1-1-20]" time="0.0005431175231933594"><skipped message="Suite splitting in effect" type="pytest.skip">src/pymortests/riccati.py:105: Suite splitting in effect</skipped></testcase><testcase classname="src.pymortests.riccati" file="src/pymortests/riccati.py" line="105" name="test_pos_ricc_lrcf[pymess_dense_nm_gmpcare-True-False-False-False-1-2-10]" time="0.0008685588836669922"><skipped message="Suite splitting in effect" type="pytest.skip">src/pymortests/riccati.py:105: Suite splitting in effect</skipped></testcase><testcase classname="src.pymortests.riccati" file="src/pymortests/riccati.py" line="105" name="test_pos_ricc_lrcf[pymess_dense_nm_gmpcare-True-False-False-False-1-2-20]" time="0.0004811286926269531"><skipped message="Suite splitting in effect" type="pytest.skip">src/pymortests/riccati.py:105: Suite splitting in effect</skipped></testcase><testcase classname="src.pymortests.riccati" file="src/pymortests/riccati.py" line="105" name="test_pos_ricc_lrcf[pymess_dense_nm_gmpcare-True-False-False-False-2-1-10]" time="0.0005040168762207031"><skipped message="Suite splitting in effect" type="pytest.skip">src/pymortests/riccati.py:105: Suite splitting in effect</skipped></testcase><testcase classname="src.pymortests.riccati" file="src/pymortests/riccati.py" line="105" name="test_pos_ricc_lrcf[pymess_dense_nm_gmpcare-True-False-False-False-2-1-20]" time="0.000579833984375"><skipped message="Suite splitting in effect" type="pytest.skip">src/pymortests/riccati.py:105: Suite splitting in effect</skipped></testcase><testcase classname="src.pymortests.riccati" file="src/pymortests/riccati.py" line="105" name="test_pos_ricc_lrcf[pymess_dense_nm_gmpcare-True-False-False-False-2-2-10]" time="0.0004775524139404297"><skipped message="Suite splitting in effect" type="pytest.skip">src/pymortests/riccati.py:105: Suite splitting in effect</skipped></testcase><testcase classname="src.pymortests.riccati" file="src/pymortests/riccati.py" line="105" name="test_pos_ricc_lrcf[pymess_dense_nm_gmpcare-True-False-False-False-2-2-20]" time="0.0005459785461425781"><skipped message="Suite splitting in effect" type="pytest.skip">src/pymortests/riccati.py:105: Suite splitting in effect</skipped></testcase><testcase classname="src.pymortests.riccati" file="src/pymortests/riccati.py" line="105" name="test_pos_ricc_lrcf[pymess_dense_nm_gmpcare-True-False-False-True-1-1-10]" time="0.0005772113800048828"><skipped message="Suite splitting in effect" type="pytest.skip">src/pymortests/riccati.py:105: Suite splitting in effect</skipped></testcase><testcase classname="src.pymortests.riccati" file="src/pymortests/riccati.py" line="105" name="test_pos_ricc_lrcf[pymess_dense_nm_gmpcare-True-False-False-True-1-1-20]" time="0.00044417381286621094"><skipped message="Suite splitting in effect" type="pytest.skip">src/pymortests/riccati.py:105: Suite splitting in effect</skipped></testcase><testcase classname="src.pymortests.riccati" file="src/pymortests/riccati.py" line="105" name="test_pos_ricc_lrcf[pymess_dense_nm_gmpcare-True-False-False-True-1-2-10]" time="0.0007975101470947266"><skipped message="Suite splitting in effect" type="pytest.skip">src/pymortests/riccati.py:105: Suite splitting in effect</skipped></testcase><testcase classname="src.pymortests.riccati" file="src/pymortests/riccati.py" line="105" name="test_pos_ricc_lrcf[pymess_dense_nm_gmpcare-True-False-False-True-1-2-20]" time="0.0004990100860595703"><skipped message="Suite splitting in effect" type="pytest.skip">src/pymortests/riccati.py:105: Suite splitting in effect</skipped></testcase><testcase classname="src.pymortests.riccati" file="src/pymortests/riccati.py" line="105" name="test_pos_ricc_lrcf[pymess_dense_nm_gmpcare-True-False-False-True-2-1-10]" time="0.0005040168762207031"><skipped message="Suite splitting in effect" type="pytest.skip">src/pymortests/riccati.py:105: Suite splitting in effect</skipped></testcase><testcase classname="src.pymortests.riccati" file="src/pymortests/riccati.py" line="105" name="test_pos_ricc_lrcf[pymess_dense_nm_gmpcare-True-False-False-True-2-1-20]" time="0.0004646778106689453"><skipped message="Suite splitting in effect" type="pytest.skip">src/pymortests/riccati.py:105: Suite splitting in effect</skipped></testcase><testcase classname="src.pymortests.riccati" file="src/pymortests/riccati.py" line="105" name="test_pos_ricc_lrcf[pymess_dense_nm_gmpcare-True-False-False-True-2-2-10]" time="0.0004963874816894531"><skipped message="Suite splitting in effect" type="pytest.skip">src/pymortests/riccati.py:105: Suite splitting in effect</skipped></testcase><testcase classname="src.pymortests.riccati" file="src/pymortests/riccati.py" line="105" name="test_pos_ricc_lrcf[pymess_dense_nm_gmpcare-True-False-False-True-2-2-20]" time="0.00042438507080078125"><skipped message="Suite splitting in effect" type="pytest.skip">src/pymortests/riccati.py:105: Suite splitting in effect</skipped></testcase><testcase classname="src.pymortests.riccati" file="src/pymortests/riccati.py" line="105" name="test_pos_ricc_lrcf[pymess_dense_nm_gmpcare-True-True-False-False-1-1-10]" time="0.0005369186401367188"><skipped message="Suite splitting in effect" type="pytest.skip">src/pymortests/riccati.py:105: Suite splitting in effect</skipped></testcase><testcase classname="src.pymortests.riccati" file="src/pymortests/riccati.py" line="105" name="test_pos_ricc_lrcf[pymess_dense_nm_gmpcare-True-True-False-False-1-1-20]" time="0.0005009174346923828"><skipped message="Suite splitting in effect" type="pytest.skip">src/pymortests/riccati.py:105: Suite splitting in effect</skipped></testcase><testcase classname="src.pymortests.riccati" file="src/pymortests/riccati.py" line="105" name="test_pos_ricc_lrcf[pymess_dense_nm_gmpcare-True-True-False-False-1-2-10]" time="0.0008549690246582031"><skipped message="Suite splitting in effect" type="pytest.skip">src/pymortests/riccati.py:105: Suite splitting in effect</skipped></testcase><testcase classname="src.pymortests.riccati" file="src/pymortests/riccati.py" line="105" name="test_pos_ricc_lrcf[pymess_dense_nm_gmpcare-True-True-False-False-1-2-20]" time="0.00045037269592285156"><skipped message="Suite splitting in effect" type="pytest.skip">src/pymortests/riccati.py:105: Suite splitting in effect</skipped></testcase><testcase classname="src.pymortests.riccati" file="src/pymortests/riccati.py" line="105" name="test_pos_ricc_lrcf[pymess_dense_nm_gmpcare-True-True-False-False-2-1-10]" time="0.0005366802215576172"><skipped message="Suite splitting in effect" type="pytest.skip">src/pymortests/riccati.py:105: Suite splitting in effect</skipped></testcase><testcase classname="src.pymortests.riccati" file="src/pymortests/riccati.py" line="105" name="test_pos_ricc_lrcf[pymess_dense_nm_gmpcare-True-True-False-False-2-1-20]" time="0.0004863739013671875"><skipped message="Suite splitting in effect" type="pytest.skip">src/pymortests/riccati.py:105: Suite splitting in effect</skipped></testcase><testcase classname="src.pymortests.riccati" file="src/pymortests/riccati.py" line="105" name="test_pos_ricc_lrcf[pymess_dense_nm_gmpcare-True-True-False-False-2-2-10]" time="0.00048542022705078125"><skipped message="Suite splitting in effect" type="pytest.skip">src/pymortests/riccati.py:105: Suite splitting in effect</skipped></testcase><testcase classname="src.pymortests.riccati" file="src/pymortests/riccati.py" line="105" name="test_pos_ricc_lrcf[pymess_dense_nm_gmpcare-True-True-False-False-2-2-20]" time="0.0005772113800048828"><skipped message="Suite splitting in effect" type="pytest.skip">src/pymortests/riccati.py:105: Suite splitting in effect</skipped></testcase><testcase classname="src.pymortests.riccati" file="src/pymortests/riccati.py" line="105" name="test_pos_ricc_lrcf[pymess_dense_nm_gmpcare-True-True-False-True-1-1-10]" time="0.0006422996520996094"><skipped message="Suite splitting in effect" type="pytest.skip">src/pymortests/riccati.py:105: Suite splitting in effect</skipped></testcase><testcase classname="src.pymortests.riccati" file="src/pymortests/riccati.py" line="105" name="test_pos_ricc_lrcf[pymess_dense_nm_gmpcare-True-True-False-True-1-1-20]" time="0.0005071163177490234"><skipped message="Suite splitting in effect" type="pytest.skip">src/pymortests/riccati.py:105: Suite splitting in effect</skipped></testcase><testcase classname="src.pymortests.riccati" file="src/pymortests/riccati.py" line="105" name="test_pos_ricc_lrcf[pymess_dense_nm_gmpcare-True-True-False-True-1-2-10]" time="0.0009138584136962891"><skipped message="Suite splitting in effect" type="pytest.skip">src/pymortests/riccati.py:105: Suite splitting in effect</skipped></testcase><testcase classname="src.pymortests.riccati" file="src/pymortests/riccati.py" line="105" name="test_pos_ricc_lrcf[pymess_dense_nm_gmpcare-True-True-False-True-1-2-20]" time="0.0005288124084472656"><skipped message="Suite splitting in effect" type="pytest.skip">src/pymortests/riccati.py:105: Suite splitting in effect</skipped></testcase><testcase classname="src.pymortests.riccati" file="src/pymortests/riccati.py" line="105" name="test_pos_ricc_lrcf[pymess_dense_nm_gmpcare-True-True-False-True-2-1-10]" time="0.00048160552978515625"><skipped message="Suite splitting in effect" type="pytest.skip">src/pymortests/riccati.py:105: Suite splitting in effect</skipped></testcase><testcase classname="src.pymortests.riccati" file="src/pymortests/riccati.py" line="105" name="test_pos_ricc_lrcf[pymess_dense_nm_gmpcare-True-True-False-True-2-1-20]" time="0.0004820823669433594"><skipped message="Suite splitting in effect" type="pytest.skip">src/pymortests/riccati.py:105: Suite splitting in effect</skipped></testcase><testcase classname="src.pymortests.riccati" file="src/pymortests/riccati.py" line="105" name="test_pos_ricc_lrcf[pymess_dense_nm_gmpcare-True-True-False-True-2-2-10]" time="0.0005106925964355469"><skipped message="Suite splitting in effect" type="pytest.skip">src/pymortests/riccati.py:105: Suite splitting in effect</skipped></testcase><testcase classname="src.pymortests.riccati" file="src/pymortests/riccati.py" line="105" name="test_pos_ricc_lrcf[pymess_dense_nm_gmpcare-True-True-False-True-2-2-20]" time="0.0004885196685791016"><skipped message="Suite splitting in effect" type="pytest.skip">src/pymortests/riccati.py:105: Suite splitting in effect</skipped></testcase><testcase classname="src.pymortests.riccati" file="src/pymortests/riccati.py" line="105" name="test_pos_ricc_lrcf[pymess_dense_nm_gmpcare-True-True-True-False-1-1-10]" time="0.0005319118499755859"><skipped message="Suite splitting in effect" type="pytest.skip">src/pymortests/riccati.py:105: Suite splitting in effect</skipped></testcase><testcase classname="src.pymortests.riccati" file="src/pymortests/riccati.py" line="105" name="test_pos_ricc_lrcf[pymess_dense_nm_gmpcare-True-True-True-False-1-1-20]" time="0.0004916191101074219"><skipped message="Suite splitting in effect" type="pytest.skip">src/pymortests/riccati.py:105: Suite splitting in effect</skipped></testcase><testcase classname="src.pymortests.riccati" file="src/pymortests/riccati.py" line="105" name="test_pos_ricc_lrcf[pymess_dense_nm_gmpcare-True-True-True-False-1-2-10]" time="0.0009095668792724609"><skipped message="Suite splitting in effect" type="pytest.skip">src/pymortests/riccati.py:105: Suite splitting in effect</skipped></testcase><testcase classname="src.pymortests.riccati" file="src/pymortests/riccati.py" line="105" name="test_pos_ricc_lrcf[pymess_dense_nm_gmpcare-True-True-True-False-1-2-20]" time="0.0004956722259521484"><skipped message="Suite splitting in effect" type="pytest.skip">src/pymortests/riccati.py:105: Suite splitting in effect</skipped></testcase><testcase classname="src.pymortests.riccati" file="src/pymortests/riccati.py" line="105" name="test_pos_ricc_lrcf[pymess_dense_nm_gmpcare-True-True-True-False-2-1-10]" time="0.00047707557678222656"><skipped message="Suite splitting in effect" type="pytest.skip">src/pymortests/riccati.py:105: Suite splitting in effect</skipped></testcase><testcase classname="src.pymortests.riccati" file="src/pymortests/riccati.py" line="105" name="test_pos_ricc_lrcf[pymess_dense_nm_gmpcare-True-True-True-False-2-1-20]" time="0.0005412101745605469"><skipped message="Suite splitting in effect" type="pytest.skip">src/pymortests/riccati.py:105: Suite splitting in effect</skipped></testcase><testcase classname="src.pymortests.riccati" file="src/pymortests/riccati.py" line="105" name="test_pos_ricc_lrcf[pymess_dense_nm_gmpcare-True-True-True-False-2-2-10]" time="0.0005595684051513672"><skipped message="Suite splitting in effect" type="pytest.skip">src/pymortests/riccati.py:105: Suite splitting in effect</skipped></testcase><testcase classname="src.pymortests.riccati" file="src/pymortests/riccati.py" line="105" name="test_pos_ricc_lrcf[pymess_dense_nm_gmpcare-True-True-True-False-2-2-20]" time="0.0005421638488769531"><skipped message="Suite splitting in effect" type="pytest.skip">src/pymortests/riccati.py:105: Suite splitting in effect</skipped></testcase><testcase classname="src.pymortests.riccati" file="src/pymortests/riccati.py" line="105" name="test_pos_ricc_lrcf[pymess_dense_nm_gmpcare-True-True-True-True-1-1-10]" time="0.0005273818969726562"><skipped message="Suite splitting in effect" type="pytest.skip">src/pymortests/riccati.py:105: Suite splitting in effect</skipped></testcase><testcase classname="src.pymortests.riccati" file="src/pymortests/riccati.py" line="105" name="test_pos_ricc_lrcf[pymess_dense_nm_gmpcare-True-True-True-True-1-1-20]" time="0.0005216598510742188"><skipped message="Suite splitting in effect" type="pytest.skip">src/pymortests/riccati.py:105: Suite splitting in effect</skipped></testcase><testcase classname="src.pymortests.riccati" file="src/pymortests/riccati.py" line="105" name="test_pos_ricc_lrcf[pymess_dense_nm_gmpcare-True-True-True-True-1-2-10]" time="0.0010786056518554688"><skipped message="Suite splitting in effect" type="pytest.skip">src/pymortests/riccati.py:105: Suite splitting in effect</skipped></testcase><testcase classname="src.pymortests.riccati" file="src/pymortests/riccati.py" line="105" name="test_pos_ricc_lrcf[pymess_dense_nm_gmpcare-True-True-True-True-1-2-20]" time="0.000514984130859375"><skipped message="Suite splitting in effect" type="pytest.skip">src/pymortests/riccati.py:105: Suite splitting in effect</skipped></testcase><testcase classname="src.pymortests.riccati" file="src/pymortests/riccati.py" line="105" name="test_pos_ricc_lrcf[pymess_dense_nm_gmpcare-True-True-True-True-2-1-10]" time="0.0004975795745849609"><skipped message="Suite splitting in effect" type="pytest.skip">src/pymortests/riccati.py:105: Suite splitting in effect</skipped></testcase><testcase classname="src.pymortests.riccati" file="src/pymortests/riccati.py" line="105" name="test_pos_ricc_lrcf[pymess_dense_nm_gmpcare-True-True-True-True-2-1-20]" time="0.0005307197570800781"><skipped message="Suite splitting in effect" type="pytest.skip">src/pymortests/riccati.py:105: Suite splitting in effect</skipped></testcase><testcase classname="src.pymortests.riccati" file="src/pymortests/riccati.py" line="105" name="test_pos_ricc_lrcf[pymess_dense_nm_gmpcare-True-True-True-True-2-2-10]" time="0.0005490779876708984"><skipped message="Suite splitting in effect" type="pytest.skip">src/pymortests/riccati.py:105: Suite splitting in effect</skipped></testcase><testcase classname="src.pymortests.riccati" file="src/pymortests/riccati.py" line="105" name="test_pos_ricc_lrcf[pymess_dense_nm_gmpcare-True-True-True-True-2-2-20]" time="0.0005280971527099609"><skipped message="Suite splitting in effect" type="pytest.skip">src/pymortests/riccati.py:105: Suite splitting in effect</skipped></testcase><testcase classname="src.pymortests.solver" file="src/pymortests/solver.py" line="48" name="test_generic_solvers[generic_lgmres]" time="0.0005865097045898438"><skipped message="Suite splitting in effect" type="pytest.skip">src/pymortests/solver.py:48: Suite splitting in effect</skipped></testcase><testcase classname="src.pymortests.solver" file="src/pymortests/solver.py" line="48" name="test_generic_solvers[generic_least_squares_lsmr]" time="0.0005373954772949219"><skipped message="Suite splitting in effect" type="pytest.skip">src/pymortests/solver.py:48: Suite splitting in effect</skipped></testcase><testcase classname="src.pymortests.solver" file="src/pymortests/solver.py" line="48" name="test_generic_solvers[generic_least_squares_lsqr]" time="0.0008788108825683594"><skipped message="Suite splitting in effect" type="pytest.skip">src/pymortests/solver.py:48: Suite splitting in effect</skipped></testcase><testcase classname="src.pymortests.solver" file="src/pymortests/solver.py" line="55" name="test_numpy_dense_solvers" time="0.0004451274871826172"><skipped message="Suite splitting in effect" type="pytest.skip">src/pymortests/solver.py:55: Suite splitting in effect</skipped></testcase><testcase classname="src.pymortests.solver" file="src/pymortests/solver.py" line="62" name="test_numpy_sparse_solvers[generic_least_squares_lsqr]" time="0.0004990100860595703"><skipped message="Suite splitting in effect" type="pytest.skip">src/pymortests/solver.py:62: Suite splitting in effect</skipped></testcase><testcase classname="src.pymortests.solver" file="src/pymortests/solver.py" line="62" name="test_numpy_sparse_solvers[scipy_spsolve]" time="0.0005459785461425781"><skipped message="Suite splitting in effect" type="pytest.skip">src/pymortests/solver.py:62: Suite splitting in effect</skipped></testcase><testcase classname="src.pymortests.solver" file="src/pymortests/solver.py" line="62" name="test_numpy_sparse_solvers[scipy_lgmres]" time="0.00047469139099121094"><skipped message="Suite splitting in effect" type="pytest.skip">src/pymortests/solver.py:62: Suite splitting in effect</skipped></testcase><testcase classname="src.pymortests.solver" file="src/pymortests/solver.py" line="62" name="test_numpy_sparse_solvers[scipy_least_squares_lsmr]" time="0.00043010711669921875"><skipped message="Suite splitting in effect" type="pytest.skip">src/pymortests/solver.py:62: Suite splitting in effect</skipped></testcase><testcase classname="src.pymortests.solver" file="src/pymortests/solver.py" line="62" name="test_numpy_sparse_solvers[scipy_bicgstab_spilu]" time="0.00043582916259765625"><skipped message="Suite splitting in effect" type="pytest.skip">src/pymortests/solver.py:62: Suite splitting in effect</skipped></testcase><testcase classname="src.pymortests.solver" file="src/pymortests/solver.py" line="62" name="test_numpy_sparse_solvers[scipy_least_squares_lsqr]" time="0.0005669593811035156"><skipped message="Suite splitting in effect" type="pytest.skip">src/pymortests/solver.py:62: Suite splitting in effect</skipped></testcase><testcase classname="src.pymortests.solver" file="src/pymortests/solver.py" line="62" name="test_numpy_sparse_solvers[pyamg_rs]" time="0.00081634521484375"><skipped message="Suite splitting in effect" type="pytest.skip">src/pymortests/solver.py:62: Suite splitting in effect</skipped></testcase><testcase classname="src.pymortests.solver" file="src/pymortests/solver.py" line="62" name="test_numpy_sparse_solvers[pyamg_solve]" time="0.0005192756652832031"><skipped message="Suite splitting in effect" type="pytest.skip">src/pymortests/solver.py:62: Suite splitting in effect</skipped></testcase><testcase classname="src.pymortests.solver" file="src/pymortests/solver.py" line="62" name="test_numpy_sparse_solvers[generic_lgmres]" time="0.0005114078521728516"><skipped message="Suite splitting in effect" type="pytest.skip">src/pymortests/solver.py:62: Suite splitting in effect</skipped></testcase><testcase classname="src.pymortests.solver" file="src/pymortests/solver.py" line="62" name="test_numpy_sparse_solvers[generic_least_squares_lsmr]" time="0.00046753883361816406"><skipped message="Suite splitting in effect" type="pytest.skip">src/pymortests/solver.py:62: Suite splitting in effect</skipped></testcase><testcase classname="src.pymortests.solver" file="src/pymortests/solver.py" line="62" name="test_numpy_sparse_solvers[pyamg_sa]" time="0.0005185604095458984"><skipped message="Suite splitting in effect" type="pytest.skip">src/pymortests/solver.py:62: Suite splitting in effect</skipped></testcase><testcase classname="src.pymortests.solver" file="src/pymortests/solver.py" line="62" name="test_numpy_sparse_solvers[scipy_bicgstab]" time="0.0006473064422607422"><skipped message="Suite splitting in effect" type="pytest.skip">src/pymortests/solver.py:62: Suite splitting in effect</skipped></testcase><testcase classname="src.pymortests.sylvester" file="src/pymortests/sylvester.py" line="47" name="test_sylv_schur_V[1-1-100]" time="0.0005750656127929688"><skipped message="Suite splitting in effect" type="pytest.skip">src/pymortests/sylvester.py:47: Suite splitting in effect</skipped></testcase><testcase classname="src.pymortests.sylvester" file="src/pymortests/sylvester.py" line="47" name="test_sylv_schur_V[1-1-1000]" time="0.0005369186401367188"><skipped message="Suite splitting in effect" type="pytest.skip">src/pymortests/sylvester.py:47: Suite splitting in effect</skipped></testcase><testcase classname="src.pymortests.sylvester" file="src/pymortests/sylvester.py" line="47" name="test_sylv_schur_V[1-10-100]" time="0.0008254051208496094"><skipped message="Suite splitting in effect" type="pytest.skip">src/pymortests/sylvester.py:47: Suite splitting in effect</skipped></testcase><testcase classname="src.pymortests.sylvester" file="src/pymortests/sylvester.py" line="47" name="test_sylv_schur_V[1-10-1000]" time="0.0004944801330566406"><skipped message="Suite splitting in effect" type="pytest.skip">src/pymortests/sylvester.py:47: Suite splitting in effect</skipped></testcase><testcase classname="src.pymortests.sylvester" file="src/pymortests/sylvester.py" line="47" name="test_sylv_schur_V[1-20-100]" time="0.000522613525390625"><skipped message="Suite splitting in effect" type="pytest.skip">src/pymortests/sylvester.py:47: Suite splitting in effect</skipped></testcase><testcase classname="src.pymortests.sylvester" file="src/pymortests/sylvester.py" line="47" name="test_sylv_schur_V[1-20-1000]" time="0.0005042552947998047"><skipped message="Suite splitting in effect" type="pytest.skip">src/pymortests/sylvester.py:47: Suite splitting in effect</skipped></testcase><testcase classname="src.pymortests.sylvester" file="src/pymortests/sylvester.py" line="47" name="test_sylv_schur_V[2-1-100]" time="0.0004475116729736328"><skipped message="Suite splitting in effect" type="pytest.skip">src/pymortests/sylvester.py:47: Suite splitting in effect</skipped></testcase><testcase classname="src.pymortests.sylvester" file="src/pymortests/sylvester.py" line="47" name="test_sylv_schur_V[2-1-1000]" time="0.0004220008850097656"><skipped message="Suite splitting in effect" type="pytest.skip">src/pymortests/sylvester.py:47: Suite splitting in effect</skipped></testcase><testcase classname="src.pymortests.sylvester" file="src/pymortests/sylvester.py" line="47" name="test_sylv_schur_V[2-10-100]" time="0.0004963874816894531"><skipped message="Suite splitting in effect" type="pytest.skip">src/pymortests/sylvester.py:47: Suite splitting in effect</skipped></testcase><testcase classname="src.pymortests.sylvester" file="src/pymortests/sylvester.py" line="47" name="test_sylv_schur_V[2-10-1000]" time="0.0005066394805908203"><skipped message="Suite splitting in effect" type="pytest.skip">src/pymortests/sylvester.py:47: Suite splitting in effect</skipped></testcase><testcase classname="src.pymortests.sylvester" file="src/pymortests/sylvester.py" line="47" name="test_sylv_schur_V[2-20-100]" time="0.0008869171142578125"><skipped message="Suite splitting in effect" type="pytest.skip">src/pymortests/sylvester.py:47: Suite splitting in effect</skipped></testcase><testcase classname="src.pymortests.sylvester" file="src/pymortests/sylvester.py" line="47" name="test_sylv_schur_V[2-20-1000]" time="0.0005161762237548828"><skipped message="Suite splitting in effect" type="pytest.skip">src/pymortests/sylvester.py:47: Suite splitting in effect</skipped></testcase><testcase classname="src.pymortests.sylvester" file="src/pymortests/sylvester.py" line="75" name="test_sylv_schur_V_E[1-1-100]" time="0.00045108795166015625"><skipped message="Suite splitting in effect" type="pytest.skip">src/pymortests/sylvester.py:75: Suite splitting in effect</skipped></testcase><testcase classname="src.pymortests.sylvester" file="src/pymortests/sylvester.py" line="75" name="test_sylv_schur_V_E[1-1-1000]" time="0.0005290508270263672"><skipped message="Suite splitting in effect" type="pytest.skip">src/pymortests/sylvester.py:75: Suite splitting in effect</skipped></testcase><testcase classname="src.pymortests.sylvester" file="src/pymortests/sylvester.py" line="75" name="test_sylv_schur_V_E[1-10-100]" time="0.0005590915679931641"><skipped message="Suite splitting in effect" type="pytest.skip">src/pymortests/sylvester.py:75: Suite splitting in effect</skipped></testcase><testcase classname="src.pymortests.sylvester" file="src/pymortests/sylvester.py" line="75" name="test_sylv_schur_V_E[1-10-1000]" time="0.0005908012390136719"><skipped message="Suite splitting in effect" type="pytest.skip">src/pymortests/sylvester.py:75: Suite splitting in effect</skipped></testcase><testcase classname="src.pymortests.sylvester" file="src/pymortests/sylvester.py" line="75" name="test_sylv_schur_V_E[1-20-100]" time="0.0004832744598388672"><skipped message="Suite splitting in effect" type="pytest.skip">src/pymortests/sylvester.py:75: Suite splitting in effect</skipped></testcase><testcase classname="src.pymortests.sylvester" file="src/pymortests/sylvester.py" line="75" name="test_sylv_schur_V_E[1-20-1000]" time="0.0005705356597900391"><skipped message="Suite splitting in effect" type="pytest.skip">src/pymortests/sylvester.py:75: Suite splitting in effect</skipped></testcase><testcase classname="src.pymortests.sylvester" file="src/pymortests/sylvester.py" line="75" name="test_sylv_schur_V_E[2-1-100]" time="0.0008091926574707031"><skipped message="Suite splitting in effect" type="pytest.skip">src/pymortests/sylvester.py:75: Suite splitting in effect</skipped></testcase><testcase classname="src.pymortests.sylvester" file="src/pymortests/sylvester.py" line="75" name="test_sylv_schur_V_E[2-1-1000]" time="0.0005471706390380859"><skipped message="Suite splitting in effect" type="pytest.skip">src/pymortests/sylvester.py:75: Suite splitting in effect</skipped></testcase><testcase classname="src.pymortests.sylvester" file="src/pymortests/sylvester.py" line="75" name="test_sylv_schur_V_E[2-10-100]" time="0.0005102157592773438"><skipped message="Suite splitting in effect" type="pytest.skip">src/pymortests/sylvester.py:75: Suite splitting in effect</skipped></testcase><testcase classname="src.pymortests.sylvester" file="src/pymortests/sylvester.py" line="75" name="test_sylv_schur_V_E[2-10-1000]" time="0.0004820823669433594"><skipped message="Suite splitting in effect" type="pytest.skip">src/pymortests/sylvester.py:75: Suite splitting in effect</skipped></testcase><testcase classname="src.pymortests.sylvester" file="src/pymortests/sylvester.py" line="75" name="test_sylv_schur_V_E[2-20-100]" time="0.0005033016204833984"><skipped message="Suite splitting in effect" type="pytest.skip">src/pymortests/sylvester.py:75: Suite splitting in effect</skipped></testcase><testcase classname="src.pymortests.sylvester" file="src/pymortests/sylvester.py" line="75" name="test_sylv_schur_V_E[2-20-1000]" time="0.000453948974609375"><skipped message="Suite splitting in effect" type="pytest.skip">src/pymortests/sylvester.py:75: Suite splitting in effect</skipped></testcase><testcase classname="src.pymortests.sylvester" file="src/pymortests/sylvester.py" line="108" name="test_sylv_schur_W[1-1-100]" time="0.0005002021789550781"><skipped message="Suite splitting in effect" type="pytest.skip">src/pymortests/sylvester.py:108: Suite splitting in effect</skipped></testcase><testcase classname="src.pymortests.sylvester" file="src/pymortests/sylvester.py" line="108" name="test_sylv_schur_W[1-1-1000]" time="0.0005066394805908203"><skipped message="Suite splitting in effect" type="pytest.skip">src/pymortests/sylvester.py:108: Suite splitting in effect</skipped></testcase><testcase classname="src.pymortests.sylvester" file="src/pymortests/sylvester.py" line="108" name="test_sylv_schur_W[1-10-100]" time="0.0009281635284423828"><skipped message="Suite splitting in effect" type="pytest.skip">src/pymortests/sylvester.py:108: Suite splitting in effect</skipped></testcase><testcase classname="src.pymortests.sylvester" file="src/pymortests/sylvester.py" line="108" name="test_sylv_schur_W[1-10-1000]" time="0.0004749298095703125"><skipped message="Suite splitting in effect" type="pytest.skip">src/pymortests/sylvester.py:108: Suite splitting in effect</skipped></testcase><testcase classname="src.pymortests.sylvester" file="src/pymortests/sylvester.py" line="108" name="test_sylv_schur_W[1-20-100]" time="0.0005075931549072266"><skipped message="Suite splitting in effect" type="pytest.skip">src/pymortests/sylvester.py:108: Suite splitting in effect</skipped></testcase><testcase classname="src.pymortests.sylvester" file="src/pymortests/sylvester.py" line="108" name="test_sylv_schur_W[1-20-1000]" time="0.0005631446838378906"><skipped message="Suite splitting in effect" type="pytest.skip">src/pymortests/sylvester.py:108: Suite splitting in effect</skipped></testcase><testcase classname="src.pymortests.sylvester" file="src/pymortests/sylvester.py" line="108" name="test_sylv_schur_W[2-1-100]" time="0.0004456043243408203"><skipped message="Suite splitting in effect" type="pytest.skip">src/pymortests/sylvester.py:108: Suite splitting in effect</skipped></testcase><testcase classname="src.pymortests.sylvester" file="src/pymortests/sylvester.py" line="108" name="test_sylv_schur_W[2-1-1000]" time="0.0005705356597900391"><skipped message="Suite splitting in effect" type="pytest.skip">src/pymortests/sylvester.py:108: Suite splitting in effect</skipped></testcase><testcase classname="src.pymortests.sylvester" file="src/pymortests/sylvester.py" line="108" name="test_sylv_schur_W[2-10-100]" time="0.0005462169647216797"><skipped message="Suite splitting in effect" type="pytest.skip">src/pymortests/sylvester.py:108: Suite splitting in effect</skipped></testcase><testcase classname="src.pymortests.sylvester" file="src/pymortests/sylvester.py" line="108" name="test_sylv_schur_W[2-10-1000]" time="0.0004851818084716797"><skipped message="Suite splitting in effect" type="pytest.skip">src/pymortests/sylvester.py:108: Suite splitting in effect</skipped></testcase><testcase classname="src.pymortests.sylvester" file="src/pymortests/sylvester.py" line="108" name="test_sylv_schur_W[2-20-100]" time="0.0008361339569091797"><skipped message="Suite splitting in effect" type="pytest.skip">src/pymortests/sylvester.py:108: Suite splitting in effect</skipped></testcase><testcase classname="src.pymortests.sylvester" file="src/pymortests/sylvester.py" line="108" name="test_sylv_schur_W[2-20-1000]" time="0.0004930496215820312"><skipped message="Suite splitting in effect" type="pytest.skip">src/pymortests/sylvester.py:108: Suite splitting in effect</skipped></testcase><testcase classname="src.pymortests.sylvester" file="src/pymortests/sylvester.py" line="136" name="test_sylv_schur_W_E[1-1-100]" time="0.0005786418914794922"><skipped message="Suite splitting in effect" type="pytest.skip">src/pymortests/sylvester.py:136: Suite splitting in effect</skipped></testcase><testcase classname="src.pymortests.sylvester" file="src/pymortests/sylvester.py" line="136" name="test_sylv_schur_W_E[1-1-1000]" time="0.0004699230194091797"><skipped message="Suite splitting in effect" type="pytest.skip">src/pymortests/sylvester.py:136: Suite splitting in effect</skipped></testcase><testcase classname="src.pymortests.sylvester" file="src/pymortests/sylvester.py" line="136" name="test_sylv_schur_W_E[1-10-100]" time="0.0005631446838378906"><skipped message="Suite splitting in effect" type="pytest.skip">src/pymortests/sylvester.py:136: Suite splitting in effect</skipped></testcase><testcase classname="src.pymortests.sylvester" file="src/pymortests/sylvester.py" line="136" name="test_sylv_schur_W_E[1-10-1000]" time="0.0005915164947509766"><skipped message="Suite splitting in effect" type="pytest.skip">src/pymortests/sylvester.py:136: Suite splitting in effect</skipped></testcase><testcase classname="src.pymortests.sylvester" file="src/pymortests/sylvester.py" line="136" name="test_sylv_schur_W_E[1-20-100]" time="0.0004830360412597656"><skipped message="Suite splitting in effect" type="pytest.skip">src/pymortests/sylvester.py:136: Suite splitting in effect</skipped></testcase><testcase classname="src.pymortests.sylvester" file="src/pymortests/sylvester.py" line="136" name="test_sylv_schur_W_E[1-20-1000]" time="0.0004985332489013672"><skipped message="Suite splitting in effect" type="pytest.skip">src/pymortests/sylvester.py:136: Suite splitting in effect</skipped></testcase><testcase classname="src.pymortests.sylvester" file="src/pymortests/sylvester.py" line="136" name="test_sylv_schur_W_E[2-1-100]" time="0.0011854171752929688"><skipped message="Suite splitting in effect" type="pytest.skip">src/pymortests/sylvester.py:136: Suite splitting in effect</skipped></testcase><testcase classname="src.pymortests.sylvester" file="src/pymortests/sylvester.py" line="136" name="test_sylv_schur_W_E[2-1-1000]" time="0.0005123615264892578"><skipped message="Suite splitting in effect" type="pytest.skip">src/pymortests/sylvester.py:136: Suite splitting in effect</skipped></testcase><testcase classname="src.pymortests.sylvester" file="src/pymortests/sylvester.py" line="136" name="test_sylv_schur_W_E[2-10-100]" time="0.0014200210571289062"><skipped message="Suite splitting in effect" type="pytest.skip">src/pymortests/sylvester.py:136: Suite splitting in effect</skipped></testcase><testcase classname="src.pymortests.sylvester" file="src/pymortests/sylvester.py" line="136" name="test_sylv_schur_W_E[2-10-1000]" time="0.00046634674072265625"><skipped message="Suite splitting in effect" type="pytest.skip">src/pymortests/sylvester.py:136: Suite splitting in effect</skipped></testcase><testcase classname="src.pymortests.sylvester" file="src/pymortests/sylvester.py" line="136" name="test_sylv_schur_W_E[2-20-100]" time="0.0004925727844238281"><skipped message="Suite splitting in effect" type="pytest.skip">src/pymortests/sylvester.py:136: Suite splitting in effect</skipped></testcase><testcase classname="src.pymortests.sylvester" file="src/pymortests/sylvester.py" line="136" name="test_sylv_schur_W_E[2-20-1000]" time="0.0005388259887695312"><skipped message="Suite splitting in effect" type="pytest.skip">src/pymortests/sylvester.py:136: Suite splitting in effect</skipped></testcase><testcase classname="src.pymortests.to_matrix" file="src/pymortests/to_matrix.py" line="34" name="test_to_matrix_NumpyMatrixOperator" time="0.0005609989166259766"><skipped message="Suite splitting in effect" type="pytest.skip">src/pymortests/to_matrix.py:34: Suite splitting in effect</skipped></testcase><testcase classname="src.pymortests.to_matrix" file="src/pymortests/to_matrix.py" line="45" name="test_to_matrix_BlockOperator" time="0.0005383491516113281"><skipped message="Suite splitting in effect" type="pytest.skip">src/pymortests/to_matrix.py:45: Suite splitting in effect</skipped></testcase><testcase classname="src.pymortests.to_matrix" file="src/pymortests/to_matrix.py" line="68" name="test_to_matrix_BlockDiagonalOperator" time="0.0008940696716308594"><skipped message="Suite splitting in effect" type="pytest.skip">src/pymortests/to_matrix.py:68: Suite splitting in effect</skipped></testcase><testcase classname="src.pymortests.to_matrix" file="src/pymortests/to_matrix.py" line="86" name="test_to_matrix_AdjointOperator" time="0.000514984130859375"><skipped message="Suite splitting in effect" type="pytest.skip">src/pymortests/to_matrix.py:86: Suite splitting in effect</skipped></testcase><testcase classname="src.pymortests.to_matrix" file="src/pymortests/to_matrix.py" line="127" name="test_to_matrix_ComponentProjection" time="0.00052642822265625"><skipped message="Suite splitting in effect" type="pytest.skip">src/pymortests/to_matrix.py:127: Suite splitting in effect</skipped></testcase><testcase classname="src.pymortests.to_matrix" file="src/pymortests/to_matrix.py" line="138" name="test_to_matrix_Concatenation" time="0.0005409717559814453"><skipped message="Suite splitting in effect" type="pytest.skip">src/pymortests/to_matrix.py:138: Suite splitting in effect</skipped></testcase><testcase classname="src.pymortests.to_matrix" file="src/pymortests/to_matrix.py" line="165" name="test_to_matrix_IdentityOperator" time="0.0004930496215820312"><skipped message="Suite splitting in effect" type="pytest.skip">src/pymortests/to_matrix.py:165: Suite splitting in effect</skipped></testcase><testcase classname="src.pymortests.to_matrix" file="src/pymortests/to_matrix.py" line="173" name="test_to_matrix_LincombOperator" time="0.0005307197570800781"><skipped message="Suite splitting in effect" type="pytest.skip">src/pymortests/to_matrix.py:173: Suite splitting in effect</skipped></testcase><testcase classname="src.pymortests.to_matrix" file="src/pymortests/to_matrix.py" line="202" name="test_to_matrix_VectorArrayOperator" time="0.0004401206970214844"><skipped message="Suite splitting in effect" type="pytest.skip">src/pymortests/to_matrix.py:202: Suite splitting in effect</skipped></testcase><testcase classname="src.pymortests.to_matrix" file="src/pymortests/to_matrix.py" line="214" name="test_to_matrix_ZeroOperator" time="0.0004367828369140625"><skipped message="Suite splitting in effect" type="pytest.skip">src/pymortests/to_matrix.py:214: Suite splitting in effect</skipped></testcase><testcase classname="src.pymortests.tools.TestGaussQuadrature" file="src/pymortests/tools.py" line="27" name="test_polynomials" time="0.001161813735961914"><skipped message="Suite splitting in effect" type="pytest.skip">src/pymortests/tools.py:27: Suite splitting in effect</skipped></testcase><testcase classname="src.pymortests.tools.TestGaussQuadrature" file="src/pymortests/tools.py" line="38" name="test_other_functions" time="0.0005552768707275391"><skipped message="Suite splitting in effect" type="pytest.skip">src/pymortests/tools.py:38: Suite splitting in effect</skipped></testcase><testcase classname="src.pymortests.tools.TestGaussQuadrature" file="src/pymortests/tools.py" line="46" name="test_weights" time="0.000522613525390625"><skipped message="Suite splitting in effect" type="pytest.skip">src/pymortests/tools.py:46: Suite splitting in effect</skipped></testcase><testcase classname="src.pymortests.tools.TestGaussQuadrature" file="src/pymortests/tools.py" line="51" name="test_points" time="0.0005266666412353516"><skipped message="Suite splitting in effect" type="pytest.skip">src/pymortests/tools.py:51: Suite splitting in effect</skipped></testcase><testcase classname="src.pymortests.tools.TestCmp" file="src/pymortests/tools.py" line="61" name="test_props" time="0.0005364418029785156"><skipped message="Suite splitting in effect" type="pytest.skip">src/pymortests/tools.py:61: Suite splitting in effect</skipped></testcase><testcase classname="src.pymortests.tools" file="src/pymortests/tools.py" line="87" name="test_vtkio[&lt;lambda&gt;0]" time="0.0005495548248291016"><skipped message="Suite splitting in effect" type="pytest.skip">src/pymortests/tools.py:87: Suite splitting in effect</skipped></testcase><testcase classname="src.pymortests.tools" file="src/pymortests/tools.py" line="87" name="test_vtkio[&lt;lambda&gt;1]" time="0.0004870891571044922"><skipped message="Suite splitting in effect" type="pytest.skip">src/pymortests/tools.py:87: Suite splitting in effect</skipped></testcase><testcase classname="src.pymortests.tools" file="src/pymortests/tools.py" line="87" name="test_vtkio[&lt;lambda&gt;2]" time="0.0005471706390380859"><skipped message="Suite splitting in effect" type="pytest.skip">src/pymortests/tools.py:87: Suite splitting in effect</skipped></testcase><testcase classname="src.pymortests.tools" file="src/pymortests/tools.py" line="87" name="test_vtkio[&lt;lambda&gt;3]" time="0.0009310245513916016"><skipped message="Suite splitting in effect" type="pytest.skip">src/pymortests/tools.py:87: Suite splitting in effect</skipped></testcase><testcase classname="src.pymortests.tools" file="src/pymortests/tools.py" line="87" name="test_vtkio[&lt;lambda&gt;4]" time="0.0005788803100585938"><skipped message="Suite splitting in effect" type="pytest.skip">src/pymortests/tools.py:87: Suite splitting in effect</skipped></testcase><testcase classname="src.pymortests.tools" file="src/pymortests/tools.py" line="87" name="test_vtkio[&lt;lambda&gt;5]" time="0.0004889965057373047"><skipped message="Suite splitting in effect" type="pytest.skip">src/pymortests/tools.py:87: Suite splitting in effect</skipped></testcase><testcase classname="src.pymortests.tools" file="src/pymortests/tools.py" line="87" name="test_vtkio[&lt;lambda&gt;6]" time="0.00046062469482421875"><skipped message="Suite splitting in effect" type="pytest.skip">src/pymortests/tools.py:87: Suite splitting in effect</skipped></testcase><testcase classname="src.pymortests.tools" file="src/pymortests/tools.py" line="87" name="test_vtkio[&lt;lambda&gt;7]" time="0.0004417896270751953"><skipped message="Suite splitting in effect" type="pytest.skip">src/pymortests/tools.py:87: Suite splitting in effect</skipped></testcase><testcase classname="src.pymortests.tools" file="src/pymortests/tools.py" line="87" name="test_vtkio[&lt;lambda&gt;8]" time="0.00044655799865722656"><skipped message="Suite splitting in effect" type="pytest.skip">src/pymortests/tools.py:87: Suite splitting in effect</skipped></testcase><testcase classname="src.pymortests.tools" file="src/pymortests/tools.py" line="87" name="test_vtkio[&lt;lambda&gt;9]" time="0.0004961490631103516"><skipped message="Suite splitting in effect" type="pytest.skip">src/pymortests/tools.py:87: Suite splitting in effect</skipped></testcase><testcase classname="src.pymortests.tools" file="src/pymortests/tools.py" line="87" name="test_vtkio[&lt;lambda&gt;10]" time="0.00048828125"><skipped message="Suite splitting in effect" type="pytest.skip">src/pymortests/tools.py:87: Suite splitting in effect</skipped></testcase><testcase classname="src.pymortests.tools" file="src/pymortests/tools.py" line="87" name="test_vtkio[&lt;lambda&gt;11]" time="0.001184701919555664"><skipped message="Suite splitting in effect" type="pytest.skip">src/pymortests/tools.py:87: Suite splitting in effect</skipped></testcase><testcase classname="src.pymortests.tools" file="src/pymortests/tools.py" line="87" name="test_vtkio[&lt;lambda&gt;12]" time="0.0005652904510498047"><skipped message="Suite splitting in effect" type="pytest.skip">src/pymortests/tools.py:87: Suite splitting in effect</skipped></testcase><testcase classname="src.pymortests.tools" file="src/pymortests/tools.py" line="87" name="test_vtkio[&lt;lambda&gt;13]" time="0.000514984130859375"><skipped message="Suite splitting in effect" type="pytest.skip">src/pymortests/tools.py:87: Suite splitting in effect</skipped></testcase><testcase classname="src.pymortests.tools" file="src/pymortests/tools.py" line="87" name="test_vtkio[&lt;lambda&gt;14]" time="0.0004858970642089844"><skipped message="Suite splitting in effect" type="pytest.skip">src/pymortests/tools.py:87: Suite splitting in effect</skipped></testcase><testcase classname="src.pymortests.tools" file="src/pymortests/tools.py" line="87" name="test_vtkio[&lt;lambda&gt;15]" time="0.0005371570587158203"><skipped message="Suite splitting in effect" type="pytest.skip">src/pymortests/tools.py:87: Suite splitting in effect</skipped></testcase><testcase classname="src.pymortests.tools" file="src/pymortests/tools.py" line="87" name="test_vtkio[&lt;lambda&gt;16]" time="0.0005369186401367188"><skipped message="Suite splitting in effect" type="pytest.skip">src/pymortests/tools.py:87: Suite splitting in effect</skipped></testcase><testcase classname="src.pymortests.tools" file="src/pymortests/tools.py" line="87" name="test_vtkio[&lt;lambda&gt;17]" time="0.000476837158203125"><skipped message="Suite splitting in effect" type="pytest.skip">src/pymortests/tools.py:87: Suite splitting in effect</skipped></testcase><testcase classname="src.pymortests.tools" file="src/pymortests/tools.py" line="87" name="test_vtkio[&lt;lambda&gt;18]" time="0.0005340576171875"><skipped message="Suite splitting in effect" type="pytest.skip">src/pymortests/tools.py:87: Suite splitting in effect</skipped></testcase><testcase classname="src.pymortests.tools" file="src/pymortests/tools.py" line="87" name="test_vtkio[&lt;lambda&gt;19]" time="0.0009658336639404297"><skipped message="Suite splitting in effect" type="pytest.skip">src/pymortests/tools.py:87: Suite splitting in effect</skipped></testcase><testcase classname="src.pymortests.tools" file="src/pymortests/tools.py" line="87" name="test_vtkio[&lt;lambda&gt;20]" time="0.00048470497131347656"><skipped message="Suite splitting in effect" type="pytest.skip">src/pymortests/tools.py:87: Suite splitting in effect</skipped></testcase><testcase classname="src.pymortests.tools" file="src/pymortests/tools.py" line="87" name="test_vtkio[&lt;lambda&gt;21]" time="0.0005104541778564453"><skipped message="Suite splitting in effect" type="pytest.skip">src/pymortests/tools.py:87: Suite splitting in effect</skipped></testcase><testcase classname="src.pymortests.tools" file="src/pymortests/tools.py" line="87" name="test_vtkio[&lt;lambda&gt;22]" time="0.0004699230194091797"><skipped message="Suite splitting in effect" type="pytest.skip">src/pymortests/tools.py:87: Suite splitting in effect</skipped></testcase><testcase classname="src.pymortests.tools" file="src/pymortests/tools.py" line="87" name="test_vtkio[&lt;lambda&gt;23]" time="0.0005028247833251953"><skipped message="Suite splitting in effect" type="pytest.skip">src/pymortests/tools.py:87: Suite splitting in effect</skipped></testcase><testcase classname="src.pymortests.tools.TestTiming" file="src/pymortests/tools.py" line="103" name="testTimingContext" time="0.0005977153778076172"><skipped message="Suite splitting in effect" type="pytest.skip">src/pymortests/tools.py:103: Suite splitting in effect</skipped></testcase><testcase classname="src.pymortests.tools.TestTiming" file="src/pymortests/tools.py" line="113" name="testTimingDecorator" time="0.0004992485046386719"><skipped message="Suite splitting in effect" type="pytest.skip">src/pymortests/tools.py:113: Suite splitting in effect</skipped></testcase><testcase classname="src.pymortests.tools.TestTiming" file="src/pymortests/tools.py" line="116" name="testTiming" time="0.0005435943603515625"><skipped message="Suite splitting in effect" type="pytest.skip">src/pymortests/tools.py:116: Suite splitting in effect</skipped></testcase><testcase classname="src.pymortests.tools" file="src/pymortests/tools.py" line="124" name="testDeprecated" time="0.0009732246398925781"><skipped message="Suite splitting in effect" type="pytest.skip">src/pymortests/tools.py:124: Suite splitting in effect</skipped></testcase><testcase classname="src.pymortests.vectorarray" file="src/pymortests/vectorarray.py" line="152" name="test_empty[0-&lt;lambda&gt;0]" time="0.0005342960357666016"><skipped message="Suite splitting in effect" type="pytest.skip">src/pymortests/vectorarray.py:152: Suite splitting in effect</skipped></testcase><testcase classname="src.pymortests.vectorarray" file="src/pymortests/vectorarray.py" line="152" name="test_empty[0-&lt;lambda&gt;1]" time="0.0005013942718505859"><skipped message="Suite splitting in effect" type="pytest.skip">src/pymortests/vectorarray.py:152: Suite splitting in effect</skipped></testcase><testcase classname="src.pymortests.vectorarray" file="src/pymortests/vectorarray.py" line="152" name="test_empty[0-&lt;lambda&gt;2]" time="0.0004315376281738281"><skipped message="Suite splitting in effect" type="pytest.skip">src/pymortests/vectorarray.py:152: Suite splitting in effect</skipped></testcase><testcase classname="src.pymortests.vectorarray" file="src/pymortests/vectorarray.py" line="152" name="test_empty[0-&lt;lambda&gt;3]" time="0.00048804283142089844"><skipped message="Suite splitting in effect" type="pytest.skip">src/pymortests/vectorarray.py:152: Suite splitting in effect</skipped></testcase><testcase classname="src.pymortests.vectorarray" file="src/pymortests/vectorarray.py" line="152" name="test_empty[0-&lt;lambda&gt;4]" time="0.0005383491516113281"><skipped message="Suite splitting in effect" type="pytest.skip">src/pymortests/vectorarray.py:152: Suite splitting in effect</skipped></testcase><testcase classname="src.pymortests.vectorarray" file="src/pymortests/vectorarray.py" line="152" name="test_empty[0-&lt;lambda&gt;5]" time="0.0004839897155761719"><skipped message="Suite splitting in effect" type="pytest.skip">src/pymortests/vectorarray.py:152: Suite splitting in effect</skipped></testcase><testcase classname="src.pymortests.vectorarray" file="src/pymortests/vectorarray.py" line="152" name="test_empty[0-&lt;lambda&gt;6]" time="0.0004646778106689453"><skipped message="Suite splitting in effect" type="pytest.skip">src/pymortests/vectorarray.py:152: Suite splitting in effect</skipped></testcase><testcase classname="src.pymortests.vectorarray" file="src/pymortests/vectorarray.py" line="152" name="test_empty[0-&lt;lambda&gt;7]" time="0.0007925033569335938"><skipped message="Suite splitting in effect" type="pytest.skip">src/pymortests/vectorarray.py:152: Suite splitting in effect</skipped></testcase><testcase classname="src.pymortests.vectorarray" file="src/pymortests/vectorarray.py" line="152" name="test_empty[0-&lt;lambda&gt;8]" time="0.0004372596740722656"><skipped message="Suite splitting in effect" type="pytest.skip">src/pymortests/vectorarray.py:152: Suite splitting in effect</skipped></testcase><testcase classname="src.pymortests.vectorarray" file="src/pymortests/vectorarray.py" line="152" name="test_empty[0-&lt;lambda&gt;9]" time="0.00044989585876464844"><skipped message="Suite splitting in effect" type="pytest.skip">src/pymortests/vectorarray.py:152: Suite splitting in effect</skipped></testcase><testcase classname="src.pymortests.vectorarray" file="src/pymortests/vectorarray.py" line="152" name="test_empty[0-&lt;lambda&gt;10]" time="0.0004987716674804688"><skipped message="Suite splitting in effect" type="pytest.skip">src/pymortests/vectorarray.py:152: Suite splitting in effect</skipped></testcase><testcase classname="src.pymortests.vectorarray" file="src/pymortests/vectorarray.py" line="152" name="test_empty[0-&lt;lambda&gt;11]" time="0.0005266666412353516"><skipped message="Suite splitting in effect" type="pytest.skip">src/pymortests/vectorarray.py:152: Suite splitting in effect</skipped></testcase><testcase classname="src.pymortests.vectorarray" file="src/pymortests/vectorarray.py" line="152" name="test_empty[0-&lt;lambda&gt;12]" time="0.0004298686981201172"><skipped message="Suite splitting in effect" type="pytest.skip">src/pymortests/vectorarray.py:152: Suite splitting in effect</skipped></testcase><testcase classname="src.pymortests.vectorarray" file="src/pymortests/vectorarray.py" line="152" name="test_empty[0-&lt;lambda&gt;13]" time="0.00042819976806640625"><skipped message="Suite splitting in effect" type="pytest.skip">src/pymortests/vectorarray.py:152: Suite splitting in effect</skipped></testcase><testcase classname="src.pymortests.vectorarray" file="src/pymortests/vectorarray.py" line="152" name="test_empty[0-&lt;lambda&gt;14]" time="0.00043582916259765625"><skipped message="Suite splitting in effect" type="pytest.skip">src/pymortests/vectorarray.py:152: Suite splitting in effect</skipped></testcase><testcase classname="src.pymortests.vectorarray" file="src/pymortests/vectorarray.py" line="152" name="test_empty[0-&lt;lambda&gt;15]" time="0.0007836818695068359"><skipped message="Suite splitting in effect" type="pytest.skip">src/pymortests/vectorarray.py:152: Suite splitting in effect</skipped></testcase><testcase classname="src.pymortests.vectorarray" file="src/pymortests/vectorarray.py" line="152" name="test_empty[0-&lt;lambda&gt;16]" time="0.0005197525024414062"><skipped message="Suite splitting in effect" type="pytest.skip">src/pymortests/vectorarray.py:152: Suite splitting in effect</skipped></testcase><testcase classname="src.pymortests.vectorarray" file="src/pymortests/vectorarray.py" line="152" name="test_empty[0-&lt;lambda&gt;17]" time="0.0005767345428466797"><skipped message="Suite splitting in effect" type="pytest.skip">src/pymortests/vectorarray.py:152: Suite splitting in effect</skipped></testcase><testcase classname="src.pymortests.vectorarray" file="src/pymortests/vectorarray.py" line="152" name="test_empty[0-&lt;lambda&gt;18]" time="0.0004830360412597656"><skipped message="Suite splitting in effect" type="pytest.skip">src/pymortests/vectorarray.py:152: Suite splitting in effect</skipped></testcase><testcase classname="src.pymortests.vectorarray" file="src/pymortests/vectorarray.py" line="152" name="test_empty[0-&lt;lambda&gt;19]" time="0.0005283355712890625"><skipped message="Suite splitting in effect" type="pytest.skip">src/pymortests/vectorarray.py:152: Suite splitting in effect</skipped></testcase><testcase classname="src.pymortests.vectorarray" file="src/pymortests/vectorarray.py" line="152" name="test_empty[0-&lt;lambda&gt;20]" time="0.0005452632904052734"><skipped message="Suite splitting in effect" type="pytest.skip">src/pymortests/vectorarray.py:152: Suite splitting in effect</skipped></testcase><testcase classname="src.pymortests.vectorarray" file="src/pymortests/vectorarray.py" line="152" name="test_empty[0-&lt;lambda&gt;21]" time="0.0005848407745361328"><skipped message="Suite splitting in effect" type="pytest.skip">src/pymortests/vectorarray.py:152: Suite splitting in effect</skipped></testcase><testcase classname="src.pymortests.vectorarray" file="src/pymortests/vectorarray.py" line="152" name="test_empty[0-&lt;lambda&gt;22]" time="0.00048232078552246094"><skipped message="Suite splitting in effect" type="pytest.skip">src/pymortests/vectorarray.py:152: Suite splitting in effect</skipped></testcase><testcase classname="src.pymortests.vectorarray" file="src/pymortests/vectorarray.py" line="152" name="test_empty[0-&lt;lambda&gt;23]" time="0.0008642673492431641"><skipped message="Suite splitting in effect" type="pytest.skip">src/pymortests/vectorarray.py:152: Suite splitting in effect</skipped></testcase><testcase classname="src.pymortests.vectorarray" file="src/pymortests/vectorarray.py" line="152" name="test_empty[0-&lt;lambda&gt;24]" time="0.0005233287811279297"><skipped message="Suite splitting in effect" type="pytest.skip">src/pymortests/vectorarray.py:152: Suite splitting in effect</skipped></testcase><testcase classname="src.pymortests.vectorarray" file="src/pymortests/vectorarray.py" line="152" name="test_empty[0-&lt;lambda&gt;25]" time="0.0005471706390380859"><skipped message="Suite splitting in effect" type="pytest.skip">src/pymortests/vectorarray.py:152: Suite splitting in effect</skipped></testcase><testcase classname="src.pymortests.vectorarray" file="src/pymortests/vectorarray.py" line="152" name="test_empty[0-&lt;lambda&gt;26]" time="0.0004258155822753906"><skipped message="Suite splitting in effect" type="pytest.skip">src/pymortests/vectorarray.py:152: Suite splitting in effect</skipped></testcase><testcase classname="src.pymortests.vectorarray" file="src/pymortests/vectorarray.py" line="152" name="test_empty[1-&lt;lambda&gt;0]" time="0.0005078315734863281"><skipped message="Suite splitting in effect" type="pytest.skip">src/pymortests/vectorarray.py:152: Suite splitting in effect</skipped></testcase><testcase classname="src.pymortests.vectorarray" file="src/pymortests/vectorarray.py" line="152" name="test_empty[1-&lt;lambda&gt;1]" time="0.0004391670227050781"><skipped message="Suite splitting in effect" type="pytest.skip">src/pymortests/vectorarray.py:152: Suite splitting in effect</skipped></testcase><testcase classname="src.pymortests.vectorarray" file="src/pymortests/vectorarray.py" line="152" name="test_empty[1-&lt;lambda&gt;2]" time="0.0004436969757080078"><skipped message="Suite splitting in effect" type="pytest.skip">src/pymortests/vectorarray.py:152: Suite splitting in effect</skipped></testcase><testcase classname="src.pymortests.vectorarray" file="src/pymortests/vectorarray.py" line="152" name="test_empty[1-&lt;lambda&gt;3]" time="0.0005340576171875"><skipped message="Suite splitting in effect" type="pytest.skip">src/pymortests/vectorarray.py:152: Suite splitting in effect</skipped></testcase><testcase classname="src.pymortests.vectorarray" file="src/pymortests/vectorarray.py" line="152" name="test_empty[1-&lt;lambda&gt;4]" time="0.0009644031524658203"><skipped message="Suite splitting in effect" type="pytest.skip">src/pymortests/vectorarray.py:152: Suite splitting in effect</skipped></testcase><testcase classname="src.pymortests.vectorarray" file="src/pymortests/vectorarray.py" line="152" name="test_empty[1-&lt;lambda&gt;5]" time="0.0004911422729492188"><skipped message="Suite splitting in effect" type="pytest.skip">src/pymortests/vectorarray.py:152: Suite splitting in effect</skipped></testcase><testcase classname="src.pymortests.vectorarray" file="src/pymortests/vectorarray.py" line="152" name="test_empty[1-&lt;lambda&gt;6]" time="0.0006082057952880859"><skipped message="Suite splitting in effect" type="pytest.skip">src/pymortests/vectorarray.py:152: Suite splitting in effect</skipped></testcase><testcase classname="src.pymortests.vectorarray" file="src/pymortests/vectorarray.py" line="152" name="test_empty[1-&lt;lambda&gt;7]" time="0.0004863739013671875"><skipped message="Suite splitting in effect" type="pytest.skip">src/pymortests/vectorarray.py:152: Suite splitting in effect</skipped></testcase><testcase classname="src.pymortests.vectorarray" file="src/pymortests/vectorarray.py" line="152" name="test_empty[1-&lt;lambda&gt;8]" time="0.0005352497100830078"><skipped message="Suite splitting in effect" type="pytest.skip">src/pymortests/vectorarray.py:152: Suite splitting in effect</skipped></testcase><testcase classname="src.pymortests.vectorarray" file="src/pymortests/vectorarray.py" line="152" name="test_empty[1-&lt;lambda&gt;9]" time="0.0006260871887207031"><skipped message="Suite splitting in effect" type="pytest.skip">src/pymortests/vectorarray.py:152: Suite splitting in effect</skipped></testcase><testcase classname="src.pymortests.vectorarray" file="src/pymortests/vectorarray.py" line="152" name="test_empty[1-&lt;lambda&gt;10]" time="0.0005011558532714844"><skipped message="Suite splitting in effect" type="pytest.skip">src/pymortests/vectorarray.py:152: Suite splitting in effect</skipped></testcase><testcase classname="src.pymortests.vectorarray" file="src/pymortests/vectorarray.py" line="152" name="test_empty[1-&lt;lambda&gt;11]" time="0.0004868507385253906"><skipped message="Suite splitting in effect" type="pytest.skip">src/pymortests/vectorarray.py:152: Suite splitting in effect</skipped></testcase><testcase classname="src.pymortests.vectorarray" file="src/pymortests/vectorarray.py" line="152" name="test_empty[1-&lt;lambda&gt;12]" time="0.000797271728515625"><skipped message="Suite splitting in effect" type="pytest.skip">src/pymortests/vectorarray.py:152: Suite splitting in effect</skipped></testcase><testcase classname="src.pymortests.vectorarray" file="src/pymortests/vectorarray.py" line="152" name="test_empty[1-&lt;lambda&gt;13]" time="0.0005538463592529297"><skipped message="Suite splitting in effect" type="pytest.skip">src/pymortests/vectorarray.py:152: Suite splitting in effect</skipped></testcase><testcase classname="src.pymortests.vectorarray" file="src/pymortests/vectorarray.py" line="152" name="test_empty[1-&lt;lambda&gt;14]" time="0.0005476474761962891"><skipped message="Suite splitting in effect" type="pytest.skip">src/pymortests/vectorarray.py:152: Suite splitting in effect</skipped></testcase><testcase classname="src.pymortests.vectorarray" file="src/pymortests/vectorarray.py" line="152" name="test_empty[1-&lt;lambda&gt;15]" time="0.0004546642303466797"><skipped message="Suite splitting in effect" type="pytest.skip">src/pymortests/vectorarray.py:152: Suite splitting in effect</skipped></testcase><testcase classname="src.pymortests.vectorarray" file="src/pymortests/vectorarray.py" line="152" name="test_empty[1-&lt;lambda&gt;16]" time="0.0005042552947998047"><skipped message="Suite splitting in effect" type="pytest.skip">src/pymortests/vectorarray.py:152: Suite splitting in effect</skipped></testcase><testcase classname="src.pymortests.vectorarray" file="src/pymortests/vectorarray.py" line="152" name="test_empty[1-&lt;lambda&gt;17]" time="0.0005373954772949219"><skipped message="Suite splitting in effect" type="pytest.skip">src/pymortests/vectorarray.py:152: Suite splitting in effect</skipped></testcase><testcase classname="src.pymortests.vectorarray" file="src/pymortests/vectorarray.py" line="152" name="test_empty[1-&lt;lambda&gt;18]" time="0.0005152225494384766"><skipped message="Suite splitting in effect" type="pytest.skip">src/pymortests/vectorarray.py:152: Suite splitting in effect</skipped></testcase><testcase classname="src.pymortests.vectorarray" file="src/pymortests/vectorarray.py" line="152" name="test_empty[1-&lt;lambda&gt;19]" time="0.00046944618225097656"><skipped message="Suite splitting in effect" type="pytest.skip">src/pymortests/vectorarray.py:152: Suite splitting in effect</skipped></testcase><testcase classname="src.pymortests.vectorarray" file="src/pymortests/vectorarray.py" line="152" name="test_empty[1-&lt;lambda&gt;20]" time="0.0008251667022705078"><skipped message="Suite splitting in effect" type="pytest.skip">src/pymortests/vectorarray.py:152: Suite splitting in effect</skipped></testcase><testcase classname="src.pymortests.vectorarray" file="src/pymortests/vectorarray.py" line="152" name="test_empty[1-&lt;lambda&gt;21]" time="0.0005421638488769531"><skipped message="Suite splitting in effect" type="pytest.skip">src/pymortests/vectorarray.py:152: Suite splitting in effect</skipped></testcase><testcase classname="src.pymortests.vectorarray" file="src/pymortests/vectorarray.py" line="152" name="test_empty[1-&lt;lambda&gt;22]" time="0.0005774497985839844"><skipped message="Suite splitting in effect" type="pytest.skip">src/pymortests/vectorarray.py:152: Suite splitting in effect</skipped></testcase><testcase classname="src.pymortests.vectorarray" file="src/pymortests/vectorarray.py" line="152" name="test_empty[1-&lt;lambda&gt;23]" time="0.0004980564117431641"><skipped message="Suite splitting in effect" type="pytest.skip">src/pymortests/vectorarray.py:152: Suite splitting in effect</skipped></testcase><testcase classname="src.pymortests.vectorarray" file="src/pymortests/vectorarray.py" line="152" name="test_empty[1-&lt;lambda&gt;24]" time="0.0005123615264892578"><skipped message="Suite splitting in effect" type="pytest.skip">src/pymortests/vectorarray.py:152: Suite splitting in effect</skipped></testcase><testcase classname="src.pymortests.vectorarray" file="src/pymortests/vectorarray.py" line="152" name="test_empty[1-&lt;lambda&gt;25]" time="0.00047588348388671875"><skipped message="Suite splitting in effect" type="pytest.skip">src/pymortests/vectorarray.py:152: Suite splitting in effect</skipped></testcase><testcase classname="src.pymortests.vectorarray" file="src/pymortests/vectorarray.py" line="152" name="test_empty[1-&lt;lambda&gt;26]" time="0.0004494190216064453"><skipped message="Suite splitting in effect" type="pytest.skip">src/pymortests/vectorarray.py:152: Suite splitting in effect</skipped></testcase><testcase classname="src.pymortests.vectorarray" file="src/pymortests/vectorarray.py" line="152" name="test_empty[2-&lt;lambda&gt;0]" time="0.0004706382751464844"><skipped message="Suite splitting in effect" type="pytest.skip">src/pymortests/vectorarray.py:152: Suite splitting in effect</skipped></testcase><testcase classname="src.pymortests.vectorarray" file="src/pymortests/vectorarray.py" line="152" name="test_empty[2-&lt;lambda&gt;1]" time="0.0008215904235839844"><skipped message="Suite splitting in effect" type="pytest.skip">src/pymortests/vectorarray.py:152: Suite splitting in effect</skipped></testcase><testcase classname="src.pymortests.vectorarray" file="src/pymortests/vectorarray.py" line="152" name="test_empty[2-&lt;lambda&gt;2]" time="0.0004551410675048828"><skipped message="Suite splitting in effect" type="pytest.skip">src/pymortests/vectorarray.py:152: Suite splitting in effect</skipped></testcase><testcase classname="src.pymortests.vectorarray" file="src/pymortests/vectorarray.py" line="152" name="test_empty[2-&lt;lambda&gt;3]" time="0.0004885196685791016"><skipped message="Suite splitting in effect" type="pytest.skip">src/pymortests/vectorarray.py:152: Suite splitting in effect</skipped></testcase><testcase classname="src.pymortests.vectorarray" file="src/pymortests/vectorarray.py" line="152" name="test_empty[2-&lt;lambda&gt;4]" time="0.0004374980926513672"><skipped message="Suite splitting in effect" type="pytest.skip">src/pymortests/vectorarray.py:152: Suite splitting in effect</skipped></testcase><testcase classname="src.pymortests.vectorarray" file="src/pymortests/vectorarray.py" line="152" name="test_empty[2-&lt;lambda&gt;5]" time="0.00049591064453125"><skipped message="Suite splitting in effect" type="pytest.skip">src/pymortests/vectorarray.py:152: Suite splitting in effect</skipped></testcase><testcase classname="src.pymortests.vectorarray" file="src/pymortests/vectorarray.py" line="152" name="test_empty[2-&lt;lambda&gt;6]" time="0.0005092620849609375"><skipped message="Suite splitting in effect" type="pytest.skip">src/pymortests/vectorarray.py:152: Suite splitting in effect</skipped></testcase><testcase classname="src.pymortests.vectorarray" file="src/pymortests/vectorarray.py" line="152" name="test_empty[2-&lt;lambda&gt;7]" time="0.0004591941833496094"><skipped message="Suite splitting in effect" type="pytest.skip">src/pymortests/vectorarray.py:152: Suite splitting in effect</skipped></testcase><testcase classname="src.pymortests.vectorarray" file="src/pymortests/vectorarray.py" line="152" name="test_empty[2-&lt;lambda&gt;8]" time="0.0005433559417724609"><skipped message="Suite splitting in effect" type="pytest.skip">src/pymortests/vectorarray.py:152: Suite splitting in effect</skipped></testcase><testcase classname="src.pymortests.vectorarray" file="src/pymortests/vectorarray.py" line="152" name="test_empty[2-&lt;lambda&gt;9]" time="0.0009887218475341797"><skipped message="Suite splitting in effect" type="pytest.skip">src/pymortests/vectorarray.py:152: Suite splitting in effect</skipped></testcase><testcase classname="src.pymortests.vectorarray" file="src/pymortests/vectorarray.py" line="152" name="test_empty[2-&lt;lambda&gt;10]" time="0.0005521774291992188"><skipped message="Suite splitting in effect" type="pytest.skip">src/pymortests/vectorarray.py:152: Suite splitting in effect</skipped></testcase><testcase classname="src.pymortests.vectorarray" file="src/pymortests/vectorarray.py" line="152" name="test_empty[2-&lt;lambda&gt;11]" time="0.0004487037658691406"><skipped message="Suite splitting in effect" type="pytest.skip">src/pymortests/vectorarray.py:152: Suite splitting in effect</skipped></testcase><testcase classname="src.pymortests.vectorarray" file="src/pymortests/vectorarray.py" line="152" name="test_empty[2-&lt;lambda&gt;12]" time="0.0005209445953369141"><skipped message="Suite splitting in effect" type="pytest.skip">src/pymortests/vectorarray.py:152: Suite splitting in effect</skipped></testcase><testcase classname="src.pymortests.vectorarray" file="src/pymortests/vectorarray.py" line="152" name="test_empty[2-&lt;lambda&gt;13]" time="0.00044798851013183594"><skipped message="Suite splitting in effect" type="pytest.skip">src/pymortests/vectorarray.py:152: Suite splitting in effect</skipped></testcase><testcase classname="src.pymortests.vectorarray" file="src/pymortests/vectorarray.py" line="152" name="test_empty[2-&lt;lambda&gt;14]" time="0.00047469139099121094"><skipped message="Suite splitting in effect" type="pytest.skip">src/pymortests/vectorarray.py:152: Suite splitting in effect</skipped></testcase><testcase classname="src.pymortests.vectorarray" file="src/pymortests/vectorarray.py" line="152" name="test_empty[2-&lt;lambda&gt;15]" time="0.0005249977111816406"><skipped message="Suite splitting in effect" type="pytest.skip">src/pymortests/vectorarray.py:152: Suite splitting in effect</skipped></testcase><testcase classname="src.pymortests.vectorarray" file="src/pymortests/vectorarray.py" line="152" name="test_empty[2-&lt;lambda&gt;16]" time="0.0005545616149902344"><skipped message="Suite splitting in effect" type="pytest.skip">src/pymortests/vectorarray.py:152: Suite splitting in effect</skipped></testcase><testcase classname="src.pymortests.vectorarray" file="src/pymortests/vectorarray.py" line="152" name="test_empty[2-&lt;lambda&gt;17]" time="0.0008432865142822266"><skipped message="Suite splitting in effect" type="pytest.skip">src/pymortests/vectorarray.py:152: Suite splitting in effect</skipped></testcase><testcase classname="src.pymortests.vectorarray" file="src/pymortests/vectorarray.py" line="152" name="test_empty[2-&lt;lambda&gt;18]" time="0.00044083595275878906"><skipped message="Suite splitting in effect" type="pytest.skip">src/pymortests/vectorarray.py:152: Suite splitting in effect</skipped></testcase><testcase classname="src.pymortests.vectorarray" file="src/pymortests/vectorarray.py" line="152" name="test_empty[2-&lt;lambda&gt;19]" time="0.0005359649658203125"><skipped message="Suite splitting in effect" type="pytest.skip">src/pymortests/vectorarray.py:152: Suite splitting in effect</skipped></testcase><testcase classname="src.pymortests.vectorarray" file="src/pymortests/vectorarray.py" line="152" name="test_empty[2-&lt;lambda&gt;20]" time="0.00043582916259765625"><skipped message="Suite splitting in effect" type="pytest.skip">src/pymortests/vectorarray.py:152: Suite splitting in effect</skipped></testcase><testcase classname="src.pymortests.vectorarray" file="src/pymortests/vectorarray.py" line="152" name="test_empty[2-&lt;lambda&gt;21]" time="0.00045943260192871094"><skipped message="Suite splitting in effect" type="pytest.skip">src/pymortests/vectorarray.py:152: Suite splitting in effect</skipped></testcase><testcase classname="src.pymortests.vectorarray" file="src/pymortests/vectorarray.py" line="152" name="test_empty[2-&lt;lambda&gt;22]" time="0.0004470348358154297"><skipped message="Suite splitting in effect" type="pytest.skip">src/pymortests/vectorarray.py:152: Suite splitting in effect</skipped></testcase><testcase classname="src.pymortests.vectorarray" file="src/pymortests/vectorarray.py" line="152" name="test_empty[2-&lt;lambda&gt;23]" time="0.0004913806915283203"><skipped message="Suite splitting in effect" type="pytest.skip">src/pymortests/vectorarray.py:152: Suite splitting in effect</skipped></testcase><testcase classname="src.pymortests.vectorarray" file="src/pymortests/vectorarray.py" line="152" name="test_empty[2-&lt;lambda&gt;24]" time="0.0005288124084472656"><skipped message="Suite splitting in effect" type="pytest.skip">src/pymortests/vectorarray.py:152: Suite splitting in effect</skipped></testcase><testcase classname="src.pymortests.vectorarray" file="src/pymortests/vectorarray.py" line="152" name="test_empty[2-&lt;lambda&gt;25]" time="0.0010721683502197266"><skipped message="Suite splitting in effect" type="pytest.skip">src/pymortests/vectorarray.py:152: Suite splitting in effect</skipped></testcase><testcase classname="src.pymortests.vectorarray" file="src/pymortests/vectorarray.py" line="152" name="test_empty[2-&lt;lambda&gt;26]" time="0.0005326271057128906"><skipped message="Suite splitting in effect" type="pytest.skip">src/pymortests/vectorarray.py:152: Suite splitting in effect</skipped></testcase><testcase classname="src.pymortests.vectorarray" file="src/pymortests/vectorarray.py" line="165" name="test_zeros[0-&lt;lambda&gt;0]" time="0.0005326271057128906"><skipped message="Suite splitting in effect" type="pytest.skip">src/pymortests/vectorarray.py:165: Suite splitting in effect</skipped></testcase><testcase classname="src.pymortests.vectorarray" file="src/pymortests/vectorarray.py" line="165" name="test_zeros[0-&lt;lambda&gt;1]" time="0.0005249977111816406"><skipped message="Suite splitting in effect" type="pytest.skip">src/pymortests/vectorarray.py:165: Suite splitting in effect</skipped></testcase><testcase classname="src.pymortests.vectorarray" file="src/pymortests/vectorarray.py" line="165" name="test_zeros[0-&lt;lambda&gt;2]" time="0.0005135536193847656"><skipped message="Suite splitting in effect" type="pytest.skip">src/pymortests/vectorarray.py:165: Suite splitting in effect</skipped></testcase><testcase classname="src.pymortests.vectorarray" file="src/pymortests/vectorarray.py" line="165" name="test_zeros[0-&lt;lambda&gt;3]" time="0.00044727325439453125"><skipped message="Suite splitting in effect" type="pytest.skip">src/pymortests/vectorarray.py:165: Suite splitting in effect</skipped></testcase><testcase classname="src.pymortests.vectorarray" file="src/pymortests/vectorarray.py" line="165" name="test_zeros[0-&lt;lambda&gt;4]" time="0.00046825408935546875"><skipped message="Suite splitting in effect" type="pytest.skip">src/pymortests/vectorarray.py:165: Suite splitting in effect</skipped></testcase><testcase classname="src.pymortests.vectorarray" file="src/pymortests/vectorarray.py" line="165" name="test_zeros[0-&lt;lambda&gt;5]" time="0.00045371055603027344"><skipped message="Suite splitting in effect" type="pytest.skip">src/pymortests/vectorarray.py:165: Suite splitting in effect</skipped></testcase><testcase classname="src.pymortests.vectorarray" file="src/pymortests/vectorarray.py" line="165" name="test_zeros[0-&lt;lambda&gt;6]" time="0.0008640289306640625"><skipped message="Suite splitting in effect" type="pytest.skip">src/pymortests/vectorarray.py:165: Suite splitting in effect</skipped></testcase><testcase classname="src.pymortests.vectorarray" file="src/pymortests/vectorarray.py" line="165" name="test_zeros[0-&lt;lambda&gt;7]" time="0.00045871734619140625"><skipped message="Suite splitting in effect" type="pytest.skip">src/pymortests/vectorarray.py:165: Suite splitting in effect</skipped></testcase><testcase classname="src.pymortests.vectorarray" file="src/pymortests/vectorarray.py" line="165" name="test_zeros[0-&lt;lambda&gt;8]" time="0.0005338191986083984"><skipped message="Suite splitting in effect" type="pytest.skip">src/pymortests/vectorarray.py:165: Suite splitting in effect</skipped></testcase><testcase classname="src.pymortests.vectorarray" file="src/pymortests/vectorarray.py" line="165" name="test_zeros[0-&lt;lambda&gt;9]" time="0.0004956722259521484"><skipped message="Suite splitting in effect" type="pytest.skip">src/pymortests/vectorarray.py:165: Suite splitting in effect</skipped></testcase><testcase classname="src.pymortests.vectorarray" file="src/pymortests/vectorarray.py" line="165" name="test_zeros[0-&lt;lambda&gt;10]" time="0.0004634857177734375"><skipped message="Suite splitting in effect" type="pytest.skip">src/pymortests/vectorarray.py:165: Suite splitting in effect</skipped></testcase><testcase classname="src.pymortests.vectorarray" file="src/pymortests/vectorarray.py" line="165" name="test_zeros[0-&lt;lambda&gt;11]" time="0.0005242824554443359"><skipped message="Suite splitting in effect" type="pytest.skip">src/pymortests/vectorarray.py:165: Suite splitting in effect</skipped></testcase><testcase classname="src.pymortests.vectorarray" file="src/pymortests/vectorarray.py" line="165" name="test_zeros[0-&lt;lambda&gt;12]" time="0.0005609989166259766"><skipped message="Suite splitting in effect" type="pytest.skip">src/pymortests/vectorarray.py:165: Suite splitting in effect</skipped></testcase><testcase classname="src.pymortests.vectorarray" file="src/pymortests/vectorarray.py" line="165" name="test_zeros[0-&lt;lambda&gt;13]" time="0.00047898292541503906"><skipped message="Suite splitting in effect" type="pytest.skip">src/pymortests/vectorarray.py:165: Suite splitting in effect</skipped></testcase><testcase classname="src.pymortests.vectorarray" file="src/pymortests/vectorarray.py" line="165" name="test_zeros[0-&lt;lambda&gt;14]" time="0.000743865966796875"><skipped message="Suite splitting in effect" type="pytest.skip">src/pymortests/vectorarray.py:165: Suite splitting in effect</skipped></testcase><testcase classname="src.pymortests.vectorarray" file="src/pymortests/vectorarray.py" line="165" name="test_zeros[0-&lt;lambda&gt;15]" time="0.0005321502685546875"><skipped message="Suite splitting in effect" type="pytest.skip">src/pymortests/vectorarray.py:165: Suite splitting in effect</skipped></testcase><testcase classname="src.pymortests.vectorarray" file="src/pymortests/vectorarray.py" line="165" name="test_zeros[0-&lt;lambda&gt;16]" time="0.0004382133483886719"><skipped message="Suite splitting in effect" type="pytest.skip">src/pymortests/vectorarray.py:165: Suite splitting in effect</skipped></testcase><testcase classname="src.pymortests.vectorarray" file="src/pymortests/vectorarray.py" line="165" name="test_zeros[0-&lt;lambda&gt;17]" time="0.00048351287841796875"><skipped message="Suite splitting in effect" type="pytest.skip">src/pymortests/vectorarray.py:165: Suite splitting in effect</skipped></testcase><testcase classname="src.pymortests.vectorarray" file="src/pymortests/vectorarray.py" line="165" name="test_zeros[0-&lt;lambda&gt;18]" time="0.0005533695220947266"><skipped message="Suite splitting in effect" type="pytest.skip">src/pymortests/vectorarray.py:165: Suite splitting in effect</skipped></testcase><testcase classname="src.pymortests.vectorarray" file="src/pymortests/vectorarray.py" line="165" name="test_zeros[0-&lt;lambda&gt;19]" time="0.0004572868347167969"><skipped message="Suite splitting in effect" type="pytest.skip">src/pymortests/vectorarray.py:165: Suite splitting in effect</skipped></testcase><testcase classname="src.pymortests.vectorarray" file="src/pymortests/vectorarray.py" line="165" name="test_zeros[0-&lt;lambda&gt;20]" time="0.000457763671875"><skipped message="Suite splitting in effect" type="pytest.skip">src/pymortests/vectorarray.py:165: Suite splitting in effect</skipped></testcase><testcase classname="src.pymortests.vectorarray" file="src/pymortests/vectorarray.py" line="165" name="test_zeros[0-&lt;lambda&gt;21]" time="0.00044083595275878906"><skipped message="Suite splitting in effect" type="pytest.skip">src/pymortests/vectorarray.py:165: Suite splitting in effect</skipped></testcase><testcase classname="src.pymortests.vectorarray" file="src/pymortests/vectorarray.py" line="165" name="test_zeros[0-&lt;lambda&gt;22]" time="0.0007958412170410156"><skipped message="Suite splitting in effect" type="pytest.skip">src/pymortests/vectorarray.py:165: Suite splitting in effect</skipped></testcase><testcase classname="src.pymortests.vectorarray" file="src/pymortests/vectorarray.py" line="165" name="test_zeros[0-&lt;lambda&gt;23]" time="0.0004932880401611328"><skipped message="Suite splitting in effect" type="pytest.skip">src/pymortests/vectorarray.py:165: Suite splitting in effect</skipped></testcase><testcase classname="src.pymortests.vectorarray" file="src/pymortests/vectorarray.py" line="165" name="test_zeros[0-&lt;lambda&gt;24]" time="0.0005064010620117188"><skipped message="Suite splitting in effect" type="pytest.skip">src/pymortests/vectorarray.py:165: Suite splitting in effect</skipped></testcase><testcase classname="src.pymortests.vectorarray" file="src/pymortests/vectorarray.py" line="165" name="test_zeros[0-&lt;lambda&gt;25]" time="0.0004703998565673828"><skipped message="Suite splitting in effect" type="pytest.skip">src/pymortests/vectorarray.py:165: Suite splitting in effect</skipped></testcase><testcase classname="src.pymortests.vectorarray" file="src/pymortests/vectorarray.py" line="165" name="test_zeros[0-&lt;lambda&gt;26]" time="0.0005145072937011719"><skipped message="Suite splitting in effect" type="pytest.skip">src/pymortests/vectorarray.py:165: Suite splitting in effect</skipped></testcase><testcase classname="src.pymortests.vectorarray" file="src/pymortests/vectorarray.py" line="165" name="test_zeros[1-&lt;lambda&gt;0]" time="0.0005676746368408203"><skipped message="Suite splitting in effect" type="pytest.skip">src/pymortests/vectorarray.py:165: Suite splitting in effect</skipped></testcase><testcase classname="src.pymortests.vectorarray" file="src/pymortests/vectorarray.py" line="165" name="test_zeros[1-&lt;lambda&gt;1]" time="0.00047969818115234375"><skipped message="Suite splitting in effect" type="pytest.skip">src/pymortests/vectorarray.py:165: Suite splitting in effect</skipped></testcase><testcase classname="src.pymortests.vectorarray" file="src/pymortests/vectorarray.py" line="165" name="test_zeros[1-&lt;lambda&gt;2]" time="0.0005342960357666016"><skipped message="Suite splitting in effect" type="pytest.skip">src/pymortests/vectorarray.py:165: Suite splitting in effect</skipped></testcase><testcase classname="src.pymortests.vectorarray" file="src/pymortests/vectorarray.py" line="165" name="test_zeros[1-&lt;lambda&gt;3]" time="0.0009360313415527344"><skipped message="Suite splitting in effect" type="pytest.skip">src/pymortests/vectorarray.py:165: Suite splitting in effect</skipped></testcase><testcase classname="src.pymortests.vectorarray" file="src/pymortests/vectorarray.py" line="165" name="test_zeros[1-&lt;lambda&gt;4]" time="0.0005047321319580078"><skipped message="Suite splitting in effect" type="pytest.skip">src/pymortests/vectorarray.py:165: Suite splitting in effect</skipped></testcase><testcase classname="src.pymortests.vectorarray" file="src/pymortests/vectorarray.py" line="165" name="test_zeros[1-&lt;lambda&gt;5]" time="0.0004565715789794922"><skipped message="Suite splitting in effect" type="pytest.skip">src/pymortests/vectorarray.py:165: Suite splitting in effect</skipped></testcase><testcase classname="src.pymortests.vectorarray" file="src/pymortests/vectorarray.py" line="165" name="test_zeros[1-&lt;lambda&gt;6]" time="0.0004839897155761719"><skipped message="Suite splitting in effect" type="pytest.skip">src/pymortests/vectorarray.py:165: Suite splitting in effect</skipped></testcase><testcase classname="src.pymortests.vectorarray" file="src/pymortests/vectorarray.py" line="165" name="test_zeros[1-&lt;lambda&gt;7]" time="0.0004687309265136719"><skipped message="Suite splitting in effect" type="pytest.skip">src/pymortests/vectorarray.py:165: Suite splitting in effect</skipped></testcase><testcase classname="src.pymortests.vectorarray" file="src/pymortests/vectorarray.py" line="165" name="test_zeros[1-&lt;lambda&gt;8]" time="0.0004601478576660156"><skipped message="Suite splitting in effect" type="pytest.skip">src/pymortests/vectorarray.py:165: Suite splitting in effect</skipped></testcase><testcase classname="src.pymortests.vectorarray" file="src/pymortests/vectorarray.py" line="165" name="test_zeros[1-&lt;lambda&gt;9]" time="0.0004305839538574219"><skipped message="Suite splitting in effect" type="pytest.skip">src/pymortests/vectorarray.py:165: Suite splitting in effect</skipped></testcase><testcase classname="src.pymortests.vectorarray" file="src/pymortests/vectorarray.py" line="165" name="test_zeros[1-&lt;lambda&gt;10]" time="0.0004401206970214844"><skipped message="Suite splitting in effect" type="pytest.skip">src/pymortests/vectorarray.py:165: Suite splitting in effect</skipped></testcase><testcase classname="src.pymortests.vectorarray" file="src/pymortests/vectorarray.py" line="165" name="test_zeros[1-&lt;lambda&gt;11]" time="0.0007710456848144531"><skipped message="Suite splitting in effect" type="pytest.skip">src/pymortests/vectorarray.py:165: Suite splitting in effect</skipped></testcase><testcase classname="src.pymortests.vectorarray" file="src/pymortests/vectorarray.py" line="165" name="test_zeros[1-&lt;lambda&gt;12]" time="0.0006244182586669922"><skipped message="Suite splitting in effect" type="pytest.skip">src/pymortests/vectorarray.py:165: Suite splitting in effect</skipped></testcase><testcase classname="src.pymortests.vectorarray" file="src/pymortests/vectorarray.py" line="165" name="test_zeros[1-&lt;lambda&gt;13]" time="0.0005221366882324219"><skipped message="Suite splitting in effect" type="pytest.skip">src/pymortests/vectorarray.py:165: Suite splitting in effect</skipped></testcase><testcase classname="src.pymortests.vectorarray" file="src/pymortests/vectorarray.py" line="165" name="test_zeros[1-&lt;lambda&gt;14]" time="0.0005052089691162109"><skipped message="Suite splitting in effect" type="pytest.skip">src/pymortests/vectorarray.py:165: Suite splitting in effect</skipped></testcase><testcase classname="src.pymortests.vectorarray" file="src/pymortests/vectorarray.py" line="165" name="test_zeros[1-&lt;lambda&gt;15]" time="0.0004649162292480469"><skipped message="Suite splitting in effect" type="pytest.skip">src/pymortests/vectorarray.py:165: Suite splitting in effect</skipped></testcase><testcase classname="src.pymortests.vectorarray" file="src/pymortests/vectorarray.py" line="165" name="test_zeros[1-&lt;lambda&gt;16]" time="0.0004429817199707031"><skipped message="Suite splitting in effect" type="pytest.skip">src/pymortests/vectorarray.py:165: Suite splitting in effect</skipped></testcase><testcase classname="src.pymortests.vectorarray" file="src/pymortests/vectorarray.py" line="165" name="test_zeros[1-&lt;lambda&gt;17]" time="0.0004413127899169922"><skipped message="Suite splitting in effect" type="pytest.skip">src/pymortests/vectorarray.py:165: Suite splitting in effect</skipped></testcase><testcase classname="src.pymortests.vectorarray" file="src/pymortests/vectorarray.py" line="165" name="test_zeros[1-&lt;lambda&gt;18]" time="0.0005011558532714844"><skipped message="Suite splitting in effect" type="pytest.skip">src/pymortests/vectorarray.py:165: Suite splitting in effect</skipped></testcase><testcase classname="src.pymortests.vectorarray" file="src/pymortests/vectorarray.py" line="165" name="test_zeros[1-&lt;lambda&gt;19]" time="0.0009200572967529297"><skipped message="Suite splitting in effect" type="pytest.skip">src/pymortests/vectorarray.py:165: Suite splitting in effect</skipped></testcase><testcase classname="src.pymortests.vectorarray" file="src/pymortests/vectorarray.py" line="165" name="test_zeros[1-&lt;lambda&gt;20]" time="0.00044417381286621094"><skipped message="Suite splitting in effect" type="pytest.skip">src/pymortests/vectorarray.py:165: Suite splitting in effect</skipped></testcase><testcase classname="src.pymortests.vectorarray" file="src/pymortests/vectorarray.py" line="165" name="test_zeros[1-&lt;lambda&gt;21]" time="0.0005202293395996094"><skipped message="Suite splitting in effect" type="pytest.skip">src/pymortests/vectorarray.py:165: Suite splitting in effect</skipped></testcase><testcase classname="src.pymortests.vectorarray" file="src/pymortests/vectorarray.py" line="165" name="test_zeros[1-&lt;lambda&gt;22]" time="0.0005471706390380859"><skipped message="Suite splitting in effect" type="pytest.skip">src/pymortests/vectorarray.py:165: Suite splitting in effect</skipped></testcase><testcase classname="src.pymortests.vectorarray" file="src/pymortests/vectorarray.py" line="165" name="test_zeros[1-&lt;lambda&gt;23]" time="0.0004432201385498047"><skipped message="Suite splitting in effect" type="pytest.skip">src/pymortests/vectorarray.py:165: Suite splitting in effect</skipped></testcase><testcase classname="src.pymortests.vectorarray" file="src/pymortests/vectorarray.py" line="165" name="test_zeros[1-&lt;lambda&gt;24]" time="0.0005435943603515625"><skipped message="Suite splitting in effect" type="pytest.skip">src/pymortests/vectorarray.py:165: Suite splitting in effect</skipped></testcase><testcase classname="src.pymortests.vectorarray" file="src/pymortests/vectorarray.py" line="165" name="test_zeros[1-&lt;lambda&gt;25]" time="0.0005466938018798828"><skipped message="Suite splitting in effect" type="pytest.skip">src/pymortests/vectorarray.py:165: Suite splitting in effect</skipped></testcase><testcase classname="src.pymortests.vectorarray" file="src/pymortests/vectorarray.py" line="165" name="test_zeros[1-&lt;lambda&gt;26]" time="0.00046443939208984375"><skipped message="Suite splitting in effect" type="pytest.skip">src/pymortests/vectorarray.py:165: Suite splitting in effect</skipped></testcase><testcase classname="src.pymortests.vectorarray" file="src/pymortests/vectorarray.py" line="165" name="test_zeros[2-&lt;lambda&gt;0]" time="0.0008037090301513672"><skipped message="Suite splitting in effect" type="pytest.skip">src/pymortests/vectorarray.py:165: Suite splitting in effect</skipped></testcase><testcase classname="src.pymortests.vectorarray" file="src/pymortests/vectorarray.py" line="165" name="test_zeros[2-&lt;lambda&gt;1]" time="0.0005202293395996094"><skipped message="Suite splitting in effect" type="pytest.skip">src/pymortests/vectorarray.py:165: Suite splitting in effect</skipped></testcase><testcase classname="src.pymortests.vectorarray" file="src/pymortests/vectorarray.py" line="165" name="test_zeros[2-&lt;lambda&gt;2]" time="0.0005548000335693359"><skipped message="Suite splitting in effect" type="pytest.skip">src/pymortests/vectorarray.py:165: Suite splitting in effect</skipped></testcase><testcase classname="src.pymortests.vectorarray" file="src/pymortests/vectorarray.py" line="165" name="test_zeros[2-&lt;lambda&gt;3]" time="0.0004825592041015625"><skipped message="Suite splitting in effect" type="pytest.skip">src/pymortests/vectorarray.py:165: Suite splitting in effect</skipped></testcase><testcase classname="src.pymortests.vectorarray" file="src/pymortests/vectorarray.py" line="165" name="test_zeros[2-&lt;lambda&gt;4]" time="0.0004820823669433594"><skipped message="Suite splitting in effect" type="pytest.skip">src/pymortests/vectorarray.py:165: Suite splitting in effect</skipped></testcase><testcase classname="src.pymortests.vectorarray" file="src/pymortests/vectorarray.py" line="165" name="test_zeros[2-&lt;lambda&gt;5]" time="0.0005433559417724609"><skipped message="Suite splitting in effect" type="pytest.skip">src/pymortests/vectorarray.py:165: Suite splitting in effect</skipped></testcase><testcase classname="src.pymortests.vectorarray" file="src/pymortests/vectorarray.py" line="165" name="test_zeros[2-&lt;lambda&gt;6]" time="0.00045228004455566406"><skipped message="Suite splitting in effect" type="pytest.skip">src/pymortests/vectorarray.py:165: Suite splitting in effect</skipped></testcase><testcase classname="src.pymortests.vectorarray" file="src/pymortests/vectorarray.py" line="165" name="test_zeros[2-&lt;lambda&gt;7]" time="0.00047397613525390625"><skipped message="Suite splitting in effect" type="pytest.skip">src/pymortests/vectorarray.py:165: Suite splitting in effect</skipped></testcase><testcase classname="src.pymortests.vectorarray" file="src/pymortests/vectorarray.py" line="165" name="test_zeros[2-&lt;lambda&gt;8]" time="0.0007951259613037109"><skipped message="Suite splitting in effect" type="pytest.skip">src/pymortests/vectorarray.py:165: Suite splitting in effect</skipped></testcase><testcase classname="src.pymortests.vectorarray" file="src/pymortests/vectorarray.py" line="165" name="test_zeros[2-&lt;lambda&gt;9]" time="0.0005273818969726562"><skipped message="Suite splitting in effect" type="pytest.skip">src/pymortests/vectorarray.py:165: Suite splitting in effect</skipped></testcase><testcase classname="src.pymortests.vectorarray" file="src/pymortests/vectorarray.py" line="165" name="test_zeros[2-&lt;lambda&gt;10]" time="0.0005075931549072266"><skipped message="Suite splitting in effect" type="pytest.skip">src/pymortests/vectorarray.py:165: Suite splitting in effect</skipped></testcase><testcase classname="src.pymortests.vectorarray" file="src/pymortests/vectorarray.py" line="165" name="test_zeros[2-&lt;lambda&gt;11]" time="0.0006194114685058594"><skipped message="Suite splitting in effect" type="pytest.skip">src/pymortests/vectorarray.py:165: Suite splitting in effect</skipped></testcase><testcase classname="src.pymortests.vectorarray" file="src/pymortests/vectorarray.py" line="165" name="test_zeros[2-&lt;lambda&gt;12]" time="0.0004932880401611328"><skipped message="Suite splitting in effect" type="pytest.skip">src/pymortests/vectorarray.py:165: Suite splitting in effect</skipped></testcase><testcase classname="src.pymortests.vectorarray" file="src/pymortests/vectorarray.py" line="165" name="test_zeros[2-&lt;lambda&gt;13]" time="0.0005788803100585938"><skipped message="Suite splitting in effect" type="pytest.skip">src/pymortests/vectorarray.py:165: Suite splitting in effect</skipped></testcase><testcase classname="src.pymortests.vectorarray" file="src/pymortests/vectorarray.py" line="165" name="test_zeros[2-&lt;lambda&gt;14]" time="0.0004892349243164062"><skipped message="Suite splitting in effect" type="pytest.skip">src/pymortests/vectorarray.py:165: Suite splitting in effect</skipped></testcase><testcase classname="src.pymortests.vectorarray" file="src/pymortests/vectorarray.py" line="165" name="test_zeros[2-&lt;lambda&gt;15]" time="0.00048160552978515625"><skipped message="Suite splitting in effect" type="pytest.skip">src/pymortests/vectorarray.py:165: Suite splitting in effect</skipped></testcase><testcase classname="src.pymortests.vectorarray" file="src/pymortests/vectorarray.py" line="165" name="test_zeros[2-&lt;lambda&gt;16]" time="0.0008184909820556641"><skipped message="Suite splitting in effect" type="pytest.skip">src/pymortests/vectorarray.py:165: Suite splitting in effect</skipped></testcase><testcase classname="src.pymortests.vectorarray" file="src/pymortests/vectorarray.py" line="165" name="test_zeros[2-&lt;lambda&gt;17]" time="0.0005292892456054688"><skipped message="Suite splitting in effect" type="pytest.skip">src/pymortests/vectorarray.py:165: Suite splitting in effect</skipped></testcase><testcase classname="src.pymortests.vectorarray" file="src/pymortests/vectorarray.py" line="165" name="test_zeros[2-&lt;lambda&gt;18]" time="0.0005457401275634766"><skipped message="Suite splitting in effect" type="pytest.skip">src/pymortests/vectorarray.py:165: Suite splitting in effect</skipped></testcase><testcase classname="src.pymortests.vectorarray" file="src/pymortests/vectorarray.py" line="165" name="test_zeros[2-&lt;lambda&gt;19]" time="0.000461578369140625"><skipped message="Suite splitting in effect" type="pytest.skip">src/pymortests/vectorarray.py:165: Suite splitting in effect</skipped></testcase><testcase classname="src.pymortests.vectorarray" file="src/pymortests/vectorarray.py" line="165" name="test_zeros[2-&lt;lambda&gt;20]" time="0.0005109310150146484"><skipped message="Suite splitting in effect" type="pytest.skip">src/pymortests/vectorarray.py:165: Suite splitting in effect</skipped></testcase><testcase classname="src.pymortests.vectorarray" file="src/pymortests/vectorarray.py" line="165" name="test_zeros[2-&lt;lambda&gt;21]" time="0.0005502700805664062"><skipped message="Suite splitting in effect" type="pytest.skip">src/pymortests/vectorarray.py:165: Suite splitting in effect</skipped></testcase><testcase classname="src.pymortests.vectorarray" file="src/pymortests/vectorarray.py" line="165" name="test_zeros[2-&lt;lambda&gt;22]" time="0.0004639625549316406"><skipped message="Suite splitting in effect" type="pytest.skip">src/pymortests/vectorarray.py:165: Suite splitting in effect</skipped></testcase><testcase classname="src.pymortests.vectorarray" file="src/pymortests/vectorarray.py" line="165" name="test_zeros[2-&lt;lambda&gt;23]" time="0.0005056858062744141"><skipped message="Suite splitting in effect" type="pytest.skip">src/pymortests/vectorarray.py:165: Suite splitting in effect</skipped></testcase><testcase classname="src.pymortests.vectorarray" file="src/pymortests/vectorarray.py" line="165" name="test_zeros[2-&lt;lambda&gt;24]" time="0.0008685588836669922"><skipped message="Suite splitting in effect" type="pytest.skip">src/pymortests/vectorarray.py:165: Suite splitting in effect</skipped></testcase><testcase classname="src.pymortests.vectorarray" file="src/pymortests/vectorarray.py" line="165" name="test_zeros[2-&lt;lambda&gt;25]" time="0.0005581378936767578"><skipped message="Suite splitting in effect" type="pytest.skip">src/pymortests/vectorarray.py:165: Suite splitting in effect</skipped></testcase><testcase classname="src.pymortests.vectorarray" file="src/pymortests/vectorarray.py" line="165" name="test_zeros[2-&lt;lambda&gt;26]" time="0.0004305839538574219"><skipped message="Suite splitting in effect" type="pytest.skip">src/pymortests/vectorarray.py:165: Suite splitting in effect</skipped></testcase><testcase classname="src.pymortests.vectorarray" file="src/pymortests/vectorarray.py" line="182" name="test_from_numpy[0-&lt;lambda&gt;0]" time="0.0005369186401367188"><skipped message="Suite splitting in effect" type="pytest.skip">src/pymortests/vectorarray.py:182: Suite splitting in effect</skipped></testcase><testcase classname="src.pymortests.vectorarray" file="src/pymortests/vectorarray.py" line="182" name="test_from_numpy[0-&lt;lambda&gt;1]" time="0.0004951953887939453"><skipped message="Suite splitting in effect" type="pytest.skip">src/pymortests/vectorarray.py:182: Suite splitting in effect</skipped></testcase><testcase classname="src.pymortests.vectorarray" file="src/pymortests/vectorarray.py" line="182" name="test_from_numpy[0-&lt;lambda&gt;2]" time="0.00046539306640625"><skipped message="Suite splitting in effect" type="pytest.skip">src/pymortests/vectorarray.py:182: Suite splitting in effect</skipped></testcase><testcase classname="src.pymortests.vectorarray" file="src/pymortests/vectorarray.py" line="182" name="test_from_numpy[0-&lt;lambda&gt;3]" time="0.00048804283142089844"><skipped message="Suite splitting in effect" type="pytest.skip">src/pymortests/vectorarray.py:182: Suite splitting in effect</skipped></testcase><testcase classname="src.pymortests.vectorarray" file="src/pymortests/vectorarray.py" line="182" name="test_from_numpy[0-&lt;lambda&gt;4]" time="0.0004382133483886719"><skipped message="Suite splitting in effect" type="pytest.skip">src/pymortests/vectorarray.py:182: Suite splitting in effect</skipped></testcase><testcase classname="src.pymortests.vectorarray" file="src/pymortests/vectorarray.py" line="182" name="test_from_numpy[0-&lt;lambda&gt;5]" time="0.0008332729339599609"><skipped message="Suite splitting in effect" type="pytest.skip">src/pymortests/vectorarray.py:182: Suite splitting in effect</skipped></testcase><testcase classname="src.pymortests.vectorarray" file="src/pymortests/vectorarray.py" line="182" name="test_from_numpy[0-&lt;lambda&gt;6]" time="0.00046253204345703125"><skipped message="Suite splitting in effect" type="pytest.skip">src/pymortests/vectorarray.py:182: Suite splitting in effect</skipped></testcase><testcase classname="src.pymortests.vectorarray" file="src/pymortests/vectorarray.py" line="182" name="test_from_numpy[0-&lt;lambda&gt;7]" time="0.0005395412445068359"><skipped message="Suite splitting in effect" type="pytest.skip">src/pymortests/vectorarray.py:182: Suite splitting in effect</skipped></testcase><testcase classname="src.pymortests.vectorarray" file="src/pymortests/vectorarray.py" line="182" name="test_from_numpy[0-&lt;lambda&gt;8]" time="0.00046753883361816406"><skipped message="Suite splitting in effect" type="pytest.skip">src/pymortests/vectorarray.py:182: Suite splitting in effect</skipped></testcase><testcase classname="src.pymortests.vectorarray" file="src/pymortests/vectorarray.py" line="182" name="test_from_numpy[0-&lt;lambda&gt;9]" time="0.0004608631134033203"><skipped message="Suite splitting in effect" type="pytest.skip">src/pymortests/vectorarray.py:182: Suite splitting in effect</skipped></testcase><testcase classname="src.pymortests.vectorarray" file="src/pymortests/vectorarray.py" line="182" name="test_from_numpy[0-&lt;lambda&gt;10]" time="0.00043129920959472656"><skipped message="Suite splitting in effect" type="pytest.skip">src/pymortests/vectorarray.py:182: Suite splitting in effect</skipped></testcase><testcase classname="src.pymortests.vectorarray" file="src/pymortests/vectorarray.py" line="182" name="test_from_numpy[0-&lt;lambda&gt;11]" time="0.0004971027374267578"><skipped message="Suite splitting in effect" type="pytest.skip">src/pymortests/vectorarray.py:182: Suite splitting in effect</skipped></testcase><testcase classname="src.pymortests.vectorarray" file="src/pymortests/vectorarray.py" line="182" name="test_from_numpy[0-&lt;lambda&gt;12]" time="0.00049591064453125"><skipped message="Suite splitting in effect" type="pytest.skip">src/pymortests/vectorarray.py:182: Suite splitting in effect</skipped></testcase><testcase classname="src.pymortests.vectorarray" file="src/pymortests/vectorarray.py" line="182" name="test_from_numpy[0-&lt;lambda&gt;13]" time="0.0010309219360351562"><skipped message="Suite splitting in effect" type="pytest.skip">src/pymortests/vectorarray.py:182: Suite splitting in effect</skipped></testcase><testcase classname="src.pymortests.vectorarray" file="src/pymortests/vectorarray.py" line="182" name="test_from_numpy[0-&lt;lambda&gt;14]" time="0.0005235671997070312"><skipped message="Suite splitting in effect" type="pytest.skip">src/pymortests/vectorarray.py:182: Suite splitting in effect</skipped></testcase><testcase classname="src.pymortests.vectorarray" file="src/pymortests/vectorarray.py" line="182" name="test_from_numpy[0-&lt;lambda&gt;15]" time="0.00047016143798828125"><skipped message="Suite splitting in effect" type="pytest.skip">src/pymortests/vectorarray.py:182: Suite splitting in effect</skipped></testcase><testcase classname="src.pymortests.vectorarray" file="src/pymortests/vectorarray.py" line="182" name="test_from_numpy[0-&lt;lambda&gt;16]" time="0.0004677772521972656"><skipped message="Suite splitting in effect" type="pytest.skip">src/pymortests/vectorarray.py:182: Suite splitting in effect</skipped></testcase><testcase classname="src.pymortests.vectorarray" file="src/pymortests/vectorarray.py" line="182" name="test_from_numpy[0-&lt;lambda&gt;17]" time="0.0004391670227050781"><skipped message="Suite splitting in effect" type="pytest.skip">src/pymortests/vectorarray.py:182: Suite splitting in effect</skipped></testcase><testcase classname="src.pymortests.vectorarray" file="src/pymortests/vectorarray.py" line="182" name="test_from_numpy[0-&lt;lambda&gt;18]" time="0.00045180320739746094"><skipped message="Suite splitting in effect" type="pytest.skip">src/pymortests/vectorarray.py:182: Suite splitting in effect</skipped></testcase><testcase classname="src.pymortests.vectorarray" file="src/pymortests/vectorarray.py" line="182" name="test_from_numpy[0-&lt;lambda&gt;19]" time="0.0005152225494384766"><skipped message="Suite splitting in effect" type="pytest.skip">src/pymortests/vectorarray.py:182: Suite splitting in effect</skipped></testcase><testcase classname="src.pymortests.vectorarray" file="src/pymortests/vectorarray.py" line="182" name="test_from_numpy[0-&lt;lambda&gt;20]" time="0.0005042552947998047"><skipped message="Suite splitting in effect" type="pytest.skip">src/pymortests/vectorarray.py:182: Suite splitting in effect</skipped></testcase><testcase classname="src.pymortests.vectorarray" file="src/pymortests/vectorarray.py" line="182" name="test_from_numpy[0-&lt;lambda&gt;21]" time="0.0009124279022216797"><skipped message="Suite splitting in effect" type="pytest.skip">src/pymortests/vectorarray.py:182: Suite splitting in effect</skipped></testcase><testcase classname="src.pymortests.vectorarray" file="src/pymortests/vectorarray.py" line="182" name="test_from_numpy[0-&lt;lambda&gt;22]" time="0.00043463706970214844"><skipped message="Suite splitting in effect" type="pytest.skip">src/pymortests/vectorarray.py:182: Suite splitting in effect</skipped></testcase><testcase classname="src.pymortests.vectorarray" file="src/pymortests/vectorarray.py" line="182" name="test_from_numpy[0-&lt;lambda&gt;23]" time="0.00043463706970214844"><skipped message="Suite splitting in effect" type="pytest.skip">src/pymortests/vectorarray.py:182: Suite splitting in effect</skipped></testcase><testcase classname="src.pymortests.vectorarray" file="src/pymortests/vectorarray.py" line="182" name="test_from_numpy[0-&lt;lambda&gt;24]" time="0.0005192756652832031"><skipped message="Suite splitting in effect" type="pytest.skip">src/pymortests/vectorarray.py:182: Suite splitting in effect</skipped></testcase><testcase classname="src.pymortests.vectorarray" file="src/pymortests/vectorarray.py" line="182" name="test_from_numpy[0-&lt;lambda&gt;25]" time="0.00045037269592285156"><skipped message="Suite splitting in effect" type="pytest.skip">src/pymortests/vectorarray.py:182: Suite splitting in effect</skipped></testcase><testcase classname="src.pymortests.vectorarray" file="src/pymortests/vectorarray.py" line="182" name="test_from_numpy[0-&lt;lambda&gt;26]" time="0.0005443096160888672"><skipped message="Suite splitting in effect" type="pytest.skip">src/pymortests/vectorarray.py:182: Suite splitting in effect</skipped></testcase><testcase classname="src.pymortests.vectorarray" file="src/pymortests/vectorarray.py" line="182" name="test_from_numpy[1-&lt;lambda&gt;0]" time="0.0004477500915527344"><skipped message="Suite splitting in effect" type="pytest.skip">src/pymortests/vectorarray.py:182: Suite splitting in effect</skipped></testcase><testcase classname="src.pymortests.vectorarray" file="src/pymortests/vectorarray.py" line="182" name="test_from_numpy[1-&lt;lambda&gt;1]" time="0.0005450248718261719"><skipped message="Suite splitting in effect" type="pytest.skip">src/pymortests/vectorarray.py:182: Suite splitting in effect</skipped></testcase><testcase classname="src.pymortests.vectorarray" file="src/pymortests/vectorarray.py" line="182" name="test_from_numpy[1-&lt;lambda&gt;2]" time="0.0009119510650634766"><skipped message="Suite splitting in effect" type="pytest.skip">src/pymortests/vectorarray.py:182: Suite splitting in effect</skipped></testcase><testcase classname="src.pymortests.vectorarray" file="src/pymortests/vectorarray.py" line="182" name="test_from_numpy[1-&lt;lambda&gt;3]" time="0.0005536079406738281"><skipped message="Suite splitting in effect" type="pytest.skip">src/pymortests/vectorarray.py:182: Suite splitting in effect</skipped></testcase><testcase classname="src.pymortests.vectorarray" file="src/pymortests/vectorarray.py" line="182" name="test_from_numpy[1-&lt;lambda&gt;4]" time="0.0005176067352294922"><skipped message="Suite splitting in effect" type="pytest.skip">src/pymortests/vectorarray.py:182: Suite splitting in effect</skipped></testcase><testcase classname="src.pymortests.vectorarray" file="src/pymortests/vectorarray.py" line="182" name="test_from_numpy[1-&lt;lambda&gt;5]" time="0.0004811286926269531"><skipped message="Suite splitting in effect" type="pytest.skip">src/pymortests/vectorarray.py:182: Suite splitting in effect</skipped></testcase><testcase classname="src.pymortests.vectorarray" file="src/pymortests/vectorarray.py" line="182" name="test_from_numpy[1-&lt;lambda&gt;6]" time="0.0005178451538085938"><skipped message="Suite splitting in effect" type="pytest.skip">src/pymortests/vectorarray.py:182: Suite splitting in effect</skipped></testcase><testcase classname="src.pymortests.vectorarray" file="src/pymortests/vectorarray.py" line="182" name="test_from_numpy[1-&lt;lambda&gt;7]" time="0.000560760498046875"><skipped message="Suite splitting in effect" type="pytest.skip">src/pymortests/vectorarray.py:182: Suite splitting in effect</skipped></testcase><testcase classname="src.pymortests.vectorarray" file="src/pymortests/vectorarray.py" line="182" name="test_from_numpy[1-&lt;lambda&gt;8]" time="0.0004875659942626953"><skipped message="Suite splitting in effect" type="pytest.skip">src/pymortests/vectorarray.py:182: Suite splitting in effect</skipped></testcase><testcase classname="src.pymortests.vectorarray" file="src/pymortests/vectorarray.py" line="182" name="test_from_numpy[1-&lt;lambda&gt;9]" time="0.0005218982696533203"><skipped message="Suite splitting in effect" type="pytest.skip">src/pymortests/vectorarray.py:182: Suite splitting in effect</skipped></testcase><testcase classname="src.pymortests.vectorarray" file="src/pymortests/vectorarray.py" line="182" name="test_from_numpy[1-&lt;lambda&gt;10]" time="0.0009126663208007812"><skipped message="Suite splitting in effect" type="pytest.skip">src/pymortests/vectorarray.py:182: Suite splitting in effect</skipped></testcase><testcase classname="src.pymortests.vectorarray" file="src/pymortests/vectorarray.py" line="182" name="test_from_numpy[1-&lt;lambda&gt;11]" time="0.0005893707275390625"><skipped message="Suite splitting in effect" type="pytest.skip">src/pymortests/vectorarray.py:182: Suite splitting in effect</skipped></testcase><testcase classname="src.pymortests.vectorarray" file="src/pymortests/vectorarray.py" line="182" name="test_from_numpy[1-&lt;lambda&gt;12]" time="0.00046372413635253906"><skipped message="Suite splitting in effect" type="pytest.skip">src/pymortests/vectorarray.py:182: Suite splitting in effect</skipped></testcase><testcase classname="src.pymortests.vectorarray" file="src/pymortests/vectorarray.py" line="182" name="test_from_numpy[1-&lt;lambda&gt;13]" time="0.0005269050598144531"><skipped message="Suite splitting in effect" type="pytest.skip">src/pymortests/vectorarray.py:182: Suite splitting in effect</skipped></testcase><testcase classname="src.pymortests.vectorarray" file="src/pymortests/vectorarray.py" line="182" name="test_from_numpy[1-&lt;lambda&gt;14]" time="0.0007164478302001953"><skipped message="Suite splitting in effect" type="pytest.skip">src/pymortests/vectorarray.py:182: Suite splitting in effect</skipped></testcase><testcase classname="src.pymortests.vectorarray" file="src/pymortests/vectorarray.py" line="182" name="test_from_numpy[1-&lt;lambda&gt;15]" time="0.0004863739013671875"><skipped message="Suite splitting in effect" type="pytest.skip">src/pymortests/vectorarray.py:182: Suite splitting in effect</skipped></testcase><testcase classname="src.pymortests.vectorarray" file="src/pymortests/vectorarray.py" line="182" name="test_from_numpy[1-&lt;lambda&gt;16]" time="0.00045609474182128906"><skipped message="Suite splitting in effect" type="pytest.skip">src/pymortests/vectorarray.py:182: Suite splitting in effect</skipped></testcase><testcase classname="src.pymortests.vectorarray" file="src/pymortests/vectorarray.py" line="182" name="test_from_numpy[1-&lt;lambda&gt;17]" time="0.0005307197570800781"><skipped message="Suite splitting in effect" type="pytest.skip">src/pymortests/vectorarray.py:182: Suite splitting in effect</skipped></testcase><testcase classname="src.pymortests.vectorarray" file="src/pymortests/vectorarray.py" line="182" name="test_from_numpy[1-&lt;lambda&gt;18]" time="0.0009613037109375"><skipped message="Suite splitting in effect" type="pytest.skip">src/pymortests/vectorarray.py:182: Suite splitting in effect</skipped></testcase><testcase classname="src.pymortests.vectorarray" file="src/pymortests/vectorarray.py" line="182" name="test_from_numpy[1-&lt;lambda&gt;19]" time="0.0004794597625732422"><skipped message="Suite splitting in effect" type="pytest.skip">src/pymortests/vectorarray.py:182: Suite splitting in effect</skipped></testcase><testcase classname="src.pymortests.vectorarray" file="src/pymortests/vectorarray.py" line="182" name="test_from_numpy[1-&lt;lambda&gt;20]" time="0.00047969818115234375"><skipped message="Suite splitting in effect" type="pytest.skip">src/pymortests/vectorarray.py:182: Suite splitting in effect</skipped></testcase><testcase classname="src.pymortests.vectorarray" file="src/pymortests/vectorarray.py" line="182" name="test_from_numpy[1-&lt;lambda&gt;21]" time="0.0005490779876708984"><skipped message="Suite splitting in effect" type="pytest.skip">src/pymortests/vectorarray.py:182: Suite splitting in effect</skipped></testcase><testcase classname="src.pymortests.vectorarray" file="src/pymortests/vectorarray.py" line="182" name="test_from_numpy[1-&lt;lambda&gt;22]" time="0.0005471706390380859"><skipped message="Suite splitting in effect" type="pytest.skip">src/pymortests/vectorarray.py:182: Suite splitting in effect</skipped></testcase><testcase classname="src.pymortests.vectorarray" file="src/pymortests/vectorarray.py" line="182" name="test_from_numpy[1-&lt;lambda&gt;23]" time="0.0005733966827392578"><skipped message="Suite splitting in effect" type="pytest.skip">src/pymortests/vectorarray.py:182: Suite splitting in effect</skipped></testcase><testcase classname="src.pymortests.vectorarray" file="src/pymortests/vectorarray.py" line="182" name="test_from_numpy[1-&lt;lambda&gt;24]" time="0.0004642009735107422"><skipped message="Suite splitting in effect" type="pytest.skip">src/pymortests/vectorarray.py:182: Suite splitting in effect</skipped></testcase><testcase classname="src.pymortests.vectorarray" file="src/pymortests/vectorarray.py" line="182" name="test_from_numpy[1-&lt;lambda&gt;25]" time="0.0005166530609130859"><skipped message="Suite splitting in effect" type="pytest.skip">src/pymortests/vectorarray.py:182: Suite splitting in effect</skipped></testcase><testcase classname="src.pymortests.vectorarray" file="src/pymortests/vectorarray.py" line="182" name="test_from_numpy[1-&lt;lambda&gt;26]" time="0.0009541511535644531"><skipped message="Suite splitting in effect" type="pytest.skip">src/pymortests/vectorarray.py:182: Suite splitting in effect</skipped></testcase><testcase classname="src.pymortests.vectorarray" file="src/pymortests/vectorarray.py" line="182" name="test_from_numpy[2-&lt;lambda&gt;0]" time="0.0005350112915039062"><skipped message="Suite splitting in effect" type="pytest.skip">src/pymortests/vectorarray.py:182: Suite splitting in effect</skipped></testcase><testcase classname="src.pymortests.vectorarray" file="src/pymortests/vectorarray.py" line="182" name="test_from_numpy[2-&lt;lambda&gt;1]" time="0.0005602836608886719"><skipped message="Suite splitting in effect" type="pytest.skip">src/pymortests/vectorarray.py:182: Suite splitting in effect</skipped></testcase><testcase classname="src.pymortests.vectorarray" file="src/pymortests/vectorarray.py" line="182" name="test_from_numpy[2-&lt;lambda&gt;2]" time="0.00048160552978515625"><skipped message="Suite splitting in effect" type="pytest.skip">src/pymortests/vectorarray.py:182: Suite splitting in effect</skipped></testcase><testcase classname="src.pymortests.vectorarray" file="src/pymortests/vectorarray.py" line="182" name="test_from_numpy[2-&lt;lambda&gt;3]" time="0.0005166530609130859"><skipped message="Suite splitting in effect" type="pytest.skip">src/pymortests/vectorarray.py:182: Suite splitting in effect</skipped></testcase><testcase classname="src.pymortests.vectorarray" file="src/pymortests/vectorarray.py" line="182" name="test_from_numpy[2-&lt;lambda&gt;4]" time="0.0006639957427978516"><skipped message="Suite splitting in effect" type="pytest.skip">src/pymortests/vectorarray.py:182: Suite splitting in effect</skipped></testcase><testcase classname="src.pymortests.vectorarray" file="src/pymortests/vectorarray.py" line="182" name="test_from_numpy[2-&lt;lambda&gt;5]" time="0.00047588348388671875"><skipped message="Suite splitting in effect" type="pytest.skip">src/pymortests/vectorarray.py:182: Suite splitting in effect</skipped></testcase><testcase classname="src.pymortests.vectorarray" file="src/pymortests/vectorarray.py" line="182" name="test_from_numpy[2-&lt;lambda&gt;6]" time="0.0005056858062744141"><skipped message="Suite splitting in effect" type="pytest.skip">src/pymortests/vectorarray.py:182: Suite splitting in effect</skipped></testcase><testcase classname="src.pymortests.vectorarray" file="src/pymortests/vectorarray.py" line="182" name="test_from_numpy[2-&lt;lambda&gt;7]" time="0.0009112358093261719"><skipped message="Suite splitting in effect" type="pytest.skip">src/pymortests/vectorarray.py:182: Suite splitting in effect</skipped></testcase><testcase classname="src.pymortests.vectorarray" file="src/pymortests/vectorarray.py" line="182" name="test_from_numpy[2-&lt;lambda&gt;8]" time="0.0005245208740234375"><skipped message="Suite splitting in effect" type="pytest.skip">src/pymortests/vectorarray.py:182: Suite splitting in effect</skipped></testcase><testcase classname="src.pymortests.vectorarray" file="src/pymortests/vectorarray.py" line="182" name="test_from_numpy[2-&lt;lambda&gt;9]" time="0.0004391670227050781"><skipped message="Suite splitting in effect" type="pytest.skip">src/pymortests/vectorarray.py:182: Suite splitting in effect</skipped></testcase><testcase classname="src.pymortests.vectorarray" file="src/pymortests/vectorarray.py" line="182" name="test_from_numpy[2-&lt;lambda&gt;10]" time="0.0004968643188476562"><skipped message="Suite splitting in effect" type="pytest.skip">src/pymortests/vectorarray.py:182: Suite splitting in effect</skipped></testcase><testcase classname="src.pymortests.vectorarray" file="src/pymortests/vectorarray.py" line="182" name="test_from_numpy[2-&lt;lambda&gt;11]" time="0.0004544258117675781"><skipped message="Suite splitting in effect" type="pytest.skip">src/pymortests/vectorarray.py:182: Suite splitting in effect</skipped></testcase><testcase classname="src.pymortests.vectorarray" file="src/pymortests/vectorarray.py" line="182" name="test_from_numpy[2-&lt;lambda&gt;12]" time="0.0004787445068359375"><skipped message="Suite splitting in effect" type="pytest.skip">src/pymortests/vectorarray.py:182: Suite splitting in effect</skipped></testcase><testcase classname="src.pymortests.vectorarray" file="src/pymortests/vectorarray.py" line="182" name="test_from_numpy[2-&lt;lambda&gt;13]" time="0.00049591064453125"><skipped message="Suite splitting in effect" type="pytest.skip">src/pymortests/vectorarray.py:182: Suite splitting in effect</skipped></testcase><testcase classname="src.pymortests.vectorarray" file="src/pymortests/vectorarray.py" line="182" name="test_from_numpy[2-&lt;lambda&gt;14]" time="0.0004382133483886719"><skipped message="Suite splitting in effect" type="pytest.skip">src/pymortests/vectorarray.py:182: Suite splitting in effect</skipped></testcase><testcase classname="src.pymortests.vectorarray" file="src/pymortests/vectorarray.py" line="182" name="test_from_numpy[2-&lt;lambda&gt;15]" time="0.0007278919219970703"><skipped message="Suite splitting in effect" type="pytest.skip">src/pymortests/vectorarray.py:182: Suite splitting in effect</skipped></testcase><testcase classname="src.pymortests.vectorarray" file="src/pymortests/vectorarray.py" line="182" name="test_from_numpy[2-&lt;lambda&gt;16]" time="0.0005214214324951172"><skipped message="Suite splitting in effect" type="pytest.skip">src/pymortests/vectorarray.py:182: Suite splitting in effect</skipped></testcase><testcase classname="src.pymortests.vectorarray" file="src/pymortests/vectorarray.py" line="182" name="test_from_numpy[2-&lt;lambda&gt;17]" time="0.0004343986511230469"><skipped message="Suite splitting in effect" type="pytest.skip">src/pymortests/vectorarray.py:182: Suite splitting in effect</skipped></testcase><testcase classname="src.pymortests.vectorarray" file="src/pymortests/vectorarray.py" line="182" name="test_from_numpy[2-&lt;lambda&gt;18]" time="0.0004947185516357422"><skipped message="Suite splitting in effect" type="pytest.skip">src/pymortests/vectorarray.py:182: Suite splitting in effect</skipped></testcase><testcase classname="src.pymortests.vectorarray" file="src/pymortests/vectorarray.py" line="182" name="test_from_numpy[2-&lt;lambda&gt;19]" time="0.0005438327789306641"><skipped message="Suite splitting in effect" type="pytest.skip">src/pymortests/vectorarray.py:182: Suite splitting in effect</skipped></testcase><testcase classname="src.pymortests.vectorarray" file="src/pymortests/vectorarray.py" line="182" name="test_from_numpy[2-&lt;lambda&gt;20]" time="0.0004334449768066406"><skipped message="Suite splitting in effect" type="pytest.skip">src/pymortests/vectorarray.py:182: Suite splitting in effect</skipped></testcase><testcase classname="src.pymortests.vectorarray" file="src/pymortests/vectorarray.py" line="182" name="test_from_numpy[2-&lt;lambda&gt;21]" time="0.0004973411560058594"><skipped message="Suite splitting in effect" type="pytest.skip">src/pymortests/vectorarray.py:182: Suite splitting in effect</skipped></testcase><testcase classname="src.pymortests.vectorarray" file="src/pymortests/vectorarray.py" line="182" name="test_from_numpy[2-&lt;lambda&gt;22]" time="0.0004620552062988281"><skipped message="Suite splitting in effect" type="pytest.skip">src/pymortests/vectorarray.py:182: Suite splitting in effect</skipped></testcase><testcase classname="src.pymortests.vectorarray" file="src/pymortests/vectorarray.py" line="182" name="test_from_numpy[2-&lt;lambda&gt;23]" time="0.000812530517578125"><skipped message="Suite splitting in effect" type="pytest.skip">src/pymortests/vectorarray.py:182: Suite splitting in effect</skipped></testcase><testcase classname="src.pymortests.vectorarray" file="src/pymortests/vectorarray.py" line="182" name="test_from_numpy[2-&lt;lambda&gt;24]" time="0.000484466552734375"><skipped message="Suite splitting in effect" type="pytest.skip">src/pymortests/vectorarray.py:182: Suite splitting in effect</skipped></testcase><testcase classname="src.pymortests.vectorarray" file="src/pymortests/vectorarray.py" line="182" name="test_from_numpy[2-&lt;lambda&gt;25]" time="0.0005254745483398438"><skipped message="Suite splitting in effect" type="pytest.skip">src/pymortests/vectorarray.py:182: Suite splitting in effect</skipped></testcase><testcase classname="src.pymortests.vectorarray" file="src/pymortests/vectorarray.py" line="182" name="test_from_numpy[2-&lt;lambda&gt;26]" time="0.0005846023559570312"><skipped message="Suite splitting in effect" type="pytest.skip">src/pymortests/vectorarray.py:182: Suite splitting in effect</skipped></testcase><testcase classname="src.pymortests.vectorarray" file="src/pymortests/vectorarray.py" line="194" name="test_shape[0-&lt;lambda&gt;0]" time="0.00043201446533203125"><skipped message="Suite splitting in effect" type="pytest.skip">src/pymortests/vectorarray.py:194: Suite splitting in effect</skipped></testcase><testcase classname="src.pymortests.vectorarray" file="src/pymortests/vectorarray.py" line="194" name="test_shape[0-&lt;lambda&gt;1]" time="0.0005435943603515625"><skipped message="Suite splitting in effect" type="pytest.skip">src/pymortests/vectorarray.py:194: Suite splitting in effect</skipped></testcase><testcase classname="src.pymortests.vectorarray" file="src/pymortests/vectorarray.py" line="194" name="test_shape[0-&lt;lambda&gt;2]" time="0.0005071163177490234"><skipped message="Suite splitting in effect" type="pytest.skip">src/pymortests/vectorarray.py:194: Suite splitting in effect</skipped></testcase><testcase classname="src.pymortests.vectorarray" file="src/pymortests/vectorarray.py" line="194" name="test_shape[0-&lt;lambda&gt;3]" time="0.0004391670227050781"><skipped message="Suite splitting in effect" type="pytest.skip">src/pymortests/vectorarray.py:194: Suite splitting in effect</skipped></testcase><testcase classname="src.pymortests.vectorarray" file="src/pymortests/vectorarray.py" line="194" name="test_shape[0-&lt;lambda&gt;4]" time="0.0007686614990234375"><skipped message="Suite splitting in effect" type="pytest.skip">src/pymortests/vectorarray.py:194: Suite splitting in effect</skipped></testcase><testcase classname="src.pymortests.vectorarray" file="src/pymortests/vectorarray.py" line="194" name="test_shape[0-&lt;lambda&gt;5]" time="0.0005195140838623047"><skipped message="Suite splitting in effect" type="pytest.skip">src/pymortests/vectorarray.py:194: Suite splitting in effect</skipped></testcase><testcase classname="src.pymortests.vectorarray" file="src/pymortests/vectorarray.py" line="194" name="test_shape[0-&lt;lambda&gt;6]" time="0.0005385875701904297"><skipped message="Suite splitting in effect" type="pytest.skip">src/pymortests/vectorarray.py:194: Suite splitting in effect</skipped></testcase><testcase classname="src.pymortests.vectorarray" file="src/pymortests/vectorarray.py" line="194" name="test_shape[0-&lt;lambda&gt;7]" time="0.0004563331604003906"><skipped message="Suite splitting in effect" type="pytest.skip">src/pymortests/vectorarray.py:194: Suite splitting in effect</skipped></testcase><testcase classname="src.pymortests.vectorarray" file="src/pymortests/vectorarray.py" line="194" name="test_shape[0-&lt;lambda&gt;8]" time="0.0005316734313964844"><skipped message="Suite splitting in effect" type="pytest.skip">src/pymortests/vectorarray.py:194: Suite splitting in effect</skipped></testcase><testcase classname="src.pymortests.vectorarray" file="src/pymortests/vectorarray.py" line="194" name="test_shape[0-&lt;lambda&gt;9]" time="0.0004496574401855469"><skipped message="Suite splitting in effect" type="pytest.skip">src/pymortests/vectorarray.py:194: Suite splitting in effect</skipped></testcase><testcase classname="src.pymortests.vectorarray" file="src/pymortests/vectorarray.py" line="194" name="test_shape[0-&lt;lambda&gt;10]" time="0.0004620552062988281"><skipped message="Suite splitting in effect" type="pytest.skip">src/pymortests/vectorarray.py:194: Suite splitting in effect</skipped></testcase><testcase classname="src.pymortests.vectorarray" file="src/pymortests/vectorarray.py" line="194" name="test_shape[0-&lt;lambda&gt;11]" time="0.0005447864532470703"><skipped message="Suite splitting in effect" type="pytest.skip">src/pymortests/vectorarray.py:194: Suite splitting in effect</skipped></testcase><testcase classname="src.pymortests.vectorarray" file="src/pymortests/vectorarray.py" line="194" name="test_shape[0-&lt;lambda&gt;12]" time="0.0009307861328125"><skipped message="Suite splitting in effect" type="pytest.skip">src/pymortests/vectorarray.py:194: Suite splitting in effect</skipped></testcase><testcase classname="src.pymortests.vectorarray" file="src/pymortests/vectorarray.py" line="194" name="test_shape[0-&lt;lambda&gt;13]" time="0.0005013942718505859"><skipped message="Suite splitting in effect" type="pytest.skip">src/pymortests/vectorarray.py:194: Suite splitting in effect</skipped></testcase><testcase classname="src.pymortests.vectorarray" file="src/pymortests/vectorarray.py" line="194" name="test_shape[0-&lt;lambda&gt;14]" time="0.0004563331604003906"><skipped message="Suite splitting in effect" type="pytest.skip">src/pymortests/vectorarray.py:194: Suite splitting in effect</skipped></testcase><testcase classname="src.pymortests.vectorarray" file="src/pymortests/vectorarray.py" line="194" name="test_shape[0-&lt;lambda&gt;15]" time="0.0005245208740234375"><skipped message="Suite splitting in effect" type="pytest.skip">src/pymortests/vectorarray.py:194: Suite splitting in effect</skipped></testcase><testcase classname="src.pymortests.vectorarray" file="src/pymortests/vectorarray.py" line="194" name="test_shape[0-&lt;lambda&gt;16]" time="0.0005135536193847656"><skipped message="Suite splitting in effect" type="pytest.skip">src/pymortests/vectorarray.py:194: Suite splitting in effect</skipped></testcase><testcase classname="src.pymortests.vectorarray" file="src/pymortests/vectorarray.py" line="194" name="test_shape[0-&lt;lambda&gt;17]" time="0.00043320655822753906"><skipped message="Suite splitting in effect" type="pytest.skip">src/pymortests/vectorarray.py:194: Suite splitting in effect</skipped></testcase><testcase classname="src.pymortests.vectorarray" file="src/pymortests/vectorarray.py" line="194" name="test_shape[0-&lt;lambda&gt;18]" time="0.0004966259002685547"><skipped message="Suite splitting in effect" type="pytest.skip">src/pymortests/vectorarray.py:194: Suite splitting in effect</skipped></testcase><testcase classname="src.pymortests.vectorarray" file="src/pymortests/vectorarray.py" line="194" name="test_shape[0-&lt;lambda&gt;19]" time="0.00043654441833496094"><skipped message="Suite splitting in effect" type="pytest.skip">src/pymortests/vectorarray.py:194: Suite splitting in effect</skipped></testcase><testcase classname="src.pymortests.vectorarray" file="src/pymortests/vectorarray.py" line="194" name="test_shape[0-&lt;lambda&gt;20]" time="0.0010118484497070312"><skipped message="Suite splitting in effect" type="pytest.skip">src/pymortests/vectorarray.py:194: Suite splitting in effect</skipped></testcase><testcase classname="src.pymortests.vectorarray" file="src/pymortests/vectorarray.py" line="194" name="test_shape[0-&lt;lambda&gt;21]" time="0.0004696846008300781"><skipped message="Suite splitting in effect" type="pytest.skip">src/pymortests/vectorarray.py:194: Suite splitting in effect</skipped></testcase><testcase classname="src.pymortests.vectorarray" file="src/pymortests/vectorarray.py" line="194" name="test_shape[0-&lt;lambda&gt;22]" time="0.000576019287109375"><skipped message="Suite splitting in effect" type="pytest.skip">src/pymortests/vectorarray.py:194: Suite splitting in effect</skipped></testcase><testcase classname="src.pymortests.vectorarray" file="src/pymortests/vectorarray.py" line="194" name="test_shape[0-&lt;lambda&gt;23]" time="0.00044727325439453125"><skipped message="Suite splitting in effect" type="pytest.skip">src/pymortests/vectorarray.py:194: Suite splitting in effect</skipped></testcase><testcase classname="src.pymortests.vectorarray" file="src/pymortests/vectorarray.py" line="194" name="test_shape[0-&lt;lambda&gt;24]" time="0.0004761219024658203"><skipped message="Suite splitting in effect" type="pytest.skip">src/pymortests/vectorarray.py:194: Suite splitting in effect</skipped></testcase><testcase classname="src.pymortests.vectorarray" file="src/pymortests/vectorarray.py" line="194" name="test_shape[0-&lt;lambda&gt;25]" time="0.0005362033843994141"><skipped message="Suite splitting in effect" type="pytest.skip">src/pymortests/vectorarray.py:194: Suite splitting in effect</skipped></testcase><testcase classname="src.pymortests.vectorarray" file="src/pymortests/vectorarray.py" line="194" name="test_shape[0-&lt;lambda&gt;26]" time="0.00045871734619140625"><skipped message="Suite splitting in effect" type="pytest.skip">src/pymortests/vectorarray.py:194: Suite splitting in effect</skipped></testcase><testcase classname="src.pymortests.vectorarray" file="src/pymortests/vectorarray.py" line="194" name="test_shape[1-&lt;lambda&gt;0]" time="0.0005383491516113281"><skipped message="Suite splitting in effect" type="pytest.skip">src/pymortests/vectorarray.py:194: Suite splitting in effect</skipped></testcase><testcase classname="src.pymortests.vectorarray" file="src/pymortests/vectorarray.py" line="194" name="test_shape[1-&lt;lambda&gt;1]" time="0.0010764598846435547"><skipped message="Suite splitting in effect" type="pytest.skip">src/pymortests/vectorarray.py:194: Suite splitting in effect</skipped></testcase><testcase classname="src.pymortests.vectorarray" file="src/pymortests/vectorarray.py" line="194" name="test_shape[1-&lt;lambda&gt;2]" time="0.0005595684051513672"><skipped message="Suite splitting in effect" type="pytest.skip">src/pymortests/vectorarray.py:194: Suite splitting in effect</skipped></testcase><testcase classname="src.pymortests.vectorarray" file="src/pymortests/vectorarray.py" line="194" name="test_shape[1-&lt;lambda&gt;3]" time="0.0004792213439941406"><skipped message="Suite splitting in effect" type="pytest.skip">src/pymortests/vectorarray.py:194: Suite splitting in effect</skipped></testcase><testcase classname="src.pymortests.vectorarray" file="src/pymortests/vectorarray.py" line="194" name="test_shape[1-&lt;lambda&gt;4]" time="0.0004975795745849609"><skipped message="Suite splitting in effect" type="pytest.skip">src/pymortests/vectorarray.py:194: Suite splitting in effect</skipped></testcase><testcase classname="src.pymortests.vectorarray" file="src/pymortests/vectorarray.py" line="194" name="test_shape[1-&lt;lambda&gt;5]" time="0.0005652904510498047"><skipped message="Suite splitting in effect" type="pytest.skip">src/pymortests/vectorarray.py:194: Suite splitting in effect</skipped></testcase><testcase classname="src.pymortests.vectorarray" file="src/pymortests/vectorarray.py" line="194" name="test_shape[1-&lt;lambda&gt;6]" time="0.000431060791015625"><skipped message="Suite splitting in effect" type="pytest.skip">src/pymortests/vectorarray.py:194: Suite splitting in effect</skipped></testcase><testcase classname="src.pymortests.vectorarray" file="src/pymortests/vectorarray.py" line="194" name="test_shape[1-&lt;lambda&gt;7]" time="0.0004470348358154297"><skipped message="Suite splitting in effect" type="pytest.skip">src/pymortests/vectorarray.py:194: Suite splitting in effect</skipped></testcase><testcase classname="src.pymortests.vectorarray" file="src/pymortests/vectorarray.py" line="194" name="test_shape[1-&lt;lambda&gt;8]" time="0.000431060791015625"><skipped message="Suite splitting in effect" type="pytest.skip">src/pymortests/vectorarray.py:194: Suite splitting in effect</skipped></testcase><testcase classname="src.pymortests.vectorarray" file="src/pymortests/vectorarray.py" line="194" name="test_shape[1-&lt;lambda&gt;9]" time="0.0007245540618896484"><skipped message="Suite splitting in effect" type="pytest.skip">src/pymortests/vectorarray.py:194: Suite splitting in effect</skipped></testcase><testcase classname="src.pymortests.vectorarray" file="src/pymortests/vectorarray.py" line="194" name="test_shape[1-&lt;lambda&gt;10]" time="0.0004987716674804688"><skipped message="Suite splitting in effect" type="pytest.skip">src/pymortests/vectorarray.py:194: Suite splitting in effect</skipped></testcase><testcase classname="src.pymortests.vectorarray" file="src/pymortests/vectorarray.py" line="194" name="test_shape[1-&lt;lambda&gt;11]" time="0.0004315376281738281"><skipped message="Suite splitting in effect" type="pytest.skip">src/pymortests/vectorarray.py:194: Suite splitting in effect</skipped></testcase><testcase classname="src.pymortests.vectorarray" file="src/pymortests/vectorarray.py" line="194" name="test_shape[1-&lt;lambda&gt;12]" time="0.0004382133483886719"><skipped message="Suite splitting in effect" type="pytest.skip">src/pymortests/vectorarray.py:194: Suite splitting in effect</skipped></testcase><testcase classname="src.pymortests.vectorarray" file="src/pymortests/vectorarray.py" line="194" name="test_shape[1-&lt;lambda&gt;13]" time="0.0004982948303222656"><skipped message="Suite splitting in effect" type="pytest.skip">src/pymortests/vectorarray.py:194: Suite splitting in effect</skipped></testcase><testcase classname="src.pymortests.vectorarray" file="src/pymortests/vectorarray.py" line="194" name="test_shape[1-&lt;lambda&gt;14]" time="0.0004885196685791016"><skipped message="Suite splitting in effect" type="pytest.skip">src/pymortests/vectorarray.py:194: Suite splitting in effect</skipped></testcase><testcase classname="src.pymortests.vectorarray" file="src/pymortests/vectorarray.py" line="194" name="test_shape[1-&lt;lambda&gt;15]" time="0.000545501708984375"><skipped message="Suite splitting in effect" type="pytest.skip">src/pymortests/vectorarray.py:194: Suite splitting in effect</skipped></testcase><testcase classname="src.pymortests.vectorarray" file="src/pymortests/vectorarray.py" line="194" name="test_shape[1-&lt;lambda&gt;16]" time="0.00048661231994628906"><skipped message="Suite splitting in effect" type="pytest.skip">src/pymortests/vectorarray.py:194: Suite splitting in effect</skipped></testcase><testcase classname="src.pymortests.vectorarray" file="src/pymortests/vectorarray.py" line="194" name="test_shape[1-&lt;lambda&gt;17]" time="0.0008401870727539062"><skipped message="Suite splitting in effect" type="pytest.skip">src/pymortests/vectorarray.py:194: Suite splitting in effect</skipped></testcase><testcase classname="src.pymortests.vectorarray" file="src/pymortests/vectorarray.py" line="194" name="test_shape[1-&lt;lambda&gt;18]" time="0.000457763671875"><skipped message="Suite splitting in effect" type="pytest.skip">src/pymortests/vectorarray.py:194: Suite splitting in effect</skipped></testcase><testcase classname="src.pymortests.vectorarray" file="src/pymortests/vectorarray.py" line="194" name="test_shape[1-&lt;lambda&gt;19]" time="0.0005297660827636719"><skipped message="Suite splitting in effect" type="pytest.skip">src/pymortests/vectorarray.py:194: Suite splitting in effect</skipped></testcase><testcase classname="src.pymortests.vectorarray" file="src/pymortests/vectorarray.py" line="194" name="test_shape[1-&lt;lambda&gt;20]" time="0.0004458427429199219"><skipped message="Suite splitting in effect" type="pytest.skip">src/pymortests/vectorarray.py:194: Suite splitting in effect</skipped></testcase><testcase classname="src.pymortests.vectorarray" file="src/pymortests/vectorarray.py" line="194" name="test_shape[1-&lt;lambda&gt;21]" time="0.0004849433898925781"><skipped message="Suite splitting in effect" type="pytest.skip">src/pymortests/vectorarray.py:194: Suite splitting in effect</skipped></testcase><testcase classname="src.pymortests.vectorarray" file="src/pymortests/vectorarray.py" line="194" name="test_shape[1-&lt;lambda&gt;22]" time="0.0005166530609130859"><skipped message="Suite splitting in effect" type="pytest.skip">src/pymortests/vectorarray.py:194: Suite splitting in effect</skipped></testcase><testcase classname="src.pymortests.vectorarray" file="src/pymortests/vectorarray.py" line="194" name="test_shape[1-&lt;lambda&gt;23]" time="0.00048279762268066406"><skipped message="Suite splitting in effect" type="pytest.skip">src/pymortests/vectorarray.py:194: Suite splitting in effect</skipped></testcase><testcase classname="src.pymortests.vectorarray" file="src/pymortests/vectorarray.py" line="194" name="test_shape[1-&lt;lambda&gt;24]" time="0.0004947185516357422"><skipped message="Suite splitting in effect" type="pytest.skip">src/pymortests/vectorarray.py:194: Suite splitting in effect</skipped></testcase><testcase classname="src.pymortests.vectorarray" file="src/pymortests/vectorarray.py" line="194" name="test_shape[1-&lt;lambda&gt;25]" time="0.00091552734375"><skipped message="Suite splitting in effect" type="pytest.skip">src/pymortests/vectorarray.py:194: Suite splitting in effect</skipped></testcase><testcase classname="src.pymortests.vectorarray" file="src/pymortests/vectorarray.py" line="194" name="test_shape[1-&lt;lambda&gt;26]" time="0.0005898475646972656"><skipped message="Suite splitting in effect" type="pytest.skip">src/pymortests/vectorarray.py:194: Suite splitting in effect</skipped></testcase><testcase classname="src.pymortests.vectorarray" file="src/pymortests/vectorarray.py" line="194" name="test_shape[2-&lt;lambda&gt;0]" time="0.0004355907440185547"><skipped message="Suite splitting in effect" type="pytest.skip">src/pymortests/vectorarray.py:194: Suite splitting in effect</skipped></testcase><testcase classname="src.pymortests.vectorarray" file="src/pymortests/vectorarray.py" line="194" name="test_shape[2-&lt;lambda&gt;1]" time="0.0005106925964355469"><skipped message="Suite splitting in effect" type="pytest.skip">src/pymortests/vectorarray.py:194: Suite splitting in effect</skipped></testcase><testcase classname="src.pymortests.vectorarray" file="src/pymortests/vectorarray.py" line="194" name="test_shape[2-&lt;lambda&gt;2]" time="0.0004432201385498047"><skipped message="Suite splitting in effect" type="pytest.skip">src/pymortests/vectorarray.py:194: Suite splitting in effect</skipped></testcase><testcase classname="src.pymortests.vectorarray" file="src/pymortests/vectorarray.py" line="194" name="test_shape[2-&lt;lambda&gt;3]" time="0.0004448890686035156"><skipped message="Suite splitting in effect" type="pytest.skip">src/pymortests/vectorarray.py:194: Suite splitting in effect</skipped></testcase><testcase classname="src.pymortests.vectorarray" file="src/pymortests/vectorarray.py" line="194" name="test_shape[2-&lt;lambda&gt;4]" time="0.0004875659942626953"><skipped message="Suite splitting in effect" type="pytest.skip">src/pymortests/vectorarray.py:194: Suite splitting in effect</skipped></testcase><testcase classname="src.pymortests.vectorarray" file="src/pymortests/vectorarray.py" line="194" name="test_shape[2-&lt;lambda&gt;5]" time="0.00046372413635253906"><skipped message="Suite splitting in effect" type="pytest.skip">src/pymortests/vectorarray.py:194: Suite splitting in effect</skipped></testcase><testcase classname="src.pymortests.vectorarray" file="src/pymortests/vectorarray.py" line="194" name="test_shape[2-&lt;lambda&gt;6]" time="0.000732421875"><skipped message="Suite splitting in effect" type="pytest.skip">src/pymortests/vectorarray.py:194: Suite splitting in effect</skipped></testcase><testcase classname="src.pymortests.vectorarray" file="src/pymortests/vectorarray.py" line="194" name="test_shape[2-&lt;lambda&gt;7]" time="0.0005331039428710938"><skipped message="Suite splitting in effect" type="pytest.skip">src/pymortests/vectorarray.py:194: Suite splitting in effect</skipped></testcase><testcase classname="src.pymortests.vectorarray" file="src/pymortests/vectorarray.py" line="194" name="test_shape[2-&lt;lambda&gt;8]" time="0.0004410743713378906"><skipped message="Suite splitting in effect" type="pytest.skip">src/pymortests/vectorarray.py:194: Suite splitting in effect</skipped></testcase><testcase classname="src.pymortests.vectorarray" file="src/pymortests/vectorarray.py" line="194" name="test_shape[2-&lt;lambda&gt;9]" time="0.00043320655822753906"><skipped message="Suite splitting in effect" type="pytest.skip">src/pymortests/vectorarray.py:194: Suite splitting in effect</skipped></testcase><testcase classname="src.pymortests.vectorarray" file="src/pymortests/vectorarray.py" line="194" name="test_shape[2-&lt;lambda&gt;10]" time="0.0005116462707519531"><skipped message="Suite splitting in effect" type="pytest.skip">src/pymortests/vectorarray.py:194: Suite splitting in effect</skipped></testcase><testcase classname="src.pymortests.vectorarray" file="src/pymortests/vectorarray.py" line="194" name="test_shape[2-&lt;lambda&gt;11]" time="0.0004470348358154297"><skipped message="Suite splitting in effect" type="pytest.skip">src/pymortests/vectorarray.py:194: Suite splitting in effect</skipped></testcase><testcase classname="src.pymortests.vectorarray" file="src/pymortests/vectorarray.py" line="194" name="test_shape[2-&lt;lambda&gt;12]" time="0.0004935264587402344"><skipped message="Suite splitting in effect" type="pytest.skip">src/pymortests/vectorarray.py:194: Suite splitting in effect</skipped></testcase><testcase classname="src.pymortests.vectorarray" file="src/pymortests/vectorarray.py" line="194" name="test_shape[2-&lt;lambda&gt;13]" time="0.0004303455352783203"><skipped message="Suite splitting in effect" type="pytest.skip">src/pymortests/vectorarray.py:194: Suite splitting in effect</skipped></testcase><testcase classname="src.pymortests.vectorarray" file="src/pymortests/vectorarray.py" line="194" name="test_shape[2-&lt;lambda&gt;14]" time="0.0007815361022949219"><skipped message="Suite splitting in effect" type="pytest.skip">src/pymortests/vectorarray.py:194: Suite splitting in effect</skipped></testcase><testcase classname="src.pymortests.vectorarray" file="src/pymortests/vectorarray.py" line="194" name="test_shape[2-&lt;lambda&gt;15]" time="0.0005002021789550781"><skipped message="Suite splitting in effect" type="pytest.skip">src/pymortests/vectorarray.py:194: Suite splitting in effect</skipped></testcase><testcase classname="src.pymortests.vectorarray" file="src/pymortests/vectorarray.py" line="194" name="test_shape[2-&lt;lambda&gt;16]" time="0.0005044937133789062"><skipped message="Suite splitting in effect" type="pytest.skip">src/pymortests/vectorarray.py:194: Suite splitting in effect</skipped></testcase><testcase classname="src.pymortests.vectorarray" file="src/pymortests/vectorarray.py" line="194" name="test_shape[2-&lt;lambda&gt;17]" time="0.0004494190216064453"><skipped message="Suite splitting in effect" type="pytest.skip">src/pymortests/vectorarray.py:194: Suite splitting in effect</skipped></testcase><testcase classname="src.pymortests.vectorarray" file="src/pymortests/vectorarray.py" line="194" name="test_shape[2-&lt;lambda&gt;18]" time="0.0005314350128173828"><skipped message="Suite splitting in effect" type="pytest.skip">src/pymortests/vectorarray.py:194: Suite splitting in effect</skipped></testcase><testcase classname="src.pymortests.vectorarray" file="src/pymortests/vectorarray.py" line="194" name="test_shape[2-&lt;lambda&gt;19]" time="0.0005469322204589844"><skipped message="Suite splitting in effect" type="pytest.skip">src/pymortests/vectorarray.py:194: Suite splitting in effect</skipped></testcase><testcase classname="src.pymortests.vectorarray" file="src/pymortests/vectorarray.py" line="194" name="test_shape[2-&lt;lambda&gt;20]" time="0.00045943260192871094"><skipped message="Suite splitting in effect" type="pytest.skip">src/pymortests/vectorarray.py:194: Suite splitting in effect</skipped></testcase><testcase classname="src.pymortests.vectorarray" file="src/pymortests/vectorarray.py" line="194" name="test_shape[2-&lt;lambda&gt;21]" time="0.0005919933319091797"><skipped message="Suite splitting in effect" type="pytest.skip">src/pymortests/vectorarray.py:194: Suite splitting in effect</skipped></testcase><testcase classname="src.pymortests.vectorarray" file="src/pymortests/vectorarray.py" line="194" name="test_shape[2-&lt;lambda&gt;22]" time="0.0009419918060302734"><skipped message="Suite splitting in effect" type="pytest.skip">src/pymortests/vectorarray.py:194: Suite splitting in effect</skipped></testcase><testcase classname="src.pymortests.vectorarray" file="src/pymortests/vectorarray.py" line="194" name="test_shape[2-&lt;lambda&gt;23]" time="0.0005371570587158203"><skipped message="Suite splitting in effect" type="pytest.skip">src/pymortests/vectorarray.py:194: Suite splitting in effect</skipped></testcase><testcase classname="src.pymortests.vectorarray" file="src/pymortests/vectorarray.py" line="194" name="test_shape[2-&lt;lambda&gt;24]" time="0.00047469139099121094"><skipped message="Suite splitting in effect" type="pytest.skip">src/pymortests/vectorarray.py:194: Suite splitting in effect</skipped></testcase><testcase classname="src.pymortests.vectorarray" file="src/pymortests/vectorarray.py" line="194" name="test_shape[2-&lt;lambda&gt;25]" time="0.0004975795745849609"><skipped message="Suite splitting in effect" type="pytest.skip">src/pymortests/vectorarray.py:194: Suite splitting in effect</skipped></testcase><testcase classname="src.pymortests.vectorarray" file="src/pymortests/vectorarray.py" line="194" name="test_shape[2-&lt;lambda&gt;26]" time="0.00044465065002441406"><skipped message="Suite splitting in effect" type="pytest.skip">src/pymortests/vectorarray.py:194: Suite splitting in effect</skipped></testcase><testcase classname="src.pymortests.vectorarray" file="src/pymortests/vectorarray.py" line="204" name="test_space[0-&lt;lambda&gt;0]" time="0.0005269050598144531"><skipped message="Suite splitting in effect" type="pytest.skip">src/pymortests/vectorarray.py:204: Suite splitting in effect</skipped></testcase><testcase classname="src.pymortests.vectorarray" file="src/pymortests/vectorarray.py" line="204" name="test_space[0-&lt;lambda&gt;1]" time="0.0005164146423339844"><skipped message="Suite splitting in effect" type="pytest.skip">src/pymortests/vectorarray.py:204: Suite splitting in effect</skipped></testcase><testcase classname="src.pymortests.vectorarray" file="src/pymortests/vectorarray.py" line="204" name="test_space[0-&lt;lambda&gt;2]" time="0.00048828125"><skipped message="Suite splitting in effect" type="pytest.skip">src/pymortests/vectorarray.py:204: Suite splitting in effect</skipped></testcase><testcase classname="src.pymortests.vectorarray" file="src/pymortests/vectorarray.py" line="204" name="test_space[0-&lt;lambda&gt;3]" time="0.0008015632629394531"><skipped message="Suite splitting in effect" type="pytest.skip">src/pymortests/vectorarray.py:204: Suite splitting in effect</skipped></testcase><testcase classname="src.pymortests.vectorarray" file="src/pymortests/vectorarray.py" line="204" name="test_space[0-&lt;lambda&gt;4]" time="0.0004878044128417969"><skipped message="Suite splitting in effect" type="pytest.skip">src/pymortests/vectorarray.py:204: Suite splitting in effect</skipped></testcase><testcase classname="src.pymortests.vectorarray" file="src/pymortests/vectorarray.py" line="204" name="test_space[0-&lt;lambda&gt;5]" time="0.0005078315734863281"><skipped message="Suite splitting in effect" type="pytest.skip">src/pymortests/vectorarray.py:204: Suite splitting in effect</skipped></testcase><testcase classname="src.pymortests.vectorarray" file="src/pymortests/vectorarray.py" line="204" name="test_space[0-&lt;lambda&gt;6]" time="0.00046825408935546875"><skipped message="Suite splitting in effect" type="pytest.skip">src/pymortests/vectorarray.py:204: Suite splitting in effect</skipped></testcase><testcase classname="src.pymortests.vectorarray" file="src/pymortests/vectorarray.py" line="204" name="test_space[0-&lt;lambda&gt;7]" time="0.0005018711090087891"><skipped message="Suite splitting in effect" type="pytest.skip">src/pymortests/vectorarray.py:204: Suite splitting in effect</skipped></testcase><testcase classname="src.pymortests.vectorarray" file="src/pymortests/vectorarray.py" line="204" name="test_space[0-&lt;lambda&gt;8]" time="0.0005145072937011719"><skipped message="Suite splitting in effect" type="pytest.skip">src/pymortests/vectorarray.py:204: Suite splitting in effect</skipped></testcase><testcase classname="src.pymortests.vectorarray" file="src/pymortests/vectorarray.py" line="204" name="test_space[0-&lt;lambda&gt;9]" time="0.000469207763671875"><skipped message="Suite splitting in effect" type="pytest.skip">src/pymortests/vectorarray.py:204: Suite splitting in effect</skipped></testcase><testcase classname="src.pymortests.vectorarray" file="src/pymortests/vectorarray.py" line="204" name="test_space[0-&lt;lambda&gt;10]" time="0.0005185604095458984"><skipped message="Suite splitting in effect" type="pytest.skip">src/pymortests/vectorarray.py:204: Suite splitting in effect</skipped></testcase><testcase classname="src.pymortests.vectorarray" file="src/pymortests/vectorarray.py" line="204" name="test_space[0-&lt;lambda&gt;11]" time="0.0008044242858886719"><skipped message="Suite splitting in effect" type="pytest.skip">src/pymortests/vectorarray.py:204: Suite splitting in effect</skipped></testcase><testcase classname="src.pymortests.vectorarray" file="src/pymortests/vectorarray.py" line="204" name="test_space[0-&lt;lambda&gt;12]" time="0.0005221366882324219"><skipped message="Suite splitting in effect" type="pytest.skip">src/pymortests/vectorarray.py:204: Suite splitting in effect</skipped></testcase><testcase classname="src.pymortests.vectorarray" file="src/pymortests/vectorarray.py" line="204" name="test_space[0-&lt;lambda&gt;13]" time="0.0004944801330566406"><skipped message="Suite splitting in effect" type="pytest.skip">src/pymortests/vectorarray.py:204: Suite splitting in effect</skipped></testcase><testcase classname="src.pymortests.vectorarray" file="src/pymortests/vectorarray.py" line="204" name="test_space[0-&lt;lambda&gt;14]" time="0.000469207763671875"><skipped message="Suite splitting in effect" type="pytest.skip">src/pymortests/vectorarray.py:204: Suite splitting in effect</skipped></testcase><testcase classname="src.pymortests.vectorarray" file="src/pymortests/vectorarray.py" line="204" name="test_space[0-&lt;lambda&gt;15]" time="0.0005078315734863281"><skipped message="Suite splitting in effect" type="pytest.skip">src/pymortests/vectorarray.py:204: Suite splitting in effect</skipped></testcase><testcase classname="src.pymortests.vectorarray" file="src/pymortests/vectorarray.py" line="204" name="test_space[0-&lt;lambda&gt;16]" time="0.00044465065002441406"><skipped message="Suite splitting in effect" type="pytest.skip">src/pymortests/vectorarray.py:204: Suite splitting in effect</skipped></testcase><testcase classname="src.pymortests.vectorarray" file="src/pymortests/vectorarray.py" line="204" name="test_space[0-&lt;lambda&gt;17]" time="0.00049591064453125"><skipped message="Suite splitting in effect" type="pytest.skip">src/pymortests/vectorarray.py:204: Suite splitting in effect</skipped></testcase><testcase classname="src.pymortests.vectorarray" file="src/pymortests/vectorarray.py" line="204" name="test_space[0-&lt;lambda&gt;18]" time="0.0005707740783691406"><skipped message="Suite splitting in effect" type="pytest.skip">src/pymortests/vectorarray.py:204: Suite splitting in effect</skipped></testcase><testcase classname="src.pymortests.vectorarray" file="src/pymortests/vectorarray.py" line="204" name="test_space[0-&lt;lambda&gt;19]" time="0.0008521080017089844"><skipped message="Suite splitting in effect" type="pytest.skip">src/pymortests/vectorarray.py:204: Suite splitting in effect</skipped></testcase><testcase classname="src.pymortests.vectorarray" file="src/pymortests/vectorarray.py" line="204" name="test_space[0-&lt;lambda&gt;20]" time="0.0004935264587402344"><skipped message="Suite splitting in effect" type="pytest.skip">src/pymortests/vectorarray.py:204: Suite splitting in effect</skipped></testcase><testcase classname="src.pymortests.vectorarray" file="src/pymortests/vectorarray.py" line="204" name="test_space[0-&lt;lambda&gt;21]" time="0.0005295276641845703"><skipped message="Suite splitting in effect" type="pytest.skip">src/pymortests/vectorarray.py:204: Suite splitting in effect</skipped></testcase><testcase classname="src.pymortests.vectorarray" file="src/pymortests/vectorarray.py" line="204" name="test_space[0-&lt;lambda&gt;22]" time="0.00047588348388671875"><skipped message="Suite splitting in effect" type="pytest.skip">src/pymortests/vectorarray.py:204: Suite splitting in effect</skipped></testcase><testcase classname="src.pymortests.vectorarray" file="src/pymortests/vectorarray.py" line="204" name="test_space[0-&lt;lambda&gt;23]" time="0.0004601478576660156"><skipped message="Suite splitting in effect" type="pytest.skip">src/pymortests/vectorarray.py:204: Suite splitting in effect</skipped></testcase><testcase classname="src.pymortests.vectorarray" file="src/pymortests/vectorarray.py" line="204" name="test_space[0-&lt;lambda&gt;24]" time="0.0005218982696533203"><skipped message="Suite splitting in effect" type="pytest.skip">src/pymortests/vectorarray.py:204: Suite splitting in effect</skipped></testcase><testcase classname="src.pymortests.vectorarray" file="src/pymortests/vectorarray.py" line="204" name="test_space[0-&lt;lambda&gt;25]" time="0.0004830360412597656"><skipped message="Suite splitting in effect" type="pytest.skip">src/pymortests/vectorarray.py:204: Suite splitting in effect</skipped></testcase><testcase classname="src.pymortests.vectorarray" file="src/pymortests/vectorarray.py" line="204" name="test_space[0-&lt;lambda&gt;26]" time="0.0004706382751464844"><skipped message="Suite splitting in effect" type="pytest.skip">src/pymortests/vectorarray.py:204: Suite splitting in effect</skipped></testcase><testcase classname="src.pymortests.vectorarray" file="src/pymortests/vectorarray.py" line="204" name="test_space[1-&lt;lambda&gt;0]" time="0.0008020401000976562"><skipped message="Suite splitting in effect" type="pytest.skip">src/pymortests/vectorarray.py:204: Suite splitting in effect</skipped></testcase><testcase classname="src.pymortests.vectorarray" file="src/pymortests/vectorarray.py" line="204" name="test_space[1-&lt;lambda&gt;1]" time="0.0005390644073486328"><skipped message="Suite splitting in effect" type="pytest.skip">src/pymortests/vectorarray.py:204: Suite splitting in effect</skipped></testcase><testcase classname="src.pymortests.vectorarray" file="src/pymortests/vectorarray.py" line="204" name="test_space[1-&lt;lambda&gt;2]" time="0.0005609989166259766"><skipped message="Suite splitting in effect" type="pytest.skip">src/pymortests/vectorarray.py:204: Suite splitting in effect</skipped></testcase><testcase classname="src.pymortests.vectorarray" file="src/pymortests/vectorarray.py" line="204" name="test_space[1-&lt;lambda&gt;3]" time="0.0004744529724121094"><skipped message="Suite splitting in effect" type="pytest.skip">src/pymortests/vectorarray.py:204: Suite splitting in effect</skipped></testcase><testcase classname="src.pymortests.vectorarray" file="src/pymortests/vectorarray.py" line="204" name="test_space[1-&lt;lambda&gt;4]" time="0.0005197525024414062"><skipped message="Suite splitting in effect" type="pytest.skip">src/pymortests/vectorarray.py:204: Suite splitting in effect</skipped></testcase><testcase classname="src.pymortests.vectorarray" file="src/pymortests/vectorarray.py" line="204" name="test_space[1-&lt;lambda&gt;5]" time="0.0005674362182617188"><skipped message="Suite splitting in effect" type="pytest.skip">src/pymortests/vectorarray.py:204: Suite splitting in effect</skipped></testcase><testcase classname="src.pymortests.vectorarray" file="src/pymortests/vectorarray.py" line="204" name="test_space[1-&lt;lambda&gt;6]" time="0.0004527568817138672"><skipped message="Suite splitting in effect" type="pytest.skip">src/pymortests/vectorarray.py:204: Suite splitting in effect</skipped></testcase><testcase classname="src.pymortests.vectorarray" file="src/pymortests/vectorarray.py" line="204" name="test_space[1-&lt;lambda&gt;7]" time="0.0005083084106445312"><skipped message="Suite splitting in effect" type="pytest.skip">src/pymortests/vectorarray.py:204: Suite splitting in effect</skipped></testcase><testcase classname="src.pymortests.vectorarray" file="src/pymortests/vectorarray.py" line="204" name="test_space[1-&lt;lambda&gt;8]" time="0.0008981227874755859"><skipped message="Suite splitting in effect" type="pytest.skip">src/pymortests/vectorarray.py:204: Suite splitting in effect</skipped></testcase><testcase classname="src.pymortests.vectorarray" file="src/pymortests/vectorarray.py" line="204" name="test_space[1-&lt;lambda&gt;9]" time="0.00044918060302734375"><skipped message="Suite splitting in effect" type="pytest.skip">src/pymortests/vectorarray.py:204: Suite splitting in effect</skipped></testcase><testcase classname="src.pymortests.vectorarray" file="src/pymortests/vectorarray.py" line="204" name="test_space[1-&lt;lambda&gt;10]" time="0.00046515464782714844"><skipped message="Suite splitting in effect" type="pytest.skip">src/pymortests/vectorarray.py:204: Suite splitting in effect</skipped></testcase><testcase classname="src.pymortests.vectorarray" file="src/pymortests/vectorarray.py" line="204" name="test_space[1-&lt;lambda&gt;11]" time="0.00054168701171875"><skipped message="Suite splitting in effect" type="pytest.skip">src/pymortests/vectorarray.py:204: Suite splitting in effect</skipped></testcase><testcase classname="src.pymortests.vectorarray" file="src/pymortests/vectorarray.py" line="204" name="test_space[1-&lt;lambda&gt;12]" time="0.0005044937133789062"><skipped message="Suite splitting in effect" type="pytest.skip">src/pymortests/vectorarray.py:204: Suite splitting in effect</skipped></testcase><testcase classname="src.pymortests.vectorarray" file="src/pymortests/vectorarray.py" line="204" name="test_space[1-&lt;lambda&gt;13]" time="0.0004627704620361328"><skipped message="Suite splitting in effect" type="pytest.skip">src/pymortests/vectorarray.py:204: Suite splitting in effect</skipped></testcase><testcase classname="src.pymortests.vectorarray" file="src/pymortests/vectorarray.py" line="204" name="test_space[1-&lt;lambda&gt;14]" time="0.0005097389221191406"><skipped message="Suite splitting in effect" type="pytest.skip">src/pymortests/vectorarray.py:204: Suite splitting in effect</skipped></testcase><testcase classname="src.pymortests.vectorarray" file="src/pymortests/vectorarray.py" line="204" name="test_space[1-&lt;lambda&gt;15]" time="0.00042700767517089844"><skipped message="Suite splitting in effect" type="pytest.skip">src/pymortests/vectorarray.py:204: Suite splitting in effect</skipped></testcase><testcase classname="src.pymortests.vectorarray" file="src/pymortests/vectorarray.py" line="204" name="test_space[1-&lt;lambda&gt;16]" time="0.0012159347534179688"><skipped message="Suite splitting in effect" type="pytest.skip">src/pymortests/vectorarray.py:204: Suite splitting in effect</skipped></testcase><testcase classname="src.pymortests.vectorarray" file="src/pymortests/vectorarray.py" line="204" name="test_space[1-&lt;lambda&gt;17]" time="0.00047016143798828125"><skipped message="Suite splitting in effect" type="pytest.skip">src/pymortests/vectorarray.py:204: Suite splitting in effect</skipped></testcase><testcase classname="src.pymortests.vectorarray" file="src/pymortests/vectorarray.py" line="204" name="test_space[1-&lt;lambda&gt;18]" time="0.0004999637603759766"><skipped message="Suite splitting in effect" type="pytest.skip">src/pymortests/vectorarray.py:204: Suite splitting in effect</skipped></testcase><testcase classname="src.pymortests.vectorarray" file="src/pymortests/vectorarray.py" line="204" name="test_space[1-&lt;lambda&gt;19]" time="0.0005290508270263672"><skipped message="Suite splitting in effect" type="pytest.skip">src/pymortests/vectorarray.py:204: Suite splitting in effect</skipped></testcase><testcase classname="src.pymortests.vectorarray" file="src/pymortests/vectorarray.py" line="204" name="test_space[1-&lt;lambda&gt;20]" time="0.0004324913024902344"><skipped message="Suite splitting in effect" type="pytest.skip">src/pymortests/vectorarray.py:204: Suite splitting in effect</skipped></testcase><testcase classname="src.pymortests.vectorarray" file="src/pymortests/vectorarray.py" line="204" name="test_space[1-&lt;lambda&gt;21]" time="0.0005049705505371094"><skipped message="Suite splitting in effect" type="pytest.skip">src/pymortests/vectorarray.py:204: Suite splitting in effect</skipped></testcase><testcase classname="src.pymortests.vectorarray" file="src/pymortests/vectorarray.py" line="204" name="test_space[1-&lt;lambda&gt;22]" time="0.00045752525329589844"><skipped message="Suite splitting in effect" type="pytest.skip">src/pymortests/vectorarray.py:204: Suite splitting in effect</skipped></testcase><testcase classname="src.pymortests.vectorarray" file="src/pymortests/vectorarray.py" line="204" name="test_space[1-&lt;lambda&gt;23]" time="0.00046944618225097656"><skipped message="Suite splitting in effect" type="pytest.skip">src/pymortests/vectorarray.py:204: Suite splitting in effect</skipped></testcase><testcase classname="src.pymortests.vectorarray" file="src/pymortests/vectorarray.py" line="204" name="test_space[1-&lt;lambda&gt;24]" time="0.0007944107055664062"><skipped message="Suite splitting in effect" type="pytest.skip">src/pymortests/vectorarray.py:204: Suite splitting in effect</skipped></testcase><testcase classname="src.pymortests.vectorarray" file="src/pymortests/vectorarray.py" line="204" name="test_space[1-&lt;lambda&gt;25]" time="0.0005035400390625"><skipped message="Suite splitting in effect" type="pytest.skip">src/pymortests/vectorarray.py:204: Suite splitting in effect</skipped></testcase><testcase classname="src.pymortests.vectorarray" file="src/pymortests/vectorarray.py" line="204" name="test_space[1-&lt;lambda&gt;26]" time="0.0005519390106201172"><skipped message="Suite splitting in effect" type="pytest.skip">src/pymortests/vectorarray.py:204: Suite splitting in effect</skipped></testcase><testcase classname="src.pymortests.vectorarray" file="src/pymortests/vectorarray.py" line="204" name="test_space[2-&lt;lambda&gt;0]" time="0.000484466552734375"><skipped message="Suite splitting in effect" type="pytest.skip">src/pymortests/vectorarray.py:204: Suite splitting in effect</skipped></testcase><testcase classname="src.pymortests.vectorarray" file="src/pymortests/vectorarray.py" line="204" name="test_space[2-&lt;lambda&gt;1]" time="0.0005161762237548828"><skipped message="Suite splitting in effect" type="pytest.skip">src/pymortests/vectorarray.py:204: Suite splitting in effect</skipped></testcase><testcase classname="src.pymortests.vectorarray" file="src/pymortests/vectorarray.py" line="204" name="test_space[2-&lt;lambda&gt;2]" time="0.0005350112915039062"><skipped message="Suite splitting in effect" type="pytest.skip">src/pymortests/vectorarray.py:204: Suite splitting in effect</skipped></testcase><testcase classname="src.pymortests.vectorarray" file="src/pymortests/vectorarray.py" line="204" name="test_space[2-&lt;lambda&gt;3]" time="0.0004725456237792969"><skipped message="Suite splitting in effect" type="pytest.skip">src/pymortests/vectorarray.py:204: Suite splitting in effect</skipped></testcase><testcase classname="src.pymortests.vectorarray" file="src/pymortests/vectorarray.py" line="204" name="test_space[2-&lt;lambda&gt;4]" time="0.0005249977111816406"><skipped message="Suite splitting in effect" type="pytest.skip">src/pymortests/vectorarray.py:204: Suite splitting in effect</skipped></testcase><testcase classname="src.pymortests.vectorarray" file="src/pymortests/vectorarray.py" line="204" name="test_space[2-&lt;lambda&gt;5]" time="0.0008687973022460938"><skipped message="Suite splitting in effect" type="pytest.skip">src/pymortests/vectorarray.py:204: Suite splitting in effect</skipped></testcase><testcase classname="src.pymortests.vectorarray" file="src/pymortests/vectorarray.py" line="204" name="test_space[2-&lt;lambda&gt;6]" time="0.0005204677581787109"><skipped message="Suite splitting in effect" type="pytest.skip">src/pymortests/vectorarray.py:204: Suite splitting in effect</skipped></testcase><testcase classname="src.pymortests.vectorarray" file="src/pymortests/vectorarray.py" line="204" name="test_space[2-&lt;lambda&gt;7]" time="0.0004603862762451172"><skipped message="Suite splitting in effect" type="pytest.skip">src/pymortests/vectorarray.py:204: Suite splitting in effect</skipped></testcase><testcase classname="src.pymortests.vectorarray" file="src/pymortests/vectorarray.py" line="204" name="test_space[2-&lt;lambda&gt;8]" time="0.0004532337188720703"><skipped message="Suite splitting in effect" type="pytest.skip">src/pymortests/vectorarray.py:204: Suite splitting in effect</skipped></testcase><testcase classname="src.pymortests.vectorarray" file="src/pymortests/vectorarray.py" line="204" name="test_space[2-&lt;lambda&gt;9]" time="0.0004181861877441406"><skipped message="Suite splitting in effect" type="pytest.skip">src/pymortests/vectorarray.py:204: Suite splitting in effect</skipped></testcase><testcase classname="src.pymortests.vectorarray" file="src/pymortests/vectorarray.py" line="204" name="test_space[2-&lt;lambda&gt;10]" time="0.0004858970642089844"><skipped message="Suite splitting in effect" type="pytest.skip">src/pymortests/vectorarray.py:204: Suite splitting in effect</skipped></testcase><testcase classname="src.pymortests.vectorarray" file="src/pymortests/vectorarray.py" line="204" name="test_space[2-&lt;lambda&gt;11]" time="0.0012476444244384766"><skipped message="Suite splitting in effect" type="pytest.skip">src/pymortests/vectorarray.py:204: Suite splitting in effect</skipped></testcase><testcase classname="src.pymortests.vectorarray" file="src/pymortests/vectorarray.py" line="204" name="test_space[2-&lt;lambda&gt;12]" time="0.0004794597625732422"><skipped message="Suite splitting in effect" type="pytest.skip">src/pymortests/vectorarray.py:204: Suite splitting in effect</skipped></testcase><testcase classname="src.pymortests.vectorarray" file="src/pymortests/vectorarray.py" line="204" name="test_space[2-&lt;lambda&gt;13]" time="0.0008962154388427734"><skipped message="Suite splitting in effect" type="pytest.skip">src/pymortests/vectorarray.py:204: Suite splitting in effect</skipped></testcase><testcase classname="src.pymortests.vectorarray" file="src/pymortests/vectorarray.py" line="204" name="test_space[2-&lt;lambda&gt;14]" time="0.0004429817199707031"><skipped message="Suite splitting in effect" type="pytest.skip">src/pymortests/vectorarray.py:204: Suite splitting in effect</skipped></testcase><testcase classname="src.pymortests.vectorarray" file="src/pymortests/vectorarray.py" line="204" name="test_space[2-&lt;lambda&gt;15]" time="0.0005645751953125"><skipped message="Suite splitting in effect" type="pytest.skip">src/pymortests/vectorarray.py:204: Suite splitting in effect</skipped></testcase><testcase classname="src.pymortests.vectorarray" file="src/pymortests/vectorarray.py" line="204" name="test_space[2-&lt;lambda&gt;16]" time="0.0005288124084472656"><skipped message="Suite splitting in effect" type="pytest.skip">src/pymortests/vectorarray.py:204: Suite splitting in effect</skipped></testcase><testcase classname="src.pymortests.vectorarray" file="src/pymortests/vectorarray.py" line="204" name="test_space[2-&lt;lambda&gt;17]" time="0.0004286766052246094"><skipped message="Suite splitting in effect" type="pytest.skip">src/pymortests/vectorarray.py:204: Suite splitting in effect</skipped></testcase><testcase classname="src.pymortests.vectorarray" file="src/pymortests/vectorarray.py" line="204" name="test_space[2-&lt;lambda&gt;18]" time="0.0004887580871582031"><skipped message="Suite splitting in effect" type="pytest.skip">src/pymortests/vectorarray.py:204: Suite splitting in effect</skipped></testcase><testcase classname="src.pymortests.vectorarray" file="src/pymortests/vectorarray.py" line="204" name="test_space[2-&lt;lambda&gt;19]" time="0.0005083084106445312"><skipped message="Suite splitting in effect" type="pytest.skip">src/pymortests/vectorarray.py:204: Suite splitting in effect</skipped></testcase><testcase classname="src.pymortests.vectorarray" file="src/pymortests/vectorarray.py" line="204" name="test_space[2-&lt;lambda&gt;20]" time="0.0004584789276123047"><skipped message="Suite splitting in effect" type="pytest.skip">src/pymortests/vectorarray.py:204: Suite splitting in effect</skipped></testcase><testcase classname="src.pymortests.vectorarray" file="src/pymortests/vectorarray.py" line="204" name="test_space[2-&lt;lambda&gt;21]" time="0.0007777214050292969"><skipped message="Suite splitting in effect" type="pytest.skip">src/pymortests/vectorarray.py:204: Suite splitting in effect</skipped></testcase><testcase classname="src.pymortests.vectorarray" file="src/pymortests/vectorarray.py" line="204" name="test_space[2-&lt;lambda&gt;22]" time="0.0004508495330810547"><skipped message="Suite splitting in effect" type="pytest.skip">src/pymortests/vectorarray.py:204: Suite splitting in effect</skipped></testcase><testcase classname="src.pymortests.vectorarray" file="src/pymortests/vectorarray.py" line="204" name="test_space[2-&lt;lambda&gt;23]" time="0.00045037269592285156"><skipped message="Suite splitting in effect" type="pytest.skip">src/pymortests/vectorarray.py:204: Suite splitting in effect</skipped></testcase><testcase classname="src.pymortests.vectorarray" file="src/pymortests/vectorarray.py" line="204" name="test_space[2-&lt;lambda&gt;24]" time="0.0004401206970214844"><skipped message="Suite splitting in effect" type="pytest.skip">src/pymortests/vectorarray.py:204: Suite splitting in effect</skipped></testcase><testcase classname="src.pymortests.vectorarray" file="src/pymortests/vectorarray.py" line="204" name="test_space[2-&lt;lambda&gt;25]" time="0.0005290508270263672"><skipped message="Suite splitting in effect" type="pytest.skip">src/pymortests/vectorarray.py:204: Suite splitting in effect</skipped></testcase><testcase classname="src.pymortests.vectorarray" file="src/pymortests/vectorarray.py" line="204" name="test_space[2-&lt;lambda&gt;26]" time="0.00044989585876464844"><skipped message="Suite splitting in effect" type="pytest.skip">src/pymortests/vectorarray.py:204: Suite splitting in effect</skipped></testcase><testcase classname="src.pymortests.vectorarray" file="src/pymortests/vectorarray.py" line="210" name="test_getitem_repeated[0-&lt;lambda&gt;0]" time="0.0005021095275878906"><skipped message="Suite splitting in effect" type="pytest.skip">src/pymortests/vectorarray.py:210: Suite splitting in effect</skipped></testcase><testcase classname="src.pymortests.vectorarray" file="src/pymortests/vectorarray.py" line="210" name="test_getitem_repeated[0-&lt;lambda&gt;1]" time="0.0004954338073730469"><skipped message="Suite splitting in effect" type="pytest.skip">src/pymortests/vectorarray.py:210: Suite splitting in effect</skipped></testcase><testcase classname="src.pymortests.vectorarray" file="src/pymortests/vectorarray.py" line="210" name="test_getitem_repeated[0-&lt;lambda&gt;2]" time="0.0007584095001220703"><skipped message="Suite splitting in effect" type="pytest.skip">src/pymortests/vectorarray.py:210: Suite splitting in effect</skipped></testcase><testcase classname="src.pymortests.vectorarray" file="src/pymortests/vectorarray.py" line="210" name="test_getitem_repeated[0-&lt;lambda&gt;3]" time="0.0004811286926269531"><skipped message="Suite splitting in effect" type="pytest.skip">src/pymortests/vectorarray.py:210: Suite splitting in effect</skipped></testcase><testcase classname="src.pymortests.vectorarray" file="src/pymortests/vectorarray.py" line="210" name="test_getitem_repeated[0-&lt;lambda&gt;4]" time="0.0005278587341308594"><skipped message="Suite splitting in effect" type="pytest.skip">src/pymortests/vectorarray.py:210: Suite splitting in effect</skipped></testcase><testcase classname="src.pymortests.vectorarray" file="src/pymortests/vectorarray.py" line="210" name="test_getitem_repeated[0-&lt;lambda&gt;5]" time="0.0005195140838623047"><skipped message="Suite splitting in effect" type="pytest.skip">src/pymortests/vectorarray.py:210: Suite splitting in effect</skipped></testcase><testcase classname="src.pymortests.vectorarray" file="src/pymortests/vectorarray.py" line="210" name="test_getitem_repeated[0-&lt;lambda&gt;6]" time="0.0004494190216064453"><skipped message="Suite splitting in effect" type="pytest.skip">src/pymortests/vectorarray.py:210: Suite splitting in effect</skipped></testcase><testcase classname="src.pymortests.vectorarray" file="src/pymortests/vectorarray.py" line="210" name="test_getitem_repeated[0-&lt;lambda&gt;7]" time="0.000453948974609375"><skipped message="Suite splitting in effect" type="pytest.skip">src/pymortests/vectorarray.py:210: Suite splitting in effect</skipped></testcase><testcase classname="src.pymortests.vectorarray" file="src/pymortests/vectorarray.py" line="210" name="test_getitem_repeated[0-&lt;lambda&gt;8]" time="0.00047278404235839844"><skipped message="Suite splitting in effect" type="pytest.skip">src/pymortests/vectorarray.py:210: Suite splitting in effect</skipped></testcase><testcase classname="src.pymortests.vectorarray" file="src/pymortests/vectorarray.py" line="210" name="test_getitem_repeated[0-&lt;lambda&gt;9]" time="0.0004711151123046875"><skipped message="Suite splitting in effect" type="pytest.skip">src/pymortests/vectorarray.py:210: Suite splitting in effect</skipped></testcase><testcase classname="src.pymortests.vectorarray" file="src/pymortests/vectorarray.py" line="210" name="test_getitem_repeated[0-&lt;lambda&gt;10]" time="0.0009853839874267578"><skipped message="Suite splitting in effect" type="pytest.skip">src/pymortests/vectorarray.py:210: Suite splitting in effect</skipped></testcase><testcase classname="src.pymortests.vectorarray" file="src/pymortests/vectorarray.py" line="210" name="test_getitem_repeated[0-&lt;lambda&gt;11]" time="0.00049591064453125"><skipped message="Suite splitting in effect" type="pytest.skip">src/pymortests/vectorarray.py:210: Suite splitting in effect</skipped></testcase><testcase classname="src.pymortests.vectorarray" file="src/pymortests/vectorarray.py" line="210" name="test_getitem_repeated[0-&lt;lambda&gt;12]" time="0.0004279613494873047"><skipped message="Suite splitting in effect" type="pytest.skip">src/pymortests/vectorarray.py:210: Suite splitting in effect</skipped></testcase><testcase classname="src.pymortests.vectorarray" file="src/pymortests/vectorarray.py" line="210" name="test_getitem_repeated[0-&lt;lambda&gt;13]" time="0.0004889965057373047"><skipped message="Suite splitting in effect" type="pytest.skip">src/pymortests/vectorarray.py:210: Suite splitting in effect</skipped></testcase><testcase classname="src.pymortests.vectorarray" file="src/pymortests/vectorarray.py" line="210" name="test_getitem_repeated[0-&lt;lambda&gt;14]" time="0.0004315376281738281"><skipped message="Suite splitting in effect" type="pytest.skip">src/pymortests/vectorarray.py:210: Suite splitting in effect</skipped></testcase><testcase classname="src.pymortests.vectorarray" file="src/pymortests/vectorarray.py" line="210" name="test_getitem_repeated[0-&lt;lambda&gt;15]" time="0.0004582405090332031"><skipped message="Suite splitting in effect" type="pytest.skip">src/pymortests/vectorarray.py:210: Suite splitting in effect</skipped></testcase><testcase classname="src.pymortests.vectorarray" file="src/pymortests/vectorarray.py" line="210" name="test_getitem_repeated[0-&lt;lambda&gt;16]" time="0.0004284381866455078"><skipped message="Suite splitting in effect" type="pytest.skip">src/pymortests/vectorarray.py:210: Suite splitting in effect</skipped></testcase><testcase classname="src.pymortests.vectorarray" file="src/pymortests/vectorarray.py" line="210" name="test_getitem_repeated[0-&lt;lambda&gt;17]" time="0.0004947185516357422"><skipped message="Suite splitting in effect" type="pytest.skip">src/pymortests/vectorarray.py:210: Suite splitting in effect</skipped></testcase><testcase classname="src.pymortests.vectorarray" file="src/pymortests/vectorarray.py" line="210" name="test_getitem_repeated[0-&lt;lambda&gt;18]" time="0.0007913112640380859"><skipped message="Suite splitting in effect" type="pytest.skip">src/pymortests/vectorarray.py:210: Suite splitting in effect</skipped></testcase><testcase classname="src.pymortests.vectorarray" file="src/pymortests/vectorarray.py" line="210" name="test_getitem_repeated[0-&lt;lambda&gt;19]" time="0.00045871734619140625"><skipped message="Suite splitting in effect" type="pytest.skip">src/pymortests/vectorarray.py:210: Suite splitting in effect</skipped></testcase><testcase classname="src.pymortests.vectorarray" file="src/pymortests/vectorarray.py" line="210" name="test_getitem_repeated[0-&lt;lambda&gt;20]" time="0.0005044937133789062"><skipped message="Suite splitting in effect" type="pytest.skip">src/pymortests/vectorarray.py:210: Suite splitting in effect</skipped></testcase><testcase classname="src.pymortests.vectorarray" file="src/pymortests/vectorarray.py" line="210" name="test_getitem_repeated[0-&lt;lambda&gt;21]" time="0.00043392181396484375"><skipped message="Suite splitting in effect" type="pytest.skip">src/pymortests/vectorarray.py:210: Suite splitting in effect</skipped></testcase><testcase classname="src.pymortests.vectorarray" file="src/pymortests/vectorarray.py" line="210" name="test_getitem_repeated[0-&lt;lambda&gt;22]" time="0.00048065185546875"><skipped message="Suite splitting in effect" type="pytest.skip">src/pymortests/vectorarray.py:210: Suite splitting in effect</skipped></testcase><testcase classname="src.pymortests.vectorarray" file="src/pymortests/vectorarray.py" line="210" name="test_getitem_repeated[0-&lt;lambda&gt;23]" time="0.0005123615264892578"><skipped message="Suite splitting in effect" type="pytest.skip">src/pymortests/vectorarray.py:210: Suite splitting in effect</skipped></testcase><testcase classname="src.pymortests.vectorarray" file="src/pymortests/vectorarray.py" line="210" name="test_getitem_repeated[0-&lt;lambda&gt;24]" time="0.0004684925079345703"><skipped message="Suite splitting in effect" type="pytest.skip">src/pymortests/vectorarray.py:210: Suite splitting in effect</skipped></testcase><testcase classname="src.pymortests.vectorarray" file="src/pymortests/vectorarray.py" line="210" name="test_getitem_repeated[0-&lt;lambda&gt;25]" time="0.0004394054412841797"><skipped message="Suite splitting in effect" type="pytest.skip">src/pymortests/vectorarray.py:210: Suite splitting in effect</skipped></testcase><testcase classname="src.pymortests.vectorarray" file="src/pymortests/vectorarray.py" line="210" name="test_getitem_repeated[0-&lt;lambda&gt;26]" time="0.0008094310760498047"><skipped message="Suite splitting in effect" type="pytest.skip">src/pymortests/vectorarray.py:210: Suite splitting in effect</skipped></testcase><testcase classname="src.pymortests.vectorarray" file="src/pymortests/vectorarray.py" line="210" name="test_getitem_repeated[1-&lt;lambda&gt;0]" time="0.0004317760467529297"><skipped message="Suite splitting in effect" type="pytest.skip">src/pymortests/vectorarray.py:210: Suite splitting in effect</skipped></testcase><testcase classname="src.pymortests.vectorarray" file="src/pymortests/vectorarray.py" line="210" name="test_getitem_repeated[1-&lt;lambda&gt;1]" time="0.0004737377166748047"><skipped message="Suite splitting in effect" type="pytest.skip">src/pymortests/vectorarray.py:210: Suite splitting in effect</skipped></testcase><testcase classname="src.pymortests.vectorarray" file="src/pymortests/vectorarray.py" line="210" name="test_getitem_repeated[1-&lt;lambda&gt;2]" time="0.00044918060302734375"><skipped message="Suite splitting in effect" type="pytest.skip">src/pymortests/vectorarray.py:210: Suite splitting in effect</skipped></testcase><testcase classname="src.pymortests.vectorarray" file="src/pymortests/vectorarray.py" line="210" name="test_getitem_repeated[1-&lt;lambda&gt;3]" time="0.00046443939208984375"><skipped message="Suite splitting in effect" type="pytest.skip">src/pymortests/vectorarray.py:210: Suite splitting in effect</skipped></testcase><testcase classname="src.pymortests.vectorarray" file="src/pymortests/vectorarray.py" line="210" name="test_getitem_repeated[1-&lt;lambda&gt;4]" time="0.0004889965057373047"><skipped message="Suite splitting in effect" type="pytest.skip">src/pymortests/vectorarray.py:210: Suite splitting in effect</skipped></testcase><testcase classname="src.pymortests.vectorarray" file="src/pymortests/vectorarray.py" line="210" name="test_getitem_repeated[1-&lt;lambda&gt;5]" time="0.00044345855712890625"><skipped message="Suite splitting in effect" type="pytest.skip">src/pymortests/vectorarray.py:210: Suite splitting in effect</skipped></testcase><testcase classname="src.pymortests.vectorarray" file="src/pymortests/vectorarray.py" line="210" name="test_getitem_repeated[1-&lt;lambda&gt;6]" time="0.0005092620849609375"><skipped message="Suite splitting in effect" type="pytest.skip">src/pymortests/vectorarray.py:210: Suite splitting in effect</skipped></testcase><testcase classname="src.pymortests.vectorarray" file="src/pymortests/vectorarray.py" line="210" name="test_getitem_repeated[1-&lt;lambda&gt;7]" time="0.0008714199066162109"><skipped message="Suite splitting in effect" type="pytest.skip">src/pymortests/vectorarray.py:210: Suite splitting in effect</skipped></testcase><testcase classname="src.pymortests.vectorarray" file="src/pymortests/vectorarray.py" line="210" name="test_getitem_repeated[1-&lt;lambda&gt;8]" time="0.0005028247833251953"><skipped message="Suite splitting in effect" type="pytest.skip">src/pymortests/vectorarray.py:210: Suite splitting in effect</skipped></testcase><testcase classname="src.pymortests.vectorarray" file="src/pymortests/vectorarray.py" line="210" name="test_getitem_repeated[1-&lt;lambda&gt;9]" time="0.0005548000335693359"><skipped message="Suite splitting in effect" type="pytest.skip">src/pymortests/vectorarray.py:210: Suite splitting in effect</skipped></testcase><testcase classname="src.pymortests.vectorarray" file="src/pymortests/vectorarray.py" line="210" name="test_getitem_repeated[1-&lt;lambda&gt;10]" time="0.0005118846893310547"><skipped message="Suite splitting in effect" type="pytest.skip">src/pymortests/vectorarray.py:210: Suite splitting in effect</skipped></testcase><testcase classname="src.pymortests.vectorarray" file="src/pymortests/vectorarray.py" line="210" name="test_getitem_repeated[1-&lt;lambda&gt;11]" time="0.0004324913024902344"><skipped message="Suite splitting in effect" type="pytest.skip">src/pymortests/vectorarray.py:210: Suite splitting in effect</skipped></testcase><testcase classname="src.pymortests.vectorarray" file="src/pymortests/vectorarray.py" line="210" name="test_getitem_repeated[1-&lt;lambda&gt;12]" time="0.0005269050598144531"><skipped message="Suite splitting in effect" type="pytest.skip">src/pymortests/vectorarray.py:210: Suite splitting in effect</skipped></testcase><testcase classname="src.pymortests.vectorarray" file="src/pymortests/vectorarray.py" line="210" name="test_getitem_repeated[1-&lt;lambda&gt;13]" time="0.00044155120849609375"><skipped message="Suite splitting in effect" type="pytest.skip">src/pymortests/vectorarray.py:210: Suite splitting in effect</skipped></testcase><testcase classname="src.pymortests.vectorarray" file="src/pymortests/vectorarray.py" line="210" name="test_getitem_repeated[1-&lt;lambda&gt;14]" time="0.0004930496215820312"><skipped message="Suite splitting in effect" type="pytest.skip">src/pymortests/vectorarray.py:210: Suite splitting in effect</skipped></testcase><testcase classname="src.pymortests.vectorarray" file="src/pymortests/vectorarray.py" line="210" name="test_getitem_repeated[1-&lt;lambda&gt;15]" time="0.0008776187896728516"><skipped message="Suite splitting in effect" type="pytest.skip">src/pymortests/vectorarray.py:210: Suite splitting in effect</skipped></testcase><testcase classname="src.pymortests.vectorarray" file="src/pymortests/vectorarray.py" line="210" name="test_getitem_repeated[1-&lt;lambda&gt;16]" time="0.0006222724914550781"><skipped message="Suite splitting in effect" type="pytest.skip">src/pymortests/vectorarray.py:210: Suite splitting in effect</skipped></testcase><testcase classname="src.pymortests.vectorarray" file="src/pymortests/vectorarray.py" line="210" name="test_getitem_repeated[1-&lt;lambda&gt;17]" time="0.0004227161407470703"><skipped message="Suite splitting in effect" type="pytest.skip">src/pymortests/vectorarray.py:210: Suite splitting in effect</skipped></testcase><testcase classname="src.pymortests.vectorarray" file="src/pymortests/vectorarray.py" line="210" name="test_getitem_repeated[1-&lt;lambda&gt;18]" time="0.0005009174346923828"><skipped message="Suite splitting in effect" type="pytest.skip">src/pymortests/vectorarray.py:210: Suite splitting in effect</skipped></testcase><testcase classname="src.pymortests.vectorarray" file="src/pymortests/vectorarray.py" line="210" name="test_getitem_repeated[1-&lt;lambda&gt;19]" time="0.0004405975341796875"><skipped message="Suite splitting in effect" type="pytest.skip">src/pymortests/vectorarray.py:210: Suite splitting in effect</skipped></testcase><testcase classname="src.pymortests.vectorarray" file="src/pymortests/vectorarray.py" line="210" name="test_getitem_repeated[1-&lt;lambda&gt;20]" time="0.0004734992980957031"><skipped message="Suite splitting in effect" type="pytest.skip">src/pymortests/vectorarray.py:210: Suite splitting in effect</skipped></testcase><testcase classname="src.pymortests.vectorarray" file="src/pymortests/vectorarray.py" line="210" name="test_getitem_repeated[1-&lt;lambda&gt;21]" time="0.0005800724029541016"><skipped message="Suite splitting in effect" type="pytest.skip">src/pymortests/vectorarray.py:210: Suite splitting in effect</skipped></testcase><testcase classname="src.pymortests.vectorarray" file="src/pymortests/vectorarray.py" line="210" name="test_getitem_repeated[1-&lt;lambda&gt;22]" time="0.0004858970642089844"><skipped message="Suite splitting in effect" type="pytest.skip">src/pymortests/vectorarray.py:210: Suite splitting in effect</skipped></testcase><testcase classname="src.pymortests.vectorarray" file="src/pymortests/vectorarray.py" line="210" name="test_getitem_repeated[1-&lt;lambda&gt;23]" time="0.0008950233459472656"><skipped message="Suite splitting in effect" type="pytest.skip">src/pymortests/vectorarray.py:210: Suite splitting in effect</skipped></testcase><testcase classname="src.pymortests.vectorarray" file="src/pymortests/vectorarray.py" line="210" name="test_getitem_repeated[1-&lt;lambda&gt;24]" time="0.0004742145538330078"><skipped message="Suite splitting in effect" type="pytest.skip">src/pymortests/vectorarray.py:210: Suite splitting in effect</skipped></testcase><testcase classname="src.pymortests.vectorarray" file="src/pymortests/vectorarray.py" line="210" name="test_getitem_repeated[1-&lt;lambda&gt;25]" time="0.0005402565002441406"><skipped message="Suite splitting in effect" type="pytest.skip">src/pymortests/vectorarray.py:210: Suite splitting in effect</skipped></testcase><testcase classname="src.pymortests.vectorarray" file="src/pymortests/vectorarray.py" line="210" name="test_getitem_repeated[1-&lt;lambda&gt;26]" time="0.000598907470703125"><skipped message="Suite splitting in effect" type="pytest.skip">src/pymortests/vectorarray.py:210: Suite splitting in effect</skipped></testcase><testcase classname="src.pymortests.vectorarray" file="src/pymortests/vectorarray.py" line="210" name="test_getitem_repeated[2-&lt;lambda&gt;0]" time="0.0004894733428955078"><skipped message="Suite splitting in effect" type="pytest.skip">src/pymortests/vectorarray.py:210: Suite splitting in effect</skipped></testcase><testcase classname="src.pymortests.vectorarray" file="src/pymortests/vectorarray.py" line="210" name="test_getitem_repeated[2-&lt;lambda&gt;1]" time="0.0005955696105957031"><skipped message="Suite splitting in effect" type="pytest.skip">src/pymortests/vectorarray.py:210: Suite splitting in effect</skipped></testcase><testcase classname="src.pymortests.vectorarray" file="src/pymortests/vectorarray.py" line="210" name="test_getitem_repeated[2-&lt;lambda&gt;2]" time="0.0005409717559814453"><skipped message="Suite splitting in effect" type="pytest.skip">src/pymortests/vectorarray.py:210: Suite splitting in effect</skipped></testcase><testcase classname="src.pymortests.vectorarray" file="src/pymortests/vectorarray.py" line="210" name="test_getitem_repeated[2-&lt;lambda&gt;3]" time="0.0005335807800292969"><skipped message="Suite splitting in effect" type="pytest.skip">src/pymortests/vectorarray.py:210: Suite splitting in effect</skipped></testcase><testcase classname="src.pymortests.vectorarray" file="src/pymortests/vectorarray.py" line="210" name="test_getitem_repeated[2-&lt;lambda&gt;4]" time="0.0011494159698486328"><skipped message="Suite splitting in effect" type="pytest.skip">src/pymortests/vectorarray.py:210: Suite splitting in effect</skipped></testcase><testcase classname="src.pymortests.vectorarray" file="src/pymortests/vectorarray.py" line="210" name="test_getitem_repeated[2-&lt;lambda&gt;5]" time="0.0005536079406738281"><skipped message="Suite splitting in effect" type="pytest.skip">src/pymortests/vectorarray.py:210: Suite splitting in effect</skipped></testcase><testcase classname="src.pymortests.vectorarray" file="src/pymortests/vectorarray.py" line="210" name="test_getitem_repeated[2-&lt;lambda&gt;6]" time="0.0004570484161376953"><skipped message="Suite splitting in effect" type="pytest.skip">src/pymortests/vectorarray.py:210: Suite splitting in effect</skipped></testcase><testcase classname="src.pymortests.vectorarray" file="src/pymortests/vectorarray.py" line="210" name="test_getitem_repeated[2-&lt;lambda&gt;7]" time="0.000507354736328125"><skipped message="Suite splitting in effect" type="pytest.skip">src/pymortests/vectorarray.py:210: Suite splitting in effect</skipped></testcase><testcase classname="src.pymortests.vectorarray" file="src/pymortests/vectorarray.py" line="210" name="test_getitem_repeated[2-&lt;lambda&gt;8]" time="0.0005662441253662109"><skipped message="Suite splitting in effect" type="pytest.skip">src/pymortests/vectorarray.py:210: Suite splitting in effect</skipped></testcase><testcase classname="src.pymortests.vectorarray" file="src/pymortests/vectorarray.py" line="210" name="test_getitem_repeated[2-&lt;lambda&gt;9]" time="0.0004553794860839844"><skipped message="Suite splitting in effect" type="pytest.skip">src/pymortests/vectorarray.py:210: Suite splitting in effect</skipped></testcase><testcase classname="src.pymortests.vectorarray" file="src/pymortests/vectorarray.py" line="210" name="test_getitem_repeated[2-&lt;lambda&gt;10]" time="0.0005061626434326172"><skipped message="Suite splitting in effect" type="pytest.skip">src/pymortests/vectorarray.py:210: Suite splitting in effect</skipped></testcase><testcase classname="src.pymortests.vectorarray" file="src/pymortests/vectorarray.py" line="210" name="test_getitem_repeated[2-&lt;lambda&gt;11]" time="0.0005562305450439453"><skipped message="Suite splitting in effect" type="pytest.skip">src/pymortests/vectorarray.py:210: Suite splitting in effect</skipped></testcase><testcase classname="src.pymortests.vectorarray" file="src/pymortests/vectorarray.py" line="210" name="test_getitem_repeated[2-&lt;lambda&gt;12]" time="0.0009675025939941406"><skipped message="Suite splitting in effect" type="pytest.skip">src/pymortests/vectorarray.py:210: Suite splitting in effect</skipped></testcase><testcase classname="src.pymortests.vectorarray" file="src/pymortests/vectorarray.py" line="210" name="test_getitem_repeated[2-&lt;lambda&gt;13]" time="0.00047397613525390625"><skipped message="Suite splitting in effect" type="pytest.skip">src/pymortests/vectorarray.py:210: Suite splitting in effect</skipped></testcase><testcase classname="src.pymortests.vectorarray" file="src/pymortests/vectorarray.py" line="210" name="test_getitem_repeated[2-&lt;lambda&gt;14]" time="0.0004923343658447266"><skipped message="Suite splitting in effect" type="pytest.skip">src/pymortests/vectorarray.py:210: Suite splitting in effect</skipped></testcase><testcase classname="src.pymortests.vectorarray" file="src/pymortests/vectorarray.py" line="210" name="test_getitem_repeated[2-&lt;lambda&gt;15]" time="0.0004875659942626953"><skipped message="Suite splitting in effect" type="pytest.skip">src/pymortests/vectorarray.py:210: Suite splitting in effect</skipped></testcase><testcase classname="src.pymortests.vectorarray" file="src/pymortests/vectorarray.py" line="210" name="test_getitem_repeated[2-&lt;lambda&gt;16]" time="0.0004999637603759766"><skipped message="Suite splitting in effect" type="pytest.skip">src/pymortests/vectorarray.py:210: Suite splitting in effect</skipped></testcase><testcase classname="src.pymortests.vectorarray" file="src/pymortests/vectorarray.py" line="210" name="test_getitem_repeated[2-&lt;lambda&gt;17]" time="0.0004737377166748047"><skipped message="Suite splitting in effect" type="pytest.skip">src/pymortests/vectorarray.py:210: Suite splitting in effect</skipped></testcase><testcase classname="src.pymortests.vectorarray" file="src/pymortests/vectorarray.py" line="210" name="test_getitem_repeated[2-&lt;lambda&gt;18]" time="0.0004284381866455078"><skipped message="Suite splitting in effect" type="pytest.skip">src/pymortests/vectorarray.py:210: Suite splitting in effect</skipped></testcase><testcase classname="src.pymortests.vectorarray" file="src/pymortests/vectorarray.py" line="210" name="test_getitem_repeated[2-&lt;lambda&gt;19]" time="0.0004410743713378906"><skipped message="Suite splitting in effect" type="pytest.skip">src/pymortests/vectorarray.py:210: Suite splitting in effect</skipped></testcase><testcase classname="src.pymortests.vectorarray" file="src/pymortests/vectorarray.py" line="210" name="test_getitem_repeated[2-&lt;lambda&gt;20]" time="0.0007603168487548828"><skipped message="Suite splitting in effect" type="pytest.skip">src/pymortests/vectorarray.py:210: Suite splitting in effect</skipped></testcase><testcase classname="src.pymortests.vectorarray" file="src/pymortests/vectorarray.py" line="210" name="test_getitem_repeated[2-&lt;lambda&gt;21]" time="0.0005006790161132812"><skipped message="Suite splitting in effect" type="pytest.skip">src/pymortests/vectorarray.py:210: Suite splitting in effect</skipped></testcase><testcase classname="src.pymortests.vectorarray" file="src/pymortests/vectorarray.py" line="210" name="test_getitem_repeated[2-&lt;lambda&gt;22]" time="0.0005319118499755859"><skipped message="Suite splitting in effect" type="pytest.skip">src/pymortests/vectorarray.py:210: Suite splitting in effect</skipped></testcase><testcase classname="src.pymortests.vectorarray" file="src/pymortests/vectorarray.py" line="210" name="test_getitem_repeated[2-&lt;lambda&gt;23]" time="0.0004456043243408203"><skipped message="Suite splitting in effect" type="pytest.skip">src/pymortests/vectorarray.py:210: Suite splitting in effect</skipped></testcase><testcase classname="src.pymortests.vectorarray" file="src/pymortests/vectorarray.py" line="210" name="test_getitem_repeated[2-&lt;lambda&gt;24]" time="0.0005013942718505859"><skipped message="Suite splitting in effect" type="pytest.skip">src/pymortests/vectorarray.py:210: Suite splitting in effect</skipped></testcase><testcase classname="src.pymortests.vectorarray" file="src/pymortests/vectorarray.py" line="210" name="test_getitem_repeated[2-&lt;lambda&gt;25]" time="0.00042819976806640625"><skipped message="Suite splitting in effect" type="pytest.skip">src/pymortests/vectorarray.py:210: Suite splitting in effect</skipped></testcase><testcase classname="src.pymortests.vectorarray" file="src/pymortests/vectorarray.py" line="210" name="test_getitem_repeated[2-&lt;lambda&gt;26]" time="0.0004982948303222656"><skipped message="Suite splitting in effect" type="pytest.skip">src/pymortests/vectorarray.py:210: Suite splitting in effect</skipped></testcase><testcase classname="src.pymortests.vectorarray" file="src/pymortests/vectorarray.py" line="221" name="test_copy[0-&lt;lambda&gt;0]" time="0.0005509853363037109"><skipped message="Suite splitting in effect" type="pytest.skip">src/pymortests/vectorarray.py:221: Suite splitting in effect</skipped></testcase><testcase classname="src.pymortests.vectorarray" file="src/pymortests/vectorarray.py" line="221" name="test_copy[0-&lt;lambda&gt;1]" time="0.0008270740509033203"><skipped message="Suite splitting in effect" type="pytest.skip">src/pymortests/vectorarray.py:221: Suite splitting in effect</skipped></testcase><testcase classname="src.pymortests.vectorarray" file="src/pymortests/vectorarray.py" line="221" name="test_copy[0-&lt;lambda&gt;2]" time="0.00048160552978515625"><skipped message="Suite splitting in effect" type="pytest.skip">src/pymortests/vectorarray.py:221: Suite splitting in effect</skipped></testcase><testcase classname="src.pymortests.vectorarray" file="src/pymortests/vectorarray.py" line="221" name="test_copy[0-&lt;lambda&gt;3]" time="0.0004863739013671875"><skipped message="Suite splitting in effect" type="pytest.skip">src/pymortests/vectorarray.py:221: Suite splitting in effect</skipped></testcase><testcase classname="src.pymortests.vectorarray" file="src/pymortests/vectorarray.py" line="221" name="test_copy[0-&lt;lambda&gt;4]" time="0.00045752525329589844"><skipped message="Suite splitting in effect" type="pytest.skip">src/pymortests/vectorarray.py:221: Suite splitting in effect</skipped></testcase><testcase classname="src.pymortests.vectorarray" file="src/pymortests/vectorarray.py" line="221" name="test_copy[0-&lt;lambda&gt;5]" time="0.000469207763671875"><skipped message="Suite splitting in effect" type="pytest.skip">src/pymortests/vectorarray.py:221: Suite splitting in effect</skipped></testcase><testcase classname="src.pymortests.vectorarray" file="src/pymortests/vectorarray.py" line="221" name="test_copy[0-&lt;lambda&gt;6]" time="0.000431060791015625"><skipped message="Suite splitting in effect" type="pytest.skip">src/pymortests/vectorarray.py:221: Suite splitting in effect</skipped></testcase><testcase classname="src.pymortests.vectorarray" file="src/pymortests/vectorarray.py" line="221" name="test_copy[0-&lt;lambda&gt;7]" time="0.00041484832763671875"><skipped message="Suite splitting in effect" type="pytest.skip">src/pymortests/vectorarray.py:221: Suite splitting in effect</skipped></testcase><testcase classname="src.pymortests.vectorarray" file="src/pymortests/vectorarray.py" line="221" name="test_copy[0-&lt;lambda&gt;8]" time="0.0004956722259521484"><skipped message="Suite splitting in effect" type="pytest.skip">src/pymortests/vectorarray.py:221: Suite splitting in effect</skipped></testcase><testcase classname="src.pymortests.vectorarray" file="src/pymortests/vectorarray.py" line="221" name="test_copy[0-&lt;lambda&gt;9]" time="0.0009706020355224609"><skipped message="Suite splitting in effect" type="pytest.skip">src/pymortests/vectorarray.py:221: Suite splitting in effect</skipped></testcase><testcase classname="src.pymortests.vectorarray" file="src/pymortests/vectorarray.py" line="221" name="test_copy[0-&lt;lambda&gt;10]" time="0.00042629241943359375"><skipped message="Suite splitting in effect" type="pytest.skip">src/pymortests/vectorarray.py:221: Suite splitting in effect</skipped></testcase><testcase classname="src.pymortests.vectorarray" file="src/pymortests/vectorarray.py" line="221" name="test_copy[0-&lt;lambda&gt;11]" time="0.0004189014434814453"><skipped message="Suite splitting in effect" type="pytest.skip">src/pymortests/vectorarray.py:221: Suite splitting in effect</skipped></testcase><testcase classname="src.pymortests.vectorarray" file="src/pymortests/vectorarray.py" line="221" name="test_copy[0-&lt;lambda&gt;12]" time="0.0004169940948486328"><skipped message="Suite splitting in effect" type="pytest.skip">src/pymortests/vectorarray.py:221: Suite splitting in effect</skipped></testcase><testcase classname="src.pymortests.vectorarray" file="src/pymortests/vectorarray.py" line="221" name="test_copy[0-&lt;lambda&gt;13]" time="0.0004458427429199219"><skipped message="Suite splitting in effect" type="pytest.skip">src/pymortests/vectorarray.py:221: Suite splitting in effect</skipped></testcase><testcase classname="src.pymortests.vectorarray" file="src/pymortests/vectorarray.py" line="221" name="test_copy[0-&lt;lambda&gt;14]" time="0.0005295276641845703"><skipped message="Suite splitting in effect" type="pytest.skip">src/pymortests/vectorarray.py:221: Suite splitting in effect</skipped></testcase><testcase classname="src.pymortests.vectorarray" file="src/pymortests/vectorarray.py" line="221" name="test_copy[0-&lt;lambda&gt;15]" time="0.0005128383636474609"><skipped message="Suite splitting in effect" type="pytest.skip">src/pymortests/vectorarray.py:221: Suite splitting in effect</skipped></testcase><testcase classname="src.pymortests.vectorarray" file="src/pymortests/vectorarray.py" line="221" name="test_copy[0-&lt;lambda&gt;16]" time="0.0004622936248779297"><skipped message="Suite splitting in effect" type="pytest.skip">src/pymortests/vectorarray.py:221: Suite splitting in effect</skipped></testcase><testcase classname="src.pymortests.vectorarray" file="src/pymortests/vectorarray.py" line="221" name="test_copy[0-&lt;lambda&gt;17]" time="0.0007863044738769531"><skipped message="Suite splitting in effect" type="pytest.skip">src/pymortests/vectorarray.py:221: Suite splitting in effect</skipped></testcase><testcase classname="src.pymortests.vectorarray" file="src/pymortests/vectorarray.py" line="221" name="test_copy[0-&lt;lambda&gt;18]" time="0.0005049705505371094"><skipped message="Suite splitting in effect" type="pytest.skip">src/pymortests/vectorarray.py:221: Suite splitting in effect</skipped></testcase><testcase classname="src.pymortests.vectorarray" file="src/pymortests/vectorarray.py" line="221" name="test_copy[0-&lt;lambda&gt;19]" time="0.0005307197570800781"><skipped message="Suite splitting in effect" type="pytest.skip">src/pymortests/vectorarray.py:221: Suite splitting in effect</skipped></testcase><testcase classname="src.pymortests.vectorarray" file="src/pymortests/vectorarray.py" line="221" name="test_copy[0-&lt;lambda&gt;20]" time="0.0004668235778808594"><skipped message="Suite splitting in effect" type="pytest.skip">src/pymortests/vectorarray.py:221: Suite splitting in effect</skipped></testcase><testcase classname="src.pymortests.vectorarray" file="src/pymortests/vectorarray.py" line="221" name="test_copy[0-&lt;lambda&gt;21]" time="0.0004482269287109375"><skipped message="Suite splitting in effect" type="pytest.skip">src/pymortests/vectorarray.py:221: Suite splitting in effect</skipped></testcase><testcase classname="src.pymortests.vectorarray" file="src/pymortests/vectorarray.py" line="221" name="test_copy[0-&lt;lambda&gt;22]" time="0.0004374980926513672"><skipped message="Suite splitting in effect" type="pytest.skip">src/pymortests/vectorarray.py:221: Suite splitting in effect</skipped></testcase><testcase classname="src.pymortests.vectorarray" file="src/pymortests/vectorarray.py" line="221" name="test_copy[0-&lt;lambda&gt;23]" time="0.0004763603210449219"><skipped message="Suite splitting in effect" type="pytest.skip">src/pymortests/vectorarray.py:221: Suite splitting in effect</skipped></testcase><testcase classname="src.pymortests.vectorarray" file="src/pymortests/vectorarray.py" line="221" name="test_copy[0-&lt;lambda&gt;24]" time="0.0004928112030029297"><skipped message="Suite splitting in effect" type="pytest.skip">src/pymortests/vectorarray.py:221: Suite splitting in effect</skipped></testcase><testcase classname="src.pymortests.vectorarray" file="src/pymortests/vectorarray.py" line="221" name="test_copy[0-&lt;lambda&gt;25]" time="0.0007257461547851562"><skipped message="Suite splitting in effect" type="pytest.skip">src/pymortests/vectorarray.py:221: Suite splitting in effect</skipped></testcase><testcase classname="src.pymortests.vectorarray" file="src/pymortests/vectorarray.py" line="221" name="test_copy[0-&lt;lambda&gt;26]" time="0.0005121231079101562"><skipped message="Suite splitting in effect" type="pytest.skip">src/pymortests/vectorarray.py:221: Suite splitting in effect</skipped></testcase><testcase classname="src.pymortests.vectorarray" file="src/pymortests/vectorarray.py" line="221" name="test_copy[1-&lt;lambda&gt;0]" time="0.0004887580871582031"><skipped message="Suite splitting in effect" type="pytest.skip">src/pymortests/vectorarray.py:221: Suite splitting in effect</skipped></testcase><testcase classname="src.pymortests.vectorarray" file="src/pymortests/vectorarray.py" line="221" name="test_copy[1-&lt;lambda&gt;1]" time="0.0004544258117675781"><skipped message="Suite splitting in effect" type="pytest.skip">src/pymortests/vectorarray.py:221: Suite splitting in effect</skipped></testcase><testcase classname="src.pymortests.vectorarray" file="src/pymortests/vectorarray.py" line="221" name="test_copy[1-&lt;lambda&gt;2]" time="0.00043702125549316406"><skipped message="Suite splitting in effect" type="pytest.skip">src/pymortests/vectorarray.py:221: Suite splitting in effect</skipped></testcase><testcase classname="src.pymortests.vectorarray" file="src/pymortests/vectorarray.py" line="221" name="test_copy[1-&lt;lambda&gt;3]" time="0.0004413127899169922"><skipped message="Suite splitting in effect" type="pytest.skip">src/pymortests/vectorarray.py:221: Suite splitting in effect</skipped></testcase><testcase classname="src.pymortests.vectorarray" file="src/pymortests/vectorarray.py" line="221" name="test_copy[1-&lt;lambda&gt;4]" time="0.0005116462707519531"><skipped message="Suite splitting in effect" type="pytest.skip">src/pymortests/vectorarray.py:221: Suite splitting in effect</skipped></testcase><testcase classname="src.pymortests.vectorarray" file="src/pymortests/vectorarray.py" line="221" name="test_copy[1-&lt;lambda&gt;5]" time="0.0004994869232177734"><skipped message="Suite splitting in effect" type="pytest.skip">src/pymortests/vectorarray.py:221: Suite splitting in effect</skipped></testcase><testcase classname="src.pymortests.vectorarray" file="src/pymortests/vectorarray.py" line="221" name="test_copy[1-&lt;lambda&gt;6]" time="0.000766754150390625"><skipped message="Suite splitting in effect" type="pytest.skip">src/pymortests/vectorarray.py:221: Suite splitting in effect</skipped></testcase><testcase classname="src.pymortests.vectorarray" file="src/pymortests/vectorarray.py" line="221" name="test_copy[1-&lt;lambda&gt;7]" time="0.00047707557678222656"><skipped message="Suite splitting in effect" type="pytest.skip">src/pymortests/vectorarray.py:221: Suite splitting in effect</skipped></testcase><testcase classname="src.pymortests.vectorarray" file="src/pymortests/vectorarray.py" line="221" name="test_copy[1-&lt;lambda&gt;8]" time="0.00043845176696777344"><skipped message="Suite splitting in effect" type="pytest.skip">src/pymortests/vectorarray.py:221: Suite splitting in effect</skipped></testcase><testcase classname="src.pymortests.vectorarray" file="src/pymortests/vectorarray.py" line="221" name="test_copy[1-&lt;lambda&gt;9]" time="0.0004222393035888672"><skipped message="Suite splitting in effect" type="pytest.skip">src/pymortests/vectorarray.py:221: Suite splitting in effect</skipped></testcase><testcase classname="src.pymortests.vectorarray" file="src/pymortests/vectorarray.py" line="221" name="test_copy[1-&lt;lambda&gt;10]" time="0.0005147457122802734"><skipped message="Suite splitting in effect" type="pytest.skip">src/pymortests/vectorarray.py:221: Suite splitting in effect</skipped></testcase><testcase classname="src.pymortests.vectorarray" file="src/pymortests/vectorarray.py" line="221" name="test_copy[1-&lt;lambda&gt;11]" time="0.0005354881286621094"><skipped message="Suite splitting in effect" type="pytest.skip">src/pymortests/vectorarray.py:221: Suite splitting in effect</skipped></testcase><testcase classname="src.pymortests.vectorarray" file="src/pymortests/vectorarray.py" line="221" name="test_copy[1-&lt;lambda&gt;12]" time="0.0004546642303466797"><skipped message="Suite splitting in effect" type="pytest.skip">src/pymortests/vectorarray.py:221: Suite splitting in effect</skipped></testcase><testcase classname="src.pymortests.vectorarray" file="src/pymortests/vectorarray.py" line="221" name="test_copy[1-&lt;lambda&gt;13]" time="0.00042724609375"><skipped message="Suite splitting in effect" type="pytest.skip">src/pymortests/vectorarray.py:221: Suite splitting in effect</skipped></testcase><testcase classname="src.pymortests.vectorarray" file="src/pymortests/vectorarray.py" line="221" name="test_copy[1-&lt;lambda&gt;14]" time="0.0009508132934570312"><skipped message="Suite splitting in effect" type="pytest.skip">src/pymortests/vectorarray.py:221: Suite splitting in effect</skipped></testcase><testcase classname="src.pymortests.vectorarray" file="src/pymortests/vectorarray.py" line="221" name="test_copy[1-&lt;lambda&gt;15]" time="0.00042700767517089844"><skipped message="Suite splitting in effect" type="pytest.skip">src/pymortests/vectorarray.py:221: Suite splitting in effect</skipped></testcase><testcase classname="src.pymortests.vectorarray" file="src/pymortests/vectorarray.py" line="221" name="test_copy[1-&lt;lambda&gt;16]" time="0.0005166530609130859"><skipped message="Suite splitting in effect" type="pytest.skip">src/pymortests/vectorarray.py:221: Suite splitting in effect</skipped></testcase><testcase classname="src.pymortests.vectorarray" file="src/pymortests/vectorarray.py" line="221" name="test_copy[1-&lt;lambda&gt;17]" time="0.0005142688751220703"><skipped message="Suite splitting in effect" type="pytest.skip">src/pymortests/vectorarray.py:221: Suite splitting in effect</skipped></testcase><testcase classname="src.pymortests.vectorarray" file="src/pymortests/vectorarray.py" line="221" name="test_copy[1-&lt;lambda&gt;18]" time="0.0004825592041015625"><skipped message="Suite splitting in effect" type="pytest.skip">src/pymortests/vectorarray.py:221: Suite splitting in effect</skipped></testcase><testcase classname="src.pymortests.vectorarray" file="src/pymortests/vectorarray.py" line="221" name="test_copy[1-&lt;lambda&gt;19]" time="0.0005230903625488281"><skipped message="Suite splitting in effect" type="pytest.skip">src/pymortests/vectorarray.py:221: Suite splitting in effect</skipped></testcase><testcase classname="src.pymortests.vectorarray" file="src/pymortests/vectorarray.py" line="221" name="test_copy[1-&lt;lambda&gt;20]" time="0.0005145072937011719"><skipped message="Suite splitting in effect" type="pytest.skip">src/pymortests/vectorarray.py:221: Suite splitting in effect</skipped></testcase><testcase classname="src.pymortests.vectorarray" file="src/pymortests/vectorarray.py" line="221" name="test_copy[1-&lt;lambda&gt;21]" time="0.0004620552062988281"><skipped message="Suite splitting in effect" type="pytest.skip">src/pymortests/vectorarray.py:221: Suite splitting in effect</skipped></testcase><testcase classname="src.pymortests.vectorarray" file="src/pymortests/vectorarray.py" line="221" name="test_copy[1-&lt;lambda&gt;22]" time="0.0007777214050292969"><skipped message="Suite splitting in effect" type="pytest.skip">src/pymortests/vectorarray.py:221: Suite splitting in effect</skipped></testcase><testcase classname="src.pymortests.vectorarray" file="src/pymortests/vectorarray.py" line="221" name="test_copy[1-&lt;lambda&gt;23]" time="0.0005097389221191406"><skipped message="Suite splitting in effect" type="pytest.skip">src/pymortests/vectorarray.py:221: Suite splitting in effect</skipped></testcase><testcase classname="src.pymortests.vectorarray" file="src/pymortests/vectorarray.py" line="221" name="test_copy[1-&lt;lambda&gt;24]" time="0.00044536590576171875"><skipped message="Suite splitting in effect" type="pytest.skip">src/pymortests/vectorarray.py:221: Suite splitting in effect</skipped></testcase><testcase classname="src.pymortests.vectorarray" file="src/pymortests/vectorarray.py" line="221" name="test_copy[1-&lt;lambda&gt;25]" time="0.0004818439483642578"><skipped message="Suite splitting in effect" type="pytest.skip">src/pymortests/vectorarray.py:221: Suite splitting in effect</skipped></testcase><testcase classname="src.pymortests.vectorarray" file="src/pymortests/vectorarray.py" line="221" name="test_copy[1-&lt;lambda&gt;26]" time="0.0005168914794921875"><skipped message="Suite splitting in effect" type="pytest.skip">src/pymortests/vectorarray.py:221: Suite splitting in effect</skipped></testcase><testcase classname="src.pymortests.vectorarray" file="src/pymortests/vectorarray.py" line="221" name="test_copy[2-&lt;lambda&gt;0]" time="0.0004799365997314453"><skipped message="Suite splitting in effect" type="pytest.skip">src/pymortests/vectorarray.py:221: Suite splitting in effect</skipped></testcase><testcase classname="src.pymortests.vectorarray" file="src/pymortests/vectorarray.py" line="221" name="test_copy[2-&lt;lambda&gt;1]" time="0.0004978179931640625"><skipped message="Suite splitting in effect" type="pytest.skip">src/pymortests/vectorarray.py:221: Suite splitting in effect</skipped></testcase><testcase classname="src.pymortests.vectorarray" file="src/pymortests/vectorarray.py" line="221" name="test_copy[2-&lt;lambda&gt;2]" time="0.00044155120849609375"><skipped message="Suite splitting in effect" type="pytest.skip">src/pymortests/vectorarray.py:221: Suite splitting in effect</skipped></testcase><testcase classname="src.pymortests.vectorarray" file="src/pymortests/vectorarray.py" line="221" name="test_copy[2-&lt;lambda&gt;3]" time="0.0007460117340087891"><skipped message="Suite splitting in effect" type="pytest.skip">src/pymortests/vectorarray.py:221: Suite splitting in effect</skipped></testcase><testcase classname="src.pymortests.vectorarray" file="src/pymortests/vectorarray.py" line="221" name="test_copy[2-&lt;lambda&gt;4]" time="0.00047707557678222656"><skipped message="Suite splitting in effect" type="pytest.skip">src/pymortests/vectorarray.py:221: Suite splitting in effect</skipped></testcase><testcase classname="src.pymortests.vectorarray" file="src/pymortests/vectorarray.py" line="221" name="test_copy[2-&lt;lambda&gt;5]" time="0.00043845176696777344"><skipped message="Suite splitting in effect" type="pytest.skip">src/pymortests/vectorarray.py:221: Suite splitting in effect</skipped></testcase><testcase classname="src.pymortests.vectorarray" file="src/pymortests/vectorarray.py" line="221" name="test_copy[2-&lt;lambda&gt;6]" time="0.00045990943908691406"><skipped message="Suite splitting in effect" type="pytest.skip">src/pymortests/vectorarray.py:221: Suite splitting in effect</skipped></testcase><testcase classname="src.pymortests.vectorarray" file="src/pymortests/vectorarray.py" line="221" name="test_copy[2-&lt;lambda&gt;7]" time="0.0004961490631103516"><skipped message="Suite splitting in effect" type="pytest.skip">src/pymortests/vectorarray.py:221: Suite splitting in effect</skipped></testcase><testcase classname="src.pymortests.vectorarray" file="src/pymortests/vectorarray.py" line="221" name="test_copy[2-&lt;lambda&gt;8]" time="0.00051116943359375"><skipped message="Suite splitting in effect" type="pytest.skip">src/pymortests/vectorarray.py:221: Suite splitting in effect</skipped></testcase><testcase classname="src.pymortests.vectorarray" file="src/pymortests/vectorarray.py" line="221" name="test_copy[2-&lt;lambda&gt;9]" time="0.0004341602325439453"><skipped message="Suite splitting in effect" type="pytest.skip">src/pymortests/vectorarray.py:221: Suite splitting in effect</skipped></testcase><testcase classname="src.pymortests.vectorarray" file="src/pymortests/vectorarray.py" line="221" name="test_copy[2-&lt;lambda&gt;10]" time="0.0004324913024902344"><skipped message="Suite splitting in effect" type="pytest.skip">src/pymortests/vectorarray.py:221: Suite splitting in effect</skipped></testcase><testcase classname="src.pymortests.vectorarray" file="src/pymortests/vectorarray.py" line="221" name="test_copy[2-&lt;lambda&gt;11]" time="0.0008680820465087891"><skipped message="Suite splitting in effect" type="pytest.skip">src/pymortests/vectorarray.py:221: Suite splitting in effect</skipped></testcase><testcase classname="src.pymortests.vectorarray" file="src/pymortests/vectorarray.py" line="221" name="test_copy[2-&lt;lambda&gt;12]" time="0.000423431396484375"><skipped message="Suite splitting in effect" type="pytest.skip">src/pymortests/vectorarray.py:221: Suite splitting in effect</skipped></testcase><testcase classname="src.pymortests.vectorarray" file="src/pymortests/vectorarray.py" line="221" name="test_copy[2-&lt;lambda&gt;13]" time="0.0005006790161132812"><skipped message="Suite splitting in effect" type="pytest.skip">src/pymortests/vectorarray.py:221: Suite splitting in effect</skipped></testcase><testcase classname="src.pymortests.vectorarray" file="src/pymortests/vectorarray.py" line="221" name="test_copy[2-&lt;lambda&gt;14]" time="0.00042438507080078125"><skipped message="Suite splitting in effect" type="pytest.skip">src/pymortests/vectorarray.py:221: Suite splitting in effect</skipped></testcase><testcase classname="src.pymortests.vectorarray" file="src/pymortests/vectorarray.py" line="221" name="test_copy[2-&lt;lambda&gt;15]" time="0.0004665851593017578"><skipped message="Suite splitting in effect" type="pytest.skip">src/pymortests/vectorarray.py:221: Suite splitting in effect</skipped></testcase><testcase classname="src.pymortests.vectorarray" file="src/pymortests/vectorarray.py" line="221" name="test_copy[2-&lt;lambda&gt;16]" time="0.0005002021789550781"><skipped message="Suite splitting in effect" type="pytest.skip">src/pymortests/vectorarray.py:221: Suite splitting in effect</skipped></testcase><testcase classname="src.pymortests.vectorarray" file="src/pymortests/vectorarray.py" line="221" name="test_copy[2-&lt;lambda&gt;17]" time="0.0004749298095703125"><skipped message="Suite splitting in effect" type="pytest.skip">src/pymortests/vectorarray.py:221: Suite splitting in effect</skipped></testcase><testcase classname="src.pymortests.vectorarray" file="src/pymortests/vectorarray.py" line="221" name="test_copy[2-&lt;lambda&gt;18]" time="0.0005002021789550781"><skipped message="Suite splitting in effect" type="pytest.skip">src/pymortests/vectorarray.py:221: Suite splitting in effect</skipped></testcase><testcase classname="src.pymortests.vectorarray" file="src/pymortests/vectorarray.py" line="221" name="test_copy[2-&lt;lambda&gt;19]" time="0.0010128021240234375"><skipped message="Suite splitting in effect" type="pytest.skip">src/pymortests/vectorarray.py:221: Suite splitting in effect</skipped></testcase><testcase classname="src.pymortests.vectorarray" file="src/pymortests/vectorarray.py" line="221" name="test_copy[2-&lt;lambda&gt;20]" time="0.0004210472106933594"><skipped message="Suite splitting in effect" type="pytest.skip">src/pymortests/vectorarray.py:221: Suite splitting in effect</skipped></testcase><testcase classname="src.pymortests.vectorarray" file="src/pymortests/vectorarray.py" line="221" name="test_copy[2-&lt;lambda&gt;21]" time="0.0005102157592773438"><skipped message="Suite splitting in effect" type="pytest.skip">src/pymortests/vectorarray.py:221: Suite splitting in effect</skipped></testcase><testcase classname="src.pymortests.vectorarray" file="src/pymortests/vectorarray.py" line="221" name="test_copy[2-&lt;lambda&gt;22]" time="0.0005078315734863281"><skipped message="Suite splitting in effect" type="pytest.skip">src/pymortests/vectorarray.py:221: Suite splitting in effect</skipped></testcase><testcase classname="src.pymortests.vectorarray" file="src/pymortests/vectorarray.py" line="221" name="test_copy[2-&lt;lambda&gt;23]" time="0.0005650520324707031"><skipped message="Suite splitting in effect" type="pytest.skip">src/pymortests/vectorarray.py:221: Suite splitting in effect</skipped></testcase><testcase classname="src.pymortests.vectorarray" file="src/pymortests/vectorarray.py" line="221" name="test_copy[2-&lt;lambda&gt;24]" time="0.0004992485046386719"><skipped message="Suite splitting in effect" type="pytest.skip">src/pymortests/vectorarray.py:221: Suite splitting in effect</skipped></testcase><testcase classname="src.pymortests.vectorarray" file="src/pymortests/vectorarray.py" line="221" name="test_copy[2-&lt;lambda&gt;25]" time="0.0004284381866455078"><skipped message="Suite splitting in effect" type="pytest.skip">src/pymortests/vectorarray.py:221: Suite splitting in effect</skipped></testcase><testcase classname="src.pymortests.vectorarray" file="src/pymortests/vectorarray.py" line="221" name="test_copy[2-&lt;lambda&gt;26]" time="0.0004611015319824219"><skipped message="Suite splitting in effect" type="pytest.skip">src/pymortests/vectorarray.py:221: Suite splitting in effect</skipped></testcase><testcase classname="src.pymortests.vectorarray" file="src/pymortests/vectorarray.py" line="242" name="test_copy_repeated_index[0-&lt;lambda&gt;0]" time="0.0008099079132080078"><skipped message="Suite splitting in effect" type="pytest.skip">src/pymortests/vectorarray.py:242: Suite splitting in effect</skipped></testcase><testcase classname="src.pymortests.vectorarray" file="src/pymortests/vectorarray.py" line="242" name="test_copy_repeated_index[0-&lt;lambda&gt;1]" time="0.0004940032958984375"><skipped message="Suite splitting in effect" type="pytest.skip">src/pymortests/vectorarray.py:242: Suite splitting in effect</skipped></testcase><testcase classname="src.pymortests.vectorarray" file="src/pymortests/vectorarray.py" line="242" name="test_copy_repeated_index[0-&lt;lambda&gt;2]" time="0.0004391670227050781"><skipped message="Suite splitting in effect" type="pytest.skip">src/pymortests/vectorarray.py:242: Suite splitting in effect</skipped></testcase><testcase classname="src.pymortests.vectorarray" file="src/pymortests/vectorarray.py" line="242" name="test_copy_repeated_index[0-&lt;lambda&gt;3]" time="0.0004963874816894531"><skipped message="Suite splitting in effect" type="pytest.skip">src/pymortests/vectorarray.py:242: Suite splitting in effect</skipped></testcase><testcase classname="src.pymortests.vectorarray" file="src/pymortests/vectorarray.py" line="242" name="test_copy_repeated_index[0-&lt;lambda&gt;4]" time="0.0004897117614746094"><skipped message="Suite splitting in effect" type="pytest.skip">src/pymortests/vectorarray.py:242: Suite splitting in effect</skipped></testcase><testcase classname="src.pymortests.vectorarray" file="src/pymortests/vectorarray.py" line="242" name="test_copy_repeated_index[0-&lt;lambda&gt;5]" time="0.0004639625549316406"><skipped message="Suite splitting in effect" type="pytest.skip">src/pymortests/vectorarray.py:242: Suite splitting in effect</skipped></testcase><testcase classname="src.pymortests.vectorarray" file="src/pymortests/vectorarray.py" line="242" name="test_copy_repeated_index[0-&lt;lambda&gt;6]" time="0.0004324913024902344"><skipped message="Suite splitting in effect" type="pytest.skip">src/pymortests/vectorarray.py:242: Suite splitting in effect</skipped></testcase><testcase classname="src.pymortests.vectorarray" file="src/pymortests/vectorarray.py" line="242" name="test_copy_repeated_index[0-&lt;lambda&gt;7]" time="0.0004265308380126953"><skipped message="Suite splitting in effect" type="pytest.skip">src/pymortests/vectorarray.py:242: Suite splitting in effect</skipped></testcase><testcase classname="src.pymortests.vectorarray" file="src/pymortests/vectorarray.py" line="242" name="test_copy_repeated_index[0-&lt;lambda&gt;8]" time="0.0007677078247070312"><skipped message="Suite splitting in effect" type="pytest.skip">src/pymortests/vectorarray.py:242: Suite splitting in effect</skipped></testcase><testcase classname="src.pymortests.vectorarray" file="src/pymortests/vectorarray.py" line="242" name="test_copy_repeated_index[0-&lt;lambda&gt;9]" time="0.0004932880401611328"><skipped message="Suite splitting in effect" type="pytest.skip">src/pymortests/vectorarray.py:242: Suite splitting in effect</skipped></testcase><testcase classname="src.pymortests.vectorarray" file="src/pymortests/vectorarray.py" line="242" name="test_copy_repeated_index[0-&lt;lambda&gt;10]" time="0.0004410743713378906"><skipped message="Suite splitting in effect" type="pytest.skip">src/pymortests/vectorarray.py:242: Suite splitting in effect</skipped></testcase><testcase classname="src.pymortests.vectorarray" file="src/pymortests/vectorarray.py" line="242" name="test_copy_repeated_index[0-&lt;lambda&gt;11]" time="0.0004756450653076172"><skipped message="Suite splitting in effect" type="pytest.skip">src/pymortests/vectorarray.py:242: Suite splitting in effect</skipped></testcase><testcase classname="src.pymortests.vectorarray" file="src/pymortests/vectorarray.py" line="242" name="test_copy_repeated_index[0-&lt;lambda&gt;12]" time="0.0004761219024658203"><skipped message="Suite splitting in effect" type="pytest.skip">src/pymortests/vectorarray.py:242: Suite splitting in effect</skipped></testcase><testcase classname="src.pymortests.vectorarray" file="src/pymortests/vectorarray.py" line="242" name="test_copy_repeated_index[0-&lt;lambda&gt;13]" time="0.00042057037353515625"><skipped message="Suite splitting in effect" type="pytest.skip">src/pymortests/vectorarray.py:242: Suite splitting in effect</skipped></testcase><testcase classname="src.pymortests.vectorarray" file="src/pymortests/vectorarray.py" line="242" name="test_copy_repeated_index[0-&lt;lambda&gt;14]" time="0.0004973411560058594"><skipped message="Suite splitting in effect" type="pytest.skip">src/pymortests/vectorarray.py:242: Suite splitting in effect</skipped></testcase><testcase classname="src.pymortests.vectorarray" file="src/pymortests/vectorarray.py" line="242" name="test_copy_repeated_index[0-&lt;lambda&gt;15]" time="0.00043320655822753906"><skipped message="Suite splitting in effect" type="pytest.skip">src/pymortests/vectorarray.py:242: Suite splitting in effect</skipped></testcase><testcase classname="src.pymortests.vectorarray" file="src/pymortests/vectorarray.py" line="242" name="test_copy_repeated_index[0-&lt;lambda&gt;16]" time="0.0007622241973876953"><skipped message="Suite splitting in effect" type="pytest.skip">src/pymortests/vectorarray.py:242: Suite splitting in effect</skipped></testcase><testcase classname="src.pymortests.vectorarray" file="src/pymortests/vectorarray.py" line="242" name="test_copy_repeated_index[0-&lt;lambda&gt;17]" time="0.0005064010620117188"><skipped message="Suite splitting in effect" type="pytest.skip">src/pymortests/vectorarray.py:242: Suite splitting in effect</skipped></testcase><testcase classname="src.pymortests.vectorarray" file="src/pymortests/vectorarray.py" line="242" name="test_copy_repeated_index[0-&lt;lambda&gt;18]" time="0.0004596710205078125"><skipped message="Suite splitting in effect" type="pytest.skip">src/pymortests/vectorarray.py:242: Suite splitting in effect</skipped></testcase><testcase classname="src.pymortests.vectorarray" file="src/pymortests/vectorarray.py" line="242" name="test_copy_repeated_index[0-&lt;lambda&gt;19]" time="0.0004596710205078125"><skipped message="Suite splitting in effect" type="pytest.skip">src/pymortests/vectorarray.py:242: Suite splitting in effect</skipped></testcase><testcase classname="src.pymortests.vectorarray" file="src/pymortests/vectorarray.py" line="242" name="test_copy_repeated_index[0-&lt;lambda&gt;20]" time="0.0004851818084716797"><skipped message="Suite splitting in effect" type="pytest.skip">src/pymortests/vectorarray.py:242: Suite splitting in effect</skipped></testcase><testcase classname="src.pymortests.vectorarray" file="src/pymortests/vectorarray.py" line="242" name="test_copy_repeated_index[0-&lt;lambda&gt;21]" time="0.0004215240478515625"><skipped message="Suite splitting in effect" type="pytest.skip">src/pymortests/vectorarray.py:242: Suite splitting in effect</skipped></testcase><testcase classname="src.pymortests.vectorarray" file="src/pymortests/vectorarray.py" line="242" name="test_copy_repeated_index[0-&lt;lambda&gt;22]" time="0.00048542022705078125"><skipped message="Suite splitting in effect" type="pytest.skip">src/pymortests/vectorarray.py:242: Suite splitting in effect</skipped></testcase><testcase classname="src.pymortests.vectorarray" file="src/pymortests/vectorarray.py" line="242" name="test_copy_repeated_index[0-&lt;lambda&gt;23]" time="0.0004425048828125"><skipped message="Suite splitting in effect" type="pytest.skip">src/pymortests/vectorarray.py:242: Suite splitting in effect</skipped></testcase><testcase classname="src.pymortests.vectorarray" file="src/pymortests/vectorarray.py" line="242" name="test_copy_repeated_index[0-&lt;lambda&gt;24]" time="0.0008194446563720703"><skipped message="Suite splitting in effect" type="pytest.skip">src/pymortests/vectorarray.py:242: Suite splitting in effect</skipped></testcase><testcase classname="src.pymortests.vectorarray" file="src/pymortests/vectorarray.py" line="242" name="test_copy_repeated_index[0-&lt;lambda&gt;25]" time="0.0004673004150390625"><skipped message="Suite splitting in effect" type="pytest.skip">src/pymortests/vectorarray.py:242: Suite splitting in effect</skipped></testcase><testcase classname="src.pymortests.vectorarray" file="src/pymortests/vectorarray.py" line="242" name="test_copy_repeated_index[0-&lt;lambda&gt;26]" time="0.00043272972106933594"><skipped message="Suite splitting in effect" type="pytest.skip">src/pymortests/vectorarray.py:242: Suite splitting in effect</skipped></testcase><testcase classname="src.pymortests.vectorarray" file="src/pymortests/vectorarray.py" line="242" name="test_copy_repeated_index[1-&lt;lambda&gt;0]" time="0.0004253387451171875"><skipped message="Suite splitting in effect" type="pytest.skip">src/pymortests/vectorarray.py:242: Suite splitting in effect</skipped></testcase><testcase classname="src.pymortests.vectorarray" file="src/pymortests/vectorarray.py" line="242" name="test_copy_repeated_index[1-&lt;lambda&gt;1]" time="0.0005230903625488281"><skipped message="Suite splitting in effect" type="pytest.skip">src/pymortests/vectorarray.py:242: Suite splitting in effect</skipped></testcase><testcase classname="src.pymortests.vectorarray" file="src/pymortests/vectorarray.py" line="242" name="test_copy_repeated_index[1-&lt;lambda&gt;2]" time="0.0005385875701904297"><skipped message="Suite splitting in effect" type="pytest.skip">src/pymortests/vectorarray.py:242: Suite splitting in effect</skipped></testcase><testcase classname="src.pymortests.vectorarray" file="src/pymortests/vectorarray.py" line="242" name="test_copy_repeated_index[1-&lt;lambda&gt;3]" time="0.0004401206970214844"><skipped message="Suite splitting in effect" type="pytest.skip">src/pymortests/vectorarray.py:242: Suite splitting in effect</skipped></testcase><testcase classname="src.pymortests.vectorarray" file="src/pymortests/vectorarray.py" line="242" name="test_copy_repeated_index[1-&lt;lambda&gt;4]" time="0.0005195140838623047"><skipped message="Suite splitting in effect" type="pytest.skip">src/pymortests/vectorarray.py:242: Suite splitting in effect</skipped></testcase><testcase classname="src.pymortests.vectorarray" file="src/pymortests/vectorarray.py" line="242" name="test_copy_repeated_index[1-&lt;lambda&gt;5]" time="0.0009868144989013672"><skipped message="Suite splitting in effect" type="pytest.skip">src/pymortests/vectorarray.py:242: Suite splitting in effect</skipped></testcase><testcase classname="src.pymortests.vectorarray" file="src/pymortests/vectorarray.py" line="242" name="test_copy_repeated_index[1-&lt;lambda&gt;6]" time="0.0005548000335693359"><skipped message="Suite splitting in effect" type="pytest.skip">src/pymortests/vectorarray.py:242: Suite splitting in effect</skipped></testcase><testcase classname="src.pymortests.vectorarray" file="src/pymortests/vectorarray.py" line="242" name="test_copy_repeated_index[1-&lt;lambda&gt;7]" time="0.0004627704620361328"><skipped message="Suite splitting in effect" type="pytest.skip">src/pymortests/vectorarray.py:242: Suite splitting in effect</skipped></testcase><testcase classname="src.pymortests.vectorarray" file="src/pymortests/vectorarray.py" line="242" name="test_copy_repeated_index[1-&lt;lambda&gt;8]" time="0.0004754066467285156"><skipped message="Suite splitting in effect" type="pytest.skip">src/pymortests/vectorarray.py:242: Suite splitting in effect</skipped></testcase><testcase classname="src.pymortests.vectorarray" file="src/pymortests/vectorarray.py" line="242" name="test_copy_repeated_index[1-&lt;lambda&gt;9]" time="0.0004642009735107422"><skipped message="Suite splitting in effect" type="pytest.skip">src/pymortests/vectorarray.py:242: Suite splitting in effect</skipped></testcase><testcase classname="src.pymortests.vectorarray" file="src/pymortests/vectorarray.py" line="242" name="test_copy_repeated_index[1-&lt;lambda&gt;10]" time="0.00044727325439453125"><skipped message="Suite splitting in effect" type="pytest.skip">src/pymortests/vectorarray.py:242: Suite splitting in effect</skipped></testcase><testcase classname="src.pymortests.vectorarray" file="src/pymortests/vectorarray.py" line="242" name="test_copy_repeated_index[1-&lt;lambda&gt;11]" time="0.0004911422729492188"><skipped message="Suite splitting in effect" type="pytest.skip">src/pymortests/vectorarray.py:242: Suite splitting in effect</skipped></testcase><testcase classname="src.pymortests.vectorarray" file="src/pymortests/vectorarray.py" line="242" name="test_copy_repeated_index[1-&lt;lambda&gt;12]" time="0.000652313232421875"><skipped message="Suite splitting in effect" type="pytest.skip">src/pymortests/vectorarray.py:242: Suite splitting in effect</skipped></testcase><testcase classname="src.pymortests.vectorarray" file="src/pymortests/vectorarray.py" line="242" name="test_copy_repeated_index[1-&lt;lambda&gt;13]" time="0.0009467601776123047"><skipped message="Suite splitting in effect" type="pytest.skip">src/pymortests/vectorarray.py:242: Suite splitting in effect</skipped></testcase><testcase classname="src.pymortests.vectorarray" file="src/pymortests/vectorarray.py" line="242" name="test_copy_repeated_index[1-&lt;lambda&gt;14]" time="0.0004754066467285156"><skipped message="Suite splitting in effect" type="pytest.skip">src/pymortests/vectorarray.py:242: Suite splitting in effect</skipped></testcase><testcase classname="src.pymortests.vectorarray" file="src/pymortests/vectorarray.py" line="242" name="test_copy_repeated_index[1-&lt;lambda&gt;15]" time="0.00046944618225097656"><skipped message="Suite splitting in effect" type="pytest.skip">src/pymortests/vectorarray.py:242: Suite splitting in effect</skipped></testcase><testcase classname="src.pymortests.vectorarray" file="src/pymortests/vectorarray.py" line="242" name="test_copy_repeated_index[1-&lt;lambda&gt;16]" time="0.0004482269287109375"><skipped message="Suite splitting in effect" type="pytest.skip">src/pymortests/vectorarray.py:242: Suite splitting in effect</skipped></testcase><testcase classname="src.pymortests.vectorarray" file="src/pymortests/vectorarray.py" line="242" name="test_copy_repeated_index[1-&lt;lambda&gt;17]" time="0.0004668235778808594"><skipped message="Suite splitting in effect" type="pytest.skip">src/pymortests/vectorarray.py:242: Suite splitting in effect</skipped></testcase><testcase classname="src.pymortests.vectorarray" file="src/pymortests/vectorarray.py" line="242" name="test_copy_repeated_index[1-&lt;lambda&gt;18]" time="0.0005319118499755859"><skipped message="Suite splitting in effect" type="pytest.skip">src/pymortests/vectorarray.py:242: Suite splitting in effect</skipped></testcase><testcase classname="src.pymortests.vectorarray" file="src/pymortests/vectorarray.py" line="242" name="test_copy_repeated_index[1-&lt;lambda&gt;19]" time="0.0005390644073486328"><skipped message="Suite splitting in effect" type="pytest.skip">src/pymortests/vectorarray.py:242: Suite splitting in effect</skipped></testcase><testcase classname="src.pymortests.vectorarray" file="src/pymortests/vectorarray.py" line="242" name="test_copy_repeated_index[1-&lt;lambda&gt;20]" time="0.0004782676696777344"><skipped message="Suite splitting in effect" type="pytest.skip">src/pymortests/vectorarray.py:242: Suite splitting in effect</skipped></testcase><testcase classname="src.pymortests.vectorarray" file="src/pymortests/vectorarray.py" line="242" name="test_copy_repeated_index[1-&lt;lambda&gt;21]" time="0.0008571147918701172"><skipped message="Suite splitting in effect" type="pytest.skip">src/pymortests/vectorarray.py:242: Suite splitting in effect</skipped></testcase><testcase classname="src.pymortests.vectorarray" file="src/pymortests/vectorarray.py" line="242" name="test_copy_repeated_index[1-&lt;lambda&gt;22]" time="0.0004723072052001953"><skipped message="Suite splitting in effect" type="pytest.skip">src/pymortests/vectorarray.py:242: Suite splitting in effect</skipped></testcase><testcase classname="src.pymortests.vectorarray" file="src/pymortests/vectorarray.py" line="242" name="test_copy_repeated_index[1-&lt;lambda&gt;23]" time="0.00054931640625"><skipped message="Suite splitting in effect" type="pytest.skip">src/pymortests/vectorarray.py:242: Suite splitting in effect</skipped></testcase><testcase classname="src.pymortests.vectorarray" file="src/pymortests/vectorarray.py" line="242" name="test_copy_repeated_index[1-&lt;lambda&gt;24]" time="0.0005276203155517578"><skipped message="Suite splitting in effect" type="pytest.skip">src/pymortests/vectorarray.py:242: Suite splitting in effect</skipped></testcase><testcase classname="src.pymortests.vectorarray" file="src/pymortests/vectorarray.py" line="242" name="test_copy_repeated_index[1-&lt;lambda&gt;25]" time="0.00044345855712890625"><skipped message="Suite splitting in effect" type="pytest.skip">src/pymortests/vectorarray.py:242: Suite splitting in effect</skipped></testcase><testcase classname="src.pymortests.vectorarray" file="src/pymortests/vectorarray.py" line="242" name="test_copy_repeated_index[1-&lt;lambda&gt;26]" time="0.0005190372467041016"><skipped message="Suite splitting in effect" type="pytest.skip">src/pymortests/vectorarray.py:242: Suite splitting in effect</skipped></testcase><testcase classname="src.pymortests.vectorarray" file="src/pymortests/vectorarray.py" line="242" name="test_copy_repeated_index[2-&lt;lambda&gt;0]" time="0.0005085468292236328"><skipped message="Suite splitting in effect" type="pytest.skip">src/pymortests/vectorarray.py:242: Suite splitting in effect</skipped></testcase><testcase classname="src.pymortests.vectorarray" file="src/pymortests/vectorarray.py" line="242" name="test_copy_repeated_index[2-&lt;lambda&gt;1]" time="0.0004601478576660156"><skipped message="Suite splitting in effect" type="pytest.skip">src/pymortests/vectorarray.py:242: Suite splitting in effect</skipped></testcase><testcase classname="src.pymortests.vectorarray" file="src/pymortests/vectorarray.py" line="242" name="test_copy_repeated_index[2-&lt;lambda&gt;2]" time="0.0007777214050292969"><skipped message="Suite splitting in effect" type="pytest.skip">src/pymortests/vectorarray.py:242: Suite splitting in effect</skipped></testcase><testcase classname="src.pymortests.vectorarray" file="src/pymortests/vectorarray.py" line="242" name="test_copy_repeated_index[2-&lt;lambda&gt;3]" time="0.0005164146423339844"><skipped message="Suite splitting in effect" type="pytest.skip">src/pymortests/vectorarray.py:242: Suite splitting in effect</skipped></testcase><testcase classname="src.pymortests.vectorarray" file="src/pymortests/vectorarray.py" line="242" name="test_copy_repeated_index[2-&lt;lambda&gt;4]" time="0.0005466938018798828"><skipped message="Suite splitting in effect" type="pytest.skip">src/pymortests/vectorarray.py:242: Suite splitting in effect</skipped></testcase><testcase classname="src.pymortests.vectorarray" file="src/pymortests/vectorarray.py" line="242" name="test_copy_repeated_index[2-&lt;lambda&gt;5]" time="0.00045609474182128906"><skipped message="Suite splitting in effect" type="pytest.skip">src/pymortests/vectorarray.py:242: Suite splitting in effect</skipped></testcase><testcase classname="src.pymortests.vectorarray" file="src/pymortests/vectorarray.py" line="242" name="test_copy_repeated_index[2-&lt;lambda&gt;6]" time="0.0005273818969726562"><skipped message="Suite splitting in effect" type="pytest.skip">src/pymortests/vectorarray.py:242: Suite splitting in effect</skipped></testcase><testcase classname="src.pymortests.vectorarray" file="src/pymortests/vectorarray.py" line="242" name="test_copy_repeated_index[2-&lt;lambda&gt;7]" time="0.0004699230194091797"><skipped message="Suite splitting in effect" type="pytest.skip">src/pymortests/vectorarray.py:242: Suite splitting in effect</skipped></testcase><testcase classname="src.pymortests.vectorarray" file="src/pymortests/vectorarray.py" line="242" name="test_copy_repeated_index[2-&lt;lambda&gt;8]" time="0.00046706199645996094"><skipped message="Suite splitting in effect" type="pytest.skip">src/pymortests/vectorarray.py:242: Suite splitting in effect</skipped></testcase><testcase classname="src.pymortests.vectorarray" file="src/pymortests/vectorarray.py" line="242" name="test_copy_repeated_index[2-&lt;lambda&gt;9]" time="0.0005202293395996094"><skipped message="Suite splitting in effect" type="pytest.skip">src/pymortests/vectorarray.py:242: Suite splitting in effect</skipped></testcase><testcase classname="src.pymortests.vectorarray" file="src/pymortests/vectorarray.py" line="242" name="test_copy_repeated_index[2-&lt;lambda&gt;10]" time="0.0008225440979003906"><skipped message="Suite splitting in effect" type="pytest.skip">src/pymortests/vectorarray.py:242: Suite splitting in effect</skipped></testcase><testcase classname="src.pymortests.vectorarray" file="src/pymortests/vectorarray.py" line="242" name="test_copy_repeated_index[2-&lt;lambda&gt;11]" time="0.0004711151123046875"><skipped message="Suite splitting in effect" type="pytest.skip">src/pymortests/vectorarray.py:242: Suite splitting in effect</skipped></testcase><testcase classname="src.pymortests.vectorarray" file="src/pymortests/vectorarray.py" line="242" name="test_copy_repeated_index[2-&lt;lambda&gt;12]" time="0.0004999637603759766"><skipped message="Suite splitting in effect" type="pytest.skip">src/pymortests/vectorarray.py:242: Suite splitting in effect</skipped></testcase><testcase classname="src.pymortests.vectorarray" file="src/pymortests/vectorarray.py" line="242" name="test_copy_repeated_index[2-&lt;lambda&gt;13]" time="0.0005292892456054688"><skipped message="Suite splitting in effect" type="pytest.skip">src/pymortests/vectorarray.py:242: Suite splitting in effect</skipped></testcase><testcase classname="src.pymortests.vectorarray" file="src/pymortests/vectorarray.py" line="242" name="test_copy_repeated_index[2-&lt;lambda&gt;14]" time="0.0004394054412841797"><skipped message="Suite splitting in effect" type="pytest.skip">src/pymortests/vectorarray.py:242: Suite splitting in effect</skipped></testcase><testcase classname="src.pymortests.vectorarray" file="src/pymortests/vectorarray.py" line="242" name="test_copy_repeated_index[2-&lt;lambda&gt;15]" time="0.0005006790161132812"><skipped message="Suite splitting in effect" type="pytest.skip">src/pymortests/vectorarray.py:242: Suite splitting in effect</skipped></testcase><testcase classname="src.pymortests.vectorarray" file="src/pymortests/vectorarray.py" line="242" name="test_copy_repeated_index[2-&lt;lambda&gt;16]" time="0.0004725456237792969"><skipped message="Suite splitting in effect" type="pytest.skip">src/pymortests/vectorarray.py:242: Suite splitting in effect</skipped></testcase><testcase classname="src.pymortests.vectorarray" file="src/pymortests/vectorarray.py" line="242" name="test_copy_repeated_index[2-&lt;lambda&gt;17]" time="0.0004658699035644531"><skipped message="Suite splitting in effect" type="pytest.skip">src/pymortests/vectorarray.py:242: Suite splitting in effect</skipped></testcase><testcase classname="src.pymortests.vectorarray" file="src/pymortests/vectorarray.py" line="242" name="test_copy_repeated_index[2-&lt;lambda&gt;18]" time="0.0009210109710693359"><skipped message="Suite splitting in effect" type="pytest.skip">src/pymortests/vectorarray.py:242: Suite splitting in effect</skipped></testcase><testcase classname="src.pymortests.vectorarray" file="src/pymortests/vectorarray.py" line="242" name="test_copy_repeated_index[2-&lt;lambda&gt;19]" time="0.0005230903625488281"><skipped message="Suite splitting in effect" type="pytest.skip">src/pymortests/vectorarray.py:242: Suite splitting in effect</skipped></testcase><testcase classname="src.pymortests.vectorarray" file="src/pymortests/vectorarray.py" line="242" name="test_copy_repeated_index[2-&lt;lambda&gt;20]" time="0.0005064010620117188"><skipped message="Suite splitting in effect" type="pytest.skip">src/pymortests/vectorarray.py:242: Suite splitting in effect</skipped></testcase><testcase classname="src.pymortests.vectorarray" file="src/pymortests/vectorarray.py" line="242" name="test_copy_repeated_index[2-&lt;lambda&gt;21]" time="0.0004324913024902344"><skipped message="Suite splitting in effect" type="pytest.skip">src/pymortests/vectorarray.py:242: Suite splitting in effect</skipped></testcase><testcase classname="src.pymortests.vectorarray" file="src/pymortests/vectorarray.py" line="242" name="test_copy_repeated_index[2-&lt;lambda&gt;22]" time="0.0004398822784423828"><skipped message="Suite splitting in effect" type="pytest.skip">src/pymortests/vectorarray.py:242: Suite splitting in effect</skipped></testcase><testcase classname="src.pymortests.vectorarray" file="src/pymortests/vectorarray.py" line="242" name="test_copy_repeated_index[2-&lt;lambda&gt;23]" time="0.0004591941833496094"><skipped message="Suite splitting in effect" type="pytest.skip">src/pymortests/vectorarray.py:242: Suite splitting in effect</skipped></testcase><testcase classname="src.pymortests.vectorarray" file="src/pymortests/vectorarray.py" line="242" name="test_copy_repeated_index[2-&lt;lambda&gt;24]" time="0.0004839897155761719"><skipped message="Suite splitting in effect" type="pytest.skip">src/pymortests/vectorarray.py:242: Suite splitting in effect</skipped></testcase><testcase classname="src.pymortests.vectorarray" file="src/pymortests/vectorarray.py" line="242" name="test_copy_repeated_index[2-&lt;lambda&gt;25]" time="0.0004944801330566406"><skipped message="Suite splitting in effect" type="pytest.skip">src/pymortests/vectorarray.py:242: Suite splitting in effect</skipped></testcase><testcase classname="src.pymortests.vectorarray" file="src/pymortests/vectorarray.py" line="242" name="test_copy_repeated_index[2-&lt;lambda&gt;26]" time="0.0007834434509277344"><skipped message="Suite splitting in effect" type="pytest.skip">src/pymortests/vectorarray.py:242: Suite splitting in effect</skipped></testcase><testcase classname="src.pymortests.vectorarray" file="src/pymortests/vectorarray.py" line="264" name="test_append[compatible_vector_array_pair0-&lt;lambda&gt;0]" time="0.0004718303680419922"><skipped message="Suite splitting in effect" type="pytest.skip">src/pymortests/vectorarray.py:264: Suite splitting in effect</skipped></testcase><testcase classname="src.pymortests.vectorarray" file="src/pymortests/vectorarray.py" line="264" name="test_append[compatible_vector_array_pair0-&lt;lambda&gt;1]" time="0.0005347728729248047"><skipped message="Suite splitting in effect" type="pytest.skip">src/pymortests/vectorarray.py:264: Suite splitting in effect</skipped></testcase><testcase classname="src.pymortests.vectorarray" file="src/pymortests/vectorarray.py" line="264" name="test_append[compatible_vector_array_pair0-&lt;lambda&gt;2]" time="0.0004725456237792969"><skipped message="Suite splitting in effect" type="pytest.skip">src/pymortests/vectorarray.py:264: Suite splitting in effect</skipped></testcase><testcase classname="src.pymortests.vectorarray" file="src/pymortests/vectorarray.py" line="264" name="test_append[compatible_vector_array_pair0-&lt;lambda&gt;3]" time="0.0005202293395996094"><skipped message="Suite splitting in effect" type="pytest.skip">src/pymortests/vectorarray.py:264: Suite splitting in effect</skipped></testcase><testcase classname="src.pymortests.vectorarray" file="src/pymortests/vectorarray.py" line="264" name="test_append[compatible_vector_array_pair0-&lt;lambda&gt;4]" time="0.0005350112915039062"><skipped message="Suite splitting in effect" type="pytest.skip">src/pymortests/vectorarray.py:264: Suite splitting in effect</skipped></testcase><testcase classname="src.pymortests.vectorarray" file="src/pymortests/vectorarray.py" line="264" name="test_append[compatible_vector_array_pair0-&lt;lambda&gt;5]" time="0.00045800209045410156"><skipped message="Suite splitting in effect" type="pytest.skip">src/pymortests/vectorarray.py:264: Suite splitting in effect</skipped></testcase><testcase classname="src.pymortests.vectorarray" file="src/pymortests/vectorarray.py" line="264" name="test_append[compatible_vector_array_pair0-&lt;lambda&gt;6]" time="0.0005402565002441406"><skipped message="Suite splitting in effect" type="pytest.skip">src/pymortests/vectorarray.py:264: Suite splitting in effect</skipped></testcase><testcase classname="src.pymortests.vectorarray" file="src/pymortests/vectorarray.py" line="264" name="test_append[compatible_vector_array_pair0-&lt;lambda&gt;7]" time="0.0010373592376708984"><skipped message="Suite splitting in effect" type="pytest.skip">src/pymortests/vectorarray.py:264: Suite splitting in effect</skipped></testcase><testcase classname="src.pymortests.vectorarray" file="src/pymortests/vectorarray.py" line="264" name="test_append[compatible_vector_array_pair0-&lt;lambda&gt;8]" time="0.0005211830139160156"><skipped message="Suite splitting in effect" type="pytest.skip">src/pymortests/vectorarray.py:264: Suite splitting in effect</skipped></testcase><testcase classname="src.pymortests.vectorarray" file="src/pymortests/vectorarray.py" line="264" name="test_append[compatible_vector_array_pair0-&lt;lambda&gt;9]" time="0.0005350112915039062"><skipped message="Suite splitting in effect" type="pytest.skip">src/pymortests/vectorarray.py:264: Suite splitting in effect</skipped></testcase><testcase classname="src.pymortests.vectorarray" file="src/pymortests/vectorarray.py" line="264" name="test_append[compatible_vector_array_pair0-&lt;lambda&gt;10]" time="0.00045871734619140625"><skipped message="Suite splitting in effect" type="pytest.skip">src/pymortests/vectorarray.py:264: Suite splitting in effect</skipped></testcase><testcase classname="src.pymortests.vectorarray" file="src/pymortests/vectorarray.py" line="264" name="test_append[compatible_vector_array_pair0-&lt;lambda&gt;11]" time="0.0004987716674804688"><skipped message="Suite splitting in effect" type="pytest.skip">src/pymortests/vectorarray.py:264: Suite splitting in effect</skipped></testcase><testcase classname="src.pymortests.vectorarray" file="src/pymortests/vectorarray.py" line="264" name="test_append[compatible_vector_array_pair0-&lt;lambda&gt;12]" time="0.00045990943908691406"><skipped message="Suite splitting in effect" type="pytest.skip">src/pymortests/vectorarray.py:264: Suite splitting in effect</skipped></testcase><testcase classname="src.pymortests.vectorarray" file="src/pymortests/vectorarray.py" line="264" name="test_append[compatible_vector_array_pair0-&lt;lambda&gt;13]" time="0.0004684925079345703"><skipped message="Suite splitting in effect" type="pytest.skip">src/pymortests/vectorarray.py:264: Suite splitting in effect</skipped></testcase><testcase classname="src.pymortests.vectorarray" file="src/pymortests/vectorarray.py" line="264" name="test_append[compatible_vector_array_pair0-&lt;lambda&gt;14]" time="0.0004391670227050781"><skipped message="Suite splitting in effect" type="pytest.skip">src/pymortests/vectorarray.py:264: Suite splitting in effect</skipped></testcase><testcase classname="src.pymortests.vectorarray" file="src/pymortests/vectorarray.py" line="264" name="test_append[compatible_vector_array_pair0-&lt;lambda&gt;15]" time="0.0008649826049804688"><skipped message="Suite splitting in effect" type="pytest.skip">src/pymortests/vectorarray.py:264: Suite splitting in effect</skipped></testcase><testcase classname="src.pymortests.vectorarray" file="src/pymortests/vectorarray.py" line="264" name="test_append[compatible_vector_array_pair0-&lt;lambda&gt;16]" time="0.000423431396484375"><skipped message="Suite splitting in effect" type="pytest.skip">src/pymortests/vectorarray.py:264: Suite splitting in effect</skipped></testcase><testcase classname="src.pymortests.vectorarray" file="src/pymortests/vectorarray.py" line="264" name="test_append[compatible_vector_array_pair0-&lt;lambda&gt;17]" time="0.0005166530609130859"><skipped message="Suite splitting in effect" type="pytest.skip">src/pymortests/vectorarray.py:264: Suite splitting in effect</skipped></testcase><testcase classname="src.pymortests.vectorarray" file="src/pymortests/vectorarray.py" line="264" name="test_append[compatible_vector_array_pair0-&lt;lambda&gt;18]" time="0.0005049705505371094"><skipped message="Suite splitting in effect" type="pytest.skip">src/pymortests/vectorarray.py:264: Suite splitting in effect</skipped></testcase><testcase classname="src.pymortests.vectorarray" file="src/pymortests/vectorarray.py" line="264" name="test_append[compatible_vector_array_pair0-&lt;lambda&gt;19]" time="0.00046372413635253906"><skipped message="Suite splitting in effect" type="pytest.skip">src/pymortests/vectorarray.py:264: Suite splitting in effect</skipped></testcase><testcase classname="src.pymortests.vectorarray" file="src/pymortests/vectorarray.py" line="264" name="test_append[compatible_vector_array_pair0-&lt;lambda&gt;20]" time="0.00047898292541503906"><skipped message="Suite splitting in effect" type="pytest.skip">src/pymortests/vectorarray.py:264: Suite splitting in effect</skipped></testcase><testcase classname="src.pymortests.vectorarray" file="src/pymortests/vectorarray.py" line="264" name="test_append[compatible_vector_array_pair0-&lt;lambda&gt;21]" time="0.0004906654357910156"><skipped message="Suite splitting in effect" type="pytest.skip">src/pymortests/vectorarray.py:264: Suite splitting in effect</skipped></testcase><testcase classname="src.pymortests.vectorarray" file="src/pymortests/vectorarray.py" line="264" name="test_append[compatible_vector_array_pair0-&lt;lambda&gt;22]" time="0.00048065185546875"><skipped message="Suite splitting in effect" type="pytest.skip">src/pymortests/vectorarray.py:264: Suite splitting in effect</skipped></testcase><testcase classname="src.pymortests.vectorarray" file="src/pymortests/vectorarray.py" line="264" name="test_append[compatible_vector_array_pair0-&lt;lambda&gt;23]" time="0.0008006095886230469"><skipped message="Suite splitting in effect" type="pytest.skip">src/pymortests/vectorarray.py:264: Suite splitting in effect</skipped></testcase><testcase classname="src.pymortests.vectorarray" file="src/pymortests/vectorarray.py" line="264" name="test_append[compatible_vector_array_pair0-&lt;lambda&gt;24]" time="0.0005214214324951172"><skipped message="Suite splitting in effect" type="pytest.skip">src/pymortests/vectorarray.py:264: Suite splitting in effect</skipped></testcase><testcase classname="src.pymortests.vectorarray" file="src/pymortests/vectorarray.py" line="264" name="test_append[compatible_vector_array_pair0-&lt;lambda&gt;25]" time="0.0004925727844238281"><skipped message="Suite splitting in effect" type="pytest.skip">src/pymortests/vectorarray.py:264: Suite splitting in effect</skipped></testcase><testcase classname="src.pymortests.vectorarray" file="src/pymortests/vectorarray.py" line="264" name="test_append[compatible_vector_array_pair0-&lt;lambda&gt;26]" time="0.0004410743713378906"><skipped message="Suite splitting in effect" type="pytest.skip">src/pymortests/vectorarray.py:264: Suite splitting in effect</skipped></testcase><testcase classname="src.pymortests.vectorarray" file="src/pymortests/vectorarray.py" line="264" name="test_append[compatible_vector_array_pair0-&lt;lambda&gt;27]" time="0.0004990100860595703"><skipped message="Suite splitting in effect" type="pytest.skip">src/pymortests/vectorarray.py:264: Suite splitting in effect</skipped></testcase><testcase classname="src.pymortests.vectorarray" file="src/pymortests/vectorarray.py" line="264" name="test_append[compatible_vector_array_pair0-&lt;lambda&gt;28]" time="0.0004334449768066406"><skipped message="Suite splitting in effect" type="pytest.skip">src/pymortests/vectorarray.py:264: Suite splitting in effect</skipped></testcase><testcase classname="src.pymortests.vectorarray" file="src/pymortests/vectorarray.py" line="264" name="test_append[compatible_vector_array_pair0-&lt;lambda&gt;29]" time="0.00044536590576171875"><skipped message="Suite splitting in effect" type="pytest.skip">src/pymortests/vectorarray.py:264: Suite splitting in effect</skipped></testcase><testcase classname="src.pymortests.vectorarray" file="src/pymortests/vectorarray.py" line="264" name="test_append[compatible_vector_array_pair1-&lt;lambda&gt;0]" time="0.0004849433898925781"><skipped message="Suite splitting in effect" type="pytest.skip">src/pymortests/vectorarray.py:264: Suite splitting in effect</skipped></testcase><testcase classname="src.pymortests.vectorarray" file="src/pymortests/vectorarray.py" line="264" name="test_append[compatible_vector_array_pair1-&lt;lambda&gt;1]" time="0.0007786750793457031"><skipped message="Suite splitting in effect" type="pytest.skip">src/pymortests/vectorarray.py:264: Suite splitting in effect</skipped></testcase><testcase classname="src.pymortests.vectorarray" file="src/pymortests/vectorarray.py" line="264" name="test_append[compatible_vector_array_pair1-&lt;lambda&gt;2]" time="0.00042724609375"><skipped message="Suite splitting in effect" type="pytest.skip">src/pymortests/vectorarray.py:264: Suite splitting in effect</skipped></testcase><testcase classname="src.pymortests.vectorarray" file="src/pymortests/vectorarray.py" line="264" name="test_append[compatible_vector_array_pair1-&lt;lambda&gt;3]" time="0.0004856586456298828"><skipped message="Suite splitting in effect" type="pytest.skip">src/pymortests/vectorarray.py:264: Suite splitting in effect</skipped></testcase><testcase classname="src.pymortests.vectorarray" file="src/pymortests/vectorarray.py" line="264" name="test_append[compatible_vector_array_pair1-&lt;lambda&gt;4]" time="0.0005130767822265625"><skipped message="Suite splitting in effect" type="pytest.skip">src/pymortests/vectorarray.py:264: Suite splitting in effect</skipped></testcase><testcase classname="src.pymortests.vectorarray" file="src/pymortests/vectorarray.py" line="264" name="test_append[compatible_vector_array_pair1-&lt;lambda&gt;5]" time="0.00048041343688964844"><skipped message="Suite splitting in effect" type="pytest.skip">src/pymortests/vectorarray.py:264: Suite splitting in effect</skipped></testcase><testcase classname="src.pymortests.vectorarray" file="src/pymortests/vectorarray.py" line="264" name="test_append[compatible_vector_array_pair1-&lt;lambda&gt;6]" time="0.0005064010620117188"><skipped message="Suite splitting in effect" type="pytest.skip">src/pymortests/vectorarray.py:264: Suite splitting in effect</skipped></testcase><testcase classname="src.pymortests.vectorarray" file="src/pymortests/vectorarray.py" line="264" name="test_append[compatible_vector_array_pair1-&lt;lambda&gt;7]" time="0.00047278404235839844"><skipped message="Suite splitting in effect" type="pytest.skip">src/pymortests/vectorarray.py:264: Suite splitting in effect</skipped></testcase><testcase classname="src.pymortests.vectorarray" file="src/pymortests/vectorarray.py" line="264" name="test_append[compatible_vector_array_pair1-&lt;lambda&gt;8]" time="0.0004961490631103516"><skipped message="Suite splitting in effect" type="pytest.skip">src/pymortests/vectorarray.py:264: Suite splitting in effect</skipped></testcase><testcase classname="src.pymortests.vectorarray" file="src/pymortests/vectorarray.py" line="264" name="test_append[compatible_vector_array_pair1-&lt;lambda&gt;9]" time="0.0009305477142333984"><skipped message="Suite splitting in effect" type="pytest.skip">src/pymortests/vectorarray.py:264: Suite splitting in effect</skipped></testcase><testcase classname="src.pymortests.vectorarray" file="src/pymortests/vectorarray.py" line="264" name="test_append[compatible_vector_array_pair1-&lt;lambda&gt;10]" time="0.0004951953887939453"><skipped message="Suite splitting in effect" type="pytest.skip">src/pymortests/vectorarray.py:264: Suite splitting in effect</skipped></testcase><testcase classname="src.pymortests.vectorarray" file="src/pymortests/vectorarray.py" line="264" name="test_append[compatible_vector_array_pair1-&lt;lambda&gt;11]" time="0.00045228004455566406"><skipped message="Suite splitting in effect" type="pytest.skip">src/pymortests/vectorarray.py:264: Suite splitting in effect</skipped></testcase><testcase classname="src.pymortests.vectorarray" file="src/pymortests/vectorarray.py" line="264" name="test_append[compatible_vector_array_pair1-&lt;lambda&gt;12]" time="0.00047397613525390625"><skipped message="Suite splitting in effect" type="pytest.skip">src/pymortests/vectorarray.py:264: Suite splitting in effect</skipped></testcase><testcase classname="src.pymortests.vectorarray" file="src/pymortests/vectorarray.py" line="264" name="test_append[compatible_vector_array_pair1-&lt;lambda&gt;13]" time="0.00048089027404785156"><skipped message="Suite splitting in effect" type="pytest.skip">src/pymortests/vectorarray.py:264: Suite splitting in effect</skipped></testcase><testcase classname="src.pymortests.vectorarray" file="src/pymortests/vectorarray.py" line="264" name="test_append[compatible_vector_array_pair1-&lt;lambda&gt;14]" time="0.0004963874816894531"><skipped message="Suite splitting in effect" type="pytest.skip">src/pymortests/vectorarray.py:264: Suite splitting in effect</skipped></testcase><testcase classname="src.pymortests.vectorarray" file="src/pymortests/vectorarray.py" line="264" name="test_append[compatible_vector_array_pair1-&lt;lambda&gt;15]" time="0.0005121231079101562"><skipped message="Suite splitting in effect" type="pytest.skip">src/pymortests/vectorarray.py:264: Suite splitting in effect</skipped></testcase><testcase classname="src.pymortests.vectorarray" file="src/pymortests/vectorarray.py" line="264" name="test_append[compatible_vector_array_pair1-&lt;lambda&gt;16]" time="0.00043082237243652344"><skipped message="Suite splitting in effect" type="pytest.skip">src/pymortests/vectorarray.py:264: Suite splitting in effect</skipped></testcase><testcase classname="src.pymortests.vectorarray" file="src/pymortests/vectorarray.py" line="264" name="test_append[compatible_vector_array_pair1-&lt;lambda&gt;17]" time="0.0007655620574951172"><skipped message="Suite splitting in effect" type="pytest.skip">src/pymortests/vectorarray.py:264: Suite splitting in effect</skipped></testcase><testcase classname="src.pymortests.vectorarray" file="src/pymortests/vectorarray.py" line="264" name="test_append[compatible_vector_array_pair1-&lt;lambda&gt;18]" time="0.00043463706970214844"><skipped message="Suite splitting in effect" type="pytest.skip">src/pymortests/vectorarray.py:264: Suite splitting in effect</skipped></testcase><testcase classname="src.pymortests.vectorarray" file="src/pymortests/vectorarray.py" line="264" name="test_append[compatible_vector_array_pair1-&lt;lambda&gt;19]" time="0.0004215240478515625"><skipped message="Suite splitting in effect" type="pytest.skip">src/pymortests/vectorarray.py:264: Suite splitting in effect</skipped></testcase><testcase classname="src.pymortests.vectorarray" file="src/pymortests/vectorarray.py" line="264" name="test_append[compatible_vector_array_pair1-&lt;lambda&gt;20]" time="0.00051116943359375"><skipped message="Suite splitting in effect" type="pytest.skip">src/pymortests/vectorarray.py:264: Suite splitting in effect</skipped></testcase><testcase classname="src.pymortests.vectorarray" file="src/pymortests/vectorarray.py" line="264" name="test_append[compatible_vector_array_pair1-&lt;lambda&gt;21]" time="0.0005233287811279297"><skipped message="Suite splitting in effect" type="pytest.skip">src/pymortests/vectorarray.py:264: Suite splitting in effect</skipped></testcase><testcase classname="src.pymortests.vectorarray" file="src/pymortests/vectorarray.py" line="264" name="test_append[compatible_vector_array_pair1-&lt;lambda&gt;22]" time="0.00044345855712890625"><skipped message="Suite splitting in effect" type="pytest.skip">src/pymortests/vectorarray.py:264: Suite splitting in effect</skipped></testcase><testcase classname="src.pymortests.vectorarray" file="src/pymortests/vectorarray.py" line="264" name="test_append[compatible_vector_array_pair1-&lt;lambda&gt;23]" time="0.0005156993865966797"><skipped message="Suite splitting in effect" type="pytest.skip">src/pymortests/vectorarray.py:264: Suite splitting in effect</skipped></testcase><testcase classname="src.pymortests.vectorarray" file="src/pymortests/vectorarray.py" line="264" name="test_append[compatible_vector_array_pair1-&lt;lambda&gt;24]" time="0.00044417381286621094"><skipped message="Suite splitting in effect" type="pytest.skip">src/pymortests/vectorarray.py:264: Suite splitting in effect</skipped></testcase><testcase classname="src.pymortests.vectorarray" file="src/pymortests/vectorarray.py" line="264" name="test_append[compatible_vector_array_pair1-&lt;lambda&gt;25]" time="0.0007646083831787109"><skipped message="Suite splitting in effect" type="pytest.skip">src/pymortests/vectorarray.py:264: Suite splitting in effect</skipped></testcase><testcase classname="src.pymortests.vectorarray" file="src/pymortests/vectorarray.py" line="264" name="test_append[compatible_vector_array_pair1-&lt;lambda&gt;26]" time="0.0004761219024658203"><skipped message="Suite splitting in effect" type="pytest.skip">src/pymortests/vectorarray.py:264: Suite splitting in effect</skipped></testcase><testcase classname="src.pymortests.vectorarray" file="src/pymortests/vectorarray.py" line="264" name="test_append[compatible_vector_array_pair1-&lt;lambda&gt;27]" time="0.0004832744598388672"><skipped message="Suite splitting in effect" type="pytest.skip">src/pymortests/vectorarray.py:264: Suite splitting in effect</skipped></testcase><testcase classname="src.pymortests.vectorarray" file="src/pymortests/vectorarray.py" line="264" name="test_append[compatible_vector_array_pair1-&lt;lambda&gt;28]" time="0.0004336833953857422"><skipped message="Suite splitting in effect" type="pytest.skip">src/pymortests/vectorarray.py:264: Suite splitting in effect</skipped></testcase><testcase classname="src.pymortests.vectorarray" file="src/pymortests/vectorarray.py" line="264" name="test_append[compatible_vector_array_pair1-&lt;lambda&gt;29]" time="0.0004203319549560547"><skipped message="Suite splitting in effect" type="pytest.skip">src/pymortests/vectorarray.py:264: Suite splitting in effect</skipped></testcase><testcase classname="src.pymortests.vectorarray" file="src/pymortests/vectorarray.py" line="264" name="test_append[compatible_vector_array_pair2-&lt;lambda&gt;0]" time="0.0004096031188964844"><skipped message="Suite splitting in effect" type="pytest.skip">src/pymortests/vectorarray.py:264: Suite splitting in effect</skipped></testcase><testcase classname="src.pymortests.vectorarray" file="src/pymortests/vectorarray.py" line="264" name="test_append[compatible_vector_array_pair2-&lt;lambda&gt;1]" time="0.0004820823669433594"><skipped message="Suite splitting in effect" type="pytest.skip">src/pymortests/vectorarray.py:264: Suite splitting in effect</skipped></testcase><testcase classname="src.pymortests.vectorarray" file="src/pymortests/vectorarray.py" line="264" name="test_append[compatible_vector_array_pair2-&lt;lambda&gt;2]" time="0.00043010711669921875"><skipped message="Suite splitting in effect" type="pytest.skip">src/pymortests/vectorarray.py:264: Suite splitting in effect</skipped></testcase><testcase classname="src.pymortests.vectorarray" file="src/pymortests/vectorarray.py" line="264" name="test_append[compatible_vector_array_pair2-&lt;lambda&gt;3]" time="0.0007252693176269531"><skipped message="Suite splitting in effect" type="pytest.skip">src/pymortests/vectorarray.py:264: Suite splitting in effect</skipped></testcase><testcase classname="src.pymortests.vectorarray" file="src/pymortests/vectorarray.py" line="264" name="test_append[compatible_vector_array_pair2-&lt;lambda&gt;4]" time="0.0005171298980712891"><skipped message="Suite splitting in effect" type="pytest.skip">src/pymortests/vectorarray.py:264: Suite splitting in effect</skipped></testcase><testcase classname="src.pymortests.vectorarray" file="src/pymortests/vectorarray.py" line="264" name="test_append[compatible_vector_array_pair2-&lt;lambda&gt;5]" time="0.0004372596740722656"><skipped message="Suite splitting in effect" type="pytest.skip">src/pymortests/vectorarray.py:264: Suite splitting in effect</skipped></testcase><testcase classname="src.pymortests.vectorarray" file="src/pymortests/vectorarray.py" line="264" name="test_append[compatible_vector_array_pair2-&lt;lambda&gt;6]" time="0.0005402565002441406"><skipped message="Suite splitting in effect" type="pytest.skip">src/pymortests/vectorarray.py:264: Suite splitting in effect</skipped></testcase><testcase classname="src.pymortests.vectorarray" file="src/pymortests/vectorarray.py" line="264" name="test_append[compatible_vector_array_pair2-&lt;lambda&gt;7]" time="0.00048804283142089844"><skipped message="Suite splitting in effect" type="pytest.skip">src/pymortests/vectorarray.py:264: Suite splitting in effect</skipped></testcase><testcase classname="src.pymortests.vectorarray" file="src/pymortests/vectorarray.py" line="264" name="test_append[compatible_vector_array_pair2-&lt;lambda&gt;8]" time="0.0005772113800048828"><skipped message="Suite splitting in effect" type="pytest.skip">src/pymortests/vectorarray.py:264: Suite splitting in effect</skipped></testcase><testcase classname="src.pymortests.vectorarray" file="src/pymortests/vectorarray.py" line="264" name="test_append[compatible_vector_array_pair2-&lt;lambda&gt;9]" time="0.00042629241943359375"><skipped message="Suite splitting in effect" type="pytest.skip">src/pymortests/vectorarray.py:264: Suite splitting in effect</skipped></testcase><testcase classname="src.pymortests.vectorarray" file="src/pymortests/vectorarray.py" line="264" name="test_append[compatible_vector_array_pair2-&lt;lambda&gt;10]" time="0.0005598068237304688"><skipped message="Suite splitting in effect" type="pytest.skip">src/pymortests/vectorarray.py:264: Suite splitting in effect</skipped></testcase><testcase classname="src.pymortests.vectorarray" file="src/pymortests/vectorarray.py" line="264" name="test_append[compatible_vector_array_pair2-&lt;lambda&gt;11]" time="0.0008671283721923828"><skipped message="Suite splitting in effect" type="pytest.skip">src/pymortests/vectorarray.py:264: Suite splitting in effect</skipped></testcase><testcase classname="src.pymortests.vectorarray" file="src/pymortests/vectorarray.py" line="264" name="test_append[compatible_vector_array_pair2-&lt;lambda&gt;12]" time="0.0004315376281738281"><skipped message="Suite splitting in effect" type="pytest.skip">src/pymortests/vectorarray.py:264: Suite splitting in effect</skipped></testcase><testcase classname="src.pymortests.vectorarray" file="src/pymortests/vectorarray.py" line="264" name="test_append[compatible_vector_array_pair2-&lt;lambda&gt;13]" time="0.00047135353088378906"><skipped message="Suite splitting in effect" type="pytest.skip">src/pymortests/vectorarray.py:264: Suite splitting in effect</skipped></testcase><testcase classname="src.pymortests.vectorarray" file="src/pymortests/vectorarray.py" line="264" name="test_append[compatible_vector_array_pair2-&lt;lambda&gt;14]" time="0.00048160552978515625"><skipped message="Suite splitting in effect" type="pytest.skip">src/pymortests/vectorarray.py:264: Suite splitting in effect</skipped></testcase><testcase classname="src.pymortests.vectorarray" file="src/pymortests/vectorarray.py" line="264" name="test_append[compatible_vector_array_pair2-&lt;lambda&gt;15]" time="0.00043129920959472656"><skipped message="Suite splitting in effect" type="pytest.skip">src/pymortests/vectorarray.py:264: Suite splitting in effect</skipped></testcase><testcase classname="src.pymortests.vectorarray" file="src/pymortests/vectorarray.py" line="264" name="test_append[compatible_vector_array_pair2-&lt;lambda&gt;16]" time="0.0004138946533203125"><skipped message="Suite splitting in effect" type="pytest.skip">src/pymortests/vectorarray.py:264: Suite splitting in effect</skipped></testcase><testcase classname="src.pymortests.vectorarray" file="src/pymortests/vectorarray.py" line="264" name="test_append[compatible_vector_array_pair2-&lt;lambda&gt;17]" time="0.0004119873046875"><skipped message="Suite splitting in effect" type="pytest.skip">src/pymortests/vectorarray.py:264: Suite splitting in effect</skipped></testcase><testcase classname="src.pymortests.vectorarray" file="src/pymortests/vectorarray.py" line="264" name="test_append[compatible_vector_array_pair2-&lt;lambda&gt;18]" time="0.0004711151123046875"><skipped message="Suite splitting in effect" type="pytest.skip">src/pymortests/vectorarray.py:264: Suite splitting in effect</skipped></testcase><testcase classname="src.pymortests.vectorarray" file="src/pymortests/vectorarray.py" line="264" name="test_append[compatible_vector_array_pair2-&lt;lambda&gt;19]" time="0.0008027553558349609"><skipped message="Suite splitting in effect" type="pytest.skip">src/pymortests/vectorarray.py:264: Suite splitting in effect</skipped></testcase><testcase classname="src.pymortests.vectorarray" file="src/pymortests/vectorarray.py" line="264" name="test_append[compatible_vector_array_pair2-&lt;lambda&gt;20]" time="0.0004417896270751953"><skipped message="Suite splitting in effect" type="pytest.skip">src/pymortests/vectorarray.py:264: Suite splitting in effect</skipped></testcase><testcase classname="src.pymortests.vectorarray" file="src/pymortests/vectorarray.py" line="264" name="test_append[compatible_vector_array_pair2-&lt;lambda&gt;21]" time="0.0004825592041015625"><skipped message="Suite splitting in effect" type="pytest.skip">src/pymortests/vectorarray.py:264: Suite splitting in effect</skipped></testcase><testcase classname="src.pymortests.vectorarray" file="src/pymortests/vectorarray.py" line="264" name="test_append[compatible_vector_array_pair2-&lt;lambda&gt;22]" time="0.00045871734619140625"><skipped message="Suite splitting in effect" type="pytest.skip">src/pymortests/vectorarray.py:264: Suite splitting in effect</skipped></testcase><testcase classname="src.pymortests.vectorarray" file="src/pymortests/vectorarray.py" line="264" name="test_append[compatible_vector_array_pair2-&lt;lambda&gt;23]" time="0.0004925727844238281"><skipped message="Suite splitting in effect" type="pytest.skip">src/pymortests/vectorarray.py:264: Suite splitting in effect</skipped></testcase><testcase classname="src.pymortests.vectorarray" file="src/pymortests/vectorarray.py" line="264" name="test_append[compatible_vector_array_pair2-&lt;lambda&gt;24]" time="0.0005099773406982422"><skipped message="Suite splitting in effect" type="pytest.skip">src/pymortests/vectorarray.py:264: Suite splitting in effect</skipped></testcase><testcase classname="src.pymortests.vectorarray" file="src/pymortests/vectorarray.py" line="264" name="test_append[compatible_vector_array_pair2-&lt;lambda&gt;25]" time="0.0004436969757080078"><skipped message="Suite splitting in effect" type="pytest.skip">src/pymortests/vectorarray.py:264: Suite splitting in effect</skipped></testcase><testcase classname="src.pymortests.vectorarray" file="src/pymortests/vectorarray.py" line="264" name="test_append[compatible_vector_array_pair2-&lt;lambda&gt;26]" time="0.0005114078521728516"><skipped message="Suite splitting in effect" type="pytest.skip">src/pymortests/vectorarray.py:264: Suite splitting in effect</skipped></testcase><testcase classname="src.pymortests.vectorarray" file="src/pymortests/vectorarray.py" line="264" name="test_append[compatible_vector_array_pair2-&lt;lambda&gt;27]" time="0.0008668899536132812"><skipped message="Suite splitting in effect" type="pytest.skip">src/pymortests/vectorarray.py:264: Suite splitting in effect</skipped></testcase><testcase classname="src.pymortests.vectorarray" file="src/pymortests/vectorarray.py" line="264" name="test_append[compatible_vector_array_pair2-&lt;lambda&gt;28]" time="0.0004360675811767578"><skipped message="Suite splitting in effect" type="pytest.skip">src/pymortests/vectorarray.py:264: Suite splitting in effect</skipped></testcase><testcase classname="src.pymortests.vectorarray" file="src/pymortests/vectorarray.py" line="264" name="test_append[compatible_vector_array_pair2-&lt;lambda&gt;29]" time="0.00046324729919433594"><skipped message="Suite splitting in effect" type="pytest.skip">src/pymortests/vectorarray.py:264: Suite splitting in effect</skipped></testcase><testcase classname="src.pymortests.vectorarray" file="src/pymortests/vectorarray.py" line="264" name="test_append[compatible_vector_array_pair3-&lt;lambda&gt;0]" time="0.00054168701171875"><skipped message="Suite splitting in effect" type="pytest.skip">src/pymortests/vectorarray.py:264: Suite splitting in effect</skipped></testcase><testcase classname="src.pymortests.vectorarray" file="src/pymortests/vectorarray.py" line="264" name="test_append[compatible_vector_array_pair3-&lt;lambda&gt;1]" time="0.0004239082336425781"><skipped message="Suite splitting in effect" type="pytest.skip">src/pymortests/vectorarray.py:264: Suite splitting in effect</skipped></testcase><testcase classname="src.pymortests.vectorarray" file="src/pymortests/vectorarray.py" line="264" name="test_append[compatible_vector_array_pair3-&lt;lambda&gt;2]" time="0.0005042552947998047"><skipped message="Suite splitting in effect" type="pytest.skip">src/pymortests/vectorarray.py:264: Suite splitting in effect</skipped></testcase><testcase classname="src.pymortests.vectorarray" file="src/pymortests/vectorarray.py" line="264" name="test_append[compatible_vector_array_pair3-&lt;lambda&gt;3]" time="0.0004267692565917969"><skipped message="Suite splitting in effect" type="pytest.skip">src/pymortests/vectorarray.py:264: Suite splitting in effect</skipped></testcase><testcase classname="src.pymortests.vectorarray" file="src/pymortests/vectorarray.py" line="264" name="test_append[compatible_vector_array_pair3-&lt;lambda&gt;4]" time="0.00046133995056152344"><skipped message="Suite splitting in effect" type="pytest.skip">src/pymortests/vectorarray.py:264: Suite splitting in effect</skipped></testcase><testcase classname="src.pymortests.vectorarray" file="src/pymortests/vectorarray.py" line="264" name="test_append[compatible_vector_array_pair3-&lt;lambda&gt;5]" time="0.0008962154388427734"><skipped message="Suite splitting in effect" type="pytest.skip">src/pymortests/vectorarray.py:264: Suite splitting in effect</skipped></testcase><testcase classname="src.pymortests.vectorarray" file="src/pymortests/vectorarray.py" line="264" name="test_append[compatible_vector_array_pair3-&lt;lambda&gt;6]" time="0.0004391670227050781"><skipped message="Suite splitting in effect" type="pytest.skip">src/pymortests/vectorarray.py:264: Suite splitting in effect</skipped></testcase><testcase classname="src.pymortests.vectorarray" file="src/pymortests/vectorarray.py" line="264" name="test_append[compatible_vector_array_pair3-&lt;lambda&gt;7]" time="0.0004901885986328125"><skipped message="Suite splitting in effect" type="pytest.skip">src/pymortests/vectorarray.py:264: Suite splitting in effect</skipped></testcase><testcase classname="src.pymortests.vectorarray" file="src/pymortests/vectorarray.py" line="264" name="test_append[compatible_vector_array_pair3-&lt;lambda&gt;8]" time="0.0004975795745849609"><skipped message="Suite splitting in effect" type="pytest.skip">src/pymortests/vectorarray.py:264: Suite splitting in effect</skipped></testcase><testcase classname="src.pymortests.vectorarray" file="src/pymortests/vectorarray.py" line="264" name="test_append[compatible_vector_array_pair3-&lt;lambda&gt;9]" time="0.0004222393035888672"><skipped message="Suite splitting in effect" type="pytest.skip">src/pymortests/vectorarray.py:264: Suite splitting in effect</skipped></testcase><testcase classname="src.pymortests.vectorarray" file="src/pymortests/vectorarray.py" line="264" name="test_append[compatible_vector_array_pair3-&lt;lambda&gt;10]" time="0.0005023479461669922"><skipped message="Suite splitting in effect" type="pytest.skip">src/pymortests/vectorarray.py:264: Suite splitting in effect</skipped></testcase><testcase classname="src.pymortests.vectorarray" file="src/pymortests/vectorarray.py" line="264" name="test_append[compatible_vector_array_pair3-&lt;lambda&gt;11]" time="0.0004322528839111328"><skipped message="Suite splitting in effect" type="pytest.skip">src/pymortests/vectorarray.py:264: Suite splitting in effect</skipped></testcase><testcase classname="src.pymortests.vectorarray" file="src/pymortests/vectorarray.py" line="264" name="test_append[compatible_vector_array_pair3-&lt;lambda&gt;12]" time="0.0005044937133789062"><skipped message="Suite splitting in effect" type="pytest.skip">src/pymortests/vectorarray.py:264: Suite splitting in effect</skipped></testcase><testcase classname="src.pymortests.vectorarray" file="src/pymortests/vectorarray.py" line="264" name="test_append[compatible_vector_array_pair3-&lt;lambda&gt;13]" time="0.0010035037994384766"><skipped message="Suite splitting in effect" type="pytest.skip">src/pymortests/vectorarray.py:264: Suite splitting in effect</skipped></testcase><testcase classname="src.pymortests.vectorarray" file="src/pymortests/vectorarray.py" line="264" name="test_append[compatible_vector_array_pair3-&lt;lambda&gt;14]" time="0.0004315376281738281"><skipped message="Suite splitting in effect" type="pytest.skip">src/pymortests/vectorarray.py:264: Suite splitting in effect</skipped></testcase><testcase classname="src.pymortests.vectorarray" file="src/pymortests/vectorarray.py" line="264" name="test_append[compatible_vector_array_pair3-&lt;lambda&gt;15]" time="0.00045180320739746094"><skipped message="Suite splitting in effect" type="pytest.skip">src/pymortests/vectorarray.py:264: Suite splitting in effect</skipped></testcase><testcase classname="src.pymortests.vectorarray" file="src/pymortests/vectorarray.py" line="264" name="test_append[compatible_vector_array_pair3-&lt;lambda&gt;16]" time="0.0004801750183105469"><skipped message="Suite splitting in effect" type="pytest.skip">src/pymortests/vectorarray.py:264: Suite splitting in effect</skipped></testcase><testcase classname="src.pymortests.vectorarray" file="src/pymortests/vectorarray.py" line="264" name="test_append[compatible_vector_array_pair3-&lt;lambda&gt;17]" time="0.0005340576171875"><skipped message="Suite splitting in effect" type="pytest.skip">src/pymortests/vectorarray.py:264: Suite splitting in effect</skipped></testcase><testcase classname="src.pymortests.vectorarray" file="src/pymortests/vectorarray.py" line="264" name="test_append[compatible_vector_array_pair3-&lt;lambda&gt;18]" time="0.00041961669921875"><skipped message="Suite splitting in effect" type="pytest.skip">src/pymortests/vectorarray.py:264: Suite splitting in effect</skipped></testcase><testcase classname="src.pymortests.vectorarray" file="src/pymortests/vectorarray.py" line="264" name="test_append[compatible_vector_array_pair3-&lt;lambda&gt;19]" time="0.0004248619079589844"><skipped message="Suite splitting in effect" type="pytest.skip">src/pymortests/vectorarray.py:264: Suite splitting in effect</skipped></testcase><testcase classname="src.pymortests.vectorarray" file="src/pymortests/vectorarray.py" line="264" name="test_append[compatible_vector_array_pair3-&lt;lambda&gt;20]" time="0.00043582916259765625"><skipped message="Suite splitting in effect" type="pytest.skip">src/pymortests/vectorarray.py:264: Suite splitting in effect</skipped></testcase><testcase classname="src.pymortests.vectorarray" file="src/pymortests/vectorarray.py" line="264" name="test_append[compatible_vector_array_pair3-&lt;lambda&gt;21]" time="0.0007734298706054688"><skipped message="Suite splitting in effect" type="pytest.skip">src/pymortests/vectorarray.py:264: Suite splitting in effect</skipped></testcase><testcase classname="src.pymortests.vectorarray" file="src/pymortests/vectorarray.py" line="264" name="test_append[compatible_vector_array_pair3-&lt;lambda&gt;22]" time="0.000492095947265625"><skipped message="Suite splitting in effect" type="pytest.skip">src/pymortests/vectorarray.py:264: Suite splitting in effect</skipped></testcase><testcase classname="src.pymortests.vectorarray" file="src/pymortests/vectorarray.py" line="264" name="test_append[compatible_vector_array_pair3-&lt;lambda&gt;23]" time="0.0004906654357910156"><skipped message="Suite splitting in effect" type="pytest.skip">src/pymortests/vectorarray.py:264: Suite splitting in effect</skipped></testcase><testcase classname="src.pymortests.vectorarray" file="src/pymortests/vectorarray.py" line="264" name="test_append[compatible_vector_array_pair3-&lt;lambda&gt;24]" time="0.0004477500915527344"><skipped message="Suite splitting in effect" type="pytest.skip">src/pymortests/vectorarray.py:264: Suite splitting in effect</skipped></testcase><testcase classname="src.pymortests.vectorarray" file="src/pymortests/vectorarray.py" line="264" name="test_append[compatible_vector_array_pair3-&lt;lambda&gt;25]" time="0.0004665851593017578"><skipped message="Suite splitting in effect" type="pytest.skip">src/pymortests/vectorarray.py:264: Suite splitting in effect</skipped></testcase><testcase classname="src.pymortests.vectorarray" file="src/pymortests/vectorarray.py" line="264" name="test_append[compatible_vector_array_pair3-&lt;lambda&gt;26]" time="0.0005888938903808594"><skipped message="Suite splitting in effect" type="pytest.skip">src/pymortests/vectorarray.py:264: Suite splitting in effect</skipped></testcase><testcase classname="src.pymortests.vectorarray" file="src/pymortests/vectorarray.py" line="264" name="test_append[compatible_vector_array_pair3-&lt;lambda&gt;27]" time="0.00045013427734375"><skipped message="Suite splitting in effect" type="pytest.skip">src/pymortests/vectorarray.py:264: Suite splitting in effect</skipped></testcase><testcase classname="src.pymortests.vectorarray" file="src/pymortests/vectorarray.py" line="264" name="test_append[compatible_vector_array_pair3-&lt;lambda&gt;28]" time="0.00047206878662109375"><skipped message="Suite splitting in effect" type="pytest.skip">src/pymortests/vectorarray.py:264: Suite splitting in effect</skipped></testcase><testcase classname="src.pymortests.vectorarray" file="src/pymortests/vectorarray.py" line="264" name="test_append[compatible_vector_array_pair3-&lt;lambda&gt;29]" time="0.0007951259613037109"><skipped message="Suite splitting in effect" type="pytest.skip">src/pymortests/vectorarray.py:264: Suite splitting in effect</skipped></testcase><testcase classname="src.pymortests.vectorarray" file="src/pymortests/vectorarray.py" line="264" name="test_append[compatible_vector_array_pair4-&lt;lambda&gt;0]" time="0.0005419254302978516"><skipped message="Suite splitting in effect" type="pytest.skip">src/pymortests/vectorarray.py:264: Suite splitting in effect</skipped></testcase><testcase classname="src.pymortests.vectorarray" file="src/pymortests/vectorarray.py" line="264" name="test_append[compatible_vector_array_pair4-&lt;lambda&gt;1]" time="0.0005037784576416016"><skipped message="Suite splitting in effect" type="pytest.skip">src/pymortests/vectorarray.py:264: Suite splitting in effect</skipped></testcase><testcase classname="src.pymortests.vectorarray" file="src/pymortests/vectorarray.py" line="264" name="test_append[compatible_vector_array_pair4-&lt;lambda&gt;2]" time="0.0004343986511230469"><skipped message="Suite splitting in effect" type="pytest.skip">src/pymortests/vectorarray.py:264: Suite splitting in effect</skipped></testcase><testcase classname="src.pymortests.vectorarray" file="src/pymortests/vectorarray.py" line="264" name="test_append[compatible_vector_array_pair4-&lt;lambda&gt;3]" time="0.0004534721374511719"><skipped message="Suite splitting in effect" type="pytest.skip">src/pymortests/vectorarray.py:264: Suite splitting in effect</skipped></testcase><testcase classname="src.pymortests.vectorarray" file="src/pymortests/vectorarray.py" line="264" name="test_append[compatible_vector_array_pair4-&lt;lambda&gt;4]" time="0.0004341602325439453"><skipped message="Suite splitting in effect" type="pytest.skip">src/pymortests/vectorarray.py:264: Suite splitting in effect</skipped></testcase><testcase classname="src.pymortests.vectorarray" file="src/pymortests/vectorarray.py" line="264" name="test_append[compatible_vector_array_pair4-&lt;lambda&gt;5]" time="0.0004279613494873047"><skipped message="Suite splitting in effect" type="pytest.skip">src/pymortests/vectorarray.py:264: Suite splitting in effect</skipped></testcase><testcase classname="src.pymortests.vectorarray" file="src/pymortests/vectorarray.py" line="264" name="test_append[compatible_vector_array_pair4-&lt;lambda&gt;6]" time="0.0004820823669433594"><skipped message="Suite splitting in effect" type="pytest.skip">src/pymortests/vectorarray.py:264: Suite splitting in effect</skipped></testcase><testcase classname="src.pymortests.vectorarray" file="src/pymortests/vectorarray.py" line="264" name="test_append[compatible_vector_array_pair4-&lt;lambda&gt;7]" time="0.0008702278137207031"><skipped message="Suite splitting in effect" type="pytest.skip">src/pymortests/vectorarray.py:264: Suite splitting in effect</skipped></testcase><testcase classname="src.pymortests.vectorarray" file="src/pymortests/vectorarray.py" line="264" name="test_append[compatible_vector_array_pair4-&lt;lambda&gt;8]" time="0.0005562305450439453"><skipped message="Suite splitting in effect" type="pytest.skip">src/pymortests/vectorarray.py:264: Suite splitting in effect</skipped></testcase><testcase classname="src.pymortests.vectorarray" file="src/pymortests/vectorarray.py" line="264" name="test_append[compatible_vector_array_pair4-&lt;lambda&gt;9]" time="0.0004279613494873047"><skipped message="Suite splitting in effect" type="pytest.skip">src/pymortests/vectorarray.py:264: Suite splitting in effect</skipped></testcase><testcase classname="src.pymortests.vectorarray" file="src/pymortests/vectorarray.py" line="264" name="test_append[compatible_vector_array_pair4-&lt;lambda&gt;10]" time="0.0005099773406982422"><skipped message="Suite splitting in effect" type="pytest.skip">src/pymortests/vectorarray.py:264: Suite splitting in effect</skipped></testcase><testcase classname="src.pymortests.vectorarray" file="src/pymortests/vectorarray.py" line="264" name="test_append[compatible_vector_array_pair4-&lt;lambda&gt;11]" time="0.0004515647888183594"><skipped message="Suite splitting in effect" type="pytest.skip">src/pymortests/vectorarray.py:264: Suite splitting in effect</skipped></testcase><testcase classname="src.pymortests.vectorarray" file="src/pymortests/vectorarray.py" line="264" name="test_append[compatible_vector_array_pair4-&lt;lambda&gt;12]" time="0.0004763603210449219"><skipped message="Suite splitting in effect" type="pytest.skip">src/pymortests/vectorarray.py:264: Suite splitting in effect</skipped></testcase><testcase classname="src.pymortests.vectorarray" file="src/pymortests/vectorarray.py" line="264" name="test_append[compatible_vector_array_pair4-&lt;lambda&gt;13]" time="0.0005235671997070312"><skipped message="Suite splitting in effect" type="pytest.skip">src/pymortests/vectorarray.py:264: Suite splitting in effect</skipped></testcase><testcase classname="src.pymortests.vectorarray" file="src/pymortests/vectorarray.py" line="264" name="test_append[compatible_vector_array_pair4-&lt;lambda&gt;14]" time="0.00043320655822753906"><skipped message="Suite splitting in effect" type="pytest.skip">src/pymortests/vectorarray.py:264: Suite splitting in effect</skipped></testcase><testcase classname="src.pymortests.vectorarray" file="src/pymortests/vectorarray.py" line="264" name="test_append[compatible_vector_array_pair4-&lt;lambda&gt;15]" time="0.0009469985961914062"><skipped message="Suite splitting in effect" type="pytest.skip">src/pymortests/vectorarray.py:264: Suite splitting in effect</skipped></testcase><testcase classname="src.pymortests.vectorarray" file="src/pymortests/vectorarray.py" line="264" name="test_append[compatible_vector_array_pair4-&lt;lambda&gt;16]" time="0.0005805492401123047"><skipped message="Suite splitting in effect" type="pytest.skip">src/pymortests/vectorarray.py:264: Suite splitting in effect</skipped></testcase><testcase classname="src.pymortests.vectorarray" file="src/pymortests/vectorarray.py" line="264" name="test_append[compatible_vector_array_pair4-&lt;lambda&gt;17]" time="0.0005016326904296875"><skipped message="Suite splitting in effect" type="pytest.skip">src/pymortests/vectorarray.py:264: Suite splitting in effect</skipped></testcase><testcase classname="src.pymortests.vectorarray" file="src/pymortests/vectorarray.py" line="264" name="test_append[compatible_vector_array_pair4-&lt;lambda&gt;18]" time="0.0004801750183105469"><skipped message="Suite splitting in effect" type="pytest.skip">src/pymortests/vectorarray.py:264: Suite splitting in effect</skipped></testcase><testcase classname="src.pymortests.vectorarray" file="src/pymortests/vectorarray.py" line="264" name="test_append[compatible_vector_array_pair4-&lt;lambda&gt;19]" time="0.0005588531494140625"><skipped message="Suite splitting in effect" type="pytest.skip">src/pymortests/vectorarray.py:264: Suite splitting in effect</skipped></testcase><testcase classname="src.pymortests.vectorarray" file="src/pymortests/vectorarray.py" line="264" name="test_append[compatible_vector_array_pair4-&lt;lambda&gt;20]" time="0.0004494190216064453"><skipped message="Suite splitting in effect" type="pytest.skip">src/pymortests/vectorarray.py:264: Suite splitting in effect</skipped></testcase><testcase classname="src.pymortests.vectorarray" file="src/pymortests/vectorarray.py" line="264" name="test_append[compatible_vector_array_pair4-&lt;lambda&gt;21]" time="0.00048828125"><skipped message="Suite splitting in effect" type="pytest.skip">src/pymortests/vectorarray.py:264: Suite splitting in effect</skipped></testcase><testcase classname="src.pymortests.vectorarray" file="src/pymortests/vectorarray.py" line="264" name="test_append[compatible_vector_array_pair4-&lt;lambda&gt;22]" time="0.0005357265472412109"><skipped message="Suite splitting in effect" type="pytest.skip">src/pymortests/vectorarray.py:264: Suite splitting in effect</skipped></testcase><testcase classname="src.pymortests.vectorarray" file="src/pymortests/vectorarray.py" line="264" name="test_append[compatible_vector_array_pair4-&lt;lambda&gt;23]" time="0.0010557174682617188"><skipped message="Suite splitting in effect" type="pytest.skip">src/pymortests/vectorarray.py:264: Suite splitting in effect</skipped></testcase><testcase classname="src.pymortests.vectorarray" file="src/pymortests/vectorarray.py" line="264" name="test_append[compatible_vector_array_pair4-&lt;lambda&gt;24]" time="0.0005216598510742188"><skipped message="Suite splitting in effect" type="pytest.skip">src/pymortests/vectorarray.py:264: Suite splitting in effect</skipped></testcase><testcase classname="src.pymortests.vectorarray" file="src/pymortests/vectorarray.py" line="264" name="test_append[compatible_vector_array_pair4-&lt;lambda&gt;25]" time="0.0005452632904052734"><skipped message="Suite splitting in effect" type="pytest.skip">src/pymortests/vectorarray.py:264: Suite splitting in effect</skipped></testcase><testcase classname="src.pymortests.vectorarray" file="src/pymortests/vectorarray.py" line="264" name="test_append[compatible_vector_array_pair4-&lt;lambda&gt;26]" time="0.0004744529724121094"><skipped message="Suite splitting in effect" type="pytest.skip">src/pymortests/vectorarray.py:264: Suite splitting in effect</skipped></testcase><testcase classname="src.pymortests.vectorarray" file="src/pymortests/vectorarray.py" line="264" name="test_append[compatible_vector_array_pair4-&lt;lambda&gt;27]" time="0.0004761219024658203"><skipped message="Suite splitting in effect" type="pytest.skip">src/pymortests/vectorarray.py:264: Suite splitting in effect</skipped></testcase><testcase classname="src.pymortests.vectorarray" file="src/pymortests/vectorarray.py" line="264" name="test_append[compatible_vector_array_pair4-&lt;lambda&gt;28]" time="0.0005104541778564453"><skipped message="Suite splitting in effect" type="pytest.skip">src/pymortests/vectorarray.py:264: Suite splitting in effect</skipped></testcase><testcase classname="src.pymortests.vectorarray" file="src/pymortests/vectorarray.py" line="264" name="test_append[compatible_vector_array_pair4-&lt;lambda&gt;29]" time="0.0004649162292480469"><skipped message="Suite splitting in effect" type="pytest.skip">src/pymortests/vectorarray.py:264: Suite splitting in effect</skipped></testcase><testcase classname="src.pymortests.vectorarray" file="src/pymortests/vectorarray.py" line="264" name="test_append[compatible_vector_array_pair5-&lt;lambda&gt;0]" time="0.0005040168762207031"><skipped message="Suite splitting in effect" type="pytest.skip">src/pymortests/vectorarray.py:264: Suite splitting in effect</skipped></testcase><testcase classname="src.pymortests.vectorarray" file="src/pymortests/vectorarray.py" line="264" name="test_append[compatible_vector_array_pair5-&lt;lambda&gt;1]" time="0.0008845329284667969"><skipped message="Suite splitting in effect" type="pytest.skip">src/pymortests/vectorarray.py:264: Suite splitting in effect</skipped></testcase><testcase classname="src.pymortests.vectorarray" file="src/pymortests/vectorarray.py" line="264" name="test_append[compatible_vector_array_pair5-&lt;lambda&gt;2]" time="0.00043082237243652344"><skipped message="Suite splitting in effect" type="pytest.skip">src/pymortests/vectorarray.py:264: Suite splitting in effect</skipped></testcase><testcase classname="src.pymortests.vectorarray" file="src/pymortests/vectorarray.py" line="264" name="test_append[compatible_vector_array_pair5-&lt;lambda&gt;3]" time="0.0005054473876953125"><skipped message="Suite splitting in effect" type="pytest.skip">src/pymortests/vectorarray.py:264: Suite splitting in effect</skipped></testcase><testcase classname="src.pymortests.vectorarray" file="src/pymortests/vectorarray.py" line="264" name="test_append[compatible_vector_array_pair5-&lt;lambda&gt;4]" time="0.0004937648773193359"><skipped message="Suite splitting in effect" type="pytest.skip">src/pymortests/vectorarray.py:264: Suite splitting in effect</skipped></testcase><testcase classname="src.pymortests.vectorarray" file="src/pymortests/vectorarray.py" line="264" name="test_append[compatible_vector_array_pair5-&lt;lambda&gt;5]" time="0.00046563148498535156"><skipped message="Suite splitting in effect" type="pytest.skip">src/pymortests/vectorarray.py:264: Suite splitting in effect</skipped></testcase><testcase classname="src.pymortests.vectorarray" file="src/pymortests/vectorarray.py" line="264" name="test_append[compatible_vector_array_pair5-&lt;lambda&gt;6]" time="0.0005333423614501953"><skipped message="Suite splitting in effect" type="pytest.skip">src/pymortests/vectorarray.py:264: Suite splitting in effect</skipped></testcase><testcase classname="src.pymortests.vectorarray" file="src/pymortests/vectorarray.py" line="264" name="test_append[compatible_vector_array_pair5-&lt;lambda&gt;7]" time="0.0005290508270263672"><skipped message="Suite splitting in effect" type="pytest.skip">src/pymortests/vectorarray.py:264: Suite splitting in effect</skipped></testcase><testcase classname="src.pymortests.vectorarray" file="src/pymortests/vectorarray.py" line="264" name="test_append[compatible_vector_array_pair5-&lt;lambda&gt;8]" time="0.0004456043243408203"><skipped message="Suite splitting in effect" type="pytest.skip">src/pymortests/vectorarray.py:264: Suite splitting in effect</skipped></testcase><testcase classname="src.pymortests.vectorarray" file="src/pymortests/vectorarray.py" line="264" name="test_append[compatible_vector_array_pair5-&lt;lambda&gt;9]" time="0.0008084774017333984"><skipped message="Suite splitting in effect" type="pytest.skip">src/pymortests/vectorarray.py:264: Suite splitting in effect</skipped></testcase><testcase classname="src.pymortests.vectorarray" file="src/pymortests/vectorarray.py" line="264" name="test_append[compatible_vector_array_pair5-&lt;lambda&gt;10]" time="0.0004749298095703125"><skipped message="Suite splitting in effect" type="pytest.skip">src/pymortests/vectorarray.py:264: Suite splitting in effect</skipped></testcase><testcase classname="src.pymortests.vectorarray" file="src/pymortests/vectorarray.py" line="264" name="test_append[compatible_vector_array_pair5-&lt;lambda&gt;11]" time="0.0004372596740722656"><skipped message="Suite splitting in effect" type="pytest.skip">src/pymortests/vectorarray.py:264: Suite splitting in effect</skipped></testcase><testcase classname="src.pymortests.vectorarray" file="src/pymortests/vectorarray.py" line="264" name="test_append[compatible_vector_array_pair5-&lt;lambda&gt;12]" time="0.0004429817199707031"><skipped message="Suite splitting in effect" type="pytest.skip">src/pymortests/vectorarray.py:264: Suite splitting in effect</skipped></testcase><testcase classname="src.pymortests.vectorarray" file="src/pymortests/vectorarray.py" line="264" name="test_append[compatible_vector_array_pair5-&lt;lambda&gt;13]" time="0.0004916191101074219"><skipped message="Suite splitting in effect" type="pytest.skip">src/pymortests/vectorarray.py:264: Suite splitting in effect</skipped></testcase><testcase classname="src.pymortests.vectorarray" file="src/pymortests/vectorarray.py" line="264" name="test_append[compatible_vector_array_pair5-&lt;lambda&gt;14]" time="0.0004930496215820312"><skipped message="Suite splitting in effect" type="pytest.skip">src/pymortests/vectorarray.py:264: Suite splitting in effect</skipped></testcase><testcase classname="src.pymortests.vectorarray" file="src/pymortests/vectorarray.py" line="264" name="test_append[compatible_vector_array_pair5-&lt;lambda&gt;15]" time="0.00048542022705078125"><skipped message="Suite splitting in effect" type="pytest.skip">src/pymortests/vectorarray.py:264: Suite splitting in effect</skipped></testcase><testcase classname="src.pymortests.vectorarray" file="src/pymortests/vectorarray.py" line="264" name="test_append[compatible_vector_array_pair5-&lt;lambda&gt;16]" time="0.0005002021789550781"><skipped message="Suite splitting in effect" type="pytest.skip">src/pymortests/vectorarray.py:264: Suite splitting in effect</skipped></testcase><testcase classname="src.pymortests.vectorarray" file="src/pymortests/vectorarray.py" line="264" name="test_append[compatible_vector_array_pair5-&lt;lambda&gt;17]" time="0.0009028911590576172"><skipped message="Suite splitting in effect" type="pytest.skip">src/pymortests/vectorarray.py:264: Suite splitting in effect</skipped></testcase><testcase classname="src.pymortests.vectorarray" file="src/pymortests/vectorarray.py" line="264" name="test_append[compatible_vector_array_pair5-&lt;lambda&gt;18]" time="0.00047659873962402344"><skipped message="Suite splitting in effect" type="pytest.skip">src/pymortests/vectorarray.py:264: Suite splitting in effect</skipped></testcase><testcase classname="src.pymortests.vectorarray" file="src/pymortests/vectorarray.py" line="264" name="test_append[compatible_vector_array_pair5-&lt;lambda&gt;19]" time="0.0004878044128417969"><skipped message="Suite splitting in effect" type="pytest.skip">src/pymortests/vectorarray.py:264: Suite splitting in effect</skipped></testcase><testcase classname="src.pymortests.vectorarray" file="src/pymortests/vectorarray.py" line="264" name="test_append[compatible_vector_array_pair5-&lt;lambda&gt;20]" time="0.0005307197570800781"><skipped message="Suite splitting in effect" type="pytest.skip">src/pymortests/vectorarray.py:264: Suite splitting in effect</skipped></testcase><testcase classname="src.pymortests.vectorarray" file="src/pymortests/vectorarray.py" line="264" name="test_append[compatible_vector_array_pair5-&lt;lambda&gt;21]" time="0.00047087669372558594"><skipped message="Suite splitting in effect" type="pytest.skip">src/pymortests/vectorarray.py:264: Suite splitting in effect</skipped></testcase><testcase classname="src.pymortests.vectorarray" file="src/pymortests/vectorarray.py" line="264" name="test_append[compatible_vector_array_pair5-&lt;lambda&gt;22]" time="0.0005052089691162109"><skipped message="Suite splitting in effect" type="pytest.skip">src/pymortests/vectorarray.py:264: Suite splitting in effect</skipped></testcase><testcase classname="src.pymortests.vectorarray" file="src/pymortests/vectorarray.py" line="264" name="test_append[compatible_vector_array_pair5-&lt;lambda&gt;23]" time="0.0005047321319580078"><skipped message="Suite splitting in effect" type="pytest.skip">src/pymortests/vectorarray.py:264: Suite splitting in effect</skipped></testcase><testcase classname="src.pymortests.vectorarray" file="src/pymortests/vectorarray.py" line="264" name="test_append[compatible_vector_array_pair5-&lt;lambda&gt;24]" time="0.00046896934509277344"><skipped message="Suite splitting in effect" type="pytest.skip">src/pymortests/vectorarray.py:264: Suite splitting in effect</skipped></testcase><testcase classname="src.pymortests.vectorarray" file="src/pymortests/vectorarray.py" line="264" name="test_append[compatible_vector_array_pair5-&lt;lambda&gt;25]" time="0.0007967948913574219"><skipped message="Suite splitting in effect" type="pytest.skip">src/pymortests/vectorarray.py:264: Suite splitting in effect</skipped></testcase><testcase classname="src.pymortests.vectorarray" file="src/pymortests/vectorarray.py" line="264" name="test_append[compatible_vector_array_pair5-&lt;lambda&gt;26]" time="0.0005137920379638672"><skipped message="Suite splitting in effect" type="pytest.skip">src/pymortests/vectorarray.py:264: Suite splitting in effect</skipped></testcase><testcase classname="src.pymortests.vectorarray" file="src/pymortests/vectorarray.py" line="264" name="test_append[compatible_vector_array_pair5-&lt;lambda&gt;27]" time="0.0005183219909667969"><skipped message="Suite splitting in effect" type="pytest.skip">src/pymortests/vectorarray.py:264: Suite splitting in effect</skipped></testcase><testcase classname="src.pymortests.vectorarray" file="src/pymortests/vectorarray.py" line="264" name="test_append[compatible_vector_array_pair5-&lt;lambda&gt;28]" time="0.0004832744598388672"><skipped message="Suite splitting in effect" type="pytest.skip">src/pymortests/vectorarray.py:264: Suite splitting in effect</skipped></testcase><testcase classname="src.pymortests.vectorarray" file="src/pymortests/vectorarray.py" line="264" name="test_append[compatible_vector_array_pair5-&lt;lambda&gt;29]" time="0.000461578369140625"><skipped message="Suite splitting in effect" type="pytest.skip">src/pymortests/vectorarray.py:264: Suite splitting in effect</skipped></testcase><testcase classname="src.pymortests.vectorarray" file="src/pymortests/vectorarray.py" line="264" name="test_append[compatible_vector_array_pair6-&lt;lambda&gt;0]" time="0.0005257129669189453"><skipped message="Suite splitting in effect" type="pytest.skip">src/pymortests/vectorarray.py:264: Suite splitting in effect</skipped></testcase><testcase classname="src.pymortests.vectorarray" file="src/pymortests/vectorarray.py" line="264" name="test_append[compatible_vector_array_pair6-&lt;lambda&gt;1]" time="0.0006105899810791016"><skipped message="Suite splitting in effect" type="pytest.skip">src/pymortests/vectorarray.py:264: Suite splitting in effect</skipped></testcase><testcase classname="src.pymortests.vectorarray" file="src/pymortests/vectorarray.py" line="264" name="test_append[compatible_vector_array_pair6-&lt;lambda&gt;2]" time="0.0005557537078857422"><skipped message="Suite splitting in effect" type="pytest.skip">src/pymortests/vectorarray.py:264: Suite splitting in effect</skipped></testcase><testcase classname="src.pymortests.vectorarray" file="src/pymortests/vectorarray.py" line="264" name="test_append[compatible_vector_array_pair6-&lt;lambda&gt;3]" time="0.004069328308105469"><skipped message="Suite splitting in effect" type="pytest.skip">src/pymortests/vectorarray.py:264: Suite splitting in effect</skipped></testcase><testcase classname="src.pymortests.vectorarray" file="src/pymortests/vectorarray.py" line="264" name="test_append[compatible_vector_array_pair6-&lt;lambda&gt;4]" time="0.0006177425384521484"><skipped message="Suite splitting in effect" type="pytest.skip">src/pymortests/vectorarray.py:264: Suite splitting in effect</skipped></testcase><testcase classname="src.pymortests.vectorarray" file="src/pymortests/vectorarray.py" line="264" name="test_append[compatible_vector_array_pair6-&lt;lambda&gt;5]" time="0.0005061626434326172"><skipped message="Suite splitting in effect" type="pytest.skip">src/pymortests/vectorarray.py:264: Suite splitting in effect</skipped></testcase><testcase classname="src.pymortests.vectorarray" file="src/pymortests/vectorarray.py" line="264" name="test_append[compatible_vector_array_pair6-&lt;lambda&gt;6]" time="0.00045990943908691406"><skipped message="Suite splitting in effect" type="pytest.skip">src/pymortests/vectorarray.py:264: Suite splitting in effect</skipped></testcase><testcase classname="src.pymortests.vectorarray" file="src/pymortests/vectorarray.py" line="264" name="test_append[compatible_vector_array_pair6-&lt;lambda&gt;7]" time="0.00046515464782714844"><skipped message="Suite splitting in effect" type="pytest.skip">src/pymortests/vectorarray.py:264: Suite splitting in effect</skipped></testcase><testcase classname="src.pymortests.vectorarray" file="src/pymortests/vectorarray.py" line="264" name="test_append[compatible_vector_array_pair6-&lt;lambda&gt;8]" time="0.0004971027374267578"><skipped message="Suite splitting in effect" type="pytest.skip">src/pymortests/vectorarray.py:264: Suite splitting in effect</skipped></testcase><testcase classname="src.pymortests.vectorarray" file="src/pymortests/vectorarray.py" line="264" name="test_append[compatible_vector_array_pair6-&lt;lambda&gt;9]" time="0.0004429817199707031"><skipped message="Suite splitting in effect" type="pytest.skip">src/pymortests/vectorarray.py:264: Suite splitting in effect</skipped></testcase><testcase classname="src.pymortests.vectorarray" file="src/pymortests/vectorarray.py" line="264" name="test_append[compatible_vector_array_pair6-&lt;lambda&gt;10]" time="0.000499725341796875"><skipped message="Suite splitting in effect" type="pytest.skip">src/pymortests/vectorarray.py:264: Suite splitting in effect</skipped></testcase><testcase classname="src.pymortests.vectorarray" file="src/pymortests/vectorarray.py" line="264" name="test_append[compatible_vector_array_pair6-&lt;lambda&gt;11]" time="0.0009045600891113281"><skipped message="Suite splitting in effect" type="pytest.skip">src/pymortests/vectorarray.py:264: Suite splitting in effect</skipped></testcase><testcase classname="src.pymortests.vectorarray" file="src/pymortests/vectorarray.py" line="264" name="test_append[compatible_vector_array_pair6-&lt;lambda&gt;12]" time="0.00044536590576171875"><skipped message="Suite splitting in effect" type="pytest.skip">src/pymortests/vectorarray.py:264: Suite splitting in effect</skipped></testcase><testcase classname="src.pymortests.vectorarray" file="src/pymortests/vectorarray.py" line="264" name="test_append[compatible_vector_array_pair6-&lt;lambda&gt;13]" time="0.0005071163177490234"><skipped message="Suite splitting in effect" type="pytest.skip">src/pymortests/vectorarray.py:264: Suite splitting in effect</skipped></testcase><testcase classname="src.pymortests.vectorarray" file="src/pymortests/vectorarray.py" line="264" name="test_append[compatible_vector_array_pair6-&lt;lambda&gt;14]" time="0.0005037784576416016"><skipped message="Suite splitting in effect" type="pytest.skip">src/pymortests/vectorarray.py:264: Suite splitting in effect</skipped></testcase><testcase classname="src.pymortests.vectorarray" file="src/pymortests/vectorarray.py" line="264" name="test_append[compatible_vector_array_pair6-&lt;lambda&gt;15]" time="0.00044655799865722656"><skipped message="Suite splitting in effect" type="pytest.skip">src/pymortests/vectorarray.py:264: Suite splitting in effect</skipped></testcase><testcase classname="src.pymortests.vectorarray" file="src/pymortests/vectorarray.py" line="264" name="test_append[compatible_vector_array_pair6-&lt;lambda&gt;16]" time="0.00048732757568359375"><skipped message="Suite splitting in effect" type="pytest.skip">src/pymortests/vectorarray.py:264: Suite splitting in effect</skipped></testcase><testcase classname="src.pymortests.vectorarray" file="src/pymortests/vectorarray.py" line="264" name="test_append[compatible_vector_array_pair6-&lt;lambda&gt;17]" time="0.00043654441833496094"><skipped message="Suite splitting in effect" type="pytest.skip">src/pymortests/vectorarray.py:264: Suite splitting in effect</skipped></testcase><testcase classname="src.pymortests.vectorarray" file="src/pymortests/vectorarray.py" line="264" name="test_append[compatible_vector_array_pair6-&lt;lambda&gt;18]" time="0.00046825408935546875"><skipped message="Suite splitting in effect" type="pytest.skip">src/pymortests/vectorarray.py:264: Suite splitting in effect</skipped></testcase><testcase classname="src.pymortests.vectorarray" file="src/pymortests/vectorarray.py" line="264" name="test_append[compatible_vector_array_pair6-&lt;lambda&gt;19]" time="0.0009453296661376953"><skipped message="Suite splitting in effect" type="pytest.skip">src/pymortests/vectorarray.py:264: Suite splitting in effect</skipped></testcase><testcase classname="src.pymortests.vectorarray" file="src/pymortests/vectorarray.py" line="264" name="test_append[compatible_vector_array_pair6-&lt;lambda&gt;20]" time="0.0005097389221191406"><skipped message="Suite splitting in effect" type="pytest.skip">src/pymortests/vectorarray.py:264: Suite splitting in effect</skipped></testcase><testcase classname="src.pymortests.vectorarray" file="src/pymortests/vectorarray.py" line="264" name="test_append[compatible_vector_array_pair6-&lt;lambda&gt;21]" time="0.0004966259002685547"><skipped message="Suite splitting in effect" type="pytest.skip">src/pymortests/vectorarray.py:264: Suite splitting in effect</skipped></testcase><testcase classname="src.pymortests.vectorarray" file="src/pymortests/vectorarray.py" line="264" name="test_append[compatible_vector_array_pair6-&lt;lambda&gt;22]" time="0.0004639625549316406"><skipped message="Suite splitting in effect" type="pytest.skip">src/pymortests/vectorarray.py:264: Suite splitting in effect</skipped></testcase><testcase classname="src.pymortests.vectorarray" file="src/pymortests/vectorarray.py" line="264" name="test_append[compatible_vector_array_pair6-&lt;lambda&gt;23]" time="0.00043082237243652344"><skipped message="Suite splitting in effect" type="pytest.skip">src/pymortests/vectorarray.py:264: Suite splitting in effect</skipped></testcase><testcase classname="src.pymortests.vectorarray" file="src/pymortests/vectorarray.py" line="264" name="test_append[compatible_vector_array_pair6-&lt;lambda&gt;24]" time="0.0004413127899169922"><skipped message="Suite splitting in effect" type="pytest.skip">src/pymortests/vectorarray.py:264: Suite splitting in effect</skipped></testcase><testcase classname="src.pymortests.vectorarray" file="src/pymortests/vectorarray.py" line="264" name="test_append[compatible_vector_array_pair6-&lt;lambda&gt;25]" time="0.0004930496215820312"><skipped message="Suite splitting in effect" type="pytest.skip">src/pymortests/vectorarray.py:264: Suite splitting in effect</skipped></testcase><testcase classname="src.pymortests.vectorarray" file="src/pymortests/vectorarray.py" line="264" name="test_append[compatible_vector_array_pair6-&lt;lambda&gt;26]" time="0.00042939186096191406"><skipped message="Suite splitting in effect" type="pytest.skip">src/pymortests/vectorarray.py:264: Suite splitting in effect</skipped></testcase><testcase classname="src.pymortests.vectorarray" file="src/pymortests/vectorarray.py" line="264" name="test_append[compatible_vector_array_pair6-&lt;lambda&gt;27]" time="0.0007910728454589844"><skipped message="Suite splitting in effect" type="pytest.skip">src/pymortests/vectorarray.py:264: Suite splitting in effect</skipped></testcase><testcase classname="src.pymortests.vectorarray" file="src/pymortests/vectorarray.py" line="264" name="test_append[compatible_vector_array_pair6-&lt;lambda&gt;28]" time="0.0004825592041015625"><skipped message="Suite splitting in effect" type="pytest.skip">src/pymortests/vectorarray.py:264: Suite splitting in effect</skipped></testcase><testcase classname="src.pymortests.vectorarray" file="src/pymortests/vectorarray.py" line="264" name="test_append[compatible_vector_array_pair6-&lt;lambda&gt;29]" time="0.0005066394805908203"><skipped message="Suite splitting in effect" type="pytest.skip">src/pymortests/vectorarray.py:264: Suite splitting in effect</skipped></testcase><testcase classname="src.pymortests.vectorarray" file="src/pymortests/vectorarray.py" line="264" name="test_append[compatible_vector_array_pair7-&lt;lambda&gt;0]" time="0.00043320655822753906"><skipped message="Suite splitting in effect" type="pytest.skip">src/pymortests/vectorarray.py:264: Suite splitting in effect</skipped></testcase><testcase classname="src.pymortests.vectorarray" file="src/pymortests/vectorarray.py" line="264" name="test_append[compatible_vector_array_pair7-&lt;lambda&gt;1]" time="0.00042700767517089844"><skipped message="Suite splitting in effect" type="pytest.skip">src/pymortests/vectorarray.py:264: Suite splitting in effect</skipped></testcase><testcase classname="src.pymortests.vectorarray" file="src/pymortests/vectorarray.py" line="264" name="test_append[compatible_vector_array_pair7-&lt;lambda&gt;2]" time="0.00041985511779785156"><skipped message="Suite splitting in effect" type="pytest.skip">src/pymortests/vectorarray.py:264: Suite splitting in effect</skipped></testcase><testcase classname="src.pymortests.vectorarray" file="src/pymortests/vectorarray.py" line="264" name="test_append[compatible_vector_array_pair7-&lt;lambda&gt;3]" time="0.0004930496215820312"><skipped message="Suite splitting in effect" type="pytest.skip">src/pymortests/vectorarray.py:264: Suite splitting in effect</skipped></testcase><testcase classname="src.pymortests.vectorarray" file="src/pymortests/vectorarray.py" line="264" name="test_append[compatible_vector_array_pair7-&lt;lambda&gt;4]" time="0.00048089027404785156"><skipped message="Suite splitting in effect" type="pytest.skip">src/pymortests/vectorarray.py:264: Suite splitting in effect</skipped></testcase><testcase classname="src.pymortests.vectorarray" file="src/pymortests/vectorarray.py" line="264" name="test_append[compatible_vector_array_pair7-&lt;lambda&gt;5]" time="0.000797271728515625"><skipped message="Suite splitting in effect" type="pytest.skip">src/pymortests/vectorarray.py:264: Suite splitting in effect</skipped></testcase><testcase classname="src.pymortests.vectorarray" file="src/pymortests/vectorarray.py" line="264" name="test_append[compatible_vector_array_pair7-&lt;lambda&gt;6]" time="0.0004680156707763672"><skipped message="Suite splitting in effect" type="pytest.skip">src/pymortests/vectorarray.py:264: Suite splitting in effect</skipped></testcase><testcase classname="src.pymortests.vectorarray" file="src/pymortests/vectorarray.py" line="264" name="test_append[compatible_vector_array_pair7-&lt;lambda&gt;7]" time="0.0004966259002685547"><skipped message="Suite splitting in effect" type="pytest.skip">src/pymortests/vectorarray.py:264: Suite splitting in effect</skipped></testcase><testcase classname="src.pymortests.vectorarray" file="src/pymortests/vectorarray.py" line="264" name="test_append[compatible_vector_array_pair7-&lt;lambda&gt;8]" time="0.00042939186096191406"><skipped message="Suite splitting in effect" type="pytest.skip">src/pymortests/vectorarray.py:264: Suite splitting in effect</skipped></testcase><testcase classname="src.pymortests.vectorarray" file="src/pymortests/vectorarray.py" line="264" name="test_append[compatible_vector_array_pair7-&lt;lambda&gt;9]" time="0.0004906654357910156"><skipped message="Suite splitting in effect" type="pytest.skip">src/pymortests/vectorarray.py:264: Suite splitting in effect</skipped></testcase><testcase classname="src.pymortests.vectorarray" file="src/pymortests/vectorarray.py" line="264" name="test_append[compatible_vector_array_pair7-&lt;lambda&gt;10]" time="0.0005040168762207031"><skipped message="Suite splitting in effect" type="pytest.skip">src/pymortests/vectorarray.py:264: Suite splitting in effect</skipped></testcase><testcase classname="src.pymortests.vectorarray" file="src/pymortests/vectorarray.py" line="264" name="test_append[compatible_vector_array_pair7-&lt;lambda&gt;11]" time="0.00046181678771972656"><skipped message="Suite splitting in effect" type="pytest.skip">src/pymortests/vectorarray.py:264: Suite splitting in effect</skipped></testcase><testcase classname="src.pymortests.vectorarray" file="src/pymortests/vectorarray.py" line="264" name="test_append[compatible_vector_array_pair7-&lt;lambda&gt;12]" time="0.00041866302490234375"><skipped message="Suite splitting in effect" type="pytest.skip">src/pymortests/vectorarray.py:264: Suite splitting in effect</skipped></testcase><testcase classname="src.pymortests.vectorarray" file="src/pymortests/vectorarray.py" line="264" name="test_append[compatible_vector_array_pair7-&lt;lambda&gt;13]" time="0.0007963180541992188"><skipped message="Suite splitting in effect" type="pytest.skip">src/pymortests/vectorarray.py:264: Suite splitting in effect</skipped></testcase><testcase classname="src.pymortests.vectorarray" file="src/pymortests/vectorarray.py" line="264" name="test_append[compatible_vector_array_pair7-&lt;lambda&gt;14]" time="0.0004258155822753906"><skipped message="Suite splitting in effect" type="pytest.skip">src/pymortests/vectorarray.py:264: Suite splitting in effect</skipped></testcase><testcase classname="src.pymortests.vectorarray" file="src/pymortests/vectorarray.py" line="264" name="test_append[compatible_vector_array_pair7-&lt;lambda&gt;15]" time="0.0005252361297607422"><skipped message="Suite splitting in effect" type="pytest.skip">src/pymortests/vectorarray.py:264: Suite splitting in effect</skipped></testcase><testcase classname="src.pymortests.vectorarray" file="src/pymortests/vectorarray.py" line="264" name="test_append[compatible_vector_array_pair7-&lt;lambda&gt;16]" time="0.0004405975341796875"><skipped message="Suite splitting in effect" type="pytest.skip">src/pymortests/vectorarray.py:264: Suite splitting in effect</skipped></testcase><testcase classname="src.pymortests.vectorarray" file="src/pymortests/vectorarray.py" line="264" name="test_append[compatible_vector_array_pair7-&lt;lambda&gt;17]" time="0.0005018711090087891"><skipped message="Suite splitting in effect" type="pytest.skip">src/pymortests/vectorarray.py:264: Suite splitting in effect</skipped></testcase><testcase classname="src.pymortests.vectorarray" file="src/pymortests/vectorarray.py" line="264" name="test_append[compatible_vector_array_pair7-&lt;lambda&gt;18]" time="0.0005154609680175781"><skipped message="Suite splitting in effect" type="pytest.skip">src/pymortests/vectorarray.py:264: Suite splitting in effect</skipped></testcase><testcase classname="src.pymortests.vectorarray" file="src/pymortests/vectorarray.py" line="264" name="test_append[compatible_vector_array_pair7-&lt;lambda&gt;19]" time="0.0004596710205078125"><skipped message="Suite splitting in effect" type="pytest.skip">src/pymortests/vectorarray.py:264: Suite splitting in effect</skipped></testcase><testcase classname="src.pymortests.vectorarray" file="src/pymortests/vectorarray.py" line="264" name="test_append[compatible_vector_array_pair7-&lt;lambda&gt;20]" time="0.0004456043243408203"><skipped message="Suite splitting in effect" type="pytest.skip">src/pymortests/vectorarray.py:264: Suite splitting in effect</skipped></testcase><testcase classname="src.pymortests.vectorarray" file="src/pymortests/vectorarray.py" line="264" name="test_append[compatible_vector_array_pair7-&lt;lambda&gt;21]" time="0.0008382797241210938"><skipped message="Suite splitting in effect" type="pytest.skip">src/pymortests/vectorarray.py:264: Suite splitting in effect</skipped></testcase><testcase classname="src.pymortests.vectorarray" file="src/pymortests/vectorarray.py" line="264" name="test_append[compatible_vector_array_pair7-&lt;lambda&gt;22]" time="0.00045990943908691406"><skipped message="Suite splitting in effect" type="pytest.skip">src/pymortests/vectorarray.py:264: Suite splitting in effect</skipped></testcase><testcase classname="src.pymortests.vectorarray" file="src/pymortests/vectorarray.py" line="264" name="test_append[compatible_vector_array_pair7-&lt;lambda&gt;23]" time="0.0005707740783691406"><skipped message="Suite splitting in effect" type="pytest.skip">src/pymortests/vectorarray.py:264: Suite splitting in effect</skipped></testcase><testcase classname="src.pymortests.vectorarray" file="src/pymortests/vectorarray.py" line="264" name="test_append[compatible_vector_array_pair7-&lt;lambda&gt;24]" time="0.0005195140838623047"><skipped message="Suite splitting in effect" type="pytest.skip">src/pymortests/vectorarray.py:264: Suite splitting in effect</skipped></testcase><testcase classname="src.pymortests.vectorarray" file="src/pymortests/vectorarray.py" line="264" name="test_append[compatible_vector_array_pair7-&lt;lambda&gt;25]" time="0.0005359649658203125"><skipped message="Suite splitting in effect" type="pytest.skip">src/pymortests/vectorarray.py:264: Suite splitting in effect</skipped></testcase><testcase classname="src.pymortests.vectorarray" file="src/pymortests/vectorarray.py" line="264" name="test_append[compatible_vector_array_pair7-&lt;lambda&gt;26]" time="0.0004742145538330078"><skipped message="Suite splitting in effect" type="pytest.skip">src/pymortests/vectorarray.py:264: Suite splitting in effect</skipped></testcase><testcase classname="src.pymortests.vectorarray" file="src/pymortests/vectorarray.py" line="264" name="test_append[compatible_vector_array_pair7-&lt;lambda&gt;27]" time="0.0005483627319335938"><skipped message="Suite splitting in effect" type="pytest.skip">src/pymortests/vectorarray.py:264: Suite splitting in effect</skipped></testcase><testcase classname="src.pymortests.vectorarray" file="src/pymortests/vectorarray.py" line="264" name="test_append[compatible_vector_array_pair7-&lt;lambda&gt;28]" time="0.0005159378051757812"><skipped message="Suite splitting in effect" type="pytest.skip">src/pymortests/vectorarray.py:264: Suite splitting in effect</skipped></testcase><testcase classname="src.pymortests.vectorarray" file="src/pymortests/vectorarray.py" line="264" name="test_append[compatible_vector_array_pair7-&lt;lambda&gt;29]" time="0.0009195804595947266"><skipped message="Suite splitting in effect" type="pytest.skip">src/pymortests/vectorarray.py:264: Suite splitting in effect</skipped></testcase><testcase classname="src.pymortests.vectorarray" file="src/pymortests/vectorarray.py" line="264" name="test_append[compatible_vector_array_pair8-&lt;lambda&gt;0]" time="0.0005099773406982422"><skipped message="Suite splitting in effect" type="pytest.skip">src/pymortests/vectorarray.py:264: Suite splitting in effect</skipped></testcase><testcase classname="src.pymortests.vectorarray" file="src/pymortests/vectorarray.py" line="264" name="test_append[compatible_vector_array_pair8-&lt;lambda&gt;1]" time="0.0005314350128173828"><skipped message="Suite splitting in effect" type="pytest.skip">src/pymortests/vectorarray.py:264: Suite splitting in effect</skipped></testcase><testcase classname="src.pymortests.vectorarray" file="src/pymortests/vectorarray.py" line="264" name="test_append[compatible_vector_array_pair8-&lt;lambda&gt;2]" time="0.00044846534729003906"><skipped message="Suite splitting in effect" type="pytest.skip">src/pymortests/vectorarray.py:264: Suite splitting in effect</skipped></testcase><testcase classname="src.pymortests.vectorarray" file="src/pymortests/vectorarray.py" line="264" name="test_append[compatible_vector_array_pair8-&lt;lambda&gt;3]" time="0.0004508495330810547"><skipped message="Suite splitting in effect" type="pytest.skip">src/pymortests/vectorarray.py:264: Suite splitting in effect</skipped></testcase><testcase classname="src.pymortests.vectorarray" file="src/pymortests/vectorarray.py" line="264" name="test_append[compatible_vector_array_pair8-&lt;lambda&gt;4]" time="0.0004906654357910156"><skipped message="Suite splitting in effect" type="pytest.skip">src/pymortests/vectorarray.py:264: Suite splitting in effect</skipped></testcase><testcase classname="src.pymortests.vectorarray" file="src/pymortests/vectorarray.py" line="264" name="test_append[compatible_vector_array_pair8-&lt;lambda&gt;5]" time="0.000492095947265625"><skipped message="Suite splitting in effect" type="pytest.skip">src/pymortests/vectorarray.py:264: Suite splitting in effect</skipped></testcase><testcase classname="src.pymortests.vectorarray" file="src/pymortests/vectorarray.py" line="264" name="test_append[compatible_vector_array_pair8-&lt;lambda&gt;6]" time="0.0004723072052001953"><skipped message="Suite splitting in effect" type="pytest.skip">src/pymortests/vectorarray.py:264: Suite splitting in effect</skipped></testcase><testcase classname="src.pymortests.vectorarray" file="src/pymortests/vectorarray.py" line="264" name="test_append[compatible_vector_array_pair8-&lt;lambda&gt;7]" time="0.0008111000061035156"><skipped message="Suite splitting in effect" type="pytest.skip">src/pymortests/vectorarray.py:264: Suite splitting in effect</skipped></testcase><testcase classname="src.pymortests.vectorarray" file="src/pymortests/vectorarray.py" line="264" name="test_append[compatible_vector_array_pair8-&lt;lambda&gt;8]" time="0.0005369186401367188"><skipped message="Suite splitting in effect" type="pytest.skip">src/pymortests/vectorarray.py:264: Suite splitting in effect</skipped></testcase><testcase classname="src.pymortests.vectorarray" file="src/pymortests/vectorarray.py" line="264" name="test_append[compatible_vector_array_pair8-&lt;lambda&gt;9]" time="0.0004992485046386719"><skipped message="Suite splitting in effect" type="pytest.skip">src/pymortests/vectorarray.py:264: Suite splitting in effect</skipped></testcase><testcase classname="src.pymortests.vectorarray" file="src/pymortests/vectorarray.py" line="264" name="test_append[compatible_vector_array_pair8-&lt;lambda&gt;10]" time="0.00046706199645996094"><skipped message="Suite splitting in effect" type="pytest.skip">src/pymortests/vectorarray.py:264: Suite splitting in effect</skipped></testcase><testcase classname="src.pymortests.vectorarray" file="src/pymortests/vectorarray.py" line="264" name="test_append[compatible_vector_array_pair8-&lt;lambda&gt;11]" time="0.0004649162292480469"><skipped message="Suite splitting in effect" type="pytest.skip">src/pymortests/vectorarray.py:264: Suite splitting in effect</skipped></testcase><testcase classname="src.pymortests.vectorarray" file="src/pymortests/vectorarray.py" line="264" name="test_append[compatible_vector_array_pair8-&lt;lambda&gt;12]" time="0.00046324729919433594"><skipped message="Suite splitting in effect" type="pytest.skip">src/pymortests/vectorarray.py:264: Suite splitting in effect</skipped></testcase><testcase classname="src.pymortests.vectorarray" file="src/pymortests/vectorarray.py" line="264" name="test_append[compatible_vector_array_pair8-&lt;lambda&gt;13]" time="0.0004451274871826172"><skipped message="Suite splitting in effect" type="pytest.skip">src/pymortests/vectorarray.py:264: Suite splitting in effect</skipped></testcase><testcase classname="src.pymortests.vectorarray" file="src/pymortests/vectorarray.py" line="264" name="test_append[compatible_vector_array_pair8-&lt;lambda&gt;14]" time="0.0004780292510986328"><skipped message="Suite splitting in effect" type="pytest.skip">src/pymortests/vectorarray.py:264: Suite splitting in effect</skipped></testcase><testcase classname="src.pymortests.vectorarray" file="src/pymortests/vectorarray.py" line="264" name="test_append[compatible_vector_array_pair8-&lt;lambda&gt;15]" time="0.0008578300476074219"><skipped message="Suite splitting in effect" type="pytest.skip">src/pymortests/vectorarray.py:264: Suite splitting in effect</skipped></testcase><testcase classname="src.pymortests.vectorarray" file="src/pymortests/vectorarray.py" line="264" name="test_append[compatible_vector_array_pair8-&lt;lambda&gt;16]" time="0.0005075931549072266"><skipped message="Suite splitting in effect" type="pytest.skip">src/pymortests/vectorarray.py:264: Suite splitting in effect</skipped></testcase><testcase classname="src.pymortests.vectorarray" file="src/pymortests/vectorarray.py" line="264" name="test_append[compatible_vector_array_pair8-&lt;lambda&gt;17]" time="0.00047206878662109375"><skipped message="Suite splitting in effect" type="pytest.skip">src/pymortests/vectorarray.py:264: Suite splitting in effect</skipped></testcase><testcase classname="src.pymortests.vectorarray" file="src/pymortests/vectorarray.py" line="264" name="test_append[compatible_vector_array_pair8-&lt;lambda&gt;18]" time="0.00048065185546875"><skipped message="Suite splitting in effect" type="pytest.skip">src/pymortests/vectorarray.py:264: Suite splitting in effect</skipped></testcase><testcase classname="src.pymortests.vectorarray" file="src/pymortests/vectorarray.py" line="264" name="test_append[compatible_vector_array_pair8-&lt;lambda&gt;19]" time="0.0004756450653076172"><skipped message="Suite splitting in effect" type="pytest.skip">src/pymortests/vectorarray.py:264: Suite splitting in effect</skipped></testcase><testcase classname="src.pymortests.vectorarray" file="src/pymortests/vectorarray.py" line="264" name="test_append[compatible_vector_array_pair8-&lt;lambda&gt;20]" time="0.0004937648773193359"><skipped message="Suite splitting in effect" type="pytest.skip">src/pymortests/vectorarray.py:264: Suite splitting in effect</skipped></testcase><testcase classname="src.pymortests.vectorarray" file="src/pymortests/vectorarray.py" line="264" name="test_append[compatible_vector_array_pair8-&lt;lambda&gt;21]" time="0.0005309581756591797"><skipped message="Suite splitting in effect" type="pytest.skip">src/pymortests/vectorarray.py:264: Suite splitting in effect</skipped></testcase><testcase classname="src.pymortests.vectorarray" file="src/pymortests/vectorarray.py" line="264" name="test_append[compatible_vector_array_pair8-&lt;lambda&gt;22]" time="0.0004439353942871094"><skipped message="Suite splitting in effect" type="pytest.skip">src/pymortests/vectorarray.py:264: Suite splitting in effect</skipped></testcase><testcase classname="src.pymortests.vectorarray" file="src/pymortests/vectorarray.py" line="264" name="test_append[compatible_vector_array_pair8-&lt;lambda&gt;23]" time="0.0007407665252685547"><skipped message="Suite splitting in effect" type="pytest.skip">src/pymortests/vectorarray.py:264: Suite splitting in effect</skipped></testcase><testcase classname="src.pymortests.vectorarray" file="src/pymortests/vectorarray.py" line="264" name="test_append[compatible_vector_array_pair8-&lt;lambda&gt;24]" time="0.0005323886871337891"><skipped message="Suite splitting in effect" type="pytest.skip">src/pymortests/vectorarray.py:264: Suite splitting in effect</skipped></testcase><testcase classname="src.pymortests.vectorarray" file="src/pymortests/vectorarray.py" line="264" name="test_append[compatible_vector_array_pair8-&lt;lambda&gt;25]" time="0.0004367828369140625"><skipped message="Suite splitting in effect" type="pytest.skip">src/pymortests/vectorarray.py:264: Suite splitting in effect</skipped></testcase><testcase classname="src.pymortests.vectorarray" file="src/pymortests/vectorarray.py" line="264" name="test_append[compatible_vector_array_pair8-&lt;lambda&gt;26]" time="0.0004603862762451172"><skipped message="Suite splitting in effect" type="pytest.skip">src/pymortests/vectorarray.py:264: Suite splitting in effect</skipped></testcase><testcase classname="src.pymortests.vectorarray" file="src/pymortests/vectorarray.py" line="264" name="test_append[compatible_vector_array_pair8-&lt;lambda&gt;27]" time="0.00047469139099121094"><skipped message="Suite splitting in effect" type="pytest.skip">src/pymortests/vectorarray.py:264: Suite splitting in effect</skipped></testcase><testcase classname="src.pymortests.vectorarray" file="src/pymortests/vectorarray.py" line="264" name="test_append[compatible_vector_array_pair8-&lt;lambda&gt;28]" time="0.00043892860412597656"><skipped message="Suite splitting in effect" type="pytest.skip">src/pymortests/vectorarray.py:264: Suite splitting in effect</skipped></testcase><testcase classname="src.pymortests.vectorarray" file="src/pymortests/vectorarray.py" line="264" name="test_append[compatible_vector_array_pair8-&lt;lambda&gt;29]" time="0.00048661231994628906"><skipped message="Suite splitting in effect" type="pytest.skip">src/pymortests/vectorarray.py:264: Suite splitting in effect</skipped></testcase><testcase classname="src.pymortests.vectorarray" file="src/pymortests/vectorarray.py" line="290" name="test_append_self[0-&lt;lambda&gt;0]" time="0.00044083595275878906"><skipped message="Suite splitting in effect" type="pytest.skip">src/pymortests/vectorarray.py:290: Suite splitting in effect</skipped></testcase><testcase classname="src.pymortests.vectorarray" file="src/pymortests/vectorarray.py" line="290" name="test_append_self[0-&lt;lambda&gt;1]" time="0.0007874965667724609"><skipped message="Suite splitting in effect" type="pytest.skip">src/pymortests/vectorarray.py:290: Suite splitting in effect</skipped></testcase><testcase classname="src.pymortests.vectorarray" file="src/pymortests/vectorarray.py" line="290" name="test_append_self[0-&lt;lambda&gt;2]" time="0.00047135353088378906"><skipped message="Suite splitting in effect" type="pytest.skip">src/pymortests/vectorarray.py:290: Suite splitting in effect</skipped></testcase><testcase classname="src.pymortests.vectorarray" file="src/pymortests/vectorarray.py" line="290" name="test_append_self[0-&lt;lambda&gt;3]" time="0.0004525184631347656"><skipped message="Suite splitting in effect" type="pytest.skip">src/pymortests/vectorarray.py:290: Suite splitting in effect</skipped></testcase><testcase classname="src.pymortests.vectorarray" file="src/pymortests/vectorarray.py" line="290" name="test_append_self[0-&lt;lambda&gt;4]" time="0.00042557716369628906"><skipped message="Suite splitting in effect" type="pytest.skip">src/pymortests/vectorarray.py:290: Suite splitting in effect</skipped></testcase><testcase classname="src.pymortests.vectorarray" file="src/pymortests/vectorarray.py" line="290" name="test_append_self[0-&lt;lambda&gt;5]" time="0.0005068778991699219"><skipped message="Suite splitting in effect" type="pytest.skip">src/pymortests/vectorarray.py:290: Suite splitting in effect</skipped></testcase><testcase classname="src.pymortests.vectorarray" file="src/pymortests/vectorarray.py" line="290" name="test_append_self[0-&lt;lambda&gt;6]" time="0.0004589557647705078"><skipped message="Suite splitting in effect" type="pytest.skip">src/pymortests/vectorarray.py:290: Suite splitting in effect</skipped></testcase><testcase classname="src.pymortests.vectorarray" file="src/pymortests/vectorarray.py" line="290" name="test_append_self[0-&lt;lambda&gt;7]" time="0.0005135536193847656"><skipped message="Suite splitting in effect" type="pytest.skip">src/pymortests/vectorarray.py:290: Suite splitting in effect</skipped></testcase><testcase classname="src.pymortests.vectorarray" file="src/pymortests/vectorarray.py" line="290" name="test_append_self[0-&lt;lambda&gt;8]" time="0.00042557716369628906"><skipped message="Suite splitting in effect" type="pytest.skip">src/pymortests/vectorarray.py:290: Suite splitting in effect</skipped></testcase><testcase classname="src.pymortests.vectorarray" file="src/pymortests/vectorarray.py" line="290" name="test_append_self[0-&lt;lambda&gt;9]" time="0.0008337497711181641"><skipped message="Suite splitting in effect" type="pytest.skip">src/pymortests/vectorarray.py:290: Suite splitting in effect</skipped></testcase><testcase classname="src.pymortests.vectorarray" file="src/pymortests/vectorarray.py" line="290" name="test_append_self[0-&lt;lambda&gt;10]" time="0.0004661083221435547"><skipped message="Suite splitting in effect" type="pytest.skip">src/pymortests/vectorarray.py:290: Suite splitting in effect</skipped></testcase><testcase classname="src.pymortests.vectorarray" file="src/pymortests/vectorarray.py" line="290" name="test_append_self[0-&lt;lambda&gt;11]" time="0.0005295276641845703"><skipped message="Suite splitting in effect" type="pytest.skip">src/pymortests/vectorarray.py:290: Suite splitting in effect</skipped></testcase><testcase classname="src.pymortests.vectorarray" file="src/pymortests/vectorarray.py" line="290" name="test_append_self[0-&lt;lambda&gt;12]" time="0.00054168701171875"><skipped message="Suite splitting in effect" type="pytest.skip">src/pymortests/vectorarray.py:290: Suite splitting in effect</skipped></testcase><testcase classname="src.pymortests.vectorarray" file="src/pymortests/vectorarray.py" line="290" name="test_append_self[0-&lt;lambda&gt;13]" time="0.0004601478576660156"><skipped message="Suite splitting in effect" type="pytest.skip">src/pymortests/vectorarray.py:290: Suite splitting in effect</skipped></testcase><testcase classname="src.pymortests.vectorarray" file="src/pymortests/vectorarray.py" line="290" name="test_append_self[0-&lt;lambda&gt;14]" time="0.00042724609375"><skipped message="Suite splitting in effect" type="pytest.skip">src/pymortests/vectorarray.py:290: Suite splitting in effect</skipped></testcase><testcase classname="src.pymortests.vectorarray" file="src/pymortests/vectorarray.py" line="290" name="test_append_self[0-&lt;lambda&gt;15]" time="0.0004706382751464844"><skipped message="Suite splitting in effect" type="pytest.skip">src/pymortests/vectorarray.py:290: Suite splitting in effect</skipped></testcase><testcase classname="src.pymortests.vectorarray" file="src/pymortests/vectorarray.py" line="290" name="test_append_self[0-&lt;lambda&gt;16]" time="0.0005843639373779297"><skipped message="Suite splitting in effect" type="pytest.skip">src/pymortests/vectorarray.py:290: Suite splitting in effect</skipped></testcase><testcase classname="src.pymortests.vectorarray" file="src/pymortests/vectorarray.py" line="290" name="test_append_self[0-&lt;lambda&gt;17]" time="0.0007994174957275391"><skipped message="Suite splitting in effect" type="pytest.skip">src/pymortests/vectorarray.py:290: Suite splitting in effect</skipped></testcase><testcase classname="src.pymortests.vectorarray" file="src/pymortests/vectorarray.py" line="290" name="test_append_self[0-&lt;lambda&gt;18]" time="0.0005064010620117188"><skipped message="Suite splitting in effect" type="pytest.skip">src/pymortests/vectorarray.py:290: Suite splitting in effect</skipped></testcase><testcase classname="src.pymortests.vectorarray" file="src/pymortests/vectorarray.py" line="290" name="test_append_self[0-&lt;lambda&gt;19]" time="0.0005762577056884766"><skipped message="Suite splitting in effect" type="pytest.skip">src/pymortests/vectorarray.py:290: Suite splitting in effect</skipped></testcase><testcase classname="src.pymortests.vectorarray" file="src/pymortests/vectorarray.py" line="290" name="test_append_self[0-&lt;lambda&gt;20]" time="0.00048613548278808594"><skipped message="Suite splitting in effect" type="pytest.skip">src/pymortests/vectorarray.py:290: Suite splitting in effect</skipped></testcase><testcase classname="src.pymortests.vectorarray" file="src/pymortests/vectorarray.py" line="290" name="test_append_self[0-&lt;lambda&gt;21]" time="0.00054931640625"><skipped message="Suite splitting in effect" type="pytest.skip">src/pymortests/vectorarray.py:290: Suite splitting in effect</skipped></testcase><testcase classname="src.pymortests.vectorarray" file="src/pymortests/vectorarray.py" line="290" name="test_append_self[0-&lt;lambda&gt;22]" time="0.0005524158477783203"><skipped message="Suite splitting in effect" type="pytest.skip">src/pymortests/vectorarray.py:290: Suite splitting in effect</skipped></testcase><testcase classname="src.pymortests.vectorarray" file="src/pymortests/vectorarray.py" line="290" name="test_append_self[0-&lt;lambda&gt;23]" time="0.0004429817199707031"><skipped message="Suite splitting in effect" type="pytest.skip">src/pymortests/vectorarray.py:290: Suite splitting in effect</skipped></testcase><testcase classname="src.pymortests.vectorarray" file="src/pymortests/vectorarray.py" line="290" name="test_append_self[0-&lt;lambda&gt;24]" time="0.0005252361297607422"><skipped message="Suite splitting in effect" type="pytest.skip">src/pymortests/vectorarray.py:290: Suite splitting in effect</skipped></testcase><testcase classname="src.pymortests.vectorarray" file="src/pymortests/vectorarray.py" line="290" name="test_append_self[0-&lt;lambda&gt;25]" time="0.0011174678802490234"><skipped message="Suite splitting in effect" type="pytest.skip">src/pymortests/vectorarray.py:290: Suite splitting in effect</skipped></testcase><testcase classname="src.pymortests.vectorarray" file="src/pymortests/vectorarray.py" line="290" name="test_append_self[0-&lt;lambda&gt;26]" time="0.0005364418029785156"><skipped message="Suite splitting in effect" type="pytest.skip">src/pymortests/vectorarray.py:290: Suite splitting in effect</skipped></testcase><testcase classname="src.pymortests.vectorarray" file="src/pymortests/vectorarray.py" line="290" name="test_append_self[1-&lt;lambda&gt;0]" time="0.0005786418914794922"><skipped message="Suite splitting in effect" type="pytest.skip">src/pymortests/vectorarray.py:290: Suite splitting in effect</skipped></testcase><testcase classname="src.pymortests.vectorarray" file="src/pymortests/vectorarray.py" line="290" name="test_append_self[1-&lt;lambda&gt;1]" time="0.00047588348388671875"><skipped message="Suite splitting in effect" type="pytest.skip">src/pymortests/vectorarray.py:290: Suite splitting in effect</skipped></testcase><testcase classname="src.pymortests.vectorarray" file="src/pymortests/vectorarray.py" line="290" name="test_append_self[1-&lt;lambda&gt;2]" time="0.0005011558532714844"><skipped message="Suite splitting in effect" type="pytest.skip">src/pymortests/vectorarray.py:290: Suite splitting in effect</skipped></testcase><testcase classname="src.pymortests.vectorarray" file="src/pymortests/vectorarray.py" line="290" name="test_append_self[1-&lt;lambda&gt;3]" time="0.0005257129669189453"><skipped message="Suite splitting in effect" type="pytest.skip">src/pymortests/vectorarray.py:290: Suite splitting in effect</skipped></testcase><testcase classname="src.pymortests.vectorarray" file="src/pymortests/vectorarray.py" line="290" name="test_append_self[1-&lt;lambda&gt;4]" time="0.00043487548828125"><skipped message="Suite splitting in effect" type="pytest.skip">src/pymortests/vectorarray.py:290: Suite splitting in effect</skipped></testcase><testcase classname="src.pymortests.vectorarray" file="src/pymortests/vectorarray.py" line="290" name="test_append_self[1-&lt;lambda&gt;5]" time="0.0004999637603759766"><skipped message="Suite splitting in effect" type="pytest.skip">src/pymortests/vectorarray.py:290: Suite splitting in effect</skipped></testcase><testcase classname="src.pymortests.vectorarray" file="src/pymortests/vectorarray.py" line="290" name="test_append_self[1-&lt;lambda&gt;6]" time="0.0010137557983398438"><skipped message="Suite splitting in effect" type="pytest.skip">src/pymortests/vectorarray.py:290: Suite splitting in effect</skipped></testcase><testcase classname="src.pymortests.vectorarray" file="src/pymortests/vectorarray.py" line="290" name="test_append_self[1-&lt;lambda&gt;7]" time="0.00045180320739746094"><skipped message="Suite splitting in effect" type="pytest.skip">src/pymortests/vectorarray.py:290: Suite splitting in effect</skipped></testcase><testcase classname="src.pymortests.vectorarray" file="src/pymortests/vectorarray.py" line="290" name="test_append_self[1-&lt;lambda&gt;8]" time="0.00046539306640625"><skipped message="Suite splitting in effect" type="pytest.skip">src/pymortests/vectorarray.py:290: Suite splitting in effect</skipped></testcase><testcase classname="src.pymortests.vectorarray" file="src/pymortests/vectorarray.py" line="290" name="test_append_self[1-&lt;lambda&gt;9]" time="0.0005307197570800781"><skipped message="Suite splitting in effect" type="pytest.skip">src/pymortests/vectorarray.py:290: Suite splitting in effect</skipped></testcase><testcase classname="src.pymortests.vectorarray" file="src/pymortests/vectorarray.py" line="290" name="test_append_self[1-&lt;lambda&gt;10]" time="0.00045180320739746094"><skipped message="Suite splitting in effect" type="pytest.skip">src/pymortests/vectorarray.py:290: Suite splitting in effect</skipped></testcase><testcase classname="src.pymortests.vectorarray" file="src/pymortests/vectorarray.py" line="290" name="test_append_self[1-&lt;lambda&gt;11]" time="0.0005333423614501953"><skipped message="Suite splitting in effect" type="pytest.skip">src/pymortests/vectorarray.py:290: Suite splitting in effect</skipped></testcase><testcase classname="src.pymortests.vectorarray" file="src/pymortests/vectorarray.py" line="290" name="test_append_self[1-&lt;lambda&gt;12]" time="0.0004930496215820312"><skipped message="Suite splitting in effect" type="pytest.skip">src/pymortests/vectorarray.py:290: Suite splitting in effect</skipped></testcase><testcase classname="src.pymortests.vectorarray" file="src/pymortests/vectorarray.py" line="290" name="test_append_self[1-&lt;lambda&gt;13]" time="0.0004899501800537109"><skipped message="Suite splitting in effect" type="pytest.skip">src/pymortests/vectorarray.py:290: Suite splitting in effect</skipped></testcase><testcase classname="src.pymortests.vectorarray" file="src/pymortests/vectorarray.py" line="290" name="test_append_self[1-&lt;lambda&gt;14]" time="0.0008025169372558594"><skipped message="Suite splitting in effect" type="pytest.skip">src/pymortests/vectorarray.py:290: Suite splitting in effect</skipped></testcase><testcase classname="src.pymortests.vectorarray" file="src/pymortests/vectorarray.py" line="290" name="test_append_self[1-&lt;lambda&gt;15]" time="0.0004875659942626953"><skipped message="Suite splitting in effect" type="pytest.skip">src/pymortests/vectorarray.py:290: Suite splitting in effect</skipped></testcase><testcase classname="src.pymortests.vectorarray" file="src/pymortests/vectorarray.py" line="290" name="test_append_self[1-&lt;lambda&gt;16]" time="0.000545501708984375"><skipped message="Suite splitting in effect" type="pytest.skip">src/pymortests/vectorarray.py:290: Suite splitting in effect</skipped></testcase><testcase classname="src.pymortests.vectorarray" file="src/pymortests/vectorarray.py" line="290" name="test_append_self[1-&lt;lambda&gt;17]" time="0.0004794597625732422"><skipped message="Suite splitting in effect" type="pytest.skip">src/pymortests/vectorarray.py:290: Suite splitting in effect</skipped></testcase><testcase classname="src.pymortests.vectorarray" file="src/pymortests/vectorarray.py" line="290" name="test_append_self[1-&lt;lambda&gt;18]" time="0.0004515647888183594"><skipped message="Suite splitting in effect" type="pytest.skip">src/pymortests/vectorarray.py:290: Suite splitting in effect</skipped></testcase><testcase classname="src.pymortests.vectorarray" file="src/pymortests/vectorarray.py" line="290" name="test_append_self[1-&lt;lambda&gt;19]" time="0.0004885196685791016"><skipped message="Suite splitting in effect" type="pytest.skip">src/pymortests/vectorarray.py:290: Suite splitting in effect</skipped></testcase><testcase classname="src.pymortests.vectorarray" file="src/pymortests/vectorarray.py" line="290" name="test_append_self[1-&lt;lambda&gt;20]" time="0.0004363059997558594"><skipped message="Suite splitting in effect" type="pytest.skip">src/pymortests/vectorarray.py:290: Suite splitting in effect</skipped></testcase><testcase classname="src.pymortests.vectorarray" file="src/pymortests/vectorarray.py" line="290" name="test_append_self[1-&lt;lambda&gt;21]" time="0.0004980564117431641"><skipped message="Suite splitting in effect" type="pytest.skip">src/pymortests/vectorarray.py:290: Suite splitting in effect</skipped></testcase><testcase classname="src.pymortests.vectorarray" file="src/pymortests/vectorarray.py" line="290" name="test_append_self[1-&lt;lambda&gt;22]" time="0.0009050369262695312"><skipped message="Suite splitting in effect" type="pytest.skip">src/pymortests/vectorarray.py:290: Suite splitting in effect</skipped></testcase><testcase classname="src.pymortests.vectorarray" file="src/pymortests/vectorarray.py" line="290" name="test_append_self[1-&lt;lambda&gt;23]" time="0.0005352497100830078"><skipped message="Suite splitting in effect" type="pytest.skip">src/pymortests/vectorarray.py:290: Suite splitting in effect</skipped></testcase><testcase classname="src.pymortests.vectorarray" file="src/pymortests/vectorarray.py" line="290" name="test_append_self[1-&lt;lambda&gt;24]" time="0.00047397613525390625"><skipped message="Suite splitting in effect" type="pytest.skip">src/pymortests/vectorarray.py:290: Suite splitting in effect</skipped></testcase><testcase classname="src.pymortests.vectorarray" file="src/pymortests/vectorarray.py" line="290" name="test_append_self[1-&lt;lambda&gt;25]" time="0.0005009174346923828"><skipped message="Suite splitting in effect" type="pytest.skip">src/pymortests/vectorarray.py:290: Suite splitting in effect</skipped></testcase><testcase classname="src.pymortests.vectorarray" file="src/pymortests/vectorarray.py" line="290" name="test_append_self[1-&lt;lambda&gt;26]" time="0.0004343986511230469"><skipped message="Suite splitting in effect" type="pytest.skip">src/pymortests/vectorarray.py:290: Suite splitting in effect</skipped></testcase><testcase classname="src.pymortests.vectorarray" file="src/pymortests/vectorarray.py" line="290" name="test_append_self[2-&lt;lambda&gt;0]" time="0.0004973411560058594"><skipped message="Suite splitting in effect" type="pytest.skip">src/pymortests/vectorarray.py:290: Suite splitting in effect</skipped></testcase><testcase classname="src.pymortests.vectorarray" file="src/pymortests/vectorarray.py" line="290" name="test_append_self[2-&lt;lambda&gt;1]" time="0.0005216598510742188"><skipped message="Suite splitting in effect" type="pytest.skip">src/pymortests/vectorarray.py:290: Suite splitting in effect</skipped></testcase><testcase classname="src.pymortests.vectorarray" file="src/pymortests/vectorarray.py" line="290" name="test_append_self[2-&lt;lambda&gt;2]" time="0.000446319580078125"><skipped message="Suite splitting in effect" type="pytest.skip">src/pymortests/vectorarray.py:290: Suite splitting in effect</skipped></testcase><testcase classname="src.pymortests.vectorarray" file="src/pymortests/vectorarray.py" line="290" name="test_append_self[2-&lt;lambda&gt;3]" time="0.0007691383361816406"><skipped message="Suite splitting in effect" type="pytest.skip">src/pymortests/vectorarray.py:290: Suite splitting in effect</skipped></testcase><testcase classname="src.pymortests.vectorarray" file="src/pymortests/vectorarray.py" line="290" name="test_append_self[2-&lt;lambda&gt;4]" time="0.00043272972106933594"><skipped message="Suite splitting in effect" type="pytest.skip">src/pymortests/vectorarray.py:290: Suite splitting in effect</skipped></testcase><testcase classname="src.pymortests.vectorarray" file="src/pymortests/vectorarray.py" line="290" name="test_append_self[2-&lt;lambda&gt;5]" time="0.0004267692565917969"><skipped message="Suite splitting in effect" type="pytest.skip">src/pymortests/vectorarray.py:290: Suite splitting in effect</skipped></testcase><testcase classname="src.pymortests.vectorarray" file="src/pymortests/vectorarray.py" line="290" name="test_append_self[2-&lt;lambda&gt;6]" time="0.0004105567932128906"><skipped message="Suite splitting in effect" type="pytest.skip">src/pymortests/vectorarray.py:290: Suite splitting in effect</skipped></testcase><testcase classname="src.pymortests.vectorarray" file="src/pymortests/vectorarray.py" line="290" name="test_append_self[2-&lt;lambda&gt;7]" time="0.0005846023559570312"><skipped message="Suite splitting in effect" type="pytest.skip">src/pymortests/vectorarray.py:290: Suite splitting in effect</skipped></testcase><testcase classname="src.pymortests.vectorarray" file="src/pymortests/vectorarray.py" line="290" name="test_append_self[2-&lt;lambda&gt;8]" time="0.0004260540008544922"><skipped message="Suite splitting in effect" type="pytest.skip">src/pymortests/vectorarray.py:290: Suite splitting in effect</skipped></testcase><testcase classname="src.pymortests.vectorarray" file="src/pymortests/vectorarray.py" line="290" name="test_append_self[2-&lt;lambda&gt;9]" time="0.00048232078552246094"><skipped message="Suite splitting in effect" type="pytest.skip">src/pymortests/vectorarray.py:290: Suite splitting in effect</skipped></testcase><testcase classname="src.pymortests.vectorarray" file="src/pymortests/vectorarray.py" line="290" name="test_append_self[2-&lt;lambda&gt;10]" time="0.0004260540008544922"><skipped message="Suite splitting in effect" type="pytest.skip">src/pymortests/vectorarray.py:290: Suite splitting in effect</skipped></testcase><testcase classname="src.pymortests.vectorarray" file="src/pymortests/vectorarray.py" line="290" name="test_append_self[2-&lt;lambda&gt;11]" time="0.0007340908050537109"><skipped message="Suite splitting in effect" type="pytest.skip">src/pymortests/vectorarray.py:290: Suite splitting in effect</skipped></testcase><testcase classname="src.pymortests.vectorarray" file="src/pymortests/vectorarray.py" line="290" name="test_append_self[2-&lt;lambda&gt;12]" time="0.0005266666412353516"><skipped message="Suite splitting in effect" type="pytest.skip">src/pymortests/vectorarray.py:290: Suite splitting in effect</skipped></testcase><testcase classname="src.pymortests.vectorarray" file="src/pymortests/vectorarray.py" line="290" name="test_append_self[2-&lt;lambda&gt;13]" time="0.0004334449768066406"><skipped message="Suite splitting in effect" type="pytest.skip">src/pymortests/vectorarray.py:290: Suite splitting in effect</skipped></testcase><testcase classname="src.pymortests.vectorarray" file="src/pymortests/vectorarray.py" line="290" name="test_append_self[2-&lt;lambda&gt;14]" time="0.0004894733428955078"><skipped message="Suite splitting in effect" type="pytest.skip">src/pymortests/vectorarray.py:290: Suite splitting in effect</skipped></testcase><testcase classname="src.pymortests.vectorarray" file="src/pymortests/vectorarray.py" line="290" name="test_append_self[2-&lt;lambda&gt;15]" time="0.0005180835723876953"><skipped message="Suite splitting in effect" type="pytest.skip">src/pymortests/vectorarray.py:290: Suite splitting in effect</skipped></testcase><testcase classname="src.pymortests.vectorarray" file="src/pymortests/vectorarray.py" line="290" name="test_append_self[2-&lt;lambda&gt;16]" time="0.0004444122314453125"><skipped message="Suite splitting in effect" type="pytest.skip">src/pymortests/vectorarray.py:290: Suite splitting in effect</skipped></testcase><testcase classname="src.pymortests.vectorarray" file="src/pymortests/vectorarray.py" line="290" name="test_append_self[2-&lt;lambda&gt;17]" time="0.000522613525390625"><skipped message="Suite splitting in effect" type="pytest.skip">src/pymortests/vectorarray.py:290: Suite splitting in effect</skipped></testcase><testcase classname="src.pymortests.vectorarray" file="src/pymortests/vectorarray.py" line="290" name="test_append_self[2-&lt;lambda&gt;18]" time="0.0004858970642089844"><skipped message="Suite splitting in effect" type="pytest.skip">src/pymortests/vectorarray.py:290: Suite splitting in effect</skipped></testcase><testcase classname="src.pymortests.vectorarray" file="src/pymortests/vectorarray.py" line="290" name="test_append_self[2-&lt;lambda&gt;19]" time="0.0008101463317871094"><skipped message="Suite splitting in effect" type="pytest.skip">src/pymortests/vectorarray.py:290: Suite splitting in effect</skipped></testcase><testcase classname="src.pymortests.vectorarray" file="src/pymortests/vectorarray.py" line="290" name="test_append_self[2-&lt;lambda&gt;20]" time="0.00043463706970214844"><skipped message="Suite splitting in effect" type="pytest.skip">src/pymortests/vectorarray.py:290: Suite splitting in effect</skipped></testcase><testcase classname="src.pymortests.vectorarray" file="src/pymortests/vectorarray.py" line="290" name="test_append_self[2-&lt;lambda&gt;21]" time="0.0004374980926513672"><skipped message="Suite splitting in effect" type="pytest.skip">src/pymortests/vectorarray.py:290: Suite splitting in effect</skipped></testcase><testcase classname="src.pymortests.vectorarray" file="src/pymortests/vectorarray.py" line="290" name="test_append_self[2-&lt;lambda&gt;22]" time="0.0004780292510986328"><skipped message="Suite splitting in effect" type="pytest.skip">src/pymortests/vectorarray.py:290: Suite splitting in effect</skipped></testcase><testcase classname="src.pymortests.vectorarray" file="src/pymortests/vectorarray.py" line="290" name="test_append_self[2-&lt;lambda&gt;23]" time="0.0004680156707763672"><skipped message="Suite splitting in effect" type="pytest.skip">src/pymortests/vectorarray.py:290: Suite splitting in effect</skipped></testcase><testcase classname="src.pymortests.vectorarray" file="src/pymortests/vectorarray.py" line="290" name="test_append_self[2-&lt;lambda&gt;24]" time="0.0005257129669189453"><skipped message="Suite splitting in effect" type="pytest.skip">src/pymortests/vectorarray.py:290: Suite splitting in effect</skipped></testcase><testcase classname="src.pymortests.vectorarray" file="src/pymortests/vectorarray.py" line="290" name="test_append_self[2-&lt;lambda&gt;25]" time="0.0004513263702392578"><skipped message="Suite splitting in effect" type="pytest.skip">src/pymortests/vectorarray.py:290: Suite splitting in effect</skipped></testcase><testcase classname="src.pymortests.vectorarray" file="src/pymortests/vectorarray.py" line="290" name="test_append_self[2-&lt;lambda&gt;26]" time="0.0005064010620117188"><skipped message="Suite splitting in effect" type="pytest.skip">src/pymortests/vectorarray.py:290: Suite splitting in effect</skipped></testcase><testcase classname="src.pymortests.vectorarray" file="src/pymortests/vectorarray.py" line="306" name="test_del[0-&lt;lambda&gt;0]" time="0.0009620189666748047"><skipped message="Suite splitting in effect" type="pytest.skip">src/pymortests/vectorarray.py:306: Suite splitting in effect</skipped></testcase><testcase classname="src.pymortests.vectorarray" file="src/pymortests/vectorarray.py" line="306" name="test_del[0-&lt;lambda&gt;1]" time="0.0005056858062744141"><skipped message="Suite splitting in effect" type="pytest.skip">src/pymortests/vectorarray.py:306: Suite splitting in effect</skipped></testcase><testcase classname="src.pymortests.vectorarray" file="src/pymortests/vectorarray.py" line="306" name="test_del[0-&lt;lambda&gt;2]" time="0.0004825592041015625"><skipped message="Suite splitting in effect" type="pytest.skip">src/pymortests/vectorarray.py:306: Suite splitting in effect</skipped></testcase><testcase classname="src.pymortests.vectorarray" file="src/pymortests/vectorarray.py" line="306" name="test_del[0-&lt;lambda&gt;3]" time="0.0005004405975341797"><skipped message="Suite splitting in effect" type="pytest.skip">src/pymortests/vectorarray.py:306: Suite splitting in effect</skipped></testcase><testcase classname="src.pymortests.vectorarray" file="src/pymortests/vectorarray.py" line="306" name="test_del[0-&lt;lambda&gt;4]" time="0.00044274330139160156"><skipped message="Suite splitting in effect" type="pytest.skip">src/pymortests/vectorarray.py:306: Suite splitting in effect</skipped></testcase><testcase classname="src.pymortests.vectorarray" file="src/pymortests/vectorarray.py" line="306" name="test_del[0-&lt;lambda&gt;5]" time="0.0005259513854980469"><skipped message="Suite splitting in effect" type="pytest.skip">src/pymortests/vectorarray.py:306: Suite splitting in effect</skipped></testcase><testcase classname="src.pymortests.vectorarray" file="src/pymortests/vectorarray.py" line="306" name="test_del[0-&lt;lambda&gt;6]" time="0.0004935264587402344"><skipped message="Suite splitting in effect" type="pytest.skip">src/pymortests/vectorarray.py:306: Suite splitting in effect</skipped></testcase><testcase classname="src.pymortests.vectorarray" file="src/pymortests/vectorarray.py" line="306" name="test_del[0-&lt;lambda&gt;7]" time="0.0004100799560546875"><skipped message="Suite splitting in effect" type="pytest.skip">src/pymortests/vectorarray.py:306: Suite splitting in effect</skipped></testcase><testcase classname="src.pymortests.vectorarray" file="src/pymortests/vectorarray.py" line="306" name="test_del[0-&lt;lambda&gt;8]" time="0.0007588863372802734"><skipped message="Suite splitting in effect" type="pytest.skip">src/pymortests/vectorarray.py:306: Suite splitting in effect</skipped></testcase><testcase classname="src.pymortests.vectorarray" file="src/pymortests/vectorarray.py" line="306" name="test_del[0-&lt;lambda&gt;9]" time="0.0005195140838623047"><skipped message="Suite splitting in effect" type="pytest.skip">src/pymortests/vectorarray.py:306: Suite splitting in effect</skipped></testcase><testcase classname="src.pymortests.vectorarray" file="src/pymortests/vectorarray.py" line="306" name="test_del[0-&lt;lambda&gt;10]" time="0.0005540847778320312"><skipped message="Suite splitting in effect" type="pytest.skip">src/pymortests/vectorarray.py:306: Suite splitting in effect</skipped></testcase><testcase classname="src.pymortests.vectorarray" file="src/pymortests/vectorarray.py" line="306" name="test_del[0-&lt;lambda&gt;11]" time="0.00048089027404785156"><skipped message="Suite splitting in effect" type="pytest.skip">src/pymortests/vectorarray.py:306: Suite splitting in effect</skipped></testcase><testcase classname="src.pymortests.vectorarray" file="src/pymortests/vectorarray.py" line="306" name="test_del[0-&lt;lambda&gt;12]" time="0.008396625518798828"></testcase><testcase classname="src.pymortests.vectorarray" file="src/pymortests/vectorarray.py" line="306" name="test_del[0-&lt;lambda&gt;13]" time="0.006433963775634766"></testcase><testcase classname="src.pymortests.vectorarray" file="src/pymortests/vectorarray.py" line="306" name="test_del[0-&lt;lambda&gt;14]" time="0.00807046890258789"></testcase><testcase classname="src.pymortests.vectorarray" file="src/pymortests/vectorarray.py" line="306" name="test_del[0-&lt;lambda&gt;15]" time="0.011476993560791016"></testcase><testcase classname="src.pymortests.vectorarray" file="src/pymortests/vectorarray.py" line="306" name="test_del[0-&lt;lambda&gt;16]" time="0.014250755310058594"></testcase><testcase classname="src.pymortests.vectorarray" file="src/pymortests/vectorarray.py" line="306" name="test_del[0-&lt;lambda&gt;17]" time="0.011529684066772461"></testcase><testcase classname="src.pymortests.vectorarray" file="src/pymortests/vectorarray.py" line="306" name="test_del[0-&lt;lambda&gt;18]" time="0.011360645294189453"></testcase><testcase classname="src.pymortests.vectorarray" file="src/pymortests/vectorarray.py" line="306" name="test_del[0-&lt;lambda&gt;19]" time="0.014963626861572266"></testcase><testcase classname="src.pymortests.vectorarray" file="src/pymortests/vectorarray.py" line="306" name="test_del[0-&lt;lambda&gt;20]" time="0.043364763259887695"></testcase><testcase classname="src.pymortests.vectorarray" file="src/pymortests/vectorarray.py" line="306" name="test_del[0-&lt;lambda&gt;21]" time="0.1042947769165039"></testcase><testcase classname="src.pymortests.vectorarray" file="src/pymortests/vectorarray.py" line="306" name="test_del[0-&lt;lambda&gt;22]" time="0.00528717041015625"><system-out> set global mesh
 set global mesh
 Update mesh topology
 Update edges 
 Update faces 
 Update clusters
</system-out></testcase><testcase classname="src.pymortests.vectorarray" file="src/pymortests/vectorarray.py" line="306" name="test_del[0-&lt;lambda&gt;23]" time="0.0044097900390625"><system-out> set global mesh
 set global mesh
 Update mesh topology
 Update edges 
 Update faces 
 Update clusters
</system-out></testcase><testcase classname="src.pymortests.vectorarray" file="src/pymortests/vectorarray.py" line="306" name="test_del[0-&lt;lambda&gt;24]" time="0.007418155670166016"><system-out> set global mesh
 set global mesh
 Update mesh topology
 Update edges 
 Update faces 
 Update clusters
</system-out></testcase><testcase classname="src.pymortests.vectorarray" file="src/pymortests/vectorarray.py" line="306" name="test_del[0-&lt;lambda&gt;25]" time="0.05202198028564453"><system-out> set global mesh
 set global mesh
 Update mesh topology
 Update edges 
 Update faces 
 Update clusters
</system-out></testcase><testcase classname="src.pymortests.vectorarray" file="src/pymortests/vectorarray.py" line="306" name="test_del[0-&lt;lambda&gt;26]" time="0.11555671691894531"></testcase><testcase classname="src.pymortests.vectorarray" file="src/pymortests/vectorarray.py" line="306" name="test_del[1-&lt;lambda&gt;0]" time="0.005000114440917969"></testcase><testcase classname="src.pymortests.vectorarray" file="src/pymortests/vectorarray.py" line="306" name="test_del[1-&lt;lambda&gt;1]" time="0.004121303558349609"></testcase><testcase classname="src.pymortests.vectorarray" file="src/pymortests/vectorarray.py" line="306" name="test_del[1-&lt;lambda&gt;2]" time="0.004786968231201172"></testcase><testcase classname="src.pymortests.vectorarray" file="src/pymortests/vectorarray.py" line="306" name="test_del[1-&lt;lambda&gt;3]" time="0.005564689636230469"></testcase><testcase classname="src.pymortests.vectorarray" file="src/pymortests/vectorarray.py" line="306" name="test_del[1-&lt;lambda&gt;4]" time="0.005891323089599609"></testcase><testcase classname="src.pymortests.vectorarray" file="src/pymortests/vectorarray.py" line="306" name="test_del[1-&lt;lambda&gt;5]" time="0.00339508056640625"></testcase><testcase classname="src.pymortests.vectorarray" file="src/pymortests/vectorarray.py" line="306" name="test_del[1-&lt;lambda&gt;6]" time="0.00341033935546875"></testcase><testcase classname="src.pymortests.vectorarray" file="src/pymortests/vectorarray.py" line="306" name="test_del[1-&lt;lambda&gt;7]" time="0.004364490509033203"></testcase><testcase classname="src.pymortests.vectorarray" file="src/pymortests/vectorarray.py" line="306" name="test_del[1-&lt;lambda&gt;8]" time="0.017502546310424805"></testcase><testcase classname="src.pymortests.vectorarray" file="src/pymortests/vectorarray.py" line="306" name="test_del[1-&lt;lambda&gt;9]" time="0.033373117446899414"></testcase><testcase classname="src.pymortests.vectorarray" file="src/pymortests/vectorarray.py" line="306" name="test_del[1-&lt;lambda&gt;10]" time="0.007086992263793945"></testcase><testcase classname="src.pymortests.vectorarray" file="src/pymortests/vectorarray.py" line="306" name="test_del[1-&lt;lambda&gt;11]" time="0.007930517196655273"></testcase><testcase classname="src.pymortests.vectorarray" file="src/pymortests/vectorarray.py" line="306" name="test_del[1-&lt;lambda&gt;12]" time="0.0076792240142822266"></testcase><testcase classname="src.pymortests.vectorarray" file="src/pymortests/vectorarray.py" line="306" name="test_del[1-&lt;lambda&gt;13]" time="0.006380796432495117"></testcase><testcase classname="src.pymortests.vectorarray" file="src/pymortests/vectorarray.py" line="306" name="test_del[1-&lt;lambda&gt;14]" time="0.008159399032592773"></testcase><testcase classname="src.pymortests.vectorarray" file="src/pymortests/vectorarray.py" line="306" name="test_del[1-&lt;lambda&gt;15]" time="0.011597156524658203"></testcase><testcase classname="src.pymortests.vectorarray" file="src/pymortests/vectorarray.py" line="306" name="test_del[1-&lt;lambda&gt;16]" time="0.014495372772216797"></testcase><testcase classname="src.pymortests.vectorarray" file="src/pymortests/vectorarray.py" line="306" name="test_del[1-&lt;lambda&gt;17]" time="0.01111459732055664"></testcase><testcase classname="src.pymortests.vectorarray" file="src/pymortests/vectorarray.py" line="306" name="test_del[1-&lt;lambda&gt;18]" time="0.011057138442993164"></testcase><testcase classname="src.pymortests.vectorarray" file="src/pymortests/vectorarray.py" line="306" name="test_del[1-&lt;lambda&gt;19]" time="0.013928651809692383"></testcase><testcase classname="src.pymortests.vectorarray" file="src/pymortests/vectorarray.py" line="306" name="test_del[1-&lt;lambda&gt;20]" time="0.0409848690032959"></testcase><testcase classname="src.pymortests.vectorarray" file="src/pymortests/vectorarray.py" line="306" name="test_del[1-&lt;lambda&gt;21]" time="0.08712887763977051"></testcase><testcase classname="src.pymortests.vectorarray" file="src/pymortests/vectorarray.py" line="306" name="test_del[1-&lt;lambda&gt;22]" time="0.004193305969238281"></testcase><testcase classname="src.pymortests.vectorarray" file="src/pymortests/vectorarray.py" line="306" name="test_del[1-&lt;lambda&gt;23]" time="0.0033364295959472656"></testcase><testcase classname="src.pymortests.vectorarray" file="src/pymortests/vectorarray.py" line="306" name="test_del[1-&lt;lambda&gt;24]" time="0.005544900894165039"></testcase><testcase classname="src.pymortests.vectorarray" file="src/pymortests/vectorarray.py" line="306" name="test_del[1-&lt;lambda&gt;25]" time="0.049477338790893555"></testcase><testcase classname="src.pymortests.vectorarray" file="src/pymortests/vectorarray.py" line="306" name="test_del[1-&lt;lambda&gt;26]" time="0.11358976364135742"></testcase><testcase classname="src.pymortests.vectorarray" file="src/pymortests/vectorarray.py" line="306" name="test_del[2-&lt;lambda&gt;0]" time="0.004503011703491211"></testcase><testcase classname="src.pymortests.vectorarray" file="src/pymortests/vectorarray.py" line="306" name="test_del[2-&lt;lambda&gt;1]" time="0.003649473190307617"></testcase><testcase classname="src.pymortests.vectorarray" file="src/pymortests/vectorarray.py" line="306" name="test_del[2-&lt;lambda&gt;2]" time="0.0047419071197509766"></testcase><testcase classname="src.pymortests.vectorarray" file="src/pymortests/vectorarray.py" line="306" name="test_del[2-&lt;lambda&gt;3]" time="0.005070686340332031"></testcase><testcase classname="src.pymortests.vectorarray" file="src/pymortests/vectorarray.py" line="306" name="test_del[2-&lt;lambda&gt;4]" time="0.005978584289550781"></testcase><testcase classname="src.pymortests.vectorarray" file="src/pymortests/vectorarray.py" line="306" name="test_del[2-&lt;lambda&gt;5]" time="0.003028392791748047"></testcase><testcase classname="src.pymortests.vectorarray" file="src/pymortests/vectorarray.py" line="306" name="test_del[2-&lt;lambda&gt;6]" time="0.003055572509765625"></testcase><testcase classname="src.pymortests.vectorarray" file="src/pymortests/vectorarray.py" line="306" name="test_del[2-&lt;lambda&gt;7]" time="0.003972530364990234"></testcase><testcase classname="src.pymortests.vectorarray" file="src/pymortests/vectorarray.py" line="306" name="test_del[2-&lt;lambda&gt;8]" time="0.01605224609375"></testcase><testcase classname="src.pymortests.vectorarray" file="src/pymortests/vectorarray.py" line="306" name="test_del[2-&lt;lambda&gt;9]" time="0.031178712844848633"></testcase><testcase classname="src.pymortests.vectorarray" file="src/pymortests/vectorarray.py" line="306" name="test_del[2-&lt;lambda&gt;10]" time="0.006709098815917969"></testcase><testcase classname="src.pymortests.vectorarray" file="src/pymortests/vectorarray.py" line="306" name="test_del[2-&lt;lambda&gt;11]" time="0.007375240325927734"></testcase><testcase classname="src.pymortests.vectorarray" file="src/pymortests/vectorarray.py" line="306" name="test_del[2-&lt;lambda&gt;12]" time="0.007208347320556641"></testcase><testcase classname="src.pymortests.vectorarray" file="src/pymortests/vectorarray.py" line="306" name="test_del[2-&lt;lambda&gt;13]" time="0.005607128143310547"></testcase><testcase classname="src.pymortests.vectorarray" file="src/pymortests/vectorarray.py" line="306" name="test_del[2-&lt;lambda&gt;14]" time="0.007264137268066406"></testcase><testcase classname="src.pymortests.vectorarray" file="src/pymortests/vectorarray.py" line="306" name="test_del[2-&lt;lambda&gt;15]" time="0.010370254516601562"></testcase><testcase classname="src.pymortests.vectorarray" file="src/pymortests/vectorarray.py" line="306" name="test_del[2-&lt;lambda&gt;16]" time="0.011994361877441406"></testcase><testcase classname="src.pymortests.vectorarray" file="src/pymortests/vectorarray.py" line="306" name="test_del[2-&lt;lambda&gt;17]" time="0.010308027267456055"></testcase><testcase classname="src.pymortests.vectorarray" file="src/pymortests/vectorarray.py" line="306" name="test_del[2-&lt;lambda&gt;18]" time="0.010106325149536133"></testcase><testcase classname="src.pymortests.vectorarray" file="src/pymortests/vectorarray.py" line="306" name="test_del[2-&lt;lambda&gt;19]" time="0.012708902359008789"></testcase><testcase classname="src.pymortests.vectorarray" file="src/pymortests/vectorarray.py" line="306" name="test_del[2-&lt;lambda&gt;20]" time="0.03817629814147949"></testcase><testcase classname="src.pymortests.vectorarray" file="src/pymortests/vectorarray.py" line="306" name="test_del[2-&lt;lambda&gt;21]" time="0.08214163780212402"></testcase><testcase classname="src.pymortests.vectorarray" file="src/pymortests/vectorarray.py" line="306" name="test_del[2-&lt;lambda&gt;22]" time="0.00413060188293457"></testcase><testcase classname="src.pymortests.vectorarray" file="src/pymortests/vectorarray.py" line="306" name="test_del[2-&lt;lambda&gt;23]" time="0.0032846927642822266"></testcase><testcase classname="src.pymortests.vectorarray" file="src/pymortests/vectorarray.py" line="306" name="test_del[2-&lt;lambda&gt;24]" time="0.005532979965209961"></testcase><testcase classname="src.pymortests.vectorarray" file="src/pymortests/vectorarray.py" line="306" name="test_del[2-&lt;lambda&gt;25]" time="0.04999732971191406"></testcase><testcase classname="src.pymortests.vectorarray" file="src/pymortests/vectorarray.py" line="306" name="test_del[2-&lt;lambda&gt;26]" time="0.11632370948791504"></testcase><testcase classname="src.pymortests.vectorarray" file="src/pymortests/vectorarray.py" line="323" name="test_scal[0-&lt;lambda&gt;0]" time="0.019173622131347656"></testcase><testcase classname="src.pymortests.vectorarray" file="src/pymortests/vectorarray.py" line="323" name="test_scal[0-&lt;lambda&gt;1]" time="0.020070791244506836"></testcase><testcase classname="src.pymortests.vectorarray" file="src/pymortests/vectorarray.py" line="323" name="test_scal[0-&lt;lambda&gt;2]" time="0.01946878433227539"></testcase><testcase classname="src.pymortests.vectorarray" file="src/pymortests/vectorarray.py" line="323" name="test_scal[0-&lt;lambda&gt;3]" time="0.02291560173034668"></testcase><testcase classname="src.pymortests.vectorarray" file="src/pymortests/vectorarray.py" line="323" name="test_scal[0-&lt;lambda&gt;4]" time="0.02309894561767578"></testcase><testcase classname="src.pymortests.vectorarray" file="src/pymortests/vectorarray.py" line="323" name="test_scal[0-&lt;lambda&gt;5]" time="0.015878677368164062"></testcase><testcase classname="src.pymortests.vectorarray" file="src/pymortests/vectorarray.py" line="323" name="test_scal[0-&lt;lambda&gt;6]" time="0.01581573486328125"></testcase><testcase classname="src.pymortests.vectorarray" file="src/pymortests/vectorarray.py" line="323" name="test_scal[0-&lt;lambda&gt;7]" time="0.01844191551208496"></testcase><testcase classname="src.pymortests.vectorarray" file="src/pymortests/vectorarray.py" line="323" name="test_scal[0-&lt;lambda&gt;8]" time="0.09367895126342773"></testcase><testcase classname="src.pymortests.vectorarray" file="src/pymortests/vectorarray.py" line="323" name="test_scal[0-&lt;lambda&gt;9]" time="0.16995954513549805"></testcase><testcase classname="src.pymortests.vectorarray" file="src/pymortests/vectorarray.py" line="323" name="test_scal[0-&lt;lambda&gt;10]" time="0.03354597091674805"></testcase><testcase classname="src.pymortests.vectorarray" file="src/pymortests/vectorarray.py" line="323" name="test_scal[0-&lt;lambda&gt;11]" time="0.035257816314697266"></testcase><testcase classname="src.pymortests.vectorarray" file="src/pymortests/vectorarray.py" line="323" name="test_scal[0-&lt;lambda&gt;12]" time="0.0326688289642334"></testcase><testcase classname="src.pymortests.vectorarray" file="src/pymortests/vectorarray.py" line="323" name="test_scal[0-&lt;lambda&gt;13]" time="0.025985240936279297"></testcase><testcase classname="src.pymortests.vectorarray" file="src/pymortests/vectorarray.py" line="323" name="test_scal[0-&lt;lambda&gt;14]" time="0.03540658950805664"></testcase><testcase classname="src.pymortests.vectorarray" file="src/pymortests/vectorarray.py" line="323" name="test_scal[0-&lt;lambda&gt;15]" time="0.052098989486694336"></testcase><testcase classname="src.pymortests.vectorarray" file="src/pymortests/vectorarray.py" line="323" name="test_scal[0-&lt;lambda&gt;16]" time="0.05695939064025879"></testcase><testcase classname="src.pymortests.vectorarray" file="src/pymortests/vectorarray.py" line="323" name="test_scal[0-&lt;lambda&gt;17]" time="0.04768633842468262"></testcase><testcase classname="src.pymortests.vectorarray" file="src/pymortests/vectorarray.py" line="323" name="test_scal[0-&lt;lambda&gt;18]" time="0.04744982719421387"></testcase><testcase classname="src.pymortests.vectorarray" file="src/pymortests/vectorarray.py" line="323" name="test_scal[0-&lt;lambda&gt;19]" time="0.06414151191711426"></testcase><testcase classname="src.pymortests.vectorarray" file="src/pymortests/vectorarray.py" line="323" name="test_scal[0-&lt;lambda&gt;20]" time="0.19803619384765625"></testcase><testcase classname="src.pymortests.vectorarray" file="src/pymortests/vectorarray.py" line="323" name="test_scal[0-&lt;lambda&gt;21]" time="0.43450427055358887"></testcase><testcase classname="src.pymortests.vectorarray" file="src/pymortests/vectorarray.py" line="323" name="test_scal[0-&lt;lambda&gt;22]" time="0.017421722412109375"></testcase><testcase classname="src.pymortests.vectorarray" file="src/pymortests/vectorarray.py" line="323" name="test_scal[0-&lt;lambda&gt;23]" time="0.01753377914428711"></testcase><testcase classname="src.pymortests.vectorarray" file="src/pymortests/vectorarray.py" line="323" name="test_scal[0-&lt;lambda&gt;24]" time="0.027823925018310547"></testcase><testcase classname="src.pymortests.vectorarray" file="src/pymortests/vectorarray.py" line="323" name="test_scal[0-&lt;lambda&gt;25]" time="0.2848832607269287"></testcase><testcase classname="src.pymortests.vectorarray" file="src/pymortests/vectorarray.py" line="323" name="test_scal[0-&lt;lambda&gt;26]" time="0.6242833137512207"></testcase><testcase classname="src.pymortests.vectorarray" file="src/pymortests/vectorarray.py" line="323" name="test_scal[1-&lt;lambda&gt;0]" time="0.019378185272216797"></testcase><testcase classname="src.pymortests.vectorarray" file="src/pymortests/vectorarray.py" line="323" name="test_scal[1-&lt;lambda&gt;1]" time="0.020287036895751953"></testcase><testcase classname="src.pymortests.vectorarray" file="src/pymortests/vectorarray.py" line="323" name="test_scal[1-&lt;lambda&gt;2]" time="0.019350051879882812"></testcase><testcase classname="src.pymortests.vectorarray" file="src/pymortests/vectorarray.py" line="323" name="test_scal[1-&lt;lambda&gt;3]" time="0.02343010902404785"></testcase><testcase classname="src.pymortests.vectorarray" file="src/pymortests/vectorarray.py" line="323" name="test_scal[1-&lt;lambda&gt;4]" time="0.023351192474365234"></testcase><testcase classname="src.pymortests.vectorarray" file="src/pymortests/vectorarray.py" line="323" name="test_scal[1-&lt;lambda&gt;5]" time="0.015738725662231445"></testcase><testcase classname="src.pymortests.vectorarray" file="src/pymortests/vectorarray.py" line="323" name="test_scal[1-&lt;lambda&gt;6]" time="0.01569390296936035"></testcase><testcase classname="src.pymortests.vectorarray" file="src/pymortests/vectorarray.py" line="323" name="test_scal[1-&lt;lambda&gt;7]" time="0.018231630325317383"></testcase><testcase classname="src.pymortests.vectorarray" file="src/pymortests/vectorarray.py" line="323" name="test_scal[1-&lt;lambda&gt;8]" time="0.08989262580871582"></testcase><testcase classname="src.pymortests.vectorarray" file="src/pymortests/vectorarray.py" line="323" name="test_scal[1-&lt;lambda&gt;9]" time="0.1658186912536621"></testcase><testcase classname="src.pymortests.vectorarray" file="src/pymortests/vectorarray.py" line="323" name="test_scal[1-&lt;lambda&gt;10]" time="0.033625125885009766"></testcase><testcase classname="src.pymortests.vectorarray" file="src/pymortests/vectorarray.py" line="323" name="test_scal[1-&lt;lambda&gt;11]" time="0.03493189811706543"></testcase><testcase classname="src.pymortests.vectorarray" file="src/pymortests/vectorarray.py" line="323" name="test_scal[1-&lt;lambda&gt;12]" time="0.03281879425048828"></testcase><testcase classname="src.pymortests.vectorarray" file="src/pymortests/vectorarray.py" line="323" name="test_scal[1-&lt;lambda&gt;13]" time="0.026060819625854492"></testcase><testcase classname="src.pymortests.vectorarray" file="src/pymortests/vectorarray.py" line="323" name="test_scal[1-&lt;lambda&gt;14]" time="0.03512692451477051"></testcase><testcase classname="src.pymortests.vectorarray" file="src/pymortests/vectorarray.py" line="323" name="test_scal[1-&lt;lambda&gt;15]" time="0.05121135711669922"></testcase><testcase classname="src.pymortests.vectorarray" file="src/pymortests/vectorarray.py" line="323" name="test_scal[1-&lt;lambda&gt;16]" time="0.05578112602233887"></testcase><testcase classname="src.pymortests.vectorarray" file="src/pymortests/vectorarray.py" line="323" name="test_scal[1-&lt;lambda&gt;17]" time="0.04744744300842285"></testcase><testcase classname="src.pymortests.vectorarray" file="src/pymortests/vectorarray.py" line="323" name="test_scal[1-&lt;lambda&gt;18]" time="0.047690629959106445"></testcase><testcase classname="src.pymortests.vectorarray" file="src/pymortests/vectorarray.py" line="323" name="test_scal[1-&lt;lambda&gt;19]" time="0.06305146217346191"></testcase><testcase classname="src.pymortests.vectorarray" file="src/pymortests/vectorarray.py" line="323" name="test_scal[1-&lt;lambda&gt;20]" time="0.19614934921264648"></testcase><testcase classname="src.pymortests.vectorarray" file="src/pymortests/vectorarray.py" line="323" name="test_scal[1-&lt;lambda&gt;21]" time="0.4444856643676758"></testcase><testcase classname="src.pymortests.vectorarray" file="src/pymortests/vectorarray.py" line="323" name="test_scal[1-&lt;lambda&gt;22]" time="0.017295122146606445"></testcase><testcase classname="src.pymortests.vectorarray" file="src/pymortests/vectorarray.py" line="323" name="test_scal[1-&lt;lambda&gt;23]" time="0.0175020694732666"></testcase><testcase classname="src.pymortests.vectorarray" file="src/pymortests/vectorarray.py" line="323" name="test_scal[1-&lt;lambda&gt;24]" time="0.028543949127197266"></testcase><testcase classname="src.pymortests.vectorarray" file="src/pymortests/vectorarray.py" line="323" name="test_scal[1-&lt;lambda&gt;25]" time="0.3119223117828369"></testcase><testcase classname="src.pymortests.vectorarray" file="src/pymortests/vectorarray.py" line="323" name="test_scal[1-&lt;lambda&gt;26]" time="0.6825199127197266"></testcase><testcase classname="src.pymortests.vectorarray" file="src/pymortests/vectorarray.py" line="323" name="test_scal[2-&lt;lambda&gt;0]" time="0.019000768661499023"></testcase><testcase classname="src.pymortests.vectorarray" file="src/pymortests/vectorarray.py" line="323" name="test_scal[2-&lt;lambda&gt;1]" time="0.020264387130737305"></testcase><testcase classname="src.pymortests.vectorarray" file="src/pymortests/vectorarray.py" line="323" name="test_scal[2-&lt;lambda&gt;2]" time="0.01930522918701172"></testcase><testcase classname="src.pymortests.vectorarray" file="src/pymortests/vectorarray.py" line="323" name="test_scal[2-&lt;lambda&gt;3]" time="0.02322673797607422"></testcase><testcase classname="src.pymortests.vectorarray" file="src/pymortests/vectorarray.py" line="323" name="test_scal[2-&lt;lambda&gt;4]" time="0.023026227951049805"></testcase><testcase classname="src.pymortests.vectorarray" file="src/pymortests/vectorarray.py" line="323" name="test_scal[2-&lt;lambda&gt;5]" time="0.015709638595581055"></testcase><testcase classname="src.pymortests.vectorarray" file="src/pymortests/vectorarray.py" line="323" name="test_scal[2-&lt;lambda&gt;6]" time="0.01567840576171875"></testcase><testcase classname="src.pymortests.vectorarray" file="src/pymortests/vectorarray.py" line="323" name="test_scal[2-&lt;lambda&gt;7]" time="0.018178462982177734"></testcase><testcase classname="src.pymortests.vectorarray" file="src/pymortests/vectorarray.py" line="323" name="test_scal[2-&lt;lambda&gt;8]" time="0.0901327133178711"></testcase><testcase classname="src.pymortests.vectorarray" file="src/pymortests/vectorarray.py" line="323" name="test_scal[2-&lt;lambda&gt;9]" time="0.16773724555969238"></testcase><testcase classname="src.pymortests.vectorarray" file="src/pymortests/vectorarray.py" line="323" name="test_scal[2-&lt;lambda&gt;10]" time="0.03383374214172363"></testcase><testcase classname="src.pymortests.vectorarray" file="src/pymortests/vectorarray.py" line="323" name="test_scal[2-&lt;lambda&gt;11]" time="0.03448843955993652"></testcase><testcase classname="src.pymortests.vectorarray" file="src/pymortests/vectorarray.py" line="323" name="test_scal[2-&lt;lambda&gt;12]" time="0.03288531303405762"></testcase><testcase classname="src.pymortests.vectorarray" file="src/pymortests/vectorarray.py" line="323" name="test_scal[2-&lt;lambda&gt;13]" time="0.026073455810546875"></testcase><testcase classname="src.pymortests.vectorarray" file="src/pymortests/vectorarray.py" line="323" name="test_scal[2-&lt;lambda&gt;14]" time="0.034731388092041016"></testcase><testcase classname="src.pymortests.vectorarray" file="src/pymortests/vectorarray.py" line="323" name="test_scal[2-&lt;lambda&gt;15]" time="0.05053520202636719"></testcase><testcase classname="src.pymortests.vectorarray" file="src/pymortests/vectorarray.py" line="323" name="test_scal[2-&lt;lambda&gt;16]" time="0.05615544319152832"></testcase><testcase classname="src.pymortests.vectorarray" file="src/pymortests/vectorarray.py" line="323" name="test_scal[2-&lt;lambda&gt;17]" time="0.048061370849609375"></testcase><testcase classname="src.pymortests.vectorarray" file="src/pymortests/vectorarray.py" line="323" name="test_scal[2-&lt;lambda&gt;18]" time="0.0478663444519043"></testcase><testcase classname="src.pymortests.vectorarray" file="src/pymortests/vectorarray.py" line="323" name="test_scal[2-&lt;lambda&gt;19]" time="0.06311678886413574"></testcase><testcase classname="src.pymortests.vectorarray" file="src/pymortests/vectorarray.py" line="323" name="test_scal[2-&lt;lambda&gt;20]" time="0.20615482330322266"></testcase><testcase classname="src.pymortests.vectorarray" file="src/pymortests/vectorarray.py" line="323" name="test_scal[2-&lt;lambda&gt;21]" time="0.47200989723205566"></testcase><testcase classname="src.pymortests.vectorarray" file="src/pymortests/vectorarray.py" line="323" name="test_scal[2-&lt;lambda&gt;22]" time="0.017055511474609375"></testcase><testcase classname="src.pymortests.vectorarray" file="src/pymortests/vectorarray.py" line="323" name="test_scal[2-&lt;lambda&gt;23]" time="0.01781320571899414"></testcase><testcase classname="src.pymortests.vectorarray" file="src/pymortests/vectorarray.py" line="323" name="test_scal[2-&lt;lambda&gt;24]" time="0.02985215187072754"></testcase><testcase classname="src.pymortests.vectorarray" file="src/pymortests/vectorarray.py" line="323" name="test_scal[2-&lt;lambda&gt;25]" time="0.33159971237182617"></testcase><testcase classname="src.pymortests.vectorarray" file="src/pymortests/vectorarray.py" line="323" name="test_scal[2-&lt;lambda&gt;26]" time="0.7339932918548584"></testcase><testcase classname="src.pymortests.vectorarray" file="src/pymortests/vectorarray.py" line="361" name="test_axpy[compatible_vector_array_pair0-&lt;lambda&gt;0]" time="0.017589330673217773"></testcase><testcase classname="src.pymortests.vectorarray" file="src/pymortests/vectorarray.py" line="361" name="test_axpy[compatible_vector_array_pair0-&lt;lambda&gt;1]" time="0.005061149597167969"></testcase><testcase classname="src.pymortests.vectorarray" file="src/pymortests/vectorarray.py" line="361" name="test_axpy[compatible_vector_array_pair0-&lt;lambda&gt;2]" time="0.025943279266357422"></testcase><testcase classname="src.pymortests.vectorarray" file="src/pymortests/vectorarray.py" line="361" name="test_axpy[compatible_vector_array_pair0-&lt;lambda&gt;3]" time="0.028186321258544922"></testcase><testcase classname="src.pymortests.vectorarray" file="src/pymortests/vectorarray.py" line="361" name="test_axpy[compatible_vector_array_pair0-&lt;lambda&gt;4]" time="0.029195547103881836"></testcase><testcase classname="src.pymortests.vectorarray" file="src/pymortests/vectorarray.py" line="361" name="test_axpy[compatible_vector_array_pair0-&lt;lambda&gt;5]" time="0.03993630409240723"></testcase><testcase classname="src.pymortests.vectorarray" file="src/pymortests/vectorarray.py" line="361" name="test_axpy[compatible_vector_array_pair0-&lt;lambda&gt;6]" time="0.014150619506835938"></testcase><testcase classname="src.pymortests.vectorarray" file="src/pymortests/vectorarray.py" line="361" name="test_axpy[compatible_vector_array_pair0-&lt;lambda&gt;7]" time="0.0044002532958984375"></testcase><testcase classname="src.pymortests.vectorarray" file="src/pymortests/vectorarray.py" line="361" name="test_axpy[compatible_vector_array_pair0-&lt;lambda&gt;8]" time="0.06469273567199707"></testcase><testcase classname="src.pymortests.vectorarray" file="src/pymortests/vectorarray.py" line="361" name="test_axpy[compatible_vector_array_pair0-&lt;lambda&gt;9]" time="0.11239838600158691"></testcase><testcase classname="src.pymortests.vectorarray" file="src/pymortests/vectorarray.py" line="361" name="test_axpy[compatible_vector_array_pair0-&lt;lambda&gt;10]" time="0.2871279716491699"></testcase><testcase classname="src.pymortests.vectorarray" file="src/pymortests/vectorarray.py" line="361" name="test_axpy[compatible_vector_array_pair0-&lt;lambda&gt;11]" time="0.04596090316772461"></testcase><testcase classname="src.pymortests.vectorarray" file="src/pymortests/vectorarray.py" line="361" name="test_axpy[compatible_vector_array_pair0-&lt;lambda&gt;12]" time="0.03305935859680176"></testcase><testcase classname="src.pymortests.vectorarray" file="src/pymortests/vectorarray.py" line="361" name="test_axpy[compatible_vector_array_pair0-&lt;lambda&gt;13]" time="0.00870966911315918"></testcase><testcase classname="src.pymortests.vectorarray" file="src/pymortests/vectorarray.py" line="361" name="test_axpy[compatible_vector_array_pair0-&lt;lambda&gt;14]" time="0.03850150108337402"></testcase><testcase classname="src.pymortests.vectorarray" file="src/pymortests/vectorarray.py" line="361" name="test_axpy[compatible_vector_array_pair0-&lt;lambda&gt;15]" time="0.06542181968688965"></testcase><testcase classname="src.pymortests.vectorarray" file="src/pymortests/vectorarray.py" line="361" name="test_axpy[compatible_vector_array_pair0-&lt;lambda&gt;16]" time="0.06984925270080566"></testcase><testcase classname="src.pymortests.vectorarray" file="src/pymortests/vectorarray.py" line="361" name="test_axpy[compatible_vector_array_pair0-&lt;lambda&gt;17]" time="0.07484889030456543"></testcase><testcase classname="src.pymortests.vectorarray" file="src/pymortests/vectorarray.py" line="361" name="test_axpy[compatible_vector_array_pair0-&lt;lambda&gt;18]" time="0.04427933692932129"></testcase><testcase classname="src.pymortests.vectorarray" file="src/pymortests/vectorarray.py" line="361" name="test_axpy[compatible_vector_array_pair0-&lt;lambda&gt;19]" time="0.008148908615112305"></testcase><testcase classname="src.pymortests.vectorarray" file="src/pymortests/vectorarray.py" line="361" name="test_axpy[compatible_vector_array_pair0-&lt;lambda&gt;20]" time="0.24785876274108887"></testcase><testcase classname="src.pymortests.vectorarray" file="src/pymortests/vectorarray.py" line="361" name="test_axpy[compatible_vector_array_pair0-&lt;lambda&gt;21]" time="0.20848774909973145"></testcase><testcase classname="src.pymortests.vectorarray" file="src/pymortests/vectorarray.py" line="361" name="test_axpy[compatible_vector_array_pair0-&lt;lambda&gt;22]" time="0.5247843265533447"></testcase><testcase classname="src.pymortests.vectorarray" file="src/pymortests/vectorarray.py" line="361" name="test_axpy[compatible_vector_array_pair0-&lt;lambda&gt;23]" time="0.09672188758850098"></testcase><testcase classname="src.pymortests.vectorarray" file="src/pymortests/vectorarray.py" line="361" name="test_axpy[compatible_vector_array_pair0-&lt;lambda&gt;24]" time="0.0157930850982666"></testcase><testcase classname="src.pymortests.vectorarray" file="src/pymortests/vectorarray.py" line="361" name="test_axpy[compatible_vector_array_pair0-&lt;lambda&gt;25]" time="0.005736112594604492"></testcase><testcase classname="src.pymortests.vectorarray" file="src/pymortests/vectorarray.py" line="361" name="test_axpy[compatible_vector_array_pair0-&lt;lambda&gt;26]" time="0.24288725852966309"></testcase><testcase classname="src.pymortests.vectorarray" file="src/pymortests/vectorarray.py" line="361" name="test_axpy[compatible_vector_array_pair0-&lt;lambda&gt;27]" time="0.4174337387084961"></testcase><testcase classname="src.pymortests.vectorarray" file="src/pymortests/vectorarray.py" line="361" name="test_axpy[compatible_vector_array_pair0-&lt;lambda&gt;28]" time="1.272364616394043"><system-out> set global mesh
 set global mesh
 Update mesh topology
 Update edges 
 Update faces 
 Update clusters
</system-out></testcase><testcase classname="src.pymortests.vectorarray" file="src/pymortests/vectorarray.py" line="361" name="test_axpy[compatible_vector_array_pair0-&lt;lambda&gt;29]" time="0.10717630386352539"><system-out> set global mesh
 set global mesh
 Update mesh topology
 Update edges 
 Update faces 
 Update clusters
</system-out></testcase><testcase classname="src.pymortests.vectorarray" file="src/pymortests/vectorarray.py" line="361" name="test_axpy[compatible_vector_array_pair1-&lt;lambda&gt;0]" time="0.017794370651245117"></testcase><testcase classname="src.pymortests.vectorarray" file="src/pymortests/vectorarray.py" line="361" name="test_axpy[compatible_vector_array_pair1-&lt;lambda&gt;1]" time="0.0050961971282958984"></testcase><testcase classname="src.pymortests.vectorarray" file="src/pymortests/vectorarray.py" line="361" name="test_axpy[compatible_vector_array_pair1-&lt;lambda&gt;2]" time="0.025493383407592773"></testcase><testcase classname="src.pymortests.vectorarray" file="src/pymortests/vectorarray.py" line="361" name="test_axpy[compatible_vector_array_pair1-&lt;lambda&gt;3]" time="0.028790712356567383"></testcase><testcase classname="src.pymortests.vectorarray" file="src/pymortests/vectorarray.py" line="361" name="test_axpy[compatible_vector_array_pair1-&lt;lambda&gt;4]" time="0.02917003631591797"></testcase><testcase classname="src.pymortests.vectorarray" file="src/pymortests/vectorarray.py" line="361" name="test_axpy[compatible_vector_array_pair1-&lt;lambda&gt;5]" time="0.03979849815368652"></testcase><testcase classname="src.pymortests.vectorarray" file="src/pymortests/vectorarray.py" line="361" name="test_axpy[compatible_vector_array_pair1-&lt;lambda&gt;6]" time="0.014317035675048828"></testcase><testcase classname="src.pymortests.vectorarray" file="src/pymortests/vectorarray.py" line="361" name="test_axpy[compatible_vector_array_pair1-&lt;lambda&gt;7]" time="0.004504203796386719"></testcase><testcase classname="src.pymortests.vectorarray" file="src/pymortests/vectorarray.py" line="361" name="test_axpy[compatible_vector_array_pair1-&lt;lambda&gt;8]" time="0.06711339950561523"></testcase><testcase classname="src.pymortests.vectorarray" file="src/pymortests/vectorarray.py" line="361" name="test_axpy[compatible_vector_array_pair1-&lt;lambda&gt;9]" time="0.11122298240661621"></testcase><testcase classname="src.pymortests.vectorarray" file="src/pymortests/vectorarray.py" line="361" name="test_axpy[compatible_vector_array_pair1-&lt;lambda&gt;10]" time="0.282869815826416"></testcase><testcase classname="src.pymortests.vectorarray" file="src/pymortests/vectorarray.py" line="361" name="test_axpy[compatible_vector_array_pair1-&lt;lambda&gt;11]" time="0.04602169990539551"></testcase><testcase classname="src.pymortests.vectorarray" file="src/pymortests/vectorarray.py" line="361" name="test_axpy[compatible_vector_array_pair1-&lt;lambda&gt;12]" time="0.032268524169921875"></testcase><testcase classname="src.pymortests.vectorarray" file="src/pymortests/vectorarray.py" line="361" name="test_axpy[compatible_vector_array_pair1-&lt;lambda&gt;13]" time="0.008814573287963867"></testcase><testcase classname="src.pymortests.vectorarray" file="src/pymortests/vectorarray.py" line="361" name="test_axpy[compatible_vector_array_pair1-&lt;lambda&gt;14]" time="0.03839921951293945"></testcase><testcase classname="src.pymortests.vectorarray" file="src/pymortests/vectorarray.py" line="361" name="test_axpy[compatible_vector_array_pair1-&lt;lambda&gt;15]" time="0.06598401069641113"></testcase><testcase classname="src.pymortests.vectorarray" file="src/pymortests/vectorarray.py" line="361" name="test_axpy[compatible_vector_array_pair1-&lt;lambda&gt;16]" time="0.07160520553588867"></testcase><testcase classname="src.pymortests.vectorarray" file="src/pymortests/vectorarray.py" line="361" name="test_axpy[compatible_vector_array_pair1-&lt;lambda&gt;17]" time="0.07646679878234863"></testcase><testcase classname="src.pymortests.vectorarray" file="src/pymortests/vectorarray.py" line="361" name="test_axpy[compatible_vector_array_pair1-&lt;lambda&gt;18]" time="0.04442310333251953"></testcase><testcase classname="src.pymortests.vectorarray" file="src/pymortests/vectorarray.py" line="361" name="test_axpy[compatible_vector_array_pair1-&lt;lambda&gt;19]" time="0.008247852325439453"></testcase><testcase classname="src.pymortests.vectorarray" file="src/pymortests/vectorarray.py" line="361" name="test_axpy[compatible_vector_array_pair1-&lt;lambda&gt;20]" time="0.24538373947143555"></testcase><testcase classname="src.pymortests.vectorarray" file="src/pymortests/vectorarray.py" line="361" name="test_axpy[compatible_vector_array_pair1-&lt;lambda&gt;21]" time="0.20424270629882812"></testcase><testcase classname="src.pymortests.vectorarray" file="src/pymortests/vectorarray.py" line="361" name="test_axpy[compatible_vector_array_pair1-&lt;lambda&gt;22]" time="0.5372288227081299"></testcase><testcase classname="src.pymortests.vectorarray" file="src/pymortests/vectorarray.py" line="361" name="test_axpy[compatible_vector_array_pair1-&lt;lambda&gt;23]" time="0.0980539321899414"></testcase><testcase classname="src.pymortests.vectorarray" file="src/pymortests/vectorarray.py" line="361" name="test_axpy[compatible_vector_array_pair1-&lt;lambda&gt;24]" time="0.01609015464782715"></testcase><testcase classname="src.pymortests.vectorarray" file="src/pymortests/vectorarray.py" line="361" name="test_axpy[compatible_vector_array_pair1-&lt;lambda&gt;25]" time="0.006088733673095703"></testcase><testcase classname="src.pymortests.vectorarray" file="src/pymortests/vectorarray.py" line="361" name="test_axpy[compatible_vector_array_pair1-&lt;lambda&gt;26]" time="0.2776150703430176"></testcase><testcase classname="src.pymortests.vectorarray" file="src/pymortests/vectorarray.py" line="361" name="test_axpy[compatible_vector_array_pair1-&lt;lambda&gt;27]" time="0.45639586448669434"></testcase><testcase classname="src.pymortests.vectorarray" file="src/pymortests/vectorarray.py" line="361" name="test_axpy[compatible_vector_array_pair1-&lt;lambda&gt;28]" time="1.5705900192260742"></testcase><testcase classname="src.pymortests.vectorarray" file="src/pymortests/vectorarray.py" line="361" name="test_axpy[compatible_vector_array_pair1-&lt;lambda&gt;29]" time="0.11399984359741211"></testcase><testcase classname="src.pymortests.vectorarray" file="src/pymortests/vectorarray.py" line="361" name="test_axpy[compatible_vector_array_pair2-&lt;lambda&gt;0]" time="0.017705917358398438"></testcase><testcase classname="src.pymortests.vectorarray" file="src/pymortests/vectorarray.py" line="361" name="test_axpy[compatible_vector_array_pair2-&lt;lambda&gt;1]" time="0.005145549774169922"></testcase><testcase classname="src.pymortests.vectorarray" file="src/pymortests/vectorarray.py" line="361" name="test_axpy[compatible_vector_array_pair2-&lt;lambda&gt;2]" time="0.025519609451293945"></testcase><testcase classname="src.pymortests.vectorarray" file="src/pymortests/vectorarray.py" line="361" name="test_axpy[compatible_vector_array_pair2-&lt;lambda&gt;3]" time="0.028244972229003906"></testcase><testcase classname="src.pymortests.vectorarray" file="src/pymortests/vectorarray.py" line="361" name="test_axpy[compatible_vector_array_pair2-&lt;lambda&gt;4]" time="0.029449939727783203"></testcase><testcase classname="src.pymortests.vectorarray" file="src/pymortests/vectorarray.py" line="361" name="test_axpy[compatible_vector_array_pair2-&lt;lambda&gt;5]" time="0.04032588005065918"></testcase><testcase classname="src.pymortests.vectorarray" file="src/pymortests/vectorarray.py" line="361" name="test_axpy[compatible_vector_array_pair2-&lt;lambda&gt;6]" time="0.016098499298095703"></testcase><testcase classname="src.pymortests.vectorarray" file="src/pymortests/vectorarray.py" line="361" name="test_axpy[compatible_vector_array_pair2-&lt;lambda&gt;7]" time="0.004522085189819336"></testcase><testcase classname="src.pymortests.vectorarray" file="src/pymortests/vectorarray.py" line="361" name="test_axpy[compatible_vector_array_pair2-&lt;lambda&gt;8]" time="0.06514191627502441"></testcase><testcase classname="src.pymortests.vectorarray" file="src/pymortests/vectorarray.py" line="361" name="test_axpy[compatible_vector_array_pair2-&lt;lambda&gt;9]" time="0.11167740821838379"></testcase><testcase classname="src.pymortests.vectorarray" file="src/pymortests/vectorarray.py" line="361" name="test_axpy[compatible_vector_array_pair2-&lt;lambda&gt;10]" time="0.2840094566345215"></testcase><testcase classname="src.pymortests.vectorarray" file="src/pymortests/vectorarray.py" line="361" name="test_axpy[compatible_vector_array_pair2-&lt;lambda&gt;11]" time="0.047585487365722656"></testcase><testcase classname="src.pymortests.vectorarray" file="src/pymortests/vectorarray.py" line="361" name="test_axpy[compatible_vector_array_pair2-&lt;lambda&gt;12]" time="0.03305673599243164"></testcase><testcase classname="src.pymortests.vectorarray" file="src/pymortests/vectorarray.py" line="361" name="test_axpy[compatible_vector_array_pair2-&lt;lambda&gt;13]" time="0.008643150329589844"></testcase><testcase classname="src.pymortests.vectorarray" file="src/pymortests/vectorarray.py" line="361" name="test_axpy[compatible_vector_array_pair2-&lt;lambda&gt;14]" time="0.03753852844238281"></testcase><testcase classname="src.pymortests.vectorarray" file="src/pymortests/vectorarray.py" line="361" name="test_axpy[compatible_vector_array_pair2-&lt;lambda&gt;15]" time="0.06537461280822754"></testcase><testcase classname="src.pymortests.vectorarray" file="src/pymortests/vectorarray.py" line="361" name="test_axpy[compatible_vector_array_pair2-&lt;lambda&gt;16]" time="0.07185745239257812"></testcase><testcase classname="src.pymortests.vectorarray" file="src/pymortests/vectorarray.py" line="361" name="test_axpy[compatible_vector_array_pair2-&lt;lambda&gt;17]" time="0.07666897773742676"></testcase><testcase classname="src.pymortests.vectorarray" file="src/pymortests/vectorarray.py" line="361" name="test_axpy[compatible_vector_array_pair2-&lt;lambda&gt;18]" time="0.04499983787536621"></testcase><testcase classname="src.pymortests.vectorarray" file="src/pymortests/vectorarray.py" line="361" name="test_axpy[compatible_vector_array_pair2-&lt;lambda&gt;19]" time="0.008051633834838867"></testcase><testcase classname="src.pymortests.vectorarray" file="src/pymortests/vectorarray.py" line="361" name="test_axpy[compatible_vector_array_pair2-&lt;lambda&gt;20]" time="0.24703431129455566"></testcase><testcase classname="src.pymortests.vectorarray" file="src/pymortests/vectorarray.py" line="361" name="test_axpy[compatible_vector_array_pair2-&lt;lambda&gt;21]" time="0.20239472389221191"></testcase><testcase classname="src.pymortests.vectorarray" file="src/pymortests/vectorarray.py" line="361" name="test_axpy[compatible_vector_array_pair2-&lt;lambda&gt;22]" time="0.5411667823791504"></testcase><testcase classname="src.pymortests.vectorarray" file="src/pymortests/vectorarray.py" line="361" name="test_axpy[compatible_vector_array_pair2-&lt;lambda&gt;23]" time="0.09788203239440918"></testcase><testcase classname="src.pymortests.vectorarray" file="src/pymortests/vectorarray.py" line="361" name="test_axpy[compatible_vector_array_pair2-&lt;lambda&gt;24]" time="0.016150474548339844"></testcase><testcase classname="src.pymortests.vectorarray" file="src/pymortests/vectorarray.py" line="361" name="test_axpy[compatible_vector_array_pair2-&lt;lambda&gt;25]" time="0.006236553192138672"></testcase><testcase classname="src.pymortests.vectorarray" file="src/pymortests/vectorarray.py" line="361" name="test_axpy[compatible_vector_array_pair2-&lt;lambda&gt;26]" time="0.2991044521331787"></testcase><testcase classname="src.pymortests.vectorarray" file="src/pymortests/vectorarray.py" line="361" name="test_axpy[compatible_vector_array_pair2-&lt;lambda&gt;27]" time="0.5059010982513428"></testcase><testcase classname="src.pymortests.vectorarray" file="src/pymortests/vectorarray.py" line="361" name="test_axpy[compatible_vector_array_pair2-&lt;lambda&gt;28]" time="1.5605685710906982"></testcase><testcase classname="src.pymortests.vectorarray" file="src/pymortests/vectorarray.py" line="361" name="test_axpy[compatible_vector_array_pair2-&lt;lambda&gt;29]" time="0.12142610549926758"></testcase><testcase classname="src.pymortests.vectorarray" file="src/pymortests/vectorarray.py" line="361" name="test_axpy[compatible_vector_array_pair3-&lt;lambda&gt;0]" time="0.01773238182067871"></testcase><testcase classname="src.pymortests.vectorarray" file="src/pymortests/vectorarray.py" line="361" name="test_axpy[compatible_vector_array_pair3-&lt;lambda&gt;1]" time="0.004956245422363281"></testcase><testcase classname="src.pymortests.vectorarray" file="src/pymortests/vectorarray.py" line="361" name="test_axpy[compatible_vector_array_pair3-&lt;lambda&gt;2]" time="0.025595903396606445"></testcase><testcase classname="src.pymortests.vectorarray" file="src/pymortests/vectorarray.py" line="361" name="test_axpy[compatible_vector_array_pair3-&lt;lambda&gt;3]" time="0.028452634811401367"></testcase><testcase classname="src.pymortests.vectorarray" file="src/pymortests/vectorarray.py" line="361" name="test_axpy[compatible_vector_array_pair3-&lt;lambda&gt;4]" time="0.029525041580200195"></testcase><testcase classname="src.pymortests.vectorarray" file="src/pymortests/vectorarray.py" line="361" name="test_axpy[compatible_vector_array_pair3-&lt;lambda&gt;5]" time="0.04001903533935547"></testcase><testcase classname="src.pymortests.vectorarray" file="src/pymortests/vectorarray.py" line="361" name="test_axpy[compatible_vector_array_pair3-&lt;lambda&gt;6]" time="0.014353752136230469"></testcase><testcase classname="src.pymortests.vectorarray" file="src/pymortests/vectorarray.py" line="361" name="test_axpy[compatible_vector_array_pair3-&lt;lambda&gt;7]" time="0.004467010498046875"></testcase><testcase classname="src.pymortests.vectorarray" file="src/pymortests/vectorarray.py" line="361" name="test_axpy[compatible_vector_array_pair3-&lt;lambda&gt;8]" time="0.06419134140014648"></testcase><testcase classname="src.pymortests.vectorarray" file="src/pymortests/vectorarray.py" line="361" name="test_axpy[compatible_vector_array_pair3-&lt;lambda&gt;9]" time="0.11123180389404297"></testcase><testcase classname="src.pymortests.vectorarray" file="src/pymortests/vectorarray.py" line="361" name="test_axpy[compatible_vector_array_pair3-&lt;lambda&gt;10]" time="0.28376245498657227"></testcase><testcase classname="src.pymortests.vectorarray" file="src/pymortests/vectorarray.py" line="361" name="test_axpy[compatible_vector_array_pair3-&lt;lambda&gt;11]" time="0.04664278030395508"></testcase><testcase classname="src.pymortests.vectorarray" file="src/pymortests/vectorarray.py" line="361" name="test_axpy[compatible_vector_array_pair3-&lt;lambda&gt;12]" time="0.03327798843383789"></testcase><testcase classname="src.pymortests.vectorarray" file="src/pymortests/vectorarray.py" line="361" name="test_axpy[compatible_vector_array_pair3-&lt;lambda&gt;13]" time="0.008856773376464844"></testcase><testcase classname="src.pymortests.vectorarray" file="src/pymortests/vectorarray.py" line="361" name="test_axpy[compatible_vector_array_pair3-&lt;lambda&gt;14]" time="0.03865242004394531"></testcase><testcase classname="src.pymortests.vectorarray" file="src/pymortests/vectorarray.py" line="361" name="test_axpy[compatible_vector_array_pair3-&lt;lambda&gt;15]" time="0.06577730178833008"></testcase><testcase classname="src.pymortests.vectorarray" file="src/pymortests/vectorarray.py" line="361" name="test_axpy[compatible_vector_array_pair3-&lt;lambda&gt;16]" time="0.07452511787414551"></testcase><testcase classname="src.pymortests.vectorarray" file="src/pymortests/vectorarray.py" line="361" name="test_axpy[compatible_vector_array_pair3-&lt;lambda&gt;17]" time="0.07644391059875488"></testcase><testcase classname="src.pymortests.vectorarray" file="src/pymortests/vectorarray.py" line="361" name="test_axpy[compatible_vector_array_pair3-&lt;lambda&gt;18]" time="0.044951438903808594"></testcase><testcase classname="src.pymortests.vectorarray" file="src/pymortests/vectorarray.py" line="361" name="test_axpy[compatible_vector_array_pair3-&lt;lambda&gt;19]" time="0.00805354118347168"></testcase><testcase classname="src.pymortests.vectorarray" file="src/pymortests/vectorarray.py" line="361" name="test_axpy[compatible_vector_array_pair3-&lt;lambda&gt;20]" time="0.24749517440795898"></testcase><testcase classname="src.pymortests.vectorarray" file="src/pymortests/vectorarray.py" line="361" name="test_axpy[compatible_vector_array_pair3-&lt;lambda&gt;21]" time="0.20527029037475586"></testcase><testcase classname="src.pymortests.vectorarray" file="src/pymortests/vectorarray.py" line="361" name="test_axpy[compatible_vector_array_pair3-&lt;lambda&gt;22]" time="0.532172441482544"></testcase><testcase classname="src.pymortests.vectorarray" file="src/pymortests/vectorarray.py" line="361" name="test_axpy[compatible_vector_array_pair3-&lt;lambda&gt;23]" time="0.09779882431030273"></testcase><testcase classname="src.pymortests.vectorarray" file="src/pymortests/vectorarray.py" line="361" name="test_axpy[compatible_vector_array_pair3-&lt;lambda&gt;24]" time="0.015865802764892578"></testcase><testcase classname="src.pymortests.vectorarray" file="src/pymortests/vectorarray.py" line="361" name="test_axpy[compatible_vector_array_pair3-&lt;lambda&gt;25]" time="0.0061779022216796875"></testcase><testcase classname="src.pymortests.vectorarray" file="src/pymortests/vectorarray.py" line="361" name="test_axpy[compatible_vector_array_pair3-&lt;lambda&gt;26]" time="0.3289644718170166"></testcase><testcase classname="src.pymortests.vectorarray" file="src/pymortests/vectorarray.py" line="361" name="test_axpy[compatible_vector_array_pair3-&lt;lambda&gt;27]" time="0.5551741123199463"></testcase><testcase classname="src.pymortests.vectorarray" file="src/pymortests/vectorarray.py" line="361" name="test_axpy[compatible_vector_array_pair3-&lt;lambda&gt;28]" time="1.7198657989501953"></testcase><testcase classname="src.pymortests.vectorarray" file="src/pymortests/vectorarray.py" line="361" name="test_axpy[compatible_vector_array_pair3-&lt;lambda&gt;29]" time="0.13138818740844727"></testcase><testcase classname="src.pymortests.vectorarray" file="src/pymortests/vectorarray.py" line="361" name="test_axpy[compatible_vector_array_pair4-&lt;lambda&gt;0]" time="0.017730236053466797"></testcase><testcase classname="src.pymortests.vectorarray" file="src/pymortests/vectorarray.py" line="361" name="test_axpy[compatible_vector_array_pair4-&lt;lambda&gt;1]" time="0.0050771236419677734"></testcase><testcase classname="src.pymortests.vectorarray" file="src/pymortests/vectorarray.py" line="361" name="test_axpy[compatible_vector_array_pair4-&lt;lambda&gt;2]" time="0.025394916534423828"></testcase><testcase classname="src.pymortests.vectorarray" file="src/pymortests/vectorarray.py" line="361" name="test_axpy[compatible_vector_array_pair4-&lt;lambda&gt;3]" time="0.028508663177490234"></testcase><testcase classname="src.pymortests.vectorarray" file="src/pymortests/vectorarray.py" line="361" name="test_axpy[compatible_vector_array_pair4-&lt;lambda&gt;4]" time="0.029752254486083984"></testcase><testcase classname="src.pymortests.vectorarray" file="src/pymortests/vectorarray.py" line="361" name="test_axpy[compatible_vector_array_pair4-&lt;lambda&gt;5]" time="0.04073023796081543"></testcase><testcase classname="src.pymortests.vectorarray" file="src/pymortests/vectorarray.py" line="361" name="test_axpy[compatible_vector_array_pair4-&lt;lambda&gt;6]" time="0.014403343200683594"></testcase><testcase classname="src.pymortests.vectorarray" file="src/pymortests/vectorarray.py" line="361" name="test_axpy[compatible_vector_array_pair4-&lt;lambda&gt;7]" time="0.0041506290435791016"></testcase><testcase classname="src.pymortests.vectorarray" file="src/pymortests/vectorarray.py" line="361" name="test_axpy[compatible_vector_array_pair4-&lt;lambda&gt;8]" time="0.06692719459533691"></testcase><testcase classname="src.pymortests.vectorarray" file="src/pymortests/vectorarray.py" line="361" name="test_axpy[compatible_vector_array_pair4-&lt;lambda&gt;9]" time="0.11197829246520996"></testcase><testcase classname="src.pymortests.vectorarray" file="src/pymortests/vectorarray.py" line="361" name="test_axpy[compatible_vector_array_pair4-&lt;lambda&gt;10]" time="0.28292083740234375"></testcase><testcase classname="src.pymortests.vectorarray" file="src/pymortests/vectorarray.py" line="361" name="test_axpy[compatible_vector_array_pair4-&lt;lambda&gt;11]" time="0.04651975631713867"></testcase><testcase classname="src.pymortests.vectorarray" file="src/pymortests/vectorarray.py" line="361" name="test_axpy[compatible_vector_array_pair4-&lt;lambda&gt;12]" time="0.03220200538635254"></testcase><testcase classname="src.pymortests.vectorarray" file="src/pymortests/vectorarray.py" line="361" name="test_axpy[compatible_vector_array_pair4-&lt;lambda&gt;13]" time="0.00843667984008789"></testcase><testcase classname="src.pymortests.vectorarray" file="src/pymortests/vectorarray.py" line="361" name="test_axpy[compatible_vector_array_pair4-&lt;lambda&gt;14]" time="0.0373082160949707"></testcase><testcase classname="src.pymortests.vectorarray" file="src/pymortests/vectorarray.py" line="361" name="test_axpy[compatible_vector_array_pair4-&lt;lambda&gt;15]" time="0.06591606140136719"></testcase><testcase classname="src.pymortests.vectorarray" file="src/pymortests/vectorarray.py" line="361" name="test_axpy[compatible_vector_array_pair4-&lt;lambda&gt;16]" time="0.07112526893615723"></testcase><testcase classname="src.pymortests.vectorarray" file="src/pymortests/vectorarray.py" line="361" name="test_axpy[compatible_vector_array_pair4-&lt;lambda&gt;17]" time="0.07535982131958008"></testcase><testcase classname="src.pymortests.vectorarray" file="src/pymortests/vectorarray.py" line="361" name="test_axpy[compatible_vector_array_pair4-&lt;lambda&gt;18]" time="0.04446601867675781"></testcase><testcase classname="src.pymortests.vectorarray" file="src/pymortests/vectorarray.py" line="361" name="test_axpy[compatible_vector_array_pair4-&lt;lambda&gt;19]" time="0.008364677429199219"></testcase><testcase classname="src.pymortests.vectorarray" file="src/pymortests/vectorarray.py" line="361" name="test_axpy[compatible_vector_array_pair4-&lt;lambda&gt;20]" time="0.24141740798950195"></testcase><testcase classname="src.pymortests.vectorarray" file="src/pymortests/vectorarray.py" line="361" name="test_axpy[compatible_vector_array_pair4-&lt;lambda&gt;21]" time="0.20816969871520996"></testcase><testcase classname="src.pymortests.vectorarray" file="src/pymortests/vectorarray.py" line="361" name="test_axpy[compatible_vector_array_pair4-&lt;lambda&gt;22]" time="0.5353286266326904"></testcase><testcase classname="src.pymortests.vectorarray" file="src/pymortests/vectorarray.py" line="361" name="test_axpy[compatible_vector_array_pair4-&lt;lambda&gt;23]" time="0.09645199775695801"></testcase><testcase classname="src.pymortests.vectorarray" file="src/pymortests/vectorarray.py" line="361" name="test_axpy[compatible_vector_array_pair4-&lt;lambda&gt;24]" time="0.01586127281188965"></testcase><testcase classname="src.pymortests.vectorarray" file="src/pymortests/vectorarray.py" line="361" name="test_axpy[compatible_vector_array_pair4-&lt;lambda&gt;25]" time="0.006055355072021484"></testcase><testcase classname="src.pymortests.vectorarray" file="src/pymortests/vectorarray.py" line="361" name="test_axpy[compatible_vector_array_pair4-&lt;lambda&gt;26]" time="0.35866665840148926"></testcase><testcase classname="src.pymortests.vectorarray" file="src/pymortests/vectorarray.py" line="361" name="test_axpy[compatible_vector_array_pair4-&lt;lambda&gt;27]" time="0.6015024185180664"></testcase><testcase classname="src.pymortests.vectorarray" file="src/pymortests/vectorarray.py" line="361" name="test_axpy[compatible_vector_array_pair4-&lt;lambda&gt;28]" time="1.8772594928741455"></testcase><testcase classname="src.pymortests.vectorarray" file="src/pymortests/vectorarray.py" line="361" name="test_axpy[compatible_vector_array_pair4-&lt;lambda&gt;29]" time="0.1317131519317627"></testcase><testcase classname="src.pymortests.vectorarray" file="src/pymortests/vectorarray.py" line="361" name="test_axpy[compatible_vector_array_pair5-&lt;lambda&gt;0]" time="0.01757025718688965"></testcase><testcase classname="src.pymortests.vectorarray" file="src/pymortests/vectorarray.py" line="361" name="test_axpy[compatible_vector_array_pair5-&lt;lambda&gt;1]" time="0.004605531692504883"></testcase><testcase classname="src.pymortests.vectorarray" file="src/pymortests/vectorarray.py" line="361" name="test_axpy[compatible_vector_array_pair5-&lt;lambda&gt;2]" time="0.025664091110229492"></testcase><testcase classname="src.pymortests.vectorarray" file="src/pymortests/vectorarray.py" line="361" name="test_axpy[compatible_vector_array_pair5-&lt;lambda&gt;3]" time="0.028241634368896484"></testcase><testcase classname="src.pymortests.vectorarray" file="src/pymortests/vectorarray.py" line="361" name="test_axpy[compatible_vector_array_pair5-&lt;lambda&gt;4]" time="0.029124021530151367"></testcase><testcase classname="src.pymortests.vectorarray" file="src/pymortests/vectorarray.py" line="361" name="test_axpy[compatible_vector_array_pair5-&lt;lambda&gt;5]" time="0.04051971435546875"></testcase><testcase classname="src.pymortests.vectorarray" file="src/pymortests/vectorarray.py" line="361" name="test_axpy[compatible_vector_array_pair5-&lt;lambda&gt;6]" time="0.014301776885986328"></testcase><testcase classname="src.pymortests.vectorarray" file="src/pymortests/vectorarray.py" line="361" name="test_axpy[compatible_vector_array_pair5-&lt;lambda&gt;7]" time="0.004492998123168945"></testcase><testcase classname="src.pymortests.vectorarray" file="src/pymortests/vectorarray.py" line="361" name="test_axpy[compatible_vector_array_pair5-&lt;lambda&gt;8]" time="0.06378936767578125"></testcase><testcase classname="src.pymortests.vectorarray" file="src/pymortests/vectorarray.py" line="361" name="test_axpy[compatible_vector_array_pair5-&lt;lambda&gt;9]" time="0.11146092414855957"></testcase><testcase classname="src.pymortests.vectorarray" file="src/pymortests/vectorarray.py" line="361" name="test_axpy[compatible_vector_array_pair5-&lt;lambda&gt;10]" time="0.2801518440246582"></testcase><testcase classname="src.pymortests.vectorarray" file="src/pymortests/vectorarray.py" line="361" name="test_axpy[compatible_vector_array_pair5-&lt;lambda&gt;11]" time="0.04680156707763672"></testcase><testcase classname="src.pymortests.vectorarray" file="src/pymortests/vectorarray.py" line="361" name="test_axpy[compatible_vector_array_pair5-&lt;lambda&gt;12]" time="0.03240346908569336"></testcase><testcase classname="src.pymortests.vectorarray" file="src/pymortests/vectorarray.py" line="361" name="test_axpy[compatible_vector_array_pair5-&lt;lambda&gt;13]" time="0.008615255355834961"></testcase><testcase classname="src.pymortests.vectorarray" file="src/pymortests/vectorarray.py" line="361" name="test_axpy[compatible_vector_array_pair5-&lt;lambda&gt;14]" time="0.03809642791748047"></testcase><testcase classname="src.pymortests.vectorarray" file="src/pymortests/vectorarray.py" line="361" name="test_axpy[compatible_vector_array_pair5-&lt;lambda&gt;15]" time="0.06567740440368652"></testcase><testcase classname="src.pymortests.vectorarray" file="src/pymortests/vectorarray.py" line="361" name="test_axpy[compatible_vector_array_pair5-&lt;lambda&gt;16]" time="0.0742185115814209"></testcase><testcase classname="src.pymortests.vectorarray" file="src/pymortests/vectorarray.py" line="361" name="test_axpy[compatible_vector_array_pair5-&lt;lambda&gt;17]" time="0.0763237476348877"></testcase><testcase classname="src.pymortests.vectorarray" file="src/pymortests/vectorarray.py" line="361" name="test_axpy[compatible_vector_array_pair5-&lt;lambda&gt;18]" time="0.04796481132507324"></testcase><testcase classname="src.pymortests.vectorarray" file="src/pymortests/vectorarray.py" line="361" name="test_axpy[compatible_vector_array_pair5-&lt;lambda&gt;19]" time="0.008122444152832031"></testcase><testcase classname="src.pymortests.vectorarray" file="src/pymortests/vectorarray.py" line="361" name="test_axpy[compatible_vector_array_pair5-&lt;lambda&gt;20]" time="0.24284887313842773"></testcase><testcase classname="src.pymortests.vectorarray" file="src/pymortests/vectorarray.py" line="361" name="test_axpy[compatible_vector_array_pair5-&lt;lambda&gt;21]" time="0.208174467086792"></testcase><testcase classname="src.pymortests.vectorarray" file="src/pymortests/vectorarray.py" line="361" name="test_axpy[compatible_vector_array_pair5-&lt;lambda&gt;22]" time="0.5334787368774414"></testcase><testcase classname="src.pymortests.vectorarray" file="src/pymortests/vectorarray.py" line="361" name="test_axpy[compatible_vector_array_pair5-&lt;lambda&gt;23]" time="0.0975639820098877"></testcase><testcase classname="src.pymortests.vectorarray" file="src/pymortests/vectorarray.py" line="361" name="test_axpy[compatible_vector_array_pair5-&lt;lambda&gt;24]" time="0.016460418701171875"></testcase><testcase classname="src.pymortests.vectorarray" file="src/pymortests/vectorarray.py" line="361" name="test_axpy[compatible_vector_array_pair5-&lt;lambda&gt;25]" time="0.006645917892456055"></testcase><testcase classname="src.pymortests.vectorarray" file="src/pymortests/vectorarray.py" line="361" name="test_axpy[compatible_vector_array_pair5-&lt;lambda&gt;26]" time="0.3940708637237549"></testcase><testcase classname="src.pymortests.vectorarray" file="src/pymortests/vectorarray.py" line="361" name="test_axpy[compatible_vector_array_pair5-&lt;lambda&gt;27]" time="0.6623234748840332"></testcase><testcase classname="src.pymortests.vectorarray" file="src/pymortests/vectorarray.py" line="361" name="test_axpy[compatible_vector_array_pair5-&lt;lambda&gt;28]" time="2.0421175956726074"></testcase><testcase classname="src.pymortests.vectorarray" file="src/pymortests/vectorarray.py" line="361" name="test_axpy[compatible_vector_array_pair5-&lt;lambda&gt;29]" time="0.13745737075805664"></testcase><testcase classname="src.pymortests.vectorarray" file="src/pymortests/vectorarray.py" line="361" name="test_axpy[compatible_vector_array_pair6-&lt;lambda&gt;0]" time="0.017505168914794922"></testcase><testcase classname="src.pymortests.vectorarray" file="src/pymortests/vectorarray.py" line="361" name="test_axpy[compatible_vector_array_pair6-&lt;lambda&gt;1]" time="0.004799365997314453"></testcase><testcase classname="src.pymortests.vectorarray" file="src/pymortests/vectorarray.py" line="361" name="test_axpy[compatible_vector_array_pair6-&lt;lambda&gt;2]" time="0.025522232055664062"></testcase><testcase classname="src.pymortests.vectorarray" file="src/pymortests/vectorarray.py" line="361" name="test_axpy[compatible_vector_array_pair6-&lt;lambda&gt;3]" time="0.027956247329711914"></testcase><testcase classname="src.pymortests.vectorarray" file="src/pymortests/vectorarray.py" line="361" name="test_axpy[compatible_vector_array_pair6-&lt;lambda&gt;4]" time="0.028940200805664062"></testcase><testcase classname="src.pymortests.vectorarray" file="src/pymortests/vectorarray.py" line="361" name="test_axpy[compatible_vector_array_pair6-&lt;lambda&gt;5]" time="0.03988504409790039"></testcase><testcase classname="src.pymortests.vectorarray" file="src/pymortests/vectorarray.py" line="361" name="test_axpy[compatible_vector_array_pair6-&lt;lambda&gt;6]" time="0.014239311218261719"></testcase><testcase classname="src.pymortests.vectorarray" file="src/pymortests/vectorarray.py" line="361" name="test_axpy[compatible_vector_array_pair6-&lt;lambda&gt;7]" time="0.004429340362548828"></testcase><testcase classname="src.pymortests.vectorarray" file="src/pymortests/vectorarray.py" line="361" name="test_axpy[compatible_vector_array_pair6-&lt;lambda&gt;8]" time="0.0645756721496582"></testcase><testcase classname="src.pymortests.vectorarray" file="src/pymortests/vectorarray.py" line="361" name="test_axpy[compatible_vector_array_pair6-&lt;lambda&gt;9]" time="0.10984158515930176"></testcase><testcase classname="src.pymortests.vectorarray" file="src/pymortests/vectorarray.py" line="361" name="test_axpy[compatible_vector_array_pair6-&lt;lambda&gt;10]" time="0.2784457206726074"></testcase><testcase classname="src.pymortests.vectorarray" file="src/pymortests/vectorarray.py" line="361" name="test_axpy[compatible_vector_array_pair6-&lt;lambda&gt;11]" time="0.04598808288574219"></testcase><testcase classname="src.pymortests.vectorarray" file="src/pymortests/vectorarray.py" line="361" name="test_axpy[compatible_vector_array_pair6-&lt;lambda&gt;12]" time="0.0321652889251709"></testcase><testcase classname="src.pymortests.vectorarray" file="src/pymortests/vectorarray.py" line="361" name="test_axpy[compatible_vector_array_pair6-&lt;lambda&gt;13]" time="0.008602142333984375"></testcase><testcase classname="src.pymortests.vectorarray" file="src/pymortests/vectorarray.py" line="361" name="test_axpy[compatible_vector_array_pair6-&lt;lambda&gt;14]" time="0.03754830360412598"></testcase><testcase classname="src.pymortests.vectorarray" file="src/pymortests/vectorarray.py" line="361" name="test_axpy[compatible_vector_array_pair6-&lt;lambda&gt;15]" time="0.06581401824951172"></testcase><testcase classname="src.pymortests.vectorarray" file="src/pymortests/vectorarray.py" line="361" name="test_axpy[compatible_vector_array_pair6-&lt;lambda&gt;16]" time="0.07071256637573242"></testcase><testcase classname="src.pymortests.vectorarray" file="src/pymortests/vectorarray.py" line="361" name="test_axpy[compatible_vector_array_pair6-&lt;lambda&gt;17]" time="0.07544255256652832"></testcase><testcase classname="src.pymortests.vectorarray" file="src/pymortests/vectorarray.py" line="361" name="test_axpy[compatible_vector_array_pair6-&lt;lambda&gt;18]" time="0.04426860809326172"></testcase><testcase classname="src.pymortests.vectorarray" file="src/pymortests/vectorarray.py" line="361" name="test_axpy[compatible_vector_array_pair6-&lt;lambda&gt;19]" time="0.007866621017456055"></testcase><testcase classname="src.pymortests.vectorarray" file="src/pymortests/vectorarray.py" line="361" name="test_axpy[compatible_vector_array_pair6-&lt;lambda&gt;20]" time="0.24463248252868652"></testcase><testcase classname="src.pymortests.vectorarray" file="src/pymortests/vectorarray.py" line="361" name="test_axpy[compatible_vector_array_pair6-&lt;lambda&gt;21]" time="0.2113020420074463"></testcase><testcase classname="src.pymortests.vectorarray" file="src/pymortests/vectorarray.py" line="361" name="test_axpy[compatible_vector_array_pair6-&lt;lambda&gt;22]" time="0.5318748950958252"></testcase><testcase classname="src.pymortests.vectorarray" file="src/pymortests/vectorarray.py" line="361" name="test_axpy[compatible_vector_array_pair6-&lt;lambda&gt;23]" time="0.09751605987548828"></testcase><testcase classname="src.pymortests.vectorarray" file="src/pymortests/vectorarray.py" line="361" name="test_axpy[compatible_vector_array_pair6-&lt;lambda&gt;24]" time="0.01566147804260254"></testcase><testcase classname="src.pymortests.vectorarray" file="src/pymortests/vectorarray.py" line="361" name="test_axpy[compatible_vector_array_pair6-&lt;lambda&gt;25]" time="0.00663447380065918"></testcase><testcase classname="src.pymortests.vectorarray" file="src/pymortests/vectorarray.py" line="361" name="test_axpy[compatible_vector_array_pair6-&lt;lambda&gt;26]" time="0.42989420890808105"></testcase><testcase classname="src.pymortests.vectorarray" file="src/pymortests/vectorarray.py" line="361" name="test_axpy[compatible_vector_array_pair6-&lt;lambda&gt;27]" time="0.7112696170806885"></testcase><testcase classname="src.pymortests.vectorarray" file="src/pymortests/vectorarray.py" line="361" name="test_axpy[compatible_vector_array_pair6-&lt;lambda&gt;28]" time="2.2277395725250244"></testcase><testcase classname="src.pymortests.vectorarray" file="src/pymortests/vectorarray.py" line="361" name="test_axpy[compatible_vector_array_pair6-&lt;lambda&gt;29]" time="0.14937472343444824"></testcase><testcase classname="src.pymortests.vectorarray" file="src/pymortests/vectorarray.py" line="361" name="test_axpy[compatible_vector_array_pair7-&lt;lambda&gt;0]" time="0.01767420768737793"></testcase><testcase classname="src.pymortests.vectorarray" file="src/pymortests/vectorarray.py" line="361" name="test_axpy[compatible_vector_array_pair7-&lt;lambda&gt;1]" time="0.004813432693481445"></testcase><testcase classname="src.pymortests.vectorarray" file="src/pymortests/vectorarray.py" line="361" name="test_axpy[compatible_vector_array_pair7-&lt;lambda&gt;2]" time="0.026101112365722656"></testcase><testcase classname="src.pymortests.vectorarray" file="src/pymortests/vectorarray.py" line="361" name="test_axpy[compatible_vector_array_pair7-&lt;lambda&gt;3]" time="0.02834773063659668"></testcase><testcase classname="src.pymortests.vectorarray" file="src/pymortests/vectorarray.py" line="361" name="test_axpy[compatible_vector_array_pair7-&lt;lambda&gt;4]" time="0.02936077117919922"></testcase><testcase classname="src.pymortests.vectorarray" file="src/pymortests/vectorarray.py" line="361" name="test_axpy[compatible_vector_array_pair7-&lt;lambda&gt;5]" time="0.03988051414489746"></testcase><testcase classname="src.pymortests.vectorarray" file="src/pymortests/vectorarray.py" line="361" name="test_axpy[compatible_vector_array_pair7-&lt;lambda&gt;6]" time="0.014292478561401367"></testcase><testcase classname="src.pymortests.vectorarray" file="src/pymortests/vectorarray.py" line="361" name="test_axpy[compatible_vector_array_pair7-&lt;lambda&gt;7]" time="0.004342794418334961"></testcase><testcase classname="src.pymortests.vectorarray" file="src/pymortests/vectorarray.py" line="361" name="test_axpy[compatible_vector_array_pair7-&lt;lambda&gt;8]" time="0.06426429748535156"></testcase><testcase classname="src.pymortests.vectorarray" file="src/pymortests/vectorarray.py" line="361" name="test_axpy[compatible_vector_array_pair7-&lt;lambda&gt;9]" time="0.1105802059173584"></testcase><testcase classname="src.pymortests.vectorarray" file="src/pymortests/vectorarray.py" line="361" name="test_axpy[compatible_vector_array_pair7-&lt;lambda&gt;10]" time="0.2803492546081543"></testcase><testcase classname="src.pymortests.vectorarray" file="src/pymortests/vectorarray.py" line="361" name="test_axpy[compatible_vector_array_pair7-&lt;lambda&gt;11]" time="0.04654264450073242"></testcase><testcase classname="src.pymortests.vectorarray" file="src/pymortests/vectorarray.py" line="361" name="test_axpy[compatible_vector_array_pair7-&lt;lambda&gt;12]" time="0.03289985656738281"></testcase><testcase classname="src.pymortests.vectorarray" file="src/pymortests/vectorarray.py" line="361" name="test_axpy[compatible_vector_array_pair7-&lt;lambda&gt;13]" time="0.008691549301147461"></testcase><testcase classname="src.pymortests.vectorarray" file="src/pymortests/vectorarray.py" line="361" name="test_axpy[compatible_vector_array_pair7-&lt;lambda&gt;14]" time="0.037601470947265625"></testcase><testcase classname="src.pymortests.vectorarray" file="src/pymortests/vectorarray.py" line="361" name="test_axpy[compatible_vector_array_pair7-&lt;lambda&gt;15]" time="0.06540703773498535"></testcase><testcase classname="src.pymortests.vectorarray" file="src/pymortests/vectorarray.py" line="361" name="test_axpy[compatible_vector_array_pair7-&lt;lambda&gt;16]" time="0.07224845886230469"></testcase><testcase classname="src.pymortests.vectorarray" file="src/pymortests/vectorarray.py" line="361" name="test_axpy[compatible_vector_array_pair7-&lt;lambda&gt;17]" time="0.07550191879272461"></testcase><testcase classname="src.pymortests.vectorarray" file="src/pymortests/vectorarray.py" line="361" name="test_axpy[compatible_vector_array_pair7-&lt;lambda&gt;18]" time="0.04455709457397461"></testcase><testcase classname="src.pymortests.vectorarray" file="src/pymortests/vectorarray.py" line="361" name="test_axpy[compatible_vector_array_pair7-&lt;lambda&gt;19]" time="0.007764339447021484"></testcase><testcase classname="src.pymortests.vectorarray" file="src/pymortests/vectorarray.py" line="361" name="test_axpy[compatible_vector_array_pair7-&lt;lambda&gt;20]" time="0.24319815635681152"></testcase><testcase classname="src.pymortests.vectorarray" file="src/pymortests/vectorarray.py" line="361" name="test_axpy[compatible_vector_array_pair7-&lt;lambda&gt;21]" time="0.20731902122497559"></testcase><testcase classname="src.pymortests.vectorarray" file="src/pymortests/vectorarray.py" line="361" name="test_axpy[compatible_vector_array_pair7-&lt;lambda&gt;22]" time="0.5378568172454834"></testcase><testcase classname="src.pymortests.vectorarray" file="src/pymortests/vectorarray.py" line="361" name="test_axpy[compatible_vector_array_pair7-&lt;lambda&gt;23]" time="0.09849715232849121"></testcase><testcase classname="src.pymortests.vectorarray" file="src/pymortests/vectorarray.py" line="361" name="test_axpy[compatible_vector_array_pair7-&lt;lambda&gt;24]" time="0.015831470489501953"></testcase><testcase classname="src.pymortests.vectorarray" file="src/pymortests/vectorarray.py" line="361" name="test_axpy[compatible_vector_array_pair7-&lt;lambda&gt;25]" time="0.0067157745361328125"></testcase><testcase classname="src.pymortests.vectorarray" file="src/pymortests/vectorarray.py" line="361" name="test_axpy[compatible_vector_array_pair7-&lt;lambda&gt;26]" time="0.46379995346069336"></testcase><testcase classname="src.pymortests.vectorarray" file="src/pymortests/vectorarray.py" line="361" name="test_axpy[compatible_vector_array_pair7-&lt;lambda&gt;27]" time="0.7708308696746826"></testcase><testcase classname="src.pymortests.vectorarray" file="src/pymortests/vectorarray.py" line="361" name="test_axpy[compatible_vector_array_pair7-&lt;lambda&gt;28]" time="2.405884265899658"></testcase><testcase classname="src.pymortests.vectorarray" file="src/pymortests/vectorarray.py" line="361" name="test_axpy[compatible_vector_array_pair7-&lt;lambda&gt;29]" time="0.15513944625854492"></testcase><testcase classname="src.pymortests.vectorarray" file="src/pymortests/vectorarray.py" line="361" name="test_axpy[compatible_vector_array_pair8-&lt;lambda&gt;0]" time="0.017760753631591797"></testcase><testcase classname="src.pymortests.vectorarray" file="src/pymortests/vectorarray.py" line="361" name="test_axpy[compatible_vector_array_pair8-&lt;lambda&gt;1]" time="0.005059957504272461"></testcase><testcase classname="src.pymortests.vectorarray" file="src/pymortests/vectorarray.py" line="361" name="test_axpy[compatible_vector_array_pair8-&lt;lambda&gt;2]" time="0.02549576759338379"></testcase><testcase classname="src.pymortests.vectorarray" file="src/pymortests/vectorarray.py" line="361" name="test_axpy[compatible_vector_array_pair8-&lt;lambda&gt;3]" time="0.028882980346679688"></testcase><testcase classname="src.pymortests.vectorarray" file="src/pymortests/vectorarray.py" line="361" name="test_axpy[compatible_vector_array_pair8-&lt;lambda&gt;4]" time="0.029767274856567383"></testcase><testcase classname="src.pymortests.vectorarray" file="src/pymortests/vectorarray.py" line="361" name="test_axpy[compatible_vector_array_pair8-&lt;lambda&gt;5]" time="0.040474653244018555"></testcase><testcase classname="src.pymortests.vectorarray" file="src/pymortests/vectorarray.py" line="361" name="test_axpy[compatible_vector_array_pair8-&lt;lambda&gt;6]" time="0.014256000518798828"></testcase><testcase classname="src.pymortests.vectorarray" file="src/pymortests/vectorarray.py" line="361" name="test_axpy[compatible_vector_array_pair8-&lt;lambda&gt;7]" time="0.004426240921020508"></testcase><testcase classname="src.pymortests.vectorarray" file="src/pymortests/vectorarray.py" line="361" name="test_axpy[compatible_vector_array_pair8-&lt;lambda&gt;8]" time="0.06415295600891113"></testcase><testcase classname="src.pymortests.vectorarray" file="src/pymortests/vectorarray.py" line="361" name="test_axpy[compatible_vector_array_pair8-&lt;lambda&gt;9]" time="0.11112475395202637"></testcase><testcase classname="src.pymortests.vectorarray" file="src/pymortests/vectorarray.py" line="361" name="test_axpy[compatible_vector_array_pair8-&lt;lambda&gt;10]" time="0.28072381019592285"></testcase><testcase classname="src.pymortests.vectorarray" file="src/pymortests/vectorarray.py" line="361" name="test_axpy[compatible_vector_array_pair8-&lt;lambda&gt;11]" time="0.04688572883605957"></testcase><testcase classname="src.pymortests.vectorarray" file="src/pymortests/vectorarray.py" line="361" name="test_axpy[compatible_vector_array_pair8-&lt;lambda&gt;12]" time="0.03255772590637207"></testcase><testcase classname="src.pymortests.vectorarray" file="src/pymortests/vectorarray.py" line="361" name="test_axpy[compatible_vector_array_pair8-&lt;lambda&gt;13]" time="0.008753299713134766"></testcase><testcase classname="src.pymortests.vectorarray" file="src/pymortests/vectorarray.py" line="361" name="test_axpy[compatible_vector_array_pair8-&lt;lambda&gt;14]" time="0.03831315040588379"></testcase><testcase classname="src.pymortests.vectorarray" file="src/pymortests/vectorarray.py" line="361" name="test_axpy[compatible_vector_array_pair8-&lt;lambda&gt;15]" time="0.06517767906188965"></testcase><testcase classname="src.pymortests.vectorarray" file="src/pymortests/vectorarray.py" line="361" name="test_axpy[compatible_vector_array_pair8-&lt;lambda&gt;16]" time="0.0707390308380127"></testcase><testcase classname="src.pymortests.vectorarray" file="src/pymortests/vectorarray.py" line="361" name="test_axpy[compatible_vector_array_pair8-&lt;lambda&gt;17]" time="0.07538533210754395"></testcase><testcase classname="src.pymortests.vectorarray" file="src/pymortests/vectorarray.py" line="361" name="test_axpy[compatible_vector_array_pair8-&lt;lambda&gt;18]" time="0.04480910301208496"></testcase><testcase classname="src.pymortests.vectorarray" file="src/pymortests/vectorarray.py" line="361" name="test_axpy[compatible_vector_array_pair8-&lt;lambda&gt;19]" time="0.008265495300292969"></testcase><testcase classname="src.pymortests.vectorarray" file="src/pymortests/vectorarray.py" line="361" name="test_axpy[compatible_vector_array_pair8-&lt;lambda&gt;20]" time="0.24481678009033203"></testcase><testcase classname="src.pymortests.vectorarray" file="src/pymortests/vectorarray.py" line="361" name="test_axpy[compatible_vector_array_pair8-&lt;lambda&gt;21]" time="0.20796561241149902"></testcase><testcase classname="src.pymortests.vectorarray" file="src/pymortests/vectorarray.py" line="361" name="test_axpy[compatible_vector_array_pair8-&lt;lambda&gt;22]" time="0.5391731262207031"></testcase><testcase classname="src.pymortests.vectorarray" file="src/pymortests/vectorarray.py" line="361" name="test_axpy[compatible_vector_array_pair8-&lt;lambda&gt;23]" time="0.09904241561889648"></testcase><testcase classname="src.pymortests.vectorarray" file="src/pymortests/vectorarray.py" line="361" name="test_axpy[compatible_vector_array_pair8-&lt;lambda&gt;24]" time="0.015980005264282227"></testcase><testcase classname="src.pymortests.vectorarray" file="src/pymortests/vectorarray.py" line="361" name="test_axpy[compatible_vector_array_pair8-&lt;lambda&gt;25]" time="0.0068857669830322266"></testcase><testcase classname="src.pymortests.vectorarray" file="src/pymortests/vectorarray.py" line="361" name="test_axpy[compatible_vector_array_pair8-&lt;lambda&gt;26]" time="0.5034947395324707"></testcase><testcase classname="src.pymortests.vectorarray" file="src/pymortests/vectorarray.py" line="361" name="test_axpy[compatible_vector_array_pair8-&lt;lambda&gt;27]" time="0.8230421543121338"></testcase><testcase classname="src.pymortests.vectorarray" file="src/pymortests/vectorarray.py" line="361" name="test_axpy[compatible_vector_array_pair8-&lt;lambda&gt;28]" time="2.5624406337738037"></testcase><testcase classname="src.pymortests.vectorarray" file="src/pymortests/vectorarray.py" line="361" name="test_axpy[compatible_vector_array_pair8-&lt;lambda&gt;29]" time="0.15991544723510742"></testcase><testcase classname="src.pymortests.vectorarray" file="src/pymortests/vectorarray.py" line="409" name="test_axpy_one_x[compatible_vector_array_pair0-&lt;lambda&gt;0]" time="0.049005985260009766"></testcase><testcase classname="src.pymortests.vectorarray" file="src/pymortests/vectorarray.py" line="409" name="test_axpy_one_x[compatible_vector_array_pair0-&lt;lambda&gt;1]" time="0.13068127632141113"></testcase><testcase classname="src.pymortests.vectorarray" file="src/pymortests/vectorarray.py" line="409" name="test_axpy_one_x[compatible_vector_array_pair0-&lt;lambda&gt;2]" time="0.09867119789123535"></testcase><testcase classname="src.pymortests.vectorarray" file="src/pymortests/vectorarray.py" line="409" name="test_axpy_one_x[compatible_vector_array_pair0-&lt;lambda&gt;3]" time="0.11379575729370117"></testcase><testcase classname="src.pymortests.vectorarray" file="src/pymortests/vectorarray.py" line="409" name="test_axpy_one_x[compatible_vector_array_pair0-&lt;lambda&gt;4]" time="0.12076163291931152"></testcase><testcase classname="src.pymortests.vectorarray" file="src/pymortests/vectorarray.py" line="409" name="test_axpy_one_x[compatible_vector_array_pair0-&lt;lambda&gt;5]" time="0.0970754623413086"></testcase><testcase classname="src.pymortests.vectorarray" file="src/pymortests/vectorarray.py" line="409" name="test_axpy_one_x[compatible_vector_array_pair0-&lt;lambda&gt;6]" time="0.03850150108337402"></testcase><testcase classname="src.pymortests.vectorarray" file="src/pymortests/vectorarray.py" line="409" name="test_axpy_one_x[compatible_vector_array_pair0-&lt;lambda&gt;7]" time="0.11469888687133789"></testcase><testcase classname="src.pymortests.vectorarray" file="src/pymortests/vectorarray.py" line="409" name="test_axpy_one_x[compatible_vector_array_pair0-&lt;lambda&gt;8]" time="0.2751765251159668"></testcase><testcase classname="src.pymortests.vectorarray" file="src/pymortests/vectorarray.py" line="409" name="test_axpy_one_x[compatible_vector_array_pair0-&lt;lambda&gt;9]" time="0.535956621170044"></testcase><testcase classname="src.pymortests.vectorarray" file="src/pymortests/vectorarray.py" line="409" name="test_axpy_one_x[compatible_vector_array_pair0-&lt;lambda&gt;10]" time="1.5198349952697754"></testcase><testcase classname="src.pymortests.vectorarray" file="src/pymortests/vectorarray.py" line="409" name="test_axpy_one_x[compatible_vector_array_pair0-&lt;lambda&gt;11]" time="0.11432409286499023"></testcase><testcase classname="src.pymortests.vectorarray" file="src/pymortests/vectorarray.py" line="409" name="test_axpy_one_x[compatible_vector_array_pair0-&lt;lambda&gt;12]" time="0.09345388412475586"></testcase><testcase classname="src.pymortests.vectorarray" file="src/pymortests/vectorarray.py" line="409" name="test_axpy_one_x[compatible_vector_array_pair0-&lt;lambda&gt;13]" time="0.2888946533203125"></testcase><testcase classname="src.pymortests.vectorarray" file="src/pymortests/vectorarray.py" line="409" name="test_axpy_one_x[compatible_vector_array_pair0-&lt;lambda&gt;14]" time="0.15353727340698242"></testcase><testcase classname="src.pymortests.vectorarray" file="src/pymortests/vectorarray.py" line="409" name="test_axpy_one_x[compatible_vector_array_pair0-&lt;lambda&gt;15]" time="0.2691216468811035"></testcase><testcase classname="src.pymortests.vectorarray" file="src/pymortests/vectorarray.py" line="409" name="test_axpy_one_x[compatible_vector_array_pair0-&lt;lambda&gt;16]" time="0.3067758083343506"></testcase><testcase classname="src.pymortests.vectorarray" file="src/pymortests/vectorarray.py" line="409" name="test_axpy_one_x[compatible_vector_array_pair0-&lt;lambda&gt;17]" time="0.3356587886810303"></testcase><testcase classname="src.pymortests.vectorarray" file="src/pymortests/vectorarray.py" line="409" name="test_axpy_one_x[compatible_vector_array_pair0-&lt;lambda&gt;18]" time="0.12579989433288574"></testcase><testcase classname="src.pymortests.vectorarray" file="src/pymortests/vectorarray.py" line="409" name="test_axpy_one_x[compatible_vector_array_pair0-&lt;lambda&gt;19]" time="0.27272558212280273"></testcase><testcase classname="src.pymortests.vectorarray" file="src/pymortests/vectorarray.py" line="409" name="test_axpy_one_x[compatible_vector_array_pair0-&lt;lambda&gt;20]" time="0.960641622543335"></testcase><testcase classname="src.pymortests.vectorarray" file="src/pymortests/vectorarray.py" line="409" name="test_axpy_one_x[compatible_vector_array_pair0-&lt;lambda&gt;21]" time="0.9457204341888428"></testcase><testcase classname="src.pymortests.vectorarray" file="src/pymortests/vectorarray.py" line="409" name="test_axpy_one_x[compatible_vector_array_pair0-&lt;lambda&gt;22]" time="2.697230339050293"></testcase><testcase classname="src.pymortests.vectorarray" file="src/pymortests/vectorarray.py" line="409" name="test_axpy_one_x[compatible_vector_array_pair0-&lt;lambda&gt;23]" time="0.24391889572143555"></testcase><testcase classname="src.pymortests.vectorarray" file="src/pymortests/vectorarray.py" line="409" name="test_axpy_one_x[compatible_vector_array_pair0-&lt;lambda&gt;24]" time="0.042537689208984375"></testcase><testcase classname="src.pymortests.vectorarray" file="src/pymortests/vectorarray.py" line="409" name="test_axpy_one_x[compatible_vector_array_pair0-&lt;lambda&gt;25]" time="0.22802329063415527"></testcase><testcase classname="src.pymortests.vectorarray" file="src/pymortests/vectorarray.py" line="409" name="test_axpy_one_x[compatible_vector_array_pair0-&lt;lambda&gt;26]" time="2.3403570652008057"></testcase><testcase classname="src.pymortests.vectorarray" file="src/pymortests/vectorarray.py" line="409" name="test_axpy_one_x[compatible_vector_array_pair0-&lt;lambda&gt;27]" time="4.2024078369140625"></testcase><testcase classname="src.pymortests.vectorarray" file="src/pymortests/vectorarray.py" line="409" name="test_axpy_one_x[compatible_vector_array_pair0-&lt;lambda&gt;28]" time="15.942852258682251"></testcase><testcase classname="src.pymortests.vectorarray" file="src/pymortests/vectorarray.py" line="409" name="test_axpy_one_x[compatible_vector_array_pair0-&lt;lambda&gt;29]" time="0.469165563583374"></testcase><testcase classname="src.pymortests.vectorarray" file="src/pymortests/vectorarray.py" line="409" name="test_axpy_one_x[compatible_vector_array_pair1-&lt;lambda&gt;0]" time="0.04825019836425781"></testcase><testcase classname="src.pymortests.vectorarray" file="src/pymortests/vectorarray.py" line="409" name="test_axpy_one_x[compatible_vector_array_pair1-&lt;lambda&gt;1]" time="0.12729668617248535"></testcase><testcase classname="src.pymortests.vectorarray" file="src/pymortests/vectorarray.py" line="409" name="test_axpy_one_x[compatible_vector_array_pair1-&lt;lambda&gt;2]" time="0.09810733795166016"></testcase><testcase classname="src.pymortests.vectorarray" file="src/pymortests/vectorarray.py" line="409" name="test_axpy_one_x[compatible_vector_array_pair1-&lt;lambda&gt;3]" time="0.12513327598571777"></testcase><testcase classname="src.pymortests.vectorarray" file="src/pymortests/vectorarray.py" line="409" name="test_axpy_one_x[compatible_vector_array_pair1-&lt;lambda&gt;4]" time="0.12051820755004883"></testcase><testcase classname="src.pymortests.vectorarray" file="src/pymortests/vectorarray.py" line="409" name="test_axpy_one_x[compatible_vector_array_pair1-&lt;lambda&gt;5]" time="0.09486269950866699"></testcase><testcase classname="src.pymortests.vectorarray" file="src/pymortests/vectorarray.py" line="409" name="test_axpy_one_x[compatible_vector_array_pair1-&lt;lambda&gt;6]" time="0.03815484046936035"></testcase><testcase classname="src.pymortests.vectorarray" file="src/pymortests/vectorarray.py" line="409" name="test_axpy_one_x[compatible_vector_array_pair1-&lt;lambda&gt;7]" time="0.11222505569458008"></testcase><testcase classname="src.pymortests.vectorarray" file="src/pymortests/vectorarray.py" line="409" name="test_axpy_one_x[compatible_vector_array_pair1-&lt;lambda&gt;8]" time="0.2688915729522705"></testcase><testcase classname="src.pymortests.vectorarray" file="src/pymortests/vectorarray.py" line="409" name="test_axpy_one_x[compatible_vector_array_pair1-&lt;lambda&gt;9]" time="0.5235092639923096"></testcase><testcase classname="src.pymortests.vectorarray" file="src/pymortests/vectorarray.py" line="409" name="test_axpy_one_x[compatible_vector_array_pair1-&lt;lambda&gt;10]" time="1.4937982559204102"></testcase><testcase classname="src.pymortests.vectorarray" file="src/pymortests/vectorarray.py" line="409" name="test_axpy_one_x[compatible_vector_array_pair1-&lt;lambda&gt;11]" time="0.1136467456817627"></testcase><testcase classname="src.pymortests.vectorarray" file="src/pymortests/vectorarray.py" line="409" name="test_axpy_one_x[compatible_vector_array_pair1-&lt;lambda&gt;12]" time="0.0930488109588623"></testcase><testcase classname="src.pymortests.vectorarray" file="src/pymortests/vectorarray.py" line="409" name="test_axpy_one_x[compatible_vector_array_pair1-&lt;lambda&gt;13]" time="0.2711219787597656"></testcase><testcase classname="src.pymortests.vectorarray" file="src/pymortests/vectorarray.py" line="409" name="test_axpy_one_x[compatible_vector_array_pair1-&lt;lambda&gt;14]" time="0.14948725700378418"></testcase><testcase classname="src.pymortests.vectorarray" file="src/pymortests/vectorarray.py" line="409" name="test_axpy_one_x[compatible_vector_array_pair1-&lt;lambda&gt;15]" time="0.26726841926574707"></testcase><testcase classname="src.pymortests.vectorarray" file="src/pymortests/vectorarray.py" line="409" name="test_axpy_one_x[compatible_vector_array_pair1-&lt;lambda&gt;16]" time="0.30664992332458496"></testcase><testcase classname="src.pymortests.vectorarray" file="src/pymortests/vectorarray.py" line="409" name="test_axpy_one_x[compatible_vector_array_pair1-&lt;lambda&gt;17]" time="0.33607983589172363"></testcase><testcase classname="src.pymortests.vectorarray" file="src/pymortests/vectorarray.py" line="409" name="test_axpy_one_x[compatible_vector_array_pair1-&lt;lambda&gt;18]" time="0.12272334098815918"></testcase><testcase classname="src.pymortests.vectorarray" file="src/pymortests/vectorarray.py" line="409" name="test_axpy_one_x[compatible_vector_array_pair1-&lt;lambda&gt;19]" time="0.26496219635009766"></testcase><testcase classname="src.pymortests.vectorarray" file="src/pymortests/vectorarray.py" line="409" name="test_axpy_one_x[compatible_vector_array_pair1-&lt;lambda&gt;20]" time="0.9447891712188721"></testcase><testcase classname="src.pymortests.vectorarray" file="src/pymortests/vectorarray.py" line="409" name="test_axpy_one_x[compatible_vector_array_pair1-&lt;lambda&gt;21]" time="0.9224362373352051"></testcase><testcase classname="src.pymortests.vectorarray" file="src/pymortests/vectorarray.py" line="409" name="test_axpy_one_x[compatible_vector_array_pair1-&lt;lambda&gt;22]" time="2.5900020599365234"></testcase><testcase classname="src.pymortests.vectorarray" file="src/pymortests/vectorarray.py" line="409" name="test_axpy_one_x[compatible_vector_array_pair1-&lt;lambda&gt;23]" time="0.23919081687927246"></testcase><testcase classname="src.pymortests.vectorarray" file="src/pymortests/vectorarray.py" line="409" name="test_axpy_one_x[compatible_vector_array_pair1-&lt;lambda&gt;24]" time="0.042148590087890625"></testcase><testcase classname="src.pymortests.vectorarray" file="src/pymortests/vectorarray.py" line="409" name="test_axpy_one_x[compatible_vector_array_pair1-&lt;lambda&gt;25]" time="0.24620676040649414"></testcase><testcase classname="src.pymortests.vectorarray" file="src/pymortests/vectorarray.py" line="409" name="test_axpy_one_x[compatible_vector_array_pair1-&lt;lambda&gt;26]" time="2.8613479137420654"></testcase><testcase classname="src.pymortests.vectorarray" file="src/pymortests/vectorarray.py" line="409" name="test_axpy_one_x[compatible_vector_array_pair1-&lt;lambda&gt;27]" time="5.038944959640503"></testcase><testcase classname="src.pymortests.vectorarray" file="src/pymortests/vectorarray.py" line="409" name="test_axpy_one_x[compatible_vector_array_pair1-&lt;lambda&gt;28]" time="19.225958108901978"></testcase><testcase classname="src.pymortests.vectorarray" file="src/pymortests/vectorarray.py" line="409" name="test_axpy_one_x[compatible_vector_array_pair1-&lt;lambda&gt;29]" time="0.5474450588226318"></testcase><testcase classname="src.pymortests.vectorarray" file="src/pymortests/vectorarray.py" line="409" name="test_axpy_one_x[compatible_vector_array_pair2-&lt;lambda&gt;0]" time="0.04717421531677246"></testcase><testcase classname="src.pymortests.vectorarray" file="src/pymortests/vectorarray.py" line="409" name="test_axpy_one_x[compatible_vector_array_pair2-&lt;lambda&gt;1]" time="0.12615966796875"></testcase><testcase classname="src.pymortests.vectorarray" file="src/pymortests/vectorarray.py" line="409" name="test_axpy_one_x[compatible_vector_array_pair2-&lt;lambda&gt;2]" time="0.09583353996276855"></testcase><testcase classname="src.pymortests.vectorarray" file="src/pymortests/vectorarray.py" line="409" name="test_axpy_one_x[compatible_vector_array_pair2-&lt;lambda&gt;3]" time="0.11064624786376953"></testcase><testcase classname="src.pymortests.vectorarray" file="src/pymortests/vectorarray.py" line="409" name="test_axpy_one_x[compatible_vector_array_pair2-&lt;lambda&gt;4]" time="0.11636900901794434"></testcase><testcase classname="src.pymortests.vectorarray" file="src/pymortests/vectorarray.py" line="409" name="test_axpy_one_x[compatible_vector_array_pair2-&lt;lambda&gt;5]" time="0.09381222724914551"></testcase><testcase classname="src.pymortests.vectorarray" file="src/pymortests/vectorarray.py" line="409" name="test_axpy_one_x[compatible_vector_array_pair2-&lt;lambda&gt;6]" time="0.03997659683227539"></testcase><testcase classname="src.pymortests.vectorarray" file="src/pymortests/vectorarray.py" line="409" name="test_axpy_one_x[compatible_vector_array_pair2-&lt;lambda&gt;7]" time="0.11506319046020508"></testcase><testcase classname="src.pymortests.vectorarray" file="src/pymortests/vectorarray.py" line="409" name="test_axpy_one_x[compatible_vector_array_pair2-&lt;lambda&gt;8]" time="0.27291297912597656"></testcase><testcase classname="src.pymortests.vectorarray" file="src/pymortests/vectorarray.py" line="409" name="test_axpy_one_x[compatible_vector_array_pair2-&lt;lambda&gt;9]" time="0.5318648815155029"></testcase><testcase classname="src.pymortests.vectorarray" file="src/pymortests/vectorarray.py" line="409" name="test_axpy_one_x[compatible_vector_array_pair2-&lt;lambda&gt;10]" time="1.4931440353393555"></testcase><testcase classname="src.pymortests.vectorarray" file="src/pymortests/vectorarray.py" line="409" name="test_axpy_one_x[compatible_vector_array_pair2-&lt;lambda&gt;11]" time="0.11386299133300781"></testcase><testcase classname="src.pymortests.vectorarray" file="src/pymortests/vectorarray.py" line="409" name="test_axpy_one_x[compatible_vector_array_pair2-&lt;lambda&gt;12]" time="0.0932159423828125"></testcase><testcase classname="src.pymortests.vectorarray" file="src/pymortests/vectorarray.py" line="409" name="test_axpy_one_x[compatible_vector_array_pair2-&lt;lambda&gt;13]" time="0.2729973793029785"></testcase><testcase classname="src.pymortests.vectorarray" file="src/pymortests/vectorarray.py" line="409" name="test_axpy_one_x[compatible_vector_array_pair2-&lt;lambda&gt;14]" time="0.15001177787780762"></testcase><testcase classname="src.pymortests.vectorarray" file="src/pymortests/vectorarray.py" line="409" name="test_axpy_one_x[compatible_vector_array_pair2-&lt;lambda&gt;15]" time="0.2677650451660156"></testcase><testcase classname="src.pymortests.vectorarray" file="src/pymortests/vectorarray.py" line="409" name="test_axpy_one_x[compatible_vector_array_pair2-&lt;lambda&gt;16]" time="0.3059542179107666"></testcase><testcase classname="src.pymortests.vectorarray" file="src/pymortests/vectorarray.py" line="409" name="test_axpy_one_x[compatible_vector_array_pair2-&lt;lambda&gt;17]" time="0.3351922035217285"></testcase><testcase classname="src.pymortests.vectorarray" file="src/pymortests/vectorarray.py" line="409" name="test_axpy_one_x[compatible_vector_array_pair2-&lt;lambda&gt;18]" time="0.12591934204101562"></testcase><testcase classname="src.pymortests.vectorarray" file="src/pymortests/vectorarray.py" line="409" name="test_axpy_one_x[compatible_vector_array_pair2-&lt;lambda&gt;19]" time="0.26904964447021484"></testcase><testcase classname="src.pymortests.vectorarray" file="src/pymortests/vectorarray.py" line="409" name="test_axpy_one_x[compatible_vector_array_pair2-&lt;lambda&gt;20]" time="0.9344429969787598"></testcase><testcase classname="src.pymortests.vectorarray" file="src/pymortests/vectorarray.py" line="409" name="test_axpy_one_x[compatible_vector_array_pair2-&lt;lambda&gt;21]" time="0.9270925521850586"></testcase><testcase classname="src.pymortests.vectorarray" file="src/pymortests/vectorarray.py" line="409" name="test_axpy_one_x[compatible_vector_array_pair2-&lt;lambda&gt;22]" time="2.6193833351135254"></testcase><testcase classname="src.pymortests.vectorarray" file="src/pymortests/vectorarray.py" line="409" name="test_axpy_one_x[compatible_vector_array_pair2-&lt;lambda&gt;23]" time="0.2365128993988037"></testcase><testcase classname="src.pymortests.vectorarray" file="src/pymortests/vectorarray.py" line="409" name="test_axpy_one_x[compatible_vector_array_pair2-&lt;lambda&gt;24]" time="0.04244709014892578"></testcase><testcase classname="src.pymortests.vectorarray" file="src/pymortests/vectorarray.py" line="409" name="test_axpy_one_x[compatible_vector_array_pair2-&lt;lambda&gt;25]" time="0.2620863914489746"></testcase><testcase classname="src.pymortests.vectorarray" file="src/pymortests/vectorarray.py" line="409" name="test_axpy_one_x[compatible_vector_array_pair2-&lt;lambda&gt;26]" time="3.3699169158935547"></testcase><testcase classname="src.pymortests.vectorarray" file="src/pymortests/vectorarray.py" line="409" name="test_axpy_one_x[compatible_vector_array_pair2-&lt;lambda&gt;27]" time="5.911809682846069"></testcase><testcase classname="src.pymortests.vectorarray" file="src/pymortests/vectorarray.py" line="409" name="test_axpy_one_x[compatible_vector_array_pair2-&lt;lambda&gt;28]" time="22.472768545150757"></testcase><testcase classname="src.pymortests.vectorarray" file="src/pymortests/vectorarray.py" line="409" name="test_axpy_one_x[compatible_vector_array_pair2-&lt;lambda&gt;29]" time="0.6025805473327637"></testcase><testcase classname="src.pymortests.vectorarray" file="src/pymortests/vectorarray.py" line="409" name="test_axpy_one_x[compatible_vector_array_pair3-&lt;lambda&gt;0]" time="0.05394387245178223"></testcase><testcase classname="src.pymortests.vectorarray" file="src/pymortests/vectorarray.py" line="409" name="test_axpy_one_x[compatible_vector_array_pair3-&lt;lambda&gt;1]" time="0.1348896026611328"></testcase><testcase classname="src.pymortests.vectorarray" file="src/pymortests/vectorarray.py" line="409" name="test_axpy_one_x[compatible_vector_array_pair3-&lt;lambda&gt;2]" time="0.09833145141601562"></testcase><testcase classname="src.pymortests.vectorarray" file="src/pymortests/vectorarray.py" line="409" name="test_axpy_one_x[compatible_vector_array_pair3-&lt;lambda&gt;3]" time="0.11010146141052246"></testcase><testcase classname="src.pymortests.vectorarray" file="src/pymortests/vectorarray.py" line="409" name="test_axpy_one_x[compatible_vector_array_pair3-&lt;lambda&gt;4]" time="0.11778593063354492"></testcase><testcase classname="src.pymortests.vectorarray" file="src/pymortests/vectorarray.py" line="409" name="test_axpy_one_x[compatible_vector_array_pair3-&lt;lambda&gt;5]" time="0.09396839141845703"></testcase><testcase classname="src.pymortests.vectorarray" file="src/pymortests/vectorarray.py" line="409" name="test_axpy_one_x[compatible_vector_array_pair3-&lt;lambda&gt;6]" time="0.036347150802612305"></testcase><testcase classname="src.pymortests.vectorarray" file="src/pymortests/vectorarray.py" line="409" name="test_axpy_one_x[compatible_vector_array_pair3-&lt;lambda&gt;7]" time="0.11328005790710449"></testcase><testcase classname="src.pymortests.vectorarray" file="src/pymortests/vectorarray.py" line="409" name="test_axpy_one_x[compatible_vector_array_pair3-&lt;lambda&gt;8]" time="0.2755904197692871"></testcase><testcase classname="src.pymortests.vectorarray" file="src/pymortests/vectorarray.py" line="409" name="test_axpy_one_x[compatible_vector_array_pair3-&lt;lambda&gt;9]" time="0.5261373519897461"></testcase><testcase classname="src.pymortests.vectorarray" file="src/pymortests/vectorarray.py" line="409" name="test_axpy_one_x[compatible_vector_array_pair3-&lt;lambda&gt;10]" time="1.4796464443206787"></testcase><testcase classname="src.pymortests.vectorarray" file="src/pymortests/vectorarray.py" line="409" name="test_axpy_one_x[compatible_vector_array_pair3-&lt;lambda&gt;11]" time="0.11199784278869629"></testcase><testcase classname="src.pymortests.vectorarray" file="src/pymortests/vectorarray.py" line="409" name="test_axpy_one_x[compatible_vector_array_pair3-&lt;lambda&gt;12]" time="0.09258031845092773"></testcase><testcase classname="src.pymortests.vectorarray" file="src/pymortests/vectorarray.py" line="409" name="test_axpy_one_x[compatible_vector_array_pair3-&lt;lambda&gt;13]" time="0.2708151340484619"></testcase><testcase classname="src.pymortests.vectorarray" file="src/pymortests/vectorarray.py" line="409" name="test_axpy_one_x[compatible_vector_array_pair3-&lt;lambda&gt;14]" time="0.15010285377502441"></testcase><testcase classname="src.pymortests.vectorarray" file="src/pymortests/vectorarray.py" line="409" name="test_axpy_one_x[compatible_vector_array_pair3-&lt;lambda&gt;15]" time="0.26616430282592773"></testcase><testcase classname="src.pymortests.vectorarray" file="src/pymortests/vectorarray.py" line="409" name="test_axpy_one_x[compatible_vector_array_pair3-&lt;lambda&gt;16]" time="0.30487942695617676"></testcase><testcase classname="src.pymortests.vectorarray" file="src/pymortests/vectorarray.py" line="409" name="test_axpy_one_x[compatible_vector_array_pair3-&lt;lambda&gt;17]" time="0.33470964431762695"></testcase><testcase classname="src.pymortests.vectorarray" file="src/pymortests/vectorarray.py" line="409" name="test_axpy_one_x[compatible_vector_array_pair3-&lt;lambda&gt;18]" time="0.12269210815429688"></testcase><testcase classname="src.pymortests.vectorarray" file="src/pymortests/vectorarray.py" line="409" name="test_axpy_one_x[compatible_vector_array_pair3-&lt;lambda&gt;19]" time="0.2647979259490967"></testcase><testcase classname="src.pymortests.vectorarray" file="src/pymortests/vectorarray.py" line="409" name="test_axpy_one_x[compatible_vector_array_pair3-&lt;lambda&gt;20]" time="0.9450125694274902"></testcase><testcase classname="src.pymortests.vectorarray" file="src/pymortests/vectorarray.py" line="409" name="test_axpy_one_x[compatible_vector_array_pair3-&lt;lambda&gt;21]" time="0.9417340755462646"></testcase><testcase classname="src.pymortests.vectorarray" file="src/pymortests/vectorarray.py" line="409" name="test_axpy_one_x[compatible_vector_array_pair3-&lt;lambda&gt;22]" time="2.6693308353424072"></testcase><testcase classname="src.pymortests.vectorarray" file="src/pymortests/vectorarray.py" line="409" name="test_axpy_one_x[compatible_vector_array_pair3-&lt;lambda&gt;23]" time="0.23859477043151855"></testcase><testcase classname="src.pymortests.vectorarray" file="src/pymortests/vectorarray.py" line="409" name="test_axpy_one_x[compatible_vector_array_pair3-&lt;lambda&gt;24]" time="0.04218339920043945"></testcase><testcase classname="src.pymortests.vectorarray" file="src/pymortests/vectorarray.py" line="409" name="test_axpy_one_x[compatible_vector_array_pair3-&lt;lambda&gt;25]" time="0.2819712162017822"></testcase><testcase classname="src.pymortests.vectorarray" file="src/pymortests/vectorarray.py" line="409" name="test_axpy_one_x[compatible_vector_array_pair3-&lt;lambda&gt;26]" time="3.9103634357452393"></testcase><testcase classname="src.pymortests.vectorarray" file="src/pymortests/vectorarray.py" line="409" name="test_axpy_one_x[compatible_vector_array_pair3-&lt;lambda&gt;27]" time="6.805568695068359"></testcase><testcase classname="src.pymortests.vectorarray" file="src/pymortests/vectorarray.py" line="409" name="test_axpy_one_x[compatible_vector_array_pair3-&lt;lambda&gt;28]" time="26.008080005645752"></testcase><testcase classname="src.pymortests.vectorarray" file="src/pymortests/vectorarray.py" line="409" name="test_axpy_one_x[compatible_vector_array_pair3-&lt;lambda&gt;29]" time="0.6684293746948242"></testcase><testcase classname="src.pymortests.vectorarray" file="src/pymortests/vectorarray.py" line="409" name="test_axpy_one_x[compatible_vector_array_pair4-&lt;lambda&gt;0]" time="0.05075860023498535"></testcase><testcase classname="src.pymortests.vectorarray" file="src/pymortests/vectorarray.py" line="409" name="test_axpy_one_x[compatible_vector_array_pair4-&lt;lambda&gt;1]" time="0.13846969604492188"></testcase><testcase classname="src.pymortests.vectorarray" file="src/pymortests/vectorarray.py" line="409" name="test_axpy_one_x[compatible_vector_array_pair4-&lt;lambda&gt;2]" time="0.09911561012268066"></testcase><testcase classname="src.pymortests.vectorarray" file="src/pymortests/vectorarray.py" line="409" name="test_axpy_one_x[compatible_vector_array_pair4-&lt;lambda&gt;3]" time="0.11258602142333984"></testcase><testcase classname="src.pymortests.vectorarray" file="src/pymortests/vectorarray.py" line="409" name="test_axpy_one_x[compatible_vector_array_pair4-&lt;lambda&gt;4]" time="0.12337946891784668"></testcase><testcase classname="src.pymortests.vectorarray" file="src/pymortests/vectorarray.py" line="409" name="test_axpy_one_x[compatible_vector_array_pair4-&lt;lambda&gt;5]" time="0.09877300262451172"></testcase><testcase classname="src.pymortests.vectorarray" file="src/pymortests/vectorarray.py" line="409" name="test_axpy_one_x[compatible_vector_array_pair4-&lt;lambda&gt;6]" time="0.03979969024658203"></testcase><testcase classname="src.pymortests.vectorarray" file="src/pymortests/vectorarray.py" line="409" name="test_axpy_one_x[compatible_vector_array_pair4-&lt;lambda&gt;7]" time="0.11235523223876953"></testcase><testcase classname="src.pymortests.vectorarray" file="src/pymortests/vectorarray.py" line="409" name="test_axpy_one_x[compatible_vector_array_pair4-&lt;lambda&gt;8]" time="0.2741415500640869"></testcase><testcase classname="src.pymortests.vectorarray" file="src/pymortests/vectorarray.py" line="409" name="test_axpy_one_x[compatible_vector_array_pair4-&lt;lambda&gt;9]" time="0.5370070934295654"></testcase><testcase classname="src.pymortests.vectorarray" file="src/pymortests/vectorarray.py" line="409" name="test_axpy_one_x[compatible_vector_array_pair4-&lt;lambda&gt;10]" time="1.5107169151306152"></testcase><testcase classname="src.pymortests.vectorarray" file="src/pymortests/vectorarray.py" line="409" name="test_axpy_one_x[compatible_vector_array_pair4-&lt;lambda&gt;11]" time="0.11371731758117676"></testcase><testcase classname="src.pymortests.vectorarray" file="src/pymortests/vectorarray.py" line="409" name="test_axpy_one_x[compatible_vector_array_pair4-&lt;lambda&gt;12]" time="0.0930931568145752"></testcase><testcase classname="src.pymortests.vectorarray" file="src/pymortests/vectorarray.py" line="409" name="test_axpy_one_x[compatible_vector_array_pair4-&lt;lambda&gt;13]" time="0.2743706703186035"></testcase><testcase classname="src.pymortests.vectorarray" file="src/pymortests/vectorarray.py" line="409" name="test_axpy_one_x[compatible_vector_array_pair4-&lt;lambda&gt;14]" time="0.1513233184814453"></testcase><testcase classname="src.pymortests.vectorarray" file="src/pymortests/vectorarray.py" line="409" name="test_axpy_one_x[compatible_vector_array_pair4-&lt;lambda&gt;15]" time="0.27211856842041016"></testcase><testcase classname="src.pymortests.vectorarray" file="src/pymortests/vectorarray.py" line="409" name="test_axpy_one_x[compatible_vector_array_pair4-&lt;lambda&gt;16]" time="0.3066389560699463"></testcase><testcase classname="src.pymortests.vectorarray" file="src/pymortests/vectorarray.py" line="409" name="test_axpy_one_x[compatible_vector_array_pair4-&lt;lambda&gt;17]" time="0.33418750762939453"></testcase><testcase classname="src.pymortests.vectorarray" file="src/pymortests/vectorarray.py" line="409" name="test_axpy_one_x[compatible_vector_array_pair4-&lt;lambda&gt;18]" time="0.12817001342773438"></testcase><testcase classname="src.pymortests.vectorarray" file="src/pymortests/vectorarray.py" line="409" name="test_axpy_one_x[compatible_vector_array_pair4-&lt;lambda&gt;19]" time="0.2752821445465088"></testcase><testcase classname="src.pymortests.vectorarray" file="src/pymortests/vectorarray.py" line="409" name="test_axpy_one_x[compatible_vector_array_pair4-&lt;lambda&gt;20]" time="0.9794065952301025"></testcase><testcase classname="src.pymortests.vectorarray" file="src/pymortests/vectorarray.py" line="409" name="test_axpy_one_x[compatible_vector_array_pair4-&lt;lambda&gt;21]" time="0.9669790267944336"></testcase><testcase classname="src.pymortests.vectorarray" file="src/pymortests/vectorarray.py" line="409" name="test_axpy_one_x[compatible_vector_array_pair4-&lt;lambda&gt;22]" time="2.650857925415039"></testcase><testcase classname="src.pymortests.vectorarray" file="src/pymortests/vectorarray.py" line="409" name="test_axpy_one_x[compatible_vector_array_pair4-&lt;lambda&gt;23]" time="0.24188780784606934"></testcase><testcase classname="src.pymortests.vectorarray" file="src/pymortests/vectorarray.py" line="409" name="test_axpy_one_x[compatible_vector_array_pair4-&lt;lambda&gt;24]" time="0.043099403381347656"></testcase><testcase classname="src.pymortests.vectorarray" file="src/pymortests/vectorarray.py" line="409" name="test_axpy_one_x[compatible_vector_array_pair4-&lt;lambda&gt;25]" time="0.31095242500305176"></testcase><testcase classname="src.pymortests.vectorarray" file="src/pymortests/vectorarray.py" line="409" name="test_axpy_one_x[compatible_vector_array_pair4-&lt;lambda&gt;26]" time="4.5283730030059814"></testcase><testcase classname="src.pymortests.vectorarray" file="src/pymortests/vectorarray.py" line="409" name="test_axpy_one_x[compatible_vector_array_pair4-&lt;lambda&gt;27]" time="7.8400774002075195"></testcase><testcase classname="src.pymortests.vectorarray" file="src/pymortests/vectorarray.py" line="409" name="test_axpy_one_x[compatible_vector_array_pair4-&lt;lambda&gt;28]" time="29.41564965248108"></testcase><testcase classname="src.pymortests.vectorarray" file="src/pymortests/vectorarray.py" line="409" name="test_axpy_one_x[compatible_vector_array_pair4-&lt;lambda&gt;29]" time="0.7242980003356934"></testcase><testcase classname="src.pymortests.vectorarray" file="src/pymortests/vectorarray.py" line="409" name="test_axpy_one_x[compatible_vector_array_pair5-&lt;lambda&gt;0]" time="0.04845476150512695"></testcase><testcase classname="src.pymortests.vectorarray" file="src/pymortests/vectorarray.py" line="409" name="test_axpy_one_x[compatible_vector_array_pair5-&lt;lambda&gt;1]" time="0.1268467903137207"></testcase><testcase classname="src.pymortests.vectorarray" file="src/pymortests/vectorarray.py" line="409" name="test_axpy_one_x[compatible_vector_array_pair5-&lt;lambda&gt;2]" time="0.0970909595489502"></testcase><testcase classname="src.pymortests.vectorarray" file="src/pymortests/vectorarray.py" line="409" name="test_axpy_one_x[compatible_vector_array_pair5-&lt;lambda&gt;3]" time="0.111541748046875"></testcase><testcase classname="src.pymortests.vectorarray" file="src/pymortests/vectorarray.py" line="409" name="test_axpy_one_x[compatible_vector_array_pair5-&lt;lambda&gt;4]" time="0.11856603622436523"></testcase><testcase classname="src.pymortests.vectorarray" file="src/pymortests/vectorarray.py" line="409" name="test_axpy_one_x[compatible_vector_array_pair5-&lt;lambda&gt;5]" time="0.09475541114807129"></testcase><testcase classname="src.pymortests.vectorarray" file="src/pymortests/vectorarray.py" line="409" name="test_axpy_one_x[compatible_vector_array_pair5-&lt;lambda&gt;6]" time="0.035744667053222656"></testcase><testcase classname="src.pymortests.vectorarray" file="src/pymortests/vectorarray.py" line="409" name="test_axpy_one_x[compatible_vector_array_pair5-&lt;lambda&gt;7]" time="0.11104249954223633"></testcase><testcase classname="src.pymortests.vectorarray" file="src/pymortests/vectorarray.py" line="409" name="test_axpy_one_x[compatible_vector_array_pair5-&lt;lambda&gt;8]" time="0.27706480026245117"></testcase><testcase classname="src.pymortests.vectorarray" file="src/pymortests/vectorarray.py" line="409" name="test_axpy_one_x[compatible_vector_array_pair5-&lt;lambda&gt;9]" time="0.5330586433410645"></testcase><testcase classname="src.pymortests.vectorarray" file="src/pymortests/vectorarray.py" line="409" name="test_axpy_one_x[compatible_vector_array_pair5-&lt;lambda&gt;10]" time="1.4945945739746094"></testcase><testcase classname="src.pymortests.vectorarray" file="src/pymortests/vectorarray.py" line="409" name="test_axpy_one_x[compatible_vector_array_pair5-&lt;lambda&gt;11]" time="0.11470651626586914"></testcase><testcase classname="src.pymortests.vectorarray" file="src/pymortests/vectorarray.py" line="409" name="test_axpy_one_x[compatible_vector_array_pair5-&lt;lambda&gt;12]" time="0.09344911575317383"></testcase><testcase classname="src.pymortests.vectorarray" file="src/pymortests/vectorarray.py" line="409" name="test_axpy_one_x[compatible_vector_array_pair5-&lt;lambda&gt;13]" time="0.2738640308380127"></testcase><testcase classname="src.pymortests.vectorarray" file="src/pymortests/vectorarray.py" line="409" name="test_axpy_one_x[compatible_vector_array_pair5-&lt;lambda&gt;14]" time="0.14983868598937988"></testcase><testcase classname="src.pymortests.vectorarray" file="src/pymortests/vectorarray.py" line="409" name="test_axpy_one_x[compatible_vector_array_pair5-&lt;lambda&gt;15]" time="0.269869327545166"></testcase><testcase classname="src.pymortests.vectorarray" file="src/pymortests/vectorarray.py" line="409" name="test_axpy_one_x[compatible_vector_array_pair5-&lt;lambda&gt;16]" time="0.30374646186828613"></testcase><testcase classname="src.pymortests.vectorarray" file="src/pymortests/vectorarray.py" line="409" name="test_axpy_one_x[compatible_vector_array_pair5-&lt;lambda&gt;17]" time="0.32996702194213867"></testcase><testcase classname="src.pymortests.vectorarray" file="src/pymortests/vectorarray.py" line="409" name="test_axpy_one_x[compatible_vector_array_pair5-&lt;lambda&gt;18]" time="0.12383174896240234"></testcase><testcase classname="src.pymortests.vectorarray" file="src/pymortests/vectorarray.py" line="409" name="test_axpy_one_x[compatible_vector_array_pair5-&lt;lambda&gt;19]" time="0.2688302993774414"></testcase><testcase classname="src.pymortests.vectorarray" file="src/pymortests/vectorarray.py" line="409" name="test_axpy_one_x[compatible_vector_array_pair5-&lt;lambda&gt;20]" time="0.980332612991333"></testcase><testcase classname="src.pymortests.vectorarray" file="src/pymortests/vectorarray.py" line="409" name="test_axpy_one_x[compatible_vector_array_pair5-&lt;lambda&gt;21]" time="0.9506840705871582"></testcase><testcase classname="src.pymortests.vectorarray" file="src/pymortests/vectorarray.py" line="409" name="test_axpy_one_x[compatible_vector_array_pair5-&lt;lambda&gt;22]" time="2.686086893081665"></testcase><testcase classname="src.pymortests.vectorarray" file="src/pymortests/vectorarray.py" line="409" name="test_axpy_one_x[compatible_vector_array_pair5-&lt;lambda&gt;23]" time="0.2392418384552002"></testcase><testcase classname="src.pymortests.vectorarray" file="src/pymortests/vectorarray.py" line="409" name="test_axpy_one_x[compatible_vector_array_pair5-&lt;lambda&gt;24]" time="0.04827237129211426"></testcase><testcase classname="src.pymortests.vectorarray" file="src/pymortests/vectorarray.py" line="409" name="test_axpy_one_x[compatible_vector_array_pair5-&lt;lambda&gt;25]" time="0.32795214653015137"></testcase><testcase classname="src.pymortests.vectorarray" file="src/pymortests/vectorarray.py" line="409" name="test_axpy_one_x[compatible_vector_array_pair5-&lt;lambda&gt;26]" time="5.039510488510132"></testcase><testcase classname="src.pymortests.vectorarray" file="src/pymortests/vectorarray.py" line="409" name="test_axpy_one_x[compatible_vector_array_pair5-&lt;lambda&gt;27]" time="8.720678806304932"></testcase><testcase classname="src.pymortests.vectorarray" file="src/pymortests/vectorarray.py" line="409" name="test_axpy_one_x[compatible_vector_array_pair5-&lt;lambda&gt;28]" time="33.10980844497681"></testcase><testcase classname="src.pymortests.vectorarray" file="src/pymortests/vectorarray.py" line="409" name="test_axpy_one_x[compatible_vector_array_pair5-&lt;lambda&gt;29]" time="0.8083200454711914"></testcase><testcase classname="src.pymortests.vectorarray" file="src/pymortests/vectorarray.py" line="409" name="test_axpy_one_x[compatible_vector_array_pair6-&lt;lambda&gt;0]" time="0.04810309410095215"></testcase><testcase classname="src.pymortests.vectorarray" file="src/pymortests/vectorarray.py" line="409" name="test_axpy_one_x[compatible_vector_array_pair6-&lt;lambda&gt;1]" time="0.12755346298217773"></testcase><testcase classname="src.pymortests.vectorarray" file="src/pymortests/vectorarray.py" line="409" name="test_axpy_one_x[compatible_vector_array_pair6-&lt;lambda&gt;2]" time="0.09766411781311035"></testcase><testcase classname="src.pymortests.vectorarray" file="src/pymortests/vectorarray.py" line="409" name="test_axpy_one_x[compatible_vector_array_pair6-&lt;lambda&gt;3]" time="0.11309003829956055"></testcase><testcase classname="src.pymortests.vectorarray" file="src/pymortests/vectorarray.py" line="409" name="test_axpy_one_x[compatible_vector_array_pair6-&lt;lambda&gt;4]" time="0.11919665336608887"></testcase><testcase classname="src.pymortests.vectorarray" file="src/pymortests/vectorarray.py" line="409" name="test_axpy_one_x[compatible_vector_array_pair6-&lt;lambda&gt;5]" time="0.0960245132446289"></testcase><testcase classname="src.pymortests.vectorarray" file="src/pymortests/vectorarray.py" line="409" name="test_axpy_one_x[compatible_vector_array_pair6-&lt;lambda&gt;6]" time="0.03799295425415039"></testcase><testcase classname="src.pymortests.vectorarray" file="src/pymortests/vectorarray.py" line="409" name="test_axpy_one_x[compatible_vector_array_pair6-&lt;lambda&gt;7]" time="0.11271786689758301"></testcase><testcase classname="src.pymortests.vectorarray" file="src/pymortests/vectorarray.py" line="409" name="test_axpy_one_x[compatible_vector_array_pair6-&lt;lambda&gt;8]" time="0.26824402809143066"></testcase><testcase classname="src.pymortests.vectorarray" file="src/pymortests/vectorarray.py" line="409" name="test_axpy_one_x[compatible_vector_array_pair6-&lt;lambda&gt;9]" time="0.5211496353149414"></testcase><testcase classname="src.pymortests.vectorarray" file="src/pymortests/vectorarray.py" line="409" name="test_axpy_one_x[compatible_vector_array_pair6-&lt;lambda&gt;10]" time="1.4819905757904053"></testcase><testcase classname="src.pymortests.vectorarray" file="src/pymortests/vectorarray.py" line="409" name="test_axpy_one_x[compatible_vector_array_pair6-&lt;lambda&gt;11]" time="0.11275339126586914"></testcase><testcase classname="src.pymortests.vectorarray" file="src/pymortests/vectorarray.py" line="409" name="test_axpy_one_x[compatible_vector_array_pair6-&lt;lambda&gt;12]" time="0.09213972091674805"></testcase><testcase classname="src.pymortests.vectorarray" file="src/pymortests/vectorarray.py" line="409" name="test_axpy_one_x[compatible_vector_array_pair6-&lt;lambda&gt;13]" time="0.27053284645080566"></testcase><testcase classname="src.pymortests.vectorarray" file="src/pymortests/vectorarray.py" line="409" name="test_axpy_one_x[compatible_vector_array_pair6-&lt;lambda&gt;14]" time="0.14940261840820312"></testcase><testcase classname="src.pymortests.vectorarray" file="src/pymortests/vectorarray.py" line="409" name="test_axpy_one_x[compatible_vector_array_pair6-&lt;lambda&gt;15]" time="0.27141880989074707"></testcase><testcase classname="src.pymortests.vectorarray" file="src/pymortests/vectorarray.py" line="409" name="test_axpy_one_x[compatible_vector_array_pair6-&lt;lambda&gt;16]" time="0.3038499355316162"></testcase><testcase classname="src.pymortests.vectorarray" file="src/pymortests/vectorarray.py" line="409" name="test_axpy_one_x[compatible_vector_array_pair6-&lt;lambda&gt;17]" time="0.32625699043273926"></testcase><testcase classname="src.pymortests.vectorarray" file="src/pymortests/vectorarray.py" line="409" name="test_axpy_one_x[compatible_vector_array_pair6-&lt;lambda&gt;18]" time="0.12153792381286621"></testcase><testcase classname="src.pymortests.vectorarray" file="src/pymortests/vectorarray.py" line="409" name="test_axpy_one_x[compatible_vector_array_pair6-&lt;lambda&gt;19]" time="0.26775145530700684"></testcase><testcase classname="src.pymortests.vectorarray" file="src/pymortests/vectorarray.py" line="409" name="test_axpy_one_x[compatible_vector_array_pair6-&lt;lambda&gt;20]" time="0.9410800933837891"></testcase><testcase classname="src.pymortests.vectorarray" file="src/pymortests/vectorarray.py" line="409" name="test_axpy_one_x[compatible_vector_array_pair6-&lt;lambda&gt;21]" time="0.9229557514190674"></testcase><testcase classname="src.pymortests.vectorarray" file="src/pymortests/vectorarray.py" line="409" name="test_axpy_one_x[compatible_vector_array_pair6-&lt;lambda&gt;22]" time="2.620856523513794"></testcase><testcase classname="src.pymortests.vectorarray" file="src/pymortests/vectorarray.py" line="409" name="test_axpy_one_x[compatible_vector_array_pair6-&lt;lambda&gt;23]" time="0.23584270477294922"></testcase><testcase classname="src.pymortests.vectorarray" file="src/pymortests/vectorarray.py" line="409" name="test_axpy_one_x[compatible_vector_array_pair6-&lt;lambda&gt;24]" time="0.041900634765625"></testcase><testcase classname="src.pymortests.vectorarray" file="src/pymortests/vectorarray.py" line="409" name="test_axpy_one_x[compatible_vector_array_pair6-&lt;lambda&gt;25]" time="0.34642934799194336"></testcase><testcase classname="src.pymortests.vectorarray" file="src/pymortests/vectorarray.py" line="409" name="test_axpy_one_x[compatible_vector_array_pair6-&lt;lambda&gt;26]" time="5.48494553565979"></testcase><testcase classname="src.pymortests.vectorarray" file="src/pymortests/vectorarray.py" line="409" name="test_axpy_one_x[compatible_vector_array_pair6-&lt;lambda&gt;27]" time="9.460022211074829"></testcase><testcase classname="src.pymortests.vectorarray" file="src/pymortests/vectorarray.py" line="409" name="test_axpy_one_x[compatible_vector_array_pair6-&lt;lambda&gt;28]" time="35.47191095352173"></testcase><testcase classname="src.pymortests.vectorarray" file="src/pymortests/vectorarray.py" line="409" name="test_axpy_one_x[compatible_vector_array_pair6-&lt;lambda&gt;29]" time="0.8899674415588379"></testcase><testcase classname="src.pymortests.vectorarray" file="src/pymortests/vectorarray.py" line="409" name="test_axpy_one_x[compatible_vector_array_pair7-&lt;lambda&gt;0]" time="0.04926180839538574"></testcase><testcase classname="src.pymortests.vectorarray" file="src/pymortests/vectorarray.py" line="409" name="test_axpy_one_x[compatible_vector_array_pair7-&lt;lambda&gt;1]" time="0.12898540496826172"></testcase><testcase classname="src.pymortests.vectorarray" file="src/pymortests/vectorarray.py" line="409" name="test_axpy_one_x[compatible_vector_array_pair7-&lt;lambda&gt;2]" time="0.09938573837280273"></testcase><testcase classname="src.pymortests.vectorarray" file="src/pymortests/vectorarray.py" line="409" name="test_axpy_one_x[compatible_vector_array_pair7-&lt;lambda&gt;3]" time="0.11481809616088867"></testcase><testcase classname="src.pymortests.vectorarray" file="src/pymortests/vectorarray.py" line="409" name="test_axpy_one_x[compatible_vector_array_pair7-&lt;lambda&gt;4]" time="0.11813044548034668"></testcase><testcase classname="src.pymortests.vectorarray" file="src/pymortests/vectorarray.py" line="409" name="test_axpy_one_x[compatible_vector_array_pair7-&lt;lambda&gt;5]" time="0.09409785270690918"></testcase><testcase classname="src.pymortests.vectorarray" file="src/pymortests/vectorarray.py" line="409" name="test_axpy_one_x[compatible_vector_array_pair7-&lt;lambda&gt;6]" time="0.036418914794921875"></testcase><testcase classname="src.pymortests.vectorarray" file="src/pymortests/vectorarray.py" line="409" name="test_axpy_one_x[compatible_vector_array_pair7-&lt;lambda&gt;7]" time="0.11498236656188965"></testcase><testcase classname="src.pymortests.vectorarray" file="src/pymortests/vectorarray.py" line="409" name="test_axpy_one_x[compatible_vector_array_pair7-&lt;lambda&gt;8]" time="0.26947617530822754"></testcase><testcase classname="src.pymortests.vectorarray" file="src/pymortests/vectorarray.py" line="409" name="test_axpy_one_x[compatible_vector_array_pair7-&lt;lambda&gt;9]" time="0.5294523239135742"></testcase><testcase classname="src.pymortests.vectorarray" file="src/pymortests/vectorarray.py" line="409" name="test_axpy_one_x[compatible_vector_array_pair7-&lt;lambda&gt;10]" time="1.4769208431243896"></testcase><testcase classname="src.pymortests.vectorarray" file="src/pymortests/vectorarray.py" line="409" name="test_axpy_one_x[compatible_vector_array_pair7-&lt;lambda&gt;11]" time="0.11301279067993164"></testcase><testcase classname="src.pymortests.vectorarray" file="src/pymortests/vectorarray.py" line="409" name="test_axpy_one_x[compatible_vector_array_pair7-&lt;lambda&gt;12]" time="0.0946512222290039"></testcase><testcase classname="src.pymortests.vectorarray" file="src/pymortests/vectorarray.py" line="409" name="test_axpy_one_x[compatible_vector_array_pair7-&lt;lambda&gt;13]" time="0.26931214332580566"></testcase><testcase classname="src.pymortests.vectorarray" file="src/pymortests/vectorarray.py" line="409" name="test_axpy_one_x[compatible_vector_array_pair7-&lt;lambda&gt;14]" time="0.14961457252502441"></testcase><testcase classname="src.pymortests.vectorarray" file="src/pymortests/vectorarray.py" line="409" name="test_axpy_one_x[compatible_vector_array_pair7-&lt;lambda&gt;15]" time="0.26630711555480957"></testcase><testcase classname="src.pymortests.vectorarray" file="src/pymortests/vectorarray.py" line="409" name="test_axpy_one_x[compatible_vector_array_pair7-&lt;lambda&gt;16]" time="0.30084729194641113"></testcase><testcase classname="src.pymortests.vectorarray" file="src/pymortests/vectorarray.py" line="409" name="test_axpy_one_x[compatible_vector_array_pair7-&lt;lambda&gt;17]" time="0.33133578300476074"></testcase><testcase classname="src.pymortests.vectorarray" file="src/pymortests/vectorarray.py" line="409" name="test_axpy_one_x[compatible_vector_array_pair7-&lt;lambda&gt;18]" time="0.12532591819763184"></testcase><testcase classname="src.pymortests.vectorarray" file="src/pymortests/vectorarray.py" line="409" name="test_axpy_one_x[compatible_vector_array_pair7-&lt;lambda&gt;19]" time="0.26866936683654785"></testcase><testcase classname="src.pymortests.vectorarray" file="src/pymortests/vectorarray.py" line="409" name="test_axpy_one_x[compatible_vector_array_pair7-&lt;lambda&gt;20]" time="0.9481425285339355"></testcase><testcase classname="src.pymortests.vectorarray" file="src/pymortests/vectorarray.py" line="409" name="test_axpy_one_x[compatible_vector_array_pair7-&lt;lambda&gt;21]" time="0.9289827346801758"></testcase><testcase classname="src.pymortests.vectorarray" file="src/pymortests/vectorarray.py" line="409" name="test_axpy_one_x[compatible_vector_array_pair7-&lt;lambda&gt;22]" time="2.638432264328003"></testcase><testcase classname="src.pymortests.vectorarray" file="src/pymortests/vectorarray.py" line="409" name="test_axpy_one_x[compatible_vector_array_pair7-&lt;lambda&gt;23]" time="0.23540353775024414"></testcase><testcase classname="src.pymortests.vectorarray" file="src/pymortests/vectorarray.py" line="409" name="test_axpy_one_x[compatible_vector_array_pair7-&lt;lambda&gt;24]" time="0.04168868064880371"></testcase><testcase classname="src.pymortests.vectorarray" file="src/pymortests/vectorarray.py" line="409" name="test_axpy_one_x[compatible_vector_array_pair7-&lt;lambda&gt;25]" time="0.3644871711730957"></testcase><testcase classname="src.pymortests.vectorarray" file="src/pymortests/vectorarray.py" line="409" name="test_axpy_one_x[compatible_vector_array_pair7-&lt;lambda&gt;26]" time="6.005221128463745"></testcase><testcase classname="src.pymortests.vectorarray" file="src/pymortests/vectorarray.py" line="409" name="test_axpy_one_x[compatible_vector_array_pair7-&lt;lambda&gt;27]" time="10.409176111221313"></testcase><testcase classname="src.pymortests.vectorarray" file="src/pymortests/vectorarray.py" line="409" name="test_axpy_one_x[compatible_vector_array_pair7-&lt;lambda&gt;28]" time="38.32705903053284"><system-err>no more timer available, reusing last one
</system-err></testcase><testcase classname="src.pymortests.vectorarray" file="src/pymortests/vectorarray.py" line="409" name="test_axpy_one_x[compatible_vector_array_pair7-&lt;lambda&gt;29]" time="0.9028439521789551"></testcase><testcase classname="src.pymortests.vectorarray" file="src/pymortests/vectorarray.py" line="409" name="test_axpy_one_x[compatible_vector_array_pair8-&lt;lambda&gt;0]" time="0.047147274017333984"></testcase><testcase classname="src.pymortests.vectorarray" file="src/pymortests/vectorarray.py" line="409" name="test_axpy_one_x[compatible_vector_array_pair8-&lt;lambda&gt;1]" time="0.1262664794921875"></testcase><testcase classname="src.pymortests.vectorarray" file="src/pymortests/vectorarray.py" line="409" name="test_axpy_one_x[compatible_vector_array_pair8-&lt;lambda&gt;2]" time="0.09562563896179199"></testcase><testcase classname="src.pymortests.vectorarray" file="src/pymortests/vectorarray.py" line="409" name="test_axpy_one_x[compatible_vector_array_pair8-&lt;lambda&gt;3]" time="0.11127805709838867"></testcase><testcase classname="src.pymortests.vectorarray" file="src/pymortests/vectorarray.py" line="409" name="test_axpy_one_x[compatible_vector_array_pair8-&lt;lambda&gt;4]" time="0.11815857887268066"></testcase><testcase classname="src.pymortests.vectorarray" file="src/pymortests/vectorarray.py" line="409" name="test_axpy_one_x[compatible_vector_array_pair8-&lt;lambda&gt;5]" time="0.0943136215209961"></testcase><testcase classname="src.pymortests.vectorarray" file="src/pymortests/vectorarray.py" line="409" name="test_axpy_one_x[compatible_vector_array_pair8-&lt;lambda&gt;6]" time="0.03589940071105957"></testcase><testcase classname="src.pymortests.vectorarray" file="src/pymortests/vectorarray.py" line="409" name="test_axpy_one_x[compatible_vector_array_pair8-&lt;lambda&gt;7]" time="0.11092495918273926"></testcase><testcase classname="src.pymortests.vectorarray" file="src/pymortests/vectorarray.py" line="409" name="test_axpy_one_x[compatible_vector_array_pair8-&lt;lambda&gt;8]" time="0.27085256576538086"></testcase><testcase classname="src.pymortests.vectorarray" file="src/pymortests/vectorarray.py" line="409" name="test_axpy_one_x[compatible_vector_array_pair8-&lt;lambda&gt;9]" time="0.5240585803985596"></testcase><testcase classname="src.pymortests.vectorarray" file="src/pymortests/vectorarray.py" line="409" name="test_axpy_one_x[compatible_vector_array_pair8-&lt;lambda&gt;10]" time="1.5015273094177246"></testcase><testcase classname="src.pymortests.vectorarray" file="src/pymortests/vectorarray.py" line="409" name="test_axpy_one_x[compatible_vector_array_pair8-&lt;lambda&gt;11]" time="0.11469221115112305"></testcase><testcase classname="src.pymortests.vectorarray" file="src/pymortests/vectorarray.py" line="409" name="test_axpy_one_x[compatible_vector_array_pair8-&lt;lambda&gt;12]" time="0.09312248229980469"></testcase><testcase classname="src.pymortests.vectorarray" file="src/pymortests/vectorarray.py" line="409" name="test_axpy_one_x[compatible_vector_array_pair8-&lt;lambda&gt;13]" time="0.2762432098388672"></testcase><testcase classname="src.pymortests.vectorarray" file="src/pymortests/vectorarray.py" line="409" name="test_axpy_one_x[compatible_vector_array_pair8-&lt;lambda&gt;14]" time="0.15123939514160156"></testcase><testcase classname="src.pymortests.vectorarray" file="src/pymortests/vectorarray.py" line="409" name="test_axpy_one_x[compatible_vector_array_pair8-&lt;lambda&gt;15]" time="0.27220749855041504"></testcase><testcase classname="src.pymortests.vectorarray" file="src/pymortests/vectorarray.py" line="409" name="test_axpy_one_x[compatible_vector_array_pair8-&lt;lambda&gt;16]" time="0.30773210525512695"></testcase><testcase classname="src.pymortests.vectorarray" file="src/pymortests/vectorarray.py" line="409" name="test_axpy_one_x[compatible_vector_array_pair8-&lt;lambda&gt;17]" time="0.3361537456512451"></testcase><testcase classname="src.pymortests.vectorarray" file="src/pymortests/vectorarray.py" line="409" name="test_axpy_one_x[compatible_vector_array_pair8-&lt;lambda&gt;18]" time="0.12681293487548828"></testcase><testcase classname="src.pymortests.vectorarray" file="src/pymortests/vectorarray.py" line="409" name="test_axpy_one_x[compatible_vector_array_pair8-&lt;lambda&gt;19]" time="0.27439188957214355"></testcase><testcase classname="src.pymortests.vectorarray" file="src/pymortests/vectorarray.py" line="409" name="test_axpy_one_x[compatible_vector_array_pair8-&lt;lambda&gt;20]" time="1.0198142528533936"></testcase><testcase classname="src.pymortests.vectorarray" file="src/pymortests/vectorarray.py" line="409" name="test_axpy_one_x[compatible_vector_array_pair8-&lt;lambda&gt;21]" time="0.9487137794494629"></testcase><testcase classname="src.pymortests.vectorarray" file="src/pymortests/vectorarray.py" line="409" name="test_axpy_one_x[compatible_vector_array_pair8-&lt;lambda&gt;22]" time="2.7471201419830322"></testcase><testcase classname="src.pymortests.vectorarray" file="src/pymortests/vectorarray.py" line="409" name="test_axpy_one_x[compatible_vector_array_pair8-&lt;lambda&gt;23]" time="0.24399948120117188"></testcase><testcase classname="src.pymortests.vectorarray" file="src/pymortests/vectorarray.py" line="409" name="test_axpy_one_x[compatible_vector_array_pair8-&lt;lambda&gt;24]" time="0.04203605651855469"></testcase><testcase classname="src.pymortests.vectorarray" file="src/pymortests/vectorarray.py" line="409" name="test_axpy_one_x[compatible_vector_array_pair8-&lt;lambda&gt;25]" time="0.37896108627319336"></testcase><testcase classname="src.pymortests.vectorarray" file="src/pymortests/vectorarray.py" line="409" name="test_axpy_one_x[compatible_vector_array_pair8-&lt;lambda&gt;26]" time="6.430700302124023"></testcase><testcase classname="src.pymortests.vectorarray" file="src/pymortests/vectorarray.py" line="409" name="test_axpy_one_x[compatible_vector_array_pair8-&lt;lambda&gt;27]" time="10.857187271118164"></testcase><testcase classname="src.pymortests.vectorarray" file="src/pymortests/vectorarray.py" line="409" name="test_axpy_one_x[compatible_vector_array_pair8-&lt;lambda&gt;28]" time="38.825650691986084"></testcase><testcase classname="src.pymortests.vectorarray" file="src/pymortests/vectorarray.py" line="409" name="test_axpy_one_x[compatible_vector_array_pair8-&lt;lambda&gt;29]" time="0.8964145183563232"></testcase><testcase classname="src.pymortests.vectorarray" file="src/pymortests/vectorarray.py" line="457" name="test_axpy_self[0-&lt;lambda&gt;0]" time="0.017118215560913086"></testcase><testcase classname="src.pymortests.vectorarray" file="src/pymortests/vectorarray.py" line="457" name="test_axpy_self[0-&lt;lambda&gt;1]" time="0.01755833625793457"></testcase><testcase classname="src.pymortests.vectorarray" file="src/pymortests/vectorarray.py" line="457" name="test_axpy_self[0-&lt;lambda&gt;2]" time="0.03456449508666992"></testcase><testcase classname="src.pymortests.vectorarray" file="src/pymortests/vectorarray.py" line="457" name="test_axpy_self[0-&lt;lambda&gt;3]" time="0.03726768493652344"></testcase><testcase classname="src.pymortests.vectorarray" file="src/pymortests/vectorarray.py" line="457" name="test_axpy_self[0-&lt;lambda&gt;4]" time="0.03714346885681152"></testcase><testcase classname="src.pymortests.vectorarray" file="src/pymortests/vectorarray.py" line="457" name="test_axpy_self[0-&lt;lambda&gt;5]" time="0.013738632202148438"></testcase><testcase classname="src.pymortests.vectorarray" file="src/pymortests/vectorarray.py" line="457" name="test_axpy_self[0-&lt;lambda&gt;6]" time="0.013610363006591797"></testcase><testcase classname="src.pymortests.vectorarray" file="src/pymortests/vectorarray.py" line="457" name="test_axpy_self[0-&lt;lambda&gt;7]" time="0.03567361831665039"></testcase><testcase classname="src.pymortests.vectorarray" file="src/pymortests/vectorarray.py" line="457" name="test_axpy_self[0-&lt;lambda&gt;8]" time="0.2146613597869873"></testcase><testcase classname="src.pymortests.vectorarray" file="src/pymortests/vectorarray.py" line="457" name="test_axpy_self[0-&lt;lambda&gt;9]" time="0.42870116233825684"></testcase><testcase classname="src.pymortests.vectorarray" file="src/pymortests/vectorarray.py" line="457" name="test_axpy_self[0-&lt;lambda&gt;10]" time="0.03502941131591797"></testcase><testcase classname="src.pymortests.vectorarray" file="src/pymortests/vectorarray.py" line="457" name="test_axpy_self[0-&lt;lambda&gt;11]" time="0.06480264663696289"></testcase><testcase classname="src.pymortests.vectorarray" file="src/pymortests/vectorarray.py" line="457" name="test_axpy_self[0-&lt;lambda&gt;12]" time="0.06741547584533691"></testcase><testcase classname="src.pymortests.vectorarray" file="src/pymortests/vectorarray.py" line="457" name="test_axpy_self[0-&lt;lambda&gt;13]" time="0.053418636322021484"></testcase><testcase classname="src.pymortests.vectorarray" file="src/pymortests/vectorarray.py" line="457" name="test_axpy_self[0-&lt;lambda&gt;14]" time="0.07148027420043945"></testcase><testcase classname="src.pymortests.vectorarray" file="src/pymortests/vectorarray.py" line="457" name="test_axpy_self[0-&lt;lambda&gt;15]" time="0.1007699966430664"></testcase><testcase classname="src.pymortests.vectorarray" file="src/pymortests/vectorarray.py" line="457" name="test_axpy_self[0-&lt;lambda&gt;16]" time="0.11135458946228027"></testcase><testcase classname="src.pymortests.vectorarray" file="src/pymortests/vectorarray.py" line="457" name="test_axpy_self[0-&lt;lambda&gt;17]" time="0.04529929161071777"></testcase><testcase classname="src.pymortests.vectorarray" file="src/pymortests/vectorarray.py" line="457" name="test_axpy_self[0-&lt;lambda&gt;18]" time="0.04572749137878418"></testcase><testcase classname="src.pymortests.vectorarray" file="src/pymortests/vectorarray.py" line="457" name="test_axpy_self[0-&lt;lambda&gt;19]" time="0.13816452026367188"></testcase><testcase classname="src.pymortests.vectorarray" file="src/pymortests/vectorarray.py" line="457" name="test_axpy_self[0-&lt;lambda&gt;20]" time="0.3927493095397949"></testcase><testcase classname="src.pymortests.vectorarray" file="src/pymortests/vectorarray.py" line="457" name="test_axpy_self[0-&lt;lambda&gt;21]" time="0.9112331867218018"></testcase><testcase classname="src.pymortests.vectorarray" file="src/pymortests/vectorarray.py" line="457" name="test_axpy_self[0-&lt;lambda&gt;22]" time="0.01679825782775879"></testcase><testcase classname="src.pymortests.vectorarray" file="src/pymortests/vectorarray.py" line="457" name="test_axpy_self[0-&lt;lambda&gt;23]" time="0.016749143600463867"></testcase><testcase classname="src.pymortests.vectorarray" file="src/pymortests/vectorarray.py" line="457" name="test_axpy_self[0-&lt;lambda&gt;24]" time="0.17167448997497559"></testcase><testcase classname="src.pymortests.vectorarray" file="src/pymortests/vectorarray.py" line="457" name="test_axpy_self[0-&lt;lambda&gt;25]" time="4.563552379608154"></testcase><testcase classname="src.pymortests.vectorarray" file="src/pymortests/vectorarray.py" line="457" name="test_axpy_self[0-&lt;lambda&gt;26]" time="10.582003593444824"></testcase><testcase classname="src.pymortests.vectorarray" file="src/pymortests/vectorarray.py" line="457" name="test_axpy_self[1-&lt;lambda&gt;0]" time="0.017719268798828125"></testcase><testcase classname="src.pymortests.vectorarray" file="src/pymortests/vectorarray.py" line="457" name="test_axpy_self[1-&lt;lambda&gt;1]" time="0.01972675323486328"></testcase><testcase classname="src.pymortests.vectorarray" file="src/pymortests/vectorarray.py" line="457" name="test_axpy_self[1-&lt;lambda&gt;2]" time="0.03634190559387207"></testcase><testcase classname="src.pymortests.vectorarray" file="src/pymortests/vectorarray.py" line="457" name="test_axpy_self[1-&lt;lambda&gt;3]" time="0.03877878189086914"></testcase><testcase classname="src.pymortests.vectorarray" file="src/pymortests/vectorarray.py" line="457" name="test_axpy_self[1-&lt;lambda&gt;4]" time="0.0388796329498291"></testcase><testcase classname="src.pymortests.vectorarray" file="src/pymortests/vectorarray.py" line="457" name="test_axpy_self[1-&lt;lambda&gt;5]" time="0.015306472778320312"></testcase><testcase classname="src.pymortests.vectorarray" file="src/pymortests/vectorarray.py" line="457" name="test_axpy_self[1-&lt;lambda&gt;6]" time="0.015238285064697266"></testcase><testcase classname="src.pymortests.vectorarray" file="src/pymortests/vectorarray.py" line="457" name="test_axpy_self[1-&lt;lambda&gt;7]" time="0.03737282752990723"></testcase><testcase classname="src.pymortests.vectorarray" file="src/pymortests/vectorarray.py" line="457" name="test_axpy_self[1-&lt;lambda&gt;8]" time="0.21435904502868652"></testcase><testcase classname="src.pymortests.vectorarray" file="src/pymortests/vectorarray.py" line="457" name="test_axpy_self[1-&lt;lambda&gt;9]" time="0.4184727668762207"></testcase><testcase classname="src.pymortests.vectorarray" file="src/pymortests/vectorarray.py" line="457" name="test_axpy_self[1-&lt;lambda&gt;10]" time="0.03261089324951172"></testcase><testcase classname="src.pymortests.vectorarray" file="src/pymortests/vectorarray.py" line="457" name="test_axpy_self[1-&lt;lambda&gt;11]" time="0.06448769569396973"></testcase><testcase classname="src.pymortests.vectorarray" file="src/pymortests/vectorarray.py" line="457" name="test_axpy_self[1-&lt;lambda&gt;12]" time="0.06408524513244629"></testcase><testcase classname="src.pymortests.vectorarray" file="src/pymortests/vectorarray.py" line="457" name="test_axpy_self[1-&lt;lambda&gt;13]" time="0.05271100997924805"></testcase><testcase classname="src.pymortests.vectorarray" file="src/pymortests/vectorarray.py" line="457" name="test_axpy_self[1-&lt;lambda&gt;14]" time="0.074188232421875"></testcase><testcase classname="src.pymortests.vectorarray" file="src/pymortests/vectorarray.py" line="457" name="test_axpy_self[1-&lt;lambda&gt;15]" time="0.09863996505737305"></testcase><testcase classname="src.pymortests.vectorarray" file="src/pymortests/vectorarray.py" line="457" name="test_axpy_self[1-&lt;lambda&gt;16]" time="0.11059761047363281"></testcase><testcase classname="src.pymortests.vectorarray" file="src/pymortests/vectorarray.py" line="457" name="test_axpy_self[1-&lt;lambda&gt;17]" time="0.04425859451293945"></testcase><testcase classname="src.pymortests.vectorarray" file="src/pymortests/vectorarray.py" line="457" name="test_axpy_self[1-&lt;lambda&gt;18]" time="0.04477691650390625"></testcase><testcase classname="src.pymortests.vectorarray" file="src/pymortests/vectorarray.py" line="457" name="test_axpy_self[1-&lt;lambda&gt;19]" time="0.13820981979370117"></testcase><testcase classname="src.pymortests.vectorarray" file="src/pymortests/vectorarray.py" line="457" name="test_axpy_self[1-&lt;lambda&gt;20]" time="0.40637874603271484"></testcase><testcase classname="src.pymortests.vectorarray" file="src/pymortests/vectorarray.py" line="457" name="test_axpy_self[1-&lt;lambda&gt;21]" time="0.9039363861083984"></testcase><testcase classname="src.pymortests.vectorarray" file="src/pymortests/vectorarray.py" line="457" name="test_axpy_self[1-&lt;lambda&gt;22]" time="0.01675891876220703"></testcase><testcase classname="src.pymortests.vectorarray" file="src/pymortests/vectorarray.py" line="457" name="test_axpy_self[1-&lt;lambda&gt;23]" time="0.016947269439697266"></testcase><testcase classname="src.pymortests.vectorarray" file="src/pymortests/vectorarray.py" line="457" name="test_axpy_self[1-&lt;lambda&gt;24]" time="0.1768932342529297"></testcase><testcase classname="src.pymortests.vectorarray" file="src/pymortests/vectorarray.py" line="457" name="test_axpy_self[1-&lt;lambda&gt;25]" time="4.590338230133057"></testcase><testcase classname="src.pymortests.vectorarray" file="src/pymortests/vectorarray.py" line="457" name="test_axpy_self[1-&lt;lambda&gt;26]" time="10.66530466079712"></testcase><testcase classname="src.pymortests.vectorarray" file="src/pymortests/vectorarray.py" line="457" name="test_axpy_self[2-&lt;lambda&gt;0]" time="0.018094778060913086"></testcase><testcase classname="src.pymortests.vectorarray" file="src/pymortests/vectorarray.py" line="457" name="test_axpy_self[2-&lt;lambda&gt;1]" time="0.01938605308532715"></testcase><testcase classname="src.pymortests.vectorarray" file="src/pymortests/vectorarray.py" line="457" name="test_axpy_self[2-&lt;lambda&gt;2]" time="0.035809993743896484"></testcase><testcase classname="src.pymortests.vectorarray" file="src/pymortests/vectorarray.py" line="457" name="test_axpy_self[2-&lt;lambda&gt;3]" time="0.03779006004333496"></testcase><testcase classname="src.pymortests.vectorarray" file="src/pymortests/vectorarray.py" line="457" name="test_axpy_self[2-&lt;lambda&gt;4]" time="0.03795623779296875"></testcase><testcase classname="src.pymortests.vectorarray" file="src/pymortests/vectorarray.py" line="457" name="test_axpy_self[2-&lt;lambda&gt;5]" time="0.013846874237060547"></testcase><testcase classname="src.pymortests.vectorarray" file="src/pymortests/vectorarray.py" line="457" name="test_axpy_self[2-&lt;lambda&gt;6]" time="0.013790369033813477"></testcase><testcase classname="src.pymortests.vectorarray" file="src/pymortests/vectorarray.py" line="457" name="test_axpy_self[2-&lt;lambda&gt;7]" time="0.03617429733276367"></testcase><testcase classname="src.pymortests.vectorarray" file="src/pymortests/vectorarray.py" line="457" name="test_axpy_self[2-&lt;lambda&gt;8]" time="0.21106290817260742"></testcase><testcase classname="src.pymortests.vectorarray" file="src/pymortests/vectorarray.py" line="457" name="test_axpy_self[2-&lt;lambda&gt;9]" time="0.42023301124572754"></testcase><testcase classname="src.pymortests.vectorarray" file="src/pymortests/vectorarray.py" line="457" name="test_axpy_self[2-&lt;lambda&gt;10]" time="0.03162026405334473"></testcase><testcase classname="src.pymortests.vectorarray" file="src/pymortests/vectorarray.py" line="457" name="test_axpy_self[2-&lt;lambda&gt;11]" time="0.06350302696228027"></testcase><testcase classname="src.pymortests.vectorarray" file="src/pymortests/vectorarray.py" line="457" name="test_axpy_self[2-&lt;lambda&gt;12]" time="0.0629127025604248"></testcase><testcase classname="src.pymortests.vectorarray" file="src/pymortests/vectorarray.py" line="457" name="test_axpy_self[2-&lt;lambda&gt;13]" time="0.05105185508728027"></testcase><testcase classname="src.pymortests.vectorarray" file="src/pymortests/vectorarray.py" line="457" name="test_axpy_self[2-&lt;lambda&gt;14]" time="0.0687112808227539"></testcase><testcase classname="src.pymortests.vectorarray" file="src/pymortests/vectorarray.py" line="457" name="test_axpy_self[2-&lt;lambda&gt;15]" time="0.09769535064697266"></testcase><testcase classname="src.pymortests.vectorarray" file="src/pymortests/vectorarray.py" line="457" name="test_axpy_self[2-&lt;lambda&gt;16]" time="0.10796666145324707"></testcase><testcase classname="src.pymortests.vectorarray" file="src/pymortests/vectorarray.py" line="457" name="test_axpy_self[2-&lt;lambda&gt;17]" time="0.04365420341491699"></testcase><testcase classname="src.pymortests.vectorarray" file="src/pymortests/vectorarray.py" line="457" name="test_axpy_self[2-&lt;lambda&gt;18]" time="0.046421051025390625"></testcase><testcase classname="src.pymortests.vectorarray" file="src/pymortests/vectorarray.py" line="457" name="test_axpy_self[2-&lt;lambda&gt;19]" time="0.1389474868774414"></testcase><testcase classname="src.pymortests.vectorarray" file="src/pymortests/vectorarray.py" line="457" name="test_axpy_self[2-&lt;lambda&gt;20]" time="0.4075455665588379"></testcase><testcase classname="src.pymortests.vectorarray" file="src/pymortests/vectorarray.py" line="457" name="test_axpy_self[2-&lt;lambda&gt;21]" time="0.8920347690582275"></testcase><testcase classname="src.pymortests.vectorarray" file="src/pymortests/vectorarray.py" line="457" name="test_axpy_self[2-&lt;lambda&gt;22]" time="0.01680612564086914"></testcase><testcase classname="src.pymortests.vectorarray" file="src/pymortests/vectorarray.py" line="457" name="test_axpy_self[2-&lt;lambda&gt;23]" time="0.017687082290649414"></testcase><testcase classname="src.pymortests.vectorarray" file="src/pymortests/vectorarray.py" line="457" name="test_axpy_self[2-&lt;lambda&gt;24]" time="0.17270994186401367"></testcase><testcase classname="src.pymortests.vectorarray" file="src/pymortests/vectorarray.py" line="457" name="test_axpy_self[2-&lt;lambda&gt;25]" time="4.610365390777588"></testcase><testcase classname="src.pymortests.vectorarray" file="src/pymortests/vectorarray.py" line="457" name="test_axpy_self[2-&lt;lambda&gt;26]" time="11.088513374328613"></testcase><testcase classname="src.pymortests.vectorarray" file="src/pymortests/vectorarray.py" line="513" name="test_pairwise_dot[compatible_vector_array_pair0-&lt;lambda&gt;0]" time="0.004045724868774414"></testcase><testcase classname="src.pymortests.vectorarray" file="src/pymortests/vectorarray.py" line="513" name="test_pairwise_dot[compatible_vector_array_pair0-&lt;lambda&gt;1]" time="0.0017354488372802734"></testcase><testcase classname="src.pymortests.vectorarray" file="src/pymortests/vectorarray.py" line="513" name="test_pairwise_dot[compatible_vector_array_pair0-&lt;lambda&gt;2]" time="0.0039632320404052734"></testcase><testcase classname="src.pymortests.vectorarray" file="src/pymortests/vectorarray.py" line="513" name="test_pairwise_dot[compatible_vector_array_pair0-&lt;lambda&gt;3]" time="0.004035234451293945"></testcase><testcase classname="src.pymortests.vectorarray" file="src/pymortests/vectorarray.py" line="513" name="test_pairwise_dot[compatible_vector_array_pair0-&lt;lambda&gt;4]" time="0.005969047546386719"></testcase><testcase classname="src.pymortests.vectorarray" file="src/pymortests/vectorarray.py" line="513" name="test_pairwise_dot[compatible_vector_array_pair0-&lt;lambda&gt;5]" time="0.004876136779785156"></testcase><testcase classname="src.pymortests.vectorarray" file="src/pymortests/vectorarray.py" line="513" name="test_pairwise_dot[compatible_vector_array_pair0-&lt;lambda&gt;6]" time="0.0022902488708496094"></testcase><testcase classname="src.pymortests.vectorarray" file="src/pymortests/vectorarray.py" line="513" name="test_pairwise_dot[compatible_vector_array_pair0-&lt;lambda&gt;7]" time="0.001421213150024414"></testcase><testcase classname="src.pymortests.vectorarray" file="src/pymortests/vectorarray.py" line="513" name="test_pairwise_dot[compatible_vector_array_pair0-&lt;lambda&gt;8]" time="0.005448579788208008"></testcase><testcase classname="src.pymortests.vectorarray" file="src/pymortests/vectorarray.py" line="513" name="test_pairwise_dot[compatible_vector_array_pair0-&lt;lambda&gt;9]" time="0.00681304931640625"></testcase><testcase classname="src.pymortests.vectorarray" file="src/pymortests/vectorarray.py" line="513" name="test_pairwise_dot[compatible_vector_array_pair0-&lt;lambda&gt;10]" time="0.02118659019470215"></testcase><testcase classname="src.pymortests.vectorarray" file="src/pymortests/vectorarray.py" line="513" name="test_pairwise_dot[compatible_vector_array_pair0-&lt;lambda&gt;11]" time="0.005331277847290039"></testcase><testcase classname="src.pymortests.vectorarray" file="src/pymortests/vectorarray.py" line="513" name="test_pairwise_dot[compatible_vector_array_pair0-&lt;lambda&gt;12]" time="0.0044498443603515625"></testcase><testcase classname="src.pymortests.vectorarray" file="src/pymortests/vectorarray.py" line="513" name="test_pairwise_dot[compatible_vector_array_pair0-&lt;lambda&gt;13]" time="0.002044677734375"></testcase><testcase classname="src.pymortests.vectorarray" file="src/pymortests/vectorarray.py" line="513" name="test_pairwise_dot[compatible_vector_array_pair0-&lt;lambda&gt;14]" time="0.00494384765625"></testcase><testcase classname="src.pymortests.vectorarray" file="src/pymortests/vectorarray.py" line="513" name="test_pairwise_dot[compatible_vector_array_pair0-&lt;lambda&gt;15]" time="0.008373022079467773"></testcase><testcase classname="src.pymortests.vectorarray" file="src/pymortests/vectorarray.py" line="513" name="test_pairwise_dot[compatible_vector_array_pair0-&lt;lambda&gt;16]" time="0.00890040397644043"></testcase><testcase classname="src.pymortests.vectorarray" file="src/pymortests/vectorarray.py" line="513" name="test_pairwise_dot[compatible_vector_array_pair0-&lt;lambda&gt;17]" time="0.014321327209472656"></testcase><testcase classname="src.pymortests.vectorarray" file="src/pymortests/vectorarray.py" line="513" name="test_pairwise_dot[compatible_vector_array_pair0-&lt;lambda&gt;18]" time="0.006964206695556641"></testcase><testcase classname="src.pymortests.vectorarray" file="src/pymortests/vectorarray.py" line="513" name="test_pairwise_dot[compatible_vector_array_pair0-&lt;lambda&gt;19]" time="0.0023512840270996094"></testcase><testcase classname="src.pymortests.vectorarray" file="src/pymortests/vectorarray.py" line="513" name="test_pairwise_dot[compatible_vector_array_pair0-&lt;lambda&gt;20]" time="0.04842495918273926"></testcase><testcase classname="src.pymortests.vectorarray" file="src/pymortests/vectorarray.py" line="513" name="test_pairwise_dot[compatible_vector_array_pair0-&lt;lambda&gt;21]" time="0.020337343215942383"></testcase><testcase classname="src.pymortests.vectorarray" file="src/pymortests/vectorarray.py" line="513" name="test_pairwise_dot[compatible_vector_array_pair0-&lt;lambda&gt;22]" time="0.07017922401428223"></testcase><testcase classname="src.pymortests.vectorarray" file="src/pymortests/vectorarray.py" line="513" name="test_pairwise_dot[compatible_vector_array_pair0-&lt;lambda&gt;23]" time="0.008315324783325195"></testcase><testcase classname="src.pymortests.vectorarray" file="src/pymortests/vectorarray.py" line="513" name="test_pairwise_dot[compatible_vector_array_pair0-&lt;lambda&gt;24]" time="0.002629995346069336"></testcase><testcase classname="src.pymortests.vectorarray" file="src/pymortests/vectorarray.py" line="513" name="test_pairwise_dot[compatible_vector_array_pair0-&lt;lambda&gt;25]" time="0.002687215805053711"></testcase><testcase classname="src.pymortests.vectorarray" file="src/pymortests/vectorarray.py" line="513" name="test_pairwise_dot[compatible_vector_array_pair0-&lt;lambda&gt;26]" time="0.028365373611450195"></testcase><testcase classname="src.pymortests.vectorarray" file="src/pymortests/vectorarray.py" line="513" name="test_pairwise_dot[compatible_vector_array_pair0-&lt;lambda&gt;27]" time="0.036353111267089844"></testcase><testcase classname="src.pymortests.vectorarray" file="src/pymortests/vectorarray.py" line="513" name="test_pairwise_dot[compatible_vector_array_pair0-&lt;lambda&gt;28]" time="0.12825918197631836"></testcase><testcase classname="src.pymortests.vectorarray" file="src/pymortests/vectorarray.py" line="513" name="test_pairwise_dot[compatible_vector_array_pair0-&lt;lambda&gt;29]" time="0.008780956268310547"></testcase><testcase classname="src.pymortests.vectorarray" file="src/pymortests/vectorarray.py" line="513" name="test_pairwise_dot[compatible_vector_array_pair1-&lt;lambda&gt;0]" time="0.0027790069580078125"></testcase><testcase classname="src.pymortests.vectorarray" file="src/pymortests/vectorarray.py" line="513" name="test_pairwise_dot[compatible_vector_array_pair1-&lt;lambda&gt;1]" time="0.001619577407836914"></testcase><testcase classname="src.pymortests.vectorarray" file="src/pymortests/vectorarray.py" line="513" name="test_pairwise_dot[compatible_vector_array_pair1-&lt;lambda&gt;2]" time="0.004000186920166016"></testcase><testcase classname="src.pymortests.vectorarray" file="src/pymortests/vectorarray.py" line="513" name="test_pairwise_dot[compatible_vector_array_pair1-&lt;lambda&gt;3]" time="0.0042171478271484375"></testcase><testcase classname="src.pymortests.vectorarray" file="src/pymortests/vectorarray.py" line="513" name="test_pairwise_dot[compatible_vector_array_pair1-&lt;lambda&gt;4]" time="0.006031513214111328"></testcase><testcase classname="src.pymortests.vectorarray" file="src/pymortests/vectorarray.py" line="513" name="test_pairwise_dot[compatible_vector_array_pair1-&lt;lambda&gt;5]" time="0.004944801330566406"></testcase><testcase classname="src.pymortests.vectorarray" file="src/pymortests/vectorarray.py" line="513" name="test_pairwise_dot[compatible_vector_array_pair1-&lt;lambda&gt;6]" time="0.0024688243865966797"></testcase><testcase classname="src.pymortests.vectorarray" file="src/pymortests/vectorarray.py" line="513" name="test_pairwise_dot[compatible_vector_array_pair1-&lt;lambda&gt;7]" time="0.0014560222625732422"></testcase><testcase classname="src.pymortests.vectorarray" file="src/pymortests/vectorarray.py" line="513" name="test_pairwise_dot[compatible_vector_array_pair1-&lt;lambda&gt;8]" time="0.005772113800048828"></testcase><testcase classname="src.pymortests.vectorarray" file="src/pymortests/vectorarray.py" line="513" name="test_pairwise_dot[compatible_vector_array_pair1-&lt;lambda&gt;9]" time="0.00693964958190918"></testcase><testcase classname="src.pymortests.vectorarray" file="src/pymortests/vectorarray.py" line="513" name="test_pairwise_dot[compatible_vector_array_pair1-&lt;lambda&gt;10]" time="0.02152848243713379"></testcase><testcase classname="src.pymortests.vectorarray" file="src/pymortests/vectorarray.py" line="513" name="test_pairwise_dot[compatible_vector_array_pair1-&lt;lambda&gt;11]" time="0.005257129669189453"></testcase><testcase classname="src.pymortests.vectorarray" file="src/pymortests/vectorarray.py" line="513" name="test_pairwise_dot[compatible_vector_array_pair1-&lt;lambda&gt;12]" time="0.004387617111206055"></testcase><testcase classname="src.pymortests.vectorarray" file="src/pymortests/vectorarray.py" line="513" name="test_pairwise_dot[compatible_vector_array_pair1-&lt;lambda&gt;13]" time="0.0021927356719970703"></testcase><testcase classname="src.pymortests.vectorarray" file="src/pymortests/vectorarray.py" line="513" name="test_pairwise_dot[compatible_vector_array_pair1-&lt;lambda&gt;14]" time="0.005296468734741211"></testcase><testcase classname="src.pymortests.vectorarray" file="src/pymortests/vectorarray.py" line="513" name="test_pairwise_dot[compatible_vector_array_pair1-&lt;lambda&gt;15]" time="0.008493185043334961"></testcase><testcase classname="src.pymortests.vectorarray" file="src/pymortests/vectorarray.py" line="513" name="test_pairwise_dot[compatible_vector_array_pair1-&lt;lambda&gt;16]" time="0.00904703140258789"></testcase><testcase classname="src.pymortests.vectorarray" file="src/pymortests/vectorarray.py" line="513" name="test_pairwise_dot[compatible_vector_array_pair1-&lt;lambda&gt;17]" time="0.01440882682800293"></testcase><testcase classname="src.pymortests.vectorarray" file="src/pymortests/vectorarray.py" line="513" name="test_pairwise_dot[compatible_vector_array_pair1-&lt;lambda&gt;18]" time="0.006937742233276367"></testcase><testcase classname="src.pymortests.vectorarray" file="src/pymortests/vectorarray.py" line="513" name="test_pairwise_dot[compatible_vector_array_pair1-&lt;lambda&gt;19]" time="0.0025033950805664062"></testcase><testcase classname="src.pymortests.vectorarray" file="src/pymortests/vectorarray.py" line="513" name="test_pairwise_dot[compatible_vector_array_pair1-&lt;lambda&gt;20]" time="0.04965066909790039"></testcase><testcase classname="src.pymortests.vectorarray" file="src/pymortests/vectorarray.py" line="513" name="test_pairwise_dot[compatible_vector_array_pair1-&lt;lambda&gt;21]" time="0.021611928939819336"></testcase><testcase classname="src.pymortests.vectorarray" file="src/pymortests/vectorarray.py" line="513" name="test_pairwise_dot[compatible_vector_array_pair1-&lt;lambda&gt;22]" time="0.07488870620727539"></testcase><testcase classname="src.pymortests.vectorarray" file="src/pymortests/vectorarray.py" line="513" name="test_pairwise_dot[compatible_vector_array_pair1-&lt;lambda&gt;23]" time="0.008615493774414062"></testcase><testcase classname="src.pymortests.vectorarray" file="src/pymortests/vectorarray.py" line="513" name="test_pairwise_dot[compatible_vector_array_pair1-&lt;lambda&gt;24]" time="0.0027015209197998047"></testcase><testcase classname="src.pymortests.vectorarray" file="src/pymortests/vectorarray.py" line="513" name="test_pairwise_dot[compatible_vector_array_pair1-&lt;lambda&gt;25]" time="0.0031926631927490234"></testcase><testcase classname="src.pymortests.vectorarray" file="src/pymortests/vectorarray.py" line="513" name="test_pairwise_dot[compatible_vector_array_pair1-&lt;lambda&gt;26]" time="0.0465848445892334"></testcase><testcase classname="src.pymortests.vectorarray" file="src/pymortests/vectorarray.py" line="513" name="test_pairwise_dot[compatible_vector_array_pair1-&lt;lambda&gt;27]" time="0.04301881790161133"></testcase><testcase classname="src.pymortests.vectorarray" file="src/pymortests/vectorarray.py" line="513" name="test_pairwise_dot[compatible_vector_array_pair1-&lt;lambda&gt;28]" time="0.18113303184509277"></testcase><testcase classname="src.pymortests.vectorarray" file="src/pymortests/vectorarray.py" line="513" name="test_pairwise_dot[compatible_vector_array_pair1-&lt;lambda&gt;29]" time="0.009864330291748047"></testcase><testcase classname="src.pymortests.vectorarray" file="src/pymortests/vectorarray.py" line="513" name="test_pairwise_dot[compatible_vector_array_pair2-&lt;lambda&gt;0]" time="0.0026755332946777344"></testcase><testcase classname="src.pymortests.vectorarray" file="src/pymortests/vectorarray.py" line="513" name="test_pairwise_dot[compatible_vector_array_pair2-&lt;lambda&gt;1]" time="0.001575469970703125"></testcase><testcase classname="src.pymortests.vectorarray" file="src/pymortests/vectorarray.py" line="513" name="test_pairwise_dot[compatible_vector_array_pair2-&lt;lambda&gt;2]" time="0.003980398178100586"></testcase><testcase classname="src.pymortests.vectorarray" file="src/pymortests/vectorarray.py" line="513" name="test_pairwise_dot[compatible_vector_array_pair2-&lt;lambda&gt;3]" time="0.004230499267578125"></testcase><testcase classname="src.pymortests.vectorarray" file="src/pymortests/vectorarray.py" line="513" name="test_pairwise_dot[compatible_vector_array_pair2-&lt;lambda&gt;4]" time="0.005977630615234375"></testcase><testcase classname="src.pymortests.vectorarray" file="src/pymortests/vectorarray.py" line="513" name="test_pairwise_dot[compatible_vector_array_pair2-&lt;lambda&gt;5]" time="0.005030632019042969"></testcase><testcase classname="src.pymortests.vectorarray" file="src/pymortests/vectorarray.py" line="513" name="test_pairwise_dot[compatible_vector_array_pair2-&lt;lambda&gt;6]" time="0.0024666786193847656"></testcase><testcase classname="src.pymortests.vectorarray" file="src/pymortests/vectorarray.py" line="513" name="test_pairwise_dot[compatible_vector_array_pair2-&lt;lambda&gt;7]" time="0.0014715194702148438"></testcase><testcase classname="src.pymortests.vectorarray" file="src/pymortests/vectorarray.py" line="513" name="test_pairwise_dot[compatible_vector_array_pair2-&lt;lambda&gt;8]" time="0.0058100223541259766"></testcase><testcase classname="src.pymortests.vectorarray" file="src/pymortests/vectorarray.py" line="513" name="test_pairwise_dot[compatible_vector_array_pair2-&lt;lambda&gt;9]" time="0.00722503662109375"></testcase><testcase classname="src.pymortests.vectorarray" file="src/pymortests/vectorarray.py" line="513" name="test_pairwise_dot[compatible_vector_array_pair2-&lt;lambda&gt;10]" time="0.022043943405151367"></testcase><testcase classname="src.pymortests.vectorarray" file="src/pymortests/vectorarray.py" line="513" name="test_pairwise_dot[compatible_vector_array_pair2-&lt;lambda&gt;11]" time="0.00637507438659668"></testcase><testcase classname="src.pymortests.vectorarray" file="src/pymortests/vectorarray.py" line="513" name="test_pairwise_dot[compatible_vector_array_pair2-&lt;lambda&gt;12]" time="0.0045092105865478516"></testcase><testcase classname="src.pymortests.vectorarray" file="src/pymortests/vectorarray.py" line="513" name="test_pairwise_dot[compatible_vector_array_pair2-&lt;lambda&gt;13]" time="0.0021774768829345703"></testcase><testcase classname="src.pymortests.vectorarray" file="src/pymortests/vectorarray.py" line="513" name="test_pairwise_dot[compatible_vector_array_pair2-&lt;lambda&gt;14]" time="0.00509190559387207"></testcase><testcase classname="src.pymortests.vectorarray" file="src/pymortests/vectorarray.py" line="513" name="test_pairwise_dot[compatible_vector_array_pair2-&lt;lambda&gt;15]" time="0.008450508117675781"></testcase><testcase classname="src.pymortests.vectorarray" file="src/pymortests/vectorarray.py" line="513" name="test_pairwise_dot[compatible_vector_array_pair2-&lt;lambda&gt;16]" time="0.009387493133544922"></testcase><testcase classname="src.pymortests.vectorarray" file="src/pymortests/vectorarray.py" line="513" name="test_pairwise_dot[compatible_vector_array_pair2-&lt;lambda&gt;17]" time="0.014758825302124023"></testcase><testcase classname="src.pymortests.vectorarray" file="src/pymortests/vectorarray.py" line="513" name="test_pairwise_dot[compatible_vector_array_pair2-&lt;lambda&gt;18]" time="0.00806879997253418"></testcase><testcase classname="src.pymortests.vectorarray" file="src/pymortests/vectorarray.py" line="513" name="test_pairwise_dot[compatible_vector_array_pair2-&lt;lambda&gt;19]" time="0.0025641918182373047"></testcase><testcase classname="src.pymortests.vectorarray" file="src/pymortests/vectorarray.py" line="513" name="test_pairwise_dot[compatible_vector_array_pair2-&lt;lambda&gt;20]" time="0.04824233055114746"></testcase><testcase classname="src.pymortests.vectorarray" file="src/pymortests/vectorarray.py" line="513" name="test_pairwise_dot[compatible_vector_array_pair2-&lt;lambda&gt;21]" time="0.021935462951660156"></testcase><testcase classname="src.pymortests.vectorarray" file="src/pymortests/vectorarray.py" line="513" name="test_pairwise_dot[compatible_vector_array_pair2-&lt;lambda&gt;22]" time="0.07451415061950684"></testcase><testcase classname="src.pymortests.vectorarray" file="src/pymortests/vectorarray.py" line="513" name="test_pairwise_dot[compatible_vector_array_pair2-&lt;lambda&gt;23]" time="0.008498668670654297"></testcase><testcase classname="src.pymortests.vectorarray" file="src/pymortests/vectorarray.py" line="513" name="test_pairwise_dot[compatible_vector_array_pair2-&lt;lambda&gt;24]" time="0.0026400089263916016"></testcase><testcase classname="src.pymortests.vectorarray" file="src/pymortests/vectorarray.py" line="513" name="test_pairwise_dot[compatible_vector_array_pair2-&lt;lambda&gt;25]" time="0.0034492015838623047"></testcase><testcase classname="src.pymortests.vectorarray" file="src/pymortests/vectorarray.py" line="513" name="test_pairwise_dot[compatible_vector_array_pair2-&lt;lambda&gt;26]" time="0.045866966247558594"></testcase><testcase classname="src.pymortests.vectorarray" file="src/pymortests/vectorarray.py" line="513" name="test_pairwise_dot[compatible_vector_array_pair2-&lt;lambda&gt;27]" time="0.041900634765625"></testcase><testcase classname="src.pymortests.vectorarray" file="src/pymortests/vectorarray.py" line="513" name="test_pairwise_dot[compatible_vector_array_pair2-&lt;lambda&gt;28]" time="0.18524956703186035"></testcase><testcase classname="src.pymortests.vectorarray" file="src/pymortests/vectorarray.py" line="513" name="test_pairwise_dot[compatible_vector_array_pair2-&lt;lambda&gt;29]" time="0.010385274887084961"></testcase><testcase classname="src.pymortests.vectorarray" file="src/pymortests/vectorarray.py" line="513" name="test_pairwise_dot[compatible_vector_array_pair3-&lt;lambda&gt;0]" time="0.004324674606323242"></testcase><testcase classname="src.pymortests.vectorarray" file="src/pymortests/vectorarray.py" line="513" name="test_pairwise_dot[compatible_vector_array_pair3-&lt;lambda&gt;1]" time="0.0015947818756103516"></testcase><testcase classname="src.pymortests.vectorarray" file="src/pymortests/vectorarray.py" line="513" name="test_pairwise_dot[compatible_vector_array_pair3-&lt;lambda&gt;2]" time="0.004077911376953125"></testcase><testcase classname="src.pymortests.vectorarray" file="src/pymortests/vectorarray.py" line="513" name="test_pairwise_dot[compatible_vector_array_pair3-&lt;lambda&gt;3]" time="0.0044634342193603516"></testcase><testcase classname="src.pymortests.vectorarray" file="src/pymortests/vectorarray.py" line="513" name="test_pairwise_dot[compatible_vector_array_pair3-&lt;lambda&gt;4]" time="0.006055593490600586"></testcase><testcase classname="src.pymortests.vectorarray" file="src/pymortests/vectorarray.py" line="513" name="test_pairwise_dot[compatible_vector_array_pair3-&lt;lambda&gt;5]" time="0.005018711090087891"></testcase><testcase classname="src.pymortests.vectorarray" file="src/pymortests/vectorarray.py" line="513" name="test_pairwise_dot[compatible_vector_array_pair3-&lt;lambda&gt;6]" time="0.0024971961975097656"></testcase><testcase classname="src.pymortests.vectorarray" file="src/pymortests/vectorarray.py" line="513" name="test_pairwise_dot[compatible_vector_array_pair3-&lt;lambda&gt;7]" time="0.0015134811401367188"></testcase><testcase classname="src.pymortests.vectorarray" file="src/pymortests/vectorarray.py" line="513" name="test_pairwise_dot[compatible_vector_array_pair3-&lt;lambda&gt;8]" time="0.0055997371673583984"></testcase><testcase classname="src.pymortests.vectorarray" file="src/pymortests/vectorarray.py" line="513" name="test_pairwise_dot[compatible_vector_array_pair3-&lt;lambda&gt;9]" time="0.009069204330444336"></testcase><testcase classname="src.pymortests.vectorarray" file="src/pymortests/vectorarray.py" line="513" name="test_pairwise_dot[compatible_vector_array_pair3-&lt;lambda&gt;10]" time="0.022268056869506836"></testcase><testcase classname="src.pymortests.vectorarray" file="src/pymortests/vectorarray.py" line="513" name="test_pairwise_dot[compatible_vector_array_pair3-&lt;lambda&gt;11]" time="0.0069200992584228516"></testcase><testcase classname="src.pymortests.vectorarray" file="src/pymortests/vectorarray.py" line="513" name="test_pairwise_dot[compatible_vector_array_pair3-&lt;lambda&gt;12]" time="0.00451350212097168"></testcase><testcase classname="src.pymortests.vectorarray" file="src/pymortests/vectorarray.py" line="513" name="test_pairwise_dot[compatible_vector_array_pair3-&lt;lambda&gt;13]" time="0.0022499561309814453"></testcase><testcase classname="src.pymortests.vectorarray" file="src/pymortests/vectorarray.py" line="513" name="test_pairwise_dot[compatible_vector_array_pair3-&lt;lambda&gt;14]" time="0.005122184753417969"></testcase><testcase classname="src.pymortests.vectorarray" file="src/pymortests/vectorarray.py" line="513" name="test_pairwise_dot[compatible_vector_array_pair3-&lt;lambda&gt;15]" time="0.008626699447631836"></testcase><testcase classname="src.pymortests.vectorarray" file="src/pymortests/vectorarray.py" line="513" name="test_pairwise_dot[compatible_vector_array_pair3-&lt;lambda&gt;16]" time="0.009113788604736328"></testcase><testcase classname="src.pymortests.vectorarray" file="src/pymortests/vectorarray.py" line="513" name="test_pairwise_dot[compatible_vector_array_pair3-&lt;lambda&gt;17]" time="0.014697074890136719"></testcase><testcase classname="src.pymortests.vectorarray" file="src/pymortests/vectorarray.py" line="513" name="test_pairwise_dot[compatible_vector_array_pair3-&lt;lambda&gt;18]" time="0.007872819900512695"></testcase><testcase classname="src.pymortests.vectorarray" file="src/pymortests/vectorarray.py" line="513" name="test_pairwise_dot[compatible_vector_array_pair3-&lt;lambda&gt;19]" time="0.0023796558380126953"></testcase><testcase classname="src.pymortests.vectorarray" file="src/pymortests/vectorarray.py" line="513" name="test_pairwise_dot[compatible_vector_array_pair3-&lt;lambda&gt;20]" time="0.04662132263183594"></testcase><testcase classname="src.pymortests.vectorarray" file="src/pymortests/vectorarray.py" line="513" name="test_pairwise_dot[compatible_vector_array_pair3-&lt;lambda&gt;21]" time="0.022698163986206055"></testcase><testcase classname="src.pymortests.vectorarray" file="src/pymortests/vectorarray.py" line="513" name="test_pairwise_dot[compatible_vector_array_pair3-&lt;lambda&gt;22]" time="0.07304215431213379"></testcase><testcase classname="src.pymortests.vectorarray" file="src/pymortests/vectorarray.py" line="513" name="test_pairwise_dot[compatible_vector_array_pair3-&lt;lambda&gt;23]" time="0.008748769760131836"></testcase><testcase classname="src.pymortests.vectorarray" file="src/pymortests/vectorarray.py" line="513" name="test_pairwise_dot[compatible_vector_array_pair3-&lt;lambda&gt;24]" time="0.0036363601684570312"></testcase><testcase classname="src.pymortests.vectorarray" file="src/pymortests/vectorarray.py" line="513" name="test_pairwise_dot[compatible_vector_array_pair3-&lt;lambda&gt;25]" time="0.002558469772338867"></testcase><testcase classname="src.pymortests.vectorarray" file="src/pymortests/vectorarray.py" line="513" name="test_pairwise_dot[compatible_vector_array_pair3-&lt;lambda&gt;26]" time="0.02815723419189453"></testcase><testcase classname="src.pymortests.vectorarray" file="src/pymortests/vectorarray.py" line="513" name="test_pairwise_dot[compatible_vector_array_pair3-&lt;lambda&gt;27]" time="0.05995368957519531"></testcase><testcase classname="src.pymortests.vectorarray" file="src/pymortests/vectorarray.py" line="513" name="test_pairwise_dot[compatible_vector_array_pair3-&lt;lambda&gt;28]" time="0.1827411651611328"></testcase><testcase classname="src.pymortests.vectorarray" file="src/pymortests/vectorarray.py" line="513" name="test_pairwise_dot[compatible_vector_array_pair3-&lt;lambda&gt;29]" time="0.010005474090576172"></testcase><testcase classname="src.pymortests.vectorarray" file="src/pymortests/vectorarray.py" line="513" name="test_pairwise_dot[compatible_vector_array_pair4-&lt;lambda&gt;0]" time="0.0027887821197509766"></testcase><testcase classname="src.pymortests.vectorarray" file="src/pymortests/vectorarray.py" line="513" name="test_pairwise_dot[compatible_vector_array_pair4-&lt;lambda&gt;1]" time="0.0016303062438964844"></testcase><testcase classname="src.pymortests.vectorarray" file="src/pymortests/vectorarray.py" line="513" name="test_pairwise_dot[compatible_vector_array_pair4-&lt;lambda&gt;2]" time="0.0038805007934570312"></testcase><testcase classname="src.pymortests.vectorarray" file="src/pymortests/vectorarray.py" line="513" name="test_pairwise_dot[compatible_vector_array_pair4-&lt;lambda&gt;3]" time="0.0042302608489990234"></testcase><testcase classname="src.pymortests.vectorarray" file="src/pymortests/vectorarray.py" line="513" name="test_pairwise_dot[compatible_vector_array_pair4-&lt;lambda&gt;4]" time="0.0059893131256103516"></testcase><testcase classname="src.pymortests.vectorarray" file="src/pymortests/vectorarray.py" line="513" name="test_pairwise_dot[compatible_vector_array_pair4-&lt;lambda&gt;5]" time="0.004967451095581055"></testcase><testcase classname="src.pymortests.vectorarray" file="src/pymortests/vectorarray.py" line="513" name="test_pairwise_dot[compatible_vector_array_pair4-&lt;lambda&gt;6]" time="0.0023746490478515625"></testcase><testcase classname="src.pymortests.vectorarray" file="src/pymortests/vectorarray.py" line="513" name="test_pairwise_dot[compatible_vector_array_pair4-&lt;lambda&gt;7]" time="0.0014548301696777344"></testcase><testcase classname="src.pymortests.vectorarray" file="src/pymortests/vectorarray.py" line="513" name="test_pairwise_dot[compatible_vector_array_pair4-&lt;lambda&gt;8]" time="0.005744218826293945"></testcase><testcase classname="src.pymortests.vectorarray" file="src/pymortests/vectorarray.py" line="513" name="test_pairwise_dot[compatible_vector_array_pair4-&lt;lambda&gt;9]" time="0.007260322570800781"></testcase><testcase classname="src.pymortests.vectorarray" file="src/pymortests/vectorarray.py" line="513" name="test_pairwise_dot[compatible_vector_array_pair4-&lt;lambda&gt;10]" time="0.022295475006103516"></testcase><testcase classname="src.pymortests.vectorarray" file="src/pymortests/vectorarray.py" line="513" name="test_pairwise_dot[compatible_vector_array_pair4-&lt;lambda&gt;11]" time="0.006174802780151367"></testcase><testcase classname="src.pymortests.vectorarray" file="src/pymortests/vectorarray.py" line="513" name="test_pairwise_dot[compatible_vector_array_pair4-&lt;lambda&gt;12]" time="0.004441499710083008"></testcase><testcase classname="src.pymortests.vectorarray" file="src/pymortests/vectorarray.py" line="513" name="test_pairwise_dot[compatible_vector_array_pair4-&lt;lambda&gt;13]" time="0.0025196075439453125"></testcase><testcase classname="src.pymortests.vectorarray" file="src/pymortests/vectorarray.py" line="513" name="test_pairwise_dot[compatible_vector_array_pair4-&lt;lambda&gt;14]" time="0.0050449371337890625"></testcase><testcase classname="src.pymortests.vectorarray" file="src/pymortests/vectorarray.py" line="513" name="test_pairwise_dot[compatible_vector_array_pair4-&lt;lambda&gt;15]" time="0.008342981338500977"></testcase><testcase classname="src.pymortests.vectorarray" file="src/pymortests/vectorarray.py" line="513" name="test_pairwise_dot[compatible_vector_array_pair4-&lt;lambda&gt;16]" time="0.008879661560058594"></testcase><testcase classname="src.pymortests.vectorarray" file="src/pymortests/vectorarray.py" line="513" name="test_pairwise_dot[compatible_vector_array_pair4-&lt;lambda&gt;17]" time="0.014438629150390625"></testcase><testcase classname="src.pymortests.vectorarray" file="src/pymortests/vectorarray.py" line="513" name="test_pairwise_dot[compatible_vector_array_pair4-&lt;lambda&gt;18]" time="0.007701396942138672"></testcase><testcase classname="src.pymortests.vectorarray" file="src/pymortests/vectorarray.py" line="513" name="test_pairwise_dot[compatible_vector_array_pair4-&lt;lambda&gt;19]" time="0.0024504661560058594"></testcase><testcase classname="src.pymortests.vectorarray" file="src/pymortests/vectorarray.py" line="513" name="test_pairwise_dot[compatible_vector_array_pair4-&lt;lambda&gt;20]" time="0.046083688735961914"></testcase><testcase classname="src.pymortests.vectorarray" file="src/pymortests/vectorarray.py" line="513" name="test_pairwise_dot[compatible_vector_array_pair4-&lt;lambda&gt;21]" time="0.02229166030883789"></testcase><testcase classname="src.pymortests.vectorarray" file="src/pymortests/vectorarray.py" line="513" name="test_pairwise_dot[compatible_vector_array_pair4-&lt;lambda&gt;22]" time="0.0727381706237793"></testcase><testcase classname="src.pymortests.vectorarray" file="src/pymortests/vectorarray.py" line="513" name="test_pairwise_dot[compatible_vector_array_pair4-&lt;lambda&gt;23]" time="0.009103775024414062"></testcase><testcase classname="src.pymortests.vectorarray" file="src/pymortests/vectorarray.py" line="513" name="test_pairwise_dot[compatible_vector_array_pair4-&lt;lambda&gt;24]" time="0.003699779510498047"></testcase><testcase classname="src.pymortests.vectorarray" file="src/pymortests/vectorarray.py" line="513" name="test_pairwise_dot[compatible_vector_array_pair4-&lt;lambda&gt;25]" time="0.003348827362060547"></testcase><testcase classname="src.pymortests.vectorarray" file="src/pymortests/vectorarray.py" line="513" name="test_pairwise_dot[compatible_vector_array_pair4-&lt;lambda&gt;26]" time="0.04722237586975098"></testcase><testcase classname="src.pymortests.vectorarray" file="src/pymortests/vectorarray.py" line="513" name="test_pairwise_dot[compatible_vector_array_pair4-&lt;lambda&gt;27]" time="0.06414985656738281"></testcase><testcase classname="src.pymortests.vectorarray" file="src/pymortests/vectorarray.py" line="513" name="test_pairwise_dot[compatible_vector_array_pair4-&lt;lambda&gt;28]" time="0.23943018913269043"></testcase><testcase classname="src.pymortests.vectorarray" file="src/pymortests/vectorarray.py" line="513" name="test_pairwise_dot[compatible_vector_array_pair4-&lt;lambda&gt;29]" time="0.011195182800292969"></testcase><testcase classname="src.pymortests.vectorarray" file="src/pymortests/vectorarray.py" line="513" name="test_pairwise_dot[compatible_vector_array_pair5-&lt;lambda&gt;0]" time="0.0030367374420166016"></testcase><testcase classname="src.pymortests.vectorarray" file="src/pymortests/vectorarray.py" line="513" name="test_pairwise_dot[compatible_vector_array_pair5-&lt;lambda&gt;1]" time="0.001750946044921875"></testcase><testcase classname="src.pymortests.vectorarray" file="src/pymortests/vectorarray.py" line="513" name="test_pairwise_dot[compatible_vector_array_pair5-&lt;lambda&gt;2]" time="0.0038504600524902344"></testcase><testcase classname="src.pymortests.vectorarray" file="src/pymortests/vectorarray.py" line="513" name="test_pairwise_dot[compatible_vector_array_pair5-&lt;lambda&gt;3]" time="0.004232645034790039"></testcase><testcase classname="src.pymortests.vectorarray" file="src/pymortests/vectorarray.py" line="513" name="test_pairwise_dot[compatible_vector_array_pair5-&lt;lambda&gt;4]" time="0.0062639713287353516"></testcase><testcase classname="src.pymortests.vectorarray" file="src/pymortests/vectorarray.py" line="513" name="test_pairwise_dot[compatible_vector_array_pair5-&lt;lambda&gt;5]" time="0.0049130916595458984"></testcase><testcase classname="src.pymortests.vectorarray" file="src/pymortests/vectorarray.py" line="513" name="test_pairwise_dot[compatible_vector_array_pair5-&lt;lambda&gt;6]" time="0.002359628677368164"></testcase><testcase classname="src.pymortests.vectorarray" file="src/pymortests/vectorarray.py" line="513" name="test_pairwise_dot[compatible_vector_array_pair5-&lt;lambda&gt;7]" time="0.0014891624450683594"></testcase><testcase classname="src.pymortests.vectorarray" file="src/pymortests/vectorarray.py" line="513" name="test_pairwise_dot[compatible_vector_array_pair5-&lt;lambda&gt;8]" time="0.005774259567260742"></testcase><testcase classname="src.pymortests.vectorarray" file="src/pymortests/vectorarray.py" line="513" name="test_pairwise_dot[compatible_vector_array_pair5-&lt;lambda&gt;9]" time="0.007195472717285156"></testcase><testcase classname="src.pymortests.vectorarray" file="src/pymortests/vectorarray.py" line="513" name="test_pairwise_dot[compatible_vector_array_pair5-&lt;lambda&gt;10]" time="0.022304773330688477"></testcase><testcase classname="src.pymortests.vectorarray" file="src/pymortests/vectorarray.py" line="513" name="test_pairwise_dot[compatible_vector_array_pair5-&lt;lambda&gt;11]" time="0.00642704963684082"></testcase><testcase classname="src.pymortests.vectorarray" file="src/pymortests/vectorarray.py" line="513" name="test_pairwise_dot[compatible_vector_array_pair5-&lt;lambda&gt;12]" time="0.004642009735107422"></testcase><testcase classname="src.pymortests.vectorarray" file="src/pymortests/vectorarray.py" line="513" name="test_pairwise_dot[compatible_vector_array_pair5-&lt;lambda&gt;13]" time="0.0023272037506103516"></testcase><testcase classname="src.pymortests.vectorarray" file="src/pymortests/vectorarray.py" line="513" name="test_pairwise_dot[compatible_vector_array_pair5-&lt;lambda&gt;14]" time="0.005079030990600586"></testcase><testcase classname="src.pymortests.vectorarray" file="src/pymortests/vectorarray.py" line="513" name="test_pairwise_dot[compatible_vector_array_pair5-&lt;lambda&gt;15]" time="0.00840139389038086"></testcase><testcase classname="src.pymortests.vectorarray" file="src/pymortests/vectorarray.py" line="513" name="test_pairwise_dot[compatible_vector_array_pair5-&lt;lambda&gt;16]" time="0.008992910385131836"></testcase><testcase classname="src.pymortests.vectorarray" file="src/pymortests/vectorarray.py" line="513" name="test_pairwise_dot[compatible_vector_array_pair5-&lt;lambda&gt;17]" time="0.014908552169799805"></testcase><testcase classname="src.pymortests.vectorarray" file="src/pymortests/vectorarray.py" line="513" name="test_pairwise_dot[compatible_vector_array_pair5-&lt;lambda&gt;18]" time="0.007603168487548828"></testcase><testcase classname="src.pymortests.vectorarray" file="src/pymortests/vectorarray.py" line="513" name="test_pairwise_dot[compatible_vector_array_pair5-&lt;lambda&gt;19]" time="0.002492189407348633"></testcase><testcase classname="src.pymortests.vectorarray" file="src/pymortests/vectorarray.py" line="513" name="test_pairwise_dot[compatible_vector_array_pair5-&lt;lambda&gt;20]" time="0.04604363441467285"></testcase><testcase classname="src.pymortests.vectorarray" file="src/pymortests/vectorarray.py" line="513" name="test_pairwise_dot[compatible_vector_array_pair5-&lt;lambda&gt;21]" time="0.021652698516845703"></testcase><testcase classname="src.pymortests.vectorarray" file="src/pymortests/vectorarray.py" line="513" name="test_pairwise_dot[compatible_vector_array_pair5-&lt;lambda&gt;22]" time="0.07117652893066406"></testcase><testcase classname="src.pymortests.vectorarray" file="src/pymortests/vectorarray.py" line="513" name="test_pairwise_dot[compatible_vector_array_pair5-&lt;lambda&gt;23]" time="0.00844430923461914"></testcase><testcase classname="src.pymortests.vectorarray" file="src/pymortests/vectorarray.py" line="513" name="test_pairwise_dot[compatible_vector_array_pair5-&lt;lambda&gt;24]" time="0.0026297569274902344"></testcase><testcase classname="src.pymortests.vectorarray" file="src/pymortests/vectorarray.py" line="513" name="test_pairwise_dot[compatible_vector_array_pair5-&lt;lambda&gt;25]" time="0.003367900848388672"></testcase><testcase classname="src.pymortests.vectorarray" file="src/pymortests/vectorarray.py" line="513" name="test_pairwise_dot[compatible_vector_array_pair5-&lt;lambda&gt;26]" time="0.046965599060058594"></testcase><testcase classname="src.pymortests.vectorarray" file="src/pymortests/vectorarray.py" line="513" name="test_pairwise_dot[compatible_vector_array_pair5-&lt;lambda&gt;27]" time="0.06427264213562012"></testcase><testcase classname="src.pymortests.vectorarray" file="src/pymortests/vectorarray.py" line="513" name="test_pairwise_dot[compatible_vector_array_pair5-&lt;lambda&gt;28]" time="0.236602783203125"></testcase><testcase classname="src.pymortests.vectorarray" file="src/pymortests/vectorarray.py" line="513" name="test_pairwise_dot[compatible_vector_array_pair5-&lt;lambda&gt;29]" time="0.010831356048583984"></testcase><testcase classname="src.pymortests.vectorarray" file="src/pymortests/vectorarray.py" line="513" name="test_pairwise_dot[compatible_vector_array_pair6-&lt;lambda&gt;0]" time="0.00275421142578125"></testcase><testcase classname="src.pymortests.vectorarray" file="src/pymortests/vectorarray.py" line="513" name="test_pairwise_dot[compatible_vector_array_pair6-&lt;lambda&gt;1]" time="0.0015385150909423828"></testcase><testcase classname="src.pymortests.vectorarray" file="src/pymortests/vectorarray.py" line="513" name="test_pairwise_dot[compatible_vector_array_pair6-&lt;lambda&gt;2]" time="0.0041239261627197266"></testcase><testcase classname="src.pymortests.vectorarray" file="src/pymortests/vectorarray.py" line="513" name="test_pairwise_dot[compatible_vector_array_pair6-&lt;lambda&gt;3]" time="0.0042688846588134766"></testcase><testcase classname="src.pymortests.vectorarray" file="src/pymortests/vectorarray.py" line="513" name="test_pairwise_dot[compatible_vector_array_pair6-&lt;lambda&gt;4]" time="0.006311655044555664"></testcase><testcase classname="src.pymortests.vectorarray" file="src/pymortests/vectorarray.py" line="513" name="test_pairwise_dot[compatible_vector_array_pair6-&lt;lambda&gt;5]" time="0.005080461502075195"></testcase><testcase classname="src.pymortests.vectorarray" file="src/pymortests/vectorarray.py" line="513" name="test_pairwise_dot[compatible_vector_array_pair6-&lt;lambda&gt;6]" time="0.002461671829223633"></testcase><testcase classname="src.pymortests.vectorarray" file="src/pymortests/vectorarray.py" line="513" name="test_pairwise_dot[compatible_vector_array_pair6-&lt;lambda&gt;7]" time="0.0015676021575927734"></testcase><testcase classname="src.pymortests.vectorarray" file="src/pymortests/vectorarray.py" line="513" name="test_pairwise_dot[compatible_vector_array_pair6-&lt;lambda&gt;8]" time="0.005672454833984375"></testcase><testcase classname="src.pymortests.vectorarray" file="src/pymortests/vectorarray.py" line="513" name="test_pairwise_dot[compatible_vector_array_pair6-&lt;lambda&gt;9]" time="0.0076138973236083984"></testcase><testcase classname="src.pymortests.vectorarray" file="src/pymortests/vectorarray.py" line="513" name="test_pairwise_dot[compatible_vector_array_pair6-&lt;lambda&gt;10]" time="0.023944854736328125"></testcase><testcase classname="src.pymortests.vectorarray" file="src/pymortests/vectorarray.py" line="513" name="test_pairwise_dot[compatible_vector_array_pair6-&lt;lambda&gt;11]" time="0.006212949752807617"></testcase><testcase classname="src.pymortests.vectorarray" file="src/pymortests/vectorarray.py" line="513" name="test_pairwise_dot[compatible_vector_array_pair6-&lt;lambda&gt;12]" time="0.0045430660247802734"></testcase><testcase classname="src.pymortests.vectorarray" file="src/pymortests/vectorarray.py" line="513" name="test_pairwise_dot[compatible_vector_array_pair6-&lt;lambda&gt;13]" time="0.002201080322265625"></testcase><testcase classname="src.pymortests.vectorarray" file="src/pymortests/vectorarray.py" line="513" name="test_pairwise_dot[compatible_vector_array_pair6-&lt;lambda&gt;14]" time="0.005223989486694336"></testcase><testcase classname="src.pymortests.vectorarray" file="src/pymortests/vectorarray.py" line="513" name="test_pairwise_dot[compatible_vector_array_pair6-&lt;lambda&gt;15]" time="0.008646965026855469"></testcase><testcase classname="src.pymortests.vectorarray" file="src/pymortests/vectorarray.py" line="513" name="test_pairwise_dot[compatible_vector_array_pair6-&lt;lambda&gt;16]" time="0.009275197982788086"></testcase><testcase classname="src.pymortests.vectorarray" file="src/pymortests/vectorarray.py" line="513" name="test_pairwise_dot[compatible_vector_array_pair6-&lt;lambda&gt;17]" time="0.014814138412475586"></testcase><testcase classname="src.pymortests.vectorarray" file="src/pymortests/vectorarray.py" line="513" name="test_pairwise_dot[compatible_vector_array_pair6-&lt;lambda&gt;18]" time="0.008117914199829102"></testcase><testcase classname="src.pymortests.vectorarray" file="src/pymortests/vectorarray.py" line="513" name="test_pairwise_dot[compatible_vector_array_pair6-&lt;lambda&gt;19]" time="0.002580881118774414"></testcase><testcase classname="src.pymortests.vectorarray" file="src/pymortests/vectorarray.py" line="513" name="test_pairwise_dot[compatible_vector_array_pair6-&lt;lambda&gt;20]" time="0.04856371879577637"></testcase><testcase classname="src.pymortests.vectorarray" file="src/pymortests/vectorarray.py" line="513" name="test_pairwise_dot[compatible_vector_array_pair6-&lt;lambda&gt;21]" time="0.022103548049926758"></testcase><testcase classname="src.pymortests.vectorarray" file="src/pymortests/vectorarray.py" line="513" name="test_pairwise_dot[compatible_vector_array_pair6-&lt;lambda&gt;22]" time="0.07614374160766602"></testcase><testcase classname="src.pymortests.vectorarray" file="src/pymortests/vectorarray.py" line="513" name="test_pairwise_dot[compatible_vector_array_pair6-&lt;lambda&gt;23]" time="0.008760452270507812"></testcase><testcase classname="src.pymortests.vectorarray" file="src/pymortests/vectorarray.py" line="513" name="test_pairwise_dot[compatible_vector_array_pair6-&lt;lambda&gt;24]" time="0.0026955604553222656"></testcase><testcase classname="src.pymortests.vectorarray" file="src/pymortests/vectorarray.py" line="513" name="test_pairwise_dot[compatible_vector_array_pair6-&lt;lambda&gt;25]" time="0.0024843215942382812"></testcase><testcase classname="src.pymortests.vectorarray" file="src/pymortests/vectorarray.py" line="513" name="test_pairwise_dot[compatible_vector_array_pair6-&lt;lambda&gt;26]" time="0.028732776641845703"></testcase><testcase classname="src.pymortests.vectorarray" file="src/pymortests/vectorarray.py" line="513" name="test_pairwise_dot[compatible_vector_array_pair6-&lt;lambda&gt;27]" time="0.060347795486450195"></testcase><testcase classname="src.pymortests.vectorarray" file="src/pymortests/vectorarray.py" line="513" name="test_pairwise_dot[compatible_vector_array_pair6-&lt;lambda&gt;28]" time="0.18480896949768066"></testcase><testcase classname="src.pymortests.vectorarray" file="src/pymortests/vectorarray.py" line="513" name="test_pairwise_dot[compatible_vector_array_pair6-&lt;lambda&gt;29]" time="0.010202407836914062"></testcase><testcase classname="src.pymortests.vectorarray" file="src/pymortests/vectorarray.py" line="513" name="test_pairwise_dot[compatible_vector_array_pair7-&lt;lambda&gt;0]" time="0.002864837646484375"></testcase><testcase classname="src.pymortests.vectorarray" file="src/pymortests/vectorarray.py" line="513" name="test_pairwise_dot[compatible_vector_array_pair7-&lt;lambda&gt;1]" time="0.0016396045684814453"></testcase><testcase classname="src.pymortests.vectorarray" file="src/pymortests/vectorarray.py" line="513" name="test_pairwise_dot[compatible_vector_array_pair7-&lt;lambda&gt;2]" time="0.004074811935424805"></testcase><testcase classname="src.pymortests.vectorarray" file="src/pymortests/vectorarray.py" line="513" name="test_pairwise_dot[compatible_vector_array_pair7-&lt;lambda&gt;3]" time="0.004403114318847656"></testcase><testcase classname="src.pymortests.vectorarray" file="src/pymortests/vectorarray.py" line="513" name="test_pairwise_dot[compatible_vector_array_pair7-&lt;lambda&gt;4]" time="0.006412982940673828"></testcase><testcase classname="src.pymortests.vectorarray" file="src/pymortests/vectorarray.py" line="513" name="test_pairwise_dot[compatible_vector_array_pair7-&lt;lambda&gt;5]" time="0.00546717643737793"></testcase><testcase classname="src.pymortests.vectorarray" file="src/pymortests/vectorarray.py" line="513" name="test_pairwise_dot[compatible_vector_array_pair7-&lt;lambda&gt;6]" time="0.0024912357330322266"></testcase><testcase classname="src.pymortests.vectorarray" file="src/pymortests/vectorarray.py" line="513" name="test_pairwise_dot[compatible_vector_array_pair7-&lt;lambda&gt;7]" time="0.0017957687377929688"></testcase><testcase classname="src.pymortests.vectorarray" file="src/pymortests/vectorarray.py" line="513" name="test_pairwise_dot[compatible_vector_array_pair7-&lt;lambda&gt;8]" time="0.006007671356201172"></testcase><testcase classname="src.pymortests.vectorarray" file="src/pymortests/vectorarray.py" line="513" name="test_pairwise_dot[compatible_vector_array_pair7-&lt;lambda&gt;9]" time="0.007654428482055664"></testcase><testcase classname="src.pymortests.vectorarray" file="src/pymortests/vectorarray.py" line="513" name="test_pairwise_dot[compatible_vector_array_pair7-&lt;lambda&gt;10]" time="0.023196697235107422"></testcase><testcase classname="src.pymortests.vectorarray" file="src/pymortests/vectorarray.py" line="513" name="test_pairwise_dot[compatible_vector_array_pair7-&lt;lambda&gt;11]" time="0.006473064422607422"></testcase><testcase classname="src.pymortests.vectorarray" file="src/pymortests/vectorarray.py" line="513" name="test_pairwise_dot[compatible_vector_array_pair7-&lt;lambda&gt;12]" time="0.004862070083618164"></testcase><testcase classname="src.pymortests.vectorarray" file="src/pymortests/vectorarray.py" line="513" name="test_pairwise_dot[compatible_vector_array_pair7-&lt;lambda&gt;13]" time="0.0025038719177246094"></testcase><testcase classname="src.pymortests.vectorarray" file="src/pymortests/vectorarray.py" line="513" name="test_pairwise_dot[compatible_vector_array_pair7-&lt;lambda&gt;14]" time="0.0058252811431884766"></testcase><testcase classname="src.pymortests.vectorarray" file="src/pymortests/vectorarray.py" line="513" name="test_pairwise_dot[compatible_vector_array_pair7-&lt;lambda&gt;15]" time="0.008868694305419922"></testcase><testcase classname="src.pymortests.vectorarray" file="src/pymortests/vectorarray.py" line="513" name="test_pairwise_dot[compatible_vector_array_pair7-&lt;lambda&gt;16]" time="0.009456634521484375"></testcase><testcase classname="src.pymortests.vectorarray" file="src/pymortests/vectorarray.py" line="513" name="test_pairwise_dot[compatible_vector_array_pair7-&lt;lambda&gt;17]" time="0.014813661575317383"></testcase><testcase classname="src.pymortests.vectorarray" file="src/pymortests/vectorarray.py" line="513" name="test_pairwise_dot[compatible_vector_array_pair7-&lt;lambda&gt;18]" time="0.006955623626708984"></testcase><testcase classname="src.pymortests.vectorarray" file="src/pymortests/vectorarray.py" line="513" name="test_pairwise_dot[compatible_vector_array_pair7-&lt;lambda&gt;19]" time="0.002422809600830078"></testcase><testcase classname="src.pymortests.vectorarray" file="src/pymortests/vectorarray.py" line="513" name="test_pairwise_dot[compatible_vector_array_pair7-&lt;lambda&gt;20]" time="0.04946017265319824"></testcase><testcase classname="src.pymortests.vectorarray" file="src/pymortests/vectorarray.py" line="513" name="test_pairwise_dot[compatible_vector_array_pair7-&lt;lambda&gt;21]" time="0.02247762680053711"></testcase><testcase classname="src.pymortests.vectorarray" file="src/pymortests/vectorarray.py" line="513" name="test_pairwise_dot[compatible_vector_array_pair7-&lt;lambda&gt;22]" time="0.07532000541687012"></testcase><testcase classname="src.pymortests.vectorarray" file="src/pymortests/vectorarray.py" line="513" name="test_pairwise_dot[compatible_vector_array_pair7-&lt;lambda&gt;23]" time="0.008743524551391602"></testcase><testcase classname="src.pymortests.vectorarray" file="src/pymortests/vectorarray.py" line="513" name="test_pairwise_dot[compatible_vector_array_pair7-&lt;lambda&gt;24]" time="0.003691434860229492"></testcase><testcase classname="src.pymortests.vectorarray" file="src/pymortests/vectorarray.py" line="513" name="test_pairwise_dot[compatible_vector_array_pair7-&lt;lambda&gt;25]" time="0.003484010696411133"></testcase><testcase classname="src.pymortests.vectorarray" file="src/pymortests/vectorarray.py" line="513" name="test_pairwise_dot[compatible_vector_array_pair7-&lt;lambda&gt;26]" time="0.04714059829711914"></testcase><testcase classname="src.pymortests.vectorarray" file="src/pymortests/vectorarray.py" line="513" name="test_pairwise_dot[compatible_vector_array_pair7-&lt;lambda&gt;27]" time="0.06281232833862305"></testcase><testcase classname="src.pymortests.vectorarray" file="src/pymortests/vectorarray.py" line="513" name="test_pairwise_dot[compatible_vector_array_pair7-&lt;lambda&gt;28]" time="0.23936152458190918"></testcase><testcase classname="src.pymortests.vectorarray" file="src/pymortests/vectorarray.py" line="513" name="test_pairwise_dot[compatible_vector_array_pair7-&lt;lambda&gt;29]" time="0.010976552963256836"></testcase><testcase classname="src.pymortests.vectorarray" file="src/pymortests/vectorarray.py" line="513" name="test_pairwise_dot[compatible_vector_array_pair8-&lt;lambda&gt;0]" time="0.002788543701171875"></testcase><testcase classname="src.pymortests.vectorarray" file="src/pymortests/vectorarray.py" line="513" name="test_pairwise_dot[compatible_vector_array_pair8-&lt;lambda&gt;1]" time="0.0015251636505126953"></testcase><testcase classname="src.pymortests.vectorarray" file="src/pymortests/vectorarray.py" line="513" name="test_pairwise_dot[compatible_vector_array_pair8-&lt;lambda&gt;2]" time="0.0040454864501953125"></testcase><testcase classname="src.pymortests.vectorarray" file="src/pymortests/vectorarray.py" line="513" name="test_pairwise_dot[compatible_vector_array_pair8-&lt;lambda&gt;3]" time="0.004168272018432617"></testcase><testcase classname="src.pymortests.vectorarray" file="src/pymortests/vectorarray.py" line="513" name="test_pairwise_dot[compatible_vector_array_pair8-&lt;lambda&gt;4]" time="0.006075382232666016"></testcase><testcase classname="src.pymortests.vectorarray" file="src/pymortests/vectorarray.py" line="513" name="test_pairwise_dot[compatible_vector_array_pair8-&lt;lambda&gt;5]" time="0.004990100860595703"></testcase><testcase classname="src.pymortests.vectorarray" file="src/pymortests/vectorarray.py" line="513" name="test_pairwise_dot[compatible_vector_array_pair8-&lt;lambda&gt;6]" time="0.0023801326751708984"></testcase><testcase classname="src.pymortests.vectorarray" file="src/pymortests/vectorarray.py" line="513" name="test_pairwise_dot[compatible_vector_array_pair8-&lt;lambda&gt;7]" time="0.0018155574798583984"></testcase><testcase classname="src.pymortests.vectorarray" file="src/pymortests/vectorarray.py" line="513" name="test_pairwise_dot[compatible_vector_array_pair8-&lt;lambda&gt;8]" time="0.0058746337890625"></testcase><testcase classname="src.pymortests.vectorarray" file="src/pymortests/vectorarray.py" line="513" name="test_pairwise_dot[compatible_vector_array_pair8-&lt;lambda&gt;9]" time="0.00735163688659668"></testcase><testcase classname="src.pymortests.vectorarray" file="src/pymortests/vectorarray.py" line="513" name="test_pairwise_dot[compatible_vector_array_pair8-&lt;lambda&gt;10]" time="0.02257537841796875"></testcase><testcase classname="src.pymortests.vectorarray" file="src/pymortests/vectorarray.py" line="513" name="test_pairwise_dot[compatible_vector_array_pair8-&lt;lambda&gt;11]" time="0.006632328033447266"></testcase><testcase classname="src.pymortests.vectorarray" file="src/pymortests/vectorarray.py" line="513" name="test_pairwise_dot[compatible_vector_array_pair8-&lt;lambda&gt;12]" time="0.004590034484863281"></testcase><testcase classname="src.pymortests.vectorarray" file="src/pymortests/vectorarray.py" line="513" name="test_pairwise_dot[compatible_vector_array_pair8-&lt;lambda&gt;13]" time="0.0023086071014404297"></testcase><testcase classname="src.pymortests.vectorarray" file="src/pymortests/vectorarray.py" line="513" name="test_pairwise_dot[compatible_vector_array_pair8-&lt;lambda&gt;14]" time="0.005192756652832031"></testcase><testcase classname="src.pymortests.vectorarray" file="src/pymortests/vectorarray.py" line="513" name="test_pairwise_dot[compatible_vector_array_pair8-&lt;lambda&gt;15]" time="0.008615732192993164"></testcase><testcase classname="src.pymortests.vectorarray" file="src/pymortests/vectorarray.py" line="513" name="test_pairwise_dot[compatible_vector_array_pair8-&lt;lambda&gt;16]" time="0.009389877319335938"></testcase><testcase classname="src.pymortests.vectorarray" file="src/pymortests/vectorarray.py" line="513" name="test_pairwise_dot[compatible_vector_array_pair8-&lt;lambda&gt;17]" time="0.014765739440917969"></testcase><testcase classname="src.pymortests.vectorarray" file="src/pymortests/vectorarray.py" line="513" name="test_pairwise_dot[compatible_vector_array_pair8-&lt;lambda&gt;18]" time="0.0077974796295166016"></testcase><testcase classname="src.pymortests.vectorarray" file="src/pymortests/vectorarray.py" line="513" name="test_pairwise_dot[compatible_vector_array_pair8-&lt;lambda&gt;19]" time="0.0024750232696533203"></testcase><testcase classname="src.pymortests.vectorarray" file="src/pymortests/vectorarray.py" line="513" name="test_pairwise_dot[compatible_vector_array_pair8-&lt;lambda&gt;20]" time="0.04834103584289551"></testcase><testcase classname="src.pymortests.vectorarray" file="src/pymortests/vectorarray.py" line="513" name="test_pairwise_dot[compatible_vector_array_pair8-&lt;lambda&gt;21]" time="0.02213883399963379"></testcase><testcase classname="src.pymortests.vectorarray" file="src/pymortests/vectorarray.py" line="513" name="test_pairwise_dot[compatible_vector_array_pair8-&lt;lambda&gt;22]" time="0.07329225540161133"></testcase><testcase classname="src.pymortests.vectorarray" file="src/pymortests/vectorarray.py" line="513" name="test_pairwise_dot[compatible_vector_array_pair8-&lt;lambda&gt;23]" time="0.008405923843383789"></testcase><testcase classname="src.pymortests.vectorarray" file="src/pymortests/vectorarray.py" line="513" name="test_pairwise_dot[compatible_vector_array_pair8-&lt;lambda&gt;24]" time="0.002612590789794922"></testcase><testcase classname="src.pymortests.vectorarray" file="src/pymortests/vectorarray.py" line="513" name="test_pairwise_dot[compatible_vector_array_pair8-&lt;lambda&gt;25]" time="0.0031609535217285156"></testcase><testcase classname="src.pymortests.vectorarray" file="src/pymortests/vectorarray.py" line="513" name="test_pairwise_dot[compatible_vector_array_pair8-&lt;lambda&gt;26]" time="0.04650402069091797"></testcase><testcase classname="src.pymortests.vectorarray" file="src/pymortests/vectorarray.py" line="513" name="test_pairwise_dot[compatible_vector_array_pair8-&lt;lambda&gt;27]" time="0.06395697593688965"></testcase><testcase classname="src.pymortests.vectorarray" file="src/pymortests/vectorarray.py" line="513" name="test_pairwise_dot[compatible_vector_array_pair8-&lt;lambda&gt;28]" time="0.238478422164917"></testcase><testcase classname="src.pymortests.vectorarray" file="src/pymortests/vectorarray.py" line="513" name="test_pairwise_dot[compatible_vector_array_pair8-&lt;lambda&gt;29]" time="0.011478185653686523"></testcase><testcase classname="src.pymortests.vectorarray" file="src/pymortests/vectorarray.py" line="528" name="test_pairwise_dot_self[0-&lt;lambda&gt;0]" time="0.0042552947998046875"></testcase><testcase classname="src.pymortests.vectorarray" file="src/pymortests/vectorarray.py" line="528" name="test_pairwise_dot_self[0-&lt;lambda&gt;1]" time="0.004233360290527344"></testcase><testcase classname="src.pymortests.vectorarray" file="src/pymortests/vectorarray.py" line="528" name="test_pairwise_dot_self[0-&lt;lambda&gt;2]" time="0.0071713924407958984"></testcase><testcase classname="src.pymortests.vectorarray" file="src/pymortests/vectorarray.py" line="528" name="test_pairwise_dot_self[0-&lt;lambda&gt;3]" time="0.009322643280029297"></testcase><testcase classname="src.pymortests.vectorarray" file="src/pymortests/vectorarray.py" line="528" name="test_pairwise_dot_self[0-&lt;lambda&gt;4]" time="0.010762929916381836"></testcase><testcase classname="src.pymortests.vectorarray" file="src/pymortests/vectorarray.py" line="528" name="test_pairwise_dot_self[0-&lt;lambda&gt;5]" time="0.0048944950103759766"></testcase><testcase classname="src.pymortests.vectorarray" file="src/pymortests/vectorarray.py" line="528" name="test_pairwise_dot_self[0-&lt;lambda&gt;6]" time="0.0035986900329589844"></testcase><testcase classname="src.pymortests.vectorarray" file="src/pymortests/vectorarray.py" line="528" name="test_pairwise_dot_self[0-&lt;lambda&gt;7]" time="0.007539272308349609"></testcase><testcase classname="src.pymortests.vectorarray" file="src/pymortests/vectorarray.py" line="528" name="test_pairwise_dot_self[0-&lt;lambda&gt;8]" time="0.029231548309326172"></testcase><testcase classname="src.pymortests.vectorarray" file="src/pymortests/vectorarray.py" line="528" name="test_pairwise_dot_self[0-&lt;lambda&gt;9]" time="0.05148816108703613"></testcase><testcase classname="src.pymortests.vectorarray" file="src/pymortests/vectorarray.py" line="528" name="test_pairwise_dot_self[0-&lt;lambda&gt;10]" time="0.007916688919067383"></testcase><testcase classname="src.pymortests.vectorarray" file="src/pymortests/vectorarray.py" line="528" name="test_pairwise_dot_self[0-&lt;lambda&gt;11]" time="0.012865543365478516"></testcase><testcase classname="src.pymortests.vectorarray" file="src/pymortests/vectorarray.py" line="528" name="test_pairwise_dot_self[0-&lt;lambda&gt;12]" time="0.01290750503540039"></testcase><testcase classname="src.pymortests.vectorarray" file="src/pymortests/vectorarray.py" line="528" name="test_pairwise_dot_self[0-&lt;lambda&gt;13]" time="0.011435985565185547"></testcase><testcase classname="src.pymortests.vectorarray" file="src/pymortests/vectorarray.py" line="528" name="test_pairwise_dot_self[0-&lt;lambda&gt;14]" time="0.014031171798706055"></testcase><testcase classname="src.pymortests.vectorarray" file="src/pymortests/vectorarray.py" line="528" name="test_pairwise_dot_self[0-&lt;lambda&gt;15]" time="0.021757841110229492"></testcase><testcase classname="src.pymortests.vectorarray" file="src/pymortests/vectorarray.py" line="528" name="test_pairwise_dot_self[0-&lt;lambda&gt;16]" time="0.026648998260498047"></testcase><testcase classname="src.pymortests.vectorarray" file="src/pymortests/vectorarray.py" line="528" name="test_pairwise_dot_self[0-&lt;lambda&gt;17]" time="0.008838891983032227"></testcase><testcase classname="src.pymortests.vectorarray" file="src/pymortests/vectorarray.py" line="528" name="test_pairwise_dot_self[0-&lt;lambda&gt;18]" time="0.007615089416503906"></testcase><testcase classname="src.pymortests.vectorarray" file="src/pymortests/vectorarray.py" line="528" name="test_pairwise_dot_self[0-&lt;lambda&gt;19]" time="0.01118016242980957"></testcase><testcase classname="src.pymortests.vectorarray" file="src/pymortests/vectorarray.py" line="528" name="test_pairwise_dot_self[0-&lt;lambda&gt;20]" time="0.042154788970947266"></testcase><testcase classname="src.pymortests.vectorarray" file="src/pymortests/vectorarray.py" line="528" name="test_pairwise_dot_self[0-&lt;lambda&gt;21]" time="0.09157037734985352"></testcase><testcase classname="src.pymortests.vectorarray" file="src/pymortests/vectorarray.py" line="528" name="test_pairwise_dot_self[0-&lt;lambda&gt;22]" time="0.004726886749267578"></testcase><testcase classname="src.pymortests.vectorarray" file="src/pymortests/vectorarray.py" line="528" name="test_pairwise_dot_self[0-&lt;lambda&gt;23]" time="0.00394439697265625"></testcase><testcase classname="src.pymortests.vectorarray" file="src/pymortests/vectorarray.py" line="528" name="test_pairwise_dot_self[0-&lt;lambda&gt;24]" time="0.008367776870727539"></testcase><testcase classname="src.pymortests.vectorarray" file="src/pymortests/vectorarray.py" line="528" name="test_pairwise_dot_self[0-&lt;lambda&gt;25]" time="0.04829907417297363"></testcase><testcase classname="src.pymortests.vectorarray" file="src/pymortests/vectorarray.py" line="528" name="test_pairwise_dot_self[0-&lt;lambda&gt;26]" time="0.10401439666748047"></testcase><testcase classname="src.pymortests.vectorarray" file="src/pymortests/vectorarray.py" line="528" name="test_pairwise_dot_self[1-&lt;lambda&gt;0]" time="0.0051670074462890625"></testcase><testcase classname="src.pymortests.vectorarray" file="src/pymortests/vectorarray.py" line="528" name="test_pairwise_dot_self[1-&lt;lambda&gt;1]" time="0.004194974899291992"></testcase><testcase classname="src.pymortests.vectorarray" file="src/pymortests/vectorarray.py" line="528" name="test_pairwise_dot_self[1-&lt;lambda&gt;2]" time="0.0074918270111083984"></testcase><testcase classname="src.pymortests.vectorarray" file="src/pymortests/vectorarray.py" line="528" name="test_pairwise_dot_self[1-&lt;lambda&gt;3]" time="0.009270429611206055"></testcase><testcase classname="src.pymortests.vectorarray" file="src/pymortests/vectorarray.py" line="528" name="test_pairwise_dot_self[1-&lt;lambda&gt;4]" time="0.010885953903198242"></testcase><testcase classname="src.pymortests.vectorarray" file="src/pymortests/vectorarray.py" line="528" name="test_pairwise_dot_self[1-&lt;lambda&gt;5]" time="0.0036711692810058594"></testcase><testcase classname="src.pymortests.vectorarray" file="src/pymortests/vectorarray.py" line="528" name="test_pairwise_dot_self[1-&lt;lambda&gt;6]" time="0.0036623477935791016"></testcase><testcase classname="src.pymortests.vectorarray" file="src/pymortests/vectorarray.py" line="528" name="test_pairwise_dot_self[1-&lt;lambda&gt;7]" time="0.0076906681060791016"></testcase><testcase classname="src.pymortests.vectorarray" file="src/pymortests/vectorarray.py" line="528" name="test_pairwise_dot_self[1-&lt;lambda&gt;8]" time="0.026806354522705078"></testcase><testcase classname="src.pymortests.vectorarray" file="src/pymortests/vectorarray.py" line="528" name="test_pairwise_dot_self[1-&lt;lambda&gt;9]" time="0.05182838439941406"></testcase><testcase classname="src.pymortests.vectorarray" file="src/pymortests/vectorarray.py" line="528" name="test_pairwise_dot_self[1-&lt;lambda&gt;10]" time="0.00808095932006836"></testcase><testcase classname="src.pymortests.vectorarray" file="src/pymortests/vectorarray.py" line="528" name="test_pairwise_dot_self[1-&lt;lambda&gt;11]" time="0.01301431655883789"></testcase><testcase classname="src.pymortests.vectorarray" file="src/pymortests/vectorarray.py" line="528" name="test_pairwise_dot_self[1-&lt;lambda&gt;12]" time="0.01313328742980957"></testcase><testcase classname="src.pymortests.vectorarray" file="src/pymortests/vectorarray.py" line="528" name="test_pairwise_dot_self[1-&lt;lambda&gt;13]" time="0.010989904403686523"></testcase><testcase classname="src.pymortests.vectorarray" file="src/pymortests/vectorarray.py" line="528" name="test_pairwise_dot_self[1-&lt;lambda&gt;14]" time="0.013342618942260742"></testcase><testcase classname="src.pymortests.vectorarray" file="src/pymortests/vectorarray.py" line="528" name="test_pairwise_dot_self[1-&lt;lambda&gt;15]" time="0.02153491973876953"></testcase><testcase classname="src.pymortests.vectorarray" file="src/pymortests/vectorarray.py" line="528" name="test_pairwise_dot_self[1-&lt;lambda&gt;16]" time="0.026414155960083008"></testcase><testcase classname="src.pymortests.vectorarray" file="src/pymortests/vectorarray.py" line="528" name="test_pairwise_dot_self[1-&lt;lambda&gt;17]" time="0.009139537811279297"></testcase><testcase classname="src.pymortests.vectorarray" file="src/pymortests/vectorarray.py" line="528" name="test_pairwise_dot_self[1-&lt;lambda&gt;18]" time="0.009556293487548828"></testcase><testcase classname="src.pymortests.vectorarray" file="src/pymortests/vectorarray.py" line="528" name="test_pairwise_dot_self[1-&lt;lambda&gt;19]" time="0.012365102767944336"></testcase><testcase classname="src.pymortests.vectorarray" file="src/pymortests/vectorarray.py" line="528" name="test_pairwise_dot_self[1-&lt;lambda&gt;20]" time="0.04362225532531738"></testcase><testcase classname="src.pymortests.vectorarray" file="src/pymortests/vectorarray.py" line="528" name="test_pairwise_dot_self[1-&lt;lambda&gt;21]" time="0.09255647659301758"></testcase><testcase classname="src.pymortests.vectorarray" file="src/pymortests/vectorarray.py" line="528" name="test_pairwise_dot_self[1-&lt;lambda&gt;22]" time="0.004654407501220703"></testcase><testcase classname="src.pymortests.vectorarray" file="src/pymortests/vectorarray.py" line="528" name="test_pairwise_dot_self[1-&lt;lambda&gt;23]" time="0.003769397735595703"></testcase><testcase classname="src.pymortests.vectorarray" file="src/pymortests/vectorarray.py" line="528" name="test_pairwise_dot_self[1-&lt;lambda&gt;24]" time="0.009220361709594727"></testcase><testcase classname="src.pymortests.vectorarray" file="src/pymortests/vectorarray.py" line="528" name="test_pairwise_dot_self[1-&lt;lambda&gt;25]" time="0.07053804397583008"></testcase><testcase classname="src.pymortests.vectorarray" file="src/pymortests/vectorarray.py" line="528" name="test_pairwise_dot_self[1-&lt;lambda&gt;26]" time="0.15667200088500977"></testcase><testcase classname="src.pymortests.vectorarray" file="src/pymortests/vectorarray.py" line="528" name="test_pairwise_dot_self[2-&lt;lambda&gt;0]" time="0.004936695098876953"></testcase><testcase classname="src.pymortests.vectorarray" file="src/pymortests/vectorarray.py" line="528" name="test_pairwise_dot_self[2-&lt;lambda&gt;1]" time="0.004467964172363281"></testcase><testcase classname="src.pymortests.vectorarray" file="src/pymortests/vectorarray.py" line="528" name="test_pairwise_dot_self[2-&lt;lambda&gt;2]" time="0.007460117340087891"></testcase><testcase classname="src.pymortests.vectorarray" file="src/pymortests/vectorarray.py" line="528" name="test_pairwise_dot_self[2-&lt;lambda&gt;3]" time="0.00932765007019043"></testcase><testcase classname="src.pymortests.vectorarray" file="src/pymortests/vectorarray.py" line="528" name="test_pairwise_dot_self[2-&lt;lambda&gt;4]" time="0.010782480239868164"></testcase><testcase classname="src.pymortests.vectorarray" file="src/pymortests/vectorarray.py" line="528" name="test_pairwise_dot_self[2-&lt;lambda&gt;5]" time="0.003748178482055664"></testcase><testcase classname="src.pymortests.vectorarray" file="src/pymortests/vectorarray.py" line="528" name="test_pairwise_dot_self[2-&lt;lambda&gt;6]" time="0.0036766529083251953"></testcase><testcase classname="src.pymortests.vectorarray" file="src/pymortests/vectorarray.py" line="528" name="test_pairwise_dot_self[2-&lt;lambda&gt;7]" time="0.007635831832885742"></testcase><testcase classname="src.pymortests.vectorarray" file="src/pymortests/vectorarray.py" line="528" name="test_pairwise_dot_self[2-&lt;lambda&gt;8]" time="0.02766108512878418"></testcase><testcase classname="src.pymortests.vectorarray" file="src/pymortests/vectorarray.py" line="528" name="test_pairwise_dot_self[2-&lt;lambda&gt;9]" time="0.0522305965423584"></testcase><testcase classname="src.pymortests.vectorarray" file="src/pymortests/vectorarray.py" line="528" name="test_pairwise_dot_self[2-&lt;lambda&gt;10]" time="0.00796651840209961"></testcase><testcase classname="src.pymortests.vectorarray" file="src/pymortests/vectorarray.py" line="528" name="test_pairwise_dot_self[2-&lt;lambda&gt;11]" time="0.013263940811157227"></testcase><testcase classname="src.pymortests.vectorarray" file="src/pymortests/vectorarray.py" line="528" name="test_pairwise_dot_self[2-&lt;lambda&gt;12]" time="0.013658761978149414"></testcase><testcase classname="src.pymortests.vectorarray" file="src/pymortests/vectorarray.py" line="528" name="test_pairwise_dot_self[2-&lt;lambda&gt;13]" time="0.01472330093383789"></testcase><testcase classname="src.pymortests.vectorarray" file="src/pymortests/vectorarray.py" line="528" name="test_pairwise_dot_self[2-&lt;lambda&gt;14]" time="0.014414787292480469"></testcase><testcase classname="src.pymortests.vectorarray" file="src/pymortests/vectorarray.py" line="528" name="test_pairwise_dot_self[2-&lt;lambda&gt;15]" time="0.02146434783935547"></testcase><testcase classname="src.pymortests.vectorarray" file="src/pymortests/vectorarray.py" line="528" name="test_pairwise_dot_self[2-&lt;lambda&gt;16]" time="0.026380538940429688"></testcase><testcase classname="src.pymortests.vectorarray" file="src/pymortests/vectorarray.py" line="528" name="test_pairwise_dot_self[2-&lt;lambda&gt;17]" time="0.009125947952270508"></testcase><testcase classname="src.pymortests.vectorarray" file="src/pymortests/vectorarray.py" line="528" name="test_pairwise_dot_self[2-&lt;lambda&gt;18]" time="0.008683443069458008"></testcase><testcase classname="src.pymortests.vectorarray" file="src/pymortests/vectorarray.py" line="528" name="test_pairwise_dot_self[2-&lt;lambda&gt;19]" time="0.011600732803344727"></testcase><testcase classname="src.pymortests.vectorarray" file="src/pymortests/vectorarray.py" line="528" name="test_pairwise_dot_self[2-&lt;lambda&gt;20]" time="0.042346954345703125"></testcase><testcase classname="src.pymortests.vectorarray" file="src/pymortests/vectorarray.py" line="528" name="test_pairwise_dot_self[2-&lt;lambda&gt;21]" time="0.08996987342834473"></testcase><testcase classname="src.pymortests.vectorarray" file="src/pymortests/vectorarray.py" line="528" name="test_pairwise_dot_self[2-&lt;lambda&gt;22]" time="0.004492044448852539"></testcase><testcase classname="src.pymortests.vectorarray" file="src/pymortests/vectorarray.py" line="528" name="test_pairwise_dot_self[2-&lt;lambda&gt;23]" time="0.0038101673126220703"></testcase><testcase classname="src.pymortests.vectorarray" file="src/pymortests/vectorarray.py" line="528" name="test_pairwise_dot_self[2-&lt;lambda&gt;24]" time="0.009186983108520508"></testcase><testcase classname="src.pymortests.vectorarray" file="src/pymortests/vectorarray.py" line="528" name="test_pairwise_dot_self[2-&lt;lambda&gt;25]" time="0.06990814208984375"></testcase><testcase classname="src.pymortests.vectorarray" file="src/pymortests/vectorarray.py" line="528" name="test_pairwise_dot_self[2-&lt;lambda&gt;26]" time="0.32505249977111816"></testcase><testcase classname="src.pymortests.vectorarray" file="src/pymortests/vectorarray.py" line="546" name="test_dot[compatible_vector_array_pair0-&lt;lambda&gt;0]" time="0.003813505172729492"></testcase><testcase classname="src.pymortests.vectorarray" file="src/pymortests/vectorarray.py" line="546" name="test_dot[compatible_vector_array_pair0-&lt;lambda&gt;1]" time="0.0020933151245117188"></testcase><testcase classname="src.pymortests.vectorarray" file="src/pymortests/vectorarray.py" line="546" name="test_dot[compatible_vector_array_pair0-&lt;lambda&gt;2]" time="0.007318258285522461"></testcase><testcase classname="src.pymortests.vectorarray" file="src/pymortests/vectorarray.py" line="546" name="test_dot[compatible_vector_array_pair0-&lt;lambda&gt;3]" time="0.009028434753417969"></testcase><testcase classname="src.pymortests.vectorarray" file="src/pymortests/vectorarray.py" line="546" name="test_dot[compatible_vector_array_pair0-&lt;lambda&gt;4]" time="0.013957977294921875"></testcase><testcase classname="src.pymortests.vectorarray" file="src/pymortests/vectorarray.py" line="546" name="test_dot[compatible_vector_array_pair0-&lt;lambda&gt;5]" time="0.008568048477172852"></testcase><testcase classname="src.pymortests.vectorarray" file="src/pymortests/vectorarray.py" line="546" name="test_dot[compatible_vector_array_pair0-&lt;lambda&gt;6]" time="0.002808094024658203"></testcase><testcase classname="src.pymortests.vectorarray" file="src/pymortests/vectorarray.py" line="546" name="test_dot[compatible_vector_array_pair0-&lt;lambda&gt;7]" time="0.0020601749420166016"></testcase><testcase classname="src.pymortests.vectorarray" file="src/pymortests/vectorarray.py" line="546" name="test_dot[compatible_vector_array_pair0-&lt;lambda&gt;8]" time="0.0322880744934082"></testcase><testcase classname="src.pymortests.vectorarray" file="src/pymortests/vectorarray.py" line="546" name="test_dot[compatible_vector_array_pair0-&lt;lambda&gt;9]" time="0.062340497970581055"></testcase><testcase classname="src.pymortests.vectorarray" file="src/pymortests/vectorarray.py" line="546" name="test_dot[compatible_vector_array_pair0-&lt;lambda&gt;10]" time="0.9274983406066895"></testcase><testcase classname="src.pymortests.vectorarray" file="src/pymortests/vectorarray.py" line="546" name="test_dot[compatible_vector_array_pair0-&lt;lambda&gt;11]" time="0.010227203369140625"></testcase><testcase classname="src.pymortests.vectorarray" file="src/pymortests/vectorarray.py" line="546" name="test_dot[compatible_vector_array_pair0-&lt;lambda&gt;12]" time="0.004755496978759766"></testcase><testcase classname="src.pymortests.vectorarray" file="src/pymortests/vectorarray.py" line="546" name="test_dot[compatible_vector_array_pair0-&lt;lambda&gt;13]" time="0.0032749176025390625"></testcase><testcase classname="src.pymortests.vectorarray" file="src/pymortests/vectorarray.py" line="546" name="test_dot[compatible_vector_array_pair0-&lt;lambda&gt;14]" time="0.009615182876586914"></testcase><testcase classname="src.pymortests.vectorarray" file="src/pymortests/vectorarray.py" line="546" name="test_dot[compatible_vector_array_pair0-&lt;lambda&gt;15]" time="0.01470184326171875"></testcase><testcase classname="src.pymortests.vectorarray" file="src/pymortests/vectorarray.py" line="546" name="test_dot[compatible_vector_array_pair0-&lt;lambda&gt;16]" time="0.020197153091430664"></testcase><testcase classname="src.pymortests.vectorarray" file="src/pymortests/vectorarray.py" line="546" name="test_dot[compatible_vector_array_pair0-&lt;lambda&gt;17]" time="0.030993223190307617"></testcase><testcase classname="src.pymortests.vectorarray" file="src/pymortests/vectorarray.py" line="546" name="test_dot[compatible_vector_array_pair0-&lt;lambda&gt;18]" time="0.00806427001953125"></testcase><testcase classname="src.pymortests.vectorarray" file="src/pymortests/vectorarray.py" line="546" name="test_dot[compatible_vector_array_pair0-&lt;lambda&gt;19]" time="0.0033941268920898438"></testcase><testcase classname="src.pymortests.vectorarray" file="src/pymortests/vectorarray.py" line="546" name="test_dot[compatible_vector_array_pair0-&lt;lambda&gt;20]" time="0.09338498115539551"></testcase><testcase classname="src.pymortests.vectorarray" file="src/pymortests/vectorarray.py" line="546" name="test_dot[compatible_vector_array_pair0-&lt;lambda&gt;21]" time="0.07291769981384277"></testcase><testcase classname="src.pymortests.vectorarray" file="src/pymortests/vectorarray.py" line="546" name="test_dot[compatible_vector_array_pair0-&lt;lambda&gt;22]" time="0.8783645629882812"></testcase><testcase classname="src.pymortests.vectorarray" file="src/pymortests/vectorarray.py" line="546" name="test_dot[compatible_vector_array_pair0-&lt;lambda&gt;23]" time="0.01366424560546875"></testcase><testcase classname="src.pymortests.vectorarray" file="src/pymortests/vectorarray.py" line="546" name="test_dot[compatible_vector_array_pair0-&lt;lambda&gt;24]" time="0.004039287567138672"></testcase><testcase classname="src.pymortests.vectorarray" file="src/pymortests/vectorarray.py" line="546" name="test_dot[compatible_vector_array_pair0-&lt;lambda&gt;25]" time="0.0031280517578125"></testcase><testcase classname="src.pymortests.vectorarray" file="src/pymortests/vectorarray.py" line="546" name="test_dot[compatible_vector_array_pair0-&lt;lambda&gt;26]" time="0.04481792449951172"></testcase><testcase classname="src.pymortests.vectorarray" file="src/pymortests/vectorarray.py" line="546" name="test_dot[compatible_vector_array_pair0-&lt;lambda&gt;27]" time="0.07297825813293457"></testcase><testcase classname="src.pymortests.vectorarray" file="src/pymortests/vectorarray.py" line="546" name="test_dot[compatible_vector_array_pair0-&lt;lambda&gt;28]" time="0.6456975936889648"></testcase><testcase classname="src.pymortests.vectorarray" file="src/pymortests/vectorarray.py" line="546" name="test_dot[compatible_vector_array_pair0-&lt;lambda&gt;29]" time="0.01344609260559082"></testcase><testcase classname="src.pymortests.vectorarray" file="src/pymortests/vectorarray.py" line="546" name="test_dot[compatible_vector_array_pair1-&lt;lambda&gt;0]" time="0.0037055015563964844"></testcase><testcase classname="src.pymortests.vectorarray" file="src/pymortests/vectorarray.py" line="546" name="test_dot[compatible_vector_array_pair1-&lt;lambda&gt;1]" time="0.002183198928833008"></testcase><testcase classname="src.pymortests.vectorarray" file="src/pymortests/vectorarray.py" line="546" name="test_dot[compatible_vector_array_pair1-&lt;lambda&gt;2]" time="0.007472038269042969"></testcase><testcase classname="src.pymortests.vectorarray" file="src/pymortests/vectorarray.py" line="546" name="test_dot[compatible_vector_array_pair1-&lt;lambda&gt;3]" time="0.012779712677001953"></testcase><testcase classname="src.pymortests.vectorarray" file="src/pymortests/vectorarray.py" line="546" name="test_dot[compatible_vector_array_pair1-&lt;lambda&gt;4]" time="0.013827323913574219"></testcase><testcase classname="src.pymortests.vectorarray" file="src/pymortests/vectorarray.py" line="546" name="test_dot[compatible_vector_array_pair1-&lt;lambda&gt;5]" time="0.008273124694824219"></testcase><testcase classname="src.pymortests.vectorarray" file="src/pymortests/vectorarray.py" line="546" name="test_dot[compatible_vector_array_pair1-&lt;lambda&gt;6]" time="0.0028448104858398438"></testcase><testcase classname="src.pymortests.vectorarray" file="src/pymortests/vectorarray.py" line="546" name="test_dot[compatible_vector_array_pair1-&lt;lambda&gt;7]" time="0.002097606658935547"></testcase><testcase classname="src.pymortests.vectorarray" file="src/pymortests/vectorarray.py" line="546" name="test_dot[compatible_vector_array_pair1-&lt;lambda&gt;8]" time="0.032492876052856445"></testcase><testcase classname="src.pymortests.vectorarray" file="src/pymortests/vectorarray.py" line="546" name="test_dot[compatible_vector_array_pair1-&lt;lambda&gt;9]" time="0.06418871879577637"></testcase><testcase classname="src.pymortests.vectorarray" file="src/pymortests/vectorarray.py" line="546" name="test_dot[compatible_vector_array_pair1-&lt;lambda&gt;10]" time="0.9256889820098877"></testcase><testcase classname="src.pymortests.vectorarray" file="src/pymortests/vectorarray.py" line="546" name="test_dot[compatible_vector_array_pair1-&lt;lambda&gt;11]" time="0.010854244232177734"></testcase><testcase classname="src.pymortests.vectorarray" file="src/pymortests/vectorarray.py" line="546" name="test_dot[compatible_vector_array_pair1-&lt;lambda&gt;12]" time="0.0057621002197265625"></testcase><testcase classname="src.pymortests.vectorarray" file="src/pymortests/vectorarray.py" line="546" name="test_dot[compatible_vector_array_pair1-&lt;lambda&gt;13]" time="0.0034055709838867188"></testcase><testcase classname="src.pymortests.vectorarray" file="src/pymortests/vectorarray.py" line="546" name="test_dot[compatible_vector_array_pair1-&lt;lambda&gt;14]" time="0.009985923767089844"></testcase><testcase classname="src.pymortests.vectorarray" file="src/pymortests/vectorarray.py" line="546" name="test_dot[compatible_vector_array_pair1-&lt;lambda&gt;15]" time="0.014865636825561523"></testcase><testcase classname="src.pymortests.vectorarray" file="src/pymortests/vectorarray.py" line="546" name="test_dot[compatible_vector_array_pair1-&lt;lambda&gt;16]" time="0.020429611206054688"></testcase><testcase classname="src.pymortests.vectorarray" file="src/pymortests/vectorarray.py" line="546" name="test_dot[compatible_vector_array_pair1-&lt;lambda&gt;17]" time="0.0316166877746582"></testcase><testcase classname="src.pymortests.vectorarray" file="src/pymortests/vectorarray.py" line="546" name="test_dot[compatible_vector_array_pair1-&lt;lambda&gt;18]" time="0.007944583892822266"></testcase><testcase classname="src.pymortests.vectorarray" file="src/pymortests/vectorarray.py" line="546" name="test_dot[compatible_vector_array_pair1-&lt;lambda&gt;19]" time="0.003437519073486328"></testcase><testcase classname="src.pymortests.vectorarray" file="src/pymortests/vectorarray.py" line="546" name="test_dot[compatible_vector_array_pair1-&lt;lambda&gt;20]" time="0.09268450736999512"></testcase><testcase classname="src.pymortests.vectorarray" file="src/pymortests/vectorarray.py" line="546" name="test_dot[compatible_vector_array_pair1-&lt;lambda&gt;21]" time="0.07502532005310059"></testcase><testcase classname="src.pymortests.vectorarray" file="src/pymortests/vectorarray.py" line="546" name="test_dot[compatible_vector_array_pair1-&lt;lambda&gt;22]" time="0.8832461833953857"></testcase><testcase classname="src.pymortests.vectorarray" file="src/pymortests/vectorarray.py" line="546" name="test_dot[compatible_vector_array_pair1-&lt;lambda&gt;23]" time="0.013157844543457031"></testcase><testcase classname="src.pymortests.vectorarray" file="src/pymortests/vectorarray.py" line="546" name="test_dot[compatible_vector_array_pair1-&lt;lambda&gt;24]" time="0.00391387939453125"></testcase><testcase classname="src.pymortests.vectorarray" file="src/pymortests/vectorarray.py" line="546" name="test_dot[compatible_vector_array_pair1-&lt;lambda&gt;25]" time="0.003910064697265625"></testcase><testcase classname="src.pymortests.vectorarray" file="src/pymortests/vectorarray.py" line="546" name="test_dot[compatible_vector_array_pair1-&lt;lambda&gt;26]" time="0.06336355209350586"></testcase><testcase classname="src.pymortests.vectorarray" file="src/pymortests/vectorarray.py" line="546" name="test_dot[compatible_vector_array_pair1-&lt;lambda&gt;27]" time="0.07684993743896484"></testcase><testcase classname="src.pymortests.vectorarray" file="src/pymortests/vectorarray.py" line="546" name="test_dot[compatible_vector_array_pair1-&lt;lambda&gt;28]" time="0.7021224498748779"></testcase><testcase classname="src.pymortests.vectorarray" file="src/pymortests/vectorarray.py" line="546" name="test_dot[compatible_vector_array_pair1-&lt;lambda&gt;29]" time="0.014806985855102539"></testcase><testcase classname="src.pymortests.vectorarray" file="src/pymortests/vectorarray.py" line="546" name="test_dot[compatible_vector_array_pair2-&lt;lambda&gt;0]" time="0.004044294357299805"></testcase><testcase classname="src.pymortests.vectorarray" file="src/pymortests/vectorarray.py" line="546" name="test_dot[compatible_vector_array_pair2-&lt;lambda&gt;1]" time="0.002076864242553711"></testcase><testcase classname="src.pymortests.vectorarray" file="src/pymortests/vectorarray.py" line="546" name="test_dot[compatible_vector_array_pair2-&lt;lambda&gt;2]" time="0.007662057876586914"></testcase><testcase classname="src.pymortests.vectorarray" file="src/pymortests/vectorarray.py" line="546" name="test_dot[compatible_vector_array_pair2-&lt;lambda&gt;3]" time="0.009181737899780273"></testcase><testcase classname="src.pymortests.vectorarray" file="src/pymortests/vectorarray.py" line="546" name="test_dot[compatible_vector_array_pair2-&lt;lambda&gt;4]" time="0.014376163482666016"></testcase><testcase classname="src.pymortests.vectorarray" file="src/pymortests/vectorarray.py" line="546" name="test_dot[compatible_vector_array_pair2-&lt;lambda&gt;5]" time="0.008337259292602539"></testcase><testcase classname="src.pymortests.vectorarray" file="src/pymortests/vectorarray.py" line="546" name="test_dot[compatible_vector_array_pair2-&lt;lambda&gt;6]" time="0.0028078556060791016"></testcase><testcase classname="src.pymortests.vectorarray" file="src/pymortests/vectorarray.py" line="546" name="test_dot[compatible_vector_array_pair2-&lt;lambda&gt;7]" time="0.0019910335540771484"></testcase><testcase classname="src.pymortests.vectorarray" file="src/pymortests/vectorarray.py" line="546" name="test_dot[compatible_vector_array_pair2-&lt;lambda&gt;8]" time="0.03185558319091797"></testcase><testcase classname="src.pymortests.vectorarray" file="src/pymortests/vectorarray.py" line="546" name="test_dot[compatible_vector_array_pair2-&lt;lambda&gt;9]" time="0.06303548812866211"></testcase><testcase classname="src.pymortests.vectorarray" file="src/pymortests/vectorarray.py" line="546" name="test_dot[compatible_vector_array_pair2-&lt;lambda&gt;10]" time="0.9273538589477539"></testcase><testcase classname="src.pymortests.vectorarray" file="src/pymortests/vectorarray.py" line="546" name="test_dot[compatible_vector_array_pair2-&lt;lambda&gt;11]" time="0.010190725326538086"></testcase><testcase classname="src.pymortests.vectorarray" file="src/pymortests/vectorarray.py" line="546" name="test_dot[compatible_vector_array_pair2-&lt;lambda&gt;12]" time="0.00453948974609375"></testcase><testcase classname="src.pymortests.vectorarray" file="src/pymortests/vectorarray.py" line="546" name="test_dot[compatible_vector_array_pair2-&lt;lambda&gt;13]" time="0.00327301025390625"></testcase><testcase classname="src.pymortests.vectorarray" file="src/pymortests/vectorarray.py" line="546" name="test_dot[compatible_vector_array_pair2-&lt;lambda&gt;14]" time="0.009453773498535156"></testcase><testcase classname="src.pymortests.vectorarray" file="src/pymortests/vectorarray.py" line="546" name="test_dot[compatible_vector_array_pair2-&lt;lambda&gt;15]" time="0.014752388000488281"></testcase><testcase classname="src.pymortests.vectorarray" file="src/pymortests/vectorarray.py" line="546" name="test_dot[compatible_vector_array_pair2-&lt;lambda&gt;16]" time="0.020061016082763672"></testcase><testcase classname="src.pymortests.vectorarray" file="src/pymortests/vectorarray.py" line="546" name="test_dot[compatible_vector_array_pair2-&lt;lambda&gt;17]" time="0.03151082992553711"></testcase><testcase classname="src.pymortests.vectorarray" file="src/pymortests/vectorarray.py" line="546" name="test_dot[compatible_vector_array_pair2-&lt;lambda&gt;18]" time="0.008168220520019531"></testcase><testcase classname="src.pymortests.vectorarray" file="src/pymortests/vectorarray.py" line="546" name="test_dot[compatible_vector_array_pair2-&lt;lambda&gt;19]" time="0.0035233497619628906"></testcase><testcase classname="src.pymortests.vectorarray" file="src/pymortests/vectorarray.py" line="546" name="test_dot[compatible_vector_array_pair2-&lt;lambda&gt;20]" time="0.09029364585876465"></testcase><testcase classname="src.pymortests.vectorarray" file="src/pymortests/vectorarray.py" line="546" name="test_dot[compatible_vector_array_pair2-&lt;lambda&gt;21]" time="0.07347750663757324"></testcase><testcase classname="src.pymortests.vectorarray" file="src/pymortests/vectorarray.py" line="546" name="test_dot[compatible_vector_array_pair2-&lt;lambda&gt;22]" time="0.8729093074798584"></testcase><testcase classname="src.pymortests.vectorarray" file="src/pymortests/vectorarray.py" line="546" name="test_dot[compatible_vector_array_pair2-&lt;lambda&gt;23]" time="0.013186931610107422"></testcase><testcase classname="src.pymortests.vectorarray" file="src/pymortests/vectorarray.py" line="546" name="test_dot[compatible_vector_array_pair2-&lt;lambda&gt;24]" time="0.0039861202239990234"></testcase><testcase classname="src.pymortests.vectorarray" file="src/pymortests/vectorarray.py" line="546" name="test_dot[compatible_vector_array_pair2-&lt;lambda&gt;25]" time="0.004061698913574219"></testcase><testcase classname="src.pymortests.vectorarray" file="src/pymortests/vectorarray.py" line="546" name="test_dot[compatible_vector_array_pair2-&lt;lambda&gt;26]" time="0.06374812126159668"></testcase><testcase classname="src.pymortests.vectorarray" file="src/pymortests/vectorarray.py" line="546" name="test_dot[compatible_vector_array_pair2-&lt;lambda&gt;27]" time="0.07835006713867188"></testcase><testcase classname="src.pymortests.vectorarray" file="src/pymortests/vectorarray.py" line="546" name="test_dot[compatible_vector_array_pair2-&lt;lambda&gt;28]" time="0.7025158405303955"></testcase><testcase classname="src.pymortests.vectorarray" file="src/pymortests/vectorarray.py" line="546" name="test_dot[compatible_vector_array_pair2-&lt;lambda&gt;29]" time="0.01428532600402832"></testcase><testcase classname="src.pymortests.vectorarray" file="src/pymortests/vectorarray.py" line="546" name="test_dot[compatible_vector_array_pair3-&lt;lambda&gt;0]" time="0.00416874885559082"></testcase><testcase classname="src.pymortests.vectorarray" file="src/pymortests/vectorarray.py" line="546" name="test_dot[compatible_vector_array_pair3-&lt;lambda&gt;1]" time="0.0020742416381835938"></testcase><testcase classname="src.pymortests.vectorarray" file="src/pymortests/vectorarray.py" line="546" name="test_dot[compatible_vector_array_pair3-&lt;lambda&gt;2]" time="0.007294654846191406"></testcase><testcase classname="src.pymortests.vectorarray" file="src/pymortests/vectorarray.py" line="546" name="test_dot[compatible_vector_array_pair3-&lt;lambda&gt;3]" time="0.009214401245117188"></testcase><testcase classname="src.pymortests.vectorarray" file="src/pymortests/vectorarray.py" line="546" name="test_dot[compatible_vector_array_pair3-&lt;lambda&gt;4]" time="0.014316797256469727"></testcase><testcase classname="src.pymortests.vectorarray" file="src/pymortests/vectorarray.py" line="546" name="test_dot[compatible_vector_array_pair3-&lt;lambda&gt;5]" time="0.008537054061889648"></testcase><testcase classname="src.pymortests.vectorarray" file="src/pymortests/vectorarray.py" line="546" name="test_dot[compatible_vector_array_pair3-&lt;lambda&gt;6]" time="0.002782583236694336"></testcase><testcase classname="src.pymortests.vectorarray" file="src/pymortests/vectorarray.py" line="546" name="test_dot[compatible_vector_array_pair3-&lt;lambda&gt;7]" time="0.002087116241455078"></testcase><testcase classname="src.pymortests.vectorarray" file="src/pymortests/vectorarray.py" line="546" name="test_dot[compatible_vector_array_pair3-&lt;lambda&gt;8]" time="0.03282451629638672"></testcase><testcase classname="src.pymortests.vectorarray" file="src/pymortests/vectorarray.py" line="546" name="test_dot[compatible_vector_array_pair3-&lt;lambda&gt;9]" time="0.06238913536071777"></testcase><testcase classname="src.pymortests.vectorarray" file="src/pymortests/vectorarray.py" line="546" name="test_dot[compatible_vector_array_pair3-&lt;lambda&gt;10]" time="0.9288082122802734"></testcase><testcase classname="src.pymortests.vectorarray" file="src/pymortests/vectorarray.py" line="546" name="test_dot[compatible_vector_array_pair3-&lt;lambda&gt;11]" time="0.01056528091430664"></testcase><testcase classname="src.pymortests.vectorarray" file="src/pymortests/vectorarray.py" line="546" name="test_dot[compatible_vector_array_pair3-&lt;lambda&gt;12]" time="0.005853414535522461"></testcase><testcase classname="src.pymortests.vectorarray" file="src/pymortests/vectorarray.py" line="546" name="test_dot[compatible_vector_array_pair3-&lt;lambda&gt;13]" time="0.0034101009368896484"></testcase><testcase classname="src.pymortests.vectorarray" file="src/pymortests/vectorarray.py" line="546" name="test_dot[compatible_vector_array_pair3-&lt;lambda&gt;14]" time="0.010056734085083008"></testcase><testcase classname="src.pymortests.vectorarray" file="src/pymortests/vectorarray.py" line="546" name="test_dot[compatible_vector_array_pair3-&lt;lambda&gt;15]" time="0.014897823333740234"></testcase><testcase classname="src.pymortests.vectorarray" file="src/pymortests/vectorarray.py" line="546" name="test_dot[compatible_vector_array_pair3-&lt;lambda&gt;16]" time="0.020399093627929688"></testcase><testcase classname="src.pymortests.vectorarray" file="src/pymortests/vectorarray.py" line="546" name="test_dot[compatible_vector_array_pair3-&lt;lambda&gt;17]" time="0.03165864944458008"></testcase><testcase classname="src.pymortests.vectorarray" file="src/pymortests/vectorarray.py" line="546" name="test_dot[compatible_vector_array_pair3-&lt;lambda&gt;18]" time="0.008196592330932617"></testcase><testcase classname="src.pymortests.vectorarray" file="src/pymortests/vectorarray.py" line="546" name="test_dot[compatible_vector_array_pair3-&lt;lambda&gt;19]" time="0.0034182071685791016"></testcase><testcase classname="src.pymortests.vectorarray" file="src/pymortests/vectorarray.py" line="546" name="test_dot[compatible_vector_array_pair3-&lt;lambda&gt;20]" time="0.09133791923522949"></testcase><testcase classname="src.pymortests.vectorarray" file="src/pymortests/vectorarray.py" line="546" name="test_dot[compatible_vector_array_pair3-&lt;lambda&gt;21]" time="0.07628560066223145"></testcase><testcase classname="src.pymortests.vectorarray" file="src/pymortests/vectorarray.py" line="546" name="test_dot[compatible_vector_array_pair3-&lt;lambda&gt;22]" time="0.8843119144439697"></testcase><testcase classname="src.pymortests.vectorarray" file="src/pymortests/vectorarray.py" line="546" name="test_dot[compatible_vector_array_pair3-&lt;lambda&gt;23]" time="0.013686895370483398"></testcase><testcase classname="src.pymortests.vectorarray" file="src/pymortests/vectorarray.py" line="546" name="test_dot[compatible_vector_array_pair3-&lt;lambda&gt;24]" time="0.003987312316894531"></testcase><testcase classname="src.pymortests.vectorarray" file="src/pymortests/vectorarray.py" line="546" name="test_dot[compatible_vector_array_pair3-&lt;lambda&gt;25]" time="0.0030329227447509766"></testcase><testcase classname="src.pymortests.vectorarray" file="src/pymortests/vectorarray.py" line="546" name="test_dot[compatible_vector_array_pair3-&lt;lambda&gt;26]" time="0.04535079002380371"></testcase><testcase classname="src.pymortests.vectorarray" file="src/pymortests/vectorarray.py" line="546" name="test_dot[compatible_vector_array_pair3-&lt;lambda&gt;27]" time="0.09571170806884766"></testcase><testcase classname="src.pymortests.vectorarray" file="src/pymortests/vectorarray.py" line="546" name="test_dot[compatible_vector_array_pair3-&lt;lambda&gt;28]" time="0.7046208381652832"></testcase><testcase classname="src.pymortests.vectorarray" file="src/pymortests/vectorarray.py" line="546" name="test_dot[compatible_vector_array_pair3-&lt;lambda&gt;29]" time="0.014646768569946289"></testcase><testcase classname="src.pymortests.vectorarray" file="src/pymortests/vectorarray.py" line="546" name="test_dot[compatible_vector_array_pair4-&lt;lambda&gt;0]" time="0.004070758819580078"></testcase><testcase classname="src.pymortests.vectorarray" file="src/pymortests/vectorarray.py" line="546" name="test_dot[compatible_vector_array_pair4-&lt;lambda&gt;1]" time="0.0021085739135742188"></testcase><testcase classname="src.pymortests.vectorarray" file="src/pymortests/vectorarray.py" line="546" name="test_dot[compatible_vector_array_pair4-&lt;lambda&gt;2]" time="0.007226467132568359"></testcase><testcase classname="src.pymortests.vectorarray" file="src/pymortests/vectorarray.py" line="546" name="test_dot[compatible_vector_array_pair4-&lt;lambda&gt;3]" time="0.00916290283203125"></testcase><testcase classname="src.pymortests.vectorarray" file="src/pymortests/vectorarray.py" line="546" name="test_dot[compatible_vector_array_pair4-&lt;lambda&gt;4]" time="0.013845443725585938"></testcase><testcase classname="src.pymortests.vectorarray" file="src/pymortests/vectorarray.py" line="546" name="test_dot[compatible_vector_array_pair4-&lt;lambda&gt;5]" time="0.008163690567016602"></testcase><testcase classname="src.pymortests.vectorarray" file="src/pymortests/vectorarray.py" line="546" name="test_dot[compatible_vector_array_pair4-&lt;lambda&gt;6]" time="0.002725839614868164"></testcase><testcase classname="src.pymortests.vectorarray" file="src/pymortests/vectorarray.py" line="546" name="test_dot[compatible_vector_array_pair4-&lt;lambda&gt;7]" time="0.002016782760620117"></testcase><testcase classname="src.pymortests.vectorarray" file="src/pymortests/vectorarray.py" line="546" name="test_dot[compatible_vector_array_pair4-&lt;lambda&gt;8]" time="0.03246164321899414"></testcase><testcase classname="src.pymortests.vectorarray" file="src/pymortests/vectorarray.py" line="546" name="test_dot[compatible_vector_array_pair4-&lt;lambda&gt;9]" time="0.0626072883605957"></testcase><testcase classname="src.pymortests.vectorarray" file="src/pymortests/vectorarray.py" line="546" name="test_dot[compatible_vector_array_pair4-&lt;lambda&gt;10]" time="0.9374206066131592"></testcase><testcase classname="src.pymortests.vectorarray" file="src/pymortests/vectorarray.py" line="546" name="test_dot[compatible_vector_array_pair4-&lt;lambda&gt;11]" time="0.010748863220214844"></testcase><testcase classname="src.pymortests.vectorarray" file="src/pymortests/vectorarray.py" line="546" name="test_dot[compatible_vector_array_pair4-&lt;lambda&gt;12]" time="0.004925727844238281"></testcase><testcase classname="src.pymortests.vectorarray" file="src/pymortests/vectorarray.py" line="546" name="test_dot[compatible_vector_array_pair4-&lt;lambda&gt;13]" time="0.003576993942260742"></testcase><testcase classname="src.pymortests.vectorarray" file="src/pymortests/vectorarray.py" line="546" name="test_dot[compatible_vector_array_pair4-&lt;lambda&gt;14]" time="0.010370254516601562"></testcase><testcase classname="src.pymortests.vectorarray" file="src/pymortests/vectorarray.py" line="546" name="test_dot[compatible_vector_array_pair4-&lt;lambda&gt;15]" time="0.015851974487304688"></testcase><testcase classname="src.pymortests.vectorarray" file="src/pymortests/vectorarray.py" line="546" name="test_dot[compatible_vector_array_pair4-&lt;lambda&gt;16]" time="0.02015852928161621"></testcase><testcase classname="src.pymortests.vectorarray" file="src/pymortests/vectorarray.py" line="546" name="test_dot[compatible_vector_array_pair4-&lt;lambda&gt;17]" time="0.0318303108215332"></testcase><testcase classname="src.pymortests.vectorarray" file="src/pymortests/vectorarray.py" line="546" name="test_dot[compatible_vector_array_pair4-&lt;lambda&gt;18]" time="0.00829315185546875"></testcase><testcase classname="src.pymortests.vectorarray" file="src/pymortests/vectorarray.py" line="546" name="test_dot[compatible_vector_array_pair4-&lt;lambda&gt;19]" time="0.0035936832427978516"></testcase><testcase classname="src.pymortests.vectorarray" file="src/pymortests/vectorarray.py" line="546" name="test_dot[compatible_vector_array_pair4-&lt;lambda&gt;20]" time="0.09343481063842773"></testcase><testcase classname="src.pymortests.vectorarray" file="src/pymortests/vectorarray.py" line="546" name="test_dot[compatible_vector_array_pair4-&lt;lambda&gt;21]" time="0.07731890678405762"></testcase><testcase classname="src.pymortests.vectorarray" file="src/pymortests/vectorarray.py" line="546" name="test_dot[compatible_vector_array_pair4-&lt;lambda&gt;22]" time="0.8612060546875"></testcase><testcase classname="src.pymortests.vectorarray" file="src/pymortests/vectorarray.py" line="546" name="test_dot[compatible_vector_array_pair4-&lt;lambda&gt;23]" time="0.013426065444946289"></testcase><testcase classname="src.pymortests.vectorarray" file="src/pymortests/vectorarray.py" line="546" name="test_dot[compatible_vector_array_pair4-&lt;lambda&gt;24]" time="0.003870248794555664"></testcase><testcase classname="src.pymortests.vectorarray" file="src/pymortests/vectorarray.py" line="546" name="test_dot[compatible_vector_array_pair4-&lt;lambda&gt;25]" time="0.00393366813659668"></testcase><testcase classname="src.pymortests.vectorarray" file="src/pymortests/vectorarray.py" line="546" name="test_dot[compatible_vector_array_pair4-&lt;lambda&gt;26]" time="0.06414031982421875"></testcase><testcase classname="src.pymortests.vectorarray" file="src/pymortests/vectorarray.py" line="546" name="test_dot[compatible_vector_array_pair4-&lt;lambda&gt;27]" time="0.10011672973632812"></testcase><testcase classname="src.pymortests.vectorarray" file="src/pymortests/vectorarray.py" line="546" name="test_dot[compatible_vector_array_pair4-&lt;lambda&gt;28]" time="0.7544188499450684"></testcase><testcase classname="src.pymortests.vectorarray" file="src/pymortests/vectorarray.py" line="546" name="test_dot[compatible_vector_array_pair4-&lt;lambda&gt;29]" time="0.015254735946655273"></testcase><testcase classname="src.pymortests.vectorarray" file="src/pymortests/vectorarray.py" line="546" name="test_dot[compatible_vector_array_pair5-&lt;lambda&gt;0]" time="0.00418853759765625"></testcase><testcase classname="src.pymortests.vectorarray" file="src/pymortests/vectorarray.py" line="546" name="test_dot[compatible_vector_array_pair5-&lt;lambda&gt;1]" time="0.002149820327758789"></testcase><testcase classname="src.pymortests.vectorarray" file="src/pymortests/vectorarray.py" line="546" name="test_dot[compatible_vector_array_pair5-&lt;lambda&gt;2]" time="0.007294654846191406"></testcase><testcase classname="src.pymortests.vectorarray" file="src/pymortests/vectorarray.py" line="546" name="test_dot[compatible_vector_array_pair5-&lt;lambda&gt;3]" time="0.00906991958618164"></testcase><testcase classname="src.pymortests.vectorarray" file="src/pymortests/vectorarray.py" line="546" name="test_dot[compatible_vector_array_pair5-&lt;lambda&gt;4]" time="0.013671398162841797"></testcase><testcase classname="src.pymortests.vectorarray" file="src/pymortests/vectorarray.py" line="546" name="test_dot[compatible_vector_array_pair5-&lt;lambda&gt;5]" time="0.008356094360351562"></testcase><testcase classname="src.pymortests.vectorarray" file="src/pymortests/vectorarray.py" line="546" name="test_dot[compatible_vector_array_pair5-&lt;lambda&gt;6]" time="0.0028929710388183594"></testcase><testcase classname="src.pymortests.vectorarray" file="src/pymortests/vectorarray.py" line="546" name="test_dot[compatible_vector_array_pair5-&lt;lambda&gt;7]" time="0.0021173954010009766"></testcase><testcase classname="src.pymortests.vectorarray" file="src/pymortests/vectorarray.py" line="546" name="test_dot[compatible_vector_array_pair5-&lt;lambda&gt;8]" time="0.03222322463989258"></testcase><testcase classname="src.pymortests.vectorarray" file="src/pymortests/vectorarray.py" line="546" name="test_dot[compatible_vector_array_pair5-&lt;lambda&gt;9]" time="0.06648468971252441"></testcase><testcase classname="src.pymortests.vectorarray" file="src/pymortests/vectorarray.py" line="546" name="test_dot[compatible_vector_array_pair5-&lt;lambda&gt;10]" time="0.9277255535125732"></testcase><testcase classname="src.pymortests.vectorarray" file="src/pymortests/vectorarray.py" line="546" name="test_dot[compatible_vector_array_pair5-&lt;lambda&gt;11]" time="0.010472536087036133"></testcase><testcase classname="src.pymortests.vectorarray" file="src/pymortests/vectorarray.py" line="546" name="test_dot[compatible_vector_array_pair5-&lt;lambda&gt;12]" time="0.0059092044830322266"></testcase><testcase classname="src.pymortests.vectorarray" file="src/pymortests/vectorarray.py" line="546" name="test_dot[compatible_vector_array_pair5-&lt;lambda&gt;13]" time="0.003452301025390625"></testcase><testcase classname="src.pymortests.vectorarray" file="src/pymortests/vectorarray.py" line="546" name="test_dot[compatible_vector_array_pair5-&lt;lambda&gt;14]" time="0.00993204116821289"></testcase><testcase classname="src.pymortests.vectorarray" file="src/pymortests/vectorarray.py" line="546" name="test_dot[compatible_vector_array_pair5-&lt;lambda&gt;15]" time="0.014559030532836914"></testcase><testcase classname="src.pymortests.vectorarray" file="src/pymortests/vectorarray.py" line="546" name="test_dot[compatible_vector_array_pair5-&lt;lambda&gt;16]" time="0.020355701446533203"></testcase><testcase classname="src.pymortests.vectorarray" file="src/pymortests/vectorarray.py" line="546" name="test_dot[compatible_vector_array_pair5-&lt;lambda&gt;17]" time="0.0314326286315918"></testcase><testcase classname="src.pymortests.vectorarray" file="src/pymortests/vectorarray.py" line="546" name="test_dot[compatible_vector_array_pair5-&lt;lambda&gt;18]" time="0.008312702178955078"></testcase><testcase classname="src.pymortests.vectorarray" file="src/pymortests/vectorarray.py" line="546" name="test_dot[compatible_vector_array_pair5-&lt;lambda&gt;19]" time="0.0034499168395996094"></testcase><testcase classname="src.pymortests.vectorarray" file="src/pymortests/vectorarray.py" line="546" name="test_dot[compatible_vector_array_pair5-&lt;lambda&gt;20]" time="0.09295368194580078"></testcase><testcase classname="src.pymortests.vectorarray" file="src/pymortests/vectorarray.py" line="546" name="test_dot[compatible_vector_array_pair5-&lt;lambda&gt;21]" time="0.07286930084228516"></testcase><testcase classname="src.pymortests.vectorarray" file="src/pymortests/vectorarray.py" line="546" name="test_dot[compatible_vector_array_pair5-&lt;lambda&gt;22]" time="0.8917539119720459"></testcase><testcase classname="src.pymortests.vectorarray" file="src/pymortests/vectorarray.py" line="546" name="test_dot[compatible_vector_array_pair5-&lt;lambda&gt;23]" time="0.013000011444091797"></testcase><testcase classname="src.pymortests.vectorarray" file="src/pymortests/vectorarray.py" line="546" name="test_dot[compatible_vector_array_pair5-&lt;lambda&gt;24]" time="0.0040628910064697266"></testcase><testcase classname="src.pymortests.vectorarray" file="src/pymortests/vectorarray.py" line="546" name="test_dot[compatible_vector_array_pair5-&lt;lambda&gt;25]" time="0.003998279571533203"></testcase><testcase classname="src.pymortests.vectorarray" file="src/pymortests/vectorarray.py" line="546" name="test_dot[compatible_vector_array_pair5-&lt;lambda&gt;26]" time="0.06525993347167969"></testcase><testcase classname="src.pymortests.vectorarray" file="src/pymortests/vectorarray.py" line="546" name="test_dot[compatible_vector_array_pair5-&lt;lambda&gt;27]" time="0.10042119026184082"></testcase><testcase classname="src.pymortests.vectorarray" file="src/pymortests/vectorarray.py" line="546" name="test_dot[compatible_vector_array_pair5-&lt;lambda&gt;28]" time="0.754248857498169"></testcase><testcase classname="src.pymortests.vectorarray" file="src/pymortests/vectorarray.py" line="546" name="test_dot[compatible_vector_array_pair5-&lt;lambda&gt;29]" time="0.016510963439941406"></testcase><testcase classname="src.pymortests.vectorarray" file="src/pymortests/vectorarray.py" line="546" name="test_dot[compatible_vector_array_pair6-&lt;lambda&gt;0]" time="0.004042863845825195"></testcase><testcase classname="src.pymortests.vectorarray" file="src/pymortests/vectorarray.py" line="546" name="test_dot[compatible_vector_array_pair6-&lt;lambda&gt;1]" time="0.002131223678588867"></testcase><testcase classname="src.pymortests.vectorarray" file="src/pymortests/vectorarray.py" line="546" name="test_dot[compatible_vector_array_pair6-&lt;lambda&gt;2]" time="0.007295131683349609"></testcase><testcase classname="src.pymortests.vectorarray" file="src/pymortests/vectorarray.py" line="546" name="test_dot[compatible_vector_array_pair6-&lt;lambda&gt;3]" time="0.009118795394897461"></testcase><testcase classname="src.pymortests.vectorarray" file="src/pymortests/vectorarray.py" line="546" name="test_dot[compatible_vector_array_pair6-&lt;lambda&gt;4]" time="0.01381993293762207"></testcase><testcase classname="src.pymortests.vectorarray" file="src/pymortests/vectorarray.py" line="546" name="test_dot[compatible_vector_array_pair6-&lt;lambda&gt;5]" time="0.00820469856262207"></testcase><testcase classname="src.pymortests.vectorarray" file="src/pymortests/vectorarray.py" line="546" name="test_dot[compatible_vector_array_pair6-&lt;lambda&gt;6]" time="0.0027763843536376953"></testcase><testcase classname="src.pymortests.vectorarray" file="src/pymortests/vectorarray.py" line="546" name="test_dot[compatible_vector_array_pair6-&lt;lambda&gt;7]" time="0.0019712448120117188"></testcase><testcase classname="src.pymortests.vectorarray" file="src/pymortests/vectorarray.py" line="546" name="test_dot[compatible_vector_array_pair6-&lt;lambda&gt;8]" time="0.032569169998168945"></testcase><testcase classname="src.pymortests.vectorarray" file="src/pymortests/vectorarray.py" line="546" name="test_dot[compatible_vector_array_pair6-&lt;lambda&gt;9]" time="0.0626215934753418"></testcase><testcase classname="src.pymortests.vectorarray" file="src/pymortests/vectorarray.py" line="546" name="test_dot[compatible_vector_array_pair6-&lt;lambda&gt;10]" time="0.9272840023040771"></testcase><testcase classname="src.pymortests.vectorarray" file="src/pymortests/vectorarray.py" line="546" name="test_dot[compatible_vector_array_pair6-&lt;lambda&gt;11]" time="0.010272979736328125"></testcase><testcase classname="src.pymortests.vectorarray" file="src/pymortests/vectorarray.py" line="546" name="test_dot[compatible_vector_array_pair6-&lt;lambda&gt;12]" time="0.0047266483306884766"></testcase><testcase classname="src.pymortests.vectorarray" file="src/pymortests/vectorarray.py" line="546" name="test_dot[compatible_vector_array_pair6-&lt;lambda&gt;13]" time="0.0034112930297851562"></testcase><testcase classname="src.pymortests.vectorarray" file="src/pymortests/vectorarray.py" line="546" name="test_dot[compatible_vector_array_pair6-&lt;lambda&gt;14]" time="0.009756326675415039"></testcase><testcase classname="src.pymortests.vectorarray" file="src/pymortests/vectorarray.py" line="546" name="test_dot[compatible_vector_array_pair6-&lt;lambda&gt;15]" time="0.014665603637695312"></testcase><testcase classname="src.pymortests.vectorarray" file="src/pymortests/vectorarray.py" line="546" name="test_dot[compatible_vector_array_pair6-&lt;lambda&gt;16]" time="0.019775867462158203"></testcase><testcase classname="src.pymortests.vectorarray" file="src/pymortests/vectorarray.py" line="546" name="test_dot[compatible_vector_array_pair6-&lt;lambda&gt;17]" time="0.031208515167236328"></testcase><testcase classname="src.pymortests.vectorarray" file="src/pymortests/vectorarray.py" line="546" name="test_dot[compatible_vector_array_pair6-&lt;lambda&gt;18]" time="0.008574247360229492"></testcase><testcase classname="src.pymortests.vectorarray" file="src/pymortests/vectorarray.py" line="546" name="test_dot[compatible_vector_array_pair6-&lt;lambda&gt;19]" time="0.004274845123291016"></testcase><testcase classname="src.pymortests.vectorarray" file="src/pymortests/vectorarray.py" line="546" name="test_dot[compatible_vector_array_pair6-&lt;lambda&gt;20]" time="0.08952498435974121"></testcase><testcase classname="src.pymortests.vectorarray" file="src/pymortests/vectorarray.py" line="546" name="test_dot[compatible_vector_array_pair6-&lt;lambda&gt;21]" time="0.0737009048461914"></testcase><testcase classname="src.pymortests.vectorarray" file="src/pymortests/vectorarray.py" line="546" name="test_dot[compatible_vector_array_pair6-&lt;lambda&gt;22]" time="0.8751933574676514"></testcase><testcase classname="src.pymortests.vectorarray" file="src/pymortests/vectorarray.py" line="546" name="test_dot[compatible_vector_array_pair6-&lt;lambda&gt;23]" time="0.013193130493164062"></testcase><testcase classname="src.pymortests.vectorarray" file="src/pymortests/vectorarray.py" line="546" name="test_dot[compatible_vector_array_pair6-&lt;lambda&gt;24]" time="0.0039708614349365234"></testcase><testcase classname="src.pymortests.vectorarray" file="src/pymortests/vectorarray.py" line="546" name="test_dot[compatible_vector_array_pair6-&lt;lambda&gt;25]" time="0.003119945526123047"></testcase><testcase classname="src.pymortests.vectorarray" file="src/pymortests/vectorarray.py" line="546" name="test_dot[compatible_vector_array_pair6-&lt;lambda&gt;26]" time="0.046050310134887695"></testcase><testcase classname="src.pymortests.vectorarray" file="src/pymortests/vectorarray.py" line="546" name="test_dot[compatible_vector_array_pair6-&lt;lambda&gt;27]" time="0.0950007438659668"></testcase><testcase classname="src.pymortests.vectorarray" file="src/pymortests/vectorarray.py" line="546" name="test_dot[compatible_vector_array_pair6-&lt;lambda&gt;28]" time="0.6980583667755127"></testcase><testcase classname="src.pymortests.vectorarray" file="src/pymortests/vectorarray.py" line="546" name="test_dot[compatible_vector_array_pair6-&lt;lambda&gt;29]" time="0.014571428298950195"></testcase><testcase classname="src.pymortests.vectorarray" file="src/pymortests/vectorarray.py" line="546" name="test_dot[compatible_vector_array_pair7-&lt;lambda&gt;0]" time="0.004087209701538086"></testcase><testcase classname="src.pymortests.vectorarray" file="src/pymortests/vectorarray.py" line="546" name="test_dot[compatible_vector_array_pair7-&lt;lambda&gt;1]" time="0.002094268798828125"></testcase><testcase classname="src.pymortests.vectorarray" file="src/pymortests/vectorarray.py" line="546" name="test_dot[compatible_vector_array_pair7-&lt;lambda&gt;2]" time="0.007348537445068359"></testcase><testcase classname="src.pymortests.vectorarray" file="src/pymortests/vectorarray.py" line="546" name="test_dot[compatible_vector_array_pair7-&lt;lambda&gt;3]" time="0.009239912033081055"></testcase><testcase classname="src.pymortests.vectorarray" file="src/pymortests/vectorarray.py" line="546" name="test_dot[compatible_vector_array_pair7-&lt;lambda&gt;4]" time="0.013744592666625977"></testcase><testcase classname="src.pymortests.vectorarray" file="src/pymortests/vectorarray.py" line="546" name="test_dot[compatible_vector_array_pair7-&lt;lambda&gt;5]" time="0.00819849967956543"></testcase><testcase classname="src.pymortests.vectorarray" file="src/pymortests/vectorarray.py" line="546" name="test_dot[compatible_vector_array_pair7-&lt;lambda&gt;6]" time="0.0028142929077148438"></testcase><testcase classname="src.pymortests.vectorarray" file="src/pymortests/vectorarray.py" line="546" name="test_dot[compatible_vector_array_pair7-&lt;lambda&gt;7]" time="0.0021982192993164062"></testcase><testcase classname="src.pymortests.vectorarray" file="src/pymortests/vectorarray.py" line="546" name="test_dot[compatible_vector_array_pair7-&lt;lambda&gt;8]" time="0.03217792510986328"></testcase><testcase classname="src.pymortests.vectorarray" file="src/pymortests/vectorarray.py" line="546" name="test_dot[compatible_vector_array_pair7-&lt;lambda&gt;9]" time="0.06336069107055664"></testcase><testcase classname="src.pymortests.vectorarray" file="src/pymortests/vectorarray.py" line="546" name="test_dot[compatible_vector_array_pair7-&lt;lambda&gt;10]" time="0.9241597652435303"></testcase><testcase classname="src.pymortests.vectorarray" file="src/pymortests/vectorarray.py" line="546" name="test_dot[compatible_vector_array_pair7-&lt;lambda&gt;11]" time="0.010308980941772461"></testcase><testcase classname="src.pymortests.vectorarray" file="src/pymortests/vectorarray.py" line="546" name="test_dot[compatible_vector_array_pair7-&lt;lambda&gt;12]" time="0.004957914352416992"></testcase><testcase classname="src.pymortests.vectorarray" file="src/pymortests/vectorarray.py" line="546" name="test_dot[compatible_vector_array_pair7-&lt;lambda&gt;13]" time="0.0035970211029052734"></testcase><testcase classname="src.pymortests.vectorarray" file="src/pymortests/vectorarray.py" line="546" name="test_dot[compatible_vector_array_pair7-&lt;lambda&gt;14]" time="0.009919881820678711"></testcase><testcase classname="src.pymortests.vectorarray" file="src/pymortests/vectorarray.py" line="546" name="test_dot[compatible_vector_array_pair7-&lt;lambda&gt;15]" time="0.01469564437866211"></testcase><testcase classname="src.pymortests.vectorarray" file="src/pymortests/vectorarray.py" line="546" name="test_dot[compatible_vector_array_pair7-&lt;lambda&gt;16]" time="0.02034592628479004"></testcase><testcase classname="src.pymortests.vectorarray" file="src/pymortests/vectorarray.py" line="546" name="test_dot[compatible_vector_array_pair7-&lt;lambda&gt;17]" time="0.031864166259765625"></testcase><testcase classname="src.pymortests.vectorarray" file="src/pymortests/vectorarray.py" line="546" name="test_dot[compatible_vector_array_pair7-&lt;lambda&gt;18]" time="0.008181571960449219"></testcase><testcase classname="src.pymortests.vectorarray" file="src/pymortests/vectorarray.py" line="546" name="test_dot[compatible_vector_array_pair7-&lt;lambda&gt;19]" time="0.0034809112548828125"></testcase><testcase classname="src.pymortests.vectorarray" file="src/pymortests/vectorarray.py" line="546" name="test_dot[compatible_vector_array_pair7-&lt;lambda&gt;20]" time="0.09175705909729004"></testcase><testcase classname="src.pymortests.vectorarray" file="src/pymortests/vectorarray.py" line="546" name="test_dot[compatible_vector_array_pair7-&lt;lambda&gt;21]" time="0.07295012474060059"></testcase><testcase classname="src.pymortests.vectorarray" file="src/pymortests/vectorarray.py" line="546" name="test_dot[compatible_vector_array_pair7-&lt;lambda&gt;22]" time="0.8777604103088379"></testcase><testcase classname="src.pymortests.vectorarray" file="src/pymortests/vectorarray.py" line="546" name="test_dot[compatible_vector_array_pair7-&lt;lambda&gt;23]" time="0.01344752311706543"></testcase><testcase classname="src.pymortests.vectorarray" file="src/pymortests/vectorarray.py" line="546" name="test_dot[compatible_vector_array_pair7-&lt;lambda&gt;24]" time="0.004025697708129883"></testcase><testcase classname="src.pymortests.vectorarray" file="src/pymortests/vectorarray.py" line="546" name="test_dot[compatible_vector_array_pair7-&lt;lambda&gt;25]" time="0.003948688507080078"></testcase><testcase classname="src.pymortests.vectorarray" file="src/pymortests/vectorarray.py" line="546" name="test_dot[compatible_vector_array_pair7-&lt;lambda&gt;26]" time="0.0640556812286377"></testcase><testcase classname="src.pymortests.vectorarray" file="src/pymortests/vectorarray.py" line="546" name="test_dot[compatible_vector_array_pair7-&lt;lambda&gt;27]" time="0.09987902641296387"></testcase><testcase classname="src.pymortests.vectorarray" file="src/pymortests/vectorarray.py" line="546" name="test_dot[compatible_vector_array_pair7-&lt;lambda&gt;28]" time="0.7602214813232422"></testcase><testcase classname="src.pymortests.vectorarray" file="src/pymortests/vectorarray.py" line="546" name="test_dot[compatible_vector_array_pair7-&lt;lambda&gt;29]" time="0.01589798927307129"></testcase><testcase classname="src.pymortests.vectorarray" file="src/pymortests/vectorarray.py" line="546" name="test_dot[compatible_vector_array_pair8-&lt;lambda&gt;0]" time="0.004277706146240234"></testcase><testcase classname="src.pymortests.vectorarray" file="src/pymortests/vectorarray.py" line="546" name="test_dot[compatible_vector_array_pair8-&lt;lambda&gt;1]" time="0.0022077560424804688"></testcase><testcase classname="src.pymortests.vectorarray" file="src/pymortests/vectorarray.py" line="546" name="test_dot[compatible_vector_array_pair8-&lt;lambda&gt;2]" time="0.007410764694213867"></testcase><testcase classname="src.pymortests.vectorarray" file="src/pymortests/vectorarray.py" line="546" name="test_dot[compatible_vector_array_pair8-&lt;lambda&gt;3]" time="0.009196758270263672"></testcase><testcase classname="src.pymortests.vectorarray" file="src/pymortests/vectorarray.py" line="546" name="test_dot[compatible_vector_array_pair8-&lt;lambda&gt;4]" time="0.01395416259765625"></testcase><testcase classname="src.pymortests.vectorarray" file="src/pymortests/vectorarray.py" line="546" name="test_dot[compatible_vector_array_pair8-&lt;lambda&gt;5]" time="0.008584022521972656"></testcase><testcase classname="src.pymortests.vectorarray" file="src/pymortests/vectorarray.py" line="546" name="test_dot[compatible_vector_array_pair8-&lt;lambda&gt;6]" time="0.0029125213623046875"></testcase><testcase classname="src.pymortests.vectorarray" file="src/pymortests/vectorarray.py" line="546" name="test_dot[compatible_vector_array_pair8-&lt;lambda&gt;7]" time="0.002096891403198242"></testcase><testcase classname="src.pymortests.vectorarray" file="src/pymortests/vectorarray.py" line="546" name="test_dot[compatible_vector_array_pair8-&lt;lambda&gt;8]" time="0.03270673751831055"></testcase><testcase classname="src.pymortests.vectorarray" file="src/pymortests/vectorarray.py" line="546" name="test_dot[compatible_vector_array_pair8-&lt;lambda&gt;9]" time="0.06347370147705078"></testcase><testcase classname="src.pymortests.vectorarray" file="src/pymortests/vectorarray.py" line="546" name="test_dot[compatible_vector_array_pair8-&lt;lambda&gt;10]" time="0.9358291625976562"></testcase><testcase classname="src.pymortests.vectorarray" file="src/pymortests/vectorarray.py" line="546" name="test_dot[compatible_vector_array_pair8-&lt;lambda&gt;11]" time="0.011121749877929688"></testcase><testcase classname="src.pymortests.vectorarray" file="src/pymortests/vectorarray.py" line="546" name="test_dot[compatible_vector_array_pair8-&lt;lambda&gt;12]" time="0.00638580322265625"></testcase><testcase classname="src.pymortests.vectorarray" file="src/pymortests/vectorarray.py" line="546" name="test_dot[compatible_vector_array_pair8-&lt;lambda&gt;13]" time="0.0041124820709228516"></testcase><testcase classname="src.pymortests.vectorarray" file="src/pymortests/vectorarray.py" line="546" name="test_dot[compatible_vector_array_pair8-&lt;lambda&gt;14]" time="0.011024951934814453"></testcase><testcase classname="src.pymortests.vectorarray" file="src/pymortests/vectorarray.py" line="546" name="test_dot[compatible_vector_array_pair8-&lt;lambda&gt;15]" time="0.01635599136352539"></testcase><testcase classname="src.pymortests.vectorarray" file="src/pymortests/vectorarray.py" line="546" name="test_dot[compatible_vector_array_pair8-&lt;lambda&gt;16]" time="0.022166967391967773"></testcase><testcase classname="src.pymortests.vectorarray" file="src/pymortests/vectorarray.py" line="546" name="test_dot[compatible_vector_array_pair8-&lt;lambda&gt;17]" time="0.03380274772644043"></testcase><testcase classname="src.pymortests.vectorarray" file="src/pymortests/vectorarray.py" line="546" name="test_dot[compatible_vector_array_pair8-&lt;lambda&gt;18]" time="0.009018182754516602"></testcase><testcase classname="src.pymortests.vectorarray" file="src/pymortests/vectorarray.py" line="546" name="test_dot[compatible_vector_array_pair8-&lt;lambda&gt;19]" time="0.004973411560058594"></testcase><testcase classname="src.pymortests.vectorarray" file="src/pymortests/vectorarray.py" line="546" name="test_dot[compatible_vector_array_pair8-&lt;lambda&gt;20]" time="0.10293912887573242"></testcase><testcase classname="src.pymortests.vectorarray" file="src/pymortests/vectorarray.py" line="546" name="test_dot[compatible_vector_array_pair8-&lt;lambda&gt;21]" time="0.07948040962219238"></testcase><testcase classname="src.pymortests.vectorarray" file="src/pymortests/vectorarray.py" line="546" name="test_dot[compatible_vector_array_pair8-&lt;lambda&gt;22]" time="0.9222640991210938"></testcase><testcase classname="src.pymortests.vectorarray" file="src/pymortests/vectorarray.py" line="546" name="test_dot[compatible_vector_array_pair8-&lt;lambda&gt;23]" time="0.014707565307617188"></testcase><testcase classname="src.pymortests.vectorarray" file="src/pymortests/vectorarray.py" line="546" name="test_dot[compatible_vector_array_pair8-&lt;lambda&gt;24]" time="0.0043468475341796875"></testcase><testcase classname="src.pymortests.vectorarray" file="src/pymortests/vectorarray.py" line="546" name="test_dot[compatible_vector_array_pair8-&lt;lambda&gt;25]" time="0.00476837158203125"></testcase><testcase classname="src.pymortests.vectorarray" file="src/pymortests/vectorarray.py" line="546" name="test_dot[compatible_vector_array_pair8-&lt;lambda&gt;26]" time="0.0686349868774414"></testcase><testcase classname="src.pymortests.vectorarray" file="src/pymortests/vectorarray.py" line="546" name="test_dot[compatible_vector_array_pair8-&lt;lambda&gt;27]" time="0.10782361030578613"></testcase><testcase classname="src.pymortests.vectorarray" file="src/pymortests/vectorarray.py" line="546" name="test_dot[compatible_vector_array_pair8-&lt;lambda&gt;28]" time="0.7940850257873535"></testcase><testcase classname="src.pymortests.vectorarray" file="src/pymortests/vectorarray.py" line="546" name="test_dot[compatible_vector_array_pair8-&lt;lambda&gt;29]" time="0.01750636100769043"></testcase><testcase classname="src.pymortests.vectorarray" file="src/pymortests/vectorarray.py" line="561" name="test_dot_self[0-&lt;lambda&gt;0]" time="0.005755424499511719"></testcase><testcase classname="src.pymortests.vectorarray" file="src/pymortests/vectorarray.py" line="561" name="test_dot_self[0-&lt;lambda&gt;1]" time="0.004404783248901367"></testcase><testcase classname="src.pymortests.vectorarray" file="src/pymortests/vectorarray.py" line="561" name="test_dot_self[0-&lt;lambda&gt;2]" time="0.007848739624023438"></testcase><testcase classname="src.pymortests.vectorarray" file="src/pymortests/vectorarray.py" line="561" name="test_dot_self[0-&lt;lambda&gt;3]" time="0.014990568161010742"></testcase><testcase classname="src.pymortests.vectorarray" file="src/pymortests/vectorarray.py" line="561" name="test_dot_self[0-&lt;lambda&gt;4]" time="0.018717527389526367"></testcase><testcase classname="src.pymortests.vectorarray" file="src/pymortests/vectorarray.py" line="561" name="test_dot_self[0-&lt;lambda&gt;5]" time="0.005323171615600586"></testcase><testcase classname="src.pymortests.vectorarray" file="src/pymortests/vectorarray.py" line="561" name="test_dot_self[0-&lt;lambda&gt;6]" time="0.00393223762512207"></testcase><testcase classname="src.pymortests.vectorarray" file="src/pymortests/vectorarray.py" line="561" name="test_dot_self[0-&lt;lambda&gt;7]" time="0.016897916793823242"></testcase><testcase classname="src.pymortests.vectorarray" file="src/pymortests/vectorarray.py" line="561" name="test_dot_self[0-&lt;lambda&gt;8]" time="0.4401588439941406"></testcase><testcase classname="src.pymortests.vectorarray" file="src/pymortests/vectorarray.py" line="561" name="test_dot_self[0-&lt;lambda&gt;9]" time="2.272420644760132"></testcase><testcase classname="src.pymortests.vectorarray" file="src/pymortests/vectorarray.py" line="561" name="test_dot_self[0-&lt;lambda&gt;10]" time="0.007568359375"></testcase><testcase classname="src.pymortests.vectorarray" file="src/pymortests/vectorarray.py" line="561" name="test_dot_self[0-&lt;lambda&gt;11]" time="0.018253803253173828"></testcase><testcase classname="src.pymortests.vectorarray" file="src/pymortests/vectorarray.py" line="561" name="test_dot_self[0-&lt;lambda&gt;12]" time="0.01997089385986328"></testcase><testcase classname="src.pymortests.vectorarray" file="src/pymortests/vectorarray.py" line="561" name="test_dot_self[0-&lt;lambda&gt;13]" time="0.011744260787963867"></testcase><testcase classname="src.pymortests.vectorarray" file="src/pymortests/vectorarray.py" line="561" name="test_dot_self[0-&lt;lambda&gt;14]" time="0.01927971839904785"></testcase><testcase classname="src.pymortests.vectorarray" file="src/pymortests/vectorarray.py" line="561" name="test_dot_self[0-&lt;lambda&gt;15]" time="0.032750606536865234"></testcase><testcase classname="src.pymortests.vectorarray" file="src/pymortests/vectorarray.py" line="561" name="test_dot_self[0-&lt;lambda&gt;16]" time="0.044502973556518555"></testcase><testcase classname="src.pymortests.vectorarray" file="src/pymortests/vectorarray.py" line="561" name="test_dot_self[0-&lt;lambda&gt;17]" time="0.010574579238891602"></testcase><testcase classname="src.pymortests.vectorarray" file="src/pymortests/vectorarray.py" line="561" name="test_dot_self[0-&lt;lambda&gt;18]" time="0.01040029525756836"></testcase><testcase classname="src.pymortests.vectorarray" file="src/pymortests/vectorarray.py" line="561" name="test_dot_self[0-&lt;lambda&gt;19]" time="0.02275252342224121"></testcase><testcase classname="src.pymortests.vectorarray" file="src/pymortests/vectorarray.py" line="561" name="test_dot_self[0-&lt;lambda&gt;20]" time="0.4056437015533447"></testcase><testcase classname="src.pymortests.vectorarray" file="src/pymortests/vectorarray.py" line="561" name="test_dot_self[0-&lt;lambda&gt;21]" time="2.0465734004974365"></testcase><testcase classname="src.pymortests.vectorarray" file="src/pymortests/vectorarray.py" line="561" name="test_dot_self[0-&lt;lambda&gt;22]" time="0.005266666412353516"></testcase><testcase classname="src.pymortests.vectorarray" file="src/pymortests/vectorarray.py" line="561" name="test_dot_self[0-&lt;lambda&gt;23]" time="0.004194498062133789"></testcase><testcase classname="src.pymortests.vectorarray" file="src/pymortests/vectorarray.py" line="561" name="test_dot_self[0-&lt;lambda&gt;24]" time="0.013559341430664062"></testcase><testcase classname="src.pymortests.vectorarray" file="src/pymortests/vectorarray.py" line="561" name="test_dot_self[0-&lt;lambda&gt;25]" time="0.2841639518737793"></testcase><testcase classname="src.pymortests.vectorarray" file="src/pymortests/vectorarray.py" line="561" name="test_dot_self[0-&lt;lambda&gt;26]" time="1.3673653602600098"></testcase><testcase classname="src.pymortests.vectorarray" file="src/pymortests/vectorarray.py" line="561" name="test_dot_self[1-&lt;lambda&gt;0]" time="0.0050313472747802734"></testcase><testcase classname="src.pymortests.vectorarray" file="src/pymortests/vectorarray.py" line="561" name="test_dot_self[1-&lt;lambda&gt;1]" time="0.005084991455078125"></testcase><testcase classname="src.pymortests.vectorarray" file="src/pymortests/vectorarray.py" line="561" name="test_dot_self[1-&lt;lambda&gt;2]" time="0.008190155029296875"></testcase><testcase classname="src.pymortests.vectorarray" file="src/pymortests/vectorarray.py" line="561" name="test_dot_self[1-&lt;lambda&gt;3]" time="0.015361309051513672"></testcase><testcase classname="src.pymortests.vectorarray" file="src/pymortests/vectorarray.py" line="561" name="test_dot_self[1-&lt;lambda&gt;4]" time="0.019440174102783203"></testcase><testcase classname="src.pymortests.vectorarray" file="src/pymortests/vectorarray.py" line="561" name="test_dot_self[1-&lt;lambda&gt;5]" time="0.005031108856201172"></testcase><testcase classname="src.pymortests.vectorarray" file="src/pymortests/vectorarray.py" line="561" name="test_dot_self[1-&lt;lambda&gt;6]" time="0.0037963390350341797"></testcase><testcase classname="src.pymortests.vectorarray" file="src/pymortests/vectorarray.py" line="561" name="test_dot_self[1-&lt;lambda&gt;7]" time="0.01637864112854004"></testcase><testcase classname="src.pymortests.vectorarray" file="src/pymortests/vectorarray.py" line="561" name="test_dot_self[1-&lt;lambda&gt;8]" time="0.43987321853637695"></testcase><testcase classname="src.pymortests.vectorarray" file="src/pymortests/vectorarray.py" line="561" name="test_dot_self[1-&lt;lambda&gt;9]" time="2.1621875762939453"></testcase><testcase classname="src.pymortests.vectorarray" file="src/pymortests/vectorarray.py" line="561" name="test_dot_self[1-&lt;lambda&gt;10]" time="0.006803035736083984"></testcase><testcase classname="src.pymortests.vectorarray" file="src/pymortests/vectorarray.py" line="561" name="test_dot_self[1-&lt;lambda&gt;11]" time="0.016174793243408203"></testcase><testcase classname="src.pymortests.vectorarray" file="src/pymortests/vectorarray.py" line="561" name="test_dot_self[1-&lt;lambda&gt;12]" time="0.01710343360900879"></testcase><testcase classname="src.pymortests.vectorarray" file="src/pymortests/vectorarray.py" line="561" name="test_dot_self[1-&lt;lambda&gt;13]" time="0.010993242263793945"></testcase><testcase classname="src.pymortests.vectorarray" file="src/pymortests/vectorarray.py" line="561" name="test_dot_self[1-&lt;lambda&gt;14]" time="0.016832351684570312"></testcase><testcase classname="src.pymortests.vectorarray" file="src/pymortests/vectorarray.py" line="561" name="test_dot_self[1-&lt;lambda&gt;15]" time="0.030935287475585938"></testcase><testcase classname="src.pymortests.vectorarray" file="src/pymortests/vectorarray.py" line="561" name="test_dot_self[1-&lt;lambda&gt;16]" time="0.0395503044128418"></testcase><testcase classname="src.pymortests.vectorarray" file="src/pymortests/vectorarray.py" line="561" name="test_dot_self[1-&lt;lambda&gt;17]" time="0.00885915756225586"></testcase><testcase classname="src.pymortests.vectorarray" file="src/pymortests/vectorarray.py" line="561" name="test_dot_self[1-&lt;lambda&gt;18]" time="0.007458209991455078"></testcase><testcase classname="src.pymortests.vectorarray" file="src/pymortests/vectorarray.py" line="561" name="test_dot_self[1-&lt;lambda&gt;19]" time="0.019585609436035156"></testcase><testcase classname="src.pymortests.vectorarray" file="src/pymortests/vectorarray.py" line="561" name="test_dot_self[1-&lt;lambda&gt;20]" time="0.3755364418029785"></testcase><testcase classname="src.pymortests.vectorarray" file="src/pymortests/vectorarray.py" line="561" name="test_dot_self[1-&lt;lambda&gt;21]" time="1.9080462455749512"></testcase><testcase classname="src.pymortests.vectorarray" file="src/pymortests/vectorarray.py" line="561" name="test_dot_self[1-&lt;lambda&gt;22]" time="0.0046842098236083984"></testcase><testcase classname="src.pymortests.vectorarray" file="src/pymortests/vectorarray.py" line="561" name="test_dot_self[1-&lt;lambda&gt;23]" time="0.0038034915924072266"></testcase><testcase classname="src.pymortests.vectorarray" file="src/pymortests/vectorarray.py" line="561" name="test_dot_self[1-&lt;lambda&gt;24]" time="0.013869762420654297"></testcase><testcase classname="src.pymortests.vectorarray" file="src/pymortests/vectorarray.py" line="561" name="test_dot_self[1-&lt;lambda&gt;25]" time="0.2940335273742676"></testcase><testcase classname="src.pymortests.vectorarray" file="src/pymortests/vectorarray.py" line="561" name="test_dot_self[1-&lt;lambda&gt;26]" time="1.3491084575653076"></testcase><testcase classname="src.pymortests.vectorarray" file="src/pymortests/vectorarray.py" line="561" name="test_dot_self[2-&lt;lambda&gt;0]" time="0.004573345184326172"></testcase><testcase classname="src.pymortests.vectorarray" file="src/pymortests/vectorarray.py" line="561" name="test_dot_self[2-&lt;lambda&gt;1]" time="0.003730297088623047"></testcase><testcase classname="src.pymortests.vectorarray" file="src/pymortests/vectorarray.py" line="561" name="test_dot_self[2-&lt;lambda&gt;2]" time="0.007189512252807617"></testcase><testcase classname="src.pymortests.vectorarray" file="src/pymortests/vectorarray.py" line="561" name="test_dot_self[2-&lt;lambda&gt;3]" time="0.013575315475463867"></testcase><testcase classname="src.pymortests.vectorarray" file="src/pymortests/vectorarray.py" line="561" name="test_dot_self[2-&lt;lambda&gt;4]" time="0.017217636108398438"></testcase><testcase classname="src.pymortests.vectorarray" file="src/pymortests/vectorarray.py" line="561" name="test_dot_self[2-&lt;lambda&gt;5]" time="0.004656076431274414"></testcase><testcase classname="src.pymortests.vectorarray" file="src/pymortests/vectorarray.py" line="561" name="test_dot_self[2-&lt;lambda&gt;6]" time="0.0034990310668945312"></testcase><testcase classname="src.pymortests.vectorarray" file="src/pymortests/vectorarray.py" line="561" name="test_dot_self[2-&lt;lambda&gt;7]" time="0.015175342559814453"></testcase><testcase classname="src.pymortests.vectorarray" file="src/pymortests/vectorarray.py" line="561" name="test_dot_self[2-&lt;lambda&gt;8]" time="0.4199552536010742"></testcase><testcase classname="src.pymortests.vectorarray" file="src/pymortests/vectorarray.py" line="561" name="test_dot_self[2-&lt;lambda&gt;9]" time="2.803291082382202"></testcase><testcase classname="src.pymortests.vectorarray" file="src/pymortests/vectorarray.py" line="561" name="test_dot_self[2-&lt;lambda&gt;10]" time="0.007108211517333984"></testcase><testcase classname="src.pymortests.vectorarray" file="src/pymortests/vectorarray.py" line="561" name="test_dot_self[2-&lt;lambda&gt;11]" time="0.016602754592895508"></testcase><testcase classname="src.pymortests.vectorarray" file="src/pymortests/vectorarray.py" line="561" name="test_dot_self[2-&lt;lambda&gt;12]" time="0.017670154571533203"></testcase><testcase classname="src.pymortests.vectorarray" file="src/pymortests/vectorarray.py" line="561" name="test_dot_self[2-&lt;lambda&gt;13]" time="0.011384963989257812"></testcase><testcase classname="src.pymortests.vectorarray" file="src/pymortests/vectorarray.py" line="561" name="test_dot_self[2-&lt;lambda&gt;14]" time="0.017774343490600586"></testcase><testcase classname="src.pymortests.vectorarray" file="src/pymortests/vectorarray.py" line="561" name="test_dot_self[2-&lt;lambda&gt;15]" time="0.030422449111938477"></testcase><testcase classname="src.pymortests.vectorarray" file="src/pymortests/vectorarray.py" line="561" name="test_dot_self[2-&lt;lambda&gt;16]" time="0.040701866149902344"></testcase><testcase classname="src.pymortests.vectorarray" file="src/pymortests/vectorarray.py" line="561" name="test_dot_self[2-&lt;lambda&gt;17]" time="0.00940704345703125"></testcase><testcase classname="src.pymortests.vectorarray" file="src/pymortests/vectorarray.py" line="561" name="test_dot_self[2-&lt;lambda&gt;18]" time="0.00912022590637207"></testcase><testcase classname="src.pymortests.vectorarray" file="src/pymortests/vectorarray.py" line="561" name="test_dot_self[2-&lt;lambda&gt;19]" time="0.02044367790222168"></testcase><testcase classname="src.pymortests.vectorarray" file="src/pymortests/vectorarray.py" line="561" name="test_dot_self[2-&lt;lambda&gt;20]" time="0.38067102432250977"></testcase><testcase classname="src.pymortests.vectorarray" file="src/pymortests/vectorarray.py" line="561" name="test_dot_self[2-&lt;lambda&gt;21]" time="1.9472575187683105"></testcase><testcase classname="src.pymortests.vectorarray" file="src/pymortests/vectorarray.py" line="561" name="test_dot_self[2-&lt;lambda&gt;22]" time="0.0044553279876708984"></testcase><testcase classname="src.pymortests.vectorarray" file="src/pymortests/vectorarray.py" line="561" name="test_dot_self[2-&lt;lambda&gt;23]" time="0.0037751197814941406"></testcase><testcase classname="src.pymortests.vectorarray" file="src/pymortests/vectorarray.py" line="561" name="test_dot_self[2-&lt;lambda&gt;24]" time="0.013216257095336914"></testcase><testcase classname="src.pymortests.vectorarray" file="src/pymortests/vectorarray.py" line="561" name="test_dot_self[2-&lt;lambda&gt;25]" time="0.2913360595703125"></testcase><testcase classname="src.pymortests.vectorarray" file="src/pymortests/vectorarray.py" line="561" name="test_dot_self[2-&lt;lambda&gt;26]" time="1.3449220657348633"></testcase><testcase classname="src.pymortests.vectorarray" file="src/pymortests/vectorarray.py" line="579" name="test_lincomb_1d[0-&lt;lambda&gt;0]" time="0.0033266544342041016"></testcase><testcase classname="src.pymortests.vectorarray" file="src/pymortests/vectorarray.py" line="579" name="test_lincomb_1d[0-&lt;lambda&gt;1]" time="0.002634763717651367"></testcase><testcase classname="src.pymortests.vectorarray" file="src/pymortests/vectorarray.py" line="579" name="test_lincomb_1d[0-&lt;lambda&gt;2]" time="0.0038590431213378906"></testcase><testcase classname="src.pymortests.vectorarray" file="src/pymortests/vectorarray.py" line="579" name="test_lincomb_1d[0-&lt;lambda&gt;3]" time="0.011004447937011719"></testcase><testcase classname="src.pymortests.vectorarray" file="src/pymortests/vectorarray.py" line="579" name="test_lincomb_1d[0-&lt;lambda&gt;4]" time="0.019158124923706055"></testcase><testcase classname="src.pymortests.vectorarray" file="src/pymortests/vectorarray.py" line="579" name="test_lincomb_1d[0-&lt;lambda&gt;5]" time="0.004114866256713867"></testcase><testcase classname="src.pymortests.vectorarray" file="src/pymortests/vectorarray.py" line="579" name="test_lincomb_1d[0-&lt;lambda&gt;6]" time="0.002878904342651367"></testcase><testcase classname="src.pymortests.vectorarray" file="src/pymortests/vectorarray.py" line="579" name="test_lincomb_1d[0-&lt;lambda&gt;7]" time="0.005126953125"></testcase><testcase classname="src.pymortests.vectorarray" file="src/pymortests/vectorarray.py" line="579" name="test_lincomb_1d[0-&lt;lambda&gt;8]" time="0.017658233642578125"></testcase><testcase classname="src.pymortests.vectorarray" file="src/pymortests/vectorarray.py" line="579" name="test_lincomb_1d[0-&lt;lambda&gt;9]" time="0.034099578857421875"></testcase><testcase classname="src.pymortests.vectorarray" file="src/pymortests/vectorarray.py" line="579" name="test_lincomb_1d[0-&lt;lambda&gt;10]" time="0.00562286376953125"></testcase><testcase classname="src.pymortests.vectorarray" file="src/pymortests/vectorarray.py" line="579" name="test_lincomb_1d[0-&lt;lambda&gt;11]" time="0.008590936660766602"></testcase><testcase classname="src.pymortests.vectorarray" file="src/pymortests/vectorarray.py" line="579" name="test_lincomb_1d[0-&lt;lambda&gt;12]" time="0.008234500885009766"></testcase><testcase classname="src.pymortests.vectorarray" file="src/pymortests/vectorarray.py" line="579" name="test_lincomb_1d[0-&lt;lambda&gt;13]" time="0.005543947219848633"></testcase><testcase classname="src.pymortests.vectorarray" file="src/pymortests/vectorarray.py" line="579" name="test_lincomb_1d[0-&lt;lambda&gt;14]" time="0.008438825607299805"></testcase><testcase classname="src.pymortests.vectorarray" file="src/pymortests/vectorarray.py" line="579" name="test_lincomb_1d[0-&lt;lambda&gt;15]" time="0.034539222717285156"></testcase><testcase classname="src.pymortests.vectorarray" file="src/pymortests/vectorarray.py" line="579" name="test_lincomb_1d[0-&lt;lambda&gt;16]" time="0.06930971145629883"></testcase><testcase classname="src.pymortests.vectorarray" file="src/pymortests/vectorarray.py" line="579" name="test_lincomb_1d[0-&lt;lambda&gt;17]" time="0.008732318878173828"></testcase><testcase classname="src.pymortests.vectorarray" file="src/pymortests/vectorarray.py" line="579" name="test_lincomb_1d[0-&lt;lambda&gt;18]" time="0.007952213287353516"></testcase><testcase classname="src.pymortests.vectorarray" file="src/pymortests/vectorarray.py" line="579" name="test_lincomb_1d[0-&lt;lambda&gt;19]" time="0.022432327270507812"></testcase><testcase classname="src.pymortests.vectorarray" file="src/pymortests/vectorarray.py" line="579" name="test_lincomb_1d[0-&lt;lambda&gt;20]" time="0.03992748260498047"></testcase><testcase classname="src.pymortests.vectorarray" file="src/pymortests/vectorarray.py" line="579" name="test_lincomb_1d[0-&lt;lambda&gt;21]" time="0.07287812232971191"></testcase><testcase classname="src.pymortests.vectorarray" file="src/pymortests/vectorarray.py" line="579" name="test_lincomb_1d[0-&lt;lambda&gt;22]" time="0.02489781379699707"></testcase><testcase classname="src.pymortests.vectorarray" file="src/pymortests/vectorarray.py" line="579" name="test_lincomb_1d[0-&lt;lambda&gt;23]" time="0.02429032325744629"></testcase><testcase classname="src.pymortests.vectorarray" file="src/pymortests/vectorarray.py" line="579" name="test_lincomb_1d[0-&lt;lambda&gt;24]" time="0.03132486343383789"></testcase><testcase classname="src.pymortests.vectorarray" file="src/pymortests/vectorarray.py" line="579" name="test_lincomb_1d[0-&lt;lambda&gt;25]" time="0.0743556022644043"></testcase><testcase classname="src.pymortests.vectorarray" file="src/pymortests/vectorarray.py" line="579" name="test_lincomb_1d[0-&lt;lambda&gt;26]" time="0.13271212577819824"></testcase><testcase classname="src.pymortests.vectorarray" file="src/pymortests/vectorarray.py" line="579" name="test_lincomb_1d[1-&lt;lambda&gt;0]" time="0.003697633743286133"></testcase><testcase classname="src.pymortests.vectorarray" file="src/pymortests/vectorarray.py" line="579" name="test_lincomb_1d[1-&lt;lambda&gt;1]" time="0.002760171890258789"></testcase><testcase classname="src.pymortests.vectorarray" file="src/pymortests/vectorarray.py" line="579" name="test_lincomb_1d[1-&lt;lambda&gt;2]" time="0.003988981246948242"></testcase><testcase classname="src.pymortests.vectorarray" file="src/pymortests/vectorarray.py" line="579" name="test_lincomb_1d[1-&lt;lambda&gt;3]" time="0.010840654373168945"></testcase><testcase classname="src.pymortests.vectorarray" file="src/pymortests/vectorarray.py" line="579" name="test_lincomb_1d[1-&lt;lambda&gt;4]" time="0.021073579788208008"></testcase><testcase classname="src.pymortests.vectorarray" file="src/pymortests/vectorarray.py" line="579" name="test_lincomb_1d[1-&lt;lambda&gt;5]" time="0.003987550735473633"></testcase><testcase classname="src.pymortests.vectorarray" file="src/pymortests/vectorarray.py" line="579" name="test_lincomb_1d[1-&lt;lambda&gt;6]" time="0.0029451847076416016"></testcase><testcase classname="src.pymortests.vectorarray" file="src/pymortests/vectorarray.py" line="579" name="test_lincomb_1d[1-&lt;lambda&gt;7]" time="0.0049228668212890625"></testcase><testcase classname="src.pymortests.vectorarray" file="src/pymortests/vectorarray.py" line="579" name="test_lincomb_1d[1-&lt;lambda&gt;8]" time="0.01777029037475586"></testcase><testcase classname="src.pymortests.vectorarray" file="src/pymortests/vectorarray.py" line="579" name="test_lincomb_1d[1-&lt;lambda&gt;9]" time="0.03471231460571289"></testcase><testcase classname="src.pymortests.vectorarray" file="src/pymortests/vectorarray.py" line="579" name="test_lincomb_1d[1-&lt;lambda&gt;10]" time="0.0056345462799072266"></testcase><testcase classname="src.pymortests.vectorarray" file="src/pymortests/vectorarray.py" line="579" name="test_lincomb_1d[1-&lt;lambda&gt;11]" time="0.008594036102294922"></testcase><testcase classname="src.pymortests.vectorarray" file="src/pymortests/vectorarray.py" line="579" name="test_lincomb_1d[1-&lt;lambda&gt;12]" time="0.008022785186767578"></testcase><testcase classname="src.pymortests.vectorarray" file="src/pymortests/vectorarray.py" line="579" name="test_lincomb_1d[1-&lt;lambda&gt;13]" time="0.005760908126831055"></testcase><testcase classname="src.pymortests.vectorarray" file="src/pymortests/vectorarray.py" line="579" name="test_lincomb_1d[1-&lt;lambda&gt;14]" time="0.008295774459838867"></testcase><testcase classname="src.pymortests.vectorarray" file="src/pymortests/vectorarray.py" line="579" name="test_lincomb_1d[1-&lt;lambda&gt;15]" time="0.034754037857055664"></testcase><testcase classname="src.pymortests.vectorarray" file="src/pymortests/vectorarray.py" line="579" name="test_lincomb_1d[1-&lt;lambda&gt;16]" time="0.07011580467224121"></testcase><testcase classname="src.pymortests.vectorarray" file="src/pymortests/vectorarray.py" line="579" name="test_lincomb_1d[1-&lt;lambda&gt;17]" time="0.009105682373046875"></testcase><testcase classname="src.pymortests.vectorarray" file="src/pymortests/vectorarray.py" line="579" name="test_lincomb_1d[1-&lt;lambda&gt;18]" time="0.008877992630004883"></testcase><testcase classname="src.pymortests.vectorarray" file="src/pymortests/vectorarray.py" line="579" name="test_lincomb_1d[1-&lt;lambda&gt;19]" time="0.02365589141845703"></testcase><testcase classname="src.pymortests.vectorarray" file="src/pymortests/vectorarray.py" line="579" name="test_lincomb_1d[1-&lt;lambda&gt;20]" time="0.03911614418029785"></testcase><testcase classname="src.pymortests.vectorarray" file="src/pymortests/vectorarray.py" line="579" name="test_lincomb_1d[1-&lt;lambda&gt;21]" time="0.07340168952941895"></testcase><testcase classname="src.pymortests.vectorarray" file="src/pymortests/vectorarray.py" line="579" name="test_lincomb_1d[1-&lt;lambda&gt;22]" time="0.02510857582092285"></testcase><testcase classname="src.pymortests.vectorarray" file="src/pymortests/vectorarray.py" line="579" name="test_lincomb_1d[1-&lt;lambda&gt;23]" time="0.024869441986083984"></testcase><testcase classname="src.pymortests.vectorarray" file="src/pymortests/vectorarray.py" line="579" name="test_lincomb_1d[1-&lt;lambda&gt;24]" time="0.031165361404418945"></testcase><testcase classname="src.pymortests.vectorarray" file="src/pymortests/vectorarray.py" line="579" name="test_lincomb_1d[1-&lt;lambda&gt;25]" time="0.07428455352783203"></testcase><testcase classname="src.pymortests.vectorarray" file="src/pymortests/vectorarray.py" line="579" name="test_lincomb_1d[1-&lt;lambda&gt;26]" time="0.13357090950012207"></testcase><testcase classname="src.pymortests.vectorarray" file="src/pymortests/vectorarray.py" line="579" name="test_lincomb_1d[2-&lt;lambda&gt;0]" time="0.0035343170166015625"></testcase><testcase classname="src.pymortests.vectorarray" file="src/pymortests/vectorarray.py" line="579" name="test_lincomb_1d[2-&lt;lambda&gt;1]" time="0.002719402313232422"></testcase><testcase classname="src.pymortests.vectorarray" file="src/pymortests/vectorarray.py" line="579" name="test_lincomb_1d[2-&lt;lambda&gt;2]" time="0.003865480422973633"></testcase><testcase classname="src.pymortests.vectorarray" file="src/pymortests/vectorarray.py" line="579" name="test_lincomb_1d[2-&lt;lambda&gt;3]" time="0.01094818115234375"></testcase><testcase classname="src.pymortests.vectorarray" file="src/pymortests/vectorarray.py" line="579" name="test_lincomb_1d[2-&lt;lambda&gt;4]" time="0.019070148468017578"></testcase><testcase classname="src.pymortests.vectorarray" file="src/pymortests/vectorarray.py" line="579" name="test_lincomb_1d[2-&lt;lambda&gt;5]" time="0.0041120052337646484"></testcase><testcase classname="src.pymortests.vectorarray" file="src/pymortests/vectorarray.py" line="579" name="test_lincomb_1d[2-&lt;lambda&gt;6]" time="0.0029947757720947266"></testcase><testcase classname="src.pymortests.vectorarray" file="src/pymortests/vectorarray.py" line="579" name="test_lincomb_1d[2-&lt;lambda&gt;7]" time="0.0050961971282958984"></testcase><testcase classname="src.pymortests.vectorarray" file="src/pymortests/vectorarray.py" line="579" name="test_lincomb_1d[2-&lt;lambda&gt;8]" time="0.01900172233581543"></testcase><testcase classname="src.pymortests.vectorarray" file="src/pymortests/vectorarray.py" line="579" name="test_lincomb_1d[2-&lt;lambda&gt;9]" time="0.03581643104553223"></testcase><testcase classname="src.pymortests.vectorarray" file="src/pymortests/vectorarray.py" line="579" name="test_lincomb_1d[2-&lt;lambda&gt;10]" time="0.0054361820220947266"></testcase><testcase classname="src.pymortests.vectorarray" file="src/pymortests/vectorarray.py" line="579" name="test_lincomb_1d[2-&lt;lambda&gt;11]" time="0.008787870407104492"></testcase><testcase classname="src.pymortests.vectorarray" file="src/pymortests/vectorarray.py" line="579" name="test_lincomb_1d[2-&lt;lambda&gt;12]" time="0.008165121078491211"></testcase><testcase classname="src.pymortests.vectorarray" file="src/pymortests/vectorarray.py" line="579" name="test_lincomb_1d[2-&lt;lambda&gt;13]" time="0.005738735198974609"></testcase><testcase classname="src.pymortests.vectorarray" file="src/pymortests/vectorarray.py" line="579" name="test_lincomb_1d[2-&lt;lambda&gt;14]" time="0.00848841667175293"></testcase><testcase classname="src.pymortests.vectorarray" file="src/pymortests/vectorarray.py" line="579" name="test_lincomb_1d[2-&lt;lambda&gt;15]" time="0.03480172157287598"></testcase><testcase classname="src.pymortests.vectorarray" file="src/pymortests/vectorarray.py" line="579" name="test_lincomb_1d[2-&lt;lambda&gt;16]" time="0.06966114044189453"></testcase><testcase classname="src.pymortests.vectorarray" file="src/pymortests/vectorarray.py" line="579" name="test_lincomb_1d[2-&lt;lambda&gt;17]" time="0.00906682014465332"></testcase><testcase classname="src.pymortests.vectorarray" file="src/pymortests/vectorarray.py" line="579" name="test_lincomb_1d[2-&lt;lambda&gt;18]" time="0.008725166320800781"></testcase><testcase classname="src.pymortests.vectorarray" file="src/pymortests/vectorarray.py" line="579" name="test_lincomb_1d[2-&lt;lambda&gt;19]" time="0.02312946319580078"></testcase><testcase classname="src.pymortests.vectorarray" file="src/pymortests/vectorarray.py" line="579" name="test_lincomb_1d[2-&lt;lambda&gt;20]" time="0.03845357894897461"></testcase><testcase classname="src.pymortests.vectorarray" file="src/pymortests/vectorarray.py" line="579" name="test_lincomb_1d[2-&lt;lambda&gt;21]" time="0.07346987724304199"></testcase><testcase classname="src.pymortests.vectorarray" file="src/pymortests/vectorarray.py" line="579" name="test_lincomb_1d[2-&lt;lambda&gt;22]" time="0.024276018142700195"></testcase><testcase classname="src.pymortests.vectorarray" file="src/pymortests/vectorarray.py" line="579" name="test_lincomb_1d[2-&lt;lambda&gt;23]" time="0.025127410888671875"></testcase><testcase classname="src.pymortests.vectorarray" file="src/pymortests/vectorarray.py" line="579" name="test_lincomb_1d[2-&lt;lambda&gt;24]" time="0.031804561614990234"></testcase><testcase classname="src.pymortests.vectorarray" file="src/pymortests/vectorarray.py" line="579" name="test_lincomb_1d[2-&lt;lambda&gt;25]" time="0.0741727352142334"></testcase><testcase classname="src.pymortests.vectorarray" file="src/pymortests/vectorarray.py" line="579" name="test_lincomb_1d[2-&lt;lambda&gt;26]" time="0.13075971603393555"></testcase><testcase classname="src.pymortests.vectorarray" file="src/pymortests/vectorarray.py" line="593" name="test_lincomb_2d[0-&lt;lambda&gt;0]" time="0.007152080535888672"></testcase><testcase classname="src.pymortests.vectorarray" file="src/pymortests/vectorarray.py" line="593" name="test_lincomb_2d[0-&lt;lambda&gt;1]" time="0.006394624710083008"></testcase><testcase classname="src.pymortests.vectorarray" file="src/pymortests/vectorarray.py" line="593" name="test_lincomb_2d[0-&lt;lambda&gt;2]" time="0.008173942565917969"></testcase><testcase classname="src.pymortests.vectorarray" file="src/pymortests/vectorarray.py" line="593" name="test_lincomb_2d[0-&lt;lambda&gt;3]" time="0.00977468490600586"></testcase><testcase classname="src.pymortests.vectorarray" file="src/pymortests/vectorarray.py" line="593" name="test_lincomb_2d[0-&lt;lambda&gt;4]" time="0.010106325149536133"></testcase><testcase classname="src.pymortests.vectorarray" file="src/pymortests/vectorarray.py" line="593" name="test_lincomb_2d[0-&lt;lambda&gt;5]" time="0.00841522216796875"></testcase><testcase classname="src.pymortests.vectorarray" file="src/pymortests/vectorarray.py" line="593" name="test_lincomb_2d[0-&lt;lambda&gt;6]" time="0.008316993713378906"></testcase><testcase classname="src.pymortests.vectorarray" file="src/pymortests/vectorarray.py" line="593" name="test_lincomb_2d[0-&lt;lambda&gt;7]" time="0.014176368713378906"></testcase><testcase classname="src.pymortests.vectorarray" file="src/pymortests/vectorarray.py" line="593" name="test_lincomb_2d[0-&lt;lambda&gt;8]" time="0.04468965530395508"></testcase><testcase classname="src.pymortests.vectorarray" file="src/pymortests/vectorarray.py" line="593" name="test_lincomb_2d[0-&lt;lambda&gt;9]" time="0.08178305625915527"></testcase><testcase classname="src.pymortests.vectorarray" file="src/pymortests/vectorarray.py" line="593" name="test_lincomb_2d[0-&lt;lambda&gt;10]" time="0.015512943267822266"></testcase><testcase classname="src.pymortests.vectorarray" file="src/pymortests/vectorarray.py" line="593" name="test_lincomb_2d[0-&lt;lambda&gt;11]" time="0.01871514320373535"></testcase><testcase classname="src.pymortests.vectorarray" file="src/pymortests/vectorarray.py" line="593" name="test_lincomb_2d[0-&lt;lambda&gt;12]" time="0.01800394058227539"></testcase><testcase classname="src.pymortests.vectorarray" file="src/pymortests/vectorarray.py" line="593" name="test_lincomb_2d[0-&lt;lambda&gt;13]" time="0.013932943344116211"></testcase><testcase classname="src.pymortests.vectorarray" file="src/pymortests/vectorarray.py" line="593" name="test_lincomb_2d[0-&lt;lambda&gt;14]" time="0.019953250885009766"></testcase><testcase classname="src.pymortests.vectorarray" file="src/pymortests/vectorarray.py" line="593" name="test_lincomb_2d[0-&lt;lambda&gt;15]" time="0.028679609298706055"></testcase><testcase classname="src.pymortests.vectorarray" file="src/pymortests/vectorarray.py" line="593" name="test_lincomb_2d[0-&lt;lambda&gt;16]" time="0.03184700012207031"></testcase><testcase classname="src.pymortests.vectorarray" file="src/pymortests/vectorarray.py" line="593" name="test_lincomb_2d[0-&lt;lambda&gt;17]" time="0.031157255172729492"></testcase><testcase classname="src.pymortests.vectorarray" file="src/pymortests/vectorarray.py" line="593" name="test_lincomb_2d[0-&lt;lambda&gt;18]" time="0.03325605392456055"></testcase><testcase classname="src.pymortests.vectorarray" file="src/pymortests/vectorarray.py" line="593" name="test_lincomb_2d[0-&lt;lambda&gt;19]" time="0.10470056533813477"></testcase><testcase classname="src.pymortests.vectorarray" file="src/pymortests/vectorarray.py" line="593" name="test_lincomb_2d[0-&lt;lambda&gt;20]" time="0.09660792350769043"></testcase><testcase classname="src.pymortests.vectorarray" file="src/pymortests/vectorarray.py" line="593" name="test_lincomb_2d[0-&lt;lambda&gt;21]" time="0.15468978881835938"></testcase><testcase classname="src.pymortests.vectorarray" file="src/pymortests/vectorarray.py" line="593" name="test_lincomb_2d[0-&lt;lambda&gt;22]" time="0.12453675270080566"></testcase><testcase classname="src.pymortests.vectorarray" file="src/pymortests/vectorarray.py" line="593" name="test_lincomb_2d[0-&lt;lambda&gt;23]" time="0.12366747856140137"></testcase><testcase classname="src.pymortests.vectorarray" file="src/pymortests/vectorarray.py" line="593" name="test_lincomb_2d[0-&lt;lambda&gt;24]" time="0.15377378463745117"></testcase><testcase classname="src.pymortests.vectorarray" file="src/pymortests/vectorarray.py" line="593" name="test_lincomb_2d[0-&lt;lambda&gt;25]" time="0.2532327175140381"></testcase><testcase classname="src.pymortests.vectorarray" file="src/pymortests/vectorarray.py" line="593" name="test_lincomb_2d[0-&lt;lambda&gt;26]" time="0.39128756523132324"></testcase><testcase classname="src.pymortests.vectorarray" file="src/pymortests/vectorarray.py" line="593" name="test_lincomb_2d[1-&lt;lambda&gt;0]" time="0.00740361213684082"></testcase><testcase classname="src.pymortests.vectorarray" file="src/pymortests/vectorarray.py" line="593" name="test_lincomb_2d[1-&lt;lambda&gt;1]" time="0.006549835205078125"></testcase><testcase classname="src.pymortests.vectorarray" file="src/pymortests/vectorarray.py" line="593" name="test_lincomb_2d[1-&lt;lambda&gt;2]" time="0.008274316787719727"></testcase><testcase classname="src.pymortests.vectorarray" file="src/pymortests/vectorarray.py" line="593" name="test_lincomb_2d[1-&lt;lambda&gt;3]" time="0.009865045547485352"></testcase><testcase classname="src.pymortests.vectorarray" file="src/pymortests/vectorarray.py" line="593" name="test_lincomb_2d[1-&lt;lambda&gt;4]" time="0.01034092903137207"></testcase><testcase classname="src.pymortests.vectorarray" file="src/pymortests/vectorarray.py" line="593" name="test_lincomb_2d[1-&lt;lambda&gt;5]" time="0.008572101593017578"></testcase><testcase classname="src.pymortests.vectorarray" file="src/pymortests/vectorarray.py" line="593" name="test_lincomb_2d[1-&lt;lambda&gt;6]" time="0.008520364761352539"></testcase><testcase classname="src.pymortests.vectorarray" file="src/pymortests/vectorarray.py" line="593" name="test_lincomb_2d[1-&lt;lambda&gt;7]" time="0.013947725296020508"></testcase><testcase classname="src.pymortests.vectorarray" file="src/pymortests/vectorarray.py" line="593" name="test_lincomb_2d[1-&lt;lambda&gt;8]" time="0.04487895965576172"></testcase><testcase classname="src.pymortests.vectorarray" file="src/pymortests/vectorarray.py" line="593" name="test_lincomb_2d[1-&lt;lambda&gt;9]" time="0.08211278915405273"></testcase><testcase classname="src.pymortests.vectorarray" file="src/pymortests/vectorarray.py" line="593" name="test_lincomb_2d[1-&lt;lambda&gt;10]" time="0.01579570770263672"></testcase><testcase classname="src.pymortests.vectorarray" file="src/pymortests/vectorarray.py" line="593" name="test_lincomb_2d[1-&lt;lambda&gt;11]" time="0.018796920776367188"></testcase><testcase classname="src.pymortests.vectorarray" file="src/pymortests/vectorarray.py" line="593" name="test_lincomb_2d[1-&lt;lambda&gt;12]" time="0.018179655075073242"></testcase><testcase classname="src.pymortests.vectorarray" file="src/pymortests/vectorarray.py" line="593" name="test_lincomb_2d[1-&lt;lambda&gt;13]" time="0.013957023620605469"></testcase><testcase classname="src.pymortests.vectorarray" file="src/pymortests/vectorarray.py" line="593" name="test_lincomb_2d[1-&lt;lambda&gt;14]" time="0.019326210021972656"></testcase><testcase classname="src.pymortests.vectorarray" file="src/pymortests/vectorarray.py" line="593" name="test_lincomb_2d[1-&lt;lambda&gt;15]" time="0.028826236724853516"></testcase><testcase classname="src.pymortests.vectorarray" file="src/pymortests/vectorarray.py" line="593" name="test_lincomb_2d[1-&lt;lambda&gt;16]" time="0.0319676399230957"></testcase><testcase classname="src.pymortests.vectorarray" file="src/pymortests/vectorarray.py" line="593" name="test_lincomb_2d[1-&lt;lambda&gt;17]" time="0.03126835823059082"></testcase><testcase classname="src.pymortests.vectorarray" file="src/pymortests/vectorarray.py" line="593" name="test_lincomb_2d[1-&lt;lambda&gt;18]" time="0.033673763275146484"></testcase><testcase classname="src.pymortests.vectorarray" file="src/pymortests/vectorarray.py" line="593" name="test_lincomb_2d[1-&lt;lambda&gt;19]" time="0.10727143287658691"></testcase><testcase classname="src.pymortests.vectorarray" file="src/pymortests/vectorarray.py" line="593" name="test_lincomb_2d[1-&lt;lambda&gt;20]" time="0.09447622299194336"></testcase><testcase classname="src.pymortests.vectorarray" file="src/pymortests/vectorarray.py" line="593" name="test_lincomb_2d[1-&lt;lambda&gt;21]" time="0.15723085403442383"></testcase><testcase classname="src.pymortests.vectorarray" file="src/pymortests/vectorarray.py" line="593" name="test_lincomb_2d[1-&lt;lambda&gt;22]" time="0.12466144561767578"></testcase><testcase classname="src.pymortests.vectorarray" file="src/pymortests/vectorarray.py" line="593" name="test_lincomb_2d[1-&lt;lambda&gt;23]" time="0.12606477737426758"></testcase><testcase classname="src.pymortests.vectorarray" file="src/pymortests/vectorarray.py" line="593" name="test_lincomb_2d[1-&lt;lambda&gt;24]" time="0.15710854530334473"></testcase><testcase classname="src.pymortests.vectorarray" file="src/pymortests/vectorarray.py" line="593" name="test_lincomb_2d[1-&lt;lambda&gt;25]" time="0.2506825923919678"></testcase><testcase classname="src.pymortests.vectorarray" file="src/pymortests/vectorarray.py" line="593" name="test_lincomb_2d[1-&lt;lambda&gt;26]" time="0.3904266357421875"></testcase><testcase classname="src.pymortests.vectorarray" file="src/pymortests/vectorarray.py" line="593" name="test_lincomb_2d[2-&lt;lambda&gt;0]" time="0.0072994232177734375"></testcase><testcase classname="src.pymortests.vectorarray" file="src/pymortests/vectorarray.py" line="593" name="test_lincomb_2d[2-&lt;lambda&gt;1]" time="0.006551980972290039"></testcase><testcase classname="src.pymortests.vectorarray" file="src/pymortests/vectorarray.py" line="593" name="test_lincomb_2d[2-&lt;lambda&gt;2]" time="0.008246421813964844"></testcase><testcase classname="src.pymortests.vectorarray" file="src/pymortests/vectorarray.py" line="593" name="test_lincomb_2d[2-&lt;lambda&gt;3]" time="0.010137319564819336"></testcase><testcase classname="src.pymortests.vectorarray" file="src/pymortests/vectorarray.py" line="593" name="test_lincomb_2d[2-&lt;lambda&gt;4]" time="0.010215520858764648"></testcase><testcase classname="src.pymortests.vectorarray" file="src/pymortests/vectorarray.py" line="593" name="test_lincomb_2d[2-&lt;lambda&gt;5]" time="0.008933067321777344"></testcase><testcase classname="src.pymortests.vectorarray" file="src/pymortests/vectorarray.py" line="593" name="test_lincomb_2d[2-&lt;lambda&gt;6]" time="0.008338451385498047"></testcase><testcase classname="src.pymortests.vectorarray" file="src/pymortests/vectorarray.py" line="593" name="test_lincomb_2d[2-&lt;lambda&gt;7]" time="0.013922452926635742"></testcase><testcase classname="src.pymortests.vectorarray" file="src/pymortests/vectorarray.py" line="593" name="test_lincomb_2d[2-&lt;lambda&gt;8]" time="0.04427528381347656"></testcase><testcase classname="src.pymortests.vectorarray" file="src/pymortests/vectorarray.py" line="593" name="test_lincomb_2d[2-&lt;lambda&gt;9]" time="0.08140015602111816"></testcase><testcase classname="src.pymortests.vectorarray" file="src/pymortests/vectorarray.py" line="593" name="test_lincomb_2d[2-&lt;lambda&gt;10]" time="0.015537261962890625"></testcase><testcase classname="src.pymortests.vectorarray" file="src/pymortests/vectorarray.py" line="593" name="test_lincomb_2d[2-&lt;lambda&gt;11]" time="0.018383502960205078"></testcase><testcase classname="src.pymortests.vectorarray" file="src/pymortests/vectorarray.py" line="593" name="test_lincomb_2d[2-&lt;lambda&gt;12]" time="0.017791032791137695"></testcase><testcase classname="src.pymortests.vectorarray" file="src/pymortests/vectorarray.py" line="593" name="test_lincomb_2d[2-&lt;lambda&gt;13]" time="0.01359701156616211"></testcase><testcase classname="src.pymortests.vectorarray" file="src/pymortests/vectorarray.py" line="593" name="test_lincomb_2d[2-&lt;lambda&gt;14]" time="0.019906044006347656"></testcase><testcase classname="src.pymortests.vectorarray" file="src/pymortests/vectorarray.py" line="593" name="test_lincomb_2d[2-&lt;lambda&gt;15]" time="0.028325319290161133"></testcase><testcase classname="src.pymortests.vectorarray" file="src/pymortests/vectorarray.py" line="593" name="test_lincomb_2d[2-&lt;lambda&gt;16]" time="0.031106233596801758"></testcase><testcase classname="src.pymortests.vectorarray" file="src/pymortests/vectorarray.py" line="593" name="test_lincomb_2d[2-&lt;lambda&gt;17]" time="0.03153538703918457"></testcase><testcase classname="src.pymortests.vectorarray" file="src/pymortests/vectorarray.py" line="593" name="test_lincomb_2d[2-&lt;lambda&gt;18]" time="0.033074378967285156"></testcase><testcase classname="src.pymortests.vectorarray" file="src/pymortests/vectorarray.py" line="593" name="test_lincomb_2d[2-&lt;lambda&gt;19]" time="0.10648822784423828"></testcase><testcase classname="src.pymortests.vectorarray" file="src/pymortests/vectorarray.py" line="593" name="test_lincomb_2d[2-&lt;lambda&gt;20]" time="0.0937952995300293"></testcase><testcase classname="src.pymortests.vectorarray" file="src/pymortests/vectorarray.py" line="593" name="test_lincomb_2d[2-&lt;lambda&gt;21]" time="0.1553938388824463"></testcase><testcase classname="src.pymortests.vectorarray" file="src/pymortests/vectorarray.py" line="593" name="test_lincomb_2d[2-&lt;lambda&gt;22]" time="0.12617897987365723"></testcase><testcase classname="src.pymortests.vectorarray" file="src/pymortests/vectorarray.py" line="593" name="test_lincomb_2d[2-&lt;lambda&gt;23]" time="0.12501001358032227"></testcase><testcase classname="src.pymortests.vectorarray" file="src/pymortests/vectorarray.py" line="593" name="test_lincomb_2d[2-&lt;lambda&gt;24]" time="0.15564179420471191"></testcase><testcase classname="src.pymortests.vectorarray" file="src/pymortests/vectorarray.py" line="593" name="test_lincomb_2d[2-&lt;lambda&gt;25]" time="0.24903416633605957"></testcase><testcase classname="src.pymortests.vectorarray" file="src/pymortests/vectorarray.py" line="593" name="test_lincomb_2d[2-&lt;lambda&gt;26]" time="0.3887333869934082"></testcase><testcase classname="src.pymortests.vectorarray" file="src/pymortests/vectorarray.py" line="608" name="test_lincomb_wrong_coefficients[0-&lt;lambda&gt;0]" time="0.0028846263885498047"></testcase><testcase classname="src.pymortests.vectorarray" file="src/pymortests/vectorarray.py" line="608" name="test_lincomb_wrong_coefficients[0-&lt;lambda&gt;1]" time="0.0020020008087158203"></testcase><testcase classname="src.pymortests.vectorarray" file="src/pymortests/vectorarray.py" line="608" name="test_lincomb_wrong_coefficients[0-&lt;lambda&gt;2]" time="0.0029010772705078125"></testcase><testcase classname="src.pymortests.vectorarray" file="src/pymortests/vectorarray.py" line="608" name="test_lincomb_wrong_coefficients[0-&lt;lambda&gt;3]" time="0.0035219192504882812"></testcase><testcase classname="src.pymortests.vectorarray" file="src/pymortests/vectorarray.py" line="608" name="test_lincomb_wrong_coefficients[0-&lt;lambda&gt;4]" time="0.004105806350708008"></testcase><testcase classname="src.pymortests.vectorarray" file="src/pymortests/vectorarray.py" line="608" name="test_lincomb_wrong_coefficients[0-&lt;lambda&gt;5]" time="0.001840353012084961"></testcase><testcase classname="src.pymortests.vectorarray" file="src/pymortests/vectorarray.py" line="608" name="test_lincomb_wrong_coefficients[0-&lt;lambda&gt;6]" time="0.001794576644897461"></testcase><testcase classname="src.pymortests.vectorarray" file="src/pymortests/vectorarray.py" line="608" name="test_lincomb_wrong_coefficients[0-&lt;lambda&gt;7]" time="0.002608776092529297"></testcase><testcase classname="src.pymortests.vectorarray" file="src/pymortests/vectorarray.py" line="608" name="test_lincomb_wrong_coefficients[0-&lt;lambda&gt;8]" time="0.003507375717163086"></testcase><testcase classname="src.pymortests.vectorarray" file="src/pymortests/vectorarray.py" line="608" name="test_lincomb_wrong_coefficients[0-&lt;lambda&gt;9]" time="0.004227638244628906"></testcase><testcase classname="src.pymortests.vectorarray" file="src/pymortests/vectorarray.py" line="608" name="test_lincomb_wrong_coefficients[0-&lt;lambda&gt;10]" time="0.0023839473724365234"></testcase><testcase classname="src.pymortests.vectorarray" file="src/pymortests/vectorarray.py" line="608" name="test_lincomb_wrong_coefficients[0-&lt;lambda&gt;11]" time="0.0038759708404541016"></testcase><testcase classname="src.pymortests.vectorarray" file="src/pymortests/vectorarray.py" line="608" name="test_lincomb_wrong_coefficients[0-&lt;lambda&gt;12]" time="0.003770589828491211"></testcase><testcase classname="src.pymortests.vectorarray" file="src/pymortests/vectorarray.py" line="608" name="test_lincomb_wrong_coefficients[0-&lt;lambda&gt;13]" time="0.003128528594970703"></testcase><testcase classname="src.pymortests.vectorarray" file="src/pymortests/vectorarray.py" line="608" name="test_lincomb_wrong_coefficients[0-&lt;lambda&gt;14]" time="0.003760814666748047"></testcase><testcase classname="src.pymortests.vectorarray" file="src/pymortests/vectorarray.py" line="608" name="test_lincomb_wrong_coefficients[0-&lt;lambda&gt;15]" time="0.005720376968383789"></testcase><testcase classname="src.pymortests.vectorarray" file="src/pymortests/vectorarray.py" line="608" name="test_lincomb_wrong_coefficients[0-&lt;lambda&gt;16]" time="0.007385969161987305"></testcase><testcase classname="src.pymortests.vectorarray" file="src/pymortests/vectorarray.py" line="608" name="test_lincomb_wrong_coefficients[0-&lt;lambda&gt;17]" time="0.0026845932006835938"></testcase><testcase classname="src.pymortests.vectorarray" file="src/pymortests/vectorarray.py" line="608" name="test_lincomb_wrong_coefficients[0-&lt;lambda&gt;18]" time="0.002443075180053711"></testcase><testcase classname="src.pymortests.vectorarray" file="src/pymortests/vectorarray.py" line="608" name="test_lincomb_wrong_coefficients[0-&lt;lambda&gt;19]" time="0.004214763641357422"></testcase><testcase classname="src.pymortests.vectorarray" file="src/pymortests/vectorarray.py" line="608" name="test_lincomb_wrong_coefficients[0-&lt;lambda&gt;20]" time="0.011194229125976562"></testcase><testcase classname="src.pymortests.vectorarray" file="src/pymortests/vectorarray.py" line="608" name="test_lincomb_wrong_coefficients[0-&lt;lambda&gt;21]" time="0.021967411041259766"></testcase><testcase classname="src.pymortests.vectorarray" file="src/pymortests/vectorarray.py" line="608" name="test_lincomb_wrong_coefficients[0-&lt;lambda&gt;22]" time="0.002716064453125"></testcase><testcase classname="src.pymortests.vectorarray" file="src/pymortests/vectorarray.py" line="608" name="test_lincomb_wrong_coefficients[0-&lt;lambda&gt;23]" time="0.0019388198852539062"></testcase><testcase classname="src.pymortests.vectorarray" file="src/pymortests/vectorarray.py" line="608" name="test_lincomb_wrong_coefficients[0-&lt;lambda&gt;24]" time="0.0036401748657226562"></testcase><testcase classname="src.pymortests.vectorarray" file="src/pymortests/vectorarray.py" line="608" name="test_lincomb_wrong_coefficients[0-&lt;lambda&gt;25]" time="0.026134252548217773"></testcase><testcase classname="src.pymortests.vectorarray" file="src/pymortests/vectorarray.py" line="608" name="test_lincomb_wrong_coefficients[0-&lt;lambda&gt;26]" time="0.05682969093322754"></testcase><testcase classname="src.pymortests.vectorarray" file="src/pymortests/vectorarray.py" line="608" name="test_lincomb_wrong_coefficients[1-&lt;lambda&gt;0]" time="0.0030312538146972656"></testcase><testcase classname="src.pymortests.vectorarray" file="src/pymortests/vectorarray.py" line="608" name="test_lincomb_wrong_coefficients[1-&lt;lambda&gt;1]" time="0.0020737648010253906"></testcase><testcase classname="src.pymortests.vectorarray" file="src/pymortests/vectorarray.py" line="608" name="test_lincomb_wrong_coefficients[1-&lt;lambda&gt;2]" time="0.003059864044189453"></testcase><testcase classname="src.pymortests.vectorarray" file="src/pymortests/vectorarray.py" line="608" name="test_lincomb_wrong_coefficients[1-&lt;lambda&gt;3]" time="0.0036585330963134766"></testcase><testcase classname="src.pymortests.vectorarray" file="src/pymortests/vectorarray.py" line="608" name="test_lincomb_wrong_coefficients[1-&lt;lambda&gt;4]" time="0.004134654998779297"></testcase><testcase classname="src.pymortests.vectorarray" file="src/pymortests/vectorarray.py" line="608" name="test_lincomb_wrong_coefficients[1-&lt;lambda&gt;5]" time="0.0018448829650878906"></testcase><testcase classname="src.pymortests.vectorarray" file="src/pymortests/vectorarray.py" line="608" name="test_lincomb_wrong_coefficients[1-&lt;lambda&gt;6]" time="0.001834869384765625"></testcase><testcase classname="src.pymortests.vectorarray" file="src/pymortests/vectorarray.py" line="608" name="test_lincomb_wrong_coefficients[1-&lt;lambda&gt;7]" time="0.0026578903198242188"></testcase><testcase classname="src.pymortests.vectorarray" file="src/pymortests/vectorarray.py" line="608" name="test_lincomb_wrong_coefficients[1-&lt;lambda&gt;8]" time="0.003704071044921875"></testcase><testcase classname="src.pymortests.vectorarray" file="src/pymortests/vectorarray.py" line="608" name="test_lincomb_wrong_coefficients[1-&lt;lambda&gt;9]" time="0.004865884780883789"></testcase><testcase classname="src.pymortests.vectorarray" file="src/pymortests/vectorarray.py" line="608" name="test_lincomb_wrong_coefficients[1-&lt;lambda&gt;10]" time="0.002630472183227539"></testcase><testcase classname="src.pymortests.vectorarray" file="src/pymortests/vectorarray.py" line="608" name="test_lincomb_wrong_coefficients[1-&lt;lambda&gt;11]" time="0.004174232482910156"></testcase><testcase classname="src.pymortests.vectorarray" file="src/pymortests/vectorarray.py" line="608" name="test_lincomb_wrong_coefficients[1-&lt;lambda&gt;12]" time="0.004159688949584961"></testcase><testcase classname="src.pymortests.vectorarray" file="src/pymortests/vectorarray.py" line="608" name="test_lincomb_wrong_coefficients[1-&lt;lambda&gt;13]" time="0.0032694339752197266"></testcase><testcase classname="src.pymortests.vectorarray" file="src/pymortests/vectorarray.py" line="608" name="test_lincomb_wrong_coefficients[1-&lt;lambda&gt;14]" time="0.004038572311401367"></testcase><testcase classname="src.pymortests.vectorarray" file="src/pymortests/vectorarray.py" line="608" name="test_lincomb_wrong_coefficients[1-&lt;lambda&gt;15]" time="0.0058422088623046875"></testcase><testcase classname="src.pymortests.vectorarray" file="src/pymortests/vectorarray.py" line="608" name="test_lincomb_wrong_coefficients[1-&lt;lambda&gt;16]" time="0.007576942443847656"></testcase><testcase classname="src.pymortests.vectorarray" file="src/pymortests/vectorarray.py" line="608" name="test_lincomb_wrong_coefficients[1-&lt;lambda&gt;17]" time="0.0028104782104492188"></testcase><testcase classname="src.pymortests.vectorarray" file="src/pymortests/vectorarray.py" line="608" name="test_lincomb_wrong_coefficients[1-&lt;lambda&gt;18]" time="0.0026264190673828125"></testcase><testcase classname="src.pymortests.vectorarray" file="src/pymortests/vectorarray.py" line="608" name="test_lincomb_wrong_coefficients[1-&lt;lambda&gt;19]" time="0.004576444625854492"></testcase><testcase classname="src.pymortests.vectorarray" file="src/pymortests/vectorarray.py" line="608" name="test_lincomb_wrong_coefficients[1-&lt;lambda&gt;20]" time="0.011698246002197266"></testcase><testcase classname="src.pymortests.vectorarray" file="src/pymortests/vectorarray.py" line="608" name="test_lincomb_wrong_coefficients[1-&lt;lambda&gt;21]" time="0.023455381393432617"></testcase><testcase classname="src.pymortests.vectorarray" file="src/pymortests/vectorarray.py" line="608" name="test_lincomb_wrong_coefficients[1-&lt;lambda&gt;22]" time="0.0025627613067626953"></testcase><testcase classname="src.pymortests.vectorarray" file="src/pymortests/vectorarray.py" line="608" name="test_lincomb_wrong_coefficients[1-&lt;lambda&gt;23]" time="0.0019097328186035156"></testcase><testcase classname="src.pymortests.vectorarray" file="src/pymortests/vectorarray.py" line="608" name="test_lincomb_wrong_coefficients[1-&lt;lambda&gt;24]" time="0.0036764144897460938"></testcase><testcase classname="src.pymortests.vectorarray" file="src/pymortests/vectorarray.py" line="608" name="test_lincomb_wrong_coefficients[1-&lt;lambda&gt;25]" time="0.025755643844604492"></testcase><testcase classname="src.pymortests.vectorarray" file="src/pymortests/vectorarray.py" line="608" name="test_lincomb_wrong_coefficients[1-&lt;lambda&gt;26]" time="0.05653572082519531"></testcase><testcase classname="src.pymortests.vectorarray" file="src/pymortests/vectorarray.py" line="608" name="test_lincomb_wrong_coefficients[2-&lt;lambda&gt;0]" time="0.00305938720703125"></testcase><testcase classname="src.pymortests.vectorarray" file="src/pymortests/vectorarray.py" line="608" name="test_lincomb_wrong_coefficients[2-&lt;lambda&gt;1]" time="0.0021517276763916016"></testcase><testcase classname="src.pymortests.vectorarray" file="src/pymortests/vectorarray.py" line="608" name="test_lincomb_wrong_coefficients[2-&lt;lambda&gt;2]" time="0.0032210350036621094"></testcase><testcase classname="src.pymortests.vectorarray" file="src/pymortests/vectorarray.py" line="608" name="test_lincomb_wrong_coefficients[2-&lt;lambda&gt;3]" time="0.003653287887573242"></testcase><testcase classname="src.pymortests.vectorarray" file="src/pymortests/vectorarray.py" line="608" name="test_lincomb_wrong_coefficients[2-&lt;lambda&gt;4]" time="0.004505157470703125"></testcase><testcase classname="src.pymortests.vectorarray" file="src/pymortests/vectorarray.py" line="608" name="test_lincomb_wrong_coefficients[2-&lt;lambda&gt;5]" time="0.0019230842590332031"></testcase><testcase classname="src.pymortests.vectorarray" file="src/pymortests/vectorarray.py" line="608" name="test_lincomb_wrong_coefficients[2-&lt;lambda&gt;6]" time="0.0018622875213623047"></testcase><testcase classname="src.pymortests.vectorarray" file="src/pymortests/vectorarray.py" line="608" name="test_lincomb_wrong_coefficients[2-&lt;lambda&gt;7]" time="0.002622365951538086"></testcase><testcase classname="src.pymortests.vectorarray" file="src/pymortests/vectorarray.py" line="608" name="test_lincomb_wrong_coefficients[2-&lt;lambda&gt;8]" time="0.0036263465881347656"></testcase><testcase classname="src.pymortests.vectorarray" file="src/pymortests/vectorarray.py" line="608" name="test_lincomb_wrong_coefficients[2-&lt;lambda&gt;9]" time="0.004970073699951172"></testcase><testcase classname="src.pymortests.vectorarray" file="src/pymortests/vectorarray.py" line="608" name="test_lincomb_wrong_coefficients[2-&lt;lambda&gt;10]" time="0.002492666244506836"></testcase><testcase classname="src.pymortests.vectorarray" file="src/pymortests/vectorarray.py" line="608" name="test_lincomb_wrong_coefficients[2-&lt;lambda&gt;11]" time="0.004086971282958984"></testcase><testcase classname="src.pymortests.vectorarray" file="src/pymortests/vectorarray.py" line="608" name="test_lincomb_wrong_coefficients[2-&lt;lambda&gt;12]" time="0.004006624221801758"></testcase><testcase classname="src.pymortests.vectorarray" file="src/pymortests/vectorarray.py" line="608" name="test_lincomb_wrong_coefficients[2-&lt;lambda&gt;13]" time="0.00330352783203125"></testcase><testcase classname="src.pymortests.vectorarray" file="src/pymortests/vectorarray.py" line="608" name="test_lincomb_wrong_coefficients[2-&lt;lambda&gt;14]" time="0.0039980411529541016"></testcase><testcase classname="src.pymortests.vectorarray" file="src/pymortests/vectorarray.py" line="608" name="test_lincomb_wrong_coefficients[2-&lt;lambda&gt;15]" time="0.005963325500488281"></testcase><testcase classname="src.pymortests.vectorarray" file="src/pymortests/vectorarray.py" line="608" name="test_lincomb_wrong_coefficients[2-&lt;lambda&gt;16]" time="0.007536172866821289"></testcase><testcase classname="src.pymortests.vectorarray" file="src/pymortests/vectorarray.py" line="608" name="test_lincomb_wrong_coefficients[2-&lt;lambda&gt;17]" time="0.002677440643310547"></testcase><testcase classname="src.pymortests.vectorarray" file="src/pymortests/vectorarray.py" line="608" name="test_lincomb_wrong_coefficients[2-&lt;lambda&gt;18]" time="0.0025277137756347656"></testcase><testcase classname="src.pymortests.vectorarray" file="src/pymortests/vectorarray.py" line="608" name="test_lincomb_wrong_coefficients[2-&lt;lambda&gt;19]" time="0.004543304443359375"></testcase><testcase classname="src.pymortests.vectorarray" file="src/pymortests/vectorarray.py" line="608" name="test_lincomb_wrong_coefficients[2-&lt;lambda&gt;20]" time="0.011408090591430664"></testcase><testcase classname="src.pymortests.vectorarray" file="src/pymortests/vectorarray.py" line="608" name="test_lincomb_wrong_coefficients[2-&lt;lambda&gt;21]" time="0.022833824157714844"></testcase><testcase classname="src.pymortests.vectorarray" file="src/pymortests/vectorarray.py" line="608" name="test_lincomb_wrong_coefficients[2-&lt;lambda&gt;22]" time="0.0026438236236572266"></testcase><testcase classname="src.pymortests.vectorarray" file="src/pymortests/vectorarray.py" line="608" name="test_lincomb_wrong_coefficients[2-&lt;lambda&gt;23]" time="0.0019137859344482422"></testcase><testcase classname="src.pymortests.vectorarray" file="src/pymortests/vectorarray.py" line="608" name="test_lincomb_wrong_coefficients[2-&lt;lambda&gt;24]" time="0.0036458969116210938"></testcase><testcase classname="src.pymortests.vectorarray" file="src/pymortests/vectorarray.py" line="608" name="test_lincomb_wrong_coefficients[2-&lt;lambda&gt;25]" time="0.025635480880737305"></testcase><testcase classname="src.pymortests.vectorarray" file="src/pymortests/vectorarray.py" line="608" name="test_lincomb_wrong_coefficients[2-&lt;lambda&gt;26]" time="0.057488441467285156"></testcase><testcase classname="src.pymortests.vectorarray" file="src/pymortests/vectorarray.py" line="627" name="test_l1_norm[0-&lt;lambda&gt;0]" time="0.006559610366821289"></testcase><testcase classname="src.pymortests.vectorarray" file="src/pymortests/vectorarray.py" line="627" name="test_l1_norm[0-&lt;lambda&gt;1]" time="0.005322456359863281"></testcase><testcase classname="src.pymortests.vectorarray" file="src/pymortests/vectorarray.py" line="627" name="test_l1_norm[0-&lt;lambda&gt;2]" time="0.006907463073730469"></testcase><testcase classname="src.pymortests.vectorarray" file="src/pymortests/vectorarray.py" line="627" name="test_l1_norm[0-&lt;lambda&gt;3]" time="0.007331371307373047"></testcase><testcase classname="src.pymortests.vectorarray" file="src/pymortests/vectorarray.py" line="627" name="test_l1_norm[0-&lt;lambda&gt;4]" time="0.007714748382568359"></testcase><testcase classname="src.pymortests.vectorarray" file="src/pymortests/vectorarray.py" line="627" name="test_l1_norm[0-&lt;lambda&gt;5]" time="0.004884481430053711"></testcase><testcase classname="src.pymortests.vectorarray" file="src/pymortests/vectorarray.py" line="627" name="test_l1_norm[0-&lt;lambda&gt;6]" time="0.0044438838958740234"></testcase><testcase classname="src.pymortests.vectorarray" file="src/pymortests/vectorarray.py" line="627" name="test_l1_norm[0-&lt;lambda&gt;7]" time="0.00696253776550293"></testcase><testcase classname="src.pymortests.vectorarray" file="src/pymortests/vectorarray.py" line="627" name="test_l1_norm[0-&lt;lambda&gt;8]" time="0.0256805419921875"></testcase><testcase classname="src.pymortests.vectorarray" file="src/pymortests/vectorarray.py" line="627" name="test_l1_norm[0-&lt;lambda&gt;9]" time="0.048938751220703125"></testcase><testcase classname="src.pymortests.vectorarray" file="src/pymortests/vectorarray.py" line="627" name="test_l1_norm[0-&lt;lambda&gt;10]" time="0.009743213653564453"></testcase><testcase classname="src.pymortests.vectorarray" file="src/pymortests/vectorarray.py" line="627" name="test_l1_norm[0-&lt;lambda&gt;11]" time="0.011266946792602539"></testcase><testcase classname="src.pymortests.vectorarray" file="src/pymortests/vectorarray.py" line="627" name="test_l1_norm[0-&lt;lambda&gt;12]" time="0.009880781173706055"></testcase><testcase classname="src.pymortests.vectorarray" file="src/pymortests/vectorarray.py" line="627" name="test_l1_norm[0-&lt;lambda&gt;13]" time="0.008028745651245117"></testcase><testcase classname="src.pymortests.vectorarray" file="src/pymortests/vectorarray.py" line="627" name="test_l1_norm[0-&lt;lambda&gt;14]" time="0.010225534439086914"></testcase><testcase classname="src.pymortests.vectorarray" file="src/pymortests/vectorarray.py" line="627" name="test_l1_norm[0-&lt;lambda&gt;15]" time="0.014049768447875977"></testcase><testcase classname="src.pymortests.vectorarray" file="src/pymortests/vectorarray.py" line="627" name="test_l1_norm[0-&lt;lambda&gt;16]" time="0.0164947509765625"></testcase><testcase classname="src.pymortests.vectorarray" file="src/pymortests/vectorarray.py" line="627" name="test_l1_norm[0-&lt;lambda&gt;17]" time="0.01150822639465332"></testcase><testcase classname="src.pymortests.vectorarray" file="src/pymortests/vectorarray.py" line="627" name="test_l1_norm[0-&lt;lambda&gt;18]" time="0.011324167251586914"></testcase><testcase classname="src.pymortests.vectorarray" file="src/pymortests/vectorarray.py" line="627" name="test_l1_norm[0-&lt;lambda&gt;19]" time="0.019031286239624023"></testcase><testcase classname="src.pymortests.vectorarray" file="src/pymortests/vectorarray.py" line="627" name="test_l1_norm[0-&lt;lambda&gt;20]" time="0.05049943923950195"></testcase><testcase classname="src.pymortests.vectorarray" file="src/pymortests/vectorarray.py" line="627" name="test_l1_norm[0-&lt;lambda&gt;21]" time="0.10682129859924316"></testcase><testcase classname="src.pymortests.vectorarray" file="src/pymortests/vectorarray.py" line="627" name="test_l1_norm[0-&lt;lambda&gt;22]" time="0.005785465240478516"></testcase><testcase classname="src.pymortests.vectorarray" file="src/pymortests/vectorarray.py" line="627" name="test_l1_norm[0-&lt;lambda&gt;23]" time="0.004893302917480469"></testcase><testcase classname="src.pymortests.vectorarray" file="src/pymortests/vectorarray.py" line="627" name="test_l1_norm[0-&lt;lambda&gt;24]" time="0.02107071876525879"></testcase><testcase classname="src.pymortests.vectorarray" file="src/pymortests/vectorarray.py" line="627" name="test_l1_norm[0-&lt;lambda&gt;25]" time="0.4048309326171875"></testcase><testcase classname="src.pymortests.vectorarray" file="src/pymortests/vectorarray.py" line="627" name="test_l1_norm[0-&lt;lambda&gt;26]" time="0.9274303913116455"></testcase><testcase classname="src.pymortests.vectorarray" file="src/pymortests/vectorarray.py" line="627" name="test_l1_norm[1-&lt;lambda&gt;0]" time="0.006489992141723633"></testcase><testcase classname="src.pymortests.vectorarray" file="src/pymortests/vectorarray.py" line="627" name="test_l1_norm[1-&lt;lambda&gt;1]" time="0.005259275436401367"></testcase><testcase classname="src.pymortests.vectorarray" file="src/pymortests/vectorarray.py" line="627" name="test_l1_norm[1-&lt;lambda&gt;2]" time="0.006308555603027344"></testcase><testcase classname="src.pymortests.vectorarray" file="src/pymortests/vectorarray.py" line="627" name="test_l1_norm[1-&lt;lambda&gt;3]" time="0.00773310661315918"></testcase><testcase classname="src.pymortests.vectorarray" file="src/pymortests/vectorarray.py" line="627" name="test_l1_norm[1-&lt;lambda&gt;4]" time="0.0076329708099365234"></testcase><testcase classname="src.pymortests.vectorarray" file="src/pymortests/vectorarray.py" line="627" name="test_l1_norm[1-&lt;lambda&gt;5]" time="0.004603862762451172"></testcase><testcase classname="src.pymortests.vectorarray" file="src/pymortests/vectorarray.py" line="627" name="test_l1_norm[1-&lt;lambda&gt;6]" time="0.0043408870697021484"></testcase><testcase classname="src.pymortests.vectorarray" file="src/pymortests/vectorarray.py" line="627" name="test_l1_norm[1-&lt;lambda&gt;7]" time="0.00698542594909668"></testcase><testcase classname="src.pymortests.vectorarray" file="src/pymortests/vectorarray.py" line="627" name="test_l1_norm[1-&lt;lambda&gt;8]" time="0.025480270385742188"></testcase><testcase classname="src.pymortests.vectorarray" file="src/pymortests/vectorarray.py" line="627" name="test_l1_norm[1-&lt;lambda&gt;9]" time="0.04841279983520508"></testcase><testcase classname="src.pymortests.vectorarray" file="src/pymortests/vectorarray.py" line="627" name="test_l1_norm[1-&lt;lambda&gt;10]" time="0.009516477584838867"></testcase><testcase classname="src.pymortests.vectorarray" file="src/pymortests/vectorarray.py" line="627" name="test_l1_norm[1-&lt;lambda&gt;11]" time="0.010161876678466797"></testcase><testcase classname="src.pymortests.vectorarray" file="src/pymortests/vectorarray.py" line="627" name="test_l1_norm[1-&lt;lambda&gt;12]" time="0.009671688079833984"></testcase><testcase classname="src.pymortests.vectorarray" file="src/pymortests/vectorarray.py" line="627" name="test_l1_norm[1-&lt;lambda&gt;13]" time="0.007834196090698242"></testcase><testcase classname="src.pymortests.vectorarray" file="src/pymortests/vectorarray.py" line="627" name="test_l1_norm[1-&lt;lambda&gt;14]" time="0.009778976440429688"></testcase><testcase classname="src.pymortests.vectorarray" file="src/pymortests/vectorarray.py" line="627" name="test_l1_norm[1-&lt;lambda&gt;15]" time="0.013539791107177734"></testcase><testcase classname="src.pymortests.vectorarray" file="src/pymortests/vectorarray.py" line="627" name="test_l1_norm[1-&lt;lambda&gt;16]" time="0.016398191452026367"></testcase><testcase classname="src.pymortests.vectorarray" file="src/pymortests/vectorarray.py" line="627" name="test_l1_norm[1-&lt;lambda&gt;17]" time="0.011258602142333984"></testcase><testcase classname="src.pymortests.vectorarray" file="src/pymortests/vectorarray.py" line="627" name="test_l1_norm[1-&lt;lambda&gt;18]" time="0.011176586151123047"></testcase><testcase classname="src.pymortests.vectorarray" file="src/pymortests/vectorarray.py" line="627" name="test_l1_norm[1-&lt;lambda&gt;19]" time="0.018886804580688477"></testcase><testcase classname="src.pymortests.vectorarray" file="src/pymortests/vectorarray.py" line="627" name="test_l1_norm[1-&lt;lambda&gt;20]" time="0.05043911933898926"></testcase><testcase classname="src.pymortests.vectorarray" file="src/pymortests/vectorarray.py" line="627" name="test_l1_norm[1-&lt;lambda&gt;21]" time="0.10294556617736816"></testcase><testcase classname="src.pymortests.vectorarray" file="src/pymortests/vectorarray.py" line="627" name="test_l1_norm[1-&lt;lambda&gt;22]" time="0.005669832229614258"></testcase><testcase classname="src.pymortests.vectorarray" file="src/pymortests/vectorarray.py" line="627" name="test_l1_norm[1-&lt;lambda&gt;23]" time="0.004607200622558594"></testcase><testcase classname="src.pymortests.vectorarray" file="src/pymortests/vectorarray.py" line="627" name="test_l1_norm[1-&lt;lambda&gt;24]" time="0.020412445068359375"></testcase><testcase classname="src.pymortests.vectorarray" file="src/pymortests/vectorarray.py" line="627" name="test_l1_norm[1-&lt;lambda&gt;25]" time="0.42118048667907715"></testcase><testcase classname="src.pymortests.vectorarray" file="src/pymortests/vectorarray.py" line="627" name="test_l1_norm[1-&lt;lambda&gt;26]" time="0.9829964637756348"></testcase><testcase classname="src.pymortests.vectorarray" file="src/pymortests/vectorarray.py" line="627" name="test_l1_norm[2-&lt;lambda&gt;0]" time="0.0064775943756103516"></testcase><testcase classname="src.pymortests.vectorarray" file="src/pymortests/vectorarray.py" line="627" name="test_l1_norm[2-&lt;lambda&gt;1]" time="0.005437135696411133"></testcase><testcase classname="src.pymortests.vectorarray" file="src/pymortests/vectorarray.py" line="627" name="test_l1_norm[2-&lt;lambda&gt;2]" time="0.006339311599731445"></testcase><testcase classname="src.pymortests.vectorarray" file="src/pymortests/vectorarray.py" line="627" name="test_l1_norm[2-&lt;lambda&gt;3]" time="0.007262706756591797"></testcase><testcase classname="src.pymortests.vectorarray" file="src/pymortests/vectorarray.py" line="627" name="test_l1_norm[2-&lt;lambda&gt;4]" time="0.007808208465576172"></testcase><testcase classname="src.pymortests.vectorarray" file="src/pymortests/vectorarray.py" line="627" name="test_l1_norm[2-&lt;lambda&gt;5]" time="0.004815578460693359"></testcase><testcase classname="src.pymortests.vectorarray" file="src/pymortests/vectorarray.py" line="627" name="test_l1_norm[2-&lt;lambda&gt;6]" time="0.004579782485961914"></testcase><testcase classname="src.pymortests.vectorarray" file="src/pymortests/vectorarray.py" line="627" name="test_l1_norm[2-&lt;lambda&gt;7]" time="0.00720977783203125"></testcase><testcase classname="src.pymortests.vectorarray" file="src/pymortests/vectorarray.py" line="627" name="test_l1_norm[2-&lt;lambda&gt;8]" time="0.026118040084838867"></testcase><testcase classname="src.pymortests.vectorarray" file="src/pymortests/vectorarray.py" line="627" name="test_l1_norm[2-&lt;lambda&gt;9]" time="0.04945802688598633"></testcase><testcase classname="src.pymortests.vectorarray" file="src/pymortests/vectorarray.py" line="627" name="test_l1_norm[2-&lt;lambda&gt;10]" time="0.009428739547729492"></testcase><testcase classname="src.pymortests.vectorarray" file="src/pymortests/vectorarray.py" line="627" name="test_l1_norm[2-&lt;lambda&gt;11]" time="0.011020183563232422"></testcase><testcase classname="src.pymortests.vectorarray" file="src/pymortests/vectorarray.py" line="627" name="test_l1_norm[2-&lt;lambda&gt;12]" time="0.01094508171081543"></testcase><testcase classname="src.pymortests.vectorarray" file="src/pymortests/vectorarray.py" line="627" name="test_l1_norm[2-&lt;lambda&gt;13]" time="0.009247541427612305"></testcase><testcase classname="src.pymortests.vectorarray" file="src/pymortests/vectorarray.py" line="627" name="test_l1_norm[2-&lt;lambda&gt;14]" time="0.011471033096313477"></testcase><testcase classname="src.pymortests.vectorarray" file="src/pymortests/vectorarray.py" line="627" name="test_l1_norm[2-&lt;lambda&gt;15]" time="0.013581514358520508"></testcase><testcase classname="src.pymortests.vectorarray" file="src/pymortests/vectorarray.py" line="627" name="test_l1_norm[2-&lt;lambda&gt;16]" time="0.01651740074157715"></testcase><testcase classname="src.pymortests.vectorarray" file="src/pymortests/vectorarray.py" line="627" name="test_l1_norm[2-&lt;lambda&gt;17]" time="0.011651039123535156"></testcase><testcase classname="src.pymortests.vectorarray" file="src/pymortests/vectorarray.py" line="627" name="test_l1_norm[2-&lt;lambda&gt;18]" time="0.011275768280029297"></testcase><testcase classname="src.pymortests.vectorarray" file="src/pymortests/vectorarray.py" line="627" name="test_l1_norm[2-&lt;lambda&gt;19]" time="0.019296646118164062"></testcase><testcase classname="src.pymortests.vectorarray" file="src/pymortests/vectorarray.py" line="627" name="test_l1_norm[2-&lt;lambda&gt;20]" time="0.052093505859375"></testcase><testcase classname="src.pymortests.vectorarray" file="src/pymortests/vectorarray.py" line="627" name="test_l1_norm[2-&lt;lambda&gt;21]" time="0.10603690147399902"></testcase><testcase classname="src.pymortests.vectorarray" file="src/pymortests/vectorarray.py" line="627" name="test_l1_norm[2-&lt;lambda&gt;22]" time="0.005751848220825195"></testcase><testcase classname="src.pymortests.vectorarray" file="src/pymortests/vectorarray.py" line="627" name="test_l1_norm[2-&lt;lambda&gt;23]" time="0.004868745803833008"></testcase><testcase classname="src.pymortests.vectorarray" file="src/pymortests/vectorarray.py" line="627" name="test_l1_norm[2-&lt;lambda&gt;24]" time="0.02106308937072754"></testcase><testcase classname="src.pymortests.vectorarray" file="src/pymortests/vectorarray.py" line="627" name="test_l1_norm[2-&lt;lambda&gt;25]" time="0.42135167121887207"></testcase><testcase classname="src.pymortests.vectorarray" file="src/pymortests/vectorarray.py" line="627" name="test_l1_norm[2-&lt;lambda&gt;26]" time="0.9721643924713135"></testcase><testcase classname="src.pymortests.vectorarray" file="src/pymortests/vectorarray.py" line="649" name="test_l2_norm[0-&lt;lambda&gt;0]" time="0.006421566009521484"></testcase><testcase classname="src.pymortests.vectorarray" file="src/pymortests/vectorarray.py" line="649" name="test_l2_norm[0-&lt;lambda&gt;1]" time="0.0053937435150146484"></testcase><testcase classname="src.pymortests.vectorarray" file="src/pymortests/vectorarray.py" line="649" name="test_l2_norm[0-&lt;lambda&gt;2]" time="0.006540060043334961"></testcase><testcase classname="src.pymortests.vectorarray" file="src/pymortests/vectorarray.py" line="649" name="test_l2_norm[0-&lt;lambda&gt;3]" time="0.007537841796875"></testcase><testcase classname="src.pymortests.vectorarray" file="src/pymortests/vectorarray.py" line="649" name="test_l2_norm[0-&lt;lambda&gt;4]" time="0.00800323486328125"></testcase><testcase classname="src.pymortests.vectorarray" file="src/pymortests/vectorarray.py" line="649" name="test_l2_norm[0-&lt;lambda&gt;5]" time="0.0046312808990478516"></testcase><testcase classname="src.pymortests.vectorarray" file="src/pymortests/vectorarray.py" line="649" name="test_l2_norm[0-&lt;lambda&gt;6]" time="0.004542350769042969"></testcase><testcase classname="src.pymortests.vectorarray" file="src/pymortests/vectorarray.py" line="649" name="test_l2_norm[0-&lt;lambda&gt;7]" time="0.0071985721588134766"></testcase><testcase classname="src.pymortests.vectorarray" file="src/pymortests/vectorarray.py" line="649" name="test_l2_norm[0-&lt;lambda&gt;8]" time="0.02631831169128418"></testcase><testcase classname="src.pymortests.vectorarray" file="src/pymortests/vectorarray.py" line="649" name="test_l2_norm[0-&lt;lambda&gt;9]" time="0.04997825622558594"></testcase><testcase classname="src.pymortests.vectorarray" file="src/pymortests/vectorarray.py" line="649" name="test_l2_norm[0-&lt;lambda&gt;10]" time="0.00954890251159668"></testcase><testcase classname="src.pymortests.vectorarray" file="src/pymortests/vectorarray.py" line="649" name="test_l2_norm[0-&lt;lambda&gt;11]" time="0.01090860366821289"></testcase><testcase classname="src.pymortests.vectorarray" file="src/pymortests/vectorarray.py" line="649" name="test_l2_norm[0-&lt;lambda&gt;12]" time="0.009332656860351562"></testcase><testcase classname="src.pymortests.vectorarray" file="src/pymortests/vectorarray.py" line="649" name="test_l2_norm[0-&lt;lambda&gt;13]" time="0.007773160934448242"></testcase><testcase classname="src.pymortests.vectorarray" file="src/pymortests/vectorarray.py" line="649" name="test_l2_norm[0-&lt;lambda&gt;14]" time="0.009500265121459961"></testcase><testcase classname="src.pymortests.vectorarray" file="src/pymortests/vectorarray.py" line="649" name="test_l2_norm[0-&lt;lambda&gt;15]" time="0.013254165649414062"></testcase><testcase classname="src.pymortests.vectorarray" file="src/pymortests/vectorarray.py" line="649" name="test_l2_norm[0-&lt;lambda&gt;16]" time="0.015806198120117188"></testcase><testcase classname="src.pymortests.vectorarray" file="src/pymortests/vectorarray.py" line="649" name="test_l2_norm[0-&lt;lambda&gt;17]" time="0.01114511489868164"></testcase><testcase classname="src.pymortests.vectorarray" file="src/pymortests/vectorarray.py" line="649" name="test_l2_norm[0-&lt;lambda&gt;18]" time="0.011165142059326172"></testcase><testcase classname="src.pymortests.vectorarray" file="src/pymortests/vectorarray.py" line="649" name="test_l2_norm[0-&lt;lambda&gt;19]" time="0.02193760871887207"></testcase><testcase classname="src.pymortests.vectorarray" file="src/pymortests/vectorarray.py" line="649" name="test_l2_norm[0-&lt;lambda&gt;20]" time="0.05231761932373047"></testcase><testcase classname="src.pymortests.vectorarray" file="src/pymortests/vectorarray.py" line="649" name="test_l2_norm[0-&lt;lambda&gt;21]" time="0.11277389526367188"></testcase><testcase classname="src.pymortests.vectorarray" file="src/pymortests/vectorarray.py" line="649" name="test_l2_norm[0-&lt;lambda&gt;22]" time="0.0060307979583740234"></testcase><testcase classname="src.pymortests.vectorarray" file="src/pymortests/vectorarray.py" line="649" name="test_l2_norm[0-&lt;lambda&gt;23]" time="0.004770040512084961"></testcase><testcase classname="src.pymortests.vectorarray" file="src/pymortests/vectorarray.py" line="649" name="test_l2_norm[0-&lt;lambda&gt;24]" time="0.017717599868774414"></testcase><testcase classname="src.pymortests.vectorarray" file="src/pymortests/vectorarray.py" line="649" name="test_l2_norm[0-&lt;lambda&gt;25]" time="0.3781611919403076"></testcase><testcase classname="src.pymortests.vectorarray" file="src/pymortests/vectorarray.py" line="649" name="test_l2_norm[0-&lt;lambda&gt;26]" time="0.8638286590576172"></testcase><testcase classname="src.pymortests.vectorarray" file="src/pymortests/vectorarray.py" line="649" name="test_l2_norm[1-&lt;lambda&gt;0]" time="0.006738901138305664"></testcase><testcase classname="src.pymortests.vectorarray" file="src/pymortests/vectorarray.py" line="649" name="test_l2_norm[1-&lt;lambda&gt;1]" time="0.005666971206665039"></testcase><testcase classname="src.pymortests.vectorarray" file="src/pymortests/vectorarray.py" line="649" name="test_l2_norm[1-&lt;lambda&gt;2]" time="0.006465911865234375"></testcase><testcase classname="src.pymortests.vectorarray" file="src/pymortests/vectorarray.py" line="649" name="test_l2_norm[1-&lt;lambda&gt;3]" time="0.007544994354248047"></testcase><testcase classname="src.pymortests.vectorarray" file="src/pymortests/vectorarray.py" line="649" name="test_l2_norm[1-&lt;lambda&gt;4]" time="0.007840394973754883"></testcase><testcase classname="src.pymortests.vectorarray" file="src/pymortests/vectorarray.py" line="649" name="test_l2_norm[1-&lt;lambda&gt;5]" time="0.0046274662017822266"></testcase><testcase classname="src.pymortests.vectorarray" file="src/pymortests/vectorarray.py" line="649" name="test_l2_norm[1-&lt;lambda&gt;6]" time="0.004662275314331055"></testcase><testcase classname="src.pymortests.vectorarray" file="src/pymortests/vectorarray.py" line="649" name="test_l2_norm[1-&lt;lambda&gt;7]" time="0.007373809814453125"></testcase><testcase classname="src.pymortests.vectorarray" file="src/pymortests/vectorarray.py" line="649" name="test_l2_norm[1-&lt;lambda&gt;8]" time="0.026366710662841797"></testcase><testcase classname="src.pymortests.vectorarray" file="src/pymortests/vectorarray.py" line="649" name="test_l2_norm[1-&lt;lambda&gt;9]" time="0.04957413673400879"></testcase><testcase classname="src.pymortests.vectorarray" file="src/pymortests/vectorarray.py" line="649" name="test_l2_norm[1-&lt;lambda&gt;10]" time="0.008760452270507812"></testcase><testcase classname="src.pymortests.vectorarray" file="src/pymortests/vectorarray.py" line="649" name="test_l2_norm[1-&lt;lambda&gt;11]" time="0.009549379348754883"></testcase><testcase classname="src.pymortests.vectorarray" file="src/pymortests/vectorarray.py" line="649" name="test_l2_norm[1-&lt;lambda&gt;12]" time="0.009385824203491211"></testcase><testcase classname="src.pymortests.vectorarray" file="src/pymortests/vectorarray.py" line="649" name="test_l2_norm[1-&lt;lambda&gt;13]" time="0.0076754093170166016"></testcase><testcase classname="src.pymortests.vectorarray" file="src/pymortests/vectorarray.py" line="649" name="test_l2_norm[1-&lt;lambda&gt;14]" time="0.009632349014282227"></testcase><testcase classname="src.pymortests.vectorarray" file="src/pymortests/vectorarray.py" line="649" name="test_l2_norm[1-&lt;lambda&gt;15]" time="0.013358354568481445"></testcase><testcase classname="src.pymortests.vectorarray" file="src/pymortests/vectorarray.py" line="649" name="test_l2_norm[1-&lt;lambda&gt;16]" time="0.016249895095825195"></testcase><testcase classname="src.pymortests.vectorarray" file="src/pymortests/vectorarray.py" line="649" name="test_l2_norm[1-&lt;lambda&gt;17]" time="0.011275053024291992"></testcase><testcase classname="src.pymortests.vectorarray" file="src/pymortests/vectorarray.py" line="649" name="test_l2_norm[1-&lt;lambda&gt;18]" time="0.011118412017822266"></testcase><testcase classname="src.pymortests.vectorarray" file="src/pymortests/vectorarray.py" line="649" name="test_l2_norm[1-&lt;lambda&gt;19]" time="0.020419836044311523"></testcase><testcase classname="src.pymortests.vectorarray" file="src/pymortests/vectorarray.py" line="649" name="test_l2_norm[1-&lt;lambda&gt;20]" time="0.05157971382141113"></testcase><testcase classname="src.pymortests.vectorarray" file="src/pymortests/vectorarray.py" line="649" name="test_l2_norm[1-&lt;lambda&gt;21]" time="0.10670948028564453"></testcase><testcase classname="src.pymortests.vectorarray" file="src/pymortests/vectorarray.py" line="649" name="test_l2_norm[1-&lt;lambda&gt;22]" time="0.005671024322509766"></testcase><testcase classname="src.pymortests.vectorarray" file="src/pymortests/vectorarray.py" line="649" name="test_l2_norm[1-&lt;lambda&gt;23]" time="0.004700660705566406"></testcase><testcase classname="src.pymortests.vectorarray" file="src/pymortests/vectorarray.py" line="649" name="test_l2_norm[1-&lt;lambda&gt;24]" time="0.01715540885925293"></testcase><testcase classname="src.pymortests.vectorarray" file="src/pymortests/vectorarray.py" line="649" name="test_l2_norm[1-&lt;lambda&gt;25]" time="0.3913767337799072"></testcase><testcase classname="src.pymortests.vectorarray" file="src/pymortests/vectorarray.py" line="649" name="test_l2_norm[1-&lt;lambda&gt;26]" time="0.9180295467376709"></testcase><testcase classname="src.pymortests.vectorarray" file="src/pymortests/vectorarray.py" line="649" name="test_l2_norm[2-&lt;lambda&gt;0]" time="0.006394863128662109"></testcase><testcase classname="src.pymortests.vectorarray" file="src/pymortests/vectorarray.py" line="649" name="test_l2_norm[2-&lt;lambda&gt;1]" time="0.00537562370300293"></testcase><testcase classname="src.pymortests.vectorarray" file="src/pymortests/vectorarray.py" line="649" name="test_l2_norm[2-&lt;lambda&gt;2]" time="0.0066568851470947266"></testcase><testcase classname="src.pymortests.vectorarray" file="src/pymortests/vectorarray.py" line="649" name="test_l2_norm[2-&lt;lambda&gt;3]" time="0.007518291473388672"></testcase><testcase classname="src.pymortests.vectorarray" file="src/pymortests/vectorarray.py" line="649" name="test_l2_norm[2-&lt;lambda&gt;4]" time="0.007812976837158203"></testcase><testcase classname="src.pymortests.vectorarray" file="src/pymortests/vectorarray.py" line="649" name="test_l2_norm[2-&lt;lambda&gt;5]" time="0.0046274662017822266"></testcase><testcase classname="src.pymortests.vectorarray" file="src/pymortests/vectorarray.py" line="649" name="test_l2_norm[2-&lt;lambda&gt;6]" time="0.004529476165771484"></testcase><testcase classname="src.pymortests.vectorarray" file="src/pymortests/vectorarray.py" line="649" name="test_l2_norm[2-&lt;lambda&gt;7]" time="0.007169485092163086"></testcase><testcase classname="src.pymortests.vectorarray" file="src/pymortests/vectorarray.py" line="649" name="test_l2_norm[2-&lt;lambda&gt;8]" time="0.030050992965698242"></testcase><testcase classname="src.pymortests.vectorarray" file="src/pymortests/vectorarray.py" line="649" name="test_l2_norm[2-&lt;lambda&gt;9]" time="0.05109429359436035"></testcase><testcase classname="src.pymortests.vectorarray" file="src/pymortests/vectorarray.py" line="649" name="test_l2_norm[2-&lt;lambda&gt;10]" time="0.009321451187133789"></testcase><testcase classname="src.pymortests.vectorarray" file="src/pymortests/vectorarray.py" line="649" name="test_l2_norm[2-&lt;lambda&gt;11]" time="0.010778665542602539"></testcase><testcase classname="src.pymortests.vectorarray" file="src/pymortests/vectorarray.py" line="649" name="test_l2_norm[2-&lt;lambda&gt;12]" time="0.009567022323608398"></testcase><testcase classname="src.pymortests.vectorarray" file="src/pymortests/vectorarray.py" line="649" name="test_l2_norm[2-&lt;lambda&gt;13]" time="0.0077893733978271484"></testcase><testcase classname="src.pymortests.vectorarray" file="src/pymortests/vectorarray.py" line="649" name="test_l2_norm[2-&lt;lambda&gt;14]" time="0.00968623161315918"></testcase><testcase classname="src.pymortests.vectorarray" file="src/pymortests/vectorarray.py" line="649" name="test_l2_norm[2-&lt;lambda&gt;15]" time="0.013414621353149414"></testcase><testcase classname="src.pymortests.vectorarray" file="src/pymortests/vectorarray.py" line="649" name="test_l2_norm[2-&lt;lambda&gt;16]" time="0.01619410514831543"></testcase><testcase classname="src.pymortests.vectorarray" file="src/pymortests/vectorarray.py" line="649" name="test_l2_norm[2-&lt;lambda&gt;17]" time="0.011951446533203125"></testcase><testcase classname="src.pymortests.vectorarray" file="src/pymortests/vectorarray.py" line="649" name="test_l2_norm[2-&lt;lambda&gt;18]" time="0.011460065841674805"></testcase><testcase classname="src.pymortests.vectorarray" file="src/pymortests/vectorarray.py" line="649" name="test_l2_norm[2-&lt;lambda&gt;19]" time="0.021224260330200195"></testcase><testcase classname="src.pymortests.vectorarray" file="src/pymortests/vectorarray.py" line="649" name="test_l2_norm[2-&lt;lambda&gt;20]" time="0.05249428749084473"></testcase><testcase classname="src.pymortests.vectorarray" file="src/pymortests/vectorarray.py" line="649" name="test_l2_norm[2-&lt;lambda&gt;21]" time="0.11090683937072754"></testcase><testcase classname="src.pymortests.vectorarray" file="src/pymortests/vectorarray.py" line="649" name="test_l2_norm[2-&lt;lambda&gt;22]" time="0.005796909332275391"></testcase><testcase classname="src.pymortests.vectorarray" file="src/pymortests/vectorarray.py" line="649" name="test_l2_norm[2-&lt;lambda&gt;23]" time="0.004688262939453125"></testcase><testcase classname="src.pymortests.vectorarray" file="src/pymortests/vectorarray.py" line="649" name="test_l2_norm[2-&lt;lambda&gt;24]" time="0.01732659339904785"></testcase><testcase classname="src.pymortests.vectorarray" file="src/pymortests/vectorarray.py" line="649" name="test_l2_norm[2-&lt;lambda&gt;25]" time="0.3929135799407959"></testcase><testcase classname="src.pymortests.vectorarray" file="src/pymortests/vectorarray.py" line="649" name="test_l2_norm[2-&lt;lambda&gt;26]" time="0.9158444404602051"></testcase><testcase classname="src.pymortests.vectorarray" file="src/pymortests/vectorarray.py" line="671" name="test_l2_norm2[0-&lt;lambda&gt;0]" time="0.0060710906982421875"></testcase><testcase classname="src.pymortests.vectorarray" file="src/pymortests/vectorarray.py" line="671" name="test_l2_norm2[0-&lt;lambda&gt;1]" time="0.005082130432128906"></testcase><testcase classname="src.pymortests.vectorarray" file="src/pymortests/vectorarray.py" line="671" name="test_l2_norm2[0-&lt;lambda&gt;2]" time="0.006167411804199219"></testcase><testcase classname="src.pymortests.vectorarray" file="src/pymortests/vectorarray.py" line="671" name="test_l2_norm2[0-&lt;lambda&gt;3]" time="0.006975889205932617"></testcase><testcase classname="src.pymortests.vectorarray" file="src/pymortests/vectorarray.py" line="671" name="test_l2_norm2[0-&lt;lambda&gt;4]" time="0.007616519927978516"></testcase><testcase classname="src.pymortests.vectorarray" file="src/pymortests/vectorarray.py" line="671" name="test_l2_norm2[0-&lt;lambda&gt;5]" time="0.004479408264160156"></testcase><testcase classname="src.pymortests.vectorarray" file="src/pymortests/vectorarray.py" line="671" name="test_l2_norm2[0-&lt;lambda&gt;6]" time="0.004393100738525391"></testcase><testcase classname="src.pymortests.vectorarray" file="src/pymortests/vectorarray.py" line="671" name="test_l2_norm2[0-&lt;lambda&gt;7]" time="0.006947994232177734"></testcase><testcase classname="src.pymortests.vectorarray" file="src/pymortests/vectorarray.py" line="671" name="test_l2_norm2[0-&lt;lambda&gt;8]" time="0.0264585018157959"></testcase><testcase classname="src.pymortests.vectorarray" file="src/pymortests/vectorarray.py" line="671" name="test_l2_norm2[0-&lt;lambda&gt;9]" time="0.05040264129638672"></testcase><testcase classname="src.pymortests.vectorarray" file="src/pymortests/vectorarray.py" line="671" name="test_l2_norm2[0-&lt;lambda&gt;10]" time="0.009385824203491211"></testcase><testcase classname="src.pymortests.vectorarray" file="src/pymortests/vectorarray.py" line="671" name="test_l2_norm2[0-&lt;lambda&gt;11]" time="0.011152267456054688"></testcase><testcase classname="src.pymortests.vectorarray" file="src/pymortests/vectorarray.py" line="671" name="test_l2_norm2[0-&lt;lambda&gt;12]" time="0.010355472564697266"></testcase><testcase classname="src.pymortests.vectorarray" file="src/pymortests/vectorarray.py" line="671" name="test_l2_norm2[0-&lt;lambda&gt;13]" time="0.007519721984863281"></testcase><testcase classname="src.pymortests.vectorarray" file="src/pymortests/vectorarray.py" line="671" name="test_l2_norm2[0-&lt;lambda&gt;14]" time="0.009577751159667969"></testcase><testcase classname="src.pymortests.vectorarray" file="src/pymortests/vectorarray.py" line="671" name="test_l2_norm2[0-&lt;lambda&gt;15]" time="0.013092756271362305"></testcase><testcase classname="src.pymortests.vectorarray" file="src/pymortests/vectorarray.py" line="671" name="test_l2_norm2[0-&lt;lambda&gt;16]" time="0.015723705291748047"></testcase><testcase classname="src.pymortests.vectorarray" file="src/pymortests/vectorarray.py" line="671" name="test_l2_norm2[0-&lt;lambda&gt;17]" time="0.011420488357543945"></testcase><testcase classname="src.pymortests.vectorarray" file="src/pymortests/vectorarray.py" line="671" name="test_l2_norm2[0-&lt;lambda&gt;18]" time="0.011129140853881836"></testcase><testcase classname="src.pymortests.vectorarray" file="src/pymortests/vectorarray.py" line="671" name="test_l2_norm2[0-&lt;lambda&gt;19]" time="0.022258996963500977"></testcase><testcase classname="src.pymortests.vectorarray" file="src/pymortests/vectorarray.py" line="671" name="test_l2_norm2[0-&lt;lambda&gt;20]" time="0.05192446708679199"></testcase><testcase classname="src.pymortests.vectorarray" file="src/pymortests/vectorarray.py" line="671" name="test_l2_norm2[0-&lt;lambda&gt;21]" time="0.11305522918701172"></testcase><testcase classname="src.pymortests.vectorarray" file="src/pymortests/vectorarray.py" line="671" name="test_l2_norm2[0-&lt;lambda&gt;22]" time="0.005997419357299805"></testcase><testcase classname="src.pymortests.vectorarray" file="src/pymortests/vectorarray.py" line="671" name="test_l2_norm2[0-&lt;lambda&gt;23]" time="0.004871368408203125"></testcase><testcase classname="src.pymortests.vectorarray" file="src/pymortests/vectorarray.py" line="671" name="test_l2_norm2[0-&lt;lambda&gt;24]" time="0.017338991165161133"></testcase><testcase classname="src.pymortests.vectorarray" file="src/pymortests/vectorarray.py" line="671" name="test_l2_norm2[0-&lt;lambda&gt;25]" time="0.37078022956848145"></testcase><testcase classname="src.pymortests.vectorarray" file="src/pymortests/vectorarray.py" line="671" name="test_l2_norm2[0-&lt;lambda&gt;26]" time="0.8715252876281738"></testcase><testcase classname="src.pymortests.vectorarray" file="src/pymortests/vectorarray.py" line="671" name="test_l2_norm2[1-&lt;lambda&gt;0]" time="0.006586551666259766"></testcase><testcase classname="src.pymortests.vectorarray" file="src/pymortests/vectorarray.py" line="671" name="test_l2_norm2[1-&lt;lambda&gt;1]" time="0.005173683166503906"></testcase><testcase classname="src.pymortests.vectorarray" file="src/pymortests/vectorarray.py" line="671" name="test_l2_norm2[1-&lt;lambda&gt;2]" time="0.006487607955932617"></testcase><testcase classname="src.pymortests.vectorarray" file="src/pymortests/vectorarray.py" line="671" name="test_l2_norm2[1-&lt;lambda&gt;3]" time="0.007154226303100586"></testcase><testcase classname="src.pymortests.vectorarray" file="src/pymortests/vectorarray.py" line="671" name="test_l2_norm2[1-&lt;lambda&gt;4]" time="0.0075206756591796875"></testcase><testcase classname="src.pymortests.vectorarray" file="src/pymortests/vectorarray.py" line="671" name="test_l2_norm2[1-&lt;lambda&gt;5]" time="0.004679203033447266"></testcase><testcase classname="src.pymortests.vectorarray" file="src/pymortests/vectorarray.py" line="671" name="test_l2_norm2[1-&lt;lambda&gt;6]" time="0.004422187805175781"></testcase><testcase classname="src.pymortests.vectorarray" file="src/pymortests/vectorarray.py" line="671" name="test_l2_norm2[1-&lt;lambda&gt;7]" time="0.0070836544036865234"></testcase><testcase classname="src.pymortests.vectorarray" file="src/pymortests/vectorarray.py" line="671" name="test_l2_norm2[1-&lt;lambda&gt;8]" time="0.027357816696166992"></testcase><testcase classname="src.pymortests.vectorarray" file="src/pymortests/vectorarray.py" line="671" name="test_l2_norm2[1-&lt;lambda&gt;9]" time="0.051422119140625"></testcase><testcase classname="src.pymortests.vectorarray" file="src/pymortests/vectorarray.py" line="671" name="test_l2_norm2[1-&lt;lambda&gt;10]" time="0.009169816970825195"></testcase><testcase classname="src.pymortests.vectorarray" file="src/pymortests/vectorarray.py" line="671" name="test_l2_norm2[1-&lt;lambda&gt;11]" time="0.010934114456176758"></testcase><testcase classname="src.pymortests.vectorarray" file="src/pymortests/vectorarray.py" line="671" name="test_l2_norm2[1-&lt;lambda&gt;12]" time="0.010545730590820312"></testcase><testcase classname="src.pymortests.vectorarray" file="src/pymortests/vectorarray.py" line="671" name="test_l2_norm2[1-&lt;lambda&gt;13]" time="0.009168386459350586"></testcase><testcase classname="src.pymortests.vectorarray" file="src/pymortests/vectorarray.py" line="671" name="test_l2_norm2[1-&lt;lambda&gt;14]" time="0.011016130447387695"></testcase><testcase classname="src.pymortests.vectorarray" file="src/pymortests/vectorarray.py" line="671" name="test_l2_norm2[1-&lt;lambda&gt;15]" time="0.01500844955444336"></testcase><testcase classname="src.pymortests.vectorarray" file="src/pymortests/vectorarray.py" line="671" name="test_l2_norm2[1-&lt;lambda&gt;16]" time="0.01589512825012207"></testcase><testcase classname="src.pymortests.vectorarray" file="src/pymortests/vectorarray.py" line="671" name="test_l2_norm2[1-&lt;lambda&gt;17]" time="0.011750459671020508"></testcase><testcase classname="src.pymortests.vectorarray" file="src/pymortests/vectorarray.py" line="671" name="test_l2_norm2[1-&lt;lambda&gt;18]" time="0.011340141296386719"></testcase><testcase classname="src.pymortests.vectorarray" file="src/pymortests/vectorarray.py" line="671" name="test_l2_norm2[1-&lt;lambda&gt;19]" time="0.022541046142578125"></testcase><testcase classname="src.pymortests.vectorarray" file="src/pymortests/vectorarray.py" line="671" name="test_l2_norm2[1-&lt;lambda&gt;20]" time="0.05356311798095703"></testcase><testcase classname="src.pymortests.vectorarray" file="src/pymortests/vectorarray.py" line="671" name="test_l2_norm2[1-&lt;lambda&gt;21]" time="0.11402344703674316"></testcase><testcase classname="src.pymortests.vectorarray" file="src/pymortests/vectorarray.py" line="671" name="test_l2_norm2[1-&lt;lambda&gt;22]" time="0.0058820247650146484"></testcase><testcase classname="src.pymortests.vectorarray" file="src/pymortests/vectorarray.py" line="671" name="test_l2_norm2[1-&lt;lambda&gt;23]" time="0.004882335662841797"></testcase><testcase classname="src.pymortests.vectorarray" file="src/pymortests/vectorarray.py" line="671" name="test_l2_norm2[1-&lt;lambda&gt;24]" time="0.017893314361572266"></testcase><testcase classname="src.pymortests.vectorarray" file="src/pymortests/vectorarray.py" line="671" name="test_l2_norm2[1-&lt;lambda&gt;25]" time="0.39751172065734863"></testcase><testcase classname="src.pymortests.vectorarray" file="src/pymortests/vectorarray.py" line="671" name="test_l2_norm2[1-&lt;lambda&gt;26]" time="0.9231367111206055"></testcase><testcase classname="src.pymortests.vectorarray" file="src/pymortests/vectorarray.py" line="671" name="test_l2_norm2[2-&lt;lambda&gt;0]" time="0.0060329437255859375"></testcase><testcase classname="src.pymortests.vectorarray" file="src/pymortests/vectorarray.py" line="671" name="test_l2_norm2[2-&lt;lambda&gt;1]" time="0.005460977554321289"></testcase><testcase classname="src.pymortests.vectorarray" file="src/pymortests/vectorarray.py" line="671" name="test_l2_norm2[2-&lt;lambda&gt;2]" time="0.006231546401977539"></testcase><testcase classname="src.pymortests.vectorarray" file="src/pymortests/vectorarray.py" line="671" name="test_l2_norm2[2-&lt;lambda&gt;3]" time="0.007226228713989258"></testcase><testcase classname="src.pymortests.vectorarray" file="src/pymortests/vectorarray.py" line="671" name="test_l2_norm2[2-&lt;lambda&gt;4]" time="0.007454872131347656"></testcase><testcase classname="src.pymortests.vectorarray" file="src/pymortests/vectorarray.py" line="671" name="test_l2_norm2[2-&lt;lambda&gt;5]" time="0.004701137542724609"></testcase><testcase classname="src.pymortests.vectorarray" file="src/pymortests/vectorarray.py" line="671" name="test_l2_norm2[2-&lt;lambda&gt;6]" time="0.004425048828125"></testcase><testcase classname="src.pymortests.vectorarray" file="src/pymortests/vectorarray.py" line="671" name="test_l2_norm2[2-&lt;lambda&gt;7]" time="0.007152080535888672"></testcase><testcase classname="src.pymortests.vectorarray" file="src/pymortests/vectorarray.py" line="671" name="test_l2_norm2[2-&lt;lambda&gt;8]" time="0.02722001075744629"></testcase><testcase classname="src.pymortests.vectorarray" file="src/pymortests/vectorarray.py" line="671" name="test_l2_norm2[2-&lt;lambda&gt;9]" time="0.05141854286193848"></testcase><testcase classname="src.pymortests.vectorarray" file="src/pymortests/vectorarray.py" line="671" name="test_l2_norm2[2-&lt;lambda&gt;10]" time="0.00901484489440918"></testcase><testcase classname="src.pymortests.vectorarray" file="src/pymortests/vectorarray.py" line="671" name="test_l2_norm2[2-&lt;lambda&gt;11]" time="0.010178327560424805"></testcase><testcase classname="src.pymortests.vectorarray" file="src/pymortests/vectorarray.py" line="671" name="test_l2_norm2[2-&lt;lambda&gt;12]" time="0.009741067886352539"></testcase><testcase classname="src.pymortests.vectorarray" file="src/pymortests/vectorarray.py" line="671" name="test_l2_norm2[2-&lt;lambda&gt;13]" time="0.0076792240142822266"></testcase><testcase classname="src.pymortests.vectorarray" file="src/pymortests/vectorarray.py" line="671" name="test_l2_norm2[2-&lt;lambda&gt;14]" time="0.009685993194580078"></testcase><testcase classname="src.pymortests.vectorarray" file="src/pymortests/vectorarray.py" line="671" name="test_l2_norm2[2-&lt;lambda&gt;15]" time="0.013494014739990234"></testcase><testcase classname="src.pymortests.vectorarray" file="src/pymortests/vectorarray.py" line="671" name="test_l2_norm2[2-&lt;lambda&gt;16]" time="0.015691041946411133"></testcase><testcase classname="src.pymortests.vectorarray" file="src/pymortests/vectorarray.py" line="671" name="test_l2_norm2[2-&lt;lambda&gt;17]" time="0.011754989624023438"></testcase><testcase classname="src.pymortests.vectorarray" file="src/pymortests/vectorarray.py" line="671" name="test_l2_norm2[2-&lt;lambda&gt;18]" time="0.011287212371826172"></testcase><testcase classname="src.pymortests.vectorarray" file="src/pymortests/vectorarray.py" line="671" name="test_l2_norm2[2-&lt;lambda&gt;19]" time="0.02244424819946289"></testcase><testcase classname="src.pymortests.vectorarray" file="src/pymortests/vectorarray.py" line="671" name="test_l2_norm2[2-&lt;lambda&gt;20]" time="0.0523221492767334"></testcase><testcase classname="src.pymortests.vectorarray" file="src/pymortests/vectorarray.py" line="671" name="test_l2_norm2[2-&lt;lambda&gt;21]" time="0.11057710647583008"></testcase><testcase classname="src.pymortests.vectorarray" file="src/pymortests/vectorarray.py" line="671" name="test_l2_norm2[2-&lt;lambda&gt;22]" time="0.005621910095214844"></testcase><testcase classname="src.pymortests.vectorarray" file="src/pymortests/vectorarray.py" line="671" name="test_l2_norm2[2-&lt;lambda&gt;23]" time="0.00475311279296875"></testcase><testcase classname="src.pymortests.vectorarray" file="src/pymortests/vectorarray.py" line="671" name="test_l2_norm2[2-&lt;lambda&gt;24]" time="0.017324209213256836"></testcase><testcase classname="src.pymortests.vectorarray" file="src/pymortests/vectorarray.py" line="671" name="test_l2_norm2[2-&lt;lambda&gt;25]" time="0.4003784656524658"></testcase><testcase classname="src.pymortests.vectorarray" file="src/pymortests/vectorarray.py" line="671" name="test_l2_norm2[2-&lt;lambda&gt;26]" time="0.9144947528839111"></testcase><testcase classname="src.pymortests.vectorarray" file="src/pymortests/vectorarray.py" line="693" name="test_sup_norm[0-&lt;lambda&gt;0]" time="0.005182743072509766"></testcase><testcase classname="src.pymortests.vectorarray" file="src/pymortests/vectorarray.py" line="693" name="test_sup_norm[0-&lt;lambda&gt;1]" time="0.005597591400146484"></testcase><testcase classname="src.pymortests.vectorarray" file="src/pymortests/vectorarray.py" line="693" name="test_sup_norm[0-&lt;lambda&gt;2]" time="0.006577014923095703"></testcase><testcase classname="src.pymortests.vectorarray" file="src/pymortests/vectorarray.py" line="693" name="test_sup_norm[0-&lt;lambda&gt;3]" time="0.007973432540893555"></testcase><testcase classname="src.pymortests.vectorarray" file="src/pymortests/vectorarray.py" line="693" name="test_sup_norm[0-&lt;lambda&gt;4]" time="0.006488323211669922"></testcase><testcase classname="src.pymortests.vectorarray" file="src/pymortests/vectorarray.py" line="693" name="test_sup_norm[0-&lt;lambda&gt;5]" time="0.004094362258911133"></testcase><testcase classname="src.pymortests.vectorarray" file="src/pymortests/vectorarray.py" line="693" name="test_sup_norm[0-&lt;lambda&gt;6]" time="0.004695415496826172"></testcase><testcase classname="src.pymortests.vectorarray" file="src/pymortests/vectorarray.py" line="693" name="test_sup_norm[0-&lt;lambda&gt;7]" time="0.006884098052978516"></testcase><testcase classname="src.pymortests.vectorarray" file="src/pymortests/vectorarray.py" line="693" name="test_sup_norm[0-&lt;lambda&gt;8]" time="0.023411273956298828"></testcase><testcase classname="src.pymortests.vectorarray" file="src/pymortests/vectorarray.py" line="693" name="test_sup_norm[0-&lt;lambda&gt;9]" time="0.02870321273803711"></testcase><testcase classname="src.pymortests.vectorarray" file="src/pymortests/vectorarray.py" line="693" name="test_sup_norm[0-&lt;lambda&gt;10]" time="0.00930023193359375"></testcase><testcase classname="src.pymortests.vectorarray" file="src/pymortests/vectorarray.py" line="693" name="test_sup_norm[0-&lt;lambda&gt;11]" time="0.010675907135009766"></testcase><testcase classname="src.pymortests.vectorarray" file="src/pymortests/vectorarray.py" line="693" name="test_sup_norm[0-&lt;lambda&gt;12]" time="0.007354736328125"></testcase><testcase classname="src.pymortests.vectorarray" file="src/pymortests/vectorarray.py" line="693" name="test_sup_norm[0-&lt;lambda&gt;13]" time="0.00847935676574707"></testcase><testcase classname="src.pymortests.vectorarray" file="src/pymortests/vectorarray.py" line="693" name="test_sup_norm[0-&lt;lambda&gt;14]" time="0.010465860366821289"></testcase><testcase classname="src.pymortests.vectorarray" file="src/pymortests/vectorarray.py" line="693" name="test_sup_norm[0-&lt;lambda&gt;15]" time="0.014340639114379883"></testcase><testcase classname="src.pymortests.vectorarray" file="src/pymortests/vectorarray.py" line="693" name="test_sup_norm[0-&lt;lambda&gt;16]" time="0.01682114601135254"></testcase><testcase classname="src.pymortests.vectorarray" file="src/pymortests/vectorarray.py" line="693" name="test_sup_norm[0-&lt;lambda&gt;17]" time="0.02270650863647461"></testcase><testcase classname="src.pymortests.vectorarray" file="src/pymortests/vectorarray.py" line="693" name="test_sup_norm[0-&lt;lambda&gt;18]" time="0.02266979217529297"></testcase><testcase classname="src.pymortests.vectorarray" file="src/pymortests/vectorarray.py" line="693" name="test_sup_norm[0-&lt;lambda&gt;19]" time="0.05051016807556152"></testcase><testcase classname="src.pymortests.vectorarray" file="src/pymortests/vectorarray.py" line="693" name="test_sup_norm[0-&lt;lambda&gt;20]" time="0.06254243850708008"></testcase><testcase classname="src.pymortests.vectorarray" file="src/pymortests/vectorarray.py" line="693" name="test_sup_norm[0-&lt;lambda&gt;21]" time="0.12149310111999512"></testcase><testcase classname="src.pymortests.vectorarray" file="src/pymortests/vectorarray.py" line="693" name="test_sup_norm[0-&lt;lambda&gt;22]" time="0.005632877349853516"></testcase><testcase classname="src.pymortests.vectorarray" file="src/pymortests/vectorarray.py" line="693" name="test_sup_norm[0-&lt;lambda&gt;23]" time="0.0056340694427490234"></testcase><testcase classname="src.pymortests.vectorarray" file="src/pymortests/vectorarray.py" line="693" name="test_sup_norm[0-&lt;lambda&gt;24]" time="0.02086472511291504"></testcase><testcase classname="src.pymortests.vectorarray" file="src/pymortests/vectorarray.py" line="693" name="test_sup_norm[0-&lt;lambda&gt;25]" time="0.3978912830352783"></testcase><testcase classname="src.pymortests.vectorarray" file="src/pymortests/vectorarray.py" line="693" name="test_sup_norm[0-&lt;lambda&gt;26]" time="0.8386795520782471"></testcase><testcase classname="src.pymortests.vectorarray" file="src/pymortests/vectorarray.py" line="693" name="test_sup_norm[1-&lt;lambda&gt;0]" time="0.005463600158691406"></testcase><testcase classname="src.pymortests.vectorarray" file="src/pymortests/vectorarray.py" line="693" name="test_sup_norm[1-&lt;lambda&gt;1]" time="0.005373716354370117"></testcase><testcase classname="src.pymortests.vectorarray" file="src/pymortests/vectorarray.py" line="693" name="test_sup_norm[1-&lt;lambda&gt;2]" time="0.0064144134521484375"></testcase><testcase classname="src.pymortests.vectorarray" file="src/pymortests/vectorarray.py" line="693" name="test_sup_norm[1-&lt;lambda&gt;3]" time="0.0076138973236083984"></testcase><testcase classname="src.pymortests.vectorarray" file="src/pymortests/vectorarray.py" line="693" name="test_sup_norm[1-&lt;lambda&gt;4]" time="0.006035804748535156"></testcase><testcase classname="src.pymortests.vectorarray" file="src/pymortests/vectorarray.py" line="693" name="test_sup_norm[1-&lt;lambda&gt;5]" time="0.0038938522338867188"></testcase><testcase classname="src.pymortests.vectorarray" file="src/pymortests/vectorarray.py" line="693" name="test_sup_norm[1-&lt;lambda&gt;6]" time="0.004521608352661133"></testcase><testcase classname="src.pymortests.vectorarray" file="src/pymortests/vectorarray.py" line="693" name="test_sup_norm[1-&lt;lambda&gt;7]" time="0.006962776184082031"></testcase><testcase classname="src.pymortests.vectorarray" file="src/pymortests/vectorarray.py" line="693" name="test_sup_norm[1-&lt;lambda&gt;8]" time="0.023352861404418945"></testcase><testcase classname="src.pymortests.vectorarray" file="src/pymortests/vectorarray.py" line="693" name="test_sup_norm[1-&lt;lambda&gt;9]" time="0.026596546173095703"></testcase><testcase classname="src.pymortests.vectorarray" file="src/pymortests/vectorarray.py" line="693" name="test_sup_norm[1-&lt;lambda&gt;10]" time="0.009547710418701172"></testcase><testcase classname="src.pymortests.vectorarray" file="src/pymortests/vectorarray.py" line="693" name="test_sup_norm[1-&lt;lambda&gt;11]" time="0.009929180145263672"></testcase><testcase classname="src.pymortests.vectorarray" file="src/pymortests/vectorarray.py" line="693" name="test_sup_norm[1-&lt;lambda&gt;12]" time="0.007453441619873047"></testcase><testcase classname="src.pymortests.vectorarray" file="src/pymortests/vectorarray.py" line="693" name="test_sup_norm[1-&lt;lambda&gt;13]" time="0.008147716522216797"></testcase><testcase classname="src.pymortests.vectorarray" file="src/pymortests/vectorarray.py" line="693" name="test_sup_norm[1-&lt;lambda&gt;14]" time="0.010085105895996094"></testcase><testcase classname="src.pymortests.vectorarray" file="src/pymortests/vectorarray.py" line="693" name="test_sup_norm[1-&lt;lambda&gt;15]" time="0.014034032821655273"></testcase><testcase classname="src.pymortests.vectorarray" file="src/pymortests/vectorarray.py" line="693" name="test_sup_norm[1-&lt;lambda&gt;16]" time="0.016752958297729492"></testcase><testcase classname="src.pymortests.vectorarray" file="src/pymortests/vectorarray.py" line="693" name="test_sup_norm[1-&lt;lambda&gt;17]" time="0.02301955223083496"></testcase><testcase classname="src.pymortests.vectorarray" file="src/pymortests/vectorarray.py" line="693" name="test_sup_norm[1-&lt;lambda&gt;18]" time="0.02260112762451172"></testcase><testcase classname="src.pymortests.vectorarray" file="src/pymortests/vectorarray.py" line="693" name="test_sup_norm[1-&lt;lambda&gt;19]" time="0.04925894737243652"></testcase><testcase classname="src.pymortests.vectorarray" file="src/pymortests/vectorarray.py" line="693" name="test_sup_norm[1-&lt;lambda&gt;20]" time="0.06656694412231445"></testcase><testcase classname="src.pymortests.vectorarray" file="src/pymortests/vectorarray.py" line="693" name="test_sup_norm[1-&lt;lambda&gt;21]" time="0.12390017509460449"></testcase><testcase classname="src.pymortests.vectorarray" file="src/pymortests/vectorarray.py" line="693" name="test_sup_norm[1-&lt;lambda&gt;22]" time="0.00595545768737793"></testcase><testcase classname="src.pymortests.vectorarray" file="src/pymortests/vectorarray.py" line="693" name="test_sup_norm[1-&lt;lambda&gt;23]" time="0.005928993225097656"></testcase><testcase classname="src.pymortests.vectorarray" file="src/pymortests/vectorarray.py" line="693" name="test_sup_norm[1-&lt;lambda&gt;24]" time="0.020960092544555664"></testcase><testcase classname="src.pymortests.vectorarray" file="src/pymortests/vectorarray.py" line="693" name="test_sup_norm[1-&lt;lambda&gt;25]" time="0.42002296447753906"></testcase><testcase classname="src.pymortests.vectorarray" file="src/pymortests/vectorarray.py" line="693" name="test_sup_norm[1-&lt;lambda&gt;26]" time="0.8368256092071533"></testcase><testcase classname="src.pymortests.vectorarray" file="src/pymortests/vectorarray.py" line="693" name="test_sup_norm[2-&lt;lambda&gt;0]" time="0.005355119705200195"></testcase><testcase classname="src.pymortests.vectorarray" file="src/pymortests/vectorarray.py" line="693" name="test_sup_norm[2-&lt;lambda&gt;1]" time="0.005576133728027344"></testcase><testcase classname="src.pymortests.vectorarray" file="src/pymortests/vectorarray.py" line="693" name="test_sup_norm[2-&lt;lambda&gt;2]" time="0.0065267086029052734"></testcase><testcase classname="src.pymortests.vectorarray" file="src/pymortests/vectorarray.py" line="693" name="test_sup_norm[2-&lt;lambda&gt;3]" time="0.007620096206665039"></testcase><testcase classname="src.pymortests.vectorarray" file="src/pymortests/vectorarray.py" line="693" name="test_sup_norm[2-&lt;lambda&gt;4]" time="0.0059413909912109375"></testcase><testcase classname="src.pymortests.vectorarray" file="src/pymortests/vectorarray.py" line="693" name="test_sup_norm[2-&lt;lambda&gt;5]" time="0.0039196014404296875"></testcase><testcase classname="src.pymortests.vectorarray" file="src/pymortests/vectorarray.py" line="693" name="test_sup_norm[2-&lt;lambda&gt;6]" time="0.004575252532958984"></testcase><testcase classname="src.pymortests.vectorarray" file="src/pymortests/vectorarray.py" line="693" name="test_sup_norm[2-&lt;lambda&gt;7]" time="0.006733894348144531"></testcase><testcase classname="src.pymortests.vectorarray" file="src/pymortests/vectorarray.py" line="693" name="test_sup_norm[2-&lt;lambda&gt;8]" time="0.023200273513793945"></testcase><testcase classname="src.pymortests.vectorarray" file="src/pymortests/vectorarray.py" line="693" name="test_sup_norm[2-&lt;lambda&gt;9]" time="0.026502609252929688"></testcase><testcase classname="src.pymortests.vectorarray" file="src/pymortests/vectorarray.py" line="693" name="test_sup_norm[2-&lt;lambda&gt;10]" time="0.009652376174926758"></testcase><testcase classname="src.pymortests.vectorarray" file="src/pymortests/vectorarray.py" line="693" name="test_sup_norm[2-&lt;lambda&gt;11]" time="0.011180639266967773"></testcase><testcase classname="src.pymortests.vectorarray" file="src/pymortests/vectorarray.py" line="693" name="test_sup_norm[2-&lt;lambda&gt;12]" time="0.008517265319824219"></testcase><testcase classname="src.pymortests.vectorarray" file="src/pymortests/vectorarray.py" line="693" name="test_sup_norm[2-&lt;lambda&gt;13]" time="0.008360624313354492"></testcase><testcase classname="src.pymortests.vectorarray" file="src/pymortests/vectorarray.py" line="693" name="test_sup_norm[2-&lt;lambda&gt;14]" time="0.010169506072998047"></testcase><testcase classname="src.pymortests.vectorarray" file="src/pymortests/vectorarray.py" line="693" name="test_sup_norm[2-&lt;lambda&gt;15]" time="0.015118837356567383"></testcase><testcase classname="src.pymortests.vectorarray" file="src/pymortests/vectorarray.py" line="693" name="test_sup_norm[2-&lt;lambda&gt;16]" time="0.017353534698486328"></testcase><testcase classname="src.pymortests.vectorarray" file="src/pymortests/vectorarray.py" line="693" name="test_sup_norm[2-&lt;lambda&gt;17]" time="0.023228168487548828"></testcase><testcase classname="src.pymortests.vectorarray" file="src/pymortests/vectorarray.py" line="693" name="test_sup_norm[2-&lt;lambda&gt;18]" time="0.022673845291137695"></testcase><testcase classname="src.pymortests.vectorarray" file="src/pymortests/vectorarray.py" line="693" name="test_sup_norm[2-&lt;lambda&gt;19]" time="0.0495145320892334"></testcase><testcase classname="src.pymortests.vectorarray" file="src/pymortests/vectorarray.py" line="693" name="test_sup_norm[2-&lt;lambda&gt;20]" time="0.0636749267578125"></testcase><testcase classname="src.pymortests.vectorarray" file="src/pymortests/vectorarray.py" line="693" name="test_sup_norm[2-&lt;lambda&gt;21]" time="0.11966085433959961"></testcase><testcase classname="src.pymortests.vectorarray" file="src/pymortests/vectorarray.py" line="693" name="test_sup_norm[2-&lt;lambda&gt;22]" time="0.005410671234130859"></testcase><testcase classname="src.pymortests.vectorarray" file="src/pymortests/vectorarray.py" line="693" name="test_sup_norm[2-&lt;lambda&gt;23]" time="0.0052204132080078125"></testcase><testcase classname="src.pymortests.vectorarray" file="src/pymortests/vectorarray.py" line="693" name="test_sup_norm[2-&lt;lambda&gt;24]" time="0.02013540267944336"></testcase><testcase classname="src.pymortests.vectorarray" file="src/pymortests/vectorarray.py" line="693" name="test_sup_norm[2-&lt;lambda&gt;25]" time="0.41279172897338867"></testcase><testcase classname="src.pymortests.vectorarray" file="src/pymortests/vectorarray.py" line="693" name="test_sup_norm[2-&lt;lambda&gt;26]" time="0.8424885272979736"></testcase><testcase classname="src.pymortests.vectorarray" file="src/pymortests/vectorarray.py" line="716" name="test_dofs[0-&lt;lambda&gt;0]" time="0.0027260780334472656"></testcase><testcase classname="src.pymortests.vectorarray" file="src/pymortests/vectorarray.py" line="716" name="test_dofs[0-&lt;lambda&gt;1]" time="0.011610746383666992"></testcase><testcase classname="src.pymortests.vectorarray" file="src/pymortests/vectorarray.py" line="716" name="test_dofs[0-&lt;lambda&gt;2]" time="0.012766838073730469"></testcase><testcase classname="src.pymortests.vectorarray" file="src/pymortests/vectorarray.py" line="716" name="test_dofs[0-&lt;lambda&gt;3]" time="0.016598224639892578"></testcase><testcase classname="src.pymortests.vectorarray" file="src/pymortests/vectorarray.py" line="716" name="test_dofs[0-&lt;lambda&gt;4]" time="0.0041961669921875"></testcase><testcase classname="src.pymortests.vectorarray" file="src/pymortests/vectorarray.py" line="716" name="test_dofs[0-&lt;lambda&gt;5]" time="0.0018341541290283203"></testcase><testcase classname="src.pymortests.vectorarray" file="src/pymortests/vectorarray.py" line="716" name="test_dofs[0-&lt;lambda&gt;6]" time="0.009809732437133789"></testcase><testcase classname="src.pymortests.vectorarray" file="src/pymortests/vectorarray.py" line="716" name="test_dofs[0-&lt;lambda&gt;7]" time="0.01468348503112793"></testcase><testcase classname="src.pymortests.vectorarray" file="src/pymortests/vectorarray.py" line="716" name="test_dofs[0-&lt;lambda&gt;8]" time="0.06199336051940918"></testcase><testcase classname="src.pymortests.vectorarray" file="src/pymortests/vectorarray.py" line="716" name="test_dofs[0-&lt;lambda&gt;9]" time="0.015272140502929688"></testcase><testcase classname="src.pymortests.vectorarray" file="src/pymortests/vectorarray.py" line="716" name="test_dofs[0-&lt;lambda&gt;10]" time="0.034012794494628906"></testcase><testcase classname="src.pymortests.vectorarray" file="src/pymortests/vectorarray.py" line="716" name="test_dofs[0-&lt;lambda&gt;11]" time="0.03839254379272461"></testcase><testcase classname="src.pymortests.vectorarray" file="src/pymortests/vectorarray.py" line="716" name="test_dofs[0-&lt;lambda&gt;12]" time="0.003864288330078125"></testcase><testcase classname="src.pymortests.vectorarray" file="src/pymortests/vectorarray.py" line="716" name="test_dofs[0-&lt;lambda&gt;13]" time="0.03325700759887695"></testcase><testcase classname="src.pymortests.vectorarray" file="src/pymortests/vectorarray.py" line="716" name="test_dofs[0-&lt;lambda&gt;14]" time="0.03936195373535156"></testcase><testcase classname="src.pymortests.vectorarray" file="src/pymortests/vectorarray.py" line="716" name="test_dofs[0-&lt;lambda&gt;15]" time="0.04926276206970215"></testcase><testcase classname="src.pymortests.vectorarray" file="src/pymortests/vectorarray.py" line="716" name="test_dofs[0-&lt;lambda&gt;16]" time="0.05762505531311035"></testcase><testcase classname="src.pymortests.vectorarray" file="src/pymortests/vectorarray.py" line="716" name="test_dofs[0-&lt;lambda&gt;17]" time="0.054422855377197266"></testcase><testcase classname="src.pymortests.vectorarray" file="src/pymortests/vectorarray.py" line="716" name="test_dofs[0-&lt;lambda&gt;18]" time="0.05556488037109375"></testcase><testcase classname="src.pymortests.vectorarray" file="src/pymortests/vectorarray.py" line="716" name="test_dofs[0-&lt;lambda&gt;19]" time="0.12365937232971191"></testcase><testcase classname="src.pymortests.vectorarray" file="src/pymortests/vectorarray.py" line="716" name="test_dofs[0-&lt;lambda&gt;20]" time="0.5524139404296875"></testcase><testcase classname="src.pymortests.vectorarray" file="src/pymortests/vectorarray.py" line="716" name="test_dofs[0-&lt;lambda&gt;21]" time="1.2045795917510986"></testcase><testcase classname="src.pymortests.vectorarray" file="src/pymortests/vectorarray.py" line="716" name="test_dofs[0-&lt;lambda&gt;22]" time="0.0027370452880859375"></testcase><testcase classname="src.pymortests.vectorarray" file="src/pymortests/vectorarray.py" line="716" name="test_dofs[0-&lt;lambda&gt;23]" time="0.011980533599853516"></testcase><testcase classname="src.pymortests.vectorarray" file="src/pymortests/vectorarray.py" line="716" name="test_dofs[0-&lt;lambda&gt;24]" time="0.11175274848937988"></testcase><testcase classname="src.pymortests.vectorarray" file="src/pymortests/vectorarray.py" line="716" name="test_dofs[0-&lt;lambda&gt;25]" time="3.246781349182129"></testcase><testcase classname="src.pymortests.vectorarray" file="src/pymortests/vectorarray.py" line="716" name="test_dofs[0-&lt;lambda&gt;26]" time="0.755460262298584"></testcase><testcase classname="src.pymortests.vectorarray" file="src/pymortests/vectorarray.py" line="716" name="test_dofs[1-&lt;lambda&gt;0]" time="0.0028111934661865234"></testcase><testcase classname="src.pymortests.vectorarray" file="src/pymortests/vectorarray.py" line="716" name="test_dofs[1-&lt;lambda&gt;1]" time="0.01189112663269043"></testcase><testcase classname="src.pymortests.vectorarray" file="src/pymortests/vectorarray.py" line="716" name="test_dofs[1-&lt;lambda&gt;2]" time="0.014900922775268555"></testcase><testcase classname="src.pymortests.vectorarray" file="src/pymortests/vectorarray.py" line="716" name="test_dofs[1-&lt;lambda&gt;3]" time="0.01692366600036621"></testcase><testcase classname="src.pymortests.vectorarray" file="src/pymortests/vectorarray.py" line="716" name="test_dofs[1-&lt;lambda&gt;4]" time="0.004006147384643555"></testcase><testcase classname="src.pymortests.vectorarray" file="src/pymortests/vectorarray.py" line="716" name="test_dofs[1-&lt;lambda&gt;5]" time="0.0017626285552978516"></testcase><testcase classname="src.pymortests.vectorarray" file="src/pymortests/vectorarray.py" line="716" name="test_dofs[1-&lt;lambda&gt;6]" time="0.009635686874389648"></testcase><testcase classname="src.pymortests.vectorarray" file="src/pymortests/vectorarray.py" line="716" name="test_dofs[1-&lt;lambda&gt;7]" time="0.014540672302246094"></testcase><testcase classname="src.pymortests.vectorarray" file="src/pymortests/vectorarray.py" line="716" name="test_dofs[1-&lt;lambda&gt;8]" time="0.060328006744384766"></testcase><testcase classname="src.pymortests.vectorarray" file="src/pymortests/vectorarray.py" line="716" name="test_dofs[1-&lt;lambda&gt;9]" time="0.015326499938964844"></testcase><testcase classname="src.pymortests.vectorarray" file="src/pymortests/vectorarray.py" line="716" name="test_dofs[1-&lt;lambda&gt;10]" time="0.03571772575378418"></testcase><testcase classname="src.pymortests.vectorarray" file="src/pymortests/vectorarray.py" line="716" name="test_dofs[1-&lt;lambda&gt;11]" time="0.038825273513793945"></testcase><testcase classname="src.pymortests.vectorarray" file="src/pymortests/vectorarray.py" line="716" name="test_dofs[1-&lt;lambda&gt;12]" time="0.003983736038208008"></testcase><testcase classname="src.pymortests.vectorarray" file="src/pymortests/vectorarray.py" line="716" name="test_dofs[1-&lt;lambda&gt;13]" time="0.03340482711791992"></testcase><testcase classname="src.pymortests.vectorarray" file="src/pymortests/vectorarray.py" line="716" name="test_dofs[1-&lt;lambda&gt;14]" time="0.03859996795654297"></testcase><testcase classname="src.pymortests.vectorarray" file="src/pymortests/vectorarray.py" line="716" name="test_dofs[1-&lt;lambda&gt;15]" time="0.04967689514160156"></testcase><testcase classname="src.pymortests.vectorarray" file="src/pymortests/vectorarray.py" line="716" name="test_dofs[1-&lt;lambda&gt;16]" time="0.05687546730041504"></testcase><testcase classname="src.pymortests.vectorarray" file="src/pymortests/vectorarray.py" line="716" name="test_dofs[1-&lt;lambda&gt;17]" time="0.05642437934875488"></testcase><testcase classname="src.pymortests.vectorarray" file="src/pymortests/vectorarray.py" line="716" name="test_dofs[1-&lt;lambda&gt;18]" time="0.05505800247192383"></testcase><testcase classname="src.pymortests.vectorarray" file="src/pymortests/vectorarray.py" line="716" name="test_dofs[1-&lt;lambda&gt;19]" time="0.12562966346740723"></testcase><testcase classname="src.pymortests.vectorarray" file="src/pymortests/vectorarray.py" line="716" name="test_dofs[1-&lt;lambda&gt;20]" time="0.5498781204223633"></testcase><testcase classname="src.pymortests.vectorarray" file="src/pymortests/vectorarray.py" line="716" name="test_dofs[1-&lt;lambda&gt;21]" time="1.2024157047271729"></testcase><testcase classname="src.pymortests.vectorarray" file="src/pymortests/vectorarray.py" line="716" name="test_dofs[1-&lt;lambda&gt;22]" time="0.002693653106689453"></testcase><testcase classname="src.pymortests.vectorarray" file="src/pymortests/vectorarray.py" line="716" name="test_dofs[1-&lt;lambda&gt;23]" time="0.01219487190246582"></testcase><testcase classname="src.pymortests.vectorarray" file="src/pymortests/vectorarray.py" line="716" name="test_dofs[1-&lt;lambda&gt;24]" time="0.11585640907287598"></testcase><testcase classname="src.pymortests.vectorarray" file="src/pymortests/vectorarray.py" line="716" name="test_dofs[1-&lt;lambda&gt;25]" time="3.2163922786712646"></testcase><testcase classname="src.pymortests.vectorarray" file="src/pymortests/vectorarray.py" line="716" name="test_dofs[1-&lt;lambda&gt;26]" time="0.7623798847198486"></testcase><testcase classname="src.pymortests.vectorarray" file="src/pymortests/vectorarray.py" line="716" name="test_dofs[2-&lt;lambda&gt;0]" time="0.0026464462280273438"></testcase><testcase classname="src.pymortests.vectorarray" file="src/pymortests/vectorarray.py" line="716" name="test_dofs[2-&lt;lambda&gt;1]" time="0.011681795120239258"></testcase><testcase classname="src.pymortests.vectorarray" file="src/pymortests/vectorarray.py" line="716" name="test_dofs[2-&lt;lambda&gt;2]" time="0.013271808624267578"></testcase><testcase classname="src.pymortests.vectorarray" file="src/pymortests/vectorarray.py" line="716" name="test_dofs[2-&lt;lambda&gt;3]" time="0.01578688621520996"></testcase><testcase classname="src.pymortests.vectorarray" file="src/pymortests/vectorarray.py" line="716" name="test_dofs[2-&lt;lambda&gt;4]" time="0.0038797855377197266"></testcase><testcase classname="src.pymortests.vectorarray" file="src/pymortests/vectorarray.py" line="716" name="test_dofs[2-&lt;lambda&gt;5]" time="0.0017654895782470703"></testcase><testcase classname="src.pymortests.vectorarray" file="src/pymortests/vectorarray.py" line="716" name="test_dofs[2-&lt;lambda&gt;6]" time="0.009834527969360352"></testcase><testcase classname="src.pymortests.vectorarray" file="src/pymortests/vectorarray.py" line="716" name="test_dofs[2-&lt;lambda&gt;7]" time="0.014582395553588867"></testcase><testcase classname="src.pymortests.vectorarray" file="src/pymortests/vectorarray.py" line="716" name="test_dofs[2-&lt;lambda&gt;8]" time="0.06089496612548828"></testcase><testcase classname="src.pymortests.vectorarray" file="src/pymortests/vectorarray.py" line="716" name="test_dofs[2-&lt;lambda&gt;9]" time="0.015596866607666016"></testcase><testcase classname="src.pymortests.vectorarray" file="src/pymortests/vectorarray.py" line="716" name="test_dofs[2-&lt;lambda&gt;10]" time="0.034844160079956055"></testcase><testcase classname="src.pymortests.vectorarray" file="src/pymortests/vectorarray.py" line="716" name="test_dofs[2-&lt;lambda&gt;11]" time="0.039572715759277344"></testcase><testcase classname="src.pymortests.vectorarray" file="src/pymortests/vectorarray.py" line="716" name="test_dofs[2-&lt;lambda&gt;12]" time="0.003996133804321289"></testcase><testcase classname="src.pymortests.vectorarray" file="src/pymortests/vectorarray.py" line="716" name="test_dofs[2-&lt;lambda&gt;13]" time="0.033826351165771484"></testcase><testcase classname="src.pymortests.vectorarray" file="src/pymortests/vectorarray.py" line="716" name="test_dofs[2-&lt;lambda&gt;14]" time="0.039109230041503906"></testcase><testcase classname="src.pymortests.vectorarray" file="src/pymortests/vectorarray.py" line="716" name="test_dofs[2-&lt;lambda&gt;15]" time="0.04922962188720703"></testcase><testcase classname="src.pymortests.vectorarray" file="src/pymortests/vectorarray.py" line="716" name="test_dofs[2-&lt;lambda&gt;16]" time="0.055272579193115234"></testcase><testcase classname="src.pymortests.vectorarray" file="src/pymortests/vectorarray.py" line="716" name="test_dofs[2-&lt;lambda&gt;17]" time="0.05730295181274414"></testcase><testcase classname="src.pymortests.vectorarray" file="src/pymortests/vectorarray.py" line="716" name="test_dofs[2-&lt;lambda&gt;18]" time="0.06174802780151367"></testcase><testcase classname="src.pymortests.vectorarray" file="src/pymortests/vectorarray.py" line="716" name="test_dofs[2-&lt;lambda&gt;19]" time="0.12549686431884766"></testcase><testcase classname="src.pymortests.vectorarray" file="src/pymortests/vectorarray.py" line="716" name="test_dofs[2-&lt;lambda&gt;20]" time="0.5469579696655273"></testcase><testcase classname="src.pymortests.vectorarray" file="src/pymortests/vectorarray.py" line="716" name="test_dofs[2-&lt;lambda&gt;21]" time="1.2048554420471191"></testcase><testcase classname="src.pymortests.vectorarray" file="src/pymortests/vectorarray.py" line="716" name="test_dofs[2-&lt;lambda&gt;22]" time="0.002652883529663086"></testcase><testcase classname="src.pymortests.vectorarray" file="src/pymortests/vectorarray.py" line="716" name="test_dofs[2-&lt;lambda&gt;23]" time="0.012227058410644531"></testcase><testcase classname="src.pymortests.vectorarray" file="src/pymortests/vectorarray.py" line="716" name="test_dofs[2-&lt;lambda&gt;24]" time="0.11605310440063477"></testcase><testcase classname="src.pymortests.vectorarray" file="src/pymortests/vectorarray.py" line="716" name="test_dofs[2-&lt;lambda&gt;25]" time="3.2428643703460693"></testcase><testcase classname="src.pymortests.vectorarray" file="src/pymortests/vectorarray.py" line="716" name="test_dofs[2-&lt;lambda&gt;26]" time="0.7549741268157959"></testcase><testcase classname="src.pymortests.vectorarray" file="src/pymortests/vectorarray.py" line="752" name="test_components_wrong_dof_indices[0-&lt;lambda&gt;0]" time="0.003257274627685547"></testcase><testcase classname="src.pymortests.vectorarray" file="src/pymortests/vectorarray.py" line="752" name="test_components_wrong_dof_indices[0-&lt;lambda&gt;1]" time="0.002506732940673828"></testcase><testcase classname="src.pymortests.vectorarray" file="src/pymortests/vectorarray.py" line="752" name="test_components_wrong_dof_indices[0-&lt;lambda&gt;2]" time="0.0029799938201904297"></testcase><testcase classname="src.pymortests.vectorarray" file="src/pymortests/vectorarray.py" line="752" name="test_components_wrong_dof_indices[0-&lt;lambda&gt;3]" time="0.003483295440673828"></testcase><testcase classname="src.pymortests.vectorarray" file="src/pymortests/vectorarray.py" line="752" name="test_components_wrong_dof_indices[0-&lt;lambda&gt;4]" time="0.0037260055541992188"></testcase><testcase classname="src.pymortests.vectorarray" file="src/pymortests/vectorarray.py" line="752" name="test_components_wrong_dof_indices[0-&lt;lambda&gt;5]" time="0.0024766921997070312"></testcase><testcase classname="src.pymortests.vectorarray" file="src/pymortests/vectorarray.py" line="752" name="test_components_wrong_dof_indices[0-&lt;lambda&gt;6]" time="0.002392292022705078"></testcase><testcase classname="src.pymortests.vectorarray" file="src/pymortests/vectorarray.py" line="752" name="test_components_wrong_dof_indices[0-&lt;lambda&gt;7]" time="0.002874135971069336"></testcase><testcase classname="src.pymortests.vectorarray" file="src/pymortests/vectorarray.py" line="752" name="test_components_wrong_dof_indices[0-&lt;lambda&gt;8]" time="0.003523588180541992"></testcase><testcase classname="src.pymortests.vectorarray" file="src/pymortests/vectorarray.py" line="752" name="test_components_wrong_dof_indices[0-&lt;lambda&gt;9]" time="0.0052318572998046875"></testcase><testcase classname="src.pymortests.vectorarray" file="src/pymortests/vectorarray.py" line="752" name="test_components_wrong_dof_indices[0-&lt;lambda&gt;10]" time="0.004126548767089844"></testcase><testcase classname="src.pymortests.vectorarray" file="src/pymortests/vectorarray.py" line="752" name="test_components_wrong_dof_indices[0-&lt;lambda&gt;11]" time="0.004858493804931641"></testcase><testcase classname="src.pymortests.vectorarray" file="src/pymortests/vectorarray.py" line="752" name="test_components_wrong_dof_indices[0-&lt;lambda&gt;12]" time="0.004797458648681641"></testcase><testcase classname="src.pymortests.vectorarray" file="src/pymortests/vectorarray.py" line="752" name="test_components_wrong_dof_indices[0-&lt;lambda&gt;13]" time="0.004457712173461914"></testcase><testcase classname="src.pymortests.vectorarray" file="src/pymortests/vectorarray.py" line="752" name="test_components_wrong_dof_indices[0-&lt;lambda&gt;14]" time="0.004906654357910156"></testcase><testcase classname="src.pymortests.vectorarray" file="src/pymortests/vectorarray.py" line="752" name="test_components_wrong_dof_indices[0-&lt;lambda&gt;15]" time="0.006664752960205078"></testcase><testcase classname="src.pymortests.vectorarray" file="src/pymortests/vectorarray.py" line="752" name="test_components_wrong_dof_indices[0-&lt;lambda&gt;16]" time="0.0084991455078125"></testcase><testcase classname="src.pymortests.vectorarray" file="src/pymortests/vectorarray.py" line="752" name="test_components_wrong_dof_indices[0-&lt;lambda&gt;17]" time="0.007987260818481445"></testcase><testcase classname="src.pymortests.vectorarray" file="src/pymortests/vectorarray.py" line="752" name="test_components_wrong_dof_indices[0-&lt;lambda&gt;18]" time="0.007768392562866211"></testcase><testcase classname="src.pymortests.vectorarray" file="src/pymortests/vectorarray.py" line="752" name="test_components_wrong_dof_indices[0-&lt;lambda&gt;19]" time="0.013665914535522461"></testcase><testcase classname="src.pymortests.vectorarray" file="src/pymortests/vectorarray.py" line="752" name="test_components_wrong_dof_indices[0-&lt;lambda&gt;20]" time="0.01496124267578125"></testcase><testcase classname="src.pymortests.vectorarray" file="src/pymortests/vectorarray.py" line="752" name="test_components_wrong_dof_indices[0-&lt;lambda&gt;21]" time="0.027304887771606445"></testcase><testcase classname="src.pymortests.vectorarray" file="src/pymortests/vectorarray.py" line="752" name="test_components_wrong_dof_indices[0-&lt;lambda&gt;22]" time="0.0034432411193847656"></testcase><testcase classname="src.pymortests.vectorarray" file="src/pymortests/vectorarray.py" line="752" name="test_components_wrong_dof_indices[0-&lt;lambda&gt;23]" time="0.0027468204498291016"></testcase><testcase classname="src.pymortests.vectorarray" file="src/pymortests/vectorarray.py" line="752" name="test_components_wrong_dof_indices[0-&lt;lambda&gt;24]" time="0.00438380241394043"></testcase><testcase classname="src.pymortests.vectorarray" file="src/pymortests/vectorarray.py" line="752" name="test_components_wrong_dof_indices[0-&lt;lambda&gt;25]" time="0.026176929473876953"></testcase><testcase classname="src.pymortests.vectorarray" file="src/pymortests/vectorarray.py" line="752" name="test_components_wrong_dof_indices[0-&lt;lambda&gt;26]" time="0.05803728103637695"></testcase><testcase classname="src.pymortests.vectorarray" file="src/pymortests/vectorarray.py" line="752" name="test_components_wrong_dof_indices[1-&lt;lambda&gt;0]" time="0.0034301280975341797"></testcase><testcase classname="src.pymortests.vectorarray" file="src/pymortests/vectorarray.py" line="752" name="test_components_wrong_dof_indices[1-&lt;lambda&gt;1]" time="0.0025169849395751953"></testcase><testcase classname="src.pymortests.vectorarray" file="src/pymortests/vectorarray.py" line="752" name="test_components_wrong_dof_indices[1-&lt;lambda&gt;2]" time="0.0032393932342529297"></testcase><testcase classname="src.pymortests.vectorarray" file="src/pymortests/vectorarray.py" line="752" name="test_components_wrong_dof_indices[1-&lt;lambda&gt;3]" time="0.003427743911743164"></testcase><testcase classname="src.pymortests.vectorarray" file="src/pymortests/vectorarray.py" line="752" name="test_components_wrong_dof_indices[1-&lt;lambda&gt;4]" time="0.0038623809814453125"></testcase><testcase classname="src.pymortests.vectorarray" file="src/pymortests/vectorarray.py" line="752" name="test_components_wrong_dof_indices[1-&lt;lambda&gt;5]" time="0.002571582794189453"></testcase><testcase classname="src.pymortests.vectorarray" file="src/pymortests/vectorarray.py" line="752" name="test_components_wrong_dof_indices[1-&lt;lambda&gt;6]" time="0.0026407241821289062"></testcase><testcase classname="src.pymortests.vectorarray" file="src/pymortests/vectorarray.py" line="752" name="test_components_wrong_dof_indices[1-&lt;lambda&gt;7]" time="0.0029554367065429688"></testcase><testcase classname="src.pymortests.vectorarray" file="src/pymortests/vectorarray.py" line="752" name="test_components_wrong_dof_indices[1-&lt;lambda&gt;8]" time="0.0037555694580078125"></testcase><testcase classname="src.pymortests.vectorarray" file="src/pymortests/vectorarray.py" line="752" name="test_components_wrong_dof_indices[1-&lt;lambda&gt;9]" time="0.004976987838745117"></testcase><testcase classname="src.pymortests.vectorarray" file="src/pymortests/vectorarray.py" line="752" name="test_components_wrong_dof_indices[1-&lt;lambda&gt;10]" time="0.004173994064331055"></testcase><testcase classname="src.pymortests.vectorarray" file="src/pymortests/vectorarray.py" line="752" name="test_components_wrong_dof_indices[1-&lt;lambda&gt;11]" time="0.005219459533691406"></testcase><testcase classname="src.pymortests.vectorarray" file="src/pymortests/vectorarray.py" line="752" name="test_components_wrong_dof_indices[1-&lt;lambda&gt;12]" time="0.004994869232177734"></testcase><testcase classname="src.pymortests.vectorarray" file="src/pymortests/vectorarray.py" line="752" name="test_components_wrong_dof_indices[1-&lt;lambda&gt;13]" time="0.004523038864135742"></testcase><testcase classname="src.pymortests.vectorarray" file="src/pymortests/vectorarray.py" line="752" name="test_components_wrong_dof_indices[1-&lt;lambda&gt;14]" time="0.0049211978912353516"></testcase><testcase classname="src.pymortests.vectorarray" file="src/pymortests/vectorarray.py" line="752" name="test_components_wrong_dof_indices[1-&lt;lambda&gt;15]" time="0.00684356689453125"></testcase><testcase classname="src.pymortests.vectorarray" file="src/pymortests/vectorarray.py" line="752" name="test_components_wrong_dof_indices[1-&lt;lambda&gt;16]" time="0.008563995361328125"></testcase><testcase classname="src.pymortests.vectorarray" file="src/pymortests/vectorarray.py" line="752" name="test_components_wrong_dof_indices[1-&lt;lambda&gt;17]" time="0.008199930191040039"></testcase><testcase classname="src.pymortests.vectorarray" file="src/pymortests/vectorarray.py" line="752" name="test_components_wrong_dof_indices[1-&lt;lambda&gt;18]" time="0.00804591178894043"></testcase><testcase classname="src.pymortests.vectorarray" file="src/pymortests/vectorarray.py" line="752" name="test_components_wrong_dof_indices[1-&lt;lambda&gt;19]" time="0.013771533966064453"></testcase><testcase classname="src.pymortests.vectorarray" file="src/pymortests/vectorarray.py" line="752" name="test_components_wrong_dof_indices[1-&lt;lambda&gt;20]" time="0.015780210494995117"></testcase><testcase classname="src.pymortests.vectorarray" file="src/pymortests/vectorarray.py" line="752" name="test_components_wrong_dof_indices[1-&lt;lambda&gt;21]" time="0.026303768157958984"></testcase><testcase classname="src.pymortests.vectorarray" file="src/pymortests/vectorarray.py" line="752" name="test_components_wrong_dof_indices[1-&lt;lambda&gt;22]" time="0.003516674041748047"></testcase><testcase classname="src.pymortests.vectorarray" file="src/pymortests/vectorarray.py" line="752" name="test_components_wrong_dof_indices[1-&lt;lambda&gt;23]" time="0.0027205944061279297"></testcase><testcase classname="src.pymortests.vectorarray" file="src/pymortests/vectorarray.py" line="752" name="test_components_wrong_dof_indices[1-&lt;lambda&gt;24]" time="0.005461215972900391"></testcase><testcase classname="src.pymortests.vectorarray" file="src/pymortests/vectorarray.py" line="752" name="test_components_wrong_dof_indices[1-&lt;lambda&gt;25]" time="0.028156042098999023"></testcase><testcase classname="src.pymortests.vectorarray" file="src/pymortests/vectorarray.py" line="752" name="test_components_wrong_dof_indices[1-&lt;lambda&gt;26]" time="0.05991959571838379"></testcase><testcase classname="src.pymortests.vectorarray" file="src/pymortests/vectorarray.py" line="752" name="test_components_wrong_dof_indices[2-&lt;lambda&gt;0]" time="0.003446340560913086"></testcase><testcase classname="src.pymortests.vectorarray" file="src/pymortests/vectorarray.py" line="752" name="test_components_wrong_dof_indices[2-&lt;lambda&gt;1]" time="0.002630472183227539"></testcase><testcase classname="src.pymortests.vectorarray" file="src/pymortests/vectorarray.py" line="752" name="test_components_wrong_dof_indices[2-&lt;lambda&gt;2]" time="0.002992868423461914"></testcase><testcase classname="src.pymortests.vectorarray" file="src/pymortests/vectorarray.py" line="752" name="test_components_wrong_dof_indices[2-&lt;lambda&gt;3]" time="0.0035784244537353516"></testcase><testcase classname="src.pymortests.vectorarray" file="src/pymortests/vectorarray.py" line="752" name="test_components_wrong_dof_indices[2-&lt;lambda&gt;4]" time="0.0040667057037353516"></testcase><testcase classname="src.pymortests.vectorarray" file="src/pymortests/vectorarray.py" line="752" name="test_components_wrong_dof_indices[2-&lt;lambda&gt;5]" time="0.0027360916137695312"></testcase><testcase classname="src.pymortests.vectorarray" file="src/pymortests/vectorarray.py" line="752" name="test_components_wrong_dof_indices[2-&lt;lambda&gt;6]" time="0.0025501251220703125"></testcase><testcase classname="src.pymortests.vectorarray" file="src/pymortests/vectorarray.py" line="752" name="test_components_wrong_dof_indices[2-&lt;lambda&gt;7]" time="0.003040313720703125"></testcase><testcase classname="src.pymortests.vectorarray" file="src/pymortests/vectorarray.py" line="752" name="test_components_wrong_dof_indices[2-&lt;lambda&gt;8]" time="0.0037889480590820312"></testcase><testcase classname="src.pymortests.vectorarray" file="src/pymortests/vectorarray.py" line="752" name="test_components_wrong_dof_indices[2-&lt;lambda&gt;9]" time="0.005057096481323242"></testcase><testcase classname="src.pymortests.vectorarray" file="src/pymortests/vectorarray.py" line="752" name="test_components_wrong_dof_indices[2-&lt;lambda&gt;10]" time="0.004238605499267578"></testcase><testcase classname="src.pymortests.vectorarray" file="src/pymortests/vectorarray.py" line="752" name="test_components_wrong_dof_indices[2-&lt;lambda&gt;11]" time="0.0050754547119140625"></testcase><testcase classname="src.pymortests.vectorarray" file="src/pymortests/vectorarray.py" line="752" name="test_components_wrong_dof_indices[2-&lt;lambda&gt;12]" time="0.004908084869384766"></testcase><testcase classname="src.pymortests.vectorarray" file="src/pymortests/vectorarray.py" line="752" name="test_components_wrong_dof_indices[2-&lt;lambda&gt;13]" time="0.004526376724243164"></testcase><testcase classname="src.pymortests.vectorarray" file="src/pymortests/vectorarray.py" line="752" name="test_components_wrong_dof_indices[2-&lt;lambda&gt;14]" time="0.0050122737884521484"></testcase><testcase classname="src.pymortests.vectorarray" file="src/pymortests/vectorarray.py" line="752" name="test_components_wrong_dof_indices[2-&lt;lambda&gt;15]" time="0.006728649139404297"></testcase><testcase classname="src.pymortests.vectorarray" file="src/pymortests/vectorarray.py" line="752" name="test_components_wrong_dof_indices[2-&lt;lambda&gt;16]" time="0.00913691520690918"></testcase><testcase classname="src.pymortests.vectorarray" file="src/pymortests/vectorarray.py" line="752" name="test_components_wrong_dof_indices[2-&lt;lambda&gt;17]" time="0.008645772933959961"></testcase><testcase classname="src.pymortests.vectorarray" file="src/pymortests/vectorarray.py" line="752" name="test_components_wrong_dof_indices[2-&lt;lambda&gt;18]" time="0.007885217666625977"></testcase><testcase classname="src.pymortests.vectorarray" file="src/pymortests/vectorarray.py" line="752" name="test_components_wrong_dof_indices[2-&lt;lambda&gt;19]" time="0.014283180236816406"></testcase><testcase classname="src.pymortests.vectorarray" file="src/pymortests/vectorarray.py" line="752" name="test_components_wrong_dof_indices[2-&lt;lambda&gt;20]" time="0.01616954803466797"></testcase><testcase classname="src.pymortests.vectorarray" file="src/pymortests/vectorarray.py" line="752" name="test_components_wrong_dof_indices[2-&lt;lambda&gt;21]" time="0.027230024337768555"></testcase><testcase classname="src.pymortests.vectorarray" file="src/pymortests/vectorarray.py" line="752" name="test_components_wrong_dof_indices[2-&lt;lambda&gt;22]" time="0.0035457611083984375"></testcase><testcase classname="src.pymortests.vectorarray" file="src/pymortests/vectorarray.py" line="752" name="test_components_wrong_dof_indices[2-&lt;lambda&gt;23]" time="0.00276947021484375"></testcase><testcase classname="src.pymortests.vectorarray" file="src/pymortests/vectorarray.py" line="752" name="test_components_wrong_dof_indices[2-&lt;lambda&gt;24]" time="0.005357503890991211"></testcase><testcase classname="src.pymortests.vectorarray" file="src/pymortests/vectorarray.py" line="752" name="test_components_wrong_dof_indices[2-&lt;lambda&gt;25]" time="0.02929210662841797"></testcase><testcase classname="src.pymortests.vectorarray" file="src/pymortests/vectorarray.py" line="752" name="test_components_wrong_dof_indices[2-&lt;lambda&gt;26]" time="0.05994606018066406"></testcase><testcase classname="src.pymortests.vectorarray" file="src/pymortests/vectorarray.py" line="766" name="test_amax[0-&lt;lambda&gt;0]" time="0.0017192363739013672"></testcase><testcase classname="src.pymortests.vectorarray" file="src/pymortests/vectorarray.py" line="766" name="test_amax[0-&lt;lambda&gt;1]" time="0.002546548843383789"></testcase><testcase classname="src.pymortests.vectorarray" file="src/pymortests/vectorarray.py" line="766" name="test_amax[0-&lt;lambda&gt;2]" time="0.006047725677490234"></testcase><testcase classname="src.pymortests.vectorarray" file="src/pymortests/vectorarray.py" line="766" name="test_amax[0-&lt;lambda&gt;3]" time="0.030390501022338867"></testcase><testcase classname="src.pymortests.vectorarray" file="src/pymortests/vectorarray.py" line="766" name="test_amax[0-&lt;lambda&gt;4]" time="0.0016803741455078125"></testcase><testcase classname="src.pymortests.vectorarray" file="src/pymortests/vectorarray.py" line="766" name="test_amax[0-&lt;lambda&gt;5]" time="0.001346588134765625"></testcase><testcase classname="src.pymortests.vectorarray" file="src/pymortests/vectorarray.py" line="766" name="test_amax[0-&lt;lambda&gt;6]" time="0.002279996871948242"></testcase><testcase classname="src.pymortests.vectorarray" file="src/pymortests/vectorarray.py" line="766" name="test_amax[0-&lt;lambda&gt;7]" time="0.006037235260009766"></testcase><testcase classname="src.pymortests.vectorarray" file="src/pymortests/vectorarray.py" line="766" name="test_amax[0-&lt;lambda&gt;8]" time="0.03206777572631836"></testcase><testcase classname="src.pymortests.vectorarray" file="src/pymortests/vectorarray.py" line="766" name="test_amax[0-&lt;lambda&gt;9]" time="0.0022208690643310547"></testcase><testcase classname="src.pymortests.vectorarray" file="src/pymortests/vectorarray.py" line="766" name="test_amax[0-&lt;lambda&gt;10]" time="0.004112958908081055"></testcase><testcase classname="src.pymortests.vectorarray" file="src/pymortests/vectorarray.py" line="766" name="test_amax[0-&lt;lambda&gt;11]" time="0.014368295669555664"></testcase><testcase classname="src.pymortests.vectorarray" file="src/pymortests/vectorarray.py" line="766" name="test_amax[0-&lt;lambda&gt;12]" time="0.0013649463653564453"></testcase><testcase classname="src.pymortests.vectorarray" file="src/pymortests/vectorarray.py" line="766" name="test_amax[0-&lt;lambda&gt;13]" time="0.009991884231567383"></testcase><testcase classname="src.pymortests.vectorarray" file="src/pymortests/vectorarray.py" line="766" name="test_amax[0-&lt;lambda&gt;14]" time="0.013716936111450195"></testcase><testcase classname="src.pymortests.vectorarray" file="src/pymortests/vectorarray.py" line="766" name="test_amax[0-&lt;lambda&gt;15]" time="0.06892180442810059"></testcase><testcase classname="src.pymortests.vectorarray" file="src/pymortests/vectorarray.py" line="766" name="test_amax[0-&lt;lambda&gt;16]" time="0.14059162139892578"></testcase><testcase classname="src.pymortests.vectorarray" file="src/pymortests/vectorarray.py" line="766" name="test_amax[0-&lt;lambda&gt;17]" time="0.00964045524597168"></testcase><testcase classname="src.pymortests.vectorarray" file="src/pymortests/vectorarray.py" line="766" name="test_amax[0-&lt;lambda&gt;18]" time="0.009227514266967773"></testcase><testcase classname="src.pymortests.vectorarray" file="src/pymortests/vectorarray.py" line="766" name="test_amax[0-&lt;lambda&gt;19]" time="0.0280916690826416"></testcase><testcase classname="src.pymortests.vectorarray" file="src/pymortests/vectorarray.py" line="766" name="test_amax[0-&lt;lambda&gt;20]" time="0.09619808197021484"></testcase><testcase classname="src.pymortests.vectorarray" file="src/pymortests/vectorarray.py" line="766" name="test_amax[0-&lt;lambda&gt;21]" time="0.2022569179534912"></testcase><testcase classname="src.pymortests.vectorarray" file="src/pymortests/vectorarray.py" line="766" name="test_amax[0-&lt;lambda&gt;22]" time="0.001744985580444336"></testcase><testcase classname="src.pymortests.vectorarray" file="src/pymortests/vectorarray.py" line="766" name="test_amax[0-&lt;lambda&gt;23]" time="0.0024683475494384766"></testcase><testcase classname="src.pymortests.vectorarray" file="src/pymortests/vectorarray.py" line="766" name="test_amax[0-&lt;lambda&gt;24]" time="0.008606672286987305"></testcase><testcase classname="src.pymortests.vectorarray" file="src/pymortests/vectorarray.py" line="766" name="test_amax[0-&lt;lambda&gt;25]" time="0.0693511962890625"></testcase><testcase classname="src.pymortests.vectorarray" file="src/pymortests/vectorarray.py" line="766" name="test_amax[0-&lt;lambda&gt;26]" time="0.05391979217529297"></testcase><testcase classname="src.pymortests.vectorarray" file="src/pymortests/vectorarray.py" line="766" name="test_amax[1-&lt;lambda&gt;0]" time="0.0016908645629882812"></testcase><testcase classname="src.pymortests.vectorarray" file="src/pymortests/vectorarray.py" line="766" name="test_amax[1-&lt;lambda&gt;1]" time="0.0025854110717773438"></testcase><testcase classname="src.pymortests.vectorarray" file="src/pymortests/vectorarray.py" line="766" name="test_amax[1-&lt;lambda&gt;2]" time="0.0058383941650390625"></testcase><testcase classname="src.pymortests.vectorarray" file="src/pymortests/vectorarray.py" line="766" name="test_amax[1-&lt;lambda&gt;3]" time="0.030565500259399414"></testcase><testcase classname="src.pymortests.vectorarray" file="src/pymortests/vectorarray.py" line="766" name="test_amax[1-&lt;lambda&gt;4]" time="0.0017359256744384766"></testcase><testcase classname="src.pymortests.vectorarray" file="src/pymortests/vectorarray.py" line="766" name="test_amax[1-&lt;lambda&gt;5]" time="0.0012536048889160156"></testcase><testcase classname="src.pymortests.vectorarray" file="src/pymortests/vectorarray.py" line="766" name="test_amax[1-&lt;lambda&gt;6]" time="0.002238750457763672"></testcase><testcase classname="src.pymortests.vectorarray" file="src/pymortests/vectorarray.py" line="766" name="test_amax[1-&lt;lambda&gt;7]" time="0.0060465335845947266"></testcase><testcase classname="src.pymortests.vectorarray" file="src/pymortests/vectorarray.py" line="766" name="test_amax[1-&lt;lambda&gt;8]" time="0.032428741455078125"></testcase><testcase classname="src.pymortests.vectorarray" file="src/pymortests/vectorarray.py" line="766" name="test_amax[1-&lt;lambda&gt;9]" time="0.0029430389404296875"></testcase><testcase classname="src.pymortests.vectorarray" file="src/pymortests/vectorarray.py" line="766" name="test_amax[1-&lt;lambda&gt;10]" time="0.004222869873046875"></testcase><testcase classname="src.pymortests.vectorarray" file="src/pymortests/vectorarray.py" line="766" name="test_amax[1-&lt;lambda&gt;11]" time="0.01481938362121582"></testcase><testcase classname="src.pymortests.vectorarray" file="src/pymortests/vectorarray.py" line="766" name="test_amax[1-&lt;lambda&gt;12]" time="0.0019659996032714844"></testcase><testcase classname="src.pymortests.vectorarray" file="src/pymortests/vectorarray.py" line="766" name="test_amax[1-&lt;lambda&gt;13]" time="0.010483026504516602"></testcase><testcase classname="src.pymortests.vectorarray" file="src/pymortests/vectorarray.py" line="766" name="test_amax[1-&lt;lambda&gt;14]" time="0.015061378479003906"></testcase><testcase classname="src.pymortests.vectorarray" file="src/pymortests/vectorarray.py" line="766" name="test_amax[1-&lt;lambda&gt;15]" time="0.0687868595123291"></testcase><testcase classname="src.pymortests.vectorarray" file="src/pymortests/vectorarray.py" line="766" name="test_amax[1-&lt;lambda&gt;16]" time="0.14206647872924805"></testcase><testcase classname="src.pymortests.vectorarray" file="src/pymortests/vectorarray.py" line="766" name="test_amax[1-&lt;lambda&gt;17]" time="0.008721351623535156"></testcase><testcase classname="src.pymortests.vectorarray" file="src/pymortests/vectorarray.py" line="766" name="test_amax[1-&lt;lambda&gt;18]" time="0.007987499237060547"></testcase><testcase classname="src.pymortests.vectorarray" file="src/pymortests/vectorarray.py" line="766" name="test_amax[1-&lt;lambda&gt;19]" time="0.027128934860229492"></testcase><testcase classname="src.pymortests.vectorarray" file="src/pymortests/vectorarray.py" line="766" name="test_amax[1-&lt;lambda&gt;20]" time="0.10019373893737793"></testcase><testcase classname="src.pymortests.vectorarray" file="src/pymortests/vectorarray.py" line="766" name="test_amax[1-&lt;lambda&gt;21]" time="0.20443153381347656"></testcase><testcase classname="src.pymortests.vectorarray" file="src/pymortests/vectorarray.py" line="766" name="test_amax[1-&lt;lambda&gt;22]" time="0.0018241405487060547"></testcase><testcase classname="src.pymortests.vectorarray" file="src/pymortests/vectorarray.py" line="766" name="test_amax[1-&lt;lambda&gt;23]" time="0.002610921859741211"></testcase><testcase classname="src.pymortests.vectorarray" file="src/pymortests/vectorarray.py" line="766" name="test_amax[1-&lt;lambda&gt;24]" time="0.009894609451293945"></testcase><testcase classname="src.pymortests.vectorarray" file="src/pymortests/vectorarray.py" line="766" name="test_amax[1-&lt;lambda&gt;25]" time="0.09008097648620605"></testcase><testcase classname="src.pymortests.vectorarray" file="src/pymortests/vectorarray.py" line="766" name="test_amax[1-&lt;lambda&gt;26]" time="0.05384182929992676"></testcase><testcase classname="src.pymortests.vectorarray" file="src/pymortests/vectorarray.py" line="766" name="test_amax[2-&lt;lambda&gt;0]" time="0.0017473697662353516"></testcase><testcase classname="src.pymortests.vectorarray" file="src/pymortests/vectorarray.py" line="766" name="test_amax[2-&lt;lambda&gt;1]" time="0.002636432647705078"></testcase><testcase classname="src.pymortests.vectorarray" file="src/pymortests/vectorarray.py" line="766" name="test_amax[2-&lt;lambda&gt;2]" time="0.005915164947509766"></testcase><testcase classname="src.pymortests.vectorarray" file="src/pymortests/vectorarray.py" line="766" name="test_amax[2-&lt;lambda&gt;3]" time="0.029775381088256836"></testcase><testcase classname="src.pymortests.vectorarray" file="src/pymortests/vectorarray.py" line="766" name="test_amax[2-&lt;lambda&gt;4]" time="0.0017840862274169922"></testcase><testcase classname="src.pymortests.vectorarray" file="src/pymortests/vectorarray.py" line="766" name="test_amax[2-&lt;lambda&gt;5]" time="0.0013480186462402344"></testcase><testcase classname="src.pymortests.vectorarray" file="src/pymortests/vectorarray.py" line="766" name="test_amax[2-&lt;lambda&gt;6]" time="0.00231170654296875"></testcase><testcase classname="src.pymortests.vectorarray" file="src/pymortests/vectorarray.py" line="766" name="test_amax[2-&lt;lambda&gt;7]" time="0.005992889404296875"></testcase><testcase classname="src.pymortests.vectorarray" file="src/pymortests/vectorarray.py" line="766" name="test_amax[2-&lt;lambda&gt;8]" time="0.033293724060058594"></testcase><testcase classname="src.pymortests.vectorarray" file="src/pymortests/vectorarray.py" line="766" name="test_amax[2-&lt;lambda&gt;9]" time="0.0031557083129882812"></testcase><testcase classname="src.pymortests.vectorarray" file="src/pymortests/vectorarray.py" line="766" name="test_amax[2-&lt;lambda&gt;10]" time="0.0042362213134765625"></testcase><testcase classname="src.pymortests.vectorarray" file="src/pymortests/vectorarray.py" line="766" name="test_amax[2-&lt;lambda&gt;11]" time="0.015177726745605469"></testcase><testcase classname="src.pymortests.vectorarray" file="src/pymortests/vectorarray.py" line="766" name="test_amax[2-&lt;lambda&gt;12]" time="0.001996278762817383"></testcase><testcase classname="src.pymortests.vectorarray" file="src/pymortests/vectorarray.py" line="766" name="test_amax[2-&lt;lambda&gt;13]" time="0.01085352897644043"></testcase><testcase classname="src.pymortests.vectorarray" file="src/pymortests/vectorarray.py" line="766" name="test_amax[2-&lt;lambda&gt;14]" time="0.0138397216796875"></testcase><testcase classname="src.pymortests.vectorarray" file="src/pymortests/vectorarray.py" line="766" name="test_amax[2-&lt;lambda&gt;15]" time="0.06761646270751953"></testcase><testcase classname="src.pymortests.vectorarray" file="src/pymortests/vectorarray.py" line="766" name="test_amax[2-&lt;lambda&gt;16]" time="0.14082574844360352"></testcase><testcase classname="src.pymortests.vectorarray" file="src/pymortests/vectorarray.py" line="766" name="test_amax[2-&lt;lambda&gt;17]" time="0.008668899536132812"></testcase><testcase classname="src.pymortests.vectorarray" file="src/pymortests/vectorarray.py" line="766" name="test_amax[2-&lt;lambda&gt;18]" time="0.007938385009765625"></testcase><testcase classname="src.pymortests.vectorarray" file="src/pymortests/vectorarray.py" line="766" name="test_amax[2-&lt;lambda&gt;19]" time="0.02785658836364746"></testcase><testcase classname="src.pymortests.vectorarray" file="src/pymortests/vectorarray.py" line="766" name="test_amax[2-&lt;lambda&gt;20]" time="0.10064268112182617"></testcase><testcase classname="src.pymortests.vectorarray" file="src/pymortests/vectorarray.py" line="766" name="test_amax[2-&lt;lambda&gt;21]" time="0.2056124210357666"></testcase><testcase classname="src.pymortests.vectorarray" file="src/pymortests/vectorarray.py" line="766" name="test_amax[2-&lt;lambda&gt;22]" time="0.0017709732055664062"></testcase><testcase classname="src.pymortests.vectorarray" file="src/pymortests/vectorarray.py" line="766" name="test_amax[2-&lt;lambda&gt;23]" time="0.002524852752685547"></testcase><testcase classname="src.pymortests.vectorarray" file="src/pymortests/vectorarray.py" line="766" name="test_amax[2-&lt;lambda&gt;24]" time="0.009711265563964844"></testcase><testcase classname="src.pymortests.vectorarray" file="src/pymortests/vectorarray.py" line="766" name="test_amax[2-&lt;lambda&gt;25]" time="0.08963656425476074"></testcase><testcase classname="src.pymortests.vectorarray" file="src/pymortests/vectorarray.py" line="766" name="test_amax[2-&lt;lambda&gt;26]" time="0.05540657043457031"></testcase><testcase classname="src.pymortests.vectorarray" file="src/pymortests/vectorarray.py" line="785" name="test_gramian[0-&lt;lambda&gt;0]" time="0.0032835006713867188"></testcase><testcase classname="src.pymortests.vectorarray" file="src/pymortests/vectorarray.py" line="785" name="test_gramian[0-&lt;lambda&gt;1]" time="0.0023648738861083984"></testcase><testcase classname="src.pymortests.vectorarray" file="src/pymortests/vectorarray.py" line="785" name="test_gramian[0-&lt;lambda&gt;2]" time="0.002833843231201172"></testcase><testcase classname="src.pymortests.vectorarray" file="src/pymortests/vectorarray.py" line="785" name="test_gramian[0-&lt;lambda&gt;3]" time="0.004069328308105469"></testcase><testcase classname="src.pymortests.vectorarray" file="src/pymortests/vectorarray.py" line="785" name="test_gramian[0-&lt;lambda&gt;4]" time="0.004909992218017578"></testcase><testcase classname="src.pymortests.vectorarray" file="src/pymortests/vectorarray.py" line="785" name="test_gramian[0-&lt;lambda&gt;5]" time="0.002198934555053711"></testcase><testcase classname="src.pymortests.vectorarray" file="src/pymortests/vectorarray.py" line="785" name="test_gramian[0-&lt;lambda&gt;6]" time="0.002195596694946289"></testcase><testcase classname="src.pymortests.vectorarray" file="src/pymortests/vectorarray.py" line="785" name="test_gramian[0-&lt;lambda&gt;7]" time="0.015514850616455078"></testcase><testcase classname="src.pymortests.vectorarray" file="src/pymortests/vectorarray.py" line="785" name="test_gramian[0-&lt;lambda&gt;8]" time="0.26034116744995117"></testcase><testcase classname="src.pymortests.vectorarray" file="src/pymortests/vectorarray.py" line="785" name="test_gramian[0-&lt;lambda&gt;9]" time="1.3667881488800049"></testcase><testcase classname="src.pymortests.vectorarray" file="src/pymortests/vectorarray.py" line="785" name="test_gramian[0-&lt;lambda&gt;10]" time="0.004468202590942383"></testcase><testcase classname="src.pymortests.vectorarray" file="src/pymortests/vectorarray.py" line="785" name="test_gramian[0-&lt;lambda&gt;11]" time="0.00471949577331543"></testcase><testcase classname="src.pymortests.vectorarray" file="src/pymortests/vectorarray.py" line="785" name="test_gramian[0-&lt;lambda&gt;12]" time="0.004195213317871094"></testcase><testcase classname="src.pymortests.vectorarray" file="src/pymortests/vectorarray.py" line="785" name="test_gramian[0-&lt;lambda&gt;13]" time="0.003509044647216797"></testcase><testcase classname="src.pymortests.vectorarray" file="src/pymortests/vectorarray.py" line="785" name="test_gramian[0-&lt;lambda&gt;14]" time="0.004655361175537109"></testcase><testcase classname="src.pymortests.vectorarray" file="src/pymortests/vectorarray.py" line="785" name="test_gramian[0-&lt;lambda&gt;15]" time="0.00766301155090332"></testcase><testcase classname="src.pymortests.vectorarray" file="src/pymortests/vectorarray.py" line="785" name="test_gramian[0-&lt;lambda&gt;16]" time="0.01172018051147461"></testcase><testcase classname="src.pymortests.vectorarray" file="src/pymortests/vectorarray.py" line="785" name="test_gramian[0-&lt;lambda&gt;17]" time="0.0037794113159179688"></testcase><testcase classname="src.pymortests.vectorarray" file="src/pymortests/vectorarray.py" line="785" name="test_gramian[0-&lt;lambda&gt;18]" time="0.0028257369995117188"></testcase><testcase classname="src.pymortests.vectorarray" file="src/pymortests/vectorarray.py" line="785" name="test_gramian[0-&lt;lambda&gt;19]" time="0.019635677337646484"></testcase><testcase classname="src.pymortests.vectorarray" file="src/pymortests/vectorarray.py" line="785" name="test_gramian[0-&lt;lambda&gt;20]" time="0.228424072265625"></testcase><testcase classname="src.pymortests.vectorarray" file="src/pymortests/vectorarray.py" line="785" name="test_gramian[0-&lt;lambda&gt;21]" time="1.2073328495025635"></testcase><testcase classname="src.pymortests.vectorarray" file="src/pymortests/vectorarray.py" line="785" name="test_gramian[0-&lt;lambda&gt;22]" time="0.0029790401458740234"></testcase><testcase classname="src.pymortests.vectorarray" file="src/pymortests/vectorarray.py" line="785" name="test_gramian[0-&lt;lambda&gt;23]" time="0.0022919178009033203"></testcase><testcase classname="src.pymortests.vectorarray" file="src/pymortests/vectorarray.py" line="785" name="test_gramian[0-&lt;lambda&gt;24]" time="0.010441780090332031"></testcase><testcase classname="src.pymortests.vectorarray" file="src/pymortests/vectorarray.py" line="785" name="test_gramian[0-&lt;lambda&gt;25]" time="0.16951799392700195"></testcase><testcase classname="src.pymortests.vectorarray" file="src/pymortests/vectorarray.py" line="785" name="test_gramian[0-&lt;lambda&gt;26]" time="0.8320460319519043"></testcase><testcase classname="src.pymortests.vectorarray" file="src/pymortests/vectorarray.py" line="785" name="test_gramian[1-&lt;lambda&gt;0]" time="0.0032629966735839844"></testcase><testcase classname="src.pymortests.vectorarray" file="src/pymortests/vectorarray.py" line="785" name="test_gramian[1-&lt;lambda&gt;1]" time="0.002427816390991211"></testcase><testcase classname="src.pymortests.vectorarray" file="src/pymortests/vectorarray.py" line="785" name="test_gramian[1-&lt;lambda&gt;2]" time="0.0028307437896728516"></testcase><testcase classname="src.pymortests.vectorarray" file="src/pymortests/vectorarray.py" line="785" name="test_gramian[1-&lt;lambda&gt;3]" time="0.003942251205444336"></testcase><testcase classname="src.pymortests.vectorarray" file="src/pymortests/vectorarray.py" line="785" name="test_gramian[1-&lt;lambda&gt;4]" time="0.004572153091430664"></testcase><testcase classname="src.pymortests.vectorarray" file="src/pymortests/vectorarray.py" line="785" name="test_gramian[1-&lt;lambda&gt;5]" time="0.0022034645080566406"></testcase><testcase classname="src.pymortests.vectorarray" file="src/pymortests/vectorarray.py" line="785" name="test_gramian[1-&lt;lambda&gt;6]" time="0.0021920204162597656"></testcase><testcase classname="src.pymortests.vectorarray" file="src/pymortests/vectorarray.py" line="785" name="test_gramian[1-&lt;lambda&gt;7]" time="0.015628576278686523"></testcase><testcase classname="src.pymortests.vectorarray" file="src/pymortests/vectorarray.py" line="785" name="test_gramian[1-&lt;lambda&gt;8]" time="0.26355767250061035"></testcase><testcase classname="src.pymortests.vectorarray" file="src/pymortests/vectorarray.py" line="785" name="test_gramian[1-&lt;lambda&gt;9]" time="1.3779850006103516"></testcase><testcase classname="src.pymortests.vectorarray" file="src/pymortests/vectorarray.py" line="785" name="test_gramian[1-&lt;lambda&gt;10]" time="0.004643917083740234"></testcase><testcase classname="src.pymortests.vectorarray" file="src/pymortests/vectorarray.py" line="785" name="test_gramian[1-&lt;lambda&gt;11]" time="0.0047550201416015625"></testcase><testcase classname="src.pymortests.vectorarray" file="src/pymortests/vectorarray.py" line="785" name="test_gramian[1-&lt;lambda&gt;12]" time="0.004315614700317383"></testcase><testcase classname="src.pymortests.vectorarray" file="src/pymortests/vectorarray.py" line="785" name="test_gramian[1-&lt;lambda&gt;13]" time="0.003556966781616211"></testcase><testcase classname="src.pymortests.vectorarray" file="src/pymortests/vectorarray.py" line="785" name="test_gramian[1-&lt;lambda&gt;14]" time="0.004675865173339844"></testcase><testcase classname="src.pymortests.vectorarray" file="src/pymortests/vectorarray.py" line="785" name="test_gramian[1-&lt;lambda&gt;15]" time="0.0077250003814697266"></testcase><testcase classname="src.pymortests.vectorarray" file="src/pymortests/vectorarray.py" line="785" name="test_gramian[1-&lt;lambda&gt;16]" time="0.011570930480957031"></testcase><testcase classname="src.pymortests.vectorarray" file="src/pymortests/vectorarray.py" line="785" name="test_gramian[1-&lt;lambda&gt;17]" time="0.002901315689086914"></testcase><testcase classname="src.pymortests.vectorarray" file="src/pymortests/vectorarray.py" line="785" name="test_gramian[1-&lt;lambda&gt;18]" time="0.0029935836791992188"></testcase><testcase classname="src.pymortests.vectorarray" file="src/pymortests/vectorarray.py" line="785" name="test_gramian[1-&lt;lambda&gt;19]" time="0.019971847534179688"></testcase><testcase classname="src.pymortests.vectorarray" file="src/pymortests/vectorarray.py" line="785" name="test_gramian[1-&lt;lambda&gt;20]" time="0.2303464412689209"></testcase><testcase classname="src.pymortests.vectorarray" file="src/pymortests/vectorarray.py" line="785" name="test_gramian[1-&lt;lambda&gt;21]" time="1.2375156879425049"></testcase><testcase classname="src.pymortests.vectorarray" file="src/pymortests/vectorarray.py" line="785" name="test_gramian[1-&lt;lambda&gt;22]" time="0.0029218196868896484"></testcase><testcase classname="src.pymortests.vectorarray" file="src/pymortests/vectorarray.py" line="785" name="test_gramian[1-&lt;lambda&gt;23]" time="0.0022749900817871094"></testcase><testcase classname="src.pymortests.vectorarray" file="src/pymortests/vectorarray.py" line="785" name="test_gramian[1-&lt;lambda&gt;24]" time="0.010325908660888672"></testcase><testcase classname="src.pymortests.vectorarray" file="src/pymortests/vectorarray.py" line="785" name="test_gramian[1-&lt;lambda&gt;25]" time="0.17266130447387695"></testcase><testcase classname="src.pymortests.vectorarray" file="src/pymortests/vectorarray.py" line="785" name="test_gramian[1-&lt;lambda&gt;26]" time="0.8353164196014404"></testcase><testcase classname="src.pymortests.vectorarray" file="src/pymortests/vectorarray.py" line="785" name="test_gramian[2-&lt;lambda&gt;0]" time="0.0032291412353515625"></testcase><testcase classname="src.pymortests.vectorarray" file="src/pymortests/vectorarray.py" line="785" name="test_gramian[2-&lt;lambda&gt;1]" time="0.002334117889404297"></testcase><testcase classname="src.pymortests.vectorarray" file="src/pymortests/vectorarray.py" line="785" name="test_gramian[2-&lt;lambda&gt;2]" time="0.0027551651000976562"></testcase><testcase classname="src.pymortests.vectorarray" file="src/pymortests/vectorarray.py" line="785" name="test_gramian[2-&lt;lambda&gt;3]" time="0.0038576126098632812"></testcase><testcase classname="src.pymortests.vectorarray" file="src/pymortests/vectorarray.py" line="785" name="test_gramian[2-&lt;lambda&gt;4]" time="0.004525423049926758"></testcase><testcase classname="src.pymortests.vectorarray" file="src/pymortests/vectorarray.py" line="785" name="test_gramian[2-&lt;lambda&gt;5]" time="0.0024614334106445312"></testcase><testcase classname="src.pymortests.vectorarray" file="src/pymortests/vectorarray.py" line="785" name="test_gramian[2-&lt;lambda&gt;6]" time="0.0021736621856689453"></testcase><testcase classname="src.pymortests.vectorarray" file="src/pymortests/vectorarray.py" line="785" name="test_gramian[2-&lt;lambda&gt;7]" time="0.015069007873535156"></testcase><testcase classname="src.pymortests.vectorarray" file="src/pymortests/vectorarray.py" line="785" name="test_gramian[2-&lt;lambda&gt;8]" time="0.26064276695251465"></testcase><testcase classname="src.pymortests.vectorarray" file="src/pymortests/vectorarray.py" line="785" name="test_gramian[2-&lt;lambda&gt;9]" time="1.3707785606384277"></testcase><testcase classname="src.pymortests.vectorarray" file="src/pymortests/vectorarray.py" line="785" name="test_gramian[2-&lt;lambda&gt;10]" time="0.00448918342590332"></testcase><testcase classname="src.pymortests.vectorarray" file="src/pymortests/vectorarray.py" line="785" name="test_gramian[2-&lt;lambda&gt;11]" time="0.004709482192993164"></testcase><testcase classname="src.pymortests.vectorarray" file="src/pymortests/vectorarray.py" line="785" name="test_gramian[2-&lt;lambda&gt;12]" time="0.004500389099121094"></testcase><testcase classname="src.pymortests.vectorarray" file="src/pymortests/vectorarray.py" line="785" name="test_gramian[2-&lt;lambda&gt;13]" time="0.003797292709350586"></testcase><testcase classname="src.pymortests.vectorarray" file="src/pymortests/vectorarray.py" line="785" name="test_gramian[2-&lt;lambda&gt;14]" time="0.004676342010498047"></testcase><testcase classname="src.pymortests.vectorarray" file="src/pymortests/vectorarray.py" line="785" name="test_gramian[2-&lt;lambda&gt;15]" time="0.007945537567138672"></testcase><testcase classname="src.pymortests.vectorarray" file="src/pymortests/vectorarray.py" line="785" name="test_gramian[2-&lt;lambda&gt;16]" time="0.012479305267333984"></testcase><testcase classname="src.pymortests.vectorarray" file="src/pymortests/vectorarray.py" line="785" name="test_gramian[2-&lt;lambda&gt;17]" time="0.0030443668365478516"></testcase><testcase classname="src.pymortests.vectorarray" file="src/pymortests/vectorarray.py" line="785" name="test_gramian[2-&lt;lambda&gt;18]" time="0.0029344558715820312"></testcase><testcase classname="src.pymortests.vectorarray" file="src/pymortests/vectorarray.py" line="785" name="test_gramian[2-&lt;lambda&gt;19]" time="0.019222259521484375"></testcase><testcase classname="src.pymortests.vectorarray" file="src/pymortests/vectorarray.py" line="785" name="test_gramian[2-&lt;lambda&gt;20]" time="0.24233436584472656"></testcase><testcase classname="src.pymortests.vectorarray" file="src/pymortests/vectorarray.py" line="785" name="test_gramian[2-&lt;lambda&gt;21]" time="1.2322323322296143"></testcase><testcase classname="src.pymortests.vectorarray" file="src/pymortests/vectorarray.py" line="785" name="test_gramian[2-&lt;lambda&gt;22]" time="0.00296783447265625"></testcase><testcase classname="src.pymortests.vectorarray" file="src/pymortests/vectorarray.py" line="785" name="test_gramian[2-&lt;lambda&gt;23]" time="0.0022363662719726562"></testcase><testcase classname="src.pymortests.vectorarray" file="src/pymortests/vectorarray.py" line="785" name="test_gramian[2-&lt;lambda&gt;24]" time="0.010015726089477539"></testcase><testcase classname="src.pymortests.vectorarray" file="src/pymortests/vectorarray.py" line="785" name="test_gramian[2-&lt;lambda&gt;25]" time="0.17112016677856445"></testcase><testcase classname="src.pymortests.vectorarray" file="src/pymortests/vectorarray.py" line="785" name="test_gramian[2-&lt;lambda&gt;26]" time="0.836261510848999"></testcase><testcase classname="src.pymortests.vectorarray" file="src/pymortests/vectorarray.py" line="791" name="test_add[compatible_vector_array_pair0-&lt;lambda&gt;0]" time="0.0025205612182617188"></testcase><testcase classname="src.pymortests.vectorarray" file="src/pymortests/vectorarray.py" line="791" name="test_add[compatible_vector_array_pair0-&lt;lambda&gt;1]" time="0.0015687942504882812"></testcase><testcase classname="src.pymortests.vectorarray" file="src/pymortests/vectorarray.py" line="791" name="test_add[compatible_vector_array_pair0-&lt;lambda&gt;2]" time="0.0015902519226074219"></testcase><testcase classname="src.pymortests.vectorarray" file="src/pymortests/vectorarray.py" line="791" name="test_add[compatible_vector_array_pair0-&lt;lambda&gt;3]" time="0.0016210079193115234"></testcase><testcase classname="src.pymortests.vectorarray" file="src/pymortests/vectorarray.py" line="791" name="test_add[compatible_vector_array_pair0-&lt;lambda&gt;4]" time="0.0015397071838378906"></testcase><testcase classname="src.pymortests.vectorarray" file="src/pymortests/vectorarray.py" line="791" name="test_add[compatible_vector_array_pair0-&lt;lambda&gt;5]" time="0.001369476318359375"></testcase><testcase classname="src.pymortests.vectorarray" file="src/pymortests/vectorarray.py" line="791" name="test_add[compatible_vector_array_pair0-&lt;lambda&gt;6]" time="0.0013701915740966797"></testcase><testcase classname="src.pymortests.vectorarray" file="src/pymortests/vectorarray.py" line="791" name="test_add[compatible_vector_array_pair0-&lt;lambda&gt;7]" time="0.0013837814331054688"></testcase><testcase classname="src.pymortests.vectorarray" file="src/pymortests/vectorarray.py" line="791" name="test_add[compatible_vector_array_pair0-&lt;lambda&gt;8]" time="0.0016856193542480469"></testcase><testcase classname="src.pymortests.vectorarray" file="src/pymortests/vectorarray.py" line="791" name="test_add[compatible_vector_array_pair0-&lt;lambda&gt;9]" time="0.004728555679321289"></testcase><testcase classname="src.pymortests.vectorarray" file="src/pymortests/vectorarray.py" line="791" name="test_add[compatible_vector_array_pair0-&lt;lambda&gt;10]" time="0.009064435958862305"></testcase><testcase classname="src.pymortests.vectorarray" file="src/pymortests/vectorarray.py" line="791" name="test_add[compatible_vector_array_pair0-&lt;lambda&gt;11]" time="0.0017943382263183594"></testcase><testcase classname="src.pymortests.vectorarray" file="src/pymortests/vectorarray.py" line="791" name="test_add[compatible_vector_array_pair0-&lt;lambda&gt;12]" time="0.0018801689147949219"></testcase><testcase classname="src.pymortests.vectorarray" file="src/pymortests/vectorarray.py" line="791" name="test_add[compatible_vector_array_pair0-&lt;lambda&gt;13]" time="0.0019240379333496094"></testcase><testcase classname="src.pymortests.vectorarray" file="src/pymortests/vectorarray.py" line="791" name="test_add[compatible_vector_array_pair0-&lt;lambda&gt;14]" time="0.0019321441650390625"></testcase><testcase classname="src.pymortests.vectorarray" file="src/pymortests/vectorarray.py" line="791" name="test_add[compatible_vector_array_pair0-&lt;lambda&gt;15]" time="0.0022361278533935547"></testcase><testcase classname="src.pymortests.vectorarray" file="src/pymortests/vectorarray.py" line="791" name="test_add[compatible_vector_array_pair0-&lt;lambda&gt;16]" time="0.002444028854370117"></testcase><testcase classname="src.pymortests.vectorarray" file="src/pymortests/vectorarray.py" line="791" name="test_add[compatible_vector_array_pair0-&lt;lambda&gt;17]" time="0.002358675003051758"></testcase><testcase classname="src.pymortests.vectorarray" file="src/pymortests/vectorarray.py" line="791" name="test_add[compatible_vector_array_pair0-&lt;lambda&gt;18]" time="0.0022416114807128906"></testcase><testcase classname="src.pymortests.vectorarray" file="src/pymortests/vectorarray.py" line="791" name="test_add[compatible_vector_array_pair0-&lt;lambda&gt;19]" time="0.0021810531616210938"></testcase><testcase classname="src.pymortests.vectorarray" file="src/pymortests/vectorarray.py" line="791" name="test_add[compatible_vector_array_pair0-&lt;lambda&gt;20]" time="0.028884172439575195"></testcase><testcase classname="src.pymortests.vectorarray" file="src/pymortests/vectorarray.py" line="791" name="test_add[compatible_vector_array_pair0-&lt;lambda&gt;21]" time="0.019783496856689453"></testcase><testcase classname="src.pymortests.vectorarray" file="src/pymortests/vectorarray.py" line="791" name="test_add[compatible_vector_array_pair0-&lt;lambda&gt;22]" time="0.05210566520690918"></testcase><testcase classname="src.pymortests.vectorarray" file="src/pymortests/vectorarray.py" line="791" name="test_add[compatible_vector_array_pair0-&lt;lambda&gt;23]" time="0.0038030147552490234"></testcase><testcase classname="src.pymortests.vectorarray" file="src/pymortests/vectorarray.py" line="791" name="test_add[compatible_vector_array_pair0-&lt;lambda&gt;24]" time="0.001416921615600586"></testcase><testcase classname="src.pymortests.vectorarray" file="src/pymortests/vectorarray.py" line="791" name="test_add[compatible_vector_array_pair0-&lt;lambda&gt;25]" time="0.0023958683013916016"></testcase><testcase classname="src.pymortests.vectorarray" file="src/pymortests/vectorarray.py" line="791" name="test_add[compatible_vector_array_pair0-&lt;lambda&gt;26]" time="0.024107933044433594"></testcase><testcase classname="src.pymortests.vectorarray" file="src/pymortests/vectorarray.py" line="791" name="test_add[compatible_vector_array_pair0-&lt;lambda&gt;27]" time="0.1239173412322998"></testcase><testcase classname="src.pymortests.vectorarray" file="src/pymortests/vectorarray.py" line="791" name="test_add[compatible_vector_array_pair0-&lt;lambda&gt;28]" time="0.3316152095794678"></testcase><testcase classname="src.pymortests.vectorarray" file="src/pymortests/vectorarray.py" line="791" name="test_add[compatible_vector_array_pair0-&lt;lambda&gt;29]" time="0.010692358016967773"></testcase><testcase classname="src.pymortests.vectorarray" file="src/pymortests/vectorarray.py" line="791" name="test_add[compatible_vector_array_pair1-&lt;lambda&gt;0]" time="0.0024802684783935547"></testcase><testcase classname="src.pymortests.vectorarray" file="src/pymortests/vectorarray.py" line="791" name="test_add[compatible_vector_array_pair1-&lt;lambda&gt;1]" time="0.0017824172973632812"></testcase><testcase classname="src.pymortests.vectorarray" file="src/pymortests/vectorarray.py" line="791" name="test_add[compatible_vector_array_pair1-&lt;lambda&gt;2]" time="0.0017218589782714844"></testcase><testcase classname="src.pymortests.vectorarray" file="src/pymortests/vectorarray.py" line="791" name="test_add[compatible_vector_array_pair1-&lt;lambda&gt;3]" time="0.0016846656799316406"></testcase><testcase classname="src.pymortests.vectorarray" file="src/pymortests/vectorarray.py" line="791" name="test_add[compatible_vector_array_pair1-&lt;lambda&gt;4]" time="0.0016062259674072266"></testcase><testcase classname="src.pymortests.vectorarray" file="src/pymortests/vectorarray.py" line="791" name="test_add[compatible_vector_array_pair1-&lt;lambda&gt;5]" time="0.0014917850494384766"></testcase><testcase classname="src.pymortests.vectorarray" file="src/pymortests/vectorarray.py" line="791" name="test_add[compatible_vector_array_pair1-&lt;lambda&gt;6]" time="0.0014622211456298828"></testcase><testcase classname="src.pymortests.vectorarray" file="src/pymortests/vectorarray.py" line="791" name="test_add[compatible_vector_array_pair1-&lt;lambda&gt;7]" time="0.0015146732330322266"></testcase><testcase classname="src.pymortests.vectorarray" file="src/pymortests/vectorarray.py" line="791" name="test_add[compatible_vector_array_pair1-&lt;lambda&gt;8]" time="0.0019147396087646484"></testcase><testcase classname="src.pymortests.vectorarray" file="src/pymortests/vectorarray.py" line="791" name="test_add[compatible_vector_array_pair1-&lt;lambda&gt;9]" time="0.005138397216796875"></testcase><testcase classname="src.pymortests.vectorarray" file="src/pymortests/vectorarray.py" line="791" name="test_add[compatible_vector_array_pair1-&lt;lambda&gt;10]" time="0.01007223129272461"></testcase><testcase classname="src.pymortests.vectorarray" file="src/pymortests/vectorarray.py" line="791" name="test_add[compatible_vector_array_pair1-&lt;lambda&gt;11]" time="0.0019674301147460938"></testcase><testcase classname="src.pymortests.vectorarray" file="src/pymortests/vectorarray.py" line="791" name="test_add[compatible_vector_array_pair1-&lt;lambda&gt;12]" time="0.0021431446075439453"></testcase><testcase classname="src.pymortests.vectorarray" file="src/pymortests/vectorarray.py" line="791" name="test_add[compatible_vector_array_pair1-&lt;lambda&gt;13]" time="0.0020911693572998047"></testcase><testcase classname="src.pymortests.vectorarray" file="src/pymortests/vectorarray.py" line="791" name="test_add[compatible_vector_array_pair1-&lt;lambda&gt;14]" time="0.002044200897216797"></testcase><testcase classname="src.pymortests.vectorarray" file="src/pymortests/vectorarray.py" line="791" name="test_add[compatible_vector_array_pair1-&lt;lambda&gt;15]" time="0.002355813980102539"></testcase><testcase classname="src.pymortests.vectorarray" file="src/pymortests/vectorarray.py" line="791" name="test_add[compatible_vector_array_pair1-&lt;lambda&gt;16]" time="0.002750873565673828"></testcase><testcase classname="src.pymortests.vectorarray" file="src/pymortests/vectorarray.py" line="791" name="test_add[compatible_vector_array_pair1-&lt;lambda&gt;17]" time="0.0025932788848876953"></testcase><testcase classname="src.pymortests.vectorarray" file="src/pymortests/vectorarray.py" line="791" name="test_add[compatible_vector_array_pair1-&lt;lambda&gt;18]" time="0.002240896224975586"></testcase><testcase classname="src.pymortests.vectorarray" file="src/pymortests/vectorarray.py" line="791" name="test_add[compatible_vector_array_pair1-&lt;lambda&gt;19]" time="0.0023500919342041016"></testcase><testcase classname="src.pymortests.vectorarray" file="src/pymortests/vectorarray.py" line="791" name="test_add[compatible_vector_array_pair1-&lt;lambda&gt;20]" time="0.030075550079345703"></testcase><testcase classname="src.pymortests.vectorarray" file="src/pymortests/vectorarray.py" line="791" name="test_add[compatible_vector_array_pair1-&lt;lambda&gt;21]" time="0.019104719161987305"></testcase><testcase classname="src.pymortests.vectorarray" file="src/pymortests/vectorarray.py" line="791" name="test_add[compatible_vector_array_pair1-&lt;lambda&gt;22]" time="0.05205726623535156"></testcase><testcase classname="src.pymortests.vectorarray" file="src/pymortests/vectorarray.py" line="791" name="test_add[compatible_vector_array_pair1-&lt;lambda&gt;23]" time="0.0039217472076416016"></testcase><testcase classname="src.pymortests.vectorarray" file="src/pymortests/vectorarray.py" line="791" name="test_add[compatible_vector_array_pair1-&lt;lambda&gt;24]" time="0.0014085769653320312"></testcase><testcase classname="src.pymortests.vectorarray" file="src/pymortests/vectorarray.py" line="791" name="test_add[compatible_vector_array_pair1-&lt;lambda&gt;25]" time="0.0023670196533203125"></testcase><testcase classname="src.pymortests.vectorarray" file="src/pymortests/vectorarray.py" line="791" name="test_add[compatible_vector_array_pair1-&lt;lambda&gt;26]" time="0.024201393127441406"></testcase><testcase classname="src.pymortests.vectorarray" file="src/pymortests/vectorarray.py" line="791" name="test_add[compatible_vector_array_pair1-&lt;lambda&gt;27]" time="0.12384629249572754"></testcase><testcase classname="src.pymortests.vectorarray" file="src/pymortests/vectorarray.py" line="791" name="test_add[compatible_vector_array_pair1-&lt;lambda&gt;28]" time="0.33344030380249023"></testcase><testcase classname="src.pymortests.vectorarray" file="src/pymortests/vectorarray.py" line="791" name="test_add[compatible_vector_array_pair1-&lt;lambda&gt;29]" time="0.009952306747436523"></testcase><testcase classname="src.pymortests.vectorarray" file="src/pymortests/vectorarray.py" line="791" name="test_add[compatible_vector_array_pair2-&lt;lambda&gt;0]" time="0.00162506103515625"></testcase><testcase classname="src.pymortests.vectorarray" file="src/pymortests/vectorarray.py" line="791" name="test_add[compatible_vector_array_pair2-&lt;lambda&gt;1]" time="0.0015861988067626953"></testcase><testcase classname="src.pymortests.vectorarray" file="src/pymortests/vectorarray.py" line="791" name="test_add[compatible_vector_array_pair2-&lt;lambda&gt;2]" time="0.001504659652709961"></testcase><testcase classname="src.pymortests.vectorarray" file="src/pymortests/vectorarray.py" line="791" name="test_add[compatible_vector_array_pair2-&lt;lambda&gt;3]" time="0.0016756057739257812"></testcase><testcase classname="src.pymortests.vectorarray" file="src/pymortests/vectorarray.py" line="791" name="test_add[compatible_vector_array_pair2-&lt;lambda&gt;4]" time="0.001600027084350586"></testcase><testcase classname="src.pymortests.vectorarray" file="src/pymortests/vectorarray.py" line="791" name="test_add[compatible_vector_array_pair2-&lt;lambda&gt;5]" time="0.001428365707397461"></testcase><testcase classname="src.pymortests.vectorarray" file="src/pymortests/vectorarray.py" line="791" name="test_add[compatible_vector_array_pair2-&lt;lambda&gt;6]" time="0.0013971328735351562"></testcase><testcase classname="src.pymortests.vectorarray" file="src/pymortests/vectorarray.py" line="791" name="test_add[compatible_vector_array_pair2-&lt;lambda&gt;7]" time="0.0013735294342041016"></testcase><testcase classname="src.pymortests.vectorarray" file="src/pymortests/vectorarray.py" line="791" name="test_add[compatible_vector_array_pair2-&lt;lambda&gt;8]" time="0.0018956661224365234"></testcase><testcase classname="src.pymortests.vectorarray" file="src/pymortests/vectorarray.py" line="791" name="test_add[compatible_vector_array_pair2-&lt;lambda&gt;9]" time="0.004808902740478516"></testcase><testcase classname="src.pymortests.vectorarray" file="src/pymortests/vectorarray.py" line="791" name="test_add[compatible_vector_array_pair2-&lt;lambda&gt;10]" time="0.009537696838378906"></testcase><testcase classname="src.pymortests.vectorarray" file="src/pymortests/vectorarray.py" line="791" name="test_add[compatible_vector_array_pair2-&lt;lambda&gt;11]" time="0.001810312271118164"></testcase><testcase classname="src.pymortests.vectorarray" file="src/pymortests/vectorarray.py" line="791" name="test_add[compatible_vector_array_pair2-&lt;lambda&gt;12]" time="0.0018398761749267578"></testcase><testcase classname="src.pymortests.vectorarray" file="src/pymortests/vectorarray.py" line="791" name="test_add[compatible_vector_array_pair2-&lt;lambda&gt;13]" time="0.001963376998901367"></testcase><testcase classname="src.pymortests.vectorarray" file="src/pymortests/vectorarray.py" line="791" name="test_add[compatible_vector_array_pair2-&lt;lambda&gt;14]" time="0.0019042491912841797"></testcase><testcase classname="src.pymortests.vectorarray" file="src/pymortests/vectorarray.py" line="791" name="test_add[compatible_vector_array_pair2-&lt;lambda&gt;15]" time="0.0022284984588623047"></testcase><testcase classname="src.pymortests.vectorarray" file="src/pymortests/vectorarray.py" line="791" name="test_add[compatible_vector_array_pair2-&lt;lambda&gt;16]" time="0.0027909278869628906"></testcase><testcase classname="src.pymortests.vectorarray" file="src/pymortests/vectorarray.py" line="791" name="test_add[compatible_vector_array_pair2-&lt;lambda&gt;17]" time="0.0024292469024658203"></testcase><testcase classname="src.pymortests.vectorarray" file="src/pymortests/vectorarray.py" line="791" name="test_add[compatible_vector_array_pair2-&lt;lambda&gt;18]" time="0.0021088123321533203"></testcase><testcase classname="src.pymortests.vectorarray" file="src/pymortests/vectorarray.py" line="791" name="test_add[compatible_vector_array_pair2-&lt;lambda&gt;19]" time="0.00250244140625"></testcase><testcase classname="src.pymortests.vectorarray" file="src/pymortests/vectorarray.py" line="791" name="test_add[compatible_vector_array_pair2-&lt;lambda&gt;20]" time="0.0258026123046875"></testcase><testcase classname="src.pymortests.vectorarray" file="src/pymortests/vectorarray.py" line="791" name="test_add[compatible_vector_array_pair2-&lt;lambda&gt;21]" time="0.01826930046081543"></testcase><testcase classname="src.pymortests.vectorarray" file="src/pymortests/vectorarray.py" line="791" name="test_add[compatible_vector_array_pair2-&lt;lambda&gt;22]" time="0.051331281661987305"></testcase><testcase classname="src.pymortests.vectorarray" file="src/pymortests/vectorarray.py" line="791" name="test_add[compatible_vector_array_pair2-&lt;lambda&gt;23]" time="0.003790616989135742"></testcase><testcase classname="src.pymortests.vectorarray" file="src/pymortests/vectorarray.py" line="791" name="test_add[compatible_vector_array_pair2-&lt;lambda&gt;24]" time="0.001495361328125"></testcase><testcase classname="src.pymortests.vectorarray" file="src/pymortests/vectorarray.py" line="791" name="test_add[compatible_vector_array_pair2-&lt;lambda&gt;25]" time="0.0023543834686279297"></testcase><testcase classname="src.pymortests.vectorarray" file="src/pymortests/vectorarray.py" line="791" name="test_add[compatible_vector_array_pair2-&lt;lambda&gt;26]" time="0.024512290954589844"></testcase><testcase classname="src.pymortests.vectorarray" file="src/pymortests/vectorarray.py" line="791" name="test_add[compatible_vector_array_pair2-&lt;lambda&gt;27]" time="0.12562084197998047"></testcase><testcase classname="src.pymortests.vectorarray" file="src/pymortests/vectorarray.py" line="791" name="test_add[compatible_vector_array_pair2-&lt;lambda&gt;28]" time="0.3282442092895508"></testcase><testcase classname="src.pymortests.vectorarray" file="src/pymortests/vectorarray.py" line="791" name="test_add[compatible_vector_array_pair2-&lt;lambda&gt;29]" time="0.009930133819580078"></testcase><testcase classname="src.pymortests.vectorarray" file="src/pymortests/vectorarray.py" line="791" name="test_add[compatible_vector_array_pair3-&lt;lambda&gt;0]" time="0.0024471282958984375"></testcase><testcase classname="src.pymortests.vectorarray" file="src/pymortests/vectorarray.py" line="791" name="test_add[compatible_vector_array_pair3-&lt;lambda&gt;1]" time="0.0015728473663330078"></testcase><testcase classname="src.pymortests.vectorarray" file="src/pymortests/vectorarray.py" line="791" name="test_add[compatible_vector_array_pair3-&lt;lambda&gt;2]" time="0.0016188621520996094"></testcase><testcase classname="src.pymortests.vectorarray" file="src/pymortests/vectorarray.py" line="791" name="test_add[compatible_vector_array_pair3-&lt;lambda&gt;3]" time="0.0017116069793701172"></testcase><testcase classname="src.pymortests.vectorarray" file="src/pymortests/vectorarray.py" line="791" name="test_add[compatible_vector_array_pair3-&lt;lambda&gt;4]" time="0.0015118122100830078"></testcase><testcase classname="src.pymortests.vectorarray" file="src/pymortests/vectorarray.py" line="791" name="test_add[compatible_vector_array_pair3-&lt;lambda&gt;5]" time="0.0014755725860595703"></testcase><testcase classname="src.pymortests.vectorarray" file="src/pymortests/vectorarray.py" line="791" name="test_add[compatible_vector_array_pair3-&lt;lambda&gt;6]" time="0.0014662742614746094"></testcase><testcase classname="src.pymortests.vectorarray" file="src/pymortests/vectorarray.py" line="791" name="test_add[compatible_vector_array_pair3-&lt;lambda&gt;7]" time="0.0014164447784423828"></testcase><testcase classname="src.pymortests.vectorarray" file="src/pymortests/vectorarray.py" line="791" name="test_add[compatible_vector_array_pair3-&lt;lambda&gt;8]" time="0.0017445087432861328"></testcase><testcase classname="src.pymortests.vectorarray" file="src/pymortests/vectorarray.py" line="791" name="test_add[compatible_vector_array_pair3-&lt;lambda&gt;9]" time="0.004955768585205078"></testcase><testcase classname="src.pymortests.vectorarray" file="src/pymortests/vectorarray.py" line="791" name="test_add[compatible_vector_array_pair3-&lt;lambda&gt;10]" time="0.009412765502929688"></testcase><testcase classname="src.pymortests.vectorarray" file="src/pymortests/vectorarray.py" line="791" name="test_add[compatible_vector_array_pair3-&lt;lambda&gt;11]" time="0.0018656253814697266"></testcase><testcase classname="src.pymortests.vectorarray" file="src/pymortests/vectorarray.py" line="791" name="test_add[compatible_vector_array_pair3-&lt;lambda&gt;12]" time="0.002011537551879883"></testcase><testcase classname="src.pymortests.vectorarray" file="src/pymortests/vectorarray.py" line="791" name="test_add[compatible_vector_array_pair3-&lt;lambda&gt;13]" time="0.0019800662994384766"></testcase><testcase classname="src.pymortests.vectorarray" file="src/pymortests/vectorarray.py" line="791" name="test_add[compatible_vector_array_pair3-&lt;lambda&gt;14]" time="0.0018191337585449219"></testcase><testcase classname="src.pymortests.vectorarray" file="src/pymortests/vectorarray.py" line="791" name="test_add[compatible_vector_array_pair3-&lt;lambda&gt;15]" time="0.002288341522216797"></testcase><testcase classname="src.pymortests.vectorarray" file="src/pymortests/vectorarray.py" line="791" name="test_add[compatible_vector_array_pair3-&lt;lambda&gt;16]" time="0.0026030540466308594"></testcase><testcase classname="src.pymortests.vectorarray" file="src/pymortests/vectorarray.py" line="791" name="test_add[compatible_vector_array_pair3-&lt;lambda&gt;17]" time="0.0023958683013916016"></testcase><testcase classname="src.pymortests.vectorarray" file="src/pymortests/vectorarray.py" line="791" name="test_add[compatible_vector_array_pair3-&lt;lambda&gt;18]" time="0.0022134780883789062"></testcase><testcase classname="src.pymortests.vectorarray" file="src/pymortests/vectorarray.py" line="791" name="test_add[compatible_vector_array_pair3-&lt;lambda&gt;19]" time="0.0021581649780273438"></testcase><testcase classname="src.pymortests.vectorarray" file="src/pymortests/vectorarray.py" line="791" name="test_add[compatible_vector_array_pair3-&lt;lambda&gt;20]" time="0.025866270065307617"></testcase><testcase classname="src.pymortests.vectorarray" file="src/pymortests/vectorarray.py" line="791" name="test_add[compatible_vector_array_pair3-&lt;lambda&gt;21]" time="0.018706321716308594"></testcase><testcase classname="src.pymortests.vectorarray" file="src/pymortests/vectorarray.py" line="791" name="test_add[compatible_vector_array_pair3-&lt;lambda&gt;22]" time="0.051662445068359375"></testcase><testcase classname="src.pymortests.vectorarray" file="src/pymortests/vectorarray.py" line="791" name="test_add[compatible_vector_array_pair3-&lt;lambda&gt;23]" time="0.004064083099365234"></testcase><testcase classname="src.pymortests.vectorarray" file="src/pymortests/vectorarray.py" line="791" name="test_add[compatible_vector_array_pair3-&lt;lambda&gt;24]" time="0.0015270709991455078"></testcase><testcase classname="src.pymortests.vectorarray" file="src/pymortests/vectorarray.py" line="791" name="test_add[compatible_vector_array_pair3-&lt;lambda&gt;25]" time="0.002525806427001953"></testcase><testcase classname="src.pymortests.vectorarray" file="src/pymortests/vectorarray.py" line="791" name="test_add[compatible_vector_array_pair3-&lt;lambda&gt;26]" time="0.02506113052368164"></testcase><testcase classname="src.pymortests.vectorarray" file="src/pymortests/vectorarray.py" line="791" name="test_add[compatible_vector_array_pair3-&lt;lambda&gt;27]" time="0.12411189079284668"></testcase><testcase classname="src.pymortests.vectorarray" file="src/pymortests/vectorarray.py" line="791" name="test_add[compatible_vector_array_pair3-&lt;lambda&gt;28]" time="0.3305025100708008"></testcase><testcase classname="src.pymortests.vectorarray" file="src/pymortests/vectorarray.py" line="791" name="test_add[compatible_vector_array_pair3-&lt;lambda&gt;29]" time="0.010203361511230469"></testcase><testcase classname="src.pymortests.vectorarray" file="src/pymortests/vectorarray.py" line="791" name="test_add[compatible_vector_array_pair4-&lt;lambda&gt;0]" time="0.0016744136810302734"></testcase><testcase classname="src.pymortests.vectorarray" file="src/pymortests/vectorarray.py" line="791" name="test_add[compatible_vector_array_pair4-&lt;lambda&gt;1]" time="0.0015723705291748047"></testcase><testcase classname="src.pymortests.vectorarray" file="src/pymortests/vectorarray.py" line="791" name="test_add[compatible_vector_array_pair4-&lt;lambda&gt;2]" time="0.0016002655029296875"></testcase><testcase classname="src.pymortests.vectorarray" file="src/pymortests/vectorarray.py" line="791" name="test_add[compatible_vector_array_pair4-&lt;lambda&gt;3]" time="0.0018012523651123047"></testcase><testcase classname="src.pymortests.vectorarray" file="src/pymortests/vectorarray.py" line="791" name="test_add[compatible_vector_array_pair4-&lt;lambda&gt;4]" time="0.0016064643859863281"></testcase><testcase classname="src.pymortests.vectorarray" file="src/pymortests/vectorarray.py" line="791" name="test_add[compatible_vector_array_pair4-&lt;lambda&gt;5]" time="0.0014557838439941406"></testcase><testcase classname="src.pymortests.vectorarray" file="src/pymortests/vectorarray.py" line="791" name="test_add[compatible_vector_array_pair4-&lt;lambda&gt;6]" time="0.0014019012451171875"></testcase><testcase classname="src.pymortests.vectorarray" file="src/pymortests/vectorarray.py" line="791" name="test_add[compatible_vector_array_pair4-&lt;lambda&gt;7]" time="0.0014576911926269531"></testcase><testcase classname="src.pymortests.vectorarray" file="src/pymortests/vectorarray.py" line="791" name="test_add[compatible_vector_array_pair4-&lt;lambda&gt;8]" time="0.0019025802612304688"></testcase><testcase classname="src.pymortests.vectorarray" file="src/pymortests/vectorarray.py" line="791" name="test_add[compatible_vector_array_pair4-&lt;lambda&gt;9]" time="0.004953861236572266"></testcase><testcase classname="src.pymortests.vectorarray" file="src/pymortests/vectorarray.py" line="791" name="test_add[compatible_vector_array_pair4-&lt;lambda&gt;10]" time="0.012993812561035156"></testcase><testcase classname="src.pymortests.vectorarray" file="src/pymortests/vectorarray.py" line="791" name="test_add[compatible_vector_array_pair4-&lt;lambda&gt;11]" time="0.0024504661560058594"></testcase><testcase classname="src.pymortests.vectorarray" file="src/pymortests/vectorarray.py" line="791" name="test_add[compatible_vector_array_pair4-&lt;lambda&gt;12]" time="0.0019712448120117188"></testcase><testcase classname="src.pymortests.vectorarray" file="src/pymortests/vectorarray.py" line="791" name="test_add[compatible_vector_array_pair4-&lt;lambda&gt;13]" time="0.002016782760620117"></testcase><testcase classname="src.pymortests.vectorarray" file="src/pymortests/vectorarray.py" line="791" name="test_add[compatible_vector_array_pair4-&lt;lambda&gt;14]" time="0.0018749237060546875"></testcase><testcase classname="src.pymortests.vectorarray" file="src/pymortests/vectorarray.py" line="791" name="test_add[compatible_vector_array_pair4-&lt;lambda&gt;15]" time="0.002305746078491211"></testcase><testcase classname="src.pymortests.vectorarray" file="src/pymortests/vectorarray.py" line="791" name="test_add[compatible_vector_array_pair4-&lt;lambda&gt;16]" time="0.002546072006225586"></testcase><testcase classname="src.pymortests.vectorarray" file="src/pymortests/vectorarray.py" line="791" name="test_add[compatible_vector_array_pair4-&lt;lambda&gt;17]" time="0.0024576187133789062"></testcase><testcase classname="src.pymortests.vectorarray" file="src/pymortests/vectorarray.py" line="791" name="test_add[compatible_vector_array_pair4-&lt;lambda&gt;18]" time="0.0021736621856689453"></testcase><testcase classname="src.pymortests.vectorarray" file="src/pymortests/vectorarray.py" line="791" name="test_add[compatible_vector_array_pair4-&lt;lambda&gt;19]" time="0.0021927356719970703"></testcase><testcase classname="src.pymortests.vectorarray" file="src/pymortests/vectorarray.py" line="791" name="test_add[compatible_vector_array_pair4-&lt;lambda&gt;20]" time="0.025894641876220703"></testcase><testcase classname="src.pymortests.vectorarray" file="src/pymortests/vectorarray.py" line="791" name="test_add[compatible_vector_array_pair4-&lt;lambda&gt;21]" time="0.019330263137817383"></testcase><testcase classname="src.pymortests.vectorarray" file="src/pymortests/vectorarray.py" line="791" name="test_add[compatible_vector_array_pair4-&lt;lambda&gt;22]" time="0.05338263511657715"></testcase><testcase classname="src.pymortests.vectorarray" file="src/pymortests/vectorarray.py" line="791" name="test_add[compatible_vector_array_pair4-&lt;lambda&gt;23]" time="0.004210472106933594"></testcase><testcase classname="src.pymortests.vectorarray" file="src/pymortests/vectorarray.py" line="791" name="test_add[compatible_vector_array_pair4-&lt;lambda&gt;24]" time="0.0015633106231689453"></testcase><testcase classname="src.pymortests.vectorarray" file="src/pymortests/vectorarray.py" line="791" name="test_add[compatible_vector_array_pair4-&lt;lambda&gt;25]" time="0.002650737762451172"></testcase><testcase classname="src.pymortests.vectorarray" file="src/pymortests/vectorarray.py" line="791" name="test_add[compatible_vector_array_pair4-&lt;lambda&gt;26]" time="0.025518417358398438"></testcase><testcase classname="src.pymortests.vectorarray" file="src/pymortests/vectorarray.py" line="791" name="test_add[compatible_vector_array_pair4-&lt;lambda&gt;27]" time="0.12194085121154785"></testcase><testcase classname="src.pymortests.vectorarray" file="src/pymortests/vectorarray.py" line="791" name="test_add[compatible_vector_array_pair4-&lt;lambda&gt;28]" time="0.3305928707122803"></testcase><testcase classname="src.pymortests.vectorarray" file="src/pymortests/vectorarray.py" line="791" name="test_add[compatible_vector_array_pair4-&lt;lambda&gt;29]" time="0.009647130966186523"></testcase><testcase classname="src.pymortests.vectorarray" file="src/pymortests/vectorarray.py" line="791" name="test_add[compatible_vector_array_pair5-&lt;lambda&gt;0]" time="0.001619577407836914"></testcase><testcase classname="src.pymortests.vectorarray" file="src/pymortests/vectorarray.py" line="791" name="test_add[compatible_vector_array_pair5-&lt;lambda&gt;1]" time="0.0016660690307617188"></testcase><testcase classname="src.pymortests.vectorarray" file="src/pymortests/vectorarray.py" line="791" name="test_add[compatible_vector_array_pair5-&lt;lambda&gt;2]" time="0.0015511512756347656"></testcase><testcase classname="src.pymortests.vectorarray" file="src/pymortests/vectorarray.py" line="791" name="test_add[compatible_vector_array_pair5-&lt;lambda&gt;3]" time="0.0016777515411376953"></testcase><testcase classname="src.pymortests.vectorarray" file="src/pymortests/vectorarray.py" line="791" name="test_add[compatible_vector_array_pair5-&lt;lambda&gt;4]" time="0.0016331672668457031"></testcase><testcase classname="src.pymortests.vectorarray" file="src/pymortests/vectorarray.py" line="791" name="test_add[compatible_vector_array_pair5-&lt;lambda&gt;5]" time="0.0017514228820800781"></testcase><testcase classname="src.pymortests.vectorarray" file="src/pymortests/vectorarray.py" line="791" name="test_add[compatible_vector_array_pair5-&lt;lambda&gt;6]" time="0.001428365707397461"></testcase><testcase classname="src.pymortests.vectorarray" file="src/pymortests/vectorarray.py" line="791" name="test_add[compatible_vector_array_pair5-&lt;lambda&gt;7]" time="0.0014297962188720703"></testcase><testcase classname="src.pymortests.vectorarray" file="src/pymortests/vectorarray.py" line="791" name="test_add[compatible_vector_array_pair5-&lt;lambda&gt;8]" time="0.0018794536590576172"></testcase><testcase classname="src.pymortests.vectorarray" file="src/pymortests/vectorarray.py" line="791" name="test_add[compatible_vector_array_pair5-&lt;lambda&gt;9]" time="0.005078792572021484"></testcase><testcase classname="src.pymortests.vectorarray" file="src/pymortests/vectorarray.py" line="791" name="test_add[compatible_vector_array_pair5-&lt;lambda&gt;10]" time="0.00983572006225586"></testcase><testcase classname="src.pymortests.vectorarray" file="src/pymortests/vectorarray.py" line="791" name="test_add[compatible_vector_array_pair5-&lt;lambda&gt;11]" time="0.0017805099487304688"></testcase><testcase classname="src.pymortests.vectorarray" file="src/pymortests/vectorarray.py" line="791" name="test_add[compatible_vector_array_pair5-&lt;lambda&gt;12]" time="0.002037525177001953"></testcase><testcase classname="src.pymortests.vectorarray" file="src/pymortests/vectorarray.py" line="791" name="test_add[compatible_vector_array_pair5-&lt;lambda&gt;13]" time="0.0020856857299804688"></testcase><testcase classname="src.pymortests.vectorarray" file="src/pymortests/vectorarray.py" line="791" name="test_add[compatible_vector_array_pair5-&lt;lambda&gt;14]" time="0.0020418167114257812"></testcase><testcase classname="src.pymortests.vectorarray" file="src/pymortests/vectorarray.py" line="791" name="test_add[compatible_vector_array_pair5-&lt;lambda&gt;15]" time="0.0024726390838623047"></testcase><testcase classname="src.pymortests.vectorarray" file="src/pymortests/vectorarray.py" line="791" name="test_add[compatible_vector_array_pair5-&lt;lambda&gt;16]" time="0.0027141571044921875"></testcase><testcase classname="src.pymortests.vectorarray" file="src/pymortests/vectorarray.py" line="791" name="test_add[compatible_vector_array_pair5-&lt;lambda&gt;17]" time="0.0024514198303222656"></testcase><testcase classname="src.pymortests.vectorarray" file="src/pymortests/vectorarray.py" line="791" name="test_add[compatible_vector_array_pair5-&lt;lambda&gt;18]" time="0.002207040786743164"></testcase><testcase classname="src.pymortests.vectorarray" file="src/pymortests/vectorarray.py" line="791" name="test_add[compatible_vector_array_pair5-&lt;lambda&gt;19]" time="0.0021333694458007812"></testcase><testcase classname="src.pymortests.vectorarray" file="src/pymortests/vectorarray.py" line="791" name="test_add[compatible_vector_array_pair5-&lt;lambda&gt;20]" time="0.025614261627197266"></testcase><testcase classname="src.pymortests.vectorarray" file="src/pymortests/vectorarray.py" line="791" name="test_add[compatible_vector_array_pair5-&lt;lambda&gt;21]" time="0.018381595611572266"></testcase><testcase classname="src.pymortests.vectorarray" file="src/pymortests/vectorarray.py" line="791" name="test_add[compatible_vector_array_pair5-&lt;lambda&gt;22]" time="0.05103754997253418"></testcase><testcase classname="src.pymortests.vectorarray" file="src/pymortests/vectorarray.py" line="791" name="test_add[compatible_vector_array_pair5-&lt;lambda&gt;23]" time="0.0038423538208007812"></testcase><testcase classname="src.pymortests.vectorarray" file="src/pymortests/vectorarray.py" line="791" name="test_add[compatible_vector_array_pair5-&lt;lambda&gt;24]" time="0.0014464855194091797"></testcase><testcase classname="src.pymortests.vectorarray" file="src/pymortests/vectorarray.py" line="791" name="test_add[compatible_vector_array_pair5-&lt;lambda&gt;25]" time="0.0022661685943603516"></testcase><testcase classname="src.pymortests.vectorarray" file="src/pymortests/vectorarray.py" line="791" name="test_add[compatible_vector_array_pair5-&lt;lambda&gt;26]" time="0.024741172790527344"></testcase><testcase classname="src.pymortests.vectorarray" file="src/pymortests/vectorarray.py" line="791" name="test_add[compatible_vector_array_pair5-&lt;lambda&gt;27]" time="0.12271642684936523"></testcase><testcase classname="src.pymortests.vectorarray" file="src/pymortests/vectorarray.py" line="791" name="test_add[compatible_vector_array_pair5-&lt;lambda&gt;28]" time="0.33014631271362305"></testcase><testcase classname="src.pymortests.vectorarray" file="src/pymortests/vectorarray.py" line="791" name="test_add[compatible_vector_array_pair5-&lt;lambda&gt;29]" time="0.010111093521118164"></testcase><testcase classname="src.pymortests.vectorarray" file="src/pymortests/vectorarray.py" line="791" name="test_add[compatible_vector_array_pair6-&lt;lambda&gt;0]" time="0.0021674633026123047"></testcase><testcase classname="src.pymortests.vectorarray" file="src/pymortests/vectorarray.py" line="791" name="test_add[compatible_vector_array_pair6-&lt;lambda&gt;1]" time="0.0016069412231445312"></testcase><testcase classname="src.pymortests.vectorarray" file="src/pymortests/vectorarray.py" line="791" name="test_add[compatible_vector_array_pair6-&lt;lambda&gt;2]" time="0.0015807151794433594"></testcase><testcase classname="src.pymortests.vectorarray" file="src/pymortests/vectorarray.py" line="791" name="test_add[compatible_vector_array_pair6-&lt;lambda&gt;3]" time="0.0017218589782714844"></testcase><testcase classname="src.pymortests.vectorarray" file="src/pymortests/vectorarray.py" line="791" name="test_add[compatible_vector_array_pair6-&lt;lambda&gt;4]" time="0.0015316009521484375"></testcase><testcase classname="src.pymortests.vectorarray" file="src/pymortests/vectorarray.py" line="791" name="test_add[compatible_vector_array_pair6-&lt;lambda&gt;5]" time="0.0015227794647216797"></testcase><testcase classname="src.pymortests.vectorarray" file="src/pymortests/vectorarray.py" line="791" name="test_add[compatible_vector_array_pair6-&lt;lambda&gt;6]" time="0.0014209747314453125"></testcase><testcase classname="src.pymortests.vectorarray" file="src/pymortests/vectorarray.py" line="791" name="test_add[compatible_vector_array_pair6-&lt;lambda&gt;7]" time="0.0014290809631347656"></testcase><testcase classname="src.pymortests.vectorarray" file="src/pymortests/vectorarray.py" line="791" name="test_add[compatible_vector_array_pair6-&lt;lambda&gt;8]" time="0.0017828941345214844"></testcase><testcase classname="src.pymortests.vectorarray" file="src/pymortests/vectorarray.py" line="791" name="test_add[compatible_vector_array_pair6-&lt;lambda&gt;9]" time="0.004830121994018555"></testcase><testcase classname="src.pymortests.vectorarray" file="src/pymortests/vectorarray.py" line="791" name="test_add[compatible_vector_array_pair6-&lt;lambda&gt;10]" time="0.009468793869018555"></testcase><testcase classname="src.pymortests.vectorarray" file="src/pymortests/vectorarray.py" line="791" name="test_add[compatible_vector_array_pair6-&lt;lambda&gt;11]" time="0.0018222332000732422"></testcase><testcase classname="src.pymortests.vectorarray" file="src/pymortests/vectorarray.py" line="791" name="test_add[compatible_vector_array_pair6-&lt;lambda&gt;12]" time="0.0018379688262939453"></testcase><testcase classname="src.pymortests.vectorarray" file="src/pymortests/vectorarray.py" line="791" name="test_add[compatible_vector_array_pair6-&lt;lambda&gt;13]" time="0.002019643783569336"></testcase><testcase classname="src.pymortests.vectorarray" file="src/pymortests/vectorarray.py" line="791" name="test_add[compatible_vector_array_pair6-&lt;lambda&gt;14]" time="0.001912832260131836"></testcase><testcase classname="src.pymortests.vectorarray" file="src/pymortests/vectorarray.py" line="791" name="test_add[compatible_vector_array_pair6-&lt;lambda&gt;15]" time="0.002282857894897461"></testcase><testcase classname="src.pymortests.vectorarray" file="src/pymortests/vectorarray.py" line="791" name="test_add[compatible_vector_array_pair6-&lt;lambda&gt;16]" time="0.0025832653045654297"></testcase><testcase classname="src.pymortests.vectorarray" file="src/pymortests/vectorarray.py" line="791" name="test_add[compatible_vector_array_pair6-&lt;lambda&gt;17]" time="0.002327442169189453"></testcase><testcase classname="src.pymortests.vectorarray" file="src/pymortests/vectorarray.py" line="791" name="test_add[compatible_vector_array_pair6-&lt;lambda&gt;18]" time="0.0021893978118896484"></testcase><testcase classname="src.pymortests.vectorarray" file="src/pymortests/vectorarray.py" line="791" name="test_add[compatible_vector_array_pair6-&lt;lambda&gt;19]" time="0.0021698474884033203"></testcase><testcase classname="src.pymortests.vectorarray" file="src/pymortests/vectorarray.py" line="791" name="test_add[compatible_vector_array_pair6-&lt;lambda&gt;20]" time="0.026406526565551758"></testcase><testcase classname="src.pymortests.vectorarray" file="src/pymortests/vectorarray.py" line="791" name="test_add[compatible_vector_array_pair6-&lt;lambda&gt;21]" time="0.0189971923828125"></testcase><testcase classname="src.pymortests.vectorarray" file="src/pymortests/vectorarray.py" line="791" name="test_add[compatible_vector_array_pair6-&lt;lambda&gt;22]" time="0.05258607864379883"></testcase><testcase classname="src.pymortests.vectorarray" file="src/pymortests/vectorarray.py" line="791" name="test_add[compatible_vector_array_pair6-&lt;lambda&gt;23]" time="0.003907203674316406"></testcase><testcase classname="src.pymortests.vectorarray" file="src/pymortests/vectorarray.py" line="791" name="test_add[compatible_vector_array_pair6-&lt;lambda&gt;24]" time="0.001543283462524414"></testcase><testcase classname="src.pymortests.vectorarray" file="src/pymortests/vectorarray.py" line="791" name="test_add[compatible_vector_array_pair6-&lt;lambda&gt;25]" time="0.0024764537811279297"></testcase><testcase classname="src.pymortests.vectorarray" file="src/pymortests/vectorarray.py" line="791" name="test_add[compatible_vector_array_pair6-&lt;lambda&gt;26]" time="0.025001049041748047"></testcase><testcase classname="src.pymortests.vectorarray" file="src/pymortests/vectorarray.py" line="791" name="test_add[compatible_vector_array_pair6-&lt;lambda&gt;27]" time="0.1300821304321289"></testcase><testcase classname="src.pymortests.vectorarray" file="src/pymortests/vectorarray.py" line="791" name="test_add[compatible_vector_array_pair6-&lt;lambda&gt;28]" time="0.35155463218688965"></testcase><testcase classname="src.pymortests.vectorarray" file="src/pymortests/vectorarray.py" line="791" name="test_add[compatible_vector_array_pair6-&lt;lambda&gt;29]" time="0.010786771774291992"></testcase><testcase classname="src.pymortests.vectorarray" file="src/pymortests/vectorarray.py" line="791" name="test_add[compatible_vector_array_pair7-&lt;lambda&gt;0]" time="0.002118825912475586"></testcase><testcase classname="src.pymortests.vectorarray" file="src/pymortests/vectorarray.py" line="791" name="test_add[compatible_vector_array_pair7-&lt;lambda&gt;1]" time="0.0016078948974609375"></testcase><testcase classname="src.pymortests.vectorarray" file="src/pymortests/vectorarray.py" line="791" name="test_add[compatible_vector_array_pair7-&lt;lambda&gt;2]" time="0.0016720294952392578"></testcase><testcase classname="src.pymortests.vectorarray" file="src/pymortests/vectorarray.py" line="791" name="test_add[compatible_vector_array_pair7-&lt;lambda&gt;3]" time="0.0018131732940673828"></testcase><testcase classname="src.pymortests.vectorarray" file="src/pymortests/vectorarray.py" line="791" name="test_add[compatible_vector_array_pair7-&lt;lambda&gt;4]" time="0.0016520023345947266"></testcase><testcase classname="src.pymortests.vectorarray" file="src/pymortests/vectorarray.py" line="791" name="test_add[compatible_vector_array_pair7-&lt;lambda&gt;5]" time="0.001565694808959961"></testcase><testcase classname="src.pymortests.vectorarray" file="src/pymortests/vectorarray.py" line="791" name="test_add[compatible_vector_array_pair7-&lt;lambda&gt;6]" time="0.0014939308166503906"></testcase><testcase classname="src.pymortests.vectorarray" file="src/pymortests/vectorarray.py" line="791" name="test_add[compatible_vector_array_pair7-&lt;lambda&gt;7]" time="0.0015637874603271484"></testcase><testcase classname="src.pymortests.vectorarray" file="src/pymortests/vectorarray.py" line="791" name="test_add[compatible_vector_array_pair7-&lt;lambda&gt;8]" time="0.0018849372863769531"></testcase><testcase classname="src.pymortests.vectorarray" file="src/pymortests/vectorarray.py" line="791" name="test_add[compatible_vector_array_pair7-&lt;lambda&gt;9]" time="0.005080223083496094"></testcase><testcase classname="src.pymortests.vectorarray" file="src/pymortests/vectorarray.py" line="791" name="test_add[compatible_vector_array_pair7-&lt;lambda&gt;10]" time="0.010247230529785156"></testcase><testcase classname="src.pymortests.vectorarray" file="src/pymortests/vectorarray.py" line="791" name="test_add[compatible_vector_array_pair7-&lt;lambda&gt;11]" time="0.0018727779388427734"></testcase><testcase classname="src.pymortests.vectorarray" file="src/pymortests/vectorarray.py" line="791" name="test_add[compatible_vector_array_pair7-&lt;lambda&gt;12]" time="0.0021092891693115234"></testcase><testcase classname="src.pymortests.vectorarray" file="src/pymortests/vectorarray.py" line="791" name="test_add[compatible_vector_array_pair7-&lt;lambda&gt;13]" time="0.002180337905883789"></testcase><testcase classname="src.pymortests.vectorarray" file="src/pymortests/vectorarray.py" line="791" name="test_add[compatible_vector_array_pair7-&lt;lambda&gt;14]" time="0.0019521713256835938"></testcase><testcase classname="src.pymortests.vectorarray" file="src/pymortests/vectorarray.py" line="791" name="test_add[compatible_vector_array_pair7-&lt;lambda&gt;15]" time="0.002405881881713867"></testcase><testcase classname="src.pymortests.vectorarray" file="src/pymortests/vectorarray.py" line="791" name="test_add[compatible_vector_array_pair7-&lt;lambda&gt;16]" time="0.002704620361328125"></testcase><testcase classname="src.pymortests.vectorarray" file="src/pymortests/vectorarray.py" line="791" name="test_add[compatible_vector_array_pair7-&lt;lambda&gt;17]" time="0.0025615692138671875"></testcase><testcase classname="src.pymortests.vectorarray" file="src/pymortests/vectorarray.py" line="791" name="test_add[compatible_vector_array_pair7-&lt;lambda&gt;18]" time="0.0023069381713867188"></testcase><testcase classname="src.pymortests.vectorarray" file="src/pymortests/vectorarray.py" line="791" name="test_add[compatible_vector_array_pair7-&lt;lambda&gt;19]" time="0.002393007278442383"></testcase><testcase classname="src.pymortests.vectorarray" file="src/pymortests/vectorarray.py" line="791" name="test_add[compatible_vector_array_pair7-&lt;lambda&gt;20]" time="0.02649688720703125"></testcase><testcase classname="src.pymortests.vectorarray" file="src/pymortests/vectorarray.py" line="791" name="test_add[compatible_vector_array_pair7-&lt;lambda&gt;21]" time="0.019666433334350586"></testcase><testcase classname="src.pymortests.vectorarray" file="src/pymortests/vectorarray.py" line="791" name="test_add[compatible_vector_array_pair7-&lt;lambda&gt;22]" time="0.05250048637390137"></testcase><testcase classname="src.pymortests.vectorarray" file="src/pymortests/vectorarray.py" line="791" name="test_add[compatible_vector_array_pair7-&lt;lambda&gt;23]" time="0.0039899349212646484"></testcase><testcase classname="src.pymortests.vectorarray" file="src/pymortests/vectorarray.py" line="791" name="test_add[compatible_vector_array_pair7-&lt;lambda&gt;24]" time="0.0014641284942626953"></testcase><testcase classname="src.pymortests.vectorarray" file="src/pymortests/vectorarray.py" line="791" name="test_add[compatible_vector_array_pair7-&lt;lambda&gt;25]" time="0.002382040023803711"></testcase><testcase classname="src.pymortests.vectorarray" file="src/pymortests/vectorarray.py" line="791" name="test_add[compatible_vector_array_pair7-&lt;lambda&gt;26]" time="0.024735212326049805"></testcase><testcase classname="src.pymortests.vectorarray" file="src/pymortests/vectorarray.py" line="791" name="test_add[compatible_vector_array_pair7-&lt;lambda&gt;27]" time="0.1250600814819336"></testcase><testcase classname="src.pymortests.vectorarray" file="src/pymortests/vectorarray.py" line="791" name="test_add[compatible_vector_array_pair7-&lt;lambda&gt;28]" time="0.33592987060546875"></testcase><testcase classname="src.pymortests.vectorarray" file="src/pymortests/vectorarray.py" line="791" name="test_add[compatible_vector_array_pair7-&lt;lambda&gt;29]" time="0.01013636589050293"></testcase><testcase classname="src.pymortests.vectorarray" file="src/pymortests/vectorarray.py" line="791" name="test_add[compatible_vector_array_pair8-&lt;lambda&gt;0]" time="0.001744985580444336"></testcase><testcase classname="src.pymortests.vectorarray" file="src/pymortests/vectorarray.py" line="791" name="test_add[compatible_vector_array_pair8-&lt;lambda&gt;1]" time="0.0016169548034667969"></testcase><testcase classname="src.pymortests.vectorarray" file="src/pymortests/vectorarray.py" line="791" name="test_add[compatible_vector_array_pair8-&lt;lambda&gt;2]" time="0.0016069412231445312"></testcase><testcase classname="src.pymortests.vectorarray" file="src/pymortests/vectorarray.py" line="791" name="test_add[compatible_vector_array_pair8-&lt;lambda&gt;3]" time="0.0016751289367675781"></testcase><testcase classname="src.pymortests.vectorarray" file="src/pymortests/vectorarray.py" line="791" name="test_add[compatible_vector_array_pair8-&lt;lambda&gt;4]" time="0.0016376972198486328"></testcase><testcase classname="src.pymortests.vectorarray" file="src/pymortests/vectorarray.py" line="791" name="test_add[compatible_vector_array_pair8-&lt;lambda&gt;5]" time="0.0015301704406738281"></testcase><testcase classname="src.pymortests.vectorarray" file="src/pymortests/vectorarray.py" line="791" name="test_add[compatible_vector_array_pair8-&lt;lambda&gt;6]" time="0.0014519691467285156"></testcase><testcase classname="src.pymortests.vectorarray" file="src/pymortests/vectorarray.py" line="791" name="test_add[compatible_vector_array_pair8-&lt;lambda&gt;7]" time="0.001481771469116211"></testcase><testcase classname="src.pymortests.vectorarray" file="src/pymortests/vectorarray.py" line="791" name="test_add[compatible_vector_array_pair8-&lt;lambda&gt;8]" time="0.0019459724426269531"></testcase><testcase classname="src.pymortests.vectorarray" file="src/pymortests/vectorarray.py" line="791" name="test_add[compatible_vector_array_pair8-&lt;lambda&gt;9]" time="0.004970550537109375"></testcase><testcase classname="src.pymortests.vectorarray" file="src/pymortests/vectorarray.py" line="791" name="test_add[compatible_vector_array_pair8-&lt;lambda&gt;10]" time="0.009801626205444336"></testcase><testcase classname="src.pymortests.vectorarray" file="src/pymortests/vectorarray.py" line="791" name="test_add[compatible_vector_array_pair8-&lt;lambda&gt;11]" time="0.001840829849243164"></testcase><testcase classname="src.pymortests.vectorarray" file="src/pymortests/vectorarray.py" line="791" name="test_add[compatible_vector_array_pair8-&lt;lambda&gt;12]" time="0.0019121170043945312"></testcase><testcase classname="src.pymortests.vectorarray" file="src/pymortests/vectorarray.py" line="791" name="test_add[compatible_vector_array_pair8-&lt;lambda&gt;13]" time="0.002083301544189453"></testcase><testcase classname="src.pymortests.vectorarray" file="src/pymortests/vectorarray.py" line="791" name="test_add[compatible_vector_array_pair8-&lt;lambda&gt;14]" time="0.0019371509552001953"></testcase><testcase classname="src.pymortests.vectorarray" file="src/pymortests/vectorarray.py" line="791" name="test_add[compatible_vector_array_pair8-&lt;lambda&gt;15]" time="0.002363443374633789"></testcase><testcase classname="src.pymortests.vectorarray" file="src/pymortests/vectorarray.py" line="791" name="test_add[compatible_vector_array_pair8-&lt;lambda&gt;16]" time="0.0026116371154785156"></testcase><testcase classname="src.pymortests.vectorarray" file="src/pymortests/vectorarray.py" line="791" name="test_add[compatible_vector_array_pair8-&lt;lambda&gt;17]" time="0.0025250911712646484"></testcase><testcase classname="src.pymortests.vectorarray" file="src/pymortests/vectorarray.py" line="791" name="test_add[compatible_vector_array_pair8-&lt;lambda&gt;18]" time="0.0022881031036376953"></testcase><testcase classname="src.pymortests.vectorarray" file="src/pymortests/vectorarray.py" line="791" name="test_add[compatible_vector_array_pair8-&lt;lambda&gt;19]" time="0.0022058486938476562"></testcase><testcase classname="src.pymortests.vectorarray" file="src/pymortests/vectorarray.py" line="791" name="test_add[compatible_vector_array_pair8-&lt;lambda&gt;20]" time="0.025597810745239258"></testcase><testcase classname="src.pymortests.vectorarray" file="src/pymortests/vectorarray.py" line="791" name="test_add[compatible_vector_array_pair8-&lt;lambda&gt;21]" time="0.018329620361328125"></testcase><testcase classname="src.pymortests.vectorarray" file="src/pymortests/vectorarray.py" line="791" name="test_add[compatible_vector_array_pair8-&lt;lambda&gt;22]" time="0.05240035057067871"></testcase><testcase classname="src.pymortests.vectorarray" file="src/pymortests/vectorarray.py" line="791" name="test_add[compatible_vector_array_pair8-&lt;lambda&gt;23]" time="0.003780364990234375"></testcase><testcase classname="src.pymortests.vectorarray" file="src/pymortests/vectorarray.py" line="791" name="test_add[compatible_vector_array_pair8-&lt;lambda&gt;24]" time="0.0014395713806152344"></testcase><testcase classname="src.pymortests.vectorarray" file="src/pymortests/vectorarray.py" line="791" name="test_add[compatible_vector_array_pair8-&lt;lambda&gt;25]" time="0.002472400665283203"></testcase><testcase classname="src.pymortests.vectorarray" file="src/pymortests/vectorarray.py" line="791" name="test_add[compatible_vector_array_pair8-&lt;lambda&gt;26]" time="0.02488088607788086"></testcase><testcase classname="src.pymortests.vectorarray" file="src/pymortests/vectorarray.py" line="791" name="test_add[compatible_vector_array_pair8-&lt;lambda&gt;27]" time="0.12565159797668457"></testcase><testcase classname="src.pymortests.vectorarray" file="src/pymortests/vectorarray.py" line="791" name="test_add[compatible_vector_array_pair8-&lt;lambda&gt;28]" time="0.33371591567993164"></testcase><testcase classname="src.pymortests.vectorarray" file="src/pymortests/vectorarray.py" line="791" name="test_add[compatible_vector_array_pair8-&lt;lambda&gt;29]" time="0.010729312896728516"></testcase><testcase classname="src.pymortests.vectorarray" file="src/pymortests/vectorarray.py" line="804" name="test_iadd[compatible_vector_array_pair0-&lt;lambda&gt;0]" time="0.0015418529510498047"></testcase><testcase classname="src.pymortests.vectorarray" file="src/pymortests/vectorarray.py" line="804" name="test_iadd[compatible_vector_array_pair0-&lt;lambda&gt;1]" time="0.0014524459838867188"></testcase><testcase classname="src.pymortests.vectorarray" file="src/pymortests/vectorarray.py" line="804" name="test_iadd[compatible_vector_array_pair0-&lt;lambda&gt;2]" time="0.0014576911926269531"></testcase><testcase classname="src.pymortests.vectorarray" file="src/pymortests/vectorarray.py" line="804" name="test_iadd[compatible_vector_array_pair0-&lt;lambda&gt;3]" time="0.0015416145324707031"></testcase><testcase classname="src.pymortests.vectorarray" file="src/pymortests/vectorarray.py" line="804" name="test_iadd[compatible_vector_array_pair0-&lt;lambda&gt;4]" time="0.0015134811401367188"></testcase><testcase classname="src.pymortests.vectorarray" file="src/pymortests/vectorarray.py" line="804" name="test_iadd[compatible_vector_array_pair0-&lt;lambda&gt;5]" time="0.0013699531555175781"></testcase><testcase classname="src.pymortests.vectorarray" file="src/pymortests/vectorarray.py" line="804" name="test_iadd[compatible_vector_array_pair0-&lt;lambda&gt;6]" time="0.0014064311981201172"></testcase><testcase classname="src.pymortests.vectorarray" file="src/pymortests/vectorarray.py" line="804" name="test_iadd[compatible_vector_array_pair0-&lt;lambda&gt;7]" time="0.001360177993774414"></testcase><testcase classname="src.pymortests.vectorarray" file="src/pymortests/vectorarray.py" line="804" name="test_iadd[compatible_vector_array_pair0-&lt;lambda&gt;8]" time="0.0016810894012451172"></testcase><testcase classname="src.pymortests.vectorarray" file="src/pymortests/vectorarray.py" line="804" name="test_iadd[compatible_vector_array_pair0-&lt;lambda&gt;9]" time="0.003495931625366211"></testcase><testcase classname="src.pymortests.vectorarray" file="src/pymortests/vectorarray.py" line="804" name="test_iadd[compatible_vector_array_pair0-&lt;lambda&gt;10]" time="0.006364583969116211"></testcase><testcase classname="src.pymortests.vectorarray" file="src/pymortests/vectorarray.py" line="804" name="test_iadd[compatible_vector_array_pair0-&lt;lambda&gt;11]" time="0.0017118453979492188"></testcase><testcase classname="src.pymortests.vectorarray" file="src/pymortests/vectorarray.py" line="804" name="test_iadd[compatible_vector_array_pair0-&lt;lambda&gt;12]" time="0.0018265247344970703"></testcase><testcase classname="src.pymortests.vectorarray" file="src/pymortests/vectorarray.py" line="804" name="test_iadd[compatible_vector_array_pair0-&lt;lambda&gt;13]" time="0.0018417835235595703"></testcase><testcase classname="src.pymortests.vectorarray" file="src/pymortests/vectorarray.py" line="804" name="test_iadd[compatible_vector_array_pair0-&lt;lambda&gt;14]" time="0.0017223358154296875"></testcase><testcase classname="src.pymortests.vectorarray" file="src/pymortests/vectorarray.py" line="804" name="test_iadd[compatible_vector_array_pair0-&lt;lambda&gt;15]" time="0.0019979476928710938"></testcase><testcase classname="src.pymortests.vectorarray" file="src/pymortests/vectorarray.py" line="804" name="test_iadd[compatible_vector_array_pair0-&lt;lambda&gt;16]" time="0.002279043197631836"></testcase><testcase classname="src.pymortests.vectorarray" file="src/pymortests/vectorarray.py" line="804" name="test_iadd[compatible_vector_array_pair0-&lt;lambda&gt;17]" time="0.0020623207092285156"></testcase><testcase classname="src.pymortests.vectorarray" file="src/pymortests/vectorarray.py" line="804" name="test_iadd[compatible_vector_array_pair0-&lt;lambda&gt;18]" time="0.002080678939819336"></testcase><testcase classname="src.pymortests.vectorarray" file="src/pymortests/vectorarray.py" line="804" name="test_iadd[compatible_vector_array_pair0-&lt;lambda&gt;19]" time="0.0020983219146728516"></testcase><testcase classname="src.pymortests.vectorarray" file="src/pymortests/vectorarray.py" line="804" name="test_iadd[compatible_vector_array_pair0-&lt;lambda&gt;20]" time="0.025874614715576172"></testcase><testcase classname="src.pymortests.vectorarray" file="src/pymortests/vectorarray.py" line="804" name="test_iadd[compatible_vector_array_pair0-&lt;lambda&gt;21]" time="0.01583385467529297"></testcase><testcase classname="src.pymortests.vectorarray" file="src/pymortests/vectorarray.py" line="804" name="test_iadd[compatible_vector_array_pair0-&lt;lambda&gt;22]" time="0.045094966888427734"></testcase><testcase classname="src.pymortests.vectorarray" file="src/pymortests/vectorarray.py" line="804" name="test_iadd[compatible_vector_array_pair0-&lt;lambda&gt;23]" time="0.003817319869995117"></testcase><testcase classname="src.pymortests.vectorarray" file="src/pymortests/vectorarray.py" line="804" name="test_iadd[compatible_vector_array_pair0-&lt;lambda&gt;24]" time="0.0015730857849121094"></testcase><testcase classname="src.pymortests.vectorarray" file="src/pymortests/vectorarray.py" line="804" name="test_iadd[compatible_vector_array_pair0-&lt;lambda&gt;25]" time="0.002397298812866211"></testcase><testcase classname="src.pymortests.vectorarray" file="src/pymortests/vectorarray.py" line="804" name="test_iadd[compatible_vector_array_pair0-&lt;lambda&gt;26]" time="0.023874282836914062"></testcase><testcase classname="src.pymortests.vectorarray" file="src/pymortests/vectorarray.py" line="804" name="test_iadd[compatible_vector_array_pair0-&lt;lambda&gt;27]" time="0.0786447525024414"></testcase><testcase classname="src.pymortests.vectorarray" file="src/pymortests/vectorarray.py" line="804" name="test_iadd[compatible_vector_array_pair0-&lt;lambda&gt;28]" time="0.2181084156036377"></testcase><testcase classname="src.pymortests.vectorarray" file="src/pymortests/vectorarray.py" line="804" name="test_iadd[compatible_vector_array_pair0-&lt;lambda&gt;29]" time="0.007901668548583984"></testcase><testcase classname="src.pymortests.vectorarray" file="src/pymortests/vectorarray.py" line="804" name="test_iadd[compatible_vector_array_pair1-&lt;lambda&gt;0]" time="0.0016329288482666016"></testcase><testcase classname="src.pymortests.vectorarray" file="src/pymortests/vectorarray.py" line="804" name="test_iadd[compatible_vector_array_pair1-&lt;lambda&gt;1]" time="0.0016334056854248047"></testcase><testcase classname="src.pymortests.vectorarray" file="src/pymortests/vectorarray.py" line="804" name="test_iadd[compatible_vector_array_pair1-&lt;lambda&gt;2]" time="0.001539468765258789"></testcase><testcase classname="src.pymortests.vectorarray" file="src/pymortests/vectorarray.py" line="804" name="test_iadd[compatible_vector_array_pair1-&lt;lambda&gt;3]" time="0.0016620159149169922"></testcase><testcase classname="src.pymortests.vectorarray" file="src/pymortests/vectorarray.py" line="804" name="test_iadd[compatible_vector_array_pair1-&lt;lambda&gt;4]" time="0.00146484375"></testcase><testcase classname="src.pymortests.vectorarray" file="src/pymortests/vectorarray.py" line="804" name="test_iadd[compatible_vector_array_pair1-&lt;lambda&gt;5]" time="0.0013751983642578125"></testcase><testcase classname="src.pymortests.vectorarray" file="src/pymortests/vectorarray.py" line="804" name="test_iadd[compatible_vector_array_pair1-&lt;lambda&gt;6]" time="0.0013480186462402344"></testcase><testcase classname="src.pymortests.vectorarray" file="src/pymortests/vectorarray.py" line="804" name="test_iadd[compatible_vector_array_pair1-&lt;lambda&gt;7]" time="0.0013222694396972656"></testcase><testcase classname="src.pymortests.vectorarray" file="src/pymortests/vectorarray.py" line="804" name="test_iadd[compatible_vector_array_pair1-&lt;lambda&gt;8]" time="0.0017099380493164062"></testcase><testcase classname="src.pymortests.vectorarray" file="src/pymortests/vectorarray.py" line="804" name="test_iadd[compatible_vector_array_pair1-&lt;lambda&gt;9]" time="0.0033257007598876953"></testcase><testcase classname="src.pymortests.vectorarray" file="src/pymortests/vectorarray.py" line="804" name="test_iadd[compatible_vector_array_pair1-&lt;lambda&gt;10]" time="0.0062961578369140625"></testcase><testcase classname="src.pymortests.vectorarray" file="src/pymortests/vectorarray.py" line="804" name="test_iadd[compatible_vector_array_pair1-&lt;lambda&gt;11]" time="0.0016202926635742188"></testcase><testcase classname="src.pymortests.vectorarray" file="src/pymortests/vectorarray.py" line="804" name="test_iadd[compatible_vector_array_pair1-&lt;lambda&gt;12]" time="0.0017101764678955078"></testcase><testcase classname="src.pymortests.vectorarray" file="src/pymortests/vectorarray.py" line="804" name="test_iadd[compatible_vector_array_pair1-&lt;lambda&gt;13]" time="0.0018947124481201172"></testcase><testcase classname="src.pymortests.vectorarray" file="src/pymortests/vectorarray.py" line="804" name="test_iadd[compatible_vector_array_pair1-&lt;lambda&gt;14]" time="0.0017938613891601562"></testcase><testcase classname="src.pymortests.vectorarray" file="src/pymortests/vectorarray.py" line="804" name="test_iadd[compatible_vector_array_pair1-&lt;lambda&gt;15]" time="0.0020804405212402344"></testcase><testcase classname="src.pymortests.vectorarray" file="src/pymortests/vectorarray.py" line="804" name="test_iadd[compatible_vector_array_pair1-&lt;lambda&gt;16]" time="0.0024192333221435547"></testcase><testcase classname="src.pymortests.vectorarray" file="src/pymortests/vectorarray.py" line="804" name="test_iadd[compatible_vector_array_pair1-&lt;lambda&gt;17]" time="0.0021512508392333984"></testcase><testcase classname="src.pymortests.vectorarray" file="src/pymortests/vectorarray.py" line="804" name="test_iadd[compatible_vector_array_pair1-&lt;lambda&gt;18]" time="0.0020284652709960938"></testcase><testcase classname="src.pymortests.vectorarray" file="src/pymortests/vectorarray.py" line="804" name="test_iadd[compatible_vector_array_pair1-&lt;lambda&gt;19]" time="0.0020983219146728516"></testcase><testcase classname="src.pymortests.vectorarray" file="src/pymortests/vectorarray.py" line="804" name="test_iadd[compatible_vector_array_pair1-&lt;lambda&gt;20]" time="0.02834177017211914"></testcase><testcase classname="src.pymortests.vectorarray" file="src/pymortests/vectorarray.py" line="804" name="test_iadd[compatible_vector_array_pair1-&lt;lambda&gt;21]" time="0.015795469284057617"></testcase><testcase classname="src.pymortests.vectorarray" file="src/pymortests/vectorarray.py" line="804" name="test_iadd[compatible_vector_array_pair1-&lt;lambda&gt;22]" time="0.04461026191711426"></testcase><testcase classname="src.pymortests.vectorarray" file="src/pymortests/vectorarray.py" line="804" name="test_iadd[compatible_vector_array_pair1-&lt;lambda&gt;23]" time="0.0036885738372802734"></testcase><testcase classname="src.pymortests.vectorarray" file="src/pymortests/vectorarray.py" line="804" name="test_iadd[compatible_vector_array_pair1-&lt;lambda&gt;24]" time="0.0014507770538330078"></testcase><testcase classname="src.pymortests.vectorarray" file="src/pymortests/vectorarray.py" line="804" name="test_iadd[compatible_vector_array_pair1-&lt;lambda&gt;25]" time="0.002499818801879883"></testcase><testcase classname="src.pymortests.vectorarray" file="src/pymortests/vectorarray.py" line="804" name="test_iadd[compatible_vector_array_pair1-&lt;lambda&gt;26]" time="0.0242917537689209"></testcase><testcase classname="src.pymortests.vectorarray" file="src/pymortests/vectorarray.py" line="804" name="test_iadd[compatible_vector_array_pair1-&lt;lambda&gt;27]" time="0.07804489135742188"></testcase><testcase classname="src.pymortests.vectorarray" file="src/pymortests/vectorarray.py" line="804" name="test_iadd[compatible_vector_array_pair1-&lt;lambda&gt;28]" time="0.21926498413085938"></testcase><testcase classname="src.pymortests.vectorarray" file="src/pymortests/vectorarray.py" line="804" name="test_iadd[compatible_vector_array_pair1-&lt;lambda&gt;29]" time="0.0074961185455322266"></testcase><testcase classname="src.pymortests.vectorarray" file="src/pymortests/vectorarray.py" line="804" name="test_iadd[compatible_vector_array_pair2-&lt;lambda&gt;0]" time="0.0015017986297607422"></testcase><testcase classname="src.pymortests.vectorarray" file="src/pymortests/vectorarray.py" line="804" name="test_iadd[compatible_vector_array_pair2-&lt;lambda&gt;1]" time="0.0014569759368896484"></testcase><testcase classname="src.pymortests.vectorarray" file="src/pymortests/vectorarray.py" line="804" name="test_iadd[compatible_vector_array_pair2-&lt;lambda&gt;2]" time="0.0014195442199707031"></testcase><testcase classname="src.pymortests.vectorarray" file="src/pymortests/vectorarray.py" line="804" name="test_iadd[compatible_vector_array_pair2-&lt;lambda&gt;3]" time="0.0015616416931152344"></testcase><testcase classname="src.pymortests.vectorarray" file="src/pymortests/vectorarray.py" line="804" name="test_iadd[compatible_vector_array_pair2-&lt;lambda&gt;4]" time="0.0014376640319824219"></testcase><testcase classname="src.pymortests.vectorarray" file="src/pymortests/vectorarray.py" line="804" name="test_iadd[compatible_vector_array_pair2-&lt;lambda&gt;5]" time="0.0014257431030273438"></testcase><testcase classname="src.pymortests.vectorarray" file="src/pymortests/vectorarray.py" line="804" name="test_iadd[compatible_vector_array_pair2-&lt;lambda&gt;6]" time="0.001383066177368164"></testcase><testcase classname="src.pymortests.vectorarray" file="src/pymortests/vectorarray.py" line="804" name="test_iadd[compatible_vector_array_pair2-&lt;lambda&gt;7]" time="0.0014150142669677734"></testcase><testcase classname="src.pymortests.vectorarray" file="src/pymortests/vectorarray.py" line="804" name="test_iadd[compatible_vector_array_pair2-&lt;lambda&gt;8]" time="0.0017397403717041016"></testcase><testcase classname="src.pymortests.vectorarray" file="src/pymortests/vectorarray.py" line="804" name="test_iadd[compatible_vector_array_pair2-&lt;lambda&gt;9]" time="0.00334930419921875"></testcase><testcase classname="src.pymortests.vectorarray" file="src/pymortests/vectorarray.py" line="804" name="test_iadd[compatible_vector_array_pair2-&lt;lambda&gt;10]" time="0.006542205810546875"></testcase><testcase classname="src.pymortests.vectorarray" file="src/pymortests/vectorarray.py" line="804" name="test_iadd[compatible_vector_array_pair2-&lt;lambda&gt;11]" time="0.0016176700592041016"></testcase><testcase classname="src.pymortests.vectorarray" file="src/pymortests/vectorarray.py" line="804" name="test_iadd[compatible_vector_array_pair2-&lt;lambda&gt;12]" time="0.0017271041870117188"></testcase><testcase classname="src.pymortests.vectorarray" file="src/pymortests/vectorarray.py" line="804" name="test_iadd[compatible_vector_array_pair2-&lt;lambda&gt;13]" time="0.001836538314819336"></testcase><testcase classname="src.pymortests.vectorarray" file="src/pymortests/vectorarray.py" line="804" name="test_iadd[compatible_vector_array_pair2-&lt;lambda&gt;14]" time="0.0017867088317871094"></testcase><testcase classname="src.pymortests.vectorarray" file="src/pymortests/vectorarray.py" line="804" name="test_iadd[compatible_vector_array_pair2-&lt;lambda&gt;15]" time="0.001985788345336914"></testcase><testcase classname="src.pymortests.vectorarray" file="src/pymortests/vectorarray.py" line="804" name="test_iadd[compatible_vector_array_pair2-&lt;lambda&gt;16]" time="0.0022144317626953125"></testcase><testcase classname="src.pymortests.vectorarray" file="src/pymortests/vectorarray.py" line="804" name="test_iadd[compatible_vector_array_pair2-&lt;lambda&gt;17]" time="0.002050638198852539"></testcase><testcase classname="src.pymortests.vectorarray" file="src/pymortests/vectorarray.py" line="804" name="test_iadd[compatible_vector_array_pair2-&lt;lambda&gt;18]" time="0.0019800662994384766"></testcase><testcase classname="src.pymortests.vectorarray" file="src/pymortests/vectorarray.py" line="804" name="test_iadd[compatible_vector_array_pair2-&lt;lambda&gt;19]" time="0.0020236968994140625"></testcase><testcase classname="src.pymortests.vectorarray" file="src/pymortests/vectorarray.py" line="804" name="test_iadd[compatible_vector_array_pair2-&lt;lambda&gt;20]" time="0.025408267974853516"></testcase><testcase classname="src.pymortests.vectorarray" file="src/pymortests/vectorarray.py" line="804" name="test_iadd[compatible_vector_array_pair2-&lt;lambda&gt;21]" time="0.01556539535522461"></testcase><testcase classname="src.pymortests.vectorarray" file="src/pymortests/vectorarray.py" line="804" name="test_iadd[compatible_vector_array_pair2-&lt;lambda&gt;22]" time="0.04516243934631348"></testcase><testcase classname="src.pymortests.vectorarray" file="src/pymortests/vectorarray.py" line="804" name="test_iadd[compatible_vector_array_pair2-&lt;lambda&gt;23]" time="0.0036673545837402344"></testcase><testcase classname="src.pymortests.vectorarray" file="src/pymortests/vectorarray.py" line="804" name="test_iadd[compatible_vector_array_pair2-&lt;lambda&gt;24]" time="0.0013899803161621094"></testcase><testcase classname="src.pymortests.vectorarray" file="src/pymortests/vectorarray.py" line="804" name="test_iadd[compatible_vector_array_pair2-&lt;lambda&gt;25]" time="0.0023441314697265625"></testcase><testcase classname="src.pymortests.vectorarray" file="src/pymortests/vectorarray.py" line="804" name="test_iadd[compatible_vector_array_pair2-&lt;lambda&gt;26]" time="0.02320551872253418"></testcase><testcase classname="src.pymortests.vectorarray" file="src/pymortests/vectorarray.py" line="804" name="test_iadd[compatible_vector_array_pair2-&lt;lambda&gt;27]" time="0.07747960090637207"></testcase><testcase classname="src.pymortests.vectorarray" file="src/pymortests/vectorarray.py" line="804" name="test_iadd[compatible_vector_array_pair2-&lt;lambda&gt;28]" time="0.22773528099060059"></testcase><testcase classname="src.pymortests.vectorarray" file="src/pymortests/vectorarray.py" line="804" name="test_iadd[compatible_vector_array_pair2-&lt;lambda&gt;29]" time="0.007836341857910156"></testcase><testcase classname="src.pymortests.vectorarray" file="src/pymortests/vectorarray.py" line="804" name="test_iadd[compatible_vector_array_pair3-&lt;lambda&gt;0]" time="0.002065420150756836"></testcase><testcase classname="src.pymortests.vectorarray" file="src/pymortests/vectorarray.py" line="804" name="test_iadd[compatible_vector_array_pair3-&lt;lambda&gt;1]" time="0.001565694808959961"></testcase><testcase classname="src.pymortests.vectorarray" file="src/pymortests/vectorarray.py" line="804" name="test_iadd[compatible_vector_array_pair3-&lt;lambda&gt;2]" time="0.001556396484375"></testcase><testcase classname="src.pymortests.vectorarray" file="src/pymortests/vectorarray.py" line="804" name="test_iadd[compatible_vector_array_pair3-&lt;lambda&gt;3]" time="0.0016224384307861328"></testcase><testcase classname="src.pymortests.vectorarray" file="src/pymortests/vectorarray.py" line="804" name="test_iadd[compatible_vector_array_pair3-&lt;lambda&gt;4]" time="0.0015113353729248047"></testcase><testcase classname="src.pymortests.vectorarray" file="src/pymortests/vectorarray.py" line="804" name="test_iadd[compatible_vector_array_pair3-&lt;lambda&gt;5]" time="0.001461029052734375"></testcase><testcase classname="src.pymortests.vectorarray" file="src/pymortests/vectorarray.py" line="804" name="test_iadd[compatible_vector_array_pair3-&lt;lambda&gt;6]" time="0.0014560222625732422"></testcase><testcase classname="src.pymortests.vectorarray" file="src/pymortests/vectorarray.py" line="804" name="test_iadd[compatible_vector_array_pair3-&lt;lambda&gt;7]" time="0.001477956771850586"></testcase><testcase classname="src.pymortests.vectorarray" file="src/pymortests/vectorarray.py" line="804" name="test_iadd[compatible_vector_array_pair3-&lt;lambda&gt;8]" time="0.001756429672241211"></testcase><testcase classname="src.pymortests.vectorarray" file="src/pymortests/vectorarray.py" line="804" name="test_iadd[compatible_vector_array_pair3-&lt;lambda&gt;9]" time="0.004107475280761719"></testcase><testcase classname="src.pymortests.vectorarray" file="src/pymortests/vectorarray.py" line="804" name="test_iadd[compatible_vector_array_pair3-&lt;lambda&gt;10]" time="0.006521940231323242"></testcase><testcase classname="src.pymortests.vectorarray" file="src/pymortests/vectorarray.py" line="804" name="test_iadd[compatible_vector_array_pair3-&lt;lambda&gt;11]" time="0.0018405914306640625"></testcase><testcase classname="src.pymortests.vectorarray" file="src/pymortests/vectorarray.py" line="804" name="test_iadd[compatible_vector_array_pair3-&lt;lambda&gt;12]" time="0.0017919540405273438"></testcase><testcase classname="src.pymortests.vectorarray" file="src/pymortests/vectorarray.py" line="804" name="test_iadd[compatible_vector_array_pair3-&lt;lambda&gt;13]" time="0.0018515586853027344"></testcase><testcase classname="src.pymortests.vectorarray" file="src/pymortests/vectorarray.py" line="804" name="test_iadd[compatible_vector_array_pair3-&lt;lambda&gt;14]" time="0.001833200454711914"></testcase><testcase classname="src.pymortests.vectorarray" file="src/pymortests/vectorarray.py" line="804" name="test_iadd[compatible_vector_array_pair3-&lt;lambda&gt;15]" time="0.002063274383544922"></testcase><testcase classname="src.pymortests.vectorarray" file="src/pymortests/vectorarray.py" line="804" name="test_iadd[compatible_vector_array_pair3-&lt;lambda&gt;16]" time="0.0022711753845214844"></testcase><testcase classname="src.pymortests.vectorarray" file="src/pymortests/vectorarray.py" line="804" name="test_iadd[compatible_vector_array_pair3-&lt;lambda&gt;17]" time="0.0021550655364990234"></testcase><testcase classname="src.pymortests.vectorarray" file="src/pymortests/vectorarray.py" line="804" name="test_iadd[compatible_vector_array_pair3-&lt;lambda&gt;18]" time="0.0020885467529296875"></testcase><testcase classname="src.pymortests.vectorarray" file="src/pymortests/vectorarray.py" line="804" name="test_iadd[compatible_vector_array_pair3-&lt;lambda&gt;19]" time="0.0022859573364257812"></testcase><testcase classname="src.pymortests.vectorarray" file="src/pymortests/vectorarray.py" line="804" name="test_iadd[compatible_vector_array_pair3-&lt;lambda&gt;20]" time="0.026187896728515625"></testcase><testcase classname="src.pymortests.vectorarray" file="src/pymortests/vectorarray.py" line="804" name="test_iadd[compatible_vector_array_pair3-&lt;lambda&gt;21]" time="0.016176462173461914"></testcase><testcase classname="src.pymortests.vectorarray" file="src/pymortests/vectorarray.py" line="804" name="test_iadd[compatible_vector_array_pair3-&lt;lambda&gt;22]" time="0.045830726623535156"></testcase><testcase classname="src.pymortests.vectorarray" file="src/pymortests/vectorarray.py" line="804" name="test_iadd[compatible_vector_array_pair3-&lt;lambda&gt;23]" time="0.0035698413848876953"></testcase><testcase classname="src.pymortests.vectorarray" file="src/pymortests/vectorarray.py" line="804" name="test_iadd[compatible_vector_array_pair3-&lt;lambda&gt;24]" time="0.0014221668243408203"></testcase><testcase classname="src.pymortests.vectorarray" file="src/pymortests/vectorarray.py" line="804" name="test_iadd[compatible_vector_array_pair3-&lt;lambda&gt;25]" time="0.002441883087158203"></testcase><testcase classname="src.pymortests.vectorarray" file="src/pymortests/vectorarray.py" line="804" name="test_iadd[compatible_vector_array_pair3-&lt;lambda&gt;26]" time="0.02429795265197754"></testcase><testcase classname="src.pymortests.vectorarray" file="src/pymortests/vectorarray.py" line="804" name="test_iadd[compatible_vector_array_pair3-&lt;lambda&gt;27]" time="0.10050320625305176"></testcase><testcase classname="src.pymortests.vectorarray" file="src/pymortests/vectorarray.py" line="804" name="test_iadd[compatible_vector_array_pair3-&lt;lambda&gt;28]" time="0.2703590393066406"></testcase><testcase classname="src.pymortests.vectorarray" file="src/pymortests/vectorarray.py" line="804" name="test_iadd[compatible_vector_array_pair3-&lt;lambda&gt;29]" time="0.00873875617980957"></testcase><testcase classname="src.pymortests.vectorarray" file="src/pymortests/vectorarray.py" line="804" name="test_iadd[compatible_vector_array_pair4-&lt;lambda&gt;0]" time="0.001705169677734375"></testcase><testcase classname="src.pymortests.vectorarray" file="src/pymortests/vectorarray.py" line="804" name="test_iadd[compatible_vector_array_pair4-&lt;lambda&gt;1]" time="0.0015811920166015625"></testcase><testcase classname="src.pymortests.vectorarray" file="src/pymortests/vectorarray.py" line="804" name="test_iadd[compatible_vector_array_pair4-&lt;lambda&gt;2]" time="0.0016493797302246094"></testcase><testcase classname="src.pymortests.vectorarray" file="src/pymortests/vectorarray.py" line="804" name="test_iadd[compatible_vector_array_pair4-&lt;lambda&gt;3]" time="0.001589059829711914"></testcase><testcase classname="src.pymortests.vectorarray" file="src/pymortests/vectorarray.py" line="804" name="test_iadd[compatible_vector_array_pair4-&lt;lambda&gt;4]" time="0.0016257762908935547"></testcase><testcase classname="src.pymortests.vectorarray" file="src/pymortests/vectorarray.py" line="804" name="test_iadd[compatible_vector_array_pair4-&lt;lambda&gt;5]" time="0.0014908313751220703"></testcase><testcase classname="src.pymortests.vectorarray" file="src/pymortests/vectorarray.py" line="804" name="test_iadd[compatible_vector_array_pair4-&lt;lambda&gt;6]" time="0.0013773441314697266"></testcase><testcase classname="src.pymortests.vectorarray" file="src/pymortests/vectorarray.py" line="804" name="test_iadd[compatible_vector_array_pair4-&lt;lambda&gt;7]" time="0.0014009475708007812"></testcase><testcase classname="src.pymortests.vectorarray" file="src/pymortests/vectorarray.py" line="804" name="test_iadd[compatible_vector_array_pair4-&lt;lambda&gt;8]" time="0.0017192363739013672"></testcase><testcase classname="src.pymortests.vectorarray" file="src/pymortests/vectorarray.py" line="804" name="test_iadd[compatible_vector_array_pair4-&lt;lambda&gt;9]" time="0.003779172897338867"></testcase><testcase classname="src.pymortests.vectorarray" file="src/pymortests/vectorarray.py" line="804" name="test_iadd[compatible_vector_array_pair4-&lt;lambda&gt;10]" time="0.006930828094482422"></testcase><testcase classname="src.pymortests.vectorarray" file="src/pymortests/vectorarray.py" line="804" name="test_iadd[compatible_vector_array_pair4-&lt;lambda&gt;11]" time="0.0016331672668457031"></testcase><testcase classname="src.pymortests.vectorarray" file="src/pymortests/vectorarray.py" line="804" name="test_iadd[compatible_vector_array_pair4-&lt;lambda&gt;12]" time="0.0018150806427001953"></testcase><testcase classname="src.pymortests.vectorarray" file="src/pymortests/vectorarray.py" line="804" name="test_iadd[compatible_vector_array_pair4-&lt;lambda&gt;13]" time="0.0020227432250976562"></testcase><testcase classname="src.pymortests.vectorarray" file="src/pymortests/vectorarray.py" line="804" name="test_iadd[compatible_vector_array_pair4-&lt;lambda&gt;14]" time="0.0018491744995117188"></testcase><testcase classname="src.pymortests.vectorarray" file="src/pymortests/vectorarray.py" line="804" name="test_iadd[compatible_vector_array_pair4-&lt;lambda&gt;15]" time="0.002142667770385742"></testcase><testcase classname="src.pymortests.vectorarray" file="src/pymortests/vectorarray.py" line="804" name="test_iadd[compatible_vector_array_pair4-&lt;lambda&gt;16]" time="0.0024449825286865234"></testcase><testcase classname="src.pymortests.vectorarray" file="src/pymortests/vectorarray.py" line="804" name="test_iadd[compatible_vector_array_pair4-&lt;lambda&gt;17]" time="0.0022406578063964844"></testcase><testcase classname="src.pymortests.vectorarray" file="src/pymortests/vectorarray.py" line="804" name="test_iadd[compatible_vector_array_pair4-&lt;lambda&gt;18]" time="0.0021779537200927734"></testcase><testcase classname="src.pymortests.vectorarray" file="src/pymortests/vectorarray.py" line="804" name="test_iadd[compatible_vector_array_pair4-&lt;lambda&gt;19]" time="0.002215862274169922"></testcase><testcase classname="src.pymortests.vectorarray" file="src/pymortests/vectorarray.py" line="804" name="test_iadd[compatible_vector_array_pair4-&lt;lambda&gt;20]" time="0.026103973388671875"></testcase><testcase classname="src.pymortests.vectorarray" file="src/pymortests/vectorarray.py" line="804" name="test_iadd[compatible_vector_array_pair4-&lt;lambda&gt;21]" time="0.016583919525146484"></testcase><testcase classname="src.pymortests.vectorarray" file="src/pymortests/vectorarray.py" line="804" name="test_iadd[compatible_vector_array_pair4-&lt;lambda&gt;22]" time="0.046324968338012695"></testcase><testcase classname="src.pymortests.vectorarray" file="src/pymortests/vectorarray.py" line="804" name="test_iadd[compatible_vector_array_pair4-&lt;lambda&gt;23]" time="0.0037598609924316406"></testcase><testcase classname="src.pymortests.vectorarray" file="src/pymortests/vectorarray.py" line="804" name="test_iadd[compatible_vector_array_pair4-&lt;lambda&gt;24]" time="0.0014994144439697266"></testcase><testcase classname="src.pymortests.vectorarray" file="src/pymortests/vectorarray.py" line="804" name="test_iadd[compatible_vector_array_pair4-&lt;lambda&gt;25]" time="0.0025403499603271484"></testcase><testcase classname="src.pymortests.vectorarray" file="src/pymortests/vectorarray.py" line="804" name="test_iadd[compatible_vector_array_pair4-&lt;lambda&gt;26]" time="0.024521589279174805"></testcase><testcase classname="src.pymortests.vectorarray" file="src/pymortests/vectorarray.py" line="804" name="test_iadd[compatible_vector_array_pair4-&lt;lambda&gt;27]" time="0.10042953491210938"></testcase><testcase classname="src.pymortests.vectorarray" file="src/pymortests/vectorarray.py" line="804" name="test_iadd[compatible_vector_array_pair4-&lt;lambda&gt;28]" time="0.27485060691833496"></testcase><testcase classname="src.pymortests.vectorarray" file="src/pymortests/vectorarray.py" line="804" name="test_iadd[compatible_vector_array_pair4-&lt;lambda&gt;29]" time="0.008444786071777344"></testcase><testcase classname="src.pymortests.vectorarray" file="src/pymortests/vectorarray.py" line="804" name="test_iadd[compatible_vector_array_pair5-&lt;lambda&gt;0]" time="0.002076387405395508"></testcase><testcase classname="src.pymortests.vectorarray" file="src/pymortests/vectorarray.py" line="804" name="test_iadd[compatible_vector_array_pair5-&lt;lambda&gt;1]" time="0.0015330314636230469"></testcase><testcase classname="src.pymortests.vectorarray" file="src/pymortests/vectorarray.py" line="804" name="test_iadd[compatible_vector_array_pair5-&lt;lambda&gt;2]" time="0.0015819072723388672"></testcase><testcase classname="src.pymortests.vectorarray" file="src/pymortests/vectorarray.py" line="804" name="test_iadd[compatible_vector_array_pair5-&lt;lambda&gt;3]" time="0.0017092227935791016"></testcase><testcase classname="src.pymortests.vectorarray" file="src/pymortests/vectorarray.py" line="804" name="test_iadd[compatible_vector_array_pair5-&lt;lambda&gt;4]" time="0.0014824867248535156"></testcase><testcase classname="src.pymortests.vectorarray" file="src/pymortests/vectorarray.py" line="804" name="test_iadd[compatible_vector_array_pair5-&lt;lambda&gt;5]" time="0.001486063003540039"></testcase><testcase classname="src.pymortests.vectorarray" file="src/pymortests/vectorarray.py" line="804" name="test_iadd[compatible_vector_array_pair5-&lt;lambda&gt;6]" time="0.0013959407806396484"></testcase><testcase classname="src.pymortests.vectorarray" file="src/pymortests/vectorarray.py" line="804" name="test_iadd[compatible_vector_array_pair5-&lt;lambda&gt;7]" time="0.0014798641204833984"></testcase><testcase classname="src.pymortests.vectorarray" file="src/pymortests/vectorarray.py" line="804" name="test_iadd[compatible_vector_array_pair5-&lt;lambda&gt;8]" time="0.0018205642700195312"></testcase><testcase classname="src.pymortests.vectorarray" file="src/pymortests/vectorarray.py" line="804" name="test_iadd[compatible_vector_array_pair5-&lt;lambda&gt;9]" time="0.0039594173431396484"></testcase><testcase classname="src.pymortests.vectorarray" file="src/pymortests/vectorarray.py" line="804" name="test_iadd[compatible_vector_array_pair5-&lt;lambda&gt;10]" time="0.006996870040893555"></testcase><testcase classname="src.pymortests.vectorarray" file="src/pymortests/vectorarray.py" line="804" name="test_iadd[compatible_vector_array_pair5-&lt;lambda&gt;11]" time="0.0016989707946777344"></testcase><testcase classname="src.pymortests.vectorarray" file="src/pymortests/vectorarray.py" line="804" name="test_iadd[compatible_vector_array_pair5-&lt;lambda&gt;12]" time="0.0018537044525146484"></testcase><testcase classname="src.pymortests.vectorarray" file="src/pymortests/vectorarray.py" line="804" name="test_iadd[compatible_vector_array_pair5-&lt;lambda&gt;13]" time="0.0019276142120361328"></testcase><testcase classname="src.pymortests.vectorarray" file="src/pymortests/vectorarray.py" line="804" name="test_iadd[compatible_vector_array_pair5-&lt;lambda&gt;14]" time="0.0018990039825439453"></testcase><testcase classname="src.pymortests.vectorarray" file="src/pymortests/vectorarray.py" line="804" name="test_iadd[compatible_vector_array_pair5-&lt;lambda&gt;15]" time="0.002093791961669922"></testcase><testcase classname="src.pymortests.vectorarray" file="src/pymortests/vectorarray.py" line="804" name="test_iadd[compatible_vector_array_pair5-&lt;lambda&gt;16]" time="0.0024056434631347656"></testcase><testcase classname="src.pymortests.vectorarray" file="src/pymortests/vectorarray.py" line="804" name="test_iadd[compatible_vector_array_pair5-&lt;lambda&gt;17]" time="0.0022292137145996094"></testcase><testcase classname="src.pymortests.vectorarray" file="src/pymortests/vectorarray.py" line="804" name="test_iadd[compatible_vector_array_pair5-&lt;lambda&gt;18]" time="0.0021102428436279297"></testcase><testcase classname="src.pymortests.vectorarray" file="src/pymortests/vectorarray.py" line="804" name="test_iadd[compatible_vector_array_pair5-&lt;lambda&gt;19]" time="0.00205230712890625"></testcase><testcase classname="src.pymortests.vectorarray" file="src/pymortests/vectorarray.py" line="804" name="test_iadd[compatible_vector_array_pair5-&lt;lambda&gt;20]" time="0.0260617733001709"></testcase><testcase classname="src.pymortests.vectorarray" file="src/pymortests/vectorarray.py" line="804" name="test_iadd[compatible_vector_array_pair5-&lt;lambda&gt;21]" time="0.01701521873474121"></testcase><testcase classname="src.pymortests.vectorarray" file="src/pymortests/vectorarray.py" line="804" name="test_iadd[compatible_vector_array_pair5-&lt;lambda&gt;22]" time="0.04717278480529785"></testcase><testcase classname="src.pymortests.vectorarray" file="src/pymortests/vectorarray.py" line="804" name="test_iadd[compatible_vector_array_pair5-&lt;lambda&gt;23]" time="0.003625631332397461"></testcase><testcase classname="src.pymortests.vectorarray" file="src/pymortests/vectorarray.py" line="804" name="test_iadd[compatible_vector_array_pair5-&lt;lambda&gt;24]" time="0.001386880874633789"></testcase><testcase classname="src.pymortests.vectorarray" file="src/pymortests/vectorarray.py" line="804" name="test_iadd[compatible_vector_array_pair5-&lt;lambda&gt;25]" time="0.0023255348205566406"></testcase><testcase classname="src.pymortests.vectorarray" file="src/pymortests/vectorarray.py" line="804" name="test_iadd[compatible_vector_array_pair5-&lt;lambda&gt;26]" time="0.023982763290405273"></testcase><testcase classname="src.pymortests.vectorarray" file="src/pymortests/vectorarray.py" line="804" name="test_iadd[compatible_vector_array_pair5-&lt;lambda&gt;27]" time="0.10213923454284668"></testcase><testcase classname="src.pymortests.vectorarray" file="src/pymortests/vectorarray.py" line="804" name="test_iadd[compatible_vector_array_pair5-&lt;lambda&gt;28]" time="0.27366065979003906"></testcase><testcase classname="src.pymortests.vectorarray" file="src/pymortests/vectorarray.py" line="804" name="test_iadd[compatible_vector_array_pair5-&lt;lambda&gt;29]" time="0.008943796157836914"></testcase><testcase classname="src.pymortests.vectorarray" file="src/pymortests/vectorarray.py" line="804" name="test_iadd[compatible_vector_array_pair6-&lt;lambda&gt;0]" time="0.0016367435455322266"></testcase><testcase classname="src.pymortests.vectorarray" file="src/pymortests/vectorarray.py" line="804" name="test_iadd[compatible_vector_array_pair6-&lt;lambda&gt;1]" time="0.001556396484375"></testcase><testcase classname="src.pymortests.vectorarray" file="src/pymortests/vectorarray.py" line="804" name="test_iadd[compatible_vector_array_pair6-&lt;lambda&gt;2]" time="0.0015251636505126953"></testcase><testcase classname="src.pymortests.vectorarray" file="src/pymortests/vectorarray.py" line="804" name="test_iadd[compatible_vector_array_pair6-&lt;lambda&gt;3]" time="0.0016701221466064453"></testcase><testcase classname="src.pymortests.vectorarray" file="src/pymortests/vectorarray.py" line="804" name="test_iadd[compatible_vector_array_pair6-&lt;lambda&gt;4]" time="0.0015721321105957031"></testcase><testcase classname="src.pymortests.vectorarray" file="src/pymortests/vectorarray.py" line="804" name="test_iadd[compatible_vector_array_pair6-&lt;lambda&gt;5]" time="0.0014290809631347656"></testcase><testcase classname="src.pymortests.vectorarray" file="src/pymortests/vectorarray.py" line="804" name="test_iadd[compatible_vector_array_pair6-&lt;lambda&gt;6]" time="0.0013682842254638672"></testcase><testcase classname="src.pymortests.vectorarray" file="src/pymortests/vectorarray.py" line="804" name="test_iadd[compatible_vector_array_pair6-&lt;lambda&gt;7]" time="0.0013523101806640625"></testcase><testcase classname="src.pymortests.vectorarray" file="src/pymortests/vectorarray.py" line="804" name="test_iadd[compatible_vector_array_pair6-&lt;lambda&gt;8]" time="0.0016639232635498047"></testcase><testcase classname="src.pymortests.vectorarray" file="src/pymortests/vectorarray.py" line="804" name="test_iadd[compatible_vector_array_pair6-&lt;lambda&gt;9]" time="0.0038449764251708984"></testcase><testcase classname="src.pymortests.vectorarray" file="src/pymortests/vectorarray.py" line="804" name="test_iadd[compatible_vector_array_pair6-&lt;lambda&gt;10]" time="0.006810903549194336"></testcase><testcase classname="src.pymortests.vectorarray" file="src/pymortests/vectorarray.py" line="804" name="test_iadd[compatible_vector_array_pair6-&lt;lambda&gt;11]" time="0.0017001628875732422"></testcase><testcase classname="src.pymortests.vectorarray" file="src/pymortests/vectorarray.py" line="804" name="test_iadd[compatible_vector_array_pair6-&lt;lambda&gt;12]" time="0.0017337799072265625"></testcase><testcase classname="src.pymortests.vectorarray" file="src/pymortests/vectorarray.py" line="804" name="test_iadd[compatible_vector_array_pair6-&lt;lambda&gt;13]" time="0.0018656253814697266"></testcase><testcase classname="src.pymortests.vectorarray" file="src/pymortests/vectorarray.py" line="804" name="test_iadd[compatible_vector_array_pair6-&lt;lambda&gt;14]" time="0.001821279525756836"></testcase><testcase classname="src.pymortests.vectorarray" file="src/pymortests/vectorarray.py" line="804" name="test_iadd[compatible_vector_array_pair6-&lt;lambda&gt;15]" time="0.002072572708129883"></testcase><testcase classname="src.pymortests.vectorarray" file="src/pymortests/vectorarray.py" line="804" name="test_iadd[compatible_vector_array_pair6-&lt;lambda&gt;16]" time="0.002446889877319336"></testcase><testcase classname="src.pymortests.vectorarray" file="src/pymortests/vectorarray.py" line="804" name="test_iadd[compatible_vector_array_pair6-&lt;lambda&gt;17]" time="0.002164602279663086"></testcase><testcase classname="src.pymortests.vectorarray" file="src/pymortests/vectorarray.py" line="804" name="test_iadd[compatible_vector_array_pair6-&lt;lambda&gt;18]" time="0.0022068023681640625"></testcase><testcase classname="src.pymortests.vectorarray" file="src/pymortests/vectorarray.py" line="804" name="test_iadd[compatible_vector_array_pair6-&lt;lambda&gt;19]" time="0.0022614002227783203"></testcase><testcase classname="src.pymortests.vectorarray" file="src/pymortests/vectorarray.py" line="804" name="test_iadd[compatible_vector_array_pair6-&lt;lambda&gt;20]" time="0.02653336524963379"></testcase><testcase classname="src.pymortests.vectorarray" file="src/pymortests/vectorarray.py" line="804" name="test_iadd[compatible_vector_array_pair6-&lt;lambda&gt;21]" time="0.020119905471801758"></testcase><testcase classname="src.pymortests.vectorarray" file="src/pymortests/vectorarray.py" line="804" name="test_iadd[compatible_vector_array_pair6-&lt;lambda&gt;22]" time="0.047252655029296875"></testcase><testcase classname="src.pymortests.vectorarray" file="src/pymortests/vectorarray.py" line="804" name="test_iadd[compatible_vector_array_pair6-&lt;lambda&gt;23]" time="0.0035707950592041016"></testcase><testcase classname="src.pymortests.vectorarray" file="src/pymortests/vectorarray.py" line="804" name="test_iadd[compatible_vector_array_pair6-&lt;lambda&gt;24]" time="0.0013821125030517578"></testcase><testcase classname="src.pymortests.vectorarray" file="src/pymortests/vectorarray.py" line="804" name="test_iadd[compatible_vector_array_pair6-&lt;lambda&gt;25]" time="0.002299070358276367"></testcase><testcase classname="src.pymortests.vectorarray" file="src/pymortests/vectorarray.py" line="804" name="test_iadd[compatible_vector_array_pair6-&lt;lambda&gt;26]" time="0.024366140365600586"></testcase><testcase classname="src.pymortests.vectorarray" file="src/pymortests/vectorarray.py" line="804" name="test_iadd[compatible_vector_array_pair6-&lt;lambda&gt;27]" time="0.1025991439819336"></testcase><testcase classname="src.pymortests.vectorarray" file="src/pymortests/vectorarray.py" line="804" name="test_iadd[compatible_vector_array_pair6-&lt;lambda&gt;28]" time="0.2738344669342041"></testcase><testcase classname="src.pymortests.vectorarray" file="src/pymortests/vectorarray.py" line="804" name="test_iadd[compatible_vector_array_pair6-&lt;lambda&gt;29]" time="0.008880853652954102"></testcase><testcase classname="src.pymortests.vectorarray" file="src/pymortests/vectorarray.py" line="804" name="test_iadd[compatible_vector_array_pair7-&lt;lambda&gt;0]" time="0.0021448135375976562"></testcase><testcase classname="src.pymortests.vectorarray" file="src/pymortests/vectorarray.py" line="804" name="test_iadd[compatible_vector_array_pair7-&lt;lambda&gt;1]" time="0.0016436576843261719"></testcase><testcase classname="src.pymortests.vectorarray" file="src/pymortests/vectorarray.py" line="804" name="test_iadd[compatible_vector_array_pair7-&lt;lambda&gt;2]" time="0.0015082359313964844"></testcase><testcase classname="src.pymortests.vectorarray" file="src/pymortests/vectorarray.py" line="804" name="test_iadd[compatible_vector_array_pair7-&lt;lambda&gt;3]" time="0.0016369819641113281"></testcase><testcase classname="src.pymortests.vectorarray" file="src/pymortests/vectorarray.py" line="804" name="test_iadd[compatible_vector_array_pair7-&lt;lambda&gt;4]" time="0.0015873908996582031"></testcase><testcase classname="src.pymortests.vectorarray" file="src/pymortests/vectorarray.py" line="804" name="test_iadd[compatible_vector_array_pair7-&lt;lambda&gt;5]" time="0.0014495849609375"></testcase><testcase classname="src.pymortests.vectorarray" file="src/pymortests/vectorarray.py" line="804" name="test_iadd[compatible_vector_array_pair7-&lt;lambda&gt;6]" time="0.0013637542724609375"></testcase><testcase classname="src.pymortests.vectorarray" file="src/pymortests/vectorarray.py" line="804" name="test_iadd[compatible_vector_array_pair7-&lt;lambda&gt;7]" time="0.0014204978942871094"></testcase><testcase classname="src.pymortests.vectorarray" file="src/pymortests/vectorarray.py" line="804" name="test_iadd[compatible_vector_array_pair7-&lt;lambda&gt;8]" time="0.0017216205596923828"></testcase><testcase classname="src.pymortests.vectorarray" file="src/pymortests/vectorarray.py" line="804" name="test_iadd[compatible_vector_array_pair7-&lt;lambda&gt;9]" time="0.0036253929138183594"></testcase><testcase classname="src.pymortests.vectorarray" file="src/pymortests/vectorarray.py" line="804" name="test_iadd[compatible_vector_array_pair7-&lt;lambda&gt;10]" time="0.006833314895629883"></testcase><testcase classname="src.pymortests.vectorarray" file="src/pymortests/vectorarray.py" line="804" name="test_iadd[compatible_vector_array_pair7-&lt;lambda&gt;11]" time="0.0015985965728759766"></testcase><testcase classname="src.pymortests.vectorarray" file="src/pymortests/vectorarray.py" line="804" name="test_iadd[compatible_vector_array_pair7-&lt;lambda&gt;12]" time="0.0018734931945800781"></testcase><testcase classname="src.pymortests.vectorarray" file="src/pymortests/vectorarray.py" line="804" name="test_iadd[compatible_vector_array_pair7-&lt;lambda&gt;13]" time="0.0018956661224365234"></testcase><testcase classname="src.pymortests.vectorarray" file="src/pymortests/vectorarray.py" line="804" name="test_iadd[compatible_vector_array_pair7-&lt;lambda&gt;14]" time="0.0018091201782226562"></testcase><testcase classname="src.pymortests.vectorarray" file="src/pymortests/vectorarray.py" line="804" name="test_iadd[compatible_vector_array_pair7-&lt;lambda&gt;15]" time="0.00209808349609375"></testcase><testcase classname="src.pymortests.vectorarray" file="src/pymortests/vectorarray.py" line="804" name="test_iadd[compatible_vector_array_pair7-&lt;lambda&gt;16]" time="0.002518177032470703"></testcase><testcase classname="src.pymortests.vectorarray" file="src/pymortests/vectorarray.py" line="804" name="test_iadd[compatible_vector_array_pair7-&lt;lambda&gt;17]" time="0.0020761489868164062"></testcase><testcase classname="src.pymortests.vectorarray" file="src/pymortests/vectorarray.py" line="804" name="test_iadd[compatible_vector_array_pair7-&lt;lambda&gt;18]" time="0.0019364356994628906"></testcase><testcase classname="src.pymortests.vectorarray" file="src/pymortests/vectorarray.py" line="804" name="test_iadd[compatible_vector_array_pair7-&lt;lambda&gt;19]" time="0.0020797252655029297"></testcase><testcase classname="src.pymortests.vectorarray" file="src/pymortests/vectorarray.py" line="804" name="test_iadd[compatible_vector_array_pair7-&lt;lambda&gt;20]" time="0.025741100311279297"></testcase><testcase classname="src.pymortests.vectorarray" file="src/pymortests/vectorarray.py" line="804" name="test_iadd[compatible_vector_array_pair7-&lt;lambda&gt;21]" time="0.01712489128112793"></testcase><testcase classname="src.pymortests.vectorarray" file="src/pymortests/vectorarray.py" line="804" name="test_iadd[compatible_vector_array_pair7-&lt;lambda&gt;22]" time="0.04694962501525879"></testcase><testcase classname="src.pymortests.vectorarray" file="src/pymortests/vectorarray.py" line="804" name="test_iadd[compatible_vector_array_pair7-&lt;lambda&gt;23]" time="0.003555774688720703"></testcase><testcase classname="src.pymortests.vectorarray" file="src/pymortests/vectorarray.py" line="804" name="test_iadd[compatible_vector_array_pair7-&lt;lambda&gt;24]" time="0.0015201568603515625"></testcase><testcase classname="src.pymortests.vectorarray" file="src/pymortests/vectorarray.py" line="804" name="test_iadd[compatible_vector_array_pair7-&lt;lambda&gt;25]" time="0.0023691654205322266"></testcase><testcase classname="src.pymortests.vectorarray" file="src/pymortests/vectorarray.py" line="804" name="test_iadd[compatible_vector_array_pair7-&lt;lambda&gt;26]" time="0.02396082878112793"></testcase><testcase classname="src.pymortests.vectorarray" file="src/pymortests/vectorarray.py" line="804" name="test_iadd[compatible_vector_array_pair7-&lt;lambda&gt;27]" time="0.10135746002197266"></testcase><testcase classname="src.pymortests.vectorarray" file="src/pymortests/vectorarray.py" line="804" name="test_iadd[compatible_vector_array_pair7-&lt;lambda&gt;28]" time="0.2713911533355713"></testcase><testcase classname="src.pymortests.vectorarray" file="src/pymortests/vectorarray.py" line="804" name="test_iadd[compatible_vector_array_pair7-&lt;lambda&gt;29]" time="0.008629083633422852"></testcase><testcase classname="src.pymortests.vectorarray" file="src/pymortests/vectorarray.py" line="804" name="test_iadd[compatible_vector_array_pair8-&lt;lambda&gt;0]" time="0.0021598339080810547"></testcase><testcase classname="src.pymortests.vectorarray" file="src/pymortests/vectorarray.py" line="804" name="test_iadd[compatible_vector_array_pair8-&lt;lambda&gt;1]" time="0.0015757083892822266"></testcase><testcase classname="src.pymortests.vectorarray" file="src/pymortests/vectorarray.py" line="804" name="test_iadd[compatible_vector_array_pair8-&lt;lambda&gt;2]" time="0.001562356948852539"></testcase><testcase classname="src.pymortests.vectorarray" file="src/pymortests/vectorarray.py" line="804" name="test_iadd[compatible_vector_array_pair8-&lt;lambda&gt;3]" time="0.0015692710876464844"></testcase><testcase classname="src.pymortests.vectorarray" file="src/pymortests/vectorarray.py" line="804" name="test_iadd[compatible_vector_array_pair8-&lt;lambda&gt;4]" time="0.0014879703521728516"></testcase><testcase classname="src.pymortests.vectorarray" file="src/pymortests/vectorarray.py" line="804" name="test_iadd[compatible_vector_array_pair8-&lt;lambda&gt;5]" time="0.0014104843139648438"></testcase><testcase classname="src.pymortests.vectorarray" file="src/pymortests/vectorarray.py" line="804" name="test_iadd[compatible_vector_array_pair8-&lt;lambda&gt;6]" time="0.0013461112976074219"></testcase><testcase classname="src.pymortests.vectorarray" file="src/pymortests/vectorarray.py" line="804" name="test_iadd[compatible_vector_array_pair8-&lt;lambda&gt;7]" time="0.0015075206756591797"></testcase><testcase classname="src.pymortests.vectorarray" file="src/pymortests/vectorarray.py" line="804" name="test_iadd[compatible_vector_array_pair8-&lt;lambda&gt;8]" time="0.0018470287322998047"></testcase><testcase classname="src.pymortests.vectorarray" file="src/pymortests/vectorarray.py" line="804" name="test_iadd[compatible_vector_array_pair8-&lt;lambda&gt;9]" time="0.003811359405517578"></testcase><testcase classname="src.pymortests.vectorarray" file="src/pymortests/vectorarray.py" line="804" name="test_iadd[compatible_vector_array_pair8-&lt;lambda&gt;10]" time="0.006890535354614258"></testcase><testcase classname="src.pymortests.vectorarray" file="src/pymortests/vectorarray.py" line="804" name="test_iadd[compatible_vector_array_pair8-&lt;lambda&gt;11]" time="0.001676797866821289"></testcase><testcase classname="src.pymortests.vectorarray" file="src/pymortests/vectorarray.py" line="804" name="test_iadd[compatible_vector_array_pair8-&lt;lambda&gt;12]" time="0.0017766952514648438"></testcase><testcase classname="src.pymortests.vectorarray" file="src/pymortests/vectorarray.py" line="804" name="test_iadd[compatible_vector_array_pair8-&lt;lambda&gt;13]" time="0.002014636993408203"></testcase><testcase classname="src.pymortests.vectorarray" file="src/pymortests/vectorarray.py" line="804" name="test_iadd[compatible_vector_array_pair8-&lt;lambda&gt;14]" time="0.0018818378448486328"></testcase><testcase classname="src.pymortests.vectorarray" file="src/pymortests/vectorarray.py" line="804" name="test_iadd[compatible_vector_array_pair8-&lt;lambda&gt;15]" time="0.0022783279418945312"></testcase><testcase classname="src.pymortests.vectorarray" file="src/pymortests/vectorarray.py" line="804" name="test_iadd[compatible_vector_array_pair8-&lt;lambda&gt;16]" time="0.0023491382598876953"></testcase><testcase classname="src.pymortests.vectorarray" file="src/pymortests/vectorarray.py" line="804" name="test_iadd[compatible_vector_array_pair8-&lt;lambda&gt;17]" time="0.0021467208862304688"></testcase><testcase classname="src.pymortests.vectorarray" file="src/pymortests/vectorarray.py" line="804" name="test_iadd[compatible_vector_array_pair8-&lt;lambda&gt;18]" time="0.0022459030151367188"></testcase><testcase classname="src.pymortests.vectorarray" file="src/pymortests/vectorarray.py" line="804" name="test_iadd[compatible_vector_array_pair8-&lt;lambda&gt;19]" time="0.002141714096069336"></testcase><testcase classname="src.pymortests.vectorarray" file="src/pymortests/vectorarray.py" line="804" name="test_iadd[compatible_vector_array_pair8-&lt;lambda&gt;20]" time="0.028905868530273438"></testcase><testcase classname="src.pymortests.vectorarray" file="src/pymortests/vectorarray.py" line="804" name="test_iadd[compatible_vector_array_pair8-&lt;lambda&gt;21]" time="0.01696634292602539"></testcase><testcase classname="src.pymortests.vectorarray" file="src/pymortests/vectorarray.py" line="804" name="test_iadd[compatible_vector_array_pair8-&lt;lambda&gt;22]" time="0.048684120178222656"></testcase><testcase classname="src.pymortests.vectorarray" file="src/pymortests/vectorarray.py" line="804" name="test_iadd[compatible_vector_array_pair8-&lt;lambda&gt;23]" time="0.0036613941192626953"></testcase><testcase classname="src.pymortests.vectorarray" file="src/pymortests/vectorarray.py" line="804" name="test_iadd[compatible_vector_array_pair8-&lt;lambda&gt;24]" time="0.0015399456024169922"></testcase><testcase classname="src.pymortests.vectorarray" file="src/pymortests/vectorarray.py" line="804" name="test_iadd[compatible_vector_array_pair8-&lt;lambda&gt;25]" time="0.0024995803833007812"></testcase><testcase classname="src.pymortests.vectorarray" file="src/pymortests/vectorarray.py" line="804" name="test_iadd[compatible_vector_array_pair8-&lt;lambda&gt;26]" time="0.024654388427734375"></testcase><testcase classname="src.pymortests.vectorarray" file="src/pymortests/vectorarray.py" line="804" name="test_iadd[compatible_vector_array_pair8-&lt;lambda&gt;27]" time="0.1025538444519043"></testcase><testcase classname="src.pymortests.vectorarray" file="src/pymortests/vectorarray.py" line="804" name="test_iadd[compatible_vector_array_pair8-&lt;lambda&gt;28]" time="0.27555012702941895"></testcase><testcase classname="src.pymortests.vectorarray" file="src/pymortests/vectorarray.py" line="804" name="test_iadd[compatible_vector_array_pair8-&lt;lambda&gt;29]" time="0.008266925811767578"></testcase><testcase classname="src.pymortests.vectorarray" file="src/pymortests/vectorarray.py" line="816" name="test_sub[compatible_vector_array_pair0-&lt;lambda&gt;0]" time="0.002465963363647461"></testcase><testcase classname="src.pymortests.vectorarray" file="src/pymortests/vectorarray.py" line="816" name="test_sub[compatible_vector_array_pair0-&lt;lambda&gt;1]" time="0.0015997886657714844"></testcase><testcase classname="src.pymortests.vectorarray" file="src/pymortests/vectorarray.py" line="816" name="test_sub[compatible_vector_array_pair0-&lt;lambda&gt;2]" time="0.0015437602996826172"></testcase><testcase classname="src.pymortests.vectorarray" file="src/pymortests/vectorarray.py" line="816" name="test_sub[compatible_vector_array_pair0-&lt;lambda&gt;3]" time="0.0015878677368164062"></testcase><testcase classname="src.pymortests.vectorarray" file="src/pymortests/vectorarray.py" line="816" name="test_sub[compatible_vector_array_pair0-&lt;lambda&gt;4]" time="0.00151824951171875"></testcase><testcase classname="src.pymortests.vectorarray" file="src/pymortests/vectorarray.py" line="816" name="test_sub[compatible_vector_array_pair0-&lt;lambda&gt;5]" time="0.0014116764068603516"></testcase><testcase classname="src.pymortests.vectorarray" file="src/pymortests/vectorarray.py" line="816" name="test_sub[compatible_vector_array_pair0-&lt;lambda&gt;6]" time="0.001344919204711914"></testcase><testcase classname="src.pymortests.vectorarray" file="src/pymortests/vectorarray.py" line="816" name="test_sub[compatible_vector_array_pair0-&lt;lambda&gt;7]" time="0.0013675689697265625"></testcase><testcase classname="src.pymortests.vectorarray" file="src/pymortests/vectorarray.py" line="816" name="test_sub[compatible_vector_array_pair0-&lt;lambda&gt;8]" time="0.001718282699584961"></testcase><testcase classname="src.pymortests.vectorarray" file="src/pymortests/vectorarray.py" line="816" name="test_sub[compatible_vector_array_pair0-&lt;lambda&gt;9]" time="0.005202293395996094"></testcase><testcase classname="src.pymortests.vectorarray" file="src/pymortests/vectorarray.py" line="816" name="test_sub[compatible_vector_array_pair0-&lt;lambda&gt;10]" time="0.008991241455078125"></testcase><testcase classname="src.pymortests.vectorarray" file="src/pymortests/vectorarray.py" line="816" name="test_sub[compatible_vector_array_pair0-&lt;lambda&gt;11]" time="0.0016407966613769531"></testcase><testcase classname="src.pymortests.vectorarray" file="src/pymortests/vectorarray.py" line="816" name="test_sub[compatible_vector_array_pair0-&lt;lambda&gt;12]" time="0.0018062591552734375"></testcase><testcase classname="src.pymortests.vectorarray" file="src/pymortests/vectorarray.py" line="816" name="test_sub[compatible_vector_array_pair0-&lt;lambda&gt;13]" time="0.0019083023071289062"></testcase><testcase classname="src.pymortests.vectorarray" file="src/pymortests/vectorarray.py" line="816" name="test_sub[compatible_vector_array_pair0-&lt;lambda&gt;14]" time="0.0019609928131103516"></testcase><testcase classname="src.pymortests.vectorarray" file="src/pymortests/vectorarray.py" line="816" name="test_sub[compatible_vector_array_pair0-&lt;lambda&gt;15]" time="0.002274751663208008"></testcase><testcase classname="src.pymortests.vectorarray" file="src/pymortests/vectorarray.py" line="816" name="test_sub[compatible_vector_array_pair0-&lt;lambda&gt;16]" time="0.002437114715576172"></testcase><testcase classname="src.pymortests.vectorarray" file="src/pymortests/vectorarray.py" line="816" name="test_sub[compatible_vector_array_pair0-&lt;lambda&gt;17]" time="0.0023021697998046875"></testcase><testcase classname="src.pymortests.vectorarray" file="src/pymortests/vectorarray.py" line="816" name="test_sub[compatible_vector_array_pair0-&lt;lambda&gt;18]" time="0.0020914077758789062"></testcase><testcase classname="src.pymortests.vectorarray" file="src/pymortests/vectorarray.py" line="816" name="test_sub[compatible_vector_array_pair0-&lt;lambda&gt;19]" time="0.0022177696228027344"></testcase><testcase classname="src.pymortests.vectorarray" file="src/pymortests/vectorarray.py" line="816" name="test_sub[compatible_vector_array_pair0-&lt;lambda&gt;20]" time="0.02660083770751953"></testcase><testcase classname="src.pymortests.vectorarray" file="src/pymortests/vectorarray.py" line="816" name="test_sub[compatible_vector_array_pair0-&lt;lambda&gt;21]" time="0.019210100173950195"></testcase><testcase classname="src.pymortests.vectorarray" file="src/pymortests/vectorarray.py" line="816" name="test_sub[compatible_vector_array_pair0-&lt;lambda&gt;22]" time="0.051566362380981445"></testcase><testcase classname="src.pymortests.vectorarray" file="src/pymortests/vectorarray.py" line="816" name="test_sub[compatible_vector_array_pair0-&lt;lambda&gt;23]" time="0.003896951675415039"></testcase><testcase classname="src.pymortests.vectorarray" file="src/pymortests/vectorarray.py" line="816" name="test_sub[compatible_vector_array_pair0-&lt;lambda&gt;24]" time="0.0014257431030273438"></testcase><testcase classname="src.pymortests.vectorarray" file="src/pymortests/vectorarray.py" line="816" name="test_sub[compatible_vector_array_pair0-&lt;lambda&gt;25]" time="0.0024559497833251953"></testcase><testcase classname="src.pymortests.vectorarray" file="src/pymortests/vectorarray.py" line="816" name="test_sub[compatible_vector_array_pair0-&lt;lambda&gt;26]" time="0.024182796478271484"></testcase><testcase classname="src.pymortests.vectorarray" file="src/pymortests/vectorarray.py" line="816" name="test_sub[compatible_vector_array_pair0-&lt;lambda&gt;27]" time="0.12732410430908203"></testcase><testcase classname="src.pymortests.vectorarray" file="src/pymortests/vectorarray.py" line="816" name="test_sub[compatible_vector_array_pair0-&lt;lambda&gt;28]" time="0.33190298080444336"></testcase><testcase classname="src.pymortests.vectorarray" file="src/pymortests/vectorarray.py" line="816" name="test_sub[compatible_vector_array_pair0-&lt;lambda&gt;29]" time="0.010146141052246094"></testcase><testcase classname="src.pymortests.vectorarray" file="src/pymortests/vectorarray.py" line="816" name="test_sub[compatible_vector_array_pair1-&lt;lambda&gt;0]" time="0.002286672592163086"></testcase><testcase classname="src.pymortests.vectorarray" file="src/pymortests/vectorarray.py" line="816" name="test_sub[compatible_vector_array_pair1-&lt;lambda&gt;1]" time="0.001653432846069336"></testcase><testcase classname="src.pymortests.vectorarray" file="src/pymortests/vectorarray.py" line="816" name="test_sub[compatible_vector_array_pair1-&lt;lambda&gt;2]" time="0.0015778541564941406"></testcase><testcase classname="src.pymortests.vectorarray" file="src/pymortests/vectorarray.py" line="816" name="test_sub[compatible_vector_array_pair1-&lt;lambda&gt;3]" time="0.0016510486602783203"></testcase><testcase classname="src.pymortests.vectorarray" file="src/pymortests/vectorarray.py" line="816" name="test_sub[compatible_vector_array_pair1-&lt;lambda&gt;4]" time="0.0015497207641601562"></testcase><testcase classname="src.pymortests.vectorarray" file="src/pymortests/vectorarray.py" line="816" name="test_sub[compatible_vector_array_pair1-&lt;lambda&gt;5]" time="0.0014617443084716797"></testcase><testcase classname="src.pymortests.vectorarray" file="src/pymortests/vectorarray.py" line="816" name="test_sub[compatible_vector_array_pair1-&lt;lambda&gt;6]" time="0.0014514923095703125"></testcase><testcase classname="src.pymortests.vectorarray" file="src/pymortests/vectorarray.py" line="816" name="test_sub[compatible_vector_array_pair1-&lt;lambda&gt;7]" time="0.0014560222625732422"></testcase><testcase classname="src.pymortests.vectorarray" file="src/pymortests/vectorarray.py" line="816" name="test_sub[compatible_vector_array_pair1-&lt;lambda&gt;8]" time="0.0018701553344726562"></testcase><testcase classname="src.pymortests.vectorarray" file="src/pymortests/vectorarray.py" line="816" name="test_sub[compatible_vector_array_pair1-&lt;lambda&gt;9]" time="0.004751682281494141"></testcase><testcase classname="src.pymortests.vectorarray" file="src/pymortests/vectorarray.py" line="816" name="test_sub[compatible_vector_array_pair1-&lt;lambda&gt;10]" time="0.009656429290771484"></testcase><testcase classname="src.pymortests.vectorarray" file="src/pymortests/vectorarray.py" line="816" name="test_sub[compatible_vector_array_pair1-&lt;lambda&gt;11]" time="0.0018727779388427734"></testcase><testcase classname="src.pymortests.vectorarray" file="src/pymortests/vectorarray.py" line="816" name="test_sub[compatible_vector_array_pair1-&lt;lambda&gt;12]" time="0.0018427371978759766"></testcase><testcase classname="src.pymortests.vectorarray" file="src/pymortests/vectorarray.py" line="816" name="test_sub[compatible_vector_array_pair1-&lt;lambda&gt;13]" time="0.0020546913146972656"></testcase><testcase classname="src.pymortests.vectorarray" file="src/pymortests/vectorarray.py" line="816" name="test_sub[compatible_vector_array_pair1-&lt;lambda&gt;14]" time="0.0018720626831054688"></testcase><testcase classname="src.pymortests.vectorarray" file="src/pymortests/vectorarray.py" line="816" name="test_sub[compatible_vector_array_pair1-&lt;lambda&gt;15]" time="0.0022974014282226562"></testcase><testcase classname="src.pymortests.vectorarray" file="src/pymortests/vectorarray.py" line="816" name="test_sub[compatible_vector_array_pair1-&lt;lambda&gt;16]" time="0.0024404525756835938"></testcase><testcase classname="src.pymortests.vectorarray" file="src/pymortests/vectorarray.py" line="816" name="test_sub[compatible_vector_array_pair1-&lt;lambda&gt;17]" time="0.0023560523986816406"></testcase><testcase classname="src.pymortests.vectorarray" file="src/pymortests/vectorarray.py" line="816" name="test_sub[compatible_vector_array_pair1-&lt;lambda&gt;18]" time="0.0021300315856933594"></testcase><testcase classname="src.pymortests.vectorarray" file="src/pymortests/vectorarray.py" line="816" name="test_sub[compatible_vector_array_pair1-&lt;lambda&gt;19]" time="0.0022170543670654297"></testcase><testcase classname="src.pymortests.vectorarray" file="src/pymortests/vectorarray.py" line="816" name="test_sub[compatible_vector_array_pair1-&lt;lambda&gt;20]" time="0.02598094940185547"></testcase><testcase classname="src.pymortests.vectorarray" file="src/pymortests/vectorarray.py" line="816" name="test_sub[compatible_vector_array_pair1-&lt;lambda&gt;21]" time="0.018439292907714844"></testcase><testcase classname="src.pymortests.vectorarray" file="src/pymortests/vectorarray.py" line="816" name="test_sub[compatible_vector_array_pair1-&lt;lambda&gt;22]" time="0.05170178413391113"></testcase><testcase classname="src.pymortests.vectorarray" file="src/pymortests/vectorarray.py" line="816" name="test_sub[compatible_vector_array_pair1-&lt;lambda&gt;23]" time="0.0038428306579589844"></testcase><testcase classname="src.pymortests.vectorarray" file="src/pymortests/vectorarray.py" line="816" name="test_sub[compatible_vector_array_pair1-&lt;lambda&gt;24]" time="0.0015177726745605469"></testcase><testcase classname="src.pymortests.vectorarray" file="src/pymortests/vectorarray.py" line="816" name="test_sub[compatible_vector_array_pair1-&lt;lambda&gt;25]" time="0.002414226531982422"></testcase><testcase classname="src.pymortests.vectorarray" file="src/pymortests/vectorarray.py" line="816" name="test_sub[compatible_vector_array_pair1-&lt;lambda&gt;26]" time="0.023999929428100586"></testcase><testcase classname="src.pymortests.vectorarray" file="src/pymortests/vectorarray.py" line="816" name="test_sub[compatible_vector_array_pair1-&lt;lambda&gt;27]" time="0.12442302703857422"></testcase><testcase classname="src.pymortests.vectorarray" file="src/pymortests/vectorarray.py" line="816" name="test_sub[compatible_vector_array_pair1-&lt;lambda&gt;28]" time="0.32796764373779297"></testcase><testcase classname="src.pymortests.vectorarray" file="src/pymortests/vectorarray.py" line="816" name="test_sub[compatible_vector_array_pair1-&lt;lambda&gt;29]" time="0.010731220245361328"></testcase><testcase classname="src.pymortests.vectorarray" file="src/pymortests/vectorarray.py" line="816" name="test_sub[compatible_vector_array_pair2-&lt;lambda&gt;0]" time="0.002241849899291992"></testcase><testcase classname="src.pymortests.vectorarray" file="src/pymortests/vectorarray.py" line="816" name="test_sub[compatible_vector_array_pair2-&lt;lambda&gt;1]" time="0.0017008781433105469"></testcase><testcase classname="src.pymortests.vectorarray" file="src/pymortests/vectorarray.py" line="816" name="test_sub[compatible_vector_array_pair2-&lt;lambda&gt;2]" time="0.001744985580444336"></testcase><testcase classname="src.pymortests.vectorarray" file="src/pymortests/vectorarray.py" line="816" name="test_sub[compatible_vector_array_pair2-&lt;lambda&gt;3]" time="0.0018270015716552734"></testcase><testcase classname="src.pymortests.vectorarray" file="src/pymortests/vectorarray.py" line="816" name="test_sub[compatible_vector_array_pair2-&lt;lambda&gt;4]" time="0.001638650894165039"></testcase><testcase classname="src.pymortests.vectorarray" file="src/pymortests/vectorarray.py" line="816" name="test_sub[compatible_vector_array_pair2-&lt;lambda&gt;5]" time="0.001504659652709961"></testcase><testcase classname="src.pymortests.vectorarray" file="src/pymortests/vectorarray.py" line="816" name="test_sub[compatible_vector_array_pair2-&lt;lambda&gt;6]" time="0.00154876708984375"></testcase><testcase classname="src.pymortests.vectorarray" file="src/pymortests/vectorarray.py" line="816" name="test_sub[compatible_vector_array_pair2-&lt;lambda&gt;7]" time="0.0015001296997070312"></testcase><testcase classname="src.pymortests.vectorarray" file="src/pymortests/vectorarray.py" line="816" name="test_sub[compatible_vector_array_pair2-&lt;lambda&gt;8]" time="0.0019562244415283203"></testcase><testcase classname="src.pymortests.vectorarray" file="src/pymortests/vectorarray.py" line="816" name="test_sub[compatible_vector_array_pair2-&lt;lambda&gt;9]" time="0.005154848098754883"></testcase><testcase classname="src.pymortests.vectorarray" file="src/pymortests/vectorarray.py" line="816" name="test_sub[compatible_vector_array_pair2-&lt;lambda&gt;10]" time="0.009885072708129883"></testcase><testcase classname="src.pymortests.vectorarray" file="src/pymortests/vectorarray.py" line="816" name="test_sub[compatible_vector_array_pair2-&lt;lambda&gt;11]" time="0.0017039775848388672"></testcase><testcase classname="src.pymortests.vectorarray" file="src/pymortests/vectorarray.py" line="816" name="test_sub[compatible_vector_array_pair2-&lt;lambda&gt;12]" time="0.0017824172973632812"></testcase><testcase classname="src.pymortests.vectorarray" file="src/pymortests/vectorarray.py" line="816" name="test_sub[compatible_vector_array_pair2-&lt;lambda&gt;13]" time="0.0020143985748291016"></testcase><testcase classname="src.pymortests.vectorarray" file="src/pymortests/vectorarray.py" line="816" name="test_sub[compatible_vector_array_pair2-&lt;lambda&gt;14]" time="0.0018603801727294922"></testcase><testcase classname="src.pymortests.vectorarray" file="src/pymortests/vectorarray.py" line="816" name="test_sub[compatible_vector_array_pair2-&lt;lambda&gt;15]" time="0.002254486083984375"></testcase><testcase classname="src.pymortests.vectorarray" file="src/pymortests/vectorarray.py" line="816" name="test_sub[compatible_vector_array_pair2-&lt;lambda&gt;16]" time="0.002498626708984375"></testcase><testcase classname="src.pymortests.vectorarray" file="src/pymortests/vectorarray.py" line="816" name="test_sub[compatible_vector_array_pair2-&lt;lambda&gt;17]" time="0.0023250579833984375"></testcase><testcase classname="src.pymortests.vectorarray" file="src/pymortests/vectorarray.py" line="816" name="test_sub[compatible_vector_array_pair2-&lt;lambda&gt;18]" time="0.0020177364349365234"></testcase><testcase classname="src.pymortests.vectorarray" file="src/pymortests/vectorarray.py" line="816" name="test_sub[compatible_vector_array_pair2-&lt;lambda&gt;19]" time="0.0021250247955322266"></testcase><testcase classname="src.pymortests.vectorarray" file="src/pymortests/vectorarray.py" line="816" name="test_sub[compatible_vector_array_pair2-&lt;lambda&gt;20]" time="0.028322696685791016"></testcase><testcase classname="src.pymortests.vectorarray" file="src/pymortests/vectorarray.py" line="816" name="test_sub[compatible_vector_array_pair2-&lt;lambda&gt;21]" time="0.018239259719848633"></testcase><testcase classname="src.pymortests.vectorarray" file="src/pymortests/vectorarray.py" line="816" name="test_sub[compatible_vector_array_pair2-&lt;lambda&gt;22]" time="0.05299854278564453"></testcase><testcase classname="src.pymortests.vectorarray" file="src/pymortests/vectorarray.py" line="816" name="test_sub[compatible_vector_array_pair2-&lt;lambda&gt;23]" time="0.003981828689575195"></testcase><testcase classname="src.pymortests.vectorarray" file="src/pymortests/vectorarray.py" line="816" name="test_sub[compatible_vector_array_pair2-&lt;lambda&gt;24]" time="0.001538991928100586"></testcase><testcase classname="src.pymortests.vectorarray" file="src/pymortests/vectorarray.py" line="816" name="test_sub[compatible_vector_array_pair2-&lt;lambda&gt;25]" time="0.0025250911712646484"></testcase><testcase classname="src.pymortests.vectorarray" file="src/pymortests/vectorarray.py" line="816" name="test_sub[compatible_vector_array_pair2-&lt;lambda&gt;26]" time="0.025828838348388672"></testcase><testcase classname="src.pymortests.vectorarray" file="src/pymortests/vectorarray.py" line="816" name="test_sub[compatible_vector_array_pair2-&lt;lambda&gt;27]" time="0.12711000442504883"></testcase><testcase classname="src.pymortests.vectorarray" file="src/pymortests/vectorarray.py" line="816" name="test_sub[compatible_vector_array_pair2-&lt;lambda&gt;28]" time="0.33001065254211426"></testcase><testcase classname="src.pymortests.vectorarray" file="src/pymortests/vectorarray.py" line="816" name="test_sub[compatible_vector_array_pair2-&lt;lambda&gt;29]" time="0.009778022766113281"></testcase><testcase classname="src.pymortests.vectorarray" file="src/pymortests/vectorarray.py" line="816" name="test_sub[compatible_vector_array_pair3-&lt;lambda&gt;0]" time="0.0015933513641357422"></testcase><testcase classname="src.pymortests.vectorarray" file="src/pymortests/vectorarray.py" line="816" name="test_sub[compatible_vector_array_pair3-&lt;lambda&gt;1]" time="0.0014820098876953125"></testcase><testcase classname="src.pymortests.vectorarray" file="src/pymortests/vectorarray.py" line="816" name="test_sub[compatible_vector_array_pair3-&lt;lambda&gt;2]" time="0.0015225410461425781"></testcase><testcase classname="src.pymortests.vectorarray" file="src/pymortests/vectorarray.py" line="816" name="test_sub[compatible_vector_array_pair3-&lt;lambda&gt;3]" time="0.0016701221466064453"></testcase><testcase classname="src.pymortests.vectorarray" file="src/pymortests/vectorarray.py" line="816" name="test_sub[compatible_vector_array_pair3-&lt;lambda&gt;4]" time="0.0014917850494384766"></testcase><testcase classname="src.pymortests.vectorarray" file="src/pymortests/vectorarray.py" line="816" name="test_sub[compatible_vector_array_pair3-&lt;lambda&gt;5]" time="0.0014071464538574219"></testcase><testcase classname="src.pymortests.vectorarray" file="src/pymortests/vectorarray.py" line="816" name="test_sub[compatible_vector_array_pair3-&lt;lambda&gt;6]" time="0.0013797283172607422"></testcase><testcase classname="src.pymortests.vectorarray" file="src/pymortests/vectorarray.py" line="816" name="test_sub[compatible_vector_array_pair3-&lt;lambda&gt;7]" time="0.001461029052734375"></testcase><testcase classname="src.pymortests.vectorarray" file="src/pymortests/vectorarray.py" line="816" name="test_sub[compatible_vector_array_pair3-&lt;lambda&gt;8]" time="0.0017256736755371094"></testcase><testcase classname="src.pymortests.vectorarray" file="src/pymortests/vectorarray.py" line="816" name="test_sub[compatible_vector_array_pair3-&lt;lambda&gt;9]" time="0.004846334457397461"></testcase><testcase classname="src.pymortests.vectorarray" file="src/pymortests/vectorarray.py" line="816" name="test_sub[compatible_vector_array_pair3-&lt;lambda&gt;10]" time="0.009122848510742188"></testcase><testcase classname="src.pymortests.vectorarray" file="src/pymortests/vectorarray.py" line="816" name="test_sub[compatible_vector_array_pair3-&lt;lambda&gt;11]" time="0.0017609596252441406"></testcase><testcase classname="src.pymortests.vectorarray" file="src/pymortests/vectorarray.py" line="816" name="test_sub[compatible_vector_array_pair3-&lt;lambda&gt;12]" time="0.001834869384765625"></testcase><testcase classname="src.pymortests.vectorarray" file="src/pymortests/vectorarray.py" line="816" name="test_sub[compatible_vector_array_pair3-&lt;lambda&gt;13]" time="0.002093076705932617"></testcase><testcase classname="src.pymortests.vectorarray" file="src/pymortests/vectorarray.py" line="816" name="test_sub[compatible_vector_array_pair3-&lt;lambda&gt;14]" time="0.0018529891967773438"></testcase><testcase classname="src.pymortests.vectorarray" file="src/pymortests/vectorarray.py" line="816" name="test_sub[compatible_vector_array_pair3-&lt;lambda&gt;15]" time="0.002350330352783203"></testcase><testcase classname="src.pymortests.vectorarray" file="src/pymortests/vectorarray.py" line="816" name="test_sub[compatible_vector_array_pair3-&lt;lambda&gt;16]" time="0.002486705780029297"></testcase><testcase classname="src.pymortests.vectorarray" file="src/pymortests/vectorarray.py" line="816" name="test_sub[compatible_vector_array_pair3-&lt;lambda&gt;17]" time="0.002342700958251953"></testcase><testcase classname="src.pymortests.vectorarray" file="src/pymortests/vectorarray.py" line="816" name="test_sub[compatible_vector_array_pair3-&lt;lambda&gt;18]" time="0.0019936561584472656"></testcase><testcase classname="src.pymortests.vectorarray" file="src/pymortests/vectorarray.py" line="816" name="test_sub[compatible_vector_array_pair3-&lt;lambda&gt;19]" time="0.0021085739135742188"></testcase><testcase classname="src.pymortests.vectorarray" file="src/pymortests/vectorarray.py" line="816" name="test_sub[compatible_vector_array_pair3-&lt;lambda&gt;20]" time="0.0268094539642334"></testcase><testcase classname="src.pymortests.vectorarray" file="src/pymortests/vectorarray.py" line="816" name="test_sub[compatible_vector_array_pair3-&lt;lambda&gt;21]" time="0.018746376037597656"></testcase><testcase classname="src.pymortests.vectorarray" file="src/pymortests/vectorarray.py" line="816" name="test_sub[compatible_vector_array_pair3-&lt;lambda&gt;22]" time="0.051412105560302734"></testcase><testcase classname="src.pymortests.vectorarray" file="src/pymortests/vectorarray.py" line="816" name="test_sub[compatible_vector_array_pair3-&lt;lambda&gt;23]" time="0.0041179656982421875"></testcase><testcase classname="src.pymortests.vectorarray" file="src/pymortests/vectorarray.py" line="816" name="test_sub[compatible_vector_array_pair3-&lt;lambda&gt;24]" time="0.001428842544555664"></testcase><testcase classname="src.pymortests.vectorarray" file="src/pymortests/vectorarray.py" line="816" name="test_sub[compatible_vector_array_pair3-&lt;lambda&gt;25]" time="0.002403736114501953"></testcase><testcase classname="src.pymortests.vectorarray" file="src/pymortests/vectorarray.py" line="816" name="test_sub[compatible_vector_array_pair3-&lt;lambda&gt;26]" time="0.02452397346496582"></testcase><testcase classname="src.pymortests.vectorarray" file="src/pymortests/vectorarray.py" line="816" name="test_sub[compatible_vector_array_pair3-&lt;lambda&gt;27]" time="0.12679219245910645"></testcase><testcase classname="src.pymortests.vectorarray" file="src/pymortests/vectorarray.py" line="816" name="test_sub[compatible_vector_array_pair3-&lt;lambda&gt;28]" time="0.33026885986328125"></testcase><testcase classname="src.pymortests.vectorarray" file="src/pymortests/vectorarray.py" line="816" name="test_sub[compatible_vector_array_pair3-&lt;lambda&gt;29]" time="0.00949239730834961"></testcase><testcase classname="src.pymortests.vectorarray" file="src/pymortests/vectorarray.py" line="816" name="test_sub[compatible_vector_array_pair4-&lt;lambda&gt;0]" time="0.0015561580657958984"></testcase><testcase classname="src.pymortests.vectorarray" file="src/pymortests/vectorarray.py" line="816" name="test_sub[compatible_vector_array_pair4-&lt;lambda&gt;1]" time="0.0014662742614746094"></testcase><testcase classname="src.pymortests.vectorarray" file="src/pymortests/vectorarray.py" line="816" name="test_sub[compatible_vector_array_pair4-&lt;lambda&gt;2]" time="0.001519918441772461"></testcase><testcase classname="src.pymortests.vectorarray" file="src/pymortests/vectorarray.py" line="816" name="test_sub[compatible_vector_array_pair4-&lt;lambda&gt;3]" time="0.0015854835510253906"></testcase><testcase classname="src.pymortests.vectorarray" file="src/pymortests/vectorarray.py" line="816" name="test_sub[compatible_vector_array_pair4-&lt;lambda&gt;4]" time="0.0015611648559570312"></testcase><testcase classname="src.pymortests.vectorarray" file="src/pymortests/vectorarray.py" line="816" name="test_sub[compatible_vector_array_pair4-&lt;lambda&gt;5]" time="0.00145721435546875"></testcase><testcase classname="src.pymortests.vectorarray" file="src/pymortests/vectorarray.py" line="816" name="test_sub[compatible_vector_array_pair4-&lt;lambda&gt;6]" time="0.0014233589172363281"></testcase><testcase classname="src.pymortests.vectorarray" file="src/pymortests/vectorarray.py" line="816" name="test_sub[compatible_vector_array_pair4-&lt;lambda&gt;7]" time="0.0014486312866210938"></testcase><testcase classname="src.pymortests.vectorarray" file="src/pymortests/vectorarray.py" line="816" name="test_sub[compatible_vector_array_pair4-&lt;lambda&gt;8]" time="0.0018627643585205078"></testcase><testcase classname="src.pymortests.vectorarray" file="src/pymortests/vectorarray.py" line="816" name="test_sub[compatible_vector_array_pair4-&lt;lambda&gt;9]" time="0.004985332489013672"></testcase><testcase classname="src.pymortests.vectorarray" file="src/pymortests/vectorarray.py" line="816" name="test_sub[compatible_vector_array_pair4-&lt;lambda&gt;10]" time="0.010036706924438477"></testcase><testcase classname="src.pymortests.vectorarray" file="src/pymortests/vectorarray.py" line="816" name="test_sub[compatible_vector_array_pair4-&lt;lambda&gt;11]" time="0.00171661376953125"></testcase><testcase classname="src.pymortests.vectorarray" file="src/pymortests/vectorarray.py" line="816" name="test_sub[compatible_vector_array_pair4-&lt;lambda&gt;12]" time="0.0018541812896728516"></testcase><testcase classname="src.pymortests.vectorarray" file="src/pymortests/vectorarray.py" line="816" name="test_sub[compatible_vector_array_pair4-&lt;lambda&gt;13]" time="0.0019919872283935547"></testcase><testcase classname="src.pymortests.vectorarray" file="src/pymortests/vectorarray.py" line="816" name="test_sub[compatible_vector_array_pair4-&lt;lambda&gt;14]" time="0.00177764892578125"></testcase><testcase classname="src.pymortests.vectorarray" file="src/pymortests/vectorarray.py" line="816" name="test_sub[compatible_vector_array_pair4-&lt;lambda&gt;15]" time="0.0023546218872070312"></testcase><testcase classname="src.pymortests.vectorarray" file="src/pymortests/vectorarray.py" line="816" name="test_sub[compatible_vector_array_pair4-&lt;lambda&gt;16]" time="0.0027832984924316406"></testcase><testcase classname="src.pymortests.vectorarray" file="src/pymortests/vectorarray.py" line="816" name="test_sub[compatible_vector_array_pair4-&lt;lambda&gt;17]" time="0.002377033233642578"></testcase><testcase classname="src.pymortests.vectorarray" file="src/pymortests/vectorarray.py" line="816" name="test_sub[compatible_vector_array_pair4-&lt;lambda&gt;18]" time="0.0020296573638916016"></testcase><testcase classname="src.pymortests.vectorarray" file="src/pymortests/vectorarray.py" line="816" name="test_sub[compatible_vector_array_pair4-&lt;lambda&gt;19]" time="0.0020377635955810547"></testcase><testcase classname="src.pymortests.vectorarray" file="src/pymortests/vectorarray.py" line="816" name="test_sub[compatible_vector_array_pair4-&lt;lambda&gt;20]" time="0.02600884437561035"></testcase><testcase classname="src.pymortests.vectorarray" file="src/pymortests/vectorarray.py" line="816" name="test_sub[compatible_vector_array_pair4-&lt;lambda&gt;21]" time="0.01844334602355957"></testcase><testcase classname="src.pymortests.vectorarray" file="src/pymortests/vectorarray.py" line="816" name="test_sub[compatible_vector_array_pair4-&lt;lambda&gt;22]" time="0.05350804328918457"></testcase><testcase classname="src.pymortests.vectorarray" file="src/pymortests/vectorarray.py" line="816" name="test_sub[compatible_vector_array_pair4-&lt;lambda&gt;23]" time="0.0037152767181396484"></testcase><testcase classname="src.pymortests.vectorarray" file="src/pymortests/vectorarray.py" line="816" name="test_sub[compatible_vector_array_pair4-&lt;lambda&gt;24]" time="0.0014033317565917969"></testcase><testcase classname="src.pymortests.vectorarray" file="src/pymortests/vectorarray.py" line="816" name="test_sub[compatible_vector_array_pair4-&lt;lambda&gt;25]" time="0.0022759437561035156"></testcase><testcase classname="src.pymortests.vectorarray" file="src/pymortests/vectorarray.py" line="816" name="test_sub[compatible_vector_array_pair4-&lt;lambda&gt;26]" time="0.023829936981201172"></testcase><testcase classname="src.pymortests.vectorarray" file="src/pymortests/vectorarray.py" line="816" name="test_sub[compatible_vector_array_pair4-&lt;lambda&gt;27]" time="0.12357449531555176"></testcase><testcase classname="src.pymortests.vectorarray" file="src/pymortests/vectorarray.py" line="816" name="test_sub[compatible_vector_array_pair4-&lt;lambda&gt;28]" time="0.3256678581237793"></testcase><testcase classname="src.pymortests.vectorarray" file="src/pymortests/vectorarray.py" line="816" name="test_sub[compatible_vector_array_pair4-&lt;lambda&gt;29]" time="0.009827613830566406"></testcase><testcase classname="src.pymortests.vectorarray" file="src/pymortests/vectorarray.py" line="816" name="test_sub[compatible_vector_array_pair5-&lt;lambda&gt;0]" time="0.0016384124755859375"></testcase><testcase classname="src.pymortests.vectorarray" file="src/pymortests/vectorarray.py" line="816" name="test_sub[compatible_vector_array_pair5-&lt;lambda&gt;1]" time="0.00154876708984375"></testcase><testcase classname="src.pymortests.vectorarray" file="src/pymortests/vectorarray.py" line="816" name="test_sub[compatible_vector_array_pair5-&lt;lambda&gt;2]" time="0.001590728759765625"></testcase><testcase classname="src.pymortests.vectorarray" file="src/pymortests/vectorarray.py" line="816" name="test_sub[compatible_vector_array_pair5-&lt;lambda&gt;3]" time="0.0017049312591552734"></testcase><testcase classname="src.pymortests.vectorarray" file="src/pymortests/vectorarray.py" line="816" name="test_sub[compatible_vector_array_pair5-&lt;lambda&gt;4]" time="0.0016210079193115234"></testcase><testcase classname="src.pymortests.vectorarray" file="src/pymortests/vectorarray.py" line="816" name="test_sub[compatible_vector_array_pair5-&lt;lambda&gt;5]" time="0.0014674663543701172"></testcase><testcase classname="src.pymortests.vectorarray" file="src/pymortests/vectorarray.py" line="816" name="test_sub[compatible_vector_array_pair5-&lt;lambda&gt;6]" time="0.001455068588256836"></testcase><testcase classname="src.pymortests.vectorarray" file="src/pymortests/vectorarray.py" line="816" name="test_sub[compatible_vector_array_pair5-&lt;lambda&gt;7]" time="0.001394033432006836"></testcase><testcase classname="src.pymortests.vectorarray" file="src/pymortests/vectorarray.py" line="816" name="test_sub[compatible_vector_array_pair5-&lt;lambda&gt;8]" time="0.0018548965454101562"></testcase><testcase classname="src.pymortests.vectorarray" file="src/pymortests/vectorarray.py" line="816" name="test_sub[compatible_vector_array_pair5-&lt;lambda&gt;9]" time="0.005019187927246094"></testcase><testcase classname="src.pymortests.vectorarray" file="src/pymortests/vectorarray.py" line="816" name="test_sub[compatible_vector_array_pair5-&lt;lambda&gt;10]" time="0.013309955596923828"></testcase><testcase classname="src.pymortests.vectorarray" file="src/pymortests/vectorarray.py" line="816" name="test_sub[compatible_vector_array_pair5-&lt;lambda&gt;11]" time="0.002466440200805664"></testcase><testcase classname="src.pymortests.vectorarray" file="src/pymortests/vectorarray.py" line="816" name="test_sub[compatible_vector_array_pair5-&lt;lambda&gt;12]" time="0.001990795135498047"></testcase><testcase classname="src.pymortests.vectorarray" file="src/pymortests/vectorarray.py" line="816" name="test_sub[compatible_vector_array_pair5-&lt;lambda&gt;13]" time="0.0020973682403564453"></testcase><testcase classname="src.pymortests.vectorarray" file="src/pymortests/vectorarray.py" line="816" name="test_sub[compatible_vector_array_pair5-&lt;lambda&gt;14]" time="0.0020532608032226562"></testcase><testcase classname="src.pymortests.vectorarray" file="src/pymortests/vectorarray.py" line="816" name="test_sub[compatible_vector_array_pair5-&lt;lambda&gt;15]" time="0.0025207996368408203"></testcase><testcase classname="src.pymortests.vectorarray" file="src/pymortests/vectorarray.py" line="816" name="test_sub[compatible_vector_array_pair5-&lt;lambda&gt;16]" time="0.002697467803955078"></testcase><testcase classname="src.pymortests.vectorarray" file="src/pymortests/vectorarray.py" line="816" name="test_sub[compatible_vector_array_pair5-&lt;lambda&gt;17]" time="0.0024993419647216797"></testcase><testcase classname="src.pymortests.vectorarray" file="src/pymortests/vectorarray.py" line="816" name="test_sub[compatible_vector_array_pair5-&lt;lambda&gt;18]" time="0.002183198928833008"></testcase><testcase classname="src.pymortests.vectorarray" file="src/pymortests/vectorarray.py" line="816" name="test_sub[compatible_vector_array_pair5-&lt;lambda&gt;19]" time="0.0023806095123291016"></testcase><testcase classname="src.pymortests.vectorarray" file="src/pymortests/vectorarray.py" line="816" name="test_sub[compatible_vector_array_pair5-&lt;lambda&gt;20]" time="0.026638269424438477"></testcase><testcase classname="src.pymortests.vectorarray" file="src/pymortests/vectorarray.py" line="816" name="test_sub[compatible_vector_array_pair5-&lt;lambda&gt;21]" time="0.017780065536499023"></testcase><testcase classname="src.pymortests.vectorarray" file="src/pymortests/vectorarray.py" line="816" name="test_sub[compatible_vector_array_pair5-&lt;lambda&gt;22]" time="0.051579952239990234"></testcase><testcase classname="src.pymortests.vectorarray" file="src/pymortests/vectorarray.py" line="816" name="test_sub[compatible_vector_array_pair5-&lt;lambda&gt;23]" time="0.0038483142852783203"></testcase><testcase classname="src.pymortests.vectorarray" file="src/pymortests/vectorarray.py" line="816" name="test_sub[compatible_vector_array_pair5-&lt;lambda&gt;24]" time="0.001356363296508789"></testcase><testcase classname="src.pymortests.vectorarray" file="src/pymortests/vectorarray.py" line="816" name="test_sub[compatible_vector_array_pair5-&lt;lambda&gt;25]" time="0.0024480819702148438"></testcase><testcase classname="src.pymortests.vectorarray" file="src/pymortests/vectorarray.py" line="816" name="test_sub[compatible_vector_array_pair5-&lt;lambda&gt;26]" time="0.02567744255065918"></testcase><testcase classname="src.pymortests.vectorarray" file="src/pymortests/vectorarray.py" line="816" name="test_sub[compatible_vector_array_pair5-&lt;lambda&gt;27]" time="0.1223154067993164"></testcase><testcase classname="src.pymortests.vectorarray" file="src/pymortests/vectorarray.py" line="816" name="test_sub[compatible_vector_array_pair5-&lt;lambda&gt;28]" time="0.33046841621398926"></testcase><testcase classname="src.pymortests.vectorarray" file="src/pymortests/vectorarray.py" line="816" name="test_sub[compatible_vector_array_pair5-&lt;lambda&gt;29]" time="0.009871959686279297"></testcase><testcase classname="src.pymortests.vectorarray" file="src/pymortests/vectorarray.py" line="816" name="test_sub[compatible_vector_array_pair6-&lt;lambda&gt;0]" time="0.001638650894165039"></testcase><testcase classname="src.pymortests.vectorarray" file="src/pymortests/vectorarray.py" line="816" name="test_sub[compatible_vector_array_pair6-&lt;lambda&gt;1]" time="0.0016317367553710938"></testcase><testcase classname="src.pymortests.vectorarray" file="src/pymortests/vectorarray.py" line="816" name="test_sub[compatible_vector_array_pair6-&lt;lambda&gt;2]" time="0.0016605854034423828"></testcase><testcase classname="src.pymortests.vectorarray" file="src/pymortests/vectorarray.py" line="816" name="test_sub[compatible_vector_array_pair6-&lt;lambda&gt;3]" time="0.0016450881958007812"></testcase><testcase classname="src.pymortests.vectorarray" file="src/pymortests/vectorarray.py" line="816" name="test_sub[compatible_vector_array_pair6-&lt;lambda&gt;4]" time="0.001953125"></testcase><testcase classname="src.pymortests.vectorarray" file="src/pymortests/vectorarray.py" line="816" name="test_sub[compatible_vector_array_pair6-&lt;lambda&gt;5]" time="0.0014955997467041016"></testcase><testcase classname="src.pymortests.vectorarray" file="src/pymortests/vectorarray.py" line="816" name="test_sub[compatible_vector_array_pair6-&lt;lambda&gt;6]" time="0.001589059829711914"></testcase><testcase classname="src.pymortests.vectorarray" file="src/pymortests/vectorarray.py" line="816" name="test_sub[compatible_vector_array_pair6-&lt;lambda&gt;7]" time="0.0016963481903076172"></testcase><testcase classname="src.pymortests.vectorarray" file="src/pymortests/vectorarray.py" line="816" name="test_sub[compatible_vector_array_pair6-&lt;lambda&gt;8]" time="0.0019192695617675781"></testcase><testcase classname="src.pymortests.vectorarray" file="src/pymortests/vectorarray.py" line="816" name="test_sub[compatible_vector_array_pair6-&lt;lambda&gt;9]" time="0.006250858306884766"></testcase><testcase classname="src.pymortests.vectorarray" file="src/pymortests/vectorarray.py" line="816" name="test_sub[compatible_vector_array_pair6-&lt;lambda&gt;10]" time="0.00947880744934082"></testcase><testcase classname="src.pymortests.vectorarray" file="src/pymortests/vectorarray.py" line="816" name="test_sub[compatible_vector_array_pair6-&lt;lambda&gt;11]" time="0.002206087112426758"></testcase><testcase classname="src.pymortests.vectorarray" file="src/pymortests/vectorarray.py" line="816" name="test_sub[compatible_vector_array_pair6-&lt;lambda&gt;12]" time="0.001880645751953125"></testcase><testcase classname="src.pymortests.vectorarray" file="src/pymortests/vectorarray.py" line="816" name="test_sub[compatible_vector_array_pair6-&lt;lambda&gt;13]" time="0.002040386199951172"></testcase><testcase classname="src.pymortests.vectorarray" file="src/pymortests/vectorarray.py" line="816" name="test_sub[compatible_vector_array_pair6-&lt;lambda&gt;14]" time="0.0018799304962158203"></testcase><testcase classname="src.pymortests.vectorarray" file="src/pymortests/vectorarray.py" line="816" name="test_sub[compatible_vector_array_pair6-&lt;lambda&gt;15]" time="0.0025730133056640625"></testcase><testcase classname="src.pymortests.vectorarray" file="src/pymortests/vectorarray.py" line="816" name="test_sub[compatible_vector_array_pair6-&lt;lambda&gt;16]" time="0.002503633499145508"></testcase><testcase classname="src.pymortests.vectorarray" file="src/pymortests/vectorarray.py" line="816" name="test_sub[compatible_vector_array_pair6-&lt;lambda&gt;17]" time="0.0023393630981445312"></testcase><testcase classname="src.pymortests.vectorarray" file="src/pymortests/vectorarray.py" line="816" name="test_sub[compatible_vector_array_pair6-&lt;lambda&gt;18]" time="0.002074718475341797"></testcase><testcase classname="src.pymortests.vectorarray" file="src/pymortests/vectorarray.py" line="816" name="test_sub[compatible_vector_array_pair6-&lt;lambda&gt;19]" time="0.0022363662719726562"></testcase><testcase classname="src.pymortests.vectorarray" file="src/pymortests/vectorarray.py" line="816" name="test_sub[compatible_vector_array_pair6-&lt;lambda&gt;20]" time="0.026097774505615234"></testcase><testcase classname="src.pymortests.vectorarray" file="src/pymortests/vectorarray.py" line="816" name="test_sub[compatible_vector_array_pair6-&lt;lambda&gt;21]" time="0.018999814987182617"></testcase><testcase classname="src.pymortests.vectorarray" file="src/pymortests/vectorarray.py" line="816" name="test_sub[compatible_vector_array_pair6-&lt;lambda&gt;22]" time="0.05292558670043945"></testcase><testcase classname="src.pymortests.vectorarray" file="src/pymortests/vectorarray.py" line="816" name="test_sub[compatible_vector_array_pair6-&lt;lambda&gt;23]" time="0.0039215087890625"></testcase><testcase classname="src.pymortests.vectorarray" file="src/pymortests/vectorarray.py" line="816" name="test_sub[compatible_vector_array_pair6-&lt;lambda&gt;24]" time="0.001434326171875"></testcase><testcase classname="src.pymortests.vectorarray" file="src/pymortests/vectorarray.py" line="816" name="test_sub[compatible_vector_array_pair6-&lt;lambda&gt;25]" time="0.0023622512817382812"></testcase><testcase classname="src.pymortests.vectorarray" file="src/pymortests/vectorarray.py" line="816" name="test_sub[compatible_vector_array_pair6-&lt;lambda&gt;26]" time="0.02443838119506836"></testcase><testcase classname="src.pymortests.vectorarray" file="src/pymortests/vectorarray.py" line="816" name="test_sub[compatible_vector_array_pair6-&lt;lambda&gt;27]" time="0.12380146980285645"></testcase><testcase classname="src.pymortests.vectorarray" file="src/pymortests/vectorarray.py" line="816" name="test_sub[compatible_vector_array_pair6-&lt;lambda&gt;28]" time="0.3356354236602783"></testcase><testcase classname="src.pymortests.vectorarray" file="src/pymortests/vectorarray.py" line="816" name="test_sub[compatible_vector_array_pair6-&lt;lambda&gt;29]" time="0.009592056274414062"></testcase><testcase classname="src.pymortests.vectorarray" file="src/pymortests/vectorarray.py" line="816" name="test_sub[compatible_vector_array_pair7-&lt;lambda&gt;0]" time="0.001535177230834961"></testcase><testcase classname="src.pymortests.vectorarray" file="src/pymortests/vectorarray.py" line="816" name="test_sub[compatible_vector_array_pair7-&lt;lambda&gt;1]" time="0.001550912857055664"></testcase><testcase classname="src.pymortests.vectorarray" file="src/pymortests/vectorarray.py" line="816" name="test_sub[compatible_vector_array_pair7-&lt;lambda&gt;2]" time="0.0016047954559326172"></testcase><testcase classname="src.pymortests.vectorarray" file="src/pymortests/vectorarray.py" line="816" name="test_sub[compatible_vector_array_pair7-&lt;lambda&gt;3]" time="0.0017223358154296875"></testcase><testcase classname="src.pymortests.vectorarray" file="src/pymortests/vectorarray.py" line="816" name="test_sub[compatible_vector_array_pair7-&lt;lambda&gt;4]" time="0.0015811920166015625"></testcase><testcase classname="src.pymortests.vectorarray" file="src/pymortests/vectorarray.py" line="816" name="test_sub[compatible_vector_array_pair7-&lt;lambda&gt;5]" time="0.001402139663696289"></testcase><testcase classname="src.pymortests.vectorarray" file="src/pymortests/vectorarray.py" line="816" name="test_sub[compatible_vector_array_pair7-&lt;lambda&gt;6]" time="0.0014338493347167969"></testcase><testcase classname="src.pymortests.vectorarray" file="src/pymortests/vectorarray.py" line="816" name="test_sub[compatible_vector_array_pair7-&lt;lambda&gt;7]" time="0.0015153884887695312"></testcase><testcase classname="src.pymortests.vectorarray" file="src/pymortests/vectorarray.py" line="816" name="test_sub[compatible_vector_array_pair7-&lt;lambda&gt;8]" time="0.0019521713256835938"></testcase><testcase classname="src.pymortests.vectorarray" file="src/pymortests/vectorarray.py" line="816" name="test_sub[compatible_vector_array_pair7-&lt;lambda&gt;9]" time="0.005136013031005859"></testcase><testcase classname="src.pymortests.vectorarray" file="src/pymortests/vectorarray.py" line="816" name="test_sub[compatible_vector_array_pair7-&lt;lambda&gt;10]" time="0.009744882583618164"></testcase><testcase classname="src.pymortests.vectorarray" file="src/pymortests/vectorarray.py" line="816" name="test_sub[compatible_vector_array_pair7-&lt;lambda&gt;11]" time="0.0018455982208251953"></testcase><testcase classname="src.pymortests.vectorarray" file="src/pymortests/vectorarray.py" line="816" name="test_sub[compatible_vector_array_pair7-&lt;lambda&gt;12]" time="0.0019342899322509766"></testcase><testcase classname="src.pymortests.vectorarray" file="src/pymortests/vectorarray.py" line="816" name="test_sub[compatible_vector_array_pair7-&lt;lambda&gt;13]" time="0.0021643638610839844"></testcase><testcase classname="src.pymortests.vectorarray" file="src/pymortests/vectorarray.py" line="816" name="test_sub[compatible_vector_array_pair7-&lt;lambda&gt;14]" time="0.0020818710327148438"></testcase><testcase classname="src.pymortests.vectorarray" file="src/pymortests/vectorarray.py" line="816" name="test_sub[compatible_vector_array_pair7-&lt;lambda&gt;15]" time="0.002585887908935547"></testcase><testcase classname="src.pymortests.vectorarray" file="src/pymortests/vectorarray.py" line="816" name="test_sub[compatible_vector_array_pair7-&lt;lambda&gt;16]" time="0.0026073455810546875"></testcase><testcase classname="src.pymortests.vectorarray" file="src/pymortests/vectorarray.py" line="816" name="test_sub[compatible_vector_array_pair7-&lt;lambda&gt;17]" time="0.0025179386138916016"></testcase><testcase classname="src.pymortests.vectorarray" file="src/pymortests/vectorarray.py" line="816" name="test_sub[compatible_vector_array_pair7-&lt;lambda&gt;18]" time="0.0022110939025878906"></testcase><testcase classname="src.pymortests.vectorarray" file="src/pymortests/vectorarray.py" line="816" name="test_sub[compatible_vector_array_pair7-&lt;lambda&gt;19]" time="0.0023193359375"></testcase><testcase classname="src.pymortests.vectorarray" file="src/pymortests/vectorarray.py" line="816" name="test_sub[compatible_vector_array_pair7-&lt;lambda&gt;20]" time="0.026238441467285156"></testcase><testcase classname="src.pymortests.vectorarray" file="src/pymortests/vectorarray.py" line="816" name="test_sub[compatible_vector_array_pair7-&lt;lambda&gt;21]" time="0.018744945526123047"></testcase><testcase classname="src.pymortests.vectorarray" file="src/pymortests/vectorarray.py" line="816" name="test_sub[compatible_vector_array_pair7-&lt;lambda&gt;22]" time="0.052538394927978516"></testcase><testcase classname="src.pymortests.vectorarray" file="src/pymortests/vectorarray.py" line="816" name="test_sub[compatible_vector_array_pair7-&lt;lambda&gt;23]" time="0.004021883010864258"></testcase><testcase classname="src.pymortests.vectorarray" file="src/pymortests/vectorarray.py" line="816" name="test_sub[compatible_vector_array_pair7-&lt;lambda&gt;24]" time="0.0014848709106445312"></testcase><testcase classname="src.pymortests.vectorarray" file="src/pymortests/vectorarray.py" line="816" name="test_sub[compatible_vector_array_pair7-&lt;lambda&gt;25]" time="0.0023779869079589844"></testcase><testcase classname="src.pymortests.vectorarray" file="src/pymortests/vectorarray.py" line="816" name="test_sub[compatible_vector_array_pair7-&lt;lambda&gt;26]" time="0.023702383041381836"></testcase><testcase classname="src.pymortests.vectorarray" file="src/pymortests/vectorarray.py" line="816" name="test_sub[compatible_vector_array_pair7-&lt;lambda&gt;27]" time="0.12584185600280762"></testcase><testcase classname="src.pymortests.vectorarray" file="src/pymortests/vectorarray.py" line="816" name="test_sub[compatible_vector_array_pair7-&lt;lambda&gt;28]" time="0.32869887351989746"></testcase><testcase classname="src.pymortests.vectorarray" file="src/pymortests/vectorarray.py" line="816" name="test_sub[compatible_vector_array_pair7-&lt;lambda&gt;29]" time="0.00968790054321289"></testcase><testcase classname="src.pymortests.vectorarray" file="src/pymortests/vectorarray.py" line="816" name="test_sub[compatible_vector_array_pair8-&lt;lambda&gt;0]" time="0.0016171932220458984"></testcase><testcase classname="src.pymortests.vectorarray" file="src/pymortests/vectorarray.py" line="816" name="test_sub[compatible_vector_array_pair8-&lt;lambda&gt;1]" time="0.0015282630920410156"></testcase><testcase classname="src.pymortests.vectorarray" file="src/pymortests/vectorarray.py" line="816" name="test_sub[compatible_vector_array_pair8-&lt;lambda&gt;2]" time="0.0015759468078613281"></testcase><testcase classname="src.pymortests.vectorarray" file="src/pymortests/vectorarray.py" line="816" name="test_sub[compatible_vector_array_pair8-&lt;lambda&gt;3]" time="0.001733541488647461"></testcase><testcase classname="src.pymortests.vectorarray" file="src/pymortests/vectorarray.py" line="816" name="test_sub[compatible_vector_array_pair8-&lt;lambda&gt;4]" time="0.001600027084350586"></testcase><testcase classname="src.pymortests.vectorarray" file="src/pymortests/vectorarray.py" line="816" name="test_sub[compatible_vector_array_pair8-&lt;lambda&gt;5]" time="0.0014886856079101562"></testcase><testcase classname="src.pymortests.vectorarray" file="src/pymortests/vectorarray.py" line="816" name="test_sub[compatible_vector_array_pair8-&lt;lambda&gt;6]" time="0.0014309883117675781"></testcase><testcase classname="src.pymortests.vectorarray" file="src/pymortests/vectorarray.py" line="816" name="test_sub[compatible_vector_array_pair8-&lt;lambda&gt;7]" time="0.0014827251434326172"></testcase><testcase classname="src.pymortests.vectorarray" file="src/pymortests/vectorarray.py" line="816" name="test_sub[compatible_vector_array_pair8-&lt;lambda&gt;8]" time="0.001909494400024414"></testcase><testcase classname="src.pymortests.vectorarray" file="src/pymortests/vectorarray.py" line="816" name="test_sub[compatible_vector_array_pair8-&lt;lambda&gt;9]" time="0.0049021244049072266"></testcase><testcase classname="src.pymortests.vectorarray" file="src/pymortests/vectorarray.py" line="816" name="test_sub[compatible_vector_array_pair8-&lt;lambda&gt;10]" time="0.009508371353149414"></testcase><testcase classname="src.pymortests.vectorarray" file="src/pymortests/vectorarray.py" line="816" name="test_sub[compatible_vector_array_pair8-&lt;lambda&gt;11]" time="0.0017380714416503906"></testcase><testcase classname="src.pymortests.vectorarray" file="src/pymortests/vectorarray.py" line="816" name="test_sub[compatible_vector_array_pair8-&lt;lambda&gt;12]" time="0.0019447803497314453"></testcase><testcase classname="src.pymortests.vectorarray" file="src/pymortests/vectorarray.py" line="816" name="test_sub[compatible_vector_array_pair8-&lt;lambda&gt;13]" time="0.002141237258911133"></testcase><testcase classname="src.pymortests.vectorarray" file="src/pymortests/vectorarray.py" line="816" name="test_sub[compatible_vector_array_pair8-&lt;lambda&gt;14]" time="0.002011537551879883"></testcase><testcase classname="src.pymortests.vectorarray" file="src/pymortests/vectorarray.py" line="816" name="test_sub[compatible_vector_array_pair8-&lt;lambda&gt;15]" time="0.002474546432495117"></testcase><testcase classname="src.pymortests.vectorarray" file="src/pymortests/vectorarray.py" line="816" name="test_sub[compatible_vector_array_pair8-&lt;lambda&gt;16]" time="0.0031354427337646484"></testcase><testcase classname="src.pymortests.vectorarray" file="src/pymortests/vectorarray.py" line="816" name="test_sub[compatible_vector_array_pair8-&lt;lambda&gt;17]" time="0.0024271011352539062"></testcase><testcase classname="src.pymortests.vectorarray" file="src/pymortests/vectorarray.py" line="816" name="test_sub[compatible_vector_array_pair8-&lt;lambda&gt;18]" time="0.002068758010864258"></testcase><testcase classname="src.pymortests.vectorarray" file="src/pymortests/vectorarray.py" line="816" name="test_sub[compatible_vector_array_pair8-&lt;lambda&gt;19]" time="0.0021338462829589844"></testcase><testcase classname="src.pymortests.vectorarray" file="src/pymortests/vectorarray.py" line="816" name="test_sub[compatible_vector_array_pair8-&lt;lambda&gt;20]" time="0.025827407836914062"></testcase><testcase classname="src.pymortests.vectorarray" file="src/pymortests/vectorarray.py" line="816" name="test_sub[compatible_vector_array_pair8-&lt;lambda&gt;21]" time="0.018568038940429688"></testcase><testcase classname="src.pymortests.vectorarray" file="src/pymortests/vectorarray.py" line="816" name="test_sub[compatible_vector_array_pair8-&lt;lambda&gt;22]" time="0.05152630805969238"></testcase><testcase classname="src.pymortests.vectorarray" file="src/pymortests/vectorarray.py" line="816" name="test_sub[compatible_vector_array_pair8-&lt;lambda&gt;23]" time="0.00393366813659668"></testcase><testcase classname="src.pymortests.vectorarray" file="src/pymortests/vectorarray.py" line="816" name="test_sub[compatible_vector_array_pair8-&lt;lambda&gt;24]" time="0.0014464855194091797"></testcase><testcase classname="src.pymortests.vectorarray" file="src/pymortests/vectorarray.py" line="816" name="test_sub[compatible_vector_array_pair8-&lt;lambda&gt;25]" time="0.002407073974609375"></testcase><testcase classname="src.pymortests.vectorarray" file="src/pymortests/vectorarray.py" line="816" name="test_sub[compatible_vector_array_pair8-&lt;lambda&gt;26]" time="0.025298118591308594"></testcase><testcase classname="src.pymortests.vectorarray" file="src/pymortests/vectorarray.py" line="816" name="test_sub[compatible_vector_array_pair8-&lt;lambda&gt;27]" time="0.12587499618530273"></testcase><testcase classname="src.pymortests.vectorarray" file="src/pymortests/vectorarray.py" line="816" name="test_sub[compatible_vector_array_pair8-&lt;lambda&gt;28]" time="0.3300459384918213"></testcase><testcase classname="src.pymortests.vectorarray" file="src/pymortests/vectorarray.py" line="816" name="test_sub[compatible_vector_array_pair8-&lt;lambda&gt;29]" time="0.01051950454711914"></testcase><testcase classname="src.pymortests.vectorarray" file="src/pymortests/vectorarray.py" line="829" name="test_isub[compatible_vector_array_pair0-&lt;lambda&gt;0]" time="0.0019931793212890625"></testcase><testcase classname="src.pymortests.vectorarray" file="src/pymortests/vectorarray.py" line="829" name="test_isub[compatible_vector_array_pair0-&lt;lambda&gt;1]" time="0.0015473365783691406"></testcase><testcase classname="src.pymortests.vectorarray" file="src/pymortests/vectorarray.py" line="829" name="test_isub[compatible_vector_array_pair0-&lt;lambda&gt;2]" time="0.0015087127685546875"></testcase><testcase classname="src.pymortests.vectorarray" file="src/pymortests/vectorarray.py" line="829" name="test_isub[compatible_vector_array_pair0-&lt;lambda&gt;3]" time="0.0015797615051269531"></testcase><testcase classname="src.pymortests.vectorarray" file="src/pymortests/vectorarray.py" line="829" name="test_isub[compatible_vector_array_pair0-&lt;lambda&gt;4]" time="0.0015406608581542969"></testcase><testcase classname="src.pymortests.vectorarray" file="src/pymortests/vectorarray.py" line="829" name="test_isub[compatible_vector_array_pair0-&lt;lambda&gt;5]" time="0.0013506412506103516"></testcase><testcase classname="src.pymortests.vectorarray" file="src/pymortests/vectorarray.py" line="829" name="test_isub[compatible_vector_array_pair0-&lt;lambda&gt;6]" time="0.0013616085052490234"></testcase><testcase classname="src.pymortests.vectorarray" file="src/pymortests/vectorarray.py" line="829" name="test_isub[compatible_vector_array_pair0-&lt;lambda&gt;7]" time="0.0014605522155761719"></testcase><testcase classname="src.pymortests.vectorarray" file="src/pymortests/vectorarray.py" line="829" name="test_isub[compatible_vector_array_pair0-&lt;lambda&gt;8]" time="0.0016989707946777344"></testcase><testcase classname="src.pymortests.vectorarray" file="src/pymortests/vectorarray.py" line="829" name="test_isub[compatible_vector_array_pair0-&lt;lambda&gt;9]" time="0.003378152847290039"></testcase><testcase classname="src.pymortests.vectorarray" file="src/pymortests/vectorarray.py" line="829" name="test_isub[compatible_vector_array_pair0-&lt;lambda&gt;10]" time="0.005900382995605469"></testcase><testcase classname="src.pymortests.vectorarray" file="src/pymortests/vectorarray.py" line="829" name="test_isub[compatible_vector_array_pair0-&lt;lambda&gt;11]" time="0.0015370845794677734"></testcase><testcase classname="src.pymortests.vectorarray" file="src/pymortests/vectorarray.py" line="829" name="test_isub[compatible_vector_array_pair0-&lt;lambda&gt;12]" time="0.0016446113586425781"></testcase><testcase classname="src.pymortests.vectorarray" file="src/pymortests/vectorarray.py" line="829" name="test_isub[compatible_vector_array_pair0-&lt;lambda&gt;13]" time="0.001789093017578125"></testcase><testcase classname="src.pymortests.vectorarray" file="src/pymortests/vectorarray.py" line="829" name="test_isub[compatible_vector_array_pair0-&lt;lambda&gt;14]" time="0.0016849040985107422"></testcase><testcase classname="src.pymortests.vectorarray" file="src/pymortests/vectorarray.py" line="829" name="test_isub[compatible_vector_array_pair0-&lt;lambda&gt;15]" time="0.0018954277038574219"></testcase><testcase classname="src.pymortests.vectorarray" file="src/pymortests/vectorarray.py" line="829" name="test_isub[compatible_vector_array_pair0-&lt;lambda&gt;16]" time="0.002187490463256836"></testcase><testcase classname="src.pymortests.vectorarray" file="src/pymortests/vectorarray.py" line="829" name="test_isub[compatible_vector_array_pair0-&lt;lambda&gt;17]" time="0.002008676528930664"></testcase><testcase classname="src.pymortests.vectorarray" file="src/pymortests/vectorarray.py" line="829" name="test_isub[compatible_vector_array_pair0-&lt;lambda&gt;18]" time="0.001956462860107422"></testcase><testcase classname="src.pymortests.vectorarray" file="src/pymortests/vectorarray.py" line="829" name="test_isub[compatible_vector_array_pair0-&lt;lambda&gt;19]" time="0.002157449722290039"></testcase><testcase classname="src.pymortests.vectorarray" file="src/pymortests/vectorarray.py" line="829" name="test_isub[compatible_vector_array_pair0-&lt;lambda&gt;20]" time="0.025343894958496094"></testcase><testcase classname="src.pymortests.vectorarray" file="src/pymortests/vectorarray.py" line="829" name="test_isub[compatible_vector_array_pair0-&lt;lambda&gt;21]" time="0.01592230796813965"></testcase><testcase classname="src.pymortests.vectorarray" file="src/pymortests/vectorarray.py" line="829" name="test_isub[compatible_vector_array_pair0-&lt;lambda&gt;22]" time="0.04678463935852051"></testcase><testcase classname="src.pymortests.vectorarray" file="src/pymortests/vectorarray.py" line="829" name="test_isub[compatible_vector_array_pair0-&lt;lambda&gt;23]" time="0.003759622573852539"></testcase><testcase classname="src.pymortests.vectorarray" file="src/pymortests/vectorarray.py" line="829" name="test_isub[compatible_vector_array_pair0-&lt;lambda&gt;24]" time="0.0015616416931152344"></testcase><testcase classname="src.pymortests.vectorarray" file="src/pymortests/vectorarray.py" line="829" name="test_isub[compatible_vector_array_pair0-&lt;lambda&gt;25]" time="0.002378225326538086"></testcase><testcase classname="src.pymortests.vectorarray" file="src/pymortests/vectorarray.py" line="829" name="test_isub[compatible_vector_array_pair0-&lt;lambda&gt;26]" time="0.02453017234802246"></testcase><testcase classname="src.pymortests.vectorarray" file="src/pymortests/vectorarray.py" line="829" name="test_isub[compatible_vector_array_pair0-&lt;lambda&gt;27]" time="0.0831308364868164"></testcase><testcase classname="src.pymortests.vectorarray" file="src/pymortests/vectorarray.py" line="829" name="test_isub[compatible_vector_array_pair0-&lt;lambda&gt;28]" time="0.22077512741088867"></testcase><testcase classname="src.pymortests.vectorarray" file="src/pymortests/vectorarray.py" line="829" name="test_isub[compatible_vector_array_pair0-&lt;lambda&gt;29]" time="0.007586956024169922"></testcase><testcase classname="src.pymortests.vectorarray" file="src/pymortests/vectorarray.py" line="829" name="test_isub[compatible_vector_array_pair1-&lt;lambda&gt;0]" time="0.0020949840545654297"></testcase><testcase classname="src.pymortests.vectorarray" file="src/pymortests/vectorarray.py" line="829" name="test_isub[compatible_vector_array_pair1-&lt;lambda&gt;1]" time="0.0016455650329589844"></testcase><testcase classname="src.pymortests.vectorarray" file="src/pymortests/vectorarray.py" line="829" name="test_isub[compatible_vector_array_pair1-&lt;lambda&gt;2]" time="0.0014955997467041016"></testcase><testcase classname="src.pymortests.vectorarray" file="src/pymortests/vectorarray.py" line="829" name="test_isub[compatible_vector_array_pair1-&lt;lambda&gt;3]" time="0.0015976428985595703"></testcase><testcase classname="src.pymortests.vectorarray" file="src/pymortests/vectorarray.py" line="829" name="test_isub[compatible_vector_array_pair1-&lt;lambda&gt;4]" time="0.001501321792602539"></testcase><testcase classname="src.pymortests.vectorarray" file="src/pymortests/vectorarray.py" line="829" name="test_isub[compatible_vector_array_pair1-&lt;lambda&gt;5]" time="0.0014019012451171875"></testcase><testcase classname="src.pymortests.vectorarray" file="src/pymortests/vectorarray.py" line="829" name="test_isub[compatible_vector_array_pair1-&lt;lambda&gt;6]" time="0.0013811588287353516"></testcase><testcase classname="src.pymortests.vectorarray" file="src/pymortests/vectorarray.py" line="829" name="test_isub[compatible_vector_array_pair1-&lt;lambda&gt;7]" time="0.0013489723205566406"></testcase><testcase classname="src.pymortests.vectorarray" file="src/pymortests/vectorarray.py" line="829" name="test_isub[compatible_vector_array_pair1-&lt;lambda&gt;8]" time="0.0017499923706054688"></testcase><testcase classname="src.pymortests.vectorarray" file="src/pymortests/vectorarray.py" line="829" name="test_isub[compatible_vector_array_pair1-&lt;lambda&gt;9]" time="0.0033044815063476562"></testcase><testcase classname="src.pymortests.vectorarray" file="src/pymortests/vectorarray.py" line="829" name="test_isub[compatible_vector_array_pair1-&lt;lambda&gt;10]" time="0.006334066390991211"></testcase><testcase classname="src.pymortests.vectorarray" file="src/pymortests/vectorarray.py" line="829" name="test_isub[compatible_vector_array_pair1-&lt;lambda&gt;11]" time="0.0015606880187988281"></testcase><testcase classname="src.pymortests.vectorarray" file="src/pymortests/vectorarray.py" line="829" name="test_isub[compatible_vector_array_pair1-&lt;lambda&gt;12]" time="0.001641988754272461"></testcase><testcase classname="src.pymortests.vectorarray" file="src/pymortests/vectorarray.py" line="829" name="test_isub[compatible_vector_array_pair1-&lt;lambda&gt;13]" time="0.0018038749694824219"></testcase><testcase classname="src.pymortests.vectorarray" file="src/pymortests/vectorarray.py" line="829" name="test_isub[compatible_vector_array_pair1-&lt;lambda&gt;14]" time="0.0017693042755126953"></testcase><testcase classname="src.pymortests.vectorarray" file="src/pymortests/vectorarray.py" line="829" name="test_isub[compatible_vector_array_pair1-&lt;lambda&gt;15]" time="0.0020809173583984375"></testcase><testcase classname="src.pymortests.vectorarray" file="src/pymortests/vectorarray.py" line="829" name="test_isub[compatible_vector_array_pair1-&lt;lambda&gt;16]" time="0.0022950172424316406"></testcase><testcase classname="src.pymortests.vectorarray" file="src/pymortests/vectorarray.py" line="829" name="test_isub[compatible_vector_array_pair1-&lt;lambda&gt;17]" time="0.002089262008666992"></testcase><testcase classname="src.pymortests.vectorarray" file="src/pymortests/vectorarray.py" line="829" name="test_isub[compatible_vector_array_pair1-&lt;lambda&gt;18]" time="0.0021398067474365234"></testcase><testcase classname="src.pymortests.vectorarray" file="src/pymortests/vectorarray.py" line="829" name="test_isub[compatible_vector_array_pair1-&lt;lambda&gt;19]" time="0.001994609832763672"></testcase><testcase classname="src.pymortests.vectorarray" file="src/pymortests/vectorarray.py" line="829" name="test_isub[compatible_vector_array_pair1-&lt;lambda&gt;20]" time="0.02559208869934082"></testcase><testcase classname="src.pymortests.vectorarray" file="src/pymortests/vectorarray.py" line="829" name="test_isub[compatible_vector_array_pair1-&lt;lambda&gt;21]" time="0.016271114349365234"></testcase><testcase classname="src.pymortests.vectorarray" file="src/pymortests/vectorarray.py" line="829" name="test_isub[compatible_vector_array_pair1-&lt;lambda&gt;22]" time="0.04548907279968262"></testcase><testcase classname="src.pymortests.vectorarray" file="src/pymortests/vectorarray.py" line="829" name="test_isub[compatible_vector_array_pair1-&lt;lambda&gt;23]" time="0.003955364227294922"></testcase><testcase classname="src.pymortests.vectorarray" file="src/pymortests/vectorarray.py" line="829" name="test_isub[compatible_vector_array_pair1-&lt;lambda&gt;24]" time="0.0014178752899169922"></testcase><testcase classname="src.pymortests.vectorarray" file="src/pymortests/vectorarray.py" line="829" name="test_isub[compatible_vector_array_pair1-&lt;lambda&gt;25]" time="0.0022935867309570312"></testcase><testcase classname="src.pymortests.vectorarray" file="src/pymortests/vectorarray.py" line="829" name="test_isub[compatible_vector_array_pair1-&lt;lambda&gt;26]" time="0.02371954917907715"></testcase><testcase classname="src.pymortests.vectorarray" file="src/pymortests/vectorarray.py" line="829" name="test_isub[compatible_vector_array_pair1-&lt;lambda&gt;27]" time="0.07577681541442871"></testcase><testcase classname="src.pymortests.vectorarray" file="src/pymortests/vectorarray.py" line="829" name="test_isub[compatible_vector_array_pair1-&lt;lambda&gt;28]" time="0.21966552734375"></testcase><testcase classname="src.pymortests.vectorarray" file="src/pymortests/vectorarray.py" line="829" name="test_isub[compatible_vector_array_pair1-&lt;lambda&gt;29]" time="0.0072803497314453125"></testcase><testcase classname="src.pymortests.vectorarray" file="src/pymortests/vectorarray.py" line="829" name="test_isub[compatible_vector_array_pair2-&lt;lambda&gt;0]" time="0.001577615737915039"></testcase><testcase classname="src.pymortests.vectorarray" file="src/pymortests/vectorarray.py" line="829" name="test_isub[compatible_vector_array_pair2-&lt;lambda&gt;1]" time="0.001527547836303711"></testcase><testcase classname="src.pymortests.vectorarray" file="src/pymortests/vectorarray.py" line="829" name="test_isub[compatible_vector_array_pair2-&lt;lambda&gt;2]" time="0.0014781951904296875"></testcase><testcase classname="src.pymortests.vectorarray" file="src/pymortests/vectorarray.py" line="829" name="test_isub[compatible_vector_array_pair2-&lt;lambda&gt;3]" time="0.0016031265258789062"></testcase><testcase classname="src.pymortests.vectorarray" file="src/pymortests/vectorarray.py" line="829" name="test_isub[compatible_vector_array_pair2-&lt;lambda&gt;4]" time="0.0015325546264648438"></testcase><testcase classname="src.pymortests.vectorarray" file="src/pymortests/vectorarray.py" line="829" name="test_isub[compatible_vector_array_pair2-&lt;lambda&gt;5]" time="0.0013790130615234375"></testcase><testcase classname="src.pymortests.vectorarray" file="src/pymortests/vectorarray.py" line="829" name="test_isub[compatible_vector_array_pair2-&lt;lambda&gt;6]" time="0.0013093948364257812"></testcase><testcase classname="src.pymortests.vectorarray" file="src/pymortests/vectorarray.py" line="829" name="test_isub[compatible_vector_array_pair2-&lt;lambda&gt;7]" time="0.0013751983642578125"></testcase><testcase classname="src.pymortests.vectorarray" file="src/pymortests/vectorarray.py" line="829" name="test_isub[compatible_vector_array_pair2-&lt;lambda&gt;8]" time="0.0017621517181396484"></testcase><testcase classname="src.pymortests.vectorarray" file="src/pymortests/vectorarray.py" line="829" name="test_isub[compatible_vector_array_pair2-&lt;lambda&gt;9]" time="0.003463268280029297"></testcase><testcase classname="src.pymortests.vectorarray" file="src/pymortests/vectorarray.py" line="829" name="test_isub[compatible_vector_array_pair2-&lt;lambda&gt;10]" time="0.00619053840637207"></testcase><testcase classname="src.pymortests.vectorarray" file="src/pymortests/vectorarray.py" line="829" name="test_isub[compatible_vector_array_pair2-&lt;lambda&gt;11]" time="0.0015256404876708984"></testcase><testcase classname="src.pymortests.vectorarray" file="src/pymortests/vectorarray.py" line="829" name="test_isub[compatible_vector_array_pair2-&lt;lambda&gt;12]" time="0.0016312599182128906"></testcase><testcase classname="src.pymortests.vectorarray" file="src/pymortests/vectorarray.py" line="829" name="test_isub[compatible_vector_array_pair2-&lt;lambda&gt;13]" time="0.0018203258514404297"></testcase><testcase classname="src.pymortests.vectorarray" file="src/pymortests/vectorarray.py" line="829" name="test_isub[compatible_vector_array_pair2-&lt;lambda&gt;14]" time="0.0017707347869873047"></testcase><testcase classname="src.pymortests.vectorarray" file="src/pymortests/vectorarray.py" line="829" name="test_isub[compatible_vector_array_pair2-&lt;lambda&gt;15]" time="0.0019843578338623047"></testcase><testcase classname="src.pymortests.vectorarray" file="src/pymortests/vectorarray.py" line="829" name="test_isub[compatible_vector_array_pair2-&lt;lambda&gt;16]" time="0.002237081527709961"></testcase><testcase classname="src.pymortests.vectorarray" file="src/pymortests/vectorarray.py" line="829" name="test_isub[compatible_vector_array_pair2-&lt;lambda&gt;17]" time="0.0021474361419677734"></testcase><testcase classname="src.pymortests.vectorarray" file="src/pymortests/vectorarray.py" line="829" name="test_isub[compatible_vector_array_pair2-&lt;lambda&gt;18]" time="0.00205230712890625"></testcase><testcase classname="src.pymortests.vectorarray" file="src/pymortests/vectorarray.py" line="829" name="test_isub[compatible_vector_array_pair2-&lt;lambda&gt;19]" time="0.0021800994873046875"></testcase><testcase classname="src.pymortests.vectorarray" file="src/pymortests/vectorarray.py" line="829" name="test_isub[compatible_vector_array_pair2-&lt;lambda&gt;20]" time="0.02619338035583496"></testcase><testcase classname="src.pymortests.vectorarray" file="src/pymortests/vectorarray.py" line="829" name="test_isub[compatible_vector_array_pair2-&lt;lambda&gt;21]" time="0.016126632690429688"></testcase><testcase classname="src.pymortests.vectorarray" file="src/pymortests/vectorarray.py" line="829" name="test_isub[compatible_vector_array_pair2-&lt;lambda&gt;22]" time="0.04609203338623047"></testcase><testcase classname="src.pymortests.vectorarray" file="src/pymortests/vectorarray.py" line="829" name="test_isub[compatible_vector_array_pair2-&lt;lambda&gt;23]" time="0.0037288665771484375"></testcase><testcase classname="src.pymortests.vectorarray" file="src/pymortests/vectorarray.py" line="829" name="test_isub[compatible_vector_array_pair2-&lt;lambda&gt;24]" time="0.0014939308166503906"></testcase><testcase classname="src.pymortests.vectorarray" file="src/pymortests/vectorarray.py" line="829" name="test_isub[compatible_vector_array_pair2-&lt;lambda&gt;25]" time="0.0024008750915527344"></testcase><testcase classname="src.pymortests.vectorarray" file="src/pymortests/vectorarray.py" line="829" name="test_isub[compatible_vector_array_pair2-&lt;lambda&gt;26]" time="0.022825002670288086"></testcase><testcase classname="src.pymortests.vectorarray" file="src/pymortests/vectorarray.py" line="829" name="test_isub[compatible_vector_array_pair2-&lt;lambda&gt;27]" time="0.0813913345336914"></testcase><testcase classname="src.pymortests.vectorarray" file="src/pymortests/vectorarray.py" line="829" name="test_isub[compatible_vector_array_pair2-&lt;lambda&gt;28]" time="0.22062039375305176"></testcase><testcase classname="src.pymortests.vectorarray" file="src/pymortests/vectorarray.py" line="829" name="test_isub[compatible_vector_array_pair2-&lt;lambda&gt;29]" time="0.007294654846191406"></testcase><testcase classname="src.pymortests.vectorarray" file="src/pymortests/vectorarray.py" line="829" name="test_isub[compatible_vector_array_pair3-&lt;lambda&gt;0]" time="0.0015947818756103516"></testcase><testcase classname="src.pymortests.vectorarray" file="src/pymortests/vectorarray.py" line="829" name="test_isub[compatible_vector_array_pair3-&lt;lambda&gt;1]" time="0.0015590190887451172"></testcase><testcase classname="src.pymortests.vectorarray" file="src/pymortests/vectorarray.py" line="829" name="test_isub[compatible_vector_array_pair3-&lt;lambda&gt;2]" time="0.0014526844024658203"></testcase><testcase classname="src.pymortests.vectorarray" file="src/pymortests/vectorarray.py" line="829" name="test_isub[compatible_vector_array_pair3-&lt;lambda&gt;3]" time="0.0016524791717529297"></testcase><testcase classname="src.pymortests.vectorarray" file="src/pymortests/vectorarray.py" line="829" name="test_isub[compatible_vector_array_pair3-&lt;lambda&gt;4]" time="0.0015323162078857422"></testcase><testcase classname="src.pymortests.vectorarray" file="src/pymortests/vectorarray.py" line="829" name="test_isub[compatible_vector_array_pair3-&lt;lambda&gt;5]" time="0.0014603137969970703"></testcase><testcase classname="src.pymortests.vectorarray" file="src/pymortests/vectorarray.py" line="829" name="test_isub[compatible_vector_array_pair3-&lt;lambda&gt;6]" time="0.0013790130615234375"></testcase><testcase classname="src.pymortests.vectorarray" file="src/pymortests/vectorarray.py" line="829" name="test_isub[compatible_vector_array_pair3-&lt;lambda&gt;7]" time="0.0014026165008544922"></testcase><testcase classname="src.pymortests.vectorarray" file="src/pymortests/vectorarray.py" line="829" name="test_isub[compatible_vector_array_pair3-&lt;lambda&gt;8]" time="0.00162506103515625"></testcase><testcase classname="src.pymortests.vectorarray" file="src/pymortests/vectorarray.py" line="829" name="test_isub[compatible_vector_array_pair3-&lt;lambda&gt;9]" time="0.003930568695068359"></testcase><testcase classname="src.pymortests.vectorarray" file="src/pymortests/vectorarray.py" line="829" name="test_isub[compatible_vector_array_pair3-&lt;lambda&gt;10]" time="0.006534099578857422"></testcase><testcase classname="src.pymortests.vectorarray" file="src/pymortests/vectorarray.py" line="829" name="test_isub[compatible_vector_array_pair3-&lt;lambda&gt;11]" time="0.0015587806701660156"></testcase><testcase classname="src.pymortests.vectorarray" file="src/pymortests/vectorarray.py" line="829" name="test_isub[compatible_vector_array_pair3-&lt;lambda&gt;12]" time="0.0017027854919433594"></testcase><testcase classname="src.pymortests.vectorarray" file="src/pymortests/vectorarray.py" line="829" name="test_isub[compatible_vector_array_pair3-&lt;lambda&gt;13]" time="0.0018420219421386719"></testcase><testcase classname="src.pymortests.vectorarray" file="src/pymortests/vectorarray.py" line="829" name="test_isub[compatible_vector_array_pair3-&lt;lambda&gt;14]" time="0.0018551349639892578"></testcase><testcase classname="src.pymortests.vectorarray" file="src/pymortests/vectorarray.py" line="829" name="test_isub[compatible_vector_array_pair3-&lt;lambda&gt;15]" time="0.002277851104736328"></testcase><testcase classname="src.pymortests.vectorarray" file="src/pymortests/vectorarray.py" line="829" name="test_isub[compatible_vector_array_pair3-&lt;lambda&gt;16]" time="0.002274036407470703"></testcase><testcase classname="src.pymortests.vectorarray" file="src/pymortests/vectorarray.py" line="829" name="test_isub[compatible_vector_array_pair3-&lt;lambda&gt;17]" time="0.002148151397705078"></testcase><testcase classname="src.pymortests.vectorarray" file="src/pymortests/vectorarray.py" line="829" name="test_isub[compatible_vector_array_pair3-&lt;lambda&gt;18]" time="0.0020608901977539062"></testcase><testcase classname="src.pymortests.vectorarray" file="src/pymortests/vectorarray.py" line="829" name="test_isub[compatible_vector_array_pair3-&lt;lambda&gt;19]" time="0.002109050750732422"></testcase><testcase classname="src.pymortests.vectorarray" file="src/pymortests/vectorarray.py" line="829" name="test_isub[compatible_vector_array_pair3-&lt;lambda&gt;20]" time="0.025908708572387695"></testcase><testcase classname="src.pymortests.vectorarray" file="src/pymortests/vectorarray.py" line="829" name="test_isub[compatible_vector_array_pair3-&lt;lambda&gt;21]" time="0.017162322998046875"></testcase><testcase classname="src.pymortests.vectorarray" file="src/pymortests/vectorarray.py" line="829" name="test_isub[compatible_vector_array_pair3-&lt;lambda&gt;22]" time="0.04708218574523926"></testcase><testcase classname="src.pymortests.vectorarray" file="src/pymortests/vectorarray.py" line="829" name="test_isub[compatible_vector_array_pair3-&lt;lambda&gt;23]" time="0.0034759044647216797"></testcase><testcase classname="src.pymortests.vectorarray" file="src/pymortests/vectorarray.py" line="829" name="test_isub[compatible_vector_array_pair3-&lt;lambda&gt;24]" time="0.001367807388305664"></testcase><testcase classname="src.pymortests.vectorarray" file="src/pymortests/vectorarray.py" line="829" name="test_isub[compatible_vector_array_pair3-&lt;lambda&gt;25]" time="0.002270936965942383"></testcase><testcase classname="src.pymortests.vectorarray" file="src/pymortests/vectorarray.py" line="829" name="test_isub[compatible_vector_array_pair3-&lt;lambda&gt;26]" time="0.023723125457763672"></testcase><testcase classname="src.pymortests.vectorarray" file="src/pymortests/vectorarray.py" line="829" name="test_isub[compatible_vector_array_pair3-&lt;lambda&gt;27]" time="0.09952330589294434"></testcase><testcase classname="src.pymortests.vectorarray" file="src/pymortests/vectorarray.py" line="829" name="test_isub[compatible_vector_array_pair3-&lt;lambda&gt;28]" time="0.2741055488586426"></testcase><testcase classname="src.pymortests.vectorarray" file="src/pymortests/vectorarray.py" line="829" name="test_isub[compatible_vector_array_pair3-&lt;lambda&gt;29]" time="0.011713266372680664"></testcase><testcase classname="src.pymortests.vectorarray" file="src/pymortests/vectorarray.py" line="829" name="test_isub[compatible_vector_array_pair4-&lt;lambda&gt;0]" time="0.0021665096282958984"></testcase><testcase classname="src.pymortests.vectorarray" file="src/pymortests/vectorarray.py" line="829" name="test_isub[compatible_vector_array_pair4-&lt;lambda&gt;1]" time="0.0016012191772460938"></testcase><testcase classname="src.pymortests.vectorarray" file="src/pymortests/vectorarray.py" line="829" name="test_isub[compatible_vector_array_pair4-&lt;lambda&gt;2]" time="0.0016026496887207031"></testcase><testcase classname="src.pymortests.vectorarray" file="src/pymortests/vectorarray.py" line="829" name="test_isub[compatible_vector_array_pair4-&lt;lambda&gt;3]" time="0.0016608238220214844"></testcase><testcase classname="src.pymortests.vectorarray" file="src/pymortests/vectorarray.py" line="829" name="test_isub[compatible_vector_array_pair4-&lt;lambda&gt;4]" time="0.0015490055084228516"></testcase><testcase classname="src.pymortests.vectorarray" file="src/pymortests/vectorarray.py" line="829" name="test_isub[compatible_vector_array_pair4-&lt;lambda&gt;5]" time="0.0014064311981201172"></testcase><testcase classname="src.pymortests.vectorarray" file="src/pymortests/vectorarray.py" line="829" name="test_isub[compatible_vector_array_pair4-&lt;lambda&gt;6]" time="0.001352548599243164"></testcase><testcase classname="src.pymortests.vectorarray" file="src/pymortests/vectorarray.py" line="829" name="test_isub[compatible_vector_array_pair4-&lt;lambda&gt;7]" time="0.0014176368713378906"></testcase><testcase classname="src.pymortests.vectorarray" file="src/pymortests/vectorarray.py" line="829" name="test_isub[compatible_vector_array_pair4-&lt;lambda&gt;8]" time="0.001796722412109375"></testcase><testcase classname="src.pymortests.vectorarray" file="src/pymortests/vectorarray.py" line="829" name="test_isub[compatible_vector_array_pair4-&lt;lambda&gt;9]" time="0.0038073062896728516"></testcase><testcase classname="src.pymortests.vectorarray" file="src/pymortests/vectorarray.py" line="829" name="test_isub[compatible_vector_array_pair4-&lt;lambda&gt;10]" time="0.0066683292388916016"></testcase><testcase classname="src.pymortests.vectorarray" file="src/pymortests/vectorarray.py" line="829" name="test_isub[compatible_vector_array_pair4-&lt;lambda&gt;11]" time="0.0015790462493896484"></testcase><testcase classname="src.pymortests.vectorarray" file="src/pymortests/vectorarray.py" line="829" name="test_isub[compatible_vector_array_pair4-&lt;lambda&gt;12]" time="0.0017185211181640625"></testcase><testcase classname="src.pymortests.vectorarray" file="src/pymortests/vectorarray.py" line="829" name="test_isub[compatible_vector_array_pair4-&lt;lambda&gt;13]" time="0.0018846988677978516"></testcase><testcase classname="src.pymortests.vectorarray" file="src/pymortests/vectorarray.py" line="829" name="test_isub[compatible_vector_array_pair4-&lt;lambda&gt;14]" time="0.0017538070678710938"></testcase><testcase classname="src.pymortests.vectorarray" file="src/pymortests/vectorarray.py" line="829" name="test_isub[compatible_vector_array_pair4-&lt;lambda&gt;15]" time="0.0022449493408203125"></testcase><testcase classname="src.pymortests.vectorarray" file="src/pymortests/vectorarray.py" line="829" name="test_isub[compatible_vector_array_pair4-&lt;lambda&gt;16]" time="0.0024344921112060547"></testcase><testcase classname="src.pymortests.vectorarray" file="src/pymortests/vectorarray.py" line="829" name="test_isub[compatible_vector_array_pair4-&lt;lambda&gt;17]" time="0.0021648406982421875"></testcase><testcase classname="src.pymortests.vectorarray" file="src/pymortests/vectorarray.py" line="829" name="test_isub[compatible_vector_array_pair4-&lt;lambda&gt;18]" time="0.002472400665283203"></testcase><testcase classname="src.pymortests.vectorarray" file="src/pymortests/vectorarray.py" line="829" name="test_isub[compatible_vector_array_pair4-&lt;lambda&gt;19]" time="0.0021758079528808594"></testcase><testcase classname="src.pymortests.vectorarray" file="src/pymortests/vectorarray.py" line="829" name="test_isub[compatible_vector_array_pair4-&lt;lambda&gt;20]" time="0.02587604522705078"></testcase><testcase classname="src.pymortests.vectorarray" file="src/pymortests/vectorarray.py" line="829" name="test_isub[compatible_vector_array_pair4-&lt;lambda&gt;21]" time="0.017197847366333008"></testcase><testcase classname="src.pymortests.vectorarray" file="src/pymortests/vectorarray.py" line="829" name="test_isub[compatible_vector_array_pair4-&lt;lambda&gt;22]" time="0.046686649322509766"></testcase><testcase classname="src.pymortests.vectorarray" file="src/pymortests/vectorarray.py" line="829" name="test_isub[compatible_vector_array_pair4-&lt;lambda&gt;23]" time="0.0035500526428222656"></testcase><testcase classname="src.pymortests.vectorarray" file="src/pymortests/vectorarray.py" line="829" name="test_isub[compatible_vector_array_pair4-&lt;lambda&gt;24]" time="0.0014050006866455078"></testcase><testcase classname="src.pymortests.vectorarray" file="src/pymortests/vectorarray.py" line="829" name="test_isub[compatible_vector_array_pair4-&lt;lambda&gt;25]" time="0.002354860305786133"></testcase><testcase classname="src.pymortests.vectorarray" file="src/pymortests/vectorarray.py" line="829" name="test_isub[compatible_vector_array_pair4-&lt;lambda&gt;26]" time="0.023849010467529297"></testcase><testcase classname="src.pymortests.vectorarray" file="src/pymortests/vectorarray.py" line="829" name="test_isub[compatible_vector_array_pair4-&lt;lambda&gt;27]" time="0.10062289237976074"></testcase><testcase classname="src.pymortests.vectorarray" file="src/pymortests/vectorarray.py" line="829" name="test_isub[compatible_vector_array_pair4-&lt;lambda&gt;28]" time="0.2720062732696533"></testcase><testcase classname="src.pymortests.vectorarray" file="src/pymortests/vectorarray.py" line="829" name="test_isub[compatible_vector_array_pair4-&lt;lambda&gt;29]" time="0.008289337158203125"></testcase><testcase classname="src.pymortests.vectorarray" file="src/pymortests/vectorarray.py" line="829" name="test_isub[compatible_vector_array_pair5-&lt;lambda&gt;0]" time="0.0014941692352294922"></testcase><testcase classname="src.pymortests.vectorarray" file="src/pymortests/vectorarray.py" line="829" name="test_isub[compatible_vector_array_pair5-&lt;lambda&gt;1]" time="0.0014586448669433594"></testcase><testcase classname="src.pymortests.vectorarray" file="src/pymortests/vectorarray.py" line="829" name="test_isub[compatible_vector_array_pair5-&lt;lambda&gt;2]" time="0.0014395713806152344"></testcase><testcase classname="src.pymortests.vectorarray" file="src/pymortests/vectorarray.py" line="829" name="test_isub[compatible_vector_array_pair5-&lt;lambda&gt;3]" time="0.0015568733215332031"></testcase><testcase classname="src.pymortests.vectorarray" file="src/pymortests/vectorarray.py" line="829" name="test_isub[compatible_vector_array_pair5-&lt;lambda&gt;4]" time="0.0014302730560302734"></testcase><testcase classname="src.pymortests.vectorarray" file="src/pymortests/vectorarray.py" line="829" name="test_isub[compatible_vector_array_pair5-&lt;lambda&gt;5]" time="0.0012967586517333984"></testcase><testcase classname="src.pymortests.vectorarray" file="src/pymortests/vectorarray.py" line="829" name="test_isub[compatible_vector_array_pair5-&lt;lambda&gt;6]" time="0.0012562274932861328"></testcase><testcase classname="src.pymortests.vectorarray" file="src/pymortests/vectorarray.py" line="829" name="test_isub[compatible_vector_array_pair5-&lt;lambda&gt;7]" time="0.0012831687927246094"></testcase><testcase classname="src.pymortests.vectorarray" file="src/pymortests/vectorarray.py" line="829" name="test_isub[compatible_vector_array_pair5-&lt;lambda&gt;8]" time="0.001630544662475586"></testcase><testcase classname="src.pymortests.vectorarray" file="src/pymortests/vectorarray.py" line="829" name="test_isub[compatible_vector_array_pair5-&lt;lambda&gt;9]" time="0.0036449432373046875"></testcase><testcase classname="src.pymortests.vectorarray" file="src/pymortests/vectorarray.py" line="829" name="test_isub[compatible_vector_array_pair5-&lt;lambda&gt;10]" time="0.006781339645385742"></testcase><testcase classname="src.pymortests.vectorarray" file="src/pymortests/vectorarray.py" line="829" name="test_isub[compatible_vector_array_pair5-&lt;lambda&gt;11]" time="0.0017611980438232422"></testcase><testcase classname="src.pymortests.vectorarray" file="src/pymortests/vectorarray.py" line="829" name="test_isub[compatible_vector_array_pair5-&lt;lambda&gt;12]" time="0.0017580986022949219"></testcase><testcase classname="src.pymortests.vectorarray" file="src/pymortests/vectorarray.py" line="829" name="test_isub[compatible_vector_array_pair5-&lt;lambda&gt;13]" time="0.0018298625946044922"></testcase><testcase classname="src.pymortests.vectorarray" file="src/pymortests/vectorarray.py" line="829" name="test_isub[compatible_vector_array_pair5-&lt;lambda&gt;14]" time="0.001825094223022461"></testcase><testcase classname="src.pymortests.vectorarray" file="src/pymortests/vectorarray.py" line="829" name="test_isub[compatible_vector_array_pair5-&lt;lambda&gt;15]" time="0.002014636993408203"></testcase><testcase classname="src.pymortests.vectorarray" file="src/pymortests/vectorarray.py" line="829" name="test_isub[compatible_vector_array_pair5-&lt;lambda&gt;16]" time="0.002292156219482422"></testcase><testcase classname="src.pymortests.vectorarray" file="src/pymortests/vectorarray.py" line="829" name="test_isub[compatible_vector_array_pair5-&lt;lambda&gt;17]" time="0.0022003650665283203"></testcase><testcase classname="src.pymortests.vectorarray" file="src/pymortests/vectorarray.py" line="829" name="test_isub[compatible_vector_array_pair5-&lt;lambda&gt;18]" time="0.002053499221801758"></testcase><testcase classname="src.pymortests.vectorarray" file="src/pymortests/vectorarray.py" line="829" name="test_isub[compatible_vector_array_pair5-&lt;lambda&gt;19]" time="0.0020945072174072266"></testcase><testcase classname="src.pymortests.vectorarray" file="src/pymortests/vectorarray.py" line="829" name="test_isub[compatible_vector_array_pair5-&lt;lambda&gt;20]" time="0.02573871612548828"></testcase><testcase classname="src.pymortests.vectorarray" file="src/pymortests/vectorarray.py" line="829" name="test_isub[compatible_vector_array_pair5-&lt;lambda&gt;21]" time="0.016994476318359375"></testcase><testcase classname="src.pymortests.vectorarray" file="src/pymortests/vectorarray.py" line="829" name="test_isub[compatible_vector_array_pair5-&lt;lambda&gt;22]" time="0.046649932861328125"></testcase><testcase classname="src.pymortests.vectorarray" file="src/pymortests/vectorarray.py" line="829" name="test_isub[compatible_vector_array_pair5-&lt;lambda&gt;23]" time="0.0035753250122070312"></testcase><testcase classname="src.pymortests.vectorarray" file="src/pymortests/vectorarray.py" line="829" name="test_isub[compatible_vector_array_pair5-&lt;lambda&gt;24]" time="0.0013537406921386719"></testcase><testcase classname="src.pymortests.vectorarray" file="src/pymortests/vectorarray.py" line="829" name="test_isub[compatible_vector_array_pair5-&lt;lambda&gt;25]" time="0.002246379852294922"></testcase><testcase classname="src.pymortests.vectorarray" file="src/pymortests/vectorarray.py" line="829" name="test_isub[compatible_vector_array_pair5-&lt;lambda&gt;26]" time="0.023690462112426758"></testcase><testcase classname="src.pymortests.vectorarray" file="src/pymortests/vectorarray.py" line="829" name="test_isub[compatible_vector_array_pair5-&lt;lambda&gt;27]" time="0.09842324256896973"></testcase><testcase classname="src.pymortests.vectorarray" file="src/pymortests/vectorarray.py" line="829" name="test_isub[compatible_vector_array_pair5-&lt;lambda&gt;28]" time="0.27884888648986816"></testcase><testcase classname="src.pymortests.vectorarray" file="src/pymortests/vectorarray.py" line="829" name="test_isub[compatible_vector_array_pair5-&lt;lambda&gt;29]" time="0.009078502655029297"></testcase><testcase classname="src.pymortests.vectorarray" file="src/pymortests/vectorarray.py" line="829" name="test_isub[compatible_vector_array_pair6-&lt;lambda&gt;0]" time="0.002097606658935547"></testcase><testcase classname="src.pymortests.vectorarray" file="src/pymortests/vectorarray.py" line="829" name="test_isub[compatible_vector_array_pair6-&lt;lambda&gt;1]" time="0.0015671253204345703"></testcase><testcase classname="src.pymortests.vectorarray" file="src/pymortests/vectorarray.py" line="829" name="test_isub[compatible_vector_array_pair6-&lt;lambda&gt;2]" time="0.0015399456024169922"></testcase><testcase classname="src.pymortests.vectorarray" file="src/pymortests/vectorarray.py" line="829" name="test_isub[compatible_vector_array_pair6-&lt;lambda&gt;3]" time="0.001689910888671875"></testcase><testcase classname="src.pymortests.vectorarray" file="src/pymortests/vectorarray.py" line="829" name="test_isub[compatible_vector_array_pair6-&lt;lambda&gt;4]" time="0.001569509506225586"></testcase><testcase classname="src.pymortests.vectorarray" file="src/pymortests/vectorarray.py" line="829" name="test_isub[compatible_vector_array_pair6-&lt;lambda&gt;5]" time="0.0014638900756835938"></testcase><testcase classname="src.pymortests.vectorarray" file="src/pymortests/vectorarray.py" line="829" name="test_isub[compatible_vector_array_pair6-&lt;lambda&gt;6]" time="0.001447439193725586"></testcase><testcase classname="src.pymortests.vectorarray" file="src/pymortests/vectorarray.py" line="829" name="test_isub[compatible_vector_array_pair6-&lt;lambda&gt;7]" time="0.0014832019805908203"></testcase><testcase classname="src.pymortests.vectorarray" file="src/pymortests/vectorarray.py" line="829" name="test_isub[compatible_vector_array_pair6-&lt;lambda&gt;8]" time="0.0017266273498535156"></testcase><testcase classname="src.pymortests.vectorarray" file="src/pymortests/vectorarray.py" line="829" name="test_isub[compatible_vector_array_pair6-&lt;lambda&gt;9]" time="0.0037386417388916016"></testcase><testcase classname="src.pymortests.vectorarray" file="src/pymortests/vectorarray.py" line="829" name="test_isub[compatible_vector_array_pair6-&lt;lambda&gt;10]" time="0.0064389705657958984"></testcase><testcase classname="src.pymortests.vectorarray" file="src/pymortests/vectorarray.py" line="829" name="test_isub[compatible_vector_array_pair6-&lt;lambda&gt;11]" time="0.001791238784790039"></testcase><testcase classname="src.pymortests.vectorarray" file="src/pymortests/vectorarray.py" line="829" name="test_isub[compatible_vector_array_pair6-&lt;lambda&gt;12]" time="0.0017464160919189453"></testcase><testcase classname="src.pymortests.vectorarray" file="src/pymortests/vectorarray.py" line="829" name="test_isub[compatible_vector_array_pair6-&lt;lambda&gt;13]" time="0.0018815994262695312"></testcase><testcase classname="src.pymortests.vectorarray" file="src/pymortests/vectorarray.py" line="829" name="test_isub[compatible_vector_array_pair6-&lt;lambda&gt;14]" time="0.0017261505126953125"></testcase><testcase classname="src.pymortests.vectorarray" file="src/pymortests/vectorarray.py" line="829" name="test_isub[compatible_vector_array_pair6-&lt;lambda&gt;15]" time="0.0019898414611816406"></testcase><testcase classname="src.pymortests.vectorarray" file="src/pymortests/vectorarray.py" line="829" name="test_isub[compatible_vector_array_pair6-&lt;lambda&gt;16]" time="0.0022852420806884766"></testcase><testcase classname="src.pymortests.vectorarray" file="src/pymortests/vectorarray.py" line="829" name="test_isub[compatible_vector_array_pair6-&lt;lambda&gt;17]" time="0.002084016799926758"></testcase><testcase classname="src.pymortests.vectorarray" file="src/pymortests/vectorarray.py" line="829" name="test_isub[compatible_vector_array_pair6-&lt;lambda&gt;18]" time="0.0020875930786132812"></testcase><testcase classname="src.pymortests.vectorarray" file="src/pymortests/vectorarray.py" line="829" name="test_isub[compatible_vector_array_pair6-&lt;lambda&gt;19]" time="0.0020499229431152344"></testcase><testcase classname="src.pymortests.vectorarray" file="src/pymortests/vectorarray.py" line="829" name="test_isub[compatible_vector_array_pair6-&lt;lambda&gt;20]" time="0.025652647018432617"></testcase><testcase classname="src.pymortests.vectorarray" file="src/pymortests/vectorarray.py" line="829" name="test_isub[compatible_vector_array_pair6-&lt;lambda&gt;21]" time="0.01643681526184082"></testcase><testcase classname="src.pymortests.vectorarray" file="src/pymortests/vectorarray.py" line="829" name="test_isub[compatible_vector_array_pair6-&lt;lambda&gt;22]" time="0.046682119369506836"></testcase><testcase classname="src.pymortests.vectorarray" file="src/pymortests/vectorarray.py" line="829" name="test_isub[compatible_vector_array_pair6-&lt;lambda&gt;23]" time="0.003551006317138672"></testcase><testcase classname="src.pymortests.vectorarray" file="src/pymortests/vectorarray.py" line="829" name="test_isub[compatible_vector_array_pair6-&lt;lambda&gt;24]" time="0.0014111995697021484"></testcase><testcase classname="src.pymortests.vectorarray" file="src/pymortests/vectorarray.py" line="829" name="test_isub[compatible_vector_array_pair6-&lt;lambda&gt;25]" time="0.002343893051147461"></testcase><testcase classname="src.pymortests.vectorarray" file="src/pymortests/vectorarray.py" line="829" name="test_isub[compatible_vector_array_pair6-&lt;lambda&gt;26]" time="0.023453235626220703"></testcase><testcase classname="src.pymortests.vectorarray" file="src/pymortests/vectorarray.py" line="829" name="test_isub[compatible_vector_array_pair6-&lt;lambda&gt;27]" time="0.09836649894714355"></testcase><testcase classname="src.pymortests.vectorarray" file="src/pymortests/vectorarray.py" line="829" name="test_isub[compatible_vector_array_pair6-&lt;lambda&gt;28]" time="0.270998477935791"></testcase><testcase classname="src.pymortests.vectorarray" file="src/pymortests/vectorarray.py" line="829" name="test_isub[compatible_vector_array_pair6-&lt;lambda&gt;29]" time="0.009134292602539062"></testcase><testcase classname="src.pymortests.vectorarray" file="src/pymortests/vectorarray.py" line="829" name="test_isub[compatible_vector_array_pair7-&lt;lambda&gt;0]" time="0.0015854835510253906"></testcase><testcase classname="src.pymortests.vectorarray" file="src/pymortests/vectorarray.py" line="829" name="test_isub[compatible_vector_array_pair7-&lt;lambda&gt;1]" time="0.0015401840209960938"></testcase><testcase classname="src.pymortests.vectorarray" file="src/pymortests/vectorarray.py" line="829" name="test_isub[compatible_vector_array_pair7-&lt;lambda&gt;2]" time="0.001512765884399414"></testcase><testcase classname="src.pymortests.vectorarray" file="src/pymortests/vectorarray.py" line="829" name="test_isub[compatible_vector_array_pair7-&lt;lambda&gt;3]" time="0.0016133785247802734"></testcase><testcase classname="src.pymortests.vectorarray" file="src/pymortests/vectorarray.py" line="829" name="test_isub[compatible_vector_array_pair7-&lt;lambda&gt;4]" time="0.001604318618774414"></testcase><testcase classname="src.pymortests.vectorarray" file="src/pymortests/vectorarray.py" line="829" name="test_isub[compatible_vector_array_pair7-&lt;lambda&gt;5]" time="0.0013926029205322266"></testcase><testcase classname="src.pymortests.vectorarray" file="src/pymortests/vectorarray.py" line="829" name="test_isub[compatible_vector_array_pair7-&lt;lambda&gt;6]" time="0.0013718605041503906"></testcase><testcase classname="src.pymortests.vectorarray" file="src/pymortests/vectorarray.py" line="829" name="test_isub[compatible_vector_array_pair7-&lt;lambda&gt;7]" time="0.0014162063598632812"></testcase><testcase classname="src.pymortests.vectorarray" file="src/pymortests/vectorarray.py" line="829" name="test_isub[compatible_vector_array_pair7-&lt;lambda&gt;8]" time="0.001848459243774414"></testcase><testcase classname="src.pymortests.vectorarray" file="src/pymortests/vectorarray.py" line="829" name="test_isub[compatible_vector_array_pair7-&lt;lambda&gt;9]" time="0.0037212371826171875"></testcase><testcase classname="src.pymortests.vectorarray" file="src/pymortests/vectorarray.py" line="829" name="test_isub[compatible_vector_array_pair7-&lt;lambda&gt;10]" time="0.007105588912963867"></testcase><testcase classname="src.pymortests.vectorarray" file="src/pymortests/vectorarray.py" line="829" name="test_isub[compatible_vector_array_pair7-&lt;lambda&gt;11]" time="0.0016281604766845703"></testcase><testcase classname="src.pymortests.vectorarray" file="src/pymortests/vectorarray.py" line="829" name="test_isub[compatible_vector_array_pair7-&lt;lambda&gt;12]" time="0.0017862319946289062"></testcase><testcase classname="src.pymortests.vectorarray" file="src/pymortests/vectorarray.py" line="829" name="test_isub[compatible_vector_array_pair7-&lt;lambda&gt;13]" time="0.0018506050109863281"></testcase><testcase classname="src.pymortests.vectorarray" file="src/pymortests/vectorarray.py" line="829" name="test_isub[compatible_vector_array_pair7-&lt;lambda&gt;14]" time="0.0017936229705810547"></testcase><testcase classname="src.pymortests.vectorarray" file="src/pymortests/vectorarray.py" line="829" name="test_isub[compatible_vector_array_pair7-&lt;lambda&gt;15]" time="0.0020847320556640625"></testcase><testcase classname="src.pymortests.vectorarray" file="src/pymortests/vectorarray.py" line="829" name="test_isub[compatible_vector_array_pair7-&lt;lambda&gt;16]" time="0.0025336742401123047"></testcase><testcase classname="src.pymortests.vectorarray" file="src/pymortests/vectorarray.py" line="829" name="test_isub[compatible_vector_array_pair7-&lt;lambda&gt;17]" time="0.002167940139770508"></testcase><testcase classname="src.pymortests.vectorarray" file="src/pymortests/vectorarray.py" line="829" name="test_isub[compatible_vector_array_pair7-&lt;lambda&gt;18]" time="0.002038240432739258"></testcase><testcase classname="src.pymortests.vectorarray" file="src/pymortests/vectorarray.py" line="829" name="test_isub[compatible_vector_array_pair7-&lt;lambda&gt;19]" time="0.0024597644805908203"></testcase><testcase classname="src.pymortests.vectorarray" file="src/pymortests/vectorarray.py" line="829" name="test_isub[compatible_vector_array_pair7-&lt;lambda&gt;20]" time="0.0255584716796875"></testcase><testcase classname="src.pymortests.vectorarray" file="src/pymortests/vectorarray.py" line="829" name="test_isub[compatible_vector_array_pair7-&lt;lambda&gt;21]" time="0.017174243927001953"></testcase><testcase classname="src.pymortests.vectorarray" file="src/pymortests/vectorarray.py" line="829" name="test_isub[compatible_vector_array_pair7-&lt;lambda&gt;22]" time="0.04620933532714844"></testcase><testcase classname="src.pymortests.vectorarray" file="src/pymortests/vectorarray.py" line="829" name="test_isub[compatible_vector_array_pair7-&lt;lambda&gt;23]" time="0.0036656856536865234"></testcase><testcase classname="src.pymortests.vectorarray" file="src/pymortests/vectorarray.py" line="829" name="test_isub[compatible_vector_array_pair7-&lt;lambda&gt;24]" time="0.00154876708984375"></testcase><testcase classname="src.pymortests.vectorarray" file="src/pymortests/vectorarray.py" line="829" name="test_isub[compatible_vector_array_pair7-&lt;lambda&gt;25]" time="0.0024900436401367188"></testcase><testcase classname="src.pymortests.vectorarray" file="src/pymortests/vectorarray.py" line="829" name="test_isub[compatible_vector_array_pair7-&lt;lambda&gt;26]" time="0.023846864700317383"></testcase><testcase classname="src.pymortests.vectorarray" file="src/pymortests/vectorarray.py" line="829" name="test_isub[compatible_vector_array_pair7-&lt;lambda&gt;27]" time="0.10198235511779785"></testcase><testcase classname="src.pymortests.vectorarray" file="src/pymortests/vectorarray.py" line="829" name="test_isub[compatible_vector_array_pair7-&lt;lambda&gt;28]" time="0.2762420177459717"></testcase><testcase classname="src.pymortests.vectorarray" file="src/pymortests/vectorarray.py" line="829" name="test_isub[compatible_vector_array_pair7-&lt;lambda&gt;29]" time="0.00891256332397461"></testcase><testcase classname="src.pymortests.vectorarray" file="src/pymortests/vectorarray.py" line="829" name="test_isub[compatible_vector_array_pair8-&lt;lambda&gt;0]" time="0.002061605453491211"></testcase><testcase classname="src.pymortests.vectorarray" file="src/pymortests/vectorarray.py" line="829" name="test_isub[compatible_vector_array_pair8-&lt;lambda&gt;1]" time="0.0015497207641601562"></testcase><testcase classname="src.pymortests.vectorarray" file="src/pymortests/vectorarray.py" line="829" name="test_isub[compatible_vector_array_pair8-&lt;lambda&gt;2]" time="0.001522064208984375"></testcase><testcase classname="src.pymortests.vectorarray" file="src/pymortests/vectorarray.py" line="829" name="test_isub[compatible_vector_array_pair8-&lt;lambda&gt;3]" time="0.0015480518341064453"></testcase><testcase classname="src.pymortests.vectorarray" file="src/pymortests/vectorarray.py" line="829" name="test_isub[compatible_vector_array_pair8-&lt;lambda&gt;4]" time="0.0014400482177734375"></testcase><testcase classname="src.pymortests.vectorarray" file="src/pymortests/vectorarray.py" line="829" name="test_isub[compatible_vector_array_pair8-&lt;lambda&gt;5]" time="0.0013861656188964844"></testcase><testcase classname="src.pymortests.vectorarray" file="src/pymortests/vectorarray.py" line="829" name="test_isub[compatible_vector_array_pair8-&lt;lambda&gt;6]" time="0.0013577938079833984"></testcase><testcase classname="src.pymortests.vectorarray" file="src/pymortests/vectorarray.py" line="829" name="test_isub[compatible_vector_array_pair8-&lt;lambda&gt;7]" time="0.0013031959533691406"></testcase><testcase classname="src.pymortests.vectorarray" file="src/pymortests/vectorarray.py" line="829" name="test_isub[compatible_vector_array_pair8-&lt;lambda&gt;8]" time="0.001722574234008789"></testcase><testcase classname="src.pymortests.vectorarray" file="src/pymortests/vectorarray.py" line="829" name="test_isub[compatible_vector_array_pair8-&lt;lambda&gt;9]" time="0.0036263465881347656"></testcase><testcase classname="src.pymortests.vectorarray" file="src/pymortests/vectorarray.py" line="829" name="test_isub[compatible_vector_array_pair8-&lt;lambda&gt;10]" time="0.0067138671875"></testcase><testcase classname="src.pymortests.vectorarray" file="src/pymortests/vectorarray.py" line="829" name="test_isub[compatible_vector_array_pair8-&lt;lambda&gt;11]" time="0.0016334056854248047"></testcase><testcase classname="src.pymortests.vectorarray" file="src/pymortests/vectorarray.py" line="829" name="test_isub[compatible_vector_array_pair8-&lt;lambda&gt;12]" time="0.0016880035400390625"></testcase><testcase classname="src.pymortests.vectorarray" file="src/pymortests/vectorarray.py" line="829" name="test_isub[compatible_vector_array_pair8-&lt;lambda&gt;13]" time="0.0018677711486816406"></testcase><testcase classname="src.pymortests.vectorarray" file="src/pymortests/vectorarray.py" line="829" name="test_isub[compatible_vector_array_pair8-&lt;lambda&gt;14]" time="0.0018057823181152344"></testcase><testcase classname="src.pymortests.vectorarray" file="src/pymortests/vectorarray.py" line="829" name="test_isub[compatible_vector_array_pair8-&lt;lambda&gt;15]" time="0.0020096302032470703"></testcase><testcase classname="src.pymortests.vectorarray" file="src/pymortests/vectorarray.py" line="829" name="test_isub[compatible_vector_array_pair8-&lt;lambda&gt;16]" time="0.0022470951080322266"></testcase><testcase classname="src.pymortests.vectorarray" file="src/pymortests/vectorarray.py" line="829" name="test_isub[compatible_vector_array_pair8-&lt;lambda&gt;17]" time="0.0022423267364501953"></testcase><testcase classname="src.pymortests.vectorarray" file="src/pymortests/vectorarray.py" line="829" name="test_isub[compatible_vector_array_pair8-&lt;lambda&gt;18]" time="0.002046346664428711"></testcase><testcase classname="src.pymortests.vectorarray" file="src/pymortests/vectorarray.py" line="829" name="test_isub[compatible_vector_array_pair8-&lt;lambda&gt;19]" time="0.0020368099212646484"></testcase><testcase classname="src.pymortests.vectorarray" file="src/pymortests/vectorarray.py" line="829" name="test_isub[compatible_vector_array_pair8-&lt;lambda&gt;20]" time="0.02538442611694336"></testcase><testcase classname="src.pymortests.vectorarray" file="src/pymortests/vectorarray.py" line="829" name="test_isub[compatible_vector_array_pair8-&lt;lambda&gt;21]" time="0.016890764236450195"></testcase><testcase classname="src.pymortests.vectorarray" file="src/pymortests/vectorarray.py" line="829" name="test_isub[compatible_vector_array_pair8-&lt;lambda&gt;22]" time="0.04673051834106445"></testcase><testcase classname="src.pymortests.vectorarray" file="src/pymortests/vectorarray.py" line="829" name="test_isub[compatible_vector_array_pair8-&lt;lambda&gt;23]" time="0.0036191940307617188"></testcase><testcase classname="src.pymortests.vectorarray" file="src/pymortests/vectorarray.py" line="829" name="test_isub[compatible_vector_array_pair8-&lt;lambda&gt;24]" time="0.001402139663696289"></testcase><testcase classname="src.pymortests.vectorarray" file="src/pymortests/vectorarray.py" line="829" name="test_isub[compatible_vector_array_pair8-&lt;lambda&gt;25]" time="0.0023539066314697266"></testcase><testcase classname="src.pymortests.vectorarray" file="src/pymortests/vectorarray.py" line="829" name="test_isub[compatible_vector_array_pair8-&lt;lambda&gt;26]" time="0.0236814022064209"></testcase><testcase classname="src.pymortests.vectorarray" file="src/pymortests/vectorarray.py" line="829" name="test_isub[compatible_vector_array_pair8-&lt;lambda&gt;27]" time="0.0993657112121582"></testcase><testcase classname="src.pymortests.vectorarray" file="src/pymortests/vectorarray.py" line="829" name="test_isub[compatible_vector_array_pair8-&lt;lambda&gt;28]" time="0.2742347717285156"></testcase><testcase classname="src.pymortests.vectorarray" file="src/pymortests/vectorarray.py" line="829" name="test_isub[compatible_vector_array_pair8-&lt;lambda&gt;29]" time="0.00819849967956543"></testcase><testcase classname="src.pymortests.vectorarray" file="src/pymortests/vectorarray.py" line="841" name="test_neg[0-&lt;lambda&gt;0]" time="0.0019199848175048828"></testcase><testcase classname="src.pymortests.vectorarray" file="src/pymortests/vectorarray.py" line="841" name="test_neg[0-&lt;lambda&gt;1]" time="0.0015323162078857422"></testcase><testcase classname="src.pymortests.vectorarray" file="src/pymortests/vectorarray.py" line="841" name="test_neg[0-&lt;lambda&gt;2]" time="0.0014252662658691406"></testcase><testcase classname="src.pymortests.vectorarray" file="src/pymortests/vectorarray.py" line="841" name="test_neg[0-&lt;lambda&gt;3]" time="0.0015559196472167969"></testcase><testcase classname="src.pymortests.vectorarray" file="src/pymortests/vectorarray.py" line="841" name="test_neg[0-&lt;lambda&gt;4]" time="0.0015330314636230469"></testcase><testcase classname="src.pymortests.vectorarray" file="src/pymortests/vectorarray.py" line="841" name="test_neg[0-&lt;lambda&gt;5]" time="0.0014274120330810547"></testcase><testcase classname="src.pymortests.vectorarray" file="src/pymortests/vectorarray.py" line="841" name="test_neg[0-&lt;lambda&gt;6]" time="0.001338958740234375"></testcase><testcase classname="src.pymortests.vectorarray" file="src/pymortests/vectorarray.py" line="841" name="test_neg[0-&lt;lambda&gt;7]" time="0.0015304088592529297"></testcase><testcase classname="src.pymortests.vectorarray" file="src/pymortests/vectorarray.py" line="841" name="test_neg[0-&lt;lambda&gt;8]" time="0.0047454833984375"></testcase><testcase classname="src.pymortests.vectorarray" file="src/pymortests/vectorarray.py" line="841" name="test_neg[0-&lt;lambda&gt;9]" time="0.008363962173461914"></testcase><testcase classname="src.pymortests.vectorarray" file="src/pymortests/vectorarray.py" line="841" name="test_neg[0-&lt;lambda&gt;10]" time="0.0018291473388671875"></testcase><testcase classname="src.pymortests.vectorarray" file="src/pymortests/vectorarray.py" line="841" name="test_neg[0-&lt;lambda&gt;11]" time="0.0018243789672851562"></testcase><testcase classname="src.pymortests.vectorarray" file="src/pymortests/vectorarray.py" line="841" name="test_neg[0-&lt;lambda&gt;12]" time="0.0018839836120605469"></testcase><testcase classname="src.pymortests.vectorarray" file="src/pymortests/vectorarray.py" line="841" name="test_neg[0-&lt;lambda&gt;13]" time="0.0016222000122070312"></testcase><testcase classname="src.pymortests.vectorarray" file="src/pymortests/vectorarray.py" line="841" name="test_neg[0-&lt;lambda&gt;14]" time="0.0017666816711425781"></testcase><testcase classname="src.pymortests.vectorarray" file="src/pymortests/vectorarray.py" line="841" name="test_neg[0-&lt;lambda&gt;15]" time="0.0019669532775878906"></testcase><testcase classname="src.pymortests.vectorarray" file="src/pymortests/vectorarray.py" line="841" name="test_neg[0-&lt;lambda&gt;16]" time="0.0019583702087402344"></testcase><testcase classname="src.pymortests.vectorarray" file="src/pymortests/vectorarray.py" line="841" name="test_neg[0-&lt;lambda&gt;17]" time="0.0019216537475585938"></testcase><testcase classname="src.pymortests.vectorarray" file="src/pymortests/vectorarray.py" line="841" name="test_neg[0-&lt;lambda&gt;18]" time="0.0017812252044677734"></testcase><testcase classname="src.pymortests.vectorarray" file="src/pymortests/vectorarray.py" line="841" name="test_neg[0-&lt;lambda&gt;19]" time="0.003133535385131836"></testcase><testcase classname="src.pymortests.vectorarray" file="src/pymortests/vectorarray.py" line="841" name="test_neg[0-&lt;lambda&gt;20]" time="0.015331029891967773"></testcase><testcase classname="src.pymortests.vectorarray" file="src/pymortests/vectorarray.py" line="841" name="test_neg[0-&lt;lambda&gt;21]" time="0.032982587814331055"></testcase><testcase classname="src.pymortests.vectorarray" file="src/pymortests/vectorarray.py" line="841" name="test_neg[0-&lt;lambda&gt;22]" time="0.0019693374633789062"></testcase><testcase classname="src.pymortests.vectorarray" file="src/pymortests/vectorarray.py" line="841" name="test_neg[0-&lt;lambda&gt;23]" time="0.0014467239379882812"></testcase><testcase classname="src.pymortests.vectorarray" file="src/pymortests/vectorarray.py" line="841" name="test_neg[0-&lt;lambda&gt;24]" time="0.00542759895324707"></testcase><testcase classname="src.pymortests.vectorarray" file="src/pymortests/vectorarray.py" line="841" name="test_neg[0-&lt;lambda&gt;25]" time="0.1187887191772461"></testcase><testcase classname="src.pymortests.vectorarray" file="src/pymortests/vectorarray.py" line="841" name="test_neg[0-&lt;lambda&gt;26]" time="0.2737462520599365"></testcase><testcase classname="src.pymortests.vectorarray" file="src/pymortests/vectorarray.py" line="841" name="test_neg[1-&lt;lambda&gt;0]" time="0.0021779537200927734"></testcase><testcase classname="src.pymortests.vectorarray" file="src/pymortests/vectorarray.py" line="841" name="test_neg[1-&lt;lambda&gt;1]" time="0.0015184879302978516"></testcase><testcase classname="src.pymortests.vectorarray" file="src/pymortests/vectorarray.py" line="841" name="test_neg[1-&lt;lambda&gt;2]" time="0.0014488697052001953"></testcase><testcase classname="src.pymortests.vectorarray" file="src/pymortests/vectorarray.py" line="841" name="test_neg[1-&lt;lambda&gt;3]" time="0.0014929771423339844"></testcase><testcase classname="src.pymortests.vectorarray" file="src/pymortests/vectorarray.py" line="841" name="test_neg[1-&lt;lambda&gt;4]" time="0.0014464855194091797"></testcase><testcase classname="src.pymortests.vectorarray" file="src/pymortests/vectorarray.py" line="841" name="test_neg[1-&lt;lambda&gt;5]" time="0.0013608932495117188"></testcase><testcase classname="src.pymortests.vectorarray" file="src/pymortests/vectorarray.py" line="841" name="test_neg[1-&lt;lambda&gt;6]" time="0.0013039112091064453"></testcase><testcase classname="src.pymortests.vectorarray" file="src/pymortests/vectorarray.py" line="841" name="test_neg[1-&lt;lambda&gt;7]" time="0.0014646053314208984"></testcase><testcase classname="src.pymortests.vectorarray" file="src/pymortests/vectorarray.py" line="841" name="test_neg[1-&lt;lambda&gt;8]" time="0.004565000534057617"></testcase><testcase classname="src.pymortests.vectorarray" file="src/pymortests/vectorarray.py" line="841" name="test_neg[1-&lt;lambda&gt;9]" time="0.008186578750610352"></testcase><testcase classname="src.pymortests.vectorarray" file="src/pymortests/vectorarray.py" line="841" name="test_neg[1-&lt;lambda&gt;10]" time="0.0018186569213867188"></testcase><testcase classname="src.pymortests.vectorarray" file="src/pymortests/vectorarray.py" line="841" name="test_neg[1-&lt;lambda&gt;11]" time="0.0018565654754638672"></testcase><testcase classname="src.pymortests.vectorarray" file="src/pymortests/vectorarray.py" line="841" name="test_neg[1-&lt;lambda&gt;12]" time="0.0018429756164550781"></testcase><testcase classname="src.pymortests.vectorarray" file="src/pymortests/vectorarray.py" line="841" name="test_neg[1-&lt;lambda&gt;13]" time="0.0017125606536865234"></testcase><testcase classname="src.pymortests.vectorarray" file="src/pymortests/vectorarray.py" line="841" name="test_neg[1-&lt;lambda&gt;14]" time="0.0017991065979003906"></testcase><testcase classname="src.pymortests.vectorarray" file="src/pymortests/vectorarray.py" line="841" name="test_neg[1-&lt;lambda&gt;15]" time="0.0020787715911865234"></testcase><testcase classname="src.pymortests.vectorarray" file="src/pymortests/vectorarray.py" line="841" name="test_neg[1-&lt;lambda&gt;16]" time="0.001995086669921875"></testcase><testcase classname="src.pymortests.vectorarray" file="src/pymortests/vectorarray.py" line="841" name="test_neg[1-&lt;lambda&gt;17]" time="0.001827239990234375"></testcase><testcase classname="src.pymortests.vectorarray" file="src/pymortests/vectorarray.py" line="841" name="test_neg[1-&lt;lambda&gt;18]" time="0.0017583370208740234"></testcase><testcase classname="src.pymortests.vectorarray" file="src/pymortests/vectorarray.py" line="841" name="test_neg[1-&lt;lambda&gt;19]" time="0.0030670166015625"></testcase><testcase classname="src.pymortests.vectorarray" file="src/pymortests/vectorarray.py" line="841" name="test_neg[1-&lt;lambda&gt;20]" time="0.015148162841796875"></testcase><testcase classname="src.pymortests.vectorarray" file="src/pymortests/vectorarray.py" line="841" name="test_neg[1-&lt;lambda&gt;21]" time="0.03346991539001465"></testcase><testcase classname="src.pymortests.vectorarray" file="src/pymortests/vectorarray.py" line="841" name="test_neg[1-&lt;lambda&gt;22]" time="0.0019991397857666016"></testcase><testcase classname="src.pymortests.vectorarray" file="src/pymortests/vectorarray.py" line="841" name="test_neg[1-&lt;lambda&gt;23]" time="0.0013856887817382812"></testcase><testcase classname="src.pymortests.vectorarray" file="src/pymortests/vectorarray.py" line="841" name="test_neg[1-&lt;lambda&gt;24]" time="0.005187034606933594"></testcase><testcase classname="src.pymortests.vectorarray" file="src/pymortests/vectorarray.py" line="841" name="test_neg[1-&lt;lambda&gt;25]" time="0.11804032325744629"></testcase><testcase classname="src.pymortests.vectorarray" file="src/pymortests/vectorarray.py" line="841" name="test_neg[1-&lt;lambda&gt;26]" time="0.2764713764190674"></testcase><testcase classname="src.pymortests.vectorarray" file="src/pymortests/vectorarray.py" line="841" name="test_neg[2-&lt;lambda&gt;0]" time="0.0020303726196289062"></testcase><testcase classname="src.pymortests.vectorarray" file="src/pymortests/vectorarray.py" line="841" name="test_neg[2-&lt;lambda&gt;1]" time="0.0016460418701171875"></testcase><testcase classname="src.pymortests.vectorarray" file="src/pymortests/vectorarray.py" line="841" name="test_neg[2-&lt;lambda&gt;2]" time="0.0016117095947265625"></testcase><testcase classname="src.pymortests.vectorarray" file="src/pymortests/vectorarray.py" line="841" name="test_neg[2-&lt;lambda&gt;3]" time="0.001596689224243164"></testcase><testcase classname="src.pymortests.vectorarray" file="src/pymortests/vectorarray.py" line="841" name="test_neg[2-&lt;lambda&gt;4]" time="0.0014429092407226562"></testcase><testcase classname="src.pymortests.vectorarray" file="src/pymortests/vectorarray.py" line="841" name="test_neg[2-&lt;lambda&gt;5]" time="0.0013458728790283203"></testcase><testcase classname="src.pymortests.vectorarray" file="src/pymortests/vectorarray.py" line="841" name="test_neg[2-&lt;lambda&gt;6]" time="0.001420736312866211"></testcase><testcase classname="src.pymortests.vectorarray" file="src/pymortests/vectorarray.py" line="841" name="test_neg[2-&lt;lambda&gt;7]" time="0.0016682147979736328"></testcase><testcase classname="src.pymortests.vectorarray" file="src/pymortests/vectorarray.py" line="841" name="test_neg[2-&lt;lambda&gt;8]" time="0.004870891571044922"></testcase><testcase classname="src.pymortests.vectorarray" file="src/pymortests/vectorarray.py" line="841" name="test_neg[2-&lt;lambda&gt;9]" time="0.008681774139404297"></testcase><testcase classname="src.pymortests.vectorarray" file="src/pymortests/vectorarray.py" line="841" name="test_neg[2-&lt;lambda&gt;10]" time="0.0019407272338867188"></testcase><testcase classname="src.pymortests.vectorarray" file="src/pymortests/vectorarray.py" line="841" name="test_neg[2-&lt;lambda&gt;11]" time="0.0019092559814453125"></testcase><testcase classname="src.pymortests.vectorarray" file="src/pymortests/vectorarray.py" line="841" name="test_neg[2-&lt;lambda&gt;12]" time="0.0018613338470458984"></testcase><testcase classname="src.pymortests.vectorarray" file="src/pymortests/vectorarray.py" line="841" name="test_neg[2-&lt;lambda&gt;13]" time="0.0017175674438476562"></testcase><testcase classname="src.pymortests.vectorarray" file="src/pymortests/vectorarray.py" line="841" name="test_neg[2-&lt;lambda&gt;14]" time="0.0018832683563232422"></testcase><testcase classname="src.pymortests.vectorarray" file="src/pymortests/vectorarray.py" line="841" name="test_neg[2-&lt;lambda&gt;15]" time="0.0021467208862304688"></testcase><testcase classname="src.pymortests.vectorarray" file="src/pymortests/vectorarray.py" line="841" name="test_neg[2-&lt;lambda&gt;16]" time="0.0019466876983642578"></testcase><testcase classname="src.pymortests.vectorarray" file="src/pymortests/vectorarray.py" line="841" name="test_neg[2-&lt;lambda&gt;17]" time="0.001829385757446289"></testcase><testcase classname="src.pymortests.vectorarray" file="src/pymortests/vectorarray.py" line="841" name="test_neg[2-&lt;lambda&gt;18]" time="0.0017533302307128906"></testcase><testcase classname="src.pymortests.vectorarray" file="src/pymortests/vectorarray.py" line="841" name="test_neg[2-&lt;lambda&gt;19]" time="0.0031232833862304688"></testcase><testcase classname="src.pymortests.vectorarray" file="src/pymortests/vectorarray.py" line="841" name="test_neg[2-&lt;lambda&gt;20]" time="0.015665292739868164"></testcase><testcase classname="src.pymortests.vectorarray" file="src/pymortests/vectorarray.py" line="841" name="test_neg[2-&lt;lambda&gt;21]" time="0.034183502197265625"></testcase><testcase classname="src.pymortests.vectorarray" file="src/pymortests/vectorarray.py" line="841" name="test_neg[2-&lt;lambda&gt;22]" time="0.001920938491821289"></testcase><testcase classname="src.pymortests.vectorarray" file="src/pymortests/vectorarray.py" line="841" name="test_neg[2-&lt;lambda&gt;23]" time="0.001447916030883789"></testcase><testcase classname="src.pymortests.vectorarray" file="src/pymortests/vectorarray.py" line="841" name="test_neg[2-&lt;lambda&gt;24]" time="0.005248308181762695"></testcase><testcase classname="src.pymortests.vectorarray" file="src/pymortests/vectorarray.py" line="841" name="test_neg[2-&lt;lambda&gt;25]" time="0.11563277244567871"></testcase><testcase classname="src.pymortests.vectorarray" file="src/pymortests/vectorarray.py" line="841" name="test_neg[2-&lt;lambda&gt;26]" time="0.27017831802368164"></testcase><testcase classname="src.pymortests.vectorarray" file="src/pymortests/vectorarray.py" line="850" name="test_mul[0-&lt;lambda&gt;0]" time="0.002808094024658203"></testcase><testcase classname="src.pymortests.vectorarray" file="src/pymortests/vectorarray.py" line="850" name="test_mul[0-&lt;lambda&gt;1]" time="0.001997709274291992"></testcase><testcase classname="src.pymortests.vectorarray" file="src/pymortests/vectorarray.py" line="850" name="test_mul[0-&lt;lambda&gt;2]" time="0.0020551681518554688"></testcase><testcase classname="src.pymortests.vectorarray" file="src/pymortests/vectorarray.py" line="850" name="test_mul[0-&lt;lambda&gt;3]" time="0.0022618770599365234"></testcase><testcase classname="src.pymortests.vectorarray" file="src/pymortests/vectorarray.py" line="850" name="test_mul[0-&lt;lambda&gt;4]" time="0.001941680908203125"></testcase><testcase classname="src.pymortests.vectorarray" file="src/pymortests/vectorarray.py" line="850" name="test_mul[0-&lt;lambda&gt;5]" time="0.0017499923706054688"></testcase><testcase classname="src.pymortests.vectorarray" file="src/pymortests/vectorarray.py" line="850" name="test_mul[0-&lt;lambda&gt;6]" time="0.0016894340515136719"></testcase><testcase classname="src.pymortests.vectorarray" file="src/pymortests/vectorarray.py" line="850" name="test_mul[0-&lt;lambda&gt;7]" time="0.002253293991088867"></testcase><testcase classname="src.pymortests.vectorarray" file="src/pymortests/vectorarray.py" line="850" name="test_mul[0-&lt;lambda&gt;8]" time="0.015340089797973633"></testcase><testcase classname="src.pymortests.vectorarray" file="src/pymortests/vectorarray.py" line="850" name="test_mul[0-&lt;lambda&gt;9]" time="0.03113389015197754"></testcase><testcase classname="src.pymortests.vectorarray" file="src/pymortests/vectorarray.py" line="850" name="test_mul[0-&lt;lambda&gt;10]" time="0.004029750823974609"></testcase><testcase classname="src.pymortests.vectorarray" file="src/pymortests/vectorarray.py" line="850" name="test_mul[0-&lt;lambda&gt;11]" time="0.003329038619995117"></testcase><testcase classname="src.pymortests.vectorarray" file="src/pymortests/vectorarray.py" line="850" name="test_mul[0-&lt;lambda&gt;12]" time="0.0032432079315185547"></testcase><testcase classname="src.pymortests.vectorarray" file="src/pymortests/vectorarray.py" line="850" name="test_mul[0-&lt;lambda&gt;13]" time="0.002691507339477539"></testcase><testcase classname="src.pymortests.vectorarray" file="src/pymortests/vectorarray.py" line="850" name="test_mul[0-&lt;lambda&gt;14]" time="0.003612041473388672"></testcase><testcase classname="src.pymortests.vectorarray" file="src/pymortests/vectorarray.py" line="850" name="test_mul[0-&lt;lambda&gt;15]" time="0.004289388656616211"></testcase><testcase classname="src.pymortests.vectorarray" file="src/pymortests/vectorarray.py" line="850" name="test_mul[0-&lt;lambda&gt;16]" time="0.003908395767211914"></testcase><testcase classname="src.pymortests.vectorarray" file="src/pymortests/vectorarray.py" line="850" name="test_mul[0-&lt;lambda&gt;17]" time="0.002405405044555664"></testcase><testcase classname="src.pymortests.vectorarray" file="src/pymortests/vectorarray.py" line="850" name="test_mul[0-&lt;lambda&gt;18]" time="0.00226593017578125"></testcase><testcase classname="src.pymortests.vectorarray" file="src/pymortests/vectorarray.py" line="850" name="test_mul[0-&lt;lambda&gt;19]" time="0.004620075225830078"></testcase><testcase classname="src.pymortests.vectorarray" file="src/pymortests/vectorarray.py" line="850" name="test_mul[0-&lt;lambda&gt;20]" time="0.03800344467163086"></testcase><testcase classname="src.pymortests.vectorarray" file="src/pymortests/vectorarray.py" line="850" name="test_mul[0-&lt;lambda&gt;21]" time="0.08851909637451172"></testcase><testcase classname="src.pymortests.vectorarray" file="src/pymortests/vectorarray.py" line="850" name="test_mul[0-&lt;lambda&gt;22]" time="0.0025162696838378906"></testcase><testcase classname="src.pymortests.vectorarray" file="src/pymortests/vectorarray.py" line="850" name="test_mul[0-&lt;lambda&gt;23]" time="0.0019109249114990234"></testcase><testcase classname="src.pymortests.vectorarray" file="src/pymortests/vectorarray.py" line="850" name="test_mul[0-&lt;lambda&gt;24]" time="0.015048503875732422"></testcase><testcase classname="src.pymortests.vectorarray" file="src/pymortests/vectorarray.py" line="850" name="test_mul[0-&lt;lambda&gt;25]" time="0.49076318740844727"></testcase><testcase classname="src.pymortests.vectorarray" file="src/pymortests/vectorarray.py" line="850" name="test_mul[0-&lt;lambda&gt;26]" time="1.155421257019043"></testcase><testcase classname="src.pymortests.vectorarray" file="src/pymortests/vectorarray.py" line="850" name="test_mul[1-&lt;lambda&gt;0]" time="0.0029985904693603516"></testcase><testcase classname="src.pymortests.vectorarray" file="src/pymortests/vectorarray.py" line="850" name="test_mul[1-&lt;lambda&gt;1]" time="0.0021131038665771484"></testcase><testcase classname="src.pymortests.vectorarray" file="src/pymortests/vectorarray.py" line="850" name="test_mul[1-&lt;lambda&gt;2]" time="0.002190113067626953"></testcase><testcase classname="src.pymortests.vectorarray" file="src/pymortests/vectorarray.py" line="850" name="test_mul[1-&lt;lambda&gt;3]" time="0.002359628677368164"></testcase><testcase classname="src.pymortests.vectorarray" file="src/pymortests/vectorarray.py" line="850" name="test_mul[1-&lt;lambda&gt;4]" time="0.0020792484283447266"></testcase><testcase classname="src.pymortests.vectorarray" file="src/pymortests/vectorarray.py" line="850" name="test_mul[1-&lt;lambda&gt;5]" time="0.0017256736755371094"></testcase><testcase classname="src.pymortests.vectorarray" file="src/pymortests/vectorarray.py" line="850" name="test_mul[1-&lt;lambda&gt;6]" time="0.0017485618591308594"></testcase><testcase classname="src.pymortests.vectorarray" file="src/pymortests/vectorarray.py" line="850" name="test_mul[1-&lt;lambda&gt;7]" time="0.002277851104736328"></testcase><testcase classname="src.pymortests.vectorarray" file="src/pymortests/vectorarray.py" line="850" name="test_mul[1-&lt;lambda&gt;8]" time="0.015592575073242188"></testcase><testcase classname="src.pymortests.vectorarray" file="src/pymortests/vectorarray.py" line="850" name="test_mul[1-&lt;lambda&gt;9]" time="0.03220939636230469"></testcase><testcase classname="src.pymortests.vectorarray" file="src/pymortests/vectorarray.py" line="850" name="test_mul[1-&lt;lambda&gt;10]" time="0.004029273986816406"></testcase><testcase classname="src.pymortests.vectorarray" file="src/pymortests/vectorarray.py" line="850" name="test_mul[1-&lt;lambda&gt;11]" time="0.0035429000854492188"></testcase><testcase classname="src.pymortests.vectorarray" file="src/pymortests/vectorarray.py" line="850" name="test_mul[1-&lt;lambda&gt;12]" time="0.0033655166625976562"></testcase><testcase classname="src.pymortests.vectorarray" file="src/pymortests/vectorarray.py" line="850" name="test_mul[1-&lt;lambda&gt;13]" time="0.0028154850006103516"></testcase><testcase classname="src.pymortests.vectorarray" file="src/pymortests/vectorarray.py" line="850" name="test_mul[1-&lt;lambda&gt;14]" time="0.0034334659576416016"></testcase><testcase classname="src.pymortests.vectorarray" file="src/pymortests/vectorarray.py" line="850" name="test_mul[1-&lt;lambda&gt;15]" time="0.004642963409423828"></testcase><testcase classname="src.pymortests.vectorarray" file="src/pymortests/vectorarray.py" line="850" name="test_mul[1-&lt;lambda&gt;16]" time="0.004095315933227539"></testcase><testcase classname="src.pymortests.vectorarray" file="src/pymortests/vectorarray.py" line="850" name="test_mul[1-&lt;lambda&gt;17]" time="0.002504110336303711"></testcase><testcase classname="src.pymortests.vectorarray" file="src/pymortests/vectorarray.py" line="850" name="test_mul[1-&lt;lambda&gt;18]" time="0.0023233890533447266"></testcase><testcase classname="src.pymortests.vectorarray" file="src/pymortests/vectorarray.py" line="850" name="test_mul[1-&lt;lambda&gt;19]" time="0.004606008529663086"></testcase><testcase classname="src.pymortests.vectorarray" file="src/pymortests/vectorarray.py" line="850" name="test_mul[1-&lt;lambda&gt;20]" time="0.03816723823547363"></testcase><testcase classname="src.pymortests.vectorarray" file="src/pymortests/vectorarray.py" line="850" name="test_mul[1-&lt;lambda&gt;21]" time="0.08643627166748047"></testcase><testcase classname="src.pymortests.vectorarray" file="src/pymortests/vectorarray.py" line="850" name="test_mul[1-&lt;lambda&gt;22]" time="0.0024271011352539062"></testcase><testcase classname="src.pymortests.vectorarray" file="src/pymortests/vectorarray.py" line="850" name="test_mul[1-&lt;lambda&gt;23]" time="0.001767873764038086"></testcase><testcase classname="src.pymortests.vectorarray" file="src/pymortests/vectorarray.py" line="850" name="test_mul[1-&lt;lambda&gt;24]" time="0.014638662338256836"></testcase><testcase classname="src.pymortests.vectorarray" file="src/pymortests/vectorarray.py" line="850" name="test_mul[1-&lt;lambda&gt;25]" time="0.4878532886505127"></testcase><testcase classname="src.pymortests.vectorarray" file="src/pymortests/vectorarray.py" line="850" name="test_mul[1-&lt;lambda&gt;26]" time="1.1579058170318604"></testcase><testcase classname="src.pymortests.vectorarray" file="src/pymortests/vectorarray.py" line="850" name="test_mul[2-&lt;lambda&gt;0]" time="0.0029036998748779297"></testcase><testcase classname="src.pymortests.vectorarray" file="src/pymortests/vectorarray.py" line="850" name="test_mul[2-&lt;lambda&gt;1]" time="0.0021016597747802734"></testcase><testcase classname="src.pymortests.vectorarray" file="src/pymortests/vectorarray.py" line="850" name="test_mul[2-&lt;lambda&gt;2]" time="0.0020904541015625"></testcase><testcase classname="src.pymortests.vectorarray" file="src/pymortests/vectorarray.py" line="850" name="test_mul[2-&lt;lambda&gt;3]" time="0.0022325515747070312"></testcase><testcase classname="src.pymortests.vectorarray" file="src/pymortests/vectorarray.py" line="850" name="test_mul[2-&lt;lambda&gt;4]" time="0.0019872188568115234"></testcase><testcase classname="src.pymortests.vectorarray" file="src/pymortests/vectorarray.py" line="850" name="test_mul[2-&lt;lambda&gt;5]" time="0.0017228126525878906"></testcase><testcase classname="src.pymortests.vectorarray" file="src/pymortests/vectorarray.py" line="850" name="test_mul[2-&lt;lambda&gt;6]" time="0.0017001628875732422"></testcase><testcase classname="src.pymortests.vectorarray" file="src/pymortests/vectorarray.py" line="850" name="test_mul[2-&lt;lambda&gt;7]" time="0.0022978782653808594"></testcase><testcase classname="src.pymortests.vectorarray" file="src/pymortests/vectorarray.py" line="850" name="test_mul[2-&lt;lambda&gt;8]" time="0.015370845794677734"></testcase><testcase classname="src.pymortests.vectorarray" file="src/pymortests/vectorarray.py" line="850" name="test_mul[2-&lt;lambda&gt;9]" time="0.03154420852661133"></testcase><testcase classname="src.pymortests.vectorarray" file="src/pymortests/vectorarray.py" line="850" name="test_mul[2-&lt;lambda&gt;10]" time="0.00397944450378418"></testcase><testcase classname="src.pymortests.vectorarray" file="src/pymortests/vectorarray.py" line="850" name="test_mul[2-&lt;lambda&gt;11]" time="0.0034418106079101562"></testcase><testcase classname="src.pymortests.vectorarray" file="src/pymortests/vectorarray.py" line="850" name="test_mul[2-&lt;lambda&gt;12]" time="0.003226757049560547"></testcase><testcase classname="src.pymortests.vectorarray" file="src/pymortests/vectorarray.py" line="850" name="test_mul[2-&lt;lambda&gt;13]" time="0.0026047229766845703"></testcase><testcase classname="src.pymortests.vectorarray" file="src/pymortests/vectorarray.py" line="850" name="test_mul[2-&lt;lambda&gt;14]" time="0.003603696823120117"></testcase><testcase classname="src.pymortests.vectorarray" file="src/pymortests/vectorarray.py" line="850" name="test_mul[2-&lt;lambda&gt;15]" time="0.004092216491699219"></testcase><testcase classname="src.pymortests.vectorarray" file="src/pymortests/vectorarray.py" line="850" name="test_mul[2-&lt;lambda&gt;16]" time="0.003895282745361328"></testcase><testcase classname="src.pymortests.vectorarray" file="src/pymortests/vectorarray.py" line="850" name="test_mul[2-&lt;lambda&gt;17]" time="0.0023088455200195312"></testcase><testcase classname="src.pymortests.vectorarray" file="src/pymortests/vectorarray.py" line="850" name="test_mul[2-&lt;lambda&gt;18]" time="0.0020830631256103516"></testcase><testcase classname="src.pymortests.vectorarray" file="src/pymortests/vectorarray.py" line="850" name="test_mul[2-&lt;lambda&gt;19]" time="0.004331350326538086"></testcase><testcase classname="src.pymortests.vectorarray" file="src/pymortests/vectorarray.py" line="850" name="test_mul[2-&lt;lambda&gt;20]" time="0.0360264778137207"></testcase><testcase classname="src.pymortests.vectorarray" file="src/pymortests/vectorarray.py" line="850" name="test_mul[2-&lt;lambda&gt;21]" time="0.08636903762817383"></testcase><testcase classname="src.pymortests.vectorarray" file="src/pymortests/vectorarray.py" line="850" name="test_mul[2-&lt;lambda&gt;22]" time="0.0025169849395751953"></testcase><testcase classname="src.pymortests.vectorarray" file="src/pymortests/vectorarray.py" line="850" name="test_mul[2-&lt;lambda&gt;23]" time="0.001811981201171875"></testcase><testcase classname="src.pymortests.vectorarray" file="src/pymortests/vectorarray.py" line="850" name="test_mul[2-&lt;lambda&gt;24]" time="0.014276266098022461"></testcase><testcase classname="src.pymortests.vectorarray" file="src/pymortests/vectorarray.py" line="850" name="test_mul[2-&lt;lambda&gt;25]" time="0.4892997741699219"></testcase><testcase classname="src.pymortests.vectorarray" file="src/pymortests/vectorarray.py" line="850" name="test_mul[2-&lt;lambda&gt;26]" time="1.1516988277435303"></testcase><testcase classname="src.pymortests.vectorarray" file="src/pymortests/vectorarray.py" line="860" name="test_mul_wrong_factor[0-&lt;lambda&gt;0]" time="0.0017843246459960938"></testcase><testcase classname="src.pymortests.vectorarray" file="src/pymortests/vectorarray.py" line="860" name="test_mul_wrong_factor[0-&lt;lambda&gt;1]" time="0.0012230873107910156"></testcase><testcase classname="src.pymortests.vectorarray" file="src/pymortests/vectorarray.py" line="860" name="test_mul_wrong_factor[0-&lt;lambda&gt;2]" time="0.0011377334594726562"></testcase><testcase classname="src.pymortests.vectorarray" file="src/pymortests/vectorarray.py" line="860" name="test_mul_wrong_factor[0-&lt;lambda&gt;3]" time="0.0011997222900390625"></testcase><testcase classname="src.pymortests.vectorarray" file="src/pymortests/vectorarray.py" line="860" name="test_mul_wrong_factor[0-&lt;lambda&gt;4]" time="0.001071929931640625"></testcase><testcase classname="src.pymortests.vectorarray" file="src/pymortests/vectorarray.py" line="860" name="test_mul_wrong_factor[0-&lt;lambda&gt;5]" time="0.0011849403381347656"></testcase><testcase classname="src.pymortests.vectorarray" file="src/pymortests/vectorarray.py" line="860" name="test_mul_wrong_factor[0-&lt;lambda&gt;6]" time="0.0011641979217529297"></testcase><testcase classname="src.pymortests.vectorarray" file="src/pymortests/vectorarray.py" line="860" name="test_mul_wrong_factor[0-&lt;lambda&gt;7]" time="0.001186370849609375"></testcase><testcase classname="src.pymortests.vectorarray" file="src/pymortests/vectorarray.py" line="860" name="test_mul_wrong_factor[0-&lt;lambda&gt;8]" time="0.0014553070068359375"></testcase><testcase classname="src.pymortests.vectorarray" file="src/pymortests/vectorarray.py" line="860" name="test_mul_wrong_factor[0-&lt;lambda&gt;9]" time="0.0020465850830078125"></testcase><testcase classname="src.pymortests.vectorarray" file="src/pymortests/vectorarray.py" line="860" name="test_mul_wrong_factor[0-&lt;lambda&gt;10]" time="0.0012736320495605469"></testcase><testcase classname="src.pymortests.vectorarray" file="src/pymortests/vectorarray.py" line="860" name="test_mul_wrong_factor[0-&lt;lambda&gt;11]" time="0.0012664794921875"></testcase><testcase classname="src.pymortests.vectorarray" file="src/pymortests/vectorarray.py" line="860" name="test_mul_wrong_factor[0-&lt;lambda&gt;12]" time="0.0012161731719970703"></testcase><testcase classname="src.pymortests.vectorarray" file="src/pymortests/vectorarray.py" line="860" name="test_mul_wrong_factor[0-&lt;lambda&gt;13]" time="0.0011827945709228516"></testcase><testcase classname="src.pymortests.vectorarray" file="src/pymortests/vectorarray.py" line="860" name="test_mul_wrong_factor[0-&lt;lambda&gt;14]" time="0.0012736320495605469"></testcase><testcase classname="src.pymortests.vectorarray" file="src/pymortests/vectorarray.py" line="860" name="test_mul_wrong_factor[0-&lt;lambda&gt;15]" time="0.001279592514038086"></testcase><testcase classname="src.pymortests.vectorarray" file="src/pymortests/vectorarray.py" line="860" name="test_mul_wrong_factor[0-&lt;lambda&gt;16]" time="0.0012133121490478516"></testcase><testcase classname="src.pymortests.vectorarray" file="src/pymortests/vectorarray.py" line="860" name="test_mul_wrong_factor[0-&lt;lambda&gt;17]" time="0.0015270709991455078"></testcase><testcase classname="src.pymortests.vectorarray" file="src/pymortests/vectorarray.py" line="860" name="test_mul_wrong_factor[0-&lt;lambda&gt;18]" time="0.0015366077423095703"></testcase><testcase classname="src.pymortests.vectorarray" file="src/pymortests/vectorarray.py" line="860" name="test_mul_wrong_factor[0-&lt;lambda&gt;19]" time="0.0024497509002685547"></testcase><testcase classname="src.pymortests.vectorarray" file="src/pymortests/vectorarray.py" line="860" name="test_mul_wrong_factor[0-&lt;lambda&gt;20]" time="0.008869171142578125"></testcase><testcase classname="src.pymortests.vectorarray" file="src/pymortests/vectorarray.py" line="860" name="test_mul_wrong_factor[0-&lt;lambda&gt;21]" time="0.018759727478027344"></testcase><testcase classname="src.pymortests.vectorarray" file="src/pymortests/vectorarray.py" line="860" name="test_mul_wrong_factor[0-&lt;lambda&gt;22]" time="0.001657247543334961"></testcase><testcase classname="src.pymortests.vectorarray" file="src/pymortests/vectorarray.py" line="860" name="test_mul_wrong_factor[0-&lt;lambda&gt;23]" time="0.0011568069458007812"></testcase><testcase classname="src.pymortests.vectorarray" file="src/pymortests/vectorarray.py" line="860" name="test_mul_wrong_factor[0-&lt;lambda&gt;24]" time="0.002192258834838867"></testcase><testcase classname="src.pymortests.vectorarray" file="src/pymortests/vectorarray.py" line="860" name="test_mul_wrong_factor[0-&lt;lambda&gt;25]" time="0.023601055145263672"></testcase><testcase classname="src.pymortests.vectorarray" file="src/pymortests/vectorarray.py" line="860" name="test_mul_wrong_factor[0-&lt;lambda&gt;26]" time="0.05479001998901367"></testcase><testcase classname="src.pymortests.vectorarray" file="src/pymortests/vectorarray.py" line="860" name="test_mul_wrong_factor[1-&lt;lambda&gt;0]" time="0.0017414093017578125"></testcase><testcase classname="src.pymortests.vectorarray" file="src/pymortests/vectorarray.py" line="860" name="test_mul_wrong_factor[1-&lt;lambda&gt;1]" time="0.001344442367553711"></testcase><testcase classname="src.pymortests.vectorarray" file="src/pymortests/vectorarray.py" line="860" name="test_mul_wrong_factor[1-&lt;lambda&gt;2]" time="0.0012269020080566406"></testcase><testcase classname="src.pymortests.vectorarray" file="src/pymortests/vectorarray.py" line="860" name="test_mul_wrong_factor[1-&lt;lambda&gt;3]" time="0.0012438297271728516"></testcase><testcase classname="src.pymortests.vectorarray" file="src/pymortests/vectorarray.py" line="860" name="test_mul_wrong_factor[1-&lt;lambda&gt;4]" time="0.001161813735961914"></testcase><testcase classname="src.pymortests.vectorarray" file="src/pymortests/vectorarray.py" line="860" name="test_mul_wrong_factor[1-&lt;lambda&gt;5]" time="0.0011942386627197266"></testcase><testcase classname="src.pymortests.vectorarray" file="src/pymortests/vectorarray.py" line="860" name="test_mul_wrong_factor[1-&lt;lambda&gt;6]" time="0.0012240409851074219"></testcase><testcase classname="src.pymortests.vectorarray" file="src/pymortests/vectorarray.py" line="860" name="test_mul_wrong_factor[1-&lt;lambda&gt;7]" time="0.001222372055053711"></testcase><testcase classname="src.pymortests.vectorarray" file="src/pymortests/vectorarray.py" line="860" name="test_mul_wrong_factor[1-&lt;lambda&gt;8]" time="0.0015113353729248047"></testcase><testcase classname="src.pymortests.vectorarray" file="src/pymortests/vectorarray.py" line="860" name="test_mul_wrong_factor[1-&lt;lambda&gt;9]" time="0.002180337905883789"></testcase><testcase classname="src.pymortests.vectorarray" file="src/pymortests/vectorarray.py" line="860" name="test_mul_wrong_factor[1-&lt;lambda&gt;10]" time="0.0013418197631835938"></testcase><testcase classname="src.pymortests.vectorarray" file="src/pymortests/vectorarray.py" line="860" name="test_mul_wrong_factor[1-&lt;lambda&gt;11]" time="0.0013532638549804688"></testcase><testcase classname="src.pymortests.vectorarray" file="src/pymortests/vectorarray.py" line="860" name="test_mul_wrong_factor[1-&lt;lambda&gt;12]" time="0.0013089179992675781"></testcase><testcase classname="src.pymortests.vectorarray" file="src/pymortests/vectorarray.py" line="860" name="test_mul_wrong_factor[1-&lt;lambda&gt;13]" time="0.0012547969818115234"></testcase><testcase classname="src.pymortests.vectorarray" file="src/pymortests/vectorarray.py" line="860" name="test_mul_wrong_factor[1-&lt;lambda&gt;14]" time="0.0013041496276855469"></testcase><testcase classname="src.pymortests.vectorarray" file="src/pymortests/vectorarray.py" line="860" name="test_mul_wrong_factor[1-&lt;lambda&gt;15]" time="0.0013935565948486328"></testcase><testcase classname="src.pymortests.vectorarray" file="src/pymortests/vectorarray.py" line="860" name="test_mul_wrong_factor[1-&lt;lambda&gt;16]" time="0.0013730525970458984"></testcase><testcase classname="src.pymortests.vectorarray" file="src/pymortests/vectorarray.py" line="860" name="test_mul_wrong_factor[1-&lt;lambda&gt;17]" time="0.0016384124755859375"></testcase><testcase classname="src.pymortests.vectorarray" file="src/pymortests/vectorarray.py" line="860" name="test_mul_wrong_factor[1-&lt;lambda&gt;18]" time="0.0015473365783691406"></testcase><testcase classname="src.pymortests.vectorarray" file="src/pymortests/vectorarray.py" line="860" name="test_mul_wrong_factor[1-&lt;lambda&gt;19]" time="0.0024924278259277344"></testcase><testcase classname="src.pymortests.vectorarray" file="src/pymortests/vectorarray.py" line="860" name="test_mul_wrong_factor[1-&lt;lambda&gt;20]" time="0.009057760238647461"></testcase><testcase classname="src.pymortests.vectorarray" file="src/pymortests/vectorarray.py" line="860" name="test_mul_wrong_factor[1-&lt;lambda&gt;21]" time="0.0196988582611084"></testcase><testcase classname="src.pymortests.vectorarray" file="src/pymortests/vectorarray.py" line="860" name="test_mul_wrong_factor[1-&lt;lambda&gt;22]" time="0.0017123222351074219"></testcase><testcase classname="src.pymortests.vectorarray" file="src/pymortests/vectorarray.py" line="860" name="test_mul_wrong_factor[1-&lt;lambda&gt;23]" time="0.0011878013610839844"></testcase><testcase classname="src.pymortests.vectorarray" file="src/pymortests/vectorarray.py" line="860" name="test_mul_wrong_factor[1-&lt;lambda&gt;24]" time="0.0021140575408935547"></testcase><testcase classname="src.pymortests.vectorarray" file="src/pymortests/vectorarray.py" line="860" name="test_mul_wrong_factor[1-&lt;lambda&gt;25]" time="0.02342057228088379"></testcase><testcase classname="src.pymortests.vectorarray" file="src/pymortests/vectorarray.py" line="860" name="test_mul_wrong_factor[1-&lt;lambda&gt;26]" time="0.05390501022338867"></testcase><testcase classname="src.pymortests.vectorarray" file="src/pymortests/vectorarray.py" line="860" name="test_mul_wrong_factor[2-&lt;lambda&gt;0]" time="0.0017817020416259766"></testcase><testcase classname="src.pymortests.vectorarray" file="src/pymortests/vectorarray.py" line="860" name="test_mul_wrong_factor[2-&lt;lambda&gt;1]" time="0.0012640953063964844"></testcase><testcase classname="src.pymortests.vectorarray" file="src/pymortests/vectorarray.py" line="860" name="test_mul_wrong_factor[2-&lt;lambda&gt;2]" time="0.0011899471282958984"></testcase><testcase classname="src.pymortests.vectorarray" file="src/pymortests/vectorarray.py" line="860" name="test_mul_wrong_factor[2-&lt;lambda&gt;3]" time="0.0011692047119140625"></testcase><testcase classname="src.pymortests.vectorarray" file="src/pymortests/vectorarray.py" line="860" name="test_mul_wrong_factor[2-&lt;lambda&gt;4]" time="0.0011391639709472656"></testcase><testcase classname="src.pymortests.vectorarray" file="src/pymortests/vectorarray.py" line="860" name="test_mul_wrong_factor[2-&lt;lambda&gt;5]" time="0.0011501312255859375"></testcase><testcase classname="src.pymortests.vectorarray" file="src/pymortests/vectorarray.py" line="860" name="test_mul_wrong_factor[2-&lt;lambda&gt;6]" time="0.0011358261108398438"></testcase><testcase classname="src.pymortests.vectorarray" file="src/pymortests/vectorarray.py" line="860" name="test_mul_wrong_factor[2-&lt;lambda&gt;7]" time="0.0011551380157470703"></testcase><testcase classname="src.pymortests.vectorarray" file="src/pymortests/vectorarray.py" line="860" name="test_mul_wrong_factor[2-&lt;lambda&gt;8]" time="0.0016176700592041016"></testcase><testcase classname="src.pymortests.vectorarray" file="src/pymortests/vectorarray.py" line="860" name="test_mul_wrong_factor[2-&lt;lambda&gt;9]" time="0.0023746490478515625"></testcase><testcase classname="src.pymortests.vectorarray" file="src/pymortests/vectorarray.py" line="860" name="test_mul_wrong_factor[2-&lt;lambda&gt;10]" time="0.0013718605041503906"></testcase><testcase classname="src.pymortests.vectorarray" file="src/pymortests/vectorarray.py" line="860" name="test_mul_wrong_factor[2-&lt;lambda&gt;11]" time="0.0013914108276367188"></testcase><testcase classname="src.pymortests.vectorarray" file="src/pymortests/vectorarray.py" line="860" name="test_mul_wrong_factor[2-&lt;lambda&gt;12]" time="0.0013096332550048828"></testcase><testcase classname="src.pymortests.vectorarray" file="src/pymortests/vectorarray.py" line="860" name="test_mul_wrong_factor[2-&lt;lambda&gt;13]" time="0.0012862682342529297"></testcase><testcase classname="src.pymortests.vectorarray" file="src/pymortests/vectorarray.py" line="860" name="test_mul_wrong_factor[2-&lt;lambda&gt;14]" time="0.001293182373046875"></testcase><testcase classname="src.pymortests.vectorarray" file="src/pymortests/vectorarray.py" line="860" name="test_mul_wrong_factor[2-&lt;lambda&gt;15]" time="0.0013766288757324219"></testcase><testcase classname="src.pymortests.vectorarray" file="src/pymortests/vectorarray.py" line="860" name="test_mul_wrong_factor[2-&lt;lambda&gt;16]" time="0.0013921260833740234"></testcase><testcase classname="src.pymortests.vectorarray" file="src/pymortests/vectorarray.py" line="860" name="test_mul_wrong_factor[2-&lt;lambda&gt;17]" time="0.0017147064208984375"></testcase><testcase classname="src.pymortests.vectorarray" file="src/pymortests/vectorarray.py" line="860" name="test_mul_wrong_factor[2-&lt;lambda&gt;18]" time="0.0015902519226074219"></testcase><testcase classname="src.pymortests.vectorarray" file="src/pymortests/vectorarray.py" line="860" name="test_mul_wrong_factor[2-&lt;lambda&gt;19]" time="0.002385854721069336"></testcase><testcase classname="src.pymortests.vectorarray" file="src/pymortests/vectorarray.py" line="860" name="test_mul_wrong_factor[2-&lt;lambda&gt;20]" time="0.009091854095458984"></testcase><testcase classname="src.pymortests.vectorarray" file="src/pymortests/vectorarray.py" line="860" name="test_mul_wrong_factor[2-&lt;lambda&gt;21]" time="0.01936626434326172"></testcase><testcase classname="src.pymortests.vectorarray" file="src/pymortests/vectorarray.py" line="860" name="test_mul_wrong_factor[2-&lt;lambda&gt;22]" time="0.00173187255859375"></testcase><testcase classname="src.pymortests.vectorarray" file="src/pymortests/vectorarray.py" line="860" name="test_mul_wrong_factor[2-&lt;lambda&gt;23]" time="0.0012974739074707031"></testcase><testcase classname="src.pymortests.vectorarray" file="src/pymortests/vectorarray.py" line="860" name="test_mul_wrong_factor[2-&lt;lambda&gt;24]" time="0.0022661685943603516"></testcase><testcase classname="src.pymortests.vectorarray" file="src/pymortests/vectorarray.py" line="860" name="test_mul_wrong_factor[2-&lt;lambda&gt;25]" time="0.024252891540527344"></testcase><testcase classname="src.pymortests.vectorarray" file="src/pymortests/vectorarray.py" line="860" name="test_mul_wrong_factor[2-&lt;lambda&gt;26]" time="0.05569171905517578"></testcase><testcase classname="src.pymortests.vectorarray" file="src/pymortests/vectorarray.py" line="866" name="test_rmul[0-&lt;lambda&gt;0]" time="0.003071308135986328"></testcase><testcase classname="src.pymortests.vectorarray" file="src/pymortests/vectorarray.py" line="866" name="test_rmul[0-&lt;lambda&gt;1]" time="0.002167224884033203"></testcase><testcase classname="src.pymortests.vectorarray" file="src/pymortests/vectorarray.py" line="866" name="test_rmul[0-&lt;lambda&gt;2]" time="0.002061605453491211"></testcase><testcase classname="src.pymortests.vectorarray" file="src/pymortests/vectorarray.py" line="866" name="test_rmul[0-&lt;lambda&gt;3]" time="0.0021750926971435547"></testcase><testcase classname="src.pymortests.vectorarray" file="src/pymortests/vectorarray.py" line="866" name="test_rmul[0-&lt;lambda&gt;4]" time="0.0020074844360351562"></testcase><testcase classname="src.pymortests.vectorarray" file="src/pymortests/vectorarray.py" line="866" name="test_rmul[0-&lt;lambda&gt;5]" time="0.0016834735870361328"></testcase><testcase classname="src.pymortests.vectorarray" file="src/pymortests/vectorarray.py" line="866" name="test_rmul[0-&lt;lambda&gt;6]" time="0.001644134521484375"></testcase><testcase classname="src.pymortests.vectorarray" file="src/pymortests/vectorarray.py" line="866" name="test_rmul[0-&lt;lambda&gt;7]" time="0.0021944046020507812"></testcase><testcase classname="src.pymortests.vectorarray" file="src/pymortests/vectorarray.py" line="866" name="test_rmul[0-&lt;lambda&gt;8]" time="0.015395879745483398"></testcase><testcase classname="src.pymortests.vectorarray" file="src/pymortests/vectorarray.py" line="866" name="test_rmul[0-&lt;lambda&gt;9]" time="0.031639814376831055"></testcase><testcase classname="src.pymortests.vectorarray" file="src/pymortests/vectorarray.py" line="866" name="test_rmul[0-&lt;lambda&gt;10]" time="0.004106044769287109"></testcase><testcase classname="src.pymortests.vectorarray" file="src/pymortests/vectorarray.py" line="866" name="test_rmul[0-&lt;lambda&gt;11]" time="0.0034618377685546875"></testcase><testcase classname="src.pymortests.vectorarray" file="src/pymortests/vectorarray.py" line="866" name="test_rmul[0-&lt;lambda&gt;12]" time="0.0032508373260498047"></testcase><testcase classname="src.pymortests.vectorarray" file="src/pymortests/vectorarray.py" line="866" name="test_rmul[0-&lt;lambda&gt;13]" time="0.0026564598083496094"></testcase><testcase classname="src.pymortests.vectorarray" file="src/pymortests/vectorarray.py" line="866" name="test_rmul[0-&lt;lambda&gt;14]" time="0.0036017894744873047"></testcase><testcase classname="src.pymortests.vectorarray" file="src/pymortests/vectorarray.py" line="866" name="test_rmul[0-&lt;lambda&gt;15]" time="0.0045032501220703125"></testcase><testcase classname="src.pymortests.vectorarray" file="src/pymortests/vectorarray.py" line="866" name="test_rmul[0-&lt;lambda&gt;16]" time="0.004002571105957031"></testcase><testcase classname="src.pymortests.vectorarray" file="src/pymortests/vectorarray.py" line="866" name="test_rmul[0-&lt;lambda&gt;17]" time="0.0023348331451416016"></testcase><testcase classname="src.pymortests.vectorarray" file="src/pymortests/vectorarray.py" line="866" name="test_rmul[0-&lt;lambda&gt;18]" time="0.0021429061889648438"></testcase><testcase classname="src.pymortests.vectorarray" file="src/pymortests/vectorarray.py" line="866" name="test_rmul[0-&lt;lambda&gt;19]" time="0.004709005355834961"></testcase><testcase classname="src.pymortests.vectorarray" file="src/pymortests/vectorarray.py" line="866" name="test_rmul[0-&lt;lambda&gt;20]" time="0.03544187545776367"></testcase><testcase classname="src.pymortests.vectorarray" file="src/pymortests/vectorarray.py" line="866" name="test_rmul[0-&lt;lambda&gt;21]" time="0.08723592758178711"></testcase><testcase classname="src.pymortests.vectorarray" file="src/pymortests/vectorarray.py" line="866" name="test_rmul[0-&lt;lambda&gt;22]" time="0.0024957656860351562"></testcase><testcase classname="src.pymortests.vectorarray" file="src/pymortests/vectorarray.py" line="866" name="test_rmul[0-&lt;lambda&gt;23]" time="0.001775503158569336"></testcase><testcase classname="src.pymortests.vectorarray" file="src/pymortests/vectorarray.py" line="866" name="test_rmul[0-&lt;lambda&gt;24]" time="0.01456141471862793"></testcase><testcase classname="src.pymortests.vectorarray" file="src/pymortests/vectorarray.py" line="866" name="test_rmul[0-&lt;lambda&gt;25]" time="0.4879324436187744"></testcase><testcase classname="src.pymortests.vectorarray" file="src/pymortests/vectorarray.py" line="866" name="test_rmul[0-&lt;lambda&gt;26]" time="1.1554124355316162"></testcase><testcase classname="src.pymortests.vectorarray" file="src/pymortests/vectorarray.py" line="866" name="test_rmul[1-&lt;lambda&gt;0]" time="0.0030684471130371094"></testcase><testcase classname="src.pymortests.vectorarray" file="src/pymortests/vectorarray.py" line="866" name="test_rmul[1-&lt;lambda&gt;1]" time="0.0022852420806884766"></testcase><testcase classname="src.pymortests.vectorarray" file="src/pymortests/vectorarray.py" line="866" name="test_rmul[1-&lt;lambda&gt;2]" time="0.0021202564239501953"></testcase><testcase classname="src.pymortests.vectorarray" file="src/pymortests/vectorarray.py" line="866" name="test_rmul[1-&lt;lambda&gt;3]" time="0.0024080276489257812"></testcase><testcase classname="src.pymortests.vectorarray" file="src/pymortests/vectorarray.py" line="866" name="test_rmul[1-&lt;lambda&gt;4]" time="0.002239227294921875"></testcase><testcase classname="src.pymortests.vectorarray" file="src/pymortests/vectorarray.py" line="866" name="test_rmul[1-&lt;lambda&gt;5]" time="0.0017728805541992188"></testcase><testcase classname="src.pymortests.vectorarray" file="src/pymortests/vectorarray.py" line="866" name="test_rmul[1-&lt;lambda&gt;6]" time="0.0017130374908447266"></testcase><testcase classname="src.pymortests.vectorarray" file="src/pymortests/vectorarray.py" line="866" name="test_rmul[1-&lt;lambda&gt;7]" time="0.0023314952850341797"></testcase><testcase classname="src.pymortests.vectorarray" file="src/pymortests/vectorarray.py" line="866" name="test_rmul[1-&lt;lambda&gt;8]" time="0.015612125396728516"></testcase><testcase classname="src.pymortests.vectorarray" file="src/pymortests/vectorarray.py" line="866" name="test_rmul[1-&lt;lambda&gt;9]" time="0.03151202201843262"></testcase><testcase classname="src.pymortests.vectorarray" file="src/pymortests/vectorarray.py" line="866" name="test_rmul[1-&lt;lambda&gt;10]" time="0.00400543212890625"></testcase><testcase classname="src.pymortests.vectorarray" file="src/pymortests/vectorarray.py" line="866" name="test_rmul[1-&lt;lambda&gt;11]" time="0.0035429000854492188"></testcase><testcase classname="src.pymortests.vectorarray" file="src/pymortests/vectorarray.py" line="866" name="test_rmul[1-&lt;lambda&gt;12]" time="0.0033614635467529297"></testcase><testcase classname="src.pymortests.vectorarray" file="src/pymortests/vectorarray.py" line="866" name="test_rmul[1-&lt;lambda&gt;13]" time="0.0028395652770996094"></testcase><testcase classname="src.pymortests.vectorarray" file="src/pymortests/vectorarray.py" line="866" name="test_rmul[1-&lt;lambda&gt;14]" time="0.0033769607543945312"></testcase><testcase classname="src.pymortests.vectorarray" file="src/pymortests/vectorarray.py" line="866" name="test_rmul[1-&lt;lambda&gt;15]" time="0.004254341125488281"></testcase><testcase classname="src.pymortests.vectorarray" file="src/pymortests/vectorarray.py" line="866" name="test_rmul[1-&lt;lambda&gt;16]" time="0.004101991653442383"></testcase><testcase classname="src.pymortests.vectorarray" file="src/pymortests/vectorarray.py" line="866" name="test_rmul[1-&lt;lambda&gt;17]" time="0.002479076385498047"></testcase><testcase classname="src.pymortests.vectorarray" file="src/pymortests/vectorarray.py" line="866" name="test_rmul[1-&lt;lambda&gt;18]" time="0.0022504329681396484"></testcase><testcase classname="src.pymortests.vectorarray" file="src/pymortests/vectorarray.py" line="866" name="test_rmul[1-&lt;lambda&gt;19]" time="0.004858255386352539"></testcase><testcase classname="src.pymortests.vectorarray" file="src/pymortests/vectorarray.py" line="866" name="test_rmul[1-&lt;lambda&gt;20]" time="0.03724861145019531"></testcase><testcase classname="src.pymortests.vectorarray" file="src/pymortests/vectorarray.py" line="866" name="test_rmul[1-&lt;lambda&gt;21]" time="0.08705687522888184"></testcase><testcase classname="src.pymortests.vectorarray" file="src/pymortests/vectorarray.py" line="866" name="test_rmul[1-&lt;lambda&gt;22]" time="0.0025491714477539062"></testcase><testcase classname="src.pymortests.vectorarray" file="src/pymortests/vectorarray.py" line="866" name="test_rmul[1-&lt;lambda&gt;23]" time="0.0018508434295654297"></testcase><testcase classname="src.pymortests.vectorarray" file="src/pymortests/vectorarray.py" line="866" name="test_rmul[1-&lt;lambda&gt;24]" time="0.014701604843139648"></testcase><testcase classname="src.pymortests.vectorarray" file="src/pymortests/vectorarray.py" line="866" name="test_rmul[1-&lt;lambda&gt;25]" time="0.48891234397888184"></testcase><testcase classname="src.pymortests.vectorarray" file="src/pymortests/vectorarray.py" line="866" name="test_rmul[1-&lt;lambda&gt;26]" time="1.149585485458374"></testcase><testcase classname="src.pymortests.vectorarray" file="src/pymortests/vectorarray.py" line="866" name="test_rmul[2-&lt;lambda&gt;0]" time="0.003084897994995117"></testcase><testcase classname="src.pymortests.vectorarray" file="src/pymortests/vectorarray.py" line="866" name="test_rmul[2-&lt;lambda&gt;1]" time="0.002135038375854492"></testcase><testcase classname="src.pymortests.vectorarray" file="src/pymortests/vectorarray.py" line="866" name="test_rmul[2-&lt;lambda&gt;2]" time="0.0020143985748291016"></testcase><testcase classname="src.pymortests.vectorarray" file="src/pymortests/vectorarray.py" line="866" name="test_rmul[2-&lt;lambda&gt;3]" time="0.0021665096282958984"></testcase><testcase classname="src.pymortests.vectorarray" file="src/pymortests/vectorarray.py" line="866" name="test_rmul[2-&lt;lambda&gt;4]" time="0.002030611038208008"></testcase><testcase classname="src.pymortests.vectorarray" file="src/pymortests/vectorarray.py" line="866" name="test_rmul[2-&lt;lambda&gt;5]" time="0.0017330646514892578"></testcase><testcase classname="src.pymortests.vectorarray" file="src/pymortests/vectorarray.py" line="866" name="test_rmul[2-&lt;lambda&gt;6]" time="0.0016841888427734375"></testcase><testcase classname="src.pymortests.vectorarray" file="src/pymortests/vectorarray.py" line="866" name="test_rmul[2-&lt;lambda&gt;7]" time="0.002316713333129883"></testcase><testcase classname="src.pymortests.vectorarray" file="src/pymortests/vectorarray.py" line="866" name="test_rmul[2-&lt;lambda&gt;8]" time="0.015759944915771484"></testcase><testcase classname="src.pymortests.vectorarray" file="src/pymortests/vectorarray.py" line="866" name="test_rmul[2-&lt;lambda&gt;9]" time="0.03192281723022461"></testcase><testcase classname="src.pymortests.vectorarray" file="src/pymortests/vectorarray.py" line="866" name="test_rmul[2-&lt;lambda&gt;10]" time="0.004075765609741211"></testcase><testcase classname="src.pymortests.vectorarray" file="src/pymortests/vectorarray.py" line="866" name="test_rmul[2-&lt;lambda&gt;11]" time="0.003582477569580078"></testcase><testcase classname="src.pymortests.vectorarray" file="src/pymortests/vectorarray.py" line="866" name="test_rmul[2-&lt;lambda&gt;12]" time="0.003515005111694336"></testcase><testcase classname="src.pymortests.vectorarray" file="src/pymortests/vectorarray.py" line="866" name="test_rmul[2-&lt;lambda&gt;13]" time="0.002747774124145508"></testcase><testcase classname="src.pymortests.vectorarray" file="src/pymortests/vectorarray.py" line="866" name="test_rmul[2-&lt;lambda&gt;14]" time="0.003437519073486328"></testcase><testcase classname="src.pymortests.vectorarray" file="src/pymortests/vectorarray.py" line="866" name="test_rmul[2-&lt;lambda&gt;15]" time="0.004636526107788086"></testcase><testcase classname="src.pymortests.vectorarray" file="src/pymortests/vectorarray.py" line="866" name="test_rmul[2-&lt;lambda&gt;16]" time="0.003949165344238281"></testcase><testcase classname="src.pymortests.vectorarray" file="src/pymortests/vectorarray.py" line="866" name="test_rmul[2-&lt;lambda&gt;17]" time="0.0022766590118408203"></testcase><testcase classname="src.pymortests.vectorarray" file="src/pymortests/vectorarray.py" line="866" name="test_rmul[2-&lt;lambda&gt;18]" time="0.0021872520446777344"></testcase><testcase classname="src.pymortests.vectorarray" file="src/pymortests/vectorarray.py" line="866" name="test_rmul[2-&lt;lambda&gt;19]" time="0.004732370376586914"></testcase><testcase classname="src.pymortests.vectorarray" file="src/pymortests/vectorarray.py" line="866" name="test_rmul[2-&lt;lambda&gt;20]" time="0.03561544418334961"></testcase><testcase classname="src.pymortests.vectorarray" file="src/pymortests/vectorarray.py" line="866" name="test_rmul[2-&lt;lambda&gt;21]" time="0.0893549919128418"></testcase><testcase classname="src.pymortests.vectorarray" file="src/pymortests/vectorarray.py" line="866" name="test_rmul[2-&lt;lambda&gt;22]" time="0.0025289058685302734"></testcase><testcase classname="src.pymortests.vectorarray" file="src/pymortests/vectorarray.py" line="866" name="test_rmul[2-&lt;lambda&gt;23]" time="0.0018243789672851562"></testcase><testcase classname="src.pymortests.vectorarray" file="src/pymortests/vectorarray.py" line="866" name="test_rmul[2-&lt;lambda&gt;24]" time="0.01488351821899414"></testcase><testcase classname="src.pymortests.vectorarray" file="src/pymortests/vectorarray.py" line="866" name="test_rmul[2-&lt;lambda&gt;25]" time="0.48366832733154297"></testcase><testcase classname="src.pymortests.vectorarray" file="src/pymortests/vectorarray.py" line="866" name="test_rmul[2-&lt;lambda&gt;26]" time="1.140254020690918"></testcase><testcase classname="src.pymortests.vectorarray" file="src/pymortests/vectorarray.py" line="876" name="test_imul[0-&lt;lambda&gt;0]" time="0.002637624740600586"></testcase><testcase classname="src.pymortests.vectorarray" file="src/pymortests/vectorarray.py" line="876" name="test_imul[0-&lt;lambda&gt;1]" time="0.001814126968383789"></testcase><testcase classname="src.pymortests.vectorarray" file="src/pymortests/vectorarray.py" line="876" name="test_imul[0-&lt;lambda&gt;2]" time="0.0017497539520263672"></testcase><testcase classname="src.pymortests.vectorarray" file="src/pymortests/vectorarray.py" line="876" name="test_imul[0-&lt;lambda&gt;3]" time="0.0018303394317626953"></testcase><testcase classname="src.pymortests.vectorarray" file="src/pymortests/vectorarray.py" line="876" name="test_imul[0-&lt;lambda&gt;4]" time="0.0017902851104736328"></testcase><testcase classname="src.pymortests.vectorarray" file="src/pymortests/vectorarray.py" line="876" name="test_imul[0-&lt;lambda&gt;5]" time="0.0015370845794677734"></testcase><testcase classname="src.pymortests.vectorarray" file="src/pymortests/vectorarray.py" line="876" name="test_imul[0-&lt;lambda&gt;6]" time="0.0014934539794921875"></testcase><testcase classname="src.pymortests.vectorarray" file="src/pymortests/vectorarray.py" line="876" name="test_imul[0-&lt;lambda&gt;7]" time="0.0019173622131347656"></testcase><testcase classname="src.pymortests.vectorarray" file="src/pymortests/vectorarray.py" line="876" name="test_imul[0-&lt;lambda&gt;8]" time="0.010447502136230469"></testcase><testcase classname="src.pymortests.vectorarray" file="src/pymortests/vectorarray.py" line="876" name="test_imul[0-&lt;lambda&gt;9]" time="0.021701335906982422"></testcase><testcase classname="src.pymortests.vectorarray" file="src/pymortests/vectorarray.py" line="876" name="test_imul[0-&lt;lambda&gt;10]" time="0.003362894058227539"></testcase><testcase classname="src.pymortests.vectorarray" file="src/pymortests/vectorarray.py" line="876" name="test_imul[0-&lt;lambda&gt;11]" time="0.002590656280517578"></testcase><testcase classname="src.pymortests.vectorarray" file="src/pymortests/vectorarray.py" line="876" name="test_imul[0-&lt;lambda&gt;12]" time="0.002490997314453125"></testcase><testcase classname="src.pymortests.vectorarray" file="src/pymortests/vectorarray.py" line="876" name="test_imul[0-&lt;lambda&gt;13]" time="0.0022935867309570312"></testcase><testcase classname="src.pymortests.vectorarray" file="src/pymortests/vectorarray.py" line="876" name="test_imul[0-&lt;lambda&gt;14]" time="0.0024826526641845703"></testcase><testcase classname="src.pymortests.vectorarray" file="src/pymortests/vectorarray.py" line="876" name="test_imul[0-&lt;lambda&gt;15]" time="0.0030753612518310547"></testcase><testcase classname="src.pymortests.vectorarray" file="src/pymortests/vectorarray.py" line="876" name="test_imul[0-&lt;lambda&gt;16]" time="0.002976655960083008"></testcase><testcase classname="src.pymortests.vectorarray" file="src/pymortests/vectorarray.py" line="876" name="test_imul[0-&lt;lambda&gt;17]" time="0.002043008804321289"></testcase><testcase classname="src.pymortests.vectorarray" file="src/pymortests/vectorarray.py" line="876" name="test_imul[0-&lt;lambda&gt;18]" time="0.0019664764404296875"></testcase><testcase classname="src.pymortests.vectorarray" file="src/pymortests/vectorarray.py" line="876" name="test_imul[0-&lt;lambda&gt;19]" time="0.0040264129638671875"></testcase><testcase classname="src.pymortests.vectorarray" file="src/pymortests/vectorarray.py" line="876" name="test_imul[0-&lt;lambda&gt;20]" time="0.02901768684387207"></testcase><testcase classname="src.pymortests.vectorarray" file="src/pymortests/vectorarray.py" line="876" name="test_imul[0-&lt;lambda&gt;21]" time="0.06702709197998047"></testcase><testcase classname="src.pymortests.vectorarray" file="src/pymortests/vectorarray.py" line="876" name="test_imul[0-&lt;lambda&gt;22]" time="0.0022084712982177734"></testcase><testcase classname="src.pymortests.vectorarray" file="src/pymortests/vectorarray.py" line="876" name="test_imul[0-&lt;lambda&gt;23]" time="0.0015594959259033203"></testcase><testcase classname="src.pymortests.vectorarray" file="src/pymortests/vectorarray.py" line="876" name="test_imul[0-&lt;lambda&gt;24]" time="0.011578559875488281"></testcase><testcase classname="src.pymortests.vectorarray" file="src/pymortests/vectorarray.py" line="876" name="test_imul[0-&lt;lambda&gt;25]" time="0.373781681060791"></testcase><testcase classname="src.pymortests.vectorarray" file="src/pymortests/vectorarray.py" line="876" name="test_imul[0-&lt;lambda&gt;26]" time="0.865222692489624"></testcase><testcase classname="src.pymortests.vectorarray" file="src/pymortests/vectorarray.py" line="876" name="test_imul[1-&lt;lambda&gt;0]" time="0.002711772918701172"></testcase><testcase classname="src.pymortests.vectorarray" file="src/pymortests/vectorarray.py" line="876" name="test_imul[1-&lt;lambda&gt;1]" time="0.0017485618591308594"></testcase><testcase classname="src.pymortests.vectorarray" file="src/pymortests/vectorarray.py" line="876" name="test_imul[1-&lt;lambda&gt;2]" time="0.0018210411071777344"></testcase><testcase classname="src.pymortests.vectorarray" file="src/pymortests/vectorarray.py" line="876" name="test_imul[1-&lt;lambda&gt;3]" time="0.0017864704132080078"></testcase><testcase classname="src.pymortests.vectorarray" file="src/pymortests/vectorarray.py" line="876" name="test_imul[1-&lt;lambda&gt;4]" time="0.0016808509826660156"></testcase><testcase classname="src.pymortests.vectorarray" file="src/pymortests/vectorarray.py" line="876" name="test_imul[1-&lt;lambda&gt;5]" time="0.0014712810516357422"></testcase><testcase classname="src.pymortests.vectorarray" file="src/pymortests/vectorarray.py" line="876" name="test_imul[1-&lt;lambda&gt;6]" time="0.0014538764953613281"></testcase><testcase classname="src.pymortests.vectorarray" file="src/pymortests/vectorarray.py" line="876" name="test_imul[1-&lt;lambda&gt;7]" time="0.001825571060180664"></testcase><testcase classname="src.pymortests.vectorarray" file="src/pymortests/vectorarray.py" line="876" name="test_imul[1-&lt;lambda&gt;8]" time="0.010835647583007812"></testcase><testcase classname="src.pymortests.vectorarray" file="src/pymortests/vectorarray.py" line="876" name="test_imul[1-&lt;lambda&gt;9]" time="0.02234482765197754"></testcase><testcase classname="src.pymortests.vectorarray" file="src/pymortests/vectorarray.py" line="876" name="test_imul[1-&lt;lambda&gt;10]" time="0.0042912960052490234"></testcase><testcase classname="src.pymortests.vectorarray" file="src/pymortests/vectorarray.py" line="876" name="test_imul[1-&lt;lambda&gt;11]" time="0.00467228889465332"></testcase><testcase classname="src.pymortests.vectorarray" file="src/pymortests/vectorarray.py" line="876" name="test_imul[1-&lt;lambda&gt;12]" time="0.003791332244873047"></testcase><testcase classname="src.pymortests.vectorarray" file="src/pymortests/vectorarray.py" line="876" name="test_imul[1-&lt;lambda&gt;13]" time="0.0022652149200439453"></testcase><testcase classname="src.pymortests.vectorarray" file="src/pymortests/vectorarray.py" line="876" name="test_imul[1-&lt;lambda&gt;14]" time="0.002655029296875"></testcase><testcase classname="src.pymortests.vectorarray" file="src/pymortests/vectorarray.py" line="876" name="test_imul[1-&lt;lambda&gt;15]" time="0.0031430721282958984"></testcase><testcase classname="src.pymortests.vectorarray" file="src/pymortests/vectorarray.py" line="876" name="test_imul[1-&lt;lambda&gt;16]" time="0.0029544830322265625"></testcase><testcase classname="src.pymortests.vectorarray" file="src/pymortests/vectorarray.py" line="876" name="test_imul[1-&lt;lambda&gt;17]" time="0.0021424293518066406"></testcase><testcase classname="src.pymortests.vectorarray" file="src/pymortests/vectorarray.py" line="876" name="test_imul[1-&lt;lambda&gt;18]" time="0.0019447803497314453"></testcase><testcase classname="src.pymortests.vectorarray" file="src/pymortests/vectorarray.py" line="876" name="test_imul[1-&lt;lambda&gt;19]" time="0.0037941932678222656"></testcase><testcase classname="src.pymortests.vectorarray" file="src/pymortests/vectorarray.py" line="876" name="test_imul[1-&lt;lambda&gt;20]" time="0.028483152389526367"></testcase><testcase classname="src.pymortests.vectorarray" file="src/pymortests/vectorarray.py" line="876" name="test_imul[1-&lt;lambda&gt;21]" time="0.06641268730163574"></testcase><testcase classname="src.pymortests.vectorarray" file="src/pymortests/vectorarray.py" line="876" name="test_imul[1-&lt;lambda&gt;22]" time="0.0020961761474609375"></testcase><testcase classname="src.pymortests.vectorarray" file="src/pymortests/vectorarray.py" line="876" name="test_imul[1-&lt;lambda&gt;23]" time="0.00147247314453125"></testcase><testcase classname="src.pymortests.vectorarray" file="src/pymortests/vectorarray.py" line="876" name="test_imul[1-&lt;lambda&gt;24]" time="0.01104116439819336"></testcase><testcase classname="src.pymortests.vectorarray" file="src/pymortests/vectorarray.py" line="876" name="test_imul[1-&lt;lambda&gt;25]" time="0.36408472061157227"></testcase><testcase classname="src.pymortests.vectorarray" file="src/pymortests/vectorarray.py" line="876" name="test_imul[1-&lt;lambda&gt;26]" time="0.8676352500915527"></testcase><testcase classname="src.pymortests.vectorarray" file="src/pymortests/vectorarray.py" line="876" name="test_imul[2-&lt;lambda&gt;0]" time="0.002599000930786133"></testcase><testcase classname="src.pymortests.vectorarray" file="src/pymortests/vectorarray.py" line="876" name="test_imul[2-&lt;lambda&gt;1]" time="0.0019435882568359375"></testcase><testcase classname="src.pymortests.vectorarray" file="src/pymortests/vectorarray.py" line="876" name="test_imul[2-&lt;lambda&gt;2]" time="0.001886606216430664"></testcase><testcase classname="src.pymortests.vectorarray" file="src/pymortests/vectorarray.py" line="876" name="test_imul[2-&lt;lambda&gt;3]" time="0.0017881393432617188"></testcase><testcase classname="src.pymortests.vectorarray" file="src/pymortests/vectorarray.py" line="876" name="test_imul[2-&lt;lambda&gt;4]" time="0.0017974376678466797"></testcase><testcase classname="src.pymortests.vectorarray" file="src/pymortests/vectorarray.py" line="876" name="test_imul[2-&lt;lambda&gt;5]" time="0.0014677047729492188"></testcase><testcase classname="src.pymortests.vectorarray" file="src/pymortests/vectorarray.py" line="876" name="test_imul[2-&lt;lambda&gt;6]" time="0.0014705657958984375"></testcase><testcase classname="src.pymortests.vectorarray" file="src/pymortests/vectorarray.py" line="876" name="test_imul[2-&lt;lambda&gt;7]" time="0.0022106170654296875"></testcase><testcase classname="src.pymortests.vectorarray" file="src/pymortests/vectorarray.py" line="876" name="test_imul[2-&lt;lambda&gt;8]" time="0.010745048522949219"></testcase><testcase classname="src.pymortests.vectorarray" file="src/pymortests/vectorarray.py" line="876" name="test_imul[2-&lt;lambda&gt;9]" time="0.022011280059814453"></testcase><testcase classname="src.pymortests.vectorarray" file="src/pymortests/vectorarray.py" line="876" name="test_imul[2-&lt;lambda&gt;10]" time="0.0034379959106445312"></testcase><testcase classname="src.pymortests.vectorarray" file="src/pymortests/vectorarray.py" line="876" name="test_imul[2-&lt;lambda&gt;11]" time="0.0026307106018066406"></testcase><testcase classname="src.pymortests.vectorarray" file="src/pymortests/vectorarray.py" line="876" name="test_imul[2-&lt;lambda&gt;12]" time="0.002559661865234375"></testcase><testcase classname="src.pymortests.vectorarray" file="src/pymortests/vectorarray.py" line="876" name="test_imul[2-&lt;lambda&gt;13]" time="0.0022716522216796875"></testcase><testcase classname="src.pymortests.vectorarray" file="src/pymortests/vectorarray.py" line="876" name="test_imul[2-&lt;lambda&gt;14]" time="0.002763032913208008"></testcase><testcase classname="src.pymortests.vectorarray" file="src/pymortests/vectorarray.py" line="876" name="test_imul[2-&lt;lambda&gt;15]" time="0.0030946731567382812"></testcase><testcase classname="src.pymortests.vectorarray" file="src/pymortests/vectorarray.py" line="876" name="test_imul[2-&lt;lambda&gt;16]" time="0.00295257568359375"></testcase><testcase classname="src.pymortests.vectorarray" file="src/pymortests/vectorarray.py" line="876" name="test_imul[2-&lt;lambda&gt;17]" time="0.002140522003173828"></testcase><testcase classname="src.pymortests.vectorarray" file="src/pymortests/vectorarray.py" line="876" name="test_imul[2-&lt;lambda&gt;18]" time="0.001857757568359375"></testcase><testcase classname="src.pymortests.vectorarray" file="src/pymortests/vectorarray.py" line="876" name="test_imul[2-&lt;lambda&gt;19]" time="0.003995180130004883"></testcase><testcase classname="src.pymortests.vectorarray" file="src/pymortests/vectorarray.py" line="876" name="test_imul[2-&lt;lambda&gt;20]" time="0.028639793395996094"></testcase><testcase classname="src.pymortests.vectorarray" file="src/pymortests/vectorarray.py" line="876" name="test_imul[2-&lt;lambda&gt;21]" time="0.06554961204528809"></testcase><testcase classname="src.pymortests.vectorarray" file="src/pymortests/vectorarray.py" line="876" name="test_imul[2-&lt;lambda&gt;22]" time="0.002177000045776367"></testcase><testcase classname="src.pymortests.vectorarray" file="src/pymortests/vectorarray.py" line="876" name="test_imul[2-&lt;lambda&gt;23]" time="0.0014660358428955078"></testcase><testcase classname="src.pymortests.vectorarray" file="src/pymortests/vectorarray.py" line="876" name="test_imul[2-&lt;lambda&gt;24]" time="0.011109590530395508"></testcase><testcase classname="src.pymortests.vectorarray" file="src/pymortests/vectorarray.py" line="876" name="test_imul[2-&lt;lambda&gt;25]" time="0.37101054191589355"></testcase><testcase classname="src.pymortests.vectorarray" file="src/pymortests/vectorarray.py" line="876" name="test_imul[2-&lt;lambda&gt;26]" time="0.8608882427215576"></testcase><testcase classname="src.pymortests.vectorarray" file="src/pymortests/vectorarray.py" line="886" name="test_imul_wrong_factor[0-&lt;lambda&gt;0]" time="0.0018503665924072266"></testcase><testcase classname="src.pymortests.vectorarray" file="src/pymortests/vectorarray.py" line="886" name="test_imul_wrong_factor[0-&lt;lambda&gt;1]" time="0.0012772083282470703"></testcase><testcase classname="src.pymortests.vectorarray" file="src/pymortests/vectorarray.py" line="886" name="test_imul_wrong_factor[0-&lt;lambda&gt;2]" time="0.0011112689971923828"></testcase><testcase classname="src.pymortests.vectorarray" file="src/pymortests/vectorarray.py" line="886" name="test_imul_wrong_factor[0-&lt;lambda&gt;3]" time="0.0011241436004638672"></testcase><testcase classname="src.pymortests.vectorarray" file="src/pymortests/vectorarray.py" line="886" name="test_imul_wrong_factor[0-&lt;lambda&gt;4]" time="0.0010650157928466797"></testcase><testcase classname="src.pymortests.vectorarray" file="src/pymortests/vectorarray.py" line="886" name="test_imul_wrong_factor[0-&lt;lambda&gt;5]" time="0.001138925552368164"></testcase><testcase classname="src.pymortests.vectorarray" file="src/pymortests/vectorarray.py" line="886" name="test_imul_wrong_factor[0-&lt;lambda&gt;6]" time="0.0011181831359863281"></testcase><testcase classname="src.pymortests.vectorarray" file="src/pymortests/vectorarray.py" line="886" name="test_imul_wrong_factor[0-&lt;lambda&gt;7]" time="0.0011074542999267578"></testcase><testcase classname="src.pymortests.vectorarray" file="src/pymortests/vectorarray.py" line="886" name="test_imul_wrong_factor[0-&lt;lambda&gt;8]" time="0.0012836456298828125"></testcase><testcase classname="src.pymortests.vectorarray" file="src/pymortests/vectorarray.py" line="886" name="test_imul_wrong_factor[0-&lt;lambda&gt;9]" time="0.001398324966430664"></testcase><testcase classname="src.pymortests.vectorarray" file="src/pymortests/vectorarray.py" line="886" name="test_imul_wrong_factor[0-&lt;lambda&gt;10]" time="0.00122833251953125"></testcase><testcase classname="src.pymortests.vectorarray" file="src/pymortests/vectorarray.py" line="886" name="test_imul_wrong_factor[0-&lt;lambda&gt;11]" time="0.001241445541381836"></testcase><testcase classname="src.pymortests.vectorarray" file="src/pymortests/vectorarray.py" line="886" name="test_imul_wrong_factor[0-&lt;lambda&gt;12]" time="0.0012052059173583984"></testcase><testcase classname="src.pymortests.vectorarray" file="src/pymortests/vectorarray.py" line="886" name="test_imul_wrong_factor[0-&lt;lambda&gt;13]" time="0.0011720657348632812"></testcase><testcase classname="src.pymortests.vectorarray" file="src/pymortests/vectorarray.py" line="886" name="test_imul_wrong_factor[0-&lt;lambda&gt;14]" time="0.0012085437774658203"></testcase><testcase classname="src.pymortests.vectorarray" file="src/pymortests/vectorarray.py" line="886" name="test_imul_wrong_factor[0-&lt;lambda&gt;15]" time="0.0011835098266601562"></testcase><testcase classname="src.pymortests.vectorarray" file="src/pymortests/vectorarray.py" line="886" name="test_imul_wrong_factor[0-&lt;lambda&gt;16]" time="0.0011897087097167969"></testcase><testcase classname="src.pymortests.vectorarray" file="src/pymortests/vectorarray.py" line="886" name="test_imul_wrong_factor[0-&lt;lambda&gt;17]" time="0.0015385150909423828"></testcase><testcase classname="src.pymortests.vectorarray" file="src/pymortests/vectorarray.py" line="886" name="test_imul_wrong_factor[0-&lt;lambda&gt;18]" time="0.0018312931060791016"></testcase><testcase classname="src.pymortests.vectorarray" file="src/pymortests/vectorarray.py" line="886" name="test_imul_wrong_factor[0-&lt;lambda&gt;19]" time="0.0024309158325195312"></testcase><testcase classname="src.pymortests.vectorarray" file="src/pymortests/vectorarray.py" line="886" name="test_imul_wrong_factor[0-&lt;lambda&gt;20]" time="0.008955240249633789"></testcase><testcase classname="src.pymortests.vectorarray" file="src/pymortests/vectorarray.py" line="886" name="test_imul_wrong_factor[0-&lt;lambda&gt;21]" time="0.018964290618896484"></testcase><testcase classname="src.pymortests.vectorarray" file="src/pymortests/vectorarray.py" line="886" name="test_imul_wrong_factor[0-&lt;lambda&gt;22]" time="0.0016903877258300781"></testcase><testcase classname="src.pymortests.vectorarray" file="src/pymortests/vectorarray.py" line="886" name="test_imul_wrong_factor[0-&lt;lambda&gt;23]" time="0.0011799335479736328"></testcase><testcase classname="src.pymortests.vectorarray" file="src/pymortests/vectorarray.py" line="886" name="test_imul_wrong_factor[0-&lt;lambda&gt;24]" time="0.0021054744720458984"></testcase><testcase classname="src.pymortests.vectorarray" file="src/pymortests/vectorarray.py" line="886" name="test_imul_wrong_factor[0-&lt;lambda&gt;25]" time="0.02371835708618164"></testcase><testcase classname="src.pymortests.vectorarray" file="src/pymortests/vectorarray.py" line="886" name="test_imul_wrong_factor[0-&lt;lambda&gt;26]" time="0.054056644439697266"></testcase><testcase classname="src.pymortests.vectorarray" file="src/pymortests/vectorarray.py" line="886" name="test_imul_wrong_factor[1-&lt;lambda&gt;0]" time="0.0018227100372314453"></testcase><testcase classname="src.pymortests.vectorarray" file="src/pymortests/vectorarray.py" line="886" name="test_imul_wrong_factor[1-&lt;lambda&gt;1]" time="0.0012831687927246094"></testcase><testcase classname="src.pymortests.vectorarray" file="src/pymortests/vectorarray.py" line="886" name="test_imul_wrong_factor[1-&lt;lambda&gt;2]" time="0.0012316703796386719"></testcase><testcase classname="src.pymortests.vectorarray" file="src/pymortests/vectorarray.py" line="886" name="test_imul_wrong_factor[1-&lt;lambda&gt;3]" time="0.001249551773071289"></testcase><testcase classname="src.pymortests.vectorarray" file="src/pymortests/vectorarray.py" line="886" name="test_imul_wrong_factor[1-&lt;lambda&gt;4]" time="0.001180410385131836"></testcase><testcase classname="src.pymortests.vectorarray" file="src/pymortests/vectorarray.py" line="886" name="test_imul_wrong_factor[1-&lt;lambda&gt;5]" time="0.0011844635009765625"></testcase><testcase classname="src.pymortests.vectorarray" file="src/pymortests/vectorarray.py" line="886" name="test_imul_wrong_factor[1-&lt;lambda&gt;6]" time="0.001148223876953125"></testcase><testcase classname="src.pymortests.vectorarray" file="src/pymortests/vectorarray.py" line="886" name="test_imul_wrong_factor[1-&lt;lambda&gt;7]" time="0.0011355876922607422"></testcase><testcase classname="src.pymortests.vectorarray" file="src/pymortests/vectorarray.py" line="886" name="test_imul_wrong_factor[1-&lt;lambda&gt;8]" time="0.001420736312866211"></testcase><testcase classname="src.pymortests.vectorarray" file="src/pymortests/vectorarray.py" line="886" name="test_imul_wrong_factor[1-&lt;lambda&gt;9]" time="0.20187640190124512"></testcase><testcase classname="src.pymortests.vectorarray" file="src/pymortests/vectorarray.py" line="886" name="test_imul_wrong_factor[1-&lt;lambda&gt;10]" time="0.002027273178100586"></testcase><testcase classname="src.pymortests.vectorarray" file="src/pymortests/vectorarray.py" line="886" name="test_imul_wrong_factor[1-&lt;lambda&gt;11]" time="0.0016489028930664062"></testcase><testcase classname="src.pymortests.vectorarray" file="src/pymortests/vectorarray.py" line="886" name="test_imul_wrong_factor[1-&lt;lambda&gt;12]" time="0.0015103816986083984"></testcase><testcase classname="src.pymortests.vectorarray" file="src/pymortests/vectorarray.py" line="886" name="test_imul_wrong_factor[1-&lt;lambda&gt;13]" time="0.001592397689819336"></testcase><testcase classname="src.pymortests.vectorarray" file="src/pymortests/vectorarray.py" line="886" name="test_imul_wrong_factor[1-&lt;lambda&gt;14]" time="0.0013146400451660156"></testcase><testcase classname="src.pymortests.vectorarray" file="src/pymortests/vectorarray.py" line="886" name="test_imul_wrong_factor[1-&lt;lambda&gt;15]" time="0.0014085769653320312"></testcase><testcase classname="src.pymortests.vectorarray" file="src/pymortests/vectorarray.py" line="886" name="test_imul_wrong_factor[1-&lt;lambda&gt;16]" time="0.0014042854309082031"></testcase><testcase classname="src.pymortests.vectorarray" file="src/pymortests/vectorarray.py" line="886" name="test_imul_wrong_factor[1-&lt;lambda&gt;17]" time="0.001596689224243164"></testcase><testcase classname="src.pymortests.vectorarray" file="src/pymortests/vectorarray.py" line="886" name="test_imul_wrong_factor[1-&lt;lambda&gt;18]" time="0.0016522407531738281"></testcase><testcase classname="src.pymortests.vectorarray" file="src/pymortests/vectorarray.py" line="886" name="test_imul_wrong_factor[1-&lt;lambda&gt;19]" time="0.0026586055755615234"></testcase><testcase classname="src.pymortests.vectorarray" file="src/pymortests/vectorarray.py" line="886" name="test_imul_wrong_factor[1-&lt;lambda&gt;20]" time="0.0089569091796875"></testcase><testcase classname="src.pymortests.vectorarray" file="src/pymortests/vectorarray.py" line="886" name="test_imul_wrong_factor[1-&lt;lambda&gt;21]" time="0.018868207931518555"></testcase><testcase classname="src.pymortests.vectorarray" file="src/pymortests/vectorarray.py" line="886" name="test_imul_wrong_factor[1-&lt;lambda&gt;22]" time="0.0018458366394042969"></testcase><testcase classname="src.pymortests.vectorarray" file="src/pymortests/vectorarray.py" line="886" name="test_imul_wrong_factor[1-&lt;lambda&gt;23]" time="0.0012993812561035156"></testcase><testcase classname="src.pymortests.vectorarray" file="src/pymortests/vectorarray.py" line="886" name="test_imul_wrong_factor[1-&lt;lambda&gt;24]" time="0.002225160598754883"></testcase><testcase classname="src.pymortests.vectorarray" file="src/pymortests/vectorarray.py" line="886" name="test_imul_wrong_factor[1-&lt;lambda&gt;25]" time="0.024426698684692383"></testcase><testcase classname="src.pymortests.vectorarray" file="src/pymortests/vectorarray.py" line="886" name="test_imul_wrong_factor[1-&lt;lambda&gt;26]" time="0.05596327781677246"></testcase><testcase classname="src.pymortests.vectorarray" file="src/pymortests/vectorarray.py" line="886" name="test_imul_wrong_factor[2-&lt;lambda&gt;0]" time="0.001859903335571289"></testcase><testcase classname="src.pymortests.vectorarray" file="src/pymortests/vectorarray.py" line="886" name="test_imul_wrong_factor[2-&lt;lambda&gt;1]" time="0.001344919204711914"></testcase><testcase classname="src.pymortests.vectorarray" file="src/pymortests/vectorarray.py" line="886" name="test_imul_wrong_factor[2-&lt;lambda&gt;2]" time="0.0012340545654296875"></testcase><testcase classname="src.pymortests.vectorarray" file="src/pymortests/vectorarray.py" line="886" name="test_imul_wrong_factor[2-&lt;lambda&gt;3]" time="0.0011954307556152344"></testcase><testcase classname="src.pymortests.vectorarray" file="src/pymortests/vectorarray.py" line="886" name="test_imul_wrong_factor[2-&lt;lambda&gt;4]" time="0.0011584758758544922"></testcase><testcase classname="src.pymortests.vectorarray" file="src/pymortests/vectorarray.py" line="886" name="test_imul_wrong_factor[2-&lt;lambda&gt;5]" time="0.0011975765228271484"></testcase><testcase classname="src.pymortests.vectorarray" file="src/pymortests/vectorarray.py" line="886" name="test_imul_wrong_factor[2-&lt;lambda&gt;6]" time="0.0011546611785888672"></testcase><testcase classname="src.pymortests.vectorarray" file="src/pymortests/vectorarray.py" line="886" name="test_imul_wrong_factor[2-&lt;lambda&gt;7]" time="0.0011491775512695312"></testcase><testcase classname="src.pymortests.vectorarray" file="src/pymortests/vectorarray.py" line="886" name="test_imul_wrong_factor[2-&lt;lambda&gt;8]" time="0.0014386177062988281"></testcase><testcase classname="src.pymortests.vectorarray" file="src/pymortests/vectorarray.py" line="886" name="test_imul_wrong_factor[2-&lt;lambda&gt;9]" time="0.0018956661224365234"></testcase><testcase classname="src.pymortests.vectorarray" file="src/pymortests/vectorarray.py" line="886" name="test_imul_wrong_factor[2-&lt;lambda&gt;10]" time="0.0013713836669921875"></testcase><testcase classname="src.pymortests.vectorarray" file="src/pymortests/vectorarray.py" line="886" name="test_imul_wrong_factor[2-&lt;lambda&gt;11]" time="0.0013353824615478516"></testcase><testcase classname="src.pymortests.vectorarray" file="src/pymortests/vectorarray.py" line="886" name="test_imul_wrong_factor[2-&lt;lambda&gt;12]" time="0.001306772232055664"></testcase><testcase classname="src.pymortests.vectorarray" file="src/pymortests/vectorarray.py" line="886" name="test_imul_wrong_factor[2-&lt;lambda&gt;13]" time="0.0012466907501220703"></testcase><testcase classname="src.pymortests.vectorarray" file="src/pymortests/vectorarray.py" line="886" name="test_imul_wrong_factor[2-&lt;lambda&gt;14]" time="0.001299142837524414"></testcase><testcase classname="src.pymortests.vectorarray" file="src/pymortests/vectorarray.py" line="886" name="test_imul_wrong_factor[2-&lt;lambda&gt;15]" time="0.0013682842254638672"></testcase><testcase classname="src.pymortests.vectorarray" file="src/pymortests/vectorarray.py" line="886" name="test_imul_wrong_factor[2-&lt;lambda&gt;16]" time="0.0013017654418945312"></testcase><testcase classname="src.pymortests.vectorarray" file="src/pymortests/vectorarray.py" line="886" name="test_imul_wrong_factor[2-&lt;lambda&gt;17]" time="0.0015895366668701172"></testcase><testcase classname="src.pymortests.vectorarray" file="src/pymortests/vectorarray.py" line="886" name="test_imul_wrong_factor[2-&lt;lambda&gt;18]" time="0.0016574859619140625"></testcase><testcase classname="src.pymortests.vectorarray" file="src/pymortests/vectorarray.py" line="886" name="test_imul_wrong_factor[2-&lt;lambda&gt;19]" time="0.0026433467864990234"></testcase><testcase classname="src.pymortests.vectorarray" file="src/pymortests/vectorarray.py" line="886" name="test_imul_wrong_factor[2-&lt;lambda&gt;20]" time="0.009113073348999023"></testcase><testcase classname="src.pymortests.vectorarray" file="src/pymortests/vectorarray.py" line="886" name="test_imul_wrong_factor[2-&lt;lambda&gt;21]" time="0.01930379867553711"></testcase><testcase classname="src.pymortests.vectorarray" file="src/pymortests/vectorarray.py" line="886" name="test_imul_wrong_factor[2-&lt;lambda&gt;22]" time="0.0017998218536376953"></testcase><testcase classname="src.pymortests.vectorarray" file="src/pymortests/vectorarray.py" line="886" name="test_imul_wrong_factor[2-&lt;lambda&gt;23]" time="0.0012302398681640625"></testcase><testcase classname="src.pymortests.vectorarray" file="src/pymortests/vectorarray.py" line="886" name="test_imul_wrong_factor[2-&lt;lambda&gt;24]" time="0.0021469593048095703"></testcase><testcase classname="src.pymortests.vectorarray" file="src/pymortests/vectorarray.py" line="886" name="test_imul_wrong_factor[2-&lt;lambda&gt;25]" time="0.025205612182617188"></testcase><testcase classname="src.pymortests.vectorarray" file="src/pymortests/vectorarray.py" line="886" name="test_imul_wrong_factor[2-&lt;lambda&gt;26]" time="0.05416393280029297"></testcase><testcase classname="src.pymortests.vectorarray" file="src/pymortests/vectorarray.py" line="895" name="test_append_incompatible[&lt;lambda&gt;0]" time="0.0017023086547851562"></testcase><testcase classname="src.pymortests.vectorarray" file="src/pymortests/vectorarray.py" line="895" name="test_append_incompatible[&lt;lambda&gt;1]" time="0.0011417865753173828"></testcase><testcase classname="src.pymortests.vectorarray" file="src/pymortests/vectorarray.py" line="895" name="test_append_incompatible[&lt;lambda&gt;2]" time="0.00112152099609375"></testcase><testcase classname="src.pymortests.vectorarray" file="src/pymortests/vectorarray.py" line="895" name="test_append_incompatible[&lt;lambda&gt;3]" time="0.0011289119720458984"></testcase><testcase classname="src.pymortests.vectorarray" file="src/pymortests/vectorarray.py" line="895" name="test_append_incompatible[&lt;lambda&gt;4]" time="0.0010499954223632812"></testcase><testcase classname="src.pymortests.vectorarray" file="src/pymortests/vectorarray.py" line="895" name="test_append_incompatible[&lt;lambda&gt;5]" time="0.0011086463928222656"></testcase><testcase classname="src.pymortests.vectorarray" file="src/pymortests/vectorarray.py" line="895" name="test_append_incompatible[&lt;lambda&gt;6]" time="0.0011494159698486328"></testcase><testcase classname="src.pymortests.vectorarray" file="src/pymortests/vectorarray.py" line="895" name="test_append_incompatible[&lt;lambda&gt;7]" time="0.0010862350463867188"></testcase><testcase classname="src.pymortests.vectorarray" file="src/pymortests/vectorarray.py" line="895" name="test_append_incompatible[&lt;lambda&gt;8]" time="0.0016925334930419922"></testcase><testcase classname="src.pymortests.vectorarray" file="src/pymortests/vectorarray.py" line="895" name="test_append_incompatible[&lt;lambda&gt;9]" time="0.002846956253051758"></testcase><testcase classname="src.pymortests.vectorarray" file="src/pymortests/vectorarray.py" line="895" name="test_append_incompatible[&lt;lambda&gt;10]" time="0.001378774642944336"></testcase><testcase classname="src.pymortests.vectorarray" file="src/pymortests/vectorarray.py" line="895" name="test_append_incompatible[&lt;lambda&gt;11]" time="0.0012781620025634766"></testcase><testcase classname="src.pymortests.vectorarray" file="src/pymortests/vectorarray.py" line="895" name="test_append_incompatible[&lt;lambda&gt;12]" time="0.0013537406921386719"></testcase><testcase classname="src.pymortests.vectorarray" file="src/pymortests/vectorarray.py" line="895" name="test_append_incompatible[&lt;lambda&gt;13]" time="0.001308441162109375"></testcase><testcase classname="src.pymortests.vectorarray" file="src/pymortests/vectorarray.py" line="895" name="test_append_incompatible[&lt;lambda&gt;14]" time="0.0013539791107177734"></testcase><testcase classname="src.pymortests.vectorarray" file="src/pymortests/vectorarray.py" line="895" name="test_append_incompatible[&lt;lambda&gt;15]" time="0.001697540283203125"></testcase><testcase classname="src.pymortests.vectorarray" file="src/pymortests/vectorarray.py" line="895" name="test_append_incompatible[&lt;lambda&gt;16]" time="0.0017707347869873047"></testcase><testcase classname="src.pymortests.vectorarray" file="src/pymortests/vectorarray.py" line="895" name="test_append_incompatible[&lt;lambda&gt;17]" time="0.0018579959869384766"></testcase><testcase classname="src.pymortests.vectorarray" file="src/pymortests/vectorarray.py" line="895" name="test_append_incompatible[&lt;lambda&gt;18]" time="0.03156709671020508"></testcase><testcase classname="src.pymortests.vectorarray" file="src/pymortests/vectorarray.py" line="895" name="test_append_incompatible[&lt;lambda&gt;19]" time="0.022227048873901367"></testcase><testcase classname="src.pymortests.vectorarray" file="src/pymortests/vectorarray.py" line="895" name="test_append_incompatible[&lt;lambda&gt;20]" time="0.003797292709350586"><system-out> set global mesh
 set global mesh
 Update mesh topology
 Update edges 
 Update faces 
 Update clusters
</system-out></testcase><testcase classname="src.pymortests.vectorarray" file="src/pymortests/vectorarray.py" line="895" name="test_append_incompatible[&lt;lambda&gt;21]" time="0.003439664840698242"><system-out> set global mesh
 set global mesh
 Update mesh topology
 Update edges 
 Update faces 
 Update clusters
</system-out></testcase><testcase classname="src.pymortests.vectorarray" file="src/pymortests/vectorarray.py" line="895" name="test_append_incompatible[&lt;lambda&gt;22]" time="0.0024089813232421875"></testcase><testcase classname="src.pymortests.vectorarray" file="src/pymortests/vectorarray.py" line="895" name="test_append_incompatible[&lt;lambda&gt;23]" time="0.0307159423828125"><system-out> set global mesh
 set global mesh
 Update mesh topology
 Update edges 
 Update faces 
 Update clusters
</system-out></testcase><testcase classname="src.pymortests.vectorarray" file="src/pymortests/vectorarray.py" line="895" name="test_append_incompatible[&lt;lambda&gt;24]" time="0.06343340873718262"><system-out> set global mesh
 set global mesh
 Update mesh topology
 Update edges 
 Update faces 
 Update clusters
</system-out></testcase><testcase classname="src.pymortests.vectorarray" file="src/pymortests/vectorarray.py" line="906" name="test_axpy_incompatible[&lt;lambda&gt;0]" time="0.003197193145751953"></testcase><testcase classname="src.pymortests.vectorarray" file="src/pymortests/vectorarray.py" line="906" name="test_axpy_incompatible[&lt;lambda&gt;1]" time="0.0013458728790283203"></testcase><testcase classname="src.pymortests.vectorarray" file="src/pymortests/vectorarray.py" line="906" name="test_axpy_incompatible[&lt;lambda&gt;2]" time="0.0039048194885253906"></testcase><testcase classname="src.pymortests.vectorarray" file="src/pymortests/vectorarray.py" line="906" name="test_axpy_incompatible[&lt;lambda&gt;3]" time="0.0035092830657958984"></testcase><testcase classname="src.pymortests.vectorarray" file="src/pymortests/vectorarray.py" line="906" name="test_axpy_incompatible[&lt;lambda&gt;4]" time="0.003781557083129883"></testcase><testcase classname="src.pymortests.vectorarray" file="src/pymortests/vectorarray.py" line="906" name="test_axpy_incompatible[&lt;lambda&gt;5]" time="0.0022253990173339844"></testcase><testcase classname="src.pymortests.vectorarray" file="src/pymortests/vectorarray.py" line="906" name="test_axpy_incompatible[&lt;lambda&gt;6]" time="0.0013651847839355469"></testcase><testcase classname="src.pymortests.vectorarray" file="src/pymortests/vectorarray.py" line="906" name="test_axpy_incompatible[&lt;lambda&gt;7]" time="0.0044977664947509766"></testcase><testcase classname="src.pymortests.vectorarray" file="src/pymortests/vectorarray.py" line="906" name="test_axpy_incompatible[&lt;lambda&gt;8]" time="0.009790420532226562"></testcase><testcase classname="src.pymortests.vectorarray" file="src/pymortests/vectorarray.py" line="906" name="test_axpy_incompatible[&lt;lambda&gt;9]" time="0.01741790771484375"></testcase><testcase classname="src.pymortests.vectorarray" file="src/pymortests/vectorarray.py" line="906" name="test_axpy_incompatible[&lt;lambda&gt;10]" time="0.00475311279296875"></testcase><testcase classname="src.pymortests.vectorarray" file="src/pymortests/vectorarray.py" line="906" name="test_axpy_incompatible[&lt;lambda&gt;11]" time="0.0017578601837158203"></testcase><testcase classname="src.pymortests.vectorarray" file="src/pymortests/vectorarray.py" line="906" name="test_axpy_incompatible[&lt;lambda&gt;12]" time="0.008480310440063477"></testcase><testcase classname="src.pymortests.vectorarray" file="src/pymortests/vectorarray.py" line="906" name="test_axpy_incompatible[&lt;lambda&gt;13]" time="0.006227970123291016"></testcase><testcase classname="src.pymortests.vectorarray" file="src/pymortests/vectorarray.py" line="906" name="test_axpy_incompatible[&lt;lambda&gt;14]" time="0.008003950119018555"></testcase><testcase classname="src.pymortests.vectorarray" file="src/pymortests/vectorarray.py" line="906" name="test_axpy_incompatible[&lt;lambda&gt;15]" time="0.0030226707458496094"></testcase><testcase classname="src.pymortests.vectorarray" file="src/pymortests/vectorarray.py" line="906" name="test_axpy_incompatible[&lt;lambda&gt;16]" time="0.004862070083618164"></testcase><testcase classname="src.pymortests.vectorarray" file="src/pymortests/vectorarray.py" line="906" name="test_axpy_incompatible[&lt;lambda&gt;17]" time="0.005768775939941406"></testcase><testcase classname="src.pymortests.vectorarray" file="src/pymortests/vectorarray.py" line="906" name="test_axpy_incompatible[&lt;lambda&gt;18]" time="0.037621498107910156"></testcase><testcase classname="src.pymortests.vectorarray" file="src/pymortests/vectorarray.py" line="906" name="test_axpy_incompatible[&lt;lambda&gt;19]" time="0.037610530853271484"></testcase><testcase classname="src.pymortests.vectorarray" file="src/pymortests/vectorarray.py" line="906" name="test_axpy_incompatible[&lt;lambda&gt;20]" time="0.0029006004333496094"></testcase><testcase classname="src.pymortests.vectorarray" file="src/pymortests/vectorarray.py" line="906" name="test_axpy_incompatible[&lt;lambda&gt;21]" time="0.0022721290588378906"></testcase><testcase classname="src.pymortests.vectorarray" file="src/pymortests/vectorarray.py" line="906" name="test_axpy_incompatible[&lt;lambda&gt;22]" time="0.005884885787963867"></testcase><testcase classname="src.pymortests.vectorarray" file="src/pymortests/vectorarray.py" line="906" name="test_axpy_incompatible[&lt;lambda&gt;23]" time="0.036618947982788086"></testcase><testcase classname="src.pymortests.vectorarray" file="src/pymortests/vectorarray.py" line="906" name="test_axpy_incompatible[&lt;lambda&gt;24]" time="0.07547259330749512"></testcase><testcase classname="src.pymortests.vectorarray" file="src/pymortests/vectorarray.py" line="923" name="test_dot_incompatible[&lt;lambda&gt;0]" time="0.0021102428436279297"></testcase><testcase classname="src.pymortests.vectorarray" file="src/pymortests/vectorarray.py" line="923" name="test_dot_incompatible[&lt;lambda&gt;1]" time="0.0011992454528808594"></testcase><testcase classname="src.pymortests.vectorarray" file="src/pymortests/vectorarray.py" line="923" name="test_dot_incompatible[&lt;lambda&gt;2]" time="0.0019462108612060547"></testcase><testcase classname="src.pymortests.vectorarray" file="src/pymortests/vectorarray.py" line="923" name="test_dot_incompatible[&lt;lambda&gt;3]" time="0.0019021034240722656"></testcase><testcase classname="src.pymortests.vectorarray" file="src/pymortests/vectorarray.py" line="923" name="test_dot_incompatible[&lt;lambda&gt;4]" time="0.0017871856689453125"></testcase><testcase classname="src.pymortests.vectorarray" file="src/pymortests/vectorarray.py" line="923" name="test_dot_incompatible[&lt;lambda&gt;5]" time="0.0013206005096435547"></testcase><testcase classname="src.pymortests.vectorarray" file="src/pymortests/vectorarray.py" line="923" name="test_dot_incompatible[&lt;lambda&gt;6]" time="0.0010979175567626953"></testcase><testcase classname="src.pymortests.vectorarray" file="src/pymortests/vectorarray.py" line="923" name="test_dot_incompatible[&lt;lambda&gt;7]" time="0.0020008087158203125"></testcase><testcase classname="src.pymortests.vectorarray" file="src/pymortests/vectorarray.py" line="923" name="test_dot_incompatible[&lt;lambda&gt;8]" time="0.003505706787109375"></testcase><testcase classname="src.pymortests.vectorarray" file="src/pymortests/vectorarray.py" line="923" name="test_dot_incompatible[&lt;lambda&gt;9]" time="0.00559687614440918"></testcase><testcase classname="src.pymortests.vectorarray" file="src/pymortests/vectorarray.py" line="923" name="test_dot_incompatible[&lt;lambda&gt;10]" time="0.0018622875213623047"></testcase><testcase classname="src.pymortests.vectorarray" file="src/pymortests/vectorarray.py" line="923" name="test_dot_incompatible[&lt;lambda&gt;11]" time="0.0012812614440917969"></testcase><testcase classname="src.pymortests.vectorarray" file="src/pymortests/vectorarray.py" line="923" name="test_dot_incompatible[&lt;lambda&gt;12]" time="0.003332376480102539"></testcase><testcase classname="src.pymortests.vectorarray" file="src/pymortests/vectorarray.py" line="923" name="test_dot_incompatible[&lt;lambda&gt;13]" time="0.002791166305541992"></testcase><testcase classname="src.pymortests.vectorarray" file="src/pymortests/vectorarray.py" line="923" name="test_dot_incompatible[&lt;lambda&gt;14]" time="0.0031909942626953125"></testcase><testcase classname="src.pymortests.vectorarray" file="src/pymortests/vectorarray.py" line="923" name="test_dot_incompatible[&lt;lambda&gt;15]" time="0.0020437240600585938"></testcase><testcase classname="src.pymortests.vectorarray" file="src/pymortests/vectorarray.py" line="923" name="test_dot_incompatible[&lt;lambda&gt;16]" time="0.0018694400787353516"></testcase><testcase classname="src.pymortests.vectorarray" file="src/pymortests/vectorarray.py" line="923" name="test_dot_incompatible[&lt;lambda&gt;17]" time="0.002918720245361328"></testcase><testcase classname="src.pymortests.vectorarray" file="src/pymortests/vectorarray.py" line="923" name="test_dot_incompatible[&lt;lambda&gt;18]" time="0.03172922134399414"></testcase><testcase classname="src.pymortests.vectorarray" file="src/pymortests/vectorarray.py" line="923" name="test_dot_incompatible[&lt;lambda&gt;19]" time="0.02643132209777832"></testcase><testcase classname="src.pymortests.vectorarray" file="src/pymortests/vectorarray.py" line="923" name="test_dot_incompatible[&lt;lambda&gt;20]" time="0.0018999576568603516"></testcase><testcase classname="src.pymortests.vectorarray" file="src/pymortests/vectorarray.py" line="923" name="test_dot_incompatible[&lt;lambda&gt;21]" time="0.0020439624786376953"></testcase><testcase classname="src.pymortests.vectorarray" file="src/pymortests/vectorarray.py" line="923" name="test_dot_incompatible[&lt;lambda&gt;22]" time="0.0034449100494384766"></testcase><testcase classname="src.pymortests.vectorarray" file="src/pymortests/vectorarray.py" line="923" name="test_dot_incompatible[&lt;lambda&gt;23]" time="0.029684782028198242"></testcase><testcase classname="src.pymortests.vectorarray" file="src/pymortests/vectorarray.py" line="923" name="test_dot_incompatible[&lt;lambda&gt;24]" time="0.0631096363067627"></testcase><testcase classname="src.pymortests.vectorarray" file="src/pymortests/vectorarray.py" line="931" name="test_pairwise_dot_incompatible[&lt;lambda&gt;0]" time="0.0020241737365722656"></testcase><testcase classname="src.pymortests.vectorarray" file="src/pymortests/vectorarray.py" line="931" name="test_pairwise_dot_incompatible[&lt;lambda&gt;1]" time="0.00115203857421875"></testcase><testcase classname="src.pymortests.vectorarray" file="src/pymortests/vectorarray.py" line="931" name="test_pairwise_dot_incompatible[&lt;lambda&gt;2]" time="0.001901865005493164"></testcase><testcase classname="src.pymortests.vectorarray" file="src/pymortests/vectorarray.py" line="931" name="test_pairwise_dot_incompatible[&lt;lambda&gt;3]" time="0.001786947250366211"></testcase><testcase classname="src.pymortests.vectorarray" file="src/pymortests/vectorarray.py" line="931" name="test_pairwise_dot_incompatible[&lt;lambda&gt;4]" time="0.00194549560546875"></testcase><testcase classname="src.pymortests.vectorarray" file="src/pymortests/vectorarray.py" line="931" name="test_pairwise_dot_incompatible[&lt;lambda&gt;5]" time="0.0012974739074707031"></testcase><testcase classname="src.pymortests.vectorarray" file="src/pymortests/vectorarray.py" line="931" name="test_pairwise_dot_incompatible[&lt;lambda&gt;6]" time="0.001077413558959961"></testcase><testcase classname="src.pymortests.vectorarray" file="src/pymortests/vectorarray.py" line="931" name="test_pairwise_dot_incompatible[&lt;lambda&gt;7]" time="0.0019364356994628906"></testcase><testcase classname="src.pymortests.vectorarray" file="src/pymortests/vectorarray.py" line="931" name="test_pairwise_dot_incompatible[&lt;lambda&gt;8]" time="0.0035021305084228516"></testcase><testcase classname="src.pymortests.vectorarray" file="src/pymortests/vectorarray.py" line="931" name="test_pairwise_dot_incompatible[&lt;lambda&gt;9]" time="0.005467414855957031"></testcase><testcase classname="src.pymortests.vectorarray" file="src/pymortests/vectorarray.py" line="931" name="test_pairwise_dot_incompatible[&lt;lambda&gt;10]" time="0.0019311904907226562"></testcase><testcase classname="src.pymortests.vectorarray" file="src/pymortests/vectorarray.py" line="931" name="test_pairwise_dot_incompatible[&lt;lambda&gt;11]" time="0.0012934207916259766"></testcase><testcase classname="src.pymortests.vectorarray" file="src/pymortests/vectorarray.py" line="931" name="test_pairwise_dot_incompatible[&lt;lambda&gt;12]" time="0.003197908401489258"></testcase><testcase classname="src.pymortests.vectorarray" file="src/pymortests/vectorarray.py" line="931" name="test_pairwise_dot_incompatible[&lt;lambda&gt;13]" time="0.002714872360229492"></testcase><testcase classname="src.pymortests.vectorarray" file="src/pymortests/vectorarray.py" line="931" name="test_pairwise_dot_incompatible[&lt;lambda&gt;14]" time="0.00316619873046875"></testcase><testcase classname="src.pymortests.vectorarray" file="src/pymortests/vectorarray.py" line="931" name="test_pairwise_dot_incompatible[&lt;lambda&gt;15]" time="0.002034425735473633"></testcase><testcase classname="src.pymortests.vectorarray" file="src/pymortests/vectorarray.py" line="931" name="test_pairwise_dot_incompatible[&lt;lambda&gt;16]" time="0.001895904541015625"></testcase><testcase classname="src.pymortests.vectorarray" file="src/pymortests/vectorarray.py" line="931" name="test_pairwise_dot_incompatible[&lt;lambda&gt;17]" time="0.0030298233032226562"></testcase><testcase classname="src.pymortests.vectorarray" file="src/pymortests/vectorarray.py" line="931" name="test_pairwise_dot_incompatible[&lt;lambda&gt;18]" time="0.03145241737365723"></testcase><testcase classname="src.pymortests.vectorarray" file="src/pymortests/vectorarray.py" line="931" name="test_pairwise_dot_incompatible[&lt;lambda&gt;19]" time="0.02577352523803711"></testcase><testcase classname="src.pymortests.vectorarray" file="src/pymortests/vectorarray.py" line="931" name="test_pairwise_dot_incompatible[&lt;lambda&gt;20]" time="0.0019860267639160156"></testcase><testcase classname="src.pymortests.vectorarray" file="src/pymortests/vectorarray.py" line="931" name="test_pairwise_dot_incompatible[&lt;lambda&gt;21]" time="0.002209186553955078"></testcase><testcase classname="src.pymortests.vectorarray" file="src/pymortests/vectorarray.py" line="931" name="test_pairwise_dot_incompatible[&lt;lambda&gt;22]" time="0.003455638885498047"></testcase><testcase classname="src.pymortests.vectorarray" file="src/pymortests/vectorarray.py" line="931" name="test_pairwise_dot_incompatible[&lt;lambda&gt;23]" time="0.03138613700866699"></testcase><testcase classname="src.pymortests.vectorarray" file="src/pymortests/vectorarray.py" line="931" name="test_pairwise_dot_incompatible[&lt;lambda&gt;24]" time="0.06649613380432129"></testcase><testcase classname="src.pymortests.vectorarray" file="src/pymortests/vectorarray.py" line="939" name="test_add_incompatible[&lt;lambda&gt;0]" time="0.0015747547149658203"></testcase><testcase classname="src.pymortests.vectorarray" file="src/pymortests/vectorarray.py" line="939" name="test_add_incompatible[&lt;lambda&gt;1]" time="0.0011365413665771484"></testcase><testcase classname="src.pymortests.vectorarray" file="src/pymortests/vectorarray.py" line="939" name="test_add_incompatible[&lt;lambda&gt;2]" time="0.001119852066040039"></testcase><testcase classname="src.pymortests.vectorarray" file="src/pymortests/vectorarray.py" line="939" name="test_add_incompatible[&lt;lambda&gt;3]" time="0.0011386871337890625"></testcase><testcase classname="src.pymortests.vectorarray" file="src/pymortests/vectorarray.py" line="939" name="test_add_incompatible[&lt;lambda&gt;4]" time="0.0010366439819335938"></testcase><testcase classname="src.pymortests.vectorarray" file="src/pymortests/vectorarray.py" line="939" name="test_add_incompatible[&lt;lambda&gt;5]" time="0.0010571479797363281"></testcase><testcase classname="src.pymortests.vectorarray" file="src/pymortests/vectorarray.py" line="939" name="test_add_incompatible[&lt;lambda&gt;6]" time="0.0010671615600585938"></testcase><testcase classname="src.pymortests.vectorarray" file="src/pymortests/vectorarray.py" line="939" name="test_add_incompatible[&lt;lambda&gt;7]" time="0.0010731220245361328"></testcase><testcase classname="src.pymortests.vectorarray" file="src/pymortests/vectorarray.py" line="939" name="test_add_incompatible[&lt;lambda&gt;8]" time="0.0015723705291748047"></testcase><testcase classname="src.pymortests.vectorarray" file="src/pymortests/vectorarray.py" line="939" name="test_add_incompatible[&lt;lambda&gt;9]" time="0.0018579959869384766"></testcase><testcase classname="src.pymortests.vectorarray" file="src/pymortests/vectorarray.py" line="939" name="test_add_incompatible[&lt;lambda&gt;10]" time="0.0013346672058105469"></testcase><testcase classname="src.pymortests.vectorarray" file="src/pymortests/vectorarray.py" line="939" name="test_add_incompatible[&lt;lambda&gt;11]" time="0.0012803077697753906"></testcase><testcase classname="src.pymortests.vectorarray" file="src/pymortests/vectorarray.py" line="939" name="test_add_incompatible[&lt;lambda&gt;12]" time="0.0013394355773925781"></testcase><testcase classname="src.pymortests.vectorarray" file="src/pymortests/vectorarray.py" line="939" name="test_add_incompatible[&lt;lambda&gt;13]" time="0.0013191699981689453"></testcase><testcase classname="src.pymortests.vectorarray" file="src/pymortests/vectorarray.py" line="939" name="test_add_incompatible[&lt;lambda&gt;14]" time="0.0014238357543945312"></testcase><testcase classname="src.pymortests.vectorarray" file="src/pymortests/vectorarray.py" line="939" name="test_add_incompatible[&lt;lambda&gt;15]" time="0.0017325878143310547"></testcase><testcase classname="src.pymortests.vectorarray" file="src/pymortests/vectorarray.py" line="939" name="test_add_incompatible[&lt;lambda&gt;16]" time="0.0018274784088134766"></testcase><testcase classname="src.pymortests.vectorarray" file="src/pymortests/vectorarray.py" line="939" name="test_add_incompatible[&lt;lambda&gt;17]" time="0.001966238021850586"></testcase><testcase classname="src.pymortests.vectorarray" file="src/pymortests/vectorarray.py" line="939" name="test_add_incompatible[&lt;lambda&gt;18]" time="0.028668642044067383"></testcase><testcase classname="src.pymortests.vectorarray" file="src/pymortests/vectorarray.py" line="939" name="test_add_incompatible[&lt;lambda&gt;19]" time="0.022340059280395508"></testcase><testcase classname="src.pymortests.vectorarray" file="src/pymortests/vectorarray.py" line="939" name="test_add_incompatible[&lt;lambda&gt;20]" time="0.0013883113861083984"></testcase><testcase classname="src.pymortests.vectorarray" file="src/pymortests/vectorarray.py" line="939" name="test_add_incompatible[&lt;lambda&gt;21]" time="0.0022072792053222656"></testcase><testcase classname="src.pymortests.vectorarray" file="src/pymortests/vectorarray.py" line="939" name="test_add_incompatible[&lt;lambda&gt;22]" time="0.002567768096923828"></testcase><testcase classname="src.pymortests.vectorarray" file="src/pymortests/vectorarray.py" line="939" name="test_add_incompatible[&lt;lambda&gt;23]" time="0.02834939956665039"></testcase><testcase classname="src.pymortests.vectorarray" file="src/pymortests/vectorarray.py" line="939" name="test_add_incompatible[&lt;lambda&gt;24]" time="0.060285329818725586"></testcase><testcase classname="src.pymortests.vectorarray" file="src/pymortests/vectorarray.py" line="945" name="test_iadd_incompatible[&lt;lambda&gt;0]" time="0.0016248226165771484"></testcase><testcase classname="src.pymortests.vectorarray" file="src/pymortests/vectorarray.py" line="945" name="test_iadd_incompatible[&lt;lambda&gt;1]" time="0.0011889934539794922"></testcase><testcase classname="src.pymortests.vectorarray" file="src/pymortests/vectorarray.py" line="945" name="test_iadd_incompatible[&lt;lambda&gt;2]" time="0.0010750293731689453"></testcase><testcase classname="src.pymortests.vectorarray" file="src/pymortests/vectorarray.py" line="945" name="test_iadd_incompatible[&lt;lambda&gt;3]" time="0.0010650157928466797"></testcase><testcase classname="src.pymortests.vectorarray" file="src/pymortests/vectorarray.py" line="945" name="test_iadd_incompatible[&lt;lambda&gt;4]" time="0.0009560585021972656"></testcase><testcase classname="src.pymortests.vectorarray" file="src/pymortests/vectorarray.py" line="945" name="test_iadd_incompatible[&lt;lambda&gt;5]" time="0.0010371208190917969"></testcase><testcase classname="src.pymortests.vectorarray" file="src/pymortests/vectorarray.py" line="945" name="test_iadd_incompatible[&lt;lambda&gt;6]" time="0.0010046958923339844"></testcase><testcase classname="src.pymortests.vectorarray" file="src/pymortests/vectorarray.py" line="945" name="test_iadd_incompatible[&lt;lambda&gt;7]" time="0.001008749008178711"></testcase><testcase classname="src.pymortests.vectorarray" file="src/pymortests/vectorarray.py" line="945" name="test_iadd_incompatible[&lt;lambda&gt;8]" time="0.0012156963348388672"></testcase><testcase classname="src.pymortests.vectorarray" file="src/pymortests/vectorarray.py" line="945" name="test_iadd_incompatible[&lt;lambda&gt;9]" time="0.001405477523803711"></testcase><testcase classname="src.pymortests.vectorarray" file="src/pymortests/vectorarray.py" line="945" name="test_iadd_incompatible[&lt;lambda&gt;10]" time="0.0013320446014404297"></testcase><testcase classname="src.pymortests.vectorarray" file="src/pymortests/vectorarray.py" line="945" name="test_iadd_incompatible[&lt;lambda&gt;11]" time="0.0012118816375732422"></testcase><testcase classname="src.pymortests.vectorarray" file="src/pymortests/vectorarray.py" line="945" name="test_iadd_incompatible[&lt;lambda&gt;12]" time="0.0012784004211425781"></testcase><testcase classname="src.pymortests.vectorarray" file="src/pymortests/vectorarray.py" line="945" name="test_iadd_incompatible[&lt;lambda&gt;13]" time="0.0012500286102294922"></testcase><testcase classname="src.pymortests.vectorarray" file="src/pymortests/vectorarray.py" line="945" name="test_iadd_incompatible[&lt;lambda&gt;14]" time="0.0012977123260498047"></testcase><testcase classname="src.pymortests.vectorarray" file="src/pymortests/vectorarray.py" line="945" name="test_iadd_incompatible[&lt;lambda&gt;15]" time="0.0016710758209228516"></testcase><testcase classname="src.pymortests.vectorarray" file="src/pymortests/vectorarray.py" line="945" name="test_iadd_incompatible[&lt;lambda&gt;16]" time="0.0018544197082519531"></testcase><testcase classname="src.pymortests.vectorarray" file="src/pymortests/vectorarray.py" line="945" name="test_iadd_incompatible[&lt;lambda&gt;17]" time="0.0018718242645263672"></testcase><testcase classname="src.pymortests.vectorarray" file="src/pymortests/vectorarray.py" line="945" name="test_iadd_incompatible[&lt;lambda&gt;18]" time="0.02879047393798828"></testcase><testcase classname="src.pymortests.vectorarray" file="src/pymortests/vectorarray.py" line="945" name="test_iadd_incompatible[&lt;lambda&gt;19]" time="0.02111363410949707"></testcase><testcase classname="src.pymortests.vectorarray" file="src/pymortests/vectorarray.py" line="945" name="test_iadd_incompatible[&lt;lambda&gt;20]" time="0.0015139579772949219"></testcase><testcase classname="src.pymortests.vectorarray" file="src/pymortests/vectorarray.py" line="945" name="test_iadd_incompatible[&lt;lambda&gt;21]" time="0.0020601749420166016"></testcase><testcase classname="src.pymortests.vectorarray" file="src/pymortests/vectorarray.py" line="945" name="test_iadd_incompatible[&lt;lambda&gt;22]" time="0.002499818801879883"></testcase><testcase classname="src.pymortests.vectorarray" file="src/pymortests/vectorarray.py" line="945" name="test_iadd_incompatible[&lt;lambda&gt;23]" time="0.028235912322998047"></testcase><testcase classname="src.pymortests.vectorarray" file="src/pymortests/vectorarray.py" line="945" name="test_iadd_incompatible[&lt;lambda&gt;24]" time="0.05810403823852539"></testcase><testcase classname="src.pymortests.vectorarray" file="src/pymortests/vectorarray.py" line="951" name="test_sub_incompatible[&lt;lambda&gt;0]" time="0.0015933513641357422"></testcase><testcase classname="src.pymortests.vectorarray" file="src/pymortests/vectorarray.py" line="951" name="test_sub_incompatible[&lt;lambda&gt;1]" time="0.0010983943939208984"></testcase><testcase classname="src.pymortests.vectorarray" file="src/pymortests/vectorarray.py" line="951" name="test_sub_incompatible[&lt;lambda&gt;2]" time="0.0010311603546142578"></testcase><testcase classname="src.pymortests.vectorarray" file="src/pymortests/vectorarray.py" line="951" name="test_sub_incompatible[&lt;lambda&gt;3]" time="0.0010807514190673828"></testcase><testcase classname="src.pymortests.vectorarray" file="src/pymortests/vectorarray.py" line="951" name="test_sub_incompatible[&lt;lambda&gt;4]" time="0.0009932518005371094"></testcase><testcase classname="src.pymortests.vectorarray" file="src/pymortests/vectorarray.py" line="951" name="test_sub_incompatible[&lt;lambda&gt;5]" time="0.0010058879852294922"></testcase><testcase classname="src.pymortests.vectorarray" file="src/pymortests/vectorarray.py" line="951" name="test_sub_incompatible[&lt;lambda&gt;6]" time="0.0010082721710205078"></testcase><testcase classname="src.pymortests.vectorarray" file="src/pymortests/vectorarray.py" line="951" name="test_sub_incompatible[&lt;lambda&gt;7]" time="0.0010089874267578125"></testcase><testcase classname="src.pymortests.vectorarray" file="src/pymortests/vectorarray.py" line="951" name="test_sub_incompatible[&lt;lambda&gt;8]" time="0.0013799667358398438"></testcase><testcase classname="src.pymortests.vectorarray" file="src/pymortests/vectorarray.py" line="951" name="test_sub_incompatible[&lt;lambda&gt;9]" time="0.0018351078033447266"></testcase><testcase classname="src.pymortests.vectorarray" file="src/pymortests/vectorarray.py" line="951" name="test_sub_incompatible[&lt;lambda&gt;10]" time="0.001300811767578125"></testcase><testcase classname="src.pymortests.vectorarray" file="src/pymortests/vectorarray.py" line="951" name="test_sub_incompatible[&lt;lambda&gt;11]" time="0.0012485980987548828"></testcase><testcase classname="src.pymortests.vectorarray" file="src/pymortests/vectorarray.py" line="951" name="test_sub_incompatible[&lt;lambda&gt;12]" time="0.0012717247009277344"></testcase><testcase classname="src.pymortests.vectorarray" file="src/pymortests/vectorarray.py" line="951" name="test_sub_incompatible[&lt;lambda&gt;13]" time="0.0012843608856201172"></testcase><testcase classname="src.pymortests.vectorarray" file="src/pymortests/vectorarray.py" line="951" name="test_sub_incompatible[&lt;lambda&gt;14]" time="0.0012791156768798828"></testcase><testcase classname="src.pymortests.vectorarray" file="src/pymortests/vectorarray.py" line="951" name="test_sub_incompatible[&lt;lambda&gt;15]" time="0.0017058849334716797"></testcase><testcase classname="src.pymortests.vectorarray" file="src/pymortests/vectorarray.py" line="951" name="test_sub_incompatible[&lt;lambda&gt;16]" time="0.0017971992492675781"></testcase><testcase classname="src.pymortests.vectorarray" file="src/pymortests/vectorarray.py" line="951" name="test_sub_incompatible[&lt;lambda&gt;17]" time="0.0018095970153808594"></testcase><testcase classname="src.pymortests.vectorarray" file="src/pymortests/vectorarray.py" line="951" name="test_sub_incompatible[&lt;lambda&gt;18]" time="0.02869248390197754"></testcase><testcase classname="src.pymortests.vectorarray" file="src/pymortests/vectorarray.py" line="951" name="test_sub_incompatible[&lt;lambda&gt;19]" time="0.021425485610961914"></testcase><testcase classname="src.pymortests.vectorarray" file="src/pymortests/vectorarray.py" line="951" name="test_sub_incompatible[&lt;lambda&gt;20]" time="0.0015540122985839844"></testcase><testcase classname="src.pymortests.vectorarray" file="src/pymortests/vectorarray.py" line="951" name="test_sub_incompatible[&lt;lambda&gt;21]" time="0.002057313919067383"></testcase><testcase classname="src.pymortests.vectorarray" file="src/pymortests/vectorarray.py" line="951" name="test_sub_incompatible[&lt;lambda&gt;22]" time="0.0024938583374023438"></testcase><testcase classname="src.pymortests.vectorarray" file="src/pymortests/vectorarray.py" line="951" name="test_sub_incompatible[&lt;lambda&gt;23]" time="0.02713632583618164"></testcase><testcase classname="src.pymortests.vectorarray" file="src/pymortests/vectorarray.py" line="951" name="test_sub_incompatible[&lt;lambda&gt;24]" time="0.058534860610961914"></testcase><testcase classname="src.pymortests.vectorarray" file="src/pymortests/vectorarray.py" line="957" name="test_isub_incompatible[&lt;lambda&gt;0]" time="0.0016362667083740234"></testcase><testcase classname="src.pymortests.vectorarray" file="src/pymortests/vectorarray.py" line="957" name="test_isub_incompatible[&lt;lambda&gt;1]" time="0.0011429786682128906"></testcase><testcase classname="src.pymortests.vectorarray" file="src/pymortests/vectorarray.py" line="957" name="test_isub_incompatible[&lt;lambda&gt;2]" time="0.0010938644409179688"></testcase><testcase classname="src.pymortests.vectorarray" file="src/pymortests/vectorarray.py" line="957" name="test_isub_incompatible[&lt;lambda&gt;3]" time="0.0010771751403808594"></testcase><testcase classname="src.pymortests.vectorarray" file="src/pymortests/vectorarray.py" line="957" name="test_isub_incompatible[&lt;lambda&gt;4]" time="0.0010349750518798828"></testcase><testcase classname="src.pymortests.vectorarray" file="src/pymortests/vectorarray.py" line="957" name="test_isub_incompatible[&lt;lambda&gt;5]" time="0.0011010169982910156"></testcase><testcase classname="src.pymortests.vectorarray" file="src/pymortests/vectorarray.py" line="957" name="test_isub_incompatible[&lt;lambda&gt;6]" time="0.001058816909790039"></testcase><testcase classname="src.pymortests.vectorarray" file="src/pymortests/vectorarray.py" line="957" name="test_isub_incompatible[&lt;lambda&gt;7]" time="0.0010492801666259766"></testcase><testcase classname="src.pymortests.vectorarray" file="src/pymortests/vectorarray.py" line="957" name="test_isub_incompatible[&lt;lambda&gt;8]" time="0.0012619495391845703"></testcase><testcase classname="src.pymortests.vectorarray" file="src/pymortests/vectorarray.py" line="957" name="test_isub_incompatible[&lt;lambda&gt;9]" time="0.0013613700866699219"></testcase><testcase classname="src.pymortests.vectorarray" file="src/pymortests/vectorarray.py" line="957" name="test_isub_incompatible[&lt;lambda&gt;10]" time="0.0013391971588134766"></testcase><testcase classname="src.pymortests.vectorarray" file="src/pymortests/vectorarray.py" line="957" name="test_isub_incompatible[&lt;lambda&gt;11]" time="0.0012178421020507812"></testcase><testcase classname="src.pymortests.vectorarray" file="src/pymortests/vectorarray.py" line="957" name="test_isub_incompatible[&lt;lambda&gt;12]" time="0.0013208389282226562"></testcase><testcase classname="src.pymortests.vectorarray" file="src/pymortests/vectorarray.py" line="957" name="test_isub_incompatible[&lt;lambda&gt;13]" time="0.0012464523315429688"></testcase><testcase classname="src.pymortests.vectorarray" file="src/pymortests/vectorarray.py" line="957" name="test_isub_incompatible[&lt;lambda&gt;14]" time="0.0013546943664550781"></testcase><testcase classname="src.pymortests.vectorarray" file="src/pymortests/vectorarray.py" line="957" name="test_isub_incompatible[&lt;lambda&gt;15]" time="0.0017180442810058594"></testcase><testcase classname="src.pymortests.vectorarray" file="src/pymortests/vectorarray.py" line="957" name="test_isub_incompatible[&lt;lambda&gt;16]" time="0.0018093585968017578"></testcase><testcase classname="src.pymortests.vectorarray" file="src/pymortests/vectorarray.py" line="957" name="test_isub_incompatible[&lt;lambda&gt;17]" time="0.001888275146484375"></testcase><testcase classname="src.pymortests.vectorarray" file="src/pymortests/vectorarray.py" line="957" name="test_isub_incompatible[&lt;lambda&gt;18]" time="0.029652118682861328"></testcase><testcase classname="src.pymortests.vectorarray" file="src/pymortests/vectorarray.py" line="957" name="test_isub_incompatible[&lt;lambda&gt;19]" time="0.021833181381225586"></testcase><testcase classname="src.pymortests.vectorarray" file="src/pymortests/vectorarray.py" line="957" name="test_isub_incompatible[&lt;lambda&gt;20]" time="0.0016024112701416016"></testcase><testcase classname="src.pymortests.vectorarray" file="src/pymortests/vectorarray.py" line="957" name="test_isub_incompatible[&lt;lambda&gt;21]" time="0.0021843910217285156"></testcase><testcase classname="src.pymortests.vectorarray" file="src/pymortests/vectorarray.py" line="957" name="test_isub_incompatible[&lt;lambda&gt;22]" time="0.0026602745056152344"></testcase><testcase classname="src.pymortests.vectorarray" file="src/pymortests/vectorarray.py" line="957" name="test_isub_incompatible[&lt;lambda&gt;23]" time="0.02840113639831543"></testcase><testcase classname="src.pymortests.vectorarray" file="src/pymortests/vectorarray.py" line="957" name="test_isub_incompatible[&lt;lambda&gt;24]" time="0.05944108963012695"></testcase><testcase classname="src.pymortests.vectorarray" file="src/pymortests/vectorarray.py" line="966" name="test_copy_wrong_ind[0-&lt;lambda&gt;0]" time="0.002490520477294922"></testcase><testcase classname="src.pymortests.vectorarray" file="src/pymortests/vectorarray.py" line="966" name="test_copy_wrong_ind[0-&lt;lambda&gt;1]" time="0.0014731884002685547"></testcase><testcase classname="src.pymortests.vectorarray" file="src/pymortests/vectorarray.py" line="966" name="test_copy_wrong_ind[0-&lt;lambda&gt;2]" time="0.0013072490692138672"></testcase><testcase classname="src.pymortests.vectorarray" file="src/pymortests/vectorarray.py" line="966" name="test_copy_wrong_ind[0-&lt;lambda&gt;3]" time="0.0013628005981445312"></testcase><testcase classname="src.pymortests.vectorarray" file="src/pymortests/vectorarray.py" line="966" name="test_copy_wrong_ind[0-&lt;lambda&gt;4]" time="0.0013508796691894531"></testcase><testcase classname="src.pymortests.vectorarray" file="src/pymortests/vectorarray.py" line="966" name="test_copy_wrong_ind[0-&lt;lambda&gt;5]" time="0.001470327377319336"></testcase><testcase classname="src.pymortests.vectorarray" file="src/pymortests/vectorarray.py" line="966" name="test_copy_wrong_ind[0-&lt;lambda&gt;6]" time="0.0012650489807128906"></testcase><testcase classname="src.pymortests.vectorarray" file="src/pymortests/vectorarray.py" line="966" name="test_copy_wrong_ind[0-&lt;lambda&gt;7]" time="0.0013124942779541016"></testcase><testcase classname="src.pymortests.vectorarray" file="src/pymortests/vectorarray.py" line="966" name="test_copy_wrong_ind[0-&lt;lambda&gt;8]" time="0.0014486312866210938"></testcase><testcase classname="src.pymortests.vectorarray" file="src/pymortests/vectorarray.py" line="966" name="test_copy_wrong_ind[0-&lt;lambda&gt;9]" time="0.0016932487487792969"></testcase><testcase classname="src.pymortests.vectorarray" file="src/pymortests/vectorarray.py" line="966" name="test_copy_wrong_ind[0-&lt;lambda&gt;10]" time="0.0015687942504882812"></testcase><testcase classname="src.pymortests.vectorarray" file="src/pymortests/vectorarray.py" line="966" name="test_copy_wrong_ind[0-&lt;lambda&gt;11]" time="0.0014240741729736328"></testcase><testcase classname="src.pymortests.vectorarray" file="src/pymortests/vectorarray.py" line="966" name="test_copy_wrong_ind[0-&lt;lambda&gt;12]" time="0.0014081001281738281"></testcase><testcase classname="src.pymortests.vectorarray" file="src/pymortests/vectorarray.py" line="966" name="test_copy_wrong_ind[0-&lt;lambda&gt;13]" time="0.0014107227325439453"></testcase><testcase classname="src.pymortests.vectorarray" file="src/pymortests/vectorarray.py" line="966" name="test_copy_wrong_ind[0-&lt;lambda&gt;14]" time="0.0013806819915771484"></testcase><testcase classname="src.pymortests.vectorarray" file="src/pymortests/vectorarray.py" line="966" name="test_copy_wrong_ind[0-&lt;lambda&gt;15]" time="0.001386880874633789"></testcase><testcase classname="src.pymortests.vectorarray" file="src/pymortests/vectorarray.py" line="966" name="test_copy_wrong_ind[0-&lt;lambda&gt;16]" time="0.0013873577117919922"></testcase><testcase classname="src.pymortests.vectorarray" file="src/pymortests/vectorarray.py" line="966" name="test_copy_wrong_ind[0-&lt;lambda&gt;17]" time="0.0018851757049560547"></testcase><testcase classname="src.pymortests.vectorarray" file="src/pymortests/vectorarray.py" line="966" name="test_copy_wrong_ind[0-&lt;lambda&gt;18]" time="0.0016815662384033203"></testcase><testcase classname="src.pymortests.vectorarray" file="src/pymortests/vectorarray.py" line="966" name="test_copy_wrong_ind[0-&lt;lambda&gt;19]" time="0.002650022506713867"></testcase><testcase classname="src.pymortests.vectorarray" file="src/pymortests/vectorarray.py" line="966" name="test_copy_wrong_ind[0-&lt;lambda&gt;20]" time="0.00905752182006836"></testcase><testcase classname="src.pymortests.vectorarray" file="src/pymortests/vectorarray.py" line="966" name="test_copy_wrong_ind[0-&lt;lambda&gt;21]" time="0.019022703170776367"></testcase><testcase classname="src.pymortests.vectorarray" file="src/pymortests/vectorarray.py" line="966" name="test_copy_wrong_ind[0-&lt;lambda&gt;22]" time="0.002000570297241211"></testcase><testcase classname="src.pymortests.vectorarray" file="src/pymortests/vectorarray.py" line="966" name="test_copy_wrong_ind[0-&lt;lambda&gt;23]" time="0.0013165473937988281"></testcase><testcase classname="src.pymortests.vectorarray" file="src/pymortests/vectorarray.py" line="966" name="test_copy_wrong_ind[0-&lt;lambda&gt;24]" time="0.0022535324096679688"></testcase><testcase classname="src.pymortests.vectorarray" file="src/pymortests/vectorarray.py" line="966" name="test_copy_wrong_ind[0-&lt;lambda&gt;25]" time="0.024330854415893555"></testcase><testcase classname="src.pymortests.vectorarray" file="src/pymortests/vectorarray.py" line="966" name="test_copy_wrong_ind[0-&lt;lambda&gt;26]" time="0.05403614044189453"></testcase><testcase classname="src.pymortests.vectorarray" file="src/pymortests/vectorarray.py" line="966" name="test_copy_wrong_ind[1-&lt;lambda&gt;0]" time="0.002002716064453125"></testcase><testcase classname="src.pymortests.vectorarray" file="src/pymortests/vectorarray.py" line="966" name="test_copy_wrong_ind[1-&lt;lambda&gt;1]" time="0.0015475749969482422"></testcase><testcase classname="src.pymortests.vectorarray" file="src/pymortests/vectorarray.py" line="966" name="test_copy_wrong_ind[1-&lt;lambda&gt;2]" time="0.0014328956604003906"></testcase><testcase classname="src.pymortests.vectorarray" file="src/pymortests/vectorarray.py" line="966" name="test_copy_wrong_ind[1-&lt;lambda&gt;3]" time="0.001355886459350586"></testcase><testcase classname="src.pymortests.vectorarray" file="src/pymortests/vectorarray.py" line="966" name="test_copy_wrong_ind[1-&lt;lambda&gt;4]" time="0.001317739486694336"></testcase><testcase classname="src.pymortests.vectorarray" file="src/pymortests/vectorarray.py" line="966" name="test_copy_wrong_ind[1-&lt;lambda&gt;5]" time="0.0013415813446044922"></testcase><testcase classname="src.pymortests.vectorarray" file="src/pymortests/vectorarray.py" line="966" name="test_copy_wrong_ind[1-&lt;lambda&gt;6]" time="0.0012981891632080078"></testcase><testcase classname="src.pymortests.vectorarray" file="src/pymortests/vectorarray.py" line="966" name="test_copy_wrong_ind[1-&lt;lambda&gt;7]" time="0.0012950897216796875"></testcase><testcase classname="src.pymortests.vectorarray" file="src/pymortests/vectorarray.py" line="966" name="test_copy_wrong_ind[1-&lt;lambda&gt;8]" time="0.0015895366668701172"></testcase><testcase classname="src.pymortests.vectorarray" file="src/pymortests/vectorarray.py" line="966" name="test_copy_wrong_ind[1-&lt;lambda&gt;9]" time="0.0021164417266845703"></testcase><testcase classname="src.pymortests.vectorarray" file="src/pymortests/vectorarray.py" line="966" name="test_copy_wrong_ind[1-&lt;lambda&gt;10]" time="0.001522064208984375"></testcase><testcase classname="src.pymortests.vectorarray" file="src/pymortests/vectorarray.py" line="966" name="test_copy_wrong_ind[1-&lt;lambda&gt;11]" time="0.0015304088592529297"></testcase><testcase classname="src.pymortests.vectorarray" file="src/pymortests/vectorarray.py" line="966" name="test_copy_wrong_ind[1-&lt;lambda&gt;12]" time="0.001634836196899414"></testcase><testcase classname="src.pymortests.vectorarray" file="src/pymortests/vectorarray.py" line="966" name="test_copy_wrong_ind[1-&lt;lambda&gt;13]" time="0.0014140605926513672"></testcase><testcase classname="src.pymortests.vectorarray" file="src/pymortests/vectorarray.py" line="966" name="test_copy_wrong_ind[1-&lt;lambda&gt;14]" time="0.0014560222625732422"></testcase><testcase classname="src.pymortests.vectorarray" file="src/pymortests/vectorarray.py" line="966" name="test_copy_wrong_ind[1-&lt;lambda&gt;15]" time="0.0015273094177246094"></testcase><testcase classname="src.pymortests.vectorarray" file="src/pymortests/vectorarray.py" line="966" name="test_copy_wrong_ind[1-&lt;lambda&gt;16]" time="0.0014827251434326172"></testcase><testcase classname="src.pymortests.vectorarray" file="src/pymortests/vectorarray.py" line="966" name="test_copy_wrong_ind[1-&lt;lambda&gt;17]" time="0.0017657279968261719"></testcase><testcase classname="src.pymortests.vectorarray" file="src/pymortests/vectorarray.py" line="966" name="test_copy_wrong_ind[1-&lt;lambda&gt;18]" time="0.0017731189727783203"></testcase><testcase classname="src.pymortests.vectorarray" file="src/pymortests/vectorarray.py" line="966" name="test_copy_wrong_ind[1-&lt;lambda&gt;19]" time="0.0026450157165527344"></testcase><testcase classname="src.pymortests.vectorarray" file="src/pymortests/vectorarray.py" line="966" name="test_copy_wrong_ind[1-&lt;lambda&gt;20]" time="0.009079456329345703"></testcase><testcase classname="src.pymortests.vectorarray" file="src/pymortests/vectorarray.py" line="966" name="test_copy_wrong_ind[1-&lt;lambda&gt;21]" time="0.019710540771484375"></testcase><testcase classname="src.pymortests.vectorarray" file="src/pymortests/vectorarray.py" line="966" name="test_copy_wrong_ind[1-&lt;lambda&gt;22]" time="0.0019316673278808594"></testcase><testcase classname="src.pymortests.vectorarray" file="src/pymortests/vectorarray.py" line="966" name="test_copy_wrong_ind[1-&lt;lambda&gt;23]" time="0.001394510269165039"></testcase><testcase classname="src.pymortests.vectorarray" file="src/pymortests/vectorarray.py" line="966" name="test_copy_wrong_ind[1-&lt;lambda&gt;24]" time="0.002303600311279297"></testcase><testcase classname="src.pymortests.vectorarray" file="src/pymortests/vectorarray.py" line="966" name="test_copy_wrong_ind[1-&lt;lambda&gt;25]" time="0.023786306381225586"></testcase><testcase classname="src.pymortests.vectorarray" file="src/pymortests/vectorarray.py" line="966" name="test_copy_wrong_ind[1-&lt;lambda&gt;26]" time="0.054543256759643555"></testcase><testcase classname="src.pymortests.vectorarray" file="src/pymortests/vectorarray.py" line="966" name="test_copy_wrong_ind[2-&lt;lambda&gt;0]" time="0.0020656585693359375"></testcase><testcase classname="src.pymortests.vectorarray" file="src/pymortests/vectorarray.py" line="966" name="test_copy_wrong_ind[2-&lt;lambda&gt;1]" time="0.0013599395751953125"></testcase><testcase classname="src.pymortests.vectorarray" file="src/pymortests/vectorarray.py" line="966" name="test_copy_wrong_ind[2-&lt;lambda&gt;2]" time="0.0013251304626464844"></testcase><testcase classname="src.pymortests.vectorarray" file="src/pymortests/vectorarray.py" line="966" name="test_copy_wrong_ind[2-&lt;lambda&gt;3]" time="0.0016450881958007812"></testcase><testcase classname="src.pymortests.vectorarray" file="src/pymortests/vectorarray.py" line="966" name="test_copy_wrong_ind[2-&lt;lambda&gt;4]" time="0.0012667179107666016"></testcase><testcase classname="src.pymortests.vectorarray" file="src/pymortests/vectorarray.py" line="966" name="test_copy_wrong_ind[2-&lt;lambda&gt;5]" time="0.0013036727905273438"></testcase><testcase classname="src.pymortests.vectorarray" file="src/pymortests/vectorarray.py" line="966" name="test_copy_wrong_ind[2-&lt;lambda&gt;6]" time="0.0012502670288085938"></testcase><testcase classname="src.pymortests.vectorarray" file="src/pymortests/vectorarray.py" line="966" name="test_copy_wrong_ind[2-&lt;lambda&gt;7]" time="0.0012924671173095703"></testcase><testcase classname="src.pymortests.vectorarray" file="src/pymortests/vectorarray.py" line="966" name="test_copy_wrong_ind[2-&lt;lambda&gt;8]" time="0.0015249252319335938"></testcase><testcase classname="src.pymortests.vectorarray" file="src/pymortests/vectorarray.py" line="966" name="test_copy_wrong_ind[2-&lt;lambda&gt;9]" time="0.0020558834075927734"></testcase><testcase classname="src.pymortests.vectorarray" file="src/pymortests/vectorarray.py" line="966" name="test_copy_wrong_ind[2-&lt;lambda&gt;10]" time="0.0014805793762207031"></testcase><testcase classname="src.pymortests.vectorarray" file="src/pymortests/vectorarray.py" line="966" name="test_copy_wrong_ind[2-&lt;lambda&gt;11]" time="0.001439809799194336"></testcase><testcase classname="src.pymortests.vectorarray" file="src/pymortests/vectorarray.py" line="966" name="test_copy_wrong_ind[2-&lt;lambda&gt;12]" time="0.0014524459838867188"></testcase><testcase classname="src.pymortests.vectorarray" file="src/pymortests/vectorarray.py" line="966" name="test_copy_wrong_ind[2-&lt;lambda&gt;13]" time="0.001508951187133789"></testcase><testcase classname="src.pymortests.vectorarray" file="src/pymortests/vectorarray.py" line="966" name="test_copy_wrong_ind[2-&lt;lambda&gt;14]" time="0.001428365707397461"></testcase><testcase classname="src.pymortests.vectorarray" file="src/pymortests/vectorarray.py" line="966" name="test_copy_wrong_ind[2-&lt;lambda&gt;15]" time="0.0015261173248291016"></testcase><testcase classname="src.pymortests.vectorarray" file="src/pymortests/vectorarray.py" line="966" name="test_copy_wrong_ind[2-&lt;lambda&gt;16]" time="0.0014491081237792969"></testcase><testcase classname="src.pymortests.vectorarray" file="src/pymortests/vectorarray.py" line="966" name="test_copy_wrong_ind[2-&lt;lambda&gt;17]" time="0.0017178058624267578"></testcase><testcase classname="src.pymortests.vectorarray" file="src/pymortests/vectorarray.py" line="966" name="test_copy_wrong_ind[2-&lt;lambda&gt;18]" time="0.0016148090362548828"></testcase><testcase classname="src.pymortests.vectorarray" file="src/pymortests/vectorarray.py" line="966" name="test_copy_wrong_ind[2-&lt;lambda&gt;19]" time="0.0025207996368408203"></testcase><testcase classname="src.pymortests.vectorarray" file="src/pymortests/vectorarray.py" line="966" name="test_copy_wrong_ind[2-&lt;lambda&gt;20]" time="0.008903741836547852"></testcase><testcase classname="src.pymortests.vectorarray" file="src/pymortests/vectorarray.py" line="966" name="test_copy_wrong_ind[2-&lt;lambda&gt;21]" time="0.018879175186157227"></testcase><testcase classname="src.pymortests.vectorarray" file="src/pymortests/vectorarray.py" line="966" name="test_copy_wrong_ind[2-&lt;lambda&gt;22]" time="0.0019383430480957031"></testcase><testcase classname="src.pymortests.vectorarray" file="src/pymortests/vectorarray.py" line="966" name="test_copy_wrong_ind[2-&lt;lambda&gt;23]" time="0.0013287067413330078"></testcase><testcase classname="src.pymortests.vectorarray" file="src/pymortests/vectorarray.py" line="966" name="test_copy_wrong_ind[2-&lt;lambda&gt;24]" time="0.0025284290313720703"></testcase><testcase classname="src.pymortests.vectorarray" file="src/pymortests/vectorarray.py" line="966" name="test_copy_wrong_ind[2-&lt;lambda&gt;25]" time="0.023936033248901367"></testcase><testcase classname="src.pymortests.vectorarray" file="src/pymortests/vectorarray.py" line="966" name="test_copy_wrong_ind[2-&lt;lambda&gt;26]" time="0.059078216552734375"></testcase><testcase classname="src.pymortests.vectorarray" file="src/pymortests/vectorarray.py" line="973" name="test_remove_wrong_ind[0-&lt;lambda&gt;0]" time="0.0021202564239501953"></testcase><testcase classname="src.pymortests.vectorarray" file="src/pymortests/vectorarray.py" line="973" name="test_remove_wrong_ind[0-&lt;lambda&gt;1]" time="0.0014524459838867188"></testcase><testcase classname="src.pymortests.vectorarray" file="src/pymortests/vectorarray.py" line="973" name="test_remove_wrong_ind[0-&lt;lambda&gt;2]" time="0.0013799667358398438"></testcase><testcase classname="src.pymortests.vectorarray" file="src/pymortests/vectorarray.py" line="973" name="test_remove_wrong_ind[0-&lt;lambda&gt;3]" time="0.0013446807861328125"></testcase><testcase classname="src.pymortests.vectorarray" file="src/pymortests/vectorarray.py" line="973" name="test_remove_wrong_ind[0-&lt;lambda&gt;4]" time="0.0013575553894042969"></testcase><testcase classname="src.pymortests.vectorarray" file="src/pymortests/vectorarray.py" line="973" name="test_remove_wrong_ind[0-&lt;lambda&gt;5]" time="0.0013680458068847656"></testcase><testcase classname="src.pymortests.vectorarray" file="src/pymortests/vectorarray.py" line="973" name="test_remove_wrong_ind[0-&lt;lambda&gt;6]" time="0.0012974739074707031"></testcase><testcase classname="src.pymortests.vectorarray" file="src/pymortests/vectorarray.py" line="973" name="test_remove_wrong_ind[0-&lt;lambda&gt;7]" time="0.0014307498931884766"></testcase><testcase classname="src.pymortests.vectorarray" file="src/pymortests/vectorarray.py" line="973" name="test_remove_wrong_ind[0-&lt;lambda&gt;8]" time="0.0024275779724121094"></testcase><testcase classname="src.pymortests.vectorarray" file="src/pymortests/vectorarray.py" line="973" name="test_remove_wrong_ind[0-&lt;lambda&gt;9]" time="0.003927946090698242"></testcase><testcase classname="src.pymortests.vectorarray" file="src/pymortests/vectorarray.py" line="973" name="test_remove_wrong_ind[0-&lt;lambda&gt;10]" time="0.0016820430755615234"></testcase><testcase classname="src.pymortests.vectorarray" file="src/pymortests/vectorarray.py" line="973" name="test_remove_wrong_ind[0-&lt;lambda&gt;11]" time="0.0016024112701416016"></testcase><testcase classname="src.pymortests.vectorarray" file="src/pymortests/vectorarray.py" line="973" name="test_remove_wrong_ind[0-&lt;lambda&gt;12]" time="0.0015239715576171875"></testcase><testcase classname="src.pymortests.vectorarray" file="src/pymortests/vectorarray.py" line="973" name="test_remove_wrong_ind[0-&lt;lambda&gt;13]" time="0.0014133453369140625"></testcase><testcase classname="src.pymortests.vectorarray" file="src/pymortests/vectorarray.py" line="973" name="test_remove_wrong_ind[0-&lt;lambda&gt;14]" time="0.0014998912811279297"></testcase><testcase classname="src.pymortests.vectorarray" file="src/pymortests/vectorarray.py" line="973" name="test_remove_wrong_ind[0-&lt;lambda&gt;15]" time="0.001645803451538086"></testcase><testcase classname="src.pymortests.vectorarray" file="src/pymortests/vectorarray.py" line="973" name="test_remove_wrong_ind[0-&lt;lambda&gt;16]" time="0.0015943050384521484"></testcase><testcase classname="src.pymortests.vectorarray" file="src/pymortests/vectorarray.py" line="973" name="test_remove_wrong_ind[0-&lt;lambda&gt;17]" time="0.0016942024230957031"></testcase><testcase classname="src.pymortests.vectorarray" file="src/pymortests/vectorarray.py" line="973" name="test_remove_wrong_ind[0-&lt;lambda&gt;18]" time="0.0016815662384033203"></testcase><testcase classname="src.pymortests.vectorarray" file="src/pymortests/vectorarray.py" line="973" name="test_remove_wrong_ind[0-&lt;lambda&gt;19]" time="0.0026597976684570312"></testcase><testcase classname="src.pymortests.vectorarray" file="src/pymortests/vectorarray.py" line="973" name="test_remove_wrong_ind[0-&lt;lambda&gt;20]" time="0.009694099426269531"></testcase><testcase classname="src.pymortests.vectorarray" file="src/pymortests/vectorarray.py" line="973" name="test_remove_wrong_ind[0-&lt;lambda&gt;21]" time="0.02144336700439453"></testcase><testcase classname="src.pymortests.vectorarray" file="src/pymortests/vectorarray.py" line="973" name="test_remove_wrong_ind[0-&lt;lambda&gt;22]" time="0.0019342899322509766"></testcase><testcase classname="src.pymortests.vectorarray" file="src/pymortests/vectorarray.py" line="973" name="test_remove_wrong_ind[0-&lt;lambda&gt;23]" time="0.0013842582702636719"></testcase><testcase classname="src.pymortests.vectorarray" file="src/pymortests/vectorarray.py" line="973" name="test_remove_wrong_ind[0-&lt;lambda&gt;24]" time="0.002495288848876953"></testcase><testcase classname="src.pymortests.vectorarray" file="src/pymortests/vectorarray.py" line="973" name="test_remove_wrong_ind[0-&lt;lambda&gt;25]" time="0.024874448776245117"></testcase><testcase classname="src.pymortests.vectorarray" file="src/pymortests/vectorarray.py" line="973" name="test_remove_wrong_ind[0-&lt;lambda&gt;26]" time="0.05732369422912598"></testcase><testcase classname="src.pymortests.vectorarray" file="src/pymortests/vectorarray.py" line="973" name="test_remove_wrong_ind[1-&lt;lambda&gt;0]" time="0.0023088455200195312"></testcase><testcase classname="src.pymortests.vectorarray" file="src/pymortests/vectorarray.py" line="973" name="test_remove_wrong_ind[1-&lt;lambda&gt;1]" time="0.001434326171875"></testcase><testcase classname="src.pymortests.vectorarray" file="src/pymortests/vectorarray.py" line="973" name="test_remove_wrong_ind[1-&lt;lambda&gt;2]" time="0.00138092041015625"></testcase><testcase classname="src.pymortests.vectorarray" file="src/pymortests/vectorarray.py" line="973" name="test_remove_wrong_ind[1-&lt;lambda&gt;3]" time="0.0013451576232910156"></testcase><testcase classname="src.pymortests.vectorarray" file="src/pymortests/vectorarray.py" line="973" name="test_remove_wrong_ind[1-&lt;lambda&gt;4]" time="0.0013213157653808594"></testcase><testcase classname="src.pymortests.vectorarray" file="src/pymortests/vectorarray.py" line="973" name="test_remove_wrong_ind[1-&lt;lambda&gt;5]" time="0.0013401508331298828"></testcase><testcase classname="src.pymortests.vectorarray" file="src/pymortests/vectorarray.py" line="973" name="test_remove_wrong_ind[1-&lt;lambda&gt;6]" time="0.0012645721435546875"></testcase><testcase classname="src.pymortests.vectorarray" file="src/pymortests/vectorarray.py" line="973" name="test_remove_wrong_ind[1-&lt;lambda&gt;7]" time="0.0013492107391357422"></testcase><testcase classname="src.pymortests.vectorarray" file="src/pymortests/vectorarray.py" line="973" name="test_remove_wrong_ind[1-&lt;lambda&gt;8]" time="0.0024416446685791016"></testcase><testcase classname="src.pymortests.vectorarray" file="src/pymortests/vectorarray.py" line="973" name="test_remove_wrong_ind[1-&lt;lambda&gt;9]" time="0.004068613052368164"></testcase><testcase classname="src.pymortests.vectorarray" file="src/pymortests/vectorarray.py" line="973" name="test_remove_wrong_ind[1-&lt;lambda&gt;10]" time="0.0015306472778320312"></testcase><testcase classname="src.pymortests.vectorarray" file="src/pymortests/vectorarray.py" line="973" name="test_remove_wrong_ind[1-&lt;lambda&gt;11]" time="0.0015256404876708984"></testcase><testcase classname="src.pymortests.vectorarray" file="src/pymortests/vectorarray.py" line="973" name="test_remove_wrong_ind[1-&lt;lambda&gt;12]" time="0.0015935897827148438"></testcase><testcase classname="src.pymortests.vectorarray" file="src/pymortests/vectorarray.py" line="973" name="test_remove_wrong_ind[1-&lt;lambda&gt;13]" time="0.0014357566833496094"></testcase><testcase classname="src.pymortests.vectorarray" file="src/pymortests/vectorarray.py" line="973" name="test_remove_wrong_ind[1-&lt;lambda&gt;14]" time="0.0015344619750976562"></testcase><testcase classname="src.pymortests.vectorarray" file="src/pymortests/vectorarray.py" line="973" name="test_remove_wrong_ind[1-&lt;lambda&gt;15]" time="0.0015990734100341797"></testcase><testcase classname="src.pymortests.vectorarray" file="src/pymortests/vectorarray.py" line="973" name="test_remove_wrong_ind[1-&lt;lambda&gt;16]" time="0.0015802383422851562"></testcase><testcase classname="src.pymortests.vectorarray" file="src/pymortests/vectorarray.py" line="973" name="test_remove_wrong_ind[1-&lt;lambda&gt;17]" time="0.0017311573028564453"></testcase><testcase classname="src.pymortests.vectorarray" file="src/pymortests/vectorarray.py" line="973" name="test_remove_wrong_ind[1-&lt;lambda&gt;18]" time="0.0016663074493408203"></testcase><testcase classname="src.pymortests.vectorarray" file="src/pymortests/vectorarray.py" line="973" name="test_remove_wrong_ind[1-&lt;lambda&gt;19]" time="0.002634763717651367"></testcase><testcase classname="src.pymortests.vectorarray" file="src/pymortests/vectorarray.py" line="973" name="test_remove_wrong_ind[1-&lt;lambda&gt;20]" time="0.009639978408813477"></testcase><testcase classname="src.pymortests.vectorarray" file="src/pymortests/vectorarray.py" line="973" name="test_remove_wrong_ind[1-&lt;lambda&gt;21]" time="0.020654678344726562"></testcase><testcase classname="src.pymortests.vectorarray" file="src/pymortests/vectorarray.py" line="973" name="test_remove_wrong_ind[1-&lt;lambda&gt;22]" time="0.0019767284393310547"></testcase><testcase classname="src.pymortests.vectorarray" file="src/pymortests/vectorarray.py" line="973" name="test_remove_wrong_ind[1-&lt;lambda&gt;23]" time="0.0013751983642578125"></testcase><testcase classname="src.pymortests.vectorarray" file="src/pymortests/vectorarray.py" line="973" name="test_remove_wrong_ind[1-&lt;lambda&gt;24]" time="0.0022819042205810547"></testcase><testcase classname="src.pymortests.vectorarray" file="src/pymortests/vectorarray.py" line="973" name="test_remove_wrong_ind[1-&lt;lambda&gt;25]" time="0.025167465209960938"></testcase><testcase classname="src.pymortests.vectorarray" file="src/pymortests/vectorarray.py" line="973" name="test_remove_wrong_ind[1-&lt;lambda&gt;26]" time="0.05784463882446289"></testcase><testcase classname="src.pymortests.vectorarray" file="src/pymortests/vectorarray.py" line="973" name="test_remove_wrong_ind[2-&lt;lambda&gt;0]" time="0.002051115036010742"></testcase><testcase classname="src.pymortests.vectorarray" file="src/pymortests/vectorarray.py" line="973" name="test_remove_wrong_ind[2-&lt;lambda&gt;1]" time="0.0014755725860595703"></testcase><testcase classname="src.pymortests.vectorarray" file="src/pymortests/vectorarray.py" line="973" name="test_remove_wrong_ind[2-&lt;lambda&gt;2]" time="0.001341104507446289"></testcase><testcase classname="src.pymortests.vectorarray" file="src/pymortests/vectorarray.py" line="973" name="test_remove_wrong_ind[2-&lt;lambda&gt;3]" time="0.0013599395751953125"></testcase><testcase classname="src.pymortests.vectorarray" file="src/pymortests/vectorarray.py" line="973" name="test_remove_wrong_ind[2-&lt;lambda&gt;4]" time="0.0012774467468261719"></testcase><testcase classname="src.pymortests.vectorarray" file="src/pymortests/vectorarray.py" line="973" name="test_remove_wrong_ind[2-&lt;lambda&gt;5]" time="0.0013093948364257812"></testcase><testcase classname="src.pymortests.vectorarray" file="src/pymortests/vectorarray.py" line="973" name="test_remove_wrong_ind[2-&lt;lambda&gt;6]" time="0.0012400150299072266"></testcase><testcase classname="src.pymortests.vectorarray" file="src/pymortests/vectorarray.py" line="973" name="test_remove_wrong_ind[2-&lt;lambda&gt;7]" time="0.0013377666473388672"></testcase><testcase classname="src.pymortests.vectorarray" file="src/pymortests/vectorarray.py" line="973" name="test_remove_wrong_ind[2-&lt;lambda&gt;8]" time="0.0024302005767822266"></testcase><testcase classname="src.pymortests.vectorarray" file="src/pymortests/vectorarray.py" line="973" name="test_remove_wrong_ind[2-&lt;lambda&gt;9]" time="0.003999948501586914"></testcase><testcase classname="src.pymortests.vectorarray" file="src/pymortests/vectorarray.py" line="973" name="test_remove_wrong_ind[2-&lt;lambda&gt;10]" time="0.001566171646118164"></testcase><testcase classname="src.pymortests.vectorarray" file="src/pymortests/vectorarray.py" line="973" name="test_remove_wrong_ind[2-&lt;lambda&gt;11]" time="0.0015187263488769531"></testcase><testcase classname="src.pymortests.vectorarray" file="src/pymortests/vectorarray.py" line="973" name="test_remove_wrong_ind[2-&lt;lambda&gt;12]" time="0.0014982223510742188"></testcase><testcase classname="src.pymortests.vectorarray" file="src/pymortests/vectorarray.py" line="973" name="test_remove_wrong_ind[2-&lt;lambda&gt;13]" time="0.0014464855194091797"></testcase><testcase classname="src.pymortests.vectorarray" file="src/pymortests/vectorarray.py" line="973" name="test_remove_wrong_ind[2-&lt;lambda&gt;14]" time="0.0014934539794921875"></testcase><testcase classname="src.pymortests.vectorarray" file="src/pymortests/vectorarray.py" line="973" name="test_remove_wrong_ind[2-&lt;lambda&gt;15]" time="0.001583099365234375"></testcase><testcase classname="src.pymortests.vectorarray" file="src/pymortests/vectorarray.py" line="973" name="test_remove_wrong_ind[2-&lt;lambda&gt;16]" time="0.0015900135040283203"></testcase><testcase classname="src.pymortests.vectorarray" file="src/pymortests/vectorarray.py" line="973" name="test_remove_wrong_ind[2-&lt;lambda&gt;17]" time="0.0017094612121582031"></testcase><testcase classname="src.pymortests.vectorarray" file="src/pymortests/vectorarray.py" line="973" name="test_remove_wrong_ind[2-&lt;lambda&gt;18]" time="0.0016350746154785156"></testcase><testcase classname="src.pymortests.vectorarray" file="src/pymortests/vectorarray.py" line="973" name="test_remove_wrong_ind[2-&lt;lambda&gt;19]" time="0.002592325210571289"></testcase><testcase classname="src.pymortests.vectorarray" file="src/pymortests/vectorarray.py" line="973" name="test_remove_wrong_ind[2-&lt;lambda&gt;20]" time="0.010039806365966797"></testcase><testcase classname="src.pymortests.vectorarray" file="src/pymortests/vectorarray.py" line="973" name="test_remove_wrong_ind[2-&lt;lambda&gt;21]" time="0.020651817321777344"></testcase><testcase classname="src.pymortests.vectorarray" file="src/pymortests/vectorarray.py" line="973" name="test_remove_wrong_ind[2-&lt;lambda&gt;22]" time="0.0018649101257324219"></testcase><testcase classname="src.pymortests.vectorarray" file="src/pymortests/vectorarray.py" line="973" name="test_remove_wrong_ind[2-&lt;lambda&gt;23]" time="0.0012977123260498047"></testcase><testcase classname="src.pymortests.vectorarray" file="src/pymortests/vectorarray.py" line="973" name="test_remove_wrong_ind[2-&lt;lambda&gt;24]" time="0.0024220943450927734"></testcase><testcase classname="src.pymortests.vectorarray" file="src/pymortests/vectorarray.py" line="973" name="test_remove_wrong_ind[2-&lt;lambda&gt;25]" time="0.024500608444213867"></testcase><testcase classname="src.pymortests.vectorarray" file="src/pymortests/vectorarray.py" line="973" name="test_remove_wrong_ind[2-&lt;lambda&gt;26]" time="0.05631256103515625"></testcase><testcase classname="src.pymortests.vectorarray" file="src/pymortests/vectorarray.py" line="981" name="test_scal_wrong_ind[0-&lt;lambda&gt;0]" time="0.002624988555908203"></testcase><testcase classname="src.pymortests.vectorarray" file="src/pymortests/vectorarray.py" line="981" name="test_scal_wrong_ind[0-&lt;lambda&gt;1]" time="0.0020017623901367188"></testcase><testcase classname="src.pymortests.vectorarray" file="src/pymortests/vectorarray.py" line="981" name="test_scal_wrong_ind[0-&lt;lambda&gt;2]" time="0.0018231868743896484"></testcase><testcase classname="src.pymortests.vectorarray" file="src/pymortests/vectorarray.py" line="981" name="test_scal_wrong_ind[0-&lt;lambda&gt;3]" time="0.001870870590209961"></testcase><testcase classname="src.pymortests.vectorarray" file="src/pymortests/vectorarray.py" line="981" name="test_scal_wrong_ind[0-&lt;lambda&gt;4]" time="0.0018088817596435547"></testcase><testcase classname="src.pymortests.vectorarray" file="src/pymortests/vectorarray.py" line="981" name="test_scal_wrong_ind[0-&lt;lambda&gt;5]" time="0.0017063617706298828"></testcase><testcase classname="src.pymortests.vectorarray" file="src/pymortests/vectorarray.py" line="981" name="test_scal_wrong_ind[0-&lt;lambda&gt;6]" time="0.0016751289367675781"></testcase><testcase classname="src.pymortests.vectorarray" file="src/pymortests/vectorarray.py" line="981" name="test_scal_wrong_ind[0-&lt;lambda&gt;7]" time="0.001787424087524414"></testcase><testcase classname="src.pymortests.vectorarray" file="src/pymortests/vectorarray.py" line="981" name="test_scal_wrong_ind[0-&lt;lambda&gt;8]" time="0.005236148834228516"></testcase><testcase classname="src.pymortests.vectorarray" file="src/pymortests/vectorarray.py" line="981" name="test_scal_wrong_ind[0-&lt;lambda&gt;9]" time="0.01057124137878418"></testcase><testcase classname="src.pymortests.vectorarray" file="src/pymortests/vectorarray.py" line="981" name="test_scal_wrong_ind[0-&lt;lambda&gt;10]" time="0.0024263858795166016"></testcase><testcase classname="src.pymortests.vectorarray" file="src/pymortests/vectorarray.py" line="981" name="test_scal_wrong_ind[0-&lt;lambda&gt;11]" time="0.002324342727661133"></testcase><testcase classname="src.pymortests.vectorarray" file="src/pymortests/vectorarray.py" line="981" name="test_scal_wrong_ind[0-&lt;lambda&gt;12]" time="0.0024483203887939453"></testcase><testcase classname="src.pymortests.vectorarray" file="src/pymortests/vectorarray.py" line="981" name="test_scal_wrong_ind[0-&lt;lambda&gt;13]" time="0.0021371841430664062"></testcase><testcase classname="src.pymortests.vectorarray" file="src/pymortests/vectorarray.py" line="981" name="test_scal_wrong_ind[0-&lt;lambda&gt;14]" time="0.002227783203125"></testcase><testcase classname="src.pymortests.vectorarray" file="src/pymortests/vectorarray.py" line="981" name="test_scal_wrong_ind[0-&lt;lambda&gt;15]" time="0.0024101734161376953"></testcase><testcase classname="src.pymortests.vectorarray" file="src/pymortests/vectorarray.py" line="981" name="test_scal_wrong_ind[0-&lt;lambda&gt;16]" time="0.002485036849975586"></testcase><testcase classname="src.pymortests.vectorarray" file="src/pymortests/vectorarray.py" line="981" name="test_scal_wrong_ind[0-&lt;lambda&gt;17]" time="0.002104520797729492"></testcase><testcase classname="src.pymortests.vectorarray" file="src/pymortests/vectorarray.py" line="981" name="test_scal_wrong_ind[0-&lt;lambda&gt;18]" time="0.0020825862884521484"></testcase><testcase classname="src.pymortests.vectorarray" file="src/pymortests/vectorarray.py" line="981" name="test_scal_wrong_ind[0-&lt;lambda&gt;19]" time="0.003143787384033203"></testcase><testcase classname="src.pymortests.vectorarray" file="src/pymortests/vectorarray.py" line="981" name="test_scal_wrong_ind[0-&lt;lambda&gt;20]" time="0.013001441955566406"></testcase><testcase classname="src.pymortests.vectorarray" file="src/pymortests/vectorarray.py" line="981" name="test_scal_wrong_ind[0-&lt;lambda&gt;21]" time="0.0272824764251709"></testcase><testcase classname="src.pymortests.vectorarray" file="src/pymortests/vectorarray.py" line="981" name="test_scal_wrong_ind[0-&lt;lambda&gt;22]" time="0.0025625228881835938"></testcase><testcase classname="src.pymortests.vectorarray" file="src/pymortests/vectorarray.py" line="981" name="test_scal_wrong_ind[0-&lt;lambda&gt;23]" time="0.0018742084503173828"></testcase><testcase classname="src.pymortests.vectorarray" file="src/pymortests/vectorarray.py" line="981" name="test_scal_wrong_ind[0-&lt;lambda&gt;24]" time="0.002875804901123047"></testcase><testcase classname="src.pymortests.vectorarray" file="src/pymortests/vectorarray.py" line="981" name="test_scal_wrong_ind[0-&lt;lambda&gt;25]" time="0.027135848999023438"></testcase><testcase classname="src.pymortests.vectorarray" file="src/pymortests/vectorarray.py" line="981" name="test_scal_wrong_ind[0-&lt;lambda&gt;26]" time="0.06353211402893066"></testcase><testcase classname="src.pymortests.vectorarray" file="src/pymortests/vectorarray.py" line="981" name="test_scal_wrong_ind[1-&lt;lambda&gt;0]" time="0.0027894973754882812"></testcase><testcase classname="src.pymortests.vectorarray" file="src/pymortests/vectorarray.py" line="981" name="test_scal_wrong_ind[1-&lt;lambda&gt;1]" time="0.0019466876983642578"></testcase><testcase classname="src.pymortests.vectorarray" file="src/pymortests/vectorarray.py" line="981" name="test_scal_wrong_ind[1-&lt;lambda&gt;2]" time="0.0022003650665283203"></testcase><testcase classname="src.pymortests.vectorarray" file="src/pymortests/vectorarray.py" line="981" name="test_scal_wrong_ind[1-&lt;lambda&gt;3]" time="0.0019414424896240234"></testcase><testcase classname="src.pymortests.vectorarray" file="src/pymortests/vectorarray.py" line="981" name="test_scal_wrong_ind[1-&lt;lambda&gt;4]" time="0.0019905567169189453"></testcase><testcase classname="src.pymortests.vectorarray" file="src/pymortests/vectorarray.py" line="981" name="test_scal_wrong_ind[1-&lt;lambda&gt;5]" time="0.0017306804656982422"></testcase><testcase classname="src.pymortests.vectorarray" file="src/pymortests/vectorarray.py" line="981" name="test_scal_wrong_ind[1-&lt;lambda&gt;6]" time="0.0017745494842529297"></testcase><testcase classname="src.pymortests.vectorarray" file="src/pymortests/vectorarray.py" line="981" name="test_scal_wrong_ind[1-&lt;lambda&gt;7]" time="0.0019261837005615234"></testcase><testcase classname="src.pymortests.vectorarray" file="src/pymortests/vectorarray.py" line="981" name="test_scal_wrong_ind[1-&lt;lambda&gt;8]" time="0.0054931640625"></testcase><testcase classname="src.pymortests.vectorarray" file="src/pymortests/vectorarray.py" line="981" name="test_scal_wrong_ind[1-&lt;lambda&gt;9]" time="0.01098775863647461"></testcase><testcase classname="src.pymortests.vectorarray" file="src/pymortests/vectorarray.py" line="981" name="test_scal_wrong_ind[1-&lt;lambda&gt;10]" time="0.002534627914428711"></testcase><testcase classname="src.pymortests.vectorarray" file="src/pymortests/vectorarray.py" line="981" name="test_scal_wrong_ind[1-&lt;lambda&gt;11]" time="0.0024633407592773438"></testcase><testcase classname="src.pymortests.vectorarray" file="src/pymortests/vectorarray.py" line="981" name="test_scal_wrong_ind[1-&lt;lambda&gt;12]" time="0.002498626708984375"></testcase><testcase classname="src.pymortests.vectorarray" file="src/pymortests/vectorarray.py" line="981" name="test_scal_wrong_ind[1-&lt;lambda&gt;13]" time="0.0022363662719726562"></testcase><testcase classname="src.pymortests.vectorarray" file="src/pymortests/vectorarray.py" line="981" name="test_scal_wrong_ind[1-&lt;lambda&gt;14]" time="0.002438783645629883"></testcase><testcase classname="src.pymortests.vectorarray" file="src/pymortests/vectorarray.py" line="981" name="test_scal_wrong_ind[1-&lt;lambda&gt;15]" time="0.002685070037841797"></testcase><testcase classname="src.pymortests.vectorarray" file="src/pymortests/vectorarray.py" line="981" name="test_scal_wrong_ind[1-&lt;lambda&gt;16]" time="0.0026781558990478516"></testcase><testcase classname="src.pymortests.vectorarray" file="src/pymortests/vectorarray.py" line="981" name="test_scal_wrong_ind[1-&lt;lambda&gt;17]" time="0.0023086071014404297"></testcase><testcase classname="src.pymortests.vectorarray" file="src/pymortests/vectorarray.py" line="981" name="test_scal_wrong_ind[1-&lt;lambda&gt;18]" time="0.0022346973419189453"></testcase><testcase classname="src.pymortests.vectorarray" file="src/pymortests/vectorarray.py" line="981" name="test_scal_wrong_ind[1-&lt;lambda&gt;19]" time="0.0033330917358398438"></testcase><testcase classname="src.pymortests.vectorarray" file="src/pymortests/vectorarray.py" line="981" name="test_scal_wrong_ind[1-&lt;lambda&gt;20]" time="0.013803243637084961"></testcase><testcase classname="src.pymortests.vectorarray" file="src/pymortests/vectorarray.py" line="981" name="test_scal_wrong_ind[1-&lt;lambda&gt;21]" time="0.028536319732666016"></testcase><testcase classname="src.pymortests.vectorarray" file="src/pymortests/vectorarray.py" line="981" name="test_scal_wrong_ind[1-&lt;lambda&gt;22]" time="0.0025634765625"></testcase><testcase classname="src.pymortests.vectorarray" file="src/pymortests/vectorarray.py" line="981" name="test_scal_wrong_ind[1-&lt;lambda&gt;23]" time="0.0018270015716552734"></testcase><testcase classname="src.pymortests.vectorarray" file="src/pymortests/vectorarray.py" line="981" name="test_scal_wrong_ind[1-&lt;lambda&gt;24]" time="0.002847909927368164"></testcase><testcase classname="src.pymortests.vectorarray" file="src/pymortests/vectorarray.py" line="981" name="test_scal_wrong_ind[1-&lt;lambda&gt;25]" time="0.02763533592224121"></testcase><testcase classname="src.pymortests.vectorarray" file="src/pymortests/vectorarray.py" line="981" name="test_scal_wrong_ind[1-&lt;lambda&gt;26]" time="0.0645906925201416"></testcase><testcase classname="src.pymortests.vectorarray" file="src/pymortests/vectorarray.py" line="981" name="test_scal_wrong_ind[2-&lt;lambda&gt;0]" time="0.0027914047241210938"></testcase><testcase classname="src.pymortests.vectorarray" file="src/pymortests/vectorarray.py" line="981" name="test_scal_wrong_ind[2-&lt;lambda&gt;1]" time="0.001928091049194336"></testcase><testcase classname="src.pymortests.vectorarray" file="src/pymortests/vectorarray.py" line="981" name="test_scal_wrong_ind[2-&lt;lambda&gt;2]" time="0.002010822296142578"></testcase><testcase classname="src.pymortests.vectorarray" file="src/pymortests/vectorarray.py" line="981" name="test_scal_wrong_ind[2-&lt;lambda&gt;3]" time="0.0022907257080078125"></testcase><testcase classname="src.pymortests.vectorarray" file="src/pymortests/vectorarray.py" line="981" name="test_scal_wrong_ind[2-&lt;lambda&gt;4]" time="0.0018634796142578125"></testcase><testcase classname="src.pymortests.vectorarray" file="src/pymortests/vectorarray.py" line="981" name="test_scal_wrong_ind[2-&lt;lambda&gt;5]" time="0.0017628669738769531"></testcase><testcase classname="src.pymortests.vectorarray" file="src/pymortests/vectorarray.py" line="981" name="test_scal_wrong_ind[2-&lt;lambda&gt;6]" time="0.0017354488372802734"></testcase><testcase classname="src.pymortests.vectorarray" file="src/pymortests/vectorarray.py" line="981" name="test_scal_wrong_ind[2-&lt;lambda&gt;7]" time="0.0019609928131103516"></testcase><testcase classname="src.pymortests.vectorarray" file="src/pymortests/vectorarray.py" line="981" name="test_scal_wrong_ind[2-&lt;lambda&gt;8]" time="0.005568504333496094"></testcase><testcase classname="src.pymortests.vectorarray" file="src/pymortests/vectorarray.py" line="981" name="test_scal_wrong_ind[2-&lt;lambda&gt;9]" time="0.010981082916259766"></testcase><testcase classname="src.pymortests.vectorarray" file="src/pymortests/vectorarray.py" line="981" name="test_scal_wrong_ind[2-&lt;lambda&gt;10]" time="0.0025930404663085938"></testcase><testcase classname="src.pymortests.vectorarray" file="src/pymortests/vectorarray.py" line="981" name="test_scal_wrong_ind[2-&lt;lambda&gt;11]" time="0.0024564266204833984"></testcase><testcase classname="src.pymortests.vectorarray" file="src/pymortests/vectorarray.py" line="981" name="test_scal_wrong_ind[2-&lt;lambda&gt;12]" time="0.0028748512268066406"></testcase><testcase classname="src.pymortests.vectorarray" file="src/pymortests/vectorarray.py" line="981" name="test_scal_wrong_ind[2-&lt;lambda&gt;13]" time="0.002373933792114258"></testcase><testcase classname="src.pymortests.vectorarray" file="src/pymortests/vectorarray.py" line="981" name="test_scal_wrong_ind[2-&lt;lambda&gt;14]" time="0.0024542808532714844"></testcase><testcase classname="src.pymortests.vectorarray" file="src/pymortests/vectorarray.py" line="981" name="test_scal_wrong_ind[2-&lt;lambda&gt;15]" time="0.0027816295623779297"></testcase><testcase classname="src.pymortests.vectorarray" file="src/pymortests/vectorarray.py" line="981" name="test_scal_wrong_ind[2-&lt;lambda&gt;16]" time="0.0026988983154296875"></testcase><testcase classname="src.pymortests.vectorarray" file="src/pymortests/vectorarray.py" line="981" name="test_scal_wrong_ind[2-&lt;lambda&gt;17]" time="0.0023224353790283203"></testcase><testcase classname="src.pymortests.vectorarray" file="src/pymortests/vectorarray.py" line="981" name="test_scal_wrong_ind[2-&lt;lambda&gt;18]" time="0.00244140625"></testcase><testcase classname="src.pymortests.vectorarray" file="src/pymortests/vectorarray.py" line="981" name="test_scal_wrong_ind[2-&lt;lambda&gt;19]" time="0.0032906532287597656"></testcase><testcase classname="src.pymortests.vectorarray" file="src/pymortests/vectorarray.py" line="981" name="test_scal_wrong_ind[2-&lt;lambda&gt;20]" time="0.013795852661132812"></testcase><testcase classname="src.pymortests.vectorarray" file="src/pymortests/vectorarray.py" line="981" name="test_scal_wrong_ind[2-&lt;lambda&gt;21]" time="0.032286643981933594"></testcase><testcase classname="src.pymortests.vectorarray" file="src/pymortests/vectorarray.py" line="981" name="test_scal_wrong_ind[2-&lt;lambda&gt;22]" time="0.0026221275329589844"></testcase><testcase classname="src.pymortests.vectorarray" file="src/pymortests/vectorarray.py" line="981" name="test_scal_wrong_ind[2-&lt;lambda&gt;23]" time="0.001786947250366211"></testcase><testcase classname="src.pymortests.vectorarray" file="src/pymortests/vectorarray.py" line="981" name="test_scal_wrong_ind[2-&lt;lambda&gt;24]" time="0.002939462661743164"></testcase><testcase classname="src.pymortests.vectorarray" file="src/pymortests/vectorarray.py" line="981" name="test_scal_wrong_ind[2-&lt;lambda&gt;25]" time="0.028676748275756836"></testcase><testcase classname="src.pymortests.vectorarray" file="src/pymortests/vectorarray.py" line="981" name="test_scal_wrong_ind[2-&lt;lambda&gt;26]" time="0.06252861022949219"></testcase><testcase classname="src.pymortests.vectorarray" file="src/pymortests/vectorarray.py" line="998" name="test_scal_wrong_coefficients[0-&lt;lambda&gt;0]" time="0.0023980140686035156"></testcase><testcase classname="src.pymortests.vectorarray" file="src/pymortests/vectorarray.py" line="998" name="test_scal_wrong_coefficients[0-&lt;lambda&gt;1]" time="0.0017006397247314453"></testcase><testcase classname="src.pymortests.vectorarray" file="src/pymortests/vectorarray.py" line="998" name="test_scal_wrong_coefficients[0-&lt;lambda&gt;2]" time="0.0028226375579833984"></testcase><testcase classname="src.pymortests.vectorarray" file="src/pymortests/vectorarray.py" line="998" name="test_scal_wrong_coefficients[0-&lt;lambda&gt;3]" time="0.004302024841308594"></testcase><testcase classname="src.pymortests.vectorarray" file="src/pymortests/vectorarray.py" line="998" name="test_scal_wrong_coefficients[0-&lt;lambda&gt;4]" time="0.0052013397216796875"></testcase><testcase classname="src.pymortests.vectorarray" file="src/pymortests/vectorarray.py" line="998" name="test_scal_wrong_coefficients[0-&lt;lambda&gt;5]" time="0.0016832351684570312"></testcase><testcase classname="src.pymortests.vectorarray" file="src/pymortests/vectorarray.py" line="998" name="test_scal_wrong_coefficients[0-&lt;lambda&gt;6]" time="0.0015864372253417969"></testcase><testcase classname="src.pymortests.vectorarray" file="src/pymortests/vectorarray.py" line="998" name="test_scal_wrong_coefficients[0-&lt;lambda&gt;7]" time="0.002393007278442383"></testcase><testcase classname="src.pymortests.vectorarray" file="src/pymortests/vectorarray.py" line="998" name="test_scal_wrong_coefficients[0-&lt;lambda&gt;8]" time="0.0034651756286621094"></testcase><testcase classname="src.pymortests.vectorarray" file="src/pymortests/vectorarray.py" line="998" name="test_scal_wrong_coefficients[0-&lt;lambda&gt;9]" time="0.0044748783111572266"></testcase><testcase classname="src.pymortests.vectorarray" file="src/pymortests/vectorarray.py" line="998" name="test_scal_wrong_coefficients[0-&lt;lambda&gt;10]" time="0.0018579959869384766"></testcase><testcase classname="src.pymortests.vectorarray" file="src/pymortests/vectorarray.py" line="998" name="test_scal_wrong_coefficients[0-&lt;lambda&gt;11]" time="0.0034012794494628906"></testcase><testcase classname="src.pymortests.vectorarray" file="src/pymortests/vectorarray.py" line="998" name="test_scal_wrong_coefficients[0-&lt;lambda&gt;12]" time="0.0032749176025390625"></testcase><testcase classname="src.pymortests.vectorarray" file="src/pymortests/vectorarray.py" line="998" name="test_scal_wrong_coefficients[0-&lt;lambda&gt;13]" time="0.002803802490234375"></testcase><testcase classname="src.pymortests.vectorarray" file="src/pymortests/vectorarray.py" line="998" name="test_scal_wrong_coefficients[0-&lt;lambda&gt;14]" time="0.003541707992553711"></testcase><testcase classname="src.pymortests.vectorarray" file="src/pymortests/vectorarray.py" line="998" name="test_scal_wrong_coefficients[0-&lt;lambda&gt;15]" time="0.0050504207611083984"></testcase><testcase classname="src.pymortests.vectorarray" file="src/pymortests/vectorarray.py" line="998" name="test_scal_wrong_coefficients[0-&lt;lambda&gt;16]" time="0.006539344787597656"></testcase><testcase classname="src.pymortests.vectorarray" file="src/pymortests/vectorarray.py" line="998" name="test_scal_wrong_coefficients[0-&lt;lambda&gt;17]" time="0.0021333694458007812"></testcase><testcase classname="src.pymortests.vectorarray" file="src/pymortests/vectorarray.py" line="998" name="test_scal_wrong_coefficients[0-&lt;lambda&gt;18]" time="0.0020842552185058594"></testcase><testcase classname="src.pymortests.vectorarray" file="src/pymortests/vectorarray.py" line="998" name="test_scal_wrong_coefficients[0-&lt;lambda&gt;19]" time="0.0038971900939941406"></testcase><testcase classname="src.pymortests.vectorarray" file="src/pymortests/vectorarray.py" line="998" name="test_scal_wrong_coefficients[0-&lt;lambda&gt;20]" time="0.011332273483276367"></testcase><testcase classname="src.pymortests.vectorarray" file="src/pymortests/vectorarray.py" line="998" name="test_scal_wrong_coefficients[0-&lt;lambda&gt;21]" time="0.02186894416809082"></testcase><testcase classname="src.pymortests.vectorarray" file="src/pymortests/vectorarray.py" line="998" name="test_scal_wrong_coefficients[0-&lt;lambda&gt;22]" time="0.0024068355560302734"></testcase><testcase classname="src.pymortests.vectorarray" file="src/pymortests/vectorarray.py" line="998" name="test_scal_wrong_coefficients[0-&lt;lambda&gt;23]" time="0.0016951560974121094"></testcase><testcase classname="src.pymortests.vectorarray" file="src/pymortests/vectorarray.py" line="998" name="test_scal_wrong_coefficients[0-&lt;lambda&gt;24]" time="0.003572702407836914"></testcase><testcase classname="src.pymortests.vectorarray" file="src/pymortests/vectorarray.py" line="998" name="test_scal_wrong_coefficients[0-&lt;lambda&gt;25]" time="0.026155471801757812"></testcase><testcase classname="src.pymortests.vectorarray" file="src/pymortests/vectorarray.py" line="998" name="test_scal_wrong_coefficients[0-&lt;lambda&gt;26]" time="0.05660223960876465"></testcase><testcase classname="src.pymortests.vectorarray" file="src/pymortests/vectorarray.py" line="998" name="test_scal_wrong_coefficients[1-&lt;lambda&gt;0]" time="0.002362966537475586"></testcase><testcase classname="src.pymortests.vectorarray" file="src/pymortests/vectorarray.py" line="998" name="test_scal_wrong_coefficients[1-&lt;lambda&gt;1]" time="0.0017473697662353516"></testcase><testcase classname="src.pymortests.vectorarray" file="src/pymortests/vectorarray.py" line="998" name="test_scal_wrong_coefficients[1-&lt;lambda&gt;2]" time="0.0026035308837890625"></testcase><testcase classname="src.pymortests.vectorarray" file="src/pymortests/vectorarray.py" line="998" name="test_scal_wrong_coefficients[1-&lt;lambda&gt;3]" time="0.0033082962036132812"></testcase><testcase classname="src.pymortests.vectorarray" file="src/pymortests/vectorarray.py" line="998" name="test_scal_wrong_coefficients[1-&lt;lambda&gt;4]" time="0.004027128219604492"></testcase><testcase classname="src.pymortests.vectorarray" file="src/pymortests/vectorarray.py" line="998" name="test_scal_wrong_coefficients[1-&lt;lambda&gt;5]" time="0.0017385482788085938"></testcase><testcase classname="src.pymortests.vectorarray" file="src/pymortests/vectorarray.py" line="998" name="test_scal_wrong_coefficients[1-&lt;lambda&gt;6]" time="0.0015895366668701172"></testcase><testcase classname="src.pymortests.vectorarray" file="src/pymortests/vectorarray.py" line="998" name="test_scal_wrong_coefficients[1-&lt;lambda&gt;7]" time="0.0025320053100585938"></testcase><testcase classname="src.pymortests.vectorarray" file="src/pymortests/vectorarray.py" line="998" name="test_scal_wrong_coefficients[1-&lt;lambda&gt;8]" time="0.003596067428588867"></testcase><testcase classname="src.pymortests.vectorarray" file="src/pymortests/vectorarray.py" line="998" name="test_scal_wrong_coefficients[1-&lt;lambda&gt;9]" time="0.005113363265991211"></testcase><testcase classname="src.pymortests.vectorarray" file="src/pymortests/vectorarray.py" line="998" name="test_scal_wrong_coefficients[1-&lt;lambda&gt;10]" time="0.0019307136535644531"></testcase><testcase classname="src.pymortests.vectorarray" file="src/pymortests/vectorarray.py" line="998" name="test_scal_wrong_coefficients[1-&lt;lambda&gt;11]" time="0.003452301025390625"></testcase><testcase classname="src.pymortests.vectorarray" file="src/pymortests/vectorarray.py" line="998" name="test_scal_wrong_coefficients[1-&lt;lambda&gt;12]" time="0.0032906532287597656"></testcase><testcase classname="src.pymortests.vectorarray" file="src/pymortests/vectorarray.py" line="998" name="test_scal_wrong_coefficients[1-&lt;lambda&gt;13]" time="0.0029442310333251953"></testcase><testcase classname="src.pymortests.vectorarray" file="src/pymortests/vectorarray.py" line="998" name="test_scal_wrong_coefficients[1-&lt;lambda&gt;14]" time="0.003314971923828125"></testcase><testcase classname="src.pymortests.vectorarray" file="src/pymortests/vectorarray.py" line="998" name="test_scal_wrong_coefficients[1-&lt;lambda&gt;15]" time="0.005067586898803711"></testcase><testcase classname="src.pymortests.vectorarray" file="src/pymortests/vectorarray.py" line="998" name="test_scal_wrong_coefficients[1-&lt;lambda&gt;16]" time="0.0067026615142822266"></testcase><testcase classname="src.pymortests.vectorarray" file="src/pymortests/vectorarray.py" line="998" name="test_scal_wrong_coefficients[1-&lt;lambda&gt;17]" time="0.00218963623046875"></testcase><testcase classname="src.pymortests.vectorarray" file="src/pymortests/vectorarray.py" line="998" name="test_scal_wrong_coefficients[1-&lt;lambda&gt;18]" time="0.0021212100982666016"></testcase><testcase classname="src.pymortests.vectorarray" file="src/pymortests/vectorarray.py" line="998" name="test_scal_wrong_coefficients[1-&lt;lambda&gt;19]" time="0.0040128231048583984"></testcase><testcase classname="src.pymortests.vectorarray" file="src/pymortests/vectorarray.py" line="998" name="test_scal_wrong_coefficients[1-&lt;lambda&gt;20]" time="0.011194944381713867"></testcase><testcase classname="src.pymortests.vectorarray" file="src/pymortests/vectorarray.py" line="998" name="test_scal_wrong_coefficients[1-&lt;lambda&gt;21]" time="0.02259230613708496"></testcase><testcase classname="src.pymortests.vectorarray" file="src/pymortests/vectorarray.py" line="998" name="test_scal_wrong_coefficients[1-&lt;lambda&gt;22]" time="0.0023860931396484375"></testcase><testcase classname="src.pymortests.vectorarray" file="src/pymortests/vectorarray.py" line="998" name="test_scal_wrong_coefficients[1-&lt;lambda&gt;23]" time="0.0017201900482177734"></testcase><testcase classname="src.pymortests.vectorarray" file="src/pymortests/vectorarray.py" line="998" name="test_scal_wrong_coefficients[1-&lt;lambda&gt;24]" time="0.0035305023193359375"></testcase><testcase classname="src.pymortests.vectorarray" file="src/pymortests/vectorarray.py" line="998" name="test_scal_wrong_coefficients[1-&lt;lambda&gt;25]" time="0.026236295700073242"></testcase><testcase classname="src.pymortests.vectorarray" file="src/pymortests/vectorarray.py" line="998" name="test_scal_wrong_coefficients[1-&lt;lambda&gt;26]" time="0.059442996978759766"></testcase><testcase classname="src.pymortests.vectorarray" file="src/pymortests/vectorarray.py" line="998" name="test_scal_wrong_coefficients[2-&lt;lambda&gt;0]" time="0.0024671554565429688"></testcase><testcase classname="src.pymortests.vectorarray" file="src/pymortests/vectorarray.py" line="998" name="test_scal_wrong_coefficients[2-&lt;lambda&gt;1]" time="0.0017080307006835938"></testcase><testcase classname="src.pymortests.vectorarray" file="src/pymortests/vectorarray.py" line="998" name="test_scal_wrong_coefficients[2-&lt;lambda&gt;2]" time="0.002596616744995117"></testcase><testcase classname="src.pymortests.vectorarray" file="src/pymortests/vectorarray.py" line="998" name="test_scal_wrong_coefficients[2-&lt;lambda&gt;3]" time="0.0033636093139648438"></testcase><testcase classname="src.pymortests.vectorarray" file="src/pymortests/vectorarray.py" line="998" name="test_scal_wrong_coefficients[2-&lt;lambda&gt;4]" time="0.003994941711425781"></testcase><testcase classname="src.pymortests.vectorarray" file="src/pymortests/vectorarray.py" line="998" name="test_scal_wrong_coefficients[2-&lt;lambda&gt;5]" time="0.0016129016876220703"></testcase><testcase classname="src.pymortests.vectorarray" file="src/pymortests/vectorarray.py" line="998" name="test_scal_wrong_coefficients[2-&lt;lambda&gt;6]" time="0.0016396045684814453"></testcase><testcase classname="src.pymortests.vectorarray" file="src/pymortests/vectorarray.py" line="998" name="test_scal_wrong_coefficients[2-&lt;lambda&gt;7]" time="0.002474069595336914"></testcase><testcase classname="src.pymortests.vectorarray" file="src/pymortests/vectorarray.py" line="998" name="test_scal_wrong_coefficients[2-&lt;lambda&gt;8]" time="0.0036275386810302734"></testcase><testcase classname="src.pymortests.vectorarray" file="src/pymortests/vectorarray.py" line="998" name="test_scal_wrong_coefficients[2-&lt;lambda&gt;9]" time="0.005431175231933594"></testcase><testcase classname="src.pymortests.vectorarray" file="src/pymortests/vectorarray.py" line="998" name="test_scal_wrong_coefficients[2-&lt;lambda&gt;10]" time="0.0020020008087158203"></testcase><testcase classname="src.pymortests.vectorarray" file="src/pymortests/vectorarray.py" line="998" name="test_scal_wrong_coefficients[2-&lt;lambda&gt;11]" time="0.0034449100494384766"></testcase><testcase classname="src.pymortests.vectorarray" file="src/pymortests/vectorarray.py" line="998" name="test_scal_wrong_coefficients[2-&lt;lambda&gt;12]" time="0.003385782241821289"></testcase><testcase classname="src.pymortests.vectorarray" file="src/pymortests/vectorarray.py" line="998" name="test_scal_wrong_coefficients[2-&lt;lambda&gt;13]" time="0.002816915512084961"></testcase><testcase classname="src.pymortests.vectorarray" file="src/pymortests/vectorarray.py" line="998" name="test_scal_wrong_coefficients[2-&lt;lambda&gt;14]" time="0.003227710723876953"></testcase><testcase classname="src.pymortests.vectorarray" file="src/pymortests/vectorarray.py" line="998" name="test_scal_wrong_coefficients[2-&lt;lambda&gt;15]" time="0.004889488220214844"></testcase><testcase classname="src.pymortests.vectorarray" file="src/pymortests/vectorarray.py" line="998" name="test_scal_wrong_coefficients[2-&lt;lambda&gt;16]" time="0.0066318511962890625"></testcase><testcase classname="src.pymortests.vectorarray" file="src/pymortests/vectorarray.py" line="998" name="test_scal_wrong_coefficients[2-&lt;lambda&gt;17]" time="0.002165079116821289"></testcase><testcase classname="src.pymortests.vectorarray" file="src/pymortests/vectorarray.py" line="998" name="test_scal_wrong_coefficients[2-&lt;lambda&gt;18]" time="0.0020279884338378906"></testcase><testcase classname="src.pymortests.vectorarray" file="src/pymortests/vectorarray.py" line="998" name="test_scal_wrong_coefficients[2-&lt;lambda&gt;19]" time="0.0038340091705322266"></testcase><testcase classname="src.pymortests.vectorarray" file="src/pymortests/vectorarray.py" line="998" name="test_scal_wrong_coefficients[2-&lt;lambda&gt;20]" time="0.010821819305419922"></testcase><testcase classname="src.pymortests.vectorarray" file="src/pymortests/vectorarray.py" line="998" name="test_scal_wrong_coefficients[2-&lt;lambda&gt;21]" time="0.02324700355529785"></testcase><testcase classname="src.pymortests.vectorarray" file="src/pymortests/vectorarray.py" line="998" name="test_scal_wrong_coefficients[2-&lt;lambda&gt;22]" time="0.0024263858795166016"></testcase><testcase classname="src.pymortests.vectorarray" file="src/pymortests/vectorarray.py" line="998" name="test_scal_wrong_coefficients[2-&lt;lambda&gt;23]" time="0.001710653305053711"></testcase><testcase classname="src.pymortests.vectorarray" file="src/pymortests/vectorarray.py" line="998" name="test_scal_wrong_coefficients[2-&lt;lambda&gt;24]" time="0.003491640090942383"></testcase><testcase classname="src.pymortests.vectorarray" file="src/pymortests/vectorarray.py" line="998" name="test_scal_wrong_coefficients[2-&lt;lambda&gt;25]" time="0.02660226821899414"></testcase><testcase classname="src.pymortests.vectorarray" file="src/pymortests/vectorarray.py" line="998" name="test_scal_wrong_coefficients[2-&lt;lambda&gt;26]" time="0.05815005302429199"></testcase><testcase classname="src.pymortests.vectorarray" file="src/pymortests/vectorarray.py" line="1009" name="test_axpy_wrong_ind[compatible_vector_array_pair0-&lt;lambda&gt;0]" time="0.003409147262573242"></testcase><testcase classname="src.pymortests.vectorarray" file="src/pymortests/vectorarray.py" line="1009" name="test_axpy_wrong_ind[compatible_vector_array_pair0-&lt;lambda&gt;1]" time="0.0028057098388671875"></testcase><testcase classname="src.pymortests.vectorarray" file="src/pymortests/vectorarray.py" line="1009" name="test_axpy_wrong_ind[compatible_vector_array_pair0-&lt;lambda&gt;2]" time="0.007555246353149414"></testcase><testcase classname="src.pymortests.vectorarray" file="src/pymortests/vectorarray.py" line="1009" name="test_axpy_wrong_ind[compatible_vector_array_pair0-&lt;lambda&gt;3]" time="0.010521888732910156"></testcase><testcase classname="src.pymortests.vectorarray" file="src/pymortests/vectorarray.py" line="1009" name="test_axpy_wrong_ind[compatible_vector_array_pair0-&lt;lambda&gt;4]" time="0.014657020568847656"></testcase><testcase classname="src.pymortests.vectorarray" file="src/pymortests/vectorarray.py" line="1009" name="test_axpy_wrong_ind[compatible_vector_array_pair0-&lt;lambda&gt;5]" time="0.006989955902099609"></testcase><testcase classname="src.pymortests.vectorarray" file="src/pymortests/vectorarray.py" line="1009" name="test_axpy_wrong_ind[compatible_vector_array_pair0-&lt;lambda&gt;6]" time="0.005307912826538086"></testcase><testcase classname="src.pymortests.vectorarray" file="src/pymortests/vectorarray.py" line="1009" name="test_axpy_wrong_ind[compatible_vector_array_pair0-&lt;lambda&gt;7]" time="0.002790212631225586"></testcase><testcase classname="src.pymortests.vectorarray" file="src/pymortests/vectorarray.py" line="1009" name="test_axpy_wrong_ind[compatible_vector_array_pair0-&lt;lambda&gt;8]" time="0.023536205291748047"></testcase><testcase classname="src.pymortests.vectorarray" file="src/pymortests/vectorarray.py" line="1009" name="test_axpy_wrong_ind[compatible_vector_array_pair0-&lt;lambda&gt;9]" time="0.03925800323486328"></testcase><testcase classname="src.pymortests.vectorarray" file="src/pymortests/vectorarray.py" line="1009" name="test_axpy_wrong_ind[compatible_vector_array_pair0-&lt;lambda&gt;10]" time="0.12687087059020996"></testcase><testcase classname="src.pymortests.vectorarray" file="src/pymortests/vectorarray.py" line="1009" name="test_axpy_wrong_ind[compatible_vector_array_pair0-&lt;lambda&gt;11]" time="0.007992982864379883"></testcase><testcase classname="src.pymortests.vectorarray" file="src/pymortests/vectorarray.py" line="1009" name="test_axpy_wrong_ind[compatible_vector_array_pair0-&lt;lambda&gt;12]" time="0.0035827159881591797"></testcase><testcase classname="src.pymortests.vectorarray" file="src/pymortests/vectorarray.py" line="1009" name="test_axpy_wrong_ind[compatible_vector_array_pair0-&lt;lambda&gt;13]" time="0.008729219436645508"></testcase><testcase classname="src.pymortests.vectorarray" file="src/pymortests/vectorarray.py" line="1009" name="test_axpy_wrong_ind[compatible_vector_array_pair0-&lt;lambda&gt;14]" time="0.008987188339233398"></testcase><testcase classname="src.pymortests.vectorarray" file="src/pymortests/vectorarray.py" line="1009" name="test_axpy_wrong_ind[compatible_vector_array_pair0-&lt;lambda&gt;15]" time="0.016167640686035156"></testcase><testcase classname="src.pymortests.vectorarray" file="src/pymortests/vectorarray.py" line="1009" name="test_axpy_wrong_ind[compatible_vector_array_pair0-&lt;lambda&gt;16]" time="0.0251162052154541"></testcase><testcase classname="src.pymortests.vectorarray" file="src/pymortests/vectorarray.py" line="1009" name="test_axpy_wrong_ind[compatible_vector_array_pair0-&lt;lambda&gt;17]" time="0.033066511154174805"></testcase><testcase classname="src.pymortests.vectorarray" file="src/pymortests/vectorarray.py" line="1009" name="test_axpy_wrong_ind[compatible_vector_array_pair0-&lt;lambda&gt;18]" time="0.00392603874206543"></testcase><testcase classname="src.pymortests.vectorarray" file="src/pymortests/vectorarray.py" line="1009" name="test_axpy_wrong_ind[compatible_vector_array_pair0-&lt;lambda&gt;19]" time="0.0036427974700927734"></testcase><testcase classname="src.pymortests.vectorarray" file="src/pymortests/vectorarray.py" line="1009" name="test_axpy_wrong_ind[compatible_vector_array_pair0-&lt;lambda&gt;20]" time="0.04799079895019531"></testcase><testcase classname="src.pymortests.vectorarray" file="src/pymortests/vectorarray.py" line="1009" name="test_axpy_wrong_ind[compatible_vector_array_pair0-&lt;lambda&gt;21]" time="0.048683881759643555"></testcase><testcase classname="src.pymortests.vectorarray" file="src/pymortests/vectorarray.py" line="1009" name="test_axpy_wrong_ind[compatible_vector_array_pair0-&lt;lambda&gt;22]" time="0.1627941131591797"></testcase><testcase classname="src.pymortests.vectorarray" file="src/pymortests/vectorarray.py" line="1009" name="test_axpy_wrong_ind[compatible_vector_array_pair0-&lt;lambda&gt;23]" time="0.009279727935791016"></testcase><testcase classname="src.pymortests.vectorarray" file="src/pymortests/vectorarray.py" line="1009" name="test_axpy_wrong_ind[compatible_vector_array_pair0-&lt;lambda&gt;24]" time="0.002715587615966797"></testcase><testcase classname="src.pymortests.vectorarray" file="src/pymortests/vectorarray.py" line="1009" name="test_axpy_wrong_ind[compatible_vector_array_pair0-&lt;lambda&gt;25]" time="0.0037794113159179688"></testcase><testcase classname="src.pymortests.vectorarray" file="src/pymortests/vectorarray.py" line="1009" name="test_axpy_wrong_ind[compatible_vector_array_pair0-&lt;lambda&gt;26]" time="0.042511701583862305"></testcase><testcase classname="src.pymortests.vectorarray" file="src/pymortests/vectorarray.py" line="1009" name="test_axpy_wrong_ind[compatible_vector_array_pair0-&lt;lambda&gt;27]" time="0.06758642196655273"></testcase><testcase classname="src.pymortests.vectorarray" file="src/pymortests/vectorarray.py" line="1009" name="test_axpy_wrong_ind[compatible_vector_array_pair0-&lt;lambda&gt;28]" time="0.23452425003051758"></testcase><testcase classname="src.pymortests.vectorarray" file="src/pymortests/vectorarray.py" line="1009" name="test_axpy_wrong_ind[compatible_vector_array_pair0-&lt;lambda&gt;29]" time="0.011137962341308594"></testcase><testcase classname="src.pymortests.vectorarray" file="src/pymortests/vectorarray.py" line="1009" name="test_axpy_wrong_ind[compatible_vector_array_pair1-&lt;lambda&gt;0]" time="0.003482818603515625"></testcase><testcase classname="src.pymortests.vectorarray" file="src/pymortests/vectorarray.py" line="1009" name="test_axpy_wrong_ind[compatible_vector_array_pair1-&lt;lambda&gt;1]" time="0.002733469009399414"></testcase><testcase classname="src.pymortests.vectorarray" file="src/pymortests/vectorarray.py" line="1009" name="test_axpy_wrong_ind[compatible_vector_array_pair1-&lt;lambda&gt;2]" time="0.007361888885498047"></testcase><testcase classname="src.pymortests.vectorarray" file="src/pymortests/vectorarray.py" line="1009" name="test_axpy_wrong_ind[compatible_vector_array_pair1-&lt;lambda&gt;3]" time="0.010236263275146484"></testcase><testcase classname="src.pymortests.vectorarray" file="src/pymortests/vectorarray.py" line="1009" name="test_axpy_wrong_ind[compatible_vector_array_pair1-&lt;lambda&gt;4]" time="0.015109777450561523"></testcase><testcase classname="src.pymortests.vectorarray" file="src/pymortests/vectorarray.py" line="1009" name="test_axpy_wrong_ind[compatible_vector_array_pair1-&lt;lambda&gt;5]" time="0.00575709342956543"></testcase><testcase classname="src.pymortests.vectorarray" file="src/pymortests/vectorarray.py" line="1009" name="test_axpy_wrong_ind[compatible_vector_array_pair1-&lt;lambda&gt;6]" time="0.0022585391998291016"></testcase><testcase classname="src.pymortests.vectorarray" file="src/pymortests/vectorarray.py" line="1009" name="test_axpy_wrong_ind[compatible_vector_array_pair1-&lt;lambda&gt;7]" time="0.002751588821411133"></testcase><testcase classname="src.pymortests.vectorarray" file="src/pymortests/vectorarray.py" line="1009" name="test_axpy_wrong_ind[compatible_vector_array_pair1-&lt;lambda&gt;8]" time="0.022898197174072266"></testcase><testcase classname="src.pymortests.vectorarray" file="src/pymortests/vectorarray.py" line="1009" name="test_axpy_wrong_ind[compatible_vector_array_pair1-&lt;lambda&gt;9]" time="0.039623260498046875"></testcase><testcase classname="src.pymortests.vectorarray" file="src/pymortests/vectorarray.py" line="1009" name="test_axpy_wrong_ind[compatible_vector_array_pair1-&lt;lambda&gt;10]" time="0.13031697273254395"></testcase><testcase classname="src.pymortests.vectorarray" file="src/pymortests/vectorarray.py" line="1009" name="test_axpy_wrong_ind[compatible_vector_array_pair1-&lt;lambda&gt;11]" time="0.008330106735229492"></testcase><testcase classname="src.pymortests.vectorarray" file="src/pymortests/vectorarray.py" line="1009" name="test_axpy_wrong_ind[compatible_vector_array_pair1-&lt;lambda&gt;12]" time="0.005083322525024414"></testcase><testcase classname="src.pymortests.vectorarray" file="src/pymortests/vectorarray.py" line="1009" name="test_axpy_wrong_ind[compatible_vector_array_pair1-&lt;lambda&gt;13]" time="0.009114265441894531"></testcase><testcase classname="src.pymortests.vectorarray" file="src/pymortests/vectorarray.py" line="1009" name="test_axpy_wrong_ind[compatible_vector_array_pair1-&lt;lambda&gt;14]" time="0.009147405624389648"></testcase><testcase classname="src.pymortests.vectorarray" file="src/pymortests/vectorarray.py" line="1009" name="test_axpy_wrong_ind[compatible_vector_array_pair1-&lt;lambda&gt;15]" time="0.01576852798461914"></testcase><testcase classname="src.pymortests.vectorarray" file="src/pymortests/vectorarray.py" line="1009" name="test_axpy_wrong_ind[compatible_vector_array_pair1-&lt;lambda&gt;16]" time="0.023010730743408203"></testcase><testcase classname="src.pymortests.vectorarray" file="src/pymortests/vectorarray.py" line="1009" name="test_axpy_wrong_ind[compatible_vector_array_pair1-&lt;lambda&gt;17]" time="0.03370952606201172"></testcase><testcase classname="src.pymortests.vectorarray" file="src/pymortests/vectorarray.py" line="1009" name="test_axpy_wrong_ind[compatible_vector_array_pair1-&lt;lambda&gt;18]" time="0.004006385803222656"></testcase><testcase classname="src.pymortests.vectorarray" file="src/pymortests/vectorarray.py" line="1009" name="test_axpy_wrong_ind[compatible_vector_array_pair1-&lt;lambda&gt;19]" time="0.0037202835083007812"></testcase><testcase classname="src.pymortests.vectorarray" file="src/pymortests/vectorarray.py" line="1009" name="test_axpy_wrong_ind[compatible_vector_array_pair1-&lt;lambda&gt;20]" time="0.0470888614654541"></testcase><testcase classname="src.pymortests.vectorarray" file="src/pymortests/vectorarray.py" line="1009" name="test_axpy_wrong_ind[compatible_vector_array_pair1-&lt;lambda&gt;21]" time="0.04914212226867676"></testcase><testcase classname="src.pymortests.vectorarray" file="src/pymortests/vectorarray.py" line="1009" name="test_axpy_wrong_ind[compatible_vector_array_pair1-&lt;lambda&gt;22]" time="0.16153216361999512"></testcase><testcase classname="src.pymortests.vectorarray" file="src/pymortests/vectorarray.py" line="1009" name="test_axpy_wrong_ind[compatible_vector_array_pair1-&lt;lambda&gt;23]" time="0.009519577026367188"></testcase><testcase classname="src.pymortests.vectorarray" file="src/pymortests/vectorarray.py" line="1009" name="test_axpy_wrong_ind[compatible_vector_array_pair1-&lt;lambda&gt;24]" time="0.0032677650451660156"></testcase><testcase classname="src.pymortests.vectorarray" file="src/pymortests/vectorarray.py" line="1009" name="test_axpy_wrong_ind[compatible_vector_array_pair1-&lt;lambda&gt;25]" time="0.0038225650787353516"></testcase><testcase classname="src.pymortests.vectorarray" file="src/pymortests/vectorarray.py" line="1009" name="test_axpy_wrong_ind[compatible_vector_array_pair1-&lt;lambda&gt;26]" time="0.0431826114654541"></testcase><testcase classname="src.pymortests.vectorarray" file="src/pymortests/vectorarray.py" line="1009" name="test_axpy_wrong_ind[compatible_vector_array_pair1-&lt;lambda&gt;27]" time="0.06604266166687012"></testcase><testcase classname="src.pymortests.vectorarray" file="src/pymortests/vectorarray.py" line="1009" name="test_axpy_wrong_ind[compatible_vector_array_pair1-&lt;lambda&gt;28]" time="0.23210716247558594"></testcase><testcase classname="src.pymortests.vectorarray" file="src/pymortests/vectorarray.py" line="1009" name="test_axpy_wrong_ind[compatible_vector_array_pair1-&lt;lambda&gt;29]" time="0.011061906814575195"></testcase><testcase classname="src.pymortests.vectorarray" file="src/pymortests/vectorarray.py" line="1009" name="test_axpy_wrong_ind[compatible_vector_array_pair2-&lt;lambda&gt;0]" time="0.002497434616088867"></testcase><testcase classname="src.pymortests.vectorarray" file="src/pymortests/vectorarray.py" line="1009" name="test_axpy_wrong_ind[compatible_vector_array_pair2-&lt;lambda&gt;1]" time="0.002772092819213867"></testcase><testcase classname="src.pymortests.vectorarray" file="src/pymortests/vectorarray.py" line="1009" name="test_axpy_wrong_ind[compatible_vector_array_pair2-&lt;lambda&gt;2]" time="0.007467985153198242"></testcase><testcase classname="src.pymortests.vectorarray" file="src/pymortests/vectorarray.py" line="1009" name="test_axpy_wrong_ind[compatible_vector_array_pair2-&lt;lambda&gt;3]" time="0.01024627685546875"></testcase><testcase classname="src.pymortests.vectorarray" file="src/pymortests/vectorarray.py" line="1009" name="test_axpy_wrong_ind[compatible_vector_array_pair2-&lt;lambda&gt;4]" time="0.015053272247314453"></testcase><testcase classname="src.pymortests.vectorarray" file="src/pymortests/vectorarray.py" line="1009" name="test_axpy_wrong_ind[compatible_vector_array_pair2-&lt;lambda&gt;5]" time="0.007137298583984375"></testcase><testcase classname="src.pymortests.vectorarray" file="src/pymortests/vectorarray.py" line="1009" name="test_axpy_wrong_ind[compatible_vector_array_pair2-&lt;lambda&gt;6]" time="0.0026259422302246094"></testcase><testcase classname="src.pymortests.vectorarray" file="src/pymortests/vectorarray.py" line="1009" name="test_axpy_wrong_ind[compatible_vector_array_pair2-&lt;lambda&gt;7]" time="0.0028848648071289062"></testcase><testcase classname="src.pymortests.vectorarray" file="src/pymortests/vectorarray.py" line="1009" name="test_axpy_wrong_ind[compatible_vector_array_pair2-&lt;lambda&gt;8]" time="0.02339339256286621"></testcase><testcase classname="src.pymortests.vectorarray" file="src/pymortests/vectorarray.py" line="1009" name="test_axpy_wrong_ind[compatible_vector_array_pair2-&lt;lambda&gt;9]" time="0.045433998107910156"></testcase><testcase classname="src.pymortests.vectorarray" file="src/pymortests/vectorarray.py" line="1009" name="test_axpy_wrong_ind[compatible_vector_array_pair2-&lt;lambda&gt;10]" time="0.1273486614227295"></testcase><testcase classname="src.pymortests.vectorarray" file="src/pymortests/vectorarray.py" line="1009" name="test_axpy_wrong_ind[compatible_vector_array_pair2-&lt;lambda&gt;11]" time="0.008143186569213867"></testcase><testcase classname="src.pymortests.vectorarray" file="src/pymortests/vectorarray.py" line="1009" name="test_axpy_wrong_ind[compatible_vector_array_pair2-&lt;lambda&gt;12]" time="0.0036802291870117188"></testcase><testcase classname="src.pymortests.vectorarray" file="src/pymortests/vectorarray.py" line="1009" name="test_axpy_wrong_ind[compatible_vector_array_pair2-&lt;lambda&gt;13]" time="0.008939743041992188"></testcase><testcase classname="src.pymortests.vectorarray" file="src/pymortests/vectorarray.py" line="1009" name="test_axpy_wrong_ind[compatible_vector_array_pair2-&lt;lambda&gt;14]" time="0.009166240692138672"></testcase><testcase classname="src.pymortests.vectorarray" file="src/pymortests/vectorarray.py" line="1009" name="test_axpy_wrong_ind[compatible_vector_array_pair2-&lt;lambda&gt;15]" time="0.017072439193725586"></testcase><testcase classname="src.pymortests.vectorarray" file="src/pymortests/vectorarray.py" line="1009" name="test_axpy_wrong_ind[compatible_vector_array_pair2-&lt;lambda&gt;16]" time="0.024371623992919922"></testcase><testcase classname="src.pymortests.vectorarray" file="src/pymortests/vectorarray.py" line="1009" name="test_axpy_wrong_ind[compatible_vector_array_pair2-&lt;lambda&gt;17]" time="0.03285384178161621"></testcase><testcase classname="src.pymortests.vectorarray" file="src/pymortests/vectorarray.py" line="1009" name="test_axpy_wrong_ind[compatible_vector_array_pair2-&lt;lambda&gt;18]" time="0.004074573516845703"></testcase><testcase classname="src.pymortests.vectorarray" file="src/pymortests/vectorarray.py" line="1009" name="test_axpy_wrong_ind[compatible_vector_array_pair2-&lt;lambda&gt;19]" time="0.003796815872192383"></testcase><testcase classname="src.pymortests.vectorarray" file="src/pymortests/vectorarray.py" line="1009" name="test_axpy_wrong_ind[compatible_vector_array_pair2-&lt;lambda&gt;20]" time="0.047528743743896484"></testcase><testcase classname="src.pymortests.vectorarray" file="src/pymortests/vectorarray.py" line="1009" name="test_axpy_wrong_ind[compatible_vector_array_pair2-&lt;lambda&gt;21]" time="0.04943704605102539"></testcase><testcase classname="src.pymortests.vectorarray" file="src/pymortests/vectorarray.py" line="1009" name="test_axpy_wrong_ind[compatible_vector_array_pair2-&lt;lambda&gt;22]" time="0.1635425090789795"></testcase><testcase classname="src.pymortests.vectorarray" file="src/pymortests/vectorarray.py" line="1009" name="test_axpy_wrong_ind[compatible_vector_array_pair2-&lt;lambda&gt;23]" time="0.009269952774047852"></testcase><testcase classname="src.pymortests.vectorarray" file="src/pymortests/vectorarray.py" line="1009" name="test_axpy_wrong_ind[compatible_vector_array_pair2-&lt;lambda&gt;24]" time="0.002994060516357422"></testcase><testcase classname="src.pymortests.vectorarray" file="src/pymortests/vectorarray.py" line="1009" name="test_axpy_wrong_ind[compatible_vector_array_pair2-&lt;lambda&gt;25]" time="0.004212141036987305"></testcase><testcase classname="src.pymortests.vectorarray" file="src/pymortests/vectorarray.py" line="1009" name="test_axpy_wrong_ind[compatible_vector_array_pair2-&lt;lambda&gt;26]" time="0.04348421096801758"></testcase><testcase classname="src.pymortests.vectorarray" file="src/pymortests/vectorarray.py" line="1009" name="test_axpy_wrong_ind[compatible_vector_array_pair2-&lt;lambda&gt;27]" time="0.06655693054199219"></testcase><testcase classname="src.pymortests.vectorarray" file="src/pymortests/vectorarray.py" line="1009" name="test_axpy_wrong_ind[compatible_vector_array_pair2-&lt;lambda&gt;28]" time="0.2325303554534912"></testcase><testcase classname="src.pymortests.vectorarray" file="src/pymortests/vectorarray.py" line="1009" name="test_axpy_wrong_ind[compatible_vector_array_pair2-&lt;lambda&gt;29]" time="0.011337757110595703"></testcase><testcase classname="src.pymortests.vectorarray" file="src/pymortests/vectorarray.py" line="1009" name="test_axpy_wrong_ind[compatible_vector_array_pair3-&lt;lambda&gt;0]" time="0.0024480819702148438"></testcase><testcase classname="src.pymortests.vectorarray" file="src/pymortests/vectorarray.py" line="1009" name="test_axpy_wrong_ind[compatible_vector_array_pair3-&lt;lambda&gt;1]" time="0.0027425289154052734"></testcase><testcase classname="src.pymortests.vectorarray" file="src/pymortests/vectorarray.py" line="1009" name="test_axpy_wrong_ind[compatible_vector_array_pair3-&lt;lambda&gt;2]" time="0.007629871368408203"></testcase><testcase classname="src.pymortests.vectorarray" file="src/pymortests/vectorarray.py" line="1009" name="test_axpy_wrong_ind[compatible_vector_array_pair3-&lt;lambda&gt;3]" time="0.010742425918579102"></testcase><testcase classname="src.pymortests.vectorarray" file="src/pymortests/vectorarray.py" line="1009" name="test_axpy_wrong_ind[compatible_vector_array_pair3-&lt;lambda&gt;4]" time="0.015247821807861328"></testcase><testcase classname="src.pymortests.vectorarray" file="src/pymortests/vectorarray.py" line="1009" name="test_axpy_wrong_ind[compatible_vector_array_pair3-&lt;lambda&gt;5]" time="0.007051706314086914"></testcase><testcase classname="src.pymortests.vectorarray" file="src/pymortests/vectorarray.py" line="1009" name="test_axpy_wrong_ind[compatible_vector_array_pair3-&lt;lambda&gt;6]" time="0.002341032028198242"></testcase><testcase classname="src.pymortests.vectorarray" file="src/pymortests/vectorarray.py" line="1009" name="test_axpy_wrong_ind[compatible_vector_array_pair3-&lt;lambda&gt;7]" time="0.0028421878814697266"></testcase><testcase classname="src.pymortests.vectorarray" file="src/pymortests/vectorarray.py" line="1009" name="test_axpy_wrong_ind[compatible_vector_array_pair3-&lt;lambda&gt;8]" time="0.023210525512695312"></testcase><testcase classname="src.pymortests.vectorarray" file="src/pymortests/vectorarray.py" line="1009" name="test_axpy_wrong_ind[compatible_vector_array_pair3-&lt;lambda&gt;9]" time="0.04291367530822754"></testcase><testcase classname="src.pymortests.vectorarray" file="src/pymortests/vectorarray.py" line="1009" name="test_axpy_wrong_ind[compatible_vector_array_pair3-&lt;lambda&gt;10]" time="0.12894535064697266"></testcase><testcase classname="src.pymortests.vectorarray" file="src/pymortests/vectorarray.py" line="1009" name="test_axpy_wrong_ind[compatible_vector_array_pair3-&lt;lambda&gt;11]" time="0.008336544036865234"></testcase><testcase classname="src.pymortests.vectorarray" file="src/pymortests/vectorarray.py" line="1009" name="test_axpy_wrong_ind[compatible_vector_array_pair3-&lt;lambda&gt;12]" time="0.0049915313720703125"></testcase><testcase classname="src.pymortests.vectorarray" file="src/pymortests/vectorarray.py" line="1009" name="test_axpy_wrong_ind[compatible_vector_array_pair3-&lt;lambda&gt;13]" time="0.008995294570922852"></testcase><testcase classname="src.pymortests.vectorarray" file="src/pymortests/vectorarray.py" line="1009" name="test_axpy_wrong_ind[compatible_vector_array_pair3-&lt;lambda&gt;14]" time="0.008866310119628906"></testcase><testcase classname="src.pymortests.vectorarray" file="src/pymortests/vectorarray.py" line="1009" name="test_axpy_wrong_ind[compatible_vector_array_pair3-&lt;lambda&gt;15]" time="0.016254425048828125"></testcase><testcase classname="src.pymortests.vectorarray" file="src/pymortests/vectorarray.py" line="1009" name="test_axpy_wrong_ind[compatible_vector_array_pair3-&lt;lambda&gt;16]" time="0.023344755172729492"></testcase><testcase classname="src.pymortests.vectorarray" file="src/pymortests/vectorarray.py" line="1009" name="test_axpy_wrong_ind[compatible_vector_array_pair3-&lt;lambda&gt;17]" time="0.03372907638549805"></testcase><testcase classname="src.pymortests.vectorarray" file="src/pymortests/vectorarray.py" line="1009" name="test_axpy_wrong_ind[compatible_vector_array_pair3-&lt;lambda&gt;18]" time="0.003935575485229492"></testcase><testcase classname="src.pymortests.vectorarray" file="src/pymortests/vectorarray.py" line="1009" name="test_axpy_wrong_ind[compatible_vector_array_pair3-&lt;lambda&gt;19]" time="0.003570556640625"></testcase><testcase classname="src.pymortests.vectorarray" file="src/pymortests/vectorarray.py" line="1009" name="test_axpy_wrong_ind[compatible_vector_array_pair3-&lt;lambda&gt;20]" time="0.04685401916503906"></testcase><testcase classname="src.pymortests.vectorarray" file="src/pymortests/vectorarray.py" line="1009" name="test_axpy_wrong_ind[compatible_vector_array_pair3-&lt;lambda&gt;21]" time="0.049983978271484375"></testcase><testcase classname="src.pymortests.vectorarray" file="src/pymortests/vectorarray.py" line="1009" name="test_axpy_wrong_ind[compatible_vector_array_pair3-&lt;lambda&gt;22]" time="0.16180109977722168"></testcase><testcase classname="src.pymortests.vectorarray" file="src/pymortests/vectorarray.py" line="1009" name="test_axpy_wrong_ind[compatible_vector_array_pair3-&lt;lambda&gt;23]" time="0.009265422821044922"></testcase><testcase classname="src.pymortests.vectorarray" file="src/pymortests/vectorarray.py" line="1009" name="test_axpy_wrong_ind[compatible_vector_array_pair3-&lt;lambda&gt;24]" time="0.003231525421142578"></testcase><testcase classname="src.pymortests.vectorarray" file="src/pymortests/vectorarray.py" line="1009" name="test_axpy_wrong_ind[compatible_vector_array_pair3-&lt;lambda&gt;25]" time="0.003753185272216797"></testcase><testcase classname="src.pymortests.vectorarray" file="src/pymortests/vectorarray.py" line="1009" name="test_axpy_wrong_ind[compatible_vector_array_pair3-&lt;lambda&gt;26]" time="0.042910099029541016"></testcase><testcase classname="src.pymortests.vectorarray" file="src/pymortests/vectorarray.py" line="1009" name="test_axpy_wrong_ind[compatible_vector_array_pair3-&lt;lambda&gt;27]" time="0.06586551666259766"></testcase><testcase classname="src.pymortests.vectorarray" file="src/pymortests/vectorarray.py" line="1009" name="test_axpy_wrong_ind[compatible_vector_array_pair3-&lt;lambda&gt;28]" time="0.23366951942443848"></testcase><testcase classname="src.pymortests.vectorarray" file="src/pymortests/vectorarray.py" line="1009" name="test_axpy_wrong_ind[compatible_vector_array_pair3-&lt;lambda&gt;29]" time="0.010903120040893555"></testcase><testcase classname="src.pymortests.vectorarray" file="src/pymortests/vectorarray.py" line="1009" name="test_axpy_wrong_ind[compatible_vector_array_pair4-&lt;lambda&gt;0]" time="0.00244903564453125"></testcase><testcase classname="src.pymortests.vectorarray" file="src/pymortests/vectorarray.py" line="1009" name="test_axpy_wrong_ind[compatible_vector_array_pair4-&lt;lambda&gt;1]" time="0.0027239322662353516"></testcase><testcase classname="src.pymortests.vectorarray" file="src/pymortests/vectorarray.py" line="1009" name="test_axpy_wrong_ind[compatible_vector_array_pair4-&lt;lambda&gt;2]" time="0.007351398468017578"></testcase><testcase classname="src.pymortests.vectorarray" file="src/pymortests/vectorarray.py" line="1009" name="test_axpy_wrong_ind[compatible_vector_array_pair4-&lt;lambda&gt;3]" time="0.01022481918334961"></testcase><testcase classname="src.pymortests.vectorarray" file="src/pymortests/vectorarray.py" line="1009" name="test_axpy_wrong_ind[compatible_vector_array_pair4-&lt;lambda&gt;4]" time="0.01482081413269043"></testcase><testcase classname="src.pymortests.vectorarray" file="src/pymortests/vectorarray.py" line="1009" name="test_axpy_wrong_ind[compatible_vector_array_pair4-&lt;lambda&gt;5]" time="0.007135868072509766"></testcase><testcase classname="src.pymortests.vectorarray" file="src/pymortests/vectorarray.py" line="1009" name="test_axpy_wrong_ind[compatible_vector_array_pair4-&lt;lambda&gt;6]" time="0.0023529529571533203"></testcase><testcase classname="src.pymortests.vectorarray" file="src/pymortests/vectorarray.py" line="1009" name="test_axpy_wrong_ind[compatible_vector_array_pair4-&lt;lambda&gt;7]" time="0.0028574466705322266"></testcase><testcase classname="src.pymortests.vectorarray" file="src/pymortests/vectorarray.py" line="1009" name="test_axpy_wrong_ind[compatible_vector_array_pair4-&lt;lambda&gt;8]" time="0.022771596908569336"></testcase><testcase classname="src.pymortests.vectorarray" file="src/pymortests/vectorarray.py" line="1009" name="test_axpy_wrong_ind[compatible_vector_array_pair4-&lt;lambda&gt;9]" time="0.03957414627075195"></testcase><testcase classname="src.pymortests.vectorarray" file="src/pymortests/vectorarray.py" line="1009" name="test_axpy_wrong_ind[compatible_vector_array_pair4-&lt;lambda&gt;10]" time="0.12909889221191406"></testcase><testcase classname="src.pymortests.vectorarray" file="src/pymortests/vectorarray.py" line="1009" name="test_axpy_wrong_ind[compatible_vector_array_pair4-&lt;lambda&gt;11]" time="0.008202314376831055"></testcase><testcase classname="src.pymortests.vectorarray" file="src/pymortests/vectorarray.py" line="1009" name="test_axpy_wrong_ind[compatible_vector_array_pair4-&lt;lambda&gt;12]" time="0.003922224044799805"></testcase><testcase classname="src.pymortests.vectorarray" file="src/pymortests/vectorarray.py" line="1009" name="test_axpy_wrong_ind[compatible_vector_array_pair4-&lt;lambda&gt;13]" time="0.00893402099609375"></testcase><testcase classname="src.pymortests.vectorarray" file="src/pymortests/vectorarray.py" line="1009" name="test_axpy_wrong_ind[compatible_vector_array_pair4-&lt;lambda&gt;14]" time="0.009506702423095703"></testcase><testcase classname="src.pymortests.vectorarray" file="src/pymortests/vectorarray.py" line="1009" name="test_axpy_wrong_ind[compatible_vector_array_pair4-&lt;lambda&gt;15]" time="0.016028165817260742"></testcase><testcase classname="src.pymortests.vectorarray" file="src/pymortests/vectorarray.py" line="1009" name="test_axpy_wrong_ind[compatible_vector_array_pair4-&lt;lambda&gt;16]" time="0.02266836166381836"></testcase><testcase classname="src.pymortests.vectorarray" file="src/pymortests/vectorarray.py" line="1009" name="test_axpy_wrong_ind[compatible_vector_array_pair4-&lt;lambda&gt;17]" time="0.03283262252807617"></testcase><testcase classname="src.pymortests.vectorarray" file="src/pymortests/vectorarray.py" line="1009" name="test_axpy_wrong_ind[compatible_vector_array_pair4-&lt;lambda&gt;18]" time="0.004029989242553711"></testcase><testcase classname="src.pymortests.vectorarray" file="src/pymortests/vectorarray.py" line="1009" name="test_axpy_wrong_ind[compatible_vector_array_pair4-&lt;lambda&gt;19]" time="0.003711700439453125"></testcase><testcase classname="src.pymortests.vectorarray" file="src/pymortests/vectorarray.py" line="1009" name="test_axpy_wrong_ind[compatible_vector_array_pair4-&lt;lambda&gt;20]" time="0.04773402214050293"></testcase><testcase classname="src.pymortests.vectorarray" file="src/pymortests/vectorarray.py" line="1009" name="test_axpy_wrong_ind[compatible_vector_array_pair4-&lt;lambda&gt;21]" time="0.04981708526611328"></testcase><testcase classname="src.pymortests.vectorarray" file="src/pymortests/vectorarray.py" line="1009" name="test_axpy_wrong_ind[compatible_vector_array_pair4-&lt;lambda&gt;22]" time="0.1609663963317871"></testcase><testcase classname="src.pymortests.vectorarray" file="src/pymortests/vectorarray.py" line="1009" name="test_axpy_wrong_ind[compatible_vector_array_pair4-&lt;lambda&gt;23]" time="0.009437799453735352"></testcase><testcase classname="src.pymortests.vectorarray" file="src/pymortests/vectorarray.py" line="1009" name="test_axpy_wrong_ind[compatible_vector_array_pair4-&lt;lambda&gt;24]" time="0.003522634506225586"></testcase><testcase classname="src.pymortests.vectorarray" file="src/pymortests/vectorarray.py" line="1009" name="test_axpy_wrong_ind[compatible_vector_array_pair4-&lt;lambda&gt;25]" time="0.004005908966064453"></testcase><testcase classname="src.pymortests.vectorarray" file="src/pymortests/vectorarray.py" line="1009" name="test_axpy_wrong_ind[compatible_vector_array_pair4-&lt;lambda&gt;26]" time="0.04319882392883301"></testcase><testcase classname="src.pymortests.vectorarray" file="src/pymortests/vectorarray.py" line="1009" name="test_axpy_wrong_ind[compatible_vector_array_pair4-&lt;lambda&gt;27]" time="0.06742358207702637"></testcase><testcase classname="src.pymortests.vectorarray" file="src/pymortests/vectorarray.py" line="1009" name="test_axpy_wrong_ind[compatible_vector_array_pair4-&lt;lambda&gt;28]" time="0.23165249824523926"></testcase><testcase classname="src.pymortests.vectorarray" file="src/pymortests/vectorarray.py" line="1009" name="test_axpy_wrong_ind[compatible_vector_array_pair4-&lt;lambda&gt;29]" time="0.01065206527709961"></testcase><testcase classname="src.pymortests.vectorarray" file="src/pymortests/vectorarray.py" line="1009" name="test_axpy_wrong_ind[compatible_vector_array_pair5-&lt;lambda&gt;0]" time="0.0025529861450195312"></testcase><testcase classname="src.pymortests.vectorarray" file="src/pymortests/vectorarray.py" line="1009" name="test_axpy_wrong_ind[compatible_vector_array_pair5-&lt;lambda&gt;1]" time="0.002764463424682617"></testcase><testcase classname="src.pymortests.vectorarray" file="src/pymortests/vectorarray.py" line="1009" name="test_axpy_wrong_ind[compatible_vector_array_pair5-&lt;lambda&gt;2]" time="0.007555961608886719"></testcase><testcase classname="src.pymortests.vectorarray" file="src/pymortests/vectorarray.py" line="1009" name="test_axpy_wrong_ind[compatible_vector_array_pair5-&lt;lambda&gt;3]" time="0.010460138320922852"></testcase><testcase classname="src.pymortests.vectorarray" file="src/pymortests/vectorarray.py" line="1009" name="test_axpy_wrong_ind[compatible_vector_array_pair5-&lt;lambda&gt;4]" time="0.015021324157714844"></testcase><testcase classname="src.pymortests.vectorarray" file="src/pymortests/vectorarray.py" line="1009" name="test_axpy_wrong_ind[compatible_vector_array_pair5-&lt;lambda&gt;5]" time="0.006590843200683594"></testcase><testcase classname="src.pymortests.vectorarray" file="src/pymortests/vectorarray.py" line="1009" name="test_axpy_wrong_ind[compatible_vector_array_pair5-&lt;lambda&gt;6]" time="0.0023534297943115234"></testcase><testcase classname="src.pymortests.vectorarray" file="src/pymortests/vectorarray.py" line="1009" name="test_axpy_wrong_ind[compatible_vector_array_pair5-&lt;lambda&gt;7]" time="0.0031065940856933594"></testcase><testcase classname="src.pymortests.vectorarray" file="src/pymortests/vectorarray.py" line="1009" name="test_axpy_wrong_ind[compatible_vector_array_pair5-&lt;lambda&gt;8]" time="0.026295185089111328"></testcase><testcase classname="src.pymortests.vectorarray" file="src/pymortests/vectorarray.py" line="1009" name="test_axpy_wrong_ind[compatible_vector_array_pair5-&lt;lambda&gt;9]" time="0.04059600830078125"></testcase><testcase classname="src.pymortests.vectorarray" file="src/pymortests/vectorarray.py" line="1009" name="test_axpy_wrong_ind[compatible_vector_array_pair5-&lt;lambda&gt;10]" time="0.13036203384399414"></testcase><testcase classname="src.pymortests.vectorarray" file="src/pymortests/vectorarray.py" line="1009" name="test_axpy_wrong_ind[compatible_vector_array_pair5-&lt;lambda&gt;11]" time="0.008117437362670898"></testcase><testcase classname="src.pymortests.vectorarray" file="src/pymortests/vectorarray.py" line="1009" name="test_axpy_wrong_ind[compatible_vector_array_pair5-&lt;lambda&gt;12]" time="0.0038335323333740234"></testcase><testcase classname="src.pymortests.vectorarray" file="src/pymortests/vectorarray.py" line="1009" name="test_axpy_wrong_ind[compatible_vector_array_pair5-&lt;lambda&gt;13]" time="0.009044408798217773"></testcase><testcase classname="src.pymortests.vectorarray" file="src/pymortests/vectorarray.py" line="1009" name="test_axpy_wrong_ind[compatible_vector_array_pair5-&lt;lambda&gt;14]" time="0.009239912033081055"></testcase><testcase classname="src.pymortests.vectorarray" file="src/pymortests/vectorarray.py" line="1009" name="test_axpy_wrong_ind[compatible_vector_array_pair5-&lt;lambda&gt;15]" time="0.016083240509033203"></testcase><testcase classname="src.pymortests.vectorarray" file="src/pymortests/vectorarray.py" line="1009" name="test_axpy_wrong_ind[compatible_vector_array_pair5-&lt;lambda&gt;16]" time="0.023054838180541992"></testcase><testcase classname="src.pymortests.vectorarray" file="src/pymortests/vectorarray.py" line="1009" name="test_axpy_wrong_ind[compatible_vector_array_pair5-&lt;lambda&gt;17]" time="0.03331446647644043"></testcase><testcase classname="src.pymortests.vectorarray" file="src/pymortests/vectorarray.py" line="1009" name="test_axpy_wrong_ind[compatible_vector_array_pair5-&lt;lambda&gt;18]" time="0.004227876663208008"></testcase><testcase classname="src.pymortests.vectorarray" file="src/pymortests/vectorarray.py" line="1009" name="test_axpy_wrong_ind[compatible_vector_array_pair5-&lt;lambda&gt;19]" time="0.0038721561431884766"></testcase><testcase classname="src.pymortests.vectorarray" file="src/pymortests/vectorarray.py" line="1009" name="test_axpy_wrong_ind[compatible_vector_array_pair5-&lt;lambda&gt;20]" time="0.04726672172546387"></testcase><testcase classname="src.pymortests.vectorarray" file="src/pymortests/vectorarray.py" line="1009" name="test_axpy_wrong_ind[compatible_vector_array_pair5-&lt;lambda&gt;21]" time="0.05005216598510742"></testcase><testcase classname="src.pymortests.vectorarray" file="src/pymortests/vectorarray.py" line="1009" name="test_axpy_wrong_ind[compatible_vector_array_pair5-&lt;lambda&gt;22]" time="0.1637558937072754"></testcase><testcase classname="src.pymortests.vectorarray" file="src/pymortests/vectorarray.py" line="1009" name="test_axpy_wrong_ind[compatible_vector_array_pair5-&lt;lambda&gt;23]" time="0.009259462356567383"></testcase><testcase classname="src.pymortests.vectorarray" file="src/pymortests/vectorarray.py" line="1009" name="test_axpy_wrong_ind[compatible_vector_array_pair5-&lt;lambda&gt;24]" time="0.0032482147216796875"></testcase><testcase classname="src.pymortests.vectorarray" file="src/pymortests/vectorarray.py" line="1009" name="test_axpy_wrong_ind[compatible_vector_array_pair5-&lt;lambda&gt;25]" time="0.003770112991333008"></testcase><testcase classname="src.pymortests.vectorarray" file="src/pymortests/vectorarray.py" line="1009" name="test_axpy_wrong_ind[compatible_vector_array_pair5-&lt;lambda&gt;26]" time="0.04346895217895508"></testcase><testcase classname="src.pymortests.vectorarray" file="src/pymortests/vectorarray.py" line="1009" name="test_axpy_wrong_ind[compatible_vector_array_pair5-&lt;lambda&gt;27]" time="0.06662821769714355"></testcase><testcase classname="src.pymortests.vectorarray" file="src/pymortests/vectorarray.py" line="1009" name="test_axpy_wrong_ind[compatible_vector_array_pair5-&lt;lambda&gt;28]" time="0.23398137092590332"></testcase><testcase classname="src.pymortests.vectorarray" file="src/pymortests/vectorarray.py" line="1009" name="test_axpy_wrong_ind[compatible_vector_array_pair5-&lt;lambda&gt;29]" time="0.01079869270324707"></testcase><testcase classname="src.pymortests.vectorarray" file="src/pymortests/vectorarray.py" line="1009" name="test_axpy_wrong_ind[compatible_vector_array_pair6-&lt;lambda&gt;0]" time="0.0034558773040771484"></testcase><testcase classname="src.pymortests.vectorarray" file="src/pymortests/vectorarray.py" line="1009" name="test_axpy_wrong_ind[compatible_vector_array_pair6-&lt;lambda&gt;1]" time="0.0027577877044677734"></testcase><testcase classname="src.pymortests.vectorarray" file="src/pymortests/vectorarray.py" line="1009" name="test_axpy_wrong_ind[compatible_vector_array_pair6-&lt;lambda&gt;2]" time="0.0075931549072265625"></testcase><testcase classname="src.pymortests.vectorarray" file="src/pymortests/vectorarray.py" line="1009" name="test_axpy_wrong_ind[compatible_vector_array_pair6-&lt;lambda&gt;3]" time="0.010400772094726562"></testcase><testcase classname="src.pymortests.vectorarray" file="src/pymortests/vectorarray.py" line="1009" name="test_axpy_wrong_ind[compatible_vector_array_pair6-&lt;lambda&gt;4]" time="0.015316247940063477"></testcase><testcase classname="src.pymortests.vectorarray" file="src/pymortests/vectorarray.py" line="1009" name="test_axpy_wrong_ind[compatible_vector_array_pair6-&lt;lambda&gt;5]" time="0.0070416927337646484"></testcase><testcase classname="src.pymortests.vectorarray" file="src/pymortests/vectorarray.py" line="1009" name="test_axpy_wrong_ind[compatible_vector_array_pair6-&lt;lambda&gt;6]" time="0.0023145675659179688"></testcase><testcase classname="src.pymortests.vectorarray" file="src/pymortests/vectorarray.py" line="1009" name="test_axpy_wrong_ind[compatible_vector_array_pair6-&lt;lambda&gt;7]" time="0.002802133560180664"></testcase><testcase classname="src.pymortests.vectorarray" file="src/pymortests/vectorarray.py" line="1009" name="test_axpy_wrong_ind[compatible_vector_array_pair6-&lt;lambda&gt;8]" time="0.02336859703063965"></testcase><testcase classname="src.pymortests.vectorarray" file="src/pymortests/vectorarray.py" line="1009" name="test_axpy_wrong_ind[compatible_vector_array_pair6-&lt;lambda&gt;9]" time="0.04055666923522949"></testcase><testcase classname="src.pymortests.vectorarray" file="src/pymortests/vectorarray.py" line="1009" name="test_axpy_wrong_ind[compatible_vector_array_pair6-&lt;lambda&gt;10]" time="0.13047528266906738"></testcase><testcase classname="src.pymortests.vectorarray" file="src/pymortests/vectorarray.py" line="1009" name="test_axpy_wrong_ind[compatible_vector_array_pair6-&lt;lambda&gt;11]" time="0.008256673812866211"></testcase><testcase classname="src.pymortests.vectorarray" file="src/pymortests/vectorarray.py" line="1009" name="test_axpy_wrong_ind[compatible_vector_array_pair6-&lt;lambda&gt;12]" time="0.004064798355102539"></testcase><testcase classname="src.pymortests.vectorarray" file="src/pymortests/vectorarray.py" line="1009" name="test_axpy_wrong_ind[compatible_vector_array_pair6-&lt;lambda&gt;13]" time="0.008707761764526367"></testcase><testcase classname="src.pymortests.vectorarray" file="src/pymortests/vectorarray.py" line="1009" name="test_axpy_wrong_ind[compatible_vector_array_pair6-&lt;lambda&gt;14]" time="0.008872270584106445"></testcase><testcase classname="src.pymortests.vectorarray" file="src/pymortests/vectorarray.py" line="1009" name="test_axpy_wrong_ind[compatible_vector_array_pair6-&lt;lambda&gt;15]" time="0.015674352645874023"></testcase><testcase classname="src.pymortests.vectorarray" file="src/pymortests/vectorarray.py" line="1009" name="test_axpy_wrong_ind[compatible_vector_array_pair6-&lt;lambda&gt;16]" time="0.022775888442993164"></testcase><testcase classname="src.pymortests.vectorarray" file="src/pymortests/vectorarray.py" line="1009" name="test_axpy_wrong_ind[compatible_vector_array_pair6-&lt;lambda&gt;17]" time="0.03283214569091797"></testcase><testcase classname="src.pymortests.vectorarray" file="src/pymortests/vectorarray.py" line="1009" name="test_axpy_wrong_ind[compatible_vector_array_pair6-&lt;lambda&gt;18]" time="0.003962039947509766"></testcase><testcase classname="src.pymortests.vectorarray" file="src/pymortests/vectorarray.py" line="1009" name="test_axpy_wrong_ind[compatible_vector_array_pair6-&lt;lambda&gt;19]" time="0.003857851028442383"></testcase><testcase classname="src.pymortests.vectorarray" file="src/pymortests/vectorarray.py" line="1009" name="test_axpy_wrong_ind[compatible_vector_array_pair6-&lt;lambda&gt;20]" time="0.047119140625"></testcase><testcase classname="src.pymortests.vectorarray" file="src/pymortests/vectorarray.py" line="1009" name="test_axpy_wrong_ind[compatible_vector_array_pair6-&lt;lambda&gt;21]" time="0.049602508544921875"></testcase><testcase classname="src.pymortests.vectorarray" file="src/pymortests/vectorarray.py" line="1009" name="test_axpy_wrong_ind[compatible_vector_array_pair6-&lt;lambda&gt;22]" time="0.16445112228393555"></testcase><testcase classname="src.pymortests.vectorarray" file="src/pymortests/vectorarray.py" line="1009" name="test_axpy_wrong_ind[compatible_vector_array_pair6-&lt;lambda&gt;23]" time="0.009381771087646484"></testcase><testcase classname="src.pymortests.vectorarray" file="src/pymortests/vectorarray.py" line="1009" name="test_axpy_wrong_ind[compatible_vector_array_pair6-&lt;lambda&gt;24]" time="0.003268003463745117"></testcase><testcase classname="src.pymortests.vectorarray" file="src/pymortests/vectorarray.py" line="1009" name="test_axpy_wrong_ind[compatible_vector_array_pair6-&lt;lambda&gt;25]" time="0.0038170814514160156"></testcase><testcase classname="src.pymortests.vectorarray" file="src/pymortests/vectorarray.py" line="1009" name="test_axpy_wrong_ind[compatible_vector_array_pair6-&lt;lambda&gt;26]" time="0.04420328140258789"></testcase><testcase classname="src.pymortests.vectorarray" file="src/pymortests/vectorarray.py" line="1009" name="test_axpy_wrong_ind[compatible_vector_array_pair6-&lt;lambda&gt;27]" time="0.06831884384155273"></testcase><testcase classname="src.pymortests.vectorarray" file="src/pymortests/vectorarray.py" line="1009" name="test_axpy_wrong_ind[compatible_vector_array_pair6-&lt;lambda&gt;28]" time="0.23596596717834473"></testcase><testcase classname="src.pymortests.vectorarray" file="src/pymortests/vectorarray.py" line="1009" name="test_axpy_wrong_ind[compatible_vector_array_pair6-&lt;lambda&gt;29]" time="0.010689258575439453"></testcase><testcase classname="src.pymortests.vectorarray" file="src/pymortests/vectorarray.py" line="1009" name="test_axpy_wrong_ind[compatible_vector_array_pair7-&lt;lambda&gt;0]" time="0.0024650096893310547"></testcase><testcase classname="src.pymortests.vectorarray" file="src/pymortests/vectorarray.py" line="1009" name="test_axpy_wrong_ind[compatible_vector_array_pair7-&lt;lambda&gt;1]" time="0.0027608871459960938"></testcase><testcase classname="src.pymortests.vectorarray" file="src/pymortests/vectorarray.py" line="1009" name="test_axpy_wrong_ind[compatible_vector_array_pair7-&lt;lambda&gt;2]" time="0.007439136505126953"></testcase><testcase classname="src.pymortests.vectorarray" file="src/pymortests/vectorarray.py" line="1009" name="test_axpy_wrong_ind[compatible_vector_array_pair7-&lt;lambda&gt;3]" time="0.010366201400756836"></testcase><testcase classname="src.pymortests.vectorarray" file="src/pymortests/vectorarray.py" line="1009" name="test_axpy_wrong_ind[compatible_vector_array_pair7-&lt;lambda&gt;4]" time="0.01469111442565918"></testcase><testcase classname="src.pymortests.vectorarray" file="src/pymortests/vectorarray.py" line="1009" name="test_axpy_wrong_ind[compatible_vector_array_pair7-&lt;lambda&gt;5]" time="0.0069696903228759766"></testcase><testcase classname="src.pymortests.vectorarray" file="src/pymortests/vectorarray.py" line="1009" name="test_axpy_wrong_ind[compatible_vector_array_pair7-&lt;lambda&gt;6]" time="0.002349376678466797"></testcase><testcase classname="src.pymortests.vectorarray" file="src/pymortests/vectorarray.py" line="1009" name="test_axpy_wrong_ind[compatible_vector_array_pair7-&lt;lambda&gt;7]" time="0.0029587745666503906"></testcase><testcase classname="src.pymortests.vectorarray" file="src/pymortests/vectorarray.py" line="1009" name="test_axpy_wrong_ind[compatible_vector_array_pair7-&lt;lambda&gt;8]" time="0.023247480392456055"></testcase><testcase classname="src.pymortests.vectorarray" file="src/pymortests/vectorarray.py" line="1009" name="test_axpy_wrong_ind[compatible_vector_array_pair7-&lt;lambda&gt;9]" time="0.03970217704772949"></testcase><testcase classname="src.pymortests.vectorarray" file="src/pymortests/vectorarray.py" line="1009" name="test_axpy_wrong_ind[compatible_vector_array_pair7-&lt;lambda&gt;10]" time="0.12957453727722168"></testcase><testcase classname="src.pymortests.vectorarray" file="src/pymortests/vectorarray.py" line="1009" name="test_axpy_wrong_ind[compatible_vector_array_pair7-&lt;lambda&gt;11]" time="0.00822758674621582"></testcase><testcase classname="src.pymortests.vectorarray" file="src/pymortests/vectorarray.py" line="1009" name="test_axpy_wrong_ind[compatible_vector_array_pair7-&lt;lambda&gt;12]" time="0.0040972232818603516"></testcase><testcase classname="src.pymortests.vectorarray" file="src/pymortests/vectorarray.py" line="1009" name="test_axpy_wrong_ind[compatible_vector_array_pair7-&lt;lambda&gt;13]" time="0.008873462677001953"></testcase><testcase classname="src.pymortests.vectorarray" file="src/pymortests/vectorarray.py" line="1009" name="test_axpy_wrong_ind[compatible_vector_array_pair7-&lt;lambda&gt;14]" time="0.00915217399597168"></testcase><testcase classname="src.pymortests.vectorarray" file="src/pymortests/vectorarray.py" line="1009" name="test_axpy_wrong_ind[compatible_vector_array_pair7-&lt;lambda&gt;15]" time="0.01585078239440918"></testcase><testcase classname="src.pymortests.vectorarray" file="src/pymortests/vectorarray.py" line="1009" name="test_axpy_wrong_ind[compatible_vector_array_pair7-&lt;lambda&gt;16]" time="0.02316904067993164"></testcase><testcase classname="src.pymortests.vectorarray" file="src/pymortests/vectorarray.py" line="1009" name="test_axpy_wrong_ind[compatible_vector_array_pair7-&lt;lambda&gt;17]" time="0.03300619125366211"></testcase><testcase classname="src.pymortests.vectorarray" file="src/pymortests/vectorarray.py" line="1009" name="test_axpy_wrong_ind[compatible_vector_array_pair7-&lt;lambda&gt;18]" time="0.004128217697143555"></testcase><testcase classname="src.pymortests.vectorarray" file="src/pymortests/vectorarray.py" line="1009" name="test_axpy_wrong_ind[compatible_vector_array_pair7-&lt;lambda&gt;19]" time="0.0038270950317382812"></testcase><testcase classname="src.pymortests.vectorarray" file="src/pymortests/vectorarray.py" line="1009" name="test_axpy_wrong_ind[compatible_vector_array_pair7-&lt;lambda&gt;20]" time="0.04720282554626465"></testcase><testcase classname="src.pymortests.vectorarray" file="src/pymortests/vectorarray.py" line="1009" name="test_axpy_wrong_ind[compatible_vector_array_pair7-&lt;lambda&gt;21]" time="0.0502774715423584"></testcase><testcase classname="src.pymortests.vectorarray" file="src/pymortests/vectorarray.py" line="1009" name="test_axpy_wrong_ind[compatible_vector_array_pair7-&lt;lambda&gt;22]" time="0.16338253021240234"></testcase><testcase classname="src.pymortests.vectorarray" file="src/pymortests/vectorarray.py" line="1009" name="test_axpy_wrong_ind[compatible_vector_array_pair7-&lt;lambda&gt;23]" time="0.009272336959838867"></testcase><testcase classname="src.pymortests.vectorarray" file="src/pymortests/vectorarray.py" line="1009" name="test_axpy_wrong_ind[compatible_vector_array_pair7-&lt;lambda&gt;24]" time="0.0024814605712890625"></testcase><testcase classname="src.pymortests.vectorarray" file="src/pymortests/vectorarray.py" line="1009" name="test_axpy_wrong_ind[compatible_vector_array_pair7-&lt;lambda&gt;25]" time="0.003768444061279297"></testcase><testcase classname="src.pymortests.vectorarray" file="src/pymortests/vectorarray.py" line="1009" name="test_axpy_wrong_ind[compatible_vector_array_pair7-&lt;lambda&gt;26]" time="0.04415440559387207"></testcase><testcase classname="src.pymortests.vectorarray" file="src/pymortests/vectorarray.py" line="1009" name="test_axpy_wrong_ind[compatible_vector_array_pair7-&lt;lambda&gt;27]" time="0.06662225723266602"></testcase><testcase classname="src.pymortests.vectorarray" file="src/pymortests/vectorarray.py" line="1009" name="test_axpy_wrong_ind[compatible_vector_array_pair7-&lt;lambda&gt;28]" time="0.23516464233398438"></testcase><testcase classname="src.pymortests.vectorarray" file="src/pymortests/vectorarray.py" line="1009" name="test_axpy_wrong_ind[compatible_vector_array_pair7-&lt;lambda&gt;29]" time="0.01096343994140625"></testcase><testcase classname="src.pymortests.vectorarray" file="src/pymortests/vectorarray.py" line="1009" name="test_axpy_wrong_ind[compatible_vector_array_pair8-&lt;lambda&gt;0]" time="0.0036199092864990234"></testcase><testcase classname="src.pymortests.vectorarray" file="src/pymortests/vectorarray.py" line="1009" name="test_axpy_wrong_ind[compatible_vector_array_pair8-&lt;lambda&gt;1]" time="0.002881765365600586"></testcase><testcase classname="src.pymortests.vectorarray" file="src/pymortests/vectorarray.py" line="1009" name="test_axpy_wrong_ind[compatible_vector_array_pair8-&lt;lambda&gt;2]" time="0.007482290267944336"></testcase><testcase classname="src.pymortests.vectorarray" file="src/pymortests/vectorarray.py" line="1009" name="test_axpy_wrong_ind[compatible_vector_array_pair8-&lt;lambda&gt;3]" time="0.010582685470581055"></testcase><testcase classname="src.pymortests.vectorarray" file="src/pymortests/vectorarray.py" line="1009" name="test_axpy_wrong_ind[compatible_vector_array_pair8-&lt;lambda&gt;4]" time="0.01517343521118164"></testcase><testcase classname="src.pymortests.vectorarray" file="src/pymortests/vectorarray.py" line="1009" name="test_axpy_wrong_ind[compatible_vector_array_pair8-&lt;lambda&gt;5]" time="0.007161378860473633"></testcase><testcase classname="src.pymortests.vectorarray" file="src/pymortests/vectorarray.py" line="1009" name="test_axpy_wrong_ind[compatible_vector_array_pair8-&lt;lambda&gt;6]" time="0.0024046897888183594"></testcase><testcase classname="src.pymortests.vectorarray" file="src/pymortests/vectorarray.py" line="1009" name="test_axpy_wrong_ind[compatible_vector_array_pair8-&lt;lambda&gt;7]" time="0.002825021743774414"></testcase><testcase classname="src.pymortests.vectorarray" file="src/pymortests/vectorarray.py" line="1009" name="test_axpy_wrong_ind[compatible_vector_array_pair8-&lt;lambda&gt;8]" time="0.022993087768554688"></testcase><testcase classname="src.pymortests.vectorarray" file="src/pymortests/vectorarray.py" line="1009" name="test_axpy_wrong_ind[compatible_vector_array_pair8-&lt;lambda&gt;9]" time="0.04030346870422363"></testcase><testcase classname="src.pymortests.vectorarray" file="src/pymortests/vectorarray.py" line="1009" name="test_axpy_wrong_ind[compatible_vector_array_pair8-&lt;lambda&gt;10]" time="0.12914013862609863"></testcase><testcase classname="src.pymortests.vectorarray" file="src/pymortests/vectorarray.py" line="1009" name="test_axpy_wrong_ind[compatible_vector_array_pair8-&lt;lambda&gt;11]" time="0.008522748947143555"></testcase><testcase classname="src.pymortests.vectorarray" file="src/pymortests/vectorarray.py" line="1009" name="test_axpy_wrong_ind[compatible_vector_array_pair8-&lt;lambda&gt;12]" time="0.003997325897216797"></testcase><testcase classname="src.pymortests.vectorarray" file="src/pymortests/vectorarray.py" line="1009" name="test_axpy_wrong_ind[compatible_vector_array_pair8-&lt;lambda&gt;13]" time="0.00891876220703125"></testcase><testcase classname="src.pymortests.vectorarray" file="src/pymortests/vectorarray.py" line="1009" name="test_axpy_wrong_ind[compatible_vector_array_pair8-&lt;lambda&gt;14]" time="0.009103775024414062"></testcase><testcase classname="src.pymortests.vectorarray" file="src/pymortests/vectorarray.py" line="1009" name="test_axpy_wrong_ind[compatible_vector_array_pair8-&lt;lambda&gt;15]" time="0.016364097595214844"></testcase><testcase classname="src.pymortests.vectorarray" file="src/pymortests/vectorarray.py" line="1009" name="test_axpy_wrong_ind[compatible_vector_array_pair8-&lt;lambda&gt;16]" time="0.023334503173828125"></testcase><testcase classname="src.pymortests.vectorarray" file="src/pymortests/vectorarray.py" line="1009" name="test_axpy_wrong_ind[compatible_vector_array_pair8-&lt;lambda&gt;17]" time="0.0324859619140625"></testcase><testcase classname="src.pymortests.vectorarray" file="src/pymortests/vectorarray.py" line="1009" name="test_axpy_wrong_ind[compatible_vector_array_pair8-&lt;lambda&gt;18]" time="0.004194498062133789"></testcase><testcase classname="src.pymortests.vectorarray" file="src/pymortests/vectorarray.py" line="1009" name="test_axpy_wrong_ind[compatible_vector_array_pair8-&lt;lambda&gt;19]" time="0.003665924072265625"></testcase><testcase classname="src.pymortests.vectorarray" file="src/pymortests/vectorarray.py" line="1009" name="test_axpy_wrong_ind[compatible_vector_array_pair8-&lt;lambda&gt;20]" time="0.04719972610473633"></testcase><testcase classname="src.pymortests.vectorarray" file="src/pymortests/vectorarray.py" line="1009" name="test_axpy_wrong_ind[compatible_vector_array_pair8-&lt;lambda&gt;21]" time="0.04864907264709473"></testcase><testcase classname="src.pymortests.vectorarray" file="src/pymortests/vectorarray.py" line="1009" name="test_axpy_wrong_ind[compatible_vector_array_pair8-&lt;lambda&gt;22]" time="0.1647014617919922"></testcase><testcase classname="src.pymortests.vectorarray" file="src/pymortests/vectorarray.py" line="1009" name="test_axpy_wrong_ind[compatible_vector_array_pair8-&lt;lambda&gt;23]" time="0.009461164474487305"></testcase><testcase classname="src.pymortests.vectorarray" file="src/pymortests/vectorarray.py" line="1009" name="test_axpy_wrong_ind[compatible_vector_array_pair8-&lt;lambda&gt;24]" time="0.003382444381713867"></testcase><testcase classname="src.pymortests.vectorarray" file="src/pymortests/vectorarray.py" line="1009" name="test_axpy_wrong_ind[compatible_vector_array_pair8-&lt;lambda&gt;25]" time="0.00391387939453125"></testcase><testcase classname="src.pymortests.vectorarray" file="src/pymortests/vectorarray.py" line="1009" name="test_axpy_wrong_ind[compatible_vector_array_pair8-&lt;lambda&gt;26]" time="0.04297137260437012"></testcase><testcase classname="src.pymortests.vectorarray" file="src/pymortests/vectorarray.py" line="1009" name="test_axpy_wrong_ind[compatible_vector_array_pair8-&lt;lambda&gt;27]" time="0.06634998321533203"></testcase><testcase classname="src.pymortests.vectorarray" file="src/pymortests/vectorarray.py" line="1009" name="test_axpy_wrong_ind[compatible_vector_array_pair8-&lt;lambda&gt;28]" time="0.23413658142089844"></testcase><testcase classname="src.pymortests.vectorarray" file="src/pymortests/vectorarray.py" line="1009" name="test_axpy_wrong_ind[compatible_vector_array_pair8-&lt;lambda&gt;29]" time="0.011067867279052734"></testcase><testcase classname="src.pymortests.vectorarray" file="src/pymortests/vectorarray.py" line="1028" name="test_axpy_wrong_coefficients[compatible_vector_array_pair0-&lt;lambda&gt;0]" time="0.0023887157440185547"></testcase><testcase classname="src.pymortests.vectorarray" file="src/pymortests/vectorarray.py" line="1028" name="test_axpy_wrong_coefficients[compatible_vector_array_pair0-&lt;lambda&gt;1]" time="0.0013360977172851562"></testcase><testcase classname="src.pymortests.vectorarray" file="src/pymortests/vectorarray.py" line="1028" name="test_axpy_wrong_coefficients[compatible_vector_array_pair0-&lt;lambda&gt;2]" time="0.0029375553131103516"></testcase><testcase classname="src.pymortests.vectorarray" file="src/pymortests/vectorarray.py" line="1028" name="test_axpy_wrong_coefficients[compatible_vector_array_pair0-&lt;lambda&gt;3]" time="0.00311279296875"></testcase><testcase classname="src.pymortests.vectorarray" file="src/pymortests/vectorarray.py" line="1028" name="test_axpy_wrong_coefficients[compatible_vector_array_pair0-&lt;lambda&gt;4]" time="0.005544424057006836"></testcase><testcase classname="src.pymortests.vectorarray" file="src/pymortests/vectorarray.py" line="1028" name="test_axpy_wrong_coefficients[compatible_vector_array_pair0-&lt;lambda&gt;5]" time="0.0035343170166015625"></testcase><testcase classname="src.pymortests.vectorarray" file="src/pymortests/vectorarray.py" line="1028" name="test_axpy_wrong_coefficients[compatible_vector_array_pair0-&lt;lambda&gt;6]" time="0.0016529560089111328"></testcase><testcase classname="src.pymortests.vectorarray" file="src/pymortests/vectorarray.py" line="1028" name="test_axpy_wrong_coefficients[compatible_vector_array_pair0-&lt;lambda&gt;7]" time="0.001306772232055664"></testcase><testcase classname="src.pymortests.vectorarray" file="src/pymortests/vectorarray.py" line="1028" name="test_axpy_wrong_coefficients[compatible_vector_array_pair0-&lt;lambda&gt;8]" time="0.0032002925872802734"></testcase><testcase classname="src.pymortests.vectorarray" file="src/pymortests/vectorarray.py" line="1028" name="test_axpy_wrong_coefficients[compatible_vector_array_pair0-&lt;lambda&gt;9]" time="0.0035109519958496094"></testcase><testcase classname="src.pymortests.vectorarray" file="src/pymortests/vectorarray.py" line="1028" name="test_axpy_wrong_coefficients[compatible_vector_array_pair0-&lt;lambda&gt;10]" time="0.006821870803833008"></testcase><testcase classname="src.pymortests.vectorarray" file="src/pymortests/vectorarray.py" line="1028" name="test_axpy_wrong_coefficients[compatible_vector_array_pair0-&lt;lambda&gt;11]" time="0.003615856170654297"></testcase><testcase classname="src.pymortests.vectorarray" file="src/pymortests/vectorarray.py" line="1028" name="test_axpy_wrong_coefficients[compatible_vector_array_pair0-&lt;lambda&gt;12]" time="0.0020384788513183594"></testcase><testcase classname="src.pymortests.vectorarray" file="src/pymortests/vectorarray.py" line="1028" name="test_axpy_wrong_coefficients[compatible_vector_array_pair0-&lt;lambda&gt;13]" time="0.0014965534210205078"></testcase><testcase classname="src.pymortests.vectorarray" file="src/pymortests/vectorarray.py" line="1028" name="test_axpy_wrong_coefficients[compatible_vector_array_pair0-&lt;lambda&gt;14]" time="0.003125429153442383"></testcase><testcase classname="src.pymortests.vectorarray" file="src/pymortests/vectorarray.py" line="1028" name="test_axpy_wrong_coefficients[compatible_vector_array_pair0-&lt;lambda&gt;15]" time="0.004142045974731445"></testcase><testcase classname="src.pymortests.vectorarray" file="src/pymortests/vectorarray.py" line="1028" name="test_axpy_wrong_coefficients[compatible_vector_array_pair0-&lt;lambda&gt;16]" time="0.005193948745727539"></testcase><testcase classname="src.pymortests.vectorarray" file="src/pymortests/vectorarray.py" line="1028" name="test_axpy_wrong_coefficients[compatible_vector_array_pair0-&lt;lambda&gt;17]" time="0.01052999496459961"></testcase><testcase classname="src.pymortests.vectorarray" file="src/pymortests/vectorarray.py" line="1028" name="test_axpy_wrong_coefficients[compatible_vector_array_pair0-&lt;lambda&gt;18]" time="0.003332376480102539"></testcase><testcase classname="src.pymortests.vectorarray" file="src/pymortests/vectorarray.py" line="1028" name="test_axpy_wrong_coefficients[compatible_vector_array_pair0-&lt;lambda&gt;19]" time="0.0023071765899658203"></testcase><testcase classname="src.pymortests.vectorarray" file="src/pymortests/vectorarray.py" line="1028" name="test_axpy_wrong_coefficients[compatible_vector_array_pair0-&lt;lambda&gt;20]" time="0.027529478073120117"></testcase><testcase classname="src.pymortests.vectorarray" file="src/pymortests/vectorarray.py" line="1028" name="test_axpy_wrong_coefficients[compatible_vector_array_pair0-&lt;lambda&gt;21]" time="0.014289140701293945"></testcase><testcase classname="src.pymortests.vectorarray" file="src/pymortests/vectorarray.py" line="1028" name="test_axpy_wrong_coefficients[compatible_vector_array_pair0-&lt;lambda&gt;22]" time="0.04117465019226074"></testcase><testcase classname="src.pymortests.vectorarray" file="src/pymortests/vectorarray.py" line="1028" name="test_axpy_wrong_coefficients[compatible_vector_array_pair0-&lt;lambda&gt;23]" time="0.0058214664459228516"></testcase><testcase classname="src.pymortests.vectorarray" file="src/pymortests/vectorarray.py" line="1028" name="test_axpy_wrong_coefficients[compatible_vector_array_pair0-&lt;lambda&gt;24]" time="0.0016252994537353516"></testcase><testcase classname="src.pymortests.vectorarray" file="src/pymortests/vectorarray.py" line="1028" name="test_axpy_wrong_coefficients[compatible_vector_array_pair0-&lt;lambda&gt;25]" time="0.0024836063385009766"></testcase><testcase classname="src.pymortests.vectorarray" file="src/pymortests/vectorarray.py" line="1028" name="test_axpy_wrong_coefficients[compatible_vector_array_pair0-&lt;lambda&gt;26]" time="0.023000001907348633"></testcase><testcase classname="src.pymortests.vectorarray" file="src/pymortests/vectorarray.py" line="1028" name="test_axpy_wrong_coefficients[compatible_vector_array_pair0-&lt;lambda&gt;27]" time="0.036797285079956055"></testcase><testcase classname="src.pymortests.vectorarray" file="src/pymortests/vectorarray.py" line="1028" name="test_axpy_wrong_coefficients[compatible_vector_array_pair0-&lt;lambda&gt;28]" time="0.11110234260559082"></testcase><testcase classname="src.pymortests.vectorarray" file="src/pymortests/vectorarray.py" line="1028" name="test_axpy_wrong_coefficients[compatible_vector_array_pair0-&lt;lambda&gt;29]" time="0.007781982421875"></testcase><testcase classname="src.pymortests.vectorarray" file="src/pymortests/vectorarray.py" line="1028" name="test_axpy_wrong_coefficients[compatible_vector_array_pair1-&lt;lambda&gt;0]" time="0.002379179000854492"></testcase><testcase classname="src.pymortests.vectorarray" file="src/pymortests/vectorarray.py" line="1028" name="test_axpy_wrong_coefficients[compatible_vector_array_pair1-&lt;lambda&gt;1]" time="0.0013370513916015625"></testcase><testcase classname="src.pymortests.vectorarray" file="src/pymortests/vectorarray.py" line="1028" name="test_axpy_wrong_coefficients[compatible_vector_array_pair1-&lt;lambda&gt;2]" time="0.002772808074951172"></testcase><testcase classname="src.pymortests.vectorarray" file="src/pymortests/vectorarray.py" line="1028" name="test_axpy_wrong_coefficients[compatible_vector_array_pair1-&lt;lambda&gt;3]" time="0.0030002593994140625"></testcase><testcase classname="src.pymortests.vectorarray" file="src/pymortests/vectorarray.py" line="1028" name="test_axpy_wrong_coefficients[compatible_vector_array_pair1-&lt;lambda&gt;4]" time="0.005295753479003906"></testcase><testcase classname="src.pymortests.vectorarray" file="src/pymortests/vectorarray.py" line="1028" name="test_axpy_wrong_coefficients[compatible_vector_array_pair1-&lt;lambda&gt;5]" time="0.003249645233154297"></testcase><testcase classname="src.pymortests.vectorarray" file="src/pymortests/vectorarray.py" line="1028" name="test_axpy_wrong_coefficients[compatible_vector_array_pair1-&lt;lambda&gt;6]" time="0.0016138553619384766"></testcase><testcase classname="src.pymortests.vectorarray" file="src/pymortests/vectorarray.py" line="1028" name="test_axpy_wrong_coefficients[compatible_vector_array_pair1-&lt;lambda&gt;7]" time="0.0013165473937988281"></testcase><testcase classname="src.pymortests.vectorarray" file="src/pymortests/vectorarray.py" line="1028" name="test_axpy_wrong_coefficients[compatible_vector_array_pair1-&lt;lambda&gt;8]" time="0.0031554698944091797"></testcase><testcase classname="src.pymortests.vectorarray" file="src/pymortests/vectorarray.py" line="1028" name="test_axpy_wrong_coefficients[compatible_vector_array_pair1-&lt;lambda&gt;9]" time="0.003400087356567383"></testcase><testcase classname="src.pymortests.vectorarray" file="src/pymortests/vectorarray.py" line="1028" name="test_axpy_wrong_coefficients[compatible_vector_array_pair1-&lt;lambda&gt;10]" time="0.007149696350097656"></testcase><testcase classname="src.pymortests.vectorarray" file="src/pymortests/vectorarray.py" line="1028" name="test_axpy_wrong_coefficients[compatible_vector_array_pair1-&lt;lambda&gt;11]" time="0.0038661956787109375"></testcase><testcase classname="src.pymortests.vectorarray" file="src/pymortests/vectorarray.py" line="1028" name="test_axpy_wrong_coefficients[compatible_vector_array_pair1-&lt;lambda&gt;12]" time="0.002199411392211914"></testcase><testcase classname="src.pymortests.vectorarray" file="src/pymortests/vectorarray.py" line="1028" name="test_axpy_wrong_coefficients[compatible_vector_array_pair1-&lt;lambda&gt;13]" time="0.0016140937805175781"></testcase><testcase classname="src.pymortests.vectorarray" file="src/pymortests/vectorarray.py" line="1028" name="test_axpy_wrong_coefficients[compatible_vector_array_pair1-&lt;lambda&gt;14]" time="0.003141641616821289"></testcase><testcase classname="src.pymortests.vectorarray" file="src/pymortests/vectorarray.py" line="1028" name="test_axpy_wrong_coefficients[compatible_vector_array_pair1-&lt;lambda&gt;15]" time="0.004297494888305664"></testcase><testcase classname="src.pymortests.vectorarray" file="src/pymortests/vectorarray.py" line="1028" name="test_axpy_wrong_coefficients[compatible_vector_array_pair1-&lt;lambda&gt;16]" time="0.004929542541503906"></testcase><testcase classname="src.pymortests.vectorarray" file="src/pymortests/vectorarray.py" line="1028" name="test_axpy_wrong_coefficients[compatible_vector_array_pair1-&lt;lambda&gt;17]" time="0.009981632232666016"></testcase><testcase classname="src.pymortests.vectorarray" file="src/pymortests/vectorarray.py" line="1028" name="test_axpy_wrong_coefficients[compatible_vector_array_pair1-&lt;lambda&gt;18]" time="0.0025119781494140625"></testcase><testcase classname="src.pymortests.vectorarray" file="src/pymortests/vectorarray.py" line="1028" name="test_axpy_wrong_coefficients[compatible_vector_array_pair1-&lt;lambda&gt;19]" time="0.0021355152130126953"></testcase><testcase classname="src.pymortests.vectorarray" file="src/pymortests/vectorarray.py" line="1028" name="test_axpy_wrong_coefficients[compatible_vector_array_pair1-&lt;lambda&gt;20]" time="0.02683258056640625"></testcase><testcase classname="src.pymortests.vectorarray" file="src/pymortests/vectorarray.py" line="1028" name="test_axpy_wrong_coefficients[compatible_vector_array_pair1-&lt;lambda&gt;21]" time="0.014144182205200195"></testcase><testcase classname="src.pymortests.vectorarray" file="src/pymortests/vectorarray.py" line="1028" name="test_axpy_wrong_coefficients[compatible_vector_array_pair1-&lt;lambda&gt;22]" time="0.04166293144226074"></testcase><testcase classname="src.pymortests.vectorarray" file="src/pymortests/vectorarray.py" line="1028" name="test_axpy_wrong_coefficients[compatible_vector_array_pair1-&lt;lambda&gt;23]" time="0.006112098693847656"></testcase><testcase classname="src.pymortests.vectorarray" file="src/pymortests/vectorarray.py" line="1028" name="test_axpy_wrong_coefficients[compatible_vector_array_pair1-&lt;lambda&gt;24]" time="0.0017817020416259766"></testcase><testcase classname="src.pymortests.vectorarray" file="src/pymortests/vectorarray.py" line="1028" name="test_axpy_wrong_coefficients[compatible_vector_array_pair1-&lt;lambda&gt;25]" time="0.0023317337036132812"></testcase><testcase classname="src.pymortests.vectorarray" file="src/pymortests/vectorarray.py" line="1028" name="test_axpy_wrong_coefficients[compatible_vector_array_pair1-&lt;lambda&gt;26]" time="0.023306846618652344"></testcase><testcase classname="src.pymortests.vectorarray" file="src/pymortests/vectorarray.py" line="1028" name="test_axpy_wrong_coefficients[compatible_vector_array_pair1-&lt;lambda&gt;27]" time="0.03303027153015137"></testcase><testcase classname="src.pymortests.vectorarray" file="src/pymortests/vectorarray.py" line="1028" name="test_axpy_wrong_coefficients[compatible_vector_array_pair1-&lt;lambda&gt;28]" time="0.1161198616027832"></testcase><testcase classname="src.pymortests.vectorarray" file="src/pymortests/vectorarray.py" line="1028" name="test_axpy_wrong_coefficients[compatible_vector_array_pair1-&lt;lambda&gt;29]" time="0.007344484329223633"></testcase><testcase classname="src.pymortests.vectorarray" file="src/pymortests/vectorarray.py" line="1028" name="test_axpy_wrong_coefficients[compatible_vector_array_pair2-&lt;lambda&gt;0]" time="0.0015909671783447266"></testcase><testcase classname="src.pymortests.vectorarray" file="src/pymortests/vectorarray.py" line="1028" name="test_axpy_wrong_coefficients[compatible_vector_array_pair2-&lt;lambda&gt;1]" time="0.0013127326965332031"></testcase><testcase classname="src.pymortests.vectorarray" file="src/pymortests/vectorarray.py" line="1028" name="test_axpy_wrong_coefficients[compatible_vector_array_pair2-&lt;lambda&gt;2]" time="0.0028045177459716797"></testcase><testcase classname="src.pymortests.vectorarray" file="src/pymortests/vectorarray.py" line="1028" name="test_axpy_wrong_coefficients[compatible_vector_array_pair2-&lt;lambda&gt;3]" time="0.0030062198638916016"></testcase><testcase classname="src.pymortests.vectorarray" file="src/pymortests/vectorarray.py" line="1028" name="test_axpy_wrong_coefficients[compatible_vector_array_pair2-&lt;lambda&gt;4]" time="0.0053174495697021484"></testcase><testcase classname="src.pymortests.vectorarray" file="src/pymortests/vectorarray.py" line="1028" name="test_axpy_wrong_coefficients[compatible_vector_array_pair2-&lt;lambda&gt;5]" time="0.0033121109008789062"></testcase><testcase classname="src.pymortests.vectorarray" file="src/pymortests/vectorarray.py" line="1028" name="test_axpy_wrong_coefficients[compatible_vector_array_pair2-&lt;lambda&gt;6]" time="0.0016374588012695312"></testcase><testcase classname="src.pymortests.vectorarray" file="src/pymortests/vectorarray.py" line="1028" name="test_axpy_wrong_coefficients[compatible_vector_array_pair2-&lt;lambda&gt;7]" time="0.0012392997741699219"></testcase><testcase classname="src.pymortests.vectorarray" file="src/pymortests/vectorarray.py" line="1028" name="test_axpy_wrong_coefficients[compatible_vector_array_pair2-&lt;lambda&gt;8]" time="0.0033180713653564453"></testcase><testcase classname="src.pymortests.vectorarray" file="src/pymortests/vectorarray.py" line="1028" name="test_axpy_wrong_coefficients[compatible_vector_array_pair2-&lt;lambda&gt;9]" time="0.003413677215576172"></testcase><testcase classname="src.pymortests.vectorarray" file="src/pymortests/vectorarray.py" line="1028" name="test_axpy_wrong_coefficients[compatible_vector_array_pair2-&lt;lambda&gt;10]" time="0.007040739059448242"></testcase><testcase classname="src.pymortests.vectorarray" file="src/pymortests/vectorarray.py" line="1028" name="test_axpy_wrong_coefficients[compatible_vector_array_pair2-&lt;lambda&gt;11]" time="0.003612518310546875"></testcase><testcase classname="src.pymortests.vectorarray" file="src/pymortests/vectorarray.py" line="1028" name="test_axpy_wrong_coefficients[compatible_vector_array_pair2-&lt;lambda&gt;12]" time="0.002035856246948242"></testcase><testcase classname="src.pymortests.vectorarray" file="src/pymortests/vectorarray.py" line="1028" name="test_axpy_wrong_coefficients[compatible_vector_array_pair2-&lt;lambda&gt;13]" time="0.001573801040649414"></testcase><testcase classname="src.pymortests.vectorarray" file="src/pymortests/vectorarray.py" line="1028" name="test_axpy_wrong_coefficients[compatible_vector_array_pair2-&lt;lambda&gt;14]" time="0.0030527114868164062"></testcase><testcase classname="src.pymortests.vectorarray" file="src/pymortests/vectorarray.py" line="1028" name="test_axpy_wrong_coefficients[compatible_vector_array_pair2-&lt;lambda&gt;15]" time="0.004302978515625"></testcase><testcase classname="src.pymortests.vectorarray" file="src/pymortests/vectorarray.py" line="1028" name="test_axpy_wrong_coefficients[compatible_vector_array_pair2-&lt;lambda&gt;16]" time="0.005126476287841797"></testcase><testcase classname="src.pymortests.vectorarray" file="src/pymortests/vectorarray.py" line="1028" name="test_axpy_wrong_coefficients[compatible_vector_array_pair2-&lt;lambda&gt;17]" time="0.009944677352905273"></testcase><testcase classname="src.pymortests.vectorarray" file="src/pymortests/vectorarray.py" line="1028" name="test_axpy_wrong_coefficients[compatible_vector_array_pair2-&lt;lambda&gt;18]" time="0.002590656280517578"></testcase><testcase classname="src.pymortests.vectorarray" file="src/pymortests/vectorarray.py" line="1028" name="test_axpy_wrong_coefficients[compatible_vector_array_pair2-&lt;lambda&gt;19]" time="0.0022132396697998047"></testcase><testcase classname="src.pymortests.vectorarray" file="src/pymortests/vectorarray.py" line="1028" name="test_axpy_wrong_coefficients[compatible_vector_array_pair2-&lt;lambda&gt;20]" time="0.027275562286376953"></testcase><testcase classname="src.pymortests.vectorarray" file="src/pymortests/vectorarray.py" line="1028" name="test_axpy_wrong_coefficients[compatible_vector_array_pair2-&lt;lambda&gt;21]" time="0.014421463012695312"></testcase><testcase classname="src.pymortests.vectorarray" file="src/pymortests/vectorarray.py" line="1028" name="test_axpy_wrong_coefficients[compatible_vector_array_pair2-&lt;lambda&gt;22]" time="0.04156136512756348"></testcase><testcase classname="src.pymortests.vectorarray" file="src/pymortests/vectorarray.py" line="1028" name="test_axpy_wrong_coefficients[compatible_vector_array_pair2-&lt;lambda&gt;23]" time="0.0064160823822021484"></testcase><testcase classname="src.pymortests.vectorarray" file="src/pymortests/vectorarray.py" line="1028" name="test_axpy_wrong_coefficients[compatible_vector_array_pair2-&lt;lambda&gt;24]" time="0.002432584762573242"></testcase><testcase classname="src.pymortests.vectorarray" file="src/pymortests/vectorarray.py" line="1028" name="test_axpy_wrong_coefficients[compatible_vector_array_pair2-&lt;lambda&gt;25]" time="0.0024530887603759766"></testcase><testcase classname="src.pymortests.vectorarray" file="src/pymortests/vectorarray.py" line="1028" name="test_axpy_wrong_coefficients[compatible_vector_array_pair2-&lt;lambda&gt;26]" time="0.024087190628051758"></testcase><testcase classname="src.pymortests.vectorarray" file="src/pymortests/vectorarray.py" line="1028" name="test_axpy_wrong_coefficients[compatible_vector_array_pair2-&lt;lambda&gt;27]" time="0.0326695442199707"></testcase><testcase classname="src.pymortests.vectorarray" file="src/pymortests/vectorarray.py" line="1028" name="test_axpy_wrong_coefficients[compatible_vector_array_pair2-&lt;lambda&gt;28]" time="0.11086320877075195"></testcase><testcase classname="src.pymortests.vectorarray" file="src/pymortests/vectorarray.py" line="1028" name="test_axpy_wrong_coefficients[compatible_vector_array_pair2-&lt;lambda&gt;29]" time="0.007365703582763672"></testcase><testcase classname="src.pymortests.vectorarray" file="src/pymortests/vectorarray.py" line="1028" name="test_axpy_wrong_coefficients[compatible_vector_array_pair3-&lt;lambda&gt;0]" time="0.0016336441040039062"></testcase><testcase classname="src.pymortests.vectorarray" file="src/pymortests/vectorarray.py" line="1028" name="test_axpy_wrong_coefficients[compatible_vector_array_pair3-&lt;lambda&gt;1]" time="0.0013186931610107422"></testcase><testcase classname="src.pymortests.vectorarray" file="src/pymortests/vectorarray.py" line="1028" name="test_axpy_wrong_coefficients[compatible_vector_array_pair3-&lt;lambda&gt;2]" time="0.002727508544921875"></testcase><testcase classname="src.pymortests.vectorarray" file="src/pymortests/vectorarray.py" line="1028" name="test_axpy_wrong_coefficients[compatible_vector_array_pair3-&lt;lambda&gt;3]" time="0.0030121803283691406"></testcase><testcase classname="src.pymortests.vectorarray" file="src/pymortests/vectorarray.py" line="1028" name="test_axpy_wrong_coefficients[compatible_vector_array_pair3-&lt;lambda&gt;4]" time="0.005831718444824219"></testcase><testcase classname="src.pymortests.vectorarray" file="src/pymortests/vectorarray.py" line="1028" name="test_axpy_wrong_coefficients[compatible_vector_array_pair3-&lt;lambda&gt;5]" time="0.0035390853881835938"></testcase><testcase classname="src.pymortests.vectorarray" file="src/pymortests/vectorarray.py" line="1028" name="test_axpy_wrong_coefficients[compatible_vector_array_pair3-&lt;lambda&gt;6]" time="0.001621246337890625"></testcase><testcase classname="src.pymortests.vectorarray" file="src/pymortests/vectorarray.py" line="1028" name="test_axpy_wrong_coefficients[compatible_vector_array_pair3-&lt;lambda&gt;7]" time="0.0012772083282470703"></testcase><testcase classname="src.pymortests.vectorarray" file="src/pymortests/vectorarray.py" line="1028" name="test_axpy_wrong_coefficients[compatible_vector_array_pair3-&lt;lambda&gt;8]" time="0.00299835205078125"></testcase><testcase classname="src.pymortests.vectorarray" file="src/pymortests/vectorarray.py" line="1028" name="test_axpy_wrong_coefficients[compatible_vector_array_pair3-&lt;lambda&gt;9]" time="0.0035860538482666016"></testcase><testcase classname="src.pymortests.vectorarray" file="src/pymortests/vectorarray.py" line="1028" name="test_axpy_wrong_coefficients[compatible_vector_array_pair3-&lt;lambda&gt;10]" time="0.007281303405761719"></testcase><testcase classname="src.pymortests.vectorarray" file="src/pymortests/vectorarray.py" line="1028" name="test_axpy_wrong_coefficients[compatible_vector_array_pair3-&lt;lambda&gt;11]" time="0.0036733150482177734"></testcase><testcase classname="src.pymortests.vectorarray" file="src/pymortests/vectorarray.py" line="1028" name="test_axpy_wrong_coefficients[compatible_vector_array_pair3-&lt;lambda&gt;12]" time="0.002207517623901367"></testcase><testcase classname="src.pymortests.vectorarray" file="src/pymortests/vectorarray.py" line="1028" name="test_axpy_wrong_coefficients[compatible_vector_array_pair3-&lt;lambda&gt;13]" time="0.001653909683227539"></testcase><testcase classname="src.pymortests.vectorarray" file="src/pymortests/vectorarray.py" line="1028" name="test_axpy_wrong_coefficients[compatible_vector_array_pair3-&lt;lambda&gt;14]" time="0.0031952857971191406"></testcase><testcase classname="src.pymortests.vectorarray" file="src/pymortests/vectorarray.py" line="1028" name="test_axpy_wrong_coefficients[compatible_vector_array_pair3-&lt;lambda&gt;15]" time="0.00439143180847168"></testcase><testcase classname="src.pymortests.vectorarray" file="src/pymortests/vectorarray.py" line="1028" name="test_axpy_wrong_coefficients[compatible_vector_array_pair3-&lt;lambda&gt;16]" time="0.005127668380737305"></testcase><testcase classname="src.pymortests.vectorarray" file="src/pymortests/vectorarray.py" line="1028" name="test_axpy_wrong_coefficients[compatible_vector_array_pair3-&lt;lambda&gt;17]" time="0.010244369506835938"></testcase><testcase classname="src.pymortests.vectorarray" file="src/pymortests/vectorarray.py" line="1028" name="test_axpy_wrong_coefficients[compatible_vector_array_pair3-&lt;lambda&gt;18]" time="0.0025300979614257812"></testcase><testcase classname="src.pymortests.vectorarray" file="src/pymortests/vectorarray.py" line="1028" name="test_axpy_wrong_coefficients[compatible_vector_array_pair3-&lt;lambda&gt;19]" time="0.0020592212677001953"></testcase><testcase classname="src.pymortests.vectorarray" file="src/pymortests/vectorarray.py" line="1028" name="test_axpy_wrong_coefficients[compatible_vector_array_pair3-&lt;lambda&gt;20]" time="0.0275266170501709"></testcase><testcase classname="src.pymortests.vectorarray" file="src/pymortests/vectorarray.py" line="1028" name="test_axpy_wrong_coefficients[compatible_vector_array_pair3-&lt;lambda&gt;21]" time="0.014667510986328125"></testcase><testcase classname="src.pymortests.vectorarray" file="src/pymortests/vectorarray.py" line="1028" name="test_axpy_wrong_coefficients[compatible_vector_array_pair3-&lt;lambda&gt;22]" time="0.04109954833984375"></testcase><testcase classname="src.pymortests.vectorarray" file="src/pymortests/vectorarray.py" line="1028" name="test_axpy_wrong_coefficients[compatible_vector_array_pair3-&lt;lambda&gt;23]" time="0.006323814392089844"></testcase><testcase classname="src.pymortests.vectorarray" file="src/pymortests/vectorarray.py" line="1028" name="test_axpy_wrong_coefficients[compatible_vector_array_pair3-&lt;lambda&gt;24]" time="0.0023758411407470703"></testcase><testcase classname="src.pymortests.vectorarray" file="src/pymortests/vectorarray.py" line="1028" name="test_axpy_wrong_coefficients[compatible_vector_array_pair3-&lt;lambda&gt;25]" time="0.0024254322052001953"></testcase><testcase classname="src.pymortests.vectorarray" file="src/pymortests/vectorarray.py" line="1028" name="test_axpy_wrong_coefficients[compatible_vector_array_pair3-&lt;lambda&gt;26]" time="0.023035287857055664"></testcase><testcase classname="src.pymortests.vectorarray" file="src/pymortests/vectorarray.py" line="1028" name="test_axpy_wrong_coefficients[compatible_vector_array_pair3-&lt;lambda&gt;27]" time="0.03226637840270996"></testcase><testcase classname="src.pymortests.vectorarray" file="src/pymortests/vectorarray.py" line="1028" name="test_axpy_wrong_coefficients[compatible_vector_array_pair3-&lt;lambda&gt;28]" time="0.1127474308013916"></testcase><testcase classname="src.pymortests.vectorarray" file="src/pymortests/vectorarray.py" line="1028" name="test_axpy_wrong_coefficients[compatible_vector_array_pair3-&lt;lambda&gt;29]" time="0.007798433303833008"></testcase><testcase classname="src.pymortests.vectorarray" file="src/pymortests/vectorarray.py" line="1028" name="test_axpy_wrong_coefficients[compatible_vector_array_pair4-&lt;lambda&gt;0]" time="0.0023517608642578125"></testcase><testcase classname="src.pymortests.vectorarray" file="src/pymortests/vectorarray.py" line="1028" name="test_axpy_wrong_coefficients[compatible_vector_array_pair4-&lt;lambda&gt;1]" time="0.0013933181762695312"></testcase><testcase classname="src.pymortests.vectorarray" file="src/pymortests/vectorarray.py" line="1028" name="test_axpy_wrong_coefficients[compatible_vector_array_pair4-&lt;lambda&gt;2]" time="0.0032317638397216797"></testcase><testcase classname="src.pymortests.vectorarray" file="src/pymortests/vectorarray.py" line="1028" name="test_axpy_wrong_coefficients[compatible_vector_array_pair4-&lt;lambda&gt;3]" time="0.0030438899993896484"></testcase><testcase classname="src.pymortests.vectorarray" file="src/pymortests/vectorarray.py" line="1028" name="test_axpy_wrong_coefficients[compatible_vector_array_pair4-&lt;lambda&gt;4]" time="0.0054111480712890625"></testcase><testcase classname="src.pymortests.vectorarray" file="src/pymortests/vectorarray.py" line="1028" name="test_axpy_wrong_coefficients[compatible_vector_array_pair4-&lt;lambda&gt;5]" time="0.0033788681030273438"></testcase><testcase classname="src.pymortests.vectorarray" file="src/pymortests/vectorarray.py" line="1028" name="test_axpy_wrong_coefficients[compatible_vector_array_pair4-&lt;lambda&gt;6]" time="0.0016331672668457031"></testcase><testcase classname="src.pymortests.vectorarray" file="src/pymortests/vectorarray.py" line="1028" name="test_axpy_wrong_coefficients[compatible_vector_array_pair4-&lt;lambda&gt;7]" time="0.0012862682342529297"></testcase><testcase classname="src.pymortests.vectorarray" file="src/pymortests/vectorarray.py" line="1028" name="test_axpy_wrong_coefficients[compatible_vector_array_pair4-&lt;lambda&gt;8]" time="0.0034995079040527344"></testcase><testcase classname="src.pymortests.vectorarray" file="src/pymortests/vectorarray.py" line="1028" name="test_axpy_wrong_coefficients[compatible_vector_array_pair4-&lt;lambda&gt;9]" time="0.0036211013793945312"></testcase><testcase classname="src.pymortests.vectorarray" file="src/pymortests/vectorarray.py" line="1028" name="test_axpy_wrong_coefficients[compatible_vector_array_pair4-&lt;lambda&gt;10]" time="0.007342815399169922"></testcase><testcase classname="src.pymortests.vectorarray" file="src/pymortests/vectorarray.py" line="1028" name="test_axpy_wrong_coefficients[compatible_vector_array_pair4-&lt;lambda&gt;11]" time="0.003838777542114258"></testcase><testcase classname="src.pymortests.vectorarray" file="src/pymortests/vectorarray.py" line="1028" name="test_axpy_wrong_coefficients[compatible_vector_array_pair4-&lt;lambda&gt;12]" time="0.002109050750732422"></testcase><testcase classname="src.pymortests.vectorarray" file="src/pymortests/vectorarray.py" line="1028" name="test_axpy_wrong_coefficients[compatible_vector_array_pair4-&lt;lambda&gt;13]" time="0.0017113685607910156"></testcase><testcase classname="src.pymortests.vectorarray" file="src/pymortests/vectorarray.py" line="1028" name="test_axpy_wrong_coefficients[compatible_vector_array_pair4-&lt;lambda&gt;14]" time="0.003387451171875"></testcase><testcase classname="src.pymortests.vectorarray" file="src/pymortests/vectorarray.py" line="1028" name="test_axpy_wrong_coefficients[compatible_vector_array_pair4-&lt;lambda&gt;15]" time="0.0044400691986083984"></testcase><testcase classname="src.pymortests.vectorarray" file="src/pymortests/vectorarray.py" line="1028" name="test_axpy_wrong_coefficients[compatible_vector_array_pair4-&lt;lambda&gt;16]" time="0.005239009857177734"></testcase><testcase classname="src.pymortests.vectorarray" file="src/pymortests/vectorarray.py" line="1028" name="test_axpy_wrong_coefficients[compatible_vector_array_pair4-&lt;lambda&gt;17]" time="0.01015782356262207"></testcase><testcase classname="src.pymortests.vectorarray" file="src/pymortests/vectorarray.py" line="1028" name="test_axpy_wrong_coefficients[compatible_vector_array_pair4-&lt;lambda&gt;18]" time="0.0025048255920410156"></testcase><testcase classname="src.pymortests.vectorarray" file="src/pymortests/vectorarray.py" line="1028" name="test_axpy_wrong_coefficients[compatible_vector_array_pair4-&lt;lambda&gt;19]" time="0.0021414756774902344"></testcase><testcase classname="src.pymortests.vectorarray" file="src/pymortests/vectorarray.py" line="1028" name="test_axpy_wrong_coefficients[compatible_vector_array_pair4-&lt;lambda&gt;20]" time="0.027895212173461914"></testcase><testcase classname="src.pymortests.vectorarray" file="src/pymortests/vectorarray.py" line="1028" name="test_axpy_wrong_coefficients[compatible_vector_array_pair4-&lt;lambda&gt;21]" time="0.014202356338500977"></testcase><testcase classname="src.pymortests.vectorarray" file="src/pymortests/vectorarray.py" line="1028" name="test_axpy_wrong_coefficients[compatible_vector_array_pair4-&lt;lambda&gt;22]" time="0.04152941703796387"></testcase><testcase classname="src.pymortests.vectorarray" file="src/pymortests/vectorarray.py" line="1028" name="test_axpy_wrong_coefficients[compatible_vector_array_pair4-&lt;lambda&gt;23]" time="0.006016254425048828"></testcase><testcase classname="src.pymortests.vectorarray" file="src/pymortests/vectorarray.py" line="1028" name="test_axpy_wrong_coefficients[compatible_vector_array_pair4-&lt;lambda&gt;24]" time="0.0016951560974121094"></testcase><testcase classname="src.pymortests.vectorarray" file="src/pymortests/vectorarray.py" line="1028" name="test_axpy_wrong_coefficients[compatible_vector_array_pair4-&lt;lambda&gt;25]" time="0.0023775100708007812"></testcase><testcase classname="src.pymortests.vectorarray" file="src/pymortests/vectorarray.py" line="1028" name="test_axpy_wrong_coefficients[compatible_vector_array_pair4-&lt;lambda&gt;26]" time="0.023093223571777344"></testcase><testcase classname="src.pymortests.vectorarray" file="src/pymortests/vectorarray.py" line="1028" name="test_axpy_wrong_coefficients[compatible_vector_array_pair4-&lt;lambda&gt;27]" time="0.03200650215148926"></testcase><testcase classname="src.pymortests.vectorarray" file="src/pymortests/vectorarray.py" line="1028" name="test_axpy_wrong_coefficients[compatible_vector_array_pair4-&lt;lambda&gt;28]" time="0.11409640312194824"></testcase><testcase classname="src.pymortests.vectorarray" file="src/pymortests/vectorarray.py" line="1028" name="test_axpy_wrong_coefficients[compatible_vector_array_pair4-&lt;lambda&gt;29]" time="0.0073812007904052734"></testcase><testcase classname="src.pymortests.vectorarray" file="src/pymortests/vectorarray.py" line="1028" name="test_axpy_wrong_coefficients[compatible_vector_array_pair5-&lt;lambda&gt;0]" time="0.0016713142395019531"></testcase><testcase classname="src.pymortests.vectorarray" file="src/pymortests/vectorarray.py" line="1028" name="test_axpy_wrong_coefficients[compatible_vector_array_pair5-&lt;lambda&gt;1]" time="0.0013222694396972656"></testcase><testcase classname="src.pymortests.vectorarray" file="src/pymortests/vectorarray.py" line="1028" name="test_axpy_wrong_coefficients[compatible_vector_array_pair5-&lt;lambda&gt;2]" time="0.0028150081634521484"></testcase><testcase classname="src.pymortests.vectorarray" file="src/pymortests/vectorarray.py" line="1028" name="test_axpy_wrong_coefficients[compatible_vector_array_pair5-&lt;lambda&gt;3]" time="0.003057718276977539"></testcase><testcase classname="src.pymortests.vectorarray" file="src/pymortests/vectorarray.py" line="1028" name="test_axpy_wrong_coefficients[compatible_vector_array_pair5-&lt;lambda&gt;4]" time="0.005572319030761719"></testcase><testcase classname="src.pymortests.vectorarray" file="src/pymortests/vectorarray.py" line="1028" name="test_axpy_wrong_coefficients[compatible_vector_array_pair5-&lt;lambda&gt;5]" time="0.003427743911743164"></testcase><testcase classname="src.pymortests.vectorarray" file="src/pymortests/vectorarray.py" line="1028" name="test_axpy_wrong_coefficients[compatible_vector_array_pair5-&lt;lambda&gt;6]" time="0.0017704963684082031"></testcase><testcase classname="src.pymortests.vectorarray" file="src/pymortests/vectorarray.py" line="1028" name="test_axpy_wrong_coefficients[compatible_vector_array_pair5-&lt;lambda&gt;7]" time="0.001363992691040039"></testcase><testcase classname="src.pymortests.vectorarray" file="src/pymortests/vectorarray.py" line="1028" name="test_axpy_wrong_coefficients[compatible_vector_array_pair5-&lt;lambda&gt;8]" time="0.003131389617919922"></testcase><testcase classname="src.pymortests.vectorarray" file="src/pymortests/vectorarray.py" line="1028" name="test_axpy_wrong_coefficients[compatible_vector_array_pair5-&lt;lambda&gt;9]" time="0.0035295486450195312"></testcase><testcase classname="src.pymortests.vectorarray" file="src/pymortests/vectorarray.py" line="1028" name="test_axpy_wrong_coefficients[compatible_vector_array_pair5-&lt;lambda&gt;10]" time="0.007399559020996094"></testcase><testcase classname="src.pymortests.vectorarray" file="src/pymortests/vectorarray.py" line="1028" name="test_axpy_wrong_coefficients[compatible_vector_array_pair5-&lt;lambda&gt;11]" time="0.0037021636962890625"></testcase><testcase classname="src.pymortests.vectorarray" file="src/pymortests/vectorarray.py" line="1028" name="test_axpy_wrong_coefficients[compatible_vector_array_pair5-&lt;lambda&gt;12]" time="0.0021910667419433594"></testcase><testcase classname="src.pymortests.vectorarray" file="src/pymortests/vectorarray.py" line="1028" name="test_axpy_wrong_coefficients[compatible_vector_array_pair5-&lt;lambda&gt;13]" time="0.0016832351684570312"></testcase><testcase classname="src.pymortests.vectorarray" file="src/pymortests/vectorarray.py" line="1028" name="test_axpy_wrong_coefficients[compatible_vector_array_pair5-&lt;lambda&gt;14]" time="0.0031964778900146484"></testcase><testcase classname="src.pymortests.vectorarray" file="src/pymortests/vectorarray.py" line="1028" name="test_axpy_wrong_coefficients[compatible_vector_array_pair5-&lt;lambda&gt;15]" time="0.0042798519134521484"></testcase><testcase classname="src.pymortests.vectorarray" file="src/pymortests/vectorarray.py" line="1028" name="test_axpy_wrong_coefficients[compatible_vector_array_pair5-&lt;lambda&gt;16]" time="0.0056285858154296875"></testcase><testcase classname="src.pymortests.vectorarray" file="src/pymortests/vectorarray.py" line="1028" name="test_axpy_wrong_coefficients[compatible_vector_array_pair5-&lt;lambda&gt;17]" time="0.010151863098144531"></testcase><testcase classname="src.pymortests.vectorarray" file="src/pymortests/vectorarray.py" line="1028" name="test_axpy_wrong_coefficients[compatible_vector_array_pair5-&lt;lambda&gt;18]" time="0.003748655319213867"></testcase><testcase classname="src.pymortests.vectorarray" file="src/pymortests/vectorarray.py" line="1028" name="test_axpy_wrong_coefficients[compatible_vector_array_pair5-&lt;lambda&gt;19]" time="0.0021593570709228516"></testcase><testcase classname="src.pymortests.vectorarray" file="src/pymortests/vectorarray.py" line="1028" name="test_axpy_wrong_coefficients[compatible_vector_array_pair5-&lt;lambda&gt;20]" time="0.026674747467041016"></testcase><testcase classname="src.pymortests.vectorarray" file="src/pymortests/vectorarray.py" line="1028" name="test_axpy_wrong_coefficients[compatible_vector_array_pair5-&lt;lambda&gt;21]" time="0.014129638671875"></testcase><testcase classname="src.pymortests.vectorarray" file="src/pymortests/vectorarray.py" line="1028" name="test_axpy_wrong_coefficients[compatible_vector_array_pair5-&lt;lambda&gt;22]" time="0.04215216636657715"></testcase><testcase classname="src.pymortests.vectorarray" file="src/pymortests/vectorarray.py" line="1028" name="test_axpy_wrong_coefficients[compatible_vector_array_pair5-&lt;lambda&gt;23]" time="0.005957603454589844"></testcase><testcase classname="src.pymortests.vectorarray" file="src/pymortests/vectorarray.py" line="1028" name="test_axpy_wrong_coefficients[compatible_vector_array_pair5-&lt;lambda&gt;24]" time="0.0016815662384033203"></testcase><testcase classname="src.pymortests.vectorarray" file="src/pymortests/vectorarray.py" line="1028" name="test_axpy_wrong_coefficients[compatible_vector_array_pair5-&lt;lambda&gt;25]" time="0.002294778823852539"></testcase><testcase classname="src.pymortests.vectorarray" file="src/pymortests/vectorarray.py" line="1028" name="test_axpy_wrong_coefficients[compatible_vector_array_pair5-&lt;lambda&gt;26]" time="0.02360224723815918"></testcase><testcase classname="src.pymortests.vectorarray" file="src/pymortests/vectorarray.py" line="1028" name="test_axpy_wrong_coefficients[compatible_vector_array_pair5-&lt;lambda&gt;27]" time="0.032918453216552734"></testcase><testcase classname="src.pymortests.vectorarray" file="src/pymortests/vectorarray.py" line="1028" name="test_axpy_wrong_coefficients[compatible_vector_array_pair5-&lt;lambda&gt;28]" time="0.11253023147583008"></testcase><testcase classname="src.pymortests.vectorarray" file="src/pymortests/vectorarray.py" line="1028" name="test_axpy_wrong_coefficients[compatible_vector_array_pair5-&lt;lambda&gt;29]" time="0.007336854934692383"></testcase><testcase classname="src.pymortests.vectorarray" file="src/pymortests/vectorarray.py" line="1028" name="test_axpy_wrong_coefficients[compatible_vector_array_pair6-&lt;lambda&gt;0]" time="0.002421140670776367"></testcase><testcase classname="src.pymortests.vectorarray" file="src/pymortests/vectorarray.py" line="1028" name="test_axpy_wrong_coefficients[compatible_vector_array_pair6-&lt;lambda&gt;1]" time="0.0012972354888916016"></testcase><testcase classname="src.pymortests.vectorarray" file="src/pymortests/vectorarray.py" line="1028" name="test_axpy_wrong_coefficients[compatible_vector_array_pair6-&lt;lambda&gt;2]" time="0.002779722213745117"></testcase><testcase classname="src.pymortests.vectorarray" file="src/pymortests/vectorarray.py" line="1028" name="test_axpy_wrong_coefficients[compatible_vector_array_pair6-&lt;lambda&gt;3]" time="0.0030384063720703125"></testcase><testcase classname="src.pymortests.vectorarray" file="src/pymortests/vectorarray.py" line="1028" name="test_axpy_wrong_coefficients[compatible_vector_array_pair6-&lt;lambda&gt;4]" time="0.005339384078979492"></testcase><testcase classname="src.pymortests.vectorarray" file="src/pymortests/vectorarray.py" line="1028" name="test_axpy_wrong_coefficients[compatible_vector_array_pair6-&lt;lambda&gt;5]" time="0.0034894943237304688"></testcase><testcase classname="src.pymortests.vectorarray" file="src/pymortests/vectorarray.py" line="1028" name="test_axpy_wrong_coefficients[compatible_vector_array_pair6-&lt;lambda&gt;6]" time="0.0016589164733886719"></testcase><testcase classname="src.pymortests.vectorarray" file="src/pymortests/vectorarray.py" line="1028" name="test_axpy_wrong_coefficients[compatible_vector_array_pair6-&lt;lambda&gt;7]" time="0.0013124942779541016"></testcase><testcase classname="src.pymortests.vectorarray" file="src/pymortests/vectorarray.py" line="1028" name="test_axpy_wrong_coefficients[compatible_vector_array_pair6-&lt;lambda&gt;8]" time="0.0030782222747802734"></testcase><testcase classname="src.pymortests.vectorarray" file="src/pymortests/vectorarray.py" line="1028" name="test_axpy_wrong_coefficients[compatible_vector_array_pair6-&lt;lambda&gt;9]" time="0.003645181655883789"></testcase><testcase classname="src.pymortests.vectorarray" file="src/pymortests/vectorarray.py" line="1028" name="test_axpy_wrong_coefficients[compatible_vector_array_pair6-&lt;lambda&gt;10]" time="0.007110118865966797"></testcase><testcase classname="src.pymortests.vectorarray" file="src/pymortests/vectorarray.py" line="1028" name="test_axpy_wrong_coefficients[compatible_vector_array_pair6-&lt;lambda&gt;11]" time="0.0036754608154296875"></testcase><testcase classname="src.pymortests.vectorarray" file="src/pymortests/vectorarray.py" line="1028" name="test_axpy_wrong_coefficients[compatible_vector_array_pair6-&lt;lambda&gt;12]" time="0.002099275588989258"></testcase><testcase classname="src.pymortests.vectorarray" file="src/pymortests/vectorarray.py" line="1028" name="test_axpy_wrong_coefficients[compatible_vector_array_pair6-&lt;lambda&gt;13]" time="0.0016582012176513672"></testcase><testcase classname="src.pymortests.vectorarray" file="src/pymortests/vectorarray.py" line="1028" name="test_axpy_wrong_coefficients[compatible_vector_array_pair6-&lt;lambda&gt;14]" time="0.0032477378845214844"></testcase><testcase classname="src.pymortests.vectorarray" file="src/pymortests/vectorarray.py" line="1028" name="test_axpy_wrong_coefficients[compatible_vector_array_pair6-&lt;lambda&gt;15]" time="0.004277467727661133"></testcase><testcase classname="src.pymortests.vectorarray" file="src/pymortests/vectorarray.py" line="1028" name="test_axpy_wrong_coefficients[compatible_vector_array_pair6-&lt;lambda&gt;16]" time="0.005095005035400391"></testcase><testcase classname="src.pymortests.vectorarray" file="src/pymortests/vectorarray.py" line="1028" name="test_axpy_wrong_coefficients[compatible_vector_array_pair6-&lt;lambda&gt;17]" time="0.010453462600708008"></testcase><testcase classname="src.pymortests.vectorarray" file="src/pymortests/vectorarray.py" line="1028" name="test_axpy_wrong_coefficients[compatible_vector_array_pair6-&lt;lambda&gt;18]" time="0.0033195018768310547"></testcase><testcase classname="src.pymortests.vectorarray" file="src/pymortests/vectorarray.py" line="1028" name="test_axpy_wrong_coefficients[compatible_vector_array_pair6-&lt;lambda&gt;19]" time="0.0021424293518066406"></testcase><testcase classname="src.pymortests.vectorarray" file="src/pymortests/vectorarray.py" line="1028" name="test_axpy_wrong_coefficients[compatible_vector_array_pair6-&lt;lambda&gt;20]" time="0.027271032333374023"></testcase><testcase classname="src.pymortests.vectorarray" file="src/pymortests/vectorarray.py" line="1028" name="test_axpy_wrong_coefficients[compatible_vector_array_pair6-&lt;lambda&gt;21]" time="0.014184713363647461"></testcase><testcase classname="src.pymortests.vectorarray" file="src/pymortests/vectorarray.py" line="1028" name="test_axpy_wrong_coefficients[compatible_vector_array_pair6-&lt;lambda&gt;22]" time="0.04135942459106445"></testcase><testcase classname="src.pymortests.vectorarray" file="src/pymortests/vectorarray.py" line="1028" name="test_axpy_wrong_coefficients[compatible_vector_array_pair6-&lt;lambda&gt;23]" time="0.005951642990112305"></testcase><testcase classname="src.pymortests.vectorarray" file="src/pymortests/vectorarray.py" line="1028" name="test_axpy_wrong_coefficients[compatible_vector_array_pair6-&lt;lambda&gt;24]" time="0.0017528533935546875"></testcase><testcase classname="src.pymortests.vectorarray" file="src/pymortests/vectorarray.py" line="1028" name="test_axpy_wrong_coefficients[compatible_vector_array_pair6-&lt;lambda&gt;25]" time="0.002719879150390625"></testcase><testcase classname="src.pymortests.vectorarray" file="src/pymortests/vectorarray.py" line="1028" name="test_axpy_wrong_coefficients[compatible_vector_array_pair6-&lt;lambda&gt;26]" time="0.02292943000793457"></testcase><testcase classname="src.pymortests.vectorarray" file="src/pymortests/vectorarray.py" line="1028" name="test_axpy_wrong_coefficients[compatible_vector_array_pair6-&lt;lambda&gt;27]" time="0.03129267692565918"></testcase><testcase classname="src.pymortests.vectorarray" file="src/pymortests/vectorarray.py" line="1028" name="test_axpy_wrong_coefficients[compatible_vector_array_pair6-&lt;lambda&gt;28]" time="0.11159420013427734"></testcase><testcase classname="src.pymortests.vectorarray" file="src/pymortests/vectorarray.py" line="1028" name="test_axpy_wrong_coefficients[compatible_vector_array_pair6-&lt;lambda&gt;29]" time="0.007711172103881836"></testcase><testcase classname="src.pymortests.vectorarray" file="src/pymortests/vectorarray.py" line="1028" name="test_axpy_wrong_coefficients[compatible_vector_array_pair7-&lt;lambda&gt;0]" time="0.0017180442810058594"></testcase><testcase classname="src.pymortests.vectorarray" file="src/pymortests/vectorarray.py" line="1028" name="test_axpy_wrong_coefficients[compatible_vector_array_pair7-&lt;lambda&gt;1]" time="0.0013918876647949219"></testcase><testcase classname="src.pymortests.vectorarray" file="src/pymortests/vectorarray.py" line="1028" name="test_axpy_wrong_coefficients[compatible_vector_array_pair7-&lt;lambda&gt;2]" time="0.0028257369995117188"></testcase><testcase classname="src.pymortests.vectorarray" file="src/pymortests/vectorarray.py" line="1028" name="test_axpy_wrong_coefficients[compatible_vector_array_pair7-&lt;lambda&gt;3]" time="0.0030786991119384766"></testcase><testcase classname="src.pymortests.vectorarray" file="src/pymortests/vectorarray.py" line="1028" name="test_axpy_wrong_coefficients[compatible_vector_array_pair7-&lt;lambda&gt;4]" time="0.0055081844329833984"></testcase><testcase classname="src.pymortests.vectorarray" file="src/pymortests/vectorarray.py" line="1028" name="test_axpy_wrong_coefficients[compatible_vector_array_pair7-&lt;lambda&gt;5]" time="0.0035674571990966797"></testcase><testcase classname="src.pymortests.vectorarray" file="src/pymortests/vectorarray.py" line="1028" name="test_axpy_wrong_coefficients[compatible_vector_array_pair7-&lt;lambda&gt;6]" time="0.001729726791381836"></testcase><testcase classname="src.pymortests.vectorarray" file="src/pymortests/vectorarray.py" line="1028" name="test_axpy_wrong_coefficients[compatible_vector_array_pair7-&lt;lambda&gt;7]" time="0.00144195556640625"></testcase><testcase classname="src.pymortests.vectorarray" file="src/pymortests/vectorarray.py" line="1028" name="test_axpy_wrong_coefficients[compatible_vector_array_pair7-&lt;lambda&gt;8]" time="0.003245830535888672"></testcase><testcase classname="src.pymortests.vectorarray" file="src/pymortests/vectorarray.py" line="1028" name="test_axpy_wrong_coefficients[compatible_vector_array_pair7-&lt;lambda&gt;9]" time="0.0064198970794677734"></testcase><testcase classname="src.pymortests.vectorarray" file="src/pymortests/vectorarray.py" line="1028" name="test_axpy_wrong_coefficients[compatible_vector_array_pair7-&lt;lambda&gt;10]" time="0.007515907287597656"></testcase><testcase classname="src.pymortests.vectorarray" file="src/pymortests/vectorarray.py" line="1028" name="test_axpy_wrong_coefficients[compatible_vector_array_pair7-&lt;lambda&gt;11]" time="0.0037441253662109375"></testcase><testcase classname="src.pymortests.vectorarray" file="src/pymortests/vectorarray.py" line="1028" name="test_axpy_wrong_coefficients[compatible_vector_array_pair7-&lt;lambda&gt;12]" time="0.0021352767944335938"></testcase><testcase classname="src.pymortests.vectorarray" file="src/pymortests/vectorarray.py" line="1028" name="test_axpy_wrong_coefficients[compatible_vector_array_pair7-&lt;lambda&gt;13]" time="0.0016815662384033203"></testcase><testcase classname="src.pymortests.vectorarray" file="src/pymortests/vectorarray.py" line="1028" name="test_axpy_wrong_coefficients[compatible_vector_array_pair7-&lt;lambda&gt;14]" time="0.0032303333282470703"></testcase><testcase classname="src.pymortests.vectorarray" file="src/pymortests/vectorarray.py" line="1028" name="test_axpy_wrong_coefficients[compatible_vector_array_pair7-&lt;lambda&gt;15]" time="0.004294395446777344"></testcase><testcase classname="src.pymortests.vectorarray" file="src/pymortests/vectorarray.py" line="1028" name="test_axpy_wrong_coefficients[compatible_vector_array_pair7-&lt;lambda&gt;16]" time="0.005229473114013672"></testcase><testcase classname="src.pymortests.vectorarray" file="src/pymortests/vectorarray.py" line="1028" name="test_axpy_wrong_coefficients[compatible_vector_array_pair7-&lt;lambda&gt;17]" time="0.009951591491699219"></testcase><testcase classname="src.pymortests.vectorarray" file="src/pymortests/vectorarray.py" line="1028" name="test_axpy_wrong_coefficients[compatible_vector_array_pair7-&lt;lambda&gt;18]" time="0.0025014877319335938"></testcase><testcase classname="src.pymortests.vectorarray" file="src/pymortests/vectorarray.py" line="1028" name="test_axpy_wrong_coefficients[compatible_vector_array_pair7-&lt;lambda&gt;19]" time="0.0021164417266845703"></testcase><testcase classname="src.pymortests.vectorarray" file="src/pymortests/vectorarray.py" line="1028" name="test_axpy_wrong_coefficients[compatible_vector_array_pair7-&lt;lambda&gt;20]" time="0.02688765525817871"></testcase><testcase classname="src.pymortests.vectorarray" file="src/pymortests/vectorarray.py" line="1028" name="test_axpy_wrong_coefficients[compatible_vector_array_pair7-&lt;lambda&gt;21]" time="0.014233827590942383"></testcase><testcase classname="src.pymortests.vectorarray" file="src/pymortests/vectorarray.py" line="1028" name="test_axpy_wrong_coefficients[compatible_vector_array_pair7-&lt;lambda&gt;22]" time="0.05197596549987793"></testcase><testcase classname="src.pymortests.vectorarray" file="src/pymortests/vectorarray.py" line="1028" name="test_axpy_wrong_coefficients[compatible_vector_array_pair7-&lt;lambda&gt;23]" time="0.006288051605224609"></testcase><testcase classname="src.pymortests.vectorarray" file="src/pymortests/vectorarray.py" line="1028" name="test_axpy_wrong_coefficients[compatible_vector_array_pair7-&lt;lambda&gt;24]" time="0.0017380714416503906"></testcase><testcase classname="src.pymortests.vectorarray" file="src/pymortests/vectorarray.py" line="1028" name="test_axpy_wrong_coefficients[compatible_vector_array_pair7-&lt;lambda&gt;25]" time="0.0023369789123535156"></testcase><testcase classname="src.pymortests.vectorarray" file="src/pymortests/vectorarray.py" line="1028" name="test_axpy_wrong_coefficients[compatible_vector_array_pair7-&lt;lambda&gt;26]" time="0.023195981979370117"></testcase><testcase classname="src.pymortests.vectorarray" file="src/pymortests/vectorarray.py" line="1028" name="test_axpy_wrong_coefficients[compatible_vector_array_pair7-&lt;lambda&gt;27]" time="0.032468557357788086"></testcase><testcase classname="src.pymortests.vectorarray" file="src/pymortests/vectorarray.py" line="1028" name="test_axpy_wrong_coefficients[compatible_vector_array_pair7-&lt;lambda&gt;28]" time="0.11190271377563477"></testcase><testcase classname="src.pymortests.vectorarray" file="src/pymortests/vectorarray.py" line="1028" name="test_axpy_wrong_coefficients[compatible_vector_array_pair7-&lt;lambda&gt;29]" time="0.00785064697265625"></testcase><testcase classname="src.pymortests.vectorarray" file="src/pymortests/vectorarray.py" line="1028" name="test_axpy_wrong_coefficients[compatible_vector_array_pair8-&lt;lambda&gt;0]" time="0.0017056465148925781"></testcase><testcase classname="src.pymortests.vectorarray" file="src/pymortests/vectorarray.py" line="1028" name="test_axpy_wrong_coefficients[compatible_vector_array_pair8-&lt;lambda&gt;1]" time="0.0013272762298583984"></testcase><testcase classname="src.pymortests.vectorarray" file="src/pymortests/vectorarray.py" line="1028" name="test_axpy_wrong_coefficients[compatible_vector_array_pair8-&lt;lambda&gt;2]" time="0.002814054489135742"></testcase><testcase classname="src.pymortests.vectorarray" file="src/pymortests/vectorarray.py" line="1028" name="test_axpy_wrong_coefficients[compatible_vector_array_pair8-&lt;lambda&gt;3]" time="0.00310516357421875"></testcase><testcase classname="src.pymortests.vectorarray" file="src/pymortests/vectorarray.py" line="1028" name="test_axpy_wrong_coefficients[compatible_vector_array_pair8-&lt;lambda&gt;4]" time="0.005539655685424805"></testcase><testcase classname="src.pymortests.vectorarray" file="src/pymortests/vectorarray.py" line="1028" name="test_axpy_wrong_coefficients[compatible_vector_array_pair8-&lt;lambda&gt;5]" time="0.0035958290100097656"></testcase><testcase classname="src.pymortests.vectorarray" file="src/pymortests/vectorarray.py" line="1028" name="test_axpy_wrong_coefficients[compatible_vector_array_pair8-&lt;lambda&gt;6]" time="0.001712799072265625"></testcase><testcase classname="src.pymortests.vectorarray" file="src/pymortests/vectorarray.py" line="1028" name="test_axpy_wrong_coefficients[compatible_vector_array_pair8-&lt;lambda&gt;7]" time="0.0013854503631591797"></testcase><testcase classname="src.pymortests.vectorarray" file="src/pymortests/vectorarray.py" line="1028" name="test_axpy_wrong_coefficients[compatible_vector_array_pair8-&lt;lambda&gt;8]" time="0.0034079551696777344"></testcase><testcase classname="src.pymortests.vectorarray" file="src/pymortests/vectorarray.py" line="1028" name="test_axpy_wrong_coefficients[compatible_vector_array_pair8-&lt;lambda&gt;9]" time="0.003635883331298828"></testcase><testcase classname="src.pymortests.vectorarray" file="src/pymortests/vectorarray.py" line="1028" name="test_axpy_wrong_coefficients[compatible_vector_array_pair8-&lt;lambda&gt;10]" time="0.007904767990112305"></testcase><testcase classname="src.pymortests.vectorarray" file="src/pymortests/vectorarray.py" line="1028" name="test_axpy_wrong_coefficients[compatible_vector_array_pair8-&lt;lambda&gt;11]" time="0.003946781158447266"></testcase><testcase classname="src.pymortests.vectorarray" file="src/pymortests/vectorarray.py" line="1028" name="test_axpy_wrong_coefficients[compatible_vector_array_pair8-&lt;lambda&gt;12]" time="0.002166271209716797"></testcase><testcase classname="src.pymortests.vectorarray" file="src/pymortests/vectorarray.py" line="1028" name="test_axpy_wrong_coefficients[compatible_vector_array_pair8-&lt;lambda&gt;13]" time="0.0017864704132080078"></testcase><testcase classname="src.pymortests.vectorarray" file="src/pymortests/vectorarray.py" line="1028" name="test_axpy_wrong_coefficients[compatible_vector_array_pair8-&lt;lambda&gt;14]" time="0.0034635066986083984"></testcase><testcase classname="src.pymortests.vectorarray" file="src/pymortests/vectorarray.py" line="1028" name="test_axpy_wrong_coefficients[compatible_vector_array_pair8-&lt;lambda&gt;15]" time="0.004398345947265625"></testcase><testcase classname="src.pymortests.vectorarray" file="src/pymortests/vectorarray.py" line="1028" name="test_axpy_wrong_coefficients[compatible_vector_array_pair8-&lt;lambda&gt;16]" time="0.005322933197021484"></testcase><testcase classname="src.pymortests.vectorarray" file="src/pymortests/vectorarray.py" line="1028" name="test_axpy_wrong_coefficients[compatible_vector_array_pair8-&lt;lambda&gt;17]" time="0.010113716125488281"></testcase><testcase classname="src.pymortests.vectorarray" file="src/pymortests/vectorarray.py" line="1028" name="test_axpy_wrong_coefficients[compatible_vector_array_pair8-&lt;lambda&gt;18]" time="0.0024535655975341797"></testcase><testcase classname="src.pymortests.vectorarray" file="src/pymortests/vectorarray.py" line="1028" name="test_axpy_wrong_coefficients[compatible_vector_array_pair8-&lt;lambda&gt;19]" time="0.002203226089477539"></testcase><testcase classname="src.pymortests.vectorarray" file="src/pymortests/vectorarray.py" line="1028" name="test_axpy_wrong_coefficients[compatible_vector_array_pair8-&lt;lambda&gt;20]" time="0.026718616485595703"></testcase><testcase classname="src.pymortests.vectorarray" file="src/pymortests/vectorarray.py" line="1028" name="test_axpy_wrong_coefficients[compatible_vector_array_pair8-&lt;lambda&gt;21]" time="0.014197349548339844"></testcase><testcase classname="src.pymortests.vectorarray" file="src/pymortests/vectorarray.py" line="1028" name="test_axpy_wrong_coefficients[compatible_vector_array_pair8-&lt;lambda&gt;22]" time="0.0418095588684082"></testcase><testcase classname="src.pymortests.vectorarray" file="src/pymortests/vectorarray.py" line="1028" name="test_axpy_wrong_coefficients[compatible_vector_array_pair8-&lt;lambda&gt;23]" time="0.0061991214752197266"></testcase><testcase classname="src.pymortests.vectorarray" file="src/pymortests/vectorarray.py" line="1028" name="test_axpy_wrong_coefficients[compatible_vector_array_pair8-&lt;lambda&gt;24]" time="0.0017879009246826172"></testcase><testcase classname="src.pymortests.vectorarray" file="src/pymortests/vectorarray.py" line="1028" name="test_axpy_wrong_coefficients[compatible_vector_array_pair8-&lt;lambda&gt;25]" time="0.002343416213989258"></testcase><testcase classname="src.pymortests.vectorarray" file="src/pymortests/vectorarray.py" line="1028" name="test_axpy_wrong_coefficients[compatible_vector_array_pair8-&lt;lambda&gt;26]" time="0.023611783981323242"></testcase><testcase classname="src.pymortests.vectorarray" file="src/pymortests/vectorarray.py" line="1028" name="test_axpy_wrong_coefficients[compatible_vector_array_pair8-&lt;lambda&gt;27]" time="0.03194618225097656"></testcase><testcase classname="src.pymortests.vectorarray" file="src/pymortests/vectorarray.py" line="1028" name="test_axpy_wrong_coefficients[compatible_vector_array_pair8-&lt;lambda&gt;28]" time="0.1123971939086914"></testcase><testcase classname="src.pymortests.vectorarray" file="src/pymortests/vectorarray.py" line="1028" name="test_axpy_wrong_coefficients[compatible_vector_array_pair8-&lt;lambda&gt;29]" time="0.007701396942138672"></testcase><testcase classname="src.pymortests.vectorarray" file="src/pymortests/vectorarray.py" line="1039" name="test_pairwise_dot_wrong_ind[compatible_vector_array_pair0-&lt;lambda&gt;0]" time="0.0020456314086914062"></testcase><testcase classname="src.pymortests.vectorarray" file="src/pymortests/vectorarray.py" line="1039" name="test_pairwise_dot_wrong_ind[compatible_vector_array_pair0-&lt;lambda&gt;1]" time="0.002650022506713867"></testcase><testcase classname="src.pymortests.vectorarray" file="src/pymortests/vectorarray.py" line="1039" name="test_pairwise_dot_wrong_ind[compatible_vector_array_pair0-&lt;lambda&gt;2]" time="0.0041768550872802734"></testcase><testcase classname="src.pymortests.vectorarray" file="src/pymortests/vectorarray.py" line="1039" name="test_pairwise_dot_wrong_ind[compatible_vector_array_pair0-&lt;lambda&gt;3]" time="0.0050542354583740234"></testcase><testcase classname="src.pymortests.vectorarray" file="src/pymortests/vectorarray.py" line="1039" name="test_pairwise_dot_wrong_ind[compatible_vector_array_pair0-&lt;lambda&gt;4]" time="0.0062465667724609375"></testcase><testcase classname="src.pymortests.vectorarray" file="src/pymortests/vectorarray.py" line="1039" name="test_pairwise_dot_wrong_ind[compatible_vector_array_pair0-&lt;lambda&gt;5]" time="0.004162311553955078"></testcase><testcase classname="src.pymortests.vectorarray" file="src/pymortests/vectorarray.py" line="1039" name="test_pairwise_dot_wrong_ind[compatible_vector_array_pair0-&lt;lambda&gt;6]" time="0.0019903182983398438"></testcase><testcase classname="src.pymortests.vectorarray" file="src/pymortests/vectorarray.py" line="1039" name="test_pairwise_dot_wrong_ind[compatible_vector_array_pair0-&lt;lambda&gt;7]" time="0.002719879150390625"></testcase><testcase classname="src.pymortests.vectorarray" file="src/pymortests/vectorarray.py" line="1039" name="test_pairwise_dot_wrong_ind[compatible_vector_array_pair0-&lt;lambda&gt;8]" time="0.011443376541137695"></testcase><testcase classname="src.pymortests.vectorarray" file="src/pymortests/vectorarray.py" line="1039" name="test_pairwise_dot_wrong_ind[compatible_vector_array_pair0-&lt;lambda&gt;9]" time="0.01670694351196289"></testcase><testcase classname="src.pymortests.vectorarray" file="src/pymortests/vectorarray.py" line="1039" name="test_pairwise_dot_wrong_ind[compatible_vector_array_pair0-&lt;lambda&gt;10]" time="0.0534670352935791"></testcase><testcase classname="src.pymortests.vectorarray" file="src/pymortests/vectorarray.py" line="1039" name="test_pairwise_dot_wrong_ind[compatible_vector_array_pair0-&lt;lambda&gt;11]" time="0.006352424621582031"></testcase><testcase classname="src.pymortests.vectorarray" file="src/pymortests/vectorarray.py" line="1039" name="test_pairwise_dot_wrong_ind[compatible_vector_array_pair0-&lt;lambda&gt;12]" time="0.002981901168823242"></testcase><testcase classname="src.pymortests.vectorarray" file="src/pymortests/vectorarray.py" line="1039" name="test_pairwise_dot_wrong_ind[compatible_vector_array_pair0-&lt;lambda&gt;13]" time="0.005292654037475586"></testcase><testcase classname="src.pymortests.vectorarray" file="src/pymortests/vectorarray.py" line="1039" name="test_pairwise_dot_wrong_ind[compatible_vector_array_pair0-&lt;lambda&gt;14]" time="0.006274700164794922"></testcase><testcase classname="src.pymortests.vectorarray" file="src/pymortests/vectorarray.py" line="1039" name="test_pairwise_dot_wrong_ind[compatible_vector_array_pair0-&lt;lambda&gt;15]" time="0.008340120315551758"></testcase><testcase classname="src.pymortests.vectorarray" file="src/pymortests/vectorarray.py" line="1039" name="test_pairwise_dot_wrong_ind[compatible_vector_array_pair0-&lt;lambda&gt;16]" time="0.010521173477172852"></testcase><testcase classname="src.pymortests.vectorarray" file="src/pymortests/vectorarray.py" line="1039" name="test_pairwise_dot_wrong_ind[compatible_vector_array_pair0-&lt;lambda&gt;17]" time="0.01262521743774414"></testcase><testcase classname="src.pymortests.vectorarray" file="src/pymortests/vectorarray.py" line="1039" name="test_pairwise_dot_wrong_ind[compatible_vector_array_pair0-&lt;lambda&gt;18]" time="0.002990245819091797"></testcase><testcase classname="src.pymortests.vectorarray" file="src/pymortests/vectorarray.py" line="1039" name="test_pairwise_dot_wrong_ind[compatible_vector_array_pair0-&lt;lambda&gt;19]" time="0.003607511520385742"></testcase><testcase classname="src.pymortests.vectorarray" file="src/pymortests/vectorarray.py" line="1039" name="test_pairwise_dot_wrong_ind[compatible_vector_array_pair0-&lt;lambda&gt;20]" time="0.035704612731933594"></testcase><testcase classname="src.pymortests.vectorarray" file="src/pymortests/vectorarray.py" line="1039" name="test_pairwise_dot_wrong_ind[compatible_vector_array_pair0-&lt;lambda&gt;21]" time="0.02818155288696289"></testcase><testcase classname="src.pymortests.vectorarray" file="src/pymortests/vectorarray.py" line="1039" name="test_pairwise_dot_wrong_ind[compatible_vector_array_pair0-&lt;lambda&gt;22]" time="0.08508944511413574"></testcase><testcase classname="src.pymortests.vectorarray" file="src/pymortests/vectorarray.py" line="1039" name="test_pairwise_dot_wrong_ind[compatible_vector_array_pair0-&lt;lambda&gt;23]" time="0.007906198501586914"></testcase><testcase classname="src.pymortests.vectorarray" file="src/pymortests/vectorarray.py" line="1039" name="test_pairwise_dot_wrong_ind[compatible_vector_array_pair0-&lt;lambda&gt;24]" time="0.002784252166748047"></testcase><testcase classname="src.pymortests.vectorarray" file="src/pymortests/vectorarray.py" line="1039" name="test_pairwise_dot_wrong_ind[compatible_vector_array_pair0-&lt;lambda&gt;25]" time="0.003665924072265625"></testcase><testcase classname="src.pymortests.vectorarray" file="src/pymortests/vectorarray.py" line="1039" name="test_pairwise_dot_wrong_ind[compatible_vector_array_pair0-&lt;lambda&gt;26]" time="0.03153800964355469"></testcase><testcase classname="src.pymortests.vectorarray" file="src/pymortests/vectorarray.py" line="1039" name="test_pairwise_dot_wrong_ind[compatible_vector_array_pair0-&lt;lambda&gt;27]" time="0.04426288604736328"></testcase><testcase classname="src.pymortests.vectorarray" file="src/pymortests/vectorarray.py" line="1039" name="test_pairwise_dot_wrong_ind[compatible_vector_array_pair0-&lt;lambda&gt;28]" time="0.15501832962036133"></testcase><testcase classname="src.pymortests.vectorarray" file="src/pymortests/vectorarray.py" line="1039" name="test_pairwise_dot_wrong_ind[compatible_vector_array_pair0-&lt;lambda&gt;29]" time="0.008795738220214844"></testcase><testcase classname="src.pymortests.vectorarray" file="src/pymortests/vectorarray.py" line="1039" name="test_pairwise_dot_wrong_ind[compatible_vector_array_pair1-&lt;lambda&gt;0]" time="0.002071857452392578"></testcase><testcase classname="src.pymortests.vectorarray" file="src/pymortests/vectorarray.py" line="1039" name="test_pairwise_dot_wrong_ind[compatible_vector_array_pair1-&lt;lambda&gt;1]" time="0.0026166439056396484"></testcase><testcase classname="src.pymortests.vectorarray" file="src/pymortests/vectorarray.py" line="1039" name="test_pairwise_dot_wrong_ind[compatible_vector_array_pair1-&lt;lambda&gt;2]" time="0.004143238067626953"></testcase><testcase classname="src.pymortests.vectorarray" file="src/pymortests/vectorarray.py" line="1039" name="test_pairwise_dot_wrong_ind[compatible_vector_array_pair1-&lt;lambda&gt;3]" time="0.004961252212524414"></testcase><testcase classname="src.pymortests.vectorarray" file="src/pymortests/vectorarray.py" line="1039" name="test_pairwise_dot_wrong_ind[compatible_vector_array_pair1-&lt;lambda&gt;4]" time="0.006217002868652344"></testcase><testcase classname="src.pymortests.vectorarray" file="src/pymortests/vectorarray.py" line="1039" name="test_pairwise_dot_wrong_ind[compatible_vector_array_pair1-&lt;lambda&gt;5]" time="0.004239797592163086"></testcase><testcase classname="src.pymortests.vectorarray" file="src/pymortests/vectorarray.py" line="1039" name="test_pairwise_dot_wrong_ind[compatible_vector_array_pair1-&lt;lambda&gt;6]" time="0.0020689964294433594"></testcase><testcase classname="src.pymortests.vectorarray" file="src/pymortests/vectorarray.py" line="1039" name="test_pairwise_dot_wrong_ind[compatible_vector_array_pair1-&lt;lambda&gt;7]" time="0.002722024917602539"></testcase><testcase classname="src.pymortests.vectorarray" file="src/pymortests/vectorarray.py" line="1039" name="test_pairwise_dot_wrong_ind[compatible_vector_array_pair1-&lt;lambda&gt;8]" time="0.011473894119262695"></testcase><testcase classname="src.pymortests.vectorarray" file="src/pymortests/vectorarray.py" line="1039" name="test_pairwise_dot_wrong_ind[compatible_vector_array_pair1-&lt;lambda&gt;9]" time="0.016825199127197266"></testcase><testcase classname="src.pymortests.vectorarray" file="src/pymortests/vectorarray.py" line="1039" name="test_pairwise_dot_wrong_ind[compatible_vector_array_pair1-&lt;lambda&gt;10]" time="0.05343890190124512"></testcase><testcase classname="src.pymortests.vectorarray" file="src/pymortests/vectorarray.py" line="1039" name="test_pairwise_dot_wrong_ind[compatible_vector_array_pair1-&lt;lambda&gt;11]" time="0.006299257278442383"></testcase><testcase classname="src.pymortests.vectorarray" file="src/pymortests/vectorarray.py" line="1039" name="test_pairwise_dot_wrong_ind[compatible_vector_array_pair1-&lt;lambda&gt;12]" time="0.0031130313873291016"></testcase><testcase classname="src.pymortests.vectorarray" file="src/pymortests/vectorarray.py" line="1039" name="test_pairwise_dot_wrong_ind[compatible_vector_array_pair1-&lt;lambda&gt;13]" time="0.005010366439819336"></testcase><testcase classname="src.pymortests.vectorarray" file="src/pymortests/vectorarray.py" line="1039" name="test_pairwise_dot_wrong_ind[compatible_vector_array_pair1-&lt;lambda&gt;14]" time="0.006093502044677734"></testcase><testcase classname="src.pymortests.vectorarray" file="src/pymortests/vectorarray.py" line="1039" name="test_pairwise_dot_wrong_ind[compatible_vector_array_pair1-&lt;lambda&gt;15]" time="0.008067131042480469"></testcase><testcase classname="src.pymortests.vectorarray" file="src/pymortests/vectorarray.py" line="1039" name="test_pairwise_dot_wrong_ind[compatible_vector_array_pair1-&lt;lambda&gt;16]" time="0.010210752487182617"></testcase><testcase classname="src.pymortests.vectorarray" file="src/pymortests/vectorarray.py" line="1039" name="test_pairwise_dot_wrong_ind[compatible_vector_array_pair1-&lt;lambda&gt;17]" time="0.014137506484985352"></testcase><testcase classname="src.pymortests.vectorarray" file="src/pymortests/vectorarray.py" line="1039" name="test_pairwise_dot_wrong_ind[compatible_vector_array_pair1-&lt;lambda&gt;18]" time="0.0034456253051757812"></testcase><testcase classname="src.pymortests.vectorarray" file="src/pymortests/vectorarray.py" line="1039" name="test_pairwise_dot_wrong_ind[compatible_vector_array_pair1-&lt;lambda&gt;19]" time="0.003482818603515625"></testcase><testcase classname="src.pymortests.vectorarray" file="src/pymortests/vectorarray.py" line="1039" name="test_pairwise_dot_wrong_ind[compatible_vector_array_pair1-&lt;lambda&gt;20]" time="0.03567147254943848"></testcase><testcase classname="src.pymortests.vectorarray" file="src/pymortests/vectorarray.py" line="1039" name="test_pairwise_dot_wrong_ind[compatible_vector_array_pair1-&lt;lambda&gt;21]" time="0.0271759033203125"></testcase><testcase classname="src.pymortests.vectorarray" file="src/pymortests/vectorarray.py" line="1039" name="test_pairwise_dot_wrong_ind[compatible_vector_array_pair1-&lt;lambda&gt;22]" time="0.08696770668029785"></testcase><testcase classname="src.pymortests.vectorarray" file="src/pymortests/vectorarray.py" line="1039" name="test_pairwise_dot_wrong_ind[compatible_vector_array_pair1-&lt;lambda&gt;23]" time="0.0071718692779541016"></testcase><testcase classname="src.pymortests.vectorarray" file="src/pymortests/vectorarray.py" line="1039" name="test_pairwise_dot_wrong_ind[compatible_vector_array_pair1-&lt;lambda&gt;24]" time="0.002706289291381836"></testcase><testcase classname="src.pymortests.vectorarray" file="src/pymortests/vectorarray.py" line="1039" name="test_pairwise_dot_wrong_ind[compatible_vector_array_pair1-&lt;lambda&gt;25]" time="0.0036454200744628906"></testcase><testcase classname="src.pymortests.vectorarray" file="src/pymortests/vectorarray.py" line="1039" name="test_pairwise_dot_wrong_ind[compatible_vector_array_pair1-&lt;lambda&gt;26]" time="0.031230926513671875"></testcase><testcase classname="src.pymortests.vectorarray" file="src/pymortests/vectorarray.py" line="1039" name="test_pairwise_dot_wrong_ind[compatible_vector_array_pair1-&lt;lambda&gt;27]" time="0.04429054260253906"></testcase><testcase classname="src.pymortests.vectorarray" file="src/pymortests/vectorarray.py" line="1039" name="test_pairwise_dot_wrong_ind[compatible_vector_array_pair1-&lt;lambda&gt;28]" time="0.15583109855651855"></testcase><testcase classname="src.pymortests.vectorarray" file="src/pymortests/vectorarray.py" line="1039" name="test_pairwise_dot_wrong_ind[compatible_vector_array_pair1-&lt;lambda&gt;29]" time="0.008589029312133789"></testcase><testcase classname="src.pymortests.vectorarray" file="src/pymortests/vectorarray.py" line="1039" name="test_pairwise_dot_wrong_ind[compatible_vector_array_pair2-&lt;lambda&gt;0]" time="0.0020182132720947266"></testcase><testcase classname="src.pymortests.vectorarray" file="src/pymortests/vectorarray.py" line="1039" name="test_pairwise_dot_wrong_ind[compatible_vector_array_pair2-&lt;lambda&gt;1]" time="0.0025339126586914062"></testcase><testcase classname="src.pymortests.vectorarray" file="src/pymortests/vectorarray.py" line="1039" name="test_pairwise_dot_wrong_ind[compatible_vector_array_pair2-&lt;lambda&gt;2]" time="0.004023551940917969"></testcase><testcase classname="src.pymortests.vectorarray" file="src/pymortests/vectorarray.py" line="1039" name="test_pairwise_dot_wrong_ind[compatible_vector_array_pair2-&lt;lambda&gt;3]" time="0.008099555969238281"></testcase><testcase classname="src.pymortests.vectorarray" file="src/pymortests/vectorarray.py" line="1039" name="test_pairwise_dot_wrong_ind[compatible_vector_array_pair2-&lt;lambda&gt;4]" time="0.0060193538665771484"></testcase><testcase classname="src.pymortests.vectorarray" file="src/pymortests/vectorarray.py" line="1039" name="test_pairwise_dot_wrong_ind[compatible_vector_array_pair2-&lt;lambda&gt;5]" time="0.0041065216064453125"></testcase><testcase classname="src.pymortests.vectorarray" file="src/pymortests/vectorarray.py" line="1039" name="test_pairwise_dot_wrong_ind[compatible_vector_array_pair2-&lt;lambda&gt;6]" time="0.0019326210021972656"></testcase><testcase classname="src.pymortests.vectorarray" file="src/pymortests/vectorarray.py" line="1039" name="test_pairwise_dot_wrong_ind[compatible_vector_array_pair2-&lt;lambda&gt;7]" time="0.0027353763580322266"></testcase><testcase classname="src.pymortests.vectorarray" file="src/pymortests/vectorarray.py" line="1039" name="test_pairwise_dot_wrong_ind[compatible_vector_array_pair2-&lt;lambda&gt;8]" time="0.011413335800170898"></testcase><testcase classname="src.pymortests.vectorarray" file="src/pymortests/vectorarray.py" line="1039" name="test_pairwise_dot_wrong_ind[compatible_vector_array_pair2-&lt;lambda&gt;9]" time="0.016607284545898438"></testcase><testcase classname="src.pymortests.vectorarray" file="src/pymortests/vectorarray.py" line="1039" name="test_pairwise_dot_wrong_ind[compatible_vector_array_pair2-&lt;lambda&gt;10]" time="0.05276298522949219"></testcase><testcase classname="src.pymortests.vectorarray" file="src/pymortests/vectorarray.py" line="1039" name="test_pairwise_dot_wrong_ind[compatible_vector_array_pair2-&lt;lambda&gt;11]" time="0.006079912185668945"></testcase><testcase classname="src.pymortests.vectorarray" file="src/pymortests/vectorarray.py" line="1039" name="test_pairwise_dot_wrong_ind[compatible_vector_array_pair2-&lt;lambda&gt;12]" time="0.0029959678649902344"></testcase><testcase classname="src.pymortests.vectorarray" file="src/pymortests/vectorarray.py" line="1039" name="test_pairwise_dot_wrong_ind[compatible_vector_array_pair2-&lt;lambda&gt;13]" time="0.005045413970947266"></testcase><testcase classname="src.pymortests.vectorarray" file="src/pymortests/vectorarray.py" line="1039" name="test_pairwise_dot_wrong_ind[compatible_vector_array_pair2-&lt;lambda&gt;14]" time="0.0060651302337646484"></testcase><testcase classname="src.pymortests.vectorarray" file="src/pymortests/vectorarray.py" line="1039" name="test_pairwise_dot_wrong_ind[compatible_vector_array_pair2-&lt;lambda&gt;15]" time="0.00814199447631836"></testcase><testcase classname="src.pymortests.vectorarray" file="src/pymortests/vectorarray.py" line="1039" name="test_pairwise_dot_wrong_ind[compatible_vector_array_pair2-&lt;lambda&gt;16]" time="0.010415792465209961"></testcase><testcase classname="src.pymortests.vectorarray" file="src/pymortests/vectorarray.py" line="1039" name="test_pairwise_dot_wrong_ind[compatible_vector_array_pair2-&lt;lambda&gt;17]" time="0.01417088508605957"></testcase><testcase classname="src.pymortests.vectorarray" file="src/pymortests/vectorarray.py" line="1039" name="test_pairwise_dot_wrong_ind[compatible_vector_array_pair2-&lt;lambda&gt;18]" time="0.0034685134887695312"></testcase><testcase classname="src.pymortests.vectorarray" file="src/pymortests/vectorarray.py" line="1039" name="test_pairwise_dot_wrong_ind[compatible_vector_array_pair2-&lt;lambda&gt;19]" time="0.003801107406616211"></testcase><testcase classname="src.pymortests.vectorarray" file="src/pymortests/vectorarray.py" line="1039" name="test_pairwise_dot_wrong_ind[compatible_vector_array_pair2-&lt;lambda&gt;20]" time="0.036493539810180664"></testcase><testcase classname="src.pymortests.vectorarray" file="src/pymortests/vectorarray.py" line="1039" name="test_pairwise_dot_wrong_ind[compatible_vector_array_pair2-&lt;lambda&gt;21]" time="0.027713298797607422"></testcase><testcase classname="src.pymortests.vectorarray" file="src/pymortests/vectorarray.py" line="1039" name="test_pairwise_dot_wrong_ind[compatible_vector_array_pair2-&lt;lambda&gt;22]" time="0.08679389953613281"></testcase><testcase classname="src.pymortests.vectorarray" file="src/pymortests/vectorarray.py" line="1039" name="test_pairwise_dot_wrong_ind[compatible_vector_array_pair2-&lt;lambda&gt;23]" time="0.0075986385345458984"></testcase><testcase classname="src.pymortests.vectorarray" file="src/pymortests/vectorarray.py" line="1039" name="test_pairwise_dot_wrong_ind[compatible_vector_array_pair2-&lt;lambda&gt;24]" time="0.0028498172760009766"></testcase><testcase classname="src.pymortests.vectorarray" file="src/pymortests/vectorarray.py" line="1039" name="test_pairwise_dot_wrong_ind[compatible_vector_array_pair2-&lt;lambda&gt;25]" time="0.003702402114868164"></testcase><testcase classname="src.pymortests.vectorarray" file="src/pymortests/vectorarray.py" line="1039" name="test_pairwise_dot_wrong_ind[compatible_vector_array_pair2-&lt;lambda&gt;26]" time="0.03147006034851074"></testcase><testcase classname="src.pymortests.vectorarray" file="src/pymortests/vectorarray.py" line="1039" name="test_pairwise_dot_wrong_ind[compatible_vector_array_pair2-&lt;lambda&gt;27]" time="0.04558229446411133"></testcase><testcase classname="src.pymortests.vectorarray" file="src/pymortests/vectorarray.py" line="1039" name="test_pairwise_dot_wrong_ind[compatible_vector_array_pair2-&lt;lambda&gt;28]" time="0.15585017204284668"></testcase><testcase classname="src.pymortests.vectorarray" file="src/pymortests/vectorarray.py" line="1039" name="test_pairwise_dot_wrong_ind[compatible_vector_array_pair2-&lt;lambda&gt;29]" time="0.008951902389526367"></testcase><testcase classname="src.pymortests.vectorarray" file="src/pymortests/vectorarray.py" line="1039" name="test_pairwise_dot_wrong_ind[compatible_vector_array_pair3-&lt;lambda&gt;0]" time="0.0030171871185302734"></testcase><testcase classname="src.pymortests.vectorarray" file="src/pymortests/vectorarray.py" line="1039" name="test_pairwise_dot_wrong_ind[compatible_vector_array_pair3-&lt;lambda&gt;1]" time="0.002663135528564453"></testcase><testcase classname="src.pymortests.vectorarray" file="src/pymortests/vectorarray.py" line="1039" name="test_pairwise_dot_wrong_ind[compatible_vector_array_pair3-&lt;lambda&gt;2]" time="0.004156827926635742"></testcase><testcase classname="src.pymortests.vectorarray" file="src/pymortests/vectorarray.py" line="1039" name="test_pairwise_dot_wrong_ind[compatible_vector_array_pair3-&lt;lambda&gt;3]" time="0.0049359798431396484"></testcase><testcase classname="src.pymortests.vectorarray" file="src/pymortests/vectorarray.py" line="1039" name="test_pairwise_dot_wrong_ind[compatible_vector_array_pair3-&lt;lambda&gt;4]" time="0.006211042404174805"></testcase><testcase classname="src.pymortests.vectorarray" file="src/pymortests/vectorarray.py" line="1039" name="test_pairwise_dot_wrong_ind[compatible_vector_array_pair3-&lt;lambda&gt;5]" time="0.004222869873046875"></testcase><testcase classname="src.pymortests.vectorarray" file="src/pymortests/vectorarray.py" line="1039" name="test_pairwise_dot_wrong_ind[compatible_vector_array_pair3-&lt;lambda&gt;6]" time="0.002043485641479492"></testcase><testcase classname="src.pymortests.vectorarray" file="src/pymortests/vectorarray.py" line="1039" name="test_pairwise_dot_wrong_ind[compatible_vector_array_pair3-&lt;lambda&gt;7]" time="0.0026836395263671875"></testcase><testcase classname="src.pymortests.vectorarray" file="src/pymortests/vectorarray.py" line="1039" name="test_pairwise_dot_wrong_ind[compatible_vector_array_pair3-&lt;lambda&gt;8]" time="0.011442184448242188"></testcase><testcase classname="src.pymortests.vectorarray" file="src/pymortests/vectorarray.py" line="1039" name="test_pairwise_dot_wrong_ind[compatible_vector_array_pair3-&lt;lambda&gt;9]" time="0.016846418380737305"></testcase><testcase classname="src.pymortests.vectorarray" file="src/pymortests/vectorarray.py" line="1039" name="test_pairwise_dot_wrong_ind[compatible_vector_array_pair3-&lt;lambda&gt;10]" time="0.052863359451293945"></testcase><testcase classname="src.pymortests.vectorarray" file="src/pymortests/vectorarray.py" line="1039" name="test_pairwise_dot_wrong_ind[compatible_vector_array_pair3-&lt;lambda&gt;11]" time="0.0062408447265625"></testcase><testcase classname="src.pymortests.vectorarray" file="src/pymortests/vectorarray.py" line="1039" name="test_pairwise_dot_wrong_ind[compatible_vector_array_pair3-&lt;lambda&gt;12]" time="0.0031380653381347656"></testcase><testcase classname="src.pymortests.vectorarray" file="src/pymortests/vectorarray.py" line="1039" name="test_pairwise_dot_wrong_ind[compatible_vector_array_pair3-&lt;lambda&gt;13]" time="0.005196809768676758"></testcase><testcase classname="src.pymortests.vectorarray" file="src/pymortests/vectorarray.py" line="1039" name="test_pairwise_dot_wrong_ind[compatible_vector_array_pair3-&lt;lambda&gt;14]" time="0.006044149398803711"></testcase><testcase classname="src.pymortests.vectorarray" file="src/pymortests/vectorarray.py" line="1039" name="test_pairwise_dot_wrong_ind[compatible_vector_array_pair3-&lt;lambda&gt;15]" time="0.008341550827026367"></testcase><testcase classname="src.pymortests.vectorarray" file="src/pymortests/vectorarray.py" line="1039" name="test_pairwise_dot_wrong_ind[compatible_vector_array_pair3-&lt;lambda&gt;16]" time="0.010423898696899414"></testcase><testcase classname="src.pymortests.vectorarray" file="src/pymortests/vectorarray.py" line="1039" name="test_pairwise_dot_wrong_ind[compatible_vector_array_pair3-&lt;lambda&gt;17]" time="0.013094902038574219"></testcase><testcase classname="src.pymortests.vectorarray" file="src/pymortests/vectorarray.py" line="1039" name="test_pairwise_dot_wrong_ind[compatible_vector_array_pair3-&lt;lambda&gt;18]" time="0.002810239791870117"></testcase><testcase classname="src.pymortests.vectorarray" file="src/pymortests/vectorarray.py" line="1039" name="test_pairwise_dot_wrong_ind[compatible_vector_array_pair3-&lt;lambda&gt;19]" time="0.003834962844848633"></testcase><testcase classname="src.pymortests.vectorarray" file="src/pymortests/vectorarray.py" line="1039" name="test_pairwise_dot_wrong_ind[compatible_vector_array_pair3-&lt;lambda&gt;20]" time="0.03538012504577637"></testcase><testcase classname="src.pymortests.vectorarray" file="src/pymortests/vectorarray.py" line="1039" name="test_pairwise_dot_wrong_ind[compatible_vector_array_pair3-&lt;lambda&gt;21]" time="0.02751636505126953"></testcase><testcase classname="src.pymortests.vectorarray" file="src/pymortests/vectorarray.py" line="1039" name="test_pairwise_dot_wrong_ind[compatible_vector_array_pair3-&lt;lambda&gt;22]" time="0.08679938316345215"></testcase><testcase classname="src.pymortests.vectorarray" file="src/pymortests/vectorarray.py" line="1039" name="test_pairwise_dot_wrong_ind[compatible_vector_array_pair3-&lt;lambda&gt;23]" time="0.0072138309478759766"></testcase><testcase classname="src.pymortests.vectorarray" file="src/pymortests/vectorarray.py" line="1039" name="test_pairwise_dot_wrong_ind[compatible_vector_array_pair3-&lt;lambda&gt;24]" time="0.002784252166748047"></testcase><testcase classname="src.pymortests.vectorarray" file="src/pymortests/vectorarray.py" line="1039" name="test_pairwise_dot_wrong_ind[compatible_vector_array_pair3-&lt;lambda&gt;25]" time="0.003641843795776367"></testcase><testcase classname="src.pymortests.vectorarray" file="src/pymortests/vectorarray.py" line="1039" name="test_pairwise_dot_wrong_ind[compatible_vector_array_pair3-&lt;lambda&gt;26]" time="0.0309908390045166"></testcase><testcase classname="src.pymortests.vectorarray" file="src/pymortests/vectorarray.py" line="1039" name="test_pairwise_dot_wrong_ind[compatible_vector_array_pair3-&lt;lambda&gt;27]" time="0.04471468925476074"></testcase><testcase classname="src.pymortests.vectorarray" file="src/pymortests/vectorarray.py" line="1039" name="test_pairwise_dot_wrong_ind[compatible_vector_array_pair3-&lt;lambda&gt;28]" time="0.16105198860168457"></testcase><testcase classname="src.pymortests.vectorarray" file="src/pymortests/vectorarray.py" line="1039" name="test_pairwise_dot_wrong_ind[compatible_vector_array_pair3-&lt;lambda&gt;29]" time="0.009045839309692383"></testcase><testcase classname="src.pymortests.vectorarray" file="src/pymortests/vectorarray.py" line="1039" name="test_pairwise_dot_wrong_ind[compatible_vector_array_pair4-&lt;lambda&gt;0]" time="0.003267049789428711"></testcase><testcase classname="src.pymortests.vectorarray" file="src/pymortests/vectorarray.py" line="1039" name="test_pairwise_dot_wrong_ind[compatible_vector_array_pair4-&lt;lambda&gt;1]" time="0.0028390884399414062"></testcase><testcase classname="src.pymortests.vectorarray" file="src/pymortests/vectorarray.py" line="1039" name="test_pairwise_dot_wrong_ind[compatible_vector_array_pair4-&lt;lambda&gt;2]" time="0.004479169845581055"></testcase><testcase classname="src.pymortests.vectorarray" file="src/pymortests/vectorarray.py" line="1039" name="test_pairwise_dot_wrong_ind[compatible_vector_array_pair4-&lt;lambda&gt;3]" time="0.005584239959716797"></testcase><testcase classname="src.pymortests.vectorarray" file="src/pymortests/vectorarray.py" line="1039" name="test_pairwise_dot_wrong_ind[compatible_vector_array_pair4-&lt;lambda&gt;4]" time="0.006839275360107422"></testcase><testcase classname="src.pymortests.vectorarray" file="src/pymortests/vectorarray.py" line="1039" name="test_pairwise_dot_wrong_ind[compatible_vector_array_pair4-&lt;lambda&gt;5]" time="0.004557609558105469"></testcase><testcase classname="src.pymortests.vectorarray" file="src/pymortests/vectorarray.py" line="1039" name="test_pairwise_dot_wrong_ind[compatible_vector_array_pair4-&lt;lambda&gt;6]" time="0.002180814743041992"></testcase><testcase classname="src.pymortests.vectorarray" file="src/pymortests/vectorarray.py" line="1039" name="test_pairwise_dot_wrong_ind[compatible_vector_array_pair4-&lt;lambda&gt;7]" time="0.002730846405029297"></testcase><testcase classname="src.pymortests.vectorarray" file="src/pymortests/vectorarray.py" line="1039" name="test_pairwise_dot_wrong_ind[compatible_vector_array_pair4-&lt;lambda&gt;8]" time="0.011803627014160156"></testcase><testcase classname="src.pymortests.vectorarray" file="src/pymortests/vectorarray.py" line="1039" name="test_pairwise_dot_wrong_ind[compatible_vector_array_pair4-&lt;lambda&gt;9]" time="0.018096923828125"></testcase><testcase classname="src.pymortests.vectorarray" file="src/pymortests/vectorarray.py" line="1039" name="test_pairwise_dot_wrong_ind[compatible_vector_array_pair4-&lt;lambda&gt;10]" time="0.05315279960632324"></testcase><testcase classname="src.pymortests.vectorarray" file="src/pymortests/vectorarray.py" line="1039" name="test_pairwise_dot_wrong_ind[compatible_vector_array_pair4-&lt;lambda&gt;11]" time="0.0061342716217041016"></testcase><testcase classname="src.pymortests.vectorarray" file="src/pymortests/vectorarray.py" line="1039" name="test_pairwise_dot_wrong_ind[compatible_vector_array_pair4-&lt;lambda&gt;12]" time="0.0030519962310791016"></testcase><testcase classname="src.pymortests.vectorarray" file="src/pymortests/vectorarray.py" line="1039" name="test_pairwise_dot_wrong_ind[compatible_vector_array_pair4-&lt;lambda&gt;13]" time="0.005012989044189453"></testcase><testcase classname="src.pymortests.vectorarray" file="src/pymortests/vectorarray.py" line="1039" name="test_pairwise_dot_wrong_ind[compatible_vector_array_pair4-&lt;lambda&gt;14]" time="0.006039619445800781"></testcase><testcase classname="src.pymortests.vectorarray" file="src/pymortests/vectorarray.py" line="1039" name="test_pairwise_dot_wrong_ind[compatible_vector_array_pair4-&lt;lambda&gt;15]" time="0.008162498474121094"></testcase><testcase classname="src.pymortests.vectorarray" file="src/pymortests/vectorarray.py" line="1039" name="test_pairwise_dot_wrong_ind[compatible_vector_array_pair4-&lt;lambda&gt;16]" time="0.010413169860839844"></testcase><testcase classname="src.pymortests.vectorarray" file="src/pymortests/vectorarray.py" line="1039" name="test_pairwise_dot_wrong_ind[compatible_vector_array_pair4-&lt;lambda&gt;17]" time="0.012980222702026367"></testcase><testcase classname="src.pymortests.vectorarray" file="src/pymortests/vectorarray.py" line="1039" name="test_pairwise_dot_wrong_ind[compatible_vector_array_pair4-&lt;lambda&gt;18]" time="0.0028722286224365234"></testcase><testcase classname="src.pymortests.vectorarray" file="src/pymortests/vectorarray.py" line="1039" name="test_pairwise_dot_wrong_ind[compatible_vector_array_pair4-&lt;lambda&gt;19]" time="0.0035276412963867188"></testcase><testcase classname="src.pymortests.vectorarray" file="src/pymortests/vectorarray.py" line="1039" name="test_pairwise_dot_wrong_ind[compatible_vector_array_pair4-&lt;lambda&gt;20]" time="0.03481125831604004"></testcase><testcase classname="src.pymortests.vectorarray" file="src/pymortests/vectorarray.py" line="1039" name="test_pairwise_dot_wrong_ind[compatible_vector_array_pair4-&lt;lambda&gt;21]" time="0.027112245559692383"></testcase><testcase classname="src.pymortests.vectorarray" file="src/pymortests/vectorarray.py" line="1039" name="test_pairwise_dot_wrong_ind[compatible_vector_array_pair4-&lt;lambda&gt;22]" time="0.08729100227355957"></testcase><testcase classname="src.pymortests.vectorarray" file="src/pymortests/vectorarray.py" line="1039" name="test_pairwise_dot_wrong_ind[compatible_vector_array_pair4-&lt;lambda&gt;23]" time="0.0071256160736083984"></testcase><testcase classname="src.pymortests.vectorarray" file="src/pymortests/vectorarray.py" line="1039" name="test_pairwise_dot_wrong_ind[compatible_vector_array_pair4-&lt;lambda&gt;24]" time="0.0020198822021484375"></testcase><testcase classname="src.pymortests.vectorarray" file="src/pymortests/vectorarray.py" line="1039" name="test_pairwise_dot_wrong_ind[compatible_vector_array_pair4-&lt;lambda&gt;25]" time="0.003794431686401367"></testcase><testcase classname="src.pymortests.vectorarray" file="src/pymortests/vectorarray.py" line="1039" name="test_pairwise_dot_wrong_ind[compatible_vector_array_pair4-&lt;lambda&gt;26]" time="0.03217792510986328"></testcase><testcase classname="src.pymortests.vectorarray" file="src/pymortests/vectorarray.py" line="1039" name="test_pairwise_dot_wrong_ind[compatible_vector_array_pair4-&lt;lambda&gt;27]" time="0.04497241973876953"></testcase><testcase classname="src.pymortests.vectorarray" file="src/pymortests/vectorarray.py" line="1039" name="test_pairwise_dot_wrong_ind[compatible_vector_array_pair4-&lt;lambda&gt;28]" time="0.1573467254638672"></testcase><testcase classname="src.pymortests.vectorarray" file="src/pymortests/vectorarray.py" line="1039" name="test_pairwise_dot_wrong_ind[compatible_vector_array_pair4-&lt;lambda&gt;29]" time="0.008927106857299805"></testcase><testcase classname="src.pymortests.vectorarray" file="src/pymortests/vectorarray.py" line="1039" name="test_pairwise_dot_wrong_ind[compatible_vector_array_pair5-&lt;lambda&gt;0]" time="0.002180814743041992"></testcase><testcase classname="src.pymortests.vectorarray" file="src/pymortests/vectorarray.py" line="1039" name="test_pairwise_dot_wrong_ind[compatible_vector_array_pair5-&lt;lambda&gt;1]" time="0.0027036666870117188"></testcase><testcase classname="src.pymortests.vectorarray" file="src/pymortests/vectorarray.py" line="1039" name="test_pairwise_dot_wrong_ind[compatible_vector_array_pair5-&lt;lambda&gt;2]" time="0.004397869110107422"></testcase><testcase classname="src.pymortests.vectorarray" file="src/pymortests/vectorarray.py" line="1039" name="test_pairwise_dot_wrong_ind[compatible_vector_array_pair5-&lt;lambda&gt;3]" time="0.005007266998291016"></testcase><testcase classname="src.pymortests.vectorarray" file="src/pymortests/vectorarray.py" line="1039" name="test_pairwise_dot_wrong_ind[compatible_vector_array_pair5-&lt;lambda&gt;4]" time="0.00628209114074707"></testcase><testcase classname="src.pymortests.vectorarray" file="src/pymortests/vectorarray.py" line="1039" name="test_pairwise_dot_wrong_ind[compatible_vector_array_pair5-&lt;lambda&gt;5]" time="0.004639863967895508"></testcase><testcase classname="src.pymortests.vectorarray" file="src/pymortests/vectorarray.py" line="1039" name="test_pairwise_dot_wrong_ind[compatible_vector_array_pair5-&lt;lambda&gt;6]" time="0.0019724369049072266"></testcase><testcase classname="src.pymortests.vectorarray" file="src/pymortests/vectorarray.py" line="1039" name="test_pairwise_dot_wrong_ind[compatible_vector_array_pair5-&lt;lambda&gt;7]" time="0.002655506134033203"></testcase><testcase classname="src.pymortests.vectorarray" file="src/pymortests/vectorarray.py" line="1039" name="test_pairwise_dot_wrong_ind[compatible_vector_array_pair5-&lt;lambda&gt;8]" time="0.011697053909301758"></testcase><testcase classname="src.pymortests.vectorarray" file="src/pymortests/vectorarray.py" line="1039" name="test_pairwise_dot_wrong_ind[compatible_vector_array_pair5-&lt;lambda&gt;9]" time="0.016676664352416992"></testcase><testcase classname="src.pymortests.vectorarray" file="src/pymortests/vectorarray.py" line="1039" name="test_pairwise_dot_wrong_ind[compatible_vector_array_pair5-&lt;lambda&gt;10]" time="0.05330514907836914"></testcase><testcase classname="src.pymortests.vectorarray" file="src/pymortests/vectorarray.py" line="1039" name="test_pairwise_dot_wrong_ind[compatible_vector_array_pair5-&lt;lambda&gt;11]" time="0.00584864616394043"></testcase><testcase classname="src.pymortests.vectorarray" file="src/pymortests/vectorarray.py" line="1039" name="test_pairwise_dot_wrong_ind[compatible_vector_array_pair5-&lt;lambda&gt;12]" time="0.003003835678100586"></testcase><testcase classname="src.pymortests.vectorarray" file="src/pymortests/vectorarray.py" line="1039" name="test_pairwise_dot_wrong_ind[compatible_vector_array_pair5-&lt;lambda&gt;13]" time="0.0051081180572509766"></testcase><testcase classname="src.pymortests.vectorarray" file="src/pymortests/vectorarray.py" line="1039" name="test_pairwise_dot_wrong_ind[compatible_vector_array_pair5-&lt;lambda&gt;14]" time="0.006784200668334961"></testcase><testcase classname="src.pymortests.vectorarray" file="src/pymortests/vectorarray.py" line="1039" name="test_pairwise_dot_wrong_ind[compatible_vector_array_pair5-&lt;lambda&gt;15]" time="0.008142709732055664"></testcase><testcase classname="src.pymortests.vectorarray" file="src/pymortests/vectorarray.py" line="1039" name="test_pairwise_dot_wrong_ind[compatible_vector_array_pair5-&lt;lambda&gt;16]" time="0.010455608367919922"></testcase><testcase classname="src.pymortests.vectorarray" file="src/pymortests/vectorarray.py" line="1039" name="test_pairwise_dot_wrong_ind[compatible_vector_array_pair5-&lt;lambda&gt;17]" time="0.012998819351196289"></testcase><testcase classname="src.pymortests.vectorarray" file="src/pymortests/vectorarray.py" line="1039" name="test_pairwise_dot_wrong_ind[compatible_vector_array_pair5-&lt;lambda&gt;18]" time="0.0028557777404785156"></testcase><testcase classname="src.pymortests.vectorarray" file="src/pymortests/vectorarray.py" line="1039" name="test_pairwise_dot_wrong_ind[compatible_vector_array_pair5-&lt;lambda&gt;19]" time="0.0037620067596435547"></testcase><testcase classname="src.pymortests.vectorarray" file="src/pymortests/vectorarray.py" line="1039" name="test_pairwise_dot_wrong_ind[compatible_vector_array_pair5-&lt;lambda&gt;20]" time="0.03574395179748535"></testcase><testcase classname="src.pymortests.vectorarray" file="src/pymortests/vectorarray.py" line="1039" name="test_pairwise_dot_wrong_ind[compatible_vector_array_pair5-&lt;lambda&gt;21]" time="0.027235746383666992"></testcase><testcase classname="src.pymortests.vectorarray" file="src/pymortests/vectorarray.py" line="1039" name="test_pairwise_dot_wrong_ind[compatible_vector_array_pair5-&lt;lambda&gt;22]" time="0.08617091178894043"></testcase><testcase classname="src.pymortests.vectorarray" file="src/pymortests/vectorarray.py" line="1039" name="test_pairwise_dot_wrong_ind[compatible_vector_array_pair5-&lt;lambda&gt;23]" time="0.0072383880615234375"></testcase><testcase classname="src.pymortests.vectorarray" file="src/pymortests/vectorarray.py" line="1039" name="test_pairwise_dot_wrong_ind[compatible_vector_array_pair5-&lt;lambda&gt;24]" time="0.002785921096801758"></testcase><testcase classname="src.pymortests.vectorarray" file="src/pymortests/vectorarray.py" line="1039" name="test_pairwise_dot_wrong_ind[compatible_vector_array_pair5-&lt;lambda&gt;25]" time="0.0036292076110839844"></testcase><testcase classname="src.pymortests.vectorarray" file="src/pymortests/vectorarray.py" line="1039" name="test_pairwise_dot_wrong_ind[compatible_vector_array_pair5-&lt;lambda&gt;26]" time="0.031176328659057617"></testcase><testcase classname="src.pymortests.vectorarray" file="src/pymortests/vectorarray.py" line="1039" name="test_pairwise_dot_wrong_ind[compatible_vector_array_pair5-&lt;lambda&gt;27]" time="0.044602394104003906"></testcase><testcase classname="src.pymortests.vectorarray" file="src/pymortests/vectorarray.py" line="1039" name="test_pairwise_dot_wrong_ind[compatible_vector_array_pair5-&lt;lambda&gt;28]" time="0.15715384483337402"></testcase><testcase classname="src.pymortests.vectorarray" file="src/pymortests/vectorarray.py" line="1039" name="test_pairwise_dot_wrong_ind[compatible_vector_array_pair5-&lt;lambda&gt;29]" time="0.009091615676879883"></testcase><testcase classname="src.pymortests.vectorarray" file="src/pymortests/vectorarray.py" line="1039" name="test_pairwise_dot_wrong_ind[compatible_vector_array_pair6-&lt;lambda&gt;0]" time="0.0021469593048095703"></testcase><testcase classname="src.pymortests.vectorarray" file="src/pymortests/vectorarray.py" line="1039" name="test_pairwise_dot_wrong_ind[compatible_vector_array_pair6-&lt;lambda&gt;1]" time="0.0026259422302246094"></testcase><testcase classname="src.pymortests.vectorarray" file="src/pymortests/vectorarray.py" line="1039" name="test_pairwise_dot_wrong_ind[compatible_vector_array_pair6-&lt;lambda&gt;2]" time="0.00428318977355957"></testcase><testcase classname="src.pymortests.vectorarray" file="src/pymortests/vectorarray.py" line="1039" name="test_pairwise_dot_wrong_ind[compatible_vector_array_pair6-&lt;lambda&gt;3]" time="0.00503230094909668"></testcase><testcase classname="src.pymortests.vectorarray" file="src/pymortests/vectorarray.py" line="1039" name="test_pairwise_dot_wrong_ind[compatible_vector_array_pair6-&lt;lambda&gt;4]" time="0.006230592727661133"></testcase><testcase classname="src.pymortests.vectorarray" file="src/pymortests/vectorarray.py" line="1039" name="test_pairwise_dot_wrong_ind[compatible_vector_array_pair6-&lt;lambda&gt;5]" time="0.004837751388549805"></testcase><testcase classname="src.pymortests.vectorarray" file="src/pymortests/vectorarray.py" line="1039" name="test_pairwise_dot_wrong_ind[compatible_vector_array_pair6-&lt;lambda&gt;6]" time="0.002021312713623047"></testcase><testcase classname="src.pymortests.vectorarray" file="src/pymortests/vectorarray.py" line="1039" name="test_pairwise_dot_wrong_ind[compatible_vector_array_pair6-&lt;lambda&gt;7]" time="0.0026657581329345703"></testcase><testcase classname="src.pymortests.vectorarray" file="src/pymortests/vectorarray.py" line="1039" name="test_pairwise_dot_wrong_ind[compatible_vector_array_pair6-&lt;lambda&gt;8]" time="0.011563777923583984"></testcase><testcase classname="src.pymortests.vectorarray" file="src/pymortests/vectorarray.py" line="1039" name="test_pairwise_dot_wrong_ind[compatible_vector_array_pair6-&lt;lambda&gt;9]" time="0.016410112380981445"></testcase><testcase classname="src.pymortests.vectorarray" file="src/pymortests/vectorarray.py" line="1039" name="test_pairwise_dot_wrong_ind[compatible_vector_array_pair6-&lt;lambda&gt;10]" time="0.052536964416503906"></testcase><testcase classname="src.pymortests.vectorarray" file="src/pymortests/vectorarray.py" line="1039" name="test_pairwise_dot_wrong_ind[compatible_vector_array_pair6-&lt;lambda&gt;11]" time="0.006064891815185547"></testcase><testcase classname="src.pymortests.vectorarray" file="src/pymortests/vectorarray.py" line="1039" name="test_pairwise_dot_wrong_ind[compatible_vector_array_pair6-&lt;lambda&gt;12]" time="0.0031347274780273438"></testcase><testcase classname="src.pymortests.vectorarray" file="src/pymortests/vectorarray.py" line="1039" name="test_pairwise_dot_wrong_ind[compatible_vector_array_pair6-&lt;lambda&gt;13]" time="0.0050792694091796875"></testcase><testcase classname="src.pymortests.vectorarray" file="src/pymortests/vectorarray.py" line="1039" name="test_pairwise_dot_wrong_ind[compatible_vector_array_pair6-&lt;lambda&gt;14]" time="0.00640869140625"></testcase><testcase classname="src.pymortests.vectorarray" file="src/pymortests/vectorarray.py" line="1039" name="test_pairwise_dot_wrong_ind[compatible_vector_array_pair6-&lt;lambda&gt;15]" time="0.008053302764892578"></testcase><testcase classname="src.pymortests.vectorarray" file="src/pymortests/vectorarray.py" line="1039" name="test_pairwise_dot_wrong_ind[compatible_vector_array_pair6-&lt;lambda&gt;16]" time="0.009897708892822266"></testcase><testcase classname="src.pymortests.vectorarray" file="src/pymortests/vectorarray.py" line="1039" name="test_pairwise_dot_wrong_ind[compatible_vector_array_pair6-&lt;lambda&gt;17]" time="0.012540817260742188"></testcase><testcase classname="src.pymortests.vectorarray" file="src/pymortests/vectorarray.py" line="1039" name="test_pairwise_dot_wrong_ind[compatible_vector_array_pair6-&lt;lambda&gt;18]" time="0.0027480125427246094"></testcase><testcase classname="src.pymortests.vectorarray" file="src/pymortests/vectorarray.py" line="1039" name="test_pairwise_dot_wrong_ind[compatible_vector_array_pair6-&lt;lambda&gt;19]" time="0.0035390853881835938"></testcase><testcase classname="src.pymortests.vectorarray" file="src/pymortests/vectorarray.py" line="1039" name="test_pairwise_dot_wrong_ind[compatible_vector_array_pair6-&lt;lambda&gt;20]" time="0.03542971611022949"></testcase><testcase classname="src.pymortests.vectorarray" file="src/pymortests/vectorarray.py" line="1039" name="test_pairwise_dot_wrong_ind[compatible_vector_array_pair6-&lt;lambda&gt;21]" time="0.02756810188293457"></testcase><testcase classname="src.pymortests.vectorarray" file="src/pymortests/vectorarray.py" line="1039" name="test_pairwise_dot_wrong_ind[compatible_vector_array_pair6-&lt;lambda&gt;22]" time="0.08604264259338379"></testcase><testcase classname="src.pymortests.vectorarray" file="src/pymortests/vectorarray.py" line="1039" name="test_pairwise_dot_wrong_ind[compatible_vector_array_pair6-&lt;lambda&gt;23]" time="0.007613658905029297"></testcase><testcase classname="src.pymortests.vectorarray" file="src/pymortests/vectorarray.py" line="1039" name="test_pairwise_dot_wrong_ind[compatible_vector_array_pair6-&lt;lambda&gt;24]" time="0.0027675628662109375"></testcase><testcase classname="src.pymortests.vectorarray" file="src/pymortests/vectorarray.py" line="1039" name="test_pairwise_dot_wrong_ind[compatible_vector_array_pair6-&lt;lambda&gt;25]" time="0.0037643909454345703"></testcase><testcase classname="src.pymortests.vectorarray" file="src/pymortests/vectorarray.py" line="1039" name="test_pairwise_dot_wrong_ind[compatible_vector_array_pair6-&lt;lambda&gt;26]" time="0.03250527381896973"></testcase><testcase classname="src.pymortests.vectorarray" file="src/pymortests/vectorarray.py" line="1039" name="test_pairwise_dot_wrong_ind[compatible_vector_array_pair6-&lt;lambda&gt;27]" time="0.04565691947937012"></testcase><testcase classname="src.pymortests.vectorarray" file="src/pymortests/vectorarray.py" line="1039" name="test_pairwise_dot_wrong_ind[compatible_vector_array_pair6-&lt;lambda&gt;28]" time="0.15973949432373047"></testcase><testcase classname="src.pymortests.vectorarray" file="src/pymortests/vectorarray.py" line="1039" name="test_pairwise_dot_wrong_ind[compatible_vector_array_pair6-&lt;lambda&gt;29]" time="0.00918126106262207"></testcase><testcase classname="src.pymortests.vectorarray" file="src/pymortests/vectorarray.py" line="1039" name="test_pairwise_dot_wrong_ind[compatible_vector_array_pair7-&lt;lambda&gt;0]" time="0.002262592315673828"></testcase><testcase classname="src.pymortests.vectorarray" file="src/pymortests/vectorarray.py" line="1039" name="test_pairwise_dot_wrong_ind[compatible_vector_array_pair7-&lt;lambda&gt;1]" time="0.003181934356689453"></testcase><testcase classname="src.pymortests.vectorarray" file="src/pymortests/vectorarray.py" line="1039" name="test_pairwise_dot_wrong_ind[compatible_vector_array_pair7-&lt;lambda&gt;2]" time="0.004569053649902344"></testcase><testcase classname="src.pymortests.vectorarray" file="src/pymortests/vectorarray.py" line="1039" name="test_pairwise_dot_wrong_ind[compatible_vector_array_pair7-&lt;lambda&gt;3]" time="0.0052318572998046875"></testcase><testcase classname="src.pymortests.vectorarray" file="src/pymortests/vectorarray.py" line="1039" name="test_pairwise_dot_wrong_ind[compatible_vector_array_pair7-&lt;lambda&gt;4]" time="0.00654911994934082"></testcase><testcase classname="src.pymortests.vectorarray" file="src/pymortests/vectorarray.py" line="1039" name="test_pairwise_dot_wrong_ind[compatible_vector_array_pair7-&lt;lambda&gt;5]" time="0.004342317581176758"></testcase><testcase classname="src.pymortests.vectorarray" file="src/pymortests/vectorarray.py" line="1039" name="test_pairwise_dot_wrong_ind[compatible_vector_array_pair7-&lt;lambda&gt;6]" time="0.0020160675048828125"></testcase><testcase classname="src.pymortests.vectorarray" file="src/pymortests/vectorarray.py" line="1039" name="test_pairwise_dot_wrong_ind[compatible_vector_array_pair7-&lt;lambda&gt;7]" time="0.0026657581329345703"></testcase><testcase classname="src.pymortests.vectorarray" file="src/pymortests/vectorarray.py" line="1039" name="test_pairwise_dot_wrong_ind[compatible_vector_array_pair7-&lt;lambda&gt;8]" time="0.012290239334106445"></testcase><testcase classname="src.pymortests.vectorarray" file="src/pymortests/vectorarray.py" line="1039" name="test_pairwise_dot_wrong_ind[compatible_vector_array_pair7-&lt;lambda&gt;9]" time="0.02038884162902832"></testcase><testcase classname="src.pymortests.vectorarray" file="src/pymortests/vectorarray.py" line="1039" name="test_pairwise_dot_wrong_ind[compatible_vector_array_pair7-&lt;lambda&gt;10]" time="0.05325746536254883"></testcase><testcase classname="src.pymortests.vectorarray" file="src/pymortests/vectorarray.py" line="1039" name="test_pairwise_dot_wrong_ind[compatible_vector_array_pair7-&lt;lambda&gt;11]" time="0.005883455276489258"></testcase><testcase classname="src.pymortests.vectorarray" file="src/pymortests/vectorarray.py" line="1039" name="test_pairwise_dot_wrong_ind[compatible_vector_array_pair7-&lt;lambda&gt;12]" time="0.002969503402709961"></testcase><testcase classname="src.pymortests.vectorarray" file="src/pymortests/vectorarray.py" line="1039" name="test_pairwise_dot_wrong_ind[compatible_vector_array_pair7-&lt;lambda&gt;13]" time="0.0049686431884765625"></testcase><testcase classname="src.pymortests.vectorarray" file="src/pymortests/vectorarray.py" line="1039" name="test_pairwise_dot_wrong_ind[compatible_vector_array_pair7-&lt;lambda&gt;14]" time="0.006011247634887695"></testcase><testcase classname="src.pymortests.vectorarray" file="src/pymortests/vectorarray.py" line="1039" name="test_pairwise_dot_wrong_ind[compatible_vector_array_pair7-&lt;lambda&gt;15]" time="0.008082151412963867"></testcase><testcase classname="src.pymortests.vectorarray" file="src/pymortests/vectorarray.py" line="1039" name="test_pairwise_dot_wrong_ind[compatible_vector_array_pair7-&lt;lambda&gt;16]" time="0.010205745697021484"></testcase><testcase classname="src.pymortests.vectorarray" file="src/pymortests/vectorarray.py" line="1039" name="test_pairwise_dot_wrong_ind[compatible_vector_array_pair7-&lt;lambda&gt;17]" time="0.01388406753540039"></testcase><testcase classname="src.pymortests.vectorarray" file="src/pymortests/vectorarray.py" line="1039" name="test_pairwise_dot_wrong_ind[compatible_vector_array_pair7-&lt;lambda&gt;18]" time="0.003734588623046875"></testcase><testcase classname="src.pymortests.vectorarray" file="src/pymortests/vectorarray.py" line="1039" name="test_pairwise_dot_wrong_ind[compatible_vector_array_pair7-&lt;lambda&gt;19]" time="0.0036916732788085938"></testcase><testcase classname="src.pymortests.vectorarray" file="src/pymortests/vectorarray.py" line="1039" name="test_pairwise_dot_wrong_ind[compatible_vector_array_pair7-&lt;lambda&gt;20]" time="0.03513383865356445"></testcase><testcase classname="src.pymortests.vectorarray" file="src/pymortests/vectorarray.py" line="1039" name="test_pairwise_dot_wrong_ind[compatible_vector_array_pair7-&lt;lambda&gt;21]" time="0.02727055549621582"></testcase><testcase classname="src.pymortests.vectorarray" file="src/pymortests/vectorarray.py" line="1039" name="test_pairwise_dot_wrong_ind[compatible_vector_array_pair7-&lt;lambda&gt;22]" time="0.08810710906982422"></testcase><testcase classname="src.pymortests.vectorarray" file="src/pymortests/vectorarray.py" line="1039" name="test_pairwise_dot_wrong_ind[compatible_vector_array_pair7-&lt;lambda&gt;23]" time="0.00799703598022461"></testcase><testcase classname="src.pymortests.vectorarray" file="src/pymortests/vectorarray.py" line="1039" name="test_pairwise_dot_wrong_ind[compatible_vector_array_pair7-&lt;lambda&gt;24]" time="0.002832174301147461"></testcase><testcase classname="src.pymortests.vectorarray" file="src/pymortests/vectorarray.py" line="1039" name="test_pairwise_dot_wrong_ind[compatible_vector_array_pair7-&lt;lambda&gt;25]" time="0.0038292407989501953"></testcase><testcase classname="src.pymortests.vectorarray" file="src/pymortests/vectorarray.py" line="1039" name="test_pairwise_dot_wrong_ind[compatible_vector_array_pair7-&lt;lambda&gt;26]" time="0.03228616714477539"></testcase><testcase classname="src.pymortests.vectorarray" file="src/pymortests/vectorarray.py" line="1039" name="test_pairwise_dot_wrong_ind[compatible_vector_array_pair7-&lt;lambda&gt;27]" time="0.044702768325805664"></testcase><testcase classname="src.pymortests.vectorarray" file="src/pymortests/vectorarray.py" line="1039" name="test_pairwise_dot_wrong_ind[compatible_vector_array_pair7-&lt;lambda&gt;28]" time="0.15870141983032227"></testcase><testcase classname="src.pymortests.vectorarray" file="src/pymortests/vectorarray.py" line="1039" name="test_pairwise_dot_wrong_ind[compatible_vector_array_pair7-&lt;lambda&gt;29]" time="0.008974075317382812"></testcase><testcase classname="src.pymortests.vectorarray" file="src/pymortests/vectorarray.py" line="1039" name="test_pairwise_dot_wrong_ind[compatible_vector_array_pair8-&lt;lambda&gt;0]" time="0.0021622180938720703"></testcase><testcase classname="src.pymortests.vectorarray" file="src/pymortests/vectorarray.py" line="1039" name="test_pairwise_dot_wrong_ind[compatible_vector_array_pair8-&lt;lambda&gt;1]" time="0.002744436264038086"></testcase><testcase classname="src.pymortests.vectorarray" file="src/pymortests/vectorarray.py" line="1039" name="test_pairwise_dot_wrong_ind[compatible_vector_array_pair8-&lt;lambda&gt;2]" time="0.004256725311279297"></testcase><testcase classname="src.pymortests.vectorarray" file="src/pymortests/vectorarray.py" line="1039" name="test_pairwise_dot_wrong_ind[compatible_vector_array_pair8-&lt;lambda&gt;3]" time="0.0050127506256103516"></testcase><testcase classname="src.pymortests.vectorarray" file="src/pymortests/vectorarray.py" line="1039" name="test_pairwise_dot_wrong_ind[compatible_vector_array_pair8-&lt;lambda&gt;4]" time="0.006323337554931641"></testcase><testcase classname="src.pymortests.vectorarray" file="src/pymortests/vectorarray.py" line="1039" name="test_pairwise_dot_wrong_ind[compatible_vector_array_pair8-&lt;lambda&gt;5]" time="0.0042798519134521484"></testcase><testcase classname="src.pymortests.vectorarray" file="src/pymortests/vectorarray.py" line="1039" name="test_pairwise_dot_wrong_ind[compatible_vector_array_pair8-&lt;lambda&gt;6]" time="0.002053499221801758"></testcase><testcase classname="src.pymortests.vectorarray" file="src/pymortests/vectorarray.py" line="1039" name="test_pairwise_dot_wrong_ind[compatible_vector_array_pair8-&lt;lambda&gt;7]" time="0.0027723312377929688"></testcase><testcase classname="src.pymortests.vectorarray" file="src/pymortests/vectorarray.py" line="1039" name="test_pairwise_dot_wrong_ind[compatible_vector_array_pair8-&lt;lambda&gt;8]" time="0.0116729736328125"></testcase><testcase classname="src.pymortests.vectorarray" file="src/pymortests/vectorarray.py" line="1039" name="test_pairwise_dot_wrong_ind[compatible_vector_array_pair8-&lt;lambda&gt;9]" time="0.01658463478088379"></testcase><testcase classname="src.pymortests.vectorarray" file="src/pymortests/vectorarray.py" line="1039" name="test_pairwise_dot_wrong_ind[compatible_vector_array_pair8-&lt;lambda&gt;10]" time="0.054800987243652344"></testcase><testcase classname="src.pymortests.vectorarray" file="src/pymortests/vectorarray.py" line="1039" name="test_pairwise_dot_wrong_ind[compatible_vector_array_pair8-&lt;lambda&gt;11]" time="0.0062444210052490234"></testcase><testcase classname="src.pymortests.vectorarray" file="src/pymortests/vectorarray.py" line="1039" name="test_pairwise_dot_wrong_ind[compatible_vector_array_pair8-&lt;lambda&gt;12]" time="0.0030906200408935547"></testcase><testcase classname="src.pymortests.vectorarray" file="src/pymortests/vectorarray.py" line="1039" name="test_pairwise_dot_wrong_ind[compatible_vector_array_pair8-&lt;lambda&gt;13]" time="0.005057811737060547"></testcase><testcase classname="src.pymortests.vectorarray" file="src/pymortests/vectorarray.py" line="1039" name="test_pairwise_dot_wrong_ind[compatible_vector_array_pair8-&lt;lambda&gt;14]" time="0.006158351898193359"></testcase><testcase classname="src.pymortests.vectorarray" file="src/pymortests/vectorarray.py" line="1039" name="test_pairwise_dot_wrong_ind[compatible_vector_array_pair8-&lt;lambda&gt;15]" time="0.008166790008544922"></testcase><testcase classname="src.pymortests.vectorarray" file="src/pymortests/vectorarray.py" line="1039" name="test_pairwise_dot_wrong_ind[compatible_vector_array_pair8-&lt;lambda&gt;16]" time="0.010271072387695312"></testcase><testcase classname="src.pymortests.vectorarray" file="src/pymortests/vectorarray.py" line="1039" name="test_pairwise_dot_wrong_ind[compatible_vector_array_pair8-&lt;lambda&gt;17]" time="0.012612104415893555"></testcase><testcase classname="src.pymortests.vectorarray" file="src/pymortests/vectorarray.py" line="1039" name="test_pairwise_dot_wrong_ind[compatible_vector_array_pair8-&lt;lambda&gt;18]" time="0.0027048587799072266"></testcase><testcase classname="src.pymortests.vectorarray" file="src/pymortests/vectorarray.py" line="1039" name="test_pairwise_dot_wrong_ind[compatible_vector_array_pair8-&lt;lambda&gt;19]" time="0.0035076141357421875"></testcase><testcase classname="src.pymortests.vectorarray" file="src/pymortests/vectorarray.py" line="1039" name="test_pairwise_dot_wrong_ind[compatible_vector_array_pair8-&lt;lambda&gt;20]" time="0.035527706146240234"></testcase><testcase classname="src.pymortests.vectorarray" file="src/pymortests/vectorarray.py" line="1039" name="test_pairwise_dot_wrong_ind[compatible_vector_array_pair8-&lt;lambda&gt;21]" time="0.030423641204833984"></testcase><testcase classname="src.pymortests.vectorarray" file="src/pymortests/vectorarray.py" line="1039" name="test_pairwise_dot_wrong_ind[compatible_vector_array_pair8-&lt;lambda&gt;22]" time="0.08691024780273438"></testcase><testcase classname="src.pymortests.vectorarray" file="src/pymortests/vectorarray.py" line="1039" name="test_pairwise_dot_wrong_ind[compatible_vector_array_pair8-&lt;lambda&gt;23]" time="0.00725865364074707"></testcase><testcase classname="src.pymortests.vectorarray" file="src/pymortests/vectorarray.py" line="1039" name="test_pairwise_dot_wrong_ind[compatible_vector_array_pair8-&lt;lambda&gt;24]" time="0.002881288528442383"></testcase><testcase classname="src.pymortests.vectorarray" file="src/pymortests/vectorarray.py" line="1039" name="test_pairwise_dot_wrong_ind[compatible_vector_array_pair8-&lt;lambda&gt;25]" time="0.003720521926879883"></testcase><testcase classname="src.pymortests.vectorarray" file="src/pymortests/vectorarray.py" line="1039" name="test_pairwise_dot_wrong_ind[compatible_vector_array_pair8-&lt;lambda&gt;26]" time="0.031507253646850586"></testcase><testcase classname="src.pymortests.vectorarray" file="src/pymortests/vectorarray.py" line="1039" name="test_pairwise_dot_wrong_ind[compatible_vector_array_pair8-&lt;lambda&gt;27]" time="0.04537510871887207"></testcase><testcase classname="src.pymortests.vectorarray" file="src/pymortests/vectorarray.py" line="1039" name="test_pairwise_dot_wrong_ind[compatible_vector_array_pair8-&lt;lambda&gt;28]" time="0.15523362159729004"></testcase><testcase classname="src.pymortests.vectorarray" file="src/pymortests/vectorarray.py" line="1039" name="test_pairwise_dot_wrong_ind[compatible_vector_array_pair8-&lt;lambda&gt;29]" time="0.00882267951965332"></testcase><testcase classname="src.pymortests.vectorarray" file="src/pymortests/vectorarray.py" line="1047" name="test_pickle[0-&lt;lambda&gt;0]" time="0.005027055740356445"></testcase><testcase classname="src.pymortests.vectorarray" file="src/pymortests/vectorarray.py" line="1047" name="test_pickle[0-&lt;lambda&gt;1]" time="0.0015909671783447266"></testcase><testcase classname="src.pymortests.vectorarray" file="src/pymortests/vectorarray.py" line="1047" name="test_pickle[0-&lt;lambda&gt;2]" time="0.0014147758483886719"></testcase><testcase classname="src.pymortests.vectorarray" file="src/pymortests/vectorarray.py" line="1047" name="test_pickle[0-&lt;lambda&gt;3]" time="0.0015342235565185547"></testcase><testcase classname="src.pymortests.vectorarray" file="src/pymortests/vectorarray.py" line="1047" name="test_pickle[0-&lt;lambda&gt;4]" time="0.0013954639434814453"></testcase><testcase classname="src.pymortests.vectorarray" file="src/pymortests/vectorarray.py" line="1047" name="test_pickle[0-&lt;lambda&gt;5]" time="0.0013797283172607422"></testcase><testcase classname="src.pymortests.vectorarray" file="src/pymortests/vectorarray.py" line="1047" name="test_pickle[0-&lt;lambda&gt;6]" time="0.0012927055358886719"></testcase><testcase classname="src.pymortests.vectorarray" file="src/pymortests/vectorarray.py" line="1047" name="test_pickle[0-&lt;lambda&gt;7]" time="0.0014994144439697266"></testcase><testcase classname="src.pymortests.vectorarray" file="src/pymortests/vectorarray.py" line="1047" name="test_pickle[0-&lt;lambda&gt;8]" time="0.003723621368408203"></testcase><testcase classname="src.pymortests.vectorarray" file="src/pymortests/vectorarray.py" line="1047" name="test_pickle[0-&lt;lambda&gt;9]" time="0.007681369781494141"></testcase><testcase classname="src.pymortests.vectorarray" file="src/pymortests/vectorarray.py" line="1047" name="test_pickle[0-&lt;lambda&gt;10]" time="0.002897024154663086"></testcase><testcase classname="src.pymortests.vectorarray" file="src/pymortests/vectorarray.py" line="1047" name="test_pickle[0-&lt;lambda&gt;11]" time="0.0018420219421386719"></testcase><testcase classname="src.pymortests.vectorarray" file="src/pymortests/vectorarray.py" line="1047" name="test_pickle[0-&lt;lambda&gt;12]" time="0.0017278194427490234"></testcase><testcase classname="src.pymortests.vectorarray" file="src/pymortests/vectorarray.py" line="1047" name="test_pickle[0-&lt;lambda&gt;13]" time="0.0015950202941894531"></testcase><testcase classname="src.pymortests.vectorarray" file="src/pymortests/vectorarray.py" line="1047" name="test_pickle[0-&lt;lambda&gt;14]" time="0.0016431808471679688"></testcase><testcase classname="src.pymortests.vectorarray" file="src/pymortests/vectorarray.py" line="1047" name="test_pickle[0-&lt;lambda&gt;15]" time="0.0018498897552490234"></testcase><testcase classname="src.pymortests.vectorarray" file="src/pymortests/vectorarray.py" line="1047" name="test_pickle[0-&lt;lambda&gt;16]" time="0.0018188953399658203"></testcase><testcase classname="src.pymortests.vectorarray" file="src/pymortests/vectorarray.py" line="1047" name="test_pickle[1-&lt;lambda&gt;0]" time="0.0014221668243408203"></testcase><testcase classname="src.pymortests.vectorarray" file="src/pymortests/vectorarray.py" line="1047" name="test_pickle[1-&lt;lambda&gt;1]" time="0.001373291015625"></testcase><testcase classname="src.pymortests.vectorarray" file="src/pymortests/vectorarray.py" line="1047" name="test_pickle[1-&lt;lambda&gt;2]" time="0.0015456676483154297"></testcase><testcase classname="src.pymortests.vectorarray" file="src/pymortests/vectorarray.py" line="1047" name="test_pickle[1-&lt;lambda&gt;3]" time="0.001399993896484375"></testcase><testcase classname="src.pymortests.vectorarray" file="src/pymortests/vectorarray.py" line="1047" name="test_pickle[1-&lt;lambda&gt;4]" time="0.0014371871948242188"></testcase><testcase classname="src.pymortests.vectorarray" file="src/pymortests/vectorarray.py" line="1047" name="test_pickle[1-&lt;lambda&gt;5]" time="0.001341104507446289"></testcase><testcase classname="src.pymortests.vectorarray" file="src/pymortests/vectorarray.py" line="1047" name="test_pickle[1-&lt;lambda&gt;6]" time="0.0014569759368896484"></testcase><testcase classname="src.pymortests.vectorarray" file="src/pymortests/vectorarray.py" line="1047" name="test_pickle[1-&lt;lambda&gt;7]" time="0.0014464855194091797"></testcase><testcase classname="src.pymortests.vectorarray" file="src/pymortests/vectorarray.py" line="1047" name="test_pickle[1-&lt;lambda&gt;8]" time="0.004714250564575195"></testcase><testcase classname="src.pymortests.vectorarray" file="src/pymortests/vectorarray.py" line="1047" name="test_pickle[1-&lt;lambda&gt;9]" time="0.012178659439086914"></testcase><testcase classname="src.pymortests.vectorarray" file="src/pymortests/vectorarray.py" line="1047" name="test_pickle[1-&lt;lambda&gt;10]" time="0.002828836441040039"></testcase><testcase classname="src.pymortests.vectorarray" file="src/pymortests/vectorarray.py" line="1047" name="test_pickle[1-&lt;lambda&gt;11]" time="0.001966714859008789"></testcase><testcase classname="src.pymortests.vectorarray" file="src/pymortests/vectorarray.py" line="1047" name="test_pickle[1-&lt;lambda&gt;12]" time="0.0019230842590332031"></testcase><testcase classname="src.pymortests.vectorarray" file="src/pymortests/vectorarray.py" line="1047" name="test_pickle[1-&lt;lambda&gt;13]" time="0.0017914772033691406"></testcase><testcase classname="src.pymortests.vectorarray" file="src/pymortests/vectorarray.py" line="1047" name="test_pickle[1-&lt;lambda&gt;14]" time="0.0020296573638916016"></testcase><testcase classname="src.pymortests.vectorarray" file="src/pymortests/vectorarray.py" line="1047" name="test_pickle[1-&lt;lambda&gt;15]" time="0.002071380615234375"></testcase><testcase classname="src.pymortests.vectorarray" file="src/pymortests/vectorarray.py" line="1047" name="test_pickle[1-&lt;lambda&gt;16]" time="0.0019571781158447266"></testcase><testcase classname="src.pymortests.vectorarray" file="src/pymortests/vectorarray.py" line="1047" name="test_pickle[2-&lt;lambda&gt;0]" time="0.0014531612396240234"></testcase><testcase classname="src.pymortests.vectorarray" file="src/pymortests/vectorarray.py" line="1047" name="test_pickle[2-&lt;lambda&gt;1]" time="0.0014176368713378906"></testcase><testcase classname="src.pymortests.vectorarray" file="src/pymortests/vectorarray.py" line="1047" name="test_pickle[2-&lt;lambda&gt;2]" time="0.00141143798828125"></testcase><testcase classname="src.pymortests.vectorarray" file="src/pymortests/vectorarray.py" line="1047" name="test_pickle[2-&lt;lambda&gt;3]" time="0.0014638900756835938"></testcase><testcase classname="src.pymortests.vectorarray" file="src/pymortests/vectorarray.py" line="1047" name="test_pickle[2-&lt;lambda&gt;4]" time="0.0014529228210449219"></testcase><testcase classname="src.pymortests.vectorarray" file="src/pymortests/vectorarray.py" line="1047" name="test_pickle[2-&lt;lambda&gt;5]" time="0.0013475418090820312"></testcase><testcase classname="src.pymortests.vectorarray" file="src/pymortests/vectorarray.py" line="1047" name="test_pickle[2-&lt;lambda&gt;6]" time="0.0014088153839111328"></testcase><testcase classname="src.pymortests.vectorarray" file="src/pymortests/vectorarray.py" line="1047" name="test_pickle[2-&lt;lambda&gt;7]" time="0.0014979839324951172"></testcase><testcase classname="src.pymortests.vectorarray" file="src/pymortests/vectorarray.py" line="1047" name="test_pickle[2-&lt;lambda&gt;8]" time="0.005271434783935547"></testcase><testcase classname="src.pymortests.vectorarray" file="src/pymortests/vectorarray.py" line="1047" name="test_pickle[2-&lt;lambda&gt;9]" time="0.01164698600769043"></testcase><testcase classname="src.pymortests.vectorarray" file="src/pymortests/vectorarray.py" line="1047" name="test_pickle[2-&lt;lambda&gt;10]" time="0.0021524429321289062"></testcase><testcase classname="src.pymortests.vectorarray" file="src/pymortests/vectorarray.py" line="1047" name="test_pickle[2-&lt;lambda&gt;11]" time="0.0018758773803710938"></testcase><testcase classname="src.pymortests.vectorarray" file="src/pymortests/vectorarray.py" line="1047" name="test_pickle[2-&lt;lambda&gt;12]" time="0.0019130706787109375"></testcase><testcase classname="src.pymortests.vectorarray" file="src/pymortests/vectorarray.py" line="1047" name="test_pickle[2-&lt;lambda&gt;13]" time="0.0016961097717285156"></testcase><testcase classname="src.pymortests.vectorarray" file="src/pymortests/vectorarray.py" line="1047" name="test_pickle[2-&lt;lambda&gt;14]" time="0.0018284320831298828"></testcase><testcase classname="src.pymortests.vectorarray" file="src/pymortests/vectorarray.py" line="1047" name="test_pickle[2-&lt;lambda&gt;15]" time="0.0019335746765136719"></testcase><testcase classname="src.pymortests.vectorarray" file="src/pymortests/vectorarray.py" line="1047" name="test_pickle[2-&lt;lambda&gt;16]" time="0.0018584728240966797"></testcase><testcase classname="src.pymortests.algorithms.basic" file="src/pymortests/algorithms/basic.py" line="21" name="test_almost_equal[compatible_vector_array_pair0-&lt;lambda&gt;0]" time="0.00788259506225586"></testcase><testcase classname="src.pymortests.algorithms.basic" file="src/pymortests/algorithms/basic.py" line="21" name="test_almost_equal[compatible_vector_array_pair0-&lt;lambda&gt;1]" time="0.0029850006103515625"></testcase><testcase classname="src.pymortests.algorithms.basic" file="src/pymortests/algorithms/basic.py" line="21" name="test_almost_equal[compatible_vector_array_pair0-&lt;lambda&gt;2]" time="0.020130634307861328"></testcase><testcase classname="src.pymortests.algorithms.basic" file="src/pymortests/algorithms/basic.py" line="21" name="test_almost_equal[compatible_vector_array_pair0-&lt;lambda&gt;3]" time="0.023061275482177734"></testcase><testcase classname="src.pymortests.algorithms.basic" file="src/pymortests/algorithms/basic.py" line="21" name="test_almost_equal[compatible_vector_array_pair0-&lt;lambda&gt;4]" time="0.0309140682220459"></testcase><testcase classname="src.pymortests.algorithms.basic" file="src/pymortests/algorithms/basic.py" line="21" name="test_almost_equal[compatible_vector_array_pair0-&lt;lambda&gt;5]" time="0.029927730560302734"></testcase><testcase classname="src.pymortests.algorithms.basic" file="src/pymortests/algorithms/basic.py" line="21" name="test_almost_equal[compatible_vector_array_pair0-&lt;lambda&gt;6]" time="0.00791311264038086"></testcase><testcase classname="src.pymortests.algorithms.basic" file="src/pymortests/algorithms/basic.py" line="21" name="test_almost_equal[compatible_vector_array_pair0-&lt;lambda&gt;7]" time="0.0027251243591308594"></testcase><testcase classname="src.pymortests.algorithms.basic" file="src/pymortests/algorithms/basic.py" line="21" name="test_almost_equal[compatible_vector_array_pair0-&lt;lambda&gt;8]" time="0.02993321418762207"></testcase><testcase classname="src.pymortests.algorithms.basic" file="src/pymortests/algorithms/basic.py" line="21" name="test_almost_equal[compatible_vector_array_pair0-&lt;lambda&gt;9]" time="0.0399324893951416"></testcase><testcase classname="src.pymortests.algorithms.basic" file="src/pymortests/algorithms/basic.py" line="21" name="test_almost_equal[compatible_vector_array_pair0-&lt;lambda&gt;10]" time="0.1312718391418457"></testcase><testcase classname="src.pymortests.algorithms.basic" file="src/pymortests/algorithms/basic.py" line="21" name="test_almost_equal[compatible_vector_array_pair0-&lt;lambda&gt;11]" time="0.03424358367919922"></testcase><testcase classname="src.pymortests.algorithms.basic" file="src/pymortests/algorithms/basic.py" line="21" name="test_almost_equal[compatible_vector_array_pair0-&lt;lambda&gt;12]" time="0.02219104766845703"></testcase><testcase classname="src.pymortests.algorithms.basic" file="src/pymortests/algorithms/basic.py" line="21" name="test_almost_equal[compatible_vector_array_pair0-&lt;lambda&gt;13]" time="0.006181240081787109"></testcase><testcase classname="src.pymortests.algorithms.basic" file="src/pymortests/algorithms/basic.py" line="21" name="test_almost_equal[compatible_vector_array_pair0-&lt;lambda&gt;14]" time="0.028264760971069336"></testcase><testcase classname="src.pymortests.algorithms.basic" file="src/pymortests/algorithms/basic.py" line="21" name="test_almost_equal[compatible_vector_array_pair0-&lt;lambda&gt;15]" time="0.0456395149230957"></testcase><testcase classname="src.pymortests.algorithms.basic" file="src/pymortests/algorithms/basic.py" line="21" name="test_almost_equal[compatible_vector_array_pair0-&lt;lambda&gt;16]" time="0.05048680305480957"></testcase><testcase classname="src.pymortests.algorithms.basic" file="src/pymortests/algorithms/basic.py" line="21" name="test_almost_equal[compatible_vector_array_pair0-&lt;lambda&gt;17]" time="0.07294821739196777"></testcase><testcase classname="src.pymortests.algorithms.basic" file="src/pymortests/algorithms/basic.py" line="21" name="test_almost_equal[compatible_vector_array_pair0-&lt;lambda&gt;18]" time="0.03101372718811035"></testcase><testcase classname="src.pymortests.algorithms.basic" file="src/pymortests/algorithms/basic.py" line="21" name="test_almost_equal[compatible_vector_array_pair0-&lt;lambda&gt;19]" time="0.0062062740325927734"></testcase><testcase classname="src.pymortests.algorithms.basic" file="src/pymortests/algorithms/basic.py" line="21" name="test_almost_equal[compatible_vector_array_pair0-&lt;lambda&gt;20]" time="0.18071389198303223"></testcase><testcase classname="src.pymortests.algorithms.basic" file="src/pymortests/algorithms/basic.py" line="21" name="test_almost_equal[compatible_vector_array_pair0-&lt;lambda&gt;21]" time="0.09836959838867188"></testcase><testcase classname="src.pymortests.algorithms.basic" file="src/pymortests/algorithms/basic.py" line="21" name="test_almost_equal[compatible_vector_array_pair0-&lt;lambda&gt;22]" time="0.33856964111328125"></testcase><testcase classname="src.pymortests.algorithms.basic" file="src/pymortests/algorithms/basic.py" line="21" name="test_almost_equal[compatible_vector_array_pair0-&lt;lambda&gt;23]" time="0.08212709426879883"></testcase><testcase classname="src.pymortests.algorithms.basic" file="src/pymortests/algorithms/basic.py" line="21" name="test_almost_equal[compatible_vector_array_pair0-&lt;lambda&gt;24]" time="0.00876760482788086"></testcase><testcase classname="src.pymortests.algorithms.basic" file="src/pymortests/algorithms/basic.py" line="21" name="test_almost_equal[compatible_vector_array_pair0-&lt;lambda&gt;25]" time="0.004884958267211914"></testcase><testcase classname="src.pymortests.algorithms.basic" file="src/pymortests/algorithms/basic.py" line="21" name="test_almost_equal[compatible_vector_array_pair0-&lt;lambda&gt;26]" time="0.3479437828063965"></testcase><testcase classname="src.pymortests.algorithms.basic" file="src/pymortests/algorithms/basic.py" line="21" name="test_almost_equal[compatible_vector_array_pair0-&lt;lambda&gt;27]" time="0.572373628616333"></testcase><testcase classname="src.pymortests.algorithms.basic" file="src/pymortests/algorithms/basic.py" line="21" name="test_almost_equal[compatible_vector_array_pair0-&lt;lambda&gt;28]" time="2.9863228797912598"></testcase><testcase classname="src.pymortests.algorithms.basic" file="src/pymortests/algorithms/basic.py" line="21" name="test_almost_equal[compatible_vector_array_pair0-&lt;lambda&gt;29]" time="0.18865013122558594"></testcase><testcase classname="src.pymortests.algorithms.basic" file="src/pymortests/algorithms/basic.py" line="21" name="test_almost_equal[compatible_vector_array_pair1-&lt;lambda&gt;0]" time="0.009388208389282227"></testcase><testcase classname="src.pymortests.algorithms.basic" file="src/pymortests/algorithms/basic.py" line="21" name="test_almost_equal[compatible_vector_array_pair1-&lt;lambda&gt;1]" time="0.004185914993286133"></testcase><testcase classname="src.pymortests.algorithms.basic" file="src/pymortests/algorithms/basic.py" line="21" name="test_almost_equal[compatible_vector_array_pair1-&lt;lambda&gt;2]" time="0.02045440673828125"></testcase><testcase classname="src.pymortests.algorithms.basic" file="src/pymortests/algorithms/basic.py" line="21" name="test_almost_equal[compatible_vector_array_pair1-&lt;lambda&gt;3]" time="0.02317023277282715"></testcase><testcase classname="src.pymortests.algorithms.basic" file="src/pymortests/algorithms/basic.py" line="21" name="test_almost_equal[compatible_vector_array_pair1-&lt;lambda&gt;4]" time="0.031624794006347656"></testcase><testcase classname="src.pymortests.algorithms.basic" file="src/pymortests/algorithms/basic.py" line="21" name="test_almost_equal[compatible_vector_array_pair1-&lt;lambda&gt;5]" time="0.03110218048095703"></testcase><testcase classname="src.pymortests.algorithms.basic" file="src/pymortests/algorithms/basic.py" line="21" name="test_almost_equal[compatible_vector_array_pair1-&lt;lambda&gt;6]" time="0.008225679397583008"></testcase><testcase classname="src.pymortests.algorithms.basic" file="src/pymortests/algorithms/basic.py" line="21" name="test_almost_equal[compatible_vector_array_pair1-&lt;lambda&gt;7]" time="0.0030646324157714844"></testcase><testcase classname="src.pymortests.algorithms.basic" file="src/pymortests/algorithms/basic.py" line="21" name="test_almost_equal[compatible_vector_array_pair1-&lt;lambda&gt;8]" time="0.03006887435913086"></testcase><testcase classname="src.pymortests.algorithms.basic" file="src/pymortests/algorithms/basic.py" line="21" name="test_almost_equal[compatible_vector_array_pair1-&lt;lambda&gt;9]" time="0.03995251655578613"></testcase><testcase classname="src.pymortests.algorithms.basic" file="src/pymortests/algorithms/basic.py" line="21" name="test_almost_equal[compatible_vector_array_pair1-&lt;lambda&gt;10]" time="0.13292932510375977"></testcase><testcase classname="src.pymortests.algorithms.basic" file="src/pymortests/algorithms/basic.py" line="21" name="test_almost_equal[compatible_vector_array_pair1-&lt;lambda&gt;11]" time="0.03350687026977539"></testcase><testcase classname="src.pymortests.algorithms.basic" file="src/pymortests/algorithms/basic.py" line="21" name="test_almost_equal[compatible_vector_array_pair1-&lt;lambda&gt;12]" time="0.021360397338867188"></testcase><testcase classname="src.pymortests.algorithms.basic" file="src/pymortests/algorithms/basic.py" line="21" name="test_almost_equal[compatible_vector_array_pair1-&lt;lambda&gt;13]" time="0.006142616271972656"></testcase><testcase classname="src.pymortests.algorithms.basic" file="src/pymortests/algorithms/basic.py" line="21" name="test_almost_equal[compatible_vector_array_pair1-&lt;lambda&gt;14]" time="0.028155803680419922"></testcase><testcase classname="src.pymortests.algorithms.basic" file="src/pymortests/algorithms/basic.py" line="21" name="test_almost_equal[compatible_vector_array_pair1-&lt;lambda&gt;15]" time="0.046341896057128906"></testcase><testcase classname="src.pymortests.algorithms.basic" file="src/pymortests/algorithms/basic.py" line="21" name="test_almost_equal[compatible_vector_array_pair1-&lt;lambda&gt;16]" time="0.050740718841552734"></testcase><testcase classname="src.pymortests.algorithms.basic" file="src/pymortests/algorithms/basic.py" line="21" name="test_almost_equal[compatible_vector_array_pair1-&lt;lambda&gt;17]" time="0.07294821739196777"></testcase><testcase classname="src.pymortests.algorithms.basic" file="src/pymortests/algorithms/basic.py" line="21" name="test_almost_equal[compatible_vector_array_pair1-&lt;lambda&gt;18]" time="0.028788328170776367"></testcase><testcase classname="src.pymortests.algorithms.basic" file="src/pymortests/algorithms/basic.py" line="21" name="test_almost_equal[compatible_vector_array_pair1-&lt;lambda&gt;19]" time="0.0062408447265625"></testcase><testcase classname="src.pymortests.algorithms.basic" file="src/pymortests/algorithms/basic.py" line="21" name="test_almost_equal[compatible_vector_array_pair1-&lt;lambda&gt;20]" time="0.17848896980285645"></testcase><testcase classname="src.pymortests.algorithms.basic" file="src/pymortests/algorithms/basic.py" line="21" name="test_almost_equal[compatible_vector_array_pair1-&lt;lambda&gt;21]" time="0.09462761878967285"></testcase><testcase classname="src.pymortests.algorithms.basic" file="src/pymortests/algorithms/basic.py" line="21" name="test_almost_equal[compatible_vector_array_pair1-&lt;lambda&gt;22]" time="0.33034658432006836"></testcase><testcase classname="src.pymortests.algorithms.basic" file="src/pymortests/algorithms/basic.py" line="21" name="test_almost_equal[compatible_vector_array_pair1-&lt;lambda&gt;23]" time="0.0835103988647461"></testcase><testcase classname="src.pymortests.algorithms.basic" file="src/pymortests/algorithms/basic.py" line="21" name="test_almost_equal[compatible_vector_array_pair1-&lt;lambda&gt;24]" time="0.009552478790283203"></testcase><testcase classname="src.pymortests.algorithms.basic" file="src/pymortests/algorithms/basic.py" line="21" name="test_almost_equal[compatible_vector_array_pair1-&lt;lambda&gt;25]" time="0.0058896541595458984"></testcase><testcase classname="src.pymortests.algorithms.basic" file="src/pymortests/algorithms/basic.py" line="21" name="test_almost_equal[compatible_vector_array_pair1-&lt;lambda&gt;26]" time="0.3606905937194824"></testcase><testcase classname="src.pymortests.algorithms.basic" file="src/pymortests/algorithms/basic.py" line="21" name="test_almost_equal[compatible_vector_array_pair1-&lt;lambda&gt;27]" time="0.5726783275604248"></testcase><testcase classname="src.pymortests.algorithms.basic" file="src/pymortests/algorithms/basic.py" line="21" name="test_almost_equal[compatible_vector_array_pair1-&lt;lambda&gt;28]" time="3.043550491333008"></testcase><testcase classname="src.pymortests.algorithms.basic" file="src/pymortests/algorithms/basic.py" line="21" name="test_almost_equal[compatible_vector_array_pair1-&lt;lambda&gt;29]" time="0.19170355796813965"></testcase><testcase classname="src.pymortests.algorithms.basic" file="src/pymortests/algorithms/basic.py" line="21" name="test_almost_equal[compatible_vector_array_pair2-&lt;lambda&gt;0]" time="0.00913238525390625"></testcase><testcase classname="src.pymortests.algorithms.basic" file="src/pymortests/algorithms/basic.py" line="21" name="test_almost_equal[compatible_vector_array_pair2-&lt;lambda&gt;1]" time="0.004131793975830078"></testcase><testcase classname="src.pymortests.algorithms.basic" file="src/pymortests/algorithms/basic.py" line="21" name="test_almost_equal[compatible_vector_array_pair2-&lt;lambda&gt;2]" time="0.020405292510986328"></testcase><testcase classname="src.pymortests.algorithms.basic" file="src/pymortests/algorithms/basic.py" line="21" name="test_almost_equal[compatible_vector_array_pair2-&lt;lambda&gt;3]" time="0.023081541061401367"></testcase><testcase classname="src.pymortests.algorithms.basic" file="src/pymortests/algorithms/basic.py" line="21" name="test_almost_equal[compatible_vector_array_pair2-&lt;lambda&gt;4]" time="0.031141281127929688"></testcase><testcase classname="src.pymortests.algorithms.basic" file="src/pymortests/algorithms/basic.py" line="21" name="test_almost_equal[compatible_vector_array_pair2-&lt;lambda&gt;5]" time="0.031025171279907227"></testcase><testcase classname="src.pymortests.algorithms.basic" file="src/pymortests/algorithms/basic.py" line="21" name="test_almost_equal[compatible_vector_array_pair2-&lt;lambda&gt;6]" time="0.008237600326538086"></testcase><testcase classname="src.pymortests.algorithms.basic" file="src/pymortests/algorithms/basic.py" line="21" name="test_almost_equal[compatible_vector_array_pair2-&lt;lambda&gt;7]" time="0.002832651138305664"></testcase><testcase classname="src.pymortests.algorithms.basic" file="src/pymortests/algorithms/basic.py" line="21" name="test_almost_equal[compatible_vector_array_pair2-&lt;lambda&gt;8]" time="0.029689550399780273"></testcase><testcase classname="src.pymortests.algorithms.basic" file="src/pymortests/algorithms/basic.py" line="21" name="test_almost_equal[compatible_vector_array_pair2-&lt;lambda&gt;9]" time="0.04101991653442383"></testcase><testcase classname="src.pymortests.algorithms.basic" file="src/pymortests/algorithms/basic.py" line="21" name="test_almost_equal[compatible_vector_array_pair2-&lt;lambda&gt;10]" time="0.13169336318969727"></testcase><testcase classname="src.pymortests.algorithms.basic" file="src/pymortests/algorithms/basic.py" line="21" name="test_almost_equal[compatible_vector_array_pair2-&lt;lambda&gt;11]" time="0.03425478935241699"></testcase><testcase classname="src.pymortests.algorithms.basic" file="src/pymortests/algorithms/basic.py" line="21" name="test_almost_equal[compatible_vector_array_pair2-&lt;lambda&gt;12]" time="0.02165508270263672"></testcase><testcase classname="src.pymortests.algorithms.basic" file="src/pymortests/algorithms/basic.py" line="21" name="test_almost_equal[compatible_vector_array_pair2-&lt;lambda&gt;13]" time="0.009814262390136719"></testcase><testcase classname="src.pymortests.algorithms.basic" file="src/pymortests/algorithms/basic.py" line="21" name="test_almost_equal[compatible_vector_array_pair2-&lt;lambda&gt;14]" time="0.029089689254760742"></testcase><testcase classname="src.pymortests.algorithms.basic" file="src/pymortests/algorithms/basic.py" line="21" name="test_almost_equal[compatible_vector_array_pair2-&lt;lambda&gt;15]" time="0.04555678367614746"></testcase><testcase classname="src.pymortests.algorithms.basic" file="src/pymortests/algorithms/basic.py" line="21" name="test_almost_equal[compatible_vector_array_pair2-&lt;lambda&gt;16]" time="0.05036735534667969"></testcase><testcase classname="src.pymortests.algorithms.basic" file="src/pymortests/algorithms/basic.py" line="21" name="test_almost_equal[compatible_vector_array_pair2-&lt;lambda&gt;17]" time="0.0731806755065918"></testcase><testcase classname="src.pymortests.algorithms.basic" file="src/pymortests/algorithms/basic.py" line="21" name="test_almost_equal[compatible_vector_array_pair2-&lt;lambda&gt;18]" time="0.028179168701171875"></testcase><testcase classname="src.pymortests.algorithms.basic" file="src/pymortests/algorithms/basic.py" line="21" name="test_almost_equal[compatible_vector_array_pair2-&lt;lambda&gt;19]" time="0.0067522525787353516"></testcase><testcase classname="src.pymortests.algorithms.basic" file="src/pymortests/algorithms/basic.py" line="21" name="test_almost_equal[compatible_vector_array_pair2-&lt;lambda&gt;20]" time="0.17931699752807617"></testcase><testcase classname="src.pymortests.algorithms.basic" file="src/pymortests/algorithms/basic.py" line="21" name="test_almost_equal[compatible_vector_array_pair2-&lt;lambda&gt;21]" time="0.09583282470703125"></testcase><testcase classname="src.pymortests.algorithms.basic" file="src/pymortests/algorithms/basic.py" line="21" name="test_almost_equal[compatible_vector_array_pair2-&lt;lambda&gt;22]" time="0.3185117244720459"></testcase><testcase classname="src.pymortests.algorithms.basic" file="src/pymortests/algorithms/basic.py" line="21" name="test_almost_equal[compatible_vector_array_pair2-&lt;lambda&gt;23]" time="0.08007550239562988"></testcase><testcase classname="src.pymortests.algorithms.basic" file="src/pymortests/algorithms/basic.py" line="21" name="test_almost_equal[compatible_vector_array_pair2-&lt;lambda&gt;24]" time="0.009036540985107422"></testcase><testcase classname="src.pymortests.algorithms.basic" file="src/pymortests/algorithms/basic.py" line="21" name="test_almost_equal[compatible_vector_array_pair2-&lt;lambda&gt;25]" time="0.005571842193603516"></testcase><testcase classname="src.pymortests.algorithms.basic" file="src/pymortests/algorithms/basic.py" line="21" name="test_almost_equal[compatible_vector_array_pair2-&lt;lambda&gt;26]" time="0.3594207763671875"></testcase><testcase classname="src.pymortests.algorithms.basic" file="src/pymortests/algorithms/basic.py" line="21" name="test_almost_equal[compatible_vector_array_pair2-&lt;lambda&gt;27]" time="0.5692741870880127"></testcase><testcase classname="src.pymortests.algorithms.basic" file="src/pymortests/algorithms/basic.py" line="21" name="test_almost_equal[compatible_vector_array_pair2-&lt;lambda&gt;28]" time="3.0493221282958984"></testcase><testcase classname="src.pymortests.algorithms.basic" file="src/pymortests/algorithms/basic.py" line="21" name="test_almost_equal[compatible_vector_array_pair2-&lt;lambda&gt;29]" time="0.1831362247467041"></testcase><testcase classname="src.pymortests.algorithms.basic" file="src/pymortests/algorithms/basic.py" line="21" name="test_almost_equal[compatible_vector_array_pair3-&lt;lambda&gt;0]" time="0.009099960327148438"></testcase><testcase classname="src.pymortests.algorithms.basic" file="src/pymortests/algorithms/basic.py" line="21" name="test_almost_equal[compatible_vector_array_pair3-&lt;lambda&gt;1]" time="0.004076719284057617"></testcase><testcase classname="src.pymortests.algorithms.basic" file="src/pymortests/algorithms/basic.py" line="21" name="test_almost_equal[compatible_vector_array_pair3-&lt;lambda&gt;2]" time="0.020195722579956055"></testcase><testcase classname="src.pymortests.algorithms.basic" file="src/pymortests/algorithms/basic.py" line="21" name="test_almost_equal[compatible_vector_array_pair3-&lt;lambda&gt;3]" time="0.025039196014404297"></testcase><testcase classname="src.pymortests.algorithms.basic" file="src/pymortests/algorithms/basic.py" line="21" name="test_almost_equal[compatible_vector_array_pair3-&lt;lambda&gt;4]" time="0.030272483825683594"></testcase><testcase classname="src.pymortests.algorithms.basic" file="src/pymortests/algorithms/basic.py" line="21" name="test_almost_equal[compatible_vector_array_pair3-&lt;lambda&gt;5]" time="0.029495954513549805"></testcase><testcase classname="src.pymortests.algorithms.basic" file="src/pymortests/algorithms/basic.py" line="21" name="test_almost_equal[compatible_vector_array_pair3-&lt;lambda&gt;6]" time="0.007983207702636719"></testcase><testcase classname="src.pymortests.algorithms.basic" file="src/pymortests/algorithms/basic.py" line="21" name="test_almost_equal[compatible_vector_array_pair3-&lt;lambda&gt;7]" time="0.0028290748596191406"></testcase><testcase classname="src.pymortests.algorithms.basic" file="src/pymortests/algorithms/basic.py" line="21" name="test_almost_equal[compatible_vector_array_pair3-&lt;lambda&gt;8]" time="0.029735326766967773"></testcase><testcase classname="src.pymortests.algorithms.basic" file="src/pymortests/algorithms/basic.py" line="21" name="test_almost_equal[compatible_vector_array_pair3-&lt;lambda&gt;9]" time="0.042287349700927734"></testcase><testcase classname="src.pymortests.algorithms.basic" file="src/pymortests/algorithms/basic.py" line="21" name="test_almost_equal[compatible_vector_array_pair3-&lt;lambda&gt;10]" time="0.13077616691589355"></testcase><testcase classname="src.pymortests.algorithms.basic" file="src/pymortests/algorithms/basic.py" line="21" name="test_almost_equal[compatible_vector_array_pair3-&lt;lambda&gt;11]" time="0.0340421199798584"></testcase><testcase classname="src.pymortests.algorithms.basic" file="src/pymortests/algorithms/basic.py" line="21" name="test_almost_equal[compatible_vector_array_pair3-&lt;lambda&gt;12]" time="0.021778583526611328"></testcase><testcase classname="src.pymortests.algorithms.basic" file="src/pymortests/algorithms/basic.py" line="21" name="test_almost_equal[compatible_vector_array_pair3-&lt;lambda&gt;13]" time="0.005982637405395508"></testcase><testcase classname="src.pymortests.algorithms.basic" file="src/pymortests/algorithms/basic.py" line="21" name="test_almost_equal[compatible_vector_array_pair3-&lt;lambda&gt;14]" time="0.028206586837768555"></testcase><testcase classname="src.pymortests.algorithms.basic" file="src/pymortests/algorithms/basic.py" line="21" name="test_almost_equal[compatible_vector_array_pair3-&lt;lambda&gt;15]" time="0.046170711517333984"></testcase><testcase classname="src.pymortests.algorithms.basic" file="src/pymortests/algorithms/basic.py" line="21" name="test_almost_equal[compatible_vector_array_pair3-&lt;lambda&gt;16]" time="0.05089831352233887"></testcase><testcase classname="src.pymortests.algorithms.basic" file="src/pymortests/algorithms/basic.py" line="21" name="test_almost_equal[compatible_vector_array_pair3-&lt;lambda&gt;17]" time="0.07353401184082031"></testcase><testcase classname="src.pymortests.algorithms.basic" file="src/pymortests/algorithms/basic.py" line="21" name="test_almost_equal[compatible_vector_array_pair3-&lt;lambda&gt;18]" time="0.027949810028076172"></testcase><testcase classname="src.pymortests.algorithms.basic" file="src/pymortests/algorithms/basic.py" line="21" name="test_almost_equal[compatible_vector_array_pair3-&lt;lambda&gt;19]" time="0.006090641021728516"></testcase><testcase classname="src.pymortests.algorithms.basic" file="src/pymortests/algorithms/basic.py" line="21" name="test_almost_equal[compatible_vector_array_pair3-&lt;lambda&gt;20]" time="0.16848230361938477"></testcase><testcase classname="src.pymortests.algorithms.basic" file="src/pymortests/algorithms/basic.py" line="21" name="test_almost_equal[compatible_vector_array_pair3-&lt;lambda&gt;21]" time="0.09823417663574219"></testcase><testcase classname="src.pymortests.algorithms.basic" file="src/pymortests/algorithms/basic.py" line="21" name="test_almost_equal[compatible_vector_array_pair3-&lt;lambda&gt;22]" time="0.31719493865966797"></testcase><testcase classname="src.pymortests.algorithms.basic" file="src/pymortests/algorithms/basic.py" line="21" name="test_almost_equal[compatible_vector_array_pair3-&lt;lambda&gt;23]" time="0.08125853538513184"></testcase><testcase classname="src.pymortests.algorithms.basic" file="src/pymortests/algorithms/basic.py" line="21" name="test_almost_equal[compatible_vector_array_pair3-&lt;lambda&gt;24]" time="0.008930206298828125"></testcase><testcase classname="src.pymortests.algorithms.basic" file="src/pymortests/algorithms/basic.py" line="21" name="test_almost_equal[compatible_vector_array_pair3-&lt;lambda&gt;25]" time="0.00513768196105957"></testcase><testcase classname="src.pymortests.algorithms.basic" file="src/pymortests/algorithms/basic.py" line="21" name="test_almost_equal[compatible_vector_array_pair3-&lt;lambda&gt;26]" time="0.34487104415893555"></testcase><testcase classname="src.pymortests.algorithms.basic" file="src/pymortests/algorithms/basic.py" line="21" name="test_almost_equal[compatible_vector_array_pair3-&lt;lambda&gt;27]" time="0.5897526741027832"></testcase><testcase classname="src.pymortests.algorithms.basic" file="src/pymortests/algorithms/basic.py" line="21" name="test_almost_equal[compatible_vector_array_pair3-&lt;lambda&gt;28]" time="3.0244081020355225"></testcase><testcase classname="src.pymortests.algorithms.basic" file="src/pymortests/algorithms/basic.py" line="21" name="test_almost_equal[compatible_vector_array_pair3-&lt;lambda&gt;29]" time="0.18599367141723633"></testcase><testcase classname="src.pymortests.algorithms.basic" file="src/pymortests/algorithms/basic.py" line="21" name="test_almost_equal[compatible_vector_array_pair4-&lt;lambda&gt;0]" time="0.009074926376342773"></testcase><testcase classname="src.pymortests.algorithms.basic" file="src/pymortests/algorithms/basic.py" line="21" name="test_almost_equal[compatible_vector_array_pair4-&lt;lambda&gt;1]" time="0.003919363021850586"></testcase><testcase classname="src.pymortests.algorithms.basic" file="src/pymortests/algorithms/basic.py" line="21" name="test_almost_equal[compatible_vector_array_pair4-&lt;lambda&gt;2]" time="0.019942283630371094"></testcase><testcase classname="src.pymortests.algorithms.basic" file="src/pymortests/algorithms/basic.py" line="21" name="test_almost_equal[compatible_vector_array_pair4-&lt;lambda&gt;3]" time="0.0226137638092041"></testcase><testcase classname="src.pymortests.algorithms.basic" file="src/pymortests/algorithms/basic.py" line="21" name="test_almost_equal[compatible_vector_array_pair4-&lt;lambda&gt;4]" time="0.030884504318237305"></testcase><testcase classname="src.pymortests.algorithms.basic" file="src/pymortests/algorithms/basic.py" line="21" name="test_almost_equal[compatible_vector_array_pair4-&lt;lambda&gt;5]" time="0.02997446060180664"></testcase><testcase classname="src.pymortests.algorithms.basic" file="src/pymortests/algorithms/basic.py" line="21" name="test_almost_equal[compatible_vector_array_pair4-&lt;lambda&gt;6]" time="0.008173942565917969"></testcase><testcase classname="src.pymortests.algorithms.basic" file="src/pymortests/algorithms/basic.py" line="21" name="test_almost_equal[compatible_vector_array_pair4-&lt;lambda&gt;7]" time="0.0029006004333496094"></testcase><testcase classname="src.pymortests.algorithms.basic" file="src/pymortests/algorithms/basic.py" line="21" name="test_almost_equal[compatible_vector_array_pair4-&lt;lambda&gt;8]" time="0.03033137321472168"></testcase><testcase classname="src.pymortests.algorithms.basic" file="src/pymortests/algorithms/basic.py" line="21" name="test_almost_equal[compatible_vector_array_pair4-&lt;lambda&gt;9]" time="0.040694475173950195"></testcase><testcase classname="src.pymortests.algorithms.basic" file="src/pymortests/algorithms/basic.py" line="21" name="test_almost_equal[compatible_vector_array_pair4-&lt;lambda&gt;10]" time="0.13091230392456055"></testcase><testcase classname="src.pymortests.algorithms.basic" file="src/pymortests/algorithms/basic.py" line="21" name="test_almost_equal[compatible_vector_array_pair4-&lt;lambda&gt;11]" time="0.03394293785095215"></testcase><testcase classname="src.pymortests.algorithms.basic" file="src/pymortests/algorithms/basic.py" line="21" name="test_almost_equal[compatible_vector_array_pair4-&lt;lambda&gt;12]" time="0.02156853675842285"></testcase><testcase classname="src.pymortests.algorithms.basic" file="src/pymortests/algorithms/basic.py" line="21" name="test_almost_equal[compatible_vector_array_pair4-&lt;lambda&gt;13]" time="0.0061969757080078125"></testcase><testcase classname="src.pymortests.algorithms.basic" file="src/pymortests/algorithms/basic.py" line="21" name="test_almost_equal[compatible_vector_array_pair4-&lt;lambda&gt;14]" time="0.02843761444091797"></testcase><testcase classname="src.pymortests.algorithms.basic" file="src/pymortests/algorithms/basic.py" line="21" name="test_almost_equal[compatible_vector_array_pair4-&lt;lambda&gt;15]" time="0.04515790939331055"></testcase><testcase classname="src.pymortests.algorithms.basic" file="src/pymortests/algorithms/basic.py" line="21" name="test_almost_equal[compatible_vector_array_pair4-&lt;lambda&gt;16]" time="0.05289649963378906"></testcase><testcase classname="src.pymortests.algorithms.basic" file="src/pymortests/algorithms/basic.py" line="21" name="test_almost_equal[compatible_vector_array_pair4-&lt;lambda&gt;17]" time="0.07161378860473633"></testcase><testcase classname="src.pymortests.algorithms.basic" file="src/pymortests/algorithms/basic.py" line="21" name="test_almost_equal[compatible_vector_array_pair4-&lt;lambda&gt;18]" time="0.027883052825927734"></testcase><testcase classname="src.pymortests.algorithms.basic" file="src/pymortests/algorithms/basic.py" line="21" name="test_almost_equal[compatible_vector_array_pair4-&lt;lambda&gt;19]" time="0.0060884952545166016"></testcase><testcase classname="src.pymortests.algorithms.basic" file="src/pymortests/algorithms/basic.py" line="21" name="test_almost_equal[compatible_vector_array_pair4-&lt;lambda&gt;20]" time="0.16930222511291504"></testcase><testcase classname="src.pymortests.algorithms.basic" file="src/pymortests/algorithms/basic.py" line="21" name="test_almost_equal[compatible_vector_array_pair4-&lt;lambda&gt;21]" time="0.09425711631774902"></testcase><testcase classname="src.pymortests.algorithms.basic" file="src/pymortests/algorithms/basic.py" line="21" name="test_almost_equal[compatible_vector_array_pair4-&lt;lambda&gt;22]" time="0.3154878616333008"></testcase><testcase classname="src.pymortests.algorithms.basic" file="src/pymortests/algorithms/basic.py" line="21" name="test_almost_equal[compatible_vector_array_pair4-&lt;lambda&gt;23]" time="0.0825052261352539"></testcase><testcase classname="src.pymortests.algorithms.basic" file="src/pymortests/algorithms/basic.py" line="21" name="test_almost_equal[compatible_vector_array_pair4-&lt;lambda&gt;24]" time="0.009076356887817383"></testcase><testcase classname="src.pymortests.algorithms.basic" file="src/pymortests/algorithms/basic.py" line="21" name="test_almost_equal[compatible_vector_array_pair4-&lt;lambda&gt;25]" time="0.005930662155151367"></testcase><testcase classname="src.pymortests.algorithms.basic" file="src/pymortests/algorithms/basic.py" line="21" name="test_almost_equal[compatible_vector_array_pair4-&lt;lambda&gt;26]" time="0.36876821517944336"></testcase><testcase classname="src.pymortests.algorithms.basic" file="src/pymortests/algorithms/basic.py" line="21" name="test_almost_equal[compatible_vector_array_pair4-&lt;lambda&gt;27]" time="0.59053635597229"></testcase><testcase classname="src.pymortests.algorithms.basic" file="src/pymortests/algorithms/basic.py" line="21" name="test_almost_equal[compatible_vector_array_pair4-&lt;lambda&gt;28]" time="3.072005033493042"></testcase><testcase classname="src.pymortests.algorithms.basic" file="src/pymortests/algorithms/basic.py" line="21" name="test_almost_equal[compatible_vector_array_pair4-&lt;lambda&gt;29]" time="0.1865403652191162"></testcase><testcase classname="src.pymortests.algorithms.basic" file="src/pymortests/algorithms/basic.py" line="21" name="test_almost_equal[compatible_vector_array_pair5-&lt;lambda&gt;0]" time="0.009035348892211914"></testcase><testcase classname="src.pymortests.algorithms.basic" file="src/pymortests/algorithms/basic.py" line="21" name="test_almost_equal[compatible_vector_array_pair5-&lt;lambda&gt;1]" time="0.0029807090759277344"></testcase><testcase classname="src.pymortests.algorithms.basic" file="src/pymortests/algorithms/basic.py" line="21" name="test_almost_equal[compatible_vector_array_pair5-&lt;lambda&gt;2]" time="0.019805908203125"></testcase><testcase classname="src.pymortests.algorithms.basic" file="src/pymortests/algorithms/basic.py" line="21" name="test_almost_equal[compatible_vector_array_pair5-&lt;lambda&gt;3]" time="0.023073673248291016"></testcase><testcase classname="src.pymortests.algorithms.basic" file="src/pymortests/algorithms/basic.py" line="21" name="test_almost_equal[compatible_vector_array_pair5-&lt;lambda&gt;4]" time="0.03103327751159668"></testcase><testcase classname="src.pymortests.algorithms.basic" file="src/pymortests/algorithms/basic.py" line="21" name="test_almost_equal[compatible_vector_array_pair5-&lt;lambda&gt;5]" time="0.030142784118652344"></testcase><testcase classname="src.pymortests.algorithms.basic" file="src/pymortests/algorithms/basic.py" line="21" name="test_almost_equal[compatible_vector_array_pair5-&lt;lambda&gt;6]" time="0.008459091186523438"></testcase><testcase classname="src.pymortests.algorithms.basic" file="src/pymortests/algorithms/basic.py" line="21" name="test_almost_equal[compatible_vector_array_pair5-&lt;lambda&gt;7]" time="0.003819704055786133"></testcase><testcase classname="src.pymortests.algorithms.basic" file="src/pymortests/algorithms/basic.py" line="21" name="test_almost_equal[compatible_vector_array_pair5-&lt;lambda&gt;8]" time="0.02989983558654785"></testcase><testcase classname="src.pymortests.algorithms.basic" file="src/pymortests/algorithms/basic.py" line="21" name="test_almost_equal[compatible_vector_array_pair5-&lt;lambda&gt;9]" time="0.040090084075927734"></testcase><testcase classname="src.pymortests.algorithms.basic" file="src/pymortests/algorithms/basic.py" line="21" name="test_almost_equal[compatible_vector_array_pair5-&lt;lambda&gt;10]" time="0.13095331192016602"></testcase><testcase classname="src.pymortests.algorithms.basic" file="src/pymortests/algorithms/basic.py" line="21" name="test_almost_equal[compatible_vector_array_pair5-&lt;lambda&gt;11]" time="0.03386282920837402"></testcase><testcase classname="src.pymortests.algorithms.basic" file="src/pymortests/algorithms/basic.py" line="21" name="test_almost_equal[compatible_vector_array_pair5-&lt;lambda&gt;12]" time="0.02126336097717285"></testcase><testcase classname="src.pymortests.algorithms.basic" file="src/pymortests/algorithms/basic.py" line="21" name="test_almost_equal[compatible_vector_array_pair5-&lt;lambda&gt;13]" time="0.006188392639160156"></testcase><testcase classname="src.pymortests.algorithms.basic" file="src/pymortests/algorithms/basic.py" line="21" name="test_almost_equal[compatible_vector_array_pair5-&lt;lambda&gt;14]" time="0.028120994567871094"></testcase><testcase classname="src.pymortests.algorithms.basic" file="src/pymortests/algorithms/basic.py" line="21" name="test_almost_equal[compatible_vector_array_pair5-&lt;lambda&gt;15]" time="0.04627180099487305"></testcase><testcase classname="src.pymortests.algorithms.basic" file="src/pymortests/algorithms/basic.py" line="21" name="test_almost_equal[compatible_vector_array_pair5-&lt;lambda&gt;16]" time="0.05024862289428711"></testcase><testcase classname="src.pymortests.algorithms.basic" file="src/pymortests/algorithms/basic.py" line="21" name="test_almost_equal[compatible_vector_array_pair5-&lt;lambda&gt;17]" time="0.07360625267028809"></testcase><testcase classname="src.pymortests.algorithms.basic" file="src/pymortests/algorithms/basic.py" line="21" name="test_almost_equal[compatible_vector_array_pair5-&lt;lambda&gt;18]" time="0.028379440307617188"></testcase><testcase classname="src.pymortests.algorithms.basic" file="src/pymortests/algorithms/basic.py" line="21" name="test_almost_equal[compatible_vector_array_pair5-&lt;lambda&gt;19]" time="0.006434440612792969"></testcase><testcase classname="src.pymortests.algorithms.basic" file="src/pymortests/algorithms/basic.py" line="21" name="test_almost_equal[compatible_vector_array_pair5-&lt;lambda&gt;20]" time="0.17299270629882812"></testcase><testcase classname="src.pymortests.algorithms.basic" file="src/pymortests/algorithms/basic.py" line="21" name="test_almost_equal[compatible_vector_array_pair5-&lt;lambda&gt;21]" time="0.09469103813171387"></testcase><testcase classname="src.pymortests.algorithms.basic" file="src/pymortests/algorithms/basic.py" line="21" name="test_almost_equal[compatible_vector_array_pair5-&lt;lambda&gt;22]" time="0.3242156505584717"></testcase><testcase classname="src.pymortests.algorithms.basic" file="src/pymortests/algorithms/basic.py" line="21" name="test_almost_equal[compatible_vector_array_pair5-&lt;lambda&gt;23]" time="0.08144450187683105"></testcase><testcase classname="src.pymortests.algorithms.basic" file="src/pymortests/algorithms/basic.py" line="21" name="test_almost_equal[compatible_vector_array_pair5-&lt;lambda&gt;24]" time="0.008918285369873047"></testcase><testcase classname="src.pymortests.algorithms.basic" file="src/pymortests/algorithms/basic.py" line="21" name="test_almost_equal[compatible_vector_array_pair5-&lt;lambda&gt;25]" time="0.005771636962890625"></testcase><testcase classname="src.pymortests.algorithms.basic" file="src/pymortests/algorithms/basic.py" line="21" name="test_almost_equal[compatible_vector_array_pair5-&lt;lambda&gt;26]" time="0.3635556697845459"></testcase><testcase classname="src.pymortests.algorithms.basic" file="src/pymortests/algorithms/basic.py" line="21" name="test_almost_equal[compatible_vector_array_pair5-&lt;lambda&gt;27]" time="0.5898199081420898"></testcase><testcase classname="src.pymortests.algorithms.basic" file="src/pymortests/algorithms/basic.py" line="21" name="test_almost_equal[compatible_vector_array_pair5-&lt;lambda&gt;28]" time="3.054259777069092"></testcase><testcase classname="src.pymortests.algorithms.basic" file="src/pymortests/algorithms/basic.py" line="21" name="test_almost_equal[compatible_vector_array_pair5-&lt;lambda&gt;29]" time="0.18685054779052734"></testcase><testcase classname="src.pymortests.algorithms.basic" file="src/pymortests/algorithms/basic.py" line="21" name="test_almost_equal[compatible_vector_array_pair6-&lt;lambda&gt;0]" time="0.009230852127075195"></testcase><testcase classname="src.pymortests.algorithms.basic" file="src/pymortests/algorithms/basic.py" line="21" name="test_almost_equal[compatible_vector_array_pair6-&lt;lambda&gt;1]" time="0.0041310787200927734"></testcase><testcase classname="src.pymortests.algorithms.basic" file="src/pymortests/algorithms/basic.py" line="21" name="test_almost_equal[compatible_vector_array_pair6-&lt;lambda&gt;2]" time="0.0200502872467041"></testcase><testcase classname="src.pymortests.algorithms.basic" file="src/pymortests/algorithms/basic.py" line="21" name="test_almost_equal[compatible_vector_array_pair6-&lt;lambda&gt;3]" time="0.02269601821899414"></testcase><testcase classname="src.pymortests.algorithms.basic" file="src/pymortests/algorithms/basic.py" line="21" name="test_almost_equal[compatible_vector_array_pair6-&lt;lambda&gt;4]" time="0.03218531608581543"></testcase><testcase classname="src.pymortests.algorithms.basic" file="src/pymortests/algorithms/basic.py" line="21" name="test_almost_equal[compatible_vector_array_pair6-&lt;lambda&gt;5]" time="0.0296785831451416"></testcase><testcase classname="src.pymortests.algorithms.basic" file="src/pymortests/algorithms/basic.py" line="21" name="test_almost_equal[compatible_vector_array_pair6-&lt;lambda&gt;6]" time="0.008057117462158203"></testcase><testcase classname="src.pymortests.algorithms.basic" file="src/pymortests/algorithms/basic.py" line="21" name="test_almost_equal[compatible_vector_array_pair6-&lt;lambda&gt;7]" time="0.0027098655700683594"></testcase><testcase classname="src.pymortests.algorithms.basic" file="src/pymortests/algorithms/basic.py" line="21" name="test_almost_equal[compatible_vector_array_pair6-&lt;lambda&gt;8]" time="0.029446840286254883"></testcase><testcase classname="src.pymortests.algorithms.basic" file="src/pymortests/algorithms/basic.py" line="21" name="test_almost_equal[compatible_vector_array_pair6-&lt;lambda&gt;9]" time="0.04127359390258789"></testcase><testcase classname="src.pymortests.algorithms.basic" file="src/pymortests/algorithms/basic.py" line="21" name="test_almost_equal[compatible_vector_array_pair6-&lt;lambda&gt;10]" time="0.1328744888305664"></testcase><testcase classname="src.pymortests.algorithms.basic" file="src/pymortests/algorithms/basic.py" line="21" name="test_almost_equal[compatible_vector_array_pair6-&lt;lambda&gt;11]" time="0.033953189849853516"></testcase><testcase classname="src.pymortests.algorithms.basic" file="src/pymortests/algorithms/basic.py" line="21" name="test_almost_equal[compatible_vector_array_pair6-&lt;lambda&gt;12]" time="0.021718978881835938"></testcase><testcase classname="src.pymortests.algorithms.basic" file="src/pymortests/algorithms/basic.py" line="21" name="test_almost_equal[compatible_vector_array_pair6-&lt;lambda&gt;13]" time="0.005941867828369141"></testcase><testcase classname="src.pymortests.algorithms.basic" file="src/pymortests/algorithms/basic.py" line="21" name="test_almost_equal[compatible_vector_array_pair6-&lt;lambda&gt;14]" time="0.027646303176879883"></testcase><testcase classname="src.pymortests.algorithms.basic" file="src/pymortests/algorithms/basic.py" line="21" name="test_almost_equal[compatible_vector_array_pair6-&lt;lambda&gt;15]" time="0.046244144439697266"></testcase><testcase classname="src.pymortests.algorithms.basic" file="src/pymortests/algorithms/basic.py" line="21" name="test_almost_equal[compatible_vector_array_pair6-&lt;lambda&gt;16]" time="0.05062222480773926"></testcase><testcase classname="src.pymortests.algorithms.basic" file="src/pymortests/algorithms/basic.py" line="21" name="test_almost_equal[compatible_vector_array_pair6-&lt;lambda&gt;17]" time="0.07403945922851562"></testcase><testcase classname="src.pymortests.algorithms.basic" file="src/pymortests/algorithms/basic.py" line="21" name="test_almost_equal[compatible_vector_array_pair6-&lt;lambda&gt;18]" time="0.02828836441040039"></testcase><testcase classname="src.pymortests.algorithms.basic" file="src/pymortests/algorithms/basic.py" line="21" name="test_almost_equal[compatible_vector_array_pair6-&lt;lambda&gt;19]" time="0.006424665451049805"></testcase><testcase classname="src.pymortests.algorithms.basic" file="src/pymortests/algorithms/basic.py" line="21" name="test_almost_equal[compatible_vector_array_pair6-&lt;lambda&gt;20]" time="0.17342567443847656"></testcase><testcase classname="src.pymortests.algorithms.basic" file="src/pymortests/algorithms/basic.py" line="21" name="test_almost_equal[compatible_vector_array_pair6-&lt;lambda&gt;21]" time="0.0945119857788086"></testcase><testcase classname="src.pymortests.algorithms.basic" file="src/pymortests/algorithms/basic.py" line="21" name="test_almost_equal[compatible_vector_array_pair6-&lt;lambda&gt;22]" time="0.3184092044830322"></testcase><testcase classname="src.pymortests.algorithms.basic" file="src/pymortests/algorithms/basic.py" line="21" name="test_almost_equal[compatible_vector_array_pair6-&lt;lambda&gt;23]" time="0.08056116104125977"></testcase><testcase classname="src.pymortests.algorithms.basic" file="src/pymortests/algorithms/basic.py" line="21" name="test_almost_equal[compatible_vector_array_pair6-&lt;lambda&gt;24]" time="0.009011983871459961"></testcase><testcase classname="src.pymortests.algorithms.basic" file="src/pymortests/algorithms/basic.py" line="21" name="test_almost_equal[compatible_vector_array_pair6-&lt;lambda&gt;25]" time="0.004956722259521484"></testcase><testcase classname="src.pymortests.algorithms.basic" file="src/pymortests/algorithms/basic.py" line="21" name="test_almost_equal[compatible_vector_array_pair6-&lt;lambda&gt;26]" time="0.3382706642150879"></testcase><testcase classname="src.pymortests.algorithms.basic" file="src/pymortests/algorithms/basic.py" line="21" name="test_almost_equal[compatible_vector_array_pair6-&lt;lambda&gt;27]" time="0.5812056064605713"></testcase><testcase classname="src.pymortests.algorithms.basic" file="src/pymortests/algorithms/basic.py" line="21" name="test_almost_equal[compatible_vector_array_pair6-&lt;lambda&gt;28]" time="3.0126118659973145"></testcase><testcase classname="src.pymortests.algorithms.basic" file="src/pymortests/algorithms/basic.py" line="21" name="test_almost_equal[compatible_vector_array_pair6-&lt;lambda&gt;29]" time="0.1868915557861328"></testcase><testcase classname="src.pymortests.algorithms.basic" file="src/pymortests/algorithms/basic.py" line="21" name="test_almost_equal[compatible_vector_array_pair7-&lt;lambda&gt;0]" time="0.008993148803710938"></testcase><testcase classname="src.pymortests.algorithms.basic" file="src/pymortests/algorithms/basic.py" line="21" name="test_almost_equal[compatible_vector_array_pair7-&lt;lambda&gt;1]" time="0.0029778480529785156"></testcase><testcase classname="src.pymortests.algorithms.basic" file="src/pymortests/algorithms/basic.py" line="21" name="test_almost_equal[compatible_vector_array_pair7-&lt;lambda&gt;2]" time="0.0198211669921875"></testcase><testcase classname="src.pymortests.algorithms.basic" file="src/pymortests/algorithms/basic.py" line="21" name="test_almost_equal[compatible_vector_array_pair7-&lt;lambda&gt;3]" time="0.022423744201660156"></testcase><testcase classname="src.pymortests.algorithms.basic" file="src/pymortests/algorithms/basic.py" line="21" name="test_almost_equal[compatible_vector_array_pair7-&lt;lambda&gt;4]" time="0.030556678771972656"></testcase><testcase classname="src.pymortests.algorithms.basic" file="src/pymortests/algorithms/basic.py" line="21" name="test_almost_equal[compatible_vector_array_pair7-&lt;lambda&gt;5]" time="0.029427766799926758"></testcase><testcase classname="src.pymortests.algorithms.basic" file="src/pymortests/algorithms/basic.py" line="21" name="test_almost_equal[compatible_vector_array_pair7-&lt;lambda&gt;6]" time="0.008280277252197266"></testcase><testcase classname="src.pymortests.algorithms.basic" file="src/pymortests/algorithms/basic.py" line="21" name="test_almost_equal[compatible_vector_array_pair7-&lt;lambda&gt;7]" time="0.0027933120727539062"></testcase><testcase classname="src.pymortests.algorithms.basic" file="src/pymortests/algorithms/basic.py" line="21" name="test_almost_equal[compatible_vector_array_pair7-&lt;lambda&gt;8]" time="0.029800891876220703"></testcase><testcase classname="src.pymortests.algorithms.basic" file="src/pymortests/algorithms/basic.py" line="21" name="test_almost_equal[compatible_vector_array_pair7-&lt;lambda&gt;9]" time="0.04009890556335449"></testcase><testcase classname="src.pymortests.algorithms.basic" file="src/pymortests/algorithms/basic.py" line="21" name="test_almost_equal[compatible_vector_array_pair7-&lt;lambda&gt;10]" time="0.13120126724243164"></testcase><testcase classname="src.pymortests.algorithms.basic" file="src/pymortests/algorithms/basic.py" line="21" name="test_almost_equal[compatible_vector_array_pair7-&lt;lambda&gt;11]" time="0.03348207473754883"></testcase><testcase classname="src.pymortests.algorithms.basic" file="src/pymortests/algorithms/basic.py" line="21" name="test_almost_equal[compatible_vector_array_pair7-&lt;lambda&gt;12]" time="0.0210874080657959"></testcase><testcase classname="src.pymortests.algorithms.basic" file="src/pymortests/algorithms/basic.py" line="21" name="test_almost_equal[compatible_vector_array_pair7-&lt;lambda&gt;13]" time="0.006073951721191406"></testcase><testcase classname="src.pymortests.algorithms.basic" file="src/pymortests/algorithms/basic.py" line="21" name="test_almost_equal[compatible_vector_array_pair7-&lt;lambda&gt;14]" time="0.028368473052978516"></testcase><testcase classname="src.pymortests.algorithms.basic" file="src/pymortests/algorithms/basic.py" line="21" name="test_almost_equal[compatible_vector_array_pair7-&lt;lambda&gt;15]" time="0.04504227638244629"></testcase><testcase classname="src.pymortests.algorithms.basic" file="src/pymortests/algorithms/basic.py" line="21" name="test_almost_equal[compatible_vector_array_pair7-&lt;lambda&gt;16]" time="0.04986858367919922"></testcase><testcase classname="src.pymortests.algorithms.basic" file="src/pymortests/algorithms/basic.py" line="21" name="test_almost_equal[compatible_vector_array_pair7-&lt;lambda&gt;17]" time="0.07256937026977539"></testcase><testcase classname="src.pymortests.algorithms.basic" file="src/pymortests/algorithms/basic.py" line="21" name="test_almost_equal[compatible_vector_array_pair7-&lt;lambda&gt;18]" time="0.027967453002929688"></testcase><testcase classname="src.pymortests.algorithms.basic" file="src/pymortests/algorithms/basic.py" line="21" name="test_almost_equal[compatible_vector_array_pair7-&lt;lambda&gt;19]" time="0.006051063537597656"></testcase><testcase classname="src.pymortests.algorithms.basic" file="src/pymortests/algorithms/basic.py" line="21" name="test_almost_equal[compatible_vector_array_pair7-&lt;lambda&gt;20]" time="0.17531585693359375"></testcase><testcase classname="src.pymortests.algorithms.basic" file="src/pymortests/algorithms/basic.py" line="21" name="test_almost_equal[compatible_vector_array_pair7-&lt;lambda&gt;21]" time="0.0947732925415039"></testcase><testcase classname="src.pymortests.algorithms.basic" file="src/pymortests/algorithms/basic.py" line="21" name="test_almost_equal[compatible_vector_array_pair7-&lt;lambda&gt;22]" time="0.31317996978759766"></testcase><testcase classname="src.pymortests.algorithms.basic" file="src/pymortests/algorithms/basic.py" line="21" name="test_almost_equal[compatible_vector_array_pair7-&lt;lambda&gt;23]" time="0.07976412773132324"></testcase><testcase classname="src.pymortests.algorithms.basic" file="src/pymortests/algorithms/basic.py" line="21" name="test_almost_equal[compatible_vector_array_pair7-&lt;lambda&gt;24]" time="0.008646011352539062"></testcase><testcase classname="src.pymortests.algorithms.basic" file="src/pymortests/algorithms/basic.py" line="21" name="test_almost_equal[compatible_vector_array_pair7-&lt;lambda&gt;25]" time="0.005001068115234375"></testcase><testcase classname="src.pymortests.algorithms.basic" file="src/pymortests/algorithms/basic.py" line="21" name="test_almost_equal[compatible_vector_array_pair7-&lt;lambda&gt;26]" time="0.36084938049316406"></testcase><testcase classname="src.pymortests.algorithms.basic" file="src/pymortests/algorithms/basic.py" line="21" name="test_almost_equal[compatible_vector_array_pair7-&lt;lambda&gt;27]" time="0.5880303382873535"></testcase><testcase classname="src.pymortests.algorithms.basic" file="src/pymortests/algorithms/basic.py" line="21" name="test_almost_equal[compatible_vector_array_pair7-&lt;lambda&gt;28]" time="3.0461766719818115"></testcase><testcase classname="src.pymortests.algorithms.basic" file="src/pymortests/algorithms/basic.py" line="21" name="test_almost_equal[compatible_vector_array_pair7-&lt;lambda&gt;29]" time="0.1840810775756836"></testcase><testcase classname="src.pymortests.algorithms.basic" file="src/pymortests/algorithms/basic.py" line="21" name="test_almost_equal[compatible_vector_array_pair8-&lt;lambda&gt;0]" time="0.008769035339355469"></testcase><testcase classname="src.pymortests.algorithms.basic" file="src/pymortests/algorithms/basic.py" line="21" name="test_almost_equal[compatible_vector_array_pair8-&lt;lambda&gt;1]" time="0.002964019775390625"></testcase><testcase classname="src.pymortests.algorithms.basic" file="src/pymortests/algorithms/basic.py" line="21" name="test_almost_equal[compatible_vector_array_pair8-&lt;lambda&gt;2]" time="0.019823074340820312"></testcase><testcase classname="src.pymortests.algorithms.basic" file="src/pymortests/algorithms/basic.py" line="21" name="test_almost_equal[compatible_vector_array_pair8-&lt;lambda&gt;3]" time="0.023047924041748047"></testcase><testcase classname="src.pymortests.algorithms.basic" file="src/pymortests/algorithms/basic.py" line="21" name="test_almost_equal[compatible_vector_array_pair8-&lt;lambda&gt;4]" time="0.03139925003051758"></testcase><testcase classname="src.pymortests.algorithms.basic" file="src/pymortests/algorithms/basic.py" line="21" name="test_almost_equal[compatible_vector_array_pair8-&lt;lambda&gt;5]" time="0.030034303665161133"></testcase><testcase classname="src.pymortests.algorithms.basic" file="src/pymortests/algorithms/basic.py" line="21" name="test_almost_equal[compatible_vector_array_pair8-&lt;lambda&gt;6]" time="0.008201837539672852"></testcase><testcase classname="src.pymortests.algorithms.basic" file="src/pymortests/algorithms/basic.py" line="21" name="test_almost_equal[compatible_vector_array_pair8-&lt;lambda&gt;7]" time="0.002775430679321289"></testcase><testcase classname="src.pymortests.algorithms.basic" file="src/pymortests/algorithms/basic.py" line="21" name="test_almost_equal[compatible_vector_array_pair8-&lt;lambda&gt;8]" time="0.029366016387939453"></testcase><testcase classname="src.pymortests.algorithms.basic" file="src/pymortests/algorithms/basic.py" line="21" name="test_almost_equal[compatible_vector_array_pair8-&lt;lambda&gt;9]" time="0.04082155227661133"></testcase><testcase classname="src.pymortests.algorithms.basic" file="src/pymortests/algorithms/basic.py" line="21" name="test_almost_equal[compatible_vector_array_pair8-&lt;lambda&gt;10]" time="0.13019251823425293"></testcase><testcase classname="src.pymortests.algorithms.basic" file="src/pymortests/algorithms/basic.py" line="21" name="test_almost_equal[compatible_vector_array_pair8-&lt;lambda&gt;11]" time="0.033469438552856445"></testcase><testcase classname="src.pymortests.algorithms.basic" file="src/pymortests/algorithms/basic.py" line="21" name="test_almost_equal[compatible_vector_array_pair8-&lt;lambda&gt;12]" time="0.02345728874206543"></testcase><testcase classname="src.pymortests.algorithms.basic" file="src/pymortests/algorithms/basic.py" line="21" name="test_almost_equal[compatible_vector_array_pair8-&lt;lambda&gt;13]" time="0.006059408187866211"></testcase><testcase classname="src.pymortests.algorithms.basic" file="src/pymortests/algorithms/basic.py" line="21" name="test_almost_equal[compatible_vector_array_pair8-&lt;lambda&gt;14]" time="0.027945995330810547"></testcase><testcase classname="src.pymortests.algorithms.basic" file="src/pymortests/algorithms/basic.py" line="21" name="test_almost_equal[compatible_vector_array_pair8-&lt;lambda&gt;15]" time="0.045151710510253906"></testcase><testcase classname="src.pymortests.algorithms.basic" file="src/pymortests/algorithms/basic.py" line="21" name="test_almost_equal[compatible_vector_array_pair8-&lt;lambda&gt;16]" time="0.04953742027282715"></testcase><testcase classname="src.pymortests.algorithms.basic" file="src/pymortests/algorithms/basic.py" line="21" name="test_almost_equal[compatible_vector_array_pair8-&lt;lambda&gt;17]" time="0.07315754890441895"></testcase><testcase classname="src.pymortests.algorithms.basic" file="src/pymortests/algorithms/basic.py" line="21" name="test_almost_equal[compatible_vector_array_pair8-&lt;lambda&gt;18]" time="0.02800774574279785"></testcase><testcase classname="src.pymortests.algorithms.basic" file="src/pymortests/algorithms/basic.py" line="21" name="test_almost_equal[compatible_vector_array_pair8-&lt;lambda&gt;19]" time="0.00623011589050293"></testcase><testcase classname="src.pymortests.algorithms.basic" file="src/pymortests/algorithms/basic.py" line="21" name="test_almost_equal[compatible_vector_array_pair8-&lt;lambda&gt;20]" time="0.17279553413391113"></testcase><testcase classname="src.pymortests.algorithms.basic" file="src/pymortests/algorithms/basic.py" line="21" name="test_almost_equal[compatible_vector_array_pair8-&lt;lambda&gt;21]" time="0.09549808502197266"></testcase><testcase classname="src.pymortests.algorithms.basic" file="src/pymortests/algorithms/basic.py" line="21" name="test_almost_equal[compatible_vector_array_pair8-&lt;lambda&gt;22]" time="0.3193492889404297"></testcase><testcase classname="src.pymortests.algorithms.basic" file="src/pymortests/algorithms/basic.py" line="21" name="test_almost_equal[compatible_vector_array_pair8-&lt;lambda&gt;23]" time="0.08081722259521484"></testcase><testcase classname="src.pymortests.algorithms.basic" file="src/pymortests/algorithms/basic.py" line="21" name="test_almost_equal[compatible_vector_array_pair8-&lt;lambda&gt;24]" time="0.008743047714233398"></testcase><testcase classname="src.pymortests.algorithms.basic" file="src/pymortests/algorithms/basic.py" line="21" name="test_almost_equal[compatible_vector_array_pair8-&lt;lambda&gt;25]" time="0.005764007568359375"></testcase><testcase classname="src.pymortests.algorithms.basic" file="src/pymortests/algorithms/basic.py" line="21" name="test_almost_equal[compatible_vector_array_pair8-&lt;lambda&gt;26]" time="0.3561065196990967"></testcase><testcase classname="src.pymortests.algorithms.basic" file="src/pymortests/algorithms/basic.py" line="21" name="test_almost_equal[compatible_vector_array_pair8-&lt;lambda&gt;27]" time="0.5811269283294678"></testcase><testcase classname="src.pymortests.algorithms.basic" file="src/pymortests/algorithms/basic.py" line="21" name="test_almost_equal[compatible_vector_array_pair8-&lt;lambda&gt;28]" time="3.047577381134033"></testcase><testcase classname="src.pymortests.algorithms.basic" file="src/pymortests/algorithms/basic.py" line="21" name="test_almost_equal[compatible_vector_array_pair8-&lt;lambda&gt;29]" time="0.18667173385620117"></testcase><testcase classname="src.pymortests.algorithms.basic" file="src/pymortests/algorithms/basic.py" line="41" name="test_almost_equal_product[&lt;lambda&gt;0]" time="0.08695602416992188"><system-err>13:55 DiffusionOperatorP1: Calulate gradients of shape functions transformed by reference map ...
13:55 DiffusionOperatorP1: Calculate all local scalar products beween gradients ...
13:55 DiffusionOperatorP1: Determine global dofs ...
13:55 DiffusionOperatorP1: Boundary treatment ...
13:55 DiffusionOperatorP1: Assemble system matrix ...
13:55 DiffusionOperatorP1: Calulate gradients of shape functions transformed by reference map ...
13:55 DiffusionOperatorP1: Calculate all local scalar products beween gradients ...
13:55 DiffusionOperatorP1: Determine global dofs ...
13:55 DiffusionOperatorP1: Boundary treatment ...
13:55 DiffusionOperatorP1: Assemble system matrix ...
13:55 DiffusionOperatorP1: Calulate gradients of shape functions transformed by reference map ...
13:55 DiffusionOperatorP1: Calculate all local scalar products beween gradients ...
13:55 DiffusionOperatorP1: Determine global dofs ...
13:55 DiffusionOperatorP1: Boundary treatment ...
13:55 DiffusionOperatorP1: Assemble system matrix ...
13:55 DiffusionOperatorP1: Calulate gradients of shape functions transformed by reference map ...
13:55 DiffusionOperatorP1: Calculate all local scalar products beween gradients ...
13:55 DiffusionOperatorP1: Determine global dofs ...
13:55 DiffusionOperatorP1: Boundary treatment ...
13:55 DiffusionOperatorP1: Assemble system matrix ...
13:55 DiffusionOperatorP1: Calulate gradients of shape functions transformed by reference map ...
13:55 DiffusionOperatorP1: Calculate all local scalar products beween gradients ...
13:55 DiffusionOperatorP1: Determine global dofs ...
13:55 DiffusionOperatorP1: Boundary treatment ...
13:55 DiffusionOperatorP1: Assemble system matrix ...
13:55 L2ProductP1: Integrate the products of the shape functions on each element
13:55 L2ProductP1: Determine global dofs ...
13:55 L2ProductP1: Boundary treatment ...
13:55 L2ProductP1: Assemble system matrix ...
13:55 DiffusionOperatorP1: Calulate gradients of shape functions transformed by reference map ...
13:55 DiffusionOperatorP1: Calculate all local scalar products beween gradients ...
13:55 DiffusionOperatorP1: Determine global dofs ...
13:55 DiffusionOperatorP1: Boundary treatment ...
13:55 DiffusionOperatorP1: Assemble system matrix ...
13:55 L2ProductP1: Integrate the products of the shape functions on each element
13:55 L2ProductP1: Determine global dofs ...
13:55 L2ProductP1: Boundary treatment ...
13:55 L2ProductP1: Assemble system matrix ...
13:55 DiffusionOperatorP1: Calulate gradients of shape functions transformed by reference map ...
13:55 DiffusionOperatorP1: Calculate all local scalar products beween gradients ...
13:55 DiffusionOperatorP1: Determine global dofs ...
13:55 DiffusionOperatorP1: Boundary treatment ...
13:55 DiffusionOperatorP1: Assemble system matrix ...
</system-err></testcase><testcase classname="src.pymortests.algorithms.basic" file="src/pymortests/algorithms/basic.py" line="41" name="test_almost_equal_product[&lt;lambda&gt;1]" time="0.06679224967956543"><system-err>13:55 DiffusionOperatorP1: Calulate gradients of shape functions transformed by reference map ...
13:55 DiffusionOperatorP1: Calculate all local scalar products beween gradients ...
13:55 DiffusionOperatorP1: Determine global dofs ...
13:55 DiffusionOperatorP1: Boundary treatment ...
13:55 DiffusionOperatorP1: Assemble system matrix ...
13:55 DiffusionOperatorP1: Calulate gradients of shape functions transformed by reference map ...
13:55 DiffusionOperatorP1: Calculate all local scalar products beween gradients ...
13:55 DiffusionOperatorP1: Determine global dofs ...
13:55 DiffusionOperatorP1: Boundary treatment ...
13:55 DiffusionOperatorP1: Assemble system matrix ...
13:55 L2ProductP1: Integrate the products of the shape functions on each element
13:55 L2ProductP1: Determine global dofs ...
13:55 L2ProductP1: Boundary treatment ...
13:55 L2ProductP1: Assemble system matrix ...
13:55 DiffusionOperatorP1: Calulate gradients of shape functions transformed by reference map ...
13:55 DiffusionOperatorP1: Calculate all local scalar products beween gradients ...
13:55 DiffusionOperatorP1: Determine global dofs ...
13:55 DiffusionOperatorP1: Boundary treatment ...
13:55 DiffusionOperatorP1: Assemble system matrix ...
13:55 L2ProductP1: Integrate the products of the shape functions on each element
13:55 L2ProductP1: Determine global dofs ...
13:55 L2ProductP1: Boundary treatment ...
13:55 L2ProductP1: Assemble system matrix ...
13:55 DiffusionOperatorP1: Calulate gradients of shape functions transformed by reference map ...
13:55 DiffusionOperatorP1: Calculate all local scalar products beween gradients ...
13:55 DiffusionOperatorP1: Determine global dofs ...
13:55 DiffusionOperatorP1: Boundary treatment ...
13:55 DiffusionOperatorP1: Assemble system matrix ...
</system-err></testcase><testcase classname="src.pymortests.algorithms.basic" file="src/pymortests/algorithms/basic.py" line="41" name="test_almost_equal_product[&lt;lambda&gt;2]" time="0.07169127464294434"><system-err>13:55 DiffusionOperatorP1: Calulate gradients of shape functions transformed by reference map ...
13:55 DiffusionOperatorP1: Calculate all local scalar products beween gradients ...
13:55 DiffusionOperatorP1: Determine global dofs ...
13:55 DiffusionOperatorP1: Boundary treatment ...
13:55 DiffusionOperatorP1: Assemble system matrix ...
13:55 DiffusionOperatorP1: Calulate gradients of shape functions transformed by reference map ...
13:55 DiffusionOperatorP1: Calculate all local scalar products beween gradients ...
13:55 DiffusionOperatorP1: Determine global dofs ...
13:55 DiffusionOperatorP1: Boundary treatment ...
13:55 DiffusionOperatorP1: Assemble system matrix ...
13:55 DiffusionOperatorP1: Calulate gradients of shape functions transformed by reference map ...
13:55 DiffusionOperatorP1: Calculate all local scalar products beween gradients ...
13:55 DiffusionOperatorP1: Determine global dofs ...
13:55 DiffusionOperatorP1: Boundary treatment ...
13:55 DiffusionOperatorP1: Assemble system matrix ...
13:55 DiffusionOperatorP1: Calulate gradients of shape functions transformed by reference map ...
13:55 DiffusionOperatorP1: Calculate all local scalar products beween gradients ...
13:55 DiffusionOperatorP1: Determine global dofs ...
13:55 DiffusionOperatorP1: Boundary treatment ...
13:55 DiffusionOperatorP1: Assemble system matrix ...
13:55 DiffusionOperatorP1: Calulate gradients of shape functions transformed by reference map ...
13:55 DiffusionOperatorP1: Calculate all local scalar products beween gradients ...
13:55 DiffusionOperatorP1: Determine global dofs ...
13:55 DiffusionOperatorP1: Boundary treatment ...
13:55 DiffusionOperatorP1: Assemble system matrix ...
13:55 L2ProductP1: Integrate the products of the shape functions on each element
13:55 L2ProductP1: Determine global dofs ...
13:55 L2ProductP1: Boundary treatment ...
13:55 L2ProductP1: Assemble system matrix ...
13:55 DiffusionOperatorP1: Calulate gradients of shape functions transformed by reference map ...
13:55 DiffusionOperatorP1: Calculate all local scalar products beween gradients ...
13:55 DiffusionOperatorP1: Determine global dofs ...
13:55 DiffusionOperatorP1: Boundary treatment ...
13:55 DiffusionOperatorP1: Assemble system matrix ...
13:55 L2ProductP1: Integrate the products of the shape functions on each element
13:55 L2ProductP1: Determine global dofs ...
13:55 L2ProductP1: Boundary treatment ...
13:55 L2ProductP1: Assemble system matrix ...
13:55 DiffusionOperatorP1: Calulate gradients of shape functions transformed by reference map ...
13:55 DiffusionOperatorP1: Calculate all local scalar products beween gradients ...
13:55 DiffusionOperatorP1: Determine global dofs ...
13:55 DiffusionOperatorP1: Boundary treatment ...
13:55 DiffusionOperatorP1: Assemble system matrix ...
</system-err></testcase><testcase classname="src.pymortests.algorithms.basic" file="src/pymortests/algorithms/basic.py" line="41" name="test_almost_equal_product[&lt;lambda&gt;3]" time="0.06750082969665527"><system-err>13:55 DiffusionOperatorP1: Calulate gradients of shape functions transformed by reference map ...
13:55 DiffusionOperatorP1: Calculate all local scalar products beween gradients ...
13:55 DiffusionOperatorP1: Determine global dofs ...
13:55 DiffusionOperatorP1: Boundary treatment ...
13:55 DiffusionOperatorP1: Assemble system matrix ...
13:55 DiffusionOperatorP1: Calulate gradients of shape functions transformed by reference map ...
13:55 DiffusionOperatorP1: Calculate all local scalar products beween gradients ...
13:55 DiffusionOperatorP1: Determine global dofs ...
13:55 DiffusionOperatorP1: Boundary treatment ...
13:55 DiffusionOperatorP1: Assemble system matrix ...
13:55 L2ProductP1: Integrate the products of the shape functions on each element
13:55 L2ProductP1: Determine global dofs ...
13:55 L2ProductP1: Boundary treatment ...
13:55 L2ProductP1: Assemble system matrix ...
13:55 DiffusionOperatorP1: Calulate gradients of shape functions transformed by reference map ...
13:55 DiffusionOperatorP1: Calculate all local scalar products beween gradients ...
13:55 DiffusionOperatorP1: Determine global dofs ...
13:55 DiffusionOperatorP1: Boundary treatment ...
13:55 DiffusionOperatorP1: Assemble system matrix ...
13:55 L2ProductP1: Integrate the products of the shape functions on each element
13:55 L2ProductP1: Determine global dofs ...
13:55 L2ProductP1: Boundary treatment ...
13:55 L2ProductP1: Assemble system matrix ...
13:55 DiffusionOperatorP1: Calulate gradients of shape functions transformed by reference map ...
13:55 DiffusionOperatorP1: Calculate all local scalar products beween gradients ...
13:55 DiffusionOperatorP1: Determine global dofs ...
13:55 DiffusionOperatorP1: Boundary treatment ...
13:55 DiffusionOperatorP1: Assemble system matrix ...
</system-err></testcase><testcase classname="src.pymortests.algorithms.basic" file="src/pymortests/algorithms/basic.py" line="41" name="test_almost_equal_product[&lt;lambda&gt;4]" time="0.07026958465576172"><system-err>13:55 DiffusionOperatorP1: Calulate gradients of shape functions transformed by reference map ...
13:55 DiffusionOperatorP1: Calculate all local scalar products beween gradients ...
13:55 DiffusionOperatorP1: Determine global dofs ...
13:55 DiffusionOperatorP1: Boundary treatment ...
13:55 DiffusionOperatorP1: Assemble system matrix ...
13:55 DiffusionOperatorP1: Calulate gradients of shape functions transformed by reference map ...
13:55 DiffusionOperatorP1: Calculate all local scalar products beween gradients ...
13:55 DiffusionOperatorP1: Determine global dofs ...
13:55 DiffusionOperatorP1: Boundary treatment ...
13:55 DiffusionOperatorP1: Assemble system matrix ...
13:55 DiffusionOperatorP1: Calulate gradients of shape functions transformed by reference map ...
13:55 DiffusionOperatorP1: Calculate all local scalar products beween gradients ...
13:55 DiffusionOperatorP1: Determine global dofs ...
13:55 DiffusionOperatorP1: Boundary treatment ...
13:55 DiffusionOperatorP1: Assemble system matrix ...
13:55 DiffusionOperatorP1: Calulate gradients of shape functions transformed by reference map ...
13:55 DiffusionOperatorP1: Calculate all local scalar products beween gradients ...
13:55 DiffusionOperatorP1: Determine global dofs ...
13:55 DiffusionOperatorP1: Boundary treatment ...
13:55 DiffusionOperatorP1: Assemble system matrix ...
13:55 DiffusionOperatorP1: Calulate gradients of shape functions transformed by reference map ...
13:55 DiffusionOperatorP1: Calculate all local scalar products beween gradients ...
13:55 DiffusionOperatorP1: Determine global dofs ...
13:55 DiffusionOperatorP1: Boundary treatment ...
13:55 DiffusionOperatorP1: Assemble system matrix ...
13:55 L2ProductP1: Integrate the products of the shape functions on each element
13:55 L2ProductP1: Determine global dofs ...
13:55 L2ProductP1: Boundary treatment ...
13:55 L2ProductP1: Assemble system matrix ...
13:55 DiffusionOperatorP1: Calulate gradients of shape functions transformed by reference map ...
13:55 DiffusionOperatorP1: Calculate all local scalar products beween gradients ...
13:55 DiffusionOperatorP1: Determine global dofs ...
13:55 DiffusionOperatorP1: Boundary treatment ...
13:55 DiffusionOperatorP1: Assemble system matrix ...
13:55 L2ProductP1: Integrate the products of the shape functions on each element
13:55 L2ProductP1: Determine global dofs ...
13:55 L2ProductP1: Boundary treatment ...
13:55 L2ProductP1: Assemble system matrix ...
13:55 DiffusionOperatorP1: Calulate gradients of shape functions transformed by reference map ...
13:55 DiffusionOperatorP1: Calculate all local scalar products beween gradients ...
13:55 DiffusionOperatorP1: Determine global dofs ...
13:55 DiffusionOperatorP1: Boundary treatment ...
13:55 DiffusionOperatorP1: Assemble system matrix ...
</system-err></testcase><testcase classname="src.pymortests.algorithms.basic" file="src/pymortests/algorithms/basic.py" line="41" name="test_almost_equal_product[&lt;lambda&gt;5]" time="0.0685739517211914"><system-err>13:55 DiffusionOperatorP1: Calulate gradients of shape functions transformed by reference map ...
13:55 DiffusionOperatorP1: Calculate all local scalar products beween gradients ...
13:55 DiffusionOperatorP1: Determine global dofs ...
13:55 DiffusionOperatorP1: Boundary treatment ...
13:55 DiffusionOperatorP1: Assemble system matrix ...
13:55 DiffusionOperatorP1: Calulate gradients of shape functions transformed by reference map ...
13:55 DiffusionOperatorP1: Calculate all local scalar products beween gradients ...
13:55 DiffusionOperatorP1: Determine global dofs ...
13:55 DiffusionOperatorP1: Boundary treatment ...
13:55 DiffusionOperatorP1: Assemble system matrix ...
13:55 L2ProductP1: Integrate the products of the shape functions on each element
13:55 L2ProductP1: Determine global dofs ...
13:55 L2ProductP1: Boundary treatment ...
13:55 L2ProductP1: Assemble system matrix ...
13:55 DiffusionOperatorP1: Calulate gradients of shape functions transformed by reference map ...
13:55 DiffusionOperatorP1: Calculate all local scalar products beween gradients ...
13:55 DiffusionOperatorP1: Determine global dofs ...
13:55 DiffusionOperatorP1: Boundary treatment ...
13:55 DiffusionOperatorP1: Assemble system matrix ...
13:55 L2ProductP1: Integrate the products of the shape functions on each element
13:55 L2ProductP1: Determine global dofs ...
13:55 L2ProductP1: Boundary treatment ...
13:55 L2ProductP1: Assemble system matrix ...
13:55 DiffusionOperatorP1: Calulate gradients of shape functions transformed by reference map ...
13:55 DiffusionOperatorP1: Calculate all local scalar products beween gradients ...
13:55 DiffusionOperatorP1: Determine global dofs ...
13:55 DiffusionOperatorP1: Boundary treatment ...
13:55 DiffusionOperatorP1: Assemble system matrix ...
</system-err></testcase><testcase classname="src.pymortests.algorithms.basic" file="src/pymortests/algorithms/basic.py" line="41" name="test_almost_equal_product[&lt;lambda&gt;6]" time="0.07026982307434082"><system-err>13:56 DiffusionOperatorP1: Calulate gradients of shape functions transformed by reference map ...
13:56 DiffusionOperatorP1: Calculate all local scalar products beween gradients ...
13:56 DiffusionOperatorP1: Determine global dofs ...
13:56 DiffusionOperatorP1: Boundary treatment ...
13:56 DiffusionOperatorP1: Assemble system matrix ...
13:56 DiffusionOperatorP1: Calulate gradients of shape functions transformed by reference map ...
13:56 DiffusionOperatorP1: Calculate all local scalar products beween gradients ...
13:56 DiffusionOperatorP1: Determine global dofs ...
13:56 DiffusionOperatorP1: Boundary treatment ...
13:56 DiffusionOperatorP1: Assemble system matrix ...
13:56 DiffusionOperatorP1: Calulate gradients of shape functions transformed by reference map ...
13:56 DiffusionOperatorP1: Calculate all local scalar products beween gradients ...
13:56 DiffusionOperatorP1: Determine global dofs ...
13:56 DiffusionOperatorP1: Boundary treatment ...
13:56 DiffusionOperatorP1: Assemble system matrix ...
13:56 DiffusionOperatorP1: Calulate gradients of shape functions transformed by reference map ...
13:56 DiffusionOperatorP1: Calculate all local scalar products beween gradients ...
13:56 DiffusionOperatorP1: Determine global dofs ...
13:56 DiffusionOperatorP1: Boundary treatment ...
13:56 DiffusionOperatorP1: Assemble system matrix ...
13:56 DiffusionOperatorP1: Calulate gradients of shape functions transformed by reference map ...
13:56 DiffusionOperatorP1: Calculate all local scalar products beween gradients ...
13:56 DiffusionOperatorP1: Determine global dofs ...
13:56 DiffusionOperatorP1: Boundary treatment ...
13:56 DiffusionOperatorP1: Assemble system matrix ...
13:56 L2ProductP1: Integrate the products of the shape functions on each element
13:56 L2ProductP1: Determine global dofs ...
13:56 L2ProductP1: Boundary treatment ...
13:56 L2ProductP1: Assemble system matrix ...
13:56 DiffusionOperatorP1: Calulate gradients of shape functions transformed by reference map ...
13:56 DiffusionOperatorP1: Calculate all local scalar products beween gradients ...
13:56 DiffusionOperatorP1: Determine global dofs ...
13:56 DiffusionOperatorP1: Boundary treatment ...
13:56 DiffusionOperatorP1: Assemble system matrix ...
13:56 L2ProductP1: Integrate the products of the shape functions on each element
13:56 L2ProductP1: Determine global dofs ...
13:56 L2ProductP1: Boundary treatment ...
13:56 L2ProductP1: Assemble system matrix ...
13:56 DiffusionOperatorP1: Calulate gradients of shape functions transformed by reference map ...
13:56 DiffusionOperatorP1: Calculate all local scalar products beween gradients ...
13:56 DiffusionOperatorP1: Determine global dofs ...
13:56 DiffusionOperatorP1: Boundary treatment ...
13:56 DiffusionOperatorP1: Assemble system matrix ...
</system-err></testcase><testcase classname="src.pymortests.algorithms.basic" file="src/pymortests/algorithms/basic.py" line="41" name="test_almost_equal_product[&lt;lambda&gt;7]" time="0.06681585311889648"><system-err>13:56 DiffusionOperatorP1: Calulate gradients of shape functions transformed by reference map ...
13:56 DiffusionOperatorP1: Calculate all local scalar products beween gradients ...
13:56 DiffusionOperatorP1: Determine global dofs ...
13:56 DiffusionOperatorP1: Boundary treatment ...
13:56 DiffusionOperatorP1: Assemble system matrix ...
13:56 DiffusionOperatorP1: Calulate gradients of shape functions transformed by reference map ...
13:56 DiffusionOperatorP1: Calculate all local scalar products beween gradients ...
13:56 DiffusionOperatorP1: Determine global dofs ...
13:56 DiffusionOperatorP1: Boundary treatment ...
13:56 DiffusionOperatorP1: Assemble system matrix ...
13:56 L2ProductP1: Integrate the products of the shape functions on each element
13:56 L2ProductP1: Determine global dofs ...
13:56 L2ProductP1: Boundary treatment ...
13:56 L2ProductP1: Assemble system matrix ...
13:56 DiffusionOperatorP1: Calulate gradients of shape functions transformed by reference map ...
13:56 DiffusionOperatorP1: Calculate all local scalar products beween gradients ...
13:56 DiffusionOperatorP1: Determine global dofs ...
13:56 DiffusionOperatorP1: Boundary treatment ...
13:56 DiffusionOperatorP1: Assemble system matrix ...
13:56 L2ProductP1: Integrate the products of the shape functions on each element
13:56 L2ProductP1: Determine global dofs ...
13:56 L2ProductP1: Boundary treatment ...
13:56 L2ProductP1: Assemble system matrix ...
13:56 DiffusionOperatorP1: Calulate gradients of shape functions transformed by reference map ...
13:56 DiffusionOperatorP1: Calculate all local scalar products beween gradients ...
13:56 DiffusionOperatorP1: Determine global dofs ...
13:56 DiffusionOperatorP1: Boundary treatment ...
13:56 DiffusionOperatorP1: Assemble system matrix ...
</system-err></testcase><testcase classname="src.pymortests.algorithms.basic" file="src/pymortests/algorithms/basic.py" line="41" name="test_almost_equal_product[&lt;lambda&gt;8]" time="0.07060027122497559"><system-err>13:56 DiffusionOperatorP1: Calulate gradients of shape functions transformed by reference map ...
13:56 DiffusionOperatorP1: Calculate all local scalar products beween gradients ...
13:56 DiffusionOperatorP1: Determine global dofs ...
13:56 DiffusionOperatorP1: Boundary treatment ...
13:56 DiffusionOperatorP1: Assemble system matrix ...
13:56 DiffusionOperatorP1: Calulate gradients of shape functions transformed by reference map ...
13:56 DiffusionOperatorP1: Calculate all local scalar products beween gradients ...
13:56 DiffusionOperatorP1: Determine global dofs ...
13:56 DiffusionOperatorP1: Boundary treatment ...
13:56 DiffusionOperatorP1: Assemble system matrix ...
13:56 DiffusionOperatorP1: Calulate gradients of shape functions transformed by reference map ...
13:56 DiffusionOperatorP1: Calculate all local scalar products beween gradients ...
13:56 DiffusionOperatorP1: Determine global dofs ...
13:56 DiffusionOperatorP1: Boundary treatment ...
13:56 DiffusionOperatorP1: Assemble system matrix ...
13:56 DiffusionOperatorP1: Calulate gradients of shape functions transformed by reference map ...
13:56 DiffusionOperatorP1: Calculate all local scalar products beween gradients ...
13:56 DiffusionOperatorP1: Determine global dofs ...
13:56 DiffusionOperatorP1: Boundary treatment ...
13:56 DiffusionOperatorP1: Assemble system matrix ...
13:56 DiffusionOperatorP1: Calulate gradients of shape functions transformed by reference map ...
13:56 DiffusionOperatorP1: Calculate all local scalar products beween gradients ...
13:56 DiffusionOperatorP1: Determine global dofs ...
13:56 DiffusionOperatorP1: Boundary treatment ...
13:56 DiffusionOperatorP1: Assemble system matrix ...
13:56 L2ProductP1: Integrate the products of the shape functions on each element
13:56 L2ProductP1: Determine global dofs ...
13:56 L2ProductP1: Boundary treatment ...
13:56 L2ProductP1: Assemble system matrix ...
13:56 DiffusionOperatorP1: Calulate gradients of shape functions transformed by reference map ...
13:56 DiffusionOperatorP1: Calculate all local scalar products beween gradients ...
13:56 DiffusionOperatorP1: Determine global dofs ...
13:56 DiffusionOperatorP1: Boundary treatment ...
13:56 DiffusionOperatorP1: Assemble system matrix ...
13:56 L2ProductP1: Integrate the products of the shape functions on each element
13:56 L2ProductP1: Determine global dofs ...
13:56 L2ProductP1: Boundary treatment ...
13:56 L2ProductP1: Assemble system matrix ...
13:56 DiffusionOperatorP1: Calulate gradients of shape functions transformed by reference map ...
13:56 DiffusionOperatorP1: Calculate all local scalar products beween gradients ...
13:56 DiffusionOperatorP1: Determine global dofs ...
13:56 DiffusionOperatorP1: Boundary treatment ...
13:56 DiffusionOperatorP1: Assemble system matrix ...
</system-err></testcase><testcase classname="src.pymortests.algorithms.basic" file="src/pymortests/algorithms/basic.py" line="41" name="test_almost_equal_product[&lt;lambda&gt;9]" time="0.06600308418273926"><system-err>13:56 DiffusionOperatorP1: Calulate gradients of shape functions transformed by reference map ...
13:56 DiffusionOperatorP1: Calculate all local scalar products beween gradients ...
13:56 DiffusionOperatorP1: Determine global dofs ...
13:56 DiffusionOperatorP1: Boundary treatment ...
13:56 DiffusionOperatorP1: Assemble system matrix ...
13:56 DiffusionOperatorP1: Calulate gradients of shape functions transformed by reference map ...
13:56 DiffusionOperatorP1: Calculate all local scalar products beween gradients ...
13:56 DiffusionOperatorP1: Determine global dofs ...
13:56 DiffusionOperatorP1: Boundary treatment ...
13:56 DiffusionOperatorP1: Assemble system matrix ...
13:56 L2ProductP1: Integrate the products of the shape functions on each element
13:56 L2ProductP1: Determine global dofs ...
13:56 L2ProductP1: Boundary treatment ...
13:56 L2ProductP1: Assemble system matrix ...
13:56 DiffusionOperatorP1: Calulate gradients of shape functions transformed by reference map ...
13:56 DiffusionOperatorP1: Calculate all local scalar products beween gradients ...
13:56 DiffusionOperatorP1: Determine global dofs ...
13:56 DiffusionOperatorP1: Boundary treatment ...
13:56 DiffusionOperatorP1: Assemble system matrix ...
13:56 L2ProductP1: Integrate the products of the shape functions on each element
13:56 L2ProductP1: Determine global dofs ...
13:56 L2ProductP1: Boundary treatment ...
13:56 L2ProductP1: Assemble system matrix ...
13:56 DiffusionOperatorP1: Calulate gradients of shape functions transformed by reference map ...
13:56 DiffusionOperatorP1: Calculate all local scalar products beween gradients ...
13:56 DiffusionOperatorP1: Determine global dofs ...
13:56 DiffusionOperatorP1: Boundary treatment ...
13:56 DiffusionOperatorP1: Assemble system matrix ...
</system-err></testcase><testcase classname="src.pymortests.algorithms.basic" file="src/pymortests/algorithms/basic.py" line="41" name="test_almost_equal_product[&lt;lambda&gt;10]" time="0.07028555870056152"><system-err>13:56 DiffusionOperatorP1: Calulate gradients of shape functions transformed by reference map ...
13:56 DiffusionOperatorP1: Calculate all local scalar products beween gradients ...
13:56 DiffusionOperatorP1: Determine global dofs ...
13:56 DiffusionOperatorP1: Boundary treatment ...
13:56 DiffusionOperatorP1: Assemble system matrix ...
13:56 DiffusionOperatorP1: Calulate gradients of shape functions transformed by reference map ...
13:56 DiffusionOperatorP1: Calculate all local scalar products beween gradients ...
13:56 DiffusionOperatorP1: Determine global dofs ...
13:56 DiffusionOperatorP1: Boundary treatment ...
13:56 DiffusionOperatorP1: Assemble system matrix ...
13:56 DiffusionOperatorP1: Calulate gradients of shape functions transformed by reference map ...
13:56 DiffusionOperatorP1: Calculate all local scalar products beween gradients ...
13:56 DiffusionOperatorP1: Determine global dofs ...
13:56 DiffusionOperatorP1: Boundary treatment ...
13:56 DiffusionOperatorP1: Assemble system matrix ...
13:56 DiffusionOperatorP1: Calulate gradients of shape functions transformed by reference map ...
13:56 DiffusionOperatorP1: Calculate all local scalar products beween gradients ...
13:56 DiffusionOperatorP1: Determine global dofs ...
13:56 DiffusionOperatorP1: Boundary treatment ...
13:56 DiffusionOperatorP1: Assemble system matrix ...
13:56 DiffusionOperatorP1: Calulate gradients of shape functions transformed by reference map ...
13:56 DiffusionOperatorP1: Calculate all local scalar products beween gradients ...
13:56 DiffusionOperatorP1: Determine global dofs ...
13:56 DiffusionOperatorP1: Boundary treatment ...
13:56 DiffusionOperatorP1: Assemble system matrix ...
13:56 L2ProductP1: Integrate the products of the shape functions on each element
13:56 L2ProductP1: Determine global dofs ...
13:56 L2ProductP1: Boundary treatment ...
13:56 L2ProductP1: Assemble system matrix ...
13:56 DiffusionOperatorP1: Calulate gradients of shape functions transformed by reference map ...
13:56 DiffusionOperatorP1: Calculate all local scalar products beween gradients ...
13:56 DiffusionOperatorP1: Determine global dofs ...
13:56 DiffusionOperatorP1: Boundary treatment ...
13:56 DiffusionOperatorP1: Assemble system matrix ...
13:56 L2ProductP1: Integrate the products of the shape functions on each element
13:56 L2ProductP1: Determine global dofs ...
13:56 L2ProductP1: Boundary treatment ...
13:56 L2ProductP1: Assemble system matrix ...
13:56 DiffusionOperatorP1: Calulate gradients of shape functions transformed by reference map ...
13:56 DiffusionOperatorP1: Calculate all local scalar products beween gradients ...
13:56 DiffusionOperatorP1: Determine global dofs ...
13:56 DiffusionOperatorP1: Boundary treatment ...
13:56 DiffusionOperatorP1: Assemble system matrix ...
</system-err></testcase><testcase classname="src.pymortests.algorithms.basic" file="src/pymortests/algorithms/basic.py" line="41" name="test_almost_equal_product[&lt;lambda&gt;11]" time="0.07049775123596191"><system-err>13:56 DiffusionOperatorP1: Calulate gradients of shape functions transformed by reference map ...
13:56 DiffusionOperatorP1: Calculate all local scalar products beween gradients ...
13:56 DiffusionOperatorP1: Determine global dofs ...
13:56 DiffusionOperatorP1: Boundary treatment ...
13:56 DiffusionOperatorP1: Assemble system matrix ...
13:56 DiffusionOperatorP1: Calulate gradients of shape functions transformed by reference map ...
13:56 DiffusionOperatorP1: Calculate all local scalar products beween gradients ...
13:56 DiffusionOperatorP1: Determine global dofs ...
13:56 DiffusionOperatorP1: Boundary treatment ...
13:56 DiffusionOperatorP1: Assemble system matrix ...
13:56 L2ProductP1: Integrate the products of the shape functions on each element
13:56 L2ProductP1: Determine global dofs ...
13:56 L2ProductP1: Boundary treatment ...
13:56 L2ProductP1: Assemble system matrix ...
13:56 DiffusionOperatorP1: Calulate gradients of shape functions transformed by reference map ...
13:56 DiffusionOperatorP1: Calculate all local scalar products beween gradients ...
13:56 DiffusionOperatorP1: Determine global dofs ...
13:56 DiffusionOperatorP1: Boundary treatment ...
13:56 DiffusionOperatorP1: Assemble system matrix ...
13:56 L2ProductP1: Integrate the products of the shape functions on each element
13:56 L2ProductP1: Determine global dofs ...
13:56 L2ProductP1: Boundary treatment ...
13:56 L2ProductP1: Assemble system matrix ...
13:56 DiffusionOperatorP1: Calulate gradients of shape functions transformed by reference map ...
13:56 DiffusionOperatorP1: Calculate all local scalar products beween gradients ...
13:56 DiffusionOperatorP1: Determine global dofs ...
13:56 DiffusionOperatorP1: Boundary treatment ...
13:56 DiffusionOperatorP1: Assemble system matrix ...
</system-err></testcase><testcase classname="src.pymortests.algorithms.basic" file="src/pymortests/algorithms/basic.py" line="41" name="test_almost_equal_product[&lt;lambda&gt;12]" time="0.06533098220825195"><system-err>13:56 DiffusionOperatorP1: Calulate gradients of shape functions transformed by reference map ...
13:56 DiffusionOperatorP1: Calculate all local scalar products beween gradients ...
13:56 DiffusionOperatorP1: Determine global dofs ...
13:56 DiffusionOperatorP1: Boundary treatment ...
13:56 DiffusionOperatorP1: Assemble system matrix ...
13:56 DiffusionOperatorP1: Calulate gradients of shape functions transformed by reference map ...
13:56 DiffusionOperatorP1: Calculate all local scalar products beween gradients ...
13:56 DiffusionOperatorP1: Determine global dofs ...
13:56 DiffusionOperatorP1: Boundary treatment ...
13:56 DiffusionOperatorP1: Assemble system matrix ...
13:56 DiffusionOperatorP1: Calulate gradients of shape functions transformed by reference map ...
13:56 DiffusionOperatorP1: Calculate all local scalar products beween gradients ...
13:56 DiffusionOperatorP1: Determine global dofs ...
13:56 DiffusionOperatorP1: Boundary treatment ...
13:56 DiffusionOperatorP1: Assemble system matrix ...
13:56 DiffusionOperatorP1: Calulate gradients of shape functions transformed by reference map ...
13:56 DiffusionOperatorP1: Calculate all local scalar products beween gradients ...
13:56 DiffusionOperatorP1: Determine global dofs ...
13:56 DiffusionOperatorP1: Boundary treatment ...
13:56 DiffusionOperatorP1: Assemble system matrix ...
13:56 DiffusionOperatorP1: Calulate gradients of shape functions transformed by reference map ...
13:56 DiffusionOperatorP1: Calculate all local scalar products beween gradients ...
13:56 DiffusionOperatorP1: Determine global dofs ...
13:56 DiffusionOperatorP1: Boundary treatment ...
13:56 DiffusionOperatorP1: Assemble system matrix ...
13:56 L2ProductP1: Integrate the products of the shape functions on each element
13:56 L2ProductP1: Determine global dofs ...
13:56 L2ProductP1: Boundary treatment ...
13:56 L2ProductP1: Assemble system matrix ...
13:56 DiffusionOperatorP1: Calulate gradients of shape functions transformed by reference map ...
13:56 DiffusionOperatorP1: Calculate all local scalar products beween gradients ...
13:56 DiffusionOperatorP1: Determine global dofs ...
13:56 DiffusionOperatorP1: Boundary treatment ...
13:56 DiffusionOperatorP1: Assemble system matrix ...
13:56 L2ProductP1: Integrate the products of the shape functions on each element
13:56 L2ProductP1: Determine global dofs ...
13:56 L2ProductP1: Boundary treatment ...
13:56 L2ProductP1: Assemble system matrix ...
13:56 DiffusionOperatorP1: Calulate gradients of shape functions transformed by reference map ...
13:56 DiffusionOperatorP1: Calculate all local scalar products beween gradients ...
13:56 DiffusionOperatorP1: Determine global dofs ...
13:56 DiffusionOperatorP1: Boundary treatment ...
13:56 DiffusionOperatorP1: Assemble system matrix ...
</system-err></testcase><testcase classname="src.pymortests.algorithms.basic" file="src/pymortests/algorithms/basic.py" line="41" name="test_almost_equal_product[&lt;lambda&gt;13]" time="0.06136918067932129"><system-err>13:56 DiffusionOperatorP1: Calulate gradients of shape functions transformed by reference map ...
13:56 DiffusionOperatorP1: Calculate all local scalar products beween gradients ...
13:56 DiffusionOperatorP1: Determine global dofs ...
13:56 DiffusionOperatorP1: Boundary treatment ...
13:56 DiffusionOperatorP1: Assemble system matrix ...
13:56 DiffusionOperatorP1: Calulate gradients of shape functions transformed by reference map ...
13:56 DiffusionOperatorP1: Calculate all local scalar products beween gradients ...
13:56 DiffusionOperatorP1: Determine global dofs ...
13:56 DiffusionOperatorP1: Boundary treatment ...
13:56 DiffusionOperatorP1: Assemble system matrix ...
13:56 L2ProductP1: Integrate the products of the shape functions on each element
13:56 L2ProductP1: Determine global dofs ...
13:56 L2ProductP1: Boundary treatment ...
13:56 L2ProductP1: Assemble system matrix ...
13:56 DiffusionOperatorP1: Calulate gradients of shape functions transformed by reference map ...
13:56 DiffusionOperatorP1: Calculate all local scalar products beween gradients ...
13:56 DiffusionOperatorP1: Determine global dofs ...
13:56 DiffusionOperatorP1: Boundary treatment ...
13:56 DiffusionOperatorP1: Assemble system matrix ...
13:56 L2ProductP1: Integrate the products of the shape functions on each element
13:56 L2ProductP1: Determine global dofs ...
13:56 L2ProductP1: Boundary treatment ...
13:56 L2ProductP1: Assemble system matrix ...
13:56 DiffusionOperatorP1: Calulate gradients of shape functions transformed by reference map ...
13:56 DiffusionOperatorP1: Calculate all local scalar products beween gradients ...
13:56 DiffusionOperatorP1: Determine global dofs ...
13:56 DiffusionOperatorP1: Boundary treatment ...
13:56 DiffusionOperatorP1: Assemble system matrix ...
</system-err></testcase><testcase classname="src.pymortests.algorithms.basic" file="src/pymortests/algorithms/basic.py" line="41" name="test_almost_equal_product[&lt;lambda&gt;14]" time="0.07128238677978516"><system-err>13:56 DiffusionOperatorP1: Calulate gradients of shape functions transformed by reference map ...
13:56 DiffusionOperatorP1: Calculate all local scalar products beween gradients ...
13:56 DiffusionOperatorP1: Determine global dofs ...
13:56 DiffusionOperatorP1: Boundary treatment ...
13:56 DiffusionOperatorP1: Assemble system matrix ...
13:56 DiffusionOperatorP1: Calulate gradients of shape functions transformed by reference map ...
13:56 DiffusionOperatorP1: Calculate all local scalar products beween gradients ...
13:56 DiffusionOperatorP1: Determine global dofs ...
13:56 DiffusionOperatorP1: Boundary treatment ...
13:56 DiffusionOperatorP1: Assemble system matrix ...
13:56 DiffusionOperatorP1: Calulate gradients of shape functions transformed by reference map ...
13:56 DiffusionOperatorP1: Calculate all local scalar products beween gradients ...
13:56 DiffusionOperatorP1: Determine global dofs ...
13:56 DiffusionOperatorP1: Boundary treatment ...
13:56 DiffusionOperatorP1: Assemble system matrix ...
13:56 DiffusionOperatorP1: Calulate gradients of shape functions transformed by reference map ...
13:56 DiffusionOperatorP1: Calculate all local scalar products beween gradients ...
13:56 DiffusionOperatorP1: Determine global dofs ...
13:56 DiffusionOperatorP1: Boundary treatment ...
13:56 DiffusionOperatorP1: Assemble system matrix ...
13:56 DiffusionOperatorP1: Calulate gradients of shape functions transformed by reference map ...
13:56 DiffusionOperatorP1: Calculate all local scalar products beween gradients ...
13:56 DiffusionOperatorP1: Determine global dofs ...
13:56 DiffusionOperatorP1: Boundary treatment ...
13:56 DiffusionOperatorP1: Assemble system matrix ...
13:56 L2ProductP1: Integrate the products of the shape functions on each element
13:56 L2ProductP1: Determine global dofs ...
13:56 L2ProductP1: Boundary treatment ...
13:56 L2ProductP1: Assemble system matrix ...
13:56 DiffusionOperatorP1: Calulate gradients of shape functions transformed by reference map ...
13:56 DiffusionOperatorP1: Calculate all local scalar products beween gradients ...
13:56 DiffusionOperatorP1: Determine global dofs ...
13:56 DiffusionOperatorP1: Boundary treatment ...
13:56 DiffusionOperatorP1: Assemble system matrix ...
13:56 L2ProductP1: Integrate the products of the shape functions on each element
13:56 L2ProductP1: Determine global dofs ...
13:56 L2ProductP1: Boundary treatment ...
13:56 L2ProductP1: Assemble system matrix ...
13:56 DiffusionOperatorP1: Calulate gradients of shape functions transformed by reference map ...
13:56 DiffusionOperatorP1: Calculate all local scalar products beween gradients ...
13:56 DiffusionOperatorP1: Determine global dofs ...
13:56 DiffusionOperatorP1: Boundary treatment ...
13:56 DiffusionOperatorP1: Assemble system matrix ...
</system-err></testcase><testcase classname="src.pymortests.algorithms.basic" file="src/pymortests/algorithms/basic.py" line="41" name="test_almost_equal_product[&lt;lambda&gt;15]" time="0.06779646873474121"><system-err>13:56 DiffusionOperatorP1: Calulate gradients of shape functions transformed by reference map ...
13:56 DiffusionOperatorP1: Calculate all local scalar products beween gradients ...
13:56 DiffusionOperatorP1: Determine global dofs ...
13:56 DiffusionOperatorP1: Boundary treatment ...
13:56 DiffusionOperatorP1: Assemble system matrix ...
13:56 DiffusionOperatorP1: Calulate gradients of shape functions transformed by reference map ...
13:56 DiffusionOperatorP1: Calculate all local scalar products beween gradients ...
13:56 DiffusionOperatorP1: Determine global dofs ...
13:56 DiffusionOperatorP1: Boundary treatment ...
13:56 DiffusionOperatorP1: Assemble system matrix ...
13:56 L2ProductP1: Integrate the products of the shape functions on each element
13:56 L2ProductP1: Determine global dofs ...
13:56 L2ProductP1: Boundary treatment ...
13:56 L2ProductP1: Assemble system matrix ...
13:56 DiffusionOperatorP1: Calulate gradients of shape functions transformed by reference map ...
13:56 DiffusionOperatorP1: Calculate all local scalar products beween gradients ...
13:56 DiffusionOperatorP1: Determine global dofs ...
13:56 DiffusionOperatorP1: Boundary treatment ...
13:56 DiffusionOperatorP1: Assemble system matrix ...
13:56 L2ProductP1: Integrate the products of the shape functions on each element
13:56 L2ProductP1: Determine global dofs ...
13:56 L2ProductP1: Boundary treatment ...
13:56 L2ProductP1: Assemble system matrix ...
13:56 DiffusionOperatorP1: Calulate gradients of shape functions transformed by reference map ...
13:56 DiffusionOperatorP1: Calculate all local scalar products beween gradients ...
13:56 DiffusionOperatorP1: Determine global dofs ...
13:56 DiffusionOperatorP1: Boundary treatment ...
13:56 DiffusionOperatorP1: Assemble system matrix ...
</system-err></testcase><testcase classname="src.pymortests.algorithms.basic" file="src/pymortests/algorithms/basic.py" line="41" name="test_almost_equal_product[&lt;lambda&gt;16]" time="0.06506180763244629"><system-err>13:56 DiffusionOperatorP1: Calulate gradients of shape functions transformed by reference map ...
13:56 DiffusionOperatorP1: Calculate all local scalar products beween gradients ...
13:56 DiffusionOperatorP1: Determine global dofs ...
13:56 DiffusionOperatorP1: Boundary treatment ...
13:56 DiffusionOperatorP1: Assemble system matrix ...
13:56 DiffusionOperatorP1: Calulate gradients of shape functions transformed by reference map ...
13:56 DiffusionOperatorP1: Calculate all local scalar products beween gradients ...
13:56 DiffusionOperatorP1: Determine global dofs ...
13:56 DiffusionOperatorP1: Boundary treatment ...
13:56 DiffusionOperatorP1: Assemble system matrix ...
13:56 DiffusionOperatorP1: Calulate gradients of shape functions transformed by reference map ...
13:56 DiffusionOperatorP1: Calculate all local scalar products beween gradients ...
13:56 DiffusionOperatorP1: Determine global dofs ...
13:56 DiffusionOperatorP1: Boundary treatment ...
13:56 DiffusionOperatorP1: Assemble system matrix ...
13:56 DiffusionOperatorP1: Calulate gradients of shape functions transformed by reference map ...
13:56 DiffusionOperatorP1: Calculate all local scalar products beween gradients ...
13:56 DiffusionOperatorP1: Determine global dofs ...
13:56 DiffusionOperatorP1: Boundary treatment ...
13:56 DiffusionOperatorP1: Assemble system matrix ...
13:56 DiffusionOperatorP1: Calulate gradients of shape functions transformed by reference map ...
13:56 DiffusionOperatorP1: Calculate all local scalar products beween gradients ...
13:56 DiffusionOperatorP1: Determine global dofs ...
13:56 DiffusionOperatorP1: Boundary treatment ...
13:56 DiffusionOperatorP1: Assemble system matrix ...
13:56 L2ProductP1: Integrate the products of the shape functions on each element
13:56 L2ProductP1: Determine global dofs ...
13:56 L2ProductP1: Boundary treatment ...
13:56 L2ProductP1: Assemble system matrix ...
13:56 DiffusionOperatorP1: Calulate gradients of shape functions transformed by reference map ...
13:56 DiffusionOperatorP1: Calculate all local scalar products beween gradients ...
13:56 DiffusionOperatorP1: Determine global dofs ...
13:56 DiffusionOperatorP1: Boundary treatment ...
13:56 DiffusionOperatorP1: Assemble system matrix ...
13:56 L2ProductP1: Integrate the products of the shape functions on each element
13:56 L2ProductP1: Determine global dofs ...
13:56 L2ProductP1: Boundary treatment ...
13:56 L2ProductP1: Assemble system matrix ...
13:56 DiffusionOperatorP1: Calulate gradients of shape functions transformed by reference map ...
13:56 DiffusionOperatorP1: Calculate all local scalar products beween gradients ...
13:56 DiffusionOperatorP1: Determine global dofs ...
13:56 DiffusionOperatorP1: Boundary treatment ...
13:56 DiffusionOperatorP1: Assemble system matrix ...
</system-err></testcase><testcase classname="src.pymortests.algorithms.basic" file="src/pymortests/algorithms/basic.py" line="41" name="test_almost_equal_product[&lt;lambda&gt;17]" time="0.06052684783935547"><system-err>13:56 DiffusionOperatorP1: Calulate gradients of shape functions transformed by reference map ...
13:56 DiffusionOperatorP1: Calculate all local scalar products beween gradients ...
13:56 DiffusionOperatorP1: Determine global dofs ...
13:56 DiffusionOperatorP1: Boundary treatment ...
13:56 DiffusionOperatorP1: Assemble system matrix ...
13:56 DiffusionOperatorP1: Calulate gradients of shape functions transformed by reference map ...
13:56 DiffusionOperatorP1: Calculate all local scalar products beween gradients ...
13:56 DiffusionOperatorP1: Determine global dofs ...
13:56 DiffusionOperatorP1: Boundary treatment ...
13:56 DiffusionOperatorP1: Assemble system matrix ...
13:56 L2ProductP1: Integrate the products of the shape functions on each element
13:56 L2ProductP1: Determine global dofs ...
13:56 L2ProductP1: Boundary treatment ...
13:56 L2ProductP1: Assemble system matrix ...
13:56 DiffusionOperatorP1: Calulate gradients of shape functions transformed by reference map ...
13:56 DiffusionOperatorP1: Calculate all local scalar products beween gradients ...
13:56 DiffusionOperatorP1: Determine global dofs ...
13:56 DiffusionOperatorP1: Boundary treatment ...
13:56 DiffusionOperatorP1: Assemble system matrix ...
13:56 L2ProductP1: Integrate the products of the shape functions on each element
13:56 L2ProductP1: Determine global dofs ...
13:56 L2ProductP1: Boundary treatment ...
13:56 L2ProductP1: Assemble system matrix ...
13:56 DiffusionOperatorP1: Calulate gradients of shape functions transformed by reference map ...
13:56 DiffusionOperatorP1: Calculate all local scalar products beween gradients ...
13:56 DiffusionOperatorP1: Determine global dofs ...
13:56 DiffusionOperatorP1: Boundary treatment ...
13:56 DiffusionOperatorP1: Assemble system matrix ...
</system-err></testcase><testcase classname="src.pymortests.algorithms.basic" file="src/pymortests/algorithms/basic.py" line="41" name="test_almost_equal_product[&lt;lambda&gt;18]" time="0.0704188346862793"><system-err>13:56 DiffusionOperatorP1: Calulate gradients of shape functions transformed by reference map ...
13:56 DiffusionOperatorP1: Calculate all local scalar products beween gradients ...
13:56 DiffusionOperatorP1: Determine global dofs ...
13:56 DiffusionOperatorP1: Boundary treatment ...
13:56 DiffusionOperatorP1: Assemble system matrix ...
13:56 DiffusionOperatorP1: Calulate gradients of shape functions transformed by reference map ...
13:56 DiffusionOperatorP1: Calculate all local scalar products beween gradients ...
13:56 DiffusionOperatorP1: Determine global dofs ...
13:56 DiffusionOperatorP1: Boundary treatment ...
13:56 DiffusionOperatorP1: Assemble system matrix ...
13:56 DiffusionOperatorP1: Calulate gradients of shape functions transformed by reference map ...
13:56 DiffusionOperatorP1: Calculate all local scalar products beween gradients ...
13:56 DiffusionOperatorP1: Determine global dofs ...
13:56 DiffusionOperatorP1: Boundary treatment ...
13:56 DiffusionOperatorP1: Assemble system matrix ...
13:56 DiffusionOperatorP1: Calulate gradients of shape functions transformed by reference map ...
13:56 DiffusionOperatorP1: Calculate all local scalar products beween gradients ...
13:56 DiffusionOperatorP1: Determine global dofs ...
13:56 DiffusionOperatorP1: Boundary treatment ...
13:56 DiffusionOperatorP1: Assemble system matrix ...
13:56 DiffusionOperatorP1: Calulate gradients of shape functions transformed by reference map ...
13:56 DiffusionOperatorP1: Calculate all local scalar products beween gradients ...
13:56 DiffusionOperatorP1: Determine global dofs ...
13:56 DiffusionOperatorP1: Boundary treatment ...
13:56 DiffusionOperatorP1: Assemble system matrix ...
13:56 L2ProductP1: Integrate the products of the shape functions on each element
13:56 L2ProductP1: Determine global dofs ...
13:56 L2ProductP1: Boundary treatment ...
13:56 L2ProductP1: Assemble system matrix ...
13:56 DiffusionOperatorP1: Calulate gradients of shape functions transformed by reference map ...
13:56 DiffusionOperatorP1: Calculate all local scalar products beween gradients ...
13:56 DiffusionOperatorP1: Determine global dofs ...
13:56 DiffusionOperatorP1: Boundary treatment ...
13:56 DiffusionOperatorP1: Assemble system matrix ...
13:56 L2ProductP1: Integrate the products of the shape functions on each element
13:56 L2ProductP1: Determine global dofs ...
13:56 L2ProductP1: Boundary treatment ...
13:56 L2ProductP1: Assemble system matrix ...
13:56 DiffusionOperatorP1: Calulate gradients of shape functions transformed by reference map ...
13:56 DiffusionOperatorP1: Calculate all local scalar products beween gradients ...
13:56 DiffusionOperatorP1: Determine global dofs ...
13:56 DiffusionOperatorP1: Boundary treatment ...
13:56 DiffusionOperatorP1: Assemble system matrix ...
</system-err></testcase><testcase classname="src.pymortests.algorithms.basic" file="src/pymortests/algorithms/basic.py" line="41" name="test_almost_equal_product[&lt;lambda&gt;19]" time="0.06708812713623047"><system-err>13:56 DiffusionOperatorP1: Calulate gradients of shape functions transformed by reference map ...
13:56 DiffusionOperatorP1: Calculate all local scalar products beween gradients ...
13:56 DiffusionOperatorP1: Determine global dofs ...
13:56 DiffusionOperatorP1: Boundary treatment ...
13:56 DiffusionOperatorP1: Assemble system matrix ...
13:56 DiffusionOperatorP1: Calulate gradients of shape functions transformed by reference map ...
13:56 DiffusionOperatorP1: Calculate all local scalar products beween gradients ...
13:56 DiffusionOperatorP1: Determine global dofs ...
13:56 DiffusionOperatorP1: Boundary treatment ...
13:56 DiffusionOperatorP1: Assemble system matrix ...
13:56 L2ProductP1: Integrate the products of the shape functions on each element
13:56 L2ProductP1: Determine global dofs ...
13:56 L2ProductP1: Boundary treatment ...
13:56 L2ProductP1: Assemble system matrix ...
13:56 DiffusionOperatorP1: Calulate gradients of shape functions transformed by reference map ...
13:56 DiffusionOperatorP1: Calculate all local scalar products beween gradients ...
13:56 DiffusionOperatorP1: Determine global dofs ...
13:56 DiffusionOperatorP1: Boundary treatment ...
13:56 DiffusionOperatorP1: Assemble system matrix ...
13:56 L2ProductP1: Integrate the products of the shape functions on each element
13:56 L2ProductP1: Determine global dofs ...
13:56 L2ProductP1: Boundary treatment ...
13:56 L2ProductP1: Assemble system matrix ...
13:56 DiffusionOperatorP1: Calulate gradients of shape functions transformed by reference map ...
13:56 DiffusionOperatorP1: Calculate all local scalar products beween gradients ...
13:56 DiffusionOperatorP1: Determine global dofs ...
13:56 DiffusionOperatorP1: Boundary treatment ...
13:56 DiffusionOperatorP1: Assemble system matrix ...
</system-err></testcase><testcase classname="src.pymortests.algorithms.basic" file="src/pymortests/algorithms/basic.py" line="41" name="test_almost_equal_product[&lt;lambda&gt;20]" time="0.07067584991455078"><system-err>13:56 DiffusionOperatorP1: Calulate gradients of shape functions transformed by reference map ...
13:56 DiffusionOperatorP1: Calculate all local scalar products beween gradients ...
13:56 DiffusionOperatorP1: Determine global dofs ...
13:56 DiffusionOperatorP1: Boundary treatment ...
13:56 DiffusionOperatorP1: Assemble system matrix ...
13:56 DiffusionOperatorP1: Calulate gradients of shape functions transformed by reference map ...
13:56 DiffusionOperatorP1: Calculate all local scalar products beween gradients ...
13:56 DiffusionOperatorP1: Determine global dofs ...
13:56 DiffusionOperatorP1: Boundary treatment ...
13:56 DiffusionOperatorP1: Assemble system matrix ...
13:56 DiffusionOperatorP1: Calulate gradients of shape functions transformed by reference map ...
13:56 DiffusionOperatorP1: Calculate all local scalar products beween gradients ...
13:56 DiffusionOperatorP1: Determine global dofs ...
13:56 DiffusionOperatorP1: Boundary treatment ...
13:56 DiffusionOperatorP1: Assemble system matrix ...
13:56 DiffusionOperatorP1: Calulate gradients of shape functions transformed by reference map ...
13:56 DiffusionOperatorP1: Calculate all local scalar products beween gradients ...
13:56 DiffusionOperatorP1: Determine global dofs ...
13:56 DiffusionOperatorP1: Boundary treatment ...
13:56 DiffusionOperatorP1: Assemble system matrix ...
13:56 DiffusionOperatorP1: Calulate gradients of shape functions transformed by reference map ...
13:56 DiffusionOperatorP1: Calculate all local scalar products beween gradients ...
13:56 DiffusionOperatorP1: Determine global dofs ...
13:56 DiffusionOperatorP1: Boundary treatment ...
13:56 DiffusionOperatorP1: Assemble system matrix ...
13:56 L2ProductP1: Integrate the products of the shape functions on each element
13:57 L2ProductP1: Determine global dofs ...
13:57 L2ProductP1: Boundary treatment ...
13:57 L2ProductP1: Assemble system matrix ...
13:57 DiffusionOperatorP1: Calulate gradients of shape functions transformed by reference map ...
13:57 DiffusionOperatorP1: Calculate all local scalar products beween gradients ...
13:57 DiffusionOperatorP1: Determine global dofs ...
13:57 DiffusionOperatorP1: Boundary treatment ...
13:57 DiffusionOperatorP1: Assemble system matrix ...
13:57 L2ProductP1: Integrate the products of the shape functions on each element
13:57 L2ProductP1: Determine global dofs ...
13:57 L2ProductP1: Boundary treatment ...
13:57 L2ProductP1: Assemble system matrix ...
13:57 DiffusionOperatorP1: Calulate gradients of shape functions transformed by reference map ...
13:57 DiffusionOperatorP1: Calculate all local scalar products beween gradients ...
13:57 DiffusionOperatorP1: Determine global dofs ...
13:57 DiffusionOperatorP1: Boundary treatment ...
13:57 DiffusionOperatorP1: Assemble system matrix ...
</system-err></testcase><testcase classname="src.pymortests.algorithms.basic" file="src/pymortests/algorithms/basic.py" line="41" name="test_almost_equal_product[&lt;lambda&gt;21]" time="0.06645488739013672"><system-err>13:57 DiffusionOperatorP1: Calulate gradients of shape functions transformed by reference map ...
13:57 DiffusionOperatorP1: Calculate all local scalar products beween gradients ...
13:57 DiffusionOperatorP1: Determine global dofs ...
13:57 DiffusionOperatorP1: Boundary treatment ...
13:57 DiffusionOperatorP1: Assemble system matrix ...
13:57 DiffusionOperatorP1: Calulate gradients of shape functions transformed by reference map ...
13:57 DiffusionOperatorP1: Calculate all local scalar products beween gradients ...
13:57 DiffusionOperatorP1: Determine global dofs ...
13:57 DiffusionOperatorP1: Boundary treatment ...
13:57 DiffusionOperatorP1: Assemble system matrix ...
13:57 L2ProductP1: Integrate the products of the shape functions on each element
13:57 L2ProductP1: Determine global dofs ...
13:57 L2ProductP1: Boundary treatment ...
13:57 L2ProductP1: Assemble system matrix ...
13:57 DiffusionOperatorP1: Calulate gradients of shape functions transformed by reference map ...
13:57 DiffusionOperatorP1: Calculate all local scalar products beween gradients ...
13:57 DiffusionOperatorP1: Determine global dofs ...
13:57 DiffusionOperatorP1: Boundary treatment ...
13:57 DiffusionOperatorP1: Assemble system matrix ...
13:57 L2ProductP1: Integrate the products of the shape functions on each element
13:57 L2ProductP1: Determine global dofs ...
13:57 L2ProductP1: Boundary treatment ...
13:57 L2ProductP1: Assemble system matrix ...
13:57 DiffusionOperatorP1: Calulate gradients of shape functions transformed by reference map ...
13:57 DiffusionOperatorP1: Calculate all local scalar products beween gradients ...
13:57 DiffusionOperatorP1: Determine global dofs ...
13:57 DiffusionOperatorP1: Boundary treatment ...
13:57 DiffusionOperatorP1: Assemble system matrix ...
</system-err></testcase><testcase classname="src.pymortests.algorithms.basic" file="src/pymortests/algorithms/basic.py" line="41" name="test_almost_equal_product[&lt;lambda&gt;22]" time="0.07120084762573242"><system-err>13:57 DiffusionOperatorP1: Calulate gradients of shape functions transformed by reference map ...
13:57 DiffusionOperatorP1: Calculate all local scalar products beween gradients ...
13:57 DiffusionOperatorP1: Determine global dofs ...
13:57 DiffusionOperatorP1: Boundary treatment ...
13:57 DiffusionOperatorP1: Assemble system matrix ...
13:57 DiffusionOperatorP1: Calulate gradients of shape functions transformed by reference map ...
13:57 DiffusionOperatorP1: Calculate all local scalar products beween gradients ...
13:57 DiffusionOperatorP1: Determine global dofs ...
13:57 DiffusionOperatorP1: Boundary treatment ...
13:57 DiffusionOperatorP1: Assemble system matrix ...
13:57 DiffusionOperatorP1: Calulate gradients of shape functions transformed by reference map ...
13:57 DiffusionOperatorP1: Calculate all local scalar products beween gradients ...
13:57 DiffusionOperatorP1: Determine global dofs ...
13:57 DiffusionOperatorP1: Boundary treatment ...
13:57 DiffusionOperatorP1: Assemble system matrix ...
13:57 DiffusionOperatorP1: Calulate gradients of shape functions transformed by reference map ...
13:57 DiffusionOperatorP1: Calculate all local scalar products beween gradients ...
13:57 DiffusionOperatorP1: Determine global dofs ...
13:57 DiffusionOperatorP1: Boundary treatment ...
13:57 DiffusionOperatorP1: Assemble system matrix ...
13:57 DiffusionOperatorP1: Calulate gradients of shape functions transformed by reference map ...
13:57 DiffusionOperatorP1: Calculate all local scalar products beween gradients ...
13:57 DiffusionOperatorP1: Determine global dofs ...
13:57 DiffusionOperatorP1: Boundary treatment ...
13:57 DiffusionOperatorP1: Assemble system matrix ...
13:57 L2ProductP1: Integrate the products of the shape functions on each element
13:57 L2ProductP1: Determine global dofs ...
13:57 L2ProductP1: Boundary treatment ...
13:57 L2ProductP1: Assemble system matrix ...
13:57 DiffusionOperatorP1: Calulate gradients of shape functions transformed by reference map ...
13:57 DiffusionOperatorP1: Calculate all local scalar products beween gradients ...
13:57 DiffusionOperatorP1: Determine global dofs ...
13:57 DiffusionOperatorP1: Boundary treatment ...
13:57 DiffusionOperatorP1: Assemble system matrix ...
13:57 L2ProductP1: Integrate the products of the shape functions on each element
13:57 L2ProductP1: Determine global dofs ...
13:57 L2ProductP1: Boundary treatment ...
13:57 L2ProductP1: Assemble system matrix ...
13:57 DiffusionOperatorP1: Calulate gradients of shape functions transformed by reference map ...
13:57 DiffusionOperatorP1: Calculate all local scalar products beween gradients ...
13:57 DiffusionOperatorP1: Determine global dofs ...
13:57 DiffusionOperatorP1: Boundary treatment ...
13:57 DiffusionOperatorP1: Assemble system matrix ...
</system-err></testcase><testcase classname="src.pymortests.algorithms.basic" file="src/pymortests/algorithms/basic.py" line="41" name="test_almost_equal_product[&lt;lambda&gt;23]" time="0.06966352462768555"><system-err>13:57 DiffusionOperatorP1: Calulate gradients of shape functions transformed by reference map ...
13:57 DiffusionOperatorP1: Calculate all local scalar products beween gradients ...
13:57 DiffusionOperatorP1: Determine global dofs ...
13:57 DiffusionOperatorP1: Boundary treatment ...
13:57 DiffusionOperatorP1: Assemble system matrix ...
13:57 DiffusionOperatorP1: Calulate gradients of shape functions transformed by reference map ...
13:57 DiffusionOperatorP1: Calculate all local scalar products beween gradients ...
13:57 DiffusionOperatorP1: Determine global dofs ...
13:57 DiffusionOperatorP1: Boundary treatment ...
13:57 DiffusionOperatorP1: Assemble system matrix ...
13:57 L2ProductP1: Integrate the products of the shape functions on each element
13:57 L2ProductP1: Determine global dofs ...
13:57 L2ProductP1: Boundary treatment ...
13:57 L2ProductP1: Assemble system matrix ...
13:57 DiffusionOperatorP1: Calulate gradients of shape functions transformed by reference map ...
13:57 DiffusionOperatorP1: Calculate all local scalar products beween gradients ...
13:57 DiffusionOperatorP1: Determine global dofs ...
13:57 DiffusionOperatorP1: Boundary treatment ...
13:57 DiffusionOperatorP1: Assemble system matrix ...
13:57 L2ProductP1: Integrate the products of the shape functions on each element
13:57 L2ProductP1: Determine global dofs ...
13:57 L2ProductP1: Boundary treatment ...
13:57 L2ProductP1: Assemble system matrix ...
13:57 DiffusionOperatorP1: Calulate gradients of shape functions transformed by reference map ...
13:57 DiffusionOperatorP1: Calculate all local scalar products beween gradients ...
13:57 DiffusionOperatorP1: Determine global dofs ...
13:57 DiffusionOperatorP1: Boundary treatment ...
13:57 DiffusionOperatorP1: Assemble system matrix ...
</system-err></testcase><testcase classname="src.pymortests.algorithms.basic" file="src/pymortests/algorithms/basic.py" line="41" name="test_almost_equal_product[&lt;lambda&gt;24]" time="0.047464847564697266"></testcase><testcase classname="src.pymortests.algorithms.basic" file="src/pymortests/algorithms/basic.py" line="41" name="test_almost_equal_product[&lt;lambda&gt;25]" time="0.04688096046447754"></testcase><testcase classname="src.pymortests.algorithms.basic" file="src/pymortests/algorithms/basic.py" line="41" name="test_almost_equal_product[&lt;lambda&gt;26]" time="0.047280311584472656"></testcase><testcase classname="src.pymortests.algorithms.basic" file="src/pymortests/algorithms/basic.py" line="41" name="test_almost_equal_product[&lt;lambda&gt;27]" time="0.04242897033691406"></testcase><testcase classname="src.pymortests.algorithms.basic" file="src/pymortests/algorithms/basic.py" line="41" name="test_almost_equal_product[&lt;lambda&gt;28]" time="0.04200434684753418"></testcase><testcase classname="src.pymortests.algorithms.basic" file="src/pymortests/algorithms/basic.py" line="41" name="test_almost_equal_product[&lt;lambda&gt;29]" time="0.04274559020996094"></testcase><testcase classname="src.pymortests.algorithms.basic" file="src/pymortests/algorithms/basic.py" line="41" name="test_almost_equal_product[&lt;lambda&gt;30]" time="0.0428166389465332"></testcase><testcase classname="src.pymortests.algorithms.basic" file="src/pymortests/algorithms/basic.py" line="41" name="test_almost_equal_product[&lt;lambda&gt;31]" time="0.04289364814758301"></testcase><testcase classname="src.pymortests.algorithms.basic" file="src/pymortests/algorithms/basic.py" line="41" name="test_almost_equal_product[&lt;lambda&gt;32]" time="0.1414797306060791"></testcase><testcase classname="src.pymortests.algorithms.basic" file="src/pymortests/algorithms/basic.py" line="41" name="test_almost_equal_product[&lt;lambda&gt;33]" time="0.10728073120117188"></testcase><testcase classname="src.pymortests.algorithms.basic" file="src/pymortests/algorithms/basic.py" line="41" name="test_almost_equal_product[&lt;lambda&gt;34]" time="0.0442962646484375"></testcase><testcase classname="src.pymortests.algorithms.basic" file="src/pymortests/algorithms/basic.py" line="41" name="test_almost_equal_product[&lt;lambda&gt;35]" time="0.10674881935119629"></testcase><testcase classname="src.pymortests.algorithms.basic" file="src/pymortests/algorithms/basic.py" line="41" name="test_almost_equal_product[&lt;lambda&gt;36]" time="0.046684980392456055"></testcase><testcase classname="src.pymortests.algorithms.basic" file="src/pymortests/algorithms/basic.py" line="64" name="test_almost_equal_self[0-&lt;lambda&gt;0]" time="0.01660299301147461"></testcase><testcase classname="src.pymortests.algorithms.basic" file="src/pymortests/algorithms/basic.py" line="64" name="test_almost_equal_self[0-&lt;lambda&gt;1]" time="0.017270803451538086"></testcase><testcase classname="src.pymortests.algorithms.basic" file="src/pymortests/algorithms/basic.py" line="64" name="test_almost_equal_self[0-&lt;lambda&gt;2]" time="0.1282203197479248"></testcase><testcase classname="src.pymortests.algorithms.basic" file="src/pymortests/algorithms/basic.py" line="64" name="test_almost_equal_self[0-&lt;lambda&gt;3]" time="0.20557475090026855"></testcase><testcase classname="src.pymortests.algorithms.basic" file="src/pymortests/algorithms/basic.py" line="64" name="test_almost_equal_self[0-&lt;lambda&gt;4]" time="0.03744006156921387"></testcase><testcase classname="src.pymortests.algorithms.basic" file="src/pymortests/algorithms/basic.py" line="64" name="test_almost_equal_self[0-&lt;lambda&gt;5]" time="0.014042139053344727"></testcase><testcase classname="src.pymortests.algorithms.basic" file="src/pymortests/algorithms/basic.py" line="64" name="test_almost_equal_self[0-&lt;lambda&gt;6]" time="0.014198780059814453"></testcase><testcase classname="src.pymortests.algorithms.basic" file="src/pymortests/algorithms/basic.py" line="64" name="test_almost_equal_self[0-&lt;lambda&gt;7]" time="0.2190837860107422"></testcase><testcase classname="src.pymortests.algorithms.basic" file="src/pymortests/algorithms/basic.py" line="64" name="test_almost_equal_self[0-&lt;lambda&gt;8]" time="1.4890978336334229"></testcase><testcase classname="src.pymortests.algorithms.basic" file="src/pymortests/algorithms/basic.py" line="64" name="test_almost_equal_self[0-&lt;lambda&gt;9]" time="0.2530252933502197"></testcase><testcase classname="src.pymortests.algorithms.basic" file="src/pymortests/algorithms/basic.py" line="64" name="test_almost_equal_self[0-&lt;lambda&gt;10]" time="0.031781911849975586"></testcase><testcase classname="src.pymortests.algorithms.basic" file="src/pymortests/algorithms/basic.py" line="64" name="test_almost_equal_self[0-&lt;lambda&gt;11]" time="0.3721153736114502"></testcase><testcase classname="src.pymortests.algorithms.basic" file="src/pymortests/algorithms/basic.py" line="64" name="test_almost_equal_self[0-&lt;lambda&gt;12]" time="0.05422210693359375"></testcase><testcase classname="src.pymortests.algorithms.basic" file="src/pymortests/algorithms/basic.py" line="64" name="test_almost_equal_self[0-&lt;lambda&gt;13]" time="0.20401310920715332"></testcase><testcase classname="src.pymortests.algorithms.basic" file="src/pymortests/algorithms/basic.py" line="64" name="test_almost_equal_self[0-&lt;lambda&gt;14]" time="0.3622143268585205"></testcase><testcase classname="src.pymortests.algorithms.basic" file="src/pymortests/algorithms/basic.py" line="64" name="test_almost_equal_self[0-&lt;lambda&gt;15]" time="0.6051578521728516"></testcase><testcase classname="src.pymortests.algorithms.basic" file="src/pymortests/algorithms/basic.py" line="64" name="test_almost_equal_self[0-&lt;lambda&gt;16]" time="0.6908879280090332"></testcase><testcase classname="src.pymortests.algorithms.basic" file="src/pymortests/algorithms/basic.py" line="64" name="test_almost_equal_self[0-&lt;lambda&gt;17]" time="0.04126739501953125"></testcase><testcase classname="src.pymortests.algorithms.basic" file="src/pymortests/algorithms/basic.py" line="64" name="test_almost_equal_self[0-&lt;lambda&gt;18]" time="0.0410003662109375"></testcase><testcase classname="src.pymortests.algorithms.basic" file="src/pymortests/algorithms/basic.py" line="64" name="test_almost_equal_self[0-&lt;lambda&gt;19]" time="1.3894648551940918"></testcase><testcase classname="src.pymortests.algorithms.basic" file="src/pymortests/algorithms/basic.py" line="64" name="test_almost_equal_self[0-&lt;lambda&gt;20]" time="4.141025543212891"></testcase><testcase classname="src.pymortests.algorithms.basic" file="src/pymortests/algorithms/basic.py" line="64" name="test_almost_equal_self[0-&lt;lambda&gt;21]" time="9.50060772895813"></testcase><testcase classname="src.pymortests.algorithms.basic" file="src/pymortests/algorithms/basic.py" line="64" name="test_almost_equal_self[0-&lt;lambda&gt;22]" time="0.014306783676147461"></testcase><testcase classname="src.pymortests.algorithms.basic" file="src/pymortests/algorithms/basic.py" line="64" name="test_almost_equal_self[0-&lt;lambda&gt;23]" time="0.014325857162475586"></testcase><testcase classname="src.pymortests.algorithms.basic" file="src/pymortests/algorithms/basic.py" line="64" name="test_almost_equal_self[0-&lt;lambda&gt;24]" time="3.533301830291748"></testcase><testcase classname="src.pymortests.algorithms.basic" file="src/pymortests/algorithms/basic.py" line="64" name="test_almost_equal_self[0-&lt;lambda&gt;25]" time="50.262386322021484"></testcase><testcase classname="src.pymortests.algorithms.basic" file="src/pymortests/algorithms/basic.py" line="64" name="test_almost_equal_self[0-&lt;lambda&gt;26]" time="7.172740697860718"></testcase><testcase classname="src.pymortests.algorithms.basic" file="src/pymortests/algorithms/basic.py" line="64" name="test_almost_equal_self[1-&lt;lambda&gt;0]" time="0.016287565231323242"></testcase><testcase classname="src.pymortests.algorithms.basic" file="src/pymortests/algorithms/basic.py" line="64" name="test_almost_equal_self[1-&lt;lambda&gt;1]" time="0.017223119735717773"></testcase><testcase classname="src.pymortests.algorithms.basic" file="src/pymortests/algorithms/basic.py" line="64" name="test_almost_equal_self[1-&lt;lambda&gt;2]" time="0.12828350067138672"></testcase><testcase classname="src.pymortests.algorithms.basic" file="src/pymortests/algorithms/basic.py" line="64" name="test_almost_equal_self[1-&lt;lambda&gt;3]" time="0.2082819938659668"></testcase><testcase classname="src.pymortests.algorithms.basic" file="src/pymortests/algorithms/basic.py" line="64" name="test_almost_equal_self[1-&lt;lambda&gt;4]" time="0.038831233978271484"></testcase><testcase classname="src.pymortests.algorithms.basic" file="src/pymortests/algorithms/basic.py" line="64" name="test_almost_equal_self[1-&lt;lambda&gt;5]" time="0.013483762741088867"></testcase><testcase classname="src.pymortests.algorithms.basic" file="src/pymortests/algorithms/basic.py" line="64" name="test_almost_equal_self[1-&lt;lambda&gt;6]" time="0.013793706893920898"></testcase><testcase classname="src.pymortests.algorithms.basic" file="src/pymortests/algorithms/basic.py" line="64" name="test_almost_equal_self[1-&lt;lambda&gt;7]" time="0.21732425689697266"></testcase><testcase classname="src.pymortests.algorithms.basic" file="src/pymortests/algorithms/basic.py" line="64" name="test_almost_equal_self[1-&lt;lambda&gt;8]" time="1.4769744873046875"></testcase><testcase classname="src.pymortests.algorithms.basic" file="src/pymortests/algorithms/basic.py" line="64" name="test_almost_equal_self[1-&lt;lambda&gt;9]" time="0.2572438716888428"></testcase><testcase classname="src.pymortests.algorithms.basic" file="src/pymortests/algorithms/basic.py" line="64" name="test_almost_equal_self[1-&lt;lambda&gt;10]" time="0.03219890594482422"></testcase><testcase classname="src.pymortests.algorithms.basic" file="src/pymortests/algorithms/basic.py" line="64" name="test_almost_equal_self[1-&lt;lambda&gt;11]" time="0.3806436061859131"></testcase><testcase classname="src.pymortests.algorithms.basic" file="src/pymortests/algorithms/basic.py" line="64" name="test_almost_equal_self[1-&lt;lambda&gt;12]" time="0.0560760498046875"></testcase><testcase classname="src.pymortests.algorithms.basic" file="src/pymortests/algorithms/basic.py" line="64" name="test_almost_equal_self[1-&lt;lambda&gt;13]" time="0.2058703899383545"></testcase><testcase classname="src.pymortests.algorithms.basic" file="src/pymortests/algorithms/basic.py" line="64" name="test_almost_equal_self[1-&lt;lambda&gt;14]" time="0.3605210781097412"></testcase><testcase classname="src.pymortests.algorithms.basic" file="src/pymortests/algorithms/basic.py" line="64" name="test_almost_equal_self[1-&lt;lambda&gt;15]" time="0.6161749362945557"></testcase><testcase classname="src.pymortests.algorithms.basic" file="src/pymortests/algorithms/basic.py" line="64" name="test_almost_equal_self[1-&lt;lambda&gt;16]" time="0.6978216171264648"></testcase><testcase classname="src.pymortests.algorithms.basic" file="src/pymortests/algorithms/basic.py" line="64" name="test_almost_equal_self[1-&lt;lambda&gt;17]" time="0.04182600975036621"></testcase><testcase classname="src.pymortests.algorithms.basic" file="src/pymortests/algorithms/basic.py" line="64" name="test_almost_equal_self[1-&lt;lambda&gt;18]" time="0.04169893264770508"></testcase><testcase classname="src.pymortests.algorithms.basic" file="src/pymortests/algorithms/basic.py" line="64" name="test_almost_equal_self[1-&lt;lambda&gt;19]" time="1.4188599586486816"></testcase><testcase classname="src.pymortests.algorithms.basic" file="src/pymortests/algorithms/basic.py" line="64" name="test_almost_equal_self[1-&lt;lambda&gt;20]" time="4.213496446609497"></testcase><testcase classname="src.pymortests.algorithms.basic" file="src/pymortests/algorithms/basic.py" line="64" name="test_almost_equal_self[1-&lt;lambda&gt;21]" time="9.60093069076538"></testcase><testcase classname="src.pymortests.algorithms.basic" file="src/pymortests/algorithms/basic.py" line="64" name="test_almost_equal_self[1-&lt;lambda&gt;22]" time="0.015524148941040039"></testcase><testcase classname="src.pymortests.algorithms.basic" file="src/pymortests/algorithms/basic.py" line="64" name="test_almost_equal_self[1-&lt;lambda&gt;23]" time="0.015835285186767578"></testcase><testcase classname="src.pymortests.algorithms.basic" file="src/pymortests/algorithms/basic.py" line="64" name="test_almost_equal_self[1-&lt;lambda&gt;24]" time="3.5787925720214844"></testcase><testcase classname="src.pymortests.algorithms.basic" file="src/pymortests/algorithms/basic.py" line="64" name="test_almost_equal_self[1-&lt;lambda&gt;25]" time="50.88129925727844"></testcase><testcase classname="src.pymortests.algorithms.basic" file="src/pymortests/algorithms/basic.py" line="64" name="test_almost_equal_self[1-&lt;lambda&gt;26]" time="7.147332429885864"></testcase><testcase classname="src.pymortests.algorithms.basic" file="src/pymortests/algorithms/basic.py" line="64" name="test_almost_equal_self[2-&lt;lambda&gt;0]" time="0.016404151916503906"></testcase><testcase classname="src.pymortests.algorithms.basic" file="src/pymortests/algorithms/basic.py" line="64" name="test_almost_equal_self[2-&lt;lambda&gt;1]" time="0.018499135971069336"></testcase><testcase classname="src.pymortests.algorithms.basic" file="src/pymortests/algorithms/basic.py" line="64" name="test_almost_equal_self[2-&lt;lambda&gt;2]" time="0.12980937957763672"></testcase><testcase classname="src.pymortests.algorithms.basic" file="src/pymortests/algorithms/basic.py" line="64" name="test_almost_equal_self[2-&lt;lambda&gt;3]" time="0.20327281951904297"></testcase><testcase classname="src.pymortests.algorithms.basic" file="src/pymortests/algorithms/basic.py" line="64" name="test_almost_equal_self[2-&lt;lambda&gt;4]" time="0.0374605655670166"></testcase><testcase classname="src.pymortests.algorithms.basic" file="src/pymortests/algorithms/basic.py" line="64" name="test_almost_equal_self[2-&lt;lambda&gt;5]" time="0.014557838439941406"></testcase><testcase classname="src.pymortests.algorithms.basic" file="src/pymortests/algorithms/basic.py" line="64" name="test_almost_equal_self[2-&lt;lambda&gt;6]" time="0.014413118362426758"></testcase><testcase classname="src.pymortests.algorithms.basic" file="src/pymortests/algorithms/basic.py" line="64" name="test_almost_equal_self[2-&lt;lambda&gt;7]" time="0.2172248363494873"></testcase><testcase classname="src.pymortests.algorithms.basic" file="src/pymortests/algorithms/basic.py" line="64" name="test_almost_equal_self[2-&lt;lambda&gt;8]" time="1.4716675281524658"></testcase><testcase classname="src.pymortests.algorithms.basic" file="src/pymortests/algorithms/basic.py" line="64" name="test_almost_equal_self[2-&lt;lambda&gt;9]" time="0.24938678741455078"></testcase><testcase classname="src.pymortests.algorithms.basic" file="src/pymortests/algorithms/basic.py" line="64" name="test_almost_equal_self[2-&lt;lambda&gt;10]" time="0.03223824501037598"></testcase><testcase classname="src.pymortests.algorithms.basic" file="src/pymortests/algorithms/basic.py" line="64" name="test_almost_equal_self[2-&lt;lambda&gt;11]" time="0.378495454788208"></testcase><testcase classname="src.pymortests.algorithms.basic" file="src/pymortests/algorithms/basic.py" line="64" name="test_almost_equal_self[2-&lt;lambda&gt;12]" time="0.054587602615356445"></testcase><testcase classname="src.pymortests.algorithms.basic" file="src/pymortests/algorithms/basic.py" line="64" name="test_almost_equal_self[2-&lt;lambda&gt;13]" time="0.2017819881439209"></testcase><testcase classname="src.pymortests.algorithms.basic" file="src/pymortests/algorithms/basic.py" line="64" name="test_almost_equal_self[2-&lt;lambda&gt;14]" time="0.36112022399902344"></testcase><testcase classname="src.pymortests.algorithms.basic" file="src/pymortests/algorithms/basic.py" line="64" name="test_almost_equal_self[2-&lt;lambda&gt;15]" time="0.607903003692627"></testcase><testcase classname="src.pymortests.algorithms.basic" file="src/pymortests/algorithms/basic.py" line="64" name="test_almost_equal_self[2-&lt;lambda&gt;16]" time="0.6931452751159668"></testcase><testcase classname="src.pymortests.algorithms.basic" file="src/pymortests/algorithms/basic.py" line="64" name="test_almost_equal_self[2-&lt;lambda&gt;17]" time="0.04112434387207031"></testcase><testcase classname="src.pymortests.algorithms.basic" file="src/pymortests/algorithms/basic.py" line="64" name="test_almost_equal_self[2-&lt;lambda&gt;18]" time="0.041326284408569336"></testcase><testcase classname="src.pymortests.algorithms.basic" file="src/pymortests/algorithms/basic.py" line="64" name="test_almost_equal_self[2-&lt;lambda&gt;19]" time="1.3831782341003418"></testcase><testcase classname="src.pymortests.algorithms.basic" file="src/pymortests/algorithms/basic.py" line="64" name="test_almost_equal_self[2-&lt;lambda&gt;20]" time="4.201405763626099"></testcase><testcase classname="src.pymortests.algorithms.basic" file="src/pymortests/algorithms/basic.py" line="64" name="test_almost_equal_self[2-&lt;lambda&gt;21]" time="9.726807355880737"></testcase><testcase classname="src.pymortests.algorithms.basic" file="src/pymortests/algorithms/basic.py" line="64" name="test_almost_equal_self[2-&lt;lambda&gt;22]" time="0.015330076217651367"></testcase><testcase classname="src.pymortests.algorithms.basic" file="src/pymortests/algorithms/basic.py" line="64" name="test_almost_equal_self[2-&lt;lambda&gt;23]" time="0.015781402587890625"></testcase><testcase classname="src.pymortests.algorithms.basic" file="src/pymortests/algorithms/basic.py" line="64" name="test_almost_equal_self[2-&lt;lambda&gt;24]" time="3.5263478755950928"></testcase><testcase classname="src.pymortests.algorithms.basic" file="src/pymortests/algorithms/basic.py" line="64" name="test_almost_equal_self[2-&lt;lambda&gt;25]" time="49.63997411727905"></testcase><testcase classname="src.pymortests.algorithms.basic" file="src/pymortests/algorithms/basic.py" line="64" name="test_almost_equal_self[2-&lt;lambda&gt;26]" time="7.142477512359619"></testcase><testcase classname="src.pymortests.algorithms.basic" file="src/pymortests/algorithms/basic.py" line="104" name="test_almost_equal_self_product[&lt;lambda&gt;0]" time="0.2636287212371826"><system-err>18:01 DiffusionOperatorP1: Calulate gradients of shape functions transformed by reference map ...
18:01 DiffusionOperatorP1: Calculate all local scalar products beween gradients ...
18:01 DiffusionOperatorP1: Determine global dofs ...
18:01 DiffusionOperatorP1: Boundary treatment ...
18:01 DiffusionOperatorP1: Assemble system matrix ...
18:01 DiffusionOperatorP1: Calulate gradients of shape functions transformed by reference map ...
18:01 DiffusionOperatorP1: Calculate all local scalar products beween gradients ...
18:01 DiffusionOperatorP1: Determine global dofs ...
18:01 DiffusionOperatorP1: Boundary treatment ...
18:01 DiffusionOperatorP1: Assemble system matrix ...
18:01 DiffusionOperatorP1: Calulate gradients of shape functions transformed by reference map ...
18:01 DiffusionOperatorP1: Calculate all local scalar products beween gradients ...
18:01 DiffusionOperatorP1: Determine global dofs ...
18:01 DiffusionOperatorP1: Boundary treatment ...
18:01 DiffusionOperatorP1: Assemble system matrix ...
18:01 DiffusionOperatorP1: Calulate gradients of shape functions transformed by reference map ...
18:01 DiffusionOperatorP1: Calculate all local scalar products beween gradients ...
18:01 DiffusionOperatorP1: Determine global dofs ...
18:01 DiffusionOperatorP1: Boundary treatment ...
18:01 DiffusionOperatorP1: Assemble system matrix ...
18:01 DiffusionOperatorP1: Calulate gradients of shape functions transformed by reference map ...
18:01 DiffusionOperatorP1: Calculate all local scalar products beween gradients ...
18:01 DiffusionOperatorP1: Determine global dofs ...
18:01 DiffusionOperatorP1: Boundary treatment ...
18:01 DiffusionOperatorP1: Assemble system matrix ...
18:01 L2ProductP1: Integrate the products of the shape functions on each element
18:01 L2ProductP1: Determine global dofs ...
18:01 L2ProductP1: Boundary treatment ...
18:01 L2ProductP1: Assemble system matrix ...
18:01 DiffusionOperatorP1: Calulate gradients of shape functions transformed by reference map ...
18:01 DiffusionOperatorP1: Calculate all local scalar products beween gradients ...
18:01 DiffusionOperatorP1: Determine global dofs ...
18:01 DiffusionOperatorP1: Boundary treatment ...
18:01 DiffusionOperatorP1: Assemble system matrix ...
18:01 L2ProductP1: Integrate the products of the shape functions on each element
18:01 L2ProductP1: Determine global dofs ...
18:01 L2ProductP1: Boundary treatment ...
18:01 L2ProductP1: Assemble system matrix ...
18:01 DiffusionOperatorP1: Calulate gradients of shape functions transformed by reference map ...
18:01 DiffusionOperatorP1: Calculate all local scalar products beween gradients ...
18:01 DiffusionOperatorP1: Determine global dofs ...
18:01 DiffusionOperatorP1: Boundary treatment ...
18:01 DiffusionOperatorP1: Assemble system matrix ...
</system-err></testcase><testcase classname="src.pymortests.algorithms.basic" file="src/pymortests/algorithms/basic.py" line="104" name="test_almost_equal_self_product[&lt;lambda&gt;1]" time="0.2605290412902832"><system-err>18:01 DiffusionOperatorP1: Calulate gradients of shape functions transformed by reference map ...
18:01 DiffusionOperatorP1: Calculate all local scalar products beween gradients ...
18:01 DiffusionOperatorP1: Determine global dofs ...
18:01 DiffusionOperatorP1: Boundary treatment ...
18:01 DiffusionOperatorP1: Assemble system matrix ...
18:01 DiffusionOperatorP1: Calulate gradients of shape functions transformed by reference map ...
18:01 DiffusionOperatorP1: Calculate all local scalar products beween gradients ...
18:01 DiffusionOperatorP1: Determine global dofs ...
18:01 DiffusionOperatorP1: Boundary treatment ...
18:01 DiffusionOperatorP1: Assemble system matrix ...
18:01 L2ProductP1: Integrate the products of the shape functions on each element
18:01 L2ProductP1: Determine global dofs ...
18:01 L2ProductP1: Boundary treatment ...
18:01 L2ProductP1: Assemble system matrix ...
18:01 DiffusionOperatorP1: Calulate gradients of shape functions transformed by reference map ...
18:01 DiffusionOperatorP1: Calculate all local scalar products beween gradients ...
18:01 DiffusionOperatorP1: Determine global dofs ...
18:01 DiffusionOperatorP1: Boundary treatment ...
18:01 DiffusionOperatorP1: Assemble system matrix ...
18:01 L2ProductP1: Integrate the products of the shape functions on each element
18:01 L2ProductP1: Determine global dofs ...
18:01 L2ProductP1: Boundary treatment ...
18:01 L2ProductP1: Assemble system matrix ...
18:01 DiffusionOperatorP1: Calulate gradients of shape functions transformed by reference map ...
18:01 DiffusionOperatorP1: Calculate all local scalar products beween gradients ...
18:01 DiffusionOperatorP1: Determine global dofs ...
18:01 DiffusionOperatorP1: Boundary treatment ...
18:01 DiffusionOperatorP1: Assemble system matrix ...
</system-err></testcase><testcase classname="src.pymortests.algorithms.basic" file="src/pymortests/algorithms/basic.py" line="104" name="test_almost_equal_self_product[&lt;lambda&gt;2]" time="0.2595860958099365"><system-err>18:01 DiffusionOperatorP1: Calulate gradients of shape functions transformed by reference map ...
18:01 DiffusionOperatorP1: Calculate all local scalar products beween gradients ...
18:01 DiffusionOperatorP1: Determine global dofs ...
18:01 DiffusionOperatorP1: Boundary treatment ...
18:01 DiffusionOperatorP1: Assemble system matrix ...
18:01 DiffusionOperatorP1: Calulate gradients of shape functions transformed by reference map ...
18:01 DiffusionOperatorP1: Calculate all local scalar products beween gradients ...
18:01 DiffusionOperatorP1: Determine global dofs ...
18:01 DiffusionOperatorP1: Boundary treatment ...
18:01 DiffusionOperatorP1: Assemble system matrix ...
18:01 DiffusionOperatorP1: Calulate gradients of shape functions transformed by reference map ...
18:01 DiffusionOperatorP1: Calculate all local scalar products beween gradients ...
18:01 DiffusionOperatorP1: Determine global dofs ...
18:01 DiffusionOperatorP1: Boundary treatment ...
18:01 DiffusionOperatorP1: Assemble system matrix ...
18:01 DiffusionOperatorP1: Calulate gradients of shape functions transformed by reference map ...
18:01 DiffusionOperatorP1: Calculate all local scalar products beween gradients ...
18:01 DiffusionOperatorP1: Determine global dofs ...
18:01 DiffusionOperatorP1: Boundary treatment ...
18:01 DiffusionOperatorP1: Assemble system matrix ...
18:01 DiffusionOperatorP1: Calulate gradients of shape functions transformed by reference map ...
18:01 DiffusionOperatorP1: Calculate all local scalar products beween gradients ...
18:01 DiffusionOperatorP1: Determine global dofs ...
18:01 DiffusionOperatorP1: Boundary treatment ...
18:01 DiffusionOperatorP1: Assemble system matrix ...
18:01 L2ProductP1: Integrate the products of the shape functions on each element
18:01 L2ProductP1: Determine global dofs ...
18:01 L2ProductP1: Boundary treatment ...
18:01 L2ProductP1: Assemble system matrix ...
18:01 DiffusionOperatorP1: Calulate gradients of shape functions transformed by reference map ...
18:01 DiffusionOperatorP1: Calculate all local scalar products beween gradients ...
18:01 DiffusionOperatorP1: Determine global dofs ...
18:01 DiffusionOperatorP1: Boundary treatment ...
18:01 DiffusionOperatorP1: Assemble system matrix ...
18:01 L2ProductP1: Integrate the products of the shape functions on each element
18:01 L2ProductP1: Determine global dofs ...
18:01 L2ProductP1: Boundary treatment ...
18:01 L2ProductP1: Assemble system matrix ...
18:01 DiffusionOperatorP1: Calulate gradients of shape functions transformed by reference map ...
18:01 DiffusionOperatorP1: Calculate all local scalar products beween gradients ...
18:01 DiffusionOperatorP1: Determine global dofs ...
18:01 DiffusionOperatorP1: Boundary treatment ...
18:01 DiffusionOperatorP1: Assemble system matrix ...
</system-err></testcase><testcase classname="src.pymortests.algorithms.basic" file="src/pymortests/algorithms/basic.py" line="104" name="test_almost_equal_self_product[&lt;lambda&gt;3]" time="0.2641408443450928"><system-err>18:01 DiffusionOperatorP1: Calulate gradients of shape functions transformed by reference map ...
18:01 DiffusionOperatorP1: Calculate all local scalar products beween gradients ...
18:01 DiffusionOperatorP1: Determine global dofs ...
18:01 DiffusionOperatorP1: Boundary treatment ...
18:01 DiffusionOperatorP1: Assemble system matrix ...
18:01 DiffusionOperatorP1: Calulate gradients of shape functions transformed by reference map ...
18:01 DiffusionOperatorP1: Calculate all local scalar products beween gradients ...
18:01 DiffusionOperatorP1: Determine global dofs ...
18:01 DiffusionOperatorP1: Boundary treatment ...
18:01 DiffusionOperatorP1: Assemble system matrix ...
18:01 L2ProductP1: Integrate the products of the shape functions on each element
18:01 L2ProductP1: Determine global dofs ...
18:01 L2ProductP1: Boundary treatment ...
18:01 L2ProductP1: Assemble system matrix ...
18:01 DiffusionOperatorP1: Calulate gradients of shape functions transformed by reference map ...
18:01 DiffusionOperatorP1: Calculate all local scalar products beween gradients ...
18:01 DiffusionOperatorP1: Determine global dofs ...
18:01 DiffusionOperatorP1: Boundary treatment ...
18:01 DiffusionOperatorP1: Assemble system matrix ...
18:01 L2ProductP1: Integrate the products of the shape functions on each element
18:01 L2ProductP1: Determine global dofs ...
18:01 L2ProductP1: Boundary treatment ...
18:02 L2ProductP1: Assemble system matrix ...
18:02 DiffusionOperatorP1: Calulate gradients of shape functions transformed by reference map ...
18:02 DiffusionOperatorP1: Calculate all local scalar products beween gradients ...
18:02 DiffusionOperatorP1: Determine global dofs ...
18:02 DiffusionOperatorP1: Boundary treatment ...
18:02 DiffusionOperatorP1: Assemble system matrix ...
</system-err></testcase><testcase classname="src.pymortests.algorithms.basic" file="src/pymortests/algorithms/basic.py" line="104" name="test_almost_equal_self_product[&lt;lambda&gt;4]" time="0.26451611518859863"><system-err>18:02 DiffusionOperatorP1: Calulate gradients of shape functions transformed by reference map ...
18:02 DiffusionOperatorP1: Calculate all local scalar products beween gradients ...
18:02 DiffusionOperatorP1: Determine global dofs ...
18:02 DiffusionOperatorP1: Boundary treatment ...
18:02 DiffusionOperatorP1: Assemble system matrix ...
18:02 DiffusionOperatorP1: Calulate gradients of shape functions transformed by reference map ...
18:02 DiffusionOperatorP1: Calculate all local scalar products beween gradients ...
18:02 DiffusionOperatorP1: Determine global dofs ...
18:02 DiffusionOperatorP1: Boundary treatment ...
18:02 DiffusionOperatorP1: Assemble system matrix ...
18:02 DiffusionOperatorP1: Calulate gradients of shape functions transformed by reference map ...
18:02 DiffusionOperatorP1: Calculate all local scalar products beween gradients ...
18:02 DiffusionOperatorP1: Determine global dofs ...
18:02 DiffusionOperatorP1: Boundary treatment ...
18:02 DiffusionOperatorP1: Assemble system matrix ...
18:02 DiffusionOperatorP1: Calulate gradients of shape functions transformed by reference map ...
18:02 DiffusionOperatorP1: Calculate all local scalar products beween gradients ...
18:02 DiffusionOperatorP1: Determine global dofs ...
18:02 DiffusionOperatorP1: Boundary treatment ...
18:02 DiffusionOperatorP1: Assemble system matrix ...
18:02 DiffusionOperatorP1: Calulate gradients of shape functions transformed by reference map ...
18:02 DiffusionOperatorP1: Calculate all local scalar products beween gradients ...
18:02 DiffusionOperatorP1: Determine global dofs ...
18:02 DiffusionOperatorP1: Boundary treatment ...
18:02 DiffusionOperatorP1: Assemble system matrix ...
18:02 L2ProductP1: Integrate the products of the shape functions on each element
18:02 L2ProductP1: Determine global dofs ...
18:02 L2ProductP1: Boundary treatment ...
18:02 L2ProductP1: Assemble system matrix ...
18:02 DiffusionOperatorP1: Calulate gradients of shape functions transformed by reference map ...
18:02 DiffusionOperatorP1: Calculate all local scalar products beween gradients ...
18:02 DiffusionOperatorP1: Determine global dofs ...
18:02 DiffusionOperatorP1: Boundary treatment ...
18:02 DiffusionOperatorP1: Assemble system matrix ...
18:02 L2ProductP1: Integrate the products of the shape functions on each element
18:02 L2ProductP1: Determine global dofs ...
18:02 L2ProductP1: Boundary treatment ...
18:02 L2ProductP1: Assemble system matrix ...
18:02 DiffusionOperatorP1: Calulate gradients of shape functions transformed by reference map ...
18:02 DiffusionOperatorP1: Calculate all local scalar products beween gradients ...
18:02 DiffusionOperatorP1: Determine global dofs ...
18:02 DiffusionOperatorP1: Boundary treatment ...
18:02 DiffusionOperatorP1: Assemble system matrix ...
</system-err></testcase><testcase classname="src.pymortests.algorithms.basic" file="src/pymortests/algorithms/basic.py" line="104" name="test_almost_equal_self_product[&lt;lambda&gt;5]" time="0.2664937973022461"><system-err>18:02 DiffusionOperatorP1: Calulate gradients of shape functions transformed by reference map ...
18:02 DiffusionOperatorP1: Calculate all local scalar products beween gradients ...
18:02 DiffusionOperatorP1: Determine global dofs ...
18:02 DiffusionOperatorP1: Boundary treatment ...
18:02 DiffusionOperatorP1: Assemble system matrix ...
18:02 DiffusionOperatorP1: Calulate gradients of shape functions transformed by reference map ...
18:02 DiffusionOperatorP1: Calculate all local scalar products beween gradients ...
18:02 DiffusionOperatorP1: Determine global dofs ...
18:02 DiffusionOperatorP1: Boundary treatment ...
18:02 DiffusionOperatorP1: Assemble system matrix ...
18:02 L2ProductP1: Integrate the products of the shape functions on each element
18:02 L2ProductP1: Determine global dofs ...
18:02 L2ProductP1: Boundary treatment ...
18:02 L2ProductP1: Assemble system matrix ...
18:02 DiffusionOperatorP1: Calulate gradients of shape functions transformed by reference map ...
18:02 DiffusionOperatorP1: Calculate all local scalar products beween gradients ...
18:02 DiffusionOperatorP1: Determine global dofs ...
18:02 DiffusionOperatorP1: Boundary treatment ...
18:02 DiffusionOperatorP1: Assemble system matrix ...
18:02 L2ProductP1: Integrate the products of the shape functions on each element
18:02 L2ProductP1: Determine global dofs ...
18:02 L2ProductP1: Boundary treatment ...
18:02 L2ProductP1: Assemble system matrix ...
18:02 DiffusionOperatorP1: Calulate gradients of shape functions transformed by reference map ...
18:02 DiffusionOperatorP1: Calculate all local scalar products beween gradients ...
18:02 DiffusionOperatorP1: Determine global dofs ...
18:02 DiffusionOperatorP1: Boundary treatment ...
18:02 DiffusionOperatorP1: Assemble system matrix ...
</system-err></testcase><testcase classname="src.pymortests.algorithms.basic" file="src/pymortests/algorithms/basic.py" line="104" name="test_almost_equal_self_product[&lt;lambda&gt;6]" time="0.2602653503417969"><system-err>18:02 DiffusionOperatorP1: Calulate gradients of shape functions transformed by reference map ...
18:02 DiffusionOperatorP1: Calculate all local scalar products beween gradients ...
18:02 DiffusionOperatorP1: Determine global dofs ...
18:02 DiffusionOperatorP1: Boundary treatment ...
18:02 DiffusionOperatorP1: Assemble system matrix ...
18:02 DiffusionOperatorP1: Calulate gradients of shape functions transformed by reference map ...
18:02 DiffusionOperatorP1: Calculate all local scalar products beween gradients ...
18:02 DiffusionOperatorP1: Determine global dofs ...
18:02 DiffusionOperatorP1: Boundary treatment ...
18:02 DiffusionOperatorP1: Assemble system matrix ...
18:02 DiffusionOperatorP1: Calulate gradients of shape functions transformed by reference map ...
18:02 DiffusionOperatorP1: Calculate all local scalar products beween gradients ...
18:02 DiffusionOperatorP1: Determine global dofs ...
18:02 DiffusionOperatorP1: Boundary treatment ...
18:02 DiffusionOperatorP1: Assemble system matrix ...
18:02 DiffusionOperatorP1: Calulate gradients of shape functions transformed by reference map ...
18:02 DiffusionOperatorP1: Calculate all local scalar products beween gradients ...
18:02 DiffusionOperatorP1: Determine global dofs ...
18:02 DiffusionOperatorP1: Boundary treatment ...
18:02 DiffusionOperatorP1: Assemble system matrix ...
18:02 DiffusionOperatorP1: Calulate gradients of shape functions transformed by reference map ...
18:02 DiffusionOperatorP1: Calculate all local scalar products beween gradients ...
18:02 DiffusionOperatorP1: Determine global dofs ...
18:02 DiffusionOperatorP1: Boundary treatment ...
18:02 DiffusionOperatorP1: Assemble system matrix ...
18:02 L2ProductP1: Integrate the products of the shape functions on each element
18:02 L2ProductP1: Determine global dofs ...
18:02 L2ProductP1: Boundary treatment ...
18:02 L2ProductP1: Assemble system matrix ...
18:02 DiffusionOperatorP1: Calulate gradients of shape functions transformed by reference map ...
18:02 DiffusionOperatorP1: Calculate all local scalar products beween gradients ...
18:02 DiffusionOperatorP1: Determine global dofs ...
18:02 DiffusionOperatorP1: Boundary treatment ...
18:02 DiffusionOperatorP1: Assemble system matrix ...
18:02 L2ProductP1: Integrate the products of the shape functions on each element
18:02 L2ProductP1: Determine global dofs ...
18:02 L2ProductP1: Boundary treatment ...
18:02 L2ProductP1: Assemble system matrix ...
18:02 DiffusionOperatorP1: Calulate gradients of shape functions transformed by reference map ...
18:02 DiffusionOperatorP1: Calculate all local scalar products beween gradients ...
18:02 DiffusionOperatorP1: Determine global dofs ...
18:02 DiffusionOperatorP1: Boundary treatment ...
18:02 DiffusionOperatorP1: Assemble system matrix ...
</system-err></testcase><testcase classname="src.pymortests.algorithms.basic" file="src/pymortests/algorithms/basic.py" line="104" name="test_almost_equal_self_product[&lt;lambda&gt;7]" time="0.26706933975219727"><system-err>18:03 DiffusionOperatorP1: Calulate gradients of shape functions transformed by reference map ...
18:03 DiffusionOperatorP1: Calculate all local scalar products beween gradients ...
18:03 DiffusionOperatorP1: Determine global dofs ...
18:03 DiffusionOperatorP1: Boundary treatment ...
18:03 DiffusionOperatorP1: Assemble system matrix ...
18:03 DiffusionOperatorP1: Calulate gradients of shape functions transformed by reference map ...
18:03 DiffusionOperatorP1: Calculate all local scalar products beween gradients ...
18:03 DiffusionOperatorP1: Determine global dofs ...
18:03 DiffusionOperatorP1: Boundary treatment ...
18:03 DiffusionOperatorP1: Assemble system matrix ...
18:03 L2ProductP1: Integrate the products of the shape functions on each element
18:03 L2ProductP1: Determine global dofs ...
18:03 L2ProductP1: Boundary treatment ...
18:03 L2ProductP1: Assemble system matrix ...
18:03 DiffusionOperatorP1: Calulate gradients of shape functions transformed by reference map ...
18:03 DiffusionOperatorP1: Calculate all local scalar products beween gradients ...
18:03 DiffusionOperatorP1: Determine global dofs ...
18:03 DiffusionOperatorP1: Boundary treatment ...
18:03 DiffusionOperatorP1: Assemble system matrix ...
18:03 L2ProductP1: Integrate the products of the shape functions on each element
18:03 L2ProductP1: Determine global dofs ...
18:03 L2ProductP1: Boundary treatment ...
18:03 L2ProductP1: Assemble system matrix ...
18:03 DiffusionOperatorP1: Calulate gradients of shape functions transformed by reference map ...
18:03 DiffusionOperatorP1: Calculate all local scalar products beween gradients ...
18:03 DiffusionOperatorP1: Determine global dofs ...
18:03 DiffusionOperatorP1: Boundary treatment ...
18:03 DiffusionOperatorP1: Assemble system matrix ...
</system-err></testcase><testcase classname="src.pymortests.algorithms.basic" file="src/pymortests/algorithms/basic.py" line="104" name="test_almost_equal_self_product[&lt;lambda&gt;8]" time="0.266693115234375"><system-err>18:03 DiffusionOperatorP1: Calulate gradients of shape functions transformed by reference map ...
18:03 DiffusionOperatorP1: Calculate all local scalar products beween gradients ...
18:03 DiffusionOperatorP1: Determine global dofs ...
18:03 DiffusionOperatorP1: Boundary treatment ...
18:03 DiffusionOperatorP1: Assemble system matrix ...
18:03 DiffusionOperatorP1: Calulate gradients of shape functions transformed by reference map ...
18:03 DiffusionOperatorP1: Calculate all local scalar products beween gradients ...
18:03 DiffusionOperatorP1: Determine global dofs ...
18:03 DiffusionOperatorP1: Boundary treatment ...
18:03 DiffusionOperatorP1: Assemble system matrix ...
18:03 DiffusionOperatorP1: Calulate gradients of shape functions transformed by reference map ...
18:03 DiffusionOperatorP1: Calculate all local scalar products beween gradients ...
18:03 DiffusionOperatorP1: Determine global dofs ...
18:03 DiffusionOperatorP1: Boundary treatment ...
18:03 DiffusionOperatorP1: Assemble system matrix ...
18:03 DiffusionOperatorP1: Calulate gradients of shape functions transformed by reference map ...
18:03 DiffusionOperatorP1: Calculate all local scalar products beween gradients ...
18:03 DiffusionOperatorP1: Determine global dofs ...
18:03 DiffusionOperatorP1: Boundary treatment ...
18:03 DiffusionOperatorP1: Assemble system matrix ...
18:03 DiffusionOperatorP1: Calulate gradients of shape functions transformed by reference map ...
18:03 DiffusionOperatorP1: Calculate all local scalar products beween gradients ...
18:03 DiffusionOperatorP1: Determine global dofs ...
18:03 DiffusionOperatorP1: Boundary treatment ...
18:03 DiffusionOperatorP1: Assemble system matrix ...
18:03 L2ProductP1: Integrate the products of the shape functions on each element
18:03 L2ProductP1: Determine global dofs ...
18:03 L2ProductP1: Boundary treatment ...
18:03 L2ProductP1: Assemble system matrix ...
18:03 DiffusionOperatorP1: Calulate gradients of shape functions transformed by reference map ...
18:03 DiffusionOperatorP1: Calculate all local scalar products beween gradients ...
18:03 DiffusionOperatorP1: Determine global dofs ...
18:03 DiffusionOperatorP1: Boundary treatment ...
18:03 DiffusionOperatorP1: Assemble system matrix ...
18:03 L2ProductP1: Integrate the products of the shape functions on each element
18:03 L2ProductP1: Determine global dofs ...
18:03 L2ProductP1: Boundary treatment ...
18:03 L2ProductP1: Assemble system matrix ...
18:03 DiffusionOperatorP1: Calulate gradients of shape functions transformed by reference map ...
18:03 DiffusionOperatorP1: Calculate all local scalar products beween gradients ...
18:03 DiffusionOperatorP1: Determine global dofs ...
18:03 DiffusionOperatorP1: Boundary treatment ...
18:03 DiffusionOperatorP1: Assemble system matrix ...
</system-err></testcase><testcase classname="src.pymortests.algorithms.basic" file="src/pymortests/algorithms/basic.py" line="104" name="test_almost_equal_self_product[&lt;lambda&gt;9]" time="0.26796698570251465"><system-err>18:03 DiffusionOperatorP1: Calulate gradients of shape functions transformed by reference map ...
18:03 DiffusionOperatorP1: Calculate all local scalar products beween gradients ...
18:03 DiffusionOperatorP1: Determine global dofs ...
18:03 DiffusionOperatorP1: Boundary treatment ...
18:03 DiffusionOperatorP1: Assemble system matrix ...
18:03 DiffusionOperatorP1: Calulate gradients of shape functions transformed by reference map ...
18:03 DiffusionOperatorP1: Calculate all local scalar products beween gradients ...
18:03 DiffusionOperatorP1: Determine global dofs ...
18:03 DiffusionOperatorP1: Boundary treatment ...
18:03 DiffusionOperatorP1: Assemble system matrix ...
18:03 L2ProductP1: Integrate the products of the shape functions on each element
18:03 L2ProductP1: Determine global dofs ...
18:03 L2ProductP1: Boundary treatment ...
18:03 L2ProductP1: Assemble system matrix ...
18:03 DiffusionOperatorP1: Calulate gradients of shape functions transformed by reference map ...
18:03 DiffusionOperatorP1: Calculate all local scalar products beween gradients ...
18:03 DiffusionOperatorP1: Determine global dofs ...
18:03 DiffusionOperatorP1: Boundary treatment ...
18:03 DiffusionOperatorP1: Assemble system matrix ...
18:03 L2ProductP1: Integrate the products of the shape functions on each element
18:03 L2ProductP1: Determine global dofs ...
18:03 L2ProductP1: Boundary treatment ...
18:03 L2ProductP1: Assemble system matrix ...
18:03 DiffusionOperatorP1: Calulate gradients of shape functions transformed by reference map ...
18:03 DiffusionOperatorP1: Calculate all local scalar products beween gradients ...
18:03 DiffusionOperatorP1: Determine global dofs ...
18:03 DiffusionOperatorP1: Boundary treatment ...
18:03 DiffusionOperatorP1: Assemble system matrix ...
</system-err></testcase><testcase classname="src.pymortests.algorithms.basic" file="src/pymortests/algorithms/basic.py" line="104" name="test_almost_equal_self_product[&lt;lambda&gt;10]" time="0.265059232711792"><system-err>18:03 DiffusionOperatorP1: Calulate gradients of shape functions transformed by reference map ...
18:03 DiffusionOperatorP1: Calculate all local scalar products beween gradients ...
18:03 DiffusionOperatorP1: Determine global dofs ...
18:03 DiffusionOperatorP1: Boundary treatment ...
18:03 DiffusionOperatorP1: Assemble system matrix ...
18:03 DiffusionOperatorP1: Calulate gradients of shape functions transformed by reference map ...
18:03 DiffusionOperatorP1: Calculate all local scalar products beween gradients ...
18:03 DiffusionOperatorP1: Determine global dofs ...
18:03 DiffusionOperatorP1: Boundary treatment ...
18:03 DiffusionOperatorP1: Assemble system matrix ...
18:03 DiffusionOperatorP1: Calulate gradients of shape functions transformed by reference map ...
18:03 DiffusionOperatorP1: Calculate all local scalar products beween gradients ...
18:03 DiffusionOperatorP1: Determine global dofs ...
18:03 DiffusionOperatorP1: Boundary treatment ...
18:03 DiffusionOperatorP1: Assemble system matrix ...
18:03 DiffusionOperatorP1: Calulate gradients of shape functions transformed by reference map ...
18:03 DiffusionOperatorP1: Calculate all local scalar products beween gradients ...
18:03 DiffusionOperatorP1: Determine global dofs ...
18:03 DiffusionOperatorP1: Boundary treatment ...
18:03 DiffusionOperatorP1: Assemble system matrix ...
18:03 DiffusionOperatorP1: Calulate gradients of shape functions transformed by reference map ...
18:03 DiffusionOperatorP1: Calculate all local scalar products beween gradients ...
18:03 DiffusionOperatorP1: Determine global dofs ...
18:03 DiffusionOperatorP1: Boundary treatment ...
18:03 DiffusionOperatorP1: Assemble system matrix ...
18:03 L2ProductP1: Integrate the products of the shape functions on each element
18:03 L2ProductP1: Determine global dofs ...
18:03 L2ProductP1: Boundary treatment ...
18:03 L2ProductP1: Assemble system matrix ...
18:03 DiffusionOperatorP1: Calulate gradients of shape functions transformed by reference map ...
18:03 DiffusionOperatorP1: Calculate all local scalar products beween gradients ...
18:03 DiffusionOperatorP1: Determine global dofs ...
18:03 DiffusionOperatorP1: Boundary treatment ...
18:03 DiffusionOperatorP1: Assemble system matrix ...
18:03 L2ProductP1: Integrate the products of the shape functions on each element
18:03 L2ProductP1: Determine global dofs ...
18:03 L2ProductP1: Boundary treatment ...
18:03 L2ProductP1: Assemble system matrix ...
18:03 DiffusionOperatorP1: Calulate gradients of shape functions transformed by reference map ...
18:03 DiffusionOperatorP1: Calculate all local scalar products beween gradients ...
18:03 DiffusionOperatorP1: Determine global dofs ...
18:03 DiffusionOperatorP1: Boundary treatment ...
18:03 DiffusionOperatorP1: Assemble system matrix ...
</system-err></testcase><testcase classname="src.pymortests.algorithms.basic" file="src/pymortests/algorithms/basic.py" line="104" name="test_almost_equal_self_product[&lt;lambda&gt;11]" time="0.2649855613708496"><system-err>18:04 DiffusionOperatorP1: Calulate gradients of shape functions transformed by reference map ...
18:04 DiffusionOperatorP1: Calculate all local scalar products beween gradients ...
18:04 DiffusionOperatorP1: Determine global dofs ...
18:04 DiffusionOperatorP1: Boundary treatment ...
18:04 DiffusionOperatorP1: Assemble system matrix ...
18:04 DiffusionOperatorP1: Calulate gradients of shape functions transformed by reference map ...
18:04 DiffusionOperatorP1: Calculate all local scalar products beween gradients ...
18:04 DiffusionOperatorP1: Determine global dofs ...
18:04 DiffusionOperatorP1: Boundary treatment ...
18:04 DiffusionOperatorP1: Assemble system matrix ...
18:04 L2ProductP1: Integrate the products of the shape functions on each element
18:04 L2ProductP1: Determine global dofs ...
18:04 L2ProductP1: Boundary treatment ...
18:04 L2ProductP1: Assemble system matrix ...
18:04 DiffusionOperatorP1: Calulate gradients of shape functions transformed by reference map ...
18:04 DiffusionOperatorP1: Calculate all local scalar products beween gradients ...
18:04 DiffusionOperatorP1: Determine global dofs ...
18:04 DiffusionOperatorP1: Boundary treatment ...
18:04 DiffusionOperatorP1: Assemble system matrix ...
18:04 L2ProductP1: Integrate the products of the shape functions on each element
18:04 L2ProductP1: Determine global dofs ...
18:04 L2ProductP1: Boundary treatment ...
18:04 L2ProductP1: Assemble system matrix ...
18:04 DiffusionOperatorP1: Calulate gradients of shape functions transformed by reference map ...
18:04 DiffusionOperatorP1: Calculate all local scalar products beween gradients ...
18:04 DiffusionOperatorP1: Determine global dofs ...
18:04 DiffusionOperatorP1: Boundary treatment ...
18:04 DiffusionOperatorP1: Assemble system matrix ...
</system-err></testcase><testcase classname="src.pymortests.algorithms.basic" file="src/pymortests/algorithms/basic.py" line="104" name="test_almost_equal_self_product[&lt;lambda&gt;12]" time="0.24538254737854004"><system-err>18:04 DiffusionOperatorP1: Calulate gradients of shape functions transformed by reference map ...
18:04 DiffusionOperatorP1: Calculate all local scalar products beween gradients ...
18:04 DiffusionOperatorP1: Determine global dofs ...
18:04 DiffusionOperatorP1: Boundary treatment ...
18:04 DiffusionOperatorP1: Assemble system matrix ...
18:04 DiffusionOperatorP1: Calulate gradients of shape functions transformed by reference map ...
18:04 DiffusionOperatorP1: Calculate all local scalar products beween gradients ...
18:04 DiffusionOperatorP1: Determine global dofs ...
18:04 DiffusionOperatorP1: Boundary treatment ...
18:04 DiffusionOperatorP1: Assemble system matrix ...
18:04 DiffusionOperatorP1: Calulate gradients of shape functions transformed by reference map ...
18:04 DiffusionOperatorP1: Calculate all local scalar products beween gradients ...
18:04 DiffusionOperatorP1: Determine global dofs ...
18:04 DiffusionOperatorP1: Boundary treatment ...
18:04 DiffusionOperatorP1: Assemble system matrix ...
18:04 DiffusionOperatorP1: Calulate gradients of shape functions transformed by reference map ...
18:04 DiffusionOperatorP1: Calculate all local scalar products beween gradients ...
18:04 DiffusionOperatorP1: Determine global dofs ...
18:04 DiffusionOperatorP1: Boundary treatment ...
18:04 DiffusionOperatorP1: Assemble system matrix ...
18:04 DiffusionOperatorP1: Calulate gradients of shape functions transformed by reference map ...
18:04 DiffusionOperatorP1: Calculate all local scalar products beween gradients ...
18:04 DiffusionOperatorP1: Determine global dofs ...
18:04 DiffusionOperatorP1: Boundary treatment ...
18:04 DiffusionOperatorP1: Assemble system matrix ...
18:04 L2ProductP1: Integrate the products of the shape functions on each element
18:04 L2ProductP1: Determine global dofs ...
18:04 L2ProductP1: Boundary treatment ...
18:04 L2ProductP1: Assemble system matrix ...
18:04 DiffusionOperatorP1: Calulate gradients of shape functions transformed by reference map ...
18:04 DiffusionOperatorP1: Calculate all local scalar products beween gradients ...
18:04 DiffusionOperatorP1: Determine global dofs ...
18:04 DiffusionOperatorP1: Boundary treatment ...
18:04 DiffusionOperatorP1: Assemble system matrix ...
18:04 L2ProductP1: Integrate the products of the shape functions on each element
18:04 L2ProductP1: Determine global dofs ...
18:04 L2ProductP1: Boundary treatment ...
18:04 L2ProductP1: Assemble system matrix ...
18:04 DiffusionOperatorP1: Calulate gradients of shape functions transformed by reference map ...
18:04 DiffusionOperatorP1: Calculate all local scalar products beween gradients ...
18:04 DiffusionOperatorP1: Determine global dofs ...
18:04 DiffusionOperatorP1: Boundary treatment ...
18:04 DiffusionOperatorP1: Assemble system matrix ...
</system-err></testcase><testcase classname="src.pymortests.algorithms.basic" file="src/pymortests/algorithms/basic.py" line="104" name="test_almost_equal_self_product[&lt;lambda&gt;13]" time="0.23904180526733398"><system-err>18:04 DiffusionOperatorP1: Calulate gradients of shape functions transformed by reference map ...
18:04 DiffusionOperatorP1: Calculate all local scalar products beween gradients ...
18:04 DiffusionOperatorP1: Determine global dofs ...
18:04 DiffusionOperatorP1: Boundary treatment ...
18:04 DiffusionOperatorP1: Assemble system matrix ...
18:04 DiffusionOperatorP1: Calulate gradients of shape functions transformed by reference map ...
18:04 DiffusionOperatorP1: Calculate all local scalar products beween gradients ...
18:04 DiffusionOperatorP1: Determine global dofs ...
18:04 DiffusionOperatorP1: Boundary treatment ...
18:04 DiffusionOperatorP1: Assemble system matrix ...
18:04 L2ProductP1: Integrate the products of the shape functions on each element
18:04 L2ProductP1: Determine global dofs ...
18:04 L2ProductP1: Boundary treatment ...
18:04 L2ProductP1: Assemble system matrix ...
18:04 DiffusionOperatorP1: Calulate gradients of shape functions transformed by reference map ...
18:04 DiffusionOperatorP1: Calculate all local scalar products beween gradients ...
18:04 DiffusionOperatorP1: Determine global dofs ...
18:04 DiffusionOperatorP1: Boundary treatment ...
18:04 DiffusionOperatorP1: Assemble system matrix ...
18:04 L2ProductP1: Integrate the products of the shape functions on each element
18:04 L2ProductP1: Determine global dofs ...
18:04 L2ProductP1: Boundary treatment ...
18:04 L2ProductP1: Assemble system matrix ...
18:04 DiffusionOperatorP1: Calulate gradients of shape functions transformed by reference map ...
18:04 DiffusionOperatorP1: Calculate all local scalar products beween gradients ...
18:04 DiffusionOperatorP1: Determine global dofs ...
18:04 DiffusionOperatorP1: Boundary treatment ...
18:04 DiffusionOperatorP1: Assemble system matrix ...
</system-err></testcase><testcase classname="src.pymortests.algorithms.basic" file="src/pymortests/algorithms/basic.py" line="104" name="test_almost_equal_self_product[&lt;lambda&gt;14]" time="0.2657301425933838"><system-err>18:04 DiffusionOperatorP1: Calulate gradients of shape functions transformed by reference map ...
18:04 DiffusionOperatorP1: Calculate all local scalar products beween gradients ...
18:04 DiffusionOperatorP1: Determine global dofs ...
18:04 DiffusionOperatorP1: Boundary treatment ...
18:04 DiffusionOperatorP1: Assemble system matrix ...
18:04 DiffusionOperatorP1: Calulate gradients of shape functions transformed by reference map ...
18:04 DiffusionOperatorP1: Calculate all local scalar products beween gradients ...
18:04 DiffusionOperatorP1: Determine global dofs ...
18:04 DiffusionOperatorP1: Boundary treatment ...
18:04 DiffusionOperatorP1: Assemble system matrix ...
18:04 DiffusionOperatorP1: Calulate gradients of shape functions transformed by reference map ...
18:04 DiffusionOperatorP1: Calculate all local scalar products beween gradients ...
18:04 DiffusionOperatorP1: Determine global dofs ...
18:04 DiffusionOperatorP1: Boundary treatment ...
18:04 DiffusionOperatorP1: Assemble system matrix ...
18:04 DiffusionOperatorP1: Calulate gradients of shape functions transformed by reference map ...
18:04 DiffusionOperatorP1: Calculate all local scalar products beween gradients ...
18:04 DiffusionOperatorP1: Determine global dofs ...
18:04 DiffusionOperatorP1: Boundary treatment ...
18:04 DiffusionOperatorP1: Assemble system matrix ...
18:04 DiffusionOperatorP1: Calulate gradients of shape functions transformed by reference map ...
18:04 DiffusionOperatorP1: Calculate all local scalar products beween gradients ...
18:04 DiffusionOperatorP1: Determine global dofs ...
18:04 DiffusionOperatorP1: Boundary treatment ...
18:04 DiffusionOperatorP1: Assemble system matrix ...
18:04 L2ProductP1: Integrate the products of the shape functions on each element
18:04 L2ProductP1: Determine global dofs ...
18:04 L2ProductP1: Boundary treatment ...
18:04 L2ProductP1: Assemble system matrix ...
18:04 DiffusionOperatorP1: Calulate gradients of shape functions transformed by reference map ...
18:04 DiffusionOperatorP1: Calculate all local scalar products beween gradients ...
18:04 DiffusionOperatorP1: Determine global dofs ...
18:04 DiffusionOperatorP1: Boundary treatment ...
18:04 DiffusionOperatorP1: Assemble system matrix ...
18:04 L2ProductP1: Integrate the products of the shape functions on each element
18:04 L2ProductP1: Determine global dofs ...
18:04 L2ProductP1: Boundary treatment ...
18:04 L2ProductP1: Assemble system matrix ...
18:04 DiffusionOperatorP1: Calulate gradients of shape functions transformed by reference map ...
18:04 DiffusionOperatorP1: Calculate all local scalar products beween gradients ...
18:04 DiffusionOperatorP1: Determine global dofs ...
18:04 DiffusionOperatorP1: Boundary treatment ...
18:04 DiffusionOperatorP1: Assemble system matrix ...
</system-err></testcase><testcase classname="src.pymortests.algorithms.basic" file="src/pymortests/algorithms/basic.py" line="104" name="test_almost_equal_self_product[&lt;lambda&gt;15]" time="0.2701444625854492"><system-err>18:05 DiffusionOperatorP1: Calulate gradients of shape functions transformed by reference map ...
18:05 DiffusionOperatorP1: Calculate all local scalar products beween gradients ...
18:05 DiffusionOperatorP1: Determine global dofs ...
18:05 DiffusionOperatorP1: Boundary treatment ...
18:05 DiffusionOperatorP1: Assemble system matrix ...
18:05 DiffusionOperatorP1: Calulate gradients of shape functions transformed by reference map ...
18:05 DiffusionOperatorP1: Calculate all local scalar products beween gradients ...
18:05 DiffusionOperatorP1: Determine global dofs ...
18:05 DiffusionOperatorP1: Boundary treatment ...
18:05 DiffusionOperatorP1: Assemble system matrix ...
18:05 L2ProductP1: Integrate the products of the shape functions on each element
18:05 L2ProductP1: Determine global dofs ...
18:05 L2ProductP1: Boundary treatment ...
18:05 L2ProductP1: Assemble system matrix ...
18:05 DiffusionOperatorP1: Calulate gradients of shape functions transformed by reference map ...
18:05 DiffusionOperatorP1: Calculate all local scalar products beween gradients ...
18:05 DiffusionOperatorP1: Determine global dofs ...
18:05 DiffusionOperatorP1: Boundary treatment ...
18:05 DiffusionOperatorP1: Assemble system matrix ...
18:05 L2ProductP1: Integrate the products of the shape functions on each element
18:05 L2ProductP1: Determine global dofs ...
18:05 L2ProductP1: Boundary treatment ...
18:05 L2ProductP1: Assemble system matrix ...
18:05 DiffusionOperatorP1: Calulate gradients of shape functions transformed by reference map ...
18:05 DiffusionOperatorP1: Calculate all local scalar products beween gradients ...
18:05 DiffusionOperatorP1: Determine global dofs ...
18:05 DiffusionOperatorP1: Boundary treatment ...
18:05 DiffusionOperatorP1: Assemble system matrix ...
</system-err></testcase><testcase classname="src.pymortests.algorithms.basic" file="src/pymortests/algorithms/basic.py" line="104" name="test_almost_equal_self_product[&lt;lambda&gt;16]" time="0.23134732246398926"><system-err>18:05 DiffusionOperatorP1: Calulate gradients of shape functions transformed by reference map ...
18:05 DiffusionOperatorP1: Calculate all local scalar products beween gradients ...
18:05 DiffusionOperatorP1: Determine global dofs ...
18:05 DiffusionOperatorP1: Boundary treatment ...
18:05 DiffusionOperatorP1: Assemble system matrix ...
18:05 DiffusionOperatorP1: Calulate gradients of shape functions transformed by reference map ...
18:05 DiffusionOperatorP1: Calculate all local scalar products beween gradients ...
18:05 DiffusionOperatorP1: Determine global dofs ...
18:05 DiffusionOperatorP1: Boundary treatment ...
18:05 DiffusionOperatorP1: Assemble system matrix ...
18:05 DiffusionOperatorP1: Calulate gradients of shape functions transformed by reference map ...
18:05 DiffusionOperatorP1: Calculate all local scalar products beween gradients ...
18:05 DiffusionOperatorP1: Determine global dofs ...
18:05 DiffusionOperatorP1: Boundary treatment ...
18:05 DiffusionOperatorP1: Assemble system matrix ...
18:05 DiffusionOperatorP1: Calulate gradients of shape functions transformed by reference map ...
18:05 DiffusionOperatorP1: Calculate all local scalar products beween gradients ...
18:05 DiffusionOperatorP1: Determine global dofs ...
18:05 DiffusionOperatorP1: Boundary treatment ...
18:05 DiffusionOperatorP1: Assemble system matrix ...
18:05 DiffusionOperatorP1: Calulate gradients of shape functions transformed by reference map ...
18:05 DiffusionOperatorP1: Calculate all local scalar products beween gradients ...
18:05 DiffusionOperatorP1: Determine global dofs ...
18:05 DiffusionOperatorP1: Boundary treatment ...
18:05 DiffusionOperatorP1: Assemble system matrix ...
18:05 L2ProductP1: Integrate the products of the shape functions on each element
18:05 L2ProductP1: Determine global dofs ...
18:05 L2ProductP1: Boundary treatment ...
18:05 L2ProductP1: Assemble system matrix ...
18:05 DiffusionOperatorP1: Calulate gradients of shape functions transformed by reference map ...
18:05 DiffusionOperatorP1: Calculate all local scalar products beween gradients ...
18:05 DiffusionOperatorP1: Determine global dofs ...
18:05 DiffusionOperatorP1: Boundary treatment ...
18:05 DiffusionOperatorP1: Assemble system matrix ...
18:05 L2ProductP1: Integrate the products of the shape functions on each element
18:05 L2ProductP1: Determine global dofs ...
18:05 L2ProductP1: Boundary treatment ...
18:05 L2ProductP1: Assemble system matrix ...
18:05 DiffusionOperatorP1: Calulate gradients of shape functions transformed by reference map ...
18:05 DiffusionOperatorP1: Calculate all local scalar products beween gradients ...
18:05 DiffusionOperatorP1: Determine global dofs ...
18:05 DiffusionOperatorP1: Boundary treatment ...
18:05 DiffusionOperatorP1: Assemble system matrix ...
</system-err></testcase><testcase classname="src.pymortests.algorithms.basic" file="src/pymortests/algorithms/basic.py" line="104" name="test_almost_equal_self_product[&lt;lambda&gt;17]" time="0.22266864776611328"><system-err>18:05 DiffusionOperatorP1: Calulate gradients of shape functions transformed by reference map ...
18:05 DiffusionOperatorP1: Calculate all local scalar products beween gradients ...
18:05 DiffusionOperatorP1: Determine global dofs ...
18:05 DiffusionOperatorP1: Boundary treatment ...
18:05 DiffusionOperatorP1: Assemble system matrix ...
18:05 DiffusionOperatorP1: Calulate gradients of shape functions transformed by reference map ...
18:05 DiffusionOperatorP1: Calculate all local scalar products beween gradients ...
18:05 DiffusionOperatorP1: Determine global dofs ...
18:05 DiffusionOperatorP1: Boundary treatment ...
18:05 DiffusionOperatorP1: Assemble system matrix ...
18:05 L2ProductP1: Integrate the products of the shape functions on each element
18:05 L2ProductP1: Determine global dofs ...
18:05 L2ProductP1: Boundary treatment ...
18:05 L2ProductP1: Assemble system matrix ...
18:05 DiffusionOperatorP1: Calulate gradients of shape functions transformed by reference map ...
18:05 DiffusionOperatorP1: Calculate all local scalar products beween gradients ...
18:05 DiffusionOperatorP1: Determine global dofs ...
18:05 DiffusionOperatorP1: Boundary treatment ...
18:05 DiffusionOperatorP1: Assemble system matrix ...
18:05 L2ProductP1: Integrate the products of the shape functions on each element
18:05 L2ProductP1: Determine global dofs ...
18:05 L2ProductP1: Boundary treatment ...
18:05 L2ProductP1: Assemble system matrix ...
18:05 DiffusionOperatorP1: Calulate gradients of shape functions transformed by reference map ...
18:05 DiffusionOperatorP1: Calculate all local scalar products beween gradients ...
18:05 DiffusionOperatorP1: Determine global dofs ...
18:05 DiffusionOperatorP1: Boundary treatment ...
18:05 DiffusionOperatorP1: Assemble system matrix ...
</system-err></testcase><testcase classname="src.pymortests.algorithms.basic" file="src/pymortests/algorithms/basic.py" line="104" name="test_almost_equal_self_product[&lt;lambda&gt;18]" time="0.2675654888153076"><system-err>18:05 DiffusionOperatorP1: Calulate gradients of shape functions transformed by reference map ...
18:05 DiffusionOperatorP1: Calculate all local scalar products beween gradients ...
18:05 DiffusionOperatorP1: Determine global dofs ...
18:05 DiffusionOperatorP1: Boundary treatment ...
18:05 DiffusionOperatorP1: Assemble system matrix ...
18:05 DiffusionOperatorP1: Calulate gradients of shape functions transformed by reference map ...
18:05 DiffusionOperatorP1: Calculate all local scalar products beween gradients ...
18:05 DiffusionOperatorP1: Determine global dofs ...
18:05 DiffusionOperatorP1: Boundary treatment ...
18:05 DiffusionOperatorP1: Assemble system matrix ...
18:05 DiffusionOperatorP1: Calulate gradients of shape functions transformed by reference map ...
18:05 DiffusionOperatorP1: Calculate all local scalar products beween gradients ...
18:05 DiffusionOperatorP1: Determine global dofs ...
18:05 DiffusionOperatorP1: Boundary treatment ...
18:05 DiffusionOperatorP1: Assemble system matrix ...
18:05 DiffusionOperatorP1: Calulate gradients of shape functions transformed by reference map ...
18:05 DiffusionOperatorP1: Calculate all local scalar products beween gradients ...
18:05 DiffusionOperatorP1: Determine global dofs ...
18:05 DiffusionOperatorP1: Boundary treatment ...
18:05 DiffusionOperatorP1: Assemble system matrix ...
18:05 DiffusionOperatorP1: Calulate gradients of shape functions transformed by reference map ...
18:05 DiffusionOperatorP1: Calculate all local scalar products beween gradients ...
18:05 DiffusionOperatorP1: Determine global dofs ...
18:05 DiffusionOperatorP1: Boundary treatment ...
18:05 DiffusionOperatorP1: Assemble system matrix ...
18:05 L2ProductP1: Integrate the products of the shape functions on each element
18:05 L2ProductP1: Determine global dofs ...
18:05 L2ProductP1: Boundary treatment ...
18:05 L2ProductP1: Assemble system matrix ...
18:05 DiffusionOperatorP1: Calulate gradients of shape functions transformed by reference map ...
18:05 DiffusionOperatorP1: Calculate all local scalar products beween gradients ...
18:05 DiffusionOperatorP1: Determine global dofs ...
18:05 DiffusionOperatorP1: Boundary treatment ...
18:05 DiffusionOperatorP1: Assemble system matrix ...
18:05 L2ProductP1: Integrate the products of the shape functions on each element
18:05 L2ProductP1: Determine global dofs ...
18:05 L2ProductP1: Boundary treatment ...
18:05 L2ProductP1: Assemble system matrix ...
18:05 DiffusionOperatorP1: Calulate gradients of shape functions transformed by reference map ...
18:05 DiffusionOperatorP1: Calculate all local scalar products beween gradients ...
18:05 DiffusionOperatorP1: Determine global dofs ...
18:05 DiffusionOperatorP1: Boundary treatment ...
18:05 DiffusionOperatorP1: Assemble system matrix ...
</system-err></testcase><testcase classname="src.pymortests.algorithms.basic" file="src/pymortests/algorithms/basic.py" line="104" name="test_almost_equal_self_product[&lt;lambda&gt;19]" time="0.26839137077331543"><system-err>18:06 DiffusionOperatorP1: Calulate gradients of shape functions transformed by reference map ...
18:06 DiffusionOperatorP1: Calculate all local scalar products beween gradients ...
18:06 DiffusionOperatorP1: Determine global dofs ...
18:06 DiffusionOperatorP1: Boundary treatment ...
18:06 DiffusionOperatorP1: Assemble system matrix ...
18:06 DiffusionOperatorP1: Calulate gradients of shape functions transformed by reference map ...
18:06 DiffusionOperatorP1: Calculate all local scalar products beween gradients ...
18:06 DiffusionOperatorP1: Determine global dofs ...
18:06 DiffusionOperatorP1: Boundary treatment ...
18:06 DiffusionOperatorP1: Assemble system matrix ...
18:06 L2ProductP1: Integrate the products of the shape functions on each element
18:06 L2ProductP1: Determine global dofs ...
18:06 L2ProductP1: Boundary treatment ...
18:06 L2ProductP1: Assemble system matrix ...
18:06 DiffusionOperatorP1: Calulate gradients of shape functions transformed by reference map ...
18:06 DiffusionOperatorP1: Calculate all local scalar products beween gradients ...
18:06 DiffusionOperatorP1: Determine global dofs ...
18:06 DiffusionOperatorP1: Boundary treatment ...
18:06 DiffusionOperatorP1: Assemble system matrix ...
18:06 L2ProductP1: Integrate the products of the shape functions on each element
18:06 L2ProductP1: Determine global dofs ...
18:06 L2ProductP1: Boundary treatment ...
18:06 L2ProductP1: Assemble system matrix ...
18:06 DiffusionOperatorP1: Calulate gradients of shape functions transformed by reference map ...
18:06 DiffusionOperatorP1: Calculate all local scalar products beween gradients ...
18:06 DiffusionOperatorP1: Determine global dofs ...
18:06 DiffusionOperatorP1: Boundary treatment ...
18:06 DiffusionOperatorP1: Assemble system matrix ...
</system-err></testcase><testcase classname="src.pymortests.algorithms.basic" file="src/pymortests/algorithms/basic.py" line="104" name="test_almost_equal_self_product[&lt;lambda&gt;20]" time="0.2673952579498291"><system-err>18:06 DiffusionOperatorP1: Calulate gradients of shape functions transformed by reference map ...
18:06 DiffusionOperatorP1: Calculate all local scalar products beween gradients ...
18:06 DiffusionOperatorP1: Determine global dofs ...
18:06 DiffusionOperatorP1: Boundary treatment ...
18:06 DiffusionOperatorP1: Assemble system matrix ...
18:06 DiffusionOperatorP1: Calulate gradients of shape functions transformed by reference map ...
18:06 DiffusionOperatorP1: Calculate all local scalar products beween gradients ...
18:06 DiffusionOperatorP1: Determine global dofs ...
18:06 DiffusionOperatorP1: Boundary treatment ...
18:06 DiffusionOperatorP1: Assemble system matrix ...
18:06 DiffusionOperatorP1: Calulate gradients of shape functions transformed by reference map ...
18:06 DiffusionOperatorP1: Calculate all local scalar products beween gradients ...
18:06 DiffusionOperatorP1: Determine global dofs ...
18:06 DiffusionOperatorP1: Boundary treatment ...
18:06 DiffusionOperatorP1: Assemble system matrix ...
18:06 DiffusionOperatorP1: Calulate gradients of shape functions transformed by reference map ...
18:06 DiffusionOperatorP1: Calculate all local scalar products beween gradients ...
18:06 DiffusionOperatorP1: Determine global dofs ...
18:06 DiffusionOperatorP1: Boundary treatment ...
18:06 DiffusionOperatorP1: Assemble system matrix ...
18:06 DiffusionOperatorP1: Calulate gradients of shape functions transformed by reference map ...
18:06 DiffusionOperatorP1: Calculate all local scalar products beween gradients ...
18:06 DiffusionOperatorP1: Determine global dofs ...
18:06 DiffusionOperatorP1: Boundary treatment ...
18:06 DiffusionOperatorP1: Assemble system matrix ...
18:06 L2ProductP1: Integrate the products of the shape functions on each element
18:06 L2ProductP1: Determine global dofs ...
18:06 L2ProductP1: Boundary treatment ...
18:06 L2ProductP1: Assemble system matrix ...
18:06 DiffusionOperatorP1: Calulate gradients of shape functions transformed by reference map ...
18:06 DiffusionOperatorP1: Calculate all local scalar products beween gradients ...
18:06 DiffusionOperatorP1: Determine global dofs ...
18:06 DiffusionOperatorP1: Boundary treatment ...
18:06 DiffusionOperatorP1: Assemble system matrix ...
18:06 L2ProductP1: Integrate the products of the shape functions on each element
18:06 L2ProductP1: Determine global dofs ...
18:06 L2ProductP1: Boundary treatment ...
18:06 L2ProductP1: Assemble system matrix ...
18:06 DiffusionOperatorP1: Calulate gradients of shape functions transformed by reference map ...
18:06 DiffusionOperatorP1: Calculate all local scalar products beween gradients ...
18:06 DiffusionOperatorP1: Determine global dofs ...
18:06 DiffusionOperatorP1: Boundary treatment ...
18:06 DiffusionOperatorP1: Assemble system matrix ...
</system-err></testcase><testcase classname="src.pymortests.algorithms.basic" file="src/pymortests/algorithms/basic.py" line="104" name="test_almost_equal_self_product[&lt;lambda&gt;21]" time="0.2653384208679199"><system-err>18:06 DiffusionOperatorP1: Calulate gradients of shape functions transformed by reference map ...
18:06 DiffusionOperatorP1: Calculate all local scalar products beween gradients ...
18:06 DiffusionOperatorP1: Determine global dofs ...
18:06 DiffusionOperatorP1: Boundary treatment ...
18:06 DiffusionOperatorP1: Assemble system matrix ...
18:06 DiffusionOperatorP1: Calulate gradients of shape functions transformed by reference map ...
18:06 DiffusionOperatorP1: Calculate all local scalar products beween gradients ...
18:06 DiffusionOperatorP1: Determine global dofs ...
18:06 DiffusionOperatorP1: Boundary treatment ...
18:06 DiffusionOperatorP1: Assemble system matrix ...
18:06 L2ProductP1: Integrate the products of the shape functions on each element
18:06 L2ProductP1: Determine global dofs ...
18:06 L2ProductP1: Boundary treatment ...
18:06 L2ProductP1: Assemble system matrix ...
18:06 DiffusionOperatorP1: Calulate gradients of shape functions transformed by reference map ...
18:06 DiffusionOperatorP1: Calculate all local scalar products beween gradients ...
18:06 DiffusionOperatorP1: Determine global dofs ...
18:06 DiffusionOperatorP1: Boundary treatment ...
18:06 DiffusionOperatorP1: Assemble system matrix ...
18:06 L2ProductP1: Integrate the products of the shape functions on each element
18:06 L2ProductP1: Determine global dofs ...
18:06 L2ProductP1: Boundary treatment ...
18:06 L2ProductP1: Assemble system matrix ...
18:06 DiffusionOperatorP1: Calulate gradients of shape functions transformed by reference map ...
18:06 DiffusionOperatorP1: Calculate all local scalar products beween gradients ...
18:06 DiffusionOperatorP1: Determine global dofs ...
18:06 DiffusionOperatorP1: Boundary treatment ...
18:06 DiffusionOperatorP1: Assemble system matrix ...
</system-err></testcase><testcase classname="src.pymortests.algorithms.basic" file="src/pymortests/algorithms/basic.py" line="104" name="test_almost_equal_self_product[&lt;lambda&gt;22]" time="0.2654876708984375"><system-err>18:06 DiffusionOperatorP1: Calulate gradients of shape functions transformed by reference map ...
18:06 DiffusionOperatorP1: Calculate all local scalar products beween gradients ...
18:06 DiffusionOperatorP1: Determine global dofs ...
18:06 DiffusionOperatorP1: Boundary treatment ...
18:06 DiffusionOperatorP1: Assemble system matrix ...
18:06 DiffusionOperatorP1: Calulate gradients of shape functions transformed by reference map ...
18:06 DiffusionOperatorP1: Calculate all local scalar products beween gradients ...
18:06 DiffusionOperatorP1: Determine global dofs ...
18:06 DiffusionOperatorP1: Boundary treatment ...
18:06 DiffusionOperatorP1: Assemble system matrix ...
18:06 DiffusionOperatorP1: Calulate gradients of shape functions transformed by reference map ...
18:06 DiffusionOperatorP1: Calculate all local scalar products beween gradients ...
18:06 DiffusionOperatorP1: Determine global dofs ...
18:06 DiffusionOperatorP1: Boundary treatment ...
18:06 DiffusionOperatorP1: Assemble system matrix ...
18:06 DiffusionOperatorP1: Calulate gradients of shape functions transformed by reference map ...
18:06 DiffusionOperatorP1: Calculate all local scalar products beween gradients ...
18:06 DiffusionOperatorP1: Determine global dofs ...
18:06 DiffusionOperatorP1: Boundary treatment ...
18:06 DiffusionOperatorP1: Assemble system matrix ...
18:06 DiffusionOperatorP1: Calulate gradients of shape functions transformed by reference map ...
18:06 DiffusionOperatorP1: Calculate all local scalar products beween gradients ...
18:06 DiffusionOperatorP1: Determine global dofs ...
18:06 DiffusionOperatorP1: Boundary treatment ...
18:06 DiffusionOperatorP1: Assemble system matrix ...
18:06 L2ProductP1: Integrate the products of the shape functions on each element
18:06 L2ProductP1: Determine global dofs ...
18:06 L2ProductP1: Boundary treatment ...
18:06 L2ProductP1: Assemble system matrix ...
18:06 DiffusionOperatorP1: Calulate gradients of shape functions transformed by reference map ...
18:06 DiffusionOperatorP1: Calculate all local scalar products beween gradients ...
18:06 DiffusionOperatorP1: Determine global dofs ...
18:06 DiffusionOperatorP1: Boundary treatment ...
18:06 DiffusionOperatorP1: Assemble system matrix ...
18:06 L2ProductP1: Integrate the products of the shape functions on each element
18:06 L2ProductP1: Determine global dofs ...
18:06 L2ProductP1: Boundary treatment ...
18:06 L2ProductP1: Assemble system matrix ...
18:06 DiffusionOperatorP1: Calulate gradients of shape functions transformed by reference map ...
18:06 DiffusionOperatorP1: Calculate all local scalar products beween gradients ...
18:06 DiffusionOperatorP1: Determine global dofs ...
18:06 DiffusionOperatorP1: Boundary treatment ...
18:06 DiffusionOperatorP1: Assemble system matrix ...
</system-err></testcase><testcase classname="src.pymortests.algorithms.basic" file="src/pymortests/algorithms/basic.py" line="104" name="test_almost_equal_self_product[&lt;lambda&gt;23]" time="0.27265048027038574"><system-err>18:07 DiffusionOperatorP1: Calulate gradients of shape functions transformed by reference map ...
18:07 DiffusionOperatorP1: Calculate all local scalar products beween gradients ...
18:07 DiffusionOperatorP1: Determine global dofs ...
18:07 DiffusionOperatorP1: Boundary treatment ...
18:07 DiffusionOperatorP1: Assemble system matrix ...
18:07 DiffusionOperatorP1: Calulate gradients of shape functions transformed by reference map ...
18:07 DiffusionOperatorP1: Calculate all local scalar products beween gradients ...
18:07 DiffusionOperatorP1: Determine global dofs ...
18:07 DiffusionOperatorP1: Boundary treatment ...
18:07 DiffusionOperatorP1: Assemble system matrix ...
18:07 L2ProductP1: Integrate the products of the shape functions on each element
18:07 L2ProductP1: Determine global dofs ...
18:07 L2ProductP1: Boundary treatment ...
18:07 L2ProductP1: Assemble system matrix ...
18:07 DiffusionOperatorP1: Calulate gradients of shape functions transformed by reference map ...
18:07 DiffusionOperatorP1: Calculate all local scalar products beween gradients ...
18:07 DiffusionOperatorP1: Determine global dofs ...
18:07 DiffusionOperatorP1: Boundary treatment ...
18:07 DiffusionOperatorP1: Assemble system matrix ...
18:07 L2ProductP1: Integrate the products of the shape functions on each element
18:07 L2ProductP1: Determine global dofs ...
18:07 L2ProductP1: Boundary treatment ...
18:07 L2ProductP1: Assemble system matrix ...
18:07 DiffusionOperatorP1: Calulate gradients of shape functions transformed by reference map ...
18:07 DiffusionOperatorP1: Calculate all local scalar products beween gradients ...
18:07 DiffusionOperatorP1: Determine global dofs ...
18:07 DiffusionOperatorP1: Boundary treatment ...
18:07 DiffusionOperatorP1: Assemble system matrix ...
</system-err></testcase><testcase classname="src.pymortests.algorithms.basic" file="src/pymortests/algorithms/basic.py" line="104" name="test_almost_equal_self_product[&lt;lambda&gt;24]" time="0.26970577239990234"></testcase><testcase classname="src.pymortests.algorithms.basic" file="src/pymortests/algorithms/basic.py" line="104" name="test_almost_equal_self_product[&lt;lambda&gt;25]" time="0.2711312770843506"></testcase><testcase classname="src.pymortests.algorithms.basic" file="src/pymortests/algorithms/basic.py" line="104" name="test_almost_equal_self_product[&lt;lambda&gt;26]" time="0.27467823028564453"></testcase><testcase classname="src.pymortests.algorithms.basic" file="src/pymortests/algorithms/basic.py" line="104" name="test_almost_equal_self_product[&lt;lambda&gt;27]" time="0.21384310722351074"></testcase><testcase classname="src.pymortests.algorithms.basic" file="src/pymortests/algorithms/basic.py" line="104" name="test_almost_equal_self_product[&lt;lambda&gt;28]" time="0.21557998657226562"></testcase><testcase classname="src.pymortests.algorithms.basic" file="src/pymortests/algorithms/basic.py" line="104" name="test_almost_equal_self_product[&lt;lambda&gt;29]" time="0.22046875953674316"></testcase><testcase classname="src.pymortests.algorithms.basic" file="src/pymortests/algorithms/basic.py" line="104" name="test_almost_equal_self_product[&lt;lambda&gt;30]" time="0.2254946231842041"></testcase><testcase classname="src.pymortests.algorithms.basic" file="src/pymortests/algorithms/basic.py" line="104" name="test_almost_equal_self_product[&lt;lambda&gt;31]" time="0.2281947135925293"></testcase><testcase classname="src.pymortests.algorithms.basic" file="src/pymortests/algorithms/basic.py" line="104" name="test_almost_equal_self_product[&lt;lambda&gt;32]" time="0.7694978713989258"></testcase><testcase classname="src.pymortests.algorithms.basic" file="src/pymortests/algorithms/basic.py" line="104" name="test_almost_equal_self_product[&lt;lambda&gt;33]" time="0.575883150100708"></testcase><testcase classname="src.pymortests.algorithms.basic" file="src/pymortests/algorithms/basic.py" line="104" name="test_almost_equal_self_product[&lt;lambda&gt;34]" time="0.2336125373840332"></testcase><testcase classname="src.pymortests.algorithms.basic" file="src/pymortests/algorithms/basic.py" line="104" name="test_almost_equal_self_product[&lt;lambda&gt;35]" time="0.5860416889190674"></testcase><testcase classname="src.pymortests.algorithms.basic" file="src/pymortests/algorithms/basic.py" line="104" name="test_almost_equal_self_product[&lt;lambda&gt;36]" time="0.27181458473205566"></testcase><testcase classname="src.pymortests.algorithms.basic" file="src/pymortests/algorithms/basic.py" line="157" name="test_almost_equal_incompatible[&lt;lambda&gt;0]" time="0.00394439697265625"></testcase><testcase classname="src.pymortests.algorithms.basic" file="src/pymortests/algorithms/basic.py" line="157" name="test_almost_equal_incompatible[&lt;lambda&gt;1]" time="0.0015537738800048828"></testcase><testcase classname="src.pymortests.algorithms.basic" file="src/pymortests/algorithms/basic.py" line="157" name="test_almost_equal_incompatible[&lt;lambda&gt;2]" time="0.005273580551147461"></testcase><testcase classname="src.pymortests.algorithms.basic" file="src/pymortests/algorithms/basic.py" line="157" name="test_almost_equal_incompatible[&lt;lambda&gt;3]" time="0.004856109619140625"></testcase><testcase classname="src.pymortests.algorithms.basic" file="src/pymortests/algorithms/basic.py" line="157" name="test_almost_equal_incompatible[&lt;lambda&gt;4]" time="0.004855155944824219"></testcase><testcase classname="src.pymortests.algorithms.basic" file="src/pymortests/algorithms/basic.py" line="157" name="test_almost_equal_incompatible[&lt;lambda&gt;5]" time="0.0024003982543945312"></testcase><testcase classname="src.pymortests.algorithms.basic" file="src/pymortests/algorithms/basic.py" line="157" name="test_almost_equal_incompatible[&lt;lambda&gt;6]" time="0.0013523101806640625"></testcase><testcase classname="src.pymortests.algorithms.basic" file="src/pymortests/algorithms/basic.py" line="157" name="test_almost_equal_incompatible[&lt;lambda&gt;7]" time="0.0050067901611328125"></testcase><testcase classname="src.pymortests.algorithms.basic" file="src/pymortests/algorithms/basic.py" line="157" name="test_almost_equal_incompatible[&lt;lambda&gt;8]" time="0.010717391967773438"></testcase><testcase classname="src.pymortests.algorithms.basic" file="src/pymortests/algorithms/basic.py" line="157" name="test_almost_equal_incompatible[&lt;lambda&gt;9]" time="0.017772436141967773"></testcase><testcase classname="src.pymortests.algorithms.basic" file="src/pymortests/algorithms/basic.py" line="157" name="test_almost_equal_incompatible[&lt;lambda&gt;10]" time="0.006403684616088867"></testcase><testcase classname="src.pymortests.algorithms.basic" file="src/pymortests/algorithms/basic.py" line="157" name="test_almost_equal_incompatible[&lt;lambda&gt;11]" time="0.0019116401672363281"></testcase><testcase classname="src.pymortests.algorithms.basic" file="src/pymortests/algorithms/basic.py" line="157" name="test_almost_equal_incompatible[&lt;lambda&gt;12]" time="0.012697458267211914"></testcase><testcase classname="src.pymortests.algorithms.basic" file="src/pymortests/algorithms/basic.py" line="157" name="test_almost_equal_incompatible[&lt;lambda&gt;13]" time="0.008509635925292969"></testcase><testcase classname="src.pymortests.algorithms.basic" file="src/pymortests/algorithms/basic.py" line="157" name="test_almost_equal_incompatible[&lt;lambda&gt;14]" time="0.011187314987182617"></testcase><testcase classname="src.pymortests.algorithms.basic" file="src/pymortests/algorithms/basic.py" line="157" name="test_almost_equal_incompatible[&lt;lambda&gt;15]" time="0.006155729293823242"></testcase><testcase classname="src.pymortests.algorithms.basic" file="src/pymortests/algorithms/basic.py" line="157" name="test_almost_equal_incompatible[&lt;lambda&gt;16]" time="0.0023381710052490234"></testcase><testcase classname="src.pymortests.algorithms.basic" file="src/pymortests/algorithms/basic.py" line="157" name="test_almost_equal_incompatible[&lt;lambda&gt;17]" time="0.009254932403564453"></testcase><testcase classname="src.pymortests.algorithms.basic" file="src/pymortests/algorithms/basic.py" line="157" name="test_almost_equal_incompatible[&lt;lambda&gt;18]" time="0.044556617736816406"></testcase><testcase classname="src.pymortests.algorithms.basic" file="src/pymortests/algorithms/basic.py" line="157" name="test_almost_equal_incompatible[&lt;lambda&gt;19]" time="0.04404044151306152"></testcase><testcase classname="src.pymortests.algorithms.basic" file="src/pymortests/algorithms/basic.py" line="157" name="test_almost_equal_incompatible[&lt;lambda&gt;20]" time="0.003190755844116211"></testcase><testcase classname="src.pymortests.algorithms.basic" file="src/pymortests/algorithms/basic.py" line="157" name="test_almost_equal_incompatible[&lt;lambda&gt;21]" time="0.0023651123046875"></testcase><testcase classname="src.pymortests.algorithms.basic" file="src/pymortests/algorithms/basic.py" line="157" name="test_almost_equal_incompatible[&lt;lambda&gt;22]" time="0.013541936874389648"></testcase><testcase classname="src.pymortests.algorithms.basic" file="src/pymortests/algorithms/basic.py" line="157" name="test_almost_equal_incompatible[&lt;lambda&gt;23]" time="0.11695146560668945"></testcase><testcase classname="src.pymortests.algorithms.basic" file="src/pymortests/algorithms/basic.py" line="157" name="test_almost_equal_incompatible[&lt;lambda&gt;24]" time="0.2245626449584961"></testcase><testcase classname="src.pymortests.algorithms.basic" file="src/pymortests/algorithms/basic.py" line="166" name="test_almost_equal_wrong_ind[compatible_vector_array_pair0-&lt;lambda&gt;0]" time="0.0038263797760009766"></testcase><testcase classname="src.pymortests.algorithms.basic" file="src/pymortests/algorithms/basic.py" line="166" name="test_almost_equal_wrong_ind[compatible_vector_array_pair0-&lt;lambda&gt;1]" time="0.0026667118072509766"></testcase><testcase classname="src.pymortests.algorithms.basic" file="src/pymortests/algorithms/basic.py" line="166" name="test_almost_equal_wrong_ind[compatible_vector_array_pair0-&lt;lambda&gt;2]" time="0.0040225982666015625"></testcase><testcase classname="src.pymortests.algorithms.basic" file="src/pymortests/algorithms/basic.py" line="166" name="test_almost_equal_wrong_ind[compatible_vector_array_pair0-&lt;lambda&gt;3]" time="0.005480289459228516"></testcase><testcase classname="src.pymortests.algorithms.basic" file="src/pymortests/algorithms/basic.py" line="166" name="test_almost_equal_wrong_ind[compatible_vector_array_pair0-&lt;lambda&gt;4]" time="0.005527019500732422"></testcase><testcase classname="src.pymortests.algorithms.basic" file="src/pymortests/algorithms/basic.py" line="166" name="test_almost_equal_wrong_ind[compatible_vector_array_pair0-&lt;lambda&gt;5]" time="0.0042765140533447266"></testcase><testcase classname="src.pymortests.algorithms.basic" file="src/pymortests/algorithms/basic.py" line="166" name="test_almost_equal_wrong_ind[compatible_vector_array_pair0-&lt;lambda&gt;6]" time="0.002579927444458008"></testcase><testcase classname="src.pymortests.algorithms.basic" file="src/pymortests/algorithms/basic.py" line="166" name="test_almost_equal_wrong_ind[compatible_vector_array_pair0-&lt;lambda&gt;7]" time="0.002672433853149414"></testcase><testcase classname="src.pymortests.algorithms.basic" file="src/pymortests/algorithms/basic.py" line="166" name="test_almost_equal_wrong_ind[compatible_vector_array_pair0-&lt;lambda&gt;8]" time="0.01524806022644043"></testcase><testcase classname="src.pymortests.algorithms.basic" file="src/pymortests/algorithms/basic.py" line="166" name="test_almost_equal_wrong_ind[compatible_vector_array_pair0-&lt;lambda&gt;9]" time="0.03115057945251465"></testcase><testcase classname="src.pymortests.algorithms.basic" file="src/pymortests/algorithms/basic.py" line="166" name="test_almost_equal_wrong_ind[compatible_vector_array_pair0-&lt;lambda&gt;10]" time="0.10564899444580078"></testcase><testcase classname="src.pymortests.algorithms.basic" file="src/pymortests/algorithms/basic.py" line="166" name="test_almost_equal_wrong_ind[compatible_vector_array_pair0-&lt;lambda&gt;11]" time="0.006361246109008789"></testcase><testcase classname="src.pymortests.algorithms.basic" file="src/pymortests/algorithms/basic.py" line="166" name="test_almost_equal_wrong_ind[compatible_vector_array_pair0-&lt;lambda&gt;12]" time="0.004363059997558594"></testcase><testcase classname="src.pymortests.algorithms.basic" file="src/pymortests/algorithms/basic.py" line="166" name="test_almost_equal_wrong_ind[compatible_vector_array_pair0-&lt;lambda&gt;13]" time="0.0073812007904052734"></testcase><testcase classname="src.pymortests.algorithms.basic" file="src/pymortests/algorithms/basic.py" line="166" name="test_almost_equal_wrong_ind[compatible_vector_array_pair0-&lt;lambda&gt;14]" time="0.0060808658599853516"></testcase><testcase classname="src.pymortests.algorithms.basic" file="src/pymortests/algorithms/basic.py" line="166" name="test_almost_equal_wrong_ind[compatible_vector_array_pair0-&lt;lambda&gt;15]" time="0.007423877716064453"></testcase><testcase classname="src.pymortests.algorithms.basic" file="src/pymortests/algorithms/basic.py" line="166" name="test_almost_equal_wrong_ind[compatible_vector_array_pair0-&lt;lambda&gt;16]" time="0.010972261428833008"></testcase><testcase classname="src.pymortests.algorithms.basic" file="src/pymortests/algorithms/basic.py" line="166" name="test_almost_equal_wrong_ind[compatible_vector_array_pair0-&lt;lambda&gt;17]" time="0.010915279388427734"></testcase><testcase classname="src.pymortests.algorithms.basic" file="src/pymortests/algorithms/basic.py" line="166" name="test_almost_equal_wrong_ind[compatible_vector_array_pair0-&lt;lambda&gt;18]" time="0.00333404541015625"></testcase><testcase classname="src.pymortests.algorithms.basic" file="src/pymortests/algorithms/basic.py" line="166" name="test_almost_equal_wrong_ind[compatible_vector_array_pair0-&lt;lambda&gt;19]" time="0.003547191619873047"></testcase><testcase classname="src.pymortests.algorithms.basic" file="src/pymortests/algorithms/basic.py" line="166" name="test_almost_equal_wrong_ind[compatible_vector_array_pair0-&lt;lambda&gt;20]" time="0.03897833824157715"></testcase><testcase classname="src.pymortests.algorithms.basic" file="src/pymortests/algorithms/basic.py" line="166" name="test_almost_equal_wrong_ind[compatible_vector_array_pair0-&lt;lambda&gt;21]" time="0.04052615165710449"></testcase><testcase classname="src.pymortests.algorithms.basic" file="src/pymortests/algorithms/basic.py" line="166" name="test_almost_equal_wrong_ind[compatible_vector_array_pair0-&lt;lambda&gt;22]" time="0.14158082008361816"></testcase><testcase classname="src.pymortests.algorithms.basic" file="src/pymortests/algorithms/basic.py" line="166" name="test_almost_equal_wrong_ind[compatible_vector_array_pair0-&lt;lambda&gt;23]" time="0.0074427127838134766"></testcase><testcase classname="src.pymortests.algorithms.basic" file="src/pymortests/algorithms/basic.py" line="166" name="test_almost_equal_wrong_ind[compatible_vector_array_pair0-&lt;lambda&gt;24]" time="0.00257110595703125"></testcase><testcase classname="src.pymortests.algorithms.basic" file="src/pymortests/algorithms/basic.py" line="166" name="test_almost_equal_wrong_ind[compatible_vector_array_pair0-&lt;lambda&gt;25]" time="0.0036373138427734375"></testcase><testcase classname="src.pymortests.algorithms.basic" file="src/pymortests/algorithms/basic.py" line="166" name="test_almost_equal_wrong_ind[compatible_vector_array_pair0-&lt;lambda&gt;26]" time="0.03559231758117676"></testcase><testcase classname="src.pymortests.algorithms.basic" file="src/pymortests/algorithms/basic.py" line="166" name="test_almost_equal_wrong_ind[compatible_vector_array_pair0-&lt;lambda&gt;27]" time="0.05824685096740723"></testcase><testcase classname="src.pymortests.algorithms.basic" file="src/pymortests/algorithms/basic.py" line="166" name="test_almost_equal_wrong_ind[compatible_vector_array_pair0-&lt;lambda&gt;28]" time="0.21027326583862305"></testcase><testcase classname="src.pymortests.algorithms.basic" file="src/pymortests/algorithms/basic.py" line="166" name="test_almost_equal_wrong_ind[compatible_vector_array_pair0-&lt;lambda&gt;29]" time="0.009133338928222656"></testcase><testcase classname="src.pymortests.algorithms.basic" file="src/pymortests/algorithms/basic.py" line="166" name="test_almost_equal_wrong_ind[compatible_vector_array_pair1-&lt;lambda&gt;0]" time="0.0038900375366210938"></testcase><testcase classname="src.pymortests.algorithms.basic" file="src/pymortests/algorithms/basic.py" line="166" name="test_almost_equal_wrong_ind[compatible_vector_array_pair1-&lt;lambda&gt;1]" time="0.0026140213012695312"></testcase><testcase classname="src.pymortests.algorithms.basic" file="src/pymortests/algorithms/basic.py" line="166" name="test_almost_equal_wrong_ind[compatible_vector_array_pair1-&lt;lambda&gt;2]" time="0.00434565544128418"></testcase><testcase classname="src.pymortests.algorithms.basic" file="src/pymortests/algorithms/basic.py" line="166" name="test_almost_equal_wrong_ind[compatible_vector_array_pair1-&lt;lambda&gt;3]" time="0.0054645538330078125"></testcase><testcase classname="src.pymortests.algorithms.basic" file="src/pymortests/algorithms/basic.py" line="166" name="test_almost_equal_wrong_ind[compatible_vector_array_pair1-&lt;lambda&gt;4]" time="0.005499839782714844"></testcase><testcase classname="src.pymortests.algorithms.basic" file="src/pymortests/algorithms/basic.py" line="166" name="test_almost_equal_wrong_ind[compatible_vector_array_pair1-&lt;lambda&gt;5]" time="0.004198312759399414"></testcase><testcase classname="src.pymortests.algorithms.basic" file="src/pymortests/algorithms/basic.py" line="166" name="test_almost_equal_wrong_ind[compatible_vector_array_pair1-&lt;lambda&gt;6]" time="0.002604961395263672"></testcase><testcase classname="src.pymortests.algorithms.basic" file="src/pymortests/algorithms/basic.py" line="166" name="test_almost_equal_wrong_ind[compatible_vector_array_pair1-&lt;lambda&gt;7]" time="0.0026578903198242188"></testcase><testcase classname="src.pymortests.algorithms.basic" file="src/pymortests/algorithms/basic.py" line="166" name="test_almost_equal_wrong_ind[compatible_vector_array_pair1-&lt;lambda&gt;8]" time="0.015438079833984375"></testcase><testcase classname="src.pymortests.algorithms.basic" file="src/pymortests/algorithms/basic.py" line="166" name="test_almost_equal_wrong_ind[compatible_vector_array_pair1-&lt;lambda&gt;9]" time="0.03084588050842285"></testcase><testcase classname="src.pymortests.algorithms.basic" file="src/pymortests/algorithms/basic.py" line="166" name="test_almost_equal_wrong_ind[compatible_vector_array_pair1-&lt;lambda&gt;10]" time="0.10414886474609375"></testcase><testcase classname="src.pymortests.algorithms.basic" file="src/pymortests/algorithms/basic.py" line="166" name="test_almost_equal_wrong_ind[compatible_vector_array_pair1-&lt;lambda&gt;11]" time="0.0063838958740234375"></testcase><testcase classname="src.pymortests.algorithms.basic" file="src/pymortests/algorithms/basic.py" line="166" name="test_almost_equal_wrong_ind[compatible_vector_array_pair1-&lt;lambda&gt;12]" time="0.004423856735229492"></testcase><testcase classname="src.pymortests.algorithms.basic" file="src/pymortests/algorithms/basic.py" line="166" name="test_almost_equal_wrong_ind[compatible_vector_array_pair1-&lt;lambda&gt;13]" time="0.007981061935424805"></testcase><testcase classname="src.pymortests.algorithms.basic" file="src/pymortests/algorithms/basic.py" line="166" name="test_almost_equal_wrong_ind[compatible_vector_array_pair1-&lt;lambda&gt;14]" time="0.006098031997680664"></testcase><testcase classname="src.pymortests.algorithms.basic" file="src/pymortests/algorithms/basic.py" line="166" name="test_almost_equal_wrong_ind[compatible_vector_array_pair1-&lt;lambda&gt;15]" time="0.007486104965209961"></testcase><testcase classname="src.pymortests.algorithms.basic" file="src/pymortests/algorithms/basic.py" line="166" name="test_almost_equal_wrong_ind[compatible_vector_array_pair1-&lt;lambda&gt;16]" time="0.010890007019042969"></testcase><testcase classname="src.pymortests.algorithms.basic" file="src/pymortests/algorithms/basic.py" line="166" name="test_almost_equal_wrong_ind[compatible_vector_array_pair1-&lt;lambda&gt;17]" time="0.010748624801635742"></testcase><testcase classname="src.pymortests.algorithms.basic" file="src/pymortests/algorithms/basic.py" line="166" name="test_almost_equal_wrong_ind[compatible_vector_array_pair1-&lt;lambda&gt;18]" time="0.003329038619995117"></testcase><testcase classname="src.pymortests.algorithms.basic" file="src/pymortests/algorithms/basic.py" line="166" name="test_almost_equal_wrong_ind[compatible_vector_array_pair1-&lt;lambda&gt;19]" time="0.0034542083740234375"></testcase><testcase classname="src.pymortests.algorithms.basic" file="src/pymortests/algorithms/basic.py" line="166" name="test_almost_equal_wrong_ind[compatible_vector_array_pair1-&lt;lambda&gt;20]" time="0.038553714752197266"></testcase><testcase classname="src.pymortests.algorithms.basic" file="src/pymortests/algorithms/basic.py" line="166" name="test_almost_equal_wrong_ind[compatible_vector_array_pair1-&lt;lambda&gt;21]" time="0.04012703895568848"></testcase><testcase classname="src.pymortests.algorithms.basic" file="src/pymortests/algorithms/basic.py" line="166" name="test_almost_equal_wrong_ind[compatible_vector_array_pair1-&lt;lambda&gt;22]" time="0.13862013816833496"></testcase><testcase classname="src.pymortests.algorithms.basic" file="src/pymortests/algorithms/basic.py" line="166" name="test_almost_equal_wrong_ind[compatible_vector_array_pair1-&lt;lambda&gt;23]" time="0.0073816776275634766"></testcase><testcase classname="src.pymortests.algorithms.basic" file="src/pymortests/algorithms/basic.py" line="166" name="test_almost_equal_wrong_ind[compatible_vector_array_pair1-&lt;lambda&gt;24]" time="0.002500772476196289"></testcase><testcase classname="src.pymortests.algorithms.basic" file="src/pymortests/algorithms/basic.py" line="166" name="test_almost_equal_wrong_ind[compatible_vector_array_pair1-&lt;lambda&gt;25]" time="0.003531217575073242"></testcase><testcase classname="src.pymortests.algorithms.basic" file="src/pymortests/algorithms/basic.py" line="166" name="test_almost_equal_wrong_ind[compatible_vector_array_pair1-&lt;lambda&gt;26]" time="0.034674882888793945"></testcase><testcase classname="src.pymortests.algorithms.basic" file="src/pymortests/algorithms/basic.py" line="166" name="test_almost_equal_wrong_ind[compatible_vector_array_pair1-&lt;lambda&gt;27]" time="0.05742597579956055"></testcase><testcase classname="src.pymortests.algorithms.basic" file="src/pymortests/algorithms/basic.py" line="166" name="test_almost_equal_wrong_ind[compatible_vector_array_pair1-&lt;lambda&gt;28]" time="0.20824432373046875"></testcase><testcase classname="src.pymortests.algorithms.basic" file="src/pymortests/algorithms/basic.py" line="166" name="test_almost_equal_wrong_ind[compatible_vector_array_pair1-&lt;lambda&gt;29]" time="0.008696556091308594"></testcase><testcase classname="src.pymortests.algorithms.basic" file="src/pymortests/algorithms/basic.py" line="166" name="test_almost_equal_wrong_ind[compatible_vector_array_pair2-&lt;lambda&gt;0]" time="0.0028824806213378906"></testcase><testcase classname="src.pymortests.algorithms.basic" file="src/pymortests/algorithms/basic.py" line="166" name="test_almost_equal_wrong_ind[compatible_vector_array_pair2-&lt;lambda&gt;1]" time="0.002687215805053711"></testcase><testcase classname="src.pymortests.algorithms.basic" file="src/pymortests/algorithms/basic.py" line="166" name="test_almost_equal_wrong_ind[compatible_vector_array_pair2-&lt;lambda&gt;2]" time="0.004052400588989258"></testcase><testcase classname="src.pymortests.algorithms.basic" file="src/pymortests/algorithms/basic.py" line="166" name="test_almost_equal_wrong_ind[compatible_vector_array_pair2-&lt;lambda&gt;3]" time="0.005352020263671875"></testcase><testcase classname="src.pymortests.algorithms.basic" file="src/pymortests/algorithms/basic.py" line="166" name="test_almost_equal_wrong_ind[compatible_vector_array_pair2-&lt;lambda&gt;4]" time="0.0054416656494140625"></testcase><testcase classname="src.pymortests.algorithms.basic" file="src/pymortests/algorithms/basic.py" line="166" name="test_almost_equal_wrong_ind[compatible_vector_array_pair2-&lt;lambda&gt;5]" time="0.004223346710205078"></testcase><testcase classname="src.pymortests.algorithms.basic" file="src/pymortests/algorithms/basic.py" line="166" name="test_almost_equal_wrong_ind[compatible_vector_array_pair2-&lt;lambda&gt;6]" time="0.002622365951538086"></testcase><testcase classname="src.pymortests.algorithms.basic" file="src/pymortests/algorithms/basic.py" line="166" name="test_almost_equal_wrong_ind[compatible_vector_array_pair2-&lt;lambda&gt;7]" time="0.0028715133666992188"></testcase><testcase classname="src.pymortests.algorithms.basic" file="src/pymortests/algorithms/basic.py" line="166" name="test_almost_equal_wrong_ind[compatible_vector_array_pair2-&lt;lambda&gt;8]" time="0.014783143997192383"></testcase><testcase classname="src.pymortests.algorithms.basic" file="src/pymortests/algorithms/basic.py" line="166" name="test_almost_equal_wrong_ind[compatible_vector_array_pair2-&lt;lambda&gt;9]" time="0.030570030212402344"></testcase><testcase classname="src.pymortests.algorithms.basic" file="src/pymortests/algorithms/basic.py" line="166" name="test_almost_equal_wrong_ind[compatible_vector_array_pair2-&lt;lambda&gt;10]" time="0.10300326347351074"></testcase><testcase classname="src.pymortests.algorithms.basic" file="src/pymortests/algorithms/basic.py" line="166" name="test_almost_equal_wrong_ind[compatible_vector_array_pair2-&lt;lambda&gt;11]" time="0.006314992904663086"></testcase><testcase classname="src.pymortests.algorithms.basic" file="src/pymortests/algorithms/basic.py" line="166" name="test_almost_equal_wrong_ind[compatible_vector_array_pair2-&lt;lambda&gt;12]" time="0.004357099533081055"></testcase><testcase classname="src.pymortests.algorithms.basic" file="src/pymortests/algorithms/basic.py" line="166" name="test_almost_equal_wrong_ind[compatible_vector_array_pair2-&lt;lambda&gt;13]" time="0.0077495574951171875"></testcase><testcase classname="src.pymortests.algorithms.basic" file="src/pymortests/algorithms/basic.py" line="166" name="test_almost_equal_wrong_ind[compatible_vector_array_pair2-&lt;lambda&gt;14]" time="0.005825996398925781"></testcase><testcase classname="src.pymortests.algorithms.basic" file="src/pymortests/algorithms/basic.py" line="166" name="test_almost_equal_wrong_ind[compatible_vector_array_pair2-&lt;lambda&gt;15]" time="0.007340192794799805"></testcase><testcase classname="src.pymortests.algorithms.basic" file="src/pymortests/algorithms/basic.py" line="166" name="test_almost_equal_wrong_ind[compatible_vector_array_pair2-&lt;lambda&gt;16]" time="0.01092529296875"></testcase><testcase classname="src.pymortests.algorithms.basic" file="src/pymortests/algorithms/basic.py" line="166" name="test_almost_equal_wrong_ind[compatible_vector_array_pair2-&lt;lambda&gt;17]" time="0.010959625244140625"></testcase><testcase classname="src.pymortests.algorithms.basic" file="src/pymortests/algorithms/basic.py" line="166" name="test_almost_equal_wrong_ind[compatible_vector_array_pair2-&lt;lambda&gt;18]" time="0.0033414363861083984"></testcase><testcase classname="src.pymortests.algorithms.basic" file="src/pymortests/algorithms/basic.py" line="166" name="test_almost_equal_wrong_ind[compatible_vector_array_pair2-&lt;lambda&gt;19]" time="0.003507375717163086"></testcase><testcase classname="src.pymortests.algorithms.basic" file="src/pymortests/algorithms/basic.py" line="166" name="test_almost_equal_wrong_ind[compatible_vector_array_pair2-&lt;lambda&gt;20]" time="0.03819894790649414"></testcase><testcase classname="src.pymortests.algorithms.basic" file="src/pymortests/algorithms/basic.py" line="166" name="test_almost_equal_wrong_ind[compatible_vector_array_pair2-&lt;lambda&gt;21]" time="0.040430307388305664"></testcase><testcase classname="src.pymortests.algorithms.basic" file="src/pymortests/algorithms/basic.py" line="166" name="test_almost_equal_wrong_ind[compatible_vector_array_pair2-&lt;lambda&gt;22]" time="0.139190673828125"></testcase><testcase classname="src.pymortests.algorithms.basic" file="src/pymortests/algorithms/basic.py" line="166" name="test_almost_equal_wrong_ind[compatible_vector_array_pair2-&lt;lambda&gt;23]" time="0.007514238357543945"></testcase><testcase classname="src.pymortests.algorithms.basic" file="src/pymortests/algorithms/basic.py" line="166" name="test_almost_equal_wrong_ind[compatible_vector_array_pair2-&lt;lambda&gt;24]" time="0.002546548843383789"></testcase><testcase classname="src.pymortests.algorithms.basic" file="src/pymortests/algorithms/basic.py" line="166" name="test_almost_equal_wrong_ind[compatible_vector_array_pair2-&lt;lambda&gt;25]" time="0.0036208629608154297"></testcase><testcase classname="src.pymortests.algorithms.basic" file="src/pymortests/algorithms/basic.py" line="166" name="test_almost_equal_wrong_ind[compatible_vector_array_pair2-&lt;lambda&gt;26]" time="0.034764766693115234"></testcase><testcase classname="src.pymortests.algorithms.basic" file="src/pymortests/algorithms/basic.py" line="166" name="test_almost_equal_wrong_ind[compatible_vector_array_pair2-&lt;lambda&gt;27]" time="0.05752706527709961"></testcase><testcase classname="src.pymortests.algorithms.basic" file="src/pymortests/algorithms/basic.py" line="166" name="test_almost_equal_wrong_ind[compatible_vector_array_pair2-&lt;lambda&gt;28]" time="0.20615267753601074"></testcase><testcase classname="src.pymortests.algorithms.basic" file="src/pymortests/algorithms/basic.py" line="166" name="test_almost_equal_wrong_ind[compatible_vector_array_pair2-&lt;lambda&gt;29]" time="0.009072303771972656"></testcase><testcase classname="src.pymortests.algorithms.basic" file="src/pymortests/algorithms/basic.py" line="166" name="test_almost_equal_wrong_ind[compatible_vector_array_pair3-&lt;lambda&gt;0]" time="0.003965139389038086"></testcase><testcase classname="src.pymortests.algorithms.basic" file="src/pymortests/algorithms/basic.py" line="166" name="test_almost_equal_wrong_ind[compatible_vector_array_pair3-&lt;lambda&gt;1]" time="0.002656221389770508"></testcase><testcase classname="src.pymortests.algorithms.basic" file="src/pymortests/algorithms/basic.py" line="166" name="test_almost_equal_wrong_ind[compatible_vector_array_pair3-&lt;lambda&gt;2]" time="0.0040242671966552734"></testcase><testcase classname="src.pymortests.algorithms.basic" file="src/pymortests/algorithms/basic.py" line="166" name="test_almost_equal_wrong_ind[compatible_vector_array_pair3-&lt;lambda&gt;3]" time="0.005314350128173828"></testcase><testcase classname="src.pymortests.algorithms.basic" file="src/pymortests/algorithms/basic.py" line="166" name="test_almost_equal_wrong_ind[compatible_vector_array_pair3-&lt;lambda&gt;4]" time="0.00550532341003418"></testcase><testcase classname="src.pymortests.algorithms.basic" file="src/pymortests/algorithms/basic.py" line="166" name="test_almost_equal_wrong_ind[compatible_vector_array_pair3-&lt;lambda&gt;5]" time="0.0042073726654052734"></testcase><testcase classname="src.pymortests.algorithms.basic" file="src/pymortests/algorithms/basic.py" line="166" name="test_almost_equal_wrong_ind[compatible_vector_array_pair3-&lt;lambda&gt;6]" time="0.002715587615966797"></testcase><testcase classname="src.pymortests.algorithms.basic" file="src/pymortests/algorithms/basic.py" line="166" name="test_almost_equal_wrong_ind[compatible_vector_array_pair3-&lt;lambda&gt;7]" time="0.002707958221435547"></testcase><testcase classname="src.pymortests.algorithms.basic" file="src/pymortests/algorithms/basic.py" line="166" name="test_almost_equal_wrong_ind[compatible_vector_array_pair3-&lt;lambda&gt;8]" time="0.014893770217895508"></testcase><testcase classname="src.pymortests.algorithms.basic" file="src/pymortests/algorithms/basic.py" line="166" name="test_almost_equal_wrong_ind[compatible_vector_array_pair3-&lt;lambda&gt;9]" time="0.03135871887207031"></testcase><testcase classname="src.pymortests.algorithms.basic" file="src/pymortests/algorithms/basic.py" line="166" name="test_almost_equal_wrong_ind[compatible_vector_array_pair3-&lt;lambda&gt;10]" time="0.10479927062988281"></testcase><testcase classname="src.pymortests.algorithms.basic" file="src/pymortests/algorithms/basic.py" line="166" name="test_almost_equal_wrong_ind[compatible_vector_array_pair3-&lt;lambda&gt;11]" time="0.006436586380004883"></testcase><testcase classname="src.pymortests.algorithms.basic" file="src/pymortests/algorithms/basic.py" line="166" name="test_almost_equal_wrong_ind[compatible_vector_array_pair3-&lt;lambda&gt;12]" time="0.004417896270751953"></testcase><testcase classname="src.pymortests.algorithms.basic" file="src/pymortests/algorithms/basic.py" line="166" name="test_almost_equal_wrong_ind[compatible_vector_array_pair3-&lt;lambda&gt;13]" time="0.007515668869018555"></testcase><testcase classname="src.pymortests.algorithms.basic" file="src/pymortests/algorithms/basic.py" line="166" name="test_almost_equal_wrong_ind[compatible_vector_array_pair3-&lt;lambda&gt;14]" time="0.006123542785644531"></testcase><testcase classname="src.pymortests.algorithms.basic" file="src/pymortests/algorithms/basic.py" line="166" name="test_almost_equal_wrong_ind[compatible_vector_array_pair3-&lt;lambda&gt;15]" time="0.00782465934753418"></testcase><testcase classname="src.pymortests.algorithms.basic" file="src/pymortests/algorithms/basic.py" line="166" name="test_almost_equal_wrong_ind[compatible_vector_array_pair3-&lt;lambda&gt;16]" time="0.010703086853027344"></testcase><testcase classname="src.pymortests.algorithms.basic" file="src/pymortests/algorithms/basic.py" line="166" name="test_almost_equal_wrong_ind[compatible_vector_array_pair3-&lt;lambda&gt;17]" time="0.010866880416870117"></testcase><testcase classname="src.pymortests.algorithms.basic" file="src/pymortests/algorithms/basic.py" line="166" name="test_almost_equal_wrong_ind[compatible_vector_array_pair3-&lt;lambda&gt;18]" time="0.003446340560913086"></testcase><testcase classname="src.pymortests.algorithms.basic" file="src/pymortests/algorithms/basic.py" line="166" name="test_almost_equal_wrong_ind[compatible_vector_array_pair3-&lt;lambda&gt;19]" time="0.003541707992553711"></testcase><testcase classname="src.pymortests.algorithms.basic" file="src/pymortests/algorithms/basic.py" line="166" name="test_almost_equal_wrong_ind[compatible_vector_array_pair3-&lt;lambda&gt;20]" time="0.04139089584350586"></testcase><testcase classname="src.pymortests.algorithms.basic" file="src/pymortests/algorithms/basic.py" line="166" name="test_almost_equal_wrong_ind[compatible_vector_array_pair3-&lt;lambda&gt;21]" time="0.04060626029968262"></testcase><testcase classname="src.pymortests.algorithms.basic" file="src/pymortests/algorithms/basic.py" line="166" name="test_almost_equal_wrong_ind[compatible_vector_array_pair3-&lt;lambda&gt;22]" time="0.14142560958862305"></testcase><testcase classname="src.pymortests.algorithms.basic" file="src/pymortests/algorithms/basic.py" line="166" name="test_almost_equal_wrong_ind[compatible_vector_array_pair3-&lt;lambda&gt;23]" time="0.0072934627532958984"></testcase><testcase classname="src.pymortests.algorithms.basic" file="src/pymortests/algorithms/basic.py" line="166" name="test_almost_equal_wrong_ind[compatible_vector_array_pair3-&lt;lambda&gt;24]" time="0.002577066421508789"></testcase><testcase classname="src.pymortests.algorithms.basic" file="src/pymortests/algorithms/basic.py" line="166" name="test_almost_equal_wrong_ind[compatible_vector_array_pair3-&lt;lambda&gt;25]" time="0.0036334991455078125"></testcase><testcase classname="src.pymortests.algorithms.basic" file="src/pymortests/algorithms/basic.py" line="166" name="test_almost_equal_wrong_ind[compatible_vector_array_pair3-&lt;lambda&gt;26]" time="0.03393197059631348"></testcase><testcase classname="src.pymortests.algorithms.basic" file="src/pymortests/algorithms/basic.py" line="166" name="test_almost_equal_wrong_ind[compatible_vector_array_pair3-&lt;lambda&gt;27]" time="0.05746769905090332"></testcase><testcase classname="src.pymortests.algorithms.basic" file="src/pymortests/algorithms/basic.py" line="166" name="test_almost_equal_wrong_ind[compatible_vector_array_pair3-&lt;lambda&gt;28]" time="0.2047288417816162"></testcase><testcase classname="src.pymortests.algorithms.basic" file="src/pymortests/algorithms/basic.py" line="166" name="test_almost_equal_wrong_ind[compatible_vector_array_pair3-&lt;lambda&gt;29]" time="0.009032487869262695"></testcase><testcase classname="src.pymortests.algorithms.basic" file="src/pymortests/algorithms/basic.py" line="166" name="test_almost_equal_wrong_ind[compatible_vector_array_pair4-&lt;lambda&gt;0]" time="0.002866029739379883"></testcase><testcase classname="src.pymortests.algorithms.basic" file="src/pymortests/algorithms/basic.py" line="166" name="test_almost_equal_wrong_ind[compatible_vector_array_pair4-&lt;lambda&gt;1]" time="0.002681732177734375"></testcase><testcase classname="src.pymortests.algorithms.basic" file="src/pymortests/algorithms/basic.py" line="166" name="test_almost_equal_wrong_ind[compatible_vector_array_pair4-&lt;lambda&gt;2]" time="0.0040569305419921875"></testcase><testcase classname="src.pymortests.algorithms.basic" file="src/pymortests/algorithms/basic.py" line="166" name="test_almost_equal_wrong_ind[compatible_vector_array_pair4-&lt;lambda&gt;3]" time="0.005463838577270508"></testcase><testcase classname="src.pymortests.algorithms.basic" file="src/pymortests/algorithms/basic.py" line="166" name="test_almost_equal_wrong_ind[compatible_vector_array_pair4-&lt;lambda&gt;4]" time="0.005667209625244141"></testcase><testcase classname="src.pymortests.algorithms.basic" file="src/pymortests/algorithms/basic.py" line="166" name="test_almost_equal_wrong_ind[compatible_vector_array_pair4-&lt;lambda&gt;5]" time="0.004185199737548828"></testcase><testcase classname="src.pymortests.algorithms.basic" file="src/pymortests/algorithms/basic.py" line="166" name="test_almost_equal_wrong_ind[compatible_vector_array_pair4-&lt;lambda&gt;6]" time="0.0025708675384521484"></testcase><testcase classname="src.pymortests.algorithms.basic" file="src/pymortests/algorithms/basic.py" line="166" name="test_almost_equal_wrong_ind[compatible_vector_array_pair4-&lt;lambda&gt;7]" time="0.002803802490234375"></testcase><testcase classname="src.pymortests.algorithms.basic" file="src/pymortests/algorithms/basic.py" line="166" name="test_almost_equal_wrong_ind[compatible_vector_array_pair4-&lt;lambda&gt;8]" time="0.015291690826416016"></testcase><testcase classname="src.pymortests.algorithms.basic" file="src/pymortests/algorithms/basic.py" line="166" name="test_almost_equal_wrong_ind[compatible_vector_array_pair4-&lt;lambda&gt;9]" time="0.030958175659179688"></testcase><testcase classname="src.pymortests.algorithms.basic" file="src/pymortests/algorithms/basic.py" line="166" name="test_almost_equal_wrong_ind[compatible_vector_array_pair4-&lt;lambda&gt;10]" time="0.10402083396911621"></testcase><testcase classname="src.pymortests.algorithms.basic" file="src/pymortests/algorithms/basic.py" line="166" name="test_almost_equal_wrong_ind[compatible_vector_array_pair4-&lt;lambda&gt;11]" time="0.006334543228149414"></testcase><testcase classname="src.pymortests.algorithms.basic" file="src/pymortests/algorithms/basic.py" line="166" name="test_almost_equal_wrong_ind[compatible_vector_array_pair4-&lt;lambda&gt;12]" time="0.004418611526489258"></testcase><testcase classname="src.pymortests.algorithms.basic" file="src/pymortests/algorithms/basic.py" line="166" name="test_almost_equal_wrong_ind[compatible_vector_array_pair4-&lt;lambda&gt;13]" time="0.007934093475341797"></testcase><testcase classname="src.pymortests.algorithms.basic" file="src/pymortests/algorithms/basic.py" line="166" name="test_almost_equal_wrong_ind[compatible_vector_array_pair4-&lt;lambda&gt;14]" time="0.00609898567199707"></testcase><testcase classname="src.pymortests.algorithms.basic" file="src/pymortests/algorithms/basic.py" line="166" name="test_almost_equal_wrong_ind[compatible_vector_array_pair4-&lt;lambda&gt;15]" time="0.007509946823120117"></testcase><testcase classname="src.pymortests.algorithms.basic" file="src/pymortests/algorithms/basic.py" line="166" name="test_almost_equal_wrong_ind[compatible_vector_array_pair4-&lt;lambda&gt;16]" time="0.011183977127075195"></testcase><testcase classname="src.pymortests.algorithms.basic" file="src/pymortests/algorithms/basic.py" line="166" name="test_almost_equal_wrong_ind[compatible_vector_array_pair4-&lt;lambda&gt;17]" time="0.011116981506347656"></testcase><testcase classname="src.pymortests.algorithms.basic" file="src/pymortests/algorithms/basic.py" line="166" name="test_almost_equal_wrong_ind[compatible_vector_array_pair4-&lt;lambda&gt;18]" time="0.003365755081176758"></testcase><testcase classname="src.pymortests.algorithms.basic" file="src/pymortests/algorithms/basic.py" line="166" name="test_almost_equal_wrong_ind[compatible_vector_array_pair4-&lt;lambda&gt;19]" time="0.0036132335662841797"></testcase><testcase classname="src.pymortests.algorithms.basic" file="src/pymortests/algorithms/basic.py" line="166" name="test_almost_equal_wrong_ind[compatible_vector_array_pair4-&lt;lambda&gt;20]" time="0.03888273239135742"></testcase><testcase classname="src.pymortests.algorithms.basic" file="src/pymortests/algorithms/basic.py" line="166" name="test_almost_equal_wrong_ind[compatible_vector_array_pair4-&lt;lambda&gt;21]" time="0.041409969329833984"></testcase><testcase classname="src.pymortests.algorithms.basic" file="src/pymortests/algorithms/basic.py" line="166" name="test_almost_equal_wrong_ind[compatible_vector_array_pair4-&lt;lambda&gt;22]" time="0.139892578125"></testcase><testcase classname="src.pymortests.algorithms.basic" file="src/pymortests/algorithms/basic.py" line="166" name="test_almost_equal_wrong_ind[compatible_vector_array_pair4-&lt;lambda&gt;23]" time="0.007567644119262695"></testcase><testcase classname="src.pymortests.algorithms.basic" file="src/pymortests/algorithms/basic.py" line="166" name="test_almost_equal_wrong_ind[compatible_vector_array_pair4-&lt;lambda&gt;24]" time="0.0026955604553222656"></testcase><testcase classname="src.pymortests.algorithms.basic" file="src/pymortests/algorithms/basic.py" line="166" name="test_almost_equal_wrong_ind[compatible_vector_array_pair4-&lt;lambda&gt;25]" time="0.003677845001220703"></testcase><testcase classname="src.pymortests.algorithms.basic" file="src/pymortests/algorithms/basic.py" line="166" name="test_almost_equal_wrong_ind[compatible_vector_array_pair4-&lt;lambda&gt;26]" time="0.0350797176361084"></testcase><testcase classname="src.pymortests.algorithms.basic" file="src/pymortests/algorithms/basic.py" line="166" name="test_almost_equal_wrong_ind[compatible_vector_array_pair4-&lt;lambda&gt;27]" time="0.05777168273925781"></testcase><testcase classname="src.pymortests.algorithms.basic" file="src/pymortests/algorithms/basic.py" line="166" name="test_almost_equal_wrong_ind[compatible_vector_array_pair4-&lt;lambda&gt;28]" time="0.2070016860961914"></testcase><testcase classname="src.pymortests.algorithms.basic" file="src/pymortests/algorithms/basic.py" line="166" name="test_almost_equal_wrong_ind[compatible_vector_array_pair4-&lt;lambda&gt;29]" time="0.00862574577331543"></testcase><testcase classname="src.pymortests.algorithms.basic" file="src/pymortests/algorithms/basic.py" line="166" name="test_almost_equal_wrong_ind[compatible_vector_array_pair5-&lt;lambda&gt;0]" time="0.002831697463989258"></testcase><testcase classname="src.pymortests.algorithms.basic" file="src/pymortests/algorithms/basic.py" line="166" name="test_almost_equal_wrong_ind[compatible_vector_array_pair5-&lt;lambda&gt;1]" time="0.002806425094604492"></testcase><testcase classname="src.pymortests.algorithms.basic" file="src/pymortests/algorithms/basic.py" line="166" name="test_almost_equal_wrong_ind[compatible_vector_array_pair5-&lt;lambda&gt;2]" time="0.004052877426147461"></testcase><testcase classname="src.pymortests.algorithms.basic" file="src/pymortests/algorithms/basic.py" line="166" name="test_almost_equal_wrong_ind[compatible_vector_array_pair5-&lt;lambda&gt;3]" time="0.005377054214477539"></testcase><testcase classname="src.pymortests.algorithms.basic" file="src/pymortests/algorithms/basic.py" line="166" name="test_almost_equal_wrong_ind[compatible_vector_array_pair5-&lt;lambda&gt;4]" time="0.005783557891845703"></testcase><testcase classname="src.pymortests.algorithms.basic" file="src/pymortests/algorithms/basic.py" line="166" name="test_almost_equal_wrong_ind[compatible_vector_array_pair5-&lt;lambda&gt;5]" time="0.004338264465332031"></testcase><testcase classname="src.pymortests.algorithms.basic" file="src/pymortests/algorithms/basic.py" line="166" name="test_almost_equal_wrong_ind[compatible_vector_array_pair5-&lt;lambda&gt;6]" time="0.0026769638061523438"></testcase><testcase classname="src.pymortests.algorithms.basic" file="src/pymortests/algorithms/basic.py" line="166" name="test_almost_equal_wrong_ind[compatible_vector_array_pair5-&lt;lambda&gt;7]" time="0.002765655517578125"></testcase><testcase classname="src.pymortests.algorithms.basic" file="src/pymortests/algorithms/basic.py" line="166" name="test_almost_equal_wrong_ind[compatible_vector_array_pair5-&lt;lambda&gt;8]" time="0.01557612419128418"></testcase><testcase classname="src.pymortests.algorithms.basic" file="src/pymortests/algorithms/basic.py" line="166" name="test_almost_equal_wrong_ind[compatible_vector_array_pair5-&lt;lambda&gt;9]" time="0.030878543853759766"></testcase><testcase classname="src.pymortests.algorithms.basic" file="src/pymortests/algorithms/basic.py" line="166" name="test_almost_equal_wrong_ind[compatible_vector_array_pair5-&lt;lambda&gt;10]" time="0.10390567779541016"></testcase><testcase classname="src.pymortests.algorithms.basic" file="src/pymortests/algorithms/basic.py" line="166" name="test_almost_equal_wrong_ind[compatible_vector_array_pair5-&lt;lambda&gt;11]" time="0.006273508071899414"></testcase><testcase classname="src.pymortests.algorithms.basic" file="src/pymortests/algorithms/basic.py" line="166" name="test_almost_equal_wrong_ind[compatible_vector_array_pair5-&lt;lambda&gt;12]" time="0.004426479339599609"></testcase><testcase classname="src.pymortests.algorithms.basic" file="src/pymortests/algorithms/basic.py" line="166" name="test_almost_equal_wrong_ind[compatible_vector_array_pair5-&lt;lambda&gt;13]" time="0.0076007843017578125"></testcase><testcase classname="src.pymortests.algorithms.basic" file="src/pymortests/algorithms/basic.py" line="166" name="test_almost_equal_wrong_ind[compatible_vector_array_pair5-&lt;lambda&gt;14]" time="0.0060770511627197266"></testcase><testcase classname="src.pymortests.algorithms.basic" file="src/pymortests/algorithms/basic.py" line="166" name="test_almost_equal_wrong_ind[compatible_vector_array_pair5-&lt;lambda&gt;15]" time="0.0076634883880615234"></testcase><testcase classname="src.pymortests.algorithms.basic" file="src/pymortests/algorithms/basic.py" line="166" name="test_almost_equal_wrong_ind[compatible_vector_array_pair5-&lt;lambda&gt;16]" time="0.011028289794921875"></testcase><testcase classname="src.pymortests.algorithms.basic" file="src/pymortests/algorithms/basic.py" line="166" name="test_almost_equal_wrong_ind[compatible_vector_array_pair5-&lt;lambda&gt;17]" time="0.010931253433227539"></testcase><testcase classname="src.pymortests.algorithms.basic" file="src/pymortests/algorithms/basic.py" line="166" name="test_almost_equal_wrong_ind[compatible_vector_array_pair5-&lt;lambda&gt;18]" time="0.0034492015838623047"></testcase><testcase classname="src.pymortests.algorithms.basic" file="src/pymortests/algorithms/basic.py" line="166" name="test_almost_equal_wrong_ind[compatible_vector_array_pair5-&lt;lambda&gt;19]" time="0.003407716751098633"></testcase><testcase classname="src.pymortests.algorithms.basic" file="src/pymortests/algorithms/basic.py" line="166" name="test_almost_equal_wrong_ind[compatible_vector_array_pair5-&lt;lambda&gt;20]" time="0.03856682777404785"></testcase><testcase classname="src.pymortests.algorithms.basic" file="src/pymortests/algorithms/basic.py" line="166" name="test_almost_equal_wrong_ind[compatible_vector_array_pair5-&lt;lambda&gt;21]" time="0.040621280670166016"></testcase><testcase classname="src.pymortests.algorithms.basic" file="src/pymortests/algorithms/basic.py" line="166" name="test_almost_equal_wrong_ind[compatible_vector_array_pair5-&lt;lambda&gt;22]" time="0.1387181282043457"></testcase><testcase classname="src.pymortests.algorithms.basic" file="src/pymortests/algorithms/basic.py" line="166" name="test_almost_equal_wrong_ind[compatible_vector_array_pair5-&lt;lambda&gt;23]" time="0.007357597351074219"></testcase><testcase classname="src.pymortests.algorithms.basic" file="src/pymortests/algorithms/basic.py" line="166" name="test_almost_equal_wrong_ind[compatible_vector_array_pair5-&lt;lambda&gt;24]" time="0.002565622329711914"></testcase><testcase classname="src.pymortests.algorithms.basic" file="src/pymortests/algorithms/basic.py" line="166" name="test_almost_equal_wrong_ind[compatible_vector_array_pair5-&lt;lambda&gt;25]" time="0.00370025634765625"></testcase><testcase classname="src.pymortests.algorithms.basic" file="src/pymortests/algorithms/basic.py" line="166" name="test_almost_equal_wrong_ind[compatible_vector_array_pair5-&lt;lambda&gt;26]" time="0.03469276428222656"></testcase><testcase classname="src.pymortests.algorithms.basic" file="src/pymortests/algorithms/basic.py" line="166" name="test_almost_equal_wrong_ind[compatible_vector_array_pair5-&lt;lambda&gt;27]" time="0.05766105651855469"></testcase><testcase classname="src.pymortests.algorithms.basic" file="src/pymortests/algorithms/basic.py" line="166" name="test_almost_equal_wrong_ind[compatible_vector_array_pair5-&lt;lambda&gt;28]" time="0.21193480491638184"></testcase><testcase classname="src.pymortests.algorithms.basic" file="src/pymortests/algorithms/basic.py" line="166" name="test_almost_equal_wrong_ind[compatible_vector_array_pair5-&lt;lambda&gt;29]" time="0.00863337516784668"></testcase><testcase classname="src.pymortests.algorithms.basic" file="src/pymortests/algorithms/basic.py" line="166" name="test_almost_equal_wrong_ind[compatible_vector_array_pair6-&lt;lambda&gt;0]" time="0.0027534961700439453"></testcase><testcase classname="src.pymortests.algorithms.basic" file="src/pymortests/algorithms/basic.py" line="166" name="test_almost_equal_wrong_ind[compatible_vector_array_pair6-&lt;lambda&gt;1]" time="0.0025599002838134766"></testcase><testcase classname="src.pymortests.algorithms.basic" file="src/pymortests/algorithms/basic.py" line="166" name="test_almost_equal_wrong_ind[compatible_vector_array_pair6-&lt;lambda&gt;2]" time="0.00399327278137207"></testcase><testcase classname="src.pymortests.algorithms.basic" file="src/pymortests/algorithms/basic.py" line="166" name="test_almost_equal_wrong_ind[compatible_vector_array_pair6-&lt;lambda&gt;3]" time="0.0053119659423828125"></testcase><testcase classname="src.pymortests.algorithms.basic" file="src/pymortests/algorithms/basic.py" line="166" name="test_almost_equal_wrong_ind[compatible_vector_array_pair6-&lt;lambda&gt;4]" time="0.0054683685302734375"></testcase><testcase classname="src.pymortests.algorithms.basic" file="src/pymortests/algorithms/basic.py" line="166" name="test_almost_equal_wrong_ind[compatible_vector_array_pair6-&lt;lambda&gt;5]" time="0.00409388542175293"></testcase><testcase classname="src.pymortests.algorithms.basic" file="src/pymortests/algorithms/basic.py" line="166" name="test_almost_equal_wrong_ind[compatible_vector_array_pair6-&lt;lambda&gt;6]" time="0.0026102066040039062"></testcase><testcase classname="src.pymortests.algorithms.basic" file="src/pymortests/algorithms/basic.py" line="166" name="test_almost_equal_wrong_ind[compatible_vector_array_pair6-&lt;lambda&gt;7]" time="0.0025894641876220703"></testcase><testcase classname="src.pymortests.algorithms.basic" file="src/pymortests/algorithms/basic.py" line="166" name="test_almost_equal_wrong_ind[compatible_vector_array_pair6-&lt;lambda&gt;8]" time="0.014930248260498047"></testcase><testcase classname="src.pymortests.algorithms.basic" file="src/pymortests/algorithms/basic.py" line="166" name="test_almost_equal_wrong_ind[compatible_vector_array_pair6-&lt;lambda&gt;9]" time="0.03145122528076172"></testcase><testcase classname="src.pymortests.algorithms.basic" file="src/pymortests/algorithms/basic.py" line="166" name="test_almost_equal_wrong_ind[compatible_vector_array_pair6-&lt;lambda&gt;10]" time="0.10371732711791992"></testcase><testcase classname="src.pymortests.algorithms.basic" file="src/pymortests/algorithms/basic.py" line="166" name="test_almost_equal_wrong_ind[compatible_vector_array_pair6-&lt;lambda&gt;11]" time="0.00634765625"></testcase><testcase classname="src.pymortests.algorithms.basic" file="src/pymortests/algorithms/basic.py" line="166" name="test_almost_equal_wrong_ind[compatible_vector_array_pair6-&lt;lambda&gt;12]" time="0.004342317581176758"></testcase><testcase classname="src.pymortests.algorithms.basic" file="src/pymortests/algorithms/basic.py" line="166" name="test_almost_equal_wrong_ind[compatible_vector_array_pair6-&lt;lambda&gt;13]" time="0.007447957992553711"></testcase><testcase classname="src.pymortests.algorithms.basic" file="src/pymortests/algorithms/basic.py" line="166" name="test_almost_equal_wrong_ind[compatible_vector_array_pair6-&lt;lambda&gt;14]" time="0.005961179733276367"></testcase><testcase classname="src.pymortests.algorithms.basic" file="src/pymortests/algorithms/basic.py" line="166" name="test_almost_equal_wrong_ind[compatible_vector_array_pair6-&lt;lambda&gt;15]" time="0.00723576545715332"></testcase><testcase classname="src.pymortests.algorithms.basic" file="src/pymortests/algorithms/basic.py" line="166" name="test_almost_equal_wrong_ind[compatible_vector_array_pair6-&lt;lambda&gt;16]" time="0.010693788528442383"></testcase><testcase classname="src.pymortests.algorithms.basic" file="src/pymortests/algorithms/basic.py" line="166" name="test_almost_equal_wrong_ind[compatible_vector_array_pair6-&lt;lambda&gt;17]" time="0.010829925537109375"></testcase><testcase classname="src.pymortests.algorithms.basic" file="src/pymortests/algorithms/basic.py" line="166" name="test_almost_equal_wrong_ind[compatible_vector_array_pair6-&lt;lambda&gt;18]" time="0.0033669471740722656"></testcase><testcase classname="src.pymortests.algorithms.basic" file="src/pymortests/algorithms/basic.py" line="166" name="test_almost_equal_wrong_ind[compatible_vector_array_pair6-&lt;lambda&gt;19]" time="0.003548145294189453"></testcase><testcase classname="src.pymortests.algorithms.basic" file="src/pymortests/algorithms/basic.py" line="166" name="test_almost_equal_wrong_ind[compatible_vector_array_pair6-&lt;lambda&gt;20]" time="0.03785514831542969"></testcase><testcase classname="src.pymortests.algorithms.basic" file="src/pymortests/algorithms/basic.py" line="166" name="test_almost_equal_wrong_ind[compatible_vector_array_pair6-&lt;lambda&gt;21]" time="0.04130697250366211"></testcase><testcase classname="src.pymortests.algorithms.basic" file="src/pymortests/algorithms/basic.py" line="166" name="test_almost_equal_wrong_ind[compatible_vector_array_pair6-&lt;lambda&gt;22]" time="0.13875198364257812"></testcase><testcase classname="src.pymortests.algorithms.basic" file="src/pymortests/algorithms/basic.py" line="166" name="test_almost_equal_wrong_ind[compatible_vector_array_pair6-&lt;lambda&gt;23]" time="0.007394552230834961"></testcase><testcase classname="src.pymortests.algorithms.basic" file="src/pymortests/algorithms/basic.py" line="166" name="test_almost_equal_wrong_ind[compatible_vector_array_pair6-&lt;lambda&gt;24]" time="0.0026183128356933594"></testcase><testcase classname="src.pymortests.algorithms.basic" file="src/pymortests/algorithms/basic.py" line="166" name="test_almost_equal_wrong_ind[compatible_vector_array_pair6-&lt;lambda&gt;25]" time="0.003702402114868164"></testcase><testcase classname="src.pymortests.algorithms.basic" file="src/pymortests/algorithms/basic.py" line="166" name="test_almost_equal_wrong_ind[compatible_vector_array_pair6-&lt;lambda&gt;26]" time="0.03431844711303711"></testcase><testcase classname="src.pymortests.algorithms.basic" file="src/pymortests/algorithms/basic.py" line="166" name="test_almost_equal_wrong_ind[compatible_vector_array_pair6-&lt;lambda&gt;27]" time="0.05797696113586426"></testcase><testcase classname="src.pymortests.algorithms.basic" file="src/pymortests/algorithms/basic.py" line="166" name="test_almost_equal_wrong_ind[compatible_vector_array_pair6-&lt;lambda&gt;28]" time="0.20647263526916504"></testcase><testcase classname="src.pymortests.algorithms.basic" file="src/pymortests/algorithms/basic.py" line="166" name="test_almost_equal_wrong_ind[compatible_vector_array_pair6-&lt;lambda&gt;29]" time="0.009146451950073242"></testcase><testcase classname="src.pymortests.algorithms.basic" file="src/pymortests/algorithms/basic.py" line="166" name="test_almost_equal_wrong_ind[compatible_vector_array_pair7-&lt;lambda&gt;0]" time="0.0028722286224365234"></testcase><testcase classname="src.pymortests.algorithms.basic" file="src/pymortests/algorithms/basic.py" line="166" name="test_almost_equal_wrong_ind[compatible_vector_array_pair7-&lt;lambda&gt;1]" time="0.0025870800018310547"></testcase><testcase classname="src.pymortests.algorithms.basic" file="src/pymortests/algorithms/basic.py" line="166" name="test_almost_equal_wrong_ind[compatible_vector_array_pair7-&lt;lambda&gt;2]" time="0.003968238830566406"></testcase><testcase classname="src.pymortests.algorithms.basic" file="src/pymortests/algorithms/basic.py" line="166" name="test_almost_equal_wrong_ind[compatible_vector_array_pair7-&lt;lambda&gt;3]" time="0.005402565002441406"></testcase><testcase classname="src.pymortests.algorithms.basic" file="src/pymortests/algorithms/basic.py" line="166" name="test_almost_equal_wrong_ind[compatible_vector_array_pair7-&lt;lambda&gt;4]" time="0.0054759979248046875"></testcase><testcase classname="src.pymortests.algorithms.basic" file="src/pymortests/algorithms/basic.py" line="166" name="test_almost_equal_wrong_ind[compatible_vector_array_pair7-&lt;lambda&gt;5]" time="0.004094362258911133"></testcase><testcase classname="src.pymortests.algorithms.basic" file="src/pymortests/algorithms/basic.py" line="166" name="test_almost_equal_wrong_ind[compatible_vector_array_pair7-&lt;lambda&gt;6]" time="0.0025320053100585938"></testcase><testcase classname="src.pymortests.algorithms.basic" file="src/pymortests/algorithms/basic.py" line="166" name="test_almost_equal_wrong_ind[compatible_vector_array_pair7-&lt;lambda&gt;7]" time="0.0026400089263916016"></testcase><testcase classname="src.pymortests.algorithms.basic" file="src/pymortests/algorithms/basic.py" line="166" name="test_almost_equal_wrong_ind[compatible_vector_array_pair7-&lt;lambda&gt;8]" time="0.014767885208129883"></testcase><testcase classname="src.pymortests.algorithms.basic" file="src/pymortests/algorithms/basic.py" line="166" name="test_almost_equal_wrong_ind[compatible_vector_array_pair7-&lt;lambda&gt;9]" time="0.03128671646118164"></testcase><testcase classname="src.pymortests.algorithms.basic" file="src/pymortests/algorithms/basic.py" line="166" name="test_almost_equal_wrong_ind[compatible_vector_array_pair7-&lt;lambda&gt;10]" time="0.10393857955932617"></testcase><testcase classname="src.pymortests.algorithms.basic" file="src/pymortests/algorithms/basic.py" line="166" name="test_almost_equal_wrong_ind[compatible_vector_array_pair7-&lt;lambda&gt;11]" time="0.006405353546142578"></testcase><testcase classname="src.pymortests.algorithms.basic" file="src/pymortests/algorithms/basic.py" line="166" name="test_almost_equal_wrong_ind[compatible_vector_array_pair7-&lt;lambda&gt;12]" time="0.004450321197509766"></testcase><testcase classname="src.pymortests.algorithms.basic" file="src/pymortests/algorithms/basic.py" line="166" name="test_almost_equal_wrong_ind[compatible_vector_array_pair7-&lt;lambda&gt;13]" time="0.007956266403198242"></testcase><testcase classname="src.pymortests.algorithms.basic" file="src/pymortests/algorithms/basic.py" line="166" name="test_almost_equal_wrong_ind[compatible_vector_array_pair7-&lt;lambda&gt;14]" time="0.0060765743255615234"></testcase><testcase classname="src.pymortests.algorithms.basic" file="src/pymortests/algorithms/basic.py" line="166" name="test_almost_equal_wrong_ind[compatible_vector_array_pair7-&lt;lambda&gt;15]" time="0.007348299026489258"></testcase><testcase classname="src.pymortests.algorithms.basic" file="src/pymortests/algorithms/basic.py" line="166" name="test_almost_equal_wrong_ind[compatible_vector_array_pair7-&lt;lambda&gt;16]" time="0.010810136795043945"></testcase><testcase classname="src.pymortests.algorithms.basic" file="src/pymortests/algorithms/basic.py" line="166" name="test_almost_equal_wrong_ind[compatible_vector_array_pair7-&lt;lambda&gt;17]" time="0.01098322868347168"></testcase><testcase classname="src.pymortests.algorithms.basic" file="src/pymortests/algorithms/basic.py" line="166" name="test_almost_equal_wrong_ind[compatible_vector_array_pair7-&lt;lambda&gt;18]" time="0.0033943653106689453"></testcase><testcase classname="src.pymortests.algorithms.basic" file="src/pymortests/algorithms/basic.py" line="166" name="test_almost_equal_wrong_ind[compatible_vector_array_pair7-&lt;lambda&gt;19]" time="0.003503084182739258"></testcase><testcase classname="src.pymortests.algorithms.basic" file="src/pymortests/algorithms/basic.py" line="166" name="test_almost_equal_wrong_ind[compatible_vector_array_pair7-&lt;lambda&gt;20]" time="0.038683414459228516"></testcase><testcase classname="src.pymortests.algorithms.basic" file="src/pymortests/algorithms/basic.py" line="166" name="test_almost_equal_wrong_ind[compatible_vector_array_pair7-&lt;lambda&gt;21]" time="0.04205918312072754"></testcase><testcase classname="src.pymortests.algorithms.basic" file="src/pymortests/algorithms/basic.py" line="166" name="test_almost_equal_wrong_ind[compatible_vector_array_pair7-&lt;lambda&gt;22]" time="0.13919544219970703"></testcase><testcase classname="src.pymortests.algorithms.basic" file="src/pymortests/algorithms/basic.py" line="166" name="test_almost_equal_wrong_ind[compatible_vector_array_pair7-&lt;lambda&gt;23]" time="0.0076181888580322266"></testcase><testcase classname="src.pymortests.algorithms.basic" file="src/pymortests/algorithms/basic.py" line="166" name="test_almost_equal_wrong_ind[compatible_vector_array_pair7-&lt;lambda&gt;24]" time="0.0037927627563476562"></testcase><testcase classname="src.pymortests.algorithms.basic" file="src/pymortests/algorithms/basic.py" line="166" name="test_almost_equal_wrong_ind[compatible_vector_array_pair7-&lt;lambda&gt;25]" time="0.003737211227416992"></testcase><testcase classname="src.pymortests.algorithms.basic" file="src/pymortests/algorithms/basic.py" line="166" name="test_almost_equal_wrong_ind[compatible_vector_array_pair7-&lt;lambda&gt;26]" time="0.03449416160583496"></testcase><testcase classname="src.pymortests.algorithms.basic" file="src/pymortests/algorithms/basic.py" line="166" name="test_almost_equal_wrong_ind[compatible_vector_array_pair7-&lt;lambda&gt;27]" time="0.05774545669555664"></testcase><testcase classname="src.pymortests.algorithms.basic" file="src/pymortests/algorithms/basic.py" line="166" name="test_almost_equal_wrong_ind[compatible_vector_array_pair7-&lt;lambda&gt;28]" time="0.20778584480285645"></testcase><testcase classname="src.pymortests.algorithms.basic" file="src/pymortests/algorithms/basic.py" line="166" name="test_almost_equal_wrong_ind[compatible_vector_array_pair7-&lt;lambda&gt;29]" time="0.009078264236450195"></testcase><testcase classname="src.pymortests.algorithms.basic" file="src/pymortests/algorithms/basic.py" line="166" name="test_almost_equal_wrong_ind[compatible_vector_array_pair8-&lt;lambda&gt;0]" time="0.0027277469635009766"></testcase><testcase classname="src.pymortests.algorithms.basic" file="src/pymortests/algorithms/basic.py" line="166" name="test_almost_equal_wrong_ind[compatible_vector_array_pair8-&lt;lambda&gt;1]" time="0.002585887908935547"></testcase><testcase classname="src.pymortests.algorithms.basic" file="src/pymortests/algorithms/basic.py" line="166" name="test_almost_equal_wrong_ind[compatible_vector_array_pair8-&lt;lambda&gt;2]" time="0.0039288997650146484"></testcase><testcase classname="src.pymortests.algorithms.basic" file="src/pymortests/algorithms/basic.py" line="166" name="test_almost_equal_wrong_ind[compatible_vector_array_pair8-&lt;lambda&gt;3]" time="0.005388736724853516"></testcase><testcase classname="src.pymortests.algorithms.basic" file="src/pymortests/algorithms/basic.py" line="166" name="test_almost_equal_wrong_ind[compatible_vector_array_pair8-&lt;lambda&gt;4]" time="0.0056498050689697266"></testcase><testcase classname="src.pymortests.algorithms.basic" file="src/pymortests/algorithms/basic.py" line="166" name="test_almost_equal_wrong_ind[compatible_vector_array_pair8-&lt;lambda&gt;5]" time="0.00413203239440918"></testcase><testcase classname="src.pymortests.algorithms.basic" file="src/pymortests/algorithms/basic.py" line="166" name="test_almost_equal_wrong_ind[compatible_vector_array_pair8-&lt;lambda&gt;6]" time="0.002590656280517578"></testcase><testcase classname="src.pymortests.algorithms.basic" file="src/pymortests/algorithms/basic.py" line="166" name="test_almost_equal_wrong_ind[compatible_vector_array_pair8-&lt;lambda&gt;7]" time="0.002641439437866211"></testcase><testcase classname="src.pymortests.algorithms.basic" file="src/pymortests/algorithms/basic.py" line="166" name="test_almost_equal_wrong_ind[compatible_vector_array_pair8-&lt;lambda&gt;8]" time="0.014690160751342773"></testcase><testcase classname="src.pymortests.algorithms.basic" file="src/pymortests/algorithms/basic.py" line="166" name="test_almost_equal_wrong_ind[compatible_vector_array_pair8-&lt;lambda&gt;9]" time="0.03088831901550293"></testcase><testcase classname="src.pymortests.algorithms.basic" file="src/pymortests/algorithms/basic.py" line="166" name="test_almost_equal_wrong_ind[compatible_vector_array_pair8-&lt;lambda&gt;10]" time="0.10690760612487793"></testcase><testcase classname="src.pymortests.algorithms.basic" file="src/pymortests/algorithms/basic.py" line="166" name="test_almost_equal_wrong_ind[compatible_vector_array_pair8-&lt;lambda&gt;11]" time="0.006493806838989258"></testcase><testcase classname="src.pymortests.algorithms.basic" file="src/pymortests/algorithms/basic.py" line="166" name="test_almost_equal_wrong_ind[compatible_vector_array_pair8-&lt;lambda&gt;12]" time="0.0045549869537353516"></testcase><testcase classname="src.pymortests.algorithms.basic" file="src/pymortests/algorithms/basic.py" line="166" name="test_almost_equal_wrong_ind[compatible_vector_array_pair8-&lt;lambda&gt;13]" time="0.007586240768432617"></testcase><testcase classname="src.pymortests.algorithms.basic" file="src/pymortests/algorithms/basic.py" line="166" name="test_almost_equal_wrong_ind[compatible_vector_array_pair8-&lt;lambda&gt;14]" time="0.0062601566314697266"></testcase><testcase classname="src.pymortests.algorithms.basic" file="src/pymortests/algorithms/basic.py" line="166" name="test_almost_equal_wrong_ind[compatible_vector_array_pair8-&lt;lambda&gt;15]" time="0.00731348991394043"></testcase><testcase classname="src.pymortests.algorithms.basic" file="src/pymortests/algorithms/basic.py" line="166" name="test_almost_equal_wrong_ind[compatible_vector_array_pair8-&lt;lambda&gt;16]" time="0.010636568069458008"></testcase><testcase classname="src.pymortests.algorithms.basic" file="src/pymortests/algorithms/basic.py" line="166" name="test_almost_equal_wrong_ind[compatible_vector_array_pair8-&lt;lambda&gt;17]" time="0.010963201522827148"></testcase><testcase classname="src.pymortests.algorithms.basic" file="src/pymortests/algorithms/basic.py" line="166" name="test_almost_equal_wrong_ind[compatible_vector_array_pair8-&lt;lambda&gt;18]" time="0.0033795833587646484"></testcase><testcase classname="src.pymortests.algorithms.basic" file="src/pymortests/algorithms/basic.py" line="166" name="test_almost_equal_wrong_ind[compatible_vector_array_pair8-&lt;lambda&gt;19]" time="0.0033745765686035156"></testcase><testcase classname="src.pymortests.algorithms.basic" file="src/pymortests/algorithms/basic.py" line="166" name="test_almost_equal_wrong_ind[compatible_vector_array_pair8-&lt;lambda&gt;20]" time="0.04070687294006348"></testcase><testcase classname="src.pymortests.algorithms.basic" file="src/pymortests/algorithms/basic.py" line="166" name="test_almost_equal_wrong_ind[compatible_vector_array_pair8-&lt;lambda&gt;21]" time="0.04069995880126953"></testcase><testcase classname="src.pymortests.algorithms.basic" file="src/pymortests/algorithms/basic.py" line="166" name="test_almost_equal_wrong_ind[compatible_vector_array_pair8-&lt;lambda&gt;22]" time="0.1378650665283203"></testcase><testcase classname="src.pymortests.algorithms.basic" file="src/pymortests/algorithms/basic.py" line="166" name="test_almost_equal_wrong_ind[compatible_vector_array_pair8-&lt;lambda&gt;23]" time="0.00735020637512207"></testcase><testcase classname="src.pymortests.algorithms.basic" file="src/pymortests/algorithms/basic.py" line="166" name="test_almost_equal_wrong_ind[compatible_vector_array_pair8-&lt;lambda&gt;24]" time="0.0026221275329589844"></testcase><testcase classname="src.pymortests.algorithms.basic" file="src/pymortests/algorithms/basic.py" line="166" name="test_almost_equal_wrong_ind[compatible_vector_array_pair8-&lt;lambda&gt;25]" time="0.0036163330078125"></testcase><testcase classname="src.pymortests.algorithms.basic" file="src/pymortests/algorithms/basic.py" line="166" name="test_almost_equal_wrong_ind[compatible_vector_array_pair8-&lt;lambda&gt;26]" time="0.034717559814453125"></testcase><testcase classname="src.pymortests.algorithms.basic" file="src/pymortests/algorithms/basic.py" line="166" name="test_almost_equal_wrong_ind[compatible_vector_array_pair8-&lt;lambda&gt;27]" time="0.05848073959350586"></testcase><testcase classname="src.pymortests.algorithms.basic" file="src/pymortests/algorithms/basic.py" line="166" name="test_almost_equal_wrong_ind[compatible_vector_array_pair8-&lt;lambda&gt;28]" time="0.2059040069580078"></testcase><testcase classname="src.pymortests.algorithms.basic" file="src/pymortests/algorithms/basic.py" line="166" name="test_almost_equal_wrong_ind[compatible_vector_array_pair8-&lt;lambda&gt;29]" time="0.009306192398071289"></testcase><testcase classname="src.pymortests.algorithms.basic" file="src/pymortests/algorithms/basic.py" line="178" name="test_project_array" time="0.002073526382446289"></testcase><testcase classname="src.pymortests.algorithms.basic" file="src/pymortests/algorithms/basic.py" line="188" name="test_project_array_with_product" time="0.0024123191833496094"></testcase><testcase classname="src.pymortests.algorithms.gram_schmidt" file="src/pymortests/algorithms/gram_schmidt.py" line="12" name="test_gram_schmidt[0-&lt;lambda&gt;0]" time="0.0020084381103515625"></testcase><testcase classname="src.pymortests.algorithms.gram_schmidt" file="src/pymortests/algorithms/gram_schmidt.py" line="12" name="test_gram_schmidt[0-&lt;lambda&gt;1]" time="0.0019297599792480469"></testcase><testcase classname="src.pymortests.algorithms.gram_schmidt" file="src/pymortests/algorithms/gram_schmidt.py" line="12" name="test_gram_schmidt[0-&lt;lambda&gt;2]" time="0.002061128616333008"></testcase><testcase classname="src.pymortests.algorithms.gram_schmidt" file="src/pymortests/algorithms/gram_schmidt.py" line="12" name="test_gram_schmidt[0-&lt;lambda&gt;3]" time="0.09876465797424316"><system-err>18:19 gram_schmidt: Orthonormalizing vector 31 again
18:19 gram_schmidt: Removing linear dependent vector 32
18:20 gram_schmidt: Removing linear dependent vector 33
18:20 gram_schmidt: Removing linear dependent vector 34
18:20 gram_schmidt: Removing linear dependent vector 35
18:20 gram_schmidt: Removing linear dependent vector 36
18:20 gram_schmidt: Removing linear dependent vector 37
18:20 gram_schmidt: Removing linear dependent vector 38
18:20 gram_schmidt: Removing linear dependent vector 39
18:20 gram_schmidt: Removing linear dependent vector 40
18:20 gram_schmidt: Removing linear dependent vector 41
18:20 gram_schmidt: Removing linear dependent vector 42
18:20 gram_schmidt: Orthonormalizing vector 31 again
18:20 gram_schmidt: Removing linear dependent vector 32
18:20 gram_schmidt: Removing linear dependent vector 33
18:20 gram_schmidt: Removing linear dependent vector 34
18:20 gram_schmidt: Removing linear dependent vector 35
18:20 gram_schmidt: Removing linear dependent vector 36
18:20 gram_schmidt: Removing linear dependent vector 37
18:20 gram_schmidt: Removing linear dependent vector 38
18:20 gram_schmidt: Removing linear dependent vector 39
18:20 gram_schmidt: Removing linear dependent vector 40
18:20 gram_schmidt: Removing linear dependent vector 41
18:20 gram_schmidt: Removing linear dependent vector 42
</system-err></testcase><testcase classname="src.pymortests.algorithms.gram_schmidt" file="src/pymortests/algorithms/gram_schmidt.py" line="12" name="test_gram_schmidt[0-&lt;lambda&gt;4]" time="0.020977497100830078"><system-err>18:20 gram_schmidt: Removing vector 0 of norm 0.0
18:20 gram_schmidt: Removing vector 1 of norm 0.0
18:20 gram_schmidt: Removing vector 2 of norm 0.0
18:20 gram_schmidt: Removing vector 3 of norm 0.0
18:20 gram_schmidt: Removing vector 4 of norm 0.0
18:20 gram_schmidt: Removing vector 5 of norm 0.0
18:20 gram_schmidt: Removing vector 6 of norm 0.0
18:20 gram_schmidt: Removing vector 7 of norm 0.0
18:20 gram_schmidt: Removing vector 8 of norm 0.0
18:20 gram_schmidt: Removing vector 9 of norm 0.0
18:20 gram_schmidt: Removing vector 10 of norm 0.0
18:20 gram_schmidt: Removing vector 11 of norm 0.0
18:20 gram_schmidt: Removing vector 12 of norm 0.0
18:20 gram_schmidt: Removing vector 13 of norm 0.0
18:20 gram_schmidt: Removing vector 14 of norm 0.0
18:20 gram_schmidt: Removing vector 15 of norm 0.0
18:20 gram_schmidt: Removing vector 16 of norm 0.0
18:20 gram_schmidt: Removing vector 17 of norm 0.0
18:20 gram_schmidt: Removing vector 18 of norm 0.0
18:20 gram_schmidt: Removing vector 19 of norm 0.0
18:20 gram_schmidt: Removing vector 20 of norm 0.0
18:20 gram_schmidt: Removing vector 21 of norm 0.0
18:20 gram_schmidt: Removing vector 22 of norm 0.0
18:20 gram_schmidt: Removing vector 23 of norm 0.0
18:20 gram_schmidt: Removing vector 24 of norm 0.0
18:20 gram_schmidt: Removing vector 25 of norm 0.0
18:20 gram_schmidt: Removing vector 26 of norm 0.0
18:20 gram_schmidt: Removing vector 27 of norm 0.0
18:20 gram_schmidt: Removing vector 28 of norm 0.0
18:20 gram_schmidt: Removing vector 29 of norm 0.0
18:20 gram_schmidt: Removing vector 30 of norm 0.0
18:20 gram_schmidt: Removing vector 31 of norm 0.0
18:20 gram_schmidt: Removing vector 32 of norm 0.0
18:20 gram_schmidt: Removing vector 33 of norm 0.0
18:20 gram_schmidt: Removing vector 34 of norm 0.0
18:20 gram_schmidt: Removing vector 35 of norm 0.0
18:20 gram_schmidt: Removing vector 36 of norm 0.0
18:20 gram_schmidt: Removing vector 37 of norm 0.0
18:20 gram_schmidt: Removing vector 38 of norm 0.0
18:20 gram_schmidt: Removing vector 39 of norm 0.0
18:20 gram_schmidt: Removing vector 40 of norm 0.0
18:20 gram_schmidt: Removing vector 41 of norm 0.0
18:20 gram_schmidt: Removing vector 42 of norm 0.0
18:20 gram_schmidt: Removing vector 43 of norm 0.0
18:20 gram_schmidt: Removing vector 44 of norm 0.0
18:20 gram_schmidt: Removing vector 45 of norm 0.0
18:20 gram_schmidt: Removing vector 46 of norm 0.0
18:20 gram_schmidt: Removing vector 47 of norm 0.0
18:20 gram_schmidt: Removing vector 48 of norm 0.0
18:20 gram_schmidt: Removing vector 49 of norm 0.0
18:20 gram_schmidt: Removing vector 50 of norm 0.0
18:20 gram_schmidt: Removing vector 51 of norm 0.0
18:20 gram_schmidt: Removing vector 52 of norm 0.0
18:20 gram_schmidt: Removing vector 53 of norm 0.0
18:20 gram_schmidt: Removing vector 54 of norm 0.0
18:20 gram_schmidt: Removing vector 55 of norm 0.0
18:20 gram_schmidt: Removing vector 56 of norm 0.0
18:20 gram_schmidt: Removing vector 57 of norm 0.0
18:20 gram_schmidt: Removing vector 58 of norm 0.0
18:20 gram_schmidt: Removing vector 59 of norm 0.0
18:20 gram_schmidt: Removing vector 60 of norm 0.0
18:20 gram_schmidt: Removing vector 61 of norm 0.0
18:20 gram_schmidt: Removing vector 62 of norm 0.0
18:20 gram_schmidt: Removing vector 63 of norm 0.0
18:20 gram_schmidt: Removing vector 64 of norm 0.0
18:20 gram_schmidt: Removing vector 65 of norm 0.0
18:20 gram_schmidt: Removing vector 66 of norm 0.0
18:20 gram_schmidt: Removing vector 67 of norm 0.0
18:20 gram_schmidt: Removing vector 68 of norm 0.0
18:20 gram_schmidt: Removing vector 69 of norm 0.0
18:20 gram_schmidt: Removing vector 70 of norm 0.0
18:20 gram_schmidt: Removing vector 71 of norm 0.0
18:20 gram_schmidt: Removing vector 72 of norm 0.0
18:20 gram_schmidt: Removing vector 73 of norm 0.0
18:20 gram_schmidt: Removing vector 74 of norm 0.0
18:20 gram_schmidt: Removing vector 75 of norm 0.0
18:20 gram_schmidt: Removing vector 76 of norm 0.0
18:20 gram_schmidt: Removing vector 77 of norm 0.0
18:20 gram_schmidt: Removing vector 78 of norm 0.0
18:20 gram_schmidt: Removing vector 79 of norm 0.0
18:20 gram_schmidt: Removing vector 80 of norm 0.0
18:20 gram_schmidt: Removing vector 81 of norm 0.0
18:20 gram_schmidt: Removing vector 82 of norm 0.0
18:20 gram_schmidt: Removing vector 83 of norm 0.0
18:20 gram_schmidt: Removing vector 84 of norm 0.0
18:20 gram_schmidt: Removing vector 85 of norm 0.0
18:20 gram_schmidt: Removing vector 86 of norm 0.0
18:20 gram_schmidt: Removing vector 87 of norm 0.0
18:20 gram_schmidt: Removing vector 88 of norm 0.0
18:20 gram_schmidt: Removing vector 89 of norm 0.0
18:20 gram_schmidt: Removing vector 90 of norm 0.0
18:20 gram_schmidt: Removing vector 91 of norm 0.0
18:20 gram_schmidt: Removing vector 92 of norm 0.0
18:20 gram_schmidt: Removing vector 93 of norm 0.0
18:20 gram_schmidt: Removing vector 94 of norm 0.0
18:20 gram_schmidt: Removing vector 95 of norm 0.0
18:20 gram_schmidt: Removing vector 96 of norm 0.0
18:20 gram_schmidt: Removing vector 97 of norm 0.0
18:20 gram_schmidt: Removing vector 98 of norm 0.0
18:20 gram_schmidt: Removing vector 99 of norm 0.0
18:20 gram_schmidt: Removing vector 100 of norm 0.0
18:20 gram_schmidt: Removing vector 101 of norm 0.0
18:20 gram_schmidt: Removing vector 0 of norm 0.0
18:20 gram_schmidt: Removing vector 1 of norm 0.0
18:20 gram_schmidt: Removing vector 2 of norm 0.0
18:20 gram_schmidt: Removing vector 3 of norm 0.0
18:20 gram_schmidt: Removing vector 4 of norm 0.0
18:20 gram_schmidt: Removing vector 5 of norm 0.0
18:20 gram_schmidt: Removing vector 6 of norm 0.0
18:20 gram_schmidt: Removing vector 7 of norm 0.0
18:20 gram_schmidt: Removing vector 8 of norm 0.0
18:20 gram_schmidt: Removing vector 9 of norm 0.0
18:20 gram_schmidt: Removing vector 10 of norm 0.0
18:20 gram_schmidt: Removing vector 11 of norm 0.0
18:20 gram_schmidt: Removing vector 12 of norm 0.0
18:20 gram_schmidt: Removing vector 13 of norm 0.0
18:20 gram_schmidt: Removing vector 14 of norm 0.0
18:20 gram_schmidt: Removing vector 15 of norm 0.0
18:20 gram_schmidt: Removing vector 16 of norm 0.0
18:20 gram_schmidt: Removing vector 17 of norm 0.0
18:20 gram_schmidt: Removing vector 18 of norm 0.0
18:20 gram_schmidt: Removing vector 19 of norm 0.0
18:20 gram_schmidt: Removing vector 20 of norm 0.0
18:20 gram_schmidt: Removing vector 21 of norm 0.0
18:20 gram_schmidt: Removing vector 22 of norm 0.0
18:20 gram_schmidt: Removing vector 23 of norm 0.0
18:20 gram_schmidt: Removing vector 24 of norm 0.0
18:20 gram_schmidt: Removing vector 25 of norm 0.0
18:20 gram_schmidt: Removing vector 26 of norm 0.0
18:20 gram_schmidt: Removing vector 27 of norm 0.0
18:20 gram_schmidt: Removing vector 28 of norm 0.0
18:20 gram_schmidt: Removing vector 29 of norm 0.0
18:20 gram_schmidt: Removing vector 30 of norm 0.0
18:20 gram_schmidt: Removing vector 31 of norm 0.0
18:20 gram_schmidt: Removing vector 32 of norm 0.0
18:20 gram_schmidt: Removing vector 33 of norm 0.0
18:20 gram_schmidt: Removing vector 34 of norm 0.0
18:20 gram_schmidt: Removing vector 35 of norm 0.0
18:20 gram_schmidt: Removing vector 36 of norm 0.0
18:20 gram_schmidt: Removing vector 37 of norm 0.0
18:20 gram_schmidt: Removing vector 38 of norm 0.0
18:20 gram_schmidt: Removing vector 39 of norm 0.0
18:20 gram_schmidt: Removing vector 40 of norm 0.0
18:20 gram_schmidt: Removing vector 41 of norm 0.0
18:20 gram_schmidt: Removing vector 42 of norm 0.0
18:20 gram_schmidt: Removing vector 43 of norm 0.0
18:20 gram_schmidt: Removing vector 44 of norm 0.0
18:20 gram_schmidt: Removing vector 45 of norm 0.0
18:20 gram_schmidt: Removing vector 46 of norm 0.0
18:20 gram_schmidt: Removing vector 47 of norm 0.0
18:20 gram_schmidt: Removing vector 48 of norm 0.0
18:20 gram_schmidt: Removing vector 49 of norm 0.0
18:20 gram_schmidt: Removing vector 50 of norm 0.0
18:20 gram_schmidt: Removing vector 51 of norm 0.0
18:20 gram_schmidt: Removing vector 52 of norm 0.0
18:20 gram_schmidt: Removing vector 53 of norm 0.0
18:20 gram_schmidt: Removing vector 54 of norm 0.0
18:20 gram_schmidt: Removing vector 55 of norm 0.0
18:20 gram_schmidt: Removing vector 56 of norm 0.0
18:20 gram_schmidt: Removing vector 57 of norm 0.0
18:20 gram_schmidt: Removing vector 58 of norm 0.0
18:20 gram_schmidt: Removing vector 59 of norm 0.0
18:20 gram_schmidt: Removing vector 60 of norm 0.0
18:20 gram_schmidt: Removing vector 61 of norm 0.0
18:20 gram_schmidt: Removing vector 62 of norm 0.0
18:20 gram_schmidt: Removing vector 63 of norm 0.0
18:20 gram_schmidt: Removing vector 64 of norm 0.0
18:20 gram_schmidt: Removing vector 65 of norm 0.0
18:20 gram_schmidt: Removing vector 66 of norm 0.0
18:20 gram_schmidt: Removing vector 67 of norm 0.0
18:20 gram_schmidt: Removing vector 68 of norm 0.0
18:20 gram_schmidt: Removing vector 69 of norm 0.0
18:20 gram_schmidt: Removing vector 70 of norm 0.0
18:20 gram_schmidt: Removing vector 71 of norm 0.0
18:20 gram_schmidt: Removing vector 72 of norm 0.0
18:20 gram_schmidt: Removing vector 73 of norm 0.0
18:20 gram_schmidt: Removing vector 74 of norm 0.0
18:20 gram_schmidt: Removing vector 75 of norm 0.0
18:20 gram_schmidt: Removing vector 76 of norm 0.0
18:20 gram_schmidt: Removing vector 77 of norm 0.0
18:20 gram_schmidt: Removing vector 78 of norm 0.0
18:20 gram_schmidt: Removing vector 79 of norm 0.0
18:20 gram_schmidt: Removing vector 80 of norm 0.0
18:20 gram_schmidt: Removing vector 81 of norm 0.0
18:20 gram_schmidt: Removing vector 82 of norm 0.0
18:20 gram_schmidt: Removing vector 83 of norm 0.0
18:20 gram_schmidt: Removing vector 84 of norm 0.0
18:20 gram_schmidt: Removing vector 85 of norm 0.0
18:20 gram_schmidt: Removing vector 86 of norm 0.0
18:20 gram_schmidt: Removing vector 87 of norm 0.0
18:20 gram_schmidt: Removing vector 88 of norm 0.0
18:20 gram_schmidt: Removing vector 89 of norm 0.0
18:20 gram_schmidt: Removing vector 90 of norm 0.0
18:20 gram_schmidt: Removing vector 91 of norm 0.0
18:20 gram_schmidt: Removing vector 92 of norm 0.0
18:20 gram_schmidt: Removing vector 93 of norm 0.0
18:20 gram_schmidt: Removing vector 94 of norm 0.0
18:20 gram_schmidt: Removing vector 95 of norm 0.0
18:20 gram_schmidt: Removing vector 96 of norm 0.0
18:20 gram_schmidt: Removing vector 97 of norm 0.0
18:20 gram_schmidt: Removing vector 98 of norm 0.0
18:20 gram_schmidt: Removing vector 99 of norm 0.0
18:20 gram_schmidt: Removing vector 100 of norm 0.0
18:20 gram_schmidt: Removing vector 101 of norm 0.0
</system-err></testcase><testcase classname="src.pymortests.algorithms.gram_schmidt" file="src/pymortests/algorithms/gram_schmidt.py" line="12" name="test_gram_schmidt[0-&lt;lambda&gt;5]" time="0.002681255340576172"></testcase><testcase classname="src.pymortests.algorithms.gram_schmidt" file="src/pymortests/algorithms/gram_schmidt.py" line="12" name="test_gram_schmidt[0-&lt;lambda&gt;6]" time="0.001959085464477539"></testcase><testcase classname="src.pymortests.algorithms.gram_schmidt" file="src/pymortests/algorithms/gram_schmidt.py" line="12" name="test_gram_schmidt[0-&lt;lambda&gt;7]" time="0.0031890869140625"></testcase><testcase classname="src.pymortests.algorithms.gram_schmidt" file="src/pymortests/algorithms/gram_schmidt.py" line="12" name="test_gram_schmidt[0-&lt;lambda&gt;8]" time="0.19231200218200684"><system-err>18:20 gram_schmidt: Orthonormalizing vector 31 again
18:20 gram_schmidt: Removing linear dependent vector 32
18:20 gram_schmidt: Removing linear dependent vector 33
18:20 gram_schmidt: Removing linear dependent vector 34
18:20 gram_schmidt: Removing linear dependent vector 35
18:20 gram_schmidt: Removing linear dependent vector 36
18:20 gram_schmidt: Removing linear dependent vector 37
18:20 gram_schmidt: Removing linear dependent vector 38
18:20 gram_schmidt: Removing linear dependent vector 39
18:20 gram_schmidt: Removing linear dependent vector 40
18:20 gram_schmidt: Removing linear dependent vector 41
18:20 gram_schmidt: Removing linear dependent vector 42
18:20 gram_schmidt: Orthonormalizing vector 31 again
18:20 gram_schmidt: Removing linear dependent vector 32
18:20 gram_schmidt: Removing linear dependent vector 33
18:20 gram_schmidt: Removing linear dependent vector 34
18:20 gram_schmidt: Removing linear dependent vector 35
18:20 gram_schmidt: Removing linear dependent vector 36
18:20 gram_schmidt: Removing linear dependent vector 37
18:20 gram_schmidt: Removing linear dependent vector 38
18:20 gram_schmidt: Removing linear dependent vector 39
18:20 gram_schmidt: Removing linear dependent vector 40
18:20 gram_schmidt: Removing linear dependent vector 41
18:20 gram_schmidt: Removing linear dependent vector 42
</system-err></testcase><testcase classname="src.pymortests.algorithms.gram_schmidt" file="src/pymortests/algorithms/gram_schmidt.py" line="12" name="test_gram_schmidt[0-&lt;lambda&gt;9]" time="0.026786327362060547"><system-err>18:20 gram_schmidt: Removing vector 0 of norm 0.0
18:20 gram_schmidt: Removing vector 1 of norm 0.0
18:20 gram_schmidt: Removing vector 2 of norm 0.0
18:20 gram_schmidt: Removing vector 3 of norm 0.0
18:20 gram_schmidt: Removing vector 4 of norm 0.0
18:20 gram_schmidt: Removing vector 5 of norm 0.0
18:20 gram_schmidt: Removing vector 6 of norm 0.0
18:20 gram_schmidt: Removing vector 7 of norm 0.0
18:20 gram_schmidt: Removing vector 8 of norm 0.0
18:20 gram_schmidt: Removing vector 9 of norm 0.0
18:20 gram_schmidt: Removing vector 10 of norm 0.0
18:20 gram_schmidt: Removing vector 11 of norm 0.0
18:20 gram_schmidt: Removing vector 12 of norm 0.0
18:20 gram_schmidt: Removing vector 13 of norm 0.0
18:20 gram_schmidt: Removing vector 14 of norm 0.0
18:20 gram_schmidt: Removing vector 15 of norm 0.0
18:20 gram_schmidt: Removing vector 16 of norm 0.0
18:20 gram_schmidt: Removing vector 17 of norm 0.0
18:20 gram_schmidt: Removing vector 18 of norm 0.0
18:20 gram_schmidt: Removing vector 19 of norm 0.0
18:20 gram_schmidt: Removing vector 20 of norm 0.0
18:20 gram_schmidt: Removing vector 21 of norm 0.0
18:20 gram_schmidt: Removing vector 22 of norm 0.0
18:20 gram_schmidt: Removing vector 23 of norm 0.0
18:20 gram_schmidt: Removing vector 24 of norm 0.0
18:20 gram_schmidt: Removing vector 25 of norm 0.0
18:20 gram_schmidt: Removing vector 26 of norm 0.0
18:20 gram_schmidt: Removing vector 27 of norm 0.0
18:20 gram_schmidt: Removing vector 28 of norm 0.0
18:20 gram_schmidt: Removing vector 29 of norm 0.0
18:20 gram_schmidt: Removing vector 30 of norm 0.0
18:20 gram_schmidt: Removing vector 31 of norm 0.0
18:20 gram_schmidt: Removing vector 32 of norm 0.0
18:20 gram_schmidt: Removing vector 33 of norm 0.0
18:20 gram_schmidt: Removing vector 34 of norm 0.0
18:20 gram_schmidt: Removing vector 35 of norm 0.0
18:20 gram_schmidt: Removing vector 36 of norm 0.0
18:20 gram_schmidt: Removing vector 37 of norm 0.0
18:20 gram_schmidt: Removing vector 38 of norm 0.0
18:20 gram_schmidt: Removing vector 39 of norm 0.0
18:20 gram_schmidt: Removing vector 40 of norm 0.0
18:20 gram_schmidt: Removing vector 41 of norm 0.0
18:20 gram_schmidt: Removing vector 42 of norm 0.0
18:20 gram_schmidt: Removing vector 43 of norm 0.0
18:20 gram_schmidt: Removing vector 44 of norm 0.0
18:20 gram_schmidt: Removing vector 45 of norm 0.0
18:20 gram_schmidt: Removing vector 46 of norm 0.0
18:20 gram_schmidt: Removing vector 47 of norm 0.0
18:20 gram_schmidt: Removing vector 48 of norm 0.0
18:20 gram_schmidt: Removing vector 49 of norm 0.0
18:20 gram_schmidt: Removing vector 50 of norm 0.0
18:20 gram_schmidt: Removing vector 51 of norm 0.0
18:20 gram_schmidt: Removing vector 52 of norm 0.0
18:20 gram_schmidt: Removing vector 53 of norm 0.0
18:20 gram_schmidt: Removing vector 54 of norm 0.0
18:20 gram_schmidt: Removing vector 55 of norm 0.0
18:20 gram_schmidt: Removing vector 56 of norm 0.0
18:20 gram_schmidt: Removing vector 57 of norm 0.0
18:20 gram_schmidt: Removing vector 58 of norm 0.0
18:20 gram_schmidt: Removing vector 59 of norm 0.0
18:20 gram_schmidt: Removing vector 60 of norm 0.0
18:20 gram_schmidt: Removing vector 61 of norm 0.0
18:20 gram_schmidt: Removing vector 62 of norm 0.0
18:20 gram_schmidt: Removing vector 63 of norm 0.0
18:20 gram_schmidt: Removing vector 64 of norm 0.0
18:20 gram_schmidt: Removing vector 65 of norm 0.0
18:20 gram_schmidt: Removing vector 66 of norm 0.0
18:20 gram_schmidt: Removing vector 67 of norm 0.0
18:20 gram_schmidt: Removing vector 68 of norm 0.0
18:20 gram_schmidt: Removing vector 69 of norm 0.0
18:20 gram_schmidt: Removing vector 70 of norm 0.0
18:20 gram_schmidt: Removing vector 71 of norm 0.0
18:20 gram_schmidt: Removing vector 72 of norm 0.0
18:20 gram_schmidt: Removing vector 73 of norm 0.0
18:20 gram_schmidt: Removing vector 74 of norm 0.0
18:20 gram_schmidt: Removing vector 75 of norm 0.0
18:20 gram_schmidt: Removing vector 76 of norm 0.0
18:20 gram_schmidt: Removing vector 77 of norm 0.0
18:20 gram_schmidt: Removing vector 78 of norm 0.0
18:20 gram_schmidt: Removing vector 79 of norm 0.0
18:20 gram_schmidt: Removing vector 80 of norm 0.0
18:20 gram_schmidt: Removing vector 81 of norm 0.0
18:20 gram_schmidt: Removing vector 82 of norm 0.0
18:20 gram_schmidt: Removing vector 83 of norm 0.0
18:20 gram_schmidt: Removing vector 84 of norm 0.0
18:20 gram_schmidt: Removing vector 85 of norm 0.0
18:20 gram_schmidt: Removing vector 86 of norm 0.0
18:20 gram_schmidt: Removing vector 87 of norm 0.0
18:20 gram_schmidt: Removing vector 88 of norm 0.0
18:20 gram_schmidt: Removing vector 89 of norm 0.0
18:20 gram_schmidt: Removing vector 90 of norm 0.0
18:20 gram_schmidt: Removing vector 91 of norm 0.0
18:20 gram_schmidt: Removing vector 92 of norm 0.0
18:20 gram_schmidt: Removing vector 93 of norm 0.0
18:20 gram_schmidt: Removing vector 94 of norm 0.0
18:20 gram_schmidt: Removing vector 95 of norm 0.0
18:20 gram_schmidt: Removing vector 96 of norm 0.0
18:20 gram_schmidt: Removing vector 97 of norm 0.0
18:20 gram_schmidt: Removing vector 98 of norm 0.0
18:20 gram_schmidt: Removing vector 99 of norm 0.0
18:20 gram_schmidt: Removing vector 100 of norm 0.0
18:20 gram_schmidt: Removing vector 101 of norm 0.0
18:20 gram_schmidt: Removing vector 0 of norm 0.0
18:20 gram_schmidt: Removing vector 1 of norm 0.0
18:20 gram_schmidt: Removing vector 2 of norm 0.0
18:20 gram_schmidt: Removing vector 3 of norm 0.0
18:20 gram_schmidt: Removing vector 4 of norm 0.0
18:20 gram_schmidt: Removing vector 5 of norm 0.0
18:20 gram_schmidt: Removing vector 6 of norm 0.0
18:20 gram_schmidt: Removing vector 7 of norm 0.0
18:20 gram_schmidt: Removing vector 8 of norm 0.0
18:20 gram_schmidt: Removing vector 9 of norm 0.0
18:20 gram_schmidt: Removing vector 10 of norm 0.0
18:20 gram_schmidt: Removing vector 11 of norm 0.0
18:20 gram_schmidt: Removing vector 12 of norm 0.0
18:20 gram_schmidt: Removing vector 13 of norm 0.0
18:20 gram_schmidt: Removing vector 14 of norm 0.0
18:20 gram_schmidt: Removing vector 15 of norm 0.0
18:20 gram_schmidt: Removing vector 16 of norm 0.0
18:20 gram_schmidt: Removing vector 17 of norm 0.0
18:20 gram_schmidt: Removing vector 18 of norm 0.0
18:20 gram_schmidt: Removing vector 19 of norm 0.0
18:20 gram_schmidt: Removing vector 20 of norm 0.0
18:20 gram_schmidt: Removing vector 21 of norm 0.0
18:20 gram_schmidt: Removing vector 22 of norm 0.0
18:20 gram_schmidt: Removing vector 23 of norm 0.0
18:20 gram_schmidt: Removing vector 24 of norm 0.0
18:20 gram_schmidt: Removing vector 25 of norm 0.0
18:20 gram_schmidt: Removing vector 26 of norm 0.0
18:20 gram_schmidt: Removing vector 27 of norm 0.0
18:20 gram_schmidt: Removing vector 28 of norm 0.0
18:20 gram_schmidt: Removing vector 29 of norm 0.0
18:20 gram_schmidt: Removing vector 30 of norm 0.0
18:20 gram_schmidt: Removing vector 31 of norm 0.0
18:20 gram_schmidt: Removing vector 32 of norm 0.0
18:20 gram_schmidt: Removing vector 33 of norm 0.0
18:20 gram_schmidt: Removing vector 34 of norm 0.0
18:20 gram_schmidt: Removing vector 35 of norm 0.0
18:20 gram_schmidt: Removing vector 36 of norm 0.0
18:20 gram_schmidt: Removing vector 37 of norm 0.0
18:20 gram_schmidt: Removing vector 38 of norm 0.0
18:20 gram_schmidt: Removing vector 39 of norm 0.0
18:20 gram_schmidt: Removing vector 40 of norm 0.0
18:20 gram_schmidt: Removing vector 41 of norm 0.0
18:20 gram_schmidt: Removing vector 42 of norm 0.0
18:20 gram_schmidt: Removing vector 43 of norm 0.0
18:20 gram_schmidt: Removing vector 44 of norm 0.0
18:20 gram_schmidt: Removing vector 45 of norm 0.0
18:20 gram_schmidt: Removing vector 46 of norm 0.0
18:20 gram_schmidt: Removing vector 47 of norm 0.0
18:20 gram_schmidt: Removing vector 48 of norm 0.0
18:20 gram_schmidt: Removing vector 49 of norm 0.0
18:20 gram_schmidt: Removing vector 50 of norm 0.0
18:20 gram_schmidt: Removing vector 51 of norm 0.0
18:20 gram_schmidt: Removing vector 52 of norm 0.0
18:20 gram_schmidt: Removing vector 53 of norm 0.0
18:20 gram_schmidt: Removing vector 54 of norm 0.0
18:20 gram_schmidt: Removing vector 55 of norm 0.0
18:20 gram_schmidt: Removing vector 56 of norm 0.0
18:20 gram_schmidt: Removing vector 57 of norm 0.0
18:20 gram_schmidt: Removing vector 58 of norm 0.0
18:20 gram_schmidt: Removing vector 59 of norm 0.0
18:20 gram_schmidt: Removing vector 60 of norm 0.0
18:20 gram_schmidt: Removing vector 61 of norm 0.0
18:20 gram_schmidt: Removing vector 62 of norm 0.0
18:20 gram_schmidt: Removing vector 63 of norm 0.0
18:20 gram_schmidt: Removing vector 64 of norm 0.0
18:20 gram_schmidt: Removing vector 65 of norm 0.0
18:20 gram_schmidt: Removing vector 66 of norm 0.0
18:20 gram_schmidt: Removing vector 67 of norm 0.0
18:20 gram_schmidt: Removing vector 68 of norm 0.0
18:20 gram_schmidt: Removing vector 69 of norm 0.0
18:20 gram_schmidt: Removing vector 70 of norm 0.0
18:20 gram_schmidt: Removing vector 71 of norm 0.0
18:20 gram_schmidt: Removing vector 72 of norm 0.0
18:20 gram_schmidt: Removing vector 73 of norm 0.0
18:20 gram_schmidt: Removing vector 74 of norm 0.0
18:20 gram_schmidt: Removing vector 75 of norm 0.0
18:20 gram_schmidt: Removing vector 76 of norm 0.0
18:20 gram_schmidt: Removing vector 77 of norm 0.0
18:20 gram_schmidt: Removing vector 78 of norm 0.0
18:20 gram_schmidt: Removing vector 79 of norm 0.0
18:20 gram_schmidt: Removing vector 80 of norm 0.0
18:20 gram_schmidt: Removing vector 81 of norm 0.0
18:20 gram_schmidt: Removing vector 82 of norm 0.0
18:20 gram_schmidt: Removing vector 83 of norm 0.0
18:20 gram_schmidt: Removing vector 84 of norm 0.0
18:20 gram_schmidt: Removing vector 85 of norm 0.0
18:20 gram_schmidt: Removing vector 86 of norm 0.0
18:20 gram_schmidt: Removing vector 87 of norm 0.0
18:20 gram_schmidt: Removing vector 88 of norm 0.0
18:20 gram_schmidt: Removing vector 89 of norm 0.0
18:20 gram_schmidt: Removing vector 90 of norm 0.0
18:20 gram_schmidt: Removing vector 91 of norm 0.0
18:20 gram_schmidt: Removing vector 92 of norm 0.0
18:20 gram_schmidt: Removing vector 93 of norm 0.0
18:20 gram_schmidt: Removing vector 94 of norm 0.0
18:20 gram_schmidt: Removing vector 95 of norm 0.0
18:20 gram_schmidt: Removing vector 96 of norm 0.0
18:20 gram_schmidt: Removing vector 97 of norm 0.0
18:20 gram_schmidt: Removing vector 98 of norm 0.0
18:20 gram_schmidt: Removing vector 99 of norm 0.0
18:20 gram_schmidt: Removing vector 100 of norm 0.0
18:20 gram_schmidt: Removing vector 101 of norm 0.0
</system-err></testcase><testcase classname="src.pymortests.algorithms.gram_schmidt" file="src/pymortests/algorithms/gram_schmidt.py" line="12" name="test_gram_schmidt[0-&lt;lambda&gt;10]" time="0.0034258365631103516"></testcase><testcase classname="src.pymortests.algorithms.gram_schmidt" file="src/pymortests/algorithms/gram_schmidt.py" line="12" name="test_gram_schmidt[0-&lt;lambda&gt;11]" time="0.006399869918823242"><system-err>18:20 gram_schmidt: Removing linear dependent vector 3
18:20 gram_schmidt: Removing linear dependent vector 3
</system-err></testcase><testcase classname="src.pymortests.algorithms.gram_schmidt" file="src/pymortests/algorithms/gram_schmidt.py" line="12" name="test_gram_schmidt[0-&lt;lambda&gt;12]" time="0.0036382675170898438"><system-err>18:20 gram_schmidt: Removing vector 0 of norm 0.0
18:20 gram_schmidt: Removing vector 1 of norm 0.0
18:20 gram_schmidt: Removing vector 2 of norm 0.0
18:20 gram_schmidt: Removing vector 0 of norm 0.0
18:20 gram_schmidt: Removing vector 1 of norm 0.0
18:20 gram_schmidt: Removing vector 2 of norm 0.0
</system-err></testcase><testcase classname="src.pymortests.algorithms.gram_schmidt" file="src/pymortests/algorithms/gram_schmidt.py" line="12" name="test_gram_schmidt[0-&lt;lambda&gt;13]" time="0.002482175827026367"></testcase><testcase classname="src.pymortests.algorithms.gram_schmidt" file="src/pymortests/algorithms/gram_schmidt.py" line="12" name="test_gram_schmidt[0-&lt;lambda&gt;14]" time="0.004477739334106445"></testcase><testcase classname="src.pymortests.algorithms.gram_schmidt" file="src/pymortests/algorithms/gram_schmidt.py" line="12" name="test_gram_schmidt[0-&lt;lambda&gt;15]" time="0.36722850799560547"><system-err>18:20 gram_schmidt: Removing linear dependent vector 36
18:20 gram_schmidt: Removing linear dependent vector 37
18:20 gram_schmidt: Removing linear dependent vector 38
18:20 gram_schmidt: Removing linear dependent vector 39
18:20 gram_schmidt: Removing linear dependent vector 40
18:20 gram_schmidt: Removing linear dependent vector 41
18:20 gram_schmidt: Removing linear dependent vector 42
18:20 gram_schmidt: Removing linear dependent vector 36
18:20 gram_schmidt: Removing linear dependent vector 37
18:20 gram_schmidt: Removing linear dependent vector 38
18:20 gram_schmidt: Removing linear dependent vector 39
18:20 gram_schmidt: Removing linear dependent vector 40
18:20 gram_schmidt: Removing linear dependent vector 41
18:20 gram_schmidt: Removing linear dependent vector 42
</system-err></testcase><testcase classname="src.pymortests.algorithms.gram_schmidt" file="src/pymortests/algorithms/gram_schmidt.py" line="12" name="test_gram_schmidt[0-&lt;lambda&gt;16]" time="0.1896810531616211"><system-err>18:20 gram_schmidt: Removing linear dependent vector 3
18:20 gram_schmidt: Removing linear dependent vector 4
18:20 gram_schmidt: Removing linear dependent vector 5
18:20 gram_schmidt: Removing linear dependent vector 6
18:20 gram_schmidt: Removing linear dependent vector 7
18:20 gram_schmidt: Removing linear dependent vector 8
18:20 gram_schmidt: Removing linear dependent vector 9
18:20 gram_schmidt: Removing linear dependent vector 10
18:20 gram_schmidt: Removing linear dependent vector 11
18:20 gram_schmidt: Removing linear dependent vector 12
18:20 gram_schmidt: Removing linear dependent vector 13
18:20 gram_schmidt: Removing linear dependent vector 14
18:20 gram_schmidt: Removing linear dependent vector 15
18:20 gram_schmidt: Removing linear dependent vector 16
18:20 gram_schmidt: Removing linear dependent vector 17
18:20 gram_schmidt: Removing linear dependent vector 18
18:20 gram_schmidt: Removing linear dependent vector 19
18:20 gram_schmidt: Removing linear dependent vector 20
18:20 gram_schmidt: Removing linear dependent vector 21
18:20 gram_schmidt: Removing linear dependent vector 22
18:20 gram_schmidt: Removing linear dependent vector 23
18:20 gram_schmidt: Removing linear dependent vector 24
18:20 gram_schmidt: Removing linear dependent vector 25
18:20 gram_schmidt: Removing linear dependent vector 26
18:20 gram_schmidt: Removing linear dependent vector 27
18:20 gram_schmidt: Removing linear dependent vector 28
18:20 gram_schmidt: Removing linear dependent vector 29
18:20 gram_schmidt: Removing linear dependent vector 30
18:20 gram_schmidt: Removing linear dependent vector 31
18:20 gram_schmidt: Removing linear dependent vector 32
18:20 gram_schmidt: Removing linear dependent vector 33
18:20 gram_schmidt: Removing linear dependent vector 34
18:20 gram_schmidt: Removing linear dependent vector 35
18:20 gram_schmidt: Removing linear dependent vector 36
18:20 gram_schmidt: Removing linear dependent vector 37
18:20 gram_schmidt: Removing linear dependent vector 38
18:20 gram_schmidt: Removing linear dependent vector 39
18:20 gram_schmidt: Removing linear dependent vector 40
18:20 gram_schmidt: Removing linear dependent vector 41
18:20 gram_schmidt: Removing linear dependent vector 42
18:20 gram_schmidt: Removing linear dependent vector 43
18:20 gram_schmidt: Removing linear dependent vector 44
18:20 gram_schmidt: Removing linear dependent vector 45
18:20 gram_schmidt: Removing linear dependent vector 46
18:20 gram_schmidt: Removing linear dependent vector 47
18:20 gram_schmidt: Removing linear dependent vector 48
18:20 gram_schmidt: Removing linear dependent vector 49
18:20 gram_schmidt: Removing linear dependent vector 50
18:20 gram_schmidt: Removing linear dependent vector 51
18:20 gram_schmidt: Removing linear dependent vector 52
18:20 gram_schmidt: Removing linear dependent vector 53
18:20 gram_schmidt: Removing linear dependent vector 54
18:20 gram_schmidt: Removing linear dependent vector 55
18:20 gram_schmidt: Removing linear dependent vector 56
18:20 gram_schmidt: Removing linear dependent vector 57
18:20 gram_schmidt: Removing linear dependent vector 58
18:20 gram_schmidt: Removing linear dependent vector 59
18:20 gram_schmidt: Removing linear dependent vector 60
18:20 gram_schmidt: Removing linear dependent vector 61
18:20 gram_schmidt: Removing linear dependent vector 62
18:20 gram_schmidt: Removing linear dependent vector 63
18:20 gram_schmidt: Removing linear dependent vector 64
18:20 gram_schmidt: Removing linear dependent vector 65
18:20 gram_schmidt: Removing linear dependent vector 66
18:20 gram_schmidt: Removing linear dependent vector 67
18:20 gram_schmidt: Removing linear dependent vector 68
18:20 gram_schmidt: Removing linear dependent vector 69
18:20 gram_schmidt: Removing linear dependent vector 70
18:20 gram_schmidt: Removing linear dependent vector 71
18:20 gram_schmidt: Removing linear dependent vector 72
18:20 gram_schmidt: Removing linear dependent vector 73
18:20 gram_schmidt: Removing linear dependent vector 74
18:20 gram_schmidt: Removing linear dependent vector 75
18:20 gram_schmidt: Removing linear dependent vector 76
18:20 gram_schmidt: Removing linear dependent vector 77
18:20 gram_schmidt: Removing linear dependent vector 78
18:20 gram_schmidt: Removing linear dependent vector 79
18:20 gram_schmidt: Removing linear dependent vector 80
18:20 gram_schmidt: Removing linear dependent vector 81
18:20 gram_schmidt: Removing linear dependent vector 82
18:20 gram_schmidt: Removing linear dependent vector 83
18:20 gram_schmidt: Removing linear dependent vector 84
18:20 gram_schmidt: Removing linear dependent vector 85
18:20 gram_schmidt: Removing linear dependent vector 86
18:20 gram_schmidt: Removing linear dependent vector 87
18:20 gram_schmidt: Removing linear dependent vector 88
18:20 gram_schmidt: Removing linear dependent vector 89
18:20 gram_schmidt: Removing linear dependent vector 90
18:20 gram_schmidt: Removing linear dependent vector 91
18:20 gram_schmidt: Removing linear dependent vector 92
18:20 gram_schmidt: Removing linear dependent vector 93
18:20 gram_schmidt: Removing linear dependent vector 94
18:20 gram_schmidt: Removing linear dependent vector 95
18:20 gram_schmidt: Removing linear dependent vector 96
18:20 gram_schmidt: Removing linear dependent vector 97
18:20 gram_schmidt: Removing linear dependent vector 98
18:20 gram_schmidt: Removing linear dependent vector 99
18:20 gram_schmidt: Removing linear dependent vector 100
18:20 gram_schmidt: Removing linear dependent vector 101
18:20 gram_schmidt: Removing linear dependent vector 3
18:20 gram_schmidt: Removing linear dependent vector 4
18:20 gram_schmidt: Removing linear dependent vector 5
18:20 gram_schmidt: Removing linear dependent vector 6
18:20 gram_schmidt: Removing linear dependent vector 7
18:20 gram_schmidt: Removing linear dependent vector 8
18:20 gram_schmidt: Removing linear dependent vector 9
18:20 gram_schmidt: Removing linear dependent vector 10
18:20 gram_schmidt: Removing linear dependent vector 11
18:20 gram_schmidt: Removing linear dependent vector 12
18:20 gram_schmidt: Removing linear dependent vector 13
18:20 gram_schmidt: Removing linear dependent vector 14
18:20 gram_schmidt: Removing linear dependent vector 15
18:20 gram_schmidt: Removing linear dependent vector 16
18:20 gram_schmidt: Removing linear dependent vector 17
18:20 gram_schmidt: Removing linear dependent vector 18
18:20 gram_schmidt: Removing linear dependent vector 19
18:20 gram_schmidt: Removing linear dependent vector 20
18:20 gram_schmidt: Removing linear dependent vector 21
18:20 gram_schmidt: Removing linear dependent vector 22
18:20 gram_schmidt: Removing linear dependent vector 23
18:20 gram_schmidt: Removing linear dependent vector 24
18:20 gram_schmidt: Removing linear dependent vector 25
18:20 gram_schmidt: Removing linear dependent vector 26
18:20 gram_schmidt: Removing linear dependent vector 27
18:20 gram_schmidt: Removing linear dependent vector 28
18:20 gram_schmidt: Removing linear dependent vector 29
18:20 gram_schmidt: Removing linear dependent vector 30
18:20 gram_schmidt: Removing linear dependent vector 31
18:20 gram_schmidt: Removing linear dependent vector 32
18:20 gram_schmidt: Removing linear dependent vector 33
18:20 gram_schmidt: Removing linear dependent vector 34
18:20 gram_schmidt: Removing linear dependent vector 35
18:20 gram_schmidt: Removing linear dependent vector 36
18:20 gram_schmidt: Removing linear dependent vector 37
18:20 gram_schmidt: Removing linear dependent vector 38
18:20 gram_schmidt: Removing linear dependent vector 39
18:20 gram_schmidt: Removing linear dependent vector 40
18:20 gram_schmidt: Removing linear dependent vector 41
18:20 gram_schmidt: Removing linear dependent vector 42
18:20 gram_schmidt: Removing linear dependent vector 43
18:20 gram_schmidt: Removing linear dependent vector 44
18:20 gram_schmidt: Removing linear dependent vector 45
18:20 gram_schmidt: Removing linear dependent vector 46
18:20 gram_schmidt: Removing linear dependent vector 47
18:20 gram_schmidt: Removing linear dependent vector 48
18:20 gram_schmidt: Removing linear dependent vector 49
18:20 gram_schmidt: Removing linear dependent vector 50
18:20 gram_schmidt: Removing linear dependent vector 51
18:20 gram_schmidt: Removing linear dependent vector 52
18:20 gram_schmidt: Removing linear dependent vector 53
18:20 gram_schmidt: Removing linear dependent vector 54
18:20 gram_schmidt: Removing linear dependent vector 55
18:20 gram_schmidt: Removing linear dependent vector 56
18:20 gram_schmidt: Removing linear dependent vector 57
18:20 gram_schmidt: Removing linear dependent vector 58
18:20 gram_schmidt: Removing linear dependent vector 59
18:20 gram_schmidt: Removing linear dependent vector 60
18:20 gram_schmidt: Removing linear dependent vector 61
18:20 gram_schmidt: Removing linear dependent vector 62
18:20 gram_schmidt: Removing linear dependent vector 63
18:20 gram_schmidt: Removing linear dependent vector 64
18:20 gram_schmidt: Removing linear dependent vector 65
18:20 gram_schmidt: Removing linear dependent vector 66
18:20 gram_schmidt: Removing linear dependent vector 67
18:20 gram_schmidt: Removing linear dependent vector 68
18:20 gram_schmidt: Removing linear dependent vector 69
18:20 gram_schmidt: Removing linear dependent vector 70
18:20 gram_schmidt: Removing linear dependent vector 71
18:20 gram_schmidt: Removing linear dependent vector 72
18:20 gram_schmidt: Removing linear dependent vector 73
18:20 gram_schmidt: Removing linear dependent vector 74
18:20 gram_schmidt: Removing linear dependent vector 75
18:20 gram_schmidt: Removing linear dependent vector 76
18:20 gram_schmidt: Removing linear dependent vector 77
18:20 gram_schmidt: Removing linear dependent vector 78
18:20 gram_schmidt: Removing linear dependent vector 79
18:20 gram_schmidt: Removing linear dependent vector 80
18:20 gram_schmidt: Removing linear dependent vector 81
18:20 gram_schmidt: Removing linear dependent vector 82
18:20 gram_schmidt: Removing linear dependent vector 83
18:20 gram_schmidt: Removing linear dependent vector 84
18:20 gram_schmidt: Removing linear dependent vector 85
18:20 gram_schmidt: Removing linear dependent vector 86
18:20 gram_schmidt: Removing linear dependent vector 87
18:20 gram_schmidt: Removing linear dependent vector 88
18:20 gram_schmidt: Removing linear dependent vector 89
18:20 gram_schmidt: Removing linear dependent vector 90
18:20 gram_schmidt: Removing linear dependent vector 91
18:20 gram_schmidt: Removing linear dependent vector 92
18:20 gram_schmidt: Removing linear dependent vector 93
18:20 gram_schmidt: Removing linear dependent vector 94
18:20 gram_schmidt: Removing linear dependent vector 95
18:20 gram_schmidt: Removing linear dependent vector 96
18:20 gram_schmidt: Removing linear dependent vector 97
18:20 gram_schmidt: Removing linear dependent vector 98
18:20 gram_schmidt: Removing linear dependent vector 99
18:20 gram_schmidt: Removing linear dependent vector 100
18:20 gram_schmidt: Removing linear dependent vector 101
</system-err></testcase><testcase classname="src.pymortests.algorithms.gram_schmidt" file="src/pymortests/algorithms/gram_schmidt.py" line="12" name="test_gram_schmidt[0-&lt;lambda&gt;17]" time="0.003200054168701172"></testcase><testcase classname="src.pymortests.algorithms.gram_schmidt" file="src/pymortests/algorithms/gram_schmidt.py" line="12" name="test_gram_schmidt[0-&lt;lambda&gt;18]" time="0.002576112747192383"></testcase><testcase classname="src.pymortests.algorithms.gram_schmidt" file="src/pymortests/algorithms/gram_schmidt.py" line="12" name="test_gram_schmidt[0-&lt;lambda&gt;19]" time="0.004820823669433594"></testcase><testcase classname="src.pymortests.algorithms.gram_schmidt" file="src/pymortests/algorithms/gram_schmidt.py" line="12" name="test_gram_schmidt[0-&lt;lambda&gt;20]" time="0.2724618911743164"></testcase><testcase classname="src.pymortests.algorithms.gram_schmidt" file="src/pymortests/algorithms/gram_schmidt.py" line="12" name="test_gram_schmidt[0-&lt;lambda&gt;21]" time="1.4555861949920654"></testcase><testcase classname="src.pymortests.algorithms.gram_schmidt" file="src/pymortests/algorithms/gram_schmidt.py" line="12" name="test_gram_schmidt[0-&lt;lambda&gt;22]" time="0.0026297569274902344"></testcase><testcase classname="src.pymortests.algorithms.gram_schmidt" file="src/pymortests/algorithms/gram_schmidt.py" line="12" name="test_gram_schmidt[0-&lt;lambda&gt;23]" time="0.0017981529235839844"></testcase><testcase classname="src.pymortests.algorithms.gram_schmidt" file="src/pymortests/algorithms/gram_schmidt.py" line="12" name="test_gram_schmidt[0-&lt;lambda&gt;24]" time="0.00736689567565918"></testcase><testcase classname="src.pymortests.algorithms.gram_schmidt" file="src/pymortests/algorithms/gram_schmidt.py" line="12" name="test_gram_schmidt[0-&lt;lambda&gt;25]" time="0.38088130950927734"><system-err>18:22 gram_schmidt: Orthonormalizing vector 31 again
18:22 gram_schmidt: Removing linear dependent vector 32
18:22 gram_schmidt: Removing linear dependent vector 33
18:22 gram_schmidt: Removing linear dependent vector 34
18:22 gram_schmidt: Removing linear dependent vector 35
18:22 gram_schmidt: Removing linear dependent vector 36
18:22 gram_schmidt: Removing linear dependent vector 37
18:22 gram_schmidt: Removing linear dependent vector 38
18:22 gram_schmidt: Removing linear dependent vector 39
18:22 gram_schmidt: Removing linear dependent vector 40
18:22 gram_schmidt: Removing linear dependent vector 41
18:22 gram_schmidt: Removing linear dependent vector 42
18:22 gram_schmidt: Orthonormalizing vector 31 again
18:22 gram_schmidt: Removing linear dependent vector 32
18:22 gram_schmidt: Removing linear dependent vector 33
18:22 gram_schmidt: Removing linear dependent vector 34
18:22 gram_schmidt: Removing linear dependent vector 35
18:22 gram_schmidt: Removing linear dependent vector 36
18:22 gram_schmidt: Removing linear dependent vector 37
18:23 gram_schmidt: Removing linear dependent vector 38
18:23 gram_schmidt: Removing linear dependent vector 39
18:23 gram_schmidt: Removing linear dependent vector 40
18:23 gram_schmidt: Removing linear dependent vector 41
18:23 gram_schmidt: Removing linear dependent vector 42
</system-err></testcase><testcase classname="src.pymortests.algorithms.gram_schmidt" file="src/pymortests/algorithms/gram_schmidt.py" line="12" name="test_gram_schmidt[0-&lt;lambda&gt;26]" time="0.23450827598571777"><system-err>18:23 gram_schmidt: Removing vector 0 of norm 0.0
18:23 gram_schmidt: Removing vector 1 of norm 0.0
18:23 gram_schmidt: Removing vector 2 of norm 0.0
18:23 gram_schmidt: Removing vector 3 of norm 0.0
18:23 gram_schmidt: Removing vector 4 of norm 0.0
18:23 gram_schmidt: Removing vector 5 of norm 0.0
18:23 gram_schmidt: Removing vector 6 of norm 0.0
18:23 gram_schmidt: Removing vector 7 of norm 0.0
18:23 gram_schmidt: Removing vector 8 of norm 0.0
18:23 gram_schmidt: Removing vector 9 of norm 0.0
18:23 gram_schmidt: Removing vector 10 of norm 0.0
18:23 gram_schmidt: Removing vector 11 of norm 0.0
18:23 gram_schmidt: Removing vector 12 of norm 0.0
18:23 gram_schmidt: Removing vector 13 of norm 0.0
18:23 gram_schmidt: Removing vector 14 of norm 0.0
18:23 gram_schmidt: Removing vector 15 of norm 0.0
18:23 gram_schmidt: Removing vector 16 of norm 0.0
18:23 gram_schmidt: Removing vector 17 of norm 0.0
18:23 gram_schmidt: Removing vector 18 of norm 0.0
18:23 gram_schmidt: Removing vector 19 of norm 0.0
18:23 gram_schmidt: Removing vector 20 of norm 0.0
18:23 gram_schmidt: Removing vector 21 of norm 0.0
18:23 gram_schmidt: Removing vector 22 of norm 0.0
18:23 gram_schmidt: Removing vector 23 of norm 0.0
18:23 gram_schmidt: Removing vector 24 of norm 0.0
18:23 gram_schmidt: Removing vector 25 of norm 0.0
18:23 gram_schmidt: Removing vector 26 of norm 0.0
18:23 gram_schmidt: Removing vector 27 of norm 0.0
18:23 gram_schmidt: Removing vector 28 of norm 0.0
18:23 gram_schmidt: Removing vector 29 of norm 0.0
18:23 gram_schmidt: Removing vector 30 of norm 0.0
18:23 gram_schmidt: Removing vector 31 of norm 0.0
18:23 gram_schmidt: Removing vector 32 of norm 0.0
18:23 gram_schmidt: Removing vector 33 of norm 0.0
18:23 gram_schmidt: Removing vector 34 of norm 0.0
18:23 gram_schmidt: Removing vector 35 of norm 0.0
18:23 gram_schmidt: Removing vector 36 of norm 0.0
18:23 gram_schmidt: Removing vector 37 of norm 0.0
18:23 gram_schmidt: Removing vector 38 of norm 0.0
18:23 gram_schmidt: Removing vector 39 of norm 0.0
18:23 gram_schmidt: Removing vector 40 of norm 0.0
18:23 gram_schmidt: Removing vector 41 of norm 0.0
18:23 gram_schmidt: Removing vector 42 of norm 0.0
18:23 gram_schmidt: Removing vector 43 of norm 0.0
18:23 gram_schmidt: Removing vector 44 of norm 0.0
18:23 gram_schmidt: Removing vector 45 of norm 0.0
18:23 gram_schmidt: Removing vector 46 of norm 0.0
18:23 gram_schmidt: Removing vector 47 of norm 0.0
18:23 gram_schmidt: Removing vector 48 of norm 0.0
18:23 gram_schmidt: Removing vector 49 of norm 0.0
18:23 gram_schmidt: Removing vector 50 of norm 0.0
18:23 gram_schmidt: Removing vector 51 of norm 0.0
18:23 gram_schmidt: Removing vector 52 of norm 0.0
18:23 gram_schmidt: Removing vector 53 of norm 0.0
18:23 gram_schmidt: Removing vector 54 of norm 0.0
18:23 gram_schmidt: Removing vector 55 of norm 0.0
18:23 gram_schmidt: Removing vector 56 of norm 0.0
18:23 gram_schmidt: Removing vector 57 of norm 0.0
18:23 gram_schmidt: Removing vector 58 of norm 0.0
18:23 gram_schmidt: Removing vector 59 of norm 0.0
18:23 gram_schmidt: Removing vector 60 of norm 0.0
18:23 gram_schmidt: Removing vector 61 of norm 0.0
18:23 gram_schmidt: Removing vector 62 of norm 0.0
18:23 gram_schmidt: Removing vector 63 of norm 0.0
18:23 gram_schmidt: Removing vector 64 of norm 0.0
18:23 gram_schmidt: Removing vector 65 of norm 0.0
18:23 gram_schmidt: Removing vector 66 of norm 0.0
18:23 gram_schmidt: Removing vector 67 of norm 0.0
18:23 gram_schmidt: Removing vector 68 of norm 0.0
18:23 gram_schmidt: Removing vector 69 of norm 0.0
18:23 gram_schmidt: Removing vector 70 of norm 0.0
18:23 gram_schmidt: Removing vector 71 of norm 0.0
18:23 gram_schmidt: Removing vector 72 of norm 0.0
18:23 gram_schmidt: Removing vector 73 of norm 0.0
18:23 gram_schmidt: Removing vector 74 of norm 0.0
18:23 gram_schmidt: Removing vector 75 of norm 0.0
18:23 gram_schmidt: Removing vector 76 of norm 0.0
18:23 gram_schmidt: Removing vector 77 of norm 0.0
18:23 gram_schmidt: Removing vector 78 of norm 0.0
18:23 gram_schmidt: Removing vector 79 of norm 0.0
18:23 gram_schmidt: Removing vector 80 of norm 0.0
18:23 gram_schmidt: Removing vector 81 of norm 0.0
18:23 gram_schmidt: Removing vector 82 of norm 0.0
18:23 gram_schmidt: Removing vector 83 of norm 0.0
18:23 gram_schmidt: Removing vector 84 of norm 0.0
18:23 gram_schmidt: Removing vector 85 of norm 0.0
18:23 gram_schmidt: Removing vector 86 of norm 0.0
18:23 gram_schmidt: Removing vector 87 of norm 0.0
18:23 gram_schmidt: Removing vector 88 of norm 0.0
18:23 gram_schmidt: Removing vector 89 of norm 0.0
18:23 gram_schmidt: Removing vector 90 of norm 0.0
18:23 gram_schmidt: Removing vector 91 of norm 0.0
18:23 gram_schmidt: Removing vector 92 of norm 0.0
18:23 gram_schmidt: Removing vector 93 of norm 0.0
18:23 gram_schmidt: Removing vector 94 of norm 0.0
18:23 gram_schmidt: Removing vector 95 of norm 0.0
18:23 gram_schmidt: Removing vector 96 of norm 0.0
18:23 gram_schmidt: Removing vector 97 of norm 0.0
18:23 gram_schmidt: Removing vector 98 of norm 0.0
18:23 gram_schmidt: Removing vector 99 of norm 0.0
18:23 gram_schmidt: Removing vector 100 of norm 0.0
18:23 gram_schmidt: Removing vector 101 of norm 0.0
18:23 gram_schmidt: Removing vector 0 of norm 0.0
18:23 gram_schmidt: Removing vector 1 of norm 0.0
18:23 gram_schmidt: Removing vector 2 of norm 0.0
18:23 gram_schmidt: Removing vector 3 of norm 0.0
18:23 gram_schmidt: Removing vector 4 of norm 0.0
18:23 gram_schmidt: Removing vector 5 of norm 0.0
18:23 gram_schmidt: Removing vector 6 of norm 0.0
18:23 gram_schmidt: Removing vector 7 of norm 0.0
18:23 gram_schmidt: Removing vector 8 of norm 0.0
18:23 gram_schmidt: Removing vector 9 of norm 0.0
18:23 gram_schmidt: Removing vector 10 of norm 0.0
18:23 gram_schmidt: Removing vector 11 of norm 0.0
18:23 gram_schmidt: Removing vector 12 of norm 0.0
18:23 gram_schmidt: Removing vector 13 of norm 0.0
18:23 gram_schmidt: Removing vector 14 of norm 0.0
18:23 gram_schmidt: Removing vector 15 of norm 0.0
18:23 gram_schmidt: Removing vector 16 of norm 0.0
18:23 gram_schmidt: Removing vector 17 of norm 0.0
18:23 gram_schmidt: Removing vector 18 of norm 0.0
18:23 gram_schmidt: Removing vector 19 of norm 0.0
18:23 gram_schmidt: Removing vector 20 of norm 0.0
18:23 gram_schmidt: Removing vector 21 of norm 0.0
18:23 gram_schmidt: Removing vector 22 of norm 0.0
18:23 gram_schmidt: Removing vector 23 of norm 0.0
18:23 gram_schmidt: Removing vector 24 of norm 0.0
18:23 gram_schmidt: Removing vector 25 of norm 0.0
18:23 gram_schmidt: Removing vector 26 of norm 0.0
18:23 gram_schmidt: Removing vector 27 of norm 0.0
18:23 gram_schmidt: Removing vector 28 of norm 0.0
18:23 gram_schmidt: Removing vector 29 of norm 0.0
18:23 gram_schmidt: Removing vector 30 of norm 0.0
18:23 gram_schmidt: Removing vector 31 of norm 0.0
18:23 gram_schmidt: Removing vector 32 of norm 0.0
18:23 gram_schmidt: Removing vector 33 of norm 0.0
18:23 gram_schmidt: Removing vector 34 of norm 0.0
18:23 gram_schmidt: Removing vector 35 of norm 0.0
18:23 gram_schmidt: Removing vector 36 of norm 0.0
18:23 gram_schmidt: Removing vector 37 of norm 0.0
18:23 gram_schmidt: Removing vector 38 of norm 0.0
18:23 gram_schmidt: Removing vector 39 of norm 0.0
18:23 gram_schmidt: Removing vector 40 of norm 0.0
18:23 gram_schmidt: Removing vector 41 of norm 0.0
18:23 gram_schmidt: Removing vector 42 of norm 0.0
18:23 gram_schmidt: Removing vector 43 of norm 0.0
18:23 gram_schmidt: Removing vector 44 of norm 0.0
18:23 gram_schmidt: Removing vector 45 of norm 0.0
18:23 gram_schmidt: Removing vector 46 of norm 0.0
18:23 gram_schmidt: Removing vector 47 of norm 0.0
18:23 gram_schmidt: Removing vector 48 of norm 0.0
18:23 gram_schmidt: Removing vector 49 of norm 0.0
18:23 gram_schmidt: Removing vector 50 of norm 0.0
18:23 gram_schmidt: Removing vector 51 of norm 0.0
18:23 gram_schmidt: Removing vector 52 of norm 0.0
18:23 gram_schmidt: Removing vector 53 of norm 0.0
18:23 gram_schmidt: Removing vector 54 of norm 0.0
18:23 gram_schmidt: Removing vector 55 of norm 0.0
18:23 gram_schmidt: Removing vector 56 of norm 0.0
18:23 gram_schmidt: Removing vector 57 of norm 0.0
18:23 gram_schmidt: Removing vector 58 of norm 0.0
18:23 gram_schmidt: Removing vector 59 of norm 0.0
18:23 gram_schmidt: Removing vector 60 of norm 0.0
18:23 gram_schmidt: Removing vector 61 of norm 0.0
18:23 gram_schmidt: Removing vector 62 of norm 0.0
18:23 gram_schmidt: Removing vector 63 of norm 0.0
18:23 gram_schmidt: Removing vector 64 of norm 0.0
18:23 gram_schmidt: Removing vector 65 of norm 0.0
18:23 gram_schmidt: Removing vector 66 of norm 0.0
18:23 gram_schmidt: Removing vector 67 of norm 0.0
18:23 gram_schmidt: Removing vector 68 of norm 0.0
18:23 gram_schmidt: Removing vector 69 of norm 0.0
18:23 gram_schmidt: Removing vector 70 of norm 0.0
18:23 gram_schmidt: Removing vector 71 of norm 0.0
18:23 gram_schmidt: Removing vector 72 of norm 0.0
18:23 gram_schmidt: Removing vector 73 of norm 0.0
18:23 gram_schmidt: Removing vector 74 of norm 0.0
18:23 gram_schmidt: Removing vector 75 of norm 0.0
18:23 gram_schmidt: Removing vector 76 of norm 0.0
18:23 gram_schmidt: Removing vector 77 of norm 0.0
18:23 gram_schmidt: Removing vector 78 of norm 0.0
18:23 gram_schmidt: Removing vector 79 of norm 0.0
18:23 gram_schmidt: Removing vector 80 of norm 0.0
18:23 gram_schmidt: Removing vector 81 of norm 0.0
18:23 gram_schmidt: Removing vector 82 of norm 0.0
18:23 gram_schmidt: Removing vector 83 of norm 0.0
18:23 gram_schmidt: Removing vector 84 of norm 0.0
18:23 gram_schmidt: Removing vector 85 of norm 0.0
18:23 gram_schmidt: Removing vector 86 of norm 0.0
18:23 gram_schmidt: Removing vector 87 of norm 0.0
18:23 gram_schmidt: Removing vector 88 of norm 0.0
18:23 gram_schmidt: Removing vector 89 of norm 0.0
18:23 gram_schmidt: Removing vector 90 of norm 0.0
18:23 gram_schmidt: Removing vector 91 of norm 0.0
18:23 gram_schmidt: Removing vector 92 of norm 0.0
18:23 gram_schmidt: Removing vector 93 of norm 0.0
18:23 gram_schmidt: Removing vector 94 of norm 0.0
18:23 gram_schmidt: Removing vector 95 of norm 0.0
18:23 gram_schmidt: Removing vector 96 of norm 0.0
18:23 gram_schmidt: Removing vector 97 of norm 0.0
18:23 gram_schmidt: Removing vector 98 of norm 0.0
18:23 gram_schmidt: Removing vector 99 of norm 0.0
18:23 gram_schmidt: Removing vector 100 of norm 0.0
18:23 gram_schmidt: Removing vector 101 of norm 0.0
</system-err></testcase><testcase classname="src.pymortests.algorithms.gram_schmidt" file="src/pymortests/algorithms/gram_schmidt.py" line="12" name="test_gram_schmidt[1-&lt;lambda&gt;0]" time="0.0027785301208496094"></testcase><testcase classname="src.pymortests.algorithms.gram_schmidt" file="src/pymortests/algorithms/gram_schmidt.py" line="12" name="test_gram_schmidt[1-&lt;lambda&gt;1]" time="0.0019216537475585938"></testcase><testcase classname="src.pymortests.algorithms.gram_schmidt" file="src/pymortests/algorithms/gram_schmidt.py" line="12" name="test_gram_schmidt[1-&lt;lambda&gt;2]" time="0.0021517276763916016"></testcase><testcase classname="src.pymortests.algorithms.gram_schmidt" file="src/pymortests/algorithms/gram_schmidt.py" line="12" name="test_gram_schmidt[1-&lt;lambda&gt;3]" time="0.098236083984375"><system-err>18:23 gram_schmidt: Orthonormalizing vector 31 again
18:23 gram_schmidt: Removing linear dependent vector 32
18:23 gram_schmidt: Removing linear dependent vector 33
18:23 gram_schmidt: Removing linear dependent vector 34
18:23 gram_schmidt: Removing linear dependent vector 35
18:23 gram_schmidt: Removing linear dependent vector 36
18:23 gram_schmidt: Removing linear dependent vector 37
18:23 gram_schmidt: Removing linear dependent vector 38
18:23 gram_schmidt: Removing linear dependent vector 39
18:23 gram_schmidt: Removing linear dependent vector 40
18:23 gram_schmidt: Removing linear dependent vector 41
18:23 gram_schmidt: Removing linear dependent vector 42
18:23 gram_schmidt: Orthonormalizing vector 31 again
18:23 gram_schmidt: Removing linear dependent vector 32
18:23 gram_schmidt: Removing linear dependent vector 33
18:23 gram_schmidt: Removing linear dependent vector 34
18:23 gram_schmidt: Removing linear dependent vector 35
18:23 gram_schmidt: Removing linear dependent vector 36
18:23 gram_schmidt: Removing linear dependent vector 37
18:23 gram_schmidt: Removing linear dependent vector 38
18:23 gram_schmidt: Removing linear dependent vector 39
18:23 gram_schmidt: Removing linear dependent vector 40
18:23 gram_schmidt: Removing linear dependent vector 41
18:23 gram_schmidt: Removing linear dependent vector 42
</system-err></testcase><testcase classname="src.pymortests.algorithms.gram_schmidt" file="src/pymortests/algorithms/gram_schmidt.py" line="12" name="test_gram_schmidt[1-&lt;lambda&gt;4]" time="0.02280282974243164"><system-err>18:23 gram_schmidt: Removing vector 0 of norm 0.0
18:23 gram_schmidt: Removing vector 1 of norm 0.0
18:23 gram_schmidt: Removing vector 2 of norm 0.0
18:23 gram_schmidt: Removing vector 3 of norm 0.0
18:23 gram_schmidt: Removing vector 4 of norm 0.0
18:23 gram_schmidt: Removing vector 5 of norm 0.0
18:23 gram_schmidt: Removing vector 6 of norm 0.0
18:23 gram_schmidt: Removing vector 7 of norm 0.0
18:23 gram_schmidt: Removing vector 8 of norm 0.0
18:23 gram_schmidt: Removing vector 9 of norm 0.0
18:23 gram_schmidt: Removing vector 10 of norm 0.0
18:23 gram_schmidt: Removing vector 11 of norm 0.0
18:23 gram_schmidt: Removing vector 12 of norm 0.0
18:23 gram_schmidt: Removing vector 13 of norm 0.0
18:23 gram_schmidt: Removing vector 14 of norm 0.0
18:23 gram_schmidt: Removing vector 15 of norm 0.0
18:23 gram_schmidt: Removing vector 16 of norm 0.0
18:23 gram_schmidt: Removing vector 17 of norm 0.0
18:23 gram_schmidt: Removing vector 18 of norm 0.0
18:23 gram_schmidt: Removing vector 19 of norm 0.0
18:23 gram_schmidt: Removing vector 20 of norm 0.0
18:23 gram_schmidt: Removing vector 21 of norm 0.0
18:23 gram_schmidt: Removing vector 22 of norm 0.0
18:23 gram_schmidt: Removing vector 23 of norm 0.0
18:23 gram_schmidt: Removing vector 24 of norm 0.0
18:23 gram_schmidt: Removing vector 25 of norm 0.0
18:23 gram_schmidt: Removing vector 26 of norm 0.0
18:23 gram_schmidt: Removing vector 27 of norm 0.0
18:23 gram_schmidt: Removing vector 28 of norm 0.0
18:23 gram_schmidt: Removing vector 29 of norm 0.0
18:23 gram_schmidt: Removing vector 30 of norm 0.0
18:23 gram_schmidt: Removing vector 31 of norm 0.0
18:23 gram_schmidt: Removing vector 32 of norm 0.0
18:23 gram_schmidt: Removing vector 33 of norm 0.0
18:23 gram_schmidt: Removing vector 34 of norm 0.0
18:23 gram_schmidt: Removing vector 35 of norm 0.0
18:23 gram_schmidt: Removing vector 36 of norm 0.0
18:23 gram_schmidt: Removing vector 37 of norm 0.0
18:23 gram_schmidt: Removing vector 38 of norm 0.0
18:23 gram_schmidt: Removing vector 39 of norm 0.0
18:23 gram_schmidt: Removing vector 40 of norm 0.0
18:23 gram_schmidt: Removing vector 41 of norm 0.0
18:23 gram_schmidt: Removing vector 42 of norm 0.0
18:23 gram_schmidt: Removing vector 43 of norm 0.0
18:23 gram_schmidt: Removing vector 44 of norm 0.0
18:23 gram_schmidt: Removing vector 45 of norm 0.0
18:23 gram_schmidt: Removing vector 46 of norm 0.0
18:23 gram_schmidt: Removing vector 47 of norm 0.0
18:23 gram_schmidt: Removing vector 48 of norm 0.0
18:23 gram_schmidt: Removing vector 49 of norm 0.0
18:23 gram_schmidt: Removing vector 50 of norm 0.0
18:23 gram_schmidt: Removing vector 51 of norm 0.0
18:23 gram_schmidt: Removing vector 52 of norm 0.0
18:23 gram_schmidt: Removing vector 53 of norm 0.0
18:23 gram_schmidt: Removing vector 54 of norm 0.0
18:23 gram_schmidt: Removing vector 55 of norm 0.0
18:23 gram_schmidt: Removing vector 56 of norm 0.0
18:23 gram_schmidt: Removing vector 57 of norm 0.0
18:23 gram_schmidt: Removing vector 58 of norm 0.0
18:23 gram_schmidt: Removing vector 59 of norm 0.0
18:23 gram_schmidt: Removing vector 60 of norm 0.0
18:23 gram_schmidt: Removing vector 61 of norm 0.0
18:23 gram_schmidt: Removing vector 62 of norm 0.0
18:23 gram_schmidt: Removing vector 63 of norm 0.0
18:23 gram_schmidt: Removing vector 64 of norm 0.0
18:23 gram_schmidt: Removing vector 65 of norm 0.0
18:23 gram_schmidt: Removing vector 66 of norm 0.0
18:23 gram_schmidt: Removing vector 67 of norm 0.0
18:23 gram_schmidt: Removing vector 68 of norm 0.0
18:23 gram_schmidt: Removing vector 69 of norm 0.0
18:23 gram_schmidt: Removing vector 70 of norm 0.0
18:23 gram_schmidt: Removing vector 71 of norm 0.0
18:23 gram_schmidt: Removing vector 72 of norm 0.0
18:23 gram_schmidt: Removing vector 73 of norm 0.0
18:23 gram_schmidt: Removing vector 74 of norm 0.0
18:23 gram_schmidt: Removing vector 75 of norm 0.0
18:23 gram_schmidt: Removing vector 76 of norm 0.0
18:23 gram_schmidt: Removing vector 77 of norm 0.0
18:23 gram_schmidt: Removing vector 78 of norm 0.0
18:23 gram_schmidt: Removing vector 79 of norm 0.0
18:23 gram_schmidt: Removing vector 80 of norm 0.0
18:23 gram_schmidt: Removing vector 81 of norm 0.0
18:23 gram_schmidt: Removing vector 82 of norm 0.0
18:23 gram_schmidt: Removing vector 83 of norm 0.0
18:23 gram_schmidt: Removing vector 84 of norm 0.0
18:23 gram_schmidt: Removing vector 85 of norm 0.0
18:23 gram_schmidt: Removing vector 86 of norm 0.0
18:23 gram_schmidt: Removing vector 87 of norm 0.0
18:23 gram_schmidt: Removing vector 88 of norm 0.0
18:23 gram_schmidt: Removing vector 89 of norm 0.0
18:23 gram_schmidt: Removing vector 90 of norm 0.0
18:23 gram_schmidt: Removing vector 91 of norm 0.0
18:23 gram_schmidt: Removing vector 92 of norm 0.0
18:23 gram_schmidt: Removing vector 93 of norm 0.0
18:23 gram_schmidt: Removing vector 94 of norm 0.0
18:23 gram_schmidt: Removing vector 95 of norm 0.0
18:23 gram_schmidt: Removing vector 96 of norm 0.0
18:23 gram_schmidt: Removing vector 97 of norm 0.0
18:23 gram_schmidt: Removing vector 98 of norm 0.0
18:23 gram_schmidt: Removing vector 99 of norm 0.0
18:23 gram_schmidt: Removing vector 100 of norm 0.0
18:23 gram_schmidt: Removing vector 101 of norm 0.0
18:23 gram_schmidt: Removing vector 0 of norm 0.0
18:23 gram_schmidt: Removing vector 1 of norm 0.0
18:23 gram_schmidt: Removing vector 2 of norm 0.0
18:23 gram_schmidt: Removing vector 3 of norm 0.0
18:23 gram_schmidt: Removing vector 4 of norm 0.0
18:23 gram_schmidt: Removing vector 5 of norm 0.0
18:23 gram_schmidt: Removing vector 6 of norm 0.0
18:23 gram_schmidt: Removing vector 7 of norm 0.0
18:23 gram_schmidt: Removing vector 8 of norm 0.0
18:23 gram_schmidt: Removing vector 9 of norm 0.0
18:23 gram_schmidt: Removing vector 10 of norm 0.0
18:23 gram_schmidt: Removing vector 11 of norm 0.0
18:23 gram_schmidt: Removing vector 12 of norm 0.0
18:23 gram_schmidt: Removing vector 13 of norm 0.0
18:23 gram_schmidt: Removing vector 14 of norm 0.0
18:23 gram_schmidt: Removing vector 15 of norm 0.0
18:23 gram_schmidt: Removing vector 16 of norm 0.0
18:23 gram_schmidt: Removing vector 17 of norm 0.0
18:23 gram_schmidt: Removing vector 18 of norm 0.0
18:23 gram_schmidt: Removing vector 19 of norm 0.0
18:23 gram_schmidt: Removing vector 20 of norm 0.0
18:23 gram_schmidt: Removing vector 21 of norm 0.0
18:23 gram_schmidt: Removing vector 22 of norm 0.0
18:23 gram_schmidt: Removing vector 23 of norm 0.0
18:23 gram_schmidt: Removing vector 24 of norm 0.0
18:23 gram_schmidt: Removing vector 25 of norm 0.0
18:23 gram_schmidt: Removing vector 26 of norm 0.0
18:23 gram_schmidt: Removing vector 27 of norm 0.0
18:23 gram_schmidt: Removing vector 28 of norm 0.0
18:23 gram_schmidt: Removing vector 29 of norm 0.0
18:23 gram_schmidt: Removing vector 30 of norm 0.0
18:23 gram_schmidt: Removing vector 31 of norm 0.0
18:23 gram_schmidt: Removing vector 32 of norm 0.0
18:23 gram_schmidt: Removing vector 33 of norm 0.0
18:23 gram_schmidt: Removing vector 34 of norm 0.0
18:23 gram_schmidt: Removing vector 35 of norm 0.0
18:23 gram_schmidt: Removing vector 36 of norm 0.0
18:23 gram_schmidt: Removing vector 37 of norm 0.0
18:23 gram_schmidt: Removing vector 38 of norm 0.0
18:23 gram_schmidt: Removing vector 39 of norm 0.0
18:23 gram_schmidt: Removing vector 40 of norm 0.0
18:23 gram_schmidt: Removing vector 41 of norm 0.0
18:23 gram_schmidt: Removing vector 42 of norm 0.0
18:23 gram_schmidt: Removing vector 43 of norm 0.0
18:23 gram_schmidt: Removing vector 44 of norm 0.0
18:23 gram_schmidt: Removing vector 45 of norm 0.0
18:23 gram_schmidt: Removing vector 46 of norm 0.0
18:23 gram_schmidt: Removing vector 47 of norm 0.0
18:23 gram_schmidt: Removing vector 48 of norm 0.0
18:23 gram_schmidt: Removing vector 49 of norm 0.0
18:23 gram_schmidt: Removing vector 50 of norm 0.0
18:23 gram_schmidt: Removing vector 51 of norm 0.0
18:23 gram_schmidt: Removing vector 52 of norm 0.0
18:23 gram_schmidt: Removing vector 53 of norm 0.0
18:23 gram_schmidt: Removing vector 54 of norm 0.0
18:23 gram_schmidt: Removing vector 55 of norm 0.0
18:23 gram_schmidt: Removing vector 56 of norm 0.0
18:23 gram_schmidt: Removing vector 57 of norm 0.0
18:23 gram_schmidt: Removing vector 58 of norm 0.0
18:23 gram_schmidt: Removing vector 59 of norm 0.0
18:23 gram_schmidt: Removing vector 60 of norm 0.0
18:23 gram_schmidt: Removing vector 61 of norm 0.0
18:23 gram_schmidt: Removing vector 62 of norm 0.0
18:23 gram_schmidt: Removing vector 63 of norm 0.0
18:23 gram_schmidt: Removing vector 64 of norm 0.0
18:23 gram_schmidt: Removing vector 65 of norm 0.0
18:23 gram_schmidt: Removing vector 66 of norm 0.0
18:23 gram_schmidt: Removing vector 67 of norm 0.0
18:23 gram_schmidt: Removing vector 68 of norm 0.0
18:23 gram_schmidt: Removing vector 69 of norm 0.0
18:23 gram_schmidt: Removing vector 70 of norm 0.0
18:23 gram_schmidt: Removing vector 71 of norm 0.0
18:23 gram_schmidt: Removing vector 72 of norm 0.0
18:23 gram_schmidt: Removing vector 73 of norm 0.0
18:23 gram_schmidt: Removing vector 74 of norm 0.0
18:23 gram_schmidt: Removing vector 75 of norm 0.0
18:23 gram_schmidt: Removing vector 76 of norm 0.0
18:23 gram_schmidt: Removing vector 77 of norm 0.0
18:23 gram_schmidt: Removing vector 78 of norm 0.0
18:23 gram_schmidt: Removing vector 79 of norm 0.0
18:23 gram_schmidt: Removing vector 80 of norm 0.0
18:23 gram_schmidt: Removing vector 81 of norm 0.0
18:23 gram_schmidt: Removing vector 82 of norm 0.0
18:23 gram_schmidt: Removing vector 83 of norm 0.0
18:23 gram_schmidt: Removing vector 84 of norm 0.0
18:23 gram_schmidt: Removing vector 85 of norm 0.0
18:23 gram_schmidt: Removing vector 86 of norm 0.0
18:23 gram_schmidt: Removing vector 87 of norm 0.0
18:23 gram_schmidt: Removing vector 88 of norm 0.0
18:23 gram_schmidt: Removing vector 89 of norm 0.0
18:23 gram_schmidt: Removing vector 90 of norm 0.0
18:23 gram_schmidt: Removing vector 91 of norm 0.0
18:23 gram_schmidt: Removing vector 92 of norm 0.0
18:23 gram_schmidt: Removing vector 93 of norm 0.0
18:23 gram_schmidt: Removing vector 94 of norm 0.0
18:23 gram_schmidt: Removing vector 95 of norm 0.0
18:23 gram_schmidt: Removing vector 96 of norm 0.0
18:23 gram_schmidt: Removing vector 97 of norm 0.0
18:23 gram_schmidt: Removing vector 98 of norm 0.0
18:23 gram_schmidt: Removing vector 99 of norm 0.0
18:23 gram_schmidt: Removing vector 100 of norm 0.0
18:23 gram_schmidt: Removing vector 101 of norm 0.0
</system-err></testcase><testcase classname="src.pymortests.algorithms.gram_schmidt" file="src/pymortests/algorithms/gram_schmidt.py" line="12" name="test_gram_schmidt[1-&lt;lambda&gt;5]" time="0.002599477767944336"></testcase><testcase classname="src.pymortests.algorithms.gram_schmidt" file="src/pymortests/algorithms/gram_schmidt.py" line="12" name="test_gram_schmidt[1-&lt;lambda&gt;6]" time="0.0018236637115478516"></testcase><testcase classname="src.pymortests.algorithms.gram_schmidt" file="src/pymortests/algorithms/gram_schmidt.py" line="12" name="test_gram_schmidt[1-&lt;lambda&gt;7]" time="0.002249479293823242"></testcase><testcase classname="src.pymortests.algorithms.gram_schmidt" file="src/pymortests/algorithms/gram_schmidt.py" line="12" name="test_gram_schmidt[1-&lt;lambda&gt;8]" time="0.19243645668029785"><system-err>18:23 gram_schmidt: Orthonormalizing vector 31 again
18:23 gram_schmidt: Removing linear dependent vector 32
18:23 gram_schmidt: Removing linear dependent vector 33
18:23 gram_schmidt: Removing linear dependent vector 34
18:23 gram_schmidt: Removing linear dependent vector 35
18:23 gram_schmidt: Removing linear dependent vector 36
18:23 gram_schmidt: Removing linear dependent vector 37
18:23 gram_schmidt: Removing linear dependent vector 38
18:23 gram_schmidt: Removing linear dependent vector 39
18:23 gram_schmidt: Removing linear dependent vector 40
18:23 gram_schmidt: Removing linear dependent vector 41
18:23 gram_schmidt: Removing linear dependent vector 42
18:23 gram_schmidt: Orthonormalizing vector 31 again
18:23 gram_schmidt: Removing linear dependent vector 32
18:23 gram_schmidt: Removing linear dependent vector 33
18:23 gram_schmidt: Removing linear dependent vector 34
18:23 gram_schmidt: Removing linear dependent vector 35
18:23 gram_schmidt: Removing linear dependent vector 36
18:23 gram_schmidt: Removing linear dependent vector 37
18:23 gram_schmidt: Removing linear dependent vector 38
18:23 gram_schmidt: Removing linear dependent vector 39
18:23 gram_schmidt: Removing linear dependent vector 40
18:23 gram_schmidt: Removing linear dependent vector 41
18:23 gram_schmidt: Removing linear dependent vector 42
</system-err></testcase><testcase classname="src.pymortests.algorithms.gram_schmidt" file="src/pymortests/algorithms/gram_schmidt.py" line="12" name="test_gram_schmidt[1-&lt;lambda&gt;9]" time="0.026752710342407227"><system-err>18:23 gram_schmidt: Removing vector 0 of norm 0.0
18:23 gram_schmidt: Removing vector 1 of norm 0.0
18:23 gram_schmidt: Removing vector 2 of norm 0.0
18:23 gram_schmidt: Removing vector 3 of norm 0.0
18:23 gram_schmidt: Removing vector 4 of norm 0.0
18:23 gram_schmidt: Removing vector 5 of norm 0.0
18:23 gram_schmidt: Removing vector 6 of norm 0.0
18:23 gram_schmidt: Removing vector 7 of norm 0.0
18:23 gram_schmidt: Removing vector 8 of norm 0.0
18:23 gram_schmidt: Removing vector 9 of norm 0.0
18:23 gram_schmidt: Removing vector 10 of norm 0.0
18:23 gram_schmidt: Removing vector 11 of norm 0.0
18:23 gram_schmidt: Removing vector 12 of norm 0.0
18:23 gram_schmidt: Removing vector 13 of norm 0.0
18:23 gram_schmidt: Removing vector 14 of norm 0.0
18:23 gram_schmidt: Removing vector 15 of norm 0.0
18:23 gram_schmidt: Removing vector 16 of norm 0.0
18:23 gram_schmidt: Removing vector 17 of norm 0.0
18:23 gram_schmidt: Removing vector 18 of norm 0.0
18:23 gram_schmidt: Removing vector 19 of norm 0.0
18:23 gram_schmidt: Removing vector 20 of norm 0.0
18:23 gram_schmidt: Removing vector 21 of norm 0.0
18:23 gram_schmidt: Removing vector 22 of norm 0.0
18:23 gram_schmidt: Removing vector 23 of norm 0.0
18:23 gram_schmidt: Removing vector 24 of norm 0.0
18:23 gram_schmidt: Removing vector 25 of norm 0.0
18:23 gram_schmidt: Removing vector 26 of norm 0.0
18:23 gram_schmidt: Removing vector 27 of norm 0.0
18:23 gram_schmidt: Removing vector 28 of norm 0.0
18:23 gram_schmidt: Removing vector 29 of norm 0.0
18:23 gram_schmidt: Removing vector 30 of norm 0.0
18:23 gram_schmidt: Removing vector 31 of norm 0.0
18:23 gram_schmidt: Removing vector 32 of norm 0.0
18:23 gram_schmidt: Removing vector 33 of norm 0.0
18:23 gram_schmidt: Removing vector 34 of norm 0.0
18:23 gram_schmidt: Removing vector 35 of norm 0.0
18:23 gram_schmidt: Removing vector 36 of norm 0.0
18:23 gram_schmidt: Removing vector 37 of norm 0.0
18:23 gram_schmidt: Removing vector 38 of norm 0.0
18:23 gram_schmidt: Removing vector 39 of norm 0.0
18:23 gram_schmidt: Removing vector 40 of norm 0.0
18:23 gram_schmidt: Removing vector 41 of norm 0.0
18:23 gram_schmidt: Removing vector 42 of norm 0.0
18:23 gram_schmidt: Removing vector 43 of norm 0.0
18:23 gram_schmidt: Removing vector 44 of norm 0.0
18:23 gram_schmidt: Removing vector 45 of norm 0.0
18:23 gram_schmidt: Removing vector 46 of norm 0.0
18:23 gram_schmidt: Removing vector 47 of norm 0.0
18:23 gram_schmidt: Removing vector 48 of norm 0.0
18:23 gram_schmidt: Removing vector 49 of norm 0.0
18:23 gram_schmidt: Removing vector 50 of norm 0.0
18:23 gram_schmidt: Removing vector 51 of norm 0.0
18:23 gram_schmidt: Removing vector 52 of norm 0.0
18:23 gram_schmidt: Removing vector 53 of norm 0.0
18:23 gram_schmidt: Removing vector 54 of norm 0.0
18:23 gram_schmidt: Removing vector 55 of norm 0.0
18:23 gram_schmidt: Removing vector 56 of norm 0.0
18:23 gram_schmidt: Removing vector 57 of norm 0.0
18:23 gram_schmidt: Removing vector 58 of norm 0.0
18:23 gram_schmidt: Removing vector 59 of norm 0.0
18:23 gram_schmidt: Removing vector 60 of norm 0.0
18:23 gram_schmidt: Removing vector 61 of norm 0.0
18:23 gram_schmidt: Removing vector 62 of norm 0.0
18:23 gram_schmidt: Removing vector 63 of norm 0.0
18:23 gram_schmidt: Removing vector 64 of norm 0.0
18:23 gram_schmidt: Removing vector 65 of norm 0.0
18:23 gram_schmidt: Removing vector 66 of norm 0.0
18:23 gram_schmidt: Removing vector 67 of norm 0.0
18:23 gram_schmidt: Removing vector 68 of norm 0.0
18:23 gram_schmidt: Removing vector 69 of norm 0.0
18:23 gram_schmidt: Removing vector 70 of norm 0.0
18:23 gram_schmidt: Removing vector 71 of norm 0.0
18:23 gram_schmidt: Removing vector 72 of norm 0.0
18:23 gram_schmidt: Removing vector 73 of norm 0.0
18:23 gram_schmidt: Removing vector 74 of norm 0.0
18:23 gram_schmidt: Removing vector 75 of norm 0.0
18:23 gram_schmidt: Removing vector 76 of norm 0.0
18:23 gram_schmidt: Removing vector 77 of norm 0.0
18:23 gram_schmidt: Removing vector 78 of norm 0.0
18:23 gram_schmidt: Removing vector 79 of norm 0.0
18:23 gram_schmidt: Removing vector 80 of norm 0.0
18:23 gram_schmidt: Removing vector 81 of norm 0.0
18:23 gram_schmidt: Removing vector 82 of norm 0.0
18:23 gram_schmidt: Removing vector 83 of norm 0.0
18:23 gram_schmidt: Removing vector 84 of norm 0.0
18:23 gram_schmidt: Removing vector 85 of norm 0.0
18:23 gram_schmidt: Removing vector 86 of norm 0.0
18:23 gram_schmidt: Removing vector 87 of norm 0.0
18:23 gram_schmidt: Removing vector 88 of norm 0.0
18:23 gram_schmidt: Removing vector 89 of norm 0.0
18:23 gram_schmidt: Removing vector 90 of norm 0.0
18:23 gram_schmidt: Removing vector 91 of norm 0.0
18:23 gram_schmidt: Removing vector 92 of norm 0.0
18:23 gram_schmidt: Removing vector 93 of norm 0.0
18:23 gram_schmidt: Removing vector 94 of norm 0.0
18:23 gram_schmidt: Removing vector 95 of norm 0.0
18:23 gram_schmidt: Removing vector 96 of norm 0.0
18:23 gram_schmidt: Removing vector 97 of norm 0.0
18:23 gram_schmidt: Removing vector 98 of norm 0.0
18:23 gram_schmidt: Removing vector 99 of norm 0.0
18:23 gram_schmidt: Removing vector 100 of norm 0.0
18:23 gram_schmidt: Removing vector 101 of norm 0.0
18:23 gram_schmidt: Removing vector 0 of norm 0.0
18:23 gram_schmidt: Removing vector 1 of norm 0.0
18:23 gram_schmidt: Removing vector 2 of norm 0.0
18:23 gram_schmidt: Removing vector 3 of norm 0.0
18:23 gram_schmidt: Removing vector 4 of norm 0.0
18:23 gram_schmidt: Removing vector 5 of norm 0.0
18:23 gram_schmidt: Removing vector 6 of norm 0.0
18:23 gram_schmidt: Removing vector 7 of norm 0.0
18:23 gram_schmidt: Removing vector 8 of norm 0.0
18:23 gram_schmidt: Removing vector 9 of norm 0.0
18:23 gram_schmidt: Removing vector 10 of norm 0.0
18:23 gram_schmidt: Removing vector 11 of norm 0.0
18:23 gram_schmidt: Removing vector 12 of norm 0.0
18:23 gram_schmidt: Removing vector 13 of norm 0.0
18:23 gram_schmidt: Removing vector 14 of norm 0.0
18:23 gram_schmidt: Removing vector 15 of norm 0.0
18:23 gram_schmidt: Removing vector 16 of norm 0.0
18:23 gram_schmidt: Removing vector 17 of norm 0.0
18:23 gram_schmidt: Removing vector 18 of norm 0.0
18:23 gram_schmidt: Removing vector 19 of norm 0.0
18:23 gram_schmidt: Removing vector 20 of norm 0.0
18:23 gram_schmidt: Removing vector 21 of norm 0.0
18:23 gram_schmidt: Removing vector 22 of norm 0.0
18:23 gram_schmidt: Removing vector 23 of norm 0.0
18:23 gram_schmidt: Removing vector 24 of norm 0.0
18:23 gram_schmidt: Removing vector 25 of norm 0.0
18:23 gram_schmidt: Removing vector 26 of norm 0.0
18:23 gram_schmidt: Removing vector 27 of norm 0.0
18:23 gram_schmidt: Removing vector 28 of norm 0.0
18:23 gram_schmidt: Removing vector 29 of norm 0.0
18:23 gram_schmidt: Removing vector 30 of norm 0.0
18:23 gram_schmidt: Removing vector 31 of norm 0.0
18:23 gram_schmidt: Removing vector 32 of norm 0.0
18:23 gram_schmidt: Removing vector 33 of norm 0.0
18:23 gram_schmidt: Removing vector 34 of norm 0.0
18:23 gram_schmidt: Removing vector 35 of norm 0.0
18:23 gram_schmidt: Removing vector 36 of norm 0.0
18:23 gram_schmidt: Removing vector 37 of norm 0.0
18:23 gram_schmidt: Removing vector 38 of norm 0.0
18:23 gram_schmidt: Removing vector 39 of norm 0.0
18:23 gram_schmidt: Removing vector 40 of norm 0.0
18:23 gram_schmidt: Removing vector 41 of norm 0.0
18:23 gram_schmidt: Removing vector 42 of norm 0.0
18:23 gram_schmidt: Removing vector 43 of norm 0.0
18:23 gram_schmidt: Removing vector 44 of norm 0.0
18:23 gram_schmidt: Removing vector 45 of norm 0.0
18:23 gram_schmidt: Removing vector 46 of norm 0.0
18:23 gram_schmidt: Removing vector 47 of norm 0.0
18:23 gram_schmidt: Removing vector 48 of norm 0.0
18:23 gram_schmidt: Removing vector 49 of norm 0.0
18:23 gram_schmidt: Removing vector 50 of norm 0.0
18:23 gram_schmidt: Removing vector 51 of norm 0.0
18:23 gram_schmidt: Removing vector 52 of norm 0.0
18:23 gram_schmidt: Removing vector 53 of norm 0.0
18:23 gram_schmidt: Removing vector 54 of norm 0.0
18:23 gram_schmidt: Removing vector 55 of norm 0.0
18:23 gram_schmidt: Removing vector 56 of norm 0.0
18:23 gram_schmidt: Removing vector 57 of norm 0.0
18:23 gram_schmidt: Removing vector 58 of norm 0.0
18:23 gram_schmidt: Removing vector 59 of norm 0.0
18:23 gram_schmidt: Removing vector 60 of norm 0.0
18:23 gram_schmidt: Removing vector 61 of norm 0.0
18:23 gram_schmidt: Removing vector 62 of norm 0.0
18:23 gram_schmidt: Removing vector 63 of norm 0.0
18:23 gram_schmidt: Removing vector 64 of norm 0.0
18:23 gram_schmidt: Removing vector 65 of norm 0.0
18:23 gram_schmidt: Removing vector 66 of norm 0.0
18:23 gram_schmidt: Removing vector 67 of norm 0.0
18:23 gram_schmidt: Removing vector 68 of norm 0.0
18:23 gram_schmidt: Removing vector 69 of norm 0.0
18:23 gram_schmidt: Removing vector 70 of norm 0.0
18:23 gram_schmidt: Removing vector 71 of norm 0.0
18:23 gram_schmidt: Removing vector 72 of norm 0.0
18:23 gram_schmidt: Removing vector 73 of norm 0.0
18:23 gram_schmidt: Removing vector 74 of norm 0.0
18:23 gram_schmidt: Removing vector 75 of norm 0.0
18:23 gram_schmidt: Removing vector 76 of norm 0.0
18:23 gram_schmidt: Removing vector 77 of norm 0.0
18:23 gram_schmidt: Removing vector 78 of norm 0.0
18:23 gram_schmidt: Removing vector 79 of norm 0.0
18:23 gram_schmidt: Removing vector 80 of norm 0.0
18:23 gram_schmidt: Removing vector 81 of norm 0.0
18:23 gram_schmidt: Removing vector 82 of norm 0.0
18:23 gram_schmidt: Removing vector 83 of norm 0.0
18:23 gram_schmidt: Removing vector 84 of norm 0.0
18:23 gram_schmidt: Removing vector 85 of norm 0.0
18:23 gram_schmidt: Removing vector 86 of norm 0.0
18:23 gram_schmidt: Removing vector 87 of norm 0.0
18:23 gram_schmidt: Removing vector 88 of norm 0.0
18:23 gram_schmidt: Removing vector 89 of norm 0.0
18:23 gram_schmidt: Removing vector 90 of norm 0.0
18:23 gram_schmidt: Removing vector 91 of norm 0.0
18:23 gram_schmidt: Removing vector 92 of norm 0.0
18:23 gram_schmidt: Removing vector 93 of norm 0.0
18:23 gram_schmidt: Removing vector 94 of norm 0.0
18:23 gram_schmidt: Removing vector 95 of norm 0.0
18:23 gram_schmidt: Removing vector 96 of norm 0.0
18:23 gram_schmidt: Removing vector 97 of norm 0.0
18:23 gram_schmidt: Removing vector 98 of norm 0.0
18:23 gram_schmidt: Removing vector 99 of norm 0.0
18:23 gram_schmidt: Removing vector 100 of norm 0.0
18:23 gram_schmidt: Removing vector 101 of norm 0.0
</system-err></testcase><testcase classname="src.pymortests.algorithms.gram_schmidt" file="src/pymortests/algorithms/gram_schmidt.py" line="12" name="test_gram_schmidt[1-&lt;lambda&gt;10]" time="0.003400087356567383"></testcase><testcase classname="src.pymortests.algorithms.gram_schmidt" file="src/pymortests/algorithms/gram_schmidt.py" line="12" name="test_gram_schmidt[1-&lt;lambda&gt;11]" time="0.006169557571411133"><system-err>18:23 gram_schmidt: Removing linear dependent vector 3
18:23 gram_schmidt: Removing linear dependent vector 3
</system-err></testcase><testcase classname="src.pymortests.algorithms.gram_schmidt" file="src/pymortests/algorithms/gram_schmidt.py" line="12" name="test_gram_schmidt[1-&lt;lambda&gt;12]" time="0.0036144256591796875"><system-err>18:23 gram_schmidt: Removing vector 0 of norm 0.0
18:23 gram_schmidt: Removing vector 1 of norm 0.0
18:23 gram_schmidt: Removing vector 2 of norm 0.0
18:23 gram_schmidt: Removing vector 0 of norm 0.0
18:23 gram_schmidt: Removing vector 1 of norm 0.0
18:23 gram_schmidt: Removing vector 2 of norm 0.0
</system-err></testcase><testcase classname="src.pymortests.algorithms.gram_schmidt" file="src/pymortests/algorithms/gram_schmidt.py" line="12" name="test_gram_schmidt[1-&lt;lambda&gt;13]" time="0.0025708675384521484"></testcase><testcase classname="src.pymortests.algorithms.gram_schmidt" file="src/pymortests/algorithms/gram_schmidt.py" line="12" name="test_gram_schmidt[1-&lt;lambda&gt;14]" time="0.004476070404052734"></testcase><testcase classname="src.pymortests.algorithms.gram_schmidt" file="src/pymortests/algorithms/gram_schmidt.py" line="12" name="test_gram_schmidt[1-&lt;lambda&gt;15]" time="0.36722660064697266"><system-err>18:23 gram_schmidt: Removing linear dependent vector 36
18:23 gram_schmidt: Removing linear dependent vector 37
18:23 gram_schmidt: Removing linear dependent vector 38
18:23 gram_schmidt: Removing linear dependent vector 39
18:23 gram_schmidt: Removing linear dependent vector 40
18:23 gram_schmidt: Removing linear dependent vector 41
18:23 gram_schmidt: Removing linear dependent vector 42
18:24 gram_schmidt: Removing linear dependent vector 36
18:24 gram_schmidt: Removing linear dependent vector 37
18:24 gram_schmidt: Removing linear dependent vector 38
18:24 gram_schmidt: Removing linear dependent vector 39
18:24 gram_schmidt: Removing linear dependent vector 40
18:24 gram_schmidt: Removing linear dependent vector 41
18:24 gram_schmidt: Removing linear dependent vector 42
</system-err></testcase><testcase classname="src.pymortests.algorithms.gram_schmidt" file="src/pymortests/algorithms/gram_schmidt.py" line="12" name="test_gram_schmidt[1-&lt;lambda&gt;16]" time="0.19168806076049805"><system-err>18:24 gram_schmidt: Removing linear dependent vector 3
18:24 gram_schmidt: Removing linear dependent vector 4
18:24 gram_schmidt: Removing linear dependent vector 5
18:24 gram_schmidt: Removing linear dependent vector 6
18:24 gram_schmidt: Removing linear dependent vector 7
18:24 gram_schmidt: Removing linear dependent vector 8
18:24 gram_schmidt: Removing linear dependent vector 9
18:24 gram_schmidt: Removing linear dependent vector 10
18:24 gram_schmidt: Removing linear dependent vector 11
18:24 gram_schmidt: Removing linear dependent vector 12
18:24 gram_schmidt: Removing linear dependent vector 13
18:24 gram_schmidt: Removing linear dependent vector 14
18:24 gram_schmidt: Removing linear dependent vector 15
18:24 gram_schmidt: Removing linear dependent vector 16
18:24 gram_schmidt: Removing linear dependent vector 17
18:24 gram_schmidt: Removing linear dependent vector 18
18:24 gram_schmidt: Removing linear dependent vector 19
18:24 gram_schmidt: Removing linear dependent vector 20
18:24 gram_schmidt: Removing linear dependent vector 21
18:24 gram_schmidt: Removing linear dependent vector 22
18:24 gram_schmidt: Removing linear dependent vector 23
18:24 gram_schmidt: Removing linear dependent vector 24
18:24 gram_schmidt: Removing linear dependent vector 25
18:24 gram_schmidt: Removing linear dependent vector 26
18:24 gram_schmidt: Removing linear dependent vector 27
18:24 gram_schmidt: Removing linear dependent vector 28
18:24 gram_schmidt: Removing linear dependent vector 29
18:24 gram_schmidt: Removing linear dependent vector 30
18:24 gram_schmidt: Removing linear dependent vector 31
18:24 gram_schmidt: Removing linear dependent vector 32
18:24 gram_schmidt: Removing linear dependent vector 33
18:24 gram_schmidt: Removing linear dependent vector 34
18:24 gram_schmidt: Removing linear dependent vector 35
18:24 gram_schmidt: Removing linear dependent vector 36
18:24 gram_schmidt: Removing linear dependent vector 37
18:24 gram_schmidt: Removing linear dependent vector 38
18:24 gram_schmidt: Removing linear dependent vector 39
18:24 gram_schmidt: Removing linear dependent vector 40
18:24 gram_schmidt: Removing linear dependent vector 41
18:24 gram_schmidt: Removing linear dependent vector 42
18:24 gram_schmidt: Removing linear dependent vector 43
18:24 gram_schmidt: Removing linear dependent vector 44
18:24 gram_schmidt: Removing linear dependent vector 45
18:24 gram_schmidt: Removing linear dependent vector 46
18:24 gram_schmidt: Removing linear dependent vector 47
18:24 gram_schmidt: Removing linear dependent vector 48
18:24 gram_schmidt: Removing linear dependent vector 49
18:24 gram_schmidt: Removing linear dependent vector 50
18:24 gram_schmidt: Removing linear dependent vector 51
18:24 gram_schmidt: Removing linear dependent vector 52
18:24 gram_schmidt: Removing linear dependent vector 53
18:24 gram_schmidt: Removing linear dependent vector 54
18:24 gram_schmidt: Removing linear dependent vector 55
18:24 gram_schmidt: Removing linear dependent vector 56
18:24 gram_schmidt: Removing linear dependent vector 57
18:24 gram_schmidt: Removing linear dependent vector 58
18:24 gram_schmidt: Removing linear dependent vector 59
18:24 gram_schmidt: Removing linear dependent vector 60
18:24 gram_schmidt: Removing linear dependent vector 61
18:24 gram_schmidt: Removing linear dependent vector 62
18:24 gram_schmidt: Removing linear dependent vector 63
18:24 gram_schmidt: Removing linear dependent vector 64
18:24 gram_schmidt: Removing linear dependent vector 65
18:24 gram_schmidt: Removing linear dependent vector 66
18:24 gram_schmidt: Removing linear dependent vector 67
18:24 gram_schmidt: Removing linear dependent vector 68
18:24 gram_schmidt: Removing linear dependent vector 69
18:24 gram_schmidt: Removing linear dependent vector 70
18:24 gram_schmidt: Removing linear dependent vector 71
18:24 gram_schmidt: Removing linear dependent vector 72
18:24 gram_schmidt: Removing linear dependent vector 73
18:24 gram_schmidt: Removing linear dependent vector 74
18:24 gram_schmidt: Removing linear dependent vector 75
18:24 gram_schmidt: Removing linear dependent vector 76
18:24 gram_schmidt: Removing linear dependent vector 77
18:24 gram_schmidt: Removing linear dependent vector 78
18:24 gram_schmidt: Removing linear dependent vector 79
18:24 gram_schmidt: Removing linear dependent vector 80
18:24 gram_schmidt: Removing linear dependent vector 81
18:24 gram_schmidt: Removing linear dependent vector 82
18:24 gram_schmidt: Removing linear dependent vector 83
18:24 gram_schmidt: Removing linear dependent vector 84
18:24 gram_schmidt: Removing linear dependent vector 85
18:24 gram_schmidt: Removing linear dependent vector 86
18:24 gram_schmidt: Removing linear dependent vector 87
18:24 gram_schmidt: Removing linear dependent vector 88
18:24 gram_schmidt: Removing linear dependent vector 89
18:24 gram_schmidt: Removing linear dependent vector 90
18:24 gram_schmidt: Removing linear dependent vector 91
18:24 gram_schmidt: Removing linear dependent vector 92
18:24 gram_schmidt: Removing linear dependent vector 93
18:24 gram_schmidt: Removing linear dependent vector 94
18:24 gram_schmidt: Removing linear dependent vector 95
18:24 gram_schmidt: Removing linear dependent vector 96
18:24 gram_schmidt: Removing linear dependent vector 97
18:24 gram_schmidt: Removing linear dependent vector 98
18:24 gram_schmidt: Removing linear dependent vector 99
18:24 gram_schmidt: Removing linear dependent vector 100
18:24 gram_schmidt: Removing linear dependent vector 101
18:24 gram_schmidt: Removing linear dependent vector 3
18:24 gram_schmidt: Removing linear dependent vector 4
18:24 gram_schmidt: Removing linear dependent vector 5
18:24 gram_schmidt: Removing linear dependent vector 6
18:24 gram_schmidt: Removing linear dependent vector 7
18:24 gram_schmidt: Removing linear dependent vector 8
18:24 gram_schmidt: Removing linear dependent vector 9
18:24 gram_schmidt: Removing linear dependent vector 10
18:24 gram_schmidt: Removing linear dependent vector 11
18:24 gram_schmidt: Removing linear dependent vector 12
18:24 gram_schmidt: Removing linear dependent vector 13
18:24 gram_schmidt: Removing linear dependent vector 14
18:24 gram_schmidt: Removing linear dependent vector 15
18:24 gram_schmidt: Removing linear dependent vector 16
18:24 gram_schmidt: Removing linear dependent vector 17
18:24 gram_schmidt: Removing linear dependent vector 18
18:24 gram_schmidt: Removing linear dependent vector 19
18:24 gram_schmidt: Removing linear dependent vector 20
18:24 gram_schmidt: Removing linear dependent vector 21
18:24 gram_schmidt: Removing linear dependent vector 22
18:24 gram_schmidt: Removing linear dependent vector 23
18:24 gram_schmidt: Removing linear dependent vector 24
18:24 gram_schmidt: Removing linear dependent vector 25
18:24 gram_schmidt: Removing linear dependent vector 26
18:24 gram_schmidt: Removing linear dependent vector 27
18:24 gram_schmidt: Removing linear dependent vector 28
18:24 gram_schmidt: Removing linear dependent vector 29
18:24 gram_schmidt: Removing linear dependent vector 30
18:24 gram_schmidt: Removing linear dependent vector 31
18:24 gram_schmidt: Removing linear dependent vector 32
18:24 gram_schmidt: Removing linear dependent vector 33
18:24 gram_schmidt: Removing linear dependent vector 34
18:24 gram_schmidt: Removing linear dependent vector 35
18:24 gram_schmidt: Removing linear dependent vector 36
18:24 gram_schmidt: Removing linear dependent vector 37
18:24 gram_schmidt: Removing linear dependent vector 38
18:24 gram_schmidt: Removing linear dependent vector 39
18:24 gram_schmidt: Removing linear dependent vector 40
18:24 gram_schmidt: Removing linear dependent vector 41
18:24 gram_schmidt: Removing linear dependent vector 42
18:24 gram_schmidt: Removing linear dependent vector 43
18:24 gram_schmidt: Removing linear dependent vector 44
18:24 gram_schmidt: Removing linear dependent vector 45
18:24 gram_schmidt: Removing linear dependent vector 46
18:24 gram_schmidt: Removing linear dependent vector 47
18:24 gram_schmidt: Removing linear dependent vector 48
18:24 gram_schmidt: Removing linear dependent vector 49
18:24 gram_schmidt: Removing linear dependent vector 50
18:24 gram_schmidt: Removing linear dependent vector 51
18:24 gram_schmidt: Removing linear dependent vector 52
18:24 gram_schmidt: Removing linear dependent vector 53
18:24 gram_schmidt: Removing linear dependent vector 54
18:24 gram_schmidt: Removing linear dependent vector 55
18:24 gram_schmidt: Removing linear dependent vector 56
18:24 gram_schmidt: Removing linear dependent vector 57
18:24 gram_schmidt: Removing linear dependent vector 58
18:24 gram_schmidt: Removing linear dependent vector 59
18:24 gram_schmidt: Removing linear dependent vector 60
18:24 gram_schmidt: Removing linear dependent vector 61
18:24 gram_schmidt: Removing linear dependent vector 62
18:24 gram_schmidt: Removing linear dependent vector 63
18:24 gram_schmidt: Removing linear dependent vector 64
18:24 gram_schmidt: Removing linear dependent vector 65
18:24 gram_schmidt: Removing linear dependent vector 66
18:24 gram_schmidt: Removing linear dependent vector 67
18:24 gram_schmidt: Removing linear dependent vector 68
18:24 gram_schmidt: Removing linear dependent vector 69
18:24 gram_schmidt: Removing linear dependent vector 70
18:24 gram_schmidt: Removing linear dependent vector 71
18:24 gram_schmidt: Removing linear dependent vector 72
18:24 gram_schmidt: Removing linear dependent vector 73
18:24 gram_schmidt: Removing linear dependent vector 74
18:24 gram_schmidt: Removing linear dependent vector 75
18:24 gram_schmidt: Removing linear dependent vector 76
18:24 gram_schmidt: Removing linear dependent vector 77
18:24 gram_schmidt: Removing linear dependent vector 78
18:24 gram_schmidt: Removing linear dependent vector 79
18:24 gram_schmidt: Removing linear dependent vector 80
18:24 gram_schmidt: Removing linear dependent vector 81
18:24 gram_schmidt: Removing linear dependent vector 82
18:24 gram_schmidt: Removing linear dependent vector 83
18:24 gram_schmidt: Removing linear dependent vector 84
18:24 gram_schmidt: Removing linear dependent vector 85
18:24 gram_schmidt: Removing linear dependent vector 86
18:24 gram_schmidt: Removing linear dependent vector 87
18:24 gram_schmidt: Removing linear dependent vector 88
18:24 gram_schmidt: Removing linear dependent vector 89
18:24 gram_schmidt: Removing linear dependent vector 90
18:24 gram_schmidt: Removing linear dependent vector 91
18:24 gram_schmidt: Removing linear dependent vector 92
18:24 gram_schmidt: Removing linear dependent vector 93
18:24 gram_schmidt: Removing linear dependent vector 94
18:24 gram_schmidt: Removing linear dependent vector 95
18:24 gram_schmidt: Removing linear dependent vector 96
18:24 gram_schmidt: Removing linear dependent vector 97
18:24 gram_schmidt: Removing linear dependent vector 98
18:24 gram_schmidt: Removing linear dependent vector 99
18:24 gram_schmidt: Removing linear dependent vector 100
18:24 gram_schmidt: Removing linear dependent vector 101
</system-err></testcase><testcase classname="src.pymortests.algorithms.gram_schmidt" file="src/pymortests/algorithms/gram_schmidt.py" line="12" name="test_gram_schmidt[1-&lt;lambda&gt;17]" time="0.0031976699829101562"></testcase><testcase classname="src.pymortests.algorithms.gram_schmidt" file="src/pymortests/algorithms/gram_schmidt.py" line="12" name="test_gram_schmidt[1-&lt;lambda&gt;18]" time="0.0023622512817382812"></testcase><testcase classname="src.pymortests.algorithms.gram_schmidt" file="src/pymortests/algorithms/gram_schmidt.py" line="12" name="test_gram_schmidt[1-&lt;lambda&gt;19]" time="0.004611492156982422"></testcase><testcase classname="src.pymortests.algorithms.gram_schmidt" file="src/pymortests/algorithms/gram_schmidt.py" line="12" name="test_gram_schmidt[1-&lt;lambda&gt;20]" time="0.2694122791290283"></testcase><testcase classname="src.pymortests.algorithms.gram_schmidt" file="src/pymortests/algorithms/gram_schmidt.py" line="12" name="test_gram_schmidt[1-&lt;lambda&gt;21]" time="1.4573559761047363"></testcase><testcase classname="src.pymortests.algorithms.gram_schmidt" file="src/pymortests/algorithms/gram_schmidt.py" line="12" name="test_gram_schmidt[1-&lt;lambda&gt;22]" time="0.0027146339416503906"></testcase><testcase classname="src.pymortests.algorithms.gram_schmidt" file="src/pymortests/algorithms/gram_schmidt.py" line="12" name="test_gram_schmidt[1-&lt;lambda&gt;23]" time="0.001753091812133789"></testcase><testcase classname="src.pymortests.algorithms.gram_schmidt" file="src/pymortests/algorithms/gram_schmidt.py" line="12" name="test_gram_schmidt[1-&lt;lambda&gt;24]" time="0.007372856140136719"></testcase><testcase classname="src.pymortests.algorithms.gram_schmidt" file="src/pymortests/algorithms/gram_schmidt.py" line="12" name="test_gram_schmidt[1-&lt;lambda&gt;25]" time="0.38009142875671387"><system-err>18:26 gram_schmidt: Orthonormalizing vector 31 again
18:26 gram_schmidt: Removing linear dependent vector 32
18:26 gram_schmidt: Removing linear dependent vector 33
18:26 gram_schmidt: Removing linear dependent vector 34
18:26 gram_schmidt: Removing linear dependent vector 35
18:26 gram_schmidt: Removing linear dependent vector 36
18:26 gram_schmidt: Removing linear dependent vector 37
18:26 gram_schmidt: Removing linear dependent vector 38
18:26 gram_schmidt: Removing linear dependent vector 39
18:26 gram_schmidt: Removing linear dependent vector 40
18:26 gram_schmidt: Removing linear dependent vector 41
18:26 gram_schmidt: Removing linear dependent vector 42
18:26 gram_schmidt: Orthonormalizing vector 31 again
18:26 gram_schmidt: Removing linear dependent vector 32
18:26 gram_schmidt: Removing linear dependent vector 33
18:26 gram_schmidt: Removing linear dependent vector 34
18:26 gram_schmidt: Removing linear dependent vector 35
18:26 gram_schmidt: Removing linear dependent vector 36
18:26 gram_schmidt: Removing linear dependent vector 37
18:26 gram_schmidt: Removing linear dependent vector 38
18:26 gram_schmidt: Removing linear dependent vector 39
18:26 gram_schmidt: Removing linear dependent vector 40
18:26 gram_schmidt: Removing linear dependent vector 41
18:26 gram_schmidt: Removing linear dependent vector 42
</system-err></testcase><testcase classname="src.pymortests.algorithms.gram_schmidt" file="src/pymortests/algorithms/gram_schmidt.py" line="12" name="test_gram_schmidt[1-&lt;lambda&gt;26]" time="0.23022127151489258"><system-err>18:26 gram_schmidt: Removing vector 0 of norm 0.0
18:26 gram_schmidt: Removing vector 1 of norm 0.0
18:26 gram_schmidt: Removing vector 2 of norm 0.0
18:26 gram_schmidt: Removing vector 3 of norm 0.0
18:26 gram_schmidt: Removing vector 4 of norm 0.0
18:26 gram_schmidt: Removing vector 5 of norm 0.0
18:26 gram_schmidt: Removing vector 6 of norm 0.0
18:26 gram_schmidt: Removing vector 7 of norm 0.0
18:26 gram_schmidt: Removing vector 8 of norm 0.0
18:26 gram_schmidt: Removing vector 9 of norm 0.0
18:26 gram_schmidt: Removing vector 10 of norm 0.0
18:26 gram_schmidt: Removing vector 11 of norm 0.0
18:26 gram_schmidt: Removing vector 12 of norm 0.0
18:26 gram_schmidt: Removing vector 13 of norm 0.0
18:26 gram_schmidt: Removing vector 14 of norm 0.0
18:26 gram_schmidt: Removing vector 15 of norm 0.0
18:26 gram_schmidt: Removing vector 16 of norm 0.0
18:26 gram_schmidt: Removing vector 17 of norm 0.0
18:26 gram_schmidt: Removing vector 18 of norm 0.0
18:26 gram_schmidt: Removing vector 19 of norm 0.0
18:26 gram_schmidt: Removing vector 20 of norm 0.0
18:26 gram_schmidt: Removing vector 21 of norm 0.0
18:26 gram_schmidt: Removing vector 22 of norm 0.0
18:26 gram_schmidt: Removing vector 23 of norm 0.0
18:26 gram_schmidt: Removing vector 24 of norm 0.0
18:26 gram_schmidt: Removing vector 25 of norm 0.0
18:26 gram_schmidt: Removing vector 26 of norm 0.0
18:26 gram_schmidt: Removing vector 27 of norm 0.0
18:26 gram_schmidt: Removing vector 28 of norm 0.0
18:26 gram_schmidt: Removing vector 29 of norm 0.0
18:26 gram_schmidt: Removing vector 30 of norm 0.0
18:26 gram_schmidt: Removing vector 31 of norm 0.0
18:26 gram_schmidt: Removing vector 32 of norm 0.0
18:26 gram_schmidt: Removing vector 33 of norm 0.0
18:26 gram_schmidt: Removing vector 34 of norm 0.0
18:26 gram_schmidt: Removing vector 35 of norm 0.0
18:26 gram_schmidt: Removing vector 36 of norm 0.0
18:26 gram_schmidt: Removing vector 37 of norm 0.0
18:26 gram_schmidt: Removing vector 38 of norm 0.0
18:26 gram_schmidt: Removing vector 39 of norm 0.0
18:26 gram_schmidt: Removing vector 40 of norm 0.0
18:26 gram_schmidt: Removing vector 41 of norm 0.0
18:26 gram_schmidt: Removing vector 42 of norm 0.0
18:26 gram_schmidt: Removing vector 43 of norm 0.0
18:26 gram_schmidt: Removing vector 44 of norm 0.0
18:26 gram_schmidt: Removing vector 45 of norm 0.0
18:26 gram_schmidt: Removing vector 46 of norm 0.0
18:26 gram_schmidt: Removing vector 47 of norm 0.0
18:26 gram_schmidt: Removing vector 48 of norm 0.0
18:26 gram_schmidt: Removing vector 49 of norm 0.0
18:26 gram_schmidt: Removing vector 50 of norm 0.0
18:26 gram_schmidt: Removing vector 51 of norm 0.0
18:26 gram_schmidt: Removing vector 52 of norm 0.0
18:26 gram_schmidt: Removing vector 53 of norm 0.0
18:26 gram_schmidt: Removing vector 54 of norm 0.0
18:26 gram_schmidt: Removing vector 55 of norm 0.0
18:26 gram_schmidt: Removing vector 56 of norm 0.0
18:26 gram_schmidt: Removing vector 57 of norm 0.0
18:26 gram_schmidt: Removing vector 58 of norm 0.0
18:26 gram_schmidt: Removing vector 59 of norm 0.0
18:26 gram_schmidt: Removing vector 60 of norm 0.0
18:26 gram_schmidt: Removing vector 61 of norm 0.0
18:26 gram_schmidt: Removing vector 62 of norm 0.0
18:26 gram_schmidt: Removing vector 63 of norm 0.0
18:26 gram_schmidt: Removing vector 64 of norm 0.0
18:26 gram_schmidt: Removing vector 65 of norm 0.0
18:26 gram_schmidt: Removing vector 66 of norm 0.0
18:26 gram_schmidt: Removing vector 67 of norm 0.0
18:26 gram_schmidt: Removing vector 68 of norm 0.0
18:26 gram_schmidt: Removing vector 69 of norm 0.0
18:26 gram_schmidt: Removing vector 70 of norm 0.0
18:26 gram_schmidt: Removing vector 71 of norm 0.0
18:26 gram_schmidt: Removing vector 72 of norm 0.0
18:26 gram_schmidt: Removing vector 73 of norm 0.0
18:26 gram_schmidt: Removing vector 74 of norm 0.0
18:26 gram_schmidt: Removing vector 75 of norm 0.0
18:26 gram_schmidt: Removing vector 76 of norm 0.0
18:26 gram_schmidt: Removing vector 77 of norm 0.0
18:26 gram_schmidt: Removing vector 78 of norm 0.0
18:26 gram_schmidt: Removing vector 79 of norm 0.0
18:26 gram_schmidt: Removing vector 80 of norm 0.0
18:26 gram_schmidt: Removing vector 81 of norm 0.0
18:26 gram_schmidt: Removing vector 82 of norm 0.0
18:26 gram_schmidt: Removing vector 83 of norm 0.0
18:26 gram_schmidt: Removing vector 84 of norm 0.0
18:26 gram_schmidt: Removing vector 85 of norm 0.0
18:26 gram_schmidt: Removing vector 86 of norm 0.0
18:26 gram_schmidt: Removing vector 87 of norm 0.0
18:26 gram_schmidt: Removing vector 88 of norm 0.0
18:26 gram_schmidt: Removing vector 89 of norm 0.0
18:26 gram_schmidt: Removing vector 90 of norm 0.0
18:26 gram_schmidt: Removing vector 91 of norm 0.0
18:26 gram_schmidt: Removing vector 92 of norm 0.0
18:26 gram_schmidt: Removing vector 93 of norm 0.0
18:26 gram_schmidt: Removing vector 94 of norm 0.0
18:26 gram_schmidt: Removing vector 95 of norm 0.0
18:26 gram_schmidt: Removing vector 96 of norm 0.0
18:26 gram_schmidt: Removing vector 97 of norm 0.0
18:26 gram_schmidt: Removing vector 98 of norm 0.0
18:26 gram_schmidt: Removing vector 99 of norm 0.0
18:26 gram_schmidt: Removing vector 100 of norm 0.0
18:26 gram_schmidt: Removing vector 101 of norm 0.0
18:26 gram_schmidt: Removing vector 0 of norm 0.0
18:26 gram_schmidt: Removing vector 1 of norm 0.0
18:26 gram_schmidt: Removing vector 2 of norm 0.0
18:26 gram_schmidt: Removing vector 3 of norm 0.0
18:26 gram_schmidt: Removing vector 4 of norm 0.0
18:26 gram_schmidt: Removing vector 5 of norm 0.0
18:26 gram_schmidt: Removing vector 6 of norm 0.0
18:26 gram_schmidt: Removing vector 7 of norm 0.0
18:26 gram_schmidt: Removing vector 8 of norm 0.0
18:26 gram_schmidt: Removing vector 9 of norm 0.0
18:26 gram_schmidt: Removing vector 10 of norm 0.0
18:26 gram_schmidt: Removing vector 11 of norm 0.0
18:26 gram_schmidt: Removing vector 12 of norm 0.0
18:26 gram_schmidt: Removing vector 13 of norm 0.0
18:26 gram_schmidt: Removing vector 14 of norm 0.0
18:26 gram_schmidt: Removing vector 15 of norm 0.0
18:26 gram_schmidt: Removing vector 16 of norm 0.0
18:26 gram_schmidt: Removing vector 17 of norm 0.0
18:26 gram_schmidt: Removing vector 18 of norm 0.0
18:26 gram_schmidt: Removing vector 19 of norm 0.0
18:26 gram_schmidt: Removing vector 20 of norm 0.0
18:26 gram_schmidt: Removing vector 21 of norm 0.0
18:26 gram_schmidt: Removing vector 22 of norm 0.0
18:26 gram_schmidt: Removing vector 23 of norm 0.0
18:26 gram_schmidt: Removing vector 24 of norm 0.0
18:26 gram_schmidt: Removing vector 25 of norm 0.0
18:26 gram_schmidt: Removing vector 26 of norm 0.0
18:26 gram_schmidt: Removing vector 27 of norm 0.0
18:26 gram_schmidt: Removing vector 28 of norm 0.0
18:26 gram_schmidt: Removing vector 29 of norm 0.0
18:26 gram_schmidt: Removing vector 30 of norm 0.0
18:26 gram_schmidt: Removing vector 31 of norm 0.0
18:26 gram_schmidt: Removing vector 32 of norm 0.0
18:26 gram_schmidt: Removing vector 33 of norm 0.0
18:26 gram_schmidt: Removing vector 34 of norm 0.0
18:26 gram_schmidt: Removing vector 35 of norm 0.0
18:26 gram_schmidt: Removing vector 36 of norm 0.0
18:26 gram_schmidt: Removing vector 37 of norm 0.0
18:26 gram_schmidt: Removing vector 38 of norm 0.0
18:26 gram_schmidt: Removing vector 39 of norm 0.0
18:26 gram_schmidt: Removing vector 40 of norm 0.0
18:26 gram_schmidt: Removing vector 41 of norm 0.0
18:26 gram_schmidt: Removing vector 42 of norm 0.0
18:26 gram_schmidt: Removing vector 43 of norm 0.0
18:26 gram_schmidt: Removing vector 44 of norm 0.0
18:26 gram_schmidt: Removing vector 45 of norm 0.0
18:26 gram_schmidt: Removing vector 46 of norm 0.0
18:26 gram_schmidt: Removing vector 47 of norm 0.0
18:26 gram_schmidt: Removing vector 48 of norm 0.0
18:26 gram_schmidt: Removing vector 49 of norm 0.0
18:26 gram_schmidt: Removing vector 50 of norm 0.0
18:26 gram_schmidt: Removing vector 51 of norm 0.0
18:26 gram_schmidt: Removing vector 52 of norm 0.0
18:26 gram_schmidt: Removing vector 53 of norm 0.0
18:26 gram_schmidt: Removing vector 54 of norm 0.0
18:26 gram_schmidt: Removing vector 55 of norm 0.0
18:26 gram_schmidt: Removing vector 56 of norm 0.0
18:26 gram_schmidt: Removing vector 57 of norm 0.0
18:26 gram_schmidt: Removing vector 58 of norm 0.0
18:26 gram_schmidt: Removing vector 59 of norm 0.0
18:26 gram_schmidt: Removing vector 60 of norm 0.0
18:26 gram_schmidt: Removing vector 61 of norm 0.0
18:26 gram_schmidt: Removing vector 62 of norm 0.0
18:26 gram_schmidt: Removing vector 63 of norm 0.0
18:26 gram_schmidt: Removing vector 64 of norm 0.0
18:26 gram_schmidt: Removing vector 65 of norm 0.0
18:26 gram_schmidt: Removing vector 66 of norm 0.0
18:26 gram_schmidt: Removing vector 67 of norm 0.0
18:26 gram_schmidt: Removing vector 68 of norm 0.0
18:26 gram_schmidt: Removing vector 69 of norm 0.0
18:26 gram_schmidt: Removing vector 70 of norm 0.0
18:26 gram_schmidt: Removing vector 71 of norm 0.0
18:26 gram_schmidt: Removing vector 72 of norm 0.0
18:26 gram_schmidt: Removing vector 73 of norm 0.0
18:26 gram_schmidt: Removing vector 74 of norm 0.0
18:26 gram_schmidt: Removing vector 75 of norm 0.0
18:26 gram_schmidt: Removing vector 76 of norm 0.0
18:26 gram_schmidt: Removing vector 77 of norm 0.0
18:26 gram_schmidt: Removing vector 78 of norm 0.0
18:26 gram_schmidt: Removing vector 79 of norm 0.0
18:26 gram_schmidt: Removing vector 80 of norm 0.0
18:26 gram_schmidt: Removing vector 81 of norm 0.0
18:26 gram_schmidt: Removing vector 82 of norm 0.0
18:26 gram_schmidt: Removing vector 83 of norm 0.0
18:26 gram_schmidt: Removing vector 84 of norm 0.0
18:26 gram_schmidt: Removing vector 85 of norm 0.0
18:26 gram_schmidt: Removing vector 86 of norm 0.0
18:26 gram_schmidt: Removing vector 87 of norm 0.0
18:26 gram_schmidt: Removing vector 88 of norm 0.0
18:26 gram_schmidt: Removing vector 89 of norm 0.0
18:26 gram_schmidt: Removing vector 90 of norm 0.0
18:26 gram_schmidt: Removing vector 91 of norm 0.0
18:26 gram_schmidt: Removing vector 92 of norm 0.0
18:26 gram_schmidt: Removing vector 93 of norm 0.0
18:26 gram_schmidt: Removing vector 94 of norm 0.0
18:26 gram_schmidt: Removing vector 95 of norm 0.0
18:26 gram_schmidt: Removing vector 96 of norm 0.0
18:26 gram_schmidt: Removing vector 97 of norm 0.0
18:26 gram_schmidt: Removing vector 98 of norm 0.0
18:26 gram_schmidt: Removing vector 99 of norm 0.0
18:26 gram_schmidt: Removing vector 100 of norm 0.0
18:26 gram_schmidt: Removing vector 101 of norm 0.0
</system-err></testcase><testcase classname="src.pymortests.algorithms.gram_schmidt" file="src/pymortests/algorithms/gram_schmidt.py" line="12" name="test_gram_schmidt[2-&lt;lambda&gt;0]" time="0.0027494430541992188"></testcase><testcase classname="src.pymortests.algorithms.gram_schmidt" file="src/pymortests/algorithms/gram_schmidt.py" line="12" name="test_gram_schmidt[2-&lt;lambda&gt;1]" time="0.0018579959869384766"></testcase><testcase classname="src.pymortests.algorithms.gram_schmidt" file="src/pymortests/algorithms/gram_schmidt.py" line="12" name="test_gram_schmidt[2-&lt;lambda&gt;2]" time="0.0021381378173828125"></testcase><testcase classname="src.pymortests.algorithms.gram_schmidt" file="src/pymortests/algorithms/gram_schmidt.py" line="12" name="test_gram_schmidt[2-&lt;lambda&gt;3]" time="0.09933280944824219"><system-err>18:26 gram_schmidt: Orthonormalizing vector 31 again
18:26 gram_schmidt: Removing linear dependent vector 32
18:26 gram_schmidt: Removing linear dependent vector 33
18:26 gram_schmidt: Removing linear dependent vector 34
18:26 gram_schmidt: Removing linear dependent vector 35
18:26 gram_schmidt: Removing linear dependent vector 36
18:26 gram_schmidt: Removing linear dependent vector 37
18:26 gram_schmidt: Removing linear dependent vector 38
18:26 gram_schmidt: Removing linear dependent vector 39
18:26 gram_schmidt: Removing linear dependent vector 40
18:26 gram_schmidt: Removing linear dependent vector 41
18:26 gram_schmidt: Removing linear dependent vector 42
18:26 gram_schmidt: Orthonormalizing vector 31 again
18:26 gram_schmidt: Removing linear dependent vector 32
18:26 gram_schmidt: Removing linear dependent vector 33
18:26 gram_schmidt: Removing linear dependent vector 34
18:26 gram_schmidt: Removing linear dependent vector 35
18:26 gram_schmidt: Removing linear dependent vector 36
18:26 gram_schmidt: Removing linear dependent vector 37
18:26 gram_schmidt: Removing linear dependent vector 38
18:26 gram_schmidt: Removing linear dependent vector 39
18:26 gram_schmidt: Removing linear dependent vector 40
18:26 gram_schmidt: Removing linear dependent vector 41
18:26 gram_schmidt: Removing linear dependent vector 42
</system-err></testcase><testcase classname="src.pymortests.algorithms.gram_schmidt" file="src/pymortests/algorithms/gram_schmidt.py" line="12" name="test_gram_schmidt[2-&lt;lambda&gt;4]" time="0.020946741104125977"><system-err>18:26 gram_schmidt: Removing vector 0 of norm 0.0
18:26 gram_schmidt: Removing vector 1 of norm 0.0
18:26 gram_schmidt: Removing vector 2 of norm 0.0
18:26 gram_schmidt: Removing vector 3 of norm 0.0
18:26 gram_schmidt: Removing vector 4 of norm 0.0
18:26 gram_schmidt: Removing vector 5 of norm 0.0
18:26 gram_schmidt: Removing vector 6 of norm 0.0
18:26 gram_schmidt: Removing vector 7 of norm 0.0
18:26 gram_schmidt: Removing vector 8 of norm 0.0
18:26 gram_schmidt: Removing vector 9 of norm 0.0
18:26 gram_schmidt: Removing vector 10 of norm 0.0
18:26 gram_schmidt: Removing vector 11 of norm 0.0
18:26 gram_schmidt: Removing vector 12 of norm 0.0
18:26 gram_schmidt: Removing vector 13 of norm 0.0
18:26 gram_schmidt: Removing vector 14 of norm 0.0
18:26 gram_schmidt: Removing vector 15 of norm 0.0
18:26 gram_schmidt: Removing vector 16 of norm 0.0
18:26 gram_schmidt: Removing vector 17 of norm 0.0
18:26 gram_schmidt: Removing vector 18 of norm 0.0
18:26 gram_schmidt: Removing vector 19 of norm 0.0
18:26 gram_schmidt: Removing vector 20 of norm 0.0
18:26 gram_schmidt: Removing vector 21 of norm 0.0
18:26 gram_schmidt: Removing vector 22 of norm 0.0
18:26 gram_schmidt: Removing vector 23 of norm 0.0
18:26 gram_schmidt: Removing vector 24 of norm 0.0
18:26 gram_schmidt: Removing vector 25 of norm 0.0
18:26 gram_schmidt: Removing vector 26 of norm 0.0
18:26 gram_schmidt: Removing vector 27 of norm 0.0
18:26 gram_schmidt: Removing vector 28 of norm 0.0
18:26 gram_schmidt: Removing vector 29 of norm 0.0
18:26 gram_schmidt: Removing vector 30 of norm 0.0
18:26 gram_schmidt: Removing vector 31 of norm 0.0
18:26 gram_schmidt: Removing vector 32 of norm 0.0
18:26 gram_schmidt: Removing vector 33 of norm 0.0
18:26 gram_schmidt: Removing vector 34 of norm 0.0
18:26 gram_schmidt: Removing vector 35 of norm 0.0
18:26 gram_schmidt: Removing vector 36 of norm 0.0
18:26 gram_schmidt: Removing vector 37 of norm 0.0
18:26 gram_schmidt: Removing vector 38 of norm 0.0
18:26 gram_schmidt: Removing vector 39 of norm 0.0
18:26 gram_schmidt: Removing vector 40 of norm 0.0
18:26 gram_schmidt: Removing vector 41 of norm 0.0
18:26 gram_schmidt: Removing vector 42 of norm 0.0
18:26 gram_schmidt: Removing vector 43 of norm 0.0
18:26 gram_schmidt: Removing vector 44 of norm 0.0
18:26 gram_schmidt: Removing vector 45 of norm 0.0
18:26 gram_schmidt: Removing vector 46 of norm 0.0
18:26 gram_schmidt: Removing vector 47 of norm 0.0
18:26 gram_schmidt: Removing vector 48 of norm 0.0
18:26 gram_schmidt: Removing vector 49 of norm 0.0
18:26 gram_schmidt: Removing vector 50 of norm 0.0
18:26 gram_schmidt: Removing vector 51 of norm 0.0
18:26 gram_schmidt: Removing vector 52 of norm 0.0
18:26 gram_schmidt: Removing vector 53 of norm 0.0
18:26 gram_schmidt: Removing vector 54 of norm 0.0
18:26 gram_schmidt: Removing vector 55 of norm 0.0
18:26 gram_schmidt: Removing vector 56 of norm 0.0
18:26 gram_schmidt: Removing vector 57 of norm 0.0
18:26 gram_schmidt: Removing vector 58 of norm 0.0
18:26 gram_schmidt: Removing vector 59 of norm 0.0
18:26 gram_schmidt: Removing vector 60 of norm 0.0
18:26 gram_schmidt: Removing vector 61 of norm 0.0
18:26 gram_schmidt: Removing vector 62 of norm 0.0
18:26 gram_schmidt: Removing vector 63 of norm 0.0
18:26 gram_schmidt: Removing vector 64 of norm 0.0
18:26 gram_schmidt: Removing vector 65 of norm 0.0
18:26 gram_schmidt: Removing vector 66 of norm 0.0
18:26 gram_schmidt: Removing vector 67 of norm 0.0
18:26 gram_schmidt: Removing vector 68 of norm 0.0
18:26 gram_schmidt: Removing vector 69 of norm 0.0
18:26 gram_schmidt: Removing vector 70 of norm 0.0
18:26 gram_schmidt: Removing vector 71 of norm 0.0
18:26 gram_schmidt: Removing vector 72 of norm 0.0
18:26 gram_schmidt: Removing vector 73 of norm 0.0
18:26 gram_schmidt: Removing vector 74 of norm 0.0
18:26 gram_schmidt: Removing vector 75 of norm 0.0
18:26 gram_schmidt: Removing vector 76 of norm 0.0
18:26 gram_schmidt: Removing vector 77 of norm 0.0
18:26 gram_schmidt: Removing vector 78 of norm 0.0
18:26 gram_schmidt: Removing vector 79 of norm 0.0
18:26 gram_schmidt: Removing vector 80 of norm 0.0
18:26 gram_schmidt: Removing vector 81 of norm 0.0
18:26 gram_schmidt: Removing vector 82 of norm 0.0
18:26 gram_schmidt: Removing vector 83 of norm 0.0
18:26 gram_schmidt: Removing vector 84 of norm 0.0
18:26 gram_schmidt: Removing vector 85 of norm 0.0
18:26 gram_schmidt: Removing vector 86 of norm 0.0
18:26 gram_schmidt: Removing vector 87 of norm 0.0
18:26 gram_schmidt: Removing vector 88 of norm 0.0
18:26 gram_schmidt: Removing vector 89 of norm 0.0
18:26 gram_schmidt: Removing vector 90 of norm 0.0
18:26 gram_schmidt: Removing vector 91 of norm 0.0
18:26 gram_schmidt: Removing vector 92 of norm 0.0
18:26 gram_schmidt: Removing vector 93 of norm 0.0
18:26 gram_schmidt: Removing vector 94 of norm 0.0
18:26 gram_schmidt: Removing vector 95 of norm 0.0
18:26 gram_schmidt: Removing vector 96 of norm 0.0
18:26 gram_schmidt: Removing vector 97 of norm 0.0
18:26 gram_schmidt: Removing vector 98 of norm 0.0
18:26 gram_schmidt: Removing vector 99 of norm 0.0
18:26 gram_schmidt: Removing vector 100 of norm 0.0
18:26 gram_schmidt: Removing vector 101 of norm 0.0
18:26 gram_schmidt: Removing vector 0 of norm 0.0
18:26 gram_schmidt: Removing vector 1 of norm 0.0
18:26 gram_schmidt: Removing vector 2 of norm 0.0
18:26 gram_schmidt: Removing vector 3 of norm 0.0
18:26 gram_schmidt: Removing vector 4 of norm 0.0
18:26 gram_schmidt: Removing vector 5 of norm 0.0
18:26 gram_schmidt: Removing vector 6 of norm 0.0
18:26 gram_schmidt: Removing vector 7 of norm 0.0
18:26 gram_schmidt: Removing vector 8 of norm 0.0
18:26 gram_schmidt: Removing vector 9 of norm 0.0
18:26 gram_schmidt: Removing vector 10 of norm 0.0
18:26 gram_schmidt: Removing vector 11 of norm 0.0
18:26 gram_schmidt: Removing vector 12 of norm 0.0
18:26 gram_schmidt: Removing vector 13 of norm 0.0
18:26 gram_schmidt: Removing vector 14 of norm 0.0
18:26 gram_schmidt: Removing vector 15 of norm 0.0
18:26 gram_schmidt: Removing vector 16 of norm 0.0
18:26 gram_schmidt: Removing vector 17 of norm 0.0
18:26 gram_schmidt: Removing vector 18 of norm 0.0
18:26 gram_schmidt: Removing vector 19 of norm 0.0
18:26 gram_schmidt: Removing vector 20 of norm 0.0
18:26 gram_schmidt: Removing vector 21 of norm 0.0
18:26 gram_schmidt: Removing vector 22 of norm 0.0
18:26 gram_schmidt: Removing vector 23 of norm 0.0
18:26 gram_schmidt: Removing vector 24 of norm 0.0
18:26 gram_schmidt: Removing vector 25 of norm 0.0
18:26 gram_schmidt: Removing vector 26 of norm 0.0
18:26 gram_schmidt: Removing vector 27 of norm 0.0
18:26 gram_schmidt: Removing vector 28 of norm 0.0
18:26 gram_schmidt: Removing vector 29 of norm 0.0
18:26 gram_schmidt: Removing vector 30 of norm 0.0
18:26 gram_schmidt: Removing vector 31 of norm 0.0
18:26 gram_schmidt: Removing vector 32 of norm 0.0
18:26 gram_schmidt: Removing vector 33 of norm 0.0
18:26 gram_schmidt: Removing vector 34 of norm 0.0
18:26 gram_schmidt: Removing vector 35 of norm 0.0
18:26 gram_schmidt: Removing vector 36 of norm 0.0
18:26 gram_schmidt: Removing vector 37 of norm 0.0
18:26 gram_schmidt: Removing vector 38 of norm 0.0
18:26 gram_schmidt: Removing vector 39 of norm 0.0
18:26 gram_schmidt: Removing vector 40 of norm 0.0
18:26 gram_schmidt: Removing vector 41 of norm 0.0
18:26 gram_schmidt: Removing vector 42 of norm 0.0
18:26 gram_schmidt: Removing vector 43 of norm 0.0
18:26 gram_schmidt: Removing vector 44 of norm 0.0
18:26 gram_schmidt: Removing vector 45 of norm 0.0
18:26 gram_schmidt: Removing vector 46 of norm 0.0
18:26 gram_schmidt: Removing vector 47 of norm 0.0
18:26 gram_schmidt: Removing vector 48 of norm 0.0
18:26 gram_schmidt: Removing vector 49 of norm 0.0
18:26 gram_schmidt: Removing vector 50 of norm 0.0
18:26 gram_schmidt: Removing vector 51 of norm 0.0
18:26 gram_schmidt: Removing vector 52 of norm 0.0
18:26 gram_schmidt: Removing vector 53 of norm 0.0
18:26 gram_schmidt: Removing vector 54 of norm 0.0
18:26 gram_schmidt: Removing vector 55 of norm 0.0
18:26 gram_schmidt: Removing vector 56 of norm 0.0
18:26 gram_schmidt: Removing vector 57 of norm 0.0
18:26 gram_schmidt: Removing vector 58 of norm 0.0
18:26 gram_schmidt: Removing vector 59 of norm 0.0
18:26 gram_schmidt: Removing vector 60 of norm 0.0
18:26 gram_schmidt: Removing vector 61 of norm 0.0
18:26 gram_schmidt: Removing vector 62 of norm 0.0
18:26 gram_schmidt: Removing vector 63 of norm 0.0
18:26 gram_schmidt: Removing vector 64 of norm 0.0
18:26 gram_schmidt: Removing vector 65 of norm 0.0
18:26 gram_schmidt: Removing vector 66 of norm 0.0
18:26 gram_schmidt: Removing vector 67 of norm 0.0
18:26 gram_schmidt: Removing vector 68 of norm 0.0
18:26 gram_schmidt: Removing vector 69 of norm 0.0
18:26 gram_schmidt: Removing vector 70 of norm 0.0
18:26 gram_schmidt: Removing vector 71 of norm 0.0
18:26 gram_schmidt: Removing vector 72 of norm 0.0
18:26 gram_schmidt: Removing vector 73 of norm 0.0
18:26 gram_schmidt: Removing vector 74 of norm 0.0
18:26 gram_schmidt: Removing vector 75 of norm 0.0
18:26 gram_schmidt: Removing vector 76 of norm 0.0
18:26 gram_schmidt: Removing vector 77 of norm 0.0
18:26 gram_schmidt: Removing vector 78 of norm 0.0
18:26 gram_schmidt: Removing vector 79 of norm 0.0
18:26 gram_schmidt: Removing vector 80 of norm 0.0
18:26 gram_schmidt: Removing vector 81 of norm 0.0
18:26 gram_schmidt: Removing vector 82 of norm 0.0
18:26 gram_schmidt: Removing vector 83 of norm 0.0
18:26 gram_schmidt: Removing vector 84 of norm 0.0
18:26 gram_schmidt: Removing vector 85 of norm 0.0
18:26 gram_schmidt: Removing vector 86 of norm 0.0
18:26 gram_schmidt: Removing vector 87 of norm 0.0
18:26 gram_schmidt: Removing vector 88 of norm 0.0
18:26 gram_schmidt: Removing vector 89 of norm 0.0
18:26 gram_schmidt: Removing vector 90 of norm 0.0
18:26 gram_schmidt: Removing vector 91 of norm 0.0
18:26 gram_schmidt: Removing vector 92 of norm 0.0
18:26 gram_schmidt: Removing vector 93 of norm 0.0
18:26 gram_schmidt: Removing vector 94 of norm 0.0
18:26 gram_schmidt: Removing vector 95 of norm 0.0
18:26 gram_schmidt: Removing vector 96 of norm 0.0
18:26 gram_schmidt: Removing vector 97 of norm 0.0
18:26 gram_schmidt: Removing vector 98 of norm 0.0
18:26 gram_schmidt: Removing vector 99 of norm 0.0
18:26 gram_schmidt: Removing vector 100 of norm 0.0
18:26 gram_schmidt: Removing vector 101 of norm 0.0
</system-err></testcase><testcase classname="src.pymortests.algorithms.gram_schmidt" file="src/pymortests/algorithms/gram_schmidt.py" line="12" name="test_gram_schmidt[2-&lt;lambda&gt;5]" time="0.0026502609252929688"></testcase><testcase classname="src.pymortests.algorithms.gram_schmidt" file="src/pymortests/algorithms/gram_schmidt.py" line="12" name="test_gram_schmidt[2-&lt;lambda&gt;6]" time="0.0019178390502929688"></testcase><testcase classname="src.pymortests.algorithms.gram_schmidt" file="src/pymortests/algorithms/gram_schmidt.py" line="12" name="test_gram_schmidt[2-&lt;lambda&gt;7]" time="0.002256155014038086"></testcase><testcase classname="src.pymortests.algorithms.gram_schmidt" file="src/pymortests/algorithms/gram_schmidt.py" line="12" name="test_gram_schmidt[2-&lt;lambda&gt;8]" time="0.19333291053771973"><system-err>18:26 gram_schmidt: Orthonormalizing vector 31 again
18:26 gram_schmidt: Removing linear dependent vector 32
18:26 gram_schmidt: Removing linear dependent vector 33
18:26 gram_schmidt: Removing linear dependent vector 34
18:26 gram_schmidt: Removing linear dependent vector 35
18:26 gram_schmidt: Removing linear dependent vector 36
18:26 gram_schmidt: Removing linear dependent vector 37
18:26 gram_schmidt: Removing linear dependent vector 38
18:26 gram_schmidt: Removing linear dependent vector 39
18:26 gram_schmidt: Removing linear dependent vector 40
18:26 gram_schmidt: Removing linear dependent vector 41
18:26 gram_schmidt: Removing linear dependent vector 42
18:26 gram_schmidt: Orthonormalizing vector 31 again
18:26 gram_schmidt: Removing linear dependent vector 32
18:26 gram_schmidt: Removing linear dependent vector 33
18:26 gram_schmidt: Removing linear dependent vector 34
18:26 gram_schmidt: Removing linear dependent vector 35
18:26 gram_schmidt: Removing linear dependent vector 36
18:26 gram_schmidt: Removing linear dependent vector 37
18:26 gram_schmidt: Removing linear dependent vector 38
18:26 gram_schmidt: Removing linear dependent vector 39
18:26 gram_schmidt: Removing linear dependent vector 40
18:26 gram_schmidt: Removing linear dependent vector 41
18:26 gram_schmidt: Removing linear dependent vector 42
</system-err></testcase><testcase classname="src.pymortests.algorithms.gram_schmidt" file="src/pymortests/algorithms/gram_schmidt.py" line="12" name="test_gram_schmidt[2-&lt;lambda&gt;9]" time="0.02668619155883789"><system-err>18:26 gram_schmidt: Removing vector 0 of norm 0.0
18:26 gram_schmidt: Removing vector 1 of norm 0.0
18:26 gram_schmidt: Removing vector 2 of norm 0.0
18:26 gram_schmidt: Removing vector 3 of norm 0.0
18:26 gram_schmidt: Removing vector 4 of norm 0.0
18:26 gram_schmidt: Removing vector 5 of norm 0.0
18:26 gram_schmidt: Removing vector 6 of norm 0.0
18:26 gram_schmidt: Removing vector 7 of norm 0.0
18:26 gram_schmidt: Removing vector 8 of norm 0.0
18:26 gram_schmidt: Removing vector 9 of norm 0.0
18:26 gram_schmidt: Removing vector 10 of norm 0.0
18:26 gram_schmidt: Removing vector 11 of norm 0.0
18:26 gram_schmidt: Removing vector 12 of norm 0.0
18:26 gram_schmidt: Removing vector 13 of norm 0.0
18:26 gram_schmidt: Removing vector 14 of norm 0.0
18:26 gram_schmidt: Removing vector 15 of norm 0.0
18:26 gram_schmidt: Removing vector 16 of norm 0.0
18:26 gram_schmidt: Removing vector 17 of norm 0.0
18:26 gram_schmidt: Removing vector 18 of norm 0.0
18:26 gram_schmidt: Removing vector 19 of norm 0.0
18:26 gram_schmidt: Removing vector 20 of norm 0.0
18:26 gram_schmidt: Removing vector 21 of norm 0.0
18:26 gram_schmidt: Removing vector 22 of norm 0.0
18:26 gram_schmidt: Removing vector 23 of norm 0.0
18:26 gram_schmidt: Removing vector 24 of norm 0.0
18:26 gram_schmidt: Removing vector 25 of norm 0.0
18:26 gram_schmidt: Removing vector 26 of norm 0.0
18:26 gram_schmidt: Removing vector 27 of norm 0.0
18:26 gram_schmidt: Removing vector 28 of norm 0.0
18:26 gram_schmidt: Removing vector 29 of norm 0.0
18:26 gram_schmidt: Removing vector 30 of norm 0.0
18:26 gram_schmidt: Removing vector 31 of norm 0.0
18:26 gram_schmidt: Removing vector 32 of norm 0.0
18:26 gram_schmidt: Removing vector 33 of norm 0.0
18:26 gram_schmidt: Removing vector 34 of norm 0.0
18:26 gram_schmidt: Removing vector 35 of norm 0.0
18:26 gram_schmidt: Removing vector 36 of norm 0.0
18:26 gram_schmidt: Removing vector 37 of norm 0.0
18:26 gram_schmidt: Removing vector 38 of norm 0.0
18:26 gram_schmidt: Removing vector 39 of norm 0.0
18:26 gram_schmidt: Removing vector 40 of norm 0.0
18:26 gram_schmidt: Removing vector 41 of norm 0.0
18:26 gram_schmidt: Removing vector 42 of norm 0.0
18:26 gram_schmidt: Removing vector 43 of norm 0.0
18:26 gram_schmidt: Removing vector 44 of norm 0.0
18:26 gram_schmidt: Removing vector 45 of norm 0.0
18:26 gram_schmidt: Removing vector 46 of norm 0.0
18:26 gram_schmidt: Removing vector 47 of norm 0.0
18:26 gram_schmidt: Removing vector 48 of norm 0.0
18:26 gram_schmidt: Removing vector 49 of norm 0.0
18:26 gram_schmidt: Removing vector 50 of norm 0.0
18:26 gram_schmidt: Removing vector 51 of norm 0.0
18:26 gram_schmidt: Removing vector 52 of norm 0.0
18:26 gram_schmidt: Removing vector 53 of norm 0.0
18:26 gram_schmidt: Removing vector 54 of norm 0.0
18:26 gram_schmidt: Removing vector 55 of norm 0.0
18:26 gram_schmidt: Removing vector 56 of norm 0.0
18:26 gram_schmidt: Removing vector 57 of norm 0.0
18:26 gram_schmidt: Removing vector 58 of norm 0.0
18:26 gram_schmidt: Removing vector 59 of norm 0.0
18:26 gram_schmidt: Removing vector 60 of norm 0.0
18:26 gram_schmidt: Removing vector 61 of norm 0.0
18:26 gram_schmidt: Removing vector 62 of norm 0.0
18:26 gram_schmidt: Removing vector 63 of norm 0.0
18:26 gram_schmidt: Removing vector 64 of norm 0.0
18:26 gram_schmidt: Removing vector 65 of norm 0.0
18:26 gram_schmidt: Removing vector 66 of norm 0.0
18:26 gram_schmidt: Removing vector 67 of norm 0.0
18:26 gram_schmidt: Removing vector 68 of norm 0.0
18:26 gram_schmidt: Removing vector 69 of norm 0.0
18:26 gram_schmidt: Removing vector 70 of norm 0.0
18:26 gram_schmidt: Removing vector 71 of norm 0.0
18:26 gram_schmidt: Removing vector 72 of norm 0.0
18:26 gram_schmidt: Removing vector 73 of norm 0.0
18:26 gram_schmidt: Removing vector 74 of norm 0.0
18:26 gram_schmidt: Removing vector 75 of norm 0.0
18:26 gram_schmidt: Removing vector 76 of norm 0.0
18:26 gram_schmidt: Removing vector 77 of norm 0.0
18:26 gram_schmidt: Removing vector 78 of norm 0.0
18:26 gram_schmidt: Removing vector 79 of norm 0.0
18:26 gram_schmidt: Removing vector 80 of norm 0.0
18:26 gram_schmidt: Removing vector 81 of norm 0.0
18:26 gram_schmidt: Removing vector 82 of norm 0.0
18:26 gram_schmidt: Removing vector 83 of norm 0.0
18:26 gram_schmidt: Removing vector 84 of norm 0.0
18:26 gram_schmidt: Removing vector 85 of norm 0.0
18:26 gram_schmidt: Removing vector 86 of norm 0.0
18:26 gram_schmidt: Removing vector 87 of norm 0.0
18:26 gram_schmidt: Removing vector 88 of norm 0.0
18:26 gram_schmidt: Removing vector 89 of norm 0.0
18:26 gram_schmidt: Removing vector 90 of norm 0.0
18:26 gram_schmidt: Removing vector 91 of norm 0.0
18:26 gram_schmidt: Removing vector 92 of norm 0.0
18:26 gram_schmidt: Removing vector 93 of norm 0.0
18:26 gram_schmidt: Removing vector 94 of norm 0.0
18:26 gram_schmidt: Removing vector 95 of norm 0.0
18:26 gram_schmidt: Removing vector 96 of norm 0.0
18:26 gram_schmidt: Removing vector 97 of norm 0.0
18:26 gram_schmidt: Removing vector 98 of norm 0.0
18:26 gram_schmidt: Removing vector 99 of norm 0.0
18:26 gram_schmidt: Removing vector 100 of norm 0.0
18:26 gram_schmidt: Removing vector 101 of norm 0.0
18:26 gram_schmidt: Removing vector 0 of norm 0.0
18:26 gram_schmidt: Removing vector 1 of norm 0.0
18:26 gram_schmidt: Removing vector 2 of norm 0.0
18:26 gram_schmidt: Removing vector 3 of norm 0.0
18:26 gram_schmidt: Removing vector 4 of norm 0.0
18:26 gram_schmidt: Removing vector 5 of norm 0.0
18:26 gram_schmidt: Removing vector 6 of norm 0.0
18:26 gram_schmidt: Removing vector 7 of norm 0.0
18:26 gram_schmidt: Removing vector 8 of norm 0.0
18:26 gram_schmidt: Removing vector 9 of norm 0.0
18:26 gram_schmidt: Removing vector 10 of norm 0.0
18:26 gram_schmidt: Removing vector 11 of norm 0.0
18:26 gram_schmidt: Removing vector 12 of norm 0.0
18:26 gram_schmidt: Removing vector 13 of norm 0.0
18:26 gram_schmidt: Removing vector 14 of norm 0.0
18:26 gram_schmidt: Removing vector 15 of norm 0.0
18:26 gram_schmidt: Removing vector 16 of norm 0.0
18:26 gram_schmidt: Removing vector 17 of norm 0.0
18:26 gram_schmidt: Removing vector 18 of norm 0.0
18:26 gram_schmidt: Removing vector 19 of norm 0.0
18:26 gram_schmidt: Removing vector 20 of norm 0.0
18:26 gram_schmidt: Removing vector 21 of norm 0.0
18:26 gram_schmidt: Removing vector 22 of norm 0.0
18:26 gram_schmidt: Removing vector 23 of norm 0.0
18:26 gram_schmidt: Removing vector 24 of norm 0.0
18:26 gram_schmidt: Removing vector 25 of norm 0.0
18:26 gram_schmidt: Removing vector 26 of norm 0.0
18:26 gram_schmidt: Removing vector 27 of norm 0.0
18:26 gram_schmidt: Removing vector 28 of norm 0.0
18:26 gram_schmidt: Removing vector 29 of norm 0.0
18:26 gram_schmidt: Removing vector 30 of norm 0.0
18:26 gram_schmidt: Removing vector 31 of norm 0.0
18:26 gram_schmidt: Removing vector 32 of norm 0.0
18:26 gram_schmidt: Removing vector 33 of norm 0.0
18:26 gram_schmidt: Removing vector 34 of norm 0.0
18:26 gram_schmidt: Removing vector 35 of norm 0.0
18:26 gram_schmidt: Removing vector 36 of norm 0.0
18:26 gram_schmidt: Removing vector 37 of norm 0.0
18:26 gram_schmidt: Removing vector 38 of norm 0.0
18:26 gram_schmidt: Removing vector 39 of norm 0.0
18:26 gram_schmidt: Removing vector 40 of norm 0.0
18:26 gram_schmidt: Removing vector 41 of norm 0.0
18:26 gram_schmidt: Removing vector 42 of norm 0.0
18:26 gram_schmidt: Removing vector 43 of norm 0.0
18:26 gram_schmidt: Removing vector 44 of norm 0.0
18:26 gram_schmidt: Removing vector 45 of norm 0.0
18:26 gram_schmidt: Removing vector 46 of norm 0.0
18:26 gram_schmidt: Removing vector 47 of norm 0.0
18:26 gram_schmidt: Removing vector 48 of norm 0.0
18:26 gram_schmidt: Removing vector 49 of norm 0.0
18:26 gram_schmidt: Removing vector 50 of norm 0.0
18:26 gram_schmidt: Removing vector 51 of norm 0.0
18:26 gram_schmidt: Removing vector 52 of norm 0.0
18:26 gram_schmidt: Removing vector 53 of norm 0.0
18:26 gram_schmidt: Removing vector 54 of norm 0.0
18:26 gram_schmidt: Removing vector 55 of norm 0.0
18:26 gram_schmidt: Removing vector 56 of norm 0.0
18:26 gram_schmidt: Removing vector 57 of norm 0.0
18:26 gram_schmidt: Removing vector 58 of norm 0.0
18:26 gram_schmidt: Removing vector 59 of norm 0.0
18:26 gram_schmidt: Removing vector 60 of norm 0.0
18:26 gram_schmidt: Removing vector 61 of norm 0.0
18:26 gram_schmidt: Removing vector 62 of norm 0.0
18:26 gram_schmidt: Removing vector 63 of norm 0.0
18:26 gram_schmidt: Removing vector 64 of norm 0.0
18:26 gram_schmidt: Removing vector 65 of norm 0.0
18:26 gram_schmidt: Removing vector 66 of norm 0.0
18:26 gram_schmidt: Removing vector 67 of norm 0.0
18:26 gram_schmidt: Removing vector 68 of norm 0.0
18:26 gram_schmidt: Removing vector 69 of norm 0.0
18:26 gram_schmidt: Removing vector 70 of norm 0.0
18:26 gram_schmidt: Removing vector 71 of norm 0.0
18:26 gram_schmidt: Removing vector 72 of norm 0.0
18:26 gram_schmidt: Removing vector 73 of norm 0.0
18:26 gram_schmidt: Removing vector 74 of norm 0.0
18:26 gram_schmidt: Removing vector 75 of norm 0.0
18:26 gram_schmidt: Removing vector 76 of norm 0.0
18:26 gram_schmidt: Removing vector 77 of norm 0.0
18:26 gram_schmidt: Removing vector 78 of norm 0.0
18:26 gram_schmidt: Removing vector 79 of norm 0.0
18:26 gram_schmidt: Removing vector 80 of norm 0.0
18:26 gram_schmidt: Removing vector 81 of norm 0.0
18:26 gram_schmidt: Removing vector 82 of norm 0.0
18:26 gram_schmidt: Removing vector 83 of norm 0.0
18:26 gram_schmidt: Removing vector 84 of norm 0.0
18:26 gram_schmidt: Removing vector 85 of norm 0.0
18:26 gram_schmidt: Removing vector 86 of norm 0.0
18:26 gram_schmidt: Removing vector 87 of norm 0.0
18:26 gram_schmidt: Removing vector 88 of norm 0.0
18:26 gram_schmidt: Removing vector 89 of norm 0.0
18:26 gram_schmidt: Removing vector 90 of norm 0.0
18:26 gram_schmidt: Removing vector 91 of norm 0.0
18:26 gram_schmidt: Removing vector 92 of norm 0.0
18:26 gram_schmidt: Removing vector 93 of norm 0.0
18:26 gram_schmidt: Removing vector 94 of norm 0.0
18:26 gram_schmidt: Removing vector 95 of norm 0.0
18:26 gram_schmidt: Removing vector 96 of norm 0.0
18:26 gram_schmidt: Removing vector 97 of norm 0.0
18:26 gram_schmidt: Removing vector 98 of norm 0.0
18:26 gram_schmidt: Removing vector 99 of norm 0.0
18:26 gram_schmidt: Removing vector 100 of norm 0.0
18:26 gram_schmidt: Removing vector 101 of norm 0.0
</system-err></testcase><testcase classname="src.pymortests.algorithms.gram_schmidt" file="src/pymortests/algorithms/gram_schmidt.py" line="12" name="test_gram_schmidt[2-&lt;lambda&gt;10]" time="0.003371715545654297"></testcase><testcase classname="src.pymortests.algorithms.gram_schmidt" file="src/pymortests/algorithms/gram_schmidt.py" line="12" name="test_gram_schmidt[2-&lt;lambda&gt;11]" time="0.006238222122192383"><system-err>18:27 gram_schmidt: Removing linear dependent vector 3
18:27 gram_schmidt: Removing linear dependent vector 3
</system-err></testcase><testcase classname="src.pymortests.algorithms.gram_schmidt" file="src/pymortests/algorithms/gram_schmidt.py" line="12" name="test_gram_schmidt[2-&lt;lambda&gt;12]" time="0.0036935806274414062"><system-err>18:27 gram_schmidt: Removing vector 0 of norm 0.0
18:27 gram_schmidt: Removing vector 1 of norm 0.0
18:27 gram_schmidt: Removing vector 2 of norm 0.0
18:27 gram_schmidt: Removing vector 0 of norm 0.0
18:27 gram_schmidt: Removing vector 1 of norm 0.0
18:27 gram_schmidt: Removing vector 2 of norm 0.0
</system-err></testcase><testcase classname="src.pymortests.algorithms.gram_schmidt" file="src/pymortests/algorithms/gram_schmidt.py" line="12" name="test_gram_schmidt[2-&lt;lambda&gt;13]" time="0.0025293827056884766"></testcase><testcase classname="src.pymortests.algorithms.gram_schmidt" file="src/pymortests/algorithms/gram_schmidt.py" line="12" name="test_gram_schmidt[2-&lt;lambda&gt;14]" time="0.004398822784423828"></testcase><testcase classname="src.pymortests.algorithms.gram_schmidt" file="src/pymortests/algorithms/gram_schmidt.py" line="12" name="test_gram_schmidt[2-&lt;lambda&gt;15]" time="0.37127041816711426"><system-err>18:27 gram_schmidt: Removing linear dependent vector 36
18:27 gram_schmidt: Removing linear dependent vector 37
18:27 gram_schmidt: Removing linear dependent vector 38
18:27 gram_schmidt: Removing linear dependent vector 39
18:27 gram_schmidt: Removing linear dependent vector 40
18:27 gram_schmidt: Removing linear dependent vector 41
18:27 gram_schmidt: Removing linear dependent vector 42
18:27 gram_schmidt: Removing linear dependent vector 36
18:27 gram_schmidt: Removing linear dependent vector 37
18:27 gram_schmidt: Removing linear dependent vector 38
18:27 gram_schmidt: Removing linear dependent vector 39
18:27 gram_schmidt: Removing linear dependent vector 40
18:27 gram_schmidt: Removing linear dependent vector 41
18:27 gram_schmidt: Removing linear dependent vector 42
</system-err></testcase><testcase classname="src.pymortests.algorithms.gram_schmidt" file="src/pymortests/algorithms/gram_schmidt.py" line="12" name="test_gram_schmidt[2-&lt;lambda&gt;16]" time="0.19351983070373535"><system-err>18:27 gram_schmidt: Removing linear dependent vector 3
18:27 gram_schmidt: Removing linear dependent vector 4
18:27 gram_schmidt: Removing linear dependent vector 5
18:27 gram_schmidt: Removing linear dependent vector 6
18:27 gram_schmidt: Removing linear dependent vector 7
18:27 gram_schmidt: Removing linear dependent vector 8
18:27 gram_schmidt: Removing linear dependent vector 9
18:27 gram_schmidt: Removing linear dependent vector 10
18:27 gram_schmidt: Removing linear dependent vector 11
18:27 gram_schmidt: Removing linear dependent vector 12
18:27 gram_schmidt: Removing linear dependent vector 13
18:27 gram_schmidt: Removing linear dependent vector 14
18:27 gram_schmidt: Removing linear dependent vector 15
18:27 gram_schmidt: Removing linear dependent vector 16
18:27 gram_schmidt: Removing linear dependent vector 17
18:27 gram_schmidt: Removing linear dependent vector 18
18:27 gram_schmidt: Removing linear dependent vector 19
18:27 gram_schmidt: Removing linear dependent vector 20
18:27 gram_schmidt: Removing linear dependent vector 21
18:27 gram_schmidt: Removing linear dependent vector 22
18:27 gram_schmidt: Removing linear dependent vector 23
18:27 gram_schmidt: Removing linear dependent vector 24
18:27 gram_schmidt: Removing linear dependent vector 25
18:27 gram_schmidt: Removing linear dependent vector 26
18:27 gram_schmidt: Removing linear dependent vector 27
18:27 gram_schmidt: Removing linear dependent vector 28
18:27 gram_schmidt: Removing linear dependent vector 29
18:27 gram_schmidt: Removing linear dependent vector 30
18:27 gram_schmidt: Removing linear dependent vector 31
18:27 gram_schmidt: Removing linear dependent vector 32
18:27 gram_schmidt: Removing linear dependent vector 33
18:27 gram_schmidt: Removing linear dependent vector 34
18:27 gram_schmidt: Removing linear dependent vector 35
18:27 gram_schmidt: Removing linear dependent vector 36
18:27 gram_schmidt: Removing linear dependent vector 37
18:27 gram_schmidt: Removing linear dependent vector 38
18:27 gram_schmidt: Removing linear dependent vector 39
18:27 gram_schmidt: Removing linear dependent vector 40
18:27 gram_schmidt: Removing linear dependent vector 41
18:27 gram_schmidt: Removing linear dependent vector 42
18:27 gram_schmidt: Removing linear dependent vector 43
18:27 gram_schmidt: Removing linear dependent vector 44
18:27 gram_schmidt: Removing linear dependent vector 45
18:27 gram_schmidt: Removing linear dependent vector 46
18:27 gram_schmidt: Removing linear dependent vector 47
18:27 gram_schmidt: Removing linear dependent vector 48
18:27 gram_schmidt: Removing linear dependent vector 49
18:27 gram_schmidt: Removing linear dependent vector 50
18:27 gram_schmidt: Removing linear dependent vector 51
18:27 gram_schmidt: Removing linear dependent vector 52
18:27 gram_schmidt: Removing linear dependent vector 53
18:27 gram_schmidt: Removing linear dependent vector 54
18:27 gram_schmidt: Removing linear dependent vector 55
18:27 gram_schmidt: Removing linear dependent vector 56
18:27 gram_schmidt: Removing linear dependent vector 57
18:27 gram_schmidt: Removing linear dependent vector 58
18:27 gram_schmidt: Removing linear dependent vector 59
18:27 gram_schmidt: Removing linear dependent vector 60
18:27 gram_schmidt: Removing linear dependent vector 61
18:27 gram_schmidt: Removing linear dependent vector 62
18:27 gram_schmidt: Removing linear dependent vector 63
18:27 gram_schmidt: Removing linear dependent vector 64
18:27 gram_schmidt: Removing linear dependent vector 65
18:27 gram_schmidt: Removing linear dependent vector 66
18:27 gram_schmidt: Removing linear dependent vector 67
18:27 gram_schmidt: Removing linear dependent vector 68
18:27 gram_schmidt: Removing linear dependent vector 69
18:27 gram_schmidt: Removing linear dependent vector 70
18:27 gram_schmidt: Removing linear dependent vector 71
18:27 gram_schmidt: Removing linear dependent vector 72
18:27 gram_schmidt: Removing linear dependent vector 73
18:27 gram_schmidt: Removing linear dependent vector 74
18:27 gram_schmidt: Removing linear dependent vector 75
18:27 gram_schmidt: Removing linear dependent vector 76
18:27 gram_schmidt: Removing linear dependent vector 77
18:27 gram_schmidt: Removing linear dependent vector 78
18:27 gram_schmidt: Removing linear dependent vector 79
18:27 gram_schmidt: Removing linear dependent vector 80
18:27 gram_schmidt: Removing linear dependent vector 81
18:27 gram_schmidt: Removing linear dependent vector 82
18:27 gram_schmidt: Removing linear dependent vector 83
18:27 gram_schmidt: Removing linear dependent vector 84
18:27 gram_schmidt: Removing linear dependent vector 85
18:27 gram_schmidt: Removing linear dependent vector 86
18:27 gram_schmidt: Removing linear dependent vector 87
18:27 gram_schmidt: Removing linear dependent vector 88
18:27 gram_schmidt: Removing linear dependent vector 89
18:27 gram_schmidt: Removing linear dependent vector 90
18:27 gram_schmidt: Removing linear dependent vector 91
18:27 gram_schmidt: Removing linear dependent vector 92
18:27 gram_schmidt: Removing linear dependent vector 93
18:27 gram_schmidt: Removing linear dependent vector 94
18:27 gram_schmidt: Removing linear dependent vector 95
18:27 gram_schmidt: Removing linear dependent vector 96
18:27 gram_schmidt: Removing linear dependent vector 97
18:27 gram_schmidt: Removing linear dependent vector 98
18:27 gram_schmidt: Removing linear dependent vector 99
18:27 gram_schmidt: Removing linear dependent vector 100
18:27 gram_schmidt: Removing linear dependent vector 101
18:27 gram_schmidt: Removing linear dependent vector 3
18:27 gram_schmidt: Removing linear dependent vector 4
18:27 gram_schmidt: Removing linear dependent vector 5
18:27 gram_schmidt: Removing linear dependent vector 6
18:27 gram_schmidt: Removing linear dependent vector 7
18:27 gram_schmidt: Removing linear dependent vector 8
18:27 gram_schmidt: Removing linear dependent vector 9
18:27 gram_schmidt: Removing linear dependent vector 10
18:27 gram_schmidt: Removing linear dependent vector 11
18:27 gram_schmidt: Removing linear dependent vector 12
18:27 gram_schmidt: Removing linear dependent vector 13
18:27 gram_schmidt: Removing linear dependent vector 14
18:27 gram_schmidt: Removing linear dependent vector 15
18:27 gram_schmidt: Removing linear dependent vector 16
18:27 gram_schmidt: Removing linear dependent vector 17
18:27 gram_schmidt: Removing linear dependent vector 18
18:27 gram_schmidt: Removing linear dependent vector 19
18:27 gram_schmidt: Removing linear dependent vector 20
18:27 gram_schmidt: Removing linear dependent vector 21
18:27 gram_schmidt: Removing linear dependent vector 22
18:27 gram_schmidt: Removing linear dependent vector 23
18:27 gram_schmidt: Removing linear dependent vector 24
18:27 gram_schmidt: Removing linear dependent vector 25
18:27 gram_schmidt: Removing linear dependent vector 26
18:27 gram_schmidt: Removing linear dependent vector 27
18:27 gram_schmidt: Removing linear dependent vector 28
18:27 gram_schmidt: Removing linear dependent vector 29
18:27 gram_schmidt: Removing linear dependent vector 30
18:27 gram_schmidt: Removing linear dependent vector 31
18:27 gram_schmidt: Removing linear dependent vector 32
18:27 gram_schmidt: Removing linear dependent vector 33
18:27 gram_schmidt: Removing linear dependent vector 34
18:27 gram_schmidt: Removing linear dependent vector 35
18:27 gram_schmidt: Removing linear dependent vector 36
18:27 gram_schmidt: Removing linear dependent vector 37
18:27 gram_schmidt: Removing linear dependent vector 38
18:27 gram_schmidt: Removing linear dependent vector 39
18:27 gram_schmidt: Removing linear dependent vector 40
18:27 gram_schmidt: Removing linear dependent vector 41
18:27 gram_schmidt: Removing linear dependent vector 42
18:27 gram_schmidt: Removing linear dependent vector 43
18:27 gram_schmidt: Removing linear dependent vector 44
18:27 gram_schmidt: Removing linear dependent vector 45
18:27 gram_schmidt: Removing linear dependent vector 46
18:27 gram_schmidt: Removing linear dependent vector 47
18:27 gram_schmidt: Removing linear dependent vector 48
18:27 gram_schmidt: Removing linear dependent vector 49
18:27 gram_schmidt: Removing linear dependent vector 50
18:27 gram_schmidt: Removing linear dependent vector 51
18:27 gram_schmidt: Removing linear dependent vector 52
18:27 gram_schmidt: Removing linear dependent vector 53
18:27 gram_schmidt: Removing linear dependent vector 54
18:27 gram_schmidt: Removing linear dependent vector 55
18:27 gram_schmidt: Removing linear dependent vector 56
18:27 gram_schmidt: Removing linear dependent vector 57
18:27 gram_schmidt: Removing linear dependent vector 58
18:27 gram_schmidt: Removing linear dependent vector 59
18:27 gram_schmidt: Removing linear dependent vector 60
18:27 gram_schmidt: Removing linear dependent vector 61
18:27 gram_schmidt: Removing linear dependent vector 62
18:27 gram_schmidt: Removing linear dependent vector 63
18:27 gram_schmidt: Removing linear dependent vector 64
18:27 gram_schmidt: Removing linear dependent vector 65
18:27 gram_schmidt: Removing linear dependent vector 66
18:27 gram_schmidt: Removing linear dependent vector 67
18:27 gram_schmidt: Removing linear dependent vector 68
18:27 gram_schmidt: Removing linear dependent vector 69
18:27 gram_schmidt: Removing linear dependent vector 70
18:27 gram_schmidt: Removing linear dependent vector 71
18:27 gram_schmidt: Removing linear dependent vector 72
18:27 gram_schmidt: Removing linear dependent vector 73
18:27 gram_schmidt: Removing linear dependent vector 74
18:27 gram_schmidt: Removing linear dependent vector 75
18:27 gram_schmidt: Removing linear dependent vector 76
18:27 gram_schmidt: Removing linear dependent vector 77
18:27 gram_schmidt: Removing linear dependent vector 78
18:27 gram_schmidt: Removing linear dependent vector 79
18:27 gram_schmidt: Removing linear dependent vector 80
18:27 gram_schmidt: Removing linear dependent vector 81
18:27 gram_schmidt: Removing linear dependent vector 82
18:27 gram_schmidt: Removing linear dependent vector 83
18:27 gram_schmidt: Removing linear dependent vector 84
18:27 gram_schmidt: Removing linear dependent vector 85
18:27 gram_schmidt: Removing linear dependent vector 86
18:27 gram_schmidt: Removing linear dependent vector 87
18:27 gram_schmidt: Removing linear dependent vector 88
18:27 gram_schmidt: Removing linear dependent vector 89
18:27 gram_schmidt: Removing linear dependent vector 90
18:27 gram_schmidt: Removing linear dependent vector 91
18:27 gram_schmidt: Removing linear dependent vector 92
18:27 gram_schmidt: Removing linear dependent vector 93
18:27 gram_schmidt: Removing linear dependent vector 94
18:27 gram_schmidt: Removing linear dependent vector 95
18:27 gram_schmidt: Removing linear dependent vector 96
18:27 gram_schmidt: Removing linear dependent vector 97
18:27 gram_schmidt: Removing linear dependent vector 98
18:27 gram_schmidt: Removing linear dependent vector 99
18:27 gram_schmidt: Removing linear dependent vector 100
18:27 gram_schmidt: Removing linear dependent vector 101
</system-err></testcase><testcase classname="src.pymortests.algorithms.gram_schmidt" file="src/pymortests/algorithms/gram_schmidt.py" line="12" name="test_gram_schmidt[2-&lt;lambda&gt;17]" time="0.0031893253326416016"></testcase><testcase classname="src.pymortests.algorithms.gram_schmidt" file="src/pymortests/algorithms/gram_schmidt.py" line="12" name="test_gram_schmidt[2-&lt;lambda&gt;18]" time="0.0023882389068603516"></testcase><testcase classname="src.pymortests.algorithms.gram_schmidt" file="src/pymortests/algorithms/gram_schmidt.py" line="12" name="test_gram_schmidt[2-&lt;lambda&gt;19]" time="0.0048220157623291016"></testcase><testcase classname="src.pymortests.algorithms.gram_schmidt" file="src/pymortests/algorithms/gram_schmidt.py" line="12" name="test_gram_schmidt[2-&lt;lambda&gt;20]" time="0.2723407745361328"></testcase><testcase classname="src.pymortests.algorithms.gram_schmidt" file="src/pymortests/algorithms/gram_schmidt.py" line="12" name="test_gram_schmidt[2-&lt;lambda&gt;21]" time="1.4438300132751465"></testcase><testcase classname="src.pymortests.algorithms.gram_schmidt" file="src/pymortests/algorithms/gram_schmidt.py" line="12" name="test_gram_schmidt[2-&lt;lambda&gt;22]" time="0.0025076866149902344"></testcase><testcase classname="src.pymortests.algorithms.gram_schmidt" file="src/pymortests/algorithms/gram_schmidt.py" line="12" name="test_gram_schmidt[2-&lt;lambda&gt;23]" time="0.0017919540405273438"></testcase><testcase classname="src.pymortests.algorithms.gram_schmidt" file="src/pymortests/algorithms/gram_schmidt.py" line="12" name="test_gram_schmidt[2-&lt;lambda&gt;24]" time="0.007490634918212891"></testcase><testcase classname="src.pymortests.algorithms.gram_schmidt" file="src/pymortests/algorithms/gram_schmidt.py" line="12" name="test_gram_schmidt[2-&lt;lambda&gt;25]" time="0.38883447647094727"><system-err>18:29 gram_schmidt: Orthonormalizing vector 31 again
18:29 gram_schmidt: Removing linear dependent vector 32
18:29 gram_schmidt: Removing linear dependent vector 33
18:29 gram_schmidt: Removing linear dependent vector 34
18:29 gram_schmidt: Removing linear dependent vector 35
18:29 gram_schmidt: Removing linear dependent vector 36
18:29 gram_schmidt: Removing linear dependent vector 37
18:29 gram_schmidt: Removing linear dependent vector 38
18:29 gram_schmidt: Removing linear dependent vector 39
18:29 gram_schmidt: Removing linear dependent vector 40
18:29 gram_schmidt: Removing linear dependent vector 41
18:29 gram_schmidt: Removing linear dependent vector 42
18:29 gram_schmidt: Orthonormalizing vector 31 again
18:29 gram_schmidt: Removing linear dependent vector 32
18:29 gram_schmidt: Removing linear dependent vector 33
18:29 gram_schmidt: Removing linear dependent vector 34
18:29 gram_schmidt: Removing linear dependent vector 35
18:29 gram_schmidt: Removing linear dependent vector 36
18:29 gram_schmidt: Removing linear dependent vector 37
18:29 gram_schmidt: Removing linear dependent vector 38
18:29 gram_schmidt: Removing linear dependent vector 39
18:29 gram_schmidt: Removing linear dependent vector 40
18:29 gram_schmidt: Removing linear dependent vector 41
18:29 gram_schmidt: Removing linear dependent vector 42
</system-err></testcase><testcase classname="src.pymortests.algorithms.gram_schmidt" file="src/pymortests/algorithms/gram_schmidt.py" line="12" name="test_gram_schmidt[2-&lt;lambda&gt;26]" time="0.23349976539611816"><system-err>18:29 gram_schmidt: Removing vector 0 of norm 0.0
18:29 gram_schmidt: Removing vector 1 of norm 0.0
18:29 gram_schmidt: Removing vector 2 of norm 0.0
18:29 gram_schmidt: Removing vector 3 of norm 0.0
18:29 gram_schmidt: Removing vector 4 of norm 0.0
18:29 gram_schmidt: Removing vector 5 of norm 0.0
18:29 gram_schmidt: Removing vector 6 of norm 0.0
18:29 gram_schmidt: Removing vector 7 of norm 0.0
18:29 gram_schmidt: Removing vector 8 of norm 0.0
18:29 gram_schmidt: Removing vector 9 of norm 0.0
18:29 gram_schmidt: Removing vector 10 of norm 0.0
18:29 gram_schmidt: Removing vector 11 of norm 0.0
18:29 gram_schmidt: Removing vector 12 of norm 0.0
18:29 gram_schmidt: Removing vector 13 of norm 0.0
18:29 gram_schmidt: Removing vector 14 of norm 0.0
18:29 gram_schmidt: Removing vector 15 of norm 0.0
18:29 gram_schmidt: Removing vector 16 of norm 0.0
18:29 gram_schmidt: Removing vector 17 of norm 0.0
18:29 gram_schmidt: Removing vector 18 of norm 0.0
18:29 gram_schmidt: Removing vector 19 of norm 0.0
18:29 gram_schmidt: Removing vector 20 of norm 0.0
18:29 gram_schmidt: Removing vector 21 of norm 0.0
18:29 gram_schmidt: Removing vector 22 of norm 0.0
18:29 gram_schmidt: Removing vector 23 of norm 0.0
18:29 gram_schmidt: Removing vector 24 of norm 0.0
18:29 gram_schmidt: Removing vector 25 of norm 0.0
18:29 gram_schmidt: Removing vector 26 of norm 0.0
18:29 gram_schmidt: Removing vector 27 of norm 0.0
18:29 gram_schmidt: Removing vector 28 of norm 0.0
18:29 gram_schmidt: Removing vector 29 of norm 0.0
18:29 gram_schmidt: Removing vector 30 of norm 0.0
18:29 gram_schmidt: Removing vector 31 of norm 0.0
18:29 gram_schmidt: Removing vector 32 of norm 0.0
18:29 gram_schmidt: Removing vector 33 of norm 0.0
18:29 gram_schmidt: Removing vector 34 of norm 0.0
18:29 gram_schmidt: Removing vector 35 of norm 0.0
18:29 gram_schmidt: Removing vector 36 of norm 0.0
18:29 gram_schmidt: Removing vector 37 of norm 0.0
18:29 gram_schmidt: Removing vector 38 of norm 0.0
18:29 gram_schmidt: Removing vector 39 of norm 0.0
18:29 gram_schmidt: Removing vector 40 of norm 0.0
18:29 gram_schmidt: Removing vector 41 of norm 0.0
18:29 gram_schmidt: Removing vector 42 of norm 0.0
18:29 gram_schmidt: Removing vector 43 of norm 0.0
18:29 gram_schmidt: Removing vector 44 of norm 0.0
18:29 gram_schmidt: Removing vector 45 of norm 0.0
18:29 gram_schmidt: Removing vector 46 of norm 0.0
18:29 gram_schmidt: Removing vector 47 of norm 0.0
18:29 gram_schmidt: Removing vector 48 of norm 0.0
18:29 gram_schmidt: Removing vector 49 of norm 0.0
18:29 gram_schmidt: Removing vector 50 of norm 0.0
18:29 gram_schmidt: Removing vector 51 of norm 0.0
18:29 gram_schmidt: Removing vector 52 of norm 0.0
18:29 gram_schmidt: Removing vector 53 of norm 0.0
18:29 gram_schmidt: Removing vector 54 of norm 0.0
18:29 gram_schmidt: Removing vector 55 of norm 0.0
18:29 gram_schmidt: Removing vector 56 of norm 0.0
18:29 gram_schmidt: Removing vector 57 of norm 0.0
18:29 gram_schmidt: Removing vector 58 of norm 0.0
18:29 gram_schmidt: Removing vector 59 of norm 0.0
18:29 gram_schmidt: Removing vector 60 of norm 0.0
18:29 gram_schmidt: Removing vector 61 of norm 0.0
18:29 gram_schmidt: Removing vector 62 of norm 0.0
18:29 gram_schmidt: Removing vector 63 of norm 0.0
18:29 gram_schmidt: Removing vector 64 of norm 0.0
18:29 gram_schmidt: Removing vector 65 of norm 0.0
18:29 gram_schmidt: Removing vector 66 of norm 0.0
18:29 gram_schmidt: Removing vector 67 of norm 0.0
18:29 gram_schmidt: Removing vector 68 of norm 0.0
18:29 gram_schmidt: Removing vector 69 of norm 0.0
18:29 gram_schmidt: Removing vector 70 of norm 0.0
18:29 gram_schmidt: Removing vector 71 of norm 0.0
18:29 gram_schmidt: Removing vector 72 of norm 0.0
18:29 gram_schmidt: Removing vector 73 of norm 0.0
18:29 gram_schmidt: Removing vector 74 of norm 0.0
18:29 gram_schmidt: Removing vector 75 of norm 0.0
18:29 gram_schmidt: Removing vector 76 of norm 0.0
18:29 gram_schmidt: Removing vector 77 of norm 0.0
18:29 gram_schmidt: Removing vector 78 of norm 0.0
18:29 gram_schmidt: Removing vector 79 of norm 0.0
18:29 gram_schmidt: Removing vector 80 of norm 0.0
18:29 gram_schmidt: Removing vector 81 of norm 0.0
18:29 gram_schmidt: Removing vector 82 of norm 0.0
18:29 gram_schmidt: Removing vector 83 of norm 0.0
18:29 gram_schmidt: Removing vector 84 of norm 0.0
18:29 gram_schmidt: Removing vector 85 of norm 0.0
18:29 gram_schmidt: Removing vector 86 of norm 0.0
18:29 gram_schmidt: Removing vector 87 of norm 0.0
18:29 gram_schmidt: Removing vector 88 of norm 0.0
18:29 gram_schmidt: Removing vector 89 of norm 0.0
18:29 gram_schmidt: Removing vector 90 of norm 0.0
18:29 gram_schmidt: Removing vector 91 of norm 0.0
18:29 gram_schmidt: Removing vector 92 of norm 0.0
18:29 gram_schmidt: Removing vector 93 of norm 0.0
18:29 gram_schmidt: Removing vector 94 of norm 0.0
18:29 gram_schmidt: Removing vector 95 of norm 0.0
18:29 gram_schmidt: Removing vector 96 of norm 0.0
18:29 gram_schmidt: Removing vector 97 of norm 0.0
18:29 gram_schmidt: Removing vector 98 of norm 0.0
18:29 gram_schmidt: Removing vector 99 of norm 0.0
18:29 gram_schmidt: Removing vector 100 of norm 0.0
18:29 gram_schmidt: Removing vector 101 of norm 0.0
18:29 gram_schmidt: Removing vector 0 of norm 0.0
18:29 gram_schmidt: Removing vector 1 of norm 0.0
18:29 gram_schmidt: Removing vector 2 of norm 0.0
18:29 gram_schmidt: Removing vector 3 of norm 0.0
18:29 gram_schmidt: Removing vector 4 of norm 0.0
18:29 gram_schmidt: Removing vector 5 of norm 0.0
18:29 gram_schmidt: Removing vector 6 of norm 0.0
18:29 gram_schmidt: Removing vector 7 of norm 0.0
18:29 gram_schmidt: Removing vector 8 of norm 0.0
18:29 gram_schmidt: Removing vector 9 of norm 0.0
18:29 gram_schmidt: Removing vector 10 of norm 0.0
18:29 gram_schmidt: Removing vector 11 of norm 0.0
18:29 gram_schmidt: Removing vector 12 of norm 0.0
18:29 gram_schmidt: Removing vector 13 of norm 0.0
18:29 gram_schmidt: Removing vector 14 of norm 0.0
18:29 gram_schmidt: Removing vector 15 of norm 0.0
18:29 gram_schmidt: Removing vector 16 of norm 0.0
18:29 gram_schmidt: Removing vector 17 of norm 0.0
18:29 gram_schmidt: Removing vector 18 of norm 0.0
18:29 gram_schmidt: Removing vector 19 of norm 0.0
18:29 gram_schmidt: Removing vector 20 of norm 0.0
18:29 gram_schmidt: Removing vector 21 of norm 0.0
18:29 gram_schmidt: Removing vector 22 of norm 0.0
18:29 gram_schmidt: Removing vector 23 of norm 0.0
18:29 gram_schmidt: Removing vector 24 of norm 0.0
18:29 gram_schmidt: Removing vector 25 of norm 0.0
18:29 gram_schmidt: Removing vector 26 of norm 0.0
18:29 gram_schmidt: Removing vector 27 of norm 0.0
18:29 gram_schmidt: Removing vector 28 of norm 0.0
18:29 gram_schmidt: Removing vector 29 of norm 0.0
18:29 gram_schmidt: Removing vector 30 of norm 0.0
18:29 gram_schmidt: Removing vector 31 of norm 0.0
18:29 gram_schmidt: Removing vector 32 of norm 0.0
18:29 gram_schmidt: Removing vector 33 of norm 0.0
18:29 gram_schmidt: Removing vector 34 of norm 0.0
18:29 gram_schmidt: Removing vector 35 of norm 0.0
18:29 gram_schmidt: Removing vector 36 of norm 0.0
18:29 gram_schmidt: Removing vector 37 of norm 0.0
18:29 gram_schmidt: Removing vector 38 of norm 0.0
18:29 gram_schmidt: Removing vector 39 of norm 0.0
18:29 gram_schmidt: Removing vector 40 of norm 0.0
18:29 gram_schmidt: Removing vector 41 of norm 0.0
18:29 gram_schmidt: Removing vector 42 of norm 0.0
18:29 gram_schmidt: Removing vector 43 of norm 0.0
18:29 gram_schmidt: Removing vector 44 of norm 0.0
18:29 gram_schmidt: Removing vector 45 of norm 0.0
18:29 gram_schmidt: Removing vector 46 of norm 0.0
18:29 gram_schmidt: Removing vector 47 of norm 0.0
18:29 gram_schmidt: Removing vector 48 of norm 0.0
18:29 gram_schmidt: Removing vector 49 of norm 0.0
18:29 gram_schmidt: Removing vector 50 of norm 0.0
18:29 gram_schmidt: Removing vector 51 of norm 0.0
18:29 gram_schmidt: Removing vector 52 of norm 0.0
18:29 gram_schmidt: Removing vector 53 of norm 0.0
18:29 gram_schmidt: Removing vector 54 of norm 0.0
18:29 gram_schmidt: Removing vector 55 of norm 0.0
18:29 gram_schmidt: Removing vector 56 of norm 0.0
18:29 gram_schmidt: Removing vector 57 of norm 0.0
18:29 gram_schmidt: Removing vector 58 of norm 0.0
18:29 gram_schmidt: Removing vector 59 of norm 0.0
18:29 gram_schmidt: Removing vector 60 of norm 0.0
18:29 gram_schmidt: Removing vector 61 of norm 0.0
18:29 gram_schmidt: Removing vector 62 of norm 0.0
18:29 gram_schmidt: Removing vector 63 of norm 0.0
18:29 gram_schmidt: Removing vector 64 of norm 0.0
18:29 gram_schmidt: Removing vector 65 of norm 0.0
18:29 gram_schmidt: Removing vector 66 of norm 0.0
18:29 gram_schmidt: Removing vector 67 of norm 0.0
18:29 gram_schmidt: Removing vector 68 of norm 0.0
18:29 gram_schmidt: Removing vector 69 of norm 0.0
18:29 gram_schmidt: Removing vector 70 of norm 0.0
18:29 gram_schmidt: Removing vector 71 of norm 0.0
18:29 gram_schmidt: Removing vector 72 of norm 0.0
18:29 gram_schmidt: Removing vector 73 of norm 0.0
18:29 gram_schmidt: Removing vector 74 of norm 0.0
18:29 gram_schmidt: Removing vector 75 of norm 0.0
18:29 gram_schmidt: Removing vector 76 of norm 0.0
18:29 gram_schmidt: Removing vector 77 of norm 0.0
18:29 gram_schmidt: Removing vector 78 of norm 0.0
18:29 gram_schmidt: Removing vector 79 of norm 0.0
18:29 gram_schmidt: Removing vector 80 of norm 0.0
18:29 gram_schmidt: Removing vector 81 of norm 0.0
18:29 gram_schmidt: Removing vector 82 of norm 0.0
18:29 gram_schmidt: Removing vector 83 of norm 0.0
18:29 gram_schmidt: Removing vector 84 of norm 0.0
18:29 gram_schmidt: Removing vector 85 of norm 0.0
18:29 gram_schmidt: Removing vector 86 of norm 0.0
18:29 gram_schmidt: Removing vector 87 of norm 0.0
18:29 gram_schmidt: Removing vector 88 of norm 0.0
18:29 gram_schmidt: Removing vector 89 of norm 0.0
18:29 gram_schmidt: Removing vector 90 of norm 0.0
18:29 gram_schmidt: Removing vector 91 of norm 0.0
18:29 gram_schmidt: Removing vector 92 of norm 0.0
18:29 gram_schmidt: Removing vector 93 of norm 0.0
18:29 gram_schmidt: Removing vector 94 of norm 0.0
18:29 gram_schmidt: Removing vector 95 of norm 0.0
18:29 gram_schmidt: Removing vector 96 of norm 0.0
18:29 gram_schmidt: Removing vector 97 of norm 0.0
18:29 gram_schmidt: Removing vector 98 of norm 0.0
18:29 gram_schmidt: Removing vector 99 of norm 0.0
18:29 gram_schmidt: Removing vector 100 of norm 0.0
18:29 gram_schmidt: Removing vector 101 of norm 0.0
</system-err></testcase><testcase classname="src.pymortests.algorithms.gram_schmidt" file="src/pymortests/algorithms/gram_schmidt.py" line="26" name="test_gram_schmidt_with_product[&lt;lambda&gt;0]" time="0.03534746170043945"><system-err>18:29 DiffusionOperatorP1: Calulate gradients of shape functions transformed by reference map ...
18:29 DiffusionOperatorP1: Calculate all local scalar products beween gradients ...
18:29 DiffusionOperatorP1: Determine global dofs ...
18:29 DiffusionOperatorP1: Boundary treatment ...
18:29 DiffusionOperatorP1: Assemble system matrix ...
18:29 DiffusionOperatorP1: Calulate gradients of shape functions transformed by reference map ...
18:29 DiffusionOperatorP1: Calculate all local scalar products beween gradients ...
18:29 DiffusionOperatorP1: Determine global dofs ...
18:29 DiffusionOperatorP1: Boundary treatment ...
18:29 DiffusionOperatorP1: Assemble system matrix ...
18:29 DiffusionOperatorP1: Calulate gradients of shape functions transformed by reference map ...
18:29 DiffusionOperatorP1: Calculate all local scalar products beween gradients ...
18:29 DiffusionOperatorP1: Determine global dofs ...
18:29 DiffusionOperatorP1: Boundary treatment ...
18:29 DiffusionOperatorP1: Assemble system matrix ...
18:29 DiffusionOperatorP1: Calulate gradients of shape functions transformed by reference map ...
18:29 DiffusionOperatorP1: Calculate all local scalar products beween gradients ...
18:29 DiffusionOperatorP1: Determine global dofs ...
18:29 DiffusionOperatorP1: Boundary treatment ...
18:29 DiffusionOperatorP1: Assemble system matrix ...
18:29 DiffusionOperatorP1: Calulate gradients of shape functions transformed by reference map ...
18:29 DiffusionOperatorP1: Calculate all local scalar products beween gradients ...
18:29 DiffusionOperatorP1: Determine global dofs ...
18:29 DiffusionOperatorP1: Boundary treatment ...
18:29 DiffusionOperatorP1: Assemble system matrix ...
18:29 L2ProductP1: Integrate the products of the shape functions on each element
18:29 L2ProductP1: Determine global dofs ...
18:29 L2ProductP1: Boundary treatment ...
18:29 L2ProductP1: Assemble system matrix ...
18:29 DiffusionOperatorP1: Calulate gradients of shape functions transformed by reference map ...
18:29 DiffusionOperatorP1: Calculate all local scalar products beween gradients ...
18:29 DiffusionOperatorP1: Determine global dofs ...
18:29 DiffusionOperatorP1: Boundary treatment ...
18:29 DiffusionOperatorP1: Assemble system matrix ...
18:29 L2ProductP1: Integrate the products of the shape functions on each element
18:29 L2ProductP1: Determine global dofs ...
18:29 L2ProductP1: Boundary treatment ...
18:29 L2ProductP1: Assemble system matrix ...
18:29 DiffusionOperatorP1: Calulate gradients of shape functions transformed by reference map ...
18:29 DiffusionOperatorP1: Calculate all local scalar products beween gradients ...
18:29 DiffusionOperatorP1: Determine global dofs ...
18:29 DiffusionOperatorP1: Boundary treatment ...
18:29 DiffusionOperatorP1: Assemble system matrix ...
18:30 gram_schmidt: Orthonormalizing vector 3 again
18:30 gram_schmidt: Orthonormalizing vector 4 again
18:30 gram_schmidt: Orthonormalizing vector 3 again
18:30 gram_schmidt: Orthonormalizing vector 4 again
</system-err></testcase><testcase classname="src.pymortests.algorithms.gram_schmidt" file="src/pymortests/algorithms/gram_schmidt.py" line="26" name="test_gram_schmidt_with_product[&lt;lambda&gt;1]" time="0.03325009346008301"><system-err>18:30 DiffusionOperatorP1: Calulate gradients of shape functions transformed by reference map ...
18:30 DiffusionOperatorP1: Calculate all local scalar products beween gradients ...
18:30 DiffusionOperatorP1: Determine global dofs ...
18:30 DiffusionOperatorP1: Boundary treatment ...
18:30 DiffusionOperatorP1: Assemble system matrix ...
18:30 DiffusionOperatorP1: Calulate gradients of shape functions transformed by reference map ...
18:30 DiffusionOperatorP1: Calculate all local scalar products beween gradients ...
18:30 DiffusionOperatorP1: Determine global dofs ...
18:30 DiffusionOperatorP1: Boundary treatment ...
18:30 DiffusionOperatorP1: Assemble system matrix ...
18:30 L2ProductP1: Integrate the products of the shape functions on each element
18:30 L2ProductP1: Determine global dofs ...
18:30 L2ProductP1: Boundary treatment ...
18:30 L2ProductP1: Assemble system matrix ...
18:30 DiffusionOperatorP1: Calulate gradients of shape functions transformed by reference map ...
18:30 DiffusionOperatorP1: Calculate all local scalar products beween gradients ...
18:30 DiffusionOperatorP1: Determine global dofs ...
18:30 DiffusionOperatorP1: Boundary treatment ...
18:30 DiffusionOperatorP1: Assemble system matrix ...
18:30 L2ProductP1: Integrate the products of the shape functions on each element
18:30 L2ProductP1: Determine global dofs ...
18:30 L2ProductP1: Boundary treatment ...
18:30 L2ProductP1: Assemble system matrix ...
18:30 DiffusionOperatorP1: Calulate gradients of shape functions transformed by reference map ...
18:30 DiffusionOperatorP1: Calculate all local scalar products beween gradients ...
18:30 DiffusionOperatorP1: Determine global dofs ...
18:30 DiffusionOperatorP1: Boundary treatment ...
18:30 DiffusionOperatorP1: Assemble system matrix ...
18:30 gram_schmidt: Orthonormalizing vector 1 again
18:30 gram_schmidt: Orthonormalizing vector 2 again
18:30 gram_schmidt: Orthonormalizing vector 3 again
18:30 gram_schmidt: Orthonormalizing vector 4 again
18:30 gram_schmidt: Orthonormalizing vector 1 again
18:30 gram_schmidt: Orthonormalizing vector 2 again
18:30 gram_schmidt: Orthonormalizing vector 3 again
18:30 gram_schmidt: Orthonormalizing vector 4 again
</system-err></testcase><testcase classname="src.pymortests.algorithms.gram_schmidt" file="src/pymortests/algorithms/gram_schmidt.py" line="26" name="test_gram_schmidt_with_product[&lt;lambda&gt;2]" time="0.03616166114807129"><system-err>18:30 DiffusionOperatorP1: Calulate gradients of shape functions transformed by reference map ...
18:30 DiffusionOperatorP1: Calculate all local scalar products beween gradients ...
18:30 DiffusionOperatorP1: Determine global dofs ...
18:30 DiffusionOperatorP1: Boundary treatment ...
18:30 DiffusionOperatorP1: Assemble system matrix ...
18:30 DiffusionOperatorP1: Calulate gradients of shape functions transformed by reference map ...
18:30 DiffusionOperatorP1: Calculate all local scalar products beween gradients ...
18:30 DiffusionOperatorP1: Determine global dofs ...
18:30 DiffusionOperatorP1: Boundary treatment ...
18:30 DiffusionOperatorP1: Assemble system matrix ...
18:30 DiffusionOperatorP1: Calulate gradients of shape functions transformed by reference map ...
18:30 DiffusionOperatorP1: Calculate all local scalar products beween gradients ...
18:30 DiffusionOperatorP1: Determine global dofs ...
18:30 DiffusionOperatorP1: Boundary treatment ...
18:30 DiffusionOperatorP1: Assemble system matrix ...
18:30 DiffusionOperatorP1: Calulate gradients of shape functions transformed by reference map ...
18:30 DiffusionOperatorP1: Calculate all local scalar products beween gradients ...
18:30 DiffusionOperatorP1: Determine global dofs ...
18:30 DiffusionOperatorP1: Boundary treatment ...
18:30 DiffusionOperatorP1: Assemble system matrix ...
18:30 DiffusionOperatorP1: Calulate gradients of shape functions transformed by reference map ...
18:30 DiffusionOperatorP1: Calculate all local scalar products beween gradients ...
18:30 DiffusionOperatorP1: Determine global dofs ...
18:30 DiffusionOperatorP1: Boundary treatment ...
18:30 DiffusionOperatorP1: Assemble system matrix ...
18:30 L2ProductP1: Integrate the products of the shape functions on each element
18:30 L2ProductP1: Determine global dofs ...
18:30 L2ProductP1: Boundary treatment ...
18:30 L2ProductP1: Assemble system matrix ...
18:30 DiffusionOperatorP1: Calulate gradients of shape functions transformed by reference map ...
18:30 DiffusionOperatorP1: Calculate all local scalar products beween gradients ...
18:30 DiffusionOperatorP1: Determine global dofs ...
18:30 DiffusionOperatorP1: Boundary treatment ...
18:30 DiffusionOperatorP1: Assemble system matrix ...
18:30 L2ProductP1: Integrate the products of the shape functions on each element
18:30 L2ProductP1: Determine global dofs ...
18:30 L2ProductP1: Boundary treatment ...
18:30 L2ProductP1: Assemble system matrix ...
18:30 DiffusionOperatorP1: Calulate gradients of shape functions transformed by reference map ...
18:30 DiffusionOperatorP1: Calculate all local scalar products beween gradients ...
18:30 DiffusionOperatorP1: Determine global dofs ...
18:30 DiffusionOperatorP1: Boundary treatment ...
18:30 DiffusionOperatorP1: Assemble system matrix ...
18:30 gram_schmidt: Orthonormalizing vector 3 again
18:30 gram_schmidt: Orthonormalizing vector 4 again
18:30 gram_schmidt: Orthonormalizing vector 3 again
18:30 gram_schmidt: Orthonormalizing vector 4 again
</system-err></testcase><testcase classname="src.pymortests.algorithms.gram_schmidt" file="src/pymortests/algorithms/gram_schmidt.py" line="26" name="test_gram_schmidt_with_product[&lt;lambda&gt;3]" time="0.034291744232177734"><system-err>18:30 DiffusionOperatorP1: Calulate gradients of shape functions transformed by reference map ...
18:30 DiffusionOperatorP1: Calculate all local scalar products beween gradients ...
18:30 DiffusionOperatorP1: Determine global dofs ...
18:30 DiffusionOperatorP1: Boundary treatment ...
18:30 DiffusionOperatorP1: Assemble system matrix ...
18:30 DiffusionOperatorP1: Calulate gradients of shape functions transformed by reference map ...
18:30 DiffusionOperatorP1: Calculate all local scalar products beween gradients ...
18:30 DiffusionOperatorP1: Determine global dofs ...
18:30 DiffusionOperatorP1: Boundary treatment ...
18:30 DiffusionOperatorP1: Assemble system matrix ...
18:30 L2ProductP1: Integrate the products of the shape functions on each element
18:30 L2ProductP1: Determine global dofs ...
18:30 L2ProductP1: Boundary treatment ...
18:30 L2ProductP1: Assemble system matrix ...
18:30 DiffusionOperatorP1: Calulate gradients of shape functions transformed by reference map ...
18:30 DiffusionOperatorP1: Calculate all local scalar products beween gradients ...
18:30 DiffusionOperatorP1: Determine global dofs ...
18:30 DiffusionOperatorP1: Boundary treatment ...
18:30 DiffusionOperatorP1: Assemble system matrix ...
18:30 L2ProductP1: Integrate the products of the shape functions on each element
18:30 L2ProductP1: Determine global dofs ...
18:30 L2ProductP1: Boundary treatment ...
18:30 L2ProductP1: Assemble system matrix ...
18:30 DiffusionOperatorP1: Calulate gradients of shape functions transformed by reference map ...
18:30 DiffusionOperatorP1: Calculate all local scalar products beween gradients ...
18:30 DiffusionOperatorP1: Determine global dofs ...
18:30 DiffusionOperatorP1: Boundary treatment ...
18:30 DiffusionOperatorP1: Assemble system matrix ...
18:30 gram_schmidt: Orthonormalizing vector 1 again
18:30 gram_schmidt: Orthonormalizing vector 2 again
18:30 gram_schmidt: Orthonormalizing vector 3 again
18:30 gram_schmidt: Orthonormalizing vector 4 again
18:30 gram_schmidt: Orthonormalizing vector 1 again
18:30 gram_schmidt: Orthonormalizing vector 2 again
18:30 gram_schmidt: Orthonormalizing vector 3 again
18:30 gram_schmidt: Orthonormalizing vector 4 again
</system-err></testcase><testcase classname="src.pymortests.algorithms.gram_schmidt" file="src/pymortests/algorithms/gram_schmidt.py" line="26" name="test_gram_schmidt_with_product[&lt;lambda&gt;4]" time="0.03646659851074219"><system-err>18:30 DiffusionOperatorP1: Calulate gradients of shape functions transformed by reference map ...
18:30 DiffusionOperatorP1: Calculate all local scalar products beween gradients ...
18:30 DiffusionOperatorP1: Determine global dofs ...
18:30 DiffusionOperatorP1: Boundary treatment ...
18:30 DiffusionOperatorP1: Assemble system matrix ...
18:30 DiffusionOperatorP1: Calulate gradients of shape functions transformed by reference map ...
18:30 DiffusionOperatorP1: Calculate all local scalar products beween gradients ...
18:30 DiffusionOperatorP1: Determine global dofs ...
18:30 DiffusionOperatorP1: Boundary treatment ...
18:30 DiffusionOperatorP1: Assemble system matrix ...
18:30 DiffusionOperatorP1: Calulate gradients of shape functions transformed by reference map ...
18:30 DiffusionOperatorP1: Calculate all local scalar products beween gradients ...
18:30 DiffusionOperatorP1: Determine global dofs ...
18:30 DiffusionOperatorP1: Boundary treatment ...
18:30 DiffusionOperatorP1: Assemble system matrix ...
18:30 DiffusionOperatorP1: Calulate gradients of shape functions transformed by reference map ...
18:30 DiffusionOperatorP1: Calculate all local scalar products beween gradients ...
18:30 DiffusionOperatorP1: Determine global dofs ...
18:30 DiffusionOperatorP1: Boundary treatment ...
18:30 DiffusionOperatorP1: Assemble system matrix ...
18:30 DiffusionOperatorP1: Calulate gradients of shape functions transformed by reference map ...
18:30 DiffusionOperatorP1: Calculate all local scalar products beween gradients ...
18:30 DiffusionOperatorP1: Determine global dofs ...
18:30 DiffusionOperatorP1: Boundary treatment ...
18:30 DiffusionOperatorP1: Assemble system matrix ...
18:30 L2ProductP1: Integrate the products of the shape functions on each element
18:30 L2ProductP1: Determine global dofs ...
18:30 L2ProductP1: Boundary treatment ...
18:30 L2ProductP1: Assemble system matrix ...
18:30 DiffusionOperatorP1: Calulate gradients of shape functions transformed by reference map ...
18:30 DiffusionOperatorP1: Calculate all local scalar products beween gradients ...
18:30 DiffusionOperatorP1: Determine global dofs ...
18:30 DiffusionOperatorP1: Boundary treatment ...
18:30 DiffusionOperatorP1: Assemble system matrix ...
18:30 L2ProductP1: Integrate the products of the shape functions on each element
18:30 L2ProductP1: Determine global dofs ...
18:30 L2ProductP1: Boundary treatment ...
18:30 L2ProductP1: Assemble system matrix ...
18:30 DiffusionOperatorP1: Calulate gradients of shape functions transformed by reference map ...
18:30 DiffusionOperatorP1: Calculate all local scalar products beween gradients ...
18:30 DiffusionOperatorP1: Determine global dofs ...
18:30 DiffusionOperatorP1: Boundary treatment ...
18:30 DiffusionOperatorP1: Assemble system matrix ...
18:30 gram_schmidt: Orthonormalizing vector 3 again
18:30 gram_schmidt: Orthonormalizing vector 4 again
18:30 gram_schmidt: Orthonormalizing vector 3 again
18:30 gram_schmidt: Orthonormalizing vector 4 again
</system-err></testcase><testcase classname="src.pymortests.algorithms.gram_schmidt" file="src/pymortests/algorithms/gram_schmidt.py" line="26" name="test_gram_schmidt_with_product[&lt;lambda&gt;5]" time="0.03333640098571777"><system-err>18:30 DiffusionOperatorP1: Calulate gradients of shape functions transformed by reference map ...
18:30 DiffusionOperatorP1: Calculate all local scalar products beween gradients ...
18:30 DiffusionOperatorP1: Determine global dofs ...
18:30 DiffusionOperatorP1: Boundary treatment ...
18:30 DiffusionOperatorP1: Assemble system matrix ...
18:30 DiffusionOperatorP1: Calulate gradients of shape functions transformed by reference map ...
18:30 DiffusionOperatorP1: Calculate all local scalar products beween gradients ...
18:30 DiffusionOperatorP1: Determine global dofs ...
18:30 DiffusionOperatorP1: Boundary treatment ...
18:30 DiffusionOperatorP1: Assemble system matrix ...
18:30 L2ProductP1: Integrate the products of the shape functions on each element
18:30 L2ProductP1: Determine global dofs ...
18:30 L2ProductP1: Boundary treatment ...
18:30 L2ProductP1: Assemble system matrix ...
18:30 DiffusionOperatorP1: Calulate gradients of shape functions transformed by reference map ...
18:30 DiffusionOperatorP1: Calculate all local scalar products beween gradients ...
18:30 DiffusionOperatorP1: Determine global dofs ...
18:30 DiffusionOperatorP1: Boundary treatment ...
18:30 DiffusionOperatorP1: Assemble system matrix ...
18:30 L2ProductP1: Integrate the products of the shape functions on each element
18:30 L2ProductP1: Determine global dofs ...
18:30 L2ProductP1: Boundary treatment ...
18:30 L2ProductP1: Assemble system matrix ...
18:30 DiffusionOperatorP1: Calulate gradients of shape functions transformed by reference map ...
18:30 DiffusionOperatorP1: Calculate all local scalar products beween gradients ...
18:30 DiffusionOperatorP1: Determine global dofs ...
18:30 DiffusionOperatorP1: Boundary treatment ...
18:30 DiffusionOperatorP1: Assemble system matrix ...
18:30 gram_schmidt: Orthonormalizing vector 1 again
18:30 gram_schmidt: Orthonormalizing vector 2 again
18:30 gram_schmidt: Orthonormalizing vector 3 again
18:30 gram_schmidt: Orthonormalizing vector 4 again
18:30 gram_schmidt: Orthonormalizing vector 1 again
18:30 gram_schmidt: Orthonormalizing vector 2 again
18:30 gram_schmidt: Orthonormalizing vector 3 again
18:30 gram_schmidt: Orthonormalizing vector 4 again
</system-err></testcase><testcase classname="src.pymortests.algorithms.gram_schmidt" file="src/pymortests/algorithms/gram_schmidt.py" line="26" name="test_gram_schmidt_with_product[&lt;lambda&gt;6]" time="0.035718441009521484"><system-err>18:30 DiffusionOperatorP1: Calulate gradients of shape functions transformed by reference map ...
18:30 DiffusionOperatorP1: Calculate all local scalar products beween gradients ...
18:30 DiffusionOperatorP1: Determine global dofs ...
18:30 DiffusionOperatorP1: Boundary treatment ...
18:30 DiffusionOperatorP1: Assemble system matrix ...
18:30 DiffusionOperatorP1: Calulate gradients of shape functions transformed by reference map ...
18:30 DiffusionOperatorP1: Calculate all local scalar products beween gradients ...
18:30 DiffusionOperatorP1: Determine global dofs ...
18:30 DiffusionOperatorP1: Boundary treatment ...
18:30 DiffusionOperatorP1: Assemble system matrix ...
18:30 DiffusionOperatorP1: Calulate gradients of shape functions transformed by reference map ...
18:30 DiffusionOperatorP1: Calculate all local scalar products beween gradients ...
18:30 DiffusionOperatorP1: Determine global dofs ...
18:30 DiffusionOperatorP1: Boundary treatment ...
18:30 DiffusionOperatorP1: Assemble system matrix ...
18:30 DiffusionOperatorP1: Calulate gradients of shape functions transformed by reference map ...
18:30 DiffusionOperatorP1: Calculate all local scalar products beween gradients ...
18:30 DiffusionOperatorP1: Determine global dofs ...
18:30 DiffusionOperatorP1: Boundary treatment ...
18:30 DiffusionOperatorP1: Assemble system matrix ...
18:30 DiffusionOperatorP1: Calulate gradients of shape functions transformed by reference map ...
18:30 DiffusionOperatorP1: Calculate all local scalar products beween gradients ...
18:30 DiffusionOperatorP1: Determine global dofs ...
18:30 DiffusionOperatorP1: Boundary treatment ...
18:30 DiffusionOperatorP1: Assemble system matrix ...
18:30 L2ProductP1: Integrate the products of the shape functions on each element
18:30 L2ProductP1: Determine global dofs ...
18:30 L2ProductP1: Boundary treatment ...
18:30 L2ProductP1: Assemble system matrix ...
18:30 DiffusionOperatorP1: Calulate gradients of shape functions transformed by reference map ...
18:30 DiffusionOperatorP1: Calculate all local scalar products beween gradients ...
18:30 DiffusionOperatorP1: Determine global dofs ...
18:30 DiffusionOperatorP1: Boundary treatment ...
18:30 DiffusionOperatorP1: Assemble system matrix ...
18:30 L2ProductP1: Integrate the products of the shape functions on each element
18:30 L2ProductP1: Determine global dofs ...
18:30 L2ProductP1: Boundary treatment ...
18:30 L2ProductP1: Assemble system matrix ...
18:30 DiffusionOperatorP1: Calulate gradients of shape functions transformed by reference map ...
18:30 DiffusionOperatorP1: Calculate all local scalar products beween gradients ...
18:30 DiffusionOperatorP1: Determine global dofs ...
18:30 DiffusionOperatorP1: Boundary treatment ...
18:30 DiffusionOperatorP1: Assemble system matrix ...
18:30 gram_schmidt: Orthonormalizing vector 3 again
18:30 gram_schmidt: Orthonormalizing vector 4 again
18:30 gram_schmidt: Orthonormalizing vector 3 again
18:30 gram_schmidt: Orthonormalizing vector 4 again
</system-err></testcase><testcase classname="src.pymortests.algorithms.gram_schmidt" file="src/pymortests/algorithms/gram_schmidt.py" line="26" name="test_gram_schmidt_with_product[&lt;lambda&gt;7]" time="0.033121585845947266"><system-err>18:30 DiffusionOperatorP1: Calulate gradients of shape functions transformed by reference map ...
18:30 DiffusionOperatorP1: Calculate all local scalar products beween gradients ...
18:30 DiffusionOperatorP1: Determine global dofs ...
18:30 DiffusionOperatorP1: Boundary treatment ...
18:30 DiffusionOperatorP1: Assemble system matrix ...
18:30 DiffusionOperatorP1: Calulate gradients of shape functions transformed by reference map ...
18:30 DiffusionOperatorP1: Calculate all local scalar products beween gradients ...
18:30 DiffusionOperatorP1: Determine global dofs ...
18:30 DiffusionOperatorP1: Boundary treatment ...
18:30 DiffusionOperatorP1: Assemble system matrix ...
18:30 L2ProductP1: Integrate the products of the shape functions on each element
18:30 L2ProductP1: Determine global dofs ...
18:30 L2ProductP1: Boundary treatment ...
18:30 L2ProductP1: Assemble system matrix ...
18:30 DiffusionOperatorP1: Calulate gradients of shape functions transformed by reference map ...
18:30 DiffusionOperatorP1: Calculate all local scalar products beween gradients ...
18:30 DiffusionOperatorP1: Determine global dofs ...
18:30 DiffusionOperatorP1: Boundary treatment ...
18:30 DiffusionOperatorP1: Assemble system matrix ...
18:30 L2ProductP1: Integrate the products of the shape functions on each element
18:30 L2ProductP1: Determine global dofs ...
18:30 L2ProductP1: Boundary treatment ...
18:30 L2ProductP1: Assemble system matrix ...
18:30 DiffusionOperatorP1: Calulate gradients of shape functions transformed by reference map ...
18:30 DiffusionOperatorP1: Calculate all local scalar products beween gradients ...
18:30 DiffusionOperatorP1: Determine global dofs ...
18:30 DiffusionOperatorP1: Boundary treatment ...
18:30 DiffusionOperatorP1: Assemble system matrix ...
18:30 gram_schmidt: Orthonormalizing vector 1 again
18:30 gram_schmidt: Orthonormalizing vector 2 again
18:30 gram_schmidt: Orthonormalizing vector 3 again
18:30 gram_schmidt: Orthonormalizing vector 4 again
18:30 gram_schmidt: Orthonormalizing vector 1 again
18:30 gram_schmidt: Orthonormalizing vector 2 again
18:30 gram_schmidt: Orthonormalizing vector 3 again
18:30 gram_schmidt: Orthonormalizing vector 4 again
</system-err></testcase><testcase classname="src.pymortests.algorithms.gram_schmidt" file="src/pymortests/algorithms/gram_schmidt.py" line="26" name="test_gram_schmidt_with_product[&lt;lambda&gt;8]" time="0.03514599800109863"><system-err>18:30 DiffusionOperatorP1: Calulate gradients of shape functions transformed by reference map ...
18:30 DiffusionOperatorP1: Calculate all local scalar products beween gradients ...
18:30 DiffusionOperatorP1: Determine global dofs ...
18:30 DiffusionOperatorP1: Boundary treatment ...
18:30 DiffusionOperatorP1: Assemble system matrix ...
18:30 DiffusionOperatorP1: Calulate gradients of shape functions transformed by reference map ...
18:30 DiffusionOperatorP1: Calculate all local scalar products beween gradients ...
18:30 DiffusionOperatorP1: Determine global dofs ...
18:30 DiffusionOperatorP1: Boundary treatment ...
18:30 DiffusionOperatorP1: Assemble system matrix ...
18:30 DiffusionOperatorP1: Calulate gradients of shape functions transformed by reference map ...
18:30 DiffusionOperatorP1: Calculate all local scalar products beween gradients ...
18:30 DiffusionOperatorP1: Determine global dofs ...
18:30 DiffusionOperatorP1: Boundary treatment ...
18:30 DiffusionOperatorP1: Assemble system matrix ...
18:30 DiffusionOperatorP1: Calulate gradients of shape functions transformed by reference map ...
18:30 DiffusionOperatorP1: Calculate all local scalar products beween gradients ...
18:30 DiffusionOperatorP1: Determine global dofs ...
18:30 DiffusionOperatorP1: Boundary treatment ...
18:30 DiffusionOperatorP1: Assemble system matrix ...
18:30 DiffusionOperatorP1: Calulate gradients of shape functions transformed by reference map ...
18:30 DiffusionOperatorP1: Calculate all local scalar products beween gradients ...
18:30 DiffusionOperatorP1: Determine global dofs ...
18:30 DiffusionOperatorP1: Boundary treatment ...
18:30 DiffusionOperatorP1: Assemble system matrix ...
18:30 L2ProductP1: Integrate the products of the shape functions on each element
18:30 L2ProductP1: Determine global dofs ...
18:30 L2ProductP1: Boundary treatment ...
18:30 L2ProductP1: Assemble system matrix ...
18:30 DiffusionOperatorP1: Calulate gradients of shape functions transformed by reference map ...
18:30 DiffusionOperatorP1: Calculate all local scalar products beween gradients ...
18:30 DiffusionOperatorP1: Determine global dofs ...
18:30 DiffusionOperatorP1: Boundary treatment ...
18:30 DiffusionOperatorP1: Assemble system matrix ...
18:30 L2ProductP1: Integrate the products of the shape functions on each element
18:30 L2ProductP1: Determine global dofs ...
18:30 L2ProductP1: Boundary treatment ...
18:30 L2ProductP1: Assemble system matrix ...
18:30 DiffusionOperatorP1: Calulate gradients of shape functions transformed by reference map ...
18:30 DiffusionOperatorP1: Calculate all local scalar products beween gradients ...
18:30 DiffusionOperatorP1: Determine global dofs ...
18:30 DiffusionOperatorP1: Boundary treatment ...
18:30 DiffusionOperatorP1: Assemble system matrix ...
18:30 gram_schmidt: Orthonormalizing vector 3 again
18:30 gram_schmidt: Orthonormalizing vector 4 again
18:30 gram_schmidt: Orthonormalizing vector 3 again
18:30 gram_schmidt: Orthonormalizing vector 4 again
</system-err></testcase><testcase classname="src.pymortests.algorithms.gram_schmidt" file="src/pymortests/algorithms/gram_schmidt.py" line="26" name="test_gram_schmidt_with_product[&lt;lambda&gt;9]" time="0.03287148475646973"><system-err>18:30 DiffusionOperatorP1: Calulate gradients of shape functions transformed by reference map ...
18:30 DiffusionOperatorP1: Calculate all local scalar products beween gradients ...
18:30 DiffusionOperatorP1: Determine global dofs ...
18:30 DiffusionOperatorP1: Boundary treatment ...
18:30 DiffusionOperatorP1: Assemble system matrix ...
18:30 DiffusionOperatorP1: Calulate gradients of shape functions transformed by reference map ...
18:30 DiffusionOperatorP1: Calculate all local scalar products beween gradients ...
18:30 DiffusionOperatorP1: Determine global dofs ...
18:30 DiffusionOperatorP1: Boundary treatment ...
18:30 DiffusionOperatorP1: Assemble system matrix ...
18:30 L2ProductP1: Integrate the products of the shape functions on each element
18:30 L2ProductP1: Determine global dofs ...
18:30 L2ProductP1: Boundary treatment ...
18:30 L2ProductP1: Assemble system matrix ...
18:30 DiffusionOperatorP1: Calulate gradients of shape functions transformed by reference map ...
18:30 DiffusionOperatorP1: Calculate all local scalar products beween gradients ...
18:30 DiffusionOperatorP1: Determine global dofs ...
18:30 DiffusionOperatorP1: Boundary treatment ...
18:30 DiffusionOperatorP1: Assemble system matrix ...
18:30 L2ProductP1: Integrate the products of the shape functions on each element
18:30 L2ProductP1: Determine global dofs ...
18:30 L2ProductP1: Boundary treatment ...
18:30 L2ProductP1: Assemble system matrix ...
18:30 DiffusionOperatorP1: Calulate gradients of shape functions transformed by reference map ...
18:30 DiffusionOperatorP1: Calculate all local scalar products beween gradients ...
18:30 DiffusionOperatorP1: Determine global dofs ...
18:30 DiffusionOperatorP1: Boundary treatment ...
18:30 DiffusionOperatorP1: Assemble system matrix ...
18:30 gram_schmidt: Orthonormalizing vector 1 again
18:30 gram_schmidt: Orthonormalizing vector 2 again
18:30 gram_schmidt: Orthonormalizing vector 3 again
18:30 gram_schmidt: Orthonormalizing vector 4 again
18:30 gram_schmidt: Orthonormalizing vector 1 again
18:30 gram_schmidt: Orthonormalizing vector 2 again
18:30 gram_schmidt: Orthonormalizing vector 3 again
18:30 gram_schmidt: Orthonormalizing vector 4 again
</system-err></testcase><testcase classname="src.pymortests.algorithms.gram_schmidt" file="src/pymortests/algorithms/gram_schmidt.py" line="26" name="test_gram_schmidt_with_product[&lt;lambda&gt;10]" time="0.03556323051452637"><system-err>18:30 DiffusionOperatorP1: Calulate gradients of shape functions transformed by reference map ...
18:30 DiffusionOperatorP1: Calculate all local scalar products beween gradients ...
18:30 DiffusionOperatorP1: Determine global dofs ...
18:30 DiffusionOperatorP1: Boundary treatment ...
18:30 DiffusionOperatorP1: Assemble system matrix ...
18:30 DiffusionOperatorP1: Calulate gradients of shape functions transformed by reference map ...
18:30 DiffusionOperatorP1: Calculate all local scalar products beween gradients ...
18:30 DiffusionOperatorP1: Determine global dofs ...
18:30 DiffusionOperatorP1: Boundary treatment ...
18:30 DiffusionOperatorP1: Assemble system matrix ...
18:30 DiffusionOperatorP1: Calulate gradients of shape functions transformed by reference map ...
18:30 DiffusionOperatorP1: Calculate all local scalar products beween gradients ...
18:30 DiffusionOperatorP1: Determine global dofs ...
18:30 DiffusionOperatorP1: Boundary treatment ...
18:30 DiffusionOperatorP1: Assemble system matrix ...
18:30 DiffusionOperatorP1: Calulate gradients of shape functions transformed by reference map ...
18:30 DiffusionOperatorP1: Calculate all local scalar products beween gradients ...
18:30 DiffusionOperatorP1: Determine global dofs ...
18:30 DiffusionOperatorP1: Boundary treatment ...
18:30 DiffusionOperatorP1: Assemble system matrix ...
18:30 DiffusionOperatorP1: Calulate gradients of shape functions transformed by reference map ...
18:30 DiffusionOperatorP1: Calculate all local scalar products beween gradients ...
18:30 DiffusionOperatorP1: Determine global dofs ...
18:30 DiffusionOperatorP1: Boundary treatment ...
18:30 DiffusionOperatorP1: Assemble system matrix ...
18:30 L2ProductP1: Integrate the products of the shape functions on each element
18:30 L2ProductP1: Determine global dofs ...
18:30 L2ProductP1: Boundary treatment ...
18:30 L2ProductP1: Assemble system matrix ...
18:30 DiffusionOperatorP1: Calulate gradients of shape functions transformed by reference map ...
18:30 DiffusionOperatorP1: Calculate all local scalar products beween gradients ...
18:30 DiffusionOperatorP1: Determine global dofs ...
18:30 DiffusionOperatorP1: Boundary treatment ...
18:30 DiffusionOperatorP1: Assemble system matrix ...
18:30 L2ProductP1: Integrate the products of the shape functions on each element
18:30 L2ProductP1: Determine global dofs ...
18:30 L2ProductP1: Boundary treatment ...
18:30 L2ProductP1: Assemble system matrix ...
18:30 DiffusionOperatorP1: Calulate gradients of shape functions transformed by reference map ...
18:30 DiffusionOperatorP1: Calculate all local scalar products beween gradients ...
18:30 DiffusionOperatorP1: Determine global dofs ...
18:30 DiffusionOperatorP1: Boundary treatment ...
18:30 DiffusionOperatorP1: Assemble system matrix ...
18:30 gram_schmidt: Orthonormalizing vector 3 again
18:30 gram_schmidt: Orthonormalizing vector 4 again
18:30 gram_schmidt: Orthonormalizing vector 3 again
18:30 gram_schmidt: Orthonormalizing vector 4 again
</system-err></testcase><testcase classname="src.pymortests.algorithms.gram_schmidt" file="src/pymortests/algorithms/gram_schmidt.py" line="26" name="test_gram_schmidt_with_product[&lt;lambda&gt;11]" time="0.03403830528259277"><system-err>18:30 DiffusionOperatorP1: Calulate gradients of shape functions transformed by reference map ...
18:30 DiffusionOperatorP1: Calculate all local scalar products beween gradients ...
18:30 DiffusionOperatorP1: Determine global dofs ...
18:30 DiffusionOperatorP1: Boundary treatment ...
18:30 DiffusionOperatorP1: Assemble system matrix ...
18:30 DiffusionOperatorP1: Calulate gradients of shape functions transformed by reference map ...
18:30 DiffusionOperatorP1: Calculate all local scalar products beween gradients ...
18:30 DiffusionOperatorP1: Determine global dofs ...
18:30 DiffusionOperatorP1: Boundary treatment ...
18:30 DiffusionOperatorP1: Assemble system matrix ...
18:30 L2ProductP1: Integrate the products of the shape functions on each element
18:30 L2ProductP1: Determine global dofs ...
18:30 L2ProductP1: Boundary treatment ...
18:30 L2ProductP1: Assemble system matrix ...
18:30 DiffusionOperatorP1: Calulate gradients of shape functions transformed by reference map ...
18:30 DiffusionOperatorP1: Calculate all local scalar products beween gradients ...
18:30 DiffusionOperatorP1: Determine global dofs ...
18:30 DiffusionOperatorP1: Boundary treatment ...
18:30 DiffusionOperatorP1: Assemble system matrix ...
18:30 L2ProductP1: Integrate the products of the shape functions on each element
18:30 L2ProductP1: Determine global dofs ...
18:30 L2ProductP1: Boundary treatment ...
18:30 L2ProductP1: Assemble system matrix ...
18:30 DiffusionOperatorP1: Calulate gradients of shape functions transformed by reference map ...
18:30 DiffusionOperatorP1: Calculate all local scalar products beween gradients ...
18:30 DiffusionOperatorP1: Determine global dofs ...
18:30 DiffusionOperatorP1: Boundary treatment ...
18:30 DiffusionOperatorP1: Assemble system matrix ...
18:30 gram_schmidt: Orthonormalizing vector 1 again
18:30 gram_schmidt: Orthonormalizing vector 2 again
18:30 gram_schmidt: Orthonormalizing vector 3 again
18:30 gram_schmidt: Orthonormalizing vector 4 again
18:30 gram_schmidt: Orthonormalizing vector 1 again
18:30 gram_schmidt: Orthonormalizing vector 2 again
18:30 gram_schmidt: Orthonormalizing vector 3 again
18:30 gram_schmidt: Orthonormalizing vector 4 again
</system-err></testcase><testcase classname="src.pymortests.algorithms.gram_schmidt" file="src/pymortests/algorithms/gram_schmidt.py" line="26" name="test_gram_schmidt_with_product[&lt;lambda&gt;12]" time="0.035804033279418945"><system-err>18:30 DiffusionOperatorP1: Calulate gradients of shape functions transformed by reference map ...
18:30 DiffusionOperatorP1: Calculate all local scalar products beween gradients ...
18:30 DiffusionOperatorP1: Determine global dofs ...
18:30 DiffusionOperatorP1: Boundary treatment ...
18:30 DiffusionOperatorP1: Assemble system matrix ...
18:30 DiffusionOperatorP1: Calulate gradients of shape functions transformed by reference map ...
18:30 DiffusionOperatorP1: Calculate all local scalar products beween gradients ...
18:30 DiffusionOperatorP1: Determine global dofs ...
18:30 DiffusionOperatorP1: Boundary treatment ...
18:30 DiffusionOperatorP1: Assemble system matrix ...
18:30 DiffusionOperatorP1: Calulate gradients of shape functions transformed by reference map ...
18:30 DiffusionOperatorP1: Calculate all local scalar products beween gradients ...
18:30 DiffusionOperatorP1: Determine global dofs ...
18:30 DiffusionOperatorP1: Boundary treatment ...
18:30 DiffusionOperatorP1: Assemble system matrix ...
18:30 DiffusionOperatorP1: Calulate gradients of shape functions transformed by reference map ...
18:30 DiffusionOperatorP1: Calculate all local scalar products beween gradients ...
18:30 DiffusionOperatorP1: Determine global dofs ...
18:30 DiffusionOperatorP1: Boundary treatment ...
18:30 DiffusionOperatorP1: Assemble system matrix ...
18:30 DiffusionOperatorP1: Calulate gradients of shape functions transformed by reference map ...
18:30 DiffusionOperatorP1: Calculate all local scalar products beween gradients ...
18:30 DiffusionOperatorP1: Determine global dofs ...
18:30 DiffusionOperatorP1: Boundary treatment ...
18:30 DiffusionOperatorP1: Assemble system matrix ...
18:30 L2ProductP1: Integrate the products of the shape functions on each element
18:30 L2ProductP1: Determine global dofs ...
18:30 L2ProductP1: Boundary treatment ...
18:30 L2ProductP1: Assemble system matrix ...
18:30 DiffusionOperatorP1: Calulate gradients of shape functions transformed by reference map ...
18:30 DiffusionOperatorP1: Calculate all local scalar products beween gradients ...
18:30 DiffusionOperatorP1: Determine global dofs ...
18:30 DiffusionOperatorP1: Boundary treatment ...
18:30 DiffusionOperatorP1: Assemble system matrix ...
18:30 L2ProductP1: Integrate the products of the shape functions on each element
18:30 L2ProductP1: Determine global dofs ...
18:30 L2ProductP1: Boundary treatment ...
18:30 L2ProductP1: Assemble system matrix ...
18:30 DiffusionOperatorP1: Calulate gradients of shape functions transformed by reference map ...
18:30 DiffusionOperatorP1: Calculate all local scalar products beween gradients ...
18:30 DiffusionOperatorP1: Determine global dofs ...
18:30 DiffusionOperatorP1: Boundary treatment ...
18:30 DiffusionOperatorP1: Assemble system matrix ...
18:30 gram_schmidt: Removing linear dependent vector 5
18:30 gram_schmidt: Removing linear dependent vector 6
18:30 gram_schmidt: Removing linear dependent vector 5
18:30 gram_schmidt: Removing linear dependent vector 6
</system-err></testcase><testcase classname="src.pymortests.algorithms.gram_schmidt" file="src/pymortests/algorithms/gram_schmidt.py" line="26" name="test_gram_schmidt_with_product[&lt;lambda&gt;13]" time="0.03246784210205078"><system-err>18:30 DiffusionOperatorP1: Calulate gradients of shape functions transformed by reference map ...
18:30 DiffusionOperatorP1: Calculate all local scalar products beween gradients ...
18:30 DiffusionOperatorP1: Determine global dofs ...
18:30 DiffusionOperatorP1: Boundary treatment ...
18:30 DiffusionOperatorP1: Assemble system matrix ...
18:30 DiffusionOperatorP1: Calulate gradients of shape functions transformed by reference map ...
18:30 DiffusionOperatorP1: Calculate all local scalar products beween gradients ...
18:30 DiffusionOperatorP1: Determine global dofs ...
18:30 DiffusionOperatorP1: Boundary treatment ...
18:30 DiffusionOperatorP1: Assemble system matrix ...
18:30 L2ProductP1: Integrate the products of the shape functions on each element
18:30 L2ProductP1: Determine global dofs ...
18:30 L2ProductP1: Boundary treatment ...
18:30 L2ProductP1: Assemble system matrix ...
18:30 DiffusionOperatorP1: Calulate gradients of shape functions transformed by reference map ...
18:30 DiffusionOperatorP1: Calculate all local scalar products beween gradients ...
18:30 DiffusionOperatorP1: Determine global dofs ...
18:30 DiffusionOperatorP1: Boundary treatment ...
18:30 DiffusionOperatorP1: Assemble system matrix ...
18:30 L2ProductP1: Integrate the products of the shape functions on each element
18:30 L2ProductP1: Determine global dofs ...
18:30 L2ProductP1: Boundary treatment ...
18:30 L2ProductP1: Assemble system matrix ...
18:30 DiffusionOperatorP1: Calulate gradients of shape functions transformed by reference map ...
18:30 DiffusionOperatorP1: Calculate all local scalar products beween gradients ...
18:30 DiffusionOperatorP1: Determine global dofs ...
18:30 DiffusionOperatorP1: Boundary treatment ...
18:30 DiffusionOperatorP1: Assemble system matrix ...
18:30 gram_schmidt: Orthonormalizing vector 3 again
18:30 gram_schmidt: Removing linear dependent vector 5
18:30 gram_schmidt: Removing linear dependent vector 6
18:30 gram_schmidt: Orthonormalizing vector 3 again
18:30 gram_schmidt: Removing linear dependent vector 5
18:30 gram_schmidt: Removing linear dependent vector 6
</system-err></testcase><testcase classname="src.pymortests.algorithms.gram_schmidt" file="src/pymortests/algorithms/gram_schmidt.py" line="26" name="test_gram_schmidt_with_product[&lt;lambda&gt;14]" time="0.03941965103149414"><system-err>18:30 DiffusionOperatorP1: Calulate gradients of shape functions transformed by reference map ...
18:30 DiffusionOperatorP1: Calculate all local scalar products beween gradients ...
18:30 DiffusionOperatorP1: Determine global dofs ...
18:30 DiffusionOperatorP1: Boundary treatment ...
18:30 DiffusionOperatorP1: Assemble system matrix ...
18:30 DiffusionOperatorP1: Calulate gradients of shape functions transformed by reference map ...
18:30 DiffusionOperatorP1: Calculate all local scalar products beween gradients ...
18:30 DiffusionOperatorP1: Determine global dofs ...
18:30 DiffusionOperatorP1: Boundary treatment ...
18:30 DiffusionOperatorP1: Assemble system matrix ...
18:30 DiffusionOperatorP1: Calulate gradients of shape functions transformed by reference map ...
18:30 DiffusionOperatorP1: Calculate all local scalar products beween gradients ...
18:30 DiffusionOperatorP1: Determine global dofs ...
18:30 DiffusionOperatorP1: Boundary treatment ...
18:30 DiffusionOperatorP1: Assemble system matrix ...
18:30 DiffusionOperatorP1: Calulate gradients of shape functions transformed by reference map ...
18:30 DiffusionOperatorP1: Calculate all local scalar products beween gradients ...
18:30 DiffusionOperatorP1: Determine global dofs ...
18:30 DiffusionOperatorP1: Boundary treatment ...
18:30 DiffusionOperatorP1: Assemble system matrix ...
18:30 DiffusionOperatorP1: Calulate gradients of shape functions transformed by reference map ...
18:30 DiffusionOperatorP1: Calculate all local scalar products beween gradients ...
18:30 DiffusionOperatorP1: Determine global dofs ...
18:30 DiffusionOperatorP1: Boundary treatment ...
18:30 DiffusionOperatorP1: Assemble system matrix ...
18:30 L2ProductP1: Integrate the products of the shape functions on each element
18:30 L2ProductP1: Determine global dofs ...
18:30 L2ProductP1: Boundary treatment ...
18:30 L2ProductP1: Assemble system matrix ...
18:30 DiffusionOperatorP1: Calulate gradients of shape functions transformed by reference map ...
18:30 DiffusionOperatorP1: Calculate all local scalar products beween gradients ...
18:30 DiffusionOperatorP1: Determine global dofs ...
18:30 DiffusionOperatorP1: Boundary treatment ...
18:30 DiffusionOperatorP1: Assemble system matrix ...
18:30 L2ProductP1: Integrate the products of the shape functions on each element
18:30 L2ProductP1: Determine global dofs ...
18:30 L2ProductP1: Boundary treatment ...
18:30 L2ProductP1: Assemble system matrix ...
18:30 DiffusionOperatorP1: Calulate gradients of shape functions transformed by reference map ...
18:30 DiffusionOperatorP1: Calculate all local scalar products beween gradients ...
18:30 DiffusionOperatorP1: Determine global dofs ...
18:30 DiffusionOperatorP1: Boundary treatment ...
18:30 DiffusionOperatorP1: Assemble system matrix ...
18:30 gram_schmidt: Orthonormalizing vector 1 again
18:30 gram_schmidt: Orthonormalizing vector 2 again
18:30 gram_schmidt: Orthonormalizing vector 3 again
18:30 gram_schmidt: Orthonormalizing vector 4 again
18:30 gram_schmidt: Removing linear dependent vector 5
18:30 gram_schmidt: Orthonormalizing vector 1 again
18:30 gram_schmidt: Orthonormalizing vector 2 again
18:30 gram_schmidt: Orthonormalizing vector 3 again
18:30 gram_schmidt: Orthonormalizing vector 4 again
18:30 gram_schmidt: Removing linear dependent vector 5
</system-err></testcase><testcase classname="src.pymortests.algorithms.gram_schmidt" file="src/pymortests/algorithms/gram_schmidt.py" line="26" name="test_gram_schmidt_with_product[&lt;lambda&gt;15]" time="0.03534698486328125"><system-err>18:30 DiffusionOperatorP1: Calulate gradients of shape functions transformed by reference map ...
18:30 DiffusionOperatorP1: Calculate all local scalar products beween gradients ...
18:30 DiffusionOperatorP1: Determine global dofs ...
18:30 DiffusionOperatorP1: Boundary treatment ...
18:30 DiffusionOperatorP1: Assemble system matrix ...
18:30 DiffusionOperatorP1: Calulate gradients of shape functions transformed by reference map ...
18:30 DiffusionOperatorP1: Calculate all local scalar products beween gradients ...
18:30 DiffusionOperatorP1: Determine global dofs ...
18:30 DiffusionOperatorP1: Boundary treatment ...
18:30 DiffusionOperatorP1: Assemble system matrix ...
18:30 L2ProductP1: Integrate the products of the shape functions on each element
18:30 L2ProductP1: Determine global dofs ...
18:30 L2ProductP1: Boundary treatment ...
18:30 L2ProductP1: Assemble system matrix ...
18:30 DiffusionOperatorP1: Calulate gradients of shape functions transformed by reference map ...
18:30 DiffusionOperatorP1: Calculate all local scalar products beween gradients ...
18:30 DiffusionOperatorP1: Determine global dofs ...
18:30 DiffusionOperatorP1: Boundary treatment ...
18:30 DiffusionOperatorP1: Assemble system matrix ...
18:30 L2ProductP1: Integrate the products of the shape functions on each element
18:30 L2ProductP1: Determine global dofs ...
18:30 L2ProductP1: Boundary treatment ...
18:30 L2ProductP1: Assemble system matrix ...
18:30 DiffusionOperatorP1: Calulate gradients of shape functions transformed by reference map ...
18:30 DiffusionOperatorP1: Calculate all local scalar products beween gradients ...
18:30 DiffusionOperatorP1: Determine global dofs ...
18:30 DiffusionOperatorP1: Boundary treatment ...
18:30 DiffusionOperatorP1: Assemble system matrix ...
18:30 gram_schmidt: Orthonormalizing vector 1 again
18:30 gram_schmidt: Orthonormalizing vector 2 again
18:30 gram_schmidt: Orthonormalizing vector 3 again
18:30 gram_schmidt: Orthonormalizing vector 4 again
18:30 gram_schmidt: Orthonormalizing vector 5 again
18:30 gram_schmidt: Orthonormalizing vector 1 again
18:30 gram_schmidt: Orthonormalizing vector 2 again
18:30 gram_schmidt: Orthonormalizing vector 3 again
18:30 gram_schmidt: Orthonormalizing vector 4 again
18:30 gram_schmidt: Orthonormalizing vector 5 again
</system-err></testcase><testcase classname="src.pymortests.algorithms.gram_schmidt" file="src/pymortests/algorithms/gram_schmidt.py" line="26" name="test_gram_schmidt_with_product[&lt;lambda&gt;16]" time="0.034152984619140625"><system-err>18:30 DiffusionOperatorP1: Calulate gradients of shape functions transformed by reference map ...
18:30 DiffusionOperatorP1: Calculate all local scalar products beween gradients ...
18:30 DiffusionOperatorP1: Determine global dofs ...
18:30 DiffusionOperatorP1: Boundary treatment ...
18:30 DiffusionOperatorP1: Assemble system matrix ...
18:30 DiffusionOperatorP1: Calulate gradients of shape functions transformed by reference map ...
18:30 DiffusionOperatorP1: Calculate all local scalar products beween gradients ...
18:30 DiffusionOperatorP1: Determine global dofs ...
18:30 DiffusionOperatorP1: Boundary treatment ...
18:30 DiffusionOperatorP1: Assemble system matrix ...
18:30 DiffusionOperatorP1: Calulate gradients of shape functions transformed by reference map ...
18:30 DiffusionOperatorP1: Calculate all local scalar products beween gradients ...
18:30 DiffusionOperatorP1: Determine global dofs ...
18:30 DiffusionOperatorP1: Boundary treatment ...
18:30 DiffusionOperatorP1: Assemble system matrix ...
18:30 DiffusionOperatorP1: Calulate gradients of shape functions transformed by reference map ...
18:30 DiffusionOperatorP1: Calculate all local scalar products beween gradients ...
18:30 DiffusionOperatorP1: Determine global dofs ...
18:30 DiffusionOperatorP1: Boundary treatment ...
18:30 DiffusionOperatorP1: Assemble system matrix ...
18:30 DiffusionOperatorP1: Calulate gradients of shape functions transformed by reference map ...
18:30 DiffusionOperatorP1: Calculate all local scalar products beween gradients ...
18:30 DiffusionOperatorP1: Determine global dofs ...
18:30 DiffusionOperatorP1: Boundary treatment ...
18:30 DiffusionOperatorP1: Assemble system matrix ...
18:30 L2ProductP1: Integrate the products of the shape functions on each element
18:30 L2ProductP1: Determine global dofs ...
18:30 L2ProductP1: Boundary treatment ...
18:30 L2ProductP1: Assemble system matrix ...
18:30 DiffusionOperatorP1: Calulate gradients of shape functions transformed by reference map ...
18:30 DiffusionOperatorP1: Calculate all local scalar products beween gradients ...
18:30 DiffusionOperatorP1: Determine global dofs ...
18:30 DiffusionOperatorP1: Boundary treatment ...
18:30 DiffusionOperatorP1: Assemble system matrix ...
18:30 L2ProductP1: Integrate the products of the shape functions on each element
18:30 L2ProductP1: Determine global dofs ...
18:30 L2ProductP1: Boundary treatment ...
18:30 L2ProductP1: Assemble system matrix ...
18:30 DiffusionOperatorP1: Calulate gradients of shape functions transformed by reference map ...
18:30 DiffusionOperatorP1: Calculate all local scalar products beween gradients ...
18:30 DiffusionOperatorP1: Determine global dofs ...
18:30 DiffusionOperatorP1: Boundary treatment ...
18:30 DiffusionOperatorP1: Assemble system matrix ...
18:30 gram_schmidt: Removing linear dependent vector 1
18:30 gram_schmidt: Removing linear dependent vector 2
18:30 gram_schmidt: Removing linear dependent vector 3
18:30 gram_schmidt: Removing linear dependent vector 4
18:30 gram_schmidt: Removing linear dependent vector 5
18:30 gram_schmidt: Removing linear dependent vector 6
18:30 gram_schmidt: Removing linear dependent vector 1
18:30 gram_schmidt: Removing linear dependent vector 2
18:30 gram_schmidt: Removing linear dependent vector 3
18:30 gram_schmidt: Removing linear dependent vector 4
18:30 gram_schmidt: Removing linear dependent vector 5
18:30 gram_schmidt: Removing linear dependent vector 6
</system-err></testcase><testcase classname="src.pymortests.algorithms.gram_schmidt" file="src/pymortests/algorithms/gram_schmidt.py" line="26" name="test_gram_schmidt_with_product[&lt;lambda&gt;17]" time="0.031073331832885742"><system-err>18:30 DiffusionOperatorP1: Calulate gradients of shape functions transformed by reference map ...
18:30 DiffusionOperatorP1: Calculate all local scalar products beween gradients ...
18:30 DiffusionOperatorP1: Determine global dofs ...
18:30 DiffusionOperatorP1: Boundary treatment ...
18:30 DiffusionOperatorP1: Assemble system matrix ...
18:30 DiffusionOperatorP1: Calulate gradients of shape functions transformed by reference map ...
18:30 DiffusionOperatorP1: Calculate all local scalar products beween gradients ...
18:30 DiffusionOperatorP1: Determine global dofs ...
18:30 DiffusionOperatorP1: Boundary treatment ...
18:30 DiffusionOperatorP1: Assemble system matrix ...
18:30 L2ProductP1: Integrate the products of the shape functions on each element
18:30 L2ProductP1: Determine global dofs ...
18:30 L2ProductP1: Boundary treatment ...
18:30 L2ProductP1: Assemble system matrix ...
18:30 DiffusionOperatorP1: Calulate gradients of shape functions transformed by reference map ...
18:30 DiffusionOperatorP1: Calculate all local scalar products beween gradients ...
18:30 DiffusionOperatorP1: Determine global dofs ...
18:30 DiffusionOperatorP1: Boundary treatment ...
18:30 DiffusionOperatorP1: Assemble system matrix ...
18:30 L2ProductP1: Integrate the products of the shape functions on each element
18:30 L2ProductP1: Determine global dofs ...
18:30 L2ProductP1: Boundary treatment ...
18:30 L2ProductP1: Assemble system matrix ...
18:30 DiffusionOperatorP1: Calulate gradients of shape functions transformed by reference map ...
18:30 DiffusionOperatorP1: Calculate all local scalar products beween gradients ...
18:30 DiffusionOperatorP1: Determine global dofs ...
18:30 DiffusionOperatorP1: Boundary treatment ...
18:30 DiffusionOperatorP1: Assemble system matrix ...
18:30 gram_schmidt: Removing linear dependent vector 1
18:30 gram_schmidt: Removing linear dependent vector 2
18:30 gram_schmidt: Removing linear dependent vector 3
18:30 gram_schmidt: Removing linear dependent vector 4
18:30 gram_schmidt: Removing linear dependent vector 5
18:30 gram_schmidt: Removing linear dependent vector 6
18:30 gram_schmidt: Removing linear dependent vector 1
18:30 gram_schmidt: Removing linear dependent vector 2
18:30 gram_schmidt: Removing linear dependent vector 3
18:30 gram_schmidt: Removing linear dependent vector 4
18:30 gram_schmidt: Removing linear dependent vector 5
18:30 gram_schmidt: Removing linear dependent vector 6
</system-err></testcase><testcase classname="src.pymortests.algorithms.gram_schmidt" file="src/pymortests/algorithms/gram_schmidt.py" line="26" name="test_gram_schmidt_with_product[&lt;lambda&gt;18]" time="0.03887057304382324"><system-err>18:30 DiffusionOperatorP1: Calulate gradients of shape functions transformed by reference map ...
18:30 DiffusionOperatorP1: Calculate all local scalar products beween gradients ...
18:30 DiffusionOperatorP1: Determine global dofs ...
18:30 DiffusionOperatorP1: Boundary treatment ...
18:30 DiffusionOperatorP1: Assemble system matrix ...
18:30 DiffusionOperatorP1: Calulate gradients of shape functions transformed by reference map ...
18:30 DiffusionOperatorP1: Calculate all local scalar products beween gradients ...
18:30 DiffusionOperatorP1: Determine global dofs ...
18:30 DiffusionOperatorP1: Boundary treatment ...
18:30 DiffusionOperatorP1: Assemble system matrix ...
18:30 DiffusionOperatorP1: Calulate gradients of shape functions transformed by reference map ...
18:30 DiffusionOperatorP1: Calculate all local scalar products beween gradients ...
18:30 DiffusionOperatorP1: Determine global dofs ...
18:30 DiffusionOperatorP1: Boundary treatment ...
18:30 DiffusionOperatorP1: Assemble system matrix ...
18:30 DiffusionOperatorP1: Calulate gradients of shape functions transformed by reference map ...
18:30 DiffusionOperatorP1: Calculate all local scalar products beween gradients ...
18:30 DiffusionOperatorP1: Determine global dofs ...
18:30 DiffusionOperatorP1: Boundary treatment ...
18:30 DiffusionOperatorP1: Assemble system matrix ...
18:30 DiffusionOperatorP1: Calulate gradients of shape functions transformed by reference map ...
18:30 DiffusionOperatorP1: Calculate all local scalar products beween gradients ...
18:30 DiffusionOperatorP1: Determine global dofs ...
18:30 DiffusionOperatorP1: Boundary treatment ...
18:30 DiffusionOperatorP1: Assemble system matrix ...
18:30 L2ProductP1: Integrate the products of the shape functions on each element
18:30 L2ProductP1: Determine global dofs ...
18:30 L2ProductP1: Boundary treatment ...
18:30 L2ProductP1: Assemble system matrix ...
18:30 DiffusionOperatorP1: Calulate gradients of shape functions transformed by reference map ...
18:30 DiffusionOperatorP1: Calculate all local scalar products beween gradients ...
18:30 DiffusionOperatorP1: Determine global dofs ...
18:30 DiffusionOperatorP1: Boundary treatment ...
18:30 DiffusionOperatorP1: Assemble system matrix ...
18:30 L2ProductP1: Integrate the products of the shape functions on each element
18:30 L2ProductP1: Determine global dofs ...
18:30 L2ProductP1: Boundary treatment ...
18:30 L2ProductP1: Assemble system matrix ...
18:30 DiffusionOperatorP1: Calulate gradients of shape functions transformed by reference map ...
18:30 DiffusionOperatorP1: Calculate all local scalar products beween gradients ...
18:30 DiffusionOperatorP1: Determine global dofs ...
18:30 DiffusionOperatorP1: Boundary treatment ...
18:30 DiffusionOperatorP1: Assemble system matrix ...
18:30 gram_schmidt: Orthonormalizing vector 1 again
18:30 gram_schmidt: Orthonormalizing vector 2 again
18:30 gram_schmidt: Orthonormalizing vector 3 again
18:30 gram_schmidt: Orthonormalizing vector 4 again
18:30 gram_schmidt: Removing linear dependent vector 5
18:30 gram_schmidt: Orthonormalizing vector 1 again
18:30 gram_schmidt: Orthonormalizing vector 2 again
18:30 gram_schmidt: Orthonormalizing vector 3 again
18:30 gram_schmidt: Orthonormalizing vector 4 again
18:30 gram_schmidt: Removing linear dependent vector 5
</system-err></testcase><testcase classname="src.pymortests.algorithms.gram_schmidt" file="src/pymortests/algorithms/gram_schmidt.py" line="26" name="test_gram_schmidt_with_product[&lt;lambda&gt;19]" time="0.03688454627990723"><system-err>18:30 DiffusionOperatorP1: Calulate gradients of shape functions transformed by reference map ...
18:30 DiffusionOperatorP1: Calculate all local scalar products beween gradients ...
18:30 DiffusionOperatorP1: Determine global dofs ...
18:30 DiffusionOperatorP1: Boundary treatment ...
18:30 DiffusionOperatorP1: Assemble system matrix ...
18:30 DiffusionOperatorP1: Calulate gradients of shape functions transformed by reference map ...
18:30 DiffusionOperatorP1: Calculate all local scalar products beween gradients ...
18:30 DiffusionOperatorP1: Determine global dofs ...
18:30 DiffusionOperatorP1: Boundary treatment ...
18:30 DiffusionOperatorP1: Assemble system matrix ...
18:30 L2ProductP1: Integrate the products of the shape functions on each element
18:30 L2ProductP1: Determine global dofs ...
18:30 L2ProductP1: Boundary treatment ...
18:30 L2ProductP1: Assemble system matrix ...
18:30 DiffusionOperatorP1: Calulate gradients of shape functions transformed by reference map ...
18:30 DiffusionOperatorP1: Calculate all local scalar products beween gradients ...
18:30 DiffusionOperatorP1: Determine global dofs ...
18:30 DiffusionOperatorP1: Boundary treatment ...
18:30 DiffusionOperatorP1: Assemble system matrix ...
18:30 L2ProductP1: Integrate the products of the shape functions on each element
18:30 L2ProductP1: Determine global dofs ...
18:30 L2ProductP1: Boundary treatment ...
18:30 L2ProductP1: Assemble system matrix ...
18:30 DiffusionOperatorP1: Calulate gradients of shape functions transformed by reference map ...
18:30 DiffusionOperatorP1: Calculate all local scalar products beween gradients ...
18:30 DiffusionOperatorP1: Determine global dofs ...
18:30 DiffusionOperatorP1: Boundary treatment ...
18:30 DiffusionOperatorP1: Assemble system matrix ...
18:30 gram_schmidt: Orthonormalizing vector 1 again
18:30 gram_schmidt: Orthonormalizing vector 2 again
18:30 gram_schmidt: Orthonormalizing vector 3 again
18:30 gram_schmidt: Orthonormalizing vector 4 again
18:30 gram_schmidt: Orthonormalizing vector 5 again
18:30 gram_schmidt: Orthonormalizing vector 1 again
18:30 gram_schmidt: Orthonormalizing vector 2 again
18:30 gram_schmidt: Orthonormalizing vector 3 again
18:30 gram_schmidt: Orthonormalizing vector 4 again
18:30 gram_schmidt: Orthonormalizing vector 5 again
</system-err></testcase><testcase classname="src.pymortests.algorithms.gram_schmidt" file="src/pymortests/algorithms/gram_schmidt.py" line="26" name="test_gram_schmidt_with_product[&lt;lambda&gt;20]" time="0.03920936584472656"><system-err>18:30 DiffusionOperatorP1: Calulate gradients of shape functions transformed by reference map ...
18:30 DiffusionOperatorP1: Calculate all local scalar products beween gradients ...
18:30 DiffusionOperatorP1: Determine global dofs ...
18:30 DiffusionOperatorP1: Boundary treatment ...
18:30 DiffusionOperatorP1: Assemble system matrix ...
18:30 DiffusionOperatorP1: Calulate gradients of shape functions transformed by reference map ...
18:30 DiffusionOperatorP1: Calculate all local scalar products beween gradients ...
18:30 DiffusionOperatorP1: Determine global dofs ...
18:30 DiffusionOperatorP1: Boundary treatment ...
18:30 DiffusionOperatorP1: Assemble system matrix ...
18:30 DiffusionOperatorP1: Calulate gradients of shape functions transformed by reference map ...
18:30 DiffusionOperatorP1: Calculate all local scalar products beween gradients ...
18:30 DiffusionOperatorP1: Determine global dofs ...
18:30 DiffusionOperatorP1: Boundary treatment ...
18:30 DiffusionOperatorP1: Assemble system matrix ...
18:30 DiffusionOperatorP1: Calulate gradients of shape functions transformed by reference map ...
18:30 DiffusionOperatorP1: Calculate all local scalar products beween gradients ...
18:30 DiffusionOperatorP1: Determine global dofs ...
18:30 DiffusionOperatorP1: Boundary treatment ...
18:30 DiffusionOperatorP1: Assemble system matrix ...
18:30 DiffusionOperatorP1: Calulate gradients of shape functions transformed by reference map ...
18:30 DiffusionOperatorP1: Calculate all local scalar products beween gradients ...
18:30 DiffusionOperatorP1: Determine global dofs ...
18:30 DiffusionOperatorP1: Boundary treatment ...
18:30 DiffusionOperatorP1: Assemble system matrix ...
18:30 L2ProductP1: Integrate the products of the shape functions on each element
18:30 L2ProductP1: Determine global dofs ...
18:30 L2ProductP1: Boundary treatment ...
18:30 L2ProductP1: Assemble system matrix ...
18:30 DiffusionOperatorP1: Calulate gradients of shape functions transformed by reference map ...
18:30 DiffusionOperatorP1: Calculate all local scalar products beween gradients ...
18:30 DiffusionOperatorP1: Determine global dofs ...
18:30 DiffusionOperatorP1: Boundary treatment ...
18:30 DiffusionOperatorP1: Assemble system matrix ...
18:30 L2ProductP1: Integrate the products of the shape functions on each element
18:30 L2ProductP1: Determine global dofs ...
18:30 L2ProductP1: Boundary treatment ...
18:30 L2ProductP1: Assemble system matrix ...
18:30 DiffusionOperatorP1: Calulate gradients of shape functions transformed by reference map ...
18:30 DiffusionOperatorP1: Calculate all local scalar products beween gradients ...
18:30 DiffusionOperatorP1: Determine global dofs ...
18:30 DiffusionOperatorP1: Boundary treatment ...
18:30 DiffusionOperatorP1: Assemble system matrix ...
18:30 gram_schmidt: Orthonormalizing vector 1 again
18:30 gram_schmidt: Orthonormalizing vector 2 again
18:30 gram_schmidt: Orthonormalizing vector 3 again
18:30 gram_schmidt: Orthonormalizing vector 4 again
18:30 gram_schmidt: Removing linear dependent vector 5
18:30 gram_schmidt: Orthonormalizing vector 1 again
18:30 gram_schmidt: Orthonormalizing vector 2 again
18:30 gram_schmidt: Orthonormalizing vector 3 again
18:30 gram_schmidt: Orthonormalizing vector 4 again
18:30 gram_schmidt: Removing linear dependent vector 5
</system-err></testcase><testcase classname="src.pymortests.algorithms.gram_schmidt" file="src/pymortests/algorithms/gram_schmidt.py" line="26" name="test_gram_schmidt_with_product[&lt;lambda&gt;21]" time="0.0360410213470459"><system-err>18:30 DiffusionOperatorP1: Calulate gradients of shape functions transformed by reference map ...
18:30 DiffusionOperatorP1: Calculate all local scalar products beween gradients ...
18:30 DiffusionOperatorP1: Determine global dofs ...
18:30 DiffusionOperatorP1: Boundary treatment ...
18:30 DiffusionOperatorP1: Assemble system matrix ...
18:30 DiffusionOperatorP1: Calulate gradients of shape functions transformed by reference map ...
18:30 DiffusionOperatorP1: Calculate all local scalar products beween gradients ...
18:30 DiffusionOperatorP1: Determine global dofs ...
18:30 DiffusionOperatorP1: Boundary treatment ...
18:30 DiffusionOperatorP1: Assemble system matrix ...
18:30 L2ProductP1: Integrate the products of the shape functions on each element
18:30 L2ProductP1: Determine global dofs ...
18:30 L2ProductP1: Boundary treatment ...
18:30 L2ProductP1: Assemble system matrix ...
18:30 DiffusionOperatorP1: Calulate gradients of shape functions transformed by reference map ...
18:30 DiffusionOperatorP1: Calculate all local scalar products beween gradients ...
18:30 DiffusionOperatorP1: Determine global dofs ...
18:30 DiffusionOperatorP1: Boundary treatment ...
18:30 DiffusionOperatorP1: Assemble system matrix ...
18:30 L2ProductP1: Integrate the products of the shape functions on each element
18:30 L2ProductP1: Determine global dofs ...
18:30 L2ProductP1: Boundary treatment ...
18:30 L2ProductP1: Assemble system matrix ...
18:30 DiffusionOperatorP1: Calulate gradients of shape functions transformed by reference map ...
18:30 DiffusionOperatorP1: Calculate all local scalar products beween gradients ...
18:30 DiffusionOperatorP1: Determine global dofs ...
18:30 DiffusionOperatorP1: Boundary treatment ...
18:30 DiffusionOperatorP1: Assemble system matrix ...
18:30 gram_schmidt: Orthonormalizing vector 1 again
18:30 gram_schmidt: Orthonormalizing vector 2 again
18:30 gram_schmidt: Orthonormalizing vector 3 again
18:30 gram_schmidt: Orthonormalizing vector 4 again
18:30 gram_schmidt: Orthonormalizing vector 5 again
18:30 gram_schmidt: Orthonormalizing vector 1 again
18:30 gram_schmidt: Orthonormalizing vector 2 again
18:30 gram_schmidt: Orthonormalizing vector 3 again
18:30 gram_schmidt: Orthonormalizing vector 4 again
18:30 gram_schmidt: Orthonormalizing vector 5 again
</system-err></testcase><testcase classname="src.pymortests.algorithms.gram_schmidt" file="src/pymortests/algorithms/gram_schmidt.py" line="26" name="test_gram_schmidt_with_product[&lt;lambda&gt;22]" time="0.03562283515930176"><system-err>18:30 DiffusionOperatorP1: Calulate gradients of shape functions transformed by reference map ...
18:30 DiffusionOperatorP1: Calculate all local scalar products beween gradients ...
18:30 DiffusionOperatorP1: Determine global dofs ...
18:30 DiffusionOperatorP1: Boundary treatment ...
18:30 DiffusionOperatorP1: Assemble system matrix ...
18:30 DiffusionOperatorP1: Calulate gradients of shape functions transformed by reference map ...
18:30 DiffusionOperatorP1: Calculate all local scalar products beween gradients ...
18:30 DiffusionOperatorP1: Determine global dofs ...
18:30 DiffusionOperatorP1: Boundary treatment ...
18:30 DiffusionOperatorP1: Assemble system matrix ...
18:30 DiffusionOperatorP1: Calulate gradients of shape functions transformed by reference map ...
18:30 DiffusionOperatorP1: Calculate all local scalar products beween gradients ...
18:30 DiffusionOperatorP1: Determine global dofs ...
18:30 DiffusionOperatorP1: Boundary treatment ...
18:30 DiffusionOperatorP1: Assemble system matrix ...
18:30 DiffusionOperatorP1: Calulate gradients of shape functions transformed by reference map ...
18:30 DiffusionOperatorP1: Calculate all local scalar products beween gradients ...
18:30 DiffusionOperatorP1: Determine global dofs ...
18:30 DiffusionOperatorP1: Boundary treatment ...
18:30 DiffusionOperatorP1: Assemble system matrix ...
18:30 DiffusionOperatorP1: Calulate gradients of shape functions transformed by reference map ...
18:30 DiffusionOperatorP1: Calculate all local scalar products beween gradients ...
18:30 DiffusionOperatorP1: Determine global dofs ...
18:30 DiffusionOperatorP1: Boundary treatment ...
18:30 DiffusionOperatorP1: Assemble system matrix ...
18:30 L2ProductP1: Integrate the products of the shape functions on each element
18:30 L2ProductP1: Determine global dofs ...
18:30 L2ProductP1: Boundary treatment ...
18:30 L2ProductP1: Assemble system matrix ...
18:30 DiffusionOperatorP1: Calulate gradients of shape functions transformed by reference map ...
18:30 DiffusionOperatorP1: Calculate all local scalar products beween gradients ...
18:30 DiffusionOperatorP1: Determine global dofs ...
18:30 DiffusionOperatorP1: Boundary treatment ...
18:30 DiffusionOperatorP1: Assemble system matrix ...
18:30 L2ProductP1: Integrate the products of the shape functions on each element
18:30 L2ProductP1: Determine global dofs ...
18:30 L2ProductP1: Boundary treatment ...
18:30 L2ProductP1: Assemble system matrix ...
18:30 DiffusionOperatorP1: Calulate gradients of shape functions transformed by reference map ...
18:30 DiffusionOperatorP1: Calculate all local scalar products beween gradients ...
18:30 DiffusionOperatorP1: Determine global dofs ...
18:30 DiffusionOperatorP1: Boundary treatment ...
18:30 DiffusionOperatorP1: Assemble system matrix ...
18:30 gram_schmidt: Orthonormalizing vector 3 again
18:30 gram_schmidt: Orthonormalizing vector 4 again
18:30 gram_schmidt: Orthonormalizing vector 3 again
18:30 gram_schmidt: Orthonormalizing vector 4 again
</system-err></testcase><testcase classname="src.pymortests.algorithms.gram_schmidt" file="src/pymortests/algorithms/gram_schmidt.py" line="26" name="test_gram_schmidt_with_product[&lt;lambda&gt;23]" time="0.03378868103027344"><system-err>18:30 DiffusionOperatorP1: Calulate gradients of shape functions transformed by reference map ...
18:30 DiffusionOperatorP1: Calculate all local scalar products beween gradients ...
18:30 DiffusionOperatorP1: Determine global dofs ...
18:30 DiffusionOperatorP1: Boundary treatment ...
18:30 DiffusionOperatorP1: Assemble system matrix ...
18:30 DiffusionOperatorP1: Calulate gradients of shape functions transformed by reference map ...
18:30 DiffusionOperatorP1: Calculate all local scalar products beween gradients ...
18:30 DiffusionOperatorP1: Determine global dofs ...
18:30 DiffusionOperatorP1: Boundary treatment ...
18:30 DiffusionOperatorP1: Assemble system matrix ...
18:30 L2ProductP1: Integrate the products of the shape functions on each element
18:30 L2ProductP1: Determine global dofs ...
18:30 L2ProductP1: Boundary treatment ...
18:30 L2ProductP1: Assemble system matrix ...
18:30 DiffusionOperatorP1: Calulate gradients of shape functions transformed by reference map ...
18:30 DiffusionOperatorP1: Calculate all local scalar products beween gradients ...
18:30 DiffusionOperatorP1: Determine global dofs ...
18:30 DiffusionOperatorP1: Boundary treatment ...
18:30 DiffusionOperatorP1: Assemble system matrix ...
18:30 L2ProductP1: Integrate the products of the shape functions on each element
18:30 L2ProductP1: Determine global dofs ...
18:30 L2ProductP1: Boundary treatment ...
18:30 L2ProductP1: Assemble system matrix ...
18:30 DiffusionOperatorP1: Calulate gradients of shape functions transformed by reference map ...
18:30 DiffusionOperatorP1: Calculate all local scalar products beween gradients ...
18:30 DiffusionOperatorP1: Determine global dofs ...
18:30 DiffusionOperatorP1: Boundary treatment ...
18:30 DiffusionOperatorP1: Assemble system matrix ...
18:30 gram_schmidt: Orthonormalizing vector 1 again
18:30 gram_schmidt: Orthonormalizing vector 2 again
18:30 gram_schmidt: Orthonormalizing vector 3 again
18:30 gram_schmidt: Orthonormalizing vector 4 again
18:30 gram_schmidt: Orthonormalizing vector 1 again
18:30 gram_schmidt: Orthonormalizing vector 2 again
18:30 gram_schmidt: Orthonormalizing vector 3 again
18:30 gram_schmidt: Orthonormalizing vector 4 again
</system-err></testcase><testcase classname="src.pymortests.algorithms.gram_schmidt" file="src/pymortests/algorithms/gram_schmidt.py" line="26" name="test_gram_schmidt_with_product[&lt;lambda&gt;24]" time="0.009723663330078125"><system-err>18:30 gram_schmidt: Orthonormalizing vector 1 again
18:30 gram_schmidt: Orthonormalizing vector 2 again
18:30 gram_schmidt: Orthonormalizing vector 3 again
18:30 gram_schmidt: Orthonormalizing vector 1 again
18:30 gram_schmidt: Orthonormalizing vector 2 again
18:30 gram_schmidt: Orthonormalizing vector 3 again
</system-err></testcase><testcase classname="src.pymortests.algorithms.gram_schmidt" file="src/pymortests/algorithms/gram_schmidt.py" line="26" name="test_gram_schmidt_with_product[&lt;lambda&gt;25]" time="0.008350133895874023"><system-err>18:30 gram_schmidt: Orthonormalizing vector 1 again
18:30 gram_schmidt: Orthonormalizing vector 2 again
18:30 gram_schmidt: Orthonormalizing vector 3 again
18:30 gram_schmidt: Orthonormalizing vector 1 again
18:30 gram_schmidt: Orthonormalizing vector 2 again
18:30 gram_schmidt: Orthonormalizing vector 3 again
</system-err></testcase><testcase classname="src.pymortests.algorithms.gram_schmidt" file="src/pymortests/algorithms/gram_schmidt.py" line="26" name="test_gram_schmidt_with_product[&lt;lambda&gt;26]" time="0.008640050888061523"><system-err>18:30 gram_schmidt: Orthonormalizing vector 1 again
18:30 gram_schmidt: Orthonormalizing vector 2 again
18:30 gram_schmidt: Orthonormalizing vector 3 again
18:30 gram_schmidt: Orthonormalizing vector 1 again
18:30 gram_schmidt: Orthonormalizing vector 2 again
18:30 gram_schmidt: Orthonormalizing vector 3 again
</system-err></testcase><testcase classname="src.pymortests.algorithms.gram_schmidt" file="src/pymortests/algorithms/gram_schmidt.py" line="26" name="test_gram_schmidt_with_product[&lt;lambda&gt;27]" time="0.005403280258178711"></testcase><testcase classname="src.pymortests.algorithms.gram_schmidt" file="src/pymortests/algorithms/gram_schmidt.py" line="26" name="test_gram_schmidt_with_product[&lt;lambda&gt;28]" time="0.006706714630126953"><system-err>18:30 gram_schmidt: Orthonormalizing vector 1 again
18:30 gram_schmidt: Orthonormalizing vector 2 again
18:30 gram_schmidt: Orthonormalizing vector 1 again
18:30 gram_schmidt: Orthonormalizing vector 2 again
</system-err></testcase><testcase classname="src.pymortests.algorithms.gram_schmidt" file="src/pymortests/algorithms/gram_schmidt.py" line="26" name="test_gram_schmidt_with_product[&lt;lambda&gt;29]" time="0.006115436553955078"><system-err>18:30 gram_schmidt: Orthonormalizing vector 1 again
18:30 gram_schmidt: Orthonormalizing vector 2 again
18:30 gram_schmidt: Orthonormalizing vector 1 again
18:30 gram_schmidt: Orthonormalizing vector 2 again
</system-err></testcase><testcase classname="src.pymortests.algorithms.gram_schmidt" file="src/pymortests/algorithms/gram_schmidt.py" line="26" name="test_gram_schmidt_with_product[&lt;lambda&gt;30]" time="0.005915164947509766"><system-err>18:30 gram_schmidt: Orthonormalizing vector 1 again
18:30 gram_schmidt: Orthonormalizing vector 2 again
18:30 gram_schmidt: Orthonormalizing vector 1 again
18:30 gram_schmidt: Orthonormalizing vector 2 again
</system-err></testcase><testcase classname="src.pymortests.algorithms.gram_schmidt" file="src/pymortests/algorithms/gram_schmidt.py" line="26" name="test_gram_schmidt_with_product[&lt;lambda&gt;31]" time="0.005837440490722656"><system-err>18:30 gram_schmidt: Orthonormalizing vector 1 again
18:30 gram_schmidt: Orthonormalizing vector 2 again
18:30 gram_schmidt: Orthonormalizing vector 1 again
18:30 gram_schmidt: Orthonormalizing vector 2 again
</system-err></testcase><testcase classname="src.pymortests.algorithms.gram_schmidt" file="src/pymortests/algorithms/gram_schmidt.py" line="26" name="test_gram_schmidt_with_product[&lt;lambda&gt;32]" time="0.020059823989868164"><system-err>18:30 gram_schmidt: Orthonormalizing vector 3 again
18:30 gram_schmidt: Orthonormalizing vector 3 again
</system-err></testcase><testcase classname="src.pymortests.algorithms.gram_schmidt" file="src/pymortests/algorithms/gram_schmidt.py" line="26" name="test_gram_schmidt_with_product[&lt;lambda&gt;33]" time="0.017381906509399414"><system-err>18:30 gram_schmidt: Orthonormalizing vector 3 again
18:30 gram_schmidt: Orthonormalizing vector 3 again
</system-err></testcase><testcase classname="src.pymortests.algorithms.gram_schmidt" file="src/pymortests/algorithms/gram_schmidt.py" line="26" name="test_gram_schmidt_with_product[&lt;lambda&gt;34]" time="0.010227680206298828"><system-err>18:30 gram_schmidt: Orthonormalizing vector 1 again
18:30 gram_schmidt: Orthonormalizing vector 2 again
18:30 gram_schmidt: Orthonormalizing vector 3 again
18:30 gram_schmidt: Orthonormalizing vector 1 again
18:30 gram_schmidt: Orthonormalizing vector 2 again
18:30 gram_schmidt: Orthonormalizing vector 3 again
</system-err></testcase><testcase classname="src.pymortests.algorithms.gram_schmidt" file="src/pymortests/algorithms/gram_schmidt.py" line="26" name="test_gram_schmidt_with_product[&lt;lambda&gt;35]" time="0.01740407943725586"><system-err>18:30 gram_schmidt: Orthonormalizing vector 2 again
18:30 gram_schmidt: Orthonormalizing vector 3 again
18:30 gram_schmidt: Orthonormalizing vector 2 again
18:30 gram_schmidt: Orthonormalizing vector 3 again
</system-err></testcase><testcase classname="src.pymortests.algorithms.gram_schmidt" file="src/pymortests/algorithms/gram_schmidt.py" line="26" name="test_gram_schmidt_with_product[&lt;lambda&gt;36]" time="0.009681224822998047"><system-err>18:31 gram_schmidt: Orthonormalizing vector 1 again
18:31 gram_schmidt: Orthonormalizing vector 2 again
18:31 gram_schmidt: Orthonormalizing vector 3 again
18:31 gram_schmidt: Orthonormalizing vector 1 again
18:31 gram_schmidt: Orthonormalizing vector 2 again
18:31 gram_schmidt: Orthonormalizing vector 3 again
</system-err></testcase><testcase classname="src.pymortests.algorithms.gram_schmidt" file="src/pymortests/algorithms/gram_schmidt.py" line="40" name="test_gram_schmidt_biorth[0-&lt;lambda&gt;0]" time="0.0016143321990966797"></testcase><testcase classname="src.pymortests.algorithms.gram_schmidt" file="src/pymortests/algorithms/gram_schmidt.py" line="40" name="test_gram_schmidt_biorth[0-&lt;lambda&gt;1]" time="0.0013856887817382812"></testcase><testcase classname="src.pymortests.algorithms.gram_schmidt" file="src/pymortests/algorithms/gram_schmidt.py" line="40" name="test_gram_schmidt_biorth[0-&lt;lambda&gt;2]" time="0.0010981559753417969"></testcase><testcase classname="src.pymortests.algorithms.gram_schmidt" file="src/pymortests/algorithms/gram_schmidt.py" line="40" name="test_gram_schmidt_biorth[0-&lt;lambda&gt;3]" time="0.051367998123168945"></testcase><testcase classname="src.pymortests.algorithms.gram_schmidt" file="src/pymortests/algorithms/gram_schmidt.py" line="40" name="test_gram_schmidt_biorth[0-&lt;lambda&gt;4]" time="0.001735687255859375"></testcase><testcase classname="src.pymortests.algorithms.gram_schmidt" file="src/pymortests/algorithms/gram_schmidt.py" line="40" name="test_gram_schmidt_biorth[0-&lt;lambda&gt;5]" time="0.0012743473052978516"></testcase><testcase classname="src.pymortests.algorithms.gram_schmidt" file="src/pymortests/algorithms/gram_schmidt.py" line="40" name="test_gram_schmidt_biorth[0-&lt;lambda&gt;6]" time="0.0011720657348632812"></testcase><testcase classname="src.pymortests.algorithms.gram_schmidt" file="src/pymortests/algorithms/gram_schmidt.py" line="40" name="test_gram_schmidt_biorth[0-&lt;lambda&gt;7]" time="0.001386404037475586"></testcase><testcase classname="src.pymortests.algorithms.gram_schmidt" file="src/pymortests/algorithms/gram_schmidt.py" line="40" name="test_gram_schmidt_biorth[0-&lt;lambda&gt;8]" time="0.10305571556091309"></testcase><testcase classname="src.pymortests.algorithms.gram_schmidt" file="src/pymortests/algorithms/gram_schmidt.py" line="40" name="test_gram_schmidt_biorth[0-&lt;lambda&gt;9]" time="0.0023000240325927734"></testcase><testcase classname="src.pymortests.algorithms.gram_schmidt" file="src/pymortests/algorithms/gram_schmidt.py" line="40" name="test_gram_schmidt_biorth[0-&lt;lambda&gt;10]" time="0.0014557838439941406"></testcase><testcase classname="src.pymortests.algorithms.gram_schmidt" file="src/pymortests/algorithms/gram_schmidt.py" line="40" name="test_gram_schmidt_biorth[0-&lt;lambda&gt;11]" time="0.0058612823486328125"></testcase><testcase classname="src.pymortests.algorithms.gram_schmidt" file="src/pymortests/algorithms/gram_schmidt.py" line="40" name="test_gram_schmidt_biorth[0-&lt;lambda&gt;12]" time="0.0012722015380859375"></testcase><testcase classname="src.pymortests.algorithms.gram_schmidt" file="src/pymortests/algorithms/gram_schmidt.py" line="40" name="test_gram_schmidt_biorth[0-&lt;lambda&gt;13]" time="0.0011696815490722656"></testcase><testcase classname="src.pymortests.algorithms.gram_schmidt" file="src/pymortests/algorithms/gram_schmidt.py" line="40" name="test_gram_schmidt_biorth[0-&lt;lambda&gt;14]" time="0.004743099212646484"></testcase><testcase classname="src.pymortests.algorithms.gram_schmidt" file="src/pymortests/algorithms/gram_schmidt.py" line="40" name="test_gram_schmidt_biorth[0-&lt;lambda&gt;15]" time="0.19423770904541016"></testcase><testcase classname="src.pymortests.algorithms.gram_schmidt" file="src/pymortests/algorithms/gram_schmidt.py" line="40" name="test_gram_schmidt_biorth[0-&lt;lambda&gt;16]" time="0.008223295211791992"></testcase><testcase classname="src.pymortests.algorithms.gram_schmidt" file="src/pymortests/algorithms/gram_schmidt.py" line="40" name="test_gram_schmidt_biorth[0-&lt;lambda&gt;17]" time="0.0021657943725585938"></testcase><testcase classname="src.pymortests.algorithms.gram_schmidt" file="src/pymortests/algorithms/gram_schmidt.py" line="40" name="test_gram_schmidt_biorth[0-&lt;lambda&gt;18]" time="0.0019409656524658203"></testcase><testcase classname="src.pymortests.algorithms.gram_schmidt" file="src/pymortests/algorithms/gram_schmidt.py" line="40" name="test_gram_schmidt_biorth[0-&lt;lambda&gt;19]" time="0.0032067298889160156"></testcase><testcase classname="src.pymortests.algorithms.gram_schmidt" file="src/pymortests/algorithms/gram_schmidt.py" line="40" name="test_gram_schmidt_biorth[0-&lt;lambda&gt;20]" time="0.14523983001708984"></testcase><testcase classname="src.pymortests.algorithms.gram_schmidt" file="src/pymortests/algorithms/gram_schmidt.py" line="40" name="test_gram_schmidt_biorth[0-&lt;lambda&gt;21]" time="0.7152645587921143"></testcase><testcase classname="src.pymortests.algorithms.gram_schmidt" file="src/pymortests/algorithms/gram_schmidt.py" line="40" name="test_gram_schmidt_biorth[0-&lt;lambda&gt;22]" time="0.0018210411071777344"></testcase><testcase classname="src.pymortests.algorithms.gram_schmidt" file="src/pymortests/algorithms/gram_schmidt.py" line="40" name="test_gram_schmidt_biorth[0-&lt;lambda&gt;23]" time="0.0012974739074707031"></testcase><testcase classname="src.pymortests.algorithms.gram_schmidt" file="src/pymortests/algorithms/gram_schmidt.py" line="40" name="test_gram_schmidt_biorth[0-&lt;lambda&gt;24]" time="0.002201080322265625"></testcase><testcase classname="src.pymortests.algorithms.gram_schmidt" file="src/pymortests/algorithms/gram_schmidt.py" line="40" name="test_gram_schmidt_biorth[0-&lt;lambda&gt;25]" time="0.29462766647338867"></testcase><testcase classname="src.pymortests.algorithms.gram_schmidt" file="src/pymortests/algorithms/gram_schmidt.py" line="40" name="test_gram_schmidt_biorth[0-&lt;lambda&gt;26]" time="0.0534970760345459"></testcase><testcase classname="src.pymortests.algorithms.gram_schmidt" file="src/pymortests/algorithms/gram_schmidt.py" line="40" name="test_gram_schmidt_biorth[1-&lt;lambda&gt;0]" time="0.0017712116241455078"></testcase><testcase classname="src.pymortests.algorithms.gram_schmidt" file="src/pymortests/algorithms/gram_schmidt.py" line="40" name="test_gram_schmidt_biorth[1-&lt;lambda&gt;1]" time="0.0012583732604980469"></testcase><testcase classname="src.pymortests.algorithms.gram_schmidt" file="src/pymortests/algorithms/gram_schmidt.py" line="40" name="test_gram_schmidt_biorth[1-&lt;lambda&gt;2]" time="0.0011658668518066406"></testcase><testcase classname="src.pymortests.algorithms.gram_schmidt" file="src/pymortests/algorithms/gram_schmidt.py" line="40" name="test_gram_schmidt_biorth[1-&lt;lambda&gt;3]" time="0.05228734016418457"></testcase><testcase classname="src.pymortests.algorithms.gram_schmidt" file="src/pymortests/algorithms/gram_schmidt.py" line="40" name="test_gram_schmidt_biorth[1-&lt;lambda&gt;4]" time="0.0017232894897460938"></testcase><testcase classname="src.pymortests.algorithms.gram_schmidt" file="src/pymortests/algorithms/gram_schmidt.py" line="40" name="test_gram_schmidt_biorth[1-&lt;lambda&gt;5]" time="0.001302957534790039"></testcase><testcase classname="src.pymortests.algorithms.gram_schmidt" file="src/pymortests/algorithms/gram_schmidt.py" line="40" name="test_gram_schmidt_biorth[1-&lt;lambda&gt;6]" time="0.0011951923370361328"></testcase><testcase classname="src.pymortests.algorithms.gram_schmidt" file="src/pymortests/algorithms/gram_schmidt.py" line="40" name="test_gram_schmidt_biorth[1-&lt;lambda&gt;7]" time="0.0011577606201171875"></testcase><testcase classname="src.pymortests.algorithms.gram_schmidt" file="src/pymortests/algorithms/gram_schmidt.py" line="40" name="test_gram_schmidt_biorth[1-&lt;lambda&gt;8]" time="0.10192704200744629"></testcase><testcase classname="src.pymortests.algorithms.gram_schmidt" file="src/pymortests/algorithms/gram_schmidt.py" line="40" name="test_gram_schmidt_biorth[1-&lt;lambda&gt;9]" time="0.0027036666870117188"></testcase><testcase classname="src.pymortests.algorithms.gram_schmidt" file="src/pymortests/algorithms/gram_schmidt.py" line="40" name="test_gram_schmidt_biorth[1-&lt;lambda&gt;10]" time="0.0014095306396484375"></testcase><testcase classname="src.pymortests.algorithms.gram_schmidt" file="src/pymortests/algorithms/gram_schmidt.py" line="40" name="test_gram_schmidt_biorth[1-&lt;lambda&gt;11]" time="0.005925655364990234"></testcase><testcase classname="src.pymortests.algorithms.gram_schmidt" file="src/pymortests/algorithms/gram_schmidt.py" line="40" name="test_gram_schmidt_biorth[1-&lt;lambda&gt;12]" time="0.0013256072998046875"></testcase><testcase classname="src.pymortests.algorithms.gram_schmidt" file="src/pymortests/algorithms/gram_schmidt.py" line="40" name="test_gram_schmidt_biorth[1-&lt;lambda&gt;13]" time="0.001241922378540039"></testcase><testcase classname="src.pymortests.algorithms.gram_schmidt" file="src/pymortests/algorithms/gram_schmidt.py" line="40" name="test_gram_schmidt_biorth[1-&lt;lambda&gt;14]" time="0.004350900650024414"></testcase><testcase classname="src.pymortests.algorithms.gram_schmidt" file="src/pymortests/algorithms/gram_schmidt.py" line="40" name="test_gram_schmidt_biorth[1-&lt;lambda&gt;15]" time="0.18959856033325195"></testcase><testcase classname="src.pymortests.algorithms.gram_schmidt" file="src/pymortests/algorithms/gram_schmidt.py" line="40" name="test_gram_schmidt_biorth[1-&lt;lambda&gt;16]" time="0.00832819938659668"></testcase><testcase classname="src.pymortests.algorithms.gram_schmidt" file="src/pymortests/algorithms/gram_schmidt.py" line="40" name="test_gram_schmidt_biorth[1-&lt;lambda&gt;17]" time="0.0020461082458496094"></testcase><testcase classname="src.pymortests.algorithms.gram_schmidt" file="src/pymortests/algorithms/gram_schmidt.py" line="40" name="test_gram_schmidt_biorth[1-&lt;lambda&gt;18]" time="0.0019304752349853516"></testcase><testcase classname="src.pymortests.algorithms.gram_schmidt" file="src/pymortests/algorithms/gram_schmidt.py" line="40" name="test_gram_schmidt_biorth[1-&lt;lambda&gt;19]" time="0.0032155513763427734"></testcase><testcase classname="src.pymortests.algorithms.gram_schmidt" file="src/pymortests/algorithms/gram_schmidt.py" line="40" name="test_gram_schmidt_biorth[1-&lt;lambda&gt;20]" time="0.1408247947692871"></testcase><testcase classname="src.pymortests.algorithms.gram_schmidt" file="src/pymortests/algorithms/gram_schmidt.py" line="40" name="test_gram_schmidt_biorth[1-&lt;lambda&gt;21]" time="0.721827507019043"></testcase><testcase classname="src.pymortests.algorithms.gram_schmidt" file="src/pymortests/algorithms/gram_schmidt.py" line="40" name="test_gram_schmidt_biorth[1-&lt;lambda&gt;22]" time="0.001988649368286133"></testcase><testcase classname="src.pymortests.algorithms.gram_schmidt" file="src/pymortests/algorithms/gram_schmidt.py" line="40" name="test_gram_schmidt_biorth[1-&lt;lambda&gt;23]" time="0.0016179084777832031"></testcase><testcase classname="src.pymortests.algorithms.gram_schmidt" file="src/pymortests/algorithms/gram_schmidt.py" line="40" name="test_gram_schmidt_biorth[1-&lt;lambda&gt;24]" time="0.0021965503692626953"></testcase><testcase classname="src.pymortests.algorithms.gram_schmidt" file="src/pymortests/algorithms/gram_schmidt.py" line="40" name="test_gram_schmidt_biorth[1-&lt;lambda&gt;25]" time="0.28919219970703125"></testcase><testcase classname="src.pymortests.algorithms.gram_schmidt" file="src/pymortests/algorithms/gram_schmidt.py" line="40" name="test_gram_schmidt_biorth[1-&lt;lambda&gt;26]" time="0.05293393135070801"></testcase><testcase classname="src.pymortests.algorithms.gram_schmidt" file="src/pymortests/algorithms/gram_schmidt.py" line="40" name="test_gram_schmidt_biorth[2-&lt;lambda&gt;0]" time="0.0017442703247070312"></testcase><testcase classname="src.pymortests.algorithms.gram_schmidt" file="src/pymortests/algorithms/gram_schmidt.py" line="40" name="test_gram_schmidt_biorth[2-&lt;lambda&gt;1]" time="0.001176595687866211"></testcase><testcase classname="src.pymortests.algorithms.gram_schmidt" file="src/pymortests/algorithms/gram_schmidt.py" line="40" name="test_gram_schmidt_biorth[2-&lt;lambda&gt;2]" time="0.0011410713195800781"></testcase><testcase classname="src.pymortests.algorithms.gram_schmidt" file="src/pymortests/algorithms/gram_schmidt.py" line="40" name="test_gram_schmidt_biorth[2-&lt;lambda&gt;3]" time="0.05084824562072754"></testcase><testcase classname="src.pymortests.algorithms.gram_schmidt" file="src/pymortests/algorithms/gram_schmidt.py" line="40" name="test_gram_schmidt_biorth[2-&lt;lambda&gt;4]" time="0.0018506050109863281"></testcase><testcase classname="src.pymortests.algorithms.gram_schmidt" file="src/pymortests/algorithms/gram_schmidt.py" line="40" name="test_gram_schmidt_biorth[2-&lt;lambda&gt;5]" time="0.0012822151184082031"></testcase><testcase classname="src.pymortests.algorithms.gram_schmidt" file="src/pymortests/algorithms/gram_schmidt.py" line="40" name="test_gram_schmidt_biorth[2-&lt;lambda&gt;6]" time="0.0011894702911376953"></testcase><testcase classname="src.pymortests.algorithms.gram_schmidt" file="src/pymortests/algorithms/gram_schmidt.py" line="40" name="test_gram_schmidt_biorth[2-&lt;lambda&gt;7]" time="0.0012116432189941406"></testcase><testcase classname="src.pymortests.algorithms.gram_schmidt" file="src/pymortests/algorithms/gram_schmidt.py" line="40" name="test_gram_schmidt_biorth[2-&lt;lambda&gt;8]" time="0.10176801681518555"></testcase><testcase classname="src.pymortests.algorithms.gram_schmidt" file="src/pymortests/algorithms/gram_schmidt.py" line="40" name="test_gram_schmidt_biorth[2-&lt;lambda&gt;9]" time="0.0026848316192626953"></testcase><testcase classname="src.pymortests.algorithms.gram_schmidt" file="src/pymortests/algorithms/gram_schmidt.py" line="40" name="test_gram_schmidt_biorth[2-&lt;lambda&gt;10]" time="0.0013937950134277344"></testcase><testcase classname="src.pymortests.algorithms.gram_schmidt" file="src/pymortests/algorithms/gram_schmidt.py" line="40" name="test_gram_schmidt_biorth[2-&lt;lambda&gt;11]" time="0.005920886993408203"></testcase><testcase classname="src.pymortests.algorithms.gram_schmidt" file="src/pymortests/algorithms/gram_schmidt.py" line="40" name="test_gram_schmidt_biorth[2-&lt;lambda&gt;12]" time="0.0013194084167480469"></testcase><testcase classname="src.pymortests.algorithms.gram_schmidt" file="src/pymortests/algorithms/gram_schmidt.py" line="40" name="test_gram_schmidt_biorth[2-&lt;lambda&gt;13]" time="0.0012128353118896484"></testcase><testcase classname="src.pymortests.algorithms.gram_schmidt" file="src/pymortests/algorithms/gram_schmidt.py" line="40" name="test_gram_schmidt_biorth[2-&lt;lambda&gt;14]" time="0.004222393035888672"></testcase><testcase classname="src.pymortests.algorithms.gram_schmidt" file="src/pymortests/algorithms/gram_schmidt.py" line="40" name="test_gram_schmidt_biorth[2-&lt;lambda&gt;15]" time="0.19077277183532715"></testcase><testcase classname="src.pymortests.algorithms.gram_schmidt" file="src/pymortests/algorithms/gram_schmidt.py" line="40" name="test_gram_schmidt_biorth[2-&lt;lambda&gt;16]" time="0.00822591781616211"></testcase><testcase classname="src.pymortests.algorithms.gram_schmidt" file="src/pymortests/algorithms/gram_schmidt.py" line="40" name="test_gram_schmidt_biorth[2-&lt;lambda&gt;17]" time="0.002063274383544922"></testcase><testcase classname="src.pymortests.algorithms.gram_schmidt" file="src/pymortests/algorithms/gram_schmidt.py" line="40" name="test_gram_schmidt_biorth[2-&lt;lambda&gt;18]" time="0.0019125938415527344"></testcase><testcase classname="src.pymortests.algorithms.gram_schmidt" file="src/pymortests/algorithms/gram_schmidt.py" line="40" name="test_gram_schmidt_biorth[2-&lt;lambda&gt;19]" time="0.0031685829162597656"></testcase><testcase classname="src.pymortests.algorithms.gram_schmidt" file="src/pymortests/algorithms/gram_schmidt.py" line="40" name="test_gram_schmidt_biorth[2-&lt;lambda&gt;20]" time="0.13933920860290527"></testcase><testcase classname="src.pymortests.algorithms.gram_schmidt" file="src/pymortests/algorithms/gram_schmidt.py" line="40" name="test_gram_schmidt_biorth[2-&lt;lambda&gt;21]" time="0.7170681953430176"></testcase><testcase classname="src.pymortests.algorithms.gram_schmidt" file="src/pymortests/algorithms/gram_schmidt.py" line="40" name="test_gram_schmidt_biorth[2-&lt;lambda&gt;22]" time="0.0017542839050292969"></testcase><testcase classname="src.pymortests.algorithms.gram_schmidt" file="src/pymortests/algorithms/gram_schmidt.py" line="40" name="test_gram_schmidt_biorth[2-&lt;lambda&gt;23]" time="0.0012142658233642578"></testcase><testcase classname="src.pymortests.algorithms.gram_schmidt" file="src/pymortests/algorithms/gram_schmidt.py" line="40" name="test_gram_schmidt_biorth[2-&lt;lambda&gt;24]" time="0.0021789073944091797"></testcase><testcase classname="src.pymortests.algorithms.gram_schmidt" file="src/pymortests/algorithms/gram_schmidt.py" line="40" name="test_gram_schmidt_biorth[2-&lt;lambda&gt;25]" time="0.2898244857788086"></testcase><testcase classname="src.pymortests.algorithms.gram_schmidt" file="src/pymortests/algorithms/gram_schmidt.py" line="40" name="test_gram_schmidt_biorth[2-&lt;lambda&gt;26]" time="0.053557395935058594"></testcase><testcase classname="src.pymortests.algorithms.gram_schmidt" file="src/pymortests/algorithms/gram_schmidt.py" line="68" name="test_gram_schmidt_biorth_with_product[&lt;lambda&gt;0]" time="0.032381296157836914"><system-err>18:35 DiffusionOperatorP1: Calulate gradients of shape functions transformed by reference map ...
18:35 DiffusionOperatorP1: Calculate all local scalar products beween gradients ...
18:35 DiffusionOperatorP1: Determine global dofs ...
18:35 DiffusionOperatorP1: Boundary treatment ...
18:35 DiffusionOperatorP1: Assemble system matrix ...
18:35 DiffusionOperatorP1: Calulate gradients of shape functions transformed by reference map ...
18:35 DiffusionOperatorP1: Calculate all local scalar products beween gradients ...
18:35 DiffusionOperatorP1: Determine global dofs ...
18:35 DiffusionOperatorP1: Boundary treatment ...
18:35 DiffusionOperatorP1: Assemble system matrix ...
18:35 DiffusionOperatorP1: Calulate gradients of shape functions transformed by reference map ...
18:35 DiffusionOperatorP1: Calculate all local scalar products beween gradients ...
18:35 DiffusionOperatorP1: Determine global dofs ...
18:35 DiffusionOperatorP1: Boundary treatment ...
18:35 DiffusionOperatorP1: Assemble system matrix ...
18:35 DiffusionOperatorP1: Calulate gradients of shape functions transformed by reference map ...
18:35 DiffusionOperatorP1: Calculate all local scalar products beween gradients ...
18:35 DiffusionOperatorP1: Determine global dofs ...
18:35 DiffusionOperatorP1: Boundary treatment ...
18:35 DiffusionOperatorP1: Assemble system matrix ...
18:35 DiffusionOperatorP1: Calulate gradients of shape functions transformed by reference map ...
18:35 DiffusionOperatorP1: Calculate all local scalar products beween gradients ...
18:35 DiffusionOperatorP1: Determine global dofs ...
18:35 DiffusionOperatorP1: Boundary treatment ...
18:35 DiffusionOperatorP1: Assemble system matrix ...
18:35 L2ProductP1: Integrate the products of the shape functions on each element
18:35 L2ProductP1: Determine global dofs ...
18:35 L2ProductP1: Boundary treatment ...
18:35 L2ProductP1: Assemble system matrix ...
18:35 DiffusionOperatorP1: Calulate gradients of shape functions transformed by reference map ...
18:35 DiffusionOperatorP1: Calculate all local scalar products beween gradients ...
18:35 DiffusionOperatorP1: Determine global dofs ...
18:35 DiffusionOperatorP1: Boundary treatment ...
18:35 DiffusionOperatorP1: Assemble system matrix ...
18:35 L2ProductP1: Integrate the products of the shape functions on each element
18:35 L2ProductP1: Determine global dofs ...
18:35 L2ProductP1: Boundary treatment ...
18:35 L2ProductP1: Assemble system matrix ...
18:35 DiffusionOperatorP1: Calulate gradients of shape functions transformed by reference map ...
18:35 DiffusionOperatorP1: Calculate all local scalar products beween gradients ...
18:35 DiffusionOperatorP1: Determine global dofs ...
18:35 DiffusionOperatorP1: Boundary treatment ...
18:35 DiffusionOperatorP1: Assemble system matrix ...
</system-err></testcase><testcase classname="src.pymortests.algorithms.gram_schmidt" file="src/pymortests/algorithms/gram_schmidt.py" line="68" name="test_gram_schmidt_biorth_with_product[&lt;lambda&gt;1]" time="0.028345823287963867"><system-err>18:35 DiffusionOperatorP1: Calulate gradients of shape functions transformed by reference map ...
18:35 DiffusionOperatorP1: Calculate all local scalar products beween gradients ...
18:35 DiffusionOperatorP1: Determine global dofs ...
18:35 DiffusionOperatorP1: Boundary treatment ...
18:35 DiffusionOperatorP1: Assemble system matrix ...
18:35 DiffusionOperatorP1: Calulate gradients of shape functions transformed by reference map ...
18:35 DiffusionOperatorP1: Calculate all local scalar products beween gradients ...
18:35 DiffusionOperatorP1: Determine global dofs ...
18:35 DiffusionOperatorP1: Boundary treatment ...
18:35 DiffusionOperatorP1: Assemble system matrix ...
18:35 L2ProductP1: Integrate the products of the shape functions on each element
18:35 L2ProductP1: Determine global dofs ...
18:35 L2ProductP1: Boundary treatment ...
18:35 L2ProductP1: Assemble system matrix ...
18:35 DiffusionOperatorP1: Calulate gradients of shape functions transformed by reference map ...
18:35 DiffusionOperatorP1: Calculate all local scalar products beween gradients ...
18:35 DiffusionOperatorP1: Determine global dofs ...
18:35 DiffusionOperatorP1: Boundary treatment ...
18:35 DiffusionOperatorP1: Assemble system matrix ...
18:35 L2ProductP1: Integrate the products of the shape functions on each element
18:35 L2ProductP1: Determine global dofs ...
18:35 L2ProductP1: Boundary treatment ...
18:35 L2ProductP1: Assemble system matrix ...
18:35 DiffusionOperatorP1: Calulate gradients of shape functions transformed by reference map ...
18:35 DiffusionOperatorP1: Calculate all local scalar products beween gradients ...
18:35 DiffusionOperatorP1: Determine global dofs ...
18:35 DiffusionOperatorP1: Boundary treatment ...
18:35 DiffusionOperatorP1: Assemble system matrix ...
18:35 gram_schmidt_biorth: Projecting vector V[1] again
18:35 gram_schmidt_biorth: Projecting vector W[1] again
18:35 gram_schmidt_biorth: Projecting vector V[1] again
18:35 gram_schmidt_biorth: Projecting vector W[1] again
</system-err></testcase><testcase classname="src.pymortests.algorithms.gram_schmidt" file="src/pymortests/algorithms/gram_schmidt.py" line="68" name="test_gram_schmidt_biorth_with_product[&lt;lambda&gt;2]" time="0.03426814079284668"><system-err>18:35 DiffusionOperatorP1: Calulate gradients of shape functions transformed by reference map ...
18:35 DiffusionOperatorP1: Calculate all local scalar products beween gradients ...
18:35 DiffusionOperatorP1: Determine global dofs ...
18:35 DiffusionOperatorP1: Boundary treatment ...
18:35 DiffusionOperatorP1: Assemble system matrix ...
18:35 DiffusionOperatorP1: Calulate gradients of shape functions transformed by reference map ...
18:35 DiffusionOperatorP1: Calculate all local scalar products beween gradients ...
18:35 DiffusionOperatorP1: Determine global dofs ...
18:35 DiffusionOperatorP1: Boundary treatment ...
18:35 DiffusionOperatorP1: Assemble system matrix ...
18:35 DiffusionOperatorP1: Calulate gradients of shape functions transformed by reference map ...
18:35 DiffusionOperatorP1: Calculate all local scalar products beween gradients ...
18:35 DiffusionOperatorP1: Determine global dofs ...
18:35 DiffusionOperatorP1: Boundary treatment ...
18:35 DiffusionOperatorP1: Assemble system matrix ...
18:35 DiffusionOperatorP1: Calulate gradients of shape functions transformed by reference map ...
18:35 DiffusionOperatorP1: Calculate all local scalar products beween gradients ...
18:35 DiffusionOperatorP1: Determine global dofs ...
18:35 DiffusionOperatorP1: Boundary treatment ...
18:35 DiffusionOperatorP1: Assemble system matrix ...
18:35 DiffusionOperatorP1: Calulate gradients of shape functions transformed by reference map ...
18:35 DiffusionOperatorP1: Calculate all local scalar products beween gradients ...
18:35 DiffusionOperatorP1: Determine global dofs ...
18:35 DiffusionOperatorP1: Boundary treatment ...
18:35 DiffusionOperatorP1: Assemble system matrix ...
18:35 L2ProductP1: Integrate the products of the shape functions on each element
18:35 L2ProductP1: Determine global dofs ...
18:35 L2ProductP1: Boundary treatment ...
18:35 L2ProductP1: Assemble system matrix ...
18:35 DiffusionOperatorP1: Calulate gradients of shape functions transformed by reference map ...
18:35 DiffusionOperatorP1: Calculate all local scalar products beween gradients ...
18:35 DiffusionOperatorP1: Determine global dofs ...
18:35 DiffusionOperatorP1: Boundary treatment ...
18:35 DiffusionOperatorP1: Assemble system matrix ...
18:36 L2ProductP1: Integrate the products of the shape functions on each element
18:36 L2ProductP1: Determine global dofs ...
18:36 L2ProductP1: Boundary treatment ...
18:36 L2ProductP1: Assemble system matrix ...
18:36 DiffusionOperatorP1: Calulate gradients of shape functions transformed by reference map ...
18:36 DiffusionOperatorP1: Calculate all local scalar products beween gradients ...
18:36 DiffusionOperatorP1: Determine global dofs ...
18:36 DiffusionOperatorP1: Boundary treatment ...
18:36 DiffusionOperatorP1: Assemble system matrix ...
</system-err></testcase><testcase classname="src.pymortests.algorithms.gram_schmidt" file="src/pymortests/algorithms/gram_schmidt.py" line="68" name="test_gram_schmidt_biorth_with_product[&lt;lambda&gt;3]" time="0.029092073440551758"><system-err>18:36 DiffusionOperatorP1: Calulate gradients of shape functions transformed by reference map ...
18:36 DiffusionOperatorP1: Calculate all local scalar products beween gradients ...
18:36 DiffusionOperatorP1: Determine global dofs ...
18:36 DiffusionOperatorP1: Boundary treatment ...
18:36 DiffusionOperatorP1: Assemble system matrix ...
18:36 DiffusionOperatorP1: Calulate gradients of shape functions transformed by reference map ...
18:36 DiffusionOperatorP1: Calculate all local scalar products beween gradients ...
18:36 DiffusionOperatorP1: Determine global dofs ...
18:36 DiffusionOperatorP1: Boundary treatment ...
18:36 DiffusionOperatorP1: Assemble system matrix ...
18:36 L2ProductP1: Integrate the products of the shape functions on each element
18:36 L2ProductP1: Determine global dofs ...
18:36 L2ProductP1: Boundary treatment ...
18:36 L2ProductP1: Assemble system matrix ...
18:36 DiffusionOperatorP1: Calulate gradients of shape functions transformed by reference map ...
18:36 DiffusionOperatorP1: Calculate all local scalar products beween gradients ...
18:36 DiffusionOperatorP1: Determine global dofs ...
18:36 DiffusionOperatorP1: Boundary treatment ...
18:36 DiffusionOperatorP1: Assemble system matrix ...
18:36 L2ProductP1: Integrate the products of the shape functions on each element
18:36 L2ProductP1: Determine global dofs ...
18:36 L2ProductP1: Boundary treatment ...
18:36 L2ProductP1: Assemble system matrix ...
18:36 DiffusionOperatorP1: Calulate gradients of shape functions transformed by reference map ...
18:36 DiffusionOperatorP1: Calculate all local scalar products beween gradients ...
18:36 DiffusionOperatorP1: Determine global dofs ...
18:36 DiffusionOperatorP1: Boundary treatment ...
18:36 DiffusionOperatorP1: Assemble system matrix ...
18:36 gram_schmidt_biorth: Projecting vector V[1] again
18:36 gram_schmidt_biorth: Projecting vector W[1] again
18:36 gram_schmidt_biorth: Projecting vector V[1] again
18:36 gram_schmidt_biorth: Projecting vector W[1] again
</system-err></testcase><testcase classname="src.pymortests.algorithms.gram_schmidt" file="src/pymortests/algorithms/gram_schmidt.py" line="68" name="test_gram_schmidt_biorth_with_product[&lt;lambda&gt;4]" time="0.03170037269592285"><system-err>18:36 DiffusionOperatorP1: Calulate gradients of shape functions transformed by reference map ...
18:36 DiffusionOperatorP1: Calculate all local scalar products beween gradients ...
18:36 DiffusionOperatorP1: Determine global dofs ...
18:36 DiffusionOperatorP1: Boundary treatment ...
18:36 DiffusionOperatorP1: Assemble system matrix ...
18:36 DiffusionOperatorP1: Calulate gradients of shape functions transformed by reference map ...
18:36 DiffusionOperatorP1: Calculate all local scalar products beween gradients ...
18:36 DiffusionOperatorP1: Determine global dofs ...
18:36 DiffusionOperatorP1: Boundary treatment ...
18:36 DiffusionOperatorP1: Assemble system matrix ...
18:36 DiffusionOperatorP1: Calulate gradients of shape functions transformed by reference map ...
18:36 DiffusionOperatorP1: Calculate all local scalar products beween gradients ...
18:36 DiffusionOperatorP1: Determine global dofs ...
18:36 DiffusionOperatorP1: Boundary treatment ...
18:36 DiffusionOperatorP1: Assemble system matrix ...
18:36 DiffusionOperatorP1: Calulate gradients of shape functions transformed by reference map ...
18:36 DiffusionOperatorP1: Calculate all local scalar products beween gradients ...
18:36 DiffusionOperatorP1: Determine global dofs ...
18:36 DiffusionOperatorP1: Boundary treatment ...
18:36 DiffusionOperatorP1: Assemble system matrix ...
18:36 DiffusionOperatorP1: Calulate gradients of shape functions transformed by reference map ...
18:36 DiffusionOperatorP1: Calculate all local scalar products beween gradients ...
18:36 DiffusionOperatorP1: Determine global dofs ...
18:36 DiffusionOperatorP1: Boundary treatment ...
18:36 DiffusionOperatorP1: Assemble system matrix ...
18:36 L2ProductP1: Integrate the products of the shape functions on each element
18:36 L2ProductP1: Determine global dofs ...
18:36 L2ProductP1: Boundary treatment ...
18:36 L2ProductP1: Assemble system matrix ...
18:36 DiffusionOperatorP1: Calulate gradients of shape functions transformed by reference map ...
18:36 DiffusionOperatorP1: Calculate all local scalar products beween gradients ...
18:36 DiffusionOperatorP1: Determine global dofs ...
18:36 DiffusionOperatorP1: Boundary treatment ...
18:36 DiffusionOperatorP1: Assemble system matrix ...
18:36 L2ProductP1: Integrate the products of the shape functions on each element
18:36 L2ProductP1: Determine global dofs ...
18:36 L2ProductP1: Boundary treatment ...
18:36 L2ProductP1: Assemble system matrix ...
18:36 DiffusionOperatorP1: Calulate gradients of shape functions transformed by reference map ...
18:36 DiffusionOperatorP1: Calculate all local scalar products beween gradients ...
18:36 DiffusionOperatorP1: Determine global dofs ...
18:36 DiffusionOperatorP1: Boundary treatment ...
18:36 DiffusionOperatorP1: Assemble system matrix ...
</system-err></testcase><testcase classname="src.pymortests.algorithms.gram_schmidt" file="src/pymortests/algorithms/gram_schmidt.py" line="68" name="test_gram_schmidt_biorth_with_product[&lt;lambda&gt;5]" time="0.02878546714782715"><system-err>18:36 DiffusionOperatorP1: Calulate gradients of shape functions transformed by reference map ...
18:36 DiffusionOperatorP1: Calculate all local scalar products beween gradients ...
18:36 DiffusionOperatorP1: Determine global dofs ...
18:36 DiffusionOperatorP1: Boundary treatment ...
18:36 DiffusionOperatorP1: Assemble system matrix ...
18:36 DiffusionOperatorP1: Calulate gradients of shape functions transformed by reference map ...
18:36 DiffusionOperatorP1: Calculate all local scalar products beween gradients ...
18:36 DiffusionOperatorP1: Determine global dofs ...
18:36 DiffusionOperatorP1: Boundary treatment ...
18:36 DiffusionOperatorP1: Assemble system matrix ...
18:36 L2ProductP1: Integrate the products of the shape functions on each element
18:36 L2ProductP1: Determine global dofs ...
18:36 L2ProductP1: Boundary treatment ...
18:36 L2ProductP1: Assemble system matrix ...
18:36 DiffusionOperatorP1: Calulate gradients of shape functions transformed by reference map ...
18:36 DiffusionOperatorP1: Calculate all local scalar products beween gradients ...
18:36 DiffusionOperatorP1: Determine global dofs ...
18:36 DiffusionOperatorP1: Boundary treatment ...
18:36 DiffusionOperatorP1: Assemble system matrix ...
18:36 L2ProductP1: Integrate the products of the shape functions on each element
18:36 L2ProductP1: Determine global dofs ...
18:36 L2ProductP1: Boundary treatment ...
18:36 L2ProductP1: Assemble system matrix ...
18:36 DiffusionOperatorP1: Calulate gradients of shape functions transformed by reference map ...
18:36 DiffusionOperatorP1: Calculate all local scalar products beween gradients ...
18:36 DiffusionOperatorP1: Determine global dofs ...
18:36 DiffusionOperatorP1: Boundary treatment ...
18:36 DiffusionOperatorP1: Assemble system matrix ...
18:36 gram_schmidt_biorth: Projecting vector V[1] again
18:36 gram_schmidt_biorth: Projecting vector W[1] again
18:36 gram_schmidt_biorth: Projecting vector V[1] again
18:36 gram_schmidt_biorth: Projecting vector W[1] again
</system-err></testcase><testcase classname="src.pymortests.algorithms.gram_schmidt" file="src/pymortests/algorithms/gram_schmidt.py" line="68" name="test_gram_schmidt_biorth_with_product[&lt;lambda&gt;6]" time="0.03156423568725586"><system-err>18:36 DiffusionOperatorP1: Calulate gradients of shape functions transformed by reference map ...
18:36 DiffusionOperatorP1: Calculate all local scalar products beween gradients ...
18:36 DiffusionOperatorP1: Determine global dofs ...
18:36 DiffusionOperatorP1: Boundary treatment ...
18:36 DiffusionOperatorP1: Assemble system matrix ...
18:36 DiffusionOperatorP1: Calulate gradients of shape functions transformed by reference map ...
18:36 DiffusionOperatorP1: Calculate all local scalar products beween gradients ...
18:36 DiffusionOperatorP1: Determine global dofs ...
18:36 DiffusionOperatorP1: Boundary treatment ...
18:36 DiffusionOperatorP1: Assemble system matrix ...
18:36 DiffusionOperatorP1: Calulate gradients of shape functions transformed by reference map ...
18:36 DiffusionOperatorP1: Calculate all local scalar products beween gradients ...
18:36 DiffusionOperatorP1: Determine global dofs ...
18:36 DiffusionOperatorP1: Boundary treatment ...
18:36 DiffusionOperatorP1: Assemble system matrix ...
18:36 DiffusionOperatorP1: Calulate gradients of shape functions transformed by reference map ...
18:36 DiffusionOperatorP1: Calculate all local scalar products beween gradients ...
18:36 DiffusionOperatorP1: Determine global dofs ...
18:36 DiffusionOperatorP1: Boundary treatment ...
18:36 DiffusionOperatorP1: Assemble system matrix ...
18:36 DiffusionOperatorP1: Calulate gradients of shape functions transformed by reference map ...
18:36 DiffusionOperatorP1: Calculate all local scalar products beween gradients ...
18:36 DiffusionOperatorP1: Determine global dofs ...
18:36 DiffusionOperatorP1: Boundary treatment ...
18:36 DiffusionOperatorP1: Assemble system matrix ...
18:36 L2ProductP1: Integrate the products of the shape functions on each element
18:36 L2ProductP1: Determine global dofs ...
18:36 L2ProductP1: Boundary treatment ...
18:36 L2ProductP1: Assemble system matrix ...
18:36 DiffusionOperatorP1: Calulate gradients of shape functions transformed by reference map ...
18:36 DiffusionOperatorP1: Calculate all local scalar products beween gradients ...
18:36 DiffusionOperatorP1: Determine global dofs ...
18:36 DiffusionOperatorP1: Boundary treatment ...
18:36 DiffusionOperatorP1: Assemble system matrix ...
18:36 L2ProductP1: Integrate the products of the shape functions on each element
18:36 L2ProductP1: Determine global dofs ...
18:36 L2ProductP1: Boundary treatment ...
18:36 L2ProductP1: Assemble system matrix ...
18:36 DiffusionOperatorP1: Calulate gradients of shape functions transformed by reference map ...
18:36 DiffusionOperatorP1: Calculate all local scalar products beween gradients ...
18:36 DiffusionOperatorP1: Determine global dofs ...
18:36 DiffusionOperatorP1: Boundary treatment ...
18:36 DiffusionOperatorP1: Assemble system matrix ...
</system-err></testcase><testcase classname="src.pymortests.algorithms.gram_schmidt" file="src/pymortests/algorithms/gram_schmidt.py" line="68" name="test_gram_schmidt_biorth_with_product[&lt;lambda&gt;7]" time="0.028607845306396484"><system-err>18:36 DiffusionOperatorP1: Calulate gradients of shape functions transformed by reference map ...
18:36 DiffusionOperatorP1: Calculate all local scalar products beween gradients ...
18:36 DiffusionOperatorP1: Determine global dofs ...
18:36 DiffusionOperatorP1: Boundary treatment ...
18:36 DiffusionOperatorP1: Assemble system matrix ...
18:36 DiffusionOperatorP1: Calulate gradients of shape functions transformed by reference map ...
18:36 DiffusionOperatorP1: Calculate all local scalar products beween gradients ...
18:36 DiffusionOperatorP1: Determine global dofs ...
18:36 DiffusionOperatorP1: Boundary treatment ...
18:36 DiffusionOperatorP1: Assemble system matrix ...
18:36 L2ProductP1: Integrate the products of the shape functions on each element
18:36 L2ProductP1: Determine global dofs ...
18:36 L2ProductP1: Boundary treatment ...
18:36 L2ProductP1: Assemble system matrix ...
18:36 DiffusionOperatorP1: Calulate gradients of shape functions transformed by reference map ...
18:36 DiffusionOperatorP1: Calculate all local scalar products beween gradients ...
18:36 DiffusionOperatorP1: Determine global dofs ...
18:36 DiffusionOperatorP1: Boundary treatment ...
18:36 DiffusionOperatorP1: Assemble system matrix ...
18:36 L2ProductP1: Integrate the products of the shape functions on each element
18:36 L2ProductP1: Determine global dofs ...
18:36 L2ProductP1: Boundary treatment ...
18:36 L2ProductP1: Assemble system matrix ...
18:36 DiffusionOperatorP1: Calulate gradients of shape functions transformed by reference map ...
18:36 DiffusionOperatorP1: Calculate all local scalar products beween gradients ...
18:36 DiffusionOperatorP1: Determine global dofs ...
18:36 DiffusionOperatorP1: Boundary treatment ...
18:36 DiffusionOperatorP1: Assemble system matrix ...
18:36 gram_schmidt_biorth: Projecting vector V[1] again
18:36 gram_schmidt_biorth: Projecting vector W[1] again
18:36 gram_schmidt_biorth: Projecting vector V[1] again
18:36 gram_schmidt_biorth: Projecting vector W[1] again
</system-err></testcase><testcase classname="src.pymortests.algorithms.gram_schmidt" file="src/pymortests/algorithms/gram_schmidt.py" line="68" name="test_gram_schmidt_biorth_with_product[&lt;lambda&gt;8]" time="0.032126665115356445"><system-err>18:36 DiffusionOperatorP1: Calulate gradients of shape functions transformed by reference map ...
18:36 DiffusionOperatorP1: Calculate all local scalar products beween gradients ...
18:36 DiffusionOperatorP1: Determine global dofs ...
18:36 DiffusionOperatorP1: Boundary treatment ...
18:36 DiffusionOperatorP1: Assemble system matrix ...
18:36 DiffusionOperatorP1: Calulate gradients of shape functions transformed by reference map ...
18:36 DiffusionOperatorP1: Calculate all local scalar products beween gradients ...
18:36 DiffusionOperatorP1: Determine global dofs ...
18:36 DiffusionOperatorP1: Boundary treatment ...
18:36 DiffusionOperatorP1: Assemble system matrix ...
18:36 DiffusionOperatorP1: Calulate gradients of shape functions transformed by reference map ...
18:36 DiffusionOperatorP1: Calculate all local scalar products beween gradients ...
18:36 DiffusionOperatorP1: Determine global dofs ...
18:36 DiffusionOperatorP1: Boundary treatment ...
18:36 DiffusionOperatorP1: Assemble system matrix ...
18:36 DiffusionOperatorP1: Calulate gradients of shape functions transformed by reference map ...
18:36 DiffusionOperatorP1: Calculate all local scalar products beween gradients ...
18:36 DiffusionOperatorP1: Determine global dofs ...
18:36 DiffusionOperatorP1: Boundary treatment ...
18:36 DiffusionOperatorP1: Assemble system matrix ...
18:36 DiffusionOperatorP1: Calulate gradients of shape functions transformed by reference map ...
18:36 DiffusionOperatorP1: Calculate all local scalar products beween gradients ...
18:36 DiffusionOperatorP1: Determine global dofs ...
18:36 DiffusionOperatorP1: Boundary treatment ...
18:36 DiffusionOperatorP1: Assemble system matrix ...
18:36 L2ProductP1: Integrate the products of the shape functions on each element
18:36 L2ProductP1: Determine global dofs ...
18:36 L2ProductP1: Boundary treatment ...
18:36 L2ProductP1: Assemble system matrix ...
18:36 DiffusionOperatorP1: Calulate gradients of shape functions transformed by reference map ...
18:36 DiffusionOperatorP1: Calculate all local scalar products beween gradients ...
18:36 DiffusionOperatorP1: Determine global dofs ...
18:36 DiffusionOperatorP1: Boundary treatment ...
18:36 DiffusionOperatorP1: Assemble system matrix ...
18:36 L2ProductP1: Integrate the products of the shape functions on each element
18:36 L2ProductP1: Determine global dofs ...
18:36 L2ProductP1: Boundary treatment ...
18:36 L2ProductP1: Assemble system matrix ...
18:36 DiffusionOperatorP1: Calulate gradients of shape functions transformed by reference map ...
18:36 DiffusionOperatorP1: Calculate all local scalar products beween gradients ...
18:36 DiffusionOperatorP1: Determine global dofs ...
18:36 DiffusionOperatorP1: Boundary treatment ...
18:36 DiffusionOperatorP1: Assemble system matrix ...
</system-err></testcase><testcase classname="src.pymortests.algorithms.gram_schmidt" file="src/pymortests/algorithms/gram_schmidt.py" line="68" name="test_gram_schmidt_biorth_with_product[&lt;lambda&gt;9]" time="0.02847433090209961"><system-err>18:36 DiffusionOperatorP1: Calulate gradients of shape functions transformed by reference map ...
18:36 DiffusionOperatorP1: Calculate all local scalar products beween gradients ...
18:36 DiffusionOperatorP1: Determine global dofs ...
18:36 DiffusionOperatorP1: Boundary treatment ...
18:36 DiffusionOperatorP1: Assemble system matrix ...
18:36 DiffusionOperatorP1: Calulate gradients of shape functions transformed by reference map ...
18:36 DiffusionOperatorP1: Calculate all local scalar products beween gradients ...
18:36 DiffusionOperatorP1: Determine global dofs ...
18:36 DiffusionOperatorP1: Boundary treatment ...
18:36 DiffusionOperatorP1: Assemble system matrix ...
18:36 L2ProductP1: Integrate the products of the shape functions on each element
18:36 L2ProductP1: Determine global dofs ...
18:36 L2ProductP1: Boundary treatment ...
18:36 L2ProductP1: Assemble system matrix ...
18:36 DiffusionOperatorP1: Calulate gradients of shape functions transformed by reference map ...
18:36 DiffusionOperatorP1: Calculate all local scalar products beween gradients ...
18:36 DiffusionOperatorP1: Determine global dofs ...
18:36 DiffusionOperatorP1: Boundary treatment ...
18:36 DiffusionOperatorP1: Assemble system matrix ...
18:36 L2ProductP1: Integrate the products of the shape functions on each element
18:36 L2ProductP1: Determine global dofs ...
18:36 L2ProductP1: Boundary treatment ...
18:36 L2ProductP1: Assemble system matrix ...
18:36 DiffusionOperatorP1: Calulate gradients of shape functions transformed by reference map ...
18:36 DiffusionOperatorP1: Calculate all local scalar products beween gradients ...
18:36 DiffusionOperatorP1: Determine global dofs ...
18:36 DiffusionOperatorP1: Boundary treatment ...
18:36 DiffusionOperatorP1: Assemble system matrix ...
18:36 gram_schmidt_biorth: Projecting vector V[1] again
18:36 gram_schmidt_biorth: Projecting vector W[1] again
18:36 gram_schmidt_biorth: Projecting vector V[1] again
18:36 gram_schmidt_biorth: Projecting vector W[1] again
</system-err></testcase><testcase classname="src.pymortests.algorithms.gram_schmidt" file="src/pymortests/algorithms/gram_schmidt.py" line="68" name="test_gram_schmidt_biorth_with_product[&lt;lambda&gt;10]" time="0.03216886520385742"><system-err>18:36 DiffusionOperatorP1: Calulate gradients of shape functions transformed by reference map ...
18:36 DiffusionOperatorP1: Calculate all local scalar products beween gradients ...
18:36 DiffusionOperatorP1: Determine global dofs ...
18:36 DiffusionOperatorP1: Boundary treatment ...
18:36 DiffusionOperatorP1: Assemble system matrix ...
18:36 DiffusionOperatorP1: Calulate gradients of shape functions transformed by reference map ...
18:36 DiffusionOperatorP1: Calculate all local scalar products beween gradients ...
18:36 DiffusionOperatorP1: Determine global dofs ...
18:36 DiffusionOperatorP1: Boundary treatment ...
18:36 DiffusionOperatorP1: Assemble system matrix ...
18:36 DiffusionOperatorP1: Calulate gradients of shape functions transformed by reference map ...
18:36 DiffusionOperatorP1: Calculate all local scalar products beween gradients ...
18:36 DiffusionOperatorP1: Determine global dofs ...
18:36 DiffusionOperatorP1: Boundary treatment ...
18:36 DiffusionOperatorP1: Assemble system matrix ...
18:36 DiffusionOperatorP1: Calulate gradients of shape functions transformed by reference map ...
18:36 DiffusionOperatorP1: Calculate all local scalar products beween gradients ...
18:36 DiffusionOperatorP1: Determine global dofs ...
18:36 DiffusionOperatorP1: Boundary treatment ...
18:36 DiffusionOperatorP1: Assemble system matrix ...
18:36 DiffusionOperatorP1: Calulate gradients of shape functions transformed by reference map ...
18:36 DiffusionOperatorP1: Calculate all local scalar products beween gradients ...
18:36 DiffusionOperatorP1: Determine global dofs ...
18:36 DiffusionOperatorP1: Boundary treatment ...
18:36 DiffusionOperatorP1: Assemble system matrix ...
18:36 L2ProductP1: Integrate the products of the shape functions on each element
18:36 L2ProductP1: Determine global dofs ...
18:36 L2ProductP1: Boundary treatment ...
18:36 L2ProductP1: Assemble system matrix ...
18:36 DiffusionOperatorP1: Calulate gradients of shape functions transformed by reference map ...
18:36 DiffusionOperatorP1: Calculate all local scalar products beween gradients ...
18:36 DiffusionOperatorP1: Determine global dofs ...
18:36 DiffusionOperatorP1: Boundary treatment ...
18:36 DiffusionOperatorP1: Assemble system matrix ...
18:36 L2ProductP1: Integrate the products of the shape functions on each element
18:36 L2ProductP1: Determine global dofs ...
18:36 L2ProductP1: Boundary treatment ...
18:36 L2ProductP1: Assemble system matrix ...
18:36 DiffusionOperatorP1: Calulate gradients of shape functions transformed by reference map ...
18:36 DiffusionOperatorP1: Calculate all local scalar products beween gradients ...
18:36 DiffusionOperatorP1: Determine global dofs ...
18:36 DiffusionOperatorP1: Boundary treatment ...
18:36 DiffusionOperatorP1: Assemble system matrix ...
</system-err></testcase><testcase classname="src.pymortests.algorithms.gram_schmidt" file="src/pymortests/algorithms/gram_schmidt.py" line="68" name="test_gram_schmidt_biorth_with_product[&lt;lambda&gt;11]" time="0.030422449111938477"><system-err>18:36 DiffusionOperatorP1: Calulate gradients of shape functions transformed by reference map ...
18:36 DiffusionOperatorP1: Calculate all local scalar products beween gradients ...
18:36 DiffusionOperatorP1: Determine global dofs ...
18:36 DiffusionOperatorP1: Boundary treatment ...
18:36 DiffusionOperatorP1: Assemble system matrix ...
18:36 DiffusionOperatorP1: Calulate gradients of shape functions transformed by reference map ...
18:36 DiffusionOperatorP1: Calculate all local scalar products beween gradients ...
18:36 DiffusionOperatorP1: Determine global dofs ...
18:36 DiffusionOperatorP1: Boundary treatment ...
18:36 DiffusionOperatorP1: Assemble system matrix ...
18:36 L2ProductP1: Integrate the products of the shape functions on each element
18:36 L2ProductP1: Determine global dofs ...
18:36 L2ProductP1: Boundary treatment ...
18:36 L2ProductP1: Assemble system matrix ...
18:36 DiffusionOperatorP1: Calulate gradients of shape functions transformed by reference map ...
18:36 DiffusionOperatorP1: Calculate all local scalar products beween gradients ...
18:36 DiffusionOperatorP1: Determine global dofs ...
18:36 DiffusionOperatorP1: Boundary treatment ...
18:36 DiffusionOperatorP1: Assemble system matrix ...
18:36 L2ProductP1: Integrate the products of the shape functions on each element
18:36 L2ProductP1: Determine global dofs ...
18:36 L2ProductP1: Boundary treatment ...
18:36 L2ProductP1: Assemble system matrix ...
18:36 DiffusionOperatorP1: Calulate gradients of shape functions transformed by reference map ...
18:36 DiffusionOperatorP1: Calculate all local scalar products beween gradients ...
18:36 DiffusionOperatorP1: Determine global dofs ...
18:36 DiffusionOperatorP1: Boundary treatment ...
18:36 DiffusionOperatorP1: Assemble system matrix ...
18:36 gram_schmidt_biorth: Projecting vector V[1] again
18:36 gram_schmidt_biorth: Projecting vector W[1] again
18:36 gram_schmidt_biorth: Projecting vector V[1] again
18:36 gram_schmidt_biorth: Projecting vector W[1] again
</system-err></testcase><testcase classname="src.pymortests.algorithms.gram_schmidt" file="src/pymortests/algorithms/gram_schmidt.py" line="68" name="test_gram_schmidt_biorth_with_product[&lt;lambda&gt;12]" time="0.03347635269165039"><system-err>18:36 DiffusionOperatorP1: Calulate gradients of shape functions transformed by reference map ...
18:36 DiffusionOperatorP1: Calculate all local scalar products beween gradients ...
18:36 DiffusionOperatorP1: Determine global dofs ...
18:36 DiffusionOperatorP1: Boundary treatment ...
18:36 DiffusionOperatorP1: Assemble system matrix ...
18:36 DiffusionOperatorP1: Calulate gradients of shape functions transformed by reference map ...
18:36 DiffusionOperatorP1: Calculate all local scalar products beween gradients ...
18:36 DiffusionOperatorP1: Determine global dofs ...
18:36 DiffusionOperatorP1: Boundary treatment ...
18:36 DiffusionOperatorP1: Assemble system matrix ...
18:36 DiffusionOperatorP1: Calulate gradients of shape functions transformed by reference map ...
18:36 DiffusionOperatorP1: Calculate all local scalar products beween gradients ...
18:36 DiffusionOperatorP1: Determine global dofs ...
18:36 DiffusionOperatorP1: Boundary treatment ...
18:36 DiffusionOperatorP1: Assemble system matrix ...
18:36 DiffusionOperatorP1: Calulate gradients of shape functions transformed by reference map ...
18:36 DiffusionOperatorP1: Calculate all local scalar products beween gradients ...
18:36 DiffusionOperatorP1: Determine global dofs ...
18:36 DiffusionOperatorP1: Boundary treatment ...
18:36 DiffusionOperatorP1: Assemble system matrix ...
18:36 DiffusionOperatorP1: Calulate gradients of shape functions transformed by reference map ...
18:36 DiffusionOperatorP1: Calculate all local scalar products beween gradients ...
18:36 DiffusionOperatorP1: Determine global dofs ...
18:36 DiffusionOperatorP1: Boundary treatment ...
18:36 DiffusionOperatorP1: Assemble system matrix ...
18:36 L2ProductP1: Integrate the products of the shape functions on each element
18:36 L2ProductP1: Determine global dofs ...
18:36 L2ProductP1: Boundary treatment ...
18:36 L2ProductP1: Assemble system matrix ...
18:36 DiffusionOperatorP1: Calulate gradients of shape functions transformed by reference map ...
18:36 DiffusionOperatorP1: Calculate all local scalar products beween gradients ...
18:36 DiffusionOperatorP1: Determine global dofs ...
18:36 DiffusionOperatorP1: Boundary treatment ...
18:36 DiffusionOperatorP1: Assemble system matrix ...
18:36 L2ProductP1: Integrate the products of the shape functions on each element
18:36 L2ProductP1: Determine global dofs ...
18:36 L2ProductP1: Boundary treatment ...
18:36 L2ProductP1: Assemble system matrix ...
18:36 DiffusionOperatorP1: Calulate gradients of shape functions transformed by reference map ...
18:36 DiffusionOperatorP1: Calculate all local scalar products beween gradients ...
18:36 DiffusionOperatorP1: Determine global dofs ...
18:36 DiffusionOperatorP1: Boundary treatment ...
18:36 DiffusionOperatorP1: Assemble system matrix ...
</system-err></testcase><testcase classname="src.pymortests.algorithms.gram_schmidt" file="src/pymortests/algorithms/gram_schmidt.py" line="68" name="test_gram_schmidt_biorth_with_product[&lt;lambda&gt;13]" time="0.028479576110839844"><system-err>18:36 DiffusionOperatorP1: Calulate gradients of shape functions transformed by reference map ...
18:36 DiffusionOperatorP1: Calculate all local scalar products beween gradients ...
18:36 DiffusionOperatorP1: Determine global dofs ...
18:36 DiffusionOperatorP1: Boundary treatment ...
18:36 DiffusionOperatorP1: Assemble system matrix ...
18:36 DiffusionOperatorP1: Calulate gradients of shape functions transformed by reference map ...
18:36 DiffusionOperatorP1: Calculate all local scalar products beween gradients ...
18:36 DiffusionOperatorP1: Determine global dofs ...
18:36 DiffusionOperatorP1: Boundary treatment ...
18:36 DiffusionOperatorP1: Assemble system matrix ...
18:36 L2ProductP1: Integrate the products of the shape functions on each element
18:36 L2ProductP1: Determine global dofs ...
18:36 L2ProductP1: Boundary treatment ...
18:36 L2ProductP1: Assemble system matrix ...
18:36 DiffusionOperatorP1: Calulate gradients of shape functions transformed by reference map ...
18:36 DiffusionOperatorP1: Calculate all local scalar products beween gradients ...
18:36 DiffusionOperatorP1: Determine global dofs ...
18:36 DiffusionOperatorP1: Boundary treatment ...
18:36 DiffusionOperatorP1: Assemble system matrix ...
18:36 L2ProductP1: Integrate the products of the shape functions on each element
18:36 L2ProductP1: Determine global dofs ...
18:36 L2ProductP1: Boundary treatment ...
18:36 L2ProductP1: Assemble system matrix ...
18:36 DiffusionOperatorP1: Calulate gradients of shape functions transformed by reference map ...
18:36 DiffusionOperatorP1: Calculate all local scalar products beween gradients ...
18:36 DiffusionOperatorP1: Determine global dofs ...
18:36 DiffusionOperatorP1: Boundary treatment ...
18:36 DiffusionOperatorP1: Assemble system matrix ...
</system-err></testcase><testcase classname="src.pymortests.algorithms.gram_schmidt" file="src/pymortests/algorithms/gram_schmidt.py" line="68" name="test_gram_schmidt_biorth_with_product[&lt;lambda&gt;14]" time="0.03613114356994629"><system-err>18:36 DiffusionOperatorP1: Calulate gradients of shape functions transformed by reference map ...
18:36 DiffusionOperatorP1: Calculate all local scalar products beween gradients ...
18:36 DiffusionOperatorP1: Determine global dofs ...
18:36 DiffusionOperatorP1: Boundary treatment ...
18:36 DiffusionOperatorP1: Assemble system matrix ...
18:36 DiffusionOperatorP1: Calulate gradients of shape functions transformed by reference map ...
18:36 DiffusionOperatorP1: Calculate all local scalar products beween gradients ...
18:36 DiffusionOperatorP1: Determine global dofs ...
18:36 DiffusionOperatorP1: Boundary treatment ...
18:36 DiffusionOperatorP1: Assemble system matrix ...
18:36 DiffusionOperatorP1: Calulate gradients of shape functions transformed by reference map ...
18:36 DiffusionOperatorP1: Calculate all local scalar products beween gradients ...
18:36 DiffusionOperatorP1: Determine global dofs ...
18:36 DiffusionOperatorP1: Boundary treatment ...
18:36 DiffusionOperatorP1: Assemble system matrix ...
18:36 DiffusionOperatorP1: Calulate gradients of shape functions transformed by reference map ...
18:36 DiffusionOperatorP1: Calculate all local scalar products beween gradients ...
18:36 DiffusionOperatorP1: Determine global dofs ...
18:36 DiffusionOperatorP1: Boundary treatment ...
18:36 DiffusionOperatorP1: Assemble system matrix ...
18:36 DiffusionOperatorP1: Calulate gradients of shape functions transformed by reference map ...
18:36 DiffusionOperatorP1: Calculate all local scalar products beween gradients ...
18:36 DiffusionOperatorP1: Determine global dofs ...
18:36 DiffusionOperatorP1: Boundary treatment ...
18:36 DiffusionOperatorP1: Assemble system matrix ...
18:36 L2ProductP1: Integrate the products of the shape functions on each element
18:36 L2ProductP1: Determine global dofs ...
18:36 L2ProductP1: Boundary treatment ...
18:36 L2ProductP1: Assemble system matrix ...
18:36 DiffusionOperatorP1: Calulate gradients of shape functions transformed by reference map ...
18:36 DiffusionOperatorP1: Calculate all local scalar products beween gradients ...
18:36 DiffusionOperatorP1: Determine global dofs ...
18:36 DiffusionOperatorP1: Boundary treatment ...
18:36 DiffusionOperatorP1: Assemble system matrix ...
18:36 L2ProductP1: Integrate the products of the shape functions on each element
18:36 L2ProductP1: Determine global dofs ...
18:36 L2ProductP1: Boundary treatment ...
18:36 L2ProductP1: Assemble system matrix ...
18:36 DiffusionOperatorP1: Calulate gradients of shape functions transformed by reference map ...
18:36 DiffusionOperatorP1: Calculate all local scalar products beween gradients ...
18:36 DiffusionOperatorP1: Determine global dofs ...
18:36 DiffusionOperatorP1: Boundary treatment ...
18:36 DiffusionOperatorP1: Assemble system matrix ...
18:36 gram_schmidt_biorth: Projecting vector V[1] again
18:36 gram_schmidt_biorth: Projecting vector V[2] again
18:36 gram_schmidt_biorth: Projecting vector W[2] again
18:36 gram_schmidt_biorth: Projecting vector V[1] again
18:36 gram_schmidt_biorth: Projecting vector V[2] again
18:36 gram_schmidt_biorth: Projecting vector W[2] again
</system-err></testcase><testcase classname="src.pymortests.algorithms.gram_schmidt" file="src/pymortests/algorithms/gram_schmidt.py" line="68" name="test_gram_schmidt_biorth_with_product[&lt;lambda&gt;15]" time="0.03255128860473633"><system-err>18:36 DiffusionOperatorP1: Calulate gradients of shape functions transformed by reference map ...
18:36 DiffusionOperatorP1: Calculate all local scalar products beween gradients ...
18:36 DiffusionOperatorP1: Determine global dofs ...
18:36 DiffusionOperatorP1: Boundary treatment ...
18:36 DiffusionOperatorP1: Assemble system matrix ...
18:36 DiffusionOperatorP1: Calulate gradients of shape functions transformed by reference map ...
18:36 DiffusionOperatorP1: Calculate all local scalar products beween gradients ...
18:36 DiffusionOperatorP1: Determine global dofs ...
18:36 DiffusionOperatorP1: Boundary treatment ...
18:36 DiffusionOperatorP1: Assemble system matrix ...
18:36 L2ProductP1: Integrate the products of the shape functions on each element
18:36 L2ProductP1: Determine global dofs ...
18:36 L2ProductP1: Boundary treatment ...
18:36 L2ProductP1: Assemble system matrix ...
18:36 DiffusionOperatorP1: Calulate gradients of shape functions transformed by reference map ...
18:36 DiffusionOperatorP1: Calculate all local scalar products beween gradients ...
18:36 DiffusionOperatorP1: Determine global dofs ...
18:36 DiffusionOperatorP1: Boundary treatment ...
18:36 DiffusionOperatorP1: Assemble system matrix ...
18:36 L2ProductP1: Integrate the products of the shape functions on each element
18:36 L2ProductP1: Determine global dofs ...
18:36 L2ProductP1: Boundary treatment ...
18:36 L2ProductP1: Assemble system matrix ...
18:36 DiffusionOperatorP1: Calulate gradients of shape functions transformed by reference map ...
18:36 DiffusionOperatorP1: Calculate all local scalar products beween gradients ...
18:36 DiffusionOperatorP1: Determine global dofs ...
18:36 DiffusionOperatorP1: Boundary treatment ...
18:36 DiffusionOperatorP1: Assemble system matrix ...
18:36 gram_schmidt_biorth: Projecting vector V[1] again
18:36 gram_schmidt_biorth: Projecting vector W[1] again
18:36 gram_schmidt_biorth: Projecting vector V[2] again
18:36 gram_schmidt_biorth: Projecting vector W[2] again
18:36 gram_schmidt_biorth: Projecting vector V[1] again
18:36 gram_schmidt_biorth: Projecting vector W[1] again
18:36 gram_schmidt_biorth: Projecting vector V[2] again
18:36 gram_schmidt_biorth: Projecting vector W[2] again
</system-err></testcase><testcase classname="src.pymortests.algorithms.gram_schmidt" file="src/pymortests/algorithms/gram_schmidt.py" line="68" name="test_gram_schmidt_biorth_with_product[&lt;lambda&gt;16]" time="0.0282132625579834"><system-err>18:36 DiffusionOperatorP1: Calulate gradients of shape functions transformed by reference map ...
18:36 DiffusionOperatorP1: Calculate all local scalar products beween gradients ...
18:36 DiffusionOperatorP1: Determine global dofs ...
18:36 DiffusionOperatorP1: Boundary treatment ...
18:36 DiffusionOperatorP1: Assemble system matrix ...
18:36 DiffusionOperatorP1: Calulate gradients of shape functions transformed by reference map ...
18:36 DiffusionOperatorP1: Calculate all local scalar products beween gradients ...
18:36 DiffusionOperatorP1: Determine global dofs ...
18:36 DiffusionOperatorP1: Boundary treatment ...
18:36 DiffusionOperatorP1: Assemble system matrix ...
18:36 DiffusionOperatorP1: Calulate gradients of shape functions transformed by reference map ...
18:36 DiffusionOperatorP1: Calculate all local scalar products beween gradients ...
18:36 DiffusionOperatorP1: Determine global dofs ...
18:36 DiffusionOperatorP1: Boundary treatment ...
18:36 DiffusionOperatorP1: Assemble system matrix ...
18:36 DiffusionOperatorP1: Calulate gradients of shape functions transformed by reference map ...
18:36 DiffusionOperatorP1: Calculate all local scalar products beween gradients ...
18:36 DiffusionOperatorP1: Determine global dofs ...
18:36 DiffusionOperatorP1: Boundary treatment ...
18:36 DiffusionOperatorP1: Assemble system matrix ...
18:36 DiffusionOperatorP1: Calulate gradients of shape functions transformed by reference map ...
18:36 DiffusionOperatorP1: Calculate all local scalar products beween gradients ...
18:36 DiffusionOperatorP1: Determine global dofs ...
18:36 DiffusionOperatorP1: Boundary treatment ...
18:36 DiffusionOperatorP1: Assemble system matrix ...
18:36 L2ProductP1: Integrate the products of the shape functions on each element
18:36 L2ProductP1: Determine global dofs ...
18:36 L2ProductP1: Boundary treatment ...
18:36 L2ProductP1: Assemble system matrix ...
18:36 DiffusionOperatorP1: Calulate gradients of shape functions transformed by reference map ...
18:36 DiffusionOperatorP1: Calculate all local scalar products beween gradients ...
18:36 DiffusionOperatorP1: Determine global dofs ...
18:36 DiffusionOperatorP1: Boundary treatment ...
18:36 DiffusionOperatorP1: Assemble system matrix ...
18:36 L2ProductP1: Integrate the products of the shape functions on each element
18:36 L2ProductP1: Determine global dofs ...
18:36 L2ProductP1: Boundary treatment ...
18:36 L2ProductP1: Assemble system matrix ...
18:36 DiffusionOperatorP1: Calulate gradients of shape functions transformed by reference map ...
18:36 DiffusionOperatorP1: Calculate all local scalar products beween gradients ...
18:36 DiffusionOperatorP1: Determine global dofs ...
18:36 DiffusionOperatorP1: Boundary treatment ...
18:36 DiffusionOperatorP1: Assemble system matrix ...
</system-err></testcase><testcase classname="src.pymortests.algorithms.gram_schmidt" file="src/pymortests/algorithms/gram_schmidt.py" line="68" name="test_gram_schmidt_biorth_with_product[&lt;lambda&gt;17]" time="0.02443528175354004"><system-err>18:36 DiffusionOperatorP1: Calulate gradients of shape functions transformed by reference map ...
18:36 DiffusionOperatorP1: Calculate all local scalar products beween gradients ...
18:36 DiffusionOperatorP1: Determine global dofs ...
18:36 DiffusionOperatorP1: Boundary treatment ...
18:36 DiffusionOperatorP1: Assemble system matrix ...
18:36 DiffusionOperatorP1: Calulate gradients of shape functions transformed by reference map ...
18:36 DiffusionOperatorP1: Calculate all local scalar products beween gradients ...
18:36 DiffusionOperatorP1: Determine global dofs ...
18:36 DiffusionOperatorP1: Boundary treatment ...
18:36 DiffusionOperatorP1: Assemble system matrix ...
18:36 L2ProductP1: Integrate the products of the shape functions on each element
18:36 L2ProductP1: Determine global dofs ...
18:36 L2ProductP1: Boundary treatment ...
18:36 L2ProductP1: Assemble system matrix ...
18:36 DiffusionOperatorP1: Calulate gradients of shape functions transformed by reference map ...
18:36 DiffusionOperatorP1: Calculate all local scalar products beween gradients ...
18:36 DiffusionOperatorP1: Determine global dofs ...
18:36 DiffusionOperatorP1: Boundary treatment ...
18:36 DiffusionOperatorP1: Assemble system matrix ...
18:36 L2ProductP1: Integrate the products of the shape functions on each element
18:36 L2ProductP1: Determine global dofs ...
18:36 L2ProductP1: Boundary treatment ...
18:36 L2ProductP1: Assemble system matrix ...
18:36 DiffusionOperatorP1: Calulate gradients of shape functions transformed by reference map ...
18:36 DiffusionOperatorP1: Calculate all local scalar products beween gradients ...
18:36 DiffusionOperatorP1: Determine global dofs ...
18:36 DiffusionOperatorP1: Boundary treatment ...
18:36 DiffusionOperatorP1: Assemble system matrix ...
</system-err></testcase><testcase classname="src.pymortests.algorithms.gram_schmidt" file="src/pymortests/algorithms/gram_schmidt.py" line="68" name="test_gram_schmidt_biorth_with_product[&lt;lambda&gt;18]" time="0.035518646240234375"><system-err>18:36 DiffusionOperatorP1: Calulate gradients of shape functions transformed by reference map ...
18:36 DiffusionOperatorP1: Calculate all local scalar products beween gradients ...
18:36 DiffusionOperatorP1: Determine global dofs ...
18:36 DiffusionOperatorP1: Boundary treatment ...
18:36 DiffusionOperatorP1: Assemble system matrix ...
18:36 DiffusionOperatorP1: Calulate gradients of shape functions transformed by reference map ...
18:36 DiffusionOperatorP1: Calculate all local scalar products beween gradients ...
18:36 DiffusionOperatorP1: Determine global dofs ...
18:36 DiffusionOperatorP1: Boundary treatment ...
18:36 DiffusionOperatorP1: Assemble system matrix ...
18:36 DiffusionOperatorP1: Calulate gradients of shape functions transformed by reference map ...
18:36 DiffusionOperatorP1: Calculate all local scalar products beween gradients ...
18:36 DiffusionOperatorP1: Determine global dofs ...
18:36 DiffusionOperatorP1: Boundary treatment ...
18:36 DiffusionOperatorP1: Assemble system matrix ...
18:36 DiffusionOperatorP1: Calulate gradients of shape functions transformed by reference map ...
18:36 DiffusionOperatorP1: Calculate all local scalar products beween gradients ...
18:36 DiffusionOperatorP1: Determine global dofs ...
18:36 DiffusionOperatorP1: Boundary treatment ...
18:36 DiffusionOperatorP1: Assemble system matrix ...
18:36 DiffusionOperatorP1: Calulate gradients of shape functions transformed by reference map ...
18:36 DiffusionOperatorP1: Calculate all local scalar products beween gradients ...
18:36 DiffusionOperatorP1: Determine global dofs ...
18:36 DiffusionOperatorP1: Boundary treatment ...
18:36 DiffusionOperatorP1: Assemble system matrix ...
18:36 L2ProductP1: Integrate the products of the shape functions on each element
18:36 L2ProductP1: Determine global dofs ...
18:36 L2ProductP1: Boundary treatment ...
18:36 L2ProductP1: Assemble system matrix ...
18:36 DiffusionOperatorP1: Calulate gradients of shape functions transformed by reference map ...
18:36 DiffusionOperatorP1: Calculate all local scalar products beween gradients ...
18:36 DiffusionOperatorP1: Determine global dofs ...
18:36 DiffusionOperatorP1: Boundary treatment ...
18:36 DiffusionOperatorP1: Assemble system matrix ...
18:36 L2ProductP1: Integrate the products of the shape functions on each element
18:36 L2ProductP1: Determine global dofs ...
18:36 L2ProductP1: Boundary treatment ...
18:36 L2ProductP1: Assemble system matrix ...
18:36 DiffusionOperatorP1: Calulate gradients of shape functions transformed by reference map ...
18:36 DiffusionOperatorP1: Calculate all local scalar products beween gradients ...
18:36 DiffusionOperatorP1: Determine global dofs ...
18:36 DiffusionOperatorP1: Boundary treatment ...
18:36 DiffusionOperatorP1: Assemble system matrix ...
18:36 gram_schmidt_biorth: Projecting vector V[1] again
18:36 gram_schmidt_biorth: Projecting vector V[2] again
18:36 gram_schmidt_biorth: Projecting vector W[2] again
18:36 gram_schmidt_biorth: Projecting vector V[1] again
18:36 gram_schmidt_biorth: Projecting vector V[2] again
18:36 gram_schmidt_biorth: Projecting vector W[2] again
</system-err></testcase><testcase classname="src.pymortests.algorithms.gram_schmidt" file="src/pymortests/algorithms/gram_schmidt.py" line="68" name="test_gram_schmidt_biorth_with_product[&lt;lambda&gt;19]" time="0.03245663642883301"><system-err>18:36 DiffusionOperatorP1: Calulate gradients of shape functions transformed by reference map ...
18:36 DiffusionOperatorP1: Calculate all local scalar products beween gradients ...
18:36 DiffusionOperatorP1: Determine global dofs ...
18:36 DiffusionOperatorP1: Boundary treatment ...
18:36 DiffusionOperatorP1: Assemble system matrix ...
18:36 DiffusionOperatorP1: Calulate gradients of shape functions transformed by reference map ...
18:36 DiffusionOperatorP1: Calculate all local scalar products beween gradients ...
18:36 DiffusionOperatorP1: Determine global dofs ...
18:36 DiffusionOperatorP1: Boundary treatment ...
18:36 DiffusionOperatorP1: Assemble system matrix ...
18:36 L2ProductP1: Integrate the products of the shape functions on each element
18:36 L2ProductP1: Determine global dofs ...
18:36 L2ProductP1: Boundary treatment ...
18:36 L2ProductP1: Assemble system matrix ...
18:36 DiffusionOperatorP1: Calulate gradients of shape functions transformed by reference map ...
18:36 DiffusionOperatorP1: Calculate all local scalar products beween gradients ...
18:36 DiffusionOperatorP1: Determine global dofs ...
18:36 DiffusionOperatorP1: Boundary treatment ...
18:36 DiffusionOperatorP1: Assemble system matrix ...
18:36 L2ProductP1: Integrate the products of the shape functions on each element
18:36 L2ProductP1: Determine global dofs ...
18:36 L2ProductP1: Boundary treatment ...
18:36 L2ProductP1: Assemble system matrix ...
18:36 DiffusionOperatorP1: Calulate gradients of shape functions transformed by reference map ...
18:36 DiffusionOperatorP1: Calculate all local scalar products beween gradients ...
18:36 DiffusionOperatorP1: Determine global dofs ...
18:36 DiffusionOperatorP1: Boundary treatment ...
18:36 DiffusionOperatorP1: Assemble system matrix ...
18:36 gram_schmidt_biorth: Projecting vector V[1] again
18:36 gram_schmidt_biorth: Projecting vector W[1] again
18:36 gram_schmidt_biorth: Projecting vector V[2] again
18:36 gram_schmidt_biorth: Projecting vector W[2] again
18:36 gram_schmidt_biorth: Projecting vector V[1] again
18:36 gram_schmidt_biorth: Projecting vector W[1] again
18:36 gram_schmidt_biorth: Projecting vector V[2] again
18:36 gram_schmidt_biorth: Projecting vector W[2] again
</system-err></testcase><testcase classname="src.pymortests.algorithms.gram_schmidt" file="src/pymortests/algorithms/gram_schmidt.py" line="68" name="test_gram_schmidt_biorth_with_product[&lt;lambda&gt;20]" time="0.03629589080810547"><system-err>18:36 DiffusionOperatorP1: Calulate gradients of shape functions transformed by reference map ...
18:36 DiffusionOperatorP1: Calculate all local scalar products beween gradients ...
18:36 DiffusionOperatorP1: Determine global dofs ...
18:36 DiffusionOperatorP1: Boundary treatment ...
18:36 DiffusionOperatorP1: Assemble system matrix ...
18:36 DiffusionOperatorP1: Calulate gradients of shape functions transformed by reference map ...
18:36 DiffusionOperatorP1: Calculate all local scalar products beween gradients ...
18:36 DiffusionOperatorP1: Determine global dofs ...
18:36 DiffusionOperatorP1: Boundary treatment ...
18:36 DiffusionOperatorP1: Assemble system matrix ...
18:36 DiffusionOperatorP1: Calulate gradients of shape functions transformed by reference map ...
18:36 DiffusionOperatorP1: Calculate all local scalar products beween gradients ...
18:36 DiffusionOperatorP1: Determine global dofs ...
18:36 DiffusionOperatorP1: Boundary treatment ...
18:36 DiffusionOperatorP1: Assemble system matrix ...
18:36 DiffusionOperatorP1: Calulate gradients of shape functions transformed by reference map ...
18:36 DiffusionOperatorP1: Calculate all local scalar products beween gradients ...
18:36 DiffusionOperatorP1: Determine global dofs ...
18:36 DiffusionOperatorP1: Boundary treatment ...
18:36 DiffusionOperatorP1: Assemble system matrix ...
18:36 DiffusionOperatorP1: Calulate gradients of shape functions transformed by reference map ...
18:36 DiffusionOperatorP1: Calculate all local scalar products beween gradients ...
18:36 DiffusionOperatorP1: Determine global dofs ...
18:36 DiffusionOperatorP1: Boundary treatment ...
18:36 DiffusionOperatorP1: Assemble system matrix ...
18:36 L2ProductP1: Integrate the products of the shape functions on each element
18:36 L2ProductP1: Determine global dofs ...
18:36 L2ProductP1: Boundary treatment ...
18:36 L2ProductP1: Assemble system matrix ...
18:36 DiffusionOperatorP1: Calulate gradients of shape functions transformed by reference map ...
18:36 DiffusionOperatorP1: Calculate all local scalar products beween gradients ...
18:36 DiffusionOperatorP1: Determine global dofs ...
18:36 DiffusionOperatorP1: Boundary treatment ...
18:36 DiffusionOperatorP1: Assemble system matrix ...
18:36 L2ProductP1: Integrate the products of the shape functions on each element
18:36 L2ProductP1: Determine global dofs ...
18:36 L2ProductP1: Boundary treatment ...
18:36 L2ProductP1: Assemble system matrix ...
18:36 DiffusionOperatorP1: Calulate gradients of shape functions transformed by reference map ...
18:36 DiffusionOperatorP1: Calculate all local scalar products beween gradients ...
18:36 DiffusionOperatorP1: Determine global dofs ...
18:36 DiffusionOperatorP1: Boundary treatment ...
18:36 DiffusionOperatorP1: Assemble system matrix ...
18:36 gram_schmidt_biorth: Projecting vector V[1] again
18:36 gram_schmidt_biorth: Projecting vector V[2] again
18:36 gram_schmidt_biorth: Projecting vector W[2] again
18:36 gram_schmidt_biorth: Projecting vector V[1] again
18:36 gram_schmidt_biorth: Projecting vector V[2] again
18:36 gram_schmidt_biorth: Projecting vector W[2] again
</system-err></testcase><testcase classname="src.pymortests.algorithms.gram_schmidt" file="src/pymortests/algorithms/gram_schmidt.py" line="68" name="test_gram_schmidt_biorth_with_product[&lt;lambda&gt;21]" time="0.03196907043457031"><system-err>18:36 DiffusionOperatorP1: Calulate gradients of shape functions transformed by reference map ...
18:36 DiffusionOperatorP1: Calculate all local scalar products beween gradients ...
18:36 DiffusionOperatorP1: Determine global dofs ...
18:36 DiffusionOperatorP1: Boundary treatment ...
18:36 DiffusionOperatorP1: Assemble system matrix ...
18:36 DiffusionOperatorP1: Calulate gradients of shape functions transformed by reference map ...
18:36 DiffusionOperatorP1: Calculate all local scalar products beween gradients ...
18:36 DiffusionOperatorP1: Determine global dofs ...
18:36 DiffusionOperatorP1: Boundary treatment ...
18:36 DiffusionOperatorP1: Assemble system matrix ...
18:36 L2ProductP1: Integrate the products of the shape functions on each element
18:36 L2ProductP1: Determine global dofs ...
18:36 L2ProductP1: Boundary treatment ...
18:36 L2ProductP1: Assemble system matrix ...
18:36 DiffusionOperatorP1: Calulate gradients of shape functions transformed by reference map ...
18:36 DiffusionOperatorP1: Calculate all local scalar products beween gradients ...
18:36 DiffusionOperatorP1: Determine global dofs ...
18:36 DiffusionOperatorP1: Boundary treatment ...
18:36 DiffusionOperatorP1: Assemble system matrix ...
18:36 L2ProductP1: Integrate the products of the shape functions on each element
18:36 L2ProductP1: Determine global dofs ...
18:36 L2ProductP1: Boundary treatment ...
18:36 L2ProductP1: Assemble system matrix ...
18:36 DiffusionOperatorP1: Calulate gradients of shape functions transformed by reference map ...
18:36 DiffusionOperatorP1: Calculate all local scalar products beween gradients ...
18:36 DiffusionOperatorP1: Determine global dofs ...
18:36 DiffusionOperatorP1: Boundary treatment ...
18:36 DiffusionOperatorP1: Assemble system matrix ...
18:36 gram_schmidt_biorth: Projecting vector V[1] again
18:36 gram_schmidt_biorth: Projecting vector W[1] again
18:36 gram_schmidt_biorth: Projecting vector V[2] again
18:36 gram_schmidt_biorth: Projecting vector W[2] again
18:36 gram_schmidt_biorth: Projecting vector V[1] again
18:36 gram_schmidt_biorth: Projecting vector W[1] again
18:36 gram_schmidt_biorth: Projecting vector V[2] again
18:36 gram_schmidt_biorth: Projecting vector W[2] again
</system-err></testcase><testcase classname="src.pymortests.algorithms.gram_schmidt" file="src/pymortests/algorithms/gram_schmidt.py" line="68" name="test_gram_schmidt_biorth_with_product[&lt;lambda&gt;22]" time="0.03246426582336426"><system-err>18:36 DiffusionOperatorP1: Calulate gradients of shape functions transformed by reference map ...
18:36 DiffusionOperatorP1: Calculate all local scalar products beween gradients ...
18:36 DiffusionOperatorP1: Determine global dofs ...
18:36 DiffusionOperatorP1: Boundary treatment ...
18:36 DiffusionOperatorP1: Assemble system matrix ...
18:36 DiffusionOperatorP1: Calulate gradients of shape functions transformed by reference map ...
18:36 DiffusionOperatorP1: Calculate all local scalar products beween gradients ...
18:36 DiffusionOperatorP1: Determine global dofs ...
18:36 DiffusionOperatorP1: Boundary treatment ...
18:36 DiffusionOperatorP1: Assemble system matrix ...
18:36 DiffusionOperatorP1: Calulate gradients of shape functions transformed by reference map ...
18:36 DiffusionOperatorP1: Calculate all local scalar products beween gradients ...
18:36 DiffusionOperatorP1: Determine global dofs ...
18:36 DiffusionOperatorP1: Boundary treatment ...
18:36 DiffusionOperatorP1: Assemble system matrix ...
18:36 DiffusionOperatorP1: Calulate gradients of shape functions transformed by reference map ...
18:36 DiffusionOperatorP1: Calculate all local scalar products beween gradients ...
18:36 DiffusionOperatorP1: Determine global dofs ...
18:36 DiffusionOperatorP1: Boundary treatment ...
18:36 DiffusionOperatorP1: Assemble system matrix ...
18:36 DiffusionOperatorP1: Calulate gradients of shape functions transformed by reference map ...
18:36 DiffusionOperatorP1: Calculate all local scalar products beween gradients ...
18:36 DiffusionOperatorP1: Determine global dofs ...
18:36 DiffusionOperatorP1: Boundary treatment ...
18:36 DiffusionOperatorP1: Assemble system matrix ...
18:36 L2ProductP1: Integrate the products of the shape functions on each element
18:36 L2ProductP1: Determine global dofs ...
18:36 L2ProductP1: Boundary treatment ...
18:36 L2ProductP1: Assemble system matrix ...
18:36 DiffusionOperatorP1: Calulate gradients of shape functions transformed by reference map ...
18:36 DiffusionOperatorP1: Calculate all local scalar products beween gradients ...
18:36 DiffusionOperatorP1: Determine global dofs ...
18:36 DiffusionOperatorP1: Boundary treatment ...
18:36 DiffusionOperatorP1: Assemble system matrix ...
18:36 L2ProductP1: Integrate the products of the shape functions on each element
18:36 L2ProductP1: Determine global dofs ...
18:36 L2ProductP1: Boundary treatment ...
18:36 L2ProductP1: Assemble system matrix ...
18:36 DiffusionOperatorP1: Calulate gradients of shape functions transformed by reference map ...
18:36 DiffusionOperatorP1: Calculate all local scalar products beween gradients ...
18:36 DiffusionOperatorP1: Determine global dofs ...
18:36 DiffusionOperatorP1: Boundary treatment ...
18:36 DiffusionOperatorP1: Assemble system matrix ...
</system-err></testcase><testcase classname="src.pymortests.algorithms.gram_schmidt" file="src/pymortests/algorithms/gram_schmidt.py" line="68" name="test_gram_schmidt_biorth_with_product[&lt;lambda&gt;23]" time="0.029069185256958008"><system-err>18:36 DiffusionOperatorP1: Calulate gradients of shape functions transformed by reference map ...
18:36 DiffusionOperatorP1: Calculate all local scalar products beween gradients ...
18:36 DiffusionOperatorP1: Determine global dofs ...
18:36 DiffusionOperatorP1: Boundary treatment ...
18:36 DiffusionOperatorP1: Assemble system matrix ...
18:36 DiffusionOperatorP1: Calulate gradients of shape functions transformed by reference map ...
18:36 DiffusionOperatorP1: Calculate all local scalar products beween gradients ...
18:36 DiffusionOperatorP1: Determine global dofs ...
18:36 DiffusionOperatorP1: Boundary treatment ...
18:36 DiffusionOperatorP1: Assemble system matrix ...
18:36 L2ProductP1: Integrate the products of the shape functions on each element
18:36 L2ProductP1: Determine global dofs ...
18:36 L2ProductP1: Boundary treatment ...
18:36 L2ProductP1: Assemble system matrix ...
18:36 DiffusionOperatorP1: Calulate gradients of shape functions transformed by reference map ...
18:36 DiffusionOperatorP1: Calculate all local scalar products beween gradients ...
18:36 DiffusionOperatorP1: Determine global dofs ...
18:36 DiffusionOperatorP1: Boundary treatment ...
18:36 DiffusionOperatorP1: Assemble system matrix ...
18:36 L2ProductP1: Integrate the products of the shape functions on each element
18:36 L2ProductP1: Determine global dofs ...
18:36 L2ProductP1: Boundary treatment ...
18:36 L2ProductP1: Assemble system matrix ...
18:36 DiffusionOperatorP1: Calulate gradients of shape functions transformed by reference map ...
18:36 DiffusionOperatorP1: Calculate all local scalar products beween gradients ...
18:36 DiffusionOperatorP1: Determine global dofs ...
18:36 DiffusionOperatorP1: Boundary treatment ...
18:36 DiffusionOperatorP1: Assemble system matrix ...
18:36 gram_schmidt_biorth: Projecting vector V[1] again
18:36 gram_schmidt_biorth: Projecting vector W[1] again
18:36 gram_schmidt_biorth: Projecting vector V[1] again
18:36 gram_schmidt_biorth: Projecting vector W[1] again
</system-err></testcase><testcase classname="src.pymortests.algorithms.gram_schmidt" file="src/pymortests/algorithms/gram_schmidt.py" line="68" name="test_gram_schmidt_biorth_with_product[&lt;lambda&gt;24]" time="0.008428573608398438"><system-err>18:36 gram_schmidt_biorth: Projecting vector V[1] again
18:36 gram_schmidt_biorth: Projecting vector W[1] again
18:36 gram_schmidt_biorth: Projecting vector V[1] again
18:36 gram_schmidt_biorth: Projecting vector W[1] again
</system-err></testcase><testcase classname="src.pymortests.algorithms.gram_schmidt" file="src/pymortests/algorithms/gram_schmidt.py" line="68" name="test_gram_schmidt_biorth_with_product[&lt;lambda&gt;25]" time="0.007519721984863281"><system-err>18:36 gram_schmidt_biorth: Projecting vector V[1] again
18:36 gram_schmidt_biorth: Projecting vector W[1] again
18:36 gram_schmidt_biorth: Projecting vector V[1] again
18:36 gram_schmidt_biorth: Projecting vector W[1] again
</system-err></testcase><testcase classname="src.pymortests.algorithms.gram_schmidt" file="src/pymortests/algorithms/gram_schmidt.py" line="68" name="test_gram_schmidt_biorth_with_product[&lt;lambda&gt;26]" time="0.0072650909423828125"><system-err>18:36 gram_schmidt_biorth: Projecting vector V[1] again
18:36 gram_schmidt_biorth: Projecting vector W[1] again
18:36 gram_schmidt_biorth: Projecting vector V[1] again
18:36 gram_schmidt_biorth: Projecting vector W[1] again
</system-err></testcase><testcase classname="src.pymortests.algorithms.gram_schmidt" file="src/pymortests/algorithms/gram_schmidt.py" line="68" name="test_gram_schmidt_biorth_with_product[&lt;lambda&gt;27]" time="0.004548788070678711"></testcase><testcase classname="src.pymortests.algorithms.gram_schmidt" file="src/pymortests/algorithms/gram_schmidt.py" line="68" name="test_gram_schmidt_biorth_with_product[&lt;lambda&gt;28]" time="0.004584074020385742"></testcase><testcase classname="src.pymortests.algorithms.gram_schmidt" file="src/pymortests/algorithms/gram_schmidt.py" line="68" name="test_gram_schmidt_biorth_with_product[&lt;lambda&gt;29]" time="0.0042073726654052734"></testcase><testcase classname="src.pymortests.algorithms.gram_schmidt" file="src/pymortests/algorithms/gram_schmidt.py" line="68" name="test_gram_schmidt_biorth_with_product[&lt;lambda&gt;30]" time="0.003900766372680664"></testcase><testcase classname="src.pymortests.algorithms.gram_schmidt" file="src/pymortests/algorithms/gram_schmidt.py" line="68" name="test_gram_schmidt_biorth_with_product[&lt;lambda&gt;31]" time="0.003821134567260742"></testcase><testcase classname="src.pymortests.algorithms.gram_schmidt" file="src/pymortests/algorithms/gram_schmidt.py" line="68" name="test_gram_schmidt_biorth_with_product[&lt;lambda&gt;32]" time="0.015626192092895508"></testcase><testcase classname="src.pymortests.algorithms.gram_schmidt" file="src/pymortests/algorithms/gram_schmidt.py" line="68" name="test_gram_schmidt_biorth_with_product[&lt;lambda&gt;33]" time="0.013425111770629883"></testcase><testcase classname="src.pymortests.algorithms.gram_schmidt" file="src/pymortests/algorithms/gram_schmidt.py" line="68" name="test_gram_schmidt_biorth_with_product[&lt;lambda&gt;34]" time="0.008901357650756836"><system-err>18:36 gram_schmidt_biorth: Projecting vector V[1] again
18:36 gram_schmidt_biorth: Projecting vector W[1] again
18:36 gram_schmidt_biorth: Projecting vector V[1] again
18:36 gram_schmidt_biorth: Projecting vector W[1] again
</system-err></testcase><testcase classname="src.pymortests.algorithms.gram_schmidt" file="src/pymortests/algorithms/gram_schmidt.py" line="68" name="test_gram_schmidt_biorth_with_product[&lt;lambda&gt;35]" time="0.012670278549194336"></testcase><testcase classname="src.pymortests.algorithms.gram_schmidt" file="src/pymortests/algorithms/gram_schmidt.py" line="68" name="test_gram_schmidt_biorth_with_product[&lt;lambda&gt;36]" time="0.007513761520385742"><system-err>18:36 gram_schmidt_biorth: Projecting vector V[1] again
18:36 gram_schmidt_biorth: Projecting vector W[1] again
18:36 gram_schmidt_biorth: Projecting vector V[1] again
18:36 gram_schmidt_biorth: Projecting vector W[1] again
</system-err></testcase><testcase classname="src.pymortests.algorithms.stuff" file="src/pymortests/algorithms/stuff.py" line="20" name="test_newton[1]" time="0.0030968189239501953"><system-err>18:36 newton:       Initial Residual: 1.000000e+00
18:36 newton: Iteration  1: Residual: 0.000000e+00,  Reduction: 0.000000e+00, Total Reduction: 0.000000e+00
18:36 newton: Absolute limit of 1e-15 reached. Stopping.
</system-err></testcase><testcase classname="src.pymortests.algorithms.stuff" file="src/pymortests/algorithms/stuff.py" line="20" name="test_newton[2]" time="0.002151966094970703"><system-err>18:36 newton:       Initial Residual: 1.000000e+00
18:36 newton: Iteration  1: Residual: 0.000000e+00,  Reduction: 0.000000e+00, Total Reduction: 0.000000e+00
18:36 newton: Absolute limit of 1e-15 reached. Stopping.
</system-err></testcase><testcase classname="src.pymortests.algorithms.stuff" file="src/pymortests/algorithms/stuff.py" line="20" name="test_newton[3]" time="0.002007007598876953"><system-err>18:36 newton:       Initial Residual: 1.000000e+00
18:36 newton: Iteration  1: Residual: 0.000000e+00,  Reduction: 0.000000e+00, Total Reduction: 0.000000e+00
18:36 newton: Absolute limit of 1e-15 reached. Stopping.
</system-err></testcase><testcase classname="src.pymortests.algorithms.stuff" file="src/pymortests/algorithms/stuff.py" line="20" name="test_newton[4]" time="0.0019295215606689453"><system-err>18:36 newton:       Initial Residual: 1.000000e+00
18:36 newton: Iteration  1: Residual: 0.000000e+00,  Reduction: 0.000000e+00, Total Reduction: 0.000000e+00
18:36 newton: Absolute limit of 1e-15 reached. Stopping.
</system-err></testcase><testcase classname="src.pymortests.algorithms.stuff" file="src/pymortests/algorithms/stuff.py" line="20" name="test_newton[5]" time="0.0019147396087646484"><system-err>18:36 newton:       Initial Residual: 1.000000e+00
18:36 newton: Iteration  1: Residual: 0.000000e+00,  Reduction: 0.000000e+00, Total Reduction: 0.000000e+00
18:36 newton: Absolute limit of 1e-15 reached. Stopping.
</system-err></testcase><testcase classname="src.pymortests.algorithms.stuff" file="src/pymortests/algorithms/stuff.py" line="20" name="test_newton[6]" time="0.0019123554229736328"><system-err>18:36 newton:       Initial Residual: 1.000000e+00
18:36 newton: Iteration  1: Residual: 0.000000e+00,  Reduction: 0.000000e+00, Total Reduction: 0.000000e+00
18:36 newton: Absolute limit of 1e-15 reached. Stopping.
</system-err></testcase><testcase classname="src.pymortests.algorithms.stuff" file="src/pymortests/algorithms/stuff.py" line="20" name="test_newton[7]" time="0.001988649368286133"><system-err>18:36 newton:       Initial Residual: 1.000000e+00
18:36 newton: Iteration  1: Residual: 0.000000e+00,  Reduction: 0.000000e+00, Total Reduction: 0.000000e+00
18:36 newton: Absolute limit of 1e-15 reached. Stopping.
</system-err></testcase><testcase classname="src.pymortests.algorithms.stuff" file="src/pymortests/algorithms/stuff.py" line="26" name="test_newton_fail" time="0.00450897216796875"><system-err>18:36 newton:       Initial Residual: 1.000000e+00
18:36 newton: Iteration  1: Residual: 1.000000e+00,  Reduction: 1.000000e+00, Total Reduction: 1.000000e+00
18:36 newton: Iteration  2: Residual: 1.000000e+00,  Reduction: 1.000000e+00, Total Reduction: 1.000000e+00
18:36 newton: Iteration  3: Residual: 1.000000e+00,  Reduction: 1.000000e+00, Total Reduction: 1.000000e+00
18:36 newton: Iteration  4: Residual: 1.000000e+00,  Reduction: 1.000000e+00, Total Reduction: 1.000000e+00
18:36 newton: Iteration  5: Residual: 1.000000e+00,  Reduction: 1.000000e+00, Total Reduction: 1.000000e+00
18:36 newton: Iteration  6: Residual: 1.000000e+00,  Reduction: 1.000000e+00, Total Reduction: 1.000000e+00
18:36 newton: Iteration  7: Residual: 1.000000e+00,  Reduction: 1.000000e+00, Total Reduction: 1.000000e+00
18:36 newton: Iteration  8: Residual: 1.000000e+00,  Reduction: 1.000000e+00, Total Reduction: 1.000000e+00
18:36 newton: Iteration  9: Residual: 1.000000e+00,  Reduction: 1.000000e+00, Total Reduction: 1.000000e+00
18:36 newton: Iteration 10: Residual: 1.000000e+00,  Reduction: 1.000000e+00, Total Reduction: 1.000000e+00
</system-err></testcase><testcase classname="src.pymortests.core.config" file="src/pymortests/core/config.py" line="8" name="test_repr" time="0.013969182968139648"></testcase><testcase classname="src.pymortests.core.config" file="src/pymortests/core/config.py" line="12" name="test_entries" time="0.0011210441589355469"></testcase><testcase classname="src.pymortests.core.config" file="src/pymortests/core/config.py" line="19" name="test_dir" time="0.0011031627655029297"></testcase><testcase classname="src.pymortests.core.defaults" file="src/pymortests/core/defaults.py" line="14" name="test_defaults" time="0.0014433860778808594"></testcase><testcase classname="src.pymortests.core.defaults" file="src/pymortests/core/defaults.py" line="30" name="test_print_defaults" time="0.0555567741394043"><system-out>                                                       defaults affecting state id calcuation                                                       
                                                       ======================================                                                       

path (shortened)                                                       value                                                                  source
---------------------------------------------------------------------  ---------------------------------------------------------------------  ------
basic.almost_equal.atol                                                1e-14                                                                  code  
basic.almost_equal.rtol                                                1e-14                                                                  code  
genericsolvers.apply_inverse.check_finite                              True                                                                   code  
genericsolvers.apply_inverse.default_least_squares_solver              &apos;generic_least_squares_lsmr&apos;                                           code  
genericsolvers.apply_inverse.default_solver                            &apos;generic_lgmres&apos;                                                       code  
genericsolvers.solver_options.least_squares_lsmr_atol                  1e-06                                                                  code  
genericsolvers.solver_options.least_squares_lsmr_btol                  1e-06                                                                  code  
genericsolvers.solver_options.least_squares_lsmr_conlim                100000000.0                                                            code  
genericsolvers.solver_options.least_squares_lsmr_damp                  0.0                                                                    code  
genericsolvers.solver_options.least_squares_lsmr_maxiter               None                                                                   code  
genericsolvers.solver_options.least_squares_lsqr_atol                  1e-06                                                                  code  
genericsolvers.solver_options.least_squares_lsqr_btol                  1e-06                                                                  code  
genericsolvers.solver_options.least_squares_lsqr_conlim                100000000.0                                                            code  
genericsolvers.solver_options.least_squares_lsqr_iter_lim              None                                                                   code  
genericsolvers.solver_options.lgmres_inner_m                           39                                                                     code  
genericsolvers.solver_options.lgmres_maxiter                           1000                                                                   code  
genericsolvers.solver_options.lgmres_outer_k                           3                                                                      code  
genericsolvers.solver_options.lgmres_tol                               1e-05                                                                  code  
gram_schmidt.gram_schmidt.atol                                         1e-13                                                                  code  
gram_schmidt.gram_schmidt.check                                        True                                                                   code  
gram_schmidt.gram_schmidt.check_tol                                    0.001                                                                  code  
gram_schmidt.gram_schmidt.reiterate                                    True                                                                   code  
gram_schmidt.gram_schmidt.reiteration_threshold                        0.1                                                                    code  
gram_schmidt.gram_schmidt.rtol                                         1e-13                                                                  code  
lradi.lyap_lrcf_solver_options.lradi_maxiter                           500                                                                    code  
lradi.lyap_lrcf_solver_options.lradi_shifts                            &apos;projection_shifts&apos;                                                    code  
lradi.lyap_lrcf_solver_options.lradi_tol                               1e-10                                                                  code  
lradi.lyap_lrcf_solver_options.projection_shifts_implicit_subspace     True                                                                   code  
lradi.lyap_lrcf_solver_options.projection_shifts_init_maxiter          20                                                                     code  
lradi.lyap_lrcf_solver_options.projection_shifts_init_seed             None                                                                   code  
lradi.lyap_lrcf_solver_options.projection_shifts_z_columns             1                                                                      code  
lyapunov.mat_eqn_sparse_min_size.value                                 1000                                                                   code  
lyapunov.solve_lyap_dense.default_solver_backend                       &apos;pymess&apos;                                                               code  
lyapunov.solve_lyap_lrcf.default_dense_solver_backend                  &apos;pymess&apos;                                                               code  
lyapunov.solve_lyap_lrcf.default_sparse_solver_backend                 &apos;pymess&apos;                                                               code  
newton.newton.atol                                                     -1.0                                                                   code  
newton.newton.maxiter                                                  100                                                                    code  
newton.newton.miniter                                                  0                                                                      code  
newton.newton.rtol                                                     -1.0                                                                   code  
newton.newton.stagnation_threshold                                     0.9                                                                    code  
newton.newton.stagnation_window                                        3                                                                      code  
pod.pod.atol                                                           0.0                                                                    code  
pod.pod.check                                                          True                                                                   code  
pod.pod.check_tol                                                      1e-10                                                                  code  
pod.pod.l2_err                                                         0.0                                                                    code  
pod.pod.orthonormalize                                                 True                                                                   code  
pod.pod.rtol                                                           4e-08                                                                  code  
pod.pod.symmetrize                                                     False                                                                  code  
riccati.solve_pos_ricc_lrcf.default_dense_solver_backend               &apos;pymess&apos;                                                               code  
riccati.solve_ricc_lrcf.default_dense_solver_backend                   &apos;pymess&apos;                                                               code  
riccati.solve_ricc_lrcf.default_sparse_solver_backend                  &apos;pymess&apos;                                                               code  
text.text_problem.font_name                                            None                                                                   code  
fenics._solver_options.preconditioner                                  &apos;amg&apos;                                                                  code  
fenics._solver_options.solver                                          &apos;bicgstab&apos;                                                             code  
ngsolve.NGSolveMatrixOperator.apply_inverse.default_solver             &apos;&apos;                                                                     code  
pyamg.apply_inverse.check_finite                                       True                                                                   code  
pyamg.apply_inverse.default_solver                                     &apos;pyamg_solve&apos;                                                          code  
pyamg.solver_options.maxiter                                           400                                                                    code  
pyamg.solver_options.rs_CF                                             &apos;RS&apos;                                                                   code  
pyamg.solver_options.rs_accel                                          None                                                                   code  
pyamg.solver_options.rs_coarse_solver                                  &apos;pinv2&apos;                                                                code  
pyamg.solver_options.rs_cycle                                          &apos;V&apos;                                                                    code  
pyamg.solver_options.rs_max_coarse                                     500                                                                    code  
pyamg.solver_options.rs_max_levels                                     10                                                                     code  
pyamg.solver_options.rs_maxiter                                        100                                                                    code  
pyamg.solver_options.rs_postsmoother                                   (&apos;gauss_seidel&apos;, {&apos;sweep&apos;: &apos;symmetric&apos;})                               code  
pyamg.solver_options.rs_strength                                       (&apos;classical&apos;, {&apos;theta&apos;: 0.25})                                         code  
pyamg.solver_options.rs_tol                                            1e-05                                                                  code  
pyamg.solver_options.sa_accel                                          None                                                                   code  
pyamg.solver_options.sa_aggregate                                      &apos;standard&apos;                                                             code  
pyamg.solver_options.sa_coarse_solver                                  &apos;pinv2&apos;                                                                code  
pyamg.solver_options.sa_cycle                                          &apos;V&apos;                                                                    code  
pyamg.solver_options.sa_diagonal_dominance                             False                                                                  code  
pyamg.solver_options.sa_improve_candidates                             ((&apos;block_gauss_seidel&apos;, {&apos;sweep&apos;: &apos;symmetric&apos;, &apos;iterations&apos;: 4}),      code  
                                                                       None)                                                                        
pyamg.solver_options.sa_max_coarse                                     500                                                                    code  
pyamg.solver_options.sa_max_levels                                     10                                                                     code  
pyamg.solver_options.sa_maxiter                                        100                                                                    code  
pyamg.solver_options.sa_postsmoother                                   (&apos;block_gauss_seidel&apos;, {&apos;sweep&apos;: &apos;symmetric&apos;})                         code  
pyamg.solver_options.sa_presmoother                                    (&apos;block_gauss_seidel&apos;, {&apos;sweep&apos;: &apos;symmetric&apos;})                         code  
pyamg.solver_options.sa_smooth                                         (&apos;jacobi&apos;, {&apos;omega&apos;: 1.3333333333333333})                              code  
pyamg.solver_options.sa_strength                                       &apos;symmetric&apos;                                                            code  
pyamg.solver_options.sa_symmetry                                       &apos;hermitian&apos;                                                            code  
pyamg.solver_options.sa_tol                                            1e-05                                                                  code  
pyamg.solver_options.tol                                               1e-05                                                                  code  
pymess.dense_nm_gmpcare_solver_options.absres_tol                      1e-11                                                                  code  
pymess.dense_nm_gmpcare_solver_options.linesearch                      False                                                                  code  
pymess.dense_nm_gmpcare_solver_options.maxit                           50                                                                     code  
pymess.dense_nm_gmpcare_solver_options.nrm                             0                                                                      code  
pymess.dense_nm_gmpcare_solver_options.relres_tol                      1e-12                                                                  code  
pymess.lradi_solver_options.adi_maxit                                  500                                                                    code  
pymess.lradi_solver_options.adi_memory_usage                           1                                                                      code  
pymess.lradi_solver_options.adi_output                                 1                                                                      code  
pymess.lradi_solver_options.adi_rel_change_tol                         1e-10                                                                  code  
pymess.lradi_solver_options.adi_res2_tol                               1e-10                                                                  code  
pymess.lradi_solver_options.adi_res2c_tol                              1e-11                                                                  code  
pymess.lradi_solver_options.adi_shifts_arp_m                           32                                                                     code  
pymess.lradi_solver_options.adi_shifts_arp_p                           48                                                                     code  
pymess.lradi_solver_options.adi_shifts_b0                              None                                                                   code  
pymess.lradi_solver_options.adi_shifts_l0                              16                                                                     code  
pymess.lradi_solver_options.adi_shifts_p                               None                                                                   code  
pymess.lradi_solver_options.adi_shifts_paratype                        3                                                                      code  
pymess.lrnm_solver_options.newton_gstep                                0                                                                      code  
pymess.lrnm_solver_options.newton_k0                                   None                                                                   code  
pymess.lrnm_solver_options.newton_linesearch                           0                                                                      code  
pymess.lrnm_solver_options.newton_maxit                                30                                                                     code  
pymess.lrnm_solver_options.newton_output                               1                                                                      code  
pymess.lrnm_solver_options.newton_res2_tol                             1e-10                                                                  code  
pymess.lrnm_solver_options.newton_singleshifts                         0                                                                      code  
pymess.solve_lyap_lrcf.default_solver                                  None                                                                   code  
pymess.solve_ricc_lrcf.default_solver                                  None                                                                   code  
scipy.apply_inverse.check_finite                                       True                                                                   code  
scipy.apply_inverse.default_least_squares_solver                       &apos;scipy_least_squares_lsmr&apos;                                             code  
scipy.apply_inverse.default_solver                                     &apos;scipy_spsolve&apos;                                                        code  
scipy.solver_options.bicgstab_maxiter                                  None                                                                   code  
scipy.solver_options.bicgstab_tol                                      1e-15                                                                  code  
scipy.solver_options.least_squares_lsmr_atol                           1e-06                                                                  code  
scipy.solver_options.least_squares_lsmr_btol                           1e-06                                                                  code  
scipy.solver_options.least_squares_lsmr_conlim                         100000000.0                                                            code  
scipy.solver_options.least_squares_lsmr_damp                           0.0                                                                    code  
scipy.solver_options.least_squares_lsmr_maxiter                        None                                                                   code  
scipy.solver_options.least_squares_lsqr_atol                           1e-06                                                                  code  
scipy.solver_options.least_squares_lsqr_btol                           1e-06                                                                  code  
scipy.solver_options.least_squares_lsqr_conlim                         100000000.0                                                            code  
scipy.solver_options.least_squares_lsqr_iter_lim                       None                                                                   code  
scipy.solver_options.lgmres_inner_m                                    39                                                                     code  
scipy.solver_options.lgmres_maxiter                                    1000                                                                   code  
scipy.solver_options.lgmres_outer_k                                    3                                                                      code  
scipy.solver_options.lgmres_tol                                        1e-05                                                                  code  
scipy.solver_options.spilu_drop_rule                                   None                                                                   code  
scipy.solver_options.spilu_drop_tol                                    0.0001                                                                 code  
scipy.solver_options.spilu_fill_factor                                 10                                                                     code  
scipy.solver_options.spilu_permc_spec                                  &apos;COLAMD&apos;                                                               code  
scipy.solver_options.spsolve_keep_factorization                        True                                                                   code  
scipy.solver_options.spsolve_permc_spec                                &apos;COLAMD&apos;                                                               code  
constructions.induced_norm.raise_negative                              True                                                                   code  
constructions.induced_norm.tol                                         1e-10                                                                  code  
fv.jacobian_options.delta                                              1e-07                                                                  code  
numpy.NumpyMatrixOperator.apply_inverse.check_finite                   True                                                                   code  
numpy.NumpyMatrixOperator.apply_inverse.default_sparse_solver_backend  &apos;scipy&apos;                                                                code  
default.new_parallel_pool.allow_mpi                                    True                                                                   code  
default.new_parallel_pool.ipython_num_engines                          None                                                                   code  
default.new_parallel_pool.ipython_profile                              None                                                                   code  
floatcmp.float_cmp.atol                                                1e-14                                                                  code  
floatcmp.float_cmp.rtol                                                1e-14                                                                  code  
mpi.event_loop_settings.auto_launch                                    True                                                                   code  
random.new_random_state.seed                                           42                                                                     code  
defaults.func.c                                                        43                                                                     user  
defaults.func.d                                                        3                                                                      code  



                  defaults not affecting state id calculation                   
                  ===========================================                   

path (shortened)                     value                                source
-----------------------------------  -----------------------------------  ------
genericsolvers.solver_options.least  False                                code  
_squares_lsmr_show                                                              
genericsolvers.solver_options.least  False                                code  
_squares_lsqr_show                                                              
pyamg.solver_options.verb            False                                code  
scipy.solver_options.least_squares_  False                                code  
lsmr_show                                                                       
scipy.solver_options.least_squares_  False                                code  
lsqr_show                                                                       
cache.default_regions.disk_max_size  1073741824                           code  
cache.default_regions.disk_path      &apos;/tmp/pymor.cache.pymor&apos;             code  
cache.default_regions.memory_max_ke  1000                                 code  
ys                                                                              
cache.default_regions.persistent_ma  1073741824                           code  
x_size                                                                          
cache.default_regions.persistent_pa  &apos;/tmp/pymor.persistent.cache.pymor&apos;  code  
th                                                                              
logger.getLogger.filename            &apos;&apos;                                   code  
logger.set_log_format.block_timings  False                                code  
logger.set_log_format.indent_blocks  True                                 code  
logger.set_log_format.max_hierarchy  1                                    code  
_level                                                                          
logger.set_log_levels.levels         None                                 code  
gl.colormap_texture.name             &apos;viridis&apos;                            code  
qt.visualize_patch.backend           &apos;gl&apos;                                 code  
pprint.format_array.compact_print    False                                code  

</system-out></testcase><testcase classname="src.pymortests.core.defaults" file="src/pymortests/core/defaults.py" line="34" name="test_write_defaults_to_file" time="0.012809991836547852"><system-out>Written defaults to file /tmp/tmpf8o1bo6l/defaults.py
</system-out></testcase><testcase classname="src.pymortests.core.defaults" file="src/pymortests/core/defaults.py" line="39" name="test_load_defaults_from_file" time="0.013448715209960938"><system-out>Written defaults to file /tmp/tmp33oftdef/defaults.py
</system-out></testcase><testcase classname="src.pymortests.core.interface.Test_Interface" file="src/pymortests/core/interface.py" line="18" name="testImplementorlist" time="0.0012812614440917969"></testcase><testcase classname="src.pymortests.core.interface.Test_Interface" file="src/pymortests/core/interface.py" line="24" name="testAbstractMethods" time="0.003021717071533203"></testcase><testcase classname="src.pymortests.core.interface.Test_Interface" file="src/pymortests/core/interface.py" line="56" name="testVersion" time="0.0007612705230712891"></testcase><testcase classname="src.pymortests.core.interface" file="src/pymortests/core/interface.py" line="78" name="test_withcopy_implementors" time="0.007672548294067383"></testcase><testcase classname="src.pymortests.core.logger" file="src/pymortests/core/logger.py" line="20" name="test_logclass[RuleTable]" time="0.002978086471557617"><system-err>18:36 |WARNING|RuleTable: warning -- logger &lt;Logger pymor.algorithms.rules.RuleTable (INFO)&gt;
18:36 |ERROR|RuleTable: error -- logger &lt;Logger pymor.algorithms.rules.RuleTable (INFO)&gt;
18:36 RuleTable: info -- logger &lt;Logger pymor.algorithms.rules.RuleTable (INFO)&gt;
</system-err></testcase><testcase classname="src.pymortests.core.logger" file="src/pymortests/core/logger.py" line="20" name="test_logclass[PatchVisualizer]" time="0.0019974708557128906"><system-err>18:36 |WARNING|PatchVisualizer: warning -- logger &lt;Logger pymor.gui.visualizers.PatchVisualizer (INFO)&gt;
18:36 |ERROR|PatchVisualizer: error -- logger &lt;Logger pymor.gui.visualizers.PatchVisualizer (INFO)&gt;
18:36 PatchVisualizer: info -- logger &lt;Logger pymor.gui.visualizers.PatchVisualizer (INFO)&gt;
</system-err></testcase><testcase classname="src.pymortests.core.logger" file="src/pymortests/core/logger.py" line="20" name="test_logclass[OnedVisualizer]" time="0.0019905567169189453"><system-err>18:36 |WARNING|OnedVisualizer: warning -- logger &lt;Logger pymor.gui.visualizers.OnedVisualizer (INFO)&gt;
18:36 |ERROR|OnedVisualizer: error -- logger &lt;Logger pymor.gui.visualizers.OnedVisualizer (INFO)&gt;
18:36 OnedVisualizer: info -- logger &lt;Logger pymor.gui.visualizers.OnedVisualizer (INFO)&gt;
</system-err></testcase><testcase classname="src.pymortests.core.logger" file="src/pymortests/core/logger.py" line="20" name="test_logclass[FenicsVisualizer]" time="0.0018155574798583984"><system-err>18:36 |WARNING|FenicsVisualizer: warning -- logger &lt;Logger pymor.bindings.fenics.FenicsVisualizer (INFO)&gt;
18:36 |ERROR|FenicsVisualizer: error -- logger &lt;Logger pymor.bindings.fenics.FenicsVisualizer (INFO)&gt;
18:36 FenicsVisualizer: info -- logger &lt;Logger pymor.bindings.fenics.FenicsVisualizer (INFO)&gt;
</system-err></testcase><testcase classname="src.pymortests.core.logger" file="src/pymortests/core/logger.py" line="20" name="test_logclass[BoringTestClass]" time="0.0018420219421386719"><system-err>18:37 |WARNING|BoringTestClass: warning -- logger &lt;Logger pymortests.core.dummies.BoringTestClass (INFO)&gt;
18:37 |ERROR|BoringTestClass: error -- logger &lt;Logger pymortests.core.dummies.BoringTestClass (INFO)&gt;
18:37 BoringTestClass: info -- logger &lt;Logger pymortests.core.dummies.BoringTestClass (INFO)&gt;
</system-err></testcase><testcase classname="src.pymortests.core.logger" file="src/pymortests/core/logger.py" line="20" name="test_logclass[RemoteObjectManager]" time="0.0017731189727783203"><system-err>18:37 |WARNING|RemoteObjectManager: warning -- logger &lt;Logger pymor.parallel.manager.RemoteObjectManager (INFO)&gt;
18:37 |ERROR|RemoteObjectManager: error -- logger &lt;Logger pymor.parallel.manager.RemoteObjectManager (INFO)&gt;
18:37 RemoteObjectManager: info -- logger &lt;Logger pymor.parallel.manager.RemoteObjectManager (INFO)&gt;
</system-err></testcase><testcase classname="src.pymortests.core.logger" file="src/pymortests/core/logger.py" line="20" name="test_logclass[AdaptiveSampleSet]" time="0.0016679763793945312"><system-err>18:37 |WARNING|AdaptiveSampleSet: warning -- logger &lt;Logger pymor.algorithms.adaptivegreedy.AdaptiveSampleSet (INFO)&gt;
18:37 |ERROR|AdaptiveSampleSet: error -- logger &lt;Logger pymor.algorithms.adaptivegreedy.AdaptiveSampleSet (INFO)&gt;
18:37 AdaptiveSampleSet: info -- logger &lt;Logger pymor.algorithms.adaptivegreedy.AdaptiveSampleSet (INFO)&gt;
</system-err></testcase><testcase classname="src.pymortests.core.logger" file="src/pymortests/core/logger.py" line="20" name="test_logclass[Tree]" time="0.0022537708282470703"><system-err>18:37 |WARNING|Tree: warning -- logger &lt;Logger pymor.algorithms.hapod.Tree (INFO)&gt;
18:37 |ERROR|Tree: error -- logger &lt;Logger pymor.algorithms.hapod.Tree (INFO)&gt;
18:37 Tree: info -- logger &lt;Logger pymor.algorithms.hapod.Tree (INFO)&gt;
</system-err></testcase><testcase classname="src.pymortests.core.logger" file="src/pymortests/core/logger.py" line="20" name="test_logclass[GenericRBReductor]" time="0.0017070770263671875"><system-err>18:37 |WARNING|GenericRBReductor: warning -- logger &lt;Logger pymor.reductors.basic.GenericRBReductor (INFO)&gt;
18:37 |ERROR|GenericRBReductor: error -- logger &lt;Logger pymor.reductors.basic.GenericRBReductor (INFO)&gt;
18:37 GenericRBReductor: info -- logger &lt;Logger pymor.reductors.basic.GenericRBReductor (INFO)&gt;
</system-err></testcase><testcase classname="src.pymortests.core.logger" file="src/pymortests/core/logger.py" line="20" name="test_logclass[GenericPGReductor]" time="0.0016987323760986328"><system-err>18:37 |WARNING|GenericPGReductor: warning -- logger &lt;Logger pymor.reductors.basic.GenericPGReductor (INFO)&gt;
18:37 |ERROR|GenericPGReductor: error -- logger &lt;Logger pymor.reductors.basic.GenericPGReductor (INFO)&gt;
18:37 GenericPGReductor: info -- logger &lt;Logger pymor.reductors.basic.GenericPGReductor (INFO)&gt;
</system-err></testcase><testcase classname="src.pymortests.core.logger" file="src/pymortests/core/logger.py" line="20" name="test_logclass[GenericBTReductor]" time="0.0017330646514892578"><system-err>18:37 |WARNING|GenericBTReductor: warning -- logger &lt;Logger pymor.reductors.bt.GenericBTReductor (INFO)&gt;
18:37 |ERROR|GenericBTReductor: error -- logger &lt;Logger pymor.reductors.bt.GenericBTReductor (INFO)&gt;
18:37 GenericBTReductor: info -- logger &lt;Logger pymor.reductors.bt.GenericBTReductor (INFO)&gt;
</system-err></testcase><testcase classname="src.pymortests.core.logger" file="src/pymortests/core/logger.py" line="20" name="test_logclass[ResidualReductor]" time="0.0017080307006835938"><system-err>18:37 |WARNING|ResidualReductor: warning -- logger &lt;Logger pymor.reductors.residual.ResidualReductor (INFO)&gt;
18:37 |ERROR|ResidualReductor: error -- logger &lt;Logger pymor.reductors.residual.ResidualReductor (INFO)&gt;
18:37 ResidualReductor: info -- logger &lt;Logger pymor.reductors.residual.ResidualReductor (INFO)&gt;
</system-err></testcase><testcase classname="src.pymortests.core.logger" file="src/pymortests/core/logger.py" line="20" name="test_logclass[ImplicitEulerResidualReductor]" time="0.0016448497772216797"><system-err>18:37 |WARNING|ImplicitEulerResidualReductor: warning -- logger &lt;Logger pymor.reductors.residual.ImplicitEulerResidualReductor (INFO)&gt;
18:37 |ERROR|ImplicitEulerResidualReductor: error -- logger &lt;Logger pymor.reductors.residual.ImplicitEulerResidualReductor (INFO)&gt;
18:37 ImplicitEulerResidualReductor: info -- logger &lt;Logger pymor.reductors.residual.ImplicitEulerResidualReductor (INFO)&gt;
</system-err></testcase><testcase classname="src.pymortests.core.logger" file="src/pymortests/core/logger.py" line="20" name="test_logclass[GenericBHIReductor]" time="0.0015909671783447266"><system-err>18:37 |WARNING|GenericBHIReductor: warning -- logger &lt;Logger pymor.reductors.interpolation.GenericBHIReductor (INFO)&gt;
18:37 |ERROR|GenericBHIReductor: error -- logger &lt;Logger pymor.reductors.interpolation.GenericBHIReductor (INFO)&gt;
18:37 GenericBHIReductor: info -- logger &lt;Logger pymor.reductors.interpolation.GenericBHIReductor (INFO)&gt;
</system-err></testcase><testcase classname="src.pymortests.core.logger" file="src/pymortests/core/logger.py" line="20" name="test_logclass[TFInterpReductor]" time="0.0016636848449707031"><system-err>18:37 |WARNING|TFInterpReductor: warning -- logger &lt;Logger pymor.reductors.interpolation.TFInterpReductor (INFO)&gt;
18:37 |ERROR|TFInterpReductor: error -- logger &lt;Logger pymor.reductors.interpolation.TFInterpReductor (INFO)&gt;
18:37 TFInterpReductor: info -- logger &lt;Logger pymor.reductors.interpolation.TFInterpReductor (INFO)&gt;
</system-err></testcase><testcase classname="src.pymortests.core.logger" file="src/pymortests/core/logger.py" line="20" name="test_logclass[IRKAReductor]" time="0.0016560554504394531"><system-err>18:37 |WARNING|IRKAReductor: warning -- logger &lt;Logger pymor.reductors.h2.IRKAReductor (INFO)&gt;
18:37 |ERROR|IRKAReductor: error -- logger &lt;Logger pymor.reductors.h2.IRKAReductor (INFO)&gt;
18:37 IRKAReductor: info -- logger &lt;Logger pymor.reductors.h2.IRKAReductor (INFO)&gt;
</system-err></testcase><testcase classname="src.pymortests.core.logger" file="src/pymortests/core/logger.py" line="20" name="test_logclass[TSIAReductor]" time="0.001619100570678711"><system-err>18:37 |WARNING|TSIAReductor: warning -- logger &lt;Logger pymor.reductors.h2.TSIAReductor (INFO)&gt;
18:37 |ERROR|TSIAReductor: error -- logger &lt;Logger pymor.reductors.h2.TSIAReductor (INFO)&gt;
18:37 TSIAReductor: info -- logger &lt;Logger pymor.reductors.h2.TSIAReductor (INFO)&gt;
</system-err></testcase><testcase classname="src.pymortests.core.logger" file="src/pymortests/core/logger.py" line="20" name="test_logclass[TF_IRKAReductor]" time="0.0016651153564453125"><system-err>18:37 |WARNING|TF_IRKAReductor: warning -- logger &lt;Logger pymor.reductors.h2.TF_IRKAReductor (INFO)&gt;
18:37 |ERROR|TF_IRKAReductor: error -- logger &lt;Logger pymor.reductors.h2.TF_IRKAReductor (INFO)&gt;
18:37 TF_IRKAReductor: info -- logger &lt;Logger pymor.reductors.h2.TF_IRKAReductor (INFO)&gt;
</system-err></testcase><testcase classname="src.pymortests.core.logger" file="src/pymortests/core/logger.py" line="20" name="test_logclass[GenericSOBTpvReductor]" time="0.0016179084777832031"><system-err>18:37 |WARNING|GenericSOBTpvReductor: warning -- logger &lt;Logger pymor.reductors.sobt.GenericSOBTpvReductor (INFO)&gt;
18:37 |ERROR|GenericSOBTpvReductor: error -- logger &lt;Logger pymor.reductors.sobt.GenericSOBTpvReductor (INFO)&gt;
18:37 GenericSOBTpvReductor: info -- logger &lt;Logger pymor.reductors.sobt.GenericSOBTpvReductor (INFO)&gt;
</system-err></testcase><testcase classname="src.pymortests.core.logger" file="src/pymortests/core/logger.py" line="20" name="test_logclass[SOBTfvReductor]" time="0.0016279220581054688"><system-err>18:37 |WARNING|SOBTfvReductor: warning -- logger &lt;Logger pymor.reductors.sobt.SOBTfvReductor (INFO)&gt;
18:37 |ERROR|SOBTfvReductor: error -- logger &lt;Logger pymor.reductors.sobt.SOBTfvReductor (INFO)&gt;
18:37 SOBTfvReductor: info -- logger &lt;Logger pymor.reductors.sobt.SOBTfvReductor (INFO)&gt;
</system-err></testcase><testcase classname="src.pymortests.core.logger" file="src/pymortests/core/logger.py" line="20" name="test_logclass[SOBTReductor]" time="0.0016400814056396484"><system-err>18:37 |WARNING|SOBTReductor: warning -- logger &lt;Logger pymor.reductors.sobt.SOBTReductor (INFO)&gt;
18:37 |ERROR|SOBTReductor: error -- logger &lt;Logger pymor.reductors.sobt.SOBTReductor (INFO)&gt;
18:37 SOBTReductor: info -- logger &lt;Logger pymor.reductors.sobt.SOBTReductor (INFO)&gt;
</system-err></testcase><testcase classname="src.pymortests.core.logger" file="src/pymortests/core/logger.py" line="20" name="test_logclass[SOR_IRKAReductor]" time="0.0016262531280517578"><system-err>18:37 |WARNING|SOR_IRKAReductor: warning -- logger &lt;Logger pymor.reductors.sor_irka.SOR_IRKAReductor (INFO)&gt;
18:37 |ERROR|SOR_IRKAReductor: error -- logger &lt;Logger pymor.reductors.sor_irka.SOR_IRKAReductor (INFO)&gt;
18:37 SOR_IRKAReductor: info -- logger &lt;Logger pymor.reductors.sor_irka.SOR_IRKAReductor (INFO)&gt;
</system-err></testcase><testcase classname="src.pymortests.core.logger" file="src/pymortests/core/logger.py" line="20" name="test_logclass[new_ipcluster_pool]" time="0.0016617774963378906"><system-err>18:37 |WARNING|new_ipcluster_pool: warning -- logger &lt;Logger pymor.parallel.ipython.new_ipcluster_pool (INFO)&gt;
18:37 |ERROR|new_ipcluster_pool: error -- logger &lt;Logger pymor.parallel.ipython.new_ipcluster_pool (INFO)&gt;
18:37 new_ipcluster_pool: info -- logger &lt;Logger pymor.parallel.ipython.new_ipcluster_pool (INFO)&gt;
</system-err></testcase><testcase classname="src.pymortests.core.logger" file="src/pymortests/core/logger.py" line="20" name="test_logclass[StationaryProblem]" time="0.0016255378723144531"><system-err>18:37 |WARNING|StationaryProblem: warning -- logger &lt;Logger pymor.analyticalproblems.elliptic.StationaryProblem (INFO)&gt;
18:37 |ERROR|StationaryProblem: error -- logger &lt;Logger pymor.analyticalproblems.elliptic.StationaryProblem (INFO)&gt;
18:37 StationaryProblem: info -- logger &lt;Logger pymor.analyticalproblems.elliptic.StationaryProblem (INFO)&gt;
</system-err></testcase><testcase classname="src.pymortests.core.logger" file="src/pymortests/core/logger.py" line="20" name="test_logclass[InstationaryProblem]" time="0.0016016960144042969"><system-err>18:37 |WARNING|InstationaryProblem: warning -- logger &lt;Logger pymor.analyticalproblems.instationary.InstationaryProblem (INFO)&gt;
18:37 |ERROR|InstationaryProblem: error -- logger &lt;Logger pymor.analyticalproblems.instationary.InstationaryProblem (INFO)&gt;
18:37 InstationaryProblem: info -- logger &lt;Logger pymor.analyticalproblems.instationary.InstationaryProblem (INFO)&gt;
</system-err></testcase><testcase classname="src.pymortests.core.logger" file="src/pymortests/core/logger.py" line="20" name="test_logclass[InducedNorm]" time="0.0015938282012939453"><system-err>18:37 |WARNING|InducedNorm: warning -- logger &lt;Logger pymor.operators.constructions.InducedNorm (INFO)&gt;
18:37 |ERROR|InducedNorm: error -- logger &lt;Logger pymor.operators.constructions.InducedNorm (INFO)&gt;
18:37 InducedNorm: info -- logger &lt;Logger pymor.operators.constructions.InducedNorm (INFO)&gt;
</system-err></testcase><testcase classname="src.pymortests.core.logger" file="src/pymortests/core/logger.py" line="20" name="test_logclass[NGSolveVisualizer]" time="0.0017156600952148438"><system-err>18:37 |WARNING|NGSolveVisualizer: warning -- logger &lt;Logger pymor.bindings.ngsolve.NGSolveVisualizer (INFO)&gt;
18:37 |ERROR|NGSolveVisualizer: error -- logger &lt;Logger pymor.bindings.ngsolve.NGSolveVisualizer (INFO)&gt;
18:37 NGSolveVisualizer: info -- logger &lt;Logger pymor.bindings.ngsolve.NGSolveVisualizer (INFO)&gt;
</system-err></testcase><testcase classname="src.pymortests.core.logger" file="src/pymortests/core/logger.py" line="20" name="test_logclass[CoerciveRBEstimator]" time="0.0015876293182373047"><system-err>18:37 |WARNING|CoerciveRBEstimator: warning -- logger &lt;Logger pymor.reductors.coercive.CoerciveRBEstimator (INFO)&gt;
18:37 |ERROR|CoerciveRBEstimator: error -- logger &lt;Logger pymor.reductors.coercive.CoerciveRBEstimator (INFO)&gt;
18:37 CoerciveRBEstimator: info -- logger &lt;Logger pymor.reductors.coercive.CoerciveRBEstimator (INFO)&gt;
</system-err></testcase><testcase classname="src.pymortests.core.logger" file="src/pymortests/core/logger.py" line="20" name="test_logclass[SimpleCoerciveRBEstimator]" time="0.0016167163848876953"><system-err>18:37 |WARNING|SimpleCoerciveRBEstimator: warning -- logger &lt;Logger pymor.reductors.coercive.SimpleCoerciveRBEstimator (INFO)&gt;
18:37 |ERROR|SimpleCoerciveRBEstimator: error -- logger &lt;Logger pymor.reductors.coercive.SimpleCoerciveRBEstimator (INFO)&gt;
18:37 SimpleCoerciveRBEstimator: info -- logger &lt;Logger pymor.reductors.coercive.SimpleCoerciveRBEstimator (INFO)&gt;
</system-err></testcase><testcase classname="src.pymortests.core.logger" file="src/pymortests/core/logger.py" line="20" name="test_logclass[ParabolicRBEstimator]" time="0.0018839836120605469"><system-err>18:37 |WARNING|ParabolicRBEstimator: warning -- logger &lt;Logger pymor.reductors.parabolic.ParabolicRBEstimator (INFO)&gt;
18:37 |ERROR|ParabolicRBEstimator: error -- logger &lt;Logger pymor.reductors.parabolic.ParabolicRBEstimator (INFO)&gt;
18:37 ParabolicRBEstimator: info -- logger &lt;Logger pymor.reductors.parabolic.ParabolicRBEstimator (INFO)&gt;
</system-err></testcase><testcase classname="src.pymortests.core.logger" file="src/pymortests/core/logger.py" line="20" name="test_logclass[MPIVisualizer]" time="0.0017161369323730469"><system-err>18:37 |WARNING|MPIVisualizer: warning -- logger &lt;Logger pymor.discretizations.mpi.MPIVisualizer (INFO)&gt;
18:37 |ERROR|MPIVisualizer: error -- logger &lt;Logger pymor.discretizations.mpi.MPIVisualizer (INFO)&gt;
18:37 MPIVisualizer: info -- logger &lt;Logger pymor.discretizations.mpi.MPIVisualizer (INFO)&gt;
</system-err></testcase><testcase classname="src.pymortests.core.logger" file="src/pymortests/core/logger.py" line="20" name="test_logclass[NumpyVectorArray]" time="0.001598358154296875"><system-err>18:37 |WARNING|NumpyVectorArray: warning -- logger &lt;Logger pymor.vectorarrays.numpy.NumpyVectorArray (INFO)&gt;
18:37 |ERROR|NumpyVectorArray: error -- logger &lt;Logger pymor.vectorarrays.numpy.NumpyVectorArray (INFO)&gt;
18:37 NumpyVectorArray: info -- logger &lt;Logger pymor.vectorarrays.numpy.NumpyVectorArray (INFO)&gt;
</system-err></testcase><testcase classname="src.pymortests.core.logger" file="src/pymortests/core/logger.py" line="20" name="test_logclass[BlockVectorArray]" time="0.0016279220581054688"><system-err>18:37 |WARNING|BlockVectorArray: warning -- logger &lt;Logger pymor.vectorarrays.block.BlockVectorArray (INFO)&gt;
18:37 |ERROR|BlockVectorArray: error -- logger &lt;Logger pymor.vectorarrays.block.BlockVectorArray (INFO)&gt;
18:37 BlockVectorArray: info -- logger &lt;Logger pymor.vectorarrays.block.BlockVectorArray (INFO)&gt;
</system-err></testcase><testcase classname="src.pymortests.core.logger" file="src/pymortests/core/logger.py" line="20" name="test_logclass[ListVectorArray]" time="0.0016210079193115234"><system-err>18:37 |WARNING|ListVectorArray: warning -- logger &lt;Logger pymor.vectorarrays.list.ListVectorArray (INFO)&gt;
18:37 |ERROR|ListVectorArray: error -- logger &lt;Logger pymor.vectorarrays.list.ListVectorArray (INFO)&gt;
18:37 ListVectorArray: info -- logger &lt;Logger pymor.vectorarrays.list.ListVectorArray (INFO)&gt;
</system-err></testcase><testcase classname="src.pymortests.core.logger" file="src/pymortests/core/logger.py" line="20" name="test_logclass[MPIVectorArray]" time="0.0016407966613769531"><system-err>18:37 |WARNING|MPIVectorArray: warning -- logger &lt;Logger pymor.vectorarrays.mpi.MPIVectorArray (INFO)&gt;
18:37 |ERROR|MPIVectorArray: error -- logger &lt;Logger pymor.vectorarrays.mpi.MPIVectorArray (INFO)&gt;
18:37 MPIVectorArray: info -- logger &lt;Logger pymor.vectorarrays.mpi.MPIVectorArray (INFO)&gt;
</system-err></testcase><testcase classname="src.pymortests.core.logger" file="src/pymortests/core/logger.py" line="20" name="test_logclass[PreAssembleRules]" time="0.0015985965728759766"><system-err>18:37 |WARNING|PreAssembleRules: warning -- logger &lt;Logger pymor.algorithms.preassemble.PreAssembleRules (INFO)&gt;
18:37 |ERROR|PreAssembleRules: error -- logger &lt;Logger pymor.algorithms.preassemble.PreAssembleRules (INFO)&gt;
18:37 PreAssembleRules: info -- logger &lt;Logger pymor.algorithms.preassemble.PreAssembleRules (INFO)&gt;
</system-err></testcase><testcase classname="src.pymortests.core.logger" file="src/pymortests/core/logger.py" line="20" name="test_logclass[ProjectRules]" time="0.0016417503356933594"><system-err>18:37 |WARNING|ProjectRules: warning -- logger &lt;Logger pymor.algorithms.projection.ProjectRules (INFO)&gt;
18:37 |ERROR|ProjectRules: error -- logger &lt;Logger pymor.algorithms.projection.ProjectRules (INFO)&gt;
18:37 ProjectRules: info -- logger &lt;Logger pymor.algorithms.projection.ProjectRules (INFO)&gt;
</system-err></testcase><testcase classname="src.pymortests.core.logger" file="src/pymortests/core/logger.py" line="20" name="test_logclass[ProjectToSubbasisRules]" time="0.0016124248504638672"><system-err>18:37 |WARNING|ProjectToSubbasisRules: warning -- logger &lt;Logger pymor.algorithms.projection.ProjectToSubbasisRules (INFO)&gt;
18:37 |ERROR|ProjectToSubbasisRules: error -- logger &lt;Logger pymor.algorithms.projection.ProjectToSubbasisRules (INFO)&gt;
18:37 ProjectToSubbasisRules: info -- logger &lt;Logger pymor.algorithms.projection.ProjectToSubbasisRules (INFO)&gt;
</system-err></testcase><testcase classname="src.pymortests.core.logger" file="src/pymortests/core/logger.py" line="20" name="test_logclass[ToMatrixRules]" time="0.0016307830810546875"><system-err>18:37 |WARNING|ToMatrixRules: warning -- logger &lt;Logger pymor.algorithms.to_matrix.ToMatrixRules (INFO)&gt;
18:37 |ERROR|ToMatrixRules: error -- logger &lt;Logger pymor.algorithms.to_matrix.ToMatrixRules (INFO)&gt;
18:37 ToMatrixRules: info -- logger &lt;Logger pymor.algorithms.to_matrix.ToMatrixRules (INFO)&gt;
</system-err></testcase><testcase classname="src.pymortests.core.logger" file="src/pymortests/core/logger.py" line="20" name="test_logclass[CollectOperatorRangeRules]" time="0.0019538402557373047"><system-err>18:37 |WARNING|CollectOperatorRangeRules: warning -- logger &lt;Logger pymor.algorithms.image.CollectOperatorRangeRules (INFO)&gt;
18:37 |ERROR|CollectOperatorRangeRules: error -- logger &lt;Logger pymor.algorithms.image.CollectOperatorRangeRules (INFO)&gt;
18:37 CollectOperatorRangeRules: info -- logger &lt;Logger pymor.algorithms.image.CollectOperatorRangeRules (INFO)&gt;
</system-err></testcase><testcase classname="src.pymortests.core.logger" file="src/pymortests/core/logger.py" line="20" name="test_logclass[CollectVectorRangeRules]" time="0.0016326904296875"><system-err>18:37 |WARNING|CollectVectorRangeRules: warning -- logger &lt;Logger pymor.algorithms.image.CollectVectorRangeRules (INFO)&gt;
18:37 |ERROR|CollectVectorRangeRules: error -- logger &lt;Logger pymor.algorithms.image.CollectVectorRangeRules (INFO)&gt;
18:37 CollectVectorRangeRules: info -- logger &lt;Logger pymor.algorithms.image.CollectVectorRangeRules (INFO)&gt;
</system-err></testcase><testcase classname="src.pymortests.core.logger" file="src/pymortests/core/logger.py" line="20" name="test_logclass[CopyOnWriteVector]" time="0.0016450881958007812"><system-err>18:37 |WARNING|CopyOnWriteVector: warning -- logger &lt;Logger pymor.vectorarrays.list.CopyOnWriteVector (INFO)&gt;
18:37 |ERROR|CopyOnWriteVector: error -- logger &lt;Logger pymor.vectorarrays.list.CopyOnWriteVector (INFO)&gt;
18:37 CopyOnWriteVector: info -- logger &lt;Logger pymor.vectorarrays.list.CopyOnWriteVector (INFO)&gt;
</system-err></testcase><testcase classname="src.pymortests.core.logger" file="src/pymortests/core/logger.py" line="20" name="test_logclass[AllDirichletBoundaryInfo]" time="0.001638174057006836"><system-err>18:37 |WARNING|AllDirichletBoundaryInfo: warning -- logger &lt;Logger pymortests.core.dummies.AllDirichletBoundaryInfo (INFO)&gt;
18:37 |ERROR|AllDirichletBoundaryInfo: error -- logger &lt;Logger pymortests.core.dummies.AllDirichletBoundaryInfo (INFO)&gt;
18:37 AllDirichletBoundaryInfo: info -- logger &lt;Logger pymortests.core.dummies.AllDirichletBoundaryInfo (INFO)&gt;
</system-err></testcase><testcase classname="src.pymortests.core.logger" file="src/pymortests/core/logger.py" line="20" name="test_logclass[StupidImplementer]" time="0.0016164779663085938"><system-err>18:37 |WARNING|StupidImplementer: warning -- logger &lt;Logger pymortests.core.dummies.StupidImplementer (INFO)&gt;
18:37 |ERROR|StupidImplementer: error -- logger &lt;Logger pymortests.core.dummies.StupidImplementer (INFO)&gt;
18:37 StupidImplementer: info -- logger &lt;Logger pymortests.core.dummies.StupidImplementer (INFO)&gt;
</system-err></testcase><testcase classname="src.pymortests.core.logger" file="src/pymortests/core/logger.py" line="20" name="test_logclass[AverageImplementer0]" time="0.001589059829711914"><system-err>18:37 |WARNING|AverageImplementer: warning -- logger &lt;Logger pymortests.core.dummies.AverageImplementer (INFO)&gt;
18:37 |ERROR|AverageImplementer: error -- logger &lt;Logger pymortests.core.dummies.AverageImplementer (INFO)&gt;
18:37 AverageImplementer: info -- logger &lt;Logger pymortests.core.dummies.AverageImplementer (INFO)&gt;
</system-err></testcase><testcase classname="src.pymortests.core.logger" file="src/pymortests/core/logger.py" line="20" name="test_logclass[FailImplementer]" time="0.0016779899597167969"><system-err>18:37 |WARNING|FailImplementer: warning -- logger &lt;Logger pymortests.core.dummies.FailImplementer (INFO)&gt;
18:37 |ERROR|FailImplementer: error -- logger &lt;Logger pymortests.core.dummies.FailImplementer (INFO)&gt;
18:37 FailImplementer: info -- logger &lt;Logger pymortests.core.dummies.FailImplementer (INFO)&gt;
</system-err></testcase><testcase classname="src.pymortests.core.logger" file="src/pymortests/core/logger.py" line="20" name="test_logclass[AverageImplementer1]" time="0.0016434192657470703"><system-err>18:37 |WARNING|AverageImplementer: warning -- logger &lt;Logger pymortests.core.dummies.AverageImplementer (INFO)&gt;
18:37 |ERROR|AverageImplementer: error -- logger &lt;Logger pymortests.core.dummies.AverageImplementer (INFO)&gt;
18:37 AverageImplementer: info -- logger &lt;Logger pymortests.core.dummies.AverageImplementer (INFO)&gt;
</system-err></testcase><testcase classname="src.pymortests.core.logger" file="src/pymortests/core/logger.py" line="20" name="test_logclass[DummyPool]" time="0.001644134521484375"><system-err>18:37 |WARNING|DummyPool: warning -- logger &lt;Logger pymor.parallel.dummy.DummyPool (INFO)&gt;
18:37 |ERROR|DummyPool: error -- logger &lt;Logger pymor.parallel.dummy.DummyPool (INFO)&gt;
18:37 DummyPool: info -- logger &lt;Logger pymor.parallel.dummy.DummyPool (INFO)&gt;
</system-err></testcase><testcase classname="src.pymortests.core.logger" file="src/pymortests/core/logger.py" line="20" name="test_logclass[WorkerPoolBase]" time="0.0016217231750488281"><system-err>18:37 |WARNING|WorkerPoolBase: warning -- logger &lt;Logger pymor.parallel.basic.WorkerPoolBase (INFO)&gt;
18:37 |ERROR|WorkerPoolBase: error -- logger &lt;Logger pymor.parallel.basic.WorkerPoolBase (INFO)&gt;
18:37 WorkerPoolBase: info -- logger &lt;Logger pymor.parallel.basic.WorkerPoolBase (INFO)&gt;
</system-err></testcase><testcase classname="src.pymortests.core.logger" file="src/pymortests/core/logger.py" line="20" name="test_logclass[IncHAPODTree]" time="0.0017571449279785156"><system-err>18:37 |WARNING|IncHAPODTree: warning -- logger &lt;Logger pymor.algorithms.hapod.IncHAPODTree (INFO)&gt;
18:37 |ERROR|IncHAPODTree: error -- logger &lt;Logger pymor.algorithms.hapod.IncHAPODTree (INFO)&gt;
18:37 IncHAPODTree: info -- logger &lt;Logger pymor.algorithms.hapod.IncHAPODTree (INFO)&gt;
</system-err></testcase><testcase classname="src.pymortests.core.logger" file="src/pymortests/core/logger.py" line="20" name="test_logclass[DistHAPODTree]" time="0.0016262531280517578"><system-err>18:37 |WARNING|DistHAPODTree: warning -- logger &lt;Logger pymor.algorithms.hapod.DistHAPODTree (INFO)&gt;
18:37 |ERROR|DistHAPODTree: error -- logger &lt;Logger pymor.algorithms.hapod.DistHAPODTree (INFO)&gt;
18:37 DistHAPODTree: info -- logger &lt;Logger pymor.algorithms.hapod.DistHAPODTree (INFO)&gt;
</system-err></testcase><testcase classname="src.pymortests.core.logger" file="src/pymortests/core/logger.py" line="20" name="test_logclass[CoerciveRBReductor]" time="0.0018565654754638672"><system-err>18:37 |WARNING|CoerciveRBReductor: warning -- logger &lt;Logger pymor.reductors.coercive.CoerciveRBReductor (INFO)&gt;
18:37 |ERROR|CoerciveRBReductor: error -- logger &lt;Logger pymor.reductors.coercive.CoerciveRBReductor (INFO)&gt;
18:37 CoerciveRBReductor: info -- logger &lt;Logger pymor.reductors.coercive.CoerciveRBReductor (INFO)&gt;
</system-err></testcase><testcase classname="src.pymortests.core.logger" file="src/pymortests/core/logger.py" line="20" name="test_logclass[SimpleCoerciveRBReductor]" time="0.0017108917236328125"><system-err>18:37 |WARNING|SimpleCoerciveRBReductor: warning -- logger &lt;Logger pymor.reductors.coercive.SimpleCoerciveRBReductor (INFO)&gt;
18:37 |ERROR|SimpleCoerciveRBReductor: error -- logger &lt;Logger pymor.reductors.coercive.SimpleCoerciveRBReductor (INFO)&gt;
18:37 SimpleCoerciveRBReductor: info -- logger &lt;Logger pymor.reductors.coercive.SimpleCoerciveRBReductor (INFO)&gt;
</system-err></testcase><testcase classname="src.pymortests.core.logger" file="src/pymortests/core/logger.py" line="20" name="test_logclass[ParabolicRBReductor]" time="0.0016629695892333984"><system-err>18:37 |WARNING|ParabolicRBReductor: warning -- logger &lt;Logger pymor.reductors.parabolic.ParabolicRBReductor (INFO)&gt;
18:37 |ERROR|ParabolicRBReductor: error -- logger &lt;Logger pymor.reductors.parabolic.ParabolicRBReductor (INFO)&gt;
18:37 ParabolicRBReductor: info -- logger &lt;Logger pymor.reductors.parabolic.ParabolicRBReductor (INFO)&gt;
</system-err></testcase><testcase classname="src.pymortests.core.logger" file="src/pymortests/core/logger.py" line="20" name="test_logclass[BTReductor]" time="0.0016632080078125"><system-err>18:37 |WARNING|BTReductor: warning -- logger &lt;Logger pymor.reductors.bt.BTReductor (INFO)&gt;
18:37 |ERROR|BTReductor: error -- logger &lt;Logger pymor.reductors.bt.BTReductor (INFO)&gt;
18:37 BTReductor: info -- logger &lt;Logger pymor.reductors.bt.BTReductor (INFO)&gt;
</system-err></testcase><testcase classname="src.pymortests.core.logger" file="src/pymortests/core/logger.py" line="20" name="test_logclass[LQGBTReductor]" time="0.0016179084777832031"><system-err>18:37 |WARNING|LQGBTReductor: warning -- logger &lt;Logger pymor.reductors.bt.LQGBTReductor (INFO)&gt;
18:37 |ERROR|LQGBTReductor: error -- logger &lt;Logger pymor.reductors.bt.LQGBTReductor (INFO)&gt;
18:37 LQGBTReductor: info -- logger &lt;Logger pymor.reductors.bt.LQGBTReductor (INFO)&gt;
</system-err></testcase><testcase classname="src.pymortests.core.logger" file="src/pymortests/core/logger.py" line="20" name="test_logclass[BRBTReductor]" time="0.0016639232635498047"><system-err>18:37 |WARNING|BRBTReductor: warning -- logger &lt;Logger pymor.reductors.bt.BRBTReductor (INFO)&gt;
18:37 |ERROR|BRBTReductor: error -- logger &lt;Logger pymor.reductors.bt.BRBTReductor (INFO)&gt;
18:37 BRBTReductor: info -- logger &lt;Logger pymor.reductors.bt.BRBTReductor (INFO)&gt;
</system-err></testcase><testcase classname="src.pymortests.core.logger" file="src/pymortests/core/logger.py" line="20" name="test_logclass[LTI_BHIReductor]" time="0.001653909683227539"><system-err>18:37 |WARNING|LTI_BHIReductor: warning -- logger &lt;Logger pymor.reductors.interpolation.LTI_BHIReductor (INFO)&gt;
18:37 |ERROR|LTI_BHIReductor: error -- logger &lt;Logger pymor.reductors.interpolation.LTI_BHIReductor (INFO)&gt;
18:37 LTI_BHIReductor: info -- logger &lt;Logger pymor.reductors.interpolation.LTI_BHIReductor (INFO)&gt;
</system-err></testcase><testcase classname="src.pymortests.core.logger" file="src/pymortests/core/logger.py" line="20" name="test_logclass[SO_BHIReductor]" time="0.0016832351684570312"><system-err>18:37 |WARNING|SO_BHIReductor: warning -- logger &lt;Logger pymor.reductors.interpolation.SO_BHIReductor (INFO)&gt;
18:37 |ERROR|SO_BHIReductor: error -- logger &lt;Logger pymor.reductors.interpolation.SO_BHIReductor (INFO)&gt;
18:37 SO_BHIReductor: info -- logger &lt;Logger pymor.reductors.interpolation.SO_BHIReductor (INFO)&gt;
</system-err></testcase><testcase classname="src.pymortests.core.logger" file="src/pymortests/core/logger.py" line="20" name="test_logclass[DelayBHIReductor]" time="0.0016512870788574219"><system-err>18:37 |WARNING|DelayBHIReductor: warning -- logger &lt;Logger pymor.reductors.interpolation.DelayBHIReductor (INFO)&gt;
18:37 |ERROR|DelayBHIReductor: error -- logger &lt;Logger pymor.reductors.interpolation.DelayBHIReductor (INFO)&gt;
18:37 DelayBHIReductor: info -- logger &lt;Logger pymor.reductors.interpolation.DelayBHIReductor (INFO)&gt;
</system-err></testcase><testcase classname="src.pymortests.core.logger" file="src/pymortests/core/logger.py" line="20" name="test_logclass[SOBTpReductor]" time="0.0019791126251220703"><system-err>18:37 |WARNING|SOBTpReductor: warning -- logger &lt;Logger pymor.reductors.sobt.SOBTpReductor (INFO)&gt;
18:37 |ERROR|SOBTpReductor: error -- logger &lt;Logger pymor.reductors.sobt.SOBTpReductor (INFO)&gt;
18:37 SOBTpReductor: info -- logger &lt;Logger pymor.reductors.sobt.SOBTpReductor (INFO)&gt;
</system-err></testcase><testcase classname="src.pymortests.core.logger" file="src/pymortests/core/logger.py" line="20" name="test_logclass[SOBTvReductor]" time="0.0017659664154052734"><system-err>18:37 |WARNING|SOBTvReductor: warning -- logger &lt;Logger pymor.reductors.sobt.SOBTvReductor (INFO)&gt;
18:37 |ERROR|SOBTvReductor: error -- logger &lt;Logger pymor.reductors.sobt.SOBTvReductor (INFO)&gt;
18:37 SOBTvReductor: info -- logger &lt;Logger pymor.reductors.sobt.SOBTvReductor (INFO)&gt;
</system-err></testcase><testcase classname="src.pymortests.core.logger" file="src/pymortests/core/logger.py" line="20" name="test_logclass[SOBTpvReductor]" time="0.0016183853149414062"><system-err>18:37 |WARNING|SOBTpvReductor: warning -- logger &lt;Logger pymor.reductors.sobt.SOBTpvReductor (INFO)&gt;
18:37 |ERROR|SOBTpvReductor: error -- logger &lt;Logger pymor.reductors.sobt.SOBTpvReductor (INFO)&gt;
18:37 SOBTpvReductor: info -- logger &lt;Logger pymor.reductors.sobt.SOBTpvReductor (INFO)&gt;
</system-err></testcase><testcase classname="src.pymortests.core.logger" file="src/pymortests/core/logger.py" line="20" name="test_logclass[SOBTvpReductor]" time="0.0016565322875976562"><system-err>18:37 |WARNING|SOBTvpReductor: warning -- logger &lt;Logger pymor.reductors.sobt.SOBTvpReductor (INFO)&gt;
18:37 |ERROR|SOBTvpReductor: error -- logger &lt;Logger pymor.reductors.sobt.SOBTvpReductor (INFO)&gt;
18:37 SOBTvpReductor: info -- logger &lt;Logger pymor.reductors.sobt.SOBTvpReductor (INFO)&gt;
</system-err></testcase></testsuite>